{"(1, 0)": {"explain_plan": {"Plan": {"Node Type": "Aggregate", "Strategy": "Plain", "Startup Cost": 90336.25, "Total Cost": 90336.26, "Plan Rows": 1, "Plan Width": 97, "Plans": [{"Node Type": "Nested Loop", "Parent Relationship": "Outer", "Join Type": "Inner", "Startup Cost": 5982.08, "Total Cost": 90333.02, "Plan Rows": 646, "Plan Width": 33, "Inner Unique": true, "Plans": [{"Node Type": "Nested Loop", "Parent Relationship": "Outer", "Join Type": "Inner", "Startup Cost": 5982.08, "Total Cost": 89957.48, "Plan Rows": 645, "Plan Width": 41, "Inner Unique": false, "Plans": [{"Node Type": "Nested Loop", "Parent Relationship": "Outer", "Join Type": "Inner", "Startup Cost": 5982.08, "Total Cost": 89503.27, "Plan Rows": 532, "Plan Width": 21, "Inner Unique": false, "Join Filter": "(ci.role_id = rt.id)", "Plans": [{"Node Type": "Seq Scan", "Parent Relationship": "Outer", "Relation Name": "role_type", "Alias": "rt", "Startup Cost": 0.0, "Total Cost": 1.15, "Plan Rows": 1, "Plan Width": 4, "Filter": "((role)::text = 'actress'::text)"}, {"Node Type": "Nested Loop", "Parent Relationship": "Inner", "Join Type": "Inner", "Startup Cost": 5982.08, "Total Cost": 89429.03, "Plan Rows": 5847, "Plan Width": 25, "Inner Unique": false, "Plans": [{"Node Type": "Nested Loop", "Parent Relationship": "Outer", "Join Type": "Inner", "Startup Cost": 5982.08, "Total Cost": 83686.44, "Plan Rows": 5775, "Plan Width": 25, "Inner Unique": true, "Plans": [{"Node Type": "Hash Join", "Parent Relationship": "Outer", "Join Type": "Inner", "Startup Cost": 5982.08, "Total Cost": 61039.34, "Plan Rows": 5775, "Plan Width": 4, "Inner Unique": true, "Hash Cond": "(mc.company_id = cn.id)", "Plans": [{"Node Type": "Seq Scan", "Parent Relationship": "Outer", "Relation Name": "movie_companies", "Alias": "mc", "Startup Cost": 0.0, "Total Cost": 54862.92, "Plan Rows": 36426, "Plan Width": 8, "Filter": "(((note)::text ~~ '%(Japan)%'::text) AND ((note)::text !~~ '%(USA)%'::text))"}, {"Node Type": "Hash", "Parent Relationship": "Inner", "Startup Cost": 5903.45, "Total Cost": 5903.45, "Plan Rows": 6290, "Plan Width": 4, "Plans": [{"Node Type": "Seq Scan", "Parent Relationship": "Outer", "Relation Name": "company_name", "Alias": "cn", "Startup Cost": 0.0, "Total Cost": 5903.45, "Plan Rows": 6290, "Plan Width": 4, "Filter": "((country_code)::text = '[jp]'::text)"}]}]}, {"Node Type": "Index Scan", "Parent Relationship": "Inner", "Scan Direction": "Forward", "Index Name": "title_pkey", "Relation Name": "title", "Alias": "t", "Startup Cost": 0.0, "Total Cost": 3.91, "Plan Rows": 1, "Plan Width": 21, "Index Cond": "(id = mc.movie_id)"}]}, {"Node Type": "Index Scan", "Parent Relationship": "Inner", "Scan Direction": "Forward", "Index Name": "movie_id_cast_info", "Relation Name": "cast_info", "Alias": "ci", "Startup Cost": 0.0, "Total Cost": 0.98, "Plan Rows": 1, "Plan Width": 12, "Index Cond": "(movie_id = t.id)", "Filter": "((note)::text = '(voice: English version)'::text)"}]}]}, {"Node Type": "Index Scan", "Parent Relationship": "Inner", "Scan Direction": "Forward", "Index Name": "person_id_aka_name", "Relation Name": "aka_name", "Alias": "an1", "Startup Cost": 0.0, "Total Cost": 0.84, "Plan Rows": 1, "Plan Width": 20, "Index Cond": "(person_id = ci.person_id)"}]}, {"Node Type": "Index Scan", "Parent Relationship": "Inner", "Scan Direction": "Forward", "Index Name": "name_pkey", "Relation Name": "name", "Alias": "n1", "Startup Cost": 0.0, "Total Cost": 0.57, "Plan Rows": 1, "Plan Width": 4, "Index Cond": "(id = an1.person_id)", "Filter": "(((name)::text ~~ '%Yo%'::text) AND ((name)::text !~~ '%Yu%'::text))"}]}]}, "Unique SQL Id": 3544391839, "Planner Runtime": 31}, "explain_analyze_plan": {"Plan": {"Node Type": "Aggregate", "Strategy": "Plain", "Startup Cost": 90336.25, "Total Cost": 90336.26, "Plan Rows": 1, "Plan Width": 97, "Actual Startup Time": 4182.688, "Actual Total Time": 4182.689, "Actual Rows": 1, "Actual Loops": 1, "Plans": [{"Node Type": "Nested Loop", "Parent Relationship": "Outer", "Join Type": "Inner", "Startup Cost": 5982.08, "Total Cost": 90333.02, "Plan Rows": 646, "Plan Width": 33, "Actual Startup Time": 391.898, "Actual Total Time": 4182.444, "Actual Rows": 62, "Actual Loops": 1, "Inner Unique": true, "Plans": [{"Node Type": "Nested Loop", "Parent Relationship": "Outer", "Join Type": "Inner", "Startup Cost": 5982.08, "Total Cost": 89957.48, "Plan Rows": 645, "Plan Width": 41, "Actual Startup Time": 89.255, "Actual Total Time": 4108.999, "Actual Rows": 17379, "Actual Loops": 1, "Inner Unique": false, "Plans": [{"Node Type": "Nested Loop", "Parent Relationship": "Outer", "Join Type": "Inner", "Startup Cost": 5982.08, "Total Cost": 89503.27, "Plan Rows": 532, "Plan Width": 21, "Actual Startup Time": 89.232, "Actual Total Time": 4061.735, "Actual Rows": 7438, "Actual Loops": 1, "Inner Unique": false, "Join Filter": "(ci.role_id = rt.id)", "Rows Removed by Join Filter": 12162, "Plans": [{"Node Type": "Seq Scan", "Parent Relationship": "Outer", "Relation Name": "role_type", "Alias": "rt", "Startup Cost": 0.0, "Total Cost": 1.15, "Plan Rows": 1, "Plan Width": 4, "Actual Startup Time": 0.02, "Actual Total Time": 0.029, "Actual Rows": 1, "Actual Loops": 1, "Filter": "((role)::text = 'actress'::text)", "Rows Removed by Filter": 11}, {"Node Type": "Nested Loop", "Parent Relationship": "Inner", "Join Type": "Inner", "Startup Cost": 5982.08, "Total Cost": 89429.03, "Plan Rows": 5847, "Plan Width": 25, "Actual Startup Time": 89.204, "Actual Total Time": 4056.312, "Actual Rows": 19600, "Actual Loops": 1, "Inner Unique": false, "Plans": [{"Node Type": "Nested Loop", "Parent Relationship": "Outer", "Join Type": "Inner", "Startup Cost": 5982.08, "Total Cost": 83686.44, "Plan Rows": 5775, "Plan Width": 25, "Actual Startup Time": 89.061, "Actual Total Time": 1329.802, "Actual Rows": 48328, "Actual Loops": 1, "Inner Unique": true, "Plans": [{"Node Type": "Hash Join", "Parent Relationship": "Outer", "Join Type": "Inner", "Startup Cost": 5982.08, "Total Cost": 61039.34, "Plan Rows": 5775, "Plan Width": 4, "Actual Startup Time": 89.024, "Actual Total Time": 1088.52, "Actual Rows": 48328, "Actual Loops": 1, "Inner Unique": true, "Hash Cond": "(mc.company_id = cn.id)", "Plans": [{"Node Type": "Seq Scan", "Parent Relationship": "Outer", "Relation Name": "movie_companies", "Alias": "mc", "Startup Cost": 0.0, "Total Cost": 54862.92, "Plan Rows": 36426, "Plan Width": 8, "Actual Startup Time": 0.249, "Actual Total Time": 966.321, "Actual Rows": 48897, "Actual Loops": 1, "Filter": "(((note)::text ~~ '%(Japan)%'::text) AND ((note)::text !~~ '%(USA)%'::text))", "Rows Removed by Filter": 2560231}, {"Node Type": "Hash", "Parent Relationship": "Inner", "Startup Cost": 5903.45, "Total Cost": 5903.45, "Plan Rows": 6290, "Plan Width": 4, "Actual Startup Time": 88.711, "Actual Total Time": 88.711, "Actual Rows": 6752, "Actual Loops": 1, "Hash Buckets": 32768, "Hash Batches": 1, "Original Hash Batches": 1, "Peak Memory Usage": 238, "Plans": [{"Node Type": "Seq Scan", "Parent Relationship": "Outer", "Relation Name": "company_name", "Alias": "cn", "Startup Cost": 0.0, "Total Cost": 5903.45, "Plan Rows": 6290, "Plan Width": 4, "Actual Startup Time": 0.03, "Actual Total Time": 86.369, "Actual Rows": 6752, "Actual Loops": 1, "Filter": "((country_code)::text = '[jp]'::text)", "Rows Removed by Filter": 228244}]}]}, {"Node Type": "Index Scan", "Parent Relationship": "Inner", "Scan Direction": "Forward", "Index Name": "title_pkey", "Relation Name": "title", "Alias": "t", "Startup Cost": 0.0, "Total Cost": 3.91, "Plan Rows": 1, "Plan Width": 21, "Actual Startup Time": 200.66, "Actual Total Time": 200.66, "Actual Rows": 48328, "Actual Loops": 48328, "Index Cond": "(id = mc.movie_id)", "Rows Removed by Index Recheck": 0}]}, {"Node Type": "Index Scan", "Parent Relationship": "Inner", "Scan Direction": "Forward", "Index Name": "movie_id_cast_info", "Relation Name": "cast_info", "Alias": "ci", "Startup Cost": 0.0, "Total Cost": 0.98, "Plan Rows": 1, "Plan Width": 12, "Actual Startup Time": 2575.933, "Actual Total Time": 2696.184, "Actual Rows": 19600, "Actual Loops": 48328, "Index Cond": "(movie_id = t.id)", "Rows Removed by Index Recheck": 0, "Filter": "((note)::text = '(voice: English version)'::text)", "Rows Removed by Filter": 1531710}]}]}, {"Node Type": "Index Scan", "Parent Relationship": "Inner", "Scan Direction": "Forward", "Index Name": "person_id_aka_name", "Relation Name": "aka_name", "Alias": "an1", "Startup Cost": 0.0, "Total Cost": 0.84, "Plan Rows": 1, "Plan Width": 20, "Actual Startup Time": 30.627, "Actual Total Time": 38.546, "Actual Rows": 17379, "Actual Loops": 7438, "Index Cond": "(person_id = ci.person_id)", "Rows Removed by Index Recheck": 0}]}, {"Node Type": "Index Scan", "Parent Relationship": "Inner", "Scan Direction": "Forward", "Index Name": "name_pkey", "Relation Name": "name", "Alias": "n1", "Startup Cost": 0.0, "Total Cost": 0.57, "Plan Rows": 1, "Plan Width": 4, "Actual Startup Time": 64.775, "Actual Total Time": 64.775, "Actual Rows": 62, "Actual Loops": 17379, "Index Cond": "(id = an1.person_id)", "Rows Removed by Index Recheck": 0, "Filter": "(((name)::text ~~ '%Yo%'::text) AND ((name)::text !~~ '%Yu%'::text))", "Rows Removed by Filter": 17317}]}]}, "Triggers": [], "Planner Runtime": 30, "Total Runtime": 4183.16, "Unique SQL Id": 3544391839}}, "(1, 1)": {"explain_plan": {"Plan": {"Node Type": "Aggregate", "Strategy": "Plain", "Startup Cost": 110825.24, "Total Cost": 110825.25, "Plan Rows": 1, "Plan Width": 97, "Plans": [{"Node Type": "Nested Loop", "Parent Relationship": "Outer", "Join Type": "Inner", "Startup Cost": 0.0, "Total Cost": 110824.76, "Plan Rows": 96, "Plan Width": 33, "Inner Unique": true, "Plans": [{"Node Type": "Nested Loop", "Parent Relationship": "Outer", "Join Type": "Inner", "Startup Cost": 0.0, "Total Cost": 110449.22, "Plan Rows": 645, "Plan Width": 41, "Inner Unique": false, "Plans": [{"Node Type": "Nested Loop", "Parent Relationship": "Outer", "Join Type": "Inner", "Startup Cost": 0.0, "Total Cost": 109995.01, "Plan Rows": 532, "Plan Width": 21, "Inner Unique": false, "Join Filter": "(ci.role_id = rt.id)", "Plans": [{"Node Type": "Index Scan", "Parent Relationship": "Outer", "Scan Direction": "Forward", "Index Name": "role_type_pkey", "Relation Name": "role_type", "Alias": "rt", "Startup Cost": 0.0, "Total Cost": 12.46, "Plan Rows": 1, "Plan Width": 4, "Filter": "((role)::text = 'actress'::text)"}, {"Node Type": "Nested Loop", "Parent Relationship": "Inner", "Join Type": "Inner", "Startup Cost": 0.0, "Total Cost": 109909.47, "Plan Rows": 5847, "Plan Width": 25, "Inner Unique": false, "Plans": [{"Node Type": "Nested Loop", "Parent Relationship": "Outer", "Join Type": "Inner", "Startup Cost": 0.0, "Total Cost": 104166.87, "Plan Rows": 5775, "Plan Width": 25, "Inner Unique": true, "Plans": [{"Node Type": "Nested Loop", "Parent Relationship": "Outer", "Join Type": "Inner", "Startup Cost": 0.0, "Total Cost": 81519.78, "Plan Rows": 5775, "Plan Width": 4, "Inner Unique": false, "Plans": [{"Node Type": "Index Scan", "Parent Relationship": "Outer", "Scan Direction": "Forward", "Index Name": "company_name_pkey", "Relation Name": "company_name", "Alias": "cn", "Startup Cost": 0.0, "Total Cost": 10501.39, "Plan Rows": 6290, "Plan Width": 4, "Filter": "((country_code)::text = '[jp]'::text)"}, {"Node Type": "Index Scan", "Parent Relationship": "Inner", "Scan Direction": "Forward", "Index Name": "company_id_movie_companies", "Relation Name": "movie_companies", "Alias": "mc", "Startup Cost": 0.0, "Total Cost": 11.28, "Plan Rows": 1, "Plan Width": 8, "Index Cond": "(company_id = cn.id)", "Filter": "(((note)::text ~~ '%(Japan)%'::text) AND ((note)::text !~~ '%(USA)%'::text))"}]}, {"Node Type": "Index Scan", "Parent Relationship": "Inner", "Scan Direction": "Forward", "Index Name": "title_pkey", "Relation Name": "title", "Alias": "t", "Startup Cost": 0.0, "Total Cost": 3.91, "Plan Rows": 1, "Plan Width": 21, "Index Cond": "(id = mc.movie_id)"}]}, {"Node Type": "Index Scan", "Parent Relationship": "Inner", "Scan Direction": "Forward", "Index Name": "movie_id_cast_info", "Relation Name": "cast_info", "Alias": "ci", "Startup Cost": 0.0, "Total Cost": 0.98, "Plan Rows": 1, "Plan Width": 12, "Index Cond": "(movie_id = t.id)", "Filter": "((note)::text = '(voice: English version)'::text)"}]}]}, {"Node Type": "Index Scan", "Parent Relationship": "Inner", "Scan Direction": "Forward", "Index Name": "person_id_aka_name", "Relation Name": "aka_name", "Alias": "an1", "Startup Cost": 0.0, "Total Cost": 0.84, "Plan Rows": 1, "Plan Width": 20, "Index Cond": "(person_id = ci.person_id)"}]}, {"Node Type": "Index Scan", "Parent Relationship": "Inner", "Scan Direction": "Forward", "Index Name": "name_pkey", "Relation Name": "name", "Alias": "n1", "Startup Cost": 0.0, "Total Cost": 0.57, "Plan Rows": 1, "Plan Width": 4, "Index Cond": "(id = an1.person_id)", "Filter": "(((name)::text ~~ '%Yo%'::text) AND ((name)::text !~~ '%Yu%'::text))"}]}]}, "Unique SQL Id": 3544391839, "Planner Runtime": 29}, "explain_analyze_plan": {"Plan": {"Node Type": "Aggregate", "Strategy": "Plain", "Startup Cost": 110825.24, "Total Cost": 110825.25, "Plan Rows": 1, "Plan Width": 97, "Actual Startup Time": 3781.109, "Actual Total Time": 3781.109, "Actual Rows": 1, "Actual Loops": 1, "Plans": [{"Node Type": "Nested Loop", "Parent Relationship": "Outer", "Join Type": "Inner", "Startup Cost": 0.0, "Total Cost": 110824.76, "Plan Rows": 96, "Plan Width": 33, "Actual Startup Time": 4.294, "Actual Total Time": 3780.807, "Actual Rows": 62, "Actual Loops": 1, "Inner Unique": true, "Plans": [{"Node Type": "Nested Loop", "Parent Relationship": "Outer", "Join Type": "Inner", "Startup Cost": 0.0, "Total Cost": 110449.22, "Plan Rows": 645, "Plan Width": 41, "Actual Startup Time": 0.301, "Actual Total Time": 3704.583, "Actual Rows": 17379, "Actual Loops": 1, "Inner Unique": false, "Plans": [{"Node Type": "Nested Loop", "Parent Relationship": "Outer", "Join Type": "Inner", "Startup Cost": 0.0, "Total Cost": 109995.01, "Plan Rows": 532, "Plan Width": 21, "Actual Startup Time": 0.289, "Actual Total Time": 3655.478, "Actual Rows": 7438, "Actual Loops": 1, "Inner Unique": false, "Join Filter": "(ci.role_id = rt.id)", "Rows Removed by Join Filter": 12162, "Plans": [{"Node Type": "Index Scan", "Parent Relationship": "Outer", "Scan Direction": "Forward", "Index Name": "role_type_pkey", "Relation Name": "role_type", "Alias": "rt", "Startup Cost": 0.0, "Total Cost": 12.46, "Plan Rows": 1, "Plan Width": 4, "Actual Startup Time": 0.025, "Actual Total Time": 0.033, "Actual Rows": 1, "Actual Loops": 1, "Filter": "((role)::text = 'actress'::text)", "Rows Removed by Filter": 11}, {"Node Type": "Nested Loop", "Parent Relationship": "Inner", "Join Type": "Inner", "Startup Cost": 0.0, "Total Cost": 109909.47, "Plan Rows": 5847, "Plan Width": 25, "Actual Startup Time": 0.261, "Actual Total Time": 3650.233, "Actual Rows": 19600, "Actual Loops": 1, "Inner Unique": false, "Plans": [{"Node Type": "Nested Loop", "Parent Relationship": "Outer", "Join Type": "Inner", "Startup Cost": 0.0, "Total Cost": 104166.87, "Plan Rows": 5775, "Plan Width": 25, "Actual Startup Time": 0.204, "Actual Total Time": 810.165, "Actual Rows": 48328, "Actual Loops": 1, "Inner Unique": true, "Plans": [{"Node Type": "Nested Loop", "Parent Relationship": "Outer", "Join Type": "Inner", "Startup Cost": 0.0, "Total Cost": 81519.78, "Plan Rows": 5775, "Plan Width": 4, "Actual Startup Time": 0.195, "Actual Total Time": 514.718, "Actual Rows": 48328, "Actual Loops": 1, "Inner Unique": false, "Plans": [{"Node Type": "Index Scan", "Parent Relationship": "Outer", "Scan Direction": "Forward", "Index Name": "company_name_pkey", "Relation Name": "company_name", "Alias": "cn", "Startup Cost": 0.0, "Total Cost": 10501.39, "Plan Rows": 6290, "Plan Width": 4, "Actual Startup Time": 0.163, "Actual Total Time": 302.979, "Actual Rows": 6752, "Actual Loops": 1, "Filter": "((country_code)::text = '[jp]'::text)", "Rows Removed by Filter": 228244}, {"Node Type": "Index Scan", "Parent Relationship": "Inner", "Scan Direction": "Forward", "Index Name": "company_id_movie_companies", "Relation Name": "movie_companies", "Alias": "mc", "Startup Cost": 0.0, "Total Cost": 11.28, "Plan Rows": 1, "Plan Width": 8, "Actual Startup Time": 50.001, "Actual Total Time": 195.986, "Actual Rows": 48328, "Actual Loops": 6752, "Index Cond": "(company_id = cn.id)", "Rows Removed by Index Recheck": 0, "Filter": "(((note)::text ~~ '%(Japan)%'::text) AND ((note)::text !~~ '%(USA)%'::text))", "Rows Removed by Filter": 56667}]}, {"Node Type": "Index Scan", "Parent Relationship": "Inner", "Scan Direction": "Forward", "Index Name": "title_pkey", "Relation Name": "title", "Alias": "t", "Startup Cost": 0.0, "Total Cost": 3.91, "Plan Rows": 1, "Plan Width": 21, "Actual Startup Time": 253.429, "Actual Total Time": 253.429, "Actual Rows": 48328, "Actual Loops": 48328, "Index Cond": "(id = mc.movie_id)", "Rows Removed by Index Recheck": 0}]}, {"Node Type": "Index Scan", "Parent Relationship": "Inner", "Scan Direction": "Forward", "Index Name": "movie_id_cast_info", "Relation Name": "cast_info", "Alias": "ci", "Startup Cost": 0.0, "Total Cost": 0.98, "Plan Rows": 1, "Plan Width": 12, "Actual Startup Time": 2689.1, "Actual Total Time": 2809.841, "Actual Rows": 19600, "Actual Loops": 48328, "Index Cond": "(movie_id = t.id)", "Rows Removed by Index Recheck": 0, "Filter": "((note)::text = '(voice: English version)'::text)", "Rows Removed by Filter": 1531710}]}]}, {"Node Type": "Index Scan", "Parent Relationship": "Inner", "Scan Direction": "Forward", "Index Name": "person_id_aka_name", "Relation Name": "aka_name", "Alias": "an1", "Startup Cost": 0.0, "Total Cost": 0.84, "Plan Rows": 1, "Plan Width": 20, "Actual Startup Time": 32.236, "Actual Total Time": 40.289, "Actual Rows": 17379, "Actual Loops": 7438, "Index Cond": "(person_id = ci.person_id)", "Rows Removed by Index Recheck": 0}]}, {"Node Type": "Index Scan", "Parent Relationship": "Inner", "Scan Direction": "Forward", "Index Name": "name_pkey", "Relation Name": "name", "Alias": "n1", "Startup Cost": 0.0, "Total Cost": 0.57, "Plan Rows": 1, "Plan Width": 4, "Actual Startup Time": 67.301, "Actual Total Time": 67.301, "Actual Rows": 62, "Actual Loops": 17379, "Index Cond": "(id = an1.person_id)", "Rows Removed by Index Recheck": 0, "Filter": "(((name)::text ~~ '%Yo%'::text) AND ((name)::text !~~ '%Yu%'::text))", "Rows Removed by Filter": 17317}]}]}, "Triggers": [], "Planner Runtime": 26, "Total Runtime": 3781.505, "Unique SQL Id": 3544391839}}, "(1, 2)": {"explain_plan": {"Plan": {"Node Type": "Aggregate", "Strategy": "Plain", "Startup Cost": 123512.13, "Total Cost": 123512.14, "Plan Rows": 1, "Plan Width": 97, "Plans": [{"Node Type": "Nested Loop", "Parent Relationship": "Outer", "Join Type": "Inner", "Startup Cost": 5984.57, "Total Cost": 123508.9, "Plan Rows": 646, "Plan Width": 33, "Inner Unique": true, "Plans": [{"Node Type": "Nested Loop", "Parent Relationship": "Outer", "Join Type": "Inner", "Startup Cost": 5984.25, "Total Cost": 120700.31, "Plan Rows": 645, "Plan Width": 41, "Inner Unique": false, "Plans": [{"Node Type": "Nested Loop", "Parent Relationship": "Outer", "Join Type": "Inner", "Startup Cost": 5983.86, "Total Cost": 118357.75, "Plan Rows": 532, "Plan Width": 21, "Inner Unique": false, "Join Filter": "(ci.role_id = rt.id)", "Plans": [{"Node Type": "Seq Scan", "Parent Relationship": "Outer", "Relation Name": "role_type", "Alias": "rt", "Startup Cost": 0.0, "Total Cost": 1.15, "Plan Rows": 1, "Plan Width": 4, "Filter": "((role)::text = 'actress'::text)"}, {"Node Type": "Nested Loop", "Parent Relationship": "Inner", "Join Type": "Inner", "Startup Cost": 5983.86, "Total Cost": 118283.51, "Plan Rows": 5847, "Plan Width": 25, "Inner Unique": false, "Plans": [{"Node Type": "Nested Loop", "Parent Relationship": "Outer", "Join Type": "Inner", "Startup Cost": 5983.35, "Total Cost": 91625.69, "Plan Rows": 5775, "Plan Width": 25, "Inner Unique": true, "Plans": [{"Node Type": "Hash Join", "Parent Relationship": "Outer", "Join Type": "Inner", "Startup Cost": 5982.08, "Total Cost": 61039.34, "Plan Rows": 5775, "Plan Width": 4, "Inner Unique": true, "Hash Cond": "(mc.company_id = cn.id)", "Plans": [{"Node Type": "Seq Scan", "Parent Relationship": "Outer", "Relation Name": "movie_companies", "Alias": "mc", "Startup Cost": 0.0, "Total Cost": 54862.92, "Plan Rows": 36426, "Plan Width": 8, "Filter": "(((note)::text ~~ '%(Japan)%'::text) AND ((note)::text !~~ '%(USA)%'::text))"}, {"Node Type": "Hash", "Parent Relationship": "Inner", "Startup Cost": 5903.45, "Total Cost": 5903.45, "Plan Rows": 6290, "Plan Width": 4, "Plans": [{"Node Type": "Seq Scan", "Parent Relationship": "Outer", "Relation Name": "company_name", "Alias": "cn", "Startup Cost": 0.0, "Total Cost": 5903.45, "Plan Rows": 6290, "Plan Width": 4, "Filter": "((country_code)::text = '[jp]'::text)"}]}]}, {"Node Type": "Bitmap Heap Scan", "Parent Relationship": "Inner", "Relation Name": "title", "Alias": "t", "Startup Cost": 1.27, "Total Cost": 5.29, "Plan Rows": 1, "Plan Width": 21, "Recheck Cond": "(id = mc.movie_id)", "Plans": [{"Node Type": "Bitmap Index Scan", "Parent Relationship": "Outer", "Index Name": "title_pkey", "Startup Cost": 0.0, "Total Cost": 1.27, "Plan Rows": 1, "Plan Width": 0, "Index Cond": "(id = mc.movie_id)"}]}]}, {"Node Type": "Bitmap Heap Scan", "Parent Relationship": "Inner", "Relation Name": "cast_info", "Alias": "ci", "Startup Cost": 0.52, "Total Cost": 4.61, "Plan Rows": 1, "Plan Width": 12, "Recheck Cond": "(movie_id = t.id)", "Filter": "((note)::text = '(voice: English version)'::text)", "Plans": [{"Node Type": "Bitmap Index Scan", "Parent Relationship": "Outer", "Index Name": "movie_id_cast_info", "Startup Cost": 0.0, "Total Cost": 0.52, "Plan Rows": 6, "Plan Width": 0, "Index Cond": "(movie_id = t.id)"}]}]}]}, {"Node Type": "Bitmap Heap Scan", "Parent Relationship": "Inner", "Relation Name": "aka_name", "Alias": "an1", "Startup Cost": 0.38, "Total Cost": 4.39, "Plan Rows": 1, "Plan Width": 20, "Recheck Cond": "(person_id = ci.person_id)", "Plans": [{"Node Type": "Bitmap Index Scan", "Parent Relationship": "Outer", "Index Name": "person_id_aka_name", "Startup Cost": 0.0, "Total Cost": 0.38, "Plan Rows": 1, "Plan Width": 0, "Index Cond": "(person_id = ci.person_id)"}]}]}, {"Node Type": "Bitmap Heap Scan", "Parent Relationship": "Inner", "Relation Name": "name", "Alias": "n1", "Startup Cost": 0.33, "Total Cost": 4.34, "Plan Rows": 1, "Plan Width": 4, "Recheck Cond": "(id = an1.person_id)", "Filter": "(((name)::text ~~ '%Yo%'::text) AND ((name)::text !~~ '%Yu%'::text))", "Plans": [{"Node Type": "Bitmap Index Scan", "Parent Relationship": "Outer", "Index Name": "name_pkey", "Startup Cost": 0.0, "Total Cost": 0.33, "Plan Rows": 1, "Plan Width": 0, "Index Cond": "(id = an1.person_id)"}]}]}]}, "Unique SQL Id": 3544391839, "Planner Runtime": 33}, "explain_analyze_plan": {"Plan": {"Node Type": "Aggregate", "Strategy": "Plain", "Startup Cost": 123512.13, "Total Cost": 123512.14, "Plan Rows": 1, "Plan Width": 97, "Actual Startup Time": 4852.492, "Actual Total Time": 4852.493, "Actual Rows": 1, "Actual Loops": 1, "Plans": [{"Node Type": "Nested Loop", "Parent Relationship": "Outer", "Join Type": "Inner", "Startup Cost": 5984.57, "Total Cost": 123508.9, "Plan Rows": 646, "Plan Width": 33, "Actual Startup Time": 426.052, "Actual Total Time": 4852.142, "Actual Rows": 62, "Actual Loops": 1, "Inner Unique": true, "Plans": [{"Node Type": "Nested Loop", "Parent Relationship": "Outer", "Join Type": "Inner", "Startup Cost": 5984.25, "Total Cost": 120700.31, "Plan Rows": 645, "Plan Width": 41, "Actual Startup Time": 81.994, "Actual Total Time": 4752.479, "Actual Rows": 17379, "Actual Loops": 1, "Inner Unique": false, "Plans": [{"Node Type": "Nested Loop", "Parent Relationship": "Outer", "Join Type": "Inner", "Startup Cost": 5983.86, "Total Cost": 118357.75, "Plan Rows": 532, "Plan Width": 21, "Actual Startup Time": 81.972, "Actual Total Time": 4690.671, "Actual Rows": 7438, "Actual Loops": 1, "Inner Unique": false, "Join Filter": "(ci.role_id = rt.id)", "Rows Removed by Join Filter": 12162, "Plans": [{"Node Type": "Seq Scan", "Parent Relationship": "Outer", "Relation Name": "role_type", "Alias": "rt", "Startup Cost": 0.0, "Total Cost": 1.15, "Plan Rows": 1, "Plan Width": 4, "Actual Startup Time": 0.025, "Actual Total Time": 0.035, "Actual Rows": 1, "Actual Loops": 1, "Filter": "((role)::text = 'actress'::text)", "Rows Removed by Filter": 11}, {"Node Type": "Nested Loop", "Parent Relationship": "Inner", "Join Type": "Inner", "Startup Cost": 5983.86, "Total Cost": 118283.51, "Plan Rows": 5847, "Plan Width": 25, "Actual Startup Time": 81.94, "Actual Total Time": 4685.135, "Actual Rows": 19600, "Actual Loops": 1, "Inner Unique": false, "Plans": [{"Node Type": "Nested Loop", "Parent Relationship": "Outer", "Join Type": "Inner", "Startup Cost": 5983.35, "Total Cost": 91625.69, "Plan Rows": 5775, "Plan Width": 25, "Actual Startup Time": 81.783, "Actual Total Time": 1433.235, "Actual Rows": 48328, "Actual Loops": 1, "Inner Unique": true, "Plans": [{"Node Type": "Hash Join", "Parent Relationship": "Outer", "Join Type": "Inner", "Startup Cost": 5982.08, "Total Cost": 61039.34, "Plan Rows": 5775, "Plan Width": 4, "Actual Startup Time": 81.735, "Actual Total Time": 1091.43, "Actual Rows": 48328, "Actual Loops": 1, "Inner Unique": true, "Hash Cond": "(mc.company_id = cn.id)", "Plans": [{"Node Type": "Seq Scan", "Parent Relationship": "Outer", "Relation Name": "movie_companies", "Alias": "mc", "Startup Cost": 0.0, "Total Cost": 54862.92, "Plan Rows": 36426, "Plan Width": 8, "Actual Startup Time": 0.285, "Actual Total Time": 971.263, "Actual Rows": 48897, "Actual Loops": 1, "Filter": "(((note)::text ~~ '%(Japan)%'::text) AND ((note)::text !~~ '%(USA)%'::text))", "Rows Removed by Filter": 2560231}, {"Node Type": "Hash", "Parent Relationship": "Inner", "Startup Cost": 5903.45, "Total Cost": 5903.45, "Plan Rows": 6290, "Plan Width": 4, "Actual Startup Time": 81.393, "Actual Total Time": 81.393, "Actual Rows": 6752, "Actual Loops": 1, "Hash Buckets": 32768, "Hash Batches": 1, "Original Hash Batches": 1, "Peak Memory Usage": 238, "Plans": [{"Node Type": "Seq Scan", "Parent Relationship": "Outer", "Relation Name": "company_name", "Alias": "cn", "Startup Cost": 0.0, "Total Cost": 5903.45, "Plan Rows": 6290, "Plan Width": 4, "Actual Startup Time": 0.023, "Actual Total Time": 79.313, "Actual Rows": 6752, "Actual Loops": 1, "Filter": "((country_code)::text = '[jp]'::text)", "Rows Removed by Filter": 228244}]}]}, {"Node Type": "Bitmap Heap Scan", "Parent Relationship": "Inner", "Relation Name": "title", "Alias": "t", "Startup Cost": 1.27, "Total Cost": 5.29, "Plan Rows": 1, "Plan Width": 21, "Actual Startup Time": 260.168, "Actual Total Time": 260.168, "Actual Rows": 48328, "Actual Loops": 48328, "Recheck Cond": "(id = mc.movie_id)", "Rows Removed by Index Recheck": 0, "Exact Heap Blocks": 48328, "Lossy Heap Blocks": 48328, "Plans": [{"Node Type": "Bitmap Index Scan", "Parent Relationship": "Outer", "Index Name": "title_pkey", "Startup Cost": 0.0, "Total Cost": 1.27, "Plan Rows": 1, "Plan Width": 0, "Actual Startup Time": 149.18, "Actual Total Time": 149.18, "Actual Rows": 48328, "Actual Loops": 48328, "Index Cond": "(id = mc.movie_id)"}]}]}, {"Node Type": "Bitmap Heap Scan", "Parent Relationship": "Inner", "Relation Name": "cast_info", "Alias": "ci", "Startup Cost": 0.52, "Total Cost": 4.61, "Plan Rows": 1, "Plan Width": 12, "Actual Startup Time": 3046.402, "Actual Total Time": 3177.732, "Actual Rows": 19600, "Actual Loops": 48328, "Recheck Cond": "(movie_id = t.id)", "Rows Removed by Index Recheck": 0, "Filter": "((note)::text = '(voice: English version)'::text)", "Rows Removed by Filter": 1531710, "Exact Heap Blocks": 1503105, "Lossy Heap Blocks": 1503105, "Plans": [{"Node Type": "Bitmap Index Scan", "Parent Relationship": "Outer", "Index Name": "movie_id_cast_info", "Startup Cost": 0.0, "Total Cost": 0.52, "Plan Rows": 6, "Plan Width": 0, "Actual Startup Time": 441.926, "Actual Total Time": 441.926, "Actual Rows": 1551310, "Actual Loops": 48328, "Index Cond": "(movie_id = t.id)"}]}]}]}, {"Node Type": "Bitmap Heap Scan", "Parent Relationship": "Inner", "Relation Name": "aka_name", "Alias": "an1", "Startup Cost": 0.38, "Total Cost": 4.39, "Plan Rows": 1, "Plan Width": 20, "Actual Startup Time": 42.665, "Actual Total Time": 47.678, "Actual Rows": 17379, "Actual Loops": 7438, "Recheck Cond": "(person_id = ci.person_id)", "Rows Removed by Index Recheck": 0, "Exact Heap Blocks": 6514, "Lossy Heap Blocks": 6514, "Plans": [{"Node Type": "Bitmap Index Scan", "Parent Relationship": "Outer", "Index Name": "person_id_aka_name", "Startup Cost": 0.0, "Total Cost": 0.38, "Plan Rows": 1, "Plan Width": 0, "Actual Startup Time": 28.181, "Actual Total Time": 28.181, "Actual Rows": 17379, "Actual Loops": 7438, "Index Cond": "(person_id = ci.person_id)"}]}]}, {"Node Type": "Bitmap Heap Scan", "Parent Relationship": "Inner", "Relation Name": "name", "Alias": "n1", "Startup Cost": 0.33, "Total Cost": 4.34, "Plan Rows": 1, "Plan Width": 4, "Actual Startup Time": 79.19, "Actual Total Time": 79.19, "Actual Rows": 62, "Actual Loops": 17379, "Recheck Cond": "(id = an1.person_id)", "Rows Removed by Index Recheck": 0, "Filter": "(((name)::text ~~ '%Yo%'::text) AND ((name)::text !~~ '%Yu%'::text))", "Rows Removed by Filter": 17317, "Exact Heap Blocks": 17379, "Lossy Heap Blocks": 17379, "Plans": [{"Node Type": "Bitmap Index Scan", "Parent Relationship": "Outer", "Index Name": "name_pkey", "Startup Cost": 0.0, "Total Cost": 0.33, "Plan Rows": 1, "Plan Width": 0, "Actual Startup Time": 46.11, "Actual Total Time": 46.11, "Actual Rows": 17379, "Actual Loops": 17379, "Index Cond": "(id = an1.person_id)"}]}]}]}, "Triggers": [], "Planner Runtime": 32, "Total Runtime": 4852.878, "Unique SQL Id": 3544391839}}, "(1, 3)": {"explain_plan": {"Plan": {"Node Type": "Aggregate", "Strategy": "Plain", "Startup Cost": 1000012228445.06, "Total Cost": 1000012228445.07, "Plan Rows": 1, "Plan Width": 97, "Plans": [{"Node Type": "Nested Loop", "Parent Relationship": "Outer", "Join Type": "Inner", "Startup Cost": 10000000003.19, "Total Cost": 1000012228445.0, "Plan Rows": 12, "Plan Width": 33, "Inner Unique": true, "Plans": [{"Node Type": "Nested Loop", "Parent Relationship": "Outer", "Join Type": "Inner", "Startup Cost": 10000000002.87, "Total Cost": 1000012225636.42, "Plan Rows": 645, "Plan Width": 41, "Inner Unique": true, "Plans": [{"Node Type": "Nested Loop", "Parent Relationship": "Outer", "Join Type": "Inner", "Startup Cost": 10000000002.23, "Total Cost": 1000012222628.77, "Plan Rows": 645, "Plan Width": 32, "Inner Unique": true, "Plans": [{"Node Type": "Nested Loop", "Parent Relationship": "Outer", "Join Type": "Inner", "Startup Cost": 10000000001.92, "Total Cost": 1000012205100.96, "Plan Rows": 4051, "Plan Width": 36, "Inner Unique": false, "Plans": [{"Node Type": "Nested Loop", "Parent Relationship": "Outer", "Join Type": "Inner", "Startup Cost": 10000000001.26, "Total Cost": 1000012155572.17, "Plan Rows": 10524, "Plan Width": 28, "Inner Unique": true, "Plans": [{"Node Type": "Nested Loop", "Parent Relationship": "Outer", "Join Type": "Inner", "Startup Cost": 10000000001.0, "Total Cost": 1000011659757.19, "Plan Rows": 115768, "Plan Width": 32, "Inner Unique": false, "Plans": [{"Node Type": "Index Scan", "Parent Relationship": "Outer", "Scan Direction": "Forward", "Index Name": "person_id_aka_name", "Relation Name": "aka_name", "Alias": "an1", "Startup Cost": 10000000000.0, "Total Cost": 1000006896503.43, "Plan Rows": 901342, "Plan Width": 20}, {"Node Type": "Bitmap Heap Scan", "Parent Relationship": "Inner", "Relation Name": "cast_info", "Alias": "ci", "Startup Cost": 1.0, "Total Cost": 5.27, "Plan Rows": 1, "Plan Width": 12, "Recheck Cond": "(person_id = an1.person_id)", "Filter": "((note)::text = '(voice: English version)'::text)", "Plans": [{"Node Type": "Bitmap Index Scan", "Parent Relationship": "Outer", "Index Name": "person_id_cast_info", "Startup Cost": 0.0, "Total Cost": 1.0, "Plan Rows": 18, "Plan Width": 0, "Index Cond": "(person_id = an1.person_id)"}]}]}, {"Node Type": "Bitmap Heap Scan", "Parent Relationship": "Inner", "Relation Name": "role_type", "Alias": "rt", "Startup Cost": 0.26, "Total Cost": 4.27, "Plan Rows": 1, "Plan Width": 4, "Recheck Cond": "(id = ci.role_id)", "Filter": "((role)::text = 'actress'::text)", "Plans": [{"Node Type": "Bitmap Index Scan", "Parent Relationship": "Outer", "Index Name": "role_type_pkey", "Startup Cost": 0.0, "Total Cost": 0.26, "Plan Rows": 1, "Plan Width": 0, "Index Cond": "(id = ci.role_id)"}]}]}, {"Node Type": "Bitmap Heap Scan", "Parent Relationship": "Inner", "Relation Name": "movie_companies", "Alias": "mc", "Startup Cost": 0.66, "Total Cost": 4.7, "Plan Rows": 1, "Plan Width": 8, "Recheck Cond": "(movie_id = ci.movie_id)", "Filter": "(((note)::text ~~ '%(Japan)%'::text) AND ((note)::text !~~ '%(USA)%'::text))", "Plans": [{"Node Type": "Bitmap Index Scan", "Parent Relationship": "Outer", "Index Name": "movie_id_movie_companies", "Startup Cost": 0.0, "Total Cost": 0.66, "Plan Rows": 2, "Plan Width": 0, "Index Cond": "(movie_id = ci.movie_id)"}]}]}, {"Node Type": "Bitmap Heap Scan", "Parent Relationship": "Inner", "Relation Name": "company_name", "Alias": "cn", "Startup Cost": 0.3, "Total Cost": 4.32, "Plan Rows": 1, "Plan Width": 4, "Recheck Cond": "(id = mc.company_id)", "Filter": "((country_code)::text = '[jp]'::text)", "Plans": [{"Node Type": "Bitmap Index Scan", "Parent Relationship": "Outer", "Index Name": "company_name_pkey", "Startup Cost": 0.0, "Total Cost": 0.3, "Plan Rows": 1, "Plan Width": 0, "Index Cond": "(id = mc.company_id)"}]}]}, {"Node Type": "Bitmap Heap Scan", "Parent Relationship": "Inner", "Relation Name": "title", "Alias": "t", "Startup Cost": 0.64, "Total Cost": 4.65, "Plan Rows": 1, "Plan Width": 21, "Recheck Cond": "(id = ci.movie_id)", "Plans": [{"Node Type": "Bitmap Index Scan", "Parent Relationship": "Outer", "Index Name": "title_pkey", "Startup Cost": 0.0, "Total Cost": 0.64, "Plan Rows": 1, "Plan Width": 0, "Index Cond": "(id = ci.movie_id)"}]}]}, {"Node Type": "Bitmap Heap Scan", "Parent Relationship": "Inner", "Relation Name": "name", "Alias": "n1", "Startup Cost": 0.33, "Total Cost": 4.34, "Plan Rows": 1, "Plan Width": 4, "Recheck Cond": "(id = an1.person_id)", "Filter": "(((name)::text ~~ '%Yo%'::text) AND ((name)::text !~~ '%Yu%'::text))", "Plans": [{"Node Type": "Bitmap Index Scan", "Parent Relationship": "Outer", "Index Name": "name_pkey", "Startup Cost": 0.0, "Total Cost": 0.33, "Plan Rows": 1, "Plan Width": 0, "Index Cond": "(id = an1.person_id)"}]}]}]}, "Unique SQL Id": 3544391839, "Planner Runtime": 8}, "explain_analyze_plan": null}, "(1, 4)": {"explain_plan": {"Plan": {"Node Type": "Aggregate", "Strategy": "Plain", "Startup Cost": 90336.25, "Total Cost": 90336.26, "Plan Rows": 1, "Plan Width": 97, "Plans": [{"Node Type": "Nested Loop", "Parent Relationship": "Outer", "Join Type": "Inner", "Startup Cost": 5982.08, "Total Cost": 90333.02, "Plan Rows": 646, "Plan Width": 33, "Inner Unique": true, "Plans": [{"Node Type": "Nested Loop", "Parent Relationship": "Outer", "Join Type": "Inner", "Startup Cost": 5982.08, "Total Cost": 89957.48, "Plan Rows": 645, "Plan Width": 41, "Inner Unique": false, "Plans": [{"Node Type": "Nested Loop", "Parent Relationship": "Outer", "Join Type": "Inner", "Startup Cost": 5982.08, "Total Cost": 89503.27, "Plan Rows": 532, "Plan Width": 21, "Inner Unique": false, "Join Filter": "(ci.role_id = rt.id)", "Plans": [{"Node Type": "Seq Scan", "Parent Relationship": "Outer", "Relation Name": "role_type", "Alias": "rt", "Startup Cost": 0.0, "Total Cost": 1.15, "Plan Rows": 1, "Plan Width": 4, "Filter": "((role)::text = 'actress'::text)"}, {"Node Type": "Nested Loop", "Parent Relationship": "Inner", "Join Type": "Inner", "Startup Cost": 5982.08, "Total Cost": 89429.03, "Plan Rows": 5847, "Plan Width": 25, "Inner Unique": false, "Plans": [{"Node Type": "Nested Loop", "Parent Relationship": "Outer", "Join Type": "Inner", "Startup Cost": 5982.08, "Total Cost": 83686.44, "Plan Rows": 5775, "Plan Width": 25, "Inner Unique": true, "Plans": [{"Node Type": "Hash Join", "Parent Relationship": "Outer", "Join Type": "Inner", "Startup Cost": 5982.08, "Total Cost": 61039.34, "Plan Rows": 5775, "Plan Width": 4, "Inner Unique": true, "Hash Cond": "(mc.company_id = cn.id)", "Plans": [{"Node Type": "Seq Scan", "Parent Relationship": "Outer", "Relation Name": "movie_companies", "Alias": "mc", "Startup Cost": 0.0, "Total Cost": 54862.92, "Plan Rows": 36426, "Plan Width": 8, "Filter": "(((note)::text ~~ '%(Japan)%'::text) AND ((note)::text !~~ '%(USA)%'::text))"}, {"Node Type": "Hash", "Parent Relationship": "Inner", "Startup Cost": 5903.45, "Total Cost": 5903.45, "Plan Rows": 6290, "Plan Width": 4, "Plans": [{"Node Type": "Seq Scan", "Parent Relationship": "Outer", "Relation Name": "company_name", "Alias": "cn", "Startup Cost": 0.0, "Total Cost": 5903.45, "Plan Rows": 6290, "Plan Width": 4, "Filter": "((country_code)::text = '[jp]'::text)"}]}]}, {"Node Type": "Index Scan", "Parent Relationship": "Inner", "Scan Direction": "Forward", "Index Name": "title_pkey", "Relation Name": "title", "Alias": "t", "Startup Cost": 0.0, "Total Cost": 3.91, "Plan Rows": 1, "Plan Width": 21, "Index Cond": "(id = mc.movie_id)"}]}, {"Node Type": "Index Scan", "Parent Relationship": "Inner", "Scan Direction": "Forward", "Index Name": "movie_id_cast_info", "Relation Name": "cast_info", "Alias": "ci", "Startup Cost": 0.0, "Total Cost": 0.98, "Plan Rows": 1, "Plan Width": 12, "Index Cond": "(movie_id = t.id)", "Filter": "((note)::text = '(voice: English version)'::text)"}]}]}, {"Node Type": "Index Scan", "Parent Relationship": "Inner", "Scan Direction": "Forward", "Index Name": "person_id_aka_name", "Relation Name": "aka_name", "Alias": "an1", "Startup Cost": 0.0, "Total Cost": 0.84, "Plan Rows": 1, "Plan Width": 20, "Index Cond": "(person_id = ci.person_id)"}]}, {"Node Type": "Index Scan", "Parent Relationship": "Inner", "Scan Direction": "Forward", "Index Name": "name_pkey", "Relation Name": "name", "Alias": "n1", "Startup Cost": 0.0, "Total Cost": 0.57, "Plan Rows": 1, "Plan Width": 4, "Index Cond": "(id = an1.person_id)", "Filter": "(((name)::text ~~ '%Yo%'::text) AND ((name)::text !~~ '%Yu%'::text))"}]}]}, "Unique SQL Id": 3544391839, "Planner Runtime": 30}, "explain_analyze_plan": {"Plan": {"Node Type": "Aggregate", "Strategy": "Plain", "Startup Cost": 90336.25, "Total Cost": 90336.26, "Plan Rows": 1, "Plan Width": 97, "Actual Startup Time": 4182.688, "Actual Total Time": 4182.689, "Actual Rows": 1, "Actual Loops": 1, "Plans": [{"Node Type": "Nested Loop", "Parent Relationship": "Outer", "Join Type": "Inner", "Startup Cost": 5982.08, "Total Cost": 90333.02, "Plan Rows": 646, "Plan Width": 33, "Actual Startup Time": 391.898, "Actual Total Time": 4182.444, "Actual Rows": 62, "Actual Loops": 1, "Inner Unique": true, "Plans": [{"Node Type": "Nested Loop", "Parent Relationship": "Outer", "Join Type": "Inner", "Startup Cost": 5982.08, "Total Cost": 89957.48, "Plan Rows": 645, "Plan Width": 41, "Actual Startup Time": 89.255, "Actual Total Time": 4108.999, "Actual Rows": 17379, "Actual Loops": 1, "Inner Unique": false, "Plans": [{"Node Type": "Nested Loop", "Parent Relationship": "Outer", "Join Type": "Inner", "Startup Cost": 5982.08, "Total Cost": 89503.27, "Plan Rows": 532, "Plan Width": 21, "Actual Startup Time": 89.232, "Actual Total Time": 4061.735, "Actual Rows": 7438, "Actual Loops": 1, "Inner Unique": false, "Join Filter": "(ci.role_id = rt.id)", "Rows Removed by Join Filter": 12162, "Plans": [{"Node Type": "Seq Scan", "Parent Relationship": "Outer", "Relation Name": "role_type", "Alias": "rt", "Startup Cost": 0.0, "Total Cost": 1.15, "Plan Rows": 1, "Plan Width": 4, "Actual Startup Time": 0.02, "Actual Total Time": 0.029, "Actual Rows": 1, "Actual Loops": 1, "Filter": "((role)::text = 'actress'::text)", "Rows Removed by Filter": 11}, {"Node Type": "Nested Loop", "Parent Relationship": "Inner", "Join Type": "Inner", "Startup Cost": 5982.08, "Total Cost": 89429.03, "Plan Rows": 5847, "Plan Width": 25, "Actual Startup Time": 89.204, "Actual Total Time": 4056.312, "Actual Rows": 19600, "Actual Loops": 1, "Inner Unique": false, "Plans": [{"Node Type": "Nested Loop", "Parent Relationship": "Outer", "Join Type": "Inner", "Startup Cost": 5982.08, "Total Cost": 83686.44, "Plan Rows": 5775, "Plan Width": 25, "Actual Startup Time": 89.061, "Actual Total Time": 1329.802, "Actual Rows": 48328, "Actual Loops": 1, "Inner Unique": true, "Plans": [{"Node Type": "Hash Join", "Parent Relationship": "Outer", "Join Type": "Inner", "Startup Cost": 5982.08, "Total Cost": 61039.34, "Plan Rows": 5775, "Plan Width": 4, "Actual Startup Time": 89.024, "Actual Total Time": 1088.52, "Actual Rows": 48328, "Actual Loops": 1, "Inner Unique": true, "Hash Cond": "(mc.company_id = cn.id)", "Plans": [{"Node Type": "Seq Scan", "Parent Relationship": "Outer", "Relation Name": "movie_companies", "Alias": "mc", "Startup Cost": 0.0, "Total Cost": 54862.92, "Plan Rows": 36426, "Plan Width": 8, "Actual Startup Time": 0.249, "Actual Total Time": 966.321, "Actual Rows": 48897, "Actual Loops": 1, "Filter": "(((note)::text ~~ '%(Japan)%'::text) AND ((note)::text !~~ '%(USA)%'::text))", "Rows Removed by Filter": 2560231}, {"Node Type": "Hash", "Parent Relationship": "Inner", "Startup Cost": 5903.45, "Total Cost": 5903.45, "Plan Rows": 6290, "Plan Width": 4, "Actual Startup Time": 88.711, "Actual Total Time": 88.711, "Actual Rows": 6752, "Actual Loops": 1, "Hash Buckets": 32768, "Hash Batches": 1, "Original Hash Batches": 1, "Peak Memory Usage": 238, "Plans": [{"Node Type": "Seq Scan", "Parent Relationship": "Outer", "Relation Name": "company_name", "Alias": "cn", "Startup Cost": 0.0, "Total Cost": 5903.45, "Plan Rows": 6290, "Plan Width": 4, "Actual Startup Time": 0.03, "Actual Total Time": 86.369, "Actual Rows": 6752, "Actual Loops": 1, "Filter": "((country_code)::text = '[jp]'::text)", "Rows Removed by Filter": 228244}]}]}, {"Node Type": "Index Scan", "Parent Relationship": "Inner", "Scan Direction": "Forward", "Index Name": "title_pkey", "Relation Name": "title", "Alias": "t", "Startup Cost": 0.0, "Total Cost": 3.91, "Plan Rows": 1, "Plan Width": 21, "Actual Startup Time": 200.66, "Actual Total Time": 200.66, "Actual Rows": 48328, "Actual Loops": 48328, "Index Cond": "(id = mc.movie_id)", "Rows Removed by Index Recheck": 0}]}, {"Node Type": "Index Scan", "Parent Relationship": "Inner", "Scan Direction": "Forward", "Index Name": "movie_id_cast_info", "Relation Name": "cast_info", "Alias": "ci", "Startup Cost": 0.0, "Total Cost": 0.98, "Plan Rows": 1, "Plan Width": 12, "Actual Startup Time": 2575.933, "Actual Total Time": 2696.184, "Actual Rows": 19600, "Actual Loops": 48328, "Index Cond": "(movie_id = t.id)", "Rows Removed by Index Recheck": 0, "Filter": "((note)::text = '(voice: English version)'::text)", "Rows Removed by Filter": 1531710}]}]}, {"Node Type": "Index Scan", "Parent Relationship": "Inner", "Scan Direction": "Forward", "Index Name": "person_id_aka_name", "Relation Name": "aka_name", "Alias": "an1", "Startup Cost": 0.0, "Total Cost": 0.84, "Plan Rows": 1, "Plan Width": 20, "Actual Startup Time": 30.627, "Actual Total Time": 38.546, "Actual Rows": 17379, "Actual Loops": 7438, "Index Cond": "(person_id = ci.person_id)", "Rows Removed by Index Recheck": 0}]}, {"Node Type": "Index Scan", "Parent Relationship": "Inner", "Scan Direction": "Forward", "Index Name": "name_pkey", "Relation Name": "name", "Alias": "n1", "Startup Cost": 0.0, "Total Cost": 0.57, "Plan Rows": 1, "Plan Width": 4, "Actual Startup Time": 64.775, "Actual Total Time": 64.775, "Actual Rows": 62, "Actual Loops": 17379, "Index Cond": "(id = an1.person_id)", "Rows Removed by Index Recheck": 0, "Filter": "(((name)::text ~~ '%Yo%'::text) AND ((name)::text !~~ '%Yu%'::text))", "Rows Removed by Filter": 17317}]}]}, "Triggers": [], "Planner Runtime": 30, "Total Runtime": 4183.16, "Unique SQL Id": 3544391839}}, "(1, 5)": {"explain_plan": {"Plan": {"Node Type": "Aggregate", "Strategy": "Plain", "Startup Cost": 110825.24, "Total Cost": 110825.25, "Plan Rows": 1, "Plan Width": 97, "Plans": [{"Node Type": "Nested Loop", "Parent Relationship": "Outer", "Join Type": "Inner", "Startup Cost": 0.0, "Total Cost": 110824.76, "Plan Rows": 96, "Plan Width": 33, "Inner Unique": true, "Plans": [{"Node Type": "Nested Loop", "Parent Relationship": "Outer", "Join Type": "Inner", "Startup Cost": 0.0, "Total Cost": 110449.22, "Plan Rows": 645, "Plan Width": 41, "Inner Unique": false, "Plans": [{"Node Type": "Nested Loop", "Parent Relationship": "Outer", "Join Type": "Inner", "Startup Cost": 0.0, "Total Cost": 109995.01, "Plan Rows": 532, "Plan Width": 21, "Inner Unique": false, "Join Filter": "(ci.role_id = rt.id)", "Plans": [{"Node Type": "Index Scan", "Parent Relationship": "Outer", "Scan Direction": "Forward", "Index Name": "role_type_pkey", "Relation Name": "role_type", "Alias": "rt", "Startup Cost": 0.0, "Total Cost": 12.46, "Plan Rows": 1, "Plan Width": 4, "Filter": "((role)::text = 'actress'::text)"}, {"Node Type": "Nested Loop", "Parent Relationship": "Inner", "Join Type": "Inner", "Startup Cost": 0.0, "Total Cost": 109909.47, "Plan Rows": 5847, "Plan Width": 25, "Inner Unique": false, "Plans": [{"Node Type": "Nested Loop", "Parent Relationship": "Outer", "Join Type": "Inner", "Startup Cost": 0.0, "Total Cost": 104166.87, "Plan Rows": 5775, "Plan Width": 25, "Inner Unique": true, "Plans": [{"Node Type": "Nested Loop", "Parent Relationship": "Outer", "Join Type": "Inner", "Startup Cost": 0.0, "Total Cost": 81519.78, "Plan Rows": 5775, "Plan Width": 4, "Inner Unique": false, "Plans": [{"Node Type": "Index Scan", "Parent Relationship": "Outer", "Scan Direction": "Forward", "Index Name": "company_name_pkey", "Relation Name": "company_name", "Alias": "cn", "Startup Cost": 0.0, "Total Cost": 10501.39, "Plan Rows": 6290, "Plan Width": 4, "Filter": "((country_code)::text = '[jp]'::text)"}, {"Node Type": "Index Scan", "Parent Relationship": "Inner", "Scan Direction": "Forward", "Index Name": "company_id_movie_companies", "Relation Name": "movie_companies", "Alias": "mc", "Startup Cost": 0.0, "Total Cost": 11.28, "Plan Rows": 1, "Plan Width": 8, "Index Cond": "(company_id = cn.id)", "Filter": "(((note)::text ~~ '%(Japan)%'::text) AND ((note)::text !~~ '%(USA)%'::text))"}]}, {"Node Type": "Index Scan", "Parent Relationship": "Inner", "Scan Direction": "Forward", "Index Name": "title_pkey", "Relation Name": "title", "Alias": "t", "Startup Cost": 0.0, "Total Cost": 3.91, "Plan Rows": 1, "Plan Width": 21, "Index Cond": "(id = mc.movie_id)"}]}, {"Node Type": "Index Scan", "Parent Relationship": "Inner", "Scan Direction": "Forward", "Index Name": "movie_id_cast_info", "Relation Name": "cast_info", "Alias": "ci", "Startup Cost": 0.0, "Total Cost": 0.98, "Plan Rows": 1, "Plan Width": 12, "Index Cond": "(movie_id = t.id)", "Filter": "((note)::text = '(voice: English version)'::text)"}]}]}, {"Node Type": "Index Scan", "Parent Relationship": "Inner", "Scan Direction": "Forward", "Index Name": "person_id_aka_name", "Relation Name": "aka_name", "Alias": "an1", "Startup Cost": 0.0, "Total Cost": 0.84, "Plan Rows": 1, "Plan Width": 20, "Index Cond": "(person_id = ci.person_id)"}]}, {"Node Type": "Index Scan", "Parent Relationship": "Inner", "Scan Direction": "Forward", "Index Name": "name_pkey", "Relation Name": "name", "Alias": "n1", "Startup Cost": 0.0, "Total Cost": 0.57, "Plan Rows": 1, "Plan Width": 4, "Index Cond": "(id = an1.person_id)", "Filter": "(((name)::text ~~ '%Yo%'::text) AND ((name)::text !~~ '%Yu%'::text))"}]}]}, "Unique SQL Id": 3544391839, "Planner Runtime": 30}, "explain_analyze_plan": {"Plan": {"Node Type": "Aggregate", "Strategy": "Plain", "Startup Cost": 110825.24, "Total Cost": 110825.25, "Plan Rows": 1, "Plan Width": 97, "Actual Startup Time": 3781.109, "Actual Total Time": 3781.109, "Actual Rows": 1, "Actual Loops": 1, "Plans": [{"Node Type": "Nested Loop", "Parent Relationship": "Outer", "Join Type": "Inner", "Startup Cost": 0.0, "Total Cost": 110824.76, "Plan Rows": 96, "Plan Width": 33, "Actual Startup Time": 4.294, "Actual Total Time": 3780.807, "Actual Rows": 62, "Actual Loops": 1, "Inner Unique": true, "Plans": [{"Node Type": "Nested Loop", "Parent Relationship": "Outer", "Join Type": "Inner", "Startup Cost": 0.0, "Total Cost": 110449.22, "Plan Rows": 645, "Plan Width": 41, "Actual Startup Time": 0.301, "Actual Total Time": 3704.583, "Actual Rows": 17379, "Actual Loops": 1, "Inner Unique": false, "Plans": [{"Node Type": "Nested Loop", "Parent Relationship": "Outer", "Join Type": "Inner", "Startup Cost": 0.0, "Total Cost": 109995.01, "Plan Rows": 532, "Plan Width": 21, "Actual Startup Time": 0.289, "Actual Total Time": 3655.478, "Actual Rows": 7438, "Actual Loops": 1, "Inner Unique": false, "Join Filter": "(ci.role_id = rt.id)", "Rows Removed by Join Filter": 12162, "Plans": [{"Node Type": "Index Scan", "Parent Relationship": "Outer", "Scan Direction": "Forward", "Index Name": "role_type_pkey", "Relation Name": "role_type", "Alias": "rt", "Startup Cost": 0.0, "Total Cost": 12.46, "Plan Rows": 1, "Plan Width": 4, "Actual Startup Time": 0.025, "Actual Total Time": 0.033, "Actual Rows": 1, "Actual Loops": 1, "Filter": "((role)::text = 'actress'::text)", "Rows Removed by Filter": 11}, {"Node Type": "Nested Loop", "Parent Relationship": "Inner", "Join Type": "Inner", "Startup Cost": 0.0, "Total Cost": 109909.47, "Plan Rows": 5847, "Plan Width": 25, "Actual Startup Time": 0.261, "Actual Total Time": 3650.233, "Actual Rows": 19600, "Actual Loops": 1, "Inner Unique": false, "Plans": [{"Node Type": "Nested Loop", "Parent Relationship": "Outer", "Join Type": "Inner", "Startup Cost": 0.0, "Total Cost": 104166.87, "Plan Rows": 5775, "Plan Width": 25, "Actual Startup Time": 0.204, "Actual Total Time": 810.165, "Actual Rows": 48328, "Actual Loops": 1, "Inner Unique": true, "Plans": [{"Node Type": "Nested Loop", "Parent Relationship": "Outer", "Join Type": "Inner", "Startup Cost": 0.0, "Total Cost": 81519.78, "Plan Rows": 5775, "Plan Width": 4, "Actual Startup Time": 0.195, "Actual Total Time": 514.718, "Actual Rows": 48328, "Actual Loops": 1, "Inner Unique": false, "Plans": [{"Node Type": "Index Scan", "Parent Relationship": "Outer", "Scan Direction": "Forward", "Index Name": "company_name_pkey", "Relation Name": "company_name", "Alias": "cn", "Startup Cost": 0.0, "Total Cost": 10501.39, "Plan Rows": 6290, "Plan Width": 4, "Actual Startup Time": 0.163, "Actual Total Time": 302.979, "Actual Rows": 6752, "Actual Loops": 1, "Filter": "((country_code)::text = '[jp]'::text)", "Rows Removed by Filter": 228244}, {"Node Type": "Index Scan", "Parent Relationship": "Inner", "Scan Direction": "Forward", "Index Name": "company_id_movie_companies", "Relation Name": "movie_companies", "Alias": "mc", "Startup Cost": 0.0, "Total Cost": 11.28, "Plan Rows": 1, "Plan Width": 8, "Actual Startup Time": 50.001, "Actual Total Time": 195.986, "Actual Rows": 48328, "Actual Loops": 6752, "Index Cond": "(company_id = cn.id)", "Rows Removed by Index Recheck": 0, "Filter": "(((note)::text ~~ '%(Japan)%'::text) AND ((note)::text !~~ '%(USA)%'::text))", "Rows Removed by Filter": 56667}]}, {"Node Type": "Index Scan", "Parent Relationship": "Inner", "Scan Direction": "Forward", "Index Name": "title_pkey", "Relation Name": "title", "Alias": "t", "Startup Cost": 0.0, "Total Cost": 3.91, "Plan Rows": 1, "Plan Width": 21, "Actual Startup Time": 253.429, "Actual Total Time": 253.429, "Actual Rows": 48328, "Actual Loops": 48328, "Index Cond": "(id = mc.movie_id)", "Rows Removed by Index Recheck": 0}]}, {"Node Type": "Index Scan", "Parent Relationship": "Inner", "Scan Direction": "Forward", "Index Name": "movie_id_cast_info", "Relation Name": "cast_info", "Alias": "ci", "Startup Cost": 0.0, "Total Cost": 0.98, "Plan Rows": 1, "Plan Width": 12, "Actual Startup Time": 2689.1, "Actual Total Time": 2809.841, "Actual Rows": 19600, "Actual Loops": 48328, "Index Cond": "(movie_id = t.id)", "Rows Removed by Index Recheck": 0, "Filter": "((note)::text = '(voice: English version)'::text)", "Rows Removed by Filter": 1531710}]}]}, {"Node Type": "Index Scan", "Parent Relationship": "Inner", "Scan Direction": "Forward", "Index Name": "person_id_aka_name", "Relation Name": "aka_name", "Alias": "an1", "Startup Cost": 0.0, "Total Cost": 0.84, "Plan Rows": 1, "Plan Width": 20, "Actual Startup Time": 32.236, "Actual Total Time": 40.289, "Actual Rows": 17379, "Actual Loops": 7438, "Index Cond": "(person_id = ci.person_id)", "Rows Removed by Index Recheck": 0}]}, {"Node Type": "Index Scan", "Parent Relationship": "Inner", "Scan Direction": "Forward", "Index Name": "name_pkey", "Relation Name": "name", "Alias": "n1", "Startup Cost": 0.0, "Total Cost": 0.57, "Plan Rows": 1, "Plan Width": 4, "Actual Startup Time": 67.301, "Actual Total Time": 67.301, "Actual Rows": 62, "Actual Loops": 17379, "Index Cond": "(id = an1.person_id)", "Rows Removed by Index Recheck": 0, "Filter": "(((name)::text ~~ '%Yo%'::text) AND ((name)::text !~~ '%Yu%'::text))", "Rows Removed by Filter": 17317}]}]}, "Triggers": [], "Planner Runtime": 26, "Total Runtime": 3781.505, "Unique SQL Id": 3544391839}}, "(1, 6)": {"explain_plan": {"Plan": {"Node Type": "Aggregate", "Strategy": "Plain", "Startup Cost": 123512.13, "Total Cost": 123512.14, "Plan Rows": 1, "Plan Width": 97, "Plans": [{"Node Type": "Nested Loop", "Parent Relationship": "Outer", "Join Type": "Inner", "Startup Cost": 5984.57, "Total Cost": 123508.9, "Plan Rows": 646, "Plan Width": 33, "Inner Unique": true, "Plans": [{"Node Type": "Nested Loop", "Parent Relationship": "Outer", "Join Type": "Inner", "Startup Cost": 5984.25, "Total Cost": 120700.31, "Plan Rows": 645, "Plan Width": 41, "Inner Unique": false, "Plans": [{"Node Type": "Nested Loop", "Parent Relationship": "Outer", "Join Type": "Inner", "Startup Cost": 5983.86, "Total Cost": 118357.75, "Plan Rows": 532, "Plan Width": 21, "Inner Unique": false, "Join Filter": "(ci.role_id = rt.id)", "Plans": [{"Node Type": "Seq Scan", "Parent Relationship": "Outer", "Relation Name": "role_type", "Alias": "rt", "Startup Cost": 0.0, "Total Cost": 1.15, "Plan Rows": 1, "Plan Width": 4, "Filter": "((role)::text = 'actress'::text)"}, {"Node Type": "Nested Loop", "Parent Relationship": "Inner", "Join Type": "Inner", "Startup Cost": 5983.86, "Total Cost": 118283.51, "Plan Rows": 5847, "Plan Width": 25, "Inner Unique": false, "Plans": [{"Node Type": "Nested Loop", "Parent Relationship": "Outer", "Join Type": "Inner", "Startup Cost": 5983.35, "Total Cost": 91625.69, "Plan Rows": 5775, "Plan Width": 25, "Inner Unique": true, "Plans": [{"Node Type": "Hash Join", "Parent Relationship": "Outer", "Join Type": "Inner", "Startup Cost": 5982.08, "Total Cost": 61039.34, "Plan Rows": 5775, "Plan Width": 4, "Inner Unique": true, "Hash Cond": "(mc.company_id = cn.id)", "Plans": [{"Node Type": "Seq Scan", "Parent Relationship": "Outer", "Relation Name": "movie_companies", "Alias": "mc", "Startup Cost": 0.0, "Total Cost": 54862.92, "Plan Rows": 36426, "Plan Width": 8, "Filter": "(((note)::text ~~ '%(Japan)%'::text) AND ((note)::text !~~ '%(USA)%'::text))"}, {"Node Type": "Hash", "Parent Relationship": "Inner", "Startup Cost": 5903.45, "Total Cost": 5903.45, "Plan Rows": 6290, "Plan Width": 4, "Plans": [{"Node Type": "Seq Scan", "Parent Relationship": "Outer", "Relation Name": "company_name", "Alias": "cn", "Startup Cost": 0.0, "Total Cost": 5903.45, "Plan Rows": 6290, "Plan Width": 4, "Filter": "((country_code)::text = '[jp]'::text)"}]}]}, {"Node Type": "Bitmap Heap Scan", "Parent Relationship": "Inner", "Relation Name": "title", "Alias": "t", "Startup Cost": 1.27, "Total Cost": 5.29, "Plan Rows": 1, "Plan Width": 21, "Recheck Cond": "(id = mc.movie_id)", "Plans": [{"Node Type": "Bitmap Index Scan", "Parent Relationship": "Outer", "Index Name": "title_pkey", "Startup Cost": 0.0, "Total Cost": 1.27, "Plan Rows": 1, "Plan Width": 0, "Index Cond": "(id = mc.movie_id)"}]}]}, {"Node Type": "Bitmap Heap Scan", "Parent Relationship": "Inner", "Relation Name": "cast_info", "Alias": "ci", "Startup Cost": 0.52, "Total Cost": 4.61, "Plan Rows": 1, "Plan Width": 12, "Recheck Cond": "(movie_id = t.id)", "Filter": "((note)::text = '(voice: English version)'::text)", "Plans": [{"Node Type": "Bitmap Index Scan", "Parent Relationship": "Outer", "Index Name": "movie_id_cast_info", "Startup Cost": 0.0, "Total Cost": 0.52, "Plan Rows": 6, "Plan Width": 0, "Index Cond": "(movie_id = t.id)"}]}]}]}, {"Node Type": "Bitmap Heap Scan", "Parent Relationship": "Inner", "Relation Name": "aka_name", "Alias": "an1", "Startup Cost": 0.38, "Total Cost": 4.39, "Plan Rows": 1, "Plan Width": 20, "Recheck Cond": "(person_id = ci.person_id)", "Plans": [{"Node Type": "Bitmap Index Scan", "Parent Relationship": "Outer", "Index Name": "person_id_aka_name", "Startup Cost": 0.0, "Total Cost": 0.38, "Plan Rows": 1, "Plan Width": 0, "Index Cond": "(person_id = ci.person_id)"}]}]}, {"Node Type": "Bitmap Heap Scan", "Parent Relationship": "Inner", "Relation Name": "name", "Alias": "n1", "Startup Cost": 0.33, "Total Cost": 4.34, "Plan Rows": 1, "Plan Width": 4, "Recheck Cond": "(id = an1.person_id)", "Filter": "(((name)::text ~~ '%Yo%'::text) AND ((name)::text !~~ '%Yu%'::text))", "Plans": [{"Node Type": "Bitmap Index Scan", "Parent Relationship": "Outer", "Index Name": "name_pkey", "Startup Cost": 0.0, "Total Cost": 0.33, "Plan Rows": 1, "Plan Width": 0, "Index Cond": "(id = an1.person_id)"}]}]}]}, "Unique SQL Id": 3544391839, "Planner Runtime": 32}, "explain_analyze_plan": {"Plan": {"Node Type": "Aggregate", "Strategy": "Plain", "Startup Cost": 123512.13, "Total Cost": 123512.14, "Plan Rows": 1, "Plan Width": 97, "Actual Startup Time": 4852.492, "Actual Total Time": 4852.493, "Actual Rows": 1, "Actual Loops": 1, "Plans": [{"Node Type": "Nested Loop", "Parent Relationship": "Outer", "Join Type": "Inner", "Startup Cost": 5984.57, "Total Cost": 123508.9, "Plan Rows": 646, "Plan Width": 33, "Actual Startup Time": 426.052, "Actual Total Time": 4852.142, "Actual Rows": 62, "Actual Loops": 1, "Inner Unique": true, "Plans": [{"Node Type": "Nested Loop", "Parent Relationship": "Outer", "Join Type": "Inner", "Startup Cost": 5984.25, "Total Cost": 120700.31, "Plan Rows": 645, "Plan Width": 41, "Actual Startup Time": 81.994, "Actual Total Time": 4752.479, "Actual Rows": 17379, "Actual Loops": 1, "Inner Unique": false, "Plans": [{"Node Type": "Nested Loop", "Parent Relationship": "Outer", "Join Type": "Inner", "Startup Cost": 5983.86, "Total Cost": 118357.75, "Plan Rows": 532, "Plan Width": 21, "Actual Startup Time": 81.972, "Actual Total Time": 4690.671, "Actual Rows": 7438, "Actual Loops": 1, "Inner Unique": false, "Join Filter": "(ci.role_id = rt.id)", "Rows Removed by Join Filter": 12162, "Plans": [{"Node Type": "Seq Scan", "Parent Relationship": "Outer", "Relation Name": "role_type", "Alias": "rt", "Startup Cost": 0.0, "Total Cost": 1.15, "Plan Rows": 1, "Plan Width": 4, "Actual Startup Time": 0.025, "Actual Total Time": 0.035, "Actual Rows": 1, "Actual Loops": 1, "Filter": "((role)::text = 'actress'::text)", "Rows Removed by Filter": 11}, {"Node Type": "Nested Loop", "Parent Relationship": "Inner", "Join Type": "Inner", "Startup Cost": 5983.86, "Total Cost": 118283.51, "Plan Rows": 5847, "Plan Width": 25, "Actual Startup Time": 81.94, "Actual Total Time": 4685.135, "Actual Rows": 19600, "Actual Loops": 1, "Inner Unique": false, "Plans": [{"Node Type": "Nested Loop", "Parent Relationship": "Outer", "Join Type": "Inner", "Startup Cost": 5983.35, "Total Cost": 91625.69, "Plan Rows": 5775, "Plan Width": 25, "Actual Startup Time": 81.783, "Actual Total Time": 1433.235, "Actual Rows": 48328, "Actual Loops": 1, "Inner Unique": true, "Plans": [{"Node Type": "Hash Join", "Parent Relationship": "Outer", "Join Type": "Inner", "Startup Cost": 5982.08, "Total Cost": 61039.34, "Plan Rows": 5775, "Plan Width": 4, "Actual Startup Time": 81.735, "Actual Total Time": 1091.43, "Actual Rows": 48328, "Actual Loops": 1, "Inner Unique": true, "Hash Cond": "(mc.company_id = cn.id)", "Plans": [{"Node Type": "Seq Scan", "Parent Relationship": "Outer", "Relation Name": "movie_companies", "Alias": "mc", "Startup Cost": 0.0, "Total Cost": 54862.92, "Plan Rows": 36426, "Plan Width": 8, "Actual Startup Time": 0.285, "Actual Total Time": 971.263, "Actual Rows": 48897, "Actual Loops": 1, "Filter": "(((note)::text ~~ '%(Japan)%'::text) AND ((note)::text !~~ '%(USA)%'::text))", "Rows Removed by Filter": 2560231}, {"Node Type": "Hash", "Parent Relationship": "Inner", "Startup Cost": 5903.45, "Total Cost": 5903.45, "Plan Rows": 6290, "Plan Width": 4, "Actual Startup Time": 81.393, "Actual Total Time": 81.393, "Actual Rows": 6752, "Actual Loops": 1, "Hash Buckets": 32768, "Hash Batches": 1, "Original Hash Batches": 1, "Peak Memory Usage": 238, "Plans": [{"Node Type": "Seq Scan", "Parent Relationship": "Outer", "Relation Name": "company_name", "Alias": "cn", "Startup Cost": 0.0, "Total Cost": 5903.45, "Plan Rows": 6290, "Plan Width": 4, "Actual Startup Time": 0.023, "Actual Total Time": 79.313, "Actual Rows": 6752, "Actual Loops": 1, "Filter": "((country_code)::text = '[jp]'::text)", "Rows Removed by Filter": 228244}]}]}, {"Node Type": "Bitmap Heap Scan", "Parent Relationship": "Inner", "Relation Name": "title", "Alias": "t", "Startup Cost": 1.27, "Total Cost": 5.29, "Plan Rows": 1, "Plan Width": 21, "Actual Startup Time": 260.168, "Actual Total Time": 260.168, "Actual Rows": 48328, "Actual Loops": 48328, "Recheck Cond": "(id = mc.movie_id)", "Rows Removed by Index Recheck": 0, "Exact Heap Blocks": 48328, "Lossy Heap Blocks": 48328, "Plans": [{"Node Type": "Bitmap Index Scan", "Parent Relationship": "Outer", "Index Name": "title_pkey", "Startup Cost": 0.0, "Total Cost": 1.27, "Plan Rows": 1, "Plan Width": 0, "Actual Startup Time": 149.18, "Actual Total Time": 149.18, "Actual Rows": 48328, "Actual Loops": 48328, "Index Cond": "(id = mc.movie_id)"}]}]}, {"Node Type": "Bitmap Heap Scan", "Parent Relationship": "Inner", "Relation Name": "cast_info", "Alias": "ci", "Startup Cost": 0.52, "Total Cost": 4.61, "Plan Rows": 1, "Plan Width": 12, "Actual Startup Time": 3046.402, "Actual Total Time": 3177.732, "Actual Rows": 19600, "Actual Loops": 48328, "Recheck Cond": "(movie_id = t.id)", "Rows Removed by Index Recheck": 0, "Filter": "((note)::text = '(voice: English version)'::text)", "Rows Removed by Filter": 1531710, "Exact Heap Blocks": 1503105, "Lossy Heap Blocks": 1503105, "Plans": [{"Node Type": "Bitmap Index Scan", "Parent Relationship": "Outer", "Index Name": "movie_id_cast_info", "Startup Cost": 0.0, "Total Cost": 0.52, "Plan Rows": 6, "Plan Width": 0, "Actual Startup Time": 441.926, "Actual Total Time": 441.926, "Actual Rows": 1551310, "Actual Loops": 48328, "Index Cond": "(movie_id = t.id)"}]}]}]}, {"Node Type": "Bitmap Heap Scan", "Parent Relationship": "Inner", "Relation Name": "aka_name", "Alias": "an1", "Startup Cost": 0.38, "Total Cost": 4.39, "Plan Rows": 1, "Plan Width": 20, "Actual Startup Time": 42.665, "Actual Total Time": 47.678, "Actual Rows": 17379, "Actual Loops": 7438, "Recheck Cond": "(person_id = ci.person_id)", "Rows Removed by Index Recheck": 0, "Exact Heap Blocks": 6514, "Lossy Heap Blocks": 6514, "Plans": [{"Node Type": "Bitmap Index Scan", "Parent Relationship": "Outer", "Index Name": "person_id_aka_name", "Startup Cost": 0.0, "Total Cost": 0.38, "Plan Rows": 1, "Plan Width": 0, "Actual Startup Time": 28.181, "Actual Total Time": 28.181, "Actual Rows": 17379, "Actual Loops": 7438, "Index Cond": "(person_id = ci.person_id)"}]}]}, {"Node Type": "Bitmap Heap Scan", "Parent Relationship": "Inner", "Relation Name": "name", "Alias": "n1", "Startup Cost": 0.33, "Total Cost": 4.34, "Plan Rows": 1, "Plan Width": 4, "Actual Startup Time": 79.19, "Actual Total Time": 79.19, "Actual Rows": 62, "Actual Loops": 17379, "Recheck Cond": "(id = an1.person_id)", "Rows Removed by Index Recheck": 0, "Filter": "(((name)::text ~~ '%Yo%'::text) AND ((name)::text !~~ '%Yu%'::text))", "Rows Removed by Filter": 17317, "Exact Heap Blocks": 17379, "Lossy Heap Blocks": 17379, "Plans": [{"Node Type": "Bitmap Index Scan", "Parent Relationship": "Outer", "Index Name": "name_pkey", "Startup Cost": 0.0, "Total Cost": 0.33, "Plan Rows": 1, "Plan Width": 0, "Actual Startup Time": 46.11, "Actual Total Time": 46.11, "Actual Rows": 17379, "Actual Loops": 17379, "Index Cond": "(id = an1.person_id)"}]}]}]}, "Triggers": [], "Planner Runtime": 32, "Total Runtime": 4852.878, "Unique SQL Id": 3544391839}}, "(1, 7)": {"explain_plan": {"Plan": {"Node Type": "Aggregate", "Strategy": "Plain", "Startup Cost": 1000012228445.06, "Total Cost": 1000012228445.07, "Plan Rows": 1, "Plan Width": 97, "Plans": [{"Node Type": "Nested Loop", "Parent Relationship": "Outer", "Join Type": "Inner", "Startup Cost": 10000000003.19, "Total Cost": 1000012228445.0, "Plan Rows": 12, "Plan Width": 33, "Inner Unique": true, "Plans": [{"Node Type": "Nested Loop", "Parent Relationship": "Outer", "Join Type": "Inner", "Startup Cost": 10000000002.87, "Total Cost": 1000012225636.42, "Plan Rows": 645, "Plan Width": 41, "Inner Unique": true, "Plans": [{"Node Type": "Nested Loop", "Parent Relationship": "Outer", "Join Type": "Inner", "Startup Cost": 10000000002.23, "Total Cost": 1000012222628.77, "Plan Rows": 645, "Plan Width": 32, "Inner Unique": true, "Plans": [{"Node Type": "Nested Loop", "Parent Relationship": "Outer", "Join Type": "Inner", "Startup Cost": 10000000001.92, "Total Cost": 1000012205100.96, "Plan Rows": 4051, "Plan Width": 36, "Inner Unique": false, "Plans": [{"Node Type": "Nested Loop", "Parent Relationship": "Outer", "Join Type": "Inner", "Startup Cost": 10000000001.26, "Total Cost": 1000012155572.17, "Plan Rows": 10524, "Plan Width": 28, "Inner Unique": true, "Plans": [{"Node Type": "Nested Loop", "Parent Relationship": "Outer", "Join Type": "Inner", "Startup Cost": 10000000001.0, "Total Cost": 1000011659757.19, "Plan Rows": 115768, "Plan Width": 32, "Inner Unique": false, "Plans": [{"Node Type": "Index Scan", "Parent Relationship": "Outer", "Scan Direction": "Forward", "Index Name": "person_id_aka_name", "Relation Name": "aka_name", "Alias": "an1", "Startup Cost": 10000000000.0, "Total Cost": 1000006896503.43, "Plan Rows": 901342, "Plan Width": 20}, {"Node Type": "Bitmap Heap Scan", "Parent Relationship": "Inner", "Relation Name": "cast_info", "Alias": "ci", "Startup Cost": 1.0, "Total Cost": 5.27, "Plan Rows": 1, "Plan Width": 12, "Recheck Cond": "(person_id = an1.person_id)", "Filter": "((note)::text = '(voice: English version)'::text)", "Plans": [{"Node Type": "Bitmap Index Scan", "Parent Relationship": "Outer", "Index Name": "person_id_cast_info", "Startup Cost": 0.0, "Total Cost": 1.0, "Plan Rows": 18, "Plan Width": 0, "Index Cond": "(person_id = an1.person_id)"}]}]}, {"Node Type": "Bitmap Heap Scan", "Parent Relationship": "Inner", "Relation Name": "role_type", "Alias": "rt", "Startup Cost": 0.26, "Total Cost": 4.27, "Plan Rows": 1, "Plan Width": 4, "Recheck Cond": "(id = ci.role_id)", "Filter": "((role)::text = 'actress'::text)", "Plans": [{"Node Type": "Bitmap Index Scan", "Parent Relationship": "Outer", "Index Name": "role_type_pkey", "Startup Cost": 0.0, "Total Cost": 0.26, "Plan Rows": 1, "Plan Width": 0, "Index Cond": "(id = ci.role_id)"}]}]}, {"Node Type": "Bitmap Heap Scan", "Parent Relationship": "Inner", "Relation Name": "movie_companies", "Alias": "mc", "Startup Cost": 0.66, "Total Cost": 4.7, "Plan Rows": 1, "Plan Width": 8, "Recheck Cond": "(movie_id = ci.movie_id)", "Filter": "(((note)::text ~~ '%(Japan)%'::text) AND ((note)::text !~~ '%(USA)%'::text))", "Plans": [{"Node Type": "Bitmap Index Scan", "Parent Relationship": "Outer", "Index Name": "movie_id_movie_companies", "Startup Cost": 0.0, "Total Cost": 0.66, "Plan Rows": 2, "Plan Width": 0, "Index Cond": "(movie_id = ci.movie_id)"}]}]}, {"Node Type": "Bitmap Heap Scan", "Parent Relationship": "Inner", "Relation Name": "company_name", "Alias": "cn", "Startup Cost": 0.3, "Total Cost": 4.32, "Plan Rows": 1, "Plan Width": 4, "Recheck Cond": "(id = mc.company_id)", "Filter": "((country_code)::text = '[jp]'::text)", "Plans": [{"Node Type": "Bitmap Index Scan", "Parent Relationship": "Outer", "Index Name": "company_name_pkey", "Startup Cost": 0.0, "Total Cost": 0.3, "Plan Rows": 1, "Plan Width": 0, "Index Cond": "(id = mc.company_id)"}]}]}, {"Node Type": "Bitmap Heap Scan", "Parent Relationship": "Inner", "Relation Name": "title", "Alias": "t", "Startup Cost": 0.64, "Total Cost": 4.65, "Plan Rows": 1, "Plan Width": 21, "Recheck Cond": "(id = ci.movie_id)", "Plans": [{"Node Type": "Bitmap Index Scan", "Parent Relationship": "Outer", "Index Name": "title_pkey", "Startup Cost": 0.0, "Total Cost": 0.64, "Plan Rows": 1, "Plan Width": 0, "Index Cond": "(id = ci.movie_id)"}]}]}, {"Node Type": "Bitmap Heap Scan", "Parent Relationship": "Inner", "Relation Name": "name", "Alias": "n1", "Startup Cost": 0.33, "Total Cost": 4.34, "Plan Rows": 1, "Plan Width": 4, "Recheck Cond": "(id = an1.person_id)", "Filter": "(((name)::text ~~ '%Yo%'::text) AND ((name)::text !~~ '%Yu%'::text))", "Plans": [{"Node Type": "Bitmap Index Scan", "Parent Relationship": "Outer", "Index Name": "name_pkey", "Startup Cost": 0.0, "Total Cost": 0.33, "Plan Rows": 1, "Plan Width": 0, "Index Cond": "(id = an1.person_id)"}]}]}]}, "Unique SQL Id": 3544391839, "Planner Runtime": 8}, "explain_analyze_plan": null}, "(1, 8)": {"explain_plan": {"Plan": {"Node Type": "Aggregate", "Strategy": "Plain", "Startup Cost": 90336.25, "Total Cost": 90336.26, "Plan Rows": 1, "Plan Width": 97, "Plans": [{"Node Type": "Nested Loop", "Parent Relationship": "Outer", "Join Type": "Inner", "Startup Cost": 5982.08, "Total Cost": 90333.02, "Plan Rows": 646, "Plan Width": 33, "Inner Unique": true, "Plans": [{"Node Type": "Nested Loop", "Parent Relationship": "Outer", "Join Type": "Inner", "Startup Cost": 5982.08, "Total Cost": 89957.48, "Plan Rows": 645, "Plan Width": 41, "Inner Unique": false, "Plans": [{"Node Type": "Nested Loop", "Parent Relationship": "Outer", "Join Type": "Inner", "Startup Cost": 5982.08, "Total Cost": 89503.27, "Plan Rows": 532, "Plan Width": 21, "Inner Unique": false, "Join Filter": "(ci.role_id = rt.id)", "Plans": [{"Node Type": "Seq Scan", "Parent Relationship": "Outer", "Relation Name": "role_type", "Alias": "rt", "Startup Cost": 0.0, "Total Cost": 1.15, "Plan Rows": 1, "Plan Width": 4, "Filter": "((role)::text = 'actress'::text)"}, {"Node Type": "Nested Loop", "Parent Relationship": "Inner", "Join Type": "Inner", "Startup Cost": 5982.08, "Total Cost": 89429.03, "Plan Rows": 5847, "Plan Width": 25, "Inner Unique": false, "Plans": [{"Node Type": "Nested Loop", "Parent Relationship": "Outer", "Join Type": "Inner", "Startup Cost": 5982.08, "Total Cost": 83686.44, "Plan Rows": 5775, "Plan Width": 25, "Inner Unique": true, "Plans": [{"Node Type": "Hash Join", "Parent Relationship": "Outer", "Join Type": "Inner", "Startup Cost": 5982.08, "Total Cost": 61039.34, "Plan Rows": 5775, "Plan Width": 4, "Inner Unique": true, "Hash Cond": "(mc.company_id = cn.id)", "Plans": [{"Node Type": "Seq Scan", "Parent Relationship": "Outer", "Relation Name": "movie_companies", "Alias": "mc", "Startup Cost": 0.0, "Total Cost": 54862.92, "Plan Rows": 36426, "Plan Width": 8, "Filter": "(((note)::text ~~ '%(Japan)%'::text) AND ((note)::text !~~ '%(USA)%'::text))"}, {"Node Type": "Hash", "Parent Relationship": "Inner", "Startup Cost": 5903.45, "Total Cost": 5903.45, "Plan Rows": 6290, "Plan Width": 4, "Plans": [{"Node Type": "Seq Scan", "Parent Relationship": "Outer", "Relation Name": "company_name", "Alias": "cn", "Startup Cost": 0.0, "Total Cost": 5903.45, "Plan Rows": 6290, "Plan Width": 4, "Filter": "((country_code)::text = '[jp]'::text)"}]}]}, {"Node Type": "Index Scan", "Parent Relationship": "Inner", "Scan Direction": "Forward", "Index Name": "title_pkey", "Relation Name": "title", "Alias": "t", "Startup Cost": 0.0, "Total Cost": 3.91, "Plan Rows": 1, "Plan Width": 21, "Index Cond": "(id = mc.movie_id)"}]}, {"Node Type": "Index Scan", "Parent Relationship": "Inner", "Scan Direction": "Forward", "Index Name": "movie_id_cast_info", "Relation Name": "cast_info", "Alias": "ci", "Startup Cost": 0.0, "Total Cost": 0.98, "Plan Rows": 1, "Plan Width": 12, "Index Cond": "(movie_id = t.id)", "Filter": "((note)::text = '(voice: English version)'::text)"}]}]}, {"Node Type": "Index Scan", "Parent Relationship": "Inner", "Scan Direction": "Forward", "Index Name": "person_id_aka_name", "Relation Name": "aka_name", "Alias": "an1", "Startup Cost": 0.0, "Total Cost": 0.84, "Plan Rows": 1, "Plan Width": 20, "Index Cond": "(person_id = ci.person_id)"}]}, {"Node Type": "Index Scan", "Parent Relationship": "Inner", "Scan Direction": "Forward", "Index Name": "name_pkey", "Relation Name": "name", "Alias": "n1", "Startup Cost": 0.0, "Total Cost": 0.57, "Plan Rows": 1, "Plan Width": 4, "Index Cond": "(id = an1.person_id)", "Filter": "(((name)::text ~~ '%Yo%'::text) AND ((name)::text !~~ '%Yu%'::text))"}]}]}, "Unique SQL Id": 3544391839, "Planner Runtime": 30}, "explain_analyze_plan": {"Plan": {"Node Type": "Aggregate", "Strategy": "Plain", "Startup Cost": 90336.25, "Total Cost": 90336.26, "Plan Rows": 1, "Plan Width": 97, "Actual Startup Time": 4182.688, "Actual Total Time": 4182.689, "Actual Rows": 1, "Actual Loops": 1, "Plans": [{"Node Type": "Nested Loop", "Parent Relationship": "Outer", "Join Type": "Inner", "Startup Cost": 5982.08, "Total Cost": 90333.02, "Plan Rows": 646, "Plan Width": 33, "Actual Startup Time": 391.898, "Actual Total Time": 4182.444, "Actual Rows": 62, "Actual Loops": 1, "Inner Unique": true, "Plans": [{"Node Type": "Nested Loop", "Parent Relationship": "Outer", "Join Type": "Inner", "Startup Cost": 5982.08, "Total Cost": 89957.48, "Plan Rows": 645, "Plan Width": 41, "Actual Startup Time": 89.255, "Actual Total Time": 4108.999, "Actual Rows": 17379, "Actual Loops": 1, "Inner Unique": false, "Plans": [{"Node Type": "Nested Loop", "Parent Relationship": "Outer", "Join Type": "Inner", "Startup Cost": 5982.08, "Total Cost": 89503.27, "Plan Rows": 532, "Plan Width": 21, "Actual Startup Time": 89.232, "Actual Total Time": 4061.735, "Actual Rows": 7438, "Actual Loops": 1, "Inner Unique": false, "Join Filter": "(ci.role_id = rt.id)", "Rows Removed by Join Filter": 12162, "Plans": [{"Node Type": "Seq Scan", "Parent Relationship": "Outer", "Relation Name": "role_type", "Alias": "rt", "Startup Cost": 0.0, "Total Cost": 1.15, "Plan Rows": 1, "Plan Width": 4, "Actual Startup Time": 0.02, "Actual Total Time": 0.029, "Actual Rows": 1, "Actual Loops": 1, "Filter": "((role)::text = 'actress'::text)", "Rows Removed by Filter": 11}, {"Node Type": "Nested Loop", "Parent Relationship": "Inner", "Join Type": "Inner", "Startup Cost": 5982.08, "Total Cost": 89429.03, "Plan Rows": 5847, "Plan Width": 25, "Actual Startup Time": 89.204, "Actual Total Time": 4056.312, "Actual Rows": 19600, "Actual Loops": 1, "Inner Unique": false, "Plans": [{"Node Type": "Nested Loop", "Parent Relationship": "Outer", "Join Type": "Inner", "Startup Cost": 5982.08, "Total Cost": 83686.44, "Plan Rows": 5775, "Plan Width": 25, "Actual Startup Time": 89.061, "Actual Total Time": 1329.802, "Actual Rows": 48328, "Actual Loops": 1, "Inner Unique": true, "Plans": [{"Node Type": "Hash Join", "Parent Relationship": "Outer", "Join Type": "Inner", "Startup Cost": 5982.08, "Total Cost": 61039.34, "Plan Rows": 5775, "Plan Width": 4, "Actual Startup Time": 89.024, "Actual Total Time": 1088.52, "Actual Rows": 48328, "Actual Loops": 1, "Inner Unique": true, "Hash Cond": "(mc.company_id = cn.id)", "Plans": [{"Node Type": "Seq Scan", "Parent Relationship": "Outer", "Relation Name": "movie_companies", "Alias": "mc", "Startup Cost": 0.0, "Total Cost": 54862.92, "Plan Rows": 36426, "Plan Width": 8, "Actual Startup Time": 0.249, "Actual Total Time": 966.321, "Actual Rows": 48897, "Actual Loops": 1, "Filter": "(((note)::text ~~ '%(Japan)%'::text) AND ((note)::text !~~ '%(USA)%'::text))", "Rows Removed by Filter": 2560231}, {"Node Type": "Hash", "Parent Relationship": "Inner", "Startup Cost": 5903.45, "Total Cost": 5903.45, "Plan Rows": 6290, "Plan Width": 4, "Actual Startup Time": 88.711, "Actual Total Time": 88.711, "Actual Rows": 6752, "Actual Loops": 1, "Hash Buckets": 32768, "Hash Batches": 1, "Original Hash Batches": 1, "Peak Memory Usage": 238, "Plans": [{"Node Type": "Seq Scan", "Parent Relationship": "Outer", "Relation Name": "company_name", "Alias": "cn", "Startup Cost": 0.0, "Total Cost": 5903.45, "Plan Rows": 6290, "Plan Width": 4, "Actual Startup Time": 0.03, "Actual Total Time": 86.369, "Actual Rows": 6752, "Actual Loops": 1, "Filter": "((country_code)::text = '[jp]'::text)", "Rows Removed by Filter": 228244}]}]}, {"Node Type": "Index Scan", "Parent Relationship": "Inner", "Scan Direction": "Forward", "Index Name": "title_pkey", "Relation Name": "title", "Alias": "t", "Startup Cost": 0.0, "Total Cost": 3.91, "Plan Rows": 1, "Plan Width": 21, "Actual Startup Time": 200.66, "Actual Total Time": 200.66, "Actual Rows": 48328, "Actual Loops": 48328, "Index Cond": "(id = mc.movie_id)", "Rows Removed by Index Recheck": 0}]}, {"Node Type": "Index Scan", "Parent Relationship": "Inner", "Scan Direction": "Forward", "Index Name": "movie_id_cast_info", "Relation Name": "cast_info", "Alias": "ci", "Startup Cost": 0.0, "Total Cost": 0.98, "Plan Rows": 1, "Plan Width": 12, "Actual Startup Time": 2575.933, "Actual Total Time": 2696.184, "Actual Rows": 19600, "Actual Loops": 48328, "Index Cond": "(movie_id = t.id)", "Rows Removed by Index Recheck": 0, "Filter": "((note)::text = '(voice: English version)'::text)", "Rows Removed by Filter": 1531710}]}]}, {"Node Type": "Index Scan", "Parent Relationship": "Inner", "Scan Direction": "Forward", "Index Name": "person_id_aka_name", "Relation Name": "aka_name", "Alias": "an1", "Startup Cost": 0.0, "Total Cost": 0.84, "Plan Rows": 1, "Plan Width": 20, "Actual Startup Time": 30.627, "Actual Total Time": 38.546, "Actual Rows": 17379, "Actual Loops": 7438, "Index Cond": "(person_id = ci.person_id)", "Rows Removed by Index Recheck": 0}]}, {"Node Type": "Index Scan", "Parent Relationship": "Inner", "Scan Direction": "Forward", "Index Name": "name_pkey", "Relation Name": "name", "Alias": "n1", "Startup Cost": 0.0, "Total Cost": 0.57, "Plan Rows": 1, "Plan Width": 4, "Actual Startup Time": 64.775, "Actual Total Time": 64.775, "Actual Rows": 62, "Actual Loops": 17379, "Index Cond": "(id = an1.person_id)", "Rows Removed by Index Recheck": 0, "Filter": "(((name)::text ~~ '%Yo%'::text) AND ((name)::text !~~ '%Yu%'::text))", "Rows Removed by Filter": 17317}]}]}, "Triggers": [], "Planner Runtime": 30, "Total Runtime": 4183.16, "Unique SQL Id": 3544391839}}, "(1, 9)": {"explain_plan": {"Plan": {"Node Type": "Aggregate", "Strategy": "Plain", "Startup Cost": 110825.24, "Total Cost": 110825.25, "Plan Rows": 1, "Plan Width": 97, "Plans": [{"Node Type": "Nested Loop", "Parent Relationship": "Outer", "Join Type": "Inner", "Startup Cost": 0.0, "Total Cost": 110824.76, "Plan Rows": 96, "Plan Width": 33, "Inner Unique": true, "Plans": [{"Node Type": "Nested Loop", "Parent Relationship": "Outer", "Join Type": "Inner", "Startup Cost": 0.0, "Total Cost": 110449.22, "Plan Rows": 645, "Plan Width": 41, "Inner Unique": false, "Plans": [{"Node Type": "Nested Loop", "Parent Relationship": "Outer", "Join Type": "Inner", "Startup Cost": 0.0, "Total Cost": 109995.01, "Plan Rows": 532, "Plan Width": 21, "Inner Unique": false, "Join Filter": "(ci.role_id = rt.id)", "Plans": [{"Node Type": "Index Scan", "Parent Relationship": "Outer", "Scan Direction": "Forward", "Index Name": "role_type_pkey", "Relation Name": "role_type", "Alias": "rt", "Startup Cost": 0.0, "Total Cost": 12.46, "Plan Rows": 1, "Plan Width": 4, "Filter": "((role)::text = 'actress'::text)"}, {"Node Type": "Nested Loop", "Parent Relationship": "Inner", "Join Type": "Inner", "Startup Cost": 0.0, "Total Cost": 109909.47, "Plan Rows": 5847, "Plan Width": 25, "Inner Unique": false, "Plans": [{"Node Type": "Nested Loop", "Parent Relationship": "Outer", "Join Type": "Inner", "Startup Cost": 0.0, "Total Cost": 104166.87, "Plan Rows": 5775, "Plan Width": 25, "Inner Unique": true, "Plans": [{"Node Type": "Nested Loop", "Parent Relationship": "Outer", "Join Type": "Inner", "Startup Cost": 0.0, "Total Cost": 81519.78, "Plan Rows": 5775, "Plan Width": 4, "Inner Unique": false, "Plans": [{"Node Type": "Index Scan", "Parent Relationship": "Outer", "Scan Direction": "Forward", "Index Name": "company_name_pkey", "Relation Name": "company_name", "Alias": "cn", "Startup Cost": 0.0, "Total Cost": 10501.39, "Plan Rows": 6290, "Plan Width": 4, "Filter": "((country_code)::text = '[jp]'::text)"}, {"Node Type": "Index Scan", "Parent Relationship": "Inner", "Scan Direction": "Forward", "Index Name": "company_id_movie_companies", "Relation Name": "movie_companies", "Alias": "mc", "Startup Cost": 0.0, "Total Cost": 11.28, "Plan Rows": 1, "Plan Width": 8, "Index Cond": "(company_id = cn.id)", "Filter": "(((note)::text ~~ '%(Japan)%'::text) AND ((note)::text !~~ '%(USA)%'::text))"}]}, {"Node Type": "Index Scan", "Parent Relationship": "Inner", "Scan Direction": "Forward", "Index Name": "title_pkey", "Relation Name": "title", "Alias": "t", "Startup Cost": 0.0, "Total Cost": 3.91, "Plan Rows": 1, "Plan Width": 21, "Index Cond": "(id = mc.movie_id)"}]}, {"Node Type": "Index Scan", "Parent Relationship": "Inner", "Scan Direction": "Forward", "Index Name": "movie_id_cast_info", "Relation Name": "cast_info", "Alias": "ci", "Startup Cost": 0.0, "Total Cost": 0.98, "Plan Rows": 1, "Plan Width": 12, "Index Cond": "(movie_id = t.id)", "Filter": "((note)::text = '(voice: English version)'::text)"}]}]}, {"Node Type": "Index Scan", "Parent Relationship": "Inner", "Scan Direction": "Forward", "Index Name": "person_id_aka_name", "Relation Name": "aka_name", "Alias": "an1", "Startup Cost": 0.0, "Total Cost": 0.84, "Plan Rows": 1, "Plan Width": 20, "Index Cond": "(person_id = ci.person_id)"}]}, {"Node Type": "Index Scan", "Parent Relationship": "Inner", "Scan Direction": "Forward", "Index Name": "name_pkey", "Relation Name": "name", "Alias": "n1", "Startup Cost": 0.0, "Total Cost": 0.57, "Plan Rows": 1, "Plan Width": 4, "Index Cond": "(id = an1.person_id)", "Filter": "(((name)::text ~~ '%Yo%'::text) AND ((name)::text !~~ '%Yu%'::text))"}]}]}, "Unique SQL Id": 3544391839, "Planner Runtime": 29}, "explain_analyze_plan": {"Plan": {"Node Type": "Aggregate", "Strategy": "Plain", "Startup Cost": 110825.24, "Total Cost": 110825.25, "Plan Rows": 1, "Plan Width": 97, "Actual Startup Time": 3781.109, "Actual Total Time": 3781.109, "Actual Rows": 1, "Actual Loops": 1, "Plans": [{"Node Type": "Nested Loop", "Parent Relationship": "Outer", "Join Type": "Inner", "Startup Cost": 0.0, "Total Cost": 110824.76, "Plan Rows": 96, "Plan Width": 33, "Actual Startup Time": 4.294, "Actual Total Time": 3780.807, "Actual Rows": 62, "Actual Loops": 1, "Inner Unique": true, "Plans": [{"Node Type": "Nested Loop", "Parent Relationship": "Outer", "Join Type": "Inner", "Startup Cost": 0.0, "Total Cost": 110449.22, "Plan Rows": 645, "Plan Width": 41, "Actual Startup Time": 0.301, "Actual Total Time": 3704.583, "Actual Rows": 17379, "Actual Loops": 1, "Inner Unique": false, "Plans": [{"Node Type": "Nested Loop", "Parent Relationship": "Outer", "Join Type": "Inner", "Startup Cost": 0.0, "Total Cost": 109995.01, "Plan Rows": 532, "Plan Width": 21, "Actual Startup Time": 0.289, "Actual Total Time": 3655.478, "Actual Rows": 7438, "Actual Loops": 1, "Inner Unique": false, "Join Filter": "(ci.role_id = rt.id)", "Rows Removed by Join Filter": 12162, "Plans": [{"Node Type": "Index Scan", "Parent Relationship": "Outer", "Scan Direction": "Forward", "Index Name": "role_type_pkey", "Relation Name": "role_type", "Alias": "rt", "Startup Cost": 0.0, "Total Cost": 12.46, "Plan Rows": 1, "Plan Width": 4, "Actual Startup Time": 0.025, "Actual Total Time": 0.033, "Actual Rows": 1, "Actual Loops": 1, "Filter": "((role)::text = 'actress'::text)", "Rows Removed by Filter": 11}, {"Node Type": "Nested Loop", "Parent Relationship": "Inner", "Join Type": "Inner", "Startup Cost": 0.0, "Total Cost": 109909.47, "Plan Rows": 5847, "Plan Width": 25, "Actual Startup Time": 0.261, "Actual Total Time": 3650.233, "Actual Rows": 19600, "Actual Loops": 1, "Inner Unique": false, "Plans": [{"Node Type": "Nested Loop", "Parent Relationship": "Outer", "Join Type": "Inner", "Startup Cost": 0.0, "Total Cost": 104166.87, "Plan Rows": 5775, "Plan Width": 25, "Actual Startup Time": 0.204, "Actual Total Time": 810.165, "Actual Rows": 48328, "Actual Loops": 1, "Inner Unique": true, "Plans": [{"Node Type": "Nested Loop", "Parent Relationship": "Outer", "Join Type": "Inner", "Startup Cost": 0.0, "Total Cost": 81519.78, "Plan Rows": 5775, "Plan Width": 4, "Actual Startup Time": 0.195, "Actual Total Time": 514.718, "Actual Rows": 48328, "Actual Loops": 1, "Inner Unique": false, "Plans": [{"Node Type": "Index Scan", "Parent Relationship": "Outer", "Scan Direction": "Forward", "Index Name": "company_name_pkey", "Relation Name": "company_name", "Alias": "cn", "Startup Cost": 0.0, "Total Cost": 10501.39, "Plan Rows": 6290, "Plan Width": 4, "Actual Startup Time": 0.163, "Actual Total Time": 302.979, "Actual Rows": 6752, "Actual Loops": 1, "Filter": "((country_code)::text = '[jp]'::text)", "Rows Removed by Filter": 228244}, {"Node Type": "Index Scan", "Parent Relationship": "Inner", "Scan Direction": "Forward", "Index Name": "company_id_movie_companies", "Relation Name": "movie_companies", "Alias": "mc", "Startup Cost": 0.0, "Total Cost": 11.28, "Plan Rows": 1, "Plan Width": 8, "Actual Startup Time": 50.001, "Actual Total Time": 195.986, "Actual Rows": 48328, "Actual Loops": 6752, "Index Cond": "(company_id = cn.id)", "Rows Removed by Index Recheck": 0, "Filter": "(((note)::text ~~ '%(Japan)%'::text) AND ((note)::text !~~ '%(USA)%'::text))", "Rows Removed by Filter": 56667}]}, {"Node Type": "Index Scan", "Parent Relationship": "Inner", "Scan Direction": "Forward", "Index Name": "title_pkey", "Relation Name": "title", "Alias": "t", "Startup Cost": 0.0, "Total Cost": 3.91, "Plan Rows": 1, "Plan Width": 21, "Actual Startup Time": 253.429, "Actual Total Time": 253.429, "Actual Rows": 48328, "Actual Loops": 48328, "Index Cond": "(id = mc.movie_id)", "Rows Removed by Index Recheck": 0}]}, {"Node Type": "Index Scan", "Parent Relationship": "Inner", "Scan Direction": "Forward", "Index Name": "movie_id_cast_info", "Relation Name": "cast_info", "Alias": "ci", "Startup Cost": 0.0, "Total Cost": 0.98, "Plan Rows": 1, "Plan Width": 12, "Actual Startup Time": 2689.1, "Actual Total Time": 2809.841, "Actual Rows": 19600, "Actual Loops": 48328, "Index Cond": "(movie_id = t.id)", "Rows Removed by Index Recheck": 0, "Filter": "((note)::text = '(voice: English version)'::text)", "Rows Removed by Filter": 1531710}]}]}, {"Node Type": "Index Scan", "Parent Relationship": "Inner", "Scan Direction": "Forward", "Index Name": "person_id_aka_name", "Relation Name": "aka_name", "Alias": "an1", "Startup Cost": 0.0, "Total Cost": 0.84, "Plan Rows": 1, "Plan Width": 20, "Actual Startup Time": 32.236, "Actual Total Time": 40.289, "Actual Rows": 17379, "Actual Loops": 7438, "Index Cond": "(person_id = ci.person_id)", "Rows Removed by Index Recheck": 0}]}, {"Node Type": "Index Scan", "Parent Relationship": "Inner", "Scan Direction": "Forward", "Index Name": "name_pkey", "Relation Name": "name", "Alias": "n1", "Startup Cost": 0.0, "Total Cost": 0.57, "Plan Rows": 1, "Plan Width": 4, "Actual Startup Time": 67.301, "Actual Total Time": 67.301, "Actual Rows": 62, "Actual Loops": 17379, "Index Cond": "(id = an1.person_id)", "Rows Removed by Index Recheck": 0, "Filter": "(((name)::text ~~ '%Yo%'::text) AND ((name)::text !~~ '%Yu%'::text))", "Rows Removed by Filter": 17317}]}]}, "Triggers": [], "Planner Runtime": 26, "Total Runtime": 3781.505, "Unique SQL Id": 3544391839}}, "(1, 10)": {"explain_plan": {"Plan": {"Node Type": "Aggregate", "Strategy": "Plain", "Startup Cost": 984256.51, "Total Cost": 984256.52, "Plan Rows": 1, "Plan Width": 97, "Plans": [{"Node Type": "Hash Join", "Parent Relationship": "Outer", "Join Type": "Inner", "Startup Cost": 290530.01, "Total Cost": 984253.28, "Plan Rows": 646, "Plan Width": 33, "Inner Unique": true, "Hash Cond": "(ci.movie_id = t.id)", "Plans": [{"Node Type": "Hash Join", "Parent Relationship": "Outer", "Join Type": "Inner", "Startup Cost": 198857.01, "Total Cost": 892571.4, "Plan Rows": 646, "Plan Width": 24, "Inner Unique": false, "Hash Cond": "(ci.movie_id = mc.movie_id)", "Plans": [{"Node Type": "Nested Loop", "Parent Relationship": "Outer", "Join Type": "Inner", "Startup Cost": 137745.48, "Total Cost": 831383.31, "Plan Rows": 1560, "Plan Width": 20, "Inner Unique": false, "Join Filter": "(ci.role_id = rt.id)", "Plans": [{"Node Type": "Seq Scan", "Parent Relationship": "Outer", "Relation Name": "role_type", "Alias": "rt", "Startup Cost": 0.0, "Total Cost": 1.15, "Plan Rows": 1, "Plan Width": 4, "Filter": "((role)::text = 'actress'::text)"}, {"Node Type": "Hash Join", "Parent Relationship": "Inner", "Join Type": "Inner", "Startup Cost": 137745.48, "Total Cost": 831167.65, "Plan Rows": 17161, "Plan Width": 24, "Inner Unique": false, "Hash Cond": "(ci.person_id = an1.person_id)", "Plans": [{"Node Type": "Seq Scan", "Parent Relationship": "Outer", "Relation Name": "cast_info", "Alias": "ci", "Startup Cost": 0.0, "Total Cost": 692526.68, "Plan Rows": 96692, "Plan Width": 12, "Filter": "((note)::text = '(voice: English version)'::text)"}, {"Node Type": "Hash", "Parent Relationship": "Inner", "Startup Cost": 137537.65, "Total Cost": 137537.65, "Plan Rows": 16627, "Plan Width": 24, "Plans": [{"Node Type": "Hash Join", "Parent Relationship": "Outer", "Join Type": "Inner", "Startup Cost": 114082.93, "Total Cost": 137537.65, "Plan Rows": 16627, "Plan Width": 24, "Inner Unique": true, "Hash Cond": "(an1.person_id = n1.id)", "Plans": [{"Node Type": "Seq Scan", "Parent Relationship": "Outer", "Relation Name": "aka_name", "Alias": "an1", "Startup Cost": 0.0, "Total Cost": 19908.42, "Plan Rows": 901342, "Plan Width": 20}, {"Node Type": "Hash", "Parent Relationship": "Inner", "Startup Cost": 113909.35, "Total Cost": 113909.35, "Plan Rows": 13886, "Plan Width": 4, "Plans": [{"Node Type": "Seq Scan", "Parent Relationship": "Outer", "Relation Name": "name", "Alias": "n1", "Startup Cost": 0.0, "Total Cost": 113909.35, "Plan Rows": 13886, "Plan Width": 4, "Filter": "(((name)::text ~~ '%Yo%'::text) AND ((name)::text !~~ '%Yu%'::text))"}]}]}]}]}]}, {"Node Type": "Hash", "Parent Relationship": "Inner", "Startup Cost": 61039.34, "Total Cost": 61039.34, "Plan Rows": 5775, "Plan Width": 4, "Plans": [{"Node Type": "Hash Join", "Parent Relationship": "Outer", "Join Type": "Inner", "Startup Cost": 5982.08, "Total Cost": 61039.34, "Plan Rows": 5775, "Plan Width": 4, "Inner Unique": true, "Hash Cond": "(mc.company_id = cn.id)", "Plans": [{"Node Type": "Seq Scan", "Parent Relationship": "Outer", "Relation Name": "movie_companies", "Alias": "mc", "Startup Cost": 0.0, "Total Cost": 54862.92, "Plan Rows": 36426, "Plan Width": 8, "Filter": "(((note)::text ~~ '%(Japan)%'::text) AND ((note)::text !~~ '%(USA)%'::text))"}, {"Node Type": "Hash", "Parent Relationship": "Inner", "Startup Cost": 5903.45, "Total Cost": 5903.45, "Plan Rows": 6290, "Plan Width": 4, "Plans": [{"Node Type": "Seq Scan", "Parent Relationship": "Outer", "Relation Name": "company_name", "Alias": "cn", "Startup Cost": 0.0, "Total Cost": 5903.45, "Plan Rows": 6290, "Plan Width": 4, "Filter": "((country_code)::text = '[jp]'::text)"}]}]}]}]}, {"Node Type": "Hash", "Parent Relationship": "Inner", "Startup Cost": 60069.11, "Total Cost": 60069.11, "Plan Rows": 2528311, "Plan Width": 21, "Plans": [{"Node Type": "Seq Scan", "Parent Relationship": "Outer", "Relation Name": "title", "Alias": "t", "Startup Cost": 0.0, "Total Cost": 60069.11, "Plan Rows": 2528311, "Plan Width": 21}]}]}]}, "Unique SQL Id": 3544391839, "Planner Runtime": 59}, "explain_analyze_plan": null}, "(1, 11)": {"explain_plan": {"Plan": {"Node Type": "Aggregate", "Strategy": "Plain", "Startup Cost": 6721053364161.28, "Total Cost": 6721053364161.29, "Plan Rows": 1, "Plan Width": 97, "Plans": [{"Node Type": "Merge Join", "Parent Relationship": "Outer", "Join Type": "Inner", "Startup Cost": 70051235465.84, "Total Cost": 6721053364158.05, "Plan Rows": 646, "Plan Width": 33, "Inner Unique": true, "Merge Cond": "(ci.movie_id = t.id)", "Plans": [{"Node Type": "Nested Loop", "Parent Relationship": "Outer", "Join Type": "Inner", "Startup Cost": 60051235465.84, "Total Cost": 5721925336380.1, "Plan Rows": 646, "Plan Width": 24, "Inner Unique": true, "Join Filter": "(mc.company_id = cn.id)", "Plans": [{"Node Type": "Nested Loop", "Parent Relationship": "Outer", "Join Type": "Inner", "Startup Cost": 50051235465.84, "Total Cost": 4721924164513.91, "Plan Rows": 1290, "Plan Width": 28, "Inner Unique": false, "Join Filter": "(ci.movie_id = mc.movie_id)", "Plans": [{"Node Type": "Index Scan", "Parent Relationship": "Outer", "Scan Direction": "Forward", "Index Name": "movie_id_movie_companies", "Relation Name": "movie_companies", "Alias": "mc", "Startup Cost": 10000000000.0, "Total Cost": 1000014356510.13, "Plan Rows": 36426, "Plan Width": 8, "Filter": "(((note)::text ~~ '%(Japan)%'::text) AND ((note)::text !~~ '%(USA)%'::text))"}, {"Node Type": "Materialize", "Parent Relationship": "Inner", "Startup Cost": 40051235465.84, "Total Cost": 3721908955639.28, "Plan Rows": 1560, "Plan Width": 20, "Plans": [{"Node Type": "Nested Loop", "Parent Relationship": "Outer", "Join Type": "Inner", "Startup Cost": 40051235465.84, "Total Cost": 3721908955631.48, "Plan Rows": 1560, "Plan Width": 20, "Inner Unique": true, "Join Filter": "(ci.role_id = rt.id)", "Plans": [{"Node Type": "Merge Join", "Parent Relationship": "Outer", "Join Type": "Inner", "Startup Cost": 30051235465.84, "Total Cost": 2721908954128.06, "Plan Rows": 17161, "Plan Width": 24, "Inner Unique": false, "Merge Cond": "(an1.person_id = ci.person_id)", "Plans": [{"Node Type": "Merge Join", "Parent Relationship": "Outer", "Join Type": "Inner", "Startup Cost": 20030754356.47, "Total Cost": 2000026606025.89, "Plan Rows": 16627, "Plan Width": 24, "Inner Unique": true, "Merge Cond": "(an1.person_id = n1.id)", "Plans": [{"Node Type": "Index Scan", "Parent Relationship": "Outer", "Scan Direction": "Forward", "Index Name": "person_id_aka_name", "Relation Name": "aka_name", "Alias": "an1", "Startup Cost": 10000000000.0, "Total Cost": 1000006896503.43, "Plan Rows": 901342, "Plan Width": 20}, {"Node Type": "Materialize", "Parent Relationship": "Inner", "Startup Cost": 10000000000.0, "Total Cost": 1000019707054.42, "Plan Rows": 13886, "Plan Width": 4, "Plans": [{"Node Type": "Index Scan", "Parent Relationship": "Outer", "Scan Direction": "Forward", "Index Name": "name_pkey", "Relation Name": "name", "Alias": "n1", "Startup Cost": 10000000000.0, "Total Cost": 1000019707019.7, "Plan Rows": 13886, "Plan Width": 4, "Filter": "(((name)::text ~~ '%Yo%'::text) AND ((name)::text !~~ '%Yu%'::text))"}]}]}, {"Node Type": "Index Scan", "Parent Relationship": "Inner", "Scan Direction": "Forward", "Index Name": "person_id_cast_info", "Relation Name": "cast_info", "Alias": "ci", "Startup Cost": 10000000000.0, "Total Cost": 1000179713706.71, "Plan Rows": 96692, "Plan Width": 12, "Filter": "((note)::text = '(voice: English version)'::text)"}]}, {"Node Type": "Materialize", "Parent Relationship": "Inner", "Startup Cost": 10000000000.0, "Total Cost": 1000000001246.0, "Plan Rows": 1, "Plan Width": 4, "Plans": [{"Node Type": "Index Scan", "Parent Relationship": "Outer", "Scan Direction": "Forward", "Index Name": "role_type_pkey", "Relation Name": "role_type", "Alias": "rt", "Startup Cost": 10000000000.0, "Total Cost": 1000000001246.0, "Plan Rows": 1, "Plan Width": 4, "Filter": "((role)::text = 'actress'::text)"}]}]}]}]}, {"Node Type": "Materialize", "Parent Relationship": "Inner", "Startup Cost": 10000000000.0, "Total Cost": 1000001050170.42, "Plan Rows": 6290, "Plan Width": 4, "Plans": [{"Node Type": "Index Scan", "Parent Relationship": "Outer", "Scan Direction": "Forward", "Index Name": "company_name_pkey", "Relation Name": "company_name", "Alias": "cn", "Startup Cost": 10000000000.0, "Total Cost": 1000001050138.97, "Plan Rows": 6290, "Plan Width": 4, "Filter": "((country_code)::text = '[jp]'::text)"}]}]}, {"Node Type": "Index Scan", "Parent Relationship": "Inner", "Scan Direction": "Forward", "Index Name": "title_pkey", "Relation Name": "title", "Alias": "t", "Startup Cost": 10000000000.0, "Total Cost": 1000011012048.91, "Plan Rows": 2528311, "Plan Width": 21}]}]}, "Unique SQL Id": 3544391839, "Planner Runtime": 76}, "explain_analyze_plan": null}, "(1, 12)": {"explain_plan": {"Plan": {"Node Type": "Aggregate", "Strategy": "Plain", "Startup Cost": 90336.25, "Total Cost": 90336.26, "Plan Rows": 1, "Plan Width": 97, "Plans": [{"Node Type": "Nested Loop", "Parent Relationship": "Outer", "Join Type": "Inner", "Startup Cost": 5982.08, "Total Cost": 90333.02, "Plan Rows": 646, "Plan Width": 33, "Inner Unique": true, "Plans": [{"Node Type": "Nested Loop", "Parent Relationship": "Outer", "Join Type": "Inner", "Startup Cost": 5982.08, "Total Cost": 89957.48, "Plan Rows": 645, "Plan Width": 41, "Inner Unique": false, "Plans": [{"Node Type": "Nested Loop", "Parent Relationship": "Outer", "Join Type": "Inner", "Startup Cost": 5982.08, "Total Cost": 89503.27, "Plan Rows": 532, "Plan Width": 21, "Inner Unique": false, "Join Filter": "(ci.role_id = rt.id)", "Plans": [{"Node Type": "Seq Scan", "Parent Relationship": "Outer", "Relation Name": "role_type", "Alias": "rt", "Startup Cost": 0.0, "Total Cost": 1.15, "Plan Rows": 1, "Plan Width": 4, "Filter": "((role)::text = 'actress'::text)"}, {"Node Type": "Nested Loop", "Parent Relationship": "Inner", "Join Type": "Inner", "Startup Cost": 5982.08, "Total Cost": 89429.03, "Plan Rows": 5847, "Plan Width": 25, "Inner Unique": false, "Plans": [{"Node Type": "Nested Loop", "Parent Relationship": "Outer", "Join Type": "Inner", "Startup Cost": 5982.08, "Total Cost": 83686.44, "Plan Rows": 5775, "Plan Width": 25, "Inner Unique": true, "Plans": [{"Node Type": "Hash Join", "Parent Relationship": "Outer", "Join Type": "Inner", "Startup Cost": 5982.08, "Total Cost": 61039.34, "Plan Rows": 5775, "Plan Width": 4, "Inner Unique": true, "Hash Cond": "(mc.company_id = cn.id)", "Plans": [{"Node Type": "Seq Scan", "Parent Relationship": "Outer", "Relation Name": "movie_companies", "Alias": "mc", "Startup Cost": 0.0, "Total Cost": 54862.92, "Plan Rows": 36426, "Plan Width": 8, "Filter": "(((note)::text ~~ '%(Japan)%'::text) AND ((note)::text !~~ '%(USA)%'::text))"}, {"Node Type": "Hash", "Parent Relationship": "Inner", "Startup Cost": 5903.45, "Total Cost": 5903.45, "Plan Rows": 6290, "Plan Width": 4, "Plans": [{"Node Type": "Seq Scan", "Parent Relationship": "Outer", "Relation Name": "company_name", "Alias": "cn", "Startup Cost": 0.0, "Total Cost": 5903.45, "Plan Rows": 6290, "Plan Width": 4, "Filter": "((country_code)::text = '[jp]'::text)"}]}]}, {"Node Type": "Index Scan", "Parent Relationship": "Inner", "Scan Direction": "Forward", "Index Name": "title_pkey", "Relation Name": "title", "Alias": "t", "Startup Cost": 0.0, "Total Cost": 3.91, "Plan Rows": 1, "Plan Width": 21, "Index Cond": "(id = mc.movie_id)"}]}, {"Node Type": "Index Scan", "Parent Relationship": "Inner", "Scan Direction": "Forward", "Index Name": "movie_id_cast_info", "Relation Name": "cast_info", "Alias": "ci", "Startup Cost": 0.0, "Total Cost": 0.98, "Plan Rows": 1, "Plan Width": 12, "Index Cond": "(movie_id = t.id)", "Filter": "((note)::text = '(voice: English version)'::text)"}]}]}, {"Node Type": "Index Scan", "Parent Relationship": "Inner", "Scan Direction": "Forward", "Index Name": "person_id_aka_name", "Relation Name": "aka_name", "Alias": "an1", "Startup Cost": 0.0, "Total Cost": 0.84, "Plan Rows": 1, "Plan Width": 20, "Index Cond": "(person_id = ci.person_id)"}]}, {"Node Type": "Index Scan", "Parent Relationship": "Inner", "Scan Direction": "Forward", "Index Name": "name_pkey", "Relation Name": "name", "Alias": "n1", "Startup Cost": 0.0, "Total Cost": 0.57, "Plan Rows": 1, "Plan Width": 4, "Index Cond": "(id = an1.person_id)", "Filter": "(((name)::text ~~ '%Yo%'::text) AND ((name)::text !~~ '%Yu%'::text))"}]}]}, "Unique SQL Id": 3544391839, "Planner Runtime": 30}, "explain_analyze_plan": {"Plan": {"Node Type": "Aggregate", "Strategy": "Plain", "Startup Cost": 90336.25, "Total Cost": 90336.26, "Plan Rows": 1, "Plan Width": 97, "Actual Startup Time": 4182.688, "Actual Total Time": 4182.689, "Actual Rows": 1, "Actual Loops": 1, "Plans": [{"Node Type": "Nested Loop", "Parent Relationship": "Outer", "Join Type": "Inner", "Startup Cost": 5982.08, "Total Cost": 90333.02, "Plan Rows": 646, "Plan Width": 33, "Actual Startup Time": 391.898, "Actual Total Time": 4182.444, "Actual Rows": 62, "Actual Loops": 1, "Inner Unique": true, "Plans": [{"Node Type": "Nested Loop", "Parent Relationship": "Outer", "Join Type": "Inner", "Startup Cost": 5982.08, "Total Cost": 89957.48, "Plan Rows": 645, "Plan Width": 41, "Actual Startup Time": 89.255, "Actual Total Time": 4108.999, "Actual Rows": 17379, "Actual Loops": 1, "Inner Unique": false, "Plans": [{"Node Type": "Nested Loop", "Parent Relationship": "Outer", "Join Type": "Inner", "Startup Cost": 5982.08, "Total Cost": 89503.27, "Plan Rows": 532, "Plan Width": 21, "Actual Startup Time": 89.232, "Actual Total Time": 4061.735, "Actual Rows": 7438, "Actual Loops": 1, "Inner Unique": false, "Join Filter": "(ci.role_id = rt.id)", "Rows Removed by Join Filter": 12162, "Plans": [{"Node Type": "Seq Scan", "Parent Relationship": "Outer", "Relation Name": "role_type", "Alias": "rt", "Startup Cost": 0.0, "Total Cost": 1.15, "Plan Rows": 1, "Plan Width": 4, "Actual Startup Time": 0.02, "Actual Total Time": 0.029, "Actual Rows": 1, "Actual Loops": 1, "Filter": "((role)::text = 'actress'::text)", "Rows Removed by Filter": 11}, {"Node Type": "Nested Loop", "Parent Relationship": "Inner", "Join Type": "Inner", "Startup Cost": 5982.08, "Total Cost": 89429.03, "Plan Rows": 5847, "Plan Width": 25, "Actual Startup Time": 89.204, "Actual Total Time": 4056.312, "Actual Rows": 19600, "Actual Loops": 1, "Inner Unique": false, "Plans": [{"Node Type": "Nested Loop", "Parent Relationship": "Outer", "Join Type": "Inner", "Startup Cost": 5982.08, "Total Cost": 83686.44, "Plan Rows": 5775, "Plan Width": 25, "Actual Startup Time": 89.061, "Actual Total Time": 1329.802, "Actual Rows": 48328, "Actual Loops": 1, "Inner Unique": true, "Plans": [{"Node Type": "Hash Join", "Parent Relationship": "Outer", "Join Type": "Inner", "Startup Cost": 5982.08, "Total Cost": 61039.34, "Plan Rows": 5775, "Plan Width": 4, "Actual Startup Time": 89.024, "Actual Total Time": 1088.52, "Actual Rows": 48328, "Actual Loops": 1, "Inner Unique": true, "Hash Cond": "(mc.company_id = cn.id)", "Plans": [{"Node Type": "Seq Scan", "Parent Relationship": "Outer", "Relation Name": "movie_companies", "Alias": "mc", "Startup Cost": 0.0, "Total Cost": 54862.92, "Plan Rows": 36426, "Plan Width": 8, "Actual Startup Time": 0.249, "Actual Total Time": 966.321, "Actual Rows": 48897, "Actual Loops": 1, "Filter": "(((note)::text ~~ '%(Japan)%'::text) AND ((note)::text !~~ '%(USA)%'::text))", "Rows Removed by Filter": 2560231}, {"Node Type": "Hash", "Parent Relationship": "Inner", "Startup Cost": 5903.45, "Total Cost": 5903.45, "Plan Rows": 6290, "Plan Width": 4, "Actual Startup Time": 88.711, "Actual Total Time": 88.711, "Actual Rows": 6752, "Actual Loops": 1, "Hash Buckets": 32768, "Hash Batches": 1, "Original Hash Batches": 1, "Peak Memory Usage": 238, "Plans": [{"Node Type": "Seq Scan", "Parent Relationship": "Outer", "Relation Name": "company_name", "Alias": "cn", "Startup Cost": 0.0, "Total Cost": 5903.45, "Plan Rows": 6290, "Plan Width": 4, "Actual Startup Time": 0.03, "Actual Total Time": 86.369, "Actual Rows": 6752, "Actual Loops": 1, "Filter": "((country_code)::text = '[jp]'::text)", "Rows Removed by Filter": 228244}]}]}, {"Node Type": "Index Scan", "Parent Relationship": "Inner", "Scan Direction": "Forward", "Index Name": "title_pkey", "Relation Name": "title", "Alias": "t", "Startup Cost": 0.0, "Total Cost": 3.91, "Plan Rows": 1, "Plan Width": 21, "Actual Startup Time": 200.66, "Actual Total Time": 200.66, "Actual Rows": 48328, "Actual Loops": 48328, "Index Cond": "(id = mc.movie_id)", "Rows Removed by Index Recheck": 0}]}, {"Node Type": "Index Scan", "Parent Relationship": "Inner", "Scan Direction": "Forward", "Index Name": "movie_id_cast_info", "Relation Name": "cast_info", "Alias": "ci", "Startup Cost": 0.0, "Total Cost": 0.98, "Plan Rows": 1, "Plan Width": 12, "Actual Startup Time": 2575.933, "Actual Total Time": 2696.184, "Actual Rows": 19600, "Actual Loops": 48328, "Index Cond": "(movie_id = t.id)", "Rows Removed by Index Recheck": 0, "Filter": "((note)::text = '(voice: English version)'::text)", "Rows Removed by Filter": 1531710}]}]}, {"Node Type": "Index Scan", "Parent Relationship": "Inner", "Scan Direction": "Forward", "Index Name": "person_id_aka_name", "Relation Name": "aka_name", "Alias": "an1", "Startup Cost": 0.0, "Total Cost": 0.84, "Plan Rows": 1, "Plan Width": 20, "Actual Startup Time": 30.627, "Actual Total Time": 38.546, "Actual Rows": 17379, "Actual Loops": 7438, "Index Cond": "(person_id = ci.person_id)", "Rows Removed by Index Recheck": 0}]}, {"Node Type": "Index Scan", "Parent Relationship": "Inner", "Scan Direction": "Forward", "Index Name": "name_pkey", "Relation Name": "name", "Alias": "n1", "Startup Cost": 0.0, "Total Cost": 0.57, "Plan Rows": 1, "Plan Width": 4, "Actual Startup Time": 64.775, "Actual Total Time": 64.775, "Actual Rows": 62, "Actual Loops": 17379, "Index Cond": "(id = an1.person_id)", "Rows Removed by Index Recheck": 0, "Filter": "(((name)::text ~~ '%Yo%'::text) AND ((name)::text !~~ '%Yu%'::text))", "Rows Removed by Filter": 17317}]}]}, "Triggers": [], "Planner Runtime": 30, "Total Runtime": 4183.16, "Unique SQL Id": 3544391839}}, "(1, 13)": {"explain_plan": {"Plan": {"Node Type": "Aggregate", "Strategy": "Plain", "Startup Cost": 110825.24, "Total Cost": 110825.25, "Plan Rows": 1, "Plan Width": 97, "Plans": [{"Node Type": "Nested Loop", "Parent Relationship": "Outer", "Join Type": "Inner", "Startup Cost": 0.0, "Total Cost": 110824.76, "Plan Rows": 96, "Plan Width": 33, "Inner Unique": true, "Plans": [{"Node Type": "Nested Loop", "Parent Relationship": "Outer", "Join Type": "Inner", "Startup Cost": 0.0, "Total Cost": 110449.22, "Plan Rows": 645, "Plan Width": 41, "Inner Unique": false, "Plans": [{"Node Type": "Nested Loop", "Parent Relationship": "Outer", "Join Type": "Inner", "Startup Cost": 0.0, "Total Cost": 109995.01, "Plan Rows": 532, "Plan Width": 21, "Inner Unique": false, "Join Filter": "(ci.role_id = rt.id)", "Plans": [{"Node Type": "Index Scan", "Parent Relationship": "Outer", "Scan Direction": "Forward", "Index Name": "role_type_pkey", "Relation Name": "role_type", "Alias": "rt", "Startup Cost": 0.0, "Total Cost": 12.46, "Plan Rows": 1, "Plan Width": 4, "Filter": "((role)::text = 'actress'::text)"}, {"Node Type": "Nested Loop", "Parent Relationship": "Inner", "Join Type": "Inner", "Startup Cost": 0.0, "Total Cost": 109909.47, "Plan Rows": 5847, "Plan Width": 25, "Inner Unique": false, "Plans": [{"Node Type": "Nested Loop", "Parent Relationship": "Outer", "Join Type": "Inner", "Startup Cost": 0.0, "Total Cost": 104166.87, "Plan Rows": 5775, "Plan Width": 25, "Inner Unique": true, "Plans": [{"Node Type": "Nested Loop", "Parent Relationship": "Outer", "Join Type": "Inner", "Startup Cost": 0.0, "Total Cost": 81519.78, "Plan Rows": 5775, "Plan Width": 4, "Inner Unique": false, "Plans": [{"Node Type": "Index Scan", "Parent Relationship": "Outer", "Scan Direction": "Forward", "Index Name": "company_name_pkey", "Relation Name": "company_name", "Alias": "cn", "Startup Cost": 0.0, "Total Cost": 10501.39, "Plan Rows": 6290, "Plan Width": 4, "Filter": "((country_code)::text = '[jp]'::text)"}, {"Node Type": "Index Scan", "Parent Relationship": "Inner", "Scan Direction": "Forward", "Index Name": "company_id_movie_companies", "Relation Name": "movie_companies", "Alias": "mc", "Startup Cost": 0.0, "Total Cost": 11.28, "Plan Rows": 1, "Plan Width": 8, "Index Cond": "(company_id = cn.id)", "Filter": "(((note)::text ~~ '%(Japan)%'::text) AND ((note)::text !~~ '%(USA)%'::text))"}]}, {"Node Type": "Index Scan", "Parent Relationship": "Inner", "Scan Direction": "Forward", "Index Name": "title_pkey", "Relation Name": "title", "Alias": "t", "Startup Cost": 0.0, "Total Cost": 3.91, "Plan Rows": 1, "Plan Width": 21, "Index Cond": "(id = mc.movie_id)"}]}, {"Node Type": "Index Scan", "Parent Relationship": "Inner", "Scan Direction": "Forward", "Index Name": "movie_id_cast_info", "Relation Name": "cast_info", "Alias": "ci", "Startup Cost": 0.0, "Total Cost": 0.98, "Plan Rows": 1, "Plan Width": 12, "Index Cond": "(movie_id = t.id)", "Filter": "((note)::text = '(voice: English version)'::text)"}]}]}, {"Node Type": "Index Scan", "Parent Relationship": "Inner", "Scan Direction": "Forward", "Index Name": "person_id_aka_name", "Relation Name": "aka_name", "Alias": "an1", "Startup Cost": 0.0, "Total Cost": 0.84, "Plan Rows": 1, "Plan Width": 20, "Index Cond": "(person_id = ci.person_id)"}]}, {"Node Type": "Index Scan", "Parent Relationship": "Inner", "Scan Direction": "Forward", "Index Name": "name_pkey", "Relation Name": "name", "Alias": "n1", "Startup Cost": 0.0, "Total Cost": 0.57, "Plan Rows": 1, "Plan Width": 4, "Index Cond": "(id = an1.person_id)", "Filter": "(((name)::text ~~ '%Yo%'::text) AND ((name)::text !~~ '%Yu%'::text))"}]}]}, "Unique SQL Id": 3544391839, "Planner Runtime": 29}, "explain_analyze_plan": {"Plan": {"Node Type": "Aggregate", "Strategy": "Plain", "Startup Cost": 110825.24, "Total Cost": 110825.25, "Plan Rows": 1, "Plan Width": 97, "Actual Startup Time": 3781.109, "Actual Total Time": 3781.109, "Actual Rows": 1, "Actual Loops": 1, "Plans": [{"Node Type": "Nested Loop", "Parent Relationship": "Outer", "Join Type": "Inner", "Startup Cost": 0.0, "Total Cost": 110824.76, "Plan Rows": 96, "Plan Width": 33, "Actual Startup Time": 4.294, "Actual Total Time": 3780.807, "Actual Rows": 62, "Actual Loops": 1, "Inner Unique": true, "Plans": [{"Node Type": "Nested Loop", "Parent Relationship": "Outer", "Join Type": "Inner", "Startup Cost": 0.0, "Total Cost": 110449.22, "Plan Rows": 645, "Plan Width": 41, "Actual Startup Time": 0.301, "Actual Total Time": 3704.583, "Actual Rows": 17379, "Actual Loops": 1, "Inner Unique": false, "Plans": [{"Node Type": "Nested Loop", "Parent Relationship": "Outer", "Join Type": "Inner", "Startup Cost": 0.0, "Total Cost": 109995.01, "Plan Rows": 532, "Plan Width": 21, "Actual Startup Time": 0.289, "Actual Total Time": 3655.478, "Actual Rows": 7438, "Actual Loops": 1, "Inner Unique": false, "Join Filter": "(ci.role_id = rt.id)", "Rows Removed by Join Filter": 12162, "Plans": [{"Node Type": "Index Scan", "Parent Relationship": "Outer", "Scan Direction": "Forward", "Index Name": "role_type_pkey", "Relation Name": "role_type", "Alias": "rt", "Startup Cost": 0.0, "Total Cost": 12.46, "Plan Rows": 1, "Plan Width": 4, "Actual Startup Time": 0.025, "Actual Total Time": 0.033, "Actual Rows": 1, "Actual Loops": 1, "Filter": "((role)::text = 'actress'::text)", "Rows Removed by Filter": 11}, {"Node Type": "Nested Loop", "Parent Relationship": "Inner", "Join Type": "Inner", "Startup Cost": 0.0, "Total Cost": 109909.47, "Plan Rows": 5847, "Plan Width": 25, "Actual Startup Time": 0.261, "Actual Total Time": 3650.233, "Actual Rows": 19600, "Actual Loops": 1, "Inner Unique": false, "Plans": [{"Node Type": "Nested Loop", "Parent Relationship": "Outer", "Join Type": "Inner", "Startup Cost": 0.0, "Total Cost": 104166.87, "Plan Rows": 5775, "Plan Width": 25, "Actual Startup Time": 0.204, "Actual Total Time": 810.165, "Actual Rows": 48328, "Actual Loops": 1, "Inner Unique": true, "Plans": [{"Node Type": "Nested Loop", "Parent Relationship": "Outer", "Join Type": "Inner", "Startup Cost": 0.0, "Total Cost": 81519.78, "Plan Rows": 5775, "Plan Width": 4, "Actual Startup Time": 0.195, "Actual Total Time": 514.718, "Actual Rows": 48328, "Actual Loops": 1, "Inner Unique": false, "Plans": [{"Node Type": "Index Scan", "Parent Relationship": "Outer", "Scan Direction": "Forward", "Index Name": "company_name_pkey", "Relation Name": "company_name", "Alias": "cn", "Startup Cost": 0.0, "Total Cost": 10501.39, "Plan Rows": 6290, "Plan Width": 4, "Actual Startup Time": 0.163, "Actual Total Time": 302.979, "Actual Rows": 6752, "Actual Loops": 1, "Filter": "((country_code)::text = '[jp]'::text)", "Rows Removed by Filter": 228244}, {"Node Type": "Index Scan", "Parent Relationship": "Inner", "Scan Direction": "Forward", "Index Name": "company_id_movie_companies", "Relation Name": "movie_companies", "Alias": "mc", "Startup Cost": 0.0, "Total Cost": 11.28, "Plan Rows": 1, "Plan Width": 8, "Actual Startup Time": 50.001, "Actual Total Time": 195.986, "Actual Rows": 48328, "Actual Loops": 6752, "Index Cond": "(company_id = cn.id)", "Rows Removed by Index Recheck": 0, "Filter": "(((note)::text ~~ '%(Japan)%'::text) AND ((note)::text !~~ '%(USA)%'::text))", "Rows Removed by Filter": 56667}]}, {"Node Type": "Index Scan", "Parent Relationship": "Inner", "Scan Direction": "Forward", "Index Name": "title_pkey", "Relation Name": "title", "Alias": "t", "Startup Cost": 0.0, "Total Cost": 3.91, "Plan Rows": 1, "Plan Width": 21, "Actual Startup Time": 253.429, "Actual Total Time": 253.429, "Actual Rows": 48328, "Actual Loops": 48328, "Index Cond": "(id = mc.movie_id)", "Rows Removed by Index Recheck": 0}]}, {"Node Type": "Index Scan", "Parent Relationship": "Inner", "Scan Direction": "Forward", "Index Name": "movie_id_cast_info", "Relation Name": "cast_info", "Alias": "ci", "Startup Cost": 0.0, "Total Cost": 0.98, "Plan Rows": 1, "Plan Width": 12, "Actual Startup Time": 2689.1, "Actual Total Time": 2809.841, "Actual Rows": 19600, "Actual Loops": 48328, "Index Cond": "(movie_id = t.id)", "Rows Removed by Index Recheck": 0, "Filter": "((note)::text = '(voice: English version)'::text)", "Rows Removed by Filter": 1531710}]}]}, {"Node Type": "Index Scan", "Parent Relationship": "Inner", "Scan Direction": "Forward", "Index Name": "person_id_aka_name", "Relation Name": "aka_name", "Alias": "an1", "Startup Cost": 0.0, "Total Cost": 0.84, "Plan Rows": 1, "Plan Width": 20, "Actual Startup Time": 32.236, "Actual Total Time": 40.289, "Actual Rows": 17379, "Actual Loops": 7438, "Index Cond": "(person_id = ci.person_id)", "Rows Removed by Index Recheck": 0}]}, {"Node Type": "Index Scan", "Parent Relationship": "Inner", "Scan Direction": "Forward", "Index Name": "name_pkey", "Relation Name": "name", "Alias": "n1", "Startup Cost": 0.0, "Total Cost": 0.57, "Plan Rows": 1, "Plan Width": 4, "Actual Startup Time": 67.301, "Actual Total Time": 67.301, "Actual Rows": 62, "Actual Loops": 17379, "Index Cond": "(id = an1.person_id)", "Rows Removed by Index Recheck": 0, "Filter": "(((name)::text ~~ '%Yo%'::text) AND ((name)::text !~~ '%Yu%'::text))", "Rows Removed by Filter": 17317}]}]}, "Triggers": [], "Planner Runtime": 26, "Total Runtime": 3781.505, "Unique SQL Id": 3544391839}}, "(1, 14)": {"explain_plan": {"Plan": {"Node Type": "Aggregate", "Strategy": "Plain", "Startup Cost": 984256.51, "Total Cost": 984256.52, "Plan Rows": 1, "Plan Width": 97, "Plans": [{"Node Type": "Hash Join", "Parent Relationship": "Outer", "Join Type": "Inner", "Startup Cost": 290530.01, "Total Cost": 984253.28, "Plan Rows": 646, "Plan Width": 33, "Inner Unique": true, "Hash Cond": "(ci.movie_id = t.id)", "Plans": [{"Node Type": "Hash Join", "Parent Relationship": "Outer", "Join Type": "Inner", "Startup Cost": 198857.01, "Total Cost": 892571.4, "Plan Rows": 646, "Plan Width": 24, "Inner Unique": false, "Hash Cond": "(ci.movie_id = mc.movie_id)", "Plans": [{"Node Type": "Nested Loop", "Parent Relationship": "Outer", "Join Type": "Inner", "Startup Cost": 137745.48, "Total Cost": 831383.31, "Plan Rows": 1560, "Plan Width": 20, "Inner Unique": false, "Join Filter": "(ci.role_id = rt.id)", "Plans": [{"Node Type": "Seq Scan", "Parent Relationship": "Outer", "Relation Name": "role_type", "Alias": "rt", "Startup Cost": 0.0, "Total Cost": 1.15, "Plan Rows": 1, "Plan Width": 4, "Filter": "((role)::text = 'actress'::text)"}, {"Node Type": "Hash Join", "Parent Relationship": "Inner", "Join Type": "Inner", "Startup Cost": 137745.48, "Total Cost": 831167.65, "Plan Rows": 17161, "Plan Width": 24, "Inner Unique": false, "Hash Cond": "(ci.person_id = an1.person_id)", "Plans": [{"Node Type": "Seq Scan", "Parent Relationship": "Outer", "Relation Name": "cast_info", "Alias": "ci", "Startup Cost": 0.0, "Total Cost": 692526.68, "Plan Rows": 96692, "Plan Width": 12, "Filter": "((note)::text = '(voice: English version)'::text)"}, {"Node Type": "Hash", "Parent Relationship": "Inner", "Startup Cost": 137537.65, "Total Cost": 137537.65, "Plan Rows": 16627, "Plan Width": 24, "Plans": [{"Node Type": "Hash Join", "Parent Relationship": "Outer", "Join Type": "Inner", "Startup Cost": 114082.93, "Total Cost": 137537.65, "Plan Rows": 16627, "Plan Width": 24, "Inner Unique": true, "Hash Cond": "(an1.person_id = n1.id)", "Plans": [{"Node Type": "Seq Scan", "Parent Relationship": "Outer", "Relation Name": "aka_name", "Alias": "an1", "Startup Cost": 0.0, "Total Cost": 19908.42, "Plan Rows": 901342, "Plan Width": 20}, {"Node Type": "Hash", "Parent Relationship": "Inner", "Startup Cost": 113909.35, "Total Cost": 113909.35, "Plan Rows": 13886, "Plan Width": 4, "Plans": [{"Node Type": "Seq Scan", "Parent Relationship": "Outer", "Relation Name": "name", "Alias": "n1", "Startup Cost": 0.0, "Total Cost": 113909.35, "Plan Rows": 13886, "Plan Width": 4, "Filter": "(((name)::text ~~ '%Yo%'::text) AND ((name)::text !~~ '%Yu%'::text))"}]}]}]}]}]}, {"Node Type": "Hash", "Parent Relationship": "Inner", "Startup Cost": 61039.34, "Total Cost": 61039.34, "Plan Rows": 5775, "Plan Width": 4, "Plans": [{"Node Type": "Hash Join", "Parent Relationship": "Outer", "Join Type": "Inner", "Startup Cost": 5982.08, "Total Cost": 61039.34, "Plan Rows": 5775, "Plan Width": 4, "Inner Unique": true, "Hash Cond": "(mc.company_id = cn.id)", "Plans": [{"Node Type": "Seq Scan", "Parent Relationship": "Outer", "Relation Name": "movie_companies", "Alias": "mc", "Startup Cost": 0.0, "Total Cost": 54862.92, "Plan Rows": 36426, "Plan Width": 8, "Filter": "(((note)::text ~~ '%(Japan)%'::text) AND ((note)::text !~~ '%(USA)%'::text))"}, {"Node Type": "Hash", "Parent Relationship": "Inner", "Startup Cost": 5903.45, "Total Cost": 5903.45, "Plan Rows": 6290, "Plan Width": 4, "Plans": [{"Node Type": "Seq Scan", "Parent Relationship": "Outer", "Relation Name": "company_name", "Alias": "cn", "Startup Cost": 0.0, "Total Cost": 5903.45, "Plan Rows": 6290, "Plan Width": 4, "Filter": "((country_code)::text = '[jp]'::text)"}]}]}]}]}, {"Node Type": "Hash", "Parent Relationship": "Inner", "Startup Cost": 60069.11, "Total Cost": 60069.11, "Plan Rows": 2528311, "Plan Width": 21, "Plans": [{"Node Type": "Seq Scan", "Parent Relationship": "Outer", "Relation Name": "title", "Alias": "t", "Startup Cost": 0.0, "Total Cost": 60069.11, "Plan Rows": 2528311, "Plan Width": 21}]}]}]}, "Unique SQL Id": 3544391839, "Planner Runtime": 59}, "explain_analyze_plan": null}, "(1, 15)": {"explain_plan": {"Plan": {"Node Type": "Aggregate", "Strategy": "Plain", "Startup Cost": 6721053364161.28, "Total Cost": 6721053364161.29, "Plan Rows": 1, "Plan Width": 97, "Plans": [{"Node Type": "Merge Join", "Parent Relationship": "Outer", "Join Type": "Inner", "Startup Cost": 70051235465.84, "Total Cost": 6721053364158.05, "Plan Rows": 646, "Plan Width": 33, "Inner Unique": true, "Merge Cond": "(ci.movie_id = t.id)", "Plans": [{"Node Type": "Nested Loop", "Parent Relationship": "Outer", "Join Type": "Inner", "Startup Cost": 60051235465.84, "Total Cost": 5721925336380.1, "Plan Rows": 646, "Plan Width": 24, "Inner Unique": true, "Join Filter": "(mc.company_id = cn.id)", "Plans": [{"Node Type": "Nested Loop", "Parent Relationship": "Outer", "Join Type": "Inner", "Startup Cost": 50051235465.84, "Total Cost": 4721924164513.91, "Plan Rows": 1290, "Plan Width": 28, "Inner Unique": false, "Join Filter": "(ci.movie_id = mc.movie_id)", "Plans": [{"Node Type": "Index Scan", "Parent Relationship": "Outer", "Scan Direction": "Forward", "Index Name": "movie_id_movie_companies", "Relation Name": "movie_companies", "Alias": "mc", "Startup Cost": 10000000000.0, "Total Cost": 1000014356510.13, "Plan Rows": 36426, "Plan Width": 8, "Filter": "(((note)::text ~~ '%(Japan)%'::text) AND ((note)::text !~~ '%(USA)%'::text))"}, {"Node Type": "Materialize", "Parent Relationship": "Inner", "Startup Cost": 40051235465.84, "Total Cost": 3721908955639.28, "Plan Rows": 1560, "Plan Width": 20, "Plans": [{"Node Type": "Nested Loop", "Parent Relationship": "Outer", "Join Type": "Inner", "Startup Cost": 40051235465.84, "Total Cost": 3721908955631.48, "Plan Rows": 1560, "Plan Width": 20, "Inner Unique": true, "Join Filter": "(ci.role_id = rt.id)", "Plans": [{"Node Type": "Merge Join", "Parent Relationship": "Outer", "Join Type": "Inner", "Startup Cost": 30051235465.84, "Total Cost": 2721908954128.06, "Plan Rows": 17161, "Plan Width": 24, "Inner Unique": false, "Merge Cond": "(an1.person_id = ci.person_id)", "Plans": [{"Node Type": "Merge Join", "Parent Relationship": "Outer", "Join Type": "Inner", "Startup Cost": 20030754356.47, "Total Cost": 2000026606025.89, "Plan Rows": 16627, "Plan Width": 24, "Inner Unique": true, "Merge Cond": "(an1.person_id = n1.id)", "Plans": [{"Node Type": "Index Scan", "Parent Relationship": "Outer", "Scan Direction": "Forward", "Index Name": "person_id_aka_name", "Relation Name": "aka_name", "Alias": "an1", "Startup Cost": 10000000000.0, "Total Cost": 1000006896503.43, "Plan Rows": 901342, "Plan Width": 20}, {"Node Type": "Materialize", "Parent Relationship": "Inner", "Startup Cost": 10000000000.0, "Total Cost": 1000019707054.42, "Plan Rows": 13886, "Plan Width": 4, "Plans": [{"Node Type": "Index Scan", "Parent Relationship": "Outer", "Scan Direction": "Forward", "Index Name": "name_pkey", "Relation Name": "name", "Alias": "n1", "Startup Cost": 10000000000.0, "Total Cost": 1000019707019.7, "Plan Rows": 13886, "Plan Width": 4, "Filter": "(((name)::text ~~ '%Yo%'::text) AND ((name)::text !~~ '%Yu%'::text))"}]}]}, {"Node Type": "Index Scan", "Parent Relationship": "Inner", "Scan Direction": "Forward", "Index Name": "person_id_cast_info", "Relation Name": "cast_info", "Alias": "ci", "Startup Cost": 10000000000.0, "Total Cost": 1000179713706.71, "Plan Rows": 96692, "Plan Width": 12, "Filter": "((note)::text = '(voice: English version)'::text)"}]}, {"Node Type": "Materialize", "Parent Relationship": "Inner", "Startup Cost": 10000000000.0, "Total Cost": 1000000001246.0, "Plan Rows": 1, "Plan Width": 4, "Plans": [{"Node Type": "Index Scan", "Parent Relationship": "Outer", "Scan Direction": "Forward", "Index Name": "role_type_pkey", "Relation Name": "role_type", "Alias": "rt", "Startup Cost": 10000000000.0, "Total Cost": 1000000001246.0, "Plan Rows": 1, "Plan Width": 4, "Filter": "((role)::text = 'actress'::text)"}]}]}]}]}, {"Node Type": "Materialize", "Parent Relationship": "Inner", "Startup Cost": 10000000000.0, "Total Cost": 1000001050170.42, "Plan Rows": 6290, "Plan Width": 4, "Plans": [{"Node Type": "Index Scan", "Parent Relationship": "Outer", "Scan Direction": "Forward", "Index Name": "company_name_pkey", "Relation Name": "company_name", "Alias": "cn", "Startup Cost": 10000000000.0, "Total Cost": 1000001050138.97, "Plan Rows": 6290, "Plan Width": 4, "Filter": "((country_code)::text = '[jp]'::text)"}]}]}, {"Node Type": "Index Scan", "Parent Relationship": "Inner", "Scan Direction": "Forward", "Index Name": "title_pkey", "Relation Name": "title", "Alias": "t", "Startup Cost": 10000000000.0, "Total Cost": 1000011012048.91, "Plan Rows": 2528311, "Plan Width": 21}]}]}, "Unique SQL Id": 3544391839, "Planner Runtime": 75}, "explain_analyze_plan": null}, "(1, 16)": {"explain_plan": {"Plan": {"Node Type": "Aggregate", "Strategy": "Plain", "Startup Cost": 93491.23, "Total Cost": 93491.24, "Plan Rows": 1, "Plan Width": 97, "Plans": [{"Node Type": "Nested Loop", "Parent Relationship": "Outer", "Join Type": "Inner", "Startup Cost": 63927.73, "Total Cost": 93488.0, "Plan Rows": 646, "Plan Width": 33, "Inner Unique": true, "Plans": [{"Node Type": "Nested Loop", "Parent Relationship": "Outer", "Join Type": "Inner", "Startup Cost": 63927.73, "Total Cost": 93112.46, "Plan Rows": 645, "Plan Width": 41, "Inner Unique": false, "Plans": [{"Node Type": "Nested Loop", "Parent Relationship": "Outer", "Join Type": "Inner", "Startup Cost": 63927.73, "Total Cost": 92658.24, "Plan Rows": 532, "Plan Width": 21, "Inner Unique": false, "Join Filter": "(ci.role_id = rt.id)", "Plans": [{"Node Type": "Seq Scan", "Parent Relationship": "Outer", "Relation Name": "role_type", "Alias": "rt", "Startup Cost": 0.0, "Total Cost": 1.15, "Plan Rows": 1, "Plan Width": 4, "Filter": "((role)::text = 'actress'::text)"}, {"Node Type": "Nested Loop", "Parent Relationship": "Inner", "Join Type": "Inner", "Startup Cost": 63927.73, "Total Cost": 92584.01, "Plan Rows": 5847, "Plan Width": 25, "Inner Unique": false, "Plans": [{"Node Type": "Nested Loop", "Parent Relationship": "Outer", "Join Type": "Inner", "Startup Cost": 63927.73, "Total Cost": 86841.41, "Plan Rows": 5775, "Plan Width": 25, "Inner Unique": true, "Plans": [{"Node Type": "Merge Join", "Parent Relationship": "Outer", "Join Type": "Inner", "Startup Cost": 63927.73, "Total Cost": 64194.32, "Plan Rows": 5775, "Plan Width": 4, "Inner Unique": false, "Merge Cond": "(cn.id = mc.company_id)", "Plans": [{"Node Type": "Sort", "Parent Relationship": "Outer", "Startup Cost": 6300.31, "Total Cost": 6316.04, "Plan Rows": 6290, "Plan Width": 4, "Sort Key": ["cn.id"], "Plans": [{"Node Type": "Seq Scan", "Parent Relationship": "Outer", "Relation Name": "company_name", "Alias": "cn", "Startup Cost": 0.0, "Total Cost": 5903.45, "Plan Rows": 6290, "Plan Width": 4, "Filter": "((country_code)::text = '[jp]'::text)"}]}, {"Node Type": "Sort", "Parent Relationship": "Inner", "Startup Cost": 57622.68, "Total Cost": 57713.74, "Plan Rows": 36426, "Plan Width": 8, "Sort Key": ["mc.company_id"], "Plans": [{"Node Type": "Seq Scan", "Parent Relationship": "Outer", "Relation Name": "movie_companies", "Alias": "mc", "Startup Cost": 0.0, "Total Cost": 54862.92, "Plan Rows": 36426, "Plan Width": 8, "Filter": "(((note)::text ~~ '%(Japan)%'::text) AND ((note)::text !~~ '%(USA)%'::text))"}]}]}, {"Node Type": "Index Scan", "Parent Relationship": "Inner", "Scan Direction": "Forward", "Index Name": "title_pkey", "Relation Name": "title", "Alias": "t", "Startup Cost": 0.0, "Total Cost": 3.91, "Plan Rows": 1, "Plan Width": 21, "Index Cond": "(id = mc.movie_id)"}]}, {"Node Type": "Index Scan", "Parent Relationship": "Inner", "Scan Direction": "Forward", "Index Name": "movie_id_cast_info", "Relation Name": "cast_info", "Alias": "ci", "Startup Cost": 0.0, "Total Cost": 0.98, "Plan Rows": 1, "Plan Width": 12, "Index Cond": "(movie_id = t.id)", "Filter": "((note)::text = '(voice: English version)'::text)"}]}]}, {"Node Type": "Index Scan", "Parent Relationship": "Inner", "Scan Direction": "Forward", "Index Name": "person_id_aka_name", "Relation Name": "aka_name", "Alias": "an1", "Startup Cost": 0.0, "Total Cost": 0.84, "Plan Rows": 1, "Plan Width": 20, "Index Cond": "(person_id = ci.person_id)"}]}, {"Node Type": "Index Scan", "Parent Relationship": "Inner", "Scan Direction": "Forward", "Index Name": "name_pkey", "Relation Name": "name", "Alias": "n1", "Startup Cost": 0.0, "Total Cost": 0.57, "Plan Rows": 1, "Plan Width": 4, "Index Cond": "(id = an1.person_id)", "Filter": "(((name)::text ~~ '%Yo%'::text) AND ((name)::text !~~ '%Yu%'::text))"}]}]}, "Unique SQL Id": 3544391839, "Planner Runtime": 24}, "explain_analyze_plan": {"Plan": {"Node Type": "Aggregate", "Strategy": "Plain", "Startup Cost": 93491.23, "Total Cost": 93491.24, "Plan Rows": 1, "Plan Width": 97, "Actual Startup Time": 4434.729, "Actual Total Time": 4434.73, "Actual Rows": 1, "Actual Loops": 1, "Plans": [{"Node Type": "Nested Loop", "Parent Relationship": "Outer", "Join Type": "Inner", "Startup Cost": 63927.73, "Total Cost": 93488.0, "Plan Rows": 646, "Plan Width": 33, "Actual Startup Time": 1052.931, "Actual Total Time": 4434.336, "Actual Rows": 62, "Actual Loops": 1, "Inner Unique": true, "Plans": [{"Node Type": "Nested Loop", "Parent Relationship": "Outer", "Join Type": "Inner", "Startup Cost": 63927.73, "Total Cost": 93112.46, "Plan Rows": 645, "Plan Width": 41, "Actual Startup Time": 1045.682, "Actual Total Time": 4358.025, "Actual Rows": 17379, "Actual Loops": 1, "Inner Unique": false, "Plans": [{"Node Type": "Nested Loop", "Parent Relationship": "Outer", "Join Type": "Inner", "Startup Cost": 63927.73, "Total Cost": 92658.24, "Plan Rows": 532, "Plan Width": 21, "Actual Startup Time": 1045.648, "Actual Total Time": 4307.337, "Actual Rows": 7438, "Actual Loops": 1, "Inner Unique": false, "Join Filter": "(ci.role_id = rt.id)", "Rows Removed by Join Filter": 12162, "Plans": [{"Node Type": "Seq Scan", "Parent Relationship": "Outer", "Relation Name": "role_type", "Alias": "rt", "Startup Cost": 0.0, "Total Cost": 1.15, "Plan Rows": 1, "Plan Width": 4, "Actual Startup Time": 0.026, "Actual Total Time": 0.038, "Actual Rows": 1, "Actual Loops": 1, "Filter": "((role)::text = 'actress'::text)", "Rows Removed by Filter": 11}, {"Node Type": "Nested Loop", "Parent Relationship": "Inner", "Join Type": "Inner", "Startup Cost": 63927.73, "Total Cost": 92584.01, "Plan Rows": 5847, "Plan Width": 25, "Actual Startup Time": 1045.583, "Actual Total Time": 4301.76, "Actual Rows": 19600, "Actual Loops": 1, "Inner Unique": false, "Plans": [{"Node Type": "Nested Loop", "Parent Relationship": "Outer", "Join Type": "Inner", "Startup Cost": 63927.73, "Total Cost": 86841.41, "Plan Rows": 5775, "Plan Width": 25, "Actual Startup Time": 1045.161, "Actual Total Time": 1381.1, "Actual Rows": 48328, "Actual Loops": 1, "Inner Unique": true, "Plans": [{"Node Type": "Merge Join", "Parent Relationship": "Outer", "Join Type": "Inner", "Startup Cost": 63927.73, "Total Cost": 64194.32, "Plan Rows": 5775, "Plan Width": 4, "Actual Startup Time": 1045.12, "Actual Total Time": 1074.313, "Actual Rows": 48328, "Actual Loops": 1, "Inner Unique": false, "Merge Cond": "(cn.id = mc.company_id)", "Plans": [{"Node Type": "Sort", "Parent Relationship": "Outer", "Startup Cost": 6300.31, "Total Cost": 6316.04, "Plan Rows": 6290, "Plan Width": 4, "Actual Startup Time": 82.424, "Actual Total Time": 83.224, "Actual Rows": 2418, "Actual Loops": 1, "Sort Key": ["cn.id"], "Sort Method": "quicksort", "Sort Space Used": 615, "Sort Space Type": "Memory", "Plans": [{"Node Type": "Seq Scan", "Parent Relationship": "Outer", "Relation Name": "company_name", "Alias": "cn", "Startup Cost": 0.0, "Total Cost": 5903.45, "Plan Rows": 6290, "Plan Width": 4, "Actual Startup Time": 0.021, "Actual Total Time": 79.949, "Actual Rows": 6752, "Actual Loops": 1, "Filter": "((country_code)::text = '[jp]'::text)", "Rows Removed by Filter": 228244}]}, {"Node Type": "Sort", "Parent Relationship": "Inner", "Startup Cost": 57622.68, "Total Cost": 57713.74, "Plan Rows": 36426, "Plan Width": 8, "Actual Startup Time": 962.681, "Actual Total Time": 975.439, "Actual Rows": 48897, "Actual Loops": 1, "Sort Key": ["mc.company_id"], "Sort Method": "quicksort", "Sort Space Used": 4593, "Sort Space Type": "Memory", "Plans": [{"Node Type": "Seq Scan", "Parent Relationship": "Outer", "Relation Name": "movie_companies", "Alias": "mc", "Startup Cost": 0.0, "Total Cost": 54862.92, "Plan Rows": 36426, "Plan Width": 8, "Actual Startup Time": 0.252, "Actual Total Time": 947.302, "Actual Rows": 48897, "Actual Loops": 1, "Filter": "(((note)::text ~~ '%(Japan)%'::text) AND ((note)::text !~~ '%(USA)%'::text))", "Rows Removed by Filter": 2560231}]}]}, {"Node Type": "Index Scan", "Parent Relationship": "Inner", "Scan Direction": "Forward", "Index Name": "title_pkey", "Relation Name": "title", "Alias": "t", "Startup Cost": 0.0, "Total Cost": 3.91, "Plan Rows": 1, "Plan Width": 21, "Actual Startup Time": 266.82, "Actual Total Time": 266.82, "Actual Rows": 48328, "Actual Loops": 48328, "Index Cond": "(id = mc.movie_id)", "Rows Removed by Index Recheck": 0}]}, {"Node Type": "Index Scan", "Parent Relationship": "Inner", "Scan Direction": "Forward", "Index Name": "movie_id_cast_info", "Relation Name": "cast_info", "Alias": "ci", "Startup Cost": 0.0, "Total Cost": 0.98, "Plan Rows": 1, "Plan Width": 12, "Actual Startup Time": 2756.683, "Actual Total Time": 2890.137, "Actual Rows": 19600, "Actual Loops": 48328, "Index Cond": "(movie_id = t.id)", "Rows Removed by Index Recheck": 0, "Filter": "((note)::text = '(voice: English version)'::text)", "Rows Removed by Filter": 1531710}]}]}, {"Node Type": "Index Scan", "Parent Relationship": "Inner", "Scan Direction": "Forward", "Index Name": "person_id_aka_name", "Relation Name": "aka_name", "Alias": "an1", "Startup Cost": 0.0, "Total Cost": 0.84, "Plan Rows": 1, "Plan Width": 20, "Actual Startup Time": 33.619, "Actual Total Time": 41.901, "Actual Rows": 17379, "Actual Loops": 7438, "Index Cond": "(person_id = ci.person_id)", "Rows Removed by Index Recheck": 0}]}, {"Node Type": "Index Scan", "Parent Relationship": "Inner", "Scan Direction": "Forward", "Index Name": "name_pkey", "Relation Name": "name", "Alias": "n1", "Startup Cost": 0.0, "Total Cost": 0.57, "Plan Rows": 1, "Plan Width": 4, "Actual Startup Time": 67.384, "Actual Total Time": 67.384, "Actual Rows": 62, "Actual Loops": 17379, "Index Cond": "(id = an1.person_id)", "Rows Removed by Index Recheck": 0, "Filter": "(((name)::text ~~ '%Yo%'::text) AND ((name)::text !~~ '%Yu%'::text))", "Rows Removed by Filter": 17317}]}]}, "Triggers": [], "Planner Runtime": 24, "Total Runtime": 4435.106, "Unique SQL Id": 3544391839}}, "(1, 17)": {"explain_plan": {"Plan": {"Node Type": "Aggregate", "Strategy": "Plain", "Startup Cost": 110825.24, "Total Cost": 110825.25, "Plan Rows": 1, "Plan Width": 97, "Plans": [{"Node Type": "Nested Loop", "Parent Relationship": "Outer", "Join Type": "Inner", "Startup Cost": 0.0, "Total Cost": 110824.76, "Plan Rows": 96, "Plan Width": 33, "Inner Unique": true, "Plans": [{"Node Type": "Nested Loop", "Parent Relationship": "Outer", "Join Type": "Inner", "Startup Cost": 0.0, "Total Cost": 110449.22, "Plan Rows": 645, "Plan Width": 41, "Inner Unique": false, "Plans": [{"Node Type": "Nested Loop", "Parent Relationship": "Outer", "Join Type": "Inner", "Startup Cost": 0.0, "Total Cost": 109995.01, "Plan Rows": 532, "Plan Width": 21, "Inner Unique": false, "Join Filter": "(ci.role_id = rt.id)", "Plans": [{"Node Type": "Index Scan", "Parent Relationship": "Outer", "Scan Direction": "Forward", "Index Name": "role_type_pkey", "Relation Name": "role_type", "Alias": "rt", "Startup Cost": 0.0, "Total Cost": 12.46, "Plan Rows": 1, "Plan Width": 4, "Filter": "((role)::text = 'actress'::text)"}, {"Node Type": "Nested Loop", "Parent Relationship": "Inner", "Join Type": "Inner", "Startup Cost": 0.0, "Total Cost": 109909.47, "Plan Rows": 5847, "Plan Width": 25, "Inner Unique": false, "Plans": [{"Node Type": "Nested Loop", "Parent Relationship": "Outer", "Join Type": "Inner", "Startup Cost": 0.0, "Total Cost": 104166.87, "Plan Rows": 5775, "Plan Width": 25, "Inner Unique": true, "Plans": [{"Node Type": "Nested Loop", "Parent Relationship": "Outer", "Join Type": "Inner", "Startup Cost": 0.0, "Total Cost": 81519.78, "Plan Rows": 5775, "Plan Width": 4, "Inner Unique": false, "Plans": [{"Node Type": "Index Scan", "Parent Relationship": "Outer", "Scan Direction": "Forward", "Index Name": "company_name_pkey", "Relation Name": "company_name", "Alias": "cn", "Startup Cost": 0.0, "Total Cost": 10501.39, "Plan Rows": 6290, "Plan Width": 4, "Filter": "((country_code)::text = '[jp]'::text)"}, {"Node Type": "Index Scan", "Parent Relationship": "Inner", "Scan Direction": "Forward", "Index Name": "company_id_movie_companies", "Relation Name": "movie_companies", "Alias": "mc", "Startup Cost": 0.0, "Total Cost": 11.28, "Plan Rows": 1, "Plan Width": 8, "Index Cond": "(company_id = cn.id)", "Filter": "(((note)::text ~~ '%(Japan)%'::text) AND ((note)::text !~~ '%(USA)%'::text))"}]}, {"Node Type": "Index Scan", "Parent Relationship": "Inner", "Scan Direction": "Forward", "Index Name": "title_pkey", "Relation Name": "title", "Alias": "t", "Startup Cost": 0.0, "Total Cost": 3.91, "Plan Rows": 1, "Plan Width": 21, "Index Cond": "(id = mc.movie_id)"}]}, {"Node Type": "Index Scan", "Parent Relationship": "Inner", "Scan Direction": "Forward", "Index Name": "movie_id_cast_info", "Relation Name": "cast_info", "Alias": "ci", "Startup Cost": 0.0, "Total Cost": 0.98, "Plan Rows": 1, "Plan Width": 12, "Index Cond": "(movie_id = t.id)", "Filter": "((note)::text = '(voice: English version)'::text)"}]}]}, {"Node Type": "Index Scan", "Parent Relationship": "Inner", "Scan Direction": "Forward", "Index Name": "person_id_aka_name", "Relation Name": "aka_name", "Alias": "an1", "Startup Cost": 0.0, "Total Cost": 0.84, "Plan Rows": 1, "Plan Width": 20, "Index Cond": "(person_id = ci.person_id)"}]}, {"Node Type": "Index Scan", "Parent Relationship": "Inner", "Scan Direction": "Forward", "Index Name": "name_pkey", "Relation Name": "name", "Alias": "n1", "Startup Cost": 0.0, "Total Cost": 0.57, "Plan Rows": 1, "Plan Width": 4, "Index Cond": "(id = an1.person_id)", "Filter": "(((name)::text ~~ '%Yo%'::text) AND ((name)::text !~~ '%Yu%'::text))"}]}]}, "Unique SQL Id": 3544391839, "Planner Runtime": 27}, "explain_analyze_plan": {"Plan": {"Node Type": "Aggregate", "Strategy": "Plain", "Startup Cost": 110825.24, "Total Cost": 110825.25, "Plan Rows": 1, "Plan Width": 97, "Actual Startup Time": 3781.109, "Actual Total Time": 3781.109, "Actual Rows": 1, "Actual Loops": 1, "Plans": [{"Node Type": "Nested Loop", "Parent Relationship": "Outer", "Join Type": "Inner", "Startup Cost": 0.0, "Total Cost": 110824.76, "Plan Rows": 96, "Plan Width": 33, "Actual Startup Time": 4.294, "Actual Total Time": 3780.807, "Actual Rows": 62, "Actual Loops": 1, "Inner Unique": true, "Plans": [{"Node Type": "Nested Loop", "Parent Relationship": "Outer", "Join Type": "Inner", "Startup Cost": 0.0, "Total Cost": 110449.22, "Plan Rows": 645, "Plan Width": 41, "Actual Startup Time": 0.301, "Actual Total Time": 3704.583, "Actual Rows": 17379, "Actual Loops": 1, "Inner Unique": false, "Plans": [{"Node Type": "Nested Loop", "Parent Relationship": "Outer", "Join Type": "Inner", "Startup Cost": 0.0, "Total Cost": 109995.01, "Plan Rows": 532, "Plan Width": 21, "Actual Startup Time": 0.289, "Actual Total Time": 3655.478, "Actual Rows": 7438, "Actual Loops": 1, "Inner Unique": false, "Join Filter": "(ci.role_id = rt.id)", "Rows Removed by Join Filter": 12162, "Plans": [{"Node Type": "Index Scan", "Parent Relationship": "Outer", "Scan Direction": "Forward", "Index Name": "role_type_pkey", "Relation Name": "role_type", "Alias": "rt", "Startup Cost": 0.0, "Total Cost": 12.46, "Plan Rows": 1, "Plan Width": 4, "Actual Startup Time": 0.025, "Actual Total Time": 0.033, "Actual Rows": 1, "Actual Loops": 1, "Filter": "((role)::text = 'actress'::text)", "Rows Removed by Filter": 11}, {"Node Type": "Nested Loop", "Parent Relationship": "Inner", "Join Type": "Inner", "Startup Cost": 0.0, "Total Cost": 109909.47, "Plan Rows": 5847, "Plan Width": 25, "Actual Startup Time": 0.261, "Actual Total Time": 3650.233, "Actual Rows": 19600, "Actual Loops": 1, "Inner Unique": false, "Plans": [{"Node Type": "Nested Loop", "Parent Relationship": "Outer", "Join Type": "Inner", "Startup Cost": 0.0, "Total Cost": 104166.87, "Plan Rows": 5775, "Plan Width": 25, "Actual Startup Time": 0.204, "Actual Total Time": 810.165, "Actual Rows": 48328, "Actual Loops": 1, "Inner Unique": true, "Plans": [{"Node Type": "Nested Loop", "Parent Relationship": "Outer", "Join Type": "Inner", "Startup Cost": 0.0, "Total Cost": 81519.78, "Plan Rows": 5775, "Plan Width": 4, "Actual Startup Time": 0.195, "Actual Total Time": 514.718, "Actual Rows": 48328, "Actual Loops": 1, "Inner Unique": false, "Plans": [{"Node Type": "Index Scan", "Parent Relationship": "Outer", "Scan Direction": "Forward", "Index Name": "company_name_pkey", "Relation Name": "company_name", "Alias": "cn", "Startup Cost": 0.0, "Total Cost": 10501.39, "Plan Rows": 6290, "Plan Width": 4, "Actual Startup Time": 0.163, "Actual Total Time": 302.979, "Actual Rows": 6752, "Actual Loops": 1, "Filter": "((country_code)::text = '[jp]'::text)", "Rows Removed by Filter": 228244}, {"Node Type": "Index Scan", "Parent Relationship": "Inner", "Scan Direction": "Forward", "Index Name": "company_id_movie_companies", "Relation Name": "movie_companies", "Alias": "mc", "Startup Cost": 0.0, "Total Cost": 11.28, "Plan Rows": 1, "Plan Width": 8, "Actual Startup Time": 50.001, "Actual Total Time": 195.986, "Actual Rows": 48328, "Actual Loops": 6752, "Index Cond": "(company_id = cn.id)", "Rows Removed by Index Recheck": 0, "Filter": "(((note)::text ~~ '%(Japan)%'::text) AND ((note)::text !~~ '%(USA)%'::text))", "Rows Removed by Filter": 56667}]}, {"Node Type": "Index Scan", "Parent Relationship": "Inner", "Scan Direction": "Forward", "Index Name": "title_pkey", "Relation Name": "title", "Alias": "t", "Startup Cost": 0.0, "Total Cost": 3.91, "Plan Rows": 1, "Plan Width": 21, "Actual Startup Time": 253.429, "Actual Total Time": 253.429, "Actual Rows": 48328, "Actual Loops": 48328, "Index Cond": "(id = mc.movie_id)", "Rows Removed by Index Recheck": 0}]}, {"Node Type": "Index Scan", "Parent Relationship": "Inner", "Scan Direction": "Forward", "Index Name": "movie_id_cast_info", "Relation Name": "cast_info", "Alias": "ci", "Startup Cost": 0.0, "Total Cost": 0.98, "Plan Rows": 1, "Plan Width": 12, "Actual Startup Time": 2689.1, "Actual Total Time": 2809.841, "Actual Rows": 19600, "Actual Loops": 48328, "Index Cond": "(movie_id = t.id)", "Rows Removed by Index Recheck": 0, "Filter": "((note)::text = '(voice: English version)'::text)", "Rows Removed by Filter": 1531710}]}]}, {"Node Type": "Index Scan", "Parent Relationship": "Inner", "Scan Direction": "Forward", "Index Name": "person_id_aka_name", "Relation Name": "aka_name", "Alias": "an1", "Startup Cost": 0.0, "Total Cost": 0.84, "Plan Rows": 1, "Plan Width": 20, "Actual Startup Time": 32.236, "Actual Total Time": 40.289, "Actual Rows": 17379, "Actual Loops": 7438, "Index Cond": "(person_id = ci.person_id)", "Rows Removed by Index Recheck": 0}]}, {"Node Type": "Index Scan", "Parent Relationship": "Inner", "Scan Direction": "Forward", "Index Name": "name_pkey", "Relation Name": "name", "Alias": "n1", "Startup Cost": 0.0, "Total Cost": 0.57, "Plan Rows": 1, "Plan Width": 4, "Actual Startup Time": 67.301, "Actual Total Time": 67.301, "Actual Rows": 62, "Actual Loops": 17379, "Index Cond": "(id = an1.person_id)", "Rows Removed by Index Recheck": 0, "Filter": "(((name)::text ~~ '%Yo%'::text) AND ((name)::text !~~ '%Yu%'::text))", "Rows Removed by Filter": 17317}]}]}, "Triggers": [], "Planner Runtime": 26, "Total Runtime": 3781.505, "Unique SQL Id": 3544391839}}, "(1, 18)": {"explain_plan": {"Plan": {"Node Type": "Aggregate", "Strategy": "Plain", "Startup Cost": 126667.1, "Total Cost": 126667.11, "Plan Rows": 1, "Plan Width": 97, "Plans": [{"Node Type": "Nested Loop", "Parent Relationship": "Outer", "Join Type": "Inner", "Startup Cost": 63930.22, "Total Cost": 126663.87, "Plan Rows": 646, "Plan Width": 33, "Inner Unique": true, "Plans": [{"Node Type": "Nested Loop", "Parent Relationship": "Outer", "Join Type": "Inner", "Startup Cost": 63929.9, "Total Cost": 123855.29, "Plan Rows": 645, "Plan Width": 41, "Inner Unique": false, "Plans": [{"Node Type": "Nested Loop", "Parent Relationship": "Outer", "Join Type": "Inner", "Startup Cost": 63929.52, "Total Cost": 121512.73, "Plan Rows": 532, "Plan Width": 21, "Inner Unique": false, "Join Filter": "(ci.role_id = rt.id)", "Plans": [{"Node Type": "Seq Scan", "Parent Relationship": "Outer", "Relation Name": "role_type", "Alias": "rt", "Startup Cost": 0.0, "Total Cost": 1.15, "Plan Rows": 1, "Plan Width": 4, "Filter": "((role)::text = 'actress'::text)"}, {"Node Type": "Nested Loop", "Parent Relationship": "Inner", "Join Type": "Inner", "Startup Cost": 63929.52, "Total Cost": 121438.49, "Plan Rows": 5847, "Plan Width": 25, "Inner Unique": false, "Plans": [{"Node Type": "Nested Loop", "Parent Relationship": "Outer", "Join Type": "Inner", "Startup Cost": 63929.0, "Total Cost": 94780.67, "Plan Rows": 5775, "Plan Width": 25, "Inner Unique": true, "Plans": [{"Node Type": "Merge Join", "Parent Relationship": "Outer", "Join Type": "Inner", "Startup Cost": 63927.73, "Total Cost": 64194.32, "Plan Rows": 5775, "Plan Width": 4, "Inner Unique": false, "Merge Cond": "(cn.id = mc.company_id)", "Plans": [{"Node Type": "Sort", "Parent Relationship": "Outer", "Startup Cost": 6300.31, "Total Cost": 6316.04, "Plan Rows": 6290, "Plan Width": 4, "Sort Key": ["cn.id"], "Plans": [{"Node Type": "Seq Scan", "Parent Relationship": "Outer", "Relation Name": "company_name", "Alias": "cn", "Startup Cost": 0.0, "Total Cost": 5903.45, "Plan Rows": 6290, "Plan Width": 4, "Filter": "((country_code)::text = '[jp]'::text)"}]}, {"Node Type": "Sort", "Parent Relationship": "Inner", "Startup Cost": 57622.68, "Total Cost": 57713.74, "Plan Rows": 36426, "Plan Width": 8, "Sort Key": ["mc.company_id"], "Plans": [{"Node Type": "Seq Scan", "Parent Relationship": "Outer", "Relation Name": "movie_companies", "Alias": "mc", "Startup Cost": 0.0, "Total Cost": 54862.92, "Plan Rows": 36426, "Plan Width": 8, "Filter": "(((note)::text ~~ '%(Japan)%'::text) AND ((note)::text !~~ '%(USA)%'::text))"}]}]}, {"Node Type": "Bitmap Heap Scan", "Parent Relationship": "Inner", "Relation Name": "title", "Alias": "t", "Startup Cost": 1.27, "Total Cost": 5.29, "Plan Rows": 1, "Plan Width": 21, "Recheck Cond": "(id = mc.movie_id)", "Plans": [{"Node Type": "Bitmap Index Scan", "Parent Relationship": "Outer", "Index Name": "title_pkey", "Startup Cost": 0.0, "Total Cost": 1.27, "Plan Rows": 1, "Plan Width": 0, "Index Cond": "(id = mc.movie_id)"}]}]}, {"Node Type": "Bitmap Heap Scan", "Parent Relationship": "Inner", "Relation Name": "cast_info", "Alias": "ci", "Startup Cost": 0.52, "Total Cost": 4.61, "Plan Rows": 1, "Plan Width": 12, "Recheck Cond": "(movie_id = t.id)", "Filter": "((note)::text = '(voice: English version)'::text)", "Plans": [{"Node Type": "Bitmap Index Scan", "Parent Relationship": "Outer", "Index Name": "movie_id_cast_info", "Startup Cost": 0.0, "Total Cost": 0.52, "Plan Rows": 6, "Plan Width": 0, "Index Cond": "(movie_id = t.id)"}]}]}]}, {"Node Type": "Bitmap Heap Scan", "Parent Relationship": "Inner", "Relation Name": "aka_name", "Alias": "an1", "Startup Cost": 0.38, "Total Cost": 4.39, "Plan Rows": 1, "Plan Width": 20, "Recheck Cond": "(person_id = ci.person_id)", "Plans": [{"Node Type": "Bitmap Index Scan", "Parent Relationship": "Outer", "Index Name": "person_id_aka_name", "Startup Cost": 0.0, "Total Cost": 0.38, "Plan Rows": 1, "Plan Width": 0, "Index Cond": "(person_id = ci.person_id)"}]}]}, {"Node Type": "Bitmap Heap Scan", "Parent Relationship": "Inner", "Relation Name": "name", "Alias": "n1", "Startup Cost": 0.33, "Total Cost": 4.34, "Plan Rows": 1, "Plan Width": 4, "Recheck Cond": "(id = an1.person_id)", "Filter": "(((name)::text ~~ '%Yo%'::text) AND ((name)::text !~~ '%Yu%'::text))", "Plans": [{"Node Type": "Bitmap Index Scan", "Parent Relationship": "Outer", "Index Name": "name_pkey", "Startup Cost": 0.0, "Total Cost": 0.33, "Plan Rows": 1, "Plan Width": 0, "Index Cond": "(id = an1.person_id)"}]}]}]}, "Unique SQL Id": 3544391839, "Planner Runtime": 23}, "explain_analyze_plan": {"Plan": {"Node Type": "Aggregate", "Strategy": "Plain", "Startup Cost": 126667.1, "Total Cost": 126667.11, "Plan Rows": 1, "Plan Width": 97, "Actual Startup Time": 4823.953, "Actual Total Time": 4823.953, "Actual Rows": 1, "Actual Loops": 1, "Plans": [{"Node Type": "Nested Loop", "Parent Relationship": "Outer", "Join Type": "Inner", "Startup Cost": 63930.22, "Total Cost": 126663.87, "Plan Rows": 646, "Plan Width": 33, "Actual Startup Time": 1049.132, "Actual Total Time": 4823.604, "Actual Rows": 62, "Actual Loops": 1, "Inner Unique": true, "Plans": [{"Node Type": "Nested Loop", "Parent Relationship": "Outer", "Join Type": "Inner", "Startup Cost": 63929.9, "Total Cost": 123855.29, "Plan Rows": 645, "Plan Width": 41, "Actual Startup Time": 1041.845, "Actual Total Time": 4723.432, "Actual Rows": 17379, "Actual Loops": 1, "Inner Unique": false, "Plans": [{"Node Type": "Nested Loop", "Parent Relationship": "Outer", "Join Type": "Inner", "Startup Cost": 63929.52, "Total Cost": 121512.73, "Plan Rows": 532, "Plan Width": 21, "Actual Startup Time": 1041.787, "Actual Total Time": 4660.228, "Actual Rows": 7438, "Actual Loops": 1, "Inner Unique": false, "Join Filter": "(ci.role_id = rt.id)", "Rows Removed by Join Filter": 12162, "Plans": [{"Node Type": "Seq Scan", "Parent Relationship": "Outer", "Relation Name": "role_type", "Alias": "rt", "Startup Cost": 0.0, "Total Cost": 1.15, "Plan Rows": 1, "Plan Width": 4, "Actual Startup Time": 0.026, "Actual Total Time": 0.036, "Actual Rows": 1, "Actual Loops": 1, "Filter": "((role)::text = 'actress'::text)", "Rows Removed by Filter": 11}, {"Node Type": "Nested Loop", "Parent Relationship": "Inner", "Join Type": "Inner", "Startup Cost": 63929.52, "Total Cost": 121438.49, "Plan Rows": 5847, "Plan Width": 25, "Actual Startup Time": 1041.73, "Actual Total Time": 4654.576, "Actual Rows": 19600, "Actual Loops": 1, "Inner Unique": false, "Plans": [{"Node Type": "Nested Loop", "Parent Relationship": "Outer", "Join Type": "Inner", "Startup Cost": 63929.0, "Total Cost": 94780.67, "Plan Rows": 5775, "Plan Width": 25, "Actual Startup Time": 1041.149, "Actual Total Time": 1448.531, "Actual Rows": 48328, "Actual Loops": 1, "Inner Unique": true, "Plans": [{"Node Type": "Merge Join", "Parent Relationship": "Outer", "Join Type": "Inner", "Startup Cost": 63927.73, "Total Cost": 64194.32, "Plan Rows": 5775, "Plan Width": 4, "Actual Startup Time": 1041.092, "Actual Total Time": 1071.905, "Actual Rows": 48328, "Actual Loops": 1, "Inner Unique": false, "Merge Cond": "(cn.id = mc.company_id)", "Plans": [{"Node Type": "Sort", "Parent Relationship": "Outer", "Startup Cost": 6300.31, "Total Cost": 6316.04, "Plan Rows": 6290, "Plan Width": 4, "Actual Startup Time": 83.2, "Actual Total Time": 83.81, "Actual Rows": 2418, "Actual Loops": 1, "Sort Key": ["cn.id"], "Sort Method": "quicksort", "Sort Space Used": 615, "Sort Space Type": "Memory", "Plans": [{"Node Type": "Seq Scan", "Parent Relationship": "Outer", "Relation Name": "company_name", "Alias": "cn", "Startup Cost": 0.0, "Total Cost": 5903.45, "Plan Rows": 6290, "Plan Width": 4, "Actual Startup Time": 0.033, "Actual Total Time": 80.738, "Actual Rows": 6752, "Actual Loops": 1, "Filter": "((country_code)::text = '[jp]'::text)", "Rows Removed by Filter": 228244}]}, {"Node Type": "Sort", "Parent Relationship": "Inner", "Startup Cost": 57622.68, "Total Cost": 57713.74, "Plan Rows": 36426, "Plan Width": 8, "Actual Startup Time": 957.876, "Actual Total Time": 970.006, "Actual Rows": 48897, "Actual Loops": 1, "Sort Key": ["mc.company_id"], "Sort Method": "quicksort", "Sort Space Used": 4593, "Sort Space Type": "Memory", "Plans": [{"Node Type": "Seq Scan", "Parent Relationship": "Outer", "Relation Name": "movie_companies", "Alias": "mc", "Startup Cost": 0.0, "Total Cost": 54862.92, "Plan Rows": 36426, "Plan Width": 8, "Actual Startup Time": 0.237, "Actual Total Time": 941.928, "Actual Rows": 48897, "Actual Loops": 1, "Filter": "(((note)::text ~~ '%(Japan)%'::text) AND ((note)::text !~~ '%(USA)%'::text))", "Rows Removed by Filter": 2560231}]}]}, {"Node Type": "Bitmap Heap Scan", "Parent Relationship": "Inner", "Relation Name": "title", "Alias": "t", "Startup Cost": 1.27, "Total Cost": 5.29, "Plan Rows": 1, "Plan Width": 21, "Actual Startup Time": 296.832, "Actual Total Time": 296.832, "Actual Rows": 48328, "Actual Loops": 48328, "Recheck Cond": "(id = mc.movie_id)", "Rows Removed by Index Recheck": 0, "Exact Heap Blocks": 48328, "Lossy Heap Blocks": 48328, "Plans": [{"Node Type": "Bitmap Index Scan", "Parent Relationship": "Outer", "Index Name": "title_pkey", "Startup Cost": 0.0, "Total Cost": 1.27, "Plan Rows": 1, "Plan Width": 0, "Actual Startup Time": 181.867, "Actual Total Time": 181.867, "Actual Rows": 48328, "Actual Loops": 48328, "Index Cond": "(id = mc.movie_id)"}]}]}, {"Node Type": "Bitmap Heap Scan", "Parent Relationship": "Inner", "Relation Name": "cast_info", "Alias": "ci", "Startup Cost": 0.52, "Total Cost": 4.61, "Plan Rows": 1, "Plan Width": 12, "Actual Startup Time": 3000.618, "Actual Total Time": 3132.96, "Actual Rows": 19600, "Actual Loops": 48328, "Recheck Cond": "(movie_id = t.id)", "Rows Removed by Index Recheck": 0, "Filter": "((note)::text = '(voice: English version)'::text)", "Rows Removed by Filter": 1531710, "Exact Heap Blocks": 1503105, "Lossy Heap Blocks": 1503105, "Plans": [{"Node Type": "Bitmap Index Scan", "Parent Relationship": "Outer", "Index Name": "movie_id_cast_info", "Startup Cost": 0.0, "Total Cost": 0.52, "Plan Rows": 6, "Plan Width": 0, "Actual Startup Time": 483.977, "Actual Total Time": 483.977, "Actual Rows": 1551310, "Actual Loops": 48328, "Index Cond": "(movie_id = t.id)"}]}]}]}, {"Node Type": "Bitmap Heap Scan", "Parent Relationship": "Inner", "Relation Name": "aka_name", "Alias": "an1", "Startup Cost": 0.38, "Total Cost": 4.39, "Plan Rows": 1, "Plan Width": 20, "Actual Startup Time": 43.821, "Actual Total Time": 48.774, "Actual Rows": 17379, "Actual Loops": 7438, "Recheck Cond": "(person_id = ci.person_id)", "Rows Removed by Index Recheck": 0, "Exact Heap Blocks": 6514, "Lossy Heap Blocks": 6514, "Plans": [{"Node Type": "Bitmap Index Scan", "Parent Relationship": "Outer", "Index Name": "person_id_aka_name", "Startup Cost": 0.0, "Total Cost": 0.38, "Plan Rows": 1, "Plan Width": 0, "Actual Startup Time": 28.785, "Actual Total Time": 28.785, "Actual Rows": 17379, "Actual Loops": 7438, "Index Cond": "(person_id = ci.person_id)"}]}]}, {"Node Type": "Bitmap Heap Scan", "Parent Relationship": "Inner", "Relation Name": "name", "Alias": "n1", "Startup Cost": 0.33, "Total Cost": 4.34, "Plan Rows": 1, "Plan Width": 4, "Actual Startup Time": 79.854, "Actual Total Time": 79.854, "Actual Rows": 62, "Actual Loops": 17379, "Recheck Cond": "(id = an1.person_id)", "Rows Removed by Index Recheck": 0, "Filter": "(((name)::text ~~ '%Yo%'::text) AND ((name)::text !~~ '%Yu%'::text))", "Rows Removed by Filter": 17317, "Exact Heap Blocks": 17379, "Lossy Heap Blocks": 17379, "Plans": [{"Node Type": "Bitmap Index Scan", "Parent Relationship": "Outer", "Index Name": "name_pkey", "Startup Cost": 0.0, "Total Cost": 0.33, "Plan Rows": 1, "Plan Width": 0, "Actual Startup Time": 46.361, "Actual Total Time": 46.361, "Actual Rows": 17379, "Actual Loops": 17379, "Index Cond": "(id = an1.person_id)"}]}]}]}, "Triggers": [], "Planner Runtime": 23, "Total Runtime": 4824.334, "Unique SQL Id": 3544391839}}, "(1, 19)": {"explain_plan": {"Plan": {"Node Type": "Aggregate", "Strategy": "Plain", "Startup Cost": 1000012228445.06, "Total Cost": 1000012228445.07, "Plan Rows": 1, "Plan Width": 97, "Plans": [{"Node Type": "Nested Loop", "Parent Relationship": "Outer", "Join Type": "Inner", "Startup Cost": 10000000003.19, "Total Cost": 1000012228445.0, "Plan Rows": 12, "Plan Width": 33, "Inner Unique": true, "Plans": [{"Node Type": "Nested Loop", "Parent Relationship": "Outer", "Join Type": "Inner", "Startup Cost": 10000000002.87, "Total Cost": 1000012225636.42, "Plan Rows": 645, "Plan Width": 41, "Inner Unique": true, "Plans": [{"Node Type": "Nested Loop", "Parent Relationship": "Outer", "Join Type": "Inner", "Startup Cost": 10000000002.23, "Total Cost": 1000012222628.77, "Plan Rows": 645, "Plan Width": 32, "Inner Unique": true, "Plans": [{"Node Type": "Nested Loop", "Parent Relationship": "Outer", "Join Type": "Inner", "Startup Cost": 10000000001.92, "Total Cost": 1000012205100.96, "Plan Rows": 4051, "Plan Width": 36, "Inner Unique": false, "Plans": [{"Node Type": "Nested Loop", "Parent Relationship": "Outer", "Join Type": "Inner", "Startup Cost": 10000000001.26, "Total Cost": 1000012155572.17, "Plan Rows": 10524, "Plan Width": 28, "Inner Unique": true, "Plans": [{"Node Type": "Nested Loop", "Parent Relationship": "Outer", "Join Type": "Inner", "Startup Cost": 10000000001.0, "Total Cost": 1000011659757.19, "Plan Rows": 115768, "Plan Width": 32, "Inner Unique": false, "Plans": [{"Node Type": "Index Scan", "Parent Relationship": "Outer", "Scan Direction": "Forward", "Index Name": "person_id_aka_name", "Relation Name": "aka_name", "Alias": "an1", "Startup Cost": 10000000000.0, "Total Cost": 1000006896503.43, "Plan Rows": 901342, "Plan Width": 20}, {"Node Type": "Bitmap Heap Scan", "Parent Relationship": "Inner", "Relation Name": "cast_info", "Alias": "ci", "Startup Cost": 1.0, "Total Cost": 5.27, "Plan Rows": 1, "Plan Width": 12, "Recheck Cond": "(person_id = an1.person_id)", "Filter": "((note)::text = '(voice: English version)'::text)", "Plans": [{"Node Type": "Bitmap Index Scan", "Parent Relationship": "Outer", "Index Name": "person_id_cast_info", "Startup Cost": 0.0, "Total Cost": 1.0, "Plan Rows": 18, "Plan Width": 0, "Index Cond": "(person_id = an1.person_id)"}]}]}, {"Node Type": "Bitmap Heap Scan", "Parent Relationship": "Inner", "Relation Name": "role_type", "Alias": "rt", "Startup Cost": 0.26, "Total Cost": 4.27, "Plan Rows": 1, "Plan Width": 4, "Recheck Cond": "(id = ci.role_id)", "Filter": "((role)::text = 'actress'::text)", "Plans": [{"Node Type": "Bitmap Index Scan", "Parent Relationship": "Outer", "Index Name": "role_type_pkey", "Startup Cost": 0.0, "Total Cost": 0.26, "Plan Rows": 1, "Plan Width": 0, "Index Cond": "(id = ci.role_id)"}]}]}, {"Node Type": "Bitmap Heap Scan", "Parent Relationship": "Inner", "Relation Name": "movie_companies", "Alias": "mc", "Startup Cost": 0.66, "Total Cost": 4.7, "Plan Rows": 1, "Plan Width": 8, "Recheck Cond": "(movie_id = ci.movie_id)", "Filter": "(((note)::text ~~ '%(Japan)%'::text) AND ((note)::text !~~ '%(USA)%'::text))", "Plans": [{"Node Type": "Bitmap Index Scan", "Parent Relationship": "Outer", "Index Name": "movie_id_movie_companies", "Startup Cost": 0.0, "Total Cost": 0.66, "Plan Rows": 2, "Plan Width": 0, "Index Cond": "(movie_id = ci.movie_id)"}]}]}, {"Node Type": "Bitmap Heap Scan", "Parent Relationship": "Inner", "Relation Name": "company_name", "Alias": "cn", "Startup Cost": 0.3, "Total Cost": 4.32, "Plan Rows": 1, "Plan Width": 4, "Recheck Cond": "(id = mc.company_id)", "Filter": "((country_code)::text = '[jp]'::text)", "Plans": [{"Node Type": "Bitmap Index Scan", "Parent Relationship": "Outer", "Index Name": "company_name_pkey", "Startup Cost": 0.0, "Total Cost": 0.3, "Plan Rows": 1, "Plan Width": 0, "Index Cond": "(id = mc.company_id)"}]}]}, {"Node Type": "Bitmap Heap Scan", "Parent Relationship": "Inner", "Relation Name": "title", "Alias": "t", "Startup Cost": 0.64, "Total Cost": 4.65, "Plan Rows": 1, "Plan Width": 21, "Recheck Cond": "(id = ci.movie_id)", "Plans": [{"Node Type": "Bitmap Index Scan", "Parent Relationship": "Outer", "Index Name": "title_pkey", "Startup Cost": 0.0, "Total Cost": 0.64, "Plan Rows": 1, "Plan Width": 0, "Index Cond": "(id = ci.movie_id)"}]}]}, {"Node Type": "Bitmap Heap Scan", "Parent Relationship": "Inner", "Relation Name": "name", "Alias": "n1", "Startup Cost": 0.33, "Total Cost": 4.34, "Plan Rows": 1, "Plan Width": 4, "Recheck Cond": "(id = an1.person_id)", "Filter": "(((name)::text ~~ '%Yo%'::text) AND ((name)::text !~~ '%Yu%'::text))", "Plans": [{"Node Type": "Bitmap Index Scan", "Parent Relationship": "Outer", "Index Name": "name_pkey", "Startup Cost": 0.0, "Total Cost": 0.33, "Plan Rows": 1, "Plan Width": 0, "Index Cond": "(id = an1.person_id)"}]}]}]}, "Unique SQL Id": 3544391839, "Planner Runtime": 8}, "explain_analyze_plan": null}, "(1, 20)": {"explain_plan": {"Plan": {"Node Type": "Aggregate", "Strategy": "Plain", "Startup Cost": 93491.23, "Total Cost": 93491.24, "Plan Rows": 1, "Plan Width": 97, "Plans": [{"Node Type": "Nested Loop", "Parent Relationship": "Outer", "Join Type": "Inner", "Startup Cost": 63927.73, "Total Cost": 93488.0, "Plan Rows": 646, "Plan Width": 33, "Inner Unique": true, "Plans": [{"Node Type": "Nested Loop", "Parent Relationship": "Outer", "Join Type": "Inner", "Startup Cost": 63927.73, "Total Cost": 93112.46, "Plan Rows": 645, "Plan Width": 41, "Inner Unique": false, "Plans": [{"Node Type": "Nested Loop", "Parent Relationship": "Outer", "Join Type": "Inner", "Startup Cost": 63927.73, "Total Cost": 92658.24, "Plan Rows": 532, "Plan Width": 21, "Inner Unique": false, "Join Filter": "(ci.role_id = rt.id)", "Plans": [{"Node Type": "Seq Scan", "Parent Relationship": "Outer", "Relation Name": "role_type", "Alias": "rt", "Startup Cost": 0.0, "Total Cost": 1.15, "Plan Rows": 1, "Plan Width": 4, "Filter": "((role)::text = 'actress'::text)"}, {"Node Type": "Nested Loop", "Parent Relationship": "Inner", "Join Type": "Inner", "Startup Cost": 63927.73, "Total Cost": 92584.01, "Plan Rows": 5847, "Plan Width": 25, "Inner Unique": false, "Plans": [{"Node Type": "Nested Loop", "Parent Relationship": "Outer", "Join Type": "Inner", "Startup Cost": 63927.73, "Total Cost": 86841.41, "Plan Rows": 5775, "Plan Width": 25, "Inner Unique": true, "Plans": [{"Node Type": "Merge Join", "Parent Relationship": "Outer", "Join Type": "Inner", "Startup Cost": 63927.73, "Total Cost": 64194.32, "Plan Rows": 5775, "Plan Width": 4, "Inner Unique": false, "Merge Cond": "(cn.id = mc.company_id)", "Plans": [{"Node Type": "Sort", "Parent Relationship": "Outer", "Startup Cost": 6300.31, "Total Cost": 6316.04, "Plan Rows": 6290, "Plan Width": 4, "Sort Key": ["cn.id"], "Plans": [{"Node Type": "Seq Scan", "Parent Relationship": "Outer", "Relation Name": "company_name", "Alias": "cn", "Startup Cost": 0.0, "Total Cost": 5903.45, "Plan Rows": 6290, "Plan Width": 4, "Filter": "((country_code)::text = '[jp]'::text)"}]}, {"Node Type": "Sort", "Parent Relationship": "Inner", "Startup Cost": 57622.68, "Total Cost": 57713.74, "Plan Rows": 36426, "Plan Width": 8, "Sort Key": ["mc.company_id"], "Plans": [{"Node Type": "Seq Scan", "Parent Relationship": "Outer", "Relation Name": "movie_companies", "Alias": "mc", "Startup Cost": 0.0, "Total Cost": 54862.92, "Plan Rows": 36426, "Plan Width": 8, "Filter": "(((note)::text ~~ '%(Japan)%'::text) AND ((note)::text !~~ '%(USA)%'::text))"}]}]}, {"Node Type": "Index Scan", "Parent Relationship": "Inner", "Scan Direction": "Forward", "Index Name": "title_pkey", "Relation Name": "title", "Alias": "t", "Startup Cost": 0.0, "Total Cost": 3.91, "Plan Rows": 1, "Plan Width": 21, "Index Cond": "(id = mc.movie_id)"}]}, {"Node Type": "Index Scan", "Parent Relationship": "Inner", "Scan Direction": "Forward", "Index Name": "movie_id_cast_info", "Relation Name": "cast_info", "Alias": "ci", "Startup Cost": 0.0, "Total Cost": 0.98, "Plan Rows": 1, "Plan Width": 12, "Index Cond": "(movie_id = t.id)", "Filter": "((note)::text = '(voice: English version)'::text)"}]}]}, {"Node Type": "Index Scan", "Parent Relationship": "Inner", "Scan Direction": "Forward", "Index Name": "person_id_aka_name", "Relation Name": "aka_name", "Alias": "an1", "Startup Cost": 0.0, "Total Cost": 0.84, "Plan Rows": 1, "Plan Width": 20, "Index Cond": "(person_id = ci.person_id)"}]}, {"Node Type": "Index Scan", "Parent Relationship": "Inner", "Scan Direction": "Forward", "Index Name": "name_pkey", "Relation Name": "name", "Alias": "n1", "Startup Cost": 0.0, "Total Cost": 0.57, "Plan Rows": 1, "Plan Width": 4, "Index Cond": "(id = an1.person_id)", "Filter": "(((name)::text ~~ '%Yo%'::text) AND ((name)::text !~~ '%Yu%'::text))"}]}]}, "Unique SQL Id": 3544391839, "Planner Runtime": 24}, "explain_analyze_plan": {"Plan": {"Node Type": "Aggregate", "Strategy": "Plain", "Startup Cost": 93491.23, "Total Cost": 93491.24, "Plan Rows": 1, "Plan Width": 97, "Actual Startup Time": 4434.729, "Actual Total Time": 4434.73, "Actual Rows": 1, "Actual Loops": 1, "Plans": [{"Node Type": "Nested Loop", "Parent Relationship": "Outer", "Join Type": "Inner", "Startup Cost": 63927.73, "Total Cost": 93488.0, "Plan Rows": 646, "Plan Width": 33, "Actual Startup Time": 1052.931, "Actual Total Time": 4434.336, "Actual Rows": 62, "Actual Loops": 1, "Inner Unique": true, "Plans": [{"Node Type": "Nested Loop", "Parent Relationship": "Outer", "Join Type": "Inner", "Startup Cost": 63927.73, "Total Cost": 93112.46, "Plan Rows": 645, "Plan Width": 41, "Actual Startup Time": 1045.682, "Actual Total Time": 4358.025, "Actual Rows": 17379, "Actual Loops": 1, "Inner Unique": false, "Plans": [{"Node Type": "Nested Loop", "Parent Relationship": "Outer", "Join Type": "Inner", "Startup Cost": 63927.73, "Total Cost": 92658.24, "Plan Rows": 532, "Plan Width": 21, "Actual Startup Time": 1045.648, "Actual Total Time": 4307.337, "Actual Rows": 7438, "Actual Loops": 1, "Inner Unique": false, "Join Filter": "(ci.role_id = rt.id)", "Rows Removed by Join Filter": 12162, "Plans": [{"Node Type": "Seq Scan", "Parent Relationship": "Outer", "Relation Name": "role_type", "Alias": "rt", "Startup Cost": 0.0, "Total Cost": 1.15, "Plan Rows": 1, "Plan Width": 4, "Actual Startup Time": 0.026, "Actual Total Time": 0.038, "Actual Rows": 1, "Actual Loops": 1, "Filter": "((role)::text = 'actress'::text)", "Rows Removed by Filter": 11}, {"Node Type": "Nested Loop", "Parent Relationship": "Inner", "Join Type": "Inner", "Startup Cost": 63927.73, "Total Cost": 92584.01, "Plan Rows": 5847, "Plan Width": 25, "Actual Startup Time": 1045.583, "Actual Total Time": 4301.76, "Actual Rows": 19600, "Actual Loops": 1, "Inner Unique": false, "Plans": [{"Node Type": "Nested Loop", "Parent Relationship": "Outer", "Join Type": "Inner", "Startup Cost": 63927.73, "Total Cost": 86841.41, "Plan Rows": 5775, "Plan Width": 25, "Actual Startup Time": 1045.161, "Actual Total Time": 1381.1, "Actual Rows": 48328, "Actual Loops": 1, "Inner Unique": true, "Plans": [{"Node Type": "Merge Join", "Parent Relationship": "Outer", "Join Type": "Inner", "Startup Cost": 63927.73, "Total Cost": 64194.32, "Plan Rows": 5775, "Plan Width": 4, "Actual Startup Time": 1045.12, "Actual Total Time": 1074.313, "Actual Rows": 48328, "Actual Loops": 1, "Inner Unique": false, "Merge Cond": "(cn.id = mc.company_id)", "Plans": [{"Node Type": "Sort", "Parent Relationship": "Outer", "Startup Cost": 6300.31, "Total Cost": 6316.04, "Plan Rows": 6290, "Plan Width": 4, "Actual Startup Time": 82.424, "Actual Total Time": 83.224, "Actual Rows": 2418, "Actual Loops": 1, "Sort Key": ["cn.id"], "Sort Method": "quicksort", "Sort Space Used": 615, "Sort Space Type": "Memory", "Plans": [{"Node Type": "Seq Scan", "Parent Relationship": "Outer", "Relation Name": "company_name", "Alias": "cn", "Startup Cost": 0.0, "Total Cost": 5903.45, "Plan Rows": 6290, "Plan Width": 4, "Actual Startup Time": 0.021, "Actual Total Time": 79.949, "Actual Rows": 6752, "Actual Loops": 1, "Filter": "((country_code)::text = '[jp]'::text)", "Rows Removed by Filter": 228244}]}, {"Node Type": "Sort", "Parent Relationship": "Inner", "Startup Cost": 57622.68, "Total Cost": 57713.74, "Plan Rows": 36426, "Plan Width": 8, "Actual Startup Time": 962.681, "Actual Total Time": 975.439, "Actual Rows": 48897, "Actual Loops": 1, "Sort Key": ["mc.company_id"], "Sort Method": "quicksort", "Sort Space Used": 4593, "Sort Space Type": "Memory", "Plans": [{"Node Type": "Seq Scan", "Parent Relationship": "Outer", "Relation Name": "movie_companies", "Alias": "mc", "Startup Cost": 0.0, "Total Cost": 54862.92, "Plan Rows": 36426, "Plan Width": 8, "Actual Startup Time": 0.252, "Actual Total Time": 947.302, "Actual Rows": 48897, "Actual Loops": 1, "Filter": "(((note)::text ~~ '%(Japan)%'::text) AND ((note)::text !~~ '%(USA)%'::text))", "Rows Removed by Filter": 2560231}]}]}, {"Node Type": "Index Scan", "Parent Relationship": "Inner", "Scan Direction": "Forward", "Index Name": "title_pkey", "Relation Name": "title", "Alias": "t", "Startup Cost": 0.0, "Total Cost": 3.91, "Plan Rows": 1, "Plan Width": 21, "Actual Startup Time": 266.82, "Actual Total Time": 266.82, "Actual Rows": 48328, "Actual Loops": 48328, "Index Cond": "(id = mc.movie_id)", "Rows Removed by Index Recheck": 0}]}, {"Node Type": "Index Scan", "Parent Relationship": "Inner", "Scan Direction": "Forward", "Index Name": "movie_id_cast_info", "Relation Name": "cast_info", "Alias": "ci", "Startup Cost": 0.0, "Total Cost": 0.98, "Plan Rows": 1, "Plan Width": 12, "Actual Startup Time": 2756.683, "Actual Total Time": 2890.137, "Actual Rows": 19600, "Actual Loops": 48328, "Index Cond": "(movie_id = t.id)", "Rows Removed by Index Recheck": 0, "Filter": "((note)::text = '(voice: English version)'::text)", "Rows Removed by Filter": 1531710}]}]}, {"Node Type": "Index Scan", "Parent Relationship": "Inner", "Scan Direction": "Forward", "Index Name": "person_id_aka_name", "Relation Name": "aka_name", "Alias": "an1", "Startup Cost": 0.0, "Total Cost": 0.84, "Plan Rows": 1, "Plan Width": 20, "Actual Startup Time": 33.619, "Actual Total Time": 41.901, "Actual Rows": 17379, "Actual Loops": 7438, "Index Cond": "(person_id = ci.person_id)", "Rows Removed by Index Recheck": 0}]}, {"Node Type": "Index Scan", "Parent Relationship": "Inner", "Scan Direction": "Forward", "Index Name": "name_pkey", "Relation Name": "name", "Alias": "n1", "Startup Cost": 0.0, "Total Cost": 0.57, "Plan Rows": 1, "Plan Width": 4, "Actual Startup Time": 67.384, "Actual Total Time": 67.384, "Actual Rows": 62, "Actual Loops": 17379, "Index Cond": "(id = an1.person_id)", "Rows Removed by Index Recheck": 0, "Filter": "(((name)::text ~~ '%Yo%'::text) AND ((name)::text !~~ '%Yu%'::text))", "Rows Removed by Filter": 17317}]}]}, "Triggers": [], "Planner Runtime": 24, "Total Runtime": 4435.106, "Unique SQL Id": 3544391839}}, "(1, 21)": {"explain_plan": {"Plan": {"Node Type": "Aggregate", "Strategy": "Plain", "Startup Cost": 110825.24, "Total Cost": 110825.25, "Plan Rows": 1, "Plan Width": 97, "Plans": [{"Node Type": "Nested Loop", "Parent Relationship": "Outer", "Join Type": "Inner", "Startup Cost": 0.0, "Total Cost": 110824.76, "Plan Rows": 96, "Plan Width": 33, "Inner Unique": true, "Plans": [{"Node Type": "Nested Loop", "Parent Relationship": "Outer", "Join Type": "Inner", "Startup Cost": 0.0, "Total Cost": 110449.22, "Plan Rows": 645, "Plan Width": 41, "Inner Unique": false, "Plans": [{"Node Type": "Nested Loop", "Parent Relationship": "Outer", "Join Type": "Inner", "Startup Cost": 0.0, "Total Cost": 109995.01, "Plan Rows": 532, "Plan Width": 21, "Inner Unique": false, "Join Filter": "(ci.role_id = rt.id)", "Plans": [{"Node Type": "Index Scan", "Parent Relationship": "Outer", "Scan Direction": "Forward", "Index Name": "role_type_pkey", "Relation Name": "role_type", "Alias": "rt", "Startup Cost": 0.0, "Total Cost": 12.46, "Plan Rows": 1, "Plan Width": 4, "Filter": "((role)::text = 'actress'::text)"}, {"Node Type": "Nested Loop", "Parent Relationship": "Inner", "Join Type": "Inner", "Startup Cost": 0.0, "Total Cost": 109909.47, "Plan Rows": 5847, "Plan Width": 25, "Inner Unique": false, "Plans": [{"Node Type": "Nested Loop", "Parent Relationship": "Outer", "Join Type": "Inner", "Startup Cost": 0.0, "Total Cost": 104166.87, "Plan Rows": 5775, "Plan Width": 25, "Inner Unique": true, "Plans": [{"Node Type": "Nested Loop", "Parent Relationship": "Outer", "Join Type": "Inner", "Startup Cost": 0.0, "Total Cost": 81519.78, "Plan Rows": 5775, "Plan Width": 4, "Inner Unique": false, "Plans": [{"Node Type": "Index Scan", "Parent Relationship": "Outer", "Scan Direction": "Forward", "Index Name": "company_name_pkey", "Relation Name": "company_name", "Alias": "cn", "Startup Cost": 0.0, "Total Cost": 10501.39, "Plan Rows": 6290, "Plan Width": 4, "Filter": "((country_code)::text = '[jp]'::text)"}, {"Node Type": "Index Scan", "Parent Relationship": "Inner", "Scan Direction": "Forward", "Index Name": "company_id_movie_companies", "Relation Name": "movie_companies", "Alias": "mc", "Startup Cost": 0.0, "Total Cost": 11.28, "Plan Rows": 1, "Plan Width": 8, "Index Cond": "(company_id = cn.id)", "Filter": "(((note)::text ~~ '%(Japan)%'::text) AND ((note)::text !~~ '%(USA)%'::text))"}]}, {"Node Type": "Index Scan", "Parent Relationship": "Inner", "Scan Direction": "Forward", "Index Name": "title_pkey", "Relation Name": "title", "Alias": "t", "Startup Cost": 0.0, "Total Cost": 3.91, "Plan Rows": 1, "Plan Width": 21, "Index Cond": "(id = mc.movie_id)"}]}, {"Node Type": "Index Scan", "Parent Relationship": "Inner", "Scan Direction": "Forward", "Index Name": "movie_id_cast_info", "Relation Name": "cast_info", "Alias": "ci", "Startup Cost": 0.0, "Total Cost": 0.98, "Plan Rows": 1, "Plan Width": 12, "Index Cond": "(movie_id = t.id)", "Filter": "((note)::text = '(voice: English version)'::text)"}]}]}, {"Node Type": "Index Scan", "Parent Relationship": "Inner", "Scan Direction": "Forward", "Index Name": "person_id_aka_name", "Relation Name": "aka_name", "Alias": "an1", "Startup Cost": 0.0, "Total Cost": 0.84, "Plan Rows": 1, "Plan Width": 20, "Index Cond": "(person_id = ci.person_id)"}]}, {"Node Type": "Index Scan", "Parent Relationship": "Inner", "Scan Direction": "Forward", "Index Name": "name_pkey", "Relation Name": "name", "Alias": "n1", "Startup Cost": 0.0, "Total Cost": 0.57, "Plan Rows": 1, "Plan Width": 4, "Index Cond": "(id = an1.person_id)", "Filter": "(((name)::text ~~ '%Yo%'::text) AND ((name)::text !~~ '%Yu%'::text))"}]}]}, "Unique SQL Id": 3544391839, "Planner Runtime": 26}, "explain_analyze_plan": {"Plan": {"Node Type": "Aggregate", "Strategy": "Plain", "Startup Cost": 110825.24, "Total Cost": 110825.25, "Plan Rows": 1, "Plan Width": 97, "Actual Startup Time": 3781.109, "Actual Total Time": 3781.109, "Actual Rows": 1, "Actual Loops": 1, "Plans": [{"Node Type": "Nested Loop", "Parent Relationship": "Outer", "Join Type": "Inner", "Startup Cost": 0.0, "Total Cost": 110824.76, "Plan Rows": 96, "Plan Width": 33, "Actual Startup Time": 4.294, "Actual Total Time": 3780.807, "Actual Rows": 62, "Actual Loops": 1, "Inner Unique": true, "Plans": [{"Node Type": "Nested Loop", "Parent Relationship": "Outer", "Join Type": "Inner", "Startup Cost": 0.0, "Total Cost": 110449.22, "Plan Rows": 645, "Plan Width": 41, "Actual Startup Time": 0.301, "Actual Total Time": 3704.583, "Actual Rows": 17379, "Actual Loops": 1, "Inner Unique": false, "Plans": [{"Node Type": "Nested Loop", "Parent Relationship": "Outer", "Join Type": "Inner", "Startup Cost": 0.0, "Total Cost": 109995.01, "Plan Rows": 532, "Plan Width": 21, "Actual Startup Time": 0.289, "Actual Total Time": 3655.478, "Actual Rows": 7438, "Actual Loops": 1, "Inner Unique": false, "Join Filter": "(ci.role_id = rt.id)", "Rows Removed by Join Filter": 12162, "Plans": [{"Node Type": "Index Scan", "Parent Relationship": "Outer", "Scan Direction": "Forward", "Index Name": "role_type_pkey", "Relation Name": "role_type", "Alias": "rt", "Startup Cost": 0.0, "Total Cost": 12.46, "Plan Rows": 1, "Plan Width": 4, "Actual Startup Time": 0.025, "Actual Total Time": 0.033, "Actual Rows": 1, "Actual Loops": 1, "Filter": "((role)::text = 'actress'::text)", "Rows Removed by Filter": 11}, {"Node Type": "Nested Loop", "Parent Relationship": "Inner", "Join Type": "Inner", "Startup Cost": 0.0, "Total Cost": 109909.47, "Plan Rows": 5847, "Plan Width": 25, "Actual Startup Time": 0.261, "Actual Total Time": 3650.233, "Actual Rows": 19600, "Actual Loops": 1, "Inner Unique": false, "Plans": [{"Node Type": "Nested Loop", "Parent Relationship": "Outer", "Join Type": "Inner", "Startup Cost": 0.0, "Total Cost": 104166.87, "Plan Rows": 5775, "Plan Width": 25, "Actual Startup Time": 0.204, "Actual Total Time": 810.165, "Actual Rows": 48328, "Actual Loops": 1, "Inner Unique": true, "Plans": [{"Node Type": "Nested Loop", "Parent Relationship": "Outer", "Join Type": "Inner", "Startup Cost": 0.0, "Total Cost": 81519.78, "Plan Rows": 5775, "Plan Width": 4, "Actual Startup Time": 0.195, "Actual Total Time": 514.718, "Actual Rows": 48328, "Actual Loops": 1, "Inner Unique": false, "Plans": [{"Node Type": "Index Scan", "Parent Relationship": "Outer", "Scan Direction": "Forward", "Index Name": "company_name_pkey", "Relation Name": "company_name", "Alias": "cn", "Startup Cost": 0.0, "Total Cost": 10501.39, "Plan Rows": 6290, "Plan Width": 4, "Actual Startup Time": 0.163, "Actual Total Time": 302.979, "Actual Rows": 6752, "Actual Loops": 1, "Filter": "((country_code)::text = '[jp]'::text)", "Rows Removed by Filter": 228244}, {"Node Type": "Index Scan", "Parent Relationship": "Inner", "Scan Direction": "Forward", "Index Name": "company_id_movie_companies", "Relation Name": "movie_companies", "Alias": "mc", "Startup Cost": 0.0, "Total Cost": 11.28, "Plan Rows": 1, "Plan Width": 8, "Actual Startup Time": 50.001, "Actual Total Time": 195.986, "Actual Rows": 48328, "Actual Loops": 6752, "Index Cond": "(company_id = cn.id)", "Rows Removed by Index Recheck": 0, "Filter": "(((note)::text ~~ '%(Japan)%'::text) AND ((note)::text !~~ '%(USA)%'::text))", "Rows Removed by Filter": 56667}]}, {"Node Type": "Index Scan", "Parent Relationship": "Inner", "Scan Direction": "Forward", "Index Name": "title_pkey", "Relation Name": "title", "Alias": "t", "Startup Cost": 0.0, "Total Cost": 3.91, "Plan Rows": 1, "Plan Width": 21, "Actual Startup Time": 253.429, "Actual Total Time": 253.429, "Actual Rows": 48328, "Actual Loops": 48328, "Index Cond": "(id = mc.movie_id)", "Rows Removed by Index Recheck": 0}]}, {"Node Type": "Index Scan", "Parent Relationship": "Inner", "Scan Direction": "Forward", "Index Name": "movie_id_cast_info", "Relation Name": "cast_info", "Alias": "ci", "Startup Cost": 0.0, "Total Cost": 0.98, "Plan Rows": 1, "Plan Width": 12, "Actual Startup Time": 2689.1, "Actual Total Time": 2809.841, "Actual Rows": 19600, "Actual Loops": 48328, "Index Cond": "(movie_id = t.id)", "Rows Removed by Index Recheck": 0, "Filter": "((note)::text = '(voice: English version)'::text)", "Rows Removed by Filter": 1531710}]}]}, {"Node Type": "Index Scan", "Parent Relationship": "Inner", "Scan Direction": "Forward", "Index Name": "person_id_aka_name", "Relation Name": "aka_name", "Alias": "an1", "Startup Cost": 0.0, "Total Cost": 0.84, "Plan Rows": 1, "Plan Width": 20, "Actual Startup Time": 32.236, "Actual Total Time": 40.289, "Actual Rows": 17379, "Actual Loops": 7438, "Index Cond": "(person_id = ci.person_id)", "Rows Removed by Index Recheck": 0}]}, {"Node Type": "Index Scan", "Parent Relationship": "Inner", "Scan Direction": "Forward", "Index Name": "name_pkey", "Relation Name": "name", "Alias": "n1", "Startup Cost": 0.0, "Total Cost": 0.57, "Plan Rows": 1, "Plan Width": 4, "Actual Startup Time": 67.301, "Actual Total Time": 67.301, "Actual Rows": 62, "Actual Loops": 17379, "Index Cond": "(id = an1.person_id)", "Rows Removed by Index Recheck": 0, "Filter": "(((name)::text ~~ '%Yo%'::text) AND ((name)::text !~~ '%Yu%'::text))", "Rows Removed by Filter": 17317}]}]}, "Triggers": [], "Planner Runtime": 26, "Total Runtime": 3781.505, "Unique SQL Id": 3544391839}}, "(1, 22)": {"explain_plan": {"Plan": {"Node Type": "Aggregate", "Strategy": "Plain", "Startup Cost": 126667.1, "Total Cost": 126667.11, "Plan Rows": 1, "Plan Width": 97, "Plans": [{"Node Type": "Nested Loop", "Parent Relationship": "Outer", "Join Type": "Inner", "Startup Cost": 63930.22, "Total Cost": 126663.87, "Plan Rows": 646, "Plan Width": 33, "Inner Unique": true, "Plans": [{"Node Type": "Nested Loop", "Parent Relationship": "Outer", "Join Type": "Inner", "Startup Cost": 63929.9, "Total Cost": 123855.29, "Plan Rows": 645, "Plan Width": 41, "Inner Unique": false, "Plans": [{"Node Type": "Nested Loop", "Parent Relationship": "Outer", "Join Type": "Inner", "Startup Cost": 63929.52, "Total Cost": 121512.73, "Plan Rows": 532, "Plan Width": 21, "Inner Unique": false, "Join Filter": "(ci.role_id = rt.id)", "Plans": [{"Node Type": "Seq Scan", "Parent Relationship": "Outer", "Relation Name": "role_type", "Alias": "rt", "Startup Cost": 0.0, "Total Cost": 1.15, "Plan Rows": 1, "Plan Width": 4, "Filter": "((role)::text = 'actress'::text)"}, {"Node Type": "Nested Loop", "Parent Relationship": "Inner", "Join Type": "Inner", "Startup Cost": 63929.52, "Total Cost": 121438.49, "Plan Rows": 5847, "Plan Width": 25, "Inner Unique": false, "Plans": [{"Node Type": "Nested Loop", "Parent Relationship": "Outer", "Join Type": "Inner", "Startup Cost": 63929.0, "Total Cost": 94780.67, "Plan Rows": 5775, "Plan Width": 25, "Inner Unique": true, "Plans": [{"Node Type": "Merge Join", "Parent Relationship": "Outer", "Join Type": "Inner", "Startup Cost": 63927.73, "Total Cost": 64194.32, "Plan Rows": 5775, "Plan Width": 4, "Inner Unique": false, "Merge Cond": "(cn.id = mc.company_id)", "Plans": [{"Node Type": "Sort", "Parent Relationship": "Outer", "Startup Cost": 6300.31, "Total Cost": 6316.04, "Plan Rows": 6290, "Plan Width": 4, "Sort Key": ["cn.id"], "Plans": [{"Node Type": "Seq Scan", "Parent Relationship": "Outer", "Relation Name": "company_name", "Alias": "cn", "Startup Cost": 0.0, "Total Cost": 5903.45, "Plan Rows": 6290, "Plan Width": 4, "Filter": "((country_code)::text = '[jp]'::text)"}]}, {"Node Type": "Sort", "Parent Relationship": "Inner", "Startup Cost": 57622.68, "Total Cost": 57713.74, "Plan Rows": 36426, "Plan Width": 8, "Sort Key": ["mc.company_id"], "Plans": [{"Node Type": "Seq Scan", "Parent Relationship": "Outer", "Relation Name": "movie_companies", "Alias": "mc", "Startup Cost": 0.0, "Total Cost": 54862.92, "Plan Rows": 36426, "Plan Width": 8, "Filter": "(((note)::text ~~ '%(Japan)%'::text) AND ((note)::text !~~ '%(USA)%'::text))"}]}]}, {"Node Type": "Bitmap Heap Scan", "Parent Relationship": "Inner", "Relation Name": "title", "Alias": "t", "Startup Cost": 1.27, "Total Cost": 5.29, "Plan Rows": 1, "Plan Width": 21, "Recheck Cond": "(id = mc.movie_id)", "Plans": [{"Node Type": "Bitmap Index Scan", "Parent Relationship": "Outer", "Index Name": "title_pkey", "Startup Cost": 0.0, "Total Cost": 1.27, "Plan Rows": 1, "Plan Width": 0, "Index Cond": "(id = mc.movie_id)"}]}]}, {"Node Type": "Bitmap Heap Scan", "Parent Relationship": "Inner", "Relation Name": "cast_info", "Alias": "ci", "Startup Cost": 0.52, "Total Cost": 4.61, "Plan Rows": 1, "Plan Width": 12, "Recheck Cond": "(movie_id = t.id)", "Filter": "((note)::text = '(voice: English version)'::text)", "Plans": [{"Node Type": "Bitmap Index Scan", "Parent Relationship": "Outer", "Index Name": "movie_id_cast_info", "Startup Cost": 0.0, "Total Cost": 0.52, "Plan Rows": 6, "Plan Width": 0, "Index Cond": "(movie_id = t.id)"}]}]}]}, {"Node Type": "Bitmap Heap Scan", "Parent Relationship": "Inner", "Relation Name": "aka_name", "Alias": "an1", "Startup Cost": 0.38, "Total Cost": 4.39, "Plan Rows": 1, "Plan Width": 20, "Recheck Cond": "(person_id = ci.person_id)", "Plans": [{"Node Type": "Bitmap Index Scan", "Parent Relationship": "Outer", "Index Name": "person_id_aka_name", "Startup Cost": 0.0, "Total Cost": 0.38, "Plan Rows": 1, "Plan Width": 0, "Index Cond": "(person_id = ci.person_id)"}]}]}, {"Node Type": "Bitmap Heap Scan", "Parent Relationship": "Inner", "Relation Name": "name", "Alias": "n1", "Startup Cost": 0.33, "Total Cost": 4.34, "Plan Rows": 1, "Plan Width": 4, "Recheck Cond": "(id = an1.person_id)", "Filter": "(((name)::text ~~ '%Yo%'::text) AND ((name)::text !~~ '%Yu%'::text))", "Plans": [{"Node Type": "Bitmap Index Scan", "Parent Relationship": "Outer", "Index Name": "name_pkey", "Startup Cost": 0.0, "Total Cost": 0.33, "Plan Rows": 1, "Plan Width": 0, "Index Cond": "(id = an1.person_id)"}]}]}]}, "Unique SQL Id": 3544391839, "Planner Runtime": 23}, "explain_analyze_plan": {"Plan": {"Node Type": "Aggregate", "Strategy": "Plain", "Startup Cost": 126667.1, "Total Cost": 126667.11, "Plan Rows": 1, "Plan Width": 97, "Actual Startup Time": 4823.953, "Actual Total Time": 4823.953, "Actual Rows": 1, "Actual Loops": 1, "Plans": [{"Node Type": "Nested Loop", "Parent Relationship": "Outer", "Join Type": "Inner", "Startup Cost": 63930.22, "Total Cost": 126663.87, "Plan Rows": 646, "Plan Width": 33, "Actual Startup Time": 1049.132, "Actual Total Time": 4823.604, "Actual Rows": 62, "Actual Loops": 1, "Inner Unique": true, "Plans": [{"Node Type": "Nested Loop", "Parent Relationship": "Outer", "Join Type": "Inner", "Startup Cost": 63929.9, "Total Cost": 123855.29, "Plan Rows": 645, "Plan Width": 41, "Actual Startup Time": 1041.845, "Actual Total Time": 4723.432, "Actual Rows": 17379, "Actual Loops": 1, "Inner Unique": false, "Plans": [{"Node Type": "Nested Loop", "Parent Relationship": "Outer", "Join Type": "Inner", "Startup Cost": 63929.52, "Total Cost": 121512.73, "Plan Rows": 532, "Plan Width": 21, "Actual Startup Time": 1041.787, "Actual Total Time": 4660.228, "Actual Rows": 7438, "Actual Loops": 1, "Inner Unique": false, "Join Filter": "(ci.role_id = rt.id)", "Rows Removed by Join Filter": 12162, "Plans": [{"Node Type": "Seq Scan", "Parent Relationship": "Outer", "Relation Name": "role_type", "Alias": "rt", "Startup Cost": 0.0, "Total Cost": 1.15, "Plan Rows": 1, "Plan Width": 4, "Actual Startup Time": 0.026, "Actual Total Time": 0.036, "Actual Rows": 1, "Actual Loops": 1, "Filter": "((role)::text = 'actress'::text)", "Rows Removed by Filter": 11}, {"Node Type": "Nested Loop", "Parent Relationship": "Inner", "Join Type": "Inner", "Startup Cost": 63929.52, "Total Cost": 121438.49, "Plan Rows": 5847, "Plan Width": 25, "Actual Startup Time": 1041.73, "Actual Total Time": 4654.576, "Actual Rows": 19600, "Actual Loops": 1, "Inner Unique": false, "Plans": [{"Node Type": "Nested Loop", "Parent Relationship": "Outer", "Join Type": "Inner", "Startup Cost": 63929.0, "Total Cost": 94780.67, "Plan Rows": 5775, "Plan Width": 25, "Actual Startup Time": 1041.149, "Actual Total Time": 1448.531, "Actual Rows": 48328, "Actual Loops": 1, "Inner Unique": true, "Plans": [{"Node Type": "Merge Join", "Parent Relationship": "Outer", "Join Type": "Inner", "Startup Cost": 63927.73, "Total Cost": 64194.32, "Plan Rows": 5775, "Plan Width": 4, "Actual Startup Time": 1041.092, "Actual Total Time": 1071.905, "Actual Rows": 48328, "Actual Loops": 1, "Inner Unique": false, "Merge Cond": "(cn.id = mc.company_id)", "Plans": [{"Node Type": "Sort", "Parent Relationship": "Outer", "Startup Cost": 6300.31, "Total Cost": 6316.04, "Plan Rows": 6290, "Plan Width": 4, "Actual Startup Time": 83.2, "Actual Total Time": 83.81, "Actual Rows": 2418, "Actual Loops": 1, "Sort Key": ["cn.id"], "Sort Method": "quicksort", "Sort Space Used": 615, "Sort Space Type": "Memory", "Plans": [{"Node Type": "Seq Scan", "Parent Relationship": "Outer", "Relation Name": "company_name", "Alias": "cn", "Startup Cost": 0.0, "Total Cost": 5903.45, "Plan Rows": 6290, "Plan Width": 4, "Actual Startup Time": 0.033, "Actual Total Time": 80.738, "Actual Rows": 6752, "Actual Loops": 1, "Filter": "((country_code)::text = '[jp]'::text)", "Rows Removed by Filter": 228244}]}, {"Node Type": "Sort", "Parent Relationship": "Inner", "Startup Cost": 57622.68, "Total Cost": 57713.74, "Plan Rows": 36426, "Plan Width": 8, "Actual Startup Time": 957.876, "Actual Total Time": 970.006, "Actual Rows": 48897, "Actual Loops": 1, "Sort Key": ["mc.company_id"], "Sort Method": "quicksort", "Sort Space Used": 4593, "Sort Space Type": "Memory", "Plans": [{"Node Type": "Seq Scan", "Parent Relationship": "Outer", "Relation Name": "movie_companies", "Alias": "mc", "Startup Cost": 0.0, "Total Cost": 54862.92, "Plan Rows": 36426, "Plan Width": 8, "Actual Startup Time": 0.237, "Actual Total Time": 941.928, "Actual Rows": 48897, "Actual Loops": 1, "Filter": "(((note)::text ~~ '%(Japan)%'::text) AND ((note)::text !~~ '%(USA)%'::text))", "Rows Removed by Filter": 2560231}]}]}, {"Node Type": "Bitmap Heap Scan", "Parent Relationship": "Inner", "Relation Name": "title", "Alias": "t", "Startup Cost": 1.27, "Total Cost": 5.29, "Plan Rows": 1, "Plan Width": 21, "Actual Startup Time": 296.832, "Actual Total Time": 296.832, "Actual Rows": 48328, "Actual Loops": 48328, "Recheck Cond": "(id = mc.movie_id)", "Rows Removed by Index Recheck": 0, "Exact Heap Blocks": 48328, "Lossy Heap Blocks": 48328, "Plans": [{"Node Type": "Bitmap Index Scan", "Parent Relationship": "Outer", "Index Name": "title_pkey", "Startup Cost": 0.0, "Total Cost": 1.27, "Plan Rows": 1, "Plan Width": 0, "Actual Startup Time": 181.867, "Actual Total Time": 181.867, "Actual Rows": 48328, "Actual Loops": 48328, "Index Cond": "(id = mc.movie_id)"}]}]}, {"Node Type": "Bitmap Heap Scan", "Parent Relationship": "Inner", "Relation Name": "cast_info", "Alias": "ci", "Startup Cost": 0.52, "Total Cost": 4.61, "Plan Rows": 1, "Plan Width": 12, "Actual Startup Time": 3000.618, "Actual Total Time": 3132.96, "Actual Rows": 19600, "Actual Loops": 48328, "Recheck Cond": "(movie_id = t.id)", "Rows Removed by Index Recheck": 0, "Filter": "((note)::text = '(voice: English version)'::text)", "Rows Removed by Filter": 1531710, "Exact Heap Blocks": 1503105, "Lossy Heap Blocks": 1503105, "Plans": [{"Node Type": "Bitmap Index Scan", "Parent Relationship": "Outer", "Index Name": "movie_id_cast_info", "Startup Cost": 0.0, "Total Cost": 0.52, "Plan Rows": 6, "Plan Width": 0, "Actual Startup Time": 483.977, "Actual Total Time": 483.977, "Actual Rows": 1551310, "Actual Loops": 48328, "Index Cond": "(movie_id = t.id)"}]}]}]}, {"Node Type": "Bitmap Heap Scan", "Parent Relationship": "Inner", "Relation Name": "aka_name", "Alias": "an1", "Startup Cost": 0.38, "Total Cost": 4.39, "Plan Rows": 1, "Plan Width": 20, "Actual Startup Time": 43.821, "Actual Total Time": 48.774, "Actual Rows": 17379, "Actual Loops": 7438, "Recheck Cond": "(person_id = ci.person_id)", "Rows Removed by Index Recheck": 0, "Exact Heap Blocks": 6514, "Lossy Heap Blocks": 6514, "Plans": [{"Node Type": "Bitmap Index Scan", "Parent Relationship": "Outer", "Index Name": "person_id_aka_name", "Startup Cost": 0.0, "Total Cost": 0.38, "Plan Rows": 1, "Plan Width": 0, "Actual Startup Time": 28.785, "Actual Total Time": 28.785, "Actual Rows": 17379, "Actual Loops": 7438, "Index Cond": "(person_id = ci.person_id)"}]}]}, {"Node Type": "Bitmap Heap Scan", "Parent Relationship": "Inner", "Relation Name": "name", "Alias": "n1", "Startup Cost": 0.33, "Total Cost": 4.34, "Plan Rows": 1, "Plan Width": 4, "Actual Startup Time": 79.854, "Actual Total Time": 79.854, "Actual Rows": 62, "Actual Loops": 17379, "Recheck Cond": "(id = an1.person_id)", "Rows Removed by Index Recheck": 0, "Filter": "(((name)::text ~~ '%Yo%'::text) AND ((name)::text !~~ '%Yu%'::text))", "Rows Removed by Filter": 17317, "Exact Heap Blocks": 17379, "Lossy Heap Blocks": 17379, "Plans": [{"Node Type": "Bitmap Index Scan", "Parent Relationship": "Outer", "Index Name": "name_pkey", "Startup Cost": 0.0, "Total Cost": 0.33, "Plan Rows": 1, "Plan Width": 0, "Actual Startup Time": 46.361, "Actual Total Time": 46.361, "Actual Rows": 17379, "Actual Loops": 17379, "Index Cond": "(id = an1.person_id)"}]}]}]}, "Triggers": [], "Planner Runtime": 23, "Total Runtime": 4824.334, "Unique SQL Id": 3544391839}}, "(1, 23)": {"explain_plan": {"Plan": {"Node Type": "Aggregate", "Strategy": "Plain", "Startup Cost": 1000012228445.06, "Total Cost": 1000012228445.07, "Plan Rows": 1, "Plan Width": 97, "Plans": [{"Node Type": "Nested Loop", "Parent Relationship": "Outer", "Join Type": "Inner", "Startup Cost": 10000000003.19, "Total Cost": 1000012228445.0, "Plan Rows": 12, "Plan Width": 33, "Inner Unique": true, "Plans": [{"Node Type": "Nested Loop", "Parent Relationship": "Outer", "Join Type": "Inner", "Startup Cost": 10000000002.87, "Total Cost": 1000012225636.42, "Plan Rows": 645, "Plan Width": 41, "Inner Unique": true, "Plans": [{"Node Type": "Nested Loop", "Parent Relationship": "Outer", "Join Type": "Inner", "Startup Cost": 10000000002.23, "Total Cost": 1000012222628.77, "Plan Rows": 645, "Plan Width": 32, "Inner Unique": true, "Plans": [{"Node Type": "Nested Loop", "Parent Relationship": "Outer", "Join Type": "Inner", "Startup Cost": 10000000001.92, "Total Cost": 1000012205100.96, "Plan Rows": 4051, "Plan Width": 36, "Inner Unique": false, "Plans": [{"Node Type": "Nested Loop", "Parent Relationship": "Outer", "Join Type": "Inner", "Startup Cost": 10000000001.26, "Total Cost": 1000012155572.17, "Plan Rows": 10524, "Plan Width": 28, "Inner Unique": true, "Plans": [{"Node Type": "Nested Loop", "Parent Relationship": "Outer", "Join Type": "Inner", "Startup Cost": 10000000001.0, "Total Cost": 1000011659757.19, "Plan Rows": 115768, "Plan Width": 32, "Inner Unique": false, "Plans": [{"Node Type": "Index Scan", "Parent Relationship": "Outer", "Scan Direction": "Forward", "Index Name": "person_id_aka_name", "Relation Name": "aka_name", "Alias": "an1", "Startup Cost": 10000000000.0, "Total Cost": 1000006896503.43, "Plan Rows": 901342, "Plan Width": 20}, {"Node Type": "Bitmap Heap Scan", "Parent Relationship": "Inner", "Relation Name": "cast_info", "Alias": "ci", "Startup Cost": 1.0, "Total Cost": 5.27, "Plan Rows": 1, "Plan Width": 12, "Recheck Cond": "(person_id = an1.person_id)", "Filter": "((note)::text = '(voice: English version)'::text)", "Plans": [{"Node Type": "Bitmap Index Scan", "Parent Relationship": "Outer", "Index Name": "person_id_cast_info", "Startup Cost": 0.0, "Total Cost": 1.0, "Plan Rows": 18, "Plan Width": 0, "Index Cond": "(person_id = an1.person_id)"}]}]}, {"Node Type": "Bitmap Heap Scan", "Parent Relationship": "Inner", "Relation Name": "role_type", "Alias": "rt", "Startup Cost": 0.26, "Total Cost": 4.27, "Plan Rows": 1, "Plan Width": 4, "Recheck Cond": "(id = ci.role_id)", "Filter": "((role)::text = 'actress'::text)", "Plans": [{"Node Type": "Bitmap Index Scan", "Parent Relationship": "Outer", "Index Name": "role_type_pkey", "Startup Cost": 0.0, "Total Cost": 0.26, "Plan Rows": 1, "Plan Width": 0, "Index Cond": "(id = ci.role_id)"}]}]}, {"Node Type": "Bitmap Heap Scan", "Parent Relationship": "Inner", "Relation Name": "movie_companies", "Alias": "mc", "Startup Cost": 0.66, "Total Cost": 4.7, "Plan Rows": 1, "Plan Width": 8, "Recheck Cond": "(movie_id = ci.movie_id)", "Filter": "(((note)::text ~~ '%(Japan)%'::text) AND ((note)::text !~~ '%(USA)%'::text))", "Plans": [{"Node Type": "Bitmap Index Scan", "Parent Relationship": "Outer", "Index Name": "movie_id_movie_companies", "Startup Cost": 0.0, "Total Cost": 0.66, "Plan Rows": 2, "Plan Width": 0, "Index Cond": "(movie_id = ci.movie_id)"}]}]}, {"Node Type": "Bitmap Heap Scan", "Parent Relationship": "Inner", "Relation Name": "company_name", "Alias": "cn", "Startup Cost": 0.3, "Total Cost": 4.32, "Plan Rows": 1, "Plan Width": 4, "Recheck Cond": "(id = mc.company_id)", "Filter": "((country_code)::text = '[jp]'::text)", "Plans": [{"Node Type": "Bitmap Index Scan", "Parent Relationship": "Outer", "Index Name": "company_name_pkey", "Startup Cost": 0.0, "Total Cost": 0.3, "Plan Rows": 1, "Plan Width": 0, "Index Cond": "(id = mc.company_id)"}]}]}, {"Node Type": "Bitmap Heap Scan", "Parent Relationship": "Inner", "Relation Name": "title", "Alias": "t", "Startup Cost": 0.64, "Total Cost": 4.65, "Plan Rows": 1, "Plan Width": 21, "Recheck Cond": "(id = ci.movie_id)", "Plans": [{"Node Type": "Bitmap Index Scan", "Parent Relationship": "Outer", "Index Name": "title_pkey", "Startup Cost": 0.0, "Total Cost": 0.64, "Plan Rows": 1, "Plan Width": 0, "Index Cond": "(id = ci.movie_id)"}]}]}, {"Node Type": "Bitmap Heap Scan", "Parent Relationship": "Inner", "Relation Name": "name", "Alias": "n1", "Startup Cost": 0.33, "Total Cost": 4.34, "Plan Rows": 1, "Plan Width": 4, "Recheck Cond": "(id = an1.person_id)", "Filter": "(((name)::text ~~ '%Yo%'::text) AND ((name)::text !~~ '%Yu%'::text))", "Plans": [{"Node Type": "Bitmap Index Scan", "Parent Relationship": "Outer", "Index Name": "name_pkey", "Startup Cost": 0.0, "Total Cost": 0.33, "Plan Rows": 1, "Plan Width": 0, "Index Cond": "(id = an1.person_id)"}]}]}]}, "Unique SQL Id": 3544391839, "Planner Runtime": 7}, "explain_analyze_plan": null}, "(1, 24)": {"explain_plan": {"Plan": {"Node Type": "Aggregate", "Strategy": "Plain", "Startup Cost": 93491.23, "Total Cost": 93491.24, "Plan Rows": 1, "Plan Width": 97, "Plans": [{"Node Type": "Nested Loop", "Parent Relationship": "Outer", "Join Type": "Inner", "Startup Cost": 63927.73, "Total Cost": 93488.0, "Plan Rows": 646, "Plan Width": 33, "Inner Unique": true, "Plans": [{"Node Type": "Nested Loop", "Parent Relationship": "Outer", "Join Type": "Inner", "Startup Cost": 63927.73, "Total Cost": 93112.46, "Plan Rows": 645, "Plan Width": 41, "Inner Unique": false, "Plans": [{"Node Type": "Nested Loop", "Parent Relationship": "Outer", "Join Type": "Inner", "Startup Cost": 63927.73, "Total Cost": 92658.24, "Plan Rows": 532, "Plan Width": 21, "Inner Unique": false, "Join Filter": "(ci.role_id = rt.id)", "Plans": [{"Node Type": "Seq Scan", "Parent Relationship": "Outer", "Relation Name": "role_type", "Alias": "rt", "Startup Cost": 0.0, "Total Cost": 1.15, "Plan Rows": 1, "Plan Width": 4, "Filter": "((role)::text = 'actress'::text)"}, {"Node Type": "Nested Loop", "Parent Relationship": "Inner", "Join Type": "Inner", "Startup Cost": 63927.73, "Total Cost": 92584.01, "Plan Rows": 5847, "Plan Width": 25, "Inner Unique": false, "Plans": [{"Node Type": "Nested Loop", "Parent Relationship": "Outer", "Join Type": "Inner", "Startup Cost": 63927.73, "Total Cost": 86841.41, "Plan Rows": 5775, "Plan Width": 25, "Inner Unique": true, "Plans": [{"Node Type": "Merge Join", "Parent Relationship": "Outer", "Join Type": "Inner", "Startup Cost": 63927.73, "Total Cost": 64194.32, "Plan Rows": 5775, "Plan Width": 4, "Inner Unique": false, "Merge Cond": "(cn.id = mc.company_id)", "Plans": [{"Node Type": "Sort", "Parent Relationship": "Outer", "Startup Cost": 6300.31, "Total Cost": 6316.04, "Plan Rows": 6290, "Plan Width": 4, "Sort Key": ["cn.id"], "Plans": [{"Node Type": "Seq Scan", "Parent Relationship": "Outer", "Relation Name": "company_name", "Alias": "cn", "Startup Cost": 0.0, "Total Cost": 5903.45, "Plan Rows": 6290, "Plan Width": 4, "Filter": "((country_code)::text = '[jp]'::text)"}]}, {"Node Type": "Sort", "Parent Relationship": "Inner", "Startup Cost": 57622.68, "Total Cost": 57713.74, "Plan Rows": 36426, "Plan Width": 8, "Sort Key": ["mc.company_id"], "Plans": [{"Node Type": "Seq Scan", "Parent Relationship": "Outer", "Relation Name": "movie_companies", "Alias": "mc", "Startup Cost": 0.0, "Total Cost": 54862.92, "Plan Rows": 36426, "Plan Width": 8, "Filter": "(((note)::text ~~ '%(Japan)%'::text) AND ((note)::text !~~ '%(USA)%'::text))"}]}]}, {"Node Type": "Index Scan", "Parent Relationship": "Inner", "Scan Direction": "Forward", "Index Name": "title_pkey", "Relation Name": "title", "Alias": "t", "Startup Cost": 0.0, "Total Cost": 3.91, "Plan Rows": 1, "Plan Width": 21, "Index Cond": "(id = mc.movie_id)"}]}, {"Node Type": "Index Scan", "Parent Relationship": "Inner", "Scan Direction": "Forward", "Index Name": "movie_id_cast_info", "Relation Name": "cast_info", "Alias": "ci", "Startup Cost": 0.0, "Total Cost": 0.98, "Plan Rows": 1, "Plan Width": 12, "Index Cond": "(movie_id = t.id)", "Filter": "((note)::text = '(voice: English version)'::text)"}]}]}, {"Node Type": "Index Scan", "Parent Relationship": "Inner", "Scan Direction": "Forward", "Index Name": "person_id_aka_name", "Relation Name": "aka_name", "Alias": "an1", "Startup Cost": 0.0, "Total Cost": 0.84, "Plan Rows": 1, "Plan Width": 20, "Index Cond": "(person_id = ci.person_id)"}]}, {"Node Type": "Index Scan", "Parent Relationship": "Inner", "Scan Direction": "Forward", "Index Name": "name_pkey", "Relation Name": "name", "Alias": "n1", "Startup Cost": 0.0, "Total Cost": 0.57, "Plan Rows": 1, "Plan Width": 4, "Index Cond": "(id = an1.person_id)", "Filter": "(((name)::text ~~ '%Yo%'::text) AND ((name)::text !~~ '%Yu%'::text))"}]}]}, "Unique SQL Id": 3544391839, "Planner Runtime": 24}, "explain_analyze_plan": {"Plan": {"Node Type": "Aggregate", "Strategy": "Plain", "Startup Cost": 93491.23, "Total Cost": 93491.24, "Plan Rows": 1, "Plan Width": 97, "Actual Startup Time": 4434.729, "Actual Total Time": 4434.73, "Actual Rows": 1, "Actual Loops": 1, "Plans": [{"Node Type": "Nested Loop", "Parent Relationship": "Outer", "Join Type": "Inner", "Startup Cost": 63927.73, "Total Cost": 93488.0, "Plan Rows": 646, "Plan Width": 33, "Actual Startup Time": 1052.931, "Actual Total Time": 4434.336, "Actual Rows": 62, "Actual Loops": 1, "Inner Unique": true, "Plans": [{"Node Type": "Nested Loop", "Parent Relationship": "Outer", "Join Type": "Inner", "Startup Cost": 63927.73, "Total Cost": 93112.46, "Plan Rows": 645, "Plan Width": 41, "Actual Startup Time": 1045.682, "Actual Total Time": 4358.025, "Actual Rows": 17379, "Actual Loops": 1, "Inner Unique": false, "Plans": [{"Node Type": "Nested Loop", "Parent Relationship": "Outer", "Join Type": "Inner", "Startup Cost": 63927.73, "Total Cost": 92658.24, "Plan Rows": 532, "Plan Width": 21, "Actual Startup Time": 1045.648, "Actual Total Time": 4307.337, "Actual Rows": 7438, "Actual Loops": 1, "Inner Unique": false, "Join Filter": "(ci.role_id = rt.id)", "Rows Removed by Join Filter": 12162, "Plans": [{"Node Type": "Seq Scan", "Parent Relationship": "Outer", "Relation Name": "role_type", "Alias": "rt", "Startup Cost": 0.0, "Total Cost": 1.15, "Plan Rows": 1, "Plan Width": 4, "Actual Startup Time": 0.026, "Actual Total Time": 0.038, "Actual Rows": 1, "Actual Loops": 1, "Filter": "((role)::text = 'actress'::text)", "Rows Removed by Filter": 11}, {"Node Type": "Nested Loop", "Parent Relationship": "Inner", "Join Type": "Inner", "Startup Cost": 63927.73, "Total Cost": 92584.01, "Plan Rows": 5847, "Plan Width": 25, "Actual Startup Time": 1045.583, "Actual Total Time": 4301.76, "Actual Rows": 19600, "Actual Loops": 1, "Inner Unique": false, "Plans": [{"Node Type": "Nested Loop", "Parent Relationship": "Outer", "Join Type": "Inner", "Startup Cost": 63927.73, "Total Cost": 86841.41, "Plan Rows": 5775, "Plan Width": 25, "Actual Startup Time": 1045.161, "Actual Total Time": 1381.1, "Actual Rows": 48328, "Actual Loops": 1, "Inner Unique": true, "Plans": [{"Node Type": "Merge Join", "Parent Relationship": "Outer", "Join Type": "Inner", "Startup Cost": 63927.73, "Total Cost": 64194.32, "Plan Rows": 5775, "Plan Width": 4, "Actual Startup Time": 1045.12, "Actual Total Time": 1074.313, "Actual Rows": 48328, "Actual Loops": 1, "Inner Unique": false, "Merge Cond": "(cn.id = mc.company_id)", "Plans": [{"Node Type": "Sort", "Parent Relationship": "Outer", "Startup Cost": 6300.31, "Total Cost": 6316.04, "Plan Rows": 6290, "Plan Width": 4, "Actual Startup Time": 82.424, "Actual Total Time": 83.224, "Actual Rows": 2418, "Actual Loops": 1, "Sort Key": ["cn.id"], "Sort Method": "quicksort", "Sort Space Used": 615, "Sort Space Type": "Memory", "Plans": [{"Node Type": "Seq Scan", "Parent Relationship": "Outer", "Relation Name": "company_name", "Alias": "cn", "Startup Cost": 0.0, "Total Cost": 5903.45, "Plan Rows": 6290, "Plan Width": 4, "Actual Startup Time": 0.021, "Actual Total Time": 79.949, "Actual Rows": 6752, "Actual Loops": 1, "Filter": "((country_code)::text = '[jp]'::text)", "Rows Removed by Filter": 228244}]}, {"Node Type": "Sort", "Parent Relationship": "Inner", "Startup Cost": 57622.68, "Total Cost": 57713.74, "Plan Rows": 36426, "Plan Width": 8, "Actual Startup Time": 962.681, "Actual Total Time": 975.439, "Actual Rows": 48897, "Actual Loops": 1, "Sort Key": ["mc.company_id"], "Sort Method": "quicksort", "Sort Space Used": 4593, "Sort Space Type": "Memory", "Plans": [{"Node Type": "Seq Scan", "Parent Relationship": "Outer", "Relation Name": "movie_companies", "Alias": "mc", "Startup Cost": 0.0, "Total Cost": 54862.92, "Plan Rows": 36426, "Plan Width": 8, "Actual Startup Time": 0.252, "Actual Total Time": 947.302, "Actual Rows": 48897, "Actual Loops": 1, "Filter": "(((note)::text ~~ '%(Japan)%'::text) AND ((note)::text !~~ '%(USA)%'::text))", "Rows Removed by Filter": 2560231}]}]}, {"Node Type": "Index Scan", "Parent Relationship": "Inner", "Scan Direction": "Forward", "Index Name": "title_pkey", "Relation Name": "title", "Alias": "t", "Startup Cost": 0.0, "Total Cost": 3.91, "Plan Rows": 1, "Plan Width": 21, "Actual Startup Time": 266.82, "Actual Total Time": 266.82, "Actual Rows": 48328, "Actual Loops": 48328, "Index Cond": "(id = mc.movie_id)", "Rows Removed by Index Recheck": 0}]}, {"Node Type": "Index Scan", "Parent Relationship": "Inner", "Scan Direction": "Forward", "Index Name": "movie_id_cast_info", "Relation Name": "cast_info", "Alias": "ci", "Startup Cost": 0.0, "Total Cost": 0.98, "Plan Rows": 1, "Plan Width": 12, "Actual Startup Time": 2756.683, "Actual Total Time": 2890.137, "Actual Rows": 19600, "Actual Loops": 48328, "Index Cond": "(movie_id = t.id)", "Rows Removed by Index Recheck": 0, "Filter": "((note)::text = '(voice: English version)'::text)", "Rows Removed by Filter": 1531710}]}]}, {"Node Type": "Index Scan", "Parent Relationship": "Inner", "Scan Direction": "Forward", "Index Name": "person_id_aka_name", "Relation Name": "aka_name", "Alias": "an1", "Startup Cost": 0.0, "Total Cost": 0.84, "Plan Rows": 1, "Plan Width": 20, "Actual Startup Time": 33.619, "Actual Total Time": 41.901, "Actual Rows": 17379, "Actual Loops": 7438, "Index Cond": "(person_id = ci.person_id)", "Rows Removed by Index Recheck": 0}]}, {"Node Type": "Index Scan", "Parent Relationship": "Inner", "Scan Direction": "Forward", "Index Name": "name_pkey", "Relation Name": "name", "Alias": "n1", "Startup Cost": 0.0, "Total Cost": 0.57, "Plan Rows": 1, "Plan Width": 4, "Actual Startup Time": 67.384, "Actual Total Time": 67.384, "Actual Rows": 62, "Actual Loops": 17379, "Index Cond": "(id = an1.person_id)", "Rows Removed by Index Recheck": 0, "Filter": "(((name)::text ~~ '%Yo%'::text) AND ((name)::text !~~ '%Yu%'::text))", "Rows Removed by Filter": 17317}]}]}, "Triggers": [], "Planner Runtime": 24, "Total Runtime": 4435.106, "Unique SQL Id": 3544391839}}, "(1, 25)": {"explain_plan": {"Plan": {"Node Type": "Aggregate", "Strategy": "Plain", "Startup Cost": 110825.24, "Total Cost": 110825.25, "Plan Rows": 1, "Plan Width": 97, "Plans": [{"Node Type": "Nested Loop", "Parent Relationship": "Outer", "Join Type": "Inner", "Startup Cost": 0.0, "Total Cost": 110824.76, "Plan Rows": 96, "Plan Width": 33, "Inner Unique": true, "Plans": [{"Node Type": "Nested Loop", "Parent Relationship": "Outer", "Join Type": "Inner", "Startup Cost": 0.0, "Total Cost": 110449.22, "Plan Rows": 645, "Plan Width": 41, "Inner Unique": false, "Plans": [{"Node Type": "Nested Loop", "Parent Relationship": "Outer", "Join Type": "Inner", "Startup Cost": 0.0, "Total Cost": 109995.01, "Plan Rows": 532, "Plan Width": 21, "Inner Unique": false, "Join Filter": "(ci.role_id = rt.id)", "Plans": [{"Node Type": "Index Scan", "Parent Relationship": "Outer", "Scan Direction": "Forward", "Index Name": "role_type_pkey", "Relation Name": "role_type", "Alias": "rt", "Startup Cost": 0.0, "Total Cost": 12.46, "Plan Rows": 1, "Plan Width": 4, "Filter": "((role)::text = 'actress'::text)"}, {"Node Type": "Nested Loop", "Parent Relationship": "Inner", "Join Type": "Inner", "Startup Cost": 0.0, "Total Cost": 109909.47, "Plan Rows": 5847, "Plan Width": 25, "Inner Unique": false, "Plans": [{"Node Type": "Nested Loop", "Parent Relationship": "Outer", "Join Type": "Inner", "Startup Cost": 0.0, "Total Cost": 104166.87, "Plan Rows": 5775, "Plan Width": 25, "Inner Unique": true, "Plans": [{"Node Type": "Nested Loop", "Parent Relationship": "Outer", "Join Type": "Inner", "Startup Cost": 0.0, "Total Cost": 81519.78, "Plan Rows": 5775, "Plan Width": 4, "Inner Unique": false, "Plans": [{"Node Type": "Index Scan", "Parent Relationship": "Outer", "Scan Direction": "Forward", "Index Name": "company_name_pkey", "Relation Name": "company_name", "Alias": "cn", "Startup Cost": 0.0, "Total Cost": 10501.39, "Plan Rows": 6290, "Plan Width": 4, "Filter": "((country_code)::text = '[jp]'::text)"}, {"Node Type": "Index Scan", "Parent Relationship": "Inner", "Scan Direction": "Forward", "Index Name": "company_id_movie_companies", "Relation Name": "movie_companies", "Alias": "mc", "Startup Cost": 0.0, "Total Cost": 11.28, "Plan Rows": 1, "Plan Width": 8, "Index Cond": "(company_id = cn.id)", "Filter": "(((note)::text ~~ '%(Japan)%'::text) AND ((note)::text !~~ '%(USA)%'::text))"}]}, {"Node Type": "Index Scan", "Parent Relationship": "Inner", "Scan Direction": "Forward", "Index Name": "title_pkey", "Relation Name": "title", "Alias": "t", "Startup Cost": 0.0, "Total Cost": 3.91, "Plan Rows": 1, "Plan Width": 21, "Index Cond": "(id = mc.movie_id)"}]}, {"Node Type": "Index Scan", "Parent Relationship": "Inner", "Scan Direction": "Forward", "Index Name": "movie_id_cast_info", "Relation Name": "cast_info", "Alias": "ci", "Startup Cost": 0.0, "Total Cost": 0.98, "Plan Rows": 1, "Plan Width": 12, "Index Cond": "(movie_id = t.id)", "Filter": "((note)::text = '(voice: English version)'::text)"}]}]}, {"Node Type": "Index Scan", "Parent Relationship": "Inner", "Scan Direction": "Forward", "Index Name": "person_id_aka_name", "Relation Name": "aka_name", "Alias": "an1", "Startup Cost": 0.0, "Total Cost": 0.84, "Plan Rows": 1, "Plan Width": 20, "Index Cond": "(person_id = ci.person_id)"}]}, {"Node Type": "Index Scan", "Parent Relationship": "Inner", "Scan Direction": "Forward", "Index Name": "name_pkey", "Relation Name": "name", "Alias": "n1", "Startup Cost": 0.0, "Total Cost": 0.57, "Plan Rows": 1, "Plan Width": 4, "Index Cond": "(id = an1.person_id)", "Filter": "(((name)::text ~~ '%Yo%'::text) AND ((name)::text !~~ '%Yu%'::text))"}]}]}, "Unique SQL Id": 3544391839, "Planner Runtime": 26}, "explain_analyze_plan": {"Plan": {"Node Type": "Aggregate", "Strategy": "Plain", "Startup Cost": 110825.24, "Total Cost": 110825.25, "Plan Rows": 1, "Plan Width": 97, "Actual Startup Time": 3781.109, "Actual Total Time": 3781.109, "Actual Rows": 1, "Actual Loops": 1, "Plans": [{"Node Type": "Nested Loop", "Parent Relationship": "Outer", "Join Type": "Inner", "Startup Cost": 0.0, "Total Cost": 110824.76, "Plan Rows": 96, "Plan Width": 33, "Actual Startup Time": 4.294, "Actual Total Time": 3780.807, "Actual Rows": 62, "Actual Loops": 1, "Inner Unique": true, "Plans": [{"Node Type": "Nested Loop", "Parent Relationship": "Outer", "Join Type": "Inner", "Startup Cost": 0.0, "Total Cost": 110449.22, "Plan Rows": 645, "Plan Width": 41, "Actual Startup Time": 0.301, "Actual Total Time": 3704.583, "Actual Rows": 17379, "Actual Loops": 1, "Inner Unique": false, "Plans": [{"Node Type": "Nested Loop", "Parent Relationship": "Outer", "Join Type": "Inner", "Startup Cost": 0.0, "Total Cost": 109995.01, "Plan Rows": 532, "Plan Width": 21, "Actual Startup Time": 0.289, "Actual Total Time": 3655.478, "Actual Rows": 7438, "Actual Loops": 1, "Inner Unique": false, "Join Filter": "(ci.role_id = rt.id)", "Rows Removed by Join Filter": 12162, "Plans": [{"Node Type": "Index Scan", "Parent Relationship": "Outer", "Scan Direction": "Forward", "Index Name": "role_type_pkey", "Relation Name": "role_type", "Alias": "rt", "Startup Cost": 0.0, "Total Cost": 12.46, "Plan Rows": 1, "Plan Width": 4, "Actual Startup Time": 0.025, "Actual Total Time": 0.033, "Actual Rows": 1, "Actual Loops": 1, "Filter": "((role)::text = 'actress'::text)", "Rows Removed by Filter": 11}, {"Node Type": "Nested Loop", "Parent Relationship": "Inner", "Join Type": "Inner", "Startup Cost": 0.0, "Total Cost": 109909.47, "Plan Rows": 5847, "Plan Width": 25, "Actual Startup Time": 0.261, "Actual Total Time": 3650.233, "Actual Rows": 19600, "Actual Loops": 1, "Inner Unique": false, "Plans": [{"Node Type": "Nested Loop", "Parent Relationship": "Outer", "Join Type": "Inner", "Startup Cost": 0.0, "Total Cost": 104166.87, "Plan Rows": 5775, "Plan Width": 25, "Actual Startup Time": 0.204, "Actual Total Time": 810.165, "Actual Rows": 48328, "Actual Loops": 1, "Inner Unique": true, "Plans": [{"Node Type": "Nested Loop", "Parent Relationship": "Outer", "Join Type": "Inner", "Startup Cost": 0.0, "Total Cost": 81519.78, "Plan Rows": 5775, "Plan Width": 4, "Actual Startup Time": 0.195, "Actual Total Time": 514.718, "Actual Rows": 48328, "Actual Loops": 1, "Inner Unique": false, "Plans": [{"Node Type": "Index Scan", "Parent Relationship": "Outer", "Scan Direction": "Forward", "Index Name": "company_name_pkey", "Relation Name": "company_name", "Alias": "cn", "Startup Cost": 0.0, "Total Cost": 10501.39, "Plan Rows": 6290, "Plan Width": 4, "Actual Startup Time": 0.163, "Actual Total Time": 302.979, "Actual Rows": 6752, "Actual Loops": 1, "Filter": "((country_code)::text = '[jp]'::text)", "Rows Removed by Filter": 228244}, {"Node Type": "Index Scan", "Parent Relationship": "Inner", "Scan Direction": "Forward", "Index Name": "company_id_movie_companies", "Relation Name": "movie_companies", "Alias": "mc", "Startup Cost": 0.0, "Total Cost": 11.28, "Plan Rows": 1, "Plan Width": 8, "Actual Startup Time": 50.001, "Actual Total Time": 195.986, "Actual Rows": 48328, "Actual Loops": 6752, "Index Cond": "(company_id = cn.id)", "Rows Removed by Index Recheck": 0, "Filter": "(((note)::text ~~ '%(Japan)%'::text) AND ((note)::text !~~ '%(USA)%'::text))", "Rows Removed by Filter": 56667}]}, {"Node Type": "Index Scan", "Parent Relationship": "Inner", "Scan Direction": "Forward", "Index Name": "title_pkey", "Relation Name": "title", "Alias": "t", "Startup Cost": 0.0, "Total Cost": 3.91, "Plan Rows": 1, "Plan Width": 21, "Actual Startup Time": 253.429, "Actual Total Time": 253.429, "Actual Rows": 48328, "Actual Loops": 48328, "Index Cond": "(id = mc.movie_id)", "Rows Removed by Index Recheck": 0}]}, {"Node Type": "Index Scan", "Parent Relationship": "Inner", "Scan Direction": "Forward", "Index Name": "movie_id_cast_info", "Relation Name": "cast_info", "Alias": "ci", "Startup Cost": 0.0, "Total Cost": 0.98, "Plan Rows": 1, "Plan Width": 12, "Actual Startup Time": 2689.1, "Actual Total Time": 2809.841, "Actual Rows": 19600, "Actual Loops": 48328, "Index Cond": "(movie_id = t.id)", "Rows Removed by Index Recheck": 0, "Filter": "((note)::text = '(voice: English version)'::text)", "Rows Removed by Filter": 1531710}]}]}, {"Node Type": "Index Scan", "Parent Relationship": "Inner", "Scan Direction": "Forward", "Index Name": "person_id_aka_name", "Relation Name": "aka_name", "Alias": "an1", "Startup Cost": 0.0, "Total Cost": 0.84, "Plan Rows": 1, "Plan Width": 20, "Actual Startup Time": 32.236, "Actual Total Time": 40.289, "Actual Rows": 17379, "Actual Loops": 7438, "Index Cond": "(person_id = ci.person_id)", "Rows Removed by Index Recheck": 0}]}, {"Node Type": "Index Scan", "Parent Relationship": "Inner", "Scan Direction": "Forward", "Index Name": "name_pkey", "Relation Name": "name", "Alias": "n1", "Startup Cost": 0.0, "Total Cost": 0.57, "Plan Rows": 1, "Plan Width": 4, "Actual Startup Time": 67.301, "Actual Total Time": 67.301, "Actual Rows": 62, "Actual Loops": 17379, "Index Cond": "(id = an1.person_id)", "Rows Removed by Index Recheck": 0, "Filter": "(((name)::text ~~ '%Yo%'::text) AND ((name)::text !~~ '%Yu%'::text))", "Rows Removed by Filter": 17317}]}]}, "Triggers": [], "Planner Runtime": 26, "Total Runtime": 3781.505, "Unique SQL Id": 3544391839}}, "(1, 26)": {"explain_plan": {"Plan": {"Node Type": "Aggregate", "Strategy": "Plain", "Startup Cost": 1328737.67, "Total Cost": 1328737.68, "Plan Rows": 1, "Plan Width": 97, "Plans": [{"Node Type": "Merge Join", "Parent Relationship": "Outer", "Join Type": "Inner", "Startup Cost": 1316049.15, "Total Cost": 1328734.44, "Plan Rows": 646, "Plan Width": 33, "Inner Unique": true, "Merge Cond": "(ci.movie_id = t.id)", "Plans": [{"Node Type": "Merge Join", "Parent Relationship": "Outer", "Join Type": "Inner", "Startup Cost": 987097.42, "Total Cost": 987144.35, "Plan Rows": 646, "Plan Width": 24, "Inner Unique": false, "Merge Cond": "(mc.movie_id = ci.movie_id)", "Plans": [{"Node Type": "Sort", "Parent Relationship": "Outer", "Startup Cost": 64555.13, "Total Cost": 64569.57, "Plan Rows": 5775, "Plan Width": 4, "Sort Key": ["mc.movie_id"], "Plans": [{"Node Type": "Merge Join", "Parent Relationship": "Outer", "Join Type": "Inner", "Startup Cost": 63927.73, "Total Cost": 64194.32, "Plan Rows": 5775, "Plan Width": 4, "Inner Unique": false, "Merge Cond": "(cn.id = mc.company_id)", "Plans": [{"Node Type": "Sort", "Parent Relationship": "Outer", "Startup Cost": 6300.31, "Total Cost": 6316.04, "Plan Rows": 6290, "Plan Width": 4, "Sort Key": ["cn.id"], "Plans": [{"Node Type": "Seq Scan", "Parent Relationship": "Outer", "Relation Name": "company_name", "Alias": "cn", "Startup Cost": 0.0, "Total Cost": 5903.45, "Plan Rows": 6290, "Plan Width": 4, "Filter": "((country_code)::text = '[jp]'::text)"}]}, {"Node Type": "Sort", "Parent Relationship": "Inner", "Startup Cost": 57622.68, "Total Cost": 57713.74, "Plan Rows": 36426, "Plan Width": 8, "Sort Key": ["mc.company_id"], "Plans": [{"Node Type": "Seq Scan", "Parent Relationship": "Outer", "Relation Name": "movie_companies", "Alias": "mc", "Startup Cost": 0.0, "Total Cost": 54862.92, "Plan Rows": 36426, "Plan Width": 8, "Filter": "(((note)::text ~~ '%(Japan)%'::text) AND ((note)::text !~~ '%(USA)%'::text))"}]}]}]}, {"Node Type": "Sort", "Parent Relationship": "Inner", "Startup Cost": 922542.29, "Total Cost": 922546.19, "Plan Rows": 1560, "Plan Width": 20, "Sort Key": ["ci.movie_id"], "Plans": [{"Node Type": "Merge Join", "Parent Relationship": "Outer", "Join Type": "Inner", "Startup Cost": 918235.97, "Total Cost": 922459.55, "Plan Rows": 1560, "Plan Width": 20, "Inner Unique": true, "Merge Cond": "(an1.person_id = n1.id)", "Plans": [{"Node Type": "Merge Join", "Parent Relationship": "Outer", "Join Type": "Inner", "Startup Cost": 803371.17, "Total Cost": 807393.6, "Plan Rows": 10524, "Plan Width": 28, "Inner Unique": false, "Merge Cond": "(ci.person_id = an1.person_id)", "Plans": [{"Node Type": "Sort", "Parent Relationship": "Outer", "Startup Cost": 694312.29, "Total Cost": 694334.27, "Plan Rows": 8790, "Plan Width": 8, "Sort Key": ["ci.person_id"], "Plans": [{"Node Type": "Nested Loop", "Parent Relationship": "Outer", "Join Type": "Inner", "Startup Cost": 0.0, "Total Cost": 693736.48, "Plan Rows": 8790, "Plan Width": 8, "Inner Unique": false, "Join Filter": "(ci.role_id = rt.id)", "Plans": [{"Node Type": "Seq Scan", "Parent Relationship": "Outer", "Relation Name": "role_type", "Alias": "rt", "Startup Cost": 0.0, "Total Cost": 1.15, "Plan Rows": 1, "Plan Width": 4, "Filter": "((role)::text = 'actress'::text)"}, {"Node Type": "Seq Scan", "Parent Relationship": "Inner", "Relation Name": "cast_info", "Alias": "ci", "Startup Cost": 0.0, "Total Cost": 692526.68, "Plan Rows": 96692, "Plan Width": 12, "Filter": "((note)::text = '(voice: English version)'::text)"}]}]}, {"Node Type": "Sort", "Parent Relationship": "Inner", "Startup Cost": 109058.87, "Total Cost": 111312.23, "Plan Rows": 901342, "Plan Width": 20, "Sort Key": ["an1.person_id"], "Plans": [{"Node Type": "Seq Scan", "Parent Relationship": "Outer", "Relation Name": "aka_name", "Alias": "an1", "Startup Cost": 0.0, "Total Cost": 19908.42, "Plan Rows": 901342, "Plan Width": 20}]}]}, {"Node Type": "Sort", "Parent Relationship": "Inner", "Startup Cost": 114864.8, "Total Cost": 114899.52, "Plan Rows": 13886, "Plan Width": 4, "Sort Key": ["n1.id"], "Plans": [{"Node Type": "Seq Scan", "Parent Relationship": "Outer", "Relation Name": "name", "Alias": "n1", "Startup Cost": 0.0, "Total Cost": 113909.35, "Plan Rows": 13886, "Plan Width": 4, "Filter": "(((name)::text ~~ '%Yo%'::text) AND ((name)::text !~~ '%Yu%'::text))"}]}]}]}]}, {"Node Type": "Sort", "Parent Relationship": "Inner", "Startup Cost": 328951.73, "Total Cost": 335272.51, "Plan Rows": 2528311, "Plan Width": 21, "Sort Key": ["t.id"], "Plans": [{"Node Type": "Seq Scan", "Parent Relationship": "Outer", "Relation Name": "title", "Alias": "t", "Startup Cost": 0.0, "Total Cost": 60069.11, "Plan Rows": 2528311, "Plan Width": 21}]}]}]}, "Unique SQL Id": 3544391839, "Planner Runtime": 40}, "explain_analyze_plan": null}, "(1, 27)": {"explain_plan": {"Plan": {"Node Type": "Aggregate", "Strategy": "Plain", "Startup Cost": 6721053364161.28, "Total Cost": 6721053364161.29, "Plan Rows": 1, "Plan Width": 97, "Plans": [{"Node Type": "Merge Join", "Parent Relationship": "Outer", "Join Type": "Inner", "Startup Cost": 70051235465.84, "Total Cost": 6721053364158.05, "Plan Rows": 646, "Plan Width": 33, "Inner Unique": true, "Merge Cond": "(ci.movie_id = t.id)", "Plans": [{"Node Type": "Nested Loop", "Parent Relationship": "Outer", "Join Type": "Inner", "Startup Cost": 60051235465.84, "Total Cost": 5721925336380.1, "Plan Rows": 646, "Plan Width": 24, "Inner Unique": true, "Join Filter": "(mc.company_id = cn.id)", "Plans": [{"Node Type": "Nested Loop", "Parent Relationship": "Outer", "Join Type": "Inner", "Startup Cost": 50051235465.84, "Total Cost": 4721924164513.91, "Plan Rows": 1290, "Plan Width": 28, "Inner Unique": false, "Join Filter": "(ci.movie_id = mc.movie_id)", "Plans": [{"Node Type": "Index Scan", "Parent Relationship": "Outer", "Scan Direction": "Forward", "Index Name": "movie_id_movie_companies", "Relation Name": "movie_companies", "Alias": "mc", "Startup Cost": 10000000000.0, "Total Cost": 1000014356510.13, "Plan Rows": 36426, "Plan Width": 8, "Filter": "(((note)::text ~~ '%(Japan)%'::text) AND ((note)::text !~~ '%(USA)%'::text))"}, {"Node Type": "Materialize", "Parent Relationship": "Inner", "Startup Cost": 40051235465.84, "Total Cost": 3721908955639.28, "Plan Rows": 1560, "Plan Width": 20, "Plans": [{"Node Type": "Nested Loop", "Parent Relationship": "Outer", "Join Type": "Inner", "Startup Cost": 40051235465.84, "Total Cost": 3721908955631.48, "Plan Rows": 1560, "Plan Width": 20, "Inner Unique": true, "Join Filter": "(ci.role_id = rt.id)", "Plans": [{"Node Type": "Merge Join", "Parent Relationship": "Outer", "Join Type": "Inner", "Startup Cost": 30051235465.84, "Total Cost": 2721908954128.06, "Plan Rows": 17161, "Plan Width": 24, "Inner Unique": false, "Merge Cond": "(an1.person_id = ci.person_id)", "Plans": [{"Node Type": "Merge Join", "Parent Relationship": "Outer", "Join Type": "Inner", "Startup Cost": 20030754356.47, "Total Cost": 2000026606025.89, "Plan Rows": 16627, "Plan Width": 24, "Inner Unique": true, "Merge Cond": "(an1.person_id = n1.id)", "Plans": [{"Node Type": "Index Scan", "Parent Relationship": "Outer", "Scan Direction": "Forward", "Index Name": "person_id_aka_name", "Relation Name": "aka_name", "Alias": "an1", "Startup Cost": 10000000000.0, "Total Cost": 1000006896503.43, "Plan Rows": 901342, "Plan Width": 20}, {"Node Type": "Materialize", "Parent Relationship": "Inner", "Startup Cost": 10000000000.0, "Total Cost": 1000019707054.42, "Plan Rows": 13886, "Plan Width": 4, "Plans": [{"Node Type": "Index Scan", "Parent Relationship": "Outer", "Scan Direction": "Forward", "Index Name": "name_pkey", "Relation Name": "name", "Alias": "n1", "Startup Cost": 10000000000.0, "Total Cost": 1000019707019.7, "Plan Rows": 13886, "Plan Width": 4, "Filter": "(((name)::text ~~ '%Yo%'::text) AND ((name)::text !~~ '%Yu%'::text))"}]}]}, {"Node Type": "Index Scan", "Parent Relationship": "Inner", "Scan Direction": "Forward", "Index Name": "person_id_cast_info", "Relation Name": "cast_info", "Alias": "ci", "Startup Cost": 10000000000.0, "Total Cost": 1000179713706.71, "Plan Rows": 96692, "Plan Width": 12, "Filter": "((note)::text = '(voice: English version)'::text)"}]}, {"Node Type": "Materialize", "Parent Relationship": "Inner", "Startup Cost": 10000000000.0, "Total Cost": 1000000001246.0, "Plan Rows": 1, "Plan Width": 4, "Plans": [{"Node Type": "Index Scan", "Parent Relationship": "Outer", "Scan Direction": "Forward", "Index Name": "role_type_pkey", "Relation Name": "role_type", "Alias": "rt", "Startup Cost": 10000000000.0, "Total Cost": 1000000001246.0, "Plan Rows": 1, "Plan Width": 4, "Filter": "((role)::text = 'actress'::text)"}]}]}]}]}, {"Node Type": "Materialize", "Parent Relationship": "Inner", "Startup Cost": 10000000000.0, "Total Cost": 1000001050170.42, "Plan Rows": 6290, "Plan Width": 4, "Plans": [{"Node Type": "Index Scan", "Parent Relationship": "Outer", "Scan Direction": "Forward", "Index Name": "company_name_pkey", "Relation Name": "company_name", "Alias": "cn", "Startup Cost": 10000000000.0, "Total Cost": 1000001050138.97, "Plan Rows": 6290, "Plan Width": 4, "Filter": "((country_code)::text = '[jp]'::text)"}]}]}, {"Node Type": "Index Scan", "Parent Relationship": "Inner", "Scan Direction": "Forward", "Index Name": "title_pkey", "Relation Name": "title", "Alias": "t", "Startup Cost": 10000000000.0, "Total Cost": 1000011012048.91, "Plan Rows": 2528311, "Plan Width": 21}]}]}, "Unique SQL Id": 3544391839, "Planner Runtime": 64}, "explain_analyze_plan": null}, "(1, 28)": {"explain_plan": {"Plan": {"Node Type": "Aggregate", "Strategy": "Plain", "Startup Cost": 93491.23, "Total Cost": 93491.24, "Plan Rows": 1, "Plan Width": 97, "Plans": [{"Node Type": "Nested Loop", "Parent Relationship": "Outer", "Join Type": "Inner", "Startup Cost": 63927.73, "Total Cost": 93488.0, "Plan Rows": 646, "Plan Width": 33, "Inner Unique": true, "Plans": [{"Node Type": "Nested Loop", "Parent Relationship": "Outer", "Join Type": "Inner", "Startup Cost": 63927.73, "Total Cost": 93112.46, "Plan Rows": 645, "Plan Width": 41, "Inner Unique": false, "Plans": [{"Node Type": "Nested Loop", "Parent Relationship": "Outer", "Join Type": "Inner", "Startup Cost": 63927.73, "Total Cost": 92658.24, "Plan Rows": 532, "Plan Width": 21, "Inner Unique": false, "Join Filter": "(ci.role_id = rt.id)", "Plans": [{"Node Type": "Seq Scan", "Parent Relationship": "Outer", "Relation Name": "role_type", "Alias": "rt", "Startup Cost": 0.0, "Total Cost": 1.15, "Plan Rows": 1, "Plan Width": 4, "Filter": "((role)::text = 'actress'::text)"}, {"Node Type": "Nested Loop", "Parent Relationship": "Inner", "Join Type": "Inner", "Startup Cost": 63927.73, "Total Cost": 92584.01, "Plan Rows": 5847, "Plan Width": 25, "Inner Unique": false, "Plans": [{"Node Type": "Nested Loop", "Parent Relationship": "Outer", "Join Type": "Inner", "Startup Cost": 63927.73, "Total Cost": 86841.41, "Plan Rows": 5775, "Plan Width": 25, "Inner Unique": true, "Plans": [{"Node Type": "Merge Join", "Parent Relationship": "Outer", "Join Type": "Inner", "Startup Cost": 63927.73, "Total Cost": 64194.32, "Plan Rows": 5775, "Plan Width": 4, "Inner Unique": false, "Merge Cond": "(cn.id = mc.company_id)", "Plans": [{"Node Type": "Sort", "Parent Relationship": "Outer", "Startup Cost": 6300.31, "Total Cost": 6316.04, "Plan Rows": 6290, "Plan Width": 4, "Sort Key": ["cn.id"], "Plans": [{"Node Type": "Seq Scan", "Parent Relationship": "Outer", "Relation Name": "company_name", "Alias": "cn", "Startup Cost": 0.0, "Total Cost": 5903.45, "Plan Rows": 6290, "Plan Width": 4, "Filter": "((country_code)::text = '[jp]'::text)"}]}, {"Node Type": "Sort", "Parent Relationship": "Inner", "Startup Cost": 57622.68, "Total Cost": 57713.74, "Plan Rows": 36426, "Plan Width": 8, "Sort Key": ["mc.company_id"], "Plans": [{"Node Type": "Seq Scan", "Parent Relationship": "Outer", "Relation Name": "movie_companies", "Alias": "mc", "Startup Cost": 0.0, "Total Cost": 54862.92, "Plan Rows": 36426, "Plan Width": 8, "Filter": "(((note)::text ~~ '%(Japan)%'::text) AND ((note)::text !~~ '%(USA)%'::text))"}]}]}, {"Node Type": "Index Scan", "Parent Relationship": "Inner", "Scan Direction": "Forward", "Index Name": "title_pkey", "Relation Name": "title", "Alias": "t", "Startup Cost": 0.0, "Total Cost": 3.91, "Plan Rows": 1, "Plan Width": 21, "Index Cond": "(id = mc.movie_id)"}]}, {"Node Type": "Index Scan", "Parent Relationship": "Inner", "Scan Direction": "Forward", "Index Name": "movie_id_cast_info", "Relation Name": "cast_info", "Alias": "ci", "Startup Cost": 0.0, "Total Cost": 0.98, "Plan Rows": 1, "Plan Width": 12, "Index Cond": "(movie_id = t.id)", "Filter": "((note)::text = '(voice: English version)'::text)"}]}]}, {"Node Type": "Index Scan", "Parent Relationship": "Inner", "Scan Direction": "Forward", "Index Name": "person_id_aka_name", "Relation Name": "aka_name", "Alias": "an1", "Startup Cost": 0.0, "Total Cost": 0.84, "Plan Rows": 1, "Plan Width": 20, "Index Cond": "(person_id = ci.person_id)"}]}, {"Node Type": "Index Scan", "Parent Relationship": "Inner", "Scan Direction": "Forward", "Index Name": "name_pkey", "Relation Name": "name", "Alias": "n1", "Startup Cost": 0.0, "Total Cost": 0.57, "Plan Rows": 1, "Plan Width": 4, "Index Cond": "(id = an1.person_id)", "Filter": "(((name)::text ~~ '%Yo%'::text) AND ((name)::text !~~ '%Yu%'::text))"}]}]}, "Unique SQL Id": 3544391839, "Planner Runtime": 24}, "explain_analyze_plan": {"Plan": {"Node Type": "Aggregate", "Strategy": "Plain", "Startup Cost": 93491.23, "Total Cost": 93491.24, "Plan Rows": 1, "Plan Width": 97, "Actual Startup Time": 4434.729, "Actual Total Time": 4434.73, "Actual Rows": 1, "Actual Loops": 1, "Plans": [{"Node Type": "Nested Loop", "Parent Relationship": "Outer", "Join Type": "Inner", "Startup Cost": 63927.73, "Total Cost": 93488.0, "Plan Rows": 646, "Plan Width": 33, "Actual Startup Time": 1052.931, "Actual Total Time": 4434.336, "Actual Rows": 62, "Actual Loops": 1, "Inner Unique": true, "Plans": [{"Node Type": "Nested Loop", "Parent Relationship": "Outer", "Join Type": "Inner", "Startup Cost": 63927.73, "Total Cost": 93112.46, "Plan Rows": 645, "Plan Width": 41, "Actual Startup Time": 1045.682, "Actual Total Time": 4358.025, "Actual Rows": 17379, "Actual Loops": 1, "Inner Unique": false, "Plans": [{"Node Type": "Nested Loop", "Parent Relationship": "Outer", "Join Type": "Inner", "Startup Cost": 63927.73, "Total Cost": 92658.24, "Plan Rows": 532, "Plan Width": 21, "Actual Startup Time": 1045.648, "Actual Total Time": 4307.337, "Actual Rows": 7438, "Actual Loops": 1, "Inner Unique": false, "Join Filter": "(ci.role_id = rt.id)", "Rows Removed by Join Filter": 12162, "Plans": [{"Node Type": "Seq Scan", "Parent Relationship": "Outer", "Relation Name": "role_type", "Alias": "rt", "Startup Cost": 0.0, "Total Cost": 1.15, "Plan Rows": 1, "Plan Width": 4, "Actual Startup Time": 0.026, "Actual Total Time": 0.038, "Actual Rows": 1, "Actual Loops": 1, "Filter": "((role)::text = 'actress'::text)", "Rows Removed by Filter": 11}, {"Node Type": "Nested Loop", "Parent Relationship": "Inner", "Join Type": "Inner", "Startup Cost": 63927.73, "Total Cost": 92584.01, "Plan Rows": 5847, "Plan Width": 25, "Actual Startup Time": 1045.583, "Actual Total Time": 4301.76, "Actual Rows": 19600, "Actual Loops": 1, "Inner Unique": false, "Plans": [{"Node Type": "Nested Loop", "Parent Relationship": "Outer", "Join Type": "Inner", "Startup Cost": 63927.73, "Total Cost": 86841.41, "Plan Rows": 5775, "Plan Width": 25, "Actual Startup Time": 1045.161, "Actual Total Time": 1381.1, "Actual Rows": 48328, "Actual Loops": 1, "Inner Unique": true, "Plans": [{"Node Type": "Merge Join", "Parent Relationship": "Outer", "Join Type": "Inner", "Startup Cost": 63927.73, "Total Cost": 64194.32, "Plan Rows": 5775, "Plan Width": 4, "Actual Startup Time": 1045.12, "Actual Total Time": 1074.313, "Actual Rows": 48328, "Actual Loops": 1, "Inner Unique": false, "Merge Cond": "(cn.id = mc.company_id)", "Plans": [{"Node Type": "Sort", "Parent Relationship": "Outer", "Startup Cost": 6300.31, "Total Cost": 6316.04, "Plan Rows": 6290, "Plan Width": 4, "Actual Startup Time": 82.424, "Actual Total Time": 83.224, "Actual Rows": 2418, "Actual Loops": 1, "Sort Key": ["cn.id"], "Sort Method": "quicksort", "Sort Space Used": 615, "Sort Space Type": "Memory", "Plans": [{"Node Type": "Seq Scan", "Parent Relationship": "Outer", "Relation Name": "company_name", "Alias": "cn", "Startup Cost": 0.0, "Total Cost": 5903.45, "Plan Rows": 6290, "Plan Width": 4, "Actual Startup Time": 0.021, "Actual Total Time": 79.949, "Actual Rows": 6752, "Actual Loops": 1, "Filter": "((country_code)::text = '[jp]'::text)", "Rows Removed by Filter": 228244}]}, {"Node Type": "Sort", "Parent Relationship": "Inner", "Startup Cost": 57622.68, "Total Cost": 57713.74, "Plan Rows": 36426, "Plan Width": 8, "Actual Startup Time": 962.681, "Actual Total Time": 975.439, "Actual Rows": 48897, "Actual Loops": 1, "Sort Key": ["mc.company_id"], "Sort Method": "quicksort", "Sort Space Used": 4593, "Sort Space Type": "Memory", "Plans": [{"Node Type": "Seq Scan", "Parent Relationship": "Outer", "Relation Name": "movie_companies", "Alias": "mc", "Startup Cost": 0.0, "Total Cost": 54862.92, "Plan Rows": 36426, "Plan Width": 8, "Actual Startup Time": 0.252, "Actual Total Time": 947.302, "Actual Rows": 48897, "Actual Loops": 1, "Filter": "(((note)::text ~~ '%(Japan)%'::text) AND ((note)::text !~~ '%(USA)%'::text))", "Rows Removed by Filter": 2560231}]}]}, {"Node Type": "Index Scan", "Parent Relationship": "Inner", "Scan Direction": "Forward", "Index Name": "title_pkey", "Relation Name": "title", "Alias": "t", "Startup Cost": 0.0, "Total Cost": 3.91, "Plan Rows": 1, "Plan Width": 21, "Actual Startup Time": 266.82, "Actual Total Time": 266.82, "Actual Rows": 48328, "Actual Loops": 48328, "Index Cond": "(id = mc.movie_id)", "Rows Removed by Index Recheck": 0}]}, {"Node Type": "Index Scan", "Parent Relationship": "Inner", "Scan Direction": "Forward", "Index Name": "movie_id_cast_info", "Relation Name": "cast_info", "Alias": "ci", "Startup Cost": 0.0, "Total Cost": 0.98, "Plan Rows": 1, "Plan Width": 12, "Actual Startup Time": 2756.683, "Actual Total Time": 2890.137, "Actual Rows": 19600, "Actual Loops": 48328, "Index Cond": "(movie_id = t.id)", "Rows Removed by Index Recheck": 0, "Filter": "((note)::text = '(voice: English version)'::text)", "Rows Removed by Filter": 1531710}]}]}, {"Node Type": "Index Scan", "Parent Relationship": "Inner", "Scan Direction": "Forward", "Index Name": "person_id_aka_name", "Relation Name": "aka_name", "Alias": "an1", "Startup Cost": 0.0, "Total Cost": 0.84, "Plan Rows": 1, "Plan Width": 20, "Actual Startup Time": 33.619, "Actual Total Time": 41.901, "Actual Rows": 17379, "Actual Loops": 7438, "Index Cond": "(person_id = ci.person_id)", "Rows Removed by Index Recheck": 0}]}, {"Node Type": "Index Scan", "Parent Relationship": "Inner", "Scan Direction": "Forward", "Index Name": "name_pkey", "Relation Name": "name", "Alias": "n1", "Startup Cost": 0.0, "Total Cost": 0.57, "Plan Rows": 1, "Plan Width": 4, "Actual Startup Time": 67.384, "Actual Total Time": 67.384, "Actual Rows": 62, "Actual Loops": 17379, "Index Cond": "(id = an1.person_id)", "Rows Removed by Index Recheck": 0, "Filter": "(((name)::text ~~ '%Yo%'::text) AND ((name)::text !~~ '%Yu%'::text))", "Rows Removed by Filter": 17317}]}]}, "Triggers": [], "Planner Runtime": 24, "Total Runtime": 4435.106, "Unique SQL Id": 3544391839}}, "(1, 29)": {"explain_plan": {"Plan": {"Node Type": "Aggregate", "Strategy": "Plain", "Startup Cost": 110825.24, "Total Cost": 110825.25, "Plan Rows": 1, "Plan Width": 97, "Plans": [{"Node Type": "Nested Loop", "Parent Relationship": "Outer", "Join Type": "Inner", "Startup Cost": 0.0, "Total Cost": 110824.76, "Plan Rows": 96, "Plan Width": 33, "Inner Unique": true, "Plans": [{"Node Type": "Nested Loop", "Parent Relationship": "Outer", "Join Type": "Inner", "Startup Cost": 0.0, "Total Cost": 110449.22, "Plan Rows": 645, "Plan Width": 41, "Inner Unique": false, "Plans": [{"Node Type": "Nested Loop", "Parent Relationship": "Outer", "Join Type": "Inner", "Startup Cost": 0.0, "Total Cost": 109995.01, "Plan Rows": 532, "Plan Width": 21, "Inner Unique": false, "Join Filter": "(ci.role_id = rt.id)", "Plans": [{"Node Type": "Index Scan", "Parent Relationship": "Outer", "Scan Direction": "Forward", "Index Name": "role_type_pkey", "Relation Name": "role_type", "Alias": "rt", "Startup Cost": 0.0, "Total Cost": 12.46, "Plan Rows": 1, "Plan Width": 4, "Filter": "((role)::text = 'actress'::text)"}, {"Node Type": "Nested Loop", "Parent Relationship": "Inner", "Join Type": "Inner", "Startup Cost": 0.0, "Total Cost": 109909.47, "Plan Rows": 5847, "Plan Width": 25, "Inner Unique": false, "Plans": [{"Node Type": "Nested Loop", "Parent Relationship": "Outer", "Join Type": "Inner", "Startup Cost": 0.0, "Total Cost": 104166.87, "Plan Rows": 5775, "Plan Width": 25, "Inner Unique": true, "Plans": [{"Node Type": "Nested Loop", "Parent Relationship": "Outer", "Join Type": "Inner", "Startup Cost": 0.0, "Total Cost": 81519.78, "Plan Rows": 5775, "Plan Width": 4, "Inner Unique": false, "Plans": [{"Node Type": "Index Scan", "Parent Relationship": "Outer", "Scan Direction": "Forward", "Index Name": "company_name_pkey", "Relation Name": "company_name", "Alias": "cn", "Startup Cost": 0.0, "Total Cost": 10501.39, "Plan Rows": 6290, "Plan Width": 4, "Filter": "((country_code)::text = '[jp]'::text)"}, {"Node Type": "Index Scan", "Parent Relationship": "Inner", "Scan Direction": "Forward", "Index Name": "company_id_movie_companies", "Relation Name": "movie_companies", "Alias": "mc", "Startup Cost": 0.0, "Total Cost": 11.28, "Plan Rows": 1, "Plan Width": 8, "Index Cond": "(company_id = cn.id)", "Filter": "(((note)::text ~~ '%(Japan)%'::text) AND ((note)::text !~~ '%(USA)%'::text))"}]}, {"Node Type": "Index Scan", "Parent Relationship": "Inner", "Scan Direction": "Forward", "Index Name": "title_pkey", "Relation Name": "title", "Alias": "t", "Startup Cost": 0.0, "Total Cost": 3.91, "Plan Rows": 1, "Plan Width": 21, "Index Cond": "(id = mc.movie_id)"}]}, {"Node Type": "Index Scan", "Parent Relationship": "Inner", "Scan Direction": "Forward", "Index Name": "movie_id_cast_info", "Relation Name": "cast_info", "Alias": "ci", "Startup Cost": 0.0, "Total Cost": 0.98, "Plan Rows": 1, "Plan Width": 12, "Index Cond": "(movie_id = t.id)", "Filter": "((note)::text = '(voice: English version)'::text)"}]}]}, {"Node Type": "Index Scan", "Parent Relationship": "Inner", "Scan Direction": "Forward", "Index Name": "person_id_aka_name", "Relation Name": "aka_name", "Alias": "an1", "Startup Cost": 0.0, "Total Cost": 0.84, "Plan Rows": 1, "Plan Width": 20, "Index Cond": "(person_id = ci.person_id)"}]}, {"Node Type": "Index Scan", "Parent Relationship": "Inner", "Scan Direction": "Forward", "Index Name": "name_pkey", "Relation Name": "name", "Alias": "n1", "Startup Cost": 0.0, "Total Cost": 0.57, "Plan Rows": 1, "Plan Width": 4, "Index Cond": "(id = an1.person_id)", "Filter": "(((name)::text ~~ '%Yo%'::text) AND ((name)::text !~~ '%Yu%'::text))"}]}]}, "Unique SQL Id": 3544391839, "Planner Runtime": 26}, "explain_analyze_plan": {"Plan": {"Node Type": "Aggregate", "Strategy": "Plain", "Startup Cost": 110825.24, "Total Cost": 110825.25, "Plan Rows": 1, "Plan Width": 97, "Actual Startup Time": 3781.109, "Actual Total Time": 3781.109, "Actual Rows": 1, "Actual Loops": 1, "Plans": [{"Node Type": "Nested Loop", "Parent Relationship": "Outer", "Join Type": "Inner", "Startup Cost": 0.0, "Total Cost": 110824.76, "Plan Rows": 96, "Plan Width": 33, "Actual Startup Time": 4.294, "Actual Total Time": 3780.807, "Actual Rows": 62, "Actual Loops": 1, "Inner Unique": true, "Plans": [{"Node Type": "Nested Loop", "Parent Relationship": "Outer", "Join Type": "Inner", "Startup Cost": 0.0, "Total Cost": 110449.22, "Plan Rows": 645, "Plan Width": 41, "Actual Startup Time": 0.301, "Actual Total Time": 3704.583, "Actual Rows": 17379, "Actual Loops": 1, "Inner Unique": false, "Plans": [{"Node Type": "Nested Loop", "Parent Relationship": "Outer", "Join Type": "Inner", "Startup Cost": 0.0, "Total Cost": 109995.01, "Plan Rows": 532, "Plan Width": 21, "Actual Startup Time": 0.289, "Actual Total Time": 3655.478, "Actual Rows": 7438, "Actual Loops": 1, "Inner Unique": false, "Join Filter": "(ci.role_id = rt.id)", "Rows Removed by Join Filter": 12162, "Plans": [{"Node Type": "Index Scan", "Parent Relationship": "Outer", "Scan Direction": "Forward", "Index Name": "role_type_pkey", "Relation Name": "role_type", "Alias": "rt", "Startup Cost": 0.0, "Total Cost": 12.46, "Plan Rows": 1, "Plan Width": 4, "Actual Startup Time": 0.025, "Actual Total Time": 0.033, "Actual Rows": 1, "Actual Loops": 1, "Filter": "((role)::text = 'actress'::text)", "Rows Removed by Filter": 11}, {"Node Type": "Nested Loop", "Parent Relationship": "Inner", "Join Type": "Inner", "Startup Cost": 0.0, "Total Cost": 109909.47, "Plan Rows": 5847, "Plan Width": 25, "Actual Startup Time": 0.261, "Actual Total Time": 3650.233, "Actual Rows": 19600, "Actual Loops": 1, "Inner Unique": false, "Plans": [{"Node Type": "Nested Loop", "Parent Relationship": "Outer", "Join Type": "Inner", "Startup Cost": 0.0, "Total Cost": 104166.87, "Plan Rows": 5775, "Plan Width": 25, "Actual Startup Time": 0.204, "Actual Total Time": 810.165, "Actual Rows": 48328, "Actual Loops": 1, "Inner Unique": true, "Plans": [{"Node Type": "Nested Loop", "Parent Relationship": "Outer", "Join Type": "Inner", "Startup Cost": 0.0, "Total Cost": 81519.78, "Plan Rows": 5775, "Plan Width": 4, "Actual Startup Time": 0.195, "Actual Total Time": 514.718, "Actual Rows": 48328, "Actual Loops": 1, "Inner Unique": false, "Plans": [{"Node Type": "Index Scan", "Parent Relationship": "Outer", "Scan Direction": "Forward", "Index Name": "company_name_pkey", "Relation Name": "company_name", "Alias": "cn", "Startup Cost": 0.0, "Total Cost": 10501.39, "Plan Rows": 6290, "Plan Width": 4, "Actual Startup Time": 0.163, "Actual Total Time": 302.979, "Actual Rows": 6752, "Actual Loops": 1, "Filter": "((country_code)::text = '[jp]'::text)", "Rows Removed by Filter": 228244}, {"Node Type": "Index Scan", "Parent Relationship": "Inner", "Scan Direction": "Forward", "Index Name": "company_id_movie_companies", "Relation Name": "movie_companies", "Alias": "mc", "Startup Cost": 0.0, "Total Cost": 11.28, "Plan Rows": 1, "Plan Width": 8, "Actual Startup Time": 50.001, "Actual Total Time": 195.986, "Actual Rows": 48328, "Actual Loops": 6752, "Index Cond": "(company_id = cn.id)", "Rows Removed by Index Recheck": 0, "Filter": "(((note)::text ~~ '%(Japan)%'::text) AND ((note)::text !~~ '%(USA)%'::text))", "Rows Removed by Filter": 56667}]}, {"Node Type": "Index Scan", "Parent Relationship": "Inner", "Scan Direction": "Forward", "Index Name": "title_pkey", "Relation Name": "title", "Alias": "t", "Startup Cost": 0.0, "Total Cost": 3.91, "Plan Rows": 1, "Plan Width": 21, "Actual Startup Time": 253.429, "Actual Total Time": 253.429, "Actual Rows": 48328, "Actual Loops": 48328, "Index Cond": "(id = mc.movie_id)", "Rows Removed by Index Recheck": 0}]}, {"Node Type": "Index Scan", "Parent Relationship": "Inner", "Scan Direction": "Forward", "Index Name": "movie_id_cast_info", "Relation Name": "cast_info", "Alias": "ci", "Startup Cost": 0.0, "Total Cost": 0.98, "Plan Rows": 1, "Plan Width": 12, "Actual Startup Time": 2689.1, "Actual Total Time": 2809.841, "Actual Rows": 19600, "Actual Loops": 48328, "Index Cond": "(movie_id = t.id)", "Rows Removed by Index Recheck": 0, "Filter": "((note)::text = '(voice: English version)'::text)", "Rows Removed by Filter": 1531710}]}]}, {"Node Type": "Index Scan", "Parent Relationship": "Inner", "Scan Direction": "Forward", "Index Name": "person_id_aka_name", "Relation Name": "aka_name", "Alias": "an1", "Startup Cost": 0.0, "Total Cost": 0.84, "Plan Rows": 1, "Plan Width": 20, "Actual Startup Time": 32.236, "Actual Total Time": 40.289, "Actual Rows": 17379, "Actual Loops": 7438, "Index Cond": "(person_id = ci.person_id)", "Rows Removed by Index Recheck": 0}]}, {"Node Type": "Index Scan", "Parent Relationship": "Inner", "Scan Direction": "Forward", "Index Name": "name_pkey", "Relation Name": "name", "Alias": "n1", "Startup Cost": 0.0, "Total Cost": 0.57, "Plan Rows": 1, "Plan Width": 4, "Actual Startup Time": 67.301, "Actual Total Time": 67.301, "Actual Rows": 62, "Actual Loops": 17379, "Index Cond": "(id = an1.person_id)", "Rows Removed by Index Recheck": 0, "Filter": "(((name)::text ~~ '%Yo%'::text) AND ((name)::text !~~ '%Yu%'::text))", "Rows Removed by Filter": 17317}]}]}, "Triggers": [], "Planner Runtime": 26, "Total Runtime": 3781.505, "Unique SQL Id": 3544391839}}, "(1, 30)": {"explain_plan": {"Plan": {"Node Type": "Aggregate", "Strategy": "Plain", "Startup Cost": 1328737.67, "Total Cost": 1328737.68, "Plan Rows": 1, "Plan Width": 97, "Plans": [{"Node Type": "Merge Join", "Parent Relationship": "Outer", "Join Type": "Inner", "Startup Cost": 1316049.15, "Total Cost": 1328734.44, "Plan Rows": 646, "Plan Width": 33, "Inner Unique": true, "Merge Cond": "(ci.movie_id = t.id)", "Plans": [{"Node Type": "Merge Join", "Parent Relationship": "Outer", "Join Type": "Inner", "Startup Cost": 987097.42, "Total Cost": 987144.35, "Plan Rows": 646, "Plan Width": 24, "Inner Unique": false, "Merge Cond": "(mc.movie_id = ci.movie_id)", "Plans": [{"Node Type": "Sort", "Parent Relationship": "Outer", "Startup Cost": 64555.13, "Total Cost": 64569.57, "Plan Rows": 5775, "Plan Width": 4, "Sort Key": ["mc.movie_id"], "Plans": [{"Node Type": "Merge Join", "Parent Relationship": "Outer", "Join Type": "Inner", "Startup Cost": 63927.73, "Total Cost": 64194.32, "Plan Rows": 5775, "Plan Width": 4, "Inner Unique": false, "Merge Cond": "(cn.id = mc.company_id)", "Plans": [{"Node Type": "Sort", "Parent Relationship": "Outer", "Startup Cost": 6300.31, "Total Cost": 6316.04, "Plan Rows": 6290, "Plan Width": 4, "Sort Key": ["cn.id"], "Plans": [{"Node Type": "Seq Scan", "Parent Relationship": "Outer", "Relation Name": "company_name", "Alias": "cn", "Startup Cost": 0.0, "Total Cost": 5903.45, "Plan Rows": 6290, "Plan Width": 4, "Filter": "((country_code)::text = '[jp]'::text)"}]}, {"Node Type": "Sort", "Parent Relationship": "Inner", "Startup Cost": 57622.68, "Total Cost": 57713.74, "Plan Rows": 36426, "Plan Width": 8, "Sort Key": ["mc.company_id"], "Plans": [{"Node Type": "Seq Scan", "Parent Relationship": "Outer", "Relation Name": "movie_companies", "Alias": "mc", "Startup Cost": 0.0, "Total Cost": 54862.92, "Plan Rows": 36426, "Plan Width": 8, "Filter": "(((note)::text ~~ '%(Japan)%'::text) AND ((note)::text !~~ '%(USA)%'::text))"}]}]}]}, {"Node Type": "Sort", "Parent Relationship": "Inner", "Startup Cost": 922542.29, "Total Cost": 922546.19, "Plan Rows": 1560, "Plan Width": 20, "Sort Key": ["ci.movie_id"], "Plans": [{"Node Type": "Merge Join", "Parent Relationship": "Outer", "Join Type": "Inner", "Startup Cost": 918235.97, "Total Cost": 922459.55, "Plan Rows": 1560, "Plan Width": 20, "Inner Unique": true, "Merge Cond": "(an1.person_id = n1.id)", "Plans": [{"Node Type": "Merge Join", "Parent Relationship": "Outer", "Join Type": "Inner", "Startup Cost": 803371.17, "Total Cost": 807393.6, "Plan Rows": 10524, "Plan Width": 28, "Inner Unique": false, "Merge Cond": "(ci.person_id = an1.person_id)", "Plans": [{"Node Type": "Sort", "Parent Relationship": "Outer", "Startup Cost": 694312.29, "Total Cost": 694334.27, "Plan Rows": 8790, "Plan Width": 8, "Sort Key": ["ci.person_id"], "Plans": [{"Node Type": "Nested Loop", "Parent Relationship": "Outer", "Join Type": "Inner", "Startup Cost": 0.0, "Total Cost": 693736.48, "Plan Rows": 8790, "Plan Width": 8, "Inner Unique": false, "Join Filter": "(ci.role_id = rt.id)", "Plans": [{"Node Type": "Seq Scan", "Parent Relationship": "Outer", "Relation Name": "role_type", "Alias": "rt", "Startup Cost": 0.0, "Total Cost": 1.15, "Plan Rows": 1, "Plan Width": 4, "Filter": "((role)::text = 'actress'::text)"}, {"Node Type": "Seq Scan", "Parent Relationship": "Inner", "Relation Name": "cast_info", "Alias": "ci", "Startup Cost": 0.0, "Total Cost": 692526.68, "Plan Rows": 96692, "Plan Width": 12, "Filter": "((note)::text = '(voice: English version)'::text)"}]}]}, {"Node Type": "Sort", "Parent Relationship": "Inner", "Startup Cost": 109058.87, "Total Cost": 111312.23, "Plan Rows": 901342, "Plan Width": 20, "Sort Key": ["an1.person_id"], "Plans": [{"Node Type": "Seq Scan", "Parent Relationship": "Outer", "Relation Name": "aka_name", "Alias": "an1", "Startup Cost": 0.0, "Total Cost": 19908.42, "Plan Rows": 901342, "Plan Width": 20}]}]}, {"Node Type": "Sort", "Parent Relationship": "Inner", "Startup Cost": 114864.8, "Total Cost": 114899.52, "Plan Rows": 13886, "Plan Width": 4, "Sort Key": ["n1.id"], "Plans": [{"Node Type": "Seq Scan", "Parent Relationship": "Outer", "Relation Name": "name", "Alias": "n1", "Startup Cost": 0.0, "Total Cost": 113909.35, "Plan Rows": 13886, "Plan Width": 4, "Filter": "(((name)::text ~~ '%Yo%'::text) AND ((name)::text !~~ '%Yu%'::text))"}]}]}]}]}, {"Node Type": "Sort", "Parent Relationship": "Inner", "Startup Cost": 328951.73, "Total Cost": 335272.51, "Plan Rows": 2528311, "Plan Width": 21, "Sort Key": ["t.id"], "Plans": [{"Node Type": "Seq Scan", "Parent Relationship": "Outer", "Relation Name": "title", "Alias": "t", "Startup Cost": 0.0, "Total Cost": 60069.11, "Plan Rows": 2528311, "Plan Width": 21}]}]}]}, "Unique SQL Id": 3544391839, "Planner Runtime": 40}, "explain_analyze_plan": null}, "(1, 31)": {"explain_plan": {"Plan": {"Node Type": "Aggregate", "Strategy": "Plain", "Startup Cost": 6721053364161.28, "Total Cost": 6721053364161.29, "Plan Rows": 1, "Plan Width": 97, "Plans": [{"Node Type": "Merge Join", "Parent Relationship": "Outer", "Join Type": "Inner", "Startup Cost": 70051235465.84, "Total Cost": 6721053364158.05, "Plan Rows": 646, "Plan Width": 33, "Inner Unique": true, "Merge Cond": "(ci.movie_id = t.id)", "Plans": [{"Node Type": "Nested Loop", "Parent Relationship": "Outer", "Join Type": "Inner", "Startup Cost": 60051235465.84, "Total Cost": 5721925336380.1, "Plan Rows": 646, "Plan Width": 24, "Inner Unique": true, "Join Filter": "(mc.company_id = cn.id)", "Plans": [{"Node Type": "Nested Loop", "Parent Relationship": "Outer", "Join Type": "Inner", "Startup Cost": 50051235465.84, "Total Cost": 4721924164513.91, "Plan Rows": 1290, "Plan Width": 28, "Inner Unique": false, "Join Filter": "(ci.movie_id = mc.movie_id)", "Plans": [{"Node Type": "Index Scan", "Parent Relationship": "Outer", "Scan Direction": "Forward", "Index Name": "movie_id_movie_companies", "Relation Name": "movie_companies", "Alias": "mc", "Startup Cost": 10000000000.0, "Total Cost": 1000014356510.13, "Plan Rows": 36426, "Plan Width": 8, "Filter": "(((note)::text ~~ '%(Japan)%'::text) AND ((note)::text !~~ '%(USA)%'::text))"}, {"Node Type": "Materialize", "Parent Relationship": "Inner", "Startup Cost": 40051235465.84, "Total Cost": 3721908955639.28, "Plan Rows": 1560, "Plan Width": 20, "Plans": [{"Node Type": "Nested Loop", "Parent Relationship": "Outer", "Join Type": "Inner", "Startup Cost": 40051235465.84, "Total Cost": 3721908955631.48, "Plan Rows": 1560, "Plan Width": 20, "Inner Unique": true, "Join Filter": "(ci.role_id = rt.id)", "Plans": [{"Node Type": "Merge Join", "Parent Relationship": "Outer", "Join Type": "Inner", "Startup Cost": 30051235465.84, "Total Cost": 2721908954128.06, "Plan Rows": 17161, "Plan Width": 24, "Inner Unique": false, "Merge Cond": "(an1.person_id = ci.person_id)", "Plans": [{"Node Type": "Merge Join", "Parent Relationship": "Outer", "Join Type": "Inner", "Startup Cost": 20030754356.47, "Total Cost": 2000026606025.89, "Plan Rows": 16627, "Plan Width": 24, "Inner Unique": true, "Merge Cond": "(an1.person_id = n1.id)", "Plans": [{"Node Type": "Index Scan", "Parent Relationship": "Outer", "Scan Direction": "Forward", "Index Name": "person_id_aka_name", "Relation Name": "aka_name", "Alias": "an1", "Startup Cost": 10000000000.0, "Total Cost": 1000006896503.43, "Plan Rows": 901342, "Plan Width": 20}, {"Node Type": "Materialize", "Parent Relationship": "Inner", "Startup Cost": 10000000000.0, "Total Cost": 1000019707054.42, "Plan Rows": 13886, "Plan Width": 4, "Plans": [{"Node Type": "Index Scan", "Parent Relationship": "Outer", "Scan Direction": "Forward", "Index Name": "name_pkey", "Relation Name": "name", "Alias": "n1", "Startup Cost": 10000000000.0, "Total Cost": 1000019707019.7, "Plan Rows": 13886, "Plan Width": 4, "Filter": "(((name)::text ~~ '%Yo%'::text) AND ((name)::text !~~ '%Yu%'::text))"}]}]}, {"Node Type": "Index Scan", "Parent Relationship": "Inner", "Scan Direction": "Forward", "Index Name": "person_id_cast_info", "Relation Name": "cast_info", "Alias": "ci", "Startup Cost": 10000000000.0, "Total Cost": 1000179713706.71, "Plan Rows": 96692, "Plan Width": 12, "Filter": "((note)::text = '(voice: English version)'::text)"}]}, {"Node Type": "Materialize", "Parent Relationship": "Inner", "Startup Cost": 10000000000.0, "Total Cost": 1000000001246.0, "Plan Rows": 1, "Plan Width": 4, "Plans": [{"Node Type": "Index Scan", "Parent Relationship": "Outer", "Scan Direction": "Forward", "Index Name": "role_type_pkey", "Relation Name": "role_type", "Alias": "rt", "Startup Cost": 10000000000.0, "Total Cost": 1000000001246.0, "Plan Rows": 1, "Plan Width": 4, "Filter": "((role)::text = 'actress'::text)"}]}]}]}]}, {"Node Type": "Materialize", "Parent Relationship": "Inner", "Startup Cost": 10000000000.0, "Total Cost": 1000001050170.42, "Plan Rows": 6290, "Plan Width": 4, "Plans": [{"Node Type": "Index Scan", "Parent Relationship": "Outer", "Scan Direction": "Forward", "Index Name": "company_name_pkey", "Relation Name": "company_name", "Alias": "cn", "Startup Cost": 10000000000.0, "Total Cost": 1000001050138.97, "Plan Rows": 6290, "Plan Width": 4, "Filter": "((country_code)::text = '[jp]'::text)"}]}]}, {"Node Type": "Index Scan", "Parent Relationship": "Inner", "Scan Direction": "Forward", "Index Name": "title_pkey", "Relation Name": "title", "Alias": "t", "Startup Cost": 10000000000.0, "Total Cost": 1000011012048.91, "Plan Rows": 2528311, "Plan Width": 21}]}]}, "Unique SQL Id": 3544391839, "Planner Runtime": 63}, "explain_analyze_plan": null}, "(1, 32)": {"explain_plan": {"Plan": {"Node Type": "Aggregate", "Strategy": "Plain", "Startup Cost": 90333.08, "Total Cost": 90333.09, "Plan Rows": 1, "Plan Width": 97, "Plans": [{"Node Type": "Nested Loop", "Parent Relationship": "Outer", "Join Type": "Inner", "Startup Cost": 5982.08, "Total Cost": 90333.02, "Plan Rows": 12, "Plan Width": 33, "Inner Unique": true, "Plans": [{"Node Type": "Nested Loop", "Parent Relationship": "Outer", "Join Type": "Inner", "Startup Cost": 5982.08, "Total Cost": 89957.48, "Plan Rows": 645, "Plan Width": 41, "Inner Unique": false, "Plans": [{"Node Type": "Nested Loop", "Parent Relationship": "Outer", "Join Type": "Inner", "Startup Cost": 5982.08, "Total Cost": 89503.27, "Plan Rows": 532, "Plan Width": 21, "Inner Unique": false, "Join Filter": "(ci.role_id = rt.id)", "Plans": [{"Node Type": "Seq Scan", "Parent Relationship": "Outer", "Relation Name": "role_type", "Alias": "rt", "Startup Cost": 0.0, "Total Cost": 1.15, "Plan Rows": 1, "Plan Width": 4, "Filter": "((role)::text = 'actress'::text)"}, {"Node Type": "Nested Loop", "Parent Relationship": "Inner", "Join Type": "Inner", "Startup Cost": 5982.08, "Total Cost": 89429.03, "Plan Rows": 5847, "Plan Width": 25, "Inner Unique": false, "Plans": [{"Node Type": "Nested Loop", "Parent Relationship": "Outer", "Join Type": "Inner", "Startup Cost": 5982.08, "Total Cost": 83686.44, "Plan Rows": 5775, "Plan Width": 25, "Inner Unique": true, "Plans": [{"Node Type": "Hash Join", "Parent Relationship": "Outer", "Join Type": "Inner", "Startup Cost": 5982.08, "Total Cost": 61039.34, "Plan Rows": 5775, "Plan Width": 4, "Inner Unique": true, "Hash Cond": "(mc.company_id = cn.id)", "Plans": [{"Node Type": "Seq Scan", "Parent Relationship": "Outer", "Relation Name": "movie_companies", "Alias": "mc", "Startup Cost": 0.0, "Total Cost": 54862.92, "Plan Rows": 36426, "Plan Width": 8, "Filter": "(((note)::text ~~ '%(Japan)%'::text) AND ((note)::text !~~ '%(USA)%'::text))"}, {"Node Type": "Hash", "Parent Relationship": "Inner", "Startup Cost": 5903.45, "Total Cost": 5903.45, "Plan Rows": 6290, "Plan Width": 4, "Plans": [{"Node Type": "Seq Scan", "Parent Relationship": "Outer", "Relation Name": "company_name", "Alias": "cn", "Startup Cost": 0.0, "Total Cost": 5903.45, "Plan Rows": 6290, "Plan Width": 4, "Filter": "((country_code)::text = '[jp]'::text)"}]}]}, {"Node Type": "Index Scan", "Parent Relationship": "Inner", "Scan Direction": "Forward", "Index Name": "title_pkey", "Relation Name": "title", "Alias": "t", "Startup Cost": 0.0, "Total Cost": 3.91, "Plan Rows": 1, "Plan Width": 21, "Index Cond": "(id = mc.movie_id)"}]}, {"Node Type": "Index Scan", "Parent Relationship": "Inner", "Scan Direction": "Forward", "Index Name": "movie_id_cast_info", "Relation Name": "cast_info", "Alias": "ci", "Startup Cost": 0.0, "Total Cost": 0.98, "Plan Rows": 1, "Plan Width": 12, "Index Cond": "(movie_id = t.id)", "Filter": "((note)::text = '(voice: English version)'::text)"}]}]}, {"Node Type": "Index Scan", "Parent Relationship": "Inner", "Scan Direction": "Forward", "Index Name": "person_id_aka_name", "Relation Name": "aka_name", "Alias": "an1", "Startup Cost": 0.0, "Total Cost": 0.84, "Plan Rows": 1, "Plan Width": 20, "Index Cond": "(person_id = ci.person_id)"}]}, {"Node Type": "Index Scan", "Parent Relationship": "Inner", "Scan Direction": "Forward", "Index Name": "name_pkey", "Relation Name": "name", "Alias": "n1", "Startup Cost": 0.0, "Total Cost": 0.57, "Plan Rows": 1, "Plan Width": 4, "Index Cond": "(id = an1.person_id)", "Filter": "(((name)::text ~~ '%Yo%'::text) AND ((name)::text !~~ '%Yu%'::text))"}]}]}, "Unique SQL Id": 3544391839, "Planner Runtime": 10}, "explain_analyze_plan": {"Plan": {"Node Type": "Aggregate", "Strategy": "Plain", "Startup Cost": 90333.08, "Total Cost": 90333.09, "Plan Rows": 1, "Plan Width": 97, "Actual Startup Time": 4297.411, "Actual Total Time": 4297.412, "Actual Rows": 1, "Actual Loops": 1, "Plans": [{"Node Type": "Nested Loop", "Parent Relationship": "Outer", "Join Type": "Inner", "Startup Cost": 5982.08, "Total Cost": 90333.02, "Plan Rows": 12, "Plan Width": 33, "Actual Startup Time": 342.768, "Actual Total Time": 4297.189, "Actual Rows": 62, "Actual Loops": 1, "Inner Unique": true, "Plans": [{"Node Type": "Nested Loop", "Parent Relationship": "Outer", "Join Type": "Inner", "Startup Cost": 5982.08, "Total Cost": 89957.48, "Plan Rows": 645, "Plan Width": 41, "Actual Startup Time": 83.088, "Actual Total Time": 4222.707, "Actual Rows": 17379, "Actual Loops": 1, "Inner Unique": false, "Plans": [{"Node Type": "Nested Loop", "Parent Relationship": "Outer", "Join Type": "Inner", "Startup Cost": 5982.08, "Total Cost": 89503.27, "Plan Rows": 532, "Plan Width": 21, "Actual Startup Time": 83.075, "Actual Total Time": 4174.146, "Actual Rows": 7438, "Actual Loops": 1, "Inner Unique": false, "Join Filter": "(ci.role_id = rt.id)", "Rows Removed by Join Filter": 12162, "Plans": [{"Node Type": "Seq Scan", "Parent Relationship": "Outer", "Relation Name": "role_type", "Alias": "rt", "Startup Cost": 0.0, "Total Cost": 1.15, "Plan Rows": 1, "Plan Width": 4, "Actual Startup Time": 0.026, "Actual Total Time": 0.032, "Actual Rows": 1, "Actual Loops": 1, "Filter": "((role)::text = 'actress'::text)", "Rows Removed by Filter": 11}, {"Node Type": "Nested Loop", "Parent Relationship": "Inner", "Join Type": "Inner", "Startup Cost": 5982.08, "Total Cost": 89429.03, "Plan Rows": 5847, "Plan Width": 25, "Actual Startup Time": 83.04, "Actual Total Time": 4168.684, "Actual Rows": 19600, "Actual Loops": 1, "Inner Unique": false, "Plans": [{"Node Type": "Nested Loop", "Parent Relationship": "Outer", "Join Type": "Inner", "Startup Cost": 5982.08, "Total Cost": 83686.44, "Plan Rows": 5775, "Plan Width": 25, "Actual Startup Time": 82.926, "Actual Total Time": 1321.861, "Actual Rows": 48328, "Actual Loops": 1, "Inner Unique": true, "Plans": [{"Node Type": "Hash Join", "Parent Relationship": "Outer", "Join Type": "Inner", "Startup Cost": 5982.08, "Total Cost": 61039.34, "Plan Rows": 5775, "Plan Width": 4, "Actual Startup Time": 82.881, "Actual Total Time": 1073.651, "Actual Rows": 48328, "Actual Loops": 1, "Inner Unique": true, "Hash Cond": "(mc.company_id = cn.id)", "Plans": [{"Node Type": "Seq Scan", "Parent Relationship": "Outer", "Relation Name": "movie_companies", "Alias": "mc", "Startup Cost": 0.0, "Total Cost": 54862.92, "Plan Rows": 36426, "Plan Width": 8, "Actual Startup Time": 0.225, "Actual Total Time": 956.003, "Actual Rows": 48897, "Actual Loops": 1, "Filter": "(((note)::text ~~ '%(Japan)%'::text) AND ((note)::text !~~ '%(USA)%'::text))", "Rows Removed by Filter": 2560231}, {"Node Type": "Hash", "Parent Relationship": "Inner", "Startup Cost": 5903.45, "Total Cost": 5903.45, "Plan Rows": 6290, "Plan Width": 4, "Actual Startup Time": 82.591, "Actual Total Time": 82.591, "Actual Rows": 6752, "Actual Loops": 1, "Hash Buckets": 32768, "Hash Batches": 1, "Original Hash Batches": 1, "Peak Memory Usage": 238, "Plans": [{"Node Type": "Seq Scan", "Parent Relationship": "Outer", "Relation Name": "company_name", "Alias": "cn", "Startup Cost": 0.0, "Total Cost": 5903.45, "Plan Rows": 6290, "Plan Width": 4, "Actual Startup Time": 0.026, "Actual Total Time": 80.548, "Actual Rows": 6752, "Actual Loops": 1, "Filter": "((country_code)::text = '[jp]'::text)", "Rows Removed by Filter": 228244}]}]}, {"Node Type": "Index Scan", "Parent Relationship": "Inner", "Scan Direction": "Forward", "Index Name": "title_pkey", "Relation Name": "title", "Alias": "t", "Startup Cost": 0.0, "Total Cost": 3.91, "Plan Rows": 1, "Plan Width": 21, "Actual Startup Time": 207.245, "Actual Total Time": 207.245, "Actual Rows": 48328, "Actual Loops": 48328, "Index Cond": "(id = mc.movie_id)", "Rows Removed by Index Recheck": 0}]}, {"Node Type": "Index Scan", "Parent Relationship": "Inner", "Scan Direction": "Forward", "Index Name": "movie_id_cast_info", "Relation Name": "cast_info", "Alias": "ci", "Startup Cost": 0.0, "Total Cost": 0.98, "Plan Rows": 1, "Plan Width": 12, "Actual Startup Time": 2689.948, "Actual Total Time": 2816.658, "Actual Rows": 19600, "Actual Loops": 48328, "Index Cond": "(movie_id = t.id)", "Rows Removed by Index Recheck": 0, "Filter": "((note)::text = '(voice: English version)'::text)", "Rows Removed by Filter": 1531710}]}]}, {"Node Type": "Index Scan", "Parent Relationship": "Inner", "Scan Direction": "Forward", "Index Name": "person_id_aka_name", "Relation Name": "aka_name", "Alias": "an1", "Startup Cost": 0.0, "Total Cost": 0.84, "Plan Rows": 1, "Plan Width": 20, "Actual Startup Time": 31.701, "Actual Total Time": 39.825, "Actual Rows": 17379, "Actual Loops": 7438, "Index Cond": "(person_id = ci.person_id)", "Rows Removed by Index Recheck": 0}]}, {"Node Type": "Index Scan", "Parent Relationship": "Inner", "Scan Direction": "Forward", "Index Name": "name_pkey", "Relation Name": "name", "Alias": "n1", "Startup Cost": 0.0, "Total Cost": 0.57, "Plan Rows": 1, "Plan Width": 4, "Actual Startup Time": 65.738, "Actual Total Time": 65.738, "Actual Rows": 62, "Actual Loops": 17379, "Index Cond": "(id = an1.person_id)", "Rows Removed by Index Recheck": 0, "Filter": "(((name)::text ~~ '%Yo%'::text) AND ((name)::text !~~ '%Yu%'::text))", "Rows Removed by Filter": 17317}]}]}, "Triggers": [], "Planner Runtime": 10, "Total Runtime": 4297.765, "Unique SQL Id": 3544391839}}, "(1, 33)": {"explain_plan": {"Plan": {"Node Type": "Aggregate", "Strategy": "Plain", "Startup Cost": 110824.82, "Total Cost": 110824.83, "Plan Rows": 1, "Plan Width": 97, "Plans": [{"Node Type": "Nested Loop", "Parent Relationship": "Outer", "Join Type": "Inner", "Startup Cost": 0.0, "Total Cost": 110824.76, "Plan Rows": 12, "Plan Width": 33, "Inner Unique": true, "Plans": [{"Node Type": "Nested Loop", "Parent Relationship": "Outer", "Join Type": "Inner", "Startup Cost": 0.0, "Total Cost": 110449.22, "Plan Rows": 645, "Plan Width": 41, "Inner Unique": false, "Plans": [{"Node Type": "Nested Loop", "Parent Relationship": "Outer", "Join Type": "Inner", "Startup Cost": 0.0, "Total Cost": 109995.01, "Plan Rows": 532, "Plan Width": 21, "Inner Unique": false, "Join Filter": "(ci.role_id = rt.id)", "Plans": [{"Node Type": "Index Scan", "Parent Relationship": "Outer", "Scan Direction": "Forward", "Index Name": "role_type_pkey", "Relation Name": "role_type", "Alias": "rt", "Startup Cost": 0.0, "Total Cost": 12.46, "Plan Rows": 1, "Plan Width": 4, "Filter": "((role)::text = 'actress'::text)"}, {"Node Type": "Nested Loop", "Parent Relationship": "Inner", "Join Type": "Inner", "Startup Cost": 0.0, "Total Cost": 109909.47, "Plan Rows": 5847, "Plan Width": 25, "Inner Unique": false, "Plans": [{"Node Type": "Nested Loop", "Parent Relationship": "Outer", "Join Type": "Inner", "Startup Cost": 0.0, "Total Cost": 104166.87, "Plan Rows": 5775, "Plan Width": 25, "Inner Unique": true, "Plans": [{"Node Type": "Nested Loop", "Parent Relationship": "Outer", "Join Type": "Inner", "Startup Cost": 0.0, "Total Cost": 81519.78, "Plan Rows": 5775, "Plan Width": 4, "Inner Unique": false, "Plans": [{"Node Type": "Index Scan", "Parent Relationship": "Outer", "Scan Direction": "Forward", "Index Name": "company_name_pkey", "Relation Name": "company_name", "Alias": "cn", "Startup Cost": 0.0, "Total Cost": 10501.39, "Plan Rows": 6290, "Plan Width": 4, "Filter": "((country_code)::text = '[jp]'::text)"}, {"Node Type": "Index Scan", "Parent Relationship": "Inner", "Scan Direction": "Forward", "Index Name": "company_id_movie_companies", "Relation Name": "movie_companies", "Alias": "mc", "Startup Cost": 0.0, "Total Cost": 11.28, "Plan Rows": 1, "Plan Width": 8, "Index Cond": "(company_id = cn.id)", "Filter": "(((note)::text ~~ '%(Japan)%'::text) AND ((note)::text !~~ '%(USA)%'::text))"}]}, {"Node Type": "Index Scan", "Parent Relationship": "Inner", "Scan Direction": "Forward", "Index Name": "title_pkey", "Relation Name": "title", "Alias": "t", "Startup Cost": 0.0, "Total Cost": 3.91, "Plan Rows": 1, "Plan Width": 21, "Index Cond": "(id = mc.movie_id)"}]}, {"Node Type": "Index Scan", "Parent Relationship": "Inner", "Scan Direction": "Forward", "Index Name": "movie_id_cast_info", "Relation Name": "cast_info", "Alias": "ci", "Startup Cost": 0.0, "Total Cost": 0.98, "Plan Rows": 1, "Plan Width": 12, "Index Cond": "(movie_id = t.id)", "Filter": "((note)::text = '(voice: English version)'::text)"}]}]}, {"Node Type": "Index Scan", "Parent Relationship": "Inner", "Scan Direction": "Forward", "Index Name": "person_id_aka_name", "Relation Name": "aka_name", "Alias": "an1", "Startup Cost": 0.0, "Total Cost": 0.84, "Plan Rows": 1, "Plan Width": 20, "Index Cond": "(person_id = ci.person_id)"}]}, {"Node Type": "Index Scan", "Parent Relationship": "Inner", "Scan Direction": "Forward", "Index Name": "name_pkey", "Relation Name": "name", "Alias": "n1", "Startup Cost": 0.0, "Total Cost": 0.57, "Plan Rows": 1, "Plan Width": 4, "Index Cond": "(id = an1.person_id)", "Filter": "(((name)::text ~~ '%Yo%'::text) AND ((name)::text !~~ '%Yu%'::text))"}]}]}, "Unique SQL Id": 3544391839, "Planner Runtime": 7}, "explain_analyze_plan": {"Plan": {"Node Type": "Aggregate", "Strategy": "Plain", "Startup Cost": 110824.82, "Total Cost": 110824.83, "Plan Rows": 1, "Plan Width": 97, "Actual Startup Time": 3920.32, "Actual Total Time": 3920.321, "Actual Rows": 1, "Actual Loops": 1, "Plans": [{"Node Type": "Nested Loop", "Parent Relationship": "Outer", "Join Type": "Inner", "Startup Cost": 0.0, "Total Cost": 110824.76, "Plan Rows": 12, "Plan Width": 33, "Actual Startup Time": 4.241, "Actual Total Time": 3919.925, "Actual Rows": 62, "Actual Loops": 1, "Inner Unique": true, "Plans": [{"Node Type": "Nested Loop", "Parent Relationship": "Outer", "Join Type": "Inner", "Startup Cost": 0.0, "Total Cost": 110449.22, "Plan Rows": 645, "Plan Width": 41, "Actual Startup Time": 0.311, "Actual Total Time": 3843.189, "Actual Rows": 17379, "Actual Loops": 1, "Inner Unique": false, "Plans": [{"Node Type": "Nested Loop", "Parent Relationship": "Outer", "Join Type": "Inner", "Startup Cost": 0.0, "Total Cost": 109995.01, "Plan Rows": 532, "Plan Width": 21, "Actual Startup Time": 0.3, "Actual Total Time": 3793.45, "Actual Rows": 7438, "Actual Loops": 1, "Inner Unique": false, "Join Filter": "(ci.role_id = rt.id)", "Rows Removed by Join Filter": 12162, "Plans": [{"Node Type": "Index Scan", "Parent Relationship": "Outer", "Scan Direction": "Forward", "Index Name": "role_type_pkey", "Relation Name": "role_type", "Alias": "rt", "Startup Cost": 0.0, "Total Cost": 12.46, "Plan Rows": 1, "Plan Width": 4, "Actual Startup Time": 0.036, "Actual Total Time": 0.051, "Actual Rows": 1, "Actual Loops": 1, "Filter": "((role)::text = 'actress'::text)", "Rows Removed by Filter": 11}, {"Node Type": "Nested Loop", "Parent Relationship": "Inner", "Join Type": "Inner", "Startup Cost": 0.0, "Total Cost": 109909.47, "Plan Rows": 5847, "Plan Width": 25, "Actual Startup Time": 0.26, "Actual Total Time": 3788.159, "Actual Rows": 19600, "Actual Loops": 1, "Inner Unique": false, "Plans": [{"Node Type": "Nested Loop", "Parent Relationship": "Outer", "Join Type": "Inner", "Startup Cost": 0.0, "Total Cost": 104166.87, "Plan Rows": 5775, "Plan Width": 25, "Actual Startup Time": 0.203, "Actual Total Time": 865.143, "Actual Rows": 48328, "Actual Loops": 1, "Inner Unique": true, "Plans": [{"Node Type": "Nested Loop", "Parent Relationship": "Outer", "Join Type": "Inner", "Startup Cost": 0.0, "Total Cost": 81519.78, "Plan Rows": 5775, "Plan Width": 4, "Actual Startup Time": 0.192, "Actual Total Time": 560.178, "Actual Rows": 48328, "Actual Loops": 1, "Inner Unique": false, "Plans": [{"Node Type": "Index Scan", "Parent Relationship": "Outer", "Scan Direction": "Forward", "Index Name": "company_name_pkey", "Relation Name": "company_name", "Alias": "cn", "Startup Cost": 0.0, "Total Cost": 10501.39, "Plan Rows": 6290, "Plan Width": 4, "Actual Startup Time": 0.158, "Actual Total Time": 329.41, "Actual Rows": 6752, "Actual Loops": 1, "Filter": "((country_code)::text = '[jp]'::text)", "Rows Removed by Filter": 228244}, {"Node Type": "Index Scan", "Parent Relationship": "Inner", "Scan Direction": "Forward", "Index Name": "company_id_movie_companies", "Relation Name": "movie_companies", "Alias": "mc", "Startup Cost": 0.0, "Total Cost": 11.28, "Plan Rows": 1, "Plan Width": 8, "Actual Startup Time": 59.855, "Actual Total Time": 214.607, "Actual Rows": 48328, "Actual Loops": 6752, "Index Cond": "(company_id = cn.id)", "Rows Removed by Index Recheck": 0, "Filter": "(((note)::text ~~ '%(Japan)%'::text) AND ((note)::text !~~ '%(USA)%'::text))", "Rows Removed by Filter": 56667}]}, {"Node Type": "Index Scan", "Parent Relationship": "Inner", "Scan Direction": "Forward", "Index Name": "title_pkey", "Relation Name": "title", "Alias": "t", "Startup Cost": 0.0, "Total Cost": 3.91, "Plan Rows": 1, "Plan Width": 21, "Actual Startup Time": 262.05, "Actual Total Time": 262.05, "Actual Rows": 48328, "Actual Loops": 48328, "Index Cond": "(id = mc.movie_id)", "Rows Removed by Index Recheck": 0}]}, {"Node Type": "Index Scan", "Parent Relationship": "Inner", "Scan Direction": "Forward", "Index Name": "movie_id_cast_info", "Relation Name": "cast_info", "Alias": "ci", "Startup Cost": 0.0, "Total Cost": 0.98, "Plan Rows": 1, "Plan Width": 12, "Actual Startup Time": 2764.157, "Actual Total Time": 2892.023, "Actual Rows": 19600, "Actual Loops": 48328, "Index Cond": "(movie_id = t.id)", "Rows Removed by Index Recheck": 0, "Filter": "((note)::text = '(voice: English version)'::text)", "Rows Removed by Filter": 1531710}]}]}, {"Node Type": "Index Scan", "Parent Relationship": "Inner", "Scan Direction": "Forward", "Index Name": "person_id_aka_name", "Relation Name": "aka_name", "Alias": "an1", "Startup Cost": 0.0, "Total Cost": 0.84, "Plan Rows": 1, "Plan Width": 20, "Actual Startup Time": 32.563, "Actual Total Time": 40.837, "Actual Rows": 17379, "Actual Loops": 7438, "Index Cond": "(person_id = ci.person_id)", "Rows Removed by Index Recheck": 0}]}, {"Node Type": "Index Scan", "Parent Relationship": "Inner", "Scan Direction": "Forward", "Index Name": "name_pkey", "Relation Name": "name", "Alias": "n1", "Startup Cost": 0.0, "Total Cost": 0.57, "Plan Rows": 1, "Plan Width": 4, "Actual Startup Time": 67.888, "Actual Total Time": 67.888, "Actual Rows": 62, "Actual Loops": 17379, "Index Cond": "(id = an1.person_id)", "Rows Removed by Index Recheck": 0, "Filter": "(((name)::text ~~ '%Yo%'::text) AND ((name)::text !~~ '%Yu%'::text))", "Rows Removed by Filter": 17317}]}]}, "Triggers": [], "Planner Runtime": 4, "Total Runtime": 3920.691, "Unique SQL Id": 3544391839}}, "(1, 34)": {"explain_plan": {"Plan": {"Node Type": "Aggregate", "Strategy": "Plain", "Startup Cost": 121324.52, "Total Cost": 121324.53, "Plan Rows": 1, "Plan Width": 97, "Plans": [{"Node Type": "Nested Loop", "Parent Relationship": "Outer", "Join Type": "Inner", "Startup Cost": 5985.15, "Total Cost": 121324.04, "Plan Rows": 96, "Plan Width": 33, "Inner Unique": false, "Join Filter": "(n1.id = an1.person_id)", "Plans": [{"Node Type": "Nested Loop", "Parent Relationship": "Outer", "Join Type": "Inner", "Startup Cost": 5984.77, "Total Cost": 120980.39, "Plan Rows": 78, "Plan Width": 25, "Inner Unique": true, "Plans": [{"Node Type": "Nested Loop", "Parent Relationship": "Outer", "Join Type": "Inner", "Startup Cost": 5983.86, "Total Cost": 118357.75, "Plan Rows": 532, "Plan Width": 21, "Inner Unique": false, "Join Filter": "(ci.role_id = rt.id)", "Plans": [{"Node Type": "Seq Scan", "Parent Relationship": "Outer", "Relation Name": "role_type", "Alias": "rt", "Startup Cost": 0.0, "Total Cost": 1.15, "Plan Rows": 1, "Plan Width": 4, "Filter": "((role)::text = 'actress'::text)"}, {"Node Type": "Nested Loop", "Parent Relationship": "Inner", "Join Type": "Inner", "Startup Cost": 5983.86, "Total Cost": 118283.51, "Plan Rows": 5847, "Plan Width": 25, "Inner Unique": false, "Plans": [{"Node Type": "Nested Loop", "Parent Relationship": "Outer", "Join Type": "Inner", "Startup Cost": 5983.35, "Total Cost": 91625.69, "Plan Rows": 5775, "Plan Width": 25, "Inner Unique": true, "Plans": [{"Node Type": "Hash Join", "Parent Relationship": "Outer", "Join Type": "Inner", "Startup Cost": 5982.08, "Total Cost": 61039.34, "Plan Rows": 5775, "Plan Width": 4, "Inner Unique": true, "Hash Cond": "(mc.company_id = cn.id)", "Plans": [{"Node Type": "Seq Scan", "Parent Relationship": "Outer", "Relation Name": "movie_companies", "Alias": "mc", "Startup Cost": 0.0, "Total Cost": 54862.92, "Plan Rows": 36426, "Plan Width": 8, "Filter": "(((note)::text ~~ '%(Japan)%'::text) AND ((note)::text !~~ '%(USA)%'::text))"}, {"Node Type": "Hash", "Parent Relationship": "Inner", "Startup Cost": 5903.45, "Total Cost": 5903.45, "Plan Rows": 6290, "Plan Width": 4, "Plans": [{"Node Type": "Seq Scan", "Parent Relationship": "Outer", "Relation Name": "company_name", "Alias": "cn", "Startup Cost": 0.0, "Total Cost": 5903.45, "Plan Rows": 6290, "Plan Width": 4, "Filter": "((country_code)::text = '[jp]'::text)"}]}]}, {"Node Type": "Bitmap Heap Scan", "Parent Relationship": "Inner", "Relation Name": "title", "Alias": "t", "Startup Cost": 1.27, "Total Cost": 5.29, "Plan Rows": 1, "Plan Width": 21, "Recheck Cond": "(id = mc.movie_id)", "Plans": [{"Node Type": "Bitmap Index Scan", "Parent Relationship": "Outer", "Index Name": "title_pkey", "Startup Cost": 0.0, "Total Cost": 1.27, "Plan Rows": 1, "Plan Width": 0, "Index Cond": "(id = mc.movie_id)"}]}]}, {"Node Type": "Bitmap Heap Scan", "Parent Relationship": "Inner", "Relation Name": "cast_info", "Alias": "ci", "Startup Cost": 0.52, "Total Cost": 4.61, "Plan Rows": 1, "Plan Width": 12, "Recheck Cond": "(movie_id = t.id)", "Filter": "((note)::text = '(voice: English version)'::text)", "Plans": [{"Node Type": "Bitmap Index Scan", "Parent Relationship": "Outer", "Index Name": "movie_id_cast_info", "Startup Cost": 0.0, "Total Cost": 0.52, "Plan Rows": 6, "Plan Width": 0, "Index Cond": "(movie_id = t.id)"}]}]}]}, {"Node Type": "Bitmap Heap Scan", "Parent Relationship": "Inner", "Relation Name": "name", "Alias": "n1", "Startup Cost": 0.9, "Total Cost": 4.92, "Plan Rows": 1, "Plan Width": 4, "Recheck Cond": "(id = ci.person_id)", "Filter": "(((name)::text ~~ '%Yo%'::text) AND ((name)::text !~~ '%Yu%'::text))", "Plans": [{"Node Type": "Bitmap Index Scan", "Parent Relationship": "Outer", "Index Name": "name_pkey", "Startup Cost": 0.0, "Total Cost": 0.9, "Plan Rows": 1, "Plan Width": 0, "Index Cond": "(id = ci.person_id)"}]}]}, {"Node Type": "Bitmap Heap Scan", "Parent Relationship": "Inner", "Relation Name": "aka_name", "Alias": "an1", "Startup Cost": 0.38, "Total Cost": 4.39, "Plan Rows": 1, "Plan Width": 20, "Recheck Cond": "(person_id = ci.person_id)", "Plans": [{"Node Type": "Bitmap Index Scan", "Parent Relationship": "Outer", "Index Name": "person_id_aka_name", "Startup Cost": 0.0, "Total Cost": 0.38, "Plan Rows": 1, "Plan Width": 0, "Index Cond": "(person_id = ci.person_id)"}]}]}]}, "Unique SQL Id": 3544391839, "Planner Runtime": 16}, "explain_analyze_plan": {"Plan": {"Node Type": "Aggregate", "Strategy": "Plain", "Startup Cost": 121324.52, "Total Cost": 121324.53, "Plan Rows": 1, "Plan Width": 97, "Actual Startup Time": 4902.437, "Actual Total Time": 4902.437, "Actual Rows": 1, "Actual Loops": 1, "Plans": [{"Node Type": "Nested Loop", "Parent Relationship": "Outer", "Join Type": "Inner", "Startup Cost": 5985.15, "Total Cost": 121324.04, "Plan Rows": 96, "Plan Width": 33, "Actual Startup Time": 420.1, "Actual Total Time": 4902.161, "Actual Rows": 62, "Actual Loops": 1, "Inner Unique": false, "Join Filter": "(n1.id = an1.person_id)", "Rows Removed by Join Filter": 0, "Plans": [{"Node Type": "Nested Loop", "Parent Relationship": "Outer", "Join Type": "Inner", "Startup Cost": 5984.77, "Total Cost": 120980.39, "Plan Rows": 78, "Plan Width": 25, "Actual Startup Time": 420.074, "Actual Total Time": 4901.532, "Actual Rows": 38, "Actual Loops": 1, "Inner Unique": true, "Plans": [{"Node Type": "Nested Loop", "Parent Relationship": "Outer", "Join Type": "Inner", "Startup Cost": 5983.86, "Total Cost": 118357.75, "Plan Rows": 532, "Plan Width": 21, "Actual Startup Time": 83.271, "Actual Total Time": 4843.647, "Actual Rows": 7438, "Actual Loops": 1, "Inner Unique": false, "Join Filter": "(ci.role_id = rt.id)", "Rows Removed by Join Filter": 12162, "Plans": [{"Node Type": "Seq Scan", "Parent Relationship": "Outer", "Relation Name": "role_type", "Alias": "rt", "Startup Cost": 0.0, "Total Cost": 1.15, "Plan Rows": 1, "Plan Width": 4, "Actual Startup Time": 0.033, "Actual Total Time": 0.039, "Actual Rows": 1, "Actual Loops": 1, "Filter": "((role)::text = 'actress'::text)", "Rows Removed by Filter": 11}, {"Node Type": "Nested Loop", "Parent Relationship": "Inner", "Join Type": "Inner", "Startup Cost": 5983.86, "Total Cost": 118283.51, "Plan Rows": 5847, "Plan Width": 25, "Actual Startup Time": 83.229, "Actual Total Time": 4838.121, "Actual Rows": 19600, "Actual Loops": 1, "Inner Unique": false, "Plans": [{"Node Type": "Nested Loop", "Parent Relationship": "Outer", "Join Type": "Inner", "Startup Cost": 5983.35, "Total Cost": 91625.69, "Plan Rows": 5775, "Plan Width": 25, "Actual Startup Time": 83.073, "Actual Total Time": 1425.067, "Actual Rows": 48328, "Actual Loops": 1, "Inner Unique": true, "Plans": [{"Node Type": "Hash Join", "Parent Relationship": "Outer", "Join Type": "Inner", "Startup Cost": 5982.08, "Total Cost": 61039.34, "Plan Rows": 5775, "Plan Width": 4, "Actual Startup Time": 83.014, "Actual Total Time": 1080.422, "Actual Rows": 48328, "Actual Loops": 1, "Inner Unique": true, "Hash Cond": "(mc.company_id = cn.id)", "Plans": [{"Node Type": "Seq Scan", "Parent Relationship": "Outer", "Relation Name": "movie_companies", "Alias": "mc", "Startup Cost": 0.0, "Total Cost": 54862.92, "Plan Rows": 36426, "Plan Width": 8, "Actual Startup Time": 0.225, "Actual Total Time": 959.536, "Actual Rows": 48897, "Actual Loops": 1, "Filter": "(((note)::text ~~ '%(Japan)%'::text) AND ((note)::text !~~ '%(USA)%'::text))", "Rows Removed by Filter": 2560231}, {"Node Type": "Hash", "Parent Relationship": "Inner", "Startup Cost": 5903.45, "Total Cost": 5903.45, "Plan Rows": 6290, "Plan Width": 4, "Actual Startup Time": 82.731, "Actual Total Time": 82.731, "Actual Rows": 6752, "Actual Loops": 1, "Hash Buckets": 32768, "Hash Batches": 1, "Original Hash Batches": 1, "Peak Memory Usage": 238, "Plans": [{"Node Type": "Seq Scan", "Parent Relationship": "Outer", "Relation Name": "company_name", "Alias": "cn", "Startup Cost": 0.0, "Total Cost": 5903.45, "Plan Rows": 6290, "Plan Width": 4, "Actual Startup Time": 0.022, "Actual Total Time": 80.704, "Actual Rows": 6752, "Actual Loops": 1, "Filter": "((country_code)::text = '[jp]'::text)", "Rows Removed by Filter": 228244}]}]}, {"Node Type": "Bitmap Heap Scan", "Parent Relationship": "Inner", "Relation Name": "title", "Alias": "t", "Startup Cost": 1.27, "Total Cost": 5.29, "Plan Rows": 1, "Plan Width": 21, "Actual Startup Time": 266.415, "Actual Total Time": 266.415, "Actual Rows": 48328, "Actual Loops": 48328, "Recheck Cond": "(id = mc.movie_id)", "Rows Removed by Index Recheck": 0, "Exact Heap Blocks": 48328, "Lossy Heap Blocks": 48328, "Plans": [{"Node Type": "Bitmap Index Scan", "Parent Relationship": "Outer", "Index Name": "title_pkey", "Startup Cost": 0.0, "Total Cost": 1.27, "Plan Rows": 1, "Plan Width": 0, "Actual Startup Time": 148.973, "Actual Total Time": 148.973, "Actual Rows": 48328, "Actual Loops": 48328, "Index Cond": "(id = mc.movie_id)"}]}]}, {"Node Type": "Bitmap Heap Scan", "Parent Relationship": "Inner", "Relation Name": "cast_info", "Alias": "ci", "Startup Cost": 0.52, "Total Cost": 4.61, "Plan Rows": 1, "Plan Width": 12, "Actual Startup Time": 3201.666, "Actual Total Time": 3340.421, "Actual Rows": 19600, "Actual Loops": 48328, "Recheck Cond": "(movie_id = t.id)", "Rows Removed by Index Recheck": 0, "Filter": "((note)::text = '(voice: English version)'::text)", "Rows Removed by Filter": 1531710, "Exact Heap Blocks": 1503105, "Lossy Heap Blocks": 1503105, "Plans": [{"Node Type": "Bitmap Index Scan", "Parent Relationship": "Outer", "Index Name": "movie_id_cast_info", "Startup Cost": 0.0, "Total Cost": 0.52, "Plan Rows": 6, "Plan Width": 0, "Actual Startup Time": 450.414, "Actual Total Time": 450.414, "Actual Rows": 1551310, "Actual Loops": 48328, "Index Cond": "(movie_id = t.id)"}]}]}]}, {"Node Type": "Bitmap Heap Scan", "Parent Relationship": "Inner", "Relation Name": "name", "Alias": "n1", "Startup Cost": 0.9, "Total Cost": 4.92, "Plan Rows": 1, "Plan Width": 4, "Actual Startup Time": 48.278, "Actual Total Time": 48.278, "Actual Rows": 38, "Actual Loops": 7438, "Recheck Cond": "(id = ci.person_id)", "Rows Removed by Index Recheck": 0, "Filter": "(((name)::text ~~ '%Yo%'::text) AND ((name)::text !~~ '%Yu%'::text))", "Rows Removed by Filter": 7400, "Exact Heap Blocks": 7438, "Lossy Heap Blocks": 7438, "Plans": [{"Node Type": "Bitmap Index Scan", "Parent Relationship": "Outer", "Index Name": "name_pkey", "Startup Cost": 0.0, "Total Cost": 0.9, "Plan Rows": 1, "Plan Width": 0, "Actual Startup Time": 29.066, "Actual Total Time": 29.066, "Actual Rows": 7438, "Actual Loops": 7438, "Index Cond": "(id = ci.person_id)"}]}]}, {"Node Type": "Bitmap Heap Scan", "Parent Relationship": "Inner", "Relation Name": "aka_name", "Alias": "an1", "Startup Cost": 0.38, "Total Cost": 4.39, "Plan Rows": 1, "Plan Width": 20, "Actual Startup Time": 0.391, "Actual Total Time": 0.406, "Actual Rows": 62, "Actual Loops": 38, "Recheck Cond": "(person_id = ci.person_id)", "Rows Removed by Index Recheck": 0, "Exact Heap Blocks": 43, "Lossy Heap Blocks": 43, "Plans": [{"Node Type": "Bitmap Index Scan", "Parent Relationship": "Outer", "Index Name": "person_id_aka_name", "Startup Cost": 0.0, "Total Cost": 0.38, "Plan Rows": 1, "Plan Width": 0, "Actual Startup Time": 0.239, "Actual Total Time": 0.239, "Actual Rows": 62, "Actual Loops": 38, "Index Cond": "(person_id = ci.person_id)"}]}]}]}, "Triggers": [], "Planner Runtime": 15, "Total Runtime": 4902.817, "Unique SQL Id": 3544391839}}, "(1, 35)": {"explain_plan": {"Plan": {"Node Type": "Aggregate", "Strategy": "Plain", "Startup Cost": 1000012228445.06, "Total Cost": 1000012228445.07, "Plan Rows": 1, "Plan Width": 97, "Plans": [{"Node Type": "Nested Loop", "Parent Relationship": "Outer", "Join Type": "Inner", "Startup Cost": 10000000003.19, "Total Cost": 1000012228445.0, "Plan Rows": 12, "Plan Width": 33, "Inner Unique": true, "Plans": [{"Node Type": "Nested Loop", "Parent Relationship": "Outer", "Join Type": "Inner", "Startup Cost": 10000000002.87, "Total Cost": 1000012225636.42, "Plan Rows": 645, "Plan Width": 41, "Inner Unique": true, "Plans": [{"Node Type": "Nested Loop", "Parent Relationship": "Outer", "Join Type": "Inner", "Startup Cost": 10000000002.23, "Total Cost": 1000012222628.77, "Plan Rows": 645, "Plan Width": 32, "Inner Unique": true, "Plans": [{"Node Type": "Nested Loop", "Parent Relationship": "Outer", "Join Type": "Inner", "Startup Cost": 10000000001.92, "Total Cost": 1000012205100.96, "Plan Rows": 4051, "Plan Width": 36, "Inner Unique": false, "Plans": [{"Node Type": "Nested Loop", "Parent Relationship": "Outer", "Join Type": "Inner", "Startup Cost": 10000000001.26, "Total Cost": 1000012155572.17, "Plan Rows": 10524, "Plan Width": 28, "Inner Unique": true, "Plans": [{"Node Type": "Nested Loop", "Parent Relationship": "Outer", "Join Type": "Inner", "Startup Cost": 10000000001.0, "Total Cost": 1000011659757.19, "Plan Rows": 115768, "Plan Width": 32, "Inner Unique": false, "Plans": [{"Node Type": "Index Scan", "Parent Relationship": "Outer", "Scan Direction": "Forward", "Index Name": "person_id_aka_name", "Relation Name": "aka_name", "Alias": "an1", "Startup Cost": 10000000000.0, "Total Cost": 1000006896503.43, "Plan Rows": 901342, "Plan Width": 20}, {"Node Type": "Bitmap Heap Scan", "Parent Relationship": "Inner", "Relation Name": "cast_info", "Alias": "ci", "Startup Cost": 1.0, "Total Cost": 5.27, "Plan Rows": 1, "Plan Width": 12, "Recheck Cond": "(person_id = an1.person_id)", "Filter": "((note)::text = '(voice: English version)'::text)", "Plans": [{"Node Type": "Bitmap Index Scan", "Parent Relationship": "Outer", "Index Name": "person_id_cast_info", "Startup Cost": 0.0, "Total Cost": 1.0, "Plan Rows": 18, "Plan Width": 0, "Index Cond": "(person_id = an1.person_id)"}]}]}, {"Node Type": "Bitmap Heap Scan", "Parent Relationship": "Inner", "Relation Name": "role_type", "Alias": "rt", "Startup Cost": 0.26, "Total Cost": 4.27, "Plan Rows": 1, "Plan Width": 4, "Recheck Cond": "(id = ci.role_id)", "Filter": "((role)::text = 'actress'::text)", "Plans": [{"Node Type": "Bitmap Index Scan", "Parent Relationship": "Outer", "Index Name": "role_type_pkey", "Startup Cost": 0.0, "Total Cost": 0.26, "Plan Rows": 1, "Plan Width": 0, "Index Cond": "(id = ci.role_id)"}]}]}, {"Node Type": "Bitmap Heap Scan", "Parent Relationship": "Inner", "Relation Name": "movie_companies", "Alias": "mc", "Startup Cost": 0.66, "Total Cost": 4.7, "Plan Rows": 1, "Plan Width": 8, "Recheck Cond": "(movie_id = ci.movie_id)", "Filter": "(((note)::text ~~ '%(Japan)%'::text) AND ((note)::text !~~ '%(USA)%'::text))", "Plans": [{"Node Type": "Bitmap Index Scan", "Parent Relationship": "Outer", "Index Name": "movie_id_movie_companies", "Startup Cost": 0.0, "Total Cost": 0.66, "Plan Rows": 2, "Plan Width": 0, "Index Cond": "(movie_id = ci.movie_id)"}]}]}, {"Node Type": "Bitmap Heap Scan", "Parent Relationship": "Inner", "Relation Name": "company_name", "Alias": "cn", "Startup Cost": 0.3, "Total Cost": 4.32, "Plan Rows": 1, "Plan Width": 4, "Recheck Cond": "(id = mc.company_id)", "Filter": "((country_code)::text = '[jp]'::text)", "Plans": [{"Node Type": "Bitmap Index Scan", "Parent Relationship": "Outer", "Index Name": "company_name_pkey", "Startup Cost": 0.0, "Total Cost": 0.3, "Plan Rows": 1, "Plan Width": 0, "Index Cond": "(id = mc.company_id)"}]}]}, {"Node Type": "Bitmap Heap Scan", "Parent Relationship": "Inner", "Relation Name": "title", "Alias": "t", "Startup Cost": 0.64, "Total Cost": 4.65, "Plan Rows": 1, "Plan Width": 21, "Recheck Cond": "(id = ci.movie_id)", "Plans": [{"Node Type": "Bitmap Index Scan", "Parent Relationship": "Outer", "Index Name": "title_pkey", "Startup Cost": 0.0, "Total Cost": 0.64, "Plan Rows": 1, "Plan Width": 0, "Index Cond": "(id = ci.movie_id)"}]}]}, {"Node Type": "Bitmap Heap Scan", "Parent Relationship": "Inner", "Relation Name": "name", "Alias": "n1", "Startup Cost": 0.33, "Total Cost": 4.34, "Plan Rows": 1, "Plan Width": 4, "Recheck Cond": "(id = an1.person_id)", "Filter": "(((name)::text ~~ '%Yo%'::text) AND ((name)::text !~~ '%Yu%'::text))", "Plans": [{"Node Type": "Bitmap Index Scan", "Parent Relationship": "Outer", "Index Name": "name_pkey", "Startup Cost": 0.0, "Total Cost": 0.33, "Plan Rows": 1, "Plan Width": 0, "Index Cond": "(id = an1.person_id)"}]}]}]}, "Unique SQL Id": 3544391839, "Planner Runtime": 5}, "explain_analyze_plan": null}, "(1, 36)": {"explain_plan": {"Plan": {"Node Type": "Aggregate", "Strategy": "Plain", "Startup Cost": 90333.08, "Total Cost": 90333.09, "Plan Rows": 1, "Plan Width": 97, "Plans": [{"Node Type": "Nested Loop", "Parent Relationship": "Outer", "Join Type": "Inner", "Startup Cost": 5982.08, "Total Cost": 90333.02, "Plan Rows": 12, "Plan Width": 33, "Inner Unique": true, "Plans": [{"Node Type": "Nested Loop", "Parent Relationship": "Outer", "Join Type": "Inner", "Startup Cost": 5982.08, "Total Cost": 89957.48, "Plan Rows": 645, "Plan Width": 41, "Inner Unique": false, "Plans": [{"Node Type": "Nested Loop", "Parent Relationship": "Outer", "Join Type": "Inner", "Startup Cost": 5982.08, "Total Cost": 89503.27, "Plan Rows": 532, "Plan Width": 21, "Inner Unique": false, "Join Filter": "(ci.role_id = rt.id)", "Plans": [{"Node Type": "Seq Scan", "Parent Relationship": "Outer", "Relation Name": "role_type", "Alias": "rt", "Startup Cost": 0.0, "Total Cost": 1.15, "Plan Rows": 1, "Plan Width": 4, "Filter": "((role)::text = 'actress'::text)"}, {"Node Type": "Nested Loop", "Parent Relationship": "Inner", "Join Type": "Inner", "Startup Cost": 5982.08, "Total Cost": 89429.03, "Plan Rows": 5847, "Plan Width": 25, "Inner Unique": false, "Plans": [{"Node Type": "Nested Loop", "Parent Relationship": "Outer", "Join Type": "Inner", "Startup Cost": 5982.08, "Total Cost": 83686.44, "Plan Rows": 5775, "Plan Width": 25, "Inner Unique": true, "Plans": [{"Node Type": "Hash Join", "Parent Relationship": "Outer", "Join Type": "Inner", "Startup Cost": 5982.08, "Total Cost": 61039.34, "Plan Rows": 5775, "Plan Width": 4, "Inner Unique": true, "Hash Cond": "(mc.company_id = cn.id)", "Plans": [{"Node Type": "Seq Scan", "Parent Relationship": "Outer", "Relation Name": "movie_companies", "Alias": "mc", "Startup Cost": 0.0, "Total Cost": 54862.92, "Plan Rows": 36426, "Plan Width": 8, "Filter": "(((note)::text ~~ '%(Japan)%'::text) AND ((note)::text !~~ '%(USA)%'::text))"}, {"Node Type": "Hash", "Parent Relationship": "Inner", "Startup Cost": 5903.45, "Total Cost": 5903.45, "Plan Rows": 6290, "Plan Width": 4, "Plans": [{"Node Type": "Seq Scan", "Parent Relationship": "Outer", "Relation Name": "company_name", "Alias": "cn", "Startup Cost": 0.0, "Total Cost": 5903.45, "Plan Rows": 6290, "Plan Width": 4, "Filter": "((country_code)::text = '[jp]'::text)"}]}]}, {"Node Type": "Index Scan", "Parent Relationship": "Inner", "Scan Direction": "Forward", "Index Name": "title_pkey", "Relation Name": "title", "Alias": "t", "Startup Cost": 0.0, "Total Cost": 3.91, "Plan Rows": 1, "Plan Width": 21, "Index Cond": "(id = mc.movie_id)"}]}, {"Node Type": "Index Scan", "Parent Relationship": "Inner", "Scan Direction": "Forward", "Index Name": "movie_id_cast_info", "Relation Name": "cast_info", "Alias": "ci", "Startup Cost": 0.0, "Total Cost": 0.98, "Plan Rows": 1, "Plan Width": 12, "Index Cond": "(movie_id = t.id)", "Filter": "((note)::text = '(voice: English version)'::text)"}]}]}, {"Node Type": "Index Scan", "Parent Relationship": "Inner", "Scan Direction": "Forward", "Index Name": "person_id_aka_name", "Relation Name": "aka_name", "Alias": "an1", "Startup Cost": 0.0, "Total Cost": 0.84, "Plan Rows": 1, "Plan Width": 20, "Index Cond": "(person_id = ci.person_id)"}]}, {"Node Type": "Index Scan", "Parent Relationship": "Inner", "Scan Direction": "Forward", "Index Name": "name_pkey", "Relation Name": "name", "Alias": "n1", "Startup Cost": 0.0, "Total Cost": 0.57, "Plan Rows": 1, "Plan Width": 4, "Index Cond": "(id = an1.person_id)", "Filter": "(((name)::text ~~ '%Yo%'::text) AND ((name)::text !~~ '%Yu%'::text))"}]}]}, "Unique SQL Id": 3544391839, "Planner Runtime": 10}, "explain_analyze_plan": {"Plan": {"Node Type": "Aggregate", "Strategy": "Plain", "Startup Cost": 90333.08, "Total Cost": 90333.09, "Plan Rows": 1, "Plan Width": 97, "Actual Startup Time": 4297.411, "Actual Total Time": 4297.412, "Actual Rows": 1, "Actual Loops": 1, "Plans": [{"Node Type": "Nested Loop", "Parent Relationship": "Outer", "Join Type": "Inner", "Startup Cost": 5982.08, "Total Cost": 90333.02, "Plan Rows": 12, "Plan Width": 33, "Actual Startup Time": 342.768, "Actual Total Time": 4297.189, "Actual Rows": 62, "Actual Loops": 1, "Inner Unique": true, "Plans": [{"Node Type": "Nested Loop", "Parent Relationship": "Outer", "Join Type": "Inner", "Startup Cost": 5982.08, "Total Cost": 89957.48, "Plan Rows": 645, "Plan Width": 41, "Actual Startup Time": 83.088, "Actual Total Time": 4222.707, "Actual Rows": 17379, "Actual Loops": 1, "Inner Unique": false, "Plans": [{"Node Type": "Nested Loop", "Parent Relationship": "Outer", "Join Type": "Inner", "Startup Cost": 5982.08, "Total Cost": 89503.27, "Plan Rows": 532, "Plan Width": 21, "Actual Startup Time": 83.075, "Actual Total Time": 4174.146, "Actual Rows": 7438, "Actual Loops": 1, "Inner Unique": false, "Join Filter": "(ci.role_id = rt.id)", "Rows Removed by Join Filter": 12162, "Plans": [{"Node Type": "Seq Scan", "Parent Relationship": "Outer", "Relation Name": "role_type", "Alias": "rt", "Startup Cost": 0.0, "Total Cost": 1.15, "Plan Rows": 1, "Plan Width": 4, "Actual Startup Time": 0.026, "Actual Total Time": 0.032, "Actual Rows": 1, "Actual Loops": 1, "Filter": "((role)::text = 'actress'::text)", "Rows Removed by Filter": 11}, {"Node Type": "Nested Loop", "Parent Relationship": "Inner", "Join Type": "Inner", "Startup Cost": 5982.08, "Total Cost": 89429.03, "Plan Rows": 5847, "Plan Width": 25, "Actual Startup Time": 83.04, "Actual Total Time": 4168.684, "Actual Rows": 19600, "Actual Loops": 1, "Inner Unique": false, "Plans": [{"Node Type": "Nested Loop", "Parent Relationship": "Outer", "Join Type": "Inner", "Startup Cost": 5982.08, "Total Cost": 83686.44, "Plan Rows": 5775, "Plan Width": 25, "Actual Startup Time": 82.926, "Actual Total Time": 1321.861, "Actual Rows": 48328, "Actual Loops": 1, "Inner Unique": true, "Plans": [{"Node Type": "Hash Join", "Parent Relationship": "Outer", "Join Type": "Inner", "Startup Cost": 5982.08, "Total Cost": 61039.34, "Plan Rows": 5775, "Plan Width": 4, "Actual Startup Time": 82.881, "Actual Total Time": 1073.651, "Actual Rows": 48328, "Actual Loops": 1, "Inner Unique": true, "Hash Cond": "(mc.company_id = cn.id)", "Plans": [{"Node Type": "Seq Scan", "Parent Relationship": "Outer", "Relation Name": "movie_companies", "Alias": "mc", "Startup Cost": 0.0, "Total Cost": 54862.92, "Plan Rows": 36426, "Plan Width": 8, "Actual Startup Time": 0.225, "Actual Total Time": 956.003, "Actual Rows": 48897, "Actual Loops": 1, "Filter": "(((note)::text ~~ '%(Japan)%'::text) AND ((note)::text !~~ '%(USA)%'::text))", "Rows Removed by Filter": 2560231}, {"Node Type": "Hash", "Parent Relationship": "Inner", "Startup Cost": 5903.45, "Total Cost": 5903.45, "Plan Rows": 6290, "Plan Width": 4, "Actual Startup Time": 82.591, "Actual Total Time": 82.591, "Actual Rows": 6752, "Actual Loops": 1, "Hash Buckets": 32768, "Hash Batches": 1, "Original Hash Batches": 1, "Peak Memory Usage": 238, "Plans": [{"Node Type": "Seq Scan", "Parent Relationship": "Outer", "Relation Name": "company_name", "Alias": "cn", "Startup Cost": 0.0, "Total Cost": 5903.45, "Plan Rows": 6290, "Plan Width": 4, "Actual Startup Time": 0.026, "Actual Total Time": 80.548, "Actual Rows": 6752, "Actual Loops": 1, "Filter": "((country_code)::text = '[jp]'::text)", "Rows Removed by Filter": 228244}]}]}, {"Node Type": "Index Scan", "Parent Relationship": "Inner", "Scan Direction": "Forward", "Index Name": "title_pkey", "Relation Name": "title", "Alias": "t", "Startup Cost": 0.0, "Total Cost": 3.91, "Plan Rows": 1, "Plan Width": 21, "Actual Startup Time": 207.245, "Actual Total Time": 207.245, "Actual Rows": 48328, "Actual Loops": 48328, "Index Cond": "(id = mc.movie_id)", "Rows Removed by Index Recheck": 0}]}, {"Node Type": "Index Scan", "Parent Relationship": "Inner", "Scan Direction": "Forward", "Index Name": "movie_id_cast_info", "Relation Name": "cast_info", "Alias": "ci", "Startup Cost": 0.0, "Total Cost": 0.98, "Plan Rows": 1, "Plan Width": 12, "Actual Startup Time": 2689.948, "Actual Total Time": 2816.658, "Actual Rows": 19600, "Actual Loops": 48328, "Index Cond": "(movie_id = t.id)", "Rows Removed by Index Recheck": 0, "Filter": "((note)::text = '(voice: English version)'::text)", "Rows Removed by Filter": 1531710}]}]}, {"Node Type": "Index Scan", "Parent Relationship": "Inner", "Scan Direction": "Forward", "Index Name": "person_id_aka_name", "Relation Name": "aka_name", "Alias": "an1", "Startup Cost": 0.0, "Total Cost": 0.84, "Plan Rows": 1, "Plan Width": 20, "Actual Startup Time": 31.701, "Actual Total Time": 39.825, "Actual Rows": 17379, "Actual Loops": 7438, "Index Cond": "(person_id = ci.person_id)", "Rows Removed by Index Recheck": 0}]}, {"Node Type": "Index Scan", "Parent Relationship": "Inner", "Scan Direction": "Forward", "Index Name": "name_pkey", "Relation Name": "name", "Alias": "n1", "Startup Cost": 0.0, "Total Cost": 0.57, "Plan Rows": 1, "Plan Width": 4, "Actual Startup Time": 65.738, "Actual Total Time": 65.738, "Actual Rows": 62, "Actual Loops": 17379, "Index Cond": "(id = an1.person_id)", "Rows Removed by Index Recheck": 0, "Filter": "(((name)::text ~~ '%Yo%'::text) AND ((name)::text !~~ '%Yu%'::text))", "Rows Removed by Filter": 17317}]}]}, "Triggers": [], "Planner Runtime": 10, "Total Runtime": 4297.765, "Unique SQL Id": 3544391839}}, "(1, 37)": {"explain_plan": {"Plan": {"Node Type": "Aggregate", "Strategy": "Plain", "Startup Cost": 110824.82, "Total Cost": 110824.83, "Plan Rows": 1, "Plan Width": 97, "Plans": [{"Node Type": "Nested Loop", "Parent Relationship": "Outer", "Join Type": "Inner", "Startup Cost": 0.0, "Total Cost": 110824.76, "Plan Rows": 12, "Plan Width": 33, "Inner Unique": true, "Plans": [{"Node Type": "Nested Loop", "Parent Relationship": "Outer", "Join Type": "Inner", "Startup Cost": 0.0, "Total Cost": 110449.22, "Plan Rows": 645, "Plan Width": 41, "Inner Unique": false, "Plans": [{"Node Type": "Nested Loop", "Parent Relationship": "Outer", "Join Type": "Inner", "Startup Cost": 0.0, "Total Cost": 109995.01, "Plan Rows": 532, "Plan Width": 21, "Inner Unique": false, "Join Filter": "(ci.role_id = rt.id)", "Plans": [{"Node Type": "Index Scan", "Parent Relationship": "Outer", "Scan Direction": "Forward", "Index Name": "role_type_pkey", "Relation Name": "role_type", "Alias": "rt", "Startup Cost": 0.0, "Total Cost": 12.46, "Plan Rows": 1, "Plan Width": 4, "Filter": "((role)::text = 'actress'::text)"}, {"Node Type": "Nested Loop", "Parent Relationship": "Inner", "Join Type": "Inner", "Startup Cost": 0.0, "Total Cost": 109909.47, "Plan Rows": 5847, "Plan Width": 25, "Inner Unique": false, "Plans": [{"Node Type": "Nested Loop", "Parent Relationship": "Outer", "Join Type": "Inner", "Startup Cost": 0.0, "Total Cost": 104166.87, "Plan Rows": 5775, "Plan Width": 25, "Inner Unique": true, "Plans": [{"Node Type": "Nested Loop", "Parent Relationship": "Outer", "Join Type": "Inner", "Startup Cost": 0.0, "Total Cost": 81519.78, "Plan Rows": 5775, "Plan Width": 4, "Inner Unique": false, "Plans": [{"Node Type": "Index Scan", "Parent Relationship": "Outer", "Scan Direction": "Forward", "Index Name": "company_name_pkey", "Relation Name": "company_name", "Alias": "cn", "Startup Cost": 0.0, "Total Cost": 10501.39, "Plan Rows": 6290, "Plan Width": 4, "Filter": "((country_code)::text = '[jp]'::text)"}, {"Node Type": "Index Scan", "Parent Relationship": "Inner", "Scan Direction": "Forward", "Index Name": "company_id_movie_companies", "Relation Name": "movie_companies", "Alias": "mc", "Startup Cost": 0.0, "Total Cost": 11.28, "Plan Rows": 1, "Plan Width": 8, "Index Cond": "(company_id = cn.id)", "Filter": "(((note)::text ~~ '%(Japan)%'::text) AND ((note)::text !~~ '%(USA)%'::text))"}]}, {"Node Type": "Index Scan", "Parent Relationship": "Inner", "Scan Direction": "Forward", "Index Name": "title_pkey", "Relation Name": "title", "Alias": "t", "Startup Cost": 0.0, "Total Cost": 3.91, "Plan Rows": 1, "Plan Width": 21, "Index Cond": "(id = mc.movie_id)"}]}, {"Node Type": "Index Scan", "Parent Relationship": "Inner", "Scan Direction": "Forward", "Index Name": "movie_id_cast_info", "Relation Name": "cast_info", "Alias": "ci", "Startup Cost": 0.0, "Total Cost": 0.98, "Plan Rows": 1, "Plan Width": 12, "Index Cond": "(movie_id = t.id)", "Filter": "((note)::text = '(voice: English version)'::text)"}]}]}, {"Node Type": "Index Scan", "Parent Relationship": "Inner", "Scan Direction": "Forward", "Index Name": "person_id_aka_name", "Relation Name": "aka_name", "Alias": "an1", "Startup Cost": 0.0, "Total Cost": 0.84, "Plan Rows": 1, "Plan Width": 20, "Index Cond": "(person_id = ci.person_id)"}]}, {"Node Type": "Index Scan", "Parent Relationship": "Inner", "Scan Direction": "Forward", "Index Name": "name_pkey", "Relation Name": "name", "Alias": "n1", "Startup Cost": 0.0, "Total Cost": 0.57, "Plan Rows": 1, "Plan Width": 4, "Index Cond": "(id = an1.person_id)", "Filter": "(((name)::text ~~ '%Yo%'::text) AND ((name)::text !~~ '%Yu%'::text))"}]}]}, "Unique SQL Id": 3544391839, "Planner Runtime": 7}, "explain_analyze_plan": {"Plan": {"Node Type": "Aggregate", "Strategy": "Plain", "Startup Cost": 110824.82, "Total Cost": 110824.83, "Plan Rows": 1, "Plan Width": 97, "Actual Startup Time": 3920.32, "Actual Total Time": 3920.321, "Actual Rows": 1, "Actual Loops": 1, "Plans": [{"Node Type": "Nested Loop", "Parent Relationship": "Outer", "Join Type": "Inner", "Startup Cost": 0.0, "Total Cost": 110824.76, "Plan Rows": 12, "Plan Width": 33, "Actual Startup Time": 4.241, "Actual Total Time": 3919.925, "Actual Rows": 62, "Actual Loops": 1, "Inner Unique": true, "Plans": [{"Node Type": "Nested Loop", "Parent Relationship": "Outer", "Join Type": "Inner", "Startup Cost": 0.0, "Total Cost": 110449.22, "Plan Rows": 645, "Plan Width": 41, "Actual Startup Time": 0.311, "Actual Total Time": 3843.189, "Actual Rows": 17379, "Actual Loops": 1, "Inner Unique": false, "Plans": [{"Node Type": "Nested Loop", "Parent Relationship": "Outer", "Join Type": "Inner", "Startup Cost": 0.0, "Total Cost": 109995.01, "Plan Rows": 532, "Plan Width": 21, "Actual Startup Time": 0.3, "Actual Total Time": 3793.45, "Actual Rows": 7438, "Actual Loops": 1, "Inner Unique": false, "Join Filter": "(ci.role_id = rt.id)", "Rows Removed by Join Filter": 12162, "Plans": [{"Node Type": "Index Scan", "Parent Relationship": "Outer", "Scan Direction": "Forward", "Index Name": "role_type_pkey", "Relation Name": "role_type", "Alias": "rt", "Startup Cost": 0.0, "Total Cost": 12.46, "Plan Rows": 1, "Plan Width": 4, "Actual Startup Time": 0.036, "Actual Total Time": 0.051, "Actual Rows": 1, "Actual Loops": 1, "Filter": "((role)::text = 'actress'::text)", "Rows Removed by Filter": 11}, {"Node Type": "Nested Loop", "Parent Relationship": "Inner", "Join Type": "Inner", "Startup Cost": 0.0, "Total Cost": 109909.47, "Plan Rows": 5847, "Plan Width": 25, "Actual Startup Time": 0.26, "Actual Total Time": 3788.159, "Actual Rows": 19600, "Actual Loops": 1, "Inner Unique": false, "Plans": [{"Node Type": "Nested Loop", "Parent Relationship": "Outer", "Join Type": "Inner", "Startup Cost": 0.0, "Total Cost": 104166.87, "Plan Rows": 5775, "Plan Width": 25, "Actual Startup Time": 0.203, "Actual Total Time": 865.143, "Actual Rows": 48328, "Actual Loops": 1, "Inner Unique": true, "Plans": [{"Node Type": "Nested Loop", "Parent Relationship": "Outer", "Join Type": "Inner", "Startup Cost": 0.0, "Total Cost": 81519.78, "Plan Rows": 5775, "Plan Width": 4, "Actual Startup Time": 0.192, "Actual Total Time": 560.178, "Actual Rows": 48328, "Actual Loops": 1, "Inner Unique": false, "Plans": [{"Node Type": "Index Scan", "Parent Relationship": "Outer", "Scan Direction": "Forward", "Index Name": "company_name_pkey", "Relation Name": "company_name", "Alias": "cn", "Startup Cost": 0.0, "Total Cost": 10501.39, "Plan Rows": 6290, "Plan Width": 4, "Actual Startup Time": 0.158, "Actual Total Time": 329.41, "Actual Rows": 6752, "Actual Loops": 1, "Filter": "((country_code)::text = '[jp]'::text)", "Rows Removed by Filter": 228244}, {"Node Type": "Index Scan", "Parent Relationship": "Inner", "Scan Direction": "Forward", "Index Name": "company_id_movie_companies", "Relation Name": "movie_companies", "Alias": "mc", "Startup Cost": 0.0, "Total Cost": 11.28, "Plan Rows": 1, "Plan Width": 8, "Actual Startup Time": 59.855, "Actual Total Time": 214.607, "Actual Rows": 48328, "Actual Loops": 6752, "Index Cond": "(company_id = cn.id)", "Rows Removed by Index Recheck": 0, "Filter": "(((note)::text ~~ '%(Japan)%'::text) AND ((note)::text !~~ '%(USA)%'::text))", "Rows Removed by Filter": 56667}]}, {"Node Type": "Index Scan", "Parent Relationship": "Inner", "Scan Direction": "Forward", "Index Name": "title_pkey", "Relation Name": "title", "Alias": "t", "Startup Cost": 0.0, "Total Cost": 3.91, "Plan Rows": 1, "Plan Width": 21, "Actual Startup Time": 262.05, "Actual Total Time": 262.05, "Actual Rows": 48328, "Actual Loops": 48328, "Index Cond": "(id = mc.movie_id)", "Rows Removed by Index Recheck": 0}]}, {"Node Type": "Index Scan", "Parent Relationship": "Inner", "Scan Direction": "Forward", "Index Name": "movie_id_cast_info", "Relation Name": "cast_info", "Alias": "ci", "Startup Cost": 0.0, "Total Cost": 0.98, "Plan Rows": 1, "Plan Width": 12, "Actual Startup Time": 2764.157, "Actual Total Time": 2892.023, "Actual Rows": 19600, "Actual Loops": 48328, "Index Cond": "(movie_id = t.id)", "Rows Removed by Index Recheck": 0, "Filter": "((note)::text = '(voice: English version)'::text)", "Rows Removed by Filter": 1531710}]}]}, {"Node Type": "Index Scan", "Parent Relationship": "Inner", "Scan Direction": "Forward", "Index Name": "person_id_aka_name", "Relation Name": "aka_name", "Alias": "an1", "Startup Cost": 0.0, "Total Cost": 0.84, "Plan Rows": 1, "Plan Width": 20, "Actual Startup Time": 32.563, "Actual Total Time": 40.837, "Actual Rows": 17379, "Actual Loops": 7438, "Index Cond": "(person_id = ci.person_id)", "Rows Removed by Index Recheck": 0}]}, {"Node Type": "Index Scan", "Parent Relationship": "Inner", "Scan Direction": "Forward", "Index Name": "name_pkey", "Relation Name": "name", "Alias": "n1", "Startup Cost": 0.0, "Total Cost": 0.57, "Plan Rows": 1, "Plan Width": 4, "Actual Startup Time": 67.888, "Actual Total Time": 67.888, "Actual Rows": 62, "Actual Loops": 17379, "Index Cond": "(id = an1.person_id)", "Rows Removed by Index Recheck": 0, "Filter": "(((name)::text ~~ '%Yo%'::text) AND ((name)::text !~~ '%Yu%'::text))", "Rows Removed by Filter": 17317}]}]}, "Triggers": [], "Planner Runtime": 4, "Total Runtime": 3920.691, "Unique SQL Id": 3544391839}}, "(1, 38)": {"explain_plan": {"Plan": {"Node Type": "Aggregate", "Strategy": "Plain", "Startup Cost": 121324.52, "Total Cost": 121324.53, "Plan Rows": 1, "Plan Width": 97, "Plans": [{"Node Type": "Nested Loop", "Parent Relationship": "Outer", "Join Type": "Inner", "Startup Cost": 5985.15, "Total Cost": 121324.04, "Plan Rows": 96, "Plan Width": 33, "Inner Unique": false, "Join Filter": "(n1.id = an1.person_id)", "Plans": [{"Node Type": "Nested Loop", "Parent Relationship": "Outer", "Join Type": "Inner", "Startup Cost": 5984.77, "Total Cost": 120980.39, "Plan Rows": 78, "Plan Width": 25, "Inner Unique": true, "Plans": [{"Node Type": "Nested Loop", "Parent Relationship": "Outer", "Join Type": "Inner", "Startup Cost": 5983.86, "Total Cost": 118357.75, "Plan Rows": 532, "Plan Width": 21, "Inner Unique": false, "Join Filter": "(ci.role_id = rt.id)", "Plans": [{"Node Type": "Seq Scan", "Parent Relationship": "Outer", "Relation Name": "role_type", "Alias": "rt", "Startup Cost": 0.0, "Total Cost": 1.15, "Plan Rows": 1, "Plan Width": 4, "Filter": "((role)::text = 'actress'::text)"}, {"Node Type": "Nested Loop", "Parent Relationship": "Inner", "Join Type": "Inner", "Startup Cost": 5983.86, "Total Cost": 118283.51, "Plan Rows": 5847, "Plan Width": 25, "Inner Unique": false, "Plans": [{"Node Type": "Nested Loop", "Parent Relationship": "Outer", "Join Type": "Inner", "Startup Cost": 5983.35, "Total Cost": 91625.69, "Plan Rows": 5775, "Plan Width": 25, "Inner Unique": true, "Plans": [{"Node Type": "Hash Join", "Parent Relationship": "Outer", "Join Type": "Inner", "Startup Cost": 5982.08, "Total Cost": 61039.34, "Plan Rows": 5775, "Plan Width": 4, "Inner Unique": true, "Hash Cond": "(mc.company_id = cn.id)", "Plans": [{"Node Type": "Seq Scan", "Parent Relationship": "Outer", "Relation Name": "movie_companies", "Alias": "mc", "Startup Cost": 0.0, "Total Cost": 54862.92, "Plan Rows": 36426, "Plan Width": 8, "Filter": "(((note)::text ~~ '%(Japan)%'::text) AND ((note)::text !~~ '%(USA)%'::text))"}, {"Node Type": "Hash", "Parent Relationship": "Inner", "Startup Cost": 5903.45, "Total Cost": 5903.45, "Plan Rows": 6290, "Plan Width": 4, "Plans": [{"Node Type": "Seq Scan", "Parent Relationship": "Outer", "Relation Name": "company_name", "Alias": "cn", "Startup Cost": 0.0, "Total Cost": 5903.45, "Plan Rows": 6290, "Plan Width": 4, "Filter": "((country_code)::text = '[jp]'::text)"}]}]}, {"Node Type": "Bitmap Heap Scan", "Parent Relationship": "Inner", "Relation Name": "title", "Alias": "t", "Startup Cost": 1.27, "Total Cost": 5.29, "Plan Rows": 1, "Plan Width": 21, "Recheck Cond": "(id = mc.movie_id)", "Plans": [{"Node Type": "Bitmap Index Scan", "Parent Relationship": "Outer", "Index Name": "title_pkey", "Startup Cost": 0.0, "Total Cost": 1.27, "Plan Rows": 1, "Plan Width": 0, "Index Cond": "(id = mc.movie_id)"}]}]}, {"Node Type": "Bitmap Heap Scan", "Parent Relationship": "Inner", "Relation Name": "cast_info", "Alias": "ci", "Startup Cost": 0.52, "Total Cost": 4.61, "Plan Rows": 1, "Plan Width": 12, "Recheck Cond": "(movie_id = t.id)", "Filter": "((note)::text = '(voice: English version)'::text)", "Plans": [{"Node Type": "Bitmap Index Scan", "Parent Relationship": "Outer", "Index Name": "movie_id_cast_info", "Startup Cost": 0.0, "Total Cost": 0.52, "Plan Rows": 6, "Plan Width": 0, "Index Cond": "(movie_id = t.id)"}]}]}]}, {"Node Type": "Bitmap Heap Scan", "Parent Relationship": "Inner", "Relation Name": "name", "Alias": "n1", "Startup Cost": 0.9, "Total Cost": 4.92, "Plan Rows": 1, "Plan Width": 4, "Recheck Cond": "(id = ci.person_id)", "Filter": "(((name)::text ~~ '%Yo%'::text) AND ((name)::text !~~ '%Yu%'::text))", "Plans": [{"Node Type": "Bitmap Index Scan", "Parent Relationship": "Outer", "Index Name": "name_pkey", "Startup Cost": 0.0, "Total Cost": 0.9, "Plan Rows": 1, "Plan Width": 0, "Index Cond": "(id = ci.person_id)"}]}]}, {"Node Type": "Bitmap Heap Scan", "Parent Relationship": "Inner", "Relation Name": "aka_name", "Alias": "an1", "Startup Cost": 0.38, "Total Cost": 4.39, "Plan Rows": 1, "Plan Width": 20, "Recheck Cond": "(person_id = ci.person_id)", "Plans": [{"Node Type": "Bitmap Index Scan", "Parent Relationship": "Outer", "Index Name": "person_id_aka_name", "Startup Cost": 0.0, "Total Cost": 0.38, "Plan Rows": 1, "Plan Width": 0, "Index Cond": "(person_id = ci.person_id)"}]}]}]}, "Unique SQL Id": 3544391839, "Planner Runtime": 15}, "explain_analyze_plan": {"Plan": {"Node Type": "Aggregate", "Strategy": "Plain", "Startup Cost": 121324.52, "Total Cost": 121324.53, "Plan Rows": 1, "Plan Width": 97, "Actual Startup Time": 4902.437, "Actual Total Time": 4902.437, "Actual Rows": 1, "Actual Loops": 1, "Plans": [{"Node Type": "Nested Loop", "Parent Relationship": "Outer", "Join Type": "Inner", "Startup Cost": 5985.15, "Total Cost": 121324.04, "Plan Rows": 96, "Plan Width": 33, "Actual Startup Time": 420.1, "Actual Total Time": 4902.161, "Actual Rows": 62, "Actual Loops": 1, "Inner Unique": false, "Join Filter": "(n1.id = an1.person_id)", "Rows Removed by Join Filter": 0, "Plans": [{"Node Type": "Nested Loop", "Parent Relationship": "Outer", "Join Type": "Inner", "Startup Cost": 5984.77, "Total Cost": 120980.39, "Plan Rows": 78, "Plan Width": 25, "Actual Startup Time": 420.074, "Actual Total Time": 4901.532, "Actual Rows": 38, "Actual Loops": 1, "Inner Unique": true, "Plans": [{"Node Type": "Nested Loop", "Parent Relationship": "Outer", "Join Type": "Inner", "Startup Cost": 5983.86, "Total Cost": 118357.75, "Plan Rows": 532, "Plan Width": 21, "Actual Startup Time": 83.271, "Actual Total Time": 4843.647, "Actual Rows": 7438, "Actual Loops": 1, "Inner Unique": false, "Join Filter": "(ci.role_id = rt.id)", "Rows Removed by Join Filter": 12162, "Plans": [{"Node Type": "Seq Scan", "Parent Relationship": "Outer", "Relation Name": "role_type", "Alias": "rt", "Startup Cost": 0.0, "Total Cost": 1.15, "Plan Rows": 1, "Plan Width": 4, "Actual Startup Time": 0.033, "Actual Total Time": 0.039, "Actual Rows": 1, "Actual Loops": 1, "Filter": "((role)::text = 'actress'::text)", "Rows Removed by Filter": 11}, {"Node Type": "Nested Loop", "Parent Relationship": "Inner", "Join Type": "Inner", "Startup Cost": 5983.86, "Total Cost": 118283.51, "Plan Rows": 5847, "Plan Width": 25, "Actual Startup Time": 83.229, "Actual Total Time": 4838.121, "Actual Rows": 19600, "Actual Loops": 1, "Inner Unique": false, "Plans": [{"Node Type": "Nested Loop", "Parent Relationship": "Outer", "Join Type": "Inner", "Startup Cost": 5983.35, "Total Cost": 91625.69, "Plan Rows": 5775, "Plan Width": 25, "Actual Startup Time": 83.073, "Actual Total Time": 1425.067, "Actual Rows": 48328, "Actual Loops": 1, "Inner Unique": true, "Plans": [{"Node Type": "Hash Join", "Parent Relationship": "Outer", "Join Type": "Inner", "Startup Cost": 5982.08, "Total Cost": 61039.34, "Plan Rows": 5775, "Plan Width": 4, "Actual Startup Time": 83.014, "Actual Total Time": 1080.422, "Actual Rows": 48328, "Actual Loops": 1, "Inner Unique": true, "Hash Cond": "(mc.company_id = cn.id)", "Plans": [{"Node Type": "Seq Scan", "Parent Relationship": "Outer", "Relation Name": "movie_companies", "Alias": "mc", "Startup Cost": 0.0, "Total Cost": 54862.92, "Plan Rows": 36426, "Plan Width": 8, "Actual Startup Time": 0.225, "Actual Total Time": 959.536, "Actual Rows": 48897, "Actual Loops": 1, "Filter": "(((note)::text ~~ '%(Japan)%'::text) AND ((note)::text !~~ '%(USA)%'::text))", "Rows Removed by Filter": 2560231}, {"Node Type": "Hash", "Parent Relationship": "Inner", "Startup Cost": 5903.45, "Total Cost": 5903.45, "Plan Rows": 6290, "Plan Width": 4, "Actual Startup Time": 82.731, "Actual Total Time": 82.731, "Actual Rows": 6752, "Actual Loops": 1, "Hash Buckets": 32768, "Hash Batches": 1, "Original Hash Batches": 1, "Peak Memory Usage": 238, "Plans": [{"Node Type": "Seq Scan", "Parent Relationship": "Outer", "Relation Name": "company_name", "Alias": "cn", "Startup Cost": 0.0, "Total Cost": 5903.45, "Plan Rows": 6290, "Plan Width": 4, "Actual Startup Time": 0.022, "Actual Total Time": 80.704, "Actual Rows": 6752, "Actual Loops": 1, "Filter": "((country_code)::text = '[jp]'::text)", "Rows Removed by Filter": 228244}]}]}, {"Node Type": "Bitmap Heap Scan", "Parent Relationship": "Inner", "Relation Name": "title", "Alias": "t", "Startup Cost": 1.27, "Total Cost": 5.29, "Plan Rows": 1, "Plan Width": 21, "Actual Startup Time": 266.415, "Actual Total Time": 266.415, "Actual Rows": 48328, "Actual Loops": 48328, "Recheck Cond": "(id = mc.movie_id)", "Rows Removed by Index Recheck": 0, "Exact Heap Blocks": 48328, "Lossy Heap Blocks": 48328, "Plans": [{"Node Type": "Bitmap Index Scan", "Parent Relationship": "Outer", "Index Name": "title_pkey", "Startup Cost": 0.0, "Total Cost": 1.27, "Plan Rows": 1, "Plan Width": 0, "Actual Startup Time": 148.973, "Actual Total Time": 148.973, "Actual Rows": 48328, "Actual Loops": 48328, "Index Cond": "(id = mc.movie_id)"}]}]}, {"Node Type": "Bitmap Heap Scan", "Parent Relationship": "Inner", "Relation Name": "cast_info", "Alias": "ci", "Startup Cost": 0.52, "Total Cost": 4.61, "Plan Rows": 1, "Plan Width": 12, "Actual Startup Time": 3201.666, "Actual Total Time": 3340.421, "Actual Rows": 19600, "Actual Loops": 48328, "Recheck Cond": "(movie_id = t.id)", "Rows Removed by Index Recheck": 0, "Filter": "((note)::text = '(voice: English version)'::text)", "Rows Removed by Filter": 1531710, "Exact Heap Blocks": 1503105, "Lossy Heap Blocks": 1503105, "Plans": [{"Node Type": "Bitmap Index Scan", "Parent Relationship": "Outer", "Index Name": "movie_id_cast_info", "Startup Cost": 0.0, "Total Cost": 0.52, "Plan Rows": 6, "Plan Width": 0, "Actual Startup Time": 450.414, "Actual Total Time": 450.414, "Actual Rows": 1551310, "Actual Loops": 48328, "Index Cond": "(movie_id = t.id)"}]}]}]}, {"Node Type": "Bitmap Heap Scan", "Parent Relationship": "Inner", "Relation Name": "name", "Alias": "n1", "Startup Cost": 0.9, "Total Cost": 4.92, "Plan Rows": 1, "Plan Width": 4, "Actual Startup Time": 48.278, "Actual Total Time": 48.278, "Actual Rows": 38, "Actual Loops": 7438, "Recheck Cond": "(id = ci.person_id)", "Rows Removed by Index Recheck": 0, "Filter": "(((name)::text ~~ '%Yo%'::text) AND ((name)::text !~~ '%Yu%'::text))", "Rows Removed by Filter": 7400, "Exact Heap Blocks": 7438, "Lossy Heap Blocks": 7438, "Plans": [{"Node Type": "Bitmap Index Scan", "Parent Relationship": "Outer", "Index Name": "name_pkey", "Startup Cost": 0.0, "Total Cost": 0.9, "Plan Rows": 1, "Plan Width": 0, "Actual Startup Time": 29.066, "Actual Total Time": 29.066, "Actual Rows": 7438, "Actual Loops": 7438, "Index Cond": "(id = ci.person_id)"}]}]}, {"Node Type": "Bitmap Heap Scan", "Parent Relationship": "Inner", "Relation Name": "aka_name", "Alias": "an1", "Startup Cost": 0.38, "Total Cost": 4.39, "Plan Rows": 1, "Plan Width": 20, "Actual Startup Time": 0.391, "Actual Total Time": 0.406, "Actual Rows": 62, "Actual Loops": 38, "Recheck Cond": "(person_id = ci.person_id)", "Rows Removed by Index Recheck": 0, "Exact Heap Blocks": 43, "Lossy Heap Blocks": 43, "Plans": [{"Node Type": "Bitmap Index Scan", "Parent Relationship": "Outer", "Index Name": "person_id_aka_name", "Startup Cost": 0.0, "Total Cost": 0.38, "Plan Rows": 1, "Plan Width": 0, "Actual Startup Time": 0.239, "Actual Total Time": 0.239, "Actual Rows": 62, "Actual Loops": 38, "Index Cond": "(person_id = ci.person_id)"}]}]}]}, "Triggers": [], "Planner Runtime": 15, "Total Runtime": 4902.817, "Unique SQL Id": 3544391839}}, "(1, 39)": {"explain_plan": {"Plan": {"Node Type": "Aggregate", "Strategy": "Plain", "Startup Cost": 1000012228445.06, "Total Cost": 1000012228445.07, "Plan Rows": 1, "Plan Width": 97, "Plans": [{"Node Type": "Nested Loop", "Parent Relationship": "Outer", "Join Type": "Inner", "Startup Cost": 10000000003.19, "Total Cost": 1000012228445.0, "Plan Rows": 12, "Plan Width": 33, "Inner Unique": true, "Plans": [{"Node Type": "Nested Loop", "Parent Relationship": "Outer", "Join Type": "Inner", "Startup Cost": 10000000002.87, "Total Cost": 1000012225636.42, "Plan Rows": 645, "Plan Width": 41, "Inner Unique": true, "Plans": [{"Node Type": "Nested Loop", "Parent Relationship": "Outer", "Join Type": "Inner", "Startup Cost": 10000000002.23, "Total Cost": 1000012222628.77, "Plan Rows": 645, "Plan Width": 32, "Inner Unique": true, "Plans": [{"Node Type": "Nested Loop", "Parent Relationship": "Outer", "Join Type": "Inner", "Startup Cost": 10000000001.92, "Total Cost": 1000012205100.96, "Plan Rows": 4051, "Plan Width": 36, "Inner Unique": false, "Plans": [{"Node Type": "Nested Loop", "Parent Relationship": "Outer", "Join Type": "Inner", "Startup Cost": 10000000001.26, "Total Cost": 1000012155572.17, "Plan Rows": 10524, "Plan Width": 28, "Inner Unique": true, "Plans": [{"Node Type": "Nested Loop", "Parent Relationship": "Outer", "Join Type": "Inner", "Startup Cost": 10000000001.0, "Total Cost": 1000011659757.19, "Plan Rows": 115768, "Plan Width": 32, "Inner Unique": false, "Plans": [{"Node Type": "Index Scan", "Parent Relationship": "Outer", "Scan Direction": "Forward", "Index Name": "person_id_aka_name", "Relation Name": "aka_name", "Alias": "an1", "Startup Cost": 10000000000.0, "Total Cost": 1000006896503.43, "Plan Rows": 901342, "Plan Width": 20}, {"Node Type": "Bitmap Heap Scan", "Parent Relationship": "Inner", "Relation Name": "cast_info", "Alias": "ci", "Startup Cost": 1.0, "Total Cost": 5.27, "Plan Rows": 1, "Plan Width": 12, "Recheck Cond": "(person_id = an1.person_id)", "Filter": "((note)::text = '(voice: English version)'::text)", "Plans": [{"Node Type": "Bitmap Index Scan", "Parent Relationship": "Outer", "Index Name": "person_id_cast_info", "Startup Cost": 0.0, "Total Cost": 1.0, "Plan Rows": 18, "Plan Width": 0, "Index Cond": "(person_id = an1.person_id)"}]}]}, {"Node Type": "Bitmap Heap Scan", "Parent Relationship": "Inner", "Relation Name": "role_type", "Alias": "rt", "Startup Cost": 0.26, "Total Cost": 4.27, "Plan Rows": 1, "Plan Width": 4, "Recheck Cond": "(id = ci.role_id)", "Filter": "((role)::text = 'actress'::text)", "Plans": [{"Node Type": "Bitmap Index Scan", "Parent Relationship": "Outer", "Index Name": "role_type_pkey", "Startup Cost": 0.0, "Total Cost": 0.26, "Plan Rows": 1, "Plan Width": 0, "Index Cond": "(id = ci.role_id)"}]}]}, {"Node Type": "Bitmap Heap Scan", "Parent Relationship": "Inner", "Relation Name": "movie_companies", "Alias": "mc", "Startup Cost": 0.66, "Total Cost": 4.7, "Plan Rows": 1, "Plan Width": 8, "Recheck Cond": "(movie_id = ci.movie_id)", "Filter": "(((note)::text ~~ '%(Japan)%'::text) AND ((note)::text !~~ '%(USA)%'::text))", "Plans": [{"Node Type": "Bitmap Index Scan", "Parent Relationship": "Outer", "Index Name": "movie_id_movie_companies", "Startup Cost": 0.0, "Total Cost": 0.66, "Plan Rows": 2, "Plan Width": 0, "Index Cond": "(movie_id = ci.movie_id)"}]}]}, {"Node Type": "Bitmap Heap Scan", "Parent Relationship": "Inner", "Relation Name": "company_name", "Alias": "cn", "Startup Cost": 0.3, "Total Cost": 4.32, "Plan Rows": 1, "Plan Width": 4, "Recheck Cond": "(id = mc.company_id)", "Filter": "((country_code)::text = '[jp]'::text)", "Plans": [{"Node Type": "Bitmap Index Scan", "Parent Relationship": "Outer", "Index Name": "company_name_pkey", "Startup Cost": 0.0, "Total Cost": 0.3, "Plan Rows": 1, "Plan Width": 0, "Index Cond": "(id = mc.company_id)"}]}]}, {"Node Type": "Bitmap Heap Scan", "Parent Relationship": "Inner", "Relation Name": "title", "Alias": "t", "Startup Cost": 0.64, "Total Cost": 4.65, "Plan Rows": 1, "Plan Width": 21, "Recheck Cond": "(id = ci.movie_id)", "Plans": [{"Node Type": "Bitmap Index Scan", "Parent Relationship": "Outer", "Index Name": "title_pkey", "Startup Cost": 0.0, "Total Cost": 0.64, "Plan Rows": 1, "Plan Width": 0, "Index Cond": "(id = ci.movie_id)"}]}]}, {"Node Type": "Bitmap Heap Scan", "Parent Relationship": "Inner", "Relation Name": "name", "Alias": "n1", "Startup Cost": 0.33, "Total Cost": 4.34, "Plan Rows": 1, "Plan Width": 4, "Recheck Cond": "(id = an1.person_id)", "Filter": "(((name)::text ~~ '%Yo%'::text) AND ((name)::text !~~ '%Yu%'::text))", "Plans": [{"Node Type": "Bitmap Index Scan", "Parent Relationship": "Outer", "Index Name": "name_pkey", "Startup Cost": 0.0, "Total Cost": 0.33, "Plan Rows": 1, "Plan Width": 0, "Index Cond": "(id = an1.person_id)"}]}]}]}, "Unique SQL Id": 3544391839, "Planner Runtime": 4}, "explain_analyze_plan": null}, "(1, 40)": {"explain_plan": {"Plan": {"Node Type": "Aggregate", "Strategy": "Plain", "Startup Cost": 90333.08, "Total Cost": 90333.09, "Plan Rows": 1, "Plan Width": 97, "Plans": [{"Node Type": "Nested Loop", "Parent Relationship": "Outer", "Join Type": "Inner", "Startup Cost": 5982.08, "Total Cost": 90333.02, "Plan Rows": 12, "Plan Width": 33, "Inner Unique": true, "Plans": [{"Node Type": "Nested Loop", "Parent Relationship": "Outer", "Join Type": "Inner", "Startup Cost": 5982.08, "Total Cost": 89957.48, "Plan Rows": 645, "Plan Width": 41, "Inner Unique": false, "Plans": [{"Node Type": "Nested Loop", "Parent Relationship": "Outer", "Join Type": "Inner", "Startup Cost": 5982.08, "Total Cost": 89503.27, "Plan Rows": 532, "Plan Width": 21, "Inner Unique": false, "Join Filter": "(ci.role_id = rt.id)", "Plans": [{"Node Type": "Seq Scan", "Parent Relationship": "Outer", "Relation Name": "role_type", "Alias": "rt", "Startup Cost": 0.0, "Total Cost": 1.15, "Plan Rows": 1, "Plan Width": 4, "Filter": "((role)::text = 'actress'::text)"}, {"Node Type": "Nested Loop", "Parent Relationship": "Inner", "Join Type": "Inner", "Startup Cost": 5982.08, "Total Cost": 89429.03, "Plan Rows": 5847, "Plan Width": 25, "Inner Unique": false, "Plans": [{"Node Type": "Nested Loop", "Parent Relationship": "Outer", "Join Type": "Inner", "Startup Cost": 5982.08, "Total Cost": 83686.44, "Plan Rows": 5775, "Plan Width": 25, "Inner Unique": true, "Plans": [{"Node Type": "Hash Join", "Parent Relationship": "Outer", "Join Type": "Inner", "Startup Cost": 5982.08, "Total Cost": 61039.34, "Plan Rows": 5775, "Plan Width": 4, "Inner Unique": true, "Hash Cond": "(mc.company_id = cn.id)", "Plans": [{"Node Type": "Seq Scan", "Parent Relationship": "Outer", "Relation Name": "movie_companies", "Alias": "mc", "Startup Cost": 0.0, "Total Cost": 54862.92, "Plan Rows": 36426, "Plan Width": 8, "Filter": "(((note)::text ~~ '%(Japan)%'::text) AND ((note)::text !~~ '%(USA)%'::text))"}, {"Node Type": "Hash", "Parent Relationship": "Inner", "Startup Cost": 5903.45, "Total Cost": 5903.45, "Plan Rows": 6290, "Plan Width": 4, "Plans": [{"Node Type": "Seq Scan", "Parent Relationship": "Outer", "Relation Name": "company_name", "Alias": "cn", "Startup Cost": 0.0, "Total Cost": 5903.45, "Plan Rows": 6290, "Plan Width": 4, "Filter": "((country_code)::text = '[jp]'::text)"}]}]}, {"Node Type": "Index Scan", "Parent Relationship": "Inner", "Scan Direction": "Forward", "Index Name": "title_pkey", "Relation Name": "title", "Alias": "t", "Startup Cost": 0.0, "Total Cost": 3.91, "Plan Rows": 1, "Plan Width": 21, "Index Cond": "(id = mc.movie_id)"}]}, {"Node Type": "Index Scan", "Parent Relationship": "Inner", "Scan Direction": "Forward", "Index Name": "movie_id_cast_info", "Relation Name": "cast_info", "Alias": "ci", "Startup Cost": 0.0, "Total Cost": 0.98, "Plan Rows": 1, "Plan Width": 12, "Index Cond": "(movie_id = t.id)", "Filter": "((note)::text = '(voice: English version)'::text)"}]}]}, {"Node Type": "Index Scan", "Parent Relationship": "Inner", "Scan Direction": "Forward", "Index Name": "person_id_aka_name", "Relation Name": "aka_name", "Alias": "an1", "Startup Cost": 0.0, "Total Cost": 0.84, "Plan Rows": 1, "Plan Width": 20, "Index Cond": "(person_id = ci.person_id)"}]}, {"Node Type": "Index Scan", "Parent Relationship": "Inner", "Scan Direction": "Forward", "Index Name": "name_pkey", "Relation Name": "name", "Alias": "n1", "Startup Cost": 0.0, "Total Cost": 0.57, "Plan Rows": 1, "Plan Width": 4, "Index Cond": "(id = an1.person_id)", "Filter": "(((name)::text ~~ '%Yo%'::text) AND ((name)::text !~~ '%Yu%'::text))"}]}]}, "Unique SQL Id": 3544391839, "Planner Runtime": 10}, "explain_analyze_plan": {"Plan": {"Node Type": "Aggregate", "Strategy": "Plain", "Startup Cost": 90333.08, "Total Cost": 90333.09, "Plan Rows": 1, "Plan Width": 97, "Actual Startup Time": 4297.411, "Actual Total Time": 4297.412, "Actual Rows": 1, "Actual Loops": 1, "Plans": [{"Node Type": "Nested Loop", "Parent Relationship": "Outer", "Join Type": "Inner", "Startup Cost": 5982.08, "Total Cost": 90333.02, "Plan Rows": 12, "Plan Width": 33, "Actual Startup Time": 342.768, "Actual Total Time": 4297.189, "Actual Rows": 62, "Actual Loops": 1, "Inner Unique": true, "Plans": [{"Node Type": "Nested Loop", "Parent Relationship": "Outer", "Join Type": "Inner", "Startup Cost": 5982.08, "Total Cost": 89957.48, "Plan Rows": 645, "Plan Width": 41, "Actual Startup Time": 83.088, "Actual Total Time": 4222.707, "Actual Rows": 17379, "Actual Loops": 1, "Inner Unique": false, "Plans": [{"Node Type": "Nested Loop", "Parent Relationship": "Outer", "Join Type": "Inner", "Startup Cost": 5982.08, "Total Cost": 89503.27, "Plan Rows": 532, "Plan Width": 21, "Actual Startup Time": 83.075, "Actual Total Time": 4174.146, "Actual Rows": 7438, "Actual Loops": 1, "Inner Unique": false, "Join Filter": "(ci.role_id = rt.id)", "Rows Removed by Join Filter": 12162, "Plans": [{"Node Type": "Seq Scan", "Parent Relationship": "Outer", "Relation Name": "role_type", "Alias": "rt", "Startup Cost": 0.0, "Total Cost": 1.15, "Plan Rows": 1, "Plan Width": 4, "Actual Startup Time": 0.026, "Actual Total Time": 0.032, "Actual Rows": 1, "Actual Loops": 1, "Filter": "((role)::text = 'actress'::text)", "Rows Removed by Filter": 11}, {"Node Type": "Nested Loop", "Parent Relationship": "Inner", "Join Type": "Inner", "Startup Cost": 5982.08, "Total Cost": 89429.03, "Plan Rows": 5847, "Plan Width": 25, "Actual Startup Time": 83.04, "Actual Total Time": 4168.684, "Actual Rows": 19600, "Actual Loops": 1, "Inner Unique": false, "Plans": [{"Node Type": "Nested Loop", "Parent Relationship": "Outer", "Join Type": "Inner", "Startup Cost": 5982.08, "Total Cost": 83686.44, "Plan Rows": 5775, "Plan Width": 25, "Actual Startup Time": 82.926, "Actual Total Time": 1321.861, "Actual Rows": 48328, "Actual Loops": 1, "Inner Unique": true, "Plans": [{"Node Type": "Hash Join", "Parent Relationship": "Outer", "Join Type": "Inner", "Startup Cost": 5982.08, "Total Cost": 61039.34, "Plan Rows": 5775, "Plan Width": 4, "Actual Startup Time": 82.881, "Actual Total Time": 1073.651, "Actual Rows": 48328, "Actual Loops": 1, "Inner Unique": true, "Hash Cond": "(mc.company_id = cn.id)", "Plans": [{"Node Type": "Seq Scan", "Parent Relationship": "Outer", "Relation Name": "movie_companies", "Alias": "mc", "Startup Cost": 0.0, "Total Cost": 54862.92, "Plan Rows": 36426, "Plan Width": 8, "Actual Startup Time": 0.225, "Actual Total Time": 956.003, "Actual Rows": 48897, "Actual Loops": 1, "Filter": "(((note)::text ~~ '%(Japan)%'::text) AND ((note)::text !~~ '%(USA)%'::text))", "Rows Removed by Filter": 2560231}, {"Node Type": "Hash", "Parent Relationship": "Inner", "Startup Cost": 5903.45, "Total Cost": 5903.45, "Plan Rows": 6290, "Plan Width": 4, "Actual Startup Time": 82.591, "Actual Total Time": 82.591, "Actual Rows": 6752, "Actual Loops": 1, "Hash Buckets": 32768, "Hash Batches": 1, "Original Hash Batches": 1, "Peak Memory Usage": 238, "Plans": [{"Node Type": "Seq Scan", "Parent Relationship": "Outer", "Relation Name": "company_name", "Alias": "cn", "Startup Cost": 0.0, "Total Cost": 5903.45, "Plan Rows": 6290, "Plan Width": 4, "Actual Startup Time": 0.026, "Actual Total Time": 80.548, "Actual Rows": 6752, "Actual Loops": 1, "Filter": "((country_code)::text = '[jp]'::text)", "Rows Removed by Filter": 228244}]}]}, {"Node Type": "Index Scan", "Parent Relationship": "Inner", "Scan Direction": "Forward", "Index Name": "title_pkey", "Relation Name": "title", "Alias": "t", "Startup Cost": 0.0, "Total Cost": 3.91, "Plan Rows": 1, "Plan Width": 21, "Actual Startup Time": 207.245, "Actual Total Time": 207.245, "Actual Rows": 48328, "Actual Loops": 48328, "Index Cond": "(id = mc.movie_id)", "Rows Removed by Index Recheck": 0}]}, {"Node Type": "Index Scan", "Parent Relationship": "Inner", "Scan Direction": "Forward", "Index Name": "movie_id_cast_info", "Relation Name": "cast_info", "Alias": "ci", "Startup Cost": 0.0, "Total Cost": 0.98, "Plan Rows": 1, "Plan Width": 12, "Actual Startup Time": 2689.948, "Actual Total Time": 2816.658, "Actual Rows": 19600, "Actual Loops": 48328, "Index Cond": "(movie_id = t.id)", "Rows Removed by Index Recheck": 0, "Filter": "((note)::text = '(voice: English version)'::text)", "Rows Removed by Filter": 1531710}]}]}, {"Node Type": "Index Scan", "Parent Relationship": "Inner", "Scan Direction": "Forward", "Index Name": "person_id_aka_name", "Relation Name": "aka_name", "Alias": "an1", "Startup Cost": 0.0, "Total Cost": 0.84, "Plan Rows": 1, "Plan Width": 20, "Actual Startup Time": 31.701, "Actual Total Time": 39.825, "Actual Rows": 17379, "Actual Loops": 7438, "Index Cond": "(person_id = ci.person_id)", "Rows Removed by Index Recheck": 0}]}, {"Node Type": "Index Scan", "Parent Relationship": "Inner", "Scan Direction": "Forward", "Index Name": "name_pkey", "Relation Name": "name", "Alias": "n1", "Startup Cost": 0.0, "Total Cost": 0.57, "Plan Rows": 1, "Plan Width": 4, "Actual Startup Time": 65.738, "Actual Total Time": 65.738, "Actual Rows": 62, "Actual Loops": 17379, "Index Cond": "(id = an1.person_id)", "Rows Removed by Index Recheck": 0, "Filter": "(((name)::text ~~ '%Yo%'::text) AND ((name)::text !~~ '%Yu%'::text))", "Rows Removed by Filter": 17317}]}]}, "Triggers": [], "Planner Runtime": 10, "Total Runtime": 4297.765, "Unique SQL Id": 3544391839}}, "(1, 41)": {"explain_plan": {"Plan": {"Node Type": "Aggregate", "Strategy": "Plain", "Startup Cost": 110824.82, "Total Cost": 110824.83, "Plan Rows": 1, "Plan Width": 97, "Plans": [{"Node Type": "Nested Loop", "Parent Relationship": "Outer", "Join Type": "Inner", "Startup Cost": 0.0, "Total Cost": 110824.76, "Plan Rows": 12, "Plan Width": 33, "Inner Unique": true, "Plans": [{"Node Type": "Nested Loop", "Parent Relationship": "Outer", "Join Type": "Inner", "Startup Cost": 0.0, "Total Cost": 110449.22, "Plan Rows": 645, "Plan Width": 41, "Inner Unique": false, "Plans": [{"Node Type": "Nested Loop", "Parent Relationship": "Outer", "Join Type": "Inner", "Startup Cost": 0.0, "Total Cost": 109995.01, "Plan Rows": 532, "Plan Width": 21, "Inner Unique": false, "Join Filter": "(ci.role_id = rt.id)", "Plans": [{"Node Type": "Index Scan", "Parent Relationship": "Outer", "Scan Direction": "Forward", "Index Name": "role_type_pkey", "Relation Name": "role_type", "Alias": "rt", "Startup Cost": 0.0, "Total Cost": 12.46, "Plan Rows": 1, "Plan Width": 4, "Filter": "((role)::text = 'actress'::text)"}, {"Node Type": "Nested Loop", "Parent Relationship": "Inner", "Join Type": "Inner", "Startup Cost": 0.0, "Total Cost": 109909.47, "Plan Rows": 5847, "Plan Width": 25, "Inner Unique": false, "Plans": [{"Node Type": "Nested Loop", "Parent Relationship": "Outer", "Join Type": "Inner", "Startup Cost": 0.0, "Total Cost": 104166.87, "Plan Rows": 5775, "Plan Width": 25, "Inner Unique": true, "Plans": [{"Node Type": "Nested Loop", "Parent Relationship": "Outer", "Join Type": "Inner", "Startup Cost": 0.0, "Total Cost": 81519.78, "Plan Rows": 5775, "Plan Width": 4, "Inner Unique": false, "Plans": [{"Node Type": "Index Scan", "Parent Relationship": "Outer", "Scan Direction": "Forward", "Index Name": "company_name_pkey", "Relation Name": "company_name", "Alias": "cn", "Startup Cost": 0.0, "Total Cost": 10501.39, "Plan Rows": 6290, "Plan Width": 4, "Filter": "((country_code)::text = '[jp]'::text)"}, {"Node Type": "Index Scan", "Parent Relationship": "Inner", "Scan Direction": "Forward", "Index Name": "company_id_movie_companies", "Relation Name": "movie_companies", "Alias": "mc", "Startup Cost": 0.0, "Total Cost": 11.28, "Plan Rows": 1, "Plan Width": 8, "Index Cond": "(company_id = cn.id)", "Filter": "(((note)::text ~~ '%(Japan)%'::text) AND ((note)::text !~~ '%(USA)%'::text))"}]}, {"Node Type": "Index Scan", "Parent Relationship": "Inner", "Scan Direction": "Forward", "Index Name": "title_pkey", "Relation Name": "title", "Alias": "t", "Startup Cost": 0.0, "Total Cost": 3.91, "Plan Rows": 1, "Plan Width": 21, "Index Cond": "(id = mc.movie_id)"}]}, {"Node Type": "Index Scan", "Parent Relationship": "Inner", "Scan Direction": "Forward", "Index Name": "movie_id_cast_info", "Relation Name": "cast_info", "Alias": "ci", "Startup Cost": 0.0, "Total Cost": 0.98, "Plan Rows": 1, "Plan Width": 12, "Index Cond": "(movie_id = t.id)", "Filter": "((note)::text = '(voice: English version)'::text)"}]}]}, {"Node Type": "Index Scan", "Parent Relationship": "Inner", "Scan Direction": "Forward", "Index Name": "person_id_aka_name", "Relation Name": "aka_name", "Alias": "an1", "Startup Cost": 0.0, "Total Cost": 0.84, "Plan Rows": 1, "Plan Width": 20, "Index Cond": "(person_id = ci.person_id)"}]}, {"Node Type": "Index Scan", "Parent Relationship": "Inner", "Scan Direction": "Forward", "Index Name": "name_pkey", "Relation Name": "name", "Alias": "n1", "Startup Cost": 0.0, "Total Cost": 0.57, "Plan Rows": 1, "Plan Width": 4, "Index Cond": "(id = an1.person_id)", "Filter": "(((name)::text ~~ '%Yo%'::text) AND ((name)::text !~~ '%Yu%'::text))"}]}]}, "Unique SQL Id": 3544391839, "Planner Runtime": 7}, "explain_analyze_plan": {"Plan": {"Node Type": "Aggregate", "Strategy": "Plain", "Startup Cost": 110824.82, "Total Cost": 110824.83, "Plan Rows": 1, "Plan Width": 97, "Actual Startup Time": 3920.32, "Actual Total Time": 3920.321, "Actual Rows": 1, "Actual Loops": 1, "Plans": [{"Node Type": "Nested Loop", "Parent Relationship": "Outer", "Join Type": "Inner", "Startup Cost": 0.0, "Total Cost": 110824.76, "Plan Rows": 12, "Plan Width": 33, "Actual Startup Time": 4.241, "Actual Total Time": 3919.925, "Actual Rows": 62, "Actual Loops": 1, "Inner Unique": true, "Plans": [{"Node Type": "Nested Loop", "Parent Relationship": "Outer", "Join Type": "Inner", "Startup Cost": 0.0, "Total Cost": 110449.22, "Plan Rows": 645, "Plan Width": 41, "Actual Startup Time": 0.311, "Actual Total Time": 3843.189, "Actual Rows": 17379, "Actual Loops": 1, "Inner Unique": false, "Plans": [{"Node Type": "Nested Loop", "Parent Relationship": "Outer", "Join Type": "Inner", "Startup Cost": 0.0, "Total Cost": 109995.01, "Plan Rows": 532, "Plan Width": 21, "Actual Startup Time": 0.3, "Actual Total Time": 3793.45, "Actual Rows": 7438, "Actual Loops": 1, "Inner Unique": false, "Join Filter": "(ci.role_id = rt.id)", "Rows Removed by Join Filter": 12162, "Plans": [{"Node Type": "Index Scan", "Parent Relationship": "Outer", "Scan Direction": "Forward", "Index Name": "role_type_pkey", "Relation Name": "role_type", "Alias": "rt", "Startup Cost": 0.0, "Total Cost": 12.46, "Plan Rows": 1, "Plan Width": 4, "Actual Startup Time": 0.036, "Actual Total Time": 0.051, "Actual Rows": 1, "Actual Loops": 1, "Filter": "((role)::text = 'actress'::text)", "Rows Removed by Filter": 11}, {"Node Type": "Nested Loop", "Parent Relationship": "Inner", "Join Type": "Inner", "Startup Cost": 0.0, "Total Cost": 109909.47, "Plan Rows": 5847, "Plan Width": 25, "Actual Startup Time": 0.26, "Actual Total Time": 3788.159, "Actual Rows": 19600, "Actual Loops": 1, "Inner Unique": false, "Plans": [{"Node Type": "Nested Loop", "Parent Relationship": "Outer", "Join Type": "Inner", "Startup Cost": 0.0, "Total Cost": 104166.87, "Plan Rows": 5775, "Plan Width": 25, "Actual Startup Time": 0.203, "Actual Total Time": 865.143, "Actual Rows": 48328, "Actual Loops": 1, "Inner Unique": true, "Plans": [{"Node Type": "Nested Loop", "Parent Relationship": "Outer", "Join Type": "Inner", "Startup Cost": 0.0, "Total Cost": 81519.78, "Plan Rows": 5775, "Plan Width": 4, "Actual Startup Time": 0.192, "Actual Total Time": 560.178, "Actual Rows": 48328, "Actual Loops": 1, "Inner Unique": false, "Plans": [{"Node Type": "Index Scan", "Parent Relationship": "Outer", "Scan Direction": "Forward", "Index Name": "company_name_pkey", "Relation Name": "company_name", "Alias": "cn", "Startup Cost": 0.0, "Total Cost": 10501.39, "Plan Rows": 6290, "Plan Width": 4, "Actual Startup Time": 0.158, "Actual Total Time": 329.41, "Actual Rows": 6752, "Actual Loops": 1, "Filter": "((country_code)::text = '[jp]'::text)", "Rows Removed by Filter": 228244}, {"Node Type": "Index Scan", "Parent Relationship": "Inner", "Scan Direction": "Forward", "Index Name": "company_id_movie_companies", "Relation Name": "movie_companies", "Alias": "mc", "Startup Cost": 0.0, "Total Cost": 11.28, "Plan Rows": 1, "Plan Width": 8, "Actual Startup Time": 59.855, "Actual Total Time": 214.607, "Actual Rows": 48328, "Actual Loops": 6752, "Index Cond": "(company_id = cn.id)", "Rows Removed by Index Recheck": 0, "Filter": "(((note)::text ~~ '%(Japan)%'::text) AND ((note)::text !~~ '%(USA)%'::text))", "Rows Removed by Filter": 56667}]}, {"Node Type": "Index Scan", "Parent Relationship": "Inner", "Scan Direction": "Forward", "Index Name": "title_pkey", "Relation Name": "title", "Alias": "t", "Startup Cost": 0.0, "Total Cost": 3.91, "Plan Rows": 1, "Plan Width": 21, "Actual Startup Time": 262.05, "Actual Total Time": 262.05, "Actual Rows": 48328, "Actual Loops": 48328, "Index Cond": "(id = mc.movie_id)", "Rows Removed by Index Recheck": 0}]}, {"Node Type": "Index Scan", "Parent Relationship": "Inner", "Scan Direction": "Forward", "Index Name": "movie_id_cast_info", "Relation Name": "cast_info", "Alias": "ci", "Startup Cost": 0.0, "Total Cost": 0.98, "Plan Rows": 1, "Plan Width": 12, "Actual Startup Time": 2764.157, "Actual Total Time": 2892.023, "Actual Rows": 19600, "Actual Loops": 48328, "Index Cond": "(movie_id = t.id)", "Rows Removed by Index Recheck": 0, "Filter": "((note)::text = '(voice: English version)'::text)", "Rows Removed by Filter": 1531710}]}]}, {"Node Type": "Index Scan", "Parent Relationship": "Inner", "Scan Direction": "Forward", "Index Name": "person_id_aka_name", "Relation Name": "aka_name", "Alias": "an1", "Startup Cost": 0.0, "Total Cost": 0.84, "Plan Rows": 1, "Plan Width": 20, "Actual Startup Time": 32.563, "Actual Total Time": 40.837, "Actual Rows": 17379, "Actual Loops": 7438, "Index Cond": "(person_id = ci.person_id)", "Rows Removed by Index Recheck": 0}]}, {"Node Type": "Index Scan", "Parent Relationship": "Inner", "Scan Direction": "Forward", "Index Name": "name_pkey", "Relation Name": "name", "Alias": "n1", "Startup Cost": 0.0, "Total Cost": 0.57, "Plan Rows": 1, "Plan Width": 4, "Actual Startup Time": 67.888, "Actual Total Time": 67.888, "Actual Rows": 62, "Actual Loops": 17379, "Index Cond": "(id = an1.person_id)", "Rows Removed by Index Recheck": 0, "Filter": "(((name)::text ~~ '%Yo%'::text) AND ((name)::text !~~ '%Yu%'::text))", "Rows Removed by Filter": 17317}]}]}, "Triggers": [], "Planner Runtime": 4, "Total Runtime": 3920.691, "Unique SQL Id": 3544391839}}, "(1, 42)": {"explain_plan": {"Plan": {"Node Type": "Aggregate", "Strategy": "Plain", "Startup Cost": 984256.51, "Total Cost": 984256.52, "Plan Rows": 1, "Plan Width": 97, "Plans": [{"Node Type": "Hash Join", "Parent Relationship": "Outer", "Join Type": "Inner", "Startup Cost": 290530.01, "Total Cost": 984253.28, "Plan Rows": 646, "Plan Width": 33, "Inner Unique": true, "Hash Cond": "(ci.movie_id = t.id)", "Plans": [{"Node Type": "Hash Join", "Parent Relationship": "Outer", "Join Type": "Inner", "Startup Cost": 198857.01, "Total Cost": 892571.4, "Plan Rows": 646, "Plan Width": 24, "Inner Unique": false, "Hash Cond": "(ci.movie_id = mc.movie_id)", "Plans": [{"Node Type": "Nested Loop", "Parent Relationship": "Outer", "Join Type": "Inner", "Startup Cost": 137745.48, "Total Cost": 831383.31, "Plan Rows": 1560, "Plan Width": 20, "Inner Unique": false, "Join Filter": "(ci.role_id = rt.id)", "Plans": [{"Node Type": "Seq Scan", "Parent Relationship": "Outer", "Relation Name": "role_type", "Alias": "rt", "Startup Cost": 0.0, "Total Cost": 1.15, "Plan Rows": 1, "Plan Width": 4, "Filter": "((role)::text = 'actress'::text)"}, {"Node Type": "Hash Join", "Parent Relationship": "Inner", "Join Type": "Inner", "Startup Cost": 137745.48, "Total Cost": 831167.65, "Plan Rows": 17161, "Plan Width": 24, "Inner Unique": false, "Hash Cond": "(ci.person_id = an1.person_id)", "Plans": [{"Node Type": "Seq Scan", "Parent Relationship": "Outer", "Relation Name": "cast_info", "Alias": "ci", "Startup Cost": 0.0, "Total Cost": 692526.68, "Plan Rows": 96692, "Plan Width": 12, "Filter": "((note)::text = '(voice: English version)'::text)"}, {"Node Type": "Hash", "Parent Relationship": "Inner", "Startup Cost": 137537.65, "Total Cost": 137537.65, "Plan Rows": 16627, "Plan Width": 24, "Plans": [{"Node Type": "Hash Join", "Parent Relationship": "Outer", "Join Type": "Inner", "Startup Cost": 114082.93, "Total Cost": 137537.65, "Plan Rows": 16627, "Plan Width": 24, "Inner Unique": true, "Hash Cond": "(an1.person_id = n1.id)", "Plans": [{"Node Type": "Seq Scan", "Parent Relationship": "Outer", "Relation Name": "aka_name", "Alias": "an1", "Startup Cost": 0.0, "Total Cost": 19908.42, "Plan Rows": 901342, "Plan Width": 20}, {"Node Type": "Hash", "Parent Relationship": "Inner", "Startup Cost": 113909.35, "Total Cost": 113909.35, "Plan Rows": 13886, "Plan Width": 4, "Plans": [{"Node Type": "Seq Scan", "Parent Relationship": "Outer", "Relation Name": "name", "Alias": "n1", "Startup Cost": 0.0, "Total Cost": 113909.35, "Plan Rows": 13886, "Plan Width": 4, "Filter": "(((name)::text ~~ '%Yo%'::text) AND ((name)::text !~~ '%Yu%'::text))"}]}]}]}]}]}, {"Node Type": "Hash", "Parent Relationship": "Inner", "Startup Cost": 61039.34, "Total Cost": 61039.34, "Plan Rows": 5775, "Plan Width": 4, "Plans": [{"Node Type": "Hash Join", "Parent Relationship": "Outer", "Join Type": "Inner", "Startup Cost": 5982.08, "Total Cost": 61039.34, "Plan Rows": 5775, "Plan Width": 4, "Inner Unique": true, "Hash Cond": "(mc.company_id = cn.id)", "Plans": [{"Node Type": "Seq Scan", "Parent Relationship": "Outer", "Relation Name": "movie_companies", "Alias": "mc", "Startup Cost": 0.0, "Total Cost": 54862.92, "Plan Rows": 36426, "Plan Width": 8, "Filter": "(((note)::text ~~ '%(Japan)%'::text) AND ((note)::text !~~ '%(USA)%'::text))"}, {"Node Type": "Hash", "Parent Relationship": "Inner", "Startup Cost": 5903.45, "Total Cost": 5903.45, "Plan Rows": 6290, "Plan Width": 4, "Plans": [{"Node Type": "Seq Scan", "Parent Relationship": "Outer", "Relation Name": "company_name", "Alias": "cn", "Startup Cost": 0.0, "Total Cost": 5903.45, "Plan Rows": 6290, "Plan Width": 4, "Filter": "((country_code)::text = '[jp]'::text)"}]}]}]}]}, {"Node Type": "Hash", "Parent Relationship": "Inner", "Startup Cost": 60069.11, "Total Cost": 60069.11, "Plan Rows": 2528311, "Plan Width": 21, "Plans": [{"Node Type": "Seq Scan", "Parent Relationship": "Outer", "Relation Name": "title", "Alias": "t", "Startup Cost": 0.0, "Total Cost": 60069.11, "Plan Rows": 2528311, "Plan Width": 21}]}]}]}, "Unique SQL Id": 3544391839, "Planner Runtime": 36}, "explain_analyze_plan": null}, "(1, 43)": {"explain_plan": {"Plan": {"Node Type": "Aggregate", "Strategy": "Plain", "Startup Cost": 7000235540657.29, "Total Cost": 7000235540657.3, "Plan Rows": 1, "Plan Width": 97, "Plans": [{"Node Type": "Nested Loop", "Parent Relationship": "Outer", "Join Type": "Inner", "Startup Cost": 70000000000.0, "Total Cost": 7000235540654.06, "Plan Rows": 646, "Plan Width": 33, "Inner Unique": false, "Join Filter": "(n1.id = an1.person_id)", "Plans": [{"Node Type": "Index Scan", "Parent Relationship": "Outer", "Scan Direction": "Forward", "Index Name": "person_id_aka_name", "Relation Name": "aka_name", "Alias": "an1", "Startup Cost": 10000000000.0, "Total Cost": 1000006896503.43, "Plan Rows": 901342, "Plan Width": 20}, {"Node Type": "Materialize", "Parent Relationship": "Inner", "Startup Cost": 60000000000.0, "Total Cost": 6000221451442.81, "Plan Rows": 532, "Plan Width": 25, "Plans": [{"Node Type": "Nested Loop", "Parent Relationship": "Outer", "Join Type": "Inner", "Startup Cost": 60000000000.0, "Total Cost": 6000221451440.15, "Plan Rows": 532, "Plan Width": 25, "Inner Unique": true, "Join Filter": "(ci.movie_id = t.id)", "Plans": [{"Node Type": "Nested Loop", "Parent Relationship": "Outer", "Join Type": "Inner", "Startup Cost": 50000000000.0, "Total Cost": 5000190257148.67, "Plan Rows": 532, "Plan Width": 16, "Inner Unique": false, "Join Filter": "(ci.person_id = n1.id)", "Plans": [{"Node Type": "Index Scan", "Parent Relationship": "Outer", "Scan Direction": "Forward", "Index Name": "name_pkey", "Relation Name": "name", "Alias": "n1", "Startup Cost": 10000000000.0, "Total Cost": 1000019707019.7, "Plan Rows": 13886, "Plan Width": 4, "Filter": "(((name)::text ~~ '%Yo%'::text) AND ((name)::text !~~ '%Yu%'::text))"}, {"Node Type": "Materialize", "Parent Relationship": "Inner", "Startup Cost": 40000000000.0, "Total Cost": 4000170439320.02, "Plan Rows": 532, "Plan Width": 12, "Plans": [{"Node Type": "Nested Loop", "Parent Relationship": "Outer", "Join Type": "Inner", "Startup Cost": 40000000000.0, "Total Cost": 4000170439317.36, "Plan Rows": 532, "Plan Width": 12, "Inner Unique": true, "Join Filter": "(ci.role_id = rt.id)", "Plans": [{"Node Type": "Nested Loop", "Parent Relationship": "Outer", "Join Type": "Inner", "Startup Cost": 30000000000.0, "Total Cost": 3000170437983.65, "Plan Rows": 5847, "Plan Width": 16, "Inner Unique": false, "Join Filter": "(mc.movie_id = ci.movie_id)", "Plans": [{"Node Type": "Nested Loop", "Parent Relationship": "Outer", "Join Type": "Inner", "Startup Cost": 20000000000.0, "Total Cost": 2000018843457.92, "Plan Rows": 5775, "Plan Width": 4, "Inner Unique": true, "Join Filter": "(cn.id = mc.company_id)", "Plans": [{"Node Type": "Index Scan", "Parent Relationship": "Outer", "Scan Direction": "Forward", "Index Name": "movie_id_movie_companies", "Relation Name": "movie_companies", "Alias": "mc", "Startup Cost": 10000000000.0, "Total Cost": 1000014356510.13, "Plan Rows": 36426, "Plan Width": 8, "Filter": "(((note)::text ~~ '%(Japan)%'::text) AND ((note)::text !~~ '%(USA)%'::text))"}, {"Node Type": "Materialize", "Parent Relationship": "Inner", "Startup Cost": 10000000000.0, "Total Cost": 1000001050170.42, "Plan Rows": 6290, "Plan Width": 4, "Plans": [{"Node Type": "Index Scan", "Parent Relationship": "Outer", "Scan Direction": "Forward", "Index Name": "company_name_pkey", "Relation Name": "company_name", "Alias": "cn", "Startup Cost": 10000000000.0, "Total Cost": 1000001050138.97, "Plan Rows": 6290, "Plan Width": 4, "Filter": "((country_code)::text = '[jp]'::text)"}]}]}, {"Node Type": "Materialize", "Parent Relationship": "Inner", "Startup Cost": 10000000000.0, "Total Cost": 1000143218822.96, "Plan Rows": 96692, "Plan Width": 12, "Plans": [{"Node Type": "Index Scan", "Parent Relationship": "Outer", "Scan Direction": "Forward", "Index Name": "role_id_cast_info", "Relation Name": "cast_info", "Alias": "ci", "Startup Cost": 10000000000.0, "Total Cost": 1000143218339.5, "Plan Rows": 96692, "Plan Width": 12, "Filter": "((note)::text = '(voice: English version)'::text)"}]}]}, {"Node Type": "Materialize", "Parent Relationship": "Inner", "Startup Cost": 10000000000.0, "Total Cost": 1000000001246.0, "Plan Rows": 1, "Plan Width": 4, "Plans": [{"Node Type": "Index Scan", "Parent Relationship": "Outer", "Scan Direction": "Forward", "Index Name": "role_type_pkey", "Relation Name": "role_type", "Alias": "rt", "Startup Cost": 10000000000.0, "Total Cost": 1000000001246.0, "Plan Rows": 1, "Plan Width": 4, "Filter": "((role)::text = 'actress'::text)"}]}]}]}]}, {"Node Type": "Materialize", "Parent Relationship": "Inner", "Startup Cost": 10000000000.0, "Total Cost": 1000011024690.47, "Plan Rows": 2528311, "Plan Width": 21, "Plans": [{"Node Type": "Index Scan", "Parent Relationship": "Outer", "Scan Direction": "Forward", "Index Name": "title_pkey", "Relation Name": "title", "Alias": "t", "Startup Cost": 10000000000.0, "Total Cost": 1000011012048.91, "Plan Rows": 2528311, "Plan Width": 21}]}]}]}]}]}, "Unique SQL Id": 3544391839, "Planner Runtime": 17}, "explain_analyze_plan": null}, "(1, 44)": {"explain_plan": {"Plan": {"Node Type": "Aggregate", "Strategy": "Plain", "Startup Cost": 90333.08, "Total Cost": 90333.09, "Plan Rows": 1, "Plan Width": 97, "Plans": [{"Node Type": "Nested Loop", "Parent Relationship": "Outer", "Join Type": "Inner", "Startup Cost": 5982.08, "Total Cost": 90333.02, "Plan Rows": 12, "Plan Width": 33, "Inner Unique": true, "Plans": [{"Node Type": "Nested Loop", "Parent Relationship": "Outer", "Join Type": "Inner", "Startup Cost": 5982.08, "Total Cost": 89957.48, "Plan Rows": 645, "Plan Width": 41, "Inner Unique": false, "Plans": [{"Node Type": "Nested Loop", "Parent Relationship": "Outer", "Join Type": "Inner", "Startup Cost": 5982.08, "Total Cost": 89503.27, "Plan Rows": 532, "Plan Width": 21, "Inner Unique": false, "Join Filter": "(ci.role_id = rt.id)", "Plans": [{"Node Type": "Seq Scan", "Parent Relationship": "Outer", "Relation Name": "role_type", "Alias": "rt", "Startup Cost": 0.0, "Total Cost": 1.15, "Plan Rows": 1, "Plan Width": 4, "Filter": "((role)::text = 'actress'::text)"}, {"Node Type": "Nested Loop", "Parent Relationship": "Inner", "Join Type": "Inner", "Startup Cost": 5982.08, "Total Cost": 89429.03, "Plan Rows": 5847, "Plan Width": 25, "Inner Unique": false, "Plans": [{"Node Type": "Nested Loop", "Parent Relationship": "Outer", "Join Type": "Inner", "Startup Cost": 5982.08, "Total Cost": 83686.44, "Plan Rows": 5775, "Plan Width": 25, "Inner Unique": true, "Plans": [{"Node Type": "Hash Join", "Parent Relationship": "Outer", "Join Type": "Inner", "Startup Cost": 5982.08, "Total Cost": 61039.34, "Plan Rows": 5775, "Plan Width": 4, "Inner Unique": true, "Hash Cond": "(mc.company_id = cn.id)", "Plans": [{"Node Type": "Seq Scan", "Parent Relationship": "Outer", "Relation Name": "movie_companies", "Alias": "mc", "Startup Cost": 0.0, "Total Cost": 54862.92, "Plan Rows": 36426, "Plan Width": 8, "Filter": "(((note)::text ~~ '%(Japan)%'::text) AND ((note)::text !~~ '%(USA)%'::text))"}, {"Node Type": "Hash", "Parent Relationship": "Inner", "Startup Cost": 5903.45, "Total Cost": 5903.45, "Plan Rows": 6290, "Plan Width": 4, "Plans": [{"Node Type": "Seq Scan", "Parent Relationship": "Outer", "Relation Name": "company_name", "Alias": "cn", "Startup Cost": 0.0, "Total Cost": 5903.45, "Plan Rows": 6290, "Plan Width": 4, "Filter": "((country_code)::text = '[jp]'::text)"}]}]}, {"Node Type": "Index Scan", "Parent Relationship": "Inner", "Scan Direction": "Forward", "Index Name": "title_pkey", "Relation Name": "title", "Alias": "t", "Startup Cost": 0.0, "Total Cost": 3.91, "Plan Rows": 1, "Plan Width": 21, "Index Cond": "(id = mc.movie_id)"}]}, {"Node Type": "Index Scan", "Parent Relationship": "Inner", "Scan Direction": "Forward", "Index Name": "movie_id_cast_info", "Relation Name": "cast_info", "Alias": "ci", "Startup Cost": 0.0, "Total Cost": 0.98, "Plan Rows": 1, "Plan Width": 12, "Index Cond": "(movie_id = t.id)", "Filter": "((note)::text = '(voice: English version)'::text)"}]}]}, {"Node Type": "Index Scan", "Parent Relationship": "Inner", "Scan Direction": "Forward", "Index Name": "person_id_aka_name", "Relation Name": "aka_name", "Alias": "an1", "Startup Cost": 0.0, "Total Cost": 0.84, "Plan Rows": 1, "Plan Width": 20, "Index Cond": "(person_id = ci.person_id)"}]}, {"Node Type": "Index Scan", "Parent Relationship": "Inner", "Scan Direction": "Forward", "Index Name": "name_pkey", "Relation Name": "name", "Alias": "n1", "Startup Cost": 0.0, "Total Cost": 0.57, "Plan Rows": 1, "Plan Width": 4, "Index Cond": "(id = an1.person_id)", "Filter": "(((name)::text ~~ '%Yo%'::text) AND ((name)::text !~~ '%Yu%'::text))"}]}]}, "Unique SQL Id": 3544391839, "Planner Runtime": 10}, "explain_analyze_plan": {"Plan": {"Node Type": "Aggregate", "Strategy": "Plain", "Startup Cost": 90333.08, "Total Cost": 90333.09, "Plan Rows": 1, "Plan Width": 97, "Actual Startup Time": 4297.411, "Actual Total Time": 4297.412, "Actual Rows": 1, "Actual Loops": 1, "Plans": [{"Node Type": "Nested Loop", "Parent Relationship": "Outer", "Join Type": "Inner", "Startup Cost": 5982.08, "Total Cost": 90333.02, "Plan Rows": 12, "Plan Width": 33, "Actual Startup Time": 342.768, "Actual Total Time": 4297.189, "Actual Rows": 62, "Actual Loops": 1, "Inner Unique": true, "Plans": [{"Node Type": "Nested Loop", "Parent Relationship": "Outer", "Join Type": "Inner", "Startup Cost": 5982.08, "Total Cost": 89957.48, "Plan Rows": 645, "Plan Width": 41, "Actual Startup Time": 83.088, "Actual Total Time": 4222.707, "Actual Rows": 17379, "Actual Loops": 1, "Inner Unique": false, "Plans": [{"Node Type": "Nested Loop", "Parent Relationship": "Outer", "Join Type": "Inner", "Startup Cost": 5982.08, "Total Cost": 89503.27, "Plan Rows": 532, "Plan Width": 21, "Actual Startup Time": 83.075, "Actual Total Time": 4174.146, "Actual Rows": 7438, "Actual Loops": 1, "Inner Unique": false, "Join Filter": "(ci.role_id = rt.id)", "Rows Removed by Join Filter": 12162, "Plans": [{"Node Type": "Seq Scan", "Parent Relationship": "Outer", "Relation Name": "role_type", "Alias": "rt", "Startup Cost": 0.0, "Total Cost": 1.15, "Plan Rows": 1, "Plan Width": 4, "Actual Startup Time": 0.026, "Actual Total Time": 0.032, "Actual Rows": 1, "Actual Loops": 1, "Filter": "((role)::text = 'actress'::text)", "Rows Removed by Filter": 11}, {"Node Type": "Nested Loop", "Parent Relationship": "Inner", "Join Type": "Inner", "Startup Cost": 5982.08, "Total Cost": 89429.03, "Plan Rows": 5847, "Plan Width": 25, "Actual Startup Time": 83.04, "Actual Total Time": 4168.684, "Actual Rows": 19600, "Actual Loops": 1, "Inner Unique": false, "Plans": [{"Node Type": "Nested Loop", "Parent Relationship": "Outer", "Join Type": "Inner", "Startup Cost": 5982.08, "Total Cost": 83686.44, "Plan Rows": 5775, "Plan Width": 25, "Actual Startup Time": 82.926, "Actual Total Time": 1321.861, "Actual Rows": 48328, "Actual Loops": 1, "Inner Unique": true, "Plans": [{"Node Type": "Hash Join", "Parent Relationship": "Outer", "Join Type": "Inner", "Startup Cost": 5982.08, "Total Cost": 61039.34, "Plan Rows": 5775, "Plan Width": 4, "Actual Startup Time": 82.881, "Actual Total Time": 1073.651, "Actual Rows": 48328, "Actual Loops": 1, "Inner Unique": true, "Hash Cond": "(mc.company_id = cn.id)", "Plans": [{"Node Type": "Seq Scan", "Parent Relationship": "Outer", "Relation Name": "movie_companies", "Alias": "mc", "Startup Cost": 0.0, "Total Cost": 54862.92, "Plan Rows": 36426, "Plan Width": 8, "Actual Startup Time": 0.225, "Actual Total Time": 956.003, "Actual Rows": 48897, "Actual Loops": 1, "Filter": "(((note)::text ~~ '%(Japan)%'::text) AND ((note)::text !~~ '%(USA)%'::text))", "Rows Removed by Filter": 2560231}, {"Node Type": "Hash", "Parent Relationship": "Inner", "Startup Cost": 5903.45, "Total Cost": 5903.45, "Plan Rows": 6290, "Plan Width": 4, "Actual Startup Time": 82.591, "Actual Total Time": 82.591, "Actual Rows": 6752, "Actual Loops": 1, "Hash Buckets": 32768, "Hash Batches": 1, "Original Hash Batches": 1, "Peak Memory Usage": 238, "Plans": [{"Node Type": "Seq Scan", "Parent Relationship": "Outer", "Relation Name": "company_name", "Alias": "cn", "Startup Cost": 0.0, "Total Cost": 5903.45, "Plan Rows": 6290, "Plan Width": 4, "Actual Startup Time": 0.026, "Actual Total Time": 80.548, "Actual Rows": 6752, "Actual Loops": 1, "Filter": "((country_code)::text = '[jp]'::text)", "Rows Removed by Filter": 228244}]}]}, {"Node Type": "Index Scan", "Parent Relationship": "Inner", "Scan Direction": "Forward", "Index Name": "title_pkey", "Relation Name": "title", "Alias": "t", "Startup Cost": 0.0, "Total Cost": 3.91, "Plan Rows": 1, "Plan Width": 21, "Actual Startup Time": 207.245, "Actual Total Time": 207.245, "Actual Rows": 48328, "Actual Loops": 48328, "Index Cond": "(id = mc.movie_id)", "Rows Removed by Index Recheck": 0}]}, {"Node Type": "Index Scan", "Parent Relationship": "Inner", "Scan Direction": "Forward", "Index Name": "movie_id_cast_info", "Relation Name": "cast_info", "Alias": "ci", "Startup Cost": 0.0, "Total Cost": 0.98, "Plan Rows": 1, "Plan Width": 12, "Actual Startup Time": 2689.948, "Actual Total Time": 2816.658, "Actual Rows": 19600, "Actual Loops": 48328, "Index Cond": "(movie_id = t.id)", "Rows Removed by Index Recheck": 0, "Filter": "((note)::text = '(voice: English version)'::text)", "Rows Removed by Filter": 1531710}]}]}, {"Node Type": "Index Scan", "Parent Relationship": "Inner", "Scan Direction": "Forward", "Index Name": "person_id_aka_name", "Relation Name": "aka_name", "Alias": "an1", "Startup Cost": 0.0, "Total Cost": 0.84, "Plan Rows": 1, "Plan Width": 20, "Actual Startup Time": 31.701, "Actual Total Time": 39.825, "Actual Rows": 17379, "Actual Loops": 7438, "Index Cond": "(person_id = ci.person_id)", "Rows Removed by Index Recheck": 0}]}, {"Node Type": "Index Scan", "Parent Relationship": "Inner", "Scan Direction": "Forward", "Index Name": "name_pkey", "Relation Name": "name", "Alias": "n1", "Startup Cost": 0.0, "Total Cost": 0.57, "Plan Rows": 1, "Plan Width": 4, "Actual Startup Time": 65.738, "Actual Total Time": 65.738, "Actual Rows": 62, "Actual Loops": 17379, "Index Cond": "(id = an1.person_id)", "Rows Removed by Index Recheck": 0, "Filter": "(((name)::text ~~ '%Yo%'::text) AND ((name)::text !~~ '%Yu%'::text))", "Rows Removed by Filter": 17317}]}]}, "Triggers": [], "Planner Runtime": 10, "Total Runtime": 4297.765, "Unique SQL Id": 3544391839}}, "(1, 45)": {"explain_plan": {"Plan": {"Node Type": "Aggregate", "Strategy": "Plain", "Startup Cost": 110824.82, "Total Cost": 110824.83, "Plan Rows": 1, "Plan Width": 97, "Plans": [{"Node Type": "Nested Loop", "Parent Relationship": "Outer", "Join Type": "Inner", "Startup Cost": 0.0, "Total Cost": 110824.76, "Plan Rows": 12, "Plan Width": 33, "Inner Unique": true, "Plans": [{"Node Type": "Nested Loop", "Parent Relationship": "Outer", "Join Type": "Inner", "Startup Cost": 0.0, "Total Cost": 110449.22, "Plan Rows": 645, "Plan Width": 41, "Inner Unique": false, "Plans": [{"Node Type": "Nested Loop", "Parent Relationship": "Outer", "Join Type": "Inner", "Startup Cost": 0.0, "Total Cost": 109995.01, "Plan Rows": 532, "Plan Width": 21, "Inner Unique": false, "Join Filter": "(ci.role_id = rt.id)", "Plans": [{"Node Type": "Index Scan", "Parent Relationship": "Outer", "Scan Direction": "Forward", "Index Name": "role_type_pkey", "Relation Name": "role_type", "Alias": "rt", "Startup Cost": 0.0, "Total Cost": 12.46, "Plan Rows": 1, "Plan Width": 4, "Filter": "((role)::text = 'actress'::text)"}, {"Node Type": "Nested Loop", "Parent Relationship": "Inner", "Join Type": "Inner", "Startup Cost": 0.0, "Total Cost": 109909.47, "Plan Rows": 5847, "Plan Width": 25, "Inner Unique": false, "Plans": [{"Node Type": "Nested Loop", "Parent Relationship": "Outer", "Join Type": "Inner", "Startup Cost": 0.0, "Total Cost": 104166.87, "Plan Rows": 5775, "Plan Width": 25, "Inner Unique": true, "Plans": [{"Node Type": "Nested Loop", "Parent Relationship": "Outer", "Join Type": "Inner", "Startup Cost": 0.0, "Total Cost": 81519.78, "Plan Rows": 5775, "Plan Width": 4, "Inner Unique": false, "Plans": [{"Node Type": "Index Scan", "Parent Relationship": "Outer", "Scan Direction": "Forward", "Index Name": "company_name_pkey", "Relation Name": "company_name", "Alias": "cn", "Startup Cost": 0.0, "Total Cost": 10501.39, "Plan Rows": 6290, "Plan Width": 4, "Filter": "((country_code)::text = '[jp]'::text)"}, {"Node Type": "Index Scan", "Parent Relationship": "Inner", "Scan Direction": "Forward", "Index Name": "company_id_movie_companies", "Relation Name": "movie_companies", "Alias": "mc", "Startup Cost": 0.0, "Total Cost": 11.28, "Plan Rows": 1, "Plan Width": 8, "Index Cond": "(company_id = cn.id)", "Filter": "(((note)::text ~~ '%(Japan)%'::text) AND ((note)::text !~~ '%(USA)%'::text))"}]}, {"Node Type": "Index Scan", "Parent Relationship": "Inner", "Scan Direction": "Forward", "Index Name": "title_pkey", "Relation Name": "title", "Alias": "t", "Startup Cost": 0.0, "Total Cost": 3.91, "Plan Rows": 1, "Plan Width": 21, "Index Cond": "(id = mc.movie_id)"}]}, {"Node Type": "Index Scan", "Parent Relationship": "Inner", "Scan Direction": "Forward", "Index Name": "movie_id_cast_info", "Relation Name": "cast_info", "Alias": "ci", "Startup Cost": 0.0, "Total Cost": 0.98, "Plan Rows": 1, "Plan Width": 12, "Index Cond": "(movie_id = t.id)", "Filter": "((note)::text = '(voice: English version)'::text)"}]}]}, {"Node Type": "Index Scan", "Parent Relationship": "Inner", "Scan Direction": "Forward", "Index Name": "person_id_aka_name", "Relation Name": "aka_name", "Alias": "an1", "Startup Cost": 0.0, "Total Cost": 0.84, "Plan Rows": 1, "Plan Width": 20, "Index Cond": "(person_id = ci.person_id)"}]}, {"Node Type": "Index Scan", "Parent Relationship": "Inner", "Scan Direction": "Forward", "Index Name": "name_pkey", "Relation Name": "name", "Alias": "n1", "Startup Cost": 0.0, "Total Cost": 0.57, "Plan Rows": 1, "Plan Width": 4, "Index Cond": "(id = an1.person_id)", "Filter": "(((name)::text ~~ '%Yo%'::text) AND ((name)::text !~~ '%Yu%'::text))"}]}]}, "Unique SQL Id": 3544391839, "Planner Runtime": 7}, "explain_analyze_plan": {"Plan": {"Node Type": "Aggregate", "Strategy": "Plain", "Startup Cost": 110824.82, "Total Cost": 110824.83, "Plan Rows": 1, "Plan Width": 97, "Actual Startup Time": 3920.32, "Actual Total Time": 3920.321, "Actual Rows": 1, "Actual Loops": 1, "Plans": [{"Node Type": "Nested Loop", "Parent Relationship": "Outer", "Join Type": "Inner", "Startup Cost": 0.0, "Total Cost": 110824.76, "Plan Rows": 12, "Plan Width": 33, "Actual Startup Time": 4.241, "Actual Total Time": 3919.925, "Actual Rows": 62, "Actual Loops": 1, "Inner Unique": true, "Plans": [{"Node Type": "Nested Loop", "Parent Relationship": "Outer", "Join Type": "Inner", "Startup Cost": 0.0, "Total Cost": 110449.22, "Plan Rows": 645, "Plan Width": 41, "Actual Startup Time": 0.311, "Actual Total Time": 3843.189, "Actual Rows": 17379, "Actual Loops": 1, "Inner Unique": false, "Plans": [{"Node Type": "Nested Loop", "Parent Relationship": "Outer", "Join Type": "Inner", "Startup Cost": 0.0, "Total Cost": 109995.01, "Plan Rows": 532, "Plan Width": 21, "Actual Startup Time": 0.3, "Actual Total Time": 3793.45, "Actual Rows": 7438, "Actual Loops": 1, "Inner Unique": false, "Join Filter": "(ci.role_id = rt.id)", "Rows Removed by Join Filter": 12162, "Plans": [{"Node Type": "Index Scan", "Parent Relationship": "Outer", "Scan Direction": "Forward", "Index Name": "role_type_pkey", "Relation Name": "role_type", "Alias": "rt", "Startup Cost": 0.0, "Total Cost": 12.46, "Plan Rows": 1, "Plan Width": 4, "Actual Startup Time": 0.036, "Actual Total Time": 0.051, "Actual Rows": 1, "Actual Loops": 1, "Filter": "((role)::text = 'actress'::text)", "Rows Removed by Filter": 11}, {"Node Type": "Nested Loop", "Parent Relationship": "Inner", "Join Type": "Inner", "Startup Cost": 0.0, "Total Cost": 109909.47, "Plan Rows": 5847, "Plan Width": 25, "Actual Startup Time": 0.26, "Actual Total Time": 3788.159, "Actual Rows": 19600, "Actual Loops": 1, "Inner Unique": false, "Plans": [{"Node Type": "Nested Loop", "Parent Relationship": "Outer", "Join Type": "Inner", "Startup Cost": 0.0, "Total Cost": 104166.87, "Plan Rows": 5775, "Plan Width": 25, "Actual Startup Time": 0.203, "Actual Total Time": 865.143, "Actual Rows": 48328, "Actual Loops": 1, "Inner Unique": true, "Plans": [{"Node Type": "Nested Loop", "Parent Relationship": "Outer", "Join Type": "Inner", "Startup Cost": 0.0, "Total Cost": 81519.78, "Plan Rows": 5775, "Plan Width": 4, "Actual Startup Time": 0.192, "Actual Total Time": 560.178, "Actual Rows": 48328, "Actual Loops": 1, "Inner Unique": false, "Plans": [{"Node Type": "Index Scan", "Parent Relationship": "Outer", "Scan Direction": "Forward", "Index Name": "company_name_pkey", "Relation Name": "company_name", "Alias": "cn", "Startup Cost": 0.0, "Total Cost": 10501.39, "Plan Rows": 6290, "Plan Width": 4, "Actual Startup Time": 0.158, "Actual Total Time": 329.41, "Actual Rows": 6752, "Actual Loops": 1, "Filter": "((country_code)::text = '[jp]'::text)", "Rows Removed by Filter": 228244}, {"Node Type": "Index Scan", "Parent Relationship": "Inner", "Scan Direction": "Forward", "Index Name": "company_id_movie_companies", "Relation Name": "movie_companies", "Alias": "mc", "Startup Cost": 0.0, "Total Cost": 11.28, "Plan Rows": 1, "Plan Width": 8, "Actual Startup Time": 59.855, "Actual Total Time": 214.607, "Actual Rows": 48328, "Actual Loops": 6752, "Index Cond": "(company_id = cn.id)", "Rows Removed by Index Recheck": 0, "Filter": "(((note)::text ~~ '%(Japan)%'::text) AND ((note)::text !~~ '%(USA)%'::text))", "Rows Removed by Filter": 56667}]}, {"Node Type": "Index Scan", "Parent Relationship": "Inner", "Scan Direction": "Forward", "Index Name": "title_pkey", "Relation Name": "title", "Alias": "t", "Startup Cost": 0.0, "Total Cost": 3.91, "Plan Rows": 1, "Plan Width": 21, "Actual Startup Time": 262.05, "Actual Total Time": 262.05, "Actual Rows": 48328, "Actual Loops": 48328, "Index Cond": "(id = mc.movie_id)", "Rows Removed by Index Recheck": 0}]}, {"Node Type": "Index Scan", "Parent Relationship": "Inner", "Scan Direction": "Forward", "Index Name": "movie_id_cast_info", "Relation Name": "cast_info", "Alias": "ci", "Startup Cost": 0.0, "Total Cost": 0.98, "Plan Rows": 1, "Plan Width": 12, "Actual Startup Time": 2764.157, "Actual Total Time": 2892.023, "Actual Rows": 19600, "Actual Loops": 48328, "Index Cond": "(movie_id = t.id)", "Rows Removed by Index Recheck": 0, "Filter": "((note)::text = '(voice: English version)'::text)", "Rows Removed by Filter": 1531710}]}]}, {"Node Type": "Index Scan", "Parent Relationship": "Inner", "Scan Direction": "Forward", "Index Name": "person_id_aka_name", "Relation Name": "aka_name", "Alias": "an1", "Startup Cost": 0.0, "Total Cost": 0.84, "Plan Rows": 1, "Plan Width": 20, "Actual Startup Time": 32.563, "Actual Total Time": 40.837, "Actual Rows": 17379, "Actual Loops": 7438, "Index Cond": "(person_id = ci.person_id)", "Rows Removed by Index Recheck": 0}]}, {"Node Type": "Index Scan", "Parent Relationship": "Inner", "Scan Direction": "Forward", "Index Name": "name_pkey", "Relation Name": "name", "Alias": "n1", "Startup Cost": 0.0, "Total Cost": 0.57, "Plan Rows": 1, "Plan Width": 4, "Actual Startup Time": 67.888, "Actual Total Time": 67.888, "Actual Rows": 62, "Actual Loops": 17379, "Index Cond": "(id = an1.person_id)", "Rows Removed by Index Recheck": 0, "Filter": "(((name)::text ~~ '%Yo%'::text) AND ((name)::text !~~ '%Yu%'::text))", "Rows Removed by Filter": 17317}]}]}, "Triggers": [], "Planner Runtime": 4, "Total Runtime": 3920.691, "Unique SQL Id": 3544391839}}, "(1, 46)": {"explain_plan": {"Plan": {"Node Type": "Aggregate", "Strategy": "Plain", "Startup Cost": 984256.51, "Total Cost": 984256.52, "Plan Rows": 1, "Plan Width": 97, "Plans": [{"Node Type": "Hash Join", "Parent Relationship": "Outer", "Join Type": "Inner", "Startup Cost": 290530.01, "Total Cost": 984253.28, "Plan Rows": 646, "Plan Width": 33, "Inner Unique": true, "Hash Cond": "(ci.movie_id = t.id)", "Plans": [{"Node Type": "Hash Join", "Parent Relationship": "Outer", "Join Type": "Inner", "Startup Cost": 198857.01, "Total Cost": 892571.4, "Plan Rows": 646, "Plan Width": 24, "Inner Unique": false, "Hash Cond": "(ci.movie_id = mc.movie_id)", "Plans": [{"Node Type": "Nested Loop", "Parent Relationship": "Outer", "Join Type": "Inner", "Startup Cost": 137745.48, "Total Cost": 831383.31, "Plan Rows": 1560, "Plan Width": 20, "Inner Unique": false, "Join Filter": "(ci.role_id = rt.id)", "Plans": [{"Node Type": "Seq Scan", "Parent Relationship": "Outer", "Relation Name": "role_type", "Alias": "rt", "Startup Cost": 0.0, "Total Cost": 1.15, "Plan Rows": 1, "Plan Width": 4, "Filter": "((role)::text = 'actress'::text)"}, {"Node Type": "Hash Join", "Parent Relationship": "Inner", "Join Type": "Inner", "Startup Cost": 137745.48, "Total Cost": 831167.65, "Plan Rows": 17161, "Plan Width": 24, "Inner Unique": false, "Hash Cond": "(ci.person_id = an1.person_id)", "Plans": [{"Node Type": "Seq Scan", "Parent Relationship": "Outer", "Relation Name": "cast_info", "Alias": "ci", "Startup Cost": 0.0, "Total Cost": 692526.68, "Plan Rows": 96692, "Plan Width": 12, "Filter": "((note)::text = '(voice: English version)'::text)"}, {"Node Type": "Hash", "Parent Relationship": "Inner", "Startup Cost": 137537.65, "Total Cost": 137537.65, "Plan Rows": 16627, "Plan Width": 24, "Plans": [{"Node Type": "Hash Join", "Parent Relationship": "Outer", "Join Type": "Inner", "Startup Cost": 114082.93, "Total Cost": 137537.65, "Plan Rows": 16627, "Plan Width": 24, "Inner Unique": true, "Hash Cond": "(an1.person_id = n1.id)", "Plans": [{"Node Type": "Seq Scan", "Parent Relationship": "Outer", "Relation Name": "aka_name", "Alias": "an1", "Startup Cost": 0.0, "Total Cost": 19908.42, "Plan Rows": 901342, "Plan Width": 20}, {"Node Type": "Hash", "Parent Relationship": "Inner", "Startup Cost": 113909.35, "Total Cost": 113909.35, "Plan Rows": 13886, "Plan Width": 4, "Plans": [{"Node Type": "Seq Scan", "Parent Relationship": "Outer", "Relation Name": "name", "Alias": "n1", "Startup Cost": 0.0, "Total Cost": 113909.35, "Plan Rows": 13886, "Plan Width": 4, "Filter": "(((name)::text ~~ '%Yo%'::text) AND ((name)::text !~~ '%Yu%'::text))"}]}]}]}]}]}, {"Node Type": "Hash", "Parent Relationship": "Inner", "Startup Cost": 61039.34, "Total Cost": 61039.34, "Plan Rows": 5775, "Plan Width": 4, "Plans": [{"Node Type": "Hash Join", "Parent Relationship": "Outer", "Join Type": "Inner", "Startup Cost": 5982.08, "Total Cost": 61039.34, "Plan Rows": 5775, "Plan Width": 4, "Inner Unique": true, "Hash Cond": "(mc.company_id = cn.id)", "Plans": [{"Node Type": "Seq Scan", "Parent Relationship": "Outer", "Relation Name": "movie_companies", "Alias": "mc", "Startup Cost": 0.0, "Total Cost": 54862.92, "Plan Rows": 36426, "Plan Width": 8, "Filter": "(((note)::text ~~ '%(Japan)%'::text) AND ((note)::text !~~ '%(USA)%'::text))"}, {"Node Type": "Hash", "Parent Relationship": "Inner", "Startup Cost": 5903.45, "Total Cost": 5903.45, "Plan Rows": 6290, "Plan Width": 4, "Plans": [{"Node Type": "Seq Scan", "Parent Relationship": "Outer", "Relation Name": "company_name", "Alias": "cn", "Startup Cost": 0.0, "Total Cost": 5903.45, "Plan Rows": 6290, "Plan Width": 4, "Filter": "((country_code)::text = '[jp]'::text)"}]}]}]}]}, {"Node Type": "Hash", "Parent Relationship": "Inner", "Startup Cost": 60069.11, "Total Cost": 60069.11, "Plan Rows": 2528311, "Plan Width": 21, "Plans": [{"Node Type": "Seq Scan", "Parent Relationship": "Outer", "Relation Name": "title", "Alias": "t", "Startup Cost": 0.0, "Total Cost": 60069.11, "Plan Rows": 2528311, "Plan Width": 21}]}]}]}, "Unique SQL Id": 3544391839, "Planner Runtime": 36}, "explain_analyze_plan": null}, "(1, 47)": {"explain_plan": {"Plan": {"Node Type": "Aggregate", "Strategy": "Plain", "Startup Cost": 7000235540657.29, "Total Cost": 7000235540657.3, "Plan Rows": 1, "Plan Width": 97, "Plans": [{"Node Type": "Nested Loop", "Parent Relationship": "Outer", "Join Type": "Inner", "Startup Cost": 70000000000.0, "Total Cost": 7000235540654.06, "Plan Rows": 646, "Plan Width": 33, "Inner Unique": false, "Join Filter": "(n1.id = an1.person_id)", "Plans": [{"Node Type": "Index Scan", "Parent Relationship": "Outer", "Scan Direction": "Forward", "Index Name": "person_id_aka_name", "Relation Name": "aka_name", "Alias": "an1", "Startup Cost": 10000000000.0, "Total Cost": 1000006896503.43, "Plan Rows": 901342, "Plan Width": 20}, {"Node Type": "Materialize", "Parent Relationship": "Inner", "Startup Cost": 60000000000.0, "Total Cost": 6000221451442.81, "Plan Rows": 532, "Plan Width": 25, "Plans": [{"Node Type": "Nested Loop", "Parent Relationship": "Outer", "Join Type": "Inner", "Startup Cost": 60000000000.0, "Total Cost": 6000221451440.15, "Plan Rows": 532, "Plan Width": 25, "Inner Unique": true, "Join Filter": "(ci.movie_id = t.id)", "Plans": [{"Node Type": "Nested Loop", "Parent Relationship": "Outer", "Join Type": "Inner", "Startup Cost": 50000000000.0, "Total Cost": 5000190257148.67, "Plan Rows": 532, "Plan Width": 16, "Inner Unique": false, "Join Filter": "(ci.person_id = n1.id)", "Plans": [{"Node Type": "Index Scan", "Parent Relationship": "Outer", "Scan Direction": "Forward", "Index Name": "name_pkey", "Relation Name": "name", "Alias": "n1", "Startup Cost": 10000000000.0, "Total Cost": 1000019707019.7, "Plan Rows": 13886, "Plan Width": 4, "Filter": "(((name)::text ~~ '%Yo%'::text) AND ((name)::text !~~ '%Yu%'::text))"}, {"Node Type": "Materialize", "Parent Relationship": "Inner", "Startup Cost": 40000000000.0, "Total Cost": 4000170439320.02, "Plan Rows": 532, "Plan Width": 12, "Plans": [{"Node Type": "Nested Loop", "Parent Relationship": "Outer", "Join Type": "Inner", "Startup Cost": 40000000000.0, "Total Cost": 4000170439317.36, "Plan Rows": 532, "Plan Width": 12, "Inner Unique": true, "Join Filter": "(ci.role_id = rt.id)", "Plans": [{"Node Type": "Nested Loop", "Parent Relationship": "Outer", "Join Type": "Inner", "Startup Cost": 30000000000.0, "Total Cost": 3000170437983.65, "Plan Rows": 5847, "Plan Width": 16, "Inner Unique": false, "Join Filter": "(mc.movie_id = ci.movie_id)", "Plans": [{"Node Type": "Nested Loop", "Parent Relationship": "Outer", "Join Type": "Inner", "Startup Cost": 20000000000.0, "Total Cost": 2000018843457.92, "Plan Rows": 5775, "Plan Width": 4, "Inner Unique": true, "Join Filter": "(cn.id = mc.company_id)", "Plans": [{"Node Type": "Index Scan", "Parent Relationship": "Outer", "Scan Direction": "Forward", "Index Name": "movie_id_movie_companies", "Relation Name": "movie_companies", "Alias": "mc", "Startup Cost": 10000000000.0, "Total Cost": 1000014356510.13, "Plan Rows": 36426, "Plan Width": 8, "Filter": "(((note)::text ~~ '%(Japan)%'::text) AND ((note)::text !~~ '%(USA)%'::text))"}, {"Node Type": "Materialize", "Parent Relationship": "Inner", "Startup Cost": 10000000000.0, "Total Cost": 1000001050170.42, "Plan Rows": 6290, "Plan Width": 4, "Plans": [{"Node Type": "Index Scan", "Parent Relationship": "Outer", "Scan Direction": "Forward", "Index Name": "company_name_pkey", "Relation Name": "company_name", "Alias": "cn", "Startup Cost": 10000000000.0, "Total Cost": 1000001050138.97, "Plan Rows": 6290, "Plan Width": 4, "Filter": "((country_code)::text = '[jp]'::text)"}]}]}, {"Node Type": "Materialize", "Parent Relationship": "Inner", "Startup Cost": 10000000000.0, "Total Cost": 1000143218822.96, "Plan Rows": 96692, "Plan Width": 12, "Plans": [{"Node Type": "Index Scan", "Parent Relationship": "Outer", "Scan Direction": "Forward", "Index Name": "role_id_cast_info", "Relation Name": "cast_info", "Alias": "ci", "Startup Cost": 10000000000.0, "Total Cost": 1000143218339.5, "Plan Rows": 96692, "Plan Width": 12, "Filter": "((note)::text = '(voice: English version)'::text)"}]}]}, {"Node Type": "Materialize", "Parent Relationship": "Inner", "Startup Cost": 10000000000.0, "Total Cost": 1000000001246.0, "Plan Rows": 1, "Plan Width": 4, "Plans": [{"Node Type": "Index Scan", "Parent Relationship": "Outer", "Scan Direction": "Forward", "Index Name": "role_type_pkey", "Relation Name": "role_type", "Alias": "rt", "Startup Cost": 10000000000.0, "Total Cost": 1000000001246.0, "Plan Rows": 1, "Plan Width": 4, "Filter": "((role)::text = 'actress'::text)"}]}]}]}]}, {"Node Type": "Materialize", "Parent Relationship": "Inner", "Startup Cost": 10000000000.0, "Total Cost": 1000011024690.47, "Plan Rows": 2528311, "Plan Width": 21, "Plans": [{"Node Type": "Index Scan", "Parent Relationship": "Outer", "Scan Direction": "Forward", "Index Name": "title_pkey", "Relation Name": "title", "Alias": "t", "Startup Cost": 10000000000.0, "Total Cost": 1000011012048.91, "Plan Rows": 2528311, "Plan Width": 21}]}]}]}]}]}, "Unique SQL Id": 3544391839, "Planner Runtime": 17}, "explain_analyze_plan": null}, "(1, 48)": {"explain_plan": {"Plan": {"Node Type": "Aggregate", "Strategy": "Plain", "Startup Cost": 106215.57, "Total Cost": 106215.58, "Plan Rows": 1, "Plan Width": 97, "Plans": [{"Node Type": "Nested Loop", "Parent Relationship": "Outer", "Join Type": "Inner", "Startup Cost": 0.0, "Total Cost": 106215.51, "Plan Rows": 12, "Plan Width": 33, "Inner Unique": true, "Plans": [{"Node Type": "Nested Loop", "Parent Relationship": "Outer", "Join Type": "Inner", "Startup Cost": 0.0, "Total Cost": 105839.97, "Plan Rows": 645, "Plan Width": 41, "Inner Unique": false, "Plans": [{"Node Type": "Nested Loop", "Parent Relationship": "Outer", "Join Type": "Inner", "Startup Cost": 0.0, "Total Cost": 105385.76, "Plan Rows": 532, "Plan Width": 21, "Inner Unique": false, "Join Filter": "(ci.role_id = rt.id)", "Plans": [{"Node Type": "Seq Scan", "Parent Relationship": "Outer", "Relation Name": "role_type", "Alias": "rt", "Startup Cost": 0.0, "Total Cost": 1.15, "Plan Rows": 1, "Plan Width": 4, "Filter": "((role)::text = 'actress'::text)"}, {"Node Type": "Nested Loop", "Parent Relationship": "Inner", "Join Type": "Inner", "Startup Cost": 0.0, "Total Cost": 105311.53, "Plan Rows": 5847, "Plan Width": 25, "Inner Unique": false, "Plans": [{"Node Type": "Nested Loop", "Parent Relationship": "Outer", "Join Type": "Inner", "Startup Cost": 0.0, "Total Cost": 99568.93, "Plan Rows": 5775, "Plan Width": 25, "Inner Unique": true, "Plans": [{"Node Type": "Nested Loop", "Parent Relationship": "Outer", "Join Type": "Inner", "Startup Cost": 0.0, "Total Cost": 76921.84, "Plan Rows": 5775, "Plan Width": 4, "Inner Unique": false, "Plans": [{"Node Type": "Seq Scan", "Parent Relationship": "Outer", "Relation Name": "company_name", "Alias": "cn", "Startup Cost": 0.0, "Total Cost": 5903.45, "Plan Rows": 6290, "Plan Width": 4, "Filter": "((country_code)::text = '[jp]'::text)"}, {"Node Type": "Index Scan", "Parent Relationship": "Inner", "Scan Direction": "Forward", "Index Name": "company_id_movie_companies", "Relation Name": "movie_companies", "Alias": "mc", "Startup Cost": 0.0, "Total Cost": 11.28, "Plan Rows": 1, "Plan Width": 8, "Index Cond": "(company_id = cn.id)", "Filter": "(((note)::text ~~ '%(Japan)%'::text) AND ((note)::text !~~ '%(USA)%'::text))"}]}, {"Node Type": "Index Scan", "Parent Relationship": "Inner", "Scan Direction": "Forward", "Index Name": "title_pkey", "Relation Name": "title", "Alias": "t", "Startup Cost": 0.0, "Total Cost": 3.91, "Plan Rows": 1, "Plan Width": 21, "Index Cond": "(id = mc.movie_id)"}]}, {"Node Type": "Index Scan", "Parent Relationship": "Inner", "Scan Direction": "Forward", "Index Name": "movie_id_cast_info", "Relation Name": "cast_info", "Alias": "ci", "Startup Cost": 0.0, "Total Cost": 0.98, "Plan Rows": 1, "Plan Width": 12, "Index Cond": "(movie_id = t.id)", "Filter": "((note)::text = '(voice: English version)'::text)"}]}]}, {"Node Type": "Index Scan", "Parent Relationship": "Inner", "Scan Direction": "Forward", "Index Name": "person_id_aka_name", "Relation Name": "aka_name", "Alias": "an1", "Startup Cost": 0.0, "Total Cost": 0.84, "Plan Rows": 1, "Plan Width": 20, "Index Cond": "(person_id = ci.person_id)"}]}, {"Node Type": "Index Scan", "Parent Relationship": "Inner", "Scan Direction": "Forward", "Index Name": "name_pkey", "Relation Name": "name", "Alias": "n1", "Startup Cost": 0.0, "Total Cost": 0.57, "Plan Rows": 1, "Plan Width": 4, "Index Cond": "(id = an1.person_id)", "Filter": "(((name)::text ~~ '%Yo%'::text) AND ((name)::text !~~ '%Yu%'::text))"}]}]}, "Unique SQL Id": 3544391839, "Planner Runtime": 4}, "explain_analyze_plan": {"Plan": {"Node Type": "Aggregate", "Strategy": "Plain", "Startup Cost": 106215.57, "Total Cost": 106215.58, "Plan Rows": 1, "Plan Width": 97, "Actual Startup Time": 3343.581, "Actual Total Time": 3343.582, "Actual Rows": 1, "Actual Loops": 1, "Plans": [{"Node Type": "Nested Loop", "Parent Relationship": "Outer", "Join Type": "Inner", "Startup Cost": 0.0, "Total Cost": 106215.51, "Plan Rows": 12, "Plan Width": 33, "Actual Startup Time": 225.177, "Actual Total Time": 3343.278, "Actual Rows": 62, "Actual Loops": 1, "Inner Unique": true, "Plans": [{"Node Type": "Nested Loop", "Parent Relationship": "Outer", "Join Type": "Inner", "Startup Cost": 0.0, "Total Cost": 105839.97, "Plan Rows": 645, "Plan Width": 41, "Actual Startup Time": 0.174, "Actual Total Time": 3267.385, "Actual Rows": 17379, "Actual Loops": 1, "Inner Unique": false, "Plans": [{"Node Type": "Nested Loop", "Parent Relationship": "Outer", "Join Type": "Inner", "Startup Cost": 0.0, "Total Cost": 105385.76, "Plan Rows": 532, "Plan Width": 21, "Actual Startup Time": 0.164, "Actual Total Time": 3218.995, "Actual Rows": 7438, "Actual Loops": 1, "Inner Unique": false, "Join Filter": "(ci.role_id = rt.id)", "Rows Removed by Join Filter": 12162, "Plans": [{"Node Type": "Seq Scan", "Parent Relationship": "Outer", "Relation Name": "role_type", "Alias": "rt", "Startup Cost": 0.0, "Total Cost": 1.15, "Plan Rows": 1, "Plan Width": 4, "Actual Startup Time": 0.027, "Actual Total Time": 0.032, "Actual Rows": 1, "Actual Loops": 1, "Filter": "((role)::text = 'actress'::text)", "Rows Removed by Filter": 11}, {"Node Type": "Nested Loop", "Parent Relationship": "Inner", "Join Type": "Inner", "Startup Cost": 0.0, "Total Cost": 105311.53, "Plan Rows": 5847, "Plan Width": 25, "Actual Startup Time": 0.131, "Actual Total Time": 3213.59, "Actual Rows": 19600, "Actual Loops": 1, "Inner Unique": false, "Plans": [{"Node Type": "Nested Loop", "Parent Relationship": "Outer", "Join Type": "Inner", "Startup Cost": 0.0, "Total Cost": 99568.93, "Plan Rows": 5775, "Plan Width": 25, "Actual Startup Time": 0.077, "Actual Total Time": 575.312, "Actual Rows": 48328, "Actual Loops": 1, "Inner Unique": true, "Plans": [{"Node Type": "Nested Loop", "Parent Relationship": "Outer", "Join Type": "Inner", "Startup Cost": 0.0, "Total Cost": 76921.84, "Plan Rows": 5775, "Plan Width": 4, "Actual Startup Time": 0.067, "Actual Total Time": 292.251, "Actual Rows": 48328, "Actual Loops": 1, "Inner Unique": false, "Plans": [{"Node Type": "Seq Scan", "Parent Relationship": "Outer", "Relation Name": "company_name", "Alias": "cn", "Startup Cost": 0.0, "Total Cost": 5903.45, "Plan Rows": 6290, "Plan Width": 4, "Actual Startup Time": 0.021, "Actual Total Time": 83.294, "Actual Rows": 6752, "Actual Loops": 1, "Filter": "((country_code)::text = '[jp]'::text)", "Rows Removed by Filter": 228244}, {"Node Type": "Index Scan", "Parent Relationship": "Inner", "Scan Direction": "Forward", "Index Name": "company_id_movie_companies", "Relation Name": "movie_companies", "Alias": "mc", "Startup Cost": 0.0, "Total Cost": 11.28, "Plan Rows": 1, "Plan Width": 8, "Actual Startup Time": 54.933, "Actual Total Time": 193.373, "Actual Rows": 48328, "Actual Loops": 6752, "Index Cond": "(company_id = cn.id)", "Rows Removed by Index Recheck": 0, "Filter": "(((note)::text ~~ '%(Japan)%'::text) AND ((note)::text !~~ '%(USA)%'::text))", "Rows Removed by Filter": 56667}]}, {"Node Type": "Index Scan", "Parent Relationship": "Inner", "Scan Direction": "Forward", "Index Name": "title_pkey", "Relation Name": "title", "Alias": "t", "Startup Cost": 0.0, "Total Cost": 3.91, "Plan Rows": 1, "Plan Width": 21, "Actual Startup Time": 241.214, "Actual Total Time": 241.214, "Actual Rows": 48328, "Actual Loops": 48328, "Index Cond": "(id = mc.movie_id)", "Rows Removed by Index Recheck": 0}]}, {"Node Type": "Index Scan", "Parent Relationship": "Inner", "Scan Direction": "Forward", "Index Name": "movie_id_cast_info", "Relation Name": "cast_info", "Alias": "ci", "Startup Cost": 0.0, "Total Cost": 0.98, "Plan Rows": 1, "Plan Width": 12, "Actual Startup Time": 2486.124, "Actual Total Time": 2607.694, "Actual Rows": 19600, "Actual Loops": 48328, "Index Cond": "(movie_id = t.id)", "Rows Removed by Index Recheck": 0, "Filter": "((note)::text = '(voice: English version)'::text)", "Rows Removed by Filter": 1531710}]}]}, {"Node Type": "Index Scan", "Parent Relationship": "Inner", "Scan Direction": "Forward", "Index Name": "person_id_aka_name", "Relation Name": "aka_name", "Alias": "an1", "Startup Cost": 0.0, "Total Cost": 0.84, "Plan Rows": 1, "Plan Width": 20, "Actual Startup Time": 31.426, "Actual Total Time": 39.577, "Actual Rows": 17379, "Actual Loops": 7438, "Index Cond": "(person_id = ci.person_id)", "Rows Removed by Index Recheck": 0}]}, {"Node Type": "Index Scan", "Parent Relationship": "Inner", "Scan Direction": "Forward", "Index Name": "name_pkey", "Relation Name": "name", "Alias": "n1", "Startup Cost": 0.0, "Total Cost": 0.57, "Plan Rows": 1, "Plan Width": 4, "Actual Startup Time": 67.071, "Actual Total Time": 67.071, "Actual Rows": 62, "Actual Loops": 17379, "Index Cond": "(id = an1.person_id)", "Rows Removed by Index Recheck": 0, "Filter": "(((name)::text ~~ '%Yo%'::text) AND ((name)::text !~~ '%Yu%'::text))", "Rows Removed by Filter": 17317}]}]}, "Triggers": [], "Planner Runtime": 4, "Total Runtime": 3343.933, "Unique SQL Id": 3544391839}}, "(1, 49)": {"explain_plan": {"Plan": {"Node Type": "Aggregate", "Strategy": "Plain", "Startup Cost": 110824.82, "Total Cost": 110824.83, "Plan Rows": 1, "Plan Width": 97, "Plans": [{"Node Type": "Nested Loop", "Parent Relationship": "Outer", "Join Type": "Inner", "Startup Cost": 0.0, "Total Cost": 110824.76, "Plan Rows": 12, "Plan Width": 33, "Inner Unique": true, "Plans": [{"Node Type": "Nested Loop", "Parent Relationship": "Outer", "Join Type": "Inner", "Startup Cost": 0.0, "Total Cost": 110449.22, "Plan Rows": 645, "Plan Width": 41, "Inner Unique": false, "Plans": [{"Node Type": "Nested Loop", "Parent Relationship": "Outer", "Join Type": "Inner", "Startup Cost": 0.0, "Total Cost": 109995.01, "Plan Rows": 532, "Plan Width": 21, "Inner Unique": false, "Join Filter": "(ci.role_id = rt.id)", "Plans": [{"Node Type": "Index Scan", "Parent Relationship": "Outer", "Scan Direction": "Forward", "Index Name": "role_type_pkey", "Relation Name": "role_type", "Alias": "rt", "Startup Cost": 0.0, "Total Cost": 12.46, "Plan Rows": 1, "Plan Width": 4, "Filter": "((role)::text = 'actress'::text)"}, {"Node Type": "Nested Loop", "Parent Relationship": "Inner", "Join Type": "Inner", "Startup Cost": 0.0, "Total Cost": 109909.47, "Plan Rows": 5847, "Plan Width": 25, "Inner Unique": false, "Plans": [{"Node Type": "Nested Loop", "Parent Relationship": "Outer", "Join Type": "Inner", "Startup Cost": 0.0, "Total Cost": 104166.87, "Plan Rows": 5775, "Plan Width": 25, "Inner Unique": true, "Plans": [{"Node Type": "Nested Loop", "Parent Relationship": "Outer", "Join Type": "Inner", "Startup Cost": 0.0, "Total Cost": 81519.78, "Plan Rows": 5775, "Plan Width": 4, "Inner Unique": false, "Plans": [{"Node Type": "Index Scan", "Parent Relationship": "Outer", "Scan Direction": "Forward", "Index Name": "company_name_pkey", "Relation Name": "company_name", "Alias": "cn", "Startup Cost": 0.0, "Total Cost": 10501.39, "Plan Rows": 6290, "Plan Width": 4, "Filter": "((country_code)::text = '[jp]'::text)"}, {"Node Type": "Index Scan", "Parent Relationship": "Inner", "Scan Direction": "Forward", "Index Name": "company_id_movie_companies", "Relation Name": "movie_companies", "Alias": "mc", "Startup Cost": 0.0, "Total Cost": 11.28, "Plan Rows": 1, "Plan Width": 8, "Index Cond": "(company_id = cn.id)", "Filter": "(((note)::text ~~ '%(Japan)%'::text) AND ((note)::text !~~ '%(USA)%'::text))"}]}, {"Node Type": "Index Scan", "Parent Relationship": "Inner", "Scan Direction": "Forward", "Index Name": "title_pkey", "Relation Name": "title", "Alias": "t", "Startup Cost": 0.0, "Total Cost": 3.91, "Plan Rows": 1, "Plan Width": 21, "Index Cond": "(id = mc.movie_id)"}]}, {"Node Type": "Index Scan", "Parent Relationship": "Inner", "Scan Direction": "Forward", "Index Name": "movie_id_cast_info", "Relation Name": "cast_info", "Alias": "ci", "Startup Cost": 0.0, "Total Cost": 0.98, "Plan Rows": 1, "Plan Width": 12, "Index Cond": "(movie_id = t.id)", "Filter": "((note)::text = '(voice: English version)'::text)"}]}]}, {"Node Type": "Index Scan", "Parent Relationship": "Inner", "Scan Direction": "Forward", "Index Name": "person_id_aka_name", "Relation Name": "aka_name", "Alias": "an1", "Startup Cost": 0.0, "Total Cost": 0.84, "Plan Rows": 1, "Plan Width": 20, "Index Cond": "(person_id = ci.person_id)"}]}, {"Node Type": "Index Scan", "Parent Relationship": "Inner", "Scan Direction": "Forward", "Index Name": "name_pkey", "Relation Name": "name", "Alias": "n1", "Startup Cost": 0.0, "Total Cost": 0.57, "Plan Rows": 1, "Plan Width": 4, "Index Cond": "(id = an1.person_id)", "Filter": "(((name)::text ~~ '%Yo%'::text) AND ((name)::text !~~ '%Yu%'::text))"}]}]}, "Unique SQL Id": 3544391839, "Planner Runtime": 5}, "explain_analyze_plan": {"Plan": {"Node Type": "Aggregate", "Strategy": "Plain", "Startup Cost": 110824.82, "Total Cost": 110824.83, "Plan Rows": 1, "Plan Width": 97, "Actual Startup Time": 3920.32, "Actual Total Time": 3920.321, "Actual Rows": 1, "Actual Loops": 1, "Plans": [{"Node Type": "Nested Loop", "Parent Relationship": "Outer", "Join Type": "Inner", "Startup Cost": 0.0, "Total Cost": 110824.76, "Plan Rows": 12, "Plan Width": 33, "Actual Startup Time": 4.241, "Actual Total Time": 3919.925, "Actual Rows": 62, "Actual Loops": 1, "Inner Unique": true, "Plans": [{"Node Type": "Nested Loop", "Parent Relationship": "Outer", "Join Type": "Inner", "Startup Cost": 0.0, "Total Cost": 110449.22, "Plan Rows": 645, "Plan Width": 41, "Actual Startup Time": 0.311, "Actual Total Time": 3843.189, "Actual Rows": 17379, "Actual Loops": 1, "Inner Unique": false, "Plans": [{"Node Type": "Nested Loop", "Parent Relationship": "Outer", "Join Type": "Inner", "Startup Cost": 0.0, "Total Cost": 109995.01, "Plan Rows": 532, "Plan Width": 21, "Actual Startup Time": 0.3, "Actual Total Time": 3793.45, "Actual Rows": 7438, "Actual Loops": 1, "Inner Unique": false, "Join Filter": "(ci.role_id = rt.id)", "Rows Removed by Join Filter": 12162, "Plans": [{"Node Type": "Index Scan", "Parent Relationship": "Outer", "Scan Direction": "Forward", "Index Name": "role_type_pkey", "Relation Name": "role_type", "Alias": "rt", "Startup Cost": 0.0, "Total Cost": 12.46, "Plan Rows": 1, "Plan Width": 4, "Actual Startup Time": 0.036, "Actual Total Time": 0.051, "Actual Rows": 1, "Actual Loops": 1, "Filter": "((role)::text = 'actress'::text)", "Rows Removed by Filter": 11}, {"Node Type": "Nested Loop", "Parent Relationship": "Inner", "Join Type": "Inner", "Startup Cost": 0.0, "Total Cost": 109909.47, "Plan Rows": 5847, "Plan Width": 25, "Actual Startup Time": 0.26, "Actual Total Time": 3788.159, "Actual Rows": 19600, "Actual Loops": 1, "Inner Unique": false, "Plans": [{"Node Type": "Nested Loop", "Parent Relationship": "Outer", "Join Type": "Inner", "Startup Cost": 0.0, "Total Cost": 104166.87, "Plan Rows": 5775, "Plan Width": 25, "Actual Startup Time": 0.203, "Actual Total Time": 865.143, "Actual Rows": 48328, "Actual Loops": 1, "Inner Unique": true, "Plans": [{"Node Type": "Nested Loop", "Parent Relationship": "Outer", "Join Type": "Inner", "Startup Cost": 0.0, "Total Cost": 81519.78, "Plan Rows": 5775, "Plan Width": 4, "Actual Startup Time": 0.192, "Actual Total Time": 560.178, "Actual Rows": 48328, "Actual Loops": 1, "Inner Unique": false, "Plans": [{"Node Type": "Index Scan", "Parent Relationship": "Outer", "Scan Direction": "Forward", "Index Name": "company_name_pkey", "Relation Name": "company_name", "Alias": "cn", "Startup Cost": 0.0, "Total Cost": 10501.39, "Plan Rows": 6290, "Plan Width": 4, "Actual Startup Time": 0.158, "Actual Total Time": 329.41, "Actual Rows": 6752, "Actual Loops": 1, "Filter": "((country_code)::text = '[jp]'::text)", "Rows Removed by Filter": 228244}, {"Node Type": "Index Scan", "Parent Relationship": "Inner", "Scan Direction": "Forward", "Index Name": "company_id_movie_companies", "Relation Name": "movie_companies", "Alias": "mc", "Startup Cost": 0.0, "Total Cost": 11.28, "Plan Rows": 1, "Plan Width": 8, "Actual Startup Time": 59.855, "Actual Total Time": 214.607, "Actual Rows": 48328, "Actual Loops": 6752, "Index Cond": "(company_id = cn.id)", "Rows Removed by Index Recheck": 0, "Filter": "(((note)::text ~~ '%(Japan)%'::text) AND ((note)::text !~~ '%(USA)%'::text))", "Rows Removed by Filter": 56667}]}, {"Node Type": "Index Scan", "Parent Relationship": "Inner", "Scan Direction": "Forward", "Index Name": "title_pkey", "Relation Name": "title", "Alias": "t", "Startup Cost": 0.0, "Total Cost": 3.91, "Plan Rows": 1, "Plan Width": 21, "Actual Startup Time": 262.05, "Actual Total Time": 262.05, "Actual Rows": 48328, "Actual Loops": 48328, "Index Cond": "(id = mc.movie_id)", "Rows Removed by Index Recheck": 0}]}, {"Node Type": "Index Scan", "Parent Relationship": "Inner", "Scan Direction": "Forward", "Index Name": "movie_id_cast_info", "Relation Name": "cast_info", "Alias": "ci", "Startup Cost": 0.0, "Total Cost": 0.98, "Plan Rows": 1, "Plan Width": 12, "Actual Startup Time": 2764.157, "Actual Total Time": 2892.023, "Actual Rows": 19600, "Actual Loops": 48328, "Index Cond": "(movie_id = t.id)", "Rows Removed by Index Recheck": 0, "Filter": "((note)::text = '(voice: English version)'::text)", "Rows Removed by Filter": 1531710}]}]}, {"Node Type": "Index Scan", "Parent Relationship": "Inner", "Scan Direction": "Forward", "Index Name": "person_id_aka_name", "Relation Name": "aka_name", "Alias": "an1", "Startup Cost": 0.0, "Total Cost": 0.84, "Plan Rows": 1, "Plan Width": 20, "Actual Startup Time": 32.563, "Actual Total Time": 40.837, "Actual Rows": 17379, "Actual Loops": 7438, "Index Cond": "(person_id = ci.person_id)", "Rows Removed by Index Recheck": 0}]}, {"Node Type": "Index Scan", "Parent Relationship": "Inner", "Scan Direction": "Forward", "Index Name": "name_pkey", "Relation Name": "name", "Alias": "n1", "Startup Cost": 0.0, "Total Cost": 0.57, "Plan Rows": 1, "Plan Width": 4, "Actual Startup Time": 67.888, "Actual Total Time": 67.888, "Actual Rows": 62, "Actual Loops": 17379, "Index Cond": "(id = an1.person_id)", "Rows Removed by Index Recheck": 0, "Filter": "(((name)::text ~~ '%Yo%'::text) AND ((name)::text !~~ '%Yu%'::text))", "Rows Removed by Filter": 17317}]}]}, "Triggers": [], "Planner Runtime": 4, "Total Runtime": 3920.691, "Unique SQL Id": 3544391839}}, "(1, 50)": {"explain_plan": {"Plan": {"Node Type": "Aggregate", "Strategy": "Plain", "Startup Cost": 163826.04, "Total Cost": 163826.05, "Plan Rows": 1, "Plan Width": 97, "Plans": [{"Node Type": "Nested Loop", "Parent Relationship": "Outer", "Join Type": "Inner", "Startup Cost": 6.45, "Total Cost": 163825.98, "Plan Rows": 12, "Plan Width": 33, "Inner Unique": false, "Join Filter": "(n1.id = an1.person_id)", "Plans": [{"Node Type": "Nested Loop", "Parent Relationship": "Outer", "Join Type": "Inner", "Startup Cost": 6.07, "Total Cost": 163482.33, "Plan Rows": 78, "Plan Width": 25, "Inner Unique": true, "Plans": [{"Node Type": "Nested Loop", "Parent Relationship": "Outer", "Join Type": "Inner", "Startup Cost": 5.16, "Total Cost": 160859.69, "Plan Rows": 532, "Plan Width": 21, "Inner Unique": false, "Join Filter": "(ci.role_id = rt.id)", "Plans": [{"Node Type": "Seq Scan", "Parent Relationship": "Outer", "Relation Name": "role_type", "Alias": "rt", "Startup Cost": 0.0, "Total Cost": 1.15, "Plan Rows": 1, "Plan Width": 4, "Filter": "((role)::text = 'actress'::text)"}, {"Node Type": "Nested Loop", "Parent Relationship": "Inner", "Join Type": "Inner", "Startup Cost": 5.16, "Total Cost": 160785.45, "Plan Rows": 5847, "Plan Width": 25, "Inner Unique": false, "Plans": [{"Node Type": "Nested Loop", "Parent Relationship": "Outer", "Join Type": "Inner", "Startup Cost": 4.65, "Total Cost": 134127.63, "Plan Rows": 5775, "Plan Width": 25, "Inner Unique": true, "Plans": [{"Node Type": "Nested Loop", "Parent Relationship": "Outer", "Join Type": "Inner", "Startup Cost": 3.37, "Total Cost": 103541.28, "Plan Rows": 5775, "Plan Width": 4, "Inner Unique": false, "Plans": [{"Node Type": "Seq Scan", "Parent Relationship": "Outer", "Relation Name": "company_name", "Alias": "cn", "Startup Cost": 0.0, "Total Cost": 5903.45, "Plan Rows": 6290, "Plan Width": 4, "Filter": "((country_code)::text = '[jp]'::text)"}, {"Node Type": "Bitmap Heap Scan", "Parent Relationship": "Inner", "Relation Name": "movie_companies", "Alias": "mc", "Startup Cost": 3.37, "Total Cost": 15.51, "Plan Rows": 1, "Plan Width": 8, "Recheck Cond": "(company_id = cn.id)", "Filter": "(((note)::text ~~ '%(Japan)%'::text) AND ((note)::text !~~ '%(USA)%'::text))", "Plans": [{"Node Type": "Bitmap Index Scan", "Parent Relationship": "Outer", "Index Name": "company_id_movie_companies", "Startup Cost": 0.0, "Total Cost": 3.37, "Plan Rows": 15, "Plan Width": 0, "Index Cond": "(company_id = cn.id)"}]}]}, {"Node Type": "Bitmap Heap Scan", "Parent Relationship": "Inner", "Relation Name": "title", "Alias": "t", "Startup Cost": 1.27, "Total Cost": 5.29, "Plan Rows": 1, "Plan Width": 21, "Recheck Cond": "(id = mc.movie_id)", "Plans": [{"Node Type": "Bitmap Index Scan", "Parent Relationship": "Outer", "Index Name": "title_pkey", "Startup Cost": 0.0, "Total Cost": 1.27, "Plan Rows": 1, "Plan Width": 0, "Index Cond": "(id = mc.movie_id)"}]}]}, {"Node Type": "Bitmap Heap Scan", "Parent Relationship": "Inner", "Relation Name": "cast_info", "Alias": "ci", "Startup Cost": 0.52, "Total Cost": 4.61, "Plan Rows": 1, "Plan Width": 12, "Recheck Cond": "(movie_id = t.id)", "Filter": "((note)::text = '(voice: English version)'::text)", "Plans": [{"Node Type": "Bitmap Index Scan", "Parent Relationship": "Outer", "Index Name": "movie_id_cast_info", "Startup Cost": 0.0, "Total Cost": 0.52, "Plan Rows": 6, "Plan Width": 0, "Index Cond": "(movie_id = t.id)"}]}]}]}, {"Node Type": "Bitmap Heap Scan", "Parent Relationship": "Inner", "Relation Name": "name", "Alias": "n1", "Startup Cost": 0.9, "Total Cost": 4.92, "Plan Rows": 1, "Plan Width": 4, "Recheck Cond": "(id = ci.person_id)", "Filter": "(((name)::text ~~ '%Yo%'::text) AND ((name)::text !~~ '%Yu%'::text))", "Plans": [{"Node Type": "Bitmap Index Scan", "Parent Relationship": "Outer", "Index Name": "name_pkey", "Startup Cost": 0.0, "Total Cost": 0.9, "Plan Rows": 1, "Plan Width": 0, "Index Cond": "(id = ci.person_id)"}]}]}, {"Node Type": "Bitmap Heap Scan", "Parent Relationship": "Inner", "Relation Name": "aka_name", "Alias": "an1", "Startup Cost": 0.38, "Total Cost": 4.39, "Plan Rows": 1, "Plan Width": 20, "Recheck Cond": "(person_id = ci.person_id)", "Plans": [{"Node Type": "Bitmap Index Scan", "Parent Relationship": "Outer", "Index Name": "person_id_aka_name", "Startup Cost": 0.0, "Total Cost": 0.38, "Plan Rows": 1, "Plan Width": 0, "Index Cond": "(person_id = ci.person_id)"}]}]}]}, "Unique SQL Id": 3544391839, "Planner Runtime": 6}, "explain_analyze_plan": {"Plan": {"Node Type": "Aggregate", "Strategy": "Plain", "Startup Cost": 163826.04, "Total Cost": 163826.05, "Plan Rows": 1, "Plan Width": 97, "Actual Startup Time": 4333.894, "Actual Total Time": 4333.894, "Actual Rows": 1, "Actual Loops": 1, "Plans": [{"Node Type": "Nested Loop", "Parent Relationship": "Outer", "Join Type": "Inner", "Startup Cost": 6.45, "Total Cost": 163825.98, "Plan Rows": 12, "Plan Width": 33, "Actual Startup Time": 286.054, "Actual Total Time": 4333.54, "Actual Rows": 62, "Actual Loops": 1, "Inner Unique": false, "Join Filter": "(n1.id = an1.person_id)", "Rows Removed by Join Filter": 0, "Plans": [{"Node Type": "Nested Loop", "Parent Relationship": "Outer", "Join Type": "Inner", "Startup Cost": 6.07, "Total Cost": 163482.33, "Plan Rows": 78, "Plan Width": 25, "Actual Startup Time": 286.028, "Actual Total Time": 4332.881, "Actual Rows": 38, "Actual Loops": 1, "Inner Unique": true, "Plans": [{"Node Type": "Nested Loop", "Parent Relationship": "Outer", "Join Type": "Inner", "Startup Cost": 5.16, "Total Cost": 160859.69, "Plan Rows": 532, "Plan Width": 21, "Actual Startup Time": 0.207, "Actual Total Time": 4273.216, "Actual Rows": 7438, "Actual Loops": 1, "Inner Unique": false, "Join Filter": "(ci.role_id = rt.id)", "Rows Removed by Join Filter": 12162, "Plans": [{"Node Type": "Seq Scan", "Parent Relationship": "Outer", "Relation Name": "role_type", "Alias": "rt", "Startup Cost": 0.0, "Total Cost": 1.15, "Plan Rows": 1, "Plan Width": 4, "Actual Startup Time": 0.025, "Actual Total Time": 0.034, "Actual Rows": 1, "Actual Loops": 1, "Filter": "((role)::text = 'actress'::text)", "Rows Removed by Filter": 11}, {"Node Type": "Nested Loop", "Parent Relationship": "Inner", "Join Type": "Inner", "Startup Cost": 5.16, "Total Cost": 160785.45, "Plan Rows": 5847, "Plan Width": 25, "Actual Startup Time": 0.177, "Actual Total Time": 4267.787, "Actual Rows": 19600, "Actual Loops": 1, "Inner Unique": false, "Plans": [{"Node Type": "Nested Loop", "Parent Relationship": "Outer", "Join Type": "Inner", "Startup Cost": 4.65, "Total Cost": 134127.63, "Plan Rows": 5775, "Plan Width": 25, "Actual Startup Time": 0.107, "Actual Total Time": 767.129, "Actual Rows": 48328, "Actual Loops": 1, "Inner Unique": true, "Plans": [{"Node Type": "Nested Loop", "Parent Relationship": "Outer", "Join Type": "Inner", "Startup Cost": 3.37, "Total Cost": 103541.28, "Plan Rows": 5775, "Plan Width": 4, "Actual Startup Time": 0.092, "Actual Total Time": 365.648, "Actual Rows": 48328, "Actual Loops": 1, "Inner Unique": false, "Plans": [{"Node Type": "Seq Scan", "Parent Relationship": "Outer", "Relation Name": "company_name", "Alias": "cn", "Startup Cost": 0.0, "Total Cost": 5903.45, "Plan Rows": 6290, "Plan Width": 4, "Actual Startup Time": 0.021, "Actual Total Time": 88.269, "Actual Rows": 6752, "Actual Loops": 1, "Filter": "((country_code)::text = '[jp]'::text)", "Rows Removed by Filter": 228244}, {"Node Type": "Bitmap Heap Scan", "Parent Relationship": "Inner", "Relation Name": "movie_companies", "Alias": "mc", "Startup Cost": 3.37, "Total Cost": 15.51, "Plan Rows": 1, "Plan Width": 8, "Actual Startup Time": 97.42, "Actual Total Time": 252.735, "Actual Rows": 48328, "Actual Loops": 6752, "Recheck Cond": "(company_id = cn.id)", "Rows Removed by Index Recheck": 0, "Filter": "(((note)::text ~~ '%(Japan)%'::text) AND ((note)::text !~~ '%(USA)%'::text))", "Rows Removed by Filter": 56667, "Exact Heap Blocks": 61861, "Lossy Heap Blocks": 61861, "Plans": [{"Node Type": "Bitmap Index Scan", "Parent Relationship": "Outer", "Index Name": "company_id_movie_companies", "Startup Cost": 0.0, "Total Cost": 3.37, "Plan Rows": 15, "Plan Width": 0, "Actual Startup Time": 50.111, "Actual Total Time": 50.111, "Actual Rows": 104995, "Actual Loops": 6752, "Index Cond": "(company_id = cn.id)"}]}]}, {"Node Type": "Bitmap Heap Scan", "Parent Relationship": "Inner", "Relation Name": "title", "Alias": "t", "Startup Cost": 1.27, "Total Cost": 5.29, "Plan Rows": 1, "Plan Width": 21, "Actual Startup Time": 323.567, "Actual Total Time": 323.567, "Actual Rows": 48328, "Actual Loops": 48328, "Recheck Cond": "(id = mc.movie_id)", "Rows Removed by Index Recheck": 0, "Exact Heap Blocks": 48328, "Lossy Heap Blocks": 48328, "Plans": [{"Node Type": "Bitmap Index Scan", "Parent Relationship": "Outer", "Index Name": "title_pkey", "Startup Cost": 0.0, "Total Cost": 1.27, "Plan Rows": 1, "Plan Width": 0, "Actual Startup Time": 192.995, "Actual Total Time": 192.995, "Actual Rows": 48328, "Actual Loops": 48328, "Index Cond": "(id = mc.movie_id)"}]}]}, {"Node Type": "Bitmap Heap Scan", "Parent Relationship": "Inner", "Relation Name": "cast_info", "Alias": "ci", "Startup Cost": 0.52, "Total Cost": 4.61, "Plan Rows": 1, "Plan Width": 12, "Actual Startup Time": 3285.45, "Actual Total Time": 3425.654, "Actual Rows": 19600, "Actual Loops": 48328, "Recheck Cond": "(movie_id = t.id)", "Rows Removed by Index Recheck": 0, "Filter": "((note)::text = '(voice: English version)'::text)", "Rows Removed by Filter": 1531710, "Exact Heap Blocks": 1503105, "Lossy Heap Blocks": 1503105, "Plans": [{"Node Type": "Bitmap Index Scan", "Parent Relationship": "Outer", "Index Name": "movie_id_cast_info", "Startup Cost": 0.0, "Total Cost": 0.52, "Plan Rows": 6, "Plan Width": 0, "Actual Startup Time": 513.532, "Actual Total Time": 513.532, "Actual Rows": 1551310, "Actual Loops": 48328, "Index Cond": "(movie_id = t.id)"}]}]}]}, {"Node Type": "Bitmap Heap Scan", "Parent Relationship": "Inner", "Relation Name": "name", "Alias": "n1", "Startup Cost": 0.9, "Total Cost": 4.92, "Plan Rows": 1, "Plan Width": 4, "Actual Startup Time": 49.965, "Actual Total Time": 49.965, "Actual Rows": 38, "Actual Loops": 7438, "Recheck Cond": "(id = ci.person_id)", "Rows Removed by Index Recheck": 0, "Filter": "(((name)::text ~~ '%Yo%'::text) AND ((name)::text !~~ '%Yu%'::text))", "Rows Removed by Filter": 7400, "Exact Heap Blocks": 7438, "Lossy Heap Blocks": 7438, "Plans": [{"Node Type": "Bitmap Index Scan", "Parent Relationship": "Outer", "Index Name": "name_pkey", "Startup Cost": 0.0, "Total Cost": 0.9, "Plan Rows": 1, "Plan Width": 0, "Actual Startup Time": 30.042, "Actual Total Time": 30.042, "Actual Rows": 7438, "Actual Loops": 7438, "Index Cond": "(id = ci.person_id)"}]}]}, {"Node Type": "Bitmap Heap Scan", "Parent Relationship": "Inner", "Relation Name": "aka_name", "Alias": "an1", "Startup Cost": 0.38, "Total Cost": 4.39, "Plan Rows": 1, "Plan Width": 20, "Actual Startup Time": 0.417, "Actual Total Time": 0.444, "Actual Rows": 62, "Actual Loops": 38, "Recheck Cond": "(person_id = ci.person_id)", "Rows Removed by Index Recheck": 0, "Exact Heap Blocks": 43, "Lossy Heap Blocks": 43, "Plans": [{"Node Type": "Bitmap Index Scan", "Parent Relationship": "Outer", "Index Name": "person_id_aka_name", "Startup Cost": 0.0, "Total Cost": 0.38, "Plan Rows": 1, "Plan Width": 0, "Actual Startup Time": 0.256, "Actual Total Time": 0.256, "Actual Rows": 62, "Actual Loops": 38, "Index Cond": "(person_id = ci.person_id)"}]}]}]}, "Triggers": [], "Planner Runtime": 6, "Total Runtime": 4334.363, "Unique SQL Id": 3544391839}}, "(1, 51)": {"explain_plan": {"Plan": {"Node Type": "Aggregate", "Strategy": "Plain", "Startup Cost": 1000012228445.06, "Total Cost": 1000012228445.07, "Plan Rows": 1, "Plan Width": 97, "Plans": [{"Node Type": "Nested Loop", "Parent Relationship": "Outer", "Join Type": "Inner", "Startup Cost": 10000000003.19, "Total Cost": 1000012228445.0, "Plan Rows": 12, "Plan Width": 33, "Inner Unique": true, "Plans": [{"Node Type": "Nested Loop", "Parent Relationship": "Outer", "Join Type": "Inner", "Startup Cost": 10000000002.87, "Total Cost": 1000012225636.42, "Plan Rows": 645, "Plan Width": 41, "Inner Unique": true, "Plans": [{"Node Type": "Nested Loop", "Parent Relationship": "Outer", "Join Type": "Inner", "Startup Cost": 10000000002.23, "Total Cost": 1000012222628.77, "Plan Rows": 645, "Plan Width": 32, "Inner Unique": true, "Plans": [{"Node Type": "Nested Loop", "Parent Relationship": "Outer", "Join Type": "Inner", "Startup Cost": 10000000001.92, "Total Cost": 1000012205100.96, "Plan Rows": 4051, "Plan Width": 36, "Inner Unique": false, "Plans": [{"Node Type": "Nested Loop", "Parent Relationship": "Outer", "Join Type": "Inner", "Startup Cost": 10000000001.26, "Total Cost": 1000012155572.17, "Plan Rows": 10524, "Plan Width": 28, "Inner Unique": true, "Plans": [{"Node Type": "Nested Loop", "Parent Relationship": "Outer", "Join Type": "Inner", "Startup Cost": 10000000001.0, "Total Cost": 1000011659757.19, "Plan Rows": 115768, "Plan Width": 32, "Inner Unique": false, "Plans": [{"Node Type": "Index Scan", "Parent Relationship": "Outer", "Scan Direction": "Forward", "Index Name": "person_id_aka_name", "Relation Name": "aka_name", "Alias": "an1", "Startup Cost": 10000000000.0, "Total Cost": 1000006896503.43, "Plan Rows": 901342, "Plan Width": 20}, {"Node Type": "Bitmap Heap Scan", "Parent Relationship": "Inner", "Relation Name": "cast_info", "Alias": "ci", "Startup Cost": 1.0, "Total Cost": 5.27, "Plan Rows": 1, "Plan Width": 12, "Recheck Cond": "(person_id = an1.person_id)", "Filter": "((note)::text = '(voice: English version)'::text)", "Plans": [{"Node Type": "Bitmap Index Scan", "Parent Relationship": "Outer", "Index Name": "person_id_cast_info", "Startup Cost": 0.0, "Total Cost": 1.0, "Plan Rows": 18, "Plan Width": 0, "Index Cond": "(person_id = an1.person_id)"}]}]}, {"Node Type": "Bitmap Heap Scan", "Parent Relationship": "Inner", "Relation Name": "role_type", "Alias": "rt", "Startup Cost": 0.26, "Total Cost": 4.27, "Plan Rows": 1, "Plan Width": 4, "Recheck Cond": "(id = ci.role_id)", "Filter": "((role)::text = 'actress'::text)", "Plans": [{"Node Type": "Bitmap Index Scan", "Parent Relationship": "Outer", "Index Name": "role_type_pkey", "Startup Cost": 0.0, "Total Cost": 0.26, "Plan Rows": 1, "Plan Width": 0, "Index Cond": "(id = ci.role_id)"}]}]}, {"Node Type": "Bitmap Heap Scan", "Parent Relationship": "Inner", "Relation Name": "movie_companies", "Alias": "mc", "Startup Cost": 0.66, "Total Cost": 4.7, "Plan Rows": 1, "Plan Width": 8, "Recheck Cond": "(movie_id = ci.movie_id)", "Filter": "(((note)::text ~~ '%(Japan)%'::text) AND ((note)::text !~~ '%(USA)%'::text))", "Plans": [{"Node Type": "Bitmap Index Scan", "Parent Relationship": "Outer", "Index Name": "movie_id_movie_companies", "Startup Cost": 0.0, "Total Cost": 0.66, "Plan Rows": 2, "Plan Width": 0, "Index Cond": "(movie_id = ci.movie_id)"}]}]}, {"Node Type": "Bitmap Heap Scan", "Parent Relationship": "Inner", "Relation Name": "company_name", "Alias": "cn", "Startup Cost": 0.3, "Total Cost": 4.32, "Plan Rows": 1, "Plan Width": 4, "Recheck Cond": "(id = mc.company_id)", "Filter": "((country_code)::text = '[jp]'::text)", "Plans": [{"Node Type": "Bitmap Index Scan", "Parent Relationship": "Outer", "Index Name": "company_name_pkey", "Startup Cost": 0.0, "Total Cost": 0.3, "Plan Rows": 1, "Plan Width": 0, "Index Cond": "(id = mc.company_id)"}]}]}, {"Node Type": "Bitmap Heap Scan", "Parent Relationship": "Inner", "Relation Name": "title", "Alias": "t", "Startup Cost": 0.64, "Total Cost": 4.65, "Plan Rows": 1, "Plan Width": 21, "Recheck Cond": "(id = ci.movie_id)", "Plans": [{"Node Type": "Bitmap Index Scan", "Parent Relationship": "Outer", "Index Name": "title_pkey", "Startup Cost": 0.0, "Total Cost": 0.64, "Plan Rows": 1, "Plan Width": 0, "Index Cond": "(id = ci.movie_id)"}]}]}, {"Node Type": "Bitmap Heap Scan", "Parent Relationship": "Inner", "Relation Name": "name", "Alias": "n1", "Startup Cost": 0.33, "Total Cost": 4.34, "Plan Rows": 1, "Plan Width": 4, "Recheck Cond": "(id = an1.person_id)", "Filter": "(((name)::text ~~ '%Yo%'::text) AND ((name)::text !~~ '%Yu%'::text))", "Plans": [{"Node Type": "Bitmap Index Scan", "Parent Relationship": "Outer", "Index Name": "name_pkey", "Startup Cost": 0.0, "Total Cost": 0.33, "Plan Rows": 1, "Plan Width": 0, "Index Cond": "(id = an1.person_id)"}]}]}]}, "Unique SQL Id": 3544391839, "Planner Runtime": 5}, "explain_analyze_plan": null}, "(1, 52)": {"explain_plan": {"Plan": {"Node Type": "Aggregate", "Strategy": "Plain", "Startup Cost": 106215.57, "Total Cost": 106215.58, "Plan Rows": 1, "Plan Width": 97, "Plans": [{"Node Type": "Nested Loop", "Parent Relationship": "Outer", "Join Type": "Inner", "Startup Cost": 0.0, "Total Cost": 106215.51, "Plan Rows": 12, "Plan Width": 33, "Inner Unique": true, "Plans": [{"Node Type": "Nested Loop", "Parent Relationship": "Outer", "Join Type": "Inner", "Startup Cost": 0.0, "Total Cost": 105839.97, "Plan Rows": 645, "Plan Width": 41, "Inner Unique": false, "Plans": [{"Node Type": "Nested Loop", "Parent Relationship": "Outer", "Join Type": "Inner", "Startup Cost": 0.0, "Total Cost": 105385.76, "Plan Rows": 532, "Plan Width": 21, "Inner Unique": false, "Join Filter": "(ci.role_id = rt.id)", "Plans": [{"Node Type": "Seq Scan", "Parent Relationship": "Outer", "Relation Name": "role_type", "Alias": "rt", "Startup Cost": 0.0, "Total Cost": 1.15, "Plan Rows": 1, "Plan Width": 4, "Filter": "((role)::text = 'actress'::text)"}, {"Node Type": "Nested Loop", "Parent Relationship": "Inner", "Join Type": "Inner", "Startup Cost": 0.0, "Total Cost": 105311.53, "Plan Rows": 5847, "Plan Width": 25, "Inner Unique": false, "Plans": [{"Node Type": "Nested Loop", "Parent Relationship": "Outer", "Join Type": "Inner", "Startup Cost": 0.0, "Total Cost": 99568.93, "Plan Rows": 5775, "Plan Width": 25, "Inner Unique": true, "Plans": [{"Node Type": "Nested Loop", "Parent Relationship": "Outer", "Join Type": "Inner", "Startup Cost": 0.0, "Total Cost": 76921.84, "Plan Rows": 5775, "Plan Width": 4, "Inner Unique": false, "Plans": [{"Node Type": "Seq Scan", "Parent Relationship": "Outer", "Relation Name": "company_name", "Alias": "cn", "Startup Cost": 0.0, "Total Cost": 5903.45, "Plan Rows": 6290, "Plan Width": 4, "Filter": "((country_code)::text = '[jp]'::text)"}, {"Node Type": "Index Scan", "Parent Relationship": "Inner", "Scan Direction": "Forward", "Index Name": "company_id_movie_companies", "Relation Name": "movie_companies", "Alias": "mc", "Startup Cost": 0.0, "Total Cost": 11.28, "Plan Rows": 1, "Plan Width": 8, "Index Cond": "(company_id = cn.id)", "Filter": "(((note)::text ~~ '%(Japan)%'::text) AND ((note)::text !~~ '%(USA)%'::text))"}]}, {"Node Type": "Index Scan", "Parent Relationship": "Inner", "Scan Direction": "Forward", "Index Name": "title_pkey", "Relation Name": "title", "Alias": "t", "Startup Cost": 0.0, "Total Cost": 3.91, "Plan Rows": 1, "Plan Width": 21, "Index Cond": "(id = mc.movie_id)"}]}, {"Node Type": "Index Scan", "Parent Relationship": "Inner", "Scan Direction": "Forward", "Index Name": "movie_id_cast_info", "Relation Name": "cast_info", "Alias": "ci", "Startup Cost": 0.0, "Total Cost": 0.98, "Plan Rows": 1, "Plan Width": 12, "Index Cond": "(movie_id = t.id)", "Filter": "((note)::text = '(voice: English version)'::text)"}]}]}, {"Node Type": "Index Scan", "Parent Relationship": "Inner", "Scan Direction": "Forward", "Index Name": "person_id_aka_name", "Relation Name": "aka_name", "Alias": "an1", "Startup Cost": 0.0, "Total Cost": 0.84, "Plan Rows": 1, "Plan Width": 20, "Index Cond": "(person_id = ci.person_id)"}]}, {"Node Type": "Index Scan", "Parent Relationship": "Inner", "Scan Direction": "Forward", "Index Name": "name_pkey", "Relation Name": "name", "Alias": "n1", "Startup Cost": 0.0, "Total Cost": 0.57, "Plan Rows": 1, "Plan Width": 4, "Index Cond": "(id = an1.person_id)", "Filter": "(((name)::text ~~ '%Yo%'::text) AND ((name)::text !~~ '%Yu%'::text))"}]}]}, "Unique SQL Id": 3544391839, "Planner Runtime": 4}, "explain_analyze_plan": {"Plan": {"Node Type": "Aggregate", "Strategy": "Plain", "Startup Cost": 106215.57, "Total Cost": 106215.58, "Plan Rows": 1, "Plan Width": 97, "Actual Startup Time": 3343.581, "Actual Total Time": 3343.582, "Actual Rows": 1, "Actual Loops": 1, "Plans": [{"Node Type": "Nested Loop", "Parent Relationship": "Outer", "Join Type": "Inner", "Startup Cost": 0.0, "Total Cost": 106215.51, "Plan Rows": 12, "Plan Width": 33, "Actual Startup Time": 225.177, "Actual Total Time": 3343.278, "Actual Rows": 62, "Actual Loops": 1, "Inner Unique": true, "Plans": [{"Node Type": "Nested Loop", "Parent Relationship": "Outer", "Join Type": "Inner", "Startup Cost": 0.0, "Total Cost": 105839.97, "Plan Rows": 645, "Plan Width": 41, "Actual Startup Time": 0.174, "Actual Total Time": 3267.385, "Actual Rows": 17379, "Actual Loops": 1, "Inner Unique": false, "Plans": [{"Node Type": "Nested Loop", "Parent Relationship": "Outer", "Join Type": "Inner", "Startup Cost": 0.0, "Total Cost": 105385.76, "Plan Rows": 532, "Plan Width": 21, "Actual Startup Time": 0.164, "Actual Total Time": 3218.995, "Actual Rows": 7438, "Actual Loops": 1, "Inner Unique": false, "Join Filter": "(ci.role_id = rt.id)", "Rows Removed by Join Filter": 12162, "Plans": [{"Node Type": "Seq Scan", "Parent Relationship": "Outer", "Relation Name": "role_type", "Alias": "rt", "Startup Cost": 0.0, "Total Cost": 1.15, "Plan Rows": 1, "Plan Width": 4, "Actual Startup Time": 0.027, "Actual Total Time": 0.032, "Actual Rows": 1, "Actual Loops": 1, "Filter": "((role)::text = 'actress'::text)", "Rows Removed by Filter": 11}, {"Node Type": "Nested Loop", "Parent Relationship": "Inner", "Join Type": "Inner", "Startup Cost": 0.0, "Total Cost": 105311.53, "Plan Rows": 5847, "Plan Width": 25, "Actual Startup Time": 0.131, "Actual Total Time": 3213.59, "Actual Rows": 19600, "Actual Loops": 1, "Inner Unique": false, "Plans": [{"Node Type": "Nested Loop", "Parent Relationship": "Outer", "Join Type": "Inner", "Startup Cost": 0.0, "Total Cost": 99568.93, "Plan Rows": 5775, "Plan Width": 25, "Actual Startup Time": 0.077, "Actual Total Time": 575.312, "Actual Rows": 48328, "Actual Loops": 1, "Inner Unique": true, "Plans": [{"Node Type": "Nested Loop", "Parent Relationship": "Outer", "Join Type": "Inner", "Startup Cost": 0.0, "Total Cost": 76921.84, "Plan Rows": 5775, "Plan Width": 4, "Actual Startup Time": 0.067, "Actual Total Time": 292.251, "Actual Rows": 48328, "Actual Loops": 1, "Inner Unique": false, "Plans": [{"Node Type": "Seq Scan", "Parent Relationship": "Outer", "Relation Name": "company_name", "Alias": "cn", "Startup Cost": 0.0, "Total Cost": 5903.45, "Plan Rows": 6290, "Plan Width": 4, "Actual Startup Time": 0.021, "Actual Total Time": 83.294, "Actual Rows": 6752, "Actual Loops": 1, "Filter": "((country_code)::text = '[jp]'::text)", "Rows Removed by Filter": 228244}, {"Node Type": "Index Scan", "Parent Relationship": "Inner", "Scan Direction": "Forward", "Index Name": "company_id_movie_companies", "Relation Name": "movie_companies", "Alias": "mc", "Startup Cost": 0.0, "Total Cost": 11.28, "Plan Rows": 1, "Plan Width": 8, "Actual Startup Time": 54.933, "Actual Total Time": 193.373, "Actual Rows": 48328, "Actual Loops": 6752, "Index Cond": "(company_id = cn.id)", "Rows Removed by Index Recheck": 0, "Filter": "(((note)::text ~~ '%(Japan)%'::text) AND ((note)::text !~~ '%(USA)%'::text))", "Rows Removed by Filter": 56667}]}, {"Node Type": "Index Scan", "Parent Relationship": "Inner", "Scan Direction": "Forward", "Index Name": "title_pkey", "Relation Name": "title", "Alias": "t", "Startup Cost": 0.0, "Total Cost": 3.91, "Plan Rows": 1, "Plan Width": 21, "Actual Startup Time": 241.214, "Actual Total Time": 241.214, "Actual Rows": 48328, "Actual Loops": 48328, "Index Cond": "(id = mc.movie_id)", "Rows Removed by Index Recheck": 0}]}, {"Node Type": "Index Scan", "Parent Relationship": "Inner", "Scan Direction": "Forward", "Index Name": "movie_id_cast_info", "Relation Name": "cast_info", "Alias": "ci", "Startup Cost": 0.0, "Total Cost": 0.98, "Plan Rows": 1, "Plan Width": 12, "Actual Startup Time": 2486.124, "Actual Total Time": 2607.694, "Actual Rows": 19600, "Actual Loops": 48328, "Index Cond": "(movie_id = t.id)", "Rows Removed by Index Recheck": 0, "Filter": "((note)::text = '(voice: English version)'::text)", "Rows Removed by Filter": 1531710}]}]}, {"Node Type": "Index Scan", "Parent Relationship": "Inner", "Scan Direction": "Forward", "Index Name": "person_id_aka_name", "Relation Name": "aka_name", "Alias": "an1", "Startup Cost": 0.0, "Total Cost": 0.84, "Plan Rows": 1, "Plan Width": 20, "Actual Startup Time": 31.426, "Actual Total Time": 39.577, "Actual Rows": 17379, "Actual Loops": 7438, "Index Cond": "(person_id = ci.person_id)", "Rows Removed by Index Recheck": 0}]}, {"Node Type": "Index Scan", "Parent Relationship": "Inner", "Scan Direction": "Forward", "Index Name": "name_pkey", "Relation Name": "name", "Alias": "n1", "Startup Cost": 0.0, "Total Cost": 0.57, "Plan Rows": 1, "Plan Width": 4, "Actual Startup Time": 67.071, "Actual Total Time": 67.071, "Actual Rows": 62, "Actual Loops": 17379, "Index Cond": "(id = an1.person_id)", "Rows Removed by Index Recheck": 0, "Filter": "(((name)::text ~~ '%Yo%'::text) AND ((name)::text !~~ '%Yu%'::text))", "Rows Removed by Filter": 17317}]}]}, "Triggers": [], "Planner Runtime": 4, "Total Runtime": 3343.933, "Unique SQL Id": 3544391839}}, "(1, 53)": {"explain_plan": {"Plan": {"Node Type": "Aggregate", "Strategy": "Plain", "Startup Cost": 110824.82, "Total Cost": 110824.83, "Plan Rows": 1, "Plan Width": 97, "Plans": [{"Node Type": "Nested Loop", "Parent Relationship": "Outer", "Join Type": "Inner", "Startup Cost": 0.0, "Total Cost": 110824.76, "Plan Rows": 12, "Plan Width": 33, "Inner Unique": true, "Plans": [{"Node Type": "Nested Loop", "Parent Relationship": "Outer", "Join Type": "Inner", "Startup Cost": 0.0, "Total Cost": 110449.22, "Plan Rows": 645, "Plan Width": 41, "Inner Unique": false, "Plans": [{"Node Type": "Nested Loop", "Parent Relationship": "Outer", "Join Type": "Inner", "Startup Cost": 0.0, "Total Cost": 109995.01, "Plan Rows": 532, "Plan Width": 21, "Inner Unique": false, "Join Filter": "(ci.role_id = rt.id)", "Plans": [{"Node Type": "Index Scan", "Parent Relationship": "Outer", "Scan Direction": "Forward", "Index Name": "role_type_pkey", "Relation Name": "role_type", "Alias": "rt", "Startup Cost": 0.0, "Total Cost": 12.46, "Plan Rows": 1, "Plan Width": 4, "Filter": "((role)::text = 'actress'::text)"}, {"Node Type": "Nested Loop", "Parent Relationship": "Inner", "Join Type": "Inner", "Startup Cost": 0.0, "Total Cost": 109909.47, "Plan Rows": 5847, "Plan Width": 25, "Inner Unique": false, "Plans": [{"Node Type": "Nested Loop", "Parent Relationship": "Outer", "Join Type": "Inner", "Startup Cost": 0.0, "Total Cost": 104166.87, "Plan Rows": 5775, "Plan Width": 25, "Inner Unique": true, "Plans": [{"Node Type": "Nested Loop", "Parent Relationship": "Outer", "Join Type": "Inner", "Startup Cost": 0.0, "Total Cost": 81519.78, "Plan Rows": 5775, "Plan Width": 4, "Inner Unique": false, "Plans": [{"Node Type": "Index Scan", "Parent Relationship": "Outer", "Scan Direction": "Forward", "Index Name": "company_name_pkey", "Relation Name": "company_name", "Alias": "cn", "Startup Cost": 0.0, "Total Cost": 10501.39, "Plan Rows": 6290, "Plan Width": 4, "Filter": "((country_code)::text = '[jp]'::text)"}, {"Node Type": "Index Scan", "Parent Relationship": "Inner", "Scan Direction": "Forward", "Index Name": "company_id_movie_companies", "Relation Name": "movie_companies", "Alias": "mc", "Startup Cost": 0.0, "Total Cost": 11.28, "Plan Rows": 1, "Plan Width": 8, "Index Cond": "(company_id = cn.id)", "Filter": "(((note)::text ~~ '%(Japan)%'::text) AND ((note)::text !~~ '%(USA)%'::text))"}]}, {"Node Type": "Index Scan", "Parent Relationship": "Inner", "Scan Direction": "Forward", "Index Name": "title_pkey", "Relation Name": "title", "Alias": "t", "Startup Cost": 0.0, "Total Cost": 3.91, "Plan Rows": 1, "Plan Width": 21, "Index Cond": "(id = mc.movie_id)"}]}, {"Node Type": "Index Scan", "Parent Relationship": "Inner", "Scan Direction": "Forward", "Index Name": "movie_id_cast_info", "Relation Name": "cast_info", "Alias": "ci", "Startup Cost": 0.0, "Total Cost": 0.98, "Plan Rows": 1, "Plan Width": 12, "Index Cond": "(movie_id = t.id)", "Filter": "((note)::text = '(voice: English version)'::text)"}]}]}, {"Node Type": "Index Scan", "Parent Relationship": "Inner", "Scan Direction": "Forward", "Index Name": "person_id_aka_name", "Relation Name": "aka_name", "Alias": "an1", "Startup Cost": 0.0, "Total Cost": 0.84, "Plan Rows": 1, "Plan Width": 20, "Index Cond": "(person_id = ci.person_id)"}]}, {"Node Type": "Index Scan", "Parent Relationship": "Inner", "Scan Direction": "Forward", "Index Name": "name_pkey", "Relation Name": "name", "Alias": "n1", "Startup Cost": 0.0, "Total Cost": 0.57, "Plan Rows": 1, "Plan Width": 4, "Index Cond": "(id = an1.person_id)", "Filter": "(((name)::text ~~ '%Yo%'::text) AND ((name)::text !~~ '%Yu%'::text))"}]}]}, "Unique SQL Id": 3544391839, "Planner Runtime": 4}, "explain_analyze_plan": {"Plan": {"Node Type": "Aggregate", "Strategy": "Plain", "Startup Cost": 110824.82, "Total Cost": 110824.83, "Plan Rows": 1, "Plan Width": 97, "Actual Startup Time": 3920.32, "Actual Total Time": 3920.321, "Actual Rows": 1, "Actual Loops": 1, "Plans": [{"Node Type": "Nested Loop", "Parent Relationship": "Outer", "Join Type": "Inner", "Startup Cost": 0.0, "Total Cost": 110824.76, "Plan Rows": 12, "Plan Width": 33, "Actual Startup Time": 4.241, "Actual Total Time": 3919.925, "Actual Rows": 62, "Actual Loops": 1, "Inner Unique": true, "Plans": [{"Node Type": "Nested Loop", "Parent Relationship": "Outer", "Join Type": "Inner", "Startup Cost": 0.0, "Total Cost": 110449.22, "Plan Rows": 645, "Plan Width": 41, "Actual Startup Time": 0.311, "Actual Total Time": 3843.189, "Actual Rows": 17379, "Actual Loops": 1, "Inner Unique": false, "Plans": [{"Node Type": "Nested Loop", "Parent Relationship": "Outer", "Join Type": "Inner", "Startup Cost": 0.0, "Total Cost": 109995.01, "Plan Rows": 532, "Plan Width": 21, "Actual Startup Time": 0.3, "Actual Total Time": 3793.45, "Actual Rows": 7438, "Actual Loops": 1, "Inner Unique": false, "Join Filter": "(ci.role_id = rt.id)", "Rows Removed by Join Filter": 12162, "Plans": [{"Node Type": "Index Scan", "Parent Relationship": "Outer", "Scan Direction": "Forward", "Index Name": "role_type_pkey", "Relation Name": "role_type", "Alias": "rt", "Startup Cost": 0.0, "Total Cost": 12.46, "Plan Rows": 1, "Plan Width": 4, "Actual Startup Time": 0.036, "Actual Total Time": 0.051, "Actual Rows": 1, "Actual Loops": 1, "Filter": "((role)::text = 'actress'::text)", "Rows Removed by Filter": 11}, {"Node Type": "Nested Loop", "Parent Relationship": "Inner", "Join Type": "Inner", "Startup Cost": 0.0, "Total Cost": 109909.47, "Plan Rows": 5847, "Plan Width": 25, "Actual Startup Time": 0.26, "Actual Total Time": 3788.159, "Actual Rows": 19600, "Actual Loops": 1, "Inner Unique": false, "Plans": [{"Node Type": "Nested Loop", "Parent Relationship": "Outer", "Join Type": "Inner", "Startup Cost": 0.0, "Total Cost": 104166.87, "Plan Rows": 5775, "Plan Width": 25, "Actual Startup Time": 0.203, "Actual Total Time": 865.143, "Actual Rows": 48328, "Actual Loops": 1, "Inner Unique": true, "Plans": [{"Node Type": "Nested Loop", "Parent Relationship": "Outer", "Join Type": "Inner", "Startup Cost": 0.0, "Total Cost": 81519.78, "Plan Rows": 5775, "Plan Width": 4, "Actual Startup Time": 0.192, "Actual Total Time": 560.178, "Actual Rows": 48328, "Actual Loops": 1, "Inner Unique": false, "Plans": [{"Node Type": "Index Scan", "Parent Relationship": "Outer", "Scan Direction": "Forward", "Index Name": "company_name_pkey", "Relation Name": "company_name", "Alias": "cn", "Startup Cost": 0.0, "Total Cost": 10501.39, "Plan Rows": 6290, "Plan Width": 4, "Actual Startup Time": 0.158, "Actual Total Time": 329.41, "Actual Rows": 6752, "Actual Loops": 1, "Filter": "((country_code)::text = '[jp]'::text)", "Rows Removed by Filter": 228244}, {"Node Type": "Index Scan", "Parent Relationship": "Inner", "Scan Direction": "Forward", "Index Name": "company_id_movie_companies", "Relation Name": "movie_companies", "Alias": "mc", "Startup Cost": 0.0, "Total Cost": 11.28, "Plan Rows": 1, "Plan Width": 8, "Actual Startup Time": 59.855, "Actual Total Time": 214.607, "Actual Rows": 48328, "Actual Loops": 6752, "Index Cond": "(company_id = cn.id)", "Rows Removed by Index Recheck": 0, "Filter": "(((note)::text ~~ '%(Japan)%'::text) AND ((note)::text !~~ '%(USA)%'::text))", "Rows Removed by Filter": 56667}]}, {"Node Type": "Index Scan", "Parent Relationship": "Inner", "Scan Direction": "Forward", "Index Name": "title_pkey", "Relation Name": "title", "Alias": "t", "Startup Cost": 0.0, "Total Cost": 3.91, "Plan Rows": 1, "Plan Width": 21, "Actual Startup Time": 262.05, "Actual Total Time": 262.05, "Actual Rows": 48328, "Actual Loops": 48328, "Index Cond": "(id = mc.movie_id)", "Rows Removed by Index Recheck": 0}]}, {"Node Type": "Index Scan", "Parent Relationship": "Inner", "Scan Direction": "Forward", "Index Name": "movie_id_cast_info", "Relation Name": "cast_info", "Alias": "ci", "Startup Cost": 0.0, "Total Cost": 0.98, "Plan Rows": 1, "Plan Width": 12, "Actual Startup Time": 2764.157, "Actual Total Time": 2892.023, "Actual Rows": 19600, "Actual Loops": 48328, "Index Cond": "(movie_id = t.id)", "Rows Removed by Index Recheck": 0, "Filter": "((note)::text = '(voice: English version)'::text)", "Rows Removed by Filter": 1531710}]}]}, {"Node Type": "Index Scan", "Parent Relationship": "Inner", "Scan Direction": "Forward", "Index Name": "person_id_aka_name", "Relation Name": "aka_name", "Alias": "an1", "Startup Cost": 0.0, "Total Cost": 0.84, "Plan Rows": 1, "Plan Width": 20, "Actual Startup Time": 32.563, "Actual Total Time": 40.837, "Actual Rows": 17379, "Actual Loops": 7438, "Index Cond": "(person_id = ci.person_id)", "Rows Removed by Index Recheck": 0}]}, {"Node Type": "Index Scan", "Parent Relationship": "Inner", "Scan Direction": "Forward", "Index Name": "name_pkey", "Relation Name": "name", "Alias": "n1", "Startup Cost": 0.0, "Total Cost": 0.57, "Plan Rows": 1, "Plan Width": 4, "Actual Startup Time": 67.888, "Actual Total Time": 67.888, "Actual Rows": 62, "Actual Loops": 17379, "Index Cond": "(id = an1.person_id)", "Rows Removed by Index Recheck": 0, "Filter": "(((name)::text ~~ '%Yo%'::text) AND ((name)::text !~~ '%Yu%'::text))", "Rows Removed by Filter": 17317}]}]}, "Triggers": [], "Planner Runtime": 4, "Total Runtime": 3920.691, "Unique SQL Id": 3544391839}}, "(1, 54)": {"explain_plan": {"Plan": {"Node Type": "Aggregate", "Strategy": "Plain", "Startup Cost": 163826.04, "Total Cost": 163826.05, "Plan Rows": 1, "Plan Width": 97, "Plans": [{"Node Type": "Nested Loop", "Parent Relationship": "Outer", "Join Type": "Inner", "Startup Cost": 6.45, "Total Cost": 163825.98, "Plan Rows": 12, "Plan Width": 33, "Inner Unique": false, "Join Filter": "(n1.id = an1.person_id)", "Plans": [{"Node Type": "Nested Loop", "Parent Relationship": "Outer", "Join Type": "Inner", "Startup Cost": 6.07, "Total Cost": 163482.33, "Plan Rows": 78, "Plan Width": 25, "Inner Unique": true, "Plans": [{"Node Type": "Nested Loop", "Parent Relationship": "Outer", "Join Type": "Inner", "Startup Cost": 5.16, "Total Cost": 160859.69, "Plan Rows": 532, "Plan Width": 21, "Inner Unique": false, "Join Filter": "(ci.role_id = rt.id)", "Plans": [{"Node Type": "Seq Scan", "Parent Relationship": "Outer", "Relation Name": "role_type", "Alias": "rt", "Startup Cost": 0.0, "Total Cost": 1.15, "Plan Rows": 1, "Plan Width": 4, "Filter": "((role)::text = 'actress'::text)"}, {"Node Type": "Nested Loop", "Parent Relationship": "Inner", "Join Type": "Inner", "Startup Cost": 5.16, "Total Cost": 160785.45, "Plan Rows": 5847, "Plan Width": 25, "Inner Unique": false, "Plans": [{"Node Type": "Nested Loop", "Parent Relationship": "Outer", "Join Type": "Inner", "Startup Cost": 4.65, "Total Cost": 134127.63, "Plan Rows": 5775, "Plan Width": 25, "Inner Unique": true, "Plans": [{"Node Type": "Nested Loop", "Parent Relationship": "Outer", "Join Type": "Inner", "Startup Cost": 3.37, "Total Cost": 103541.28, "Plan Rows": 5775, "Plan Width": 4, "Inner Unique": false, "Plans": [{"Node Type": "Seq Scan", "Parent Relationship": "Outer", "Relation Name": "company_name", "Alias": "cn", "Startup Cost": 0.0, "Total Cost": 5903.45, "Plan Rows": 6290, "Plan Width": 4, "Filter": "((country_code)::text = '[jp]'::text)"}, {"Node Type": "Bitmap Heap Scan", "Parent Relationship": "Inner", "Relation Name": "movie_companies", "Alias": "mc", "Startup Cost": 3.37, "Total Cost": 15.51, "Plan Rows": 1, "Plan Width": 8, "Recheck Cond": "(company_id = cn.id)", "Filter": "(((note)::text ~~ '%(Japan)%'::text) AND ((note)::text !~~ '%(USA)%'::text))", "Plans": [{"Node Type": "Bitmap Index Scan", "Parent Relationship": "Outer", "Index Name": "company_id_movie_companies", "Startup Cost": 0.0, "Total Cost": 3.37, "Plan Rows": 15, "Plan Width": 0, "Index Cond": "(company_id = cn.id)"}]}]}, {"Node Type": "Bitmap Heap Scan", "Parent Relationship": "Inner", "Relation Name": "title", "Alias": "t", "Startup Cost": 1.27, "Total Cost": 5.29, "Plan Rows": 1, "Plan Width": 21, "Recheck Cond": "(id = mc.movie_id)", "Plans": [{"Node Type": "Bitmap Index Scan", "Parent Relationship": "Outer", "Index Name": "title_pkey", "Startup Cost": 0.0, "Total Cost": 1.27, "Plan Rows": 1, "Plan Width": 0, "Index Cond": "(id = mc.movie_id)"}]}]}, {"Node Type": "Bitmap Heap Scan", "Parent Relationship": "Inner", "Relation Name": "cast_info", "Alias": "ci", "Startup Cost": 0.52, "Total Cost": 4.61, "Plan Rows": 1, "Plan Width": 12, "Recheck Cond": "(movie_id = t.id)", "Filter": "((note)::text = '(voice: English version)'::text)", "Plans": [{"Node Type": "Bitmap Index Scan", "Parent Relationship": "Outer", "Index Name": "movie_id_cast_info", "Startup Cost": 0.0, "Total Cost": 0.52, "Plan Rows": 6, "Plan Width": 0, "Index Cond": "(movie_id = t.id)"}]}]}]}, {"Node Type": "Bitmap Heap Scan", "Parent Relationship": "Inner", "Relation Name": "name", "Alias": "n1", "Startup Cost": 0.9, "Total Cost": 4.92, "Plan Rows": 1, "Plan Width": 4, "Recheck Cond": "(id = ci.person_id)", "Filter": "(((name)::text ~~ '%Yo%'::text) AND ((name)::text !~~ '%Yu%'::text))", "Plans": [{"Node Type": "Bitmap Index Scan", "Parent Relationship": "Outer", "Index Name": "name_pkey", "Startup Cost": 0.0, "Total Cost": 0.9, "Plan Rows": 1, "Plan Width": 0, "Index Cond": "(id = ci.person_id)"}]}]}, {"Node Type": "Bitmap Heap Scan", "Parent Relationship": "Inner", "Relation Name": "aka_name", "Alias": "an1", "Startup Cost": 0.38, "Total Cost": 4.39, "Plan Rows": 1, "Plan Width": 20, "Recheck Cond": "(person_id = ci.person_id)", "Plans": [{"Node Type": "Bitmap Index Scan", "Parent Relationship": "Outer", "Index Name": "person_id_aka_name", "Startup Cost": 0.0, "Total Cost": 0.38, "Plan Rows": 1, "Plan Width": 0, "Index Cond": "(person_id = ci.person_id)"}]}]}]}, "Unique SQL Id": 3544391839, "Planner Runtime": 6}, "explain_analyze_plan": {"Plan": {"Node Type": "Aggregate", "Strategy": "Plain", "Startup Cost": 163826.04, "Total Cost": 163826.05, "Plan Rows": 1, "Plan Width": 97, "Actual Startup Time": 4333.894, "Actual Total Time": 4333.894, "Actual Rows": 1, "Actual Loops": 1, "Plans": [{"Node Type": "Nested Loop", "Parent Relationship": "Outer", "Join Type": "Inner", "Startup Cost": 6.45, "Total Cost": 163825.98, "Plan Rows": 12, "Plan Width": 33, "Actual Startup Time": 286.054, "Actual Total Time": 4333.54, "Actual Rows": 62, "Actual Loops": 1, "Inner Unique": false, "Join Filter": "(n1.id = an1.person_id)", "Rows Removed by Join Filter": 0, "Plans": [{"Node Type": "Nested Loop", "Parent Relationship": "Outer", "Join Type": "Inner", "Startup Cost": 6.07, "Total Cost": 163482.33, "Plan Rows": 78, "Plan Width": 25, "Actual Startup Time": 286.028, "Actual Total Time": 4332.881, "Actual Rows": 38, "Actual Loops": 1, "Inner Unique": true, "Plans": [{"Node Type": "Nested Loop", "Parent Relationship": "Outer", "Join Type": "Inner", "Startup Cost": 5.16, "Total Cost": 160859.69, "Plan Rows": 532, "Plan Width": 21, "Actual Startup Time": 0.207, "Actual Total Time": 4273.216, "Actual Rows": 7438, "Actual Loops": 1, "Inner Unique": false, "Join Filter": "(ci.role_id = rt.id)", "Rows Removed by Join Filter": 12162, "Plans": [{"Node Type": "Seq Scan", "Parent Relationship": "Outer", "Relation Name": "role_type", "Alias": "rt", "Startup Cost": 0.0, "Total Cost": 1.15, "Plan Rows": 1, "Plan Width": 4, "Actual Startup Time": 0.025, "Actual Total Time": 0.034, "Actual Rows": 1, "Actual Loops": 1, "Filter": "((role)::text = 'actress'::text)", "Rows Removed by Filter": 11}, {"Node Type": "Nested Loop", "Parent Relationship": "Inner", "Join Type": "Inner", "Startup Cost": 5.16, "Total Cost": 160785.45, "Plan Rows": 5847, "Plan Width": 25, "Actual Startup Time": 0.177, "Actual Total Time": 4267.787, "Actual Rows": 19600, "Actual Loops": 1, "Inner Unique": false, "Plans": [{"Node Type": "Nested Loop", "Parent Relationship": "Outer", "Join Type": "Inner", "Startup Cost": 4.65, "Total Cost": 134127.63, "Plan Rows": 5775, "Plan Width": 25, "Actual Startup Time": 0.107, "Actual Total Time": 767.129, "Actual Rows": 48328, "Actual Loops": 1, "Inner Unique": true, "Plans": [{"Node Type": "Nested Loop", "Parent Relationship": "Outer", "Join Type": "Inner", "Startup Cost": 3.37, "Total Cost": 103541.28, "Plan Rows": 5775, "Plan Width": 4, "Actual Startup Time": 0.092, "Actual Total Time": 365.648, "Actual Rows": 48328, "Actual Loops": 1, "Inner Unique": false, "Plans": [{"Node Type": "Seq Scan", "Parent Relationship": "Outer", "Relation Name": "company_name", "Alias": "cn", "Startup Cost": 0.0, "Total Cost": 5903.45, "Plan Rows": 6290, "Plan Width": 4, "Actual Startup Time": 0.021, "Actual Total Time": 88.269, "Actual Rows": 6752, "Actual Loops": 1, "Filter": "((country_code)::text = '[jp]'::text)", "Rows Removed by Filter": 228244}, {"Node Type": "Bitmap Heap Scan", "Parent Relationship": "Inner", "Relation Name": "movie_companies", "Alias": "mc", "Startup Cost": 3.37, "Total Cost": 15.51, "Plan Rows": 1, "Plan Width": 8, "Actual Startup Time": 97.42, "Actual Total Time": 252.735, "Actual Rows": 48328, "Actual Loops": 6752, "Recheck Cond": "(company_id = cn.id)", "Rows Removed by Index Recheck": 0, "Filter": "(((note)::text ~~ '%(Japan)%'::text) AND ((note)::text !~~ '%(USA)%'::text))", "Rows Removed by Filter": 56667, "Exact Heap Blocks": 61861, "Lossy Heap Blocks": 61861, "Plans": [{"Node Type": "Bitmap Index Scan", "Parent Relationship": "Outer", "Index Name": "company_id_movie_companies", "Startup Cost": 0.0, "Total Cost": 3.37, "Plan Rows": 15, "Plan Width": 0, "Actual Startup Time": 50.111, "Actual Total Time": 50.111, "Actual Rows": 104995, "Actual Loops": 6752, "Index Cond": "(company_id = cn.id)"}]}]}, {"Node Type": "Bitmap Heap Scan", "Parent Relationship": "Inner", "Relation Name": "title", "Alias": "t", "Startup Cost": 1.27, "Total Cost": 5.29, "Plan Rows": 1, "Plan Width": 21, "Actual Startup Time": 323.567, "Actual Total Time": 323.567, "Actual Rows": 48328, "Actual Loops": 48328, "Recheck Cond": "(id = mc.movie_id)", "Rows Removed by Index Recheck": 0, "Exact Heap Blocks": 48328, "Lossy Heap Blocks": 48328, "Plans": [{"Node Type": "Bitmap Index Scan", "Parent Relationship": "Outer", "Index Name": "title_pkey", "Startup Cost": 0.0, "Total Cost": 1.27, "Plan Rows": 1, "Plan Width": 0, "Actual Startup Time": 192.995, "Actual Total Time": 192.995, "Actual Rows": 48328, "Actual Loops": 48328, "Index Cond": "(id = mc.movie_id)"}]}]}, {"Node Type": "Bitmap Heap Scan", "Parent Relationship": "Inner", "Relation Name": "cast_info", "Alias": "ci", "Startup Cost": 0.52, "Total Cost": 4.61, "Plan Rows": 1, "Plan Width": 12, "Actual Startup Time": 3285.45, "Actual Total Time": 3425.654, "Actual Rows": 19600, "Actual Loops": 48328, "Recheck Cond": "(movie_id = t.id)", "Rows Removed by Index Recheck": 0, "Filter": "((note)::text = '(voice: English version)'::text)", "Rows Removed by Filter": 1531710, "Exact Heap Blocks": 1503105, "Lossy Heap Blocks": 1503105, "Plans": [{"Node Type": "Bitmap Index Scan", "Parent Relationship": "Outer", "Index Name": "movie_id_cast_info", "Startup Cost": 0.0, "Total Cost": 0.52, "Plan Rows": 6, "Plan Width": 0, "Actual Startup Time": 513.532, "Actual Total Time": 513.532, "Actual Rows": 1551310, "Actual Loops": 48328, "Index Cond": "(movie_id = t.id)"}]}]}]}, {"Node Type": "Bitmap Heap Scan", "Parent Relationship": "Inner", "Relation Name": "name", "Alias": "n1", "Startup Cost": 0.9, "Total Cost": 4.92, "Plan Rows": 1, "Plan Width": 4, "Actual Startup Time": 49.965, "Actual Total Time": 49.965, "Actual Rows": 38, "Actual Loops": 7438, "Recheck Cond": "(id = ci.person_id)", "Rows Removed by Index Recheck": 0, "Filter": "(((name)::text ~~ '%Yo%'::text) AND ((name)::text !~~ '%Yu%'::text))", "Rows Removed by Filter": 7400, "Exact Heap Blocks": 7438, "Lossy Heap Blocks": 7438, "Plans": [{"Node Type": "Bitmap Index Scan", "Parent Relationship": "Outer", "Index Name": "name_pkey", "Startup Cost": 0.0, "Total Cost": 0.9, "Plan Rows": 1, "Plan Width": 0, "Actual Startup Time": 30.042, "Actual Total Time": 30.042, "Actual Rows": 7438, "Actual Loops": 7438, "Index Cond": "(id = ci.person_id)"}]}]}, {"Node Type": "Bitmap Heap Scan", "Parent Relationship": "Inner", "Relation Name": "aka_name", "Alias": "an1", "Startup Cost": 0.38, "Total Cost": 4.39, "Plan Rows": 1, "Plan Width": 20, "Actual Startup Time": 0.417, "Actual Total Time": 0.444, "Actual Rows": 62, "Actual Loops": 38, "Recheck Cond": "(person_id = ci.person_id)", "Rows Removed by Index Recheck": 0, "Exact Heap Blocks": 43, "Lossy Heap Blocks": 43, "Plans": [{"Node Type": "Bitmap Index Scan", "Parent Relationship": "Outer", "Index Name": "person_id_aka_name", "Startup Cost": 0.0, "Total Cost": 0.38, "Plan Rows": 1, "Plan Width": 0, "Actual Startup Time": 0.256, "Actual Total Time": 0.256, "Actual Rows": 62, "Actual Loops": 38, "Index Cond": "(person_id = ci.person_id)"}]}]}]}, "Triggers": [], "Planner Runtime": 6, "Total Runtime": 4334.363, "Unique SQL Id": 3544391839}}, "(1, 55)": {"explain_plan": {"Plan": {"Node Type": "Aggregate", "Strategy": "Plain", "Startup Cost": 1000012228445.06, "Total Cost": 1000012228445.07, "Plan Rows": 1, "Plan Width": 97, "Plans": [{"Node Type": "Nested Loop", "Parent Relationship": "Outer", "Join Type": "Inner", "Startup Cost": 10000000003.19, "Total Cost": 1000012228445.0, "Plan Rows": 12, "Plan Width": 33, "Inner Unique": true, "Plans": [{"Node Type": "Nested Loop", "Parent Relationship": "Outer", "Join Type": "Inner", "Startup Cost": 10000000002.87, "Total Cost": 1000012225636.42, "Plan Rows": 645, "Plan Width": 41, "Inner Unique": true, "Plans": [{"Node Type": "Nested Loop", "Parent Relationship": "Outer", "Join Type": "Inner", "Startup Cost": 10000000002.23, "Total Cost": 1000012222628.77, "Plan Rows": 645, "Plan Width": 32, "Inner Unique": true, "Plans": [{"Node Type": "Nested Loop", "Parent Relationship": "Outer", "Join Type": "Inner", "Startup Cost": 10000000001.92, "Total Cost": 1000012205100.96, "Plan Rows": 4051, "Plan Width": 36, "Inner Unique": false, "Plans": [{"Node Type": "Nested Loop", "Parent Relationship": "Outer", "Join Type": "Inner", "Startup Cost": 10000000001.26, "Total Cost": 1000012155572.17, "Plan Rows": 10524, "Plan Width": 28, "Inner Unique": true, "Plans": [{"Node Type": "Nested Loop", "Parent Relationship": "Outer", "Join Type": "Inner", "Startup Cost": 10000000001.0, "Total Cost": 1000011659757.19, "Plan Rows": 115768, "Plan Width": 32, "Inner Unique": false, "Plans": [{"Node Type": "Index Scan", "Parent Relationship": "Outer", "Scan Direction": "Forward", "Index Name": "person_id_aka_name", "Relation Name": "aka_name", "Alias": "an1", "Startup Cost": 10000000000.0, "Total Cost": 1000006896503.43, "Plan Rows": 901342, "Plan Width": 20}, {"Node Type": "Bitmap Heap Scan", "Parent Relationship": "Inner", "Relation Name": "cast_info", "Alias": "ci", "Startup Cost": 1.0, "Total Cost": 5.27, "Plan Rows": 1, "Plan Width": 12, "Recheck Cond": "(person_id = an1.person_id)", "Filter": "((note)::text = '(voice: English version)'::text)", "Plans": [{"Node Type": "Bitmap Index Scan", "Parent Relationship": "Outer", "Index Name": "person_id_cast_info", "Startup Cost": 0.0, "Total Cost": 1.0, "Plan Rows": 18, "Plan Width": 0, "Index Cond": "(person_id = an1.person_id)"}]}]}, {"Node Type": "Bitmap Heap Scan", "Parent Relationship": "Inner", "Relation Name": "role_type", "Alias": "rt", "Startup Cost": 0.26, "Total Cost": 4.27, "Plan Rows": 1, "Plan Width": 4, "Recheck Cond": "(id = ci.role_id)", "Filter": "((role)::text = 'actress'::text)", "Plans": [{"Node Type": "Bitmap Index Scan", "Parent Relationship": "Outer", "Index Name": "role_type_pkey", "Startup Cost": 0.0, "Total Cost": 0.26, "Plan Rows": 1, "Plan Width": 0, "Index Cond": "(id = ci.role_id)"}]}]}, {"Node Type": "Bitmap Heap Scan", "Parent Relationship": "Inner", "Relation Name": "movie_companies", "Alias": "mc", "Startup Cost": 0.66, "Total Cost": 4.7, "Plan Rows": 1, "Plan Width": 8, "Recheck Cond": "(movie_id = ci.movie_id)", "Filter": "(((note)::text ~~ '%(Japan)%'::text) AND ((note)::text !~~ '%(USA)%'::text))", "Plans": [{"Node Type": "Bitmap Index Scan", "Parent Relationship": "Outer", "Index Name": "movie_id_movie_companies", "Startup Cost": 0.0, "Total Cost": 0.66, "Plan Rows": 2, "Plan Width": 0, "Index Cond": "(movie_id = ci.movie_id)"}]}]}, {"Node Type": "Bitmap Heap Scan", "Parent Relationship": "Inner", "Relation Name": "company_name", "Alias": "cn", "Startup Cost": 0.3, "Total Cost": 4.32, "Plan Rows": 1, "Plan Width": 4, "Recheck Cond": "(id = mc.company_id)", "Filter": "((country_code)::text = '[jp]'::text)", "Plans": [{"Node Type": "Bitmap Index Scan", "Parent Relationship": "Outer", "Index Name": "company_name_pkey", "Startup Cost": 0.0, "Total Cost": 0.3, "Plan Rows": 1, "Plan Width": 0, "Index Cond": "(id = mc.company_id)"}]}]}, {"Node Type": "Bitmap Heap Scan", "Parent Relationship": "Inner", "Relation Name": "title", "Alias": "t", "Startup Cost": 0.64, "Total Cost": 4.65, "Plan Rows": 1, "Plan Width": 21, "Recheck Cond": "(id = ci.movie_id)", "Plans": [{"Node Type": "Bitmap Index Scan", "Parent Relationship": "Outer", "Index Name": "title_pkey", "Startup Cost": 0.0, "Total Cost": 0.64, "Plan Rows": 1, "Plan Width": 0, "Index Cond": "(id = ci.movie_id)"}]}]}, {"Node Type": "Bitmap Heap Scan", "Parent Relationship": "Inner", "Relation Name": "name", "Alias": "n1", "Startup Cost": 0.33, "Total Cost": 4.34, "Plan Rows": 1, "Plan Width": 4, "Recheck Cond": "(id = an1.person_id)", "Filter": "(((name)::text ~~ '%Yo%'::text) AND ((name)::text !~~ '%Yu%'::text))", "Plans": [{"Node Type": "Bitmap Index Scan", "Parent Relationship": "Outer", "Index Name": "name_pkey", "Startup Cost": 0.0, "Total Cost": 0.33, "Plan Rows": 1, "Plan Width": 0, "Index Cond": "(id = an1.person_id)"}]}]}]}, "Unique SQL Id": 3544391839, "Planner Runtime": 4}, "explain_analyze_plan": null}, "(1, 56)": {"explain_plan": {"Plan": {"Node Type": "Aggregate", "Strategy": "Plain", "Startup Cost": 106215.57, "Total Cost": 106215.58, "Plan Rows": 1, "Plan Width": 97, "Plans": [{"Node Type": "Nested Loop", "Parent Relationship": "Outer", "Join Type": "Inner", "Startup Cost": 0.0, "Total Cost": 106215.51, "Plan Rows": 12, "Plan Width": 33, "Inner Unique": true, "Plans": [{"Node Type": "Nested Loop", "Parent Relationship": "Outer", "Join Type": "Inner", "Startup Cost": 0.0, "Total Cost": 105839.97, "Plan Rows": 645, "Plan Width": 41, "Inner Unique": false, "Plans": [{"Node Type": "Nested Loop", "Parent Relationship": "Outer", "Join Type": "Inner", "Startup Cost": 0.0, "Total Cost": 105385.76, "Plan Rows": 532, "Plan Width": 21, "Inner Unique": false, "Join Filter": "(ci.role_id = rt.id)", "Plans": [{"Node Type": "Seq Scan", "Parent Relationship": "Outer", "Relation Name": "role_type", "Alias": "rt", "Startup Cost": 0.0, "Total Cost": 1.15, "Plan Rows": 1, "Plan Width": 4, "Filter": "((role)::text = 'actress'::text)"}, {"Node Type": "Nested Loop", "Parent Relationship": "Inner", "Join Type": "Inner", "Startup Cost": 0.0, "Total Cost": 105311.53, "Plan Rows": 5847, "Plan Width": 25, "Inner Unique": false, "Plans": [{"Node Type": "Nested Loop", "Parent Relationship": "Outer", "Join Type": "Inner", "Startup Cost": 0.0, "Total Cost": 99568.93, "Plan Rows": 5775, "Plan Width": 25, "Inner Unique": true, "Plans": [{"Node Type": "Nested Loop", "Parent Relationship": "Outer", "Join Type": "Inner", "Startup Cost": 0.0, "Total Cost": 76921.84, "Plan Rows": 5775, "Plan Width": 4, "Inner Unique": false, "Plans": [{"Node Type": "Seq Scan", "Parent Relationship": "Outer", "Relation Name": "company_name", "Alias": "cn", "Startup Cost": 0.0, "Total Cost": 5903.45, "Plan Rows": 6290, "Plan Width": 4, "Filter": "((country_code)::text = '[jp]'::text)"}, {"Node Type": "Index Scan", "Parent Relationship": "Inner", "Scan Direction": "Forward", "Index Name": "company_id_movie_companies", "Relation Name": "movie_companies", "Alias": "mc", "Startup Cost": 0.0, "Total Cost": 11.28, "Plan Rows": 1, "Plan Width": 8, "Index Cond": "(company_id = cn.id)", "Filter": "(((note)::text ~~ '%(Japan)%'::text) AND ((note)::text !~~ '%(USA)%'::text))"}]}, {"Node Type": "Index Scan", "Parent Relationship": "Inner", "Scan Direction": "Forward", "Index Name": "title_pkey", "Relation Name": "title", "Alias": "t", "Startup Cost": 0.0, "Total Cost": 3.91, "Plan Rows": 1, "Plan Width": 21, "Index Cond": "(id = mc.movie_id)"}]}, {"Node Type": "Index Scan", "Parent Relationship": "Inner", "Scan Direction": "Forward", "Index Name": "movie_id_cast_info", "Relation Name": "cast_info", "Alias": "ci", "Startup Cost": 0.0, "Total Cost": 0.98, "Plan Rows": 1, "Plan Width": 12, "Index Cond": "(movie_id = t.id)", "Filter": "((note)::text = '(voice: English version)'::text)"}]}]}, {"Node Type": "Index Scan", "Parent Relationship": "Inner", "Scan Direction": "Forward", "Index Name": "person_id_aka_name", "Relation Name": "aka_name", "Alias": "an1", "Startup Cost": 0.0, "Total Cost": 0.84, "Plan Rows": 1, "Plan Width": 20, "Index Cond": "(person_id = ci.person_id)"}]}, {"Node Type": "Index Scan", "Parent Relationship": "Inner", "Scan Direction": "Forward", "Index Name": "name_pkey", "Relation Name": "name", "Alias": "n1", "Startup Cost": 0.0, "Total Cost": 0.57, "Plan Rows": 1, "Plan Width": 4, "Index Cond": "(id = an1.person_id)", "Filter": "(((name)::text ~~ '%Yo%'::text) AND ((name)::text !~~ '%Yu%'::text))"}]}]}, "Unique SQL Id": 3544391839, "Planner Runtime": 4}, "explain_analyze_plan": {"Plan": {"Node Type": "Aggregate", "Strategy": "Plain", "Startup Cost": 106215.57, "Total Cost": 106215.58, "Plan Rows": 1, "Plan Width": 97, "Actual Startup Time": 3343.581, "Actual Total Time": 3343.582, "Actual Rows": 1, "Actual Loops": 1, "Plans": [{"Node Type": "Nested Loop", "Parent Relationship": "Outer", "Join Type": "Inner", "Startup Cost": 0.0, "Total Cost": 106215.51, "Plan Rows": 12, "Plan Width": 33, "Actual Startup Time": 225.177, "Actual Total Time": 3343.278, "Actual Rows": 62, "Actual Loops": 1, "Inner Unique": true, "Plans": [{"Node Type": "Nested Loop", "Parent Relationship": "Outer", "Join Type": "Inner", "Startup Cost": 0.0, "Total Cost": 105839.97, "Plan Rows": 645, "Plan Width": 41, "Actual Startup Time": 0.174, "Actual Total Time": 3267.385, "Actual Rows": 17379, "Actual Loops": 1, "Inner Unique": false, "Plans": [{"Node Type": "Nested Loop", "Parent Relationship": "Outer", "Join Type": "Inner", "Startup Cost": 0.0, "Total Cost": 105385.76, "Plan Rows": 532, "Plan Width": 21, "Actual Startup Time": 0.164, "Actual Total Time": 3218.995, "Actual Rows": 7438, "Actual Loops": 1, "Inner Unique": false, "Join Filter": "(ci.role_id = rt.id)", "Rows Removed by Join Filter": 12162, "Plans": [{"Node Type": "Seq Scan", "Parent Relationship": "Outer", "Relation Name": "role_type", "Alias": "rt", "Startup Cost": 0.0, "Total Cost": 1.15, "Plan Rows": 1, "Plan Width": 4, "Actual Startup Time": 0.027, "Actual Total Time": 0.032, "Actual Rows": 1, "Actual Loops": 1, "Filter": "((role)::text = 'actress'::text)", "Rows Removed by Filter": 11}, {"Node Type": "Nested Loop", "Parent Relationship": "Inner", "Join Type": "Inner", "Startup Cost": 0.0, "Total Cost": 105311.53, "Plan Rows": 5847, "Plan Width": 25, "Actual Startup Time": 0.131, "Actual Total Time": 3213.59, "Actual Rows": 19600, "Actual Loops": 1, "Inner Unique": false, "Plans": [{"Node Type": "Nested Loop", "Parent Relationship": "Outer", "Join Type": "Inner", "Startup Cost": 0.0, "Total Cost": 99568.93, "Plan Rows": 5775, "Plan Width": 25, "Actual Startup Time": 0.077, "Actual Total Time": 575.312, "Actual Rows": 48328, "Actual Loops": 1, "Inner Unique": true, "Plans": [{"Node Type": "Nested Loop", "Parent Relationship": "Outer", "Join Type": "Inner", "Startup Cost": 0.0, "Total Cost": 76921.84, "Plan Rows": 5775, "Plan Width": 4, "Actual Startup Time": 0.067, "Actual Total Time": 292.251, "Actual Rows": 48328, "Actual Loops": 1, "Inner Unique": false, "Plans": [{"Node Type": "Seq Scan", "Parent Relationship": "Outer", "Relation Name": "company_name", "Alias": "cn", "Startup Cost": 0.0, "Total Cost": 5903.45, "Plan Rows": 6290, "Plan Width": 4, "Actual Startup Time": 0.021, "Actual Total Time": 83.294, "Actual Rows": 6752, "Actual Loops": 1, "Filter": "((country_code)::text = '[jp]'::text)", "Rows Removed by Filter": 228244}, {"Node Type": "Index Scan", "Parent Relationship": "Inner", "Scan Direction": "Forward", "Index Name": "company_id_movie_companies", "Relation Name": "movie_companies", "Alias": "mc", "Startup Cost": 0.0, "Total Cost": 11.28, "Plan Rows": 1, "Plan Width": 8, "Actual Startup Time": 54.933, "Actual Total Time": 193.373, "Actual Rows": 48328, "Actual Loops": 6752, "Index Cond": "(company_id = cn.id)", "Rows Removed by Index Recheck": 0, "Filter": "(((note)::text ~~ '%(Japan)%'::text) AND ((note)::text !~~ '%(USA)%'::text))", "Rows Removed by Filter": 56667}]}, {"Node Type": "Index Scan", "Parent Relationship": "Inner", "Scan Direction": "Forward", "Index Name": "title_pkey", "Relation Name": "title", "Alias": "t", "Startup Cost": 0.0, "Total Cost": 3.91, "Plan Rows": 1, "Plan Width": 21, "Actual Startup Time": 241.214, "Actual Total Time": 241.214, "Actual Rows": 48328, "Actual Loops": 48328, "Index Cond": "(id = mc.movie_id)", "Rows Removed by Index Recheck": 0}]}, {"Node Type": "Index Scan", "Parent Relationship": "Inner", "Scan Direction": "Forward", "Index Name": "movie_id_cast_info", "Relation Name": "cast_info", "Alias": "ci", "Startup Cost": 0.0, "Total Cost": 0.98, "Plan Rows": 1, "Plan Width": 12, "Actual Startup Time": 2486.124, "Actual Total Time": 2607.694, "Actual Rows": 19600, "Actual Loops": 48328, "Index Cond": "(movie_id = t.id)", "Rows Removed by Index Recheck": 0, "Filter": "((note)::text = '(voice: English version)'::text)", "Rows Removed by Filter": 1531710}]}]}, {"Node Type": "Index Scan", "Parent Relationship": "Inner", "Scan Direction": "Forward", "Index Name": "person_id_aka_name", "Relation Name": "aka_name", "Alias": "an1", "Startup Cost": 0.0, "Total Cost": 0.84, "Plan Rows": 1, "Plan Width": 20, "Actual Startup Time": 31.426, "Actual Total Time": 39.577, "Actual Rows": 17379, "Actual Loops": 7438, "Index Cond": "(person_id = ci.person_id)", "Rows Removed by Index Recheck": 0}]}, {"Node Type": "Index Scan", "Parent Relationship": "Inner", "Scan Direction": "Forward", "Index Name": "name_pkey", "Relation Name": "name", "Alias": "n1", "Startup Cost": 0.0, "Total Cost": 0.57, "Plan Rows": 1, "Plan Width": 4, "Actual Startup Time": 67.071, "Actual Total Time": 67.071, "Actual Rows": 62, "Actual Loops": 17379, "Index Cond": "(id = an1.person_id)", "Rows Removed by Index Recheck": 0, "Filter": "(((name)::text ~~ '%Yo%'::text) AND ((name)::text !~~ '%Yu%'::text))", "Rows Removed by Filter": 17317}]}]}, "Triggers": [], "Planner Runtime": 4, "Total Runtime": 3343.933, "Unique SQL Id": 3544391839}}, "(1, 57)": {"explain_plan": {"Plan": {"Node Type": "Aggregate", "Strategy": "Plain", "Startup Cost": 110824.82, "Total Cost": 110824.83, "Plan Rows": 1, "Plan Width": 97, "Plans": [{"Node Type": "Nested Loop", "Parent Relationship": "Outer", "Join Type": "Inner", "Startup Cost": 0.0, "Total Cost": 110824.76, "Plan Rows": 12, "Plan Width": 33, "Inner Unique": true, "Plans": [{"Node Type": "Nested Loop", "Parent Relationship": "Outer", "Join Type": "Inner", "Startup Cost": 0.0, "Total Cost": 110449.22, "Plan Rows": 645, "Plan Width": 41, "Inner Unique": false, "Plans": [{"Node Type": "Nested Loop", "Parent Relationship": "Outer", "Join Type": "Inner", "Startup Cost": 0.0, "Total Cost": 109995.01, "Plan Rows": 532, "Plan Width": 21, "Inner Unique": false, "Join Filter": "(ci.role_id = rt.id)", "Plans": [{"Node Type": "Index Scan", "Parent Relationship": "Outer", "Scan Direction": "Forward", "Index Name": "role_type_pkey", "Relation Name": "role_type", "Alias": "rt", "Startup Cost": 0.0, "Total Cost": 12.46, "Plan Rows": 1, "Plan Width": 4, "Filter": "((role)::text = 'actress'::text)"}, {"Node Type": "Nested Loop", "Parent Relationship": "Inner", "Join Type": "Inner", "Startup Cost": 0.0, "Total Cost": 109909.47, "Plan Rows": 5847, "Plan Width": 25, "Inner Unique": false, "Plans": [{"Node Type": "Nested Loop", "Parent Relationship": "Outer", "Join Type": "Inner", "Startup Cost": 0.0, "Total Cost": 104166.87, "Plan Rows": 5775, "Plan Width": 25, "Inner Unique": true, "Plans": [{"Node Type": "Nested Loop", "Parent Relationship": "Outer", "Join Type": "Inner", "Startup Cost": 0.0, "Total Cost": 81519.78, "Plan Rows": 5775, "Plan Width": 4, "Inner Unique": false, "Plans": [{"Node Type": "Index Scan", "Parent Relationship": "Outer", "Scan Direction": "Forward", "Index Name": "company_name_pkey", "Relation Name": "company_name", "Alias": "cn", "Startup Cost": 0.0, "Total Cost": 10501.39, "Plan Rows": 6290, "Plan Width": 4, "Filter": "((country_code)::text = '[jp]'::text)"}, {"Node Type": "Index Scan", "Parent Relationship": "Inner", "Scan Direction": "Forward", "Index Name": "company_id_movie_companies", "Relation Name": "movie_companies", "Alias": "mc", "Startup Cost": 0.0, "Total Cost": 11.28, "Plan Rows": 1, "Plan Width": 8, "Index Cond": "(company_id = cn.id)", "Filter": "(((note)::text ~~ '%(Japan)%'::text) AND ((note)::text !~~ '%(USA)%'::text))"}]}, {"Node Type": "Index Scan", "Parent Relationship": "Inner", "Scan Direction": "Forward", "Index Name": "title_pkey", "Relation Name": "title", "Alias": "t", "Startup Cost": 0.0, "Total Cost": 3.91, "Plan Rows": 1, "Plan Width": 21, "Index Cond": "(id = mc.movie_id)"}]}, {"Node Type": "Index Scan", "Parent Relationship": "Inner", "Scan Direction": "Forward", "Index Name": "movie_id_cast_info", "Relation Name": "cast_info", "Alias": "ci", "Startup Cost": 0.0, "Total Cost": 0.98, "Plan Rows": 1, "Plan Width": 12, "Index Cond": "(movie_id = t.id)", "Filter": "((note)::text = '(voice: English version)'::text)"}]}]}, {"Node Type": "Index Scan", "Parent Relationship": "Inner", "Scan Direction": "Forward", "Index Name": "person_id_aka_name", "Relation Name": "aka_name", "Alias": "an1", "Startup Cost": 0.0, "Total Cost": 0.84, "Plan Rows": 1, "Plan Width": 20, "Index Cond": "(person_id = ci.person_id)"}]}, {"Node Type": "Index Scan", "Parent Relationship": "Inner", "Scan Direction": "Forward", "Index Name": "name_pkey", "Relation Name": "name", "Alias": "n1", "Startup Cost": 0.0, "Total Cost": 0.57, "Plan Rows": 1, "Plan Width": 4, "Index Cond": "(id = an1.person_id)", "Filter": "(((name)::text ~~ '%Yo%'::text) AND ((name)::text !~~ '%Yu%'::text))"}]}]}, "Unique SQL Id": 3544391839, "Planner Runtime": 4}, "explain_analyze_plan": {"Plan": {"Node Type": "Aggregate", "Strategy": "Plain", "Startup Cost": 110824.82, "Total Cost": 110824.83, "Plan Rows": 1, "Plan Width": 97, "Actual Startup Time": 3920.32, "Actual Total Time": 3920.321, "Actual Rows": 1, "Actual Loops": 1, "Plans": [{"Node Type": "Nested Loop", "Parent Relationship": "Outer", "Join Type": "Inner", "Startup Cost": 0.0, "Total Cost": 110824.76, "Plan Rows": 12, "Plan Width": 33, "Actual Startup Time": 4.241, "Actual Total Time": 3919.925, "Actual Rows": 62, "Actual Loops": 1, "Inner Unique": true, "Plans": [{"Node Type": "Nested Loop", "Parent Relationship": "Outer", "Join Type": "Inner", "Startup Cost": 0.0, "Total Cost": 110449.22, "Plan Rows": 645, "Plan Width": 41, "Actual Startup Time": 0.311, "Actual Total Time": 3843.189, "Actual Rows": 17379, "Actual Loops": 1, "Inner Unique": false, "Plans": [{"Node Type": "Nested Loop", "Parent Relationship": "Outer", "Join Type": "Inner", "Startup Cost": 0.0, "Total Cost": 109995.01, "Plan Rows": 532, "Plan Width": 21, "Actual Startup Time": 0.3, "Actual Total Time": 3793.45, "Actual Rows": 7438, "Actual Loops": 1, "Inner Unique": false, "Join Filter": "(ci.role_id = rt.id)", "Rows Removed by Join Filter": 12162, "Plans": [{"Node Type": "Index Scan", "Parent Relationship": "Outer", "Scan Direction": "Forward", "Index Name": "role_type_pkey", "Relation Name": "role_type", "Alias": "rt", "Startup Cost": 0.0, "Total Cost": 12.46, "Plan Rows": 1, "Plan Width": 4, "Actual Startup Time": 0.036, "Actual Total Time": 0.051, "Actual Rows": 1, "Actual Loops": 1, "Filter": "((role)::text = 'actress'::text)", "Rows Removed by Filter": 11}, {"Node Type": "Nested Loop", "Parent Relationship": "Inner", "Join Type": "Inner", "Startup Cost": 0.0, "Total Cost": 109909.47, "Plan Rows": 5847, "Plan Width": 25, "Actual Startup Time": 0.26, "Actual Total Time": 3788.159, "Actual Rows": 19600, "Actual Loops": 1, "Inner Unique": false, "Plans": [{"Node Type": "Nested Loop", "Parent Relationship": "Outer", "Join Type": "Inner", "Startup Cost": 0.0, "Total Cost": 104166.87, "Plan Rows": 5775, "Plan Width": 25, "Actual Startup Time": 0.203, "Actual Total Time": 865.143, "Actual Rows": 48328, "Actual Loops": 1, "Inner Unique": true, "Plans": [{"Node Type": "Nested Loop", "Parent Relationship": "Outer", "Join Type": "Inner", "Startup Cost": 0.0, "Total Cost": 81519.78, "Plan Rows": 5775, "Plan Width": 4, "Actual Startup Time": 0.192, "Actual Total Time": 560.178, "Actual Rows": 48328, "Actual Loops": 1, "Inner Unique": false, "Plans": [{"Node Type": "Index Scan", "Parent Relationship": "Outer", "Scan Direction": "Forward", "Index Name": "company_name_pkey", "Relation Name": "company_name", "Alias": "cn", "Startup Cost": 0.0, "Total Cost": 10501.39, "Plan Rows": 6290, "Plan Width": 4, "Actual Startup Time": 0.158, "Actual Total Time": 329.41, "Actual Rows": 6752, "Actual Loops": 1, "Filter": "((country_code)::text = '[jp]'::text)", "Rows Removed by Filter": 228244}, {"Node Type": "Index Scan", "Parent Relationship": "Inner", "Scan Direction": "Forward", "Index Name": "company_id_movie_companies", "Relation Name": "movie_companies", "Alias": "mc", "Startup Cost": 0.0, "Total Cost": 11.28, "Plan Rows": 1, "Plan Width": 8, "Actual Startup Time": 59.855, "Actual Total Time": 214.607, "Actual Rows": 48328, "Actual Loops": 6752, "Index Cond": "(company_id = cn.id)", "Rows Removed by Index Recheck": 0, "Filter": "(((note)::text ~~ '%(Japan)%'::text) AND ((note)::text !~~ '%(USA)%'::text))", "Rows Removed by Filter": 56667}]}, {"Node Type": "Index Scan", "Parent Relationship": "Inner", "Scan Direction": "Forward", "Index Name": "title_pkey", "Relation Name": "title", "Alias": "t", "Startup Cost": 0.0, "Total Cost": 3.91, "Plan Rows": 1, "Plan Width": 21, "Actual Startup Time": 262.05, "Actual Total Time": 262.05, "Actual Rows": 48328, "Actual Loops": 48328, "Index Cond": "(id = mc.movie_id)", "Rows Removed by Index Recheck": 0}]}, {"Node Type": "Index Scan", "Parent Relationship": "Inner", "Scan Direction": "Forward", "Index Name": "movie_id_cast_info", "Relation Name": "cast_info", "Alias": "ci", "Startup Cost": 0.0, "Total Cost": 0.98, "Plan Rows": 1, "Plan Width": 12, "Actual Startup Time": 2764.157, "Actual Total Time": 2892.023, "Actual Rows": 19600, "Actual Loops": 48328, "Index Cond": "(movie_id = t.id)", "Rows Removed by Index Recheck": 0, "Filter": "((note)::text = '(voice: English version)'::text)", "Rows Removed by Filter": 1531710}]}]}, {"Node Type": "Index Scan", "Parent Relationship": "Inner", "Scan Direction": "Forward", "Index Name": "person_id_aka_name", "Relation Name": "aka_name", "Alias": "an1", "Startup Cost": 0.0, "Total Cost": 0.84, "Plan Rows": 1, "Plan Width": 20, "Actual Startup Time": 32.563, "Actual Total Time": 40.837, "Actual Rows": 17379, "Actual Loops": 7438, "Index Cond": "(person_id = ci.person_id)", "Rows Removed by Index Recheck": 0}]}, {"Node Type": "Index Scan", "Parent Relationship": "Inner", "Scan Direction": "Forward", "Index Name": "name_pkey", "Relation Name": "name", "Alias": "n1", "Startup Cost": 0.0, "Total Cost": 0.57, "Plan Rows": 1, "Plan Width": 4, "Actual Startup Time": 67.888, "Actual Total Time": 67.888, "Actual Rows": 62, "Actual Loops": 17379, "Index Cond": "(id = an1.person_id)", "Rows Removed by Index Recheck": 0, "Filter": "(((name)::text ~~ '%Yo%'::text) AND ((name)::text !~~ '%Yu%'::text))", "Rows Removed by Filter": 17317}]}]}, "Triggers": [], "Planner Runtime": 4, "Total Runtime": 3920.691, "Unique SQL Id": 3544391839}}, "(1, 58)": {"explain_plan": {"Plan": {"Node Type": "Aggregate", "Strategy": "Plain", "Startup Cost": 5094974.59, "Total Cost": 5094974.6, "Plan Rows": 1, "Plan Width": 97, "Plans": [{"Node Type": "Nested Loop", "Parent Relationship": "Outer", "Join Type": "Inner", "Startup Cost": 0.0, "Total Cost": 5094974.54, "Plan Rows": 12, "Plan Width": 33, "Inner Unique": false, "Join Filter": "(ci.movie_id = t.id)", "Plans": [{"Node Type": "Seq Scan", "Parent Relationship": "Outer", "Relation Name": "title", "Alias": "t", "Startup Cost": 0.0, "Total Cost": 60069.11, "Plan Rows": 2528311, "Plan Width": 21}, {"Node Type": "Materialize", "Parent Relationship": "Inner", "Startup Cost": 0.0, "Total Cost": 4579809.47, "Plan Rows": 12, "Plan Width": 24, "Plans": [{"Node Type": "Nested Loop", "Parent Relationship": "Outer", "Join Type": "Inner", "Startup Cost": 0.0, "Total Cost": 4579809.42, "Plan Rows": 12, "Plan Width": 24, "Inner Unique": false, "Join Filter": "(n1.id = an1.person_id)", "Plans": [{"Node Type": "Seq Scan", "Parent Relationship": "Outer", "Relation Name": "aka_name", "Alias": "an1", "Startup Cost": 0.0, "Total Cost": 19908.42, "Plan Rows": 901342, "Plan Width": 20}, {"Node Type": "Materialize", "Parent Relationship": "Inner", "Startup Cost": 0.0, "Total Cost": 3505331.05, "Plan Rows": 78, "Plan Width": 16, "Plans": [{"Node Type": "Nested Loop", "Parent Relationship": "Outer", "Join Type": "Inner", "Startup Cost": 0.0, "Total Cost": 3505330.66, "Plan Rows": 78, "Plan Width": 16, "Inner Unique": false, "Join Filter": "(mc.company_id = cn.id)", "Plans": [{"Node Type": "Seq Scan", "Parent Relationship": "Outer", "Relation Name": "company_name", "Alias": "cn", "Startup Cost": 0.0, "Total Cost": 5903.45, "Plan Rows": 6290, "Plan Width": 4, "Filter": "((country_code)::text = '[jp]'::text)"}, {"Node Type": "Materialize", "Parent Relationship": "Inner", "Startup Cost": 0.0, "Total Cost": 3399890.6, "Plan Rows": 1055, "Plan Width": 20, "Plans": [{"Node Type": "Nested Loop", "Parent Relationship": "Outer", "Join Type": "Inner", "Startup Cost": 0.0, "Total Cost": 3399885.32, "Plan Rows": 1055, "Plan Width": 20, "Inner Unique": false, "Join Filter": "(ci.movie_id = mc.movie_id)", "Plans": [{"Node Type": "Seq Scan", "Parent Relationship": "Outer", "Relation Name": "movie_companies", "Alias": "mc", "Startup Cost": 0.0, "Total Cost": 54862.92, "Plan Rows": 36426, "Plan Width": 8, "Filter": "(((note)::text ~~ '%(Japan)%'::text) AND ((note)::text !~~ '%(USA)%'::text))"}, {"Node Type": "Materialize", "Parent Relationship": "Inner", "Startup Cost": 0.0, "Total Cost": 2638543.36, "Plan Rows": 1293, "Plan Width": 12, "Plans": [{"Node Type": "Nested Loop", "Parent Relationship": "Outer", "Join Type": "Inner", "Startup Cost": 0.0, "Total Cost": 2638536.9, "Plan Rows": 1293, "Plan Width": 12, "Inner Unique": false, "Join Filter": "(ci.person_id = n1.id)", "Plans": [{"Node Type": "Seq Scan", "Parent Relationship": "Outer", "Relation Name": "name", "Alias": "n1", "Startup Cost": 0.0, "Total Cost": 113909.35, "Plan Rows": 13886, "Plan Width": 4, "Filter": "(((name)::text ~~ '%Yo%'::text) AND ((name)::text !~~ '%Yu%'::text))"}, {"Node Type": "Materialize", "Parent Relationship": "Inner", "Startup Cost": 0.0, "Total Cost": 693780.43, "Plan Rows": 8790, "Plan Width": 8, "Plans": [{"Node Type": "Nested Loop", "Parent Relationship": "Outer", "Join Type": "Inner", "Startup Cost": 0.0, "Total Cost": 693736.48, "Plan Rows": 8790, "Plan Width": 8, "Inner Unique": false, "Join Filter": "(ci.role_id = rt.id)", "Plans": [{"Node Type": "Seq Scan", "Parent Relationship": "Outer", "Relation Name": "role_type", "Alias": "rt", "Startup Cost": 0.0, "Total Cost": 1.15, "Plan Rows": 1, "Plan Width": 4, "Filter": "((role)::text = 'actress'::text)"}, {"Node Type": "Seq Scan", "Parent Relationship": "Inner", "Relation Name": "cast_info", "Alias": "ci", "Startup Cost": 0.0, "Total Cost": 692526.68, "Plan Rows": 96692, "Plan Width": 12, "Filter": "((note)::text = '(voice: English version)'::text)"}]}]}]}]}]}]}]}]}]}]}]}]}, "Unique SQL Id": 3544391839, "Planner Runtime": 4}, "explain_analyze_plan": null}, "(1, 59)": {"explain_plan": {"Plan": {"Node Type": "Aggregate", "Strategy": "Plain", "Startup Cost": 7000209677653.96, "Total Cost": 7000209677653.97, "Plan Rows": 1, "Plan Width": 97, "Plans": [{"Node Type": "Nested Loop", "Parent Relationship": "Outer", "Join Type": "Inner", "Startup Cost": 70000000000.0, "Total Cost": 7000209677653.91, "Plan Rows": 12, "Plan Width": 33, "Inner Unique": false, "Join Filter": "(ci.movie_id = t.id)", "Plans": [{"Node Type": "Index Scan", "Parent Relationship": "Outer", "Scan Direction": "Forward", "Index Name": "title_pkey", "Relation Name": "title", "Alias": "t", "Startup Cost": 10000000000.0, "Total Cost": 1000011012048.91, "Plan Rows": 2528311, "Plan Width": 21}, {"Node Type": "Materialize", "Parent Relationship": "Inner", "Startup Cost": 60000000000.0, "Total Cost": 6000198210509.04, "Plan Rows": 12, "Plan Width": 24, "Plans": [{"Node Type": "Nested Loop", "Parent Relationship": "Outer", "Join Type": "Inner", "Startup Cost": 60000000000.0, "Total Cost": 6000198210508.98, "Plan Rows": 12, "Plan Width": 24, "Inner Unique": false, "Join Filter": "(n1.id = an1.person_id)", "Plans": [{"Node Type": "Nested Loop", "Parent Relationship": "Outer", "Join Type": "Inner", "Startup Cost": 50000000000.0, "Total Cost": 5000190257182.06, "Plan Rows": 78, "Plan Width": 16, "Inner Unique": true, "Join Filter": "(ci.person_id = n1.id)", "Plans": [{"Node Type": "Nested Loop", "Parent Relationship": "Outer", "Join Type": "Inner", "Startup Cost": 40000000000.0, "Total Cost": 4000170439317.36, "Plan Rows": 532, "Plan Width": 12, "Inner Unique": true, "Join Filter": "(ci.role_id = rt.id)", "Plans": [{"Node Type": "Nested Loop", "Parent Relationship": "Outer", "Join Type": "Inner", "Startup Cost": 30000000000.0, "Total Cost": 3000170437983.65, "Plan Rows": 5847, "Plan Width": 16, "Inner Unique": false, "Join Filter": "(mc.movie_id = ci.movie_id)", "Plans": [{"Node Type": "Nested Loop", "Parent Relationship": "Outer", "Join Type": "Inner", "Startup Cost": 20000000000.0, "Total Cost": 2000018843457.92, "Plan Rows": 5775, "Plan Width": 4, "Inner Unique": true, "Join Filter": "(cn.id = mc.company_id)", "Plans": [{"Node Type": "Index Scan", "Parent Relationship": "Outer", "Scan Direction": "Forward", "Index Name": "movie_id_movie_companies", "Relation Name": "movie_companies", "Alias": "mc", "Startup Cost": 10000000000.0, "Total Cost": 1000014356510.13, "Plan Rows": 36426, "Plan Width": 8, "Filter": "(((note)::text ~~ '%(Japan)%'::text) AND ((note)::text !~~ '%(USA)%'::text))"}, {"Node Type": "Materialize", "Parent Relationship": "Inner", "Startup Cost": 10000000000.0, "Total Cost": 1000001050170.42, "Plan Rows": 6290, "Plan Width": 4, "Plans": [{"Node Type": "Index Scan", "Parent Relationship": "Outer", "Scan Direction": "Forward", "Index Name": "company_name_pkey", "Relation Name": "company_name", "Alias": "cn", "Startup Cost": 10000000000.0, "Total Cost": 1000001050138.97, "Plan Rows": 6290, "Plan Width": 4, "Filter": "((country_code)::text = '[jp]'::text)"}]}]}, {"Node Type": "Materialize", "Parent Relationship": "Inner", "Startup Cost": 10000000000.0, "Total Cost": 1000143218822.96, "Plan Rows": 96692, "Plan Width": 12, "Plans": [{"Node Type": "Index Scan", "Parent Relationship": "Outer", "Scan Direction": "Forward", "Index Name": "role_id_cast_info", "Relation Name": "cast_info", "Alias": "ci", "Startup Cost": 10000000000.0, "Total Cost": 1000143218339.5, "Plan Rows": 96692, "Plan Width": 12, "Filter": "((note)::text = '(voice: English version)'::text)"}]}]}, {"Node Type": "Materialize", "Parent Relationship": "Inner", "Startup Cost": 10000000000.0, "Total Cost": 1000000001246.0, "Plan Rows": 1, "Plan Width": 4, "Plans": [{"Node Type": "Index Scan", "Parent Relationship": "Outer", "Scan Direction": "Forward", "Index Name": "role_type_pkey", "Relation Name": "role_type", "Alias": "rt", "Startup Cost": 10000000000.0, "Total Cost": 1000000001246.0, "Plan Rows": 1, "Plan Width": 4, "Filter": "((role)::text = 'actress'::text)"}]}]}, {"Node Type": "Materialize", "Parent Relationship": "Inner", "Startup Cost": 10000000000.0, "Total Cost": 1000019707089.13, "Plan Rows": 13886, "Plan Width": 4, "Plans": [{"Node Type": "Index Scan", "Parent Relationship": "Outer", "Scan Direction": "Forward", "Index Name": "name_pkey", "Relation Name": "name", "Alias": "n1", "Startup Cost": 10000000000.0, "Total Cost": 1000019707019.7, "Plan Rows": 13886, "Plan Width": 4, "Filter": "(((name)::text ~~ '%Yo%'::text) AND ((name)::text !~~ '%Yu%'::text))"}]}]}, {"Node Type": "Materialize", "Parent Relationship": "Inner", "Startup Cost": 10000000000.0, "Total Cost": 1000006901010.14, "Plan Rows": 901342, "Plan Width": 20, "Plans": [{"Node Type": "Index Scan", "Parent Relationship": "Outer", "Scan Direction": "Forward", "Index Name": "person_id_aka_name", "Relation Name": "aka_name", "Alias": "an1", "Startup Cost": 10000000000.0, "Total Cost": 1000006896503.43, "Plan Rows": 901342, "Plan Width": 20}]}]}]}]}]}, "Unique SQL Id": 3544391839, "Planner Runtime": 4}, "explain_analyze_plan": null}, "(1, 60)": {"explain_plan": {"Plan": {"Node Type": "Aggregate", "Strategy": "Plain", "Startup Cost": 106215.57, "Total Cost": 106215.58, "Plan Rows": 1, "Plan Width": 97, "Plans": [{"Node Type": "Nested Loop", "Parent Relationship": "Outer", "Join Type": "Inner", "Startup Cost": 0.0, "Total Cost": 106215.51, "Plan Rows": 12, "Plan Width": 33, "Inner Unique": true, "Plans": [{"Node Type": "Nested Loop", "Parent Relationship": "Outer", "Join Type": "Inner", "Startup Cost": 0.0, "Total Cost": 105839.97, "Plan Rows": 645, "Plan Width": 41, "Inner Unique": false, "Plans": [{"Node Type": "Nested Loop", "Parent Relationship": "Outer", "Join Type": "Inner", "Startup Cost": 0.0, "Total Cost": 105385.76, "Plan Rows": 532, "Plan Width": 21, "Inner Unique": false, "Join Filter": "(ci.role_id = rt.id)", "Plans": [{"Node Type": "Seq Scan", "Parent Relationship": "Outer", "Relation Name": "role_type", "Alias": "rt", "Startup Cost": 0.0, "Total Cost": 1.15, "Plan Rows": 1, "Plan Width": 4, "Filter": "((role)::text = 'actress'::text)"}, {"Node Type": "Nested Loop", "Parent Relationship": "Inner", "Join Type": "Inner", "Startup Cost": 0.0, "Total Cost": 105311.53, "Plan Rows": 5847, "Plan Width": 25, "Inner Unique": false, "Plans": [{"Node Type": "Nested Loop", "Parent Relationship": "Outer", "Join Type": "Inner", "Startup Cost": 0.0, "Total Cost": 99568.93, "Plan Rows": 5775, "Plan Width": 25, "Inner Unique": true, "Plans": [{"Node Type": "Nested Loop", "Parent Relationship": "Outer", "Join Type": "Inner", "Startup Cost": 0.0, "Total Cost": 76921.84, "Plan Rows": 5775, "Plan Width": 4, "Inner Unique": false, "Plans": [{"Node Type": "Seq Scan", "Parent Relationship": "Outer", "Relation Name": "company_name", "Alias": "cn", "Startup Cost": 0.0, "Total Cost": 5903.45, "Plan Rows": 6290, "Plan Width": 4, "Filter": "((country_code)::text = '[jp]'::text)"}, {"Node Type": "Index Scan", "Parent Relationship": "Inner", "Scan Direction": "Forward", "Index Name": "company_id_movie_companies", "Relation Name": "movie_companies", "Alias": "mc", "Startup Cost": 0.0, "Total Cost": 11.28, "Plan Rows": 1, "Plan Width": 8, "Index Cond": "(company_id = cn.id)", "Filter": "(((note)::text ~~ '%(Japan)%'::text) AND ((note)::text !~~ '%(USA)%'::text))"}]}, {"Node Type": "Index Scan", "Parent Relationship": "Inner", "Scan Direction": "Forward", "Index Name": "title_pkey", "Relation Name": "title", "Alias": "t", "Startup Cost": 0.0, "Total Cost": 3.91, "Plan Rows": 1, "Plan Width": 21, "Index Cond": "(id = mc.movie_id)"}]}, {"Node Type": "Index Scan", "Parent Relationship": "Inner", "Scan Direction": "Forward", "Index Name": "movie_id_cast_info", "Relation Name": "cast_info", "Alias": "ci", "Startup Cost": 0.0, "Total Cost": 0.98, "Plan Rows": 1, "Plan Width": 12, "Index Cond": "(movie_id = t.id)", "Filter": "((note)::text = '(voice: English version)'::text)"}]}]}, {"Node Type": "Index Scan", "Parent Relationship": "Inner", "Scan Direction": "Forward", "Index Name": "person_id_aka_name", "Relation Name": "aka_name", "Alias": "an1", "Startup Cost": 0.0, "Total Cost": 0.84, "Plan Rows": 1, "Plan Width": 20, "Index Cond": "(person_id = ci.person_id)"}]}, {"Node Type": "Index Scan", "Parent Relationship": "Inner", "Scan Direction": "Forward", "Index Name": "name_pkey", "Relation Name": "name", "Alias": "n1", "Startup Cost": 0.0, "Total Cost": 0.57, "Plan Rows": 1, "Plan Width": 4, "Index Cond": "(id = an1.person_id)", "Filter": "(((name)::text ~~ '%Yo%'::text) AND ((name)::text !~~ '%Yu%'::text))"}]}]}, "Unique SQL Id": 3544391839, "Planner Runtime": 5}, "explain_analyze_plan": {"Plan": {"Node Type": "Aggregate", "Strategy": "Plain", "Startup Cost": 106215.57, "Total Cost": 106215.58, "Plan Rows": 1, "Plan Width": 97, "Actual Startup Time": 3343.581, "Actual Total Time": 3343.582, "Actual Rows": 1, "Actual Loops": 1, "Plans": [{"Node Type": "Nested Loop", "Parent Relationship": "Outer", "Join Type": "Inner", "Startup Cost": 0.0, "Total Cost": 106215.51, "Plan Rows": 12, "Plan Width": 33, "Actual Startup Time": 225.177, "Actual Total Time": 3343.278, "Actual Rows": 62, "Actual Loops": 1, "Inner Unique": true, "Plans": [{"Node Type": "Nested Loop", "Parent Relationship": "Outer", "Join Type": "Inner", "Startup Cost": 0.0, "Total Cost": 105839.97, "Plan Rows": 645, "Plan Width": 41, "Actual Startup Time": 0.174, "Actual Total Time": 3267.385, "Actual Rows": 17379, "Actual Loops": 1, "Inner Unique": false, "Plans": [{"Node Type": "Nested Loop", "Parent Relationship": "Outer", "Join Type": "Inner", "Startup Cost": 0.0, "Total Cost": 105385.76, "Plan Rows": 532, "Plan Width": 21, "Actual Startup Time": 0.164, "Actual Total Time": 3218.995, "Actual Rows": 7438, "Actual Loops": 1, "Inner Unique": false, "Join Filter": "(ci.role_id = rt.id)", "Rows Removed by Join Filter": 12162, "Plans": [{"Node Type": "Seq Scan", "Parent Relationship": "Outer", "Relation Name": "role_type", "Alias": "rt", "Startup Cost": 0.0, "Total Cost": 1.15, "Plan Rows": 1, "Plan Width": 4, "Actual Startup Time": 0.027, "Actual Total Time": 0.032, "Actual Rows": 1, "Actual Loops": 1, "Filter": "((role)::text = 'actress'::text)", "Rows Removed by Filter": 11}, {"Node Type": "Nested Loop", "Parent Relationship": "Inner", "Join Type": "Inner", "Startup Cost": 0.0, "Total Cost": 105311.53, "Plan Rows": 5847, "Plan Width": 25, "Actual Startup Time": 0.131, "Actual Total Time": 3213.59, "Actual Rows": 19600, "Actual Loops": 1, "Inner Unique": false, "Plans": [{"Node Type": "Nested Loop", "Parent Relationship": "Outer", "Join Type": "Inner", "Startup Cost": 0.0, "Total Cost": 99568.93, "Plan Rows": 5775, "Plan Width": 25, "Actual Startup Time": 0.077, "Actual Total Time": 575.312, "Actual Rows": 48328, "Actual Loops": 1, "Inner Unique": true, "Plans": [{"Node Type": "Nested Loop", "Parent Relationship": "Outer", "Join Type": "Inner", "Startup Cost": 0.0, "Total Cost": 76921.84, "Plan Rows": 5775, "Plan Width": 4, "Actual Startup Time": 0.067, "Actual Total Time": 292.251, "Actual Rows": 48328, "Actual Loops": 1, "Inner Unique": false, "Plans": [{"Node Type": "Seq Scan", "Parent Relationship": "Outer", "Relation Name": "company_name", "Alias": "cn", "Startup Cost": 0.0, "Total Cost": 5903.45, "Plan Rows": 6290, "Plan Width": 4, "Actual Startup Time": 0.021, "Actual Total Time": 83.294, "Actual Rows": 6752, "Actual Loops": 1, "Filter": "((country_code)::text = '[jp]'::text)", "Rows Removed by Filter": 228244}, {"Node Type": "Index Scan", "Parent Relationship": "Inner", "Scan Direction": "Forward", "Index Name": "company_id_movie_companies", "Relation Name": "movie_companies", "Alias": "mc", "Startup Cost": 0.0, "Total Cost": 11.28, "Plan Rows": 1, "Plan Width": 8, "Actual Startup Time": 54.933, "Actual Total Time": 193.373, "Actual Rows": 48328, "Actual Loops": 6752, "Index Cond": "(company_id = cn.id)", "Rows Removed by Index Recheck": 0, "Filter": "(((note)::text ~~ '%(Japan)%'::text) AND ((note)::text !~~ '%(USA)%'::text))", "Rows Removed by Filter": 56667}]}, {"Node Type": "Index Scan", "Parent Relationship": "Inner", "Scan Direction": "Forward", "Index Name": "title_pkey", "Relation Name": "title", "Alias": "t", "Startup Cost": 0.0, "Total Cost": 3.91, "Plan Rows": 1, "Plan Width": 21, "Actual Startup Time": 241.214, "Actual Total Time": 241.214, "Actual Rows": 48328, "Actual Loops": 48328, "Index Cond": "(id = mc.movie_id)", "Rows Removed by Index Recheck": 0}]}, {"Node Type": "Index Scan", "Parent Relationship": "Inner", "Scan Direction": "Forward", "Index Name": "movie_id_cast_info", "Relation Name": "cast_info", "Alias": "ci", "Startup Cost": 0.0, "Total Cost": 0.98, "Plan Rows": 1, "Plan Width": 12, "Actual Startup Time": 2486.124, "Actual Total Time": 2607.694, "Actual Rows": 19600, "Actual Loops": 48328, "Index Cond": "(movie_id = t.id)", "Rows Removed by Index Recheck": 0, "Filter": "((note)::text = '(voice: English version)'::text)", "Rows Removed by Filter": 1531710}]}]}, {"Node Type": "Index Scan", "Parent Relationship": "Inner", "Scan Direction": "Forward", "Index Name": "person_id_aka_name", "Relation Name": "aka_name", "Alias": "an1", "Startup Cost": 0.0, "Total Cost": 0.84, "Plan Rows": 1, "Plan Width": 20, "Actual Startup Time": 31.426, "Actual Total Time": 39.577, "Actual Rows": 17379, "Actual Loops": 7438, "Index Cond": "(person_id = ci.person_id)", "Rows Removed by Index Recheck": 0}]}, {"Node Type": "Index Scan", "Parent Relationship": "Inner", "Scan Direction": "Forward", "Index Name": "name_pkey", "Relation Name": "name", "Alias": "n1", "Startup Cost": 0.0, "Total Cost": 0.57, "Plan Rows": 1, "Plan Width": 4, "Actual Startup Time": 67.071, "Actual Total Time": 67.071, "Actual Rows": 62, "Actual Loops": 17379, "Index Cond": "(id = an1.person_id)", "Rows Removed by Index Recheck": 0, "Filter": "(((name)::text ~~ '%Yo%'::text) AND ((name)::text !~~ '%Yu%'::text))", "Rows Removed by Filter": 17317}]}]}, "Triggers": [], "Planner Runtime": 4, "Total Runtime": 3343.933, "Unique SQL Id": 3544391839}}, "(1, 61)": {"explain_plan": {"Plan": {"Node Type": "Aggregate", "Strategy": "Plain", "Startup Cost": 110824.82, "Total Cost": 110824.83, "Plan Rows": 1, "Plan Width": 97, "Plans": [{"Node Type": "Nested Loop", "Parent Relationship": "Outer", "Join Type": "Inner", "Startup Cost": 0.0, "Total Cost": 110824.76, "Plan Rows": 12, "Plan Width": 33, "Inner Unique": true, "Plans": [{"Node Type": "Nested Loop", "Parent Relationship": "Outer", "Join Type": "Inner", "Startup Cost": 0.0, "Total Cost": 110449.22, "Plan Rows": 645, "Plan Width": 41, "Inner Unique": false, "Plans": [{"Node Type": "Nested Loop", "Parent Relationship": "Outer", "Join Type": "Inner", "Startup Cost": 0.0, "Total Cost": 109995.01, "Plan Rows": 532, "Plan Width": 21, "Inner Unique": false, "Join Filter": "(ci.role_id = rt.id)", "Plans": [{"Node Type": "Index Scan", "Parent Relationship": "Outer", "Scan Direction": "Forward", "Index Name": "role_type_pkey", "Relation Name": "role_type", "Alias": "rt", "Startup Cost": 0.0, "Total Cost": 12.46, "Plan Rows": 1, "Plan Width": 4, "Filter": "((role)::text = 'actress'::text)"}, {"Node Type": "Nested Loop", "Parent Relationship": "Inner", "Join Type": "Inner", "Startup Cost": 0.0, "Total Cost": 109909.47, "Plan Rows": 5847, "Plan Width": 25, "Inner Unique": false, "Plans": [{"Node Type": "Nested Loop", "Parent Relationship": "Outer", "Join Type": "Inner", "Startup Cost": 0.0, "Total Cost": 104166.87, "Plan Rows": 5775, "Plan Width": 25, "Inner Unique": true, "Plans": [{"Node Type": "Nested Loop", "Parent Relationship": "Outer", "Join Type": "Inner", "Startup Cost": 0.0, "Total Cost": 81519.78, "Plan Rows": 5775, "Plan Width": 4, "Inner Unique": false, "Plans": [{"Node Type": "Index Scan", "Parent Relationship": "Outer", "Scan Direction": "Forward", "Index Name": "company_name_pkey", "Relation Name": "company_name", "Alias": "cn", "Startup Cost": 0.0, "Total Cost": 10501.39, "Plan Rows": 6290, "Plan Width": 4, "Filter": "((country_code)::text = '[jp]'::text)"}, {"Node Type": "Index Scan", "Parent Relationship": "Inner", "Scan Direction": "Forward", "Index Name": "company_id_movie_companies", "Relation Name": "movie_companies", "Alias": "mc", "Startup Cost": 0.0, "Total Cost": 11.28, "Plan Rows": 1, "Plan Width": 8, "Index Cond": "(company_id = cn.id)", "Filter": "(((note)::text ~~ '%(Japan)%'::text) AND ((note)::text !~~ '%(USA)%'::text))"}]}, {"Node Type": "Index Scan", "Parent Relationship": "Inner", "Scan Direction": "Forward", "Index Name": "title_pkey", "Relation Name": "title", "Alias": "t", "Startup Cost": 0.0, "Total Cost": 3.91, "Plan Rows": 1, "Plan Width": 21, "Index Cond": "(id = mc.movie_id)"}]}, {"Node Type": "Index Scan", "Parent Relationship": "Inner", "Scan Direction": "Forward", "Index Name": "movie_id_cast_info", "Relation Name": "cast_info", "Alias": "ci", "Startup Cost": 0.0, "Total Cost": 0.98, "Plan Rows": 1, "Plan Width": 12, "Index Cond": "(movie_id = t.id)", "Filter": "((note)::text = '(voice: English version)'::text)"}]}]}, {"Node Type": "Index Scan", "Parent Relationship": "Inner", "Scan Direction": "Forward", "Index Name": "person_id_aka_name", "Relation Name": "aka_name", "Alias": "an1", "Startup Cost": 0.0, "Total Cost": 0.84, "Plan Rows": 1, "Plan Width": 20, "Index Cond": "(person_id = ci.person_id)"}]}, {"Node Type": "Index Scan", "Parent Relationship": "Inner", "Scan Direction": "Forward", "Index Name": "name_pkey", "Relation Name": "name", "Alias": "n1", "Startup Cost": 0.0, "Total Cost": 0.57, "Plan Rows": 1, "Plan Width": 4, "Index Cond": "(id = an1.person_id)", "Filter": "(((name)::text ~~ '%Yo%'::text) AND ((name)::text !~~ '%Yu%'::text))"}]}]}, "Unique SQL Id": 3544391839, "Planner Runtime": 4}, "explain_analyze_plan": {"Plan": {"Node Type": "Aggregate", "Strategy": "Plain", "Startup Cost": 110824.82, "Total Cost": 110824.83, "Plan Rows": 1, "Plan Width": 97, "Actual Startup Time": 3920.32, "Actual Total Time": 3920.321, "Actual Rows": 1, "Actual Loops": 1, "Plans": [{"Node Type": "Nested Loop", "Parent Relationship": "Outer", "Join Type": "Inner", "Startup Cost": 0.0, "Total Cost": 110824.76, "Plan Rows": 12, "Plan Width": 33, "Actual Startup Time": 4.241, "Actual Total Time": 3919.925, "Actual Rows": 62, "Actual Loops": 1, "Inner Unique": true, "Plans": [{"Node Type": "Nested Loop", "Parent Relationship": "Outer", "Join Type": "Inner", "Startup Cost": 0.0, "Total Cost": 110449.22, "Plan Rows": 645, "Plan Width": 41, "Actual Startup Time": 0.311, "Actual Total Time": 3843.189, "Actual Rows": 17379, "Actual Loops": 1, "Inner Unique": false, "Plans": [{"Node Type": "Nested Loop", "Parent Relationship": "Outer", "Join Type": "Inner", "Startup Cost": 0.0, "Total Cost": 109995.01, "Plan Rows": 532, "Plan Width": 21, "Actual Startup Time": 0.3, "Actual Total Time": 3793.45, "Actual Rows": 7438, "Actual Loops": 1, "Inner Unique": false, "Join Filter": "(ci.role_id = rt.id)", "Rows Removed by Join Filter": 12162, "Plans": [{"Node Type": "Index Scan", "Parent Relationship": "Outer", "Scan Direction": "Forward", "Index Name": "role_type_pkey", "Relation Name": "role_type", "Alias": "rt", "Startup Cost": 0.0, "Total Cost": 12.46, "Plan Rows": 1, "Plan Width": 4, "Actual Startup Time": 0.036, "Actual Total Time": 0.051, "Actual Rows": 1, "Actual Loops": 1, "Filter": "((role)::text = 'actress'::text)", "Rows Removed by Filter": 11}, {"Node Type": "Nested Loop", "Parent Relationship": "Inner", "Join Type": "Inner", "Startup Cost": 0.0, "Total Cost": 109909.47, "Plan Rows": 5847, "Plan Width": 25, "Actual Startup Time": 0.26, "Actual Total Time": 3788.159, "Actual Rows": 19600, "Actual Loops": 1, "Inner Unique": false, "Plans": [{"Node Type": "Nested Loop", "Parent Relationship": "Outer", "Join Type": "Inner", "Startup Cost": 0.0, "Total Cost": 104166.87, "Plan Rows": 5775, "Plan Width": 25, "Actual Startup Time": 0.203, "Actual Total Time": 865.143, "Actual Rows": 48328, "Actual Loops": 1, "Inner Unique": true, "Plans": [{"Node Type": "Nested Loop", "Parent Relationship": "Outer", "Join Type": "Inner", "Startup Cost": 0.0, "Total Cost": 81519.78, "Plan Rows": 5775, "Plan Width": 4, "Actual Startup Time": 0.192, "Actual Total Time": 560.178, "Actual Rows": 48328, "Actual Loops": 1, "Inner Unique": false, "Plans": [{"Node Type": "Index Scan", "Parent Relationship": "Outer", "Scan Direction": "Forward", "Index Name": "company_name_pkey", "Relation Name": "company_name", "Alias": "cn", "Startup Cost": 0.0, "Total Cost": 10501.39, "Plan Rows": 6290, "Plan Width": 4, "Actual Startup Time": 0.158, "Actual Total Time": 329.41, "Actual Rows": 6752, "Actual Loops": 1, "Filter": "((country_code)::text = '[jp]'::text)", "Rows Removed by Filter": 228244}, {"Node Type": "Index Scan", "Parent Relationship": "Inner", "Scan Direction": "Forward", "Index Name": "company_id_movie_companies", "Relation Name": "movie_companies", "Alias": "mc", "Startup Cost": 0.0, "Total Cost": 11.28, "Plan Rows": 1, "Plan Width": 8, "Actual Startup Time": 59.855, "Actual Total Time": 214.607, "Actual Rows": 48328, "Actual Loops": 6752, "Index Cond": "(company_id = cn.id)", "Rows Removed by Index Recheck": 0, "Filter": "(((note)::text ~~ '%(Japan)%'::text) AND ((note)::text !~~ '%(USA)%'::text))", "Rows Removed by Filter": 56667}]}, {"Node Type": "Index Scan", "Parent Relationship": "Inner", "Scan Direction": "Forward", "Index Name": "title_pkey", "Relation Name": "title", "Alias": "t", "Startup Cost": 0.0, "Total Cost": 3.91, "Plan Rows": 1, "Plan Width": 21, "Actual Startup Time": 262.05, "Actual Total Time": 262.05, "Actual Rows": 48328, "Actual Loops": 48328, "Index Cond": "(id = mc.movie_id)", "Rows Removed by Index Recheck": 0}]}, {"Node Type": "Index Scan", "Parent Relationship": "Inner", "Scan Direction": "Forward", "Index Name": "movie_id_cast_info", "Relation Name": "cast_info", "Alias": "ci", "Startup Cost": 0.0, "Total Cost": 0.98, "Plan Rows": 1, "Plan Width": 12, "Actual Startup Time": 2764.157, "Actual Total Time": 2892.023, "Actual Rows": 19600, "Actual Loops": 48328, "Index Cond": "(movie_id = t.id)", "Rows Removed by Index Recheck": 0, "Filter": "((note)::text = '(voice: English version)'::text)", "Rows Removed by Filter": 1531710}]}]}, {"Node Type": "Index Scan", "Parent Relationship": "Inner", "Scan Direction": "Forward", "Index Name": "person_id_aka_name", "Relation Name": "aka_name", "Alias": "an1", "Startup Cost": 0.0, "Total Cost": 0.84, "Plan Rows": 1, "Plan Width": 20, "Actual Startup Time": 32.563, "Actual Total Time": 40.837, "Actual Rows": 17379, "Actual Loops": 7438, "Index Cond": "(person_id = ci.person_id)", "Rows Removed by Index Recheck": 0}]}, {"Node Type": "Index Scan", "Parent Relationship": "Inner", "Scan Direction": "Forward", "Index Name": "name_pkey", "Relation Name": "name", "Alias": "n1", "Startup Cost": 0.0, "Total Cost": 0.57, "Plan Rows": 1, "Plan Width": 4, "Actual Startup Time": 67.888, "Actual Total Time": 67.888, "Actual Rows": 62, "Actual Loops": 17379, "Index Cond": "(id = an1.person_id)", "Rows Removed by Index Recheck": 0, "Filter": "(((name)::text ~~ '%Yo%'::text) AND ((name)::text !~~ '%Yu%'::text))", "Rows Removed by Filter": 17317}]}]}, "Triggers": [], "Planner Runtime": 4, "Total Runtime": 3920.691, "Unique SQL Id": 3544391839}}, "(1, 62)": {"explain_plan": {"Plan": {"Node Type": "Aggregate", "Strategy": "Plain", "Startup Cost": 5094974.59, "Total Cost": 5094974.6, "Plan Rows": 1, "Plan Width": 97, "Plans": [{"Node Type": "Nested Loop", "Parent Relationship": "Outer", "Join Type": "Inner", "Startup Cost": 0.0, "Total Cost": 5094974.54, "Plan Rows": 12, "Plan Width": 33, "Inner Unique": false, "Join Filter": "(ci.movie_id = t.id)", "Plans": [{"Node Type": "Seq Scan", "Parent Relationship": "Outer", "Relation Name": "title", "Alias": "t", "Startup Cost": 0.0, "Total Cost": 60069.11, "Plan Rows": 2528311, "Plan Width": 21}, {"Node Type": "Materialize", "Parent Relationship": "Inner", "Startup Cost": 0.0, "Total Cost": 4579809.47, "Plan Rows": 12, "Plan Width": 24, "Plans": [{"Node Type": "Nested Loop", "Parent Relationship": "Outer", "Join Type": "Inner", "Startup Cost": 0.0, "Total Cost": 4579809.42, "Plan Rows": 12, "Plan Width": 24, "Inner Unique": false, "Join Filter": "(n1.id = an1.person_id)", "Plans": [{"Node Type": "Seq Scan", "Parent Relationship": "Outer", "Relation Name": "aka_name", "Alias": "an1", "Startup Cost": 0.0, "Total Cost": 19908.42, "Plan Rows": 901342, "Plan Width": 20}, {"Node Type": "Materialize", "Parent Relationship": "Inner", "Startup Cost": 0.0, "Total Cost": 3505331.05, "Plan Rows": 78, "Plan Width": 16, "Plans": [{"Node Type": "Nested Loop", "Parent Relationship": "Outer", "Join Type": "Inner", "Startup Cost": 0.0, "Total Cost": 3505330.66, "Plan Rows": 78, "Plan Width": 16, "Inner Unique": false, "Join Filter": "(mc.company_id = cn.id)", "Plans": [{"Node Type": "Seq Scan", "Parent Relationship": "Outer", "Relation Name": "company_name", "Alias": "cn", "Startup Cost": 0.0, "Total Cost": 5903.45, "Plan Rows": 6290, "Plan Width": 4, "Filter": "((country_code)::text = '[jp]'::text)"}, {"Node Type": "Materialize", "Parent Relationship": "Inner", "Startup Cost": 0.0, "Total Cost": 3399890.6, "Plan Rows": 1055, "Plan Width": 20, "Plans": [{"Node Type": "Nested Loop", "Parent Relationship": "Outer", "Join Type": "Inner", "Startup Cost": 0.0, "Total Cost": 3399885.32, "Plan Rows": 1055, "Plan Width": 20, "Inner Unique": false, "Join Filter": "(ci.movie_id = mc.movie_id)", "Plans": [{"Node Type": "Seq Scan", "Parent Relationship": "Outer", "Relation Name": "movie_companies", "Alias": "mc", "Startup Cost": 0.0, "Total Cost": 54862.92, "Plan Rows": 36426, "Plan Width": 8, "Filter": "(((note)::text ~~ '%(Japan)%'::text) AND ((note)::text !~~ '%(USA)%'::text))"}, {"Node Type": "Materialize", "Parent Relationship": "Inner", "Startup Cost": 0.0, "Total Cost": 2638543.36, "Plan Rows": 1293, "Plan Width": 12, "Plans": [{"Node Type": "Nested Loop", "Parent Relationship": "Outer", "Join Type": "Inner", "Startup Cost": 0.0, "Total Cost": 2638536.9, "Plan Rows": 1293, "Plan Width": 12, "Inner Unique": false, "Join Filter": "(ci.person_id = n1.id)", "Plans": [{"Node Type": "Seq Scan", "Parent Relationship": "Outer", "Relation Name": "name", "Alias": "n1", "Startup Cost": 0.0, "Total Cost": 113909.35, "Plan Rows": 13886, "Plan Width": 4, "Filter": "(((name)::text ~~ '%Yo%'::text) AND ((name)::text !~~ '%Yu%'::text))"}, {"Node Type": "Materialize", "Parent Relationship": "Inner", "Startup Cost": 0.0, "Total Cost": 693780.43, "Plan Rows": 8790, "Plan Width": 8, "Plans": [{"Node Type": "Nested Loop", "Parent Relationship": "Outer", "Join Type": "Inner", "Startup Cost": 0.0, "Total Cost": 693736.48, "Plan Rows": 8790, "Plan Width": 8, "Inner Unique": false, "Join Filter": "(ci.role_id = rt.id)", "Plans": [{"Node Type": "Seq Scan", "Parent Relationship": "Outer", "Relation Name": "role_type", "Alias": "rt", "Startup Cost": 0.0, "Total Cost": 1.15, "Plan Rows": 1, "Plan Width": 4, "Filter": "((role)::text = 'actress'::text)"}, {"Node Type": "Seq Scan", "Parent Relationship": "Inner", "Relation Name": "cast_info", "Alias": "ci", "Startup Cost": 0.0, "Total Cost": 692526.68, "Plan Rows": 96692, "Plan Width": 12, "Filter": "((note)::text = '(voice: English version)'::text)"}]}]}]}]}]}]}]}]}]}]}]}]}, "Unique SQL Id": 3544391839, "Planner Runtime": 4}, "explain_analyze_plan": null}, "(1, 63)": {"explain_plan": {"Plan": {"Node Type": "Aggregate", "Strategy": "Plain", "Startup Cost": 7000209677653.96, "Total Cost": 7000209677653.97, "Plan Rows": 1, "Plan Width": 97, "Plans": [{"Node Type": "Nested Loop", "Parent Relationship": "Outer", "Join Type": "Inner", "Startup Cost": 70000000000.0, "Total Cost": 7000209677653.91, "Plan Rows": 12, "Plan Width": 33, "Inner Unique": false, "Join Filter": "(ci.movie_id = t.id)", "Plans": [{"Node Type": "Index Scan", "Parent Relationship": "Outer", "Scan Direction": "Forward", "Index Name": "title_pkey", "Relation Name": "title", "Alias": "t", "Startup Cost": 10000000000.0, "Total Cost": 1000011012048.91, "Plan Rows": 2528311, "Plan Width": 21}, {"Node Type": "Materialize", "Parent Relationship": "Inner", "Startup Cost": 60000000000.0, "Total Cost": 6000198210509.04, "Plan Rows": 12, "Plan Width": 24, "Plans": [{"Node Type": "Nested Loop", "Parent Relationship": "Outer", "Join Type": "Inner", "Startup Cost": 60000000000.0, "Total Cost": 6000198210508.98, "Plan Rows": 12, "Plan Width": 24, "Inner Unique": false, "Join Filter": "(n1.id = an1.person_id)", "Plans": [{"Node Type": "Nested Loop", "Parent Relationship": "Outer", "Join Type": "Inner", "Startup Cost": 50000000000.0, "Total Cost": 5000190257182.06, "Plan Rows": 78, "Plan Width": 16, "Inner Unique": true, "Join Filter": "(ci.person_id = n1.id)", "Plans": [{"Node Type": "Nested Loop", "Parent Relationship": "Outer", "Join Type": "Inner", "Startup Cost": 40000000000.0, "Total Cost": 4000170439317.36, "Plan Rows": 532, "Plan Width": 12, "Inner Unique": true, "Join Filter": "(ci.role_id = rt.id)", "Plans": [{"Node Type": "Nested Loop", "Parent Relationship": "Outer", "Join Type": "Inner", "Startup Cost": 30000000000.0, "Total Cost": 3000170437983.65, "Plan Rows": 5847, "Plan Width": 16, "Inner Unique": false, "Join Filter": "(mc.movie_id = ci.movie_id)", "Plans": [{"Node Type": "Nested Loop", "Parent Relationship": "Outer", "Join Type": "Inner", "Startup Cost": 20000000000.0, "Total Cost": 2000018843457.92, "Plan Rows": 5775, "Plan Width": 4, "Inner Unique": true, "Join Filter": "(cn.id = mc.company_id)", "Plans": [{"Node Type": "Index Scan", "Parent Relationship": "Outer", "Scan Direction": "Forward", "Index Name": "movie_id_movie_companies", "Relation Name": "movie_companies", "Alias": "mc", "Startup Cost": 10000000000.0, "Total Cost": 1000014356510.13, "Plan Rows": 36426, "Plan Width": 8, "Filter": "(((note)::text ~~ '%(Japan)%'::text) AND ((note)::text !~~ '%(USA)%'::text))"}, {"Node Type": "Materialize", "Parent Relationship": "Inner", "Startup Cost": 10000000000.0, "Total Cost": 1000001050170.42, "Plan Rows": 6290, "Plan Width": 4, "Plans": [{"Node Type": "Index Scan", "Parent Relationship": "Outer", "Scan Direction": "Forward", "Index Name": "company_name_pkey", "Relation Name": "company_name", "Alias": "cn", "Startup Cost": 10000000000.0, "Total Cost": 1000001050138.97, "Plan Rows": 6290, "Plan Width": 4, "Filter": "((country_code)::text = '[jp]'::text)"}]}]}, {"Node Type": "Materialize", "Parent Relationship": "Inner", "Startup Cost": 10000000000.0, "Total Cost": 1000143218822.96, "Plan Rows": 96692, "Plan Width": 12, "Plans": [{"Node Type": "Index Scan", "Parent Relationship": "Outer", "Scan Direction": "Forward", "Index Name": "role_id_cast_info", "Relation Name": "cast_info", "Alias": "ci", "Startup Cost": 10000000000.0, "Total Cost": 1000143218339.5, "Plan Rows": 96692, "Plan Width": 12, "Filter": "((note)::text = '(voice: English version)'::text)"}]}]}, {"Node Type": "Materialize", "Parent Relationship": "Inner", "Startup Cost": 10000000000.0, "Total Cost": 1000000001246.0, "Plan Rows": 1, "Plan Width": 4, "Plans": [{"Node Type": "Index Scan", "Parent Relationship": "Outer", "Scan Direction": "Forward", "Index Name": "role_type_pkey", "Relation Name": "role_type", "Alias": "rt", "Startup Cost": 10000000000.0, "Total Cost": 1000000001246.0, "Plan Rows": 1, "Plan Width": 4, "Filter": "((role)::text = 'actress'::text)"}]}]}, {"Node Type": "Materialize", "Parent Relationship": "Inner", "Startup Cost": 10000000000.0, "Total Cost": 1000019707089.13, "Plan Rows": 13886, "Plan Width": 4, "Plans": [{"Node Type": "Index Scan", "Parent Relationship": "Outer", "Scan Direction": "Forward", "Index Name": "name_pkey", "Relation Name": "name", "Alias": "n1", "Startup Cost": 10000000000.0, "Total Cost": 1000019707019.7, "Plan Rows": 13886, "Plan Width": 4, "Filter": "(((name)::text ~~ '%Yo%'::text) AND ((name)::text !~~ '%Yu%'::text))"}]}]}, {"Node Type": "Materialize", "Parent Relationship": "Inner", "Startup Cost": 10000000000.0, "Total Cost": 1000006901010.14, "Plan Rows": 901342, "Plan Width": 20, "Plans": [{"Node Type": "Index Scan", "Parent Relationship": "Outer", "Scan Direction": "Forward", "Index Name": "person_id_aka_name", "Relation Name": "aka_name", "Alias": "an1", "Startup Cost": 10000000000.0, "Total Cost": 1000006896503.43, "Plan Rows": 901342, "Plan Width": 20}]}]}]}]}]}, "Unique SQL Id": 3544391839, "Planner Runtime": 4}, "explain_analyze_plan": null}, "(1, 64)": {"explain_plan": {"Plan": {"Node Type": "Aggregate", "Strategy": "Plain", "Startup Cost": 90283.15, "Total Cost": 90283.16, "Plan Rows": 1, "Plan Width": 97, "Plans": [{"Node Type": "Nested Loop", "Parent Relationship": "Outer", "Join Type": "Inner", "Startup Cost": 5983.24, "Total Cost": 90279.92, "Plan Rows": 646, "Plan Width": 33, "Inner Unique": true, "Plans": [{"Node Type": "Nested Loop", "Parent Relationship": "Outer", "Join Type": "Inner", "Startup Cost": 5983.24, "Total Cost": 89904.38, "Plan Rows": 645, "Plan Width": 41, "Inner Unique": false, "Plans": [{"Node Type": "Hash Join", "Parent Relationship": "Outer", "Join Type": "Inner", "Startup Cost": 5983.24, "Total Cost": 89450.16, "Plan Rows": 532, "Plan Width": 21, "Inner Unique": true, "Hash Cond": "(ci.role_id = rt.id)", "Plans": [{"Node Type": "Nested Loop", "Parent Relationship": "Outer", "Join Type": "Inner", "Startup Cost": 5982.08, "Total Cost": 89429.03, "Plan Rows": 5847, "Plan Width": 25, "Inner Unique": false, "Plans": [{"Node Type": "Nested Loop", "Parent Relationship": "Outer", "Join Type": "Inner", "Startup Cost": 5982.08, "Total Cost": 83686.44, "Plan Rows": 5775, "Plan Width": 25, "Inner Unique": true, "Plans": [{"Node Type": "Hash Join", "Parent Relationship": "Outer", "Join Type": "Inner", "Startup Cost": 5982.08, "Total Cost": 61039.34, "Plan Rows": 5775, "Plan Width": 4, "Inner Unique": true, "Hash Cond": "(mc.company_id = cn.id)", "Plans": [{"Node Type": "Seq Scan", "Parent Relationship": "Outer", "Relation Name": "movie_companies", "Alias": "mc", "Startup Cost": 0.0, "Total Cost": 54862.92, "Plan Rows": 36426, "Plan Width": 8, "Filter": "(((note)::text ~~ '%(Japan)%'::text) AND ((note)::text !~~ '%(USA)%'::text))"}, {"Node Type": "Hash", "Parent Relationship": "Inner", "Startup Cost": 5903.45, "Total Cost": 5903.45, "Plan Rows": 6290, "Plan Width": 4, "Plans": [{"Node Type": "Seq Scan", "Parent Relationship": "Outer", "Relation Name": "company_name", "Alias": "cn", "Startup Cost": 0.0, "Total Cost": 5903.45, "Plan Rows": 6290, "Plan Width": 4, "Filter": "((country_code)::text = '[jp]'::text)"}]}]}, {"Node Type": "Index Scan", "Parent Relationship": "Inner", "Scan Direction": "Forward", "Index Name": "title_pkey", "Relation Name": "title", "Alias": "t", "Startup Cost": 0.0, "Total Cost": 3.91, "Plan Rows": 1, "Plan Width": 21, "Index Cond": "(id = mc.movie_id)"}]}, {"Node Type": "Index Scan", "Parent Relationship": "Inner", "Scan Direction": "Forward", "Index Name": "movie_id_cast_info", "Relation Name": "cast_info", "Alias": "ci", "Startup Cost": 0.0, "Total Cost": 0.98, "Plan Rows": 1, "Plan Width": 12, "Index Cond": "(movie_id = t.id)", "Filter": "((note)::text = '(voice: English version)'::text)"}]}, {"Node Type": "Hash", "Parent Relationship": "Inner", "Startup Cost": 1.15, "Total Cost": 1.15, "Plan Rows": 1, "Plan Width": 4, "Plans": [{"Node Type": "Seq Scan", "Parent Relationship": "Outer", "Relation Name": "role_type", "Alias": "rt", "Startup Cost": 0.0, "Total Cost": 1.15, "Plan Rows": 1, "Plan Width": 4, "Filter": "((role)::text = 'actress'::text)"}]}]}, {"Node Type": "Index Scan", "Parent Relationship": "Inner", "Scan Direction": "Forward", "Index Name": "person_id_aka_name", "Relation Name": "aka_name", "Alias": "an1", "Startup Cost": 0.0, "Total Cost": 0.84, "Plan Rows": 1, "Plan Width": 20, "Index Cond": "(person_id = ci.person_id)"}]}, {"Node Type": "Index Scan", "Parent Relationship": "Inner", "Scan Direction": "Forward", "Index Name": "name_pkey", "Relation Name": "name", "Alias": "n1", "Startup Cost": 0.0, "Total Cost": 0.57, "Plan Rows": 1, "Plan Width": 4, "Index Cond": "(id = an1.person_id)", "Filter": "(((name)::text ~~ '%Yo%'::text) AND ((name)::text !~~ '%Yu%'::text))"}]}]}, "Unique SQL Id": 3544391839, "Planner Runtime": 30}, "explain_analyze_plan": {"Plan": {"Node Type": "Aggregate", "Strategy": "Plain", "Startup Cost": 90283.15, "Total Cost": 90283.16, "Plan Rows": 1, "Plan Width": 97, "Actual Startup Time": 4410.526, "Actual Total Time": 4410.526, "Actual Rows": 1, "Actual Loops": 1, "Plans": [{"Node Type": "Nested Loop", "Parent Relationship": "Outer", "Join Type": "Inner", "Startup Cost": 5983.24, "Total Cost": 90279.92, "Plan Rows": 646, "Plan Width": 33, "Actual Startup Time": 342.332, "Actual Total Time": 4410.309, "Actual Rows": 62, "Actual Loops": 1, "Inner Unique": true, "Plans": [{"Node Type": "Nested Loop", "Parent Relationship": "Outer", "Join Type": "Inner", "Startup Cost": 5983.24, "Total Cost": 89904.38, "Plan Rows": 645, "Plan Width": 41, "Actual Startup Time": 82.965, "Actual Total Time": 4335.003, "Actual Rows": 17379, "Actual Loops": 1, "Inner Unique": false, "Plans": [{"Node Type": "Hash Join", "Parent Relationship": "Outer", "Join Type": "Inner", "Startup Cost": 5983.24, "Total Cost": 89450.16, "Plan Rows": 532, "Plan Width": 21, "Actual Startup Time": 82.953, "Actual Total Time": 4285.037, "Actual Rows": 7438, "Actual Loops": 1, "Inner Unique": true, "Hash Cond": "(ci.role_id = rt.id)", "Plans": [{"Node Type": "Nested Loop", "Parent Relationship": "Outer", "Join Type": "Inner", "Startup Cost": 5982.08, "Total Cost": 89429.03, "Plan Rows": 5847, "Plan Width": 25, "Actual Startup Time": 82.861, "Actual Total Time": 4278.693, "Actual Rows": 19600, "Actual Loops": 1, "Inner Unique": false, "Plans": [{"Node Type": "Nested Loop", "Parent Relationship": "Outer", "Join Type": "Inner", "Startup Cost": 5982.08, "Total Cost": 83686.44, "Plan Rows": 5775, "Plan Width": 25, "Actual Startup Time": 82.753, "Actual Total Time": 1325.477, "Actual Rows": 48328, "Actual Loops": 1, "Inner Unique": true, "Plans": [{"Node Type": "Hash Join", "Parent Relationship": "Outer", "Join Type": "Inner", "Startup Cost": 5982.08, "Total Cost": 61039.34, "Plan Rows": 5775, "Plan Width": 4, "Actual Startup Time": 82.721, "Actual Total Time": 1075.522, "Actual Rows": 48328, "Actual Loops": 1, "Inner Unique": true, "Hash Cond": "(mc.company_id = cn.id)", "Plans": [{"Node Type": "Seq Scan", "Parent Relationship": "Outer", "Relation Name": "movie_companies", "Alias": "mc", "Startup Cost": 0.0, "Total Cost": 54862.92, "Plan Rows": 36426, "Plan Width": 8, "Actual Startup Time": 0.221, "Actual Total Time": 958.224, "Actual Rows": 48897, "Actual Loops": 1, "Filter": "(((note)::text ~~ '%(Japan)%'::text) AND ((note)::text !~~ '%(USA)%'::text))", "Rows Removed by Filter": 2560231}, {"Node Type": "Hash", "Parent Relationship": "Inner", "Startup Cost": 5903.45, "Total Cost": 5903.45, "Plan Rows": 6290, "Plan Width": 4, "Actual Startup Time": 82.45, "Actual Total Time": 82.45, "Actual Rows": 6752, "Actual Loops": 1, "Hash Buckets": 32768, "Hash Batches": 1, "Original Hash Batches": 1, "Peak Memory Usage": 238, "Plans": [{"Node Type": "Seq Scan", "Parent Relationship": "Outer", "Relation Name": "company_name", "Alias": "cn", "Startup Cost": 0.0, "Total Cost": 5903.45, "Plan Rows": 6290, "Plan Width": 4, "Actual Startup Time": 0.024, "Actual Total Time": 80.402, "Actual Rows": 6752, "Actual Loops": 1, "Filter": "((country_code)::text = '[jp]'::text)", "Rows Removed by Filter": 228244}]}]}, {"Node Type": "Index Scan", "Parent Relationship": "Inner", "Scan Direction": "Forward", "Index Name": "title_pkey", "Relation Name": "title", "Alias": "t", "Startup Cost": 0.0, "Total Cost": 3.91, "Plan Rows": 1, "Plan Width": 21, "Actual Startup Time": 209.606, "Actual Total Time": 209.606, "Actual Rows": 48328, "Actual Loops": 48328, "Index Cond": "(id = mc.movie_id)", "Rows Removed by Index Recheck": 0}]}, {"Node Type": "Index Scan", "Parent Relationship": "Inner", "Scan Direction": "Forward", "Index Name": "movie_id_cast_info", "Relation Name": "cast_info", "Alias": "ci", "Startup Cost": 0.0, "Total Cost": 0.98, "Plan Rows": 1, "Plan Width": 12, "Actual Startup Time": 2791.569, "Actual Total Time": 2922.626, "Actual Rows": 19600, "Actual Loops": 48328, "Index Cond": "(movie_id = t.id)", "Rows Removed by Index Recheck": 0, "Filter": "((note)::text = '(voice: English version)'::text)", "Rows Removed by Filter": 1531710}]}, {"Node Type": "Hash", "Parent Relationship": "Inner", "Startup Cost": 1.15, "Total Cost": 1.15, "Plan Rows": 1, "Plan Width": 4, "Actual Startup Time": 0.036, "Actual Total Time": 0.036, "Actual Rows": 1, "Actual Loops": 1, "Hash Buckets": 32768, "Hash Batches": 1, "Original Hash Batches": 1, "Peak Memory Usage": 1, "Plans": [{"Node Type": "Seq Scan", "Parent Relationship": "Outer", "Relation Name": "role_type", "Alias": "rt", "Startup Cost": 0.0, "Total Cost": 1.15, "Plan Rows": 1, "Plan Width": 4, "Actual Startup Time": 0.024, "Actual Total Time": 0.029, "Actual Rows": 1, "Actual Loops": 1, "Filter": "((role)::text = 'actress'::text)", "Rows Removed by Filter": 11}]}]}, {"Node Type": "Index Scan", "Parent Relationship": "Inner", "Scan Direction": "Forward", "Index Name": "person_id_aka_name", "Relation Name": "aka_name", "Alias": "an1", "Startup Cost": 0.0, "Total Cost": 0.84, "Plan Rows": 1, "Plan Width": 20, "Actual Startup Time": 32.664, "Actual Total Time": 40.855, "Actual Rows": 17379, "Actual Loops": 7438, "Index Cond": "(person_id = ci.person_id)", "Rows Removed by Index Recheck": 0}]}, {"Node Type": "Index Scan", "Parent Relationship": "Inner", "Scan Direction": "Forward", "Index Name": "name_pkey", "Relation Name": "name", "Alias": "n1", "Startup Cost": 0.0, "Total Cost": 0.57, "Plan Rows": 1, "Plan Width": 4, "Actual Startup Time": 66.64, "Actual Total Time": 66.64, "Actual Rows": 62, "Actual Loops": 17379, "Index Cond": "(id = an1.person_id)", "Rows Removed by Index Recheck": 0, "Filter": "(((name)::text ~~ '%Yo%'::text) AND ((name)::text !~~ '%Yu%'::text))", "Rows Removed by Filter": 17317}]}]}, "Triggers": [], "Planner Runtime": 30, "Total Runtime": 4410.897, "Unique SQL Id": 3544391839}}, "(1, 65)": {"explain_plan": {"Plan": {"Node Type": "Aggregate", "Strategy": "Plain", "Startup Cost": 110772.14, "Total Cost": 110772.15, "Plan Rows": 1, "Plan Width": 97, "Plans": [{"Node Type": "Nested Loop", "Parent Relationship": "Outer", "Join Type": "Inner", "Startup Cost": 12.47, "Total Cost": 110771.66, "Plan Rows": 96, "Plan Width": 33, "Inner Unique": true, "Plans": [{"Node Type": "Nested Loop", "Parent Relationship": "Outer", "Join Type": "Inner", "Startup Cost": 12.47, "Total Cost": 110396.12, "Plan Rows": 645, "Plan Width": 41, "Inner Unique": false, "Plans": [{"Node Type": "Hash Join", "Parent Relationship": "Outer", "Join Type": "Inner", "Startup Cost": 12.47, "Total Cost": 109941.91, "Plan Rows": 532, "Plan Width": 21, "Inner Unique": true, "Hash Cond": "(ci.role_id = rt.id)", "Plans": [{"Node Type": "Nested Loop", "Parent Relationship": "Outer", "Join Type": "Inner", "Startup Cost": 0.0, "Total Cost": 109909.47, "Plan Rows": 5847, "Plan Width": 25, "Inner Unique": false, "Plans": [{"Node Type": "Nested Loop", "Parent Relationship": "Outer", "Join Type": "Inner", "Startup Cost": 0.0, "Total Cost": 104166.87, "Plan Rows": 5775, "Plan Width": 25, "Inner Unique": true, "Plans": [{"Node Type": "Nested Loop", "Parent Relationship": "Outer", "Join Type": "Inner", "Startup Cost": 0.0, "Total Cost": 81519.78, "Plan Rows": 5775, "Plan Width": 4, "Inner Unique": false, "Plans": [{"Node Type": "Index Scan", "Parent Relationship": "Outer", "Scan Direction": "Forward", "Index Name": "company_name_pkey", "Relation Name": "company_name", "Alias": "cn", "Startup Cost": 0.0, "Total Cost": 10501.39, "Plan Rows": 6290, "Plan Width": 4, "Filter": "((country_code)::text = '[jp]'::text)"}, {"Node Type": "Index Scan", "Parent Relationship": "Inner", "Scan Direction": "Forward", "Index Name": "company_id_movie_companies", "Relation Name": "movie_companies", "Alias": "mc", "Startup Cost": 0.0, "Total Cost": 11.28, "Plan Rows": 1, "Plan Width": 8, "Index Cond": "(company_id = cn.id)", "Filter": "(((note)::text ~~ '%(Japan)%'::text) AND ((note)::text !~~ '%(USA)%'::text))"}]}, {"Node Type": "Index Scan", "Parent Relationship": "Inner", "Scan Direction": "Forward", "Index Name": "title_pkey", "Relation Name": "title", "Alias": "t", "Startup Cost": 0.0, "Total Cost": 3.91, "Plan Rows": 1, "Plan Width": 21, "Index Cond": "(id = mc.movie_id)"}]}, {"Node Type": "Index Scan", "Parent Relationship": "Inner", "Scan Direction": "Forward", "Index Name": "movie_id_cast_info", "Relation Name": "cast_info", "Alias": "ci", "Startup Cost": 0.0, "Total Cost": 0.98, "Plan Rows": 1, "Plan Width": 12, "Index Cond": "(movie_id = t.id)", "Filter": "((note)::text = '(voice: English version)'::text)"}]}, {"Node Type": "Hash", "Parent Relationship": "Inner", "Startup Cost": 12.46, "Total Cost": 12.46, "Plan Rows": 1, "Plan Width": 4, "Plans": [{"Node Type": "Index Scan", "Parent Relationship": "Outer", "Scan Direction": "Forward", "Index Name": "role_type_pkey", "Relation Name": "role_type", "Alias": "rt", "Startup Cost": 0.0, "Total Cost": 12.46, "Plan Rows": 1, "Plan Width": 4, "Filter": "((role)::text = 'actress'::text)"}]}]}, {"Node Type": "Index Scan", "Parent Relationship": "Inner", "Scan Direction": "Forward", "Index Name": "person_id_aka_name", "Relation Name": "aka_name", "Alias": "an1", "Startup Cost": 0.0, "Total Cost": 0.84, "Plan Rows": 1, "Plan Width": 20, "Index Cond": "(person_id = ci.person_id)"}]}, {"Node Type": "Index Scan", "Parent Relationship": "Inner", "Scan Direction": "Forward", "Index Name": "name_pkey", "Relation Name": "name", "Alias": "n1", "Startup Cost": 0.0, "Total Cost": 0.57, "Plan Rows": 1, "Plan Width": 4, "Index Cond": "(id = an1.person_id)", "Filter": "(((name)::text ~~ '%Yo%'::text) AND ((name)::text !~~ '%Yu%'::text))"}]}]}, "Unique SQL Id": 3544391839, "Planner Runtime": 29}, "explain_analyze_plan": {"Plan": {"Node Type": "Aggregate", "Strategy": "Plain", "Startup Cost": 110772.14, "Total Cost": 110772.15, "Plan Rows": 1, "Plan Width": 97, "Actual Startup Time": 3480.072, "Actual Total Time": 3480.073, "Actual Rows": 1, "Actual Loops": 1, "Plans": [{"Node Type": "Nested Loop", "Parent Relationship": "Outer", "Join Type": "Inner", "Startup Cost": 12.47, "Total Cost": 110771.66, "Plan Rows": 96, "Plan Width": 33, "Actual Startup Time": 4.254, "Actual Total Time": 3479.773, "Actual Rows": 62, "Actual Loops": 1, "Inner Unique": true, "Plans": [{"Node Type": "Nested Loop", "Parent Relationship": "Outer", "Join Type": "Inner", "Startup Cost": 12.47, "Total Cost": 110396.12, "Plan Rows": 645, "Plan Width": 41, "Actual Startup Time": 0.34, "Actual Total Time": 3403.795, "Actual Rows": 17379, "Actual Loops": 1, "Inner Unique": false, "Plans": [{"Node Type": "Hash Join", "Parent Relationship": "Outer", "Join Type": "Inner", "Startup Cost": 12.47, "Total Cost": 109941.91, "Plan Rows": 532, "Plan Width": 21, "Actual Startup Time": 0.329, "Actual Total Time": 3355.038, "Actual Rows": 7438, "Actual Loops": 1, "Inner Unique": true, "Hash Cond": "(ci.role_id = rt.id)", "Plans": [{"Node Type": "Nested Loop", "Parent Relationship": "Outer", "Join Type": "Inner", "Startup Cost": 0.0, "Total Cost": 109909.47, "Plan Rows": 5847, "Plan Width": 25, "Actual Startup Time": 0.262, "Actual Total Time": 3348.22, "Actual Rows": 19600, "Actual Loops": 1, "Inner Unique": false, "Plans": [{"Node Type": "Nested Loop", "Parent Relationship": "Outer", "Join Type": "Inner", "Startup Cost": 0.0, "Total Cost": 104166.87, "Plan Rows": 5775, "Plan Width": 25, "Actual Startup Time": 0.213, "Actual Total Time": 775.331, "Actual Rows": 48328, "Actual Loops": 1, "Inner Unique": true, "Plans": [{"Node Type": "Nested Loop", "Parent Relationship": "Outer", "Join Type": "Inner", "Startup Cost": 0.0, "Total Cost": 81519.78, "Plan Rows": 5775, "Plan Width": 4, "Actual Startup Time": 0.202, "Actual Total Time": 497.017, "Actual Rows": 48328, "Actual Loops": 1, "Inner Unique": false, "Plans": [{"Node Type": "Index Scan", "Parent Relationship": "Outer", "Scan Direction": "Forward", "Index Name": "company_name_pkey", "Relation Name": "company_name", "Alias": "cn", "Startup Cost": 0.0, "Total Cost": 10501.39, "Plan Rows": 6290, "Plan Width": 4, "Actual Startup Time": 0.169, "Actual Total Time": 294.438, "Actual Rows": 6752, "Actual Loops": 1, "Filter": "((country_code)::text = '[jp]'::text)", "Rows Removed by Filter": 228244}, {"Node Type": "Index Scan", "Parent Relationship": "Inner", "Scan Direction": "Forward", "Index Name": "company_id_movie_companies", "Relation Name": "movie_companies", "Alias": "mc", "Startup Cost": 0.0, "Total Cost": 11.28, "Plan Rows": 1, "Plan Width": 8, "Actual Startup Time": 49.18, "Actual Total Time": 186.567, "Actual Rows": 48328, "Actual Loops": 6752, "Index Cond": "(company_id = cn.id)", "Rows Removed by Index Recheck": 0, "Filter": "(((note)::text ~~ '%(Japan)%'::text) AND ((note)::text !~~ '%(USA)%'::text))", "Rows Removed by Filter": 56667}]}, {"Node Type": "Index Scan", "Parent Relationship": "Inner", "Scan Direction": "Forward", "Index Name": "title_pkey", "Relation Name": "title", "Alias": "t", "Startup Cost": 0.0, "Total Cost": 3.91, "Plan Rows": 1, "Plan Width": 21, "Actual Startup Time": 236.152, "Actual Total Time": 236.152, "Actual Rows": 48328, "Actual Loops": 48328, "Index Cond": "(id = mc.movie_id)", "Rows Removed by Index Recheck": 0}]}, {"Node Type": "Index Scan", "Parent Relationship": "Inner", "Scan Direction": "Forward", "Index Name": "movie_id_cast_info", "Relation Name": "cast_info", "Alias": "ci", "Startup Cost": 0.0, "Total Cost": 0.98, "Plan Rows": 1, "Plan Width": 12, "Actual Startup Time": 2423.055, "Actual Total Time": 2542.26, "Actual Rows": 19600, "Actual Loops": 48328, "Index Cond": "(movie_id = t.id)", "Rows Removed by Index Recheck": 0, "Filter": "((note)::text = '(voice: English version)'::text)", "Rows Removed by Filter": 1531710}]}, {"Node Type": "Hash", "Parent Relationship": "Inner", "Startup Cost": 12.46, "Total Cost": 12.46, "Plan Rows": 1, "Plan Width": 4, "Actual Startup Time": 0.02, "Actual Total Time": 0.02, "Actual Rows": 1, "Actual Loops": 1, "Hash Buckets": 32768, "Hash Batches": 1, "Original Hash Batches": 1, "Peak Memory Usage": 1, "Plans": [{"Node Type": "Index Scan", "Parent Relationship": "Outer", "Scan Direction": "Forward", "Index Name": "role_type_pkey", "Relation Name": "role_type", "Alias": "rt", "Startup Cost": 0.0, "Total Cost": 12.46, "Plan Rows": 1, "Plan Width": 4, "Actual Startup Time": 0.008, "Actual Total Time": 0.014, "Actual Rows": 1, "Actual Loops": 1, "Filter": "((role)::text = 'actress'::text)", "Rows Removed by Filter": 11}]}]}, {"Node Type": "Index Scan", "Parent Relationship": "Inner", "Scan Direction": "Forward", "Index Name": "person_id_aka_name", "Relation Name": "aka_name", "Alias": "an1", "Startup Cost": 0.0, "Total Cost": 0.84, "Plan Rows": 1, "Plan Width": 20, "Actual Startup Time": 31.635, "Actual Total Time": 39.64, "Actual Rows": 17379, "Actual Loops": 7438, "Index Cond": "(person_id = ci.person_id)", "Rows Removed by Index Recheck": 0}]}, {"Node Type": "Index Scan", "Parent Relationship": "Inner", "Scan Direction": "Forward", "Index Name": "name_pkey", "Relation Name": "name", "Alias": "n1", "Startup Cost": 0.0, "Total Cost": 0.57, "Plan Rows": 1, "Plan Width": 4, "Actual Startup Time": 66.941, "Actual Total Time": 66.941, "Actual Rows": 62, "Actual Loops": 17379, "Index Cond": "(id = an1.person_id)", "Rows Removed by Index Recheck": 0, "Filter": "(((name)::text ~~ '%Yo%'::text) AND ((name)::text !~~ '%Yu%'::text))", "Rows Removed by Filter": 17317}]}]}, "Triggers": [], "Planner Runtime": 29, "Total Runtime": 3480.424, "Unique SQL Id": 3544391839}}, "(1, 66)": {"explain_plan": {"Plan": {"Node Type": "Aggregate", "Strategy": "Plain", "Startup Cost": 123459.03, "Total Cost": 123459.04, "Plan Rows": 1, "Plan Width": 97, "Plans": [{"Node Type": "Nested Loop", "Parent Relationship": "Outer", "Join Type": "Inner", "Startup Cost": 5985.74, "Total Cost": 123455.8, "Plan Rows": 646, "Plan Width": 33, "Inner Unique": true, "Plans": [{"Node Type": "Nested Loop", "Parent Relationship": "Outer", "Join Type": "Inner", "Startup Cost": 5985.41, "Total Cost": 120647.21, "Plan Rows": 645, "Plan Width": 41, "Inner Unique": false, "Plans": [{"Node Type": "Hash Join", "Parent Relationship": "Outer", "Join Type": "Inner", "Startup Cost": 5985.03, "Total Cost": 118304.65, "Plan Rows": 532, "Plan Width": 21, "Inner Unique": true, "Hash Cond": "(ci.role_id = rt.id)", "Plans": [{"Node Type": "Nested Loop", "Parent Relationship": "Outer", "Join Type": "Inner", "Startup Cost": 5983.86, "Total Cost": 118283.51, "Plan Rows": 5847, "Plan Width": 25, "Inner Unique": false, "Plans": [{"Node Type": "Nested Loop", "Parent Relationship": "Outer", "Join Type": "Inner", "Startup Cost": 5983.35, "Total Cost": 91625.69, "Plan Rows": 5775, "Plan Width": 25, "Inner Unique": true, "Plans": [{"Node Type": "Hash Join", "Parent Relationship": "Outer", "Join Type": "Inner", "Startup Cost": 5982.08, "Total Cost": 61039.34, "Plan Rows": 5775, "Plan Width": 4, "Inner Unique": true, "Hash Cond": "(mc.company_id = cn.id)", "Plans": [{"Node Type": "Seq Scan", "Parent Relationship": "Outer", "Relation Name": "movie_companies", "Alias": "mc", "Startup Cost": 0.0, "Total Cost": 54862.92, "Plan Rows": 36426, "Plan Width": 8, "Filter": "(((note)::text ~~ '%(Japan)%'::text) AND ((note)::text !~~ '%(USA)%'::text))"}, {"Node Type": "Hash", "Parent Relationship": "Inner", "Startup Cost": 5903.45, "Total Cost": 5903.45, "Plan Rows": 6290, "Plan Width": 4, "Plans": [{"Node Type": "Seq Scan", "Parent Relationship": "Outer", "Relation Name": "company_name", "Alias": "cn", "Startup Cost": 0.0, "Total Cost": 5903.45, "Plan Rows": 6290, "Plan Width": 4, "Filter": "((country_code)::text = '[jp]'::text)"}]}]}, {"Node Type": "Bitmap Heap Scan", "Parent Relationship": "Inner", "Relation Name": "title", "Alias": "t", "Startup Cost": 1.27, "Total Cost": 5.29, "Plan Rows": 1, "Plan Width": 21, "Recheck Cond": "(id = mc.movie_id)", "Plans": [{"Node Type": "Bitmap Index Scan", "Parent Relationship": "Outer", "Index Name": "title_pkey", "Startup Cost": 0.0, "Total Cost": 1.27, "Plan Rows": 1, "Plan Width": 0, "Index Cond": "(id = mc.movie_id)"}]}]}, {"Node Type": "Bitmap Heap Scan", "Parent Relationship": "Inner", "Relation Name": "cast_info", "Alias": "ci", "Startup Cost": 0.52, "Total Cost": 4.61, "Plan Rows": 1, "Plan Width": 12, "Recheck Cond": "(movie_id = t.id)", "Filter": "((note)::text = '(voice: English version)'::text)", "Plans": [{"Node Type": "Bitmap Index Scan", "Parent Relationship": "Outer", "Index Name": "movie_id_cast_info", "Startup Cost": 0.0, "Total Cost": 0.52, "Plan Rows": 6, "Plan Width": 0, "Index Cond": "(movie_id = t.id)"}]}]}, {"Node Type": "Hash", "Parent Relationship": "Inner", "Startup Cost": 1.15, "Total Cost": 1.15, "Plan Rows": 1, "Plan Width": 4, "Plans": [{"Node Type": "Seq Scan", "Parent Relationship": "Outer", "Relation Name": "role_type", "Alias": "rt", "Startup Cost": 0.0, "Total Cost": 1.15, "Plan Rows": 1, "Plan Width": 4, "Filter": "((role)::text = 'actress'::text)"}]}]}, {"Node Type": "Bitmap Heap Scan", "Parent Relationship": "Inner", "Relation Name": "aka_name", "Alias": "an1", "Startup Cost": 0.38, "Total Cost": 4.39, "Plan Rows": 1, "Plan Width": 20, "Recheck Cond": "(person_id = ci.person_id)", "Plans": [{"Node Type": "Bitmap Index Scan", "Parent Relationship": "Outer", "Index Name": "person_id_aka_name", "Startup Cost": 0.0, "Total Cost": 0.38, "Plan Rows": 1, "Plan Width": 0, "Index Cond": "(person_id = ci.person_id)"}]}]}, {"Node Type": "Bitmap Heap Scan", "Parent Relationship": "Inner", "Relation Name": "name", "Alias": "n1", "Startup Cost": 0.33, "Total Cost": 4.34, "Plan Rows": 1, "Plan Width": 4, "Recheck Cond": "(id = an1.person_id)", "Filter": "(((name)::text ~~ '%Yo%'::text) AND ((name)::text !~~ '%Yu%'::text))", "Plans": [{"Node Type": "Bitmap Index Scan", "Parent Relationship": "Outer", "Index Name": "name_pkey", "Startup Cost": 0.0, "Total Cost": 0.33, "Plan Rows": 1, "Plan Width": 0, "Index Cond": "(id = an1.person_id)"}]}]}]}, "Unique SQL Id": 3544391839, "Planner Runtime": 32}, "explain_analyze_plan": {"Plan": {"Node Type": "Aggregate", "Strategy": "Plain", "Startup Cost": 123459.03, "Total Cost": 123459.04, "Plan Rows": 1, "Plan Width": 97, "Actual Startup Time": 5243.402, "Actual Total Time": 5243.403, "Actual Rows": 1, "Actual Loops": 1, "Plans": [{"Node Type": "Nested Loop", "Parent Relationship": "Outer", "Join Type": "Inner", "Startup Cost": 5985.74, "Total Cost": 123455.8, "Plan Rows": 646, "Plan Width": 33, "Actual Startup Time": 443.847, "Actual Total Time": 5243.16, "Actual Rows": 62, "Actual Loops": 1, "Inner Unique": true, "Plans": [{"Node Type": "Nested Loop", "Parent Relationship": "Outer", "Join Type": "Inner", "Startup Cost": 5985.41, "Total Cost": 120647.21, "Plan Rows": 645, "Plan Width": 41, "Actual Startup Time": 81.98, "Actual Total Time": 5141.93, "Actual Rows": 17379, "Actual Loops": 1, "Inner Unique": false, "Plans": [{"Node Type": "Hash Join", "Parent Relationship": "Outer", "Join Type": "Inner", "Startup Cost": 5985.03, "Total Cost": 118304.65, "Plan Rows": 532, "Plan Width": 21, "Actual Startup Time": 81.96, "Actual Total Time": 5076.291, "Actual Rows": 7438, "Actual Loops": 1, "Inner Unique": true, "Hash Cond": "(ci.role_id = rt.id)", "Plans": [{"Node Type": "Nested Loop", "Parent Relationship": "Outer", "Join Type": "Inner", "Startup Cost": 5983.86, "Total Cost": 118283.51, "Plan Rows": 5847, "Plan Width": 25, "Actual Startup Time": 81.871, "Actual Total Time": 5069.629, "Actual Rows": 19600, "Actual Loops": 1, "Inner Unique": false, "Plans": [{"Node Type": "Nested Loop", "Parent Relationship": "Outer", "Join Type": "Inner", "Startup Cost": 5983.35, "Total Cost": 91625.69, "Plan Rows": 5775, "Plan Width": 25, "Actual Startup Time": 81.71, "Actual Total Time": 1444.008, "Actual Rows": 48328, "Actual Loops": 1, "Inner Unique": true, "Plans": [{"Node Type": "Hash Join", "Parent Relationship": "Outer", "Join Type": "Inner", "Startup Cost": 5982.08, "Total Cost": 61039.34, "Plan Rows": 5775, "Plan Width": 4, "Actual Startup Time": 81.656, "Actual Total Time": 1086.85, "Actual Rows": 48328, "Actual Loops": 1, "Inner Unique": true, "Hash Cond": "(mc.company_id = cn.id)", "Plans": [{"Node Type": "Seq Scan", "Parent Relationship": "Outer", "Relation Name": "movie_companies", "Alias": "mc", "Startup Cost": 0.0, "Total Cost": 54862.92, "Plan Rows": 36426, "Plan Width": 8, "Actual Startup Time": 0.229, "Actual Total Time": 967.103, "Actual Rows": 48897, "Actual Loops": 1, "Filter": "(((note)::text ~~ '%(Japan)%'::text) AND ((note)::text !~~ '%(USA)%'::text))", "Rows Removed by Filter": 2560231}, {"Node Type": "Hash", "Parent Relationship": "Inner", "Startup Cost": 5903.45, "Total Cost": 5903.45, "Plan Rows": 6290, "Plan Width": 4, "Actual Startup Time": 81.376, "Actual Total Time": 81.376, "Actual Rows": 6752, "Actual Loops": 1, "Hash Buckets": 32768, "Hash Batches": 1, "Original Hash Batches": 1, "Peak Memory Usage": 238, "Plans": [{"Node Type": "Seq Scan", "Parent Relationship": "Outer", "Relation Name": "company_name", "Alias": "cn", "Startup Cost": 0.0, "Total Cost": 5903.45, "Plan Rows": 6290, "Plan Width": 4, "Actual Startup Time": 0.027, "Actual Total Time": 79.251, "Actual Rows": 6752, "Actual Loops": 1, "Filter": "((country_code)::text = '[jp]'::text)", "Rows Removed by Filter": 228244}]}]}, {"Node Type": "Bitmap Heap Scan", "Parent Relationship": "Inner", "Relation Name": "title", "Alias": "t", "Startup Cost": 1.27, "Total Cost": 5.29, "Plan Rows": 1, "Plan Width": 21, "Actual Startup Time": 279.01, "Actual Total Time": 279.01, "Actual Rows": 48328, "Actual Loops": 48328, "Recheck Cond": "(id = mc.movie_id)", "Rows Removed by Index Recheck": 0, "Exact Heap Blocks": 48328, "Lossy Heap Blocks": 48328, "Plans": [{"Node Type": "Bitmap Index Scan", "Parent Relationship": "Outer", "Index Name": "title_pkey", "Startup Cost": 0.0, "Total Cost": 1.27, "Plan Rows": 1, "Plan Width": 0, "Actual Startup Time": 152.758, "Actual Total Time": 152.758, "Actual Rows": 48328, "Actual Loops": 48328, "Index Cond": "(id = mc.movie_id)"}]}]}, {"Node Type": "Bitmap Heap Scan", "Parent Relationship": "Inner", "Relation Name": "cast_info", "Alias": "ci", "Startup Cost": 0.52, "Total Cost": 4.61, "Plan Rows": 1, "Plan Width": 12, "Actual Startup Time": 3408.232, "Actual Total Time": 3553.517, "Actual Rows": 19600, "Actual Loops": 48328, "Recheck Cond": "(movie_id = t.id)", "Rows Removed by Index Recheck": 0, "Filter": "((note)::text = '(voice: English version)'::text)", "Rows Removed by Filter": 1531710, "Exact Heap Blocks": 1503105, "Lossy Heap Blocks": 1503105, "Plans": [{"Node Type": "Bitmap Index Scan", "Parent Relationship": "Outer", "Index Name": "movie_id_cast_info", "Startup Cost": 0.0, "Total Cost": 0.52, "Plan Rows": 6, "Plan Width": 0, "Actual Startup Time": 467.774, "Actual Total Time": 467.774, "Actual Rows": 1551310, "Actual Loops": 48328, "Index Cond": "(movie_id = t.id)"}]}]}, {"Node Type": "Hash", "Parent Relationship": "Inner", "Startup Cost": 1.15, "Total Cost": 1.15, "Plan Rows": 1, "Plan Width": 4, "Actual Startup Time": 0.04, "Actual Total Time": 0.04, "Actual Rows": 1, "Actual Loops": 1, "Hash Buckets": 32768, "Hash Batches": 1, "Original Hash Batches": 1, "Peak Memory Usage": 1, "Plans": [{"Node Type": "Seq Scan", "Parent Relationship": "Outer", "Relation Name": "role_type", "Alias": "rt", "Startup Cost": 0.0, "Total Cost": 1.15, "Plan Rows": 1, "Plan Width": 4, "Actual Startup Time": 0.027, "Actual Total Time": 0.032, "Actual Rows": 1, "Actual Loops": 1, "Filter": "((role)::text = 'actress'::text)", "Rows Removed by Filter": 11}]}]}, {"Node Type": "Bitmap Heap Scan", "Parent Relationship": "Inner", "Relation Name": "aka_name", "Alias": "an1", "Startup Cost": 0.38, "Total Cost": 4.39, "Plan Rows": 1, "Plan Width": 20, "Actual Startup Time": 46.087, "Actual Total Time": 51.338, "Actual Rows": 17379, "Actual Loops": 7438, "Recheck Cond": "(person_id = ci.person_id)", "Rows Removed by Index Recheck": 0, "Exact Heap Blocks": 6514, "Lossy Heap Blocks": 6514, "Plans": [{"Node Type": "Bitmap Index Scan", "Parent Relationship": "Outer", "Index Name": "person_id_aka_name", "Startup Cost": 0.0, "Total Cost": 0.38, "Plan Rows": 1, "Plan Width": 0, "Actual Startup Time": 30.547, "Actual Total Time": 30.547, "Actual Rows": 17379, "Actual Loops": 7438, "Index Cond": "(person_id = ci.person_id)"}]}]}, {"Node Type": "Bitmap Heap Scan", "Parent Relationship": "Inner", "Relation Name": "name", "Alias": "n1", "Startup Cost": 0.33, "Total Cost": 4.34, "Plan Rows": 1, "Plan Width": 4, "Actual Startup Time": 81.256, "Actual Total Time": 81.256, "Actual Rows": 62, "Actual Loops": 17379, "Recheck Cond": "(id = an1.person_id)", "Rows Removed by Index Recheck": 0, "Filter": "(((name)::text ~~ '%Yo%'::text) AND ((name)::text !~~ '%Yu%'::text))", "Rows Removed by Filter": 17317, "Exact Heap Blocks": 17379, "Lossy Heap Blocks": 17379, "Plans": [{"Node Type": "Bitmap Index Scan", "Parent Relationship": "Outer", "Index Name": "name_pkey", "Startup Cost": 0.0, "Total Cost": 0.33, "Plan Rows": 1, "Plan Width": 0, "Actual Startup Time": 47.546, "Actual Total Time": 47.546, "Actual Rows": 17379, "Actual Loops": 17379, "Index Cond": "(id = an1.person_id)"}]}]}]}, "Triggers": [], "Planner Runtime": 32, "Total Runtime": 5243.81, "Unique SQL Id": 3544391839}}, "(1, 67)": {"explain_plan": {"Plan": {"Node Type": "Aggregate", "Strategy": "Plain", "Startup Cost": 1000012228445.06, "Total Cost": 1000012228445.07, "Plan Rows": 1, "Plan Width": 97, "Plans": [{"Node Type": "Nested Loop", "Parent Relationship": "Outer", "Join Type": "Inner", "Startup Cost": 10000000003.19, "Total Cost": 1000012228445.0, "Plan Rows": 12, "Plan Width": 33, "Inner Unique": true, "Plans": [{"Node Type": "Nested Loop", "Parent Relationship": "Outer", "Join Type": "Inner", "Startup Cost": 10000000002.87, "Total Cost": 1000012225636.42, "Plan Rows": 645, "Plan Width": 41, "Inner Unique": true, "Plans": [{"Node Type": "Nested Loop", "Parent Relationship": "Outer", "Join Type": "Inner", "Startup Cost": 10000000002.23, "Total Cost": 1000012222628.77, "Plan Rows": 645, "Plan Width": 32, "Inner Unique": true, "Plans": [{"Node Type": "Nested Loop", "Parent Relationship": "Outer", "Join Type": "Inner", "Startup Cost": 10000000001.92, "Total Cost": 1000012205100.96, "Plan Rows": 4051, "Plan Width": 36, "Inner Unique": false, "Plans": [{"Node Type": "Nested Loop", "Parent Relationship": "Outer", "Join Type": "Inner", "Startup Cost": 10000000001.26, "Total Cost": 1000012155572.17, "Plan Rows": 10524, "Plan Width": 28, "Inner Unique": true, "Plans": [{"Node Type": "Nested Loop", "Parent Relationship": "Outer", "Join Type": "Inner", "Startup Cost": 10000000001.0, "Total Cost": 1000011659757.19, "Plan Rows": 115768, "Plan Width": 32, "Inner Unique": false, "Plans": [{"Node Type": "Index Scan", "Parent Relationship": "Outer", "Scan Direction": "Forward", "Index Name": "person_id_aka_name", "Relation Name": "aka_name", "Alias": "an1", "Startup Cost": 10000000000.0, "Total Cost": 1000006896503.43, "Plan Rows": 901342, "Plan Width": 20}, {"Node Type": "Bitmap Heap Scan", "Parent Relationship": "Inner", "Relation Name": "cast_info", "Alias": "ci", "Startup Cost": 1.0, "Total Cost": 5.27, "Plan Rows": 1, "Plan Width": 12, "Recheck Cond": "(person_id = an1.person_id)", "Filter": "((note)::text = '(voice: English version)'::text)", "Plans": [{"Node Type": "Bitmap Index Scan", "Parent Relationship": "Outer", "Index Name": "person_id_cast_info", "Startup Cost": 0.0, "Total Cost": 1.0, "Plan Rows": 18, "Plan Width": 0, "Index Cond": "(person_id = an1.person_id)"}]}]}, {"Node Type": "Bitmap Heap Scan", "Parent Relationship": "Inner", "Relation Name": "role_type", "Alias": "rt", "Startup Cost": 0.26, "Total Cost": 4.27, "Plan Rows": 1, "Plan Width": 4, "Recheck Cond": "(id = ci.role_id)", "Filter": "((role)::text = 'actress'::text)", "Plans": [{"Node Type": "Bitmap Index Scan", "Parent Relationship": "Outer", "Index Name": "role_type_pkey", "Startup Cost": 0.0, "Total Cost": 0.26, "Plan Rows": 1, "Plan Width": 0, "Index Cond": "(id = ci.role_id)"}]}]}, {"Node Type": "Bitmap Heap Scan", "Parent Relationship": "Inner", "Relation Name": "movie_companies", "Alias": "mc", "Startup Cost": 0.66, "Total Cost": 4.7, "Plan Rows": 1, "Plan Width": 8, "Recheck Cond": "(movie_id = ci.movie_id)", "Filter": "(((note)::text ~~ '%(Japan)%'::text) AND ((note)::text !~~ '%(USA)%'::text))", "Plans": [{"Node Type": "Bitmap Index Scan", "Parent Relationship": "Outer", "Index Name": "movie_id_movie_companies", "Startup Cost": 0.0, "Total Cost": 0.66, "Plan Rows": 2, "Plan Width": 0, "Index Cond": "(movie_id = ci.movie_id)"}]}]}, {"Node Type": "Bitmap Heap Scan", "Parent Relationship": "Inner", "Relation Name": "company_name", "Alias": "cn", "Startup Cost": 0.3, "Total Cost": 4.32, "Plan Rows": 1, "Plan Width": 4, "Recheck Cond": "(id = mc.company_id)", "Filter": "((country_code)::text = '[jp]'::text)", "Plans": [{"Node Type": "Bitmap Index Scan", "Parent Relationship": "Outer", "Index Name": "company_name_pkey", "Startup Cost": 0.0, "Total Cost": 0.3, "Plan Rows": 1, "Plan Width": 0, "Index Cond": "(id = mc.company_id)"}]}]}, {"Node Type": "Bitmap Heap Scan", "Parent Relationship": "Inner", "Relation Name": "title", "Alias": "t", "Startup Cost": 0.64, "Total Cost": 4.65, "Plan Rows": 1, "Plan Width": 21, "Recheck Cond": "(id = ci.movie_id)", "Plans": [{"Node Type": "Bitmap Index Scan", "Parent Relationship": "Outer", "Index Name": "title_pkey", "Startup Cost": 0.0, "Total Cost": 0.64, "Plan Rows": 1, "Plan Width": 0, "Index Cond": "(id = ci.movie_id)"}]}]}, {"Node Type": "Bitmap Heap Scan", "Parent Relationship": "Inner", "Relation Name": "name", "Alias": "n1", "Startup Cost": 0.33, "Total Cost": 4.34, "Plan Rows": 1, "Plan Width": 4, "Recheck Cond": "(id = an1.person_id)", "Filter": "(((name)::text ~~ '%Yo%'::text) AND ((name)::text !~~ '%Yu%'::text))", "Plans": [{"Node Type": "Bitmap Index Scan", "Parent Relationship": "Outer", "Index Name": "name_pkey", "Startup Cost": 0.0, "Total Cost": 0.33, "Plan Rows": 1, "Plan Width": 0, "Index Cond": "(id = an1.person_id)"}]}]}]}, "Unique SQL Id": 3544391839, "Planner Runtime": 8}, "explain_analyze_plan": null}, "(1, 68)": {"explain_plan": {"Plan": {"Node Type": "Aggregate", "Strategy": "Plain", "Startup Cost": 90283.15, "Total Cost": 90283.16, "Plan Rows": 1, "Plan Width": 97, "Plans": [{"Node Type": "Nested Loop", "Parent Relationship": "Outer", "Join Type": "Inner", "Startup Cost": 5983.24, "Total Cost": 90279.92, "Plan Rows": 646, "Plan Width": 33, "Inner Unique": true, "Plans": [{"Node Type": "Nested Loop", "Parent Relationship": "Outer", "Join Type": "Inner", "Startup Cost": 5983.24, "Total Cost": 89904.38, "Plan Rows": 645, "Plan Width": 41, "Inner Unique": false, "Plans": [{"Node Type": "Hash Join", "Parent Relationship": "Outer", "Join Type": "Inner", "Startup Cost": 5983.24, "Total Cost": 89450.16, "Plan Rows": 532, "Plan Width": 21, "Inner Unique": true, "Hash Cond": "(ci.role_id = rt.id)", "Plans": [{"Node Type": "Nested Loop", "Parent Relationship": "Outer", "Join Type": "Inner", "Startup Cost": 5982.08, "Total Cost": 89429.03, "Plan Rows": 5847, "Plan Width": 25, "Inner Unique": false, "Plans": [{"Node Type": "Nested Loop", "Parent Relationship": "Outer", "Join Type": "Inner", "Startup Cost": 5982.08, "Total Cost": 83686.44, "Plan Rows": 5775, "Plan Width": 25, "Inner Unique": true, "Plans": [{"Node Type": "Hash Join", "Parent Relationship": "Outer", "Join Type": "Inner", "Startup Cost": 5982.08, "Total Cost": 61039.34, "Plan Rows": 5775, "Plan Width": 4, "Inner Unique": true, "Hash Cond": "(mc.company_id = cn.id)", "Plans": [{"Node Type": "Seq Scan", "Parent Relationship": "Outer", "Relation Name": "movie_companies", "Alias": "mc", "Startup Cost": 0.0, "Total Cost": 54862.92, "Plan Rows": 36426, "Plan Width": 8, "Filter": "(((note)::text ~~ '%(Japan)%'::text) AND ((note)::text !~~ '%(USA)%'::text))"}, {"Node Type": "Hash", "Parent Relationship": "Inner", "Startup Cost": 5903.45, "Total Cost": 5903.45, "Plan Rows": 6290, "Plan Width": 4, "Plans": [{"Node Type": "Seq Scan", "Parent Relationship": "Outer", "Relation Name": "company_name", "Alias": "cn", "Startup Cost": 0.0, "Total Cost": 5903.45, "Plan Rows": 6290, "Plan Width": 4, "Filter": "((country_code)::text = '[jp]'::text)"}]}]}, {"Node Type": "Index Scan", "Parent Relationship": "Inner", "Scan Direction": "Forward", "Index Name": "title_pkey", "Relation Name": "title", "Alias": "t", "Startup Cost": 0.0, "Total Cost": 3.91, "Plan Rows": 1, "Plan Width": 21, "Index Cond": "(id = mc.movie_id)"}]}, {"Node Type": "Index Scan", "Parent Relationship": "Inner", "Scan Direction": "Forward", "Index Name": "movie_id_cast_info", "Relation Name": "cast_info", "Alias": "ci", "Startup Cost": 0.0, "Total Cost": 0.98, "Plan Rows": 1, "Plan Width": 12, "Index Cond": "(movie_id = t.id)", "Filter": "((note)::text = '(voice: English version)'::text)"}]}, {"Node Type": "Hash", "Parent Relationship": "Inner", "Startup Cost": 1.15, "Total Cost": 1.15, "Plan Rows": 1, "Plan Width": 4, "Plans": [{"Node Type": "Seq Scan", "Parent Relationship": "Outer", "Relation Name": "role_type", "Alias": "rt", "Startup Cost": 0.0, "Total Cost": 1.15, "Plan Rows": 1, "Plan Width": 4, "Filter": "((role)::text = 'actress'::text)"}]}]}, {"Node Type": "Index Scan", "Parent Relationship": "Inner", "Scan Direction": "Forward", "Index Name": "person_id_aka_name", "Relation Name": "aka_name", "Alias": "an1", "Startup Cost": 0.0, "Total Cost": 0.84, "Plan Rows": 1, "Plan Width": 20, "Index Cond": "(person_id = ci.person_id)"}]}, {"Node Type": "Index Scan", "Parent Relationship": "Inner", "Scan Direction": "Forward", "Index Name": "name_pkey", "Relation Name": "name", "Alias": "n1", "Startup Cost": 0.0, "Total Cost": 0.57, "Plan Rows": 1, "Plan Width": 4, "Index Cond": "(id = an1.person_id)", "Filter": "(((name)::text ~~ '%Yo%'::text) AND ((name)::text !~~ '%Yu%'::text))"}]}]}, "Unique SQL Id": 3544391839, "Planner Runtime": 30}, "explain_analyze_plan": {"Plan": {"Node Type": "Aggregate", "Strategy": "Plain", "Startup Cost": 90283.15, "Total Cost": 90283.16, "Plan Rows": 1, "Plan Width": 97, "Actual Startup Time": 4410.526, "Actual Total Time": 4410.526, "Actual Rows": 1, "Actual Loops": 1, "Plans": [{"Node Type": "Nested Loop", "Parent Relationship": "Outer", "Join Type": "Inner", "Startup Cost": 5983.24, "Total Cost": 90279.92, "Plan Rows": 646, "Plan Width": 33, "Actual Startup Time": 342.332, "Actual Total Time": 4410.309, "Actual Rows": 62, "Actual Loops": 1, "Inner Unique": true, "Plans": [{"Node Type": "Nested Loop", "Parent Relationship": "Outer", "Join Type": "Inner", "Startup Cost": 5983.24, "Total Cost": 89904.38, "Plan Rows": 645, "Plan Width": 41, "Actual Startup Time": 82.965, "Actual Total Time": 4335.003, "Actual Rows": 17379, "Actual Loops": 1, "Inner Unique": false, "Plans": [{"Node Type": "Hash Join", "Parent Relationship": "Outer", "Join Type": "Inner", "Startup Cost": 5983.24, "Total Cost": 89450.16, "Plan Rows": 532, "Plan Width": 21, "Actual Startup Time": 82.953, "Actual Total Time": 4285.037, "Actual Rows": 7438, "Actual Loops": 1, "Inner Unique": true, "Hash Cond": "(ci.role_id = rt.id)", "Plans": [{"Node Type": "Nested Loop", "Parent Relationship": "Outer", "Join Type": "Inner", "Startup Cost": 5982.08, "Total Cost": 89429.03, "Plan Rows": 5847, "Plan Width": 25, "Actual Startup Time": 82.861, "Actual Total Time": 4278.693, "Actual Rows": 19600, "Actual Loops": 1, "Inner Unique": false, "Plans": [{"Node Type": "Nested Loop", "Parent Relationship": "Outer", "Join Type": "Inner", "Startup Cost": 5982.08, "Total Cost": 83686.44, "Plan Rows": 5775, "Plan Width": 25, "Actual Startup Time": 82.753, "Actual Total Time": 1325.477, "Actual Rows": 48328, "Actual Loops": 1, "Inner Unique": true, "Plans": [{"Node Type": "Hash Join", "Parent Relationship": "Outer", "Join Type": "Inner", "Startup Cost": 5982.08, "Total Cost": 61039.34, "Plan Rows": 5775, "Plan Width": 4, "Actual Startup Time": 82.721, "Actual Total Time": 1075.522, "Actual Rows": 48328, "Actual Loops": 1, "Inner Unique": true, "Hash Cond": "(mc.company_id = cn.id)", "Plans": [{"Node Type": "Seq Scan", "Parent Relationship": "Outer", "Relation Name": "movie_companies", "Alias": "mc", "Startup Cost": 0.0, "Total Cost": 54862.92, "Plan Rows": 36426, "Plan Width": 8, "Actual Startup Time": 0.221, "Actual Total Time": 958.224, "Actual Rows": 48897, "Actual Loops": 1, "Filter": "(((note)::text ~~ '%(Japan)%'::text) AND ((note)::text !~~ '%(USA)%'::text))", "Rows Removed by Filter": 2560231}, {"Node Type": "Hash", "Parent Relationship": "Inner", "Startup Cost": 5903.45, "Total Cost": 5903.45, "Plan Rows": 6290, "Plan Width": 4, "Actual Startup Time": 82.45, "Actual Total Time": 82.45, "Actual Rows": 6752, "Actual Loops": 1, "Hash Buckets": 32768, "Hash Batches": 1, "Original Hash Batches": 1, "Peak Memory Usage": 238, "Plans": [{"Node Type": "Seq Scan", "Parent Relationship": "Outer", "Relation Name": "company_name", "Alias": "cn", "Startup Cost": 0.0, "Total Cost": 5903.45, "Plan Rows": 6290, "Plan Width": 4, "Actual Startup Time": 0.024, "Actual Total Time": 80.402, "Actual Rows": 6752, "Actual Loops": 1, "Filter": "((country_code)::text = '[jp]'::text)", "Rows Removed by Filter": 228244}]}]}, {"Node Type": "Index Scan", "Parent Relationship": "Inner", "Scan Direction": "Forward", "Index Name": "title_pkey", "Relation Name": "title", "Alias": "t", "Startup Cost": 0.0, "Total Cost": 3.91, "Plan Rows": 1, "Plan Width": 21, "Actual Startup Time": 209.606, "Actual Total Time": 209.606, "Actual Rows": 48328, "Actual Loops": 48328, "Index Cond": "(id = mc.movie_id)", "Rows Removed by Index Recheck": 0}]}, {"Node Type": "Index Scan", "Parent Relationship": "Inner", "Scan Direction": "Forward", "Index Name": "movie_id_cast_info", "Relation Name": "cast_info", "Alias": "ci", "Startup Cost": 0.0, "Total Cost": 0.98, "Plan Rows": 1, "Plan Width": 12, "Actual Startup Time": 2791.569, "Actual Total Time": 2922.626, "Actual Rows": 19600, "Actual Loops": 48328, "Index Cond": "(movie_id = t.id)", "Rows Removed by Index Recheck": 0, "Filter": "((note)::text = '(voice: English version)'::text)", "Rows Removed by Filter": 1531710}]}, {"Node Type": "Hash", "Parent Relationship": "Inner", "Startup Cost": 1.15, "Total Cost": 1.15, "Plan Rows": 1, "Plan Width": 4, "Actual Startup Time": 0.036, "Actual Total Time": 0.036, "Actual Rows": 1, "Actual Loops": 1, "Hash Buckets": 32768, "Hash Batches": 1, "Original Hash Batches": 1, "Peak Memory Usage": 1, "Plans": [{"Node Type": "Seq Scan", "Parent Relationship": "Outer", "Relation Name": "role_type", "Alias": "rt", "Startup Cost": 0.0, "Total Cost": 1.15, "Plan Rows": 1, "Plan Width": 4, "Actual Startup Time": 0.024, "Actual Total Time": 0.029, "Actual Rows": 1, "Actual Loops": 1, "Filter": "((role)::text = 'actress'::text)", "Rows Removed by Filter": 11}]}]}, {"Node Type": "Index Scan", "Parent Relationship": "Inner", "Scan Direction": "Forward", "Index Name": "person_id_aka_name", "Relation Name": "aka_name", "Alias": "an1", "Startup Cost": 0.0, "Total Cost": 0.84, "Plan Rows": 1, "Plan Width": 20, "Actual Startup Time": 32.664, "Actual Total Time": 40.855, "Actual Rows": 17379, "Actual Loops": 7438, "Index Cond": "(person_id = ci.person_id)", "Rows Removed by Index Recheck": 0}]}, {"Node Type": "Index Scan", "Parent Relationship": "Inner", "Scan Direction": "Forward", "Index Name": "name_pkey", "Relation Name": "name", "Alias": "n1", "Startup Cost": 0.0, "Total Cost": 0.57, "Plan Rows": 1, "Plan Width": 4, "Actual Startup Time": 66.64, "Actual Total Time": 66.64, "Actual Rows": 62, "Actual Loops": 17379, "Index Cond": "(id = an1.person_id)", "Rows Removed by Index Recheck": 0, "Filter": "(((name)::text ~~ '%Yo%'::text) AND ((name)::text !~~ '%Yu%'::text))", "Rows Removed by Filter": 17317}]}]}, "Triggers": [], "Planner Runtime": 30, "Total Runtime": 4410.897, "Unique SQL Id": 3544391839}}, "(1, 69)": {"explain_plan": {"Plan": {"Node Type": "Aggregate", "Strategy": "Plain", "Startup Cost": 110772.14, "Total Cost": 110772.15, "Plan Rows": 1, "Plan Width": 97, "Plans": [{"Node Type": "Nested Loop", "Parent Relationship": "Outer", "Join Type": "Inner", "Startup Cost": 12.47, "Total Cost": 110771.66, "Plan Rows": 96, "Plan Width": 33, "Inner Unique": true, "Plans": [{"Node Type": "Nested Loop", "Parent Relationship": "Outer", "Join Type": "Inner", "Startup Cost": 12.47, "Total Cost": 110396.12, "Plan Rows": 645, "Plan Width": 41, "Inner Unique": false, "Plans": [{"Node Type": "Hash Join", "Parent Relationship": "Outer", "Join Type": "Inner", "Startup Cost": 12.47, "Total Cost": 109941.91, "Plan Rows": 532, "Plan Width": 21, "Inner Unique": true, "Hash Cond": "(ci.role_id = rt.id)", "Plans": [{"Node Type": "Nested Loop", "Parent Relationship": "Outer", "Join Type": "Inner", "Startup Cost": 0.0, "Total Cost": 109909.47, "Plan Rows": 5847, "Plan Width": 25, "Inner Unique": false, "Plans": [{"Node Type": "Nested Loop", "Parent Relationship": "Outer", "Join Type": "Inner", "Startup Cost": 0.0, "Total Cost": 104166.87, "Plan Rows": 5775, "Plan Width": 25, "Inner Unique": true, "Plans": [{"Node Type": "Nested Loop", "Parent Relationship": "Outer", "Join Type": "Inner", "Startup Cost": 0.0, "Total Cost": 81519.78, "Plan Rows": 5775, "Plan Width": 4, "Inner Unique": false, "Plans": [{"Node Type": "Index Scan", "Parent Relationship": "Outer", "Scan Direction": "Forward", "Index Name": "company_name_pkey", "Relation Name": "company_name", "Alias": "cn", "Startup Cost": 0.0, "Total Cost": 10501.39, "Plan Rows": 6290, "Plan Width": 4, "Filter": "((country_code)::text = '[jp]'::text)"}, {"Node Type": "Index Scan", "Parent Relationship": "Inner", "Scan Direction": "Forward", "Index Name": "company_id_movie_companies", "Relation Name": "movie_companies", "Alias": "mc", "Startup Cost": 0.0, "Total Cost": 11.28, "Plan Rows": 1, "Plan Width": 8, "Index Cond": "(company_id = cn.id)", "Filter": "(((note)::text ~~ '%(Japan)%'::text) AND ((note)::text !~~ '%(USA)%'::text))"}]}, {"Node Type": "Index Scan", "Parent Relationship": "Inner", "Scan Direction": "Forward", "Index Name": "title_pkey", "Relation Name": "title", "Alias": "t", "Startup Cost": 0.0, "Total Cost": 3.91, "Plan Rows": 1, "Plan Width": 21, "Index Cond": "(id = mc.movie_id)"}]}, {"Node Type": "Index Scan", "Parent Relationship": "Inner", "Scan Direction": "Forward", "Index Name": "movie_id_cast_info", "Relation Name": "cast_info", "Alias": "ci", "Startup Cost": 0.0, "Total Cost": 0.98, "Plan Rows": 1, "Plan Width": 12, "Index Cond": "(movie_id = t.id)", "Filter": "((note)::text = '(voice: English version)'::text)"}]}, {"Node Type": "Hash", "Parent Relationship": "Inner", "Startup Cost": 12.46, "Total Cost": 12.46, "Plan Rows": 1, "Plan Width": 4, "Plans": [{"Node Type": "Index Scan", "Parent Relationship": "Outer", "Scan Direction": "Forward", "Index Name": "role_type_pkey", "Relation Name": "role_type", "Alias": "rt", "Startup Cost": 0.0, "Total Cost": 12.46, "Plan Rows": 1, "Plan Width": 4, "Filter": "((role)::text = 'actress'::text)"}]}]}, {"Node Type": "Index Scan", "Parent Relationship": "Inner", "Scan Direction": "Forward", "Index Name": "person_id_aka_name", "Relation Name": "aka_name", "Alias": "an1", "Startup Cost": 0.0, "Total Cost": 0.84, "Plan Rows": 1, "Plan Width": 20, "Index Cond": "(person_id = ci.person_id)"}]}, {"Node Type": "Index Scan", "Parent Relationship": "Inner", "Scan Direction": "Forward", "Index Name": "name_pkey", "Relation Name": "name", "Alias": "n1", "Startup Cost": 0.0, "Total Cost": 0.57, "Plan Rows": 1, "Plan Width": 4, "Index Cond": "(id = an1.person_id)", "Filter": "(((name)::text ~~ '%Yo%'::text) AND ((name)::text !~~ '%Yu%'::text))"}]}]}, "Unique SQL Id": 3544391839, "Planner Runtime": 29}, "explain_analyze_plan": {"Plan": {"Node Type": "Aggregate", "Strategy": "Plain", "Startup Cost": 110772.14, "Total Cost": 110772.15, "Plan Rows": 1, "Plan Width": 97, "Actual Startup Time": 3480.072, "Actual Total Time": 3480.073, "Actual Rows": 1, "Actual Loops": 1, "Plans": [{"Node Type": "Nested Loop", "Parent Relationship": "Outer", "Join Type": "Inner", "Startup Cost": 12.47, "Total Cost": 110771.66, "Plan Rows": 96, "Plan Width": 33, "Actual Startup Time": 4.254, "Actual Total Time": 3479.773, "Actual Rows": 62, "Actual Loops": 1, "Inner Unique": true, "Plans": [{"Node Type": "Nested Loop", "Parent Relationship": "Outer", "Join Type": "Inner", "Startup Cost": 12.47, "Total Cost": 110396.12, "Plan Rows": 645, "Plan Width": 41, "Actual Startup Time": 0.34, "Actual Total Time": 3403.795, "Actual Rows": 17379, "Actual Loops": 1, "Inner Unique": false, "Plans": [{"Node Type": "Hash Join", "Parent Relationship": "Outer", "Join Type": "Inner", "Startup Cost": 12.47, "Total Cost": 109941.91, "Plan Rows": 532, "Plan Width": 21, "Actual Startup Time": 0.329, "Actual Total Time": 3355.038, "Actual Rows": 7438, "Actual Loops": 1, "Inner Unique": true, "Hash Cond": "(ci.role_id = rt.id)", "Plans": [{"Node Type": "Nested Loop", "Parent Relationship": "Outer", "Join Type": "Inner", "Startup Cost": 0.0, "Total Cost": 109909.47, "Plan Rows": 5847, "Plan Width": 25, "Actual Startup Time": 0.262, "Actual Total Time": 3348.22, "Actual Rows": 19600, "Actual Loops": 1, "Inner Unique": false, "Plans": [{"Node Type": "Nested Loop", "Parent Relationship": "Outer", "Join Type": "Inner", "Startup Cost": 0.0, "Total Cost": 104166.87, "Plan Rows": 5775, "Plan Width": 25, "Actual Startup Time": 0.213, "Actual Total Time": 775.331, "Actual Rows": 48328, "Actual Loops": 1, "Inner Unique": true, "Plans": [{"Node Type": "Nested Loop", "Parent Relationship": "Outer", "Join Type": "Inner", "Startup Cost": 0.0, "Total Cost": 81519.78, "Plan Rows": 5775, "Plan Width": 4, "Actual Startup Time": 0.202, "Actual Total Time": 497.017, "Actual Rows": 48328, "Actual Loops": 1, "Inner Unique": false, "Plans": [{"Node Type": "Index Scan", "Parent Relationship": "Outer", "Scan Direction": "Forward", "Index Name": "company_name_pkey", "Relation Name": "company_name", "Alias": "cn", "Startup Cost": 0.0, "Total Cost": 10501.39, "Plan Rows": 6290, "Plan Width": 4, "Actual Startup Time": 0.169, "Actual Total Time": 294.438, "Actual Rows": 6752, "Actual Loops": 1, "Filter": "((country_code)::text = '[jp]'::text)", "Rows Removed by Filter": 228244}, {"Node Type": "Index Scan", "Parent Relationship": "Inner", "Scan Direction": "Forward", "Index Name": "company_id_movie_companies", "Relation Name": "movie_companies", "Alias": "mc", "Startup Cost": 0.0, "Total Cost": 11.28, "Plan Rows": 1, "Plan Width": 8, "Actual Startup Time": 49.18, "Actual Total Time": 186.567, "Actual Rows": 48328, "Actual Loops": 6752, "Index Cond": "(company_id = cn.id)", "Rows Removed by Index Recheck": 0, "Filter": "(((note)::text ~~ '%(Japan)%'::text) AND ((note)::text !~~ '%(USA)%'::text))", "Rows Removed by Filter": 56667}]}, {"Node Type": "Index Scan", "Parent Relationship": "Inner", "Scan Direction": "Forward", "Index Name": "title_pkey", "Relation Name": "title", "Alias": "t", "Startup Cost": 0.0, "Total Cost": 3.91, "Plan Rows": 1, "Plan Width": 21, "Actual Startup Time": 236.152, "Actual Total Time": 236.152, "Actual Rows": 48328, "Actual Loops": 48328, "Index Cond": "(id = mc.movie_id)", "Rows Removed by Index Recheck": 0}]}, {"Node Type": "Index Scan", "Parent Relationship": "Inner", "Scan Direction": "Forward", "Index Name": "movie_id_cast_info", "Relation Name": "cast_info", "Alias": "ci", "Startup Cost": 0.0, "Total Cost": 0.98, "Plan Rows": 1, "Plan Width": 12, "Actual Startup Time": 2423.055, "Actual Total Time": 2542.26, "Actual Rows": 19600, "Actual Loops": 48328, "Index Cond": "(movie_id = t.id)", "Rows Removed by Index Recheck": 0, "Filter": "((note)::text = '(voice: English version)'::text)", "Rows Removed by Filter": 1531710}]}, {"Node Type": "Hash", "Parent Relationship": "Inner", "Startup Cost": 12.46, "Total Cost": 12.46, "Plan Rows": 1, "Plan Width": 4, "Actual Startup Time": 0.02, "Actual Total Time": 0.02, "Actual Rows": 1, "Actual Loops": 1, "Hash Buckets": 32768, "Hash Batches": 1, "Original Hash Batches": 1, "Peak Memory Usage": 1, "Plans": [{"Node Type": "Index Scan", "Parent Relationship": "Outer", "Scan Direction": "Forward", "Index Name": "role_type_pkey", "Relation Name": "role_type", "Alias": "rt", "Startup Cost": 0.0, "Total Cost": 12.46, "Plan Rows": 1, "Plan Width": 4, "Actual Startup Time": 0.008, "Actual Total Time": 0.014, "Actual Rows": 1, "Actual Loops": 1, "Filter": "((role)::text = 'actress'::text)", "Rows Removed by Filter": 11}]}]}, {"Node Type": "Index Scan", "Parent Relationship": "Inner", "Scan Direction": "Forward", "Index Name": "person_id_aka_name", "Relation Name": "aka_name", "Alias": "an1", "Startup Cost": 0.0, "Total Cost": 0.84, "Plan Rows": 1, "Plan Width": 20, "Actual Startup Time": 31.635, "Actual Total Time": 39.64, "Actual Rows": 17379, "Actual Loops": 7438, "Index Cond": "(person_id = ci.person_id)", "Rows Removed by Index Recheck": 0}]}, {"Node Type": "Index Scan", "Parent Relationship": "Inner", "Scan Direction": "Forward", "Index Name": "name_pkey", "Relation Name": "name", "Alias": "n1", "Startup Cost": 0.0, "Total Cost": 0.57, "Plan Rows": 1, "Plan Width": 4, "Actual Startup Time": 66.941, "Actual Total Time": 66.941, "Actual Rows": 62, "Actual Loops": 17379, "Index Cond": "(id = an1.person_id)", "Rows Removed by Index Recheck": 0, "Filter": "(((name)::text ~~ '%Yo%'::text) AND ((name)::text !~~ '%Yu%'::text))", "Rows Removed by Filter": 17317}]}]}, "Triggers": [], "Planner Runtime": 29, "Total Runtime": 3480.424, "Unique SQL Id": 3544391839}}, "(1, 70)": {"explain_plan": {"Plan": {"Node Type": "Aggregate", "Strategy": "Plain", "Startup Cost": 123459.03, "Total Cost": 123459.04, "Plan Rows": 1, "Plan Width": 97, "Plans": [{"Node Type": "Nested Loop", "Parent Relationship": "Outer", "Join Type": "Inner", "Startup Cost": 5985.74, "Total Cost": 123455.8, "Plan Rows": 646, "Plan Width": 33, "Inner Unique": true, "Plans": [{"Node Type": "Nested Loop", "Parent Relationship": "Outer", "Join Type": "Inner", "Startup Cost": 5985.41, "Total Cost": 120647.21, "Plan Rows": 645, "Plan Width": 41, "Inner Unique": false, "Plans": [{"Node Type": "Hash Join", "Parent Relationship": "Outer", "Join Type": "Inner", "Startup Cost": 5985.03, "Total Cost": 118304.65, "Plan Rows": 532, "Plan Width": 21, "Inner Unique": true, "Hash Cond": "(ci.role_id = rt.id)", "Plans": [{"Node Type": "Nested Loop", "Parent Relationship": "Outer", "Join Type": "Inner", "Startup Cost": 5983.86, "Total Cost": 118283.51, "Plan Rows": 5847, "Plan Width": 25, "Inner Unique": false, "Plans": [{"Node Type": "Nested Loop", "Parent Relationship": "Outer", "Join Type": "Inner", "Startup Cost": 5983.35, "Total Cost": 91625.69, "Plan Rows": 5775, "Plan Width": 25, "Inner Unique": true, "Plans": [{"Node Type": "Hash Join", "Parent Relationship": "Outer", "Join Type": "Inner", "Startup Cost": 5982.08, "Total Cost": 61039.34, "Plan Rows": 5775, "Plan Width": 4, "Inner Unique": true, "Hash Cond": "(mc.company_id = cn.id)", "Plans": [{"Node Type": "Seq Scan", "Parent Relationship": "Outer", "Relation Name": "movie_companies", "Alias": "mc", "Startup Cost": 0.0, "Total Cost": 54862.92, "Plan Rows": 36426, "Plan Width": 8, "Filter": "(((note)::text ~~ '%(Japan)%'::text) AND ((note)::text !~~ '%(USA)%'::text))"}, {"Node Type": "Hash", "Parent Relationship": "Inner", "Startup Cost": 5903.45, "Total Cost": 5903.45, "Plan Rows": 6290, "Plan Width": 4, "Plans": [{"Node Type": "Seq Scan", "Parent Relationship": "Outer", "Relation Name": "company_name", "Alias": "cn", "Startup Cost": 0.0, "Total Cost": 5903.45, "Plan Rows": 6290, "Plan Width": 4, "Filter": "((country_code)::text = '[jp]'::text)"}]}]}, {"Node Type": "Bitmap Heap Scan", "Parent Relationship": "Inner", "Relation Name": "title", "Alias": "t", "Startup Cost": 1.27, "Total Cost": 5.29, "Plan Rows": 1, "Plan Width": 21, "Recheck Cond": "(id = mc.movie_id)", "Plans": [{"Node Type": "Bitmap Index Scan", "Parent Relationship": "Outer", "Index Name": "title_pkey", "Startup Cost": 0.0, "Total Cost": 1.27, "Plan Rows": 1, "Plan Width": 0, "Index Cond": "(id = mc.movie_id)"}]}]}, {"Node Type": "Bitmap Heap Scan", "Parent Relationship": "Inner", "Relation Name": "cast_info", "Alias": "ci", "Startup Cost": 0.52, "Total Cost": 4.61, "Plan Rows": 1, "Plan Width": 12, "Recheck Cond": "(movie_id = t.id)", "Filter": "((note)::text = '(voice: English version)'::text)", "Plans": [{"Node Type": "Bitmap Index Scan", "Parent Relationship": "Outer", "Index Name": "movie_id_cast_info", "Startup Cost": 0.0, "Total Cost": 0.52, "Plan Rows": 6, "Plan Width": 0, "Index Cond": "(movie_id = t.id)"}]}]}, {"Node Type": "Hash", "Parent Relationship": "Inner", "Startup Cost": 1.15, "Total Cost": 1.15, "Plan Rows": 1, "Plan Width": 4, "Plans": [{"Node Type": "Seq Scan", "Parent Relationship": "Outer", "Relation Name": "role_type", "Alias": "rt", "Startup Cost": 0.0, "Total Cost": 1.15, "Plan Rows": 1, "Plan Width": 4, "Filter": "((role)::text = 'actress'::text)"}]}]}, {"Node Type": "Bitmap Heap Scan", "Parent Relationship": "Inner", "Relation Name": "aka_name", "Alias": "an1", "Startup Cost": 0.38, "Total Cost": 4.39, "Plan Rows": 1, "Plan Width": 20, "Recheck Cond": "(person_id = ci.person_id)", "Plans": [{"Node Type": "Bitmap Index Scan", "Parent Relationship": "Outer", "Index Name": "person_id_aka_name", "Startup Cost": 0.0, "Total Cost": 0.38, "Plan Rows": 1, "Plan Width": 0, "Index Cond": "(person_id = ci.person_id)"}]}]}, {"Node Type": "Bitmap Heap Scan", "Parent Relationship": "Inner", "Relation Name": "name", "Alias": "n1", "Startup Cost": 0.33, "Total Cost": 4.34, "Plan Rows": 1, "Plan Width": 4, "Recheck Cond": "(id = an1.person_id)", "Filter": "(((name)::text ~~ '%Yo%'::text) AND ((name)::text !~~ '%Yu%'::text))", "Plans": [{"Node Type": "Bitmap Index Scan", "Parent Relationship": "Outer", "Index Name": "name_pkey", "Startup Cost": 0.0, "Total Cost": 0.33, "Plan Rows": 1, "Plan Width": 0, "Index Cond": "(id = an1.person_id)"}]}]}]}, "Unique SQL Id": 3544391839, "Planner Runtime": 32}, "explain_analyze_plan": {"Plan": {"Node Type": "Aggregate", "Strategy": "Plain", "Startup Cost": 123459.03, "Total Cost": 123459.04, "Plan Rows": 1, "Plan Width": 97, "Actual Startup Time": 5243.402, "Actual Total Time": 5243.403, "Actual Rows": 1, "Actual Loops": 1, "Plans": [{"Node Type": "Nested Loop", "Parent Relationship": "Outer", "Join Type": "Inner", "Startup Cost": 5985.74, "Total Cost": 123455.8, "Plan Rows": 646, "Plan Width": 33, "Actual Startup Time": 443.847, "Actual Total Time": 5243.16, "Actual Rows": 62, "Actual Loops": 1, "Inner Unique": true, "Plans": [{"Node Type": "Nested Loop", "Parent Relationship": "Outer", "Join Type": "Inner", "Startup Cost": 5985.41, "Total Cost": 120647.21, "Plan Rows": 645, "Plan Width": 41, "Actual Startup Time": 81.98, "Actual Total Time": 5141.93, "Actual Rows": 17379, "Actual Loops": 1, "Inner Unique": false, "Plans": [{"Node Type": "Hash Join", "Parent Relationship": "Outer", "Join Type": "Inner", "Startup Cost": 5985.03, "Total Cost": 118304.65, "Plan Rows": 532, "Plan Width": 21, "Actual Startup Time": 81.96, "Actual Total Time": 5076.291, "Actual Rows": 7438, "Actual Loops": 1, "Inner Unique": true, "Hash Cond": "(ci.role_id = rt.id)", "Plans": [{"Node Type": "Nested Loop", "Parent Relationship": "Outer", "Join Type": "Inner", "Startup Cost": 5983.86, "Total Cost": 118283.51, "Plan Rows": 5847, "Plan Width": 25, "Actual Startup Time": 81.871, "Actual Total Time": 5069.629, "Actual Rows": 19600, "Actual Loops": 1, "Inner Unique": false, "Plans": [{"Node Type": "Nested Loop", "Parent Relationship": "Outer", "Join Type": "Inner", "Startup Cost": 5983.35, "Total Cost": 91625.69, "Plan Rows": 5775, "Plan Width": 25, "Actual Startup Time": 81.71, "Actual Total Time": 1444.008, "Actual Rows": 48328, "Actual Loops": 1, "Inner Unique": true, "Plans": [{"Node Type": "Hash Join", "Parent Relationship": "Outer", "Join Type": "Inner", "Startup Cost": 5982.08, "Total Cost": 61039.34, "Plan Rows": 5775, "Plan Width": 4, "Actual Startup Time": 81.656, "Actual Total Time": 1086.85, "Actual Rows": 48328, "Actual Loops": 1, "Inner Unique": true, "Hash Cond": "(mc.company_id = cn.id)", "Plans": [{"Node Type": "Seq Scan", "Parent Relationship": "Outer", "Relation Name": "movie_companies", "Alias": "mc", "Startup Cost": 0.0, "Total Cost": 54862.92, "Plan Rows": 36426, "Plan Width": 8, "Actual Startup Time": 0.229, "Actual Total Time": 967.103, "Actual Rows": 48897, "Actual Loops": 1, "Filter": "(((note)::text ~~ '%(Japan)%'::text) AND ((note)::text !~~ '%(USA)%'::text))", "Rows Removed by Filter": 2560231}, {"Node Type": "Hash", "Parent Relationship": "Inner", "Startup Cost": 5903.45, "Total Cost": 5903.45, "Plan Rows": 6290, "Plan Width": 4, "Actual Startup Time": 81.376, "Actual Total Time": 81.376, "Actual Rows": 6752, "Actual Loops": 1, "Hash Buckets": 32768, "Hash Batches": 1, "Original Hash Batches": 1, "Peak Memory Usage": 238, "Plans": [{"Node Type": "Seq Scan", "Parent Relationship": "Outer", "Relation Name": "company_name", "Alias": "cn", "Startup Cost": 0.0, "Total Cost": 5903.45, "Plan Rows": 6290, "Plan Width": 4, "Actual Startup Time": 0.027, "Actual Total Time": 79.251, "Actual Rows": 6752, "Actual Loops": 1, "Filter": "((country_code)::text = '[jp]'::text)", "Rows Removed by Filter": 228244}]}]}, {"Node Type": "Bitmap Heap Scan", "Parent Relationship": "Inner", "Relation Name": "title", "Alias": "t", "Startup Cost": 1.27, "Total Cost": 5.29, "Plan Rows": 1, "Plan Width": 21, "Actual Startup Time": 279.01, "Actual Total Time": 279.01, "Actual Rows": 48328, "Actual Loops": 48328, "Recheck Cond": "(id = mc.movie_id)", "Rows Removed by Index Recheck": 0, "Exact Heap Blocks": 48328, "Lossy Heap Blocks": 48328, "Plans": [{"Node Type": "Bitmap Index Scan", "Parent Relationship": "Outer", "Index Name": "title_pkey", "Startup Cost": 0.0, "Total Cost": 1.27, "Plan Rows": 1, "Plan Width": 0, "Actual Startup Time": 152.758, "Actual Total Time": 152.758, "Actual Rows": 48328, "Actual Loops": 48328, "Index Cond": "(id = mc.movie_id)"}]}]}, {"Node Type": "Bitmap Heap Scan", "Parent Relationship": "Inner", "Relation Name": "cast_info", "Alias": "ci", "Startup Cost": 0.52, "Total Cost": 4.61, "Plan Rows": 1, "Plan Width": 12, "Actual Startup Time": 3408.232, "Actual Total Time": 3553.517, "Actual Rows": 19600, "Actual Loops": 48328, "Recheck Cond": "(movie_id = t.id)", "Rows Removed by Index Recheck": 0, "Filter": "((note)::text = '(voice: English version)'::text)", "Rows Removed by Filter": 1531710, "Exact Heap Blocks": 1503105, "Lossy Heap Blocks": 1503105, "Plans": [{"Node Type": "Bitmap Index Scan", "Parent Relationship": "Outer", "Index Name": "movie_id_cast_info", "Startup Cost": 0.0, "Total Cost": 0.52, "Plan Rows": 6, "Plan Width": 0, "Actual Startup Time": 467.774, "Actual Total Time": 467.774, "Actual Rows": 1551310, "Actual Loops": 48328, "Index Cond": "(movie_id = t.id)"}]}]}, {"Node Type": "Hash", "Parent Relationship": "Inner", "Startup Cost": 1.15, "Total Cost": 1.15, "Plan Rows": 1, "Plan Width": 4, "Actual Startup Time": 0.04, "Actual Total Time": 0.04, "Actual Rows": 1, "Actual Loops": 1, "Hash Buckets": 32768, "Hash Batches": 1, "Original Hash Batches": 1, "Peak Memory Usage": 1, "Plans": [{"Node Type": "Seq Scan", "Parent Relationship": "Outer", "Relation Name": "role_type", "Alias": "rt", "Startup Cost": 0.0, "Total Cost": 1.15, "Plan Rows": 1, "Plan Width": 4, "Actual Startup Time": 0.027, "Actual Total Time": 0.032, "Actual Rows": 1, "Actual Loops": 1, "Filter": "((role)::text = 'actress'::text)", "Rows Removed by Filter": 11}]}]}, {"Node Type": "Bitmap Heap Scan", "Parent Relationship": "Inner", "Relation Name": "aka_name", "Alias": "an1", "Startup Cost": 0.38, "Total Cost": 4.39, "Plan Rows": 1, "Plan Width": 20, "Actual Startup Time": 46.087, "Actual Total Time": 51.338, "Actual Rows": 17379, "Actual Loops": 7438, "Recheck Cond": "(person_id = ci.person_id)", "Rows Removed by Index Recheck": 0, "Exact Heap Blocks": 6514, "Lossy Heap Blocks": 6514, "Plans": [{"Node Type": "Bitmap Index Scan", "Parent Relationship": "Outer", "Index Name": "person_id_aka_name", "Startup Cost": 0.0, "Total Cost": 0.38, "Plan Rows": 1, "Plan Width": 0, "Actual Startup Time": 30.547, "Actual Total Time": 30.547, "Actual Rows": 17379, "Actual Loops": 7438, "Index Cond": "(person_id = ci.person_id)"}]}]}, {"Node Type": "Bitmap Heap Scan", "Parent Relationship": "Inner", "Relation Name": "name", "Alias": "n1", "Startup Cost": 0.33, "Total Cost": 4.34, "Plan Rows": 1, "Plan Width": 4, "Actual Startup Time": 81.256, "Actual Total Time": 81.256, "Actual Rows": 62, "Actual Loops": 17379, "Recheck Cond": "(id = an1.person_id)", "Rows Removed by Index Recheck": 0, "Filter": "(((name)::text ~~ '%Yo%'::text) AND ((name)::text !~~ '%Yu%'::text))", "Rows Removed by Filter": 17317, "Exact Heap Blocks": 17379, "Lossy Heap Blocks": 17379, "Plans": [{"Node Type": "Bitmap Index Scan", "Parent Relationship": "Outer", "Index Name": "name_pkey", "Startup Cost": 0.0, "Total Cost": 0.33, "Plan Rows": 1, "Plan Width": 0, "Actual Startup Time": 47.546, "Actual Total Time": 47.546, "Actual Rows": 17379, "Actual Loops": 17379, "Index Cond": "(id = an1.person_id)"}]}]}]}, "Triggers": [], "Planner Runtime": 32, "Total Runtime": 5243.81, "Unique SQL Id": 3544391839}}, "(1, 71)": {"explain_plan": {"Plan": {"Node Type": "Aggregate", "Strategy": "Plain", "Startup Cost": 1000012228445.06, "Total Cost": 1000012228445.07, "Plan Rows": 1, "Plan Width": 97, "Plans": [{"Node Type": "Nested Loop", "Parent Relationship": "Outer", "Join Type": "Inner", "Startup Cost": 10000000003.19, "Total Cost": 1000012228445.0, "Plan Rows": 12, "Plan Width": 33, "Inner Unique": true, "Plans": [{"Node Type": "Nested Loop", "Parent Relationship": "Outer", "Join Type": "Inner", "Startup Cost": 10000000002.87, "Total Cost": 1000012225636.42, "Plan Rows": 645, "Plan Width": 41, "Inner Unique": true, "Plans": [{"Node Type": "Nested Loop", "Parent Relationship": "Outer", "Join Type": "Inner", "Startup Cost": 10000000002.23, "Total Cost": 1000012222628.77, "Plan Rows": 645, "Plan Width": 32, "Inner Unique": true, "Plans": [{"Node Type": "Nested Loop", "Parent Relationship": "Outer", "Join Type": "Inner", "Startup Cost": 10000000001.92, "Total Cost": 1000012205100.96, "Plan Rows": 4051, "Plan Width": 36, "Inner Unique": false, "Plans": [{"Node Type": "Nested Loop", "Parent Relationship": "Outer", "Join Type": "Inner", "Startup Cost": 10000000001.26, "Total Cost": 1000012155572.17, "Plan Rows": 10524, "Plan Width": 28, "Inner Unique": true, "Plans": [{"Node Type": "Nested Loop", "Parent Relationship": "Outer", "Join Type": "Inner", "Startup Cost": 10000000001.0, "Total Cost": 1000011659757.19, "Plan Rows": 115768, "Plan Width": 32, "Inner Unique": false, "Plans": [{"Node Type": "Index Scan", "Parent Relationship": "Outer", "Scan Direction": "Forward", "Index Name": "person_id_aka_name", "Relation Name": "aka_name", "Alias": "an1", "Startup Cost": 10000000000.0, "Total Cost": 1000006896503.43, "Plan Rows": 901342, "Plan Width": 20}, {"Node Type": "Bitmap Heap Scan", "Parent Relationship": "Inner", "Relation Name": "cast_info", "Alias": "ci", "Startup Cost": 1.0, "Total Cost": 5.27, "Plan Rows": 1, "Plan Width": 12, "Recheck Cond": "(person_id = an1.person_id)", "Filter": "((note)::text = '(voice: English version)'::text)", "Plans": [{"Node Type": "Bitmap Index Scan", "Parent Relationship": "Outer", "Index Name": "person_id_cast_info", "Startup Cost": 0.0, "Total Cost": 1.0, "Plan Rows": 18, "Plan Width": 0, "Index Cond": "(person_id = an1.person_id)"}]}]}, {"Node Type": "Bitmap Heap Scan", "Parent Relationship": "Inner", "Relation Name": "role_type", "Alias": "rt", "Startup Cost": 0.26, "Total Cost": 4.27, "Plan Rows": 1, "Plan Width": 4, "Recheck Cond": "(id = ci.role_id)", "Filter": "((role)::text = 'actress'::text)", "Plans": [{"Node Type": "Bitmap Index Scan", "Parent Relationship": "Outer", "Index Name": "role_type_pkey", "Startup Cost": 0.0, "Total Cost": 0.26, "Plan Rows": 1, "Plan Width": 0, "Index Cond": "(id = ci.role_id)"}]}]}, {"Node Type": "Bitmap Heap Scan", "Parent Relationship": "Inner", "Relation Name": "movie_companies", "Alias": "mc", "Startup Cost": 0.66, "Total Cost": 4.7, "Plan Rows": 1, "Plan Width": 8, "Recheck Cond": "(movie_id = ci.movie_id)", "Filter": "(((note)::text ~~ '%(Japan)%'::text) AND ((note)::text !~~ '%(USA)%'::text))", "Plans": [{"Node Type": "Bitmap Index Scan", "Parent Relationship": "Outer", "Index Name": "movie_id_movie_companies", "Startup Cost": 0.0, "Total Cost": 0.66, "Plan Rows": 2, "Plan Width": 0, "Index Cond": "(movie_id = ci.movie_id)"}]}]}, {"Node Type": "Bitmap Heap Scan", "Parent Relationship": "Inner", "Relation Name": "company_name", "Alias": "cn", "Startup Cost": 0.3, "Total Cost": 4.32, "Plan Rows": 1, "Plan Width": 4, "Recheck Cond": "(id = mc.company_id)", "Filter": "((country_code)::text = '[jp]'::text)", "Plans": [{"Node Type": "Bitmap Index Scan", "Parent Relationship": "Outer", "Index Name": "company_name_pkey", "Startup Cost": 0.0, "Total Cost": 0.3, "Plan Rows": 1, "Plan Width": 0, "Index Cond": "(id = mc.company_id)"}]}]}, {"Node Type": "Bitmap Heap Scan", "Parent Relationship": "Inner", "Relation Name": "title", "Alias": "t", "Startup Cost": 0.64, "Total Cost": 4.65, "Plan Rows": 1, "Plan Width": 21, "Recheck Cond": "(id = ci.movie_id)", "Plans": [{"Node Type": "Bitmap Index Scan", "Parent Relationship": "Outer", "Index Name": "title_pkey", "Startup Cost": 0.0, "Total Cost": 0.64, "Plan Rows": 1, "Plan Width": 0, "Index Cond": "(id = ci.movie_id)"}]}]}, {"Node Type": "Bitmap Heap Scan", "Parent Relationship": "Inner", "Relation Name": "name", "Alias": "n1", "Startup Cost": 0.33, "Total Cost": 4.34, "Plan Rows": 1, "Plan Width": 4, "Recheck Cond": "(id = an1.person_id)", "Filter": "(((name)::text ~~ '%Yo%'::text) AND ((name)::text !~~ '%Yu%'::text))", "Plans": [{"Node Type": "Bitmap Index Scan", "Parent Relationship": "Outer", "Index Name": "name_pkey", "Startup Cost": 0.0, "Total Cost": 0.33, "Plan Rows": 1, "Plan Width": 0, "Index Cond": "(id = an1.person_id)"}]}]}]}, "Unique SQL Id": 3544391839, "Planner Runtime": 8}, "explain_analyze_plan": null}, "(1, 72)": {"explain_plan": {"Plan": {"Node Type": "Aggregate", "Strategy": "Plain", "Startup Cost": 90283.15, "Total Cost": 90283.16, "Plan Rows": 1, "Plan Width": 97, "Plans": [{"Node Type": "Nested Loop", "Parent Relationship": "Outer", "Join Type": "Inner", "Startup Cost": 5983.24, "Total Cost": 90279.92, "Plan Rows": 646, "Plan Width": 33, "Inner Unique": true, "Plans": [{"Node Type": "Nested Loop", "Parent Relationship": "Outer", "Join Type": "Inner", "Startup Cost": 5983.24, "Total Cost": 89904.38, "Plan Rows": 645, "Plan Width": 41, "Inner Unique": false, "Plans": [{"Node Type": "Hash Join", "Parent Relationship": "Outer", "Join Type": "Inner", "Startup Cost": 5983.24, "Total Cost": 89450.16, "Plan Rows": 532, "Plan Width": 21, "Inner Unique": true, "Hash Cond": "(ci.role_id = rt.id)", "Plans": [{"Node Type": "Nested Loop", "Parent Relationship": "Outer", "Join Type": "Inner", "Startup Cost": 5982.08, "Total Cost": 89429.03, "Plan Rows": 5847, "Plan Width": 25, "Inner Unique": false, "Plans": [{"Node Type": "Nested Loop", "Parent Relationship": "Outer", "Join Type": "Inner", "Startup Cost": 5982.08, "Total Cost": 83686.44, "Plan Rows": 5775, "Plan Width": 25, "Inner Unique": true, "Plans": [{"Node Type": "Hash Join", "Parent Relationship": "Outer", "Join Type": "Inner", "Startup Cost": 5982.08, "Total Cost": 61039.34, "Plan Rows": 5775, "Plan Width": 4, "Inner Unique": true, "Hash Cond": "(mc.company_id = cn.id)", "Plans": [{"Node Type": "Seq Scan", "Parent Relationship": "Outer", "Relation Name": "movie_companies", "Alias": "mc", "Startup Cost": 0.0, "Total Cost": 54862.92, "Plan Rows": 36426, "Plan Width": 8, "Filter": "(((note)::text ~~ '%(Japan)%'::text) AND ((note)::text !~~ '%(USA)%'::text))"}, {"Node Type": "Hash", "Parent Relationship": "Inner", "Startup Cost": 5903.45, "Total Cost": 5903.45, "Plan Rows": 6290, "Plan Width": 4, "Plans": [{"Node Type": "Seq Scan", "Parent Relationship": "Outer", "Relation Name": "company_name", "Alias": "cn", "Startup Cost": 0.0, "Total Cost": 5903.45, "Plan Rows": 6290, "Plan Width": 4, "Filter": "((country_code)::text = '[jp]'::text)"}]}]}, {"Node Type": "Index Scan", "Parent Relationship": "Inner", "Scan Direction": "Forward", "Index Name": "title_pkey", "Relation Name": "title", "Alias": "t", "Startup Cost": 0.0, "Total Cost": 3.91, "Plan Rows": 1, "Plan Width": 21, "Index Cond": "(id = mc.movie_id)"}]}, {"Node Type": "Index Scan", "Parent Relationship": "Inner", "Scan Direction": "Forward", "Index Name": "movie_id_cast_info", "Relation Name": "cast_info", "Alias": "ci", "Startup Cost": 0.0, "Total Cost": 0.98, "Plan Rows": 1, "Plan Width": 12, "Index Cond": "(movie_id = t.id)", "Filter": "((note)::text = '(voice: English version)'::text)"}]}, {"Node Type": "Hash", "Parent Relationship": "Inner", "Startup Cost": 1.15, "Total Cost": 1.15, "Plan Rows": 1, "Plan Width": 4, "Plans": [{"Node Type": "Seq Scan", "Parent Relationship": "Outer", "Relation Name": "role_type", "Alias": "rt", "Startup Cost": 0.0, "Total Cost": 1.15, "Plan Rows": 1, "Plan Width": 4, "Filter": "((role)::text = 'actress'::text)"}]}]}, {"Node Type": "Index Scan", "Parent Relationship": "Inner", "Scan Direction": "Forward", "Index Name": "person_id_aka_name", "Relation Name": "aka_name", "Alias": "an1", "Startup Cost": 0.0, "Total Cost": 0.84, "Plan Rows": 1, "Plan Width": 20, "Index Cond": "(person_id = ci.person_id)"}]}, {"Node Type": "Index Scan", "Parent Relationship": "Inner", "Scan Direction": "Forward", "Index Name": "name_pkey", "Relation Name": "name", "Alias": "n1", "Startup Cost": 0.0, "Total Cost": 0.57, "Plan Rows": 1, "Plan Width": 4, "Index Cond": "(id = an1.person_id)", "Filter": "(((name)::text ~~ '%Yo%'::text) AND ((name)::text !~~ '%Yu%'::text))"}]}]}, "Unique SQL Id": 3544391839, "Planner Runtime": 30}, "explain_analyze_plan": {"Plan": {"Node Type": "Aggregate", "Strategy": "Plain", "Startup Cost": 90283.15, "Total Cost": 90283.16, "Plan Rows": 1, "Plan Width": 97, "Actual Startup Time": 4410.526, "Actual Total Time": 4410.526, "Actual Rows": 1, "Actual Loops": 1, "Plans": [{"Node Type": "Nested Loop", "Parent Relationship": "Outer", "Join Type": "Inner", "Startup Cost": 5983.24, "Total Cost": 90279.92, "Plan Rows": 646, "Plan Width": 33, "Actual Startup Time": 342.332, "Actual Total Time": 4410.309, "Actual Rows": 62, "Actual Loops": 1, "Inner Unique": true, "Plans": [{"Node Type": "Nested Loop", "Parent Relationship": "Outer", "Join Type": "Inner", "Startup Cost": 5983.24, "Total Cost": 89904.38, "Plan Rows": 645, "Plan Width": 41, "Actual Startup Time": 82.965, "Actual Total Time": 4335.003, "Actual Rows": 17379, "Actual Loops": 1, "Inner Unique": false, "Plans": [{"Node Type": "Hash Join", "Parent Relationship": "Outer", "Join Type": "Inner", "Startup Cost": 5983.24, "Total Cost": 89450.16, "Plan Rows": 532, "Plan Width": 21, "Actual Startup Time": 82.953, "Actual Total Time": 4285.037, "Actual Rows": 7438, "Actual Loops": 1, "Inner Unique": true, "Hash Cond": "(ci.role_id = rt.id)", "Plans": [{"Node Type": "Nested Loop", "Parent Relationship": "Outer", "Join Type": "Inner", "Startup Cost": 5982.08, "Total Cost": 89429.03, "Plan Rows": 5847, "Plan Width": 25, "Actual Startup Time": 82.861, "Actual Total Time": 4278.693, "Actual Rows": 19600, "Actual Loops": 1, "Inner Unique": false, "Plans": [{"Node Type": "Nested Loop", "Parent Relationship": "Outer", "Join Type": "Inner", "Startup Cost": 5982.08, "Total Cost": 83686.44, "Plan Rows": 5775, "Plan Width": 25, "Actual Startup Time": 82.753, "Actual Total Time": 1325.477, "Actual Rows": 48328, "Actual Loops": 1, "Inner Unique": true, "Plans": [{"Node Type": "Hash Join", "Parent Relationship": "Outer", "Join Type": "Inner", "Startup Cost": 5982.08, "Total Cost": 61039.34, "Plan Rows": 5775, "Plan Width": 4, "Actual Startup Time": 82.721, "Actual Total Time": 1075.522, "Actual Rows": 48328, "Actual Loops": 1, "Inner Unique": true, "Hash Cond": "(mc.company_id = cn.id)", "Plans": [{"Node Type": "Seq Scan", "Parent Relationship": "Outer", "Relation Name": "movie_companies", "Alias": "mc", "Startup Cost": 0.0, "Total Cost": 54862.92, "Plan Rows": 36426, "Plan Width": 8, "Actual Startup Time": 0.221, "Actual Total Time": 958.224, "Actual Rows": 48897, "Actual Loops": 1, "Filter": "(((note)::text ~~ '%(Japan)%'::text) AND ((note)::text !~~ '%(USA)%'::text))", "Rows Removed by Filter": 2560231}, {"Node Type": "Hash", "Parent Relationship": "Inner", "Startup Cost": 5903.45, "Total Cost": 5903.45, "Plan Rows": 6290, "Plan Width": 4, "Actual Startup Time": 82.45, "Actual Total Time": 82.45, "Actual Rows": 6752, "Actual Loops": 1, "Hash Buckets": 32768, "Hash Batches": 1, "Original Hash Batches": 1, "Peak Memory Usage": 238, "Plans": [{"Node Type": "Seq Scan", "Parent Relationship": "Outer", "Relation Name": "company_name", "Alias": "cn", "Startup Cost": 0.0, "Total Cost": 5903.45, "Plan Rows": 6290, "Plan Width": 4, "Actual Startup Time": 0.024, "Actual Total Time": 80.402, "Actual Rows": 6752, "Actual Loops": 1, "Filter": "((country_code)::text = '[jp]'::text)", "Rows Removed by Filter": 228244}]}]}, {"Node Type": "Index Scan", "Parent Relationship": "Inner", "Scan Direction": "Forward", "Index Name": "title_pkey", "Relation Name": "title", "Alias": "t", "Startup Cost": 0.0, "Total Cost": 3.91, "Plan Rows": 1, "Plan Width": 21, "Actual Startup Time": 209.606, "Actual Total Time": 209.606, "Actual Rows": 48328, "Actual Loops": 48328, "Index Cond": "(id = mc.movie_id)", "Rows Removed by Index Recheck": 0}]}, {"Node Type": "Index Scan", "Parent Relationship": "Inner", "Scan Direction": "Forward", "Index Name": "movie_id_cast_info", "Relation Name": "cast_info", "Alias": "ci", "Startup Cost": 0.0, "Total Cost": 0.98, "Plan Rows": 1, "Plan Width": 12, "Actual Startup Time": 2791.569, "Actual Total Time": 2922.626, "Actual Rows": 19600, "Actual Loops": 48328, "Index Cond": "(movie_id = t.id)", "Rows Removed by Index Recheck": 0, "Filter": "((note)::text = '(voice: English version)'::text)", "Rows Removed by Filter": 1531710}]}, {"Node Type": "Hash", "Parent Relationship": "Inner", "Startup Cost": 1.15, "Total Cost": 1.15, "Plan Rows": 1, "Plan Width": 4, "Actual Startup Time": 0.036, "Actual Total Time": 0.036, "Actual Rows": 1, "Actual Loops": 1, "Hash Buckets": 32768, "Hash Batches": 1, "Original Hash Batches": 1, "Peak Memory Usage": 1, "Plans": [{"Node Type": "Seq Scan", "Parent Relationship": "Outer", "Relation Name": "role_type", "Alias": "rt", "Startup Cost": 0.0, "Total Cost": 1.15, "Plan Rows": 1, "Plan Width": 4, "Actual Startup Time": 0.024, "Actual Total Time": 0.029, "Actual Rows": 1, "Actual Loops": 1, "Filter": "((role)::text = 'actress'::text)", "Rows Removed by Filter": 11}]}]}, {"Node Type": "Index Scan", "Parent Relationship": "Inner", "Scan Direction": "Forward", "Index Name": "person_id_aka_name", "Relation Name": "aka_name", "Alias": "an1", "Startup Cost": 0.0, "Total Cost": 0.84, "Plan Rows": 1, "Plan Width": 20, "Actual Startup Time": 32.664, "Actual Total Time": 40.855, "Actual Rows": 17379, "Actual Loops": 7438, "Index Cond": "(person_id = ci.person_id)", "Rows Removed by Index Recheck": 0}]}, {"Node Type": "Index Scan", "Parent Relationship": "Inner", "Scan Direction": "Forward", "Index Name": "name_pkey", "Relation Name": "name", "Alias": "n1", "Startup Cost": 0.0, "Total Cost": 0.57, "Plan Rows": 1, "Plan Width": 4, "Actual Startup Time": 66.64, "Actual Total Time": 66.64, "Actual Rows": 62, "Actual Loops": 17379, "Index Cond": "(id = an1.person_id)", "Rows Removed by Index Recheck": 0, "Filter": "(((name)::text ~~ '%Yo%'::text) AND ((name)::text !~~ '%Yu%'::text))", "Rows Removed by Filter": 17317}]}]}, "Triggers": [], "Planner Runtime": 30, "Total Runtime": 4410.897, "Unique SQL Id": 3544391839}}, "(1, 73)": {"explain_plan": {"Plan": {"Node Type": "Aggregate", "Strategy": "Plain", "Startup Cost": 110772.14, "Total Cost": 110772.15, "Plan Rows": 1, "Plan Width": 97, "Plans": [{"Node Type": "Nested Loop", "Parent Relationship": "Outer", "Join Type": "Inner", "Startup Cost": 12.47, "Total Cost": 110771.66, "Plan Rows": 96, "Plan Width": 33, "Inner Unique": true, "Plans": [{"Node Type": "Nested Loop", "Parent Relationship": "Outer", "Join Type": "Inner", "Startup Cost": 12.47, "Total Cost": 110396.12, "Plan Rows": 645, "Plan Width": 41, "Inner Unique": false, "Plans": [{"Node Type": "Hash Join", "Parent Relationship": "Outer", "Join Type": "Inner", "Startup Cost": 12.47, "Total Cost": 109941.91, "Plan Rows": 532, "Plan Width": 21, "Inner Unique": true, "Hash Cond": "(ci.role_id = rt.id)", "Plans": [{"Node Type": "Nested Loop", "Parent Relationship": "Outer", "Join Type": "Inner", "Startup Cost": 0.0, "Total Cost": 109909.47, "Plan Rows": 5847, "Plan Width": 25, "Inner Unique": false, "Plans": [{"Node Type": "Nested Loop", "Parent Relationship": "Outer", "Join Type": "Inner", "Startup Cost": 0.0, "Total Cost": 104166.87, "Plan Rows": 5775, "Plan Width": 25, "Inner Unique": true, "Plans": [{"Node Type": "Nested Loop", "Parent Relationship": "Outer", "Join Type": "Inner", "Startup Cost": 0.0, "Total Cost": 81519.78, "Plan Rows": 5775, "Plan Width": 4, "Inner Unique": false, "Plans": [{"Node Type": "Index Scan", "Parent Relationship": "Outer", "Scan Direction": "Forward", "Index Name": "company_name_pkey", "Relation Name": "company_name", "Alias": "cn", "Startup Cost": 0.0, "Total Cost": 10501.39, "Plan Rows": 6290, "Plan Width": 4, "Filter": "((country_code)::text = '[jp]'::text)"}, {"Node Type": "Index Scan", "Parent Relationship": "Inner", "Scan Direction": "Forward", "Index Name": "company_id_movie_companies", "Relation Name": "movie_companies", "Alias": "mc", "Startup Cost": 0.0, "Total Cost": 11.28, "Plan Rows": 1, "Plan Width": 8, "Index Cond": "(company_id = cn.id)", "Filter": "(((note)::text ~~ '%(Japan)%'::text) AND ((note)::text !~~ '%(USA)%'::text))"}]}, {"Node Type": "Index Scan", "Parent Relationship": "Inner", "Scan Direction": "Forward", "Index Name": "title_pkey", "Relation Name": "title", "Alias": "t", "Startup Cost": 0.0, "Total Cost": 3.91, "Plan Rows": 1, "Plan Width": 21, "Index Cond": "(id = mc.movie_id)"}]}, {"Node Type": "Index Scan", "Parent Relationship": "Inner", "Scan Direction": "Forward", "Index Name": "movie_id_cast_info", "Relation Name": "cast_info", "Alias": "ci", "Startup Cost": 0.0, "Total Cost": 0.98, "Plan Rows": 1, "Plan Width": 12, "Index Cond": "(movie_id = t.id)", "Filter": "((note)::text = '(voice: English version)'::text)"}]}, {"Node Type": "Hash", "Parent Relationship": "Inner", "Startup Cost": 12.46, "Total Cost": 12.46, "Plan Rows": 1, "Plan Width": 4, "Plans": [{"Node Type": "Index Scan", "Parent Relationship": "Outer", "Scan Direction": "Forward", "Index Name": "role_type_pkey", "Relation Name": "role_type", "Alias": "rt", "Startup Cost": 0.0, "Total Cost": 12.46, "Plan Rows": 1, "Plan Width": 4, "Filter": "((role)::text = 'actress'::text)"}]}]}, {"Node Type": "Index Scan", "Parent Relationship": "Inner", "Scan Direction": "Forward", "Index Name": "person_id_aka_name", "Relation Name": "aka_name", "Alias": "an1", "Startup Cost": 0.0, "Total Cost": 0.84, "Plan Rows": 1, "Plan Width": 20, "Index Cond": "(person_id = ci.person_id)"}]}, {"Node Type": "Index Scan", "Parent Relationship": "Inner", "Scan Direction": "Forward", "Index Name": "name_pkey", "Relation Name": "name", "Alias": "n1", "Startup Cost": 0.0, "Total Cost": 0.57, "Plan Rows": 1, "Plan Width": 4, "Index Cond": "(id = an1.person_id)", "Filter": "(((name)::text ~~ '%Yo%'::text) AND ((name)::text !~~ '%Yu%'::text))"}]}]}, "Unique SQL Id": 3544391839, "Planner Runtime": 30}, "explain_analyze_plan": {"Plan": {"Node Type": "Aggregate", "Strategy": "Plain", "Startup Cost": 110772.14, "Total Cost": 110772.15, "Plan Rows": 1, "Plan Width": 97, "Actual Startup Time": 3480.072, "Actual Total Time": 3480.073, "Actual Rows": 1, "Actual Loops": 1, "Plans": [{"Node Type": "Nested Loop", "Parent Relationship": "Outer", "Join Type": "Inner", "Startup Cost": 12.47, "Total Cost": 110771.66, "Plan Rows": 96, "Plan Width": 33, "Actual Startup Time": 4.254, "Actual Total Time": 3479.773, "Actual Rows": 62, "Actual Loops": 1, "Inner Unique": true, "Plans": [{"Node Type": "Nested Loop", "Parent Relationship": "Outer", "Join Type": "Inner", "Startup Cost": 12.47, "Total Cost": 110396.12, "Plan Rows": 645, "Plan Width": 41, "Actual Startup Time": 0.34, "Actual Total Time": 3403.795, "Actual Rows": 17379, "Actual Loops": 1, "Inner Unique": false, "Plans": [{"Node Type": "Hash Join", "Parent Relationship": "Outer", "Join Type": "Inner", "Startup Cost": 12.47, "Total Cost": 109941.91, "Plan Rows": 532, "Plan Width": 21, "Actual Startup Time": 0.329, "Actual Total Time": 3355.038, "Actual Rows": 7438, "Actual Loops": 1, "Inner Unique": true, "Hash Cond": "(ci.role_id = rt.id)", "Plans": [{"Node Type": "Nested Loop", "Parent Relationship": "Outer", "Join Type": "Inner", "Startup Cost": 0.0, "Total Cost": 109909.47, "Plan Rows": 5847, "Plan Width": 25, "Actual Startup Time": 0.262, "Actual Total Time": 3348.22, "Actual Rows": 19600, "Actual Loops": 1, "Inner Unique": false, "Plans": [{"Node Type": "Nested Loop", "Parent Relationship": "Outer", "Join Type": "Inner", "Startup Cost": 0.0, "Total Cost": 104166.87, "Plan Rows": 5775, "Plan Width": 25, "Actual Startup Time": 0.213, "Actual Total Time": 775.331, "Actual Rows": 48328, "Actual Loops": 1, "Inner Unique": true, "Plans": [{"Node Type": "Nested Loop", "Parent Relationship": "Outer", "Join Type": "Inner", "Startup Cost": 0.0, "Total Cost": 81519.78, "Plan Rows": 5775, "Plan Width": 4, "Actual Startup Time": 0.202, "Actual Total Time": 497.017, "Actual Rows": 48328, "Actual Loops": 1, "Inner Unique": false, "Plans": [{"Node Type": "Index Scan", "Parent Relationship": "Outer", "Scan Direction": "Forward", "Index Name": "company_name_pkey", "Relation Name": "company_name", "Alias": "cn", "Startup Cost": 0.0, "Total Cost": 10501.39, "Plan Rows": 6290, "Plan Width": 4, "Actual Startup Time": 0.169, "Actual Total Time": 294.438, "Actual Rows": 6752, "Actual Loops": 1, "Filter": "((country_code)::text = '[jp]'::text)", "Rows Removed by Filter": 228244}, {"Node Type": "Index Scan", "Parent Relationship": "Inner", "Scan Direction": "Forward", "Index Name": "company_id_movie_companies", "Relation Name": "movie_companies", "Alias": "mc", "Startup Cost": 0.0, "Total Cost": 11.28, "Plan Rows": 1, "Plan Width": 8, "Actual Startup Time": 49.18, "Actual Total Time": 186.567, "Actual Rows": 48328, "Actual Loops": 6752, "Index Cond": "(company_id = cn.id)", "Rows Removed by Index Recheck": 0, "Filter": "(((note)::text ~~ '%(Japan)%'::text) AND ((note)::text !~~ '%(USA)%'::text))", "Rows Removed by Filter": 56667}]}, {"Node Type": "Index Scan", "Parent Relationship": "Inner", "Scan Direction": "Forward", "Index Name": "title_pkey", "Relation Name": "title", "Alias": "t", "Startup Cost": 0.0, "Total Cost": 3.91, "Plan Rows": 1, "Plan Width": 21, "Actual Startup Time": 236.152, "Actual Total Time": 236.152, "Actual Rows": 48328, "Actual Loops": 48328, "Index Cond": "(id = mc.movie_id)", "Rows Removed by Index Recheck": 0}]}, {"Node Type": "Index Scan", "Parent Relationship": "Inner", "Scan Direction": "Forward", "Index Name": "movie_id_cast_info", "Relation Name": "cast_info", "Alias": "ci", "Startup Cost": 0.0, "Total Cost": 0.98, "Plan Rows": 1, "Plan Width": 12, "Actual Startup Time": 2423.055, "Actual Total Time": 2542.26, "Actual Rows": 19600, "Actual Loops": 48328, "Index Cond": "(movie_id = t.id)", "Rows Removed by Index Recheck": 0, "Filter": "((note)::text = '(voice: English version)'::text)", "Rows Removed by Filter": 1531710}]}, {"Node Type": "Hash", "Parent Relationship": "Inner", "Startup Cost": 12.46, "Total Cost": 12.46, "Plan Rows": 1, "Plan Width": 4, "Actual Startup Time": 0.02, "Actual Total Time": 0.02, "Actual Rows": 1, "Actual Loops": 1, "Hash Buckets": 32768, "Hash Batches": 1, "Original Hash Batches": 1, "Peak Memory Usage": 1, "Plans": [{"Node Type": "Index Scan", "Parent Relationship": "Outer", "Scan Direction": "Forward", "Index Name": "role_type_pkey", "Relation Name": "role_type", "Alias": "rt", "Startup Cost": 0.0, "Total Cost": 12.46, "Plan Rows": 1, "Plan Width": 4, "Actual Startup Time": 0.008, "Actual Total Time": 0.014, "Actual Rows": 1, "Actual Loops": 1, "Filter": "((role)::text = 'actress'::text)", "Rows Removed by Filter": 11}]}]}, {"Node Type": "Index Scan", "Parent Relationship": "Inner", "Scan Direction": "Forward", "Index Name": "person_id_aka_name", "Relation Name": "aka_name", "Alias": "an1", "Startup Cost": 0.0, "Total Cost": 0.84, "Plan Rows": 1, "Plan Width": 20, "Actual Startup Time": 31.635, "Actual Total Time": 39.64, "Actual Rows": 17379, "Actual Loops": 7438, "Index Cond": "(person_id = ci.person_id)", "Rows Removed by Index Recheck": 0}]}, {"Node Type": "Index Scan", "Parent Relationship": "Inner", "Scan Direction": "Forward", "Index Name": "name_pkey", "Relation Name": "name", "Alias": "n1", "Startup Cost": 0.0, "Total Cost": 0.57, "Plan Rows": 1, "Plan Width": 4, "Actual Startup Time": 66.941, "Actual Total Time": 66.941, "Actual Rows": 62, "Actual Loops": 17379, "Index Cond": "(id = an1.person_id)", "Rows Removed by Index Recheck": 0, "Filter": "(((name)::text ~~ '%Yo%'::text) AND ((name)::text !~~ '%Yu%'::text))", "Rows Removed by Filter": 17317}]}]}, "Triggers": [], "Planner Runtime": 29, "Total Runtime": 3480.424, "Unique SQL Id": 3544391839}}, "(1, 74)": {"explain_plan": {"Plan": {"Node Type": "Aggregate", "Strategy": "Plain", "Startup Cost": 983648.1, "Total Cost": 983648.11, "Plan Rows": 1, "Plan Width": 97, "Plans": [{"Node Type": "Hash Join", "Parent Relationship": "Outer", "Join Type": "Inner", "Startup Cost": 290531.17, "Total Cost": 983644.87, "Plan Rows": 646, "Plan Width": 33, "Inner Unique": true, "Hash Cond": "(ci.movie_id = t.id)", "Plans": [{"Node Type": "Hash Join", "Parent Relationship": "Outer", "Join Type": "Inner", "Startup Cost": 198858.18, "Total Cost": 891962.99, "Plan Rows": 646, "Plan Width": 24, "Inner Unique": false, "Hash Cond": "(ci.movie_id = mc.movie_id)", "Plans": [{"Node Type": "Hash Join", "Parent Relationship": "Outer", "Join Type": "Inner", "Startup Cost": 137746.65, "Total Cost": 830774.9, "Plan Rows": 1560, "Plan Width": 20, "Inner Unique": false, "Hash Cond": "(ci.person_id = an1.person_id)", "Plans": [{"Node Type": "Hash Join", "Parent Relationship": "Outer", "Join Type": "Inner", "Startup Cost": 1.16, "Total Cost": 692858.07, "Plan Rows": 8790, "Plan Width": 8, "Inner Unique": true, "Hash Cond": "(ci.role_id = rt.id)", "Plans": [{"Node Type": "Seq Scan", "Parent Relationship": "Outer", "Relation Name": "cast_info", "Alias": "ci", "Startup Cost": 0.0, "Total Cost": 692526.68, "Plan Rows": 96692, "Plan Width": 12, "Filter": "((note)::text = '(voice: English version)'::text)"}, {"Node Type": "Hash", "Parent Relationship": "Inner", "Startup Cost": 1.15, "Total Cost": 1.15, "Plan Rows": 1, "Plan Width": 4, "Plans": [{"Node Type": "Seq Scan", "Parent Relationship": "Outer", "Relation Name": "role_type", "Alias": "rt", "Startup Cost": 0.0, "Total Cost": 1.15, "Plan Rows": 1, "Plan Width": 4, "Filter": "((role)::text = 'actress'::text)"}]}]}, {"Node Type": "Hash", "Parent Relationship": "Inner", "Startup Cost": 137537.65, "Total Cost": 137537.65, "Plan Rows": 16627, "Plan Width": 24, "Plans": [{"Node Type": "Hash Join", "Parent Relationship": "Outer", "Join Type": "Inner", "Startup Cost": 114082.93, "Total Cost": 137537.65, "Plan Rows": 16627, "Plan Width": 24, "Inner Unique": true, "Hash Cond": "(an1.person_id = n1.id)", "Plans": [{"Node Type": "Seq Scan", "Parent Relationship": "Outer", "Relation Name": "aka_name", "Alias": "an1", "Startup Cost": 0.0, "Total Cost": 19908.42, "Plan Rows": 901342, "Plan Width": 20}, {"Node Type": "Hash", "Parent Relationship": "Inner", "Startup Cost": 113909.35, "Total Cost": 113909.35, "Plan Rows": 13886, "Plan Width": 4, "Plans": [{"Node Type": "Seq Scan", "Parent Relationship": "Outer", "Relation Name": "name", "Alias": "n1", "Startup Cost": 0.0, "Total Cost": 113909.35, "Plan Rows": 13886, "Plan Width": 4, "Filter": "(((name)::text ~~ '%Yo%'::text) AND ((name)::text !~~ '%Yu%'::text))"}]}]}]}]}, {"Node Type": "Hash", "Parent Relationship": "Inner", "Startup Cost": 61039.34, "Total Cost": 61039.34, "Plan Rows": 5775, "Plan Width": 4, "Plans": [{"Node Type": "Hash Join", "Parent Relationship": "Outer", "Join Type": "Inner", "Startup Cost": 5982.08, "Total Cost": 61039.34, "Plan Rows": 5775, "Plan Width": 4, "Inner Unique": true, "Hash Cond": "(mc.company_id = cn.id)", "Plans": [{"Node Type": "Seq Scan", "Parent Relationship": "Outer", "Relation Name": "movie_companies", "Alias": "mc", "Startup Cost": 0.0, "Total Cost": 54862.92, "Plan Rows": 36426, "Plan Width": 8, "Filter": "(((note)::text ~~ '%(Japan)%'::text) AND ((note)::text !~~ '%(USA)%'::text))"}, {"Node Type": "Hash", "Parent Relationship": "Inner", "Startup Cost": 5903.45, "Total Cost": 5903.45, "Plan Rows": 6290, "Plan Width": 4, "Plans": [{"Node Type": "Seq Scan", "Parent Relationship": "Outer", "Relation Name": "company_name", "Alias": "cn", "Startup Cost": 0.0, "Total Cost": 5903.45, "Plan Rows": 6290, "Plan Width": 4, "Filter": "((country_code)::text = '[jp]'::text)"}]}]}]}]}, {"Node Type": "Hash", "Parent Relationship": "Inner", "Startup Cost": 60069.11, "Total Cost": 60069.11, "Plan Rows": 2528311, "Plan Width": 21, "Plans": [{"Node Type": "Seq Scan", "Parent Relationship": "Outer", "Relation Name": "title", "Alias": "t", "Startup Cost": 0.0, "Total Cost": 60069.11, "Plan Rows": 2528311, "Plan Width": 21}]}]}]}, "Unique SQL Id": 3544391839, "Planner Runtime": 58}, "explain_analyze_plan": null}, "(1, 75)": {"explain_plan": {"Plan": {"Node Type": "Aggregate", "Strategy": "Plain", "Startup Cost": 6720985922273.95, "Total Cost": 6720985922273.96, "Plan Rows": 1, "Plan Width": 97, "Plans": [{"Node Type": "Hash Join", "Parent Relationship": "Outer", "Join Type": "Inner", "Startup Cost": 4029128203440.23, "Total Cost": 6720985922270.72, "Plan Rows": 646, "Plan Width": 33, "Inner Unique": true, "Hash Cond": "(ci.role_id = rt.id)", "Plans": [{"Node Type": "Hash Join", "Parent Relationship": "Outer", "Join Type": "Inner", "Startup Cost": 3029128202194.22, "Total Cost": 5720985920991.6, "Plan Rows": 7105, "Plan Width": 37, "Inner Unique": false, "Hash Cond": "(ci.movie_id = t.id)", "Plans": [{"Node Type": "Merge Join", "Parent Relationship": "Outer", "Join Type": "Inner", "Startup Cost": 30051235465.84, "Total Cost": 2721908954128.06, "Plan Rows": 17161, "Plan Width": 24, "Inner Unique": false, "Merge Cond": "(an1.person_id = ci.person_id)", "Plans": [{"Node Type": "Merge Join", "Parent Relationship": "Outer", "Join Type": "Inner", "Startup Cost": 20030754356.47, "Total Cost": 2000026606025.89, "Plan Rows": 16627, "Plan Width": 24, "Inner Unique": true, "Merge Cond": "(an1.person_id = n1.id)", "Plans": [{"Node Type": "Index Scan", "Parent Relationship": "Outer", "Scan Direction": "Forward", "Index Name": "person_id_aka_name", "Relation Name": "aka_name", "Alias": "an1", "Startup Cost": 10000000000.0, "Total Cost": 1000006896503.43, "Plan Rows": 901342, "Plan Width": 20}, {"Node Type": "Materialize", "Parent Relationship": "Inner", "Startup Cost": 10000000000.0, "Total Cost": 1000019707054.42, "Plan Rows": 13886, "Plan Width": 4, "Plans": [{"Node Type": "Index Scan", "Parent Relationship": "Outer", "Scan Direction": "Forward", "Index Name": "name_pkey", "Relation Name": "name", "Alias": "n1", "Startup Cost": 10000000000.0, "Total Cost": 1000019707019.7, "Plan Rows": 13886, "Plan Width": 4, "Filter": "(((name)::text ~~ '%Yo%'::text) AND ((name)::text !~~ '%Yu%'::text))"}]}]}, {"Node Type": "Index Scan", "Parent Relationship": "Inner", "Scan Direction": "Forward", "Index Name": "person_id_cast_info", "Relation Name": "cast_info", "Alias": "ci", "Startup Cost": 10000000000.0, "Total Cost": 1000179713706.71, "Plan Rows": 96692, "Plan Width": 12, "Filter": "((note)::text = '(voice: English version)'::text)"}]}, {"Node Type": "Hash", "Parent Relationship": "Inner", "Startup Cost": 2999076966656.19, "Total Cost": 2999076966656.19, "Plan Rows": 5775, "Plan Width": 25, "Plans": [{"Node Type": "Merge Join", "Parent Relationship": "Outer", "Join Type": "Inner", "Startup Cost": 2010036650504.51, "Total Cost": 2999076966656.19, "Plan Rows": 5775, "Plan Width": 25, "Inner Unique": true, "Merge Cond": "(mc.movie_id = t.id)", "Plans": [{"Node Type": "Sort", "Parent Relationship": "Outer", "Startup Cost": 2000014722578.3, "Total Cost": 2000014722592.74, "Plan Rows": 5775, "Plan Width": 4, "Sort Key": ["mc.movie_id"], "Plans": [{"Node Type": "Merge Join", "Parent Relationship": "Outer", "Join Type": "Inner", "Startup Cost": 45738289886.04, "Total Cost": 2000014722217.49, "Plan Rows": 5775, "Plan Width": 4, "Inner Unique": false, "Merge Cond": "(cn.id = mc.company_id)", "Plans": [{"Node Type": "Index Scan", "Parent Relationship": "Outer", "Scan Direction": "Forward", "Index Name": "company_name_pkey", "Relation Name": "company_name", "Alias": "cn", "Startup Cost": 10000000000.0, "Total Cost": 1000001050138.97, "Plan Rows": 6290, "Plan Width": 4, "Filter": "((country_code)::text = '[jp]'::text)"}, {"Node Type": "Index Scan", "Parent Relationship": "Inner", "Scan Direction": "Forward", "Index Name": "company_id_movie_companies", "Relation Name": "movie_companies", "Alias": "mc", "Startup Cost": 10000000000.0, "Total Cost": 1000013671913.98, "Plan Rows": 36426, "Plan Width": 8, "Filter": "(((note)::text ~~ '%(Japan)%'::text) AND ((note)::text !~~ '%(USA)%'::text))"}]}]}, {"Node Type": "Index Scan", "Parent Relationship": "Inner", "Scan Direction": "Forward", "Index Name": "title_pkey", "Relation Name": "title", "Alias": "t", "Startup Cost": 10000000000.0, "Total Cost": 1000011012048.91, "Plan Rows": 2528311, "Plan Width": 21}]}]}]}, {"Node Type": "Hash", "Parent Relationship": "Inner", "Startup Cost": 1000000001246.0, "Total Cost": 1000000001246.0, "Plan Rows": 1, "Plan Width": 4, "Plans": [{"Node Type": "Index Scan", "Parent Relationship": "Outer", "Scan Direction": "Forward", "Index Name": "role_type_pkey", "Relation Name": "role_type", "Alias": "rt", "Startup Cost": 10000000000.0, "Total Cost": 1000000001246.0, "Plan Rows": 1, "Plan Width": 4, "Filter": "((role)::text = 'actress'::text)"}]}]}]}, "Unique SQL Id": 3544391839, "Planner Runtime": 132}, "explain_analyze_plan": null}, "(1, 76)": {"explain_plan": {"Plan": {"Node Type": "Aggregate", "Strategy": "Plain", "Startup Cost": 90283.15, "Total Cost": 90283.16, "Plan Rows": 1, "Plan Width": 97, "Plans": [{"Node Type": "Nested Loop", "Parent Relationship": "Outer", "Join Type": "Inner", "Startup Cost": 5983.24, "Total Cost": 90279.92, "Plan Rows": 646, "Plan Width": 33, "Inner Unique": true, "Plans": [{"Node Type": "Nested Loop", "Parent Relationship": "Outer", "Join Type": "Inner", "Startup Cost": 5983.24, "Total Cost": 89904.38, "Plan Rows": 645, "Plan Width": 41, "Inner Unique": false, "Plans": [{"Node Type": "Hash Join", "Parent Relationship": "Outer", "Join Type": "Inner", "Startup Cost": 5983.24, "Total Cost": 89450.16, "Plan Rows": 532, "Plan Width": 21, "Inner Unique": true, "Hash Cond": "(ci.role_id = rt.id)", "Plans": [{"Node Type": "Nested Loop", "Parent Relationship": "Outer", "Join Type": "Inner", "Startup Cost": 5982.08, "Total Cost": 89429.03, "Plan Rows": 5847, "Plan Width": 25, "Inner Unique": false, "Plans": [{"Node Type": "Nested Loop", "Parent Relationship": "Outer", "Join Type": "Inner", "Startup Cost": 5982.08, "Total Cost": 83686.44, "Plan Rows": 5775, "Plan Width": 25, "Inner Unique": true, "Plans": [{"Node Type": "Hash Join", "Parent Relationship": "Outer", "Join Type": "Inner", "Startup Cost": 5982.08, "Total Cost": 61039.34, "Plan Rows": 5775, "Plan Width": 4, "Inner Unique": true, "Hash Cond": "(mc.company_id = cn.id)", "Plans": [{"Node Type": "Seq Scan", "Parent Relationship": "Outer", "Relation Name": "movie_companies", "Alias": "mc", "Startup Cost": 0.0, "Total Cost": 54862.92, "Plan Rows": 36426, "Plan Width": 8, "Filter": "(((note)::text ~~ '%(Japan)%'::text) AND ((note)::text !~~ '%(USA)%'::text))"}, {"Node Type": "Hash", "Parent Relationship": "Inner", "Startup Cost": 5903.45, "Total Cost": 5903.45, "Plan Rows": 6290, "Plan Width": 4, "Plans": [{"Node Type": "Seq Scan", "Parent Relationship": "Outer", "Relation Name": "company_name", "Alias": "cn", "Startup Cost": 0.0, "Total Cost": 5903.45, "Plan Rows": 6290, "Plan Width": 4, "Filter": "((country_code)::text = '[jp]'::text)"}]}]}, {"Node Type": "Index Scan", "Parent Relationship": "Inner", "Scan Direction": "Forward", "Index Name": "title_pkey", "Relation Name": "title", "Alias": "t", "Startup Cost": 0.0, "Total Cost": 3.91, "Plan Rows": 1, "Plan Width": 21, "Index Cond": "(id = mc.movie_id)"}]}, {"Node Type": "Index Scan", "Parent Relationship": "Inner", "Scan Direction": "Forward", "Index Name": "movie_id_cast_info", "Relation Name": "cast_info", "Alias": "ci", "Startup Cost": 0.0, "Total Cost": 0.98, "Plan Rows": 1, "Plan Width": 12, "Index Cond": "(movie_id = t.id)", "Filter": "((note)::text = '(voice: English version)'::text)"}]}, {"Node Type": "Hash", "Parent Relationship": "Inner", "Startup Cost": 1.15, "Total Cost": 1.15, "Plan Rows": 1, "Plan Width": 4, "Plans": [{"Node Type": "Seq Scan", "Parent Relationship": "Outer", "Relation Name": "role_type", "Alias": "rt", "Startup Cost": 0.0, "Total Cost": 1.15, "Plan Rows": 1, "Plan Width": 4, "Filter": "((role)::text = 'actress'::text)"}]}]}, {"Node Type": "Index Scan", "Parent Relationship": "Inner", "Scan Direction": "Forward", "Index Name": "person_id_aka_name", "Relation Name": "aka_name", "Alias": "an1", "Startup Cost": 0.0, "Total Cost": 0.84, "Plan Rows": 1, "Plan Width": 20, "Index Cond": "(person_id = ci.person_id)"}]}, {"Node Type": "Index Scan", "Parent Relationship": "Inner", "Scan Direction": "Forward", "Index Name": "name_pkey", "Relation Name": "name", "Alias": "n1", "Startup Cost": 0.0, "Total Cost": 0.57, "Plan Rows": 1, "Plan Width": 4, "Index Cond": "(id = an1.person_id)", "Filter": "(((name)::text ~~ '%Yo%'::text) AND ((name)::text !~~ '%Yu%'::text))"}]}]}, "Unique SQL Id": 3544391839, "Planner Runtime": 30}, "explain_analyze_plan": {"Plan": {"Node Type": "Aggregate", "Strategy": "Plain", "Startup Cost": 90283.15, "Total Cost": 90283.16, "Plan Rows": 1, "Plan Width": 97, "Actual Startup Time": 4410.526, "Actual Total Time": 4410.526, "Actual Rows": 1, "Actual Loops": 1, "Plans": [{"Node Type": "Nested Loop", "Parent Relationship": "Outer", "Join Type": "Inner", "Startup Cost": 5983.24, "Total Cost": 90279.92, "Plan Rows": 646, "Plan Width": 33, "Actual Startup Time": 342.332, "Actual Total Time": 4410.309, "Actual Rows": 62, "Actual Loops": 1, "Inner Unique": true, "Plans": [{"Node Type": "Nested Loop", "Parent Relationship": "Outer", "Join Type": "Inner", "Startup Cost": 5983.24, "Total Cost": 89904.38, "Plan Rows": 645, "Plan Width": 41, "Actual Startup Time": 82.965, "Actual Total Time": 4335.003, "Actual Rows": 17379, "Actual Loops": 1, "Inner Unique": false, "Plans": [{"Node Type": "Hash Join", "Parent Relationship": "Outer", "Join Type": "Inner", "Startup Cost": 5983.24, "Total Cost": 89450.16, "Plan Rows": 532, "Plan Width": 21, "Actual Startup Time": 82.953, "Actual Total Time": 4285.037, "Actual Rows": 7438, "Actual Loops": 1, "Inner Unique": true, "Hash Cond": "(ci.role_id = rt.id)", "Plans": [{"Node Type": "Nested Loop", "Parent Relationship": "Outer", "Join Type": "Inner", "Startup Cost": 5982.08, "Total Cost": 89429.03, "Plan Rows": 5847, "Plan Width": 25, "Actual Startup Time": 82.861, "Actual Total Time": 4278.693, "Actual Rows": 19600, "Actual Loops": 1, "Inner Unique": false, "Plans": [{"Node Type": "Nested Loop", "Parent Relationship": "Outer", "Join Type": "Inner", "Startup Cost": 5982.08, "Total Cost": 83686.44, "Plan Rows": 5775, "Plan Width": 25, "Actual Startup Time": 82.753, "Actual Total Time": 1325.477, "Actual Rows": 48328, "Actual Loops": 1, "Inner Unique": true, "Plans": [{"Node Type": "Hash Join", "Parent Relationship": "Outer", "Join Type": "Inner", "Startup Cost": 5982.08, "Total Cost": 61039.34, "Plan Rows": 5775, "Plan Width": 4, "Actual Startup Time": 82.721, "Actual Total Time": 1075.522, "Actual Rows": 48328, "Actual Loops": 1, "Inner Unique": true, "Hash Cond": "(mc.company_id = cn.id)", "Plans": [{"Node Type": "Seq Scan", "Parent Relationship": "Outer", "Relation Name": "movie_companies", "Alias": "mc", "Startup Cost": 0.0, "Total Cost": 54862.92, "Plan Rows": 36426, "Plan Width": 8, "Actual Startup Time": 0.221, "Actual Total Time": 958.224, "Actual Rows": 48897, "Actual Loops": 1, "Filter": "(((note)::text ~~ '%(Japan)%'::text) AND ((note)::text !~~ '%(USA)%'::text))", "Rows Removed by Filter": 2560231}, {"Node Type": "Hash", "Parent Relationship": "Inner", "Startup Cost": 5903.45, "Total Cost": 5903.45, "Plan Rows": 6290, "Plan Width": 4, "Actual Startup Time": 82.45, "Actual Total Time": 82.45, "Actual Rows": 6752, "Actual Loops": 1, "Hash Buckets": 32768, "Hash Batches": 1, "Original Hash Batches": 1, "Peak Memory Usage": 238, "Plans": [{"Node Type": "Seq Scan", "Parent Relationship": "Outer", "Relation Name": "company_name", "Alias": "cn", "Startup Cost": 0.0, "Total Cost": 5903.45, "Plan Rows": 6290, "Plan Width": 4, "Actual Startup Time": 0.024, "Actual Total Time": 80.402, "Actual Rows": 6752, "Actual Loops": 1, "Filter": "((country_code)::text = '[jp]'::text)", "Rows Removed by Filter": 228244}]}]}, {"Node Type": "Index Scan", "Parent Relationship": "Inner", "Scan Direction": "Forward", "Index Name": "title_pkey", "Relation Name": "title", "Alias": "t", "Startup Cost": 0.0, "Total Cost": 3.91, "Plan Rows": 1, "Plan Width": 21, "Actual Startup Time": 209.606, "Actual Total Time": 209.606, "Actual Rows": 48328, "Actual Loops": 48328, "Index Cond": "(id = mc.movie_id)", "Rows Removed by Index Recheck": 0}]}, {"Node Type": "Index Scan", "Parent Relationship": "Inner", "Scan Direction": "Forward", "Index Name": "movie_id_cast_info", "Relation Name": "cast_info", "Alias": "ci", "Startup Cost": 0.0, "Total Cost": 0.98, "Plan Rows": 1, "Plan Width": 12, "Actual Startup Time": 2791.569, "Actual Total Time": 2922.626, "Actual Rows": 19600, "Actual Loops": 48328, "Index Cond": "(movie_id = t.id)", "Rows Removed by Index Recheck": 0, "Filter": "((note)::text = '(voice: English version)'::text)", "Rows Removed by Filter": 1531710}]}, {"Node Type": "Hash", "Parent Relationship": "Inner", "Startup Cost": 1.15, "Total Cost": 1.15, "Plan Rows": 1, "Plan Width": 4, "Actual Startup Time": 0.036, "Actual Total Time": 0.036, "Actual Rows": 1, "Actual Loops": 1, "Hash Buckets": 32768, "Hash Batches": 1, "Original Hash Batches": 1, "Peak Memory Usage": 1, "Plans": [{"Node Type": "Seq Scan", "Parent Relationship": "Outer", "Relation Name": "role_type", "Alias": "rt", "Startup Cost": 0.0, "Total Cost": 1.15, "Plan Rows": 1, "Plan Width": 4, "Actual Startup Time": 0.024, "Actual Total Time": 0.029, "Actual Rows": 1, "Actual Loops": 1, "Filter": "((role)::text = 'actress'::text)", "Rows Removed by Filter": 11}]}]}, {"Node Type": "Index Scan", "Parent Relationship": "Inner", "Scan Direction": "Forward", "Index Name": "person_id_aka_name", "Relation Name": "aka_name", "Alias": "an1", "Startup Cost": 0.0, "Total Cost": 0.84, "Plan Rows": 1, "Plan Width": 20, "Actual Startup Time": 32.664, "Actual Total Time": 40.855, "Actual Rows": 17379, "Actual Loops": 7438, "Index Cond": "(person_id = ci.person_id)", "Rows Removed by Index Recheck": 0}]}, {"Node Type": "Index Scan", "Parent Relationship": "Inner", "Scan Direction": "Forward", "Index Name": "name_pkey", "Relation Name": "name", "Alias": "n1", "Startup Cost": 0.0, "Total Cost": 0.57, "Plan Rows": 1, "Plan Width": 4, "Actual Startup Time": 66.64, "Actual Total Time": 66.64, "Actual Rows": 62, "Actual Loops": 17379, "Index Cond": "(id = an1.person_id)", "Rows Removed by Index Recheck": 0, "Filter": "(((name)::text ~~ '%Yo%'::text) AND ((name)::text !~~ '%Yu%'::text))", "Rows Removed by Filter": 17317}]}]}, "Triggers": [], "Planner Runtime": 30, "Total Runtime": 4410.897, "Unique SQL Id": 3544391839}}, "(1, 77)": {"explain_plan": {"Plan": {"Node Type": "Aggregate", "Strategy": "Plain", "Startup Cost": 110772.14, "Total Cost": 110772.15, "Plan Rows": 1, "Plan Width": 97, "Plans": [{"Node Type": "Nested Loop", "Parent Relationship": "Outer", "Join Type": "Inner", "Startup Cost": 12.47, "Total Cost": 110771.66, "Plan Rows": 96, "Plan Width": 33, "Inner Unique": true, "Plans": [{"Node Type": "Nested Loop", "Parent Relationship": "Outer", "Join Type": "Inner", "Startup Cost": 12.47, "Total Cost": 110396.12, "Plan Rows": 645, "Plan Width": 41, "Inner Unique": false, "Plans": [{"Node Type": "Hash Join", "Parent Relationship": "Outer", "Join Type": "Inner", "Startup Cost": 12.47, "Total Cost": 109941.91, "Plan Rows": 532, "Plan Width": 21, "Inner Unique": true, "Hash Cond": "(ci.role_id = rt.id)", "Plans": [{"Node Type": "Nested Loop", "Parent Relationship": "Outer", "Join Type": "Inner", "Startup Cost": 0.0, "Total Cost": 109909.47, "Plan Rows": 5847, "Plan Width": 25, "Inner Unique": false, "Plans": [{"Node Type": "Nested Loop", "Parent Relationship": "Outer", "Join Type": "Inner", "Startup Cost": 0.0, "Total Cost": 104166.87, "Plan Rows": 5775, "Plan Width": 25, "Inner Unique": true, "Plans": [{"Node Type": "Nested Loop", "Parent Relationship": "Outer", "Join Type": "Inner", "Startup Cost": 0.0, "Total Cost": 81519.78, "Plan Rows": 5775, "Plan Width": 4, "Inner Unique": false, "Plans": [{"Node Type": "Index Scan", "Parent Relationship": "Outer", "Scan Direction": "Forward", "Index Name": "company_name_pkey", "Relation Name": "company_name", "Alias": "cn", "Startup Cost": 0.0, "Total Cost": 10501.39, "Plan Rows": 6290, "Plan Width": 4, "Filter": "((country_code)::text = '[jp]'::text)"}, {"Node Type": "Index Scan", "Parent Relationship": "Inner", "Scan Direction": "Forward", "Index Name": "company_id_movie_companies", "Relation Name": "movie_companies", "Alias": "mc", "Startup Cost": 0.0, "Total Cost": 11.28, "Plan Rows": 1, "Plan Width": 8, "Index Cond": "(company_id = cn.id)", "Filter": "(((note)::text ~~ '%(Japan)%'::text) AND ((note)::text !~~ '%(USA)%'::text))"}]}, {"Node Type": "Index Scan", "Parent Relationship": "Inner", "Scan Direction": "Forward", "Index Name": "title_pkey", "Relation Name": "title", "Alias": "t", "Startup Cost": 0.0, "Total Cost": 3.91, "Plan Rows": 1, "Plan Width": 21, "Index Cond": "(id = mc.movie_id)"}]}, {"Node Type": "Index Scan", "Parent Relationship": "Inner", "Scan Direction": "Forward", "Index Name": "movie_id_cast_info", "Relation Name": "cast_info", "Alias": "ci", "Startup Cost": 0.0, "Total Cost": 0.98, "Plan Rows": 1, "Plan Width": 12, "Index Cond": "(movie_id = t.id)", "Filter": "((note)::text = '(voice: English version)'::text)"}]}, {"Node Type": "Hash", "Parent Relationship": "Inner", "Startup Cost": 12.46, "Total Cost": 12.46, "Plan Rows": 1, "Plan Width": 4, "Plans": [{"Node Type": "Index Scan", "Parent Relationship": "Outer", "Scan Direction": "Forward", "Index Name": "role_type_pkey", "Relation Name": "role_type", "Alias": "rt", "Startup Cost": 0.0, "Total Cost": 12.46, "Plan Rows": 1, "Plan Width": 4, "Filter": "((role)::text = 'actress'::text)"}]}]}, {"Node Type": "Index Scan", "Parent Relationship": "Inner", "Scan Direction": "Forward", "Index Name": "person_id_aka_name", "Relation Name": "aka_name", "Alias": "an1", "Startup Cost": 0.0, "Total Cost": 0.84, "Plan Rows": 1, "Plan Width": 20, "Index Cond": "(person_id = ci.person_id)"}]}, {"Node Type": "Index Scan", "Parent Relationship": "Inner", "Scan Direction": "Forward", "Index Name": "name_pkey", "Relation Name": "name", "Alias": "n1", "Startup Cost": 0.0, "Total Cost": 0.57, "Plan Rows": 1, "Plan Width": 4, "Index Cond": "(id = an1.person_id)", "Filter": "(((name)::text ~~ '%Yo%'::text) AND ((name)::text !~~ '%Yu%'::text))"}]}]}, "Unique SQL Id": 3544391839, "Planner Runtime": 29}, "explain_analyze_plan": {"Plan": {"Node Type": "Aggregate", "Strategy": "Plain", "Startup Cost": 110772.14, "Total Cost": 110772.15, "Plan Rows": 1, "Plan Width": 97, "Actual Startup Time": 3480.072, "Actual Total Time": 3480.073, "Actual Rows": 1, "Actual Loops": 1, "Plans": [{"Node Type": "Nested Loop", "Parent Relationship": "Outer", "Join Type": "Inner", "Startup Cost": 12.47, "Total Cost": 110771.66, "Plan Rows": 96, "Plan Width": 33, "Actual Startup Time": 4.254, "Actual Total Time": 3479.773, "Actual Rows": 62, "Actual Loops": 1, "Inner Unique": true, "Plans": [{"Node Type": "Nested Loop", "Parent Relationship": "Outer", "Join Type": "Inner", "Startup Cost": 12.47, "Total Cost": 110396.12, "Plan Rows": 645, "Plan Width": 41, "Actual Startup Time": 0.34, "Actual Total Time": 3403.795, "Actual Rows": 17379, "Actual Loops": 1, "Inner Unique": false, "Plans": [{"Node Type": "Hash Join", "Parent Relationship": "Outer", "Join Type": "Inner", "Startup Cost": 12.47, "Total Cost": 109941.91, "Plan Rows": 532, "Plan Width": 21, "Actual Startup Time": 0.329, "Actual Total Time": 3355.038, "Actual Rows": 7438, "Actual Loops": 1, "Inner Unique": true, "Hash Cond": "(ci.role_id = rt.id)", "Plans": [{"Node Type": "Nested Loop", "Parent Relationship": "Outer", "Join Type": "Inner", "Startup Cost": 0.0, "Total Cost": 109909.47, "Plan Rows": 5847, "Plan Width": 25, "Actual Startup Time": 0.262, "Actual Total Time": 3348.22, "Actual Rows": 19600, "Actual Loops": 1, "Inner Unique": false, "Plans": [{"Node Type": "Nested Loop", "Parent Relationship": "Outer", "Join Type": "Inner", "Startup Cost": 0.0, "Total Cost": 104166.87, "Plan Rows": 5775, "Plan Width": 25, "Actual Startup Time": 0.213, "Actual Total Time": 775.331, "Actual Rows": 48328, "Actual Loops": 1, "Inner Unique": true, "Plans": [{"Node Type": "Nested Loop", "Parent Relationship": "Outer", "Join Type": "Inner", "Startup Cost": 0.0, "Total Cost": 81519.78, "Plan Rows": 5775, "Plan Width": 4, "Actual Startup Time": 0.202, "Actual Total Time": 497.017, "Actual Rows": 48328, "Actual Loops": 1, "Inner Unique": false, "Plans": [{"Node Type": "Index Scan", "Parent Relationship": "Outer", "Scan Direction": "Forward", "Index Name": "company_name_pkey", "Relation Name": "company_name", "Alias": "cn", "Startup Cost": 0.0, "Total Cost": 10501.39, "Plan Rows": 6290, "Plan Width": 4, "Actual Startup Time": 0.169, "Actual Total Time": 294.438, "Actual Rows": 6752, "Actual Loops": 1, "Filter": "((country_code)::text = '[jp]'::text)", "Rows Removed by Filter": 228244}, {"Node Type": "Index Scan", "Parent Relationship": "Inner", "Scan Direction": "Forward", "Index Name": "company_id_movie_companies", "Relation Name": "movie_companies", "Alias": "mc", "Startup Cost": 0.0, "Total Cost": 11.28, "Plan Rows": 1, "Plan Width": 8, "Actual Startup Time": 49.18, "Actual Total Time": 186.567, "Actual Rows": 48328, "Actual Loops": 6752, "Index Cond": "(company_id = cn.id)", "Rows Removed by Index Recheck": 0, "Filter": "(((note)::text ~~ '%(Japan)%'::text) AND ((note)::text !~~ '%(USA)%'::text))", "Rows Removed by Filter": 56667}]}, {"Node Type": "Index Scan", "Parent Relationship": "Inner", "Scan Direction": "Forward", "Index Name": "title_pkey", "Relation Name": "title", "Alias": "t", "Startup Cost": 0.0, "Total Cost": 3.91, "Plan Rows": 1, "Plan Width": 21, "Actual Startup Time": 236.152, "Actual Total Time": 236.152, "Actual Rows": 48328, "Actual Loops": 48328, "Index Cond": "(id = mc.movie_id)", "Rows Removed by Index Recheck": 0}]}, {"Node Type": "Index Scan", "Parent Relationship": "Inner", "Scan Direction": "Forward", "Index Name": "movie_id_cast_info", "Relation Name": "cast_info", "Alias": "ci", "Startup Cost": 0.0, "Total Cost": 0.98, "Plan Rows": 1, "Plan Width": 12, "Actual Startup Time": 2423.055, "Actual Total Time": 2542.26, "Actual Rows": 19600, "Actual Loops": 48328, "Index Cond": "(movie_id = t.id)", "Rows Removed by Index Recheck": 0, "Filter": "((note)::text = '(voice: English version)'::text)", "Rows Removed by Filter": 1531710}]}, {"Node Type": "Hash", "Parent Relationship": "Inner", "Startup Cost": 12.46, "Total Cost": 12.46, "Plan Rows": 1, "Plan Width": 4, "Actual Startup Time": 0.02, "Actual Total Time": 0.02, "Actual Rows": 1, "Actual Loops": 1, "Hash Buckets": 32768, "Hash Batches": 1, "Original Hash Batches": 1, "Peak Memory Usage": 1, "Plans": [{"Node Type": "Index Scan", "Parent Relationship": "Outer", "Scan Direction": "Forward", "Index Name": "role_type_pkey", "Relation Name": "role_type", "Alias": "rt", "Startup Cost": 0.0, "Total Cost": 12.46, "Plan Rows": 1, "Plan Width": 4, "Actual Startup Time": 0.008, "Actual Total Time": 0.014, "Actual Rows": 1, "Actual Loops": 1, "Filter": "((role)::text = 'actress'::text)", "Rows Removed by Filter": 11}]}]}, {"Node Type": "Index Scan", "Parent Relationship": "Inner", "Scan Direction": "Forward", "Index Name": "person_id_aka_name", "Relation Name": "aka_name", "Alias": "an1", "Startup Cost": 0.0, "Total Cost": 0.84, "Plan Rows": 1, "Plan Width": 20, "Actual Startup Time": 31.635, "Actual Total Time": 39.64, "Actual Rows": 17379, "Actual Loops": 7438, "Index Cond": "(person_id = ci.person_id)", "Rows Removed by Index Recheck": 0}]}, {"Node Type": "Index Scan", "Parent Relationship": "Inner", "Scan Direction": "Forward", "Index Name": "name_pkey", "Relation Name": "name", "Alias": "n1", "Startup Cost": 0.0, "Total Cost": 0.57, "Plan Rows": 1, "Plan Width": 4, "Actual Startup Time": 66.941, "Actual Total Time": 66.941, "Actual Rows": 62, "Actual Loops": 17379, "Index Cond": "(id = an1.person_id)", "Rows Removed by Index Recheck": 0, "Filter": "(((name)::text ~~ '%Yo%'::text) AND ((name)::text !~~ '%Yu%'::text))", "Rows Removed by Filter": 17317}]}]}, "Triggers": [], "Planner Runtime": 29, "Total Runtime": 3480.424, "Unique SQL Id": 3544391839}}, "(1, 78)": {"explain_plan": {"Plan": {"Node Type": "Aggregate", "Strategy": "Plain", "Startup Cost": 983648.1, "Total Cost": 983648.11, "Plan Rows": 1, "Plan Width": 97, "Plans": [{"Node Type": "Hash Join", "Parent Relationship": "Outer", "Join Type": "Inner", "Startup Cost": 290531.17, "Total Cost": 983644.87, "Plan Rows": 646, "Plan Width": 33, "Inner Unique": true, "Hash Cond": "(ci.movie_id = t.id)", "Plans": [{"Node Type": "Hash Join", "Parent Relationship": "Outer", "Join Type": "Inner", "Startup Cost": 198858.18, "Total Cost": 891962.99, "Plan Rows": 646, "Plan Width": 24, "Inner Unique": false, "Hash Cond": "(ci.movie_id = mc.movie_id)", "Plans": [{"Node Type": "Hash Join", "Parent Relationship": "Outer", "Join Type": "Inner", "Startup Cost": 137746.65, "Total Cost": 830774.9, "Plan Rows": 1560, "Plan Width": 20, "Inner Unique": false, "Hash Cond": "(ci.person_id = an1.person_id)", "Plans": [{"Node Type": "Hash Join", "Parent Relationship": "Outer", "Join Type": "Inner", "Startup Cost": 1.16, "Total Cost": 692858.07, "Plan Rows": 8790, "Plan Width": 8, "Inner Unique": true, "Hash Cond": "(ci.role_id = rt.id)", "Plans": [{"Node Type": "Seq Scan", "Parent Relationship": "Outer", "Relation Name": "cast_info", "Alias": "ci", "Startup Cost": 0.0, "Total Cost": 692526.68, "Plan Rows": 96692, "Plan Width": 12, "Filter": "((note)::text = '(voice: English version)'::text)"}, {"Node Type": "Hash", "Parent Relationship": "Inner", "Startup Cost": 1.15, "Total Cost": 1.15, "Plan Rows": 1, "Plan Width": 4, "Plans": [{"Node Type": "Seq Scan", "Parent Relationship": "Outer", "Relation Name": "role_type", "Alias": "rt", "Startup Cost": 0.0, "Total Cost": 1.15, "Plan Rows": 1, "Plan Width": 4, "Filter": "((role)::text = 'actress'::text)"}]}]}, {"Node Type": "Hash", "Parent Relationship": "Inner", "Startup Cost": 137537.65, "Total Cost": 137537.65, "Plan Rows": 16627, "Plan Width": 24, "Plans": [{"Node Type": "Hash Join", "Parent Relationship": "Outer", "Join Type": "Inner", "Startup Cost": 114082.93, "Total Cost": 137537.65, "Plan Rows": 16627, "Plan Width": 24, "Inner Unique": true, "Hash Cond": "(an1.person_id = n1.id)", "Plans": [{"Node Type": "Seq Scan", "Parent Relationship": "Outer", "Relation Name": "aka_name", "Alias": "an1", "Startup Cost": 0.0, "Total Cost": 19908.42, "Plan Rows": 901342, "Plan Width": 20}, {"Node Type": "Hash", "Parent Relationship": "Inner", "Startup Cost": 113909.35, "Total Cost": 113909.35, "Plan Rows": 13886, "Plan Width": 4, "Plans": [{"Node Type": "Seq Scan", "Parent Relationship": "Outer", "Relation Name": "name", "Alias": "n1", "Startup Cost": 0.0, "Total Cost": 113909.35, "Plan Rows": 13886, "Plan Width": 4, "Filter": "(((name)::text ~~ '%Yo%'::text) AND ((name)::text !~~ '%Yu%'::text))"}]}]}]}]}, {"Node Type": "Hash", "Parent Relationship": "Inner", "Startup Cost": 61039.34, "Total Cost": 61039.34, "Plan Rows": 5775, "Plan Width": 4, "Plans": [{"Node Type": "Hash Join", "Parent Relationship": "Outer", "Join Type": "Inner", "Startup Cost": 5982.08, "Total Cost": 61039.34, "Plan Rows": 5775, "Plan Width": 4, "Inner Unique": true, "Hash Cond": "(mc.company_id = cn.id)", "Plans": [{"Node Type": "Seq Scan", "Parent Relationship": "Outer", "Relation Name": "movie_companies", "Alias": "mc", "Startup Cost": 0.0, "Total Cost": 54862.92, "Plan Rows": 36426, "Plan Width": 8, "Filter": "(((note)::text ~~ '%(Japan)%'::text) AND ((note)::text !~~ '%(USA)%'::text))"}, {"Node Type": "Hash", "Parent Relationship": "Inner", "Startup Cost": 5903.45, "Total Cost": 5903.45, "Plan Rows": 6290, "Plan Width": 4, "Plans": [{"Node Type": "Seq Scan", "Parent Relationship": "Outer", "Relation Name": "company_name", "Alias": "cn", "Startup Cost": 0.0, "Total Cost": 5903.45, "Plan Rows": 6290, "Plan Width": 4, "Filter": "((country_code)::text = '[jp]'::text)"}]}]}]}]}, {"Node Type": "Hash", "Parent Relationship": "Inner", "Startup Cost": 60069.11, "Total Cost": 60069.11, "Plan Rows": 2528311, "Plan Width": 21, "Plans": [{"Node Type": "Seq Scan", "Parent Relationship": "Outer", "Relation Name": "title", "Alias": "t", "Startup Cost": 0.0, "Total Cost": 60069.11, "Plan Rows": 2528311, "Plan Width": 21}]}]}]}, "Unique SQL Id": 3544391839, "Planner Runtime": 58}, "explain_analyze_plan": null}, "(1, 79)": {"explain_plan": {"Plan": {"Node Type": "Aggregate", "Strategy": "Plain", "Startup Cost": 6720985922273.95, "Total Cost": 6720985922273.96, "Plan Rows": 1, "Plan Width": 97, "Plans": [{"Node Type": "Hash Join", "Parent Relationship": "Outer", "Join Type": "Inner", "Startup Cost": 4029128203440.23, "Total Cost": 6720985922270.72, "Plan Rows": 646, "Plan Width": 33, "Inner Unique": true, "Hash Cond": "(ci.role_id = rt.id)", "Plans": [{"Node Type": "Hash Join", "Parent Relationship": "Outer", "Join Type": "Inner", "Startup Cost": 3029128202194.22, "Total Cost": 5720985920991.6, "Plan Rows": 7105, "Plan Width": 37, "Inner Unique": false, "Hash Cond": "(ci.movie_id = t.id)", "Plans": [{"Node Type": "Merge Join", "Parent Relationship": "Outer", "Join Type": "Inner", "Startup Cost": 30051235465.84, "Total Cost": 2721908954128.06, "Plan Rows": 17161, "Plan Width": 24, "Inner Unique": false, "Merge Cond": "(an1.person_id = ci.person_id)", "Plans": [{"Node Type": "Merge Join", "Parent Relationship": "Outer", "Join Type": "Inner", "Startup Cost": 20030754356.47, "Total Cost": 2000026606025.89, "Plan Rows": 16627, "Plan Width": 24, "Inner Unique": true, "Merge Cond": "(an1.person_id = n1.id)", "Plans": [{"Node Type": "Index Scan", "Parent Relationship": "Outer", "Scan Direction": "Forward", "Index Name": "person_id_aka_name", "Relation Name": "aka_name", "Alias": "an1", "Startup Cost": 10000000000.0, "Total Cost": 1000006896503.43, "Plan Rows": 901342, "Plan Width": 20}, {"Node Type": "Materialize", "Parent Relationship": "Inner", "Startup Cost": 10000000000.0, "Total Cost": 1000019707054.42, "Plan Rows": 13886, "Plan Width": 4, "Plans": [{"Node Type": "Index Scan", "Parent Relationship": "Outer", "Scan Direction": "Forward", "Index Name": "name_pkey", "Relation Name": "name", "Alias": "n1", "Startup Cost": 10000000000.0, "Total Cost": 1000019707019.7, "Plan Rows": 13886, "Plan Width": 4, "Filter": "(((name)::text ~~ '%Yo%'::text) AND ((name)::text !~~ '%Yu%'::text))"}]}]}, {"Node Type": "Index Scan", "Parent Relationship": "Inner", "Scan Direction": "Forward", "Index Name": "person_id_cast_info", "Relation Name": "cast_info", "Alias": "ci", "Startup Cost": 10000000000.0, "Total Cost": 1000179713706.71, "Plan Rows": 96692, "Plan Width": 12, "Filter": "((note)::text = '(voice: English version)'::text)"}]}, {"Node Type": "Hash", "Parent Relationship": "Inner", "Startup Cost": 2999076966656.19, "Total Cost": 2999076966656.19, "Plan Rows": 5775, "Plan Width": 25, "Plans": [{"Node Type": "Merge Join", "Parent Relationship": "Outer", "Join Type": "Inner", "Startup Cost": 2010036650504.51, "Total Cost": 2999076966656.19, "Plan Rows": 5775, "Plan Width": 25, "Inner Unique": true, "Merge Cond": "(mc.movie_id = t.id)", "Plans": [{"Node Type": "Sort", "Parent Relationship": "Outer", "Startup Cost": 2000014722578.3, "Total Cost": 2000014722592.74, "Plan Rows": 5775, "Plan Width": 4, "Sort Key": ["mc.movie_id"], "Plans": [{"Node Type": "Merge Join", "Parent Relationship": "Outer", "Join Type": "Inner", "Startup Cost": 45738289886.04, "Total Cost": 2000014722217.49, "Plan Rows": 5775, "Plan Width": 4, "Inner Unique": false, "Merge Cond": "(cn.id = mc.company_id)", "Plans": [{"Node Type": "Index Scan", "Parent Relationship": "Outer", "Scan Direction": "Forward", "Index Name": "company_name_pkey", "Relation Name": "company_name", "Alias": "cn", "Startup Cost": 10000000000.0, "Total Cost": 1000001050138.97, "Plan Rows": 6290, "Plan Width": 4, "Filter": "((country_code)::text = '[jp]'::text)"}, {"Node Type": "Index Scan", "Parent Relationship": "Inner", "Scan Direction": "Forward", "Index Name": "company_id_movie_companies", "Relation Name": "movie_companies", "Alias": "mc", "Startup Cost": 10000000000.0, "Total Cost": 1000013671913.98, "Plan Rows": 36426, "Plan Width": 8, "Filter": "(((note)::text ~~ '%(Japan)%'::text) AND ((note)::text !~~ '%(USA)%'::text))"}]}]}, {"Node Type": "Index Scan", "Parent Relationship": "Inner", "Scan Direction": "Forward", "Index Name": "title_pkey", "Relation Name": "title", "Alias": "t", "Startup Cost": 10000000000.0, "Total Cost": 1000011012048.91, "Plan Rows": 2528311, "Plan Width": 21}]}]}]}, {"Node Type": "Hash", "Parent Relationship": "Inner", "Startup Cost": 1000000001246.0, "Total Cost": 1000000001246.0, "Plan Rows": 1, "Plan Width": 4, "Plans": [{"Node Type": "Index Scan", "Parent Relationship": "Outer", "Scan Direction": "Forward", "Index Name": "role_type_pkey", "Relation Name": "role_type", "Alias": "rt", "Startup Cost": 10000000000.0, "Total Cost": 1000000001246.0, "Plan Rows": 1, "Plan Width": 4, "Filter": "((role)::text = 'actress'::text)"}]}]}]}, "Unique SQL Id": 3544391839, "Planner Runtime": 131}, "explain_analyze_plan": null}, "(1, 80)": {"explain_plan": {"Plan": {"Node Type": "Aggregate", "Strategy": "Plain", "Startup Cost": 93818.54, "Total Cost": 93818.55, "Plan Rows": 1, "Plan Width": 97, "Plans": [{"Node Type": "Nested Loop", "Parent Relationship": "Outer", "Join Type": "Inner", "Startup Cost": 92951.0, "Total Cost": 93815.31, "Plan Rows": 646, "Plan Width": 33, "Inner Unique": true, "Plans": [{"Node Type": "Nested Loop", "Parent Relationship": "Outer", "Join Type": "Inner", "Startup Cost": 92951.0, "Total Cost": 93439.77, "Plan Rows": 645, "Plan Width": 41, "Inner Unique": false, "Plans": [{"Node Type": "Merge Join", "Parent Relationship": "Outer", "Join Type": "Inner", "Startup Cost": 92951.0, "Total Cost": 92985.56, "Plan Rows": 532, "Plan Width": 21, "Inner Unique": false, "Merge Cond": "(rt.id = ci.role_id)", "Plans": [{"Node Type": "Sort", "Parent Relationship": "Outer", "Startup Cost": 1.16, "Total Cost": 1.16, "Plan Rows": 1, "Plan Width": 4, "Sort Key": ["rt.id"], "Plans": [{"Node Type": "Seq Scan", "Parent Relationship": "Outer", "Relation Name": "role_type", "Alias": "rt", "Startup Cost": 0.0, "Total Cost": 1.15, "Plan Rows": 1, "Plan Width": 4, "Filter": "((role)::text = 'actress'::text)"}]}, {"Node Type": "Sort", "Parent Relationship": "Inner", "Startup Cost": 92949.84, "Total Cost": 92964.46, "Plan Rows": 5847, "Plan Width": 25, "Sort Key": ["ci.role_id"], "Plans": [{"Node Type": "Nested Loop", "Parent Relationship": "Outer", "Join Type": "Inner", "Startup Cost": 63927.73, "Total Cost": 92584.01, "Plan Rows": 5847, "Plan Width": 25, "Inner Unique": false, "Plans": [{"Node Type": "Nested Loop", "Parent Relationship": "Outer", "Join Type": "Inner", "Startup Cost": 63927.73, "Total Cost": 86841.41, "Plan Rows": 5775, "Plan Width": 25, "Inner Unique": true, "Plans": [{"Node Type": "Merge Join", "Parent Relationship": "Outer", "Join Type": "Inner", "Startup Cost": 63927.73, "Total Cost": 64194.32, "Plan Rows": 5775, "Plan Width": 4, "Inner Unique": false, "Merge Cond": "(cn.id = mc.company_id)", "Plans": [{"Node Type": "Sort", "Parent Relationship": "Outer", "Startup Cost": 6300.31, "Total Cost": 6316.04, "Plan Rows": 6290, "Plan Width": 4, "Sort Key": ["cn.id"], "Plans": [{"Node Type": "Seq Scan", "Parent Relationship": "Outer", "Relation Name": "company_name", "Alias": "cn", "Startup Cost": 0.0, "Total Cost": 5903.45, "Plan Rows": 6290, "Plan Width": 4, "Filter": "((country_code)::text = '[jp]'::text)"}]}, {"Node Type": "Sort", "Parent Relationship": "Inner", "Startup Cost": 57622.68, "Total Cost": 57713.74, "Plan Rows": 36426, "Plan Width": 8, "Sort Key": ["mc.company_id"], "Plans": [{"Node Type": "Seq Scan", "Parent Relationship": "Outer", "Relation Name": "movie_companies", "Alias": "mc", "Startup Cost": 0.0, "Total Cost": 54862.92, "Plan Rows": 36426, "Plan Width": 8, "Filter": "(((note)::text ~~ '%(Japan)%'::text) AND ((note)::text !~~ '%(USA)%'::text))"}]}]}, {"Node Type": "Index Scan", "Parent Relationship": "Inner", "Scan Direction": "Forward", "Index Name": "title_pkey", "Relation Name": "title", "Alias": "t", "Startup Cost": 0.0, "Total Cost": 3.91, "Plan Rows": 1, "Plan Width": 21, "Index Cond": "(id = mc.movie_id)"}]}, {"Node Type": "Index Scan", "Parent Relationship": "Inner", "Scan Direction": "Forward", "Index Name": "movie_id_cast_info", "Relation Name": "cast_info", "Alias": "ci", "Startup Cost": 0.0, "Total Cost": 0.98, "Plan Rows": 1, "Plan Width": 12, "Index Cond": "(movie_id = t.id)", "Filter": "((note)::text = '(voice: English version)'::text)"}]}]}]}, {"Node Type": "Index Scan", "Parent Relationship": "Inner", "Scan Direction": "Forward", "Index Name": "person_id_aka_name", "Relation Name": "aka_name", "Alias": "an1", "Startup Cost": 0.0, "Total Cost": 0.84, "Plan Rows": 1, "Plan Width": 20, "Index Cond": "(person_id = ci.person_id)"}]}, {"Node Type": "Index Scan", "Parent Relationship": "Inner", "Scan Direction": "Forward", "Index Name": "name_pkey", "Relation Name": "name", "Alias": "n1", "Startup Cost": 0.0, "Total Cost": 0.57, "Plan Rows": 1, "Plan Width": 4, "Index Cond": "(id = an1.person_id)", "Filter": "(((name)::text ~~ '%Yo%'::text) AND ((name)::text !~~ '%Yu%'::text))"}]}]}, "Unique SQL Id": 3544391839, "Planner Runtime": 24}, "explain_analyze_plan": {"Plan": {"Node Type": "Aggregate", "Strategy": "Plain", "Startup Cost": 93818.54, "Total Cost": 93818.55, "Plan Rows": 1, "Plan Width": 97, "Actual Startup Time": 4126.487, "Actual Total Time": 4126.487, "Actual Rows": 1, "Actual Loops": 1, "Plans": [{"Node Type": "Nested Loop", "Parent Relationship": "Outer", "Join Type": "Inner", "Startup Cost": 92951.0, "Total Cost": 93815.31, "Plan Rows": 646, "Plan Width": 33, "Actual Startup Time": 4023.214, "Actual Total Time": 4126.383, "Actual Rows": 62, "Actual Loops": 1, "Inner Unique": true, "Plans": [{"Node Type": "Nested Loop", "Parent Relationship": "Outer", "Join Type": "Inner", "Startup Cost": 92951.0, "Total Cost": 93439.77, "Plan Rows": 645, "Plan Width": 41, "Actual Startup Time": 4020.389, "Actual Total Time": 4061.066, "Actual Rows": 17379, "Actual Loops": 1, "Inner Unique": false, "Plans": [{"Node Type": "Merge Join", "Parent Relationship": "Outer", "Join Type": "Inner", "Startup Cost": 92951.0, "Total Cost": 92985.56, "Plan Rows": 532, "Plan Width": 21, "Actual Startup Time": 4020.35, "Actual Total Time": 4023.876, "Actual Rows": 7438, "Actual Loops": 1, "Inner Unique": false, "Merge Cond": "(rt.id = ci.role_id)", "Plans": [{"Node Type": "Sort", "Parent Relationship": "Outer", "Startup Cost": 1.16, "Total Cost": 1.16, "Plan Rows": 1, "Plan Width": 4, "Actual Startup Time": 0.047, "Actual Total Time": 0.047, "Actual Rows": 1, "Actual Loops": 1, "Sort Key": ["rt.id"], "Sort Method": "quicksort", "Sort Space Used": 25, "Sort Space Type": "Memory", "Plans": [{"Node Type": "Seq Scan", "Parent Relationship": "Outer", "Relation Name": "role_type", "Alias": "rt", "Startup Cost": 0.0, "Total Cost": 1.15, "Plan Rows": 1, "Plan Width": 4, "Actual Startup Time": 0.026, "Actual Total Time": 0.03, "Actual Rows": 1, "Actual Loops": 1, "Filter": "((role)::text = 'actress'::text)", "Rows Removed by Filter": 11}]}, {"Node Type": "Sort", "Parent Relationship": "Inner", "Startup Cost": 92949.84, "Total Cost": 92964.46, "Plan Rows": 5847, "Plan Width": 25, "Actual Startup Time": 4016.786, "Actual Total Time": 4019.613, "Actual Rows": 19600, "Actual Loops": 1, "Sort Key": ["ci.role_id"], "Sort Method": "quicksort", "Sort Space Used": 2817, "Sort Space Type": "Memory", "Plans": [{"Node Type": "Nested Loop", "Parent Relationship": "Outer", "Join Type": "Inner", "Startup Cost": 63927.73, "Total Cost": 92584.01, "Plan Rows": 5847, "Plan Width": 25, "Actual Startup Time": 1052.78, "Actual Total Time": 4009.147, "Actual Rows": 19600, "Actual Loops": 1, "Inner Unique": false, "Plans": [{"Node Type": "Nested Loop", "Parent Relationship": "Outer", "Join Type": "Inner", "Startup Cost": 63927.73, "Total Cost": 86841.41, "Plan Rows": 5775, "Plan Width": 25, "Actual Startup Time": 1052.325, "Actual Total Time": 1376.735, "Actual Rows": 48328, "Actual Loops": 1, "Inner Unique": true, "Plans": [{"Node Type": "Merge Join", "Parent Relationship": "Outer", "Join Type": "Inner", "Startup Cost": 63927.73, "Total Cost": 64194.32, "Plan Rows": 5775, "Plan Width": 4, "Actual Startup Time": 1052.278, "Actual Total Time": 1082.154, "Actual Rows": 48328, "Actual Loops": 1, "Inner Unique": false, "Merge Cond": "(cn.id = mc.company_id)", "Plans": [{"Node Type": "Sort", "Parent Relationship": "Outer", "Startup Cost": 6300.31, "Total Cost": 6316.04, "Plan Rows": 6290, "Plan Width": 4, "Actual Startup Time": 82.123, "Actual Total Time": 82.719, "Actual Rows": 2418, "Actual Loops": 1, "Sort Key": ["cn.id"], "Sort Method": "quicksort", "Sort Space Used": 615, "Sort Space Type": "Memory", "Plans": [{"Node Type": "Seq Scan", "Parent Relationship": "Outer", "Relation Name": "company_name", "Alias": "cn", "Startup Cost": 0.0, "Total Cost": 5903.45, "Plan Rows": 6290, "Plan Width": 4, "Actual Startup Time": 0.025, "Actual Total Time": 79.686, "Actual Rows": 6752, "Actual Loops": 1, "Filter": "((country_code)::text = '[jp]'::text)", "Rows Removed by Filter": 228244}]}, {"Node Type": "Sort", "Parent Relationship": "Inner", "Startup Cost": 57622.68, "Total Cost": 57713.74, "Plan Rows": 36426, "Plan Width": 8, "Actual Startup Time": 970.14, "Actual Total Time": 983.797, "Actual Rows": 48897, "Actual Loops": 1, "Sort Key": ["mc.company_id"], "Sort Method": "quicksort", "Sort Space Used": 4593, "Sort Space Type": "Memory", "Plans": [{"Node Type": "Seq Scan", "Parent Relationship": "Outer", "Relation Name": "movie_companies", "Alias": "mc", "Startup Cost": 0.0, "Total Cost": 54862.92, "Plan Rows": 36426, "Plan Width": 8, "Actual Startup Time": 0.239, "Actual Total Time": 954.33, "Actual Rows": 48897, "Actual Loops": 1, "Filter": "(((note)::text ~~ '%(Japan)%'::text) AND ((note)::text !~~ '%(USA)%'::text))", "Rows Removed by Filter": 2560231}]}]}, {"Node Type": "Index Scan", "Parent Relationship": "Inner", "Scan Direction": "Forward", "Index Name": "title_pkey", "Relation Name": "title", "Alias": "t", "Startup Cost": 0.0, "Total Cost": 3.91, "Plan Rows": 1, "Plan Width": 21, "Actual Startup Time": 254.787, "Actual Total Time": 254.787, "Actual Rows": 48328, "Actual Loops": 48328, "Index Cond": "(id = mc.movie_id)", "Rows Removed by Index Recheck": 0}]}, {"Node Type": "Index Scan", "Parent Relationship": "Inner", "Scan Direction": "Forward", "Index Name": "movie_id_cast_info", "Relation Name": "cast_info", "Alias": "ci", "Startup Cost": 0.0, "Total Cost": 0.98, "Plan Rows": 1, "Plan Width": 12, "Actual Startup Time": 2482.585, "Actual Total Time": 2601.461, "Actual Rows": 19600, "Actual Loops": 48328, "Index Cond": "(movie_id = t.id)", "Rows Removed by Index Recheck": 0, "Filter": "((note)::text = '(voice: English version)'::text)", "Rows Removed by Filter": 1531710}]}]}]}, {"Node Type": "Index Scan", "Parent Relationship": "Inner", "Scan Direction": "Forward", "Index Name": "person_id_aka_name", "Relation Name": "aka_name", "Alias": "an1", "Startup Cost": 0.0, "Total Cost": 0.84, "Plan Rows": 1, "Plan Width": 20, "Actual Startup Time": 22.648, "Actual Total Time": 29.382, "Actual Rows": 17379, "Actual Loops": 7438, "Index Cond": "(person_id = ci.person_id)", "Rows Removed by Index Recheck": 0}]}, {"Node Type": "Index Scan", "Parent Relationship": "Inner", "Scan Direction": "Forward", "Index Name": "name_pkey", "Relation Name": "name", "Alias": "n1", "Startup Cost": 0.0, "Total Cost": 0.57, "Plan Rows": 1, "Plan Width": 4, "Actual Startup Time": 57.282, "Actual Total Time": 57.282, "Actual Rows": 62, "Actual Loops": 17379, "Index Cond": "(id = an1.person_id)", "Rows Removed by Index Recheck": 0, "Filter": "(((name)::text ~~ '%Yo%'::text) AND ((name)::text !~~ '%Yu%'::text))", "Rows Removed by Filter": 17317}]}]}, "Triggers": [], "Planner Runtime": 25, "Total Runtime": 4126.863, "Unique SQL Id": 3544391839}}, "(1, 81)": {"explain_plan": {"Plan": {"Node Type": "Aggregate", "Strategy": "Plain", "Startup Cost": 111152.55, "Total Cost": 111152.56, "Plan Rows": 1, "Plan Width": 97, "Plans": [{"Node Type": "Nested Loop", "Parent Relationship": "Outer", "Join Type": "Inner", "Startup Cost": 110275.3, "Total Cost": 111152.07, "Plan Rows": 96, "Plan Width": 33, "Inner Unique": true, "Plans": [{"Node Type": "Nested Loop", "Parent Relationship": "Outer", "Join Type": "Inner", "Startup Cost": 110275.3, "Total Cost": 110776.53, "Plan Rows": 645, "Plan Width": 41, "Inner Unique": false, "Plans": [{"Node Type": "Merge Join", "Parent Relationship": "Outer", "Join Type": "Inner", "Startup Cost": 110275.3, "Total Cost": 110322.31, "Plan Rows": 532, "Plan Width": 21, "Inner Unique": false, "Merge Cond": "(rt.id = ci.role_id)", "Plans": [{"Node Type": "Index Scan", "Parent Relationship": "Outer", "Scan Direction": "Forward", "Index Name": "role_type_pkey", "Relation Name": "role_type", "Alias": "rt", "Startup Cost": 0.0, "Total Cost": 12.46, "Plan Rows": 1, "Plan Width": 4, "Filter": "((role)::text = 'actress'::text)"}, {"Node Type": "Sort", "Parent Relationship": "Inner", "Startup Cost": 110275.3, "Total Cost": 110289.91, "Plan Rows": 5847, "Plan Width": 25, "Sort Key": ["ci.role_id"], "Plans": [{"Node Type": "Nested Loop", "Parent Relationship": "Outer", "Join Type": "Inner", "Startup Cost": 0.0, "Total Cost": 109909.47, "Plan Rows": 5847, "Plan Width": 25, "Inner Unique": false, "Plans": [{"Node Type": "Nested Loop", "Parent Relationship": "Outer", "Join Type": "Inner", "Startup Cost": 0.0, "Total Cost": 104166.87, "Plan Rows": 5775, "Plan Width": 25, "Inner Unique": true, "Plans": [{"Node Type": "Nested Loop", "Parent Relationship": "Outer", "Join Type": "Inner", "Startup Cost": 0.0, "Total Cost": 81519.78, "Plan Rows": 5775, "Plan Width": 4, "Inner Unique": false, "Plans": [{"Node Type": "Index Scan", "Parent Relationship": "Outer", "Scan Direction": "Forward", "Index Name": "company_name_pkey", "Relation Name": "company_name", "Alias": "cn", "Startup Cost": 0.0, "Total Cost": 10501.39, "Plan Rows": 6290, "Plan Width": 4, "Filter": "((country_code)::text = '[jp]'::text)"}, {"Node Type": "Index Scan", "Parent Relationship": "Inner", "Scan Direction": "Forward", "Index Name": "company_id_movie_companies", "Relation Name": "movie_companies", "Alias": "mc", "Startup Cost": 0.0, "Total Cost": 11.28, "Plan Rows": 1, "Plan Width": 8, "Index Cond": "(company_id = cn.id)", "Filter": "(((note)::text ~~ '%(Japan)%'::text) AND ((note)::text !~~ '%(USA)%'::text))"}]}, {"Node Type": "Index Scan", "Parent Relationship": "Inner", "Scan Direction": "Forward", "Index Name": "title_pkey", "Relation Name": "title", "Alias": "t", "Startup Cost": 0.0, "Total Cost": 3.91, "Plan Rows": 1, "Plan Width": 21, "Index Cond": "(id = mc.movie_id)"}]}, {"Node Type": "Index Scan", "Parent Relationship": "Inner", "Scan Direction": "Forward", "Index Name": "movie_id_cast_info", "Relation Name": "cast_info", "Alias": "ci", "Startup Cost": 0.0, "Total Cost": 0.98, "Plan Rows": 1, "Plan Width": 12, "Index Cond": "(movie_id = t.id)", "Filter": "((note)::text = '(voice: English version)'::text)"}]}]}]}, {"Node Type": "Index Scan", "Parent Relationship": "Inner", "Scan Direction": "Forward", "Index Name": "person_id_aka_name", "Relation Name": "aka_name", "Alias": "an1", "Startup Cost": 0.0, "Total Cost": 0.84, "Plan Rows": 1, "Plan Width": 20, "Index Cond": "(person_id = ci.person_id)"}]}, {"Node Type": "Index Scan", "Parent Relationship": "Inner", "Scan Direction": "Forward", "Index Name": "name_pkey", "Relation Name": "name", "Alias": "n1", "Startup Cost": 0.0, "Total Cost": 0.57, "Plan Rows": 1, "Plan Width": 4, "Index Cond": "(id = an1.person_id)", "Filter": "(((name)::text ~~ '%Yo%'::text) AND ((name)::text !~~ '%Yu%'::text))"}]}]}, "Unique SQL Id": 3544391839, "Planner Runtime": 27}, "explain_analyze_plan": {"Plan": {"Node Type": "Aggregate", "Strategy": "Plain", "Startup Cost": 111152.55, "Total Cost": 111152.56, "Plan Rows": 1, "Plan Width": 97, "Actual Startup Time": 3625.815, "Actual Total Time": 3625.816, "Actual Rows": 1, "Actual Loops": 1, "Plans": [{"Node Type": "Nested Loop", "Parent Relationship": "Outer", "Join Type": "Inner", "Startup Cost": 110275.3, "Total Cost": 111152.07, "Plan Rows": 96, "Plan Width": 33, "Actual Startup Time": 3512.958, "Actual Total Time": 3625.719, "Actual Rows": 62, "Actual Loops": 1, "Inner Unique": true, "Plans": [{"Node Type": "Nested Loop", "Parent Relationship": "Outer", "Join Type": "Inner", "Startup Cost": 110275.3, "Total Cost": 110776.53, "Plan Rows": 645, "Plan Width": 41, "Actual Startup Time": 3511.731, "Actual Total Time": 3556.463, "Actual Rows": 17379, "Actual Loops": 1, "Inner Unique": false, "Plans": [{"Node Type": "Merge Join", "Parent Relationship": "Outer", "Join Type": "Inner", "Startup Cost": 110275.3, "Total Cost": 110322.31, "Plan Rows": 532, "Plan Width": 21, "Actual Startup Time": 3511.701, "Actual Total Time": 3515.421, "Actual Rows": 7438, "Actual Loops": 1, "Inner Unique": false, "Merge Cond": "(rt.id = ci.role_id)", "Plans": [{"Node Type": "Index Scan", "Parent Relationship": "Outer", "Scan Direction": "Forward", "Index Name": "role_type_pkey", "Relation Name": "role_type", "Alias": "rt", "Startup Cost": 0.0, "Total Cost": 12.46, "Plan Rows": 1, "Plan Width": 4, "Actual Startup Time": 0.023, "Actual Total Time": 0.037, "Actual Rows": 1, "Actual Loops": 1, "Filter": "((role)::text = 'actress'::text)", "Rows Removed by Filter": 11}, {"Node Type": "Sort", "Parent Relationship": "Inner", "Startup Cost": 110275.3, "Total Cost": 110289.91, "Plan Rows": 5847, "Plan Width": 25, "Actual Startup Time": 3507.459, "Actual Total Time": 3510.948, "Actual Rows": 19600, "Actual Loops": 1, "Sort Key": ["ci.role_id"], "Sort Method": "quicksort", "Sort Space Used": 2817, "Sort Space Type": "Memory", "Plans": [{"Node Type": "Nested Loop", "Parent Relationship": "Outer", "Join Type": "Inner", "Startup Cost": 0.0, "Total Cost": 109909.47, "Plan Rows": 5847, "Plan Width": 25, "Actual Startup Time": 0.245, "Actual Total Time": 3499.492, "Actual Rows": 19600, "Actual Loops": 1, "Inner Unique": false, "Plans": [{"Node Type": "Nested Loop", "Parent Relationship": "Outer", "Join Type": "Inner", "Startup Cost": 0.0, "Total Cost": 104166.87, "Plan Rows": 5775, "Plan Width": 25, "Actual Startup Time": 0.194, "Actual Total Time": 830.736, "Actual Rows": 48328, "Actual Loops": 1, "Inner Unique": true, "Plans": [{"Node Type": "Nested Loop", "Parent Relationship": "Outer", "Join Type": "Inner", "Startup Cost": 0.0, "Total Cost": 81519.78, "Plan Rows": 5775, "Plan Width": 4, "Actual Startup Time": 0.185, "Actual Total Time": 542.834, "Actual Rows": 48328, "Actual Loops": 1, "Inner Unique": false, "Plans": [{"Node Type": "Index Scan", "Parent Relationship": "Outer", "Scan Direction": "Forward", "Index Name": "company_name_pkey", "Relation Name": "company_name", "Alias": "cn", "Startup Cost": 0.0, "Total Cost": 10501.39, "Plan Rows": 6290, "Plan Width": 4, "Actual Startup Time": 0.15, "Actual Total Time": 324.32, "Actual Rows": 6752, "Actual Loops": 1, "Filter": "((country_code)::text = '[jp]'::text)", "Rows Removed by Filter": 228244}, {"Node Type": "Index Scan", "Parent Relationship": "Inner", "Scan Direction": "Forward", "Index Name": "company_id_movie_companies", "Relation Name": "movie_companies", "Alias": "mc", "Startup Cost": 0.0, "Total Cost": 11.28, "Plan Rows": 1, "Plan Width": 8, "Actual Startup Time": 58.672, "Actual Total Time": 202.575, "Actual Rows": 48328, "Actual Loops": 6752, "Index Cond": "(company_id = cn.id)", "Rows Removed by Index Recheck": 0, "Filter": "(((note)::text ~~ '%(Japan)%'::text) AND ((note)::text !~~ '%(USA)%'::text))", "Rows Removed by Filter": 56667}]}, {"Node Type": "Index Scan", "Parent Relationship": "Inner", "Scan Direction": "Forward", "Index Name": "title_pkey", "Relation Name": "title", "Alias": "t", "Startup Cost": 0.0, "Total Cost": 3.91, "Plan Rows": 1, "Plan Width": 21, "Actual Startup Time": 246.311, "Actual Total Time": 246.311, "Actual Rows": 48328, "Actual Loops": 48328, "Index Cond": "(id = mc.movie_id)", "Rows Removed by Index Recheck": 0}]}, {"Node Type": "Index Scan", "Parent Relationship": "Inner", "Scan Direction": "Forward", "Index Name": "movie_id_cast_info", "Relation Name": "cast_info", "Alias": "ci", "Startup Cost": 0.0, "Total Cost": 0.98, "Plan Rows": 1, "Plan Width": 12, "Actual Startup Time": 2514.594, "Actual Total Time": 2637.894, "Actual Rows": 19600, "Actual Loops": 48328, "Index Cond": "(movie_id = t.id)", "Rows Removed by Index Recheck": 0, "Filter": "((note)::text = '(voice: English version)'::text)", "Rows Removed by Filter": 1531710}]}]}]}, {"Node Type": "Index Scan", "Parent Relationship": "Inner", "Scan Direction": "Forward", "Index Name": "person_id_aka_name", "Relation Name": "aka_name", "Alias": "an1", "Startup Cost": 0.0, "Total Cost": 0.84, "Plan Rows": 1, "Plan Width": 20, "Actual Startup Time": 25.908, "Actual Total Time": 33.28, "Actual Rows": 17379, "Actual Loops": 7438, "Index Cond": "(person_id = ci.person_id)", "Rows Removed by Index Recheck": 0}]}, {"Node Type": "Index Scan", "Parent Relationship": "Inner", "Scan Direction": "Forward", "Index Name": "name_pkey", "Relation Name": "name", "Alias": "n1", "Startup Cost": 0.0, "Total Cost": 0.57, "Plan Rows": 1, "Plan Width": 4, "Actual Startup Time": 61.05, "Actual Total Time": 61.05, "Actual Rows": 62, "Actual Loops": 17379, "Index Cond": "(id = an1.person_id)", "Rows Removed by Index Recheck": 0, "Filter": "(((name)::text ~~ '%Yo%'::text) AND ((name)::text !~~ '%Yu%'::text))", "Rows Removed by Filter": 17317}]}]}, "Triggers": [], "Planner Runtime": 26, "Total Runtime": 3626.268, "Unique SQL Id": 3544391839}}, "(1, 82)": {"explain_plan": {"Plan": {"Node Type": "Aggregate", "Strategy": "Plain", "Startup Cost": 126994.42, "Total Cost": 126994.43, "Plan Rows": 1, "Plan Width": 97, "Plans": [{"Node Type": "Nested Loop", "Parent Relationship": "Outer", "Join Type": "Inner", "Startup Cost": 121806.19, "Total Cost": 126991.19, "Plan Rows": 646, "Plan Width": 33, "Inner Unique": true, "Plans": [{"Node Type": "Nested Loop", "Parent Relationship": "Outer", "Join Type": "Inner", "Startup Cost": 121805.86, "Total Cost": 124182.61, "Plan Rows": 645, "Plan Width": 41, "Inner Unique": false, "Plans": [{"Node Type": "Merge Join", "Parent Relationship": "Outer", "Join Type": "Inner", "Startup Cost": 121805.48, "Total Cost": 121840.04, "Plan Rows": 532, "Plan Width": 21, "Inner Unique": false, "Merge Cond": "(rt.id = ci.role_id)", "Plans": [{"Node Type": "Sort", "Parent Relationship": "Outer", "Startup Cost": 1.16, "Total Cost": 1.16, "Plan Rows": 1, "Plan Width": 4, "Sort Key": ["rt.id"], "Plans": [{"Node Type": "Seq Scan", "Parent Relationship": "Outer", "Relation Name": "role_type", "Alias": "rt", "Startup Cost": 0.0, "Total Cost": 1.15, "Plan Rows": 1, "Plan Width": 4, "Filter": "((role)::text = 'actress'::text)"}]}, {"Node Type": "Sort", "Parent Relationship": "Inner", "Startup Cost": 121804.32, "Total Cost": 121818.94, "Plan Rows": 5847, "Plan Width": 25, "Sort Key": ["ci.role_id"], "Plans": [{"Node Type": "Nested Loop", "Parent Relationship": "Outer", "Join Type": "Inner", "Startup Cost": 63929.52, "Total Cost": 121438.49, "Plan Rows": 5847, "Plan Width": 25, "Inner Unique": false, "Plans": [{"Node Type": "Nested Loop", "Parent Relationship": "Outer", "Join Type": "Inner", "Startup Cost": 63929.0, "Total Cost": 94780.67, "Plan Rows": 5775, "Plan Width": 25, "Inner Unique": true, "Plans": [{"Node Type": "Merge Join", "Parent Relationship": "Outer", "Join Type": "Inner", "Startup Cost": 63927.73, "Total Cost": 64194.32, "Plan Rows": 5775, "Plan Width": 4, "Inner Unique": false, "Merge Cond": "(cn.id = mc.company_id)", "Plans": [{"Node Type": "Sort", "Parent Relationship": "Outer", "Startup Cost": 6300.31, "Total Cost": 6316.04, "Plan Rows": 6290, "Plan Width": 4, "Sort Key": ["cn.id"], "Plans": [{"Node Type": "Seq Scan", "Parent Relationship": "Outer", "Relation Name": "company_name", "Alias": "cn", "Startup Cost": 0.0, "Total Cost": 5903.45, "Plan Rows": 6290, "Plan Width": 4, "Filter": "((country_code)::text = '[jp]'::text)"}]}, {"Node Type": "Sort", "Parent Relationship": "Inner", "Startup Cost": 57622.68, "Total Cost": 57713.74, "Plan Rows": 36426, "Plan Width": 8, "Sort Key": ["mc.company_id"], "Plans": [{"Node Type": "Seq Scan", "Parent Relationship": "Outer", "Relation Name": "movie_companies", "Alias": "mc", "Startup Cost": 0.0, "Total Cost": 54862.92, "Plan Rows": 36426, "Plan Width": 8, "Filter": "(((note)::text ~~ '%(Japan)%'::text) AND ((note)::text !~~ '%(USA)%'::text))"}]}]}, {"Node Type": "Bitmap Heap Scan", "Parent Relationship": "Inner", "Relation Name": "title", "Alias": "t", "Startup Cost": 1.27, "Total Cost": 5.29, "Plan Rows": 1, "Plan Width": 21, "Recheck Cond": "(id = mc.movie_id)", "Plans": [{"Node Type": "Bitmap Index Scan", "Parent Relationship": "Outer", "Index Name": "title_pkey", "Startup Cost": 0.0, "Total Cost": 1.27, "Plan Rows": 1, "Plan Width": 0, "Index Cond": "(id = mc.movie_id)"}]}]}, {"Node Type": "Bitmap Heap Scan", "Parent Relationship": "Inner", "Relation Name": "cast_info", "Alias": "ci", "Startup Cost": 0.52, "Total Cost": 4.61, "Plan Rows": 1, "Plan Width": 12, "Recheck Cond": "(movie_id = t.id)", "Filter": "((note)::text = '(voice: English version)'::text)", "Plans": [{"Node Type": "Bitmap Index Scan", "Parent Relationship": "Outer", "Index Name": "movie_id_cast_info", "Startup Cost": 0.0, "Total Cost": 0.52, "Plan Rows": 6, "Plan Width": 0, "Index Cond": "(movie_id = t.id)"}]}]}]}]}, {"Node Type": "Bitmap Heap Scan", "Parent Relationship": "Inner", "Relation Name": "aka_name", "Alias": "an1", "Startup Cost": 0.38, "Total Cost": 4.39, "Plan Rows": 1, "Plan Width": 20, "Recheck Cond": "(person_id = ci.person_id)", "Plans": [{"Node Type": "Bitmap Index Scan", "Parent Relationship": "Outer", "Index Name": "person_id_aka_name", "Startup Cost": 0.0, "Total Cost": 0.38, "Plan Rows": 1, "Plan Width": 0, "Index Cond": "(person_id = ci.person_id)"}]}]}, {"Node Type": "Bitmap Heap Scan", "Parent Relationship": "Inner", "Relation Name": "name", "Alias": "n1", "Startup Cost": 0.33, "Total Cost": 4.34, "Plan Rows": 1, "Plan Width": 4, "Recheck Cond": "(id = an1.person_id)", "Filter": "(((name)::text ~~ '%Yo%'::text) AND ((name)::text !~~ '%Yu%'::text))", "Plans": [{"Node Type": "Bitmap Index Scan", "Parent Relationship": "Outer", "Index Name": "name_pkey", "Startup Cost": 0.0, "Total Cost": 0.33, "Plan Rows": 1, "Plan Width": 0, "Index Cond": "(id = an1.person_id)"}]}]}]}, "Unique SQL Id": 3544391839, "Planner Runtime": 23}, "explain_analyze_plan": {"Plan": {"Node Type": "Aggregate", "Strategy": "Plain", "Startup Cost": 126994.42, "Total Cost": 126994.43, "Plan Rows": 1, "Plan Width": 97, "Actual Startup Time": 4883.534, "Actual Total Time": 4883.535, "Actual Rows": 1, "Actual Loops": 1, "Plans": [{"Node Type": "Nested Loop", "Parent Relationship": "Outer", "Join Type": "Inner", "Startup Cost": 121806.19, "Total Cost": 126991.19, "Plan Rows": 646, "Plan Width": 33, "Actual Startup Time": 4741.093, "Actual Total Time": 4883.398, "Actual Rows": 62, "Actual Loops": 1, "Inner Unique": true, "Plans": [{"Node Type": "Nested Loop", "Parent Relationship": "Outer", "Join Type": "Inner", "Startup Cost": 121805.86, "Total Cost": 124182.61, "Plan Rows": 645, "Plan Width": 41, "Actual Startup Time": 4737.303, "Actual Total Time": 4791.859, "Actual Rows": 17379, "Actual Loops": 1, "Inner Unique": false, "Plans": [{"Node Type": "Merge Join", "Parent Relationship": "Outer", "Join Type": "Inner", "Startup Cost": 121805.48, "Total Cost": 121840.04, "Plan Rows": 532, "Plan Width": 21, "Actual Startup Time": 4737.265, "Actual Total Time": 4740.881, "Actual Rows": 7438, "Actual Loops": 1, "Inner Unique": false, "Merge Cond": "(rt.id = ci.role_id)", "Plans": [{"Node Type": "Sort", "Parent Relationship": "Outer", "Startup Cost": 1.16, "Total Cost": 1.16, "Plan Rows": 1, "Plan Width": 4, "Actual Startup Time": 0.048, "Actual Total Time": 0.048, "Actual Rows": 1, "Actual Loops": 1, "Sort Key": ["rt.id"], "Sort Method": "quicksort", "Sort Space Used": 25, "Sort Space Type": "Memory", "Plans": [{"Node Type": "Seq Scan", "Parent Relationship": "Outer", "Relation Name": "role_type", "Alias": "rt", "Startup Cost": 0.0, "Total Cost": 1.15, "Plan Rows": 1, "Plan Width": 4, "Actual Startup Time": 0.027, "Actual Total Time": 0.031, "Actual Rows": 1, "Actual Loops": 1, "Filter": "((role)::text = 'actress'::text)", "Rows Removed by Filter": 11}]}, {"Node Type": "Sort", "Parent Relationship": "Inner", "Startup Cost": 121804.32, "Total Cost": 121818.94, "Plan Rows": 5847, "Plan Width": 25, "Actual Startup Time": 4733.97, "Actual Total Time": 4736.596, "Actual Rows": 19600, "Actual Loops": 1, "Sort Key": ["ci.role_id"], "Sort Method": "quicksort", "Sort Space Used": 2817, "Sort Space Type": "Memory", "Plans": [{"Node Type": "Nested Loop", "Parent Relationship": "Outer", "Join Type": "Inner", "Startup Cost": 63929.52, "Total Cost": 121438.49, "Plan Rows": 5847, "Plan Width": 25, "Actual Startup Time": 1047.912, "Actual Total Time": 4726.363, "Actual Rows": 19600, "Actual Loops": 1, "Inner Unique": false, "Plans": [{"Node Type": "Nested Loop", "Parent Relationship": "Outer", "Join Type": "Inner", "Startup Cost": 63929.0, "Total Cost": 94780.67, "Plan Rows": 5775, "Plan Width": 25, "Actual Startup Time": 1047.336, "Actual Total Time": 1463.375, "Actual Rows": 48328, "Actual Loops": 1, "Inner Unique": true, "Plans": [{"Node Type": "Merge Join", "Parent Relationship": "Outer", "Join Type": "Inner", "Startup Cost": 63927.73, "Total Cost": 64194.32, "Plan Rows": 5775, "Plan Width": 4, "Actual Startup Time": 1047.275, "Actual Total Time": 1079.282, "Actual Rows": 48328, "Actual Loops": 1, "Inner Unique": false, "Merge Cond": "(cn.id = mc.company_id)", "Plans": [{"Node Type": "Sort", "Parent Relationship": "Outer", "Startup Cost": 6300.31, "Total Cost": 6316.04, "Plan Rows": 6290, "Plan Width": 4, "Actual Startup Time": 83.611, "Actual Total Time": 84.362, "Actual Rows": 2418, "Actual Loops": 1, "Sort Key": ["cn.id"], "Sort Method": "quicksort", "Sort Space Used": 615, "Sort Space Type": "Memory", "Plans": [{"Node Type": "Seq Scan", "Parent Relationship": "Outer", "Relation Name": "company_name", "Alias": "cn", "Startup Cost": 0.0, "Total Cost": 5903.45, "Plan Rows": 6290, "Plan Width": 4, "Actual Startup Time": 0.026, "Actual Total Time": 80.959, "Actual Rows": 6752, "Actual Loops": 1, "Filter": "((country_code)::text = '[jp]'::text)", "Rows Removed by Filter": 228244}]}, {"Node Type": "Sort", "Parent Relationship": "Inner", "Startup Cost": 57622.68, "Total Cost": 57713.74, "Plan Rows": 36426, "Plan Width": 8, "Actual Startup Time": 963.649, "Actual Total Time": 976.197, "Actual Rows": 48897, "Actual Loops": 1, "Sort Key": ["mc.company_id"], "Sort Method": "quicksort", "Sort Space Used": 4593, "Sort Space Type": "Memory", "Plans": [{"Node Type": "Seq Scan", "Parent Relationship": "Outer", "Relation Name": "movie_companies", "Alias": "mc", "Startup Cost": 0.0, "Total Cost": 54862.92, "Plan Rows": 36426, "Plan Width": 8, "Actual Startup Time": 0.243, "Actual Total Time": 948.169, "Actual Rows": 48897, "Actual Loops": 1, "Filter": "(((note)::text ~~ '%(Japan)%'::text) AND ((note)::text !~~ '%(USA)%'::text))", "Rows Removed by Filter": 2560231}]}]}, {"Node Type": "Bitmap Heap Scan", "Parent Relationship": "Inner", "Relation Name": "title", "Alias": "t", "Startup Cost": 1.27, "Total Cost": 5.29, "Plan Rows": 1, "Plan Width": 21, "Actual Startup Time": 301.922, "Actual Total Time": 301.922, "Actual Rows": 48328, "Actual Loops": 48328, "Recheck Cond": "(id = mc.movie_id)", "Rows Removed by Index Recheck": 0, "Exact Heap Blocks": 48328, "Lossy Heap Blocks": 48328, "Plans": [{"Node Type": "Bitmap Index Scan", "Parent Relationship": "Outer", "Index Name": "title_pkey", "Startup Cost": 0.0, "Total Cost": 1.27, "Plan Rows": 1, "Plan Width": 0, "Actual Startup Time": 186.215, "Actual Total Time": 186.215, "Actual Rows": 48328, "Actual Loops": 48328, "Index Cond": "(id = mc.movie_id)"}]}]}, {"Node Type": "Bitmap Heap Scan", "Parent Relationship": "Inner", "Relation Name": "cast_info", "Alias": "ci", "Startup Cost": 0.52, "Total Cost": 4.61, "Plan Rows": 1, "Plan Width": 12, "Actual Startup Time": 3057.267, "Actual Total Time": 3188.748, "Actual Rows": 19600, "Actual Loops": 48328, "Recheck Cond": "(movie_id = t.id)", "Rows Removed by Index Recheck": 0, "Filter": "((note)::text = '(voice: English version)'::text)", "Rows Removed by Filter": 1531710, "Exact Heap Blocks": 1503105, "Lossy Heap Blocks": 1503105, "Plans": [{"Node Type": "Bitmap Index Scan", "Parent Relationship": "Outer", "Index Name": "movie_id_cast_info", "Startup Cost": 0.0, "Total Cost": 0.52, "Plan Rows": 6, "Plan Width": 0, "Actual Startup Time": 487.782, "Actual Total Time": 487.782, "Actual Rows": 1551310, "Actual Loops": 48328, "Index Cond": "(movie_id = t.id)"}]}]}]}]}, {"Node Type": "Bitmap Heap Scan", "Parent Relationship": "Inner", "Relation Name": "aka_name", "Alias": "an1", "Startup Cost": 0.38, "Total Cost": 4.39, "Plan Rows": 1, "Plan Width": 20, "Actual Startup Time": 34.169, "Actual Total Time": 38.474, "Actual Rows": 17379, "Actual Loops": 7438, "Recheck Cond": "(person_id = ci.person_id)", "Rows Removed by Index Recheck": 0, "Exact Heap Blocks": 6514, "Lossy Heap Blocks": 6514, "Plans": [{"Node Type": "Bitmap Index Scan", "Parent Relationship": "Outer", "Index Name": "person_id_aka_name", "Startup Cost": 0.0, "Total Cost": 0.38, "Plan Rows": 1, "Plan Width": 0, "Actual Startup Time": 22.65, "Actual Total Time": 22.65, "Actual Rows": 17379, "Actual Loops": 7438, "Index Cond": "(person_id = ci.person_id)"}]}]}, {"Node Type": "Bitmap Heap Scan", "Parent Relationship": "Inner", "Relation Name": "name", "Alias": "n1", "Startup Cost": 0.33, "Total Cost": 4.34, "Plan Rows": 1, "Plan Width": 4, "Actual Startup Time": 72.405, "Actual Total Time": 72.405, "Actual Rows": 62, "Actual Loops": 17379, "Recheck Cond": "(id = an1.person_id)", "Rows Removed by Index Recheck": 0, "Filter": "(((name)::text ~~ '%Yo%'::text) AND ((name)::text !~~ '%Yu%'::text))", "Rows Removed by Filter": 17317, "Exact Heap Blocks": 17379, "Lossy Heap Blocks": 17379, "Plans": [{"Node Type": "Bitmap Index Scan", "Parent Relationship": "Outer", "Index Name": "name_pkey", "Startup Cost": 0.0, "Total Cost": 0.33, "Plan Rows": 1, "Plan Width": 0, "Actual Startup Time": 41.907, "Actual Total Time": 41.907, "Actual Rows": 17379, "Actual Loops": 17379, "Index Cond": "(id = an1.person_id)"}]}]}]}, "Triggers": [], "Planner Runtime": 22, "Total Runtime": 4883.904, "Unique SQL Id": 3544391839}}, "(1, 83)": {"explain_plan": {"Plan": {"Node Type": "Aggregate", "Strategy": "Plain", "Startup Cost": 1000012228445.06, "Total Cost": 1000012228445.07, "Plan Rows": 1, "Plan Width": 97, "Plans": [{"Node Type": "Nested Loop", "Parent Relationship": "Outer", "Join Type": "Inner", "Startup Cost": 10000000003.19, "Total Cost": 1000012228445.0, "Plan Rows": 12, "Plan Width": 33, "Inner Unique": true, "Plans": [{"Node Type": "Nested Loop", "Parent Relationship": "Outer", "Join Type": "Inner", "Startup Cost": 10000000002.87, "Total Cost": 1000012225636.42, "Plan Rows": 645, "Plan Width": 41, "Inner Unique": true, "Plans": [{"Node Type": "Nested Loop", "Parent Relationship": "Outer", "Join Type": "Inner", "Startup Cost": 10000000002.23, "Total Cost": 1000012222628.77, "Plan Rows": 645, "Plan Width": 32, "Inner Unique": true, "Plans": [{"Node Type": "Nested Loop", "Parent Relationship": "Outer", "Join Type": "Inner", "Startup Cost": 10000000001.92, "Total Cost": 1000012205100.96, "Plan Rows": 4051, "Plan Width": 36, "Inner Unique": false, "Plans": [{"Node Type": "Nested Loop", "Parent Relationship": "Outer", "Join Type": "Inner", "Startup Cost": 10000000001.26, "Total Cost": 1000012155572.17, "Plan Rows": 10524, "Plan Width": 28, "Inner Unique": true, "Plans": [{"Node Type": "Nested Loop", "Parent Relationship": "Outer", "Join Type": "Inner", "Startup Cost": 10000000001.0, "Total Cost": 1000011659757.19, "Plan Rows": 115768, "Plan Width": 32, "Inner Unique": false, "Plans": [{"Node Type": "Index Scan", "Parent Relationship": "Outer", "Scan Direction": "Forward", "Index Name": "person_id_aka_name", "Relation Name": "aka_name", "Alias": "an1", "Startup Cost": 10000000000.0, "Total Cost": 1000006896503.43, "Plan Rows": 901342, "Plan Width": 20}, {"Node Type": "Bitmap Heap Scan", "Parent Relationship": "Inner", "Relation Name": "cast_info", "Alias": "ci", "Startup Cost": 1.0, "Total Cost": 5.27, "Plan Rows": 1, "Plan Width": 12, "Recheck Cond": "(person_id = an1.person_id)", "Filter": "((note)::text = '(voice: English version)'::text)", "Plans": [{"Node Type": "Bitmap Index Scan", "Parent Relationship": "Outer", "Index Name": "person_id_cast_info", "Startup Cost": 0.0, "Total Cost": 1.0, "Plan Rows": 18, "Plan Width": 0, "Index Cond": "(person_id = an1.person_id)"}]}]}, {"Node Type": "Bitmap Heap Scan", "Parent Relationship": "Inner", "Relation Name": "role_type", "Alias": "rt", "Startup Cost": 0.26, "Total Cost": 4.27, "Plan Rows": 1, "Plan Width": 4, "Recheck Cond": "(id = ci.role_id)", "Filter": "((role)::text = 'actress'::text)", "Plans": [{"Node Type": "Bitmap Index Scan", "Parent Relationship": "Outer", "Index Name": "role_type_pkey", "Startup Cost": 0.0, "Total Cost": 0.26, "Plan Rows": 1, "Plan Width": 0, "Index Cond": "(id = ci.role_id)"}]}]}, {"Node Type": "Bitmap Heap Scan", "Parent Relationship": "Inner", "Relation Name": "movie_companies", "Alias": "mc", "Startup Cost": 0.66, "Total Cost": 4.7, "Plan Rows": 1, "Plan Width": 8, "Recheck Cond": "(movie_id = ci.movie_id)", "Filter": "(((note)::text ~~ '%(Japan)%'::text) AND ((note)::text !~~ '%(USA)%'::text))", "Plans": [{"Node Type": "Bitmap Index Scan", "Parent Relationship": "Outer", "Index Name": "movie_id_movie_companies", "Startup Cost": 0.0, "Total Cost": 0.66, "Plan Rows": 2, "Plan Width": 0, "Index Cond": "(movie_id = ci.movie_id)"}]}]}, {"Node Type": "Bitmap Heap Scan", "Parent Relationship": "Inner", "Relation Name": "company_name", "Alias": "cn", "Startup Cost": 0.3, "Total Cost": 4.32, "Plan Rows": 1, "Plan Width": 4, "Recheck Cond": "(id = mc.company_id)", "Filter": "((country_code)::text = '[jp]'::text)", "Plans": [{"Node Type": "Bitmap Index Scan", "Parent Relationship": "Outer", "Index Name": "company_name_pkey", "Startup Cost": 0.0, "Total Cost": 0.3, "Plan Rows": 1, "Plan Width": 0, "Index Cond": "(id = mc.company_id)"}]}]}, {"Node Type": "Bitmap Heap Scan", "Parent Relationship": "Inner", "Relation Name": "title", "Alias": "t", "Startup Cost": 0.64, "Total Cost": 4.65, "Plan Rows": 1, "Plan Width": 21, "Recheck Cond": "(id = ci.movie_id)", "Plans": [{"Node Type": "Bitmap Index Scan", "Parent Relationship": "Outer", "Index Name": "title_pkey", "Startup Cost": 0.0, "Total Cost": 0.64, "Plan Rows": 1, "Plan Width": 0, "Index Cond": "(id = ci.movie_id)"}]}]}, {"Node Type": "Bitmap Heap Scan", "Parent Relationship": "Inner", "Relation Name": "name", "Alias": "n1", "Startup Cost": 0.33, "Total Cost": 4.34, "Plan Rows": 1, "Plan Width": 4, "Recheck Cond": "(id = an1.person_id)", "Filter": "(((name)::text ~~ '%Yo%'::text) AND ((name)::text !~~ '%Yu%'::text))", "Plans": [{"Node Type": "Bitmap Index Scan", "Parent Relationship": "Outer", "Index Name": "name_pkey", "Startup Cost": 0.0, "Total Cost": 0.33, "Plan Rows": 1, "Plan Width": 0, "Index Cond": "(id = an1.person_id)"}]}]}]}, "Unique SQL Id": 3544391839, "Planner Runtime": 8}, "explain_analyze_plan": null}, "(1, 84)": {"explain_plan": {"Plan": {"Node Type": "Aggregate", "Strategy": "Plain", "Startup Cost": 93818.54, "Total Cost": 93818.55, "Plan Rows": 1, "Plan Width": 97, "Plans": [{"Node Type": "Nested Loop", "Parent Relationship": "Outer", "Join Type": "Inner", "Startup Cost": 92951.0, "Total Cost": 93815.31, "Plan Rows": 646, "Plan Width": 33, "Inner Unique": true, "Plans": [{"Node Type": "Nested Loop", "Parent Relationship": "Outer", "Join Type": "Inner", "Startup Cost": 92951.0, "Total Cost": 93439.77, "Plan Rows": 645, "Plan Width": 41, "Inner Unique": false, "Plans": [{"Node Type": "Merge Join", "Parent Relationship": "Outer", "Join Type": "Inner", "Startup Cost": 92951.0, "Total Cost": 92985.56, "Plan Rows": 532, "Plan Width": 21, "Inner Unique": false, "Merge Cond": "(rt.id = ci.role_id)", "Plans": [{"Node Type": "Sort", "Parent Relationship": "Outer", "Startup Cost": 1.16, "Total Cost": 1.16, "Plan Rows": 1, "Plan Width": 4, "Sort Key": ["rt.id"], "Plans": [{"Node Type": "Seq Scan", "Parent Relationship": "Outer", "Relation Name": "role_type", "Alias": "rt", "Startup Cost": 0.0, "Total Cost": 1.15, "Plan Rows": 1, "Plan Width": 4, "Filter": "((role)::text = 'actress'::text)"}]}, {"Node Type": "Sort", "Parent Relationship": "Inner", "Startup Cost": 92949.84, "Total Cost": 92964.46, "Plan Rows": 5847, "Plan Width": 25, "Sort Key": ["ci.role_id"], "Plans": [{"Node Type": "Nested Loop", "Parent Relationship": "Outer", "Join Type": "Inner", "Startup Cost": 63927.73, "Total Cost": 92584.01, "Plan Rows": 5847, "Plan Width": 25, "Inner Unique": false, "Plans": [{"Node Type": "Nested Loop", "Parent Relationship": "Outer", "Join Type": "Inner", "Startup Cost": 63927.73, "Total Cost": 86841.41, "Plan Rows": 5775, "Plan Width": 25, "Inner Unique": true, "Plans": [{"Node Type": "Merge Join", "Parent Relationship": "Outer", "Join Type": "Inner", "Startup Cost": 63927.73, "Total Cost": 64194.32, "Plan Rows": 5775, "Plan Width": 4, "Inner Unique": false, "Merge Cond": "(cn.id = mc.company_id)", "Plans": [{"Node Type": "Sort", "Parent Relationship": "Outer", "Startup Cost": 6300.31, "Total Cost": 6316.04, "Plan Rows": 6290, "Plan Width": 4, "Sort Key": ["cn.id"], "Plans": [{"Node Type": "Seq Scan", "Parent Relationship": "Outer", "Relation Name": "company_name", "Alias": "cn", "Startup Cost": 0.0, "Total Cost": 5903.45, "Plan Rows": 6290, "Plan Width": 4, "Filter": "((country_code)::text = '[jp]'::text)"}]}, {"Node Type": "Sort", "Parent Relationship": "Inner", "Startup Cost": 57622.68, "Total Cost": 57713.74, "Plan Rows": 36426, "Plan Width": 8, "Sort Key": ["mc.company_id"], "Plans": [{"Node Type": "Seq Scan", "Parent Relationship": "Outer", "Relation Name": "movie_companies", "Alias": "mc", "Startup Cost": 0.0, "Total Cost": 54862.92, "Plan Rows": 36426, "Plan Width": 8, "Filter": "(((note)::text ~~ '%(Japan)%'::text) AND ((note)::text !~~ '%(USA)%'::text))"}]}]}, {"Node Type": "Index Scan", "Parent Relationship": "Inner", "Scan Direction": "Forward", "Index Name": "title_pkey", "Relation Name": "title", "Alias": "t", "Startup Cost": 0.0, "Total Cost": 3.91, "Plan Rows": 1, "Plan Width": 21, "Index Cond": "(id = mc.movie_id)"}]}, {"Node Type": "Index Scan", "Parent Relationship": "Inner", "Scan Direction": "Forward", "Index Name": "movie_id_cast_info", "Relation Name": "cast_info", "Alias": "ci", "Startup Cost": 0.0, "Total Cost": 0.98, "Plan Rows": 1, "Plan Width": 12, "Index Cond": "(movie_id = t.id)", "Filter": "((note)::text = '(voice: English version)'::text)"}]}]}]}, {"Node Type": "Index Scan", "Parent Relationship": "Inner", "Scan Direction": "Forward", "Index Name": "person_id_aka_name", "Relation Name": "aka_name", "Alias": "an1", "Startup Cost": 0.0, "Total Cost": 0.84, "Plan Rows": 1, "Plan Width": 20, "Index Cond": "(person_id = ci.person_id)"}]}, {"Node Type": "Index Scan", "Parent Relationship": "Inner", "Scan Direction": "Forward", "Index Name": "name_pkey", "Relation Name": "name", "Alias": "n1", "Startup Cost": 0.0, "Total Cost": 0.57, "Plan Rows": 1, "Plan Width": 4, "Index Cond": "(id = an1.person_id)", "Filter": "(((name)::text ~~ '%Yo%'::text) AND ((name)::text !~~ '%Yu%'::text))"}]}]}, "Unique SQL Id": 3544391839, "Planner Runtime": 25}, "explain_analyze_plan": {"Plan": {"Node Type": "Aggregate", "Strategy": "Plain", "Startup Cost": 93818.54, "Total Cost": 93818.55, "Plan Rows": 1, "Plan Width": 97, "Actual Startup Time": 4126.487, "Actual Total Time": 4126.487, "Actual Rows": 1, "Actual Loops": 1, "Plans": [{"Node Type": "Nested Loop", "Parent Relationship": "Outer", "Join Type": "Inner", "Startup Cost": 92951.0, "Total Cost": 93815.31, "Plan Rows": 646, "Plan Width": 33, "Actual Startup Time": 4023.214, "Actual Total Time": 4126.383, "Actual Rows": 62, "Actual Loops": 1, "Inner Unique": true, "Plans": [{"Node Type": "Nested Loop", "Parent Relationship": "Outer", "Join Type": "Inner", "Startup Cost": 92951.0, "Total Cost": 93439.77, "Plan Rows": 645, "Plan Width": 41, "Actual Startup Time": 4020.389, "Actual Total Time": 4061.066, "Actual Rows": 17379, "Actual Loops": 1, "Inner Unique": false, "Plans": [{"Node Type": "Merge Join", "Parent Relationship": "Outer", "Join Type": "Inner", "Startup Cost": 92951.0, "Total Cost": 92985.56, "Plan Rows": 532, "Plan Width": 21, "Actual Startup Time": 4020.35, "Actual Total Time": 4023.876, "Actual Rows": 7438, "Actual Loops": 1, "Inner Unique": false, "Merge Cond": "(rt.id = ci.role_id)", "Plans": [{"Node Type": "Sort", "Parent Relationship": "Outer", "Startup Cost": 1.16, "Total Cost": 1.16, "Plan Rows": 1, "Plan Width": 4, "Actual Startup Time": 0.047, "Actual Total Time": 0.047, "Actual Rows": 1, "Actual Loops": 1, "Sort Key": ["rt.id"], "Sort Method": "quicksort", "Sort Space Used": 25, "Sort Space Type": "Memory", "Plans": [{"Node Type": "Seq Scan", "Parent Relationship": "Outer", "Relation Name": "role_type", "Alias": "rt", "Startup Cost": 0.0, "Total Cost": 1.15, "Plan Rows": 1, "Plan Width": 4, "Actual Startup Time": 0.026, "Actual Total Time": 0.03, "Actual Rows": 1, "Actual Loops": 1, "Filter": "((role)::text = 'actress'::text)", "Rows Removed by Filter": 11}]}, {"Node Type": "Sort", "Parent Relationship": "Inner", "Startup Cost": 92949.84, "Total Cost": 92964.46, "Plan Rows": 5847, "Plan Width": 25, "Actual Startup Time": 4016.786, "Actual Total Time": 4019.613, "Actual Rows": 19600, "Actual Loops": 1, "Sort Key": ["ci.role_id"], "Sort Method": "quicksort", "Sort Space Used": 2817, "Sort Space Type": "Memory", "Plans": [{"Node Type": "Nested Loop", "Parent Relationship": "Outer", "Join Type": "Inner", "Startup Cost": 63927.73, "Total Cost": 92584.01, "Plan Rows": 5847, "Plan Width": 25, "Actual Startup Time": 1052.78, "Actual Total Time": 4009.147, "Actual Rows": 19600, "Actual Loops": 1, "Inner Unique": false, "Plans": [{"Node Type": "Nested Loop", "Parent Relationship": "Outer", "Join Type": "Inner", "Startup Cost": 63927.73, "Total Cost": 86841.41, "Plan Rows": 5775, "Plan Width": 25, "Actual Startup Time": 1052.325, "Actual Total Time": 1376.735, "Actual Rows": 48328, "Actual Loops": 1, "Inner Unique": true, "Plans": [{"Node Type": "Merge Join", "Parent Relationship": "Outer", "Join Type": "Inner", "Startup Cost": 63927.73, "Total Cost": 64194.32, "Plan Rows": 5775, "Plan Width": 4, "Actual Startup Time": 1052.278, "Actual Total Time": 1082.154, "Actual Rows": 48328, "Actual Loops": 1, "Inner Unique": false, "Merge Cond": "(cn.id = mc.company_id)", "Plans": [{"Node Type": "Sort", "Parent Relationship": "Outer", "Startup Cost": 6300.31, "Total Cost": 6316.04, "Plan Rows": 6290, "Plan Width": 4, "Actual Startup Time": 82.123, "Actual Total Time": 82.719, "Actual Rows": 2418, "Actual Loops": 1, "Sort Key": ["cn.id"], "Sort Method": "quicksort", "Sort Space Used": 615, "Sort Space Type": "Memory", "Plans": [{"Node Type": "Seq Scan", "Parent Relationship": "Outer", "Relation Name": "company_name", "Alias": "cn", "Startup Cost": 0.0, "Total Cost": 5903.45, "Plan Rows": 6290, "Plan Width": 4, "Actual Startup Time": 0.025, "Actual Total Time": 79.686, "Actual Rows": 6752, "Actual Loops": 1, "Filter": "((country_code)::text = '[jp]'::text)", "Rows Removed by Filter": 228244}]}, {"Node Type": "Sort", "Parent Relationship": "Inner", "Startup Cost": 57622.68, "Total Cost": 57713.74, "Plan Rows": 36426, "Plan Width": 8, "Actual Startup Time": 970.14, "Actual Total Time": 983.797, "Actual Rows": 48897, "Actual Loops": 1, "Sort Key": ["mc.company_id"], "Sort Method": "quicksort", "Sort Space Used": 4593, "Sort Space Type": "Memory", "Plans": [{"Node Type": "Seq Scan", "Parent Relationship": "Outer", "Relation Name": "movie_companies", "Alias": "mc", "Startup Cost": 0.0, "Total Cost": 54862.92, "Plan Rows": 36426, "Plan Width": 8, "Actual Startup Time": 0.239, "Actual Total Time": 954.33, "Actual Rows": 48897, "Actual Loops": 1, "Filter": "(((note)::text ~~ '%(Japan)%'::text) AND ((note)::text !~~ '%(USA)%'::text))", "Rows Removed by Filter": 2560231}]}]}, {"Node Type": "Index Scan", "Parent Relationship": "Inner", "Scan Direction": "Forward", "Index Name": "title_pkey", "Relation Name": "title", "Alias": "t", "Startup Cost": 0.0, "Total Cost": 3.91, "Plan Rows": 1, "Plan Width": 21, "Actual Startup Time": 254.787, "Actual Total Time": 254.787, "Actual Rows": 48328, "Actual Loops": 48328, "Index Cond": "(id = mc.movie_id)", "Rows Removed by Index Recheck": 0}]}, {"Node Type": "Index Scan", "Parent Relationship": "Inner", "Scan Direction": "Forward", "Index Name": "movie_id_cast_info", "Relation Name": "cast_info", "Alias": "ci", "Startup Cost": 0.0, "Total Cost": 0.98, "Plan Rows": 1, "Plan Width": 12, "Actual Startup Time": 2482.585, "Actual Total Time": 2601.461, "Actual Rows": 19600, "Actual Loops": 48328, "Index Cond": "(movie_id = t.id)", "Rows Removed by Index Recheck": 0, "Filter": "((note)::text = '(voice: English version)'::text)", "Rows Removed by Filter": 1531710}]}]}]}, {"Node Type": "Index Scan", "Parent Relationship": "Inner", "Scan Direction": "Forward", "Index Name": "person_id_aka_name", "Relation Name": "aka_name", "Alias": "an1", "Startup Cost": 0.0, "Total Cost": 0.84, "Plan Rows": 1, "Plan Width": 20, "Actual Startup Time": 22.648, "Actual Total Time": 29.382, "Actual Rows": 17379, "Actual Loops": 7438, "Index Cond": "(person_id = ci.person_id)", "Rows Removed by Index Recheck": 0}]}, {"Node Type": "Index Scan", "Parent Relationship": "Inner", "Scan Direction": "Forward", "Index Name": "name_pkey", "Relation Name": "name", "Alias": "n1", "Startup Cost": 0.0, "Total Cost": 0.57, "Plan Rows": 1, "Plan Width": 4, "Actual Startup Time": 57.282, "Actual Total Time": 57.282, "Actual Rows": 62, "Actual Loops": 17379, "Index Cond": "(id = an1.person_id)", "Rows Removed by Index Recheck": 0, "Filter": "(((name)::text ~~ '%Yo%'::text) AND ((name)::text !~~ '%Yu%'::text))", "Rows Removed by Filter": 17317}]}]}, "Triggers": [], "Planner Runtime": 25, "Total Runtime": 4126.863, "Unique SQL Id": 3544391839}}, "(1, 85)": {"explain_plan": {"Plan": {"Node Type": "Aggregate", "Strategy": "Plain", "Startup Cost": 111152.55, "Total Cost": 111152.56, "Plan Rows": 1, "Plan Width": 97, "Plans": [{"Node Type": "Nested Loop", "Parent Relationship": "Outer", "Join Type": "Inner", "Startup Cost": 110275.3, "Total Cost": 111152.07, "Plan Rows": 96, "Plan Width": 33, "Inner Unique": true, "Plans": [{"Node Type": "Nested Loop", "Parent Relationship": "Outer", "Join Type": "Inner", "Startup Cost": 110275.3, "Total Cost": 110776.53, "Plan Rows": 645, "Plan Width": 41, "Inner Unique": false, "Plans": [{"Node Type": "Merge Join", "Parent Relationship": "Outer", "Join Type": "Inner", "Startup Cost": 110275.3, "Total Cost": 110322.31, "Plan Rows": 532, "Plan Width": 21, "Inner Unique": false, "Merge Cond": "(rt.id = ci.role_id)", "Plans": [{"Node Type": "Index Scan", "Parent Relationship": "Outer", "Scan Direction": "Forward", "Index Name": "role_type_pkey", "Relation Name": "role_type", "Alias": "rt", "Startup Cost": 0.0, "Total Cost": 12.46, "Plan Rows": 1, "Plan Width": 4, "Filter": "((role)::text = 'actress'::text)"}, {"Node Type": "Sort", "Parent Relationship": "Inner", "Startup Cost": 110275.3, "Total Cost": 110289.91, "Plan Rows": 5847, "Plan Width": 25, "Sort Key": ["ci.role_id"], "Plans": [{"Node Type": "Nested Loop", "Parent Relationship": "Outer", "Join Type": "Inner", "Startup Cost": 0.0, "Total Cost": 109909.47, "Plan Rows": 5847, "Plan Width": 25, "Inner Unique": false, "Plans": [{"Node Type": "Nested Loop", "Parent Relationship": "Outer", "Join Type": "Inner", "Startup Cost": 0.0, "Total Cost": 104166.87, "Plan Rows": 5775, "Plan Width": 25, "Inner Unique": true, "Plans": [{"Node Type": "Nested Loop", "Parent Relationship": "Outer", "Join Type": "Inner", "Startup Cost": 0.0, "Total Cost": 81519.78, "Plan Rows": 5775, "Plan Width": 4, "Inner Unique": false, "Plans": [{"Node Type": "Index Scan", "Parent Relationship": "Outer", "Scan Direction": "Forward", "Index Name": "company_name_pkey", "Relation Name": "company_name", "Alias": "cn", "Startup Cost": 0.0, "Total Cost": 10501.39, "Plan Rows": 6290, "Plan Width": 4, "Filter": "((country_code)::text = '[jp]'::text)"}, {"Node Type": "Index Scan", "Parent Relationship": "Inner", "Scan Direction": "Forward", "Index Name": "company_id_movie_companies", "Relation Name": "movie_companies", "Alias": "mc", "Startup Cost": 0.0, "Total Cost": 11.28, "Plan Rows": 1, "Plan Width": 8, "Index Cond": "(company_id = cn.id)", "Filter": "(((note)::text ~~ '%(Japan)%'::text) AND ((note)::text !~~ '%(USA)%'::text))"}]}, {"Node Type": "Index Scan", "Parent Relationship": "Inner", "Scan Direction": "Forward", "Index Name": "title_pkey", "Relation Name": "title", "Alias": "t", "Startup Cost": 0.0, "Total Cost": 3.91, "Plan Rows": 1, "Plan Width": 21, "Index Cond": "(id = mc.movie_id)"}]}, {"Node Type": "Index Scan", "Parent Relationship": "Inner", "Scan Direction": "Forward", "Index Name": "movie_id_cast_info", "Relation Name": "cast_info", "Alias": "ci", "Startup Cost": 0.0, "Total Cost": 0.98, "Plan Rows": 1, "Plan Width": 12, "Index Cond": "(movie_id = t.id)", "Filter": "((note)::text = '(voice: English version)'::text)"}]}]}]}, {"Node Type": "Index Scan", "Parent Relationship": "Inner", "Scan Direction": "Forward", "Index Name": "person_id_aka_name", "Relation Name": "aka_name", "Alias": "an1", "Startup Cost": 0.0, "Total Cost": 0.84, "Plan Rows": 1, "Plan Width": 20, "Index Cond": "(person_id = ci.person_id)"}]}, {"Node Type": "Index Scan", "Parent Relationship": "Inner", "Scan Direction": "Forward", "Index Name": "name_pkey", "Relation Name": "name", "Alias": "n1", "Startup Cost": 0.0, "Total Cost": 0.57, "Plan Rows": 1, "Plan Width": 4, "Index Cond": "(id = an1.person_id)", "Filter": "(((name)::text ~~ '%Yo%'::text) AND ((name)::text !~~ '%Yu%'::text))"}]}]}, "Unique SQL Id": 3544391839, "Planner Runtime": 27}, "explain_analyze_plan": {"Plan": {"Node Type": "Aggregate", "Strategy": "Plain", "Startup Cost": 111152.55, "Total Cost": 111152.56, "Plan Rows": 1, "Plan Width": 97, "Actual Startup Time": 3625.815, "Actual Total Time": 3625.816, "Actual Rows": 1, "Actual Loops": 1, "Plans": [{"Node Type": "Nested Loop", "Parent Relationship": "Outer", "Join Type": "Inner", "Startup Cost": 110275.3, "Total Cost": 111152.07, "Plan Rows": 96, "Plan Width": 33, "Actual Startup Time": 3512.958, "Actual Total Time": 3625.719, "Actual Rows": 62, "Actual Loops": 1, "Inner Unique": true, "Plans": [{"Node Type": "Nested Loop", "Parent Relationship": "Outer", "Join Type": "Inner", "Startup Cost": 110275.3, "Total Cost": 110776.53, "Plan Rows": 645, "Plan Width": 41, "Actual Startup Time": 3511.731, "Actual Total Time": 3556.463, "Actual Rows": 17379, "Actual Loops": 1, "Inner Unique": false, "Plans": [{"Node Type": "Merge Join", "Parent Relationship": "Outer", "Join Type": "Inner", "Startup Cost": 110275.3, "Total Cost": 110322.31, "Plan Rows": 532, "Plan Width": 21, "Actual Startup Time": 3511.701, "Actual Total Time": 3515.421, "Actual Rows": 7438, "Actual Loops": 1, "Inner Unique": false, "Merge Cond": "(rt.id = ci.role_id)", "Plans": [{"Node Type": "Index Scan", "Parent Relationship": "Outer", "Scan Direction": "Forward", "Index Name": "role_type_pkey", "Relation Name": "role_type", "Alias": "rt", "Startup Cost": 0.0, "Total Cost": 12.46, "Plan Rows": 1, "Plan Width": 4, "Actual Startup Time": 0.023, "Actual Total Time": 0.037, "Actual Rows": 1, "Actual Loops": 1, "Filter": "((role)::text = 'actress'::text)", "Rows Removed by Filter": 11}, {"Node Type": "Sort", "Parent Relationship": "Inner", "Startup Cost": 110275.3, "Total Cost": 110289.91, "Plan Rows": 5847, "Plan Width": 25, "Actual Startup Time": 3507.459, "Actual Total Time": 3510.948, "Actual Rows": 19600, "Actual Loops": 1, "Sort Key": ["ci.role_id"], "Sort Method": "quicksort", "Sort Space Used": 2817, "Sort Space Type": "Memory", "Plans": [{"Node Type": "Nested Loop", "Parent Relationship": "Outer", "Join Type": "Inner", "Startup Cost": 0.0, "Total Cost": 109909.47, "Plan Rows": 5847, "Plan Width": 25, "Actual Startup Time": 0.245, "Actual Total Time": 3499.492, "Actual Rows": 19600, "Actual Loops": 1, "Inner Unique": false, "Plans": [{"Node Type": "Nested Loop", "Parent Relationship": "Outer", "Join Type": "Inner", "Startup Cost": 0.0, "Total Cost": 104166.87, "Plan Rows": 5775, "Plan Width": 25, "Actual Startup Time": 0.194, "Actual Total Time": 830.736, "Actual Rows": 48328, "Actual Loops": 1, "Inner Unique": true, "Plans": [{"Node Type": "Nested Loop", "Parent Relationship": "Outer", "Join Type": "Inner", "Startup Cost": 0.0, "Total Cost": 81519.78, "Plan Rows": 5775, "Plan Width": 4, "Actual Startup Time": 0.185, "Actual Total Time": 542.834, "Actual Rows": 48328, "Actual Loops": 1, "Inner Unique": false, "Plans": [{"Node Type": "Index Scan", "Parent Relationship": "Outer", "Scan Direction": "Forward", "Index Name": "company_name_pkey", "Relation Name": "company_name", "Alias": "cn", "Startup Cost": 0.0, "Total Cost": 10501.39, "Plan Rows": 6290, "Plan Width": 4, "Actual Startup Time": 0.15, "Actual Total Time": 324.32, "Actual Rows": 6752, "Actual Loops": 1, "Filter": "((country_code)::text = '[jp]'::text)", "Rows Removed by Filter": 228244}, {"Node Type": "Index Scan", "Parent Relationship": "Inner", "Scan Direction": "Forward", "Index Name": "company_id_movie_companies", "Relation Name": "movie_companies", "Alias": "mc", "Startup Cost": 0.0, "Total Cost": 11.28, "Plan Rows": 1, "Plan Width": 8, "Actual Startup Time": 58.672, "Actual Total Time": 202.575, "Actual Rows": 48328, "Actual Loops": 6752, "Index Cond": "(company_id = cn.id)", "Rows Removed by Index Recheck": 0, "Filter": "(((note)::text ~~ '%(Japan)%'::text) AND ((note)::text !~~ '%(USA)%'::text))", "Rows Removed by Filter": 56667}]}, {"Node Type": "Index Scan", "Parent Relationship": "Inner", "Scan Direction": "Forward", "Index Name": "title_pkey", "Relation Name": "title", "Alias": "t", "Startup Cost": 0.0, "Total Cost": 3.91, "Plan Rows": 1, "Plan Width": 21, "Actual Startup Time": 246.311, "Actual Total Time": 246.311, "Actual Rows": 48328, "Actual Loops": 48328, "Index Cond": "(id = mc.movie_id)", "Rows Removed by Index Recheck": 0}]}, {"Node Type": "Index Scan", "Parent Relationship": "Inner", "Scan Direction": "Forward", "Index Name": "movie_id_cast_info", "Relation Name": "cast_info", "Alias": "ci", "Startup Cost": 0.0, "Total Cost": 0.98, "Plan Rows": 1, "Plan Width": 12, "Actual Startup Time": 2514.594, "Actual Total Time": 2637.894, "Actual Rows": 19600, "Actual Loops": 48328, "Index Cond": "(movie_id = t.id)", "Rows Removed by Index Recheck": 0, "Filter": "((note)::text = '(voice: English version)'::text)", "Rows Removed by Filter": 1531710}]}]}]}, {"Node Type": "Index Scan", "Parent Relationship": "Inner", "Scan Direction": "Forward", "Index Name": "person_id_aka_name", "Relation Name": "aka_name", "Alias": "an1", "Startup Cost": 0.0, "Total Cost": 0.84, "Plan Rows": 1, "Plan Width": 20, "Actual Startup Time": 25.908, "Actual Total Time": 33.28, "Actual Rows": 17379, "Actual Loops": 7438, "Index Cond": "(person_id = ci.person_id)", "Rows Removed by Index Recheck": 0}]}, {"Node Type": "Index Scan", "Parent Relationship": "Inner", "Scan Direction": "Forward", "Index Name": "name_pkey", "Relation Name": "name", "Alias": "n1", "Startup Cost": 0.0, "Total Cost": 0.57, "Plan Rows": 1, "Plan Width": 4, "Actual Startup Time": 61.05, "Actual Total Time": 61.05, "Actual Rows": 62, "Actual Loops": 17379, "Index Cond": "(id = an1.person_id)", "Rows Removed by Index Recheck": 0, "Filter": "(((name)::text ~~ '%Yo%'::text) AND ((name)::text !~~ '%Yu%'::text))", "Rows Removed by Filter": 17317}]}]}, "Triggers": [], "Planner Runtime": 26, "Total Runtime": 3626.268, "Unique SQL Id": 3544391839}}, "(1, 86)": {"explain_plan": {"Plan": {"Node Type": "Aggregate", "Strategy": "Plain", "Startup Cost": 126994.42, "Total Cost": 126994.43, "Plan Rows": 1, "Plan Width": 97, "Plans": [{"Node Type": "Nested Loop", "Parent Relationship": "Outer", "Join Type": "Inner", "Startup Cost": 121806.19, "Total Cost": 126991.19, "Plan Rows": 646, "Plan Width": 33, "Inner Unique": true, "Plans": [{"Node Type": "Nested Loop", "Parent Relationship": "Outer", "Join Type": "Inner", "Startup Cost": 121805.86, "Total Cost": 124182.61, "Plan Rows": 645, "Plan Width": 41, "Inner Unique": false, "Plans": [{"Node Type": "Merge Join", "Parent Relationship": "Outer", "Join Type": "Inner", "Startup Cost": 121805.48, "Total Cost": 121840.04, "Plan Rows": 532, "Plan Width": 21, "Inner Unique": false, "Merge Cond": "(rt.id = ci.role_id)", "Plans": [{"Node Type": "Sort", "Parent Relationship": "Outer", "Startup Cost": 1.16, "Total Cost": 1.16, "Plan Rows": 1, "Plan Width": 4, "Sort Key": ["rt.id"], "Plans": [{"Node Type": "Seq Scan", "Parent Relationship": "Outer", "Relation Name": "role_type", "Alias": "rt", "Startup Cost": 0.0, "Total Cost": 1.15, "Plan Rows": 1, "Plan Width": 4, "Filter": "((role)::text = 'actress'::text)"}]}, {"Node Type": "Sort", "Parent Relationship": "Inner", "Startup Cost": 121804.32, "Total Cost": 121818.94, "Plan Rows": 5847, "Plan Width": 25, "Sort Key": ["ci.role_id"], "Plans": [{"Node Type": "Nested Loop", "Parent Relationship": "Outer", "Join Type": "Inner", "Startup Cost": 63929.52, "Total Cost": 121438.49, "Plan Rows": 5847, "Plan Width": 25, "Inner Unique": false, "Plans": [{"Node Type": "Nested Loop", "Parent Relationship": "Outer", "Join Type": "Inner", "Startup Cost": 63929.0, "Total Cost": 94780.67, "Plan Rows": 5775, "Plan Width": 25, "Inner Unique": true, "Plans": [{"Node Type": "Merge Join", "Parent Relationship": "Outer", "Join Type": "Inner", "Startup Cost": 63927.73, "Total Cost": 64194.32, "Plan Rows": 5775, "Plan Width": 4, "Inner Unique": false, "Merge Cond": "(cn.id = mc.company_id)", "Plans": [{"Node Type": "Sort", "Parent Relationship": "Outer", "Startup Cost": 6300.31, "Total Cost": 6316.04, "Plan Rows": 6290, "Plan Width": 4, "Sort Key": ["cn.id"], "Plans": [{"Node Type": "Seq Scan", "Parent Relationship": "Outer", "Relation Name": "company_name", "Alias": "cn", "Startup Cost": 0.0, "Total Cost": 5903.45, "Plan Rows": 6290, "Plan Width": 4, "Filter": "((country_code)::text = '[jp]'::text)"}]}, {"Node Type": "Sort", "Parent Relationship": "Inner", "Startup Cost": 57622.68, "Total Cost": 57713.74, "Plan Rows": 36426, "Plan Width": 8, "Sort Key": ["mc.company_id"], "Plans": [{"Node Type": "Seq Scan", "Parent Relationship": "Outer", "Relation Name": "movie_companies", "Alias": "mc", "Startup Cost": 0.0, "Total Cost": 54862.92, "Plan Rows": 36426, "Plan Width": 8, "Filter": "(((note)::text ~~ '%(Japan)%'::text) AND ((note)::text !~~ '%(USA)%'::text))"}]}]}, {"Node Type": "Bitmap Heap Scan", "Parent Relationship": "Inner", "Relation Name": "title", "Alias": "t", "Startup Cost": 1.27, "Total Cost": 5.29, "Plan Rows": 1, "Plan Width": 21, "Recheck Cond": "(id = mc.movie_id)", "Plans": [{"Node Type": "Bitmap Index Scan", "Parent Relationship": "Outer", "Index Name": "title_pkey", "Startup Cost": 0.0, "Total Cost": 1.27, "Plan Rows": 1, "Plan Width": 0, "Index Cond": "(id = mc.movie_id)"}]}]}, {"Node Type": "Bitmap Heap Scan", "Parent Relationship": "Inner", "Relation Name": "cast_info", "Alias": "ci", "Startup Cost": 0.52, "Total Cost": 4.61, "Plan Rows": 1, "Plan Width": 12, "Recheck Cond": "(movie_id = t.id)", "Filter": "((note)::text = '(voice: English version)'::text)", "Plans": [{"Node Type": "Bitmap Index Scan", "Parent Relationship": "Outer", "Index Name": "movie_id_cast_info", "Startup Cost": 0.0, "Total Cost": 0.52, "Plan Rows": 6, "Plan Width": 0, "Index Cond": "(movie_id = t.id)"}]}]}]}]}, {"Node Type": "Bitmap Heap Scan", "Parent Relationship": "Inner", "Relation Name": "aka_name", "Alias": "an1", "Startup Cost": 0.38, "Total Cost": 4.39, "Plan Rows": 1, "Plan Width": 20, "Recheck Cond": "(person_id = ci.person_id)", "Plans": [{"Node Type": "Bitmap Index Scan", "Parent Relationship": "Outer", "Index Name": "person_id_aka_name", "Startup Cost": 0.0, "Total Cost": 0.38, "Plan Rows": 1, "Plan Width": 0, "Index Cond": "(person_id = ci.person_id)"}]}]}, {"Node Type": "Bitmap Heap Scan", "Parent Relationship": "Inner", "Relation Name": "name", "Alias": "n1", "Startup Cost": 0.33, "Total Cost": 4.34, "Plan Rows": 1, "Plan Width": 4, "Recheck Cond": "(id = an1.person_id)", "Filter": "(((name)::text ~~ '%Yo%'::text) AND ((name)::text !~~ '%Yu%'::text))", "Plans": [{"Node Type": "Bitmap Index Scan", "Parent Relationship": "Outer", "Index Name": "name_pkey", "Startup Cost": 0.0, "Total Cost": 0.33, "Plan Rows": 1, "Plan Width": 0, "Index Cond": "(id = an1.person_id)"}]}]}]}, "Unique SQL Id": 3544391839, "Planner Runtime": 22}, "explain_analyze_plan": {"Plan": {"Node Type": "Aggregate", "Strategy": "Plain", "Startup Cost": 126994.42, "Total Cost": 126994.43, "Plan Rows": 1, "Plan Width": 97, "Actual Startup Time": 4883.534, "Actual Total Time": 4883.535, "Actual Rows": 1, "Actual Loops": 1, "Plans": [{"Node Type": "Nested Loop", "Parent Relationship": "Outer", "Join Type": "Inner", "Startup Cost": 121806.19, "Total Cost": 126991.19, "Plan Rows": 646, "Plan Width": 33, "Actual Startup Time": 4741.093, "Actual Total Time": 4883.398, "Actual Rows": 62, "Actual Loops": 1, "Inner Unique": true, "Plans": [{"Node Type": "Nested Loop", "Parent Relationship": "Outer", "Join Type": "Inner", "Startup Cost": 121805.86, "Total Cost": 124182.61, "Plan Rows": 645, "Plan Width": 41, "Actual Startup Time": 4737.303, "Actual Total Time": 4791.859, "Actual Rows": 17379, "Actual Loops": 1, "Inner Unique": false, "Plans": [{"Node Type": "Merge Join", "Parent Relationship": "Outer", "Join Type": "Inner", "Startup Cost": 121805.48, "Total Cost": 121840.04, "Plan Rows": 532, "Plan Width": 21, "Actual Startup Time": 4737.265, "Actual Total Time": 4740.881, "Actual Rows": 7438, "Actual Loops": 1, "Inner Unique": false, "Merge Cond": "(rt.id = ci.role_id)", "Plans": [{"Node Type": "Sort", "Parent Relationship": "Outer", "Startup Cost": 1.16, "Total Cost": 1.16, "Plan Rows": 1, "Plan Width": 4, "Actual Startup Time": 0.048, "Actual Total Time": 0.048, "Actual Rows": 1, "Actual Loops": 1, "Sort Key": ["rt.id"], "Sort Method": "quicksort", "Sort Space Used": 25, "Sort Space Type": "Memory", "Plans": [{"Node Type": "Seq Scan", "Parent Relationship": "Outer", "Relation Name": "role_type", "Alias": "rt", "Startup Cost": 0.0, "Total Cost": 1.15, "Plan Rows": 1, "Plan Width": 4, "Actual Startup Time": 0.027, "Actual Total Time": 0.031, "Actual Rows": 1, "Actual Loops": 1, "Filter": "((role)::text = 'actress'::text)", "Rows Removed by Filter": 11}]}, {"Node Type": "Sort", "Parent Relationship": "Inner", "Startup Cost": 121804.32, "Total Cost": 121818.94, "Plan Rows": 5847, "Plan Width": 25, "Actual Startup Time": 4733.97, "Actual Total Time": 4736.596, "Actual Rows": 19600, "Actual Loops": 1, "Sort Key": ["ci.role_id"], "Sort Method": "quicksort", "Sort Space Used": 2817, "Sort Space Type": "Memory", "Plans": [{"Node Type": "Nested Loop", "Parent Relationship": "Outer", "Join Type": "Inner", "Startup Cost": 63929.52, "Total Cost": 121438.49, "Plan Rows": 5847, "Plan Width": 25, "Actual Startup Time": 1047.912, "Actual Total Time": 4726.363, "Actual Rows": 19600, "Actual Loops": 1, "Inner Unique": false, "Plans": [{"Node Type": "Nested Loop", "Parent Relationship": "Outer", "Join Type": "Inner", "Startup Cost": 63929.0, "Total Cost": 94780.67, "Plan Rows": 5775, "Plan Width": 25, "Actual Startup Time": 1047.336, "Actual Total Time": 1463.375, "Actual Rows": 48328, "Actual Loops": 1, "Inner Unique": true, "Plans": [{"Node Type": "Merge Join", "Parent Relationship": "Outer", "Join Type": "Inner", "Startup Cost": 63927.73, "Total Cost": 64194.32, "Plan Rows": 5775, "Plan Width": 4, "Actual Startup Time": 1047.275, "Actual Total Time": 1079.282, "Actual Rows": 48328, "Actual Loops": 1, "Inner Unique": false, "Merge Cond": "(cn.id = mc.company_id)", "Plans": [{"Node Type": "Sort", "Parent Relationship": "Outer", "Startup Cost": 6300.31, "Total Cost": 6316.04, "Plan Rows": 6290, "Plan Width": 4, "Actual Startup Time": 83.611, "Actual Total Time": 84.362, "Actual Rows": 2418, "Actual Loops": 1, "Sort Key": ["cn.id"], "Sort Method": "quicksort", "Sort Space Used": 615, "Sort Space Type": "Memory", "Plans": [{"Node Type": "Seq Scan", "Parent Relationship": "Outer", "Relation Name": "company_name", "Alias": "cn", "Startup Cost": 0.0, "Total Cost": 5903.45, "Plan Rows": 6290, "Plan Width": 4, "Actual Startup Time": 0.026, "Actual Total Time": 80.959, "Actual Rows": 6752, "Actual Loops": 1, "Filter": "((country_code)::text = '[jp]'::text)", "Rows Removed by Filter": 228244}]}, {"Node Type": "Sort", "Parent Relationship": "Inner", "Startup Cost": 57622.68, "Total Cost": 57713.74, "Plan Rows": 36426, "Plan Width": 8, "Actual Startup Time": 963.649, "Actual Total Time": 976.197, "Actual Rows": 48897, "Actual Loops": 1, "Sort Key": ["mc.company_id"], "Sort Method": "quicksort", "Sort Space Used": 4593, "Sort Space Type": "Memory", "Plans": [{"Node Type": "Seq Scan", "Parent Relationship": "Outer", "Relation Name": "movie_companies", "Alias": "mc", "Startup Cost": 0.0, "Total Cost": 54862.92, "Plan Rows": 36426, "Plan Width": 8, "Actual Startup Time": 0.243, "Actual Total Time": 948.169, "Actual Rows": 48897, "Actual Loops": 1, "Filter": "(((note)::text ~~ '%(Japan)%'::text) AND ((note)::text !~~ '%(USA)%'::text))", "Rows Removed by Filter": 2560231}]}]}, {"Node Type": "Bitmap Heap Scan", "Parent Relationship": "Inner", "Relation Name": "title", "Alias": "t", "Startup Cost": 1.27, "Total Cost": 5.29, "Plan Rows": 1, "Plan Width": 21, "Actual Startup Time": 301.922, "Actual Total Time": 301.922, "Actual Rows": 48328, "Actual Loops": 48328, "Recheck Cond": "(id = mc.movie_id)", "Rows Removed by Index Recheck": 0, "Exact Heap Blocks": 48328, "Lossy Heap Blocks": 48328, "Plans": [{"Node Type": "Bitmap Index Scan", "Parent Relationship": "Outer", "Index Name": "title_pkey", "Startup Cost": 0.0, "Total Cost": 1.27, "Plan Rows": 1, "Plan Width": 0, "Actual Startup Time": 186.215, "Actual Total Time": 186.215, "Actual Rows": 48328, "Actual Loops": 48328, "Index Cond": "(id = mc.movie_id)"}]}]}, {"Node Type": "Bitmap Heap Scan", "Parent Relationship": "Inner", "Relation Name": "cast_info", "Alias": "ci", "Startup Cost": 0.52, "Total Cost": 4.61, "Plan Rows": 1, "Plan Width": 12, "Actual Startup Time": 3057.267, "Actual Total Time": 3188.748, "Actual Rows": 19600, "Actual Loops": 48328, "Recheck Cond": "(movie_id = t.id)", "Rows Removed by Index Recheck": 0, "Filter": "((note)::text = '(voice: English version)'::text)", "Rows Removed by Filter": 1531710, "Exact Heap Blocks": 1503105, "Lossy Heap Blocks": 1503105, "Plans": [{"Node Type": "Bitmap Index Scan", "Parent Relationship": "Outer", "Index Name": "movie_id_cast_info", "Startup Cost": 0.0, "Total Cost": 0.52, "Plan Rows": 6, "Plan Width": 0, "Actual Startup Time": 487.782, "Actual Total Time": 487.782, "Actual Rows": 1551310, "Actual Loops": 48328, "Index Cond": "(movie_id = t.id)"}]}]}]}]}, {"Node Type": "Bitmap Heap Scan", "Parent Relationship": "Inner", "Relation Name": "aka_name", "Alias": "an1", "Startup Cost": 0.38, "Total Cost": 4.39, "Plan Rows": 1, "Plan Width": 20, "Actual Startup Time": 34.169, "Actual Total Time": 38.474, "Actual Rows": 17379, "Actual Loops": 7438, "Recheck Cond": "(person_id = ci.person_id)", "Rows Removed by Index Recheck": 0, "Exact Heap Blocks": 6514, "Lossy Heap Blocks": 6514, "Plans": [{"Node Type": "Bitmap Index Scan", "Parent Relationship": "Outer", "Index Name": "person_id_aka_name", "Startup Cost": 0.0, "Total Cost": 0.38, "Plan Rows": 1, "Plan Width": 0, "Actual Startup Time": 22.65, "Actual Total Time": 22.65, "Actual Rows": 17379, "Actual Loops": 7438, "Index Cond": "(person_id = ci.person_id)"}]}]}, {"Node Type": "Bitmap Heap Scan", "Parent Relationship": "Inner", "Relation Name": "name", "Alias": "n1", "Startup Cost": 0.33, "Total Cost": 4.34, "Plan Rows": 1, "Plan Width": 4, "Actual Startup Time": 72.405, "Actual Total Time": 72.405, "Actual Rows": 62, "Actual Loops": 17379, "Recheck Cond": "(id = an1.person_id)", "Rows Removed by Index Recheck": 0, "Filter": "(((name)::text ~~ '%Yo%'::text) AND ((name)::text !~~ '%Yu%'::text))", "Rows Removed by Filter": 17317, "Exact Heap Blocks": 17379, "Lossy Heap Blocks": 17379, "Plans": [{"Node Type": "Bitmap Index Scan", "Parent Relationship": "Outer", "Index Name": "name_pkey", "Startup Cost": 0.0, "Total Cost": 0.33, "Plan Rows": 1, "Plan Width": 0, "Actual Startup Time": 41.907, "Actual Total Time": 41.907, "Actual Rows": 17379, "Actual Loops": 17379, "Index Cond": "(id = an1.person_id)"}]}]}]}, "Triggers": [], "Planner Runtime": 22, "Total Runtime": 4883.904, "Unique SQL Id": 3544391839}}, "(1, 87)": {"explain_plan": {"Plan": {"Node Type": "Aggregate", "Strategy": "Plain", "Startup Cost": 1000012228445.06, "Total Cost": 1000012228445.07, "Plan Rows": 1, "Plan Width": 97, "Plans": [{"Node Type": "Nested Loop", "Parent Relationship": "Outer", "Join Type": "Inner", "Startup Cost": 10000000003.19, "Total Cost": 1000012228445.0, "Plan Rows": 12, "Plan Width": 33, "Inner Unique": true, "Plans": [{"Node Type": "Nested Loop", "Parent Relationship": "Outer", "Join Type": "Inner", "Startup Cost": 10000000002.87, "Total Cost": 1000012225636.42, "Plan Rows": 645, "Plan Width": 41, "Inner Unique": true, "Plans": [{"Node Type": "Nested Loop", "Parent Relationship": "Outer", "Join Type": "Inner", "Startup Cost": 10000000002.23, "Total Cost": 1000012222628.77, "Plan Rows": 645, "Plan Width": 32, "Inner Unique": true, "Plans": [{"Node Type": "Nested Loop", "Parent Relationship": "Outer", "Join Type": "Inner", "Startup Cost": 10000000001.92, "Total Cost": 1000012205100.96, "Plan Rows": 4051, "Plan Width": 36, "Inner Unique": false, "Plans": [{"Node Type": "Nested Loop", "Parent Relationship": "Outer", "Join Type": "Inner", "Startup Cost": 10000000001.26, "Total Cost": 1000012155572.17, "Plan Rows": 10524, "Plan Width": 28, "Inner Unique": true, "Plans": [{"Node Type": "Nested Loop", "Parent Relationship": "Outer", "Join Type": "Inner", "Startup Cost": 10000000001.0, "Total Cost": 1000011659757.19, "Plan Rows": 115768, "Plan Width": 32, "Inner Unique": false, "Plans": [{"Node Type": "Index Scan", "Parent Relationship": "Outer", "Scan Direction": "Forward", "Index Name": "person_id_aka_name", "Relation Name": "aka_name", "Alias": "an1", "Startup Cost": 10000000000.0, "Total Cost": 1000006896503.43, "Plan Rows": 901342, "Plan Width": 20}, {"Node Type": "Bitmap Heap Scan", "Parent Relationship": "Inner", "Relation Name": "cast_info", "Alias": "ci", "Startup Cost": 1.0, "Total Cost": 5.27, "Plan Rows": 1, "Plan Width": 12, "Recheck Cond": "(person_id = an1.person_id)", "Filter": "((note)::text = '(voice: English version)'::text)", "Plans": [{"Node Type": "Bitmap Index Scan", "Parent Relationship": "Outer", "Index Name": "person_id_cast_info", "Startup Cost": 0.0, "Total Cost": 1.0, "Plan Rows": 18, "Plan Width": 0, "Index Cond": "(person_id = an1.person_id)"}]}]}, {"Node Type": "Bitmap Heap Scan", "Parent Relationship": "Inner", "Relation Name": "role_type", "Alias": "rt", "Startup Cost": 0.26, "Total Cost": 4.27, "Plan Rows": 1, "Plan Width": 4, "Recheck Cond": "(id = ci.role_id)", "Filter": "((role)::text = 'actress'::text)", "Plans": [{"Node Type": "Bitmap Index Scan", "Parent Relationship": "Outer", "Index Name": "role_type_pkey", "Startup Cost": 0.0, "Total Cost": 0.26, "Plan Rows": 1, "Plan Width": 0, "Index Cond": "(id = ci.role_id)"}]}]}, {"Node Type": "Bitmap Heap Scan", "Parent Relationship": "Inner", "Relation Name": "movie_companies", "Alias": "mc", "Startup Cost": 0.66, "Total Cost": 4.7, "Plan Rows": 1, "Plan Width": 8, "Recheck Cond": "(movie_id = ci.movie_id)", "Filter": "(((note)::text ~~ '%(Japan)%'::text) AND ((note)::text !~~ '%(USA)%'::text))", "Plans": [{"Node Type": "Bitmap Index Scan", "Parent Relationship": "Outer", "Index Name": "movie_id_movie_companies", "Startup Cost": 0.0, "Total Cost": 0.66, "Plan Rows": 2, "Plan Width": 0, "Index Cond": "(movie_id = ci.movie_id)"}]}]}, {"Node Type": "Bitmap Heap Scan", "Parent Relationship": "Inner", "Relation Name": "company_name", "Alias": "cn", "Startup Cost": 0.3, "Total Cost": 4.32, "Plan Rows": 1, "Plan Width": 4, "Recheck Cond": "(id = mc.company_id)", "Filter": "((country_code)::text = '[jp]'::text)", "Plans": [{"Node Type": "Bitmap Index Scan", "Parent Relationship": "Outer", "Index Name": "company_name_pkey", "Startup Cost": 0.0, "Total Cost": 0.3, "Plan Rows": 1, "Plan Width": 0, "Index Cond": "(id = mc.company_id)"}]}]}, {"Node Type": "Bitmap Heap Scan", "Parent Relationship": "Inner", "Relation Name": "title", "Alias": "t", "Startup Cost": 0.64, "Total Cost": 4.65, "Plan Rows": 1, "Plan Width": 21, "Recheck Cond": "(id = ci.movie_id)", "Plans": [{"Node Type": "Bitmap Index Scan", "Parent Relationship": "Outer", "Index Name": "title_pkey", "Startup Cost": 0.0, "Total Cost": 0.64, "Plan Rows": 1, "Plan Width": 0, "Index Cond": "(id = ci.movie_id)"}]}]}, {"Node Type": "Bitmap Heap Scan", "Parent Relationship": "Inner", "Relation Name": "name", "Alias": "n1", "Startup Cost": 0.33, "Total Cost": 4.34, "Plan Rows": 1, "Plan Width": 4, "Recheck Cond": "(id = an1.person_id)", "Filter": "(((name)::text ~~ '%Yo%'::text) AND ((name)::text !~~ '%Yu%'::text))", "Plans": [{"Node Type": "Bitmap Index Scan", "Parent Relationship": "Outer", "Index Name": "name_pkey", "Startup Cost": 0.0, "Total Cost": 0.33, "Plan Rows": 1, "Plan Width": 0, "Index Cond": "(id = an1.person_id)"}]}]}]}, "Unique SQL Id": 3544391839, "Planner Runtime": 7}, "explain_analyze_plan": null}, "(1, 88)": {"explain_plan": {"Plan": {"Node Type": "Aggregate", "Strategy": "Plain", "Startup Cost": 93818.54, "Total Cost": 93818.55, "Plan Rows": 1, "Plan Width": 97, "Plans": [{"Node Type": "Nested Loop", "Parent Relationship": "Outer", "Join Type": "Inner", "Startup Cost": 92951.0, "Total Cost": 93815.31, "Plan Rows": 646, "Plan Width": 33, "Inner Unique": true, "Plans": [{"Node Type": "Nested Loop", "Parent Relationship": "Outer", "Join Type": "Inner", "Startup Cost": 92951.0, "Total Cost": 93439.77, "Plan Rows": 645, "Plan Width": 41, "Inner Unique": false, "Plans": [{"Node Type": "Merge Join", "Parent Relationship": "Outer", "Join Type": "Inner", "Startup Cost": 92951.0, "Total Cost": 92985.56, "Plan Rows": 532, "Plan Width": 21, "Inner Unique": false, "Merge Cond": "(rt.id = ci.role_id)", "Plans": [{"Node Type": "Sort", "Parent Relationship": "Outer", "Startup Cost": 1.16, "Total Cost": 1.16, "Plan Rows": 1, "Plan Width": 4, "Sort Key": ["rt.id"], "Plans": [{"Node Type": "Seq Scan", "Parent Relationship": "Outer", "Relation Name": "role_type", "Alias": "rt", "Startup Cost": 0.0, "Total Cost": 1.15, "Plan Rows": 1, "Plan Width": 4, "Filter": "((role)::text = 'actress'::text)"}]}, {"Node Type": "Sort", "Parent Relationship": "Inner", "Startup Cost": 92949.84, "Total Cost": 92964.46, "Plan Rows": 5847, "Plan Width": 25, "Sort Key": ["ci.role_id"], "Plans": [{"Node Type": "Nested Loop", "Parent Relationship": "Outer", "Join Type": "Inner", "Startup Cost": 63927.73, "Total Cost": 92584.01, "Plan Rows": 5847, "Plan Width": 25, "Inner Unique": false, "Plans": [{"Node Type": "Nested Loop", "Parent Relationship": "Outer", "Join Type": "Inner", "Startup Cost": 63927.73, "Total Cost": 86841.41, "Plan Rows": 5775, "Plan Width": 25, "Inner Unique": true, "Plans": [{"Node Type": "Merge Join", "Parent Relationship": "Outer", "Join Type": "Inner", "Startup Cost": 63927.73, "Total Cost": 64194.32, "Plan Rows": 5775, "Plan Width": 4, "Inner Unique": false, "Merge Cond": "(cn.id = mc.company_id)", "Plans": [{"Node Type": "Sort", "Parent Relationship": "Outer", "Startup Cost": 6300.31, "Total Cost": 6316.04, "Plan Rows": 6290, "Plan Width": 4, "Sort Key": ["cn.id"], "Plans": [{"Node Type": "Seq Scan", "Parent Relationship": "Outer", "Relation Name": "company_name", "Alias": "cn", "Startup Cost": 0.0, "Total Cost": 5903.45, "Plan Rows": 6290, "Plan Width": 4, "Filter": "((country_code)::text = '[jp]'::text)"}]}, {"Node Type": "Sort", "Parent Relationship": "Inner", "Startup Cost": 57622.68, "Total Cost": 57713.74, "Plan Rows": 36426, "Plan Width": 8, "Sort Key": ["mc.company_id"], "Plans": [{"Node Type": "Seq Scan", "Parent Relationship": "Outer", "Relation Name": "movie_companies", "Alias": "mc", "Startup Cost": 0.0, "Total Cost": 54862.92, "Plan Rows": 36426, "Plan Width": 8, "Filter": "(((note)::text ~~ '%(Japan)%'::text) AND ((note)::text !~~ '%(USA)%'::text))"}]}]}, {"Node Type": "Index Scan", "Parent Relationship": "Inner", "Scan Direction": "Forward", "Index Name": "title_pkey", "Relation Name": "title", "Alias": "t", "Startup Cost": 0.0, "Total Cost": 3.91, "Plan Rows": 1, "Plan Width": 21, "Index Cond": "(id = mc.movie_id)"}]}, {"Node Type": "Index Scan", "Parent Relationship": "Inner", "Scan Direction": "Forward", "Index Name": "movie_id_cast_info", "Relation Name": "cast_info", "Alias": "ci", "Startup Cost": 0.0, "Total Cost": 0.98, "Plan Rows": 1, "Plan Width": 12, "Index Cond": "(movie_id = t.id)", "Filter": "((note)::text = '(voice: English version)'::text)"}]}]}]}, {"Node Type": "Index Scan", "Parent Relationship": "Inner", "Scan Direction": "Forward", "Index Name": "person_id_aka_name", "Relation Name": "aka_name", "Alias": "an1", "Startup Cost": 0.0, "Total Cost": 0.84, "Plan Rows": 1, "Plan Width": 20, "Index Cond": "(person_id = ci.person_id)"}]}, {"Node Type": "Index Scan", "Parent Relationship": "Inner", "Scan Direction": "Forward", "Index Name": "name_pkey", "Relation Name": "name", "Alias": "n1", "Startup Cost": 0.0, "Total Cost": 0.57, "Plan Rows": 1, "Plan Width": 4, "Index Cond": "(id = an1.person_id)", "Filter": "(((name)::text ~~ '%Yo%'::text) AND ((name)::text !~~ '%Yu%'::text))"}]}]}, "Unique SQL Id": 3544391839, "Planner Runtime": 24}, "explain_analyze_plan": {"Plan": {"Node Type": "Aggregate", "Strategy": "Plain", "Startup Cost": 93818.54, "Total Cost": 93818.55, "Plan Rows": 1, "Plan Width": 97, "Actual Startup Time": 4126.487, "Actual Total Time": 4126.487, "Actual Rows": 1, "Actual Loops": 1, "Plans": [{"Node Type": "Nested Loop", "Parent Relationship": "Outer", "Join Type": "Inner", "Startup Cost": 92951.0, "Total Cost": 93815.31, "Plan Rows": 646, "Plan Width": 33, "Actual Startup Time": 4023.214, "Actual Total Time": 4126.383, "Actual Rows": 62, "Actual Loops": 1, "Inner Unique": true, "Plans": [{"Node Type": "Nested Loop", "Parent Relationship": "Outer", "Join Type": "Inner", "Startup Cost": 92951.0, "Total Cost": 93439.77, "Plan Rows": 645, "Plan Width": 41, "Actual Startup Time": 4020.389, "Actual Total Time": 4061.066, "Actual Rows": 17379, "Actual Loops": 1, "Inner Unique": false, "Plans": [{"Node Type": "Merge Join", "Parent Relationship": "Outer", "Join Type": "Inner", "Startup Cost": 92951.0, "Total Cost": 92985.56, "Plan Rows": 532, "Plan Width": 21, "Actual Startup Time": 4020.35, "Actual Total Time": 4023.876, "Actual Rows": 7438, "Actual Loops": 1, "Inner Unique": false, "Merge Cond": "(rt.id = ci.role_id)", "Plans": [{"Node Type": "Sort", "Parent Relationship": "Outer", "Startup Cost": 1.16, "Total Cost": 1.16, "Plan Rows": 1, "Plan Width": 4, "Actual Startup Time": 0.047, "Actual Total Time": 0.047, "Actual Rows": 1, "Actual Loops": 1, "Sort Key": ["rt.id"], "Sort Method": "quicksort", "Sort Space Used": 25, "Sort Space Type": "Memory", "Plans": [{"Node Type": "Seq Scan", "Parent Relationship": "Outer", "Relation Name": "role_type", "Alias": "rt", "Startup Cost": 0.0, "Total Cost": 1.15, "Plan Rows": 1, "Plan Width": 4, "Actual Startup Time": 0.026, "Actual Total Time": 0.03, "Actual Rows": 1, "Actual Loops": 1, "Filter": "((role)::text = 'actress'::text)", "Rows Removed by Filter": 11}]}, {"Node Type": "Sort", "Parent Relationship": "Inner", "Startup Cost": 92949.84, "Total Cost": 92964.46, "Plan Rows": 5847, "Plan Width": 25, "Actual Startup Time": 4016.786, "Actual Total Time": 4019.613, "Actual Rows": 19600, "Actual Loops": 1, "Sort Key": ["ci.role_id"], "Sort Method": "quicksort", "Sort Space Used": 2817, "Sort Space Type": "Memory", "Plans": [{"Node Type": "Nested Loop", "Parent Relationship": "Outer", "Join Type": "Inner", "Startup Cost": 63927.73, "Total Cost": 92584.01, "Plan Rows": 5847, "Plan Width": 25, "Actual Startup Time": 1052.78, "Actual Total Time": 4009.147, "Actual Rows": 19600, "Actual Loops": 1, "Inner Unique": false, "Plans": [{"Node Type": "Nested Loop", "Parent Relationship": "Outer", "Join Type": "Inner", "Startup Cost": 63927.73, "Total Cost": 86841.41, "Plan Rows": 5775, "Plan Width": 25, "Actual Startup Time": 1052.325, "Actual Total Time": 1376.735, "Actual Rows": 48328, "Actual Loops": 1, "Inner Unique": true, "Plans": [{"Node Type": "Merge Join", "Parent Relationship": "Outer", "Join Type": "Inner", "Startup Cost": 63927.73, "Total Cost": 64194.32, "Plan Rows": 5775, "Plan Width": 4, "Actual Startup Time": 1052.278, "Actual Total Time": 1082.154, "Actual Rows": 48328, "Actual Loops": 1, "Inner Unique": false, "Merge Cond": "(cn.id = mc.company_id)", "Plans": [{"Node Type": "Sort", "Parent Relationship": "Outer", "Startup Cost": 6300.31, "Total Cost": 6316.04, "Plan Rows": 6290, "Plan Width": 4, "Actual Startup Time": 82.123, "Actual Total Time": 82.719, "Actual Rows": 2418, "Actual Loops": 1, "Sort Key": ["cn.id"], "Sort Method": "quicksort", "Sort Space Used": 615, "Sort Space Type": "Memory", "Plans": [{"Node Type": "Seq Scan", "Parent Relationship": "Outer", "Relation Name": "company_name", "Alias": "cn", "Startup Cost": 0.0, "Total Cost": 5903.45, "Plan Rows": 6290, "Plan Width": 4, "Actual Startup Time": 0.025, "Actual Total Time": 79.686, "Actual Rows": 6752, "Actual Loops": 1, "Filter": "((country_code)::text = '[jp]'::text)", "Rows Removed by Filter": 228244}]}, {"Node Type": "Sort", "Parent Relationship": "Inner", "Startup Cost": 57622.68, "Total Cost": 57713.74, "Plan Rows": 36426, "Plan Width": 8, "Actual Startup Time": 970.14, "Actual Total Time": 983.797, "Actual Rows": 48897, "Actual Loops": 1, "Sort Key": ["mc.company_id"], "Sort Method": "quicksort", "Sort Space Used": 4593, "Sort Space Type": "Memory", "Plans": [{"Node Type": "Seq Scan", "Parent Relationship": "Outer", "Relation Name": "movie_companies", "Alias": "mc", "Startup Cost": 0.0, "Total Cost": 54862.92, "Plan Rows": 36426, "Plan Width": 8, "Actual Startup Time": 0.239, "Actual Total Time": 954.33, "Actual Rows": 48897, "Actual Loops": 1, "Filter": "(((note)::text ~~ '%(Japan)%'::text) AND ((note)::text !~~ '%(USA)%'::text))", "Rows Removed by Filter": 2560231}]}]}, {"Node Type": "Index Scan", "Parent Relationship": "Inner", "Scan Direction": "Forward", "Index Name": "title_pkey", "Relation Name": "title", "Alias": "t", "Startup Cost": 0.0, "Total Cost": 3.91, "Plan Rows": 1, "Plan Width": 21, "Actual Startup Time": 254.787, "Actual Total Time": 254.787, "Actual Rows": 48328, "Actual Loops": 48328, "Index Cond": "(id = mc.movie_id)", "Rows Removed by Index Recheck": 0}]}, {"Node Type": "Index Scan", "Parent Relationship": "Inner", "Scan Direction": "Forward", "Index Name": "movie_id_cast_info", "Relation Name": "cast_info", "Alias": "ci", "Startup Cost": 0.0, "Total Cost": 0.98, "Plan Rows": 1, "Plan Width": 12, "Actual Startup Time": 2482.585, "Actual Total Time": 2601.461, "Actual Rows": 19600, "Actual Loops": 48328, "Index Cond": "(movie_id = t.id)", "Rows Removed by Index Recheck": 0, "Filter": "((note)::text = '(voice: English version)'::text)", "Rows Removed by Filter": 1531710}]}]}]}, {"Node Type": "Index Scan", "Parent Relationship": "Inner", "Scan Direction": "Forward", "Index Name": "person_id_aka_name", "Relation Name": "aka_name", "Alias": "an1", "Startup Cost": 0.0, "Total Cost": 0.84, "Plan Rows": 1, "Plan Width": 20, "Actual Startup Time": 22.648, "Actual Total Time": 29.382, "Actual Rows": 17379, "Actual Loops": 7438, "Index Cond": "(person_id = ci.person_id)", "Rows Removed by Index Recheck": 0}]}, {"Node Type": "Index Scan", "Parent Relationship": "Inner", "Scan Direction": "Forward", "Index Name": "name_pkey", "Relation Name": "name", "Alias": "n1", "Startup Cost": 0.0, "Total Cost": 0.57, "Plan Rows": 1, "Plan Width": 4, "Actual Startup Time": 57.282, "Actual Total Time": 57.282, "Actual Rows": 62, "Actual Loops": 17379, "Index Cond": "(id = an1.person_id)", "Rows Removed by Index Recheck": 0, "Filter": "(((name)::text ~~ '%Yo%'::text) AND ((name)::text !~~ '%Yu%'::text))", "Rows Removed by Filter": 17317}]}]}, "Triggers": [], "Planner Runtime": 25, "Total Runtime": 4126.863, "Unique SQL Id": 3544391839}}, "(1, 89)": {"explain_plan": {"Plan": {"Node Type": "Aggregate", "Strategy": "Plain", "Startup Cost": 111152.55, "Total Cost": 111152.56, "Plan Rows": 1, "Plan Width": 97, "Plans": [{"Node Type": "Nested Loop", "Parent Relationship": "Outer", "Join Type": "Inner", "Startup Cost": 110275.3, "Total Cost": 111152.07, "Plan Rows": 96, "Plan Width": 33, "Inner Unique": true, "Plans": [{"Node Type": "Nested Loop", "Parent Relationship": "Outer", "Join Type": "Inner", "Startup Cost": 110275.3, "Total Cost": 110776.53, "Plan Rows": 645, "Plan Width": 41, "Inner Unique": false, "Plans": [{"Node Type": "Merge Join", "Parent Relationship": "Outer", "Join Type": "Inner", "Startup Cost": 110275.3, "Total Cost": 110322.31, "Plan Rows": 532, "Plan Width": 21, "Inner Unique": false, "Merge Cond": "(rt.id = ci.role_id)", "Plans": [{"Node Type": "Index Scan", "Parent Relationship": "Outer", "Scan Direction": "Forward", "Index Name": "role_type_pkey", "Relation Name": "role_type", "Alias": "rt", "Startup Cost": 0.0, "Total Cost": 12.46, "Plan Rows": 1, "Plan Width": 4, "Filter": "((role)::text = 'actress'::text)"}, {"Node Type": "Sort", "Parent Relationship": "Inner", "Startup Cost": 110275.3, "Total Cost": 110289.91, "Plan Rows": 5847, "Plan Width": 25, "Sort Key": ["ci.role_id"], "Plans": [{"Node Type": "Nested Loop", "Parent Relationship": "Outer", "Join Type": "Inner", "Startup Cost": 0.0, "Total Cost": 109909.47, "Plan Rows": 5847, "Plan Width": 25, "Inner Unique": false, "Plans": [{"Node Type": "Nested Loop", "Parent Relationship": "Outer", "Join Type": "Inner", "Startup Cost": 0.0, "Total Cost": 104166.87, "Plan Rows": 5775, "Plan Width": 25, "Inner Unique": true, "Plans": [{"Node Type": "Nested Loop", "Parent Relationship": "Outer", "Join Type": "Inner", "Startup Cost": 0.0, "Total Cost": 81519.78, "Plan Rows": 5775, "Plan Width": 4, "Inner Unique": false, "Plans": [{"Node Type": "Index Scan", "Parent Relationship": "Outer", "Scan Direction": "Forward", "Index Name": "company_name_pkey", "Relation Name": "company_name", "Alias": "cn", "Startup Cost": 0.0, "Total Cost": 10501.39, "Plan Rows": 6290, "Plan Width": 4, "Filter": "((country_code)::text = '[jp]'::text)"}, {"Node Type": "Index Scan", "Parent Relationship": "Inner", "Scan Direction": "Forward", "Index Name": "company_id_movie_companies", "Relation Name": "movie_companies", "Alias": "mc", "Startup Cost": 0.0, "Total Cost": 11.28, "Plan Rows": 1, "Plan Width": 8, "Index Cond": "(company_id = cn.id)", "Filter": "(((note)::text ~~ '%(Japan)%'::text) AND ((note)::text !~~ '%(USA)%'::text))"}]}, {"Node Type": "Index Scan", "Parent Relationship": "Inner", "Scan Direction": "Forward", "Index Name": "title_pkey", "Relation Name": "title", "Alias": "t", "Startup Cost": 0.0, "Total Cost": 3.91, "Plan Rows": 1, "Plan Width": 21, "Index Cond": "(id = mc.movie_id)"}]}, {"Node Type": "Index Scan", "Parent Relationship": "Inner", "Scan Direction": "Forward", "Index Name": "movie_id_cast_info", "Relation Name": "cast_info", "Alias": "ci", "Startup Cost": 0.0, "Total Cost": 0.98, "Plan Rows": 1, "Plan Width": 12, "Index Cond": "(movie_id = t.id)", "Filter": "((note)::text = '(voice: English version)'::text)"}]}]}]}, {"Node Type": "Index Scan", "Parent Relationship": "Inner", "Scan Direction": "Forward", "Index Name": "person_id_aka_name", "Relation Name": "aka_name", "Alias": "an1", "Startup Cost": 0.0, "Total Cost": 0.84, "Plan Rows": 1, "Plan Width": 20, "Index Cond": "(person_id = ci.person_id)"}]}, {"Node Type": "Index Scan", "Parent Relationship": "Inner", "Scan Direction": "Forward", "Index Name": "name_pkey", "Relation Name": "name", "Alias": "n1", "Startup Cost": 0.0, "Total Cost": 0.57, "Plan Rows": 1, "Plan Width": 4, "Index Cond": "(id = an1.person_id)", "Filter": "(((name)::text ~~ '%Yo%'::text) AND ((name)::text !~~ '%Yu%'::text))"}]}]}, "Unique SQL Id": 3544391839, "Planner Runtime": 26}, "explain_analyze_plan": {"Plan": {"Node Type": "Aggregate", "Strategy": "Plain", "Startup Cost": 111152.55, "Total Cost": 111152.56, "Plan Rows": 1, "Plan Width": 97, "Actual Startup Time": 3625.815, "Actual Total Time": 3625.816, "Actual Rows": 1, "Actual Loops": 1, "Plans": [{"Node Type": "Nested Loop", "Parent Relationship": "Outer", "Join Type": "Inner", "Startup Cost": 110275.3, "Total Cost": 111152.07, "Plan Rows": 96, "Plan Width": 33, "Actual Startup Time": 3512.958, "Actual Total Time": 3625.719, "Actual Rows": 62, "Actual Loops": 1, "Inner Unique": true, "Plans": [{"Node Type": "Nested Loop", "Parent Relationship": "Outer", "Join Type": "Inner", "Startup Cost": 110275.3, "Total Cost": 110776.53, "Plan Rows": 645, "Plan Width": 41, "Actual Startup Time": 3511.731, "Actual Total Time": 3556.463, "Actual Rows": 17379, "Actual Loops": 1, "Inner Unique": false, "Plans": [{"Node Type": "Merge Join", "Parent Relationship": "Outer", "Join Type": "Inner", "Startup Cost": 110275.3, "Total Cost": 110322.31, "Plan Rows": 532, "Plan Width": 21, "Actual Startup Time": 3511.701, "Actual Total Time": 3515.421, "Actual Rows": 7438, "Actual Loops": 1, "Inner Unique": false, "Merge Cond": "(rt.id = ci.role_id)", "Plans": [{"Node Type": "Index Scan", "Parent Relationship": "Outer", "Scan Direction": "Forward", "Index Name": "role_type_pkey", "Relation Name": "role_type", "Alias": "rt", "Startup Cost": 0.0, "Total Cost": 12.46, "Plan Rows": 1, "Plan Width": 4, "Actual Startup Time": 0.023, "Actual Total Time": 0.037, "Actual Rows": 1, "Actual Loops": 1, "Filter": "((role)::text = 'actress'::text)", "Rows Removed by Filter": 11}, {"Node Type": "Sort", "Parent Relationship": "Inner", "Startup Cost": 110275.3, "Total Cost": 110289.91, "Plan Rows": 5847, "Plan Width": 25, "Actual Startup Time": 3507.459, "Actual Total Time": 3510.948, "Actual Rows": 19600, "Actual Loops": 1, "Sort Key": ["ci.role_id"], "Sort Method": "quicksort", "Sort Space Used": 2817, "Sort Space Type": "Memory", "Plans": [{"Node Type": "Nested Loop", "Parent Relationship": "Outer", "Join Type": "Inner", "Startup Cost": 0.0, "Total Cost": 109909.47, "Plan Rows": 5847, "Plan Width": 25, "Actual Startup Time": 0.245, "Actual Total Time": 3499.492, "Actual Rows": 19600, "Actual Loops": 1, "Inner Unique": false, "Plans": [{"Node Type": "Nested Loop", "Parent Relationship": "Outer", "Join Type": "Inner", "Startup Cost": 0.0, "Total Cost": 104166.87, "Plan Rows": 5775, "Plan Width": 25, "Actual Startup Time": 0.194, "Actual Total Time": 830.736, "Actual Rows": 48328, "Actual Loops": 1, "Inner Unique": true, "Plans": [{"Node Type": "Nested Loop", "Parent Relationship": "Outer", "Join Type": "Inner", "Startup Cost": 0.0, "Total Cost": 81519.78, "Plan Rows": 5775, "Plan Width": 4, "Actual Startup Time": 0.185, "Actual Total Time": 542.834, "Actual Rows": 48328, "Actual Loops": 1, "Inner Unique": false, "Plans": [{"Node Type": "Index Scan", "Parent Relationship": "Outer", "Scan Direction": "Forward", "Index Name": "company_name_pkey", "Relation Name": "company_name", "Alias": "cn", "Startup Cost": 0.0, "Total Cost": 10501.39, "Plan Rows": 6290, "Plan Width": 4, "Actual Startup Time": 0.15, "Actual Total Time": 324.32, "Actual Rows": 6752, "Actual Loops": 1, "Filter": "((country_code)::text = '[jp]'::text)", "Rows Removed by Filter": 228244}, {"Node Type": "Index Scan", "Parent Relationship": "Inner", "Scan Direction": "Forward", "Index Name": "company_id_movie_companies", "Relation Name": "movie_companies", "Alias": "mc", "Startup Cost": 0.0, "Total Cost": 11.28, "Plan Rows": 1, "Plan Width": 8, "Actual Startup Time": 58.672, "Actual Total Time": 202.575, "Actual Rows": 48328, "Actual Loops": 6752, "Index Cond": "(company_id = cn.id)", "Rows Removed by Index Recheck": 0, "Filter": "(((note)::text ~~ '%(Japan)%'::text) AND ((note)::text !~~ '%(USA)%'::text))", "Rows Removed by Filter": 56667}]}, {"Node Type": "Index Scan", "Parent Relationship": "Inner", "Scan Direction": "Forward", "Index Name": "title_pkey", "Relation Name": "title", "Alias": "t", "Startup Cost": 0.0, "Total Cost": 3.91, "Plan Rows": 1, "Plan Width": 21, "Actual Startup Time": 246.311, "Actual Total Time": 246.311, "Actual Rows": 48328, "Actual Loops": 48328, "Index Cond": "(id = mc.movie_id)", "Rows Removed by Index Recheck": 0}]}, {"Node Type": "Index Scan", "Parent Relationship": "Inner", "Scan Direction": "Forward", "Index Name": "movie_id_cast_info", "Relation Name": "cast_info", "Alias": "ci", "Startup Cost": 0.0, "Total Cost": 0.98, "Plan Rows": 1, "Plan Width": 12, "Actual Startup Time": 2514.594, "Actual Total Time": 2637.894, "Actual Rows": 19600, "Actual Loops": 48328, "Index Cond": "(movie_id = t.id)", "Rows Removed by Index Recheck": 0, "Filter": "((note)::text = '(voice: English version)'::text)", "Rows Removed by Filter": 1531710}]}]}]}, {"Node Type": "Index Scan", "Parent Relationship": "Inner", "Scan Direction": "Forward", "Index Name": "person_id_aka_name", "Relation Name": "aka_name", "Alias": "an1", "Startup Cost": 0.0, "Total Cost": 0.84, "Plan Rows": 1, "Plan Width": 20, "Actual Startup Time": 25.908, "Actual Total Time": 33.28, "Actual Rows": 17379, "Actual Loops": 7438, "Index Cond": "(person_id = ci.person_id)", "Rows Removed by Index Recheck": 0}]}, {"Node Type": "Index Scan", "Parent Relationship": "Inner", "Scan Direction": "Forward", "Index Name": "name_pkey", "Relation Name": "name", "Alias": "n1", "Startup Cost": 0.0, "Total Cost": 0.57, "Plan Rows": 1, "Plan Width": 4, "Actual Startup Time": 61.05, "Actual Total Time": 61.05, "Actual Rows": 62, "Actual Loops": 17379, "Index Cond": "(id = an1.person_id)", "Rows Removed by Index Recheck": 0, "Filter": "(((name)::text ~~ '%Yo%'::text) AND ((name)::text !~~ '%Yu%'::text))", "Rows Removed by Filter": 17317}]}]}, "Triggers": [], "Planner Runtime": 26, "Total Runtime": 3626.268, "Unique SQL Id": 3544391839}}, "(1, 90)": {"explain_plan": {"Plan": {"Node Type": "Aggregate", "Strategy": "Plain", "Startup Cost": 1336107.03, "Total Cost": 1336107.04, "Plan Rows": 1, "Plan Width": 97, "Plans": [{"Node Type": "Merge Join", "Parent Relationship": "Outer", "Join Type": "Inner", "Startup Cost": 1323418.51, "Total Cost": 1336103.8, "Plan Rows": 646, "Plan Width": 33, "Inner Unique": true, "Merge Cond": "(ci.movie_id = t.id)", "Plans": [{"Node Type": "Merge Join", "Parent Relationship": "Outer", "Join Type": "Inner", "Startup Cost": 994466.78, "Total Cost": 994513.72, "Plan Rows": 646, "Plan Width": 24, "Inner Unique": false, "Merge Cond": "(mc.movie_id = ci.movie_id)", "Plans": [{"Node Type": "Sort", "Parent Relationship": "Outer", "Startup Cost": 64555.13, "Total Cost": 64569.57, "Plan Rows": 5775, "Plan Width": 4, "Sort Key": ["mc.movie_id"], "Plans": [{"Node Type": "Merge Join", "Parent Relationship": "Outer", "Join Type": "Inner", "Startup Cost": 63927.73, "Total Cost": 64194.32, "Plan Rows": 5775, "Plan Width": 4, "Inner Unique": false, "Merge Cond": "(cn.id = mc.company_id)", "Plans": [{"Node Type": "Sort", "Parent Relationship": "Outer", "Startup Cost": 6300.31, "Total Cost": 6316.04, "Plan Rows": 6290, "Plan Width": 4, "Sort Key": ["cn.id"], "Plans": [{"Node Type": "Seq Scan", "Parent Relationship": "Outer", "Relation Name": "company_name", "Alias": "cn", "Startup Cost": 0.0, "Total Cost": 5903.45, "Plan Rows": 6290, "Plan Width": 4, "Filter": "((country_code)::text = '[jp]'::text)"}]}, {"Node Type": "Sort", "Parent Relationship": "Inner", "Startup Cost": 57622.68, "Total Cost": 57713.74, "Plan Rows": 36426, "Plan Width": 8, "Sort Key": ["mc.company_id"], "Plans": [{"Node Type": "Seq Scan", "Parent Relationship": "Outer", "Relation Name": "movie_companies", "Alias": "mc", "Startup Cost": 0.0, "Total Cost": 54862.92, "Plan Rows": 36426, "Plan Width": 8, "Filter": "(((note)::text ~~ '%(Japan)%'::text) AND ((note)::text !~~ '%(USA)%'::text))"}]}]}]}, {"Node Type": "Sort", "Parent Relationship": "Inner", "Startup Cost": 929911.65, "Total Cost": 929915.55, "Plan Rows": 1560, "Plan Width": 20, "Sort Key": ["ci.movie_id"], "Plans": [{"Node Type": "Merge Join", "Parent Relationship": "Outer", "Join Type": "Inner", "Startup Cost": 925605.33, "Total Cost": 929828.91, "Plan Rows": 1560, "Plan Width": 20, "Inner Unique": true, "Merge Cond": "(an1.person_id = n1.id)", "Plans": [{"Node Type": "Merge Join", "Parent Relationship": "Outer", "Join Type": "Inner", "Startup Cost": 810740.53, "Total Cost": 814762.96, "Plan Rows": 10524, "Plan Width": 28, "Inner Unique": false, "Merge Cond": "(ci.person_id = an1.person_id)", "Plans": [{"Node Type": "Sort", "Parent Relationship": "Outer", "Startup Cost": 701681.65, "Total Cost": 701703.63, "Plan Rows": 8790, "Plan Width": 8, "Sort Key": ["ci.person_id"], "Plans": [{"Node Type": "Merge Join", "Parent Relationship": "Outer", "Join Type": "Inner", "Startup Cost": 700534.47, "Total Cost": 701105.84, "Plan Rows": 8790, "Plan Width": 8, "Inner Unique": false, "Merge Cond": "(rt.id = ci.role_id)", "Plans": [{"Node Type": "Sort", "Parent Relationship": "Outer", "Startup Cost": 1.16, "Total Cost": 1.16, "Plan Rows": 1, "Plan Width": 4, "Sort Key": ["rt.id"], "Plans": [{"Node Type": "Seq Scan", "Parent Relationship": "Outer", "Relation Name": "role_type", "Alias": "rt", "Startup Cost": 0.0, "Total Cost": 1.15, "Plan Rows": 1, "Plan Width": 4, "Filter": "((role)::text = 'actress'::text)"}]}, {"Node Type": "Sort", "Parent Relationship": "Inner", "Startup Cost": 700533.31, "Total Cost": 700775.04, "Plan Rows": 96692, "Plan Width": 12, "Sort Key": ["ci.role_id"], "Plans": [{"Node Type": "Seq Scan", "Parent Relationship": "Outer", "Relation Name": "cast_info", "Alias": "ci", "Startup Cost": 0.0, "Total Cost": 692526.68, "Plan Rows": 96692, "Plan Width": 12, "Filter": "((note)::text = '(voice: English version)'::text)"}]}]}]}, {"Node Type": "Sort", "Parent Relationship": "Inner", "Startup Cost": 109058.87, "Total Cost": 111312.23, "Plan Rows": 901342, "Plan Width": 20, "Sort Key": ["an1.person_id"], "Plans": [{"Node Type": "Seq Scan", "Parent Relationship": "Outer", "Relation Name": "aka_name", "Alias": "an1", "Startup Cost": 0.0, "Total Cost": 19908.42, "Plan Rows": 901342, "Plan Width": 20}]}]}, {"Node Type": "Sort", "Parent Relationship": "Inner", "Startup Cost": 114864.8, "Total Cost": 114899.52, "Plan Rows": 13886, "Plan Width": 4, "Sort Key": ["n1.id"], "Plans": [{"Node Type": "Seq Scan", "Parent Relationship": "Outer", "Relation Name": "name", "Alias": "n1", "Startup Cost": 0.0, "Total Cost": 113909.35, "Plan Rows": 13886, "Plan Width": 4, "Filter": "(((name)::text ~~ '%Yo%'::text) AND ((name)::text !~~ '%Yu%'::text))"}]}]}]}]}, {"Node Type": "Sort", "Parent Relationship": "Inner", "Startup Cost": 328951.73, "Total Cost": 335272.51, "Plan Rows": 2528311, "Plan Width": 21, "Sort Key": ["t.id"], "Plans": [{"Node Type": "Seq Scan", "Parent Relationship": "Outer", "Relation Name": "title", "Alias": "t", "Startup Cost": 0.0, "Total Cost": 60069.11, "Plan Rows": 2528311, "Plan Width": 21}]}]}]}, "Unique SQL Id": 3544391839, "Planner Runtime": 38}, "explain_analyze_plan": null}, "(1, 91)": {"explain_plan": {"Plan": {"Node Type": "Aggregate", "Strategy": "Plain", "Startup Cost": 6720774816498.74, "Total Cost": 6720774816498.75, "Plan Rows": 1, "Plan Width": 97, "Plans": [{"Node Type": "Merge Join", "Parent Relationship": "Outer", "Join Type": "Inner", "Startup Cost": 5019076330833.08, "Total Cost": 6720774816495.51, "Plan Rows": 646, "Plan Width": 33, "Inner Unique": false, "Merge Cond": "(an1.person_id = ci.person_id)", "Plans": [{"Node Type": "Merge Join", "Parent Relationship": "Outer", "Join Type": "Inner", "Startup Cost": 20030754356.47, "Total Cost": 2000026606025.89, "Plan Rows": 16627, "Plan Width": 24, "Inner Unique": true, "Merge Cond": "(an1.person_id = n1.id)", "Plans": [{"Node Type": "Index Scan", "Parent Relationship": "Outer", "Scan Direction": "Forward", "Index Name": "person_id_aka_name", "Relation Name": "aka_name", "Alias": "an1", "Startup Cost": 10000000000.0, "Total Cost": 1000006896503.43, "Plan Rows": 901342, "Plan Width": 20}, {"Node Type": "Materialize", "Parent Relationship": "Inner", "Startup Cost": 10000000000.0, "Total Cost": 1000019707054.42, "Plan Rows": 13886, "Plan Width": 4, "Plans": [{"Node Type": "Index Scan", "Parent Relationship": "Outer", "Scan Direction": "Forward", "Index Name": "name_pkey", "Relation Name": "name", "Alias": "n1", "Startup Cost": 10000000000.0, "Total Cost": 1000019707019.7, "Plan Rows": 13886, "Plan Width": 4, "Filter": "(((name)::text ~~ '%Yo%'::text) AND ((name)::text !~~ '%Yu%'::text))"}]}]}, {"Node Type": "Sort", "Parent Relationship": "Inner", "Startup Cost": 4999045576476.62, "Total Cost": 4999045576477.95, "Plan Rows": 532, "Plan Width": 21, "Sort Key": ["ci.person_id"], "Plans": [{"Node Type": "Merge Join", "Parent Relationship": "Outer", "Join Type": "Inner", "Startup Cost": 4009044526257.38, "Total Cost": 4999045576452.53, "Plan Rows": 532, "Plan Width": 21, "Inner Unique": true, "Merge Cond": "(mc.company_id = cn.id)", "Plans": [{"Node Type": "Sort", "Parent Relationship": "Outer", "Startup Cost": 3999044526256.94, "Total Cost": 3999044526265.29, "Plan Rows": 3338, "Plan Width": 25, "Sort Key": ["mc.company_id"], "Plans": [{"Node Type": "Merge Join", "Parent Relationship": "Outer", "Join Type": "Inner", "Startup Cost": 2020014670250.22, "Total Cost": 3999044526061.59, "Plan Rows": 3338, "Plan Width": 25, "Inner Unique": false, "Merge Cond": "(ci.movie_id = mc.movie_id)", "Plans": [{"Node Type": "Merge Join", "Parent Relationship": "Outer", "Join Type": "Inner", "Startup Cost": 2010014670250.22, "Total Cost": 2999142698151.94, "Plan Rows": 8790, "Plan Width": 29, "Inner Unique": true, "Merge Cond": "(ci.movie_id = t.id)", "Plans": [{"Node Type": "Sort", "Parent Relationship": "Outer", "Startup Cost": 2000014670250.22, "Total Cost": 2000014670272.19, "Plan Rows": 8790, "Plan Width": 8, "Sort Key": ["ci.movie_id"], "Plans": [{"Node Type": "Nested Loop", "Parent Relationship": "Outer", "Join Type": "Inner", "Startup Cost": 20000000000.0, "Total Cost": 2000014669674.4, "Plan Rows": 8790, "Plan Width": 8, "Inner Unique": false, "Plans": [{"Node Type": "Index Scan", "Parent Relationship": "Outer", "Scan Direction": "Forward", "Index Name": "role_type_pkey", "Relation Name": "role_type", "Alias": "rt", "Startup Cost": 10000000000.0, "Total Cost": 1000000001246.0, "Plan Rows": 1, "Plan Width": 4, "Filter": "((role)::text = 'actress'::text)"}, {"Node Type": "Index Scan", "Parent Relationship": "Inner", "Scan Direction": "Forward", "Index Name": "role_id_cast_info", "Relation Name": "cast_info", "Alias": "ci", "Startup Cost": 10000000000.0, "Total Cost": 1000014668340.5, "Plan Rows": 8790, "Plan Width": 12, "Index Cond": "(role_id = rt.id)", "Filter": "((note)::text = '(voice: English version)'::text)"}]}]}, {"Node Type": "Index Scan", "Parent Relationship": "Inner", "Scan Direction": "Forward", "Index Name": "title_pkey", "Relation Name": "title", "Alias": "t", "Startup Cost": 10000000000.0, "Total Cost": 1000011012048.91, "Plan Rows": 2528311, "Plan Width": 21}]}, {"Node Type": "Index Scan", "Parent Relationship": "Inner", "Scan Direction": "Forward", "Index Name": "movie_id_movie_companies", "Relation Name": "movie_companies", "Alias": "mc", "Startup Cost": 10000000000.0, "Total Cost": 1000014356510.13, "Plan Rows": 36426, "Plan Width": 8, "Filter": "(((note)::text ~~ '%(Japan)%'::text) AND ((note)::text !~~ '%(USA)%'::text))"}]}]}, {"Node Type": "Index Scan", "Parent Relationship": "Inner", "Scan Direction": "Forward", "Index Name": "company_name_pkey", "Relation Name": "company_name", "Alias": "cn", "Startup Cost": 10000000000.0, "Total Cost": 1000001050138.97, "Plan Rows": 6290, "Plan Width": 4, "Filter": "((country_code)::text = '[jp]'::text)"}]}]}]}]}, "Unique SQL Id": 3544391839, "Planner Runtime": 117}, "explain_analyze_plan": null}, "(1, 92)": {"explain_plan": {"Plan": {"Node Type": "Aggregate", "Strategy": "Plain", "Startup Cost": 93818.54, "Total Cost": 93818.55, "Plan Rows": 1, "Plan Width": 97, "Plans": [{"Node Type": "Nested Loop", "Parent Relationship": "Outer", "Join Type": "Inner", "Startup Cost": 92951.0, "Total Cost": 93815.31, "Plan Rows": 646, "Plan Width": 33, "Inner Unique": true, "Plans": [{"Node Type": "Nested Loop", "Parent Relationship": "Outer", "Join Type": "Inner", "Startup Cost": 92951.0, "Total Cost": 93439.77, "Plan Rows": 645, "Plan Width": 41, "Inner Unique": false, "Plans": [{"Node Type": "Merge Join", "Parent Relationship": "Outer", "Join Type": "Inner", "Startup Cost": 92951.0, "Total Cost": 92985.56, "Plan Rows": 532, "Plan Width": 21, "Inner Unique": false, "Merge Cond": "(rt.id = ci.role_id)", "Plans": [{"Node Type": "Sort", "Parent Relationship": "Outer", "Startup Cost": 1.16, "Total Cost": 1.16, "Plan Rows": 1, "Plan Width": 4, "Sort Key": ["rt.id"], "Plans": [{"Node Type": "Seq Scan", "Parent Relationship": "Outer", "Relation Name": "role_type", "Alias": "rt", "Startup Cost": 0.0, "Total Cost": 1.15, "Plan Rows": 1, "Plan Width": 4, "Filter": "((role)::text = 'actress'::text)"}]}, {"Node Type": "Sort", "Parent Relationship": "Inner", "Startup Cost": 92949.84, "Total Cost": 92964.46, "Plan Rows": 5847, "Plan Width": 25, "Sort Key": ["ci.role_id"], "Plans": [{"Node Type": "Nested Loop", "Parent Relationship": "Outer", "Join Type": "Inner", "Startup Cost": 63927.73, "Total Cost": 92584.01, "Plan Rows": 5847, "Plan Width": 25, "Inner Unique": false, "Plans": [{"Node Type": "Nested Loop", "Parent Relationship": "Outer", "Join Type": "Inner", "Startup Cost": 63927.73, "Total Cost": 86841.41, "Plan Rows": 5775, "Plan Width": 25, "Inner Unique": true, "Plans": [{"Node Type": "Merge Join", "Parent Relationship": "Outer", "Join Type": "Inner", "Startup Cost": 63927.73, "Total Cost": 64194.32, "Plan Rows": 5775, "Plan Width": 4, "Inner Unique": false, "Merge Cond": "(cn.id = mc.company_id)", "Plans": [{"Node Type": "Sort", "Parent Relationship": "Outer", "Startup Cost": 6300.31, "Total Cost": 6316.04, "Plan Rows": 6290, "Plan Width": 4, "Sort Key": ["cn.id"], "Plans": [{"Node Type": "Seq Scan", "Parent Relationship": "Outer", "Relation Name": "company_name", "Alias": "cn", "Startup Cost": 0.0, "Total Cost": 5903.45, "Plan Rows": 6290, "Plan Width": 4, "Filter": "((country_code)::text = '[jp]'::text)"}]}, {"Node Type": "Sort", "Parent Relationship": "Inner", "Startup Cost": 57622.68, "Total Cost": 57713.74, "Plan Rows": 36426, "Plan Width": 8, "Sort Key": ["mc.company_id"], "Plans": [{"Node Type": "Seq Scan", "Parent Relationship": "Outer", "Relation Name": "movie_companies", "Alias": "mc", "Startup Cost": 0.0, "Total Cost": 54862.92, "Plan Rows": 36426, "Plan Width": 8, "Filter": "(((note)::text ~~ '%(Japan)%'::text) AND ((note)::text !~~ '%(USA)%'::text))"}]}]}, {"Node Type": "Index Scan", "Parent Relationship": "Inner", "Scan Direction": "Forward", "Index Name": "title_pkey", "Relation Name": "title", "Alias": "t", "Startup Cost": 0.0, "Total Cost": 3.91, "Plan Rows": 1, "Plan Width": 21, "Index Cond": "(id = mc.movie_id)"}]}, {"Node Type": "Index Scan", "Parent Relationship": "Inner", "Scan Direction": "Forward", "Index Name": "movie_id_cast_info", "Relation Name": "cast_info", "Alias": "ci", "Startup Cost": 0.0, "Total Cost": 0.98, "Plan Rows": 1, "Plan Width": 12, "Index Cond": "(movie_id = t.id)", "Filter": "((note)::text = '(voice: English version)'::text)"}]}]}]}, {"Node Type": "Index Scan", "Parent Relationship": "Inner", "Scan Direction": "Forward", "Index Name": "person_id_aka_name", "Relation Name": "aka_name", "Alias": "an1", "Startup Cost": 0.0, "Total Cost": 0.84, "Plan Rows": 1, "Plan Width": 20, "Index Cond": "(person_id = ci.person_id)"}]}, {"Node Type": "Index Scan", "Parent Relationship": "Inner", "Scan Direction": "Forward", "Index Name": "name_pkey", "Relation Name": "name", "Alias": "n1", "Startup Cost": 0.0, "Total Cost": 0.57, "Plan Rows": 1, "Plan Width": 4, "Index Cond": "(id = an1.person_id)", "Filter": "(((name)::text ~~ '%Yo%'::text) AND ((name)::text !~~ '%Yu%'::text))"}]}]}, "Unique SQL Id": 3544391839, "Planner Runtime": 25}, "explain_analyze_plan": {"Plan": {"Node Type": "Aggregate", "Strategy": "Plain", "Startup Cost": 93818.54, "Total Cost": 93818.55, "Plan Rows": 1, "Plan Width": 97, "Actual Startup Time": 4126.487, "Actual Total Time": 4126.487, "Actual Rows": 1, "Actual Loops": 1, "Plans": [{"Node Type": "Nested Loop", "Parent Relationship": "Outer", "Join Type": "Inner", "Startup Cost": 92951.0, "Total Cost": 93815.31, "Plan Rows": 646, "Plan Width": 33, "Actual Startup Time": 4023.214, "Actual Total Time": 4126.383, "Actual Rows": 62, "Actual Loops": 1, "Inner Unique": true, "Plans": [{"Node Type": "Nested Loop", "Parent Relationship": "Outer", "Join Type": "Inner", "Startup Cost": 92951.0, "Total Cost": 93439.77, "Plan Rows": 645, "Plan Width": 41, "Actual Startup Time": 4020.389, "Actual Total Time": 4061.066, "Actual Rows": 17379, "Actual Loops": 1, "Inner Unique": false, "Plans": [{"Node Type": "Merge Join", "Parent Relationship": "Outer", "Join Type": "Inner", "Startup Cost": 92951.0, "Total Cost": 92985.56, "Plan Rows": 532, "Plan Width": 21, "Actual Startup Time": 4020.35, "Actual Total Time": 4023.876, "Actual Rows": 7438, "Actual Loops": 1, "Inner Unique": false, "Merge Cond": "(rt.id = ci.role_id)", "Plans": [{"Node Type": "Sort", "Parent Relationship": "Outer", "Startup Cost": 1.16, "Total Cost": 1.16, "Plan Rows": 1, "Plan Width": 4, "Actual Startup Time": 0.047, "Actual Total Time": 0.047, "Actual Rows": 1, "Actual Loops": 1, "Sort Key": ["rt.id"], "Sort Method": "quicksort", "Sort Space Used": 25, "Sort Space Type": "Memory", "Plans": [{"Node Type": "Seq Scan", "Parent Relationship": "Outer", "Relation Name": "role_type", "Alias": "rt", "Startup Cost": 0.0, "Total Cost": 1.15, "Plan Rows": 1, "Plan Width": 4, "Actual Startup Time": 0.026, "Actual Total Time": 0.03, "Actual Rows": 1, "Actual Loops": 1, "Filter": "((role)::text = 'actress'::text)", "Rows Removed by Filter": 11}]}, {"Node Type": "Sort", "Parent Relationship": "Inner", "Startup Cost": 92949.84, "Total Cost": 92964.46, "Plan Rows": 5847, "Plan Width": 25, "Actual Startup Time": 4016.786, "Actual Total Time": 4019.613, "Actual Rows": 19600, "Actual Loops": 1, "Sort Key": ["ci.role_id"], "Sort Method": "quicksort", "Sort Space Used": 2817, "Sort Space Type": "Memory", "Plans": [{"Node Type": "Nested Loop", "Parent Relationship": "Outer", "Join Type": "Inner", "Startup Cost": 63927.73, "Total Cost": 92584.01, "Plan Rows": 5847, "Plan Width": 25, "Actual Startup Time": 1052.78, "Actual Total Time": 4009.147, "Actual Rows": 19600, "Actual Loops": 1, "Inner Unique": false, "Plans": [{"Node Type": "Nested Loop", "Parent Relationship": "Outer", "Join Type": "Inner", "Startup Cost": 63927.73, "Total Cost": 86841.41, "Plan Rows": 5775, "Plan Width": 25, "Actual Startup Time": 1052.325, "Actual Total Time": 1376.735, "Actual Rows": 48328, "Actual Loops": 1, "Inner Unique": true, "Plans": [{"Node Type": "Merge Join", "Parent Relationship": "Outer", "Join Type": "Inner", "Startup Cost": 63927.73, "Total Cost": 64194.32, "Plan Rows": 5775, "Plan Width": 4, "Actual Startup Time": 1052.278, "Actual Total Time": 1082.154, "Actual Rows": 48328, "Actual Loops": 1, "Inner Unique": false, "Merge Cond": "(cn.id = mc.company_id)", "Plans": [{"Node Type": "Sort", "Parent Relationship": "Outer", "Startup Cost": 6300.31, "Total Cost": 6316.04, "Plan Rows": 6290, "Plan Width": 4, "Actual Startup Time": 82.123, "Actual Total Time": 82.719, "Actual Rows": 2418, "Actual Loops": 1, "Sort Key": ["cn.id"], "Sort Method": "quicksort", "Sort Space Used": 615, "Sort Space Type": "Memory", "Plans": [{"Node Type": "Seq Scan", "Parent Relationship": "Outer", "Relation Name": "company_name", "Alias": "cn", "Startup Cost": 0.0, "Total Cost": 5903.45, "Plan Rows": 6290, "Plan Width": 4, "Actual Startup Time": 0.025, "Actual Total Time": 79.686, "Actual Rows": 6752, "Actual Loops": 1, "Filter": "((country_code)::text = '[jp]'::text)", "Rows Removed by Filter": 228244}]}, {"Node Type": "Sort", "Parent Relationship": "Inner", "Startup Cost": 57622.68, "Total Cost": 57713.74, "Plan Rows": 36426, "Plan Width": 8, "Actual Startup Time": 970.14, "Actual Total Time": 983.797, "Actual Rows": 48897, "Actual Loops": 1, "Sort Key": ["mc.company_id"], "Sort Method": "quicksort", "Sort Space Used": 4593, "Sort Space Type": "Memory", "Plans": [{"Node Type": "Seq Scan", "Parent Relationship": "Outer", "Relation Name": "movie_companies", "Alias": "mc", "Startup Cost": 0.0, "Total Cost": 54862.92, "Plan Rows": 36426, "Plan Width": 8, "Actual Startup Time": 0.239, "Actual Total Time": 954.33, "Actual Rows": 48897, "Actual Loops": 1, "Filter": "(((note)::text ~~ '%(Japan)%'::text) AND ((note)::text !~~ '%(USA)%'::text))", "Rows Removed by Filter": 2560231}]}]}, {"Node Type": "Index Scan", "Parent Relationship": "Inner", "Scan Direction": "Forward", "Index Name": "title_pkey", "Relation Name": "title", "Alias": "t", "Startup Cost": 0.0, "Total Cost": 3.91, "Plan Rows": 1, "Plan Width": 21, "Actual Startup Time": 254.787, "Actual Total Time": 254.787, "Actual Rows": 48328, "Actual Loops": 48328, "Index Cond": "(id = mc.movie_id)", "Rows Removed by Index Recheck": 0}]}, {"Node Type": "Index Scan", "Parent Relationship": "Inner", "Scan Direction": "Forward", "Index Name": "movie_id_cast_info", "Relation Name": "cast_info", "Alias": "ci", "Startup Cost": 0.0, "Total Cost": 0.98, "Plan Rows": 1, "Plan Width": 12, "Actual Startup Time": 2482.585, "Actual Total Time": 2601.461, "Actual Rows": 19600, "Actual Loops": 48328, "Index Cond": "(movie_id = t.id)", "Rows Removed by Index Recheck": 0, "Filter": "((note)::text = '(voice: English version)'::text)", "Rows Removed by Filter": 1531710}]}]}]}, {"Node Type": "Index Scan", "Parent Relationship": "Inner", "Scan Direction": "Forward", "Index Name": "person_id_aka_name", "Relation Name": "aka_name", "Alias": "an1", "Startup Cost": 0.0, "Total Cost": 0.84, "Plan Rows": 1, "Plan Width": 20, "Actual Startup Time": 22.648, "Actual Total Time": 29.382, "Actual Rows": 17379, "Actual Loops": 7438, "Index Cond": "(person_id = ci.person_id)", "Rows Removed by Index Recheck": 0}]}, {"Node Type": "Index Scan", "Parent Relationship": "Inner", "Scan Direction": "Forward", "Index Name": "name_pkey", "Relation Name": "name", "Alias": "n1", "Startup Cost": 0.0, "Total Cost": 0.57, "Plan Rows": 1, "Plan Width": 4, "Actual Startup Time": 57.282, "Actual Total Time": 57.282, "Actual Rows": 62, "Actual Loops": 17379, "Index Cond": "(id = an1.person_id)", "Rows Removed by Index Recheck": 0, "Filter": "(((name)::text ~~ '%Yo%'::text) AND ((name)::text !~~ '%Yu%'::text))", "Rows Removed by Filter": 17317}]}]}, "Triggers": [], "Planner Runtime": 25, "Total Runtime": 4126.863, "Unique SQL Id": 3544391839}}, "(1, 93)": {"explain_plan": {"Plan": {"Node Type": "Aggregate", "Strategy": "Plain", "Startup Cost": 111152.55, "Total Cost": 111152.56, "Plan Rows": 1, "Plan Width": 97, "Plans": [{"Node Type": "Nested Loop", "Parent Relationship": "Outer", "Join Type": "Inner", "Startup Cost": 110275.3, "Total Cost": 111152.07, "Plan Rows": 96, "Plan Width": 33, "Inner Unique": true, "Plans": [{"Node Type": "Nested Loop", "Parent Relationship": "Outer", "Join Type": "Inner", "Startup Cost": 110275.3, "Total Cost": 110776.53, "Plan Rows": 645, "Plan Width": 41, "Inner Unique": false, "Plans": [{"Node Type": "Merge Join", "Parent Relationship": "Outer", "Join Type": "Inner", "Startup Cost": 110275.3, "Total Cost": 110322.31, "Plan Rows": 532, "Plan Width": 21, "Inner Unique": false, "Merge Cond": "(rt.id = ci.role_id)", "Plans": [{"Node Type": "Index Scan", "Parent Relationship": "Outer", "Scan Direction": "Forward", "Index Name": "role_type_pkey", "Relation Name": "role_type", "Alias": "rt", "Startup Cost": 0.0, "Total Cost": 12.46, "Plan Rows": 1, "Plan Width": 4, "Filter": "((role)::text = 'actress'::text)"}, {"Node Type": "Sort", "Parent Relationship": "Inner", "Startup Cost": 110275.3, "Total Cost": 110289.91, "Plan Rows": 5847, "Plan Width": 25, "Sort Key": ["ci.role_id"], "Plans": [{"Node Type": "Nested Loop", "Parent Relationship": "Outer", "Join Type": "Inner", "Startup Cost": 0.0, "Total Cost": 109909.47, "Plan Rows": 5847, "Plan Width": 25, "Inner Unique": false, "Plans": [{"Node Type": "Nested Loop", "Parent Relationship": "Outer", "Join Type": "Inner", "Startup Cost": 0.0, "Total Cost": 104166.87, "Plan Rows": 5775, "Plan Width": 25, "Inner Unique": true, "Plans": [{"Node Type": "Nested Loop", "Parent Relationship": "Outer", "Join Type": "Inner", "Startup Cost": 0.0, "Total Cost": 81519.78, "Plan Rows": 5775, "Plan Width": 4, "Inner Unique": false, "Plans": [{"Node Type": "Index Scan", "Parent Relationship": "Outer", "Scan Direction": "Forward", "Index Name": "company_name_pkey", "Relation Name": "company_name", "Alias": "cn", "Startup Cost": 0.0, "Total Cost": 10501.39, "Plan Rows": 6290, "Plan Width": 4, "Filter": "((country_code)::text = '[jp]'::text)"}, {"Node Type": "Index Scan", "Parent Relationship": "Inner", "Scan Direction": "Forward", "Index Name": "company_id_movie_companies", "Relation Name": "movie_companies", "Alias": "mc", "Startup Cost": 0.0, "Total Cost": 11.28, "Plan Rows": 1, "Plan Width": 8, "Index Cond": "(company_id = cn.id)", "Filter": "(((note)::text ~~ '%(Japan)%'::text) AND ((note)::text !~~ '%(USA)%'::text))"}]}, {"Node Type": "Index Scan", "Parent Relationship": "Inner", "Scan Direction": "Forward", "Index Name": "title_pkey", "Relation Name": "title", "Alias": "t", "Startup Cost": 0.0, "Total Cost": 3.91, "Plan Rows": 1, "Plan Width": 21, "Index Cond": "(id = mc.movie_id)"}]}, {"Node Type": "Index Scan", "Parent Relationship": "Inner", "Scan Direction": "Forward", "Index Name": "movie_id_cast_info", "Relation Name": "cast_info", "Alias": "ci", "Startup Cost": 0.0, "Total Cost": 0.98, "Plan Rows": 1, "Plan Width": 12, "Index Cond": "(movie_id = t.id)", "Filter": "((note)::text = '(voice: English version)'::text)"}]}]}]}, {"Node Type": "Index Scan", "Parent Relationship": "Inner", "Scan Direction": "Forward", "Index Name": "person_id_aka_name", "Relation Name": "aka_name", "Alias": "an1", "Startup Cost": 0.0, "Total Cost": 0.84, "Plan Rows": 1, "Plan Width": 20, "Index Cond": "(person_id = ci.person_id)"}]}, {"Node Type": "Index Scan", "Parent Relationship": "Inner", "Scan Direction": "Forward", "Index Name": "name_pkey", "Relation Name": "name", "Alias": "n1", "Startup Cost": 0.0, "Total Cost": 0.57, "Plan Rows": 1, "Plan Width": 4, "Index Cond": "(id = an1.person_id)", "Filter": "(((name)::text ~~ '%Yo%'::text) AND ((name)::text !~~ '%Yu%'::text))"}]}]}, "Unique SQL Id": 3544391839, "Planner Runtime": 26}, "explain_analyze_plan": {"Plan": {"Node Type": "Aggregate", "Strategy": "Plain", "Startup Cost": 111152.55, "Total Cost": 111152.56, "Plan Rows": 1, "Plan Width": 97, "Actual Startup Time": 3625.815, "Actual Total Time": 3625.816, "Actual Rows": 1, "Actual Loops": 1, "Plans": [{"Node Type": "Nested Loop", "Parent Relationship": "Outer", "Join Type": "Inner", "Startup Cost": 110275.3, "Total Cost": 111152.07, "Plan Rows": 96, "Plan Width": 33, "Actual Startup Time": 3512.958, "Actual Total Time": 3625.719, "Actual Rows": 62, "Actual Loops": 1, "Inner Unique": true, "Plans": [{"Node Type": "Nested Loop", "Parent Relationship": "Outer", "Join Type": "Inner", "Startup Cost": 110275.3, "Total Cost": 110776.53, "Plan Rows": 645, "Plan Width": 41, "Actual Startup Time": 3511.731, "Actual Total Time": 3556.463, "Actual Rows": 17379, "Actual Loops": 1, "Inner Unique": false, "Plans": [{"Node Type": "Merge Join", "Parent Relationship": "Outer", "Join Type": "Inner", "Startup Cost": 110275.3, "Total Cost": 110322.31, "Plan Rows": 532, "Plan Width": 21, "Actual Startup Time": 3511.701, "Actual Total Time": 3515.421, "Actual Rows": 7438, "Actual Loops": 1, "Inner Unique": false, "Merge Cond": "(rt.id = ci.role_id)", "Plans": [{"Node Type": "Index Scan", "Parent Relationship": "Outer", "Scan Direction": "Forward", "Index Name": "role_type_pkey", "Relation Name": "role_type", "Alias": "rt", "Startup Cost": 0.0, "Total Cost": 12.46, "Plan Rows": 1, "Plan Width": 4, "Actual Startup Time": 0.023, "Actual Total Time": 0.037, "Actual Rows": 1, "Actual Loops": 1, "Filter": "((role)::text = 'actress'::text)", "Rows Removed by Filter": 11}, {"Node Type": "Sort", "Parent Relationship": "Inner", "Startup Cost": 110275.3, "Total Cost": 110289.91, "Plan Rows": 5847, "Plan Width": 25, "Actual Startup Time": 3507.459, "Actual Total Time": 3510.948, "Actual Rows": 19600, "Actual Loops": 1, "Sort Key": ["ci.role_id"], "Sort Method": "quicksort", "Sort Space Used": 2817, "Sort Space Type": "Memory", "Plans": [{"Node Type": "Nested Loop", "Parent Relationship": "Outer", "Join Type": "Inner", "Startup Cost": 0.0, "Total Cost": 109909.47, "Plan Rows": 5847, "Plan Width": 25, "Actual Startup Time": 0.245, "Actual Total Time": 3499.492, "Actual Rows": 19600, "Actual Loops": 1, "Inner Unique": false, "Plans": [{"Node Type": "Nested Loop", "Parent Relationship": "Outer", "Join Type": "Inner", "Startup Cost": 0.0, "Total Cost": 104166.87, "Plan Rows": 5775, "Plan Width": 25, "Actual Startup Time": 0.194, "Actual Total Time": 830.736, "Actual Rows": 48328, "Actual Loops": 1, "Inner Unique": true, "Plans": [{"Node Type": "Nested Loop", "Parent Relationship": "Outer", "Join Type": "Inner", "Startup Cost": 0.0, "Total Cost": 81519.78, "Plan Rows": 5775, "Plan Width": 4, "Actual Startup Time": 0.185, "Actual Total Time": 542.834, "Actual Rows": 48328, "Actual Loops": 1, "Inner Unique": false, "Plans": [{"Node Type": "Index Scan", "Parent Relationship": "Outer", "Scan Direction": "Forward", "Index Name": "company_name_pkey", "Relation Name": "company_name", "Alias": "cn", "Startup Cost": 0.0, "Total Cost": 10501.39, "Plan Rows": 6290, "Plan Width": 4, "Actual Startup Time": 0.15, "Actual Total Time": 324.32, "Actual Rows": 6752, "Actual Loops": 1, "Filter": "((country_code)::text = '[jp]'::text)", "Rows Removed by Filter": 228244}, {"Node Type": "Index Scan", "Parent Relationship": "Inner", "Scan Direction": "Forward", "Index Name": "company_id_movie_companies", "Relation Name": "movie_companies", "Alias": "mc", "Startup Cost": 0.0, "Total Cost": 11.28, "Plan Rows": 1, "Plan Width": 8, "Actual Startup Time": 58.672, "Actual Total Time": 202.575, "Actual Rows": 48328, "Actual Loops": 6752, "Index Cond": "(company_id = cn.id)", "Rows Removed by Index Recheck": 0, "Filter": "(((note)::text ~~ '%(Japan)%'::text) AND ((note)::text !~~ '%(USA)%'::text))", "Rows Removed by Filter": 56667}]}, {"Node Type": "Index Scan", "Parent Relationship": "Inner", "Scan Direction": "Forward", "Index Name": "title_pkey", "Relation Name": "title", "Alias": "t", "Startup Cost": 0.0, "Total Cost": 3.91, "Plan Rows": 1, "Plan Width": 21, "Actual Startup Time": 246.311, "Actual Total Time": 246.311, "Actual Rows": 48328, "Actual Loops": 48328, "Index Cond": "(id = mc.movie_id)", "Rows Removed by Index Recheck": 0}]}, {"Node Type": "Index Scan", "Parent Relationship": "Inner", "Scan Direction": "Forward", "Index Name": "movie_id_cast_info", "Relation Name": "cast_info", "Alias": "ci", "Startup Cost": 0.0, "Total Cost": 0.98, "Plan Rows": 1, "Plan Width": 12, "Actual Startup Time": 2514.594, "Actual Total Time": 2637.894, "Actual Rows": 19600, "Actual Loops": 48328, "Index Cond": "(movie_id = t.id)", "Rows Removed by Index Recheck": 0, "Filter": "((note)::text = '(voice: English version)'::text)", "Rows Removed by Filter": 1531710}]}]}]}, {"Node Type": "Index Scan", "Parent Relationship": "Inner", "Scan Direction": "Forward", "Index Name": "person_id_aka_name", "Relation Name": "aka_name", "Alias": "an1", "Startup Cost": 0.0, "Total Cost": 0.84, "Plan Rows": 1, "Plan Width": 20, "Actual Startup Time": 25.908, "Actual Total Time": 33.28, "Actual Rows": 17379, "Actual Loops": 7438, "Index Cond": "(person_id = ci.person_id)", "Rows Removed by Index Recheck": 0}]}, {"Node Type": "Index Scan", "Parent Relationship": "Inner", "Scan Direction": "Forward", "Index Name": "name_pkey", "Relation Name": "name", "Alias": "n1", "Startup Cost": 0.0, "Total Cost": 0.57, "Plan Rows": 1, "Plan Width": 4, "Actual Startup Time": 61.05, "Actual Total Time": 61.05, "Actual Rows": 62, "Actual Loops": 17379, "Index Cond": "(id = an1.person_id)", "Rows Removed by Index Recheck": 0, "Filter": "(((name)::text ~~ '%Yo%'::text) AND ((name)::text !~~ '%Yu%'::text))", "Rows Removed by Filter": 17317}]}]}, "Triggers": [], "Planner Runtime": 26, "Total Runtime": 3626.268, "Unique SQL Id": 3544391839}}, "(1, 94)": {"explain_plan": {"Plan": {"Node Type": "Aggregate", "Strategy": "Plain", "Startup Cost": 1336107.03, "Total Cost": 1336107.04, "Plan Rows": 1, "Plan Width": 97, "Plans": [{"Node Type": "Merge Join", "Parent Relationship": "Outer", "Join Type": "Inner", "Startup Cost": 1323418.51, "Total Cost": 1336103.8, "Plan Rows": 646, "Plan Width": 33, "Inner Unique": true, "Merge Cond": "(ci.movie_id = t.id)", "Plans": [{"Node Type": "Merge Join", "Parent Relationship": "Outer", "Join Type": "Inner", "Startup Cost": 994466.78, "Total Cost": 994513.72, "Plan Rows": 646, "Plan Width": 24, "Inner Unique": false, "Merge Cond": "(mc.movie_id = ci.movie_id)", "Plans": [{"Node Type": "Sort", "Parent Relationship": "Outer", "Startup Cost": 64555.13, "Total Cost": 64569.57, "Plan Rows": 5775, "Plan Width": 4, "Sort Key": ["mc.movie_id"], "Plans": [{"Node Type": "Merge Join", "Parent Relationship": "Outer", "Join Type": "Inner", "Startup Cost": 63927.73, "Total Cost": 64194.32, "Plan Rows": 5775, "Plan Width": 4, "Inner Unique": false, "Merge Cond": "(cn.id = mc.company_id)", "Plans": [{"Node Type": "Sort", "Parent Relationship": "Outer", "Startup Cost": 6300.31, "Total Cost": 6316.04, "Plan Rows": 6290, "Plan Width": 4, "Sort Key": ["cn.id"], "Plans": [{"Node Type": "Seq Scan", "Parent Relationship": "Outer", "Relation Name": "company_name", "Alias": "cn", "Startup Cost": 0.0, "Total Cost": 5903.45, "Plan Rows": 6290, "Plan Width": 4, "Filter": "((country_code)::text = '[jp]'::text)"}]}, {"Node Type": "Sort", "Parent Relationship": "Inner", "Startup Cost": 57622.68, "Total Cost": 57713.74, "Plan Rows": 36426, "Plan Width": 8, "Sort Key": ["mc.company_id"], "Plans": [{"Node Type": "Seq Scan", "Parent Relationship": "Outer", "Relation Name": "movie_companies", "Alias": "mc", "Startup Cost": 0.0, "Total Cost": 54862.92, "Plan Rows": 36426, "Plan Width": 8, "Filter": "(((note)::text ~~ '%(Japan)%'::text) AND ((note)::text !~~ '%(USA)%'::text))"}]}]}]}, {"Node Type": "Sort", "Parent Relationship": "Inner", "Startup Cost": 929911.65, "Total Cost": 929915.55, "Plan Rows": 1560, "Plan Width": 20, "Sort Key": ["ci.movie_id"], "Plans": [{"Node Type": "Merge Join", "Parent Relationship": "Outer", "Join Type": "Inner", "Startup Cost": 925605.33, "Total Cost": 929828.91, "Plan Rows": 1560, "Plan Width": 20, "Inner Unique": true, "Merge Cond": "(an1.person_id = n1.id)", "Plans": [{"Node Type": "Merge Join", "Parent Relationship": "Outer", "Join Type": "Inner", "Startup Cost": 810740.53, "Total Cost": 814762.96, "Plan Rows": 10524, "Plan Width": 28, "Inner Unique": false, "Merge Cond": "(ci.person_id = an1.person_id)", "Plans": [{"Node Type": "Sort", "Parent Relationship": "Outer", "Startup Cost": 701681.65, "Total Cost": 701703.63, "Plan Rows": 8790, "Plan Width": 8, "Sort Key": ["ci.person_id"], "Plans": [{"Node Type": "Merge Join", "Parent Relationship": "Outer", "Join Type": "Inner", "Startup Cost": 700534.47, "Total Cost": 701105.84, "Plan Rows": 8790, "Plan Width": 8, "Inner Unique": false, "Merge Cond": "(rt.id = ci.role_id)", "Plans": [{"Node Type": "Sort", "Parent Relationship": "Outer", "Startup Cost": 1.16, "Total Cost": 1.16, "Plan Rows": 1, "Plan Width": 4, "Sort Key": ["rt.id"], "Plans": [{"Node Type": "Seq Scan", "Parent Relationship": "Outer", "Relation Name": "role_type", "Alias": "rt", "Startup Cost": 0.0, "Total Cost": 1.15, "Plan Rows": 1, "Plan Width": 4, "Filter": "((role)::text = 'actress'::text)"}]}, {"Node Type": "Sort", "Parent Relationship": "Inner", "Startup Cost": 700533.31, "Total Cost": 700775.04, "Plan Rows": 96692, "Plan Width": 12, "Sort Key": ["ci.role_id"], "Plans": [{"Node Type": "Seq Scan", "Parent Relationship": "Outer", "Relation Name": "cast_info", "Alias": "ci", "Startup Cost": 0.0, "Total Cost": 692526.68, "Plan Rows": 96692, "Plan Width": 12, "Filter": "((note)::text = '(voice: English version)'::text)"}]}]}]}, {"Node Type": "Sort", "Parent Relationship": "Inner", "Startup Cost": 109058.87, "Total Cost": 111312.23, "Plan Rows": 901342, "Plan Width": 20, "Sort Key": ["an1.person_id"], "Plans": [{"Node Type": "Seq Scan", "Parent Relationship": "Outer", "Relation Name": "aka_name", "Alias": "an1", "Startup Cost": 0.0, "Total Cost": 19908.42, "Plan Rows": 901342, "Plan Width": 20}]}]}, {"Node Type": "Sort", "Parent Relationship": "Inner", "Startup Cost": 114864.8, "Total Cost": 114899.52, "Plan Rows": 13886, "Plan Width": 4, "Sort Key": ["n1.id"], "Plans": [{"Node Type": "Seq Scan", "Parent Relationship": "Outer", "Relation Name": "name", "Alias": "n1", "Startup Cost": 0.0, "Total Cost": 113909.35, "Plan Rows": 13886, "Plan Width": 4, "Filter": "(((name)::text ~~ '%Yo%'::text) AND ((name)::text !~~ '%Yu%'::text))"}]}]}]}]}, {"Node Type": "Sort", "Parent Relationship": "Inner", "Startup Cost": 328951.73, "Total Cost": 335272.51, "Plan Rows": 2528311, "Plan Width": 21, "Sort Key": ["t.id"], "Plans": [{"Node Type": "Seq Scan", "Parent Relationship": "Outer", "Relation Name": "title", "Alias": "t", "Startup Cost": 0.0, "Total Cost": 60069.11, "Plan Rows": 2528311, "Plan Width": 21}]}]}]}, "Unique SQL Id": 3544391839, "Planner Runtime": 38}, "explain_analyze_plan": null}, "(1, 95)": {"explain_plan": {"Plan": {"Node Type": "Aggregate", "Strategy": "Plain", "Startup Cost": 6720774816498.74, "Total Cost": 6720774816498.75, "Plan Rows": 1, "Plan Width": 97, "Plans": [{"Node Type": "Merge Join", "Parent Relationship": "Outer", "Join Type": "Inner", "Startup Cost": 5019076330833.08, "Total Cost": 6720774816495.51, "Plan Rows": 646, "Plan Width": 33, "Inner Unique": false, "Merge Cond": "(an1.person_id = ci.person_id)", "Plans": [{"Node Type": "Merge Join", "Parent Relationship": "Outer", "Join Type": "Inner", "Startup Cost": 20030754356.47, "Total Cost": 2000026606025.89, "Plan Rows": 16627, "Plan Width": 24, "Inner Unique": true, "Merge Cond": "(an1.person_id = n1.id)", "Plans": [{"Node Type": "Index Scan", "Parent Relationship": "Outer", "Scan Direction": "Forward", "Index Name": "person_id_aka_name", "Relation Name": "aka_name", "Alias": "an1", "Startup Cost": 10000000000.0, "Total Cost": 1000006896503.43, "Plan Rows": 901342, "Plan Width": 20}, {"Node Type": "Materialize", "Parent Relationship": "Inner", "Startup Cost": 10000000000.0, "Total Cost": 1000019707054.42, "Plan Rows": 13886, "Plan Width": 4, "Plans": [{"Node Type": "Index Scan", "Parent Relationship": "Outer", "Scan Direction": "Forward", "Index Name": "name_pkey", "Relation Name": "name", "Alias": "n1", "Startup Cost": 10000000000.0, "Total Cost": 1000019707019.7, "Plan Rows": 13886, "Plan Width": 4, "Filter": "(((name)::text ~~ '%Yo%'::text) AND ((name)::text !~~ '%Yu%'::text))"}]}]}, {"Node Type": "Sort", "Parent Relationship": "Inner", "Startup Cost": 4999045576476.62, "Total Cost": 4999045576477.95, "Plan Rows": 532, "Plan Width": 21, "Sort Key": ["ci.person_id"], "Plans": [{"Node Type": "Merge Join", "Parent Relationship": "Outer", "Join Type": "Inner", "Startup Cost": 4009044526257.38, "Total Cost": 4999045576452.53, "Plan Rows": 532, "Plan Width": 21, "Inner Unique": true, "Merge Cond": "(mc.company_id = cn.id)", "Plans": [{"Node Type": "Sort", "Parent Relationship": "Outer", "Startup Cost": 3999044526256.94, "Total Cost": 3999044526265.29, "Plan Rows": 3338, "Plan Width": 25, "Sort Key": ["mc.company_id"], "Plans": [{"Node Type": "Merge Join", "Parent Relationship": "Outer", "Join Type": "Inner", "Startup Cost": 2020014670250.22, "Total Cost": 3999044526061.59, "Plan Rows": 3338, "Plan Width": 25, "Inner Unique": false, "Merge Cond": "(ci.movie_id = mc.movie_id)", "Plans": [{"Node Type": "Merge Join", "Parent Relationship": "Outer", "Join Type": "Inner", "Startup Cost": 2010014670250.22, "Total Cost": 2999142698151.94, "Plan Rows": 8790, "Plan Width": 29, "Inner Unique": true, "Merge Cond": "(ci.movie_id = t.id)", "Plans": [{"Node Type": "Sort", "Parent Relationship": "Outer", "Startup Cost": 2000014670250.22, "Total Cost": 2000014670272.19, "Plan Rows": 8790, "Plan Width": 8, "Sort Key": ["ci.movie_id"], "Plans": [{"Node Type": "Nested Loop", "Parent Relationship": "Outer", "Join Type": "Inner", "Startup Cost": 20000000000.0, "Total Cost": 2000014669674.4, "Plan Rows": 8790, "Plan Width": 8, "Inner Unique": false, "Plans": [{"Node Type": "Index Scan", "Parent Relationship": "Outer", "Scan Direction": "Forward", "Index Name": "role_type_pkey", "Relation Name": "role_type", "Alias": "rt", "Startup Cost": 10000000000.0, "Total Cost": 1000000001246.0, "Plan Rows": 1, "Plan Width": 4, "Filter": "((role)::text = 'actress'::text)"}, {"Node Type": "Index Scan", "Parent Relationship": "Inner", "Scan Direction": "Forward", "Index Name": "role_id_cast_info", "Relation Name": "cast_info", "Alias": "ci", "Startup Cost": 10000000000.0, "Total Cost": 1000014668340.5, "Plan Rows": 8790, "Plan Width": 12, "Index Cond": "(role_id = rt.id)", "Filter": "((note)::text = '(voice: English version)'::text)"}]}]}, {"Node Type": "Index Scan", "Parent Relationship": "Inner", "Scan Direction": "Forward", "Index Name": "title_pkey", "Relation Name": "title", "Alias": "t", "Startup Cost": 10000000000.0, "Total Cost": 1000011012048.91, "Plan Rows": 2528311, "Plan Width": 21}]}, {"Node Type": "Index Scan", "Parent Relationship": "Inner", "Scan Direction": "Forward", "Index Name": "movie_id_movie_companies", "Relation Name": "movie_companies", "Alias": "mc", "Startup Cost": 10000000000.0, "Total Cost": 1000014356510.13, "Plan Rows": 36426, "Plan Width": 8, "Filter": "(((note)::text ~~ '%(Japan)%'::text) AND ((note)::text !~~ '%(USA)%'::text))"}]}]}, {"Node Type": "Index Scan", "Parent Relationship": "Inner", "Scan Direction": "Forward", "Index Name": "company_name_pkey", "Relation Name": "company_name", "Alias": "cn", "Startup Cost": 10000000000.0, "Total Cost": 1000001050138.97, "Plan Rows": 6290, "Plan Width": 4, "Filter": "((country_code)::text = '[jp]'::text)"}]}]}]}]}, "Unique SQL Id": 3544391839, "Planner Runtime": 117}, "explain_analyze_plan": null}, "(1, 96)": {"explain_plan": {"Plan": {"Node Type": "Aggregate", "Strategy": "Plain", "Startup Cost": 90279.98, "Total Cost": 90279.99, "Plan Rows": 1, "Plan Width": 97, "Plans": [{"Node Type": "Nested Loop", "Parent Relationship": "Outer", "Join Type": "Inner", "Startup Cost": 5983.24, "Total Cost": 90279.92, "Plan Rows": 12, "Plan Width": 33, "Inner Unique": true, "Plans": [{"Node Type": "Nested Loop", "Parent Relationship": "Outer", "Join Type": "Inner", "Startup Cost": 5983.24, "Total Cost": 89904.38, "Plan Rows": 645, "Plan Width": 41, "Inner Unique": false, "Plans": [{"Node Type": "Hash Join", "Parent Relationship": "Outer", "Join Type": "Inner", "Startup Cost": 5983.24, "Total Cost": 89450.16, "Plan Rows": 532, "Plan Width": 21, "Inner Unique": true, "Hash Cond": "(ci.role_id = rt.id)", "Plans": [{"Node Type": "Nested Loop", "Parent Relationship": "Outer", "Join Type": "Inner", "Startup Cost": 5982.08, "Total Cost": 89429.03, "Plan Rows": 5847, "Plan Width": 25, "Inner Unique": false, "Plans": [{"Node Type": "Nested Loop", "Parent Relationship": "Outer", "Join Type": "Inner", "Startup Cost": 5982.08, "Total Cost": 83686.44, "Plan Rows": 5775, "Plan Width": 25, "Inner Unique": true, "Plans": [{"Node Type": "Hash Join", "Parent Relationship": "Outer", "Join Type": "Inner", "Startup Cost": 5982.08, "Total Cost": 61039.34, "Plan Rows": 5775, "Plan Width": 4, "Inner Unique": true, "Hash Cond": "(mc.company_id = cn.id)", "Plans": [{"Node Type": "Seq Scan", "Parent Relationship": "Outer", "Relation Name": "movie_companies", "Alias": "mc", "Startup Cost": 0.0, "Total Cost": 54862.92, "Plan Rows": 36426, "Plan Width": 8, "Filter": "(((note)::text ~~ '%(Japan)%'::text) AND ((note)::text !~~ '%(USA)%'::text))"}, {"Node Type": "Hash", "Parent Relationship": "Inner", "Startup Cost": 5903.45, "Total Cost": 5903.45, "Plan Rows": 6290, "Plan Width": 4, "Plans": [{"Node Type": "Seq Scan", "Parent Relationship": "Outer", "Relation Name": "company_name", "Alias": "cn", "Startup Cost": 0.0, "Total Cost": 5903.45, "Plan Rows": 6290, "Plan Width": 4, "Filter": "((country_code)::text = '[jp]'::text)"}]}]}, {"Node Type": "Index Scan", "Parent Relationship": "Inner", "Scan Direction": "Forward", "Index Name": "title_pkey", "Relation Name": "title", "Alias": "t", "Startup Cost": 0.0, "Total Cost": 3.91, "Plan Rows": 1, "Plan Width": 21, "Index Cond": "(id = mc.movie_id)"}]}, {"Node Type": "Index Scan", "Parent Relationship": "Inner", "Scan Direction": "Forward", "Index Name": "movie_id_cast_info", "Relation Name": "cast_info", "Alias": "ci", "Startup Cost": 0.0, "Total Cost": 0.98, "Plan Rows": 1, "Plan Width": 12, "Index Cond": "(movie_id = t.id)", "Filter": "((note)::text = '(voice: English version)'::text)"}]}, {"Node Type": "Hash", "Parent Relationship": "Inner", "Startup Cost": 1.15, "Total Cost": 1.15, "Plan Rows": 1, "Plan Width": 4, "Plans": [{"Node Type": "Seq Scan", "Parent Relationship": "Outer", "Relation Name": "role_type", "Alias": "rt", "Startup Cost": 0.0, "Total Cost": 1.15, "Plan Rows": 1, "Plan Width": 4, "Filter": "((role)::text = 'actress'::text)"}]}]}, {"Node Type": "Index Scan", "Parent Relationship": "Inner", "Scan Direction": "Forward", "Index Name": "person_id_aka_name", "Relation Name": "aka_name", "Alias": "an1", "Startup Cost": 0.0, "Total Cost": 0.84, "Plan Rows": 1, "Plan Width": 20, "Index Cond": "(person_id = ci.person_id)"}]}, {"Node Type": "Index Scan", "Parent Relationship": "Inner", "Scan Direction": "Forward", "Index Name": "name_pkey", "Relation Name": "name", "Alias": "n1", "Startup Cost": 0.0, "Total Cost": 0.57, "Plan Rows": 1, "Plan Width": 4, "Index Cond": "(id = an1.person_id)", "Filter": "(((name)::text ~~ '%Yo%'::text) AND ((name)::text !~~ '%Yu%'::text))"}]}]}, "Unique SQL Id": 3544391839, "Planner Runtime": 10}, "explain_analyze_plan": {"Plan": {"Node Type": "Aggregate", "Strategy": "Plain", "Startup Cost": 90279.98, "Total Cost": 90279.99, "Plan Rows": 1, "Plan Width": 97, "Actual Startup Time": 3733.84, "Actual Total Time": 3733.84, "Actual Rows": 1, "Actual Loops": 1, "Plans": [{"Node Type": "Nested Loop", "Parent Relationship": "Outer", "Join Type": "Inner", "Startup Cost": 5983.24, "Total Cost": 90279.92, "Plan Rows": 12, "Plan Width": 33, "Actual Startup Time": 342.85, "Actual Total Time": 3733.586, "Actual Rows": 62, "Actual Loops": 1, "Inner Unique": true, "Plans": [{"Node Type": "Nested Loop", "Parent Relationship": "Outer", "Join Type": "Inner", "Startup Cost": 5983.24, "Total Cost": 89904.38, "Plan Rows": 645, "Plan Width": 41, "Actual Startup Time": 82.981, "Actual Total Time": 3661.58, "Actual Rows": 17379, "Actual Loops": 1, "Inner Unique": false, "Plans": [{"Node Type": "Hash Join", "Parent Relationship": "Outer", "Join Type": "Inner", "Startup Cost": 5983.24, "Total Cost": 89450.16, "Plan Rows": 532, "Plan Width": 21, "Actual Startup Time": 82.969, "Actual Total Time": 3616.587, "Actual Rows": 7438, "Actual Loops": 1, "Inner Unique": true, "Hash Cond": "(ci.role_id = rt.id)", "Plans": [{"Node Type": "Nested Loop", "Parent Relationship": "Outer", "Join Type": "Inner", "Startup Cost": 5982.08, "Total Cost": 89429.03, "Plan Rows": 5847, "Plan Width": 25, "Actual Startup Time": 82.875, "Actual Total Time": 3610.029, "Actual Rows": 19600, "Actual Loops": 1, "Inner Unique": false, "Plans": [{"Node Type": "Nested Loop", "Parent Relationship": "Outer", "Join Type": "Inner", "Startup Cost": 5982.08, "Total Cost": 83686.44, "Plan Rows": 5775, "Plan Width": 25, "Actual Startup Time": 82.764, "Actual Total Time": 1289.632, "Actual Rows": 48328, "Actual Loops": 1, "Inner Unique": true, "Plans": [{"Node Type": "Hash Join", "Parent Relationship": "Outer", "Join Type": "Inner", "Startup Cost": 5982.08, "Total Cost": 61039.34, "Plan Rows": 5775, "Plan Width": 4, "Actual Startup Time": 82.724, "Actual Total Time": 1065.561, "Actual Rows": 48328, "Actual Loops": 1, "Inner Unique": true, "Hash Cond": "(mc.company_id = cn.id)", "Plans": [{"Node Type": "Seq Scan", "Parent Relationship": "Outer", "Relation Name": "movie_companies", "Alias": "mc", "Startup Cost": 0.0, "Total Cost": 54862.92, "Plan Rows": 36426, "Plan Width": 8, "Actual Startup Time": 0.222, "Actual Total Time": 950.208, "Actual Rows": 48897, "Actual Loops": 1, "Filter": "(((note)::text ~~ '%(Japan)%'::text) AND ((note)::text !~~ '%(USA)%'::text))", "Rows Removed by Filter": 2560231}, {"Node Type": "Hash", "Parent Relationship": "Inner", "Startup Cost": 5903.45, "Total Cost": 5903.45, "Plan Rows": 6290, "Plan Width": 4, "Actual Startup Time": 82.453, "Actual Total Time": 82.453, "Actual Rows": 6752, "Actual Loops": 1, "Hash Buckets": 32768, "Hash Batches": 1, "Original Hash Batches": 1, "Peak Memory Usage": 238, "Plans": [{"Node Type": "Seq Scan", "Parent Relationship": "Outer", "Relation Name": "company_name", "Alias": "cn", "Startup Cost": 0.0, "Total Cost": 5903.45, "Plan Rows": 6290, "Plan Width": 4, "Actual Startup Time": 0.026, "Actual Total Time": 80.313, "Actual Rows": 6752, "Actual Loops": 1, "Filter": "((country_code)::text = '[jp]'::text)", "Rows Removed by Filter": 228244}]}]}, {"Node Type": "Index Scan", "Parent Relationship": "Inner", "Scan Direction": "Forward", "Index Name": "title_pkey", "Relation Name": "title", "Alias": "t", "Startup Cost": 0.0, "Total Cost": 3.91, "Plan Rows": 1, "Plan Width": 21, "Actual Startup Time": 183.374, "Actual Total Time": 183.374, "Actual Rows": 48328, "Actual Loops": 48328, "Index Cond": "(id = mc.movie_id)", "Rows Removed by Index Recheck": 0}]}, {"Node Type": "Index Scan", "Parent Relationship": "Inner", "Scan Direction": "Forward", "Index Name": "movie_id_cast_info", "Relation Name": "cast_info", "Alias": "ci", "Startup Cost": 0.0, "Total Cost": 0.98, "Plan Rows": 1, "Plan Width": 12, "Actual Startup Time": 2179.245, "Actual Total Time": 2289.531, "Actual Rows": 19600, "Actual Loops": 48328, "Index Cond": "(movie_id = t.id)", "Rows Removed by Index Recheck": 0, "Filter": "((note)::text = '(voice: English version)'::text)", "Rows Removed by Filter": 1531710}]}, {"Node Type": "Hash", "Parent Relationship": "Inner", "Startup Cost": 1.15, "Total Cost": 1.15, "Plan Rows": 1, "Plan Width": 4, "Actual Startup Time": 0.041, "Actual Total Time": 0.041, "Actual Rows": 1, "Actual Loops": 1, "Hash Buckets": 32768, "Hash Batches": 1, "Original Hash Batches": 1, "Peak Memory Usage": 1, "Plans": [{"Node Type": "Seq Scan", "Parent Relationship": "Outer", "Relation Name": "role_type", "Alias": "rt", "Startup Cost": 0.0, "Total Cost": 1.15, "Plan Rows": 1, "Plan Width": 4, "Actual Startup Time": 0.028, "Actual Total Time": 0.033, "Actual Rows": 1, "Actual Loops": 1, "Filter": "((role)::text = 'actress'::text)", "Rows Removed by Filter": 11}]}]}, {"Node Type": "Index Scan", "Parent Relationship": "Inner", "Scan Direction": "Forward", "Index Name": "person_id_aka_name", "Relation Name": "aka_name", "Alias": "an1", "Startup Cost": 0.0, "Total Cost": 0.84, "Plan Rows": 1, "Plan Width": 20, "Actual Startup Time": 28.446, "Actual Total Time": 36.084, "Actual Rows": 17379, "Actual Loops": 7438, "Index Cond": "(person_id = ci.person_id)", "Rows Removed by Index Recheck": 0}]}, {"Node Type": "Index Scan", "Parent Relationship": "Inner", "Scan Direction": "Forward", "Index Name": "name_pkey", "Relation Name": "name", "Alias": "n1", "Startup Cost": 0.0, "Total Cost": 0.57, "Plan Rows": 1, "Plan Width": 4, "Actual Startup Time": 63.271, "Actual Total Time": 63.271, "Actual Rows": 62, "Actual Loops": 17379, "Index Cond": "(id = an1.person_id)", "Rows Removed by Index Recheck": 0, "Filter": "(((name)::text ~~ '%Yo%'::text) AND ((name)::text !~~ '%Yu%'::text))", "Rows Removed by Filter": 17317}]}]}, "Triggers": [], "Planner Runtime": 10, "Total Runtime": 3734.264, "Unique SQL Id": 3544391839}}, "(1, 97)": {"explain_plan": {"Plan": {"Node Type": "Aggregate", "Strategy": "Plain", "Startup Cost": 110771.72, "Total Cost": 110771.73, "Plan Rows": 1, "Plan Width": 97, "Plans": [{"Node Type": "Nested Loop", "Parent Relationship": "Outer", "Join Type": "Inner", "Startup Cost": 12.47, "Total Cost": 110771.66, "Plan Rows": 12, "Plan Width": 33, "Inner Unique": true, "Plans": [{"Node Type": "Nested Loop", "Parent Relationship": "Outer", "Join Type": "Inner", "Startup Cost": 12.47, "Total Cost": 110396.12, "Plan Rows": 645, "Plan Width": 41, "Inner Unique": false, "Plans": [{"Node Type": "Hash Join", "Parent Relationship": "Outer", "Join Type": "Inner", "Startup Cost": 12.47, "Total Cost": 109941.91, "Plan Rows": 532, "Plan Width": 21, "Inner Unique": true, "Hash Cond": "(ci.role_id = rt.id)", "Plans": [{"Node Type": "Nested Loop", "Parent Relationship": "Outer", "Join Type": "Inner", "Startup Cost": 0.0, "Total Cost": 109909.47, "Plan Rows": 5847, "Plan Width": 25, "Inner Unique": false, "Plans": [{"Node Type": "Nested Loop", "Parent Relationship": "Outer", "Join Type": "Inner", "Startup Cost": 0.0, "Total Cost": 104166.87, "Plan Rows": 5775, "Plan Width": 25, "Inner Unique": true, "Plans": [{"Node Type": "Nested Loop", "Parent Relationship": "Outer", "Join Type": "Inner", "Startup Cost": 0.0, "Total Cost": 81519.78, "Plan Rows": 5775, "Plan Width": 4, "Inner Unique": false, "Plans": [{"Node Type": "Index Scan", "Parent Relationship": "Outer", "Scan Direction": "Forward", "Index Name": "company_name_pkey", "Relation Name": "company_name", "Alias": "cn", "Startup Cost": 0.0, "Total Cost": 10501.39, "Plan Rows": 6290, "Plan Width": 4, "Filter": "((country_code)::text = '[jp]'::text)"}, {"Node Type": "Index Scan", "Parent Relationship": "Inner", "Scan Direction": "Forward", "Index Name": "company_id_movie_companies", "Relation Name": "movie_companies", "Alias": "mc", "Startup Cost": 0.0, "Total Cost": 11.28, "Plan Rows": 1, "Plan Width": 8, "Index Cond": "(company_id = cn.id)", "Filter": "(((note)::text ~~ '%(Japan)%'::text) AND ((note)::text !~~ '%(USA)%'::text))"}]}, {"Node Type": "Index Scan", "Parent Relationship": "Inner", "Scan Direction": "Forward", "Index Name": "title_pkey", "Relation Name": "title", "Alias": "t", "Startup Cost": 0.0, "Total Cost": 3.91, "Plan Rows": 1, "Plan Width": 21, "Index Cond": "(id = mc.movie_id)"}]}, {"Node Type": "Index Scan", "Parent Relationship": "Inner", "Scan Direction": "Forward", "Index Name": "movie_id_cast_info", "Relation Name": "cast_info", "Alias": "ci", "Startup Cost": 0.0, "Total Cost": 0.98, "Plan Rows": 1, "Plan Width": 12, "Index Cond": "(movie_id = t.id)", "Filter": "((note)::text = '(voice: English version)'::text)"}]}, {"Node Type": "Hash", "Parent Relationship": "Inner", "Startup Cost": 12.46, "Total Cost": 12.46, "Plan Rows": 1, "Plan Width": 4, "Plans": [{"Node Type": "Index Scan", "Parent Relationship": "Outer", "Scan Direction": "Forward", "Index Name": "role_type_pkey", "Relation Name": "role_type", "Alias": "rt", "Startup Cost": 0.0, "Total Cost": 12.46, "Plan Rows": 1, "Plan Width": 4, "Filter": "((role)::text = 'actress'::text)"}]}]}, {"Node Type": "Index Scan", "Parent Relationship": "Inner", "Scan Direction": "Forward", "Index Name": "person_id_aka_name", "Relation Name": "aka_name", "Alias": "an1", "Startup Cost": 0.0, "Total Cost": 0.84, "Plan Rows": 1, "Plan Width": 20, "Index Cond": "(person_id = ci.person_id)"}]}, {"Node Type": "Index Scan", "Parent Relationship": "Inner", "Scan Direction": "Forward", "Index Name": "name_pkey", "Relation Name": "name", "Alias": "n1", "Startup Cost": 0.0, "Total Cost": 0.57, "Plan Rows": 1, "Plan Width": 4, "Index Cond": "(id = an1.person_id)", "Filter": "(((name)::text ~~ '%Yo%'::text) AND ((name)::text !~~ '%Yu%'::text))"}]}]}, "Unique SQL Id": 3544391839, "Planner Runtime": 7}, "explain_analyze_plan": {"Plan": {"Node Type": "Aggregate", "Strategy": "Plain", "Startup Cost": 110771.72, "Total Cost": 110771.73, "Plan Rows": 1, "Plan Width": 97, "Actual Startup Time": 4010.418, "Actual Total Time": 4010.419, "Actual Rows": 1, "Actual Loops": 1, "Plans": [{"Node Type": "Nested Loop", "Parent Relationship": "Outer", "Join Type": "Inner", "Startup Cost": 12.47, "Total Cost": 110771.66, "Plan Rows": 12, "Plan Width": 33, "Actual Startup Time": 6.081, "Actual Total Time": 4010.149, "Actual Rows": 62, "Actual Loops": 1, "Inner Unique": true, "Plans": [{"Node Type": "Nested Loop", "Parent Relationship": "Outer", "Join Type": "Inner", "Startup Cost": 12.47, "Total Cost": 110396.12, "Plan Rows": 645, "Plan Width": 41, "Actual Startup Time": 0.586, "Actual Total Time": 3931.319, "Actual Rows": 17379, "Actual Loops": 1, "Inner Unique": false, "Plans": [{"Node Type": "Hash Join", "Parent Relationship": "Outer", "Join Type": "Inner", "Startup Cost": 12.47, "Total Cost": 109941.91, "Plan Rows": 532, "Plan Width": 21, "Actual Startup Time": 0.565, "Actual Total Time": 3877.057, "Actual Rows": 7438, "Actual Loops": 1, "Inner Unique": true, "Hash Cond": "(ci.role_id = rt.id)", "Plans": [{"Node Type": "Nested Loop", "Parent Relationship": "Outer", "Join Type": "Inner", "Startup Cost": 0.0, "Total Cost": 109909.47, "Plan Rows": 5847, "Plan Width": 25, "Actual Startup Time": 0.49, "Actual Total Time": 3870.342, "Actual Rows": 19600, "Actual Loops": 1, "Inner Unique": false, "Plans": [{"Node Type": "Nested Loop", "Parent Relationship": "Outer", "Join Type": "Inner", "Startup Cost": 0.0, "Total Cost": 104166.87, "Plan Rows": 5775, "Plan Width": 25, "Actual Startup Time": 0.401, "Actual Total Time": 877.842, "Actual Rows": 48328, "Actual Loops": 1, "Inner Unique": true, "Plans": [{"Node Type": "Nested Loop", "Parent Relationship": "Outer", "Join Type": "Inner", "Startup Cost": 0.0, "Total Cost": 81519.78, "Plan Rows": 5775, "Plan Width": 4, "Actual Startup Time": 0.381, "Actual Total Time": 553.233, "Actual Rows": 48328, "Actual Loops": 1, "Inner Unique": false, "Plans": [{"Node Type": "Index Scan", "Parent Relationship": "Outer", "Scan Direction": "Forward", "Index Name": "company_name_pkey", "Relation Name": "company_name", "Alias": "cn", "Startup Cost": 0.0, "Total Cost": 10501.39, "Plan Rows": 6290, "Plan Width": 4, "Actual Startup Time": 0.333, "Actual Total Time": 319.9, "Actual Rows": 6752, "Actual Loops": 1, "Filter": "((country_code)::text = '[jp]'::text)", "Rows Removed by Filter": 228244}, {"Node Type": "Index Scan", "Parent Relationship": "Inner", "Scan Direction": "Forward", "Index Name": "company_id_movie_companies", "Relation Name": "movie_companies", "Alias": "mc", "Startup Cost": 0.0, "Total Cost": 11.28, "Plan Rows": 1, "Plan Width": 8, "Actual Startup Time": 57.67, "Actual Total Time": 217.5, "Actual Rows": 48328, "Actual Loops": 6752, "Index Cond": "(company_id = cn.id)", "Rows Removed by Index Recheck": 0, "Filter": "(((note)::text ~~ '%(Japan)%'::text) AND ((note)::text !~~ '%(USA)%'::text))", "Rows Removed by Filter": 56667}]}, {"Node Type": "Index Scan", "Parent Relationship": "Inner", "Scan Direction": "Forward", "Index Name": "title_pkey", "Relation Name": "title", "Alias": "t", "Startup Cost": 0.0, "Total Cost": 3.91, "Plan Rows": 1, "Plan Width": 21, "Actual Startup Time": 283.017, "Actual Total Time": 283.017, "Actual Rows": 48328, "Actual Loops": 48328, "Index Cond": "(id = mc.movie_id)", "Rows Removed by Index Recheck": 0}]}, {"Node Type": "Index Scan", "Parent Relationship": "Inner", "Scan Direction": "Forward", "Index Name": "movie_id_cast_info", "Relation Name": "cast_info", "Alias": "ci", "Startup Cost": 0.0, "Total Cost": 0.98, "Plan Rows": 1, "Plan Width": 12, "Actual Startup Time": 2824.057, "Actual Total Time": 2961.525, "Actual Rows": 19600, "Actual Loops": 48328, "Index Cond": "(movie_id = t.id)", "Rows Removed by Index Recheck": 0, "Filter": "((note)::text = '(voice: English version)'::text)", "Rows Removed by Filter": 1531710}]}, {"Node Type": "Hash", "Parent Relationship": "Inner", "Startup Cost": 12.46, "Total Cost": 12.46, "Plan Rows": 1, "Plan Width": 4, "Actual Startup Time": 0.023, "Actual Total Time": 0.023, "Actual Rows": 1, "Actual Loops": 1, "Hash Buckets": 32768, "Hash Batches": 1, "Original Hash Batches": 1, "Peak Memory Usage": 1, "Plans": [{"Node Type": "Index Scan", "Parent Relationship": "Outer", "Scan Direction": "Forward", "Index Name": "role_type_pkey", "Relation Name": "role_type", "Alias": "rt", "Startup Cost": 0.0, "Total Cost": 12.46, "Plan Rows": 1, "Plan Width": 4, "Actual Startup Time": 0.012, "Actual Total Time": 0.018, "Actual Rows": 1, "Actual Loops": 1, "Filter": "((role)::text = 'actress'::text)", "Rows Removed by Filter": 11}]}]}, {"Node Type": "Index Scan", "Parent Relationship": "Inner", "Scan Direction": "Forward", "Index Name": "person_id_aka_name", "Relation Name": "aka_name", "Alias": "an1", "Startup Cost": 0.0, "Total Cost": 0.84, "Plan Rows": 1, "Plan Width": 20, "Actual Startup Time": 36.774, "Actual Total Time": 45.198, "Actual Rows": 17379, "Actual Loops": 7438, "Index Cond": "(person_id = ci.person_id)", "Rows Removed by Index Recheck": 0}]}, {"Node Type": "Index Scan", "Parent Relationship": "Inner", "Scan Direction": "Forward", "Index Name": "name_pkey", "Relation Name": "name", "Alias": "n1", "Startup Cost": 0.0, "Total Cost": 0.57, "Plan Rows": 1, "Plan Width": 4, "Actual Startup Time": 69.953, "Actual Total Time": 69.953, "Actual Rows": 62, "Actual Loops": 17379, "Index Cond": "(id = an1.person_id)", "Rows Removed by Index Recheck": 0, "Filter": "(((name)::text ~~ '%Yo%'::text) AND ((name)::text !~~ '%Yu%'::text))", "Rows Removed by Filter": 17317}]}]}, "Triggers": [], "Planner Runtime": 7, "Total Runtime": 4010.821, "Unique SQL Id": 3544391839}}, "(1, 98)": {"explain_plan": {"Plan": {"Node Type": "Aggregate", "Strategy": "Plain", "Startup Cost": 121271.42, "Total Cost": 121271.43, "Plan Rows": 1, "Plan Width": 97, "Plans": [{"Node Type": "Nested Loop", "Parent Relationship": "Outer", "Join Type": "Inner", "Startup Cost": 5986.31, "Total Cost": 121270.94, "Plan Rows": 96, "Plan Width": 33, "Inner Unique": false, "Join Filter": "(n1.id = an1.person_id)", "Plans": [{"Node Type": "Nested Loop", "Parent Relationship": "Outer", "Join Type": "Inner", "Startup Cost": 5985.93, "Total Cost": 120927.28, "Plan Rows": 78, "Plan Width": 25, "Inner Unique": true, "Plans": [{"Node Type": "Hash Join", "Parent Relationship": "Outer", "Join Type": "Inner", "Startup Cost": 5985.03, "Total Cost": 118304.65, "Plan Rows": 532, "Plan Width": 21, "Inner Unique": true, "Hash Cond": "(ci.role_id = rt.id)", "Plans": [{"Node Type": "Nested Loop", "Parent Relationship": "Outer", "Join Type": "Inner", "Startup Cost": 5983.86, "Total Cost": 118283.51, "Plan Rows": 5847, "Plan Width": 25, "Inner Unique": false, "Plans": [{"Node Type": "Nested Loop", "Parent Relationship": "Outer", "Join Type": "Inner", "Startup Cost": 5983.35, "Total Cost": 91625.69, "Plan Rows": 5775, "Plan Width": 25, "Inner Unique": true, "Plans": [{"Node Type": "Hash Join", "Parent Relationship": "Outer", "Join Type": "Inner", "Startup Cost": 5982.08, "Total Cost": 61039.34, "Plan Rows": 5775, "Plan Width": 4, "Inner Unique": true, "Hash Cond": "(mc.company_id = cn.id)", "Plans": [{"Node Type": "Seq Scan", "Parent Relationship": "Outer", "Relation Name": "movie_companies", "Alias": "mc", "Startup Cost": 0.0, "Total Cost": 54862.92, "Plan Rows": 36426, "Plan Width": 8, "Filter": "(((note)::text ~~ '%(Japan)%'::text) AND ((note)::text !~~ '%(USA)%'::text))"}, {"Node Type": "Hash", "Parent Relationship": "Inner", "Startup Cost": 5903.45, "Total Cost": 5903.45, "Plan Rows": 6290, "Plan Width": 4, "Plans": [{"Node Type": "Seq Scan", "Parent Relationship": "Outer", "Relation Name": "company_name", "Alias": "cn", "Startup Cost": 0.0, "Total Cost": 5903.45, "Plan Rows": 6290, "Plan Width": 4, "Filter": "((country_code)::text = '[jp]'::text)"}]}]}, {"Node Type": "Bitmap Heap Scan", "Parent Relationship": "Inner", "Relation Name": "title", "Alias": "t", "Startup Cost": 1.27, "Total Cost": 5.29, "Plan Rows": 1, "Plan Width": 21, "Recheck Cond": "(id = mc.movie_id)", "Plans": [{"Node Type": "Bitmap Index Scan", "Parent Relationship": "Outer", "Index Name": "title_pkey", "Startup Cost": 0.0, "Total Cost": 1.27, "Plan Rows": 1, "Plan Width": 0, "Index Cond": "(id = mc.movie_id)"}]}]}, {"Node Type": "Bitmap Heap Scan", "Parent Relationship": "Inner", "Relation Name": "cast_info", "Alias": "ci", "Startup Cost": 0.52, "Total Cost": 4.61, "Plan Rows": 1, "Plan Width": 12, "Recheck Cond": "(movie_id = t.id)", "Filter": "((note)::text = '(voice: English version)'::text)", "Plans": [{"Node Type": "Bitmap Index Scan", "Parent Relationship": "Outer", "Index Name": "movie_id_cast_info", "Startup Cost": 0.0, "Total Cost": 0.52, "Plan Rows": 6, "Plan Width": 0, "Index Cond": "(movie_id = t.id)"}]}]}, {"Node Type": "Hash", "Parent Relationship": "Inner", "Startup Cost": 1.15, "Total Cost": 1.15, "Plan Rows": 1, "Plan Width": 4, "Plans": [{"Node Type": "Seq Scan", "Parent Relationship": "Outer", "Relation Name": "role_type", "Alias": "rt", "Startup Cost": 0.0, "Total Cost": 1.15, "Plan Rows": 1, "Plan Width": 4, "Filter": "((role)::text = 'actress'::text)"}]}]}, {"Node Type": "Bitmap Heap Scan", "Parent Relationship": "Inner", "Relation Name": "name", "Alias": "n1", "Startup Cost": 0.9, "Total Cost": 4.92, "Plan Rows": 1, "Plan Width": 4, "Recheck Cond": "(id = ci.person_id)", "Filter": "(((name)::text ~~ '%Yo%'::text) AND ((name)::text !~~ '%Yu%'::text))", "Plans": [{"Node Type": "Bitmap Index Scan", "Parent Relationship": "Outer", "Index Name": "name_pkey", "Startup Cost": 0.0, "Total Cost": 0.9, "Plan Rows": 1, "Plan Width": 0, "Index Cond": "(id = ci.person_id)"}]}]}, {"Node Type": "Bitmap Heap Scan", "Parent Relationship": "Inner", "Relation Name": "aka_name", "Alias": "an1", "Startup Cost": 0.38, "Total Cost": 4.39, "Plan Rows": 1, "Plan Width": 20, "Recheck Cond": "(person_id = ci.person_id)", "Plans": [{"Node Type": "Bitmap Index Scan", "Parent Relationship": "Outer", "Index Name": "person_id_aka_name", "Startup Cost": 0.0, "Total Cost": 0.38, "Plan Rows": 1, "Plan Width": 0, "Index Cond": "(person_id = ci.person_id)"}]}]}]}, "Unique SQL Id": 3544391839, "Planner Runtime": 15}, "explain_analyze_plan": {"Plan": {"Node Type": "Aggregate", "Strategy": "Plain", "Startup Cost": 121271.42, "Total Cost": 121271.43, "Plan Rows": 1, "Plan Width": 97, "Actual Startup Time": 4524.635, "Actual Total Time": 4524.636, "Actual Rows": 1, "Actual Loops": 1, "Plans": [{"Node Type": "Nested Loop", "Parent Relationship": "Outer", "Join Type": "Inner", "Startup Cost": 5986.31, "Total Cost": 121270.94, "Plan Rows": 96, "Plan Width": 33, "Actual Startup Time": 423.408, "Actual Total Time": 4524.373, "Actual Rows": 62, "Actual Loops": 1, "Inner Unique": false, "Join Filter": "(n1.id = an1.person_id)", "Rows Removed by Join Filter": 0, "Plans": [{"Node Type": "Nested Loop", "Parent Relationship": "Outer", "Join Type": "Inner", "Startup Cost": 5985.93, "Total Cost": 120927.28, "Plan Rows": 78, "Plan Width": 25, "Actual Startup Time": 423.384, "Actual Total Time": 4523.864, "Actual Rows": 38, "Actual Loops": 1, "Inner Unique": true, "Plans": [{"Node Type": "Hash Join", "Parent Relationship": "Outer", "Join Type": "Inner", "Startup Cost": 5985.03, "Total Cost": 118304.65, "Plan Rows": 532, "Plan Width": 21, "Actual Startup Time": 84.64, "Actual Total Time": 4469.987, "Actual Rows": 7438, "Actual Loops": 1, "Inner Unique": true, "Hash Cond": "(ci.role_id = rt.id)", "Plans": [{"Node Type": "Nested Loop", "Parent Relationship": "Outer", "Join Type": "Inner", "Startup Cost": 5983.86, "Total Cost": 118283.51, "Plan Rows": 5847, "Plan Width": 25, "Actual Startup Time": 84.551, "Actual Total Time": 4463.403, "Actual Rows": 19600, "Actual Loops": 1, "Inner Unique": false, "Plans": [{"Node Type": "Nested Loop", "Parent Relationship": "Outer", "Join Type": "Inner", "Startup Cost": 5983.35, "Total Cost": 91625.69, "Plan Rows": 5775, "Plan Width": 25, "Actual Startup Time": 84.393, "Actual Total Time": 1419.373, "Actual Rows": 48328, "Actual Loops": 1, "Inner Unique": true, "Plans": [{"Node Type": "Hash Join", "Parent Relationship": "Outer", "Join Type": "Inner", "Startup Cost": 5982.08, "Total Cost": 61039.34, "Plan Rows": 5775, "Plan Width": 4, "Actual Startup Time": 84.332, "Actual Total Time": 1088.031, "Actual Rows": 48328, "Actual Loops": 1, "Inner Unique": true, "Hash Cond": "(mc.company_id = cn.id)", "Plans": [{"Node Type": "Seq Scan", "Parent Relationship": "Outer", "Relation Name": "movie_companies", "Alias": "mc", "Startup Cost": 0.0, "Total Cost": 54862.92, "Plan Rows": 36426, "Plan Width": 8, "Actual Startup Time": 0.225, "Actual Total Time": 966.972, "Actual Rows": 48897, "Actual Loops": 1, "Filter": "(((note)::text ~~ '%(Japan)%'::text) AND ((note)::text !~~ '%(USA)%'::text))", "Rows Removed by Filter": 2560231}, {"Node Type": "Hash", "Parent Relationship": "Inner", "Startup Cost": 5903.45, "Total Cost": 5903.45, "Plan Rows": 6290, "Plan Width": 4, "Actual Startup Time": 84.06, "Actual Total Time": 84.06, "Actual Rows": 6752, "Actual Loops": 1, "Hash Buckets": 32768, "Hash Batches": 1, "Original Hash Batches": 1, "Peak Memory Usage": 238, "Plans": [{"Node Type": "Seq Scan", "Parent Relationship": "Outer", "Relation Name": "company_name", "Alias": "cn", "Startup Cost": 0.0, "Total Cost": 5903.45, "Plan Rows": 6290, "Plan Width": 4, "Actual Startup Time": 0.023, "Actual Total Time": 82.005, "Actual Rows": 6752, "Actual Loops": 1, "Filter": "((country_code)::text = '[jp]'::text)", "Rows Removed by Filter": 228244}]}]}, {"Node Type": "Bitmap Heap Scan", "Parent Relationship": "Inner", "Relation Name": "title", "Alias": "t", "Startup Cost": 1.27, "Total Cost": 5.29, "Plan Rows": 1, "Plan Width": 21, "Actual Startup Time": 250.779, "Actual Total Time": 250.779, "Actual Rows": 48328, "Actual Loops": 48328, "Recheck Cond": "(id = mc.movie_id)", "Rows Removed by Index Recheck": 0, "Exact Heap Blocks": 48328, "Lossy Heap Blocks": 48328, "Plans": [{"Node Type": "Bitmap Index Scan", "Parent Relationship": "Outer", "Index Name": "title_pkey", "Startup Cost": 0.0, "Total Cost": 1.27, "Plan Rows": 1, "Plan Width": 0, "Actual Startup Time": 147.785, "Actual Total Time": 147.785, "Actual Rows": 48328, "Actual Loops": 48328, "Index Cond": "(id = mc.movie_id)"}]}]}, {"Node Type": "Bitmap Heap Scan", "Parent Relationship": "Inner", "Relation Name": "cast_info", "Alias": "ci", "Startup Cost": 0.52, "Total Cost": 4.61, "Plan Rows": 1, "Plan Width": 12, "Actual Startup Time": 2849.287, "Actual Total Time": 2971.601, "Actual Rows": 19600, "Actual Loops": 48328, "Recheck Cond": "(movie_id = t.id)", "Rows Removed by Index Recheck": 0, "Filter": "((note)::text = '(voice: English version)'::text)", "Rows Removed by Filter": 1531710, "Exact Heap Blocks": 1503105, "Lossy Heap Blocks": 1503105, "Plans": [{"Node Type": "Bitmap Index Scan", "Parent Relationship": "Outer", "Index Name": "movie_id_cast_info", "Startup Cost": 0.0, "Total Cost": 0.52, "Plan Rows": 6, "Plan Width": 0, "Actual Startup Time": 429.42, "Actual Total Time": 429.42, "Actual Rows": 1551310, "Actual Loops": 48328, "Index Cond": "(movie_id = t.id)"}]}]}, {"Node Type": "Hash", "Parent Relationship": "Inner", "Startup Cost": 1.15, "Total Cost": 1.15, "Plan Rows": 1, "Plan Width": 4, "Actual Startup Time": 0.045, "Actual Total Time": 0.045, "Actual Rows": 1, "Actual Loops": 1, "Hash Buckets": 32768, "Hash Batches": 1, "Original Hash Batches": 1, "Peak Memory Usage": 1, "Plans": [{"Node Type": "Seq Scan", "Parent Relationship": "Outer", "Relation Name": "role_type", "Alias": "rt", "Startup Cost": 0.0, "Total Cost": 1.15, "Plan Rows": 1, "Plan Width": 4, "Actual Startup Time": 0.03, "Actual Total Time": 0.034, "Actual Rows": 1, "Actual Loops": 1, "Filter": "((role)::text = 'actress'::text)", "Rows Removed by Filter": 11}]}]}, {"Node Type": "Bitmap Heap Scan", "Parent Relationship": "Inner", "Relation Name": "name", "Alias": "n1", "Startup Cost": 0.9, "Total Cost": 4.92, "Plan Rows": 1, "Plan Width": 4, "Actual Startup Time": 44.044, "Actual Total Time": 44.044, "Actual Rows": 38, "Actual Loops": 7438, "Recheck Cond": "(id = ci.person_id)", "Rows Removed by Index Recheck": 0, "Filter": "(((name)::text ~~ '%Yo%'::text) AND ((name)::text !~~ '%Yu%'::text))", "Rows Removed by Filter": 7400, "Exact Heap Blocks": 7438, "Lossy Heap Blocks": 7438, "Plans": [{"Node Type": "Bitmap Index Scan", "Parent Relationship": "Outer", "Index Name": "name_pkey", "Startup Cost": 0.0, "Total Cost": 0.9, "Plan Rows": 1, "Plan Width": 0, "Actual Startup Time": 26.195, "Actual Total Time": 26.195, "Actual Rows": 7438, "Actual Loops": 7438, "Index Cond": "(id = ci.person_id)"}]}]}, {"Node Type": "Bitmap Heap Scan", "Parent Relationship": "Inner", "Relation Name": "aka_name", "Alias": "an1", "Startup Cost": 0.38, "Total Cost": 4.39, "Plan Rows": 1, "Plan Width": 20, "Actual Startup Time": 0.319, "Actual Total Time": 0.339, "Actual Rows": 62, "Actual Loops": 38, "Recheck Cond": "(person_id = ci.person_id)", "Rows Removed by Index Recheck": 0, "Exact Heap Blocks": 43, "Lossy Heap Blocks": 43, "Plans": [{"Node Type": "Bitmap Index Scan", "Parent Relationship": "Outer", "Index Name": "person_id_aka_name", "Startup Cost": 0.0, "Total Cost": 0.38, "Plan Rows": 1, "Plan Width": 0, "Actual Startup Time": 0.192, "Actual Total Time": 0.192, "Actual Rows": 62, "Actual Loops": 38, "Index Cond": "(person_id = ci.person_id)"}]}]}]}, "Triggers": [], "Planner Runtime": 15, "Total Runtime": 4525.128, "Unique SQL Id": 3544391839}}, "(1, 99)": {"explain_plan": {"Plan": {"Node Type": "Aggregate", "Strategy": "Plain", "Startup Cost": 1000012228445.06, "Total Cost": 1000012228445.07, "Plan Rows": 1, "Plan Width": 97, "Plans": [{"Node Type": "Nested Loop", "Parent Relationship": "Outer", "Join Type": "Inner", "Startup Cost": 10000000003.19, "Total Cost": 1000012228445.0, "Plan Rows": 12, "Plan Width": 33, "Inner Unique": true, "Plans": [{"Node Type": "Nested Loop", "Parent Relationship": "Outer", "Join Type": "Inner", "Startup Cost": 10000000002.87, "Total Cost": 1000012225636.42, "Plan Rows": 645, "Plan Width": 41, "Inner Unique": true, "Plans": [{"Node Type": "Nested Loop", "Parent Relationship": "Outer", "Join Type": "Inner", "Startup Cost": 10000000002.23, "Total Cost": 1000012222628.77, "Plan Rows": 645, "Plan Width": 32, "Inner Unique": true, "Plans": [{"Node Type": "Nested Loop", "Parent Relationship": "Outer", "Join Type": "Inner", "Startup Cost": 10000000001.92, "Total Cost": 1000012205100.96, "Plan Rows": 4051, "Plan Width": 36, "Inner Unique": false, "Plans": [{"Node Type": "Nested Loop", "Parent Relationship": "Outer", "Join Type": "Inner", "Startup Cost": 10000000001.26, "Total Cost": 1000012155572.17, "Plan Rows": 10524, "Plan Width": 28, "Inner Unique": true, "Plans": [{"Node Type": "Nested Loop", "Parent Relationship": "Outer", "Join Type": "Inner", "Startup Cost": 10000000001.0, "Total Cost": 1000011659757.19, "Plan Rows": 115768, "Plan Width": 32, "Inner Unique": false, "Plans": [{"Node Type": "Index Scan", "Parent Relationship": "Outer", "Scan Direction": "Forward", "Index Name": "person_id_aka_name", "Relation Name": "aka_name", "Alias": "an1", "Startup Cost": 10000000000.0, "Total Cost": 1000006896503.43, "Plan Rows": 901342, "Plan Width": 20}, {"Node Type": "Bitmap Heap Scan", "Parent Relationship": "Inner", "Relation Name": "cast_info", "Alias": "ci", "Startup Cost": 1.0, "Total Cost": 5.27, "Plan Rows": 1, "Plan Width": 12, "Recheck Cond": "(person_id = an1.person_id)", "Filter": "((note)::text = '(voice: English version)'::text)", "Plans": [{"Node Type": "Bitmap Index Scan", "Parent Relationship": "Outer", "Index Name": "person_id_cast_info", "Startup Cost": 0.0, "Total Cost": 1.0, "Plan Rows": 18, "Plan Width": 0, "Index Cond": "(person_id = an1.person_id)"}]}]}, {"Node Type": "Bitmap Heap Scan", "Parent Relationship": "Inner", "Relation Name": "role_type", "Alias": "rt", "Startup Cost": 0.26, "Total Cost": 4.27, "Plan Rows": 1, "Plan Width": 4, "Recheck Cond": "(id = ci.role_id)", "Filter": "((role)::text = 'actress'::text)", "Plans": [{"Node Type": "Bitmap Index Scan", "Parent Relationship": "Outer", "Index Name": "role_type_pkey", "Startup Cost": 0.0, "Total Cost": 0.26, "Plan Rows": 1, "Plan Width": 0, "Index Cond": "(id = ci.role_id)"}]}]}, {"Node Type": "Bitmap Heap Scan", "Parent Relationship": "Inner", "Relation Name": "movie_companies", "Alias": "mc", "Startup Cost": 0.66, "Total Cost": 4.7, "Plan Rows": 1, "Plan Width": 8, "Recheck Cond": "(movie_id = ci.movie_id)", "Filter": "(((note)::text ~~ '%(Japan)%'::text) AND ((note)::text !~~ '%(USA)%'::text))", "Plans": [{"Node Type": "Bitmap Index Scan", "Parent Relationship": "Outer", "Index Name": "movie_id_movie_companies", "Startup Cost": 0.0, "Total Cost": 0.66, "Plan Rows": 2, "Plan Width": 0, "Index Cond": "(movie_id = ci.movie_id)"}]}]}, {"Node Type": "Bitmap Heap Scan", "Parent Relationship": "Inner", "Relation Name": "company_name", "Alias": "cn", "Startup Cost": 0.3, "Total Cost": 4.32, "Plan Rows": 1, "Plan Width": 4, "Recheck Cond": "(id = mc.company_id)", "Filter": "((country_code)::text = '[jp]'::text)", "Plans": [{"Node Type": "Bitmap Index Scan", "Parent Relationship": "Outer", "Index Name": "company_name_pkey", "Startup Cost": 0.0, "Total Cost": 0.3, "Plan Rows": 1, "Plan Width": 0, "Index Cond": "(id = mc.company_id)"}]}]}, {"Node Type": "Bitmap Heap Scan", "Parent Relationship": "Inner", "Relation Name": "title", "Alias": "t", "Startup Cost": 0.64, "Total Cost": 4.65, "Plan Rows": 1, "Plan Width": 21, "Recheck Cond": "(id = ci.movie_id)", "Plans": [{"Node Type": "Bitmap Index Scan", "Parent Relationship": "Outer", "Index Name": "title_pkey", "Startup Cost": 0.0, "Total Cost": 0.64, "Plan Rows": 1, "Plan Width": 0, "Index Cond": "(id = ci.movie_id)"}]}]}, {"Node Type": "Bitmap Heap Scan", "Parent Relationship": "Inner", "Relation Name": "name", "Alias": "n1", "Startup Cost": 0.33, "Total Cost": 4.34, "Plan Rows": 1, "Plan Width": 4, "Recheck Cond": "(id = an1.person_id)", "Filter": "(((name)::text ~~ '%Yo%'::text) AND ((name)::text !~~ '%Yu%'::text))", "Plans": [{"Node Type": "Bitmap Index Scan", "Parent Relationship": "Outer", "Index Name": "name_pkey", "Startup Cost": 0.0, "Total Cost": 0.33, "Plan Rows": 1, "Plan Width": 0, "Index Cond": "(id = an1.person_id)"}]}]}]}, "Unique SQL Id": 3544391839, "Planner Runtime": 5}, "explain_analyze_plan": null}, "(1, 100)": {"explain_plan": {"Plan": {"Node Type": "Aggregate", "Strategy": "Plain", "Startup Cost": 90279.98, "Total Cost": 90279.99, "Plan Rows": 1, "Plan Width": 97, "Plans": [{"Node Type": "Nested Loop", "Parent Relationship": "Outer", "Join Type": "Inner", "Startup Cost": 5983.24, "Total Cost": 90279.92, "Plan Rows": 12, "Plan Width": 33, "Inner Unique": true, "Plans": [{"Node Type": "Nested Loop", "Parent Relationship": "Outer", "Join Type": "Inner", "Startup Cost": 5983.24, "Total Cost": 89904.38, "Plan Rows": 645, "Plan Width": 41, "Inner Unique": false, "Plans": [{"Node Type": "Hash Join", "Parent Relationship": "Outer", "Join Type": "Inner", "Startup Cost": 5983.24, "Total Cost": 89450.16, "Plan Rows": 532, "Plan Width": 21, "Inner Unique": true, "Hash Cond": "(ci.role_id = rt.id)", "Plans": [{"Node Type": "Nested Loop", "Parent Relationship": "Outer", "Join Type": "Inner", "Startup Cost": 5982.08, "Total Cost": 89429.03, "Plan Rows": 5847, "Plan Width": 25, "Inner Unique": false, "Plans": [{"Node Type": "Nested Loop", "Parent Relationship": "Outer", "Join Type": "Inner", "Startup Cost": 5982.08, "Total Cost": 83686.44, "Plan Rows": 5775, "Plan Width": 25, "Inner Unique": true, "Plans": [{"Node Type": "Hash Join", "Parent Relationship": "Outer", "Join Type": "Inner", "Startup Cost": 5982.08, "Total Cost": 61039.34, "Plan Rows": 5775, "Plan Width": 4, "Inner Unique": true, "Hash Cond": "(mc.company_id = cn.id)", "Plans": [{"Node Type": "Seq Scan", "Parent Relationship": "Outer", "Relation Name": "movie_companies", "Alias": "mc", "Startup Cost": 0.0, "Total Cost": 54862.92, "Plan Rows": 36426, "Plan Width": 8, "Filter": "(((note)::text ~~ '%(Japan)%'::text) AND ((note)::text !~~ '%(USA)%'::text))"}, {"Node Type": "Hash", "Parent Relationship": "Inner", "Startup Cost": 5903.45, "Total Cost": 5903.45, "Plan Rows": 6290, "Plan Width": 4, "Plans": [{"Node Type": "Seq Scan", "Parent Relationship": "Outer", "Relation Name": "company_name", "Alias": "cn", "Startup Cost": 0.0, "Total Cost": 5903.45, "Plan Rows": 6290, "Plan Width": 4, "Filter": "((country_code)::text = '[jp]'::text)"}]}]}, {"Node Type": "Index Scan", "Parent Relationship": "Inner", "Scan Direction": "Forward", "Index Name": "title_pkey", "Relation Name": "title", "Alias": "t", "Startup Cost": 0.0, "Total Cost": 3.91, "Plan Rows": 1, "Plan Width": 21, "Index Cond": "(id = mc.movie_id)"}]}, {"Node Type": "Index Scan", "Parent Relationship": "Inner", "Scan Direction": "Forward", "Index Name": "movie_id_cast_info", "Relation Name": "cast_info", "Alias": "ci", "Startup Cost": 0.0, "Total Cost": 0.98, "Plan Rows": 1, "Plan Width": 12, "Index Cond": "(movie_id = t.id)", "Filter": "((note)::text = '(voice: English version)'::text)"}]}, {"Node Type": "Hash", "Parent Relationship": "Inner", "Startup Cost": 1.15, "Total Cost": 1.15, "Plan Rows": 1, "Plan Width": 4, "Plans": [{"Node Type": "Seq Scan", "Parent Relationship": "Outer", "Relation Name": "role_type", "Alias": "rt", "Startup Cost": 0.0, "Total Cost": 1.15, "Plan Rows": 1, "Plan Width": 4, "Filter": "((role)::text = 'actress'::text)"}]}]}, {"Node Type": "Index Scan", "Parent Relationship": "Inner", "Scan Direction": "Forward", "Index Name": "person_id_aka_name", "Relation Name": "aka_name", "Alias": "an1", "Startup Cost": 0.0, "Total Cost": 0.84, "Plan Rows": 1, "Plan Width": 20, "Index Cond": "(person_id = ci.person_id)"}]}, {"Node Type": "Index Scan", "Parent Relationship": "Inner", "Scan Direction": "Forward", "Index Name": "name_pkey", "Relation Name": "name", "Alias": "n1", "Startup Cost": 0.0, "Total Cost": 0.57, "Plan Rows": 1, "Plan Width": 4, "Index Cond": "(id = an1.person_id)", "Filter": "(((name)::text ~~ '%Yo%'::text) AND ((name)::text !~~ '%Yu%'::text))"}]}]}, "Unique SQL Id": 3544391839, "Planner Runtime": 11}, "explain_analyze_plan": {"Plan": {"Node Type": "Aggregate", "Strategy": "Plain", "Startup Cost": 90279.98, "Total Cost": 90279.99, "Plan Rows": 1, "Plan Width": 97, "Actual Startup Time": 3733.84, "Actual Total Time": 3733.84, "Actual Rows": 1, "Actual Loops": 1, "Plans": [{"Node Type": "Nested Loop", "Parent Relationship": "Outer", "Join Type": "Inner", "Startup Cost": 5983.24, "Total Cost": 90279.92, "Plan Rows": 12, "Plan Width": 33, "Actual Startup Time": 342.85, "Actual Total Time": 3733.586, "Actual Rows": 62, "Actual Loops": 1, "Inner Unique": true, "Plans": [{"Node Type": "Nested Loop", "Parent Relationship": "Outer", "Join Type": "Inner", "Startup Cost": 5983.24, "Total Cost": 89904.38, "Plan Rows": 645, "Plan Width": 41, "Actual Startup Time": 82.981, "Actual Total Time": 3661.58, "Actual Rows": 17379, "Actual Loops": 1, "Inner Unique": false, "Plans": [{"Node Type": "Hash Join", "Parent Relationship": "Outer", "Join Type": "Inner", "Startup Cost": 5983.24, "Total Cost": 89450.16, "Plan Rows": 532, "Plan Width": 21, "Actual Startup Time": 82.969, "Actual Total Time": 3616.587, "Actual Rows": 7438, "Actual Loops": 1, "Inner Unique": true, "Hash Cond": "(ci.role_id = rt.id)", "Plans": [{"Node Type": "Nested Loop", "Parent Relationship": "Outer", "Join Type": "Inner", "Startup Cost": 5982.08, "Total Cost": 89429.03, "Plan Rows": 5847, "Plan Width": 25, "Actual Startup Time": 82.875, "Actual Total Time": 3610.029, "Actual Rows": 19600, "Actual Loops": 1, "Inner Unique": false, "Plans": [{"Node Type": "Nested Loop", "Parent Relationship": "Outer", "Join Type": "Inner", "Startup Cost": 5982.08, "Total Cost": 83686.44, "Plan Rows": 5775, "Plan Width": 25, "Actual Startup Time": 82.764, "Actual Total Time": 1289.632, "Actual Rows": 48328, "Actual Loops": 1, "Inner Unique": true, "Plans": [{"Node Type": "Hash Join", "Parent Relationship": "Outer", "Join Type": "Inner", "Startup Cost": 5982.08, "Total Cost": 61039.34, "Plan Rows": 5775, "Plan Width": 4, "Actual Startup Time": 82.724, "Actual Total Time": 1065.561, "Actual Rows": 48328, "Actual Loops": 1, "Inner Unique": true, "Hash Cond": "(mc.company_id = cn.id)", "Plans": [{"Node Type": "Seq Scan", "Parent Relationship": "Outer", "Relation Name": "movie_companies", "Alias": "mc", "Startup Cost": 0.0, "Total Cost": 54862.92, "Plan Rows": 36426, "Plan Width": 8, "Actual Startup Time": 0.222, "Actual Total Time": 950.208, "Actual Rows": 48897, "Actual Loops": 1, "Filter": "(((note)::text ~~ '%(Japan)%'::text) AND ((note)::text !~~ '%(USA)%'::text))", "Rows Removed by Filter": 2560231}, {"Node Type": "Hash", "Parent Relationship": "Inner", "Startup Cost": 5903.45, "Total Cost": 5903.45, "Plan Rows": 6290, "Plan Width": 4, "Actual Startup Time": 82.453, "Actual Total Time": 82.453, "Actual Rows": 6752, "Actual Loops": 1, "Hash Buckets": 32768, "Hash Batches": 1, "Original Hash Batches": 1, "Peak Memory Usage": 238, "Plans": [{"Node Type": "Seq Scan", "Parent Relationship": "Outer", "Relation Name": "company_name", "Alias": "cn", "Startup Cost": 0.0, "Total Cost": 5903.45, "Plan Rows": 6290, "Plan Width": 4, "Actual Startup Time": 0.026, "Actual Total Time": 80.313, "Actual Rows": 6752, "Actual Loops": 1, "Filter": "((country_code)::text = '[jp]'::text)", "Rows Removed by Filter": 228244}]}]}, {"Node Type": "Index Scan", "Parent Relationship": "Inner", "Scan Direction": "Forward", "Index Name": "title_pkey", "Relation Name": "title", "Alias": "t", "Startup Cost": 0.0, "Total Cost": 3.91, "Plan Rows": 1, "Plan Width": 21, "Actual Startup Time": 183.374, "Actual Total Time": 183.374, "Actual Rows": 48328, "Actual Loops": 48328, "Index Cond": "(id = mc.movie_id)", "Rows Removed by Index Recheck": 0}]}, {"Node Type": "Index Scan", "Parent Relationship": "Inner", "Scan Direction": "Forward", "Index Name": "movie_id_cast_info", "Relation Name": "cast_info", "Alias": "ci", "Startup Cost": 0.0, "Total Cost": 0.98, "Plan Rows": 1, "Plan Width": 12, "Actual Startup Time": 2179.245, "Actual Total Time": 2289.531, "Actual Rows": 19600, "Actual Loops": 48328, "Index Cond": "(movie_id = t.id)", "Rows Removed by Index Recheck": 0, "Filter": "((note)::text = '(voice: English version)'::text)", "Rows Removed by Filter": 1531710}]}, {"Node Type": "Hash", "Parent Relationship": "Inner", "Startup Cost": 1.15, "Total Cost": 1.15, "Plan Rows": 1, "Plan Width": 4, "Actual Startup Time": 0.041, "Actual Total Time": 0.041, "Actual Rows": 1, "Actual Loops": 1, "Hash Buckets": 32768, "Hash Batches": 1, "Original Hash Batches": 1, "Peak Memory Usage": 1, "Plans": [{"Node Type": "Seq Scan", "Parent Relationship": "Outer", "Relation Name": "role_type", "Alias": "rt", "Startup Cost": 0.0, "Total Cost": 1.15, "Plan Rows": 1, "Plan Width": 4, "Actual Startup Time": 0.028, "Actual Total Time": 0.033, "Actual Rows": 1, "Actual Loops": 1, "Filter": "((role)::text = 'actress'::text)", "Rows Removed by Filter": 11}]}]}, {"Node Type": "Index Scan", "Parent Relationship": "Inner", "Scan Direction": "Forward", "Index Name": "person_id_aka_name", "Relation Name": "aka_name", "Alias": "an1", "Startup Cost": 0.0, "Total Cost": 0.84, "Plan Rows": 1, "Plan Width": 20, "Actual Startup Time": 28.446, "Actual Total Time": 36.084, "Actual Rows": 17379, "Actual Loops": 7438, "Index Cond": "(person_id = ci.person_id)", "Rows Removed by Index Recheck": 0}]}, {"Node Type": "Index Scan", "Parent Relationship": "Inner", "Scan Direction": "Forward", "Index Name": "name_pkey", "Relation Name": "name", "Alias": "n1", "Startup Cost": 0.0, "Total Cost": 0.57, "Plan Rows": 1, "Plan Width": 4, "Actual Startup Time": 63.271, "Actual Total Time": 63.271, "Actual Rows": 62, "Actual Loops": 17379, "Index Cond": "(id = an1.person_id)", "Rows Removed by Index Recheck": 0, "Filter": "(((name)::text ~~ '%Yo%'::text) AND ((name)::text !~~ '%Yu%'::text))", "Rows Removed by Filter": 17317}]}]}, "Triggers": [], "Planner Runtime": 10, "Total Runtime": 3734.264, "Unique SQL Id": 3544391839}}, "(1, 101)": {"explain_plan": {"Plan": {"Node Type": "Aggregate", "Strategy": "Plain", "Startup Cost": 110771.72, "Total Cost": 110771.73, "Plan Rows": 1, "Plan Width": 97, "Plans": [{"Node Type": "Nested Loop", "Parent Relationship": "Outer", "Join Type": "Inner", "Startup Cost": 12.47, "Total Cost": 110771.66, "Plan Rows": 12, "Plan Width": 33, "Inner Unique": true, "Plans": [{"Node Type": "Nested Loop", "Parent Relationship": "Outer", "Join Type": "Inner", "Startup Cost": 12.47, "Total Cost": 110396.12, "Plan Rows": 645, "Plan Width": 41, "Inner Unique": false, "Plans": [{"Node Type": "Hash Join", "Parent Relationship": "Outer", "Join Type": "Inner", "Startup Cost": 12.47, "Total Cost": 109941.91, "Plan Rows": 532, "Plan Width": 21, "Inner Unique": true, "Hash Cond": "(ci.role_id = rt.id)", "Plans": [{"Node Type": "Nested Loop", "Parent Relationship": "Outer", "Join Type": "Inner", "Startup Cost": 0.0, "Total Cost": 109909.47, "Plan Rows": 5847, "Plan Width": 25, "Inner Unique": false, "Plans": [{"Node Type": "Nested Loop", "Parent Relationship": "Outer", "Join Type": "Inner", "Startup Cost": 0.0, "Total Cost": 104166.87, "Plan Rows": 5775, "Plan Width": 25, "Inner Unique": true, "Plans": [{"Node Type": "Nested Loop", "Parent Relationship": "Outer", "Join Type": "Inner", "Startup Cost": 0.0, "Total Cost": 81519.78, "Plan Rows": 5775, "Plan Width": 4, "Inner Unique": false, "Plans": [{"Node Type": "Index Scan", "Parent Relationship": "Outer", "Scan Direction": "Forward", "Index Name": "company_name_pkey", "Relation Name": "company_name", "Alias": "cn", "Startup Cost": 0.0, "Total Cost": 10501.39, "Plan Rows": 6290, "Plan Width": 4, "Filter": "((country_code)::text = '[jp]'::text)"}, {"Node Type": "Index Scan", "Parent Relationship": "Inner", "Scan Direction": "Forward", "Index Name": "company_id_movie_companies", "Relation Name": "movie_companies", "Alias": "mc", "Startup Cost": 0.0, "Total Cost": 11.28, "Plan Rows": 1, "Plan Width": 8, "Index Cond": "(company_id = cn.id)", "Filter": "(((note)::text ~~ '%(Japan)%'::text) AND ((note)::text !~~ '%(USA)%'::text))"}]}, {"Node Type": "Index Scan", "Parent Relationship": "Inner", "Scan Direction": "Forward", "Index Name": "title_pkey", "Relation Name": "title", "Alias": "t", "Startup Cost": 0.0, "Total Cost": 3.91, "Plan Rows": 1, "Plan Width": 21, "Index Cond": "(id = mc.movie_id)"}]}, {"Node Type": "Index Scan", "Parent Relationship": "Inner", "Scan Direction": "Forward", "Index Name": "movie_id_cast_info", "Relation Name": "cast_info", "Alias": "ci", "Startup Cost": 0.0, "Total Cost": 0.98, "Plan Rows": 1, "Plan Width": 12, "Index Cond": "(movie_id = t.id)", "Filter": "((note)::text = '(voice: English version)'::text)"}]}, {"Node Type": "Hash", "Parent Relationship": "Inner", "Startup Cost": 12.46, "Total Cost": 12.46, "Plan Rows": 1, "Plan Width": 4, "Plans": [{"Node Type": "Index Scan", "Parent Relationship": "Outer", "Scan Direction": "Forward", "Index Name": "role_type_pkey", "Relation Name": "role_type", "Alias": "rt", "Startup Cost": 0.0, "Total Cost": 12.46, "Plan Rows": 1, "Plan Width": 4, "Filter": "((role)::text = 'actress'::text)"}]}]}, {"Node Type": "Index Scan", "Parent Relationship": "Inner", "Scan Direction": "Forward", "Index Name": "person_id_aka_name", "Relation Name": "aka_name", "Alias": "an1", "Startup Cost": 0.0, "Total Cost": 0.84, "Plan Rows": 1, "Plan Width": 20, "Index Cond": "(person_id = ci.person_id)"}]}, {"Node Type": "Index Scan", "Parent Relationship": "Inner", "Scan Direction": "Forward", "Index Name": "name_pkey", "Relation Name": "name", "Alias": "n1", "Startup Cost": 0.0, "Total Cost": 0.57, "Plan Rows": 1, "Plan Width": 4, "Index Cond": "(id = an1.person_id)", "Filter": "(((name)::text ~~ '%Yo%'::text) AND ((name)::text !~~ '%Yu%'::text))"}]}]}, "Unique SQL Id": 3544391839, "Planner Runtime": 7}, "explain_analyze_plan": {"Plan": {"Node Type": "Aggregate", "Strategy": "Plain", "Startup Cost": 110771.72, "Total Cost": 110771.73, "Plan Rows": 1, "Plan Width": 97, "Actual Startup Time": 4010.418, "Actual Total Time": 4010.419, "Actual Rows": 1, "Actual Loops": 1, "Plans": [{"Node Type": "Nested Loop", "Parent Relationship": "Outer", "Join Type": "Inner", "Startup Cost": 12.47, "Total Cost": 110771.66, "Plan Rows": 12, "Plan Width": 33, "Actual Startup Time": 6.081, "Actual Total Time": 4010.149, "Actual Rows": 62, "Actual Loops": 1, "Inner Unique": true, "Plans": [{"Node Type": "Nested Loop", "Parent Relationship": "Outer", "Join Type": "Inner", "Startup Cost": 12.47, "Total Cost": 110396.12, "Plan Rows": 645, "Plan Width": 41, "Actual Startup Time": 0.586, "Actual Total Time": 3931.319, "Actual Rows": 17379, "Actual Loops": 1, "Inner Unique": false, "Plans": [{"Node Type": "Hash Join", "Parent Relationship": "Outer", "Join Type": "Inner", "Startup Cost": 12.47, "Total Cost": 109941.91, "Plan Rows": 532, "Plan Width": 21, "Actual Startup Time": 0.565, "Actual Total Time": 3877.057, "Actual Rows": 7438, "Actual Loops": 1, "Inner Unique": true, "Hash Cond": "(ci.role_id = rt.id)", "Plans": [{"Node Type": "Nested Loop", "Parent Relationship": "Outer", "Join Type": "Inner", "Startup Cost": 0.0, "Total Cost": 109909.47, "Plan Rows": 5847, "Plan Width": 25, "Actual Startup Time": 0.49, "Actual Total Time": 3870.342, "Actual Rows": 19600, "Actual Loops": 1, "Inner Unique": false, "Plans": [{"Node Type": "Nested Loop", "Parent Relationship": "Outer", "Join Type": "Inner", "Startup Cost": 0.0, "Total Cost": 104166.87, "Plan Rows": 5775, "Plan Width": 25, "Actual Startup Time": 0.401, "Actual Total Time": 877.842, "Actual Rows": 48328, "Actual Loops": 1, "Inner Unique": true, "Plans": [{"Node Type": "Nested Loop", "Parent Relationship": "Outer", "Join Type": "Inner", "Startup Cost": 0.0, "Total Cost": 81519.78, "Plan Rows": 5775, "Plan Width": 4, "Actual Startup Time": 0.381, "Actual Total Time": 553.233, "Actual Rows": 48328, "Actual Loops": 1, "Inner Unique": false, "Plans": [{"Node Type": "Index Scan", "Parent Relationship": "Outer", "Scan Direction": "Forward", "Index Name": "company_name_pkey", "Relation Name": "company_name", "Alias": "cn", "Startup Cost": 0.0, "Total Cost": 10501.39, "Plan Rows": 6290, "Plan Width": 4, "Actual Startup Time": 0.333, "Actual Total Time": 319.9, "Actual Rows": 6752, "Actual Loops": 1, "Filter": "((country_code)::text = '[jp]'::text)", "Rows Removed by Filter": 228244}, {"Node Type": "Index Scan", "Parent Relationship": "Inner", "Scan Direction": "Forward", "Index Name": "company_id_movie_companies", "Relation Name": "movie_companies", "Alias": "mc", "Startup Cost": 0.0, "Total Cost": 11.28, "Plan Rows": 1, "Plan Width": 8, "Actual Startup Time": 57.67, "Actual Total Time": 217.5, "Actual Rows": 48328, "Actual Loops": 6752, "Index Cond": "(company_id = cn.id)", "Rows Removed by Index Recheck": 0, "Filter": "(((note)::text ~~ '%(Japan)%'::text) AND ((note)::text !~~ '%(USA)%'::text))", "Rows Removed by Filter": 56667}]}, {"Node Type": "Index Scan", "Parent Relationship": "Inner", "Scan Direction": "Forward", "Index Name": "title_pkey", "Relation Name": "title", "Alias": "t", "Startup Cost": 0.0, "Total Cost": 3.91, "Plan Rows": 1, "Plan Width": 21, "Actual Startup Time": 283.017, "Actual Total Time": 283.017, "Actual Rows": 48328, "Actual Loops": 48328, "Index Cond": "(id = mc.movie_id)", "Rows Removed by Index Recheck": 0}]}, {"Node Type": "Index Scan", "Parent Relationship": "Inner", "Scan Direction": "Forward", "Index Name": "movie_id_cast_info", "Relation Name": "cast_info", "Alias": "ci", "Startup Cost": 0.0, "Total Cost": 0.98, "Plan Rows": 1, "Plan Width": 12, "Actual Startup Time": 2824.057, "Actual Total Time": 2961.525, "Actual Rows": 19600, "Actual Loops": 48328, "Index Cond": "(movie_id = t.id)", "Rows Removed by Index Recheck": 0, "Filter": "((note)::text = '(voice: English version)'::text)", "Rows Removed by Filter": 1531710}]}, {"Node Type": "Hash", "Parent Relationship": "Inner", "Startup Cost": 12.46, "Total Cost": 12.46, "Plan Rows": 1, "Plan Width": 4, "Actual Startup Time": 0.023, "Actual Total Time": 0.023, "Actual Rows": 1, "Actual Loops": 1, "Hash Buckets": 32768, "Hash Batches": 1, "Original Hash Batches": 1, "Peak Memory Usage": 1, "Plans": [{"Node Type": "Index Scan", "Parent Relationship": "Outer", "Scan Direction": "Forward", "Index Name": "role_type_pkey", "Relation Name": "role_type", "Alias": "rt", "Startup Cost": 0.0, "Total Cost": 12.46, "Plan Rows": 1, "Plan Width": 4, "Actual Startup Time": 0.012, "Actual Total Time": 0.018, "Actual Rows": 1, "Actual Loops": 1, "Filter": "((role)::text = 'actress'::text)", "Rows Removed by Filter": 11}]}]}, {"Node Type": "Index Scan", "Parent Relationship": "Inner", "Scan Direction": "Forward", "Index Name": "person_id_aka_name", "Relation Name": "aka_name", "Alias": "an1", "Startup Cost": 0.0, "Total Cost": 0.84, "Plan Rows": 1, "Plan Width": 20, "Actual Startup Time": 36.774, "Actual Total Time": 45.198, "Actual Rows": 17379, "Actual Loops": 7438, "Index Cond": "(person_id = ci.person_id)", "Rows Removed by Index Recheck": 0}]}, {"Node Type": "Index Scan", "Parent Relationship": "Inner", "Scan Direction": "Forward", "Index Name": "name_pkey", "Relation Name": "name", "Alias": "n1", "Startup Cost": 0.0, "Total Cost": 0.57, "Plan Rows": 1, "Plan Width": 4, "Actual Startup Time": 69.953, "Actual Total Time": 69.953, "Actual Rows": 62, "Actual Loops": 17379, "Index Cond": "(id = an1.person_id)", "Rows Removed by Index Recheck": 0, "Filter": "(((name)::text ~~ '%Yo%'::text) AND ((name)::text !~~ '%Yu%'::text))", "Rows Removed by Filter": 17317}]}]}, "Triggers": [], "Planner Runtime": 7, "Total Runtime": 4010.821, "Unique SQL Id": 3544391839}}, "(1, 102)": {"explain_plan": {"Plan": {"Node Type": "Aggregate", "Strategy": "Plain", "Startup Cost": 121271.42, "Total Cost": 121271.43, "Plan Rows": 1, "Plan Width": 97, "Plans": [{"Node Type": "Nested Loop", "Parent Relationship": "Outer", "Join Type": "Inner", "Startup Cost": 5986.31, "Total Cost": 121270.94, "Plan Rows": 96, "Plan Width": 33, "Inner Unique": false, "Join Filter": "(n1.id = an1.person_id)", "Plans": [{"Node Type": "Nested Loop", "Parent Relationship": "Outer", "Join Type": "Inner", "Startup Cost": 5985.93, "Total Cost": 120927.28, "Plan Rows": 78, "Plan Width": 25, "Inner Unique": true, "Plans": [{"Node Type": "Hash Join", "Parent Relationship": "Outer", "Join Type": "Inner", "Startup Cost": 5985.03, "Total Cost": 118304.65, "Plan Rows": 532, "Plan Width": 21, "Inner Unique": true, "Hash Cond": "(ci.role_id = rt.id)", "Plans": [{"Node Type": "Nested Loop", "Parent Relationship": "Outer", "Join Type": "Inner", "Startup Cost": 5983.86, "Total Cost": 118283.51, "Plan Rows": 5847, "Plan Width": 25, "Inner Unique": false, "Plans": [{"Node Type": "Nested Loop", "Parent Relationship": "Outer", "Join Type": "Inner", "Startup Cost": 5983.35, "Total Cost": 91625.69, "Plan Rows": 5775, "Plan Width": 25, "Inner Unique": true, "Plans": [{"Node Type": "Hash Join", "Parent Relationship": "Outer", "Join Type": "Inner", "Startup Cost": 5982.08, "Total Cost": 61039.34, "Plan Rows": 5775, "Plan Width": 4, "Inner Unique": true, "Hash Cond": "(mc.company_id = cn.id)", "Plans": [{"Node Type": "Seq Scan", "Parent Relationship": "Outer", "Relation Name": "movie_companies", "Alias": "mc", "Startup Cost": 0.0, "Total Cost": 54862.92, "Plan Rows": 36426, "Plan Width": 8, "Filter": "(((note)::text ~~ '%(Japan)%'::text) AND ((note)::text !~~ '%(USA)%'::text))"}, {"Node Type": "Hash", "Parent Relationship": "Inner", "Startup Cost": 5903.45, "Total Cost": 5903.45, "Plan Rows": 6290, "Plan Width": 4, "Plans": [{"Node Type": "Seq Scan", "Parent Relationship": "Outer", "Relation Name": "company_name", "Alias": "cn", "Startup Cost": 0.0, "Total Cost": 5903.45, "Plan Rows": 6290, "Plan Width": 4, "Filter": "((country_code)::text = '[jp]'::text)"}]}]}, {"Node Type": "Bitmap Heap Scan", "Parent Relationship": "Inner", "Relation Name": "title", "Alias": "t", "Startup Cost": 1.27, "Total Cost": 5.29, "Plan Rows": 1, "Plan Width": 21, "Recheck Cond": "(id = mc.movie_id)", "Plans": [{"Node Type": "Bitmap Index Scan", "Parent Relationship": "Outer", "Index Name": "title_pkey", "Startup Cost": 0.0, "Total Cost": 1.27, "Plan Rows": 1, "Plan Width": 0, "Index Cond": "(id = mc.movie_id)"}]}]}, {"Node Type": "Bitmap Heap Scan", "Parent Relationship": "Inner", "Relation Name": "cast_info", "Alias": "ci", "Startup Cost": 0.52, "Total Cost": 4.61, "Plan Rows": 1, "Plan Width": 12, "Recheck Cond": "(movie_id = t.id)", "Filter": "((note)::text = '(voice: English version)'::text)", "Plans": [{"Node Type": "Bitmap Index Scan", "Parent Relationship": "Outer", "Index Name": "movie_id_cast_info", "Startup Cost": 0.0, "Total Cost": 0.52, "Plan Rows": 6, "Plan Width": 0, "Index Cond": "(movie_id = t.id)"}]}]}, {"Node Type": "Hash", "Parent Relationship": "Inner", "Startup Cost": 1.15, "Total Cost": 1.15, "Plan Rows": 1, "Plan Width": 4, "Plans": [{"Node Type": "Seq Scan", "Parent Relationship": "Outer", "Relation Name": "role_type", "Alias": "rt", "Startup Cost": 0.0, "Total Cost": 1.15, "Plan Rows": 1, "Plan Width": 4, "Filter": "((role)::text = 'actress'::text)"}]}]}, {"Node Type": "Bitmap Heap Scan", "Parent Relationship": "Inner", "Relation Name": "name", "Alias": "n1", "Startup Cost": 0.9, "Total Cost": 4.92, "Plan Rows": 1, "Plan Width": 4, "Recheck Cond": "(id = ci.person_id)", "Filter": "(((name)::text ~~ '%Yo%'::text) AND ((name)::text !~~ '%Yu%'::text))", "Plans": [{"Node Type": "Bitmap Index Scan", "Parent Relationship": "Outer", "Index Name": "name_pkey", "Startup Cost": 0.0, "Total Cost": 0.9, "Plan Rows": 1, "Plan Width": 0, "Index Cond": "(id = ci.person_id)"}]}]}, {"Node Type": "Bitmap Heap Scan", "Parent Relationship": "Inner", "Relation Name": "aka_name", "Alias": "an1", "Startup Cost": 0.38, "Total Cost": 4.39, "Plan Rows": 1, "Plan Width": 20, "Recheck Cond": "(person_id = ci.person_id)", "Plans": [{"Node Type": "Bitmap Index Scan", "Parent Relationship": "Outer", "Index Name": "person_id_aka_name", "Startup Cost": 0.0, "Total Cost": 0.38, "Plan Rows": 1, "Plan Width": 0, "Index Cond": "(person_id = ci.person_id)"}]}]}]}, "Unique SQL Id": 3544391839, "Planner Runtime": 15}, "explain_analyze_plan": {"Plan": {"Node Type": "Aggregate", "Strategy": "Plain", "Startup Cost": 121271.42, "Total Cost": 121271.43, "Plan Rows": 1, "Plan Width": 97, "Actual Startup Time": 4524.635, "Actual Total Time": 4524.636, "Actual Rows": 1, "Actual Loops": 1, "Plans": [{"Node Type": "Nested Loop", "Parent Relationship": "Outer", "Join Type": "Inner", "Startup Cost": 5986.31, "Total Cost": 121270.94, "Plan Rows": 96, "Plan Width": 33, "Actual Startup Time": 423.408, "Actual Total Time": 4524.373, "Actual Rows": 62, "Actual Loops": 1, "Inner Unique": false, "Join Filter": "(n1.id = an1.person_id)", "Rows Removed by Join Filter": 0, "Plans": [{"Node Type": "Nested Loop", "Parent Relationship": "Outer", "Join Type": "Inner", "Startup Cost": 5985.93, "Total Cost": 120927.28, "Plan Rows": 78, "Plan Width": 25, "Actual Startup Time": 423.384, "Actual Total Time": 4523.864, "Actual Rows": 38, "Actual Loops": 1, "Inner Unique": true, "Plans": [{"Node Type": "Hash Join", "Parent Relationship": "Outer", "Join Type": "Inner", "Startup Cost": 5985.03, "Total Cost": 118304.65, "Plan Rows": 532, "Plan Width": 21, "Actual Startup Time": 84.64, "Actual Total Time": 4469.987, "Actual Rows": 7438, "Actual Loops": 1, "Inner Unique": true, "Hash Cond": "(ci.role_id = rt.id)", "Plans": [{"Node Type": "Nested Loop", "Parent Relationship": "Outer", "Join Type": "Inner", "Startup Cost": 5983.86, "Total Cost": 118283.51, "Plan Rows": 5847, "Plan Width": 25, "Actual Startup Time": 84.551, "Actual Total Time": 4463.403, "Actual Rows": 19600, "Actual Loops": 1, "Inner Unique": false, "Plans": [{"Node Type": "Nested Loop", "Parent Relationship": "Outer", "Join Type": "Inner", "Startup Cost": 5983.35, "Total Cost": 91625.69, "Plan Rows": 5775, "Plan Width": 25, "Actual Startup Time": 84.393, "Actual Total Time": 1419.373, "Actual Rows": 48328, "Actual Loops": 1, "Inner Unique": true, "Plans": [{"Node Type": "Hash Join", "Parent Relationship": "Outer", "Join Type": "Inner", "Startup Cost": 5982.08, "Total Cost": 61039.34, "Plan Rows": 5775, "Plan Width": 4, "Actual Startup Time": 84.332, "Actual Total Time": 1088.031, "Actual Rows": 48328, "Actual Loops": 1, "Inner Unique": true, "Hash Cond": "(mc.company_id = cn.id)", "Plans": [{"Node Type": "Seq Scan", "Parent Relationship": "Outer", "Relation Name": "movie_companies", "Alias": "mc", "Startup Cost": 0.0, "Total Cost": 54862.92, "Plan Rows": 36426, "Plan Width": 8, "Actual Startup Time": 0.225, "Actual Total Time": 966.972, "Actual Rows": 48897, "Actual Loops": 1, "Filter": "(((note)::text ~~ '%(Japan)%'::text) AND ((note)::text !~~ '%(USA)%'::text))", "Rows Removed by Filter": 2560231}, {"Node Type": "Hash", "Parent Relationship": "Inner", "Startup Cost": 5903.45, "Total Cost": 5903.45, "Plan Rows": 6290, "Plan Width": 4, "Actual Startup Time": 84.06, "Actual Total Time": 84.06, "Actual Rows": 6752, "Actual Loops": 1, "Hash Buckets": 32768, "Hash Batches": 1, "Original Hash Batches": 1, "Peak Memory Usage": 238, "Plans": [{"Node Type": "Seq Scan", "Parent Relationship": "Outer", "Relation Name": "company_name", "Alias": "cn", "Startup Cost": 0.0, "Total Cost": 5903.45, "Plan Rows": 6290, "Plan Width": 4, "Actual Startup Time": 0.023, "Actual Total Time": 82.005, "Actual Rows": 6752, "Actual Loops": 1, "Filter": "((country_code)::text = '[jp]'::text)", "Rows Removed by Filter": 228244}]}]}, {"Node Type": "Bitmap Heap Scan", "Parent Relationship": "Inner", "Relation Name": "title", "Alias": "t", "Startup Cost": 1.27, "Total Cost": 5.29, "Plan Rows": 1, "Plan Width": 21, "Actual Startup Time": 250.779, "Actual Total Time": 250.779, "Actual Rows": 48328, "Actual Loops": 48328, "Recheck Cond": "(id = mc.movie_id)", "Rows Removed by Index Recheck": 0, "Exact Heap Blocks": 48328, "Lossy Heap Blocks": 48328, "Plans": [{"Node Type": "Bitmap Index Scan", "Parent Relationship": "Outer", "Index Name": "title_pkey", "Startup Cost": 0.0, "Total Cost": 1.27, "Plan Rows": 1, "Plan Width": 0, "Actual Startup Time": 147.785, "Actual Total Time": 147.785, "Actual Rows": 48328, "Actual Loops": 48328, "Index Cond": "(id = mc.movie_id)"}]}]}, {"Node Type": "Bitmap Heap Scan", "Parent Relationship": "Inner", "Relation Name": "cast_info", "Alias": "ci", "Startup Cost": 0.52, "Total Cost": 4.61, "Plan Rows": 1, "Plan Width": 12, "Actual Startup Time": 2849.287, "Actual Total Time": 2971.601, "Actual Rows": 19600, "Actual Loops": 48328, "Recheck Cond": "(movie_id = t.id)", "Rows Removed by Index Recheck": 0, "Filter": "((note)::text = '(voice: English version)'::text)", "Rows Removed by Filter": 1531710, "Exact Heap Blocks": 1503105, "Lossy Heap Blocks": 1503105, "Plans": [{"Node Type": "Bitmap Index Scan", "Parent Relationship": "Outer", "Index Name": "movie_id_cast_info", "Startup Cost": 0.0, "Total Cost": 0.52, "Plan Rows": 6, "Plan Width": 0, "Actual Startup Time": 429.42, "Actual Total Time": 429.42, "Actual Rows": 1551310, "Actual Loops": 48328, "Index Cond": "(movie_id = t.id)"}]}]}, {"Node Type": "Hash", "Parent Relationship": "Inner", "Startup Cost": 1.15, "Total Cost": 1.15, "Plan Rows": 1, "Plan Width": 4, "Actual Startup Time": 0.045, "Actual Total Time": 0.045, "Actual Rows": 1, "Actual Loops": 1, "Hash Buckets": 32768, "Hash Batches": 1, "Original Hash Batches": 1, "Peak Memory Usage": 1, "Plans": [{"Node Type": "Seq Scan", "Parent Relationship": "Outer", "Relation Name": "role_type", "Alias": "rt", "Startup Cost": 0.0, "Total Cost": 1.15, "Plan Rows": 1, "Plan Width": 4, "Actual Startup Time": 0.03, "Actual Total Time": 0.034, "Actual Rows": 1, "Actual Loops": 1, "Filter": "((role)::text = 'actress'::text)", "Rows Removed by Filter": 11}]}]}, {"Node Type": "Bitmap Heap Scan", "Parent Relationship": "Inner", "Relation Name": "name", "Alias": "n1", "Startup Cost": 0.9, "Total Cost": 4.92, "Plan Rows": 1, "Plan Width": 4, "Actual Startup Time": 44.044, "Actual Total Time": 44.044, "Actual Rows": 38, "Actual Loops": 7438, "Recheck Cond": "(id = ci.person_id)", "Rows Removed by Index Recheck": 0, "Filter": "(((name)::text ~~ '%Yo%'::text) AND ((name)::text !~~ '%Yu%'::text))", "Rows Removed by Filter": 7400, "Exact Heap Blocks": 7438, "Lossy Heap Blocks": 7438, "Plans": [{"Node Type": "Bitmap Index Scan", "Parent Relationship": "Outer", "Index Name": "name_pkey", "Startup Cost": 0.0, "Total Cost": 0.9, "Plan Rows": 1, "Plan Width": 0, "Actual Startup Time": 26.195, "Actual Total Time": 26.195, "Actual Rows": 7438, "Actual Loops": 7438, "Index Cond": "(id = ci.person_id)"}]}]}, {"Node Type": "Bitmap Heap Scan", "Parent Relationship": "Inner", "Relation Name": "aka_name", "Alias": "an1", "Startup Cost": 0.38, "Total Cost": 4.39, "Plan Rows": 1, "Plan Width": 20, "Actual Startup Time": 0.319, "Actual Total Time": 0.339, "Actual Rows": 62, "Actual Loops": 38, "Recheck Cond": "(person_id = ci.person_id)", "Rows Removed by Index Recheck": 0, "Exact Heap Blocks": 43, "Lossy Heap Blocks": 43, "Plans": [{"Node Type": "Bitmap Index Scan", "Parent Relationship": "Outer", "Index Name": "person_id_aka_name", "Startup Cost": 0.0, "Total Cost": 0.38, "Plan Rows": 1, "Plan Width": 0, "Actual Startup Time": 0.192, "Actual Total Time": 0.192, "Actual Rows": 62, "Actual Loops": 38, "Index Cond": "(person_id = ci.person_id)"}]}]}]}, "Triggers": [], "Planner Runtime": 15, "Total Runtime": 4525.128, "Unique SQL Id": 3544391839}}, "(1, 103)": {"explain_plan": {"Plan": {"Node Type": "Aggregate", "Strategy": "Plain", "Startup Cost": 1000012228445.06, "Total Cost": 1000012228445.07, "Plan Rows": 1, "Plan Width": 97, "Plans": [{"Node Type": "Nested Loop", "Parent Relationship": "Outer", "Join Type": "Inner", "Startup Cost": 10000000003.19, "Total Cost": 1000012228445.0, "Plan Rows": 12, "Plan Width": 33, "Inner Unique": true, "Plans": [{"Node Type": "Nested Loop", "Parent Relationship": "Outer", "Join Type": "Inner", "Startup Cost": 10000000002.87, "Total Cost": 1000012225636.42, "Plan Rows": 645, "Plan Width": 41, "Inner Unique": true, "Plans": [{"Node Type": "Nested Loop", "Parent Relationship": "Outer", "Join Type": "Inner", "Startup Cost": 10000000002.23, "Total Cost": 1000012222628.77, "Plan Rows": 645, "Plan Width": 32, "Inner Unique": true, "Plans": [{"Node Type": "Nested Loop", "Parent Relationship": "Outer", "Join Type": "Inner", "Startup Cost": 10000000001.92, "Total Cost": 1000012205100.96, "Plan Rows": 4051, "Plan Width": 36, "Inner Unique": false, "Plans": [{"Node Type": "Nested Loop", "Parent Relationship": "Outer", "Join Type": "Inner", "Startup Cost": 10000000001.26, "Total Cost": 1000012155572.17, "Plan Rows": 10524, "Plan Width": 28, "Inner Unique": true, "Plans": [{"Node Type": "Nested Loop", "Parent Relationship": "Outer", "Join Type": "Inner", "Startup Cost": 10000000001.0, "Total Cost": 1000011659757.19, "Plan Rows": 115768, "Plan Width": 32, "Inner Unique": false, "Plans": [{"Node Type": "Index Scan", "Parent Relationship": "Outer", "Scan Direction": "Forward", "Index Name": "person_id_aka_name", "Relation Name": "aka_name", "Alias": "an1", "Startup Cost": 10000000000.0, "Total Cost": 1000006896503.43, "Plan Rows": 901342, "Plan Width": 20}, {"Node Type": "Bitmap Heap Scan", "Parent Relationship": "Inner", "Relation Name": "cast_info", "Alias": "ci", "Startup Cost": 1.0, "Total Cost": 5.27, "Plan Rows": 1, "Plan Width": 12, "Recheck Cond": "(person_id = an1.person_id)", "Filter": "((note)::text = '(voice: English version)'::text)", "Plans": [{"Node Type": "Bitmap Index Scan", "Parent Relationship": "Outer", "Index Name": "person_id_cast_info", "Startup Cost": 0.0, "Total Cost": 1.0, "Plan Rows": 18, "Plan Width": 0, "Index Cond": "(person_id = an1.person_id)"}]}]}, {"Node Type": "Bitmap Heap Scan", "Parent Relationship": "Inner", "Relation Name": "role_type", "Alias": "rt", "Startup Cost": 0.26, "Total Cost": 4.27, "Plan Rows": 1, "Plan Width": 4, "Recheck Cond": "(id = ci.role_id)", "Filter": "((role)::text = 'actress'::text)", "Plans": [{"Node Type": "Bitmap Index Scan", "Parent Relationship": "Outer", "Index Name": "role_type_pkey", "Startup Cost": 0.0, "Total Cost": 0.26, "Plan Rows": 1, "Plan Width": 0, "Index Cond": "(id = ci.role_id)"}]}]}, {"Node Type": "Bitmap Heap Scan", "Parent Relationship": "Inner", "Relation Name": "movie_companies", "Alias": "mc", "Startup Cost": 0.66, "Total Cost": 4.7, "Plan Rows": 1, "Plan Width": 8, "Recheck Cond": "(movie_id = ci.movie_id)", "Filter": "(((note)::text ~~ '%(Japan)%'::text) AND ((note)::text !~~ '%(USA)%'::text))", "Plans": [{"Node Type": "Bitmap Index Scan", "Parent Relationship": "Outer", "Index Name": "movie_id_movie_companies", "Startup Cost": 0.0, "Total Cost": 0.66, "Plan Rows": 2, "Plan Width": 0, "Index Cond": "(movie_id = ci.movie_id)"}]}]}, {"Node Type": "Bitmap Heap Scan", "Parent Relationship": "Inner", "Relation Name": "company_name", "Alias": "cn", "Startup Cost": 0.3, "Total Cost": 4.32, "Plan Rows": 1, "Plan Width": 4, "Recheck Cond": "(id = mc.company_id)", "Filter": "((country_code)::text = '[jp]'::text)", "Plans": [{"Node Type": "Bitmap Index Scan", "Parent Relationship": "Outer", "Index Name": "company_name_pkey", "Startup Cost": 0.0, "Total Cost": 0.3, "Plan Rows": 1, "Plan Width": 0, "Index Cond": "(id = mc.company_id)"}]}]}, {"Node Type": "Bitmap Heap Scan", "Parent Relationship": "Inner", "Relation Name": "title", "Alias": "t", "Startup Cost": 0.64, "Total Cost": 4.65, "Plan Rows": 1, "Plan Width": 21, "Recheck Cond": "(id = ci.movie_id)", "Plans": [{"Node Type": "Bitmap Index Scan", "Parent Relationship": "Outer", "Index Name": "title_pkey", "Startup Cost": 0.0, "Total Cost": 0.64, "Plan Rows": 1, "Plan Width": 0, "Index Cond": "(id = ci.movie_id)"}]}]}, {"Node Type": "Bitmap Heap Scan", "Parent Relationship": "Inner", "Relation Name": "name", "Alias": "n1", "Startup Cost": 0.33, "Total Cost": 4.34, "Plan Rows": 1, "Plan Width": 4, "Recheck Cond": "(id = an1.person_id)", "Filter": "(((name)::text ~~ '%Yo%'::text) AND ((name)::text !~~ '%Yu%'::text))", "Plans": [{"Node Type": "Bitmap Index Scan", "Parent Relationship": "Outer", "Index Name": "name_pkey", "Startup Cost": 0.0, "Total Cost": 0.33, "Plan Rows": 1, "Plan Width": 0, "Index Cond": "(id = an1.person_id)"}]}]}]}, "Unique SQL Id": 3544391839, "Planner Runtime": 4}, "explain_analyze_plan": null}, "(1, 104)": {"explain_plan": {"Plan": {"Node Type": "Aggregate", "Strategy": "Plain", "Startup Cost": 90279.98, "Total Cost": 90279.99, "Plan Rows": 1, "Plan Width": 97, "Plans": [{"Node Type": "Nested Loop", "Parent Relationship": "Outer", "Join Type": "Inner", "Startup Cost": 5983.24, "Total Cost": 90279.92, "Plan Rows": 12, "Plan Width": 33, "Inner Unique": true, "Plans": [{"Node Type": "Nested Loop", "Parent Relationship": "Outer", "Join Type": "Inner", "Startup Cost": 5983.24, "Total Cost": 89904.38, "Plan Rows": 645, "Plan Width": 41, "Inner Unique": false, "Plans": [{"Node Type": "Hash Join", "Parent Relationship": "Outer", "Join Type": "Inner", "Startup Cost": 5983.24, "Total Cost": 89450.16, "Plan Rows": 532, "Plan Width": 21, "Inner Unique": true, "Hash Cond": "(ci.role_id = rt.id)", "Plans": [{"Node Type": "Nested Loop", "Parent Relationship": "Outer", "Join Type": "Inner", "Startup Cost": 5982.08, "Total Cost": 89429.03, "Plan Rows": 5847, "Plan Width": 25, "Inner Unique": false, "Plans": [{"Node Type": "Nested Loop", "Parent Relationship": "Outer", "Join Type": "Inner", "Startup Cost": 5982.08, "Total Cost": 83686.44, "Plan Rows": 5775, "Plan Width": 25, "Inner Unique": true, "Plans": [{"Node Type": "Hash Join", "Parent Relationship": "Outer", "Join Type": "Inner", "Startup Cost": 5982.08, "Total Cost": 61039.34, "Plan Rows": 5775, "Plan Width": 4, "Inner Unique": true, "Hash Cond": "(mc.company_id = cn.id)", "Plans": [{"Node Type": "Seq Scan", "Parent Relationship": "Outer", "Relation Name": "movie_companies", "Alias": "mc", "Startup Cost": 0.0, "Total Cost": 54862.92, "Plan Rows": 36426, "Plan Width": 8, "Filter": "(((note)::text ~~ '%(Japan)%'::text) AND ((note)::text !~~ '%(USA)%'::text))"}, {"Node Type": "Hash", "Parent Relationship": "Inner", "Startup Cost": 5903.45, "Total Cost": 5903.45, "Plan Rows": 6290, "Plan Width": 4, "Plans": [{"Node Type": "Seq Scan", "Parent Relationship": "Outer", "Relation Name": "company_name", "Alias": "cn", "Startup Cost": 0.0, "Total Cost": 5903.45, "Plan Rows": 6290, "Plan Width": 4, "Filter": "((country_code)::text = '[jp]'::text)"}]}]}, {"Node Type": "Index Scan", "Parent Relationship": "Inner", "Scan Direction": "Forward", "Index Name": "title_pkey", "Relation Name": "title", "Alias": "t", "Startup Cost": 0.0, "Total Cost": 3.91, "Plan Rows": 1, "Plan Width": 21, "Index Cond": "(id = mc.movie_id)"}]}, {"Node Type": "Index Scan", "Parent Relationship": "Inner", "Scan Direction": "Forward", "Index Name": "movie_id_cast_info", "Relation Name": "cast_info", "Alias": "ci", "Startup Cost": 0.0, "Total Cost": 0.98, "Plan Rows": 1, "Plan Width": 12, "Index Cond": "(movie_id = t.id)", "Filter": "((note)::text = '(voice: English version)'::text)"}]}, {"Node Type": "Hash", "Parent Relationship": "Inner", "Startup Cost": 1.15, "Total Cost": 1.15, "Plan Rows": 1, "Plan Width": 4, "Plans": [{"Node Type": "Seq Scan", "Parent Relationship": "Outer", "Relation Name": "role_type", "Alias": "rt", "Startup Cost": 0.0, "Total Cost": 1.15, "Plan Rows": 1, "Plan Width": 4, "Filter": "((role)::text = 'actress'::text)"}]}]}, {"Node Type": "Index Scan", "Parent Relationship": "Inner", "Scan Direction": "Forward", "Index Name": "person_id_aka_name", "Relation Name": "aka_name", "Alias": "an1", "Startup Cost": 0.0, "Total Cost": 0.84, "Plan Rows": 1, "Plan Width": 20, "Index Cond": "(person_id = ci.person_id)"}]}, {"Node Type": "Index Scan", "Parent Relationship": "Inner", "Scan Direction": "Forward", "Index Name": "name_pkey", "Relation Name": "name", "Alias": "n1", "Startup Cost": 0.0, "Total Cost": 0.57, "Plan Rows": 1, "Plan Width": 4, "Index Cond": "(id = an1.person_id)", "Filter": "(((name)::text ~~ '%Yo%'::text) AND ((name)::text !~~ '%Yu%'::text))"}]}]}, "Unique SQL Id": 3544391839, "Planner Runtime": 10}, "explain_analyze_plan": {"Plan": {"Node Type": "Aggregate", "Strategy": "Plain", "Startup Cost": 90279.98, "Total Cost": 90279.99, "Plan Rows": 1, "Plan Width": 97, "Actual Startup Time": 3733.84, "Actual Total Time": 3733.84, "Actual Rows": 1, "Actual Loops": 1, "Plans": [{"Node Type": "Nested Loop", "Parent Relationship": "Outer", "Join Type": "Inner", "Startup Cost": 5983.24, "Total Cost": 90279.92, "Plan Rows": 12, "Plan Width": 33, "Actual Startup Time": 342.85, "Actual Total Time": 3733.586, "Actual Rows": 62, "Actual Loops": 1, "Inner Unique": true, "Plans": [{"Node Type": "Nested Loop", "Parent Relationship": "Outer", "Join Type": "Inner", "Startup Cost": 5983.24, "Total Cost": 89904.38, "Plan Rows": 645, "Plan Width": 41, "Actual Startup Time": 82.981, "Actual Total Time": 3661.58, "Actual Rows": 17379, "Actual Loops": 1, "Inner Unique": false, "Plans": [{"Node Type": "Hash Join", "Parent Relationship": "Outer", "Join Type": "Inner", "Startup Cost": 5983.24, "Total Cost": 89450.16, "Plan Rows": 532, "Plan Width": 21, "Actual Startup Time": 82.969, "Actual Total Time": 3616.587, "Actual Rows": 7438, "Actual Loops": 1, "Inner Unique": true, "Hash Cond": "(ci.role_id = rt.id)", "Plans": [{"Node Type": "Nested Loop", "Parent Relationship": "Outer", "Join Type": "Inner", "Startup Cost": 5982.08, "Total Cost": 89429.03, "Plan Rows": 5847, "Plan Width": 25, "Actual Startup Time": 82.875, "Actual Total Time": 3610.029, "Actual Rows": 19600, "Actual Loops": 1, "Inner Unique": false, "Plans": [{"Node Type": "Nested Loop", "Parent Relationship": "Outer", "Join Type": "Inner", "Startup Cost": 5982.08, "Total Cost": 83686.44, "Plan Rows": 5775, "Plan Width": 25, "Actual Startup Time": 82.764, "Actual Total Time": 1289.632, "Actual Rows": 48328, "Actual Loops": 1, "Inner Unique": true, "Plans": [{"Node Type": "Hash Join", "Parent Relationship": "Outer", "Join Type": "Inner", "Startup Cost": 5982.08, "Total Cost": 61039.34, "Plan Rows": 5775, "Plan Width": 4, "Actual Startup Time": 82.724, "Actual Total Time": 1065.561, "Actual Rows": 48328, "Actual Loops": 1, "Inner Unique": true, "Hash Cond": "(mc.company_id = cn.id)", "Plans": [{"Node Type": "Seq Scan", "Parent Relationship": "Outer", "Relation Name": "movie_companies", "Alias": "mc", "Startup Cost": 0.0, "Total Cost": 54862.92, "Plan Rows": 36426, "Plan Width": 8, "Actual Startup Time": 0.222, "Actual Total Time": 950.208, "Actual Rows": 48897, "Actual Loops": 1, "Filter": "(((note)::text ~~ '%(Japan)%'::text) AND ((note)::text !~~ '%(USA)%'::text))", "Rows Removed by Filter": 2560231}, {"Node Type": "Hash", "Parent Relationship": "Inner", "Startup Cost": 5903.45, "Total Cost": 5903.45, "Plan Rows": 6290, "Plan Width": 4, "Actual Startup Time": 82.453, "Actual Total Time": 82.453, "Actual Rows": 6752, "Actual Loops": 1, "Hash Buckets": 32768, "Hash Batches": 1, "Original Hash Batches": 1, "Peak Memory Usage": 238, "Plans": [{"Node Type": "Seq Scan", "Parent Relationship": "Outer", "Relation Name": "company_name", "Alias": "cn", "Startup Cost": 0.0, "Total Cost": 5903.45, "Plan Rows": 6290, "Plan Width": 4, "Actual Startup Time": 0.026, "Actual Total Time": 80.313, "Actual Rows": 6752, "Actual Loops": 1, "Filter": "((country_code)::text = '[jp]'::text)", "Rows Removed by Filter": 228244}]}]}, {"Node Type": "Index Scan", "Parent Relationship": "Inner", "Scan Direction": "Forward", "Index Name": "title_pkey", "Relation Name": "title", "Alias": "t", "Startup Cost": 0.0, "Total Cost": 3.91, "Plan Rows": 1, "Plan Width": 21, "Actual Startup Time": 183.374, "Actual Total Time": 183.374, "Actual Rows": 48328, "Actual Loops": 48328, "Index Cond": "(id = mc.movie_id)", "Rows Removed by Index Recheck": 0}]}, {"Node Type": "Index Scan", "Parent Relationship": "Inner", "Scan Direction": "Forward", "Index Name": "movie_id_cast_info", "Relation Name": "cast_info", "Alias": "ci", "Startup Cost": 0.0, "Total Cost": 0.98, "Plan Rows": 1, "Plan Width": 12, "Actual Startup Time": 2179.245, "Actual Total Time": 2289.531, "Actual Rows": 19600, "Actual Loops": 48328, "Index Cond": "(movie_id = t.id)", "Rows Removed by Index Recheck": 0, "Filter": "((note)::text = '(voice: English version)'::text)", "Rows Removed by Filter": 1531710}]}, {"Node Type": "Hash", "Parent Relationship": "Inner", "Startup Cost": 1.15, "Total Cost": 1.15, "Plan Rows": 1, "Plan Width": 4, "Actual Startup Time": 0.041, "Actual Total Time": 0.041, "Actual Rows": 1, "Actual Loops": 1, "Hash Buckets": 32768, "Hash Batches": 1, "Original Hash Batches": 1, "Peak Memory Usage": 1, "Plans": [{"Node Type": "Seq Scan", "Parent Relationship": "Outer", "Relation Name": "role_type", "Alias": "rt", "Startup Cost": 0.0, "Total Cost": 1.15, "Plan Rows": 1, "Plan Width": 4, "Actual Startup Time": 0.028, "Actual Total Time": 0.033, "Actual Rows": 1, "Actual Loops": 1, "Filter": "((role)::text = 'actress'::text)", "Rows Removed by Filter": 11}]}]}, {"Node Type": "Index Scan", "Parent Relationship": "Inner", "Scan Direction": "Forward", "Index Name": "person_id_aka_name", "Relation Name": "aka_name", "Alias": "an1", "Startup Cost": 0.0, "Total Cost": 0.84, "Plan Rows": 1, "Plan Width": 20, "Actual Startup Time": 28.446, "Actual Total Time": 36.084, "Actual Rows": 17379, "Actual Loops": 7438, "Index Cond": "(person_id = ci.person_id)", "Rows Removed by Index Recheck": 0}]}, {"Node Type": "Index Scan", "Parent Relationship": "Inner", "Scan Direction": "Forward", "Index Name": "name_pkey", "Relation Name": "name", "Alias": "n1", "Startup Cost": 0.0, "Total Cost": 0.57, "Plan Rows": 1, "Plan Width": 4, "Actual Startup Time": 63.271, "Actual Total Time": 63.271, "Actual Rows": 62, "Actual Loops": 17379, "Index Cond": "(id = an1.person_id)", "Rows Removed by Index Recheck": 0, "Filter": "(((name)::text ~~ '%Yo%'::text) AND ((name)::text !~~ '%Yu%'::text))", "Rows Removed by Filter": 17317}]}]}, "Triggers": [], "Planner Runtime": 10, "Total Runtime": 3734.264, "Unique SQL Id": 3544391839}}, "(1, 105)": {"explain_plan": {"Plan": {"Node Type": "Aggregate", "Strategy": "Plain", "Startup Cost": 110771.72, "Total Cost": 110771.73, "Plan Rows": 1, "Plan Width": 97, "Plans": [{"Node Type": "Nested Loop", "Parent Relationship": "Outer", "Join Type": "Inner", "Startup Cost": 12.47, "Total Cost": 110771.66, "Plan Rows": 12, "Plan Width": 33, "Inner Unique": true, "Plans": [{"Node Type": "Nested Loop", "Parent Relationship": "Outer", "Join Type": "Inner", "Startup Cost": 12.47, "Total Cost": 110396.12, "Plan Rows": 645, "Plan Width": 41, "Inner Unique": false, "Plans": [{"Node Type": "Hash Join", "Parent Relationship": "Outer", "Join Type": "Inner", "Startup Cost": 12.47, "Total Cost": 109941.91, "Plan Rows": 532, "Plan Width": 21, "Inner Unique": true, "Hash Cond": "(ci.role_id = rt.id)", "Plans": [{"Node Type": "Nested Loop", "Parent Relationship": "Outer", "Join Type": "Inner", "Startup Cost": 0.0, "Total Cost": 109909.47, "Plan Rows": 5847, "Plan Width": 25, "Inner Unique": false, "Plans": [{"Node Type": "Nested Loop", "Parent Relationship": "Outer", "Join Type": "Inner", "Startup Cost": 0.0, "Total Cost": 104166.87, "Plan Rows": 5775, "Plan Width": 25, "Inner Unique": true, "Plans": [{"Node Type": "Nested Loop", "Parent Relationship": "Outer", "Join Type": "Inner", "Startup Cost": 0.0, "Total Cost": 81519.78, "Plan Rows": 5775, "Plan Width": 4, "Inner Unique": false, "Plans": [{"Node Type": "Index Scan", "Parent Relationship": "Outer", "Scan Direction": "Forward", "Index Name": "company_name_pkey", "Relation Name": "company_name", "Alias": "cn", "Startup Cost": 0.0, "Total Cost": 10501.39, "Plan Rows": 6290, "Plan Width": 4, "Filter": "((country_code)::text = '[jp]'::text)"}, {"Node Type": "Index Scan", "Parent Relationship": "Inner", "Scan Direction": "Forward", "Index Name": "company_id_movie_companies", "Relation Name": "movie_companies", "Alias": "mc", "Startup Cost": 0.0, "Total Cost": 11.28, "Plan Rows": 1, "Plan Width": 8, "Index Cond": "(company_id = cn.id)", "Filter": "(((note)::text ~~ '%(Japan)%'::text) AND ((note)::text !~~ '%(USA)%'::text))"}]}, {"Node Type": "Index Scan", "Parent Relationship": "Inner", "Scan Direction": "Forward", "Index Name": "title_pkey", "Relation Name": "title", "Alias": "t", "Startup Cost": 0.0, "Total Cost": 3.91, "Plan Rows": 1, "Plan Width": 21, "Index Cond": "(id = mc.movie_id)"}]}, {"Node Type": "Index Scan", "Parent Relationship": "Inner", "Scan Direction": "Forward", "Index Name": "movie_id_cast_info", "Relation Name": "cast_info", "Alias": "ci", "Startup Cost": 0.0, "Total Cost": 0.98, "Plan Rows": 1, "Plan Width": 12, "Index Cond": "(movie_id = t.id)", "Filter": "((note)::text = '(voice: English version)'::text)"}]}, {"Node Type": "Hash", "Parent Relationship": "Inner", "Startup Cost": 12.46, "Total Cost": 12.46, "Plan Rows": 1, "Plan Width": 4, "Plans": [{"Node Type": "Index Scan", "Parent Relationship": "Outer", "Scan Direction": "Forward", "Index Name": "role_type_pkey", "Relation Name": "role_type", "Alias": "rt", "Startup Cost": 0.0, "Total Cost": 12.46, "Plan Rows": 1, "Plan Width": 4, "Filter": "((role)::text = 'actress'::text)"}]}]}, {"Node Type": "Index Scan", "Parent Relationship": "Inner", "Scan Direction": "Forward", "Index Name": "person_id_aka_name", "Relation Name": "aka_name", "Alias": "an1", "Startup Cost": 0.0, "Total Cost": 0.84, "Plan Rows": 1, "Plan Width": 20, "Index Cond": "(person_id = ci.person_id)"}]}, {"Node Type": "Index Scan", "Parent Relationship": "Inner", "Scan Direction": "Forward", "Index Name": "name_pkey", "Relation Name": "name", "Alias": "n1", "Startup Cost": 0.0, "Total Cost": 0.57, "Plan Rows": 1, "Plan Width": 4, "Index Cond": "(id = an1.person_id)", "Filter": "(((name)::text ~~ '%Yo%'::text) AND ((name)::text !~~ '%Yu%'::text))"}]}]}, "Unique SQL Id": 3544391839, "Planner Runtime": 7}, "explain_analyze_plan": {"Plan": {"Node Type": "Aggregate", "Strategy": "Plain", "Startup Cost": 110771.72, "Total Cost": 110771.73, "Plan Rows": 1, "Plan Width": 97, "Actual Startup Time": 4010.418, "Actual Total Time": 4010.419, "Actual Rows": 1, "Actual Loops": 1, "Plans": [{"Node Type": "Nested Loop", "Parent Relationship": "Outer", "Join Type": "Inner", "Startup Cost": 12.47, "Total Cost": 110771.66, "Plan Rows": 12, "Plan Width": 33, "Actual Startup Time": 6.081, "Actual Total Time": 4010.149, "Actual Rows": 62, "Actual Loops": 1, "Inner Unique": true, "Plans": [{"Node Type": "Nested Loop", "Parent Relationship": "Outer", "Join Type": "Inner", "Startup Cost": 12.47, "Total Cost": 110396.12, "Plan Rows": 645, "Plan Width": 41, "Actual Startup Time": 0.586, "Actual Total Time": 3931.319, "Actual Rows": 17379, "Actual Loops": 1, "Inner Unique": false, "Plans": [{"Node Type": "Hash Join", "Parent Relationship": "Outer", "Join Type": "Inner", "Startup Cost": 12.47, "Total Cost": 109941.91, "Plan Rows": 532, "Plan Width": 21, "Actual Startup Time": 0.565, "Actual Total Time": 3877.057, "Actual Rows": 7438, "Actual Loops": 1, "Inner Unique": true, "Hash Cond": "(ci.role_id = rt.id)", "Plans": [{"Node Type": "Nested Loop", "Parent Relationship": "Outer", "Join Type": "Inner", "Startup Cost": 0.0, "Total Cost": 109909.47, "Plan Rows": 5847, "Plan Width": 25, "Actual Startup Time": 0.49, "Actual Total Time": 3870.342, "Actual Rows": 19600, "Actual Loops": 1, "Inner Unique": false, "Plans": [{"Node Type": "Nested Loop", "Parent Relationship": "Outer", "Join Type": "Inner", "Startup Cost": 0.0, "Total Cost": 104166.87, "Plan Rows": 5775, "Plan Width": 25, "Actual Startup Time": 0.401, "Actual Total Time": 877.842, "Actual Rows": 48328, "Actual Loops": 1, "Inner Unique": true, "Plans": [{"Node Type": "Nested Loop", "Parent Relationship": "Outer", "Join Type": "Inner", "Startup Cost": 0.0, "Total Cost": 81519.78, "Plan Rows": 5775, "Plan Width": 4, "Actual Startup Time": 0.381, "Actual Total Time": 553.233, "Actual Rows": 48328, "Actual Loops": 1, "Inner Unique": false, "Plans": [{"Node Type": "Index Scan", "Parent Relationship": "Outer", "Scan Direction": "Forward", "Index Name": "company_name_pkey", "Relation Name": "company_name", "Alias": "cn", "Startup Cost": 0.0, "Total Cost": 10501.39, "Plan Rows": 6290, "Plan Width": 4, "Actual Startup Time": 0.333, "Actual Total Time": 319.9, "Actual Rows": 6752, "Actual Loops": 1, "Filter": "((country_code)::text = '[jp]'::text)", "Rows Removed by Filter": 228244}, {"Node Type": "Index Scan", "Parent Relationship": "Inner", "Scan Direction": "Forward", "Index Name": "company_id_movie_companies", "Relation Name": "movie_companies", "Alias": "mc", "Startup Cost": 0.0, "Total Cost": 11.28, "Plan Rows": 1, "Plan Width": 8, "Actual Startup Time": 57.67, "Actual Total Time": 217.5, "Actual Rows": 48328, "Actual Loops": 6752, "Index Cond": "(company_id = cn.id)", "Rows Removed by Index Recheck": 0, "Filter": "(((note)::text ~~ '%(Japan)%'::text) AND ((note)::text !~~ '%(USA)%'::text))", "Rows Removed by Filter": 56667}]}, {"Node Type": "Index Scan", "Parent Relationship": "Inner", "Scan Direction": "Forward", "Index Name": "title_pkey", "Relation Name": "title", "Alias": "t", "Startup Cost": 0.0, "Total Cost": 3.91, "Plan Rows": 1, "Plan Width": 21, "Actual Startup Time": 283.017, "Actual Total Time": 283.017, "Actual Rows": 48328, "Actual Loops": 48328, "Index Cond": "(id = mc.movie_id)", "Rows Removed by Index Recheck": 0}]}, {"Node Type": "Index Scan", "Parent Relationship": "Inner", "Scan Direction": "Forward", "Index Name": "movie_id_cast_info", "Relation Name": "cast_info", "Alias": "ci", "Startup Cost": 0.0, "Total Cost": 0.98, "Plan Rows": 1, "Plan Width": 12, "Actual Startup Time": 2824.057, "Actual Total Time": 2961.525, "Actual Rows": 19600, "Actual Loops": 48328, "Index Cond": "(movie_id = t.id)", "Rows Removed by Index Recheck": 0, "Filter": "((note)::text = '(voice: English version)'::text)", "Rows Removed by Filter": 1531710}]}, {"Node Type": "Hash", "Parent Relationship": "Inner", "Startup Cost": 12.46, "Total Cost": 12.46, "Plan Rows": 1, "Plan Width": 4, "Actual Startup Time": 0.023, "Actual Total Time": 0.023, "Actual Rows": 1, "Actual Loops": 1, "Hash Buckets": 32768, "Hash Batches": 1, "Original Hash Batches": 1, "Peak Memory Usage": 1, "Plans": [{"Node Type": "Index Scan", "Parent Relationship": "Outer", "Scan Direction": "Forward", "Index Name": "role_type_pkey", "Relation Name": "role_type", "Alias": "rt", "Startup Cost": 0.0, "Total Cost": 12.46, "Plan Rows": 1, "Plan Width": 4, "Actual Startup Time": 0.012, "Actual Total Time": 0.018, "Actual Rows": 1, "Actual Loops": 1, "Filter": "((role)::text = 'actress'::text)", "Rows Removed by Filter": 11}]}]}, {"Node Type": "Index Scan", "Parent Relationship": "Inner", "Scan Direction": "Forward", "Index Name": "person_id_aka_name", "Relation Name": "aka_name", "Alias": "an1", "Startup Cost": 0.0, "Total Cost": 0.84, "Plan Rows": 1, "Plan Width": 20, "Actual Startup Time": 36.774, "Actual Total Time": 45.198, "Actual Rows": 17379, "Actual Loops": 7438, "Index Cond": "(person_id = ci.person_id)", "Rows Removed by Index Recheck": 0}]}, {"Node Type": "Index Scan", "Parent Relationship": "Inner", "Scan Direction": "Forward", "Index Name": "name_pkey", "Relation Name": "name", "Alias": "n1", "Startup Cost": 0.0, "Total Cost": 0.57, "Plan Rows": 1, "Plan Width": 4, "Actual Startup Time": 69.953, "Actual Total Time": 69.953, "Actual Rows": 62, "Actual Loops": 17379, "Index Cond": "(id = an1.person_id)", "Rows Removed by Index Recheck": 0, "Filter": "(((name)::text ~~ '%Yo%'::text) AND ((name)::text !~~ '%Yu%'::text))", "Rows Removed by Filter": 17317}]}]}, "Triggers": [], "Planner Runtime": 7, "Total Runtime": 4010.821, "Unique SQL Id": 3544391839}}, "(1, 106)": {"explain_plan": {"Plan": {"Node Type": "Aggregate", "Strategy": "Plain", "Startup Cost": 983648.1, "Total Cost": 983648.11, "Plan Rows": 1, "Plan Width": 97, "Plans": [{"Node Type": "Hash Join", "Parent Relationship": "Outer", "Join Type": "Inner", "Startup Cost": 290531.17, "Total Cost": 983644.87, "Plan Rows": 646, "Plan Width": 33, "Inner Unique": true, "Hash Cond": "(ci.movie_id = t.id)", "Plans": [{"Node Type": "Hash Join", "Parent Relationship": "Outer", "Join Type": "Inner", "Startup Cost": 198858.18, "Total Cost": 891962.99, "Plan Rows": 646, "Plan Width": 24, "Inner Unique": false, "Hash Cond": "(ci.movie_id = mc.movie_id)", "Plans": [{"Node Type": "Hash Join", "Parent Relationship": "Outer", "Join Type": "Inner", "Startup Cost": 137746.65, "Total Cost": 830774.9, "Plan Rows": 1560, "Plan Width": 20, "Inner Unique": false, "Hash Cond": "(ci.person_id = an1.person_id)", "Plans": [{"Node Type": "Hash Join", "Parent Relationship": "Outer", "Join Type": "Inner", "Startup Cost": 1.16, "Total Cost": 692858.07, "Plan Rows": 8790, "Plan Width": 8, "Inner Unique": true, "Hash Cond": "(ci.role_id = rt.id)", "Plans": [{"Node Type": "Seq Scan", "Parent Relationship": "Outer", "Relation Name": "cast_info", "Alias": "ci", "Startup Cost": 0.0, "Total Cost": 692526.68, "Plan Rows": 96692, "Plan Width": 12, "Filter": "((note)::text = '(voice: English version)'::text)"}, {"Node Type": "Hash", "Parent Relationship": "Inner", "Startup Cost": 1.15, "Total Cost": 1.15, "Plan Rows": 1, "Plan Width": 4, "Plans": [{"Node Type": "Seq Scan", "Parent Relationship": "Outer", "Relation Name": "role_type", "Alias": "rt", "Startup Cost": 0.0, "Total Cost": 1.15, "Plan Rows": 1, "Plan Width": 4, "Filter": "((role)::text = 'actress'::text)"}]}]}, {"Node Type": "Hash", "Parent Relationship": "Inner", "Startup Cost": 137537.65, "Total Cost": 137537.65, "Plan Rows": 16627, "Plan Width": 24, "Plans": [{"Node Type": "Hash Join", "Parent Relationship": "Outer", "Join Type": "Inner", "Startup Cost": 114082.93, "Total Cost": 137537.65, "Plan Rows": 16627, "Plan Width": 24, "Inner Unique": true, "Hash Cond": "(an1.person_id = n1.id)", "Plans": [{"Node Type": "Seq Scan", "Parent Relationship": "Outer", "Relation Name": "aka_name", "Alias": "an1", "Startup Cost": 0.0, "Total Cost": 19908.42, "Plan Rows": 901342, "Plan Width": 20}, {"Node Type": "Hash", "Parent Relationship": "Inner", "Startup Cost": 113909.35, "Total Cost": 113909.35, "Plan Rows": 13886, "Plan Width": 4, "Plans": [{"Node Type": "Seq Scan", "Parent Relationship": "Outer", "Relation Name": "name", "Alias": "n1", "Startup Cost": 0.0, "Total Cost": 113909.35, "Plan Rows": 13886, "Plan Width": 4, "Filter": "(((name)::text ~~ '%Yo%'::text) AND ((name)::text !~~ '%Yu%'::text))"}]}]}]}]}, {"Node Type": "Hash", "Parent Relationship": "Inner", "Startup Cost": 61039.34, "Total Cost": 61039.34, "Plan Rows": 5775, "Plan Width": 4, "Plans": [{"Node Type": "Hash Join", "Parent Relationship": "Outer", "Join Type": "Inner", "Startup Cost": 5982.08, "Total Cost": 61039.34, "Plan Rows": 5775, "Plan Width": 4, "Inner Unique": true, "Hash Cond": "(mc.company_id = cn.id)", "Plans": [{"Node Type": "Seq Scan", "Parent Relationship": "Outer", "Relation Name": "movie_companies", "Alias": "mc", "Startup Cost": 0.0, "Total Cost": 54862.92, "Plan Rows": 36426, "Plan Width": 8, "Filter": "(((note)::text ~~ '%(Japan)%'::text) AND ((note)::text !~~ '%(USA)%'::text))"}, {"Node Type": "Hash", "Parent Relationship": "Inner", "Startup Cost": 5903.45, "Total Cost": 5903.45, "Plan Rows": 6290, "Plan Width": 4, "Plans": [{"Node Type": "Seq Scan", "Parent Relationship": "Outer", "Relation Name": "company_name", "Alias": "cn", "Startup Cost": 0.0, "Total Cost": 5903.45, "Plan Rows": 6290, "Plan Width": 4, "Filter": "((country_code)::text = '[jp]'::text)"}]}]}]}]}, {"Node Type": "Hash", "Parent Relationship": "Inner", "Startup Cost": 60069.11, "Total Cost": 60069.11, "Plan Rows": 2528311, "Plan Width": 21, "Plans": [{"Node Type": "Seq Scan", "Parent Relationship": "Outer", "Relation Name": "title", "Alias": "t", "Startup Cost": 0.0, "Total Cost": 60069.11, "Plan Rows": 2528311, "Plan Width": 21}]}]}]}, "Unique SQL Id": 3544391839, "Planner Runtime": 35}, "explain_analyze_plan": null}, "(1, 107)": {"explain_plan": {"Plan": {"Node Type": "Aggregate", "Strategy": "Plain", "Startup Cost": 7000067043975.19, "Total Cost": 7000067043975.2, "Plan Rows": 1, "Plan Width": 97, "Plans": [{"Node Type": "Hash Join", "Parent Relationship": "Outer", "Join Type": "Inner", "Startup Cost": 5020052373690.55, "Total Cost": 7000067043971.96, "Plan Rows": 646, "Plan Width": 33, "Inner Unique": true, "Hash Cond": "(ci.movie_id = t.id)", "Plans": [{"Node Type": "Hash Join", "Parent Relationship": "Outer", "Join Type": "Inner", "Startup Cost": 4020041330037.75, "Total Cost": 6000056000310.27, "Plan Rows": 646, "Plan Width": 24, "Inner Unique": true, "Hash Cond": "(mc.company_id = cn.id)", "Plans": [{"Node Type": "Hash Join", "Parent Relationship": "Outer", "Join Type": "Inner", "Startup Cost": 3020040279820.15, "Total Cost": 5000054950078.49, "Plan Rows": 1290, "Plan Width": 28, "Inner Unique": false, "Hash Cond": "(ci.movie_id = mc.movie_id)", "Plans": [{"Node Type": "Hash Join", "Parent Relationship": "Outer", "Join Type": "Inner", "Startup Cost": 2020026607450.85, "Total Cost": 4000041277296.59, "Plan Rows": 1560, "Plan Width": 20, "Inner Unique": false, "Hash Cond": "(ci.person_id = an1.person_id)", "Plans": [{"Node Type": "Nested Loop", "Parent Relationship": "Outer", "Join Type": "Inner", "Startup Cost": 20000000000.0, "Total Cost": 2000014669674.4, "Plan Rows": 8790, "Plan Width": 8, "Inner Unique": false, "Plans": [{"Node Type": "Index Scan", "Parent Relationship": "Outer", "Scan Direction": "Forward", "Index Name": "role_type_pkey", "Relation Name": "role_type", "Alias": "rt", "Startup Cost": 10000000000.0, "Total Cost": 1000000001246.0, "Plan Rows": 1, "Plan Width": 4, "Filter": "((role)::text = 'actress'::text)"}, {"Node Type": "Index Scan", "Parent Relationship": "Inner", "Scan Direction": "Forward", "Index Name": "role_id_cast_info", "Relation Name": "cast_info", "Alias": "ci", "Startup Cost": 10000000000.0, "Total Cost": 1000014668340.5, "Plan Rows": 8790, "Plan Width": 12, "Index Cond": "(role_id = rt.id)", "Filter": "((note)::text = '(voice: English version)'::text)"}]}, {"Node Type": "Hash", "Parent Relationship": "Inner", "Startup Cost": 2000026607243.01, "Total Cost": 2000026607243.01, "Plan Rows": 16627, "Plan Width": 24, "Plans": [{"Node Type": "Hash Join", "Parent Relationship": "Outer", "Join Type": "Inner", "Startup Cost": 1010019707193.28, "Total Cost": 2000026607243.01, "Plan Rows": 16627, "Plan Width": 24, "Inner Unique": true, "Hash Cond": "(an1.person_id = n1.id)", "Plans": [{"Node Type": "Index Scan", "Parent Relationship": "Outer", "Scan Direction": "Forward", "Index Name": "person_id_aka_name", "Relation Name": "aka_name", "Alias": "an1", "Startup Cost": 10000000000.0, "Total Cost": 1000006896503.43, "Plan Rows": 901342, "Plan Width": 20}, {"Node Type": "Hash", "Parent Relationship": "Inner", "Startup Cost": 1000019707019.7, "Total Cost": 1000019707019.7, "Plan Rows": 13886, "Plan Width": 4, "Plans": [{"Node Type": "Index Scan", "Parent Relationship": "Outer", "Scan Direction": "Forward", "Index Name": "name_pkey", "Relation Name": "name", "Alias": "n1", "Startup Cost": 10000000000.0, "Total Cost": 1000019707019.7, "Plan Rows": 13886, "Plan Width": 4, "Filter": "(((name)::text ~~ '%Yo%'::text) AND ((name)::text !~~ '%Yu%'::text))"}]}]}]}]}, {"Node Type": "Hash", "Parent Relationship": "Inner", "Startup Cost": 1000013671913.98, "Total Cost": 1000013671913.98, "Plan Rows": 36426, "Plan Width": 8, "Plans": [{"Node Type": "Index Scan", "Parent Relationship": "Outer", "Scan Direction": "Forward", "Index Name": "company_id_movie_companies", "Relation Name": "movie_companies", "Alias": "mc", "Startup Cost": 10000000000.0, "Total Cost": 1000013671913.98, "Plan Rows": 36426, "Plan Width": 8, "Filter": "(((note)::text ~~ '%(Japan)%'::text) AND ((note)::text !~~ '%(USA)%'::text))"}]}]}, {"Node Type": "Hash", "Parent Relationship": "Inner", "Startup Cost": 1000001050138.97, "Total Cost": 1000001050138.97, "Plan Rows": 6290, "Plan Width": 4, "Plans": [{"Node Type": "Index Scan", "Parent Relationship": "Outer", "Scan Direction": "Forward", "Index Name": "company_name_pkey", "Relation Name": "company_name", "Alias": "cn", "Startup Cost": 10000000000.0, "Total Cost": 1000001050138.97, "Plan Rows": 6290, "Plan Width": 4, "Filter": "((country_code)::text = '[jp]'::text)"}]}]}, {"Node Type": "Hash", "Parent Relationship": "Inner", "Startup Cost": 1000011012048.91, "Total Cost": 1000011012048.91, "Plan Rows": 2528311, "Plan Width": 21, "Plans": [{"Node Type": "Index Scan", "Parent Relationship": "Outer", "Scan Direction": "Forward", "Index Name": "title_pkey", "Relation Name": "title", "Alias": "t", "Startup Cost": 10000000000.0, "Total Cost": 1000011012048.91, "Plan Rows": 2528311, "Plan Width": 21}]}]}]}, "Unique SQL Id": 3544391839, "Planner Runtime": 37}, "explain_analyze_plan": null}, "(1, 108)": {"explain_plan": {"Plan": {"Node Type": "Aggregate", "Strategy": "Plain", "Startup Cost": 90279.98, "Total Cost": 90279.99, "Plan Rows": 1, "Plan Width": 97, "Plans": [{"Node Type": "Nested Loop", "Parent Relationship": "Outer", "Join Type": "Inner", "Startup Cost": 5983.24, "Total Cost": 90279.92, "Plan Rows": 12, "Plan Width": 33, "Inner Unique": true, "Plans": [{"Node Type": "Nested Loop", "Parent Relationship": "Outer", "Join Type": "Inner", "Startup Cost": 5983.24, "Total Cost": 89904.38, "Plan Rows": 645, "Plan Width": 41, "Inner Unique": false, "Plans": [{"Node Type": "Hash Join", "Parent Relationship": "Outer", "Join Type": "Inner", "Startup Cost": 5983.24, "Total Cost": 89450.16, "Plan Rows": 532, "Plan Width": 21, "Inner Unique": true, "Hash Cond": "(ci.role_id = rt.id)", "Plans": [{"Node Type": "Nested Loop", "Parent Relationship": "Outer", "Join Type": "Inner", "Startup Cost": 5982.08, "Total Cost": 89429.03, "Plan Rows": 5847, "Plan Width": 25, "Inner Unique": false, "Plans": [{"Node Type": "Nested Loop", "Parent Relationship": "Outer", "Join Type": "Inner", "Startup Cost": 5982.08, "Total Cost": 83686.44, "Plan Rows": 5775, "Plan Width": 25, "Inner Unique": true, "Plans": [{"Node Type": "Hash Join", "Parent Relationship": "Outer", "Join Type": "Inner", "Startup Cost": 5982.08, "Total Cost": 61039.34, "Plan Rows": 5775, "Plan Width": 4, "Inner Unique": true, "Hash Cond": "(mc.company_id = cn.id)", "Plans": [{"Node Type": "Seq Scan", "Parent Relationship": "Outer", "Relation Name": "movie_companies", "Alias": "mc", "Startup Cost": 0.0, "Total Cost": 54862.92, "Plan Rows": 36426, "Plan Width": 8, "Filter": "(((note)::text ~~ '%(Japan)%'::text) AND ((note)::text !~~ '%(USA)%'::text))"}, {"Node Type": "Hash", "Parent Relationship": "Inner", "Startup Cost": 5903.45, "Total Cost": 5903.45, "Plan Rows": 6290, "Plan Width": 4, "Plans": [{"Node Type": "Seq Scan", "Parent Relationship": "Outer", "Relation Name": "company_name", "Alias": "cn", "Startup Cost": 0.0, "Total Cost": 5903.45, "Plan Rows": 6290, "Plan Width": 4, "Filter": "((country_code)::text = '[jp]'::text)"}]}]}, {"Node Type": "Index Scan", "Parent Relationship": "Inner", "Scan Direction": "Forward", "Index Name": "title_pkey", "Relation Name": "title", "Alias": "t", "Startup Cost": 0.0, "Total Cost": 3.91, "Plan Rows": 1, "Plan Width": 21, "Index Cond": "(id = mc.movie_id)"}]}, {"Node Type": "Index Scan", "Parent Relationship": "Inner", "Scan Direction": "Forward", "Index Name": "movie_id_cast_info", "Relation Name": "cast_info", "Alias": "ci", "Startup Cost": 0.0, "Total Cost": 0.98, "Plan Rows": 1, "Plan Width": 12, "Index Cond": "(movie_id = t.id)", "Filter": "((note)::text = '(voice: English version)'::text)"}]}, {"Node Type": "Hash", "Parent Relationship": "Inner", "Startup Cost": 1.15, "Total Cost": 1.15, "Plan Rows": 1, "Plan Width": 4, "Plans": [{"Node Type": "Seq Scan", "Parent Relationship": "Outer", "Relation Name": "role_type", "Alias": "rt", "Startup Cost": 0.0, "Total Cost": 1.15, "Plan Rows": 1, "Plan Width": 4, "Filter": "((role)::text = 'actress'::text)"}]}]}, {"Node Type": "Index Scan", "Parent Relationship": "Inner", "Scan Direction": "Forward", "Index Name": "person_id_aka_name", "Relation Name": "aka_name", "Alias": "an1", "Startup Cost": 0.0, "Total Cost": 0.84, "Plan Rows": 1, "Plan Width": 20, "Index Cond": "(person_id = ci.person_id)"}]}, {"Node Type": "Index Scan", "Parent Relationship": "Inner", "Scan Direction": "Forward", "Index Name": "name_pkey", "Relation Name": "name", "Alias": "n1", "Startup Cost": 0.0, "Total Cost": 0.57, "Plan Rows": 1, "Plan Width": 4, "Index Cond": "(id = an1.person_id)", "Filter": "(((name)::text ~~ '%Yo%'::text) AND ((name)::text !~~ '%Yu%'::text))"}]}]}, "Unique SQL Id": 3544391839, "Planner Runtime": 10}, "explain_analyze_plan": {"Plan": {"Node Type": "Aggregate", "Strategy": "Plain", "Startup Cost": 90279.98, "Total Cost": 90279.99, "Plan Rows": 1, "Plan Width": 97, "Actual Startup Time": 3733.84, "Actual Total Time": 3733.84, "Actual Rows": 1, "Actual Loops": 1, "Plans": [{"Node Type": "Nested Loop", "Parent Relationship": "Outer", "Join Type": "Inner", "Startup Cost": 5983.24, "Total Cost": 90279.92, "Plan Rows": 12, "Plan Width": 33, "Actual Startup Time": 342.85, "Actual Total Time": 3733.586, "Actual Rows": 62, "Actual Loops": 1, "Inner Unique": true, "Plans": [{"Node Type": "Nested Loop", "Parent Relationship": "Outer", "Join Type": "Inner", "Startup Cost": 5983.24, "Total Cost": 89904.38, "Plan Rows": 645, "Plan Width": 41, "Actual Startup Time": 82.981, "Actual Total Time": 3661.58, "Actual Rows": 17379, "Actual Loops": 1, "Inner Unique": false, "Plans": [{"Node Type": "Hash Join", "Parent Relationship": "Outer", "Join Type": "Inner", "Startup Cost": 5983.24, "Total Cost": 89450.16, "Plan Rows": 532, "Plan Width": 21, "Actual Startup Time": 82.969, "Actual Total Time": 3616.587, "Actual Rows": 7438, "Actual Loops": 1, "Inner Unique": true, "Hash Cond": "(ci.role_id = rt.id)", "Plans": [{"Node Type": "Nested Loop", "Parent Relationship": "Outer", "Join Type": "Inner", "Startup Cost": 5982.08, "Total Cost": 89429.03, "Plan Rows": 5847, "Plan Width": 25, "Actual Startup Time": 82.875, "Actual Total Time": 3610.029, "Actual Rows": 19600, "Actual Loops": 1, "Inner Unique": false, "Plans": [{"Node Type": "Nested Loop", "Parent Relationship": "Outer", "Join Type": "Inner", "Startup Cost": 5982.08, "Total Cost": 83686.44, "Plan Rows": 5775, "Plan Width": 25, "Actual Startup Time": 82.764, "Actual Total Time": 1289.632, "Actual Rows": 48328, "Actual Loops": 1, "Inner Unique": true, "Plans": [{"Node Type": "Hash Join", "Parent Relationship": "Outer", "Join Type": "Inner", "Startup Cost": 5982.08, "Total Cost": 61039.34, "Plan Rows": 5775, "Plan Width": 4, "Actual Startup Time": 82.724, "Actual Total Time": 1065.561, "Actual Rows": 48328, "Actual Loops": 1, "Inner Unique": true, "Hash Cond": "(mc.company_id = cn.id)", "Plans": [{"Node Type": "Seq Scan", "Parent Relationship": "Outer", "Relation Name": "movie_companies", "Alias": "mc", "Startup Cost": 0.0, "Total Cost": 54862.92, "Plan Rows": 36426, "Plan Width": 8, "Actual Startup Time": 0.222, "Actual Total Time": 950.208, "Actual Rows": 48897, "Actual Loops": 1, "Filter": "(((note)::text ~~ '%(Japan)%'::text) AND ((note)::text !~~ '%(USA)%'::text))", "Rows Removed by Filter": 2560231}, {"Node Type": "Hash", "Parent Relationship": "Inner", "Startup Cost": 5903.45, "Total Cost": 5903.45, "Plan Rows": 6290, "Plan Width": 4, "Actual Startup Time": 82.453, "Actual Total Time": 82.453, "Actual Rows": 6752, "Actual Loops": 1, "Hash Buckets": 32768, "Hash Batches": 1, "Original Hash Batches": 1, "Peak Memory Usage": 238, "Plans": [{"Node Type": "Seq Scan", "Parent Relationship": "Outer", "Relation Name": "company_name", "Alias": "cn", "Startup Cost": 0.0, "Total Cost": 5903.45, "Plan Rows": 6290, "Plan Width": 4, "Actual Startup Time": 0.026, "Actual Total Time": 80.313, "Actual Rows": 6752, "Actual Loops": 1, "Filter": "((country_code)::text = '[jp]'::text)", "Rows Removed by Filter": 228244}]}]}, {"Node Type": "Index Scan", "Parent Relationship": "Inner", "Scan Direction": "Forward", "Index Name": "title_pkey", "Relation Name": "title", "Alias": "t", "Startup Cost": 0.0, "Total Cost": 3.91, "Plan Rows": 1, "Plan Width": 21, "Actual Startup Time": 183.374, "Actual Total Time": 183.374, "Actual Rows": 48328, "Actual Loops": 48328, "Index Cond": "(id = mc.movie_id)", "Rows Removed by Index Recheck": 0}]}, {"Node Type": "Index Scan", "Parent Relationship": "Inner", "Scan Direction": "Forward", "Index Name": "movie_id_cast_info", "Relation Name": "cast_info", "Alias": "ci", "Startup Cost": 0.0, "Total Cost": 0.98, "Plan Rows": 1, "Plan Width": 12, "Actual Startup Time": 2179.245, "Actual Total Time": 2289.531, "Actual Rows": 19600, "Actual Loops": 48328, "Index Cond": "(movie_id = t.id)", "Rows Removed by Index Recheck": 0, "Filter": "((note)::text = '(voice: English version)'::text)", "Rows Removed by Filter": 1531710}]}, {"Node Type": "Hash", "Parent Relationship": "Inner", "Startup Cost": 1.15, "Total Cost": 1.15, "Plan Rows": 1, "Plan Width": 4, "Actual Startup Time": 0.041, "Actual Total Time": 0.041, "Actual Rows": 1, "Actual Loops": 1, "Hash Buckets": 32768, "Hash Batches": 1, "Original Hash Batches": 1, "Peak Memory Usage": 1, "Plans": [{"Node Type": "Seq Scan", "Parent Relationship": "Outer", "Relation Name": "role_type", "Alias": "rt", "Startup Cost": 0.0, "Total Cost": 1.15, "Plan Rows": 1, "Plan Width": 4, "Actual Startup Time": 0.028, "Actual Total Time": 0.033, "Actual Rows": 1, "Actual Loops": 1, "Filter": "((role)::text = 'actress'::text)", "Rows Removed by Filter": 11}]}]}, {"Node Type": "Index Scan", "Parent Relationship": "Inner", "Scan Direction": "Forward", "Index Name": "person_id_aka_name", "Relation Name": "aka_name", "Alias": "an1", "Startup Cost": 0.0, "Total Cost": 0.84, "Plan Rows": 1, "Plan Width": 20, "Actual Startup Time": 28.446, "Actual Total Time": 36.084, "Actual Rows": 17379, "Actual Loops": 7438, "Index Cond": "(person_id = ci.person_id)", "Rows Removed by Index Recheck": 0}]}, {"Node Type": "Index Scan", "Parent Relationship": "Inner", "Scan Direction": "Forward", "Index Name": "name_pkey", "Relation Name": "name", "Alias": "n1", "Startup Cost": 0.0, "Total Cost": 0.57, "Plan Rows": 1, "Plan Width": 4, "Actual Startup Time": 63.271, "Actual Total Time": 63.271, "Actual Rows": 62, "Actual Loops": 17379, "Index Cond": "(id = an1.person_id)", "Rows Removed by Index Recheck": 0, "Filter": "(((name)::text ~~ '%Yo%'::text) AND ((name)::text !~~ '%Yu%'::text))", "Rows Removed by Filter": 17317}]}]}, "Triggers": [], "Planner Runtime": 10, "Total Runtime": 3734.264, "Unique SQL Id": 3544391839}}, "(1, 109)": {"explain_plan": {"Plan": {"Node Type": "Aggregate", "Strategy": "Plain", "Startup Cost": 110771.72, "Total Cost": 110771.73, "Plan Rows": 1, "Plan Width": 97, "Plans": [{"Node Type": "Nested Loop", "Parent Relationship": "Outer", "Join Type": "Inner", "Startup Cost": 12.47, "Total Cost": 110771.66, "Plan Rows": 12, "Plan Width": 33, "Inner Unique": true, "Plans": [{"Node Type": "Nested Loop", "Parent Relationship": "Outer", "Join Type": "Inner", "Startup Cost": 12.47, "Total Cost": 110396.12, "Plan Rows": 645, "Plan Width": 41, "Inner Unique": false, "Plans": [{"Node Type": "Hash Join", "Parent Relationship": "Outer", "Join Type": "Inner", "Startup Cost": 12.47, "Total Cost": 109941.91, "Plan Rows": 532, "Plan Width": 21, "Inner Unique": true, "Hash Cond": "(ci.role_id = rt.id)", "Plans": [{"Node Type": "Nested Loop", "Parent Relationship": "Outer", "Join Type": "Inner", "Startup Cost": 0.0, "Total Cost": 109909.47, "Plan Rows": 5847, "Plan Width": 25, "Inner Unique": false, "Plans": [{"Node Type": "Nested Loop", "Parent Relationship": "Outer", "Join Type": "Inner", "Startup Cost": 0.0, "Total Cost": 104166.87, "Plan Rows": 5775, "Plan Width": 25, "Inner Unique": true, "Plans": [{"Node Type": "Nested Loop", "Parent Relationship": "Outer", "Join Type": "Inner", "Startup Cost": 0.0, "Total Cost": 81519.78, "Plan Rows": 5775, "Plan Width": 4, "Inner Unique": false, "Plans": [{"Node Type": "Index Scan", "Parent Relationship": "Outer", "Scan Direction": "Forward", "Index Name": "company_name_pkey", "Relation Name": "company_name", "Alias": "cn", "Startup Cost": 0.0, "Total Cost": 10501.39, "Plan Rows": 6290, "Plan Width": 4, "Filter": "((country_code)::text = '[jp]'::text)"}, {"Node Type": "Index Scan", "Parent Relationship": "Inner", "Scan Direction": "Forward", "Index Name": "company_id_movie_companies", "Relation Name": "movie_companies", "Alias": "mc", "Startup Cost": 0.0, "Total Cost": 11.28, "Plan Rows": 1, "Plan Width": 8, "Index Cond": "(company_id = cn.id)", "Filter": "(((note)::text ~~ '%(Japan)%'::text) AND ((note)::text !~~ '%(USA)%'::text))"}]}, {"Node Type": "Index Scan", "Parent Relationship": "Inner", "Scan Direction": "Forward", "Index Name": "title_pkey", "Relation Name": "title", "Alias": "t", "Startup Cost": 0.0, "Total Cost": 3.91, "Plan Rows": 1, "Plan Width": 21, "Index Cond": "(id = mc.movie_id)"}]}, {"Node Type": "Index Scan", "Parent Relationship": "Inner", "Scan Direction": "Forward", "Index Name": "movie_id_cast_info", "Relation Name": "cast_info", "Alias": "ci", "Startup Cost": 0.0, "Total Cost": 0.98, "Plan Rows": 1, "Plan Width": 12, "Index Cond": "(movie_id = t.id)", "Filter": "((note)::text = '(voice: English version)'::text)"}]}, {"Node Type": "Hash", "Parent Relationship": "Inner", "Startup Cost": 12.46, "Total Cost": 12.46, "Plan Rows": 1, "Plan Width": 4, "Plans": [{"Node Type": "Index Scan", "Parent Relationship": "Outer", "Scan Direction": "Forward", "Index Name": "role_type_pkey", "Relation Name": "role_type", "Alias": "rt", "Startup Cost": 0.0, "Total Cost": 12.46, "Plan Rows": 1, "Plan Width": 4, "Filter": "((role)::text = 'actress'::text)"}]}]}, {"Node Type": "Index Scan", "Parent Relationship": "Inner", "Scan Direction": "Forward", "Index Name": "person_id_aka_name", "Relation Name": "aka_name", "Alias": "an1", "Startup Cost": 0.0, "Total Cost": 0.84, "Plan Rows": 1, "Plan Width": 20, "Index Cond": "(person_id = ci.person_id)"}]}, {"Node Type": "Index Scan", "Parent Relationship": "Inner", "Scan Direction": "Forward", "Index Name": "name_pkey", "Relation Name": "name", "Alias": "n1", "Startup Cost": 0.0, "Total Cost": 0.57, "Plan Rows": 1, "Plan Width": 4, "Index Cond": "(id = an1.person_id)", "Filter": "(((name)::text ~~ '%Yo%'::text) AND ((name)::text !~~ '%Yu%'::text))"}]}]}, "Unique SQL Id": 3544391839, "Planner Runtime": 7}, "explain_analyze_plan": {"Plan": {"Node Type": "Aggregate", "Strategy": "Plain", "Startup Cost": 110771.72, "Total Cost": 110771.73, "Plan Rows": 1, "Plan Width": 97, "Actual Startup Time": 4010.418, "Actual Total Time": 4010.419, "Actual Rows": 1, "Actual Loops": 1, "Plans": [{"Node Type": "Nested Loop", "Parent Relationship": "Outer", "Join Type": "Inner", "Startup Cost": 12.47, "Total Cost": 110771.66, "Plan Rows": 12, "Plan Width": 33, "Actual Startup Time": 6.081, "Actual Total Time": 4010.149, "Actual Rows": 62, "Actual Loops": 1, "Inner Unique": true, "Plans": [{"Node Type": "Nested Loop", "Parent Relationship": "Outer", "Join Type": "Inner", "Startup Cost": 12.47, "Total Cost": 110396.12, "Plan Rows": 645, "Plan Width": 41, "Actual Startup Time": 0.586, "Actual Total Time": 3931.319, "Actual Rows": 17379, "Actual Loops": 1, "Inner Unique": false, "Plans": [{"Node Type": "Hash Join", "Parent Relationship": "Outer", "Join Type": "Inner", "Startup Cost": 12.47, "Total Cost": 109941.91, "Plan Rows": 532, "Plan Width": 21, "Actual Startup Time": 0.565, "Actual Total Time": 3877.057, "Actual Rows": 7438, "Actual Loops": 1, "Inner Unique": true, "Hash Cond": "(ci.role_id = rt.id)", "Plans": [{"Node Type": "Nested Loop", "Parent Relationship": "Outer", "Join Type": "Inner", "Startup Cost": 0.0, "Total Cost": 109909.47, "Plan Rows": 5847, "Plan Width": 25, "Actual Startup Time": 0.49, "Actual Total Time": 3870.342, "Actual Rows": 19600, "Actual Loops": 1, "Inner Unique": false, "Plans": [{"Node Type": "Nested Loop", "Parent Relationship": "Outer", "Join Type": "Inner", "Startup Cost": 0.0, "Total Cost": 104166.87, "Plan Rows": 5775, "Plan Width": 25, "Actual Startup Time": 0.401, "Actual Total Time": 877.842, "Actual Rows": 48328, "Actual Loops": 1, "Inner Unique": true, "Plans": [{"Node Type": "Nested Loop", "Parent Relationship": "Outer", "Join Type": "Inner", "Startup Cost": 0.0, "Total Cost": 81519.78, "Plan Rows": 5775, "Plan Width": 4, "Actual Startup Time": 0.381, "Actual Total Time": 553.233, "Actual Rows": 48328, "Actual Loops": 1, "Inner Unique": false, "Plans": [{"Node Type": "Index Scan", "Parent Relationship": "Outer", "Scan Direction": "Forward", "Index Name": "company_name_pkey", "Relation Name": "company_name", "Alias": "cn", "Startup Cost": 0.0, "Total Cost": 10501.39, "Plan Rows": 6290, "Plan Width": 4, "Actual Startup Time": 0.333, "Actual Total Time": 319.9, "Actual Rows": 6752, "Actual Loops": 1, "Filter": "((country_code)::text = '[jp]'::text)", "Rows Removed by Filter": 228244}, {"Node Type": "Index Scan", "Parent Relationship": "Inner", "Scan Direction": "Forward", "Index Name": "company_id_movie_companies", "Relation Name": "movie_companies", "Alias": "mc", "Startup Cost": 0.0, "Total Cost": 11.28, "Plan Rows": 1, "Plan Width": 8, "Actual Startup Time": 57.67, "Actual Total Time": 217.5, "Actual Rows": 48328, "Actual Loops": 6752, "Index Cond": "(company_id = cn.id)", "Rows Removed by Index Recheck": 0, "Filter": "(((note)::text ~~ '%(Japan)%'::text) AND ((note)::text !~~ '%(USA)%'::text))", "Rows Removed by Filter": 56667}]}, {"Node Type": "Index Scan", "Parent Relationship": "Inner", "Scan Direction": "Forward", "Index Name": "title_pkey", "Relation Name": "title", "Alias": "t", "Startup Cost": 0.0, "Total Cost": 3.91, "Plan Rows": 1, "Plan Width": 21, "Actual Startup Time": 283.017, "Actual Total Time": 283.017, "Actual Rows": 48328, "Actual Loops": 48328, "Index Cond": "(id = mc.movie_id)", "Rows Removed by Index Recheck": 0}]}, {"Node Type": "Index Scan", "Parent Relationship": "Inner", "Scan Direction": "Forward", "Index Name": "movie_id_cast_info", "Relation Name": "cast_info", "Alias": "ci", "Startup Cost": 0.0, "Total Cost": 0.98, "Plan Rows": 1, "Plan Width": 12, "Actual Startup Time": 2824.057, "Actual Total Time": 2961.525, "Actual Rows": 19600, "Actual Loops": 48328, "Index Cond": "(movie_id = t.id)", "Rows Removed by Index Recheck": 0, "Filter": "((note)::text = '(voice: English version)'::text)", "Rows Removed by Filter": 1531710}]}, {"Node Type": "Hash", "Parent Relationship": "Inner", "Startup Cost": 12.46, "Total Cost": 12.46, "Plan Rows": 1, "Plan Width": 4, "Actual Startup Time": 0.023, "Actual Total Time": 0.023, "Actual Rows": 1, "Actual Loops": 1, "Hash Buckets": 32768, "Hash Batches": 1, "Original Hash Batches": 1, "Peak Memory Usage": 1, "Plans": [{"Node Type": "Index Scan", "Parent Relationship": "Outer", "Scan Direction": "Forward", "Index Name": "role_type_pkey", "Relation Name": "role_type", "Alias": "rt", "Startup Cost": 0.0, "Total Cost": 12.46, "Plan Rows": 1, "Plan Width": 4, "Actual Startup Time": 0.012, "Actual Total Time": 0.018, "Actual Rows": 1, "Actual Loops": 1, "Filter": "((role)::text = 'actress'::text)", "Rows Removed by Filter": 11}]}]}, {"Node Type": "Index Scan", "Parent Relationship": "Inner", "Scan Direction": "Forward", "Index Name": "person_id_aka_name", "Relation Name": "aka_name", "Alias": "an1", "Startup Cost": 0.0, "Total Cost": 0.84, "Plan Rows": 1, "Plan Width": 20, "Actual Startup Time": 36.774, "Actual Total Time": 45.198, "Actual Rows": 17379, "Actual Loops": 7438, "Index Cond": "(person_id = ci.person_id)", "Rows Removed by Index Recheck": 0}]}, {"Node Type": "Index Scan", "Parent Relationship": "Inner", "Scan Direction": "Forward", "Index Name": "name_pkey", "Relation Name": "name", "Alias": "n1", "Startup Cost": 0.0, "Total Cost": 0.57, "Plan Rows": 1, "Plan Width": 4, "Actual Startup Time": 69.953, "Actual Total Time": 69.953, "Actual Rows": 62, "Actual Loops": 17379, "Index Cond": "(id = an1.person_id)", "Rows Removed by Index Recheck": 0, "Filter": "(((name)::text ~~ '%Yo%'::text) AND ((name)::text !~~ '%Yu%'::text))", "Rows Removed by Filter": 17317}]}]}, "Triggers": [], "Planner Runtime": 7, "Total Runtime": 4010.821, "Unique SQL Id": 3544391839}}, "(1, 110)": {"explain_plan": {"Plan": {"Node Type": "Aggregate", "Strategy": "Plain", "Startup Cost": 983648.1, "Total Cost": 983648.11, "Plan Rows": 1, "Plan Width": 97, "Plans": [{"Node Type": "Hash Join", "Parent Relationship": "Outer", "Join Type": "Inner", "Startup Cost": 290531.17, "Total Cost": 983644.87, "Plan Rows": 646, "Plan Width": 33, "Inner Unique": true, "Hash Cond": "(ci.movie_id = t.id)", "Plans": [{"Node Type": "Hash Join", "Parent Relationship": "Outer", "Join Type": "Inner", "Startup Cost": 198858.18, "Total Cost": 891962.99, "Plan Rows": 646, "Plan Width": 24, "Inner Unique": false, "Hash Cond": "(ci.movie_id = mc.movie_id)", "Plans": [{"Node Type": "Hash Join", "Parent Relationship": "Outer", "Join Type": "Inner", "Startup Cost": 137746.65, "Total Cost": 830774.9, "Plan Rows": 1560, "Plan Width": 20, "Inner Unique": false, "Hash Cond": "(ci.person_id = an1.person_id)", "Plans": [{"Node Type": "Hash Join", "Parent Relationship": "Outer", "Join Type": "Inner", "Startup Cost": 1.16, "Total Cost": 692858.07, "Plan Rows": 8790, "Plan Width": 8, "Inner Unique": true, "Hash Cond": "(ci.role_id = rt.id)", "Plans": [{"Node Type": "Seq Scan", "Parent Relationship": "Outer", "Relation Name": "cast_info", "Alias": "ci", "Startup Cost": 0.0, "Total Cost": 692526.68, "Plan Rows": 96692, "Plan Width": 12, "Filter": "((note)::text = '(voice: English version)'::text)"}, {"Node Type": "Hash", "Parent Relationship": "Inner", "Startup Cost": 1.15, "Total Cost": 1.15, "Plan Rows": 1, "Plan Width": 4, "Plans": [{"Node Type": "Seq Scan", "Parent Relationship": "Outer", "Relation Name": "role_type", "Alias": "rt", "Startup Cost": 0.0, "Total Cost": 1.15, "Plan Rows": 1, "Plan Width": 4, "Filter": "((role)::text = 'actress'::text)"}]}]}, {"Node Type": "Hash", "Parent Relationship": "Inner", "Startup Cost": 137537.65, "Total Cost": 137537.65, "Plan Rows": 16627, "Plan Width": 24, "Plans": [{"Node Type": "Hash Join", "Parent Relationship": "Outer", "Join Type": "Inner", "Startup Cost": 114082.93, "Total Cost": 137537.65, "Plan Rows": 16627, "Plan Width": 24, "Inner Unique": true, "Hash Cond": "(an1.person_id = n1.id)", "Plans": [{"Node Type": "Seq Scan", "Parent Relationship": "Outer", "Relation Name": "aka_name", "Alias": "an1", "Startup Cost": 0.0, "Total Cost": 19908.42, "Plan Rows": 901342, "Plan Width": 20}, {"Node Type": "Hash", "Parent Relationship": "Inner", "Startup Cost": 113909.35, "Total Cost": 113909.35, "Plan Rows": 13886, "Plan Width": 4, "Plans": [{"Node Type": "Seq Scan", "Parent Relationship": "Outer", "Relation Name": "name", "Alias": "n1", "Startup Cost": 0.0, "Total Cost": 113909.35, "Plan Rows": 13886, "Plan Width": 4, "Filter": "(((name)::text ~~ '%Yo%'::text) AND ((name)::text !~~ '%Yu%'::text))"}]}]}]}]}, {"Node Type": "Hash", "Parent Relationship": "Inner", "Startup Cost": 61039.34, "Total Cost": 61039.34, "Plan Rows": 5775, "Plan Width": 4, "Plans": [{"Node Type": "Hash Join", "Parent Relationship": "Outer", "Join Type": "Inner", "Startup Cost": 5982.08, "Total Cost": 61039.34, "Plan Rows": 5775, "Plan Width": 4, "Inner Unique": true, "Hash Cond": "(mc.company_id = cn.id)", "Plans": [{"Node Type": "Seq Scan", "Parent Relationship": "Outer", "Relation Name": "movie_companies", "Alias": "mc", "Startup Cost": 0.0, "Total Cost": 54862.92, "Plan Rows": 36426, "Plan Width": 8, "Filter": "(((note)::text ~~ '%(Japan)%'::text) AND ((note)::text !~~ '%(USA)%'::text))"}, {"Node Type": "Hash", "Parent Relationship": "Inner", "Startup Cost": 5903.45, "Total Cost": 5903.45, "Plan Rows": 6290, "Plan Width": 4, "Plans": [{"Node Type": "Seq Scan", "Parent Relationship": "Outer", "Relation Name": "company_name", "Alias": "cn", "Startup Cost": 0.0, "Total Cost": 5903.45, "Plan Rows": 6290, "Plan Width": 4, "Filter": "((country_code)::text = '[jp]'::text)"}]}]}]}]}, {"Node Type": "Hash", "Parent Relationship": "Inner", "Startup Cost": 60069.11, "Total Cost": 60069.11, "Plan Rows": 2528311, "Plan Width": 21, "Plans": [{"Node Type": "Seq Scan", "Parent Relationship": "Outer", "Relation Name": "title", "Alias": "t", "Startup Cost": 0.0, "Total Cost": 60069.11, "Plan Rows": 2528311, "Plan Width": 21}]}]}]}, "Unique SQL Id": 3544391839, "Planner Runtime": 34}, "explain_analyze_plan": null}, "(1, 111)": {"explain_plan": {"Plan": {"Node Type": "Aggregate", "Strategy": "Plain", "Startup Cost": 7000067043975.19, "Total Cost": 7000067043975.2, "Plan Rows": 1, "Plan Width": 97, "Plans": [{"Node Type": "Hash Join", "Parent Relationship": "Outer", "Join Type": "Inner", "Startup Cost": 5020052373690.55, "Total Cost": 7000067043971.96, "Plan Rows": 646, "Plan Width": 33, "Inner Unique": true, "Hash Cond": "(ci.movie_id = t.id)", "Plans": [{"Node Type": "Hash Join", "Parent Relationship": "Outer", "Join Type": "Inner", "Startup Cost": 4020041330037.75, "Total Cost": 6000056000310.27, "Plan Rows": 646, "Plan Width": 24, "Inner Unique": true, "Hash Cond": "(mc.company_id = cn.id)", "Plans": [{"Node Type": "Hash Join", "Parent Relationship": "Outer", "Join Type": "Inner", "Startup Cost": 3020040279820.15, "Total Cost": 5000054950078.49, "Plan Rows": 1290, "Plan Width": 28, "Inner Unique": false, "Hash Cond": "(ci.movie_id = mc.movie_id)", "Plans": [{"Node Type": "Hash Join", "Parent Relationship": "Outer", "Join Type": "Inner", "Startup Cost": 2020026607450.85, "Total Cost": 4000041277296.59, "Plan Rows": 1560, "Plan Width": 20, "Inner Unique": false, "Hash Cond": "(ci.person_id = an1.person_id)", "Plans": [{"Node Type": "Nested Loop", "Parent Relationship": "Outer", "Join Type": "Inner", "Startup Cost": 20000000000.0, "Total Cost": 2000014669674.4, "Plan Rows": 8790, "Plan Width": 8, "Inner Unique": false, "Plans": [{"Node Type": "Index Scan", "Parent Relationship": "Outer", "Scan Direction": "Forward", "Index Name": "role_type_pkey", "Relation Name": "role_type", "Alias": "rt", "Startup Cost": 10000000000.0, "Total Cost": 1000000001246.0, "Plan Rows": 1, "Plan Width": 4, "Filter": "((role)::text = 'actress'::text)"}, {"Node Type": "Index Scan", "Parent Relationship": "Inner", "Scan Direction": "Forward", "Index Name": "role_id_cast_info", "Relation Name": "cast_info", "Alias": "ci", "Startup Cost": 10000000000.0, "Total Cost": 1000014668340.5, "Plan Rows": 8790, "Plan Width": 12, "Index Cond": "(role_id = rt.id)", "Filter": "((note)::text = '(voice: English version)'::text)"}]}, {"Node Type": "Hash", "Parent Relationship": "Inner", "Startup Cost": 2000026607243.01, "Total Cost": 2000026607243.01, "Plan Rows": 16627, "Plan Width": 24, "Plans": [{"Node Type": "Hash Join", "Parent Relationship": "Outer", "Join Type": "Inner", "Startup Cost": 1010019707193.28, "Total Cost": 2000026607243.01, "Plan Rows": 16627, "Plan Width": 24, "Inner Unique": true, "Hash Cond": "(an1.person_id = n1.id)", "Plans": [{"Node Type": "Index Scan", "Parent Relationship": "Outer", "Scan Direction": "Forward", "Index Name": "person_id_aka_name", "Relation Name": "aka_name", "Alias": "an1", "Startup Cost": 10000000000.0, "Total Cost": 1000006896503.43, "Plan Rows": 901342, "Plan Width": 20}, {"Node Type": "Hash", "Parent Relationship": "Inner", "Startup Cost": 1000019707019.7, "Total Cost": 1000019707019.7, "Plan Rows": 13886, "Plan Width": 4, "Plans": [{"Node Type": "Index Scan", "Parent Relationship": "Outer", "Scan Direction": "Forward", "Index Name": "name_pkey", "Relation Name": "name", "Alias": "n1", "Startup Cost": 10000000000.0, "Total Cost": 1000019707019.7, "Plan Rows": 13886, "Plan Width": 4, "Filter": "(((name)::text ~~ '%Yo%'::text) AND ((name)::text !~~ '%Yu%'::text))"}]}]}]}]}, {"Node Type": "Hash", "Parent Relationship": "Inner", "Startup Cost": 1000013671913.98, "Total Cost": 1000013671913.98, "Plan Rows": 36426, "Plan Width": 8, "Plans": [{"Node Type": "Index Scan", "Parent Relationship": "Outer", "Scan Direction": "Forward", "Index Name": "company_id_movie_companies", "Relation Name": "movie_companies", "Alias": "mc", "Startup Cost": 10000000000.0, "Total Cost": 1000013671913.98, "Plan Rows": 36426, "Plan Width": 8, "Filter": "(((note)::text ~~ '%(Japan)%'::text) AND ((note)::text !~~ '%(USA)%'::text))"}]}]}, {"Node Type": "Hash", "Parent Relationship": "Inner", "Startup Cost": 1000001050138.97, "Total Cost": 1000001050138.97, "Plan Rows": 6290, "Plan Width": 4, "Plans": [{"Node Type": "Index Scan", "Parent Relationship": "Outer", "Scan Direction": "Forward", "Index Name": "company_name_pkey", "Relation Name": "company_name", "Alias": "cn", "Startup Cost": 10000000000.0, "Total Cost": 1000001050138.97, "Plan Rows": 6290, "Plan Width": 4, "Filter": "((country_code)::text = '[jp]'::text)"}]}]}, {"Node Type": "Hash", "Parent Relationship": "Inner", "Startup Cost": 1000011012048.91, "Total Cost": 1000011012048.91, "Plan Rows": 2528311, "Plan Width": 21, "Plans": [{"Node Type": "Index Scan", "Parent Relationship": "Outer", "Scan Direction": "Forward", "Index Name": "title_pkey", "Relation Name": "title", "Alias": "t", "Startup Cost": 10000000000.0, "Total Cost": 1000011012048.91, "Plan Rows": 2528311, "Plan Width": 21}]}]}]}, "Unique SQL Id": 3544391839, "Planner Runtime": 37}, "explain_analyze_plan": null}, "(1, 112)": {"explain_plan": {"Plan": {"Node Type": "Aggregate", "Strategy": "Plain", "Startup Cost": 106215.57, "Total Cost": 106215.58, "Plan Rows": 1, "Plan Width": 97, "Plans": [{"Node Type": "Nested Loop", "Parent Relationship": "Outer", "Join Type": "Inner", "Startup Cost": 0.0, "Total Cost": 106215.51, "Plan Rows": 12, "Plan Width": 33, "Inner Unique": true, "Plans": [{"Node Type": "Nested Loop", "Parent Relationship": "Outer", "Join Type": "Inner", "Startup Cost": 0.0, "Total Cost": 105839.97, "Plan Rows": 645, "Plan Width": 41, "Inner Unique": false, "Plans": [{"Node Type": "Nested Loop", "Parent Relationship": "Outer", "Join Type": "Inner", "Startup Cost": 0.0, "Total Cost": 105385.76, "Plan Rows": 532, "Plan Width": 21, "Inner Unique": false, "Join Filter": "(ci.role_id = rt.id)", "Plans": [{"Node Type": "Seq Scan", "Parent Relationship": "Outer", "Relation Name": "role_type", "Alias": "rt", "Startup Cost": 0.0, "Total Cost": 1.15, "Plan Rows": 1, "Plan Width": 4, "Filter": "((role)::text = 'actress'::text)"}, {"Node Type": "Nested Loop", "Parent Relationship": "Inner", "Join Type": "Inner", "Startup Cost": 0.0, "Total Cost": 105311.53, "Plan Rows": 5847, "Plan Width": 25, "Inner Unique": false, "Plans": [{"Node Type": "Nested Loop", "Parent Relationship": "Outer", "Join Type": "Inner", "Startup Cost": 0.0, "Total Cost": 99568.93, "Plan Rows": 5775, "Plan Width": 25, "Inner Unique": true, "Plans": [{"Node Type": "Nested Loop", "Parent Relationship": "Outer", "Join Type": "Inner", "Startup Cost": 0.0, "Total Cost": 76921.84, "Plan Rows": 5775, "Plan Width": 4, "Inner Unique": false, "Plans": [{"Node Type": "Seq Scan", "Parent Relationship": "Outer", "Relation Name": "company_name", "Alias": "cn", "Startup Cost": 0.0, "Total Cost": 5903.45, "Plan Rows": 6290, "Plan Width": 4, "Filter": "((country_code)::text = '[jp]'::text)"}, {"Node Type": "Index Scan", "Parent Relationship": "Inner", "Scan Direction": "Forward", "Index Name": "company_id_movie_companies", "Relation Name": "movie_companies", "Alias": "mc", "Startup Cost": 0.0, "Total Cost": 11.28, "Plan Rows": 1, "Plan Width": 8, "Index Cond": "(company_id = cn.id)", "Filter": "(((note)::text ~~ '%(Japan)%'::text) AND ((note)::text !~~ '%(USA)%'::text))"}]}, {"Node Type": "Index Scan", "Parent Relationship": "Inner", "Scan Direction": "Forward", "Index Name": "title_pkey", "Relation Name": "title", "Alias": "t", "Startup Cost": 0.0, "Total Cost": 3.91, "Plan Rows": 1, "Plan Width": 21, "Index Cond": "(id = mc.movie_id)"}]}, {"Node Type": "Index Scan", "Parent Relationship": "Inner", "Scan Direction": "Forward", "Index Name": "movie_id_cast_info", "Relation Name": "cast_info", "Alias": "ci", "Startup Cost": 0.0, "Total Cost": 0.98, "Plan Rows": 1, "Plan Width": 12, "Index Cond": "(movie_id = t.id)", "Filter": "((note)::text = '(voice: English version)'::text)"}]}]}, {"Node Type": "Index Scan", "Parent Relationship": "Inner", "Scan Direction": "Forward", "Index Name": "person_id_aka_name", "Relation Name": "aka_name", "Alias": "an1", "Startup Cost": 0.0, "Total Cost": 0.84, "Plan Rows": 1, "Plan Width": 20, "Index Cond": "(person_id = ci.person_id)"}]}, {"Node Type": "Index Scan", "Parent Relationship": "Inner", "Scan Direction": "Forward", "Index Name": "name_pkey", "Relation Name": "name", "Alias": "n1", "Startup Cost": 0.0, "Total Cost": 0.57, "Plan Rows": 1, "Plan Width": 4, "Index Cond": "(id = an1.person_id)", "Filter": "(((name)::text ~~ '%Yo%'::text) AND ((name)::text !~~ '%Yu%'::text))"}]}]}, "Unique SQL Id": 3544391839, "Planner Runtime": 4}, "explain_analyze_plan": {"Plan": {"Node Type": "Aggregate", "Strategy": "Plain", "Startup Cost": 106215.57, "Total Cost": 106215.58, "Plan Rows": 1, "Plan Width": 97, "Actual Startup Time": 3343.581, "Actual Total Time": 3343.582, "Actual Rows": 1, "Actual Loops": 1, "Plans": [{"Node Type": "Nested Loop", "Parent Relationship": "Outer", "Join Type": "Inner", "Startup Cost": 0.0, "Total Cost": 106215.51, "Plan Rows": 12, "Plan Width": 33, "Actual Startup Time": 225.177, "Actual Total Time": 3343.278, "Actual Rows": 62, "Actual Loops": 1, "Inner Unique": true, "Plans": [{"Node Type": "Nested Loop", "Parent Relationship": "Outer", "Join Type": "Inner", "Startup Cost": 0.0, "Total Cost": 105839.97, "Plan Rows": 645, "Plan Width": 41, "Actual Startup Time": 0.174, "Actual Total Time": 3267.385, "Actual Rows": 17379, "Actual Loops": 1, "Inner Unique": false, "Plans": [{"Node Type": "Nested Loop", "Parent Relationship": "Outer", "Join Type": "Inner", "Startup Cost": 0.0, "Total Cost": 105385.76, "Plan Rows": 532, "Plan Width": 21, "Actual Startup Time": 0.164, "Actual Total Time": 3218.995, "Actual Rows": 7438, "Actual Loops": 1, "Inner Unique": false, "Join Filter": "(ci.role_id = rt.id)", "Rows Removed by Join Filter": 12162, "Plans": [{"Node Type": "Seq Scan", "Parent Relationship": "Outer", "Relation Name": "role_type", "Alias": "rt", "Startup Cost": 0.0, "Total Cost": 1.15, "Plan Rows": 1, "Plan Width": 4, "Actual Startup Time": 0.027, "Actual Total Time": 0.032, "Actual Rows": 1, "Actual Loops": 1, "Filter": "((role)::text = 'actress'::text)", "Rows Removed by Filter": 11}, {"Node Type": "Nested Loop", "Parent Relationship": "Inner", "Join Type": "Inner", "Startup Cost": 0.0, "Total Cost": 105311.53, "Plan Rows": 5847, "Plan Width": 25, "Actual Startup Time": 0.131, "Actual Total Time": 3213.59, "Actual Rows": 19600, "Actual Loops": 1, "Inner Unique": false, "Plans": [{"Node Type": "Nested Loop", "Parent Relationship": "Outer", "Join Type": "Inner", "Startup Cost": 0.0, "Total Cost": 99568.93, "Plan Rows": 5775, "Plan Width": 25, "Actual Startup Time": 0.077, "Actual Total Time": 575.312, "Actual Rows": 48328, "Actual Loops": 1, "Inner Unique": true, "Plans": [{"Node Type": "Nested Loop", "Parent Relationship": "Outer", "Join Type": "Inner", "Startup Cost": 0.0, "Total Cost": 76921.84, "Plan Rows": 5775, "Plan Width": 4, "Actual Startup Time": 0.067, "Actual Total Time": 292.251, "Actual Rows": 48328, "Actual Loops": 1, "Inner Unique": false, "Plans": [{"Node Type": "Seq Scan", "Parent Relationship": "Outer", "Relation Name": "company_name", "Alias": "cn", "Startup Cost": 0.0, "Total Cost": 5903.45, "Plan Rows": 6290, "Plan Width": 4, "Actual Startup Time": 0.021, "Actual Total Time": 83.294, "Actual Rows": 6752, "Actual Loops": 1, "Filter": "((country_code)::text = '[jp]'::text)", "Rows Removed by Filter": 228244}, {"Node Type": "Index Scan", "Parent Relationship": "Inner", "Scan Direction": "Forward", "Index Name": "company_id_movie_companies", "Relation Name": "movie_companies", "Alias": "mc", "Startup Cost": 0.0, "Total Cost": 11.28, "Plan Rows": 1, "Plan Width": 8, "Actual Startup Time": 54.933, "Actual Total Time": 193.373, "Actual Rows": 48328, "Actual Loops": 6752, "Index Cond": "(company_id = cn.id)", "Rows Removed by Index Recheck": 0, "Filter": "(((note)::text ~~ '%(Japan)%'::text) AND ((note)::text !~~ '%(USA)%'::text))", "Rows Removed by Filter": 56667}]}, {"Node Type": "Index Scan", "Parent Relationship": "Inner", "Scan Direction": "Forward", "Index Name": "title_pkey", "Relation Name": "title", "Alias": "t", "Startup Cost": 0.0, "Total Cost": 3.91, "Plan Rows": 1, "Plan Width": 21, "Actual Startup Time": 241.214, "Actual Total Time": 241.214, "Actual Rows": 48328, "Actual Loops": 48328, "Index Cond": "(id = mc.movie_id)", "Rows Removed by Index Recheck": 0}]}, {"Node Type": "Index Scan", "Parent Relationship": "Inner", "Scan Direction": "Forward", "Index Name": "movie_id_cast_info", "Relation Name": "cast_info", "Alias": "ci", "Startup Cost": 0.0, "Total Cost": 0.98, "Plan Rows": 1, "Plan Width": 12, "Actual Startup Time": 2486.124, "Actual Total Time": 2607.694, "Actual Rows": 19600, "Actual Loops": 48328, "Index Cond": "(movie_id = t.id)", "Rows Removed by Index Recheck": 0, "Filter": "((note)::text = '(voice: English version)'::text)", "Rows Removed by Filter": 1531710}]}]}, {"Node Type": "Index Scan", "Parent Relationship": "Inner", "Scan Direction": "Forward", "Index Name": "person_id_aka_name", "Relation Name": "aka_name", "Alias": "an1", "Startup Cost": 0.0, "Total Cost": 0.84, "Plan Rows": 1, "Plan Width": 20, "Actual Startup Time": 31.426, "Actual Total Time": 39.577, "Actual Rows": 17379, "Actual Loops": 7438, "Index Cond": "(person_id = ci.person_id)", "Rows Removed by Index Recheck": 0}]}, {"Node Type": "Index Scan", "Parent Relationship": "Inner", "Scan Direction": "Forward", "Index Name": "name_pkey", "Relation Name": "name", "Alias": "n1", "Startup Cost": 0.0, "Total Cost": 0.57, "Plan Rows": 1, "Plan Width": 4, "Actual Startup Time": 67.071, "Actual Total Time": 67.071, "Actual Rows": 62, "Actual Loops": 17379, "Index Cond": "(id = an1.person_id)", "Rows Removed by Index Recheck": 0, "Filter": "(((name)::text ~~ '%Yo%'::text) AND ((name)::text !~~ '%Yu%'::text))", "Rows Removed by Filter": 17317}]}]}, "Triggers": [], "Planner Runtime": 4, "Total Runtime": 3343.933, "Unique SQL Id": 3544391839}}, "(1, 113)": {"explain_plan": {"Plan": {"Node Type": "Aggregate", "Strategy": "Plain", "Startup Cost": 110824.82, "Total Cost": 110824.83, "Plan Rows": 1, "Plan Width": 97, "Plans": [{"Node Type": "Nested Loop", "Parent Relationship": "Outer", "Join Type": "Inner", "Startup Cost": 0.0, "Total Cost": 110824.76, "Plan Rows": 12, "Plan Width": 33, "Inner Unique": true, "Plans": [{"Node Type": "Nested Loop", "Parent Relationship": "Outer", "Join Type": "Inner", "Startup Cost": 0.0, "Total Cost": 110449.22, "Plan Rows": 645, "Plan Width": 41, "Inner Unique": false, "Plans": [{"Node Type": "Nested Loop", "Parent Relationship": "Outer", "Join Type": "Inner", "Startup Cost": 0.0, "Total Cost": 109995.01, "Plan Rows": 532, "Plan Width": 21, "Inner Unique": false, "Join Filter": "(ci.role_id = rt.id)", "Plans": [{"Node Type": "Index Scan", "Parent Relationship": "Outer", "Scan Direction": "Forward", "Index Name": "role_type_pkey", "Relation Name": "role_type", "Alias": "rt", "Startup Cost": 0.0, "Total Cost": 12.46, "Plan Rows": 1, "Plan Width": 4, "Filter": "((role)::text = 'actress'::text)"}, {"Node Type": "Nested Loop", "Parent Relationship": "Inner", "Join Type": "Inner", "Startup Cost": 0.0, "Total Cost": 109909.47, "Plan Rows": 5847, "Plan Width": 25, "Inner Unique": false, "Plans": [{"Node Type": "Nested Loop", "Parent Relationship": "Outer", "Join Type": "Inner", "Startup Cost": 0.0, "Total Cost": 104166.87, "Plan Rows": 5775, "Plan Width": 25, "Inner Unique": true, "Plans": [{"Node Type": "Nested Loop", "Parent Relationship": "Outer", "Join Type": "Inner", "Startup Cost": 0.0, "Total Cost": 81519.78, "Plan Rows": 5775, "Plan Width": 4, "Inner Unique": false, "Plans": [{"Node Type": "Index Scan", "Parent Relationship": "Outer", "Scan Direction": "Forward", "Index Name": "company_name_pkey", "Relation Name": "company_name", "Alias": "cn", "Startup Cost": 0.0, "Total Cost": 10501.39, "Plan Rows": 6290, "Plan Width": 4, "Filter": "((country_code)::text = '[jp]'::text)"}, {"Node Type": "Index Scan", "Parent Relationship": "Inner", "Scan Direction": "Forward", "Index Name": "company_id_movie_companies", "Relation Name": "movie_companies", "Alias": "mc", "Startup Cost": 0.0, "Total Cost": 11.28, "Plan Rows": 1, "Plan Width": 8, "Index Cond": "(company_id = cn.id)", "Filter": "(((note)::text ~~ '%(Japan)%'::text) AND ((note)::text !~~ '%(USA)%'::text))"}]}, {"Node Type": "Index Scan", "Parent Relationship": "Inner", "Scan Direction": "Forward", "Index Name": "title_pkey", "Relation Name": "title", "Alias": "t", "Startup Cost": 0.0, "Total Cost": 3.91, "Plan Rows": 1, "Plan Width": 21, "Index Cond": "(id = mc.movie_id)"}]}, {"Node Type": "Index Scan", "Parent Relationship": "Inner", "Scan Direction": "Forward", "Index Name": "movie_id_cast_info", "Relation Name": "cast_info", "Alias": "ci", "Startup Cost": 0.0, "Total Cost": 0.98, "Plan Rows": 1, "Plan Width": 12, "Index Cond": "(movie_id = t.id)", "Filter": "((note)::text = '(voice: English version)'::text)"}]}]}, {"Node Type": "Index Scan", "Parent Relationship": "Inner", "Scan Direction": "Forward", "Index Name": "person_id_aka_name", "Relation Name": "aka_name", "Alias": "an1", "Startup Cost": 0.0, "Total Cost": 0.84, "Plan Rows": 1, "Plan Width": 20, "Index Cond": "(person_id = ci.person_id)"}]}, {"Node Type": "Index Scan", "Parent Relationship": "Inner", "Scan Direction": "Forward", "Index Name": "name_pkey", "Relation Name": "name", "Alias": "n1", "Startup Cost": 0.0, "Total Cost": 0.57, "Plan Rows": 1, "Plan Width": 4, "Index Cond": "(id = an1.person_id)", "Filter": "(((name)::text ~~ '%Yo%'::text) AND ((name)::text !~~ '%Yu%'::text))"}]}]}, "Unique SQL Id": 3544391839, "Planner Runtime": 4}, "explain_analyze_plan": {"Plan": {"Node Type": "Aggregate", "Strategy": "Plain", "Startup Cost": 110824.82, "Total Cost": 110824.83, "Plan Rows": 1, "Plan Width": 97, "Actual Startup Time": 3920.32, "Actual Total Time": 3920.321, "Actual Rows": 1, "Actual Loops": 1, "Plans": [{"Node Type": "Nested Loop", "Parent Relationship": "Outer", "Join Type": "Inner", "Startup Cost": 0.0, "Total Cost": 110824.76, "Plan Rows": 12, "Plan Width": 33, "Actual Startup Time": 4.241, "Actual Total Time": 3919.925, "Actual Rows": 62, "Actual Loops": 1, "Inner Unique": true, "Plans": [{"Node Type": "Nested Loop", "Parent Relationship": "Outer", "Join Type": "Inner", "Startup Cost": 0.0, "Total Cost": 110449.22, "Plan Rows": 645, "Plan Width": 41, "Actual Startup Time": 0.311, "Actual Total Time": 3843.189, "Actual Rows": 17379, "Actual Loops": 1, "Inner Unique": false, "Plans": [{"Node Type": "Nested Loop", "Parent Relationship": "Outer", "Join Type": "Inner", "Startup Cost": 0.0, "Total Cost": 109995.01, "Plan Rows": 532, "Plan Width": 21, "Actual Startup Time": 0.3, "Actual Total Time": 3793.45, "Actual Rows": 7438, "Actual Loops": 1, "Inner Unique": false, "Join Filter": "(ci.role_id = rt.id)", "Rows Removed by Join Filter": 12162, "Plans": [{"Node Type": "Index Scan", "Parent Relationship": "Outer", "Scan Direction": "Forward", "Index Name": "role_type_pkey", "Relation Name": "role_type", "Alias": "rt", "Startup Cost": 0.0, "Total Cost": 12.46, "Plan Rows": 1, "Plan Width": 4, "Actual Startup Time": 0.036, "Actual Total Time": 0.051, "Actual Rows": 1, "Actual Loops": 1, "Filter": "((role)::text = 'actress'::text)", "Rows Removed by Filter": 11}, {"Node Type": "Nested Loop", "Parent Relationship": "Inner", "Join Type": "Inner", "Startup Cost": 0.0, "Total Cost": 109909.47, "Plan Rows": 5847, "Plan Width": 25, "Actual Startup Time": 0.26, "Actual Total Time": 3788.159, "Actual Rows": 19600, "Actual Loops": 1, "Inner Unique": false, "Plans": [{"Node Type": "Nested Loop", "Parent Relationship": "Outer", "Join Type": "Inner", "Startup Cost": 0.0, "Total Cost": 104166.87, "Plan Rows": 5775, "Plan Width": 25, "Actual Startup Time": 0.203, "Actual Total Time": 865.143, "Actual Rows": 48328, "Actual Loops": 1, "Inner Unique": true, "Plans": [{"Node Type": "Nested Loop", "Parent Relationship": "Outer", "Join Type": "Inner", "Startup Cost": 0.0, "Total Cost": 81519.78, "Plan Rows": 5775, "Plan Width": 4, "Actual Startup Time": 0.192, "Actual Total Time": 560.178, "Actual Rows": 48328, "Actual Loops": 1, "Inner Unique": false, "Plans": [{"Node Type": "Index Scan", "Parent Relationship": "Outer", "Scan Direction": "Forward", "Index Name": "company_name_pkey", "Relation Name": "company_name", "Alias": "cn", "Startup Cost": 0.0, "Total Cost": 10501.39, "Plan Rows": 6290, "Plan Width": 4, "Actual Startup Time": 0.158, "Actual Total Time": 329.41, "Actual Rows": 6752, "Actual Loops": 1, "Filter": "((country_code)::text = '[jp]'::text)", "Rows Removed by Filter": 228244}, {"Node Type": "Index Scan", "Parent Relationship": "Inner", "Scan Direction": "Forward", "Index Name": "company_id_movie_companies", "Relation Name": "movie_companies", "Alias": "mc", "Startup Cost": 0.0, "Total Cost": 11.28, "Plan Rows": 1, "Plan Width": 8, "Actual Startup Time": 59.855, "Actual Total Time": 214.607, "Actual Rows": 48328, "Actual Loops": 6752, "Index Cond": "(company_id = cn.id)", "Rows Removed by Index Recheck": 0, "Filter": "(((note)::text ~~ '%(Japan)%'::text) AND ((note)::text !~~ '%(USA)%'::text))", "Rows Removed by Filter": 56667}]}, {"Node Type": "Index Scan", "Parent Relationship": "Inner", "Scan Direction": "Forward", "Index Name": "title_pkey", "Relation Name": "title", "Alias": "t", "Startup Cost": 0.0, "Total Cost": 3.91, "Plan Rows": 1, "Plan Width": 21, "Actual Startup Time": 262.05, "Actual Total Time": 262.05, "Actual Rows": 48328, "Actual Loops": 48328, "Index Cond": "(id = mc.movie_id)", "Rows Removed by Index Recheck": 0}]}, {"Node Type": "Index Scan", "Parent Relationship": "Inner", "Scan Direction": "Forward", "Index Name": "movie_id_cast_info", "Relation Name": "cast_info", "Alias": "ci", "Startup Cost": 0.0, "Total Cost": 0.98, "Plan Rows": 1, "Plan Width": 12, "Actual Startup Time": 2764.157, "Actual Total Time": 2892.023, "Actual Rows": 19600, "Actual Loops": 48328, "Index Cond": "(movie_id = t.id)", "Rows Removed by Index Recheck": 0, "Filter": "((note)::text = '(voice: English version)'::text)", "Rows Removed by Filter": 1531710}]}]}, {"Node Type": "Index Scan", "Parent Relationship": "Inner", "Scan Direction": "Forward", "Index Name": "person_id_aka_name", "Relation Name": "aka_name", "Alias": "an1", "Startup Cost": 0.0, "Total Cost": 0.84, "Plan Rows": 1, "Plan Width": 20, "Actual Startup Time": 32.563, "Actual Total Time": 40.837, "Actual Rows": 17379, "Actual Loops": 7438, "Index Cond": "(person_id = ci.person_id)", "Rows Removed by Index Recheck": 0}]}, {"Node Type": "Index Scan", "Parent Relationship": "Inner", "Scan Direction": "Forward", "Index Name": "name_pkey", "Relation Name": "name", "Alias": "n1", "Startup Cost": 0.0, "Total Cost": 0.57, "Plan Rows": 1, "Plan Width": 4, "Actual Startup Time": 67.888, "Actual Total Time": 67.888, "Actual Rows": 62, "Actual Loops": 17379, "Index Cond": "(id = an1.person_id)", "Rows Removed by Index Recheck": 0, "Filter": "(((name)::text ~~ '%Yo%'::text) AND ((name)::text !~~ '%Yu%'::text))", "Rows Removed by Filter": 17317}]}]}, "Triggers": [], "Planner Runtime": 4, "Total Runtime": 3920.691, "Unique SQL Id": 3544391839}}, "(1, 114)": {"explain_plan": {"Plan": {"Node Type": "Aggregate", "Strategy": "Plain", "Startup Cost": 163826.04, "Total Cost": 163826.05, "Plan Rows": 1, "Plan Width": 97, "Plans": [{"Node Type": "Nested Loop", "Parent Relationship": "Outer", "Join Type": "Inner", "Startup Cost": 6.45, "Total Cost": 163825.98, "Plan Rows": 12, "Plan Width": 33, "Inner Unique": false, "Join Filter": "(n1.id = an1.person_id)", "Plans": [{"Node Type": "Nested Loop", "Parent Relationship": "Outer", "Join Type": "Inner", "Startup Cost": 6.07, "Total Cost": 163482.33, "Plan Rows": 78, "Plan Width": 25, "Inner Unique": true, "Plans": [{"Node Type": "Nested Loop", "Parent Relationship": "Outer", "Join Type": "Inner", "Startup Cost": 5.16, "Total Cost": 160859.69, "Plan Rows": 532, "Plan Width": 21, "Inner Unique": false, "Join Filter": "(ci.role_id = rt.id)", "Plans": [{"Node Type": "Seq Scan", "Parent Relationship": "Outer", "Relation Name": "role_type", "Alias": "rt", "Startup Cost": 0.0, "Total Cost": 1.15, "Plan Rows": 1, "Plan Width": 4, "Filter": "((role)::text = 'actress'::text)"}, {"Node Type": "Nested Loop", "Parent Relationship": "Inner", "Join Type": "Inner", "Startup Cost": 5.16, "Total Cost": 160785.45, "Plan Rows": 5847, "Plan Width": 25, "Inner Unique": false, "Plans": [{"Node Type": "Nested Loop", "Parent Relationship": "Outer", "Join Type": "Inner", "Startup Cost": 4.65, "Total Cost": 134127.63, "Plan Rows": 5775, "Plan Width": 25, "Inner Unique": true, "Plans": [{"Node Type": "Nested Loop", "Parent Relationship": "Outer", "Join Type": "Inner", "Startup Cost": 3.37, "Total Cost": 103541.28, "Plan Rows": 5775, "Plan Width": 4, "Inner Unique": false, "Plans": [{"Node Type": "Seq Scan", "Parent Relationship": "Outer", "Relation Name": "company_name", "Alias": "cn", "Startup Cost": 0.0, "Total Cost": 5903.45, "Plan Rows": 6290, "Plan Width": 4, "Filter": "((country_code)::text = '[jp]'::text)"}, {"Node Type": "Bitmap Heap Scan", "Parent Relationship": "Inner", "Relation Name": "movie_companies", "Alias": "mc", "Startup Cost": 3.37, "Total Cost": 15.51, "Plan Rows": 1, "Plan Width": 8, "Recheck Cond": "(company_id = cn.id)", "Filter": "(((note)::text ~~ '%(Japan)%'::text) AND ((note)::text !~~ '%(USA)%'::text))", "Plans": [{"Node Type": "Bitmap Index Scan", "Parent Relationship": "Outer", "Index Name": "company_id_movie_companies", "Startup Cost": 0.0, "Total Cost": 3.37, "Plan Rows": 15, "Plan Width": 0, "Index Cond": "(company_id = cn.id)"}]}]}, {"Node Type": "Bitmap Heap Scan", "Parent Relationship": "Inner", "Relation Name": "title", "Alias": "t", "Startup Cost": 1.27, "Total Cost": 5.29, "Plan Rows": 1, "Plan Width": 21, "Recheck Cond": "(id = mc.movie_id)", "Plans": [{"Node Type": "Bitmap Index Scan", "Parent Relationship": "Outer", "Index Name": "title_pkey", "Startup Cost": 0.0, "Total Cost": 1.27, "Plan Rows": 1, "Plan Width": 0, "Index Cond": "(id = mc.movie_id)"}]}]}, {"Node Type": "Bitmap Heap Scan", "Parent Relationship": "Inner", "Relation Name": "cast_info", "Alias": "ci", "Startup Cost": 0.52, "Total Cost": 4.61, "Plan Rows": 1, "Plan Width": 12, "Recheck Cond": "(movie_id = t.id)", "Filter": "((note)::text = '(voice: English version)'::text)", "Plans": [{"Node Type": "Bitmap Index Scan", "Parent Relationship": "Outer", "Index Name": "movie_id_cast_info", "Startup Cost": 0.0, "Total Cost": 0.52, "Plan Rows": 6, "Plan Width": 0, "Index Cond": "(movie_id = t.id)"}]}]}]}, {"Node Type": "Bitmap Heap Scan", "Parent Relationship": "Inner", "Relation Name": "name", "Alias": "n1", "Startup Cost": 0.9, "Total Cost": 4.92, "Plan Rows": 1, "Plan Width": 4, "Recheck Cond": "(id = ci.person_id)", "Filter": "(((name)::text ~~ '%Yo%'::text) AND ((name)::text !~~ '%Yu%'::text))", "Plans": [{"Node Type": "Bitmap Index Scan", "Parent Relationship": "Outer", "Index Name": "name_pkey", "Startup Cost": 0.0, "Total Cost": 0.9, "Plan Rows": 1, "Plan Width": 0, "Index Cond": "(id = ci.person_id)"}]}]}, {"Node Type": "Bitmap Heap Scan", "Parent Relationship": "Inner", "Relation Name": "aka_name", "Alias": "an1", "Startup Cost": 0.38, "Total Cost": 4.39, "Plan Rows": 1, "Plan Width": 20, "Recheck Cond": "(person_id = ci.person_id)", "Plans": [{"Node Type": "Bitmap Index Scan", "Parent Relationship": "Outer", "Index Name": "person_id_aka_name", "Startup Cost": 0.0, "Total Cost": 0.38, "Plan Rows": 1, "Plan Width": 0, "Index Cond": "(person_id = ci.person_id)"}]}]}]}, "Unique SQL Id": 3544391839, "Planner Runtime": 6}, "explain_analyze_plan": {"Plan": {"Node Type": "Aggregate", "Strategy": "Plain", "Startup Cost": 163826.04, "Total Cost": 163826.05, "Plan Rows": 1, "Plan Width": 97, "Actual Startup Time": 4333.894, "Actual Total Time": 4333.894, "Actual Rows": 1, "Actual Loops": 1, "Plans": [{"Node Type": "Nested Loop", "Parent Relationship": "Outer", "Join Type": "Inner", "Startup Cost": 6.45, "Total Cost": 163825.98, "Plan Rows": 12, "Plan Width": 33, "Actual Startup Time": 286.054, "Actual Total Time": 4333.54, "Actual Rows": 62, "Actual Loops": 1, "Inner Unique": false, "Join Filter": "(n1.id = an1.person_id)", "Rows Removed by Join Filter": 0, "Plans": [{"Node Type": "Nested Loop", "Parent Relationship": "Outer", "Join Type": "Inner", "Startup Cost": 6.07, "Total Cost": 163482.33, "Plan Rows": 78, "Plan Width": 25, "Actual Startup Time": 286.028, "Actual Total Time": 4332.881, "Actual Rows": 38, "Actual Loops": 1, "Inner Unique": true, "Plans": [{"Node Type": "Nested Loop", "Parent Relationship": "Outer", "Join Type": "Inner", "Startup Cost": 5.16, "Total Cost": 160859.69, "Plan Rows": 532, "Plan Width": 21, "Actual Startup Time": 0.207, "Actual Total Time": 4273.216, "Actual Rows": 7438, "Actual Loops": 1, "Inner Unique": false, "Join Filter": "(ci.role_id = rt.id)", "Rows Removed by Join Filter": 12162, "Plans": [{"Node Type": "Seq Scan", "Parent Relationship": "Outer", "Relation Name": "role_type", "Alias": "rt", "Startup Cost": 0.0, "Total Cost": 1.15, "Plan Rows": 1, "Plan Width": 4, "Actual Startup Time": 0.025, "Actual Total Time": 0.034, "Actual Rows": 1, "Actual Loops": 1, "Filter": "((role)::text = 'actress'::text)", "Rows Removed by Filter": 11}, {"Node Type": "Nested Loop", "Parent Relationship": "Inner", "Join Type": "Inner", "Startup Cost": 5.16, "Total Cost": 160785.45, "Plan Rows": 5847, "Plan Width": 25, "Actual Startup Time": 0.177, "Actual Total Time": 4267.787, "Actual Rows": 19600, "Actual Loops": 1, "Inner Unique": false, "Plans": [{"Node Type": "Nested Loop", "Parent Relationship": "Outer", "Join Type": "Inner", "Startup Cost": 4.65, "Total Cost": 134127.63, "Plan Rows": 5775, "Plan Width": 25, "Actual Startup Time": 0.107, "Actual Total Time": 767.129, "Actual Rows": 48328, "Actual Loops": 1, "Inner Unique": true, "Plans": [{"Node Type": "Nested Loop", "Parent Relationship": "Outer", "Join Type": "Inner", "Startup Cost": 3.37, "Total Cost": 103541.28, "Plan Rows": 5775, "Plan Width": 4, "Actual Startup Time": 0.092, "Actual Total Time": 365.648, "Actual Rows": 48328, "Actual Loops": 1, "Inner Unique": false, "Plans": [{"Node Type": "Seq Scan", "Parent Relationship": "Outer", "Relation Name": "company_name", "Alias": "cn", "Startup Cost": 0.0, "Total Cost": 5903.45, "Plan Rows": 6290, "Plan Width": 4, "Actual Startup Time": 0.021, "Actual Total Time": 88.269, "Actual Rows": 6752, "Actual Loops": 1, "Filter": "((country_code)::text = '[jp]'::text)", "Rows Removed by Filter": 228244}, {"Node Type": "Bitmap Heap Scan", "Parent Relationship": "Inner", "Relation Name": "movie_companies", "Alias": "mc", "Startup Cost": 3.37, "Total Cost": 15.51, "Plan Rows": 1, "Plan Width": 8, "Actual Startup Time": 97.42, "Actual Total Time": 252.735, "Actual Rows": 48328, "Actual Loops": 6752, "Recheck Cond": "(company_id = cn.id)", "Rows Removed by Index Recheck": 0, "Filter": "(((note)::text ~~ '%(Japan)%'::text) AND ((note)::text !~~ '%(USA)%'::text))", "Rows Removed by Filter": 56667, "Exact Heap Blocks": 61861, "Lossy Heap Blocks": 61861, "Plans": [{"Node Type": "Bitmap Index Scan", "Parent Relationship": "Outer", "Index Name": "company_id_movie_companies", "Startup Cost": 0.0, "Total Cost": 3.37, "Plan Rows": 15, "Plan Width": 0, "Actual Startup Time": 50.111, "Actual Total Time": 50.111, "Actual Rows": 104995, "Actual Loops": 6752, "Index Cond": "(company_id = cn.id)"}]}]}, {"Node Type": "Bitmap Heap Scan", "Parent Relationship": "Inner", "Relation Name": "title", "Alias": "t", "Startup Cost": 1.27, "Total Cost": 5.29, "Plan Rows": 1, "Plan Width": 21, "Actual Startup Time": 323.567, "Actual Total Time": 323.567, "Actual Rows": 48328, "Actual Loops": 48328, "Recheck Cond": "(id = mc.movie_id)", "Rows Removed by Index Recheck": 0, "Exact Heap Blocks": 48328, "Lossy Heap Blocks": 48328, "Plans": [{"Node Type": "Bitmap Index Scan", "Parent Relationship": "Outer", "Index Name": "title_pkey", "Startup Cost": 0.0, "Total Cost": 1.27, "Plan Rows": 1, "Plan Width": 0, "Actual Startup Time": 192.995, "Actual Total Time": 192.995, "Actual Rows": 48328, "Actual Loops": 48328, "Index Cond": "(id = mc.movie_id)"}]}]}, {"Node Type": "Bitmap Heap Scan", "Parent Relationship": "Inner", "Relation Name": "cast_info", "Alias": "ci", "Startup Cost": 0.52, "Total Cost": 4.61, "Plan Rows": 1, "Plan Width": 12, "Actual Startup Time": 3285.45, "Actual Total Time": 3425.654, "Actual Rows": 19600, "Actual Loops": 48328, "Recheck Cond": "(movie_id = t.id)", "Rows Removed by Index Recheck": 0, "Filter": "((note)::text = '(voice: English version)'::text)", "Rows Removed by Filter": 1531710, "Exact Heap Blocks": 1503105, "Lossy Heap Blocks": 1503105, "Plans": [{"Node Type": "Bitmap Index Scan", "Parent Relationship": "Outer", "Index Name": "movie_id_cast_info", "Startup Cost": 0.0, "Total Cost": 0.52, "Plan Rows": 6, "Plan Width": 0, "Actual Startup Time": 513.532, "Actual Total Time": 513.532, "Actual Rows": 1551310, "Actual Loops": 48328, "Index Cond": "(movie_id = t.id)"}]}]}]}, {"Node Type": "Bitmap Heap Scan", "Parent Relationship": "Inner", "Relation Name": "name", "Alias": "n1", "Startup Cost": 0.9, "Total Cost": 4.92, "Plan Rows": 1, "Plan Width": 4, "Actual Startup Time": 49.965, "Actual Total Time": 49.965, "Actual Rows": 38, "Actual Loops": 7438, "Recheck Cond": "(id = ci.person_id)", "Rows Removed by Index Recheck": 0, "Filter": "(((name)::text ~~ '%Yo%'::text) AND ((name)::text !~~ '%Yu%'::text))", "Rows Removed by Filter": 7400, "Exact Heap Blocks": 7438, "Lossy Heap Blocks": 7438, "Plans": [{"Node Type": "Bitmap Index Scan", "Parent Relationship": "Outer", "Index Name": "name_pkey", "Startup Cost": 0.0, "Total Cost": 0.9, "Plan Rows": 1, "Plan Width": 0, "Actual Startup Time": 30.042, "Actual Total Time": 30.042, "Actual Rows": 7438, "Actual Loops": 7438, "Index Cond": "(id = ci.person_id)"}]}]}, {"Node Type": "Bitmap Heap Scan", "Parent Relationship": "Inner", "Relation Name": "aka_name", "Alias": "an1", "Startup Cost": 0.38, "Total Cost": 4.39, "Plan Rows": 1, "Plan Width": 20, "Actual Startup Time": 0.417, "Actual Total Time": 0.444, "Actual Rows": 62, "Actual Loops": 38, "Recheck Cond": "(person_id = ci.person_id)", "Rows Removed by Index Recheck": 0, "Exact Heap Blocks": 43, "Lossy Heap Blocks": 43, "Plans": [{"Node Type": "Bitmap Index Scan", "Parent Relationship": "Outer", "Index Name": "person_id_aka_name", "Startup Cost": 0.0, "Total Cost": 0.38, "Plan Rows": 1, "Plan Width": 0, "Actual Startup Time": 0.256, "Actual Total Time": 0.256, "Actual Rows": 62, "Actual Loops": 38, "Index Cond": "(person_id = ci.person_id)"}]}]}]}, "Triggers": [], "Planner Runtime": 6, "Total Runtime": 4334.363, "Unique SQL Id": 3544391839}}, "(1, 115)": {"explain_plan": {"Plan": {"Node Type": "Aggregate", "Strategy": "Plain", "Startup Cost": 1000012228445.06, "Total Cost": 1000012228445.07, "Plan Rows": 1, "Plan Width": 97, "Plans": [{"Node Type": "Nested Loop", "Parent Relationship": "Outer", "Join Type": "Inner", "Startup Cost": 10000000003.19, "Total Cost": 1000012228445.0, "Plan Rows": 12, "Plan Width": 33, "Inner Unique": true, "Plans": [{"Node Type": "Nested Loop", "Parent Relationship": "Outer", "Join Type": "Inner", "Startup Cost": 10000000002.87, "Total Cost": 1000012225636.42, "Plan Rows": 645, "Plan Width": 41, "Inner Unique": true, "Plans": [{"Node Type": "Nested Loop", "Parent Relationship": "Outer", "Join Type": "Inner", "Startup Cost": 10000000002.23, "Total Cost": 1000012222628.77, "Plan Rows": 645, "Plan Width": 32, "Inner Unique": true, "Plans": [{"Node Type": "Nested Loop", "Parent Relationship": "Outer", "Join Type": "Inner", "Startup Cost": 10000000001.92, "Total Cost": 1000012205100.96, "Plan Rows": 4051, "Plan Width": 36, "Inner Unique": false, "Plans": [{"Node Type": "Nested Loop", "Parent Relationship": "Outer", "Join Type": "Inner", "Startup Cost": 10000000001.26, "Total Cost": 1000012155572.17, "Plan Rows": 10524, "Plan Width": 28, "Inner Unique": true, "Plans": [{"Node Type": "Nested Loop", "Parent Relationship": "Outer", "Join Type": "Inner", "Startup Cost": 10000000001.0, "Total Cost": 1000011659757.19, "Plan Rows": 115768, "Plan Width": 32, "Inner Unique": false, "Plans": [{"Node Type": "Index Scan", "Parent Relationship": "Outer", "Scan Direction": "Forward", "Index Name": "person_id_aka_name", "Relation Name": "aka_name", "Alias": "an1", "Startup Cost": 10000000000.0, "Total Cost": 1000006896503.43, "Plan Rows": 901342, "Plan Width": 20}, {"Node Type": "Bitmap Heap Scan", "Parent Relationship": "Inner", "Relation Name": "cast_info", "Alias": "ci", "Startup Cost": 1.0, "Total Cost": 5.27, "Plan Rows": 1, "Plan Width": 12, "Recheck Cond": "(person_id = an1.person_id)", "Filter": "((note)::text = '(voice: English version)'::text)", "Plans": [{"Node Type": "Bitmap Index Scan", "Parent Relationship": "Outer", "Index Name": "person_id_cast_info", "Startup Cost": 0.0, "Total Cost": 1.0, "Plan Rows": 18, "Plan Width": 0, "Index Cond": "(person_id = an1.person_id)"}]}]}, {"Node Type": "Bitmap Heap Scan", "Parent Relationship": "Inner", "Relation Name": "role_type", "Alias": "rt", "Startup Cost": 0.26, "Total Cost": 4.27, "Plan Rows": 1, "Plan Width": 4, "Recheck Cond": "(id = ci.role_id)", "Filter": "((role)::text = 'actress'::text)", "Plans": [{"Node Type": "Bitmap Index Scan", "Parent Relationship": "Outer", "Index Name": "role_type_pkey", "Startup Cost": 0.0, "Total Cost": 0.26, "Plan Rows": 1, "Plan Width": 0, "Index Cond": "(id = ci.role_id)"}]}]}, {"Node Type": "Bitmap Heap Scan", "Parent Relationship": "Inner", "Relation Name": "movie_companies", "Alias": "mc", "Startup Cost": 0.66, "Total Cost": 4.7, "Plan Rows": 1, "Plan Width": 8, "Recheck Cond": "(movie_id = ci.movie_id)", "Filter": "(((note)::text ~~ '%(Japan)%'::text) AND ((note)::text !~~ '%(USA)%'::text))", "Plans": [{"Node Type": "Bitmap Index Scan", "Parent Relationship": "Outer", "Index Name": "movie_id_movie_companies", "Startup Cost": 0.0, "Total Cost": 0.66, "Plan Rows": 2, "Plan Width": 0, "Index Cond": "(movie_id = ci.movie_id)"}]}]}, {"Node Type": "Bitmap Heap Scan", "Parent Relationship": "Inner", "Relation Name": "company_name", "Alias": "cn", "Startup Cost": 0.3, "Total Cost": 4.32, "Plan Rows": 1, "Plan Width": 4, "Recheck Cond": "(id = mc.company_id)", "Filter": "((country_code)::text = '[jp]'::text)", "Plans": [{"Node Type": "Bitmap Index Scan", "Parent Relationship": "Outer", "Index Name": "company_name_pkey", "Startup Cost": 0.0, "Total Cost": 0.3, "Plan Rows": 1, "Plan Width": 0, "Index Cond": "(id = mc.company_id)"}]}]}, {"Node Type": "Bitmap Heap Scan", "Parent Relationship": "Inner", "Relation Name": "title", "Alias": "t", "Startup Cost": 0.64, "Total Cost": 4.65, "Plan Rows": 1, "Plan Width": 21, "Recheck Cond": "(id = ci.movie_id)", "Plans": [{"Node Type": "Bitmap Index Scan", "Parent Relationship": "Outer", "Index Name": "title_pkey", "Startup Cost": 0.0, "Total Cost": 0.64, "Plan Rows": 1, "Plan Width": 0, "Index Cond": "(id = ci.movie_id)"}]}]}, {"Node Type": "Bitmap Heap Scan", "Parent Relationship": "Inner", "Relation Name": "name", "Alias": "n1", "Startup Cost": 0.33, "Total Cost": 4.34, "Plan Rows": 1, "Plan Width": 4, "Recheck Cond": "(id = an1.person_id)", "Filter": "(((name)::text ~~ '%Yo%'::text) AND ((name)::text !~~ '%Yu%'::text))", "Plans": [{"Node Type": "Bitmap Index Scan", "Parent Relationship": "Outer", "Index Name": "name_pkey", "Startup Cost": 0.0, "Total Cost": 0.33, "Plan Rows": 1, "Plan Width": 0, "Index Cond": "(id = an1.person_id)"}]}]}]}, "Unique SQL Id": 3544391839, "Planner Runtime": 4}, "explain_analyze_plan": null}, "(1, 116)": {"explain_plan": {"Plan": {"Node Type": "Aggregate", "Strategy": "Plain", "Startup Cost": 106215.57, "Total Cost": 106215.58, "Plan Rows": 1, "Plan Width": 97, "Plans": [{"Node Type": "Nested Loop", "Parent Relationship": "Outer", "Join Type": "Inner", "Startup Cost": 0.0, "Total Cost": 106215.51, "Plan Rows": 12, "Plan Width": 33, "Inner Unique": true, "Plans": [{"Node Type": "Nested Loop", "Parent Relationship": "Outer", "Join Type": "Inner", "Startup Cost": 0.0, "Total Cost": 105839.97, "Plan Rows": 645, "Plan Width": 41, "Inner Unique": false, "Plans": [{"Node Type": "Nested Loop", "Parent Relationship": "Outer", "Join Type": "Inner", "Startup Cost": 0.0, "Total Cost": 105385.76, "Plan Rows": 532, "Plan Width": 21, "Inner Unique": false, "Join Filter": "(ci.role_id = rt.id)", "Plans": [{"Node Type": "Seq Scan", "Parent Relationship": "Outer", "Relation Name": "role_type", "Alias": "rt", "Startup Cost": 0.0, "Total Cost": 1.15, "Plan Rows": 1, "Plan Width": 4, "Filter": "((role)::text = 'actress'::text)"}, {"Node Type": "Nested Loop", "Parent Relationship": "Inner", "Join Type": "Inner", "Startup Cost": 0.0, "Total Cost": 105311.53, "Plan Rows": 5847, "Plan Width": 25, "Inner Unique": false, "Plans": [{"Node Type": "Nested Loop", "Parent Relationship": "Outer", "Join Type": "Inner", "Startup Cost": 0.0, "Total Cost": 99568.93, "Plan Rows": 5775, "Plan Width": 25, "Inner Unique": true, "Plans": [{"Node Type": "Nested Loop", "Parent Relationship": "Outer", "Join Type": "Inner", "Startup Cost": 0.0, "Total Cost": 76921.84, "Plan Rows": 5775, "Plan Width": 4, "Inner Unique": false, "Plans": [{"Node Type": "Seq Scan", "Parent Relationship": "Outer", "Relation Name": "company_name", "Alias": "cn", "Startup Cost": 0.0, "Total Cost": 5903.45, "Plan Rows": 6290, "Plan Width": 4, "Filter": "((country_code)::text = '[jp]'::text)"}, {"Node Type": "Index Scan", "Parent Relationship": "Inner", "Scan Direction": "Forward", "Index Name": "company_id_movie_companies", "Relation Name": "movie_companies", "Alias": "mc", "Startup Cost": 0.0, "Total Cost": 11.28, "Plan Rows": 1, "Plan Width": 8, "Index Cond": "(company_id = cn.id)", "Filter": "(((note)::text ~~ '%(Japan)%'::text) AND ((note)::text !~~ '%(USA)%'::text))"}]}, {"Node Type": "Index Scan", "Parent Relationship": "Inner", "Scan Direction": "Forward", "Index Name": "title_pkey", "Relation Name": "title", "Alias": "t", "Startup Cost": 0.0, "Total Cost": 3.91, "Plan Rows": 1, "Plan Width": 21, "Index Cond": "(id = mc.movie_id)"}]}, {"Node Type": "Index Scan", "Parent Relationship": "Inner", "Scan Direction": "Forward", "Index Name": "movie_id_cast_info", "Relation Name": "cast_info", "Alias": "ci", "Startup Cost": 0.0, "Total Cost": 0.98, "Plan Rows": 1, "Plan Width": 12, "Index Cond": "(movie_id = t.id)", "Filter": "((note)::text = '(voice: English version)'::text)"}]}]}, {"Node Type": "Index Scan", "Parent Relationship": "Inner", "Scan Direction": "Forward", "Index Name": "person_id_aka_name", "Relation Name": "aka_name", "Alias": "an1", "Startup Cost": 0.0, "Total Cost": 0.84, "Plan Rows": 1, "Plan Width": 20, "Index Cond": "(person_id = ci.person_id)"}]}, {"Node Type": "Index Scan", "Parent Relationship": "Inner", "Scan Direction": "Forward", "Index Name": "name_pkey", "Relation Name": "name", "Alias": "n1", "Startup Cost": 0.0, "Total Cost": 0.57, "Plan Rows": 1, "Plan Width": 4, "Index Cond": "(id = an1.person_id)", "Filter": "(((name)::text ~~ '%Yo%'::text) AND ((name)::text !~~ '%Yu%'::text))"}]}]}, "Unique SQL Id": 3544391839, "Planner Runtime": 4}, "explain_analyze_plan": {"Plan": {"Node Type": "Aggregate", "Strategy": "Plain", "Startup Cost": 106215.57, "Total Cost": 106215.58, "Plan Rows": 1, "Plan Width": 97, "Actual Startup Time": 3343.581, "Actual Total Time": 3343.582, "Actual Rows": 1, "Actual Loops": 1, "Plans": [{"Node Type": "Nested Loop", "Parent Relationship": "Outer", "Join Type": "Inner", "Startup Cost": 0.0, "Total Cost": 106215.51, "Plan Rows": 12, "Plan Width": 33, "Actual Startup Time": 225.177, "Actual Total Time": 3343.278, "Actual Rows": 62, "Actual Loops": 1, "Inner Unique": true, "Plans": [{"Node Type": "Nested Loop", "Parent Relationship": "Outer", "Join Type": "Inner", "Startup Cost": 0.0, "Total Cost": 105839.97, "Plan Rows": 645, "Plan Width": 41, "Actual Startup Time": 0.174, "Actual Total Time": 3267.385, "Actual Rows": 17379, "Actual Loops": 1, "Inner Unique": false, "Plans": [{"Node Type": "Nested Loop", "Parent Relationship": "Outer", "Join Type": "Inner", "Startup Cost": 0.0, "Total Cost": 105385.76, "Plan Rows": 532, "Plan Width": 21, "Actual Startup Time": 0.164, "Actual Total Time": 3218.995, "Actual Rows": 7438, "Actual Loops": 1, "Inner Unique": false, "Join Filter": "(ci.role_id = rt.id)", "Rows Removed by Join Filter": 12162, "Plans": [{"Node Type": "Seq Scan", "Parent Relationship": "Outer", "Relation Name": "role_type", "Alias": "rt", "Startup Cost": 0.0, "Total Cost": 1.15, "Plan Rows": 1, "Plan Width": 4, "Actual Startup Time": 0.027, "Actual Total Time": 0.032, "Actual Rows": 1, "Actual Loops": 1, "Filter": "((role)::text = 'actress'::text)", "Rows Removed by Filter": 11}, {"Node Type": "Nested Loop", "Parent Relationship": "Inner", "Join Type": "Inner", "Startup Cost": 0.0, "Total Cost": 105311.53, "Plan Rows": 5847, "Plan Width": 25, "Actual Startup Time": 0.131, "Actual Total Time": 3213.59, "Actual Rows": 19600, "Actual Loops": 1, "Inner Unique": false, "Plans": [{"Node Type": "Nested Loop", "Parent Relationship": "Outer", "Join Type": "Inner", "Startup Cost": 0.0, "Total Cost": 99568.93, "Plan Rows": 5775, "Plan Width": 25, "Actual Startup Time": 0.077, "Actual Total Time": 575.312, "Actual Rows": 48328, "Actual Loops": 1, "Inner Unique": true, "Plans": [{"Node Type": "Nested Loop", "Parent Relationship": "Outer", "Join Type": "Inner", "Startup Cost": 0.0, "Total Cost": 76921.84, "Plan Rows": 5775, "Plan Width": 4, "Actual Startup Time": 0.067, "Actual Total Time": 292.251, "Actual Rows": 48328, "Actual Loops": 1, "Inner Unique": false, "Plans": [{"Node Type": "Seq Scan", "Parent Relationship": "Outer", "Relation Name": "company_name", "Alias": "cn", "Startup Cost": 0.0, "Total Cost": 5903.45, "Plan Rows": 6290, "Plan Width": 4, "Actual Startup Time": 0.021, "Actual Total Time": 83.294, "Actual Rows": 6752, "Actual Loops": 1, "Filter": "((country_code)::text = '[jp]'::text)", "Rows Removed by Filter": 228244}, {"Node Type": "Index Scan", "Parent Relationship": "Inner", "Scan Direction": "Forward", "Index Name": "company_id_movie_companies", "Relation Name": "movie_companies", "Alias": "mc", "Startup Cost": 0.0, "Total Cost": 11.28, "Plan Rows": 1, "Plan Width": 8, "Actual Startup Time": 54.933, "Actual Total Time": 193.373, "Actual Rows": 48328, "Actual Loops": 6752, "Index Cond": "(company_id = cn.id)", "Rows Removed by Index Recheck": 0, "Filter": "(((note)::text ~~ '%(Japan)%'::text) AND ((note)::text !~~ '%(USA)%'::text))", "Rows Removed by Filter": 56667}]}, {"Node Type": "Index Scan", "Parent Relationship": "Inner", "Scan Direction": "Forward", "Index Name": "title_pkey", "Relation Name": "title", "Alias": "t", "Startup Cost": 0.0, "Total Cost": 3.91, "Plan Rows": 1, "Plan Width": 21, "Actual Startup Time": 241.214, "Actual Total Time": 241.214, "Actual Rows": 48328, "Actual Loops": 48328, "Index Cond": "(id = mc.movie_id)", "Rows Removed by Index Recheck": 0}]}, {"Node Type": "Index Scan", "Parent Relationship": "Inner", "Scan Direction": "Forward", "Index Name": "movie_id_cast_info", "Relation Name": "cast_info", "Alias": "ci", "Startup Cost": 0.0, "Total Cost": 0.98, "Plan Rows": 1, "Plan Width": 12, "Actual Startup Time": 2486.124, "Actual Total Time": 2607.694, "Actual Rows": 19600, "Actual Loops": 48328, "Index Cond": "(movie_id = t.id)", "Rows Removed by Index Recheck": 0, "Filter": "((note)::text = '(voice: English version)'::text)", "Rows Removed by Filter": 1531710}]}]}, {"Node Type": "Index Scan", "Parent Relationship": "Inner", "Scan Direction": "Forward", "Index Name": "person_id_aka_name", "Relation Name": "aka_name", "Alias": "an1", "Startup Cost": 0.0, "Total Cost": 0.84, "Plan Rows": 1, "Plan Width": 20, "Actual Startup Time": 31.426, "Actual Total Time": 39.577, "Actual Rows": 17379, "Actual Loops": 7438, "Index Cond": "(person_id = ci.person_id)", "Rows Removed by Index Recheck": 0}]}, {"Node Type": "Index Scan", "Parent Relationship": "Inner", "Scan Direction": "Forward", "Index Name": "name_pkey", "Relation Name": "name", "Alias": "n1", "Startup Cost": 0.0, "Total Cost": 0.57, "Plan Rows": 1, "Plan Width": 4, "Actual Startup Time": 67.071, "Actual Total Time": 67.071, "Actual Rows": 62, "Actual Loops": 17379, "Index Cond": "(id = an1.person_id)", "Rows Removed by Index Recheck": 0, "Filter": "(((name)::text ~~ '%Yo%'::text) AND ((name)::text !~~ '%Yu%'::text))", "Rows Removed by Filter": 17317}]}]}, "Triggers": [], "Planner Runtime": 4, "Total Runtime": 3343.933, "Unique SQL Id": 3544391839}}, "(1, 117)": {"explain_plan": {"Plan": {"Node Type": "Aggregate", "Strategy": "Plain", "Startup Cost": 110824.82, "Total Cost": 110824.83, "Plan Rows": 1, "Plan Width": 97, "Plans": [{"Node Type": "Nested Loop", "Parent Relationship": "Outer", "Join Type": "Inner", "Startup Cost": 0.0, "Total Cost": 110824.76, "Plan Rows": 12, "Plan Width": 33, "Inner Unique": true, "Plans": [{"Node Type": "Nested Loop", "Parent Relationship": "Outer", "Join Type": "Inner", "Startup Cost": 0.0, "Total Cost": 110449.22, "Plan Rows": 645, "Plan Width": 41, "Inner Unique": false, "Plans": [{"Node Type": "Nested Loop", "Parent Relationship": "Outer", "Join Type": "Inner", "Startup Cost": 0.0, "Total Cost": 109995.01, "Plan Rows": 532, "Plan Width": 21, "Inner Unique": false, "Join Filter": "(ci.role_id = rt.id)", "Plans": [{"Node Type": "Index Scan", "Parent Relationship": "Outer", "Scan Direction": "Forward", "Index Name": "role_type_pkey", "Relation Name": "role_type", "Alias": "rt", "Startup Cost": 0.0, "Total Cost": 12.46, "Plan Rows": 1, "Plan Width": 4, "Filter": "((role)::text = 'actress'::text)"}, {"Node Type": "Nested Loop", "Parent Relationship": "Inner", "Join Type": "Inner", "Startup Cost": 0.0, "Total Cost": 109909.47, "Plan Rows": 5847, "Plan Width": 25, "Inner Unique": false, "Plans": [{"Node Type": "Nested Loop", "Parent Relationship": "Outer", "Join Type": "Inner", "Startup Cost": 0.0, "Total Cost": 104166.87, "Plan Rows": 5775, "Plan Width": 25, "Inner Unique": true, "Plans": [{"Node Type": "Nested Loop", "Parent Relationship": "Outer", "Join Type": "Inner", "Startup Cost": 0.0, "Total Cost": 81519.78, "Plan Rows": 5775, "Plan Width": 4, "Inner Unique": false, "Plans": [{"Node Type": "Index Scan", "Parent Relationship": "Outer", "Scan Direction": "Forward", "Index Name": "company_name_pkey", "Relation Name": "company_name", "Alias": "cn", "Startup Cost": 0.0, "Total Cost": 10501.39, "Plan Rows": 6290, "Plan Width": 4, "Filter": "((country_code)::text = '[jp]'::text)"}, {"Node Type": "Index Scan", "Parent Relationship": "Inner", "Scan Direction": "Forward", "Index Name": "company_id_movie_companies", "Relation Name": "movie_companies", "Alias": "mc", "Startup Cost": 0.0, "Total Cost": 11.28, "Plan Rows": 1, "Plan Width": 8, "Index Cond": "(company_id = cn.id)", "Filter": "(((note)::text ~~ '%(Japan)%'::text) AND ((note)::text !~~ '%(USA)%'::text))"}]}, {"Node Type": "Index Scan", "Parent Relationship": "Inner", "Scan Direction": "Forward", "Index Name": "title_pkey", "Relation Name": "title", "Alias": "t", "Startup Cost": 0.0, "Total Cost": 3.91, "Plan Rows": 1, "Plan Width": 21, "Index Cond": "(id = mc.movie_id)"}]}, {"Node Type": "Index Scan", "Parent Relationship": "Inner", "Scan Direction": "Forward", "Index Name": "movie_id_cast_info", "Relation Name": "cast_info", "Alias": "ci", "Startup Cost": 0.0, "Total Cost": 0.98, "Plan Rows": 1, "Plan Width": 12, "Index Cond": "(movie_id = t.id)", "Filter": "((note)::text = '(voice: English version)'::text)"}]}]}, {"Node Type": "Index Scan", "Parent Relationship": "Inner", "Scan Direction": "Forward", "Index Name": "person_id_aka_name", "Relation Name": "aka_name", "Alias": "an1", "Startup Cost": 0.0, "Total Cost": 0.84, "Plan Rows": 1, "Plan Width": 20, "Index Cond": "(person_id = ci.person_id)"}]}, {"Node Type": "Index Scan", "Parent Relationship": "Inner", "Scan Direction": "Forward", "Index Name": "name_pkey", "Relation Name": "name", "Alias": "n1", "Startup Cost": 0.0, "Total Cost": 0.57, "Plan Rows": 1, "Plan Width": 4, "Index Cond": "(id = an1.person_id)", "Filter": "(((name)::text ~~ '%Yo%'::text) AND ((name)::text !~~ '%Yu%'::text))"}]}]}, "Unique SQL Id": 3544391839, "Planner Runtime": 5}, "explain_analyze_plan": {"Plan": {"Node Type": "Aggregate", "Strategy": "Plain", "Startup Cost": 110824.82, "Total Cost": 110824.83, "Plan Rows": 1, "Plan Width": 97, "Actual Startup Time": 3920.32, "Actual Total Time": 3920.321, "Actual Rows": 1, "Actual Loops": 1, "Plans": [{"Node Type": "Nested Loop", "Parent Relationship": "Outer", "Join Type": "Inner", "Startup Cost": 0.0, "Total Cost": 110824.76, "Plan Rows": 12, "Plan Width": 33, "Actual Startup Time": 4.241, "Actual Total Time": 3919.925, "Actual Rows": 62, "Actual Loops": 1, "Inner Unique": true, "Plans": [{"Node Type": "Nested Loop", "Parent Relationship": "Outer", "Join Type": "Inner", "Startup Cost": 0.0, "Total Cost": 110449.22, "Plan Rows": 645, "Plan Width": 41, "Actual Startup Time": 0.311, "Actual Total Time": 3843.189, "Actual Rows": 17379, "Actual Loops": 1, "Inner Unique": false, "Plans": [{"Node Type": "Nested Loop", "Parent Relationship": "Outer", "Join Type": "Inner", "Startup Cost": 0.0, "Total Cost": 109995.01, "Plan Rows": 532, "Plan Width": 21, "Actual Startup Time": 0.3, "Actual Total Time": 3793.45, "Actual Rows": 7438, "Actual Loops": 1, "Inner Unique": false, "Join Filter": "(ci.role_id = rt.id)", "Rows Removed by Join Filter": 12162, "Plans": [{"Node Type": "Index Scan", "Parent Relationship": "Outer", "Scan Direction": "Forward", "Index Name": "role_type_pkey", "Relation Name": "role_type", "Alias": "rt", "Startup Cost": 0.0, "Total Cost": 12.46, "Plan Rows": 1, "Plan Width": 4, "Actual Startup Time": 0.036, "Actual Total Time": 0.051, "Actual Rows": 1, "Actual Loops": 1, "Filter": "((role)::text = 'actress'::text)", "Rows Removed by Filter": 11}, {"Node Type": "Nested Loop", "Parent Relationship": "Inner", "Join Type": "Inner", "Startup Cost": 0.0, "Total Cost": 109909.47, "Plan Rows": 5847, "Plan Width": 25, "Actual Startup Time": 0.26, "Actual Total Time": 3788.159, "Actual Rows": 19600, "Actual Loops": 1, "Inner Unique": false, "Plans": [{"Node Type": "Nested Loop", "Parent Relationship": "Outer", "Join Type": "Inner", "Startup Cost": 0.0, "Total Cost": 104166.87, "Plan Rows": 5775, "Plan Width": 25, "Actual Startup Time": 0.203, "Actual Total Time": 865.143, "Actual Rows": 48328, "Actual Loops": 1, "Inner Unique": true, "Plans": [{"Node Type": "Nested Loop", "Parent Relationship": "Outer", "Join Type": "Inner", "Startup Cost": 0.0, "Total Cost": 81519.78, "Plan Rows": 5775, "Plan Width": 4, "Actual Startup Time": 0.192, "Actual Total Time": 560.178, "Actual Rows": 48328, "Actual Loops": 1, "Inner Unique": false, "Plans": [{"Node Type": "Index Scan", "Parent Relationship": "Outer", "Scan Direction": "Forward", "Index Name": "company_name_pkey", "Relation Name": "company_name", "Alias": "cn", "Startup Cost": 0.0, "Total Cost": 10501.39, "Plan Rows": 6290, "Plan Width": 4, "Actual Startup Time": 0.158, "Actual Total Time": 329.41, "Actual Rows": 6752, "Actual Loops": 1, "Filter": "((country_code)::text = '[jp]'::text)", "Rows Removed by Filter": 228244}, {"Node Type": "Index Scan", "Parent Relationship": "Inner", "Scan Direction": "Forward", "Index Name": "company_id_movie_companies", "Relation Name": "movie_companies", "Alias": "mc", "Startup Cost": 0.0, "Total Cost": 11.28, "Plan Rows": 1, "Plan Width": 8, "Actual Startup Time": 59.855, "Actual Total Time": 214.607, "Actual Rows": 48328, "Actual Loops": 6752, "Index Cond": "(company_id = cn.id)", "Rows Removed by Index Recheck": 0, "Filter": "(((note)::text ~~ '%(Japan)%'::text) AND ((note)::text !~~ '%(USA)%'::text))", "Rows Removed by Filter": 56667}]}, {"Node Type": "Index Scan", "Parent Relationship": "Inner", "Scan Direction": "Forward", "Index Name": "title_pkey", "Relation Name": "title", "Alias": "t", "Startup Cost": 0.0, "Total Cost": 3.91, "Plan Rows": 1, "Plan Width": 21, "Actual Startup Time": 262.05, "Actual Total Time": 262.05, "Actual Rows": 48328, "Actual Loops": 48328, "Index Cond": "(id = mc.movie_id)", "Rows Removed by Index Recheck": 0}]}, {"Node Type": "Index Scan", "Parent Relationship": "Inner", "Scan Direction": "Forward", "Index Name": "movie_id_cast_info", "Relation Name": "cast_info", "Alias": "ci", "Startup Cost": 0.0, "Total Cost": 0.98, "Plan Rows": 1, "Plan Width": 12, "Actual Startup Time": 2764.157, "Actual Total Time": 2892.023, "Actual Rows": 19600, "Actual Loops": 48328, "Index Cond": "(movie_id = t.id)", "Rows Removed by Index Recheck": 0, "Filter": "((note)::text = '(voice: English version)'::text)", "Rows Removed by Filter": 1531710}]}]}, {"Node Type": "Index Scan", "Parent Relationship": "Inner", "Scan Direction": "Forward", "Index Name": "person_id_aka_name", "Relation Name": "aka_name", "Alias": "an1", "Startup Cost": 0.0, "Total Cost": 0.84, "Plan Rows": 1, "Plan Width": 20, "Actual Startup Time": 32.563, "Actual Total Time": 40.837, "Actual Rows": 17379, "Actual Loops": 7438, "Index Cond": "(person_id = ci.person_id)", "Rows Removed by Index Recheck": 0}]}, {"Node Type": "Index Scan", "Parent Relationship": "Inner", "Scan Direction": "Forward", "Index Name": "name_pkey", "Relation Name": "name", "Alias": "n1", "Startup Cost": 0.0, "Total Cost": 0.57, "Plan Rows": 1, "Plan Width": 4, "Actual Startup Time": 67.888, "Actual Total Time": 67.888, "Actual Rows": 62, "Actual Loops": 17379, "Index Cond": "(id = an1.person_id)", "Rows Removed by Index Recheck": 0, "Filter": "(((name)::text ~~ '%Yo%'::text) AND ((name)::text !~~ '%Yu%'::text))", "Rows Removed by Filter": 17317}]}]}, "Triggers": [], "Planner Runtime": 4, "Total Runtime": 3920.691, "Unique SQL Id": 3544391839}}, "(1, 118)": {"explain_plan": {"Plan": {"Node Type": "Aggregate", "Strategy": "Plain", "Startup Cost": 163826.04, "Total Cost": 163826.05, "Plan Rows": 1, "Plan Width": 97, "Plans": [{"Node Type": "Nested Loop", "Parent Relationship": "Outer", "Join Type": "Inner", "Startup Cost": 6.45, "Total Cost": 163825.98, "Plan Rows": 12, "Plan Width": 33, "Inner Unique": false, "Join Filter": "(n1.id = an1.person_id)", "Plans": [{"Node Type": "Nested Loop", "Parent Relationship": "Outer", "Join Type": "Inner", "Startup Cost": 6.07, "Total Cost": 163482.33, "Plan Rows": 78, "Plan Width": 25, "Inner Unique": true, "Plans": [{"Node Type": "Nested Loop", "Parent Relationship": "Outer", "Join Type": "Inner", "Startup Cost": 5.16, "Total Cost": 160859.69, "Plan Rows": 532, "Plan Width": 21, "Inner Unique": false, "Join Filter": "(ci.role_id = rt.id)", "Plans": [{"Node Type": "Seq Scan", "Parent Relationship": "Outer", "Relation Name": "role_type", "Alias": "rt", "Startup Cost": 0.0, "Total Cost": 1.15, "Plan Rows": 1, "Plan Width": 4, "Filter": "((role)::text = 'actress'::text)"}, {"Node Type": "Nested Loop", "Parent Relationship": "Inner", "Join Type": "Inner", "Startup Cost": 5.16, "Total Cost": 160785.45, "Plan Rows": 5847, "Plan Width": 25, "Inner Unique": false, "Plans": [{"Node Type": "Nested Loop", "Parent Relationship": "Outer", "Join Type": "Inner", "Startup Cost": 4.65, "Total Cost": 134127.63, "Plan Rows": 5775, "Plan Width": 25, "Inner Unique": true, "Plans": [{"Node Type": "Nested Loop", "Parent Relationship": "Outer", "Join Type": "Inner", "Startup Cost": 3.37, "Total Cost": 103541.28, "Plan Rows": 5775, "Plan Width": 4, "Inner Unique": false, "Plans": [{"Node Type": "Seq Scan", "Parent Relationship": "Outer", "Relation Name": "company_name", "Alias": "cn", "Startup Cost": 0.0, "Total Cost": 5903.45, "Plan Rows": 6290, "Plan Width": 4, "Filter": "((country_code)::text = '[jp]'::text)"}, {"Node Type": "Bitmap Heap Scan", "Parent Relationship": "Inner", "Relation Name": "movie_companies", "Alias": "mc", "Startup Cost": 3.37, "Total Cost": 15.51, "Plan Rows": 1, "Plan Width": 8, "Recheck Cond": "(company_id = cn.id)", "Filter": "(((note)::text ~~ '%(Japan)%'::text) AND ((note)::text !~~ '%(USA)%'::text))", "Plans": [{"Node Type": "Bitmap Index Scan", "Parent Relationship": "Outer", "Index Name": "company_id_movie_companies", "Startup Cost": 0.0, "Total Cost": 3.37, "Plan Rows": 15, "Plan Width": 0, "Index Cond": "(company_id = cn.id)"}]}]}, {"Node Type": "Bitmap Heap Scan", "Parent Relationship": "Inner", "Relation Name": "title", "Alias": "t", "Startup Cost": 1.27, "Total Cost": 5.29, "Plan Rows": 1, "Plan Width": 21, "Recheck Cond": "(id = mc.movie_id)", "Plans": [{"Node Type": "Bitmap Index Scan", "Parent Relationship": "Outer", "Index Name": "title_pkey", "Startup Cost": 0.0, "Total Cost": 1.27, "Plan Rows": 1, "Plan Width": 0, "Index Cond": "(id = mc.movie_id)"}]}]}, {"Node Type": "Bitmap Heap Scan", "Parent Relationship": "Inner", "Relation Name": "cast_info", "Alias": "ci", "Startup Cost": 0.52, "Total Cost": 4.61, "Plan Rows": 1, "Plan Width": 12, "Recheck Cond": "(movie_id = t.id)", "Filter": "((note)::text = '(voice: English version)'::text)", "Plans": [{"Node Type": "Bitmap Index Scan", "Parent Relationship": "Outer", "Index Name": "movie_id_cast_info", "Startup Cost": 0.0, "Total Cost": 0.52, "Plan Rows": 6, "Plan Width": 0, "Index Cond": "(movie_id = t.id)"}]}]}]}, {"Node Type": "Bitmap Heap Scan", "Parent Relationship": "Inner", "Relation Name": "name", "Alias": "n1", "Startup Cost": 0.9, "Total Cost": 4.92, "Plan Rows": 1, "Plan Width": 4, "Recheck Cond": "(id = ci.person_id)", "Filter": "(((name)::text ~~ '%Yo%'::text) AND ((name)::text !~~ '%Yu%'::text))", "Plans": [{"Node Type": "Bitmap Index Scan", "Parent Relationship": "Outer", "Index Name": "name_pkey", "Startup Cost": 0.0, "Total Cost": 0.9, "Plan Rows": 1, "Plan Width": 0, "Index Cond": "(id = ci.person_id)"}]}]}, {"Node Type": "Bitmap Heap Scan", "Parent Relationship": "Inner", "Relation Name": "aka_name", "Alias": "an1", "Startup Cost": 0.38, "Total Cost": 4.39, "Plan Rows": 1, "Plan Width": 20, "Recheck Cond": "(person_id = ci.person_id)", "Plans": [{"Node Type": "Bitmap Index Scan", "Parent Relationship": "Outer", "Index Name": "person_id_aka_name", "Startup Cost": 0.0, "Total Cost": 0.38, "Plan Rows": 1, "Plan Width": 0, "Index Cond": "(person_id = ci.person_id)"}]}]}]}, "Unique SQL Id": 3544391839, "Planner Runtime": 6}, "explain_analyze_plan": {"Plan": {"Node Type": "Aggregate", "Strategy": "Plain", "Startup Cost": 163826.04, "Total Cost": 163826.05, "Plan Rows": 1, "Plan Width": 97, "Actual Startup Time": 4333.894, "Actual Total Time": 4333.894, "Actual Rows": 1, "Actual Loops": 1, "Plans": [{"Node Type": "Nested Loop", "Parent Relationship": "Outer", "Join Type": "Inner", "Startup Cost": 6.45, "Total Cost": 163825.98, "Plan Rows": 12, "Plan Width": 33, "Actual Startup Time": 286.054, "Actual Total Time": 4333.54, "Actual Rows": 62, "Actual Loops": 1, "Inner Unique": false, "Join Filter": "(n1.id = an1.person_id)", "Rows Removed by Join Filter": 0, "Plans": [{"Node Type": "Nested Loop", "Parent Relationship": "Outer", "Join Type": "Inner", "Startup Cost": 6.07, "Total Cost": 163482.33, "Plan Rows": 78, "Plan Width": 25, "Actual Startup Time": 286.028, "Actual Total Time": 4332.881, "Actual Rows": 38, "Actual Loops": 1, "Inner Unique": true, "Plans": [{"Node Type": "Nested Loop", "Parent Relationship": "Outer", "Join Type": "Inner", "Startup Cost": 5.16, "Total Cost": 160859.69, "Plan Rows": 532, "Plan Width": 21, "Actual Startup Time": 0.207, "Actual Total Time": 4273.216, "Actual Rows": 7438, "Actual Loops": 1, "Inner Unique": false, "Join Filter": "(ci.role_id = rt.id)", "Rows Removed by Join Filter": 12162, "Plans": [{"Node Type": "Seq Scan", "Parent Relationship": "Outer", "Relation Name": "role_type", "Alias": "rt", "Startup Cost": 0.0, "Total Cost": 1.15, "Plan Rows": 1, "Plan Width": 4, "Actual Startup Time": 0.025, "Actual Total Time": 0.034, "Actual Rows": 1, "Actual Loops": 1, "Filter": "((role)::text = 'actress'::text)", "Rows Removed by Filter": 11}, {"Node Type": "Nested Loop", "Parent Relationship": "Inner", "Join Type": "Inner", "Startup Cost": 5.16, "Total Cost": 160785.45, "Plan Rows": 5847, "Plan Width": 25, "Actual Startup Time": 0.177, "Actual Total Time": 4267.787, "Actual Rows": 19600, "Actual Loops": 1, "Inner Unique": false, "Plans": [{"Node Type": "Nested Loop", "Parent Relationship": "Outer", "Join Type": "Inner", "Startup Cost": 4.65, "Total Cost": 134127.63, "Plan Rows": 5775, "Plan Width": 25, "Actual Startup Time": 0.107, "Actual Total Time": 767.129, "Actual Rows": 48328, "Actual Loops": 1, "Inner Unique": true, "Plans": [{"Node Type": "Nested Loop", "Parent Relationship": "Outer", "Join Type": "Inner", "Startup Cost": 3.37, "Total Cost": 103541.28, "Plan Rows": 5775, "Plan Width": 4, "Actual Startup Time": 0.092, "Actual Total Time": 365.648, "Actual Rows": 48328, "Actual Loops": 1, "Inner Unique": false, "Plans": [{"Node Type": "Seq Scan", "Parent Relationship": "Outer", "Relation Name": "company_name", "Alias": "cn", "Startup Cost": 0.0, "Total Cost": 5903.45, "Plan Rows": 6290, "Plan Width": 4, "Actual Startup Time": 0.021, "Actual Total Time": 88.269, "Actual Rows": 6752, "Actual Loops": 1, "Filter": "((country_code)::text = '[jp]'::text)", "Rows Removed by Filter": 228244}, {"Node Type": "Bitmap Heap Scan", "Parent Relationship": "Inner", "Relation Name": "movie_companies", "Alias": "mc", "Startup Cost": 3.37, "Total Cost": 15.51, "Plan Rows": 1, "Plan Width": 8, "Actual Startup Time": 97.42, "Actual Total Time": 252.735, "Actual Rows": 48328, "Actual Loops": 6752, "Recheck Cond": "(company_id = cn.id)", "Rows Removed by Index Recheck": 0, "Filter": "(((note)::text ~~ '%(Japan)%'::text) AND ((note)::text !~~ '%(USA)%'::text))", "Rows Removed by Filter": 56667, "Exact Heap Blocks": 61861, "Lossy Heap Blocks": 61861, "Plans": [{"Node Type": "Bitmap Index Scan", "Parent Relationship": "Outer", "Index Name": "company_id_movie_companies", "Startup Cost": 0.0, "Total Cost": 3.37, "Plan Rows": 15, "Plan Width": 0, "Actual Startup Time": 50.111, "Actual Total Time": 50.111, "Actual Rows": 104995, "Actual Loops": 6752, "Index Cond": "(company_id = cn.id)"}]}]}, {"Node Type": "Bitmap Heap Scan", "Parent Relationship": "Inner", "Relation Name": "title", "Alias": "t", "Startup Cost": 1.27, "Total Cost": 5.29, "Plan Rows": 1, "Plan Width": 21, "Actual Startup Time": 323.567, "Actual Total Time": 323.567, "Actual Rows": 48328, "Actual Loops": 48328, "Recheck Cond": "(id = mc.movie_id)", "Rows Removed by Index Recheck": 0, "Exact Heap Blocks": 48328, "Lossy Heap Blocks": 48328, "Plans": [{"Node Type": "Bitmap Index Scan", "Parent Relationship": "Outer", "Index Name": "title_pkey", "Startup Cost": 0.0, "Total Cost": 1.27, "Plan Rows": 1, "Plan Width": 0, "Actual Startup Time": 192.995, "Actual Total Time": 192.995, "Actual Rows": 48328, "Actual Loops": 48328, "Index Cond": "(id = mc.movie_id)"}]}]}, {"Node Type": "Bitmap Heap Scan", "Parent Relationship": "Inner", "Relation Name": "cast_info", "Alias": "ci", "Startup Cost": 0.52, "Total Cost": 4.61, "Plan Rows": 1, "Plan Width": 12, "Actual Startup Time": 3285.45, "Actual Total Time": 3425.654, "Actual Rows": 19600, "Actual Loops": 48328, "Recheck Cond": "(movie_id = t.id)", "Rows Removed by Index Recheck": 0, "Filter": "((note)::text = '(voice: English version)'::text)", "Rows Removed by Filter": 1531710, "Exact Heap Blocks": 1503105, "Lossy Heap Blocks": 1503105, "Plans": [{"Node Type": "Bitmap Index Scan", "Parent Relationship": "Outer", "Index Name": "movie_id_cast_info", "Startup Cost": 0.0, "Total Cost": 0.52, "Plan Rows": 6, "Plan Width": 0, "Actual Startup Time": 513.532, "Actual Total Time": 513.532, "Actual Rows": 1551310, "Actual Loops": 48328, "Index Cond": "(movie_id = t.id)"}]}]}]}, {"Node Type": "Bitmap Heap Scan", "Parent Relationship": "Inner", "Relation Name": "name", "Alias": "n1", "Startup Cost": 0.9, "Total Cost": 4.92, "Plan Rows": 1, "Plan Width": 4, "Actual Startup Time": 49.965, "Actual Total Time": 49.965, "Actual Rows": 38, "Actual Loops": 7438, "Recheck Cond": "(id = ci.person_id)", "Rows Removed by Index Recheck": 0, "Filter": "(((name)::text ~~ '%Yo%'::text) AND ((name)::text !~~ '%Yu%'::text))", "Rows Removed by Filter": 7400, "Exact Heap Blocks": 7438, "Lossy Heap Blocks": 7438, "Plans": [{"Node Type": "Bitmap Index Scan", "Parent Relationship": "Outer", "Index Name": "name_pkey", "Startup Cost": 0.0, "Total Cost": 0.9, "Plan Rows": 1, "Plan Width": 0, "Actual Startup Time": 30.042, "Actual Total Time": 30.042, "Actual Rows": 7438, "Actual Loops": 7438, "Index Cond": "(id = ci.person_id)"}]}]}, {"Node Type": "Bitmap Heap Scan", "Parent Relationship": "Inner", "Relation Name": "aka_name", "Alias": "an1", "Startup Cost": 0.38, "Total Cost": 4.39, "Plan Rows": 1, "Plan Width": 20, "Actual Startup Time": 0.417, "Actual Total Time": 0.444, "Actual Rows": 62, "Actual Loops": 38, "Recheck Cond": "(person_id = ci.person_id)", "Rows Removed by Index Recheck": 0, "Exact Heap Blocks": 43, "Lossy Heap Blocks": 43, "Plans": [{"Node Type": "Bitmap Index Scan", "Parent Relationship": "Outer", "Index Name": "person_id_aka_name", "Startup Cost": 0.0, "Total Cost": 0.38, "Plan Rows": 1, "Plan Width": 0, "Actual Startup Time": 0.256, "Actual Total Time": 0.256, "Actual Rows": 62, "Actual Loops": 38, "Index Cond": "(person_id = ci.person_id)"}]}]}]}, "Triggers": [], "Planner Runtime": 6, "Total Runtime": 4334.363, "Unique SQL Id": 3544391839}}, "(1, 119)": {"explain_plan": {"Plan": {"Node Type": "Aggregate", "Strategy": "Plain", "Startup Cost": 1000012228445.06, "Total Cost": 1000012228445.07, "Plan Rows": 1, "Plan Width": 97, "Plans": [{"Node Type": "Nested Loop", "Parent Relationship": "Outer", "Join Type": "Inner", "Startup Cost": 10000000003.19, "Total Cost": 1000012228445.0, "Plan Rows": 12, "Plan Width": 33, "Inner Unique": true, "Plans": [{"Node Type": "Nested Loop", "Parent Relationship": "Outer", "Join Type": "Inner", "Startup Cost": 10000000002.87, "Total Cost": 1000012225636.42, "Plan Rows": 645, "Plan Width": 41, "Inner Unique": true, "Plans": [{"Node Type": "Nested Loop", "Parent Relationship": "Outer", "Join Type": "Inner", "Startup Cost": 10000000002.23, "Total Cost": 1000012222628.77, "Plan Rows": 645, "Plan Width": 32, "Inner Unique": true, "Plans": [{"Node Type": "Nested Loop", "Parent Relationship": "Outer", "Join Type": "Inner", "Startup Cost": 10000000001.92, "Total Cost": 1000012205100.96, "Plan Rows": 4051, "Plan Width": 36, "Inner Unique": false, "Plans": [{"Node Type": "Nested Loop", "Parent Relationship": "Outer", "Join Type": "Inner", "Startup Cost": 10000000001.26, "Total Cost": 1000012155572.17, "Plan Rows": 10524, "Plan Width": 28, "Inner Unique": true, "Plans": [{"Node Type": "Nested Loop", "Parent Relationship": "Outer", "Join Type": "Inner", "Startup Cost": 10000000001.0, "Total Cost": 1000011659757.19, "Plan Rows": 115768, "Plan Width": 32, "Inner Unique": false, "Plans": [{"Node Type": "Index Scan", "Parent Relationship": "Outer", "Scan Direction": "Forward", "Index Name": "person_id_aka_name", "Relation Name": "aka_name", "Alias": "an1", "Startup Cost": 10000000000.0, "Total Cost": 1000006896503.43, "Plan Rows": 901342, "Plan Width": 20}, {"Node Type": "Bitmap Heap Scan", "Parent Relationship": "Inner", "Relation Name": "cast_info", "Alias": "ci", "Startup Cost": 1.0, "Total Cost": 5.27, "Plan Rows": 1, "Plan Width": 12, "Recheck Cond": "(person_id = an1.person_id)", "Filter": "((note)::text = '(voice: English version)'::text)", "Plans": [{"Node Type": "Bitmap Index Scan", "Parent Relationship": "Outer", "Index Name": "person_id_cast_info", "Startup Cost": 0.0, "Total Cost": 1.0, "Plan Rows": 18, "Plan Width": 0, "Index Cond": "(person_id = an1.person_id)"}]}]}, {"Node Type": "Bitmap Heap Scan", "Parent Relationship": "Inner", "Relation Name": "role_type", "Alias": "rt", "Startup Cost": 0.26, "Total Cost": 4.27, "Plan Rows": 1, "Plan Width": 4, "Recheck Cond": "(id = ci.role_id)", "Filter": "((role)::text = 'actress'::text)", "Plans": [{"Node Type": "Bitmap Index Scan", "Parent Relationship": "Outer", "Index Name": "role_type_pkey", "Startup Cost": 0.0, "Total Cost": 0.26, "Plan Rows": 1, "Plan Width": 0, "Index Cond": "(id = ci.role_id)"}]}]}, {"Node Type": "Bitmap Heap Scan", "Parent Relationship": "Inner", "Relation Name": "movie_companies", "Alias": "mc", "Startup Cost": 0.66, "Total Cost": 4.7, "Plan Rows": 1, "Plan Width": 8, "Recheck Cond": "(movie_id = ci.movie_id)", "Filter": "(((note)::text ~~ '%(Japan)%'::text) AND ((note)::text !~~ '%(USA)%'::text))", "Plans": [{"Node Type": "Bitmap Index Scan", "Parent Relationship": "Outer", "Index Name": "movie_id_movie_companies", "Startup Cost": 0.0, "Total Cost": 0.66, "Plan Rows": 2, "Plan Width": 0, "Index Cond": "(movie_id = ci.movie_id)"}]}]}, {"Node Type": "Bitmap Heap Scan", "Parent Relationship": "Inner", "Relation Name": "company_name", "Alias": "cn", "Startup Cost": 0.3, "Total Cost": 4.32, "Plan Rows": 1, "Plan Width": 4, "Recheck Cond": "(id = mc.company_id)", "Filter": "((country_code)::text = '[jp]'::text)", "Plans": [{"Node Type": "Bitmap Index Scan", "Parent Relationship": "Outer", "Index Name": "company_name_pkey", "Startup Cost": 0.0, "Total Cost": 0.3, "Plan Rows": 1, "Plan Width": 0, "Index Cond": "(id = mc.company_id)"}]}]}, {"Node Type": "Bitmap Heap Scan", "Parent Relationship": "Inner", "Relation Name": "title", "Alias": "t", "Startup Cost": 0.64, "Total Cost": 4.65, "Plan Rows": 1, "Plan Width": 21, "Recheck Cond": "(id = ci.movie_id)", "Plans": [{"Node Type": "Bitmap Index Scan", "Parent Relationship": "Outer", "Index Name": "title_pkey", "Startup Cost": 0.0, "Total Cost": 0.64, "Plan Rows": 1, "Plan Width": 0, "Index Cond": "(id = ci.movie_id)"}]}]}, {"Node Type": "Bitmap Heap Scan", "Parent Relationship": "Inner", "Relation Name": "name", "Alias": "n1", "Startup Cost": 0.33, "Total Cost": 4.34, "Plan Rows": 1, "Plan Width": 4, "Recheck Cond": "(id = an1.person_id)", "Filter": "(((name)::text ~~ '%Yo%'::text) AND ((name)::text !~~ '%Yu%'::text))", "Plans": [{"Node Type": "Bitmap Index Scan", "Parent Relationship": "Outer", "Index Name": "name_pkey", "Startup Cost": 0.0, "Total Cost": 0.33, "Plan Rows": 1, "Plan Width": 0, "Index Cond": "(id = an1.person_id)"}]}]}]}, "Unique SQL Id": 3544391839, "Planner Runtime": 4}, "explain_analyze_plan": null}, "(1, 120)": {"explain_plan": {"Plan": {"Node Type": "Aggregate", "Strategy": "Plain", "Startup Cost": 106215.57, "Total Cost": 106215.58, "Plan Rows": 1, "Plan Width": 97, "Plans": [{"Node Type": "Nested Loop", "Parent Relationship": "Outer", "Join Type": "Inner", "Startup Cost": 0.0, "Total Cost": 106215.51, "Plan Rows": 12, "Plan Width": 33, "Inner Unique": true, "Plans": [{"Node Type": "Nested Loop", "Parent Relationship": "Outer", "Join Type": "Inner", "Startup Cost": 0.0, "Total Cost": 105839.97, "Plan Rows": 645, "Plan Width": 41, "Inner Unique": false, "Plans": [{"Node Type": "Nested Loop", "Parent Relationship": "Outer", "Join Type": "Inner", "Startup Cost": 0.0, "Total Cost": 105385.76, "Plan Rows": 532, "Plan Width": 21, "Inner Unique": false, "Join Filter": "(ci.role_id = rt.id)", "Plans": [{"Node Type": "Seq Scan", "Parent Relationship": "Outer", "Relation Name": "role_type", "Alias": "rt", "Startup Cost": 0.0, "Total Cost": 1.15, "Plan Rows": 1, "Plan Width": 4, "Filter": "((role)::text = 'actress'::text)"}, {"Node Type": "Nested Loop", "Parent Relationship": "Inner", "Join Type": "Inner", "Startup Cost": 0.0, "Total Cost": 105311.53, "Plan Rows": 5847, "Plan Width": 25, "Inner Unique": false, "Plans": [{"Node Type": "Nested Loop", "Parent Relationship": "Outer", "Join Type": "Inner", "Startup Cost": 0.0, "Total Cost": 99568.93, "Plan Rows": 5775, "Plan Width": 25, "Inner Unique": true, "Plans": [{"Node Type": "Nested Loop", "Parent Relationship": "Outer", "Join Type": "Inner", "Startup Cost": 0.0, "Total Cost": 76921.84, "Plan Rows": 5775, "Plan Width": 4, "Inner Unique": false, "Plans": [{"Node Type": "Seq Scan", "Parent Relationship": "Outer", "Relation Name": "company_name", "Alias": "cn", "Startup Cost": 0.0, "Total Cost": 5903.45, "Plan Rows": 6290, "Plan Width": 4, "Filter": "((country_code)::text = '[jp]'::text)"}, {"Node Type": "Index Scan", "Parent Relationship": "Inner", "Scan Direction": "Forward", "Index Name": "company_id_movie_companies", "Relation Name": "movie_companies", "Alias": "mc", "Startup Cost": 0.0, "Total Cost": 11.28, "Plan Rows": 1, "Plan Width": 8, "Index Cond": "(company_id = cn.id)", "Filter": "(((note)::text ~~ '%(Japan)%'::text) AND ((note)::text !~~ '%(USA)%'::text))"}]}, {"Node Type": "Index Scan", "Parent Relationship": "Inner", "Scan Direction": "Forward", "Index Name": "title_pkey", "Relation Name": "title", "Alias": "t", "Startup Cost": 0.0, "Total Cost": 3.91, "Plan Rows": 1, "Plan Width": 21, "Index Cond": "(id = mc.movie_id)"}]}, {"Node Type": "Index Scan", "Parent Relationship": "Inner", "Scan Direction": "Forward", "Index Name": "movie_id_cast_info", "Relation Name": "cast_info", "Alias": "ci", "Startup Cost": 0.0, "Total Cost": 0.98, "Plan Rows": 1, "Plan Width": 12, "Index Cond": "(movie_id = t.id)", "Filter": "((note)::text = '(voice: English version)'::text)"}]}]}, {"Node Type": "Index Scan", "Parent Relationship": "Inner", "Scan Direction": "Forward", "Index Name": "person_id_aka_name", "Relation Name": "aka_name", "Alias": "an1", "Startup Cost": 0.0, "Total Cost": 0.84, "Plan Rows": 1, "Plan Width": 20, "Index Cond": "(person_id = ci.person_id)"}]}, {"Node Type": "Index Scan", "Parent Relationship": "Inner", "Scan Direction": "Forward", "Index Name": "name_pkey", "Relation Name": "name", "Alias": "n1", "Startup Cost": 0.0, "Total Cost": 0.57, "Plan Rows": 1, "Plan Width": 4, "Index Cond": "(id = an1.person_id)", "Filter": "(((name)::text ~~ '%Yo%'::text) AND ((name)::text !~~ '%Yu%'::text))"}]}]}, "Unique SQL Id": 3544391839, "Planner Runtime": 4}, "explain_analyze_plan": {"Plan": {"Node Type": "Aggregate", "Strategy": "Plain", "Startup Cost": 106215.57, "Total Cost": 106215.58, "Plan Rows": 1, "Plan Width": 97, "Actual Startup Time": 3343.581, "Actual Total Time": 3343.582, "Actual Rows": 1, "Actual Loops": 1, "Plans": [{"Node Type": "Nested Loop", "Parent Relationship": "Outer", "Join Type": "Inner", "Startup Cost": 0.0, "Total Cost": 106215.51, "Plan Rows": 12, "Plan Width": 33, "Actual Startup Time": 225.177, "Actual Total Time": 3343.278, "Actual Rows": 62, "Actual Loops": 1, "Inner Unique": true, "Plans": [{"Node Type": "Nested Loop", "Parent Relationship": "Outer", "Join Type": "Inner", "Startup Cost": 0.0, "Total Cost": 105839.97, "Plan Rows": 645, "Plan Width": 41, "Actual Startup Time": 0.174, "Actual Total Time": 3267.385, "Actual Rows": 17379, "Actual Loops": 1, "Inner Unique": false, "Plans": [{"Node Type": "Nested Loop", "Parent Relationship": "Outer", "Join Type": "Inner", "Startup Cost": 0.0, "Total Cost": 105385.76, "Plan Rows": 532, "Plan Width": 21, "Actual Startup Time": 0.164, "Actual Total Time": 3218.995, "Actual Rows": 7438, "Actual Loops": 1, "Inner Unique": false, "Join Filter": "(ci.role_id = rt.id)", "Rows Removed by Join Filter": 12162, "Plans": [{"Node Type": "Seq Scan", "Parent Relationship": "Outer", "Relation Name": "role_type", "Alias": "rt", "Startup Cost": 0.0, "Total Cost": 1.15, "Plan Rows": 1, "Plan Width": 4, "Actual Startup Time": 0.027, "Actual Total Time": 0.032, "Actual Rows": 1, "Actual Loops": 1, "Filter": "((role)::text = 'actress'::text)", "Rows Removed by Filter": 11}, {"Node Type": "Nested Loop", "Parent Relationship": "Inner", "Join Type": "Inner", "Startup Cost": 0.0, "Total Cost": 105311.53, "Plan Rows": 5847, "Plan Width": 25, "Actual Startup Time": 0.131, "Actual Total Time": 3213.59, "Actual Rows": 19600, "Actual Loops": 1, "Inner Unique": false, "Plans": [{"Node Type": "Nested Loop", "Parent Relationship": "Outer", "Join Type": "Inner", "Startup Cost": 0.0, "Total Cost": 99568.93, "Plan Rows": 5775, "Plan Width": 25, "Actual Startup Time": 0.077, "Actual Total Time": 575.312, "Actual Rows": 48328, "Actual Loops": 1, "Inner Unique": true, "Plans": [{"Node Type": "Nested Loop", "Parent Relationship": "Outer", "Join Type": "Inner", "Startup Cost": 0.0, "Total Cost": 76921.84, "Plan Rows": 5775, "Plan Width": 4, "Actual Startup Time": 0.067, "Actual Total Time": 292.251, "Actual Rows": 48328, "Actual Loops": 1, "Inner Unique": false, "Plans": [{"Node Type": "Seq Scan", "Parent Relationship": "Outer", "Relation Name": "company_name", "Alias": "cn", "Startup Cost": 0.0, "Total Cost": 5903.45, "Plan Rows": 6290, "Plan Width": 4, "Actual Startup Time": 0.021, "Actual Total Time": 83.294, "Actual Rows": 6752, "Actual Loops": 1, "Filter": "((country_code)::text = '[jp]'::text)", "Rows Removed by Filter": 228244}, {"Node Type": "Index Scan", "Parent Relationship": "Inner", "Scan Direction": "Forward", "Index Name": "company_id_movie_companies", "Relation Name": "movie_companies", "Alias": "mc", "Startup Cost": 0.0, "Total Cost": 11.28, "Plan Rows": 1, "Plan Width": 8, "Actual Startup Time": 54.933, "Actual Total Time": 193.373, "Actual Rows": 48328, "Actual Loops": 6752, "Index Cond": "(company_id = cn.id)", "Rows Removed by Index Recheck": 0, "Filter": "(((note)::text ~~ '%(Japan)%'::text) AND ((note)::text !~~ '%(USA)%'::text))", "Rows Removed by Filter": 56667}]}, {"Node Type": "Index Scan", "Parent Relationship": "Inner", "Scan Direction": "Forward", "Index Name": "title_pkey", "Relation Name": "title", "Alias": "t", "Startup Cost": 0.0, "Total Cost": 3.91, "Plan Rows": 1, "Plan Width": 21, "Actual Startup Time": 241.214, "Actual Total Time": 241.214, "Actual Rows": 48328, "Actual Loops": 48328, "Index Cond": "(id = mc.movie_id)", "Rows Removed by Index Recheck": 0}]}, {"Node Type": "Index Scan", "Parent Relationship": "Inner", "Scan Direction": "Forward", "Index Name": "movie_id_cast_info", "Relation Name": "cast_info", "Alias": "ci", "Startup Cost": 0.0, "Total Cost": 0.98, "Plan Rows": 1, "Plan Width": 12, "Actual Startup Time": 2486.124, "Actual Total Time": 2607.694, "Actual Rows": 19600, "Actual Loops": 48328, "Index Cond": "(movie_id = t.id)", "Rows Removed by Index Recheck": 0, "Filter": "((note)::text = '(voice: English version)'::text)", "Rows Removed by Filter": 1531710}]}]}, {"Node Type": "Index Scan", "Parent Relationship": "Inner", "Scan Direction": "Forward", "Index Name": "person_id_aka_name", "Relation Name": "aka_name", "Alias": "an1", "Startup Cost": 0.0, "Total Cost": 0.84, "Plan Rows": 1, "Plan Width": 20, "Actual Startup Time": 31.426, "Actual Total Time": 39.577, "Actual Rows": 17379, "Actual Loops": 7438, "Index Cond": "(person_id = ci.person_id)", "Rows Removed by Index Recheck": 0}]}, {"Node Type": "Index Scan", "Parent Relationship": "Inner", "Scan Direction": "Forward", "Index Name": "name_pkey", "Relation Name": "name", "Alias": "n1", "Startup Cost": 0.0, "Total Cost": 0.57, "Plan Rows": 1, "Plan Width": 4, "Actual Startup Time": 67.071, "Actual Total Time": 67.071, "Actual Rows": 62, "Actual Loops": 17379, "Index Cond": "(id = an1.person_id)", "Rows Removed by Index Recheck": 0, "Filter": "(((name)::text ~~ '%Yo%'::text) AND ((name)::text !~~ '%Yu%'::text))", "Rows Removed by Filter": 17317}]}]}, "Triggers": [], "Planner Runtime": 4, "Total Runtime": 3343.933, "Unique SQL Id": 3544391839}}, "(1, 121)": {"explain_plan": {"Plan": {"Node Type": "Aggregate", "Strategy": "Plain", "Startup Cost": 110824.82, "Total Cost": 110824.83, "Plan Rows": 1, "Plan Width": 97, "Plans": [{"Node Type": "Nested Loop", "Parent Relationship": "Outer", "Join Type": "Inner", "Startup Cost": 0.0, "Total Cost": 110824.76, "Plan Rows": 12, "Plan Width": 33, "Inner Unique": true, "Plans": [{"Node Type": "Nested Loop", "Parent Relationship": "Outer", "Join Type": "Inner", "Startup Cost": 0.0, "Total Cost": 110449.22, "Plan Rows": 645, "Plan Width": 41, "Inner Unique": false, "Plans": [{"Node Type": "Nested Loop", "Parent Relationship": "Outer", "Join Type": "Inner", "Startup Cost": 0.0, "Total Cost": 109995.01, "Plan Rows": 532, "Plan Width": 21, "Inner Unique": false, "Join Filter": "(ci.role_id = rt.id)", "Plans": [{"Node Type": "Index Scan", "Parent Relationship": "Outer", "Scan Direction": "Forward", "Index Name": "role_type_pkey", "Relation Name": "role_type", "Alias": "rt", "Startup Cost": 0.0, "Total Cost": 12.46, "Plan Rows": 1, "Plan Width": 4, "Filter": "((role)::text = 'actress'::text)"}, {"Node Type": "Nested Loop", "Parent Relationship": "Inner", "Join Type": "Inner", "Startup Cost": 0.0, "Total Cost": 109909.47, "Plan Rows": 5847, "Plan Width": 25, "Inner Unique": false, "Plans": [{"Node Type": "Nested Loop", "Parent Relationship": "Outer", "Join Type": "Inner", "Startup Cost": 0.0, "Total Cost": 104166.87, "Plan Rows": 5775, "Plan Width": 25, "Inner Unique": true, "Plans": [{"Node Type": "Nested Loop", "Parent Relationship": "Outer", "Join Type": "Inner", "Startup Cost": 0.0, "Total Cost": 81519.78, "Plan Rows": 5775, "Plan Width": 4, "Inner Unique": false, "Plans": [{"Node Type": "Index Scan", "Parent Relationship": "Outer", "Scan Direction": "Forward", "Index Name": "company_name_pkey", "Relation Name": "company_name", "Alias": "cn", "Startup Cost": 0.0, "Total Cost": 10501.39, "Plan Rows": 6290, "Plan Width": 4, "Filter": "((country_code)::text = '[jp]'::text)"}, {"Node Type": "Index Scan", "Parent Relationship": "Inner", "Scan Direction": "Forward", "Index Name": "company_id_movie_companies", "Relation Name": "movie_companies", "Alias": "mc", "Startup Cost": 0.0, "Total Cost": 11.28, "Plan Rows": 1, "Plan Width": 8, "Index Cond": "(company_id = cn.id)", "Filter": "(((note)::text ~~ '%(Japan)%'::text) AND ((note)::text !~~ '%(USA)%'::text))"}]}, {"Node Type": "Index Scan", "Parent Relationship": "Inner", "Scan Direction": "Forward", "Index Name": "title_pkey", "Relation Name": "title", "Alias": "t", "Startup Cost": 0.0, "Total Cost": 3.91, "Plan Rows": 1, "Plan Width": 21, "Index Cond": "(id = mc.movie_id)"}]}, {"Node Type": "Index Scan", "Parent Relationship": "Inner", "Scan Direction": "Forward", "Index Name": "movie_id_cast_info", "Relation Name": "cast_info", "Alias": "ci", "Startup Cost": 0.0, "Total Cost": 0.98, "Plan Rows": 1, "Plan Width": 12, "Index Cond": "(movie_id = t.id)", "Filter": "((note)::text = '(voice: English version)'::text)"}]}]}, {"Node Type": "Index Scan", "Parent Relationship": "Inner", "Scan Direction": "Forward", "Index Name": "person_id_aka_name", "Relation Name": "aka_name", "Alias": "an1", "Startup Cost": 0.0, "Total Cost": 0.84, "Plan Rows": 1, "Plan Width": 20, "Index Cond": "(person_id = ci.person_id)"}]}, {"Node Type": "Index Scan", "Parent Relationship": "Inner", "Scan Direction": "Forward", "Index Name": "name_pkey", "Relation Name": "name", "Alias": "n1", "Startup Cost": 0.0, "Total Cost": 0.57, "Plan Rows": 1, "Plan Width": 4, "Index Cond": "(id = an1.person_id)", "Filter": "(((name)::text ~~ '%Yo%'::text) AND ((name)::text !~~ '%Yu%'::text))"}]}]}, "Unique SQL Id": 3544391839, "Planner Runtime": 4}, "explain_analyze_plan": {"Plan": {"Node Type": "Aggregate", "Strategy": "Plain", "Startup Cost": 110824.82, "Total Cost": 110824.83, "Plan Rows": 1, "Plan Width": 97, "Actual Startup Time": 3920.32, "Actual Total Time": 3920.321, "Actual Rows": 1, "Actual Loops": 1, "Plans": [{"Node Type": "Nested Loop", "Parent Relationship": "Outer", "Join Type": "Inner", "Startup Cost": 0.0, "Total Cost": 110824.76, "Plan Rows": 12, "Plan Width": 33, "Actual Startup Time": 4.241, "Actual Total Time": 3919.925, "Actual Rows": 62, "Actual Loops": 1, "Inner Unique": true, "Plans": [{"Node Type": "Nested Loop", "Parent Relationship": "Outer", "Join Type": "Inner", "Startup Cost": 0.0, "Total Cost": 110449.22, "Plan Rows": 645, "Plan Width": 41, "Actual Startup Time": 0.311, "Actual Total Time": 3843.189, "Actual Rows": 17379, "Actual Loops": 1, "Inner Unique": false, "Plans": [{"Node Type": "Nested Loop", "Parent Relationship": "Outer", "Join Type": "Inner", "Startup Cost": 0.0, "Total Cost": 109995.01, "Plan Rows": 532, "Plan Width": 21, "Actual Startup Time": 0.3, "Actual Total Time": 3793.45, "Actual Rows": 7438, "Actual Loops": 1, "Inner Unique": false, "Join Filter": "(ci.role_id = rt.id)", "Rows Removed by Join Filter": 12162, "Plans": [{"Node Type": "Index Scan", "Parent Relationship": "Outer", "Scan Direction": "Forward", "Index Name": "role_type_pkey", "Relation Name": "role_type", "Alias": "rt", "Startup Cost": 0.0, "Total Cost": 12.46, "Plan Rows": 1, "Plan Width": 4, "Actual Startup Time": 0.036, "Actual Total Time": 0.051, "Actual Rows": 1, "Actual Loops": 1, "Filter": "((role)::text = 'actress'::text)", "Rows Removed by Filter": 11}, {"Node Type": "Nested Loop", "Parent Relationship": "Inner", "Join Type": "Inner", "Startup Cost": 0.0, "Total Cost": 109909.47, "Plan Rows": 5847, "Plan Width": 25, "Actual Startup Time": 0.26, "Actual Total Time": 3788.159, "Actual Rows": 19600, "Actual Loops": 1, "Inner Unique": false, "Plans": [{"Node Type": "Nested Loop", "Parent Relationship": "Outer", "Join Type": "Inner", "Startup Cost": 0.0, "Total Cost": 104166.87, "Plan Rows": 5775, "Plan Width": 25, "Actual Startup Time": 0.203, "Actual Total Time": 865.143, "Actual Rows": 48328, "Actual Loops": 1, "Inner Unique": true, "Plans": [{"Node Type": "Nested Loop", "Parent Relationship": "Outer", "Join Type": "Inner", "Startup Cost": 0.0, "Total Cost": 81519.78, "Plan Rows": 5775, "Plan Width": 4, "Actual Startup Time": 0.192, "Actual Total Time": 560.178, "Actual Rows": 48328, "Actual Loops": 1, "Inner Unique": false, "Plans": [{"Node Type": "Index Scan", "Parent Relationship": "Outer", "Scan Direction": "Forward", "Index Name": "company_name_pkey", "Relation Name": "company_name", "Alias": "cn", "Startup Cost": 0.0, "Total Cost": 10501.39, "Plan Rows": 6290, "Plan Width": 4, "Actual Startup Time": 0.158, "Actual Total Time": 329.41, "Actual Rows": 6752, "Actual Loops": 1, "Filter": "((country_code)::text = '[jp]'::text)", "Rows Removed by Filter": 228244}, {"Node Type": "Index Scan", "Parent Relationship": "Inner", "Scan Direction": "Forward", "Index Name": "company_id_movie_companies", "Relation Name": "movie_companies", "Alias": "mc", "Startup Cost": 0.0, "Total Cost": 11.28, "Plan Rows": 1, "Plan Width": 8, "Actual Startup Time": 59.855, "Actual Total Time": 214.607, "Actual Rows": 48328, "Actual Loops": 6752, "Index Cond": "(company_id = cn.id)", "Rows Removed by Index Recheck": 0, "Filter": "(((note)::text ~~ '%(Japan)%'::text) AND ((note)::text !~~ '%(USA)%'::text))", "Rows Removed by Filter": 56667}]}, {"Node Type": "Index Scan", "Parent Relationship": "Inner", "Scan Direction": "Forward", "Index Name": "title_pkey", "Relation Name": "title", "Alias": "t", "Startup Cost": 0.0, "Total Cost": 3.91, "Plan Rows": 1, "Plan Width": 21, "Actual Startup Time": 262.05, "Actual Total Time": 262.05, "Actual Rows": 48328, "Actual Loops": 48328, "Index Cond": "(id = mc.movie_id)", "Rows Removed by Index Recheck": 0}]}, {"Node Type": "Index Scan", "Parent Relationship": "Inner", "Scan Direction": "Forward", "Index Name": "movie_id_cast_info", "Relation Name": "cast_info", "Alias": "ci", "Startup Cost": 0.0, "Total Cost": 0.98, "Plan Rows": 1, "Plan Width": 12, "Actual Startup Time": 2764.157, "Actual Total Time": 2892.023, "Actual Rows": 19600, "Actual Loops": 48328, "Index Cond": "(movie_id = t.id)", "Rows Removed by Index Recheck": 0, "Filter": "((note)::text = '(voice: English version)'::text)", "Rows Removed by Filter": 1531710}]}]}, {"Node Type": "Index Scan", "Parent Relationship": "Inner", "Scan Direction": "Forward", "Index Name": "person_id_aka_name", "Relation Name": "aka_name", "Alias": "an1", "Startup Cost": 0.0, "Total Cost": 0.84, "Plan Rows": 1, "Plan Width": 20, "Actual Startup Time": 32.563, "Actual Total Time": 40.837, "Actual Rows": 17379, "Actual Loops": 7438, "Index Cond": "(person_id = ci.person_id)", "Rows Removed by Index Recheck": 0}]}, {"Node Type": "Index Scan", "Parent Relationship": "Inner", "Scan Direction": "Forward", "Index Name": "name_pkey", "Relation Name": "name", "Alias": "n1", "Startup Cost": 0.0, "Total Cost": 0.57, "Plan Rows": 1, "Plan Width": 4, "Actual Startup Time": 67.888, "Actual Total Time": 67.888, "Actual Rows": 62, "Actual Loops": 17379, "Index Cond": "(id = an1.person_id)", "Rows Removed by Index Recheck": 0, "Filter": "(((name)::text ~~ '%Yo%'::text) AND ((name)::text !~~ '%Yu%'::text))", "Rows Removed by Filter": 17317}]}]}, "Triggers": [], "Planner Runtime": 4, "Total Runtime": 3920.691, "Unique SQL Id": 3544391839}}, "(1, 122)": {"explain_plan": {"Plan": {"Node Type": "Aggregate", "Strategy": "Plain", "Startup Cost": 5094974.59, "Total Cost": 5094974.6, "Plan Rows": 1, "Plan Width": 97, "Plans": [{"Node Type": "Nested Loop", "Parent Relationship": "Outer", "Join Type": "Inner", "Startup Cost": 0.0, "Total Cost": 5094974.54, "Plan Rows": 12, "Plan Width": 33, "Inner Unique": false, "Join Filter": "(ci.movie_id = t.id)", "Plans": [{"Node Type": "Seq Scan", "Parent Relationship": "Outer", "Relation Name": "title", "Alias": "t", "Startup Cost": 0.0, "Total Cost": 60069.11, "Plan Rows": 2528311, "Plan Width": 21}, {"Node Type": "Materialize", "Parent Relationship": "Inner", "Startup Cost": 0.0, "Total Cost": 4579809.47, "Plan Rows": 12, "Plan Width": 24, "Plans": [{"Node Type": "Nested Loop", "Parent Relationship": "Outer", "Join Type": "Inner", "Startup Cost": 0.0, "Total Cost": 4579809.42, "Plan Rows": 12, "Plan Width": 24, "Inner Unique": false, "Join Filter": "(n1.id = an1.person_id)", "Plans": [{"Node Type": "Seq Scan", "Parent Relationship": "Outer", "Relation Name": "aka_name", "Alias": "an1", "Startup Cost": 0.0, "Total Cost": 19908.42, "Plan Rows": 901342, "Plan Width": 20}, {"Node Type": "Materialize", "Parent Relationship": "Inner", "Startup Cost": 0.0, "Total Cost": 3505331.05, "Plan Rows": 78, "Plan Width": 16, "Plans": [{"Node Type": "Nested Loop", "Parent Relationship": "Outer", "Join Type": "Inner", "Startup Cost": 0.0, "Total Cost": 3505330.66, "Plan Rows": 78, "Plan Width": 16, "Inner Unique": false, "Join Filter": "(mc.company_id = cn.id)", "Plans": [{"Node Type": "Seq Scan", "Parent Relationship": "Outer", "Relation Name": "company_name", "Alias": "cn", "Startup Cost": 0.0, "Total Cost": 5903.45, "Plan Rows": 6290, "Plan Width": 4, "Filter": "((country_code)::text = '[jp]'::text)"}, {"Node Type": "Materialize", "Parent Relationship": "Inner", "Startup Cost": 0.0, "Total Cost": 3399890.6, "Plan Rows": 1055, "Plan Width": 20, "Plans": [{"Node Type": "Nested Loop", "Parent Relationship": "Outer", "Join Type": "Inner", "Startup Cost": 0.0, "Total Cost": 3399885.32, "Plan Rows": 1055, "Plan Width": 20, "Inner Unique": false, "Join Filter": "(ci.movie_id = mc.movie_id)", "Plans": [{"Node Type": "Seq Scan", "Parent Relationship": "Outer", "Relation Name": "movie_companies", "Alias": "mc", "Startup Cost": 0.0, "Total Cost": 54862.92, "Plan Rows": 36426, "Plan Width": 8, "Filter": "(((note)::text ~~ '%(Japan)%'::text) AND ((note)::text !~~ '%(USA)%'::text))"}, {"Node Type": "Materialize", "Parent Relationship": "Inner", "Startup Cost": 0.0, "Total Cost": 2638543.36, "Plan Rows": 1293, "Plan Width": 12, "Plans": [{"Node Type": "Nested Loop", "Parent Relationship": "Outer", "Join Type": "Inner", "Startup Cost": 0.0, "Total Cost": 2638536.9, "Plan Rows": 1293, "Plan Width": 12, "Inner Unique": false, "Join Filter": "(ci.person_id = n1.id)", "Plans": [{"Node Type": "Seq Scan", "Parent Relationship": "Outer", "Relation Name": "name", "Alias": "n1", "Startup Cost": 0.0, "Total Cost": 113909.35, "Plan Rows": 13886, "Plan Width": 4, "Filter": "(((name)::text ~~ '%Yo%'::text) AND ((name)::text !~~ '%Yu%'::text))"}, {"Node Type": "Materialize", "Parent Relationship": "Inner", "Startup Cost": 0.0, "Total Cost": 693780.43, "Plan Rows": 8790, "Plan Width": 8, "Plans": [{"Node Type": "Nested Loop", "Parent Relationship": "Outer", "Join Type": "Inner", "Startup Cost": 0.0, "Total Cost": 693736.48, "Plan Rows": 8790, "Plan Width": 8, "Inner Unique": false, "Join Filter": "(ci.role_id = rt.id)", "Plans": [{"Node Type": "Seq Scan", "Parent Relationship": "Outer", "Relation Name": "role_type", "Alias": "rt", "Startup Cost": 0.0, "Total Cost": 1.15, "Plan Rows": 1, "Plan Width": 4, "Filter": "((role)::text = 'actress'::text)"}, {"Node Type": "Seq Scan", "Parent Relationship": "Inner", "Relation Name": "cast_info", "Alias": "ci", "Startup Cost": 0.0, "Total Cost": 692526.68, "Plan Rows": 96692, "Plan Width": 12, "Filter": "((note)::text = '(voice: English version)'::text)"}]}]}]}]}]}]}]}]}]}]}]}]}, "Unique SQL Id": 3544391839, "Planner Runtime": 4}, "explain_analyze_plan": null}, "(1, 123)": {"explain_plan": {"Plan": {"Node Type": "Aggregate", "Strategy": "Plain", "Startup Cost": 7000209677653.96, "Total Cost": 7000209677653.97, "Plan Rows": 1, "Plan Width": 97, "Plans": [{"Node Type": "Nested Loop", "Parent Relationship": "Outer", "Join Type": "Inner", "Startup Cost": 70000000000.0, "Total Cost": 7000209677653.91, "Plan Rows": 12, "Plan Width": 33, "Inner Unique": false, "Join Filter": "(ci.movie_id = t.id)", "Plans": [{"Node Type": "Index Scan", "Parent Relationship": "Outer", "Scan Direction": "Forward", "Index Name": "title_pkey", "Relation Name": "title", "Alias": "t", "Startup Cost": 10000000000.0, "Total Cost": 1000011012048.91, "Plan Rows": 2528311, "Plan Width": 21}, {"Node Type": "Materialize", "Parent Relationship": "Inner", "Startup Cost": 60000000000.0, "Total Cost": 6000198210509.04, "Plan Rows": 12, "Plan Width": 24, "Plans": [{"Node Type": "Nested Loop", "Parent Relationship": "Outer", "Join Type": "Inner", "Startup Cost": 60000000000.0, "Total Cost": 6000198210508.98, "Plan Rows": 12, "Plan Width": 24, "Inner Unique": false, "Join Filter": "(n1.id = an1.person_id)", "Plans": [{"Node Type": "Nested Loop", "Parent Relationship": "Outer", "Join Type": "Inner", "Startup Cost": 50000000000.0, "Total Cost": 5000190257182.06, "Plan Rows": 78, "Plan Width": 16, "Inner Unique": true, "Join Filter": "(ci.person_id = n1.id)", "Plans": [{"Node Type": "Nested Loop", "Parent Relationship": "Outer", "Join Type": "Inner", "Startup Cost": 40000000000.0, "Total Cost": 4000170439317.36, "Plan Rows": 532, "Plan Width": 12, "Inner Unique": true, "Join Filter": "(ci.role_id = rt.id)", "Plans": [{"Node Type": "Nested Loop", "Parent Relationship": "Outer", "Join Type": "Inner", "Startup Cost": 30000000000.0, "Total Cost": 3000170437983.65, "Plan Rows": 5847, "Plan Width": 16, "Inner Unique": false, "Join Filter": "(mc.movie_id = ci.movie_id)", "Plans": [{"Node Type": "Nested Loop", "Parent Relationship": "Outer", "Join Type": "Inner", "Startup Cost": 20000000000.0, "Total Cost": 2000018843457.92, "Plan Rows": 5775, "Plan Width": 4, "Inner Unique": true, "Join Filter": "(cn.id = mc.company_id)", "Plans": [{"Node Type": "Index Scan", "Parent Relationship": "Outer", "Scan Direction": "Forward", "Index Name": "movie_id_movie_companies", "Relation Name": "movie_companies", "Alias": "mc", "Startup Cost": 10000000000.0, "Total Cost": 1000014356510.13, "Plan Rows": 36426, "Plan Width": 8, "Filter": "(((note)::text ~~ '%(Japan)%'::text) AND ((note)::text !~~ '%(USA)%'::text))"}, {"Node Type": "Materialize", "Parent Relationship": "Inner", "Startup Cost": 10000000000.0, "Total Cost": 1000001050170.42, "Plan Rows": 6290, "Plan Width": 4, "Plans": [{"Node Type": "Index Scan", "Parent Relationship": "Outer", "Scan Direction": "Forward", "Index Name": "company_name_pkey", "Relation Name": "company_name", "Alias": "cn", "Startup Cost": 10000000000.0, "Total Cost": 1000001050138.97, "Plan Rows": 6290, "Plan Width": 4, "Filter": "((country_code)::text = '[jp]'::text)"}]}]}, {"Node Type": "Materialize", "Parent Relationship": "Inner", "Startup Cost": 10000000000.0, "Total Cost": 1000143218822.96, "Plan Rows": 96692, "Plan Width": 12, "Plans": [{"Node Type": "Index Scan", "Parent Relationship": "Outer", "Scan Direction": "Forward", "Index Name": "role_id_cast_info", "Relation Name": "cast_info", "Alias": "ci", "Startup Cost": 10000000000.0, "Total Cost": 1000143218339.5, "Plan Rows": 96692, "Plan Width": 12, "Filter": "((note)::text = '(voice: English version)'::text)"}]}]}, {"Node Type": "Materialize", "Parent Relationship": "Inner", "Startup Cost": 10000000000.0, "Total Cost": 1000000001246.0, "Plan Rows": 1, "Plan Width": 4, "Plans": [{"Node Type": "Index Scan", "Parent Relationship": "Outer", "Scan Direction": "Forward", "Index Name": "role_type_pkey", "Relation Name": "role_type", "Alias": "rt", "Startup Cost": 10000000000.0, "Total Cost": 1000000001246.0, "Plan Rows": 1, "Plan Width": 4, "Filter": "((role)::text = 'actress'::text)"}]}]}, {"Node Type": "Materialize", "Parent Relationship": "Inner", "Startup Cost": 10000000000.0, "Total Cost": 1000019707089.13, "Plan Rows": 13886, "Plan Width": 4, "Plans": [{"Node Type": "Index Scan", "Parent Relationship": "Outer", "Scan Direction": "Forward", "Index Name": "name_pkey", "Relation Name": "name", "Alias": "n1", "Startup Cost": 10000000000.0, "Total Cost": 1000019707019.7, "Plan Rows": 13886, "Plan Width": 4, "Filter": "(((name)::text ~~ '%Yo%'::text) AND ((name)::text !~~ '%Yu%'::text))"}]}]}, {"Node Type": "Materialize", "Parent Relationship": "Inner", "Startup Cost": 10000000000.0, "Total Cost": 1000006901010.14, "Plan Rows": 901342, "Plan Width": 20, "Plans": [{"Node Type": "Index Scan", "Parent Relationship": "Outer", "Scan Direction": "Forward", "Index Name": "person_id_aka_name", "Relation Name": "aka_name", "Alias": "an1", "Startup Cost": 10000000000.0, "Total Cost": 1000006896503.43, "Plan Rows": 901342, "Plan Width": 20}]}]}]}]}]}, "Unique SQL Id": 3544391839, "Planner Runtime": 4}, "explain_analyze_plan": null}, "(1, 124)": {"explain_plan": {"Plan": {"Node Type": "Aggregate", "Strategy": "Plain", "Startup Cost": 106215.57, "Total Cost": 106215.58, "Plan Rows": 1, "Plan Width": 97, "Plans": [{"Node Type": "Nested Loop", "Parent Relationship": "Outer", "Join Type": "Inner", "Startup Cost": 0.0, "Total Cost": 106215.51, "Plan Rows": 12, "Plan Width": 33, "Inner Unique": true, "Plans": [{"Node Type": "Nested Loop", "Parent Relationship": "Outer", "Join Type": "Inner", "Startup Cost": 0.0, "Total Cost": 105839.97, "Plan Rows": 645, "Plan Width": 41, "Inner Unique": false, "Plans": [{"Node Type": "Nested Loop", "Parent Relationship": "Outer", "Join Type": "Inner", "Startup Cost": 0.0, "Total Cost": 105385.76, "Plan Rows": 532, "Plan Width": 21, "Inner Unique": false, "Join Filter": "(ci.role_id = rt.id)", "Plans": [{"Node Type": "Seq Scan", "Parent Relationship": "Outer", "Relation Name": "role_type", "Alias": "rt", "Startup Cost": 0.0, "Total Cost": 1.15, "Plan Rows": 1, "Plan Width": 4, "Filter": "((role)::text = 'actress'::text)"}, {"Node Type": "Nested Loop", "Parent Relationship": "Inner", "Join Type": "Inner", "Startup Cost": 0.0, "Total Cost": 105311.53, "Plan Rows": 5847, "Plan Width": 25, "Inner Unique": false, "Plans": [{"Node Type": "Nested Loop", "Parent Relationship": "Outer", "Join Type": "Inner", "Startup Cost": 0.0, "Total Cost": 99568.93, "Plan Rows": 5775, "Plan Width": 25, "Inner Unique": true, "Plans": [{"Node Type": "Nested Loop", "Parent Relationship": "Outer", "Join Type": "Inner", "Startup Cost": 0.0, "Total Cost": 76921.84, "Plan Rows": 5775, "Plan Width": 4, "Inner Unique": false, "Plans": [{"Node Type": "Seq Scan", "Parent Relationship": "Outer", "Relation Name": "company_name", "Alias": "cn", "Startup Cost": 0.0, "Total Cost": 5903.45, "Plan Rows": 6290, "Plan Width": 4, "Filter": "((country_code)::text = '[jp]'::text)"}, {"Node Type": "Index Scan", "Parent Relationship": "Inner", "Scan Direction": "Forward", "Index Name": "company_id_movie_companies", "Relation Name": "movie_companies", "Alias": "mc", "Startup Cost": 0.0, "Total Cost": 11.28, "Plan Rows": 1, "Plan Width": 8, "Index Cond": "(company_id = cn.id)", "Filter": "(((note)::text ~~ '%(Japan)%'::text) AND ((note)::text !~~ '%(USA)%'::text))"}]}, {"Node Type": "Index Scan", "Parent Relationship": "Inner", "Scan Direction": "Forward", "Index Name": "title_pkey", "Relation Name": "title", "Alias": "t", "Startup Cost": 0.0, "Total Cost": 3.91, "Plan Rows": 1, "Plan Width": 21, "Index Cond": "(id = mc.movie_id)"}]}, {"Node Type": "Index Scan", "Parent Relationship": "Inner", "Scan Direction": "Forward", "Index Name": "movie_id_cast_info", "Relation Name": "cast_info", "Alias": "ci", "Startup Cost": 0.0, "Total Cost": 0.98, "Plan Rows": 1, "Plan Width": 12, "Index Cond": "(movie_id = t.id)", "Filter": "((note)::text = '(voice: English version)'::text)"}]}]}, {"Node Type": "Index Scan", "Parent Relationship": "Inner", "Scan Direction": "Forward", "Index Name": "person_id_aka_name", "Relation Name": "aka_name", "Alias": "an1", "Startup Cost": 0.0, "Total Cost": 0.84, "Plan Rows": 1, "Plan Width": 20, "Index Cond": "(person_id = ci.person_id)"}]}, {"Node Type": "Index Scan", "Parent Relationship": "Inner", "Scan Direction": "Forward", "Index Name": "name_pkey", "Relation Name": "name", "Alias": "n1", "Startup Cost": 0.0, "Total Cost": 0.57, "Plan Rows": 1, "Plan Width": 4, "Index Cond": "(id = an1.person_id)", "Filter": "(((name)::text ~~ '%Yo%'::text) AND ((name)::text !~~ '%Yu%'::text))"}]}]}, "Unique SQL Id": 3544391839, "Planner Runtime": 4}, "explain_analyze_plan": {"Plan": {"Node Type": "Aggregate", "Strategy": "Plain", "Startup Cost": 106215.57, "Total Cost": 106215.58, "Plan Rows": 1, "Plan Width": 97, "Actual Startup Time": 3343.581, "Actual Total Time": 3343.582, "Actual Rows": 1, "Actual Loops": 1, "Plans": [{"Node Type": "Nested Loop", "Parent Relationship": "Outer", "Join Type": "Inner", "Startup Cost": 0.0, "Total Cost": 106215.51, "Plan Rows": 12, "Plan Width": 33, "Actual Startup Time": 225.177, "Actual Total Time": 3343.278, "Actual Rows": 62, "Actual Loops": 1, "Inner Unique": true, "Plans": [{"Node Type": "Nested Loop", "Parent Relationship": "Outer", "Join Type": "Inner", "Startup Cost": 0.0, "Total Cost": 105839.97, "Plan Rows": 645, "Plan Width": 41, "Actual Startup Time": 0.174, "Actual Total Time": 3267.385, "Actual Rows": 17379, "Actual Loops": 1, "Inner Unique": false, "Plans": [{"Node Type": "Nested Loop", "Parent Relationship": "Outer", "Join Type": "Inner", "Startup Cost": 0.0, "Total Cost": 105385.76, "Plan Rows": 532, "Plan Width": 21, "Actual Startup Time": 0.164, "Actual Total Time": 3218.995, "Actual Rows": 7438, "Actual Loops": 1, "Inner Unique": false, "Join Filter": "(ci.role_id = rt.id)", "Rows Removed by Join Filter": 12162, "Plans": [{"Node Type": "Seq Scan", "Parent Relationship": "Outer", "Relation Name": "role_type", "Alias": "rt", "Startup Cost": 0.0, "Total Cost": 1.15, "Plan Rows": 1, "Plan Width": 4, "Actual Startup Time": 0.027, "Actual Total Time": 0.032, "Actual Rows": 1, "Actual Loops": 1, "Filter": "((role)::text = 'actress'::text)", "Rows Removed by Filter": 11}, {"Node Type": "Nested Loop", "Parent Relationship": "Inner", "Join Type": "Inner", "Startup Cost": 0.0, "Total Cost": 105311.53, "Plan Rows": 5847, "Plan Width": 25, "Actual Startup Time": 0.131, "Actual Total Time": 3213.59, "Actual Rows": 19600, "Actual Loops": 1, "Inner Unique": false, "Plans": [{"Node Type": "Nested Loop", "Parent Relationship": "Outer", "Join Type": "Inner", "Startup Cost": 0.0, "Total Cost": 99568.93, "Plan Rows": 5775, "Plan Width": 25, "Actual Startup Time": 0.077, "Actual Total Time": 575.312, "Actual Rows": 48328, "Actual Loops": 1, "Inner Unique": true, "Plans": [{"Node Type": "Nested Loop", "Parent Relationship": "Outer", "Join Type": "Inner", "Startup Cost": 0.0, "Total Cost": 76921.84, "Plan Rows": 5775, "Plan Width": 4, "Actual Startup Time": 0.067, "Actual Total Time": 292.251, "Actual Rows": 48328, "Actual Loops": 1, "Inner Unique": false, "Plans": [{"Node Type": "Seq Scan", "Parent Relationship": "Outer", "Relation Name": "company_name", "Alias": "cn", "Startup Cost": 0.0, "Total Cost": 5903.45, "Plan Rows": 6290, "Plan Width": 4, "Actual Startup Time": 0.021, "Actual Total Time": 83.294, "Actual Rows": 6752, "Actual Loops": 1, "Filter": "((country_code)::text = '[jp]'::text)", "Rows Removed by Filter": 228244}, {"Node Type": "Index Scan", "Parent Relationship": "Inner", "Scan Direction": "Forward", "Index Name": "company_id_movie_companies", "Relation Name": "movie_companies", "Alias": "mc", "Startup Cost": 0.0, "Total Cost": 11.28, "Plan Rows": 1, "Plan Width": 8, "Actual Startup Time": 54.933, "Actual Total Time": 193.373, "Actual Rows": 48328, "Actual Loops": 6752, "Index Cond": "(company_id = cn.id)", "Rows Removed by Index Recheck": 0, "Filter": "(((note)::text ~~ '%(Japan)%'::text) AND ((note)::text !~~ '%(USA)%'::text))", "Rows Removed by Filter": 56667}]}, {"Node Type": "Index Scan", "Parent Relationship": "Inner", "Scan Direction": "Forward", "Index Name": "title_pkey", "Relation Name": "title", "Alias": "t", "Startup Cost": 0.0, "Total Cost": 3.91, "Plan Rows": 1, "Plan Width": 21, "Actual Startup Time": 241.214, "Actual Total Time": 241.214, "Actual Rows": 48328, "Actual Loops": 48328, "Index Cond": "(id = mc.movie_id)", "Rows Removed by Index Recheck": 0}]}, {"Node Type": "Index Scan", "Parent Relationship": "Inner", "Scan Direction": "Forward", "Index Name": "movie_id_cast_info", "Relation Name": "cast_info", "Alias": "ci", "Startup Cost": 0.0, "Total Cost": 0.98, "Plan Rows": 1, "Plan Width": 12, "Actual Startup Time": 2486.124, "Actual Total Time": 2607.694, "Actual Rows": 19600, "Actual Loops": 48328, "Index Cond": "(movie_id = t.id)", "Rows Removed by Index Recheck": 0, "Filter": "((note)::text = '(voice: English version)'::text)", "Rows Removed by Filter": 1531710}]}]}, {"Node Type": "Index Scan", "Parent Relationship": "Inner", "Scan Direction": "Forward", "Index Name": "person_id_aka_name", "Relation Name": "aka_name", "Alias": "an1", "Startup Cost": 0.0, "Total Cost": 0.84, "Plan Rows": 1, "Plan Width": 20, "Actual Startup Time": 31.426, "Actual Total Time": 39.577, "Actual Rows": 17379, "Actual Loops": 7438, "Index Cond": "(person_id = ci.person_id)", "Rows Removed by Index Recheck": 0}]}, {"Node Type": "Index Scan", "Parent Relationship": "Inner", "Scan Direction": "Forward", "Index Name": "name_pkey", "Relation Name": "name", "Alias": "n1", "Startup Cost": 0.0, "Total Cost": 0.57, "Plan Rows": 1, "Plan Width": 4, "Actual Startup Time": 67.071, "Actual Total Time": 67.071, "Actual Rows": 62, "Actual Loops": 17379, "Index Cond": "(id = an1.person_id)", "Rows Removed by Index Recheck": 0, "Filter": "(((name)::text ~~ '%Yo%'::text) AND ((name)::text !~~ '%Yu%'::text))", "Rows Removed by Filter": 17317}]}]}, "Triggers": [], "Planner Runtime": 4, "Total Runtime": 3343.933, "Unique SQL Id": 3544391839}}, "(1, 125)": {"explain_plan": {"Plan": {"Node Type": "Aggregate", "Strategy": "Plain", "Startup Cost": 110824.82, "Total Cost": 110824.83, "Plan Rows": 1, "Plan Width": 97, "Plans": [{"Node Type": "Nested Loop", "Parent Relationship": "Outer", "Join Type": "Inner", "Startup Cost": 0.0, "Total Cost": 110824.76, "Plan Rows": 12, "Plan Width": 33, "Inner Unique": true, "Plans": [{"Node Type": "Nested Loop", "Parent Relationship": "Outer", "Join Type": "Inner", "Startup Cost": 0.0, "Total Cost": 110449.22, "Plan Rows": 645, "Plan Width": 41, "Inner Unique": false, "Plans": [{"Node Type": "Nested Loop", "Parent Relationship": "Outer", "Join Type": "Inner", "Startup Cost": 0.0, "Total Cost": 109995.01, "Plan Rows": 532, "Plan Width": 21, "Inner Unique": false, "Join Filter": "(ci.role_id = rt.id)", "Plans": [{"Node Type": "Index Scan", "Parent Relationship": "Outer", "Scan Direction": "Forward", "Index Name": "role_type_pkey", "Relation Name": "role_type", "Alias": "rt", "Startup Cost": 0.0, "Total Cost": 12.46, "Plan Rows": 1, "Plan Width": 4, "Filter": "((role)::text = 'actress'::text)"}, {"Node Type": "Nested Loop", "Parent Relationship": "Inner", "Join Type": "Inner", "Startup Cost": 0.0, "Total Cost": 109909.47, "Plan Rows": 5847, "Plan Width": 25, "Inner Unique": false, "Plans": [{"Node Type": "Nested Loop", "Parent Relationship": "Outer", "Join Type": "Inner", "Startup Cost": 0.0, "Total Cost": 104166.87, "Plan Rows": 5775, "Plan Width": 25, "Inner Unique": true, "Plans": [{"Node Type": "Nested Loop", "Parent Relationship": "Outer", "Join Type": "Inner", "Startup Cost": 0.0, "Total Cost": 81519.78, "Plan Rows": 5775, "Plan Width": 4, "Inner Unique": false, "Plans": [{"Node Type": "Index Scan", "Parent Relationship": "Outer", "Scan Direction": "Forward", "Index Name": "company_name_pkey", "Relation Name": "company_name", "Alias": "cn", "Startup Cost": 0.0, "Total Cost": 10501.39, "Plan Rows": 6290, "Plan Width": 4, "Filter": "((country_code)::text = '[jp]'::text)"}, {"Node Type": "Index Scan", "Parent Relationship": "Inner", "Scan Direction": "Forward", "Index Name": "company_id_movie_companies", "Relation Name": "movie_companies", "Alias": "mc", "Startup Cost": 0.0, "Total Cost": 11.28, "Plan Rows": 1, "Plan Width": 8, "Index Cond": "(company_id = cn.id)", "Filter": "(((note)::text ~~ '%(Japan)%'::text) AND ((note)::text !~~ '%(USA)%'::text))"}]}, {"Node Type": "Index Scan", "Parent Relationship": "Inner", "Scan Direction": "Forward", "Index Name": "title_pkey", "Relation Name": "title", "Alias": "t", "Startup Cost": 0.0, "Total Cost": 3.91, "Plan Rows": 1, "Plan Width": 21, "Index Cond": "(id = mc.movie_id)"}]}, {"Node Type": "Index Scan", "Parent Relationship": "Inner", "Scan Direction": "Forward", "Index Name": "movie_id_cast_info", "Relation Name": "cast_info", "Alias": "ci", "Startup Cost": 0.0, "Total Cost": 0.98, "Plan Rows": 1, "Plan Width": 12, "Index Cond": "(movie_id = t.id)", "Filter": "((note)::text = '(voice: English version)'::text)"}]}]}, {"Node Type": "Index Scan", "Parent Relationship": "Inner", "Scan Direction": "Forward", "Index Name": "person_id_aka_name", "Relation Name": "aka_name", "Alias": "an1", "Startup Cost": 0.0, "Total Cost": 0.84, "Plan Rows": 1, "Plan Width": 20, "Index Cond": "(person_id = ci.person_id)"}]}, {"Node Type": "Index Scan", "Parent Relationship": "Inner", "Scan Direction": "Forward", "Index Name": "name_pkey", "Relation Name": "name", "Alias": "n1", "Startup Cost": 0.0, "Total Cost": 0.57, "Plan Rows": 1, "Plan Width": 4, "Index Cond": "(id = an1.person_id)", "Filter": "(((name)::text ~~ '%Yo%'::text) AND ((name)::text !~~ '%Yu%'::text))"}]}]}, "Unique SQL Id": 3544391839, "Planner Runtime": 4}, "explain_analyze_plan": {"Plan": {"Node Type": "Aggregate", "Strategy": "Plain", "Startup Cost": 110824.82, "Total Cost": 110824.83, "Plan Rows": 1, "Plan Width": 97, "Actual Startup Time": 3920.32, "Actual Total Time": 3920.321, "Actual Rows": 1, "Actual Loops": 1, "Plans": [{"Node Type": "Nested Loop", "Parent Relationship": "Outer", "Join Type": "Inner", "Startup Cost": 0.0, "Total Cost": 110824.76, "Plan Rows": 12, "Plan Width": 33, "Actual Startup Time": 4.241, "Actual Total Time": 3919.925, "Actual Rows": 62, "Actual Loops": 1, "Inner Unique": true, "Plans": [{"Node Type": "Nested Loop", "Parent Relationship": "Outer", "Join Type": "Inner", "Startup Cost": 0.0, "Total Cost": 110449.22, "Plan Rows": 645, "Plan Width": 41, "Actual Startup Time": 0.311, "Actual Total Time": 3843.189, "Actual Rows": 17379, "Actual Loops": 1, "Inner Unique": false, "Plans": [{"Node Type": "Nested Loop", "Parent Relationship": "Outer", "Join Type": "Inner", "Startup Cost": 0.0, "Total Cost": 109995.01, "Plan Rows": 532, "Plan Width": 21, "Actual Startup Time": 0.3, "Actual Total Time": 3793.45, "Actual Rows": 7438, "Actual Loops": 1, "Inner Unique": false, "Join Filter": "(ci.role_id = rt.id)", "Rows Removed by Join Filter": 12162, "Plans": [{"Node Type": "Index Scan", "Parent Relationship": "Outer", "Scan Direction": "Forward", "Index Name": "role_type_pkey", "Relation Name": "role_type", "Alias": "rt", "Startup Cost": 0.0, "Total Cost": 12.46, "Plan Rows": 1, "Plan Width": 4, "Actual Startup Time": 0.036, "Actual Total Time": 0.051, "Actual Rows": 1, "Actual Loops": 1, "Filter": "((role)::text = 'actress'::text)", "Rows Removed by Filter": 11}, {"Node Type": "Nested Loop", "Parent Relationship": "Inner", "Join Type": "Inner", "Startup Cost": 0.0, "Total Cost": 109909.47, "Plan Rows": 5847, "Plan Width": 25, "Actual Startup Time": 0.26, "Actual Total Time": 3788.159, "Actual Rows": 19600, "Actual Loops": 1, "Inner Unique": false, "Plans": [{"Node Type": "Nested Loop", "Parent Relationship": "Outer", "Join Type": "Inner", "Startup Cost": 0.0, "Total Cost": 104166.87, "Plan Rows": 5775, "Plan Width": 25, "Actual Startup Time": 0.203, "Actual Total Time": 865.143, "Actual Rows": 48328, "Actual Loops": 1, "Inner Unique": true, "Plans": [{"Node Type": "Nested Loop", "Parent Relationship": "Outer", "Join Type": "Inner", "Startup Cost": 0.0, "Total Cost": 81519.78, "Plan Rows": 5775, "Plan Width": 4, "Actual Startup Time": 0.192, "Actual Total Time": 560.178, "Actual Rows": 48328, "Actual Loops": 1, "Inner Unique": false, "Plans": [{"Node Type": "Index Scan", "Parent Relationship": "Outer", "Scan Direction": "Forward", "Index Name": "company_name_pkey", "Relation Name": "company_name", "Alias": "cn", "Startup Cost": 0.0, "Total Cost": 10501.39, "Plan Rows": 6290, "Plan Width": 4, "Actual Startup Time": 0.158, "Actual Total Time": 329.41, "Actual Rows": 6752, "Actual Loops": 1, "Filter": "((country_code)::text = '[jp]'::text)", "Rows Removed by Filter": 228244}, {"Node Type": "Index Scan", "Parent Relationship": "Inner", "Scan Direction": "Forward", "Index Name": "company_id_movie_companies", "Relation Name": "movie_companies", "Alias": "mc", "Startup Cost": 0.0, "Total Cost": 11.28, "Plan Rows": 1, "Plan Width": 8, "Actual Startup Time": 59.855, "Actual Total Time": 214.607, "Actual Rows": 48328, "Actual Loops": 6752, "Index Cond": "(company_id = cn.id)", "Rows Removed by Index Recheck": 0, "Filter": "(((note)::text ~~ '%(Japan)%'::text) AND ((note)::text !~~ '%(USA)%'::text))", "Rows Removed by Filter": 56667}]}, {"Node Type": "Index Scan", "Parent Relationship": "Inner", "Scan Direction": "Forward", "Index Name": "title_pkey", "Relation Name": "title", "Alias": "t", "Startup Cost": 0.0, "Total Cost": 3.91, "Plan Rows": 1, "Plan Width": 21, "Actual Startup Time": 262.05, "Actual Total Time": 262.05, "Actual Rows": 48328, "Actual Loops": 48328, "Index Cond": "(id = mc.movie_id)", "Rows Removed by Index Recheck": 0}]}, {"Node Type": "Index Scan", "Parent Relationship": "Inner", "Scan Direction": "Forward", "Index Name": "movie_id_cast_info", "Relation Name": "cast_info", "Alias": "ci", "Startup Cost": 0.0, "Total Cost": 0.98, "Plan Rows": 1, "Plan Width": 12, "Actual Startup Time": 2764.157, "Actual Total Time": 2892.023, "Actual Rows": 19600, "Actual Loops": 48328, "Index Cond": "(movie_id = t.id)", "Rows Removed by Index Recheck": 0, "Filter": "((note)::text = '(voice: English version)'::text)", "Rows Removed by Filter": 1531710}]}]}, {"Node Type": "Index Scan", "Parent Relationship": "Inner", "Scan Direction": "Forward", "Index Name": "person_id_aka_name", "Relation Name": "aka_name", "Alias": "an1", "Startup Cost": 0.0, "Total Cost": 0.84, "Plan Rows": 1, "Plan Width": 20, "Actual Startup Time": 32.563, "Actual Total Time": 40.837, "Actual Rows": 17379, "Actual Loops": 7438, "Index Cond": "(person_id = ci.person_id)", "Rows Removed by Index Recheck": 0}]}, {"Node Type": "Index Scan", "Parent Relationship": "Inner", "Scan Direction": "Forward", "Index Name": "name_pkey", "Relation Name": "name", "Alias": "n1", "Startup Cost": 0.0, "Total Cost": 0.57, "Plan Rows": 1, "Plan Width": 4, "Actual Startup Time": 67.888, "Actual Total Time": 67.888, "Actual Rows": 62, "Actual Loops": 17379, "Index Cond": "(id = an1.person_id)", "Rows Removed by Index Recheck": 0, "Filter": "(((name)::text ~~ '%Yo%'::text) AND ((name)::text !~~ '%Yu%'::text))", "Rows Removed by Filter": 17317}]}]}, "Triggers": [], "Planner Runtime": 4, "Total Runtime": 3920.691, "Unique SQL Id": 3544391839}}, "(1, 126)": {"explain_plan": {"Plan": {"Node Type": "Aggregate", "Strategy": "Plain", "Startup Cost": 5094974.59, "Total Cost": 5094974.6, "Plan Rows": 1, "Plan Width": 97, "Plans": [{"Node Type": "Nested Loop", "Parent Relationship": "Outer", "Join Type": "Inner", "Startup Cost": 0.0, "Total Cost": 5094974.54, "Plan Rows": 12, "Plan Width": 33, "Inner Unique": false, "Join Filter": "(ci.movie_id = t.id)", "Plans": [{"Node Type": "Seq Scan", "Parent Relationship": "Outer", "Relation Name": "title", "Alias": "t", "Startup Cost": 0.0, "Total Cost": 60069.11, "Plan Rows": 2528311, "Plan Width": 21}, {"Node Type": "Materialize", "Parent Relationship": "Inner", "Startup Cost": 0.0, "Total Cost": 4579809.47, "Plan Rows": 12, "Plan Width": 24, "Plans": [{"Node Type": "Nested Loop", "Parent Relationship": "Outer", "Join Type": "Inner", "Startup Cost": 0.0, "Total Cost": 4579809.42, "Plan Rows": 12, "Plan Width": 24, "Inner Unique": false, "Join Filter": "(n1.id = an1.person_id)", "Plans": [{"Node Type": "Seq Scan", "Parent Relationship": "Outer", "Relation Name": "aka_name", "Alias": "an1", "Startup Cost": 0.0, "Total Cost": 19908.42, "Plan Rows": 901342, "Plan Width": 20}, {"Node Type": "Materialize", "Parent Relationship": "Inner", "Startup Cost": 0.0, "Total Cost": 3505331.05, "Plan Rows": 78, "Plan Width": 16, "Plans": [{"Node Type": "Nested Loop", "Parent Relationship": "Outer", "Join Type": "Inner", "Startup Cost": 0.0, "Total Cost": 3505330.66, "Plan Rows": 78, "Plan Width": 16, "Inner Unique": false, "Join Filter": "(mc.company_id = cn.id)", "Plans": [{"Node Type": "Seq Scan", "Parent Relationship": "Outer", "Relation Name": "company_name", "Alias": "cn", "Startup Cost": 0.0, "Total Cost": 5903.45, "Plan Rows": 6290, "Plan Width": 4, "Filter": "((country_code)::text = '[jp]'::text)"}, {"Node Type": "Materialize", "Parent Relationship": "Inner", "Startup Cost": 0.0, "Total Cost": 3399890.6, "Plan Rows": 1055, "Plan Width": 20, "Plans": [{"Node Type": "Nested Loop", "Parent Relationship": "Outer", "Join Type": "Inner", "Startup Cost": 0.0, "Total Cost": 3399885.32, "Plan Rows": 1055, "Plan Width": 20, "Inner Unique": false, "Join Filter": "(ci.movie_id = mc.movie_id)", "Plans": [{"Node Type": "Seq Scan", "Parent Relationship": "Outer", "Relation Name": "movie_companies", "Alias": "mc", "Startup Cost": 0.0, "Total Cost": 54862.92, "Plan Rows": 36426, "Plan Width": 8, "Filter": "(((note)::text ~~ '%(Japan)%'::text) AND ((note)::text !~~ '%(USA)%'::text))"}, {"Node Type": "Materialize", "Parent Relationship": "Inner", "Startup Cost": 0.0, "Total Cost": 2638543.36, "Plan Rows": 1293, "Plan Width": 12, "Plans": [{"Node Type": "Nested Loop", "Parent Relationship": "Outer", "Join Type": "Inner", "Startup Cost": 0.0, "Total Cost": 2638536.9, "Plan Rows": 1293, "Plan Width": 12, "Inner Unique": false, "Join Filter": "(ci.person_id = n1.id)", "Plans": [{"Node Type": "Seq Scan", "Parent Relationship": "Outer", "Relation Name": "name", "Alias": "n1", "Startup Cost": 0.0, "Total Cost": 113909.35, "Plan Rows": 13886, "Plan Width": 4, "Filter": "(((name)::text ~~ '%Yo%'::text) AND ((name)::text !~~ '%Yu%'::text))"}, {"Node Type": "Materialize", "Parent Relationship": "Inner", "Startup Cost": 0.0, "Total Cost": 693780.43, "Plan Rows": 8790, "Plan Width": 8, "Plans": [{"Node Type": "Nested Loop", "Parent Relationship": "Outer", "Join Type": "Inner", "Startup Cost": 0.0, "Total Cost": 693736.48, "Plan Rows": 8790, "Plan Width": 8, "Inner Unique": false, "Join Filter": "(ci.role_id = rt.id)", "Plans": [{"Node Type": "Seq Scan", "Parent Relationship": "Outer", "Relation Name": "role_type", "Alias": "rt", "Startup Cost": 0.0, "Total Cost": 1.15, "Plan Rows": 1, "Plan Width": 4, "Filter": "((role)::text = 'actress'::text)"}, {"Node Type": "Seq Scan", "Parent Relationship": "Inner", "Relation Name": "cast_info", "Alias": "ci", "Startup Cost": 0.0, "Total Cost": 692526.68, "Plan Rows": 96692, "Plan Width": 12, "Filter": "((note)::text = '(voice: English version)'::text)"}]}]}]}]}]}]}]}]}]}]}]}]}, "Unique SQL Id": 3544391839, "Planner Runtime": 4}, "explain_analyze_plan": null}, "(1, 127)": {"explain_plan": {"Plan": {"Node Type": "Aggregate", "Strategy": "Plain", "Startup Cost": 7000209677653.96, "Total Cost": 7000209677653.97, "Plan Rows": 1, "Plan Width": 97, "Plans": [{"Node Type": "Nested Loop", "Parent Relationship": "Outer", "Join Type": "Inner", "Startup Cost": 70000000000.0, "Total Cost": 7000209677653.91, "Plan Rows": 12, "Plan Width": 33, "Inner Unique": false, "Join Filter": "(ci.movie_id = t.id)", "Plans": [{"Node Type": "Index Scan", "Parent Relationship": "Outer", "Scan Direction": "Forward", "Index Name": "title_pkey", "Relation Name": "title", "Alias": "t", "Startup Cost": 10000000000.0, "Total Cost": 1000011012048.91, "Plan Rows": 2528311, "Plan Width": 21}, {"Node Type": "Materialize", "Parent Relationship": "Inner", "Startup Cost": 60000000000.0, "Total Cost": 6000198210509.04, "Plan Rows": 12, "Plan Width": 24, "Plans": [{"Node Type": "Nested Loop", "Parent Relationship": "Outer", "Join Type": "Inner", "Startup Cost": 60000000000.0, "Total Cost": 6000198210508.98, "Plan Rows": 12, "Plan Width": 24, "Inner Unique": false, "Join Filter": "(n1.id = an1.person_id)", "Plans": [{"Node Type": "Nested Loop", "Parent Relationship": "Outer", "Join Type": "Inner", "Startup Cost": 50000000000.0, "Total Cost": 5000190257182.06, "Plan Rows": 78, "Plan Width": 16, "Inner Unique": true, "Join Filter": "(ci.person_id = n1.id)", "Plans": [{"Node Type": "Nested Loop", "Parent Relationship": "Outer", "Join Type": "Inner", "Startup Cost": 40000000000.0, "Total Cost": 4000170439317.36, "Plan Rows": 532, "Plan Width": 12, "Inner Unique": true, "Join Filter": "(ci.role_id = rt.id)", "Plans": [{"Node Type": "Nested Loop", "Parent Relationship": "Outer", "Join Type": "Inner", "Startup Cost": 30000000000.0, "Total Cost": 3000170437983.65, "Plan Rows": 5847, "Plan Width": 16, "Inner Unique": false, "Join Filter": "(mc.movie_id = ci.movie_id)", "Plans": [{"Node Type": "Nested Loop", "Parent Relationship": "Outer", "Join Type": "Inner", "Startup Cost": 20000000000.0, "Total Cost": 2000018843457.92, "Plan Rows": 5775, "Plan Width": 4, "Inner Unique": true, "Join Filter": "(cn.id = mc.company_id)", "Plans": [{"Node Type": "Index Scan", "Parent Relationship": "Outer", "Scan Direction": "Forward", "Index Name": "movie_id_movie_companies", "Relation Name": "movie_companies", "Alias": "mc", "Startup Cost": 10000000000.0, "Total Cost": 1000014356510.13, "Plan Rows": 36426, "Plan Width": 8, "Filter": "(((note)::text ~~ '%(Japan)%'::text) AND ((note)::text !~~ '%(USA)%'::text))"}, {"Node Type": "Materialize", "Parent Relationship": "Inner", "Startup Cost": 10000000000.0, "Total Cost": 1000001050170.42, "Plan Rows": 6290, "Plan Width": 4, "Plans": [{"Node Type": "Index Scan", "Parent Relationship": "Outer", "Scan Direction": "Forward", "Index Name": "company_name_pkey", "Relation Name": "company_name", "Alias": "cn", "Startup Cost": 10000000000.0, "Total Cost": 1000001050138.97, "Plan Rows": 6290, "Plan Width": 4, "Filter": "((country_code)::text = '[jp]'::text)"}]}]}, {"Node Type": "Materialize", "Parent Relationship": "Inner", "Startup Cost": 10000000000.0, "Total Cost": 1000143218822.96, "Plan Rows": 96692, "Plan Width": 12, "Plans": [{"Node Type": "Index Scan", "Parent Relationship": "Outer", "Scan Direction": "Forward", "Index Name": "role_id_cast_info", "Relation Name": "cast_info", "Alias": "ci", "Startup Cost": 10000000000.0, "Total Cost": 1000143218339.5, "Plan Rows": 96692, "Plan Width": 12, "Filter": "((note)::text = '(voice: English version)'::text)"}]}]}, {"Node Type": "Materialize", "Parent Relationship": "Inner", "Startup Cost": 10000000000.0, "Total Cost": 1000000001246.0, "Plan Rows": 1, "Plan Width": 4, "Plans": [{"Node Type": "Index Scan", "Parent Relationship": "Outer", "Scan Direction": "Forward", "Index Name": "role_type_pkey", "Relation Name": "role_type", "Alias": "rt", "Startup Cost": 10000000000.0, "Total Cost": 1000000001246.0, "Plan Rows": 1, "Plan Width": 4, "Filter": "((role)::text = 'actress'::text)"}]}]}, {"Node Type": "Materialize", "Parent Relationship": "Inner", "Startup Cost": 10000000000.0, "Total Cost": 1000019707089.13, "Plan Rows": 13886, "Plan Width": 4, "Plans": [{"Node Type": "Index Scan", "Parent Relationship": "Outer", "Scan Direction": "Forward", "Index Name": "name_pkey", "Relation Name": "name", "Alias": "n1", "Startup Cost": 10000000000.0, "Total Cost": 1000019707019.7, "Plan Rows": 13886, "Plan Width": 4, "Filter": "(((name)::text ~~ '%Yo%'::text) AND ((name)::text !~~ '%Yu%'::text))"}]}]}, {"Node Type": "Materialize", "Parent Relationship": "Inner", "Startup Cost": 10000000000.0, "Total Cost": 1000006901010.14, "Plan Rows": 901342, "Plan Width": 20, "Plans": [{"Node Type": "Index Scan", "Parent Relationship": "Outer", "Scan Direction": "Forward", "Index Name": "person_id_aka_name", "Relation Name": "aka_name", "Alias": "an1", "Startup Cost": 10000000000.0, "Total Cost": 1000006896503.43, "Plan Rows": 901342, "Plan Width": 20}]}]}]}]}]}, "Unique SQL Id": 3544391839, "Planner Runtime": 4}, "explain_analyze_plan": null}, "(16, 0)": {"explain_plan": {"Plan": {"Node Type": "Aggregate", "Strategy": "Plain", "Startup Cost": 54688.41, "Total Cost": 54688.42, "Plan Rows": 1, "Plan Width": 97, "Plans": [{"Node Type": "Nested Loop", "Parent Relationship": "Outer", "Join Type": "Inner", "Startup Cost": 5982.08, "Total Cost": 54685.18, "Plan Rows": 646, "Plan Width": 33, "Inner Unique": true, "Plans": [{"Node Type": "Nested Loop", "Parent Relationship": "Outer", "Join Type": "Inner", "Startup Cost": 5982.08, "Total Cost": 54309.64, "Plan Rows": 645, "Plan Width": 41, "Inner Unique": false, "Plans": [{"Node Type": "Nested Loop", "Parent Relationship": "Outer", "Join Type": "Inner", "Startup Cost": 5982.08, "Total Cost": 53855.43, "Plan Rows": 532, "Plan Width": 21, "Inner Unique": false, "Join Filter": "(ci.role_id = rt.id)", "Plans": [{"Node Type": "Seq Scan", "Parent Relationship": "Outer", "Relation Name": "role_type", "Alias": "rt", "Startup Cost": 0.0, "Total Cost": 1.15, "Plan Rows": 1, "Plan Width": 4, "Filter": "((role)::text = 'actress'::text)"}, {"Node Type": "Materialize", "Parent Relationship": "Inner", "Startup Cost": 5982.08, "Total Cost": 53795.81, "Plan Rows": 5847, "Plan Width": 25, "Plans": [{"Node Type": "Nested Loop", "Parent Relationship": "Outer", "Join Type": "Inner", "Startup Cost": 5982.08, "Total Cost": 53781.19, "Plan Rows": 5847, "Plan Width": 25, "Inner Unique": false, "Plans": [{"Node Type": "Nested Loop", "Parent Relationship": "Outer", "Join Type": "Inner", "Startup Cost": 5982.08, "Total Cost": 48038.6, "Plan Rows": 5775, "Plan Width": 25, "Inner Unique": true, "Plans": [{"Node Type": "Hash Join", "Parent Relationship": "Outer", "Join Type": "Inner", "Startup Cost": 5982.08, "Total Cost": 25391.5, "Plan Rows": 5775, "Plan Width": 4, "Inner Unique": true, "Hash Cond": "(mc.company_id = cn.id)", "Plans": [{"Node Type": "Streaming(type: LOCAL GATHER dop: 1/16)", "Parent Relationship": "Outer", "Startup Cost": 0.0, "Total Cost": 19215.08, "Plan Rows": 36426, "Plan Width": 8, "Plans": [{"Node Type": "Seq Scan", "Parent Relationship": "Outer", "Relation Name": "movie_companies", "Alias": "mc", "Startup Cost": 0.0, "Total Cost": 18428.93, "Plan Rows": 36426, "Plan Width": 8, "Filter": "(((note)::text ~~ '%(Japan)%'::text) AND ((note)::text !~~ '%(USA)%'::text))"}]}, {"Node Type": "Hash", "Parent Relationship": "Inner", "Startup Cost": 5903.45, "Total Cost": 5903.45, "Plan Rows": 6290, "Plan Width": 4, "Plans": [{"Node Type": "Seq Scan", "Parent Relationship": "Outer", "Relation Name": "company_name", "Alias": "cn", "Startup Cost": 0.0, "Total Cost": 5903.45, "Plan Rows": 6290, "Plan Width": 4, "Filter": "((country_code)::text = '[jp]'::text)"}]}]}, {"Node Type": "Index Scan", "Parent Relationship": "Inner", "Scan Direction": "Forward", "Index Name": "title_pkey", "Relation Name": "title", "Alias": "t", "Startup Cost": 0.0, "Total Cost": 3.91, "Plan Rows": 1, "Plan Width": 21, "Index Cond": "(id = mc.movie_id)"}]}, {"Node Type": "Index Scan", "Parent Relationship": "Inner", "Scan Direction": "Forward", "Index Name": "movie_id_cast_info", "Relation Name": "cast_info", "Alias": "ci", "Startup Cost": 0.0, "Total Cost": 0.98, "Plan Rows": 1, "Plan Width": 12, "Index Cond": "(movie_id = t.id)", "Filter": "((note)::text = '(voice: English version)'::text)"}]}]}]}, {"Node Type": "Index Scan", "Parent Relationship": "Inner", "Scan Direction": "Forward", "Index Name": "person_id_aka_name", "Relation Name": "aka_name", "Alias": "an1", "Startup Cost": 0.0, "Total Cost": 0.84, "Plan Rows": 1, "Plan Width": 20, "Index Cond": "(person_id = ci.person_id)"}]}, {"Node Type": "Index Scan", "Parent Relationship": "Inner", "Scan Direction": "Forward", "Index Name": "name_pkey", "Relation Name": "name", "Alias": "n1", "Startup Cost": 0.0, "Total Cost": 0.57, "Plan Rows": 1, "Plan Width": 4, "Index Cond": "(id = an1.person_id)", "Filter": "(((name)::text ~~ '%Yo%'::text) AND ((name)::text !~~ '%Yu%'::text))"}]}]}, "Unique SQL Id": 3544391839, "Planner Runtime": 58}, "explain_analyze_plan": {"Plan": {"Node Type": "Aggregate", "Strategy": "Plain", "Startup Cost": 54688.41, "Total Cost": 54688.42, "Plan Rows": 1, "Plan Width": 97, "Actual Min Startup Time": 2985.685, "Actual Max Startup Time": 2985.685, "Actual Min Total Time": 2985.685, "Actual Max Total Time": 2985.685, "Plans": [{"Node Type": "Nested Loop", "Parent Relationship": "Outer", "Join Type": "Inner", "Startup Cost": 5982.08, "Total Cost": 54685.18, "Plan Rows": 646, "Plan Width": 33, "Actual Min Startup Time": 2895.855, "Actual Max Startup Time": 2895.855, "Actual Min Total Time": 2985.577, "Actual Max Total Time": 2985.577, "Inner Unique": true, "Plans": [{"Node Type": "Nested Loop", "Parent Relationship": "Outer", "Join Type": "Inner", "Startup Cost": 5982.08, "Total Cost": 54309.64, "Plan Rows": 645, "Plan Width": 41, "Actual Min Startup Time": 2871.517, "Actual Max Startup Time": 2871.517, "Actual Min Total Time": 2919.785, "Actual Max Total Time": 2919.785, "Inner Unique": false, "Plans": [{"Node Type": "Nested Loop", "Parent Relationship": "Outer", "Join Type": "Inner", "Startup Cost": 5982.08, "Total Cost": 53855.43, "Plan Rows": 532, "Plan Width": 21, "Actual Min Startup Time": 2871.467, "Actual Max Startup Time": 2871.467, "Actual Min Total Time": 2880.704, "Actual Max Total Time": 2880.704, "Inner Unique": false, "Join Filter": "(ci.role_id = rt.id)", "Rows Removed by Join Filter": 12162, "Plans": [{"Node Type": "Seq Scan", "Parent Relationship": "Outer", "Relation Name": "role_type", "Alias": "rt", "Startup Cost": 0.0, "Total Cost": 1.15, "Plan Rows": 1, "Plan Width": 4, "Actual Min Startup Time": 0.076, "Actual Max Startup Time": 0.076, "Actual Min Total Time": 0.084, "Actual Max Total Time": 0.084, "Filter": "((role)::text = 'actress'::text)", "Rows Removed by Filter": 11, "Actual Rows": 1}, {"Node Type": "Materialize", "Parent Relationship": "Inner", "Startup Cost": 5982.08, "Total Cost": 53795.81, "Plan Rows": 5847, "Plan Width": 25, "Actual Min Startup Time": 2871.362, "Actual Max Startup Time": 2871.362, "Actual Min Total Time": 2874.376, "Actual Max Total Time": 2874.376, "Plans": [{"Node Type": "Nested Loop", "Parent Relationship": "Outer", "Join Type": "Inner", "Startup Cost": 5982.08, "Total Cost": 53781.19, "Plan Rows": 5847, "Plan Width": 25, "Actual Min Startup Time": 91.393, "Actual Max Startup Time": 91.393, "Actual Min Total Time": 2864.734, "Actual Max Total Time": 2864.734, "Inner Unique": false, "Plans": [{"Node Type": "Nested Loop", "Parent Relationship": "Outer", "Join Type": "Inner", "Startup Cost": 5982.08, "Total Cost": 48038.6, "Plan Rows": 5775, "Plan Width": 25, "Actual Min Startup Time": 85.162, "Actual Max Startup Time": 85.162, "Actual Min Total Time": 372.0, "Actual Max Total Time": 372.0, "Inner Unique": true, "Plans": [{"Node Type": "Hash Join", "Parent Relationship": "Outer", "Join Type": "Inner", "Startup Cost": 5982.08, "Total Cost": 25391.5, "Plan Rows": 5775, "Plan Width": 4, "Actual Min Startup Time": 85.11, "Actual Max Startup Time": 85.11, "Actual Min Total Time": 140.174, "Actual Max Total Time": 140.174, "Inner Unique": true, "Hash Cond": "(mc.company_id = cn.id)", "Plans": [{"Node Type": "Streaming(type: LOCAL GATHER dop: 1/16)", "Parent Relationship": "Outer", "Startup Cost": 0.0, "Total Cost": 19215.08, "Plan Rows": 36426, "Plan Width": 8, "Actual Min Startup Time": 0.075, "Actual Max Startup Time": 0.075, "Actual Min Total Time": 22.443, "Actual Max Total Time": 22.443, "Plans": [{"Node Type": "Seq Scan", "Parent Relationship": "Outer", "Relation Name": "movie_companies", "Alias": "mc", "Startup Cost": 0.0, "Total Cost": 18428.93, "Plan Rows": 36426, "Plan Width": 8, "Actual Min Startup Time": 0.036, "Actual Max Startup Time": 0.369, "Actual Min Total Time": 53.739, "Actual Max Total Time": 61.377, "Filter": "(((note)::text ~~ '%(Japan)%'::text) AND ((note)::text !~~ '%(USA)%'::text))", "Rows Removed by Filter": 2560231, "Actual Rows": 48897}], "Actual Rows": 48897}, {"Node Type": "Hash", "Parent Relationship": "Inner", "Startup Cost": 5903.45, "Total Cost": 5903.45, "Plan Rows": 6290, "Plan Width": 4, "Actual Min Startup Time": 84.948, "Actual Max Startup Time": 84.948, "Actual Min Total Time": 84.948, "Actual Max Total Time": 84.948, "Max Hash Buckets": 32768, "Min Hash Buckets": 32768, "Max Hash Batches": 1, "Min Hash Batches": 1, "Max Original Hash Batches": 1, "Min Original Hash Batches": 1, "Max Peak Memory Usage": 238, "min Peak Memory Usage": 238, "Plans": [{"Node Type": "Seq Scan", "Parent Relationship": "Outer", "Relation Name": "company_name", "Alias": "cn", "Startup Cost": 0.0, "Total Cost": 5903.45, "Plan Rows": 6290, "Plan Width": 4, "Actual Min Startup Time": 0.061, "Actual Max Startup Time": 0.061, "Actual Min Total Time": 82.814, "Actual Max Total Time": 82.814, "Filter": "((country_code)::text = '[jp]'::text)", "Rows Removed by Filter": 228244, "Actual Rows": 6752}], "Actual Rows": 6752}], "Actual Rows": 48328}, {"Node Type": "Index Scan", "Parent Relationship": "Inner", "Scan Direction": "Forward", "Index Name": "title_pkey", "Relation Name": "title", "Alias": "t", "Startup Cost": 0.0, "Total Cost": 3.91, "Plan Rows": 1, "Plan Width": 21, "Actual Min Startup Time": 191.642, "Actual Max Startup Time": 191.642, "Actual Min Total Time": 191.642, "Actual Max Total Time": 191.642, "Index Cond": "(id = mc.movie_id)", "Rows Removed by Index Recheck": 0, "Actual Rows": 48328}], "Actual Rows": 48328}, {"Node Type": "Index Scan", "Parent Relationship": "Inner", "Scan Direction": "Forward", "Index Name": "movie_id_cast_info", "Relation Name": "cast_info", "Alias": "ci", "Startup Cost": 0.0, "Total Cost": 0.98, "Plan Rows": 1, "Plan Width": 12, "Actual Min Startup Time": 2350.275, "Actual Max Startup Time": 2350.275, "Actual Min Total Time": 2462.826, "Actual Max Total Time": 2462.826, "Index Cond": "(movie_id = t.id)", "Rows Removed by Index Recheck": 0, "Filter": "((note)::text = '(voice: English version)'::text)", "Rows Removed by Filter": 1531710, "Actual Rows": 19600}], "Actual Rows": 19600}], "Actual Rows": 19601}], "Actual Rows": 7438}, {"Node Type": "Index Scan", "Parent Relationship": "Inner", "Scan Direction": "Forward", "Index Name": "person_id_aka_name", "Relation Name": "aka_name", "Alias": "an1", "Startup Cost": 0.0, "Total Cost": 0.84, "Plan Rows": 1, "Plan Width": 20, "Actual Min Startup Time": 23.882, "Actual Max Startup Time": 23.882, "Actual Min Total Time": 30.754, "Actual Max Total Time": 30.754, "Index Cond": "(person_id = ci.person_id)", "Rows Removed by Index Recheck": 0, "Actual Rows": 17379}], "Actual Rows": 17379}, {"Node Type": "Index Scan", "Parent Relationship": "Inner", "Scan Direction": "Forward", "Index Name": "name_pkey", "Relation Name": "name", "Alias": "n1", "Startup Cost": 0.0, "Total Cost": 0.57, "Plan Rows": 1, "Plan Width": 4, "Actual Min Startup Time": 57.064, "Actual Max Startup Time": 57.064, "Actual Min Total Time": 57.064, "Actual Max Total Time": 57.064, "Index Cond": "(id = an1.person_id)", "Rows Removed by Index Recheck": 0, "Filter": "(((name)::text ~~ '%Yo%'::text) AND ((name)::text !~~ '%Yu%'::text))", "Rows Removed by Filter": 17317, "Actual Rows": 62}], "Actual Rows": 62}], "Actual Rows": 1}, "Triggers": [], "Planner Runtime": 57, "Total Runtime": 2988.694, "Unique SQL Id": 3544391839}}, "(16, 1)": {"explain_plan": {"Plan": {"Node Type": "Aggregate", "Strategy": "Plain", "Startup Cost": 109008.11, "Total Cost": 109008.12, "Plan Rows": 1, "Plan Width": 97, "Plans": [{"Node Type": "Nested Loop", "Parent Relationship": "Outer", "Join Type": "Inner", "Startup Cost": 2780.8, "Total Cost": 109007.63, "Plan Rows": 96, "Plan Width": 33, "Inner Unique": true, "Plans": [{"Node Type": "Nested Loop", "Parent Relationship": "Outer", "Join Type": "Inner", "Startup Cost": 2780.8, "Total Cost": 108632.09, "Plan Rows": 645, "Plan Width": 41, "Inner Unique": false, "Plans": [{"Node Type": "Nested Loop", "Parent Relationship": "Outer", "Join Type": "Inner", "Startup Cost": 2780.8, "Total Cost": 108177.88, "Plan Rows": 532, "Plan Width": 21, "Inner Unique": false, "Join Filter": "(ci.role_id = rt.id)", "Plans": [{"Node Type": "Index Scan", "Parent Relationship": "Outer", "Scan Direction": "Forward", "Index Name": "role_type_pkey", "Relation Name": "role_type", "Alias": "rt", "Startup Cost": 0.0, "Total Cost": 12.46, "Plan Rows": 1, "Plan Width": 4, "Filter": "((role)::text = 'actress'::text)"}, {"Node Type": "Nested Loop", "Parent Relationship": "Inner", "Join Type": "Inner", "Startup Cost": 2780.8, "Total Cost": 108092.33, "Plan Rows": 5847, "Plan Width": 25, "Inner Unique": false, "Plans": [{"Node Type": "Nested Loop", "Parent Relationship": "Outer", "Join Type": "Inner", "Startup Cost": 2780.8, "Total Cost": 102349.74, "Plan Rows": 5775, "Plan Width": 25, "Inner Unique": true, "Plans": [{"Node Type": "Nested Loop", "Parent Relationship": "Outer", "Join Type": "Inner", "Startup Cost": 2780.8, "Total Cost": 79702.64, "Plan Rows": 5775, "Plan Width": 4, "Inner Unique": false, "Plans": [{"Node Type": "Bitmap Heap Scan", "Parent Relationship": "Outer", "Relation Name": "company_name", "Alias": "cn", "Startup Cost": 2780.8, "Total Cost": 8684.25, "Plan Rows": 6290, "Plan Width": 4, "Filter": "((country_code)::text = '[jp]'::text)", "Plans": [{"Node Type": "Bitmap Index Scan", "Parent Relationship": "Outer", "Index Name": "company_name_pkey", "Startup Cost": 0.0, "Total Cost": 2779.23, "Plan Rows": 234996, "Plan Width": 0}]}, {"Node Type": "Index Scan", "Parent Relationship": "Inner", "Scan Direction": "Forward", "Index Name": "company_id_movie_companies", "Relation Name": "movie_companies", "Alias": "mc", "Startup Cost": 0.0, "Total Cost": 11.28, "Plan Rows": 1, "Plan Width": 8, "Index Cond": "(company_id = cn.id)", "Filter": "(((note)::text ~~ '%(Japan)%'::text) AND ((note)::text !~~ '%(USA)%'::text))"}]}, {"Node Type": "Index Scan", "Parent Relationship": "Inner", "Scan Direction": "Forward", "Index Name": "title_pkey", "Relation Name": "title", "Alias": "t", "Startup Cost": 0.0, "Total Cost": 3.91, "Plan Rows": 1, "Plan Width": 21, "Index Cond": "(id = mc.movie_id)"}]}, {"Node Type": "Index Scan", "Parent Relationship": "Inner", "Scan Direction": "Forward", "Index Name": "movie_id_cast_info", "Relation Name": "cast_info", "Alias": "ci", "Startup Cost": 0.0, "Total Cost": 0.98, "Plan Rows": 1, "Plan Width": 12, "Index Cond": "(movie_id = t.id)", "Filter": "((note)::text = '(voice: English version)'::text)"}]}]}, {"Node Type": "Index Scan", "Parent Relationship": "Inner", "Scan Direction": "Forward", "Index Name": "person_id_aka_name", "Relation Name": "aka_name", "Alias": "an1", "Startup Cost": 0.0, "Total Cost": 0.84, "Plan Rows": 1, "Plan Width": 20, "Index Cond": "(person_id = ci.person_id)"}]}, {"Node Type": "Index Scan", "Parent Relationship": "Inner", "Scan Direction": "Forward", "Index Name": "name_pkey", "Relation Name": "name", "Alias": "n1", "Startup Cost": 0.0, "Total Cost": 0.57, "Plan Rows": 1, "Plan Width": 4, "Index Cond": "(id = an1.person_id)", "Filter": "(((name)::text ~~ '%Yo%'::text) AND ((name)::text !~~ '%Yu%'::text))"}]}]}, "Unique SQL Id": 3544391839, "Planner Runtime": 37}, "explain_analyze_plan": {"Plan": {"Node Type": "Aggregate", "Strategy": "Plain", "Startup Cost": 109008.11, "Total Cost": 109008.12, "Plan Rows": 1, "Plan Width": 97, "Actual Startup Time": 3457.889, "Actual Total Time": 3457.89, "Actual Rows": 1, "Actual Loops": 1, "Plans": [{"Node Type": "Nested Loop", "Parent Relationship": "Outer", "Join Type": "Inner", "Startup Cost": 2780.8, "Total Cost": 109007.63, "Plan Rows": 96, "Plan Width": 33, "Actual Startup Time": 282.633, "Actual Total Time": 3457.534, "Actual Rows": 62, "Actual Loops": 1, "Inner Unique": true, "Plans": [{"Node Type": "Nested Loop", "Parent Relationship": "Outer", "Join Type": "Inner", "Startup Cost": 2780.8, "Total Cost": 108632.09, "Plan Rows": 645, "Plan Width": 41, "Actual Startup Time": 32.871, "Actual Total Time": 3382.439, "Actual Rows": 17379, "Actual Loops": 1, "Inner Unique": false, "Plans": [{"Node Type": "Nested Loop", "Parent Relationship": "Outer", "Join Type": "Inner", "Startup Cost": 2780.8, "Total Cost": 108177.88, "Plan Rows": 532, "Plan Width": 21, "Actual Startup Time": 32.852, "Actual Total Time": 3329.471, "Actual Rows": 7438, "Actual Loops": 1, "Inner Unique": false, "Join Filter": "(ci.role_id = rt.id)", "Rows Removed by Join Filter": 12162, "Plans": [{"Node Type": "Index Scan", "Parent Relationship": "Outer", "Scan Direction": "Forward", "Index Name": "role_type_pkey", "Relation Name": "role_type", "Alias": "rt", "Startup Cost": 0.0, "Total Cost": 12.46, "Plan Rows": 1, "Plan Width": 4, "Actual Startup Time": 0.032, "Actual Total Time": 0.047, "Actual Rows": 1, "Actual Loops": 1, "Filter": "((role)::text = 'actress'::text)", "Rows Removed by Filter": 11}, {"Node Type": "Nested Loop", "Parent Relationship": "Inner", "Join Type": "Inner", "Startup Cost": 2780.8, "Total Cost": 108092.33, "Plan Rows": 5847, "Plan Width": 25, "Actual Startup Time": 32.807, "Actual Total Time": 3324.016, "Actual Rows": 19600, "Actual Loops": 1, "Inner Unique": false, "Plans": [{"Node Type": "Nested Loop", "Parent Relationship": "Outer", "Join Type": "Inner", "Startup Cost": 2780.8, "Total Cost": 102349.74, "Plan Rows": 5775, "Plan Width": 25, "Actual Startup Time": 32.741, "Actual Total Time": 721.498, "Actual Rows": 48328, "Actual Loops": 1, "Inner Unique": true, "Plans": [{"Node Type": "Nested Loop", "Parent Relationship": "Outer", "Join Type": "Inner", "Startup Cost": 2780.8, "Total Cost": 79702.64, "Plan Rows": 5775, "Plan Width": 4, "Actual Startup Time": 32.725, "Actual Total Time": 431.181, "Actual Rows": 48328, "Actual Loops": 1, "Inner Unique": false, "Plans": [{"Node Type": "Bitmap Heap Scan", "Parent Relationship": "Outer", "Relation Name": "company_name", "Alias": "cn", "Startup Cost": 2780.8, "Total Cost": 8684.25, "Plan Rows": 6290, "Plan Width": 4, "Actual Startup Time": 32.61, "Actual Total Time": 166.367, "Actual Rows": 6752, "Actual Loops": 1, "Filter": "((country_code)::text = '[jp]'::text)", "Rows Removed by Filter": 228244, "Exact Heap Blocks": 2966, "Lossy Heap Blocks": 2966, "Plans": [{"Node Type": "Bitmap Index Scan", "Parent Relationship": "Outer", "Index Name": "company_name_pkey", "Startup Cost": 0.0, "Total Cost": 2779.23, "Plan Rows": 234996, "Plan Width": 0, "Actual Startup Time": 32.108, "Actual Total Time": 32.108, "Actual Rows": 234996, "Actual Loops": 1}]}, {"Node Type": "Index Scan", "Parent Relationship": "Inner", "Scan Direction": "Forward", "Index Name": "company_id_movie_companies", "Relation Name": "movie_companies", "Alias": "mc", "Startup Cost": 0.0, "Total Cost": 11.28, "Plan Rows": 1, "Plan Width": 8, "Actual Startup Time": 90.596, "Actual Total Time": 248.139, "Actual Rows": 48328, "Actual Loops": 6752, "Index Cond": "(company_id = cn.id)", "Rows Removed by Index Recheck": 0, "Filter": "(((note)::text ~~ '%(Japan)%'::text) AND ((note)::text !~~ '%(USA)%'::text))", "Rows Removed by Filter": 56667}]}, {"Node Type": "Index Scan", "Parent Relationship": "Inner", "Scan Direction": "Forward", "Index Name": "title_pkey", "Relation Name": "title", "Alias": "t", "Startup Cost": 0.0, "Total Cost": 3.91, "Plan Rows": 1, "Plan Width": 21, "Actual Startup Time": 246.485, "Actual Total Time": 246.485, "Actual Rows": 48328, "Actual Loops": 48328, "Index Cond": "(id = mc.movie_id)", "Rows Removed by Index Recheck": 0}]}, {"Node Type": "Index Scan", "Parent Relationship": "Inner", "Scan Direction": "Forward", "Index Name": "movie_id_cast_info", "Relation Name": "cast_info", "Alias": "ci", "Startup Cost": 0.0, "Total Cost": 0.98, "Plan Rows": 1, "Plan Width": 12, "Actual Startup Time": 2454.423, "Actual Total Time": 2571.268, "Actual Rows": 19600, "Actual Loops": 48328, "Index Cond": "(movie_id = t.id)", "Rows Removed by Index Recheck": 0, "Filter": "((note)::text = '(voice: English version)'::text)", "Rows Removed by Filter": 1531710}]}]}, {"Node Type": "Index Scan", "Parent Relationship": "Inner", "Scan Direction": "Forward", "Index Name": "person_id_aka_name", "Relation Name": "aka_name", "Alias": "an1", "Startup Cost": 0.0, "Total Cost": 0.84, "Plan Rows": 1, "Plan Width": 20, "Actual Startup Time": 35.512, "Actual Total Time": 43.978, "Actual Rows": 17379, "Actual Loops": 7438, "Index Cond": "(person_id = ci.person_id)", "Rows Removed by Index Recheck": 0}]}, {"Node Type": "Index Scan", "Parent Relationship": "Inner", "Scan Direction": "Forward", "Index Name": "name_pkey", "Relation Name": "name", "Alias": "n1", "Startup Cost": 0.0, "Total Cost": 0.57, "Plan Rows": 1, "Plan Width": 4, "Actual Startup Time": 66.089, "Actual Total Time": 66.089, "Actual Rows": 62, "Actual Loops": 17379, "Index Cond": "(id = an1.person_id)", "Rows Removed by Index Recheck": 0, "Filter": "(((name)::text ~~ '%Yo%'::text) AND ((name)::text !~~ '%Yu%'::text))", "Rows Removed by Filter": 17317}]}]}, "Triggers": [], "Planner Runtime": 26, "Total Runtime": 3458.428, "Unique SQL Id": 3544391839}}, "(16, 2)": {"explain_plan": {"Plan": {"Node Type": "Aggregate", "Strategy": "Plain", "Startup Cost": 87864.29, "Total Cost": 87864.3, "Plan Rows": 1, "Plan Width": 97, "Plans": [{"Node Type": "Nested Loop", "Parent Relationship": "Outer", "Join Type": "Inner", "Startup Cost": 5984.57, "Total Cost": 87861.06, "Plan Rows": 646, "Plan Width": 33, "Inner Unique": true, "Plans": [{"Node Type": "Nested Loop", "Parent Relationship": "Outer", "Join Type": "Inner", "Startup Cost": 5984.25, "Total Cost": 85052.47, "Plan Rows": 645, "Plan Width": 41, "Inner Unique": false, "Plans": [{"Node Type": "Nested Loop", "Parent Relationship": "Outer", "Join Type": "Inner", "Startup Cost": 5983.86, "Total Cost": 82709.91, "Plan Rows": 532, "Plan Width": 21, "Inner Unique": false, "Join Filter": "(ci.role_id = rt.id)", "Plans": [{"Node Type": "Seq Scan", "Parent Relationship": "Outer", "Relation Name": "role_type", "Alias": "rt", "Startup Cost": 0.0, "Total Cost": 1.15, "Plan Rows": 1, "Plan Width": 4, "Filter": "((role)::text = 'actress'::text)"}, {"Node Type": "Materialize", "Parent Relationship": "Inner", "Startup Cost": 5983.86, "Total Cost": 82650.29, "Plan Rows": 5847, "Plan Width": 25, "Plans": [{"Node Type": "Nested Loop", "Parent Relationship": "Outer", "Join Type": "Inner", "Startup Cost": 5983.86, "Total Cost": 82635.67, "Plan Rows": 5847, "Plan Width": 25, "Inner Unique": false, "Plans": [{"Node Type": "Nested Loop", "Parent Relationship": "Outer", "Join Type": "Inner", "Startup Cost": 5983.35, "Total Cost": 55977.85, "Plan Rows": 5775, "Plan Width": 25, "Inner Unique": true, "Plans": [{"Node Type": "Hash Join", "Parent Relationship": "Outer", "Join Type": "Inner", "Startup Cost": 5982.08, "Total Cost": 25391.5, "Plan Rows": 5775, "Plan Width": 4, "Inner Unique": true, "Hash Cond": "(mc.company_id = cn.id)", "Plans": [{"Node Type": "Streaming(type: LOCAL GATHER dop: 1/16)", "Parent Relationship": "Outer", "Startup Cost": 0.0, "Total Cost": 19215.08, "Plan Rows": 36426, "Plan Width": 8, "Plans": [{"Node Type": "Seq Scan", "Parent Relationship": "Outer", "Relation Name": "movie_companies", "Alias": "mc", "Startup Cost": 0.0, "Total Cost": 18428.93, "Plan Rows": 36426, "Plan Width": 8, "Filter": "(((note)::text ~~ '%(Japan)%'::text) AND ((note)::text !~~ '%(USA)%'::text))"}]}, {"Node Type": "Hash", "Parent Relationship": "Inner", "Startup Cost": 5903.45, "Total Cost": 5903.45, "Plan Rows": 6290, "Plan Width": 4, "Plans": [{"Node Type": "Seq Scan", "Parent Relationship": "Outer", "Relation Name": "company_name", "Alias": "cn", "Startup Cost": 0.0, "Total Cost": 5903.45, "Plan Rows": 6290, "Plan Width": 4, "Filter": "((country_code)::text = '[jp]'::text)"}]}]}, {"Node Type": "Bitmap Heap Scan", "Parent Relationship": "Inner", "Relation Name": "title", "Alias": "t", "Startup Cost": 1.27, "Total Cost": 5.29, "Plan Rows": 1, "Plan Width": 21, "Recheck Cond": "(id = mc.movie_id)", "Plans": [{"Node Type": "Bitmap Index Scan", "Parent Relationship": "Outer", "Index Name": "title_pkey", "Startup Cost": 0.0, "Total Cost": 1.27, "Plan Rows": 1, "Plan Width": 0, "Index Cond": "(id = mc.movie_id)"}]}]}, {"Node Type": "Bitmap Heap Scan", "Parent Relationship": "Inner", "Relation Name": "cast_info", "Alias": "ci", "Startup Cost": 0.52, "Total Cost": 4.61, "Plan Rows": 1, "Plan Width": 12, "Recheck Cond": "(movie_id = t.id)", "Filter": "((note)::text = '(voice: English version)'::text)", "Plans": [{"Node Type": "Bitmap Index Scan", "Parent Relationship": "Outer", "Index Name": "movie_id_cast_info", "Startup Cost": 0.0, "Total Cost": 0.52, "Plan Rows": 6, "Plan Width": 0, "Index Cond": "(movie_id = t.id)"}]}]}]}]}, {"Node Type": "Bitmap Heap Scan", "Parent Relationship": "Inner", "Relation Name": "aka_name", "Alias": "an1", "Startup Cost": 0.38, "Total Cost": 4.39, "Plan Rows": 1, "Plan Width": 20, "Recheck Cond": "(person_id = ci.person_id)", "Plans": [{"Node Type": "Bitmap Index Scan", "Parent Relationship": "Outer", "Index Name": "person_id_aka_name", "Startup Cost": 0.0, "Total Cost": 0.38, "Plan Rows": 1, "Plan Width": 0, "Index Cond": "(person_id = ci.person_id)"}]}]}, {"Node Type": "Bitmap Heap Scan", "Parent Relationship": "Inner", "Relation Name": "name", "Alias": "n1", "Startup Cost": 0.33, "Total Cost": 4.34, "Plan Rows": 1, "Plan Width": 4, "Recheck Cond": "(id = an1.person_id)", "Filter": "(((name)::text ~~ '%Yo%'::text) AND ((name)::text !~~ '%Yu%'::text))", "Plans": [{"Node Type": "Bitmap Index Scan", "Parent Relationship": "Outer", "Index Name": "name_pkey", "Startup Cost": 0.0, "Total Cost": 0.33, "Plan Rows": 1, "Plan Width": 0, "Index Cond": "(id = an1.person_id)"}]}]}]}, "Unique SQL Id": 3544391839, "Planner Runtime": 100}, "explain_analyze_plan": {"Plan": {"Node Type": "Aggregate", "Strategy": "Plain", "Startup Cost": 87864.29, "Total Cost": 87864.3, "Plan Rows": 1, "Plan Width": 97, "Actual Min Startup Time": 4168.893, "Actual Max Startup Time": 4168.893, "Actual Min Total Time": 4168.894, "Actual Max Total Time": 4168.894, "Plans": [{"Node Type": "Nested Loop", "Parent Relationship": "Outer", "Join Type": "Inner", "Startup Cost": 5984.57, "Total Cost": 87861.06, "Plan Rows": 646, "Plan Width": 33, "Actual Min Startup Time": 4044.828, "Actual Max Startup Time": 4044.828, "Actual Min Total Time": 4168.776, "Actual Max Total Time": 4168.776, "Inner Unique": true, "Plans": [{"Node Type": "Nested Loop", "Parent Relationship": "Outer", "Join Type": "Inner", "Startup Cost": 5984.25, "Total Cost": 85052.47, "Plan Rows": 645, "Plan Width": 41, "Actual Min Startup Time": 4011.43, "Actual Max Startup Time": 4011.43, "Actual Min Total Time": 4073.455, "Actual Max Total Time": 4073.455, "Inner Unique": false, "Plans": [{"Node Type": "Nested Loop", "Parent Relationship": "Outer", "Join Type": "Inner", "Startup Cost": 5983.86, "Total Cost": 82709.91, "Plan Rows": 532, "Plan Width": 21, "Actual Min Startup Time": 4011.401, "Actual Max Startup Time": 4011.401, "Actual Min Total Time": 4021.721, "Actual Max Total Time": 4021.721, "Inner Unique": false, "Join Filter": "(ci.role_id = rt.id)", "Rows Removed by Join Filter": 12162, "Plans": [{"Node Type": "Seq Scan", "Parent Relationship": "Outer", "Relation Name": "role_type", "Alias": "rt", "Startup Cost": 0.0, "Total Cost": 1.15, "Plan Rows": 1, "Plan Width": 4, "Actual Min Startup Time": 0.037, "Actual Max Startup Time": 0.037, "Actual Min Total Time": 0.046, "Actual Max Total Time": 0.046, "Filter": "((role)::text = 'actress'::text)", "Rows Removed by Filter": 11, "Actual Rows": 1}, {"Node Type": "Materialize", "Parent Relationship": "Inner", "Startup Cost": 5983.86, "Total Cost": 82650.29, "Plan Rows": 5847, "Plan Width": 25, "Actual Min Startup Time": 4011.337, "Actual Max Startup Time": 4011.337, "Actual Min Total Time": 4015.032, "Actual Max Total Time": 4015.032, "Plans": [{"Node Type": "Nested Loop", "Parent Relationship": "Outer", "Join Type": "Inner", "Startup Cost": 5983.86, "Total Cost": 82635.67, "Plan Rows": 5847, "Plan Width": 25, "Actual Min Startup Time": 93.596, "Actual Max Startup Time": 93.596, "Actual Min Total Time": 4004.823, "Actual Max Total Time": 4004.823, "Inner Unique": false, "Plans": [{"Node Type": "Nested Loop", "Parent Relationship": "Outer", "Join Type": "Inner", "Startup Cost": 5983.35, "Total Cost": 55977.85, "Plan Rows": 5775, "Plan Width": 25, "Actual Min Startup Time": 84.937, "Actual Max Startup Time": 84.937, "Actual Min Total Time": 493.268, "Actual Max Total Time": 493.268, "Inner Unique": true, "Plans": [{"Node Type": "Hash Join", "Parent Relationship": "Outer", "Join Type": "Inner", "Startup Cost": 5982.08, "Total Cost": 25391.5, "Plan Rows": 5775, "Plan Width": 4, "Actual Min Startup Time": 84.859, "Actual Max Startup Time": 84.859, "Actual Min Total Time": 143.219, "Actual Max Total Time": 143.219, "Inner Unique": true, "Hash Cond": "(mc.company_id = cn.id)", "Plans": [{"Node Type": "Streaming(type: LOCAL GATHER dop: 1/16)", "Parent Relationship": "Outer", "Startup Cost": 0.0, "Total Cost": 19215.08, "Plan Rows": 36426, "Plan Width": 8, "Actual Min Startup Time": 0.088, "Actual Max Startup Time": 0.088, "Actual Min Total Time": 22.29, "Actual Max Total Time": 22.29, "Plans": [{"Node Type": "Seq Scan", "Parent Relationship": "Outer", "Relation Name": "movie_companies", "Alias": "mc", "Startup Cost": 0.0, "Total Cost": 18428.93, "Plan Rows": 36426, "Plan Width": 8, "Actual Min Startup Time": 0.038, "Actual Max Startup Time": 0.363, "Actual Min Total Time": 53.649, "Actual Max Total Time": 61.522, "Filter": "(((note)::text ~~ '%(Japan)%'::text) AND ((note)::text !~~ '%(USA)%'::text))", "Rows Removed by Filter": 2560231, "Actual Rows": 48897}], "Actual Rows": 48897}, {"Node Type": "Hash", "Parent Relationship": "Inner", "Startup Cost": 5903.45, "Total Cost": 5903.45, "Plan Rows": 6290, "Plan Width": 4, "Actual Min Startup Time": 84.685, "Actual Max Startup Time": 84.685, "Actual Min Total Time": 84.685, "Actual Max Total Time": 84.685, "Max Hash Buckets": 32768, "Min Hash Buckets": 32768, "Max Hash Batches": 1, "Min Hash Batches": 1, "Max Original Hash Batches": 1, "Min Original Hash Batches": 1, "Max Peak Memory Usage": 238, "min Peak Memory Usage": 238, "Plans": [{"Node Type": "Seq Scan", "Parent Relationship": "Outer", "Relation Name": "company_name", "Alias": "cn", "Startup Cost": 0.0, "Total Cost": 5903.45, "Plan Rows": 6290, "Plan Width": 4, "Actual Min Startup Time": 0.063, "Actual Max Startup Time": 0.063, "Actual Min Total Time": 82.565, "Actual Max Total Time": 82.565, "Filter": "((country_code)::text = '[jp]'::text)", "Rows Removed by Filter": 228244, "Actual Rows": 6752}], "Actual Rows": 6752}], "Actual Rows": 48328}, {"Node Type": "Bitmap Heap Scan", "Parent Relationship": "Inner", "Relation Name": "title", "Alias": "t", "Startup Cost": 1.27, "Total Cost": 5.29, "Plan Rows": 1, "Plan Width": 21, "Actual Min Startup Time": 273.957, "Actual Max Startup Time": 273.957, "Actual Min Total Time": 273.957, "Actual Max Total Time": 273.957, "Recheck Cond": "(id = mc.movie_id)", "Rows Removed by Index Recheck": 0, "Exact Heap Blocks": 48328, "Lossy Heap Blocks": 48328, "Plans": [{"Node Type": "Bitmap Index Scan", "Parent Relationship": "Outer", "Index Name": "title_pkey", "Startup Cost": 0.0, "Total Cost": 1.27, "Plan Rows": 1, "Plan Width": 0, "Actual Min Startup Time": 149.902, "Actual Max Startup Time": 149.902, "Actual Min Total Time": 149.902, "Actual Max Total Time": 149.902, "Index Cond": "(id = mc.movie_id)", "Actual Rows": 48328}], "Actual Rows": 48328}], "Actual Rows": 48328}, {"Node Type": "Bitmap Heap Scan", "Parent Relationship": "Inner", "Relation Name": "cast_info", "Alias": "ci", "Startup Cost": 0.52, "Total Cost": 4.61, "Plan Rows": 1, "Plan Width": 12, "Actual Min Startup Time": 3303.822, "Actual Max Startup Time": 3303.822, "Actual Min Total Time": 3439.567, "Actual Max Total Time": 3439.567, "Recheck Cond": "(movie_id = t.id)", "Rows Removed by Index Recheck": 0, "Filter": "((note)::text = '(voice: English version)'::text)", "Rows Removed by Filter": 1531710, "Exact Heap Blocks": 1503105, "Lossy Heap Blocks": 1503105, "Plans": [{"Node Type": "Bitmap Index Scan", "Parent Relationship": "Outer", "Index Name": "movie_id_cast_info", "Startup Cost": 0.0, "Total Cost": 0.52, "Plan Rows": 6, "Plan Width": 0, "Actual Min Startup Time": 454.018, "Actual Max Startup Time": 454.018, "Actual Min Total Time": 454.018, "Actual Max Total Time": 454.018, "Index Cond": "(movie_id = t.id)", "Actual Rows": 1551310}], "Actual Rows": 19600}], "Actual Rows": 19600}], "Actual Rows": 19601}], "Actual Rows": 7438}, {"Node Type": "Bitmap Heap Scan", "Parent Relationship": "Inner", "Relation Name": "aka_name", "Alias": "an1", "Startup Cost": 0.38, "Total Cost": 4.39, "Plan Rows": 1, "Plan Width": 20, "Actual Min Startup Time": 34.843, "Actual Max Startup Time": 34.843, "Actual Min Total Time": 39.278, "Actual Max Total Time": 39.278, "Recheck Cond": "(person_id = ci.person_id)", "Rows Removed by Index Recheck": 0, "Exact Heap Blocks": 6514, "Lossy Heap Blocks": 6514, "Plans": [{"Node Type": "Bitmap Index Scan", "Parent Relationship": "Outer", "Index Name": "person_id_aka_name", "Startup Cost": 0.0, "Total Cost": 0.38, "Plan Rows": 1, "Plan Width": 0, "Actual Min Startup Time": 22.916, "Actual Max Startup Time": 22.916, "Actual Min Total Time": 22.916, "Actual Max Total Time": 22.916, "Index Cond": "(person_id = ci.person_id)", "Actual Rows": 17379}], "Actual Rows": 17379}], "Actual Rows": 17379}, {"Node Type": "Bitmap Heap Scan", "Parent Relationship": "Inner", "Relation Name": "name", "Alias": "n1", "Startup Cost": 0.33, "Total Cost": 4.34, "Plan Rows": 1, "Plan Width": 4, "Actual Min Startup Time": 75.179, "Actual Max Startup Time": 75.179, "Actual Min Total Time": 75.179, "Actual Max Total Time": 75.179, "Recheck Cond": "(id = an1.person_id)", "Rows Removed by Index Recheck": 0, "Filter": "(((name)::text ~~ '%Yo%'::text) AND ((name)::text !~~ '%Yu%'::text))", "Rows Removed by Filter": 17317, "Exact Heap Blocks": 17379, "Lossy Heap Blocks": 17379, "Plans": [{"Node Type": "Bitmap Index Scan", "Parent Relationship": "Outer", "Index Name": "name_pkey", "Startup Cost": 0.0, "Total Cost": 0.33, "Plan Rows": 1, "Plan Width": 0, "Actual Min Startup Time": 43.964, "Actual Max Startup Time": 43.964, "Actual Min Total Time": 43.964, "Actual Max Total Time": 43.964, "Index Cond": "(id = an1.person_id)", "Actual Rows": 17379}], "Actual Rows": 62}], "Actual Rows": 62}], "Actual Rows": 1}, "Triggers": [], "Planner Runtime": 91, "Total Runtime": 4172.216, "Unique SQL Id": 3544391839}}, "(16, 3)": {"explain_plan": {"Plan": {"Node Type": "Aggregate", "Strategy": "Plain", "Startup Cost": 168806.18, "Total Cost": 168806.19, "Plan Rows": 1, "Plan Width": 97, "Plans": [{"Node Type": "Nested Loop", "Parent Relationship": "Outer", "Join Type": "Inner", "Startup Cost": 2794.98, "Total Cost": 168802.95, "Plan Rows": 646, "Plan Width": 33, "Inner Unique": true, "Plans": [{"Node Type": "Nested Loop", "Parent Relationship": "Outer", "Join Type": "Inner", "Startup Cost": 2794.66, "Total Cost": 165994.37, "Plan Rows": 645, "Plan Width": 41, "Inner Unique": false, "Plans": [{"Node Type": "Nested Loop", "Parent Relationship": "Outer", "Join Type": "Inner", "Startup Cost": 2794.28, "Total Cost": 163651.8, "Plan Rows": 532, "Plan Width": 21, "Inner Unique": false, "Join Filter": "(ci.role_id = rt.id)", "Plans": [{"Node Type": "Bitmap Heap Scan", "Parent Relationship": "Outer", "Relation Name": "role_type", "Alias": "rt", "Startup Cost": 8.31, "Total Cost": 12.46, "Plan Rows": 1, "Plan Width": 4, "Filter": "((role)::text = 'actress'::text)", "Plans": [{"Node Type": "Bitmap Index Scan", "Parent Relationship": "Outer", "Index Name": "role_type_pkey", "Startup Cost": 0.0, "Total Cost": 8.31, "Plan Rows": 12, "Plan Width": 0}]}, {"Node Type": "Nested Loop", "Parent Relationship": "Inner", "Join Type": "Inner", "Startup Cost": 2785.97, "Total Cost": 163566.25, "Plan Rows": 5847, "Plan Width": 25, "Inner Unique": false, "Plans": [{"Node Type": "Nested Loop", "Parent Relationship": "Outer", "Join Type": "Inner", "Startup Cost": 2785.45, "Total Cost": 136908.44, "Plan Rows": 5775, "Plan Width": 25, "Inner Unique": true, "Plans": [{"Node Type": "Nested Loop", "Parent Relationship": "Outer", "Join Type": "Inner", "Startup Cost": 2784.18, "Total Cost": 106322.09, "Plan Rows": 5775, "Plan Width": 4, "Inner Unique": false, "Plans": [{"Node Type": "Bitmap Heap Scan", "Parent Relationship": "Outer", "Relation Name": "company_name", "Alias": "cn", "Startup Cost": 2780.8, "Total Cost": 8684.25, "Plan Rows": 6290, "Plan Width": 4, "Filter": "((country_code)::text = '[jp]'::text)", "Plans": [{"Node Type": "Bitmap Index Scan", "Parent Relationship": "Outer", "Index Name": "company_name_pkey", "Startup Cost": 0.0, "Total Cost": 2779.23, "Plan Rows": 234996, "Plan Width": 0}]}, {"Node Type": "Bitmap Heap Scan", "Parent Relationship": "Inner", "Relation Name": "movie_companies", "Alias": "mc", "Startup Cost": 3.37, "Total Cost": 15.51, "Plan Rows": 1, "Plan Width": 8, "Recheck Cond": "(company_id = cn.id)", "Filter": "(((note)::text ~~ '%(Japan)%'::text) AND ((note)::text !~~ '%(USA)%'::text))", "Plans": [{"Node Type": "Bitmap Index Scan", "Parent Relationship": "Outer", "Index Name": "company_id_movie_companies", "Startup Cost": 0.0, "Total Cost": 3.37, "Plan Rows": 15, "Plan Width": 0, "Index Cond": "(company_id = cn.id)"}]}]}, {"Node Type": "Bitmap Heap Scan", "Parent Relationship": "Inner", "Relation Name": "title", "Alias": "t", "Startup Cost": 1.27, "Total Cost": 5.29, "Plan Rows": 1, "Plan Width": 21, "Recheck Cond": "(id = mc.movie_id)", "Plans": [{"Node Type": "Bitmap Index Scan", "Parent Relationship": "Outer", "Index Name": "title_pkey", "Startup Cost": 0.0, "Total Cost": 1.27, "Plan Rows": 1, "Plan Width": 0, "Index Cond": "(id = mc.movie_id)"}]}]}, {"Node Type": "Bitmap Heap Scan", "Parent Relationship": "Inner", "Relation Name": "cast_info", "Alias": "ci", "Startup Cost": 0.52, "Total Cost": 4.61, "Plan Rows": 1, "Plan Width": 12, "Recheck Cond": "(movie_id = t.id)", "Filter": "((note)::text = '(voice: English version)'::text)", "Plans": [{"Node Type": "Bitmap Index Scan", "Parent Relationship": "Outer", "Index Name": "movie_id_cast_info", "Startup Cost": 0.0, "Total Cost": 0.52, "Plan Rows": 6, "Plan Width": 0, "Index Cond": "(movie_id = t.id)"}]}]}]}, {"Node Type": "Bitmap Heap Scan", "Parent Relationship": "Inner", "Relation Name": "aka_name", "Alias": "an1", "Startup Cost": 0.38, "Total Cost": 4.39, "Plan Rows": 1, "Plan Width": 20, "Recheck Cond": "(person_id = ci.person_id)", "Plans": [{"Node Type": "Bitmap Index Scan", "Parent Relationship": "Outer", "Index Name": "person_id_aka_name", "Startup Cost": 0.0, "Total Cost": 0.38, "Plan Rows": 1, "Plan Width": 0, "Index Cond": "(person_id = ci.person_id)"}]}]}, {"Node Type": "Bitmap Heap Scan", "Parent Relationship": "Inner", "Relation Name": "name", "Alias": "n1", "Startup Cost": 0.33, "Total Cost": 4.34, "Plan Rows": 1, "Plan Width": 4, "Recheck Cond": "(id = an1.person_id)", "Filter": "(((name)::text ~~ '%Yo%'::text) AND ((name)::text !~~ '%Yu%'::text))", "Plans": [{"Node Type": "Bitmap Index Scan", "Parent Relationship": "Outer", "Index Name": "name_pkey", "Startup Cost": 0.0, "Total Cost": 0.33, "Plan Rows": 1, "Plan Width": 0, "Index Cond": "(id = an1.person_id)"}]}]}]}, "Unique SQL Id": 3544391839, "Planner Runtime": 32}, "explain_analyze_plan": {"Plan": {"Node Type": "Aggregate", "Strategy": "Plain", "Startup Cost": 168806.18, "Total Cost": 168806.19, "Plan Rows": 1, "Plan Width": 97, "Actual Startup Time": 5296.908, "Actual Total Time": 5296.909, "Actual Rows": 1, "Actual Loops": 1, "Plans": [{"Node Type": "Nested Loop", "Parent Relationship": "Outer", "Join Type": "Inner", "Startup Cost": 2794.98, "Total Cost": 168802.95, "Plan Rows": 646, "Plan Width": 33, "Actual Startup Time": 415.255, "Actual Total Time": 5296.577, "Actual Rows": 62, "Actual Loops": 1, "Inner Unique": true, "Plans": [{"Node Type": "Nested Loop", "Parent Relationship": "Outer", "Join Type": "Inner", "Startup Cost": 2794.66, "Total Cost": 165994.37, "Plan Rows": 645, "Plan Width": 41, "Actual Startup Time": 22.542, "Actual Total Time": 5190.467, "Actual Rows": 17379, "Actual Loops": 1, "Inner Unique": false, "Plans": [{"Node Type": "Nested Loop", "Parent Relationship": "Outer", "Join Type": "Inner", "Startup Cost": 2794.28, "Total Cost": 163651.8, "Plan Rows": 532, "Plan Width": 21, "Actual Startup Time": 22.521, "Actual Total Time": 5123.341, "Actual Rows": 7438, "Actual Loops": 1, "Inner Unique": false, "Join Filter": "(ci.role_id = rt.id)", "Rows Removed by Join Filter": 12162, "Plans": [{"Node Type": "Bitmap Heap Scan", "Parent Relationship": "Outer", "Relation Name": "role_type", "Alias": "rt", "Startup Cost": 8.31, "Total Cost": 12.46, "Plan Rows": 1, "Plan Width": 4, "Actual Startup Time": 0.023, "Actual Total Time": 0.029, "Actual Rows": 1, "Actual Loops": 1, "Filter": "((role)::text = 'actress'::text)", "Rows Removed by Filter": 11, "Exact Heap Blocks": 1, "Lossy Heap Blocks": 1, "Plans": [{"Node Type": "Bitmap Index Scan", "Parent Relationship": "Outer", "Index Name": "role_type_pkey", "Startup Cost": 0.0, "Total Cost": 8.31, "Plan Rows": 12, "Plan Width": 0, "Actual Startup Time": 0.006, "Actual Total Time": 0.006, "Actual Rows": 12, "Actual Loops": 1}]}, {"Node Type": "Nested Loop", "Parent Relationship": "Inner", "Join Type": "Inner", "Startup Cost": 2785.97, "Total Cost": 163566.25, "Plan Rows": 5847, "Plan Width": 25, "Actual Startup Time": 22.492, "Actual Total Time": 5117.719, "Actual Rows": 19600, "Actual Loops": 1, "Inner Unique": false, "Plans": [{"Node Type": "Nested Loop", "Parent Relationship": "Outer", "Join Type": "Inner", "Startup Cost": 2785.45, "Total Cost": 136908.44, "Plan Rows": 5775, "Plan Width": 25, "Actual Startup Time": 22.388, "Actual Total Time": 906.266, "Actual Rows": 48328, "Actual Loops": 1, "Inner Unique": true, "Plans": [{"Node Type": "Nested Loop", "Parent Relationship": "Outer", "Join Type": "Inner", "Startup Cost": 2784.18, "Total Cost": 106322.09, "Plan Rows": 5775, "Plan Width": 4, "Actual Startup Time": 22.367, "Actual Total Time": 442.457, "Actual Rows": 48328, "Actual Loops": 1, "Inner Unique": false, "Plans": [{"Node Type": "Bitmap Heap Scan", "Parent Relationship": "Outer", "Relation Name": "company_name", "Alias": "cn", "Startup Cost": 2780.8, "Total Cost": 8684.25, "Plan Rows": 6290, "Plan Width": 4, "Actual Startup Time": 22.305, "Actual Total Time": 130.791, "Actual Rows": 6752, "Actual Loops": 1, "Filter": "((country_code)::text = '[jp]'::text)", "Rows Removed by Filter": 228244, "Exact Heap Blocks": 2966, "Lossy Heap Blocks": 2966, "Plans": [{"Node Type": "Bitmap Index Scan", "Parent Relationship": "Outer", "Index Name": "company_name_pkey", "Startup Cost": 0.0, "Total Cost": 2779.23, "Plan Rows": 234996, "Plan Width": 0, "Actual Startup Time": 21.851, "Actual Total Time": 21.851, "Actual Rows": 234996, "Actual Loops": 1}]}, {"Node Type": "Bitmap Heap Scan", "Parent Relationship": "Inner", "Relation Name": "movie_companies", "Alias": "mc", "Startup Cost": 3.37, "Total Cost": 15.51, "Plan Rows": 1, "Plan Width": 8, "Actual Startup Time": 107.583, "Actual Total Time": 288.604, "Actual Rows": 48328, "Actual Loops": 6752, "Recheck Cond": "(company_id = cn.id)", "Rows Removed by Index Recheck": 0, "Filter": "(((note)::text ~~ '%(Japan)%'::text) AND ((note)::text !~~ '%(USA)%'::text))", "Rows Removed by Filter": 56667, "Exact Heap Blocks": 61861, "Lossy Heap Blocks": 61861, "Plans": [{"Node Type": "Bitmap Index Scan", "Parent Relationship": "Outer", "Index Name": "company_id_movie_companies", "Startup Cost": 0.0, "Total Cost": 3.37, "Plan Rows": 15, "Plan Width": 0, "Actual Startup Time": 56.372, "Actual Total Time": 56.372, "Actual Rows": 104995, "Actual Loops": 6752, "Index Cond": "(company_id = cn.id)"}]}]}, {"Node Type": "Bitmap Heap Scan", "Parent Relationship": "Inner", "Relation Name": "title", "Alias": "t", "Startup Cost": 1.27, "Total Cost": 5.29, "Plan Rows": 1, "Plan Width": 21, "Actual Startup Time": 387.021, "Actual Total Time": 387.021, "Actual Rows": 48328, "Actual Loops": 48328, "Recheck Cond": "(id = mc.movie_id)", "Rows Removed by Index Recheck": 0, "Exact Heap Blocks": 48328, "Lossy Heap Blocks": 48328, "Plans": [{"Node Type": "Bitmap Index Scan", "Parent Relationship": "Outer", "Index Name": "title_pkey", "Startup Cost": 0.0, "Total Cost": 1.27, "Plan Rows": 1, "Plan Width": 0, "Actual Startup Time": 222.451, "Actual Total Time": 222.451, "Actual Rows": 48328, "Actual Loops": 48328, "Index Cond": "(id = mc.movie_id)"}]}]}, {"Node Type": "Bitmap Heap Scan", "Parent Relationship": "Inner", "Relation Name": "cast_info", "Alias": "ci", "Startup Cost": 0.52, "Total Cost": 4.61, "Plan Rows": 1, "Plan Width": 12, "Actual Startup Time": 3969.248, "Actual Total Time": 4139.093, "Actual Rows": 19600, "Actual Loops": 48328, "Recheck Cond": "(movie_id = t.id)", "Rows Removed by Index Recheck": 0, "Filter": "((note)::text = '(voice: English version)'::text)", "Rows Removed by Filter": 1531710, "Exact Heap Blocks": 1503105, "Lossy Heap Blocks": 1503105, "Plans": [{"Node Type": "Bitmap Index Scan", "Parent Relationship": "Outer", "Index Name": "movie_id_cast_info", "Startup Cost": 0.0, "Total Cost": 0.52, "Plan Rows": 6, "Plan Width": 0, "Actual Startup Time": 571.467, "Actual Total Time": 571.467, "Actual Rows": 1551310, "Actual Loops": 48328, "Index Cond": "(movie_id = t.id)"}]}]}]}, {"Node Type": "Bitmap Heap Scan", "Parent Relationship": "Inner", "Relation Name": "aka_name", "Alias": "an1", "Startup Cost": 0.38, "Total Cost": 4.39, "Plan Rows": 1, "Plan Width": 20, "Actual Startup Time": 47.458, "Actual Total Time": 52.982, "Actual Rows": 17379, "Actual Loops": 7438, "Recheck Cond": "(person_id = ci.person_id)", "Rows Removed by Index Recheck": 0, "Exact Heap Blocks": 6514, "Lossy Heap Blocks": 6514, "Plans": [{"Node Type": "Bitmap Index Scan", "Parent Relationship": "Outer", "Index Name": "person_id_aka_name", "Startup Cost": 0.0, "Total Cost": 0.38, "Plan Rows": 1, "Plan Width": 0, "Actual Startup Time": 31.31, "Actual Total Time": 31.31, "Actual Rows": 17379, "Actual Loops": 7438, "Index Cond": "(person_id = ci.person_id)"}]}]}, {"Node Type": "Bitmap Heap Scan", "Parent Relationship": "Inner", "Relation Name": "name", "Alias": "n1", "Startup Cost": 0.33, "Total Cost": 4.34, "Plan Rows": 1, "Plan Width": 4, "Actual Startup Time": 85.647, "Actual Total Time": 85.647, "Actual Rows": 62, "Actual Loops": 17379, "Recheck Cond": "(id = an1.person_id)", "Rows Removed by Index Recheck": 0, "Filter": "(((name)::text ~~ '%Yo%'::text) AND ((name)::text !~~ '%Yu%'::text))", "Rows Removed by Filter": 17317, "Exact Heap Blocks": 17379, "Lossy Heap Blocks": 17379, "Plans": [{"Node Type": "Bitmap Index Scan", "Parent Relationship": "Outer", "Index Name": "name_pkey", "Startup Cost": 0.0, "Total Cost": 0.33, "Plan Rows": 1, "Plan Width": 0, "Actual Startup Time": 50.623, "Actual Total Time": 50.623, "Actual Rows": 17379, "Actual Loops": 17379, "Index Cond": "(id = an1.person_id)"}]}]}]}, "Triggers": [], "Planner Runtime": 26, "Total Runtime": 5297.349, "Unique SQL Id": 3544391839}}, "(16, 4)": {"explain_plan": {"Plan": {"Node Type": "Aggregate", "Strategy": "Plain", "Startup Cost": 54688.41, "Total Cost": 54688.42, "Plan Rows": 1, "Plan Width": 97, "Plans": [{"Node Type": "Nested Loop", "Parent Relationship": "Outer", "Join Type": "Inner", "Startup Cost": 5982.08, "Total Cost": 54685.18, "Plan Rows": 646, "Plan Width": 33, "Inner Unique": true, "Plans": [{"Node Type": "Nested Loop", "Parent Relationship": "Outer", "Join Type": "Inner", "Startup Cost": 5982.08, "Total Cost": 54309.64, "Plan Rows": 645, "Plan Width": 41, "Inner Unique": false, "Plans": [{"Node Type": "Nested Loop", "Parent Relationship": "Outer", "Join Type": "Inner", "Startup Cost": 5982.08, "Total Cost": 53855.43, "Plan Rows": 532, "Plan Width": 21, "Inner Unique": false, "Join Filter": "(ci.role_id = rt.id)", "Plans": [{"Node Type": "Seq Scan", "Parent Relationship": "Outer", "Relation Name": "role_type", "Alias": "rt", "Startup Cost": 0.0, "Total Cost": 1.15, "Plan Rows": 1, "Plan Width": 4, "Filter": "((role)::text = 'actress'::text)"}, {"Node Type": "Materialize", "Parent Relationship": "Inner", "Startup Cost": 5982.08, "Total Cost": 53795.81, "Plan Rows": 5847, "Plan Width": 25, "Plans": [{"Node Type": "Nested Loop", "Parent Relationship": "Outer", "Join Type": "Inner", "Startup Cost": 5982.08, "Total Cost": 53781.19, "Plan Rows": 5847, "Plan Width": 25, "Inner Unique": false, "Plans": [{"Node Type": "Nested Loop", "Parent Relationship": "Outer", "Join Type": "Inner", "Startup Cost": 5982.08, "Total Cost": 48038.6, "Plan Rows": 5775, "Plan Width": 25, "Inner Unique": true, "Plans": [{"Node Type": "Hash Join", "Parent Relationship": "Outer", "Join Type": "Inner", "Startup Cost": 5982.08, "Total Cost": 25391.5, "Plan Rows": 5775, "Plan Width": 4, "Inner Unique": true, "Hash Cond": "(mc.company_id = cn.id)", "Plans": [{"Node Type": "Streaming(type: LOCAL GATHER dop: 1/16)", "Parent Relationship": "Outer", "Startup Cost": 0.0, "Total Cost": 19215.08, "Plan Rows": 36426, "Plan Width": 8, "Plans": [{"Node Type": "Seq Scan", "Parent Relationship": "Outer", "Relation Name": "movie_companies", "Alias": "mc", "Startup Cost": 0.0, "Total Cost": 18428.93, "Plan Rows": 36426, "Plan Width": 8, "Filter": "(((note)::text ~~ '%(Japan)%'::text) AND ((note)::text !~~ '%(USA)%'::text))"}]}, {"Node Type": "Hash", "Parent Relationship": "Inner", "Startup Cost": 5903.45, "Total Cost": 5903.45, "Plan Rows": 6290, "Plan Width": 4, "Plans": [{"Node Type": "Seq Scan", "Parent Relationship": "Outer", "Relation Name": "company_name", "Alias": "cn", "Startup Cost": 0.0, "Total Cost": 5903.45, "Plan Rows": 6290, "Plan Width": 4, "Filter": "((country_code)::text = '[jp]'::text)"}]}]}, {"Node Type": "Index Scan", "Parent Relationship": "Inner", "Scan Direction": "Forward", "Index Name": "title_pkey", "Relation Name": "title", "Alias": "t", "Startup Cost": 0.0, "Total Cost": 3.91, "Plan Rows": 1, "Plan Width": 21, "Index Cond": "(id = mc.movie_id)"}]}, {"Node Type": "Index Scan", "Parent Relationship": "Inner", "Scan Direction": "Forward", "Index Name": "movie_id_cast_info", "Relation Name": "cast_info", "Alias": "ci", "Startup Cost": 0.0, "Total Cost": 0.98, "Plan Rows": 1, "Plan Width": 12, "Index Cond": "(movie_id = t.id)", "Filter": "((note)::text = '(voice: English version)'::text)"}]}]}]}, {"Node Type": "Index Scan", "Parent Relationship": "Inner", "Scan Direction": "Forward", "Index Name": "person_id_aka_name", "Relation Name": "aka_name", "Alias": "an1", "Startup Cost": 0.0, "Total Cost": 0.84, "Plan Rows": 1, "Plan Width": 20, "Index Cond": "(person_id = ci.person_id)"}]}, {"Node Type": "Index Scan", "Parent Relationship": "Inner", "Scan Direction": "Forward", "Index Name": "name_pkey", "Relation Name": "name", "Alias": "n1", "Startup Cost": 0.0, "Total Cost": 0.57, "Plan Rows": 1, "Plan Width": 4, "Index Cond": "(id = an1.person_id)", "Filter": "(((name)::text ~~ '%Yo%'::text) AND ((name)::text !~~ '%Yu%'::text))"}]}]}, "Unique SQL Id": 3544391839, "Planner Runtime": 57}, "explain_analyze_plan": {"Plan": {"Node Type": "Aggregate", "Strategy": "Plain", "Startup Cost": 54688.41, "Total Cost": 54688.42, "Plan Rows": 1, "Plan Width": 97, "Actual Min Startup Time": 2985.685, "Actual Max Startup Time": 2985.685, "Actual Min Total Time": 2985.685, "Actual Max Total Time": 2985.685, "Plans": [{"Node Type": "Nested Loop", "Parent Relationship": "Outer", "Join Type": "Inner", "Startup Cost": 5982.08, "Total Cost": 54685.18, "Plan Rows": 646, "Plan Width": 33, "Actual Min Startup Time": 2895.855, "Actual Max Startup Time": 2895.855, "Actual Min Total Time": 2985.577, "Actual Max Total Time": 2985.577, "Inner Unique": true, "Plans": [{"Node Type": "Nested Loop", "Parent Relationship": "Outer", "Join Type": "Inner", "Startup Cost": 5982.08, "Total Cost": 54309.64, "Plan Rows": 645, "Plan Width": 41, "Actual Min Startup Time": 2871.517, "Actual Max Startup Time": 2871.517, "Actual Min Total Time": 2919.785, "Actual Max Total Time": 2919.785, "Inner Unique": false, "Plans": [{"Node Type": "Nested Loop", "Parent Relationship": "Outer", "Join Type": "Inner", "Startup Cost": 5982.08, "Total Cost": 53855.43, "Plan Rows": 532, "Plan Width": 21, "Actual Min Startup Time": 2871.467, "Actual Max Startup Time": 2871.467, "Actual Min Total Time": 2880.704, "Actual Max Total Time": 2880.704, "Inner Unique": false, "Join Filter": "(ci.role_id = rt.id)", "Rows Removed by Join Filter": 12162, "Plans": [{"Node Type": "Seq Scan", "Parent Relationship": "Outer", "Relation Name": "role_type", "Alias": "rt", "Startup Cost": 0.0, "Total Cost": 1.15, "Plan Rows": 1, "Plan Width": 4, "Actual Min Startup Time": 0.076, "Actual Max Startup Time": 0.076, "Actual Min Total Time": 0.084, "Actual Max Total Time": 0.084, "Filter": "((role)::text = 'actress'::text)", "Rows Removed by Filter": 11, "Actual Rows": 1}, {"Node Type": "Materialize", "Parent Relationship": "Inner", "Startup Cost": 5982.08, "Total Cost": 53795.81, "Plan Rows": 5847, "Plan Width": 25, "Actual Min Startup Time": 2871.362, "Actual Max Startup Time": 2871.362, "Actual Min Total Time": 2874.376, "Actual Max Total Time": 2874.376, "Plans": [{"Node Type": "Nested Loop", "Parent Relationship": "Outer", "Join Type": "Inner", "Startup Cost": 5982.08, "Total Cost": 53781.19, "Plan Rows": 5847, "Plan Width": 25, "Actual Min Startup Time": 91.393, "Actual Max Startup Time": 91.393, "Actual Min Total Time": 2864.734, "Actual Max Total Time": 2864.734, "Inner Unique": false, "Plans": [{"Node Type": "Nested Loop", "Parent Relationship": "Outer", "Join Type": "Inner", "Startup Cost": 5982.08, "Total Cost": 48038.6, "Plan Rows": 5775, "Plan Width": 25, "Actual Min Startup Time": 85.162, "Actual Max Startup Time": 85.162, "Actual Min Total Time": 372.0, "Actual Max Total Time": 372.0, "Inner Unique": true, "Plans": [{"Node Type": "Hash Join", "Parent Relationship": "Outer", "Join Type": "Inner", "Startup Cost": 5982.08, "Total Cost": 25391.5, "Plan Rows": 5775, "Plan Width": 4, "Actual Min Startup Time": 85.11, "Actual Max Startup Time": 85.11, "Actual Min Total Time": 140.174, "Actual Max Total Time": 140.174, "Inner Unique": true, "Hash Cond": "(mc.company_id = cn.id)", "Plans": [{"Node Type": "Streaming(type: LOCAL GATHER dop: 1/16)", "Parent Relationship": "Outer", "Startup Cost": 0.0, "Total Cost": 19215.08, "Plan Rows": 36426, "Plan Width": 8, "Actual Min Startup Time": 0.075, "Actual Max Startup Time": 0.075, "Actual Min Total Time": 22.443, "Actual Max Total Time": 22.443, "Plans": [{"Node Type": "Seq Scan", "Parent Relationship": "Outer", "Relation Name": "movie_companies", "Alias": "mc", "Startup Cost": 0.0, "Total Cost": 18428.93, "Plan Rows": 36426, "Plan Width": 8, "Actual Min Startup Time": 0.036, "Actual Max Startup Time": 0.369, "Actual Min Total Time": 53.739, "Actual Max Total Time": 61.377, "Filter": "(((note)::text ~~ '%(Japan)%'::text) AND ((note)::text !~~ '%(USA)%'::text))", "Rows Removed by Filter": 2560231, "Actual Rows": 48897}], "Actual Rows": 48897}, {"Node Type": "Hash", "Parent Relationship": "Inner", "Startup Cost": 5903.45, "Total Cost": 5903.45, "Plan Rows": 6290, "Plan Width": 4, "Actual Min Startup Time": 84.948, "Actual Max Startup Time": 84.948, "Actual Min Total Time": 84.948, "Actual Max Total Time": 84.948, "Max Hash Buckets": 32768, "Min Hash Buckets": 32768, "Max Hash Batches": 1, "Min Hash Batches": 1, "Max Original Hash Batches": 1, "Min Original Hash Batches": 1, "Max Peak Memory Usage": 238, "min Peak Memory Usage": 238, "Plans": [{"Node Type": "Seq Scan", "Parent Relationship": "Outer", "Relation Name": "company_name", "Alias": "cn", "Startup Cost": 0.0, "Total Cost": 5903.45, "Plan Rows": 6290, "Plan Width": 4, "Actual Min Startup Time": 0.061, "Actual Max Startup Time": 0.061, "Actual Min Total Time": 82.814, "Actual Max Total Time": 82.814, "Filter": "((country_code)::text = '[jp]'::text)", "Rows Removed by Filter": 228244, "Actual Rows": 6752}], "Actual Rows": 6752}], "Actual Rows": 48328}, {"Node Type": "Index Scan", "Parent Relationship": "Inner", "Scan Direction": "Forward", "Index Name": "title_pkey", "Relation Name": "title", "Alias": "t", "Startup Cost": 0.0, "Total Cost": 3.91, "Plan Rows": 1, "Plan Width": 21, "Actual Min Startup Time": 191.642, "Actual Max Startup Time": 191.642, "Actual Min Total Time": 191.642, "Actual Max Total Time": 191.642, "Index Cond": "(id = mc.movie_id)", "Rows Removed by Index Recheck": 0, "Actual Rows": 48328}], "Actual Rows": 48328}, {"Node Type": "Index Scan", "Parent Relationship": "Inner", "Scan Direction": "Forward", "Index Name": "movie_id_cast_info", "Relation Name": "cast_info", "Alias": "ci", "Startup Cost": 0.0, "Total Cost": 0.98, "Plan Rows": 1, "Plan Width": 12, "Actual Min Startup Time": 2350.275, "Actual Max Startup Time": 2350.275, "Actual Min Total Time": 2462.826, "Actual Max Total Time": 2462.826, "Index Cond": "(movie_id = t.id)", "Rows Removed by Index Recheck": 0, "Filter": "((note)::text = '(voice: English version)'::text)", "Rows Removed by Filter": 1531710, "Actual Rows": 19600}], "Actual Rows": 19600}], "Actual Rows": 19601}], "Actual Rows": 7438}, {"Node Type": "Index Scan", "Parent Relationship": "Inner", "Scan Direction": "Forward", "Index Name": "person_id_aka_name", "Relation Name": "aka_name", "Alias": "an1", "Startup Cost": 0.0, "Total Cost": 0.84, "Plan Rows": 1, "Plan Width": 20, "Actual Min Startup Time": 23.882, "Actual Max Startup Time": 23.882, "Actual Min Total Time": 30.754, "Actual Max Total Time": 30.754, "Index Cond": "(person_id = ci.person_id)", "Rows Removed by Index Recheck": 0, "Actual Rows": 17379}], "Actual Rows": 17379}, {"Node Type": "Index Scan", "Parent Relationship": "Inner", "Scan Direction": "Forward", "Index Name": "name_pkey", "Relation Name": "name", "Alias": "n1", "Startup Cost": 0.0, "Total Cost": 0.57, "Plan Rows": 1, "Plan Width": 4, "Actual Min Startup Time": 57.064, "Actual Max Startup Time": 57.064, "Actual Min Total Time": 57.064, "Actual Max Total Time": 57.064, "Index Cond": "(id = an1.person_id)", "Rows Removed by Index Recheck": 0, "Filter": "(((name)::text ~~ '%Yo%'::text) AND ((name)::text !~~ '%Yu%'::text))", "Rows Removed by Filter": 17317, "Actual Rows": 62}], "Actual Rows": 62}], "Actual Rows": 1}, "Triggers": [], "Planner Runtime": 57, "Total Runtime": 2988.694, "Unique SQL Id": 3544391839}}, "(16, 5)": {"explain_plan": {"Plan": {"Node Type": "Aggregate", "Strategy": "Plain", "Startup Cost": 109008.11, "Total Cost": 109008.12, "Plan Rows": 1, "Plan Width": 97, "Plans": [{"Node Type": "Nested Loop", "Parent Relationship": "Outer", "Join Type": "Inner", "Startup Cost": 2780.8, "Total Cost": 109007.63, "Plan Rows": 96, "Plan Width": 33, "Inner Unique": true, "Plans": [{"Node Type": "Nested Loop", "Parent Relationship": "Outer", "Join Type": "Inner", "Startup Cost": 2780.8, "Total Cost": 108632.09, "Plan Rows": 645, "Plan Width": 41, "Inner Unique": false, "Plans": [{"Node Type": "Nested Loop", "Parent Relationship": "Outer", "Join Type": "Inner", "Startup Cost": 2780.8, "Total Cost": 108177.88, "Plan Rows": 532, "Plan Width": 21, "Inner Unique": false, "Join Filter": "(ci.role_id = rt.id)", "Plans": [{"Node Type": "Index Scan", "Parent Relationship": "Outer", "Scan Direction": "Forward", "Index Name": "role_type_pkey", "Relation Name": "role_type", "Alias": "rt", "Startup Cost": 0.0, "Total Cost": 12.46, "Plan Rows": 1, "Plan Width": 4, "Filter": "((role)::text = 'actress'::text)"}, {"Node Type": "Nested Loop", "Parent Relationship": "Inner", "Join Type": "Inner", "Startup Cost": 2780.8, "Total Cost": 108092.33, "Plan Rows": 5847, "Plan Width": 25, "Inner Unique": false, "Plans": [{"Node Type": "Nested Loop", "Parent Relationship": "Outer", "Join Type": "Inner", "Startup Cost": 2780.8, "Total Cost": 102349.74, "Plan Rows": 5775, "Plan Width": 25, "Inner Unique": true, "Plans": [{"Node Type": "Nested Loop", "Parent Relationship": "Outer", "Join Type": "Inner", "Startup Cost": 2780.8, "Total Cost": 79702.64, "Plan Rows": 5775, "Plan Width": 4, "Inner Unique": false, "Plans": [{"Node Type": "Bitmap Heap Scan", "Parent Relationship": "Outer", "Relation Name": "company_name", "Alias": "cn", "Startup Cost": 2780.8, "Total Cost": 8684.25, "Plan Rows": 6290, "Plan Width": 4, "Filter": "((country_code)::text = '[jp]'::text)", "Plans": [{"Node Type": "Bitmap Index Scan", "Parent Relationship": "Outer", "Index Name": "company_name_pkey", "Startup Cost": 0.0, "Total Cost": 2779.23, "Plan Rows": 234996, "Plan Width": 0}]}, {"Node Type": "Index Scan", "Parent Relationship": "Inner", "Scan Direction": "Forward", "Index Name": "company_id_movie_companies", "Relation Name": "movie_companies", "Alias": "mc", "Startup Cost": 0.0, "Total Cost": 11.28, "Plan Rows": 1, "Plan Width": 8, "Index Cond": "(company_id = cn.id)", "Filter": "(((note)::text ~~ '%(Japan)%'::text) AND ((note)::text !~~ '%(USA)%'::text))"}]}, {"Node Type": "Index Scan", "Parent Relationship": "Inner", "Scan Direction": "Forward", "Index Name": "title_pkey", "Relation Name": "title", "Alias": "t", "Startup Cost": 0.0, "Total Cost": 3.91, "Plan Rows": 1, "Plan Width": 21, "Index Cond": "(id = mc.movie_id)"}]}, {"Node Type": "Index Scan", "Parent Relationship": "Inner", "Scan Direction": "Forward", "Index Name": "movie_id_cast_info", "Relation Name": "cast_info", "Alias": "ci", "Startup Cost": 0.0, "Total Cost": 0.98, "Plan Rows": 1, "Plan Width": 12, "Index Cond": "(movie_id = t.id)", "Filter": "((note)::text = '(voice: English version)'::text)"}]}]}, {"Node Type": "Index Scan", "Parent Relationship": "Inner", "Scan Direction": "Forward", "Index Name": "person_id_aka_name", "Relation Name": "aka_name", "Alias": "an1", "Startup Cost": 0.0, "Total Cost": 0.84, "Plan Rows": 1, "Plan Width": 20, "Index Cond": "(person_id = ci.person_id)"}]}, {"Node Type": "Index Scan", "Parent Relationship": "Inner", "Scan Direction": "Forward", "Index Name": "name_pkey", "Relation Name": "name", "Alias": "n1", "Startup Cost": 0.0, "Total Cost": 0.57, "Plan Rows": 1, "Plan Width": 4, "Index Cond": "(id = an1.person_id)", "Filter": "(((name)::text ~~ '%Yo%'::text) AND ((name)::text !~~ '%Yu%'::text))"}]}]}, "Unique SQL Id": 3544391839, "Planner Runtime": 36}, "explain_analyze_plan": {"Plan": {"Node Type": "Aggregate", "Strategy": "Plain", "Startup Cost": 109008.11, "Total Cost": 109008.12, "Plan Rows": 1, "Plan Width": 97, "Actual Startup Time": 3457.889, "Actual Total Time": 3457.89, "Actual Rows": 1, "Actual Loops": 1, "Plans": [{"Node Type": "Nested Loop", "Parent Relationship": "Outer", "Join Type": "Inner", "Startup Cost": 2780.8, "Total Cost": 109007.63, "Plan Rows": 96, "Plan Width": 33, "Actual Startup Time": 282.633, "Actual Total Time": 3457.534, "Actual Rows": 62, "Actual Loops": 1, "Inner Unique": true, "Plans": [{"Node Type": "Nested Loop", "Parent Relationship": "Outer", "Join Type": "Inner", "Startup Cost": 2780.8, "Total Cost": 108632.09, "Plan Rows": 645, "Plan Width": 41, "Actual Startup Time": 32.871, "Actual Total Time": 3382.439, "Actual Rows": 17379, "Actual Loops": 1, "Inner Unique": false, "Plans": [{"Node Type": "Nested Loop", "Parent Relationship": "Outer", "Join Type": "Inner", "Startup Cost": 2780.8, "Total Cost": 108177.88, "Plan Rows": 532, "Plan Width": 21, "Actual Startup Time": 32.852, "Actual Total Time": 3329.471, "Actual Rows": 7438, "Actual Loops": 1, "Inner Unique": false, "Join Filter": "(ci.role_id = rt.id)", "Rows Removed by Join Filter": 12162, "Plans": [{"Node Type": "Index Scan", "Parent Relationship": "Outer", "Scan Direction": "Forward", "Index Name": "role_type_pkey", "Relation Name": "role_type", "Alias": "rt", "Startup Cost": 0.0, "Total Cost": 12.46, "Plan Rows": 1, "Plan Width": 4, "Actual Startup Time": 0.032, "Actual Total Time": 0.047, "Actual Rows": 1, "Actual Loops": 1, "Filter": "((role)::text = 'actress'::text)", "Rows Removed by Filter": 11}, {"Node Type": "Nested Loop", "Parent Relationship": "Inner", "Join Type": "Inner", "Startup Cost": 2780.8, "Total Cost": 108092.33, "Plan Rows": 5847, "Plan Width": 25, "Actual Startup Time": 32.807, "Actual Total Time": 3324.016, "Actual Rows": 19600, "Actual Loops": 1, "Inner Unique": false, "Plans": [{"Node Type": "Nested Loop", "Parent Relationship": "Outer", "Join Type": "Inner", "Startup Cost": 2780.8, "Total Cost": 102349.74, "Plan Rows": 5775, "Plan Width": 25, "Actual Startup Time": 32.741, "Actual Total Time": 721.498, "Actual Rows": 48328, "Actual Loops": 1, "Inner Unique": true, "Plans": [{"Node Type": "Nested Loop", "Parent Relationship": "Outer", "Join Type": "Inner", "Startup Cost": 2780.8, "Total Cost": 79702.64, "Plan Rows": 5775, "Plan Width": 4, "Actual Startup Time": 32.725, "Actual Total Time": 431.181, "Actual Rows": 48328, "Actual Loops": 1, "Inner Unique": false, "Plans": [{"Node Type": "Bitmap Heap Scan", "Parent Relationship": "Outer", "Relation Name": "company_name", "Alias": "cn", "Startup Cost": 2780.8, "Total Cost": 8684.25, "Plan Rows": 6290, "Plan Width": 4, "Actual Startup Time": 32.61, "Actual Total Time": 166.367, "Actual Rows": 6752, "Actual Loops": 1, "Filter": "((country_code)::text = '[jp]'::text)", "Rows Removed by Filter": 228244, "Exact Heap Blocks": 2966, "Lossy Heap Blocks": 2966, "Plans": [{"Node Type": "Bitmap Index Scan", "Parent Relationship": "Outer", "Index Name": "company_name_pkey", "Startup Cost": 0.0, "Total Cost": 2779.23, "Plan Rows": 234996, "Plan Width": 0, "Actual Startup Time": 32.108, "Actual Total Time": 32.108, "Actual Rows": 234996, "Actual Loops": 1}]}, {"Node Type": "Index Scan", "Parent Relationship": "Inner", "Scan Direction": "Forward", "Index Name": "company_id_movie_companies", "Relation Name": "movie_companies", "Alias": "mc", "Startup Cost": 0.0, "Total Cost": 11.28, "Plan Rows": 1, "Plan Width": 8, "Actual Startup Time": 90.596, "Actual Total Time": 248.139, "Actual Rows": 48328, "Actual Loops": 6752, "Index Cond": "(company_id = cn.id)", "Rows Removed by Index Recheck": 0, "Filter": "(((note)::text ~~ '%(Japan)%'::text) AND ((note)::text !~~ '%(USA)%'::text))", "Rows Removed by Filter": 56667}]}, {"Node Type": "Index Scan", "Parent Relationship": "Inner", "Scan Direction": "Forward", "Index Name": "title_pkey", "Relation Name": "title", "Alias": "t", "Startup Cost": 0.0, "Total Cost": 3.91, "Plan Rows": 1, "Plan Width": 21, "Actual Startup Time": 246.485, "Actual Total Time": 246.485, "Actual Rows": 48328, "Actual Loops": 48328, "Index Cond": "(id = mc.movie_id)", "Rows Removed by Index Recheck": 0}]}, {"Node Type": "Index Scan", "Parent Relationship": "Inner", "Scan Direction": "Forward", "Index Name": "movie_id_cast_info", "Relation Name": "cast_info", "Alias": "ci", "Startup Cost": 0.0, "Total Cost": 0.98, "Plan Rows": 1, "Plan Width": 12, "Actual Startup Time": 2454.423, "Actual Total Time": 2571.268, "Actual Rows": 19600, "Actual Loops": 48328, "Index Cond": "(movie_id = t.id)", "Rows Removed by Index Recheck": 0, "Filter": "((note)::text = '(voice: English version)'::text)", "Rows Removed by Filter": 1531710}]}]}, {"Node Type": "Index Scan", "Parent Relationship": "Inner", "Scan Direction": "Forward", "Index Name": "person_id_aka_name", "Relation Name": "aka_name", "Alias": "an1", "Startup Cost": 0.0, "Total Cost": 0.84, "Plan Rows": 1, "Plan Width": 20, "Actual Startup Time": 35.512, "Actual Total Time": 43.978, "Actual Rows": 17379, "Actual Loops": 7438, "Index Cond": "(person_id = ci.person_id)", "Rows Removed by Index Recheck": 0}]}, {"Node Type": "Index Scan", "Parent Relationship": "Inner", "Scan Direction": "Forward", "Index Name": "name_pkey", "Relation Name": "name", "Alias": "n1", "Startup Cost": 0.0, "Total Cost": 0.57, "Plan Rows": 1, "Plan Width": 4, "Actual Startup Time": 66.089, "Actual Total Time": 66.089, "Actual Rows": 62, "Actual Loops": 17379, "Index Cond": "(id = an1.person_id)", "Rows Removed by Index Recheck": 0, "Filter": "(((name)::text ~~ '%Yo%'::text) AND ((name)::text !~~ '%Yu%'::text))", "Rows Removed by Filter": 17317}]}]}, "Triggers": [], "Planner Runtime": 26, "Total Runtime": 3458.428, "Unique SQL Id": 3544391839}}, "(16, 6)": {"explain_plan": {"Plan": {"Node Type": "Aggregate", "Strategy": "Plain", "Startup Cost": 87864.29, "Total Cost": 87864.3, "Plan Rows": 1, "Plan Width": 97, "Plans": [{"Node Type": "Nested Loop", "Parent Relationship": "Outer", "Join Type": "Inner", "Startup Cost": 5984.57, "Total Cost": 87861.06, "Plan Rows": 646, "Plan Width": 33, "Inner Unique": true, "Plans": [{"Node Type": "Nested Loop", "Parent Relationship": "Outer", "Join Type": "Inner", "Startup Cost": 5984.25, "Total Cost": 85052.47, "Plan Rows": 645, "Plan Width": 41, "Inner Unique": false, "Plans": [{"Node Type": "Nested Loop", "Parent Relationship": "Outer", "Join Type": "Inner", "Startup Cost": 5983.86, "Total Cost": 82709.91, "Plan Rows": 532, "Plan Width": 21, "Inner Unique": false, "Join Filter": "(ci.role_id = rt.id)", "Plans": [{"Node Type": "Seq Scan", "Parent Relationship": "Outer", "Relation Name": "role_type", "Alias": "rt", "Startup Cost": 0.0, "Total Cost": 1.15, "Plan Rows": 1, "Plan Width": 4, "Filter": "((role)::text = 'actress'::text)"}, {"Node Type": "Materialize", "Parent Relationship": "Inner", "Startup Cost": 5983.86, "Total Cost": 82650.29, "Plan Rows": 5847, "Plan Width": 25, "Plans": [{"Node Type": "Nested Loop", "Parent Relationship": "Outer", "Join Type": "Inner", "Startup Cost": 5983.86, "Total Cost": 82635.67, "Plan Rows": 5847, "Plan Width": 25, "Inner Unique": false, "Plans": [{"Node Type": "Nested Loop", "Parent Relationship": "Outer", "Join Type": "Inner", "Startup Cost": 5983.35, "Total Cost": 55977.85, "Plan Rows": 5775, "Plan Width": 25, "Inner Unique": true, "Plans": [{"Node Type": "Hash Join", "Parent Relationship": "Outer", "Join Type": "Inner", "Startup Cost": 5982.08, "Total Cost": 25391.5, "Plan Rows": 5775, "Plan Width": 4, "Inner Unique": true, "Hash Cond": "(mc.company_id = cn.id)", "Plans": [{"Node Type": "Streaming(type: LOCAL GATHER dop: 1/16)", "Parent Relationship": "Outer", "Startup Cost": 0.0, "Total Cost": 19215.08, "Plan Rows": 36426, "Plan Width": 8, "Plans": [{"Node Type": "Seq Scan", "Parent Relationship": "Outer", "Relation Name": "movie_companies", "Alias": "mc", "Startup Cost": 0.0, "Total Cost": 18428.93, "Plan Rows": 36426, "Plan Width": 8, "Filter": "(((note)::text ~~ '%(Japan)%'::text) AND ((note)::text !~~ '%(USA)%'::text))"}]}, {"Node Type": "Hash", "Parent Relationship": "Inner", "Startup Cost": 5903.45, "Total Cost": 5903.45, "Plan Rows": 6290, "Plan Width": 4, "Plans": [{"Node Type": "Seq Scan", "Parent Relationship": "Outer", "Relation Name": "company_name", "Alias": "cn", "Startup Cost": 0.0, "Total Cost": 5903.45, "Plan Rows": 6290, "Plan Width": 4, "Filter": "((country_code)::text = '[jp]'::text)"}]}]}, {"Node Type": "Bitmap Heap Scan", "Parent Relationship": "Inner", "Relation Name": "title", "Alias": "t", "Startup Cost": 1.27, "Total Cost": 5.29, "Plan Rows": 1, "Plan Width": 21, "Recheck Cond": "(id = mc.movie_id)", "Plans": [{"Node Type": "Bitmap Index Scan", "Parent Relationship": "Outer", "Index Name": "title_pkey", "Startup Cost": 0.0, "Total Cost": 1.27, "Plan Rows": 1, "Plan Width": 0, "Index Cond": "(id = mc.movie_id)"}]}]}, {"Node Type": "Bitmap Heap Scan", "Parent Relationship": "Inner", "Relation Name": "cast_info", "Alias": "ci", "Startup Cost": 0.52, "Total Cost": 4.61, "Plan Rows": 1, "Plan Width": 12, "Recheck Cond": "(movie_id = t.id)", "Filter": "((note)::text = '(voice: English version)'::text)", "Plans": [{"Node Type": "Bitmap Index Scan", "Parent Relationship": "Outer", "Index Name": "movie_id_cast_info", "Startup Cost": 0.0, "Total Cost": 0.52, "Plan Rows": 6, "Plan Width": 0, "Index Cond": "(movie_id = t.id)"}]}]}]}]}, {"Node Type": "Bitmap Heap Scan", "Parent Relationship": "Inner", "Relation Name": "aka_name", "Alias": "an1", "Startup Cost": 0.38, "Total Cost": 4.39, "Plan Rows": 1, "Plan Width": 20, "Recheck Cond": "(person_id = ci.person_id)", "Plans": [{"Node Type": "Bitmap Index Scan", "Parent Relationship": "Outer", "Index Name": "person_id_aka_name", "Startup Cost": 0.0, "Total Cost": 0.38, "Plan Rows": 1, "Plan Width": 0, "Index Cond": "(person_id = ci.person_id)"}]}]}, {"Node Type": "Bitmap Heap Scan", "Parent Relationship": "Inner", "Relation Name": "name", "Alias": "n1", "Startup Cost": 0.33, "Total Cost": 4.34, "Plan Rows": 1, "Plan Width": 4, "Recheck Cond": "(id = an1.person_id)", "Filter": "(((name)::text ~~ '%Yo%'::text) AND ((name)::text !~~ '%Yu%'::text))", "Plans": [{"Node Type": "Bitmap Index Scan", "Parent Relationship": "Outer", "Index Name": "name_pkey", "Startup Cost": 0.0, "Total Cost": 0.33, "Plan Rows": 1, "Plan Width": 0, "Index Cond": "(id = an1.person_id)"}]}]}]}, "Unique SQL Id": 3544391839, "Planner Runtime": 99}, "explain_analyze_plan": {"Plan": {"Node Type": "Aggregate", "Strategy": "Plain", "Startup Cost": 87864.29, "Total Cost": 87864.3, "Plan Rows": 1, "Plan Width": 97, "Actual Min Startup Time": 4168.893, "Actual Max Startup Time": 4168.893, "Actual Min Total Time": 4168.894, "Actual Max Total Time": 4168.894, "Plans": [{"Node Type": "Nested Loop", "Parent Relationship": "Outer", "Join Type": "Inner", "Startup Cost": 5984.57, "Total Cost": 87861.06, "Plan Rows": 646, "Plan Width": 33, "Actual Min Startup Time": 4044.828, "Actual Max Startup Time": 4044.828, "Actual Min Total Time": 4168.776, "Actual Max Total Time": 4168.776, "Inner Unique": true, "Plans": [{"Node Type": "Nested Loop", "Parent Relationship": "Outer", "Join Type": "Inner", "Startup Cost": 5984.25, "Total Cost": 85052.47, "Plan Rows": 645, "Plan Width": 41, "Actual Min Startup Time": 4011.43, "Actual Max Startup Time": 4011.43, "Actual Min Total Time": 4073.455, "Actual Max Total Time": 4073.455, "Inner Unique": false, "Plans": [{"Node Type": "Nested Loop", "Parent Relationship": "Outer", "Join Type": "Inner", "Startup Cost": 5983.86, "Total Cost": 82709.91, "Plan Rows": 532, "Plan Width": 21, "Actual Min Startup Time": 4011.401, "Actual Max Startup Time": 4011.401, "Actual Min Total Time": 4021.721, "Actual Max Total Time": 4021.721, "Inner Unique": false, "Join Filter": "(ci.role_id = rt.id)", "Rows Removed by Join Filter": 12162, "Plans": [{"Node Type": "Seq Scan", "Parent Relationship": "Outer", "Relation Name": "role_type", "Alias": "rt", "Startup Cost": 0.0, "Total Cost": 1.15, "Plan Rows": 1, "Plan Width": 4, "Actual Min Startup Time": 0.037, "Actual Max Startup Time": 0.037, "Actual Min Total Time": 0.046, "Actual Max Total Time": 0.046, "Filter": "((role)::text = 'actress'::text)", "Rows Removed by Filter": 11, "Actual Rows": 1}, {"Node Type": "Materialize", "Parent Relationship": "Inner", "Startup Cost": 5983.86, "Total Cost": 82650.29, "Plan Rows": 5847, "Plan Width": 25, "Actual Min Startup Time": 4011.337, "Actual Max Startup Time": 4011.337, "Actual Min Total Time": 4015.032, "Actual Max Total Time": 4015.032, "Plans": [{"Node Type": "Nested Loop", "Parent Relationship": "Outer", "Join Type": "Inner", "Startup Cost": 5983.86, "Total Cost": 82635.67, "Plan Rows": 5847, "Plan Width": 25, "Actual Min Startup Time": 93.596, "Actual Max Startup Time": 93.596, "Actual Min Total Time": 4004.823, "Actual Max Total Time": 4004.823, "Inner Unique": false, "Plans": [{"Node Type": "Nested Loop", "Parent Relationship": "Outer", "Join Type": "Inner", "Startup Cost": 5983.35, "Total Cost": 55977.85, "Plan Rows": 5775, "Plan Width": 25, "Actual Min Startup Time": 84.937, "Actual Max Startup Time": 84.937, "Actual Min Total Time": 493.268, "Actual Max Total Time": 493.268, "Inner Unique": true, "Plans": [{"Node Type": "Hash Join", "Parent Relationship": "Outer", "Join Type": "Inner", "Startup Cost": 5982.08, "Total Cost": 25391.5, "Plan Rows": 5775, "Plan Width": 4, "Actual Min Startup Time": 84.859, "Actual Max Startup Time": 84.859, "Actual Min Total Time": 143.219, "Actual Max Total Time": 143.219, "Inner Unique": true, "Hash Cond": "(mc.company_id = cn.id)", "Plans": [{"Node Type": "Streaming(type: LOCAL GATHER dop: 1/16)", "Parent Relationship": "Outer", "Startup Cost": 0.0, "Total Cost": 19215.08, "Plan Rows": 36426, "Plan Width": 8, "Actual Min Startup Time": 0.088, "Actual Max Startup Time": 0.088, "Actual Min Total Time": 22.29, "Actual Max Total Time": 22.29, "Plans": [{"Node Type": "Seq Scan", "Parent Relationship": "Outer", "Relation Name": "movie_companies", "Alias": "mc", "Startup Cost": 0.0, "Total Cost": 18428.93, "Plan Rows": 36426, "Plan Width": 8, "Actual Min Startup Time": 0.038, "Actual Max Startup Time": 0.363, "Actual Min Total Time": 53.649, "Actual Max Total Time": 61.522, "Filter": "(((note)::text ~~ '%(Japan)%'::text) AND ((note)::text !~~ '%(USA)%'::text))", "Rows Removed by Filter": 2560231, "Actual Rows": 48897}], "Actual Rows": 48897}, {"Node Type": "Hash", "Parent Relationship": "Inner", "Startup Cost": 5903.45, "Total Cost": 5903.45, "Plan Rows": 6290, "Plan Width": 4, "Actual Min Startup Time": 84.685, "Actual Max Startup Time": 84.685, "Actual Min Total Time": 84.685, "Actual Max Total Time": 84.685, "Max Hash Buckets": 32768, "Min Hash Buckets": 32768, "Max Hash Batches": 1, "Min Hash Batches": 1, "Max Original Hash Batches": 1, "Min Original Hash Batches": 1, "Max Peak Memory Usage": 238, "min Peak Memory Usage": 238, "Plans": [{"Node Type": "Seq Scan", "Parent Relationship": "Outer", "Relation Name": "company_name", "Alias": "cn", "Startup Cost": 0.0, "Total Cost": 5903.45, "Plan Rows": 6290, "Plan Width": 4, "Actual Min Startup Time": 0.063, "Actual Max Startup Time": 0.063, "Actual Min Total Time": 82.565, "Actual Max Total Time": 82.565, "Filter": "((country_code)::text = '[jp]'::text)", "Rows Removed by Filter": 228244, "Actual Rows": 6752}], "Actual Rows": 6752}], "Actual Rows": 48328}, {"Node Type": "Bitmap Heap Scan", "Parent Relationship": "Inner", "Relation Name": "title", "Alias": "t", "Startup Cost": 1.27, "Total Cost": 5.29, "Plan Rows": 1, "Plan Width": 21, "Actual Min Startup Time": 273.957, "Actual Max Startup Time": 273.957, "Actual Min Total Time": 273.957, "Actual Max Total Time": 273.957, "Recheck Cond": "(id = mc.movie_id)", "Rows Removed by Index Recheck": 0, "Exact Heap Blocks": 48328, "Lossy Heap Blocks": 48328, "Plans": [{"Node Type": "Bitmap Index Scan", "Parent Relationship": "Outer", "Index Name": "title_pkey", "Startup Cost": 0.0, "Total Cost": 1.27, "Plan Rows": 1, "Plan Width": 0, "Actual Min Startup Time": 149.902, "Actual Max Startup Time": 149.902, "Actual Min Total Time": 149.902, "Actual Max Total Time": 149.902, "Index Cond": "(id = mc.movie_id)", "Actual Rows": 48328}], "Actual Rows": 48328}], "Actual Rows": 48328}, {"Node Type": "Bitmap Heap Scan", "Parent Relationship": "Inner", "Relation Name": "cast_info", "Alias": "ci", "Startup Cost": 0.52, "Total Cost": 4.61, "Plan Rows": 1, "Plan Width": 12, "Actual Min Startup Time": 3303.822, "Actual Max Startup Time": 3303.822, "Actual Min Total Time": 3439.567, "Actual Max Total Time": 3439.567, "Recheck Cond": "(movie_id = t.id)", "Rows Removed by Index Recheck": 0, "Filter": "((note)::text = '(voice: English version)'::text)", "Rows Removed by Filter": 1531710, "Exact Heap Blocks": 1503105, "Lossy Heap Blocks": 1503105, "Plans": [{"Node Type": "Bitmap Index Scan", "Parent Relationship": "Outer", "Index Name": "movie_id_cast_info", "Startup Cost": 0.0, "Total Cost": 0.52, "Plan Rows": 6, "Plan Width": 0, "Actual Min Startup Time": 454.018, "Actual Max Startup Time": 454.018, "Actual Min Total Time": 454.018, "Actual Max Total Time": 454.018, "Index Cond": "(movie_id = t.id)", "Actual Rows": 1551310}], "Actual Rows": 19600}], "Actual Rows": 19600}], "Actual Rows": 19601}], "Actual Rows": 7438}, {"Node Type": "Bitmap Heap Scan", "Parent Relationship": "Inner", "Relation Name": "aka_name", "Alias": "an1", "Startup Cost": 0.38, "Total Cost": 4.39, "Plan Rows": 1, "Plan Width": 20, "Actual Min Startup Time": 34.843, "Actual Max Startup Time": 34.843, "Actual Min Total Time": 39.278, "Actual Max Total Time": 39.278, "Recheck Cond": "(person_id = ci.person_id)", "Rows Removed by Index Recheck": 0, "Exact Heap Blocks": 6514, "Lossy Heap Blocks": 6514, "Plans": [{"Node Type": "Bitmap Index Scan", "Parent Relationship": "Outer", "Index Name": "person_id_aka_name", "Startup Cost": 0.0, "Total Cost": 0.38, "Plan Rows": 1, "Plan Width": 0, "Actual Min Startup Time": 22.916, "Actual Max Startup Time": 22.916, "Actual Min Total Time": 22.916, "Actual Max Total Time": 22.916, "Index Cond": "(person_id = ci.person_id)", "Actual Rows": 17379}], "Actual Rows": 17379}], "Actual Rows": 17379}, {"Node Type": "Bitmap Heap Scan", "Parent Relationship": "Inner", "Relation Name": "name", "Alias": "n1", "Startup Cost": 0.33, "Total Cost": 4.34, "Plan Rows": 1, "Plan Width": 4, "Actual Min Startup Time": 75.179, "Actual Max Startup Time": 75.179, "Actual Min Total Time": 75.179, "Actual Max Total Time": 75.179, "Recheck Cond": "(id = an1.person_id)", "Rows Removed by Index Recheck": 0, "Filter": "(((name)::text ~~ '%Yo%'::text) AND ((name)::text !~~ '%Yu%'::text))", "Rows Removed by Filter": 17317, "Exact Heap Blocks": 17379, "Lossy Heap Blocks": 17379, "Plans": [{"Node Type": "Bitmap Index Scan", "Parent Relationship": "Outer", "Index Name": "name_pkey", "Startup Cost": 0.0, "Total Cost": 0.33, "Plan Rows": 1, "Plan Width": 0, "Actual Min Startup Time": 43.964, "Actual Max Startup Time": 43.964, "Actual Min Total Time": 43.964, "Actual Max Total Time": 43.964, "Index Cond": "(id = an1.person_id)", "Actual Rows": 17379}], "Actual Rows": 62}], "Actual Rows": 62}], "Actual Rows": 1}, "Triggers": [], "Planner Runtime": 91, "Total Runtime": 4172.216, "Unique SQL Id": 3544391839}}, "(16, 7)": {"explain_plan": {"Plan": {"Node Type": "Aggregate", "Strategy": "Plain", "Startup Cost": 168806.18, "Total Cost": 168806.19, "Plan Rows": 1, "Plan Width": 97, "Plans": [{"Node Type": "Nested Loop", "Parent Relationship": "Outer", "Join Type": "Inner", "Startup Cost": 2794.98, "Total Cost": 168802.95, "Plan Rows": 646, "Plan Width": 33, "Inner Unique": true, "Plans": [{"Node Type": "Nested Loop", "Parent Relationship": "Outer", "Join Type": "Inner", "Startup Cost": 2794.66, "Total Cost": 165994.37, "Plan Rows": 645, "Plan Width": 41, "Inner Unique": false, "Plans": [{"Node Type": "Nested Loop", "Parent Relationship": "Outer", "Join Type": "Inner", "Startup Cost": 2794.28, "Total Cost": 163651.8, "Plan Rows": 532, "Plan Width": 21, "Inner Unique": false, "Join Filter": "(ci.role_id = rt.id)", "Plans": [{"Node Type": "Bitmap Heap Scan", "Parent Relationship": "Outer", "Relation Name": "role_type", "Alias": "rt", "Startup Cost": 8.31, "Total Cost": 12.46, "Plan Rows": 1, "Plan Width": 4, "Filter": "((role)::text = 'actress'::text)", "Plans": [{"Node Type": "Bitmap Index Scan", "Parent Relationship": "Outer", "Index Name": "role_type_pkey", "Startup Cost": 0.0, "Total Cost": 8.31, "Plan Rows": 12, "Plan Width": 0}]}, {"Node Type": "Nested Loop", "Parent Relationship": "Inner", "Join Type": "Inner", "Startup Cost": 2785.97, "Total Cost": 163566.25, "Plan Rows": 5847, "Plan Width": 25, "Inner Unique": false, "Plans": [{"Node Type": "Nested Loop", "Parent Relationship": "Outer", "Join Type": "Inner", "Startup Cost": 2785.45, "Total Cost": 136908.44, "Plan Rows": 5775, "Plan Width": 25, "Inner Unique": true, "Plans": [{"Node Type": "Nested Loop", "Parent Relationship": "Outer", "Join Type": "Inner", "Startup Cost": 2784.18, "Total Cost": 106322.09, "Plan Rows": 5775, "Plan Width": 4, "Inner Unique": false, "Plans": [{"Node Type": "Bitmap Heap Scan", "Parent Relationship": "Outer", "Relation Name": "company_name", "Alias": "cn", "Startup Cost": 2780.8, "Total Cost": 8684.25, "Plan Rows": 6290, "Plan Width": 4, "Filter": "((country_code)::text = '[jp]'::text)", "Plans": [{"Node Type": "Bitmap Index Scan", "Parent Relationship": "Outer", "Index Name": "company_name_pkey", "Startup Cost": 0.0, "Total Cost": 2779.23, "Plan Rows": 234996, "Plan Width": 0}]}, {"Node Type": "Bitmap Heap Scan", "Parent Relationship": "Inner", "Relation Name": "movie_companies", "Alias": "mc", "Startup Cost": 3.37, "Total Cost": 15.51, "Plan Rows": 1, "Plan Width": 8, "Recheck Cond": "(company_id = cn.id)", "Filter": "(((note)::text ~~ '%(Japan)%'::text) AND ((note)::text !~~ '%(USA)%'::text))", "Plans": [{"Node Type": "Bitmap Index Scan", "Parent Relationship": "Outer", "Index Name": "company_id_movie_companies", "Startup Cost": 0.0, "Total Cost": 3.37, "Plan Rows": 15, "Plan Width": 0, "Index Cond": "(company_id = cn.id)"}]}]}, {"Node Type": "Bitmap Heap Scan", "Parent Relationship": "Inner", "Relation Name": "title", "Alias": "t", "Startup Cost": 1.27, "Total Cost": 5.29, "Plan Rows": 1, "Plan Width": 21, "Recheck Cond": "(id = mc.movie_id)", "Plans": [{"Node Type": "Bitmap Index Scan", "Parent Relationship": "Outer", "Index Name": "title_pkey", "Startup Cost": 0.0, "Total Cost": 1.27, "Plan Rows": 1, "Plan Width": 0, "Index Cond": "(id = mc.movie_id)"}]}]}, {"Node Type": "Bitmap Heap Scan", "Parent Relationship": "Inner", "Relation Name": "cast_info", "Alias": "ci", "Startup Cost": 0.52, "Total Cost": 4.61, "Plan Rows": 1, "Plan Width": 12, "Recheck Cond": "(movie_id = t.id)", "Filter": "((note)::text = '(voice: English version)'::text)", "Plans": [{"Node Type": "Bitmap Index Scan", "Parent Relationship": "Outer", "Index Name": "movie_id_cast_info", "Startup Cost": 0.0, "Total Cost": 0.52, "Plan Rows": 6, "Plan Width": 0, "Index Cond": "(movie_id = t.id)"}]}]}]}, {"Node Type": "Bitmap Heap Scan", "Parent Relationship": "Inner", "Relation Name": "aka_name", "Alias": "an1", "Startup Cost": 0.38, "Total Cost": 4.39, "Plan Rows": 1, "Plan Width": 20, "Recheck Cond": "(person_id = ci.person_id)", "Plans": [{"Node Type": "Bitmap Index Scan", "Parent Relationship": "Outer", "Index Name": "person_id_aka_name", "Startup Cost": 0.0, "Total Cost": 0.38, "Plan Rows": 1, "Plan Width": 0, "Index Cond": "(person_id = ci.person_id)"}]}]}, {"Node Type": "Bitmap Heap Scan", "Parent Relationship": "Inner", "Relation Name": "name", "Alias": "n1", "Startup Cost": 0.33, "Total Cost": 4.34, "Plan Rows": 1, "Plan Width": 4, "Recheck Cond": "(id = an1.person_id)", "Filter": "(((name)::text ~~ '%Yo%'::text) AND ((name)::text !~~ '%Yu%'::text))", "Plans": [{"Node Type": "Bitmap Index Scan", "Parent Relationship": "Outer", "Index Name": "name_pkey", "Startup Cost": 0.0, "Total Cost": 0.33, "Plan Rows": 1, "Plan Width": 0, "Index Cond": "(id = an1.person_id)"}]}]}]}, "Unique SQL Id": 3544391839, "Planner Runtime": 31}, "explain_analyze_plan": {"Plan": {"Node Type": "Aggregate", "Strategy": "Plain", "Startup Cost": 168806.18, "Total Cost": 168806.19, "Plan Rows": 1, "Plan Width": 97, "Actual Startup Time": 5296.908, "Actual Total Time": 5296.909, "Actual Rows": 1, "Actual Loops": 1, "Plans": [{"Node Type": "Nested Loop", "Parent Relationship": "Outer", "Join Type": "Inner", "Startup Cost": 2794.98, "Total Cost": 168802.95, "Plan Rows": 646, "Plan Width": 33, "Actual Startup Time": 415.255, "Actual Total Time": 5296.577, "Actual Rows": 62, "Actual Loops": 1, "Inner Unique": true, "Plans": [{"Node Type": "Nested Loop", "Parent Relationship": "Outer", "Join Type": "Inner", "Startup Cost": 2794.66, "Total Cost": 165994.37, "Plan Rows": 645, "Plan Width": 41, "Actual Startup Time": 22.542, "Actual Total Time": 5190.467, "Actual Rows": 17379, "Actual Loops": 1, "Inner Unique": false, "Plans": [{"Node Type": "Nested Loop", "Parent Relationship": "Outer", "Join Type": "Inner", "Startup Cost": 2794.28, "Total Cost": 163651.8, "Plan Rows": 532, "Plan Width": 21, "Actual Startup Time": 22.521, "Actual Total Time": 5123.341, "Actual Rows": 7438, "Actual Loops": 1, "Inner Unique": false, "Join Filter": "(ci.role_id = rt.id)", "Rows Removed by Join Filter": 12162, "Plans": [{"Node Type": "Bitmap Heap Scan", "Parent Relationship": "Outer", "Relation Name": "role_type", "Alias": "rt", "Startup Cost": 8.31, "Total Cost": 12.46, "Plan Rows": 1, "Plan Width": 4, "Actual Startup Time": 0.023, "Actual Total Time": 0.029, "Actual Rows": 1, "Actual Loops": 1, "Filter": "((role)::text = 'actress'::text)", "Rows Removed by Filter": 11, "Exact Heap Blocks": 1, "Lossy Heap Blocks": 1, "Plans": [{"Node Type": "Bitmap Index Scan", "Parent Relationship": "Outer", "Index Name": "role_type_pkey", "Startup Cost": 0.0, "Total Cost": 8.31, "Plan Rows": 12, "Plan Width": 0, "Actual Startup Time": 0.006, "Actual Total Time": 0.006, "Actual Rows": 12, "Actual Loops": 1}]}, {"Node Type": "Nested Loop", "Parent Relationship": "Inner", "Join Type": "Inner", "Startup Cost": 2785.97, "Total Cost": 163566.25, "Plan Rows": 5847, "Plan Width": 25, "Actual Startup Time": 22.492, "Actual Total Time": 5117.719, "Actual Rows": 19600, "Actual Loops": 1, "Inner Unique": false, "Plans": [{"Node Type": "Nested Loop", "Parent Relationship": "Outer", "Join Type": "Inner", "Startup Cost": 2785.45, "Total Cost": 136908.44, "Plan Rows": 5775, "Plan Width": 25, "Actual Startup Time": 22.388, "Actual Total Time": 906.266, "Actual Rows": 48328, "Actual Loops": 1, "Inner Unique": true, "Plans": [{"Node Type": "Nested Loop", "Parent Relationship": "Outer", "Join Type": "Inner", "Startup Cost": 2784.18, "Total Cost": 106322.09, "Plan Rows": 5775, "Plan Width": 4, "Actual Startup Time": 22.367, "Actual Total Time": 442.457, "Actual Rows": 48328, "Actual Loops": 1, "Inner Unique": false, "Plans": [{"Node Type": "Bitmap Heap Scan", "Parent Relationship": "Outer", "Relation Name": "company_name", "Alias": "cn", "Startup Cost": 2780.8, "Total Cost": 8684.25, "Plan Rows": 6290, "Plan Width": 4, "Actual Startup Time": 22.305, "Actual Total Time": 130.791, "Actual Rows": 6752, "Actual Loops": 1, "Filter": "((country_code)::text = '[jp]'::text)", "Rows Removed by Filter": 228244, "Exact Heap Blocks": 2966, "Lossy Heap Blocks": 2966, "Plans": [{"Node Type": "Bitmap Index Scan", "Parent Relationship": "Outer", "Index Name": "company_name_pkey", "Startup Cost": 0.0, "Total Cost": 2779.23, "Plan Rows": 234996, "Plan Width": 0, "Actual Startup Time": 21.851, "Actual Total Time": 21.851, "Actual Rows": 234996, "Actual Loops": 1}]}, {"Node Type": "Bitmap Heap Scan", "Parent Relationship": "Inner", "Relation Name": "movie_companies", "Alias": "mc", "Startup Cost": 3.37, "Total Cost": 15.51, "Plan Rows": 1, "Plan Width": 8, "Actual Startup Time": 107.583, "Actual Total Time": 288.604, "Actual Rows": 48328, "Actual Loops": 6752, "Recheck Cond": "(company_id = cn.id)", "Rows Removed by Index Recheck": 0, "Filter": "(((note)::text ~~ '%(Japan)%'::text) AND ((note)::text !~~ '%(USA)%'::text))", "Rows Removed by Filter": 56667, "Exact Heap Blocks": 61861, "Lossy Heap Blocks": 61861, "Plans": [{"Node Type": "Bitmap Index Scan", "Parent Relationship": "Outer", "Index Name": "company_id_movie_companies", "Startup Cost": 0.0, "Total Cost": 3.37, "Plan Rows": 15, "Plan Width": 0, "Actual Startup Time": 56.372, "Actual Total Time": 56.372, "Actual Rows": 104995, "Actual Loops": 6752, "Index Cond": "(company_id = cn.id)"}]}]}, {"Node Type": "Bitmap Heap Scan", "Parent Relationship": "Inner", "Relation Name": "title", "Alias": "t", "Startup Cost": 1.27, "Total Cost": 5.29, "Plan Rows": 1, "Plan Width": 21, "Actual Startup Time": 387.021, "Actual Total Time": 387.021, "Actual Rows": 48328, "Actual Loops": 48328, "Recheck Cond": "(id = mc.movie_id)", "Rows Removed by Index Recheck": 0, "Exact Heap Blocks": 48328, "Lossy Heap Blocks": 48328, "Plans": [{"Node Type": "Bitmap Index Scan", "Parent Relationship": "Outer", "Index Name": "title_pkey", "Startup Cost": 0.0, "Total Cost": 1.27, "Plan Rows": 1, "Plan Width": 0, "Actual Startup Time": 222.451, "Actual Total Time": 222.451, "Actual Rows": 48328, "Actual Loops": 48328, "Index Cond": "(id = mc.movie_id)"}]}]}, {"Node Type": "Bitmap Heap Scan", "Parent Relationship": "Inner", "Relation Name": "cast_info", "Alias": "ci", "Startup Cost": 0.52, "Total Cost": 4.61, "Plan Rows": 1, "Plan Width": 12, "Actual Startup Time": 3969.248, "Actual Total Time": 4139.093, "Actual Rows": 19600, "Actual Loops": 48328, "Recheck Cond": "(movie_id = t.id)", "Rows Removed by Index Recheck": 0, "Filter": "((note)::text = '(voice: English version)'::text)", "Rows Removed by Filter": 1531710, "Exact Heap Blocks": 1503105, "Lossy Heap Blocks": 1503105, "Plans": [{"Node Type": "Bitmap Index Scan", "Parent Relationship": "Outer", "Index Name": "movie_id_cast_info", "Startup Cost": 0.0, "Total Cost": 0.52, "Plan Rows": 6, "Plan Width": 0, "Actual Startup Time": 571.467, "Actual Total Time": 571.467, "Actual Rows": 1551310, "Actual Loops": 48328, "Index Cond": "(movie_id = t.id)"}]}]}]}, {"Node Type": "Bitmap Heap Scan", "Parent Relationship": "Inner", "Relation Name": "aka_name", "Alias": "an1", "Startup Cost": 0.38, "Total Cost": 4.39, "Plan Rows": 1, "Plan Width": 20, "Actual Startup Time": 47.458, "Actual Total Time": 52.982, "Actual Rows": 17379, "Actual Loops": 7438, "Recheck Cond": "(person_id = ci.person_id)", "Rows Removed by Index Recheck": 0, "Exact Heap Blocks": 6514, "Lossy Heap Blocks": 6514, "Plans": [{"Node Type": "Bitmap Index Scan", "Parent Relationship": "Outer", "Index Name": "person_id_aka_name", "Startup Cost": 0.0, "Total Cost": 0.38, "Plan Rows": 1, "Plan Width": 0, "Actual Startup Time": 31.31, "Actual Total Time": 31.31, "Actual Rows": 17379, "Actual Loops": 7438, "Index Cond": "(person_id = ci.person_id)"}]}]}, {"Node Type": "Bitmap Heap Scan", "Parent Relationship": "Inner", "Relation Name": "name", "Alias": "n1", "Startup Cost": 0.33, "Total Cost": 4.34, "Plan Rows": 1, "Plan Width": 4, "Actual Startup Time": 85.647, "Actual Total Time": 85.647, "Actual Rows": 62, "Actual Loops": 17379, "Recheck Cond": "(id = an1.person_id)", "Rows Removed by Index Recheck": 0, "Filter": "(((name)::text ~~ '%Yo%'::text) AND ((name)::text !~~ '%Yu%'::text))", "Rows Removed by Filter": 17317, "Exact Heap Blocks": 17379, "Lossy Heap Blocks": 17379, "Plans": [{"Node Type": "Bitmap Index Scan", "Parent Relationship": "Outer", "Index Name": "name_pkey", "Startup Cost": 0.0, "Total Cost": 0.33, "Plan Rows": 1, "Plan Width": 0, "Actual Startup Time": 50.623, "Actual Total Time": 50.623, "Actual Rows": 17379, "Actual Loops": 17379, "Index Cond": "(id = an1.person_id)"}]}]}]}, "Triggers": [], "Planner Runtime": 26, "Total Runtime": 5297.349, "Unique SQL Id": 3544391839}}, "(16, 8)": {"explain_plan": {"Plan": {"Node Type": "Aggregate", "Strategy": "Plain", "Startup Cost": 54688.41, "Total Cost": 54688.42, "Plan Rows": 1, "Plan Width": 97, "Plans": [{"Node Type": "Nested Loop", "Parent Relationship": "Outer", "Join Type": "Inner", "Startup Cost": 5982.08, "Total Cost": 54685.18, "Plan Rows": 646, "Plan Width": 33, "Inner Unique": true, "Plans": [{"Node Type": "Nested Loop", "Parent Relationship": "Outer", "Join Type": "Inner", "Startup Cost": 5982.08, "Total Cost": 54309.64, "Plan Rows": 645, "Plan Width": 41, "Inner Unique": false, "Plans": [{"Node Type": "Nested Loop", "Parent Relationship": "Outer", "Join Type": "Inner", "Startup Cost": 5982.08, "Total Cost": 53855.43, "Plan Rows": 532, "Plan Width": 21, "Inner Unique": false, "Join Filter": "(ci.role_id = rt.id)", "Plans": [{"Node Type": "Seq Scan", "Parent Relationship": "Outer", "Relation Name": "role_type", "Alias": "rt", "Startup Cost": 0.0, "Total Cost": 1.15, "Plan Rows": 1, "Plan Width": 4, "Filter": "((role)::text = 'actress'::text)"}, {"Node Type": "Materialize", "Parent Relationship": "Inner", "Startup Cost": 5982.08, "Total Cost": 53795.81, "Plan Rows": 5847, "Plan Width": 25, "Plans": [{"Node Type": "Nested Loop", "Parent Relationship": "Outer", "Join Type": "Inner", "Startup Cost": 5982.08, "Total Cost": 53781.19, "Plan Rows": 5847, "Plan Width": 25, "Inner Unique": false, "Plans": [{"Node Type": "Nested Loop", "Parent Relationship": "Outer", "Join Type": "Inner", "Startup Cost": 5982.08, "Total Cost": 48038.6, "Plan Rows": 5775, "Plan Width": 25, "Inner Unique": true, "Plans": [{"Node Type": "Hash Join", "Parent Relationship": "Outer", "Join Type": "Inner", "Startup Cost": 5982.08, "Total Cost": 25391.5, "Plan Rows": 5775, "Plan Width": 4, "Inner Unique": true, "Hash Cond": "(mc.company_id = cn.id)", "Plans": [{"Node Type": "Streaming(type: LOCAL GATHER dop: 1/16)", "Parent Relationship": "Outer", "Startup Cost": 0.0, "Total Cost": 19215.08, "Plan Rows": 36426, "Plan Width": 8, "Plans": [{"Node Type": "Seq Scan", "Parent Relationship": "Outer", "Relation Name": "movie_companies", "Alias": "mc", "Startup Cost": 0.0, "Total Cost": 18428.93, "Plan Rows": 36426, "Plan Width": 8, "Filter": "(((note)::text ~~ '%(Japan)%'::text) AND ((note)::text !~~ '%(USA)%'::text))"}]}, {"Node Type": "Hash", "Parent Relationship": "Inner", "Startup Cost": 5903.45, "Total Cost": 5903.45, "Plan Rows": 6290, "Plan Width": 4, "Plans": [{"Node Type": "Seq Scan", "Parent Relationship": "Outer", "Relation Name": "company_name", "Alias": "cn", "Startup Cost": 0.0, "Total Cost": 5903.45, "Plan Rows": 6290, "Plan Width": 4, "Filter": "((country_code)::text = '[jp]'::text)"}]}]}, {"Node Type": "Index Scan", "Parent Relationship": "Inner", "Scan Direction": "Forward", "Index Name": "title_pkey", "Relation Name": "title", "Alias": "t", "Startup Cost": 0.0, "Total Cost": 3.91, "Plan Rows": 1, "Plan Width": 21, "Index Cond": "(id = mc.movie_id)"}]}, {"Node Type": "Index Scan", "Parent Relationship": "Inner", "Scan Direction": "Forward", "Index Name": "movie_id_cast_info", "Relation Name": "cast_info", "Alias": "ci", "Startup Cost": 0.0, "Total Cost": 0.98, "Plan Rows": 1, "Plan Width": 12, "Index Cond": "(movie_id = t.id)", "Filter": "((note)::text = '(voice: English version)'::text)"}]}]}]}, {"Node Type": "Index Scan", "Parent Relationship": "Inner", "Scan Direction": "Forward", "Index Name": "person_id_aka_name", "Relation Name": "aka_name", "Alias": "an1", "Startup Cost": 0.0, "Total Cost": 0.84, "Plan Rows": 1, "Plan Width": 20, "Index Cond": "(person_id = ci.person_id)"}]}, {"Node Type": "Index Scan", "Parent Relationship": "Inner", "Scan Direction": "Forward", "Index Name": "name_pkey", "Relation Name": "name", "Alias": "n1", "Startup Cost": 0.0, "Total Cost": 0.57, "Plan Rows": 1, "Plan Width": 4, "Index Cond": "(id = an1.person_id)", "Filter": "(((name)::text ~~ '%Yo%'::text) AND ((name)::text !~~ '%Yu%'::text))"}]}]}, "Unique SQL Id": 3544391839, "Planner Runtime": 57}, "explain_analyze_plan": {"Plan": {"Node Type": "Aggregate", "Strategy": "Plain", "Startup Cost": 54688.41, "Total Cost": 54688.42, "Plan Rows": 1, "Plan Width": 97, "Actual Min Startup Time": 2985.685, "Actual Max Startup Time": 2985.685, "Actual Min Total Time": 2985.685, "Actual Max Total Time": 2985.685, "Plans": [{"Node Type": "Nested Loop", "Parent Relationship": "Outer", "Join Type": "Inner", "Startup Cost": 5982.08, "Total Cost": 54685.18, "Plan Rows": 646, "Plan Width": 33, "Actual Min Startup Time": 2895.855, "Actual Max Startup Time": 2895.855, "Actual Min Total Time": 2985.577, "Actual Max Total Time": 2985.577, "Inner Unique": true, "Plans": [{"Node Type": "Nested Loop", "Parent Relationship": "Outer", "Join Type": "Inner", "Startup Cost": 5982.08, "Total Cost": 54309.64, "Plan Rows": 645, "Plan Width": 41, "Actual Min Startup Time": 2871.517, "Actual Max Startup Time": 2871.517, "Actual Min Total Time": 2919.785, "Actual Max Total Time": 2919.785, "Inner Unique": false, "Plans": [{"Node Type": "Nested Loop", "Parent Relationship": "Outer", "Join Type": "Inner", "Startup Cost": 5982.08, "Total Cost": 53855.43, "Plan Rows": 532, "Plan Width": 21, "Actual Min Startup Time": 2871.467, "Actual Max Startup Time": 2871.467, "Actual Min Total Time": 2880.704, "Actual Max Total Time": 2880.704, "Inner Unique": false, "Join Filter": "(ci.role_id = rt.id)", "Rows Removed by Join Filter": 12162, "Plans": [{"Node Type": "Seq Scan", "Parent Relationship": "Outer", "Relation Name": "role_type", "Alias": "rt", "Startup Cost": 0.0, "Total Cost": 1.15, "Plan Rows": 1, "Plan Width": 4, "Actual Min Startup Time": 0.076, "Actual Max Startup Time": 0.076, "Actual Min Total Time": 0.084, "Actual Max Total Time": 0.084, "Filter": "((role)::text = 'actress'::text)", "Rows Removed by Filter": 11, "Actual Rows": 1}, {"Node Type": "Materialize", "Parent Relationship": "Inner", "Startup Cost": 5982.08, "Total Cost": 53795.81, "Plan Rows": 5847, "Plan Width": 25, "Actual Min Startup Time": 2871.362, "Actual Max Startup Time": 2871.362, "Actual Min Total Time": 2874.376, "Actual Max Total Time": 2874.376, "Plans": [{"Node Type": "Nested Loop", "Parent Relationship": "Outer", "Join Type": "Inner", "Startup Cost": 5982.08, "Total Cost": 53781.19, "Plan Rows": 5847, "Plan Width": 25, "Actual Min Startup Time": 91.393, "Actual Max Startup Time": 91.393, "Actual Min Total Time": 2864.734, "Actual Max Total Time": 2864.734, "Inner Unique": false, "Plans": [{"Node Type": "Nested Loop", "Parent Relationship": "Outer", "Join Type": "Inner", "Startup Cost": 5982.08, "Total Cost": 48038.6, "Plan Rows": 5775, "Plan Width": 25, "Actual Min Startup Time": 85.162, "Actual Max Startup Time": 85.162, "Actual Min Total Time": 372.0, "Actual Max Total Time": 372.0, "Inner Unique": true, "Plans": [{"Node Type": "Hash Join", "Parent Relationship": "Outer", "Join Type": "Inner", "Startup Cost": 5982.08, "Total Cost": 25391.5, "Plan Rows": 5775, "Plan Width": 4, "Actual Min Startup Time": 85.11, "Actual Max Startup Time": 85.11, "Actual Min Total Time": 140.174, "Actual Max Total Time": 140.174, "Inner Unique": true, "Hash Cond": "(mc.company_id = cn.id)", "Plans": [{"Node Type": "Streaming(type: LOCAL GATHER dop: 1/16)", "Parent Relationship": "Outer", "Startup Cost": 0.0, "Total Cost": 19215.08, "Plan Rows": 36426, "Plan Width": 8, "Actual Min Startup Time": 0.075, "Actual Max Startup Time": 0.075, "Actual Min Total Time": 22.443, "Actual Max Total Time": 22.443, "Plans": [{"Node Type": "Seq Scan", "Parent Relationship": "Outer", "Relation Name": "movie_companies", "Alias": "mc", "Startup Cost": 0.0, "Total Cost": 18428.93, "Plan Rows": 36426, "Plan Width": 8, "Actual Min Startup Time": 0.036, "Actual Max Startup Time": 0.369, "Actual Min Total Time": 53.739, "Actual Max Total Time": 61.377, "Filter": "(((note)::text ~~ '%(Japan)%'::text) AND ((note)::text !~~ '%(USA)%'::text))", "Rows Removed by Filter": 2560231, "Actual Rows": 48897}], "Actual Rows": 48897}, {"Node Type": "Hash", "Parent Relationship": "Inner", "Startup Cost": 5903.45, "Total Cost": 5903.45, "Plan Rows": 6290, "Plan Width": 4, "Actual Min Startup Time": 84.948, "Actual Max Startup Time": 84.948, "Actual Min Total Time": 84.948, "Actual Max Total Time": 84.948, "Max Hash Buckets": 32768, "Min Hash Buckets": 32768, "Max Hash Batches": 1, "Min Hash Batches": 1, "Max Original Hash Batches": 1, "Min Original Hash Batches": 1, "Max Peak Memory Usage": 238, "min Peak Memory Usage": 238, "Plans": [{"Node Type": "Seq Scan", "Parent Relationship": "Outer", "Relation Name": "company_name", "Alias": "cn", "Startup Cost": 0.0, "Total Cost": 5903.45, "Plan Rows": 6290, "Plan Width": 4, "Actual Min Startup Time": 0.061, "Actual Max Startup Time": 0.061, "Actual Min Total Time": 82.814, "Actual Max Total Time": 82.814, "Filter": "((country_code)::text = '[jp]'::text)", "Rows Removed by Filter": 228244, "Actual Rows": 6752}], "Actual Rows": 6752}], "Actual Rows": 48328}, {"Node Type": "Index Scan", "Parent Relationship": "Inner", "Scan Direction": "Forward", "Index Name": "title_pkey", "Relation Name": "title", "Alias": "t", "Startup Cost": 0.0, "Total Cost": 3.91, "Plan Rows": 1, "Plan Width": 21, "Actual Min Startup Time": 191.642, "Actual Max Startup Time": 191.642, "Actual Min Total Time": 191.642, "Actual Max Total Time": 191.642, "Index Cond": "(id = mc.movie_id)", "Rows Removed by Index Recheck": 0, "Actual Rows": 48328}], "Actual Rows": 48328}, {"Node Type": "Index Scan", "Parent Relationship": "Inner", "Scan Direction": "Forward", "Index Name": "movie_id_cast_info", "Relation Name": "cast_info", "Alias": "ci", "Startup Cost": 0.0, "Total Cost": 0.98, "Plan Rows": 1, "Plan Width": 12, "Actual Min Startup Time": 2350.275, "Actual Max Startup Time": 2350.275, "Actual Min Total Time": 2462.826, "Actual Max Total Time": 2462.826, "Index Cond": "(movie_id = t.id)", "Rows Removed by Index Recheck": 0, "Filter": "((note)::text = '(voice: English version)'::text)", "Rows Removed by Filter": 1531710, "Actual Rows": 19600}], "Actual Rows": 19600}], "Actual Rows": 19601}], "Actual Rows": 7438}, {"Node Type": "Index Scan", "Parent Relationship": "Inner", "Scan Direction": "Forward", "Index Name": "person_id_aka_name", "Relation Name": "aka_name", "Alias": "an1", "Startup Cost": 0.0, "Total Cost": 0.84, "Plan Rows": 1, "Plan Width": 20, "Actual Min Startup Time": 23.882, "Actual Max Startup Time": 23.882, "Actual Min Total Time": 30.754, "Actual Max Total Time": 30.754, "Index Cond": "(person_id = ci.person_id)", "Rows Removed by Index Recheck": 0, "Actual Rows": 17379}], "Actual Rows": 17379}, {"Node Type": "Index Scan", "Parent Relationship": "Inner", "Scan Direction": "Forward", "Index Name": "name_pkey", "Relation Name": "name", "Alias": "n1", "Startup Cost": 0.0, "Total Cost": 0.57, "Plan Rows": 1, "Plan Width": 4, "Actual Min Startup Time": 57.064, "Actual Max Startup Time": 57.064, "Actual Min Total Time": 57.064, "Actual Max Total Time": 57.064, "Index Cond": "(id = an1.person_id)", "Rows Removed by Index Recheck": 0, "Filter": "(((name)::text ~~ '%Yo%'::text) AND ((name)::text !~~ '%Yu%'::text))", "Rows Removed by Filter": 17317, "Actual Rows": 62}], "Actual Rows": 62}], "Actual Rows": 1}, "Triggers": [], "Planner Runtime": 57, "Total Runtime": 2988.694, "Unique SQL Id": 3544391839}}, "(16, 9)": {"explain_plan": {"Plan": {"Node Type": "Aggregate", "Strategy": "Plain", "Startup Cost": 110825.24, "Total Cost": 110825.25, "Plan Rows": 1, "Plan Width": 97, "Plans": [{"Node Type": "Nested Loop", "Parent Relationship": "Outer", "Join Type": "Inner", "Startup Cost": 0.0, "Total Cost": 110824.76, "Plan Rows": 96, "Plan Width": 33, "Inner Unique": true, "Plans": [{"Node Type": "Nested Loop", "Parent Relationship": "Outer", "Join Type": "Inner", "Startup Cost": 0.0, "Total Cost": 110449.22, "Plan Rows": 645, "Plan Width": 41, "Inner Unique": false, "Plans": [{"Node Type": "Nested Loop", "Parent Relationship": "Outer", "Join Type": "Inner", "Startup Cost": 0.0, "Total Cost": 109995.01, "Plan Rows": 532, "Plan Width": 21, "Inner Unique": false, "Join Filter": "(ci.role_id = rt.id)", "Plans": [{"Node Type": "Index Scan", "Parent Relationship": "Outer", "Scan Direction": "Forward", "Index Name": "role_type_pkey", "Relation Name": "role_type", "Alias": "rt", "Startup Cost": 0.0, "Total Cost": 12.46, "Plan Rows": 1, "Plan Width": 4, "Filter": "((role)::text = 'actress'::text)"}, {"Node Type": "Nested Loop", "Parent Relationship": "Inner", "Join Type": "Inner", "Startup Cost": 0.0, "Total Cost": 109909.47, "Plan Rows": 5847, "Plan Width": 25, "Inner Unique": false, "Plans": [{"Node Type": "Nested Loop", "Parent Relationship": "Outer", "Join Type": "Inner", "Startup Cost": 0.0, "Total Cost": 104166.87, "Plan Rows": 5775, "Plan Width": 25, "Inner Unique": true, "Plans": [{"Node Type": "Nested Loop", "Parent Relationship": "Outer", "Join Type": "Inner", "Startup Cost": 0.0, "Total Cost": 81519.78, "Plan Rows": 5775, "Plan Width": 4, "Inner Unique": false, "Plans": [{"Node Type": "Index Scan", "Parent Relationship": "Outer", "Scan Direction": "Forward", "Index Name": "company_name_pkey", "Relation Name": "company_name", "Alias": "cn", "Startup Cost": 0.0, "Total Cost": 10501.39, "Plan Rows": 6290, "Plan Width": 4, "Filter": "((country_code)::text = '[jp]'::text)"}, {"Node Type": "Index Scan", "Parent Relationship": "Inner", "Scan Direction": "Forward", "Index Name": "company_id_movie_companies", "Relation Name": "movie_companies", "Alias": "mc", "Startup Cost": 0.0, "Total Cost": 11.28, "Plan Rows": 1, "Plan Width": 8, "Index Cond": "(company_id = cn.id)", "Filter": "(((note)::text ~~ '%(Japan)%'::text) AND ((note)::text !~~ '%(USA)%'::text))"}]}, {"Node Type": "Index Scan", "Parent Relationship": "Inner", "Scan Direction": "Forward", "Index Name": "title_pkey", "Relation Name": "title", "Alias": "t", "Startup Cost": 0.0, "Total Cost": 3.91, "Plan Rows": 1, "Plan Width": 21, "Index Cond": "(id = mc.movie_id)"}]}, {"Node Type": "Index Scan", "Parent Relationship": "Inner", "Scan Direction": "Forward", "Index Name": "movie_id_cast_info", "Relation Name": "cast_info", "Alias": "ci", "Startup Cost": 0.0, "Total Cost": 0.98, "Plan Rows": 1, "Plan Width": 12, "Index Cond": "(movie_id = t.id)", "Filter": "((note)::text = '(voice: English version)'::text)"}]}]}, {"Node Type": "Index Scan", "Parent Relationship": "Inner", "Scan Direction": "Forward", "Index Name": "person_id_aka_name", "Relation Name": "aka_name", "Alias": "an1", "Startup Cost": 0.0, "Total Cost": 0.84, "Plan Rows": 1, "Plan Width": 20, "Index Cond": "(person_id = ci.person_id)"}]}, {"Node Type": "Index Scan", "Parent Relationship": "Inner", "Scan Direction": "Forward", "Index Name": "name_pkey", "Relation Name": "name", "Alias": "n1", "Startup Cost": 0.0, "Total Cost": 0.57, "Plan Rows": 1, "Plan Width": 4, "Index Cond": "(id = an1.person_id)", "Filter": "(((name)::text ~~ '%Yo%'::text) AND ((name)::text !~~ '%Yu%'::text))"}]}]}, "Unique SQL Id": 3544391839, "Planner Runtime": 33}, "explain_analyze_plan": {"Plan": {"Node Type": "Aggregate", "Strategy": "Plain", "Startup Cost": 110825.24, "Total Cost": 110825.25, "Plan Rows": 1, "Plan Width": 97, "Actual Startup Time": 4334.909, "Actual Total Time": 4334.909, "Actual Rows": 1, "Actual Loops": 1, "Plans": [{"Node Type": "Nested Loop", "Parent Relationship": "Outer", "Join Type": "Inner", "Startup Cost": 0.0, "Total Cost": 110824.76, "Plan Rows": 96, "Plan Width": 33, "Actual Startup Time": 5.577, "Actual Total Time": 4334.505, "Actual Rows": 62, "Actual Loops": 1, "Inner Unique": true, "Plans": [{"Node Type": "Nested Loop", "Parent Relationship": "Outer", "Join Type": "Inner", "Startup Cost": 0.0, "Total Cost": 110449.22, "Plan Rows": 645, "Plan Width": 41, "Actual Startup Time": 0.394, "Actual Total Time": 4255.845, "Actual Rows": 17379, "Actual Loops": 1, "Inner Unique": false, "Plans": [{"Node Type": "Nested Loop", "Parent Relationship": "Outer", "Join Type": "Inner", "Startup Cost": 0.0, "Total Cost": 109995.01, "Plan Rows": 532, "Plan Width": 21, "Actual Startup Time": 0.38, "Actual Total Time": 4204.433, "Actual Rows": 7438, "Actual Loops": 1, "Inner Unique": false, "Join Filter": "(ci.role_id = rt.id)", "Rows Removed by Join Filter": 12162, "Plans": [{"Node Type": "Index Scan", "Parent Relationship": "Outer", "Scan Direction": "Forward", "Index Name": "role_type_pkey", "Relation Name": "role_type", "Alias": "rt", "Startup Cost": 0.0, "Total Cost": 12.46, "Plan Rows": 1, "Plan Width": 4, "Actual Startup Time": 0.018, "Actual Total Time": 0.027, "Actual Rows": 1, "Actual Loops": 1, "Filter": "((role)::text = 'actress'::text)", "Rows Removed by Filter": 11}, {"Node Type": "Nested Loop", "Parent Relationship": "Inner", "Join Type": "Inner", "Startup Cost": 0.0, "Total Cost": 109909.47, "Plan Rows": 5847, "Plan Width": 25, "Actual Startup Time": 0.358, "Actual Total Time": 4199.306, "Actual Rows": 19600, "Actual Loops": 1, "Inner Unique": false, "Plans": [{"Node Type": "Nested Loop", "Parent Relationship": "Outer", "Join Type": "Inner", "Startup Cost": 0.0, "Total Cost": 104166.87, "Plan Rows": 5775, "Plan Width": 25, "Actual Startup Time": 0.275, "Actual Total Time": 889.755, "Actual Rows": 48328, "Actual Loops": 1, "Inner Unique": true, "Plans": [{"Node Type": "Nested Loop", "Parent Relationship": "Outer", "Join Type": "Inner", "Startup Cost": 0.0, "Total Cost": 81519.78, "Plan Rows": 5775, "Plan Width": 4, "Actual Startup Time": 0.261, "Actual Total Time": 540.545, "Actual Rows": 48328, "Actual Loops": 1, "Inner Unique": false, "Plans": [{"Node Type": "Index Scan", "Parent Relationship": "Outer", "Scan Direction": "Forward", "Index Name": "company_name_pkey", "Relation Name": "company_name", "Alias": "cn", "Startup Cost": 0.0, "Total Cost": 10501.39, "Plan Rows": 6290, "Plan Width": 4, "Actual Startup Time": 0.221, "Actual Total Time": 300.895, "Actual Rows": 6752, "Actual Loops": 1, "Filter": "((country_code)::text = '[jp]'::text)", "Rows Removed by Filter": 228244}, {"Node Type": "Index Scan", "Parent Relationship": "Inner", "Scan Direction": "Forward", "Index Name": "company_id_movie_companies", "Relation Name": "movie_companies", "Alias": "mc", "Startup Cost": 0.0, "Total Cost": 11.28, "Plan Rows": 1, "Plan Width": 8, "Actual Startup Time": 57.676, "Actual Total Time": 223.783, "Actual Rows": 48328, "Actual Loops": 6752, "Index Cond": "(company_id = cn.id)", "Rows Removed by Index Recheck": 0, "Filter": "(((note)::text ~~ '%(Japan)%'::text) AND ((note)::text !~~ '%(USA)%'::text))", "Rows Removed by Filter": 56667}]}, {"Node Type": "Index Scan", "Parent Relationship": "Inner", "Scan Direction": "Forward", "Index Name": "title_pkey", "Relation Name": "title", "Alias": "t", "Startup Cost": 0.0, "Total Cost": 3.91, "Plan Rows": 1, "Plan Width": 21, "Actual Startup Time": 308.126, "Actual Total Time": 308.126, "Actual Rows": 48328, "Actual Loops": 48328, "Index Cond": "(id = mc.movie_id)", "Rows Removed by Index Recheck": 0}]}, {"Node Type": "Index Scan", "Parent Relationship": "Inner", "Scan Direction": "Forward", "Index Name": "movie_id_cast_info", "Relation Name": "cast_info", "Alias": "ci", "Startup Cost": 0.0, "Total Cost": 0.98, "Plan Rows": 1, "Plan Width": 12, "Actual Startup Time": 3136.12, "Actual Total Time": 3279.716, "Actual Rows": 19600, "Actual Loops": 48328, "Index Cond": "(movie_id = t.id)", "Rows Removed by Index Recheck": 0, "Filter": "((note)::text = '(voice: English version)'::text)", "Rows Removed by Filter": 1531710}]}]}, {"Node Type": "Index Scan", "Parent Relationship": "Inner", "Scan Direction": "Forward", "Index Name": "person_id_aka_name", "Relation Name": "aka_name", "Alias": "an1", "Startup Cost": 0.0, "Total Cost": 0.84, "Plan Rows": 1, "Plan Width": 20, "Actual Startup Time": 34.14, "Actual Total Time": 42.585, "Actual Rows": 17379, "Actual Loops": 7438, "Index Cond": "(person_id = ci.person_id)", "Rows Removed by Index Recheck": 0}]}, {"Node Type": "Index Scan", "Parent Relationship": "Inner", "Scan Direction": "Forward", "Index Name": "name_pkey", "Relation Name": "name", "Alias": "n1", "Startup Cost": 0.0, "Total Cost": 0.57, "Plan Rows": 1, "Plan Width": 4, "Actual Startup Time": 69.867, "Actual Total Time": 69.867, "Actual Rows": 62, "Actual Loops": 17379, "Index Cond": "(id = an1.person_id)", "Rows Removed by Index Recheck": 0, "Filter": "(((name)::text ~~ '%Yo%'::text) AND ((name)::text !~~ '%Yu%'::text))", "Rows Removed by Filter": 17317}]}]}, "Triggers": [], "Planner Runtime": 25, "Total Runtime": 4335.62, "Unique SQL Id": 3544391839}}, "(16, 10)": {"explain_plan": {"Plan": {"Node Type": "Aggregate", "Strategy": "Plain", "Startup Cost": 167694.53, "Total Cost": 167694.54, "Plan Rows": 1, "Plan Width": 97, "Plans": [{"Node Type": "Nested Loop", "Parent Relationship": "Outer", "Join Type": "Inner", "Startup Cost": 149777.99, "Total Cost": 167691.3, "Plan Rows": 646, "Plan Width": 33, "Inner Unique": false, "Join Filter": "(ci.role_id = rt.id)", "Plans": [{"Node Type": "Seq Scan", "Parent Relationship": "Outer", "Relation Name": "role_type", "Alias": "rt", "Startup Cost": 0.0, "Total Cost": 1.15, "Plan Rows": 1, "Plan Width": 4, "Filter": "((role)::text = 'actress'::text)"}, {"Node Type": "Materialize", "Parent Relationship": "Inner", "Startup Cost": 149777.99, "Total Cost": 167619.1, "Plan Rows": 7105, "Plan Width": 37, "Plans": [{"Node Type": "Streaming(type: LOCAL GATHER dop: 1/16)", "Parent Relationship": "Outer", "Startup Cost": 149777.99, "Total Cost": 167601.34, "Plan Rows": 7105, "Plan Width": 37, "Plans": [{"Node Type": "Hash Join", "Parent Relationship": "Outer", "Join Type": "Inner", "Startup Cost": 149777.99, "Total Cost": 167448.0, "Plan Rows": 7105, "Plan Width": 37, "Inner Unique": true, "Hash Cond": "(ci.movie_id = t.id)", "Plans": [{"Node Type": "Streaming(type: BROADCAST dop: 16/1)", "Parent Relationship": "Outer", "Startup Cost": 143114.16, "Total Cost": 160753.09, "Plan Rows": 113680, "Plan Width": 28, "Plans": [{"Node Type": "Merge Join", "Parent Relationship": "Outer", "Join Type": "Inner", "Startup Cost": 143114.16, "Total Cost": 143299.64, "Plan Rows": 7105, "Plan Width": 28, "Inner Unique": false, "Merge Cond": "(mc.movie_id = ci.movie_id)", "Plans": [{"Node Type": "Sort", "Parent Relationship": "Outer", "Startup Cost": 25752.31, "Total Cost": 25766.75, "Plan Rows": 5775, "Plan Width": 4, "Sort Key": ["mc.movie_id"], "Plans": [{"Node Type": "Hash Join", "Parent Relationship": "Outer", "Join Type": "Inner", "Startup Cost": 5982.08, "Total Cost": 25391.5, "Plan Rows": 5775, "Plan Width": 4, "Inner Unique": true, "Hash Cond": "(mc.company_id = cn.id)", "Plans": [{"Node Type": "Streaming(type: LOCAL GATHER dop: 1/16)", "Parent Relationship": "Outer", "Startup Cost": 0.0, "Total Cost": 19215.08, "Plan Rows": 36426, "Plan Width": 8, "Plans": [{"Node Type": "Seq Scan", "Parent Relationship": "Outer", "Relation Name": "movie_companies", "Alias": "mc", "Startup Cost": 0.0, "Total Cost": 18428.93, "Plan Rows": 36426, "Plan Width": 8, "Filter": "(((note)::text ~~ '%(Japan)%'::text) AND ((note)::text !~~ '%(USA)%'::text))"}]}, {"Node Type": "Hash", "Parent Relationship": "Inner", "Startup Cost": 5903.45, "Total Cost": 5903.45, "Plan Rows": 6290, "Plan Width": 4, "Plans": [{"Node Type": "Seq Scan", "Parent Relationship": "Outer", "Relation Name": "company_name", "Alias": "cn", "Startup Cost": 0.0, "Total Cost": 5903.45, "Plan Rows": 6290, "Plan Width": 4, "Filter": "((country_code)::text = '[jp]'::text)"}]}]}]}, {"Node Type": "Sort", "Parent Relationship": "Inner", "Startup Cost": 117361.85, "Total Cost": 117404.75, "Plan Rows": 17161, "Plan Width": 24, "Sort Key": ["ci.movie_id"], "Plans": [{"Node Type": "Hash Join", "Parent Relationship": "Outer", "Join Type": "Inner", "Startup Cost": 54889.63, "Total Cost": 116154.85, "Plan Rows": 17161, "Plan Width": 24, "Inner Unique": false, "Hash Cond": "(ci.person_id = an1.person_id)", "Plans": [{"Node Type": "Streaming(type: LOCAL GATHER dop: 1/16)", "Parent Relationship": "Outer", "Startup Cost": 0.0, "Total Cost": 60369.73, "Plan Rows": 96692, "Plan Width": 12, "Plans": [{"Node Type": "Seq Scan", "Parent Relationship": "Outer", "Relation Name": "cast_info", "Alias": "ci", "Startup Cost": 0.0, "Total Cost": 58282.92, "Plan Rows": 96692, "Plan Width": 12, "Filter": "((note)::text = '(voice: English version)'::text)"}]}, {"Node Type": "Hash", "Parent Relationship": "Inner", "Startup Cost": 54681.79, "Total Cost": 54681.79, "Plan Rows": 16627, "Plan Width": 24, "Plans": [{"Node Type": "Streaming(type: LOCAL GATHER dop: 1/16)", "Parent Relationship": "Outer", "Startup Cost": 37857.03, "Total Cost": 54681.79, "Plan Rows": 16627, "Plan Width": 24, "Plans": [{"Node Type": "Hash Join", "Parent Relationship": "Outer", "Join Type": "Inner", "Startup Cost": 37857.03, "Total Cost": 54322.95, "Plan Rows": 16627, "Plan Width": 24, "Inner Unique": true, "Hash Cond": "(an1.person_id = n1.id)", "Plans": [{"Node Type": "Seq Scan", "Parent Relationship": "Outer", "Relation Name": "aka_name", "Alias": "an1", "Startup Cost": 0.0, "Total Cost": 16244.28, "Plan Rows": 901342, "Plan Width": 20}, {"Node Type": "Hash", "Parent Relationship": "Inner", "Startup Cost": 37683.45, "Total Cost": 37683.45, "Plan Rows": 222176, "Plan Width": 4, "Plans": [{"Node Type": "Streaming(type: BROADCAST dop: 16/16)", "Parent Relationship": "Outer", "Startup Cost": 0.0, "Total Cost": 37683.45, "Plan Rows": 222176, "Plan Width": 4, "Plans": [{"Node Type": "Seq Scan", "Parent Relationship": "Outer", "Relation Name": "name", "Alias": "n1", "Startup Cost": 0.0, "Total Cost": 22119.33, "Plan Rows": 13886, "Plan Width": 4, "Filter": "(((name)::text ~~ '%Yo%'::text) AND ((name)::text !~~ '%Yu%'::text))"}]}]}]}]}]}]}]}]}]}, {"Node Type": "Hash", "Parent Relationship": "Inner", "Startup Cost": 18754.32, "Total Cost": 18754.32, "Plan Rows": 2528311, "Plan Width": 21, "Plans": [{"Node Type": "Seq Scan", "Parent Relationship": "Outer", "Relation Name": "title", "Alias": "t", "Startup Cost": 0.0, "Total Cost": 18754.32, "Plan Rows": 2528311, "Plan Width": 21}]}]}]}]}]}]}, "Unique SQL Id": 3544391839, "Planner Runtime": 186}, "explain_analyze_plan": {"Plan": {"Node Type": "Aggregate", "Strategy": "Plain", "Startup Cost": 167694.53, "Total Cost": 167694.54, "Plan Rows": 1, "Plan Width": 97, "Actual Min Startup Time": 997.916, "Actual Max Startup Time": 997.916, "Actual Min Total Time": 997.916, "Actual Max Total Time": 997.916, "Plans": [{"Node Type": "Nested Loop", "Parent Relationship": "Outer", "Join Type": "Inner", "Startup Cost": 149777.99, "Total Cost": 167691.3, "Plan Rows": 646, "Plan Width": 33, "Actual Min Startup Time": 997.662, "Actual Max Startup Time": 997.662, "Actual Min Total Time": 997.866, "Actual Max Total Time": 997.866, "Inner Unique": false, "Join Filter": "(ci.role_id = rt.id)", "Rows Removed by Join Filter": 596, "Plans": [{"Node Type": "Seq Scan", "Parent Relationship": "Outer", "Relation Name": "role_type", "Alias": "rt", "Startup Cost": 0.0, "Total Cost": 1.15, "Plan Rows": 1, "Plan Width": 4, "Actual Min Startup Time": 0.027, "Actual Max Startup Time": 0.027, "Actual Min Total Time": 0.032, "Actual Max Total Time": 0.032, "Filter": "((role)::text = 'actress'::text)", "Rows Removed by Filter": 11, "Actual Rows": 1}, {"Node Type": "Materialize", "Parent Relationship": "Inner", "Startup Cost": 149777.99, "Total Cost": 167619.1, "Plan Rows": 7105, "Plan Width": 37, "Actual Min Startup Time": 997.598, "Actual Max Startup Time": 997.598, "Actual Min Total Time": 997.658, "Actual Max Total Time": 997.658, "Plans": [{"Node Type": "Streaming(type: LOCAL GATHER dop: 1/16)", "Parent Relationship": "Outer", "Startup Cost": 149777.99, "Total Cost": 167601.34, "Plan Rows": 7105, "Plan Width": 37, "Actual Min Startup Time": 997.162, "Actual Max Startup Time": 997.162, "Actual Min Total Time": 997.474, "Actual Max Total Time": 997.474, "Plans": [{"Node Type": "Hash Join", "Parent Relationship": "Outer", "Join Type": "Inner", "Startup Cost": 149777.99, "Total Cost": 167448.0, "Plan Rows": 7105, "Plan Width": 37, "Actual Min Startup Time": 811.987, "Actual Max Startup Time": 835.439, "Actual Min Total Time": 826.553, "Actual Max Total Time": 851.421, "Inner Unique": true, "Hash Cond": "(ci.movie_id = t.id)", "Plans": [{"Node Type": "Streaming(type: BROADCAST dop: 16/1)", "Parent Relationship": "Outer", "Startup Cost": 143114.16, "Total Cost": 160753.09, "Plan Rows": 113680, "Plan Width": 28, "Actual Min Startup Time": 699.611, "Actual Max Startup Time": 735.819, "Actual Min Total Time": 715.491, "Actual Max Total Time": 751.652, "Plans": [{"Node Type": "Merge Join", "Parent Relationship": "Outer", "Join Type": "Inner", "Startup Cost": 143114.16, "Total Cost": 143299.64, "Plan Rows": 7105, "Plan Width": 28, "Actual Min Startup Time": 826.743, "Actual Max Startup Time": 826.743, "Actual Min Total Time": 837.116, "Actual Max Total Time": 837.116, "Inner Unique": false, "Merge Cond": "(mc.movie_id = ci.movie_id)", "Plans": [{"Node Type": "Sort", "Parent Relationship": "Outer", "Startup Cost": 25752.31, "Total Cost": 25766.75, "Plan Rows": 5775, "Plan Width": 4, "Actual Min Startup Time": 165.148, "Actual Max Startup Time": 165.148, "Actual Min Total Time": 170.081, "Actual Max Total Time": 170.081, "Sort Key": ["mc.movie_id"], "Sort Method": "quicksort", "Sort Space Min Used": 4557, "Sort Space Max Used": 4557, "Sort Space Type": "Memory", "Plans": [{"Node Type": "Hash Join", "Parent Relationship": "Outer", "Join Type": "Inner", "Startup Cost": 5982.08, "Total Cost": 25391.5, "Plan Rows": 5775, "Plan Width": 4, "Actual Min Startup Time": 85.784, "Actual Max Startup Time": 85.784, "Actual Min Total Time": 150.664, "Actual Max Total Time": 150.664, "Inner Unique": true, "Hash Cond": "(mc.company_id = cn.id)", "Plans": [{"Node Type": "Streaming(type: LOCAL GATHER dop: 1/16)", "Parent Relationship": "Outer", "Startup Cost": 0.0, "Total Cost": 19215.08, "Plan Rows": 36426, "Plan Width": 8, "Actual Min Startup Time": 0.084, "Actual Max Startup Time": 0.084, "Actual Min Total Time": 46.164, "Actual Max Total Time": 46.164, "Plans": [{"Node Type": "Seq Scan", "Parent Relationship": "Outer", "Relation Name": "movie_companies", "Alias": "mc", "Startup Cost": 0.0, "Total Cost": 18428.93, "Plan Rows": 36426, "Plan Width": 8, "Actual Min Startup Time": 0.047, "Actual Max Startup Time": 0.38, "Actual Min Total Time": 53.755, "Actual Max Total Time": 62.306, "Filter": "(((note)::text ~~ '%(Japan)%'::text) AND ((note)::text !~~ '%(USA)%'::text))", "Rows Removed by Filter": 2560231, "Actual Rows": 48897}], "Actual Rows": 48897}, {"Node Type": "Hash", "Parent Relationship": "Inner", "Startup Cost": 5903.45, "Total Cost": 5903.45, "Plan Rows": 6290, "Plan Width": 4, "Actual Min Startup Time": 85.637, "Actual Max Startup Time": 85.637, "Actual Min Total Time": 85.637, "Actual Max Total Time": 85.637, "Max Hash Buckets": 32768, "Min Hash Buckets": 32768, "Max Hash Batches": 1, "Min Hash Batches": 1, "Max Original Hash Batches": 1, "Min Original Hash Batches": 1, "Max Peak Memory Usage": 238, "min Peak Memory Usage": 238, "Plans": [{"Node Type": "Seq Scan", "Parent Relationship": "Outer", "Relation Name": "company_name", "Alias": "cn", "Startup Cost": 0.0, "Total Cost": 5903.45, "Plan Rows": 6290, "Plan Width": 4, "Actual Min Startup Time": 0.039, "Actual Max Startup Time": 0.039, "Actual Min Total Time": 83.506, "Actual Max Total Time": 83.506, "Filter": "((country_code)::text = '[jp]'::text)", "Rows Removed by Filter": 228244, "Actual Rows": 6752}], "Actual Rows": 6752}], "Actual Rows": 48328}], "Actual Rows": 46669}, {"Node Type": "Sort", "Parent Relationship": "Inner", "Startup Cost": 117361.85, "Total Cost": 117404.75, "Plan Rows": 17161, "Plan Width": 24, "Actual Min Startup Time": 660.268, "Actual Max Startup Time": 660.268, "Actual Min Total Time": 660.574, "Actual Max Total Time": 660.574, "Sort Key": ["ci.movie_id"], "Sort Method": "quicksort", "Sort Space Min Used": 338, "Sort Space Max Used": 338, "Sort Space Type": "Memory", "Plans": [{"Node Type": "Hash Join", "Parent Relationship": "Outer", "Join Type": "Inner", "Startup Cost": 54889.63, "Total Cost": 116154.85, "Plan Rows": 17161, "Plan Width": 24, "Actual Min Startup Time": 34.73, "Actual Max Startup Time": 34.73, "Actual Min Total Time": 659.318, "Actual Max Total Time": 659.318, "Inner Unique": false, "Hash Cond": "(ci.person_id = an1.person_id)", "Plans": [{"Node Type": "Streaming(type: LOCAL GATHER dop: 1/16)", "Parent Relationship": "Outer", "Startup Cost": 0.0, "Total Cost": 60369.73, "Plan Rows": 96692, "Plan Width": 12, "Actual Min Startup Time": 0.048, "Actual Max Startup Time": 0.048, "Actual Min Total Time": 622.968, "Actual Max Total Time": 622.968, "Plans": [{"Node Type": "Seq Scan", "Parent Relationship": "Outer", "Relation Name": "cast_info", "Alias": "ci", "Startup Cost": 0.0, "Total Cost": 58282.92, "Plan Rows": 96692, "Plan Width": 12, "Actual Min Startup Time": 0.057, "Actual Max Startup Time": 2.932, "Actual Min Total Time": 611.455, "Actual Max Total Time": 663.074, "Filter": "((note)::text = '(voice: English version)'::text)", "Rows Removed by Filter": 36151248, "Actual Rows": 93095}], "Actual Rows": 93095}, {"Node Type": "Hash", "Parent Relationship": "Inner", "Startup Cost": 54681.79, "Total Cost": 54681.79, "Plan Rows": 16627, "Plan Width": 24, "Actual Min Startup Time": 20.441, "Actual Max Startup Time": 20.441, "Actual Min Total Time": 20.441, "Actual Max Total Time": 20.441, "Max Hash Buckets": 32768, "Min Hash Buckets": 32768, "Max Hash Batches": 1, "Min Hash Batches": 1, "Max Original Hash Batches": 1, "Min Original Hash Batches": 1, "Max Peak Memory Usage": 229, "min Peak Memory Usage": 229, "Plans": [{"Node Type": "Streaming(type: LOCAL GATHER dop: 1/16)", "Parent Relationship": "Outer", "Startup Cost": 37857.03, "Total Cost": 54681.79, "Plan Rows": 16627, "Plan Width": 24, "Actual Min Startup Time": 2.122, "Actual Max Startup Time": 2.122, "Actual Min Total Time": 19.415, "Actual Max Total Time": 19.415, "Plans": [{"Node Type": "Hash Join", "Parent Relationship": "Outer", "Join Type": "Inner", "Startup Cost": 37857.03, "Total Cost": 54322.95, "Plan Rows": 16627, "Plan Width": 24, "Actual Min Startup Time": 139.966, "Actual Max Startup Time": 195.543, "Actual Min Total Time": 166.379, "Actual Max Total Time": 221.357, "Inner Unique": true, "Hash Cond": "(an1.person_id = n1.id)", "Plans": [{"Node Type": "Seq Scan", "Parent Relationship": "Outer", "Relation Name": "aka_name", "Alias": "an1", "Startup Cost": 0.0, "Total Cost": 16244.28, "Plan Rows": 901342, "Plan Width": 20, "Actual Min Startup Time": 0.041, "Actual Max Startup Time": 0.06, "Actual Min Total Time": 12.726, "Actual Max Total Time": 15.936, "Actual Rows": 901342}, {"Node Type": "Hash", "Parent Relationship": "Inner", "Startup Cost": 37683.45, "Total Cost": 37683.45, "Plan Rows": 222176, "Plan Width": 4, "Actual Min Startup Time": 139.58, "Actual Max Startup Time": 195.253, "Actual Min Total Time": 139.58, "Actual Max Total Time": 195.253, "Max Hash Buckets": 32768, "Min Hash Buckets": 32768, "Max Hash Batches": 1, "Min Hash Batches": 1, "Max Original Hash Batches": 1, "Min Original Hash Batches": 1, "Max Peak Memory Usage": 736, "min Peak Memory Usage": 736, "Plans": [{"Node Type": "Streaming(type: BROADCAST dop: 16/16)", "Parent Relationship": "Outer", "Startup Cost": 0.0, "Total Cost": 37683.45, "Plan Rows": 222176, "Plan Width": 4, "Actual Min Startup Time": 0.054, "Actual Max Startup Time": 1.275, "Actual Min Total Time": 133.972, "Actual Max Total Time": 190.256, "Plans": [{"Node Type": "Seq Scan", "Parent Relationship": "Outer", "Relation Name": "name", "Alias": "n1", "Startup Cost": 0.0, "Total Cost": 22119.33, "Plan Rows": 13886, "Plan Width": 4, "Actual Min Startup Time": 0.053, "Actual Max Startup Time": 1.743, "Actual Min Total Time": 100.887, "Actual Max Total Time": 112.405, "Filter": "(((name)::text ~~ '%Yo%'::text) AND ((name)::text !~~ '%Yu%'::text))", "Rows Removed by Filter": 4146579, "Actual Rows": 20911}], "Actual Rows": 334576}], "Actual Rows": 334576}], "Actual Rows": 4031}], "Actual Rows": 4031}], "Actual Rows": 4031}], "Actual Rows": 2575}], "Actual Rows": 2845}], "Actual Rows": 658}], "Actual Rows": 10528}, {"Node Type": "Hash", "Parent Relationship": "Inner", "Startup Cost": 18754.32, "Total Cost": 18754.32, "Plan Rows": 2528311, "Plan Width": 21, "Actual Min Startup Time": 99.381, "Actual Max Startup Time": 111.331, "Actual Min Total Time": 99.381, "Actual Max Total Time": 111.331, "Max Hash Buckets": 262144, "Min Hash Buckets": 262144, "Max Hash Batches": 1, "Min Hash Batches": 1, "Max Original Hash Batches": 1, "Min Original Hash Batches": 1, "Max Peak Memory Usage": 8595, "min Peak Memory Usage": 8595, "Plans": [{"Node Type": "Seq Scan", "Parent Relationship": "Outer", "Relation Name": "title", "Alias": "t", "Startup Cost": 0.0, "Total Cost": 18754.32, "Plan Rows": 2528311, "Plan Width": 21, "Actual Min Startup Time": 0.027, "Actual Max Startup Time": 0.042, "Actual Min Total Time": 51.411, "Actual Max Total Time": 57.519, "Actual Rows": 2528311}], "Actual Rows": 2528311}], "Actual Rows": 658}], "Actual Rows": 658}], "Actual Rows": 659}], "Actual Rows": 62}], "Actual Rows": 1}, "Triggers": [], "Planner Runtime": 184, "Total Runtime": 1016.305, "Unique SQL Id": 3544391839}}, "(16, 11)": {"explain_plan": {"Plan": {"Node Type": "Aggregate", "Strategy": "Plain", "Startup Cost": 6721053364161.28, "Total Cost": 6721053364161.29, "Plan Rows": 1, "Plan Width": 97, "Plans": [{"Node Type": "Merge Join", "Parent Relationship": "Outer", "Join Type": "Inner", "Startup Cost": 70051235465.84, "Total Cost": 6721053364158.05, "Plan Rows": 646, "Plan Width": 33, "Inner Unique": true, "Merge Cond": "(ci.movie_id = t.id)", "Plans": [{"Node Type": "Nested Loop", "Parent Relationship": "Outer", "Join Type": "Inner", "Startup Cost": 60051235465.84, "Total Cost": 5721925336380.1, "Plan Rows": 646, "Plan Width": 24, "Inner Unique": true, "Join Filter": "(mc.company_id = cn.id)", "Plans": [{"Node Type": "Nested Loop", "Parent Relationship": "Outer", "Join Type": "Inner", "Startup Cost": 50051235465.84, "Total Cost": 4721924164513.91, "Plan Rows": 1290, "Plan Width": 28, "Inner Unique": false, "Join Filter": "(ci.movie_id = mc.movie_id)", "Plans": [{"Node Type": "Index Scan", "Parent Relationship": "Outer", "Scan Direction": "Forward", "Index Name": "movie_id_movie_companies", "Relation Name": "movie_companies", "Alias": "mc", "Startup Cost": 10000000000.0, "Total Cost": 1000014356510.13, "Plan Rows": 36426, "Plan Width": 8, "Filter": "(((note)::text ~~ '%(Japan)%'::text) AND ((note)::text !~~ '%(USA)%'::text))"}, {"Node Type": "Materialize", "Parent Relationship": "Inner", "Startup Cost": 40051235465.84, "Total Cost": 3721908955639.28, "Plan Rows": 1560, "Plan Width": 20, "Plans": [{"Node Type": "Nested Loop", "Parent Relationship": "Outer", "Join Type": "Inner", "Startup Cost": 40051235465.84, "Total Cost": 3721908955631.48, "Plan Rows": 1560, "Plan Width": 20, "Inner Unique": true, "Join Filter": "(ci.role_id = rt.id)", "Plans": [{"Node Type": "Merge Join", "Parent Relationship": "Outer", "Join Type": "Inner", "Startup Cost": 30051235465.84, "Total Cost": 2721908954128.06, "Plan Rows": 17161, "Plan Width": 24, "Inner Unique": false, "Merge Cond": "(an1.person_id = ci.person_id)", "Plans": [{"Node Type": "Merge Join", "Parent Relationship": "Outer", "Join Type": "Inner", "Startup Cost": 20030754356.47, "Total Cost": 2000026606025.89, "Plan Rows": 16627, "Plan Width": 24, "Inner Unique": true, "Merge Cond": "(an1.person_id = n1.id)", "Plans": [{"Node Type": "Index Scan", "Parent Relationship": "Outer", "Scan Direction": "Forward", "Index Name": "person_id_aka_name", "Relation Name": "aka_name", "Alias": "an1", "Startup Cost": 10000000000.0, "Total Cost": 1000006896503.43, "Plan Rows": 901342, "Plan Width": 20}, {"Node Type": "Materialize", "Parent Relationship": "Inner", "Startup Cost": 10000000000.0, "Total Cost": 1000019707054.42, "Plan Rows": 13886, "Plan Width": 4, "Plans": [{"Node Type": "Index Scan", "Parent Relationship": "Outer", "Scan Direction": "Forward", "Index Name": "name_pkey", "Relation Name": "name", "Alias": "n1", "Startup Cost": 10000000000.0, "Total Cost": 1000019707019.7, "Plan Rows": 13886, "Plan Width": 4, "Filter": "(((name)::text ~~ '%Yo%'::text) AND ((name)::text !~~ '%Yu%'::text))"}]}]}, {"Node Type": "Index Scan", "Parent Relationship": "Inner", "Scan Direction": "Forward", "Index Name": "person_id_cast_info", "Relation Name": "cast_info", "Alias": "ci", "Startup Cost": 10000000000.0, "Total Cost": 1000179713706.71, "Plan Rows": 96692, "Plan Width": 12, "Filter": "((note)::text = '(voice: English version)'::text)"}]}, {"Node Type": "Materialize", "Parent Relationship": "Inner", "Startup Cost": 10000000000.0, "Total Cost": 1000000001246.0, "Plan Rows": 1, "Plan Width": 4, "Plans": [{"Node Type": "Index Scan", "Parent Relationship": "Outer", "Scan Direction": "Forward", "Index Name": "role_type_pkey", "Relation Name": "role_type", "Alias": "rt", "Startup Cost": 10000000000.0, "Total Cost": 1000000001246.0, "Plan Rows": 1, "Plan Width": 4, "Filter": "((role)::text = 'actress'::text)"}]}]}]}]}, {"Node Type": "Materialize", "Parent Relationship": "Inner", "Startup Cost": 10000000000.0, "Total Cost": 1000001050170.42, "Plan Rows": 6290, "Plan Width": 4, "Plans": [{"Node Type": "Index Scan", "Parent Relationship": "Outer", "Scan Direction": "Forward", "Index Name": "company_name_pkey", "Relation Name": "company_name", "Alias": "cn", "Startup Cost": 10000000000.0, "Total Cost": 1000001050138.97, "Plan Rows": 6290, "Plan Width": 4, "Filter": "((country_code)::text = '[jp]'::text)"}]}]}, {"Node Type": "Index Scan", "Parent Relationship": "Inner", "Scan Direction": "Forward", "Index Name": "title_pkey", "Relation Name": "title", "Alias": "t", "Startup Cost": 10000000000.0, "Total Cost": 1000011012048.91, "Plan Rows": 2528311, "Plan Width": 21}]}]}, "Unique SQL Id": 3544391839, "Planner Runtime": 121}, "explain_analyze_plan": null}, "(16, 12)": {"explain_plan": {"Plan": {"Node Type": "Aggregate", "Strategy": "Plain", "Startup Cost": 54688.41, "Total Cost": 54688.42, "Plan Rows": 1, "Plan Width": 97, "Plans": [{"Node Type": "Nested Loop", "Parent Relationship": "Outer", "Join Type": "Inner", "Startup Cost": 5982.08, "Total Cost": 54685.18, "Plan Rows": 646, "Plan Width": 33, "Inner Unique": true, "Plans": [{"Node Type": "Nested Loop", "Parent Relationship": "Outer", "Join Type": "Inner", "Startup Cost": 5982.08, "Total Cost": 54309.64, "Plan Rows": 645, "Plan Width": 41, "Inner Unique": false, "Plans": [{"Node Type": "Nested Loop", "Parent Relationship": "Outer", "Join Type": "Inner", "Startup Cost": 5982.08, "Total Cost": 53855.43, "Plan Rows": 532, "Plan Width": 21, "Inner Unique": false, "Join Filter": "(ci.role_id = rt.id)", "Plans": [{"Node Type": "Seq Scan", "Parent Relationship": "Outer", "Relation Name": "role_type", "Alias": "rt", "Startup Cost": 0.0, "Total Cost": 1.15, "Plan Rows": 1, "Plan Width": 4, "Filter": "((role)::text = 'actress'::text)"}, {"Node Type": "Materialize", "Parent Relationship": "Inner", "Startup Cost": 5982.08, "Total Cost": 53795.81, "Plan Rows": 5847, "Plan Width": 25, "Plans": [{"Node Type": "Nested Loop", "Parent Relationship": "Outer", "Join Type": "Inner", "Startup Cost": 5982.08, "Total Cost": 53781.19, "Plan Rows": 5847, "Plan Width": 25, "Inner Unique": false, "Plans": [{"Node Type": "Nested Loop", "Parent Relationship": "Outer", "Join Type": "Inner", "Startup Cost": 5982.08, "Total Cost": 48038.6, "Plan Rows": 5775, "Plan Width": 25, "Inner Unique": true, "Plans": [{"Node Type": "Hash Join", "Parent Relationship": "Outer", "Join Type": "Inner", "Startup Cost": 5982.08, "Total Cost": 25391.5, "Plan Rows": 5775, "Plan Width": 4, "Inner Unique": true, "Hash Cond": "(mc.company_id = cn.id)", "Plans": [{"Node Type": "Streaming(type: LOCAL GATHER dop: 1/16)", "Parent Relationship": "Outer", "Startup Cost": 0.0, "Total Cost": 19215.08, "Plan Rows": 36426, "Plan Width": 8, "Plans": [{"Node Type": "Seq Scan", "Parent Relationship": "Outer", "Relation Name": "movie_companies", "Alias": "mc", "Startup Cost": 0.0, "Total Cost": 18428.93, "Plan Rows": 36426, "Plan Width": 8, "Filter": "(((note)::text ~~ '%(Japan)%'::text) AND ((note)::text !~~ '%(USA)%'::text))"}]}, {"Node Type": "Hash", "Parent Relationship": "Inner", "Startup Cost": 5903.45, "Total Cost": 5903.45, "Plan Rows": 6290, "Plan Width": 4, "Plans": [{"Node Type": "Seq Scan", "Parent Relationship": "Outer", "Relation Name": "company_name", "Alias": "cn", "Startup Cost": 0.0, "Total Cost": 5903.45, "Plan Rows": 6290, "Plan Width": 4, "Filter": "((country_code)::text = '[jp]'::text)"}]}]}, {"Node Type": "Index Scan", "Parent Relationship": "Inner", "Scan Direction": "Forward", "Index Name": "title_pkey", "Relation Name": "title", "Alias": "t", "Startup Cost": 0.0, "Total Cost": 3.91, "Plan Rows": 1, "Plan Width": 21, "Index Cond": "(id = mc.movie_id)"}]}, {"Node Type": "Index Scan", "Parent Relationship": "Inner", "Scan Direction": "Forward", "Index Name": "movie_id_cast_info", "Relation Name": "cast_info", "Alias": "ci", "Startup Cost": 0.0, "Total Cost": 0.98, "Plan Rows": 1, "Plan Width": 12, "Index Cond": "(movie_id = t.id)", "Filter": "((note)::text = '(voice: English version)'::text)"}]}]}]}, {"Node Type": "Index Scan", "Parent Relationship": "Inner", "Scan Direction": "Forward", "Index Name": "person_id_aka_name", "Relation Name": "aka_name", "Alias": "an1", "Startup Cost": 0.0, "Total Cost": 0.84, "Plan Rows": 1, "Plan Width": 20, "Index Cond": "(person_id = ci.person_id)"}]}, {"Node Type": "Index Scan", "Parent Relationship": "Inner", "Scan Direction": "Forward", "Index Name": "name_pkey", "Relation Name": "name", "Alias": "n1", "Startup Cost": 0.0, "Total Cost": 0.57, "Plan Rows": 1, "Plan Width": 4, "Index Cond": "(id = an1.person_id)", "Filter": "(((name)::text ~~ '%Yo%'::text) AND ((name)::text !~~ '%Yu%'::text))"}]}]}, "Unique SQL Id": 3544391839, "Planner Runtime": 57}, "explain_analyze_plan": {"Plan": {"Node Type": "Aggregate", "Strategy": "Plain", "Startup Cost": 54688.41, "Total Cost": 54688.42, "Plan Rows": 1, "Plan Width": 97, "Actual Min Startup Time": 2985.685, "Actual Max Startup Time": 2985.685, "Actual Min Total Time": 2985.685, "Actual Max Total Time": 2985.685, "Plans": [{"Node Type": "Nested Loop", "Parent Relationship": "Outer", "Join Type": "Inner", "Startup Cost": 5982.08, "Total Cost": 54685.18, "Plan Rows": 646, "Plan Width": 33, "Actual Min Startup Time": 2895.855, "Actual Max Startup Time": 2895.855, "Actual Min Total Time": 2985.577, "Actual Max Total Time": 2985.577, "Inner Unique": true, "Plans": [{"Node Type": "Nested Loop", "Parent Relationship": "Outer", "Join Type": "Inner", "Startup Cost": 5982.08, "Total Cost": 54309.64, "Plan Rows": 645, "Plan Width": 41, "Actual Min Startup Time": 2871.517, "Actual Max Startup Time": 2871.517, "Actual Min Total Time": 2919.785, "Actual Max Total Time": 2919.785, "Inner Unique": false, "Plans": [{"Node Type": "Nested Loop", "Parent Relationship": "Outer", "Join Type": "Inner", "Startup Cost": 5982.08, "Total Cost": 53855.43, "Plan Rows": 532, "Plan Width": 21, "Actual Min Startup Time": 2871.467, "Actual Max Startup Time": 2871.467, "Actual Min Total Time": 2880.704, "Actual Max Total Time": 2880.704, "Inner Unique": false, "Join Filter": "(ci.role_id = rt.id)", "Rows Removed by Join Filter": 12162, "Plans": [{"Node Type": "Seq Scan", "Parent Relationship": "Outer", "Relation Name": "role_type", "Alias": "rt", "Startup Cost": 0.0, "Total Cost": 1.15, "Plan Rows": 1, "Plan Width": 4, "Actual Min Startup Time": 0.076, "Actual Max Startup Time": 0.076, "Actual Min Total Time": 0.084, "Actual Max Total Time": 0.084, "Filter": "((role)::text = 'actress'::text)", "Rows Removed by Filter": 11, "Actual Rows": 1}, {"Node Type": "Materialize", "Parent Relationship": "Inner", "Startup Cost": 5982.08, "Total Cost": 53795.81, "Plan Rows": 5847, "Plan Width": 25, "Actual Min Startup Time": 2871.362, "Actual Max Startup Time": 2871.362, "Actual Min Total Time": 2874.376, "Actual Max Total Time": 2874.376, "Plans": [{"Node Type": "Nested Loop", "Parent Relationship": "Outer", "Join Type": "Inner", "Startup Cost": 5982.08, "Total Cost": 53781.19, "Plan Rows": 5847, "Plan Width": 25, "Actual Min Startup Time": 91.393, "Actual Max Startup Time": 91.393, "Actual Min Total Time": 2864.734, "Actual Max Total Time": 2864.734, "Inner Unique": false, "Plans": [{"Node Type": "Nested Loop", "Parent Relationship": "Outer", "Join Type": "Inner", "Startup Cost": 5982.08, "Total Cost": 48038.6, "Plan Rows": 5775, "Plan Width": 25, "Actual Min Startup Time": 85.162, "Actual Max Startup Time": 85.162, "Actual Min Total Time": 372.0, "Actual Max Total Time": 372.0, "Inner Unique": true, "Plans": [{"Node Type": "Hash Join", "Parent Relationship": "Outer", "Join Type": "Inner", "Startup Cost": 5982.08, "Total Cost": 25391.5, "Plan Rows": 5775, "Plan Width": 4, "Actual Min Startup Time": 85.11, "Actual Max Startup Time": 85.11, "Actual Min Total Time": 140.174, "Actual Max Total Time": 140.174, "Inner Unique": true, "Hash Cond": "(mc.company_id = cn.id)", "Plans": [{"Node Type": "Streaming(type: LOCAL GATHER dop: 1/16)", "Parent Relationship": "Outer", "Startup Cost": 0.0, "Total Cost": 19215.08, "Plan Rows": 36426, "Plan Width": 8, "Actual Min Startup Time": 0.075, "Actual Max Startup Time": 0.075, "Actual Min Total Time": 22.443, "Actual Max Total Time": 22.443, "Plans": [{"Node Type": "Seq Scan", "Parent Relationship": "Outer", "Relation Name": "movie_companies", "Alias": "mc", "Startup Cost": 0.0, "Total Cost": 18428.93, "Plan Rows": 36426, "Plan Width": 8, "Actual Min Startup Time": 0.036, "Actual Max Startup Time": 0.369, "Actual Min Total Time": 53.739, "Actual Max Total Time": 61.377, "Filter": "(((note)::text ~~ '%(Japan)%'::text) AND ((note)::text !~~ '%(USA)%'::text))", "Rows Removed by Filter": 2560231, "Actual Rows": 48897}], "Actual Rows": 48897}, {"Node Type": "Hash", "Parent Relationship": "Inner", "Startup Cost": 5903.45, "Total Cost": 5903.45, "Plan Rows": 6290, "Plan Width": 4, "Actual Min Startup Time": 84.948, "Actual Max Startup Time": 84.948, "Actual Min Total Time": 84.948, "Actual Max Total Time": 84.948, "Max Hash Buckets": 32768, "Min Hash Buckets": 32768, "Max Hash Batches": 1, "Min Hash Batches": 1, "Max Original Hash Batches": 1, "Min Original Hash Batches": 1, "Max Peak Memory Usage": 238, "min Peak Memory Usage": 238, "Plans": [{"Node Type": "Seq Scan", "Parent Relationship": "Outer", "Relation Name": "company_name", "Alias": "cn", "Startup Cost": 0.0, "Total Cost": 5903.45, "Plan Rows": 6290, "Plan Width": 4, "Actual Min Startup Time": 0.061, "Actual Max Startup Time": 0.061, "Actual Min Total Time": 82.814, "Actual Max Total Time": 82.814, "Filter": "((country_code)::text = '[jp]'::text)", "Rows Removed by Filter": 228244, "Actual Rows": 6752}], "Actual Rows": 6752}], "Actual Rows": 48328}, {"Node Type": "Index Scan", "Parent Relationship": "Inner", "Scan Direction": "Forward", "Index Name": "title_pkey", "Relation Name": "title", "Alias": "t", "Startup Cost": 0.0, "Total Cost": 3.91, "Plan Rows": 1, "Plan Width": 21, "Actual Min Startup Time": 191.642, "Actual Max Startup Time": 191.642, "Actual Min Total Time": 191.642, "Actual Max Total Time": 191.642, "Index Cond": "(id = mc.movie_id)", "Rows Removed by Index Recheck": 0, "Actual Rows": 48328}], "Actual Rows": 48328}, {"Node Type": "Index Scan", "Parent Relationship": "Inner", "Scan Direction": "Forward", "Index Name": "movie_id_cast_info", "Relation Name": "cast_info", "Alias": "ci", "Startup Cost": 0.0, "Total Cost": 0.98, "Plan Rows": 1, "Plan Width": 12, "Actual Min Startup Time": 2350.275, "Actual Max Startup Time": 2350.275, "Actual Min Total Time": 2462.826, "Actual Max Total Time": 2462.826, "Index Cond": "(movie_id = t.id)", "Rows Removed by Index Recheck": 0, "Filter": "((note)::text = '(voice: English version)'::text)", "Rows Removed by Filter": 1531710, "Actual Rows": 19600}], "Actual Rows": 19600}], "Actual Rows": 19601}], "Actual Rows": 7438}, {"Node Type": "Index Scan", "Parent Relationship": "Inner", "Scan Direction": "Forward", "Index Name": "person_id_aka_name", "Relation Name": "aka_name", "Alias": "an1", "Startup Cost": 0.0, "Total Cost": 0.84, "Plan Rows": 1, "Plan Width": 20, "Actual Min Startup Time": 23.882, "Actual Max Startup Time": 23.882, "Actual Min Total Time": 30.754, "Actual Max Total Time": 30.754, "Index Cond": "(person_id = ci.person_id)", "Rows Removed by Index Recheck": 0, "Actual Rows": 17379}], "Actual Rows": 17379}, {"Node Type": "Index Scan", "Parent Relationship": "Inner", "Scan Direction": "Forward", "Index Name": "name_pkey", "Relation Name": "name", "Alias": "n1", "Startup Cost": 0.0, "Total Cost": 0.57, "Plan Rows": 1, "Plan Width": 4, "Actual Min Startup Time": 57.064, "Actual Max Startup Time": 57.064, "Actual Min Total Time": 57.064, "Actual Max Total Time": 57.064, "Index Cond": "(id = an1.person_id)", "Rows Removed by Index Recheck": 0, "Filter": "(((name)::text ~~ '%Yo%'::text) AND ((name)::text !~~ '%Yu%'::text))", "Rows Removed by Filter": 17317, "Actual Rows": 62}], "Actual Rows": 62}], "Actual Rows": 1}, "Triggers": [], "Planner Runtime": 57, "Total Runtime": 2988.694, "Unique SQL Id": 3544391839}}, "(16, 13)": {"explain_plan": {"Plan": {"Node Type": "Aggregate", "Strategy": "Plain", "Startup Cost": 110825.24, "Total Cost": 110825.25, "Plan Rows": 1, "Plan Width": 97, "Plans": [{"Node Type": "Nested Loop", "Parent Relationship": "Outer", "Join Type": "Inner", "Startup Cost": 0.0, "Total Cost": 110824.76, "Plan Rows": 96, "Plan Width": 33, "Inner Unique": true, "Plans": [{"Node Type": "Nested Loop", "Parent Relationship": "Outer", "Join Type": "Inner", "Startup Cost": 0.0, "Total Cost": 110449.22, "Plan Rows": 645, "Plan Width": 41, "Inner Unique": false, "Plans": [{"Node Type": "Nested Loop", "Parent Relationship": "Outer", "Join Type": "Inner", "Startup Cost": 0.0, "Total Cost": 109995.01, "Plan Rows": 532, "Plan Width": 21, "Inner Unique": false, "Join Filter": "(ci.role_id = rt.id)", "Plans": [{"Node Type": "Index Scan", "Parent Relationship": "Outer", "Scan Direction": "Forward", "Index Name": "role_type_pkey", "Relation Name": "role_type", "Alias": "rt", "Startup Cost": 0.0, "Total Cost": 12.46, "Plan Rows": 1, "Plan Width": 4, "Filter": "((role)::text = 'actress'::text)"}, {"Node Type": "Nested Loop", "Parent Relationship": "Inner", "Join Type": "Inner", "Startup Cost": 0.0, "Total Cost": 109909.47, "Plan Rows": 5847, "Plan Width": 25, "Inner Unique": false, "Plans": [{"Node Type": "Nested Loop", "Parent Relationship": "Outer", "Join Type": "Inner", "Startup Cost": 0.0, "Total Cost": 104166.87, "Plan Rows": 5775, "Plan Width": 25, "Inner Unique": true, "Plans": [{"Node Type": "Nested Loop", "Parent Relationship": "Outer", "Join Type": "Inner", "Startup Cost": 0.0, "Total Cost": 81519.78, "Plan Rows": 5775, "Plan Width": 4, "Inner Unique": false, "Plans": [{"Node Type": "Index Scan", "Parent Relationship": "Outer", "Scan Direction": "Forward", "Index Name": "company_name_pkey", "Relation Name": "company_name", "Alias": "cn", "Startup Cost": 0.0, "Total Cost": 10501.39, "Plan Rows": 6290, "Plan Width": 4, "Filter": "((country_code)::text = '[jp]'::text)"}, {"Node Type": "Index Scan", "Parent Relationship": "Inner", "Scan Direction": "Forward", "Index Name": "company_id_movie_companies", "Relation Name": "movie_companies", "Alias": "mc", "Startup Cost": 0.0, "Total Cost": 11.28, "Plan Rows": 1, "Plan Width": 8, "Index Cond": "(company_id = cn.id)", "Filter": "(((note)::text ~~ '%(Japan)%'::text) AND ((note)::text !~~ '%(USA)%'::text))"}]}, {"Node Type": "Index Scan", "Parent Relationship": "Inner", "Scan Direction": "Forward", "Index Name": "title_pkey", "Relation Name": "title", "Alias": "t", "Startup Cost": 0.0, "Total Cost": 3.91, "Plan Rows": 1, "Plan Width": 21, "Index Cond": "(id = mc.movie_id)"}]}, {"Node Type": "Index Scan", "Parent Relationship": "Inner", "Scan Direction": "Forward", "Index Name": "movie_id_cast_info", "Relation Name": "cast_info", "Alias": "ci", "Startup Cost": 0.0, "Total Cost": 0.98, "Plan Rows": 1, "Plan Width": 12, "Index Cond": "(movie_id = t.id)", "Filter": "((note)::text = '(voice: English version)'::text)"}]}]}, {"Node Type": "Index Scan", "Parent Relationship": "Inner", "Scan Direction": "Forward", "Index Name": "person_id_aka_name", "Relation Name": "aka_name", "Alias": "an1", "Startup Cost": 0.0, "Total Cost": 0.84, "Plan Rows": 1, "Plan Width": 20, "Index Cond": "(person_id = ci.person_id)"}]}, {"Node Type": "Index Scan", "Parent Relationship": "Inner", "Scan Direction": "Forward", "Index Name": "name_pkey", "Relation Name": "name", "Alias": "n1", "Startup Cost": 0.0, "Total Cost": 0.57, "Plan Rows": 1, "Plan Width": 4, "Index Cond": "(id = an1.person_id)", "Filter": "(((name)::text ~~ '%Yo%'::text) AND ((name)::text !~~ '%Yu%'::text))"}]}]}, "Unique SQL Id": 3544391839, "Planner Runtime": 33}, "explain_analyze_plan": {"Plan": {"Node Type": "Aggregate", "Strategy": "Plain", "Startup Cost": 110825.24, "Total Cost": 110825.25, "Plan Rows": 1, "Plan Width": 97, "Actual Startup Time": 4334.909, "Actual Total Time": 4334.909, "Actual Rows": 1, "Actual Loops": 1, "Plans": [{"Node Type": "Nested Loop", "Parent Relationship": "Outer", "Join Type": "Inner", "Startup Cost": 0.0, "Total Cost": 110824.76, "Plan Rows": 96, "Plan Width": 33, "Actual Startup Time": 5.577, "Actual Total Time": 4334.505, "Actual Rows": 62, "Actual Loops": 1, "Inner Unique": true, "Plans": [{"Node Type": "Nested Loop", "Parent Relationship": "Outer", "Join Type": "Inner", "Startup Cost": 0.0, "Total Cost": 110449.22, "Plan Rows": 645, "Plan Width": 41, "Actual Startup Time": 0.394, "Actual Total Time": 4255.845, "Actual Rows": 17379, "Actual Loops": 1, "Inner Unique": false, "Plans": [{"Node Type": "Nested Loop", "Parent Relationship": "Outer", "Join Type": "Inner", "Startup Cost": 0.0, "Total Cost": 109995.01, "Plan Rows": 532, "Plan Width": 21, "Actual Startup Time": 0.38, "Actual Total Time": 4204.433, "Actual Rows": 7438, "Actual Loops": 1, "Inner Unique": false, "Join Filter": "(ci.role_id = rt.id)", "Rows Removed by Join Filter": 12162, "Plans": [{"Node Type": "Index Scan", "Parent Relationship": "Outer", "Scan Direction": "Forward", "Index Name": "role_type_pkey", "Relation Name": "role_type", "Alias": "rt", "Startup Cost": 0.0, "Total Cost": 12.46, "Plan Rows": 1, "Plan Width": 4, "Actual Startup Time": 0.018, "Actual Total Time": 0.027, "Actual Rows": 1, "Actual Loops": 1, "Filter": "((role)::text = 'actress'::text)", "Rows Removed by Filter": 11}, {"Node Type": "Nested Loop", "Parent Relationship": "Inner", "Join Type": "Inner", "Startup Cost": 0.0, "Total Cost": 109909.47, "Plan Rows": 5847, "Plan Width": 25, "Actual Startup Time": 0.358, "Actual Total Time": 4199.306, "Actual Rows": 19600, "Actual Loops": 1, "Inner Unique": false, "Plans": [{"Node Type": "Nested Loop", "Parent Relationship": "Outer", "Join Type": "Inner", "Startup Cost": 0.0, "Total Cost": 104166.87, "Plan Rows": 5775, "Plan Width": 25, "Actual Startup Time": 0.275, "Actual Total Time": 889.755, "Actual Rows": 48328, "Actual Loops": 1, "Inner Unique": true, "Plans": [{"Node Type": "Nested Loop", "Parent Relationship": "Outer", "Join Type": "Inner", "Startup Cost": 0.0, "Total Cost": 81519.78, "Plan Rows": 5775, "Plan Width": 4, "Actual Startup Time": 0.261, "Actual Total Time": 540.545, "Actual Rows": 48328, "Actual Loops": 1, "Inner Unique": false, "Plans": [{"Node Type": "Index Scan", "Parent Relationship": "Outer", "Scan Direction": "Forward", "Index Name": "company_name_pkey", "Relation Name": "company_name", "Alias": "cn", "Startup Cost": 0.0, "Total Cost": 10501.39, "Plan Rows": 6290, "Plan Width": 4, "Actual Startup Time": 0.221, "Actual Total Time": 300.895, "Actual Rows": 6752, "Actual Loops": 1, "Filter": "((country_code)::text = '[jp]'::text)", "Rows Removed by Filter": 228244}, {"Node Type": "Index Scan", "Parent Relationship": "Inner", "Scan Direction": "Forward", "Index Name": "company_id_movie_companies", "Relation Name": "movie_companies", "Alias": "mc", "Startup Cost": 0.0, "Total Cost": 11.28, "Plan Rows": 1, "Plan Width": 8, "Actual Startup Time": 57.676, "Actual Total Time": 223.783, "Actual Rows": 48328, "Actual Loops": 6752, "Index Cond": "(company_id = cn.id)", "Rows Removed by Index Recheck": 0, "Filter": "(((note)::text ~~ '%(Japan)%'::text) AND ((note)::text !~~ '%(USA)%'::text))", "Rows Removed by Filter": 56667}]}, {"Node Type": "Index Scan", "Parent Relationship": "Inner", "Scan Direction": "Forward", "Index Name": "title_pkey", "Relation Name": "title", "Alias": "t", "Startup Cost": 0.0, "Total Cost": 3.91, "Plan Rows": 1, "Plan Width": 21, "Actual Startup Time": 308.126, "Actual Total Time": 308.126, "Actual Rows": 48328, "Actual Loops": 48328, "Index Cond": "(id = mc.movie_id)", "Rows Removed by Index Recheck": 0}]}, {"Node Type": "Index Scan", "Parent Relationship": "Inner", "Scan Direction": "Forward", "Index Name": "movie_id_cast_info", "Relation Name": "cast_info", "Alias": "ci", "Startup Cost": 0.0, "Total Cost": 0.98, "Plan Rows": 1, "Plan Width": 12, "Actual Startup Time": 3136.12, "Actual Total Time": 3279.716, "Actual Rows": 19600, "Actual Loops": 48328, "Index Cond": "(movie_id = t.id)", "Rows Removed by Index Recheck": 0, "Filter": "((note)::text = '(voice: English version)'::text)", "Rows Removed by Filter": 1531710}]}]}, {"Node Type": "Index Scan", "Parent Relationship": "Inner", "Scan Direction": "Forward", "Index Name": "person_id_aka_name", "Relation Name": "aka_name", "Alias": "an1", "Startup Cost": 0.0, "Total Cost": 0.84, "Plan Rows": 1, "Plan Width": 20, "Actual Startup Time": 34.14, "Actual Total Time": 42.585, "Actual Rows": 17379, "Actual Loops": 7438, "Index Cond": "(person_id = ci.person_id)", "Rows Removed by Index Recheck": 0}]}, {"Node Type": "Index Scan", "Parent Relationship": "Inner", "Scan Direction": "Forward", "Index Name": "name_pkey", "Relation Name": "name", "Alias": "n1", "Startup Cost": 0.0, "Total Cost": 0.57, "Plan Rows": 1, "Plan Width": 4, "Actual Startup Time": 69.867, "Actual Total Time": 69.867, "Actual Rows": 62, "Actual Loops": 17379, "Index Cond": "(id = an1.person_id)", "Rows Removed by Index Recheck": 0, "Filter": "(((name)::text ~~ '%Yo%'::text) AND ((name)::text !~~ '%Yu%'::text))", "Rows Removed by Filter": 17317}]}]}, "Triggers": [], "Planner Runtime": 25, "Total Runtime": 4335.62, "Unique SQL Id": 3544391839}}, "(16, 14)": {"explain_plan": {"Plan": {"Node Type": "Aggregate", "Strategy": "Plain", "Startup Cost": 167694.53, "Total Cost": 167694.54, "Plan Rows": 1, "Plan Width": 97, "Plans": [{"Node Type": "Nested Loop", "Parent Relationship": "Outer", "Join Type": "Inner", "Startup Cost": 149777.99, "Total Cost": 167691.3, "Plan Rows": 646, "Plan Width": 33, "Inner Unique": false, "Join Filter": "(ci.role_id = rt.id)", "Plans": [{"Node Type": "Seq Scan", "Parent Relationship": "Outer", "Relation Name": "role_type", "Alias": "rt", "Startup Cost": 0.0, "Total Cost": 1.15, "Plan Rows": 1, "Plan Width": 4, "Filter": "((role)::text = 'actress'::text)"}, {"Node Type": "Materialize", "Parent Relationship": "Inner", "Startup Cost": 149777.99, "Total Cost": 167619.1, "Plan Rows": 7105, "Plan Width": 37, "Plans": [{"Node Type": "Streaming(type: LOCAL GATHER dop: 1/16)", "Parent Relationship": "Outer", "Startup Cost": 149777.99, "Total Cost": 167601.34, "Plan Rows": 7105, "Plan Width": 37, "Plans": [{"Node Type": "Hash Join", "Parent Relationship": "Outer", "Join Type": "Inner", "Startup Cost": 149777.99, "Total Cost": 167448.0, "Plan Rows": 7105, "Plan Width": 37, "Inner Unique": true, "Hash Cond": "(ci.movie_id = t.id)", "Plans": [{"Node Type": "Streaming(type: BROADCAST dop: 16/1)", "Parent Relationship": "Outer", "Startup Cost": 143114.16, "Total Cost": 160753.09, "Plan Rows": 113680, "Plan Width": 28, "Plans": [{"Node Type": "Merge Join", "Parent Relationship": "Outer", "Join Type": "Inner", "Startup Cost": 143114.16, "Total Cost": 143299.64, "Plan Rows": 7105, "Plan Width": 28, "Inner Unique": false, "Merge Cond": "(mc.movie_id = ci.movie_id)", "Plans": [{"Node Type": "Sort", "Parent Relationship": "Outer", "Startup Cost": 25752.31, "Total Cost": 25766.75, "Plan Rows": 5775, "Plan Width": 4, "Sort Key": ["mc.movie_id"], "Plans": [{"Node Type": "Hash Join", "Parent Relationship": "Outer", "Join Type": "Inner", "Startup Cost": 5982.08, "Total Cost": 25391.5, "Plan Rows": 5775, "Plan Width": 4, "Inner Unique": true, "Hash Cond": "(mc.company_id = cn.id)", "Plans": [{"Node Type": "Streaming(type: LOCAL GATHER dop: 1/16)", "Parent Relationship": "Outer", "Startup Cost": 0.0, "Total Cost": 19215.08, "Plan Rows": 36426, "Plan Width": 8, "Plans": [{"Node Type": "Seq Scan", "Parent Relationship": "Outer", "Relation Name": "movie_companies", "Alias": "mc", "Startup Cost": 0.0, "Total Cost": 18428.93, "Plan Rows": 36426, "Plan Width": 8, "Filter": "(((note)::text ~~ '%(Japan)%'::text) AND ((note)::text !~~ '%(USA)%'::text))"}]}, {"Node Type": "Hash", "Parent Relationship": "Inner", "Startup Cost": 5903.45, "Total Cost": 5903.45, "Plan Rows": 6290, "Plan Width": 4, "Plans": [{"Node Type": "Seq Scan", "Parent Relationship": "Outer", "Relation Name": "company_name", "Alias": "cn", "Startup Cost": 0.0, "Total Cost": 5903.45, "Plan Rows": 6290, "Plan Width": 4, "Filter": "((country_code)::text = '[jp]'::text)"}]}]}]}, {"Node Type": "Sort", "Parent Relationship": "Inner", "Startup Cost": 117361.85, "Total Cost": 117404.75, "Plan Rows": 17161, "Plan Width": 24, "Sort Key": ["ci.movie_id"], "Plans": [{"Node Type": "Hash Join", "Parent Relationship": "Outer", "Join Type": "Inner", "Startup Cost": 54889.63, "Total Cost": 116154.85, "Plan Rows": 17161, "Plan Width": 24, "Inner Unique": false, "Hash Cond": "(ci.person_id = an1.person_id)", "Plans": [{"Node Type": "Streaming(type: LOCAL GATHER dop: 1/16)", "Parent Relationship": "Outer", "Startup Cost": 0.0, "Total Cost": 60369.73, "Plan Rows": 96692, "Plan Width": 12, "Plans": [{"Node Type": "Seq Scan", "Parent Relationship": "Outer", "Relation Name": "cast_info", "Alias": "ci", "Startup Cost": 0.0, "Total Cost": 58282.92, "Plan Rows": 96692, "Plan Width": 12, "Filter": "((note)::text = '(voice: English version)'::text)"}]}, {"Node Type": "Hash", "Parent Relationship": "Inner", "Startup Cost": 54681.79, "Total Cost": 54681.79, "Plan Rows": 16627, "Plan Width": 24, "Plans": [{"Node Type": "Streaming(type: LOCAL GATHER dop: 1/16)", "Parent Relationship": "Outer", "Startup Cost": 37857.03, "Total Cost": 54681.79, "Plan Rows": 16627, "Plan Width": 24, "Plans": [{"Node Type": "Hash Join", "Parent Relationship": "Outer", "Join Type": "Inner", "Startup Cost": 37857.03, "Total Cost": 54322.95, "Plan Rows": 16627, "Plan Width": 24, "Inner Unique": true, "Hash Cond": "(an1.person_id = n1.id)", "Plans": [{"Node Type": "Seq Scan", "Parent Relationship": "Outer", "Relation Name": "aka_name", "Alias": "an1", "Startup Cost": 0.0, "Total Cost": 16244.28, "Plan Rows": 901342, "Plan Width": 20}, {"Node Type": "Hash", "Parent Relationship": "Inner", "Startup Cost": 37683.45, "Total Cost": 37683.45, "Plan Rows": 222176, "Plan Width": 4, "Plans": [{"Node Type": "Streaming(type: BROADCAST dop: 16/16)", "Parent Relationship": "Outer", "Startup Cost": 0.0, "Total Cost": 37683.45, "Plan Rows": 222176, "Plan Width": 4, "Plans": [{"Node Type": "Seq Scan", "Parent Relationship": "Outer", "Relation Name": "name", "Alias": "n1", "Startup Cost": 0.0, "Total Cost": 22119.33, "Plan Rows": 13886, "Plan Width": 4, "Filter": "(((name)::text ~~ '%Yo%'::text) AND ((name)::text !~~ '%Yu%'::text))"}]}]}]}]}]}]}]}]}]}, {"Node Type": "Hash", "Parent Relationship": "Inner", "Startup Cost": 18754.32, "Total Cost": 18754.32, "Plan Rows": 2528311, "Plan Width": 21, "Plans": [{"Node Type": "Seq Scan", "Parent Relationship": "Outer", "Relation Name": "title", "Alias": "t", "Startup Cost": 0.0, "Total Cost": 18754.32, "Plan Rows": 2528311, "Plan Width": 21}]}]}]}]}]}]}, "Unique SQL Id": 3544391839, "Planner Runtime": 184}, "explain_analyze_plan": {"Plan": {"Node Type": "Aggregate", "Strategy": "Plain", "Startup Cost": 167694.53, "Total Cost": 167694.54, "Plan Rows": 1, "Plan Width": 97, "Actual Min Startup Time": 997.916, "Actual Max Startup Time": 997.916, "Actual Min Total Time": 997.916, "Actual Max Total Time": 997.916, "Plans": [{"Node Type": "Nested Loop", "Parent Relationship": "Outer", "Join Type": "Inner", "Startup Cost": 149777.99, "Total Cost": 167691.3, "Plan Rows": 646, "Plan Width": 33, "Actual Min Startup Time": 997.662, "Actual Max Startup Time": 997.662, "Actual Min Total Time": 997.866, "Actual Max Total Time": 997.866, "Inner Unique": false, "Join Filter": "(ci.role_id = rt.id)", "Rows Removed by Join Filter": 596, "Plans": [{"Node Type": "Seq Scan", "Parent Relationship": "Outer", "Relation Name": "role_type", "Alias": "rt", "Startup Cost": 0.0, "Total Cost": 1.15, "Plan Rows": 1, "Plan Width": 4, "Actual Min Startup Time": 0.027, "Actual Max Startup Time": 0.027, "Actual Min Total Time": 0.032, "Actual Max Total Time": 0.032, "Filter": "((role)::text = 'actress'::text)", "Rows Removed by Filter": 11, "Actual Rows": 1}, {"Node Type": "Materialize", "Parent Relationship": "Inner", "Startup Cost": 149777.99, "Total Cost": 167619.1, "Plan Rows": 7105, "Plan Width": 37, "Actual Min Startup Time": 997.598, "Actual Max Startup Time": 997.598, "Actual Min Total Time": 997.658, "Actual Max Total Time": 997.658, "Plans": [{"Node Type": "Streaming(type: LOCAL GATHER dop: 1/16)", "Parent Relationship": "Outer", "Startup Cost": 149777.99, "Total Cost": 167601.34, "Plan Rows": 7105, "Plan Width": 37, "Actual Min Startup Time": 997.162, "Actual Max Startup Time": 997.162, "Actual Min Total Time": 997.474, "Actual Max Total Time": 997.474, "Plans": [{"Node Type": "Hash Join", "Parent Relationship": "Outer", "Join Type": "Inner", "Startup Cost": 149777.99, "Total Cost": 167448.0, "Plan Rows": 7105, "Plan Width": 37, "Actual Min Startup Time": 811.987, "Actual Max Startup Time": 835.439, "Actual Min Total Time": 826.553, "Actual Max Total Time": 851.421, "Inner Unique": true, "Hash Cond": "(ci.movie_id = t.id)", "Plans": [{"Node Type": "Streaming(type: BROADCAST dop: 16/1)", "Parent Relationship": "Outer", "Startup Cost": 143114.16, "Total Cost": 160753.09, "Plan Rows": 113680, "Plan Width": 28, "Actual Min Startup Time": 699.611, "Actual Max Startup Time": 735.819, "Actual Min Total Time": 715.491, "Actual Max Total Time": 751.652, "Plans": [{"Node Type": "Merge Join", "Parent Relationship": "Outer", "Join Type": "Inner", "Startup Cost": 143114.16, "Total Cost": 143299.64, "Plan Rows": 7105, "Plan Width": 28, "Actual Min Startup Time": 826.743, "Actual Max Startup Time": 826.743, "Actual Min Total Time": 837.116, "Actual Max Total Time": 837.116, "Inner Unique": false, "Merge Cond": "(mc.movie_id = ci.movie_id)", "Plans": [{"Node Type": "Sort", "Parent Relationship": "Outer", "Startup Cost": 25752.31, "Total Cost": 25766.75, "Plan Rows": 5775, "Plan Width": 4, "Actual Min Startup Time": 165.148, "Actual Max Startup Time": 165.148, "Actual Min Total Time": 170.081, "Actual Max Total Time": 170.081, "Sort Key": ["mc.movie_id"], "Sort Method": "quicksort", "Sort Space Min Used": 4557, "Sort Space Max Used": 4557, "Sort Space Type": "Memory", "Plans": [{"Node Type": "Hash Join", "Parent Relationship": "Outer", "Join Type": "Inner", "Startup Cost": 5982.08, "Total Cost": 25391.5, "Plan Rows": 5775, "Plan Width": 4, "Actual Min Startup Time": 85.784, "Actual Max Startup Time": 85.784, "Actual Min Total Time": 150.664, "Actual Max Total Time": 150.664, "Inner Unique": true, "Hash Cond": "(mc.company_id = cn.id)", "Plans": [{"Node Type": "Streaming(type: LOCAL GATHER dop: 1/16)", "Parent Relationship": "Outer", "Startup Cost": 0.0, "Total Cost": 19215.08, "Plan Rows": 36426, "Plan Width": 8, "Actual Min Startup Time": 0.084, "Actual Max Startup Time": 0.084, "Actual Min Total Time": 46.164, "Actual Max Total Time": 46.164, "Plans": [{"Node Type": "Seq Scan", "Parent Relationship": "Outer", "Relation Name": "movie_companies", "Alias": "mc", "Startup Cost": 0.0, "Total Cost": 18428.93, "Plan Rows": 36426, "Plan Width": 8, "Actual Min Startup Time": 0.047, "Actual Max Startup Time": 0.38, "Actual Min Total Time": 53.755, "Actual Max Total Time": 62.306, "Filter": "(((note)::text ~~ '%(Japan)%'::text) AND ((note)::text !~~ '%(USA)%'::text))", "Rows Removed by Filter": 2560231, "Actual Rows": 48897}], "Actual Rows": 48897}, {"Node Type": "Hash", "Parent Relationship": "Inner", "Startup Cost": 5903.45, "Total Cost": 5903.45, "Plan Rows": 6290, "Plan Width": 4, "Actual Min Startup Time": 85.637, "Actual Max Startup Time": 85.637, "Actual Min Total Time": 85.637, "Actual Max Total Time": 85.637, "Max Hash Buckets": 32768, "Min Hash Buckets": 32768, "Max Hash Batches": 1, "Min Hash Batches": 1, "Max Original Hash Batches": 1, "Min Original Hash Batches": 1, "Max Peak Memory Usage": 238, "min Peak Memory Usage": 238, "Plans": [{"Node Type": "Seq Scan", "Parent Relationship": "Outer", "Relation Name": "company_name", "Alias": "cn", "Startup Cost": 0.0, "Total Cost": 5903.45, "Plan Rows": 6290, "Plan Width": 4, "Actual Min Startup Time": 0.039, "Actual Max Startup Time": 0.039, "Actual Min Total Time": 83.506, "Actual Max Total Time": 83.506, "Filter": "((country_code)::text = '[jp]'::text)", "Rows Removed by Filter": 228244, "Actual Rows": 6752}], "Actual Rows": 6752}], "Actual Rows": 48328}], "Actual Rows": 46669}, {"Node Type": "Sort", "Parent Relationship": "Inner", "Startup Cost": 117361.85, "Total Cost": 117404.75, "Plan Rows": 17161, "Plan Width": 24, "Actual Min Startup Time": 660.268, "Actual Max Startup Time": 660.268, "Actual Min Total Time": 660.574, "Actual Max Total Time": 660.574, "Sort Key": ["ci.movie_id"], "Sort Method": "quicksort", "Sort Space Min Used": 338, "Sort Space Max Used": 338, "Sort Space Type": "Memory", "Plans": [{"Node Type": "Hash Join", "Parent Relationship": "Outer", "Join Type": "Inner", "Startup Cost": 54889.63, "Total Cost": 116154.85, "Plan Rows": 17161, "Plan Width": 24, "Actual Min Startup Time": 34.73, "Actual Max Startup Time": 34.73, "Actual Min Total Time": 659.318, "Actual Max Total Time": 659.318, "Inner Unique": false, "Hash Cond": "(ci.person_id = an1.person_id)", "Plans": [{"Node Type": "Streaming(type: LOCAL GATHER dop: 1/16)", "Parent Relationship": "Outer", "Startup Cost": 0.0, "Total Cost": 60369.73, "Plan Rows": 96692, "Plan Width": 12, "Actual Min Startup Time": 0.048, "Actual Max Startup Time": 0.048, "Actual Min Total Time": 622.968, "Actual Max Total Time": 622.968, "Plans": [{"Node Type": "Seq Scan", "Parent Relationship": "Outer", "Relation Name": "cast_info", "Alias": "ci", "Startup Cost": 0.0, "Total Cost": 58282.92, "Plan Rows": 96692, "Plan Width": 12, "Actual Min Startup Time": 0.057, "Actual Max Startup Time": 2.932, "Actual Min Total Time": 611.455, "Actual Max Total Time": 663.074, "Filter": "((note)::text = '(voice: English version)'::text)", "Rows Removed by Filter": 36151248, "Actual Rows": 93095}], "Actual Rows": 93095}, {"Node Type": "Hash", "Parent Relationship": "Inner", "Startup Cost": 54681.79, "Total Cost": 54681.79, "Plan Rows": 16627, "Plan Width": 24, "Actual Min Startup Time": 20.441, "Actual Max Startup Time": 20.441, "Actual Min Total Time": 20.441, "Actual Max Total Time": 20.441, "Max Hash Buckets": 32768, "Min Hash Buckets": 32768, "Max Hash Batches": 1, "Min Hash Batches": 1, "Max Original Hash Batches": 1, "Min Original Hash Batches": 1, "Max Peak Memory Usage": 229, "min Peak Memory Usage": 229, "Plans": [{"Node Type": "Streaming(type: LOCAL GATHER dop: 1/16)", "Parent Relationship": "Outer", "Startup Cost": 37857.03, "Total Cost": 54681.79, "Plan Rows": 16627, "Plan Width": 24, "Actual Min Startup Time": 2.122, "Actual Max Startup Time": 2.122, "Actual Min Total Time": 19.415, "Actual Max Total Time": 19.415, "Plans": [{"Node Type": "Hash Join", "Parent Relationship": "Outer", "Join Type": "Inner", "Startup Cost": 37857.03, "Total Cost": 54322.95, "Plan Rows": 16627, "Plan Width": 24, "Actual Min Startup Time": 139.966, "Actual Max Startup Time": 195.543, "Actual Min Total Time": 166.379, "Actual Max Total Time": 221.357, "Inner Unique": true, "Hash Cond": "(an1.person_id = n1.id)", "Plans": [{"Node Type": "Seq Scan", "Parent Relationship": "Outer", "Relation Name": "aka_name", "Alias": "an1", "Startup Cost": 0.0, "Total Cost": 16244.28, "Plan Rows": 901342, "Plan Width": 20, "Actual Min Startup Time": 0.041, "Actual Max Startup Time": 0.06, "Actual Min Total Time": 12.726, "Actual Max Total Time": 15.936, "Actual Rows": 901342}, {"Node Type": "Hash", "Parent Relationship": "Inner", "Startup Cost": 37683.45, "Total Cost": 37683.45, "Plan Rows": 222176, "Plan Width": 4, "Actual Min Startup Time": 139.58, "Actual Max Startup Time": 195.253, "Actual Min Total Time": 139.58, "Actual Max Total Time": 195.253, "Max Hash Buckets": 32768, "Min Hash Buckets": 32768, "Max Hash Batches": 1, "Min Hash Batches": 1, "Max Original Hash Batches": 1, "Min Original Hash Batches": 1, "Max Peak Memory Usage": 736, "min Peak Memory Usage": 736, "Plans": [{"Node Type": "Streaming(type: BROADCAST dop: 16/16)", "Parent Relationship": "Outer", "Startup Cost": 0.0, "Total Cost": 37683.45, "Plan Rows": 222176, "Plan Width": 4, "Actual Min Startup Time": 0.054, "Actual Max Startup Time": 1.275, "Actual Min Total Time": 133.972, "Actual Max Total Time": 190.256, "Plans": [{"Node Type": "Seq Scan", "Parent Relationship": "Outer", "Relation Name": "name", "Alias": "n1", "Startup Cost": 0.0, "Total Cost": 22119.33, "Plan Rows": 13886, "Plan Width": 4, "Actual Min Startup Time": 0.053, "Actual Max Startup Time": 1.743, "Actual Min Total Time": 100.887, "Actual Max Total Time": 112.405, "Filter": "(((name)::text ~~ '%Yo%'::text) AND ((name)::text !~~ '%Yu%'::text))", "Rows Removed by Filter": 4146579, "Actual Rows": 20911}], "Actual Rows": 334576}], "Actual Rows": 334576}], "Actual Rows": 4031}], "Actual Rows": 4031}], "Actual Rows": 4031}], "Actual Rows": 2575}], "Actual Rows": 2845}], "Actual Rows": 658}], "Actual Rows": 10528}, {"Node Type": "Hash", "Parent Relationship": "Inner", "Startup Cost": 18754.32, "Total Cost": 18754.32, "Plan Rows": 2528311, "Plan Width": 21, "Actual Min Startup Time": 99.381, "Actual Max Startup Time": 111.331, "Actual Min Total Time": 99.381, "Actual Max Total Time": 111.331, "Max Hash Buckets": 262144, "Min Hash Buckets": 262144, "Max Hash Batches": 1, "Min Hash Batches": 1, "Max Original Hash Batches": 1, "Min Original Hash Batches": 1, "Max Peak Memory Usage": 8595, "min Peak Memory Usage": 8595, "Plans": [{"Node Type": "Seq Scan", "Parent Relationship": "Outer", "Relation Name": "title", "Alias": "t", "Startup Cost": 0.0, "Total Cost": 18754.32, "Plan Rows": 2528311, "Plan Width": 21, "Actual Min Startup Time": 0.027, "Actual Max Startup Time": 0.042, "Actual Min Total Time": 51.411, "Actual Max Total Time": 57.519, "Actual Rows": 2528311}], "Actual Rows": 2528311}], "Actual Rows": 658}], "Actual Rows": 658}], "Actual Rows": 659}], "Actual Rows": 62}], "Actual Rows": 1}, "Triggers": [], "Planner Runtime": 184, "Total Runtime": 1016.305, "Unique SQL Id": 3544391839}}, "(16, 15)": {"explain_plan": {"Plan": {"Node Type": "Aggregate", "Strategy": "Plain", "Startup Cost": 6721053364161.28, "Total Cost": 6721053364161.29, "Plan Rows": 1, "Plan Width": 97, "Plans": [{"Node Type": "Merge Join", "Parent Relationship": "Outer", "Join Type": "Inner", "Startup Cost": 70051235465.84, "Total Cost": 6721053364158.05, "Plan Rows": 646, "Plan Width": 33, "Inner Unique": true, "Merge Cond": "(ci.movie_id = t.id)", "Plans": [{"Node Type": "Nested Loop", "Parent Relationship": "Outer", "Join Type": "Inner", "Startup Cost": 60051235465.84, "Total Cost": 5721925336380.1, "Plan Rows": 646, "Plan Width": 24, "Inner Unique": true, "Join Filter": "(mc.company_id = cn.id)", "Plans": [{"Node Type": "Nested Loop", "Parent Relationship": "Outer", "Join Type": "Inner", "Startup Cost": 50051235465.84, "Total Cost": 4721924164513.91, "Plan Rows": 1290, "Plan Width": 28, "Inner Unique": false, "Join Filter": "(ci.movie_id = mc.movie_id)", "Plans": [{"Node Type": "Index Scan", "Parent Relationship": "Outer", "Scan Direction": "Forward", "Index Name": "movie_id_movie_companies", "Relation Name": "movie_companies", "Alias": "mc", "Startup Cost": 10000000000.0, "Total Cost": 1000014356510.13, "Plan Rows": 36426, "Plan Width": 8, "Filter": "(((note)::text ~~ '%(Japan)%'::text) AND ((note)::text !~~ '%(USA)%'::text))"}, {"Node Type": "Materialize", "Parent Relationship": "Inner", "Startup Cost": 40051235465.84, "Total Cost": 3721908955639.28, "Plan Rows": 1560, "Plan Width": 20, "Plans": [{"Node Type": "Nested Loop", "Parent Relationship": "Outer", "Join Type": "Inner", "Startup Cost": 40051235465.84, "Total Cost": 3721908955631.48, "Plan Rows": 1560, "Plan Width": 20, "Inner Unique": true, "Join Filter": "(ci.role_id = rt.id)", "Plans": [{"Node Type": "Merge Join", "Parent Relationship": "Outer", "Join Type": "Inner", "Startup Cost": 30051235465.84, "Total Cost": 2721908954128.06, "Plan Rows": 17161, "Plan Width": 24, "Inner Unique": false, "Merge Cond": "(an1.person_id = ci.person_id)", "Plans": [{"Node Type": "Merge Join", "Parent Relationship": "Outer", "Join Type": "Inner", "Startup Cost": 20030754356.47, "Total Cost": 2000026606025.89, "Plan Rows": 16627, "Plan Width": 24, "Inner Unique": true, "Merge Cond": "(an1.person_id = n1.id)", "Plans": [{"Node Type": "Index Scan", "Parent Relationship": "Outer", "Scan Direction": "Forward", "Index Name": "person_id_aka_name", "Relation Name": "aka_name", "Alias": "an1", "Startup Cost": 10000000000.0, "Total Cost": 1000006896503.43, "Plan Rows": 901342, "Plan Width": 20}, {"Node Type": "Materialize", "Parent Relationship": "Inner", "Startup Cost": 10000000000.0, "Total Cost": 1000019707054.42, "Plan Rows": 13886, "Plan Width": 4, "Plans": [{"Node Type": "Index Scan", "Parent Relationship": "Outer", "Scan Direction": "Forward", "Index Name": "name_pkey", "Relation Name": "name", "Alias": "n1", "Startup Cost": 10000000000.0, "Total Cost": 1000019707019.7, "Plan Rows": 13886, "Plan Width": 4, "Filter": "(((name)::text ~~ '%Yo%'::text) AND ((name)::text !~~ '%Yu%'::text))"}]}]}, {"Node Type": "Index Scan", "Parent Relationship": "Inner", "Scan Direction": "Forward", "Index Name": "person_id_cast_info", "Relation Name": "cast_info", "Alias": "ci", "Startup Cost": 10000000000.0, "Total Cost": 1000179713706.71, "Plan Rows": 96692, "Plan Width": 12, "Filter": "((note)::text = '(voice: English version)'::text)"}]}, {"Node Type": "Materialize", "Parent Relationship": "Inner", "Startup Cost": 10000000000.0, "Total Cost": 1000000001246.0, "Plan Rows": 1, "Plan Width": 4, "Plans": [{"Node Type": "Index Scan", "Parent Relationship": "Outer", "Scan Direction": "Forward", "Index Name": "role_type_pkey", "Relation Name": "role_type", "Alias": "rt", "Startup Cost": 10000000000.0, "Total Cost": 1000000001246.0, "Plan Rows": 1, "Plan Width": 4, "Filter": "((role)::text = 'actress'::text)"}]}]}]}]}, {"Node Type": "Materialize", "Parent Relationship": "Inner", "Startup Cost": 10000000000.0, "Total Cost": 1000001050170.42, "Plan Rows": 6290, "Plan Width": 4, "Plans": [{"Node Type": "Index Scan", "Parent Relationship": "Outer", "Scan Direction": "Forward", "Index Name": "company_name_pkey", "Relation Name": "company_name", "Alias": "cn", "Startup Cost": 10000000000.0, "Total Cost": 1000001050138.97, "Plan Rows": 6290, "Plan Width": 4, "Filter": "((country_code)::text = '[jp]'::text)"}]}]}, {"Node Type": "Index Scan", "Parent Relationship": "Inner", "Scan Direction": "Forward", "Index Name": "title_pkey", "Relation Name": "title", "Alias": "t", "Startup Cost": 10000000000.0, "Total Cost": 1000011012048.91, "Plan Rows": 2528311, "Plan Width": 21}]}]}, "Unique SQL Id": 3544391839, "Planner Runtime": 121}, "explain_analyze_plan": null}, "(16, 16)": {"explain_plan": {"Plan": {"Node Type": "Aggregate", "Strategy": "Plain", "Startup Cost": 72267.58, "Total Cost": 72267.59, "Plan Rows": 1, "Plan Width": 97, "Plans": [{"Node Type": "Nested Loop", "Parent Relationship": "Outer", "Join Type": "Inner", "Startup Cost": 0.0, "Total Cost": 72267.1, "Plan Rows": 96, "Plan Width": 33, "Inner Unique": true, "Plans": [{"Node Type": "Nested Loop", "Parent Relationship": "Outer", "Join Type": "Inner", "Startup Cost": 0.0, "Total Cost": 71891.56, "Plan Rows": 645, "Plan Width": 41, "Inner Unique": false, "Plans": [{"Node Type": "Nested Loop", "Parent Relationship": "Outer", "Join Type": "Inner", "Startup Cost": 0.0, "Total Cost": 71437.35, "Plan Rows": 532, "Plan Width": 21, "Inner Unique": false, "Join Filter": "(ci.role_id = rt.id)", "Plans": [{"Node Type": "Seq Scan", "Parent Relationship": "Outer", "Relation Name": "role_type", "Alias": "rt", "Startup Cost": 0.0, "Total Cost": 1.15, "Plan Rows": 1, "Plan Width": 4, "Filter": "((role)::text = 'actress'::text)"}, {"Node Type": "Materialize", "Parent Relationship": "Inner", "Startup Cost": 0.0, "Total Cost": 71377.73, "Plan Rows": 5847, "Plan Width": 25, "Plans": [{"Node Type": "Nested Loop", "Parent Relationship": "Outer", "Join Type": "Inner", "Startup Cost": 0.0, "Total Cost": 71363.11, "Plan Rows": 5847, "Plan Width": 25, "Inner Unique": false, "Plans": [{"Node Type": "Nested Loop", "Parent Relationship": "Outer", "Join Type": "Inner", "Startup Cost": 0.0, "Total Cost": 65620.52, "Plan Rows": 5775, "Plan Width": 25, "Inner Unique": true, "Plans": [{"Node Type": "Nested Loop", "Parent Relationship": "Outer", "Join Type": "Inner", "Startup Cost": 0.0, "Total Cost": 42973.42, "Plan Rows": 5775, "Plan Width": 4, "Inner Unique": true, "Plans": [{"Node Type": "Streaming(type: LOCAL GATHER dop: 1/16)", "Parent Relationship": "Outer", "Startup Cost": 0.0, "Total Cost": 19215.08, "Plan Rows": 36426, "Plan Width": 8, "Plans": [{"Node Type": "Seq Scan", "Parent Relationship": "Outer", "Relation Name": "movie_companies", "Alias": "mc", "Startup Cost": 0.0, "Total Cost": 18428.93, "Plan Rows": 36426, "Plan Width": 8, "Filter": "(((note)::text ~~ '%(Japan)%'::text) AND ((note)::text !~~ '%(USA)%'::text))"}]}, {"Node Type": "Index Scan", "Parent Relationship": "Inner", "Scan Direction": "Forward", "Index Name": "company_name_pkey", "Relation Name": "company_name", "Alias": "cn", "Startup Cost": 0.0, "Total Cost": 0.64, "Plan Rows": 1, "Plan Width": 4, "Index Cond": "(id = mc.company_id)", "Filter": "((country_code)::text = '[jp]'::text)"}]}, {"Node Type": "Index Scan", "Parent Relationship": "Inner", "Scan Direction": "Forward", "Index Name": "title_pkey", "Relation Name": "title", "Alias": "t", "Startup Cost": 0.0, "Total Cost": 3.91, "Plan Rows": 1, "Plan Width": 21, "Index Cond": "(id = mc.movie_id)"}]}, {"Node Type": "Index Scan", "Parent Relationship": "Inner", "Scan Direction": "Forward", "Index Name": "movie_id_cast_info", "Relation Name": "cast_info", "Alias": "ci", "Startup Cost": 0.0, "Total Cost": 0.98, "Plan Rows": 1, "Plan Width": 12, "Index Cond": "(movie_id = t.id)", "Filter": "((note)::text = '(voice: English version)'::text)"}]}]}]}, {"Node Type": "Index Scan", "Parent Relationship": "Inner", "Scan Direction": "Forward", "Index Name": "person_id_aka_name", "Relation Name": "aka_name", "Alias": "an1", "Startup Cost": 0.0, "Total Cost": 0.84, "Plan Rows": 1, "Plan Width": 20, "Index Cond": "(person_id = ci.person_id)"}]}, {"Node Type": "Index Scan", "Parent Relationship": "Inner", "Scan Direction": "Forward", "Index Name": "name_pkey", "Relation Name": "name", "Alias": "n1", "Startup Cost": 0.0, "Total Cost": 0.57, "Plan Rows": 1, "Plan Width": 4, "Index Cond": "(id = an1.person_id)", "Filter": "(((name)::text ~~ '%Yo%'::text) AND ((name)::text !~~ '%Yu%'::text))"}]}]}, "Unique SQL Id": 3544391839, "Planner Runtime": 20}, "explain_analyze_plan": {"Plan": {"Node Type": "Aggregate", "Strategy": "Plain", "Startup Cost": 72267.58, "Total Cost": 72267.59, "Plan Rows": 1, "Plan Width": 97, "Actual Min Startup Time": 3863.137, "Actual Max Startup Time": 3863.137, "Actual Min Total Time": 3863.137, "Actual Max Total Time": 3863.137, "Plans": [{"Node Type": "Nested Loop", "Parent Relationship": "Outer", "Join Type": "Inner", "Startup Cost": 0.0, "Total Cost": 72267.1, "Plan Rows": 96, "Plan Width": 33, "Actual Min Startup Time": 3772.335, "Actual Max Startup Time": 3772.335, "Actual Min Total Time": 3863.055, "Actual Max Total Time": 3863.055, "Inner Unique": true, "Plans": [{"Node Type": "Nested Loop", "Parent Relationship": "Outer", "Join Type": "Inner", "Startup Cost": 0.0, "Total Cost": 71891.56, "Plan Rows": 645, "Plan Width": 41, "Actual Min Startup Time": 3748.16, "Actual Max Startup Time": 3748.16, "Actual Min Total Time": 3795.693, "Actual Max Total Time": 3795.693, "Inner Unique": false, "Plans": [{"Node Type": "Nested Loop", "Parent Relationship": "Outer", "Join Type": "Inner", "Startup Cost": 0.0, "Total Cost": 71437.35, "Plan Rows": 532, "Plan Width": 21, "Actual Min Startup Time": 3748.139, "Actual Max Startup Time": 3748.139, "Actual Min Total Time": 3756.869, "Actual Max Total Time": 3756.869, "Inner Unique": false, "Join Filter": "(ci.role_id = rt.id)", "Rows Removed by Join Filter": 12162, "Plans": [{"Node Type": "Seq Scan", "Parent Relationship": "Outer", "Relation Name": "role_type", "Alias": "rt", "Startup Cost": 0.0, "Total Cost": 1.15, "Plan Rows": 1, "Plan Width": 4, "Actual Min Startup Time": 0.039, "Actual Max Startup Time": 0.039, "Actual Min Total Time": 0.046, "Actual Max Total Time": 0.046, "Filter": "((role)::text = 'actress'::text)", "Rows Removed by Filter": 11, "Actual Rows": 1}, {"Node Type": "Materialize", "Parent Relationship": "Inner", "Startup Cost": 0.0, "Total Cost": 71377.73, "Plan Rows": 5847, "Plan Width": 25, "Actual Min Startup Time": 3748.088, "Actual Max Startup Time": 3748.088, "Actual Min Total Time": 3750.907, "Actual Max Total Time": 3750.907, "Plans": [{"Node Type": "Nested Loop", "Parent Relationship": "Outer", "Join Type": "Inner", "Startup Cost": 0.0, "Total Cost": 71363.11, "Plan Rows": 5847, "Plan Width": 25, "Actual Min Startup Time": 47.3, "Actual Max Startup Time": 47.3, "Actual Min Total Time": 3741.804, "Actual Max Total Time": 3741.804, "Inner Unique": false, "Plans": [{"Node Type": "Nested Loop", "Parent Relationship": "Outer", "Join Type": "Inner", "Startup Cost": 0.0, "Total Cost": 65620.52, "Plan Rows": 5775, "Plan Width": 25, "Actual Min Startup Time": 39.662, "Actual Max Startup Time": 39.662, "Actual Min Total Time": 582.989, "Actual Max Total Time": 582.989, "Inner Unique": true, "Plans": [{"Node Type": "Nested Loop", "Parent Relationship": "Outer", "Join Type": "Inner", "Startup Cost": 0.0, "Total Cost": 42973.42, "Plan Rows": 5775, "Plan Width": 4, "Actual Min Startup Time": 39.64, "Actual Max Startup Time": 39.64, "Actual Min Total Time": 308.527, "Actual Max Total Time": 308.527, "Inner Unique": true, "Plans": [{"Node Type": "Streaming(type: LOCAL GATHER dop: 1/16)", "Parent Relationship": "Outer", "Startup Cost": 0.0, "Total Cost": 19215.08, "Plan Rows": 36426, "Plan Width": 8, "Actual Min Startup Time": 39.592, "Actual Max Startup Time": 39.592, "Actual Min Total Time": 71.899, "Actual Max Total Time": 71.899, "Plans": [{"Node Type": "Seq Scan", "Parent Relationship": "Outer", "Relation Name": "movie_companies", "Alias": "mc", "Startup Cost": 0.0, "Total Cost": 18428.93, "Plan Rows": 36426, "Plan Width": 8, "Actual Min Startup Time": 0.04, "Actual Max Startup Time": 0.384, "Actual Min Total Time": 54.614, "Actual Max Total Time": 62.381, "Filter": "(((note)::text ~~ '%(Japan)%'::text) AND ((note)::text !~~ '%(USA)%'::text))", "Rows Removed by Filter": 2560231, "Actual Rows": 48897}], "Actual Rows": 48897}, {"Node Type": "Index Scan", "Parent Relationship": "Inner", "Scan Direction": "Forward", "Index Name": "company_name_pkey", "Relation Name": "company_name", "Alias": "cn", "Startup Cost": 0.0, "Total Cost": 0.64, "Plan Rows": 1, "Plan Width": 4, "Actual Min Startup Time": 196.934, "Actual Max Startup Time": 196.934, "Actual Min Total Time": 196.934, "Actual Max Total Time": 196.934, "Index Cond": "(id = mc.company_id)", "Rows Removed by Index Recheck": 0, "Filter": "((country_code)::text = '[jp]'::text)", "Rows Removed by Filter": 569, "Actual Rows": 48328}], "Actual Rows": 48328}, {"Node Type": "Index Scan", "Parent Relationship": "Inner", "Scan Direction": "Forward", "Index Name": "title_pkey", "Relation Name": "title", "Alias": "t", "Startup Cost": 0.0, "Total Cost": 3.91, "Plan Rows": 1, "Plan Width": 21, "Actual Min Startup Time": 234.32, "Actual Max Startup Time": 234.32, "Actual Min Total Time": 234.32, "Actual Max Total Time": 234.32, "Index Cond": "(id = mc.movie_id)", "Rows Removed by Index Recheck": 0, "Actual Rows": 48328}], "Actual Rows": 48328}, {"Node Type": "Index Scan", "Parent Relationship": "Inner", "Scan Direction": "Forward", "Index Name": "movie_id_cast_info", "Relation Name": "cast_info", "Alias": "ci", "Startup Cost": 0.0, "Total Cost": 0.98, "Plan Rows": 1, "Plan Width": 12, "Actual Min Startup Time": 2991.583, "Actual Max Startup Time": 2991.583, "Actual Min Total Time": 3128.802, "Actual Max Total Time": 3128.802, "Index Cond": "(movie_id = t.id)", "Rows Removed by Index Recheck": 0, "Filter": "((note)::text = '(voice: English version)'::text)", "Rows Removed by Filter": 1531710, "Actual Rows": 19600}], "Actual Rows": 19600}], "Actual Rows": 19601}], "Actual Rows": 7438}, {"Node Type": "Index Scan", "Parent Relationship": "Inner", "Scan Direction": "Forward", "Index Name": "person_id_aka_name", "Relation Name": "aka_name", "Alias": "an1", "Startup Cost": 0.0, "Total Cost": 0.84, "Plan Rows": 1, "Plan Width": 20, "Actual Min Startup Time": 24.061, "Actual Max Startup Time": 24.061, "Actual Min Total Time": 31.156, "Actual Max Total Time": 31.156, "Index Cond": "(person_id = ci.person_id)", "Rows Removed by Index Recheck": 0, "Actual Rows": 17379}], "Actual Rows": 17379}, {"Node Type": "Index Scan", "Parent Relationship": "Inner", "Scan Direction": "Forward", "Index Name": "name_pkey", "Relation Name": "name", "Alias": "n1", "Startup Cost": 0.0, "Total Cost": 0.57, "Plan Rows": 1, "Plan Width": 4, "Actual Min Startup Time": 59.136, "Actual Max Startup Time": 59.136, "Actual Min Total Time": 59.136, "Actual Max Total Time": 59.136, "Index Cond": "(id = an1.person_id)", "Rows Removed by Index Recheck": 0, "Filter": "(((name)::text ~~ '%Yo%'::text) AND ((name)::text !~~ '%Yu%'::text))", "Rows Removed by Filter": 17317, "Actual Rows": 62}], "Actual Rows": 62}], "Actual Rows": 1}, "Triggers": [], "Planner Runtime": 21, "Total Runtime": 3866.367, "Unique SQL Id": 3544391839}}, "(16, 17)": {"explain_plan": {"Plan": {"Node Type": "Aggregate", "Strategy": "Plain", "Startup Cost": 109008.11, "Total Cost": 109008.12, "Plan Rows": 1, "Plan Width": 97, "Plans": [{"Node Type": "Nested Loop", "Parent Relationship": "Outer", "Join Type": "Inner", "Startup Cost": 2780.8, "Total Cost": 109007.63, "Plan Rows": 96, "Plan Width": 33, "Inner Unique": true, "Plans": [{"Node Type": "Nested Loop", "Parent Relationship": "Outer", "Join Type": "Inner", "Startup Cost": 2780.8, "Total Cost": 108632.09, "Plan Rows": 645, "Plan Width": 41, "Inner Unique": false, "Plans": [{"Node Type": "Nested Loop", "Parent Relationship": "Outer", "Join Type": "Inner", "Startup Cost": 2780.8, "Total Cost": 108177.88, "Plan Rows": 532, "Plan Width": 21, "Inner Unique": false, "Join Filter": "(ci.role_id = rt.id)", "Plans": [{"Node Type": "Index Scan", "Parent Relationship": "Outer", "Scan Direction": "Forward", "Index Name": "role_type_pkey", "Relation Name": "role_type", "Alias": "rt", "Startup Cost": 0.0, "Total Cost": 12.46, "Plan Rows": 1, "Plan Width": 4, "Filter": "((role)::text = 'actress'::text)"}, {"Node Type": "Nested Loop", "Parent Relationship": "Inner", "Join Type": "Inner", "Startup Cost": 2780.8, "Total Cost": 108092.33, "Plan Rows": 5847, "Plan Width": 25, "Inner Unique": false, "Plans": [{"Node Type": "Nested Loop", "Parent Relationship": "Outer", "Join Type": "Inner", "Startup Cost": 2780.8, "Total Cost": 102349.74, "Plan Rows": 5775, "Plan Width": 25, "Inner Unique": true, "Plans": [{"Node Type": "Nested Loop", "Parent Relationship": "Outer", "Join Type": "Inner", "Startup Cost": 2780.8, "Total Cost": 79702.64, "Plan Rows": 5775, "Plan Width": 4, "Inner Unique": false, "Plans": [{"Node Type": "Bitmap Heap Scan", "Parent Relationship": "Outer", "Relation Name": "company_name", "Alias": "cn", "Startup Cost": 2780.8, "Total Cost": 8684.25, "Plan Rows": 6290, "Plan Width": 4, "Filter": "((country_code)::text = '[jp]'::text)", "Plans": [{"Node Type": "Bitmap Index Scan", "Parent Relationship": "Outer", "Index Name": "company_name_pkey", "Startup Cost": 0.0, "Total Cost": 2779.23, "Plan Rows": 234996, "Plan Width": 0}]}, {"Node Type": "Index Scan", "Parent Relationship": "Inner", "Scan Direction": "Forward", "Index Name": "company_id_movie_companies", "Relation Name": "movie_companies", "Alias": "mc", "Startup Cost": 0.0, "Total Cost": 11.28, "Plan Rows": 1, "Plan Width": 8, "Index Cond": "(company_id = cn.id)", "Filter": "(((note)::text ~~ '%(Japan)%'::text) AND ((note)::text !~~ '%(USA)%'::text))"}]}, {"Node Type": "Index Scan", "Parent Relationship": "Inner", "Scan Direction": "Forward", "Index Name": "title_pkey", "Relation Name": "title", "Alias": "t", "Startup Cost": 0.0, "Total Cost": 3.91, "Plan Rows": 1, "Plan Width": 21, "Index Cond": "(id = mc.movie_id)"}]}, {"Node Type": "Index Scan", "Parent Relationship": "Inner", "Scan Direction": "Forward", "Index Name": "movie_id_cast_info", "Relation Name": "cast_info", "Alias": "ci", "Startup Cost": 0.0, "Total Cost": 0.98, "Plan Rows": 1, "Plan Width": 12, "Index Cond": "(movie_id = t.id)", "Filter": "((note)::text = '(voice: English version)'::text)"}]}]}, {"Node Type": "Index Scan", "Parent Relationship": "Inner", "Scan Direction": "Forward", "Index Name": "person_id_aka_name", "Relation Name": "aka_name", "Alias": "an1", "Startup Cost": 0.0, "Total Cost": 0.84, "Plan Rows": 1, "Plan Width": 20, "Index Cond": "(person_id = ci.person_id)"}]}, {"Node Type": "Index Scan", "Parent Relationship": "Inner", "Scan Direction": "Forward", "Index Name": "name_pkey", "Relation Name": "name", "Alias": "n1", "Startup Cost": 0.0, "Total Cost": 0.57, "Plan Rows": 1, "Plan Width": 4, "Index Cond": "(id = an1.person_id)", "Filter": "(((name)::text ~~ '%Yo%'::text) AND ((name)::text !~~ '%Yu%'::text))"}]}]}, "Unique SQL Id": 3544391839, "Planner Runtime": 26}, "explain_analyze_plan": {"Plan": {"Node Type": "Aggregate", "Strategy": "Plain", "Startup Cost": 109008.11, "Total Cost": 109008.12, "Plan Rows": 1, "Plan Width": 97, "Actual Startup Time": 3457.889, "Actual Total Time": 3457.89, "Actual Rows": 1, "Actual Loops": 1, "Plans": [{"Node Type": "Nested Loop", "Parent Relationship": "Outer", "Join Type": "Inner", "Startup Cost": 2780.8, "Total Cost": 109007.63, "Plan Rows": 96, "Plan Width": 33, "Actual Startup Time": 282.633, "Actual Total Time": 3457.534, "Actual Rows": 62, "Actual Loops": 1, "Inner Unique": true, "Plans": [{"Node Type": "Nested Loop", "Parent Relationship": "Outer", "Join Type": "Inner", "Startup Cost": 2780.8, "Total Cost": 108632.09, "Plan Rows": 645, "Plan Width": 41, "Actual Startup Time": 32.871, "Actual Total Time": 3382.439, "Actual Rows": 17379, "Actual Loops": 1, "Inner Unique": false, "Plans": [{"Node Type": "Nested Loop", "Parent Relationship": "Outer", "Join Type": "Inner", "Startup Cost": 2780.8, "Total Cost": 108177.88, "Plan Rows": 532, "Plan Width": 21, "Actual Startup Time": 32.852, "Actual Total Time": 3329.471, "Actual Rows": 7438, "Actual Loops": 1, "Inner Unique": false, "Join Filter": "(ci.role_id = rt.id)", "Rows Removed by Join Filter": 12162, "Plans": [{"Node Type": "Index Scan", "Parent Relationship": "Outer", "Scan Direction": "Forward", "Index Name": "role_type_pkey", "Relation Name": "role_type", "Alias": "rt", "Startup Cost": 0.0, "Total Cost": 12.46, "Plan Rows": 1, "Plan Width": 4, "Actual Startup Time": 0.032, "Actual Total Time": 0.047, "Actual Rows": 1, "Actual Loops": 1, "Filter": "((role)::text = 'actress'::text)", "Rows Removed by Filter": 11}, {"Node Type": "Nested Loop", "Parent Relationship": "Inner", "Join Type": "Inner", "Startup Cost": 2780.8, "Total Cost": 108092.33, "Plan Rows": 5847, "Plan Width": 25, "Actual Startup Time": 32.807, "Actual Total Time": 3324.016, "Actual Rows": 19600, "Actual Loops": 1, "Inner Unique": false, "Plans": [{"Node Type": "Nested Loop", "Parent Relationship": "Outer", "Join Type": "Inner", "Startup Cost": 2780.8, "Total Cost": 102349.74, "Plan Rows": 5775, "Plan Width": 25, "Actual Startup Time": 32.741, "Actual Total Time": 721.498, "Actual Rows": 48328, "Actual Loops": 1, "Inner Unique": true, "Plans": [{"Node Type": "Nested Loop", "Parent Relationship": "Outer", "Join Type": "Inner", "Startup Cost": 2780.8, "Total Cost": 79702.64, "Plan Rows": 5775, "Plan Width": 4, "Actual Startup Time": 32.725, "Actual Total Time": 431.181, "Actual Rows": 48328, "Actual Loops": 1, "Inner Unique": false, "Plans": [{"Node Type": "Bitmap Heap Scan", "Parent Relationship": "Outer", "Relation Name": "company_name", "Alias": "cn", "Startup Cost": 2780.8, "Total Cost": 8684.25, "Plan Rows": 6290, "Plan Width": 4, "Actual Startup Time": 32.61, "Actual Total Time": 166.367, "Actual Rows": 6752, "Actual Loops": 1, "Filter": "((country_code)::text = '[jp]'::text)", "Rows Removed by Filter": 228244, "Exact Heap Blocks": 2966, "Lossy Heap Blocks": 2966, "Plans": [{"Node Type": "Bitmap Index Scan", "Parent Relationship": "Outer", "Index Name": "company_name_pkey", "Startup Cost": 0.0, "Total Cost": 2779.23, "Plan Rows": 234996, "Plan Width": 0, "Actual Startup Time": 32.108, "Actual Total Time": 32.108, "Actual Rows": 234996, "Actual Loops": 1}]}, {"Node Type": "Index Scan", "Parent Relationship": "Inner", "Scan Direction": "Forward", "Index Name": "company_id_movie_companies", "Relation Name": "movie_companies", "Alias": "mc", "Startup Cost": 0.0, "Total Cost": 11.28, "Plan Rows": 1, "Plan Width": 8, "Actual Startup Time": 90.596, "Actual Total Time": 248.139, "Actual Rows": 48328, "Actual Loops": 6752, "Index Cond": "(company_id = cn.id)", "Rows Removed by Index Recheck": 0, "Filter": "(((note)::text ~~ '%(Japan)%'::text) AND ((note)::text !~~ '%(USA)%'::text))", "Rows Removed by Filter": 56667}]}, {"Node Type": "Index Scan", "Parent Relationship": "Inner", "Scan Direction": "Forward", "Index Name": "title_pkey", "Relation Name": "title", "Alias": "t", "Startup Cost": 0.0, "Total Cost": 3.91, "Plan Rows": 1, "Plan Width": 21, "Actual Startup Time": 246.485, "Actual Total Time": 246.485, "Actual Rows": 48328, "Actual Loops": 48328, "Index Cond": "(id = mc.movie_id)", "Rows Removed by Index Recheck": 0}]}, {"Node Type": "Index Scan", "Parent Relationship": "Inner", "Scan Direction": "Forward", "Index Name": "movie_id_cast_info", "Relation Name": "cast_info", "Alias": "ci", "Startup Cost": 0.0, "Total Cost": 0.98, "Plan Rows": 1, "Plan Width": 12, "Actual Startup Time": 2454.423, "Actual Total Time": 2571.268, "Actual Rows": 19600, "Actual Loops": 48328, "Index Cond": "(movie_id = t.id)", "Rows Removed by Index Recheck": 0, "Filter": "((note)::text = '(voice: English version)'::text)", "Rows Removed by Filter": 1531710}]}]}, {"Node Type": "Index Scan", "Parent Relationship": "Inner", "Scan Direction": "Forward", "Index Name": "person_id_aka_name", "Relation Name": "aka_name", "Alias": "an1", "Startup Cost": 0.0, "Total Cost": 0.84, "Plan Rows": 1, "Plan Width": 20, "Actual Startup Time": 35.512, "Actual Total Time": 43.978, "Actual Rows": 17379, "Actual Loops": 7438, "Index Cond": "(person_id = ci.person_id)", "Rows Removed by Index Recheck": 0}]}, {"Node Type": "Index Scan", "Parent Relationship": "Inner", "Scan Direction": "Forward", "Index Name": "name_pkey", "Relation Name": "name", "Alias": "n1", "Startup Cost": 0.0, "Total Cost": 0.57, "Plan Rows": 1, "Plan Width": 4, "Actual Startup Time": 66.089, "Actual Total Time": 66.089, "Actual Rows": 62, "Actual Loops": 17379, "Index Cond": "(id = an1.person_id)", "Rows Removed by Index Recheck": 0, "Filter": "(((name)::text ~~ '%Yo%'::text) AND ((name)::text !~~ '%Yu%'::text))", "Rows Removed by Filter": 17317}]}]}, "Triggers": [], "Planner Runtime": 26, "Total Runtime": 3458.428, "Unique SQL Id": 3544391839}}, "(16, 18)": {"explain_plan": {"Plan": {"Node Type": "Aggregate", "Strategy": "Plain", "Startup Cost": 112537.96, "Total Cost": 112537.97, "Plan Rows": 1, "Plan Width": 97, "Plans": [{"Node Type": "Nested Loop", "Parent Relationship": "Outer", "Join Type": "Inner", "Startup Cost": 109445.67, "Total Cost": 112537.9, "Plan Rows": 12, "Plan Width": 33, "Inner Unique": true, "Plans": [{"Node Type": "Nested Loop", "Parent Relationship": "Outer", "Join Type": "Inner", "Startup Cost": 109445.03, "Total Cost": 112481.94, "Plan Rows": 12, "Plan Width": 24, "Inner Unique": false, "Join Filter": "(n1.id = an1.person_id)", "Plans": [{"Node Type": "Nested Loop", "Parent Relationship": "Outer", "Join Type": "Inner", "Startup Cost": 109444.65, "Total Cost": 112138.29, "Plan Rows": 78, "Plan Width": 16, "Inner Unique": true, "Plans": [{"Node Type": "Merge Join", "Parent Relationship": "Outer", "Join Type": "Inner", "Startup Cost": 109443.74, "Total Cost": 109515.65, "Plan Rows": 532, "Plan Width": 12, "Inner Unique": true, "Merge Cond": "(mc.company_id = cn.id)", "Plans": [{"Node Type": "Sort", "Parent Relationship": "Outer", "Startup Cost": 103143.0, "Total Cost": 103151.34, "Plan Rows": 3338, "Plan Width": 16, "Sort Key": ["mc.company_id"], "Plans": [{"Node Type": "Nested Loop", "Parent Relationship": "Outer", "Join Type": "Inner", "Startup Cost": 0.66, "Total Cost": 102947.64, "Plan Rows": 3338, "Plan Width": 16, "Inner Unique": false, "Plans": [{"Node Type": "Nested Loop", "Parent Relationship": "Outer", "Join Type": "Inner", "Startup Cost": 0.0, "Total Cost": 61579.53, "Plan Rows": 8790, "Plan Width": 8, "Inner Unique": false, "Join Filter": "(ci.role_id = rt.id)", "Plans": [{"Node Type": "Seq Scan", "Parent Relationship": "Outer", "Relation Name": "role_type", "Alias": "rt", "Startup Cost": 0.0, "Total Cost": 1.15, "Plan Rows": 1, "Plan Width": 4, "Filter": "((role)::text = 'actress'::text)"}, {"Node Type": "Materialize", "Parent Relationship": "Inner", "Startup Cost": 0.0, "Total Cost": 60611.46, "Plan Rows": 96692, "Plan Width": 12, "Plans": [{"Node Type": "Streaming(type: LOCAL GATHER dop: 1/16)", "Parent Relationship": "Outer", "Startup Cost": 0.0, "Total Cost": 60369.73, "Plan Rows": 96692, "Plan Width": 12, "Plans": [{"Node Type": "Seq Scan", "Parent Relationship": "Outer", "Relation Name": "cast_info", "Alias": "ci", "Startup Cost": 0.0, "Total Cost": 58282.92, "Plan Rows": 96692, "Plan Width": 12, "Filter": "((note)::text = '(voice: English version)'::text)"}]}]}]}, {"Node Type": "Bitmap Heap Scan", "Parent Relationship": "Inner", "Relation Name": "movie_companies", "Alias": "mc", "Startup Cost": 0.66, "Total Cost": 4.7, "Plan Rows": 1, "Plan Width": 8, "Recheck Cond": "(movie_id = ci.movie_id)", "Filter": "(((note)::text ~~ '%(Japan)%'::text) AND ((note)::text !~~ '%(USA)%'::text))", "Plans": [{"Node Type": "Bitmap Index Scan", "Parent Relationship": "Outer", "Index Name": "movie_id_movie_companies", "Startup Cost": 0.0, "Total Cost": 0.66, "Plan Rows": 2, "Plan Width": 0, "Index Cond": "(movie_id = ci.movie_id)"}]}]}]}, {"Node Type": "Sort", "Parent Relationship": "Inner", "Startup Cost": 6300.31, "Total Cost": 6316.04, "Plan Rows": 6290, "Plan Width": 4, "Sort Key": ["cn.id"], "Plans": [{"Node Type": "Seq Scan", "Parent Relationship": "Outer", "Relation Name": "company_name", "Alias": "cn", "Startup Cost": 0.0, "Total Cost": 5903.45, "Plan Rows": 6290, "Plan Width": 4, "Filter": "((country_code)::text = '[jp]'::text)"}]}]}, {"Node Type": "Bitmap Heap Scan", "Parent Relationship": "Inner", "Relation Name": "name", "Alias": "n1", "Startup Cost": 0.9, "Total Cost": 4.92, "Plan Rows": 1, "Plan Width": 4, "Recheck Cond": "(id = ci.person_id)", "Filter": "(((name)::text ~~ '%Yo%'::text) AND ((name)::text !~~ '%Yu%'::text))", "Plans": [{"Node Type": "Bitmap Index Scan", "Parent Relationship": "Outer", "Index Name": "name_pkey", "Startup Cost": 0.0, "Total Cost": 0.9, "Plan Rows": 1, "Plan Width": 0, "Index Cond": "(id = ci.person_id)"}]}]}, {"Node Type": "Bitmap Heap Scan", "Parent Relationship": "Inner", "Relation Name": "aka_name", "Alias": "an1", "Startup Cost": 0.38, "Total Cost": 4.39, "Plan Rows": 1, "Plan Width": 20, "Recheck Cond": "(person_id = ci.person_id)", "Plans": [{"Node Type": "Bitmap Index Scan", "Parent Relationship": "Outer", "Index Name": "person_id_aka_name", "Startup Cost": 0.0, "Total Cost": 0.38, "Plan Rows": 1, "Plan Width": 0, "Index Cond": "(person_id = ci.person_id)"}]}]}, {"Node Type": "Bitmap Heap Scan", "Parent Relationship": "Inner", "Relation Name": "title", "Alias": "t", "Startup Cost": 0.64, "Total Cost": 4.65, "Plan Rows": 1, "Plan Width": 21, "Recheck Cond": "(id = ci.movie_id)", "Plans": [{"Node Type": "Bitmap Index Scan", "Parent Relationship": "Outer", "Index Name": "title_pkey", "Startup Cost": 0.0, "Total Cost": 0.64, "Plan Rows": 1, "Plan Width": 0, "Index Cond": "(id = ci.movie_id)"}]}]}]}, "Unique SQL Id": 3544391839, "Planner Runtime": 29}, "explain_analyze_plan": {"Plan": {"Node Type": "Aggregate", "Strategy": "Plain", "Startup Cost": 112537.96, "Total Cost": 112537.97, "Plan Rows": 1, "Plan Width": 97, "Actual Min Startup Time": 1109.707, "Actual Max Startup Time": 1109.707, "Actual Min Total Time": 1109.707, "Actual Max Total Time": 1109.707, "Plans": [{"Node Type": "Nested Loop", "Parent Relationship": "Outer", "Join Type": "Inner", "Startup Cost": 109445.67, "Total Cost": 112537.9, "Plan Rows": 12, "Plan Width": 33, "Actual Min Startup Time": 1060.154, "Actual Max Startup Time": 1060.154, "Actual Min Total Time": 1109.504, "Actual Max Total Time": 1109.504, "Inner Unique": true, "Plans": [{"Node Type": "Nested Loop", "Parent Relationship": "Outer", "Join Type": "Inner", "Startup Cost": 109445.03, "Total Cost": 112481.94, "Plan Rows": 12, "Plan Width": 24, "Actual Min Startup Time": 1060.129, "Actual Max Startup Time": 1060.129, "Actual Min Total Time": 1108.978, "Actual Max Total Time": 1108.978, "Inner Unique": false, "Join Filter": "(n1.id = an1.person_id)", "Rows Removed by Join Filter": 0, "Plans": [{"Node Type": "Nested Loop", "Parent Relationship": "Outer", "Join Type": "Inner", "Startup Cost": 109444.65, "Total Cost": 112138.29, "Plan Rows": 78, "Plan Width": 16, "Actual Min Startup Time": 1060.092, "Actual Max Startup Time": 1060.092, "Actual Min Total Time": 1108.541, "Actual Max Total Time": 1108.541, "Inner Unique": true, "Plans": [{"Node Type": "Merge Join", "Parent Relationship": "Outer", "Join Type": "Inner", "Startup Cost": 109443.74, "Total Cost": 109515.65, "Plan Rows": 532, "Plan Width": 12, "Actual Min Startup Time": 1059.336, "Actual Max Startup Time": 1059.336, "Actual Min Total Time": 1064.103, "Actual Max Total Time": 1064.103, "Inner Unique": true, "Merge Cond": "(mc.company_id = cn.id)", "Plans": [{"Node Type": "Sort", "Parent Relationship": "Outer", "Startup Cost": 103143.0, "Total Cost": 103151.34, "Plan Rows": 3338, "Plan Width": 16, "Actual Min Startup Time": 974.849, "Actual Max Startup Time": 974.849, "Actual Min Total Time": 976.251, "Actual Max Total Time": 976.251, "Sort Key": ["mc.company_id"], "Sort Method": "quicksort", "Sort Space Min Used": 899, "Sort Space Max Used": 899, "Sort Space Type": "Memory", "Plans": [{"Node Type": "Nested Loop", "Parent Relationship": "Outer", "Join Type": "Inner", "Startup Cost": 0.66, "Total Cost": 102947.64, "Plan Rows": 3338, "Plan Width": 16, "Actual Min Startup Time": 714.153, "Actual Max Startup Time": 714.153, "Actual Min Total Time": 971.563, "Actual Max Total Time": 971.563, "Inner Unique": false, "Plans": [{"Node Type": "Nested Loop", "Parent Relationship": "Outer", "Join Type": "Inner", "Startup Cost": 0.0, "Total Cost": 61579.53, "Plan Rows": 8790, "Plan Width": 8, "Actual Min Startup Time": 713.832, "Actual Max Startup Time": 713.832, "Actual Min Total Time": 736.963, "Actual Max Total Time": 736.963, "Inner Unique": false, "Join Filter": "(ci.role_id = rt.id)", "Rows Removed by Join Filter": 58247, "Plans": [{"Node Type": "Seq Scan", "Parent Relationship": "Outer", "Relation Name": "role_type", "Alias": "rt", "Startup Cost": 0.0, "Total Cost": 1.15, "Plan Rows": 1, "Plan Width": 4, "Actual Min Startup Time": 0.036, "Actual Max Startup Time": 0.036, "Actual Min Total Time": 0.048, "Actual Max Total Time": 0.048, "Filter": "((role)::text = 'actress'::text)", "Rows Removed by Filter": 11, "Actual Rows": 1}, {"Node Type": "Materialize", "Parent Relationship": "Inner", "Startup Cost": 0.0, "Total Cost": 60611.46, "Plan Rows": 96692, "Plan Width": 12, "Actual Min Startup Time": 695.073, "Actual Max Startup Time": 695.073, "Actual Min Total Time": 707.807, "Actual Max Total Time": 707.807, "Plans": [{"Node Type": "Streaming(type: LOCAL GATHER dop: 1/16)", "Parent Relationship": "Outer", "Startup Cost": 0.0, "Total Cost": 60369.73, "Plan Rows": 96692, "Plan Width": 12, "Actual Min Startup Time": 43.491, "Actual Max Startup Time": 43.491, "Actual Min Total Time": 681.446, "Actual Max Total Time": 681.446, "Plans": [{"Node Type": "Seq Scan", "Parent Relationship": "Outer", "Relation Name": "cast_info", "Alias": "ci", "Startup Cost": 0.0, "Total Cost": 58282.92, "Plan Rows": 96692, "Plan Width": 12, "Actual Min Startup Time": 0.052, "Actual Max Startup Time": 2.909, "Actual Min Total Time": 633.064, "Actual Max Total Time": 647.521, "Filter": "((note)::text = '(voice: English version)'::text)", "Rows Removed by Filter": 36151248, "Actual Rows": 93095}], "Actual Rows": 93095}], "Actual Rows": 93096}], "Actual Rows": 34848}, {"Node Type": "Bitmap Heap Scan", "Parent Relationship": "Inner", "Relation Name": "movie_companies", "Alias": "mc", "Startup Cost": 0.66, "Total Cost": 4.7, "Plan Rows": 1, "Plan Width": 8, "Actual Min Startup Time": 178.473, "Actual Max Startup Time": 178.473, "Actual Min Total Time": 192.921, "Actual Max Total Time": 192.921, "Recheck Cond": "(movie_id = ci.movie_id)", "Rows Removed by Index Recheck": 0, "Filter": "(((note)::text ~~ '%(Japan)%'::text) AND ((note)::text !~~ '%(USA)%'::text))", "Rows Removed by Filter": 53432, "Exact Heap Blocks": 22359, "Lossy Heap Blocks": 22359, "Plans": [{"Node Type": "Bitmap Index Scan", "Parent Relationship": "Outer", "Index Name": "movie_id_movie_companies", "Startup Cost": 0.0, "Total Cost": 0.66, "Plan Rows": 2, "Plan Width": 0, "Actual Min Startup Time": 113.745, "Actual Max Startup Time": 113.745, "Actual Min Total Time": 113.745, "Actual Max Total Time": 113.745, "Index Cond": "(movie_id = ci.movie_id)", "Actual Rows": 60964}], "Actual Rows": 7532}], "Actual Rows": 7532}], "Actual Rows": 7532}, {"Node Type": "Sort", "Parent Relationship": "Inner", "Startup Cost": 6300.31, "Total Cost": 6316.04, "Plan Rows": 6290, "Plan Width": 4, "Actual Min Startup Time": 84.473, "Actual Max Startup Time": 84.473, "Actual Min Total Time": 84.843, "Actual Max Total Time": 84.843, "Sort Key": ["cn.id"], "Sort Method": "quicksort", "Sort Space Min Used": 615, "Sort Space Max Used": 615, "Sort Space Type": "Memory", "Plans": [{"Node Type": "Seq Scan", "Parent Relationship": "Outer", "Relation Name": "company_name", "Alias": "cn", "Startup Cost": 0.0, "Total Cost": 5903.45, "Plan Rows": 6290, "Plan Width": 4, "Actual Min Startup Time": 0.08, "Actual Max Startup Time": 0.08, "Actual Min Total Time": 82.021, "Actual Max Total Time": 82.021, "Filter": "((country_code)::text = '[jp]'::text)", "Rows Removed by Filter": 228244, "Actual Rows": 6752}], "Actual Rows": 2318}], "Actual Rows": 7438}, {"Node Type": "Bitmap Heap Scan", "Parent Relationship": "Inner", "Relation Name": "name", "Alias": "n1", "Startup Cost": 0.9, "Total Cost": 4.92, "Plan Rows": 1, "Plan Width": 4, "Actual Min Startup Time": 35.955, "Actual Max Startup Time": 35.955, "Actual Min Total Time": 35.955, "Actual Max Total Time": 35.955, "Recheck Cond": "(id = ci.person_id)", "Rows Removed by Index Recheck": 0, "Filter": "(((name)::text ~~ '%Yo%'::text) AND ((name)::text !~~ '%Yu%'::text))", "Rows Removed by Filter": 7400, "Exact Heap Blocks": 7438, "Lossy Heap Blocks": 7438, "Plans": [{"Node Type": "Bitmap Index Scan", "Parent Relationship": "Outer", "Index Name": "name_pkey", "Startup Cost": 0.0, "Total Cost": 0.9, "Plan Rows": 1, "Plan Width": 0, "Actual Min Startup Time": 20.834, "Actual Max Startup Time": 20.834, "Actual Min Total Time": 20.834, "Actual Max Total Time": 20.834, "Index Cond": "(id = ci.person_id)", "Actual Rows": 7438}], "Actual Rows": 38}], "Actual Rows": 38}, {"Node Type": "Bitmap Heap Scan", "Parent Relationship": "Inner", "Relation Name": "aka_name", "Alias": "an1", "Startup Cost": 0.38, "Total Cost": 4.39, "Plan Rows": 1, "Plan Width": 20, "Actual Min Startup Time": 0.284, "Actual Max Startup Time": 0.284, "Actual Min Total Time": 0.306, "Actual Max Total Time": 0.306, "Recheck Cond": "(person_id = ci.person_id)", "Rows Removed by Index Recheck": 0, "Exact Heap Blocks": 43, "Lossy Heap Blocks": 43, "Plans": [{"Node Type": "Bitmap Index Scan", "Parent Relationship": "Outer", "Index Name": "person_id_aka_name", "Startup Cost": 0.0, "Total Cost": 0.38, "Plan Rows": 1, "Plan Width": 0, "Actual Min Startup Time": 0.171, "Actual Max Startup Time": 0.171, "Actual Min Total Time": 0.171, "Actual Max Total Time": 0.171, "Index Cond": "(person_id = ci.person_id)", "Actual Rows": 62}], "Actual Rows": 62}], "Actual Rows": 62}, {"Node Type": "Bitmap Heap Scan", "Parent Relationship": "Inner", "Relation Name": "title", "Alias": "t", "Startup Cost": 0.64, "Total Cost": 4.65, "Plan Rows": 1, "Plan Width": 21, "Actual Min Startup Time": 0.391, "Actual Max Startup Time": 0.391, "Actual Min Total Time": 0.391, "Actual Max Total Time": 0.391, "Recheck Cond": "(id = ci.movie_id)", "Rows Removed by Index Recheck": 0, "Exact Heap Blocks": 62, "Lossy Heap Blocks": 62, "Plans": [{"Node Type": "Bitmap Index Scan", "Parent Relationship": "Outer", "Index Name": "title_pkey", "Startup Cost": 0.0, "Total Cost": 0.64, "Plan Rows": 1, "Plan Width": 0, "Actual Min Startup Time": 0.248, "Actual Max Startup Time": 0.248, "Actual Min Total Time": 0.248, "Actual Max Total Time": 0.248, "Index Cond": "(id = ci.movie_id)", "Actual Rows": 62}], "Actual Rows": 62}], "Actual Rows": 62}], "Actual Rows": 1}, "Triggers": [], "Planner Runtime": 29, "Total Runtime": 1112.912, "Unique SQL Id": 3544391839}}, "(16, 19)": {"explain_plan": {"Plan": {"Node Type": "Aggregate", "Strategy": "Plain", "Startup Cost": 168806.18, "Total Cost": 168806.19, "Plan Rows": 1, "Plan Width": 97, "Plans": [{"Node Type": "Nested Loop", "Parent Relationship": "Outer", "Join Type": "Inner", "Startup Cost": 2794.98, "Total Cost": 168802.95, "Plan Rows": 646, "Plan Width": 33, "Inner Unique": true, "Plans": [{"Node Type": "Nested Loop", "Parent Relationship": "Outer", "Join Type": "Inner", "Startup Cost": 2794.66, "Total Cost": 165994.37, "Plan Rows": 645, "Plan Width": 41, "Inner Unique": false, "Plans": [{"Node Type": "Nested Loop", "Parent Relationship": "Outer", "Join Type": "Inner", "Startup Cost": 2794.28, "Total Cost": 163651.8, "Plan Rows": 532, "Plan Width": 21, "Inner Unique": false, "Join Filter": "(ci.role_id = rt.id)", "Plans": [{"Node Type": "Bitmap Heap Scan", "Parent Relationship": "Outer", "Relation Name": "role_type", "Alias": "rt", "Startup Cost": 8.31, "Total Cost": 12.46, "Plan Rows": 1, "Plan Width": 4, "Filter": "((role)::text = 'actress'::text)", "Plans": [{"Node Type": "Bitmap Index Scan", "Parent Relationship": "Outer", "Index Name": "role_type_pkey", "Startup Cost": 0.0, "Total Cost": 8.31, "Plan Rows": 12, "Plan Width": 0}]}, {"Node Type": "Nested Loop", "Parent Relationship": "Inner", "Join Type": "Inner", "Startup Cost": 2785.97, "Total Cost": 163566.25, "Plan Rows": 5847, "Plan Width": 25, "Inner Unique": false, "Plans": [{"Node Type": "Nested Loop", "Parent Relationship": "Outer", "Join Type": "Inner", "Startup Cost": 2785.45, "Total Cost": 136908.44, "Plan Rows": 5775, "Plan Width": 25, "Inner Unique": true, "Plans": [{"Node Type": "Nested Loop", "Parent Relationship": "Outer", "Join Type": "Inner", "Startup Cost": 2784.18, "Total Cost": 106322.09, "Plan Rows": 5775, "Plan Width": 4, "Inner Unique": false, "Plans": [{"Node Type": "Bitmap Heap Scan", "Parent Relationship": "Outer", "Relation Name": "company_name", "Alias": "cn", "Startup Cost": 2780.8, "Total Cost": 8684.25, "Plan Rows": 6290, "Plan Width": 4, "Filter": "((country_code)::text = '[jp]'::text)", "Plans": [{"Node Type": "Bitmap Index Scan", "Parent Relationship": "Outer", "Index Name": "company_name_pkey", "Startup Cost": 0.0, "Total Cost": 2779.23, "Plan Rows": 234996, "Plan Width": 0}]}, {"Node Type": "Bitmap Heap Scan", "Parent Relationship": "Inner", "Relation Name": "movie_companies", "Alias": "mc", "Startup Cost": 3.37, "Total Cost": 15.51, "Plan Rows": 1, "Plan Width": 8, "Recheck Cond": "(company_id = cn.id)", "Filter": "(((note)::text ~~ '%(Japan)%'::text) AND ((note)::text !~~ '%(USA)%'::text))", "Plans": [{"Node Type": "Bitmap Index Scan", "Parent Relationship": "Outer", "Index Name": "company_id_movie_companies", "Startup Cost": 0.0, "Total Cost": 3.37, "Plan Rows": 15, "Plan Width": 0, "Index Cond": "(company_id = cn.id)"}]}]}, {"Node Type": "Bitmap Heap Scan", "Parent Relationship": "Inner", "Relation Name": "title", "Alias": "t", "Startup Cost": 1.27, "Total Cost": 5.29, "Plan Rows": 1, "Plan Width": 21, "Recheck Cond": "(id = mc.movie_id)", "Plans": [{"Node Type": "Bitmap Index Scan", "Parent Relationship": "Outer", "Index Name": "title_pkey", "Startup Cost": 0.0, "Total Cost": 1.27, "Plan Rows": 1, "Plan Width": 0, "Index Cond": "(id = mc.movie_id)"}]}]}, {"Node Type": "Bitmap Heap Scan", "Parent Relationship": "Inner", "Relation Name": "cast_info", "Alias": "ci", "Startup Cost": 0.52, "Total Cost": 4.61, "Plan Rows": 1, "Plan Width": 12, "Recheck Cond": "(movie_id = t.id)", "Filter": "((note)::text = '(voice: English version)'::text)", "Plans": [{"Node Type": "Bitmap Index Scan", "Parent Relationship": "Outer", "Index Name": "movie_id_cast_info", "Startup Cost": 0.0, "Total Cost": 0.52, "Plan Rows": 6, "Plan Width": 0, "Index Cond": "(movie_id = t.id)"}]}]}]}, {"Node Type": "Bitmap Heap Scan", "Parent Relationship": "Inner", "Relation Name": "aka_name", "Alias": "an1", "Startup Cost": 0.38, "Total Cost": 4.39, "Plan Rows": 1, "Plan Width": 20, "Recheck Cond": "(person_id = ci.person_id)", "Plans": [{"Node Type": "Bitmap Index Scan", "Parent Relationship": "Outer", "Index Name": "person_id_aka_name", "Startup Cost": 0.0, "Total Cost": 0.38, "Plan Rows": 1, "Plan Width": 0, "Index Cond": "(person_id = ci.person_id)"}]}]}, {"Node Type": "Bitmap Heap Scan", "Parent Relationship": "Inner", "Relation Name": "name", "Alias": "n1", "Startup Cost": 0.33, "Total Cost": 4.34, "Plan Rows": 1, "Plan Width": 4, "Recheck Cond": "(id = an1.person_id)", "Filter": "(((name)::text ~~ '%Yo%'::text) AND ((name)::text !~~ '%Yu%'::text))", "Plans": [{"Node Type": "Bitmap Index Scan", "Parent Relationship": "Outer", "Index Name": "name_pkey", "Startup Cost": 0.0, "Total Cost": 0.33, "Plan Rows": 1, "Plan Width": 0, "Index Cond": "(id = an1.person_id)"}]}]}]}, "Unique SQL Id": 3544391839, "Planner Runtime": 26}, "explain_analyze_plan": {"Plan": {"Node Type": "Aggregate", "Strategy": "Plain", "Startup Cost": 168806.18, "Total Cost": 168806.19, "Plan Rows": 1, "Plan Width": 97, "Actual Startup Time": 5296.908, "Actual Total Time": 5296.909, "Actual Rows": 1, "Actual Loops": 1, "Plans": [{"Node Type": "Nested Loop", "Parent Relationship": "Outer", "Join Type": "Inner", "Startup Cost": 2794.98, "Total Cost": 168802.95, "Plan Rows": 646, "Plan Width": 33, "Actual Startup Time": 415.255, "Actual Total Time": 5296.577, "Actual Rows": 62, "Actual Loops": 1, "Inner Unique": true, "Plans": [{"Node Type": "Nested Loop", "Parent Relationship": "Outer", "Join Type": "Inner", "Startup Cost": 2794.66, "Total Cost": 165994.37, "Plan Rows": 645, "Plan Width": 41, "Actual Startup Time": 22.542, "Actual Total Time": 5190.467, "Actual Rows": 17379, "Actual Loops": 1, "Inner Unique": false, "Plans": [{"Node Type": "Nested Loop", "Parent Relationship": "Outer", "Join Type": "Inner", "Startup Cost": 2794.28, "Total Cost": 163651.8, "Plan Rows": 532, "Plan Width": 21, "Actual Startup Time": 22.521, "Actual Total Time": 5123.341, "Actual Rows": 7438, "Actual Loops": 1, "Inner Unique": false, "Join Filter": "(ci.role_id = rt.id)", "Rows Removed by Join Filter": 12162, "Plans": [{"Node Type": "Bitmap Heap Scan", "Parent Relationship": "Outer", "Relation Name": "role_type", "Alias": "rt", "Startup Cost": 8.31, "Total Cost": 12.46, "Plan Rows": 1, "Plan Width": 4, "Actual Startup Time": 0.023, "Actual Total Time": 0.029, "Actual Rows": 1, "Actual Loops": 1, "Filter": "((role)::text = 'actress'::text)", "Rows Removed by Filter": 11, "Exact Heap Blocks": 1, "Lossy Heap Blocks": 1, "Plans": [{"Node Type": "Bitmap Index Scan", "Parent Relationship": "Outer", "Index Name": "role_type_pkey", "Startup Cost": 0.0, "Total Cost": 8.31, "Plan Rows": 12, "Plan Width": 0, "Actual Startup Time": 0.006, "Actual Total Time": 0.006, "Actual Rows": 12, "Actual Loops": 1}]}, {"Node Type": "Nested Loop", "Parent Relationship": "Inner", "Join Type": "Inner", "Startup Cost": 2785.97, "Total Cost": 163566.25, "Plan Rows": 5847, "Plan Width": 25, "Actual Startup Time": 22.492, "Actual Total Time": 5117.719, "Actual Rows": 19600, "Actual Loops": 1, "Inner Unique": false, "Plans": [{"Node Type": "Nested Loop", "Parent Relationship": "Outer", "Join Type": "Inner", "Startup Cost": 2785.45, "Total Cost": 136908.44, "Plan Rows": 5775, "Plan Width": 25, "Actual Startup Time": 22.388, "Actual Total Time": 906.266, "Actual Rows": 48328, "Actual Loops": 1, "Inner Unique": true, "Plans": [{"Node Type": "Nested Loop", "Parent Relationship": "Outer", "Join Type": "Inner", "Startup Cost": 2784.18, "Total Cost": 106322.09, "Plan Rows": 5775, "Plan Width": 4, "Actual Startup Time": 22.367, "Actual Total Time": 442.457, "Actual Rows": 48328, "Actual Loops": 1, "Inner Unique": false, "Plans": [{"Node Type": "Bitmap Heap Scan", "Parent Relationship": "Outer", "Relation Name": "company_name", "Alias": "cn", "Startup Cost": 2780.8, "Total Cost": 8684.25, "Plan Rows": 6290, "Plan Width": 4, "Actual Startup Time": 22.305, "Actual Total Time": 130.791, "Actual Rows": 6752, "Actual Loops": 1, "Filter": "((country_code)::text = '[jp]'::text)", "Rows Removed by Filter": 228244, "Exact Heap Blocks": 2966, "Lossy Heap Blocks": 2966, "Plans": [{"Node Type": "Bitmap Index Scan", "Parent Relationship": "Outer", "Index Name": "company_name_pkey", "Startup Cost": 0.0, "Total Cost": 2779.23, "Plan Rows": 234996, "Plan Width": 0, "Actual Startup Time": 21.851, "Actual Total Time": 21.851, "Actual Rows": 234996, "Actual Loops": 1}]}, {"Node Type": "Bitmap Heap Scan", "Parent Relationship": "Inner", "Relation Name": "movie_companies", "Alias": "mc", "Startup Cost": 3.37, "Total Cost": 15.51, "Plan Rows": 1, "Plan Width": 8, "Actual Startup Time": 107.583, "Actual Total Time": 288.604, "Actual Rows": 48328, "Actual Loops": 6752, "Recheck Cond": "(company_id = cn.id)", "Rows Removed by Index Recheck": 0, "Filter": "(((note)::text ~~ '%(Japan)%'::text) AND ((note)::text !~~ '%(USA)%'::text))", "Rows Removed by Filter": 56667, "Exact Heap Blocks": 61861, "Lossy Heap Blocks": 61861, "Plans": [{"Node Type": "Bitmap Index Scan", "Parent Relationship": "Outer", "Index Name": "company_id_movie_companies", "Startup Cost": 0.0, "Total Cost": 3.37, "Plan Rows": 15, "Plan Width": 0, "Actual Startup Time": 56.372, "Actual Total Time": 56.372, "Actual Rows": 104995, "Actual Loops": 6752, "Index Cond": "(company_id = cn.id)"}]}]}, {"Node Type": "Bitmap Heap Scan", "Parent Relationship": "Inner", "Relation Name": "title", "Alias": "t", "Startup Cost": 1.27, "Total Cost": 5.29, "Plan Rows": 1, "Plan Width": 21, "Actual Startup Time": 387.021, "Actual Total Time": 387.021, "Actual Rows": 48328, "Actual Loops": 48328, "Recheck Cond": "(id = mc.movie_id)", "Rows Removed by Index Recheck": 0, "Exact Heap Blocks": 48328, "Lossy Heap Blocks": 48328, "Plans": [{"Node Type": "Bitmap Index Scan", "Parent Relationship": "Outer", "Index Name": "title_pkey", "Startup Cost": 0.0, "Total Cost": 1.27, "Plan Rows": 1, "Plan Width": 0, "Actual Startup Time": 222.451, "Actual Total Time": 222.451, "Actual Rows": 48328, "Actual Loops": 48328, "Index Cond": "(id = mc.movie_id)"}]}]}, {"Node Type": "Bitmap Heap Scan", "Parent Relationship": "Inner", "Relation Name": "cast_info", "Alias": "ci", "Startup Cost": 0.52, "Total Cost": 4.61, "Plan Rows": 1, "Plan Width": 12, "Actual Startup Time": 3969.248, "Actual Total Time": 4139.093, "Actual Rows": 19600, "Actual Loops": 48328, "Recheck Cond": "(movie_id = t.id)", "Rows Removed by Index Recheck": 0, "Filter": "((note)::text = '(voice: English version)'::text)", "Rows Removed by Filter": 1531710, "Exact Heap Blocks": 1503105, "Lossy Heap Blocks": 1503105, "Plans": [{"Node Type": "Bitmap Index Scan", "Parent Relationship": "Outer", "Index Name": "movie_id_cast_info", "Startup Cost": 0.0, "Total Cost": 0.52, "Plan Rows": 6, "Plan Width": 0, "Actual Startup Time": 571.467, "Actual Total Time": 571.467, "Actual Rows": 1551310, "Actual Loops": 48328, "Index Cond": "(movie_id = t.id)"}]}]}]}, {"Node Type": "Bitmap Heap Scan", "Parent Relationship": "Inner", "Relation Name": "aka_name", "Alias": "an1", "Startup Cost": 0.38, "Total Cost": 4.39, "Plan Rows": 1, "Plan Width": 20, "Actual Startup Time": 47.458, "Actual Total Time": 52.982, "Actual Rows": 17379, "Actual Loops": 7438, "Recheck Cond": "(person_id = ci.person_id)", "Rows Removed by Index Recheck": 0, "Exact Heap Blocks": 6514, "Lossy Heap Blocks": 6514, "Plans": [{"Node Type": "Bitmap Index Scan", "Parent Relationship": "Outer", "Index Name": "person_id_aka_name", "Startup Cost": 0.0, "Total Cost": 0.38, "Plan Rows": 1, "Plan Width": 0, "Actual Startup Time": 31.31, "Actual Total Time": 31.31, "Actual Rows": 17379, "Actual Loops": 7438, "Index Cond": "(person_id = ci.person_id)"}]}]}, {"Node Type": "Bitmap Heap Scan", "Parent Relationship": "Inner", "Relation Name": "name", "Alias": "n1", "Startup Cost": 0.33, "Total Cost": 4.34, "Plan Rows": 1, "Plan Width": 4, "Actual Startup Time": 85.647, "Actual Total Time": 85.647, "Actual Rows": 62, "Actual Loops": 17379, "Recheck Cond": "(id = an1.person_id)", "Rows Removed by Index Recheck": 0, "Filter": "(((name)::text ~~ '%Yo%'::text) AND ((name)::text !~~ '%Yu%'::text))", "Rows Removed by Filter": 17317, "Exact Heap Blocks": 17379, "Lossy Heap Blocks": 17379, "Plans": [{"Node Type": "Bitmap Index Scan", "Parent Relationship": "Outer", "Index Name": "name_pkey", "Startup Cost": 0.0, "Total Cost": 0.33, "Plan Rows": 1, "Plan Width": 0, "Actual Startup Time": 50.623, "Actual Total Time": 50.623, "Actual Rows": 17379, "Actual Loops": 17379, "Index Cond": "(id = an1.person_id)"}]}]}]}, "Triggers": [], "Planner Runtime": 26, "Total Runtime": 5297.349, "Unique SQL Id": 3544391839}}, "(16, 20)": {"explain_plan": {"Plan": {"Node Type": "Aggregate", "Strategy": "Plain", "Startup Cost": 72267.58, "Total Cost": 72267.59, "Plan Rows": 1, "Plan Width": 97, "Plans": [{"Node Type": "Nested Loop", "Parent Relationship": "Outer", "Join Type": "Inner", "Startup Cost": 0.0, "Total Cost": 72267.1, "Plan Rows": 96, "Plan Width": 33, "Inner Unique": true, "Plans": [{"Node Type": "Nested Loop", "Parent Relationship": "Outer", "Join Type": "Inner", "Startup Cost": 0.0, "Total Cost": 71891.56, "Plan Rows": 645, "Plan Width": 41, "Inner Unique": false, "Plans": [{"Node Type": "Nested Loop", "Parent Relationship": "Outer", "Join Type": "Inner", "Startup Cost": 0.0, "Total Cost": 71437.35, "Plan Rows": 532, "Plan Width": 21, "Inner Unique": false, "Join Filter": "(ci.role_id = rt.id)", "Plans": [{"Node Type": "Seq Scan", "Parent Relationship": "Outer", "Relation Name": "role_type", "Alias": "rt", "Startup Cost": 0.0, "Total Cost": 1.15, "Plan Rows": 1, "Plan Width": 4, "Filter": "((role)::text = 'actress'::text)"}, {"Node Type": "Materialize", "Parent Relationship": "Inner", "Startup Cost": 0.0, "Total Cost": 71377.73, "Plan Rows": 5847, "Plan Width": 25, "Plans": [{"Node Type": "Nested Loop", "Parent Relationship": "Outer", "Join Type": "Inner", "Startup Cost": 0.0, "Total Cost": 71363.11, "Plan Rows": 5847, "Plan Width": 25, "Inner Unique": false, "Plans": [{"Node Type": "Nested Loop", "Parent Relationship": "Outer", "Join Type": "Inner", "Startup Cost": 0.0, "Total Cost": 65620.52, "Plan Rows": 5775, "Plan Width": 25, "Inner Unique": true, "Plans": [{"Node Type": "Nested Loop", "Parent Relationship": "Outer", "Join Type": "Inner", "Startup Cost": 0.0, "Total Cost": 42973.42, "Plan Rows": 5775, "Plan Width": 4, "Inner Unique": true, "Plans": [{"Node Type": "Streaming(type: LOCAL GATHER dop: 1/16)", "Parent Relationship": "Outer", "Startup Cost": 0.0, "Total Cost": 19215.08, "Plan Rows": 36426, "Plan Width": 8, "Plans": [{"Node Type": "Seq Scan", "Parent Relationship": "Outer", "Relation Name": "movie_companies", "Alias": "mc", "Startup Cost": 0.0, "Total Cost": 18428.93, "Plan Rows": 36426, "Plan Width": 8, "Filter": "(((note)::text ~~ '%(Japan)%'::text) AND ((note)::text !~~ '%(USA)%'::text))"}]}, {"Node Type": "Index Scan", "Parent Relationship": "Inner", "Scan Direction": "Forward", "Index Name": "company_name_pkey", "Relation Name": "company_name", "Alias": "cn", "Startup Cost": 0.0, "Total Cost": 0.64, "Plan Rows": 1, "Plan Width": 4, "Index Cond": "(id = mc.company_id)", "Filter": "((country_code)::text = '[jp]'::text)"}]}, {"Node Type": "Index Scan", "Parent Relationship": "Inner", "Scan Direction": "Forward", "Index Name": "title_pkey", "Relation Name": "title", "Alias": "t", "Startup Cost": 0.0, "Total Cost": 3.91, "Plan Rows": 1, "Plan Width": 21, "Index Cond": "(id = mc.movie_id)"}]}, {"Node Type": "Index Scan", "Parent Relationship": "Inner", "Scan Direction": "Forward", "Index Name": "movie_id_cast_info", "Relation Name": "cast_info", "Alias": "ci", "Startup Cost": 0.0, "Total Cost": 0.98, "Plan Rows": 1, "Plan Width": 12, "Index Cond": "(movie_id = t.id)", "Filter": "((note)::text = '(voice: English version)'::text)"}]}]}]}, {"Node Type": "Index Scan", "Parent Relationship": "Inner", "Scan Direction": "Forward", "Index Name": "person_id_aka_name", "Relation Name": "aka_name", "Alias": "an1", "Startup Cost": 0.0, "Total Cost": 0.84, "Plan Rows": 1, "Plan Width": 20, "Index Cond": "(person_id = ci.person_id)"}]}, {"Node Type": "Index Scan", "Parent Relationship": "Inner", "Scan Direction": "Forward", "Index Name": "name_pkey", "Relation Name": "name", "Alias": "n1", "Startup Cost": 0.0, "Total Cost": 0.57, "Plan Rows": 1, "Plan Width": 4, "Index Cond": "(id = an1.person_id)", "Filter": "(((name)::text ~~ '%Yo%'::text) AND ((name)::text !~~ '%Yu%'::text))"}]}]}, "Unique SQL Id": 3544391839, "Planner Runtime": 20}, "explain_analyze_plan": {"Plan": {"Node Type": "Aggregate", "Strategy": "Plain", "Startup Cost": 72267.58, "Total Cost": 72267.59, "Plan Rows": 1, "Plan Width": 97, "Actual Min Startup Time": 3863.137, "Actual Max Startup Time": 3863.137, "Actual Min Total Time": 3863.137, "Actual Max Total Time": 3863.137, "Plans": [{"Node Type": "Nested Loop", "Parent Relationship": "Outer", "Join Type": "Inner", "Startup Cost": 0.0, "Total Cost": 72267.1, "Plan Rows": 96, "Plan Width": 33, "Actual Min Startup Time": 3772.335, "Actual Max Startup Time": 3772.335, "Actual Min Total Time": 3863.055, "Actual Max Total Time": 3863.055, "Inner Unique": true, "Plans": [{"Node Type": "Nested Loop", "Parent Relationship": "Outer", "Join Type": "Inner", "Startup Cost": 0.0, "Total Cost": 71891.56, "Plan Rows": 645, "Plan Width": 41, "Actual Min Startup Time": 3748.16, "Actual Max Startup Time": 3748.16, "Actual Min Total Time": 3795.693, "Actual Max Total Time": 3795.693, "Inner Unique": false, "Plans": [{"Node Type": "Nested Loop", "Parent Relationship": "Outer", "Join Type": "Inner", "Startup Cost": 0.0, "Total Cost": 71437.35, "Plan Rows": 532, "Plan Width": 21, "Actual Min Startup Time": 3748.139, "Actual Max Startup Time": 3748.139, "Actual Min Total Time": 3756.869, "Actual Max Total Time": 3756.869, "Inner Unique": false, "Join Filter": "(ci.role_id = rt.id)", "Rows Removed by Join Filter": 12162, "Plans": [{"Node Type": "Seq Scan", "Parent Relationship": "Outer", "Relation Name": "role_type", "Alias": "rt", "Startup Cost": 0.0, "Total Cost": 1.15, "Plan Rows": 1, "Plan Width": 4, "Actual Min Startup Time": 0.039, "Actual Max Startup Time": 0.039, "Actual Min Total Time": 0.046, "Actual Max Total Time": 0.046, "Filter": "((role)::text = 'actress'::text)", "Rows Removed by Filter": 11, "Actual Rows": 1}, {"Node Type": "Materialize", "Parent Relationship": "Inner", "Startup Cost": 0.0, "Total Cost": 71377.73, "Plan Rows": 5847, "Plan Width": 25, "Actual Min Startup Time": 3748.088, "Actual Max Startup Time": 3748.088, "Actual Min Total Time": 3750.907, "Actual Max Total Time": 3750.907, "Plans": [{"Node Type": "Nested Loop", "Parent Relationship": "Outer", "Join Type": "Inner", "Startup Cost": 0.0, "Total Cost": 71363.11, "Plan Rows": 5847, "Plan Width": 25, "Actual Min Startup Time": 47.3, "Actual Max Startup Time": 47.3, "Actual Min Total Time": 3741.804, "Actual Max Total Time": 3741.804, "Inner Unique": false, "Plans": [{"Node Type": "Nested Loop", "Parent Relationship": "Outer", "Join Type": "Inner", "Startup Cost": 0.0, "Total Cost": 65620.52, "Plan Rows": 5775, "Plan Width": 25, "Actual Min Startup Time": 39.662, "Actual Max Startup Time": 39.662, "Actual Min Total Time": 582.989, "Actual Max Total Time": 582.989, "Inner Unique": true, "Plans": [{"Node Type": "Nested Loop", "Parent Relationship": "Outer", "Join Type": "Inner", "Startup Cost": 0.0, "Total Cost": 42973.42, "Plan Rows": 5775, "Plan Width": 4, "Actual Min Startup Time": 39.64, "Actual Max Startup Time": 39.64, "Actual Min Total Time": 308.527, "Actual Max Total Time": 308.527, "Inner Unique": true, "Plans": [{"Node Type": "Streaming(type: LOCAL GATHER dop: 1/16)", "Parent Relationship": "Outer", "Startup Cost": 0.0, "Total Cost": 19215.08, "Plan Rows": 36426, "Plan Width": 8, "Actual Min Startup Time": 39.592, "Actual Max Startup Time": 39.592, "Actual Min Total Time": 71.899, "Actual Max Total Time": 71.899, "Plans": [{"Node Type": "Seq Scan", "Parent Relationship": "Outer", "Relation Name": "movie_companies", "Alias": "mc", "Startup Cost": 0.0, "Total Cost": 18428.93, "Plan Rows": 36426, "Plan Width": 8, "Actual Min Startup Time": 0.04, "Actual Max Startup Time": 0.384, "Actual Min Total Time": 54.614, "Actual Max Total Time": 62.381, "Filter": "(((note)::text ~~ '%(Japan)%'::text) AND ((note)::text !~~ '%(USA)%'::text))", "Rows Removed by Filter": 2560231, "Actual Rows": 48897}], "Actual Rows": 48897}, {"Node Type": "Index Scan", "Parent Relationship": "Inner", "Scan Direction": "Forward", "Index Name": "company_name_pkey", "Relation Name": "company_name", "Alias": "cn", "Startup Cost": 0.0, "Total Cost": 0.64, "Plan Rows": 1, "Plan Width": 4, "Actual Min Startup Time": 196.934, "Actual Max Startup Time": 196.934, "Actual Min Total Time": 196.934, "Actual Max Total Time": 196.934, "Index Cond": "(id = mc.company_id)", "Rows Removed by Index Recheck": 0, "Filter": "((country_code)::text = '[jp]'::text)", "Rows Removed by Filter": 569, "Actual Rows": 48328}], "Actual Rows": 48328}, {"Node Type": "Index Scan", "Parent Relationship": "Inner", "Scan Direction": "Forward", "Index Name": "title_pkey", "Relation Name": "title", "Alias": "t", "Startup Cost": 0.0, "Total Cost": 3.91, "Plan Rows": 1, "Plan Width": 21, "Actual Min Startup Time": 234.32, "Actual Max Startup Time": 234.32, "Actual Min Total Time": 234.32, "Actual Max Total Time": 234.32, "Index Cond": "(id = mc.movie_id)", "Rows Removed by Index Recheck": 0, "Actual Rows": 48328}], "Actual Rows": 48328}, {"Node Type": "Index Scan", "Parent Relationship": "Inner", "Scan Direction": "Forward", "Index Name": "movie_id_cast_info", "Relation Name": "cast_info", "Alias": "ci", "Startup Cost": 0.0, "Total Cost": 0.98, "Plan Rows": 1, "Plan Width": 12, "Actual Min Startup Time": 2991.583, "Actual Max Startup Time": 2991.583, "Actual Min Total Time": 3128.802, "Actual Max Total Time": 3128.802, "Index Cond": "(movie_id = t.id)", "Rows Removed by Index Recheck": 0, "Filter": "((note)::text = '(voice: English version)'::text)", "Rows Removed by Filter": 1531710, "Actual Rows": 19600}], "Actual Rows": 19600}], "Actual Rows": 19601}], "Actual Rows": 7438}, {"Node Type": "Index Scan", "Parent Relationship": "Inner", "Scan Direction": "Forward", "Index Name": "person_id_aka_name", "Relation Name": "aka_name", "Alias": "an1", "Startup Cost": 0.0, "Total Cost": 0.84, "Plan Rows": 1, "Plan Width": 20, "Actual Min Startup Time": 24.061, "Actual Max Startup Time": 24.061, "Actual Min Total Time": 31.156, "Actual Max Total Time": 31.156, "Index Cond": "(person_id = ci.person_id)", "Rows Removed by Index Recheck": 0, "Actual Rows": 17379}], "Actual Rows": 17379}, {"Node Type": "Index Scan", "Parent Relationship": "Inner", "Scan Direction": "Forward", "Index Name": "name_pkey", "Relation Name": "name", "Alias": "n1", "Startup Cost": 0.0, "Total Cost": 0.57, "Plan Rows": 1, "Plan Width": 4, "Actual Min Startup Time": 59.136, "Actual Max Startup Time": 59.136, "Actual Min Total Time": 59.136, "Actual Max Total Time": 59.136, "Index Cond": "(id = an1.person_id)", "Rows Removed by Index Recheck": 0, "Filter": "(((name)::text ~~ '%Yo%'::text) AND ((name)::text !~~ '%Yu%'::text))", "Rows Removed by Filter": 17317, "Actual Rows": 62}], "Actual Rows": 62}], "Actual Rows": 1}, "Triggers": [], "Planner Runtime": 21, "Total Runtime": 3866.367, "Unique SQL Id": 3544391839}}, "(16, 21)": {"explain_plan": {"Plan": {"Node Type": "Aggregate", "Strategy": "Plain", "Startup Cost": 109008.11, "Total Cost": 109008.12, "Plan Rows": 1, "Plan Width": 97, "Plans": [{"Node Type": "Nested Loop", "Parent Relationship": "Outer", "Join Type": "Inner", "Startup Cost": 2780.8, "Total Cost": 109007.63, "Plan Rows": 96, "Plan Width": 33, "Inner Unique": true, "Plans": [{"Node Type": "Nested Loop", "Parent Relationship": "Outer", "Join Type": "Inner", "Startup Cost": 2780.8, "Total Cost": 108632.09, "Plan Rows": 645, "Plan Width": 41, "Inner Unique": false, "Plans": [{"Node Type": "Nested Loop", "Parent Relationship": "Outer", "Join Type": "Inner", "Startup Cost": 2780.8, "Total Cost": 108177.88, "Plan Rows": 532, "Plan Width": 21, "Inner Unique": false, "Join Filter": "(ci.role_id = rt.id)", "Plans": [{"Node Type": "Index Scan", "Parent Relationship": "Outer", "Scan Direction": "Forward", "Index Name": "role_type_pkey", "Relation Name": "role_type", "Alias": "rt", "Startup Cost": 0.0, "Total Cost": 12.46, "Plan Rows": 1, "Plan Width": 4, "Filter": "((role)::text = 'actress'::text)"}, {"Node Type": "Nested Loop", "Parent Relationship": "Inner", "Join Type": "Inner", "Startup Cost": 2780.8, "Total Cost": 108092.33, "Plan Rows": 5847, "Plan Width": 25, "Inner Unique": false, "Plans": [{"Node Type": "Nested Loop", "Parent Relationship": "Outer", "Join Type": "Inner", "Startup Cost": 2780.8, "Total Cost": 102349.74, "Plan Rows": 5775, "Plan Width": 25, "Inner Unique": true, "Plans": [{"Node Type": "Nested Loop", "Parent Relationship": "Outer", "Join Type": "Inner", "Startup Cost": 2780.8, "Total Cost": 79702.64, "Plan Rows": 5775, "Plan Width": 4, "Inner Unique": false, "Plans": [{"Node Type": "Bitmap Heap Scan", "Parent Relationship": "Outer", "Relation Name": "company_name", "Alias": "cn", "Startup Cost": 2780.8, "Total Cost": 8684.25, "Plan Rows": 6290, "Plan Width": 4, "Filter": "((country_code)::text = '[jp]'::text)", "Plans": [{"Node Type": "Bitmap Index Scan", "Parent Relationship": "Outer", "Index Name": "company_name_pkey", "Startup Cost": 0.0, "Total Cost": 2779.23, "Plan Rows": 234996, "Plan Width": 0}]}, {"Node Type": "Index Scan", "Parent Relationship": "Inner", "Scan Direction": "Forward", "Index Name": "company_id_movie_companies", "Relation Name": "movie_companies", "Alias": "mc", "Startup Cost": 0.0, "Total Cost": 11.28, "Plan Rows": 1, "Plan Width": 8, "Index Cond": "(company_id = cn.id)", "Filter": "(((note)::text ~~ '%(Japan)%'::text) AND ((note)::text !~~ '%(USA)%'::text))"}]}, {"Node Type": "Index Scan", "Parent Relationship": "Inner", "Scan Direction": "Forward", "Index Name": "title_pkey", "Relation Name": "title", "Alias": "t", "Startup Cost": 0.0, "Total Cost": 3.91, "Plan Rows": 1, "Plan Width": 21, "Index Cond": "(id = mc.movie_id)"}]}, {"Node Type": "Index Scan", "Parent Relationship": "Inner", "Scan Direction": "Forward", "Index Name": "movie_id_cast_info", "Relation Name": "cast_info", "Alias": "ci", "Startup Cost": 0.0, "Total Cost": 0.98, "Plan Rows": 1, "Plan Width": 12, "Index Cond": "(movie_id = t.id)", "Filter": "((note)::text = '(voice: English version)'::text)"}]}]}, {"Node Type": "Index Scan", "Parent Relationship": "Inner", "Scan Direction": "Forward", "Index Name": "person_id_aka_name", "Relation Name": "aka_name", "Alias": "an1", "Startup Cost": 0.0, "Total Cost": 0.84, "Plan Rows": 1, "Plan Width": 20, "Index Cond": "(person_id = ci.person_id)"}]}, {"Node Type": "Index Scan", "Parent Relationship": "Inner", "Scan Direction": "Forward", "Index Name": "name_pkey", "Relation Name": "name", "Alias": "n1", "Startup Cost": 0.0, "Total Cost": 0.57, "Plan Rows": 1, "Plan Width": 4, "Index Cond": "(id = an1.person_id)", "Filter": "(((name)::text ~~ '%Yo%'::text) AND ((name)::text !~~ '%Yu%'::text))"}]}]}, "Unique SQL Id": 3544391839, "Planner Runtime": 26}, "explain_analyze_plan": {"Plan": {"Node Type": "Aggregate", "Strategy": "Plain", "Startup Cost": 109008.11, "Total Cost": 109008.12, "Plan Rows": 1, "Plan Width": 97, "Actual Startup Time": 3457.889, "Actual Total Time": 3457.89, "Actual Rows": 1, "Actual Loops": 1, "Plans": [{"Node Type": "Nested Loop", "Parent Relationship": "Outer", "Join Type": "Inner", "Startup Cost": 2780.8, "Total Cost": 109007.63, "Plan Rows": 96, "Plan Width": 33, "Actual Startup Time": 282.633, "Actual Total Time": 3457.534, "Actual Rows": 62, "Actual Loops": 1, "Inner Unique": true, "Plans": [{"Node Type": "Nested Loop", "Parent Relationship": "Outer", "Join Type": "Inner", "Startup Cost": 2780.8, "Total Cost": 108632.09, "Plan Rows": 645, "Plan Width": 41, "Actual Startup Time": 32.871, "Actual Total Time": 3382.439, "Actual Rows": 17379, "Actual Loops": 1, "Inner Unique": false, "Plans": [{"Node Type": "Nested Loop", "Parent Relationship": "Outer", "Join Type": "Inner", "Startup Cost": 2780.8, "Total Cost": 108177.88, "Plan Rows": 532, "Plan Width": 21, "Actual Startup Time": 32.852, "Actual Total Time": 3329.471, "Actual Rows": 7438, "Actual Loops": 1, "Inner Unique": false, "Join Filter": "(ci.role_id = rt.id)", "Rows Removed by Join Filter": 12162, "Plans": [{"Node Type": "Index Scan", "Parent Relationship": "Outer", "Scan Direction": "Forward", "Index Name": "role_type_pkey", "Relation Name": "role_type", "Alias": "rt", "Startup Cost": 0.0, "Total Cost": 12.46, "Plan Rows": 1, "Plan Width": 4, "Actual Startup Time": 0.032, "Actual Total Time": 0.047, "Actual Rows": 1, "Actual Loops": 1, "Filter": "((role)::text = 'actress'::text)", "Rows Removed by Filter": 11}, {"Node Type": "Nested Loop", "Parent Relationship": "Inner", "Join Type": "Inner", "Startup Cost": 2780.8, "Total Cost": 108092.33, "Plan Rows": 5847, "Plan Width": 25, "Actual Startup Time": 32.807, "Actual Total Time": 3324.016, "Actual Rows": 19600, "Actual Loops": 1, "Inner Unique": false, "Plans": [{"Node Type": "Nested Loop", "Parent Relationship": "Outer", "Join Type": "Inner", "Startup Cost": 2780.8, "Total Cost": 102349.74, "Plan Rows": 5775, "Plan Width": 25, "Actual Startup Time": 32.741, "Actual Total Time": 721.498, "Actual Rows": 48328, "Actual Loops": 1, "Inner Unique": true, "Plans": [{"Node Type": "Nested Loop", "Parent Relationship": "Outer", "Join Type": "Inner", "Startup Cost": 2780.8, "Total Cost": 79702.64, "Plan Rows": 5775, "Plan Width": 4, "Actual Startup Time": 32.725, "Actual Total Time": 431.181, "Actual Rows": 48328, "Actual Loops": 1, "Inner Unique": false, "Plans": [{"Node Type": "Bitmap Heap Scan", "Parent Relationship": "Outer", "Relation Name": "company_name", "Alias": "cn", "Startup Cost": 2780.8, "Total Cost": 8684.25, "Plan Rows": 6290, "Plan Width": 4, "Actual Startup Time": 32.61, "Actual Total Time": 166.367, "Actual Rows": 6752, "Actual Loops": 1, "Filter": "((country_code)::text = '[jp]'::text)", "Rows Removed by Filter": 228244, "Exact Heap Blocks": 2966, "Lossy Heap Blocks": 2966, "Plans": [{"Node Type": "Bitmap Index Scan", "Parent Relationship": "Outer", "Index Name": "company_name_pkey", "Startup Cost": 0.0, "Total Cost": 2779.23, "Plan Rows": 234996, "Plan Width": 0, "Actual Startup Time": 32.108, "Actual Total Time": 32.108, "Actual Rows": 234996, "Actual Loops": 1}]}, {"Node Type": "Index Scan", "Parent Relationship": "Inner", "Scan Direction": "Forward", "Index Name": "company_id_movie_companies", "Relation Name": "movie_companies", "Alias": "mc", "Startup Cost": 0.0, "Total Cost": 11.28, "Plan Rows": 1, "Plan Width": 8, "Actual Startup Time": 90.596, "Actual Total Time": 248.139, "Actual Rows": 48328, "Actual Loops": 6752, "Index Cond": "(company_id = cn.id)", "Rows Removed by Index Recheck": 0, "Filter": "(((note)::text ~~ '%(Japan)%'::text) AND ((note)::text !~~ '%(USA)%'::text))", "Rows Removed by Filter": 56667}]}, {"Node Type": "Index Scan", "Parent Relationship": "Inner", "Scan Direction": "Forward", "Index Name": "title_pkey", "Relation Name": "title", "Alias": "t", "Startup Cost": 0.0, "Total Cost": 3.91, "Plan Rows": 1, "Plan Width": 21, "Actual Startup Time": 246.485, "Actual Total Time": 246.485, "Actual Rows": 48328, "Actual Loops": 48328, "Index Cond": "(id = mc.movie_id)", "Rows Removed by Index Recheck": 0}]}, {"Node Type": "Index Scan", "Parent Relationship": "Inner", "Scan Direction": "Forward", "Index Name": "movie_id_cast_info", "Relation Name": "cast_info", "Alias": "ci", "Startup Cost": 0.0, "Total Cost": 0.98, "Plan Rows": 1, "Plan Width": 12, "Actual Startup Time": 2454.423, "Actual Total Time": 2571.268, "Actual Rows": 19600, "Actual Loops": 48328, "Index Cond": "(movie_id = t.id)", "Rows Removed by Index Recheck": 0, "Filter": "((note)::text = '(voice: English version)'::text)", "Rows Removed by Filter": 1531710}]}]}, {"Node Type": "Index Scan", "Parent Relationship": "Inner", "Scan Direction": "Forward", "Index Name": "person_id_aka_name", "Relation Name": "aka_name", "Alias": "an1", "Startup Cost": 0.0, "Total Cost": 0.84, "Plan Rows": 1, "Plan Width": 20, "Actual Startup Time": 35.512, "Actual Total Time": 43.978, "Actual Rows": 17379, "Actual Loops": 7438, "Index Cond": "(person_id = ci.person_id)", "Rows Removed by Index Recheck": 0}]}, {"Node Type": "Index Scan", "Parent Relationship": "Inner", "Scan Direction": "Forward", "Index Name": "name_pkey", "Relation Name": "name", "Alias": "n1", "Startup Cost": 0.0, "Total Cost": 0.57, "Plan Rows": 1, "Plan Width": 4, "Actual Startup Time": 66.089, "Actual Total Time": 66.089, "Actual Rows": 62, "Actual Loops": 17379, "Index Cond": "(id = an1.person_id)", "Rows Removed by Index Recheck": 0, "Filter": "(((name)::text ~~ '%Yo%'::text) AND ((name)::text !~~ '%Yu%'::text))", "Rows Removed by Filter": 17317}]}]}, "Triggers": [], "Planner Runtime": 26, "Total Runtime": 3458.428, "Unique SQL Id": 3544391839}}, "(16, 22)": {"explain_plan": {"Plan": {"Node Type": "Aggregate", "Strategy": "Plain", "Startup Cost": 112537.96, "Total Cost": 112537.97, "Plan Rows": 1, "Plan Width": 97, "Plans": [{"Node Type": "Nested Loop", "Parent Relationship": "Outer", "Join Type": "Inner", "Startup Cost": 109445.67, "Total Cost": 112537.9, "Plan Rows": 12, "Plan Width": 33, "Inner Unique": true, "Plans": [{"Node Type": "Nested Loop", "Parent Relationship": "Outer", "Join Type": "Inner", "Startup Cost": 109445.03, "Total Cost": 112481.94, "Plan Rows": 12, "Plan Width": 24, "Inner Unique": false, "Join Filter": "(n1.id = an1.person_id)", "Plans": [{"Node Type": "Nested Loop", "Parent Relationship": "Outer", "Join Type": "Inner", "Startup Cost": 109444.65, "Total Cost": 112138.29, "Plan Rows": 78, "Plan Width": 16, "Inner Unique": true, "Plans": [{"Node Type": "Merge Join", "Parent Relationship": "Outer", "Join Type": "Inner", "Startup Cost": 109443.74, "Total Cost": 109515.65, "Plan Rows": 532, "Plan Width": 12, "Inner Unique": true, "Merge Cond": "(mc.company_id = cn.id)", "Plans": [{"Node Type": "Sort", "Parent Relationship": "Outer", "Startup Cost": 103143.0, "Total Cost": 103151.34, "Plan Rows": 3338, "Plan Width": 16, "Sort Key": ["mc.company_id"], "Plans": [{"Node Type": "Nested Loop", "Parent Relationship": "Outer", "Join Type": "Inner", "Startup Cost": 0.66, "Total Cost": 102947.64, "Plan Rows": 3338, "Plan Width": 16, "Inner Unique": false, "Plans": [{"Node Type": "Nested Loop", "Parent Relationship": "Outer", "Join Type": "Inner", "Startup Cost": 0.0, "Total Cost": 61579.53, "Plan Rows": 8790, "Plan Width": 8, "Inner Unique": false, "Join Filter": "(ci.role_id = rt.id)", "Plans": [{"Node Type": "Seq Scan", "Parent Relationship": "Outer", "Relation Name": "role_type", "Alias": "rt", "Startup Cost": 0.0, "Total Cost": 1.15, "Plan Rows": 1, "Plan Width": 4, "Filter": "((role)::text = 'actress'::text)"}, {"Node Type": "Materialize", "Parent Relationship": "Inner", "Startup Cost": 0.0, "Total Cost": 60611.46, "Plan Rows": 96692, "Plan Width": 12, "Plans": [{"Node Type": "Streaming(type: LOCAL GATHER dop: 1/16)", "Parent Relationship": "Outer", "Startup Cost": 0.0, "Total Cost": 60369.73, "Plan Rows": 96692, "Plan Width": 12, "Plans": [{"Node Type": "Seq Scan", "Parent Relationship": "Outer", "Relation Name": "cast_info", "Alias": "ci", "Startup Cost": 0.0, "Total Cost": 58282.92, "Plan Rows": 96692, "Plan Width": 12, "Filter": "((note)::text = '(voice: English version)'::text)"}]}]}]}, {"Node Type": "Bitmap Heap Scan", "Parent Relationship": "Inner", "Relation Name": "movie_companies", "Alias": "mc", "Startup Cost": 0.66, "Total Cost": 4.7, "Plan Rows": 1, "Plan Width": 8, "Recheck Cond": "(movie_id = ci.movie_id)", "Filter": "(((note)::text ~~ '%(Japan)%'::text) AND ((note)::text !~~ '%(USA)%'::text))", "Plans": [{"Node Type": "Bitmap Index Scan", "Parent Relationship": "Outer", "Index Name": "movie_id_movie_companies", "Startup Cost": 0.0, "Total Cost": 0.66, "Plan Rows": 2, "Plan Width": 0, "Index Cond": "(movie_id = ci.movie_id)"}]}]}]}, {"Node Type": "Sort", "Parent Relationship": "Inner", "Startup Cost": 6300.31, "Total Cost": 6316.04, "Plan Rows": 6290, "Plan Width": 4, "Sort Key": ["cn.id"], "Plans": [{"Node Type": "Seq Scan", "Parent Relationship": "Outer", "Relation Name": "company_name", "Alias": "cn", "Startup Cost": 0.0, "Total Cost": 5903.45, "Plan Rows": 6290, "Plan Width": 4, "Filter": "((country_code)::text = '[jp]'::text)"}]}]}, {"Node Type": "Bitmap Heap Scan", "Parent Relationship": "Inner", "Relation Name": "name", "Alias": "n1", "Startup Cost": 0.9, "Total Cost": 4.92, "Plan Rows": 1, "Plan Width": 4, "Recheck Cond": "(id = ci.person_id)", "Filter": "(((name)::text ~~ '%Yo%'::text) AND ((name)::text !~~ '%Yu%'::text))", "Plans": [{"Node Type": "Bitmap Index Scan", "Parent Relationship": "Outer", "Index Name": "name_pkey", "Startup Cost": 0.0, "Total Cost": 0.9, "Plan Rows": 1, "Plan Width": 0, "Index Cond": "(id = ci.person_id)"}]}]}, {"Node Type": "Bitmap Heap Scan", "Parent Relationship": "Inner", "Relation Name": "aka_name", "Alias": "an1", "Startup Cost": 0.38, "Total Cost": 4.39, "Plan Rows": 1, "Plan Width": 20, "Recheck Cond": "(person_id = ci.person_id)", "Plans": [{"Node Type": "Bitmap Index Scan", "Parent Relationship": "Outer", "Index Name": "person_id_aka_name", "Startup Cost": 0.0, "Total Cost": 0.38, "Plan Rows": 1, "Plan Width": 0, "Index Cond": "(person_id = ci.person_id)"}]}]}, {"Node Type": "Bitmap Heap Scan", "Parent Relationship": "Inner", "Relation Name": "title", "Alias": "t", "Startup Cost": 0.64, "Total Cost": 4.65, "Plan Rows": 1, "Plan Width": 21, "Recheck Cond": "(id = ci.movie_id)", "Plans": [{"Node Type": "Bitmap Index Scan", "Parent Relationship": "Outer", "Index Name": "title_pkey", "Startup Cost": 0.0, "Total Cost": 0.64, "Plan Rows": 1, "Plan Width": 0, "Index Cond": "(id = ci.movie_id)"}]}]}]}, "Unique SQL Id": 3544391839, "Planner Runtime": 29}, "explain_analyze_plan": {"Plan": {"Node Type": "Aggregate", "Strategy": "Plain", "Startup Cost": 112537.96, "Total Cost": 112537.97, "Plan Rows": 1, "Plan Width": 97, "Actual Min Startup Time": 1109.707, "Actual Max Startup Time": 1109.707, "Actual Min Total Time": 1109.707, "Actual Max Total Time": 1109.707, "Plans": [{"Node Type": "Nested Loop", "Parent Relationship": "Outer", "Join Type": "Inner", "Startup Cost": 109445.67, "Total Cost": 112537.9, "Plan Rows": 12, "Plan Width": 33, "Actual Min Startup Time": 1060.154, "Actual Max Startup Time": 1060.154, "Actual Min Total Time": 1109.504, "Actual Max Total Time": 1109.504, "Inner Unique": true, "Plans": [{"Node Type": "Nested Loop", "Parent Relationship": "Outer", "Join Type": "Inner", "Startup Cost": 109445.03, "Total Cost": 112481.94, "Plan Rows": 12, "Plan Width": 24, "Actual Min Startup Time": 1060.129, "Actual Max Startup Time": 1060.129, "Actual Min Total Time": 1108.978, "Actual Max Total Time": 1108.978, "Inner Unique": false, "Join Filter": "(n1.id = an1.person_id)", "Rows Removed by Join Filter": 0, "Plans": [{"Node Type": "Nested Loop", "Parent Relationship": "Outer", "Join Type": "Inner", "Startup Cost": 109444.65, "Total Cost": 112138.29, "Plan Rows": 78, "Plan Width": 16, "Actual Min Startup Time": 1060.092, "Actual Max Startup Time": 1060.092, "Actual Min Total Time": 1108.541, "Actual Max Total Time": 1108.541, "Inner Unique": true, "Plans": [{"Node Type": "Merge Join", "Parent Relationship": "Outer", "Join Type": "Inner", "Startup Cost": 109443.74, "Total Cost": 109515.65, "Plan Rows": 532, "Plan Width": 12, "Actual Min Startup Time": 1059.336, "Actual Max Startup Time": 1059.336, "Actual Min Total Time": 1064.103, "Actual Max Total Time": 1064.103, "Inner Unique": true, "Merge Cond": "(mc.company_id = cn.id)", "Plans": [{"Node Type": "Sort", "Parent Relationship": "Outer", "Startup Cost": 103143.0, "Total Cost": 103151.34, "Plan Rows": 3338, "Plan Width": 16, "Actual Min Startup Time": 974.849, "Actual Max Startup Time": 974.849, "Actual Min Total Time": 976.251, "Actual Max Total Time": 976.251, "Sort Key": ["mc.company_id"], "Sort Method": "quicksort", "Sort Space Min Used": 899, "Sort Space Max Used": 899, "Sort Space Type": "Memory", "Plans": [{"Node Type": "Nested Loop", "Parent Relationship": "Outer", "Join Type": "Inner", "Startup Cost": 0.66, "Total Cost": 102947.64, "Plan Rows": 3338, "Plan Width": 16, "Actual Min Startup Time": 714.153, "Actual Max Startup Time": 714.153, "Actual Min Total Time": 971.563, "Actual Max Total Time": 971.563, "Inner Unique": false, "Plans": [{"Node Type": "Nested Loop", "Parent Relationship": "Outer", "Join Type": "Inner", "Startup Cost": 0.0, "Total Cost": 61579.53, "Plan Rows": 8790, "Plan Width": 8, "Actual Min Startup Time": 713.832, "Actual Max Startup Time": 713.832, "Actual Min Total Time": 736.963, "Actual Max Total Time": 736.963, "Inner Unique": false, "Join Filter": "(ci.role_id = rt.id)", "Rows Removed by Join Filter": 58247, "Plans": [{"Node Type": "Seq Scan", "Parent Relationship": "Outer", "Relation Name": "role_type", "Alias": "rt", "Startup Cost": 0.0, "Total Cost": 1.15, "Plan Rows": 1, "Plan Width": 4, "Actual Min Startup Time": 0.036, "Actual Max Startup Time": 0.036, "Actual Min Total Time": 0.048, "Actual Max Total Time": 0.048, "Filter": "((role)::text = 'actress'::text)", "Rows Removed by Filter": 11, "Actual Rows": 1}, {"Node Type": "Materialize", "Parent Relationship": "Inner", "Startup Cost": 0.0, "Total Cost": 60611.46, "Plan Rows": 96692, "Plan Width": 12, "Actual Min Startup Time": 695.073, "Actual Max Startup Time": 695.073, "Actual Min Total Time": 707.807, "Actual Max Total Time": 707.807, "Plans": [{"Node Type": "Streaming(type: LOCAL GATHER dop: 1/16)", "Parent Relationship": "Outer", "Startup Cost": 0.0, "Total Cost": 60369.73, "Plan Rows": 96692, "Plan Width": 12, "Actual Min Startup Time": 43.491, "Actual Max Startup Time": 43.491, "Actual Min Total Time": 681.446, "Actual Max Total Time": 681.446, "Plans": [{"Node Type": "Seq Scan", "Parent Relationship": "Outer", "Relation Name": "cast_info", "Alias": "ci", "Startup Cost": 0.0, "Total Cost": 58282.92, "Plan Rows": 96692, "Plan Width": 12, "Actual Min Startup Time": 0.052, "Actual Max Startup Time": 2.909, "Actual Min Total Time": 633.064, "Actual Max Total Time": 647.521, "Filter": "((note)::text = '(voice: English version)'::text)", "Rows Removed by Filter": 36151248, "Actual Rows": 93095}], "Actual Rows": 93095}], "Actual Rows": 93096}], "Actual Rows": 34848}, {"Node Type": "Bitmap Heap Scan", "Parent Relationship": "Inner", "Relation Name": "movie_companies", "Alias": "mc", "Startup Cost": 0.66, "Total Cost": 4.7, "Plan Rows": 1, "Plan Width": 8, "Actual Min Startup Time": 178.473, "Actual Max Startup Time": 178.473, "Actual Min Total Time": 192.921, "Actual Max Total Time": 192.921, "Recheck Cond": "(movie_id = ci.movie_id)", "Rows Removed by Index Recheck": 0, "Filter": "(((note)::text ~~ '%(Japan)%'::text) AND ((note)::text !~~ '%(USA)%'::text))", "Rows Removed by Filter": 53432, "Exact Heap Blocks": 22359, "Lossy Heap Blocks": 22359, "Plans": [{"Node Type": "Bitmap Index Scan", "Parent Relationship": "Outer", "Index Name": "movie_id_movie_companies", "Startup Cost": 0.0, "Total Cost": 0.66, "Plan Rows": 2, "Plan Width": 0, "Actual Min Startup Time": 113.745, "Actual Max Startup Time": 113.745, "Actual Min Total Time": 113.745, "Actual Max Total Time": 113.745, "Index Cond": "(movie_id = ci.movie_id)", "Actual Rows": 60964}], "Actual Rows": 7532}], "Actual Rows": 7532}], "Actual Rows": 7532}, {"Node Type": "Sort", "Parent Relationship": "Inner", "Startup Cost": 6300.31, "Total Cost": 6316.04, "Plan Rows": 6290, "Plan Width": 4, "Actual Min Startup Time": 84.473, "Actual Max Startup Time": 84.473, "Actual Min Total Time": 84.843, "Actual Max Total Time": 84.843, "Sort Key": ["cn.id"], "Sort Method": "quicksort", "Sort Space Min Used": 615, "Sort Space Max Used": 615, "Sort Space Type": "Memory", "Plans": [{"Node Type": "Seq Scan", "Parent Relationship": "Outer", "Relation Name": "company_name", "Alias": "cn", "Startup Cost": 0.0, "Total Cost": 5903.45, "Plan Rows": 6290, "Plan Width": 4, "Actual Min Startup Time": 0.08, "Actual Max Startup Time": 0.08, "Actual Min Total Time": 82.021, "Actual Max Total Time": 82.021, "Filter": "((country_code)::text = '[jp]'::text)", "Rows Removed by Filter": 228244, "Actual Rows": 6752}], "Actual Rows": 2318}], "Actual Rows": 7438}, {"Node Type": "Bitmap Heap Scan", "Parent Relationship": "Inner", "Relation Name": "name", "Alias": "n1", "Startup Cost": 0.9, "Total Cost": 4.92, "Plan Rows": 1, "Plan Width": 4, "Actual Min Startup Time": 35.955, "Actual Max Startup Time": 35.955, "Actual Min Total Time": 35.955, "Actual Max Total Time": 35.955, "Recheck Cond": "(id = ci.person_id)", "Rows Removed by Index Recheck": 0, "Filter": "(((name)::text ~~ '%Yo%'::text) AND ((name)::text !~~ '%Yu%'::text))", "Rows Removed by Filter": 7400, "Exact Heap Blocks": 7438, "Lossy Heap Blocks": 7438, "Plans": [{"Node Type": "Bitmap Index Scan", "Parent Relationship": "Outer", "Index Name": "name_pkey", "Startup Cost": 0.0, "Total Cost": 0.9, "Plan Rows": 1, "Plan Width": 0, "Actual Min Startup Time": 20.834, "Actual Max Startup Time": 20.834, "Actual Min Total Time": 20.834, "Actual Max Total Time": 20.834, "Index Cond": "(id = ci.person_id)", "Actual Rows": 7438}], "Actual Rows": 38}], "Actual Rows": 38}, {"Node Type": "Bitmap Heap Scan", "Parent Relationship": "Inner", "Relation Name": "aka_name", "Alias": "an1", "Startup Cost": 0.38, "Total Cost": 4.39, "Plan Rows": 1, "Plan Width": 20, "Actual Min Startup Time": 0.284, "Actual Max Startup Time": 0.284, "Actual Min Total Time": 0.306, "Actual Max Total Time": 0.306, "Recheck Cond": "(person_id = ci.person_id)", "Rows Removed by Index Recheck": 0, "Exact Heap Blocks": 43, "Lossy Heap Blocks": 43, "Plans": [{"Node Type": "Bitmap Index Scan", "Parent Relationship": "Outer", "Index Name": "person_id_aka_name", "Startup Cost": 0.0, "Total Cost": 0.38, "Plan Rows": 1, "Plan Width": 0, "Actual Min Startup Time": 0.171, "Actual Max Startup Time": 0.171, "Actual Min Total Time": 0.171, "Actual Max Total Time": 0.171, "Index Cond": "(person_id = ci.person_id)", "Actual Rows": 62}], "Actual Rows": 62}], "Actual Rows": 62}, {"Node Type": "Bitmap Heap Scan", "Parent Relationship": "Inner", "Relation Name": "title", "Alias": "t", "Startup Cost": 0.64, "Total Cost": 4.65, "Plan Rows": 1, "Plan Width": 21, "Actual Min Startup Time": 0.391, "Actual Max Startup Time": 0.391, "Actual Min Total Time": 0.391, "Actual Max Total Time": 0.391, "Recheck Cond": "(id = ci.movie_id)", "Rows Removed by Index Recheck": 0, "Exact Heap Blocks": 62, "Lossy Heap Blocks": 62, "Plans": [{"Node Type": "Bitmap Index Scan", "Parent Relationship": "Outer", "Index Name": "title_pkey", "Startup Cost": 0.0, "Total Cost": 0.64, "Plan Rows": 1, "Plan Width": 0, "Actual Min Startup Time": 0.248, "Actual Max Startup Time": 0.248, "Actual Min Total Time": 0.248, "Actual Max Total Time": 0.248, "Index Cond": "(id = ci.movie_id)", "Actual Rows": 62}], "Actual Rows": 62}], "Actual Rows": 62}], "Actual Rows": 1}, "Triggers": [], "Planner Runtime": 29, "Total Runtime": 1112.912, "Unique SQL Id": 3544391839}}, "(16, 23)": {"explain_plan": {"Plan": {"Node Type": "Aggregate", "Strategy": "Plain", "Startup Cost": 168806.18, "Total Cost": 168806.19, "Plan Rows": 1, "Plan Width": 97, "Plans": [{"Node Type": "Nested Loop", "Parent Relationship": "Outer", "Join Type": "Inner", "Startup Cost": 2794.98, "Total Cost": 168802.95, "Plan Rows": 646, "Plan Width": 33, "Inner Unique": true, "Plans": [{"Node Type": "Nested Loop", "Parent Relationship": "Outer", "Join Type": "Inner", "Startup Cost": 2794.66, "Total Cost": 165994.37, "Plan Rows": 645, "Plan Width": 41, "Inner Unique": false, "Plans": [{"Node Type": "Nested Loop", "Parent Relationship": "Outer", "Join Type": "Inner", "Startup Cost": 2794.28, "Total Cost": 163651.8, "Plan Rows": 532, "Plan Width": 21, "Inner Unique": false, "Join Filter": "(ci.role_id = rt.id)", "Plans": [{"Node Type": "Bitmap Heap Scan", "Parent Relationship": "Outer", "Relation Name": "role_type", "Alias": "rt", "Startup Cost": 8.31, "Total Cost": 12.46, "Plan Rows": 1, "Plan Width": 4, "Filter": "((role)::text = 'actress'::text)", "Plans": [{"Node Type": "Bitmap Index Scan", "Parent Relationship": "Outer", "Index Name": "role_type_pkey", "Startup Cost": 0.0, "Total Cost": 8.31, "Plan Rows": 12, "Plan Width": 0}]}, {"Node Type": "Nested Loop", "Parent Relationship": "Inner", "Join Type": "Inner", "Startup Cost": 2785.97, "Total Cost": 163566.25, "Plan Rows": 5847, "Plan Width": 25, "Inner Unique": false, "Plans": [{"Node Type": "Nested Loop", "Parent Relationship": "Outer", "Join Type": "Inner", "Startup Cost": 2785.45, "Total Cost": 136908.44, "Plan Rows": 5775, "Plan Width": 25, "Inner Unique": true, "Plans": [{"Node Type": "Nested Loop", "Parent Relationship": "Outer", "Join Type": "Inner", "Startup Cost": 2784.18, "Total Cost": 106322.09, "Plan Rows": 5775, "Plan Width": 4, "Inner Unique": false, "Plans": [{"Node Type": "Bitmap Heap Scan", "Parent Relationship": "Outer", "Relation Name": "company_name", "Alias": "cn", "Startup Cost": 2780.8, "Total Cost": 8684.25, "Plan Rows": 6290, "Plan Width": 4, "Filter": "((country_code)::text = '[jp]'::text)", "Plans": [{"Node Type": "Bitmap Index Scan", "Parent Relationship": "Outer", "Index Name": "company_name_pkey", "Startup Cost": 0.0, "Total Cost": 2779.23, "Plan Rows": 234996, "Plan Width": 0}]}, {"Node Type": "Bitmap Heap Scan", "Parent Relationship": "Inner", "Relation Name": "movie_companies", "Alias": "mc", "Startup Cost": 3.37, "Total Cost": 15.51, "Plan Rows": 1, "Plan Width": 8, "Recheck Cond": "(company_id = cn.id)", "Filter": "(((note)::text ~~ '%(Japan)%'::text) AND ((note)::text !~~ '%(USA)%'::text))", "Plans": [{"Node Type": "Bitmap Index Scan", "Parent Relationship": "Outer", "Index Name": "company_id_movie_companies", "Startup Cost": 0.0, "Total Cost": 3.37, "Plan Rows": 15, "Plan Width": 0, "Index Cond": "(company_id = cn.id)"}]}]}, {"Node Type": "Bitmap Heap Scan", "Parent Relationship": "Inner", "Relation Name": "title", "Alias": "t", "Startup Cost": 1.27, "Total Cost": 5.29, "Plan Rows": 1, "Plan Width": 21, "Recheck Cond": "(id = mc.movie_id)", "Plans": [{"Node Type": "Bitmap Index Scan", "Parent Relationship": "Outer", "Index Name": "title_pkey", "Startup Cost": 0.0, "Total Cost": 1.27, "Plan Rows": 1, "Plan Width": 0, "Index Cond": "(id = mc.movie_id)"}]}]}, {"Node Type": "Bitmap Heap Scan", "Parent Relationship": "Inner", "Relation Name": "cast_info", "Alias": "ci", "Startup Cost": 0.52, "Total Cost": 4.61, "Plan Rows": 1, "Plan Width": 12, "Recheck Cond": "(movie_id = t.id)", "Filter": "((note)::text = '(voice: English version)'::text)", "Plans": [{"Node Type": "Bitmap Index Scan", "Parent Relationship": "Outer", "Index Name": "movie_id_cast_info", "Startup Cost": 0.0, "Total Cost": 0.52, "Plan Rows": 6, "Plan Width": 0, "Index Cond": "(movie_id = t.id)"}]}]}]}, {"Node Type": "Bitmap Heap Scan", "Parent Relationship": "Inner", "Relation Name": "aka_name", "Alias": "an1", "Startup Cost": 0.38, "Total Cost": 4.39, "Plan Rows": 1, "Plan Width": 20, "Recheck Cond": "(person_id = ci.person_id)", "Plans": [{"Node Type": "Bitmap Index Scan", "Parent Relationship": "Outer", "Index Name": "person_id_aka_name", "Startup Cost": 0.0, "Total Cost": 0.38, "Plan Rows": 1, "Plan Width": 0, "Index Cond": "(person_id = ci.person_id)"}]}]}, {"Node Type": "Bitmap Heap Scan", "Parent Relationship": "Inner", "Relation Name": "name", "Alias": "n1", "Startup Cost": 0.33, "Total Cost": 4.34, "Plan Rows": 1, "Plan Width": 4, "Recheck Cond": "(id = an1.person_id)", "Filter": "(((name)::text ~~ '%Yo%'::text) AND ((name)::text !~~ '%Yu%'::text))", "Plans": [{"Node Type": "Bitmap Index Scan", "Parent Relationship": "Outer", "Index Name": "name_pkey", "Startup Cost": 0.0, "Total Cost": 0.33, "Plan Rows": 1, "Plan Width": 0, "Index Cond": "(id = an1.person_id)"}]}]}]}, "Unique SQL Id": 3544391839, "Planner Runtime": 26}, "explain_analyze_plan": {"Plan": {"Node Type": "Aggregate", "Strategy": "Plain", "Startup Cost": 168806.18, "Total Cost": 168806.19, "Plan Rows": 1, "Plan Width": 97, "Actual Startup Time": 5296.908, "Actual Total Time": 5296.909, "Actual Rows": 1, "Actual Loops": 1, "Plans": [{"Node Type": "Nested Loop", "Parent Relationship": "Outer", "Join Type": "Inner", "Startup Cost": 2794.98, "Total Cost": 168802.95, "Plan Rows": 646, "Plan Width": 33, "Actual Startup Time": 415.255, "Actual Total Time": 5296.577, "Actual Rows": 62, "Actual Loops": 1, "Inner Unique": true, "Plans": [{"Node Type": "Nested Loop", "Parent Relationship": "Outer", "Join Type": "Inner", "Startup Cost": 2794.66, "Total Cost": 165994.37, "Plan Rows": 645, "Plan Width": 41, "Actual Startup Time": 22.542, "Actual Total Time": 5190.467, "Actual Rows": 17379, "Actual Loops": 1, "Inner Unique": false, "Plans": [{"Node Type": "Nested Loop", "Parent Relationship": "Outer", "Join Type": "Inner", "Startup Cost": 2794.28, "Total Cost": 163651.8, "Plan Rows": 532, "Plan Width": 21, "Actual Startup Time": 22.521, "Actual Total Time": 5123.341, "Actual Rows": 7438, "Actual Loops": 1, "Inner Unique": false, "Join Filter": "(ci.role_id = rt.id)", "Rows Removed by Join Filter": 12162, "Plans": [{"Node Type": "Bitmap Heap Scan", "Parent Relationship": "Outer", "Relation Name": "role_type", "Alias": "rt", "Startup Cost": 8.31, "Total Cost": 12.46, "Plan Rows": 1, "Plan Width": 4, "Actual Startup Time": 0.023, "Actual Total Time": 0.029, "Actual Rows": 1, "Actual Loops": 1, "Filter": "((role)::text = 'actress'::text)", "Rows Removed by Filter": 11, "Exact Heap Blocks": 1, "Lossy Heap Blocks": 1, "Plans": [{"Node Type": "Bitmap Index Scan", "Parent Relationship": "Outer", "Index Name": "role_type_pkey", "Startup Cost": 0.0, "Total Cost": 8.31, "Plan Rows": 12, "Plan Width": 0, "Actual Startup Time": 0.006, "Actual Total Time": 0.006, "Actual Rows": 12, "Actual Loops": 1}]}, {"Node Type": "Nested Loop", "Parent Relationship": "Inner", "Join Type": "Inner", "Startup Cost": 2785.97, "Total Cost": 163566.25, "Plan Rows": 5847, "Plan Width": 25, "Actual Startup Time": 22.492, "Actual Total Time": 5117.719, "Actual Rows": 19600, "Actual Loops": 1, "Inner Unique": false, "Plans": [{"Node Type": "Nested Loop", "Parent Relationship": "Outer", "Join Type": "Inner", "Startup Cost": 2785.45, "Total Cost": 136908.44, "Plan Rows": 5775, "Plan Width": 25, "Actual Startup Time": 22.388, "Actual Total Time": 906.266, "Actual Rows": 48328, "Actual Loops": 1, "Inner Unique": true, "Plans": [{"Node Type": "Nested Loop", "Parent Relationship": "Outer", "Join Type": "Inner", "Startup Cost": 2784.18, "Total Cost": 106322.09, "Plan Rows": 5775, "Plan Width": 4, "Actual Startup Time": 22.367, "Actual Total Time": 442.457, "Actual Rows": 48328, "Actual Loops": 1, "Inner Unique": false, "Plans": [{"Node Type": "Bitmap Heap Scan", "Parent Relationship": "Outer", "Relation Name": "company_name", "Alias": "cn", "Startup Cost": 2780.8, "Total Cost": 8684.25, "Plan Rows": 6290, "Plan Width": 4, "Actual Startup Time": 22.305, "Actual Total Time": 130.791, "Actual Rows": 6752, "Actual Loops": 1, "Filter": "((country_code)::text = '[jp]'::text)", "Rows Removed by Filter": 228244, "Exact Heap Blocks": 2966, "Lossy Heap Blocks": 2966, "Plans": [{"Node Type": "Bitmap Index Scan", "Parent Relationship": "Outer", "Index Name": "company_name_pkey", "Startup Cost": 0.0, "Total Cost": 2779.23, "Plan Rows": 234996, "Plan Width": 0, "Actual Startup Time": 21.851, "Actual Total Time": 21.851, "Actual Rows": 234996, "Actual Loops": 1}]}, {"Node Type": "Bitmap Heap Scan", "Parent Relationship": "Inner", "Relation Name": "movie_companies", "Alias": "mc", "Startup Cost": 3.37, "Total Cost": 15.51, "Plan Rows": 1, "Plan Width": 8, "Actual Startup Time": 107.583, "Actual Total Time": 288.604, "Actual Rows": 48328, "Actual Loops": 6752, "Recheck Cond": "(company_id = cn.id)", "Rows Removed by Index Recheck": 0, "Filter": "(((note)::text ~~ '%(Japan)%'::text) AND ((note)::text !~~ '%(USA)%'::text))", "Rows Removed by Filter": 56667, "Exact Heap Blocks": 61861, "Lossy Heap Blocks": 61861, "Plans": [{"Node Type": "Bitmap Index Scan", "Parent Relationship": "Outer", "Index Name": "company_id_movie_companies", "Startup Cost": 0.0, "Total Cost": 3.37, "Plan Rows": 15, "Plan Width": 0, "Actual Startup Time": 56.372, "Actual Total Time": 56.372, "Actual Rows": 104995, "Actual Loops": 6752, "Index Cond": "(company_id = cn.id)"}]}]}, {"Node Type": "Bitmap Heap Scan", "Parent Relationship": "Inner", "Relation Name": "title", "Alias": "t", "Startup Cost": 1.27, "Total Cost": 5.29, "Plan Rows": 1, "Plan Width": 21, "Actual Startup Time": 387.021, "Actual Total Time": 387.021, "Actual Rows": 48328, "Actual Loops": 48328, "Recheck Cond": "(id = mc.movie_id)", "Rows Removed by Index Recheck": 0, "Exact Heap Blocks": 48328, "Lossy Heap Blocks": 48328, "Plans": [{"Node Type": "Bitmap Index Scan", "Parent Relationship": "Outer", "Index Name": "title_pkey", "Startup Cost": 0.0, "Total Cost": 1.27, "Plan Rows": 1, "Plan Width": 0, "Actual Startup Time": 222.451, "Actual Total Time": 222.451, "Actual Rows": 48328, "Actual Loops": 48328, "Index Cond": "(id = mc.movie_id)"}]}]}, {"Node Type": "Bitmap Heap Scan", "Parent Relationship": "Inner", "Relation Name": "cast_info", "Alias": "ci", "Startup Cost": 0.52, "Total Cost": 4.61, "Plan Rows": 1, "Plan Width": 12, "Actual Startup Time": 3969.248, "Actual Total Time": 4139.093, "Actual Rows": 19600, "Actual Loops": 48328, "Recheck Cond": "(movie_id = t.id)", "Rows Removed by Index Recheck": 0, "Filter": "((note)::text = '(voice: English version)'::text)", "Rows Removed by Filter": 1531710, "Exact Heap Blocks": 1503105, "Lossy Heap Blocks": 1503105, "Plans": [{"Node Type": "Bitmap Index Scan", "Parent Relationship": "Outer", "Index Name": "movie_id_cast_info", "Startup Cost": 0.0, "Total Cost": 0.52, "Plan Rows": 6, "Plan Width": 0, "Actual Startup Time": 571.467, "Actual Total Time": 571.467, "Actual Rows": 1551310, "Actual Loops": 48328, "Index Cond": "(movie_id = t.id)"}]}]}]}, {"Node Type": "Bitmap Heap Scan", "Parent Relationship": "Inner", "Relation Name": "aka_name", "Alias": "an1", "Startup Cost": 0.38, "Total Cost": 4.39, "Plan Rows": 1, "Plan Width": 20, "Actual Startup Time": 47.458, "Actual Total Time": 52.982, "Actual Rows": 17379, "Actual Loops": 7438, "Recheck Cond": "(person_id = ci.person_id)", "Rows Removed by Index Recheck": 0, "Exact Heap Blocks": 6514, "Lossy Heap Blocks": 6514, "Plans": [{"Node Type": "Bitmap Index Scan", "Parent Relationship": "Outer", "Index Name": "person_id_aka_name", "Startup Cost": 0.0, "Total Cost": 0.38, "Plan Rows": 1, "Plan Width": 0, "Actual Startup Time": 31.31, "Actual Total Time": 31.31, "Actual Rows": 17379, "Actual Loops": 7438, "Index Cond": "(person_id = ci.person_id)"}]}]}, {"Node Type": "Bitmap Heap Scan", "Parent Relationship": "Inner", "Relation Name": "name", "Alias": "n1", "Startup Cost": 0.33, "Total Cost": 4.34, "Plan Rows": 1, "Plan Width": 4, "Actual Startup Time": 85.647, "Actual Total Time": 85.647, "Actual Rows": 62, "Actual Loops": 17379, "Recheck Cond": "(id = an1.person_id)", "Rows Removed by Index Recheck": 0, "Filter": "(((name)::text ~~ '%Yo%'::text) AND ((name)::text !~~ '%Yu%'::text))", "Rows Removed by Filter": 17317, "Exact Heap Blocks": 17379, "Lossy Heap Blocks": 17379, "Plans": [{"Node Type": "Bitmap Index Scan", "Parent Relationship": "Outer", "Index Name": "name_pkey", "Startup Cost": 0.0, "Total Cost": 0.33, "Plan Rows": 1, "Plan Width": 0, "Actual Startup Time": 50.623, "Actual Total Time": 50.623, "Actual Rows": 17379, "Actual Loops": 17379, "Index Cond": "(id = an1.person_id)"}]}]}]}, "Triggers": [], "Planner Runtime": 26, "Total Runtime": 5297.349, "Unique SQL Id": 3544391839}}, "(16, 24)": {"explain_plan": {"Plan": {"Node Type": "Aggregate", "Strategy": "Plain", "Startup Cost": 72267.58, "Total Cost": 72267.59, "Plan Rows": 1, "Plan Width": 97, "Plans": [{"Node Type": "Nested Loop", "Parent Relationship": "Outer", "Join Type": "Inner", "Startup Cost": 0.0, "Total Cost": 72267.1, "Plan Rows": 96, "Plan Width": 33, "Inner Unique": true, "Plans": [{"Node Type": "Nested Loop", "Parent Relationship": "Outer", "Join Type": "Inner", "Startup Cost": 0.0, "Total Cost": 71891.56, "Plan Rows": 645, "Plan Width": 41, "Inner Unique": false, "Plans": [{"Node Type": "Nested Loop", "Parent Relationship": "Outer", "Join Type": "Inner", "Startup Cost": 0.0, "Total Cost": 71437.35, "Plan Rows": 532, "Plan Width": 21, "Inner Unique": false, "Join Filter": "(ci.role_id = rt.id)", "Plans": [{"Node Type": "Seq Scan", "Parent Relationship": "Outer", "Relation Name": "role_type", "Alias": "rt", "Startup Cost": 0.0, "Total Cost": 1.15, "Plan Rows": 1, "Plan Width": 4, "Filter": "((role)::text = 'actress'::text)"}, {"Node Type": "Materialize", "Parent Relationship": "Inner", "Startup Cost": 0.0, "Total Cost": 71377.73, "Plan Rows": 5847, "Plan Width": 25, "Plans": [{"Node Type": "Nested Loop", "Parent Relationship": "Outer", "Join Type": "Inner", "Startup Cost": 0.0, "Total Cost": 71363.11, "Plan Rows": 5847, "Plan Width": 25, "Inner Unique": false, "Plans": [{"Node Type": "Nested Loop", "Parent Relationship": "Outer", "Join Type": "Inner", "Startup Cost": 0.0, "Total Cost": 65620.52, "Plan Rows": 5775, "Plan Width": 25, "Inner Unique": true, "Plans": [{"Node Type": "Nested Loop", "Parent Relationship": "Outer", "Join Type": "Inner", "Startup Cost": 0.0, "Total Cost": 42973.42, "Plan Rows": 5775, "Plan Width": 4, "Inner Unique": true, "Plans": [{"Node Type": "Streaming(type: LOCAL GATHER dop: 1/16)", "Parent Relationship": "Outer", "Startup Cost": 0.0, "Total Cost": 19215.08, "Plan Rows": 36426, "Plan Width": 8, "Plans": [{"Node Type": "Seq Scan", "Parent Relationship": "Outer", "Relation Name": "movie_companies", "Alias": "mc", "Startup Cost": 0.0, "Total Cost": 18428.93, "Plan Rows": 36426, "Plan Width": 8, "Filter": "(((note)::text ~~ '%(Japan)%'::text) AND ((note)::text !~~ '%(USA)%'::text))"}]}, {"Node Type": "Index Scan", "Parent Relationship": "Inner", "Scan Direction": "Forward", "Index Name": "company_name_pkey", "Relation Name": "company_name", "Alias": "cn", "Startup Cost": 0.0, "Total Cost": 0.64, "Plan Rows": 1, "Plan Width": 4, "Index Cond": "(id = mc.company_id)", "Filter": "((country_code)::text = '[jp]'::text)"}]}, {"Node Type": "Index Scan", "Parent Relationship": "Inner", "Scan Direction": "Forward", "Index Name": "title_pkey", "Relation Name": "title", "Alias": "t", "Startup Cost": 0.0, "Total Cost": 3.91, "Plan Rows": 1, "Plan Width": 21, "Index Cond": "(id = mc.movie_id)"}]}, {"Node Type": "Index Scan", "Parent Relationship": "Inner", "Scan Direction": "Forward", "Index Name": "movie_id_cast_info", "Relation Name": "cast_info", "Alias": "ci", "Startup Cost": 0.0, "Total Cost": 0.98, "Plan Rows": 1, "Plan Width": 12, "Index Cond": "(movie_id = t.id)", "Filter": "((note)::text = '(voice: English version)'::text)"}]}]}]}, {"Node Type": "Index Scan", "Parent Relationship": "Inner", "Scan Direction": "Forward", "Index Name": "person_id_aka_name", "Relation Name": "aka_name", "Alias": "an1", "Startup Cost": 0.0, "Total Cost": 0.84, "Plan Rows": 1, "Plan Width": 20, "Index Cond": "(person_id = ci.person_id)"}]}, {"Node Type": "Index Scan", "Parent Relationship": "Inner", "Scan Direction": "Forward", "Index Name": "name_pkey", "Relation Name": "name", "Alias": "n1", "Startup Cost": 0.0, "Total Cost": 0.57, "Plan Rows": 1, "Plan Width": 4, "Index Cond": "(id = an1.person_id)", "Filter": "(((name)::text ~~ '%Yo%'::text) AND ((name)::text !~~ '%Yu%'::text))"}]}]}, "Unique SQL Id": 3544391839, "Planner Runtime": 20}, "explain_analyze_plan": {"Plan": {"Node Type": "Aggregate", "Strategy": "Plain", "Startup Cost": 72267.58, "Total Cost": 72267.59, "Plan Rows": 1, "Plan Width": 97, "Actual Min Startup Time": 3863.137, "Actual Max Startup Time": 3863.137, "Actual Min Total Time": 3863.137, "Actual Max Total Time": 3863.137, "Plans": [{"Node Type": "Nested Loop", "Parent Relationship": "Outer", "Join Type": "Inner", "Startup Cost": 0.0, "Total Cost": 72267.1, "Plan Rows": 96, "Plan Width": 33, "Actual Min Startup Time": 3772.335, "Actual Max Startup Time": 3772.335, "Actual Min Total Time": 3863.055, "Actual Max Total Time": 3863.055, "Inner Unique": true, "Plans": [{"Node Type": "Nested Loop", "Parent Relationship": "Outer", "Join Type": "Inner", "Startup Cost": 0.0, "Total Cost": 71891.56, "Plan Rows": 645, "Plan Width": 41, "Actual Min Startup Time": 3748.16, "Actual Max Startup Time": 3748.16, "Actual Min Total Time": 3795.693, "Actual Max Total Time": 3795.693, "Inner Unique": false, "Plans": [{"Node Type": "Nested Loop", "Parent Relationship": "Outer", "Join Type": "Inner", "Startup Cost": 0.0, "Total Cost": 71437.35, "Plan Rows": 532, "Plan Width": 21, "Actual Min Startup Time": 3748.139, "Actual Max Startup Time": 3748.139, "Actual Min Total Time": 3756.869, "Actual Max Total Time": 3756.869, "Inner Unique": false, "Join Filter": "(ci.role_id = rt.id)", "Rows Removed by Join Filter": 12162, "Plans": [{"Node Type": "Seq Scan", "Parent Relationship": "Outer", "Relation Name": "role_type", "Alias": "rt", "Startup Cost": 0.0, "Total Cost": 1.15, "Plan Rows": 1, "Plan Width": 4, "Actual Min Startup Time": 0.039, "Actual Max Startup Time": 0.039, "Actual Min Total Time": 0.046, "Actual Max Total Time": 0.046, "Filter": "((role)::text = 'actress'::text)", "Rows Removed by Filter": 11, "Actual Rows": 1}, {"Node Type": "Materialize", "Parent Relationship": "Inner", "Startup Cost": 0.0, "Total Cost": 71377.73, "Plan Rows": 5847, "Plan Width": 25, "Actual Min Startup Time": 3748.088, "Actual Max Startup Time": 3748.088, "Actual Min Total Time": 3750.907, "Actual Max Total Time": 3750.907, "Plans": [{"Node Type": "Nested Loop", "Parent Relationship": "Outer", "Join Type": "Inner", "Startup Cost": 0.0, "Total Cost": 71363.11, "Plan Rows": 5847, "Plan Width": 25, "Actual Min Startup Time": 47.3, "Actual Max Startup Time": 47.3, "Actual Min Total Time": 3741.804, "Actual Max Total Time": 3741.804, "Inner Unique": false, "Plans": [{"Node Type": "Nested Loop", "Parent Relationship": "Outer", "Join Type": "Inner", "Startup Cost": 0.0, "Total Cost": 65620.52, "Plan Rows": 5775, "Plan Width": 25, "Actual Min Startup Time": 39.662, "Actual Max Startup Time": 39.662, "Actual Min Total Time": 582.989, "Actual Max Total Time": 582.989, "Inner Unique": true, "Plans": [{"Node Type": "Nested Loop", "Parent Relationship": "Outer", "Join Type": "Inner", "Startup Cost": 0.0, "Total Cost": 42973.42, "Plan Rows": 5775, "Plan Width": 4, "Actual Min Startup Time": 39.64, "Actual Max Startup Time": 39.64, "Actual Min Total Time": 308.527, "Actual Max Total Time": 308.527, "Inner Unique": true, "Plans": [{"Node Type": "Streaming(type: LOCAL GATHER dop: 1/16)", "Parent Relationship": "Outer", "Startup Cost": 0.0, "Total Cost": 19215.08, "Plan Rows": 36426, "Plan Width": 8, "Actual Min Startup Time": 39.592, "Actual Max Startup Time": 39.592, "Actual Min Total Time": 71.899, "Actual Max Total Time": 71.899, "Plans": [{"Node Type": "Seq Scan", "Parent Relationship": "Outer", "Relation Name": "movie_companies", "Alias": "mc", "Startup Cost": 0.0, "Total Cost": 18428.93, "Plan Rows": 36426, "Plan Width": 8, "Actual Min Startup Time": 0.04, "Actual Max Startup Time": 0.384, "Actual Min Total Time": 54.614, "Actual Max Total Time": 62.381, "Filter": "(((note)::text ~~ '%(Japan)%'::text) AND ((note)::text !~~ '%(USA)%'::text))", "Rows Removed by Filter": 2560231, "Actual Rows": 48897}], "Actual Rows": 48897}, {"Node Type": "Index Scan", "Parent Relationship": "Inner", "Scan Direction": "Forward", "Index Name": "company_name_pkey", "Relation Name": "company_name", "Alias": "cn", "Startup Cost": 0.0, "Total Cost": 0.64, "Plan Rows": 1, "Plan Width": 4, "Actual Min Startup Time": 196.934, "Actual Max Startup Time": 196.934, "Actual Min Total Time": 196.934, "Actual Max Total Time": 196.934, "Index Cond": "(id = mc.company_id)", "Rows Removed by Index Recheck": 0, "Filter": "((country_code)::text = '[jp]'::text)", "Rows Removed by Filter": 569, "Actual Rows": 48328}], "Actual Rows": 48328}, {"Node Type": "Index Scan", "Parent Relationship": "Inner", "Scan Direction": "Forward", "Index Name": "title_pkey", "Relation Name": "title", "Alias": "t", "Startup Cost": 0.0, "Total Cost": 3.91, "Plan Rows": 1, "Plan Width": 21, "Actual Min Startup Time": 234.32, "Actual Max Startup Time": 234.32, "Actual Min Total Time": 234.32, "Actual Max Total Time": 234.32, "Index Cond": "(id = mc.movie_id)", "Rows Removed by Index Recheck": 0, "Actual Rows": 48328}], "Actual Rows": 48328}, {"Node Type": "Index Scan", "Parent Relationship": "Inner", "Scan Direction": "Forward", "Index Name": "movie_id_cast_info", "Relation Name": "cast_info", "Alias": "ci", "Startup Cost": 0.0, "Total Cost": 0.98, "Plan Rows": 1, "Plan Width": 12, "Actual Min Startup Time": 2991.583, "Actual Max Startup Time": 2991.583, "Actual Min Total Time": 3128.802, "Actual Max Total Time": 3128.802, "Index Cond": "(movie_id = t.id)", "Rows Removed by Index Recheck": 0, "Filter": "((note)::text = '(voice: English version)'::text)", "Rows Removed by Filter": 1531710, "Actual Rows": 19600}], "Actual Rows": 19600}], "Actual Rows": 19601}], "Actual Rows": 7438}, {"Node Type": "Index Scan", "Parent Relationship": "Inner", "Scan Direction": "Forward", "Index Name": "person_id_aka_name", "Relation Name": "aka_name", "Alias": "an1", "Startup Cost": 0.0, "Total Cost": 0.84, "Plan Rows": 1, "Plan Width": 20, "Actual Min Startup Time": 24.061, "Actual Max Startup Time": 24.061, "Actual Min Total Time": 31.156, "Actual Max Total Time": 31.156, "Index Cond": "(person_id = ci.person_id)", "Rows Removed by Index Recheck": 0, "Actual Rows": 17379}], "Actual Rows": 17379}, {"Node Type": "Index Scan", "Parent Relationship": "Inner", "Scan Direction": "Forward", "Index Name": "name_pkey", "Relation Name": "name", "Alias": "n1", "Startup Cost": 0.0, "Total Cost": 0.57, "Plan Rows": 1, "Plan Width": 4, "Actual Min Startup Time": 59.136, "Actual Max Startup Time": 59.136, "Actual Min Total Time": 59.136, "Actual Max Total Time": 59.136, "Index Cond": "(id = an1.person_id)", "Rows Removed by Index Recheck": 0, "Filter": "(((name)::text ~~ '%Yo%'::text) AND ((name)::text !~~ '%Yu%'::text))", "Rows Removed by Filter": 17317, "Actual Rows": 62}], "Actual Rows": 62}], "Actual Rows": 1}, "Triggers": [], "Planner Runtime": 21, "Total Runtime": 3866.367, "Unique SQL Id": 3544391839}}, "(16, 25)": {"explain_plan": {"Plan": {"Node Type": "Aggregate", "Strategy": "Plain", "Startup Cost": 110825.24, "Total Cost": 110825.25, "Plan Rows": 1, "Plan Width": 97, "Plans": [{"Node Type": "Nested Loop", "Parent Relationship": "Outer", "Join Type": "Inner", "Startup Cost": 0.0, "Total Cost": 110824.76, "Plan Rows": 96, "Plan Width": 33, "Inner Unique": true, "Plans": [{"Node Type": "Nested Loop", "Parent Relationship": "Outer", "Join Type": "Inner", "Startup Cost": 0.0, "Total Cost": 110449.22, "Plan Rows": 645, "Plan Width": 41, "Inner Unique": false, "Plans": [{"Node Type": "Nested Loop", "Parent Relationship": "Outer", "Join Type": "Inner", "Startup Cost": 0.0, "Total Cost": 109995.01, "Plan Rows": 532, "Plan Width": 21, "Inner Unique": false, "Join Filter": "(ci.role_id = rt.id)", "Plans": [{"Node Type": "Index Scan", "Parent Relationship": "Outer", "Scan Direction": "Forward", "Index Name": "role_type_pkey", "Relation Name": "role_type", "Alias": "rt", "Startup Cost": 0.0, "Total Cost": 12.46, "Plan Rows": 1, "Plan Width": 4, "Filter": "((role)::text = 'actress'::text)"}, {"Node Type": "Nested Loop", "Parent Relationship": "Inner", "Join Type": "Inner", "Startup Cost": 0.0, "Total Cost": 109909.47, "Plan Rows": 5847, "Plan Width": 25, "Inner Unique": false, "Plans": [{"Node Type": "Nested Loop", "Parent Relationship": "Outer", "Join Type": "Inner", "Startup Cost": 0.0, "Total Cost": 104166.87, "Plan Rows": 5775, "Plan Width": 25, "Inner Unique": true, "Plans": [{"Node Type": "Nested Loop", "Parent Relationship": "Outer", "Join Type": "Inner", "Startup Cost": 0.0, "Total Cost": 81519.78, "Plan Rows": 5775, "Plan Width": 4, "Inner Unique": false, "Plans": [{"Node Type": "Index Scan", "Parent Relationship": "Outer", "Scan Direction": "Forward", "Index Name": "company_name_pkey", "Relation Name": "company_name", "Alias": "cn", "Startup Cost": 0.0, "Total Cost": 10501.39, "Plan Rows": 6290, "Plan Width": 4, "Filter": "((country_code)::text = '[jp]'::text)"}, {"Node Type": "Index Scan", "Parent Relationship": "Inner", "Scan Direction": "Forward", "Index Name": "company_id_movie_companies", "Relation Name": "movie_companies", "Alias": "mc", "Startup Cost": 0.0, "Total Cost": 11.28, "Plan Rows": 1, "Plan Width": 8, "Index Cond": "(company_id = cn.id)", "Filter": "(((note)::text ~~ '%(Japan)%'::text) AND ((note)::text !~~ '%(USA)%'::text))"}]}, {"Node Type": "Index Scan", "Parent Relationship": "Inner", "Scan Direction": "Forward", "Index Name": "title_pkey", "Relation Name": "title", "Alias": "t", "Startup Cost": 0.0, "Total Cost": 3.91, "Plan Rows": 1, "Plan Width": 21, "Index Cond": "(id = mc.movie_id)"}]}, {"Node Type": "Index Scan", "Parent Relationship": "Inner", "Scan Direction": "Forward", "Index Name": "movie_id_cast_info", "Relation Name": "cast_info", "Alias": "ci", "Startup Cost": 0.0, "Total Cost": 0.98, "Plan Rows": 1, "Plan Width": 12, "Index Cond": "(movie_id = t.id)", "Filter": "((note)::text = '(voice: English version)'::text)"}]}]}, {"Node Type": "Index Scan", "Parent Relationship": "Inner", "Scan Direction": "Forward", "Index Name": "person_id_aka_name", "Relation Name": "aka_name", "Alias": "an1", "Startup Cost": 0.0, "Total Cost": 0.84, "Plan Rows": 1, "Plan Width": 20, "Index Cond": "(person_id = ci.person_id)"}]}, {"Node Type": "Index Scan", "Parent Relationship": "Inner", "Scan Direction": "Forward", "Index Name": "name_pkey", "Relation Name": "name", "Alias": "n1", "Startup Cost": 0.0, "Total Cost": 0.57, "Plan Rows": 1, "Plan Width": 4, "Index Cond": "(id = an1.person_id)", "Filter": "(((name)::text ~~ '%Yo%'::text) AND ((name)::text !~~ '%Yu%'::text))"}]}]}, "Unique SQL Id": 3544391839, "Planner Runtime": 24}, "explain_analyze_plan": {"Plan": {"Node Type": "Aggregate", "Strategy": "Plain", "Startup Cost": 110825.24, "Total Cost": 110825.25, "Plan Rows": 1, "Plan Width": 97, "Actual Startup Time": 4334.909, "Actual Total Time": 4334.909, "Actual Rows": 1, "Actual Loops": 1, "Plans": [{"Node Type": "Nested Loop", "Parent Relationship": "Outer", "Join Type": "Inner", "Startup Cost": 0.0, "Total Cost": 110824.76, "Plan Rows": 96, "Plan Width": 33, "Actual Startup Time": 5.577, "Actual Total Time": 4334.505, "Actual Rows": 62, "Actual Loops": 1, "Inner Unique": true, "Plans": [{"Node Type": "Nested Loop", "Parent Relationship": "Outer", "Join Type": "Inner", "Startup Cost": 0.0, "Total Cost": 110449.22, "Plan Rows": 645, "Plan Width": 41, "Actual Startup Time": 0.394, "Actual Total Time": 4255.845, "Actual Rows": 17379, "Actual Loops": 1, "Inner Unique": false, "Plans": [{"Node Type": "Nested Loop", "Parent Relationship": "Outer", "Join Type": "Inner", "Startup Cost": 0.0, "Total Cost": 109995.01, "Plan Rows": 532, "Plan Width": 21, "Actual Startup Time": 0.38, "Actual Total Time": 4204.433, "Actual Rows": 7438, "Actual Loops": 1, "Inner Unique": false, "Join Filter": "(ci.role_id = rt.id)", "Rows Removed by Join Filter": 12162, "Plans": [{"Node Type": "Index Scan", "Parent Relationship": "Outer", "Scan Direction": "Forward", "Index Name": "role_type_pkey", "Relation Name": "role_type", "Alias": "rt", "Startup Cost": 0.0, "Total Cost": 12.46, "Plan Rows": 1, "Plan Width": 4, "Actual Startup Time": 0.018, "Actual Total Time": 0.027, "Actual Rows": 1, "Actual Loops": 1, "Filter": "((role)::text = 'actress'::text)", "Rows Removed by Filter": 11}, {"Node Type": "Nested Loop", "Parent Relationship": "Inner", "Join Type": "Inner", "Startup Cost": 0.0, "Total Cost": 109909.47, "Plan Rows": 5847, "Plan Width": 25, "Actual Startup Time": 0.358, "Actual Total Time": 4199.306, "Actual Rows": 19600, "Actual Loops": 1, "Inner Unique": false, "Plans": [{"Node Type": "Nested Loop", "Parent Relationship": "Outer", "Join Type": "Inner", "Startup Cost": 0.0, "Total Cost": 104166.87, "Plan Rows": 5775, "Plan Width": 25, "Actual Startup Time": 0.275, "Actual Total Time": 889.755, "Actual Rows": 48328, "Actual Loops": 1, "Inner Unique": true, "Plans": [{"Node Type": "Nested Loop", "Parent Relationship": "Outer", "Join Type": "Inner", "Startup Cost": 0.0, "Total Cost": 81519.78, "Plan Rows": 5775, "Plan Width": 4, "Actual Startup Time": 0.261, "Actual Total Time": 540.545, "Actual Rows": 48328, "Actual Loops": 1, "Inner Unique": false, "Plans": [{"Node Type": "Index Scan", "Parent Relationship": "Outer", "Scan Direction": "Forward", "Index Name": "company_name_pkey", "Relation Name": "company_name", "Alias": "cn", "Startup Cost": 0.0, "Total Cost": 10501.39, "Plan Rows": 6290, "Plan Width": 4, "Actual Startup Time": 0.221, "Actual Total Time": 300.895, "Actual Rows": 6752, "Actual Loops": 1, "Filter": "((country_code)::text = '[jp]'::text)", "Rows Removed by Filter": 228244}, {"Node Type": "Index Scan", "Parent Relationship": "Inner", "Scan Direction": "Forward", "Index Name": "company_id_movie_companies", "Relation Name": "movie_companies", "Alias": "mc", "Startup Cost": 0.0, "Total Cost": 11.28, "Plan Rows": 1, "Plan Width": 8, "Actual Startup Time": 57.676, "Actual Total Time": 223.783, "Actual Rows": 48328, "Actual Loops": 6752, "Index Cond": "(company_id = cn.id)", "Rows Removed by Index Recheck": 0, "Filter": "(((note)::text ~~ '%(Japan)%'::text) AND ((note)::text !~~ '%(USA)%'::text))", "Rows Removed by Filter": 56667}]}, {"Node Type": "Index Scan", "Parent Relationship": "Inner", "Scan Direction": "Forward", "Index Name": "title_pkey", "Relation Name": "title", "Alias": "t", "Startup Cost": 0.0, "Total Cost": 3.91, "Plan Rows": 1, "Plan Width": 21, "Actual Startup Time": 308.126, "Actual Total Time": 308.126, "Actual Rows": 48328, "Actual Loops": 48328, "Index Cond": "(id = mc.movie_id)", "Rows Removed by Index Recheck": 0}]}, {"Node Type": "Index Scan", "Parent Relationship": "Inner", "Scan Direction": "Forward", "Index Name": "movie_id_cast_info", "Relation Name": "cast_info", "Alias": "ci", "Startup Cost": 0.0, "Total Cost": 0.98, "Plan Rows": 1, "Plan Width": 12, "Actual Startup Time": 3136.12, "Actual Total Time": 3279.716, "Actual Rows": 19600, "Actual Loops": 48328, "Index Cond": "(movie_id = t.id)", "Rows Removed by Index Recheck": 0, "Filter": "((note)::text = '(voice: English version)'::text)", "Rows Removed by Filter": 1531710}]}]}, {"Node Type": "Index Scan", "Parent Relationship": "Inner", "Scan Direction": "Forward", "Index Name": "person_id_aka_name", "Relation Name": "aka_name", "Alias": "an1", "Startup Cost": 0.0, "Total Cost": 0.84, "Plan Rows": 1, "Plan Width": 20, "Actual Startup Time": 34.14, "Actual Total Time": 42.585, "Actual Rows": 17379, "Actual Loops": 7438, "Index Cond": "(person_id = ci.person_id)", "Rows Removed by Index Recheck": 0}]}, {"Node Type": "Index Scan", "Parent Relationship": "Inner", "Scan Direction": "Forward", "Index Name": "name_pkey", "Relation Name": "name", "Alias": "n1", "Startup Cost": 0.0, "Total Cost": 0.57, "Plan Rows": 1, "Plan Width": 4, "Actual Startup Time": 69.867, "Actual Total Time": 69.867, "Actual Rows": 62, "Actual Loops": 17379, "Index Cond": "(id = an1.person_id)", "Rows Removed by Index Recheck": 0, "Filter": "(((name)::text ~~ '%Yo%'::text) AND ((name)::text !~~ '%Yu%'::text))", "Rows Removed by Filter": 17317}]}]}, "Triggers": [], "Planner Runtime": 25, "Total Runtime": 4335.62, "Unique SQL Id": 3544391839}}, "(16, 26)": {"explain_plan": {"Plan": {"Node Type": "Aggregate", "Strategy": "Plain", "Startup Cost": 315493.8, "Total Cost": 315493.82, "Plan Rows": 1, "Plan Width": 97, "Plans": [{"Node Type": "Streaming(type: LOCAL GATHER dop: 1/16)", "Parent Relationship": "Outer", "Startup Cost": 315493.8, "Total Cost": 315493.82, "Plan Rows": 1, "Plan Width": 97, "Plans": [{"Node Type": "Aggregate", "Strategy": "Plain", "Parent Relationship": "Outer", "Startup Cost": 315493.8, "Total Cost": 315493.81, "Plan Rows": 1, "Plan Width": 97, "Plans": [{"Node Type": "Nested Loop", "Parent Relationship": "Outer", "Join Type": "Inner", "Startup Cost": 0.0, "Total Cost": 315493.74, "Plan Rows": 12, "Plan Width": 33, "Inner Unique": true, "Join Filter": "(ci.movie_id = t.id)", "Plans": [{"Node Type": "Streaming(type: LOCAL REDISTRIBUTE dop: 16/16)", "Parent Relationship": "Outer", "Startup Cost": 0.0, "Total Cost": 270678.06, "Plan Rows": 12, "Plan Width": 24, "Plans": [{"Node Type": "Nested Loop", "Parent Relationship": "Outer", "Join Type": "Inner", "Startup Cost": 0.0, "Total Cost": 255678.01, "Plan Rows": 12, "Plan Width": 24, "Inner Unique": false, "Join Filter": "(n1.id = an1.person_id)", "Plans": [{"Node Type": "Streaming(type: LOCAL REDISTRIBUTE dop: 16/16)", "Parent Relationship": "Outer", "Startup Cost": 0.0, "Total Cost": 34659.52, "Plan Rows": 901342, "Plan Width": 20, "Plans": [{"Node Type": "Seq Scan", "Parent Relationship": "Outer", "Relation Name": "aka_name", "Alias": "an1", "Startup Cost": 0.0, "Total Cost": 16244.28, "Plan Rows": 901342, "Plan Width": 20}]}, {"Node Type": "Materialize", "Parent Relationship": "Inner", "Startup Cost": 0.0, "Total Cost": 216899.09, "Plan Rows": 78, "Plan Width": 16, "Plans": [{"Node Type": "Streaming(type: LOCAL REDISTRIBUTE dop: 16/16)", "Parent Relationship": "Outer", "Startup Cost": 0.0, "Total Cost": 216899.07, "Plan Rows": 78, "Plan Width": 16, "Plans": [{"Node Type": "Nested Loop", "Parent Relationship": "Outer", "Join Type": "Inner", "Startup Cost": 0.0, "Total Cost": 201898.77, "Plan Rows": 78, "Plan Width": 16, "Inner Unique": false, "Join Filter": "(mc.company_id = cn.id)", "Plans": [{"Node Type": "Streaming(type: BROADCAST dop: 16/1)", "Parent Relationship": "Outer", "Startup Cost": 0.0, "Total Cost": 23075.47, "Plan Rows": 100640, "Plan Width": 4, "Plans": [{"Node Type": "Seq Scan", "Parent Relationship": "Outer", "Relation Name": "company_name", "Alias": "cn", "Startup Cost": 0.0, "Total Cost": 5903.45, "Plan Rows": 6290, "Plan Width": 4, "Filter": "((country_code)::text = '[jp]'::text)"}]}, {"Node Type": "Materialize", "Parent Relationship": "Inner", "Startup Cost": 0.0, "Total Cost": 172602.27, "Plan Rows": 1055, "Plan Width": 20, "Plans": [{"Node Type": "Nested Loop", "Parent Relationship": "Outer", "Join Type": "Inner", "Startup Cost": 0.0, "Total Cost": 172601.94, "Plan Rows": 1055, "Plan Width": 20, "Inner Unique": false, "Join Filter": "(ci.movie_id = mc.movie_id)", "Plans": [{"Node Type": "Streaming(type: LOCAL REDISTRIBUTE dop: 16/16)", "Parent Relationship": "Outer", "Startup Cost": 0.0, "Total Cost": 33566.95, "Plan Rows": 36426, "Plan Width": 8, "Plans": [{"Node Type": "Seq Scan", "Parent Relationship": "Outer", "Relation Name": "movie_companies", "Alias": "mc", "Startup Cost": 0.0, "Total Cost": 18428.93, "Plan Rows": 36426, "Plan Width": 8, "Filter": "(((note)::text ~~ '%(Japan)%'::text) AND ((note)::text !~~ '%(USA)%'::text))"}]}, {"Node Type": "Materialize", "Parent Relationship": "Inner", "Startup Cost": 0.0, "Total Cost": 136275.49, "Plan Rows": 1293, "Plan Width": 12, "Plans": [{"Node Type": "Streaming(type: LOCAL REDISTRIBUTE dop: 16/16)", "Parent Relationship": "Outer", "Startup Cost": 0.0, "Total Cost": 136275.09, "Plan Rows": 1293, "Plan Width": 12, "Plans": [{"Node Type": "Nested Loop", "Parent Relationship": "Outer", "Join Type": "Inner", "Startup Cost": 0.0, "Total Cost": 121270.19, "Plan Rows": 1293, "Plan Width": 12, "Inner Unique": false, "Join Filter": "(ci.person_id = n1.id)", "Plans": [{"Node Type": "Streaming(type: LOCAL REDISTRIBUTE dop: 16/16)", "Parent Relationship": "Outer", "Startup Cost": 0.0, "Total Cost": 37171.95, "Plan Rows": 13886, "Plan Width": 4, "Plans": [{"Node Type": "Seq Scan", "Parent Relationship": "Outer", "Relation Name": "name", "Alias": "n1", "Startup Cost": 0.0, "Total Cost": 22119.33, "Plan Rows": 13886, "Plan Width": 4, "Filter": "(((name)::text ~~ '%Yo%'::text) AND ((name)::text !~~ '%Yu%'::text))"}]}, {"Node Type": "Materialize", "Parent Relationship": "Inner", "Startup Cost": 0.0, "Total Cost": 76947.78, "Plan Rows": 8790, "Plan Width": 8, "Plans": [{"Node Type": "Streaming(type: LOCAL REDISTRIBUTE dop: 16/1)", "Parent Relationship": "Outer", "Startup Cost": 0.0, "Total Cost": 76945.03, "Plan Rows": 8790, "Plan Width": 8, "Plans": [{"Node Type": "Nested Loop", "Parent Relationship": "Outer", "Join Type": "Inner", "Startup Cost": 0.0, "Total Cost": 61579.53, "Plan Rows": 8790, "Plan Width": 8, "Inner Unique": false, "Join Filter": "(ci.role_id = rt.id)", "Plans": [{"Node Type": "Seq Scan", "Parent Relationship": "Outer", "Relation Name": "role_type", "Alias": "rt", "Startup Cost": 0.0, "Total Cost": 1.15, "Plan Rows": 1, "Plan Width": 4, "Filter": "((role)::text = 'actress'::text)"}, {"Node Type": "Materialize", "Parent Relationship": "Inner", "Startup Cost": 0.0, "Total Cost": 60611.46, "Plan Rows": 96692, "Plan Width": 12, "Plans": [{"Node Type": "Streaming(type: LOCAL GATHER dop: 1/16)", "Parent Relationship": "Outer", "Startup Cost": 0.0, "Total Cost": 60369.73, "Plan Rows": 96692, "Plan Width": 12, "Plans": [{"Node Type": "Seq Scan", "Parent Relationship": "Outer", "Relation Name": "cast_info", "Alias": "ci", "Startup Cost": 0.0, "Total Cost": 58282.92, "Plan Rows": 96692, "Plan Width": 12, "Filter": "((note)::text = '(voice: English version)'::text)"}]}]}]}]}]}]}]}]}]}]}]}]}]}]}]}, {"Node Type": "Materialize", "Parent Relationship": "Inner", "Startup Cost": 0.0, "Total Cost": 49655.03, "Plan Rows": 2528311, "Plan Width": 21, "Plans": [{"Node Type": "Streaming(type: LOCAL REDISTRIBUTE dop: 16/16)", "Parent Relationship": "Outer", "Startup Cost": 0.0, "Total Cost": 43334.25, "Plan Rows": 2528311, "Plan Width": 21, "Plans": [{"Node Type": "Seq Scan", "Parent Relationship": "Outer", "Relation Name": "title", "Alias": "t", "Startup Cost": 0.0, "Total Cost": 18754.32, "Plan Rows": 2528311, "Plan Width": 21}]}]}]}]}]}]}, "Unique SQL Id": 3544391839, "Planner Runtime": 19}, "explain_analyze_plan": {"Plan": {"Node Type": "Aggregate", "Strategy": "Plain", "Startup Cost": 315493.8, "Total Cost": 315493.82, "Plan Rows": 1, "Plan Width": 97, "Actual Min Startup Time": 3137.93, "Actual Max Startup Time": 3137.93, "Actual Min Total Time": 3137.93, "Actual Max Total Time": 3137.93, "Plans": [{"Node Type": "Streaming(type: LOCAL GATHER dop: 1/16)", "Parent Relationship": "Outer", "Startup Cost": 315493.8, "Total Cost": 315493.82, "Plan Rows": 1, "Plan Width": 97, "Actual Min Startup Time": 2806.801, "Actual Max Startup Time": 2806.801, "Actual Min Total Time": 3137.819, "Actual Max Total Time": 3137.819, "Plans": [{"Node Type": "Aggregate", "Strategy": "Plain", "Parent Relationship": "Outer", "Startup Cost": 315493.8, "Total Cost": 315493.81, "Plan Rows": 1, "Plan Width": 97, "Actual Min Startup Time": 2594.527, "Actual Max Startup Time": 2943.788, "Actual Min Total Time": 2594.527, "Actual Max Total Time": 2943.788, "Plans": [{"Node Type": "Nested Loop", "Parent Relationship": "Outer", "Join Type": "Inner", "Startup Cost": 0.0, "Total Cost": 315493.74, "Plan Rows": 12, "Plan Width": 33, "Actual Min Startup Time": 2594.521, "Actual Max Startup Time": 2703.086, "Actual Min Total Time": 2594.521, "Actual Max Total Time": 2943.734, "Inner Unique": true, "Join Filter": "(ci.movie_id = t.id)", "Rows Removed by Join Filter": 6598339, "Plans": [{"Node Type": "Streaming(type: LOCAL REDISTRIBUTE dop: 16/16)", "Parent Relationship": "Outer", "Startup Cost": 0.0, "Total Cost": 270678.06, "Plan Rows": 12, "Plan Width": 24, "Actual Min Startup Time": 96.319, "Actual Max Startup Time": 97.65, "Actual Min Total Time": 96.332, "Actual Max Total Time": 97.657, "Plans": [{"Node Type": "Nested Loop", "Parent Relationship": "Outer", "Join Type": "Inner", "Startup Cost": 0.0, "Total Cost": 255678.01, "Plan Rows": 12, "Plan Width": 24, "Actual Min Startup Time": 2336.107, "Actual Max Startup Time": 2622.806, "Actual Min Total Time": 2573.033, "Actual Max Total Time": 2622.806, "Inner Unique": false, "Join Filter": "(n1.id = an1.person_id)", "Rows Removed by Join Filter": 2146385, "Plans": [{"Node Type": "Streaming(type: LOCAL REDISTRIBUTE dop: 16/16)", "Parent Relationship": "Outer", "Startup Cost": 0.0, "Total Cost": 34659.52, "Plan Rows": 901342, "Plan Width": 20, "Actual Min Startup Time": 0.062, "Actual Max Startup Time": 0.458, "Actual Min Total Time": 13.587, "Actual Max Total Time": 511.967, "Plans": [{"Node Type": "Seq Scan", "Parent Relationship": "Outer", "Relation Name": "aka_name", "Alias": "an1", "Startup Cost": 0.0, "Total Cost": 16244.28, "Plan Rows": 901342, "Plan Width": 20, "Actual Min Startup Time": 0.018, "Actual Max Startup Time": 0.031, "Actual Min Total Time": 15.456, "Actual Max Total Time": 18.267, "Actual Rows": 901342}], "Actual Rows": 901342}, {"Node Type": "Materialize", "Parent Relationship": "Inner", "Startup Cost": 0.0, "Total Cost": 216899.09, "Plan Rows": 78, "Plan Width": 16, "Actual Min Startup Time": 2052.283, "Actual Max Startup Time": 2102.732, "Actual Min Total Time": 2052.283, "Actual Max Total Time": 2243.988, "Plans": [{"Node Type": "Streaming(type: LOCAL REDISTRIBUTE dop: 16/16)", "Parent Relationship": "Outer", "Startup Cost": 0.0, "Total Cost": 216899.07, "Plan Rows": 78, "Plan Width": 16, "Actual Min Startup Time": 2045.734, "Actual Max Startup Time": 2095.483, "Actual Min Total Time": 2045.734, "Actual Max Total Time": 2095.483, "Plans": [{"Node Type": "Nested Loop", "Parent Relationship": "Outer", "Join Type": "Inner", "Startup Cost": 0.0, "Total Cost": 201898.77, "Plan Rows": 78, "Plan Width": 16, "Actual Min Startup Time": 1942.203, "Actual Max Startup Time": 2129.118, "Actual Min Total Time": 2045.463, "Actual Max Total Time": 2129.118, "Inner Unique": false, "Join Filter": "(mc.company_id = cn.id)", "Rows Removed by Join Filter": 263290, "Plans": [{"Node Type": "Streaming(type: BROADCAST dop: 16/1)", "Parent Relationship": "Outer", "Startup Cost": 0.0, "Total Cost": 23075.47, "Plan Rows": 100640, "Plan Width": 4, "Actual Min Startup Time": 0.035, "Actual Max Startup Time": 0.073, "Actual Min Total Time": 111.675, "Actual Max Total Time": 124.699, "Plans": [{"Node Type": "Seq Scan", "Parent Relationship": "Outer", "Relation Name": "company_name", "Alias": "cn", "Startup Cost": 0.0, "Total Cost": 5903.45, "Plan Rows": 6290, "Plan Width": 4, "Actual Min Startup Time": 0.047, "Actual Max Startup Time": 0.047, "Actual Min Total Time": 83.597, "Actual Max Total Time": 83.597, "Filter": "((country_code)::text = '[jp]'::text)", "Rows Removed by Filter": 228244, "Actual Rows": 6752}], "Actual Rows": 108032}, {"Node Type": "Materialize", "Parent Relationship": "Inner", "Startup Cost": 0.0, "Total Cost": 172602.27, "Plan Rows": 1055, "Plan Width": 20, "Actual Min Startup Time": 1919.647, "Actual Max Startup Time": 2003.378, "Actual Min Total Time": 1919.647, "Actual Max Total Time": 2005.205, "Plans": [{"Node Type": "Nested Loop", "Parent Relationship": "Outer", "Join Type": "Inner", "Startup Cost": 0.0, "Total Cost": 172601.94, "Plan Rows": 1055, "Plan Width": 20, "Actual Min Startup Time": 1867.163, "Actual Max Startup Time": 2002.577, "Actual Min Total Time": 1919.045, "Actual Max Total Time": 2002.787, "Inner Unique": false, "Join Filter": "(ci.movie_id = mc.movie_id)", "Rows Removed by Join Filter": 1205748, "Plans": [{"Node Type": "Streaming(type: LOCAL REDISTRIBUTE dop: 16/16)", "Parent Relationship": "Outer", "Startup Cost": 0.0, "Total Cost": 33566.95, "Plan Rows": 36426, "Plan Width": 8, "Actual Min Startup Time": 0.063, "Actual Max Startup Time": 3.326, "Actual Min Total Time": 45.579, "Actual Max Total Time": 61.044, "Plans": [{"Node Type": "Seq Scan", "Parent Relationship": "Outer", "Relation Name": "movie_companies", "Alias": "mc", "Startup Cost": 0.0, "Total Cost": 18428.93, "Plan Rows": 36426, "Plan Width": 8, "Actual Min Startup Time": 0.054, "Actual Max Startup Time": 0.374, "Actual Min Total Time": 53.773, "Actual Max Total Time": 61.386, "Filter": "(((note)::text ~~ '%(Japan)%'::text) AND ((note)::text !~~ '%(USA)%'::text))", "Rows Removed by Filter": 2560231, "Actual Rows": 48897}], "Actual Rows": 48897}, {"Node Type": "Materialize", "Parent Relationship": "Inner", "Startup Cost": 0.0, "Total Cost": 136275.49, "Plan Rows": 1293, "Plan Width": 12, "Actual Min Startup Time": 1846.034, "Actual Max Startup Time": 1929.701, "Actual Min Total Time": 1850.159, "Actual Max Total Time": 1938.393, "Plans": [{"Node Type": "Streaming(type: LOCAL REDISTRIBUTE dop: 16/16)", "Parent Relationship": "Outer", "Startup Cost": 0.0, "Total Cost": 136275.09, "Plan Rows": 1293, "Plan Width": 12, "Actual Min Startup Time": 1788.172, "Actual Max Startup Time": 1871.809, "Actual Min Total Time": 1845.768, "Actual Max Total Time": 1929.411, "Plans": [{"Node Type": "Nested Loop", "Parent Relationship": "Outer", "Join Type": "Inner", "Startup Cost": 0.0, "Total Cost": 121270.19, "Plan Rows": 1293, "Plan Width": 12, "Actual Min Startup Time": 872.126, "Actual Max Startup Time": 1890.467, "Actual Min Total Time": 1797.572, "Actual Max Total Time": 1890.467, "Inner Unique": false, "Join Filter": "(ci.person_id = n1.id)", "Rows Removed by Join Filter": 45591108, "Plans": [{"Node Type": "Streaming(type: LOCAL REDISTRIBUTE dop: 16/16)", "Parent Relationship": "Outer", "Startup Cost": 0.0, "Total Cost": 37171.95, "Plan Rows": 13886, "Plan Width": 4, "Actual Min Startup Time": 0.035, "Actual Max Startup Time": 0.07, "Actual Min Total Time": 0.522, "Actual Max Total Time": 721.482, "Plans": [{"Node Type": "Seq Scan", "Parent Relationship": "Outer", "Relation Name": "name", "Alias": "n1", "Startup Cost": 0.0, "Total Cost": 22119.33, "Plan Rows": 13886, "Plan Width": 4, "Actual Min Startup Time": 0.055, "Actual Max Startup Time": 1.696, "Actual Min Total Time": 100.612, "Actual Max Total Time": 106.512, "Filter": "(((name)::text ~~ '%Yo%'::text) AND ((name)::text !~~ '%Yu%'::text))", "Rows Removed by Filter": 4146579, "Actual Rows": 20911}], "Actual Rows": 20911}, {"Node Type": "Materialize", "Parent Relationship": "Inner", "Startup Cost": 0.0, "Total Cost": 76947.78, "Plan Rows": 8790, "Plan Width": 8, "Actual Min Startup Time": 677.558, "Actual Max Startup Time": 773.834, "Actual Min Total Time": 835.464, "Actual Max Total Time": 1096.272, "Plans": [{"Node Type": "Streaming(type: LOCAL REDISTRIBUTE dop: 16/1)", "Parent Relationship": "Outer", "Startup Cost": 0.0, "Total Cost": 76945.03, "Plan Rows": 8790, "Plan Width": 8, "Actual Min Startup Time": 640.194, "Actual Max Startup Time": 737.495, "Actual Min Total Time": 677.077, "Actual Max Total Time": 773.454, "Plans": [{"Node Type": "Nested Loop", "Parent Relationship": "Outer", "Join Type": "Inner", "Startup Cost": 0.0, "Total Cost": 61579.53, "Plan Rows": 8790, "Plan Width": 8, "Actual Min Startup Time": 671.514, "Actual Max Startup Time": 671.514, "Actual Min Total Time": 688.184, "Actual Max Total Time": 688.184, "Inner Unique": false, "Join Filter": "(ci.role_id = rt.id)", "Rows Removed by Join Filter": 58247, "Plans": [{"Node Type": "Seq Scan", "Parent Relationship": "Outer", "Relation Name": "role_type", "Alias": "rt", "Startup Cost": 0.0, "Total Cost": 1.15, "Plan Rows": 1, "Plan Width": 4, "Actual Min Startup Time": 0.066, "Actual Max Startup Time": 0.066, "Actual Min Total Time": 0.074, "Actual Max Total Time": 0.074, "Filter": "((role)::text = 'actress'::text)", "Rows Removed by Filter": 11, "Actual Rows": 1}, {"Node Type": "Materialize", "Parent Relationship": "Inner", "Startup Cost": 0.0, "Total Cost": 60611.46, "Plan Rows": 96692, "Plan Width": 12, "Actual Min Startup Time": 654.932, "Actual Max Startup Time": 654.932, "Actual Min Total Time": 664.855, "Actual Max Total Time": 664.855, "Plans": [{"Node Type": "Streaming(type: LOCAL GATHER dop: 1/16)", "Parent Relationship": "Outer", "Startup Cost": 0.0, "Total Cost": 60369.73, "Plan Rows": 96692, "Plan Width": 12, "Actual Min Startup Time": 0.071, "Actual Max Startup Time": 0.071, "Actual Min Total Time": 641.173, "Actual Max Total Time": 641.173, "Plans": [{"Node Type": "Seq Scan", "Parent Relationship": "Outer", "Relation Name": "cast_info", "Alias": "ci", "Startup Cost": 0.0, "Total Cost": 58282.92, "Plan Rows": 96692, "Plan Width": 12, "Actual Min Startup Time": 0.069, "Actual Max Startup Time": 2.946, "Actual Min Total Time": 606.417, "Actual Max Total Time": 649.451, "Filter": "((note)::text = '(voice: English version)'::text)", "Rows Removed by Filter": 36151248, "Actual Rows": 93095}], "Actual Rows": 93095}], "Actual Rows": 93096}], "Actual Rows": 34848}], "Actual Rows": 34848}], "Actual Rows": 45591518}], "Actual Rows": 394}], "Actual Rows": 394}], "Actual Rows": 1205803}], "Actual Rows": 39}], "Actual Rows": 263340}], "Actual Rows": 38}], "Actual Rows": 38}], "Actual Rows": 2146450}], "Actual Rows": 62}], "Actual Rows": 62}, {"Node Type": "Materialize", "Parent Relationship": "Inner", "Startup Cost": 0.0, "Total Cost": 49655.03, "Plan Rows": 2528311, "Plan Width": 21, "Actual Min Startup Time": 2493.626, "Actual Max Startup Time": 2573.696, "Actual Min Total Time": 2493.626, "Actual Max Total Time": 2665.938, "Plans": [{"Node Type": "Streaming(type: LOCAL REDISTRIBUTE dop: 16/16)", "Parent Relationship": "Outer", "Startup Cost": 0.0, "Total Cost": 43334.25, "Plan Rows": 2528311, "Plan Width": 21, "Actual Min Startup Time": 0.056, "Actual Max Startup Time": 33.889, "Actual Min Total Time": 2468.55, "Actual Max Total Time": 2549.729, "Plans": [{"Node Type": "Seq Scan", "Parent Relationship": "Outer", "Relation Name": "title", "Alias": "t", "Startup Cost": 0.0, "Total Cost": 18754.32, "Plan Rows": 2528311, "Plan Width": 21, "Actual Min Startup Time": 0.017, "Actual Max Startup Time": 0.031, "Actual Min Total Time": 47.36, "Actual Max Total Time": 50.396, "Actual Rows": 2528311}], "Actual Rows": 2528311}], "Actual Rows": 6598417}], "Actual Rows": 62}], "Actual Rows": 16}], "Actual Rows": 16}], "Actual Rows": 1}, "Triggers": [], "Planner Runtime": 15, "Total Runtime": 3170.296, "Unique SQL Id": 3544391839}}, "(16, 27)": {"explain_plan": {"Plan": {"Node Type": "Aggregate", "Strategy": "Plain", "Startup Cost": 6721053364161.28, "Total Cost": 6721053364161.29, "Plan Rows": 1, "Plan Width": 97, "Plans": [{"Node Type": "Merge Join", "Parent Relationship": "Outer", "Join Type": "Inner", "Startup Cost": 70051235465.84, "Total Cost": 6721053364158.05, "Plan Rows": 646, "Plan Width": 33, "Inner Unique": true, "Merge Cond": "(ci.movie_id = t.id)", "Plans": [{"Node Type": "Nested Loop", "Parent Relationship": "Outer", "Join Type": "Inner", "Startup Cost": 60051235465.84, "Total Cost": 5721925336380.1, "Plan Rows": 646, "Plan Width": 24, "Inner Unique": true, "Join Filter": "(mc.company_id = cn.id)", "Plans": [{"Node Type": "Nested Loop", "Parent Relationship": "Outer", "Join Type": "Inner", "Startup Cost": 50051235465.84, "Total Cost": 4721924164513.91, "Plan Rows": 1290, "Plan Width": 28, "Inner Unique": false, "Join Filter": "(ci.movie_id = mc.movie_id)", "Plans": [{"Node Type": "Index Scan", "Parent Relationship": "Outer", "Scan Direction": "Forward", "Index Name": "movie_id_movie_companies", "Relation Name": "movie_companies", "Alias": "mc", "Startup Cost": 10000000000.0, "Total Cost": 1000014356510.13, "Plan Rows": 36426, "Plan Width": 8, "Filter": "(((note)::text ~~ '%(Japan)%'::text) AND ((note)::text !~~ '%(USA)%'::text))"}, {"Node Type": "Materialize", "Parent Relationship": "Inner", "Startup Cost": 40051235465.84, "Total Cost": 3721908955639.28, "Plan Rows": 1560, "Plan Width": 20, "Plans": [{"Node Type": "Nested Loop", "Parent Relationship": "Outer", "Join Type": "Inner", "Startup Cost": 40051235465.84, "Total Cost": 3721908955631.48, "Plan Rows": 1560, "Plan Width": 20, "Inner Unique": true, "Join Filter": "(ci.role_id = rt.id)", "Plans": [{"Node Type": "Merge Join", "Parent Relationship": "Outer", "Join Type": "Inner", "Startup Cost": 30051235465.84, "Total Cost": 2721908954128.06, "Plan Rows": 17161, "Plan Width": 24, "Inner Unique": false, "Merge Cond": "(an1.person_id = ci.person_id)", "Plans": [{"Node Type": "Merge Join", "Parent Relationship": "Outer", "Join Type": "Inner", "Startup Cost": 20030754356.47, "Total Cost": 2000026606025.89, "Plan Rows": 16627, "Plan Width": 24, "Inner Unique": true, "Merge Cond": "(an1.person_id = n1.id)", "Plans": [{"Node Type": "Index Scan", "Parent Relationship": "Outer", "Scan Direction": "Forward", "Index Name": "person_id_aka_name", "Relation Name": "aka_name", "Alias": "an1", "Startup Cost": 10000000000.0, "Total Cost": 1000006896503.43, "Plan Rows": 901342, "Plan Width": 20}, {"Node Type": "Materialize", "Parent Relationship": "Inner", "Startup Cost": 10000000000.0, "Total Cost": 1000019707054.42, "Plan Rows": 13886, "Plan Width": 4, "Plans": [{"Node Type": "Index Scan", "Parent Relationship": "Outer", "Scan Direction": "Forward", "Index Name": "name_pkey", "Relation Name": "name", "Alias": "n1", "Startup Cost": 10000000000.0, "Total Cost": 1000019707019.7, "Plan Rows": 13886, "Plan Width": 4, "Filter": "(((name)::text ~~ '%Yo%'::text) AND ((name)::text !~~ '%Yu%'::text))"}]}]}, {"Node Type": "Index Scan", "Parent Relationship": "Inner", "Scan Direction": "Forward", "Index Name": "person_id_cast_info", "Relation Name": "cast_info", "Alias": "ci", "Startup Cost": 10000000000.0, "Total Cost": 1000179713706.71, "Plan Rows": 96692, "Plan Width": 12, "Filter": "((note)::text = '(voice: English version)'::text)"}]}, {"Node Type": "Materialize", "Parent Relationship": "Inner", "Startup Cost": 10000000000.0, "Total Cost": 1000000001246.0, "Plan Rows": 1, "Plan Width": 4, "Plans": [{"Node Type": "Index Scan", "Parent Relationship": "Outer", "Scan Direction": "Forward", "Index Name": "role_type_pkey", "Relation Name": "role_type", "Alias": "rt", "Startup Cost": 10000000000.0, "Total Cost": 1000000001246.0, "Plan Rows": 1, "Plan Width": 4, "Filter": "((role)::text = 'actress'::text)"}]}]}]}]}, {"Node Type": "Materialize", "Parent Relationship": "Inner", "Startup Cost": 10000000000.0, "Total Cost": 1000001050170.42, "Plan Rows": 6290, "Plan Width": 4, "Plans": [{"Node Type": "Index Scan", "Parent Relationship": "Outer", "Scan Direction": "Forward", "Index Name": "company_name_pkey", "Relation Name": "company_name", "Alias": "cn", "Startup Cost": 10000000000.0, "Total Cost": 1000001050138.97, "Plan Rows": 6290, "Plan Width": 4, "Filter": "((country_code)::text = '[jp]'::text)"}]}]}, {"Node Type": "Index Scan", "Parent Relationship": "Inner", "Scan Direction": "Forward", "Index Name": "title_pkey", "Relation Name": "title", "Alias": "t", "Startup Cost": 10000000000.0, "Total Cost": 1000011012048.91, "Plan Rows": 2528311, "Plan Width": 21}]}]}, "Unique SQL Id": 3544391839, "Planner Runtime": 98}, "explain_analyze_plan": null}, "(16, 28)": {"explain_plan": {"Plan": {"Node Type": "Aggregate", "Strategy": "Plain", "Startup Cost": 72267.58, "Total Cost": 72267.59, "Plan Rows": 1, "Plan Width": 97, "Plans": [{"Node Type": "Nested Loop", "Parent Relationship": "Outer", "Join Type": "Inner", "Startup Cost": 0.0, "Total Cost": 72267.1, "Plan Rows": 96, "Plan Width": 33, "Inner Unique": true, "Plans": [{"Node Type": "Nested Loop", "Parent Relationship": "Outer", "Join Type": "Inner", "Startup Cost": 0.0, "Total Cost": 71891.56, "Plan Rows": 645, "Plan Width": 41, "Inner Unique": false, "Plans": [{"Node Type": "Nested Loop", "Parent Relationship": "Outer", "Join Type": "Inner", "Startup Cost": 0.0, "Total Cost": 71437.35, "Plan Rows": 532, "Plan Width": 21, "Inner Unique": false, "Join Filter": "(ci.role_id = rt.id)", "Plans": [{"Node Type": "Seq Scan", "Parent Relationship": "Outer", "Relation Name": "role_type", "Alias": "rt", "Startup Cost": 0.0, "Total Cost": 1.15, "Plan Rows": 1, "Plan Width": 4, "Filter": "((role)::text = 'actress'::text)"}, {"Node Type": "Materialize", "Parent Relationship": "Inner", "Startup Cost": 0.0, "Total Cost": 71377.73, "Plan Rows": 5847, "Plan Width": 25, "Plans": [{"Node Type": "Nested Loop", "Parent Relationship": "Outer", "Join Type": "Inner", "Startup Cost": 0.0, "Total Cost": 71363.11, "Plan Rows": 5847, "Plan Width": 25, "Inner Unique": false, "Plans": [{"Node Type": "Nested Loop", "Parent Relationship": "Outer", "Join Type": "Inner", "Startup Cost": 0.0, "Total Cost": 65620.52, "Plan Rows": 5775, "Plan Width": 25, "Inner Unique": true, "Plans": [{"Node Type": "Nested Loop", "Parent Relationship": "Outer", "Join Type": "Inner", "Startup Cost": 0.0, "Total Cost": 42973.42, "Plan Rows": 5775, "Plan Width": 4, "Inner Unique": true, "Plans": [{"Node Type": "Streaming(type: LOCAL GATHER dop: 1/16)", "Parent Relationship": "Outer", "Startup Cost": 0.0, "Total Cost": 19215.08, "Plan Rows": 36426, "Plan Width": 8, "Plans": [{"Node Type": "Seq Scan", "Parent Relationship": "Outer", "Relation Name": "movie_companies", "Alias": "mc", "Startup Cost": 0.0, "Total Cost": 18428.93, "Plan Rows": 36426, "Plan Width": 8, "Filter": "(((note)::text ~~ '%(Japan)%'::text) AND ((note)::text !~~ '%(USA)%'::text))"}]}, {"Node Type": "Index Scan", "Parent Relationship": "Inner", "Scan Direction": "Forward", "Index Name": "company_name_pkey", "Relation Name": "company_name", "Alias": "cn", "Startup Cost": 0.0, "Total Cost": 0.64, "Plan Rows": 1, "Plan Width": 4, "Index Cond": "(id = mc.company_id)", "Filter": "((country_code)::text = '[jp]'::text)"}]}, {"Node Type": "Index Scan", "Parent Relationship": "Inner", "Scan Direction": "Forward", "Index Name": "title_pkey", "Relation Name": "title", "Alias": "t", "Startup Cost": 0.0, "Total Cost": 3.91, "Plan Rows": 1, "Plan Width": 21, "Index Cond": "(id = mc.movie_id)"}]}, {"Node Type": "Index Scan", "Parent Relationship": "Inner", "Scan Direction": "Forward", "Index Name": "movie_id_cast_info", "Relation Name": "cast_info", "Alias": "ci", "Startup Cost": 0.0, "Total Cost": 0.98, "Plan Rows": 1, "Plan Width": 12, "Index Cond": "(movie_id = t.id)", "Filter": "((note)::text = '(voice: English version)'::text)"}]}]}]}, {"Node Type": "Index Scan", "Parent Relationship": "Inner", "Scan Direction": "Forward", "Index Name": "person_id_aka_name", "Relation Name": "aka_name", "Alias": "an1", "Startup Cost": 0.0, "Total Cost": 0.84, "Plan Rows": 1, "Plan Width": 20, "Index Cond": "(person_id = ci.person_id)"}]}, {"Node Type": "Index Scan", "Parent Relationship": "Inner", "Scan Direction": "Forward", "Index Name": "name_pkey", "Relation Name": "name", "Alias": "n1", "Startup Cost": 0.0, "Total Cost": 0.57, "Plan Rows": 1, "Plan Width": 4, "Index Cond": "(id = an1.person_id)", "Filter": "(((name)::text ~~ '%Yo%'::text) AND ((name)::text !~~ '%Yu%'::text))"}]}]}, "Unique SQL Id": 3544391839, "Planner Runtime": 21}, "explain_analyze_plan": {"Plan": {"Node Type": "Aggregate", "Strategy": "Plain", "Startup Cost": 72267.58, "Total Cost": 72267.59, "Plan Rows": 1, "Plan Width": 97, "Actual Min Startup Time": 3863.137, "Actual Max Startup Time": 3863.137, "Actual Min Total Time": 3863.137, "Actual Max Total Time": 3863.137, "Plans": [{"Node Type": "Nested Loop", "Parent Relationship": "Outer", "Join Type": "Inner", "Startup Cost": 0.0, "Total Cost": 72267.1, "Plan Rows": 96, "Plan Width": 33, "Actual Min Startup Time": 3772.335, "Actual Max Startup Time": 3772.335, "Actual Min Total Time": 3863.055, "Actual Max Total Time": 3863.055, "Inner Unique": true, "Plans": [{"Node Type": "Nested Loop", "Parent Relationship": "Outer", "Join Type": "Inner", "Startup Cost": 0.0, "Total Cost": 71891.56, "Plan Rows": 645, "Plan Width": 41, "Actual Min Startup Time": 3748.16, "Actual Max Startup Time": 3748.16, "Actual Min Total Time": 3795.693, "Actual Max Total Time": 3795.693, "Inner Unique": false, "Plans": [{"Node Type": "Nested Loop", "Parent Relationship": "Outer", "Join Type": "Inner", "Startup Cost": 0.0, "Total Cost": 71437.35, "Plan Rows": 532, "Plan Width": 21, "Actual Min Startup Time": 3748.139, "Actual Max Startup Time": 3748.139, "Actual Min Total Time": 3756.869, "Actual Max Total Time": 3756.869, "Inner Unique": false, "Join Filter": "(ci.role_id = rt.id)", "Rows Removed by Join Filter": 12162, "Plans": [{"Node Type": "Seq Scan", "Parent Relationship": "Outer", "Relation Name": "role_type", "Alias": "rt", "Startup Cost": 0.0, "Total Cost": 1.15, "Plan Rows": 1, "Plan Width": 4, "Actual Min Startup Time": 0.039, "Actual Max Startup Time": 0.039, "Actual Min Total Time": 0.046, "Actual Max Total Time": 0.046, "Filter": "((role)::text = 'actress'::text)", "Rows Removed by Filter": 11, "Actual Rows": 1}, {"Node Type": "Materialize", "Parent Relationship": "Inner", "Startup Cost": 0.0, "Total Cost": 71377.73, "Plan Rows": 5847, "Plan Width": 25, "Actual Min Startup Time": 3748.088, "Actual Max Startup Time": 3748.088, "Actual Min Total Time": 3750.907, "Actual Max Total Time": 3750.907, "Plans": [{"Node Type": "Nested Loop", "Parent Relationship": "Outer", "Join Type": "Inner", "Startup Cost": 0.0, "Total Cost": 71363.11, "Plan Rows": 5847, "Plan Width": 25, "Actual Min Startup Time": 47.3, "Actual Max Startup Time": 47.3, "Actual Min Total Time": 3741.804, "Actual Max Total Time": 3741.804, "Inner Unique": false, "Plans": [{"Node Type": "Nested Loop", "Parent Relationship": "Outer", "Join Type": "Inner", "Startup Cost": 0.0, "Total Cost": 65620.52, "Plan Rows": 5775, "Plan Width": 25, "Actual Min Startup Time": 39.662, "Actual Max Startup Time": 39.662, "Actual Min Total Time": 582.989, "Actual Max Total Time": 582.989, "Inner Unique": true, "Plans": [{"Node Type": "Nested Loop", "Parent Relationship": "Outer", "Join Type": "Inner", "Startup Cost": 0.0, "Total Cost": 42973.42, "Plan Rows": 5775, "Plan Width": 4, "Actual Min Startup Time": 39.64, "Actual Max Startup Time": 39.64, "Actual Min Total Time": 308.527, "Actual Max Total Time": 308.527, "Inner Unique": true, "Plans": [{"Node Type": "Streaming(type: LOCAL GATHER dop: 1/16)", "Parent Relationship": "Outer", "Startup Cost": 0.0, "Total Cost": 19215.08, "Plan Rows": 36426, "Plan Width": 8, "Actual Min Startup Time": 39.592, "Actual Max Startup Time": 39.592, "Actual Min Total Time": 71.899, "Actual Max Total Time": 71.899, "Plans": [{"Node Type": "Seq Scan", "Parent Relationship": "Outer", "Relation Name": "movie_companies", "Alias": "mc", "Startup Cost": 0.0, "Total Cost": 18428.93, "Plan Rows": 36426, "Plan Width": 8, "Actual Min Startup Time": 0.04, "Actual Max Startup Time": 0.384, "Actual Min Total Time": 54.614, "Actual Max Total Time": 62.381, "Filter": "(((note)::text ~~ '%(Japan)%'::text) AND ((note)::text !~~ '%(USA)%'::text))", "Rows Removed by Filter": 2560231, "Actual Rows": 48897}], "Actual Rows": 48897}, {"Node Type": "Index Scan", "Parent Relationship": "Inner", "Scan Direction": "Forward", "Index Name": "company_name_pkey", "Relation Name": "company_name", "Alias": "cn", "Startup Cost": 0.0, "Total Cost": 0.64, "Plan Rows": 1, "Plan Width": 4, "Actual Min Startup Time": 196.934, "Actual Max Startup Time": 196.934, "Actual Min Total Time": 196.934, "Actual Max Total Time": 196.934, "Index Cond": "(id = mc.company_id)", "Rows Removed by Index Recheck": 0, "Filter": "((country_code)::text = '[jp]'::text)", "Rows Removed by Filter": 569, "Actual Rows": 48328}], "Actual Rows": 48328}, {"Node Type": "Index Scan", "Parent Relationship": "Inner", "Scan Direction": "Forward", "Index Name": "title_pkey", "Relation Name": "title", "Alias": "t", "Startup Cost": 0.0, "Total Cost": 3.91, "Plan Rows": 1, "Plan Width": 21, "Actual Min Startup Time": 234.32, "Actual Max Startup Time": 234.32, "Actual Min Total Time": 234.32, "Actual Max Total Time": 234.32, "Index Cond": "(id = mc.movie_id)", "Rows Removed by Index Recheck": 0, "Actual Rows": 48328}], "Actual Rows": 48328}, {"Node Type": "Index Scan", "Parent Relationship": "Inner", "Scan Direction": "Forward", "Index Name": "movie_id_cast_info", "Relation Name": "cast_info", "Alias": "ci", "Startup Cost": 0.0, "Total Cost": 0.98, "Plan Rows": 1, "Plan Width": 12, "Actual Min Startup Time": 2991.583, "Actual Max Startup Time": 2991.583, "Actual Min Total Time": 3128.802, "Actual Max Total Time": 3128.802, "Index Cond": "(movie_id = t.id)", "Rows Removed by Index Recheck": 0, "Filter": "((note)::text = '(voice: English version)'::text)", "Rows Removed by Filter": 1531710, "Actual Rows": 19600}], "Actual Rows": 19600}], "Actual Rows": 19601}], "Actual Rows": 7438}, {"Node Type": "Index Scan", "Parent Relationship": "Inner", "Scan Direction": "Forward", "Index Name": "person_id_aka_name", "Relation Name": "aka_name", "Alias": "an1", "Startup Cost": 0.0, "Total Cost": 0.84, "Plan Rows": 1, "Plan Width": 20, "Actual Min Startup Time": 24.061, "Actual Max Startup Time": 24.061, "Actual Min Total Time": 31.156, "Actual Max Total Time": 31.156, "Index Cond": "(person_id = ci.person_id)", "Rows Removed by Index Recheck": 0, "Actual Rows": 17379}], "Actual Rows": 17379}, {"Node Type": "Index Scan", "Parent Relationship": "Inner", "Scan Direction": "Forward", "Index Name": "name_pkey", "Relation Name": "name", "Alias": "n1", "Startup Cost": 0.0, "Total Cost": 0.57, "Plan Rows": 1, "Plan Width": 4, "Actual Min Startup Time": 59.136, "Actual Max Startup Time": 59.136, "Actual Min Total Time": 59.136, "Actual Max Total Time": 59.136, "Index Cond": "(id = an1.person_id)", "Rows Removed by Index Recheck": 0, "Filter": "(((name)::text ~~ '%Yo%'::text) AND ((name)::text !~~ '%Yu%'::text))", "Rows Removed by Filter": 17317, "Actual Rows": 62}], "Actual Rows": 62}], "Actual Rows": 1}, "Triggers": [], "Planner Runtime": 21, "Total Runtime": 3866.367, "Unique SQL Id": 3544391839}}, "(16, 29)": {"explain_plan": {"Plan": {"Node Type": "Aggregate", "Strategy": "Plain", "Startup Cost": 110825.24, "Total Cost": 110825.25, "Plan Rows": 1, "Plan Width": 97, "Plans": [{"Node Type": "Nested Loop", "Parent Relationship": "Outer", "Join Type": "Inner", "Startup Cost": 0.0, "Total Cost": 110824.76, "Plan Rows": 96, "Plan Width": 33, "Inner Unique": true, "Plans": [{"Node Type": "Nested Loop", "Parent Relationship": "Outer", "Join Type": "Inner", "Startup Cost": 0.0, "Total Cost": 110449.22, "Plan Rows": 645, "Plan Width": 41, "Inner Unique": false, "Plans": [{"Node Type": "Nested Loop", "Parent Relationship": "Outer", "Join Type": "Inner", "Startup Cost": 0.0, "Total Cost": 109995.01, "Plan Rows": 532, "Plan Width": 21, "Inner Unique": false, "Join Filter": "(ci.role_id = rt.id)", "Plans": [{"Node Type": "Index Scan", "Parent Relationship": "Outer", "Scan Direction": "Forward", "Index Name": "role_type_pkey", "Relation Name": "role_type", "Alias": "rt", "Startup Cost": 0.0, "Total Cost": 12.46, "Plan Rows": 1, "Plan Width": 4, "Filter": "((role)::text = 'actress'::text)"}, {"Node Type": "Nested Loop", "Parent Relationship": "Inner", "Join Type": "Inner", "Startup Cost": 0.0, "Total Cost": 109909.47, "Plan Rows": 5847, "Plan Width": 25, "Inner Unique": false, "Plans": [{"Node Type": "Nested Loop", "Parent Relationship": "Outer", "Join Type": "Inner", "Startup Cost": 0.0, "Total Cost": 104166.87, "Plan Rows": 5775, "Plan Width": 25, "Inner Unique": true, "Plans": [{"Node Type": "Nested Loop", "Parent Relationship": "Outer", "Join Type": "Inner", "Startup Cost": 0.0, "Total Cost": 81519.78, "Plan Rows": 5775, "Plan Width": 4, "Inner Unique": false, "Plans": [{"Node Type": "Index Scan", "Parent Relationship": "Outer", "Scan Direction": "Forward", "Index Name": "company_name_pkey", "Relation Name": "company_name", "Alias": "cn", "Startup Cost": 0.0, "Total Cost": 10501.39, "Plan Rows": 6290, "Plan Width": 4, "Filter": "((country_code)::text = '[jp]'::text)"}, {"Node Type": "Index Scan", "Parent Relationship": "Inner", "Scan Direction": "Forward", "Index Name": "company_id_movie_companies", "Relation Name": "movie_companies", "Alias": "mc", "Startup Cost": 0.0, "Total Cost": 11.28, "Plan Rows": 1, "Plan Width": 8, "Index Cond": "(company_id = cn.id)", "Filter": "(((note)::text ~~ '%(Japan)%'::text) AND ((note)::text !~~ '%(USA)%'::text))"}]}, {"Node Type": "Index Scan", "Parent Relationship": "Inner", "Scan Direction": "Forward", "Index Name": "title_pkey", "Relation Name": "title", "Alias": "t", "Startup Cost": 0.0, "Total Cost": 3.91, "Plan Rows": 1, "Plan Width": 21, "Index Cond": "(id = mc.movie_id)"}]}, {"Node Type": "Index Scan", "Parent Relationship": "Inner", "Scan Direction": "Forward", "Index Name": "movie_id_cast_info", "Relation Name": "cast_info", "Alias": "ci", "Startup Cost": 0.0, "Total Cost": 0.98, "Plan Rows": 1, "Plan Width": 12, "Index Cond": "(movie_id = t.id)", "Filter": "((note)::text = '(voice: English version)'::text)"}]}]}, {"Node Type": "Index Scan", "Parent Relationship": "Inner", "Scan Direction": "Forward", "Index Name": "person_id_aka_name", "Relation Name": "aka_name", "Alias": "an1", "Startup Cost": 0.0, "Total Cost": 0.84, "Plan Rows": 1, "Plan Width": 20, "Index Cond": "(person_id = ci.person_id)"}]}, {"Node Type": "Index Scan", "Parent Relationship": "Inner", "Scan Direction": "Forward", "Index Name": "name_pkey", "Relation Name": "name", "Alias": "n1", "Startup Cost": 0.0, "Total Cost": 0.57, "Plan Rows": 1, "Plan Width": 4, "Index Cond": "(id = an1.person_id)", "Filter": "(((name)::text ~~ '%Yo%'::text) AND ((name)::text !~~ '%Yu%'::text))"}]}]}, "Unique SQL Id": 3544391839, "Planner Runtime": 25}, "explain_analyze_plan": {"Plan": {"Node Type": "Aggregate", "Strategy": "Plain", "Startup Cost": 110825.24, "Total Cost": 110825.25, "Plan Rows": 1, "Plan Width": 97, "Actual Startup Time": 4334.909, "Actual Total Time": 4334.909, "Actual Rows": 1, "Actual Loops": 1, "Plans": [{"Node Type": "Nested Loop", "Parent Relationship": "Outer", "Join Type": "Inner", "Startup Cost": 0.0, "Total Cost": 110824.76, "Plan Rows": 96, "Plan Width": 33, "Actual Startup Time": 5.577, "Actual Total Time": 4334.505, "Actual Rows": 62, "Actual Loops": 1, "Inner Unique": true, "Plans": [{"Node Type": "Nested Loop", "Parent Relationship": "Outer", "Join Type": "Inner", "Startup Cost": 0.0, "Total Cost": 110449.22, "Plan Rows": 645, "Plan Width": 41, "Actual Startup Time": 0.394, "Actual Total Time": 4255.845, "Actual Rows": 17379, "Actual Loops": 1, "Inner Unique": false, "Plans": [{"Node Type": "Nested Loop", "Parent Relationship": "Outer", "Join Type": "Inner", "Startup Cost": 0.0, "Total Cost": 109995.01, "Plan Rows": 532, "Plan Width": 21, "Actual Startup Time": 0.38, "Actual Total Time": 4204.433, "Actual Rows": 7438, "Actual Loops": 1, "Inner Unique": false, "Join Filter": "(ci.role_id = rt.id)", "Rows Removed by Join Filter": 12162, "Plans": [{"Node Type": "Index Scan", "Parent Relationship": "Outer", "Scan Direction": "Forward", "Index Name": "role_type_pkey", "Relation Name": "role_type", "Alias": "rt", "Startup Cost": 0.0, "Total Cost": 12.46, "Plan Rows": 1, "Plan Width": 4, "Actual Startup Time": 0.018, "Actual Total Time": 0.027, "Actual Rows": 1, "Actual Loops": 1, "Filter": "((role)::text = 'actress'::text)", "Rows Removed by Filter": 11}, {"Node Type": "Nested Loop", "Parent Relationship": "Inner", "Join Type": "Inner", "Startup Cost": 0.0, "Total Cost": 109909.47, "Plan Rows": 5847, "Plan Width": 25, "Actual Startup Time": 0.358, "Actual Total Time": 4199.306, "Actual Rows": 19600, "Actual Loops": 1, "Inner Unique": false, "Plans": [{"Node Type": "Nested Loop", "Parent Relationship": "Outer", "Join Type": "Inner", "Startup Cost": 0.0, "Total Cost": 104166.87, "Plan Rows": 5775, "Plan Width": 25, "Actual Startup Time": 0.275, "Actual Total Time": 889.755, "Actual Rows": 48328, "Actual Loops": 1, "Inner Unique": true, "Plans": [{"Node Type": "Nested Loop", "Parent Relationship": "Outer", "Join Type": "Inner", "Startup Cost": 0.0, "Total Cost": 81519.78, "Plan Rows": 5775, "Plan Width": 4, "Actual Startup Time": 0.261, "Actual Total Time": 540.545, "Actual Rows": 48328, "Actual Loops": 1, "Inner Unique": false, "Plans": [{"Node Type": "Index Scan", "Parent Relationship": "Outer", "Scan Direction": "Forward", "Index Name": "company_name_pkey", "Relation Name": "company_name", "Alias": "cn", "Startup Cost": 0.0, "Total Cost": 10501.39, "Plan Rows": 6290, "Plan Width": 4, "Actual Startup Time": 0.221, "Actual Total Time": 300.895, "Actual Rows": 6752, "Actual Loops": 1, "Filter": "((country_code)::text = '[jp]'::text)", "Rows Removed by Filter": 228244}, {"Node Type": "Index Scan", "Parent Relationship": "Inner", "Scan Direction": "Forward", "Index Name": "company_id_movie_companies", "Relation Name": "movie_companies", "Alias": "mc", "Startup Cost": 0.0, "Total Cost": 11.28, "Plan Rows": 1, "Plan Width": 8, "Actual Startup Time": 57.676, "Actual Total Time": 223.783, "Actual Rows": 48328, "Actual Loops": 6752, "Index Cond": "(company_id = cn.id)", "Rows Removed by Index Recheck": 0, "Filter": "(((note)::text ~~ '%(Japan)%'::text) AND ((note)::text !~~ '%(USA)%'::text))", "Rows Removed by Filter": 56667}]}, {"Node Type": "Index Scan", "Parent Relationship": "Inner", "Scan Direction": "Forward", "Index Name": "title_pkey", "Relation Name": "title", "Alias": "t", "Startup Cost": 0.0, "Total Cost": 3.91, "Plan Rows": 1, "Plan Width": 21, "Actual Startup Time": 308.126, "Actual Total Time": 308.126, "Actual Rows": 48328, "Actual Loops": 48328, "Index Cond": "(id = mc.movie_id)", "Rows Removed by Index Recheck": 0}]}, {"Node Type": "Index Scan", "Parent Relationship": "Inner", "Scan Direction": "Forward", "Index Name": "movie_id_cast_info", "Relation Name": "cast_info", "Alias": "ci", "Startup Cost": 0.0, "Total Cost": 0.98, "Plan Rows": 1, "Plan Width": 12, "Actual Startup Time": 3136.12, "Actual Total Time": 3279.716, "Actual Rows": 19600, "Actual Loops": 48328, "Index Cond": "(movie_id = t.id)", "Rows Removed by Index Recheck": 0, "Filter": "((note)::text = '(voice: English version)'::text)", "Rows Removed by Filter": 1531710}]}]}, {"Node Type": "Index Scan", "Parent Relationship": "Inner", "Scan Direction": "Forward", "Index Name": "person_id_aka_name", "Relation Name": "aka_name", "Alias": "an1", "Startup Cost": 0.0, "Total Cost": 0.84, "Plan Rows": 1, "Plan Width": 20, "Actual Startup Time": 34.14, "Actual Total Time": 42.585, "Actual Rows": 17379, "Actual Loops": 7438, "Index Cond": "(person_id = ci.person_id)", "Rows Removed by Index Recheck": 0}]}, {"Node Type": "Index Scan", "Parent Relationship": "Inner", "Scan Direction": "Forward", "Index Name": "name_pkey", "Relation Name": "name", "Alias": "n1", "Startup Cost": 0.0, "Total Cost": 0.57, "Plan Rows": 1, "Plan Width": 4, "Actual Startup Time": 69.867, "Actual Total Time": 69.867, "Actual Rows": 62, "Actual Loops": 17379, "Index Cond": "(id = an1.person_id)", "Rows Removed by Index Recheck": 0, "Filter": "(((name)::text ~~ '%Yo%'::text) AND ((name)::text !~~ '%Yu%'::text))", "Rows Removed by Filter": 17317}]}]}, "Triggers": [], "Planner Runtime": 25, "Total Runtime": 4335.62, "Unique SQL Id": 3544391839}}, "(16, 30)": {"explain_plan": {"Plan": {"Node Type": "Aggregate", "Strategy": "Plain", "Startup Cost": 315493.8, "Total Cost": 315493.82, "Plan Rows": 1, "Plan Width": 97, "Plans": [{"Node Type": "Streaming(type: LOCAL GATHER dop: 1/16)", "Parent Relationship": "Outer", "Startup Cost": 315493.8, "Total Cost": 315493.82, "Plan Rows": 1, "Plan Width": 97, "Plans": [{"Node Type": "Aggregate", "Strategy": "Plain", "Parent Relationship": "Outer", "Startup Cost": 315493.8, "Total Cost": 315493.81, "Plan Rows": 1, "Plan Width": 97, "Plans": [{"Node Type": "Nested Loop", "Parent Relationship": "Outer", "Join Type": "Inner", "Startup Cost": 0.0, "Total Cost": 315493.74, "Plan Rows": 12, "Plan Width": 33, "Inner Unique": true, "Join Filter": "(ci.movie_id = t.id)", "Plans": [{"Node Type": "Streaming(type: LOCAL REDISTRIBUTE dop: 16/16)", "Parent Relationship": "Outer", "Startup Cost": 0.0, "Total Cost": 270678.06, "Plan Rows": 12, "Plan Width": 24, "Plans": [{"Node Type": "Nested Loop", "Parent Relationship": "Outer", "Join Type": "Inner", "Startup Cost": 0.0, "Total Cost": 255678.01, "Plan Rows": 12, "Plan Width": 24, "Inner Unique": false, "Join Filter": "(n1.id = an1.person_id)", "Plans": [{"Node Type": "Streaming(type: LOCAL REDISTRIBUTE dop: 16/16)", "Parent Relationship": "Outer", "Startup Cost": 0.0, "Total Cost": 34659.52, "Plan Rows": 901342, "Plan Width": 20, "Plans": [{"Node Type": "Seq Scan", "Parent Relationship": "Outer", "Relation Name": "aka_name", "Alias": "an1", "Startup Cost": 0.0, "Total Cost": 16244.28, "Plan Rows": 901342, "Plan Width": 20}]}, {"Node Type": "Materialize", "Parent Relationship": "Inner", "Startup Cost": 0.0, "Total Cost": 216899.09, "Plan Rows": 78, "Plan Width": 16, "Plans": [{"Node Type": "Streaming(type: LOCAL REDISTRIBUTE dop: 16/16)", "Parent Relationship": "Outer", "Startup Cost": 0.0, "Total Cost": 216899.07, "Plan Rows": 78, "Plan Width": 16, "Plans": [{"Node Type": "Nested Loop", "Parent Relationship": "Outer", "Join Type": "Inner", "Startup Cost": 0.0, "Total Cost": 201898.77, "Plan Rows": 78, "Plan Width": 16, "Inner Unique": false, "Join Filter": "(mc.company_id = cn.id)", "Plans": [{"Node Type": "Streaming(type: BROADCAST dop: 16/1)", "Parent Relationship": "Outer", "Startup Cost": 0.0, "Total Cost": 23075.47, "Plan Rows": 100640, "Plan Width": 4, "Plans": [{"Node Type": "Seq Scan", "Parent Relationship": "Outer", "Relation Name": "company_name", "Alias": "cn", "Startup Cost": 0.0, "Total Cost": 5903.45, "Plan Rows": 6290, "Plan Width": 4, "Filter": "((country_code)::text = '[jp]'::text)"}]}, {"Node Type": "Materialize", "Parent Relationship": "Inner", "Startup Cost": 0.0, "Total Cost": 172602.27, "Plan Rows": 1055, "Plan Width": 20, "Plans": [{"Node Type": "Nested Loop", "Parent Relationship": "Outer", "Join Type": "Inner", "Startup Cost": 0.0, "Total Cost": 172601.94, "Plan Rows": 1055, "Plan Width": 20, "Inner Unique": false, "Join Filter": "(ci.movie_id = mc.movie_id)", "Plans": [{"Node Type": "Streaming(type: LOCAL REDISTRIBUTE dop: 16/16)", "Parent Relationship": "Outer", "Startup Cost": 0.0, "Total Cost": 33566.95, "Plan Rows": 36426, "Plan Width": 8, "Plans": [{"Node Type": "Seq Scan", "Parent Relationship": "Outer", "Relation Name": "movie_companies", "Alias": "mc", "Startup Cost": 0.0, "Total Cost": 18428.93, "Plan Rows": 36426, "Plan Width": 8, "Filter": "(((note)::text ~~ '%(Japan)%'::text) AND ((note)::text !~~ '%(USA)%'::text))"}]}, {"Node Type": "Materialize", "Parent Relationship": "Inner", "Startup Cost": 0.0, "Total Cost": 136275.49, "Plan Rows": 1293, "Plan Width": 12, "Plans": [{"Node Type": "Streaming(type: LOCAL REDISTRIBUTE dop: 16/16)", "Parent Relationship": "Outer", "Startup Cost": 0.0, "Total Cost": 136275.09, "Plan Rows": 1293, "Plan Width": 12, "Plans": [{"Node Type": "Nested Loop", "Parent Relationship": "Outer", "Join Type": "Inner", "Startup Cost": 0.0, "Total Cost": 121270.19, "Plan Rows": 1293, "Plan Width": 12, "Inner Unique": false, "Join Filter": "(ci.person_id = n1.id)", "Plans": [{"Node Type": "Streaming(type: LOCAL REDISTRIBUTE dop: 16/16)", "Parent Relationship": "Outer", "Startup Cost": 0.0, "Total Cost": 37171.95, "Plan Rows": 13886, "Plan Width": 4, "Plans": [{"Node Type": "Seq Scan", "Parent Relationship": "Outer", "Relation Name": "name", "Alias": "n1", "Startup Cost": 0.0, "Total Cost": 22119.33, "Plan Rows": 13886, "Plan Width": 4, "Filter": "(((name)::text ~~ '%Yo%'::text) AND ((name)::text !~~ '%Yu%'::text))"}]}, {"Node Type": "Materialize", "Parent Relationship": "Inner", "Startup Cost": 0.0, "Total Cost": 76947.78, "Plan Rows": 8790, "Plan Width": 8, "Plans": [{"Node Type": "Streaming(type: LOCAL REDISTRIBUTE dop: 16/1)", "Parent Relationship": "Outer", "Startup Cost": 0.0, "Total Cost": 76945.03, "Plan Rows": 8790, "Plan Width": 8, "Plans": [{"Node Type": "Nested Loop", "Parent Relationship": "Outer", "Join Type": "Inner", "Startup Cost": 0.0, "Total Cost": 61579.53, "Plan Rows": 8790, "Plan Width": 8, "Inner Unique": false, "Join Filter": "(ci.role_id = rt.id)", "Plans": [{"Node Type": "Seq Scan", "Parent Relationship": "Outer", "Relation Name": "role_type", "Alias": "rt", "Startup Cost": 0.0, "Total Cost": 1.15, "Plan Rows": 1, "Plan Width": 4, "Filter": "((role)::text = 'actress'::text)"}, {"Node Type": "Materialize", "Parent Relationship": "Inner", "Startup Cost": 0.0, "Total Cost": 60611.46, "Plan Rows": 96692, "Plan Width": 12, "Plans": [{"Node Type": "Streaming(type: LOCAL GATHER dop: 1/16)", "Parent Relationship": "Outer", "Startup Cost": 0.0, "Total Cost": 60369.73, "Plan Rows": 96692, "Plan Width": 12, "Plans": [{"Node Type": "Seq Scan", "Parent Relationship": "Outer", "Relation Name": "cast_info", "Alias": "ci", "Startup Cost": 0.0, "Total Cost": 58282.92, "Plan Rows": 96692, "Plan Width": 12, "Filter": "((note)::text = '(voice: English version)'::text)"}]}]}]}]}]}]}]}]}]}]}]}]}]}]}]}, {"Node Type": "Materialize", "Parent Relationship": "Inner", "Startup Cost": 0.0, "Total Cost": 49655.03, "Plan Rows": 2528311, "Plan Width": 21, "Plans": [{"Node Type": "Streaming(type: LOCAL REDISTRIBUTE dop: 16/16)", "Parent Relationship": "Outer", "Startup Cost": 0.0, "Total Cost": 43334.25, "Plan Rows": 2528311, "Plan Width": 21, "Plans": [{"Node Type": "Seq Scan", "Parent Relationship": "Outer", "Relation Name": "title", "Alias": "t", "Startup Cost": 0.0, "Total Cost": 18754.32, "Plan Rows": 2528311, "Plan Width": 21}]}]}]}]}]}]}, "Unique SQL Id": 3544391839, "Planner Runtime": 18}, "explain_analyze_plan": {"Plan": {"Node Type": "Aggregate", "Strategy": "Plain", "Startup Cost": 315493.8, "Total Cost": 315493.82, "Plan Rows": 1, "Plan Width": 97, "Actual Min Startup Time": 3137.93, "Actual Max Startup Time": 3137.93, "Actual Min Total Time": 3137.93, "Actual Max Total Time": 3137.93, "Plans": [{"Node Type": "Streaming(type: LOCAL GATHER dop: 1/16)", "Parent Relationship": "Outer", "Startup Cost": 315493.8, "Total Cost": 315493.82, "Plan Rows": 1, "Plan Width": 97, "Actual Min Startup Time": 2806.801, "Actual Max Startup Time": 2806.801, "Actual Min Total Time": 3137.819, "Actual Max Total Time": 3137.819, "Plans": [{"Node Type": "Aggregate", "Strategy": "Plain", "Parent Relationship": "Outer", "Startup Cost": 315493.8, "Total Cost": 315493.81, "Plan Rows": 1, "Plan Width": 97, "Actual Min Startup Time": 2594.527, "Actual Max Startup Time": 2943.788, "Actual Min Total Time": 2594.527, "Actual Max Total Time": 2943.788, "Plans": [{"Node Type": "Nested Loop", "Parent Relationship": "Outer", "Join Type": "Inner", "Startup Cost": 0.0, "Total Cost": 315493.74, "Plan Rows": 12, "Plan Width": 33, "Actual Min Startup Time": 2594.521, "Actual Max Startup Time": 2703.086, "Actual Min Total Time": 2594.521, "Actual Max Total Time": 2943.734, "Inner Unique": true, "Join Filter": "(ci.movie_id = t.id)", "Rows Removed by Join Filter": 6598339, "Plans": [{"Node Type": "Streaming(type: LOCAL REDISTRIBUTE dop: 16/16)", "Parent Relationship": "Outer", "Startup Cost": 0.0, "Total Cost": 270678.06, "Plan Rows": 12, "Plan Width": 24, "Actual Min Startup Time": 96.319, "Actual Max Startup Time": 97.65, "Actual Min Total Time": 96.332, "Actual Max Total Time": 97.657, "Plans": [{"Node Type": "Nested Loop", "Parent Relationship": "Outer", "Join Type": "Inner", "Startup Cost": 0.0, "Total Cost": 255678.01, "Plan Rows": 12, "Plan Width": 24, "Actual Min Startup Time": 2336.107, "Actual Max Startup Time": 2622.806, "Actual Min Total Time": 2573.033, "Actual Max Total Time": 2622.806, "Inner Unique": false, "Join Filter": "(n1.id = an1.person_id)", "Rows Removed by Join Filter": 2146385, "Plans": [{"Node Type": "Streaming(type: LOCAL REDISTRIBUTE dop: 16/16)", "Parent Relationship": "Outer", "Startup Cost": 0.0, "Total Cost": 34659.52, "Plan Rows": 901342, "Plan Width": 20, "Actual Min Startup Time": 0.062, "Actual Max Startup Time": 0.458, "Actual Min Total Time": 13.587, "Actual Max Total Time": 511.967, "Plans": [{"Node Type": "Seq Scan", "Parent Relationship": "Outer", "Relation Name": "aka_name", "Alias": "an1", "Startup Cost": 0.0, "Total Cost": 16244.28, "Plan Rows": 901342, "Plan Width": 20, "Actual Min Startup Time": 0.018, "Actual Max Startup Time": 0.031, "Actual Min Total Time": 15.456, "Actual Max Total Time": 18.267, "Actual Rows": 901342}], "Actual Rows": 901342}, {"Node Type": "Materialize", "Parent Relationship": "Inner", "Startup Cost": 0.0, "Total Cost": 216899.09, "Plan Rows": 78, "Plan Width": 16, "Actual Min Startup Time": 2052.283, "Actual Max Startup Time": 2102.732, "Actual Min Total Time": 2052.283, "Actual Max Total Time": 2243.988, "Plans": [{"Node Type": "Streaming(type: LOCAL REDISTRIBUTE dop: 16/16)", "Parent Relationship": "Outer", "Startup Cost": 0.0, "Total Cost": 216899.07, "Plan Rows": 78, "Plan Width": 16, "Actual Min Startup Time": 2045.734, "Actual Max Startup Time": 2095.483, "Actual Min Total Time": 2045.734, "Actual Max Total Time": 2095.483, "Plans": [{"Node Type": "Nested Loop", "Parent Relationship": "Outer", "Join Type": "Inner", "Startup Cost": 0.0, "Total Cost": 201898.77, "Plan Rows": 78, "Plan Width": 16, "Actual Min Startup Time": 1942.203, "Actual Max Startup Time": 2129.118, "Actual Min Total Time": 2045.463, "Actual Max Total Time": 2129.118, "Inner Unique": false, "Join Filter": "(mc.company_id = cn.id)", "Rows Removed by Join Filter": 263290, "Plans": [{"Node Type": "Streaming(type: BROADCAST dop: 16/1)", "Parent Relationship": "Outer", "Startup Cost": 0.0, "Total Cost": 23075.47, "Plan Rows": 100640, "Plan Width": 4, "Actual Min Startup Time": 0.035, "Actual Max Startup Time": 0.073, "Actual Min Total Time": 111.675, "Actual Max Total Time": 124.699, "Plans": [{"Node Type": "Seq Scan", "Parent Relationship": "Outer", "Relation Name": "company_name", "Alias": "cn", "Startup Cost": 0.0, "Total Cost": 5903.45, "Plan Rows": 6290, "Plan Width": 4, "Actual Min Startup Time": 0.047, "Actual Max Startup Time": 0.047, "Actual Min Total Time": 83.597, "Actual Max Total Time": 83.597, "Filter": "((country_code)::text = '[jp]'::text)", "Rows Removed by Filter": 228244, "Actual Rows": 6752}], "Actual Rows": 108032}, {"Node Type": "Materialize", "Parent Relationship": "Inner", "Startup Cost": 0.0, "Total Cost": 172602.27, "Plan Rows": 1055, "Plan Width": 20, "Actual Min Startup Time": 1919.647, "Actual Max Startup Time": 2003.378, "Actual Min Total Time": 1919.647, "Actual Max Total Time": 2005.205, "Plans": [{"Node Type": "Nested Loop", "Parent Relationship": "Outer", "Join Type": "Inner", "Startup Cost": 0.0, "Total Cost": 172601.94, "Plan Rows": 1055, "Plan Width": 20, "Actual Min Startup Time": 1867.163, "Actual Max Startup Time": 2002.577, "Actual Min Total Time": 1919.045, "Actual Max Total Time": 2002.787, "Inner Unique": false, "Join Filter": "(ci.movie_id = mc.movie_id)", "Rows Removed by Join Filter": 1205748, "Plans": [{"Node Type": "Streaming(type: LOCAL REDISTRIBUTE dop: 16/16)", "Parent Relationship": "Outer", "Startup Cost": 0.0, "Total Cost": 33566.95, "Plan Rows": 36426, "Plan Width": 8, "Actual Min Startup Time": 0.063, "Actual Max Startup Time": 3.326, "Actual Min Total Time": 45.579, "Actual Max Total Time": 61.044, "Plans": [{"Node Type": "Seq Scan", "Parent Relationship": "Outer", "Relation Name": "movie_companies", "Alias": "mc", "Startup Cost": 0.0, "Total Cost": 18428.93, "Plan Rows": 36426, "Plan Width": 8, "Actual Min Startup Time": 0.054, "Actual Max Startup Time": 0.374, "Actual Min Total Time": 53.773, "Actual Max Total Time": 61.386, "Filter": "(((note)::text ~~ '%(Japan)%'::text) AND ((note)::text !~~ '%(USA)%'::text))", "Rows Removed by Filter": 2560231, "Actual Rows": 48897}], "Actual Rows": 48897}, {"Node Type": "Materialize", "Parent Relationship": "Inner", "Startup Cost": 0.0, "Total Cost": 136275.49, "Plan Rows": 1293, "Plan Width": 12, "Actual Min Startup Time": 1846.034, "Actual Max Startup Time": 1929.701, "Actual Min Total Time": 1850.159, "Actual Max Total Time": 1938.393, "Plans": [{"Node Type": "Streaming(type: LOCAL REDISTRIBUTE dop: 16/16)", "Parent Relationship": "Outer", "Startup Cost": 0.0, "Total Cost": 136275.09, "Plan Rows": 1293, "Plan Width": 12, "Actual Min Startup Time": 1788.172, "Actual Max Startup Time": 1871.809, "Actual Min Total Time": 1845.768, "Actual Max Total Time": 1929.411, "Plans": [{"Node Type": "Nested Loop", "Parent Relationship": "Outer", "Join Type": "Inner", "Startup Cost": 0.0, "Total Cost": 121270.19, "Plan Rows": 1293, "Plan Width": 12, "Actual Min Startup Time": 872.126, "Actual Max Startup Time": 1890.467, "Actual Min Total Time": 1797.572, "Actual Max Total Time": 1890.467, "Inner Unique": false, "Join Filter": "(ci.person_id = n1.id)", "Rows Removed by Join Filter": 45591108, "Plans": [{"Node Type": "Streaming(type: LOCAL REDISTRIBUTE dop: 16/16)", "Parent Relationship": "Outer", "Startup Cost": 0.0, "Total Cost": 37171.95, "Plan Rows": 13886, "Plan Width": 4, "Actual Min Startup Time": 0.035, "Actual Max Startup Time": 0.07, "Actual Min Total Time": 0.522, "Actual Max Total Time": 721.482, "Plans": [{"Node Type": "Seq Scan", "Parent Relationship": "Outer", "Relation Name": "name", "Alias": "n1", "Startup Cost": 0.0, "Total Cost": 22119.33, "Plan Rows": 13886, "Plan Width": 4, "Actual Min Startup Time": 0.055, "Actual Max Startup Time": 1.696, "Actual Min Total Time": 100.612, "Actual Max Total Time": 106.512, "Filter": "(((name)::text ~~ '%Yo%'::text) AND ((name)::text !~~ '%Yu%'::text))", "Rows Removed by Filter": 4146579, "Actual Rows": 20911}], "Actual Rows": 20911}, {"Node Type": "Materialize", "Parent Relationship": "Inner", "Startup Cost": 0.0, "Total Cost": 76947.78, "Plan Rows": 8790, "Plan Width": 8, "Actual Min Startup Time": 677.558, "Actual Max Startup Time": 773.834, "Actual Min Total Time": 835.464, "Actual Max Total Time": 1096.272, "Plans": [{"Node Type": "Streaming(type: LOCAL REDISTRIBUTE dop: 16/1)", "Parent Relationship": "Outer", "Startup Cost": 0.0, "Total Cost": 76945.03, "Plan Rows": 8790, "Plan Width": 8, "Actual Min Startup Time": 640.194, "Actual Max Startup Time": 737.495, "Actual Min Total Time": 677.077, "Actual Max Total Time": 773.454, "Plans": [{"Node Type": "Nested Loop", "Parent Relationship": "Outer", "Join Type": "Inner", "Startup Cost": 0.0, "Total Cost": 61579.53, "Plan Rows": 8790, "Plan Width": 8, "Actual Min Startup Time": 671.514, "Actual Max Startup Time": 671.514, "Actual Min Total Time": 688.184, "Actual Max Total Time": 688.184, "Inner Unique": false, "Join Filter": "(ci.role_id = rt.id)", "Rows Removed by Join Filter": 58247, "Plans": [{"Node Type": "Seq Scan", "Parent Relationship": "Outer", "Relation Name": "role_type", "Alias": "rt", "Startup Cost": 0.0, "Total Cost": 1.15, "Plan Rows": 1, "Plan Width": 4, "Actual Min Startup Time": 0.066, "Actual Max Startup Time": 0.066, "Actual Min Total Time": 0.074, "Actual Max Total Time": 0.074, "Filter": "((role)::text = 'actress'::text)", "Rows Removed by Filter": 11, "Actual Rows": 1}, {"Node Type": "Materialize", "Parent Relationship": "Inner", "Startup Cost": 0.0, "Total Cost": 60611.46, "Plan Rows": 96692, "Plan Width": 12, "Actual Min Startup Time": 654.932, "Actual Max Startup Time": 654.932, "Actual Min Total Time": 664.855, "Actual Max Total Time": 664.855, "Plans": [{"Node Type": "Streaming(type: LOCAL GATHER dop: 1/16)", "Parent Relationship": "Outer", "Startup Cost": 0.0, "Total Cost": 60369.73, "Plan Rows": 96692, "Plan Width": 12, "Actual Min Startup Time": 0.071, "Actual Max Startup Time": 0.071, "Actual Min Total Time": 641.173, "Actual Max Total Time": 641.173, "Plans": [{"Node Type": "Seq Scan", "Parent Relationship": "Outer", "Relation Name": "cast_info", "Alias": "ci", "Startup Cost": 0.0, "Total Cost": 58282.92, "Plan Rows": 96692, "Plan Width": 12, "Actual Min Startup Time": 0.069, "Actual Max Startup Time": 2.946, "Actual Min Total Time": 606.417, "Actual Max Total Time": 649.451, "Filter": "((note)::text = '(voice: English version)'::text)", "Rows Removed by Filter": 36151248, "Actual Rows": 93095}], "Actual Rows": 93095}], "Actual Rows": 93096}], "Actual Rows": 34848}], "Actual Rows": 34848}], "Actual Rows": 45591518}], "Actual Rows": 394}], "Actual Rows": 394}], "Actual Rows": 1205803}], "Actual Rows": 39}], "Actual Rows": 263340}], "Actual Rows": 38}], "Actual Rows": 38}], "Actual Rows": 2146450}], "Actual Rows": 62}], "Actual Rows": 62}, {"Node Type": "Materialize", "Parent Relationship": "Inner", "Startup Cost": 0.0, "Total Cost": 49655.03, "Plan Rows": 2528311, "Plan Width": 21, "Actual Min Startup Time": 2493.626, "Actual Max Startup Time": 2573.696, "Actual Min Total Time": 2493.626, "Actual Max Total Time": 2665.938, "Plans": [{"Node Type": "Streaming(type: LOCAL REDISTRIBUTE dop: 16/16)", "Parent Relationship": "Outer", "Startup Cost": 0.0, "Total Cost": 43334.25, "Plan Rows": 2528311, "Plan Width": 21, "Actual Min Startup Time": 0.056, "Actual Max Startup Time": 33.889, "Actual Min Total Time": 2468.55, "Actual Max Total Time": 2549.729, "Plans": [{"Node Type": "Seq Scan", "Parent Relationship": "Outer", "Relation Name": "title", "Alias": "t", "Startup Cost": 0.0, "Total Cost": 18754.32, "Plan Rows": 2528311, "Plan Width": 21, "Actual Min Startup Time": 0.017, "Actual Max Startup Time": 0.031, "Actual Min Total Time": 47.36, "Actual Max Total Time": 50.396, "Actual Rows": 2528311}], "Actual Rows": 2528311}], "Actual Rows": 6598417}], "Actual Rows": 62}], "Actual Rows": 16}], "Actual Rows": 16}], "Actual Rows": 1}, "Triggers": [], "Planner Runtime": 15, "Total Runtime": 3170.296, "Unique SQL Id": 3544391839}}, "(16, 31)": {"explain_plan": {"Plan": {"Node Type": "Aggregate", "Strategy": "Plain", "Startup Cost": 6721053364161.28, "Total Cost": 6721053364161.29, "Plan Rows": 1, "Plan Width": 97, "Plans": [{"Node Type": "Merge Join", "Parent Relationship": "Outer", "Join Type": "Inner", "Startup Cost": 70051235465.84, "Total Cost": 6721053364158.05, "Plan Rows": 646, "Plan Width": 33, "Inner Unique": true, "Merge Cond": "(ci.movie_id = t.id)", "Plans": [{"Node Type": "Nested Loop", "Parent Relationship": "Outer", "Join Type": "Inner", "Startup Cost": 60051235465.84, "Total Cost": 5721925336380.1, "Plan Rows": 646, "Plan Width": 24, "Inner Unique": true, "Join Filter": "(mc.company_id = cn.id)", "Plans": [{"Node Type": "Nested Loop", "Parent Relationship": "Outer", "Join Type": "Inner", "Startup Cost": 50051235465.84, "Total Cost": 4721924164513.91, "Plan Rows": 1290, "Plan Width": 28, "Inner Unique": false, "Join Filter": "(ci.movie_id = mc.movie_id)", "Plans": [{"Node Type": "Index Scan", "Parent Relationship": "Outer", "Scan Direction": "Forward", "Index Name": "movie_id_movie_companies", "Relation Name": "movie_companies", "Alias": "mc", "Startup Cost": 10000000000.0, "Total Cost": 1000014356510.13, "Plan Rows": 36426, "Plan Width": 8, "Filter": "(((note)::text ~~ '%(Japan)%'::text) AND ((note)::text !~~ '%(USA)%'::text))"}, {"Node Type": "Materialize", "Parent Relationship": "Inner", "Startup Cost": 40051235465.84, "Total Cost": 3721908955639.28, "Plan Rows": 1560, "Plan Width": 20, "Plans": [{"Node Type": "Nested Loop", "Parent Relationship": "Outer", "Join Type": "Inner", "Startup Cost": 40051235465.84, "Total Cost": 3721908955631.48, "Plan Rows": 1560, "Plan Width": 20, "Inner Unique": true, "Join Filter": "(ci.role_id = rt.id)", "Plans": [{"Node Type": "Merge Join", "Parent Relationship": "Outer", "Join Type": "Inner", "Startup Cost": 30051235465.84, "Total Cost": 2721908954128.06, "Plan Rows": 17161, "Plan Width": 24, "Inner Unique": false, "Merge Cond": "(an1.person_id = ci.person_id)", "Plans": [{"Node Type": "Merge Join", "Parent Relationship": "Outer", "Join Type": "Inner", "Startup Cost": 20030754356.47, "Total Cost": 2000026606025.89, "Plan Rows": 16627, "Plan Width": 24, "Inner Unique": true, "Merge Cond": "(an1.person_id = n1.id)", "Plans": [{"Node Type": "Index Scan", "Parent Relationship": "Outer", "Scan Direction": "Forward", "Index Name": "person_id_aka_name", "Relation Name": "aka_name", "Alias": "an1", "Startup Cost": 10000000000.0, "Total Cost": 1000006896503.43, "Plan Rows": 901342, "Plan Width": 20}, {"Node Type": "Materialize", "Parent Relationship": "Inner", "Startup Cost": 10000000000.0, "Total Cost": 1000019707054.42, "Plan Rows": 13886, "Plan Width": 4, "Plans": [{"Node Type": "Index Scan", "Parent Relationship": "Outer", "Scan Direction": "Forward", "Index Name": "name_pkey", "Relation Name": "name", "Alias": "n1", "Startup Cost": 10000000000.0, "Total Cost": 1000019707019.7, "Plan Rows": 13886, "Plan Width": 4, "Filter": "(((name)::text ~~ '%Yo%'::text) AND ((name)::text !~~ '%Yu%'::text))"}]}]}, {"Node Type": "Index Scan", "Parent Relationship": "Inner", "Scan Direction": "Forward", "Index Name": "person_id_cast_info", "Relation Name": "cast_info", "Alias": "ci", "Startup Cost": 10000000000.0, "Total Cost": 1000179713706.71, "Plan Rows": 96692, "Plan Width": 12, "Filter": "((note)::text = '(voice: English version)'::text)"}]}, {"Node Type": "Materialize", "Parent Relationship": "Inner", "Startup Cost": 10000000000.0, "Total Cost": 1000000001246.0, "Plan Rows": 1, "Plan Width": 4, "Plans": [{"Node Type": "Index Scan", "Parent Relationship": "Outer", "Scan Direction": "Forward", "Index Name": "role_type_pkey", "Relation Name": "role_type", "Alias": "rt", "Startup Cost": 10000000000.0, "Total Cost": 1000000001246.0, "Plan Rows": 1, "Plan Width": 4, "Filter": "((role)::text = 'actress'::text)"}]}]}]}]}, {"Node Type": "Materialize", "Parent Relationship": "Inner", "Startup Cost": 10000000000.0, "Total Cost": 1000001050170.42, "Plan Rows": 6290, "Plan Width": 4, "Plans": [{"Node Type": "Index Scan", "Parent Relationship": "Outer", "Scan Direction": "Forward", "Index Name": "company_name_pkey", "Relation Name": "company_name", "Alias": "cn", "Startup Cost": 10000000000.0, "Total Cost": 1000001050138.97, "Plan Rows": 6290, "Plan Width": 4, "Filter": "((country_code)::text = '[jp]'::text)"}]}]}, {"Node Type": "Index Scan", "Parent Relationship": "Inner", "Scan Direction": "Forward", "Index Name": "title_pkey", "Relation Name": "title", "Alias": "t", "Startup Cost": 10000000000.0, "Total Cost": 1000011012048.91, "Plan Rows": 2528311, "Plan Width": 21}]}]}, "Unique SQL Id": 3544391839, "Planner Runtime": 98}, "explain_analyze_plan": null}, "(16, 32)": {"explain_plan": {"Plan": {"Node Type": "Aggregate", "Strategy": "Plain", "Startup Cost": 54685.24, "Total Cost": 54685.25, "Plan Rows": 1, "Plan Width": 97, "Plans": [{"Node Type": "Nested Loop", "Parent Relationship": "Outer", "Join Type": "Inner", "Startup Cost": 5982.08, "Total Cost": 54685.18, "Plan Rows": 12, "Plan Width": 33, "Inner Unique": true, "Plans": [{"Node Type": "Nested Loop", "Parent Relationship": "Outer", "Join Type": "Inner", "Startup Cost": 5982.08, "Total Cost": 54309.64, "Plan Rows": 645, "Plan Width": 41, "Inner Unique": false, "Plans": [{"Node Type": "Nested Loop", "Parent Relationship": "Outer", "Join Type": "Inner", "Startup Cost": 5982.08, "Total Cost": 53855.43, "Plan Rows": 532, "Plan Width": 21, "Inner Unique": false, "Join Filter": "(ci.role_id = rt.id)", "Plans": [{"Node Type": "Seq Scan", "Parent Relationship": "Outer", "Relation Name": "role_type", "Alias": "rt", "Startup Cost": 0.0, "Total Cost": 1.15, "Plan Rows": 1, "Plan Width": 4, "Filter": "((role)::text = 'actress'::text)"}, {"Node Type": "Materialize", "Parent Relationship": "Inner", "Startup Cost": 5982.08, "Total Cost": 53795.81, "Plan Rows": 5847, "Plan Width": 25, "Plans": [{"Node Type": "Nested Loop", "Parent Relationship": "Outer", "Join Type": "Inner", "Startup Cost": 5982.08, "Total Cost": 53781.19, "Plan Rows": 5847, "Plan Width": 25, "Inner Unique": false, "Plans": [{"Node Type": "Nested Loop", "Parent Relationship": "Outer", "Join Type": "Inner", "Startup Cost": 5982.08, "Total Cost": 48038.6, "Plan Rows": 5775, "Plan Width": 25, "Inner Unique": true, "Plans": [{"Node Type": "Hash Join", "Parent Relationship": "Outer", "Join Type": "Inner", "Startup Cost": 5982.08, "Total Cost": 25391.5, "Plan Rows": 5775, "Plan Width": 4, "Inner Unique": true, "Hash Cond": "(mc.company_id = cn.id)", "Plans": [{"Node Type": "Streaming(type: LOCAL GATHER dop: 1/16)", "Parent Relationship": "Outer", "Startup Cost": 0.0, "Total Cost": 19215.08, "Plan Rows": 36426, "Plan Width": 8, "Plans": [{"Node Type": "Seq Scan", "Parent Relationship": "Outer", "Relation Name": "movie_companies", "Alias": "mc", "Startup Cost": 0.0, "Total Cost": 18428.93, "Plan Rows": 36426, "Plan Width": 8, "Filter": "(((note)::text ~~ '%(Japan)%'::text) AND ((note)::text !~~ '%(USA)%'::text))"}]}, {"Node Type": "Hash", "Parent Relationship": "Inner", "Startup Cost": 5903.45, "Total Cost": 5903.45, "Plan Rows": 6290, "Plan Width": 4, "Plans": [{"Node Type": "Seq Scan", "Parent Relationship": "Outer", "Relation Name": "company_name", "Alias": "cn", "Startup Cost": 0.0, "Total Cost": 5903.45, "Plan Rows": 6290, "Plan Width": 4, "Filter": "((country_code)::text = '[jp]'::text)"}]}]}, {"Node Type": "Index Scan", "Parent Relationship": "Inner", "Scan Direction": "Forward", "Index Name": "title_pkey", "Relation Name": "title", "Alias": "t", "Startup Cost": 0.0, "Total Cost": 3.91, "Plan Rows": 1, "Plan Width": 21, "Index Cond": "(id = mc.movie_id)"}]}, {"Node Type": "Index Scan", "Parent Relationship": "Inner", "Scan Direction": "Forward", "Index Name": "movie_id_cast_info", "Relation Name": "cast_info", "Alias": "ci", "Startup Cost": 0.0, "Total Cost": 0.98, "Plan Rows": 1, "Plan Width": 12, "Index Cond": "(movie_id = t.id)", "Filter": "((note)::text = '(voice: English version)'::text)"}]}]}]}, {"Node Type": "Index Scan", "Parent Relationship": "Inner", "Scan Direction": "Forward", "Index Name": "person_id_aka_name", "Relation Name": "aka_name", "Alias": "an1", "Startup Cost": 0.0, "Total Cost": 0.84, "Plan Rows": 1, "Plan Width": 20, "Index Cond": "(person_id = ci.person_id)"}]}, {"Node Type": "Index Scan", "Parent Relationship": "Inner", "Scan Direction": "Forward", "Index Name": "name_pkey", "Relation Name": "name", "Alias": "n1", "Startup Cost": 0.0, "Total Cost": 0.57, "Plan Rows": 1, "Plan Width": 4, "Index Cond": "(id = an1.person_id)", "Filter": "(((name)::text ~~ '%Yo%'::text) AND ((name)::text !~~ '%Yu%'::text))"}]}]}, "Unique SQL Id": 3544391839, "Planner Runtime": 46}, "explain_analyze_plan": {"Plan": {"Node Type": "Aggregate", "Strategy": "Plain", "Startup Cost": 54685.24, "Total Cost": 54685.25, "Plan Rows": 1, "Plan Width": 97, "Actual Min Startup Time": 2739.363, "Actual Max Startup Time": 2739.363, "Actual Min Total Time": 2739.364, "Actual Max Total Time": 2739.364, "Plans": [{"Node Type": "Nested Loop", "Parent Relationship": "Outer", "Join Type": "Inner", "Startup Cost": 5982.08, "Total Cost": 54685.18, "Plan Rows": 12, "Plan Width": 33, "Actual Min Startup Time": 2650.61, "Actual Max Startup Time": 2650.61, "Actual Min Total Time": 2739.262, "Actual Max Total Time": 2739.262, "Inner Unique": true, "Plans": [{"Node Type": "Nested Loop", "Parent Relationship": "Outer", "Join Type": "Inner", "Startup Cost": 5982.08, "Total Cost": 54309.64, "Plan Rows": 645, "Plan Width": 41, "Actual Min Startup Time": 2626.48, "Actual Max Startup Time": 2626.48, "Actual Min Total Time": 2673.364, "Actual Max Total Time": 2673.364, "Inner Unique": false, "Plans": [{"Node Type": "Nested Loop", "Parent Relationship": "Outer", "Join Type": "Inner", "Startup Cost": 5982.08, "Total Cost": 53855.43, "Plan Rows": 532, "Plan Width": 21, "Actual Min Startup Time": 2626.424, "Actual Max Startup Time": 2626.424, "Actual Min Total Time": 2635.102, "Actual Max Total Time": 2635.102, "Inner Unique": false, "Join Filter": "(ci.role_id = rt.id)", "Rows Removed by Join Filter": 12162, "Plans": [{"Node Type": "Seq Scan", "Parent Relationship": "Outer", "Relation Name": "role_type", "Alias": "rt", "Startup Cost": 0.0, "Total Cost": 1.15, "Plan Rows": 1, "Plan Width": 4, "Actual Min Startup Time": 0.13, "Actual Max Startup Time": 0.13, "Actual Min Total Time": 0.137, "Actual Max Total Time": 0.137, "Filter": "((role)::text = 'actress'::text)", "Rows Removed by Filter": 11, "Actual Rows": 1}, {"Node Type": "Materialize", "Parent Relationship": "Inner", "Startup Cost": 5982.08, "Total Cost": 53795.81, "Plan Rows": 5847, "Plan Width": 25, "Actual Min Startup Time": 2626.237, "Actual Max Startup Time": 2626.237, "Actual Min Total Time": 2628.973, "Actual Max Total Time": 2628.973, "Plans": [{"Node Type": "Nested Loop", "Parent Relationship": "Outer", "Join Type": "Inner", "Startup Cost": 5982.08, "Total Cost": 53781.19, "Plan Rows": 5847, "Plan Width": 25, "Actual Min Startup Time": 92.545, "Actual Max Startup Time": 92.545, "Actual Min Total Time": 2619.383, "Actual Max Total Time": 2619.383, "Inner Unique": false, "Plans": [{"Node Type": "Nested Loop", "Parent Relationship": "Outer", "Join Type": "Inner", "Startup Cost": 5982.08, "Total Cost": 48038.6, "Plan Rows": 5775, "Plan Width": 25, "Actual Min Startup Time": 85.191, "Actual Max Startup Time": 85.191, "Actual Min Total Time": 371.208, "Actual Max Total Time": 371.208, "Inner Unique": true, "Plans": [{"Node Type": "Hash Join", "Parent Relationship": "Outer", "Join Type": "Inner", "Startup Cost": 5982.08, "Total Cost": 25391.5, "Plan Rows": 5775, "Plan Width": 4, "Actual Min Startup Time": 85.132, "Actual Max Startup Time": 85.132, "Actual Min Total Time": 146.599, "Actual Max Total Time": 146.599, "Inner Unique": true, "Hash Cond": "(mc.company_id = cn.id)", "Plans": [{"Node Type": "Streaming(type: LOCAL GATHER dop: 1/16)", "Parent Relationship": "Outer", "Startup Cost": 0.0, "Total Cost": 19215.08, "Plan Rows": 36426, "Plan Width": 8, "Actual Min Startup Time": 0.058, "Actual Max Startup Time": 0.058, "Actual Min Total Time": 26.976, "Actual Max Total Time": 26.976, "Plans": [{"Node Type": "Seq Scan", "Parent Relationship": "Outer", "Relation Name": "movie_companies", "Alias": "mc", "Startup Cost": 0.0, "Total Cost": 18428.93, "Plan Rows": 36426, "Plan Width": 8, "Actual Min Startup Time": 0.034, "Actual Max Startup Time": 0.41, "Actual Min Total Time": 53.498, "Actual Max Total Time": 61.449, "Filter": "(((note)::text ~~ '%(Japan)%'::text) AND ((note)::text !~~ '%(USA)%'::text))", "Rows Removed by Filter": 2560231, "Actual Rows": 48897}], "Actual Rows": 48897}, {"Node Type": "Hash", "Parent Relationship": "Inner", "Startup Cost": 5903.45, "Total Cost": 5903.45, "Plan Rows": 6290, "Plan Width": 4, "Actual Min Startup Time": 84.985, "Actual Max Startup Time": 84.985, "Actual Min Total Time": 84.985, "Actual Max Total Time": 84.985, "Max Hash Buckets": 32768, "Min Hash Buckets": 32768, "Max Hash Batches": 1, "Min Hash Batches": 1, "Max Original Hash Batches": 1, "Min Original Hash Batches": 1, "Max Peak Memory Usage": 238, "min Peak Memory Usage": 238, "Plans": [{"Node Type": "Seq Scan", "Parent Relationship": "Outer", "Relation Name": "company_name", "Alias": "cn", "Startup Cost": 0.0, "Total Cost": 5903.45, "Plan Rows": 6290, "Plan Width": 4, "Actual Min Startup Time": 0.068, "Actual Max Startup Time": 0.068, "Actual Min Total Time": 82.631, "Actual Max Total Time": 82.631, "Filter": "((country_code)::text = '[jp]'::text)", "Rows Removed by Filter": 228244, "Actual Rows": 6752}], "Actual Rows": 6752}], "Actual Rows": 48328}, {"Node Type": "Index Scan", "Parent Relationship": "Inner", "Scan Direction": "Forward", "Index Name": "title_pkey", "Relation Name": "title", "Alias": "t", "Startup Cost": 0.0, "Total Cost": 3.91, "Plan Rows": 1, "Plan Width": 21, "Actual Min Startup Time": 184.339, "Actual Max Startup Time": 184.339, "Actual Min Total Time": 184.339, "Actual Max Total Time": 184.339, "Index Cond": "(id = mc.movie_id)", "Rows Removed by Index Recheck": 0, "Actual Rows": 48328}], "Actual Rows": 48328}, {"Node Type": "Index Scan", "Parent Relationship": "Inner", "Scan Direction": "Forward", "Index Name": "movie_id_cast_info", "Relation Name": "cast_info", "Alias": "ci", "Startup Cost": 0.0, "Total Cost": 0.98, "Plan Rows": 1, "Plan Width": 12, "Actual Min Startup Time": 2114.951, "Actual Max Startup Time": 2114.951, "Actual Min Total Time": 2217.878, "Actual Max Total Time": 2217.878, "Index Cond": "(movie_id = t.id)", "Rows Removed by Index Recheck": 0, "Filter": "((note)::text = '(voice: English version)'::text)", "Rows Removed by Filter": 1531710, "Actual Rows": 19600}], "Actual Rows": 19600}], "Actual Rows": 19601}], "Actual Rows": 7438}, {"Node Type": "Index Scan", "Parent Relationship": "Inner", "Scan Direction": "Forward", "Index Name": "person_id_aka_name", "Relation Name": "aka_name", "Alias": "an1", "Startup Cost": 0.0, "Total Cost": 0.84, "Plan Rows": 1, "Plan Width": 20, "Actual Min Startup Time": 23.528, "Actual Max Startup Time": 23.528, "Actual Min Total Time": 30.5, "Actual Max Total Time": 30.5, "Index Cond": "(person_id = ci.person_id)", "Rows Removed by Index Recheck": 0, "Actual Rows": 17379}], "Actual Rows": 17379}, {"Node Type": "Index Scan", "Parent Relationship": "Inner", "Scan Direction": "Forward", "Index Name": "name_pkey", "Relation Name": "name", "Alias": "n1", "Startup Cost": 0.0, "Total Cost": 0.57, "Plan Rows": 1, "Plan Width": 4, "Actual Min Startup Time": 57.245, "Actual Max Startup Time": 57.245, "Actual Min Total Time": 57.245, "Actual Max Total Time": 57.245, "Index Cond": "(id = an1.person_id)", "Rows Removed by Index Recheck": 0, "Filter": "(((name)::text ~~ '%Yo%'::text) AND ((name)::text !~~ '%Yu%'::text))", "Rows Removed by Filter": 17317, "Actual Rows": 62}], "Actual Rows": 62}], "Actual Rows": 1}, "Triggers": [], "Planner Runtime": 46, "Total Runtime": 2742.745, "Unique SQL Id": 3544391839}}, "(16, 33)": {"explain_plan": {"Plan": {"Node Type": "Aggregate", "Strategy": "Plain", "Startup Cost": 109007.69, "Total Cost": 109007.7, "Plan Rows": 1, "Plan Width": 97, "Plans": [{"Node Type": "Nested Loop", "Parent Relationship": "Outer", "Join Type": "Inner", "Startup Cost": 2780.8, "Total Cost": 109007.63, "Plan Rows": 12, "Plan Width": 33, "Inner Unique": true, "Plans": [{"Node Type": "Nested Loop", "Parent Relationship": "Outer", "Join Type": "Inner", "Startup Cost": 2780.8, "Total Cost": 108632.09, "Plan Rows": 645, "Plan Width": 41, "Inner Unique": false, "Plans": [{"Node Type": "Nested Loop", "Parent Relationship": "Outer", "Join Type": "Inner", "Startup Cost": 2780.8, "Total Cost": 108177.88, "Plan Rows": 532, "Plan Width": 21, "Inner Unique": false, "Join Filter": "(ci.role_id = rt.id)", "Plans": [{"Node Type": "Index Scan", "Parent Relationship": "Outer", "Scan Direction": "Forward", "Index Name": "role_type_pkey", "Relation Name": "role_type", "Alias": "rt", "Startup Cost": 0.0, "Total Cost": 12.46, "Plan Rows": 1, "Plan Width": 4, "Filter": "((role)::text = 'actress'::text)"}, {"Node Type": "Nested Loop", "Parent Relationship": "Inner", "Join Type": "Inner", "Startup Cost": 2780.8, "Total Cost": 108092.33, "Plan Rows": 5847, "Plan Width": 25, "Inner Unique": false, "Plans": [{"Node Type": "Nested Loop", "Parent Relationship": "Outer", "Join Type": "Inner", "Startup Cost": 2780.8, "Total Cost": 102349.74, "Plan Rows": 5775, "Plan Width": 25, "Inner Unique": true, "Plans": [{"Node Type": "Nested Loop", "Parent Relationship": "Outer", "Join Type": "Inner", "Startup Cost": 2780.8, "Total Cost": 79702.64, "Plan Rows": 5775, "Plan Width": 4, "Inner Unique": false, "Plans": [{"Node Type": "Bitmap Heap Scan", "Parent Relationship": "Outer", "Relation Name": "company_name", "Alias": "cn", "Startup Cost": 2780.8, "Total Cost": 8684.25, "Plan Rows": 6290, "Plan Width": 4, "Filter": "((country_code)::text = '[jp]'::text)", "Plans": [{"Node Type": "Bitmap Index Scan", "Parent Relationship": "Outer", "Index Name": "company_name_pkey", "Startup Cost": 0.0, "Total Cost": 2779.23, "Plan Rows": 234996, "Plan Width": 0}]}, {"Node Type": "Index Scan", "Parent Relationship": "Inner", "Scan Direction": "Forward", "Index Name": "company_id_movie_companies", "Relation Name": "movie_companies", "Alias": "mc", "Startup Cost": 0.0, "Total Cost": 11.28, "Plan Rows": 1, "Plan Width": 8, "Index Cond": "(company_id = cn.id)", "Filter": "(((note)::text ~~ '%(Japan)%'::text) AND ((note)::text !~~ '%(USA)%'::text))"}]}, {"Node Type": "Index Scan", "Parent Relationship": "Inner", "Scan Direction": "Forward", "Index Name": "title_pkey", "Relation Name": "title", "Alias": "t", "Startup Cost": 0.0, "Total Cost": 3.91, "Plan Rows": 1, "Plan Width": 21, "Index Cond": "(id = mc.movie_id)"}]}, {"Node Type": "Index Scan", "Parent Relationship": "Inner", "Scan Direction": "Forward", "Index Name": "movie_id_cast_info", "Relation Name": "cast_info", "Alias": "ci", "Startup Cost": 0.0, "Total Cost": 0.98, "Plan Rows": 1, "Plan Width": 12, "Index Cond": "(movie_id = t.id)", "Filter": "((note)::text = '(voice: English version)'::text)"}]}]}, {"Node Type": "Index Scan", "Parent Relationship": "Inner", "Scan Direction": "Forward", "Index Name": "person_id_aka_name", "Relation Name": "aka_name", "Alias": "an1", "Startup Cost": 0.0, "Total Cost": 0.84, "Plan Rows": 1, "Plan Width": 20, "Index Cond": "(person_id = ci.person_id)"}]}, {"Node Type": "Index Scan", "Parent Relationship": "Inner", "Scan Direction": "Forward", "Index Name": "name_pkey", "Relation Name": "name", "Alias": "n1", "Startup Cost": 0.0, "Total Cost": 0.57, "Plan Rows": 1, "Plan Width": 4, "Index Cond": "(id = an1.person_id)", "Filter": "(((name)::text ~~ '%Yo%'::text) AND ((name)::text !~~ '%Yu%'::text))"}]}]}, "Unique SQL Id": 3544391839, "Planner Runtime": 20}, "explain_analyze_plan": {"Plan": {"Node Type": "Aggregate", "Strategy": "Plain", "Startup Cost": 109007.69, "Total Cost": 109007.7, "Plan Rows": 1, "Plan Width": 97, "Actual Startup Time": 3716.181, "Actual Total Time": 3716.182, "Actual Rows": 1, "Actual Loops": 1, "Plans": [{"Node Type": "Nested Loop", "Parent Relationship": "Outer", "Join Type": "Inner", "Startup Cost": 2780.8, "Total Cost": 109007.63, "Plan Rows": 12, "Plan Width": 33, "Actual Startup Time": 358.228, "Actual Total Time": 3715.857, "Actual Rows": 62, "Actual Loops": 1, "Inner Unique": true, "Plans": [{"Node Type": "Nested Loop", "Parent Relationship": "Outer", "Join Type": "Inner", "Startup Cost": 2780.8, "Total Cost": 108632.09, "Plan Rows": 645, "Plan Width": 41, "Actual Startup Time": 22.767, "Actual Total Time": 3639.479, "Actual Rows": 17379, "Actual Loops": 1, "Inner Unique": false, "Plans": [{"Node Type": "Nested Loop", "Parent Relationship": "Outer", "Join Type": "Inner", "Startup Cost": 2780.8, "Total Cost": 108177.88, "Plan Rows": 532, "Plan Width": 21, "Actual Startup Time": 22.751, "Actual Total Time": 3586.897, "Actual Rows": 7438, "Actual Loops": 1, "Inner Unique": false, "Join Filter": "(ci.role_id = rt.id)", "Rows Removed by Join Filter": 12162, "Plans": [{"Node Type": "Index Scan", "Parent Relationship": "Outer", "Scan Direction": "Forward", "Index Name": "role_type_pkey", "Relation Name": "role_type", "Alias": "rt", "Startup Cost": 0.0, "Total Cost": 12.46, "Plan Rows": 1, "Plan Width": 4, "Actual Startup Time": 0.028, "Actual Total Time": 0.04, "Actual Rows": 1, "Actual Loops": 1, "Filter": "((role)::text = 'actress'::text)", "Rows Removed by Filter": 11}, {"Node Type": "Nested Loop", "Parent Relationship": "Inner", "Join Type": "Inner", "Startup Cost": 2780.8, "Total Cost": 108092.33, "Plan Rows": 5847, "Plan Width": 25, "Actual Startup Time": 22.716, "Actual Total Time": 3581.535, "Actual Rows": 19600, "Actual Loops": 1, "Inner Unique": false, "Plans": [{"Node Type": "Nested Loop", "Parent Relationship": "Outer", "Join Type": "Inner", "Startup Cost": 2780.8, "Total Cost": 102349.74, "Plan Rows": 5775, "Plan Width": 25, "Actual Startup Time": 22.629, "Actual Total Time": 692.33, "Actual Rows": 48328, "Actual Loops": 1, "Inner Unique": true, "Plans": [{"Node Type": "Nested Loop", "Parent Relationship": "Outer", "Join Type": "Inner", "Startup Cost": 2780.8, "Total Cost": 79702.64, "Plan Rows": 5775, "Plan Width": 4, "Actual Startup Time": 22.606, "Actual Total Time": 386.335, "Actual Rows": 48328, "Actual Loops": 1, "Inner Unique": false, "Plans": [{"Node Type": "Bitmap Heap Scan", "Parent Relationship": "Outer", "Relation Name": "company_name", "Alias": "cn", "Startup Cost": 2780.8, "Total Cost": 8684.25, "Plan Rows": 6290, "Plan Width": 4, "Actual Startup Time": 22.562, "Actual Total Time": 154.469, "Actual Rows": 6752, "Actual Loops": 1, "Filter": "((country_code)::text = '[jp]'::text)", "Rows Removed by Filter": 228244, "Exact Heap Blocks": 2966, "Lossy Heap Blocks": 2966, "Plans": [{"Node Type": "Bitmap Index Scan", "Parent Relationship": "Outer", "Index Name": "company_name_pkey", "Startup Cost": 0.0, "Total Cost": 2779.23, "Plan Rows": 234996, "Plan Width": 0, "Actual Startup Time": 22.102, "Actual Total Time": 22.102, "Actual Rows": 234996, "Actual Loops": 1}]}, {"Node Type": "Index Scan", "Parent Relationship": "Inner", "Scan Direction": "Forward", "Index Name": "company_id_movie_companies", "Relation Name": "movie_companies", "Alias": "mc", "Startup Cost": 0.0, "Total Cost": 11.28, "Plan Rows": 1, "Plan Width": 8, "Actual Startup Time": 58.648, "Actual Total Time": 215.91, "Actual Rows": 48328, "Actual Loops": 6752, "Index Cond": "(company_id = cn.id)", "Rows Removed by Index Recheck": 0, "Filter": "(((note)::text ~~ '%(Japan)%'::text) AND ((note)::text !~~ '%(USA)%'::text))", "Rows Removed by Filter": 56667}]}, {"Node Type": "Index Scan", "Parent Relationship": "Inner", "Scan Direction": "Forward", "Index Name": "title_pkey", "Relation Name": "title", "Alias": "t", "Startup Cost": 0.0, "Total Cost": 3.91, "Plan Rows": 1, "Plan Width": 21, "Actual Startup Time": 263.066, "Actual Total Time": 263.066, "Actual Rows": 48328, "Actual Loops": 48328, "Index Cond": "(id = mc.movie_id)", "Rows Removed by Index Recheck": 0}]}, {"Node Type": "Index Scan", "Parent Relationship": "Inner", "Scan Direction": "Forward", "Index Name": "movie_id_cast_info", "Relation Name": "cast_info", "Alias": "ci", "Startup Cost": 0.0, "Total Cost": 0.98, "Plan Rows": 1, "Plan Width": 12, "Actual Startup Time": 2731.603, "Actual Total Time": 2857.929, "Actual Rows": 19600, "Actual Loops": 48328, "Index Cond": "(movie_id = t.id)", "Rows Removed by Index Recheck": 0, "Filter": "((note)::text = '(voice: English version)'::text)", "Rows Removed by Filter": 1531710}]}]}, {"Node Type": "Index Scan", "Parent Relationship": "Inner", "Scan Direction": "Forward", "Index Name": "person_id_aka_name", "Relation Name": "aka_name", "Alias": "an1", "Startup Cost": 0.0, "Total Cost": 0.84, "Plan Rows": 1, "Plan Width": 20, "Actual Startup Time": 35.029, "Actual Total Time": 43.394, "Actual Rows": 17379, "Actual Loops": 7438, "Index Cond": "(person_id = ci.person_id)", "Rows Removed by Index Recheck": 0}]}, {"Node Type": "Index Scan", "Parent Relationship": "Inner", "Scan Direction": "Forward", "Index Name": "name_pkey", "Relation Name": "name", "Alias": "n1", "Startup Cost": 0.0, "Total Cost": 0.57, "Plan Rows": 1, "Plan Width": 4, "Actual Startup Time": 67.222, "Actual Total Time": 67.222, "Actual Rows": 62, "Actual Loops": 17379, "Index Cond": "(id = an1.person_id)", "Rows Removed by Index Recheck": 0, "Filter": "(((name)::text ~~ '%Yo%'::text) AND ((name)::text !~~ '%Yu%'::text))", "Rows Removed by Filter": 17317}]}]}, "Triggers": [], "Planner Runtime": 7, "Total Runtime": 3716.783, "Unique SQL Id": 3544391839}}, "(16, 34)": {"explain_plan": {"Plan": {"Node Type": "Aggregate", "Strategy": "Plain", "Startup Cost": 87864.29, "Total Cost": 87864.3, "Plan Rows": 1, "Plan Width": 97, "Plans": [{"Node Type": "Nested Loop", "Parent Relationship": "Outer", "Join Type": "Inner", "Startup Cost": 5984.57, "Total Cost": 87861.06, "Plan Rows": 646, "Plan Width": 33, "Inner Unique": true, "Plans": [{"Node Type": "Nested Loop", "Parent Relationship": "Outer", "Join Type": "Inner", "Startup Cost": 5984.25, "Total Cost": 85052.47, "Plan Rows": 645, "Plan Width": 41, "Inner Unique": false, "Plans": [{"Node Type": "Nested Loop", "Parent Relationship": "Outer", "Join Type": "Inner", "Startup Cost": 5983.86, "Total Cost": 82709.91, "Plan Rows": 532, "Plan Width": 21, "Inner Unique": false, "Join Filter": "(ci.role_id = rt.id)", "Plans": [{"Node Type": "Seq Scan", "Parent Relationship": "Outer", "Relation Name": "role_type", "Alias": "rt", "Startup Cost": 0.0, "Total Cost": 1.15, "Plan Rows": 1, "Plan Width": 4, "Filter": "((role)::text = 'actress'::text)"}, {"Node Type": "Materialize", "Parent Relationship": "Inner", "Startup Cost": 5983.86, "Total Cost": 82650.29, "Plan Rows": 5847, "Plan Width": 25, "Plans": [{"Node Type": "Nested Loop", "Parent Relationship": "Outer", "Join Type": "Inner", "Startup Cost": 5983.86, "Total Cost": 82635.67, "Plan Rows": 5847, "Plan Width": 25, "Inner Unique": false, "Plans": [{"Node Type": "Nested Loop", "Parent Relationship": "Outer", "Join Type": "Inner", "Startup Cost": 5983.35, "Total Cost": 55977.85, "Plan Rows": 5775, "Plan Width": 25, "Inner Unique": true, "Plans": [{"Node Type": "Hash Join", "Parent Relationship": "Outer", "Join Type": "Inner", "Startup Cost": 5982.08, "Total Cost": 25391.5, "Plan Rows": 5775, "Plan Width": 4, "Inner Unique": true, "Hash Cond": "(mc.company_id = cn.id)", "Plans": [{"Node Type": "Streaming(type: LOCAL GATHER dop: 1/16)", "Parent Relationship": "Outer", "Startup Cost": 0.0, "Total Cost": 19215.08, "Plan Rows": 36426, "Plan Width": 8, "Plans": [{"Node Type": "Seq Scan", "Parent Relationship": "Outer", "Relation Name": "movie_companies", "Alias": "mc", "Startup Cost": 0.0, "Total Cost": 18428.93, "Plan Rows": 36426, "Plan Width": 8, "Filter": "(((note)::text ~~ '%(Japan)%'::text) AND ((note)::text !~~ '%(USA)%'::text))"}]}, {"Node Type": "Hash", "Parent Relationship": "Inner", "Startup Cost": 5903.45, "Total Cost": 5903.45, "Plan Rows": 6290, "Plan Width": 4, "Plans": [{"Node Type": "Seq Scan", "Parent Relationship": "Outer", "Relation Name": "company_name", "Alias": "cn", "Startup Cost": 0.0, "Total Cost": 5903.45, "Plan Rows": 6290, "Plan Width": 4, "Filter": "((country_code)::text = '[jp]'::text)"}]}]}, {"Node Type": "Bitmap Heap Scan", "Parent Relationship": "Inner", "Relation Name": "title", "Alias": "t", "Startup Cost": 1.27, "Total Cost": 5.29, "Plan Rows": 1, "Plan Width": 21, "Recheck Cond": "(id = mc.movie_id)", "Plans": [{"Node Type": "Bitmap Index Scan", "Parent Relationship": "Outer", "Index Name": "title_pkey", "Startup Cost": 0.0, "Total Cost": 1.27, "Plan Rows": 1, "Plan Width": 0, "Index Cond": "(id = mc.movie_id)"}]}]}, {"Node Type": "Bitmap Heap Scan", "Parent Relationship": "Inner", "Relation Name": "cast_info", "Alias": "ci", "Startup Cost": 0.52, "Total Cost": 4.61, "Plan Rows": 1, "Plan Width": 12, "Recheck Cond": "(movie_id = t.id)", "Filter": "((note)::text = '(voice: English version)'::text)", "Plans": [{"Node Type": "Bitmap Index Scan", "Parent Relationship": "Outer", "Index Name": "movie_id_cast_info", "Startup Cost": 0.0, "Total Cost": 0.52, "Plan Rows": 6, "Plan Width": 0, "Index Cond": "(movie_id = t.id)"}]}]}]}]}, {"Node Type": "Bitmap Heap Scan", "Parent Relationship": "Inner", "Relation Name": "aka_name", "Alias": "an1", "Startup Cost": 0.38, "Total Cost": 4.39, "Plan Rows": 1, "Plan Width": 20, "Recheck Cond": "(person_id = ci.person_id)", "Plans": [{"Node Type": "Bitmap Index Scan", "Parent Relationship": "Outer", "Index Name": "person_id_aka_name", "Startup Cost": 0.0, "Total Cost": 0.38, "Plan Rows": 1, "Plan Width": 0, "Index Cond": "(person_id = ci.person_id)"}]}]}, {"Node Type": "Bitmap Heap Scan", "Parent Relationship": "Inner", "Relation Name": "name", "Alias": "n1", "Startup Cost": 0.33, "Total Cost": 4.34, "Plan Rows": 1, "Plan Width": 4, "Recheck Cond": "(id = an1.person_id)", "Filter": "(((name)::text ~~ '%Yo%'::text) AND ((name)::text !~~ '%Yu%'::text))", "Plans": [{"Node Type": "Bitmap Index Scan", "Parent Relationship": "Outer", "Index Name": "name_pkey", "Startup Cost": 0.0, "Total Cost": 0.33, "Plan Rows": 1, "Plan Width": 0, "Index Cond": "(id = an1.person_id)"}]}]}]}, "Unique SQL Id": 3544391839, "Planner Runtime": 92}, "explain_analyze_plan": {"Plan": {"Node Type": "Aggregate", "Strategy": "Plain", "Startup Cost": 87864.29, "Total Cost": 87864.3, "Plan Rows": 1, "Plan Width": 97, "Actual Min Startup Time": 4168.893, "Actual Max Startup Time": 4168.893, "Actual Min Total Time": 4168.894, "Actual Max Total Time": 4168.894, "Plans": [{"Node Type": "Nested Loop", "Parent Relationship": "Outer", "Join Type": "Inner", "Startup Cost": 5984.57, "Total Cost": 87861.06, "Plan Rows": 646, "Plan Width": 33, "Actual Min Startup Time": 4044.828, "Actual Max Startup Time": 4044.828, "Actual Min Total Time": 4168.776, "Actual Max Total Time": 4168.776, "Inner Unique": true, "Plans": [{"Node Type": "Nested Loop", "Parent Relationship": "Outer", "Join Type": "Inner", "Startup Cost": 5984.25, "Total Cost": 85052.47, "Plan Rows": 645, "Plan Width": 41, "Actual Min Startup Time": 4011.43, "Actual Max Startup Time": 4011.43, "Actual Min Total Time": 4073.455, "Actual Max Total Time": 4073.455, "Inner Unique": false, "Plans": [{"Node Type": "Nested Loop", "Parent Relationship": "Outer", "Join Type": "Inner", "Startup Cost": 5983.86, "Total Cost": 82709.91, "Plan Rows": 532, "Plan Width": 21, "Actual Min Startup Time": 4011.401, "Actual Max Startup Time": 4011.401, "Actual Min Total Time": 4021.721, "Actual Max Total Time": 4021.721, "Inner Unique": false, "Join Filter": "(ci.role_id = rt.id)", "Rows Removed by Join Filter": 12162, "Plans": [{"Node Type": "Seq Scan", "Parent Relationship": "Outer", "Relation Name": "role_type", "Alias": "rt", "Startup Cost": 0.0, "Total Cost": 1.15, "Plan Rows": 1, "Plan Width": 4, "Actual Min Startup Time": 0.037, "Actual Max Startup Time": 0.037, "Actual Min Total Time": 0.046, "Actual Max Total Time": 0.046, "Filter": "((role)::text = 'actress'::text)", "Rows Removed by Filter": 11, "Actual Rows": 1}, {"Node Type": "Materialize", "Parent Relationship": "Inner", "Startup Cost": 5983.86, "Total Cost": 82650.29, "Plan Rows": 5847, "Plan Width": 25, "Actual Min Startup Time": 4011.337, "Actual Max Startup Time": 4011.337, "Actual Min Total Time": 4015.032, "Actual Max Total Time": 4015.032, "Plans": [{"Node Type": "Nested Loop", "Parent Relationship": "Outer", "Join Type": "Inner", "Startup Cost": 5983.86, "Total Cost": 82635.67, "Plan Rows": 5847, "Plan Width": 25, "Actual Min Startup Time": 93.596, "Actual Max Startup Time": 93.596, "Actual Min Total Time": 4004.823, "Actual Max Total Time": 4004.823, "Inner Unique": false, "Plans": [{"Node Type": "Nested Loop", "Parent Relationship": "Outer", "Join Type": "Inner", "Startup Cost": 5983.35, "Total Cost": 55977.85, "Plan Rows": 5775, "Plan Width": 25, "Actual Min Startup Time": 84.937, "Actual Max Startup Time": 84.937, "Actual Min Total Time": 493.268, "Actual Max Total Time": 493.268, "Inner Unique": true, "Plans": [{"Node Type": "Hash Join", "Parent Relationship": "Outer", "Join Type": "Inner", "Startup Cost": 5982.08, "Total Cost": 25391.5, "Plan Rows": 5775, "Plan Width": 4, "Actual Min Startup Time": 84.859, "Actual Max Startup Time": 84.859, "Actual Min Total Time": 143.219, "Actual Max Total Time": 143.219, "Inner Unique": true, "Hash Cond": "(mc.company_id = cn.id)", "Plans": [{"Node Type": "Streaming(type: LOCAL GATHER dop: 1/16)", "Parent Relationship": "Outer", "Startup Cost": 0.0, "Total Cost": 19215.08, "Plan Rows": 36426, "Plan Width": 8, "Actual Min Startup Time": 0.088, "Actual Max Startup Time": 0.088, "Actual Min Total Time": 22.29, "Actual Max Total Time": 22.29, "Plans": [{"Node Type": "Seq Scan", "Parent Relationship": "Outer", "Relation Name": "movie_companies", "Alias": "mc", "Startup Cost": 0.0, "Total Cost": 18428.93, "Plan Rows": 36426, "Plan Width": 8, "Actual Min Startup Time": 0.038, "Actual Max Startup Time": 0.363, "Actual Min Total Time": 53.649, "Actual Max Total Time": 61.522, "Filter": "(((note)::text ~~ '%(Japan)%'::text) AND ((note)::text !~~ '%(USA)%'::text))", "Rows Removed by Filter": 2560231, "Actual Rows": 48897}], "Actual Rows": 48897}, {"Node Type": "Hash", "Parent Relationship": "Inner", "Startup Cost": 5903.45, "Total Cost": 5903.45, "Plan Rows": 6290, "Plan Width": 4, "Actual Min Startup Time": 84.685, "Actual Max Startup Time": 84.685, "Actual Min Total Time": 84.685, "Actual Max Total Time": 84.685, "Max Hash Buckets": 32768, "Min Hash Buckets": 32768, "Max Hash Batches": 1, "Min Hash Batches": 1, "Max Original Hash Batches": 1, "Min Original Hash Batches": 1, "Max Peak Memory Usage": 238, "min Peak Memory Usage": 238, "Plans": [{"Node Type": "Seq Scan", "Parent Relationship": "Outer", "Relation Name": "company_name", "Alias": "cn", "Startup Cost": 0.0, "Total Cost": 5903.45, "Plan Rows": 6290, "Plan Width": 4, "Actual Min Startup Time": 0.063, "Actual Max Startup Time": 0.063, "Actual Min Total Time": 82.565, "Actual Max Total Time": 82.565, "Filter": "((country_code)::text = '[jp]'::text)", "Rows Removed by Filter": 228244, "Actual Rows": 6752}], "Actual Rows": 6752}], "Actual Rows": 48328}, {"Node Type": "Bitmap Heap Scan", "Parent Relationship": "Inner", "Relation Name": "title", "Alias": "t", "Startup Cost": 1.27, "Total Cost": 5.29, "Plan Rows": 1, "Plan Width": 21, "Actual Min Startup Time": 273.957, "Actual Max Startup Time": 273.957, "Actual Min Total Time": 273.957, "Actual Max Total Time": 273.957, "Recheck Cond": "(id = mc.movie_id)", "Rows Removed by Index Recheck": 0, "Exact Heap Blocks": 48328, "Lossy Heap Blocks": 48328, "Plans": [{"Node Type": "Bitmap Index Scan", "Parent Relationship": "Outer", "Index Name": "title_pkey", "Startup Cost": 0.0, "Total Cost": 1.27, "Plan Rows": 1, "Plan Width": 0, "Actual Min Startup Time": 149.902, "Actual Max Startup Time": 149.902, "Actual Min Total Time": 149.902, "Actual Max Total Time": 149.902, "Index Cond": "(id = mc.movie_id)", "Actual Rows": 48328}], "Actual Rows": 48328}], "Actual Rows": 48328}, {"Node Type": "Bitmap Heap Scan", "Parent Relationship": "Inner", "Relation Name": "cast_info", "Alias": "ci", "Startup Cost": 0.52, "Total Cost": 4.61, "Plan Rows": 1, "Plan Width": 12, "Actual Min Startup Time": 3303.822, "Actual Max Startup Time": 3303.822, "Actual Min Total Time": 3439.567, "Actual Max Total Time": 3439.567, "Recheck Cond": "(movie_id = t.id)", "Rows Removed by Index Recheck": 0, "Filter": "((note)::text = '(voice: English version)'::text)", "Rows Removed by Filter": 1531710, "Exact Heap Blocks": 1503105, "Lossy Heap Blocks": 1503105, "Plans": [{"Node Type": "Bitmap Index Scan", "Parent Relationship": "Outer", "Index Name": "movie_id_cast_info", "Startup Cost": 0.0, "Total Cost": 0.52, "Plan Rows": 6, "Plan Width": 0, "Actual Min Startup Time": 454.018, "Actual Max Startup Time": 454.018, "Actual Min Total Time": 454.018, "Actual Max Total Time": 454.018, "Index Cond": "(movie_id = t.id)", "Actual Rows": 1551310}], "Actual Rows": 19600}], "Actual Rows": 19600}], "Actual Rows": 19601}], "Actual Rows": 7438}, {"Node Type": "Bitmap Heap Scan", "Parent Relationship": "Inner", "Relation Name": "aka_name", "Alias": "an1", "Startup Cost": 0.38, "Total Cost": 4.39, "Plan Rows": 1, "Plan Width": 20, "Actual Min Startup Time": 34.843, "Actual Max Startup Time": 34.843, "Actual Min Total Time": 39.278, "Actual Max Total Time": 39.278, "Recheck Cond": "(person_id = ci.person_id)", "Rows Removed by Index Recheck": 0, "Exact Heap Blocks": 6514, "Lossy Heap Blocks": 6514, "Plans": [{"Node Type": "Bitmap Index Scan", "Parent Relationship": "Outer", "Index Name": "person_id_aka_name", "Startup Cost": 0.0, "Total Cost": 0.38, "Plan Rows": 1, "Plan Width": 0, "Actual Min Startup Time": 22.916, "Actual Max Startup Time": 22.916, "Actual Min Total Time": 22.916, "Actual Max Total Time": 22.916, "Index Cond": "(person_id = ci.person_id)", "Actual Rows": 17379}], "Actual Rows": 17379}], "Actual Rows": 17379}, {"Node Type": "Bitmap Heap Scan", "Parent Relationship": "Inner", "Relation Name": "name", "Alias": "n1", "Startup Cost": 0.33, "Total Cost": 4.34, "Plan Rows": 1, "Plan Width": 4, "Actual Min Startup Time": 75.179, "Actual Max Startup Time": 75.179, "Actual Min Total Time": 75.179, "Actual Max Total Time": 75.179, "Recheck Cond": "(id = an1.person_id)", "Rows Removed by Index Recheck": 0, "Filter": "(((name)::text ~~ '%Yo%'::text) AND ((name)::text !~~ '%Yu%'::text))", "Rows Removed by Filter": 17317, "Exact Heap Blocks": 17379, "Lossy Heap Blocks": 17379, "Plans": [{"Node Type": "Bitmap Index Scan", "Parent Relationship": "Outer", "Index Name": "name_pkey", "Startup Cost": 0.0, "Total Cost": 0.33, "Plan Rows": 1, "Plan Width": 0, "Actual Min Startup Time": 43.964, "Actual Max Startup Time": 43.964, "Actual Min Total Time": 43.964, "Actual Max Total Time": 43.964, "Index Cond": "(id = an1.person_id)", "Actual Rows": 17379}], "Actual Rows": 62}], "Actual Rows": 62}], "Actual Rows": 1}, "Triggers": [], "Planner Runtime": 91, "Total Runtime": 4172.216, "Unique SQL Id": 3544391839}}, "(16, 35)": {"explain_plan": {"Plan": {"Node Type": "Aggregate", "Strategy": "Plain", "Startup Cost": 166618.15, "Total Cost": 166618.16, "Plan Rows": 1, "Plan Width": 97, "Plans": [{"Node Type": "Nested Loop", "Parent Relationship": "Outer", "Join Type": "Inner", "Startup Cost": 2795.56, "Total Cost": 166618.09, "Plan Rows": 12, "Plan Width": 33, "Inner Unique": false, "Join Filter": "(n1.id = an1.person_id)", "Plans": [{"Node Type": "Nested Loop", "Parent Relationship": "Outer", "Join Type": "Inner", "Startup Cost": 2795.18, "Total Cost": 166274.44, "Plan Rows": 78, "Plan Width": 25, "Inner Unique": true, "Plans": [{"Node Type": "Nested Loop", "Parent Relationship": "Outer", "Join Type": "Inner", "Startup Cost": 2794.28, "Total Cost": 163651.8, "Plan Rows": 532, "Plan Width": 21, "Inner Unique": false, "Join Filter": "(ci.role_id = rt.id)", "Plans": [{"Node Type": "Bitmap Heap Scan", "Parent Relationship": "Outer", "Relation Name": "role_type", "Alias": "rt", "Startup Cost": 8.31, "Total Cost": 12.46, "Plan Rows": 1, "Plan Width": 4, "Filter": "((role)::text = 'actress'::text)", "Plans": [{"Node Type": "Bitmap Index Scan", "Parent Relationship": "Outer", "Index Name": "role_type_pkey", "Startup Cost": 0.0, "Total Cost": 8.31, "Plan Rows": 12, "Plan Width": 0}]}, {"Node Type": "Nested Loop", "Parent Relationship": "Inner", "Join Type": "Inner", "Startup Cost": 2785.97, "Total Cost": 163566.25, "Plan Rows": 5847, "Plan Width": 25, "Inner Unique": false, "Plans": [{"Node Type": "Nested Loop", "Parent Relationship": "Outer", "Join Type": "Inner", "Startup Cost": 2785.45, "Total Cost": 136908.44, "Plan Rows": 5775, "Plan Width": 25, "Inner Unique": true, "Plans": [{"Node Type": "Nested Loop", "Parent Relationship": "Outer", "Join Type": "Inner", "Startup Cost": 2784.18, "Total Cost": 106322.09, "Plan Rows": 5775, "Plan Width": 4, "Inner Unique": false, "Plans": [{"Node Type": "Bitmap Heap Scan", "Parent Relationship": "Outer", "Relation Name": "company_name", "Alias": "cn", "Startup Cost": 2780.8, "Total Cost": 8684.25, "Plan Rows": 6290, "Plan Width": 4, "Filter": "((country_code)::text = '[jp]'::text)", "Plans": [{"Node Type": "Bitmap Index Scan", "Parent Relationship": "Outer", "Index Name": "company_name_pkey", "Startup Cost": 0.0, "Total Cost": 2779.23, "Plan Rows": 234996, "Plan Width": 0}]}, {"Node Type": "Bitmap Heap Scan", "Parent Relationship": "Inner", "Relation Name": "movie_companies", "Alias": "mc", "Startup Cost": 3.37, "Total Cost": 15.51, "Plan Rows": 1, "Plan Width": 8, "Recheck Cond": "(company_id = cn.id)", "Filter": "(((note)::text ~~ '%(Japan)%'::text) AND ((note)::text !~~ '%(USA)%'::text))", "Plans": [{"Node Type": "Bitmap Index Scan", "Parent Relationship": "Outer", "Index Name": "company_id_movie_companies", "Startup Cost": 0.0, "Total Cost": 3.37, "Plan Rows": 15, "Plan Width": 0, "Index Cond": "(company_id = cn.id)"}]}]}, {"Node Type": "Bitmap Heap Scan", "Parent Relationship": "Inner", "Relation Name": "title", "Alias": "t", "Startup Cost": 1.27, "Total Cost": 5.29, "Plan Rows": 1, "Plan Width": 21, "Recheck Cond": "(id = mc.movie_id)", "Plans": [{"Node Type": "Bitmap Index Scan", "Parent Relationship": "Outer", "Index Name": "title_pkey", "Startup Cost": 0.0, "Total Cost": 1.27, "Plan Rows": 1, "Plan Width": 0, "Index Cond": "(id = mc.movie_id)"}]}]}, {"Node Type": "Bitmap Heap Scan", "Parent Relationship": "Inner", "Relation Name": "cast_info", "Alias": "ci", "Startup Cost": 0.52, "Total Cost": 4.61, "Plan Rows": 1, "Plan Width": 12, "Recheck Cond": "(movie_id = t.id)", "Filter": "((note)::text = '(voice: English version)'::text)", "Plans": [{"Node Type": "Bitmap Index Scan", "Parent Relationship": "Outer", "Index Name": "movie_id_cast_info", "Startup Cost": 0.0, "Total Cost": 0.52, "Plan Rows": 6, "Plan Width": 0, "Index Cond": "(movie_id = t.id)"}]}]}]}, {"Node Type": "Bitmap Heap Scan", "Parent Relationship": "Inner", "Relation Name": "name", "Alias": "n1", "Startup Cost": 0.9, "Total Cost": 4.92, "Plan Rows": 1, "Plan Width": 4, "Recheck Cond": "(id = ci.person_id)", "Filter": "(((name)::text ~~ '%Yo%'::text) AND ((name)::text !~~ '%Yu%'::text))", "Plans": [{"Node Type": "Bitmap Index Scan", "Parent Relationship": "Outer", "Index Name": "name_pkey", "Startup Cost": 0.0, "Total Cost": 0.9, "Plan Rows": 1, "Plan Width": 0, "Index Cond": "(id = ci.person_id)"}]}]}, {"Node Type": "Bitmap Heap Scan", "Parent Relationship": "Inner", "Relation Name": "aka_name", "Alias": "an1", "Startup Cost": 0.38, "Total Cost": 4.39, "Plan Rows": 1, "Plan Width": 20, "Recheck Cond": "(person_id = ci.person_id)", "Plans": [{"Node Type": "Bitmap Index Scan", "Parent Relationship": "Outer", "Index Name": "person_id_aka_name", "Startup Cost": 0.0, "Total Cost": 0.38, "Plan Rows": 1, "Plan Width": 0, "Index Cond": "(person_id = ci.person_id)"}]}]}]}, "Unique SQL Id": 3544391839, "Planner Runtime": 14}, "explain_analyze_plan": {"Plan": {"Node Type": "Aggregate", "Strategy": "Plain", "Startup Cost": 166618.15, "Total Cost": 166618.16, "Plan Rows": 1, "Plan Width": 97, "Actual Startup Time": 4291.828, "Actual Total Time": 4291.829, "Actual Rows": 1, "Actual Loops": 1, "Plans": [{"Node Type": "Nested Loop", "Parent Relationship": "Outer", "Join Type": "Inner", "Startup Cost": 2795.56, "Total Cost": 166618.09, "Plan Rows": 12, "Plan Width": 33, "Actual Startup Time": 314.534, "Actual Total Time": 4291.369, "Actual Rows": 62, "Actual Loops": 1, "Inner Unique": false, "Join Filter": "(n1.id = an1.person_id)", "Rows Removed by Join Filter": 0, "Plans": [{"Node Type": "Nested Loop", "Parent Relationship": "Outer", "Join Type": "Inner", "Startup Cost": 2795.18, "Total Cost": 166274.44, "Plan Rows": 78, "Plan Width": 25, "Actual Startup Time": 314.496, "Actual Total Time": 4290.42, "Actual Rows": 38, "Actual Loops": 1, "Inner Unique": true, "Plans": [{"Node Type": "Nested Loop", "Parent Relationship": "Outer", "Join Type": "Inner", "Startup Cost": 2794.28, "Total Cost": 163651.8, "Plan Rows": 532, "Plan Width": 21, "Actual Startup Time": 21.567, "Actual Total Time": 4232.137, "Actual Rows": 7438, "Actual Loops": 1, "Inner Unique": false, "Join Filter": "(ci.role_id = rt.id)", "Rows Removed by Join Filter": 12162, "Plans": [{"Node Type": "Bitmap Heap Scan", "Parent Relationship": "Outer", "Relation Name": "role_type", "Alias": "rt", "Startup Cost": 8.31, "Total Cost": 12.46, "Plan Rows": 1, "Plan Width": 4, "Actual Startup Time": 0.061, "Actual Total Time": 0.126, "Actual Rows": 1, "Actual Loops": 1, "Filter": "((role)::text = 'actress'::text)", "Rows Removed by Filter": 11, "Exact Heap Blocks": 1, "Lossy Heap Blocks": 1, "Plans": [{"Node Type": "Bitmap Index Scan", "Parent Relationship": "Outer", "Index Name": "role_type_pkey", "Startup Cost": 0.0, "Total Cost": 8.31, "Plan Rows": 12, "Plan Width": 0, "Actual Startup Time": 0.02, "Actual Total Time": 0.02, "Actual Rows": 12, "Actual Loops": 1}]}, {"Node Type": "Nested Loop", "Parent Relationship": "Inner", "Join Type": "Inner", "Startup Cost": 2785.97, "Total Cost": 163566.25, "Plan Rows": 5847, "Plan Width": 25, "Actual Startup Time": 21.496, "Actual Total Time": 4226.376, "Actual Rows": 19600, "Actual Loops": 1, "Inner Unique": false, "Plans": [{"Node Type": "Nested Loop", "Parent Relationship": "Outer", "Join Type": "Inner", "Startup Cost": 2785.45, "Total Cost": 136908.44, "Plan Rows": 5775, "Plan Width": 25, "Actual Startup Time": 21.338, "Actual Total Time": 811.178, "Actual Rows": 48328, "Actual Loops": 1, "Inner Unique": true, "Plans": [{"Node Type": "Nested Loop", "Parent Relationship": "Outer", "Join Type": "Inner", "Startup Cost": 2784.18, "Total Cost": 106322.09, "Plan Rows": 5775, "Plan Width": 4, "Actual Startup Time": 21.312, "Actual Total Time": 428.082, "Actual Rows": 48328, "Actual Loops": 1, "Inner Unique": false, "Plans": [{"Node Type": "Bitmap Heap Scan", "Parent Relationship": "Outer", "Relation Name": "company_name", "Alias": "cn", "Startup Cost": 2780.8, "Total Cost": 8684.25, "Plan Rows": 6290, "Plan Width": 4, "Actual Startup Time": 21.219, "Actual Total Time": 153.834, "Actual Rows": 6752, "Actual Loops": 1, "Filter": "((country_code)::text = '[jp]'::text)", "Rows Removed by Filter": 228244, "Exact Heap Blocks": 2966, "Lossy Heap Blocks": 2966, "Plans": [{"Node Type": "Bitmap Index Scan", "Parent Relationship": "Outer", "Index Name": "company_name_pkey", "Startup Cost": 0.0, "Total Cost": 2779.23, "Plan Rows": 234996, "Plan Width": 0, "Actual Startup Time": 20.65, "Actual Total Time": 20.65, "Actual Rows": 234996, "Actual Loops": 1}]}, {"Node Type": "Bitmap Heap Scan", "Parent Relationship": "Inner", "Relation Name": "movie_companies", "Alias": "mc", "Startup Cost": 3.37, "Total Cost": 15.51, "Plan Rows": 1, "Plan Width": 8, "Actual Startup Time": 89.122, "Actual Total Time": 250.969, "Actual Rows": 48328, "Actual Loops": 6752, "Recheck Cond": "(company_id = cn.id)", "Rows Removed by Index Recheck": 0, "Filter": "(((note)::text ~~ '%(Japan)%'::text) AND ((note)::text !~~ '%(USA)%'::text))", "Rows Removed by Filter": 56667, "Exact Heap Blocks": 61861, "Lossy Heap Blocks": 61861, "Plans": [{"Node Type": "Bitmap Index Scan", "Parent Relationship": "Outer", "Index Name": "company_id_movie_companies", "Startup Cost": 0.0, "Total Cost": 3.37, "Plan Rows": 15, "Plan Width": 0, "Actual Startup Time": 44.846, "Actual Total Time": 44.846, "Actual Rows": 104995, "Actual Loops": 6752, "Index Cond": "(company_id = cn.id)"}]}]}, {"Node Type": "Bitmap Heap Scan", "Parent Relationship": "Inner", "Relation Name": "title", "Alias": "t", "Startup Cost": 1.27, "Total Cost": 5.29, "Plan Rows": 1, "Plan Width": 21, "Actual Startup Time": 306.293, "Actual Total Time": 306.293, "Actual Rows": 48328, "Actual Loops": 48328, "Recheck Cond": "(id = mc.movie_id)", "Rows Removed by Index Recheck": 0, "Exact Heap Blocks": 48328, "Lossy Heap Blocks": 48328, "Plans": [{"Node Type": "Bitmap Index Scan", "Parent Relationship": "Outer", "Index Name": "title_pkey", "Startup Cost": 0.0, "Total Cost": 1.27, "Plan Rows": 1, "Plan Width": 0, "Actual Startup Time": 183.115, "Actual Total Time": 183.115, "Actual Rows": 48328, "Actual Loops": 48328, "Index Cond": "(id = mc.movie_id)"}]}]}, {"Node Type": "Bitmap Heap Scan", "Parent Relationship": "Inner", "Relation Name": "cast_info", "Alias": "ci", "Startup Cost": 0.52, "Total Cost": 4.61, "Plan Rows": 1, "Plan Width": 12, "Actual Startup Time": 3206.589, "Actual Total Time": 3341.796, "Actual Rows": 19600, "Actual Loops": 48328, "Recheck Cond": "(movie_id = t.id)", "Rows Removed by Index Recheck": 0, "Filter": "((note)::text = '(voice: English version)'::text)", "Rows Removed by Filter": 1531710, "Exact Heap Blocks": 1503105, "Lossy Heap Blocks": 1503105, "Plans": [{"Node Type": "Bitmap Index Scan", "Parent Relationship": "Outer", "Index Name": "movie_id_cast_info", "Startup Cost": 0.0, "Total Cost": 0.52, "Plan Rows": 6, "Plan Width": 0, "Actual Startup Time": 510.321, "Actual Total Time": 510.321, "Actual Rows": 1551310, "Actual Loops": 48328, "Index Cond": "(movie_id = t.id)"}]}]}]}, {"Node Type": "Bitmap Heap Scan", "Parent Relationship": "Inner", "Relation Name": "name", "Alias": "n1", "Startup Cost": 0.9, "Total Cost": 4.92, "Plan Rows": 1, "Plan Width": 4, "Actual Startup Time": 48.401, "Actual Total Time": 48.401, "Actual Rows": 38, "Actual Loops": 7438, "Recheck Cond": "(id = ci.person_id)", "Rows Removed by Index Recheck": 0, "Filter": "(((name)::text ~~ '%Yo%'::text) AND ((name)::text !~~ '%Yu%'::text))", "Rows Removed by Filter": 7400, "Exact Heap Blocks": 7438, "Lossy Heap Blocks": 7438, "Plans": [{"Node Type": "Bitmap Index Scan", "Parent Relationship": "Outer", "Index Name": "name_pkey", "Startup Cost": 0.0, "Total Cost": 0.9, "Plan Rows": 1, "Plan Width": 0, "Actual Startup Time": 29.416, "Actual Total Time": 29.416, "Actual Rows": 7438, "Actual Loops": 7438, "Index Cond": "(id = ci.person_id)"}]}]}, {"Node Type": "Bitmap Heap Scan", "Parent Relationship": "Inner", "Relation Name": "aka_name", "Alias": "an1", "Startup Cost": 0.38, "Total Cost": 4.39, "Plan Rows": 1, "Plan Width": 20, "Actual Startup Time": 0.501, "Actual Total Time": 0.522, "Actual Rows": 62, "Actual Loops": 38, "Recheck Cond": "(person_id = ci.person_id)", "Rows Removed by Index Recheck": 0, "Exact Heap Blocks": 43, "Lossy Heap Blocks": 43, "Plans": [{"Node Type": "Bitmap Index Scan", "Parent Relationship": "Outer", "Index Name": "person_id_aka_name", "Startup Cost": 0.0, "Total Cost": 0.38, "Plan Rows": 1, "Plan Width": 0, "Actual Startup Time": 0.324, "Actual Total Time": 0.324, "Actual Rows": 62, "Actual Loops": 38, "Index Cond": "(person_id = ci.person_id)"}]}]}]}, "Triggers": [], "Planner Runtime": 8, "Total Runtime": 4292.638, "Unique SQL Id": 3544391839}}, "(16, 36)": {"explain_plan": {"Plan": {"Node Type": "Aggregate", "Strategy": "Plain", "Startup Cost": 54685.24, "Total Cost": 54685.25, "Plan Rows": 1, "Plan Width": 97, "Plans": [{"Node Type": "Nested Loop", "Parent Relationship": "Outer", "Join Type": "Inner", "Startup Cost": 5982.08, "Total Cost": 54685.18, "Plan Rows": 12, "Plan Width": 33, "Inner Unique": true, "Plans": [{"Node Type": "Nested Loop", "Parent Relationship": "Outer", "Join Type": "Inner", "Startup Cost": 5982.08, "Total Cost": 54309.64, "Plan Rows": 645, "Plan Width": 41, "Inner Unique": false, "Plans": [{"Node Type": "Nested Loop", "Parent Relationship": "Outer", "Join Type": "Inner", "Startup Cost": 5982.08, "Total Cost": 53855.43, "Plan Rows": 532, "Plan Width": 21, "Inner Unique": false, "Join Filter": "(ci.role_id = rt.id)", "Plans": [{"Node Type": "Seq Scan", "Parent Relationship": "Outer", "Relation Name": "role_type", "Alias": "rt", "Startup Cost": 0.0, "Total Cost": 1.15, "Plan Rows": 1, "Plan Width": 4, "Filter": "((role)::text = 'actress'::text)"}, {"Node Type": "Materialize", "Parent Relationship": "Inner", "Startup Cost": 5982.08, "Total Cost": 53795.81, "Plan Rows": 5847, "Plan Width": 25, "Plans": [{"Node Type": "Nested Loop", "Parent Relationship": "Outer", "Join Type": "Inner", "Startup Cost": 5982.08, "Total Cost": 53781.19, "Plan Rows": 5847, "Plan Width": 25, "Inner Unique": false, "Plans": [{"Node Type": "Nested Loop", "Parent Relationship": "Outer", "Join Type": "Inner", "Startup Cost": 5982.08, "Total Cost": 48038.6, "Plan Rows": 5775, "Plan Width": 25, "Inner Unique": true, "Plans": [{"Node Type": "Hash Join", "Parent Relationship": "Outer", "Join Type": "Inner", "Startup Cost": 5982.08, "Total Cost": 25391.5, "Plan Rows": 5775, "Plan Width": 4, "Inner Unique": true, "Hash Cond": "(mc.company_id = cn.id)", "Plans": [{"Node Type": "Streaming(type: LOCAL GATHER dop: 1/16)", "Parent Relationship": "Outer", "Startup Cost": 0.0, "Total Cost": 19215.08, "Plan Rows": 36426, "Plan Width": 8, "Plans": [{"Node Type": "Seq Scan", "Parent Relationship": "Outer", "Relation Name": "movie_companies", "Alias": "mc", "Startup Cost": 0.0, "Total Cost": 18428.93, "Plan Rows": 36426, "Plan Width": 8, "Filter": "(((note)::text ~~ '%(Japan)%'::text) AND ((note)::text !~~ '%(USA)%'::text))"}]}, {"Node Type": "Hash", "Parent Relationship": "Inner", "Startup Cost": 5903.45, "Total Cost": 5903.45, "Plan Rows": 6290, "Plan Width": 4, "Plans": [{"Node Type": "Seq Scan", "Parent Relationship": "Outer", "Relation Name": "company_name", "Alias": "cn", "Startup Cost": 0.0, "Total Cost": 5903.45, "Plan Rows": 6290, "Plan Width": 4, "Filter": "((country_code)::text = '[jp]'::text)"}]}]}, {"Node Type": "Index Scan", "Parent Relationship": "Inner", "Scan Direction": "Forward", "Index Name": "title_pkey", "Relation Name": "title", "Alias": "t", "Startup Cost": 0.0, "Total Cost": 3.91, "Plan Rows": 1, "Plan Width": 21, "Index Cond": "(id = mc.movie_id)"}]}, {"Node Type": "Index Scan", "Parent Relationship": "Inner", "Scan Direction": "Forward", "Index Name": "movie_id_cast_info", "Relation Name": "cast_info", "Alias": "ci", "Startup Cost": 0.0, "Total Cost": 0.98, "Plan Rows": 1, "Plan Width": 12, "Index Cond": "(movie_id = t.id)", "Filter": "((note)::text = '(voice: English version)'::text)"}]}]}]}, {"Node Type": "Index Scan", "Parent Relationship": "Inner", "Scan Direction": "Forward", "Index Name": "person_id_aka_name", "Relation Name": "aka_name", "Alias": "an1", "Startup Cost": 0.0, "Total Cost": 0.84, "Plan Rows": 1, "Plan Width": 20, "Index Cond": "(person_id = ci.person_id)"}]}, {"Node Type": "Index Scan", "Parent Relationship": "Inner", "Scan Direction": "Forward", "Index Name": "name_pkey", "Relation Name": "name", "Alias": "n1", "Startup Cost": 0.0, "Total Cost": 0.57, "Plan Rows": 1, "Plan Width": 4, "Index Cond": "(id = an1.person_id)", "Filter": "(((name)::text ~~ '%Yo%'::text) AND ((name)::text !~~ '%Yu%'::text))"}]}]}, "Unique SQL Id": 3544391839, "Planner Runtime": 46}, "explain_analyze_plan": {"Plan": {"Node Type": "Aggregate", "Strategy": "Plain", "Startup Cost": 54685.24, "Total Cost": 54685.25, "Plan Rows": 1, "Plan Width": 97, "Actual Min Startup Time": 2739.363, "Actual Max Startup Time": 2739.363, "Actual Min Total Time": 2739.364, "Actual Max Total Time": 2739.364, "Plans": [{"Node Type": "Nested Loop", "Parent Relationship": "Outer", "Join Type": "Inner", "Startup Cost": 5982.08, "Total Cost": 54685.18, "Plan Rows": 12, "Plan Width": 33, "Actual Min Startup Time": 2650.61, "Actual Max Startup Time": 2650.61, "Actual Min Total Time": 2739.262, "Actual Max Total Time": 2739.262, "Inner Unique": true, "Plans": [{"Node Type": "Nested Loop", "Parent Relationship": "Outer", "Join Type": "Inner", "Startup Cost": 5982.08, "Total Cost": 54309.64, "Plan Rows": 645, "Plan Width": 41, "Actual Min Startup Time": 2626.48, "Actual Max Startup Time": 2626.48, "Actual Min Total Time": 2673.364, "Actual Max Total Time": 2673.364, "Inner Unique": false, "Plans": [{"Node Type": "Nested Loop", "Parent Relationship": "Outer", "Join Type": "Inner", "Startup Cost": 5982.08, "Total Cost": 53855.43, "Plan Rows": 532, "Plan Width": 21, "Actual Min Startup Time": 2626.424, "Actual Max Startup Time": 2626.424, "Actual Min Total Time": 2635.102, "Actual Max Total Time": 2635.102, "Inner Unique": false, "Join Filter": "(ci.role_id = rt.id)", "Rows Removed by Join Filter": 12162, "Plans": [{"Node Type": "Seq Scan", "Parent Relationship": "Outer", "Relation Name": "role_type", "Alias": "rt", "Startup Cost": 0.0, "Total Cost": 1.15, "Plan Rows": 1, "Plan Width": 4, "Actual Min Startup Time": 0.13, "Actual Max Startup Time": 0.13, "Actual Min Total Time": 0.137, "Actual Max Total Time": 0.137, "Filter": "((role)::text = 'actress'::text)", "Rows Removed by Filter": 11, "Actual Rows": 1}, {"Node Type": "Materialize", "Parent Relationship": "Inner", "Startup Cost": 5982.08, "Total Cost": 53795.81, "Plan Rows": 5847, "Plan Width": 25, "Actual Min Startup Time": 2626.237, "Actual Max Startup Time": 2626.237, "Actual Min Total Time": 2628.973, "Actual Max Total Time": 2628.973, "Plans": [{"Node Type": "Nested Loop", "Parent Relationship": "Outer", "Join Type": "Inner", "Startup Cost": 5982.08, "Total Cost": 53781.19, "Plan Rows": 5847, "Plan Width": 25, "Actual Min Startup Time": 92.545, "Actual Max Startup Time": 92.545, "Actual Min Total Time": 2619.383, "Actual Max Total Time": 2619.383, "Inner Unique": false, "Plans": [{"Node Type": "Nested Loop", "Parent Relationship": "Outer", "Join Type": "Inner", "Startup Cost": 5982.08, "Total Cost": 48038.6, "Plan Rows": 5775, "Plan Width": 25, "Actual Min Startup Time": 85.191, "Actual Max Startup Time": 85.191, "Actual Min Total Time": 371.208, "Actual Max Total Time": 371.208, "Inner Unique": true, "Plans": [{"Node Type": "Hash Join", "Parent Relationship": "Outer", "Join Type": "Inner", "Startup Cost": 5982.08, "Total Cost": 25391.5, "Plan Rows": 5775, "Plan Width": 4, "Actual Min Startup Time": 85.132, "Actual Max Startup Time": 85.132, "Actual Min Total Time": 146.599, "Actual Max Total Time": 146.599, "Inner Unique": true, "Hash Cond": "(mc.company_id = cn.id)", "Plans": [{"Node Type": "Streaming(type: LOCAL GATHER dop: 1/16)", "Parent Relationship": "Outer", "Startup Cost": 0.0, "Total Cost": 19215.08, "Plan Rows": 36426, "Plan Width": 8, "Actual Min Startup Time": 0.058, "Actual Max Startup Time": 0.058, "Actual Min Total Time": 26.976, "Actual Max Total Time": 26.976, "Plans": [{"Node Type": "Seq Scan", "Parent Relationship": "Outer", "Relation Name": "movie_companies", "Alias": "mc", "Startup Cost": 0.0, "Total Cost": 18428.93, "Plan Rows": 36426, "Plan Width": 8, "Actual Min Startup Time": 0.034, "Actual Max Startup Time": 0.41, "Actual Min Total Time": 53.498, "Actual Max Total Time": 61.449, "Filter": "(((note)::text ~~ '%(Japan)%'::text) AND ((note)::text !~~ '%(USA)%'::text))", "Rows Removed by Filter": 2560231, "Actual Rows": 48897}], "Actual Rows": 48897}, {"Node Type": "Hash", "Parent Relationship": "Inner", "Startup Cost": 5903.45, "Total Cost": 5903.45, "Plan Rows": 6290, "Plan Width": 4, "Actual Min Startup Time": 84.985, "Actual Max Startup Time": 84.985, "Actual Min Total Time": 84.985, "Actual Max Total Time": 84.985, "Max Hash Buckets": 32768, "Min Hash Buckets": 32768, "Max Hash Batches": 1, "Min Hash Batches": 1, "Max Original Hash Batches": 1, "Min Original Hash Batches": 1, "Max Peak Memory Usage": 238, "min Peak Memory Usage": 238, "Plans": [{"Node Type": "Seq Scan", "Parent Relationship": "Outer", "Relation Name": "company_name", "Alias": "cn", "Startup Cost": 0.0, "Total Cost": 5903.45, "Plan Rows": 6290, "Plan Width": 4, "Actual Min Startup Time": 0.068, "Actual Max Startup Time": 0.068, "Actual Min Total Time": 82.631, "Actual Max Total Time": 82.631, "Filter": "((country_code)::text = '[jp]'::text)", "Rows Removed by Filter": 228244, "Actual Rows": 6752}], "Actual Rows": 6752}], "Actual Rows": 48328}, {"Node Type": "Index Scan", "Parent Relationship": "Inner", "Scan Direction": "Forward", "Index Name": "title_pkey", "Relation Name": "title", "Alias": "t", "Startup Cost": 0.0, "Total Cost": 3.91, "Plan Rows": 1, "Plan Width": 21, "Actual Min Startup Time": 184.339, "Actual Max Startup Time": 184.339, "Actual Min Total Time": 184.339, "Actual Max Total Time": 184.339, "Index Cond": "(id = mc.movie_id)", "Rows Removed by Index Recheck": 0, "Actual Rows": 48328}], "Actual Rows": 48328}, {"Node Type": "Index Scan", "Parent Relationship": "Inner", "Scan Direction": "Forward", "Index Name": "movie_id_cast_info", "Relation Name": "cast_info", "Alias": "ci", "Startup Cost": 0.0, "Total Cost": 0.98, "Plan Rows": 1, "Plan Width": 12, "Actual Min Startup Time": 2114.951, "Actual Max Startup Time": 2114.951, "Actual Min Total Time": 2217.878, "Actual Max Total Time": 2217.878, "Index Cond": "(movie_id = t.id)", "Rows Removed by Index Recheck": 0, "Filter": "((note)::text = '(voice: English version)'::text)", "Rows Removed by Filter": 1531710, "Actual Rows": 19600}], "Actual Rows": 19600}], "Actual Rows": 19601}], "Actual Rows": 7438}, {"Node Type": "Index Scan", "Parent Relationship": "Inner", "Scan Direction": "Forward", "Index Name": "person_id_aka_name", "Relation Name": "aka_name", "Alias": "an1", "Startup Cost": 0.0, "Total Cost": 0.84, "Plan Rows": 1, "Plan Width": 20, "Actual Min Startup Time": 23.528, "Actual Max Startup Time": 23.528, "Actual Min Total Time": 30.5, "Actual Max Total Time": 30.5, "Index Cond": "(person_id = ci.person_id)", "Rows Removed by Index Recheck": 0, "Actual Rows": 17379}], "Actual Rows": 17379}, {"Node Type": "Index Scan", "Parent Relationship": "Inner", "Scan Direction": "Forward", "Index Name": "name_pkey", "Relation Name": "name", "Alias": "n1", "Startup Cost": 0.0, "Total Cost": 0.57, "Plan Rows": 1, "Plan Width": 4, "Actual Min Startup Time": 57.245, "Actual Max Startup Time": 57.245, "Actual Min Total Time": 57.245, "Actual Max Total Time": 57.245, "Index Cond": "(id = an1.person_id)", "Rows Removed by Index Recheck": 0, "Filter": "(((name)::text ~~ '%Yo%'::text) AND ((name)::text !~~ '%Yu%'::text))", "Rows Removed by Filter": 17317, "Actual Rows": 62}], "Actual Rows": 62}], "Actual Rows": 1}, "Triggers": [], "Planner Runtime": 46, "Total Runtime": 2742.745, "Unique SQL Id": 3544391839}}, "(16, 37)": {"explain_plan": {"Plan": {"Node Type": "Aggregate", "Strategy": "Plain", "Startup Cost": 109007.69, "Total Cost": 109007.7, "Plan Rows": 1, "Plan Width": 97, "Plans": [{"Node Type": "Nested Loop", "Parent Relationship": "Outer", "Join Type": "Inner", "Startup Cost": 2780.8, "Total Cost": 109007.63, "Plan Rows": 12, "Plan Width": 33, "Inner Unique": true, "Plans": [{"Node Type": "Nested Loop", "Parent Relationship": "Outer", "Join Type": "Inner", "Startup Cost": 2780.8, "Total Cost": 108632.09, "Plan Rows": 645, "Plan Width": 41, "Inner Unique": false, "Plans": [{"Node Type": "Nested Loop", "Parent Relationship": "Outer", "Join Type": "Inner", "Startup Cost": 2780.8, "Total Cost": 108177.88, "Plan Rows": 532, "Plan Width": 21, "Inner Unique": false, "Join Filter": "(ci.role_id = rt.id)", "Plans": [{"Node Type": "Index Scan", "Parent Relationship": "Outer", "Scan Direction": "Forward", "Index Name": "role_type_pkey", "Relation Name": "role_type", "Alias": "rt", "Startup Cost": 0.0, "Total Cost": 12.46, "Plan Rows": 1, "Plan Width": 4, "Filter": "((role)::text = 'actress'::text)"}, {"Node Type": "Nested Loop", "Parent Relationship": "Inner", "Join Type": "Inner", "Startup Cost": 2780.8, "Total Cost": 108092.33, "Plan Rows": 5847, "Plan Width": 25, "Inner Unique": false, "Plans": [{"Node Type": "Nested Loop", "Parent Relationship": "Outer", "Join Type": "Inner", "Startup Cost": 2780.8, "Total Cost": 102349.74, "Plan Rows": 5775, "Plan Width": 25, "Inner Unique": true, "Plans": [{"Node Type": "Nested Loop", "Parent Relationship": "Outer", "Join Type": "Inner", "Startup Cost": 2780.8, "Total Cost": 79702.64, "Plan Rows": 5775, "Plan Width": 4, "Inner Unique": false, "Plans": [{"Node Type": "Bitmap Heap Scan", "Parent Relationship": "Outer", "Relation Name": "company_name", "Alias": "cn", "Startup Cost": 2780.8, "Total Cost": 8684.25, "Plan Rows": 6290, "Plan Width": 4, "Filter": "((country_code)::text = '[jp]'::text)", "Plans": [{"Node Type": "Bitmap Index Scan", "Parent Relationship": "Outer", "Index Name": "company_name_pkey", "Startup Cost": 0.0, "Total Cost": 2779.23, "Plan Rows": 234996, "Plan Width": 0}]}, {"Node Type": "Index Scan", "Parent Relationship": "Inner", "Scan Direction": "Forward", "Index Name": "company_id_movie_companies", "Relation Name": "movie_companies", "Alias": "mc", "Startup Cost": 0.0, "Total Cost": 11.28, "Plan Rows": 1, "Plan Width": 8, "Index Cond": "(company_id = cn.id)", "Filter": "(((note)::text ~~ '%(Japan)%'::text) AND ((note)::text !~~ '%(USA)%'::text))"}]}, {"Node Type": "Index Scan", "Parent Relationship": "Inner", "Scan Direction": "Forward", "Index Name": "title_pkey", "Relation Name": "title", "Alias": "t", "Startup Cost": 0.0, "Total Cost": 3.91, "Plan Rows": 1, "Plan Width": 21, "Index Cond": "(id = mc.movie_id)"}]}, {"Node Type": "Index Scan", "Parent Relationship": "Inner", "Scan Direction": "Forward", "Index Name": "movie_id_cast_info", "Relation Name": "cast_info", "Alias": "ci", "Startup Cost": 0.0, "Total Cost": 0.98, "Plan Rows": 1, "Plan Width": 12, "Index Cond": "(movie_id = t.id)", "Filter": "((note)::text = '(voice: English version)'::text)"}]}]}, {"Node Type": "Index Scan", "Parent Relationship": "Inner", "Scan Direction": "Forward", "Index Name": "person_id_aka_name", "Relation Name": "aka_name", "Alias": "an1", "Startup Cost": 0.0, "Total Cost": 0.84, "Plan Rows": 1, "Plan Width": 20, "Index Cond": "(person_id = ci.person_id)"}]}, {"Node Type": "Index Scan", "Parent Relationship": "Inner", "Scan Direction": "Forward", "Index Name": "name_pkey", "Relation Name": "name", "Alias": "n1", "Startup Cost": 0.0, "Total Cost": 0.57, "Plan Rows": 1, "Plan Width": 4, "Index Cond": "(id = an1.person_id)", "Filter": "(((name)::text ~~ '%Yo%'::text) AND ((name)::text !~~ '%Yu%'::text))"}]}]}, "Unique SQL Id": 3544391839, "Planner Runtime": 20}, "explain_analyze_plan": {"Plan": {"Node Type": "Aggregate", "Strategy": "Plain", "Startup Cost": 109007.69, "Total Cost": 109007.7, "Plan Rows": 1, "Plan Width": 97, "Actual Startup Time": 3716.181, "Actual Total Time": 3716.182, "Actual Rows": 1, "Actual Loops": 1, "Plans": [{"Node Type": "Nested Loop", "Parent Relationship": "Outer", "Join Type": "Inner", "Startup Cost": 2780.8, "Total Cost": 109007.63, "Plan Rows": 12, "Plan Width": 33, "Actual Startup Time": 358.228, "Actual Total Time": 3715.857, "Actual Rows": 62, "Actual Loops": 1, "Inner Unique": true, "Plans": [{"Node Type": "Nested Loop", "Parent Relationship": "Outer", "Join Type": "Inner", "Startup Cost": 2780.8, "Total Cost": 108632.09, "Plan Rows": 645, "Plan Width": 41, "Actual Startup Time": 22.767, "Actual Total Time": 3639.479, "Actual Rows": 17379, "Actual Loops": 1, "Inner Unique": false, "Plans": [{"Node Type": "Nested Loop", "Parent Relationship": "Outer", "Join Type": "Inner", "Startup Cost": 2780.8, "Total Cost": 108177.88, "Plan Rows": 532, "Plan Width": 21, "Actual Startup Time": 22.751, "Actual Total Time": 3586.897, "Actual Rows": 7438, "Actual Loops": 1, "Inner Unique": false, "Join Filter": "(ci.role_id = rt.id)", "Rows Removed by Join Filter": 12162, "Plans": [{"Node Type": "Index Scan", "Parent Relationship": "Outer", "Scan Direction": "Forward", "Index Name": "role_type_pkey", "Relation Name": "role_type", "Alias": "rt", "Startup Cost": 0.0, "Total Cost": 12.46, "Plan Rows": 1, "Plan Width": 4, "Actual Startup Time": 0.028, "Actual Total Time": 0.04, "Actual Rows": 1, "Actual Loops": 1, "Filter": "((role)::text = 'actress'::text)", "Rows Removed by Filter": 11}, {"Node Type": "Nested Loop", "Parent Relationship": "Inner", "Join Type": "Inner", "Startup Cost": 2780.8, "Total Cost": 108092.33, "Plan Rows": 5847, "Plan Width": 25, "Actual Startup Time": 22.716, "Actual Total Time": 3581.535, "Actual Rows": 19600, "Actual Loops": 1, "Inner Unique": false, "Plans": [{"Node Type": "Nested Loop", "Parent Relationship": "Outer", "Join Type": "Inner", "Startup Cost": 2780.8, "Total Cost": 102349.74, "Plan Rows": 5775, "Plan Width": 25, "Actual Startup Time": 22.629, "Actual Total Time": 692.33, "Actual Rows": 48328, "Actual Loops": 1, "Inner Unique": true, "Plans": [{"Node Type": "Nested Loop", "Parent Relationship": "Outer", "Join Type": "Inner", "Startup Cost": 2780.8, "Total Cost": 79702.64, "Plan Rows": 5775, "Plan Width": 4, "Actual Startup Time": 22.606, "Actual Total Time": 386.335, "Actual Rows": 48328, "Actual Loops": 1, "Inner Unique": false, "Plans": [{"Node Type": "Bitmap Heap Scan", "Parent Relationship": "Outer", "Relation Name": "company_name", "Alias": "cn", "Startup Cost": 2780.8, "Total Cost": 8684.25, "Plan Rows": 6290, "Plan Width": 4, "Actual Startup Time": 22.562, "Actual Total Time": 154.469, "Actual Rows": 6752, "Actual Loops": 1, "Filter": "((country_code)::text = '[jp]'::text)", "Rows Removed by Filter": 228244, "Exact Heap Blocks": 2966, "Lossy Heap Blocks": 2966, "Plans": [{"Node Type": "Bitmap Index Scan", "Parent Relationship": "Outer", "Index Name": "company_name_pkey", "Startup Cost": 0.0, "Total Cost": 2779.23, "Plan Rows": 234996, "Plan Width": 0, "Actual Startup Time": 22.102, "Actual Total Time": 22.102, "Actual Rows": 234996, "Actual Loops": 1}]}, {"Node Type": "Index Scan", "Parent Relationship": "Inner", "Scan Direction": "Forward", "Index Name": "company_id_movie_companies", "Relation Name": "movie_companies", "Alias": "mc", "Startup Cost": 0.0, "Total Cost": 11.28, "Plan Rows": 1, "Plan Width": 8, "Actual Startup Time": 58.648, "Actual Total Time": 215.91, "Actual Rows": 48328, "Actual Loops": 6752, "Index Cond": "(company_id = cn.id)", "Rows Removed by Index Recheck": 0, "Filter": "(((note)::text ~~ '%(Japan)%'::text) AND ((note)::text !~~ '%(USA)%'::text))", "Rows Removed by Filter": 56667}]}, {"Node Type": "Index Scan", "Parent Relationship": "Inner", "Scan Direction": "Forward", "Index Name": "title_pkey", "Relation Name": "title", "Alias": "t", "Startup Cost": 0.0, "Total Cost": 3.91, "Plan Rows": 1, "Plan Width": 21, "Actual Startup Time": 263.066, "Actual Total Time": 263.066, "Actual Rows": 48328, "Actual Loops": 48328, "Index Cond": "(id = mc.movie_id)", "Rows Removed by Index Recheck": 0}]}, {"Node Type": "Index Scan", "Parent Relationship": "Inner", "Scan Direction": "Forward", "Index Name": "movie_id_cast_info", "Relation Name": "cast_info", "Alias": "ci", "Startup Cost": 0.0, "Total Cost": 0.98, "Plan Rows": 1, "Plan Width": 12, "Actual Startup Time": 2731.603, "Actual Total Time": 2857.929, "Actual Rows": 19600, "Actual Loops": 48328, "Index Cond": "(movie_id = t.id)", "Rows Removed by Index Recheck": 0, "Filter": "((note)::text = '(voice: English version)'::text)", "Rows Removed by Filter": 1531710}]}]}, {"Node Type": "Index Scan", "Parent Relationship": "Inner", "Scan Direction": "Forward", "Index Name": "person_id_aka_name", "Relation Name": "aka_name", "Alias": "an1", "Startup Cost": 0.0, "Total Cost": 0.84, "Plan Rows": 1, "Plan Width": 20, "Actual Startup Time": 35.029, "Actual Total Time": 43.394, "Actual Rows": 17379, "Actual Loops": 7438, "Index Cond": "(person_id = ci.person_id)", "Rows Removed by Index Recheck": 0}]}, {"Node Type": "Index Scan", "Parent Relationship": "Inner", "Scan Direction": "Forward", "Index Name": "name_pkey", "Relation Name": "name", "Alias": "n1", "Startup Cost": 0.0, "Total Cost": 0.57, "Plan Rows": 1, "Plan Width": 4, "Actual Startup Time": 67.222, "Actual Total Time": 67.222, "Actual Rows": 62, "Actual Loops": 17379, "Index Cond": "(id = an1.person_id)", "Rows Removed by Index Recheck": 0, "Filter": "(((name)::text ~~ '%Yo%'::text) AND ((name)::text !~~ '%Yu%'::text))", "Rows Removed by Filter": 17317}]}]}, "Triggers": [], "Planner Runtime": 7, "Total Runtime": 3716.783, "Unique SQL Id": 3544391839}}, "(16, 38)": {"explain_plan": {"Plan": {"Node Type": "Aggregate", "Strategy": "Plain", "Startup Cost": 87864.29, "Total Cost": 87864.3, "Plan Rows": 1, "Plan Width": 97, "Plans": [{"Node Type": "Nested Loop", "Parent Relationship": "Outer", "Join Type": "Inner", "Startup Cost": 5984.57, "Total Cost": 87861.06, "Plan Rows": 646, "Plan Width": 33, "Inner Unique": true, "Plans": [{"Node Type": "Nested Loop", "Parent Relationship": "Outer", "Join Type": "Inner", "Startup Cost": 5984.25, "Total Cost": 85052.47, "Plan Rows": 645, "Plan Width": 41, "Inner Unique": false, "Plans": [{"Node Type": "Nested Loop", "Parent Relationship": "Outer", "Join Type": "Inner", "Startup Cost": 5983.86, "Total Cost": 82709.91, "Plan Rows": 532, "Plan Width": 21, "Inner Unique": false, "Join Filter": "(ci.role_id = rt.id)", "Plans": [{"Node Type": "Seq Scan", "Parent Relationship": "Outer", "Relation Name": "role_type", "Alias": "rt", "Startup Cost": 0.0, "Total Cost": 1.15, "Plan Rows": 1, "Plan Width": 4, "Filter": "((role)::text = 'actress'::text)"}, {"Node Type": "Materialize", "Parent Relationship": "Inner", "Startup Cost": 5983.86, "Total Cost": 82650.29, "Plan Rows": 5847, "Plan Width": 25, "Plans": [{"Node Type": "Nested Loop", "Parent Relationship": "Outer", "Join Type": "Inner", "Startup Cost": 5983.86, "Total Cost": 82635.67, "Plan Rows": 5847, "Plan Width": 25, "Inner Unique": false, "Plans": [{"Node Type": "Nested Loop", "Parent Relationship": "Outer", "Join Type": "Inner", "Startup Cost": 5983.35, "Total Cost": 55977.85, "Plan Rows": 5775, "Plan Width": 25, "Inner Unique": true, "Plans": [{"Node Type": "Hash Join", "Parent Relationship": "Outer", "Join Type": "Inner", "Startup Cost": 5982.08, "Total Cost": 25391.5, "Plan Rows": 5775, "Plan Width": 4, "Inner Unique": true, "Hash Cond": "(mc.company_id = cn.id)", "Plans": [{"Node Type": "Streaming(type: LOCAL GATHER dop: 1/16)", "Parent Relationship": "Outer", "Startup Cost": 0.0, "Total Cost": 19215.08, "Plan Rows": 36426, "Plan Width": 8, "Plans": [{"Node Type": "Seq Scan", "Parent Relationship": "Outer", "Relation Name": "movie_companies", "Alias": "mc", "Startup Cost": 0.0, "Total Cost": 18428.93, "Plan Rows": 36426, "Plan Width": 8, "Filter": "(((note)::text ~~ '%(Japan)%'::text) AND ((note)::text !~~ '%(USA)%'::text))"}]}, {"Node Type": "Hash", "Parent Relationship": "Inner", "Startup Cost": 5903.45, "Total Cost": 5903.45, "Plan Rows": 6290, "Plan Width": 4, "Plans": [{"Node Type": "Seq Scan", "Parent Relationship": "Outer", "Relation Name": "company_name", "Alias": "cn", "Startup Cost": 0.0, "Total Cost": 5903.45, "Plan Rows": 6290, "Plan Width": 4, "Filter": "((country_code)::text = '[jp]'::text)"}]}]}, {"Node Type": "Bitmap Heap Scan", "Parent Relationship": "Inner", "Relation Name": "title", "Alias": "t", "Startup Cost": 1.27, "Total Cost": 5.29, "Plan Rows": 1, "Plan Width": 21, "Recheck Cond": "(id = mc.movie_id)", "Plans": [{"Node Type": "Bitmap Index Scan", "Parent Relationship": "Outer", "Index Name": "title_pkey", "Startup Cost": 0.0, "Total Cost": 1.27, "Plan Rows": 1, "Plan Width": 0, "Index Cond": "(id = mc.movie_id)"}]}]}, {"Node Type": "Bitmap Heap Scan", "Parent Relationship": "Inner", "Relation Name": "cast_info", "Alias": "ci", "Startup Cost": 0.52, "Total Cost": 4.61, "Plan Rows": 1, "Plan Width": 12, "Recheck Cond": "(movie_id = t.id)", "Filter": "((note)::text = '(voice: English version)'::text)", "Plans": [{"Node Type": "Bitmap Index Scan", "Parent Relationship": "Outer", "Index Name": "movie_id_cast_info", "Startup Cost": 0.0, "Total Cost": 0.52, "Plan Rows": 6, "Plan Width": 0, "Index Cond": "(movie_id = t.id)"}]}]}]}]}, {"Node Type": "Bitmap Heap Scan", "Parent Relationship": "Inner", "Relation Name": "aka_name", "Alias": "an1", "Startup Cost": 0.38, "Total Cost": 4.39, "Plan Rows": 1, "Plan Width": 20, "Recheck Cond": "(person_id = ci.person_id)", "Plans": [{"Node Type": "Bitmap Index Scan", "Parent Relationship": "Outer", "Index Name": "person_id_aka_name", "Startup Cost": 0.0, "Total Cost": 0.38, "Plan Rows": 1, "Plan Width": 0, "Index Cond": "(person_id = ci.person_id)"}]}]}, {"Node Type": "Bitmap Heap Scan", "Parent Relationship": "Inner", "Relation Name": "name", "Alias": "n1", "Startup Cost": 0.33, "Total Cost": 4.34, "Plan Rows": 1, "Plan Width": 4, "Recheck Cond": "(id = an1.person_id)", "Filter": "(((name)::text ~~ '%Yo%'::text) AND ((name)::text !~~ '%Yu%'::text))", "Plans": [{"Node Type": "Bitmap Index Scan", "Parent Relationship": "Outer", "Index Name": "name_pkey", "Startup Cost": 0.0, "Total Cost": 0.33, "Plan Rows": 1, "Plan Width": 0, "Index Cond": "(id = an1.person_id)"}]}]}]}, "Unique SQL Id": 3544391839, "Planner Runtime": 91}, "explain_analyze_plan": {"Plan": {"Node Type": "Aggregate", "Strategy": "Plain", "Startup Cost": 87864.29, "Total Cost": 87864.3, "Plan Rows": 1, "Plan Width": 97, "Actual Min Startup Time": 4168.893, "Actual Max Startup Time": 4168.893, "Actual Min Total Time": 4168.894, "Actual Max Total Time": 4168.894, "Plans": [{"Node Type": "Nested Loop", "Parent Relationship": "Outer", "Join Type": "Inner", "Startup Cost": 5984.57, "Total Cost": 87861.06, "Plan Rows": 646, "Plan Width": 33, "Actual Min Startup Time": 4044.828, "Actual Max Startup Time": 4044.828, "Actual Min Total Time": 4168.776, "Actual Max Total Time": 4168.776, "Inner Unique": true, "Plans": [{"Node Type": "Nested Loop", "Parent Relationship": "Outer", "Join Type": "Inner", "Startup Cost": 5984.25, "Total Cost": 85052.47, "Plan Rows": 645, "Plan Width": 41, "Actual Min Startup Time": 4011.43, "Actual Max Startup Time": 4011.43, "Actual Min Total Time": 4073.455, "Actual Max Total Time": 4073.455, "Inner Unique": false, "Plans": [{"Node Type": "Nested Loop", "Parent Relationship": "Outer", "Join Type": "Inner", "Startup Cost": 5983.86, "Total Cost": 82709.91, "Plan Rows": 532, "Plan Width": 21, "Actual Min Startup Time": 4011.401, "Actual Max Startup Time": 4011.401, "Actual Min Total Time": 4021.721, "Actual Max Total Time": 4021.721, "Inner Unique": false, "Join Filter": "(ci.role_id = rt.id)", "Rows Removed by Join Filter": 12162, "Plans": [{"Node Type": "Seq Scan", "Parent Relationship": "Outer", "Relation Name": "role_type", "Alias": "rt", "Startup Cost": 0.0, "Total Cost": 1.15, "Plan Rows": 1, "Plan Width": 4, "Actual Min Startup Time": 0.037, "Actual Max Startup Time": 0.037, "Actual Min Total Time": 0.046, "Actual Max Total Time": 0.046, "Filter": "((role)::text = 'actress'::text)", "Rows Removed by Filter": 11, "Actual Rows": 1}, {"Node Type": "Materialize", "Parent Relationship": "Inner", "Startup Cost": 5983.86, "Total Cost": 82650.29, "Plan Rows": 5847, "Plan Width": 25, "Actual Min Startup Time": 4011.337, "Actual Max Startup Time": 4011.337, "Actual Min Total Time": 4015.032, "Actual Max Total Time": 4015.032, "Plans": [{"Node Type": "Nested Loop", "Parent Relationship": "Outer", "Join Type": "Inner", "Startup Cost": 5983.86, "Total Cost": 82635.67, "Plan Rows": 5847, "Plan Width": 25, "Actual Min Startup Time": 93.596, "Actual Max Startup Time": 93.596, "Actual Min Total Time": 4004.823, "Actual Max Total Time": 4004.823, "Inner Unique": false, "Plans": [{"Node Type": "Nested Loop", "Parent Relationship": "Outer", "Join Type": "Inner", "Startup Cost": 5983.35, "Total Cost": 55977.85, "Plan Rows": 5775, "Plan Width": 25, "Actual Min Startup Time": 84.937, "Actual Max Startup Time": 84.937, "Actual Min Total Time": 493.268, "Actual Max Total Time": 493.268, "Inner Unique": true, "Plans": [{"Node Type": "Hash Join", "Parent Relationship": "Outer", "Join Type": "Inner", "Startup Cost": 5982.08, "Total Cost": 25391.5, "Plan Rows": 5775, "Plan Width": 4, "Actual Min Startup Time": 84.859, "Actual Max Startup Time": 84.859, "Actual Min Total Time": 143.219, "Actual Max Total Time": 143.219, "Inner Unique": true, "Hash Cond": "(mc.company_id = cn.id)", "Plans": [{"Node Type": "Streaming(type: LOCAL GATHER dop: 1/16)", "Parent Relationship": "Outer", "Startup Cost": 0.0, "Total Cost": 19215.08, "Plan Rows": 36426, "Plan Width": 8, "Actual Min Startup Time": 0.088, "Actual Max Startup Time": 0.088, "Actual Min Total Time": 22.29, "Actual Max Total Time": 22.29, "Plans": [{"Node Type": "Seq Scan", "Parent Relationship": "Outer", "Relation Name": "movie_companies", "Alias": "mc", "Startup Cost": 0.0, "Total Cost": 18428.93, "Plan Rows": 36426, "Plan Width": 8, "Actual Min Startup Time": 0.038, "Actual Max Startup Time": 0.363, "Actual Min Total Time": 53.649, "Actual Max Total Time": 61.522, "Filter": "(((note)::text ~~ '%(Japan)%'::text) AND ((note)::text !~~ '%(USA)%'::text))", "Rows Removed by Filter": 2560231, "Actual Rows": 48897}], "Actual Rows": 48897}, {"Node Type": "Hash", "Parent Relationship": "Inner", "Startup Cost": 5903.45, "Total Cost": 5903.45, "Plan Rows": 6290, "Plan Width": 4, "Actual Min Startup Time": 84.685, "Actual Max Startup Time": 84.685, "Actual Min Total Time": 84.685, "Actual Max Total Time": 84.685, "Max Hash Buckets": 32768, "Min Hash Buckets": 32768, "Max Hash Batches": 1, "Min Hash Batches": 1, "Max Original Hash Batches": 1, "Min Original Hash Batches": 1, "Max Peak Memory Usage": 238, "min Peak Memory Usage": 238, "Plans": [{"Node Type": "Seq Scan", "Parent Relationship": "Outer", "Relation Name": "company_name", "Alias": "cn", "Startup Cost": 0.0, "Total Cost": 5903.45, "Plan Rows": 6290, "Plan Width": 4, "Actual Min Startup Time": 0.063, "Actual Max Startup Time": 0.063, "Actual Min Total Time": 82.565, "Actual Max Total Time": 82.565, "Filter": "((country_code)::text = '[jp]'::text)", "Rows Removed by Filter": 228244, "Actual Rows": 6752}], "Actual Rows": 6752}], "Actual Rows": 48328}, {"Node Type": "Bitmap Heap Scan", "Parent Relationship": "Inner", "Relation Name": "title", "Alias": "t", "Startup Cost": 1.27, "Total Cost": 5.29, "Plan Rows": 1, "Plan Width": 21, "Actual Min Startup Time": 273.957, "Actual Max Startup Time": 273.957, "Actual Min Total Time": 273.957, "Actual Max Total Time": 273.957, "Recheck Cond": "(id = mc.movie_id)", "Rows Removed by Index Recheck": 0, "Exact Heap Blocks": 48328, "Lossy Heap Blocks": 48328, "Plans": [{"Node Type": "Bitmap Index Scan", "Parent Relationship": "Outer", "Index Name": "title_pkey", "Startup Cost": 0.0, "Total Cost": 1.27, "Plan Rows": 1, "Plan Width": 0, "Actual Min Startup Time": 149.902, "Actual Max Startup Time": 149.902, "Actual Min Total Time": 149.902, "Actual Max Total Time": 149.902, "Index Cond": "(id = mc.movie_id)", "Actual Rows": 48328}], "Actual Rows": 48328}], "Actual Rows": 48328}, {"Node Type": "Bitmap Heap Scan", "Parent Relationship": "Inner", "Relation Name": "cast_info", "Alias": "ci", "Startup Cost": 0.52, "Total Cost": 4.61, "Plan Rows": 1, "Plan Width": 12, "Actual Min Startup Time": 3303.822, "Actual Max Startup Time": 3303.822, "Actual Min Total Time": 3439.567, "Actual Max Total Time": 3439.567, "Recheck Cond": "(movie_id = t.id)", "Rows Removed by Index Recheck": 0, "Filter": "((note)::text = '(voice: English version)'::text)", "Rows Removed by Filter": 1531710, "Exact Heap Blocks": 1503105, "Lossy Heap Blocks": 1503105, "Plans": [{"Node Type": "Bitmap Index Scan", "Parent Relationship": "Outer", "Index Name": "movie_id_cast_info", "Startup Cost": 0.0, "Total Cost": 0.52, "Plan Rows": 6, "Plan Width": 0, "Actual Min Startup Time": 454.018, "Actual Max Startup Time": 454.018, "Actual Min Total Time": 454.018, "Actual Max Total Time": 454.018, "Index Cond": "(movie_id = t.id)", "Actual Rows": 1551310}], "Actual Rows": 19600}], "Actual Rows": 19600}], "Actual Rows": 19601}], "Actual Rows": 7438}, {"Node Type": "Bitmap Heap Scan", "Parent Relationship": "Inner", "Relation Name": "aka_name", "Alias": "an1", "Startup Cost": 0.38, "Total Cost": 4.39, "Plan Rows": 1, "Plan Width": 20, "Actual Min Startup Time": 34.843, "Actual Max Startup Time": 34.843, "Actual Min Total Time": 39.278, "Actual Max Total Time": 39.278, "Recheck Cond": "(person_id = ci.person_id)", "Rows Removed by Index Recheck": 0, "Exact Heap Blocks": 6514, "Lossy Heap Blocks": 6514, "Plans": [{"Node Type": "Bitmap Index Scan", "Parent Relationship": "Outer", "Index Name": "person_id_aka_name", "Startup Cost": 0.0, "Total Cost": 0.38, "Plan Rows": 1, "Plan Width": 0, "Actual Min Startup Time": 22.916, "Actual Max Startup Time": 22.916, "Actual Min Total Time": 22.916, "Actual Max Total Time": 22.916, "Index Cond": "(person_id = ci.person_id)", "Actual Rows": 17379}], "Actual Rows": 17379}], "Actual Rows": 17379}, {"Node Type": "Bitmap Heap Scan", "Parent Relationship": "Inner", "Relation Name": "name", "Alias": "n1", "Startup Cost": 0.33, "Total Cost": 4.34, "Plan Rows": 1, "Plan Width": 4, "Actual Min Startup Time": 75.179, "Actual Max Startup Time": 75.179, "Actual Min Total Time": 75.179, "Actual Max Total Time": 75.179, "Recheck Cond": "(id = an1.person_id)", "Rows Removed by Index Recheck": 0, "Filter": "(((name)::text ~~ '%Yo%'::text) AND ((name)::text !~~ '%Yu%'::text))", "Rows Removed by Filter": 17317, "Exact Heap Blocks": 17379, "Lossy Heap Blocks": 17379, "Plans": [{"Node Type": "Bitmap Index Scan", "Parent Relationship": "Outer", "Index Name": "name_pkey", "Startup Cost": 0.0, "Total Cost": 0.33, "Plan Rows": 1, "Plan Width": 0, "Actual Min Startup Time": 43.964, "Actual Max Startup Time": 43.964, "Actual Min Total Time": 43.964, "Actual Max Total Time": 43.964, "Index Cond": "(id = an1.person_id)", "Actual Rows": 17379}], "Actual Rows": 62}], "Actual Rows": 62}], "Actual Rows": 1}, "Triggers": [], "Planner Runtime": 91, "Total Runtime": 4172.216, "Unique SQL Id": 3544391839}}, "(16, 39)": {"explain_plan": {"Plan": {"Node Type": "Aggregate", "Strategy": "Plain", "Startup Cost": 166618.15, "Total Cost": 166618.16, "Plan Rows": 1, "Plan Width": 97, "Plans": [{"Node Type": "Nested Loop", "Parent Relationship": "Outer", "Join Type": "Inner", "Startup Cost": 2795.56, "Total Cost": 166618.09, "Plan Rows": 12, "Plan Width": 33, "Inner Unique": false, "Join Filter": "(n1.id = an1.person_id)", "Plans": [{"Node Type": "Nested Loop", "Parent Relationship": "Outer", "Join Type": "Inner", "Startup Cost": 2795.18, "Total Cost": 166274.44, "Plan Rows": 78, "Plan Width": 25, "Inner Unique": true, "Plans": [{"Node Type": "Nested Loop", "Parent Relationship": "Outer", "Join Type": "Inner", "Startup Cost": 2794.28, "Total Cost": 163651.8, "Plan Rows": 532, "Plan Width": 21, "Inner Unique": false, "Join Filter": "(ci.role_id = rt.id)", "Plans": [{"Node Type": "Bitmap Heap Scan", "Parent Relationship": "Outer", "Relation Name": "role_type", "Alias": "rt", "Startup Cost": 8.31, "Total Cost": 12.46, "Plan Rows": 1, "Plan Width": 4, "Filter": "((role)::text = 'actress'::text)", "Plans": [{"Node Type": "Bitmap Index Scan", "Parent Relationship": "Outer", "Index Name": "role_type_pkey", "Startup Cost": 0.0, "Total Cost": 8.31, "Plan Rows": 12, "Plan Width": 0}]}, {"Node Type": "Nested Loop", "Parent Relationship": "Inner", "Join Type": "Inner", "Startup Cost": 2785.97, "Total Cost": 163566.25, "Plan Rows": 5847, "Plan Width": 25, "Inner Unique": false, "Plans": [{"Node Type": "Nested Loop", "Parent Relationship": "Outer", "Join Type": "Inner", "Startup Cost": 2785.45, "Total Cost": 136908.44, "Plan Rows": 5775, "Plan Width": 25, "Inner Unique": true, "Plans": [{"Node Type": "Nested Loop", "Parent Relationship": "Outer", "Join Type": "Inner", "Startup Cost": 2784.18, "Total Cost": 106322.09, "Plan Rows": 5775, "Plan Width": 4, "Inner Unique": false, "Plans": [{"Node Type": "Bitmap Heap Scan", "Parent Relationship": "Outer", "Relation Name": "company_name", "Alias": "cn", "Startup Cost": 2780.8, "Total Cost": 8684.25, "Plan Rows": 6290, "Plan Width": 4, "Filter": "((country_code)::text = '[jp]'::text)", "Plans": [{"Node Type": "Bitmap Index Scan", "Parent Relationship": "Outer", "Index Name": "company_name_pkey", "Startup Cost": 0.0, "Total Cost": 2779.23, "Plan Rows": 234996, "Plan Width": 0}]}, {"Node Type": "Bitmap Heap Scan", "Parent Relationship": "Inner", "Relation Name": "movie_companies", "Alias": "mc", "Startup Cost": 3.37, "Total Cost": 15.51, "Plan Rows": 1, "Plan Width": 8, "Recheck Cond": "(company_id = cn.id)", "Filter": "(((note)::text ~~ '%(Japan)%'::text) AND ((note)::text !~~ '%(USA)%'::text))", "Plans": [{"Node Type": "Bitmap Index Scan", "Parent Relationship": "Outer", "Index Name": "company_id_movie_companies", "Startup Cost": 0.0, "Total Cost": 3.37, "Plan Rows": 15, "Plan Width": 0, "Index Cond": "(company_id = cn.id)"}]}]}, {"Node Type": "Bitmap Heap Scan", "Parent Relationship": "Inner", "Relation Name": "title", "Alias": "t", "Startup Cost": 1.27, "Total Cost": 5.29, "Plan Rows": 1, "Plan Width": 21, "Recheck Cond": "(id = mc.movie_id)", "Plans": [{"Node Type": "Bitmap Index Scan", "Parent Relationship": "Outer", "Index Name": "title_pkey", "Startup Cost": 0.0, "Total Cost": 1.27, "Plan Rows": 1, "Plan Width": 0, "Index Cond": "(id = mc.movie_id)"}]}]}, {"Node Type": "Bitmap Heap Scan", "Parent Relationship": "Inner", "Relation Name": "cast_info", "Alias": "ci", "Startup Cost": 0.52, "Total Cost": 4.61, "Plan Rows": 1, "Plan Width": 12, "Recheck Cond": "(movie_id = t.id)", "Filter": "((note)::text = '(voice: English version)'::text)", "Plans": [{"Node Type": "Bitmap Index Scan", "Parent Relationship": "Outer", "Index Name": "movie_id_cast_info", "Startup Cost": 0.0, "Total Cost": 0.52, "Plan Rows": 6, "Plan Width": 0, "Index Cond": "(movie_id = t.id)"}]}]}]}, {"Node Type": "Bitmap Heap Scan", "Parent Relationship": "Inner", "Relation Name": "name", "Alias": "n1", "Startup Cost": 0.9, "Total Cost": 4.92, "Plan Rows": 1, "Plan Width": 4, "Recheck Cond": "(id = ci.person_id)", "Filter": "(((name)::text ~~ '%Yo%'::text) AND ((name)::text !~~ '%Yu%'::text))", "Plans": [{"Node Type": "Bitmap Index Scan", "Parent Relationship": "Outer", "Index Name": "name_pkey", "Startup Cost": 0.0, "Total Cost": 0.9, "Plan Rows": 1, "Plan Width": 0, "Index Cond": "(id = ci.person_id)"}]}]}, {"Node Type": "Bitmap Heap Scan", "Parent Relationship": "Inner", "Relation Name": "aka_name", "Alias": "an1", "Startup Cost": 0.38, "Total Cost": 4.39, "Plan Rows": 1, "Plan Width": 20, "Recheck Cond": "(person_id = ci.person_id)", "Plans": [{"Node Type": "Bitmap Index Scan", "Parent Relationship": "Outer", "Index Name": "person_id_aka_name", "Startup Cost": 0.0, "Total Cost": 0.38, "Plan Rows": 1, "Plan Width": 0, "Index Cond": "(person_id = ci.person_id)"}]}]}]}, "Unique SQL Id": 3544391839, "Planner Runtime": 14}, "explain_analyze_plan": {"Plan": {"Node Type": "Aggregate", "Strategy": "Plain", "Startup Cost": 166618.15, "Total Cost": 166618.16, "Plan Rows": 1, "Plan Width": 97, "Actual Startup Time": 4291.828, "Actual Total Time": 4291.829, "Actual Rows": 1, "Actual Loops": 1, "Plans": [{"Node Type": "Nested Loop", "Parent Relationship": "Outer", "Join Type": "Inner", "Startup Cost": 2795.56, "Total Cost": 166618.09, "Plan Rows": 12, "Plan Width": 33, "Actual Startup Time": 314.534, "Actual Total Time": 4291.369, "Actual Rows": 62, "Actual Loops": 1, "Inner Unique": false, "Join Filter": "(n1.id = an1.person_id)", "Rows Removed by Join Filter": 0, "Plans": [{"Node Type": "Nested Loop", "Parent Relationship": "Outer", "Join Type": "Inner", "Startup Cost": 2795.18, "Total Cost": 166274.44, "Plan Rows": 78, "Plan Width": 25, "Actual Startup Time": 314.496, "Actual Total Time": 4290.42, "Actual Rows": 38, "Actual Loops": 1, "Inner Unique": true, "Plans": [{"Node Type": "Nested Loop", "Parent Relationship": "Outer", "Join Type": "Inner", "Startup Cost": 2794.28, "Total Cost": 163651.8, "Plan Rows": 532, "Plan Width": 21, "Actual Startup Time": 21.567, "Actual Total Time": 4232.137, "Actual Rows": 7438, "Actual Loops": 1, "Inner Unique": false, "Join Filter": "(ci.role_id = rt.id)", "Rows Removed by Join Filter": 12162, "Plans": [{"Node Type": "Bitmap Heap Scan", "Parent Relationship": "Outer", "Relation Name": "role_type", "Alias": "rt", "Startup Cost": 8.31, "Total Cost": 12.46, "Plan Rows": 1, "Plan Width": 4, "Actual Startup Time": 0.061, "Actual Total Time": 0.126, "Actual Rows": 1, "Actual Loops": 1, "Filter": "((role)::text = 'actress'::text)", "Rows Removed by Filter": 11, "Exact Heap Blocks": 1, "Lossy Heap Blocks": 1, "Plans": [{"Node Type": "Bitmap Index Scan", "Parent Relationship": "Outer", "Index Name": "role_type_pkey", "Startup Cost": 0.0, "Total Cost": 8.31, "Plan Rows": 12, "Plan Width": 0, "Actual Startup Time": 0.02, "Actual Total Time": 0.02, "Actual Rows": 12, "Actual Loops": 1}]}, {"Node Type": "Nested Loop", "Parent Relationship": "Inner", "Join Type": "Inner", "Startup Cost": 2785.97, "Total Cost": 163566.25, "Plan Rows": 5847, "Plan Width": 25, "Actual Startup Time": 21.496, "Actual Total Time": 4226.376, "Actual Rows": 19600, "Actual Loops": 1, "Inner Unique": false, "Plans": [{"Node Type": "Nested Loop", "Parent Relationship": "Outer", "Join Type": "Inner", "Startup Cost": 2785.45, "Total Cost": 136908.44, "Plan Rows": 5775, "Plan Width": 25, "Actual Startup Time": 21.338, "Actual Total Time": 811.178, "Actual Rows": 48328, "Actual Loops": 1, "Inner Unique": true, "Plans": [{"Node Type": "Nested Loop", "Parent Relationship": "Outer", "Join Type": "Inner", "Startup Cost": 2784.18, "Total Cost": 106322.09, "Plan Rows": 5775, "Plan Width": 4, "Actual Startup Time": 21.312, "Actual Total Time": 428.082, "Actual Rows": 48328, "Actual Loops": 1, "Inner Unique": false, "Plans": [{"Node Type": "Bitmap Heap Scan", "Parent Relationship": "Outer", "Relation Name": "company_name", "Alias": "cn", "Startup Cost": 2780.8, "Total Cost": 8684.25, "Plan Rows": 6290, "Plan Width": 4, "Actual Startup Time": 21.219, "Actual Total Time": 153.834, "Actual Rows": 6752, "Actual Loops": 1, "Filter": "((country_code)::text = '[jp]'::text)", "Rows Removed by Filter": 228244, "Exact Heap Blocks": 2966, "Lossy Heap Blocks": 2966, "Plans": [{"Node Type": "Bitmap Index Scan", "Parent Relationship": "Outer", "Index Name": "company_name_pkey", "Startup Cost": 0.0, "Total Cost": 2779.23, "Plan Rows": 234996, "Plan Width": 0, "Actual Startup Time": 20.65, "Actual Total Time": 20.65, "Actual Rows": 234996, "Actual Loops": 1}]}, {"Node Type": "Bitmap Heap Scan", "Parent Relationship": "Inner", "Relation Name": "movie_companies", "Alias": "mc", "Startup Cost": 3.37, "Total Cost": 15.51, "Plan Rows": 1, "Plan Width": 8, "Actual Startup Time": 89.122, "Actual Total Time": 250.969, "Actual Rows": 48328, "Actual Loops": 6752, "Recheck Cond": "(company_id = cn.id)", "Rows Removed by Index Recheck": 0, "Filter": "(((note)::text ~~ '%(Japan)%'::text) AND ((note)::text !~~ '%(USA)%'::text))", "Rows Removed by Filter": 56667, "Exact Heap Blocks": 61861, "Lossy Heap Blocks": 61861, "Plans": [{"Node Type": "Bitmap Index Scan", "Parent Relationship": "Outer", "Index Name": "company_id_movie_companies", "Startup Cost": 0.0, "Total Cost": 3.37, "Plan Rows": 15, "Plan Width": 0, "Actual Startup Time": 44.846, "Actual Total Time": 44.846, "Actual Rows": 104995, "Actual Loops": 6752, "Index Cond": "(company_id = cn.id)"}]}]}, {"Node Type": "Bitmap Heap Scan", "Parent Relationship": "Inner", "Relation Name": "title", "Alias": "t", "Startup Cost": 1.27, "Total Cost": 5.29, "Plan Rows": 1, "Plan Width": 21, "Actual Startup Time": 306.293, "Actual Total Time": 306.293, "Actual Rows": 48328, "Actual Loops": 48328, "Recheck Cond": "(id = mc.movie_id)", "Rows Removed by Index Recheck": 0, "Exact Heap Blocks": 48328, "Lossy Heap Blocks": 48328, "Plans": [{"Node Type": "Bitmap Index Scan", "Parent Relationship": "Outer", "Index Name": "title_pkey", "Startup Cost": 0.0, "Total Cost": 1.27, "Plan Rows": 1, "Plan Width": 0, "Actual Startup Time": 183.115, "Actual Total Time": 183.115, "Actual Rows": 48328, "Actual Loops": 48328, "Index Cond": "(id = mc.movie_id)"}]}]}, {"Node Type": "Bitmap Heap Scan", "Parent Relationship": "Inner", "Relation Name": "cast_info", "Alias": "ci", "Startup Cost": 0.52, "Total Cost": 4.61, "Plan Rows": 1, "Plan Width": 12, "Actual Startup Time": 3206.589, "Actual Total Time": 3341.796, "Actual Rows": 19600, "Actual Loops": 48328, "Recheck Cond": "(movie_id = t.id)", "Rows Removed by Index Recheck": 0, "Filter": "((note)::text = '(voice: English version)'::text)", "Rows Removed by Filter": 1531710, "Exact Heap Blocks": 1503105, "Lossy Heap Blocks": 1503105, "Plans": [{"Node Type": "Bitmap Index Scan", "Parent Relationship": "Outer", "Index Name": "movie_id_cast_info", "Startup Cost": 0.0, "Total Cost": 0.52, "Plan Rows": 6, "Plan Width": 0, "Actual Startup Time": 510.321, "Actual Total Time": 510.321, "Actual Rows": 1551310, "Actual Loops": 48328, "Index Cond": "(movie_id = t.id)"}]}]}]}, {"Node Type": "Bitmap Heap Scan", "Parent Relationship": "Inner", "Relation Name": "name", "Alias": "n1", "Startup Cost": 0.9, "Total Cost": 4.92, "Plan Rows": 1, "Plan Width": 4, "Actual Startup Time": 48.401, "Actual Total Time": 48.401, "Actual Rows": 38, "Actual Loops": 7438, "Recheck Cond": "(id = ci.person_id)", "Rows Removed by Index Recheck": 0, "Filter": "(((name)::text ~~ '%Yo%'::text) AND ((name)::text !~~ '%Yu%'::text))", "Rows Removed by Filter": 7400, "Exact Heap Blocks": 7438, "Lossy Heap Blocks": 7438, "Plans": [{"Node Type": "Bitmap Index Scan", "Parent Relationship": "Outer", "Index Name": "name_pkey", "Startup Cost": 0.0, "Total Cost": 0.9, "Plan Rows": 1, "Plan Width": 0, "Actual Startup Time": 29.416, "Actual Total Time": 29.416, "Actual Rows": 7438, "Actual Loops": 7438, "Index Cond": "(id = ci.person_id)"}]}]}, {"Node Type": "Bitmap Heap Scan", "Parent Relationship": "Inner", "Relation Name": "aka_name", "Alias": "an1", "Startup Cost": 0.38, "Total Cost": 4.39, "Plan Rows": 1, "Plan Width": 20, "Actual Startup Time": 0.501, "Actual Total Time": 0.522, "Actual Rows": 62, "Actual Loops": 38, "Recheck Cond": "(person_id = ci.person_id)", "Rows Removed by Index Recheck": 0, "Exact Heap Blocks": 43, "Lossy Heap Blocks": 43, "Plans": [{"Node Type": "Bitmap Index Scan", "Parent Relationship": "Outer", "Index Name": "person_id_aka_name", "Startup Cost": 0.0, "Total Cost": 0.38, "Plan Rows": 1, "Plan Width": 0, "Actual Startup Time": 0.324, "Actual Total Time": 0.324, "Actual Rows": 62, "Actual Loops": 38, "Index Cond": "(person_id = ci.person_id)"}]}]}]}, "Triggers": [], "Planner Runtime": 8, "Total Runtime": 4292.638, "Unique SQL Id": 3544391839}}, "(16, 40)": {"explain_plan": {"Plan": {"Node Type": "Aggregate", "Strategy": "Plain", "Startup Cost": 54685.24, "Total Cost": 54685.25, "Plan Rows": 1, "Plan Width": 97, "Plans": [{"Node Type": "Nested Loop", "Parent Relationship": "Outer", "Join Type": "Inner", "Startup Cost": 5982.08, "Total Cost": 54685.18, "Plan Rows": 12, "Plan Width": 33, "Inner Unique": true, "Plans": [{"Node Type": "Nested Loop", "Parent Relationship": "Outer", "Join Type": "Inner", "Startup Cost": 5982.08, "Total Cost": 54309.64, "Plan Rows": 645, "Plan Width": 41, "Inner Unique": false, "Plans": [{"Node Type": "Nested Loop", "Parent Relationship": "Outer", "Join Type": "Inner", "Startup Cost": 5982.08, "Total Cost": 53855.43, "Plan Rows": 532, "Plan Width": 21, "Inner Unique": false, "Join Filter": "(ci.role_id = rt.id)", "Plans": [{"Node Type": "Seq Scan", "Parent Relationship": "Outer", "Relation Name": "role_type", "Alias": "rt", "Startup Cost": 0.0, "Total Cost": 1.15, "Plan Rows": 1, "Plan Width": 4, "Filter": "((role)::text = 'actress'::text)"}, {"Node Type": "Materialize", "Parent Relationship": "Inner", "Startup Cost": 5982.08, "Total Cost": 53795.81, "Plan Rows": 5847, "Plan Width": 25, "Plans": [{"Node Type": "Nested Loop", "Parent Relationship": "Outer", "Join Type": "Inner", "Startup Cost": 5982.08, "Total Cost": 53781.19, "Plan Rows": 5847, "Plan Width": 25, "Inner Unique": false, "Plans": [{"Node Type": "Nested Loop", "Parent Relationship": "Outer", "Join Type": "Inner", "Startup Cost": 5982.08, "Total Cost": 48038.6, "Plan Rows": 5775, "Plan Width": 25, "Inner Unique": true, "Plans": [{"Node Type": "Hash Join", "Parent Relationship": "Outer", "Join Type": "Inner", "Startup Cost": 5982.08, "Total Cost": 25391.5, "Plan Rows": 5775, "Plan Width": 4, "Inner Unique": true, "Hash Cond": "(mc.company_id = cn.id)", "Plans": [{"Node Type": "Streaming(type: LOCAL GATHER dop: 1/16)", "Parent Relationship": "Outer", "Startup Cost": 0.0, "Total Cost": 19215.08, "Plan Rows": 36426, "Plan Width": 8, "Plans": [{"Node Type": "Seq Scan", "Parent Relationship": "Outer", "Relation Name": "movie_companies", "Alias": "mc", "Startup Cost": 0.0, "Total Cost": 18428.93, "Plan Rows": 36426, "Plan Width": 8, "Filter": "(((note)::text ~~ '%(Japan)%'::text) AND ((note)::text !~~ '%(USA)%'::text))"}]}, {"Node Type": "Hash", "Parent Relationship": "Inner", "Startup Cost": 5903.45, "Total Cost": 5903.45, "Plan Rows": 6290, "Plan Width": 4, "Plans": [{"Node Type": "Seq Scan", "Parent Relationship": "Outer", "Relation Name": "company_name", "Alias": "cn", "Startup Cost": 0.0, "Total Cost": 5903.45, "Plan Rows": 6290, "Plan Width": 4, "Filter": "((country_code)::text = '[jp]'::text)"}]}]}, {"Node Type": "Index Scan", "Parent Relationship": "Inner", "Scan Direction": "Forward", "Index Name": "title_pkey", "Relation Name": "title", "Alias": "t", "Startup Cost": 0.0, "Total Cost": 3.91, "Plan Rows": 1, "Plan Width": 21, "Index Cond": "(id = mc.movie_id)"}]}, {"Node Type": "Index Scan", "Parent Relationship": "Inner", "Scan Direction": "Forward", "Index Name": "movie_id_cast_info", "Relation Name": "cast_info", "Alias": "ci", "Startup Cost": 0.0, "Total Cost": 0.98, "Plan Rows": 1, "Plan Width": 12, "Index Cond": "(movie_id = t.id)", "Filter": "((note)::text = '(voice: English version)'::text)"}]}]}]}, {"Node Type": "Index Scan", "Parent Relationship": "Inner", "Scan Direction": "Forward", "Index Name": "person_id_aka_name", "Relation Name": "aka_name", "Alias": "an1", "Startup Cost": 0.0, "Total Cost": 0.84, "Plan Rows": 1, "Plan Width": 20, "Index Cond": "(person_id = ci.person_id)"}]}, {"Node Type": "Index Scan", "Parent Relationship": "Inner", "Scan Direction": "Forward", "Index Name": "name_pkey", "Relation Name": "name", "Alias": "n1", "Startup Cost": 0.0, "Total Cost": 0.57, "Plan Rows": 1, "Plan Width": 4, "Index Cond": "(id = an1.person_id)", "Filter": "(((name)::text ~~ '%Yo%'::text) AND ((name)::text !~~ '%Yu%'::text))"}]}]}, "Unique SQL Id": 3544391839, "Planner Runtime": 46}, "explain_analyze_plan": {"Plan": {"Node Type": "Aggregate", "Strategy": "Plain", "Startup Cost": 54685.24, "Total Cost": 54685.25, "Plan Rows": 1, "Plan Width": 97, "Actual Min Startup Time": 2739.363, "Actual Max Startup Time": 2739.363, "Actual Min Total Time": 2739.364, "Actual Max Total Time": 2739.364, "Plans": [{"Node Type": "Nested Loop", "Parent Relationship": "Outer", "Join Type": "Inner", "Startup Cost": 5982.08, "Total Cost": 54685.18, "Plan Rows": 12, "Plan Width": 33, "Actual Min Startup Time": 2650.61, "Actual Max Startup Time": 2650.61, "Actual Min Total Time": 2739.262, "Actual Max Total Time": 2739.262, "Inner Unique": true, "Plans": [{"Node Type": "Nested Loop", "Parent Relationship": "Outer", "Join Type": "Inner", "Startup Cost": 5982.08, "Total Cost": 54309.64, "Plan Rows": 645, "Plan Width": 41, "Actual Min Startup Time": 2626.48, "Actual Max Startup Time": 2626.48, "Actual Min Total Time": 2673.364, "Actual Max Total Time": 2673.364, "Inner Unique": false, "Plans": [{"Node Type": "Nested Loop", "Parent Relationship": "Outer", "Join Type": "Inner", "Startup Cost": 5982.08, "Total Cost": 53855.43, "Plan Rows": 532, "Plan Width": 21, "Actual Min Startup Time": 2626.424, "Actual Max Startup Time": 2626.424, "Actual Min Total Time": 2635.102, "Actual Max Total Time": 2635.102, "Inner Unique": false, "Join Filter": "(ci.role_id = rt.id)", "Rows Removed by Join Filter": 12162, "Plans": [{"Node Type": "Seq Scan", "Parent Relationship": "Outer", "Relation Name": "role_type", "Alias": "rt", "Startup Cost": 0.0, "Total Cost": 1.15, "Plan Rows": 1, "Plan Width": 4, "Actual Min Startup Time": 0.13, "Actual Max Startup Time": 0.13, "Actual Min Total Time": 0.137, "Actual Max Total Time": 0.137, "Filter": "((role)::text = 'actress'::text)", "Rows Removed by Filter": 11, "Actual Rows": 1}, {"Node Type": "Materialize", "Parent Relationship": "Inner", "Startup Cost": 5982.08, "Total Cost": 53795.81, "Plan Rows": 5847, "Plan Width": 25, "Actual Min Startup Time": 2626.237, "Actual Max Startup Time": 2626.237, "Actual Min Total Time": 2628.973, "Actual Max Total Time": 2628.973, "Plans": [{"Node Type": "Nested Loop", "Parent Relationship": "Outer", "Join Type": "Inner", "Startup Cost": 5982.08, "Total Cost": 53781.19, "Plan Rows": 5847, "Plan Width": 25, "Actual Min Startup Time": 92.545, "Actual Max Startup Time": 92.545, "Actual Min Total Time": 2619.383, "Actual Max Total Time": 2619.383, "Inner Unique": false, "Plans": [{"Node Type": "Nested Loop", "Parent Relationship": "Outer", "Join Type": "Inner", "Startup Cost": 5982.08, "Total Cost": 48038.6, "Plan Rows": 5775, "Plan Width": 25, "Actual Min Startup Time": 85.191, "Actual Max Startup Time": 85.191, "Actual Min Total Time": 371.208, "Actual Max Total Time": 371.208, "Inner Unique": true, "Plans": [{"Node Type": "Hash Join", "Parent Relationship": "Outer", "Join Type": "Inner", "Startup Cost": 5982.08, "Total Cost": 25391.5, "Plan Rows": 5775, "Plan Width": 4, "Actual Min Startup Time": 85.132, "Actual Max Startup Time": 85.132, "Actual Min Total Time": 146.599, "Actual Max Total Time": 146.599, "Inner Unique": true, "Hash Cond": "(mc.company_id = cn.id)", "Plans": [{"Node Type": "Streaming(type: LOCAL GATHER dop: 1/16)", "Parent Relationship": "Outer", "Startup Cost": 0.0, "Total Cost": 19215.08, "Plan Rows": 36426, "Plan Width": 8, "Actual Min Startup Time": 0.058, "Actual Max Startup Time": 0.058, "Actual Min Total Time": 26.976, "Actual Max Total Time": 26.976, "Plans": [{"Node Type": "Seq Scan", "Parent Relationship": "Outer", "Relation Name": "movie_companies", "Alias": "mc", "Startup Cost": 0.0, "Total Cost": 18428.93, "Plan Rows": 36426, "Plan Width": 8, "Actual Min Startup Time": 0.034, "Actual Max Startup Time": 0.41, "Actual Min Total Time": 53.498, "Actual Max Total Time": 61.449, "Filter": "(((note)::text ~~ '%(Japan)%'::text) AND ((note)::text !~~ '%(USA)%'::text))", "Rows Removed by Filter": 2560231, "Actual Rows": 48897}], "Actual Rows": 48897}, {"Node Type": "Hash", "Parent Relationship": "Inner", "Startup Cost": 5903.45, "Total Cost": 5903.45, "Plan Rows": 6290, "Plan Width": 4, "Actual Min Startup Time": 84.985, "Actual Max Startup Time": 84.985, "Actual Min Total Time": 84.985, "Actual Max Total Time": 84.985, "Max Hash Buckets": 32768, "Min Hash Buckets": 32768, "Max Hash Batches": 1, "Min Hash Batches": 1, "Max Original Hash Batches": 1, "Min Original Hash Batches": 1, "Max Peak Memory Usage": 238, "min Peak Memory Usage": 238, "Plans": [{"Node Type": "Seq Scan", "Parent Relationship": "Outer", "Relation Name": "company_name", "Alias": "cn", "Startup Cost": 0.0, "Total Cost": 5903.45, "Plan Rows": 6290, "Plan Width": 4, "Actual Min Startup Time": 0.068, "Actual Max Startup Time": 0.068, "Actual Min Total Time": 82.631, "Actual Max Total Time": 82.631, "Filter": "((country_code)::text = '[jp]'::text)", "Rows Removed by Filter": 228244, "Actual Rows": 6752}], "Actual Rows": 6752}], "Actual Rows": 48328}, {"Node Type": "Index Scan", "Parent Relationship": "Inner", "Scan Direction": "Forward", "Index Name": "title_pkey", "Relation Name": "title", "Alias": "t", "Startup Cost": 0.0, "Total Cost": 3.91, "Plan Rows": 1, "Plan Width": 21, "Actual Min Startup Time": 184.339, "Actual Max Startup Time": 184.339, "Actual Min Total Time": 184.339, "Actual Max Total Time": 184.339, "Index Cond": "(id = mc.movie_id)", "Rows Removed by Index Recheck": 0, "Actual Rows": 48328}], "Actual Rows": 48328}, {"Node Type": "Index Scan", "Parent Relationship": "Inner", "Scan Direction": "Forward", "Index Name": "movie_id_cast_info", "Relation Name": "cast_info", "Alias": "ci", "Startup Cost": 0.0, "Total Cost": 0.98, "Plan Rows": 1, "Plan Width": 12, "Actual Min Startup Time": 2114.951, "Actual Max Startup Time": 2114.951, "Actual Min Total Time": 2217.878, "Actual Max Total Time": 2217.878, "Index Cond": "(movie_id = t.id)", "Rows Removed by Index Recheck": 0, "Filter": "((note)::text = '(voice: English version)'::text)", "Rows Removed by Filter": 1531710, "Actual Rows": 19600}], "Actual Rows": 19600}], "Actual Rows": 19601}], "Actual Rows": 7438}, {"Node Type": "Index Scan", "Parent Relationship": "Inner", "Scan Direction": "Forward", "Index Name": "person_id_aka_name", "Relation Name": "aka_name", "Alias": "an1", "Startup Cost": 0.0, "Total Cost": 0.84, "Plan Rows": 1, "Plan Width": 20, "Actual Min Startup Time": 23.528, "Actual Max Startup Time": 23.528, "Actual Min Total Time": 30.5, "Actual Max Total Time": 30.5, "Index Cond": "(person_id = ci.person_id)", "Rows Removed by Index Recheck": 0, "Actual Rows": 17379}], "Actual Rows": 17379}, {"Node Type": "Index Scan", "Parent Relationship": "Inner", "Scan Direction": "Forward", "Index Name": "name_pkey", "Relation Name": "name", "Alias": "n1", "Startup Cost": 0.0, "Total Cost": 0.57, "Plan Rows": 1, "Plan Width": 4, "Actual Min Startup Time": 57.245, "Actual Max Startup Time": 57.245, "Actual Min Total Time": 57.245, "Actual Max Total Time": 57.245, "Index Cond": "(id = an1.person_id)", "Rows Removed by Index Recheck": 0, "Filter": "(((name)::text ~~ '%Yo%'::text) AND ((name)::text !~~ '%Yu%'::text))", "Rows Removed by Filter": 17317, "Actual Rows": 62}], "Actual Rows": 62}], "Actual Rows": 1}, "Triggers": [], "Planner Runtime": 46, "Total Runtime": 2742.745, "Unique SQL Id": 3544391839}}, "(16, 41)": {"explain_plan": {"Plan": {"Node Type": "Aggregate", "Strategy": "Plain", "Startup Cost": 110824.82, "Total Cost": 110824.83, "Plan Rows": 1, "Plan Width": 97, "Plans": [{"Node Type": "Nested Loop", "Parent Relationship": "Outer", "Join Type": "Inner", "Startup Cost": 0.0, "Total Cost": 110824.76, "Plan Rows": 12, "Plan Width": 33, "Inner Unique": true, "Plans": [{"Node Type": "Nested Loop", "Parent Relationship": "Outer", "Join Type": "Inner", "Startup Cost": 0.0, "Total Cost": 110449.22, "Plan Rows": 645, "Plan Width": 41, "Inner Unique": false, "Plans": [{"Node Type": "Nested Loop", "Parent Relationship": "Outer", "Join Type": "Inner", "Startup Cost": 0.0, "Total Cost": 109995.01, "Plan Rows": 532, "Plan Width": 21, "Inner Unique": false, "Join Filter": "(ci.role_id = rt.id)", "Plans": [{"Node Type": "Index Scan", "Parent Relationship": "Outer", "Scan Direction": "Forward", "Index Name": "role_type_pkey", "Relation Name": "role_type", "Alias": "rt", "Startup Cost": 0.0, "Total Cost": 12.46, "Plan Rows": 1, "Plan Width": 4, "Filter": "((role)::text = 'actress'::text)"}, {"Node Type": "Nested Loop", "Parent Relationship": "Inner", "Join Type": "Inner", "Startup Cost": 0.0, "Total Cost": 109909.47, "Plan Rows": 5847, "Plan Width": 25, "Inner Unique": false, "Plans": [{"Node Type": "Nested Loop", "Parent Relationship": "Outer", "Join Type": "Inner", "Startup Cost": 0.0, "Total Cost": 104166.87, "Plan Rows": 5775, "Plan Width": 25, "Inner Unique": true, "Plans": [{"Node Type": "Nested Loop", "Parent Relationship": "Outer", "Join Type": "Inner", "Startup Cost": 0.0, "Total Cost": 81519.78, "Plan Rows": 5775, "Plan Width": 4, "Inner Unique": false, "Plans": [{"Node Type": "Index Scan", "Parent Relationship": "Outer", "Scan Direction": "Forward", "Index Name": "company_name_pkey", "Relation Name": "company_name", "Alias": "cn", "Startup Cost": 0.0, "Total Cost": 10501.39, "Plan Rows": 6290, "Plan Width": 4, "Filter": "((country_code)::text = '[jp]'::text)"}, {"Node Type": "Index Scan", "Parent Relationship": "Inner", "Scan Direction": "Forward", "Index Name": "company_id_movie_companies", "Relation Name": "movie_companies", "Alias": "mc", "Startup Cost": 0.0, "Total Cost": 11.28, "Plan Rows": 1, "Plan Width": 8, "Index Cond": "(company_id = cn.id)", "Filter": "(((note)::text ~~ '%(Japan)%'::text) AND ((note)::text !~~ '%(USA)%'::text))"}]}, {"Node Type": "Index Scan", "Parent Relationship": "Inner", "Scan Direction": "Forward", "Index Name": "title_pkey", "Relation Name": "title", "Alias": "t", "Startup Cost": 0.0, "Total Cost": 3.91, "Plan Rows": 1, "Plan Width": 21, "Index Cond": "(id = mc.movie_id)"}]}, {"Node Type": "Index Scan", "Parent Relationship": "Inner", "Scan Direction": "Forward", "Index Name": "movie_id_cast_info", "Relation Name": "cast_info", "Alias": "ci", "Startup Cost": 0.0, "Total Cost": 0.98, "Plan Rows": 1, "Plan Width": 12, "Index Cond": "(movie_id = t.id)", "Filter": "((note)::text = '(voice: English version)'::text)"}]}]}, {"Node Type": "Index Scan", "Parent Relationship": "Inner", "Scan Direction": "Forward", "Index Name": "person_id_aka_name", "Relation Name": "aka_name", "Alias": "an1", "Startup Cost": 0.0, "Total Cost": 0.84, "Plan Rows": 1, "Plan Width": 20, "Index Cond": "(person_id = ci.person_id)"}]}, {"Node Type": "Index Scan", "Parent Relationship": "Inner", "Scan Direction": "Forward", "Index Name": "name_pkey", "Relation Name": "name", "Alias": "n1", "Startup Cost": 0.0, "Total Cost": 0.57, "Plan Rows": 1, "Plan Width": 4, "Index Cond": "(id = an1.person_id)", "Filter": "(((name)::text ~~ '%Yo%'::text) AND ((name)::text !~~ '%Yu%'::text))"}]}]}, "Unique SQL Id": 3544391839, "Planner Runtime": 16}, "explain_analyze_plan": {"Plan": {"Node Type": "Aggregate", "Strategy": "Plain", "Startup Cost": 110824.82, "Total Cost": 110824.83, "Plan Rows": 1, "Plan Width": 97, "Actual Startup Time": 4251.906, "Actual Total Time": 4251.907, "Actual Rows": 1, "Actual Loops": 1, "Plans": [{"Node Type": "Nested Loop", "Parent Relationship": "Outer", "Join Type": "Inner", "Startup Cost": 0.0, "Total Cost": 110824.76, "Plan Rows": 12, "Plan Width": 33, "Actual Startup Time": 4.317, "Actual Total Time": 4251.596, "Actual Rows": 62, "Actual Loops": 1, "Inner Unique": true, "Plans": [{"Node Type": "Nested Loop", "Parent Relationship": "Outer", "Join Type": "Inner", "Startup Cost": 0.0, "Total Cost": 110449.22, "Plan Rows": 645, "Plan Width": 41, "Actual Startup Time": 0.339, "Actual Total Time": 4172.355, "Actual Rows": 17379, "Actual Loops": 1, "Inner Unique": false, "Plans": [{"Node Type": "Nested Loop", "Parent Relationship": "Outer", "Join Type": "Inner", "Startup Cost": 0.0, "Total Cost": 109995.01, "Plan Rows": 532, "Plan Width": 21, "Actual Startup Time": 0.325, "Actual Total Time": 4120.566, "Actual Rows": 7438, "Actual Loops": 1, "Inner Unique": false, "Join Filter": "(ci.role_id = rt.id)", "Rows Removed by Join Filter": 12162, "Plans": [{"Node Type": "Index Scan", "Parent Relationship": "Outer", "Scan Direction": "Forward", "Index Name": "role_type_pkey", "Relation Name": "role_type", "Alias": "rt", "Startup Cost": 0.0, "Total Cost": 12.46, "Plan Rows": 1, "Plan Width": 4, "Actual Startup Time": 0.041, "Actual Total Time": 0.05, "Actual Rows": 1, "Actual Loops": 1, "Filter": "((role)::text = 'actress'::text)", "Rows Removed by Filter": 11}, {"Node Type": "Nested Loop", "Parent Relationship": "Inner", "Join Type": "Inner", "Startup Cost": 0.0, "Total Cost": 109909.47, "Plan Rows": 5847, "Plan Width": 25, "Actual Startup Time": 0.278, "Actual Total Time": 4115.211, "Actual Rows": 19600, "Actual Loops": 1, "Inner Unique": false, "Plans": [{"Node Type": "Nested Loop", "Parent Relationship": "Outer", "Join Type": "Inner", "Startup Cost": 0.0, "Total Cost": 104166.87, "Plan Rows": 5775, "Plan Width": 25, "Actual Startup Time": 0.224, "Actual Total Time": 875.65, "Actual Rows": 48328, "Actual Loops": 1, "Inner Unique": true, "Plans": [{"Node Type": "Nested Loop", "Parent Relationship": "Outer", "Join Type": "Inner", "Startup Cost": 0.0, "Total Cost": 81519.78, "Plan Rows": 5775, "Plan Width": 4, "Actual Startup Time": 0.213, "Actual Total Time": 545.47, "Actual Rows": 48328, "Actual Loops": 1, "Inner Unique": false, "Plans": [{"Node Type": "Index Scan", "Parent Relationship": "Outer", "Scan Direction": "Forward", "Index Name": "company_name_pkey", "Relation Name": "company_name", "Alias": "cn", "Startup Cost": 0.0, "Total Cost": 10501.39, "Plan Rows": 6290, "Plan Width": 4, "Actual Startup Time": 0.179, "Actual Total Time": 311.98, "Actual Rows": 6752, "Actual Loops": 1, "Filter": "((country_code)::text = '[jp]'::text)", "Rows Removed by Filter": 228244}, {"Node Type": "Index Scan", "Parent Relationship": "Inner", "Scan Direction": "Forward", "Index Name": "company_id_movie_companies", "Relation Name": "movie_companies", "Alias": "mc", "Startup Cost": 0.0, "Total Cost": 11.28, "Plan Rows": 1, "Plan Width": 8, "Actual Startup Time": 53.58, "Actual Total Time": 217.697, "Actual Rows": 48328, "Actual Loops": 6752, "Index Cond": "(company_id = cn.id)", "Rows Removed by Index Recheck": 0, "Filter": "(((note)::text ~~ '%(Japan)%'::text) AND ((note)::text !~~ '%(USA)%'::text))", "Rows Removed by Filter": 56667}]}, {"Node Type": "Index Scan", "Parent Relationship": "Inner", "Scan Direction": "Forward", "Index Name": "title_pkey", "Relation Name": "title", "Alias": "t", "Startup Cost": 0.0, "Total Cost": 3.91, "Plan Rows": 1, "Plan Width": 21, "Actual Startup Time": 287.494, "Actual Total Time": 287.494, "Actual Rows": 48328, "Actual Loops": 48328, "Index Cond": "(id = mc.movie_id)", "Rows Removed by Index Recheck": 0}]}, {"Node Type": "Index Scan", "Parent Relationship": "Inner", "Scan Direction": "Forward", "Index Name": "movie_id_cast_info", "Relation Name": "cast_info", "Alias": "ci", "Startup Cost": 0.0, "Total Cost": 0.98, "Plan Rows": 1, "Plan Width": 12, "Actual Startup Time": 3064.724, "Actual Total Time": 3208.536, "Actual Rows": 19600, "Actual Loops": 48328, "Index Cond": "(movie_id = t.id)", "Rows Removed by Index Recheck": 0, "Filter": "((note)::text = '(voice: English version)'::text)", "Rows Removed by Filter": 1531710}]}]}, {"Node Type": "Index Scan", "Parent Relationship": "Inner", "Scan Direction": "Forward", "Index Name": "person_id_aka_name", "Relation Name": "aka_name", "Alias": "an1", "Startup Cost": 0.0, "Total Cost": 0.84, "Plan Rows": 1, "Plan Width": 20, "Actual Startup Time": 34.193, "Actual Total Time": 42.713, "Actual Rows": 17379, "Actual Loops": 7438, "Index Cond": "(person_id = ci.person_id)", "Rows Removed by Index Recheck": 0}]}, {"Node Type": "Index Scan", "Parent Relationship": "Inner", "Scan Direction": "Forward", "Index Name": "name_pkey", "Relation Name": "name", "Alias": "n1", "Startup Cost": 0.0, "Total Cost": 0.57, "Plan Rows": 1, "Plan Width": 4, "Actual Startup Time": 70.243, "Actual Total Time": 70.243, "Actual Rows": 62, "Actual Loops": 17379, "Index Cond": "(id = an1.person_id)", "Rows Removed by Index Recheck": 0, "Filter": "(((name)::text ~~ '%Yo%'::text) AND ((name)::text !~~ '%Yu%'::text))", "Rows Removed by Filter": 17317}]}]}, "Triggers": [], "Planner Runtime": 7, "Total Runtime": 4252.246, "Unique SQL Id": 3544391839}}, "(16, 42)": {"explain_plan": {"Plan": {"Node Type": "Aggregate", "Strategy": "Plain", "Startup Cost": 177073.84, "Total Cost": 177073.87, "Plan Rows": 1, "Plan Width": 97, "Plans": [{"Node Type": "Streaming(type: LOCAL GATHER dop: 1/16)", "Parent Relationship": "Outer", "Startup Cost": 177073.84, "Total Cost": 177073.87, "Plan Rows": 1, "Plan Width": 97, "Plans": [{"Node Type": "Aggregate", "Strategy": "Plain", "Parent Relationship": "Outer", "Startup Cost": 177073.84, "Total Cost": 177073.85, "Plan Rows": 1, "Plan Width": 97, "Plans": [{"Node Type": "Hash Join", "Parent Relationship": "Outer", "Join Type": "Inner", "Startup Cost": 85734.3, "Total Cost": 177070.61, "Plan Rows": 646, "Plan Width": 33, "Inner Unique": false, "Hash Cond": "(n1.id = an1.person_id)", "Plans": [{"Node Type": "Streaming(type: BROADCAST dop: 16/16)", "Parent Relationship": "Outer", "Startup Cost": 68785.85, "Total Cost": 160110.46, "Plan Rows": 8512, "Plan Width": 25, "Plans": [{"Node Type": "Hash Join", "Parent Relationship": "Outer", "Join Type": "Inner", "Startup Cost": 68785.85, "Total Cost": 145088.85, "Plan Rows": 532, "Plan Width": 25, "Inner Unique": true, "Hash Cond": "(ci.movie_id = t.id)", "Plans": [{"Node Type": "Streaming(type: BROADCAST dop: 16/1)", "Parent Relationship": "Outer", "Startup Cost": 48056.29, "Total Cost": 124356.96, "Plan Rows": 8512, "Plan Width": 16, "Plans": [{"Node Type": "Hash Join", "Parent Relationship": "Outer", "Join Type": "Inner", "Startup Cost": 48056.29, "Total Cost": 109173.25, "Plan Rows": 532, "Plan Width": 16, "Inner Unique": false, "Hash Cond": "(ci.movie_id = mc.movie_id)", "Plans": [{"Node Type": "Nested Loop", "Parent Relationship": "Outer", "Join Type": "Inner", "Startup Cost": 22592.6, "Total Cost": 83646.11, "Plan Rows": 1293, "Plan Width": 12, "Inner Unique": false, "Join Filter": "(ci.role_id = rt.id)", "Plans": [{"Node Type": "Seq Scan", "Parent Relationship": "Outer", "Relation Name": "role_type", "Alias": "rt", "Startup Cost": 0.0, "Total Cost": 1.15, "Plan Rows": 1, "Plan Width": 4, "Filter": "((role)::text = 'actress'::text)"}, {"Node Type": "Materialize", "Parent Relationship": "Inner", "Startup Cost": 22592.6, "Total Cost": 83502.72, "Plan Rows": 14224, "Plan Width": 16, "Plans": [{"Node Type": "Hash Join", "Parent Relationship": "Outer", "Join Type": "Inner", "Startup Cost": 22592.6, "Total Cost": 83467.16, "Plan Rows": 14224, "Plan Width": 16, "Inner Unique": true, "Hash Cond": "(ci.person_id = n1.id)", "Plans": [{"Node Type": "Streaming(type: LOCAL GATHER dop: 1/16)", "Parent Relationship": "Outer", "Startup Cost": 0.0, "Total Cost": 60369.73, "Plan Rows": 96692, "Plan Width": 12, "Plans": [{"Node Type": "Seq Scan", "Parent Relationship": "Outer", "Relation Name": "cast_info", "Alias": "ci", "Startup Cost": 0.0, "Total Cost": 58282.92, "Plan Rows": 96692, "Plan Width": 12, "Filter": "((note)::text = '(voice: English version)'::text)"}]}, {"Node Type": "Hash", "Parent Relationship": "Inner", "Startup Cost": 22419.02, "Total Cost": 22419.02, "Plan Rows": 13886, "Plan Width": 4, "Plans": [{"Node Type": "Streaming(type: LOCAL GATHER dop: 1/16)", "Parent Relationship": "Outer", "Startup Cost": 0.0, "Total Cost": 22419.02, "Plan Rows": 13886, "Plan Width": 4, "Plans": [{"Node Type": "Seq Scan", "Parent Relationship": "Outer", "Relation Name": "name", "Alias": "n1", "Startup Cost": 0.0, "Total Cost": 22119.33, "Plan Rows": 13886, "Plan Width": 4, "Filter": "(((name)::text ~~ '%Yo%'::text) AND ((name)::text !~~ '%Yu%'::text))"}]}]}]}]}]}, {"Node Type": "Hash", "Parent Relationship": "Inner", "Startup Cost": 25391.5, "Total Cost": 25391.5, "Plan Rows": 5775, "Plan Width": 4, "Plans": [{"Node Type": "Hash Join", "Parent Relationship": "Outer", "Join Type": "Inner", "Startup Cost": 5982.08, "Total Cost": 25391.5, "Plan Rows": 5775, "Plan Width": 4, "Inner Unique": true, "Hash Cond": "(mc.company_id = cn.id)", "Plans": [{"Node Type": "Streaming(type: LOCAL GATHER dop: 1/16)", "Parent Relationship": "Outer", "Startup Cost": 0.0, "Total Cost": 19215.08, "Plan Rows": 36426, "Plan Width": 8, "Plans": [{"Node Type": "Seq Scan", "Parent Relationship": "Outer", "Relation Name": "movie_companies", "Alias": "mc", "Startup Cost": 0.0, "Total Cost": 18428.93, "Plan Rows": 36426, "Plan Width": 8, "Filter": "(((note)::text ~~ '%(Japan)%'::text) AND ((note)::text !~~ '%(USA)%'::text))"}]}, {"Node Type": "Hash", "Parent Relationship": "Inner", "Startup Cost": 5903.45, "Total Cost": 5903.45, "Plan Rows": 6290, "Plan Width": 4, "Plans": [{"Node Type": "Seq Scan", "Parent Relationship": "Outer", "Relation Name": "company_name", "Alias": "cn", "Startup Cost": 0.0, "Total Cost": 5903.45, "Plan Rows": 6290, "Plan Width": 4, "Filter": "((country_code)::text = '[jp]'::text)"}]}]}]}]}]}, {"Node Type": "Hash", "Parent Relationship": "Inner", "Startup Cost": 18754.32, "Total Cost": 18754.32, "Plan Rows": 2528311, "Plan Width": 21, "Plans": [{"Node Type": "Seq Scan", "Parent Relationship": "Outer", "Relation Name": "title", "Alias": "t", "Startup Cost": 0.0, "Total Cost": 18754.32, "Plan Rows": 2528311, "Plan Width": 21}]}]}]}, {"Node Type": "Hash", "Parent Relationship": "Inner", "Startup Cost": 16244.28, "Total Cost": 16244.28, "Plan Rows": 901342, "Plan Width": 20, "Plans": [{"Node Type": "Seq Scan", "Parent Relationship": "Outer", "Relation Name": "aka_name", "Alias": "an1", "Startup Cost": 0.0, "Total Cost": 16244.28, "Plan Rows": 901342, "Plan Width": 20}]}]}]}]}]}, "Unique SQL Id": 3544391839, "Planner Runtime": 180}, "explain_analyze_plan": {"Plan": {"Node Type": "Aggregate", "Strategy": "Plain", "Startup Cost": 177073.84, "Total Cost": 177073.87, "Plan Rows": 1, "Plan Width": 97, "Actual Min Startup Time": 1026.045, "Actual Max Startup Time": 1026.045, "Actual Min Total Time": 1026.046, "Actual Max Total Time": 1026.046, "Plans": [{"Node Type": "Streaming(type: LOCAL GATHER dop: 1/16)", "Parent Relationship": "Outer", "Startup Cost": 177073.84, "Total Cost": 177073.87, "Plan Rows": 1, "Plan Width": 97, "Actual Min Startup Time": 1025.849, "Actual Max Startup Time": 1025.849, "Actual Min Total Time": 1026.014, "Actual Max Total Time": 1026.014, "Plans": [{"Node Type": "Aggregate", "Strategy": "Plain", "Parent Relationship": "Outer", "Startup Cost": 177073.84, "Total Cost": 177073.85, "Plan Rows": 1, "Plan Width": 97, "Actual Min Startup Time": 896.209, "Actual Max Startup Time": 936.404, "Actual Min Total Time": 896.209, "Actual Max Total Time": 936.404, "Plans": [{"Node Type": "Hash Join", "Parent Relationship": "Outer", "Join Type": "Inner", "Startup Cost": 85734.3, "Total Cost": 177070.61, "Plan Rows": 646, "Plan Width": 33, "Actual Min Startup Time": 896.205, "Actual Max Startup Time": 936.307, "Actual Min Total Time": 896.205, "Actual Max Total Time": 936.383, "Inner Unique": false, "Hash Cond": "(n1.id = an1.person_id)", "Plans": [{"Node Type": "Streaming(type: BROADCAST dop: 16/16)", "Parent Relationship": "Outer", "Startup Cost": 68785.85, "Total Cost": 160110.46, "Plan Rows": 8512, "Plan Width": 25, "Actual Min Startup Time": 860.033, "Actual Max Startup Time": 899.734, "Actual Min Total Time": 860.114, "Actual Max Total Time": 899.809, "Plans": [{"Node Type": "Hash Join", "Parent Relationship": "Outer", "Join Type": "Inner", "Startup Cost": 68785.85, "Total Cost": 145088.85, "Plan Rows": 532, "Plan Width": 25, "Actual Min Startup Time": 895.67, "Actual Max Startup Time": 923.971, "Actual Min Total Time": 895.67, "Actual Max Total Time": 923.989, "Inner Unique": true, "Hash Cond": "(ci.movie_id = t.id)", "Plans": [{"Node Type": "Streaming(type: BROADCAST dop: 16/1)", "Parent Relationship": "Outer", "Startup Cost": 48056.29, "Total Cost": 124356.96, "Plan Rows": 8512, "Plan Width": 16, "Actual Min Startup Time": 790.156, "Actual Max Startup Time": 822.359, "Actual Min Total Time": 790.161, "Actual Max Total Time": 822.361, "Plans": [{"Node Type": "Hash Join", "Parent Relationship": "Outer", "Join Type": "Inner", "Startup Cost": 48056.29, "Total Cost": 109173.25, "Plan Rows": 532, "Plan Width": 16, "Actual Min Startup Time": 898.473, "Actual Max Startup Time": 898.473, "Actual Min Total Time": 898.799, "Actual Max Total Time": 898.799, "Inner Unique": false, "Hash Cond": "(ci.movie_id = mc.movie_id)", "Plans": [{"Node Type": "Nested Loop", "Parent Relationship": "Outer", "Join Type": "Inner", "Startup Cost": 22592.6, "Total Cost": 83646.11, "Plan Rows": 1293, "Plan Width": 12, "Actual Min Startup Time": 737.544, "Actual Max Startup Time": 737.544, "Actual Min Total Time": 737.715, "Actual Max Total Time": 737.715, "Inner Unique": false, "Join Filter": "(ci.role_id = rt.id)", "Rows Removed by Join Filter": 544, "Plans": [{"Node Type": "Seq Scan", "Parent Relationship": "Outer", "Relation Name": "role_type", "Alias": "rt", "Startup Cost": 0.0, "Total Cost": 1.15, "Plan Rows": 1, "Plan Width": 4, "Actual Min Startup Time": 0.047, "Actual Max Startup Time": 0.047, "Actual Min Total Time": 0.052, "Actual Max Total Time": 0.052, "Filter": "((role)::text = 'actress'::text)", "Rows Removed by Filter": 11, "Actual Rows": 1}, {"Node Type": "Materialize", "Parent Relationship": "Inner", "Startup Cost": 22592.6, "Total Cost": 83502.72, "Plan Rows": 14224, "Plan Width": 16, "Actual Min Startup Time": 737.194, "Actual Max Startup Time": 737.194, "Actual Min Total Time": 737.302, "Actual Max Total Time": 737.302, "Plans": [{"Node Type": "Hash Join", "Parent Relationship": "Outer", "Join Type": "Inner", "Startup Cost": 22592.6, "Total Cost": 83467.16, "Plan Rows": 14224, "Plan Width": 16, "Actual Min Startup Time": 106.08, "Actual Max Startup Time": 106.08, "Actual Min Total Time": 736.903, "Actual Max Total Time": 736.903, "Inner Unique": true, "Hash Cond": "(ci.person_id = n1.id)", "Plans": [{"Node Type": "Streaming(type: LOCAL GATHER dop: 1/16)", "Parent Relationship": "Outer", "Startup Cost": 0.0, "Total Cost": 60369.73, "Plan Rows": 96692, "Plan Width": 12, "Actual Min Startup Time": 0.058, "Actual Max Startup Time": 0.058, "Actual Min Total Time": 628.743, "Actual Max Total Time": 628.743, "Plans": [{"Node Type": "Seq Scan", "Parent Relationship": "Outer", "Relation Name": "cast_info", "Alias": "ci", "Startup Cost": 0.0, "Total Cost": 58282.92, "Plan Rows": 96692, "Plan Width": 12, "Actual Min Startup Time": 0.057, "Actual Max Startup Time": 2.965, "Actual Min Total Time": 604.137, "Actual Max Total Time": 643.047, "Filter": "((note)::text = '(voice: English version)'::text)", "Rows Removed by Filter": 36151248, "Actual Rows": 93095}], "Actual Rows": 93095}, {"Node Type": "Hash", "Parent Relationship": "Inner", "Startup Cost": 22419.02, "Total Cost": 22419.02, "Plan Rows": 13886, "Plan Width": 4, "Actual Min Startup Time": 91.939, "Actual Max Startup Time": 91.939, "Actual Min Total Time": 91.939, "Actual Max Total Time": 91.939, "Max Hash Buckets": 32768, "Min Hash Buckets": 32768, "Max Hash Batches": 1, "Min Hash Batches": 1, "Max Original Hash Batches": 1, "Min Original Hash Batches": 1, "Max Peak Memory Usage": 736, "min Peak Memory Usage": 736, "Plans": [{"Node Type": "Streaming(type: LOCAL GATHER dop: 1/16)", "Parent Relationship": "Outer", "Startup Cost": 0.0, "Total Cost": 22419.02, "Plan Rows": 13886, "Plan Width": 4, "Actual Min Startup Time": 0.047, "Actual Max Startup Time": 0.047, "Actual Min Total Time": 86.846, "Actual Max Total Time": 86.846, "Plans": [{"Node Type": "Seq Scan", "Parent Relationship": "Outer", "Relation Name": "name", "Alias": "n1", "Startup Cost": 0.0, "Total Cost": 22119.33, "Plan Rows": 13886, "Plan Width": 4, "Actual Min Startup Time": 0.051, "Actual Max Startup Time": 1.665, "Actual Min Total Time": 100.766, "Actual Max Total Time": 108.921, "Filter": "(((name)::text ~~ '%Yo%'::text) AND ((name)::text !~~ '%Yu%'::text))", "Rows Removed by Filter": 4146579, "Actual Rows": 20911}], "Actual Rows": 20911}], "Actual Rows": 20911}], "Actual Rows": 938}], "Actual Rows": 939}], "Actual Rows": 394}, {"Node Type": "Hash", "Parent Relationship": "Inner", "Startup Cost": 25391.5, "Total Cost": 25391.5, "Plan Rows": 5775, "Plan Width": 4, "Actual Min Startup Time": 160.842, "Actual Max Startup Time": 160.842, "Actual Min Total Time": 160.842, "Actual Max Total Time": 160.842, "Max Hash Buckets": 32768, "Min Hash Buckets": 32768, "Max Hash Batches": 1, "Min Hash Batches": 1, "Max Original Hash Batches": 1, "Min Original Hash Batches": 1, "Max Peak Memory Usage": 1700, "min Peak Memory Usage": 1700, "Plans": [{"Node Type": "Hash Join", "Parent Relationship": "Outer", "Join Type": "Inner", "Startup Cost": 5982.08, "Total Cost": 25391.5, "Plan Rows": 5775, "Plan Width": 4, "Actual Min Startup Time": 86.341, "Actual Max Startup Time": 86.341, "Actual Min Total Time": 148.767, "Actual Max Total Time": 148.767, "Inner Unique": true, "Hash Cond": "(mc.company_id = cn.id)", "Plans": [{"Node Type": "Streaming(type: LOCAL GATHER dop: 1/16)", "Parent Relationship": "Outer", "Startup Cost": 0.0, "Total Cost": 19215.08, "Plan Rows": 36426, "Plan Width": 8, "Actual Min Startup Time": 0.086, "Actual Max Startup Time": 0.086, "Actual Min Total Time": 42.713, "Actual Max Total Time": 42.713, "Plans": [{"Node Type": "Seq Scan", "Parent Relationship": "Outer", "Relation Name": "movie_companies", "Alias": "mc", "Startup Cost": 0.0, "Total Cost": 18428.93, "Plan Rows": 36426, "Plan Width": 8, "Actual Min Startup Time": 0.041, "Actual Max Startup Time": 0.407, "Actual Min Total Time": 53.638, "Actual Max Total Time": 61.864, "Filter": "(((note)::text ~~ '%(Japan)%'::text) AND ((note)::text !~~ '%(USA)%'::text))", "Rows Removed by Filter": 2560231, "Actual Rows": 48897}], "Actual Rows": 48897}, {"Node Type": "Hash", "Parent Relationship": "Inner", "Startup Cost": 5903.45, "Total Cost": 5903.45, "Plan Rows": 6290, "Plan Width": 4, "Actual Min Startup Time": 86.192, "Actual Max Startup Time": 86.192, "Actual Min Total Time": 86.192, "Actual Max Total Time": 86.192, "Max Hash Buckets": 32768, "Min Hash Buckets": 32768, "Max Hash Batches": 1, "Min Hash Batches": 1, "Max Original Hash Batches": 1, "Min Original Hash Batches": 1, "Max Peak Memory Usage": 238, "min Peak Memory Usage": 238, "Plans": [{"Node Type": "Seq Scan", "Parent Relationship": "Outer", "Relation Name": "company_name", "Alias": "cn", "Startup Cost": 0.0, "Total Cost": 5903.45, "Plan Rows": 6290, "Plan Width": 4, "Actual Min Startup Time": 0.041, "Actual Max Startup Time": 0.041, "Actual Min Total Time": 83.879, "Actual Max Total Time": 83.879, "Filter": "((country_code)::text = '[jp]'::text)", "Rows Removed by Filter": 228244, "Actual Rows": 6752}], "Actual Rows": 6752}], "Actual Rows": 48328}], "Actual Rows": 48328}], "Actual Rows": 38}], "Actual Rows": 608}, {"Node Type": "Hash", "Parent Relationship": "Inner", "Startup Cost": 18754.32, "Total Cost": 18754.32, "Plan Rows": 2528311, "Plan Width": 21, "Actual Min Startup Time": 98.43, "Actual Max Startup Time": 110.277, "Actual Min Total Time": 98.43, "Actual Max Total Time": 110.277, "Max Hash Buckets": 262144, "Min Hash Buckets": 262144, "Max Hash Batches": 1, "Min Hash Batches": 1, "Max Original Hash Batches": 1, "Min Original Hash Batches": 1, "Max Peak Memory Usage": 8595, "min Peak Memory Usage": 8595, "Plans": [{"Node Type": "Seq Scan", "Parent Relationship": "Outer", "Relation Name": "title", "Alias": "t", "Startup Cost": 0.0, "Total Cost": 18754.32, "Plan Rows": 2528311, "Plan Width": 21, "Actual Min Startup Time": 0.027, "Actual Max Startup Time": 0.04, "Actual Min Total Time": 49.544, "Actual Max Total Time": 57.287, "Actual Rows": 2528311}], "Actual Rows": 2528311}], "Actual Rows": 38}], "Actual Rows": 608}, {"Node Type": "Hash", "Parent Relationship": "Inner", "Startup Cost": 16244.28, "Total Cost": 16244.28, "Plan Rows": 901342, "Plan Width": 20, "Actual Min Startup Time": 31.295, "Actual Max Startup Time": 37.249, "Actual Min Total Time": 31.295, "Actual Max Total Time": 37.249, "Max Hash Buckets": 65536, "Min Hash Buckets": 65536, "Max Hash Batches": 1, "Min Hash Batches": 1, "Max Original Hash Batches": 1, "Min Original Hash Batches": 1, "Max Peak Memory Usage": 3062, "min Peak Memory Usage": 3062, "Plans": [{"Node Type": "Seq Scan", "Parent Relationship": "Outer", "Relation Name": "aka_name", "Alias": "an1", "Startup Cost": 0.0, "Total Cost": 16244.28, "Plan Rows": 901342, "Plan Width": 20, "Actual Min Startup Time": 0.027, "Actual Max Startup Time": 0.04, "Actual Min Total Time": 16.506, "Actual Max Total Time": 20.31, "Actual Rows": 901342}], "Actual Rows": 901342}], "Actual Rows": 62}], "Actual Rows": 16}], "Actual Rows": 16}], "Actual Rows": 1}, "Triggers": [], "Planner Runtime": 179, "Total Runtime": 1044.022, "Unique SQL Id": 3544391839}}, "(16, 43)": {"explain_plan": {"Plan": {"Node Type": "Aggregate", "Strategy": "Plain", "Startup Cost": 7000235540657.29, "Total Cost": 7000235540657.3, "Plan Rows": 1, "Plan Width": 97, "Plans": [{"Node Type": "Nested Loop", "Parent Relationship": "Outer", "Join Type": "Inner", "Startup Cost": 70000000000.0, "Total Cost": 7000235540654.06, "Plan Rows": 646, "Plan Width": 33, "Inner Unique": false, "Join Filter": "(n1.id = an1.person_id)", "Plans": [{"Node Type": "Index Scan", "Parent Relationship": "Outer", "Scan Direction": "Forward", "Index Name": "person_id_aka_name", "Relation Name": "aka_name", "Alias": "an1", "Startup Cost": 10000000000.0, "Total Cost": 1000006896503.43, "Plan Rows": 901342, "Plan Width": 20}, {"Node Type": "Materialize", "Parent Relationship": "Inner", "Startup Cost": 60000000000.0, "Total Cost": 6000221451442.81, "Plan Rows": 532, "Plan Width": 25, "Plans": [{"Node Type": "Nested Loop", "Parent Relationship": "Outer", "Join Type": "Inner", "Startup Cost": 60000000000.0, "Total Cost": 6000221451440.15, "Plan Rows": 532, "Plan Width": 25, "Inner Unique": true, "Join Filter": "(ci.movie_id = t.id)", "Plans": [{"Node Type": "Nested Loop", "Parent Relationship": "Outer", "Join Type": "Inner", "Startup Cost": 50000000000.0, "Total Cost": 5000190257148.67, "Plan Rows": 532, "Plan Width": 16, "Inner Unique": false, "Join Filter": "(ci.person_id = n1.id)", "Plans": [{"Node Type": "Index Scan", "Parent Relationship": "Outer", "Scan Direction": "Forward", "Index Name": "name_pkey", "Relation Name": "name", "Alias": "n1", "Startup Cost": 10000000000.0, "Total Cost": 1000019707019.7, "Plan Rows": 13886, "Plan Width": 4, "Filter": "(((name)::text ~~ '%Yo%'::text) AND ((name)::text !~~ '%Yu%'::text))"}, {"Node Type": "Materialize", "Parent Relationship": "Inner", "Startup Cost": 40000000000.0, "Total Cost": 4000170439320.02, "Plan Rows": 532, "Plan Width": 12, "Plans": [{"Node Type": "Nested Loop", "Parent Relationship": "Outer", "Join Type": "Inner", "Startup Cost": 40000000000.0, "Total Cost": 4000170439317.36, "Plan Rows": 532, "Plan Width": 12, "Inner Unique": true, "Join Filter": "(ci.role_id = rt.id)", "Plans": [{"Node Type": "Nested Loop", "Parent Relationship": "Outer", "Join Type": "Inner", "Startup Cost": 30000000000.0, "Total Cost": 3000170437983.65, "Plan Rows": 5847, "Plan Width": 16, "Inner Unique": false, "Join Filter": "(mc.movie_id = ci.movie_id)", "Plans": [{"Node Type": "Nested Loop", "Parent Relationship": "Outer", "Join Type": "Inner", "Startup Cost": 20000000000.0, "Total Cost": 2000018843457.92, "Plan Rows": 5775, "Plan Width": 4, "Inner Unique": true, "Join Filter": "(cn.id = mc.company_id)", "Plans": [{"Node Type": "Index Scan", "Parent Relationship": "Outer", "Scan Direction": "Forward", "Index Name": "movie_id_movie_companies", "Relation Name": "movie_companies", "Alias": "mc", "Startup Cost": 10000000000.0, "Total Cost": 1000014356510.13, "Plan Rows": 36426, "Plan Width": 8, "Filter": "(((note)::text ~~ '%(Japan)%'::text) AND ((note)::text !~~ '%(USA)%'::text))"}, {"Node Type": "Materialize", "Parent Relationship": "Inner", "Startup Cost": 10000000000.0, "Total Cost": 1000001050170.42, "Plan Rows": 6290, "Plan Width": 4, "Plans": [{"Node Type": "Index Scan", "Parent Relationship": "Outer", "Scan Direction": "Forward", "Index Name": "company_name_pkey", "Relation Name": "company_name", "Alias": "cn", "Startup Cost": 10000000000.0, "Total Cost": 1000001050138.97, "Plan Rows": 6290, "Plan Width": 4, "Filter": "((country_code)::text = '[jp]'::text)"}]}]}, {"Node Type": "Materialize", "Parent Relationship": "Inner", "Startup Cost": 10000000000.0, "Total Cost": 1000143218822.96, "Plan Rows": 96692, "Plan Width": 12, "Plans": [{"Node Type": "Index Scan", "Parent Relationship": "Outer", "Scan Direction": "Forward", "Index Name": "role_id_cast_info", "Relation Name": "cast_info", "Alias": "ci", "Startup Cost": 10000000000.0, "Total Cost": 1000143218339.5, "Plan Rows": 96692, "Plan Width": 12, "Filter": "((note)::text = '(voice: English version)'::text)"}]}]}, {"Node Type": "Materialize", "Parent Relationship": "Inner", "Startup Cost": 10000000000.0, "Total Cost": 1000000001246.0, "Plan Rows": 1, "Plan Width": 4, "Plans": [{"Node Type": "Index Scan", "Parent Relationship": "Outer", "Scan Direction": "Forward", "Index Name": "role_type_pkey", "Relation Name": "role_type", "Alias": "rt", "Startup Cost": 10000000000.0, "Total Cost": 1000000001246.0, "Plan Rows": 1, "Plan Width": 4, "Filter": "((role)::text = 'actress'::text)"}]}]}]}]}, {"Node Type": "Materialize", "Parent Relationship": "Inner", "Startup Cost": 10000000000.0, "Total Cost": 1000011024690.47, "Plan Rows": 2528311, "Plan Width": 21, "Plans": [{"Node Type": "Index Scan", "Parent Relationship": "Outer", "Scan Direction": "Forward", "Index Name": "title_pkey", "Relation Name": "title", "Alias": "t", "Startup Cost": 10000000000.0, "Total Cost": 1000011012048.91, "Plan Rows": 2528311, "Plan Width": 21}]}]}]}]}]}, "Unique SQL Id": 3544391839, "Planner Runtime": 44}, "explain_analyze_plan": null}, "(16, 44)": {"explain_plan": {"Plan": {"Node Type": "Aggregate", "Strategy": "Plain", "Startup Cost": 54685.24, "Total Cost": 54685.25, "Plan Rows": 1, "Plan Width": 97, "Plans": [{"Node Type": "Nested Loop", "Parent Relationship": "Outer", "Join Type": "Inner", "Startup Cost": 5982.08, "Total Cost": 54685.18, "Plan Rows": 12, "Plan Width": 33, "Inner Unique": true, "Plans": [{"Node Type": "Nested Loop", "Parent Relationship": "Outer", "Join Type": "Inner", "Startup Cost": 5982.08, "Total Cost": 54309.64, "Plan Rows": 645, "Plan Width": 41, "Inner Unique": false, "Plans": [{"Node Type": "Nested Loop", "Parent Relationship": "Outer", "Join Type": "Inner", "Startup Cost": 5982.08, "Total Cost": 53855.43, "Plan Rows": 532, "Plan Width": 21, "Inner Unique": false, "Join Filter": "(ci.role_id = rt.id)", "Plans": [{"Node Type": "Seq Scan", "Parent Relationship": "Outer", "Relation Name": "role_type", "Alias": "rt", "Startup Cost": 0.0, "Total Cost": 1.15, "Plan Rows": 1, "Plan Width": 4, "Filter": "((role)::text = 'actress'::text)"}, {"Node Type": "Materialize", "Parent Relationship": "Inner", "Startup Cost": 5982.08, "Total Cost": 53795.81, "Plan Rows": 5847, "Plan Width": 25, "Plans": [{"Node Type": "Nested Loop", "Parent Relationship": "Outer", "Join Type": "Inner", "Startup Cost": 5982.08, "Total Cost": 53781.19, "Plan Rows": 5847, "Plan Width": 25, "Inner Unique": false, "Plans": [{"Node Type": "Nested Loop", "Parent Relationship": "Outer", "Join Type": "Inner", "Startup Cost": 5982.08, "Total Cost": 48038.6, "Plan Rows": 5775, "Plan Width": 25, "Inner Unique": true, "Plans": [{"Node Type": "Hash Join", "Parent Relationship": "Outer", "Join Type": "Inner", "Startup Cost": 5982.08, "Total Cost": 25391.5, "Plan Rows": 5775, "Plan Width": 4, "Inner Unique": true, "Hash Cond": "(mc.company_id = cn.id)", "Plans": [{"Node Type": "Streaming(type: LOCAL GATHER dop: 1/16)", "Parent Relationship": "Outer", "Startup Cost": 0.0, "Total Cost": 19215.08, "Plan Rows": 36426, "Plan Width": 8, "Plans": [{"Node Type": "Seq Scan", "Parent Relationship": "Outer", "Relation Name": "movie_companies", "Alias": "mc", "Startup Cost": 0.0, "Total Cost": 18428.93, "Plan Rows": 36426, "Plan Width": 8, "Filter": "(((note)::text ~~ '%(Japan)%'::text) AND ((note)::text !~~ '%(USA)%'::text))"}]}, {"Node Type": "Hash", "Parent Relationship": "Inner", "Startup Cost": 5903.45, "Total Cost": 5903.45, "Plan Rows": 6290, "Plan Width": 4, "Plans": [{"Node Type": "Seq Scan", "Parent Relationship": "Outer", "Relation Name": "company_name", "Alias": "cn", "Startup Cost": 0.0, "Total Cost": 5903.45, "Plan Rows": 6290, "Plan Width": 4, "Filter": "((country_code)::text = '[jp]'::text)"}]}]}, {"Node Type": "Index Scan", "Parent Relationship": "Inner", "Scan Direction": "Forward", "Index Name": "title_pkey", "Relation Name": "title", "Alias": "t", "Startup Cost": 0.0, "Total Cost": 3.91, "Plan Rows": 1, "Plan Width": 21, "Index Cond": "(id = mc.movie_id)"}]}, {"Node Type": "Index Scan", "Parent Relationship": "Inner", "Scan Direction": "Forward", "Index Name": "movie_id_cast_info", "Relation Name": "cast_info", "Alias": "ci", "Startup Cost": 0.0, "Total Cost": 0.98, "Plan Rows": 1, "Plan Width": 12, "Index Cond": "(movie_id = t.id)", "Filter": "((note)::text = '(voice: English version)'::text)"}]}]}]}, {"Node Type": "Index Scan", "Parent Relationship": "Inner", "Scan Direction": "Forward", "Index Name": "person_id_aka_name", "Relation Name": "aka_name", "Alias": "an1", "Startup Cost": 0.0, "Total Cost": 0.84, "Plan Rows": 1, "Plan Width": 20, "Index Cond": "(person_id = ci.person_id)"}]}, {"Node Type": "Index Scan", "Parent Relationship": "Inner", "Scan Direction": "Forward", "Index Name": "name_pkey", "Relation Name": "name", "Alias": "n1", "Startup Cost": 0.0, "Total Cost": 0.57, "Plan Rows": 1, "Plan Width": 4, "Index Cond": "(id = an1.person_id)", "Filter": "(((name)::text ~~ '%Yo%'::text) AND ((name)::text !~~ '%Yu%'::text))"}]}]}, "Unique SQL Id": 3544391839, "Planner Runtime": 46}, "explain_analyze_plan": {"Plan": {"Node Type": "Aggregate", "Strategy": "Plain", "Startup Cost": 54685.24, "Total Cost": 54685.25, "Plan Rows": 1, "Plan Width": 97, "Actual Min Startup Time": 2739.363, "Actual Max Startup Time": 2739.363, "Actual Min Total Time": 2739.364, "Actual Max Total Time": 2739.364, "Plans": [{"Node Type": "Nested Loop", "Parent Relationship": "Outer", "Join Type": "Inner", "Startup Cost": 5982.08, "Total Cost": 54685.18, "Plan Rows": 12, "Plan Width": 33, "Actual Min Startup Time": 2650.61, "Actual Max Startup Time": 2650.61, "Actual Min Total Time": 2739.262, "Actual Max Total Time": 2739.262, "Inner Unique": true, "Plans": [{"Node Type": "Nested Loop", "Parent Relationship": "Outer", "Join Type": "Inner", "Startup Cost": 5982.08, "Total Cost": 54309.64, "Plan Rows": 645, "Plan Width": 41, "Actual Min Startup Time": 2626.48, "Actual Max Startup Time": 2626.48, "Actual Min Total Time": 2673.364, "Actual Max Total Time": 2673.364, "Inner Unique": false, "Plans": [{"Node Type": "Nested Loop", "Parent Relationship": "Outer", "Join Type": "Inner", "Startup Cost": 5982.08, "Total Cost": 53855.43, "Plan Rows": 532, "Plan Width": 21, "Actual Min Startup Time": 2626.424, "Actual Max Startup Time": 2626.424, "Actual Min Total Time": 2635.102, "Actual Max Total Time": 2635.102, "Inner Unique": false, "Join Filter": "(ci.role_id = rt.id)", "Rows Removed by Join Filter": 12162, "Plans": [{"Node Type": "Seq Scan", "Parent Relationship": "Outer", "Relation Name": "role_type", "Alias": "rt", "Startup Cost": 0.0, "Total Cost": 1.15, "Plan Rows": 1, "Plan Width": 4, "Actual Min Startup Time": 0.13, "Actual Max Startup Time": 0.13, "Actual Min Total Time": 0.137, "Actual Max Total Time": 0.137, "Filter": "((role)::text = 'actress'::text)", "Rows Removed by Filter": 11, "Actual Rows": 1}, {"Node Type": "Materialize", "Parent Relationship": "Inner", "Startup Cost": 5982.08, "Total Cost": 53795.81, "Plan Rows": 5847, "Plan Width": 25, "Actual Min Startup Time": 2626.237, "Actual Max Startup Time": 2626.237, "Actual Min Total Time": 2628.973, "Actual Max Total Time": 2628.973, "Plans": [{"Node Type": "Nested Loop", "Parent Relationship": "Outer", "Join Type": "Inner", "Startup Cost": 5982.08, "Total Cost": 53781.19, "Plan Rows": 5847, "Plan Width": 25, "Actual Min Startup Time": 92.545, "Actual Max Startup Time": 92.545, "Actual Min Total Time": 2619.383, "Actual Max Total Time": 2619.383, "Inner Unique": false, "Plans": [{"Node Type": "Nested Loop", "Parent Relationship": "Outer", "Join Type": "Inner", "Startup Cost": 5982.08, "Total Cost": 48038.6, "Plan Rows": 5775, "Plan Width": 25, "Actual Min Startup Time": 85.191, "Actual Max Startup Time": 85.191, "Actual Min Total Time": 371.208, "Actual Max Total Time": 371.208, "Inner Unique": true, "Plans": [{"Node Type": "Hash Join", "Parent Relationship": "Outer", "Join Type": "Inner", "Startup Cost": 5982.08, "Total Cost": 25391.5, "Plan Rows": 5775, "Plan Width": 4, "Actual Min Startup Time": 85.132, "Actual Max Startup Time": 85.132, "Actual Min Total Time": 146.599, "Actual Max Total Time": 146.599, "Inner Unique": true, "Hash Cond": "(mc.company_id = cn.id)", "Plans": [{"Node Type": "Streaming(type: LOCAL GATHER dop: 1/16)", "Parent Relationship": "Outer", "Startup Cost": 0.0, "Total Cost": 19215.08, "Plan Rows": 36426, "Plan Width": 8, "Actual Min Startup Time": 0.058, "Actual Max Startup Time": 0.058, "Actual Min Total Time": 26.976, "Actual Max Total Time": 26.976, "Plans": [{"Node Type": "Seq Scan", "Parent Relationship": "Outer", "Relation Name": "movie_companies", "Alias": "mc", "Startup Cost": 0.0, "Total Cost": 18428.93, "Plan Rows": 36426, "Plan Width": 8, "Actual Min Startup Time": 0.034, "Actual Max Startup Time": 0.41, "Actual Min Total Time": 53.498, "Actual Max Total Time": 61.449, "Filter": "(((note)::text ~~ '%(Japan)%'::text) AND ((note)::text !~~ '%(USA)%'::text))", "Rows Removed by Filter": 2560231, "Actual Rows": 48897}], "Actual Rows": 48897}, {"Node Type": "Hash", "Parent Relationship": "Inner", "Startup Cost": 5903.45, "Total Cost": 5903.45, "Plan Rows": 6290, "Plan Width": 4, "Actual Min Startup Time": 84.985, "Actual Max Startup Time": 84.985, "Actual Min Total Time": 84.985, "Actual Max Total Time": 84.985, "Max Hash Buckets": 32768, "Min Hash Buckets": 32768, "Max Hash Batches": 1, "Min Hash Batches": 1, "Max Original Hash Batches": 1, "Min Original Hash Batches": 1, "Max Peak Memory Usage": 238, "min Peak Memory Usage": 238, "Plans": [{"Node Type": "Seq Scan", "Parent Relationship": "Outer", "Relation Name": "company_name", "Alias": "cn", "Startup Cost": 0.0, "Total Cost": 5903.45, "Plan Rows": 6290, "Plan Width": 4, "Actual Min Startup Time": 0.068, "Actual Max Startup Time": 0.068, "Actual Min Total Time": 82.631, "Actual Max Total Time": 82.631, "Filter": "((country_code)::text = '[jp]'::text)", "Rows Removed by Filter": 228244, "Actual Rows": 6752}], "Actual Rows": 6752}], "Actual Rows": 48328}, {"Node Type": "Index Scan", "Parent Relationship": "Inner", "Scan Direction": "Forward", "Index Name": "title_pkey", "Relation Name": "title", "Alias": "t", "Startup Cost": 0.0, "Total Cost": 3.91, "Plan Rows": 1, "Plan Width": 21, "Actual Min Startup Time": 184.339, "Actual Max Startup Time": 184.339, "Actual Min Total Time": 184.339, "Actual Max Total Time": 184.339, "Index Cond": "(id = mc.movie_id)", "Rows Removed by Index Recheck": 0, "Actual Rows": 48328}], "Actual Rows": 48328}, {"Node Type": "Index Scan", "Parent Relationship": "Inner", "Scan Direction": "Forward", "Index Name": "movie_id_cast_info", "Relation Name": "cast_info", "Alias": "ci", "Startup Cost": 0.0, "Total Cost": 0.98, "Plan Rows": 1, "Plan Width": 12, "Actual Min Startup Time": 2114.951, "Actual Max Startup Time": 2114.951, "Actual Min Total Time": 2217.878, "Actual Max Total Time": 2217.878, "Index Cond": "(movie_id = t.id)", "Rows Removed by Index Recheck": 0, "Filter": "((note)::text = '(voice: English version)'::text)", "Rows Removed by Filter": 1531710, "Actual Rows": 19600}], "Actual Rows": 19600}], "Actual Rows": 19601}], "Actual Rows": 7438}, {"Node Type": "Index Scan", "Parent Relationship": "Inner", "Scan Direction": "Forward", "Index Name": "person_id_aka_name", "Relation Name": "aka_name", "Alias": "an1", "Startup Cost": 0.0, "Total Cost": 0.84, "Plan Rows": 1, "Plan Width": 20, "Actual Min Startup Time": 23.528, "Actual Max Startup Time": 23.528, "Actual Min Total Time": 30.5, "Actual Max Total Time": 30.5, "Index Cond": "(person_id = ci.person_id)", "Rows Removed by Index Recheck": 0, "Actual Rows": 17379}], "Actual Rows": 17379}, {"Node Type": "Index Scan", "Parent Relationship": "Inner", "Scan Direction": "Forward", "Index Name": "name_pkey", "Relation Name": "name", "Alias": "n1", "Startup Cost": 0.0, "Total Cost": 0.57, "Plan Rows": 1, "Plan Width": 4, "Actual Min Startup Time": 57.245, "Actual Max Startup Time": 57.245, "Actual Min Total Time": 57.245, "Actual Max Total Time": 57.245, "Index Cond": "(id = an1.person_id)", "Rows Removed by Index Recheck": 0, "Filter": "(((name)::text ~~ '%Yo%'::text) AND ((name)::text !~~ '%Yu%'::text))", "Rows Removed by Filter": 17317, "Actual Rows": 62}], "Actual Rows": 62}], "Actual Rows": 1}, "Triggers": [], "Planner Runtime": 46, "Total Runtime": 2742.745, "Unique SQL Id": 3544391839}}, "(16, 45)": {"explain_plan": {"Plan": {"Node Type": "Aggregate", "Strategy": "Plain", "Startup Cost": 110824.82, "Total Cost": 110824.83, "Plan Rows": 1, "Plan Width": 97, "Plans": [{"Node Type": "Nested Loop", "Parent Relationship": "Outer", "Join Type": "Inner", "Startup Cost": 0.0, "Total Cost": 110824.76, "Plan Rows": 12, "Plan Width": 33, "Inner Unique": true, "Plans": [{"Node Type": "Nested Loop", "Parent Relationship": "Outer", "Join Type": "Inner", "Startup Cost": 0.0, "Total Cost": 110449.22, "Plan Rows": 645, "Plan Width": 41, "Inner Unique": false, "Plans": [{"Node Type": "Nested Loop", "Parent Relationship": "Outer", "Join Type": "Inner", "Startup Cost": 0.0, "Total Cost": 109995.01, "Plan Rows": 532, "Plan Width": 21, "Inner Unique": false, "Join Filter": "(ci.role_id = rt.id)", "Plans": [{"Node Type": "Index Scan", "Parent Relationship": "Outer", "Scan Direction": "Forward", "Index Name": "role_type_pkey", "Relation Name": "role_type", "Alias": "rt", "Startup Cost": 0.0, "Total Cost": 12.46, "Plan Rows": 1, "Plan Width": 4, "Filter": "((role)::text = 'actress'::text)"}, {"Node Type": "Nested Loop", "Parent Relationship": "Inner", "Join Type": "Inner", "Startup Cost": 0.0, "Total Cost": 109909.47, "Plan Rows": 5847, "Plan Width": 25, "Inner Unique": false, "Plans": [{"Node Type": "Nested Loop", "Parent Relationship": "Outer", "Join Type": "Inner", "Startup Cost": 0.0, "Total Cost": 104166.87, "Plan Rows": 5775, "Plan Width": 25, "Inner Unique": true, "Plans": [{"Node Type": "Nested Loop", "Parent Relationship": "Outer", "Join Type": "Inner", "Startup Cost": 0.0, "Total Cost": 81519.78, "Plan Rows": 5775, "Plan Width": 4, "Inner Unique": false, "Plans": [{"Node Type": "Index Scan", "Parent Relationship": "Outer", "Scan Direction": "Forward", "Index Name": "company_name_pkey", "Relation Name": "company_name", "Alias": "cn", "Startup Cost": 0.0, "Total Cost": 10501.39, "Plan Rows": 6290, "Plan Width": 4, "Filter": "((country_code)::text = '[jp]'::text)"}, {"Node Type": "Index Scan", "Parent Relationship": "Inner", "Scan Direction": "Forward", "Index Name": "company_id_movie_companies", "Relation Name": "movie_companies", "Alias": "mc", "Startup Cost": 0.0, "Total Cost": 11.28, "Plan Rows": 1, "Plan Width": 8, "Index Cond": "(company_id = cn.id)", "Filter": "(((note)::text ~~ '%(Japan)%'::text) AND ((note)::text !~~ '%(USA)%'::text))"}]}, {"Node Type": "Index Scan", "Parent Relationship": "Inner", "Scan Direction": "Forward", "Index Name": "title_pkey", "Relation Name": "title", "Alias": "t", "Startup Cost": 0.0, "Total Cost": 3.91, "Plan Rows": 1, "Plan Width": 21, "Index Cond": "(id = mc.movie_id)"}]}, {"Node Type": "Index Scan", "Parent Relationship": "Inner", "Scan Direction": "Forward", "Index Name": "movie_id_cast_info", "Relation Name": "cast_info", "Alias": "ci", "Startup Cost": 0.0, "Total Cost": 0.98, "Plan Rows": 1, "Plan Width": 12, "Index Cond": "(movie_id = t.id)", "Filter": "((note)::text = '(voice: English version)'::text)"}]}]}, {"Node Type": "Index Scan", "Parent Relationship": "Inner", "Scan Direction": "Forward", "Index Name": "person_id_aka_name", "Relation Name": "aka_name", "Alias": "an1", "Startup Cost": 0.0, "Total Cost": 0.84, "Plan Rows": 1, "Plan Width": 20, "Index Cond": "(person_id = ci.person_id)"}]}, {"Node Type": "Index Scan", "Parent Relationship": "Inner", "Scan Direction": "Forward", "Index Name": "name_pkey", "Relation Name": "name", "Alias": "n1", "Startup Cost": 0.0, "Total Cost": 0.57, "Plan Rows": 1, "Plan Width": 4, "Index Cond": "(id = an1.person_id)", "Filter": "(((name)::text ~~ '%Yo%'::text) AND ((name)::text !~~ '%Yu%'::text))"}]}]}, "Unique SQL Id": 3544391839, "Planner Runtime": 17}, "explain_analyze_plan": {"Plan": {"Node Type": "Aggregate", "Strategy": "Plain", "Startup Cost": 110824.82, "Total Cost": 110824.83, "Plan Rows": 1, "Plan Width": 97, "Actual Startup Time": 4251.906, "Actual Total Time": 4251.907, "Actual Rows": 1, "Actual Loops": 1, "Plans": [{"Node Type": "Nested Loop", "Parent Relationship": "Outer", "Join Type": "Inner", "Startup Cost": 0.0, "Total Cost": 110824.76, "Plan Rows": 12, "Plan Width": 33, "Actual Startup Time": 4.317, "Actual Total Time": 4251.596, "Actual Rows": 62, "Actual Loops": 1, "Inner Unique": true, "Plans": [{"Node Type": "Nested Loop", "Parent Relationship": "Outer", "Join Type": "Inner", "Startup Cost": 0.0, "Total Cost": 110449.22, "Plan Rows": 645, "Plan Width": 41, "Actual Startup Time": 0.339, "Actual Total Time": 4172.355, "Actual Rows": 17379, "Actual Loops": 1, "Inner Unique": false, "Plans": [{"Node Type": "Nested Loop", "Parent Relationship": "Outer", "Join Type": "Inner", "Startup Cost": 0.0, "Total Cost": 109995.01, "Plan Rows": 532, "Plan Width": 21, "Actual Startup Time": 0.325, "Actual Total Time": 4120.566, "Actual Rows": 7438, "Actual Loops": 1, "Inner Unique": false, "Join Filter": "(ci.role_id = rt.id)", "Rows Removed by Join Filter": 12162, "Plans": [{"Node Type": "Index Scan", "Parent Relationship": "Outer", "Scan Direction": "Forward", "Index Name": "role_type_pkey", "Relation Name": "role_type", "Alias": "rt", "Startup Cost": 0.0, "Total Cost": 12.46, "Plan Rows": 1, "Plan Width": 4, "Actual Startup Time": 0.041, "Actual Total Time": 0.05, "Actual Rows": 1, "Actual Loops": 1, "Filter": "((role)::text = 'actress'::text)", "Rows Removed by Filter": 11}, {"Node Type": "Nested Loop", "Parent Relationship": "Inner", "Join Type": "Inner", "Startup Cost": 0.0, "Total Cost": 109909.47, "Plan Rows": 5847, "Plan Width": 25, "Actual Startup Time": 0.278, "Actual Total Time": 4115.211, "Actual Rows": 19600, "Actual Loops": 1, "Inner Unique": false, "Plans": [{"Node Type": "Nested Loop", "Parent Relationship": "Outer", "Join Type": "Inner", "Startup Cost": 0.0, "Total Cost": 104166.87, "Plan Rows": 5775, "Plan Width": 25, "Actual Startup Time": 0.224, "Actual Total Time": 875.65, "Actual Rows": 48328, "Actual Loops": 1, "Inner Unique": true, "Plans": [{"Node Type": "Nested Loop", "Parent Relationship": "Outer", "Join Type": "Inner", "Startup Cost": 0.0, "Total Cost": 81519.78, "Plan Rows": 5775, "Plan Width": 4, "Actual Startup Time": 0.213, "Actual Total Time": 545.47, "Actual Rows": 48328, "Actual Loops": 1, "Inner Unique": false, "Plans": [{"Node Type": "Index Scan", "Parent Relationship": "Outer", "Scan Direction": "Forward", "Index Name": "company_name_pkey", "Relation Name": "company_name", "Alias": "cn", "Startup Cost": 0.0, "Total Cost": 10501.39, "Plan Rows": 6290, "Plan Width": 4, "Actual Startup Time": 0.179, "Actual Total Time": 311.98, "Actual Rows": 6752, "Actual Loops": 1, "Filter": "((country_code)::text = '[jp]'::text)", "Rows Removed by Filter": 228244}, {"Node Type": "Index Scan", "Parent Relationship": "Inner", "Scan Direction": "Forward", "Index Name": "company_id_movie_companies", "Relation Name": "movie_companies", "Alias": "mc", "Startup Cost": 0.0, "Total Cost": 11.28, "Plan Rows": 1, "Plan Width": 8, "Actual Startup Time": 53.58, "Actual Total Time": 217.697, "Actual Rows": 48328, "Actual Loops": 6752, "Index Cond": "(company_id = cn.id)", "Rows Removed by Index Recheck": 0, "Filter": "(((note)::text ~~ '%(Japan)%'::text) AND ((note)::text !~~ '%(USA)%'::text))", "Rows Removed by Filter": 56667}]}, {"Node Type": "Index Scan", "Parent Relationship": "Inner", "Scan Direction": "Forward", "Index Name": "title_pkey", "Relation Name": "title", "Alias": "t", "Startup Cost": 0.0, "Total Cost": 3.91, "Plan Rows": 1, "Plan Width": 21, "Actual Startup Time": 287.494, "Actual Total Time": 287.494, "Actual Rows": 48328, "Actual Loops": 48328, "Index Cond": "(id = mc.movie_id)", "Rows Removed by Index Recheck": 0}]}, {"Node Type": "Index Scan", "Parent Relationship": "Inner", "Scan Direction": "Forward", "Index Name": "movie_id_cast_info", "Relation Name": "cast_info", "Alias": "ci", "Startup Cost": 0.0, "Total Cost": 0.98, "Plan Rows": 1, "Plan Width": 12, "Actual Startup Time": 3064.724, "Actual Total Time": 3208.536, "Actual Rows": 19600, "Actual Loops": 48328, "Index Cond": "(movie_id = t.id)", "Rows Removed by Index Recheck": 0, "Filter": "((note)::text = '(voice: English version)'::text)", "Rows Removed by Filter": 1531710}]}]}, {"Node Type": "Index Scan", "Parent Relationship": "Inner", "Scan Direction": "Forward", "Index Name": "person_id_aka_name", "Relation Name": "aka_name", "Alias": "an1", "Startup Cost": 0.0, "Total Cost": 0.84, "Plan Rows": 1, "Plan Width": 20, "Actual Startup Time": 34.193, "Actual Total Time": 42.713, "Actual Rows": 17379, "Actual Loops": 7438, "Index Cond": "(person_id = ci.person_id)", "Rows Removed by Index Recheck": 0}]}, {"Node Type": "Index Scan", "Parent Relationship": "Inner", "Scan Direction": "Forward", "Index Name": "name_pkey", "Relation Name": "name", "Alias": "n1", "Startup Cost": 0.0, "Total Cost": 0.57, "Plan Rows": 1, "Plan Width": 4, "Actual Startup Time": 70.243, "Actual Total Time": 70.243, "Actual Rows": 62, "Actual Loops": 17379, "Index Cond": "(id = an1.person_id)", "Rows Removed by Index Recheck": 0, "Filter": "(((name)::text ~~ '%Yo%'::text) AND ((name)::text !~~ '%Yu%'::text))", "Rows Removed by Filter": 17317}]}]}, "Triggers": [], "Planner Runtime": 7, "Total Runtime": 4252.246, "Unique SQL Id": 3544391839}}, "(16, 46)": {"explain_plan": {"Plan": {"Node Type": "Aggregate", "Strategy": "Plain", "Startup Cost": 177073.84, "Total Cost": 177073.87, "Plan Rows": 1, "Plan Width": 97, "Plans": [{"Node Type": "Streaming(type: LOCAL GATHER dop: 1/16)", "Parent Relationship": "Outer", "Startup Cost": 177073.84, "Total Cost": 177073.87, "Plan Rows": 1, "Plan Width": 97, "Plans": [{"Node Type": "Aggregate", "Strategy": "Plain", "Parent Relationship": "Outer", "Startup Cost": 177073.84, "Total Cost": 177073.85, "Plan Rows": 1, "Plan Width": 97, "Plans": [{"Node Type": "Hash Join", "Parent Relationship": "Outer", "Join Type": "Inner", "Startup Cost": 85734.3, "Total Cost": 177070.61, "Plan Rows": 646, "Plan Width": 33, "Inner Unique": false, "Hash Cond": "(n1.id = an1.person_id)", "Plans": [{"Node Type": "Streaming(type: BROADCAST dop: 16/16)", "Parent Relationship": "Outer", "Startup Cost": 68785.85, "Total Cost": 160110.46, "Plan Rows": 8512, "Plan Width": 25, "Plans": [{"Node Type": "Hash Join", "Parent Relationship": "Outer", "Join Type": "Inner", "Startup Cost": 68785.85, "Total Cost": 145088.85, "Plan Rows": 532, "Plan Width": 25, "Inner Unique": true, "Hash Cond": "(ci.movie_id = t.id)", "Plans": [{"Node Type": "Streaming(type: BROADCAST dop: 16/1)", "Parent Relationship": "Outer", "Startup Cost": 48056.29, "Total Cost": 124356.96, "Plan Rows": 8512, "Plan Width": 16, "Plans": [{"Node Type": "Hash Join", "Parent Relationship": "Outer", "Join Type": "Inner", "Startup Cost": 48056.29, "Total Cost": 109173.25, "Plan Rows": 532, "Plan Width": 16, "Inner Unique": false, "Hash Cond": "(ci.movie_id = mc.movie_id)", "Plans": [{"Node Type": "Nested Loop", "Parent Relationship": "Outer", "Join Type": "Inner", "Startup Cost": 22592.6, "Total Cost": 83646.11, "Plan Rows": 1293, "Plan Width": 12, "Inner Unique": false, "Join Filter": "(ci.role_id = rt.id)", "Plans": [{"Node Type": "Seq Scan", "Parent Relationship": "Outer", "Relation Name": "role_type", "Alias": "rt", "Startup Cost": 0.0, "Total Cost": 1.15, "Plan Rows": 1, "Plan Width": 4, "Filter": "((role)::text = 'actress'::text)"}, {"Node Type": "Materialize", "Parent Relationship": "Inner", "Startup Cost": 22592.6, "Total Cost": 83502.72, "Plan Rows": 14224, "Plan Width": 16, "Plans": [{"Node Type": "Hash Join", "Parent Relationship": "Outer", "Join Type": "Inner", "Startup Cost": 22592.6, "Total Cost": 83467.16, "Plan Rows": 14224, "Plan Width": 16, "Inner Unique": true, "Hash Cond": "(ci.person_id = n1.id)", "Plans": [{"Node Type": "Streaming(type: LOCAL GATHER dop: 1/16)", "Parent Relationship": "Outer", "Startup Cost": 0.0, "Total Cost": 60369.73, "Plan Rows": 96692, "Plan Width": 12, "Plans": [{"Node Type": "Seq Scan", "Parent Relationship": "Outer", "Relation Name": "cast_info", "Alias": "ci", "Startup Cost": 0.0, "Total Cost": 58282.92, "Plan Rows": 96692, "Plan Width": 12, "Filter": "((note)::text = '(voice: English version)'::text)"}]}, {"Node Type": "Hash", "Parent Relationship": "Inner", "Startup Cost": 22419.02, "Total Cost": 22419.02, "Plan Rows": 13886, "Plan Width": 4, "Plans": [{"Node Type": "Streaming(type: LOCAL GATHER dop: 1/16)", "Parent Relationship": "Outer", "Startup Cost": 0.0, "Total Cost": 22419.02, "Plan Rows": 13886, "Plan Width": 4, "Plans": [{"Node Type": "Seq Scan", "Parent Relationship": "Outer", "Relation Name": "name", "Alias": "n1", "Startup Cost": 0.0, "Total Cost": 22119.33, "Plan Rows": 13886, "Plan Width": 4, "Filter": "(((name)::text ~~ '%Yo%'::text) AND ((name)::text !~~ '%Yu%'::text))"}]}]}]}]}]}, {"Node Type": "Hash", "Parent Relationship": "Inner", "Startup Cost": 25391.5, "Total Cost": 25391.5, "Plan Rows": 5775, "Plan Width": 4, "Plans": [{"Node Type": "Hash Join", "Parent Relationship": "Outer", "Join Type": "Inner", "Startup Cost": 5982.08, "Total Cost": 25391.5, "Plan Rows": 5775, "Plan Width": 4, "Inner Unique": true, "Hash Cond": "(mc.company_id = cn.id)", "Plans": [{"Node Type": "Streaming(type: LOCAL GATHER dop: 1/16)", "Parent Relationship": "Outer", "Startup Cost": 0.0, "Total Cost": 19215.08, "Plan Rows": 36426, "Plan Width": 8, "Plans": [{"Node Type": "Seq Scan", "Parent Relationship": "Outer", "Relation Name": "movie_companies", "Alias": "mc", "Startup Cost": 0.0, "Total Cost": 18428.93, "Plan Rows": 36426, "Plan Width": 8, "Filter": "(((note)::text ~~ '%(Japan)%'::text) AND ((note)::text !~~ '%(USA)%'::text))"}]}, {"Node Type": "Hash", "Parent Relationship": "Inner", "Startup Cost": 5903.45, "Total Cost": 5903.45, "Plan Rows": 6290, "Plan Width": 4, "Plans": [{"Node Type": "Seq Scan", "Parent Relationship": "Outer", "Relation Name": "company_name", "Alias": "cn", "Startup Cost": 0.0, "Total Cost": 5903.45, "Plan Rows": 6290, "Plan Width": 4, "Filter": "((country_code)::text = '[jp]'::text)"}]}]}]}]}]}, {"Node Type": "Hash", "Parent Relationship": "Inner", "Startup Cost": 18754.32, "Total Cost": 18754.32, "Plan Rows": 2528311, "Plan Width": 21, "Plans": [{"Node Type": "Seq Scan", "Parent Relationship": "Outer", "Relation Name": "title", "Alias": "t", "Startup Cost": 0.0, "Total Cost": 18754.32, "Plan Rows": 2528311, "Plan Width": 21}]}]}]}, {"Node Type": "Hash", "Parent Relationship": "Inner", "Startup Cost": 16244.28, "Total Cost": 16244.28, "Plan Rows": 901342, "Plan Width": 20, "Plans": [{"Node Type": "Seq Scan", "Parent Relationship": "Outer", "Relation Name": "aka_name", "Alias": "an1", "Startup Cost": 0.0, "Total Cost": 16244.28, "Plan Rows": 901342, "Plan Width": 20}]}]}]}]}]}, "Unique SQL Id": 3544391839, "Planner Runtime": 179}, "explain_analyze_plan": {"Plan": {"Node Type": "Aggregate", "Strategy": "Plain", "Startup Cost": 177073.84, "Total Cost": 177073.87, "Plan Rows": 1, "Plan Width": 97, "Actual Min Startup Time": 1026.045, "Actual Max Startup Time": 1026.045, "Actual Min Total Time": 1026.046, "Actual Max Total Time": 1026.046, "Plans": [{"Node Type": "Streaming(type: LOCAL GATHER dop: 1/16)", "Parent Relationship": "Outer", "Startup Cost": 177073.84, "Total Cost": 177073.87, "Plan Rows": 1, "Plan Width": 97, "Actual Min Startup Time": 1025.849, "Actual Max Startup Time": 1025.849, "Actual Min Total Time": 1026.014, "Actual Max Total Time": 1026.014, "Plans": [{"Node Type": "Aggregate", "Strategy": "Plain", "Parent Relationship": "Outer", "Startup Cost": 177073.84, "Total Cost": 177073.85, "Plan Rows": 1, "Plan Width": 97, "Actual Min Startup Time": 896.209, "Actual Max Startup Time": 936.404, "Actual Min Total Time": 896.209, "Actual Max Total Time": 936.404, "Plans": [{"Node Type": "Hash Join", "Parent Relationship": "Outer", "Join Type": "Inner", "Startup Cost": 85734.3, "Total Cost": 177070.61, "Plan Rows": 646, "Plan Width": 33, "Actual Min Startup Time": 896.205, "Actual Max Startup Time": 936.307, "Actual Min Total Time": 896.205, "Actual Max Total Time": 936.383, "Inner Unique": false, "Hash Cond": "(n1.id = an1.person_id)", "Plans": [{"Node Type": "Streaming(type: BROADCAST dop: 16/16)", "Parent Relationship": "Outer", "Startup Cost": 68785.85, "Total Cost": 160110.46, "Plan Rows": 8512, "Plan Width": 25, "Actual Min Startup Time": 860.033, "Actual Max Startup Time": 899.734, "Actual Min Total Time": 860.114, "Actual Max Total Time": 899.809, "Plans": [{"Node Type": "Hash Join", "Parent Relationship": "Outer", "Join Type": "Inner", "Startup Cost": 68785.85, "Total Cost": 145088.85, "Plan Rows": 532, "Plan Width": 25, "Actual Min Startup Time": 895.67, "Actual Max Startup Time": 923.971, "Actual Min Total Time": 895.67, "Actual Max Total Time": 923.989, "Inner Unique": true, "Hash Cond": "(ci.movie_id = t.id)", "Plans": [{"Node Type": "Streaming(type: BROADCAST dop: 16/1)", "Parent Relationship": "Outer", "Startup Cost": 48056.29, "Total Cost": 124356.96, "Plan Rows": 8512, "Plan Width": 16, "Actual Min Startup Time": 790.156, "Actual Max Startup Time": 822.359, "Actual Min Total Time": 790.161, "Actual Max Total Time": 822.361, "Plans": [{"Node Type": "Hash Join", "Parent Relationship": "Outer", "Join Type": "Inner", "Startup Cost": 48056.29, "Total Cost": 109173.25, "Plan Rows": 532, "Plan Width": 16, "Actual Min Startup Time": 898.473, "Actual Max Startup Time": 898.473, "Actual Min Total Time": 898.799, "Actual Max Total Time": 898.799, "Inner Unique": false, "Hash Cond": "(ci.movie_id = mc.movie_id)", "Plans": [{"Node Type": "Nested Loop", "Parent Relationship": "Outer", "Join Type": "Inner", "Startup Cost": 22592.6, "Total Cost": 83646.11, "Plan Rows": 1293, "Plan Width": 12, "Actual Min Startup Time": 737.544, "Actual Max Startup Time": 737.544, "Actual Min Total Time": 737.715, "Actual Max Total Time": 737.715, "Inner Unique": false, "Join Filter": "(ci.role_id = rt.id)", "Rows Removed by Join Filter": 544, "Plans": [{"Node Type": "Seq Scan", "Parent Relationship": "Outer", "Relation Name": "role_type", "Alias": "rt", "Startup Cost": 0.0, "Total Cost": 1.15, "Plan Rows": 1, "Plan Width": 4, "Actual Min Startup Time": 0.047, "Actual Max Startup Time": 0.047, "Actual Min Total Time": 0.052, "Actual Max Total Time": 0.052, "Filter": "((role)::text = 'actress'::text)", "Rows Removed by Filter": 11, "Actual Rows": 1}, {"Node Type": "Materialize", "Parent Relationship": "Inner", "Startup Cost": 22592.6, "Total Cost": 83502.72, "Plan Rows": 14224, "Plan Width": 16, "Actual Min Startup Time": 737.194, "Actual Max Startup Time": 737.194, "Actual Min Total Time": 737.302, "Actual Max Total Time": 737.302, "Plans": [{"Node Type": "Hash Join", "Parent Relationship": "Outer", "Join Type": "Inner", "Startup Cost": 22592.6, "Total Cost": 83467.16, "Plan Rows": 14224, "Plan Width": 16, "Actual Min Startup Time": 106.08, "Actual Max Startup Time": 106.08, "Actual Min Total Time": 736.903, "Actual Max Total Time": 736.903, "Inner Unique": true, "Hash Cond": "(ci.person_id = n1.id)", "Plans": [{"Node Type": "Streaming(type: LOCAL GATHER dop: 1/16)", "Parent Relationship": "Outer", "Startup Cost": 0.0, "Total Cost": 60369.73, "Plan Rows": 96692, "Plan Width": 12, "Actual Min Startup Time": 0.058, "Actual Max Startup Time": 0.058, "Actual Min Total Time": 628.743, "Actual Max Total Time": 628.743, "Plans": [{"Node Type": "Seq Scan", "Parent Relationship": "Outer", "Relation Name": "cast_info", "Alias": "ci", "Startup Cost": 0.0, "Total Cost": 58282.92, "Plan Rows": 96692, "Plan Width": 12, "Actual Min Startup Time": 0.057, "Actual Max Startup Time": 2.965, "Actual Min Total Time": 604.137, "Actual Max Total Time": 643.047, "Filter": "((note)::text = '(voice: English version)'::text)", "Rows Removed by Filter": 36151248, "Actual Rows": 93095}], "Actual Rows": 93095}, {"Node Type": "Hash", "Parent Relationship": "Inner", "Startup Cost": 22419.02, "Total Cost": 22419.02, "Plan Rows": 13886, "Plan Width": 4, "Actual Min Startup Time": 91.939, "Actual Max Startup Time": 91.939, "Actual Min Total Time": 91.939, "Actual Max Total Time": 91.939, "Max Hash Buckets": 32768, "Min Hash Buckets": 32768, "Max Hash Batches": 1, "Min Hash Batches": 1, "Max Original Hash Batches": 1, "Min Original Hash Batches": 1, "Max Peak Memory Usage": 736, "min Peak Memory Usage": 736, "Plans": [{"Node Type": "Streaming(type: LOCAL GATHER dop: 1/16)", "Parent Relationship": "Outer", "Startup Cost": 0.0, "Total Cost": 22419.02, "Plan Rows": 13886, "Plan Width": 4, "Actual Min Startup Time": 0.047, "Actual Max Startup Time": 0.047, "Actual Min Total Time": 86.846, "Actual Max Total Time": 86.846, "Plans": [{"Node Type": "Seq Scan", "Parent Relationship": "Outer", "Relation Name": "name", "Alias": "n1", "Startup Cost": 0.0, "Total Cost": 22119.33, "Plan Rows": 13886, "Plan Width": 4, "Actual Min Startup Time": 0.051, "Actual Max Startup Time": 1.665, "Actual Min Total Time": 100.766, "Actual Max Total Time": 108.921, "Filter": "(((name)::text ~~ '%Yo%'::text) AND ((name)::text !~~ '%Yu%'::text))", "Rows Removed by Filter": 4146579, "Actual Rows": 20911}], "Actual Rows": 20911}], "Actual Rows": 20911}], "Actual Rows": 938}], "Actual Rows": 939}], "Actual Rows": 394}, {"Node Type": "Hash", "Parent Relationship": "Inner", "Startup Cost": 25391.5, "Total Cost": 25391.5, "Plan Rows": 5775, "Plan Width": 4, "Actual Min Startup Time": 160.842, "Actual Max Startup Time": 160.842, "Actual Min Total Time": 160.842, "Actual Max Total Time": 160.842, "Max Hash Buckets": 32768, "Min Hash Buckets": 32768, "Max Hash Batches": 1, "Min Hash Batches": 1, "Max Original Hash Batches": 1, "Min Original Hash Batches": 1, "Max Peak Memory Usage": 1700, "min Peak Memory Usage": 1700, "Plans": [{"Node Type": "Hash Join", "Parent Relationship": "Outer", "Join Type": "Inner", "Startup Cost": 5982.08, "Total Cost": 25391.5, "Plan Rows": 5775, "Plan Width": 4, "Actual Min Startup Time": 86.341, "Actual Max Startup Time": 86.341, "Actual Min Total Time": 148.767, "Actual Max Total Time": 148.767, "Inner Unique": true, "Hash Cond": "(mc.company_id = cn.id)", "Plans": [{"Node Type": "Streaming(type: LOCAL GATHER dop: 1/16)", "Parent Relationship": "Outer", "Startup Cost": 0.0, "Total Cost": 19215.08, "Plan Rows": 36426, "Plan Width": 8, "Actual Min Startup Time": 0.086, "Actual Max Startup Time": 0.086, "Actual Min Total Time": 42.713, "Actual Max Total Time": 42.713, "Plans": [{"Node Type": "Seq Scan", "Parent Relationship": "Outer", "Relation Name": "movie_companies", "Alias": "mc", "Startup Cost": 0.0, "Total Cost": 18428.93, "Plan Rows": 36426, "Plan Width": 8, "Actual Min Startup Time": 0.041, "Actual Max Startup Time": 0.407, "Actual Min Total Time": 53.638, "Actual Max Total Time": 61.864, "Filter": "(((note)::text ~~ '%(Japan)%'::text) AND ((note)::text !~~ '%(USA)%'::text))", "Rows Removed by Filter": 2560231, "Actual Rows": 48897}], "Actual Rows": 48897}, {"Node Type": "Hash", "Parent Relationship": "Inner", "Startup Cost": 5903.45, "Total Cost": 5903.45, "Plan Rows": 6290, "Plan Width": 4, "Actual Min Startup Time": 86.192, "Actual Max Startup Time": 86.192, "Actual Min Total Time": 86.192, "Actual Max Total Time": 86.192, "Max Hash Buckets": 32768, "Min Hash Buckets": 32768, "Max Hash Batches": 1, "Min Hash Batches": 1, "Max Original Hash Batches": 1, "Min Original Hash Batches": 1, "Max Peak Memory Usage": 238, "min Peak Memory Usage": 238, "Plans": [{"Node Type": "Seq Scan", "Parent Relationship": "Outer", "Relation Name": "company_name", "Alias": "cn", "Startup Cost": 0.0, "Total Cost": 5903.45, "Plan Rows": 6290, "Plan Width": 4, "Actual Min Startup Time": 0.041, "Actual Max Startup Time": 0.041, "Actual Min Total Time": 83.879, "Actual Max Total Time": 83.879, "Filter": "((country_code)::text = '[jp]'::text)", "Rows Removed by Filter": 228244, "Actual Rows": 6752}], "Actual Rows": 6752}], "Actual Rows": 48328}], "Actual Rows": 48328}], "Actual Rows": 38}], "Actual Rows": 608}, {"Node Type": "Hash", "Parent Relationship": "Inner", "Startup Cost": 18754.32, "Total Cost": 18754.32, "Plan Rows": 2528311, "Plan Width": 21, "Actual Min Startup Time": 98.43, "Actual Max Startup Time": 110.277, "Actual Min Total Time": 98.43, "Actual Max Total Time": 110.277, "Max Hash Buckets": 262144, "Min Hash Buckets": 262144, "Max Hash Batches": 1, "Min Hash Batches": 1, "Max Original Hash Batches": 1, "Min Original Hash Batches": 1, "Max Peak Memory Usage": 8595, "min Peak Memory Usage": 8595, "Plans": [{"Node Type": "Seq Scan", "Parent Relationship": "Outer", "Relation Name": "title", "Alias": "t", "Startup Cost": 0.0, "Total Cost": 18754.32, "Plan Rows": 2528311, "Plan Width": 21, "Actual Min Startup Time": 0.027, "Actual Max Startup Time": 0.04, "Actual Min Total Time": 49.544, "Actual Max Total Time": 57.287, "Actual Rows": 2528311}], "Actual Rows": 2528311}], "Actual Rows": 38}], "Actual Rows": 608}, {"Node Type": "Hash", "Parent Relationship": "Inner", "Startup Cost": 16244.28, "Total Cost": 16244.28, "Plan Rows": 901342, "Plan Width": 20, "Actual Min Startup Time": 31.295, "Actual Max Startup Time": 37.249, "Actual Min Total Time": 31.295, "Actual Max Total Time": 37.249, "Max Hash Buckets": 65536, "Min Hash Buckets": 65536, "Max Hash Batches": 1, "Min Hash Batches": 1, "Max Original Hash Batches": 1, "Min Original Hash Batches": 1, "Max Peak Memory Usage": 3062, "min Peak Memory Usage": 3062, "Plans": [{"Node Type": "Seq Scan", "Parent Relationship": "Outer", "Relation Name": "aka_name", "Alias": "an1", "Startup Cost": 0.0, "Total Cost": 16244.28, "Plan Rows": 901342, "Plan Width": 20, "Actual Min Startup Time": 0.027, "Actual Max Startup Time": 0.04, "Actual Min Total Time": 16.506, "Actual Max Total Time": 20.31, "Actual Rows": 901342}], "Actual Rows": 901342}], "Actual Rows": 62}], "Actual Rows": 16}], "Actual Rows": 16}], "Actual Rows": 1}, "Triggers": [], "Planner Runtime": 179, "Total Runtime": 1044.022, "Unique SQL Id": 3544391839}}, "(16, 47)": {"explain_plan": {"Plan": {"Node Type": "Aggregate", "Strategy": "Plain", "Startup Cost": 7000235540657.29, "Total Cost": 7000235540657.3, "Plan Rows": 1, "Plan Width": 97, "Plans": [{"Node Type": "Nested Loop", "Parent Relationship": "Outer", "Join Type": "Inner", "Startup Cost": 70000000000.0, "Total Cost": 7000235540654.06, "Plan Rows": 646, "Plan Width": 33, "Inner Unique": false, "Join Filter": "(n1.id = an1.person_id)", "Plans": [{"Node Type": "Index Scan", "Parent Relationship": "Outer", "Scan Direction": "Forward", "Index Name": "person_id_aka_name", "Relation Name": "aka_name", "Alias": "an1", "Startup Cost": 10000000000.0, "Total Cost": 1000006896503.43, "Plan Rows": 901342, "Plan Width": 20}, {"Node Type": "Materialize", "Parent Relationship": "Inner", "Startup Cost": 60000000000.0, "Total Cost": 6000221451442.81, "Plan Rows": 532, "Plan Width": 25, "Plans": [{"Node Type": "Nested Loop", "Parent Relationship": "Outer", "Join Type": "Inner", "Startup Cost": 60000000000.0, "Total Cost": 6000221451440.15, "Plan Rows": 532, "Plan Width": 25, "Inner Unique": true, "Join Filter": "(ci.movie_id = t.id)", "Plans": [{"Node Type": "Nested Loop", "Parent Relationship": "Outer", "Join Type": "Inner", "Startup Cost": 50000000000.0, "Total Cost": 5000190257148.67, "Plan Rows": 532, "Plan Width": 16, "Inner Unique": false, "Join Filter": "(ci.person_id = n1.id)", "Plans": [{"Node Type": "Index Scan", "Parent Relationship": "Outer", "Scan Direction": "Forward", "Index Name": "name_pkey", "Relation Name": "name", "Alias": "n1", "Startup Cost": 10000000000.0, "Total Cost": 1000019707019.7, "Plan Rows": 13886, "Plan Width": 4, "Filter": "(((name)::text ~~ '%Yo%'::text) AND ((name)::text !~~ '%Yu%'::text))"}, {"Node Type": "Materialize", "Parent Relationship": "Inner", "Startup Cost": 40000000000.0, "Total Cost": 4000170439320.02, "Plan Rows": 532, "Plan Width": 12, "Plans": [{"Node Type": "Nested Loop", "Parent Relationship": "Outer", "Join Type": "Inner", "Startup Cost": 40000000000.0, "Total Cost": 4000170439317.36, "Plan Rows": 532, "Plan Width": 12, "Inner Unique": true, "Join Filter": "(ci.role_id = rt.id)", "Plans": [{"Node Type": "Nested Loop", "Parent Relationship": "Outer", "Join Type": "Inner", "Startup Cost": 30000000000.0, "Total Cost": 3000170437983.65, "Plan Rows": 5847, "Plan Width": 16, "Inner Unique": false, "Join Filter": "(mc.movie_id = ci.movie_id)", "Plans": [{"Node Type": "Nested Loop", "Parent Relationship": "Outer", "Join Type": "Inner", "Startup Cost": 20000000000.0, "Total Cost": 2000018843457.92, "Plan Rows": 5775, "Plan Width": 4, "Inner Unique": true, "Join Filter": "(cn.id = mc.company_id)", "Plans": [{"Node Type": "Index Scan", "Parent Relationship": "Outer", "Scan Direction": "Forward", "Index Name": "movie_id_movie_companies", "Relation Name": "movie_companies", "Alias": "mc", "Startup Cost": 10000000000.0, "Total Cost": 1000014356510.13, "Plan Rows": 36426, "Plan Width": 8, "Filter": "(((note)::text ~~ '%(Japan)%'::text) AND ((note)::text !~~ '%(USA)%'::text))"}, {"Node Type": "Materialize", "Parent Relationship": "Inner", "Startup Cost": 10000000000.0, "Total Cost": 1000001050170.42, "Plan Rows": 6290, "Plan Width": 4, "Plans": [{"Node Type": "Index Scan", "Parent Relationship": "Outer", "Scan Direction": "Forward", "Index Name": "company_name_pkey", "Relation Name": "company_name", "Alias": "cn", "Startup Cost": 10000000000.0, "Total Cost": 1000001050138.97, "Plan Rows": 6290, "Plan Width": 4, "Filter": "((country_code)::text = '[jp]'::text)"}]}]}, {"Node Type": "Materialize", "Parent Relationship": "Inner", "Startup Cost": 10000000000.0, "Total Cost": 1000143218822.96, "Plan Rows": 96692, "Plan Width": 12, "Plans": [{"Node Type": "Index Scan", "Parent Relationship": "Outer", "Scan Direction": "Forward", "Index Name": "role_id_cast_info", "Relation Name": "cast_info", "Alias": "ci", "Startup Cost": 10000000000.0, "Total Cost": 1000143218339.5, "Plan Rows": 96692, "Plan Width": 12, "Filter": "((note)::text = '(voice: English version)'::text)"}]}]}, {"Node Type": "Materialize", "Parent Relationship": "Inner", "Startup Cost": 10000000000.0, "Total Cost": 1000000001246.0, "Plan Rows": 1, "Plan Width": 4, "Plans": [{"Node Type": "Index Scan", "Parent Relationship": "Outer", "Scan Direction": "Forward", "Index Name": "role_type_pkey", "Relation Name": "role_type", "Alias": "rt", "Startup Cost": 10000000000.0, "Total Cost": 1000000001246.0, "Plan Rows": 1, "Plan Width": 4, "Filter": "((role)::text = 'actress'::text)"}]}]}]}]}, {"Node Type": "Materialize", "Parent Relationship": "Inner", "Startup Cost": 10000000000.0, "Total Cost": 1000011024690.47, "Plan Rows": 2528311, "Plan Width": 21, "Plans": [{"Node Type": "Index Scan", "Parent Relationship": "Outer", "Scan Direction": "Forward", "Index Name": "title_pkey", "Relation Name": "title", "Alias": "t", "Startup Cost": 10000000000.0, "Total Cost": 1000011012048.91, "Plan Rows": 2528311, "Plan Width": 21}]}]}]}]}]}, "Unique SQL Id": 3544391839, "Planner Runtime": 43}, "explain_analyze_plan": null}, "(16, 48)": {"explain_plan": {"Plan": {"Node Type": "Aggregate", "Strategy": "Plain", "Startup Cost": 72267.16, "Total Cost": 72267.17, "Plan Rows": 1, "Plan Width": 97, "Plans": [{"Node Type": "Nested Loop", "Parent Relationship": "Outer", "Join Type": "Inner", "Startup Cost": 0.0, "Total Cost": 72267.1, "Plan Rows": 12, "Plan Width": 33, "Inner Unique": true, "Plans": [{"Node Type": "Nested Loop", "Parent Relationship": "Outer", "Join Type": "Inner", "Startup Cost": 0.0, "Total Cost": 71891.56, "Plan Rows": 645, "Plan Width": 41, "Inner Unique": false, "Plans": [{"Node Type": "Nested Loop", "Parent Relationship": "Outer", "Join Type": "Inner", "Startup Cost": 0.0, "Total Cost": 71437.35, "Plan Rows": 532, "Plan Width": 21, "Inner Unique": false, "Join Filter": "(ci.role_id = rt.id)", "Plans": [{"Node Type": "Seq Scan", "Parent Relationship": "Outer", "Relation Name": "role_type", "Alias": "rt", "Startup Cost": 0.0, "Total Cost": 1.15, "Plan Rows": 1, "Plan Width": 4, "Filter": "((role)::text = 'actress'::text)"}, {"Node Type": "Materialize", "Parent Relationship": "Inner", "Startup Cost": 0.0, "Total Cost": 71377.73, "Plan Rows": 5847, "Plan Width": 25, "Plans": [{"Node Type": "Nested Loop", "Parent Relationship": "Outer", "Join Type": "Inner", "Startup Cost": 0.0, "Total Cost": 71363.11, "Plan Rows": 5847, "Plan Width": 25, "Inner Unique": false, "Plans": [{"Node Type": "Nested Loop", "Parent Relationship": "Outer", "Join Type": "Inner", "Startup Cost": 0.0, "Total Cost": 65620.52, "Plan Rows": 5775, "Plan Width": 25, "Inner Unique": true, "Plans": [{"Node Type": "Nested Loop", "Parent Relationship": "Outer", "Join Type": "Inner", "Startup Cost": 0.0, "Total Cost": 42973.42, "Plan Rows": 5775, "Plan Width": 4, "Inner Unique": true, "Plans": [{"Node Type": "Streaming(type: LOCAL GATHER dop: 1/16)", "Parent Relationship": "Outer", "Startup Cost": 0.0, "Total Cost": 19215.08, "Plan Rows": 36426, "Plan Width": 8, "Plans": [{"Node Type": "Seq Scan", "Parent Relationship": "Outer", "Relation Name": "movie_companies", "Alias": "mc", "Startup Cost": 0.0, "Total Cost": 18428.93, "Plan Rows": 36426, "Plan Width": 8, "Filter": "(((note)::text ~~ '%(Japan)%'::text) AND ((note)::text !~~ '%(USA)%'::text))"}]}, {"Node Type": "Index Scan", "Parent Relationship": "Inner", "Scan Direction": "Forward", "Index Name": "company_name_pkey", "Relation Name": "company_name", "Alias": "cn", "Startup Cost": 0.0, "Total Cost": 0.64, "Plan Rows": 1, "Plan Width": 4, "Index Cond": "(id = mc.company_id)", "Filter": "((country_code)::text = '[jp]'::text)"}]}, {"Node Type": "Index Scan", "Parent Relationship": "Inner", "Scan Direction": "Forward", "Index Name": "title_pkey", "Relation Name": "title", "Alias": "t", "Startup Cost": 0.0, "Total Cost": 3.91, "Plan Rows": 1, "Plan Width": 21, "Index Cond": "(id = mc.movie_id)"}]}, {"Node Type": "Index Scan", "Parent Relationship": "Inner", "Scan Direction": "Forward", "Index Name": "movie_id_cast_info", "Relation Name": "cast_info", "Alias": "ci", "Startup Cost": 0.0, "Total Cost": 0.98, "Plan Rows": 1, "Plan Width": 12, "Index Cond": "(movie_id = t.id)", "Filter": "((note)::text = '(voice: English version)'::text)"}]}]}]}, {"Node Type": "Index Scan", "Parent Relationship": "Inner", "Scan Direction": "Forward", "Index Name": "person_id_aka_name", "Relation Name": "aka_name", "Alias": "an1", "Startup Cost": 0.0, "Total Cost": 0.84, "Plan Rows": 1, "Plan Width": 20, "Index Cond": "(person_id = ci.person_id)"}]}, {"Node Type": "Index Scan", "Parent Relationship": "Inner", "Scan Direction": "Forward", "Index Name": "name_pkey", "Relation Name": "name", "Alias": "n1", "Startup Cost": 0.0, "Total Cost": 0.57, "Plan Rows": 1, "Plan Width": 4, "Index Cond": "(id = an1.person_id)", "Filter": "(((name)::text ~~ '%Yo%'::text) AND ((name)::text !~~ '%Yu%'::text))"}]}]}, "Unique SQL Id": 3544391839, "Planner Runtime": 8}, "explain_analyze_plan": {"Plan": {"Node Type": "Aggregate", "Strategy": "Plain", "Startup Cost": 72267.16, "Total Cost": 72267.17, "Plan Rows": 1, "Plan Width": 97, "Actual Min Startup Time": 3140.754, "Actual Max Startup Time": 3140.754, "Actual Min Total Time": 3140.755, "Actual Max Total Time": 3140.755, "Plans": [{"Node Type": "Nested Loop", "Parent Relationship": "Outer", "Join Type": "Inner", "Startup Cost": 0.0, "Total Cost": 72267.1, "Plan Rows": 12, "Plan Width": 33, "Actual Min Startup Time": 3051.501, "Actual Max Startup Time": 3051.501, "Actual Min Total Time": 3140.654, "Actual Max Total Time": 3140.654, "Inner Unique": true, "Plans": [{"Node Type": "Nested Loop", "Parent Relationship": "Outer", "Join Type": "Inner", "Startup Cost": 0.0, "Total Cost": 71891.56, "Plan Rows": 645, "Plan Width": 41, "Actual Min Startup Time": 3027.461, "Actual Max Startup Time": 3027.461, "Actual Min Total Time": 3075.17, "Actual Max Total Time": 3075.17, "Inner Unique": false, "Plans": [{"Node Type": "Nested Loop", "Parent Relationship": "Outer", "Join Type": "Inner", "Startup Cost": 0.0, "Total Cost": 71437.35, "Plan Rows": 532, "Plan Width": 21, "Actual Min Startup Time": 3027.406, "Actual Max Startup Time": 3027.406, "Actual Min Total Time": 3036.225, "Actual Max Total Time": 3036.225, "Inner Unique": false, "Join Filter": "(ci.role_id = rt.id)", "Rows Removed by Join Filter": 12162, "Plans": [{"Node Type": "Seq Scan", "Parent Relationship": "Outer", "Relation Name": "role_type", "Alias": "rt", "Startup Cost": 0.0, "Total Cost": 1.15, "Plan Rows": 1, "Plan Width": 4, "Actual Min Startup Time": 0.116, "Actual Max Startup Time": 0.116, "Actual Min Total Time": 0.124, "Actual Max Total Time": 0.124, "Filter": "((role)::text = 'actress'::text)", "Rows Removed by Filter": 11, "Actual Rows": 1}, {"Node Type": "Materialize", "Parent Relationship": "Inner", "Startup Cost": 0.0, "Total Cost": 71377.73, "Plan Rows": 5847, "Plan Width": 25, "Actual Min Startup Time": 3027.257, "Actual Max Startup Time": 3027.257, "Actual Min Total Time": 3030.009, "Actual Max Total Time": 3030.009, "Plans": [{"Node Type": "Nested Loop", "Parent Relationship": "Outer", "Join Type": "Inner", "Startup Cost": 0.0, "Total Cost": 71363.11, "Plan Rows": 5847, "Plan Width": 25, "Actual Min Startup Time": 17.425, "Actual Max Startup Time": 17.425, "Actual Min Total Time": 3020.473, "Actual Max Total Time": 3020.473, "Inner Unique": false, "Plans": [{"Node Type": "Nested Loop", "Parent Relationship": "Outer", "Join Type": "Inner", "Startup Cost": 0.0, "Total Cost": 65620.52, "Plan Rows": 5775, "Plan Width": 25, "Actual Min Startup Time": 17.298, "Actual Max Startup Time": 17.298, "Actual Min Total Time": 520.972, "Actual Max Total Time": 520.972, "Inner Unique": true, "Plans": [{"Node Type": "Nested Loop", "Parent Relationship": "Outer", "Join Type": "Inner", "Startup Cost": 0.0, "Total Cost": 42973.42, "Plan Rows": 5775, "Plan Width": 4, "Actual Min Startup Time": 17.284, "Actual Max Startup Time": 17.284, "Actual Min Total Time": 289.357, "Actual Max Total Time": 289.357, "Inner Unique": true, "Plans": [{"Node Type": "Streaming(type: LOCAL GATHER dop: 1/16)", "Parent Relationship": "Outer", "Startup Cost": 0.0, "Total Cost": 19215.08, "Plan Rows": 36426, "Plan Width": 8, "Actual Min Startup Time": 17.224, "Actual Max Startup Time": 17.224, "Actual Min Total Time": 50.777, "Actual Max Total Time": 50.777, "Plans": [{"Node Type": "Seq Scan", "Parent Relationship": "Outer", "Relation Name": "movie_companies", "Alias": "mc", "Startup Cost": 0.0, "Total Cost": 18428.93, "Plan Rows": 36426, "Plan Width": 8, "Actual Min Startup Time": 0.047, "Actual Max Startup Time": 0.38, "Actual Min Total Time": 53.556, "Actual Max Total Time": 61.351, "Filter": "(((note)::text ~~ '%(Japan)%'::text) AND ((note)::text !~~ '%(USA)%'::text))", "Rows Removed by Filter": 2560231, "Actual Rows": 48897}], "Actual Rows": 48897}, {"Node Type": "Index Scan", "Parent Relationship": "Inner", "Scan Direction": "Forward", "Index Name": "company_name_pkey", "Relation Name": "company_name", "Alias": "cn", "Startup Cost": 0.0, "Total Cost": 0.64, "Plan Rows": 1, "Plan Width": 4, "Actual Min Startup Time": 194.947, "Actual Max Startup Time": 194.947, "Actual Min Total Time": 194.947, "Actual Max Total Time": 194.947, "Index Cond": "(id = mc.company_id)", "Rows Removed by Index Recheck": 0, "Filter": "((country_code)::text = '[jp]'::text)", "Rows Removed by Filter": 569, "Actual Rows": 48328}], "Actual Rows": 48328}, {"Node Type": "Index Scan", "Parent Relationship": "Inner", "Scan Direction": "Forward", "Index Name": "title_pkey", "Relation Name": "title", "Alias": "t", "Startup Cost": 0.0, "Total Cost": 3.91, "Plan Rows": 1, "Plan Width": 21, "Actual Min Startup Time": 190.518, "Actual Max Startup Time": 190.518, "Actual Min Total Time": 190.518, "Actual Max Total Time": 190.518, "Index Cond": "(id = mc.movie_id)", "Rows Removed by Index Recheck": 0, "Actual Rows": 48328}], "Actual Rows": 48328}, {"Node Type": "Index Scan", "Parent Relationship": "Inner", "Scan Direction": "Forward", "Index Name": "movie_id_cast_info", "Relation Name": "cast_info", "Alias": "ci", "Startup Cost": 0.0, "Total Cost": 0.98, "Plan Rows": 1, "Plan Width": 12, "Actual Min Startup Time": 2358.199, "Actual Max Startup Time": 2358.199, "Actual Min Total Time": 2468.853, "Actual Max Total Time": 2468.853, "Index Cond": "(movie_id = t.id)", "Rows Removed by Index Recheck": 0, "Filter": "((note)::text = '(voice: English version)'::text)", "Rows Removed by Filter": 1531710, "Actual Rows": 19600}], "Actual Rows": 19600}], "Actual Rows": 19601}], "Actual Rows": 7438}, {"Node Type": "Index Scan", "Parent Relationship": "Inner", "Scan Direction": "Forward", "Index Name": "person_id_aka_name", "Relation Name": "aka_name", "Alias": "an1", "Startup Cost": 0.0, "Total Cost": 0.84, "Plan Rows": 1, "Plan Width": 20, "Actual Min Startup Time": 23.985, "Actual Max Startup Time": 23.985, "Actual Min Total Time": 31.144, "Actual Max Total Time": 31.144, "Index Cond": "(person_id = ci.person_id)", "Rows Removed by Index Recheck": 0, "Actual Rows": 17379}], "Actual Rows": 17379}, {"Node Type": "Index Scan", "Parent Relationship": "Inner", "Scan Direction": "Forward", "Index Name": "name_pkey", "Relation Name": "name", "Alias": "n1", "Startup Cost": 0.0, "Total Cost": 0.57, "Plan Rows": 1, "Plan Width": 4, "Actual Min Startup Time": 57.363, "Actual Max Startup Time": 57.363, "Actual Min Total Time": 57.363, "Actual Max Total Time": 57.363, "Index Cond": "(id = an1.person_id)", "Rows Removed by Index Recheck": 0, "Filter": "(((name)::text ~~ '%Yo%'::text) AND ((name)::text !~~ '%Yu%'::text))", "Rows Removed by Filter": 17317, "Actual Rows": 62}], "Actual Rows": 62}], "Actual Rows": 1}, "Triggers": [], "Planner Runtime": 8, "Total Runtime": 3143.678, "Unique SQL Id": 3544391839}}, "(16, 49)": {"explain_plan": {"Plan": {"Node Type": "Aggregate", "Strategy": "Plain", "Startup Cost": 109007.69, "Total Cost": 109007.7, "Plan Rows": 1, "Plan Width": 97, "Plans": [{"Node Type": "Nested Loop", "Parent Relationship": "Outer", "Join Type": "Inner", "Startup Cost": 2780.8, "Total Cost": 109007.63, "Plan Rows": 12, "Plan Width": 33, "Inner Unique": true, "Plans": [{"Node Type": "Nested Loop", "Parent Relationship": "Outer", "Join Type": "Inner", "Startup Cost": 2780.8, "Total Cost": 108632.09, "Plan Rows": 645, "Plan Width": 41, "Inner Unique": false, "Plans": [{"Node Type": "Nested Loop", "Parent Relationship": "Outer", "Join Type": "Inner", "Startup Cost": 2780.8, "Total Cost": 108177.88, "Plan Rows": 532, "Plan Width": 21, "Inner Unique": false, "Join Filter": "(ci.role_id = rt.id)", "Plans": [{"Node Type": "Index Scan", "Parent Relationship": "Outer", "Scan Direction": "Forward", "Index Name": "role_type_pkey", "Relation Name": "role_type", "Alias": "rt", "Startup Cost": 0.0, "Total Cost": 12.46, "Plan Rows": 1, "Plan Width": 4, "Filter": "((role)::text = 'actress'::text)"}, {"Node Type": "Nested Loop", "Parent Relationship": "Inner", "Join Type": "Inner", "Startup Cost": 2780.8, "Total Cost": 108092.33, "Plan Rows": 5847, "Plan Width": 25, "Inner Unique": false, "Plans": [{"Node Type": "Nested Loop", "Parent Relationship": "Outer", "Join Type": "Inner", "Startup Cost": 2780.8, "Total Cost": 102349.74, "Plan Rows": 5775, "Plan Width": 25, "Inner Unique": true, "Plans": [{"Node Type": "Nested Loop", "Parent Relationship": "Outer", "Join Type": "Inner", "Startup Cost": 2780.8, "Total Cost": 79702.64, "Plan Rows": 5775, "Plan Width": 4, "Inner Unique": false, "Plans": [{"Node Type": "Bitmap Heap Scan", "Parent Relationship": "Outer", "Relation Name": "company_name", "Alias": "cn", "Startup Cost": 2780.8, "Total Cost": 8684.25, "Plan Rows": 6290, "Plan Width": 4, "Filter": "((country_code)::text = '[jp]'::text)", "Plans": [{"Node Type": "Bitmap Index Scan", "Parent Relationship": "Outer", "Index Name": "company_name_pkey", "Startup Cost": 0.0, "Total Cost": 2779.23, "Plan Rows": 234996, "Plan Width": 0}]}, {"Node Type": "Index Scan", "Parent Relationship": "Inner", "Scan Direction": "Forward", "Index Name": "company_id_movie_companies", "Relation Name": "movie_companies", "Alias": "mc", "Startup Cost": 0.0, "Total Cost": 11.28, "Plan Rows": 1, "Plan Width": 8, "Index Cond": "(company_id = cn.id)", "Filter": "(((note)::text ~~ '%(Japan)%'::text) AND ((note)::text !~~ '%(USA)%'::text))"}]}, {"Node Type": "Index Scan", "Parent Relationship": "Inner", "Scan Direction": "Forward", "Index Name": "title_pkey", "Relation Name": "title", "Alias": "t", "Startup Cost": 0.0, "Total Cost": 3.91, "Plan Rows": 1, "Plan Width": 21, "Index Cond": "(id = mc.movie_id)"}]}, {"Node Type": "Index Scan", "Parent Relationship": "Inner", "Scan Direction": "Forward", "Index Name": "movie_id_cast_info", "Relation Name": "cast_info", "Alias": "ci", "Startup Cost": 0.0, "Total Cost": 0.98, "Plan Rows": 1, "Plan Width": 12, "Index Cond": "(movie_id = t.id)", "Filter": "((note)::text = '(voice: English version)'::text)"}]}]}, {"Node Type": "Index Scan", "Parent Relationship": "Inner", "Scan Direction": "Forward", "Index Name": "person_id_aka_name", "Relation Name": "aka_name", "Alias": "an1", "Startup Cost": 0.0, "Total Cost": 0.84, "Plan Rows": 1, "Plan Width": 20, "Index Cond": "(person_id = ci.person_id)"}]}, {"Node Type": "Index Scan", "Parent Relationship": "Inner", "Scan Direction": "Forward", "Index Name": "name_pkey", "Relation Name": "name", "Alias": "n1", "Startup Cost": 0.0, "Total Cost": 0.57, "Plan Rows": 1, "Plan Width": 4, "Index Cond": "(id = an1.person_id)", "Filter": "(((name)::text ~~ '%Yo%'::text) AND ((name)::text !~~ '%Yu%'::text))"}]}]}, "Unique SQL Id": 3544391839, "Planner Runtime": 8}, "explain_analyze_plan": {"Plan": {"Node Type": "Aggregate", "Strategy": "Plain", "Startup Cost": 109007.69, "Total Cost": 109007.7, "Plan Rows": 1, "Plan Width": 97, "Actual Startup Time": 3716.181, "Actual Total Time": 3716.182, "Actual Rows": 1, "Actual Loops": 1, "Plans": [{"Node Type": "Nested Loop", "Parent Relationship": "Outer", "Join Type": "Inner", "Startup Cost": 2780.8, "Total Cost": 109007.63, "Plan Rows": 12, "Plan Width": 33, "Actual Startup Time": 358.228, "Actual Total Time": 3715.857, "Actual Rows": 62, "Actual Loops": 1, "Inner Unique": true, "Plans": [{"Node Type": "Nested Loop", "Parent Relationship": "Outer", "Join Type": "Inner", "Startup Cost": 2780.8, "Total Cost": 108632.09, "Plan Rows": 645, "Plan Width": 41, "Actual Startup Time": 22.767, "Actual Total Time": 3639.479, "Actual Rows": 17379, "Actual Loops": 1, "Inner Unique": false, "Plans": [{"Node Type": "Nested Loop", "Parent Relationship": "Outer", "Join Type": "Inner", "Startup Cost": 2780.8, "Total Cost": 108177.88, "Plan Rows": 532, "Plan Width": 21, "Actual Startup Time": 22.751, "Actual Total Time": 3586.897, "Actual Rows": 7438, "Actual Loops": 1, "Inner Unique": false, "Join Filter": "(ci.role_id = rt.id)", "Rows Removed by Join Filter": 12162, "Plans": [{"Node Type": "Index Scan", "Parent Relationship": "Outer", "Scan Direction": "Forward", "Index Name": "role_type_pkey", "Relation Name": "role_type", "Alias": "rt", "Startup Cost": 0.0, "Total Cost": 12.46, "Plan Rows": 1, "Plan Width": 4, "Actual Startup Time": 0.028, "Actual Total Time": 0.04, "Actual Rows": 1, "Actual Loops": 1, "Filter": "((role)::text = 'actress'::text)", "Rows Removed by Filter": 11}, {"Node Type": "Nested Loop", "Parent Relationship": "Inner", "Join Type": "Inner", "Startup Cost": 2780.8, "Total Cost": 108092.33, "Plan Rows": 5847, "Plan Width": 25, "Actual Startup Time": 22.716, "Actual Total Time": 3581.535, "Actual Rows": 19600, "Actual Loops": 1, "Inner Unique": false, "Plans": [{"Node Type": "Nested Loop", "Parent Relationship": "Outer", "Join Type": "Inner", "Startup Cost": 2780.8, "Total Cost": 102349.74, "Plan Rows": 5775, "Plan Width": 25, "Actual Startup Time": 22.629, "Actual Total Time": 692.33, "Actual Rows": 48328, "Actual Loops": 1, "Inner Unique": true, "Plans": [{"Node Type": "Nested Loop", "Parent Relationship": "Outer", "Join Type": "Inner", "Startup Cost": 2780.8, "Total Cost": 79702.64, "Plan Rows": 5775, "Plan Width": 4, "Actual Startup Time": 22.606, "Actual Total Time": 386.335, "Actual Rows": 48328, "Actual Loops": 1, "Inner Unique": false, "Plans": [{"Node Type": "Bitmap Heap Scan", "Parent Relationship": "Outer", "Relation Name": "company_name", "Alias": "cn", "Startup Cost": 2780.8, "Total Cost": 8684.25, "Plan Rows": 6290, "Plan Width": 4, "Actual Startup Time": 22.562, "Actual Total Time": 154.469, "Actual Rows": 6752, "Actual Loops": 1, "Filter": "((country_code)::text = '[jp]'::text)", "Rows Removed by Filter": 228244, "Exact Heap Blocks": 2966, "Lossy Heap Blocks": 2966, "Plans": [{"Node Type": "Bitmap Index Scan", "Parent Relationship": "Outer", "Index Name": "company_name_pkey", "Startup Cost": 0.0, "Total Cost": 2779.23, "Plan Rows": 234996, "Plan Width": 0, "Actual Startup Time": 22.102, "Actual Total Time": 22.102, "Actual Rows": 234996, "Actual Loops": 1}]}, {"Node Type": "Index Scan", "Parent Relationship": "Inner", "Scan Direction": "Forward", "Index Name": "company_id_movie_companies", "Relation Name": "movie_companies", "Alias": "mc", "Startup Cost": 0.0, "Total Cost": 11.28, "Plan Rows": 1, "Plan Width": 8, "Actual Startup Time": 58.648, "Actual Total Time": 215.91, "Actual Rows": 48328, "Actual Loops": 6752, "Index Cond": "(company_id = cn.id)", "Rows Removed by Index Recheck": 0, "Filter": "(((note)::text ~~ '%(Japan)%'::text) AND ((note)::text !~~ '%(USA)%'::text))", "Rows Removed by Filter": 56667}]}, {"Node Type": "Index Scan", "Parent Relationship": "Inner", "Scan Direction": "Forward", "Index Name": "title_pkey", "Relation Name": "title", "Alias": "t", "Startup Cost": 0.0, "Total Cost": 3.91, "Plan Rows": 1, "Plan Width": 21, "Actual Startup Time": 263.066, "Actual Total Time": 263.066, "Actual Rows": 48328, "Actual Loops": 48328, "Index Cond": "(id = mc.movie_id)", "Rows Removed by Index Recheck": 0}]}, {"Node Type": "Index Scan", "Parent Relationship": "Inner", "Scan Direction": "Forward", "Index Name": "movie_id_cast_info", "Relation Name": "cast_info", "Alias": "ci", "Startup Cost": 0.0, "Total Cost": 0.98, "Plan Rows": 1, "Plan Width": 12, "Actual Startup Time": 2731.603, "Actual Total Time": 2857.929, "Actual Rows": 19600, "Actual Loops": 48328, "Index Cond": "(movie_id = t.id)", "Rows Removed by Index Recheck": 0, "Filter": "((note)::text = '(voice: English version)'::text)", "Rows Removed by Filter": 1531710}]}]}, {"Node Type": "Index Scan", "Parent Relationship": "Inner", "Scan Direction": "Forward", "Index Name": "person_id_aka_name", "Relation Name": "aka_name", "Alias": "an1", "Startup Cost": 0.0, "Total Cost": 0.84, "Plan Rows": 1, "Plan Width": 20, "Actual Startup Time": 35.029, "Actual Total Time": 43.394, "Actual Rows": 17379, "Actual Loops": 7438, "Index Cond": "(person_id = ci.person_id)", "Rows Removed by Index Recheck": 0}]}, {"Node Type": "Index Scan", "Parent Relationship": "Inner", "Scan Direction": "Forward", "Index Name": "name_pkey", "Relation Name": "name", "Alias": "n1", "Startup Cost": 0.0, "Total Cost": 0.57, "Plan Rows": 1, "Plan Width": 4, "Actual Startup Time": 67.222, "Actual Total Time": 67.222, "Actual Rows": 62, "Actual Loops": 17379, "Index Cond": "(id = an1.person_id)", "Rows Removed by Index Recheck": 0, "Filter": "(((name)::text ~~ '%Yo%'::text) AND ((name)::text !~~ '%Yu%'::text))", "Rows Removed by Filter": 17317}]}]}, "Triggers": [], "Planner Runtime": 7, "Total Runtime": 3716.783, "Unique SQL Id": 3544391839}}, "(16, 50)": {"explain_plan": {"Plan": {"Node Type": "Aggregate", "Strategy": "Plain", "Startup Cost": 115961.85, "Total Cost": 115961.86, "Plan Rows": 1, "Plan Width": 97, "Plans": [{"Node Type": "Nested Loop", "Parent Relationship": "Outer", "Join Type": "Inner", "Startup Cost": 2.89, "Total Cost": 115961.79, "Plan Rows": 12, "Plan Width": 33, "Inner Unique": true, "Plans": [{"Node Type": "Nested Loop", "Parent Relationship": "Outer", "Join Type": "Inner", "Startup Cost": 2.25, "Total Cost": 115905.83, "Plan Rows": 12, "Plan Width": 24, "Inner Unique": false, "Join Filter": "(n1.id = an1.person_id)", "Plans": [{"Node Type": "Nested Loop", "Parent Relationship": "Outer", "Join Type": "Inner", "Startup Cost": 1.87, "Total Cost": 115562.18, "Plan Rows": 78, "Plan Width": 16, "Inner Unique": true, "Plans": [{"Node Type": "Nested Loop", "Parent Relationship": "Outer", "Join Type": "Inner", "Startup Cost": 1.56, "Total Cost": 110997.42, "Plan Rows": 1055, "Plan Width": 20, "Inner Unique": false, "Plans": [{"Node Type": "Nested Loop", "Parent Relationship": "Outer", "Join Type": "Inner", "Startup Cost": 0.9, "Total Cost": 104912.21, "Plan Rows": 1293, "Plan Width": 12, "Inner Unique": true, "Plans": [{"Node Type": "Nested Loop", "Parent Relationship": "Outer", "Join Type": "Inner", "Startup Cost": 0.0, "Total Cost": 61579.53, "Plan Rows": 8790, "Plan Width": 8, "Inner Unique": false, "Join Filter": "(ci.role_id = rt.id)", "Plans": [{"Node Type": "Seq Scan", "Parent Relationship": "Outer", "Relation Name": "role_type", "Alias": "rt", "Startup Cost": 0.0, "Total Cost": 1.15, "Plan Rows": 1, "Plan Width": 4, "Filter": "((role)::text = 'actress'::text)"}, {"Node Type": "Materialize", "Parent Relationship": "Inner", "Startup Cost": 0.0, "Total Cost": 60611.46, "Plan Rows": 96692, "Plan Width": 12, "Plans": [{"Node Type": "Streaming(type: LOCAL GATHER dop: 1/16)", "Parent Relationship": "Outer", "Startup Cost": 0.0, "Total Cost": 60369.73, "Plan Rows": 96692, "Plan Width": 12, "Plans": [{"Node Type": "Seq Scan", "Parent Relationship": "Outer", "Relation Name": "cast_info", "Alias": "ci", "Startup Cost": 0.0, "Total Cost": 58282.92, "Plan Rows": 96692, "Plan Width": 12, "Filter": "((note)::text = '(voice: English version)'::text)"}]}]}]}, {"Node Type": "Bitmap Heap Scan", "Parent Relationship": "Inner", "Relation Name": "name", "Alias": "n1", "Startup Cost": 0.9, "Total Cost": 4.92, "Plan Rows": 1, "Plan Width": 4, "Recheck Cond": "(id = ci.person_id)", "Filter": "(((name)::text ~~ '%Yo%'::text) AND ((name)::text !~~ '%Yu%'::text))", "Plans": [{"Node Type": "Bitmap Index Scan", "Parent Relationship": "Outer", "Index Name": "name_pkey", "Startup Cost": 0.0, "Total Cost": 0.9, "Plan Rows": 1, "Plan Width": 0, "Index Cond": "(id = ci.person_id)"}]}]}, {"Node Type": "Bitmap Heap Scan", "Parent Relationship": "Inner", "Relation Name": "movie_companies", "Alias": "mc", "Startup Cost": 0.66, "Total Cost": 4.7, "Plan Rows": 1, "Plan Width": 8, "Recheck Cond": "(movie_id = ci.movie_id)", "Filter": "(((note)::text ~~ '%(Japan)%'::text) AND ((note)::text !~~ '%(USA)%'::text))", "Plans": [{"Node Type": "Bitmap Index Scan", "Parent Relationship": "Outer", "Index Name": "movie_id_movie_companies", "Startup Cost": 0.0, "Total Cost": 0.66, "Plan Rows": 2, "Plan Width": 0, "Index Cond": "(movie_id = ci.movie_id)"}]}]}, {"Node Type": "Bitmap Heap Scan", "Parent Relationship": "Inner", "Relation Name": "company_name", "Alias": "cn", "Startup Cost": 0.3, "Total Cost": 4.32, "Plan Rows": 1, "Plan Width": 4, "Recheck Cond": "(id = mc.company_id)", "Filter": "((country_code)::text = '[jp]'::text)", "Plans": [{"Node Type": "Bitmap Index Scan", "Parent Relationship": "Outer", "Index Name": "company_name_pkey", "Startup Cost": 0.0, "Total Cost": 0.3, "Plan Rows": 1, "Plan Width": 0, "Index Cond": "(id = mc.company_id)"}]}]}, {"Node Type": "Bitmap Heap Scan", "Parent Relationship": "Inner", "Relation Name": "aka_name", "Alias": "an1", "Startup Cost": 0.38, "Total Cost": 4.39, "Plan Rows": 1, "Plan Width": 20, "Recheck Cond": "(person_id = ci.person_id)", "Plans": [{"Node Type": "Bitmap Index Scan", "Parent Relationship": "Outer", "Index Name": "person_id_aka_name", "Startup Cost": 0.0, "Total Cost": 0.38, "Plan Rows": 1, "Plan Width": 0, "Index Cond": "(person_id = ci.person_id)"}]}]}, {"Node Type": "Bitmap Heap Scan", "Parent Relationship": "Inner", "Relation Name": "title", "Alias": "t", "Startup Cost": 0.64, "Total Cost": 4.65, "Plan Rows": 1, "Plan Width": 21, "Recheck Cond": "(id = ci.movie_id)", "Plans": [{"Node Type": "Bitmap Index Scan", "Parent Relationship": "Outer", "Index Name": "title_pkey", "Startup Cost": 0.0, "Total Cost": 0.64, "Plan Rows": 1, "Plan Width": 0, "Index Cond": "(id = ci.movie_id)"}]}]}]}, "Unique SQL Id": 3544391839, "Planner Runtime": 19}, "explain_analyze_plan": {"Plan": {"Node Type": "Aggregate", "Strategy": "Plain", "Startup Cost": 115961.85, "Total Cost": 115961.86, "Plan Rows": 1, "Plan Width": 97, "Actual Min Startup Time": 922.637, "Actual Max Startup Time": 922.637, "Actual Min Total Time": 922.638, "Actual Max Total Time": 922.638, "Plans": [{"Node Type": "Nested Loop", "Parent Relationship": "Outer", "Join Type": "Inner", "Startup Cost": 2.89, "Total Cost": 115961.79, "Plan Rows": 12, "Plan Width": 33, "Actual Min Startup Time": 840.108, "Actual Max Startup Time": 840.108, "Actual Min Total Time": 922.533, "Actual Max Total Time": 922.533, "Inner Unique": true, "Plans": [{"Node Type": "Nested Loop", "Parent Relationship": "Outer", "Join Type": "Inner", "Startup Cost": 2.25, "Total Cost": 115905.83, "Plan Rows": 12, "Plan Width": 24, "Actual Min Startup Time": 840.072, "Actual Max Startup Time": 840.072, "Actual Min Total Time": 922.091, "Actual Max Total Time": 922.091, "Inner Unique": false, "Join Filter": "(n1.id = an1.person_id)", "Rows Removed by Join Filter": 0, "Plans": [{"Node Type": "Nested Loop", "Parent Relationship": "Outer", "Join Type": "Inner", "Startup Cost": 1.87, "Total Cost": 115562.18, "Plan Rows": 78, "Plan Width": 16, "Actual Min Startup Time": 840.037, "Actual Max Startup Time": 840.037, "Actual Min Total Time": 921.78, "Actual Max Total Time": 921.78, "Inner Unique": true, "Plans": [{"Node Type": "Nested Loop", "Parent Relationship": "Outer", "Join Type": "Inner", "Startup Cost": 1.56, "Total Cost": 110997.42, "Plan Rows": 1055, "Plan Width": 20, "Actual Min Startup Time": 840.012, "Actual Max Startup Time": 840.012, "Actual Min Total Time": 921.441, "Actual Max Total Time": 921.441, "Inner Unique": false, "Plans": [{"Node Type": "Nested Loop", "Parent Relationship": "Outer", "Join Type": "Inner", "Startup Cost": 0.9, "Total Cost": 104912.21, "Plan Rows": 1293, "Plan Width": 12, "Actual Min Startup Time": 824.424, "Actual Max Startup Time": 824.424, "Actual Min Total Time": 918.946, "Actual Max Total Time": 918.946, "Inner Unique": true, "Plans": [{"Node Type": "Nested Loop", "Parent Relationship": "Outer", "Join Type": "Inner", "Startup Cost": 0.0, "Total Cost": 61579.53, "Plan Rows": 8790, "Plan Width": 8, "Actual Min Startup Time": 714.072, "Actual Max Startup Time": 714.072, "Actual Min Total Time": 735.2, "Actual Max Total Time": 735.2, "Inner Unique": false, "Join Filter": "(ci.role_id = rt.id)", "Rows Removed by Join Filter": 58247, "Plans": [{"Node Type": "Seq Scan", "Parent Relationship": "Outer", "Relation Name": "role_type", "Alias": "rt", "Startup Cost": 0.0, "Total Cost": 1.15, "Plan Rows": 1, "Plan Width": 4, "Actual Min Startup Time": 0.055, "Actual Max Startup Time": 0.055, "Actual Min Total Time": 0.062, "Actual Max Total Time": 0.062, "Filter": "((role)::text = 'actress'::text)", "Rows Removed by Filter": 11, "Actual Rows": 1}, {"Node Type": "Materialize", "Parent Relationship": "Inner", "Startup Cost": 0.0, "Total Cost": 60611.46, "Plan Rows": 96692, "Plan Width": 12, "Actual Min Startup Time": 696.204, "Actual Max Startup Time": 696.204, "Actual Min Total Time": 708.863, "Actual Max Total Time": 708.863, "Plans": [{"Node Type": "Streaming(type: LOCAL GATHER dop: 1/16)", "Parent Relationship": "Outer", "Startup Cost": 0.0, "Total Cost": 60369.73, "Plan Rows": 96692, "Plan Width": 12, "Actual Min Startup Time": 41.898, "Actual Max Startup Time": 41.898, "Actual Min Total Time": 681.288, "Actual Max Total Time": 681.288, "Plans": [{"Node Type": "Seq Scan", "Parent Relationship": "Outer", "Relation Name": "cast_info", "Alias": "ci", "Startup Cost": 0.0, "Total Cost": 58282.92, "Plan Rows": 96692, "Plan Width": 12, "Actual Min Startup Time": 0.115, "Actual Max Startup Time": 2.937, "Actual Min Total Time": 612.24, "Actual Max Total Time": 647.777, "Filter": "((note)::text = '(voice: English version)'::text)", "Rows Removed by Filter": 36151248, "Actual Rows": 93095}], "Actual Rows": 93095}], "Actual Rows": 93096}], "Actual Rows": 34848}, {"Node Type": "Bitmap Heap Scan", "Parent Relationship": "Inner", "Relation Name": "name", "Alias": "n1", "Startup Cost": 0.9, "Total Cost": 4.92, "Plan Rows": 1, "Plan Width": 4, "Actual Min Startup Time": 145.19, "Actual Max Startup Time": 145.19, "Actual Min Total Time": 145.19, "Actual Max Total Time": 145.19, "Recheck Cond": "(id = ci.person_id)", "Rows Removed by Index Recheck": 0, "Filter": "(((name)::text ~~ '%Yo%'::text) AND ((name)::text !~~ '%Yu%'::text))", "Rows Removed by Filter": 34454, "Exact Heap Blocks": 34848, "Lossy Heap Blocks": 34848, "Plans": [{"Node Type": "Bitmap Index Scan", "Parent Relationship": "Outer", "Index Name": "name_pkey", "Startup Cost": 0.0, "Total Cost": 0.9, "Plan Rows": 1, "Plan Width": 0, "Actual Min Startup Time": 83.406, "Actual Max Startup Time": 83.406, "Actual Min Total Time": 83.406, "Actual Max Total Time": 83.406, "Index Cond": "(id = ci.person_id)", "Actual Rows": 34848}], "Actual Rows": 394}], "Actual Rows": 394}, {"Node Type": "Bitmap Heap Scan", "Parent Relationship": "Inner", "Relation Name": "movie_companies", "Alias": "mc", "Startup Cost": 0.66, "Total Cost": 4.7, "Plan Rows": 1, "Plan Width": 8, "Actual Min Startup Time": 1.922, "Actual Max Startup Time": 1.922, "Actual Min Total Time": 2.025, "Actual Max Total Time": 2.025, "Recheck Cond": "(movie_id = ci.movie_id)", "Rows Removed by Index Recheck": 0, "Filter": "(((note)::text ~~ '%(Japan)%'::text) AND ((note)::text !~~ '%(USA)%'::text))", "Rows Removed by Filter": 511, "Exact Heap Blocks": 237, "Lossy Heap Blocks": 237, "Plans": [{"Node Type": "Bitmap Index Scan", "Parent Relationship": "Outer", "Index Name": "movie_id_movie_companies", "Startup Cost": 0.0, "Total Cost": 0.66, "Plan Rows": 2, "Plan Width": 0, "Actual Min Startup Time": 1.187, "Actual Max Startup Time": 1.187, "Actual Min Total Time": 1.187, "Actual Max Total Time": 1.187, "Index Cond": "(movie_id = ci.movie_id)", "Actual Rows": 550}], "Actual Rows": 39}], "Actual Rows": 39}, {"Node Type": "Bitmap Heap Scan", "Parent Relationship": "Inner", "Relation Name": "company_name", "Alias": "cn", "Startup Cost": 0.3, "Total Cost": 4.32, "Plan Rows": 1, "Plan Width": 4, "Actual Min Startup Time": 0.264, "Actual Max Startup Time": 0.264, "Actual Min Total Time": 0.264, "Actual Max Total Time": 0.264, "Recheck Cond": "(id = mc.company_id)", "Rows Removed by Index Recheck": 0, "Filter": "((country_code)::text = '[jp]'::text)", "Rows Removed by Filter": 1, "Exact Heap Blocks": 39, "Lossy Heap Blocks": 39, "Plans": [{"Node Type": "Bitmap Index Scan", "Parent Relationship": "Outer", "Index Name": "company_name_pkey", "Startup Cost": 0.0, "Total Cost": 0.3, "Plan Rows": 1, "Plan Width": 0, "Actual Min Startup Time": 0.146, "Actual Max Startup Time": 0.146, "Actual Min Total Time": 0.146, "Actual Max Total Time": 0.146, "Index Cond": "(id = mc.company_id)", "Actual Rows": 39}], "Actual Rows": 38}], "Actual Rows": 38}, {"Node Type": "Bitmap Heap Scan", "Parent Relationship": "Inner", "Relation Name": "aka_name", "Alias": "an1", "Startup Cost": 0.38, "Total Cost": 4.39, "Plan Rows": 1, "Plan Width": 20, "Actual Min Startup Time": 0.193, "Actual Max Startup Time": 0.193, "Actual Min Total Time": 0.206, "Actual Max Total Time": 0.206, "Recheck Cond": "(person_id = ci.person_id)", "Rows Removed by Index Recheck": 0, "Exact Heap Blocks": 43, "Lossy Heap Blocks": 43, "Plans": [{"Node Type": "Bitmap Index Scan", "Parent Relationship": "Outer", "Index Name": "person_id_aka_name", "Startup Cost": 0.0, "Total Cost": 0.38, "Plan Rows": 1, "Plan Width": 0, "Actual Min Startup Time": 0.127, "Actual Max Startup Time": 0.127, "Actual Min Total Time": 0.127, "Actual Max Total Time": 0.127, "Index Cond": "(person_id = ci.person_id)", "Actual Rows": 62}], "Actual Rows": 62}], "Actual Rows": 62}, {"Node Type": "Bitmap Heap Scan", "Parent Relationship": "Inner", "Relation Name": "title", "Alias": "t", "Startup Cost": 0.64, "Total Cost": 4.65, "Plan Rows": 1, "Plan Width": 21, "Actual Min Startup Time": 0.339, "Actual Max Startup Time": 0.339, "Actual Min Total Time": 0.339, "Actual Max Total Time": 0.339, "Recheck Cond": "(id = ci.movie_id)", "Rows Removed by Index Recheck": 0, "Exact Heap Blocks": 62, "Lossy Heap Blocks": 62, "Plans": [{"Node Type": "Bitmap Index Scan", "Parent Relationship": "Outer", "Index Name": "title_pkey", "Startup Cost": 0.0, "Total Cost": 0.64, "Plan Rows": 1, "Plan Width": 0, "Actual Min Startup Time": 0.203, "Actual Max Startup Time": 0.203, "Actual Min Total Time": 0.203, "Actual Max Total Time": 0.203, "Index Cond": "(id = ci.movie_id)", "Actual Rows": 62}], "Actual Rows": 62}], "Actual Rows": 62}], "Actual Rows": 1}, "Triggers": [], "Planner Runtime": 19, "Total Runtime": 926.254, "Unique SQL Id": 3544391839}}, "(16, 51)": {"explain_plan": {"Plan": {"Node Type": "Aggregate", "Strategy": "Plain", "Startup Cost": 166618.15, "Total Cost": 166618.16, "Plan Rows": 1, "Plan Width": 97, "Plans": [{"Node Type": "Nested Loop", "Parent Relationship": "Outer", "Join Type": "Inner", "Startup Cost": 2795.56, "Total Cost": 166618.09, "Plan Rows": 12, "Plan Width": 33, "Inner Unique": false, "Join Filter": "(n1.id = an1.person_id)", "Plans": [{"Node Type": "Nested Loop", "Parent Relationship": "Outer", "Join Type": "Inner", "Startup Cost": 2795.18, "Total Cost": 166274.44, "Plan Rows": 78, "Plan Width": 25, "Inner Unique": true, "Plans": [{"Node Type": "Nested Loop", "Parent Relationship": "Outer", "Join Type": "Inner", "Startup Cost": 2794.28, "Total Cost": 163651.8, "Plan Rows": 532, "Plan Width": 21, "Inner Unique": false, "Join Filter": "(ci.role_id = rt.id)", "Plans": [{"Node Type": "Bitmap Heap Scan", "Parent Relationship": "Outer", "Relation Name": "role_type", "Alias": "rt", "Startup Cost": 8.31, "Total Cost": 12.46, "Plan Rows": 1, "Plan Width": 4, "Filter": "((role)::text = 'actress'::text)", "Plans": [{"Node Type": "Bitmap Index Scan", "Parent Relationship": "Outer", "Index Name": "role_type_pkey", "Startup Cost": 0.0, "Total Cost": 8.31, "Plan Rows": 12, "Plan Width": 0}]}, {"Node Type": "Nested Loop", "Parent Relationship": "Inner", "Join Type": "Inner", "Startup Cost": 2785.97, "Total Cost": 163566.25, "Plan Rows": 5847, "Plan Width": 25, "Inner Unique": false, "Plans": [{"Node Type": "Nested Loop", "Parent Relationship": "Outer", "Join Type": "Inner", "Startup Cost": 2785.45, "Total Cost": 136908.44, "Plan Rows": 5775, "Plan Width": 25, "Inner Unique": true, "Plans": [{"Node Type": "Nested Loop", "Parent Relationship": "Outer", "Join Type": "Inner", "Startup Cost": 2784.18, "Total Cost": 106322.09, "Plan Rows": 5775, "Plan Width": 4, "Inner Unique": false, "Plans": [{"Node Type": "Bitmap Heap Scan", "Parent Relationship": "Outer", "Relation Name": "company_name", "Alias": "cn", "Startup Cost": 2780.8, "Total Cost": 8684.25, "Plan Rows": 6290, "Plan Width": 4, "Filter": "((country_code)::text = '[jp]'::text)", "Plans": [{"Node Type": "Bitmap Index Scan", "Parent Relationship": "Outer", "Index Name": "company_name_pkey", "Startup Cost": 0.0, "Total Cost": 2779.23, "Plan Rows": 234996, "Plan Width": 0}]}, {"Node Type": "Bitmap Heap Scan", "Parent Relationship": "Inner", "Relation Name": "movie_companies", "Alias": "mc", "Startup Cost": 3.37, "Total Cost": 15.51, "Plan Rows": 1, "Plan Width": 8, "Recheck Cond": "(company_id = cn.id)", "Filter": "(((note)::text ~~ '%(Japan)%'::text) AND ((note)::text !~~ '%(USA)%'::text))", "Plans": [{"Node Type": "Bitmap Index Scan", "Parent Relationship": "Outer", "Index Name": "company_id_movie_companies", "Startup Cost": 0.0, "Total Cost": 3.37, "Plan Rows": 15, "Plan Width": 0, "Index Cond": "(company_id = cn.id)"}]}]}, {"Node Type": "Bitmap Heap Scan", "Parent Relationship": "Inner", "Relation Name": "title", "Alias": "t", "Startup Cost": 1.27, "Total Cost": 5.29, "Plan Rows": 1, "Plan Width": 21, "Recheck Cond": "(id = mc.movie_id)", "Plans": [{"Node Type": "Bitmap Index Scan", "Parent Relationship": "Outer", "Index Name": "title_pkey", "Startup Cost": 0.0, "Total Cost": 1.27, "Plan Rows": 1, "Plan Width": 0, "Index Cond": "(id = mc.movie_id)"}]}]}, {"Node Type": "Bitmap Heap Scan", "Parent Relationship": "Inner", "Relation Name": "cast_info", "Alias": "ci", "Startup Cost": 0.52, "Total Cost": 4.61, "Plan Rows": 1, "Plan Width": 12, "Recheck Cond": "(movie_id = t.id)", "Filter": "((note)::text = '(voice: English version)'::text)", "Plans": [{"Node Type": "Bitmap Index Scan", "Parent Relationship": "Outer", "Index Name": "movie_id_cast_info", "Startup Cost": 0.0, "Total Cost": 0.52, "Plan Rows": 6, "Plan Width": 0, "Index Cond": "(movie_id = t.id)"}]}]}]}, {"Node Type": "Bitmap Heap Scan", "Parent Relationship": "Inner", "Relation Name": "name", "Alias": "n1", "Startup Cost": 0.9, "Total Cost": 4.92, "Plan Rows": 1, "Plan Width": 4, "Recheck Cond": "(id = ci.person_id)", "Filter": "(((name)::text ~~ '%Yo%'::text) AND ((name)::text !~~ '%Yu%'::text))", "Plans": [{"Node Type": "Bitmap Index Scan", "Parent Relationship": "Outer", "Index Name": "name_pkey", "Startup Cost": 0.0, "Total Cost": 0.9, "Plan Rows": 1, "Plan Width": 0, "Index Cond": "(id = ci.person_id)"}]}]}, {"Node Type": "Bitmap Heap Scan", "Parent Relationship": "Inner", "Relation Name": "aka_name", "Alias": "an1", "Startup Cost": 0.38, "Total Cost": 4.39, "Plan Rows": 1, "Plan Width": 20, "Recheck Cond": "(person_id = ci.person_id)", "Plans": [{"Node Type": "Bitmap Index Scan", "Parent Relationship": "Outer", "Index Name": "person_id_aka_name", "Startup Cost": 0.0, "Total Cost": 0.38, "Plan Rows": 1, "Plan Width": 0, "Index Cond": "(person_id = ci.person_id)"}]}]}]}, "Unique SQL Id": 3544391839, "Planner Runtime": 8}, "explain_analyze_plan": {"Plan": {"Node Type": "Aggregate", "Strategy": "Plain", "Startup Cost": 166618.15, "Total Cost": 166618.16, "Plan Rows": 1, "Plan Width": 97, "Actual Startup Time": 4291.828, "Actual Total Time": 4291.829, "Actual Rows": 1, "Actual Loops": 1, "Plans": [{"Node Type": "Nested Loop", "Parent Relationship": "Outer", "Join Type": "Inner", "Startup Cost": 2795.56, "Total Cost": 166618.09, "Plan Rows": 12, "Plan Width": 33, "Actual Startup Time": 314.534, "Actual Total Time": 4291.369, "Actual Rows": 62, "Actual Loops": 1, "Inner Unique": false, "Join Filter": "(n1.id = an1.person_id)", "Rows Removed by Join Filter": 0, "Plans": [{"Node Type": "Nested Loop", "Parent Relationship": "Outer", "Join Type": "Inner", "Startup Cost": 2795.18, "Total Cost": 166274.44, "Plan Rows": 78, "Plan Width": 25, "Actual Startup Time": 314.496, "Actual Total Time": 4290.42, "Actual Rows": 38, "Actual Loops": 1, "Inner Unique": true, "Plans": [{"Node Type": "Nested Loop", "Parent Relationship": "Outer", "Join Type": "Inner", "Startup Cost": 2794.28, "Total Cost": 163651.8, "Plan Rows": 532, "Plan Width": 21, "Actual Startup Time": 21.567, "Actual Total Time": 4232.137, "Actual Rows": 7438, "Actual Loops": 1, "Inner Unique": false, "Join Filter": "(ci.role_id = rt.id)", "Rows Removed by Join Filter": 12162, "Plans": [{"Node Type": "Bitmap Heap Scan", "Parent Relationship": "Outer", "Relation Name": "role_type", "Alias": "rt", "Startup Cost": 8.31, "Total Cost": 12.46, "Plan Rows": 1, "Plan Width": 4, "Actual Startup Time": 0.061, "Actual Total Time": 0.126, "Actual Rows": 1, "Actual Loops": 1, "Filter": "((role)::text = 'actress'::text)", "Rows Removed by Filter": 11, "Exact Heap Blocks": 1, "Lossy Heap Blocks": 1, "Plans": [{"Node Type": "Bitmap Index Scan", "Parent Relationship": "Outer", "Index Name": "role_type_pkey", "Startup Cost": 0.0, "Total Cost": 8.31, "Plan Rows": 12, "Plan Width": 0, "Actual Startup Time": 0.02, "Actual Total Time": 0.02, "Actual Rows": 12, "Actual Loops": 1}]}, {"Node Type": "Nested Loop", "Parent Relationship": "Inner", "Join Type": "Inner", "Startup Cost": 2785.97, "Total Cost": 163566.25, "Plan Rows": 5847, "Plan Width": 25, "Actual Startup Time": 21.496, "Actual Total Time": 4226.376, "Actual Rows": 19600, "Actual Loops": 1, "Inner Unique": false, "Plans": [{"Node Type": "Nested Loop", "Parent Relationship": "Outer", "Join Type": "Inner", "Startup Cost": 2785.45, "Total Cost": 136908.44, "Plan Rows": 5775, "Plan Width": 25, "Actual Startup Time": 21.338, "Actual Total Time": 811.178, "Actual Rows": 48328, "Actual Loops": 1, "Inner Unique": true, "Plans": [{"Node Type": "Nested Loop", "Parent Relationship": "Outer", "Join Type": "Inner", "Startup Cost": 2784.18, "Total Cost": 106322.09, "Plan Rows": 5775, "Plan Width": 4, "Actual Startup Time": 21.312, "Actual Total Time": 428.082, "Actual Rows": 48328, "Actual Loops": 1, "Inner Unique": false, "Plans": [{"Node Type": "Bitmap Heap Scan", "Parent Relationship": "Outer", "Relation Name": "company_name", "Alias": "cn", "Startup Cost": 2780.8, "Total Cost": 8684.25, "Plan Rows": 6290, "Plan Width": 4, "Actual Startup Time": 21.219, "Actual Total Time": 153.834, "Actual Rows": 6752, "Actual Loops": 1, "Filter": "((country_code)::text = '[jp]'::text)", "Rows Removed by Filter": 228244, "Exact Heap Blocks": 2966, "Lossy Heap Blocks": 2966, "Plans": [{"Node Type": "Bitmap Index Scan", "Parent Relationship": "Outer", "Index Name": "company_name_pkey", "Startup Cost": 0.0, "Total Cost": 2779.23, "Plan Rows": 234996, "Plan Width": 0, "Actual Startup Time": 20.65, "Actual Total Time": 20.65, "Actual Rows": 234996, "Actual Loops": 1}]}, {"Node Type": "Bitmap Heap Scan", "Parent Relationship": "Inner", "Relation Name": "movie_companies", "Alias": "mc", "Startup Cost": 3.37, "Total Cost": 15.51, "Plan Rows": 1, "Plan Width": 8, "Actual Startup Time": 89.122, "Actual Total Time": 250.969, "Actual Rows": 48328, "Actual Loops": 6752, "Recheck Cond": "(company_id = cn.id)", "Rows Removed by Index Recheck": 0, "Filter": "(((note)::text ~~ '%(Japan)%'::text) AND ((note)::text !~~ '%(USA)%'::text))", "Rows Removed by Filter": 56667, "Exact Heap Blocks": 61861, "Lossy Heap Blocks": 61861, "Plans": [{"Node Type": "Bitmap Index Scan", "Parent Relationship": "Outer", "Index Name": "company_id_movie_companies", "Startup Cost": 0.0, "Total Cost": 3.37, "Plan Rows": 15, "Plan Width": 0, "Actual Startup Time": 44.846, "Actual Total Time": 44.846, "Actual Rows": 104995, "Actual Loops": 6752, "Index Cond": "(company_id = cn.id)"}]}]}, {"Node Type": "Bitmap Heap Scan", "Parent Relationship": "Inner", "Relation Name": "title", "Alias": "t", "Startup Cost": 1.27, "Total Cost": 5.29, "Plan Rows": 1, "Plan Width": 21, "Actual Startup Time": 306.293, "Actual Total Time": 306.293, "Actual Rows": 48328, "Actual Loops": 48328, "Recheck Cond": "(id = mc.movie_id)", "Rows Removed by Index Recheck": 0, "Exact Heap Blocks": 48328, "Lossy Heap Blocks": 48328, "Plans": [{"Node Type": "Bitmap Index Scan", "Parent Relationship": "Outer", "Index Name": "title_pkey", "Startup Cost": 0.0, "Total Cost": 1.27, "Plan Rows": 1, "Plan Width": 0, "Actual Startup Time": 183.115, "Actual Total Time": 183.115, "Actual Rows": 48328, "Actual Loops": 48328, "Index Cond": "(id = mc.movie_id)"}]}]}, {"Node Type": "Bitmap Heap Scan", "Parent Relationship": "Inner", "Relation Name": "cast_info", "Alias": "ci", "Startup Cost": 0.52, "Total Cost": 4.61, "Plan Rows": 1, "Plan Width": 12, "Actual Startup Time": 3206.589, "Actual Total Time": 3341.796, "Actual Rows": 19600, "Actual Loops": 48328, "Recheck Cond": "(movie_id = t.id)", "Rows Removed by Index Recheck": 0, "Filter": "((note)::text = '(voice: English version)'::text)", "Rows Removed by Filter": 1531710, "Exact Heap Blocks": 1503105, "Lossy Heap Blocks": 1503105, "Plans": [{"Node Type": "Bitmap Index Scan", "Parent Relationship": "Outer", "Index Name": "movie_id_cast_info", "Startup Cost": 0.0, "Total Cost": 0.52, "Plan Rows": 6, "Plan Width": 0, "Actual Startup Time": 510.321, "Actual Total Time": 510.321, "Actual Rows": 1551310, "Actual Loops": 48328, "Index Cond": "(movie_id = t.id)"}]}]}]}, {"Node Type": "Bitmap Heap Scan", "Parent Relationship": "Inner", "Relation Name": "name", "Alias": "n1", "Startup Cost": 0.9, "Total Cost": 4.92, "Plan Rows": 1, "Plan Width": 4, "Actual Startup Time": 48.401, "Actual Total Time": 48.401, "Actual Rows": 38, "Actual Loops": 7438, "Recheck Cond": "(id = ci.person_id)", "Rows Removed by Index Recheck": 0, "Filter": "(((name)::text ~~ '%Yo%'::text) AND ((name)::text !~~ '%Yu%'::text))", "Rows Removed by Filter": 7400, "Exact Heap Blocks": 7438, "Lossy Heap Blocks": 7438, "Plans": [{"Node Type": "Bitmap Index Scan", "Parent Relationship": "Outer", "Index Name": "name_pkey", "Startup Cost": 0.0, "Total Cost": 0.9, "Plan Rows": 1, "Plan Width": 0, "Actual Startup Time": 29.416, "Actual Total Time": 29.416, "Actual Rows": 7438, "Actual Loops": 7438, "Index Cond": "(id = ci.person_id)"}]}]}, {"Node Type": "Bitmap Heap Scan", "Parent Relationship": "Inner", "Relation Name": "aka_name", "Alias": "an1", "Startup Cost": 0.38, "Total Cost": 4.39, "Plan Rows": 1, "Plan Width": 20, "Actual Startup Time": 0.501, "Actual Total Time": 0.522, "Actual Rows": 62, "Actual Loops": 38, "Recheck Cond": "(person_id = ci.person_id)", "Rows Removed by Index Recheck": 0, "Exact Heap Blocks": 43, "Lossy Heap Blocks": 43, "Plans": [{"Node Type": "Bitmap Index Scan", "Parent Relationship": "Outer", "Index Name": "person_id_aka_name", "Startup Cost": 0.0, "Total Cost": 0.38, "Plan Rows": 1, "Plan Width": 0, "Actual Startup Time": 0.324, "Actual Total Time": 0.324, "Actual Rows": 62, "Actual Loops": 38, "Index Cond": "(person_id = ci.person_id)"}]}]}]}, "Triggers": [], "Planner Runtime": 8, "Total Runtime": 4292.638, "Unique SQL Id": 3544391839}}, "(16, 52)": {"explain_plan": {"Plan": {"Node Type": "Aggregate", "Strategy": "Plain", "Startup Cost": 72267.16, "Total Cost": 72267.17, "Plan Rows": 1, "Plan Width": 97, "Plans": [{"Node Type": "Nested Loop", "Parent Relationship": "Outer", "Join Type": "Inner", "Startup Cost": 0.0, "Total Cost": 72267.1, "Plan Rows": 12, "Plan Width": 33, "Inner Unique": true, "Plans": [{"Node Type": "Nested Loop", "Parent Relationship": "Outer", "Join Type": "Inner", "Startup Cost": 0.0, "Total Cost": 71891.56, "Plan Rows": 645, "Plan Width": 41, "Inner Unique": false, "Plans": [{"Node Type": "Nested Loop", "Parent Relationship": "Outer", "Join Type": "Inner", "Startup Cost": 0.0, "Total Cost": 71437.35, "Plan Rows": 532, "Plan Width": 21, "Inner Unique": false, "Join Filter": "(ci.role_id = rt.id)", "Plans": [{"Node Type": "Seq Scan", "Parent Relationship": "Outer", "Relation Name": "role_type", "Alias": "rt", "Startup Cost": 0.0, "Total Cost": 1.15, "Plan Rows": 1, "Plan Width": 4, "Filter": "((role)::text = 'actress'::text)"}, {"Node Type": "Materialize", "Parent Relationship": "Inner", "Startup Cost": 0.0, "Total Cost": 71377.73, "Plan Rows": 5847, "Plan Width": 25, "Plans": [{"Node Type": "Nested Loop", "Parent Relationship": "Outer", "Join Type": "Inner", "Startup Cost": 0.0, "Total Cost": 71363.11, "Plan Rows": 5847, "Plan Width": 25, "Inner Unique": false, "Plans": [{"Node Type": "Nested Loop", "Parent Relationship": "Outer", "Join Type": "Inner", "Startup Cost": 0.0, "Total Cost": 65620.52, "Plan Rows": 5775, "Plan Width": 25, "Inner Unique": true, "Plans": [{"Node Type": "Nested Loop", "Parent Relationship": "Outer", "Join Type": "Inner", "Startup Cost": 0.0, "Total Cost": 42973.42, "Plan Rows": 5775, "Plan Width": 4, "Inner Unique": true, "Plans": [{"Node Type": "Streaming(type: LOCAL GATHER dop: 1/16)", "Parent Relationship": "Outer", "Startup Cost": 0.0, "Total Cost": 19215.08, "Plan Rows": 36426, "Plan Width": 8, "Plans": [{"Node Type": "Seq Scan", "Parent Relationship": "Outer", "Relation Name": "movie_companies", "Alias": "mc", "Startup Cost": 0.0, "Total Cost": 18428.93, "Plan Rows": 36426, "Plan Width": 8, "Filter": "(((note)::text ~~ '%(Japan)%'::text) AND ((note)::text !~~ '%(USA)%'::text))"}]}, {"Node Type": "Index Scan", "Parent Relationship": "Inner", "Scan Direction": "Forward", "Index Name": "company_name_pkey", "Relation Name": "company_name", "Alias": "cn", "Startup Cost": 0.0, "Total Cost": 0.64, "Plan Rows": 1, "Plan Width": 4, "Index Cond": "(id = mc.company_id)", "Filter": "((country_code)::text = '[jp]'::text)"}]}, {"Node Type": "Index Scan", "Parent Relationship": "Inner", "Scan Direction": "Forward", "Index Name": "title_pkey", "Relation Name": "title", "Alias": "t", "Startup Cost": 0.0, "Total Cost": 3.91, "Plan Rows": 1, "Plan Width": 21, "Index Cond": "(id = mc.movie_id)"}]}, {"Node Type": "Index Scan", "Parent Relationship": "Inner", "Scan Direction": "Forward", "Index Name": "movie_id_cast_info", "Relation Name": "cast_info", "Alias": "ci", "Startup Cost": 0.0, "Total Cost": 0.98, "Plan Rows": 1, "Plan Width": 12, "Index Cond": "(movie_id = t.id)", "Filter": "((note)::text = '(voice: English version)'::text)"}]}]}]}, {"Node Type": "Index Scan", "Parent Relationship": "Inner", "Scan Direction": "Forward", "Index Name": "person_id_aka_name", "Relation Name": "aka_name", "Alias": "an1", "Startup Cost": 0.0, "Total Cost": 0.84, "Plan Rows": 1, "Plan Width": 20, "Index Cond": "(person_id = ci.person_id)"}]}, {"Node Type": "Index Scan", "Parent Relationship": "Inner", "Scan Direction": "Forward", "Index Name": "name_pkey", "Relation Name": "name", "Alias": "n1", "Startup Cost": 0.0, "Total Cost": 0.57, "Plan Rows": 1, "Plan Width": 4, "Index Cond": "(id = an1.person_id)", "Filter": "(((name)::text ~~ '%Yo%'::text) AND ((name)::text !~~ '%Yu%'::text))"}]}]}, "Unique SQL Id": 3544391839, "Planner Runtime": 8}, "explain_analyze_plan": {"Plan": {"Node Type": "Aggregate", "Strategy": "Plain", "Startup Cost": 72267.16, "Total Cost": 72267.17, "Plan Rows": 1, "Plan Width": 97, "Actual Min Startup Time": 3140.754, "Actual Max Startup Time": 3140.754, "Actual Min Total Time": 3140.755, "Actual Max Total Time": 3140.755, "Plans": [{"Node Type": "Nested Loop", "Parent Relationship": "Outer", "Join Type": "Inner", "Startup Cost": 0.0, "Total Cost": 72267.1, "Plan Rows": 12, "Plan Width": 33, "Actual Min Startup Time": 3051.501, "Actual Max Startup Time": 3051.501, "Actual Min Total Time": 3140.654, "Actual Max Total Time": 3140.654, "Inner Unique": true, "Plans": [{"Node Type": "Nested Loop", "Parent Relationship": "Outer", "Join Type": "Inner", "Startup Cost": 0.0, "Total Cost": 71891.56, "Plan Rows": 645, "Plan Width": 41, "Actual Min Startup Time": 3027.461, "Actual Max Startup Time": 3027.461, "Actual Min Total Time": 3075.17, "Actual Max Total Time": 3075.17, "Inner Unique": false, "Plans": [{"Node Type": "Nested Loop", "Parent Relationship": "Outer", "Join Type": "Inner", "Startup Cost": 0.0, "Total Cost": 71437.35, "Plan Rows": 532, "Plan Width": 21, "Actual Min Startup Time": 3027.406, "Actual Max Startup Time": 3027.406, "Actual Min Total Time": 3036.225, "Actual Max Total Time": 3036.225, "Inner Unique": false, "Join Filter": "(ci.role_id = rt.id)", "Rows Removed by Join Filter": 12162, "Plans": [{"Node Type": "Seq Scan", "Parent Relationship": "Outer", "Relation Name": "role_type", "Alias": "rt", "Startup Cost": 0.0, "Total Cost": 1.15, "Plan Rows": 1, "Plan Width": 4, "Actual Min Startup Time": 0.116, "Actual Max Startup Time": 0.116, "Actual Min Total Time": 0.124, "Actual Max Total Time": 0.124, "Filter": "((role)::text = 'actress'::text)", "Rows Removed by Filter": 11, "Actual Rows": 1}, {"Node Type": "Materialize", "Parent Relationship": "Inner", "Startup Cost": 0.0, "Total Cost": 71377.73, "Plan Rows": 5847, "Plan Width": 25, "Actual Min Startup Time": 3027.257, "Actual Max Startup Time": 3027.257, "Actual Min Total Time": 3030.009, "Actual Max Total Time": 3030.009, "Plans": [{"Node Type": "Nested Loop", "Parent Relationship": "Outer", "Join Type": "Inner", "Startup Cost": 0.0, "Total Cost": 71363.11, "Plan Rows": 5847, "Plan Width": 25, "Actual Min Startup Time": 17.425, "Actual Max Startup Time": 17.425, "Actual Min Total Time": 3020.473, "Actual Max Total Time": 3020.473, "Inner Unique": false, "Plans": [{"Node Type": "Nested Loop", "Parent Relationship": "Outer", "Join Type": "Inner", "Startup Cost": 0.0, "Total Cost": 65620.52, "Plan Rows": 5775, "Plan Width": 25, "Actual Min Startup Time": 17.298, "Actual Max Startup Time": 17.298, "Actual Min Total Time": 520.972, "Actual Max Total Time": 520.972, "Inner Unique": true, "Plans": [{"Node Type": "Nested Loop", "Parent Relationship": "Outer", "Join Type": "Inner", "Startup Cost": 0.0, "Total Cost": 42973.42, "Plan Rows": 5775, "Plan Width": 4, "Actual Min Startup Time": 17.284, "Actual Max Startup Time": 17.284, "Actual Min Total Time": 289.357, "Actual Max Total Time": 289.357, "Inner Unique": true, "Plans": [{"Node Type": "Streaming(type: LOCAL GATHER dop: 1/16)", "Parent Relationship": "Outer", "Startup Cost": 0.0, "Total Cost": 19215.08, "Plan Rows": 36426, "Plan Width": 8, "Actual Min Startup Time": 17.224, "Actual Max Startup Time": 17.224, "Actual Min Total Time": 50.777, "Actual Max Total Time": 50.777, "Plans": [{"Node Type": "Seq Scan", "Parent Relationship": "Outer", "Relation Name": "movie_companies", "Alias": "mc", "Startup Cost": 0.0, "Total Cost": 18428.93, "Plan Rows": 36426, "Plan Width": 8, "Actual Min Startup Time": 0.047, "Actual Max Startup Time": 0.38, "Actual Min Total Time": 53.556, "Actual Max Total Time": 61.351, "Filter": "(((note)::text ~~ '%(Japan)%'::text) AND ((note)::text !~~ '%(USA)%'::text))", "Rows Removed by Filter": 2560231, "Actual Rows": 48897}], "Actual Rows": 48897}, {"Node Type": "Index Scan", "Parent Relationship": "Inner", "Scan Direction": "Forward", "Index Name": "company_name_pkey", "Relation Name": "company_name", "Alias": "cn", "Startup Cost": 0.0, "Total Cost": 0.64, "Plan Rows": 1, "Plan Width": 4, "Actual Min Startup Time": 194.947, "Actual Max Startup Time": 194.947, "Actual Min Total Time": 194.947, "Actual Max Total Time": 194.947, "Index Cond": "(id = mc.company_id)", "Rows Removed by Index Recheck": 0, "Filter": "((country_code)::text = '[jp]'::text)", "Rows Removed by Filter": 569, "Actual Rows": 48328}], "Actual Rows": 48328}, {"Node Type": "Index Scan", "Parent Relationship": "Inner", "Scan Direction": "Forward", "Index Name": "title_pkey", "Relation Name": "title", "Alias": "t", "Startup Cost": 0.0, "Total Cost": 3.91, "Plan Rows": 1, "Plan Width": 21, "Actual Min Startup Time": 190.518, "Actual Max Startup Time": 190.518, "Actual Min Total Time": 190.518, "Actual Max Total Time": 190.518, "Index Cond": "(id = mc.movie_id)", "Rows Removed by Index Recheck": 0, "Actual Rows": 48328}], "Actual Rows": 48328}, {"Node Type": "Index Scan", "Parent Relationship": "Inner", "Scan Direction": "Forward", "Index Name": "movie_id_cast_info", "Relation Name": "cast_info", "Alias": "ci", "Startup Cost": 0.0, "Total Cost": 0.98, "Plan Rows": 1, "Plan Width": 12, "Actual Min Startup Time": 2358.199, "Actual Max Startup Time": 2358.199, "Actual Min Total Time": 2468.853, "Actual Max Total Time": 2468.853, "Index Cond": "(movie_id = t.id)", "Rows Removed by Index Recheck": 0, "Filter": "((note)::text = '(voice: English version)'::text)", "Rows Removed by Filter": 1531710, "Actual Rows": 19600}], "Actual Rows": 19600}], "Actual Rows": 19601}], "Actual Rows": 7438}, {"Node Type": "Index Scan", "Parent Relationship": "Inner", "Scan Direction": "Forward", "Index Name": "person_id_aka_name", "Relation Name": "aka_name", "Alias": "an1", "Startup Cost": 0.0, "Total Cost": 0.84, "Plan Rows": 1, "Plan Width": 20, "Actual Min Startup Time": 23.985, "Actual Max Startup Time": 23.985, "Actual Min Total Time": 31.144, "Actual Max Total Time": 31.144, "Index Cond": "(person_id = ci.person_id)", "Rows Removed by Index Recheck": 0, "Actual Rows": 17379}], "Actual Rows": 17379}, {"Node Type": "Index Scan", "Parent Relationship": "Inner", "Scan Direction": "Forward", "Index Name": "name_pkey", "Relation Name": "name", "Alias": "n1", "Startup Cost": 0.0, "Total Cost": 0.57, "Plan Rows": 1, "Plan Width": 4, "Actual Min Startup Time": 57.363, "Actual Max Startup Time": 57.363, "Actual Min Total Time": 57.363, "Actual Max Total Time": 57.363, "Index Cond": "(id = an1.person_id)", "Rows Removed by Index Recheck": 0, "Filter": "(((name)::text ~~ '%Yo%'::text) AND ((name)::text !~~ '%Yu%'::text))", "Rows Removed by Filter": 17317, "Actual Rows": 62}], "Actual Rows": 62}], "Actual Rows": 1}, "Triggers": [], "Planner Runtime": 8, "Total Runtime": 3143.678, "Unique SQL Id": 3544391839}}, "(16, 53)": {"explain_plan": {"Plan": {"Node Type": "Aggregate", "Strategy": "Plain", "Startup Cost": 109007.69, "Total Cost": 109007.7, "Plan Rows": 1, "Plan Width": 97, "Plans": [{"Node Type": "Nested Loop", "Parent Relationship": "Outer", "Join Type": "Inner", "Startup Cost": 2780.8, "Total Cost": 109007.63, "Plan Rows": 12, "Plan Width": 33, "Inner Unique": true, "Plans": [{"Node Type": "Nested Loop", "Parent Relationship": "Outer", "Join Type": "Inner", "Startup Cost": 2780.8, "Total Cost": 108632.09, "Plan Rows": 645, "Plan Width": 41, "Inner Unique": false, "Plans": [{"Node Type": "Nested Loop", "Parent Relationship": "Outer", "Join Type": "Inner", "Startup Cost": 2780.8, "Total Cost": 108177.88, "Plan Rows": 532, "Plan Width": 21, "Inner Unique": false, "Join Filter": "(ci.role_id = rt.id)", "Plans": [{"Node Type": "Index Scan", "Parent Relationship": "Outer", "Scan Direction": "Forward", "Index Name": "role_type_pkey", "Relation Name": "role_type", "Alias": "rt", "Startup Cost": 0.0, "Total Cost": 12.46, "Plan Rows": 1, "Plan Width": 4, "Filter": "((role)::text = 'actress'::text)"}, {"Node Type": "Nested Loop", "Parent Relationship": "Inner", "Join Type": "Inner", "Startup Cost": 2780.8, "Total Cost": 108092.33, "Plan Rows": 5847, "Plan Width": 25, "Inner Unique": false, "Plans": [{"Node Type": "Nested Loop", "Parent Relationship": "Outer", "Join Type": "Inner", "Startup Cost": 2780.8, "Total Cost": 102349.74, "Plan Rows": 5775, "Plan Width": 25, "Inner Unique": true, "Plans": [{"Node Type": "Nested Loop", "Parent Relationship": "Outer", "Join Type": "Inner", "Startup Cost": 2780.8, "Total Cost": 79702.64, "Plan Rows": 5775, "Plan Width": 4, "Inner Unique": false, "Plans": [{"Node Type": "Bitmap Heap Scan", "Parent Relationship": "Outer", "Relation Name": "company_name", "Alias": "cn", "Startup Cost": 2780.8, "Total Cost": 8684.25, "Plan Rows": 6290, "Plan Width": 4, "Filter": "((country_code)::text = '[jp]'::text)", "Plans": [{"Node Type": "Bitmap Index Scan", "Parent Relationship": "Outer", "Index Name": "company_name_pkey", "Startup Cost": 0.0, "Total Cost": 2779.23, "Plan Rows": 234996, "Plan Width": 0}]}, {"Node Type": "Index Scan", "Parent Relationship": "Inner", "Scan Direction": "Forward", "Index Name": "company_id_movie_companies", "Relation Name": "movie_companies", "Alias": "mc", "Startup Cost": 0.0, "Total Cost": 11.28, "Plan Rows": 1, "Plan Width": 8, "Index Cond": "(company_id = cn.id)", "Filter": "(((note)::text ~~ '%(Japan)%'::text) AND ((note)::text !~~ '%(USA)%'::text))"}]}, {"Node Type": "Index Scan", "Parent Relationship": "Inner", "Scan Direction": "Forward", "Index Name": "title_pkey", "Relation Name": "title", "Alias": "t", "Startup Cost": 0.0, "Total Cost": 3.91, "Plan Rows": 1, "Plan Width": 21, "Index Cond": "(id = mc.movie_id)"}]}, {"Node Type": "Index Scan", "Parent Relationship": "Inner", "Scan Direction": "Forward", "Index Name": "movie_id_cast_info", "Relation Name": "cast_info", "Alias": "ci", "Startup Cost": 0.0, "Total Cost": 0.98, "Plan Rows": 1, "Plan Width": 12, "Index Cond": "(movie_id = t.id)", "Filter": "((note)::text = '(voice: English version)'::text)"}]}]}, {"Node Type": "Index Scan", "Parent Relationship": "Inner", "Scan Direction": "Forward", "Index Name": "person_id_aka_name", "Relation Name": "aka_name", "Alias": "an1", "Startup Cost": 0.0, "Total Cost": 0.84, "Plan Rows": 1, "Plan Width": 20, "Index Cond": "(person_id = ci.person_id)"}]}, {"Node Type": "Index Scan", "Parent Relationship": "Inner", "Scan Direction": "Forward", "Index Name": "name_pkey", "Relation Name": "name", "Alias": "n1", "Startup Cost": 0.0, "Total Cost": 0.57, "Plan Rows": 1, "Plan Width": 4, "Index Cond": "(id = an1.person_id)", "Filter": "(((name)::text ~~ '%Yo%'::text) AND ((name)::text !~~ '%Yu%'::text))"}]}]}, "Unique SQL Id": 3544391839, "Planner Runtime": 7}, "explain_analyze_plan": {"Plan": {"Node Type": "Aggregate", "Strategy": "Plain", "Startup Cost": 109007.69, "Total Cost": 109007.7, "Plan Rows": 1, "Plan Width": 97, "Actual Startup Time": 3716.181, "Actual Total Time": 3716.182, "Actual Rows": 1, "Actual Loops": 1, "Plans": [{"Node Type": "Nested Loop", "Parent Relationship": "Outer", "Join Type": "Inner", "Startup Cost": 2780.8, "Total Cost": 109007.63, "Plan Rows": 12, "Plan Width": 33, "Actual Startup Time": 358.228, "Actual Total Time": 3715.857, "Actual Rows": 62, "Actual Loops": 1, "Inner Unique": true, "Plans": [{"Node Type": "Nested Loop", "Parent Relationship": "Outer", "Join Type": "Inner", "Startup Cost": 2780.8, "Total Cost": 108632.09, "Plan Rows": 645, "Plan Width": 41, "Actual Startup Time": 22.767, "Actual Total Time": 3639.479, "Actual Rows": 17379, "Actual Loops": 1, "Inner Unique": false, "Plans": [{"Node Type": "Nested Loop", "Parent Relationship": "Outer", "Join Type": "Inner", "Startup Cost": 2780.8, "Total Cost": 108177.88, "Plan Rows": 532, "Plan Width": 21, "Actual Startup Time": 22.751, "Actual Total Time": 3586.897, "Actual Rows": 7438, "Actual Loops": 1, "Inner Unique": false, "Join Filter": "(ci.role_id = rt.id)", "Rows Removed by Join Filter": 12162, "Plans": [{"Node Type": "Index Scan", "Parent Relationship": "Outer", "Scan Direction": "Forward", "Index Name": "role_type_pkey", "Relation Name": "role_type", "Alias": "rt", "Startup Cost": 0.0, "Total Cost": 12.46, "Plan Rows": 1, "Plan Width": 4, "Actual Startup Time": 0.028, "Actual Total Time": 0.04, "Actual Rows": 1, "Actual Loops": 1, "Filter": "((role)::text = 'actress'::text)", "Rows Removed by Filter": 11}, {"Node Type": "Nested Loop", "Parent Relationship": "Inner", "Join Type": "Inner", "Startup Cost": 2780.8, "Total Cost": 108092.33, "Plan Rows": 5847, "Plan Width": 25, "Actual Startup Time": 22.716, "Actual Total Time": 3581.535, "Actual Rows": 19600, "Actual Loops": 1, "Inner Unique": false, "Plans": [{"Node Type": "Nested Loop", "Parent Relationship": "Outer", "Join Type": "Inner", "Startup Cost": 2780.8, "Total Cost": 102349.74, "Plan Rows": 5775, "Plan Width": 25, "Actual Startup Time": 22.629, "Actual Total Time": 692.33, "Actual Rows": 48328, "Actual Loops": 1, "Inner Unique": true, "Plans": [{"Node Type": "Nested Loop", "Parent Relationship": "Outer", "Join Type": "Inner", "Startup Cost": 2780.8, "Total Cost": 79702.64, "Plan Rows": 5775, "Plan Width": 4, "Actual Startup Time": 22.606, "Actual Total Time": 386.335, "Actual Rows": 48328, "Actual Loops": 1, "Inner Unique": false, "Plans": [{"Node Type": "Bitmap Heap Scan", "Parent Relationship": "Outer", "Relation Name": "company_name", "Alias": "cn", "Startup Cost": 2780.8, "Total Cost": 8684.25, "Plan Rows": 6290, "Plan Width": 4, "Actual Startup Time": 22.562, "Actual Total Time": 154.469, "Actual Rows": 6752, "Actual Loops": 1, "Filter": "((country_code)::text = '[jp]'::text)", "Rows Removed by Filter": 228244, "Exact Heap Blocks": 2966, "Lossy Heap Blocks": 2966, "Plans": [{"Node Type": "Bitmap Index Scan", "Parent Relationship": "Outer", "Index Name": "company_name_pkey", "Startup Cost": 0.0, "Total Cost": 2779.23, "Plan Rows": 234996, "Plan Width": 0, "Actual Startup Time": 22.102, "Actual Total Time": 22.102, "Actual Rows": 234996, "Actual Loops": 1}]}, {"Node Type": "Index Scan", "Parent Relationship": "Inner", "Scan Direction": "Forward", "Index Name": "company_id_movie_companies", "Relation Name": "movie_companies", "Alias": "mc", "Startup Cost": 0.0, "Total Cost": 11.28, "Plan Rows": 1, "Plan Width": 8, "Actual Startup Time": 58.648, "Actual Total Time": 215.91, "Actual Rows": 48328, "Actual Loops": 6752, "Index Cond": "(company_id = cn.id)", "Rows Removed by Index Recheck": 0, "Filter": "(((note)::text ~~ '%(Japan)%'::text) AND ((note)::text !~~ '%(USA)%'::text))", "Rows Removed by Filter": 56667}]}, {"Node Type": "Index Scan", "Parent Relationship": "Inner", "Scan Direction": "Forward", "Index Name": "title_pkey", "Relation Name": "title", "Alias": "t", "Startup Cost": 0.0, "Total Cost": 3.91, "Plan Rows": 1, "Plan Width": 21, "Actual Startup Time": 263.066, "Actual Total Time": 263.066, "Actual Rows": 48328, "Actual Loops": 48328, "Index Cond": "(id = mc.movie_id)", "Rows Removed by Index Recheck": 0}]}, {"Node Type": "Index Scan", "Parent Relationship": "Inner", "Scan Direction": "Forward", "Index Name": "movie_id_cast_info", "Relation Name": "cast_info", "Alias": "ci", "Startup Cost": 0.0, "Total Cost": 0.98, "Plan Rows": 1, "Plan Width": 12, "Actual Startup Time": 2731.603, "Actual Total Time": 2857.929, "Actual Rows": 19600, "Actual Loops": 48328, "Index Cond": "(movie_id = t.id)", "Rows Removed by Index Recheck": 0, "Filter": "((note)::text = '(voice: English version)'::text)", "Rows Removed by Filter": 1531710}]}]}, {"Node Type": "Index Scan", "Parent Relationship": "Inner", "Scan Direction": "Forward", "Index Name": "person_id_aka_name", "Relation Name": "aka_name", "Alias": "an1", "Startup Cost": 0.0, "Total Cost": 0.84, "Plan Rows": 1, "Plan Width": 20, "Actual Startup Time": 35.029, "Actual Total Time": 43.394, "Actual Rows": 17379, "Actual Loops": 7438, "Index Cond": "(person_id = ci.person_id)", "Rows Removed by Index Recheck": 0}]}, {"Node Type": "Index Scan", "Parent Relationship": "Inner", "Scan Direction": "Forward", "Index Name": "name_pkey", "Relation Name": "name", "Alias": "n1", "Startup Cost": 0.0, "Total Cost": 0.57, "Plan Rows": 1, "Plan Width": 4, "Actual Startup Time": 67.222, "Actual Total Time": 67.222, "Actual Rows": 62, "Actual Loops": 17379, "Index Cond": "(id = an1.person_id)", "Rows Removed by Index Recheck": 0, "Filter": "(((name)::text ~~ '%Yo%'::text) AND ((name)::text !~~ '%Yu%'::text))", "Rows Removed by Filter": 17317}]}]}, "Triggers": [], "Planner Runtime": 7, "Total Runtime": 3716.783, "Unique SQL Id": 3544391839}}, "(16, 54)": {"explain_plan": {"Plan": {"Node Type": "Aggregate", "Strategy": "Plain", "Startup Cost": 115961.85, "Total Cost": 115961.86, "Plan Rows": 1, "Plan Width": 97, "Plans": [{"Node Type": "Nested Loop", "Parent Relationship": "Outer", "Join Type": "Inner", "Startup Cost": 2.89, "Total Cost": 115961.79, "Plan Rows": 12, "Plan Width": 33, "Inner Unique": true, "Plans": [{"Node Type": "Nested Loop", "Parent Relationship": "Outer", "Join Type": "Inner", "Startup Cost": 2.25, "Total Cost": 115905.83, "Plan Rows": 12, "Plan Width": 24, "Inner Unique": false, "Join Filter": "(n1.id = an1.person_id)", "Plans": [{"Node Type": "Nested Loop", "Parent Relationship": "Outer", "Join Type": "Inner", "Startup Cost": 1.87, "Total Cost": 115562.18, "Plan Rows": 78, "Plan Width": 16, "Inner Unique": true, "Plans": [{"Node Type": "Nested Loop", "Parent Relationship": "Outer", "Join Type": "Inner", "Startup Cost": 1.56, "Total Cost": 110997.42, "Plan Rows": 1055, "Plan Width": 20, "Inner Unique": false, "Plans": [{"Node Type": "Nested Loop", "Parent Relationship": "Outer", "Join Type": "Inner", "Startup Cost": 0.9, "Total Cost": 104912.21, "Plan Rows": 1293, "Plan Width": 12, "Inner Unique": true, "Plans": [{"Node Type": "Nested Loop", "Parent Relationship": "Outer", "Join Type": "Inner", "Startup Cost": 0.0, "Total Cost": 61579.53, "Plan Rows": 8790, "Plan Width": 8, "Inner Unique": false, "Join Filter": "(ci.role_id = rt.id)", "Plans": [{"Node Type": "Seq Scan", "Parent Relationship": "Outer", "Relation Name": "role_type", "Alias": "rt", "Startup Cost": 0.0, "Total Cost": 1.15, "Plan Rows": 1, "Plan Width": 4, "Filter": "((role)::text = 'actress'::text)"}, {"Node Type": "Materialize", "Parent Relationship": "Inner", "Startup Cost": 0.0, "Total Cost": 60611.46, "Plan Rows": 96692, "Plan Width": 12, "Plans": [{"Node Type": "Streaming(type: LOCAL GATHER dop: 1/16)", "Parent Relationship": "Outer", "Startup Cost": 0.0, "Total Cost": 60369.73, "Plan Rows": 96692, "Plan Width": 12, "Plans": [{"Node Type": "Seq Scan", "Parent Relationship": "Outer", "Relation Name": "cast_info", "Alias": "ci", "Startup Cost": 0.0, "Total Cost": 58282.92, "Plan Rows": 96692, "Plan Width": 12, "Filter": "((note)::text = '(voice: English version)'::text)"}]}]}]}, {"Node Type": "Bitmap Heap Scan", "Parent Relationship": "Inner", "Relation Name": "name", "Alias": "n1", "Startup Cost": 0.9, "Total Cost": 4.92, "Plan Rows": 1, "Plan Width": 4, "Recheck Cond": "(id = ci.person_id)", "Filter": "(((name)::text ~~ '%Yo%'::text) AND ((name)::text !~~ '%Yu%'::text))", "Plans": [{"Node Type": "Bitmap Index Scan", "Parent Relationship": "Outer", "Index Name": "name_pkey", "Startup Cost": 0.0, "Total Cost": 0.9, "Plan Rows": 1, "Plan Width": 0, "Index Cond": "(id = ci.person_id)"}]}]}, {"Node Type": "Bitmap Heap Scan", "Parent Relationship": "Inner", "Relation Name": "movie_companies", "Alias": "mc", "Startup Cost": 0.66, "Total Cost": 4.7, "Plan Rows": 1, "Plan Width": 8, "Recheck Cond": "(movie_id = ci.movie_id)", "Filter": "(((note)::text ~~ '%(Japan)%'::text) AND ((note)::text !~~ '%(USA)%'::text))", "Plans": [{"Node Type": "Bitmap Index Scan", "Parent Relationship": "Outer", "Index Name": "movie_id_movie_companies", "Startup Cost": 0.0, "Total Cost": 0.66, "Plan Rows": 2, "Plan Width": 0, "Index Cond": "(movie_id = ci.movie_id)"}]}]}, {"Node Type": "Bitmap Heap Scan", "Parent Relationship": "Inner", "Relation Name": "company_name", "Alias": "cn", "Startup Cost": 0.3, "Total Cost": 4.32, "Plan Rows": 1, "Plan Width": 4, "Recheck Cond": "(id = mc.company_id)", "Filter": "((country_code)::text = '[jp]'::text)", "Plans": [{"Node Type": "Bitmap Index Scan", "Parent Relationship": "Outer", "Index Name": "company_name_pkey", "Startup Cost": 0.0, "Total Cost": 0.3, "Plan Rows": 1, "Plan Width": 0, "Index Cond": "(id = mc.company_id)"}]}]}, {"Node Type": "Bitmap Heap Scan", "Parent Relationship": "Inner", "Relation Name": "aka_name", "Alias": "an1", "Startup Cost": 0.38, "Total Cost": 4.39, "Plan Rows": 1, "Plan Width": 20, "Recheck Cond": "(person_id = ci.person_id)", "Plans": [{"Node Type": "Bitmap Index Scan", "Parent Relationship": "Outer", "Index Name": "person_id_aka_name", "Startup Cost": 0.0, "Total Cost": 0.38, "Plan Rows": 1, "Plan Width": 0, "Index Cond": "(person_id = ci.person_id)"}]}]}, {"Node Type": "Bitmap Heap Scan", "Parent Relationship": "Inner", "Relation Name": "title", "Alias": "t", "Startup Cost": 0.64, "Total Cost": 4.65, "Plan Rows": 1, "Plan Width": 21, "Recheck Cond": "(id = ci.movie_id)", "Plans": [{"Node Type": "Bitmap Index Scan", "Parent Relationship": "Outer", "Index Name": "title_pkey", "Startup Cost": 0.0, "Total Cost": 0.64, "Plan Rows": 1, "Plan Width": 0, "Index Cond": "(id = ci.movie_id)"}]}]}]}, "Unique SQL Id": 3544391839, "Planner Runtime": 19}, "explain_analyze_plan": {"Plan": {"Node Type": "Aggregate", "Strategy": "Plain", "Startup Cost": 115961.85, "Total Cost": 115961.86, "Plan Rows": 1, "Plan Width": 97, "Actual Min Startup Time": 922.637, "Actual Max Startup Time": 922.637, "Actual Min Total Time": 922.638, "Actual Max Total Time": 922.638, "Plans": [{"Node Type": "Nested Loop", "Parent Relationship": "Outer", "Join Type": "Inner", "Startup Cost": 2.89, "Total Cost": 115961.79, "Plan Rows": 12, "Plan Width": 33, "Actual Min Startup Time": 840.108, "Actual Max Startup Time": 840.108, "Actual Min Total Time": 922.533, "Actual Max Total Time": 922.533, "Inner Unique": true, "Plans": [{"Node Type": "Nested Loop", "Parent Relationship": "Outer", "Join Type": "Inner", "Startup Cost": 2.25, "Total Cost": 115905.83, "Plan Rows": 12, "Plan Width": 24, "Actual Min Startup Time": 840.072, "Actual Max Startup Time": 840.072, "Actual Min Total Time": 922.091, "Actual Max Total Time": 922.091, "Inner Unique": false, "Join Filter": "(n1.id = an1.person_id)", "Rows Removed by Join Filter": 0, "Plans": [{"Node Type": "Nested Loop", "Parent Relationship": "Outer", "Join Type": "Inner", "Startup Cost": 1.87, "Total Cost": 115562.18, "Plan Rows": 78, "Plan Width": 16, "Actual Min Startup Time": 840.037, "Actual Max Startup Time": 840.037, "Actual Min Total Time": 921.78, "Actual Max Total Time": 921.78, "Inner Unique": true, "Plans": [{"Node Type": "Nested Loop", "Parent Relationship": "Outer", "Join Type": "Inner", "Startup Cost": 1.56, "Total Cost": 110997.42, "Plan Rows": 1055, "Plan Width": 20, "Actual Min Startup Time": 840.012, "Actual Max Startup Time": 840.012, "Actual Min Total Time": 921.441, "Actual Max Total Time": 921.441, "Inner Unique": false, "Plans": [{"Node Type": "Nested Loop", "Parent Relationship": "Outer", "Join Type": "Inner", "Startup Cost": 0.9, "Total Cost": 104912.21, "Plan Rows": 1293, "Plan Width": 12, "Actual Min Startup Time": 824.424, "Actual Max Startup Time": 824.424, "Actual Min Total Time": 918.946, "Actual Max Total Time": 918.946, "Inner Unique": true, "Plans": [{"Node Type": "Nested Loop", "Parent Relationship": "Outer", "Join Type": "Inner", "Startup Cost": 0.0, "Total Cost": 61579.53, "Plan Rows": 8790, "Plan Width": 8, "Actual Min Startup Time": 714.072, "Actual Max Startup Time": 714.072, "Actual Min Total Time": 735.2, "Actual Max Total Time": 735.2, "Inner Unique": false, "Join Filter": "(ci.role_id = rt.id)", "Rows Removed by Join Filter": 58247, "Plans": [{"Node Type": "Seq Scan", "Parent Relationship": "Outer", "Relation Name": "role_type", "Alias": "rt", "Startup Cost": 0.0, "Total Cost": 1.15, "Plan Rows": 1, "Plan Width": 4, "Actual Min Startup Time": 0.055, "Actual Max Startup Time": 0.055, "Actual Min Total Time": 0.062, "Actual Max Total Time": 0.062, "Filter": "((role)::text = 'actress'::text)", "Rows Removed by Filter": 11, "Actual Rows": 1}, {"Node Type": "Materialize", "Parent Relationship": "Inner", "Startup Cost": 0.0, "Total Cost": 60611.46, "Plan Rows": 96692, "Plan Width": 12, "Actual Min Startup Time": 696.204, "Actual Max Startup Time": 696.204, "Actual Min Total Time": 708.863, "Actual Max Total Time": 708.863, "Plans": [{"Node Type": "Streaming(type: LOCAL GATHER dop: 1/16)", "Parent Relationship": "Outer", "Startup Cost": 0.0, "Total Cost": 60369.73, "Plan Rows": 96692, "Plan Width": 12, "Actual Min Startup Time": 41.898, "Actual Max Startup Time": 41.898, "Actual Min Total Time": 681.288, "Actual Max Total Time": 681.288, "Plans": [{"Node Type": "Seq Scan", "Parent Relationship": "Outer", "Relation Name": "cast_info", "Alias": "ci", "Startup Cost": 0.0, "Total Cost": 58282.92, "Plan Rows": 96692, "Plan Width": 12, "Actual Min Startup Time": 0.115, "Actual Max Startup Time": 2.937, "Actual Min Total Time": 612.24, "Actual Max Total Time": 647.777, "Filter": "((note)::text = '(voice: English version)'::text)", "Rows Removed by Filter": 36151248, "Actual Rows": 93095}], "Actual Rows": 93095}], "Actual Rows": 93096}], "Actual Rows": 34848}, {"Node Type": "Bitmap Heap Scan", "Parent Relationship": "Inner", "Relation Name": "name", "Alias": "n1", "Startup Cost": 0.9, "Total Cost": 4.92, "Plan Rows": 1, "Plan Width": 4, "Actual Min Startup Time": 145.19, "Actual Max Startup Time": 145.19, "Actual Min Total Time": 145.19, "Actual Max Total Time": 145.19, "Recheck Cond": "(id = ci.person_id)", "Rows Removed by Index Recheck": 0, "Filter": "(((name)::text ~~ '%Yo%'::text) AND ((name)::text !~~ '%Yu%'::text))", "Rows Removed by Filter": 34454, "Exact Heap Blocks": 34848, "Lossy Heap Blocks": 34848, "Plans": [{"Node Type": "Bitmap Index Scan", "Parent Relationship": "Outer", "Index Name": "name_pkey", "Startup Cost": 0.0, "Total Cost": 0.9, "Plan Rows": 1, "Plan Width": 0, "Actual Min Startup Time": 83.406, "Actual Max Startup Time": 83.406, "Actual Min Total Time": 83.406, "Actual Max Total Time": 83.406, "Index Cond": "(id = ci.person_id)", "Actual Rows": 34848}], "Actual Rows": 394}], "Actual Rows": 394}, {"Node Type": "Bitmap Heap Scan", "Parent Relationship": "Inner", "Relation Name": "movie_companies", "Alias": "mc", "Startup Cost": 0.66, "Total Cost": 4.7, "Plan Rows": 1, "Plan Width": 8, "Actual Min Startup Time": 1.922, "Actual Max Startup Time": 1.922, "Actual Min Total Time": 2.025, "Actual Max Total Time": 2.025, "Recheck Cond": "(movie_id = ci.movie_id)", "Rows Removed by Index Recheck": 0, "Filter": "(((note)::text ~~ '%(Japan)%'::text) AND ((note)::text !~~ '%(USA)%'::text))", "Rows Removed by Filter": 511, "Exact Heap Blocks": 237, "Lossy Heap Blocks": 237, "Plans": [{"Node Type": "Bitmap Index Scan", "Parent Relationship": "Outer", "Index Name": "movie_id_movie_companies", "Startup Cost": 0.0, "Total Cost": 0.66, "Plan Rows": 2, "Plan Width": 0, "Actual Min Startup Time": 1.187, "Actual Max Startup Time": 1.187, "Actual Min Total Time": 1.187, "Actual Max Total Time": 1.187, "Index Cond": "(movie_id = ci.movie_id)", "Actual Rows": 550}], "Actual Rows": 39}], "Actual Rows": 39}, {"Node Type": "Bitmap Heap Scan", "Parent Relationship": "Inner", "Relation Name": "company_name", "Alias": "cn", "Startup Cost": 0.3, "Total Cost": 4.32, "Plan Rows": 1, "Plan Width": 4, "Actual Min Startup Time": 0.264, "Actual Max Startup Time": 0.264, "Actual Min Total Time": 0.264, "Actual Max Total Time": 0.264, "Recheck Cond": "(id = mc.company_id)", "Rows Removed by Index Recheck": 0, "Filter": "((country_code)::text = '[jp]'::text)", "Rows Removed by Filter": 1, "Exact Heap Blocks": 39, "Lossy Heap Blocks": 39, "Plans": [{"Node Type": "Bitmap Index Scan", "Parent Relationship": "Outer", "Index Name": "company_name_pkey", "Startup Cost": 0.0, "Total Cost": 0.3, "Plan Rows": 1, "Plan Width": 0, "Actual Min Startup Time": 0.146, "Actual Max Startup Time": 0.146, "Actual Min Total Time": 0.146, "Actual Max Total Time": 0.146, "Index Cond": "(id = mc.company_id)", "Actual Rows": 39}], "Actual Rows": 38}], "Actual Rows": 38}, {"Node Type": "Bitmap Heap Scan", "Parent Relationship": "Inner", "Relation Name": "aka_name", "Alias": "an1", "Startup Cost": 0.38, "Total Cost": 4.39, "Plan Rows": 1, "Plan Width": 20, "Actual Min Startup Time": 0.193, "Actual Max Startup Time": 0.193, "Actual Min Total Time": 0.206, "Actual Max Total Time": 0.206, "Recheck Cond": "(person_id = ci.person_id)", "Rows Removed by Index Recheck": 0, "Exact Heap Blocks": 43, "Lossy Heap Blocks": 43, "Plans": [{"Node Type": "Bitmap Index Scan", "Parent Relationship": "Outer", "Index Name": "person_id_aka_name", "Startup Cost": 0.0, "Total Cost": 0.38, "Plan Rows": 1, "Plan Width": 0, "Actual Min Startup Time": 0.127, "Actual Max Startup Time": 0.127, "Actual Min Total Time": 0.127, "Actual Max Total Time": 0.127, "Index Cond": "(person_id = ci.person_id)", "Actual Rows": 62}], "Actual Rows": 62}], "Actual Rows": 62}, {"Node Type": "Bitmap Heap Scan", "Parent Relationship": "Inner", "Relation Name": "title", "Alias": "t", "Startup Cost": 0.64, "Total Cost": 4.65, "Plan Rows": 1, "Plan Width": 21, "Actual Min Startup Time": 0.339, "Actual Max Startup Time": 0.339, "Actual Min Total Time": 0.339, "Actual Max Total Time": 0.339, "Recheck Cond": "(id = ci.movie_id)", "Rows Removed by Index Recheck": 0, "Exact Heap Blocks": 62, "Lossy Heap Blocks": 62, "Plans": [{"Node Type": "Bitmap Index Scan", "Parent Relationship": "Outer", "Index Name": "title_pkey", "Startup Cost": 0.0, "Total Cost": 0.64, "Plan Rows": 1, "Plan Width": 0, "Actual Min Startup Time": 0.203, "Actual Max Startup Time": 0.203, "Actual Min Total Time": 0.203, "Actual Max Total Time": 0.203, "Index Cond": "(id = ci.movie_id)", "Actual Rows": 62}], "Actual Rows": 62}], "Actual Rows": 62}], "Actual Rows": 1}, "Triggers": [], "Planner Runtime": 19, "Total Runtime": 926.254, "Unique SQL Id": 3544391839}}, "(16, 55)": {"explain_plan": {"Plan": {"Node Type": "Aggregate", "Strategy": "Plain", "Startup Cost": 166618.15, "Total Cost": 166618.16, "Plan Rows": 1, "Plan Width": 97, "Plans": [{"Node Type": "Nested Loop", "Parent Relationship": "Outer", "Join Type": "Inner", "Startup Cost": 2795.56, "Total Cost": 166618.09, "Plan Rows": 12, "Plan Width": 33, "Inner Unique": false, "Join Filter": "(n1.id = an1.person_id)", "Plans": [{"Node Type": "Nested Loop", "Parent Relationship": "Outer", "Join Type": "Inner", "Startup Cost": 2795.18, "Total Cost": 166274.44, "Plan Rows": 78, "Plan Width": 25, "Inner Unique": true, "Plans": [{"Node Type": "Nested Loop", "Parent Relationship": "Outer", "Join Type": "Inner", "Startup Cost": 2794.28, "Total Cost": 163651.8, "Plan Rows": 532, "Plan Width": 21, "Inner Unique": false, "Join Filter": "(ci.role_id = rt.id)", "Plans": [{"Node Type": "Bitmap Heap Scan", "Parent Relationship": "Outer", "Relation Name": "role_type", "Alias": "rt", "Startup Cost": 8.31, "Total Cost": 12.46, "Plan Rows": 1, "Plan Width": 4, "Filter": "((role)::text = 'actress'::text)", "Plans": [{"Node Type": "Bitmap Index Scan", "Parent Relationship": "Outer", "Index Name": "role_type_pkey", "Startup Cost": 0.0, "Total Cost": 8.31, "Plan Rows": 12, "Plan Width": 0}]}, {"Node Type": "Nested Loop", "Parent Relationship": "Inner", "Join Type": "Inner", "Startup Cost": 2785.97, "Total Cost": 163566.25, "Plan Rows": 5847, "Plan Width": 25, "Inner Unique": false, "Plans": [{"Node Type": "Nested Loop", "Parent Relationship": "Outer", "Join Type": "Inner", "Startup Cost": 2785.45, "Total Cost": 136908.44, "Plan Rows": 5775, "Plan Width": 25, "Inner Unique": true, "Plans": [{"Node Type": "Nested Loop", "Parent Relationship": "Outer", "Join Type": "Inner", "Startup Cost": 2784.18, "Total Cost": 106322.09, "Plan Rows": 5775, "Plan Width": 4, "Inner Unique": false, "Plans": [{"Node Type": "Bitmap Heap Scan", "Parent Relationship": "Outer", "Relation Name": "company_name", "Alias": "cn", "Startup Cost": 2780.8, "Total Cost": 8684.25, "Plan Rows": 6290, "Plan Width": 4, "Filter": "((country_code)::text = '[jp]'::text)", "Plans": [{"Node Type": "Bitmap Index Scan", "Parent Relationship": "Outer", "Index Name": "company_name_pkey", "Startup Cost": 0.0, "Total Cost": 2779.23, "Plan Rows": 234996, "Plan Width": 0}]}, {"Node Type": "Bitmap Heap Scan", "Parent Relationship": "Inner", "Relation Name": "movie_companies", "Alias": "mc", "Startup Cost": 3.37, "Total Cost": 15.51, "Plan Rows": 1, "Plan Width": 8, "Recheck Cond": "(company_id = cn.id)", "Filter": "(((note)::text ~~ '%(Japan)%'::text) AND ((note)::text !~~ '%(USA)%'::text))", "Plans": [{"Node Type": "Bitmap Index Scan", "Parent Relationship": "Outer", "Index Name": "company_id_movie_companies", "Startup Cost": 0.0, "Total Cost": 3.37, "Plan Rows": 15, "Plan Width": 0, "Index Cond": "(company_id = cn.id)"}]}]}, {"Node Type": "Bitmap Heap Scan", "Parent Relationship": "Inner", "Relation Name": "title", "Alias": "t", "Startup Cost": 1.27, "Total Cost": 5.29, "Plan Rows": 1, "Plan Width": 21, "Recheck Cond": "(id = mc.movie_id)", "Plans": [{"Node Type": "Bitmap Index Scan", "Parent Relationship": "Outer", "Index Name": "title_pkey", "Startup Cost": 0.0, "Total Cost": 1.27, "Plan Rows": 1, "Plan Width": 0, "Index Cond": "(id = mc.movie_id)"}]}]}, {"Node Type": "Bitmap Heap Scan", "Parent Relationship": "Inner", "Relation Name": "cast_info", "Alias": "ci", "Startup Cost": 0.52, "Total Cost": 4.61, "Plan Rows": 1, "Plan Width": 12, "Recheck Cond": "(movie_id = t.id)", "Filter": "((note)::text = '(voice: English version)'::text)", "Plans": [{"Node Type": "Bitmap Index Scan", "Parent Relationship": "Outer", "Index Name": "movie_id_cast_info", "Startup Cost": 0.0, "Total Cost": 0.52, "Plan Rows": 6, "Plan Width": 0, "Index Cond": "(movie_id = t.id)"}]}]}]}, {"Node Type": "Bitmap Heap Scan", "Parent Relationship": "Inner", "Relation Name": "name", "Alias": "n1", "Startup Cost": 0.9, "Total Cost": 4.92, "Plan Rows": 1, "Plan Width": 4, "Recheck Cond": "(id = ci.person_id)", "Filter": "(((name)::text ~~ '%Yo%'::text) AND ((name)::text !~~ '%Yu%'::text))", "Plans": [{"Node Type": "Bitmap Index Scan", "Parent Relationship": "Outer", "Index Name": "name_pkey", "Startup Cost": 0.0, "Total Cost": 0.9, "Plan Rows": 1, "Plan Width": 0, "Index Cond": "(id = ci.person_id)"}]}]}, {"Node Type": "Bitmap Heap Scan", "Parent Relationship": "Inner", "Relation Name": "aka_name", "Alias": "an1", "Startup Cost": 0.38, "Total Cost": 4.39, "Plan Rows": 1, "Plan Width": 20, "Recheck Cond": "(person_id = ci.person_id)", "Plans": [{"Node Type": "Bitmap Index Scan", "Parent Relationship": "Outer", "Index Name": "person_id_aka_name", "Startup Cost": 0.0, "Total Cost": 0.38, "Plan Rows": 1, "Plan Width": 0, "Index Cond": "(person_id = ci.person_id)"}]}]}]}, "Unique SQL Id": 3544391839, "Planner Runtime": 8}, "explain_analyze_plan": {"Plan": {"Node Type": "Aggregate", "Strategy": "Plain", "Startup Cost": 166618.15, "Total Cost": 166618.16, "Plan Rows": 1, "Plan Width": 97, "Actual Startup Time": 4291.828, "Actual Total Time": 4291.829, "Actual Rows": 1, "Actual Loops": 1, "Plans": [{"Node Type": "Nested Loop", "Parent Relationship": "Outer", "Join Type": "Inner", "Startup Cost": 2795.56, "Total Cost": 166618.09, "Plan Rows": 12, "Plan Width": 33, "Actual Startup Time": 314.534, "Actual Total Time": 4291.369, "Actual Rows": 62, "Actual Loops": 1, "Inner Unique": false, "Join Filter": "(n1.id = an1.person_id)", "Rows Removed by Join Filter": 0, "Plans": [{"Node Type": "Nested Loop", "Parent Relationship": "Outer", "Join Type": "Inner", "Startup Cost": 2795.18, "Total Cost": 166274.44, "Plan Rows": 78, "Plan Width": 25, "Actual Startup Time": 314.496, "Actual Total Time": 4290.42, "Actual Rows": 38, "Actual Loops": 1, "Inner Unique": true, "Plans": [{"Node Type": "Nested Loop", "Parent Relationship": "Outer", "Join Type": "Inner", "Startup Cost": 2794.28, "Total Cost": 163651.8, "Plan Rows": 532, "Plan Width": 21, "Actual Startup Time": 21.567, "Actual Total Time": 4232.137, "Actual Rows": 7438, "Actual Loops": 1, "Inner Unique": false, "Join Filter": "(ci.role_id = rt.id)", "Rows Removed by Join Filter": 12162, "Plans": [{"Node Type": "Bitmap Heap Scan", "Parent Relationship": "Outer", "Relation Name": "role_type", "Alias": "rt", "Startup Cost": 8.31, "Total Cost": 12.46, "Plan Rows": 1, "Plan Width": 4, "Actual Startup Time": 0.061, "Actual Total Time": 0.126, "Actual Rows": 1, "Actual Loops": 1, "Filter": "((role)::text = 'actress'::text)", "Rows Removed by Filter": 11, "Exact Heap Blocks": 1, "Lossy Heap Blocks": 1, "Plans": [{"Node Type": "Bitmap Index Scan", "Parent Relationship": "Outer", "Index Name": "role_type_pkey", "Startup Cost": 0.0, "Total Cost": 8.31, "Plan Rows": 12, "Plan Width": 0, "Actual Startup Time": 0.02, "Actual Total Time": 0.02, "Actual Rows": 12, "Actual Loops": 1}]}, {"Node Type": "Nested Loop", "Parent Relationship": "Inner", "Join Type": "Inner", "Startup Cost": 2785.97, "Total Cost": 163566.25, "Plan Rows": 5847, "Plan Width": 25, "Actual Startup Time": 21.496, "Actual Total Time": 4226.376, "Actual Rows": 19600, "Actual Loops": 1, "Inner Unique": false, "Plans": [{"Node Type": "Nested Loop", "Parent Relationship": "Outer", "Join Type": "Inner", "Startup Cost": 2785.45, "Total Cost": 136908.44, "Plan Rows": 5775, "Plan Width": 25, "Actual Startup Time": 21.338, "Actual Total Time": 811.178, "Actual Rows": 48328, "Actual Loops": 1, "Inner Unique": true, "Plans": [{"Node Type": "Nested Loop", "Parent Relationship": "Outer", "Join Type": "Inner", "Startup Cost": 2784.18, "Total Cost": 106322.09, "Plan Rows": 5775, "Plan Width": 4, "Actual Startup Time": 21.312, "Actual Total Time": 428.082, "Actual Rows": 48328, "Actual Loops": 1, "Inner Unique": false, "Plans": [{"Node Type": "Bitmap Heap Scan", "Parent Relationship": "Outer", "Relation Name": "company_name", "Alias": "cn", "Startup Cost": 2780.8, "Total Cost": 8684.25, "Plan Rows": 6290, "Plan Width": 4, "Actual Startup Time": 21.219, "Actual Total Time": 153.834, "Actual Rows": 6752, "Actual Loops": 1, "Filter": "((country_code)::text = '[jp]'::text)", "Rows Removed by Filter": 228244, "Exact Heap Blocks": 2966, "Lossy Heap Blocks": 2966, "Plans": [{"Node Type": "Bitmap Index Scan", "Parent Relationship": "Outer", "Index Name": "company_name_pkey", "Startup Cost": 0.0, "Total Cost": 2779.23, "Plan Rows": 234996, "Plan Width": 0, "Actual Startup Time": 20.65, "Actual Total Time": 20.65, "Actual Rows": 234996, "Actual Loops": 1}]}, {"Node Type": "Bitmap Heap Scan", "Parent Relationship": "Inner", "Relation Name": "movie_companies", "Alias": "mc", "Startup Cost": 3.37, "Total Cost": 15.51, "Plan Rows": 1, "Plan Width": 8, "Actual Startup Time": 89.122, "Actual Total Time": 250.969, "Actual Rows": 48328, "Actual Loops": 6752, "Recheck Cond": "(company_id = cn.id)", "Rows Removed by Index Recheck": 0, "Filter": "(((note)::text ~~ '%(Japan)%'::text) AND ((note)::text !~~ '%(USA)%'::text))", "Rows Removed by Filter": 56667, "Exact Heap Blocks": 61861, "Lossy Heap Blocks": 61861, "Plans": [{"Node Type": "Bitmap Index Scan", "Parent Relationship": "Outer", "Index Name": "company_id_movie_companies", "Startup Cost": 0.0, "Total Cost": 3.37, "Plan Rows": 15, "Plan Width": 0, "Actual Startup Time": 44.846, "Actual Total Time": 44.846, "Actual Rows": 104995, "Actual Loops": 6752, "Index Cond": "(company_id = cn.id)"}]}]}, {"Node Type": "Bitmap Heap Scan", "Parent Relationship": "Inner", "Relation Name": "title", "Alias": "t", "Startup Cost": 1.27, "Total Cost": 5.29, "Plan Rows": 1, "Plan Width": 21, "Actual Startup Time": 306.293, "Actual Total Time": 306.293, "Actual Rows": 48328, "Actual Loops": 48328, "Recheck Cond": "(id = mc.movie_id)", "Rows Removed by Index Recheck": 0, "Exact Heap Blocks": 48328, "Lossy Heap Blocks": 48328, "Plans": [{"Node Type": "Bitmap Index Scan", "Parent Relationship": "Outer", "Index Name": "title_pkey", "Startup Cost": 0.0, "Total Cost": 1.27, "Plan Rows": 1, "Plan Width": 0, "Actual Startup Time": 183.115, "Actual Total Time": 183.115, "Actual Rows": 48328, "Actual Loops": 48328, "Index Cond": "(id = mc.movie_id)"}]}]}, {"Node Type": "Bitmap Heap Scan", "Parent Relationship": "Inner", "Relation Name": "cast_info", "Alias": "ci", "Startup Cost": 0.52, "Total Cost": 4.61, "Plan Rows": 1, "Plan Width": 12, "Actual Startup Time": 3206.589, "Actual Total Time": 3341.796, "Actual Rows": 19600, "Actual Loops": 48328, "Recheck Cond": "(movie_id = t.id)", "Rows Removed by Index Recheck": 0, "Filter": "((note)::text = '(voice: English version)'::text)", "Rows Removed by Filter": 1531710, "Exact Heap Blocks": 1503105, "Lossy Heap Blocks": 1503105, "Plans": [{"Node Type": "Bitmap Index Scan", "Parent Relationship": "Outer", "Index Name": "movie_id_cast_info", "Startup Cost": 0.0, "Total Cost": 0.52, "Plan Rows": 6, "Plan Width": 0, "Actual Startup Time": 510.321, "Actual Total Time": 510.321, "Actual Rows": 1551310, "Actual Loops": 48328, "Index Cond": "(movie_id = t.id)"}]}]}]}, {"Node Type": "Bitmap Heap Scan", "Parent Relationship": "Inner", "Relation Name": "name", "Alias": "n1", "Startup Cost": 0.9, "Total Cost": 4.92, "Plan Rows": 1, "Plan Width": 4, "Actual Startup Time": 48.401, "Actual Total Time": 48.401, "Actual Rows": 38, "Actual Loops": 7438, "Recheck Cond": "(id = ci.person_id)", "Rows Removed by Index Recheck": 0, "Filter": "(((name)::text ~~ '%Yo%'::text) AND ((name)::text !~~ '%Yu%'::text))", "Rows Removed by Filter": 7400, "Exact Heap Blocks": 7438, "Lossy Heap Blocks": 7438, "Plans": [{"Node Type": "Bitmap Index Scan", "Parent Relationship": "Outer", "Index Name": "name_pkey", "Startup Cost": 0.0, "Total Cost": 0.9, "Plan Rows": 1, "Plan Width": 0, "Actual Startup Time": 29.416, "Actual Total Time": 29.416, "Actual Rows": 7438, "Actual Loops": 7438, "Index Cond": "(id = ci.person_id)"}]}]}, {"Node Type": "Bitmap Heap Scan", "Parent Relationship": "Inner", "Relation Name": "aka_name", "Alias": "an1", "Startup Cost": 0.38, "Total Cost": 4.39, "Plan Rows": 1, "Plan Width": 20, "Actual Startup Time": 0.501, "Actual Total Time": 0.522, "Actual Rows": 62, "Actual Loops": 38, "Recheck Cond": "(person_id = ci.person_id)", "Rows Removed by Index Recheck": 0, "Exact Heap Blocks": 43, "Lossy Heap Blocks": 43, "Plans": [{"Node Type": "Bitmap Index Scan", "Parent Relationship": "Outer", "Index Name": "person_id_aka_name", "Startup Cost": 0.0, "Total Cost": 0.38, "Plan Rows": 1, "Plan Width": 0, "Actual Startup Time": 0.324, "Actual Total Time": 0.324, "Actual Rows": 62, "Actual Loops": 38, "Index Cond": "(person_id = ci.person_id)"}]}]}]}, "Triggers": [], "Planner Runtime": 8, "Total Runtime": 4292.638, "Unique SQL Id": 3544391839}}, "(16, 56)": {"explain_plan": {"Plan": {"Node Type": "Aggregate", "Strategy": "Plain", "Startup Cost": 72267.16, "Total Cost": 72267.17, "Plan Rows": 1, "Plan Width": 97, "Plans": [{"Node Type": "Nested Loop", "Parent Relationship": "Outer", "Join Type": "Inner", "Startup Cost": 0.0, "Total Cost": 72267.1, "Plan Rows": 12, "Plan Width": 33, "Inner Unique": true, "Plans": [{"Node Type": "Nested Loop", "Parent Relationship": "Outer", "Join Type": "Inner", "Startup Cost": 0.0, "Total Cost": 71891.56, "Plan Rows": 645, "Plan Width": 41, "Inner Unique": false, "Plans": [{"Node Type": "Nested Loop", "Parent Relationship": "Outer", "Join Type": "Inner", "Startup Cost": 0.0, "Total Cost": 71437.35, "Plan Rows": 532, "Plan Width": 21, "Inner Unique": false, "Join Filter": "(ci.role_id = rt.id)", "Plans": [{"Node Type": "Seq Scan", "Parent Relationship": "Outer", "Relation Name": "role_type", "Alias": "rt", "Startup Cost": 0.0, "Total Cost": 1.15, "Plan Rows": 1, "Plan Width": 4, "Filter": "((role)::text = 'actress'::text)"}, {"Node Type": "Materialize", "Parent Relationship": "Inner", "Startup Cost": 0.0, "Total Cost": 71377.73, "Plan Rows": 5847, "Plan Width": 25, "Plans": [{"Node Type": "Nested Loop", "Parent Relationship": "Outer", "Join Type": "Inner", "Startup Cost": 0.0, "Total Cost": 71363.11, "Plan Rows": 5847, "Plan Width": 25, "Inner Unique": false, "Plans": [{"Node Type": "Nested Loop", "Parent Relationship": "Outer", "Join Type": "Inner", "Startup Cost": 0.0, "Total Cost": 65620.52, "Plan Rows": 5775, "Plan Width": 25, "Inner Unique": true, "Plans": [{"Node Type": "Nested Loop", "Parent Relationship": "Outer", "Join Type": "Inner", "Startup Cost": 0.0, "Total Cost": 42973.42, "Plan Rows": 5775, "Plan Width": 4, "Inner Unique": true, "Plans": [{"Node Type": "Streaming(type: LOCAL GATHER dop: 1/16)", "Parent Relationship": "Outer", "Startup Cost": 0.0, "Total Cost": 19215.08, "Plan Rows": 36426, "Plan Width": 8, "Plans": [{"Node Type": "Seq Scan", "Parent Relationship": "Outer", "Relation Name": "movie_companies", "Alias": "mc", "Startup Cost": 0.0, "Total Cost": 18428.93, "Plan Rows": 36426, "Plan Width": 8, "Filter": "(((note)::text ~~ '%(Japan)%'::text) AND ((note)::text !~~ '%(USA)%'::text))"}]}, {"Node Type": "Index Scan", "Parent Relationship": "Inner", "Scan Direction": "Forward", "Index Name": "company_name_pkey", "Relation Name": "company_name", "Alias": "cn", "Startup Cost": 0.0, "Total Cost": 0.64, "Plan Rows": 1, "Plan Width": 4, "Index Cond": "(id = mc.company_id)", "Filter": "((country_code)::text = '[jp]'::text)"}]}, {"Node Type": "Index Scan", "Parent Relationship": "Inner", "Scan Direction": "Forward", "Index Name": "title_pkey", "Relation Name": "title", "Alias": "t", "Startup Cost": 0.0, "Total Cost": 3.91, "Plan Rows": 1, "Plan Width": 21, "Index Cond": "(id = mc.movie_id)"}]}, {"Node Type": "Index Scan", "Parent Relationship": "Inner", "Scan Direction": "Forward", "Index Name": "movie_id_cast_info", "Relation Name": "cast_info", "Alias": "ci", "Startup Cost": 0.0, "Total Cost": 0.98, "Plan Rows": 1, "Plan Width": 12, "Index Cond": "(movie_id = t.id)", "Filter": "((note)::text = '(voice: English version)'::text)"}]}]}]}, {"Node Type": "Index Scan", "Parent Relationship": "Inner", "Scan Direction": "Forward", "Index Name": "person_id_aka_name", "Relation Name": "aka_name", "Alias": "an1", "Startup Cost": 0.0, "Total Cost": 0.84, "Plan Rows": 1, "Plan Width": 20, "Index Cond": "(person_id = ci.person_id)"}]}, {"Node Type": "Index Scan", "Parent Relationship": "Inner", "Scan Direction": "Forward", "Index Name": "name_pkey", "Relation Name": "name", "Alias": "n1", "Startup Cost": 0.0, "Total Cost": 0.57, "Plan Rows": 1, "Plan Width": 4, "Index Cond": "(id = an1.person_id)", "Filter": "(((name)::text ~~ '%Yo%'::text) AND ((name)::text !~~ '%Yu%'::text))"}]}]}, "Unique SQL Id": 3544391839, "Planner Runtime": 8}, "explain_analyze_plan": {"Plan": {"Node Type": "Aggregate", "Strategy": "Plain", "Startup Cost": 72267.16, "Total Cost": 72267.17, "Plan Rows": 1, "Plan Width": 97, "Actual Min Startup Time": 3140.754, "Actual Max Startup Time": 3140.754, "Actual Min Total Time": 3140.755, "Actual Max Total Time": 3140.755, "Plans": [{"Node Type": "Nested Loop", "Parent Relationship": "Outer", "Join Type": "Inner", "Startup Cost": 0.0, "Total Cost": 72267.1, "Plan Rows": 12, "Plan Width": 33, "Actual Min Startup Time": 3051.501, "Actual Max Startup Time": 3051.501, "Actual Min Total Time": 3140.654, "Actual Max Total Time": 3140.654, "Inner Unique": true, "Plans": [{"Node Type": "Nested Loop", "Parent Relationship": "Outer", "Join Type": "Inner", "Startup Cost": 0.0, "Total Cost": 71891.56, "Plan Rows": 645, "Plan Width": 41, "Actual Min Startup Time": 3027.461, "Actual Max Startup Time": 3027.461, "Actual Min Total Time": 3075.17, "Actual Max Total Time": 3075.17, "Inner Unique": false, "Plans": [{"Node Type": "Nested Loop", "Parent Relationship": "Outer", "Join Type": "Inner", "Startup Cost": 0.0, "Total Cost": 71437.35, "Plan Rows": 532, "Plan Width": 21, "Actual Min Startup Time": 3027.406, "Actual Max Startup Time": 3027.406, "Actual Min Total Time": 3036.225, "Actual Max Total Time": 3036.225, "Inner Unique": false, "Join Filter": "(ci.role_id = rt.id)", "Rows Removed by Join Filter": 12162, "Plans": [{"Node Type": "Seq Scan", "Parent Relationship": "Outer", "Relation Name": "role_type", "Alias": "rt", "Startup Cost": 0.0, "Total Cost": 1.15, "Plan Rows": 1, "Plan Width": 4, "Actual Min Startup Time": 0.116, "Actual Max Startup Time": 0.116, "Actual Min Total Time": 0.124, "Actual Max Total Time": 0.124, "Filter": "((role)::text = 'actress'::text)", "Rows Removed by Filter": 11, "Actual Rows": 1}, {"Node Type": "Materialize", "Parent Relationship": "Inner", "Startup Cost": 0.0, "Total Cost": 71377.73, "Plan Rows": 5847, "Plan Width": 25, "Actual Min Startup Time": 3027.257, "Actual Max Startup Time": 3027.257, "Actual Min Total Time": 3030.009, "Actual Max Total Time": 3030.009, "Plans": [{"Node Type": "Nested Loop", "Parent Relationship": "Outer", "Join Type": "Inner", "Startup Cost": 0.0, "Total Cost": 71363.11, "Plan Rows": 5847, "Plan Width": 25, "Actual Min Startup Time": 17.425, "Actual Max Startup Time": 17.425, "Actual Min Total Time": 3020.473, "Actual Max Total Time": 3020.473, "Inner Unique": false, "Plans": [{"Node Type": "Nested Loop", "Parent Relationship": "Outer", "Join Type": "Inner", "Startup Cost": 0.0, "Total Cost": 65620.52, "Plan Rows": 5775, "Plan Width": 25, "Actual Min Startup Time": 17.298, "Actual Max Startup Time": 17.298, "Actual Min Total Time": 520.972, "Actual Max Total Time": 520.972, "Inner Unique": true, "Plans": [{"Node Type": "Nested Loop", "Parent Relationship": "Outer", "Join Type": "Inner", "Startup Cost": 0.0, "Total Cost": 42973.42, "Plan Rows": 5775, "Plan Width": 4, "Actual Min Startup Time": 17.284, "Actual Max Startup Time": 17.284, "Actual Min Total Time": 289.357, "Actual Max Total Time": 289.357, "Inner Unique": true, "Plans": [{"Node Type": "Streaming(type: LOCAL GATHER dop: 1/16)", "Parent Relationship": "Outer", "Startup Cost": 0.0, "Total Cost": 19215.08, "Plan Rows": 36426, "Plan Width": 8, "Actual Min Startup Time": 17.224, "Actual Max Startup Time": 17.224, "Actual Min Total Time": 50.777, "Actual Max Total Time": 50.777, "Plans": [{"Node Type": "Seq Scan", "Parent Relationship": "Outer", "Relation Name": "movie_companies", "Alias": "mc", "Startup Cost": 0.0, "Total Cost": 18428.93, "Plan Rows": 36426, "Plan Width": 8, "Actual Min Startup Time": 0.047, "Actual Max Startup Time": 0.38, "Actual Min Total Time": 53.556, "Actual Max Total Time": 61.351, "Filter": "(((note)::text ~~ '%(Japan)%'::text) AND ((note)::text !~~ '%(USA)%'::text))", "Rows Removed by Filter": 2560231, "Actual Rows": 48897}], "Actual Rows": 48897}, {"Node Type": "Index Scan", "Parent Relationship": "Inner", "Scan Direction": "Forward", "Index Name": "company_name_pkey", "Relation Name": "company_name", "Alias": "cn", "Startup Cost": 0.0, "Total Cost": 0.64, "Plan Rows": 1, "Plan Width": 4, "Actual Min Startup Time": 194.947, "Actual Max Startup Time": 194.947, "Actual Min Total Time": 194.947, "Actual Max Total Time": 194.947, "Index Cond": "(id = mc.company_id)", "Rows Removed by Index Recheck": 0, "Filter": "((country_code)::text = '[jp]'::text)", "Rows Removed by Filter": 569, "Actual Rows": 48328}], "Actual Rows": 48328}, {"Node Type": "Index Scan", "Parent Relationship": "Inner", "Scan Direction": "Forward", "Index Name": "title_pkey", "Relation Name": "title", "Alias": "t", "Startup Cost": 0.0, "Total Cost": 3.91, "Plan Rows": 1, "Plan Width": 21, "Actual Min Startup Time": 190.518, "Actual Max Startup Time": 190.518, "Actual Min Total Time": 190.518, "Actual Max Total Time": 190.518, "Index Cond": "(id = mc.movie_id)", "Rows Removed by Index Recheck": 0, "Actual Rows": 48328}], "Actual Rows": 48328}, {"Node Type": "Index Scan", "Parent Relationship": "Inner", "Scan Direction": "Forward", "Index Name": "movie_id_cast_info", "Relation Name": "cast_info", "Alias": "ci", "Startup Cost": 0.0, "Total Cost": 0.98, "Plan Rows": 1, "Plan Width": 12, "Actual Min Startup Time": 2358.199, "Actual Max Startup Time": 2358.199, "Actual Min Total Time": 2468.853, "Actual Max Total Time": 2468.853, "Index Cond": "(movie_id = t.id)", "Rows Removed by Index Recheck": 0, "Filter": "((note)::text = '(voice: English version)'::text)", "Rows Removed by Filter": 1531710, "Actual Rows": 19600}], "Actual Rows": 19600}], "Actual Rows": 19601}], "Actual Rows": 7438}, {"Node Type": "Index Scan", "Parent Relationship": "Inner", "Scan Direction": "Forward", "Index Name": "person_id_aka_name", "Relation Name": "aka_name", "Alias": "an1", "Startup Cost": 0.0, "Total Cost": 0.84, "Plan Rows": 1, "Plan Width": 20, "Actual Min Startup Time": 23.985, "Actual Max Startup Time": 23.985, "Actual Min Total Time": 31.144, "Actual Max Total Time": 31.144, "Index Cond": "(person_id = ci.person_id)", "Rows Removed by Index Recheck": 0, "Actual Rows": 17379}], "Actual Rows": 17379}, {"Node Type": "Index Scan", "Parent Relationship": "Inner", "Scan Direction": "Forward", "Index Name": "name_pkey", "Relation Name": "name", "Alias": "n1", "Startup Cost": 0.0, "Total Cost": 0.57, "Plan Rows": 1, "Plan Width": 4, "Actual Min Startup Time": 57.363, "Actual Max Startup Time": 57.363, "Actual Min Total Time": 57.363, "Actual Max Total Time": 57.363, "Index Cond": "(id = an1.person_id)", "Rows Removed by Index Recheck": 0, "Filter": "(((name)::text ~~ '%Yo%'::text) AND ((name)::text !~~ '%Yu%'::text))", "Rows Removed by Filter": 17317, "Actual Rows": 62}], "Actual Rows": 62}], "Actual Rows": 1}, "Triggers": [], "Planner Runtime": 8, "Total Runtime": 3143.678, "Unique SQL Id": 3544391839}}, "(16, 57)": {"explain_plan": {"Plan": {"Node Type": "Aggregate", "Strategy": "Plain", "Startup Cost": 110824.82, "Total Cost": 110824.83, "Plan Rows": 1, "Plan Width": 97, "Plans": [{"Node Type": "Nested Loop", "Parent Relationship": "Outer", "Join Type": "Inner", "Startup Cost": 0.0, "Total Cost": 110824.76, "Plan Rows": 12, "Plan Width": 33, "Inner Unique": true, "Plans": [{"Node Type": "Nested Loop", "Parent Relationship": "Outer", "Join Type": "Inner", "Startup Cost": 0.0, "Total Cost": 110449.22, "Plan Rows": 645, "Plan Width": 41, "Inner Unique": false, "Plans": [{"Node Type": "Nested Loop", "Parent Relationship": "Outer", "Join Type": "Inner", "Startup Cost": 0.0, "Total Cost": 109995.01, "Plan Rows": 532, "Plan Width": 21, "Inner Unique": false, "Join Filter": "(ci.role_id = rt.id)", "Plans": [{"Node Type": "Index Scan", "Parent Relationship": "Outer", "Scan Direction": "Forward", "Index Name": "role_type_pkey", "Relation Name": "role_type", "Alias": "rt", "Startup Cost": 0.0, "Total Cost": 12.46, "Plan Rows": 1, "Plan Width": 4, "Filter": "((role)::text = 'actress'::text)"}, {"Node Type": "Nested Loop", "Parent Relationship": "Inner", "Join Type": "Inner", "Startup Cost": 0.0, "Total Cost": 109909.47, "Plan Rows": 5847, "Plan Width": 25, "Inner Unique": false, "Plans": [{"Node Type": "Nested Loop", "Parent Relationship": "Outer", "Join Type": "Inner", "Startup Cost": 0.0, "Total Cost": 104166.87, "Plan Rows": 5775, "Plan Width": 25, "Inner Unique": true, "Plans": [{"Node Type": "Nested Loop", "Parent Relationship": "Outer", "Join Type": "Inner", "Startup Cost": 0.0, "Total Cost": 81519.78, "Plan Rows": 5775, "Plan Width": 4, "Inner Unique": false, "Plans": [{"Node Type": "Index Scan", "Parent Relationship": "Outer", "Scan Direction": "Forward", "Index Name": "company_name_pkey", "Relation Name": "company_name", "Alias": "cn", "Startup Cost": 0.0, "Total Cost": 10501.39, "Plan Rows": 6290, "Plan Width": 4, "Filter": "((country_code)::text = '[jp]'::text)"}, {"Node Type": "Index Scan", "Parent Relationship": "Inner", "Scan Direction": "Forward", "Index Name": "company_id_movie_companies", "Relation Name": "movie_companies", "Alias": "mc", "Startup Cost": 0.0, "Total Cost": 11.28, "Plan Rows": 1, "Plan Width": 8, "Index Cond": "(company_id = cn.id)", "Filter": "(((note)::text ~~ '%(Japan)%'::text) AND ((note)::text !~~ '%(USA)%'::text))"}]}, {"Node Type": "Index Scan", "Parent Relationship": "Inner", "Scan Direction": "Forward", "Index Name": "title_pkey", "Relation Name": "title", "Alias": "t", "Startup Cost": 0.0, "Total Cost": 3.91, "Plan Rows": 1, "Plan Width": 21, "Index Cond": "(id = mc.movie_id)"}]}, {"Node Type": "Index Scan", "Parent Relationship": "Inner", "Scan Direction": "Forward", "Index Name": "movie_id_cast_info", "Relation Name": "cast_info", "Alias": "ci", "Startup Cost": 0.0, "Total Cost": 0.98, "Plan Rows": 1, "Plan Width": 12, "Index Cond": "(movie_id = t.id)", "Filter": "((note)::text = '(voice: English version)'::text)"}]}]}, {"Node Type": "Index Scan", "Parent Relationship": "Inner", "Scan Direction": "Forward", "Index Name": "person_id_aka_name", "Relation Name": "aka_name", "Alias": "an1", "Startup Cost": 0.0, "Total Cost": 0.84, "Plan Rows": 1, "Plan Width": 20, "Index Cond": "(person_id = ci.person_id)"}]}, {"Node Type": "Index Scan", "Parent Relationship": "Inner", "Scan Direction": "Forward", "Index Name": "name_pkey", "Relation Name": "name", "Alias": "n1", "Startup Cost": 0.0, "Total Cost": 0.57, "Plan Rows": 1, "Plan Width": 4, "Index Cond": "(id = an1.person_id)", "Filter": "(((name)::text ~~ '%Yo%'::text) AND ((name)::text !~~ '%Yu%'::text))"}]}]}, "Unique SQL Id": 3544391839, "Planner Runtime": 7}, "explain_analyze_plan": {"Plan": {"Node Type": "Aggregate", "Strategy": "Plain", "Startup Cost": 110824.82, "Total Cost": 110824.83, "Plan Rows": 1, "Plan Width": 97, "Actual Startup Time": 4251.906, "Actual Total Time": 4251.907, "Actual Rows": 1, "Actual Loops": 1, "Plans": [{"Node Type": "Nested Loop", "Parent Relationship": "Outer", "Join Type": "Inner", "Startup Cost": 0.0, "Total Cost": 110824.76, "Plan Rows": 12, "Plan Width": 33, "Actual Startup Time": 4.317, "Actual Total Time": 4251.596, "Actual Rows": 62, "Actual Loops": 1, "Inner Unique": true, "Plans": [{"Node Type": "Nested Loop", "Parent Relationship": "Outer", "Join Type": "Inner", "Startup Cost": 0.0, "Total Cost": 110449.22, "Plan Rows": 645, "Plan Width": 41, "Actual Startup Time": 0.339, "Actual Total Time": 4172.355, "Actual Rows": 17379, "Actual Loops": 1, "Inner Unique": false, "Plans": [{"Node Type": "Nested Loop", "Parent Relationship": "Outer", "Join Type": "Inner", "Startup Cost": 0.0, "Total Cost": 109995.01, "Plan Rows": 532, "Plan Width": 21, "Actual Startup Time": 0.325, "Actual Total Time": 4120.566, "Actual Rows": 7438, "Actual Loops": 1, "Inner Unique": false, "Join Filter": "(ci.role_id = rt.id)", "Rows Removed by Join Filter": 12162, "Plans": [{"Node Type": "Index Scan", "Parent Relationship": "Outer", "Scan Direction": "Forward", "Index Name": "role_type_pkey", "Relation Name": "role_type", "Alias": "rt", "Startup Cost": 0.0, "Total Cost": 12.46, "Plan Rows": 1, "Plan Width": 4, "Actual Startup Time": 0.041, "Actual Total Time": 0.05, "Actual Rows": 1, "Actual Loops": 1, "Filter": "((role)::text = 'actress'::text)", "Rows Removed by Filter": 11}, {"Node Type": "Nested Loop", "Parent Relationship": "Inner", "Join Type": "Inner", "Startup Cost": 0.0, "Total Cost": 109909.47, "Plan Rows": 5847, "Plan Width": 25, "Actual Startup Time": 0.278, "Actual Total Time": 4115.211, "Actual Rows": 19600, "Actual Loops": 1, "Inner Unique": false, "Plans": [{"Node Type": "Nested Loop", "Parent Relationship": "Outer", "Join Type": "Inner", "Startup Cost": 0.0, "Total Cost": 104166.87, "Plan Rows": 5775, "Plan Width": 25, "Actual Startup Time": 0.224, "Actual Total Time": 875.65, "Actual Rows": 48328, "Actual Loops": 1, "Inner Unique": true, "Plans": [{"Node Type": "Nested Loop", "Parent Relationship": "Outer", "Join Type": "Inner", "Startup Cost": 0.0, "Total Cost": 81519.78, "Plan Rows": 5775, "Plan Width": 4, "Actual Startup Time": 0.213, "Actual Total Time": 545.47, "Actual Rows": 48328, "Actual Loops": 1, "Inner Unique": false, "Plans": [{"Node Type": "Index Scan", "Parent Relationship": "Outer", "Scan Direction": "Forward", "Index Name": "company_name_pkey", "Relation Name": "company_name", "Alias": "cn", "Startup Cost": 0.0, "Total Cost": 10501.39, "Plan Rows": 6290, "Plan Width": 4, "Actual Startup Time": 0.179, "Actual Total Time": 311.98, "Actual Rows": 6752, "Actual Loops": 1, "Filter": "((country_code)::text = '[jp]'::text)", "Rows Removed by Filter": 228244}, {"Node Type": "Index Scan", "Parent Relationship": "Inner", "Scan Direction": "Forward", "Index Name": "company_id_movie_companies", "Relation Name": "movie_companies", "Alias": "mc", "Startup Cost": 0.0, "Total Cost": 11.28, "Plan Rows": 1, "Plan Width": 8, "Actual Startup Time": 53.58, "Actual Total Time": 217.697, "Actual Rows": 48328, "Actual Loops": 6752, "Index Cond": "(company_id = cn.id)", "Rows Removed by Index Recheck": 0, "Filter": "(((note)::text ~~ '%(Japan)%'::text) AND ((note)::text !~~ '%(USA)%'::text))", "Rows Removed by Filter": 56667}]}, {"Node Type": "Index Scan", "Parent Relationship": "Inner", "Scan Direction": "Forward", "Index Name": "title_pkey", "Relation Name": "title", "Alias": "t", "Startup Cost": 0.0, "Total Cost": 3.91, "Plan Rows": 1, "Plan Width": 21, "Actual Startup Time": 287.494, "Actual Total Time": 287.494, "Actual Rows": 48328, "Actual Loops": 48328, "Index Cond": "(id = mc.movie_id)", "Rows Removed by Index Recheck": 0}]}, {"Node Type": "Index Scan", "Parent Relationship": "Inner", "Scan Direction": "Forward", "Index Name": "movie_id_cast_info", "Relation Name": "cast_info", "Alias": "ci", "Startup Cost": 0.0, "Total Cost": 0.98, "Plan Rows": 1, "Plan Width": 12, "Actual Startup Time": 3064.724, "Actual Total Time": 3208.536, "Actual Rows": 19600, "Actual Loops": 48328, "Index Cond": "(movie_id = t.id)", "Rows Removed by Index Recheck": 0, "Filter": "((note)::text = '(voice: English version)'::text)", "Rows Removed by Filter": 1531710}]}]}, {"Node Type": "Index Scan", "Parent Relationship": "Inner", "Scan Direction": "Forward", "Index Name": "person_id_aka_name", "Relation Name": "aka_name", "Alias": "an1", "Startup Cost": 0.0, "Total Cost": 0.84, "Plan Rows": 1, "Plan Width": 20, "Actual Startup Time": 34.193, "Actual Total Time": 42.713, "Actual Rows": 17379, "Actual Loops": 7438, "Index Cond": "(person_id = ci.person_id)", "Rows Removed by Index Recheck": 0}]}, {"Node Type": "Index Scan", "Parent Relationship": "Inner", "Scan Direction": "Forward", "Index Name": "name_pkey", "Relation Name": "name", "Alias": "n1", "Startup Cost": 0.0, "Total Cost": 0.57, "Plan Rows": 1, "Plan Width": 4, "Actual Startup Time": 70.243, "Actual Total Time": 70.243, "Actual Rows": 62, "Actual Loops": 17379, "Index Cond": "(id = an1.person_id)", "Rows Removed by Index Recheck": 0, "Filter": "(((name)::text ~~ '%Yo%'::text) AND ((name)::text !~~ '%Yu%'::text))", "Rows Removed by Filter": 17317}]}]}, "Triggers": [], "Planner Runtime": 7, "Total Runtime": 4252.246, "Unique SQL Id": 3544391839}}, "(16, 58)": {"explain_plan": {"Plan": {"Node Type": "Aggregate", "Strategy": "Plain", "Startup Cost": 315493.8, "Total Cost": 315493.82, "Plan Rows": 1, "Plan Width": 97, "Plans": [{"Node Type": "Streaming(type: LOCAL GATHER dop: 1/16)", "Parent Relationship": "Outer", "Startup Cost": 315493.8, "Total Cost": 315493.82, "Plan Rows": 1, "Plan Width": 97, "Plans": [{"Node Type": "Aggregate", "Strategy": "Plain", "Parent Relationship": "Outer", "Startup Cost": 315493.8, "Total Cost": 315493.81, "Plan Rows": 1, "Plan Width": 97, "Plans": [{"Node Type": "Nested Loop", "Parent Relationship": "Outer", "Join Type": "Inner", "Startup Cost": 0.0, "Total Cost": 315493.74, "Plan Rows": 12, "Plan Width": 33, "Inner Unique": true, "Join Filter": "(ci.movie_id = t.id)", "Plans": [{"Node Type": "Streaming(type: LOCAL REDISTRIBUTE dop: 16/16)", "Parent Relationship": "Outer", "Startup Cost": 0.0, "Total Cost": 270678.06, "Plan Rows": 12, "Plan Width": 24, "Plans": [{"Node Type": "Nested Loop", "Parent Relationship": "Outer", "Join Type": "Inner", "Startup Cost": 0.0, "Total Cost": 255678.01, "Plan Rows": 12, "Plan Width": 24, "Inner Unique": false, "Join Filter": "(n1.id = an1.person_id)", "Plans": [{"Node Type": "Streaming(type: LOCAL REDISTRIBUTE dop: 16/16)", "Parent Relationship": "Outer", "Startup Cost": 0.0, "Total Cost": 34659.52, "Plan Rows": 901342, "Plan Width": 20, "Plans": [{"Node Type": "Seq Scan", "Parent Relationship": "Outer", "Relation Name": "aka_name", "Alias": "an1", "Startup Cost": 0.0, "Total Cost": 16244.28, "Plan Rows": 901342, "Plan Width": 20}]}, {"Node Type": "Materialize", "Parent Relationship": "Inner", "Startup Cost": 0.0, "Total Cost": 216899.09, "Plan Rows": 78, "Plan Width": 16, "Plans": [{"Node Type": "Streaming(type: LOCAL REDISTRIBUTE dop: 16/16)", "Parent Relationship": "Outer", "Startup Cost": 0.0, "Total Cost": 216899.07, "Plan Rows": 78, "Plan Width": 16, "Plans": [{"Node Type": "Nested Loop", "Parent Relationship": "Outer", "Join Type": "Inner", "Startup Cost": 0.0, "Total Cost": 201898.77, "Plan Rows": 78, "Plan Width": 16, "Inner Unique": false, "Join Filter": "(mc.company_id = cn.id)", "Plans": [{"Node Type": "Streaming(type: BROADCAST dop: 16/1)", "Parent Relationship": "Outer", "Startup Cost": 0.0, "Total Cost": 23075.47, "Plan Rows": 100640, "Plan Width": 4, "Plans": [{"Node Type": "Seq Scan", "Parent Relationship": "Outer", "Relation Name": "company_name", "Alias": "cn", "Startup Cost": 0.0, "Total Cost": 5903.45, "Plan Rows": 6290, "Plan Width": 4, "Filter": "((country_code)::text = '[jp]'::text)"}]}, {"Node Type": "Materialize", "Parent Relationship": "Inner", "Startup Cost": 0.0, "Total Cost": 172602.27, "Plan Rows": 1055, "Plan Width": 20, "Plans": [{"Node Type": "Nested Loop", "Parent Relationship": "Outer", "Join Type": "Inner", "Startup Cost": 0.0, "Total Cost": 172601.94, "Plan Rows": 1055, "Plan Width": 20, "Inner Unique": false, "Join Filter": "(ci.movie_id = mc.movie_id)", "Plans": [{"Node Type": "Streaming(type: LOCAL REDISTRIBUTE dop: 16/16)", "Parent Relationship": "Outer", "Startup Cost": 0.0, "Total Cost": 33566.95, "Plan Rows": 36426, "Plan Width": 8, "Plans": [{"Node Type": "Seq Scan", "Parent Relationship": "Outer", "Relation Name": "movie_companies", "Alias": "mc", "Startup Cost": 0.0, "Total Cost": 18428.93, "Plan Rows": 36426, "Plan Width": 8, "Filter": "(((note)::text ~~ '%(Japan)%'::text) AND ((note)::text !~~ '%(USA)%'::text))"}]}, {"Node Type": "Materialize", "Parent Relationship": "Inner", "Startup Cost": 0.0, "Total Cost": 136275.49, "Plan Rows": 1293, "Plan Width": 12, "Plans": [{"Node Type": "Streaming(type: LOCAL REDISTRIBUTE dop: 16/16)", "Parent Relationship": "Outer", "Startup Cost": 0.0, "Total Cost": 136275.09, "Plan Rows": 1293, "Plan Width": 12, "Plans": [{"Node Type": "Nested Loop", "Parent Relationship": "Outer", "Join Type": "Inner", "Startup Cost": 0.0, "Total Cost": 121270.19, "Plan Rows": 1293, "Plan Width": 12, "Inner Unique": false, "Join Filter": "(ci.person_id = n1.id)", "Plans": [{"Node Type": "Streaming(type: LOCAL REDISTRIBUTE dop: 16/16)", "Parent Relationship": "Outer", "Startup Cost": 0.0, "Total Cost": 37171.95, "Plan Rows": 13886, "Plan Width": 4, "Plans": [{"Node Type": "Seq Scan", "Parent Relationship": "Outer", "Relation Name": "name", "Alias": "n1", "Startup Cost": 0.0, "Total Cost": 22119.33, "Plan Rows": 13886, "Plan Width": 4, "Filter": "(((name)::text ~~ '%Yo%'::text) AND ((name)::text !~~ '%Yu%'::text))"}]}, {"Node Type": "Materialize", "Parent Relationship": "Inner", "Startup Cost": 0.0, "Total Cost": 76947.78, "Plan Rows": 8790, "Plan Width": 8, "Plans": [{"Node Type": "Streaming(type: LOCAL REDISTRIBUTE dop: 16/1)", "Parent Relationship": "Outer", "Startup Cost": 0.0, "Total Cost": 76945.03, "Plan Rows": 8790, "Plan Width": 8, "Plans": [{"Node Type": "Nested Loop", "Parent Relationship": "Outer", "Join Type": "Inner", "Startup Cost": 0.0, "Total Cost": 61579.53, "Plan Rows": 8790, "Plan Width": 8, "Inner Unique": false, "Join Filter": "(ci.role_id = rt.id)", "Plans": [{"Node Type": "Seq Scan", "Parent Relationship": "Outer", "Relation Name": "role_type", "Alias": "rt", "Startup Cost": 0.0, "Total Cost": 1.15, "Plan Rows": 1, "Plan Width": 4, "Filter": "((role)::text = 'actress'::text)"}, {"Node Type": "Materialize", "Parent Relationship": "Inner", "Startup Cost": 0.0, "Total Cost": 60611.46, "Plan Rows": 96692, "Plan Width": 12, "Plans": [{"Node Type": "Streaming(type: LOCAL GATHER dop: 1/16)", "Parent Relationship": "Outer", "Startup Cost": 0.0, "Total Cost": 60369.73, "Plan Rows": 96692, "Plan Width": 12, "Plans": [{"Node Type": "Seq Scan", "Parent Relationship": "Outer", "Relation Name": "cast_info", "Alias": "ci", "Startup Cost": 0.0, "Total Cost": 58282.92, "Plan Rows": 96692, "Plan Width": 12, "Filter": "((note)::text = '(voice: English version)'::text)"}]}]}]}]}]}]}]}]}]}]}]}]}]}]}]}, {"Node Type": "Materialize", "Parent Relationship": "Inner", "Startup Cost": 0.0, "Total Cost": 49655.03, "Plan Rows": 2528311, "Plan Width": 21, "Plans": [{"Node Type": "Streaming(type: LOCAL REDISTRIBUTE dop: 16/16)", "Parent Relationship": "Outer", "Startup Cost": 0.0, "Total Cost": 43334.25, "Plan Rows": 2528311, "Plan Width": 21, "Plans": [{"Node Type": "Seq Scan", "Parent Relationship": "Outer", "Relation Name": "title", "Alias": "t", "Startup Cost": 0.0, "Total Cost": 18754.32, "Plan Rows": 2528311, "Plan Width": 21}]}]}]}]}]}]}, "Unique SQL Id": 3544391839, "Planner Runtime": 15}, "explain_analyze_plan": {"Plan": {"Node Type": "Aggregate", "Strategy": "Plain", "Startup Cost": 315493.8, "Total Cost": 315493.82, "Plan Rows": 1, "Plan Width": 97, "Actual Min Startup Time": 3137.93, "Actual Max Startup Time": 3137.93, "Actual Min Total Time": 3137.93, "Actual Max Total Time": 3137.93, "Plans": [{"Node Type": "Streaming(type: LOCAL GATHER dop: 1/16)", "Parent Relationship": "Outer", "Startup Cost": 315493.8, "Total Cost": 315493.82, "Plan Rows": 1, "Plan Width": 97, "Actual Min Startup Time": 2806.801, "Actual Max Startup Time": 2806.801, "Actual Min Total Time": 3137.819, "Actual Max Total Time": 3137.819, "Plans": [{"Node Type": "Aggregate", "Strategy": "Plain", "Parent Relationship": "Outer", "Startup Cost": 315493.8, "Total Cost": 315493.81, "Plan Rows": 1, "Plan Width": 97, "Actual Min Startup Time": 2594.527, "Actual Max Startup Time": 2943.788, "Actual Min Total Time": 2594.527, "Actual Max Total Time": 2943.788, "Plans": [{"Node Type": "Nested Loop", "Parent Relationship": "Outer", "Join Type": "Inner", "Startup Cost": 0.0, "Total Cost": 315493.74, "Plan Rows": 12, "Plan Width": 33, "Actual Min Startup Time": 2594.521, "Actual Max Startup Time": 2703.086, "Actual Min Total Time": 2594.521, "Actual Max Total Time": 2943.734, "Inner Unique": true, "Join Filter": "(ci.movie_id = t.id)", "Rows Removed by Join Filter": 6598339, "Plans": [{"Node Type": "Streaming(type: LOCAL REDISTRIBUTE dop: 16/16)", "Parent Relationship": "Outer", "Startup Cost": 0.0, "Total Cost": 270678.06, "Plan Rows": 12, "Plan Width": 24, "Actual Min Startup Time": 96.319, "Actual Max Startup Time": 97.65, "Actual Min Total Time": 96.332, "Actual Max Total Time": 97.657, "Plans": [{"Node Type": "Nested Loop", "Parent Relationship": "Outer", "Join Type": "Inner", "Startup Cost": 0.0, "Total Cost": 255678.01, "Plan Rows": 12, "Plan Width": 24, "Actual Min Startup Time": 2336.107, "Actual Max Startup Time": 2622.806, "Actual Min Total Time": 2573.033, "Actual Max Total Time": 2622.806, "Inner Unique": false, "Join Filter": "(n1.id = an1.person_id)", "Rows Removed by Join Filter": 2146385, "Plans": [{"Node Type": "Streaming(type: LOCAL REDISTRIBUTE dop: 16/16)", "Parent Relationship": "Outer", "Startup Cost": 0.0, "Total Cost": 34659.52, "Plan Rows": 901342, "Plan Width": 20, "Actual Min Startup Time": 0.062, "Actual Max Startup Time": 0.458, "Actual Min Total Time": 13.587, "Actual Max Total Time": 511.967, "Plans": [{"Node Type": "Seq Scan", "Parent Relationship": "Outer", "Relation Name": "aka_name", "Alias": "an1", "Startup Cost": 0.0, "Total Cost": 16244.28, "Plan Rows": 901342, "Plan Width": 20, "Actual Min Startup Time": 0.018, "Actual Max Startup Time": 0.031, "Actual Min Total Time": 15.456, "Actual Max Total Time": 18.267, "Actual Rows": 901342}], "Actual Rows": 901342}, {"Node Type": "Materialize", "Parent Relationship": "Inner", "Startup Cost": 0.0, "Total Cost": 216899.09, "Plan Rows": 78, "Plan Width": 16, "Actual Min Startup Time": 2052.283, "Actual Max Startup Time": 2102.732, "Actual Min Total Time": 2052.283, "Actual Max Total Time": 2243.988, "Plans": [{"Node Type": "Streaming(type: LOCAL REDISTRIBUTE dop: 16/16)", "Parent Relationship": "Outer", "Startup Cost": 0.0, "Total Cost": 216899.07, "Plan Rows": 78, "Plan Width": 16, "Actual Min Startup Time": 2045.734, "Actual Max Startup Time": 2095.483, "Actual Min Total Time": 2045.734, "Actual Max Total Time": 2095.483, "Plans": [{"Node Type": "Nested Loop", "Parent Relationship": "Outer", "Join Type": "Inner", "Startup Cost": 0.0, "Total Cost": 201898.77, "Plan Rows": 78, "Plan Width": 16, "Actual Min Startup Time": 1942.203, "Actual Max Startup Time": 2129.118, "Actual Min Total Time": 2045.463, "Actual Max Total Time": 2129.118, "Inner Unique": false, "Join Filter": "(mc.company_id = cn.id)", "Rows Removed by Join Filter": 263290, "Plans": [{"Node Type": "Streaming(type: BROADCAST dop: 16/1)", "Parent Relationship": "Outer", "Startup Cost": 0.0, "Total Cost": 23075.47, "Plan Rows": 100640, "Plan Width": 4, "Actual Min Startup Time": 0.035, "Actual Max Startup Time": 0.073, "Actual Min Total Time": 111.675, "Actual Max Total Time": 124.699, "Plans": [{"Node Type": "Seq Scan", "Parent Relationship": "Outer", "Relation Name": "company_name", "Alias": "cn", "Startup Cost": 0.0, "Total Cost": 5903.45, "Plan Rows": 6290, "Plan Width": 4, "Actual Min Startup Time": 0.047, "Actual Max Startup Time": 0.047, "Actual Min Total Time": 83.597, "Actual Max Total Time": 83.597, "Filter": "((country_code)::text = '[jp]'::text)", "Rows Removed by Filter": 228244, "Actual Rows": 6752}], "Actual Rows": 108032}, {"Node Type": "Materialize", "Parent Relationship": "Inner", "Startup Cost": 0.0, "Total Cost": 172602.27, "Plan Rows": 1055, "Plan Width": 20, "Actual Min Startup Time": 1919.647, "Actual Max Startup Time": 2003.378, "Actual Min Total Time": 1919.647, "Actual Max Total Time": 2005.205, "Plans": [{"Node Type": "Nested Loop", "Parent Relationship": "Outer", "Join Type": "Inner", "Startup Cost": 0.0, "Total Cost": 172601.94, "Plan Rows": 1055, "Plan Width": 20, "Actual Min Startup Time": 1867.163, "Actual Max Startup Time": 2002.577, "Actual Min Total Time": 1919.045, "Actual Max Total Time": 2002.787, "Inner Unique": false, "Join Filter": "(ci.movie_id = mc.movie_id)", "Rows Removed by Join Filter": 1205748, "Plans": [{"Node Type": "Streaming(type: LOCAL REDISTRIBUTE dop: 16/16)", "Parent Relationship": "Outer", "Startup Cost": 0.0, "Total Cost": 33566.95, "Plan Rows": 36426, "Plan Width": 8, "Actual Min Startup Time": 0.063, "Actual Max Startup Time": 3.326, "Actual Min Total Time": 45.579, "Actual Max Total Time": 61.044, "Plans": [{"Node Type": "Seq Scan", "Parent Relationship": "Outer", "Relation Name": "movie_companies", "Alias": "mc", "Startup Cost": 0.0, "Total Cost": 18428.93, "Plan Rows": 36426, "Plan Width": 8, "Actual Min Startup Time": 0.054, "Actual Max Startup Time": 0.374, "Actual Min Total Time": 53.773, "Actual Max Total Time": 61.386, "Filter": "(((note)::text ~~ '%(Japan)%'::text) AND ((note)::text !~~ '%(USA)%'::text))", "Rows Removed by Filter": 2560231, "Actual Rows": 48897}], "Actual Rows": 48897}, {"Node Type": "Materialize", "Parent Relationship": "Inner", "Startup Cost": 0.0, "Total Cost": 136275.49, "Plan Rows": 1293, "Plan Width": 12, "Actual Min Startup Time": 1846.034, "Actual Max Startup Time": 1929.701, "Actual Min Total Time": 1850.159, "Actual Max Total Time": 1938.393, "Plans": [{"Node Type": "Streaming(type: LOCAL REDISTRIBUTE dop: 16/16)", "Parent Relationship": "Outer", "Startup Cost": 0.0, "Total Cost": 136275.09, "Plan Rows": 1293, "Plan Width": 12, "Actual Min Startup Time": 1788.172, "Actual Max Startup Time": 1871.809, "Actual Min Total Time": 1845.768, "Actual Max Total Time": 1929.411, "Plans": [{"Node Type": "Nested Loop", "Parent Relationship": "Outer", "Join Type": "Inner", "Startup Cost": 0.0, "Total Cost": 121270.19, "Plan Rows": 1293, "Plan Width": 12, "Actual Min Startup Time": 872.126, "Actual Max Startup Time": 1890.467, "Actual Min Total Time": 1797.572, "Actual Max Total Time": 1890.467, "Inner Unique": false, "Join Filter": "(ci.person_id = n1.id)", "Rows Removed by Join Filter": 45591108, "Plans": [{"Node Type": "Streaming(type: LOCAL REDISTRIBUTE dop: 16/16)", "Parent Relationship": "Outer", "Startup Cost": 0.0, "Total Cost": 37171.95, "Plan Rows": 13886, "Plan Width": 4, "Actual Min Startup Time": 0.035, "Actual Max Startup Time": 0.07, "Actual Min Total Time": 0.522, "Actual Max Total Time": 721.482, "Plans": [{"Node Type": "Seq Scan", "Parent Relationship": "Outer", "Relation Name": "name", "Alias": "n1", "Startup Cost": 0.0, "Total Cost": 22119.33, "Plan Rows": 13886, "Plan Width": 4, "Actual Min Startup Time": 0.055, "Actual Max Startup Time": 1.696, "Actual Min Total Time": 100.612, "Actual Max Total Time": 106.512, "Filter": "(((name)::text ~~ '%Yo%'::text) AND ((name)::text !~~ '%Yu%'::text))", "Rows Removed by Filter": 4146579, "Actual Rows": 20911}], "Actual Rows": 20911}, {"Node Type": "Materialize", "Parent Relationship": "Inner", "Startup Cost": 0.0, "Total Cost": 76947.78, "Plan Rows": 8790, "Plan Width": 8, "Actual Min Startup Time": 677.558, "Actual Max Startup Time": 773.834, "Actual Min Total Time": 835.464, "Actual Max Total Time": 1096.272, "Plans": [{"Node Type": "Streaming(type: LOCAL REDISTRIBUTE dop: 16/1)", "Parent Relationship": "Outer", "Startup Cost": 0.0, "Total Cost": 76945.03, "Plan Rows": 8790, "Plan Width": 8, "Actual Min Startup Time": 640.194, "Actual Max Startup Time": 737.495, "Actual Min Total Time": 677.077, "Actual Max Total Time": 773.454, "Plans": [{"Node Type": "Nested Loop", "Parent Relationship": "Outer", "Join Type": "Inner", "Startup Cost": 0.0, "Total Cost": 61579.53, "Plan Rows": 8790, "Plan Width": 8, "Actual Min Startup Time": 671.514, "Actual Max Startup Time": 671.514, "Actual Min Total Time": 688.184, "Actual Max Total Time": 688.184, "Inner Unique": false, "Join Filter": "(ci.role_id = rt.id)", "Rows Removed by Join Filter": 58247, "Plans": [{"Node Type": "Seq Scan", "Parent Relationship": "Outer", "Relation Name": "role_type", "Alias": "rt", "Startup Cost": 0.0, "Total Cost": 1.15, "Plan Rows": 1, "Plan Width": 4, "Actual Min Startup Time": 0.066, "Actual Max Startup Time": 0.066, "Actual Min Total Time": 0.074, "Actual Max Total Time": 0.074, "Filter": "((role)::text = 'actress'::text)", "Rows Removed by Filter": 11, "Actual Rows": 1}, {"Node Type": "Materialize", "Parent Relationship": "Inner", "Startup Cost": 0.0, "Total Cost": 60611.46, "Plan Rows": 96692, "Plan Width": 12, "Actual Min Startup Time": 654.932, "Actual Max Startup Time": 654.932, "Actual Min Total Time": 664.855, "Actual Max Total Time": 664.855, "Plans": [{"Node Type": "Streaming(type: LOCAL GATHER dop: 1/16)", "Parent Relationship": "Outer", "Startup Cost": 0.0, "Total Cost": 60369.73, "Plan Rows": 96692, "Plan Width": 12, "Actual Min Startup Time": 0.071, "Actual Max Startup Time": 0.071, "Actual Min Total Time": 641.173, "Actual Max Total Time": 641.173, "Plans": [{"Node Type": "Seq Scan", "Parent Relationship": "Outer", "Relation Name": "cast_info", "Alias": "ci", "Startup Cost": 0.0, "Total Cost": 58282.92, "Plan Rows": 96692, "Plan Width": 12, "Actual Min Startup Time": 0.069, "Actual Max Startup Time": 2.946, "Actual Min Total Time": 606.417, "Actual Max Total Time": 649.451, "Filter": "((note)::text = '(voice: English version)'::text)", "Rows Removed by Filter": 36151248, "Actual Rows": 93095}], "Actual Rows": 93095}], "Actual Rows": 93096}], "Actual Rows": 34848}], "Actual Rows": 34848}], "Actual Rows": 45591518}], "Actual Rows": 394}], "Actual Rows": 394}], "Actual Rows": 1205803}], "Actual Rows": 39}], "Actual Rows": 263340}], "Actual Rows": 38}], "Actual Rows": 38}], "Actual Rows": 2146450}], "Actual Rows": 62}], "Actual Rows": 62}, {"Node Type": "Materialize", "Parent Relationship": "Inner", "Startup Cost": 0.0, "Total Cost": 49655.03, "Plan Rows": 2528311, "Plan Width": 21, "Actual Min Startup Time": 2493.626, "Actual Max Startup Time": 2573.696, "Actual Min Total Time": 2493.626, "Actual Max Total Time": 2665.938, "Plans": [{"Node Type": "Streaming(type: LOCAL REDISTRIBUTE dop: 16/16)", "Parent Relationship": "Outer", "Startup Cost": 0.0, "Total Cost": 43334.25, "Plan Rows": 2528311, "Plan Width": 21, "Actual Min Startup Time": 0.056, "Actual Max Startup Time": 33.889, "Actual Min Total Time": 2468.55, "Actual Max Total Time": 2549.729, "Plans": [{"Node Type": "Seq Scan", "Parent Relationship": "Outer", "Relation Name": "title", "Alias": "t", "Startup Cost": 0.0, "Total Cost": 18754.32, "Plan Rows": 2528311, "Plan Width": 21, "Actual Min Startup Time": 0.017, "Actual Max Startup Time": 0.031, "Actual Min Total Time": 47.36, "Actual Max Total Time": 50.396, "Actual Rows": 2528311}], "Actual Rows": 2528311}], "Actual Rows": 6598417}], "Actual Rows": 62}], "Actual Rows": 16}], "Actual Rows": 16}], "Actual Rows": 1}, "Triggers": [], "Planner Runtime": 15, "Total Runtime": 3170.296, "Unique SQL Id": 3544391839}}, "(16, 59)": {"explain_plan": {"Plan": {"Node Type": "Aggregate", "Strategy": "Plain", "Startup Cost": 7000209677653.96, "Total Cost": 7000209677653.97, "Plan Rows": 1, "Plan Width": 97, "Plans": [{"Node Type": "Nested Loop", "Parent Relationship": "Outer", "Join Type": "Inner", "Startup Cost": 70000000000.0, "Total Cost": 7000209677653.91, "Plan Rows": 12, "Plan Width": 33, "Inner Unique": false, "Join Filter": "(ci.movie_id = t.id)", "Plans": [{"Node Type": "Index Scan", "Parent Relationship": "Outer", "Scan Direction": "Forward", "Index Name": "title_pkey", "Relation Name": "title", "Alias": "t", "Startup Cost": 10000000000.0, "Total Cost": 1000011012048.91, "Plan Rows": 2528311, "Plan Width": 21}, {"Node Type": "Materialize", "Parent Relationship": "Inner", "Startup Cost": 60000000000.0, "Total Cost": 6000198210509.04, "Plan Rows": 12, "Plan Width": 24, "Plans": [{"Node Type": "Nested Loop", "Parent Relationship": "Outer", "Join Type": "Inner", "Startup Cost": 60000000000.0, "Total Cost": 6000198210508.98, "Plan Rows": 12, "Plan Width": 24, "Inner Unique": false, "Join Filter": "(n1.id = an1.person_id)", "Plans": [{"Node Type": "Nested Loop", "Parent Relationship": "Outer", "Join Type": "Inner", "Startup Cost": 50000000000.0, "Total Cost": 5000190257182.06, "Plan Rows": 78, "Plan Width": 16, "Inner Unique": true, "Join Filter": "(ci.person_id = n1.id)", "Plans": [{"Node Type": "Nested Loop", "Parent Relationship": "Outer", "Join Type": "Inner", "Startup Cost": 40000000000.0, "Total Cost": 4000170439317.36, "Plan Rows": 532, "Plan Width": 12, "Inner Unique": true, "Join Filter": "(ci.role_id = rt.id)", "Plans": [{"Node Type": "Nested Loop", "Parent Relationship": "Outer", "Join Type": "Inner", "Startup Cost": 30000000000.0, "Total Cost": 3000170437983.65, "Plan Rows": 5847, "Plan Width": 16, "Inner Unique": false, "Join Filter": "(mc.movie_id = ci.movie_id)", "Plans": [{"Node Type": "Nested Loop", "Parent Relationship": "Outer", "Join Type": "Inner", "Startup Cost": 20000000000.0, "Total Cost": 2000018843457.92, "Plan Rows": 5775, "Plan Width": 4, "Inner Unique": true, "Join Filter": "(cn.id = mc.company_id)", "Plans": [{"Node Type": "Index Scan", "Parent Relationship": "Outer", "Scan Direction": "Forward", "Index Name": "movie_id_movie_companies", "Relation Name": "movie_companies", "Alias": "mc", "Startup Cost": 10000000000.0, "Total Cost": 1000014356510.13, "Plan Rows": 36426, "Plan Width": 8, "Filter": "(((note)::text ~~ '%(Japan)%'::text) AND ((note)::text !~~ '%(USA)%'::text))"}, {"Node Type": "Materialize", "Parent Relationship": "Inner", "Startup Cost": 10000000000.0, "Total Cost": 1000001050170.42, "Plan Rows": 6290, "Plan Width": 4, "Plans": [{"Node Type": "Index Scan", "Parent Relationship": "Outer", "Scan Direction": "Forward", "Index Name": "company_name_pkey", "Relation Name": "company_name", "Alias": "cn", "Startup Cost": 10000000000.0, "Total Cost": 1000001050138.97, "Plan Rows": 6290, "Plan Width": 4, "Filter": "((country_code)::text = '[jp]'::text)"}]}]}, {"Node Type": "Materialize", "Parent Relationship": "Inner", "Startup Cost": 10000000000.0, "Total Cost": 1000143218822.96, "Plan Rows": 96692, "Plan Width": 12, "Plans": [{"Node Type": "Index Scan", "Parent Relationship": "Outer", "Scan Direction": "Forward", "Index Name": "role_id_cast_info", "Relation Name": "cast_info", "Alias": "ci", "Startup Cost": 10000000000.0, "Total Cost": 1000143218339.5, "Plan Rows": 96692, "Plan Width": 12, "Filter": "((note)::text = '(voice: English version)'::text)"}]}]}, {"Node Type": "Materialize", "Parent Relationship": "Inner", "Startup Cost": 10000000000.0, "Total Cost": 1000000001246.0, "Plan Rows": 1, "Plan Width": 4, "Plans": [{"Node Type": "Index Scan", "Parent Relationship": "Outer", "Scan Direction": "Forward", "Index Name": "role_type_pkey", "Relation Name": "role_type", "Alias": "rt", "Startup Cost": 10000000000.0, "Total Cost": 1000000001246.0, "Plan Rows": 1, "Plan Width": 4, "Filter": "((role)::text = 'actress'::text)"}]}]}, {"Node Type": "Materialize", "Parent Relationship": "Inner", "Startup Cost": 10000000000.0, "Total Cost": 1000019707089.13, "Plan Rows": 13886, "Plan Width": 4, "Plans": [{"Node Type": "Index Scan", "Parent Relationship": "Outer", "Scan Direction": "Forward", "Index Name": "name_pkey", "Relation Name": "name", "Alias": "n1", "Startup Cost": 10000000000.0, "Total Cost": 1000019707019.7, "Plan Rows": 13886, "Plan Width": 4, "Filter": "(((name)::text ~~ '%Yo%'::text) AND ((name)::text !~~ '%Yu%'::text))"}]}]}, {"Node Type": "Materialize", "Parent Relationship": "Inner", "Startup Cost": 10000000000.0, "Total Cost": 1000006901010.14, "Plan Rows": 901342, "Plan Width": 20, "Plans": [{"Node Type": "Index Scan", "Parent Relationship": "Outer", "Scan Direction": "Forward", "Index Name": "person_id_aka_name", "Relation Name": "aka_name", "Alias": "an1", "Startup Cost": 10000000000.0, "Total Cost": 1000006896503.43, "Plan Rows": 901342, "Plan Width": 20}]}]}]}]}]}, "Unique SQL Id": 3544391839, "Planner Runtime": 6}, "explain_analyze_plan": null}, "(16, 60)": {"explain_plan": {"Plan": {"Node Type": "Aggregate", "Strategy": "Plain", "Startup Cost": 72267.16, "Total Cost": 72267.17, "Plan Rows": 1, "Plan Width": 97, "Plans": [{"Node Type": "Nested Loop", "Parent Relationship": "Outer", "Join Type": "Inner", "Startup Cost": 0.0, "Total Cost": 72267.1, "Plan Rows": 12, "Plan Width": 33, "Inner Unique": true, "Plans": [{"Node Type": "Nested Loop", "Parent Relationship": "Outer", "Join Type": "Inner", "Startup Cost": 0.0, "Total Cost": 71891.56, "Plan Rows": 645, "Plan Width": 41, "Inner Unique": false, "Plans": [{"Node Type": "Nested Loop", "Parent Relationship": "Outer", "Join Type": "Inner", "Startup Cost": 0.0, "Total Cost": 71437.35, "Plan Rows": 532, "Plan Width": 21, "Inner Unique": false, "Join Filter": "(ci.role_id = rt.id)", "Plans": [{"Node Type": "Seq Scan", "Parent Relationship": "Outer", "Relation Name": "role_type", "Alias": "rt", "Startup Cost": 0.0, "Total Cost": 1.15, "Plan Rows": 1, "Plan Width": 4, "Filter": "((role)::text = 'actress'::text)"}, {"Node Type": "Materialize", "Parent Relationship": "Inner", "Startup Cost": 0.0, "Total Cost": 71377.73, "Plan Rows": 5847, "Plan Width": 25, "Plans": [{"Node Type": "Nested Loop", "Parent Relationship": "Outer", "Join Type": "Inner", "Startup Cost": 0.0, "Total Cost": 71363.11, "Plan Rows": 5847, "Plan Width": 25, "Inner Unique": false, "Plans": [{"Node Type": "Nested Loop", "Parent Relationship": "Outer", "Join Type": "Inner", "Startup Cost": 0.0, "Total Cost": 65620.52, "Plan Rows": 5775, "Plan Width": 25, "Inner Unique": true, "Plans": [{"Node Type": "Nested Loop", "Parent Relationship": "Outer", "Join Type": "Inner", "Startup Cost": 0.0, "Total Cost": 42973.42, "Plan Rows": 5775, "Plan Width": 4, "Inner Unique": true, "Plans": [{"Node Type": "Streaming(type: LOCAL GATHER dop: 1/16)", "Parent Relationship": "Outer", "Startup Cost": 0.0, "Total Cost": 19215.08, "Plan Rows": 36426, "Plan Width": 8, "Plans": [{"Node Type": "Seq Scan", "Parent Relationship": "Outer", "Relation Name": "movie_companies", "Alias": "mc", "Startup Cost": 0.0, "Total Cost": 18428.93, "Plan Rows": 36426, "Plan Width": 8, "Filter": "(((note)::text ~~ '%(Japan)%'::text) AND ((note)::text !~~ '%(USA)%'::text))"}]}, {"Node Type": "Index Scan", "Parent Relationship": "Inner", "Scan Direction": "Forward", "Index Name": "company_name_pkey", "Relation Name": "company_name", "Alias": "cn", "Startup Cost": 0.0, "Total Cost": 0.64, "Plan Rows": 1, "Plan Width": 4, "Index Cond": "(id = mc.company_id)", "Filter": "((country_code)::text = '[jp]'::text)"}]}, {"Node Type": "Index Scan", "Parent Relationship": "Inner", "Scan Direction": "Forward", "Index Name": "title_pkey", "Relation Name": "title", "Alias": "t", "Startup Cost": 0.0, "Total Cost": 3.91, "Plan Rows": 1, "Plan Width": 21, "Index Cond": "(id = mc.movie_id)"}]}, {"Node Type": "Index Scan", "Parent Relationship": "Inner", "Scan Direction": "Forward", "Index Name": "movie_id_cast_info", "Relation Name": "cast_info", "Alias": "ci", "Startup Cost": 0.0, "Total Cost": 0.98, "Plan Rows": 1, "Plan Width": 12, "Index Cond": "(movie_id = t.id)", "Filter": "((note)::text = '(voice: English version)'::text)"}]}]}]}, {"Node Type": "Index Scan", "Parent Relationship": "Inner", "Scan Direction": "Forward", "Index Name": "person_id_aka_name", "Relation Name": "aka_name", "Alias": "an1", "Startup Cost": 0.0, "Total Cost": 0.84, "Plan Rows": 1, "Plan Width": 20, "Index Cond": "(person_id = ci.person_id)"}]}, {"Node Type": "Index Scan", "Parent Relationship": "Inner", "Scan Direction": "Forward", "Index Name": "name_pkey", "Relation Name": "name", "Alias": "n1", "Startup Cost": 0.0, "Total Cost": 0.57, "Plan Rows": 1, "Plan Width": 4, "Index Cond": "(id = an1.person_id)", "Filter": "(((name)::text ~~ '%Yo%'::text) AND ((name)::text !~~ '%Yu%'::text))"}]}]}, "Unique SQL Id": 3544391839, "Planner Runtime": 8}, "explain_analyze_plan": {"Plan": {"Node Type": "Aggregate", "Strategy": "Plain", "Startup Cost": 72267.16, "Total Cost": 72267.17, "Plan Rows": 1, "Plan Width": 97, "Actual Min Startup Time": 3140.754, "Actual Max Startup Time": 3140.754, "Actual Min Total Time": 3140.755, "Actual Max Total Time": 3140.755, "Plans": [{"Node Type": "Nested Loop", "Parent Relationship": "Outer", "Join Type": "Inner", "Startup Cost": 0.0, "Total Cost": 72267.1, "Plan Rows": 12, "Plan Width": 33, "Actual Min Startup Time": 3051.501, "Actual Max Startup Time": 3051.501, "Actual Min Total Time": 3140.654, "Actual Max Total Time": 3140.654, "Inner Unique": true, "Plans": [{"Node Type": "Nested Loop", "Parent Relationship": "Outer", "Join Type": "Inner", "Startup Cost": 0.0, "Total Cost": 71891.56, "Plan Rows": 645, "Plan Width": 41, "Actual Min Startup Time": 3027.461, "Actual Max Startup Time": 3027.461, "Actual Min Total Time": 3075.17, "Actual Max Total Time": 3075.17, "Inner Unique": false, "Plans": [{"Node Type": "Nested Loop", "Parent Relationship": "Outer", "Join Type": "Inner", "Startup Cost": 0.0, "Total Cost": 71437.35, "Plan Rows": 532, "Plan Width": 21, "Actual Min Startup Time": 3027.406, "Actual Max Startup Time": 3027.406, "Actual Min Total Time": 3036.225, "Actual Max Total Time": 3036.225, "Inner Unique": false, "Join Filter": "(ci.role_id = rt.id)", "Rows Removed by Join Filter": 12162, "Plans": [{"Node Type": "Seq Scan", "Parent Relationship": "Outer", "Relation Name": "role_type", "Alias": "rt", "Startup Cost": 0.0, "Total Cost": 1.15, "Plan Rows": 1, "Plan Width": 4, "Actual Min Startup Time": 0.116, "Actual Max Startup Time": 0.116, "Actual Min Total Time": 0.124, "Actual Max Total Time": 0.124, "Filter": "((role)::text = 'actress'::text)", "Rows Removed by Filter": 11, "Actual Rows": 1}, {"Node Type": "Materialize", "Parent Relationship": "Inner", "Startup Cost": 0.0, "Total Cost": 71377.73, "Plan Rows": 5847, "Plan Width": 25, "Actual Min Startup Time": 3027.257, "Actual Max Startup Time": 3027.257, "Actual Min Total Time": 3030.009, "Actual Max Total Time": 3030.009, "Plans": [{"Node Type": "Nested Loop", "Parent Relationship": "Outer", "Join Type": "Inner", "Startup Cost": 0.0, "Total Cost": 71363.11, "Plan Rows": 5847, "Plan Width": 25, "Actual Min Startup Time": 17.425, "Actual Max Startup Time": 17.425, "Actual Min Total Time": 3020.473, "Actual Max Total Time": 3020.473, "Inner Unique": false, "Plans": [{"Node Type": "Nested Loop", "Parent Relationship": "Outer", "Join Type": "Inner", "Startup Cost": 0.0, "Total Cost": 65620.52, "Plan Rows": 5775, "Plan Width": 25, "Actual Min Startup Time": 17.298, "Actual Max Startup Time": 17.298, "Actual Min Total Time": 520.972, "Actual Max Total Time": 520.972, "Inner Unique": true, "Plans": [{"Node Type": "Nested Loop", "Parent Relationship": "Outer", "Join Type": "Inner", "Startup Cost": 0.0, "Total Cost": 42973.42, "Plan Rows": 5775, "Plan Width": 4, "Actual Min Startup Time": 17.284, "Actual Max Startup Time": 17.284, "Actual Min Total Time": 289.357, "Actual Max Total Time": 289.357, "Inner Unique": true, "Plans": [{"Node Type": "Streaming(type: LOCAL GATHER dop: 1/16)", "Parent Relationship": "Outer", "Startup Cost": 0.0, "Total Cost": 19215.08, "Plan Rows": 36426, "Plan Width": 8, "Actual Min Startup Time": 17.224, "Actual Max Startup Time": 17.224, "Actual Min Total Time": 50.777, "Actual Max Total Time": 50.777, "Plans": [{"Node Type": "Seq Scan", "Parent Relationship": "Outer", "Relation Name": "movie_companies", "Alias": "mc", "Startup Cost": 0.0, "Total Cost": 18428.93, "Plan Rows": 36426, "Plan Width": 8, "Actual Min Startup Time": 0.047, "Actual Max Startup Time": 0.38, "Actual Min Total Time": 53.556, "Actual Max Total Time": 61.351, "Filter": "(((note)::text ~~ '%(Japan)%'::text) AND ((note)::text !~~ '%(USA)%'::text))", "Rows Removed by Filter": 2560231, "Actual Rows": 48897}], "Actual Rows": 48897}, {"Node Type": "Index Scan", "Parent Relationship": "Inner", "Scan Direction": "Forward", "Index Name": "company_name_pkey", "Relation Name": "company_name", "Alias": "cn", "Startup Cost": 0.0, "Total Cost": 0.64, "Plan Rows": 1, "Plan Width": 4, "Actual Min Startup Time": 194.947, "Actual Max Startup Time": 194.947, "Actual Min Total Time": 194.947, "Actual Max Total Time": 194.947, "Index Cond": "(id = mc.company_id)", "Rows Removed by Index Recheck": 0, "Filter": "((country_code)::text = '[jp]'::text)", "Rows Removed by Filter": 569, "Actual Rows": 48328}], "Actual Rows": 48328}, {"Node Type": "Index Scan", "Parent Relationship": "Inner", "Scan Direction": "Forward", "Index Name": "title_pkey", "Relation Name": "title", "Alias": "t", "Startup Cost": 0.0, "Total Cost": 3.91, "Plan Rows": 1, "Plan Width": 21, "Actual Min Startup Time": 190.518, "Actual Max Startup Time": 190.518, "Actual Min Total Time": 190.518, "Actual Max Total Time": 190.518, "Index Cond": "(id = mc.movie_id)", "Rows Removed by Index Recheck": 0, "Actual Rows": 48328}], "Actual Rows": 48328}, {"Node Type": "Index Scan", "Parent Relationship": "Inner", "Scan Direction": "Forward", "Index Name": "movie_id_cast_info", "Relation Name": "cast_info", "Alias": "ci", "Startup Cost": 0.0, "Total Cost": 0.98, "Plan Rows": 1, "Plan Width": 12, "Actual Min Startup Time": 2358.199, "Actual Max Startup Time": 2358.199, "Actual Min Total Time": 2468.853, "Actual Max Total Time": 2468.853, "Index Cond": "(movie_id = t.id)", "Rows Removed by Index Recheck": 0, "Filter": "((note)::text = '(voice: English version)'::text)", "Rows Removed by Filter": 1531710, "Actual Rows": 19600}], "Actual Rows": 19600}], "Actual Rows": 19601}], "Actual Rows": 7438}, {"Node Type": "Index Scan", "Parent Relationship": "Inner", "Scan Direction": "Forward", "Index Name": "person_id_aka_name", "Relation Name": "aka_name", "Alias": "an1", "Startup Cost": 0.0, "Total Cost": 0.84, "Plan Rows": 1, "Plan Width": 20, "Actual Min Startup Time": 23.985, "Actual Max Startup Time": 23.985, "Actual Min Total Time": 31.144, "Actual Max Total Time": 31.144, "Index Cond": "(person_id = ci.person_id)", "Rows Removed by Index Recheck": 0, "Actual Rows": 17379}], "Actual Rows": 17379}, {"Node Type": "Index Scan", "Parent Relationship": "Inner", "Scan Direction": "Forward", "Index Name": "name_pkey", "Relation Name": "name", "Alias": "n1", "Startup Cost": 0.0, "Total Cost": 0.57, "Plan Rows": 1, "Plan Width": 4, "Actual Min Startup Time": 57.363, "Actual Max Startup Time": 57.363, "Actual Min Total Time": 57.363, "Actual Max Total Time": 57.363, "Index Cond": "(id = an1.person_id)", "Rows Removed by Index Recheck": 0, "Filter": "(((name)::text ~~ '%Yo%'::text) AND ((name)::text !~~ '%Yu%'::text))", "Rows Removed by Filter": 17317, "Actual Rows": 62}], "Actual Rows": 62}], "Actual Rows": 1}, "Triggers": [], "Planner Runtime": 8, "Total Runtime": 3143.678, "Unique SQL Id": 3544391839}}, "(16, 61)": {"explain_plan": {"Plan": {"Node Type": "Aggregate", "Strategy": "Plain", "Startup Cost": 110824.82, "Total Cost": 110824.83, "Plan Rows": 1, "Plan Width": 97, "Plans": [{"Node Type": "Nested Loop", "Parent Relationship": "Outer", "Join Type": "Inner", "Startup Cost": 0.0, "Total Cost": 110824.76, "Plan Rows": 12, "Plan Width": 33, "Inner Unique": true, "Plans": [{"Node Type": "Nested Loop", "Parent Relationship": "Outer", "Join Type": "Inner", "Startup Cost": 0.0, "Total Cost": 110449.22, "Plan Rows": 645, "Plan Width": 41, "Inner Unique": false, "Plans": [{"Node Type": "Nested Loop", "Parent Relationship": "Outer", "Join Type": "Inner", "Startup Cost": 0.0, "Total Cost": 109995.01, "Plan Rows": 532, "Plan Width": 21, "Inner Unique": false, "Join Filter": "(ci.role_id = rt.id)", "Plans": [{"Node Type": "Index Scan", "Parent Relationship": "Outer", "Scan Direction": "Forward", "Index Name": "role_type_pkey", "Relation Name": "role_type", "Alias": "rt", "Startup Cost": 0.0, "Total Cost": 12.46, "Plan Rows": 1, "Plan Width": 4, "Filter": "((role)::text = 'actress'::text)"}, {"Node Type": "Nested Loop", "Parent Relationship": "Inner", "Join Type": "Inner", "Startup Cost": 0.0, "Total Cost": 109909.47, "Plan Rows": 5847, "Plan Width": 25, "Inner Unique": false, "Plans": [{"Node Type": "Nested Loop", "Parent Relationship": "Outer", "Join Type": "Inner", "Startup Cost": 0.0, "Total Cost": 104166.87, "Plan Rows": 5775, "Plan Width": 25, "Inner Unique": true, "Plans": [{"Node Type": "Nested Loop", "Parent Relationship": "Outer", "Join Type": "Inner", "Startup Cost": 0.0, "Total Cost": 81519.78, "Plan Rows": 5775, "Plan Width": 4, "Inner Unique": false, "Plans": [{"Node Type": "Index Scan", "Parent Relationship": "Outer", "Scan Direction": "Forward", "Index Name": "company_name_pkey", "Relation Name": "company_name", "Alias": "cn", "Startup Cost": 0.0, "Total Cost": 10501.39, "Plan Rows": 6290, "Plan Width": 4, "Filter": "((country_code)::text = '[jp]'::text)"}, {"Node Type": "Index Scan", "Parent Relationship": "Inner", "Scan Direction": "Forward", "Index Name": "company_id_movie_companies", "Relation Name": "movie_companies", "Alias": "mc", "Startup Cost": 0.0, "Total Cost": 11.28, "Plan Rows": 1, "Plan Width": 8, "Index Cond": "(company_id = cn.id)", "Filter": "(((note)::text ~~ '%(Japan)%'::text) AND ((note)::text !~~ '%(USA)%'::text))"}]}, {"Node Type": "Index Scan", "Parent Relationship": "Inner", "Scan Direction": "Forward", "Index Name": "title_pkey", "Relation Name": "title", "Alias": "t", "Startup Cost": 0.0, "Total Cost": 3.91, "Plan Rows": 1, "Plan Width": 21, "Index Cond": "(id = mc.movie_id)"}]}, {"Node Type": "Index Scan", "Parent Relationship": "Inner", "Scan Direction": "Forward", "Index Name": "movie_id_cast_info", "Relation Name": "cast_info", "Alias": "ci", "Startup Cost": 0.0, "Total Cost": 0.98, "Plan Rows": 1, "Plan Width": 12, "Index Cond": "(movie_id = t.id)", "Filter": "((note)::text = '(voice: English version)'::text)"}]}]}, {"Node Type": "Index Scan", "Parent Relationship": "Inner", "Scan Direction": "Forward", "Index Name": "person_id_aka_name", "Relation Name": "aka_name", "Alias": "an1", "Startup Cost": 0.0, "Total Cost": 0.84, "Plan Rows": 1, "Plan Width": 20, "Index Cond": "(person_id = ci.person_id)"}]}, {"Node Type": "Index Scan", "Parent Relationship": "Inner", "Scan Direction": "Forward", "Index Name": "name_pkey", "Relation Name": "name", "Alias": "n1", "Startup Cost": 0.0, "Total Cost": 0.57, "Plan Rows": 1, "Plan Width": 4, "Index Cond": "(id = an1.person_id)", "Filter": "(((name)::text ~~ '%Yo%'::text) AND ((name)::text !~~ '%Yu%'::text))"}]}]}, "Unique SQL Id": 3544391839, "Planner Runtime": 7}, "explain_analyze_plan": {"Plan": {"Node Type": "Aggregate", "Strategy": "Plain", "Startup Cost": 110824.82, "Total Cost": 110824.83, "Plan Rows": 1, "Plan Width": 97, "Actual Startup Time": 4251.906, "Actual Total Time": 4251.907, "Actual Rows": 1, "Actual Loops": 1, "Plans": [{"Node Type": "Nested Loop", "Parent Relationship": "Outer", "Join Type": "Inner", "Startup Cost": 0.0, "Total Cost": 110824.76, "Plan Rows": 12, "Plan Width": 33, "Actual Startup Time": 4.317, "Actual Total Time": 4251.596, "Actual Rows": 62, "Actual Loops": 1, "Inner Unique": true, "Plans": [{"Node Type": "Nested Loop", "Parent Relationship": "Outer", "Join Type": "Inner", "Startup Cost": 0.0, "Total Cost": 110449.22, "Plan Rows": 645, "Plan Width": 41, "Actual Startup Time": 0.339, "Actual Total Time": 4172.355, "Actual Rows": 17379, "Actual Loops": 1, "Inner Unique": false, "Plans": [{"Node Type": "Nested Loop", "Parent Relationship": "Outer", "Join Type": "Inner", "Startup Cost": 0.0, "Total Cost": 109995.01, "Plan Rows": 532, "Plan Width": 21, "Actual Startup Time": 0.325, "Actual Total Time": 4120.566, "Actual Rows": 7438, "Actual Loops": 1, "Inner Unique": false, "Join Filter": "(ci.role_id = rt.id)", "Rows Removed by Join Filter": 12162, "Plans": [{"Node Type": "Index Scan", "Parent Relationship": "Outer", "Scan Direction": "Forward", "Index Name": "role_type_pkey", "Relation Name": "role_type", "Alias": "rt", "Startup Cost": 0.0, "Total Cost": 12.46, "Plan Rows": 1, "Plan Width": 4, "Actual Startup Time": 0.041, "Actual Total Time": 0.05, "Actual Rows": 1, "Actual Loops": 1, "Filter": "((role)::text = 'actress'::text)", "Rows Removed by Filter": 11}, {"Node Type": "Nested Loop", "Parent Relationship": "Inner", "Join Type": "Inner", "Startup Cost": 0.0, "Total Cost": 109909.47, "Plan Rows": 5847, "Plan Width": 25, "Actual Startup Time": 0.278, "Actual Total Time": 4115.211, "Actual Rows": 19600, "Actual Loops": 1, "Inner Unique": false, "Plans": [{"Node Type": "Nested Loop", "Parent Relationship": "Outer", "Join Type": "Inner", "Startup Cost": 0.0, "Total Cost": 104166.87, "Plan Rows": 5775, "Plan Width": 25, "Actual Startup Time": 0.224, "Actual Total Time": 875.65, "Actual Rows": 48328, "Actual Loops": 1, "Inner Unique": true, "Plans": [{"Node Type": "Nested Loop", "Parent Relationship": "Outer", "Join Type": "Inner", "Startup Cost": 0.0, "Total Cost": 81519.78, "Plan Rows": 5775, "Plan Width": 4, "Actual Startup Time": 0.213, "Actual Total Time": 545.47, "Actual Rows": 48328, "Actual Loops": 1, "Inner Unique": false, "Plans": [{"Node Type": "Index Scan", "Parent Relationship": "Outer", "Scan Direction": "Forward", "Index Name": "company_name_pkey", "Relation Name": "company_name", "Alias": "cn", "Startup Cost": 0.0, "Total Cost": 10501.39, "Plan Rows": 6290, "Plan Width": 4, "Actual Startup Time": 0.179, "Actual Total Time": 311.98, "Actual Rows": 6752, "Actual Loops": 1, "Filter": "((country_code)::text = '[jp]'::text)", "Rows Removed by Filter": 228244}, {"Node Type": "Index Scan", "Parent Relationship": "Inner", "Scan Direction": "Forward", "Index Name": "company_id_movie_companies", "Relation Name": "movie_companies", "Alias": "mc", "Startup Cost": 0.0, "Total Cost": 11.28, "Plan Rows": 1, "Plan Width": 8, "Actual Startup Time": 53.58, "Actual Total Time": 217.697, "Actual Rows": 48328, "Actual Loops": 6752, "Index Cond": "(company_id = cn.id)", "Rows Removed by Index Recheck": 0, "Filter": "(((note)::text ~~ '%(Japan)%'::text) AND ((note)::text !~~ '%(USA)%'::text))", "Rows Removed by Filter": 56667}]}, {"Node Type": "Index Scan", "Parent Relationship": "Inner", "Scan Direction": "Forward", "Index Name": "title_pkey", "Relation Name": "title", "Alias": "t", "Startup Cost": 0.0, "Total Cost": 3.91, "Plan Rows": 1, "Plan Width": 21, "Actual Startup Time": 287.494, "Actual Total Time": 287.494, "Actual Rows": 48328, "Actual Loops": 48328, "Index Cond": "(id = mc.movie_id)", "Rows Removed by Index Recheck": 0}]}, {"Node Type": "Index Scan", "Parent Relationship": "Inner", "Scan Direction": "Forward", "Index Name": "movie_id_cast_info", "Relation Name": "cast_info", "Alias": "ci", "Startup Cost": 0.0, "Total Cost": 0.98, "Plan Rows": 1, "Plan Width": 12, "Actual Startup Time": 3064.724, "Actual Total Time": 3208.536, "Actual Rows": 19600, "Actual Loops": 48328, "Index Cond": "(movie_id = t.id)", "Rows Removed by Index Recheck": 0, "Filter": "((note)::text = '(voice: English version)'::text)", "Rows Removed by Filter": 1531710}]}]}, {"Node Type": "Index Scan", "Parent Relationship": "Inner", "Scan Direction": "Forward", "Index Name": "person_id_aka_name", "Relation Name": "aka_name", "Alias": "an1", "Startup Cost": 0.0, "Total Cost": 0.84, "Plan Rows": 1, "Plan Width": 20, "Actual Startup Time": 34.193, "Actual Total Time": 42.713, "Actual Rows": 17379, "Actual Loops": 7438, "Index Cond": "(person_id = ci.person_id)", "Rows Removed by Index Recheck": 0}]}, {"Node Type": "Index Scan", "Parent Relationship": "Inner", "Scan Direction": "Forward", "Index Name": "name_pkey", "Relation Name": "name", "Alias": "n1", "Startup Cost": 0.0, "Total Cost": 0.57, "Plan Rows": 1, "Plan Width": 4, "Actual Startup Time": 70.243, "Actual Total Time": 70.243, "Actual Rows": 62, "Actual Loops": 17379, "Index Cond": "(id = an1.person_id)", "Rows Removed by Index Recheck": 0, "Filter": "(((name)::text ~~ '%Yo%'::text) AND ((name)::text !~~ '%Yu%'::text))", "Rows Removed by Filter": 17317}]}]}, "Triggers": [], "Planner Runtime": 7, "Total Runtime": 4252.246, "Unique SQL Id": 3544391839}}, "(16, 62)": {"explain_plan": {"Plan": {"Node Type": "Aggregate", "Strategy": "Plain", "Startup Cost": 315493.8, "Total Cost": 315493.82, "Plan Rows": 1, "Plan Width": 97, "Plans": [{"Node Type": "Streaming(type: LOCAL GATHER dop: 1/16)", "Parent Relationship": "Outer", "Startup Cost": 315493.8, "Total Cost": 315493.82, "Plan Rows": 1, "Plan Width": 97, "Plans": [{"Node Type": "Aggregate", "Strategy": "Plain", "Parent Relationship": "Outer", "Startup Cost": 315493.8, "Total Cost": 315493.81, "Plan Rows": 1, "Plan Width": 97, "Plans": [{"Node Type": "Nested Loop", "Parent Relationship": "Outer", "Join Type": "Inner", "Startup Cost": 0.0, "Total Cost": 315493.74, "Plan Rows": 12, "Plan Width": 33, "Inner Unique": true, "Join Filter": "(ci.movie_id = t.id)", "Plans": [{"Node Type": "Streaming(type: LOCAL REDISTRIBUTE dop: 16/16)", "Parent Relationship": "Outer", "Startup Cost": 0.0, "Total Cost": 270678.06, "Plan Rows": 12, "Plan Width": 24, "Plans": [{"Node Type": "Nested Loop", "Parent Relationship": "Outer", "Join Type": "Inner", "Startup Cost": 0.0, "Total Cost": 255678.01, "Plan Rows": 12, "Plan Width": 24, "Inner Unique": false, "Join Filter": "(n1.id = an1.person_id)", "Plans": [{"Node Type": "Streaming(type: LOCAL REDISTRIBUTE dop: 16/16)", "Parent Relationship": "Outer", "Startup Cost": 0.0, "Total Cost": 34659.52, "Plan Rows": 901342, "Plan Width": 20, "Plans": [{"Node Type": "Seq Scan", "Parent Relationship": "Outer", "Relation Name": "aka_name", "Alias": "an1", "Startup Cost": 0.0, "Total Cost": 16244.28, "Plan Rows": 901342, "Plan Width": 20}]}, {"Node Type": "Materialize", "Parent Relationship": "Inner", "Startup Cost": 0.0, "Total Cost": 216899.09, "Plan Rows": 78, "Plan Width": 16, "Plans": [{"Node Type": "Streaming(type: LOCAL REDISTRIBUTE dop: 16/16)", "Parent Relationship": "Outer", "Startup Cost": 0.0, "Total Cost": 216899.07, "Plan Rows": 78, "Plan Width": 16, "Plans": [{"Node Type": "Nested Loop", "Parent Relationship": "Outer", "Join Type": "Inner", "Startup Cost": 0.0, "Total Cost": 201898.77, "Plan Rows": 78, "Plan Width": 16, "Inner Unique": false, "Join Filter": "(mc.company_id = cn.id)", "Plans": [{"Node Type": "Streaming(type: BROADCAST dop: 16/1)", "Parent Relationship": "Outer", "Startup Cost": 0.0, "Total Cost": 23075.47, "Plan Rows": 100640, "Plan Width": 4, "Plans": [{"Node Type": "Seq Scan", "Parent Relationship": "Outer", "Relation Name": "company_name", "Alias": "cn", "Startup Cost": 0.0, "Total Cost": 5903.45, "Plan Rows": 6290, "Plan Width": 4, "Filter": "((country_code)::text = '[jp]'::text)"}]}, {"Node Type": "Materialize", "Parent Relationship": "Inner", "Startup Cost": 0.0, "Total Cost": 172602.27, "Plan Rows": 1055, "Plan Width": 20, "Plans": [{"Node Type": "Nested Loop", "Parent Relationship": "Outer", "Join Type": "Inner", "Startup Cost": 0.0, "Total Cost": 172601.94, "Plan Rows": 1055, "Plan Width": 20, "Inner Unique": false, "Join Filter": "(ci.movie_id = mc.movie_id)", "Plans": [{"Node Type": "Streaming(type: LOCAL REDISTRIBUTE dop: 16/16)", "Parent Relationship": "Outer", "Startup Cost": 0.0, "Total Cost": 33566.95, "Plan Rows": 36426, "Plan Width": 8, "Plans": [{"Node Type": "Seq Scan", "Parent Relationship": "Outer", "Relation Name": "movie_companies", "Alias": "mc", "Startup Cost": 0.0, "Total Cost": 18428.93, "Plan Rows": 36426, "Plan Width": 8, "Filter": "(((note)::text ~~ '%(Japan)%'::text) AND ((note)::text !~~ '%(USA)%'::text))"}]}, {"Node Type": "Materialize", "Parent Relationship": "Inner", "Startup Cost": 0.0, "Total Cost": 136275.49, "Plan Rows": 1293, "Plan Width": 12, "Plans": [{"Node Type": "Streaming(type: LOCAL REDISTRIBUTE dop: 16/16)", "Parent Relationship": "Outer", "Startup Cost": 0.0, "Total Cost": 136275.09, "Plan Rows": 1293, "Plan Width": 12, "Plans": [{"Node Type": "Nested Loop", "Parent Relationship": "Outer", "Join Type": "Inner", "Startup Cost": 0.0, "Total Cost": 121270.19, "Plan Rows": 1293, "Plan Width": 12, "Inner Unique": false, "Join Filter": "(ci.person_id = n1.id)", "Plans": [{"Node Type": "Streaming(type: LOCAL REDISTRIBUTE dop: 16/16)", "Parent Relationship": "Outer", "Startup Cost": 0.0, "Total Cost": 37171.95, "Plan Rows": 13886, "Plan Width": 4, "Plans": [{"Node Type": "Seq Scan", "Parent Relationship": "Outer", "Relation Name": "name", "Alias": "n1", "Startup Cost": 0.0, "Total Cost": 22119.33, "Plan Rows": 13886, "Plan Width": 4, "Filter": "(((name)::text ~~ '%Yo%'::text) AND ((name)::text !~~ '%Yu%'::text))"}]}, {"Node Type": "Materialize", "Parent Relationship": "Inner", "Startup Cost": 0.0, "Total Cost": 76947.78, "Plan Rows": 8790, "Plan Width": 8, "Plans": [{"Node Type": "Streaming(type: LOCAL REDISTRIBUTE dop: 16/1)", "Parent Relationship": "Outer", "Startup Cost": 0.0, "Total Cost": 76945.03, "Plan Rows": 8790, "Plan Width": 8, "Plans": [{"Node Type": "Nested Loop", "Parent Relationship": "Outer", "Join Type": "Inner", "Startup Cost": 0.0, "Total Cost": 61579.53, "Plan Rows": 8790, "Plan Width": 8, "Inner Unique": false, "Join Filter": "(ci.role_id = rt.id)", "Plans": [{"Node Type": "Seq Scan", "Parent Relationship": "Outer", "Relation Name": "role_type", "Alias": "rt", "Startup Cost": 0.0, "Total Cost": 1.15, "Plan Rows": 1, "Plan Width": 4, "Filter": "((role)::text = 'actress'::text)"}, {"Node Type": "Materialize", "Parent Relationship": "Inner", "Startup Cost": 0.0, "Total Cost": 60611.46, "Plan Rows": 96692, "Plan Width": 12, "Plans": [{"Node Type": "Streaming(type: LOCAL GATHER dop: 1/16)", "Parent Relationship": "Outer", "Startup Cost": 0.0, "Total Cost": 60369.73, "Plan Rows": 96692, "Plan Width": 12, "Plans": [{"Node Type": "Seq Scan", "Parent Relationship": "Outer", "Relation Name": "cast_info", "Alias": "ci", "Startup Cost": 0.0, "Total Cost": 58282.92, "Plan Rows": 96692, "Plan Width": 12, "Filter": "((note)::text = '(voice: English version)'::text)"}]}]}]}]}]}]}]}]}]}]}]}]}]}]}]}, {"Node Type": "Materialize", "Parent Relationship": "Inner", "Startup Cost": 0.0, "Total Cost": 49655.03, "Plan Rows": 2528311, "Plan Width": 21, "Plans": [{"Node Type": "Streaming(type: LOCAL REDISTRIBUTE dop: 16/16)", "Parent Relationship": "Outer", "Startup Cost": 0.0, "Total Cost": 43334.25, "Plan Rows": 2528311, "Plan Width": 21, "Plans": [{"Node Type": "Seq Scan", "Parent Relationship": "Outer", "Relation Name": "title", "Alias": "t", "Startup Cost": 0.0, "Total Cost": 18754.32, "Plan Rows": 2528311, "Plan Width": 21}]}]}]}]}]}]}, "Unique SQL Id": 3544391839, "Planner Runtime": 15}, "explain_analyze_plan": {"Plan": {"Node Type": "Aggregate", "Strategy": "Plain", "Startup Cost": 315493.8, "Total Cost": 315493.82, "Plan Rows": 1, "Plan Width": 97, "Actual Min Startup Time": 3137.93, "Actual Max Startup Time": 3137.93, "Actual Min Total Time": 3137.93, "Actual Max Total Time": 3137.93, "Plans": [{"Node Type": "Streaming(type: LOCAL GATHER dop: 1/16)", "Parent Relationship": "Outer", "Startup Cost": 315493.8, "Total Cost": 315493.82, "Plan Rows": 1, "Plan Width": 97, "Actual Min Startup Time": 2806.801, "Actual Max Startup Time": 2806.801, "Actual Min Total Time": 3137.819, "Actual Max Total Time": 3137.819, "Plans": [{"Node Type": "Aggregate", "Strategy": "Plain", "Parent Relationship": "Outer", "Startup Cost": 315493.8, "Total Cost": 315493.81, "Plan Rows": 1, "Plan Width": 97, "Actual Min Startup Time": 2594.527, "Actual Max Startup Time": 2943.788, "Actual Min Total Time": 2594.527, "Actual Max Total Time": 2943.788, "Plans": [{"Node Type": "Nested Loop", "Parent Relationship": "Outer", "Join Type": "Inner", "Startup Cost": 0.0, "Total Cost": 315493.74, "Plan Rows": 12, "Plan Width": 33, "Actual Min Startup Time": 2594.521, "Actual Max Startup Time": 2703.086, "Actual Min Total Time": 2594.521, "Actual Max Total Time": 2943.734, "Inner Unique": true, "Join Filter": "(ci.movie_id = t.id)", "Rows Removed by Join Filter": 6598339, "Plans": [{"Node Type": "Streaming(type: LOCAL REDISTRIBUTE dop: 16/16)", "Parent Relationship": "Outer", "Startup Cost": 0.0, "Total Cost": 270678.06, "Plan Rows": 12, "Plan Width": 24, "Actual Min Startup Time": 96.319, "Actual Max Startup Time": 97.65, "Actual Min Total Time": 96.332, "Actual Max Total Time": 97.657, "Plans": [{"Node Type": "Nested Loop", "Parent Relationship": "Outer", "Join Type": "Inner", "Startup Cost": 0.0, "Total Cost": 255678.01, "Plan Rows": 12, "Plan Width": 24, "Actual Min Startup Time": 2336.107, "Actual Max Startup Time": 2622.806, "Actual Min Total Time": 2573.033, "Actual Max Total Time": 2622.806, "Inner Unique": false, "Join Filter": "(n1.id = an1.person_id)", "Rows Removed by Join Filter": 2146385, "Plans": [{"Node Type": "Streaming(type: LOCAL REDISTRIBUTE dop: 16/16)", "Parent Relationship": "Outer", "Startup Cost": 0.0, "Total Cost": 34659.52, "Plan Rows": 901342, "Plan Width": 20, "Actual Min Startup Time": 0.062, "Actual Max Startup Time": 0.458, "Actual Min Total Time": 13.587, "Actual Max Total Time": 511.967, "Plans": [{"Node Type": "Seq Scan", "Parent Relationship": "Outer", "Relation Name": "aka_name", "Alias": "an1", "Startup Cost": 0.0, "Total Cost": 16244.28, "Plan Rows": 901342, "Plan Width": 20, "Actual Min Startup Time": 0.018, "Actual Max Startup Time": 0.031, "Actual Min Total Time": 15.456, "Actual Max Total Time": 18.267, "Actual Rows": 901342}], "Actual Rows": 901342}, {"Node Type": "Materialize", "Parent Relationship": "Inner", "Startup Cost": 0.0, "Total Cost": 216899.09, "Plan Rows": 78, "Plan Width": 16, "Actual Min Startup Time": 2052.283, "Actual Max Startup Time": 2102.732, "Actual Min Total Time": 2052.283, "Actual Max Total Time": 2243.988, "Plans": [{"Node Type": "Streaming(type: LOCAL REDISTRIBUTE dop: 16/16)", "Parent Relationship": "Outer", "Startup Cost": 0.0, "Total Cost": 216899.07, "Plan Rows": 78, "Plan Width": 16, "Actual Min Startup Time": 2045.734, "Actual Max Startup Time": 2095.483, "Actual Min Total Time": 2045.734, "Actual Max Total Time": 2095.483, "Plans": [{"Node Type": "Nested Loop", "Parent Relationship": "Outer", "Join Type": "Inner", "Startup Cost": 0.0, "Total Cost": 201898.77, "Plan Rows": 78, "Plan Width": 16, "Actual Min Startup Time": 1942.203, "Actual Max Startup Time": 2129.118, "Actual Min Total Time": 2045.463, "Actual Max Total Time": 2129.118, "Inner Unique": false, "Join Filter": "(mc.company_id = cn.id)", "Rows Removed by Join Filter": 263290, "Plans": [{"Node Type": "Streaming(type: BROADCAST dop: 16/1)", "Parent Relationship": "Outer", "Startup Cost": 0.0, "Total Cost": 23075.47, "Plan Rows": 100640, "Plan Width": 4, "Actual Min Startup Time": 0.035, "Actual Max Startup Time": 0.073, "Actual Min Total Time": 111.675, "Actual Max Total Time": 124.699, "Plans": [{"Node Type": "Seq Scan", "Parent Relationship": "Outer", "Relation Name": "company_name", "Alias": "cn", "Startup Cost": 0.0, "Total Cost": 5903.45, "Plan Rows": 6290, "Plan Width": 4, "Actual Min Startup Time": 0.047, "Actual Max Startup Time": 0.047, "Actual Min Total Time": 83.597, "Actual Max Total Time": 83.597, "Filter": "((country_code)::text = '[jp]'::text)", "Rows Removed by Filter": 228244, "Actual Rows": 6752}], "Actual Rows": 108032}, {"Node Type": "Materialize", "Parent Relationship": "Inner", "Startup Cost": 0.0, "Total Cost": 172602.27, "Plan Rows": 1055, "Plan Width": 20, "Actual Min Startup Time": 1919.647, "Actual Max Startup Time": 2003.378, "Actual Min Total Time": 1919.647, "Actual Max Total Time": 2005.205, "Plans": [{"Node Type": "Nested Loop", "Parent Relationship": "Outer", "Join Type": "Inner", "Startup Cost": 0.0, "Total Cost": 172601.94, "Plan Rows": 1055, "Plan Width": 20, "Actual Min Startup Time": 1867.163, "Actual Max Startup Time": 2002.577, "Actual Min Total Time": 1919.045, "Actual Max Total Time": 2002.787, "Inner Unique": false, "Join Filter": "(ci.movie_id = mc.movie_id)", "Rows Removed by Join Filter": 1205748, "Plans": [{"Node Type": "Streaming(type: LOCAL REDISTRIBUTE dop: 16/16)", "Parent Relationship": "Outer", "Startup Cost": 0.0, "Total Cost": 33566.95, "Plan Rows": 36426, "Plan Width": 8, "Actual Min Startup Time": 0.063, "Actual Max Startup Time": 3.326, "Actual Min Total Time": 45.579, "Actual Max Total Time": 61.044, "Plans": [{"Node Type": "Seq Scan", "Parent Relationship": "Outer", "Relation Name": "movie_companies", "Alias": "mc", "Startup Cost": 0.0, "Total Cost": 18428.93, "Plan Rows": 36426, "Plan Width": 8, "Actual Min Startup Time": 0.054, "Actual Max Startup Time": 0.374, "Actual Min Total Time": 53.773, "Actual Max Total Time": 61.386, "Filter": "(((note)::text ~~ '%(Japan)%'::text) AND ((note)::text !~~ '%(USA)%'::text))", "Rows Removed by Filter": 2560231, "Actual Rows": 48897}], "Actual Rows": 48897}, {"Node Type": "Materialize", "Parent Relationship": "Inner", "Startup Cost": 0.0, "Total Cost": 136275.49, "Plan Rows": 1293, "Plan Width": 12, "Actual Min Startup Time": 1846.034, "Actual Max Startup Time": 1929.701, "Actual Min Total Time": 1850.159, "Actual Max Total Time": 1938.393, "Plans": [{"Node Type": "Streaming(type: LOCAL REDISTRIBUTE dop: 16/16)", "Parent Relationship": "Outer", "Startup Cost": 0.0, "Total Cost": 136275.09, "Plan Rows": 1293, "Plan Width": 12, "Actual Min Startup Time": 1788.172, "Actual Max Startup Time": 1871.809, "Actual Min Total Time": 1845.768, "Actual Max Total Time": 1929.411, "Plans": [{"Node Type": "Nested Loop", "Parent Relationship": "Outer", "Join Type": "Inner", "Startup Cost": 0.0, "Total Cost": 121270.19, "Plan Rows": 1293, "Plan Width": 12, "Actual Min Startup Time": 872.126, "Actual Max Startup Time": 1890.467, "Actual Min Total Time": 1797.572, "Actual Max Total Time": 1890.467, "Inner Unique": false, "Join Filter": "(ci.person_id = n1.id)", "Rows Removed by Join Filter": 45591108, "Plans": [{"Node Type": "Streaming(type: LOCAL REDISTRIBUTE dop: 16/16)", "Parent Relationship": "Outer", "Startup Cost": 0.0, "Total Cost": 37171.95, "Plan Rows": 13886, "Plan Width": 4, "Actual Min Startup Time": 0.035, "Actual Max Startup Time": 0.07, "Actual Min Total Time": 0.522, "Actual Max Total Time": 721.482, "Plans": [{"Node Type": "Seq Scan", "Parent Relationship": "Outer", "Relation Name": "name", "Alias": "n1", "Startup Cost": 0.0, "Total Cost": 22119.33, "Plan Rows": 13886, "Plan Width": 4, "Actual Min Startup Time": 0.055, "Actual Max Startup Time": 1.696, "Actual Min Total Time": 100.612, "Actual Max Total Time": 106.512, "Filter": "(((name)::text ~~ '%Yo%'::text) AND ((name)::text !~~ '%Yu%'::text))", "Rows Removed by Filter": 4146579, "Actual Rows": 20911}], "Actual Rows": 20911}, {"Node Type": "Materialize", "Parent Relationship": "Inner", "Startup Cost": 0.0, "Total Cost": 76947.78, "Plan Rows": 8790, "Plan Width": 8, "Actual Min Startup Time": 677.558, "Actual Max Startup Time": 773.834, "Actual Min Total Time": 835.464, "Actual Max Total Time": 1096.272, "Plans": [{"Node Type": "Streaming(type: LOCAL REDISTRIBUTE dop: 16/1)", "Parent Relationship": "Outer", "Startup Cost": 0.0, "Total Cost": 76945.03, "Plan Rows": 8790, "Plan Width": 8, "Actual Min Startup Time": 640.194, "Actual Max Startup Time": 737.495, "Actual Min Total Time": 677.077, "Actual Max Total Time": 773.454, "Plans": [{"Node Type": "Nested Loop", "Parent Relationship": "Outer", "Join Type": "Inner", "Startup Cost": 0.0, "Total Cost": 61579.53, "Plan Rows": 8790, "Plan Width": 8, "Actual Min Startup Time": 671.514, "Actual Max Startup Time": 671.514, "Actual Min Total Time": 688.184, "Actual Max Total Time": 688.184, "Inner Unique": false, "Join Filter": "(ci.role_id = rt.id)", "Rows Removed by Join Filter": 58247, "Plans": [{"Node Type": "Seq Scan", "Parent Relationship": "Outer", "Relation Name": "role_type", "Alias": "rt", "Startup Cost": 0.0, "Total Cost": 1.15, "Plan Rows": 1, "Plan Width": 4, "Actual Min Startup Time": 0.066, "Actual Max Startup Time": 0.066, "Actual Min Total Time": 0.074, "Actual Max Total Time": 0.074, "Filter": "((role)::text = 'actress'::text)", "Rows Removed by Filter": 11, "Actual Rows": 1}, {"Node Type": "Materialize", "Parent Relationship": "Inner", "Startup Cost": 0.0, "Total Cost": 60611.46, "Plan Rows": 96692, "Plan Width": 12, "Actual Min Startup Time": 654.932, "Actual Max Startup Time": 654.932, "Actual Min Total Time": 664.855, "Actual Max Total Time": 664.855, "Plans": [{"Node Type": "Streaming(type: LOCAL GATHER dop: 1/16)", "Parent Relationship": "Outer", "Startup Cost": 0.0, "Total Cost": 60369.73, "Plan Rows": 96692, "Plan Width": 12, "Actual Min Startup Time": 0.071, "Actual Max Startup Time": 0.071, "Actual Min Total Time": 641.173, "Actual Max Total Time": 641.173, "Plans": [{"Node Type": "Seq Scan", "Parent Relationship": "Outer", "Relation Name": "cast_info", "Alias": "ci", "Startup Cost": 0.0, "Total Cost": 58282.92, "Plan Rows": 96692, "Plan Width": 12, "Actual Min Startup Time": 0.069, "Actual Max Startup Time": 2.946, "Actual Min Total Time": 606.417, "Actual Max Total Time": 649.451, "Filter": "((note)::text = '(voice: English version)'::text)", "Rows Removed by Filter": 36151248, "Actual Rows": 93095}], "Actual Rows": 93095}], "Actual Rows": 93096}], "Actual Rows": 34848}], "Actual Rows": 34848}], "Actual Rows": 45591518}], "Actual Rows": 394}], "Actual Rows": 394}], "Actual Rows": 1205803}], "Actual Rows": 39}], "Actual Rows": 263340}], "Actual Rows": 38}], "Actual Rows": 38}], "Actual Rows": 2146450}], "Actual Rows": 62}], "Actual Rows": 62}, {"Node Type": "Materialize", "Parent Relationship": "Inner", "Startup Cost": 0.0, "Total Cost": 49655.03, "Plan Rows": 2528311, "Plan Width": 21, "Actual Min Startup Time": 2493.626, "Actual Max Startup Time": 2573.696, "Actual Min Total Time": 2493.626, "Actual Max Total Time": 2665.938, "Plans": [{"Node Type": "Streaming(type: LOCAL REDISTRIBUTE dop: 16/16)", "Parent Relationship": "Outer", "Startup Cost": 0.0, "Total Cost": 43334.25, "Plan Rows": 2528311, "Plan Width": 21, "Actual Min Startup Time": 0.056, "Actual Max Startup Time": 33.889, "Actual Min Total Time": 2468.55, "Actual Max Total Time": 2549.729, "Plans": [{"Node Type": "Seq Scan", "Parent Relationship": "Outer", "Relation Name": "title", "Alias": "t", "Startup Cost": 0.0, "Total Cost": 18754.32, "Plan Rows": 2528311, "Plan Width": 21, "Actual Min Startup Time": 0.017, "Actual Max Startup Time": 0.031, "Actual Min Total Time": 47.36, "Actual Max Total Time": 50.396, "Actual Rows": 2528311}], "Actual Rows": 2528311}], "Actual Rows": 6598417}], "Actual Rows": 62}], "Actual Rows": 16}], "Actual Rows": 16}], "Actual Rows": 1}, "Triggers": [], "Planner Runtime": 15, "Total Runtime": 3170.296, "Unique SQL Id": 3544391839}}, "(16, 63)": {"explain_plan": {"Plan": {"Node Type": "Aggregate", "Strategy": "Plain", "Startup Cost": 7000209677653.96, "Total Cost": 7000209677653.97, "Plan Rows": 1, "Plan Width": 97, "Plans": [{"Node Type": "Nested Loop", "Parent Relationship": "Outer", "Join Type": "Inner", "Startup Cost": 70000000000.0, "Total Cost": 7000209677653.91, "Plan Rows": 12, "Plan Width": 33, "Inner Unique": false, "Join Filter": "(ci.movie_id = t.id)", "Plans": [{"Node Type": "Index Scan", "Parent Relationship": "Outer", "Scan Direction": "Forward", "Index Name": "title_pkey", "Relation Name": "title", "Alias": "t", "Startup Cost": 10000000000.0, "Total Cost": 1000011012048.91, "Plan Rows": 2528311, "Plan Width": 21}, {"Node Type": "Materialize", "Parent Relationship": "Inner", "Startup Cost": 60000000000.0, "Total Cost": 6000198210509.04, "Plan Rows": 12, "Plan Width": 24, "Plans": [{"Node Type": "Nested Loop", "Parent Relationship": "Outer", "Join Type": "Inner", "Startup Cost": 60000000000.0, "Total Cost": 6000198210508.98, "Plan Rows": 12, "Plan Width": 24, "Inner Unique": false, "Join Filter": "(n1.id = an1.person_id)", "Plans": [{"Node Type": "Nested Loop", "Parent Relationship": "Outer", "Join Type": "Inner", "Startup Cost": 50000000000.0, "Total Cost": 5000190257182.06, "Plan Rows": 78, "Plan Width": 16, "Inner Unique": true, "Join Filter": "(ci.person_id = n1.id)", "Plans": [{"Node Type": "Nested Loop", "Parent Relationship": "Outer", "Join Type": "Inner", "Startup Cost": 40000000000.0, "Total Cost": 4000170439317.36, "Plan Rows": 532, "Plan Width": 12, "Inner Unique": true, "Join Filter": "(ci.role_id = rt.id)", "Plans": [{"Node Type": "Nested Loop", "Parent Relationship": "Outer", "Join Type": "Inner", "Startup Cost": 30000000000.0, "Total Cost": 3000170437983.65, "Plan Rows": 5847, "Plan Width": 16, "Inner Unique": false, "Join Filter": "(mc.movie_id = ci.movie_id)", "Plans": [{"Node Type": "Nested Loop", "Parent Relationship": "Outer", "Join Type": "Inner", "Startup Cost": 20000000000.0, "Total Cost": 2000018843457.92, "Plan Rows": 5775, "Plan Width": 4, "Inner Unique": true, "Join Filter": "(cn.id = mc.company_id)", "Plans": [{"Node Type": "Index Scan", "Parent Relationship": "Outer", "Scan Direction": "Forward", "Index Name": "movie_id_movie_companies", "Relation Name": "movie_companies", "Alias": "mc", "Startup Cost": 10000000000.0, "Total Cost": 1000014356510.13, "Plan Rows": 36426, "Plan Width": 8, "Filter": "(((note)::text ~~ '%(Japan)%'::text) AND ((note)::text !~~ '%(USA)%'::text))"}, {"Node Type": "Materialize", "Parent Relationship": "Inner", "Startup Cost": 10000000000.0, "Total Cost": 1000001050170.42, "Plan Rows": 6290, "Plan Width": 4, "Plans": [{"Node Type": "Index Scan", "Parent Relationship": "Outer", "Scan Direction": "Forward", "Index Name": "company_name_pkey", "Relation Name": "company_name", "Alias": "cn", "Startup Cost": 10000000000.0, "Total Cost": 1000001050138.97, "Plan Rows": 6290, "Plan Width": 4, "Filter": "((country_code)::text = '[jp]'::text)"}]}]}, {"Node Type": "Materialize", "Parent Relationship": "Inner", "Startup Cost": 10000000000.0, "Total Cost": 1000143218822.96, "Plan Rows": 96692, "Plan Width": 12, "Plans": [{"Node Type": "Index Scan", "Parent Relationship": "Outer", "Scan Direction": "Forward", "Index Name": "role_id_cast_info", "Relation Name": "cast_info", "Alias": "ci", "Startup Cost": 10000000000.0, "Total Cost": 1000143218339.5, "Plan Rows": 96692, "Plan Width": 12, "Filter": "((note)::text = '(voice: English version)'::text)"}]}]}, {"Node Type": "Materialize", "Parent Relationship": "Inner", "Startup Cost": 10000000000.0, "Total Cost": 1000000001246.0, "Plan Rows": 1, "Plan Width": 4, "Plans": [{"Node Type": "Index Scan", "Parent Relationship": "Outer", "Scan Direction": "Forward", "Index Name": "role_type_pkey", "Relation Name": "role_type", "Alias": "rt", "Startup Cost": 10000000000.0, "Total Cost": 1000000001246.0, "Plan Rows": 1, "Plan Width": 4, "Filter": "((role)::text = 'actress'::text)"}]}]}, {"Node Type": "Materialize", "Parent Relationship": "Inner", "Startup Cost": 10000000000.0, "Total Cost": 1000019707089.13, "Plan Rows": 13886, "Plan Width": 4, "Plans": [{"Node Type": "Index Scan", "Parent Relationship": "Outer", "Scan Direction": "Forward", "Index Name": "name_pkey", "Relation Name": "name", "Alias": "n1", "Startup Cost": 10000000000.0, "Total Cost": 1000019707019.7, "Plan Rows": 13886, "Plan Width": 4, "Filter": "(((name)::text ~~ '%Yo%'::text) AND ((name)::text !~~ '%Yu%'::text))"}]}]}, {"Node Type": "Materialize", "Parent Relationship": "Inner", "Startup Cost": 10000000000.0, "Total Cost": 1000006901010.14, "Plan Rows": 901342, "Plan Width": 20, "Plans": [{"Node Type": "Index Scan", "Parent Relationship": "Outer", "Scan Direction": "Forward", "Index Name": "person_id_aka_name", "Relation Name": "aka_name", "Alias": "an1", "Startup Cost": 10000000000.0, "Total Cost": 1000006896503.43, "Plan Rows": 901342, "Plan Width": 20}]}]}]}]}]}, "Unique SQL Id": 3544391839, "Planner Runtime": 6}, "explain_analyze_plan": null}, "(16, 64)": {"explain_plan": {"Plan": {"Node Type": "Aggregate", "Strategy": "Plain", "Startup Cost": 54635.31, "Total Cost": 54635.32, "Plan Rows": 1, "Plan Width": 97, "Plans": [{"Node Type": "Nested Loop", "Parent Relationship": "Outer", "Join Type": "Inner", "Startup Cost": 5983.24, "Total Cost": 54632.08, "Plan Rows": 646, "Plan Width": 33, "Inner Unique": true, "Plans": [{"Node Type": "Nested Loop", "Parent Relationship": "Outer", "Join Type": "Inner", "Startup Cost": 5983.24, "Total Cost": 54256.54, "Plan Rows": 645, "Plan Width": 41, "Inner Unique": false, "Plans": [{"Node Type": "Hash Join", "Parent Relationship": "Outer", "Join Type": "Inner", "Startup Cost": 5983.24, "Total Cost": 53802.32, "Plan Rows": 532, "Plan Width": 21, "Inner Unique": true, "Hash Cond": "(ci.role_id = rt.id)", "Plans": [{"Node Type": "Nested Loop", "Parent Relationship": "Outer", "Join Type": "Inner", "Startup Cost": 5982.08, "Total Cost": 53781.19, "Plan Rows": 5847, "Plan Width": 25, "Inner Unique": false, "Plans": [{"Node Type": "Nested Loop", "Parent Relationship": "Outer", "Join Type": "Inner", "Startup Cost": 5982.08, "Total Cost": 48038.6, "Plan Rows": 5775, "Plan Width": 25, "Inner Unique": true, "Plans": [{"Node Type": "Hash Join", "Parent Relationship": "Outer", "Join Type": "Inner", "Startup Cost": 5982.08, "Total Cost": 25391.5, "Plan Rows": 5775, "Plan Width": 4, "Inner Unique": true, "Hash Cond": "(mc.company_id = cn.id)", "Plans": [{"Node Type": "Streaming(type: LOCAL GATHER dop: 1/16)", "Parent Relationship": "Outer", "Startup Cost": 0.0, "Total Cost": 19215.08, "Plan Rows": 36426, "Plan Width": 8, "Plans": [{"Node Type": "Seq Scan", "Parent Relationship": "Outer", "Relation Name": "movie_companies", "Alias": "mc", "Startup Cost": 0.0, "Total Cost": 18428.93, "Plan Rows": 36426, "Plan Width": 8, "Filter": "(((note)::text ~~ '%(Japan)%'::text) AND ((note)::text !~~ '%(USA)%'::text))"}]}, {"Node Type": "Hash", "Parent Relationship": "Inner", "Startup Cost": 5903.45, "Total Cost": 5903.45, "Plan Rows": 6290, "Plan Width": 4, "Plans": [{"Node Type": "Seq Scan", "Parent Relationship": "Outer", "Relation Name": "company_name", "Alias": "cn", "Startup Cost": 0.0, "Total Cost": 5903.45, "Plan Rows": 6290, "Plan Width": 4, "Filter": "((country_code)::text = '[jp]'::text)"}]}]}, {"Node Type": "Index Scan", "Parent Relationship": "Inner", "Scan Direction": "Forward", "Index Name": "title_pkey", "Relation Name": "title", "Alias": "t", "Startup Cost": 0.0, "Total Cost": 3.91, "Plan Rows": 1, "Plan Width": 21, "Index Cond": "(id = mc.movie_id)"}]}, {"Node Type": "Index Scan", "Parent Relationship": "Inner", "Scan Direction": "Forward", "Index Name": "movie_id_cast_info", "Relation Name": "cast_info", "Alias": "ci", "Startup Cost": 0.0, "Total Cost": 0.98, "Plan Rows": 1, "Plan Width": 12, "Index Cond": "(movie_id = t.id)", "Filter": "((note)::text = '(voice: English version)'::text)"}]}, {"Node Type": "Hash", "Parent Relationship": "Inner", "Startup Cost": 1.15, "Total Cost": 1.15, "Plan Rows": 1, "Plan Width": 4, "Plans": [{"Node Type": "Seq Scan", "Parent Relationship": "Outer", "Relation Name": "role_type", "Alias": "rt", "Startup Cost": 0.0, "Total Cost": 1.15, "Plan Rows": 1, "Plan Width": 4, "Filter": "((role)::text = 'actress'::text)"}]}]}, {"Node Type": "Index Scan", "Parent Relationship": "Inner", "Scan Direction": "Forward", "Index Name": "person_id_aka_name", "Relation Name": "aka_name", "Alias": "an1", "Startup Cost": 0.0, "Total Cost": 0.84, "Plan Rows": 1, "Plan Width": 20, "Index Cond": "(person_id = ci.person_id)"}]}, {"Node Type": "Index Scan", "Parent Relationship": "Inner", "Scan Direction": "Forward", "Index Name": "name_pkey", "Relation Name": "name", "Alias": "n1", "Startup Cost": 0.0, "Total Cost": 0.57, "Plan Rows": 1, "Plan Width": 4, "Index Cond": "(id = an1.person_id)", "Filter": "(((name)::text ~~ '%Yo%'::text) AND ((name)::text !~~ '%Yu%'::text))"}]}]}, "Unique SQL Id": 3544391839, "Planner Runtime": 57}, "explain_analyze_plan": {"Plan": {"Node Type": "Aggregate", "Strategy": "Plain", "Startup Cost": 54635.31, "Total Cost": 54635.32, "Plan Rows": 1, "Plan Width": 97, "Actual Min Startup Time": 3089.833, "Actual Max Startup Time": 3089.833, "Actual Min Total Time": 3089.834, "Actual Max Total Time": 3089.834, "Plans": [{"Node Type": "Nested Loop", "Parent Relationship": "Outer", "Join Type": "Inner", "Startup Cost": 5983.24, "Total Cost": 54632.08, "Plan Rows": 646, "Plan Width": 33, "Actual Min Startup Time": 313.1, "Actual Max Startup Time": 313.1, "Actual Min Total Time": 3089.609, "Actual Max Total Time": 3089.609, "Inner Unique": true, "Plans": [{"Node Type": "Nested Loop", "Parent Relationship": "Outer", "Join Type": "Inner", "Startup Cost": 5983.24, "Total Cost": 54256.54, "Plan Rows": 645, "Plan Width": 41, "Actual Min Startup Time": 90.995, "Actual Max Startup Time": 90.995, "Actual Min Total Time": 3016.553, "Actual Max Total Time": 3016.553, "Inner Unique": false, "Plans": [{"Node Type": "Hash Join", "Parent Relationship": "Outer", "Join Type": "Inner", "Startup Cost": 5983.24, "Total Cost": 53802.32, "Plan Rows": 532, "Plan Width": 21, "Actual Min Startup Time": 90.978, "Actual Max Startup Time": 90.978, "Actual Min Total Time": 2967.605, "Actual Max Total Time": 2967.605, "Inner Unique": true, "Hash Cond": "(ci.role_id = rt.id)", "Plans": [{"Node Type": "Nested Loop", "Parent Relationship": "Outer", "Join Type": "Inner", "Startup Cost": 5982.08, "Total Cost": 53781.19, "Plan Rows": 5847, "Plan Width": 25, "Actual Min Startup Time": 90.852, "Actual Max Startup Time": 90.852, "Actual Min Total Time": 2961.159, "Actual Max Total Time": 2961.159, "Inner Unique": false, "Plans": [{"Node Type": "Nested Loop", "Parent Relationship": "Outer", "Join Type": "Inner", "Startup Cost": 5982.08, "Total Cost": 48038.6, "Plan Rows": 5775, "Plan Width": 25, "Actual Min Startup Time": 84.624, "Actual Max Startup Time": 84.624, "Actual Min Total Time": 375.475, "Actual Max Total Time": 375.475, "Inner Unique": true, "Plans": [{"Node Type": "Hash Join", "Parent Relationship": "Outer", "Join Type": "Inner", "Startup Cost": 5982.08, "Total Cost": 25391.5, "Plan Rows": 5775, "Plan Width": 4, "Actual Min Startup Time": 84.573, "Actual Max Startup Time": 84.573, "Actual Min Total Time": 139.786, "Actual Max Total Time": 139.786, "Inner Unique": true, "Hash Cond": "(mc.company_id = cn.id)", "Plans": [{"Node Type": "Streaming(type: LOCAL GATHER dop: 1/16)", "Parent Relationship": "Outer", "Startup Cost": 0.0, "Total Cost": 19215.08, "Plan Rows": 36426, "Plan Width": 8, "Actual Min Startup Time": 0.054, "Actual Max Startup Time": 0.054, "Actual Min Total Time": 20.957, "Actual Max Total Time": 20.957, "Plans": [{"Node Type": "Seq Scan", "Parent Relationship": "Outer", "Relation Name": "movie_companies", "Alias": "mc", "Startup Cost": 0.0, "Total Cost": 18428.93, "Plan Rows": 36426, "Plan Width": 8, "Actual Min Startup Time": 0.037, "Actual Max Startup Time": 0.381, "Actual Min Total Time": 53.715, "Actual Max Total Time": 61.267, "Filter": "(((note)::text ~~ '%(Japan)%'::text) AND ((note)::text !~~ '%(USA)%'::text))", "Rows Removed by Filter": 2560231, "Actual Rows": 48897}], "Actual Rows": 48897}, {"Node Type": "Hash", "Parent Relationship": "Inner", "Startup Cost": 5903.45, "Total Cost": 5903.45, "Plan Rows": 6290, "Plan Width": 4, "Actual Min Startup Time": 84.458, "Actual Max Startup Time": 84.458, "Actual Min Total Time": 84.458, "Actual Max Total Time": 84.458, "Max Hash Buckets": 32768, "Min Hash Buckets": 32768, "Max Hash Batches": 1, "Min Hash Batches": 1, "Max Original Hash Batches": 1, "Min Original Hash Batches": 1, "Max Peak Memory Usage": 238, "min Peak Memory Usage": 238, "Plans": [{"Node Type": "Seq Scan", "Parent Relationship": "Outer", "Relation Name": "company_name", "Alias": "cn", "Startup Cost": 0.0, "Total Cost": 5903.45, "Plan Rows": 6290, "Plan Width": 4, "Actual Min Startup Time": 0.031, "Actual Max Startup Time": 0.031, "Actual Min Total Time": 82.292, "Actual Max Total Time": 82.292, "Filter": "((country_code)::text = '[jp]'::text)", "Rows Removed by Filter": 228244, "Actual Rows": 6752}], "Actual Rows": 6752}], "Actual Rows": 48328}, {"Node Type": "Index Scan", "Parent Relationship": "Inner", "Scan Direction": "Forward", "Index Name": "title_pkey", "Relation Name": "title", "Alias": "t", "Startup Cost": 0.0, "Total Cost": 3.91, "Plan Rows": 1, "Plan Width": 21, "Actual Min Startup Time": 195.436, "Actual Max Startup Time": 195.436, "Actual Min Total Time": 195.436, "Actual Max Total Time": 195.436, "Index Cond": "(id = mc.movie_id)", "Rows Removed by Index Recheck": 0, "Actual Rows": 48328}], "Actual Rows": 48328}, {"Node Type": "Index Scan", "Parent Relationship": "Inner", "Scan Direction": "Forward", "Index Name": "movie_id_cast_info", "Relation Name": "cast_info", "Alias": "ci", "Startup Cost": 0.0, "Total Cost": 0.98, "Plan Rows": 1, "Plan Width": 12, "Actual Min Startup Time": 2441.419, "Actual Max Startup Time": 2441.419, "Actual Min Total Time": 2555.355, "Actual Max Total Time": 2555.355, "Index Cond": "(movie_id = t.id)", "Rows Removed by Index Recheck": 0, "Filter": "((note)::text = '(voice: English version)'::text)", "Rows Removed by Filter": 1531710, "Actual Rows": 19600}], "Actual Rows": 19600}, {"Node Type": "Hash", "Parent Relationship": "Inner", "Startup Cost": 1.15, "Total Cost": 1.15, "Plan Rows": 1, "Plan Width": 4, "Actual Min Startup Time": 0.051, "Actual Max Startup Time": 0.051, "Actual Min Total Time": 0.051, "Actual Max Total Time": 0.051, "Max Hash Buckets": 32768, "Min Hash Buckets": 32768, "Max Hash Batches": 1, "Min Hash Batches": 1, "Max Original Hash Batches": 1, "Min Original Hash Batches": 1, "Max Peak Memory Usage": 1, "min Peak Memory Usage": 1, "Plans": [{"Node Type": "Seq Scan", "Parent Relationship": "Outer", "Relation Name": "role_type", "Alias": "rt", "Startup Cost": 0.0, "Total Cost": 1.15, "Plan Rows": 1, "Plan Width": 4, "Actual Min Startup Time": 0.038, "Actual Max Startup Time": 0.038, "Actual Min Total Time": 0.042, "Actual Max Total Time": 0.042, "Filter": "((role)::text = 'actress'::text)", "Rows Removed by Filter": 11, "Actual Rows": 1}], "Actual Rows": 1}], "Actual Rows": 7438}, {"Node Type": "Index Scan", "Parent Relationship": "Inner", "Scan Direction": "Forward", "Index Name": "person_id_aka_name", "Relation Name": "aka_name", "Alias": "an1", "Startup Cost": 0.0, "Total Cost": 0.84, "Plan Rows": 1, "Plan Width": 20, "Actual Min Startup Time": 31.331, "Actual Max Startup Time": 31.331, "Actual Min Total Time": 39.962, "Actual Max Total Time": 39.962, "Index Cond": "(person_id = ci.person_id)", "Rows Removed by Index Recheck": 0, "Actual Rows": 17379}], "Actual Rows": 17379}, {"Node Type": "Index Scan", "Parent Relationship": "Inner", "Scan Direction": "Forward", "Index Name": "name_pkey", "Relation Name": "name", "Alias": "n1", "Startup Cost": 0.0, "Total Cost": 0.57, "Plan Rows": 1, "Plan Width": 4, "Actual Min Startup Time": 63.912, "Actual Max Startup Time": 63.912, "Actual Min Total Time": 63.912, "Actual Max Total Time": 63.912, "Index Cond": "(id = an1.person_id)", "Rows Removed by Index Recheck": 0, "Filter": "(((name)::text ~~ '%Yo%'::text) AND ((name)::text !~~ '%Yu%'::text))", "Rows Removed by Filter": 17317, "Actual Rows": 62}], "Actual Rows": 62}], "Actual Rows": 1}, "Triggers": [], "Planner Runtime": 57, "Total Runtime": 3092.787, "Unique SQL Id": 3544391839}}, "(16, 65)": {"explain_plan": {"Plan": {"Node Type": "Aggregate", "Strategy": "Plain", "Startup Cost": 108955.01, "Total Cost": 108955.02, "Plan Rows": 1, "Plan Width": 97, "Plans": [{"Node Type": "Nested Loop", "Parent Relationship": "Outer", "Join Type": "Inner", "Startup Cost": 2793.28, "Total Cost": 108954.53, "Plan Rows": 96, "Plan Width": 33, "Inner Unique": true, "Plans": [{"Node Type": "Nested Loop", "Parent Relationship": "Outer", "Join Type": "Inner", "Startup Cost": 2793.28, "Total Cost": 108578.99, "Plan Rows": 645, "Plan Width": 41, "Inner Unique": false, "Plans": [{"Node Type": "Hash Join", "Parent Relationship": "Outer", "Join Type": "Inner", "Startup Cost": 2793.28, "Total Cost": 108124.77, "Plan Rows": 532, "Plan Width": 21, "Inner Unique": true, "Hash Cond": "(ci.role_id = rt.id)", "Plans": [{"Node Type": "Nested Loop", "Parent Relationship": "Outer", "Join Type": "Inner", "Startup Cost": 2780.8, "Total Cost": 108092.33, "Plan Rows": 5847, "Plan Width": 25, "Inner Unique": false, "Plans": [{"Node Type": "Nested Loop", "Parent Relationship": "Outer", "Join Type": "Inner", "Startup Cost": 2780.8, "Total Cost": 102349.74, "Plan Rows": 5775, "Plan Width": 25, "Inner Unique": true, "Plans": [{"Node Type": "Nested Loop", "Parent Relationship": "Outer", "Join Type": "Inner", "Startup Cost": 2780.8, "Total Cost": 79702.64, "Plan Rows": 5775, "Plan Width": 4, "Inner Unique": false, "Plans": [{"Node Type": "Bitmap Heap Scan", "Parent Relationship": "Outer", "Relation Name": "company_name", "Alias": "cn", "Startup Cost": 2780.8, "Total Cost": 8684.25, "Plan Rows": 6290, "Plan Width": 4, "Filter": "((country_code)::text = '[jp]'::text)", "Plans": [{"Node Type": "Bitmap Index Scan", "Parent Relationship": "Outer", "Index Name": "company_name_pkey", "Startup Cost": 0.0, "Total Cost": 2779.23, "Plan Rows": 234996, "Plan Width": 0}]}, {"Node Type": "Index Scan", "Parent Relationship": "Inner", "Scan Direction": "Forward", "Index Name": "company_id_movie_companies", "Relation Name": "movie_companies", "Alias": "mc", "Startup Cost": 0.0, "Total Cost": 11.28, "Plan Rows": 1, "Plan Width": 8, "Index Cond": "(company_id = cn.id)", "Filter": "(((note)::text ~~ '%(Japan)%'::text) AND ((note)::text !~~ '%(USA)%'::text))"}]}, {"Node Type": "Index Scan", "Parent Relationship": "Inner", "Scan Direction": "Forward", "Index Name": "title_pkey", "Relation Name": "title", "Alias": "t", "Startup Cost": 0.0, "Total Cost": 3.91, "Plan Rows": 1, "Plan Width": 21, "Index Cond": "(id = mc.movie_id)"}]}, {"Node Type": "Index Scan", "Parent Relationship": "Inner", "Scan Direction": "Forward", "Index Name": "movie_id_cast_info", "Relation Name": "cast_info", "Alias": "ci", "Startup Cost": 0.0, "Total Cost": 0.98, "Plan Rows": 1, "Plan Width": 12, "Index Cond": "(movie_id = t.id)", "Filter": "((note)::text = '(voice: English version)'::text)"}]}, {"Node Type": "Hash", "Parent Relationship": "Inner", "Startup Cost": 12.46, "Total Cost": 12.46, "Plan Rows": 1, "Plan Width": 4, "Plans": [{"Node Type": "Index Scan", "Parent Relationship": "Outer", "Scan Direction": "Forward", "Index Name": "role_type_pkey", "Relation Name": "role_type", "Alias": "rt", "Startup Cost": 0.0, "Total Cost": 12.46, "Plan Rows": 1, "Plan Width": 4, "Filter": "((role)::text = 'actress'::text)"}]}]}, {"Node Type": "Index Scan", "Parent Relationship": "Inner", "Scan Direction": "Forward", "Index Name": "person_id_aka_name", "Relation Name": "aka_name", "Alias": "an1", "Startup Cost": 0.0, "Total Cost": 0.84, "Plan Rows": 1, "Plan Width": 20, "Index Cond": "(person_id = ci.person_id)"}]}, {"Node Type": "Index Scan", "Parent Relationship": "Inner", "Scan Direction": "Forward", "Index Name": "name_pkey", "Relation Name": "name", "Alias": "n1", "Startup Cost": 0.0, "Total Cost": 0.57, "Plan Rows": 1, "Plan Width": 4, "Index Cond": "(id = an1.person_id)", "Filter": "(((name)::text ~~ '%Yo%'::text) AND ((name)::text !~~ '%Yu%'::text))"}]}]}, "Unique SQL Id": 3544391839, "Planner Runtime": 37}, "explain_analyze_plan": {"Plan": {"Node Type": "Aggregate", "Strategy": "Plain", "Startup Cost": 108955.01, "Total Cost": 108955.02, "Plan Rows": 1, "Plan Width": 97, "Actual Startup Time": 3606.58, "Actual Total Time": 3606.581, "Actual Rows": 1, "Actual Loops": 1, "Plans": [{"Node Type": "Nested Loop", "Parent Relationship": "Outer", "Join Type": "Inner", "Startup Cost": 2793.28, "Total Cost": 108954.53, "Plan Rows": 96, "Plan Width": 33, "Actual Startup Time": 259.352, "Actual Total Time": 3606.27, "Actual Rows": 62, "Actual Loops": 1, "Inner Unique": true, "Plans": [{"Node Type": "Nested Loop", "Parent Relationship": "Outer", "Join Type": "Inner", "Startup Cost": 2793.28, "Total Cost": 108578.99, "Plan Rows": 645, "Plan Width": 41, "Actual Startup Time": 21.274, "Actual Total Time": 3529.877, "Actual Rows": 17379, "Actual Loops": 1, "Inner Unique": false, "Plans": [{"Node Type": "Hash Join", "Parent Relationship": "Outer", "Join Type": "Inner", "Startup Cost": 2793.28, "Total Cost": 108124.77, "Plan Rows": 532, "Plan Width": 21, "Actual Startup Time": 21.256, "Actual Total Time": 3477.439, "Actual Rows": 7438, "Actual Loops": 1, "Inner Unique": true, "Hash Cond": "(ci.role_id = rt.id)", "Plans": [{"Node Type": "Nested Loop", "Parent Relationship": "Outer", "Join Type": "Inner", "Startup Cost": 2780.8, "Total Cost": 108092.33, "Plan Rows": 5847, "Plan Width": 25, "Actual Startup Time": 21.157, "Actual Total Time": 3470.532, "Actual Rows": 19600, "Actual Loops": 1, "Inner Unique": false, "Plans": [{"Node Type": "Nested Loop", "Parent Relationship": "Outer", "Join Type": "Inner", "Startup Cost": 2780.8, "Total Cost": 102349.74, "Plan Rows": 5775, "Plan Width": 25, "Actual Startup Time": 21.099, "Actual Total Time": 680.836, "Actual Rows": 48328, "Actual Loops": 1, "Inner Unique": true, "Plans": [{"Node Type": "Nested Loop", "Parent Relationship": "Outer", "Join Type": "Inner", "Startup Cost": 2780.8, "Total Cost": 79702.64, "Plan Rows": 5775, "Plan Width": 4, "Actual Startup Time": 21.085, "Actual Total Time": 371.603, "Actual Rows": 48328, "Actual Loops": 1, "Inner Unique": false, "Plans": [{"Node Type": "Bitmap Heap Scan", "Parent Relationship": "Outer", "Relation Name": "company_name", "Alias": "cn", "Startup Cost": 2780.8, "Total Cost": 8684.25, "Plan Rows": 6290, "Plan Width": 4, "Actual Startup Time": 21.042, "Actual Total Time": 134.763, "Actual Rows": 6752, "Actual Loops": 1, "Filter": "((country_code)::text = '[jp]'::text)", "Rows Removed by Filter": 228244, "Exact Heap Blocks": 2966, "Lossy Heap Blocks": 2966, "Plans": [{"Node Type": "Bitmap Index Scan", "Parent Relationship": "Outer", "Index Name": "company_name_pkey", "Startup Cost": 0.0, "Total Cost": 2779.23, "Plan Rows": 234996, "Plan Width": 0, "Actual Startup Time": 20.566, "Actual Total Time": 20.566, "Actual Rows": 234996, "Actual Loops": 1}]}, {"Node Type": "Index Scan", "Parent Relationship": "Inner", "Scan Direction": "Forward", "Index Name": "company_id_movie_companies", "Relation Name": "movie_companies", "Alias": "mc", "Startup Cost": 0.0, "Total Cost": 11.28, "Plan Rows": 1, "Plan Width": 8, "Actual Startup Time": 62.125, "Actual Total Time": 220.495, "Actual Rows": 48328, "Actual Loops": 6752, "Index Cond": "(company_id = cn.id)", "Rows Removed by Index Recheck": 0, "Filter": "(((note)::text ~~ '%(Japan)%'::text) AND ((note)::text !~~ '%(USA)%'::text))", "Rows Removed by Filter": 56667}]}, {"Node Type": "Index Scan", "Parent Relationship": "Inner", "Scan Direction": "Forward", "Index Name": "title_pkey", "Relation Name": "title", "Alias": "t", "Startup Cost": 0.0, "Total Cost": 3.91, "Plan Rows": 1, "Plan Width": 21, "Actual Startup Time": 266.395, "Actual Total Time": 266.395, "Actual Rows": 48328, "Actual Loops": 48328, "Index Cond": "(id = mc.movie_id)", "Rows Removed by Index Recheck": 0}]}, {"Node Type": "Index Scan", "Parent Relationship": "Inner", "Scan Direction": "Forward", "Index Name": "movie_id_cast_info", "Relation Name": "cast_info", "Alias": "ci", "Startup Cost": 0.0, "Total Cost": 0.98, "Plan Rows": 1, "Plan Width": 12, "Actual Startup Time": 2633.106, "Actual Total Time": 2758.158, "Actual Rows": 19600, "Actual Loops": 48328, "Index Cond": "(movie_id = t.id)", "Rows Removed by Index Recheck": 0, "Filter": "((note)::text = '(voice: English version)'::text)", "Rows Removed by Filter": 1531710}]}, {"Node Type": "Hash", "Parent Relationship": "Inner", "Startup Cost": 12.46, "Total Cost": 12.46, "Plan Rows": 1, "Plan Width": 4, "Actual Startup Time": 0.044, "Actual Total Time": 0.044, "Actual Rows": 1, "Actual Loops": 1, "Hash Buckets": 32768, "Hash Batches": 1, "Original Hash Batches": 1, "Peak Memory Usage": 1, "Plans": [{"Node Type": "Index Scan", "Parent Relationship": "Outer", "Scan Direction": "Forward", "Index Name": "role_type_pkey", "Relation Name": "role_type", "Alias": "rt", "Startup Cost": 0.0, "Total Cost": 12.46, "Plan Rows": 1, "Plan Width": 4, "Actual Startup Time": 0.029, "Actual Total Time": 0.035, "Actual Rows": 1, "Actual Loops": 1, "Filter": "((role)::text = 'actress'::text)", "Rows Removed by Filter": 11}]}]}, {"Node Type": "Index Scan", "Parent Relationship": "Inner", "Scan Direction": "Forward", "Index Name": "person_id_aka_name", "Relation Name": "aka_name", "Alias": "an1", "Startup Cost": 0.0, "Total Cost": 0.84, "Plan Rows": 1, "Plan Width": 20, "Actual Startup Time": 34.856, "Actual Total Time": 43.342, "Actual Rows": 17379, "Actual Loops": 7438, "Index Cond": "(person_id = ci.person_id)", "Rows Removed by Index Recheck": 0}]}, {"Node Type": "Index Scan", "Parent Relationship": "Inner", "Scan Direction": "Forward", "Index Name": "name_pkey", "Relation Name": "name", "Alias": "n1", "Startup Cost": 0.0, "Total Cost": 0.57, "Plan Rows": 1, "Plan Width": 4, "Actual Startup Time": 67.547, "Actual Total Time": 67.547, "Actual Rows": 62, "Actual Loops": 17379, "Index Cond": "(id = an1.person_id)", "Rows Removed by Index Recheck": 0, "Filter": "(((name)::text ~~ '%Yo%'::text) AND ((name)::text !~~ '%Yu%'::text))", "Rows Removed by Filter": 17317}]}]}, "Triggers": [], "Planner Runtime": 37, "Total Runtime": 3607.047, "Unique SQL Id": 3544391839}}, "(16, 66)": {"explain_plan": {"Plan": {"Node Type": "Aggregate", "Strategy": "Plain", "Startup Cost": 87811.18, "Total Cost": 87811.19, "Plan Rows": 1, "Plan Width": 97, "Plans": [{"Node Type": "Nested Loop", "Parent Relationship": "Outer", "Join Type": "Inner", "Startup Cost": 5985.74, "Total Cost": 87807.95, "Plan Rows": 646, "Plan Width": 33, "Inner Unique": true, "Plans": [{"Node Type": "Nested Loop", "Parent Relationship": "Outer", "Join Type": "Inner", "Startup Cost": 5985.41, "Total Cost": 84999.37, "Plan Rows": 645, "Plan Width": 41, "Inner Unique": false, "Plans": [{"Node Type": "Hash Join", "Parent Relationship": "Outer", "Join Type": "Inner", "Startup Cost": 5985.03, "Total Cost": 82656.81, "Plan Rows": 532, "Plan Width": 21, "Inner Unique": true, "Hash Cond": "(ci.role_id = rt.id)", "Plans": [{"Node Type": "Nested Loop", "Parent Relationship": "Outer", "Join Type": "Inner", "Startup Cost": 5983.86, "Total Cost": 82635.67, "Plan Rows": 5847, "Plan Width": 25, "Inner Unique": false, "Plans": [{"Node Type": "Nested Loop", "Parent Relationship": "Outer", "Join Type": "Inner", "Startup Cost": 5983.35, "Total Cost": 55977.85, "Plan Rows": 5775, "Plan Width": 25, "Inner Unique": true, "Plans": [{"Node Type": "Hash Join", "Parent Relationship": "Outer", "Join Type": "Inner", "Startup Cost": 5982.08, "Total Cost": 25391.5, "Plan Rows": 5775, "Plan Width": 4, "Inner Unique": true, "Hash Cond": "(mc.company_id = cn.id)", "Plans": [{"Node Type": "Streaming(type: LOCAL GATHER dop: 1/16)", "Parent Relationship": "Outer", "Startup Cost": 0.0, "Total Cost": 19215.08, "Plan Rows": 36426, "Plan Width": 8, "Plans": [{"Node Type": "Seq Scan", "Parent Relationship": "Outer", "Relation Name": "movie_companies", "Alias": "mc", "Startup Cost": 0.0, "Total Cost": 18428.93, "Plan Rows": 36426, "Plan Width": 8, "Filter": "(((note)::text ~~ '%(Japan)%'::text) AND ((note)::text !~~ '%(USA)%'::text))"}]}, {"Node Type": "Hash", "Parent Relationship": "Inner", "Startup Cost": 5903.45, "Total Cost": 5903.45, "Plan Rows": 6290, "Plan Width": 4, "Plans": [{"Node Type": "Seq Scan", "Parent Relationship": "Outer", "Relation Name": "company_name", "Alias": "cn", "Startup Cost": 0.0, "Total Cost": 5903.45, "Plan Rows": 6290, "Plan Width": 4, "Filter": "((country_code)::text = '[jp]'::text)"}]}]}, {"Node Type": "Bitmap Heap Scan", "Parent Relationship": "Inner", "Relation Name": "title", "Alias": "t", "Startup Cost": 1.27, "Total Cost": 5.29, "Plan Rows": 1, "Plan Width": 21, "Recheck Cond": "(id = mc.movie_id)", "Plans": [{"Node Type": "Bitmap Index Scan", "Parent Relationship": "Outer", "Index Name": "title_pkey", "Startup Cost": 0.0, "Total Cost": 1.27, "Plan Rows": 1, "Plan Width": 0, "Index Cond": "(id = mc.movie_id)"}]}]}, {"Node Type": "Bitmap Heap Scan", "Parent Relationship": "Inner", "Relation Name": "cast_info", "Alias": "ci", "Startup Cost": 0.52, "Total Cost": 4.61, "Plan Rows": 1, "Plan Width": 12, "Recheck Cond": "(movie_id = t.id)", "Filter": "((note)::text = '(voice: English version)'::text)", "Plans": [{"Node Type": "Bitmap Index Scan", "Parent Relationship": "Outer", "Index Name": "movie_id_cast_info", "Startup Cost": 0.0, "Total Cost": 0.52, "Plan Rows": 6, "Plan Width": 0, "Index Cond": "(movie_id = t.id)"}]}]}, {"Node Type": "Hash", "Parent Relationship": "Inner", "Startup Cost": 1.15, "Total Cost": 1.15, "Plan Rows": 1, "Plan Width": 4, "Plans": [{"Node Type": "Seq Scan", "Parent Relationship": "Outer", "Relation Name": "role_type", "Alias": "rt", "Startup Cost": 0.0, "Total Cost": 1.15, "Plan Rows": 1, "Plan Width": 4, "Filter": "((role)::text = 'actress'::text)"}]}]}, {"Node Type": "Bitmap Heap Scan", "Parent Relationship": "Inner", "Relation Name": "aka_name", "Alias": "an1", "Startup Cost": 0.38, "Total Cost": 4.39, "Plan Rows": 1, "Plan Width": 20, "Recheck Cond": "(person_id = ci.person_id)", "Plans": [{"Node Type": "Bitmap Index Scan", "Parent Relationship": "Outer", "Index Name": "person_id_aka_name", "Startup Cost": 0.0, "Total Cost": 0.38, "Plan Rows": 1, "Plan Width": 0, "Index Cond": "(person_id = ci.person_id)"}]}]}, {"Node Type": "Bitmap Heap Scan", "Parent Relationship": "Inner", "Relation Name": "name", "Alias": "n1", "Startup Cost": 0.33, "Total Cost": 4.34, "Plan Rows": 1, "Plan Width": 4, "Recheck Cond": "(id = an1.person_id)", "Filter": "(((name)::text ~~ '%Yo%'::text) AND ((name)::text !~~ '%Yu%'::text))", "Plans": [{"Node Type": "Bitmap Index Scan", "Parent Relationship": "Outer", "Index Name": "name_pkey", "Startup Cost": 0.0, "Total Cost": 0.33, "Plan Rows": 1, "Plan Width": 0, "Index Cond": "(id = an1.person_id)"}]}]}]}, "Unique SQL Id": 3544391839, "Planner Runtime": 94}, "explain_analyze_plan": {"Plan": {"Node Type": "Aggregate", "Strategy": "Plain", "Startup Cost": 87811.18, "Total Cost": 87811.19, "Plan Rows": 1, "Plan Width": 97, "Actual Min Startup Time": 4421.659, "Actual Max Startup Time": 4421.659, "Actual Min Total Time": 4421.659, "Actual Max Total Time": 4421.659, "Plans": [{"Node Type": "Nested Loop", "Parent Relationship": "Outer", "Join Type": "Inner", "Startup Cost": 5985.74, "Total Cost": 87807.95, "Plan Rows": 646, "Plan Width": 33, "Actual Min Startup Time": 401.235, "Actual Max Startup Time": 401.235, "Actual Min Total Time": 4421.398, "Actual Max Total Time": 4421.398, "Inner Unique": true, "Plans": [{"Node Type": "Nested Loop", "Parent Relationship": "Outer", "Join Type": "Inner", "Startup Cost": 5985.41, "Total Cost": 84999.37, "Plan Rows": 645, "Plan Width": 41, "Actual Min Startup Time": 94.933, "Actual Max Startup Time": 94.933, "Actual Min Total Time": 4318.724, "Actual Max Total Time": 4318.724, "Inner Unique": false, "Plans": [{"Node Type": "Hash Join", "Parent Relationship": "Outer", "Join Type": "Inner", "Startup Cost": 5985.03, "Total Cost": 82656.81, "Plan Rows": 532, "Plan Width": 21, "Actual Min Startup Time": 94.912, "Actual Max Startup Time": 94.912, "Actual Min Total Time": 4253.482, "Actual Max Total Time": 4253.482, "Inner Unique": true, "Hash Cond": "(ci.role_id = rt.id)", "Plans": [{"Node Type": "Nested Loop", "Parent Relationship": "Outer", "Join Type": "Inner", "Startup Cost": 5983.86, "Total Cost": 82635.67, "Plan Rows": 5847, "Plan Width": 25, "Actual Min Startup Time": 94.779, "Actual Max Startup Time": 94.779, "Actual Min Total Time": 4246.633, "Actual Max Total Time": 4246.633, "Inner Unique": false, "Plans": [{"Node Type": "Nested Loop", "Parent Relationship": "Outer", "Join Type": "Inner", "Startup Cost": 5983.35, "Total Cost": 55977.85, "Plan Rows": 5775, "Plan Width": 25, "Actual Min Startup Time": 86.102, "Actual Max Startup Time": 86.102, "Actual Min Total Time": 513.457, "Actual Max Total Time": 513.457, "Inner Unique": true, "Plans": [{"Node Type": "Hash Join", "Parent Relationship": "Outer", "Join Type": "Inner", "Startup Cost": 5982.08, "Total Cost": 25391.5, "Plan Rows": 5775, "Plan Width": 4, "Actual Min Startup Time": 86.031, "Actual Max Startup Time": 86.031, "Actual Min Total Time": 152.485, "Actual Max Total Time": 152.485, "Inner Unique": true, "Hash Cond": "(mc.company_id = cn.id)", "Plans": [{"Node Type": "Streaming(type: LOCAL GATHER dop: 1/16)", "Parent Relationship": "Outer", "Startup Cost": 0.0, "Total Cost": 19215.08, "Plan Rows": 36426, "Plan Width": 8, "Actual Min Startup Time": 0.08, "Actual Max Startup Time": 0.08, "Actual Min Total Time": 29.67, "Actual Max Total Time": 29.67, "Plans": [{"Node Type": "Seq Scan", "Parent Relationship": "Outer", "Relation Name": "movie_companies", "Alias": "mc", "Startup Cost": 0.0, "Total Cost": 18428.93, "Plan Rows": 36426, "Plan Width": 8, "Actual Min Startup Time": 0.041, "Actual Max Startup Time": 0.388, "Actual Min Total Time": 54.573, "Actual Max Total Time": 62.051, "Filter": "(((note)::text ~~ '%(Japan)%'::text) AND ((note)::text !~~ '%(USA)%'::text))", "Rows Removed by Filter": 2560231, "Actual Rows": 48897}], "Actual Rows": 48897}, {"Node Type": "Hash", "Parent Relationship": "Inner", "Startup Cost": 5903.45, "Total Cost": 5903.45, "Plan Rows": 6290, "Plan Width": 4, "Actual Min Startup Time": 85.894, "Actual Max Startup Time": 85.894, "Actual Min Total Time": 85.894, "Actual Max Total Time": 85.894, "Max Hash Buckets": 32768, "Min Hash Buckets": 32768, "Max Hash Batches": 1, "Min Hash Batches": 1, "Max Original Hash Batches": 1, "Min Original Hash Batches": 1, "Max Peak Memory Usage": 238, "min Peak Memory Usage": 238, "Plans": [{"Node Type": "Seq Scan", "Parent Relationship": "Outer", "Relation Name": "company_name", "Alias": "cn", "Startup Cost": 0.0, "Total Cost": 5903.45, "Plan Rows": 6290, "Plan Width": 4, "Actual Min Startup Time": 0.036, "Actual Max Startup Time": 0.036, "Actual Min Total Time": 83.73, "Actual Max Total Time": 83.73, "Filter": "((country_code)::text = '[jp]'::text)", "Rows Removed by Filter": 228244, "Actual Rows": 6752}], "Actual Rows": 6752}], "Actual Rows": 48328}, {"Node Type": "Bitmap Heap Scan", "Parent Relationship": "Inner", "Relation Name": "title", "Alias": "t", "Startup Cost": 1.27, "Total Cost": 5.29, "Plan Rows": 1, "Plan Width": 21, "Actual Min Startup Time": 286.714, "Actual Max Startup Time": 286.714, "Actual Min Total Time": 286.714, "Actual Max Total Time": 286.714, "Recheck Cond": "(id = mc.movie_id)", "Rows Removed by Index Recheck": 0, "Exact Heap Blocks": 48328, "Lossy Heap Blocks": 48328, "Plans": [{"Node Type": "Bitmap Index Scan", "Parent Relationship": "Outer", "Index Name": "title_pkey", "Startup Cost": 0.0, "Total Cost": 1.27, "Plan Rows": 1, "Plan Width": 0, "Actual Min Startup Time": 152.769, "Actual Max Startup Time": 152.769, "Actual Min Total Time": 152.769, "Actual Max Total Time": 152.769, "Index Cond": "(id = mc.movie_id)", "Actual Rows": 48328}], "Actual Rows": 48328}], "Actual Rows": 48328}, {"Node Type": "Bitmap Heap Scan", "Parent Relationship": "Inner", "Relation Name": "cast_info", "Alias": "ci", "Startup Cost": 0.52, "Total Cost": 4.61, "Plan Rows": 1, "Plan Width": 12, "Actual Min Startup Time": 3508.481, "Actual Max Startup Time": 3508.481, "Actual Min Total Time": 3660.557, "Actual Max Total Time": 3660.557, "Recheck Cond": "(movie_id = t.id)", "Rows Removed by Index Recheck": 0, "Filter": "((note)::text = '(voice: English version)'::text)", "Rows Removed by Filter": 1531710, "Exact Heap Blocks": 1503105, "Lossy Heap Blocks": 1503105, "Plans": [{"Node Type": "Bitmap Index Scan", "Parent Relationship": "Outer", "Index Name": "movie_id_cast_info", "Startup Cost": 0.0, "Total Cost": 0.52, "Plan Rows": 6, "Plan Width": 0, "Actual Min Startup Time": 460.301, "Actual Max Startup Time": 460.301, "Actual Min Total Time": 460.301, "Actual Max Total Time": 460.301, "Index Cond": "(movie_id = t.id)", "Actual Rows": 1551310}], "Actual Rows": 19600}], "Actual Rows": 19600}, {"Node Type": "Hash", "Parent Relationship": "Inner", "Startup Cost": 1.15, "Total Cost": 1.15, "Plan Rows": 1, "Plan Width": 4, "Actual Min Startup Time": 0.055, "Actual Max Startup Time": 0.055, "Actual Min Total Time": 0.055, "Actual Max Total Time": 0.055, "Max Hash Buckets": 32768, "Min Hash Buckets": 32768, "Max Hash Batches": 1, "Min Hash Batches": 1, "Max Original Hash Batches": 1, "Min Original Hash Batches": 1, "Max Peak Memory Usage": 1, "min Peak Memory Usage": 1, "Plans": [{"Node Type": "Seq Scan", "Parent Relationship": "Outer", "Relation Name": "role_type", "Alias": "rt", "Startup Cost": 0.0, "Total Cost": 1.15, "Plan Rows": 1, "Plan Width": 4, "Actual Min Startup Time": 0.039, "Actual Max Startup Time": 0.039, "Actual Min Total Time": 0.044, "Actual Max Total Time": 0.044, "Filter": "((role)::text = 'actress'::text)", "Rows Removed by Filter": 11, "Actual Rows": 1}], "Actual Rows": 1}], "Actual Rows": 7438}, {"Node Type": "Bitmap Heap Scan", "Parent Relationship": "Inner", "Relation Name": "aka_name", "Alias": "an1", "Startup Cost": 0.38, "Total Cost": 4.39, "Plan Rows": 1, "Plan Width": 20, "Actual Min Startup Time": 45.649, "Actual Max Startup Time": 45.649, "Actual Min Total Time": 50.969, "Actual Max Total Time": 50.969, "Recheck Cond": "(person_id = ci.person_id)", "Rows Removed by Index Recheck": 0, "Exact Heap Blocks": 6514, "Lossy Heap Blocks": 6514, "Plans": [{"Node Type": "Bitmap Index Scan", "Parent Relationship": "Outer", "Index Name": "person_id_aka_name", "Startup Cost": 0.0, "Total Cost": 0.38, "Plan Rows": 1, "Plan Width": 0, "Actual Min Startup Time": 29.802, "Actual Max Startup Time": 29.802, "Actual Min Total Time": 29.802, "Actual Max Total Time": 29.802, "Index Cond": "(person_id = ci.person_id)", "Actual Rows": 17379}], "Actual Rows": 17379}], "Actual Rows": 17379}, {"Node Type": "Bitmap Heap Scan", "Parent Relationship": "Inner", "Relation Name": "name", "Alias": "n1", "Startup Cost": 0.33, "Total Cost": 4.34, "Plan Rows": 1, "Plan Width": 4, "Actual Min Startup Time": 82.164, "Actual Max Startup Time": 82.164, "Actual Min Total Time": 82.164, "Actual Max Total Time": 82.164, "Recheck Cond": "(id = an1.person_id)", "Rows Removed by Index Recheck": 0, "Filter": "(((name)::text ~~ '%Yo%'::text) AND ((name)::text !~~ '%Yu%'::text))", "Rows Removed by Filter": 17317, "Exact Heap Blocks": 17379, "Lossy Heap Blocks": 17379, "Plans": [{"Node Type": "Bitmap Index Scan", "Parent Relationship": "Outer", "Index Name": "name_pkey", "Startup Cost": 0.0, "Total Cost": 0.33, "Plan Rows": 1, "Plan Width": 0, "Actual Min Startup Time": 48.327, "Actual Max Startup Time": 48.327, "Actual Min Total Time": 48.327, "Actual Max Total Time": 48.327, "Index Cond": "(id = an1.person_id)", "Actual Rows": 17379}], "Actual Rows": 62}], "Actual Rows": 62}], "Actual Rows": 1}, "Triggers": [], "Planner Runtime": 84, "Total Runtime": 4424.64, "Unique SQL Id": 3544391839}}, "(16, 67)": {"explain_plan": {"Plan": {"Node Type": "Aggregate", "Strategy": "Plain", "Startup Cost": 168753.08, "Total Cost": 168753.09, "Plan Rows": 1, "Plan Width": 97, "Plans": [{"Node Type": "Nested Loop", "Parent Relationship": "Outer", "Join Type": "Inner", "Startup Cost": 2799.15, "Total Cost": 168749.85, "Plan Rows": 646, "Plan Width": 33, "Inner Unique": true, "Plans": [{"Node Type": "Nested Loop", "Parent Relationship": "Outer", "Join Type": "Inner", "Startup Cost": 2798.82, "Total Cost": 165941.27, "Plan Rows": 645, "Plan Width": 41, "Inner Unique": false, "Plans": [{"Node Type": "Hash Join", "Parent Relationship": "Outer", "Join Type": "Inner", "Startup Cost": 2798.44, "Total Cost": 163598.7, "Plan Rows": 532, "Plan Width": 21, "Inner Unique": true, "Hash Cond": "(ci.role_id = rt.id)", "Plans": [{"Node Type": "Nested Loop", "Parent Relationship": "Outer", "Join Type": "Inner", "Startup Cost": 2785.97, "Total Cost": 163566.25, "Plan Rows": 5847, "Plan Width": 25, "Inner Unique": false, "Plans": [{"Node Type": "Nested Loop", "Parent Relationship": "Outer", "Join Type": "Inner", "Startup Cost": 2785.45, "Total Cost": 136908.44, "Plan Rows": 5775, "Plan Width": 25, "Inner Unique": true, "Plans": [{"Node Type": "Nested Loop", "Parent Relationship": "Outer", "Join Type": "Inner", "Startup Cost": 2784.18, "Total Cost": 106322.09, "Plan Rows": 5775, "Plan Width": 4, "Inner Unique": false, "Plans": [{"Node Type": "Bitmap Heap Scan", "Parent Relationship": "Outer", "Relation Name": "company_name", "Alias": "cn", "Startup Cost": 2780.8, "Total Cost": 8684.25, "Plan Rows": 6290, "Plan Width": 4, "Filter": "((country_code)::text = '[jp]'::text)", "Plans": [{"Node Type": "Bitmap Index Scan", "Parent Relationship": "Outer", "Index Name": "company_name_pkey", "Startup Cost": 0.0, "Total Cost": 2779.23, "Plan Rows": 234996, "Plan Width": 0}]}, {"Node Type": "Bitmap Heap Scan", "Parent Relationship": "Inner", "Relation Name": "movie_companies", "Alias": "mc", "Startup Cost": 3.37, "Total Cost": 15.51, "Plan Rows": 1, "Plan Width": 8, "Recheck Cond": "(company_id = cn.id)", "Filter": "(((note)::text ~~ '%(Japan)%'::text) AND ((note)::text !~~ '%(USA)%'::text))", "Plans": [{"Node Type": "Bitmap Index Scan", "Parent Relationship": "Outer", "Index Name": "company_id_movie_companies", "Startup Cost": 0.0, "Total Cost": 3.37, "Plan Rows": 15, "Plan Width": 0, "Index Cond": "(company_id = cn.id)"}]}]}, {"Node Type": "Bitmap Heap Scan", "Parent Relationship": "Inner", "Relation Name": "title", "Alias": "t", "Startup Cost": 1.27, "Total Cost": 5.29, "Plan Rows": 1, "Plan Width": 21, "Recheck Cond": "(id = mc.movie_id)", "Plans": [{"Node Type": "Bitmap Index Scan", "Parent Relationship": "Outer", "Index Name": "title_pkey", "Startup Cost": 0.0, "Total Cost": 1.27, "Plan Rows": 1, "Plan Width": 0, "Index Cond": "(id = mc.movie_id)"}]}]}, {"Node Type": "Bitmap Heap Scan", "Parent Relationship": "Inner", "Relation Name": "cast_info", "Alias": "ci", "Startup Cost": 0.52, "Total Cost": 4.61, "Plan Rows": 1, "Plan Width": 12, "Recheck Cond": "(movie_id = t.id)", "Filter": "((note)::text = '(voice: English version)'::text)", "Plans": [{"Node Type": "Bitmap Index Scan", "Parent Relationship": "Outer", "Index Name": "movie_id_cast_info", "Startup Cost": 0.0, "Total Cost": 0.52, "Plan Rows": 6, "Plan Width": 0, "Index Cond": "(movie_id = t.id)"}]}]}, {"Node Type": "Hash", "Parent Relationship": "Inner", "Startup Cost": 12.46, "Total Cost": 12.46, "Plan Rows": 1, "Plan Width": 4, "Plans": [{"Node Type": "Bitmap Heap Scan", "Parent Relationship": "Outer", "Relation Name": "role_type", "Alias": "rt", "Startup Cost": 8.31, "Total Cost": 12.46, "Plan Rows": 1, "Plan Width": 4, "Filter": "((role)::text = 'actress'::text)", "Plans": [{"Node Type": "Bitmap Index Scan", "Parent Relationship": "Outer", "Index Name": "role_type_pkey", "Startup Cost": 0.0, "Total Cost": 8.31, "Plan Rows": 12, "Plan Width": 0}]}]}]}, {"Node Type": "Bitmap Heap Scan", "Parent Relationship": "Inner", "Relation Name": "aka_name", "Alias": "an1", "Startup Cost": 0.38, "Total Cost": 4.39, "Plan Rows": 1, "Plan Width": 20, "Recheck Cond": "(person_id = ci.person_id)", "Plans": [{"Node Type": "Bitmap Index Scan", "Parent Relationship": "Outer", "Index Name": "person_id_aka_name", "Startup Cost": 0.0, "Total Cost": 0.38, "Plan Rows": 1, "Plan Width": 0, "Index Cond": "(person_id = ci.person_id)"}]}]}, {"Node Type": "Bitmap Heap Scan", "Parent Relationship": "Inner", "Relation Name": "name", "Alias": "n1", "Startup Cost": 0.33, "Total Cost": 4.34, "Plan Rows": 1, "Plan Width": 4, "Recheck Cond": "(id = an1.person_id)", "Filter": "(((name)::text ~~ '%Yo%'::text) AND ((name)::text !~~ '%Yu%'::text))", "Plans": [{"Node Type": "Bitmap Index Scan", "Parent Relationship": "Outer", "Index Name": "name_pkey", "Startup Cost": 0.0, "Total Cost": 0.33, "Plan Rows": 1, "Plan Width": 0, "Index Cond": "(id = an1.person_id)"}]}]}]}, "Unique SQL Id": 3544391839, "Planner Runtime": 32}, "explain_analyze_plan": {"Plan": {"Node Type": "Aggregate", "Strategy": "Plain", "Startup Cost": 168753.08, "Total Cost": 168753.09, "Plan Rows": 1, "Plan Width": 97, "Actual Startup Time": 4492.108, "Actual Total Time": 4492.109, "Actual Rows": 1, "Actual Loops": 1, "Plans": [{"Node Type": "Nested Loop", "Parent Relationship": "Outer", "Join Type": "Inner", "Startup Cost": 2799.15, "Total Cost": 168749.85, "Plan Rows": 646, "Plan Width": 33, "Actual Startup Time": 359.648, "Actual Total Time": 4491.729, "Actual Rows": 62, "Actual Loops": 1, "Inner Unique": true, "Plans": [{"Node Type": "Nested Loop", "Parent Relationship": "Outer", "Join Type": "Inner", "Startup Cost": 2798.82, "Total Cost": 165941.27, "Plan Rows": 645, "Plan Width": 41, "Actual Startup Time": 20.794, "Actual Total Time": 4388.403, "Actual Rows": 17379, "Actual Loops": 1, "Inner Unique": false, "Plans": [{"Node Type": "Hash Join", "Parent Relationship": "Outer", "Join Type": "Inner", "Startup Cost": 2798.44, "Total Cost": 163598.7, "Plan Rows": 532, "Plan Width": 21, "Actual Startup Time": 20.772, "Actual Total Time": 4318.94, "Actual Rows": 7438, "Actual Loops": 1, "Inner Unique": true, "Hash Cond": "(ci.role_id = rt.id)", "Plans": [{"Node Type": "Nested Loop", "Parent Relationship": "Outer", "Join Type": "Inner", "Startup Cost": 2785.97, "Total Cost": 163566.25, "Plan Rows": 5847, "Plan Width": 25, "Actual Startup Time": 20.68, "Actual Total Time": 4311.662, "Actual Rows": 19600, "Actual Loops": 1, "Inner Unique": false, "Plans": [{"Node Type": "Nested Loop", "Parent Relationship": "Outer", "Join Type": "Inner", "Startup Cost": 2785.45, "Total Cost": 136908.44, "Plan Rows": 5775, "Plan Width": 25, "Actual Startup Time": 20.602, "Actual Total Time": 815.931, "Actual Rows": 48328, "Actual Loops": 1, "Inner Unique": true, "Plans": [{"Node Type": "Nested Loop", "Parent Relationship": "Outer", "Join Type": "Inner", "Startup Cost": 2784.18, "Total Cost": 106322.09, "Plan Rows": 5775, "Plan Width": 4, "Actual Startup Time": 20.581, "Actual Total Time": 419.479, "Actual Rows": 48328, "Actual Loops": 1, "Inner Unique": false, "Plans": [{"Node Type": "Bitmap Heap Scan", "Parent Relationship": "Outer", "Relation Name": "company_name", "Alias": "cn", "Startup Cost": 2780.8, "Total Cost": 8684.25, "Plan Rows": 6290, "Plan Width": 4, "Actual Startup Time": 20.516, "Actual Total Time": 134.821, "Actual Rows": 6752, "Actual Loops": 1, "Filter": "((country_code)::text = '[jp]'::text)", "Rows Removed by Filter": 228244, "Exact Heap Blocks": 2966, "Lossy Heap Blocks": 2966, "Plans": [{"Node Type": "Bitmap Index Scan", "Parent Relationship": "Outer", "Index Name": "company_name_pkey", "Startup Cost": 0.0, "Total Cost": 2779.23, "Plan Rows": 234996, "Plan Width": 0, "Actual Startup Time": 20.051, "Actual Total Time": 20.051, "Actual Rows": 234996, "Actual Loops": 1}]}, {"Node Type": "Bitmap Heap Scan", "Parent Relationship": "Inner", "Relation Name": "movie_companies", "Alias": "mc", "Startup Cost": 3.37, "Total Cost": 15.51, "Plan Rows": 1, "Plan Width": 8, "Actual Startup Time": 97.821, "Actual Total Time": 261.681, "Actual Rows": 48328, "Actual Loops": 6752, "Recheck Cond": "(company_id = cn.id)", "Rows Removed by Index Recheck": 0, "Filter": "(((note)::text ~~ '%(Japan)%'::text) AND ((note)::text !~~ '%(USA)%'::text))", "Rows Removed by Filter": 56667, "Exact Heap Blocks": 61861, "Lossy Heap Blocks": 61861, "Plans": [{"Node Type": "Bitmap Index Scan", "Parent Relationship": "Outer", "Index Name": "company_id_movie_companies", "Startup Cost": 0.0, "Total Cost": 3.37, "Plan Rows": 15, "Plan Width": 0, "Actual Startup Time": 49.682, "Actual Total Time": 49.682, "Actual Rows": 104995, "Actual Loops": 6752, "Index Cond": "(company_id = cn.id)"}]}]}, {"Node Type": "Bitmap Heap Scan", "Parent Relationship": "Inner", "Relation Name": "title", "Alias": "t", "Startup Cost": 1.27, "Total Cost": 5.29, "Plan Rows": 1, "Plan Width": 21, "Actual Startup Time": 319.173, "Actual Total Time": 319.173, "Actual Rows": 48328, "Actual Loops": 48328, "Recheck Cond": "(id = mc.movie_id)", "Rows Removed by Index Recheck": 0, "Exact Heap Blocks": 48328, "Lossy Heap Blocks": 48328, "Plans": [{"Node Type": "Bitmap Index Scan", "Parent Relationship": "Outer", "Index Name": "title_pkey", "Startup Cost": 0.0, "Total Cost": 1.27, "Plan Rows": 1, "Plan Width": 0, "Actual Startup Time": 189.599, "Actual Total Time": 189.599, "Actual Rows": 48328, "Actual Loops": 48328, "Index Cond": "(id = mc.movie_id)"}]}]}, {"Node Type": "Bitmap Heap Scan", "Parent Relationship": "Inner", "Relation Name": "cast_info", "Alias": "ci", "Startup Cost": 0.52, "Total Cost": 4.61, "Plan Rows": 1, "Plan Width": 12, "Actual Startup Time": 3279.287, "Actual Total Time": 3421.827, "Actual Rows": 19600, "Actual Loops": 48328, "Recheck Cond": "(movie_id = t.id)", "Rows Removed by Index Recheck": 0, "Filter": "((note)::text = '(voice: English version)'::text)", "Rows Removed by Filter": 1531710, "Exact Heap Blocks": 1503105, "Lossy Heap Blocks": 1503105, "Plans": [{"Node Type": "Bitmap Index Scan", "Parent Relationship": "Outer", "Index Name": "movie_id_cast_info", "Startup Cost": 0.0, "Total Cost": 0.52, "Plan Rows": 6, "Plan Width": 0, "Actual Startup Time": 514.489, "Actual Total Time": 514.489, "Actual Rows": 1551310, "Actual Loops": 48328, "Index Cond": "(movie_id = t.id)"}]}]}, {"Node Type": "Hash", "Parent Relationship": "Inner", "Startup Cost": 12.46, "Total Cost": 12.46, "Plan Rows": 1, "Plan Width": 4, "Actual Startup Time": 0.046, "Actual Total Time": 0.046, "Actual Rows": 1, "Actual Loops": 1, "Hash Buckets": 32768, "Hash Batches": 1, "Original Hash Batches": 1, "Peak Memory Usage": 1, "Plans": [{"Node Type": "Bitmap Heap Scan", "Parent Relationship": "Outer", "Relation Name": "role_type", "Alias": "rt", "Startup Cost": 8.31, "Total Cost": 12.46, "Plan Rows": 1, "Plan Width": 4, "Actual Startup Time": 0.035, "Actual Total Time": 0.037, "Actual Rows": 1, "Actual Loops": 1, "Filter": "((role)::text = 'actress'::text)", "Rows Removed by Filter": 11, "Exact Heap Blocks": 1, "Lossy Heap Blocks": 1, "Plans": [{"Node Type": "Bitmap Index Scan", "Parent Relationship": "Outer", "Index Name": "role_type_pkey", "Startup Cost": 0.0, "Total Cost": 8.31, "Plan Rows": 12, "Plan Width": 0, "Actual Startup Time": 0.01, "Actual Total Time": 0.01, "Actual Rows": 12, "Actual Loops": 1}]}]}]}, {"Node Type": "Bitmap Heap Scan", "Parent Relationship": "Inner", "Relation Name": "aka_name", "Alias": "an1", "Startup Cost": 0.38, "Total Cost": 4.39, "Plan Rows": 1, "Plan Width": 20, "Actual Startup Time": 48.953, "Actual Total Time": 54.48, "Actual Rows": 17379, "Actual Loops": 7438, "Recheck Cond": "(person_id = ci.person_id)", "Rows Removed by Index Recheck": 0, "Exact Heap Blocks": 6514, "Lossy Heap Blocks": 6514, "Plans": [{"Node Type": "Bitmap Index Scan", "Parent Relationship": "Outer", "Index Name": "person_id_aka_name", "Startup Cost": 0.0, "Total Cost": 0.38, "Plan Rows": 1, "Plan Width": 0, "Actual Startup Time": 32.765, "Actual Total Time": 32.765, "Actual Rows": 17379, "Actual Loops": 7438, "Index Cond": "(person_id = ci.person_id)"}]}]}, {"Node Type": "Bitmap Heap Scan", "Parent Relationship": "Inner", "Relation Name": "name", "Alias": "n1", "Startup Cost": 0.33, "Total Cost": 4.34, "Plan Rows": 1, "Plan Width": 4, "Actual Startup Time": 81.996, "Actual Total Time": 81.996, "Actual Rows": 62, "Actual Loops": 17379, "Recheck Cond": "(id = an1.person_id)", "Rows Removed by Index Recheck": 0, "Filter": "(((name)::text ~~ '%Yo%'::text) AND ((name)::text !~~ '%Yu%'::text))", "Rows Removed by Filter": 17317, "Exact Heap Blocks": 17379, "Lossy Heap Blocks": 17379, "Plans": [{"Node Type": "Bitmap Index Scan", "Parent Relationship": "Outer", "Index Name": "name_pkey", "Startup Cost": 0.0, "Total Cost": 0.33, "Plan Rows": 1, "Plan Width": 0, "Actual Startup Time": 47.986, "Actual Total Time": 47.986, "Actual Rows": 17379, "Actual Loops": 17379, "Index Cond": "(id = an1.person_id)"}]}]}]}, "Triggers": [], "Planner Runtime": 32, "Total Runtime": 4492.542, "Unique SQL Id": 3544391839}}, "(16, 68)": {"explain_plan": {"Plan": {"Node Type": "Aggregate", "Strategy": "Plain", "Startup Cost": 54635.31, "Total Cost": 54635.32, "Plan Rows": 1, "Plan Width": 97, "Plans": [{"Node Type": "Nested Loop", "Parent Relationship": "Outer", "Join Type": "Inner", "Startup Cost": 5983.24, "Total Cost": 54632.08, "Plan Rows": 646, "Plan Width": 33, "Inner Unique": true, "Plans": [{"Node Type": "Nested Loop", "Parent Relationship": "Outer", "Join Type": "Inner", "Startup Cost": 5983.24, "Total Cost": 54256.54, "Plan Rows": 645, "Plan Width": 41, "Inner Unique": false, "Plans": [{"Node Type": "Hash Join", "Parent Relationship": "Outer", "Join Type": "Inner", "Startup Cost": 5983.24, "Total Cost": 53802.32, "Plan Rows": 532, "Plan Width": 21, "Inner Unique": true, "Hash Cond": "(ci.role_id = rt.id)", "Plans": [{"Node Type": "Nested Loop", "Parent Relationship": "Outer", "Join Type": "Inner", "Startup Cost": 5982.08, "Total Cost": 53781.19, "Plan Rows": 5847, "Plan Width": 25, "Inner Unique": false, "Plans": [{"Node Type": "Nested Loop", "Parent Relationship": "Outer", "Join Type": "Inner", "Startup Cost": 5982.08, "Total Cost": 48038.6, "Plan Rows": 5775, "Plan Width": 25, "Inner Unique": true, "Plans": [{"Node Type": "Hash Join", "Parent Relationship": "Outer", "Join Type": "Inner", "Startup Cost": 5982.08, "Total Cost": 25391.5, "Plan Rows": 5775, "Plan Width": 4, "Inner Unique": true, "Hash Cond": "(mc.company_id = cn.id)", "Plans": [{"Node Type": "Streaming(type: LOCAL GATHER dop: 1/16)", "Parent Relationship": "Outer", "Startup Cost": 0.0, "Total Cost": 19215.08, "Plan Rows": 36426, "Plan Width": 8, "Plans": [{"Node Type": "Seq Scan", "Parent Relationship": "Outer", "Relation Name": "movie_companies", "Alias": "mc", "Startup Cost": 0.0, "Total Cost": 18428.93, "Plan Rows": 36426, "Plan Width": 8, "Filter": "(((note)::text ~~ '%(Japan)%'::text) AND ((note)::text !~~ '%(USA)%'::text))"}]}, {"Node Type": "Hash", "Parent Relationship": "Inner", "Startup Cost": 5903.45, "Total Cost": 5903.45, "Plan Rows": 6290, "Plan Width": 4, "Plans": [{"Node Type": "Seq Scan", "Parent Relationship": "Outer", "Relation Name": "company_name", "Alias": "cn", "Startup Cost": 0.0, "Total Cost": 5903.45, "Plan Rows": 6290, "Plan Width": 4, "Filter": "((country_code)::text = '[jp]'::text)"}]}]}, {"Node Type": "Index Scan", "Parent Relationship": "Inner", "Scan Direction": "Forward", "Index Name": "title_pkey", "Relation Name": "title", "Alias": "t", "Startup Cost": 0.0, "Total Cost": 3.91, "Plan Rows": 1, "Plan Width": 21, "Index Cond": "(id = mc.movie_id)"}]}, {"Node Type": "Index Scan", "Parent Relationship": "Inner", "Scan Direction": "Forward", "Index Name": "movie_id_cast_info", "Relation Name": "cast_info", "Alias": "ci", "Startup Cost": 0.0, "Total Cost": 0.98, "Plan Rows": 1, "Plan Width": 12, "Index Cond": "(movie_id = t.id)", "Filter": "((note)::text = '(voice: English version)'::text)"}]}, {"Node Type": "Hash", "Parent Relationship": "Inner", "Startup Cost": 1.15, "Total Cost": 1.15, "Plan Rows": 1, "Plan Width": 4, "Plans": [{"Node Type": "Seq Scan", "Parent Relationship": "Outer", "Relation Name": "role_type", "Alias": "rt", "Startup Cost": 0.0, "Total Cost": 1.15, "Plan Rows": 1, "Plan Width": 4, "Filter": "((role)::text = 'actress'::text)"}]}]}, {"Node Type": "Index Scan", "Parent Relationship": "Inner", "Scan Direction": "Forward", "Index Name": "person_id_aka_name", "Relation Name": "aka_name", "Alias": "an1", "Startup Cost": 0.0, "Total Cost": 0.84, "Plan Rows": 1, "Plan Width": 20, "Index Cond": "(person_id = ci.person_id)"}]}, {"Node Type": "Index Scan", "Parent Relationship": "Inner", "Scan Direction": "Forward", "Index Name": "name_pkey", "Relation Name": "name", "Alias": "n1", "Startup Cost": 0.0, "Total Cost": 0.57, "Plan Rows": 1, "Plan Width": 4, "Index Cond": "(id = an1.person_id)", "Filter": "(((name)::text ~~ '%Yo%'::text) AND ((name)::text !~~ '%Yu%'::text))"}]}]}, "Unique SQL Id": 3544391839, "Planner Runtime": 57}, "explain_analyze_plan": {"Plan": {"Node Type": "Aggregate", "Strategy": "Plain", "Startup Cost": 54635.31, "Total Cost": 54635.32, "Plan Rows": 1, "Plan Width": 97, "Actual Min Startup Time": 3089.833, "Actual Max Startup Time": 3089.833, "Actual Min Total Time": 3089.834, "Actual Max Total Time": 3089.834, "Plans": [{"Node Type": "Nested Loop", "Parent Relationship": "Outer", "Join Type": "Inner", "Startup Cost": 5983.24, "Total Cost": 54632.08, "Plan Rows": 646, "Plan Width": 33, "Actual Min Startup Time": 313.1, "Actual Max Startup Time": 313.1, "Actual Min Total Time": 3089.609, "Actual Max Total Time": 3089.609, "Inner Unique": true, "Plans": [{"Node Type": "Nested Loop", "Parent Relationship": "Outer", "Join Type": "Inner", "Startup Cost": 5983.24, "Total Cost": 54256.54, "Plan Rows": 645, "Plan Width": 41, "Actual Min Startup Time": 90.995, "Actual Max Startup Time": 90.995, "Actual Min Total Time": 3016.553, "Actual Max Total Time": 3016.553, "Inner Unique": false, "Plans": [{"Node Type": "Hash Join", "Parent Relationship": "Outer", "Join Type": "Inner", "Startup Cost": 5983.24, "Total Cost": 53802.32, "Plan Rows": 532, "Plan Width": 21, "Actual Min Startup Time": 90.978, "Actual Max Startup Time": 90.978, "Actual Min Total Time": 2967.605, "Actual Max Total Time": 2967.605, "Inner Unique": true, "Hash Cond": "(ci.role_id = rt.id)", "Plans": [{"Node Type": "Nested Loop", "Parent Relationship": "Outer", "Join Type": "Inner", "Startup Cost": 5982.08, "Total Cost": 53781.19, "Plan Rows": 5847, "Plan Width": 25, "Actual Min Startup Time": 90.852, "Actual Max Startup Time": 90.852, "Actual Min Total Time": 2961.159, "Actual Max Total Time": 2961.159, "Inner Unique": false, "Plans": [{"Node Type": "Nested Loop", "Parent Relationship": "Outer", "Join Type": "Inner", "Startup Cost": 5982.08, "Total Cost": 48038.6, "Plan Rows": 5775, "Plan Width": 25, "Actual Min Startup Time": 84.624, "Actual Max Startup Time": 84.624, "Actual Min Total Time": 375.475, "Actual Max Total Time": 375.475, "Inner Unique": true, "Plans": [{"Node Type": "Hash Join", "Parent Relationship": "Outer", "Join Type": "Inner", "Startup Cost": 5982.08, "Total Cost": 25391.5, "Plan Rows": 5775, "Plan Width": 4, "Actual Min Startup Time": 84.573, "Actual Max Startup Time": 84.573, "Actual Min Total Time": 139.786, "Actual Max Total Time": 139.786, "Inner Unique": true, "Hash Cond": "(mc.company_id = cn.id)", "Plans": [{"Node Type": "Streaming(type: LOCAL GATHER dop: 1/16)", "Parent Relationship": "Outer", "Startup Cost": 0.0, "Total Cost": 19215.08, "Plan Rows": 36426, "Plan Width": 8, "Actual Min Startup Time": 0.054, "Actual Max Startup Time": 0.054, "Actual Min Total Time": 20.957, "Actual Max Total Time": 20.957, "Plans": [{"Node Type": "Seq Scan", "Parent Relationship": "Outer", "Relation Name": "movie_companies", "Alias": "mc", "Startup Cost": 0.0, "Total Cost": 18428.93, "Plan Rows": 36426, "Plan Width": 8, "Actual Min Startup Time": 0.037, "Actual Max Startup Time": 0.381, "Actual Min Total Time": 53.715, "Actual Max Total Time": 61.267, "Filter": "(((note)::text ~~ '%(Japan)%'::text) AND ((note)::text !~~ '%(USA)%'::text))", "Rows Removed by Filter": 2560231, "Actual Rows": 48897}], "Actual Rows": 48897}, {"Node Type": "Hash", "Parent Relationship": "Inner", "Startup Cost": 5903.45, "Total Cost": 5903.45, "Plan Rows": 6290, "Plan Width": 4, "Actual Min Startup Time": 84.458, "Actual Max Startup Time": 84.458, "Actual Min Total Time": 84.458, "Actual Max Total Time": 84.458, "Max Hash Buckets": 32768, "Min Hash Buckets": 32768, "Max Hash Batches": 1, "Min Hash Batches": 1, "Max Original Hash Batches": 1, "Min Original Hash Batches": 1, "Max Peak Memory Usage": 238, "min Peak Memory Usage": 238, "Plans": [{"Node Type": "Seq Scan", "Parent Relationship": "Outer", "Relation Name": "company_name", "Alias": "cn", "Startup Cost": 0.0, "Total Cost": 5903.45, "Plan Rows": 6290, "Plan Width": 4, "Actual Min Startup Time": 0.031, "Actual Max Startup Time": 0.031, "Actual Min Total Time": 82.292, "Actual Max Total Time": 82.292, "Filter": "((country_code)::text = '[jp]'::text)", "Rows Removed by Filter": 228244, "Actual Rows": 6752}], "Actual Rows": 6752}], "Actual Rows": 48328}, {"Node Type": "Index Scan", "Parent Relationship": "Inner", "Scan Direction": "Forward", "Index Name": "title_pkey", "Relation Name": "title", "Alias": "t", "Startup Cost": 0.0, "Total Cost": 3.91, "Plan Rows": 1, "Plan Width": 21, "Actual Min Startup Time": 195.436, "Actual Max Startup Time": 195.436, "Actual Min Total Time": 195.436, "Actual Max Total Time": 195.436, "Index Cond": "(id = mc.movie_id)", "Rows Removed by Index Recheck": 0, "Actual Rows": 48328}], "Actual Rows": 48328}, {"Node Type": "Index Scan", "Parent Relationship": "Inner", "Scan Direction": "Forward", "Index Name": "movie_id_cast_info", "Relation Name": "cast_info", "Alias": "ci", "Startup Cost": 0.0, "Total Cost": 0.98, "Plan Rows": 1, "Plan Width": 12, "Actual Min Startup Time": 2441.419, "Actual Max Startup Time": 2441.419, "Actual Min Total Time": 2555.355, "Actual Max Total Time": 2555.355, "Index Cond": "(movie_id = t.id)", "Rows Removed by Index Recheck": 0, "Filter": "((note)::text = '(voice: English version)'::text)", "Rows Removed by Filter": 1531710, "Actual Rows": 19600}], "Actual Rows": 19600}, {"Node Type": "Hash", "Parent Relationship": "Inner", "Startup Cost": 1.15, "Total Cost": 1.15, "Plan Rows": 1, "Plan Width": 4, "Actual Min Startup Time": 0.051, "Actual Max Startup Time": 0.051, "Actual Min Total Time": 0.051, "Actual Max Total Time": 0.051, "Max Hash Buckets": 32768, "Min Hash Buckets": 32768, "Max Hash Batches": 1, "Min Hash Batches": 1, "Max Original Hash Batches": 1, "Min Original Hash Batches": 1, "Max Peak Memory Usage": 1, "min Peak Memory Usage": 1, "Plans": [{"Node Type": "Seq Scan", "Parent Relationship": "Outer", "Relation Name": "role_type", "Alias": "rt", "Startup Cost": 0.0, "Total Cost": 1.15, "Plan Rows": 1, "Plan Width": 4, "Actual Min Startup Time": 0.038, "Actual Max Startup Time": 0.038, "Actual Min Total Time": 0.042, "Actual Max Total Time": 0.042, "Filter": "((role)::text = 'actress'::text)", "Rows Removed by Filter": 11, "Actual Rows": 1}], "Actual Rows": 1}], "Actual Rows": 7438}, {"Node Type": "Index Scan", "Parent Relationship": "Inner", "Scan Direction": "Forward", "Index Name": "person_id_aka_name", "Relation Name": "aka_name", "Alias": "an1", "Startup Cost": 0.0, "Total Cost": 0.84, "Plan Rows": 1, "Plan Width": 20, "Actual Min Startup Time": 31.331, "Actual Max Startup Time": 31.331, "Actual Min Total Time": 39.962, "Actual Max Total Time": 39.962, "Index Cond": "(person_id = ci.person_id)", "Rows Removed by Index Recheck": 0, "Actual Rows": 17379}], "Actual Rows": 17379}, {"Node Type": "Index Scan", "Parent Relationship": "Inner", "Scan Direction": "Forward", "Index Name": "name_pkey", "Relation Name": "name", "Alias": "n1", "Startup Cost": 0.0, "Total Cost": 0.57, "Plan Rows": 1, "Plan Width": 4, "Actual Min Startup Time": 63.912, "Actual Max Startup Time": 63.912, "Actual Min Total Time": 63.912, "Actual Max Total Time": 63.912, "Index Cond": "(id = an1.person_id)", "Rows Removed by Index Recheck": 0, "Filter": "(((name)::text ~~ '%Yo%'::text) AND ((name)::text !~~ '%Yu%'::text))", "Rows Removed by Filter": 17317, "Actual Rows": 62}], "Actual Rows": 62}], "Actual Rows": 1}, "Triggers": [], "Planner Runtime": 57, "Total Runtime": 3092.787, "Unique SQL Id": 3544391839}}, "(16, 69)": {"explain_plan": {"Plan": {"Node Type": "Aggregate", "Strategy": "Plain", "Startup Cost": 108955.01, "Total Cost": 108955.02, "Plan Rows": 1, "Plan Width": 97, "Plans": [{"Node Type": "Nested Loop", "Parent Relationship": "Outer", "Join Type": "Inner", "Startup Cost": 2793.28, "Total Cost": 108954.53, "Plan Rows": 96, "Plan Width": 33, "Inner Unique": true, "Plans": [{"Node Type": "Nested Loop", "Parent Relationship": "Outer", "Join Type": "Inner", "Startup Cost": 2793.28, "Total Cost": 108578.99, "Plan Rows": 645, "Plan Width": 41, "Inner Unique": false, "Plans": [{"Node Type": "Hash Join", "Parent Relationship": "Outer", "Join Type": "Inner", "Startup Cost": 2793.28, "Total Cost": 108124.77, "Plan Rows": 532, "Plan Width": 21, "Inner Unique": true, "Hash Cond": "(ci.role_id = rt.id)", "Plans": [{"Node Type": "Nested Loop", "Parent Relationship": "Outer", "Join Type": "Inner", "Startup Cost": 2780.8, "Total Cost": 108092.33, "Plan Rows": 5847, "Plan Width": 25, "Inner Unique": false, "Plans": [{"Node Type": "Nested Loop", "Parent Relationship": "Outer", "Join Type": "Inner", "Startup Cost": 2780.8, "Total Cost": 102349.74, "Plan Rows": 5775, "Plan Width": 25, "Inner Unique": true, "Plans": [{"Node Type": "Nested Loop", "Parent Relationship": "Outer", "Join Type": "Inner", "Startup Cost": 2780.8, "Total Cost": 79702.64, "Plan Rows": 5775, "Plan Width": 4, "Inner Unique": false, "Plans": [{"Node Type": "Bitmap Heap Scan", "Parent Relationship": "Outer", "Relation Name": "company_name", "Alias": "cn", "Startup Cost": 2780.8, "Total Cost": 8684.25, "Plan Rows": 6290, "Plan Width": 4, "Filter": "((country_code)::text = '[jp]'::text)", "Plans": [{"Node Type": "Bitmap Index Scan", "Parent Relationship": "Outer", "Index Name": "company_name_pkey", "Startup Cost": 0.0, "Total Cost": 2779.23, "Plan Rows": 234996, "Plan Width": 0}]}, {"Node Type": "Index Scan", "Parent Relationship": "Inner", "Scan Direction": "Forward", "Index Name": "company_id_movie_companies", "Relation Name": "movie_companies", "Alias": "mc", "Startup Cost": 0.0, "Total Cost": 11.28, "Plan Rows": 1, "Plan Width": 8, "Index Cond": "(company_id = cn.id)", "Filter": "(((note)::text ~~ '%(Japan)%'::text) AND ((note)::text !~~ '%(USA)%'::text))"}]}, {"Node Type": "Index Scan", "Parent Relationship": "Inner", "Scan Direction": "Forward", "Index Name": "title_pkey", "Relation Name": "title", "Alias": "t", "Startup Cost": 0.0, "Total Cost": 3.91, "Plan Rows": 1, "Plan Width": 21, "Index Cond": "(id = mc.movie_id)"}]}, {"Node Type": "Index Scan", "Parent Relationship": "Inner", "Scan Direction": "Forward", "Index Name": "movie_id_cast_info", "Relation Name": "cast_info", "Alias": "ci", "Startup Cost": 0.0, "Total Cost": 0.98, "Plan Rows": 1, "Plan Width": 12, "Index Cond": "(movie_id = t.id)", "Filter": "((note)::text = '(voice: English version)'::text)"}]}, {"Node Type": "Hash", "Parent Relationship": "Inner", "Startup Cost": 12.46, "Total Cost": 12.46, "Plan Rows": 1, "Plan Width": 4, "Plans": [{"Node Type": "Index Scan", "Parent Relationship": "Outer", "Scan Direction": "Forward", "Index Name": "role_type_pkey", "Relation Name": "role_type", "Alias": "rt", "Startup Cost": 0.0, "Total Cost": 12.46, "Plan Rows": 1, "Plan Width": 4, "Filter": "((role)::text = 'actress'::text)"}]}]}, {"Node Type": "Index Scan", "Parent Relationship": "Inner", "Scan Direction": "Forward", "Index Name": "person_id_aka_name", "Relation Name": "aka_name", "Alias": "an1", "Startup Cost": 0.0, "Total Cost": 0.84, "Plan Rows": 1, "Plan Width": 20, "Index Cond": "(person_id = ci.person_id)"}]}, {"Node Type": "Index Scan", "Parent Relationship": "Inner", "Scan Direction": "Forward", "Index Name": "name_pkey", "Relation Name": "name", "Alias": "n1", "Startup Cost": 0.0, "Total Cost": 0.57, "Plan Rows": 1, "Plan Width": 4, "Index Cond": "(id = an1.person_id)", "Filter": "(((name)::text ~~ '%Yo%'::text) AND ((name)::text !~~ '%Yu%'::text))"}]}]}, "Unique SQL Id": 3544391839, "Planner Runtime": 37}, "explain_analyze_plan": {"Plan": {"Node Type": "Aggregate", "Strategy": "Plain", "Startup Cost": 108955.01, "Total Cost": 108955.02, "Plan Rows": 1, "Plan Width": 97, "Actual Startup Time": 3606.58, "Actual Total Time": 3606.581, "Actual Rows": 1, "Actual Loops": 1, "Plans": [{"Node Type": "Nested Loop", "Parent Relationship": "Outer", "Join Type": "Inner", "Startup Cost": 2793.28, "Total Cost": 108954.53, "Plan Rows": 96, "Plan Width": 33, "Actual Startup Time": 259.352, "Actual Total Time": 3606.27, "Actual Rows": 62, "Actual Loops": 1, "Inner Unique": true, "Plans": [{"Node Type": "Nested Loop", "Parent Relationship": "Outer", "Join Type": "Inner", "Startup Cost": 2793.28, "Total Cost": 108578.99, "Plan Rows": 645, "Plan Width": 41, "Actual Startup Time": 21.274, "Actual Total Time": 3529.877, "Actual Rows": 17379, "Actual Loops": 1, "Inner Unique": false, "Plans": [{"Node Type": "Hash Join", "Parent Relationship": "Outer", "Join Type": "Inner", "Startup Cost": 2793.28, "Total Cost": 108124.77, "Plan Rows": 532, "Plan Width": 21, "Actual Startup Time": 21.256, "Actual Total Time": 3477.439, "Actual Rows": 7438, "Actual Loops": 1, "Inner Unique": true, "Hash Cond": "(ci.role_id = rt.id)", "Plans": [{"Node Type": "Nested Loop", "Parent Relationship": "Outer", "Join Type": "Inner", "Startup Cost": 2780.8, "Total Cost": 108092.33, "Plan Rows": 5847, "Plan Width": 25, "Actual Startup Time": 21.157, "Actual Total Time": 3470.532, "Actual Rows": 19600, "Actual Loops": 1, "Inner Unique": false, "Plans": [{"Node Type": "Nested Loop", "Parent Relationship": "Outer", "Join Type": "Inner", "Startup Cost": 2780.8, "Total Cost": 102349.74, "Plan Rows": 5775, "Plan Width": 25, "Actual Startup Time": 21.099, "Actual Total Time": 680.836, "Actual Rows": 48328, "Actual Loops": 1, "Inner Unique": true, "Plans": [{"Node Type": "Nested Loop", "Parent Relationship": "Outer", "Join Type": "Inner", "Startup Cost": 2780.8, "Total Cost": 79702.64, "Plan Rows": 5775, "Plan Width": 4, "Actual Startup Time": 21.085, "Actual Total Time": 371.603, "Actual Rows": 48328, "Actual Loops": 1, "Inner Unique": false, "Plans": [{"Node Type": "Bitmap Heap Scan", "Parent Relationship": "Outer", "Relation Name": "company_name", "Alias": "cn", "Startup Cost": 2780.8, "Total Cost": 8684.25, "Plan Rows": 6290, "Plan Width": 4, "Actual Startup Time": 21.042, "Actual Total Time": 134.763, "Actual Rows": 6752, "Actual Loops": 1, "Filter": "((country_code)::text = '[jp]'::text)", "Rows Removed by Filter": 228244, "Exact Heap Blocks": 2966, "Lossy Heap Blocks": 2966, "Plans": [{"Node Type": "Bitmap Index Scan", "Parent Relationship": "Outer", "Index Name": "company_name_pkey", "Startup Cost": 0.0, "Total Cost": 2779.23, "Plan Rows": 234996, "Plan Width": 0, "Actual Startup Time": 20.566, "Actual Total Time": 20.566, "Actual Rows": 234996, "Actual Loops": 1}]}, {"Node Type": "Index Scan", "Parent Relationship": "Inner", "Scan Direction": "Forward", "Index Name": "company_id_movie_companies", "Relation Name": "movie_companies", "Alias": "mc", "Startup Cost": 0.0, "Total Cost": 11.28, "Plan Rows": 1, "Plan Width": 8, "Actual Startup Time": 62.125, "Actual Total Time": 220.495, "Actual Rows": 48328, "Actual Loops": 6752, "Index Cond": "(company_id = cn.id)", "Rows Removed by Index Recheck": 0, "Filter": "(((note)::text ~~ '%(Japan)%'::text) AND ((note)::text !~~ '%(USA)%'::text))", "Rows Removed by Filter": 56667}]}, {"Node Type": "Index Scan", "Parent Relationship": "Inner", "Scan Direction": "Forward", "Index Name": "title_pkey", "Relation Name": "title", "Alias": "t", "Startup Cost": 0.0, "Total Cost": 3.91, "Plan Rows": 1, "Plan Width": 21, "Actual Startup Time": 266.395, "Actual Total Time": 266.395, "Actual Rows": 48328, "Actual Loops": 48328, "Index Cond": "(id = mc.movie_id)", "Rows Removed by Index Recheck": 0}]}, {"Node Type": "Index Scan", "Parent Relationship": "Inner", "Scan Direction": "Forward", "Index Name": "movie_id_cast_info", "Relation Name": "cast_info", "Alias": "ci", "Startup Cost": 0.0, "Total Cost": 0.98, "Plan Rows": 1, "Plan Width": 12, "Actual Startup Time": 2633.106, "Actual Total Time": 2758.158, "Actual Rows": 19600, "Actual Loops": 48328, "Index Cond": "(movie_id = t.id)", "Rows Removed by Index Recheck": 0, "Filter": "((note)::text = '(voice: English version)'::text)", "Rows Removed by Filter": 1531710}]}, {"Node Type": "Hash", "Parent Relationship": "Inner", "Startup Cost": 12.46, "Total Cost": 12.46, "Plan Rows": 1, "Plan Width": 4, "Actual Startup Time": 0.044, "Actual Total Time": 0.044, "Actual Rows": 1, "Actual Loops": 1, "Hash Buckets": 32768, "Hash Batches": 1, "Original Hash Batches": 1, "Peak Memory Usage": 1, "Plans": [{"Node Type": "Index Scan", "Parent Relationship": "Outer", "Scan Direction": "Forward", "Index Name": "role_type_pkey", "Relation Name": "role_type", "Alias": "rt", "Startup Cost": 0.0, "Total Cost": 12.46, "Plan Rows": 1, "Plan Width": 4, "Actual Startup Time": 0.029, "Actual Total Time": 0.035, "Actual Rows": 1, "Actual Loops": 1, "Filter": "((role)::text = 'actress'::text)", "Rows Removed by Filter": 11}]}]}, {"Node Type": "Index Scan", "Parent Relationship": "Inner", "Scan Direction": "Forward", "Index Name": "person_id_aka_name", "Relation Name": "aka_name", "Alias": "an1", "Startup Cost": 0.0, "Total Cost": 0.84, "Plan Rows": 1, "Plan Width": 20, "Actual Startup Time": 34.856, "Actual Total Time": 43.342, "Actual Rows": 17379, "Actual Loops": 7438, "Index Cond": "(person_id = ci.person_id)", "Rows Removed by Index Recheck": 0}]}, {"Node Type": "Index Scan", "Parent Relationship": "Inner", "Scan Direction": "Forward", "Index Name": "name_pkey", "Relation Name": "name", "Alias": "n1", "Startup Cost": 0.0, "Total Cost": 0.57, "Plan Rows": 1, "Plan Width": 4, "Actual Startup Time": 67.547, "Actual Total Time": 67.547, "Actual Rows": 62, "Actual Loops": 17379, "Index Cond": "(id = an1.person_id)", "Rows Removed by Index Recheck": 0, "Filter": "(((name)::text ~~ '%Yo%'::text) AND ((name)::text !~~ '%Yu%'::text))", "Rows Removed by Filter": 17317}]}]}, "Triggers": [], "Planner Runtime": 37, "Total Runtime": 3607.047, "Unique SQL Id": 3544391839}}, "(16, 70)": {"explain_plan": {"Plan": {"Node Type": "Aggregate", "Strategy": "Plain", "Startup Cost": 87811.18, "Total Cost": 87811.19, "Plan Rows": 1, "Plan Width": 97, "Plans": [{"Node Type": "Nested Loop", "Parent Relationship": "Outer", "Join Type": "Inner", "Startup Cost": 5985.74, "Total Cost": 87807.95, "Plan Rows": 646, "Plan Width": 33, "Inner Unique": true, "Plans": [{"Node Type": "Nested Loop", "Parent Relationship": "Outer", "Join Type": "Inner", "Startup Cost": 5985.41, "Total Cost": 84999.37, "Plan Rows": 645, "Plan Width": 41, "Inner Unique": false, "Plans": [{"Node Type": "Hash Join", "Parent Relationship": "Outer", "Join Type": "Inner", "Startup Cost": 5985.03, "Total Cost": 82656.81, "Plan Rows": 532, "Plan Width": 21, "Inner Unique": true, "Hash Cond": "(ci.role_id = rt.id)", "Plans": [{"Node Type": "Nested Loop", "Parent Relationship": "Outer", "Join Type": "Inner", "Startup Cost": 5983.86, "Total Cost": 82635.67, "Plan Rows": 5847, "Plan Width": 25, "Inner Unique": false, "Plans": [{"Node Type": "Nested Loop", "Parent Relationship": "Outer", "Join Type": "Inner", "Startup Cost": 5983.35, "Total Cost": 55977.85, "Plan Rows": 5775, "Plan Width": 25, "Inner Unique": true, "Plans": [{"Node Type": "Hash Join", "Parent Relationship": "Outer", "Join Type": "Inner", "Startup Cost": 5982.08, "Total Cost": 25391.5, "Plan Rows": 5775, "Plan Width": 4, "Inner Unique": true, "Hash Cond": "(mc.company_id = cn.id)", "Plans": [{"Node Type": "Streaming(type: LOCAL GATHER dop: 1/16)", "Parent Relationship": "Outer", "Startup Cost": 0.0, "Total Cost": 19215.08, "Plan Rows": 36426, "Plan Width": 8, "Plans": [{"Node Type": "Seq Scan", "Parent Relationship": "Outer", "Relation Name": "movie_companies", "Alias": "mc", "Startup Cost": 0.0, "Total Cost": 18428.93, "Plan Rows": 36426, "Plan Width": 8, "Filter": "(((note)::text ~~ '%(Japan)%'::text) AND ((note)::text !~~ '%(USA)%'::text))"}]}, {"Node Type": "Hash", "Parent Relationship": "Inner", "Startup Cost": 5903.45, "Total Cost": 5903.45, "Plan Rows": 6290, "Plan Width": 4, "Plans": [{"Node Type": "Seq Scan", "Parent Relationship": "Outer", "Relation Name": "company_name", "Alias": "cn", "Startup Cost": 0.0, "Total Cost": 5903.45, "Plan Rows": 6290, "Plan Width": 4, "Filter": "((country_code)::text = '[jp]'::text)"}]}]}, {"Node Type": "Bitmap Heap Scan", "Parent Relationship": "Inner", "Relation Name": "title", "Alias": "t", "Startup Cost": 1.27, "Total Cost": 5.29, "Plan Rows": 1, "Plan Width": 21, "Recheck Cond": "(id = mc.movie_id)", "Plans": [{"Node Type": "Bitmap Index Scan", "Parent Relationship": "Outer", "Index Name": "title_pkey", "Startup Cost": 0.0, "Total Cost": 1.27, "Plan Rows": 1, "Plan Width": 0, "Index Cond": "(id = mc.movie_id)"}]}]}, {"Node Type": "Bitmap Heap Scan", "Parent Relationship": "Inner", "Relation Name": "cast_info", "Alias": "ci", "Startup Cost": 0.52, "Total Cost": 4.61, "Plan Rows": 1, "Plan Width": 12, "Recheck Cond": "(movie_id = t.id)", "Filter": "((note)::text = '(voice: English version)'::text)", "Plans": [{"Node Type": "Bitmap Index Scan", "Parent Relationship": "Outer", "Index Name": "movie_id_cast_info", "Startup Cost": 0.0, "Total Cost": 0.52, "Plan Rows": 6, "Plan Width": 0, "Index Cond": "(movie_id = t.id)"}]}]}, {"Node Type": "Hash", "Parent Relationship": "Inner", "Startup Cost": 1.15, "Total Cost": 1.15, "Plan Rows": 1, "Plan Width": 4, "Plans": [{"Node Type": "Seq Scan", "Parent Relationship": "Outer", "Relation Name": "role_type", "Alias": "rt", "Startup Cost": 0.0, "Total Cost": 1.15, "Plan Rows": 1, "Plan Width": 4, "Filter": "((role)::text = 'actress'::text)"}]}]}, {"Node Type": "Bitmap Heap Scan", "Parent Relationship": "Inner", "Relation Name": "aka_name", "Alias": "an1", "Startup Cost": 0.38, "Total Cost": 4.39, "Plan Rows": 1, "Plan Width": 20, "Recheck Cond": "(person_id = ci.person_id)", "Plans": [{"Node Type": "Bitmap Index Scan", "Parent Relationship": "Outer", "Index Name": "person_id_aka_name", "Startup Cost": 0.0, "Total Cost": 0.38, "Plan Rows": 1, "Plan Width": 0, "Index Cond": "(person_id = ci.person_id)"}]}]}, {"Node Type": "Bitmap Heap Scan", "Parent Relationship": "Inner", "Relation Name": "name", "Alias": "n1", "Startup Cost": 0.33, "Total Cost": 4.34, "Plan Rows": 1, "Plan Width": 4, "Recheck Cond": "(id = an1.person_id)", "Filter": "(((name)::text ~~ '%Yo%'::text) AND ((name)::text !~~ '%Yu%'::text))", "Plans": [{"Node Type": "Bitmap Index Scan", "Parent Relationship": "Outer", "Index Name": "name_pkey", "Startup Cost": 0.0, "Total Cost": 0.33, "Plan Rows": 1, "Plan Width": 0, "Index Cond": "(id = an1.person_id)"}]}]}]}, "Unique SQL Id": 3544391839, "Planner Runtime": 93}, "explain_analyze_plan": {"Plan": {"Node Type": "Aggregate", "Strategy": "Plain", "Startup Cost": 87811.18, "Total Cost": 87811.19, "Plan Rows": 1, "Plan Width": 97, "Actual Min Startup Time": 4421.659, "Actual Max Startup Time": 4421.659, "Actual Min Total Time": 4421.659, "Actual Max Total Time": 4421.659, "Plans": [{"Node Type": "Nested Loop", "Parent Relationship": "Outer", "Join Type": "Inner", "Startup Cost": 5985.74, "Total Cost": 87807.95, "Plan Rows": 646, "Plan Width": 33, "Actual Min Startup Time": 401.235, "Actual Max Startup Time": 401.235, "Actual Min Total Time": 4421.398, "Actual Max Total Time": 4421.398, "Inner Unique": true, "Plans": [{"Node Type": "Nested Loop", "Parent Relationship": "Outer", "Join Type": "Inner", "Startup Cost": 5985.41, "Total Cost": 84999.37, "Plan Rows": 645, "Plan Width": 41, "Actual Min Startup Time": 94.933, "Actual Max Startup Time": 94.933, "Actual Min Total Time": 4318.724, "Actual Max Total Time": 4318.724, "Inner Unique": false, "Plans": [{"Node Type": "Hash Join", "Parent Relationship": "Outer", "Join Type": "Inner", "Startup Cost": 5985.03, "Total Cost": 82656.81, "Plan Rows": 532, "Plan Width": 21, "Actual Min Startup Time": 94.912, "Actual Max Startup Time": 94.912, "Actual Min Total Time": 4253.482, "Actual Max Total Time": 4253.482, "Inner Unique": true, "Hash Cond": "(ci.role_id = rt.id)", "Plans": [{"Node Type": "Nested Loop", "Parent Relationship": "Outer", "Join Type": "Inner", "Startup Cost": 5983.86, "Total Cost": 82635.67, "Plan Rows": 5847, "Plan Width": 25, "Actual Min Startup Time": 94.779, "Actual Max Startup Time": 94.779, "Actual Min Total Time": 4246.633, "Actual Max Total Time": 4246.633, "Inner Unique": false, "Plans": [{"Node Type": "Nested Loop", "Parent Relationship": "Outer", "Join Type": "Inner", "Startup Cost": 5983.35, "Total Cost": 55977.85, "Plan Rows": 5775, "Plan Width": 25, "Actual Min Startup Time": 86.102, "Actual Max Startup Time": 86.102, "Actual Min Total Time": 513.457, "Actual Max Total Time": 513.457, "Inner Unique": true, "Plans": [{"Node Type": "Hash Join", "Parent Relationship": "Outer", "Join Type": "Inner", "Startup Cost": 5982.08, "Total Cost": 25391.5, "Plan Rows": 5775, "Plan Width": 4, "Actual Min Startup Time": 86.031, "Actual Max Startup Time": 86.031, "Actual Min Total Time": 152.485, "Actual Max Total Time": 152.485, "Inner Unique": true, "Hash Cond": "(mc.company_id = cn.id)", "Plans": [{"Node Type": "Streaming(type: LOCAL GATHER dop: 1/16)", "Parent Relationship": "Outer", "Startup Cost": 0.0, "Total Cost": 19215.08, "Plan Rows": 36426, "Plan Width": 8, "Actual Min Startup Time": 0.08, "Actual Max Startup Time": 0.08, "Actual Min Total Time": 29.67, "Actual Max Total Time": 29.67, "Plans": [{"Node Type": "Seq Scan", "Parent Relationship": "Outer", "Relation Name": "movie_companies", "Alias": "mc", "Startup Cost": 0.0, "Total Cost": 18428.93, "Plan Rows": 36426, "Plan Width": 8, "Actual Min Startup Time": 0.041, "Actual Max Startup Time": 0.388, "Actual Min Total Time": 54.573, "Actual Max Total Time": 62.051, "Filter": "(((note)::text ~~ '%(Japan)%'::text) AND ((note)::text !~~ '%(USA)%'::text))", "Rows Removed by Filter": 2560231, "Actual Rows": 48897}], "Actual Rows": 48897}, {"Node Type": "Hash", "Parent Relationship": "Inner", "Startup Cost": 5903.45, "Total Cost": 5903.45, "Plan Rows": 6290, "Plan Width": 4, "Actual Min Startup Time": 85.894, "Actual Max Startup Time": 85.894, "Actual Min Total Time": 85.894, "Actual Max Total Time": 85.894, "Max Hash Buckets": 32768, "Min Hash Buckets": 32768, "Max Hash Batches": 1, "Min Hash Batches": 1, "Max Original Hash Batches": 1, "Min Original Hash Batches": 1, "Max Peak Memory Usage": 238, "min Peak Memory Usage": 238, "Plans": [{"Node Type": "Seq Scan", "Parent Relationship": "Outer", "Relation Name": "company_name", "Alias": "cn", "Startup Cost": 0.0, "Total Cost": 5903.45, "Plan Rows": 6290, "Plan Width": 4, "Actual Min Startup Time": 0.036, "Actual Max Startup Time": 0.036, "Actual Min Total Time": 83.73, "Actual Max Total Time": 83.73, "Filter": "((country_code)::text = '[jp]'::text)", "Rows Removed by Filter": 228244, "Actual Rows": 6752}], "Actual Rows": 6752}], "Actual Rows": 48328}, {"Node Type": "Bitmap Heap Scan", "Parent Relationship": "Inner", "Relation Name": "title", "Alias": "t", "Startup Cost": 1.27, "Total Cost": 5.29, "Plan Rows": 1, "Plan Width": 21, "Actual Min Startup Time": 286.714, "Actual Max Startup Time": 286.714, "Actual Min Total Time": 286.714, "Actual Max Total Time": 286.714, "Recheck Cond": "(id = mc.movie_id)", "Rows Removed by Index Recheck": 0, "Exact Heap Blocks": 48328, "Lossy Heap Blocks": 48328, "Plans": [{"Node Type": "Bitmap Index Scan", "Parent Relationship": "Outer", "Index Name": "title_pkey", "Startup Cost": 0.0, "Total Cost": 1.27, "Plan Rows": 1, "Plan Width": 0, "Actual Min Startup Time": 152.769, "Actual Max Startup Time": 152.769, "Actual Min Total Time": 152.769, "Actual Max Total Time": 152.769, "Index Cond": "(id = mc.movie_id)", "Actual Rows": 48328}], "Actual Rows": 48328}], "Actual Rows": 48328}, {"Node Type": "Bitmap Heap Scan", "Parent Relationship": "Inner", "Relation Name": "cast_info", "Alias": "ci", "Startup Cost": 0.52, "Total Cost": 4.61, "Plan Rows": 1, "Plan Width": 12, "Actual Min Startup Time": 3508.481, "Actual Max Startup Time": 3508.481, "Actual Min Total Time": 3660.557, "Actual Max Total Time": 3660.557, "Recheck Cond": "(movie_id = t.id)", "Rows Removed by Index Recheck": 0, "Filter": "((note)::text = '(voice: English version)'::text)", "Rows Removed by Filter": 1531710, "Exact Heap Blocks": 1503105, "Lossy Heap Blocks": 1503105, "Plans": [{"Node Type": "Bitmap Index Scan", "Parent Relationship": "Outer", "Index Name": "movie_id_cast_info", "Startup Cost": 0.0, "Total Cost": 0.52, "Plan Rows": 6, "Plan Width": 0, "Actual Min Startup Time": 460.301, "Actual Max Startup Time": 460.301, "Actual Min Total Time": 460.301, "Actual Max Total Time": 460.301, "Index Cond": "(movie_id = t.id)", "Actual Rows": 1551310}], "Actual Rows": 19600}], "Actual Rows": 19600}, {"Node Type": "Hash", "Parent Relationship": "Inner", "Startup Cost": 1.15, "Total Cost": 1.15, "Plan Rows": 1, "Plan Width": 4, "Actual Min Startup Time": 0.055, "Actual Max Startup Time": 0.055, "Actual Min Total Time": 0.055, "Actual Max Total Time": 0.055, "Max Hash Buckets": 32768, "Min Hash Buckets": 32768, "Max Hash Batches": 1, "Min Hash Batches": 1, "Max Original Hash Batches": 1, "Min Original Hash Batches": 1, "Max Peak Memory Usage": 1, "min Peak Memory Usage": 1, "Plans": [{"Node Type": "Seq Scan", "Parent Relationship": "Outer", "Relation Name": "role_type", "Alias": "rt", "Startup Cost": 0.0, "Total Cost": 1.15, "Plan Rows": 1, "Plan Width": 4, "Actual Min Startup Time": 0.039, "Actual Max Startup Time": 0.039, "Actual Min Total Time": 0.044, "Actual Max Total Time": 0.044, "Filter": "((role)::text = 'actress'::text)", "Rows Removed by Filter": 11, "Actual Rows": 1}], "Actual Rows": 1}], "Actual Rows": 7438}, {"Node Type": "Bitmap Heap Scan", "Parent Relationship": "Inner", "Relation Name": "aka_name", "Alias": "an1", "Startup Cost": 0.38, "Total Cost": 4.39, "Plan Rows": 1, "Plan Width": 20, "Actual Min Startup Time": 45.649, "Actual Max Startup Time": 45.649, "Actual Min Total Time": 50.969, "Actual Max Total Time": 50.969, "Recheck Cond": "(person_id = ci.person_id)", "Rows Removed by Index Recheck": 0, "Exact Heap Blocks": 6514, "Lossy Heap Blocks": 6514, "Plans": [{"Node Type": "Bitmap Index Scan", "Parent Relationship": "Outer", "Index Name": "person_id_aka_name", "Startup Cost": 0.0, "Total Cost": 0.38, "Plan Rows": 1, "Plan Width": 0, "Actual Min Startup Time": 29.802, "Actual Max Startup Time": 29.802, "Actual Min Total Time": 29.802, "Actual Max Total Time": 29.802, "Index Cond": "(person_id = ci.person_id)", "Actual Rows": 17379}], "Actual Rows": 17379}], "Actual Rows": 17379}, {"Node Type": "Bitmap Heap Scan", "Parent Relationship": "Inner", "Relation Name": "name", "Alias": "n1", "Startup Cost": 0.33, "Total Cost": 4.34, "Plan Rows": 1, "Plan Width": 4, "Actual Min Startup Time": 82.164, "Actual Max Startup Time": 82.164, "Actual Min Total Time": 82.164, "Actual Max Total Time": 82.164, "Recheck Cond": "(id = an1.person_id)", "Rows Removed by Index Recheck": 0, "Filter": "(((name)::text ~~ '%Yo%'::text) AND ((name)::text !~~ '%Yu%'::text))", "Rows Removed by Filter": 17317, "Exact Heap Blocks": 17379, "Lossy Heap Blocks": 17379, "Plans": [{"Node Type": "Bitmap Index Scan", "Parent Relationship": "Outer", "Index Name": "name_pkey", "Startup Cost": 0.0, "Total Cost": 0.33, "Plan Rows": 1, "Plan Width": 0, "Actual Min Startup Time": 48.327, "Actual Max Startup Time": 48.327, "Actual Min Total Time": 48.327, "Actual Max Total Time": 48.327, "Index Cond": "(id = an1.person_id)", "Actual Rows": 17379}], "Actual Rows": 62}], "Actual Rows": 62}], "Actual Rows": 1}, "Triggers": [], "Planner Runtime": 84, "Total Runtime": 4424.64, "Unique SQL Id": 3544391839}}, "(16, 71)": {"explain_plan": {"Plan": {"Node Type": "Aggregate", "Strategy": "Plain", "Startup Cost": 168753.08, "Total Cost": 168753.09, "Plan Rows": 1, "Plan Width": 97, "Plans": [{"Node Type": "Nested Loop", "Parent Relationship": "Outer", "Join Type": "Inner", "Startup Cost": 2799.15, "Total Cost": 168749.85, "Plan Rows": 646, "Plan Width": 33, "Inner Unique": true, "Plans": [{"Node Type": "Nested Loop", "Parent Relationship": "Outer", "Join Type": "Inner", "Startup Cost": 2798.82, "Total Cost": 165941.27, "Plan Rows": 645, "Plan Width": 41, "Inner Unique": false, "Plans": [{"Node Type": "Hash Join", "Parent Relationship": "Outer", "Join Type": "Inner", "Startup Cost": 2798.44, "Total Cost": 163598.7, "Plan Rows": 532, "Plan Width": 21, "Inner Unique": true, "Hash Cond": "(ci.role_id = rt.id)", "Plans": [{"Node Type": "Nested Loop", "Parent Relationship": "Outer", "Join Type": "Inner", "Startup Cost": 2785.97, "Total Cost": 163566.25, "Plan Rows": 5847, "Plan Width": 25, "Inner Unique": false, "Plans": [{"Node Type": "Nested Loop", "Parent Relationship": "Outer", "Join Type": "Inner", "Startup Cost": 2785.45, "Total Cost": 136908.44, "Plan Rows": 5775, "Plan Width": 25, "Inner Unique": true, "Plans": [{"Node Type": "Nested Loop", "Parent Relationship": "Outer", "Join Type": "Inner", "Startup Cost": 2784.18, "Total Cost": 106322.09, "Plan Rows": 5775, "Plan Width": 4, "Inner Unique": false, "Plans": [{"Node Type": "Bitmap Heap Scan", "Parent Relationship": "Outer", "Relation Name": "company_name", "Alias": "cn", "Startup Cost": 2780.8, "Total Cost": 8684.25, "Plan Rows": 6290, "Plan Width": 4, "Filter": "((country_code)::text = '[jp]'::text)", "Plans": [{"Node Type": "Bitmap Index Scan", "Parent Relationship": "Outer", "Index Name": "company_name_pkey", "Startup Cost": 0.0, "Total Cost": 2779.23, "Plan Rows": 234996, "Plan Width": 0}]}, {"Node Type": "Bitmap Heap Scan", "Parent Relationship": "Inner", "Relation Name": "movie_companies", "Alias": "mc", "Startup Cost": 3.37, "Total Cost": 15.51, "Plan Rows": 1, "Plan Width": 8, "Recheck Cond": "(company_id = cn.id)", "Filter": "(((note)::text ~~ '%(Japan)%'::text) AND ((note)::text !~~ '%(USA)%'::text))", "Plans": [{"Node Type": "Bitmap Index Scan", "Parent Relationship": "Outer", "Index Name": "company_id_movie_companies", "Startup Cost": 0.0, "Total Cost": 3.37, "Plan Rows": 15, "Plan Width": 0, "Index Cond": "(company_id = cn.id)"}]}]}, {"Node Type": "Bitmap Heap Scan", "Parent Relationship": "Inner", "Relation Name": "title", "Alias": "t", "Startup Cost": 1.27, "Total Cost": 5.29, "Plan Rows": 1, "Plan Width": 21, "Recheck Cond": "(id = mc.movie_id)", "Plans": [{"Node Type": "Bitmap Index Scan", "Parent Relationship": "Outer", "Index Name": "title_pkey", "Startup Cost": 0.0, "Total Cost": 1.27, "Plan Rows": 1, "Plan Width": 0, "Index Cond": "(id = mc.movie_id)"}]}]}, {"Node Type": "Bitmap Heap Scan", "Parent Relationship": "Inner", "Relation Name": "cast_info", "Alias": "ci", "Startup Cost": 0.52, "Total Cost": 4.61, "Plan Rows": 1, "Plan Width": 12, "Recheck Cond": "(movie_id = t.id)", "Filter": "((note)::text = '(voice: English version)'::text)", "Plans": [{"Node Type": "Bitmap Index Scan", "Parent Relationship": "Outer", "Index Name": "movie_id_cast_info", "Startup Cost": 0.0, "Total Cost": 0.52, "Plan Rows": 6, "Plan Width": 0, "Index Cond": "(movie_id = t.id)"}]}]}, {"Node Type": "Hash", "Parent Relationship": "Inner", "Startup Cost": 12.46, "Total Cost": 12.46, "Plan Rows": 1, "Plan Width": 4, "Plans": [{"Node Type": "Bitmap Heap Scan", "Parent Relationship": "Outer", "Relation Name": "role_type", "Alias": "rt", "Startup Cost": 8.31, "Total Cost": 12.46, "Plan Rows": 1, "Plan Width": 4, "Filter": "((role)::text = 'actress'::text)", "Plans": [{"Node Type": "Bitmap Index Scan", "Parent Relationship": "Outer", "Index Name": "role_type_pkey", "Startup Cost": 0.0, "Total Cost": 8.31, "Plan Rows": 12, "Plan Width": 0}]}]}]}, {"Node Type": "Bitmap Heap Scan", "Parent Relationship": "Inner", "Relation Name": "aka_name", "Alias": "an1", "Startup Cost": 0.38, "Total Cost": 4.39, "Plan Rows": 1, "Plan Width": 20, "Recheck Cond": "(person_id = ci.person_id)", "Plans": [{"Node Type": "Bitmap Index Scan", "Parent Relationship": "Outer", "Index Name": "person_id_aka_name", "Startup Cost": 0.0, "Total Cost": 0.38, "Plan Rows": 1, "Plan Width": 0, "Index Cond": "(person_id = ci.person_id)"}]}]}, {"Node Type": "Bitmap Heap Scan", "Parent Relationship": "Inner", "Relation Name": "name", "Alias": "n1", "Startup Cost": 0.33, "Total Cost": 4.34, "Plan Rows": 1, "Plan Width": 4, "Recheck Cond": "(id = an1.person_id)", "Filter": "(((name)::text ~~ '%Yo%'::text) AND ((name)::text !~~ '%Yu%'::text))", "Plans": [{"Node Type": "Bitmap Index Scan", "Parent Relationship": "Outer", "Index Name": "name_pkey", "Startup Cost": 0.0, "Total Cost": 0.33, "Plan Rows": 1, "Plan Width": 0, "Index Cond": "(id = an1.person_id)"}]}]}]}, "Unique SQL Id": 3544391839, "Planner Runtime": 32}, "explain_analyze_plan": {"Plan": {"Node Type": "Aggregate", "Strategy": "Plain", "Startup Cost": 168753.08, "Total Cost": 168753.09, "Plan Rows": 1, "Plan Width": 97, "Actual Startup Time": 4492.108, "Actual Total Time": 4492.109, "Actual Rows": 1, "Actual Loops": 1, "Plans": [{"Node Type": "Nested Loop", "Parent Relationship": "Outer", "Join Type": "Inner", "Startup Cost": 2799.15, "Total Cost": 168749.85, "Plan Rows": 646, "Plan Width": 33, "Actual Startup Time": 359.648, "Actual Total Time": 4491.729, "Actual Rows": 62, "Actual Loops": 1, "Inner Unique": true, "Plans": [{"Node Type": "Nested Loop", "Parent Relationship": "Outer", "Join Type": "Inner", "Startup Cost": 2798.82, "Total Cost": 165941.27, "Plan Rows": 645, "Plan Width": 41, "Actual Startup Time": 20.794, "Actual Total Time": 4388.403, "Actual Rows": 17379, "Actual Loops": 1, "Inner Unique": false, "Plans": [{"Node Type": "Hash Join", "Parent Relationship": "Outer", "Join Type": "Inner", "Startup Cost": 2798.44, "Total Cost": 163598.7, "Plan Rows": 532, "Plan Width": 21, "Actual Startup Time": 20.772, "Actual Total Time": 4318.94, "Actual Rows": 7438, "Actual Loops": 1, "Inner Unique": true, "Hash Cond": "(ci.role_id = rt.id)", "Plans": [{"Node Type": "Nested Loop", "Parent Relationship": "Outer", "Join Type": "Inner", "Startup Cost": 2785.97, "Total Cost": 163566.25, "Plan Rows": 5847, "Plan Width": 25, "Actual Startup Time": 20.68, "Actual Total Time": 4311.662, "Actual Rows": 19600, "Actual Loops": 1, "Inner Unique": false, "Plans": [{"Node Type": "Nested Loop", "Parent Relationship": "Outer", "Join Type": "Inner", "Startup Cost": 2785.45, "Total Cost": 136908.44, "Plan Rows": 5775, "Plan Width": 25, "Actual Startup Time": 20.602, "Actual Total Time": 815.931, "Actual Rows": 48328, "Actual Loops": 1, "Inner Unique": true, "Plans": [{"Node Type": "Nested Loop", "Parent Relationship": "Outer", "Join Type": "Inner", "Startup Cost": 2784.18, "Total Cost": 106322.09, "Plan Rows": 5775, "Plan Width": 4, "Actual Startup Time": 20.581, "Actual Total Time": 419.479, "Actual Rows": 48328, "Actual Loops": 1, "Inner Unique": false, "Plans": [{"Node Type": "Bitmap Heap Scan", "Parent Relationship": "Outer", "Relation Name": "company_name", "Alias": "cn", "Startup Cost": 2780.8, "Total Cost": 8684.25, "Plan Rows": 6290, "Plan Width": 4, "Actual Startup Time": 20.516, "Actual Total Time": 134.821, "Actual Rows": 6752, "Actual Loops": 1, "Filter": "((country_code)::text = '[jp]'::text)", "Rows Removed by Filter": 228244, "Exact Heap Blocks": 2966, "Lossy Heap Blocks": 2966, "Plans": [{"Node Type": "Bitmap Index Scan", "Parent Relationship": "Outer", "Index Name": "company_name_pkey", "Startup Cost": 0.0, "Total Cost": 2779.23, "Plan Rows": 234996, "Plan Width": 0, "Actual Startup Time": 20.051, "Actual Total Time": 20.051, "Actual Rows": 234996, "Actual Loops": 1}]}, {"Node Type": "Bitmap Heap Scan", "Parent Relationship": "Inner", "Relation Name": "movie_companies", "Alias": "mc", "Startup Cost": 3.37, "Total Cost": 15.51, "Plan Rows": 1, "Plan Width": 8, "Actual Startup Time": 97.821, "Actual Total Time": 261.681, "Actual Rows": 48328, "Actual Loops": 6752, "Recheck Cond": "(company_id = cn.id)", "Rows Removed by Index Recheck": 0, "Filter": "(((note)::text ~~ '%(Japan)%'::text) AND ((note)::text !~~ '%(USA)%'::text))", "Rows Removed by Filter": 56667, "Exact Heap Blocks": 61861, "Lossy Heap Blocks": 61861, "Plans": [{"Node Type": "Bitmap Index Scan", "Parent Relationship": "Outer", "Index Name": "company_id_movie_companies", "Startup Cost": 0.0, "Total Cost": 3.37, "Plan Rows": 15, "Plan Width": 0, "Actual Startup Time": 49.682, "Actual Total Time": 49.682, "Actual Rows": 104995, "Actual Loops": 6752, "Index Cond": "(company_id = cn.id)"}]}]}, {"Node Type": "Bitmap Heap Scan", "Parent Relationship": "Inner", "Relation Name": "title", "Alias": "t", "Startup Cost": 1.27, "Total Cost": 5.29, "Plan Rows": 1, "Plan Width": 21, "Actual Startup Time": 319.173, "Actual Total Time": 319.173, "Actual Rows": 48328, "Actual Loops": 48328, "Recheck Cond": "(id = mc.movie_id)", "Rows Removed by Index Recheck": 0, "Exact Heap Blocks": 48328, "Lossy Heap Blocks": 48328, "Plans": [{"Node Type": "Bitmap Index Scan", "Parent Relationship": "Outer", "Index Name": "title_pkey", "Startup Cost": 0.0, "Total Cost": 1.27, "Plan Rows": 1, "Plan Width": 0, "Actual Startup Time": 189.599, "Actual Total Time": 189.599, "Actual Rows": 48328, "Actual Loops": 48328, "Index Cond": "(id = mc.movie_id)"}]}]}, {"Node Type": "Bitmap Heap Scan", "Parent Relationship": "Inner", "Relation Name": "cast_info", "Alias": "ci", "Startup Cost": 0.52, "Total Cost": 4.61, "Plan Rows": 1, "Plan Width": 12, "Actual Startup Time": 3279.287, "Actual Total Time": 3421.827, "Actual Rows": 19600, "Actual Loops": 48328, "Recheck Cond": "(movie_id = t.id)", "Rows Removed by Index Recheck": 0, "Filter": "((note)::text = '(voice: English version)'::text)", "Rows Removed by Filter": 1531710, "Exact Heap Blocks": 1503105, "Lossy Heap Blocks": 1503105, "Plans": [{"Node Type": "Bitmap Index Scan", "Parent Relationship": "Outer", "Index Name": "movie_id_cast_info", "Startup Cost": 0.0, "Total Cost": 0.52, "Plan Rows": 6, "Plan Width": 0, "Actual Startup Time": 514.489, "Actual Total Time": 514.489, "Actual Rows": 1551310, "Actual Loops": 48328, "Index Cond": "(movie_id = t.id)"}]}]}, {"Node Type": "Hash", "Parent Relationship": "Inner", "Startup Cost": 12.46, "Total Cost": 12.46, "Plan Rows": 1, "Plan Width": 4, "Actual Startup Time": 0.046, "Actual Total Time": 0.046, "Actual Rows": 1, "Actual Loops": 1, "Hash Buckets": 32768, "Hash Batches": 1, "Original Hash Batches": 1, "Peak Memory Usage": 1, "Plans": [{"Node Type": "Bitmap Heap Scan", "Parent Relationship": "Outer", "Relation Name": "role_type", "Alias": "rt", "Startup Cost": 8.31, "Total Cost": 12.46, "Plan Rows": 1, "Plan Width": 4, "Actual Startup Time": 0.035, "Actual Total Time": 0.037, "Actual Rows": 1, "Actual Loops": 1, "Filter": "((role)::text = 'actress'::text)", "Rows Removed by Filter": 11, "Exact Heap Blocks": 1, "Lossy Heap Blocks": 1, "Plans": [{"Node Type": "Bitmap Index Scan", "Parent Relationship": "Outer", "Index Name": "role_type_pkey", "Startup Cost": 0.0, "Total Cost": 8.31, "Plan Rows": 12, "Plan Width": 0, "Actual Startup Time": 0.01, "Actual Total Time": 0.01, "Actual Rows": 12, "Actual Loops": 1}]}]}]}, {"Node Type": "Bitmap Heap Scan", "Parent Relationship": "Inner", "Relation Name": "aka_name", "Alias": "an1", "Startup Cost": 0.38, "Total Cost": 4.39, "Plan Rows": 1, "Plan Width": 20, "Actual Startup Time": 48.953, "Actual Total Time": 54.48, "Actual Rows": 17379, "Actual Loops": 7438, "Recheck Cond": "(person_id = ci.person_id)", "Rows Removed by Index Recheck": 0, "Exact Heap Blocks": 6514, "Lossy Heap Blocks": 6514, "Plans": [{"Node Type": "Bitmap Index Scan", "Parent Relationship": "Outer", "Index Name": "person_id_aka_name", "Startup Cost": 0.0, "Total Cost": 0.38, "Plan Rows": 1, "Plan Width": 0, "Actual Startup Time": 32.765, "Actual Total Time": 32.765, "Actual Rows": 17379, "Actual Loops": 7438, "Index Cond": "(person_id = ci.person_id)"}]}]}, {"Node Type": "Bitmap Heap Scan", "Parent Relationship": "Inner", "Relation Name": "name", "Alias": "n1", "Startup Cost": 0.33, "Total Cost": 4.34, "Plan Rows": 1, "Plan Width": 4, "Actual Startup Time": 81.996, "Actual Total Time": 81.996, "Actual Rows": 62, "Actual Loops": 17379, "Recheck Cond": "(id = an1.person_id)", "Rows Removed by Index Recheck": 0, "Filter": "(((name)::text ~~ '%Yo%'::text) AND ((name)::text !~~ '%Yu%'::text))", "Rows Removed by Filter": 17317, "Exact Heap Blocks": 17379, "Lossy Heap Blocks": 17379, "Plans": [{"Node Type": "Bitmap Index Scan", "Parent Relationship": "Outer", "Index Name": "name_pkey", "Startup Cost": 0.0, "Total Cost": 0.33, "Plan Rows": 1, "Plan Width": 0, "Actual Startup Time": 47.986, "Actual Total Time": 47.986, "Actual Rows": 17379, "Actual Loops": 17379, "Index Cond": "(id = an1.person_id)"}]}]}]}, "Triggers": [], "Planner Runtime": 32, "Total Runtime": 4492.542, "Unique SQL Id": 3544391839}}, "(16, 72)": {"explain_plan": {"Plan": {"Node Type": "Aggregate", "Strategy": "Plain", "Startup Cost": 54635.31, "Total Cost": 54635.32, "Plan Rows": 1, "Plan Width": 97, "Plans": [{"Node Type": "Nested Loop", "Parent Relationship": "Outer", "Join Type": "Inner", "Startup Cost": 5983.24, "Total Cost": 54632.08, "Plan Rows": 646, "Plan Width": 33, "Inner Unique": true, "Plans": [{"Node Type": "Nested Loop", "Parent Relationship": "Outer", "Join Type": "Inner", "Startup Cost": 5983.24, "Total Cost": 54256.54, "Plan Rows": 645, "Plan Width": 41, "Inner Unique": false, "Plans": [{"Node Type": "Hash Join", "Parent Relationship": "Outer", "Join Type": "Inner", "Startup Cost": 5983.24, "Total Cost": 53802.32, "Plan Rows": 532, "Plan Width": 21, "Inner Unique": true, "Hash Cond": "(ci.role_id = rt.id)", "Plans": [{"Node Type": "Nested Loop", "Parent Relationship": "Outer", "Join Type": "Inner", "Startup Cost": 5982.08, "Total Cost": 53781.19, "Plan Rows": 5847, "Plan Width": 25, "Inner Unique": false, "Plans": [{"Node Type": "Nested Loop", "Parent Relationship": "Outer", "Join Type": "Inner", "Startup Cost": 5982.08, "Total Cost": 48038.6, "Plan Rows": 5775, "Plan Width": 25, "Inner Unique": true, "Plans": [{"Node Type": "Hash Join", "Parent Relationship": "Outer", "Join Type": "Inner", "Startup Cost": 5982.08, "Total Cost": 25391.5, "Plan Rows": 5775, "Plan Width": 4, "Inner Unique": true, "Hash Cond": "(mc.company_id = cn.id)", "Plans": [{"Node Type": "Streaming(type: LOCAL GATHER dop: 1/16)", "Parent Relationship": "Outer", "Startup Cost": 0.0, "Total Cost": 19215.08, "Plan Rows": 36426, "Plan Width": 8, "Plans": [{"Node Type": "Seq Scan", "Parent Relationship": "Outer", "Relation Name": "movie_companies", "Alias": "mc", "Startup Cost": 0.0, "Total Cost": 18428.93, "Plan Rows": 36426, "Plan Width": 8, "Filter": "(((note)::text ~~ '%(Japan)%'::text) AND ((note)::text !~~ '%(USA)%'::text))"}]}, {"Node Type": "Hash", "Parent Relationship": "Inner", "Startup Cost": 5903.45, "Total Cost": 5903.45, "Plan Rows": 6290, "Plan Width": 4, "Plans": [{"Node Type": "Seq Scan", "Parent Relationship": "Outer", "Relation Name": "company_name", "Alias": "cn", "Startup Cost": 0.0, "Total Cost": 5903.45, "Plan Rows": 6290, "Plan Width": 4, "Filter": "((country_code)::text = '[jp]'::text)"}]}]}, {"Node Type": "Index Scan", "Parent Relationship": "Inner", "Scan Direction": "Forward", "Index Name": "title_pkey", "Relation Name": "title", "Alias": "t", "Startup Cost": 0.0, "Total Cost": 3.91, "Plan Rows": 1, "Plan Width": 21, "Index Cond": "(id = mc.movie_id)"}]}, {"Node Type": "Index Scan", "Parent Relationship": "Inner", "Scan Direction": "Forward", "Index Name": "movie_id_cast_info", "Relation Name": "cast_info", "Alias": "ci", "Startup Cost": 0.0, "Total Cost": 0.98, "Plan Rows": 1, "Plan Width": 12, "Index Cond": "(movie_id = t.id)", "Filter": "((note)::text = '(voice: English version)'::text)"}]}, {"Node Type": "Hash", "Parent Relationship": "Inner", "Startup Cost": 1.15, "Total Cost": 1.15, "Plan Rows": 1, "Plan Width": 4, "Plans": [{"Node Type": "Seq Scan", "Parent Relationship": "Outer", "Relation Name": "role_type", "Alias": "rt", "Startup Cost": 0.0, "Total Cost": 1.15, "Plan Rows": 1, "Plan Width": 4, "Filter": "((role)::text = 'actress'::text)"}]}]}, {"Node Type": "Index Scan", "Parent Relationship": "Inner", "Scan Direction": "Forward", "Index Name": "person_id_aka_name", "Relation Name": "aka_name", "Alias": "an1", "Startup Cost": 0.0, "Total Cost": 0.84, "Plan Rows": 1, "Plan Width": 20, "Index Cond": "(person_id = ci.person_id)"}]}, {"Node Type": "Index Scan", "Parent Relationship": "Inner", "Scan Direction": "Forward", "Index Name": "name_pkey", "Relation Name": "name", "Alias": "n1", "Startup Cost": 0.0, "Total Cost": 0.57, "Plan Rows": 1, "Plan Width": 4, "Index Cond": "(id = an1.person_id)", "Filter": "(((name)::text ~~ '%Yo%'::text) AND ((name)::text !~~ '%Yu%'::text))"}]}]}, "Unique SQL Id": 3544391839, "Planner Runtime": 57}, "explain_analyze_plan": {"Plan": {"Node Type": "Aggregate", "Strategy": "Plain", "Startup Cost": 54635.31, "Total Cost": 54635.32, "Plan Rows": 1, "Plan Width": 97, "Actual Min Startup Time": 3089.833, "Actual Max Startup Time": 3089.833, "Actual Min Total Time": 3089.834, "Actual Max Total Time": 3089.834, "Plans": [{"Node Type": "Nested Loop", "Parent Relationship": "Outer", "Join Type": "Inner", "Startup Cost": 5983.24, "Total Cost": 54632.08, "Plan Rows": 646, "Plan Width": 33, "Actual Min Startup Time": 313.1, "Actual Max Startup Time": 313.1, "Actual Min Total Time": 3089.609, "Actual Max Total Time": 3089.609, "Inner Unique": true, "Plans": [{"Node Type": "Nested Loop", "Parent Relationship": "Outer", "Join Type": "Inner", "Startup Cost": 5983.24, "Total Cost": 54256.54, "Plan Rows": 645, "Plan Width": 41, "Actual Min Startup Time": 90.995, "Actual Max Startup Time": 90.995, "Actual Min Total Time": 3016.553, "Actual Max Total Time": 3016.553, "Inner Unique": false, "Plans": [{"Node Type": "Hash Join", "Parent Relationship": "Outer", "Join Type": "Inner", "Startup Cost": 5983.24, "Total Cost": 53802.32, "Plan Rows": 532, "Plan Width": 21, "Actual Min Startup Time": 90.978, "Actual Max Startup Time": 90.978, "Actual Min Total Time": 2967.605, "Actual Max Total Time": 2967.605, "Inner Unique": true, "Hash Cond": "(ci.role_id = rt.id)", "Plans": [{"Node Type": "Nested Loop", "Parent Relationship": "Outer", "Join Type": "Inner", "Startup Cost": 5982.08, "Total Cost": 53781.19, "Plan Rows": 5847, "Plan Width": 25, "Actual Min Startup Time": 90.852, "Actual Max Startup Time": 90.852, "Actual Min Total Time": 2961.159, "Actual Max Total Time": 2961.159, "Inner Unique": false, "Plans": [{"Node Type": "Nested Loop", "Parent Relationship": "Outer", "Join Type": "Inner", "Startup Cost": 5982.08, "Total Cost": 48038.6, "Plan Rows": 5775, "Plan Width": 25, "Actual Min Startup Time": 84.624, "Actual Max Startup Time": 84.624, "Actual Min Total Time": 375.475, "Actual Max Total Time": 375.475, "Inner Unique": true, "Plans": [{"Node Type": "Hash Join", "Parent Relationship": "Outer", "Join Type": "Inner", "Startup Cost": 5982.08, "Total Cost": 25391.5, "Plan Rows": 5775, "Plan Width": 4, "Actual Min Startup Time": 84.573, "Actual Max Startup Time": 84.573, "Actual Min Total Time": 139.786, "Actual Max Total Time": 139.786, "Inner Unique": true, "Hash Cond": "(mc.company_id = cn.id)", "Plans": [{"Node Type": "Streaming(type: LOCAL GATHER dop: 1/16)", "Parent Relationship": "Outer", "Startup Cost": 0.0, "Total Cost": 19215.08, "Plan Rows": 36426, "Plan Width": 8, "Actual Min Startup Time": 0.054, "Actual Max Startup Time": 0.054, "Actual Min Total Time": 20.957, "Actual Max Total Time": 20.957, "Plans": [{"Node Type": "Seq Scan", "Parent Relationship": "Outer", "Relation Name": "movie_companies", "Alias": "mc", "Startup Cost": 0.0, "Total Cost": 18428.93, "Plan Rows": 36426, "Plan Width": 8, "Actual Min Startup Time": 0.037, "Actual Max Startup Time": 0.381, "Actual Min Total Time": 53.715, "Actual Max Total Time": 61.267, "Filter": "(((note)::text ~~ '%(Japan)%'::text) AND ((note)::text !~~ '%(USA)%'::text))", "Rows Removed by Filter": 2560231, "Actual Rows": 48897}], "Actual Rows": 48897}, {"Node Type": "Hash", "Parent Relationship": "Inner", "Startup Cost": 5903.45, "Total Cost": 5903.45, "Plan Rows": 6290, "Plan Width": 4, "Actual Min Startup Time": 84.458, "Actual Max Startup Time": 84.458, "Actual Min Total Time": 84.458, "Actual Max Total Time": 84.458, "Max Hash Buckets": 32768, "Min Hash Buckets": 32768, "Max Hash Batches": 1, "Min Hash Batches": 1, "Max Original Hash Batches": 1, "Min Original Hash Batches": 1, "Max Peak Memory Usage": 238, "min Peak Memory Usage": 238, "Plans": [{"Node Type": "Seq Scan", "Parent Relationship": "Outer", "Relation Name": "company_name", "Alias": "cn", "Startup Cost": 0.0, "Total Cost": 5903.45, "Plan Rows": 6290, "Plan Width": 4, "Actual Min Startup Time": 0.031, "Actual Max Startup Time": 0.031, "Actual Min Total Time": 82.292, "Actual Max Total Time": 82.292, "Filter": "((country_code)::text = '[jp]'::text)", "Rows Removed by Filter": 228244, "Actual Rows": 6752}], "Actual Rows": 6752}], "Actual Rows": 48328}, {"Node Type": "Index Scan", "Parent Relationship": "Inner", "Scan Direction": "Forward", "Index Name": "title_pkey", "Relation Name": "title", "Alias": "t", "Startup Cost": 0.0, "Total Cost": 3.91, "Plan Rows": 1, "Plan Width": 21, "Actual Min Startup Time": 195.436, "Actual Max Startup Time": 195.436, "Actual Min Total Time": 195.436, "Actual Max Total Time": 195.436, "Index Cond": "(id = mc.movie_id)", "Rows Removed by Index Recheck": 0, "Actual Rows": 48328}], "Actual Rows": 48328}, {"Node Type": "Index Scan", "Parent Relationship": "Inner", "Scan Direction": "Forward", "Index Name": "movie_id_cast_info", "Relation Name": "cast_info", "Alias": "ci", "Startup Cost": 0.0, "Total Cost": 0.98, "Plan Rows": 1, "Plan Width": 12, "Actual Min Startup Time": 2441.419, "Actual Max Startup Time": 2441.419, "Actual Min Total Time": 2555.355, "Actual Max Total Time": 2555.355, "Index Cond": "(movie_id = t.id)", "Rows Removed by Index Recheck": 0, "Filter": "((note)::text = '(voice: English version)'::text)", "Rows Removed by Filter": 1531710, "Actual Rows": 19600}], "Actual Rows": 19600}, {"Node Type": "Hash", "Parent Relationship": "Inner", "Startup Cost": 1.15, "Total Cost": 1.15, "Plan Rows": 1, "Plan Width": 4, "Actual Min Startup Time": 0.051, "Actual Max Startup Time": 0.051, "Actual Min Total Time": 0.051, "Actual Max Total Time": 0.051, "Max Hash Buckets": 32768, "Min Hash Buckets": 32768, "Max Hash Batches": 1, "Min Hash Batches": 1, "Max Original Hash Batches": 1, "Min Original Hash Batches": 1, "Max Peak Memory Usage": 1, "min Peak Memory Usage": 1, "Plans": [{"Node Type": "Seq Scan", "Parent Relationship": "Outer", "Relation Name": "role_type", "Alias": "rt", "Startup Cost": 0.0, "Total Cost": 1.15, "Plan Rows": 1, "Plan Width": 4, "Actual Min Startup Time": 0.038, "Actual Max Startup Time": 0.038, "Actual Min Total Time": 0.042, "Actual Max Total Time": 0.042, "Filter": "((role)::text = 'actress'::text)", "Rows Removed by Filter": 11, "Actual Rows": 1}], "Actual Rows": 1}], "Actual Rows": 7438}, {"Node Type": "Index Scan", "Parent Relationship": "Inner", "Scan Direction": "Forward", "Index Name": "person_id_aka_name", "Relation Name": "aka_name", "Alias": "an1", "Startup Cost": 0.0, "Total Cost": 0.84, "Plan Rows": 1, "Plan Width": 20, "Actual Min Startup Time": 31.331, "Actual Max Startup Time": 31.331, "Actual Min Total Time": 39.962, "Actual Max Total Time": 39.962, "Index Cond": "(person_id = ci.person_id)", "Rows Removed by Index Recheck": 0, "Actual Rows": 17379}], "Actual Rows": 17379}, {"Node Type": "Index Scan", "Parent Relationship": "Inner", "Scan Direction": "Forward", "Index Name": "name_pkey", "Relation Name": "name", "Alias": "n1", "Startup Cost": 0.0, "Total Cost": 0.57, "Plan Rows": 1, "Plan Width": 4, "Actual Min Startup Time": 63.912, "Actual Max Startup Time": 63.912, "Actual Min Total Time": 63.912, "Actual Max Total Time": 63.912, "Index Cond": "(id = an1.person_id)", "Rows Removed by Index Recheck": 0, "Filter": "(((name)::text ~~ '%Yo%'::text) AND ((name)::text !~~ '%Yu%'::text))", "Rows Removed by Filter": 17317, "Actual Rows": 62}], "Actual Rows": 62}], "Actual Rows": 1}, "Triggers": [], "Planner Runtime": 57, "Total Runtime": 3092.787, "Unique SQL Id": 3544391839}}, "(16, 73)": {"explain_plan": {"Plan": {"Node Type": "Aggregate", "Strategy": "Plain", "Startup Cost": 110772.14, "Total Cost": 110772.15, "Plan Rows": 1, "Plan Width": 97, "Plans": [{"Node Type": "Nested Loop", "Parent Relationship": "Outer", "Join Type": "Inner", "Startup Cost": 12.47, "Total Cost": 110771.66, "Plan Rows": 96, "Plan Width": 33, "Inner Unique": true, "Plans": [{"Node Type": "Nested Loop", "Parent Relationship": "Outer", "Join Type": "Inner", "Startup Cost": 12.47, "Total Cost": 110396.12, "Plan Rows": 645, "Plan Width": 41, "Inner Unique": false, "Plans": [{"Node Type": "Hash Join", "Parent Relationship": "Outer", "Join Type": "Inner", "Startup Cost": 12.47, "Total Cost": 109941.91, "Plan Rows": 532, "Plan Width": 21, "Inner Unique": true, "Hash Cond": "(ci.role_id = rt.id)", "Plans": [{"Node Type": "Nested Loop", "Parent Relationship": "Outer", "Join Type": "Inner", "Startup Cost": 0.0, "Total Cost": 109909.47, "Plan Rows": 5847, "Plan Width": 25, "Inner Unique": false, "Plans": [{"Node Type": "Nested Loop", "Parent Relationship": "Outer", "Join Type": "Inner", "Startup Cost": 0.0, "Total Cost": 104166.87, "Plan Rows": 5775, "Plan Width": 25, "Inner Unique": true, "Plans": [{"Node Type": "Nested Loop", "Parent Relationship": "Outer", "Join Type": "Inner", "Startup Cost": 0.0, "Total Cost": 81519.78, "Plan Rows": 5775, "Plan Width": 4, "Inner Unique": false, "Plans": [{"Node Type": "Index Scan", "Parent Relationship": "Outer", "Scan Direction": "Forward", "Index Name": "company_name_pkey", "Relation Name": "company_name", "Alias": "cn", "Startup Cost": 0.0, "Total Cost": 10501.39, "Plan Rows": 6290, "Plan Width": 4, "Filter": "((country_code)::text = '[jp]'::text)"}, {"Node Type": "Index Scan", "Parent Relationship": "Inner", "Scan Direction": "Forward", "Index Name": "company_id_movie_companies", "Relation Name": "movie_companies", "Alias": "mc", "Startup Cost": 0.0, "Total Cost": 11.28, "Plan Rows": 1, "Plan Width": 8, "Index Cond": "(company_id = cn.id)", "Filter": "(((note)::text ~~ '%(Japan)%'::text) AND ((note)::text !~~ '%(USA)%'::text))"}]}, {"Node Type": "Index Scan", "Parent Relationship": "Inner", "Scan Direction": "Forward", "Index Name": "title_pkey", "Relation Name": "title", "Alias": "t", "Startup Cost": 0.0, "Total Cost": 3.91, "Plan Rows": 1, "Plan Width": 21, "Index Cond": "(id = mc.movie_id)"}]}, {"Node Type": "Index Scan", "Parent Relationship": "Inner", "Scan Direction": "Forward", "Index Name": "movie_id_cast_info", "Relation Name": "cast_info", "Alias": "ci", "Startup Cost": 0.0, "Total Cost": 0.98, "Plan Rows": 1, "Plan Width": 12, "Index Cond": "(movie_id = t.id)", "Filter": "((note)::text = '(voice: English version)'::text)"}]}, {"Node Type": "Hash", "Parent Relationship": "Inner", "Startup Cost": 12.46, "Total Cost": 12.46, "Plan Rows": 1, "Plan Width": 4, "Plans": [{"Node Type": "Index Scan", "Parent Relationship": "Outer", "Scan Direction": "Forward", "Index Name": "role_type_pkey", "Relation Name": "role_type", "Alias": "rt", "Startup Cost": 0.0, "Total Cost": 12.46, "Plan Rows": 1, "Plan Width": 4, "Filter": "((role)::text = 'actress'::text)"}]}]}, {"Node Type": "Index Scan", "Parent Relationship": "Inner", "Scan Direction": "Forward", "Index Name": "person_id_aka_name", "Relation Name": "aka_name", "Alias": "an1", "Startup Cost": 0.0, "Total Cost": 0.84, "Plan Rows": 1, "Plan Width": 20, "Index Cond": "(person_id = ci.person_id)"}]}, {"Node Type": "Index Scan", "Parent Relationship": "Inner", "Scan Direction": "Forward", "Index Name": "name_pkey", "Relation Name": "name", "Alias": "n1", "Startup Cost": 0.0, "Total Cost": 0.57, "Plan Rows": 1, "Plan Width": 4, "Index Cond": "(id = an1.person_id)", "Filter": "(((name)::text ~~ '%Yo%'::text) AND ((name)::text !~~ '%Yu%'::text))"}]}]}, "Unique SQL Id": 3544391839, "Planner Runtime": 33}, "explain_analyze_plan": {"Plan": {"Node Type": "Aggregate", "Strategy": "Plain", "Startup Cost": 110772.14, "Total Cost": 110772.15, "Plan Rows": 1, "Plan Width": 97, "Actual Startup Time": 3698.849, "Actual Total Time": 3698.85, "Actual Rows": 1, "Actual Loops": 1, "Plans": [{"Node Type": "Nested Loop", "Parent Relationship": "Outer", "Join Type": "Inner", "Startup Cost": 12.47, "Total Cost": 110771.66, "Plan Rows": 96, "Plan Width": 33, "Actual Startup Time": 4.616, "Actual Total Time": 3698.535, "Actual Rows": 62, "Actual Loops": 1, "Inner Unique": true, "Plans": [{"Node Type": "Nested Loop", "Parent Relationship": "Outer", "Join Type": "Inner", "Startup Cost": 12.47, "Total Cost": 110396.12, "Plan Rows": 645, "Plan Width": 41, "Actual Startup Time": 0.397, "Actual Total Time": 3620.776, "Actual Rows": 17379, "Actual Loops": 1, "Inner Unique": false, "Plans": [{"Node Type": "Hash Join", "Parent Relationship": "Outer", "Join Type": "Inner", "Startup Cost": 12.47, "Total Cost": 109941.91, "Plan Rows": 532, "Plan Width": 21, "Actual Startup Time": 0.38, "Actual Total Time": 3568.672, "Actual Rows": 7438, "Actual Loops": 1, "Inner Unique": true, "Hash Cond": "(ci.role_id = rt.id)", "Plans": [{"Node Type": "Nested Loop", "Parent Relationship": "Outer", "Join Type": "Inner", "Startup Cost": 0.0, "Total Cost": 109909.47, "Plan Rows": 5847, "Plan Width": 25, "Actual Startup Time": 0.305, "Actual Total Time": 3561.8, "Actual Rows": 19600, "Actual Loops": 1, "Inner Unique": false, "Plans": [{"Node Type": "Nested Loop", "Parent Relationship": "Outer", "Join Type": "Inner", "Startup Cost": 0.0, "Total Cost": 104166.87, "Plan Rows": 5775, "Plan Width": 25, "Actual Startup Time": 0.247, "Actual Total Time": 821.921, "Actual Rows": 48328, "Actual Loops": 1, "Inner Unique": true, "Plans": [{"Node Type": "Nested Loop", "Parent Relationship": "Outer", "Join Type": "Inner", "Startup Cost": 0.0, "Total Cost": 81519.78, "Plan Rows": 5775, "Plan Width": 4, "Actual Startup Time": 0.236, "Actual Total Time": 532.834, "Actual Rows": 48328, "Actual Loops": 1, "Inner Unique": false, "Plans": [{"Node Type": "Index Scan", "Parent Relationship": "Outer", "Scan Direction": "Forward", "Index Name": "company_name_pkey", "Relation Name": "company_name", "Alias": "cn", "Startup Cost": 0.0, "Total Cost": 10501.39, "Plan Rows": 6290, "Plan Width": 4, "Actual Startup Time": 0.201, "Actual Total Time": 304.22, "Actual Rows": 6752, "Actual Loops": 1, "Filter": "((country_code)::text = '[jp]'::text)", "Rows Removed by Filter": 228244}, {"Node Type": "Index Scan", "Parent Relationship": "Inner", "Scan Direction": "Forward", "Index Name": "company_id_movie_companies", "Relation Name": "movie_companies", "Alias": "mc", "Startup Cost": 0.0, "Total Cost": 11.28, "Plan Rows": 1, "Plan Width": 8, "Actual Startup Time": 57.27, "Actual Total Time": 212.155, "Actual Rows": 48328, "Actual Loops": 6752, "Index Cond": "(company_id = cn.id)", "Rows Removed by Index Recheck": 0, "Filter": "(((note)::text ~~ '%(Japan)%'::text) AND ((note)::text !~~ '%(USA)%'::text))", "Rows Removed by Filter": 56667}]}, {"Node Type": "Index Scan", "Parent Relationship": "Inner", "Scan Direction": "Forward", "Index Name": "title_pkey", "Relation Name": "title", "Alias": "t", "Startup Cost": 0.0, "Total Cost": 3.91, "Plan Rows": 1, "Plan Width": 21, "Actual Startup Time": 246.104, "Actual Total Time": 246.104, "Actual Rows": 48328, "Actual Loops": 48328, "Index Cond": "(id = mc.movie_id)", "Rows Removed by Index Recheck": 0}]}, {"Node Type": "Index Scan", "Parent Relationship": "Inner", "Scan Direction": "Forward", "Index Name": "movie_id_cast_info", "Relation Name": "cast_info", "Alias": "ci", "Startup Cost": 0.0, "Total Cost": 0.98, "Plan Rows": 1, "Plan Width": 12, "Actual Startup Time": 2581.379, "Actual Total Time": 2708.299, "Actual Rows": 19600, "Actual Loops": 48328, "Index Cond": "(movie_id = t.id)", "Rows Removed by Index Recheck": 0, "Filter": "((note)::text = '(voice: English version)'::text)", "Rows Removed by Filter": 1531710}]}, {"Node Type": "Hash", "Parent Relationship": "Inner", "Startup Cost": 12.46, "Total Cost": 12.46, "Plan Rows": 1, "Plan Width": 4, "Actual Startup Time": 0.021, "Actual Total Time": 0.021, "Actual Rows": 1, "Actual Loops": 1, "Hash Buckets": 32768, "Hash Batches": 1, "Original Hash Batches": 1, "Peak Memory Usage": 1, "Plans": [{"Node Type": "Index Scan", "Parent Relationship": "Outer", "Scan Direction": "Forward", "Index Name": "role_type_pkey", "Relation Name": "role_type", "Alias": "rt", "Startup Cost": 0.0, "Total Cost": 12.46, "Plan Rows": 1, "Plan Width": 4, "Actual Startup Time": 0.009, "Actual Total Time": 0.014, "Actual Rows": 1, "Actual Loops": 1, "Filter": "((role)::text = 'actress'::text)", "Rows Removed by Filter": 11}]}]}, {"Node Type": "Index Scan", "Parent Relationship": "Inner", "Scan Direction": "Forward", "Index Name": "person_id_aka_name", "Relation Name": "aka_name", "Alias": "an1", "Startup Cost": 0.0, "Total Cost": 0.84, "Plan Rows": 1, "Plan Width": 20, "Actual Startup Time": 34.761, "Actual Total Time": 43.087, "Actual Rows": 17379, "Actual Loops": 7438, "Index Cond": "(person_id = ci.person_id)", "Rows Removed by Index Recheck": 0}]}, {"Node Type": "Index Scan", "Parent Relationship": "Inner", "Scan Direction": "Forward", "Index Name": "name_pkey", "Relation Name": "name", "Alias": "n1", "Startup Cost": 0.0, "Total Cost": 0.57, "Plan Rows": 1, "Plan Width": 4, "Actual Startup Time": 69.003, "Actual Total Time": 69.003, "Actual Rows": 62, "Actual Loops": 17379, "Index Cond": "(id = an1.person_id)", "Rows Removed by Index Recheck": 0, "Filter": "(((name)::text ~~ '%Yo%'::text) AND ((name)::text !~~ '%Yu%'::text))", "Rows Removed by Filter": 17317}]}]}, "Triggers": [], "Planner Runtime": 33, "Total Runtime": 3699.22, "Unique SQL Id": 3544391839}}, "(16, 74)": {"explain_plan": {"Plan": {"Node Type": "Aggregate", "Strategy": "Plain", "Startup Cost": 167637.97, "Total Cost": 167637.98, "Plan Rows": 1, "Plan Width": 97, "Plans": [{"Node Type": "Hash Join", "Parent Relationship": "Outer", "Join Type": "Inner", "Startup Cost": 149778.29, "Total Cost": 167634.74, "Plan Rows": 646, "Plan Width": 33, "Inner Unique": true, "Hash Cond": "(ci.role_id = rt.id)", "Plans": [{"Node Type": "Streaming(type: LOCAL GATHER dop: 1/16)", "Parent Relationship": "Outer", "Startup Cost": 149777.99, "Total Cost": 167601.34, "Plan Rows": 7105, "Plan Width": 37, "Plans": [{"Node Type": "Hash Join", "Parent Relationship": "Outer", "Join Type": "Inner", "Startup Cost": 149777.99, "Total Cost": 167448.0, "Plan Rows": 7105, "Plan Width": 37, "Inner Unique": true, "Hash Cond": "(ci.movie_id = t.id)", "Plans": [{"Node Type": "Streaming(type: BROADCAST dop: 16/1)", "Parent Relationship": "Outer", "Startup Cost": 143114.16, "Total Cost": 160753.09, "Plan Rows": 113680, "Plan Width": 28, "Plans": [{"Node Type": "Merge Join", "Parent Relationship": "Outer", "Join Type": "Inner", "Startup Cost": 143114.16, "Total Cost": 143299.64, "Plan Rows": 7105, "Plan Width": 28, "Inner Unique": false, "Merge Cond": "(mc.movie_id = ci.movie_id)", "Plans": [{"Node Type": "Sort", "Parent Relationship": "Outer", "Startup Cost": 25752.31, "Total Cost": 25766.75, "Plan Rows": 5775, "Plan Width": 4, "Sort Key": ["mc.movie_id"], "Plans": [{"Node Type": "Hash Join", "Parent Relationship": "Outer", "Join Type": "Inner", "Startup Cost": 5982.08, "Total Cost": 25391.5, "Plan Rows": 5775, "Plan Width": 4, "Inner Unique": true, "Hash Cond": "(mc.company_id = cn.id)", "Plans": [{"Node Type": "Streaming(type: LOCAL GATHER dop: 1/16)", "Parent Relationship": "Outer", "Startup Cost": 0.0, "Total Cost": 19215.08, "Plan Rows": 36426, "Plan Width": 8, "Plans": [{"Node Type": "Seq Scan", "Parent Relationship": "Outer", "Relation Name": "movie_companies", "Alias": "mc", "Startup Cost": 0.0, "Total Cost": 18428.93, "Plan Rows": 36426, "Plan Width": 8, "Filter": "(((note)::text ~~ '%(Japan)%'::text) AND ((note)::text !~~ '%(USA)%'::text))"}]}, {"Node Type": "Hash", "Parent Relationship": "Inner", "Startup Cost": 5903.45, "Total Cost": 5903.45, "Plan Rows": 6290, "Plan Width": 4, "Plans": [{"Node Type": "Seq Scan", "Parent Relationship": "Outer", "Relation Name": "company_name", "Alias": "cn", "Startup Cost": 0.0, "Total Cost": 5903.45, "Plan Rows": 6290, "Plan Width": 4, "Filter": "((country_code)::text = '[jp]'::text)"}]}]}]}, {"Node Type": "Sort", "Parent Relationship": "Inner", "Startup Cost": 117361.85, "Total Cost": 117404.75, "Plan Rows": 17161, "Plan Width": 24, "Sort Key": ["ci.movie_id"], "Plans": [{"Node Type": "Hash Join", "Parent Relationship": "Outer", "Join Type": "Inner", "Startup Cost": 54889.63, "Total Cost": 116154.85, "Plan Rows": 17161, "Plan Width": 24, "Inner Unique": false, "Hash Cond": "(ci.person_id = an1.person_id)", "Plans": [{"Node Type": "Streaming(type: LOCAL GATHER dop: 1/16)", "Parent Relationship": "Outer", "Startup Cost": 0.0, "Total Cost": 60369.73, "Plan Rows": 96692, "Plan Width": 12, "Plans": [{"Node Type": "Seq Scan", "Parent Relationship": "Outer", "Relation Name": "cast_info", "Alias": "ci", "Startup Cost": 0.0, "Total Cost": 58282.92, "Plan Rows": 96692, "Plan Width": 12, "Filter": "((note)::text = '(voice: English version)'::text)"}]}, {"Node Type": "Hash", "Parent Relationship": "Inner", "Startup Cost": 54681.79, "Total Cost": 54681.79, "Plan Rows": 16627, "Plan Width": 24, "Plans": [{"Node Type": "Streaming(type: LOCAL GATHER dop: 1/16)", "Parent Relationship": "Outer", "Startup Cost": 37857.03, "Total Cost": 54681.79, "Plan Rows": 16627, "Plan Width": 24, "Plans": [{"Node Type": "Hash Join", "Parent Relationship": "Outer", "Join Type": "Inner", "Startup Cost": 37857.03, "Total Cost": 54322.95, "Plan Rows": 16627, "Plan Width": 24, "Inner Unique": true, "Hash Cond": "(an1.person_id = n1.id)", "Plans": [{"Node Type": "Seq Scan", "Parent Relationship": "Outer", "Relation Name": "aka_name", "Alias": "an1", "Startup Cost": 0.0, "Total Cost": 16244.28, "Plan Rows": 901342, "Plan Width": 20}, {"Node Type": "Hash", "Parent Relationship": "Inner", "Startup Cost": 37683.45, "Total Cost": 37683.45, "Plan Rows": 222176, "Plan Width": 4, "Plans": [{"Node Type": "Streaming(type: BROADCAST dop: 16/16)", "Parent Relationship": "Outer", "Startup Cost": 0.0, "Total Cost": 37683.45, "Plan Rows": 222176, "Plan Width": 4, "Plans": [{"Node Type": "Seq Scan", "Parent Relationship": "Outer", "Relation Name": "name", "Alias": "n1", "Startup Cost": 0.0, "Total Cost": 22119.33, "Plan Rows": 13886, "Plan Width": 4, "Filter": "(((name)::text ~~ '%Yo%'::text) AND ((name)::text !~~ '%Yu%'::text))"}]}]}]}]}]}]}]}]}]}, {"Node Type": "Hash", "Parent Relationship": "Inner", "Startup Cost": 18754.32, "Total Cost": 18754.32, "Plan Rows": 2528311, "Plan Width": 21, "Plans": [{"Node Type": "Seq Scan", "Parent Relationship": "Outer", "Relation Name": "title", "Alias": "t", "Startup Cost": 0.0, "Total Cost": 18754.32, "Plan Rows": 2528311, "Plan Width": 21}]}]}]}, {"Node Type": "Hash", "Parent Relationship": "Inner", "Startup Cost": 1.15, "Total Cost": 1.15, "Plan Rows": 1, "Plan Width": 4, "Plans": [{"Node Type": "Seq Scan", "Parent Relationship": "Outer", "Relation Name": "role_type", "Alias": "rt", "Startup Cost": 0.0, "Total Cost": 1.15, "Plan Rows": 1, "Plan Width": 4, "Filter": "((role)::text = 'actress'::text)"}]}]}]}, "Unique SQL Id": 3544391839, "Planner Runtime": 199}, "explain_analyze_plan": {"Plan": {"Node Type": "Aggregate", "Strategy": "Plain", "Startup Cost": 167637.97, "Total Cost": 167637.98, "Plan Rows": 1, "Plan Width": 97, "Actual Min Startup Time": 915.947, "Actual Max Startup Time": 915.947, "Actual Min Total Time": 915.947, "Actual Max Total Time": 915.947, "Plans": [{"Node Type": "Hash Join", "Parent Relationship": "Outer", "Join Type": "Inner", "Startup Cost": 149778.29, "Total Cost": 167634.74, "Plan Rows": 646, "Plan Width": 33, "Actual Min Startup Time": 915.499, "Actual Max Startup Time": 915.499, "Actual Min Total Time": 915.868, "Actual Max Total Time": 915.868, "Inner Unique": true, "Hash Cond": "(ci.role_id = rt.id)", "Plans": [{"Node Type": "Streaming(type: LOCAL GATHER dop: 1/16)", "Parent Relationship": "Outer", "Startup Cost": 149777.99, "Total Cost": 167601.34, "Plan Rows": 7105, "Plan Width": 37, "Actual Min Startup Time": 915.345, "Actual Max Startup Time": 915.345, "Actual Min Total Time": 915.593, "Actual Max Total Time": 915.593, "Plans": [{"Node Type": "Hash Join", "Parent Relationship": "Outer", "Join Type": "Inner", "Startup Cost": 149777.99, "Total Cost": 167448.0, "Plan Rows": 7105, "Plan Width": 37, "Actual Min Startup Time": 776.567, "Actual Max Startup Time": 805.948, "Actual Min Total Time": 793.326, "Actual Max Total Time": 822.693, "Inner Unique": true, "Hash Cond": "(ci.movie_id = t.id)", "Plans": [{"Node Type": "Streaming(type: BROADCAST dop: 16/1)", "Parent Relationship": "Outer", "Startup Cost": 143114.16, "Total Cost": 160753.09, "Plan Rows": 113680, "Plan Width": 28, "Actual Min Startup Time": 665.653, "Actual Max Startup Time": 705.105, "Actual Min Total Time": 682.224, "Actual Max Total Time": 721.693, "Plans": [{"Node Type": "Merge Join", "Parent Relationship": "Outer", "Join Type": "Inner", "Startup Cost": 143114.16, "Total Cost": 143299.64, "Plan Rows": 7105, "Plan Width": 28, "Actual Min Startup Time": 802.817, "Actual Max Startup Time": 802.817, "Actual Min Total Time": 813.115, "Actual Max Total Time": 813.115, "Inner Unique": false, "Merge Cond": "(mc.movie_id = ci.movie_id)", "Plans": [{"Node Type": "Sort", "Parent Relationship": "Outer", "Startup Cost": 25752.31, "Total Cost": 25766.75, "Plan Rows": 5775, "Plan Width": 4, "Actual Min Startup Time": 169.464, "Actual Max Startup Time": 169.464, "Actual Min Total Time": 174.29, "Actual Max Total Time": 174.29, "Sort Key": ["mc.movie_id"], "Sort Method": "quicksort", "Sort Space Min Used": 4557, "Sort Space Max Used": 4557, "Sort Space Type": "Memory", "Plans": [{"Node Type": "Hash Join", "Parent Relationship": "Outer", "Join Type": "Inner", "Startup Cost": 5982.08, "Total Cost": 25391.5, "Plan Rows": 5775, "Plan Width": 4, "Actual Min Startup Time": 85.913, "Actual Max Startup Time": 85.913, "Actual Min Total Time": 154.926, "Actual Max Total Time": 154.926, "Inner Unique": true, "Hash Cond": "(mc.company_id = cn.id)", "Plans": [{"Node Type": "Streaming(type: LOCAL GATHER dop: 1/16)", "Parent Relationship": "Outer", "Startup Cost": 0.0, "Total Cost": 19215.08, "Plan Rows": 36426, "Plan Width": 8, "Actual Min Startup Time": 0.077, "Actual Max Startup Time": 0.077, "Actual Min Total Time": 50.28, "Actual Max Total Time": 50.28, "Plans": [{"Node Type": "Seq Scan", "Parent Relationship": "Outer", "Relation Name": "movie_companies", "Alias": "mc", "Startup Cost": 0.0, "Total Cost": 18428.93, "Plan Rows": 36426, "Plan Width": 8, "Actual Min Startup Time": 0.048, "Actual Max Startup Time": 0.377, "Actual Min Total Time": 53.638, "Actual Max Total Time": 61.767, "Filter": "(((note)::text ~~ '%(Japan)%'::text) AND ((note)::text !~~ '%(USA)%'::text))", "Rows Removed by Filter": 2560231, "Actual Rows": 48897}], "Actual Rows": 48897}, {"Node Type": "Hash", "Parent Relationship": "Inner", "Startup Cost": 5903.45, "Total Cost": 5903.45, "Plan Rows": 6290, "Plan Width": 4, "Actual Min Startup Time": 85.771, "Actual Max Startup Time": 85.771, "Actual Min Total Time": 85.771, "Actual Max Total Time": 85.771, "Max Hash Buckets": 32768, "Min Hash Buckets": 32768, "Max Hash Batches": 1, "Min Hash Batches": 1, "Max Original Hash Batches": 1, "Min Original Hash Batches": 1, "Max Peak Memory Usage": 238, "min Peak Memory Usage": 238, "Plans": [{"Node Type": "Seq Scan", "Parent Relationship": "Outer", "Relation Name": "company_name", "Alias": "cn", "Startup Cost": 0.0, "Total Cost": 5903.45, "Plan Rows": 6290, "Plan Width": 4, "Actual Min Startup Time": 0.04, "Actual Max Startup Time": 0.04, "Actual Min Total Time": 83.513, "Actual Max Total Time": 83.513, "Filter": "((country_code)::text = '[jp]'::text)", "Rows Removed by Filter": 228244, "Actual Rows": 6752}], "Actual Rows": 6752}], "Actual Rows": 48328}], "Actual Rows": 46669}, {"Node Type": "Sort", "Parent Relationship": "Inner", "Startup Cost": 117361.85, "Total Cost": 117404.75, "Plan Rows": 17161, "Plan Width": 24, "Actual Min Startup Time": 632.025, "Actual Max Startup Time": 632.025, "Actual Min Total Time": 632.319, "Actual Max Total Time": 632.319, "Sort Key": ["ci.movie_id"], "Sort Method": "quicksort", "Sort Space Min Used": 338, "Sort Space Max Used": 338, "Sort Space Type": "Memory", "Plans": [{"Node Type": "Hash Join", "Parent Relationship": "Outer", "Join Type": "Inner", "Startup Cost": 54889.63, "Total Cost": 116154.85, "Plan Rows": 17161, "Plan Width": 24, "Actual Min Startup Time": 32.322, "Actual Max Startup Time": 32.322, "Actual Min Total Time": 631.078, "Actual Max Total Time": 631.078, "Inner Unique": false, "Hash Cond": "(ci.person_id = an1.person_id)", "Plans": [{"Node Type": "Streaming(type: LOCAL GATHER dop: 1/16)", "Parent Relationship": "Outer", "Startup Cost": 0.0, "Total Cost": 60369.73, "Plan Rows": 96692, "Plan Width": 12, "Actual Min Startup Time": 0.065, "Actual Max Startup Time": 0.065, "Actual Min Total Time": 597.58, "Actual Max Total Time": 597.58, "Plans": [{"Node Type": "Seq Scan", "Parent Relationship": "Outer", "Relation Name": "cast_info", "Alias": "ci", "Startup Cost": 0.0, "Total Cost": 58282.92, "Plan Rows": 96692, "Plan Width": 12, "Actual Min Startup Time": 0.052, "Actual Max Startup Time": 2.909, "Actual Min Total Time": 603.316, "Actual Max Total Time": 613.82, "Filter": "((note)::text = '(voice: English version)'::text)", "Rows Removed by Filter": 36151248, "Actual Rows": 93095}], "Actual Rows": 93095}, {"Node Type": "Hash", "Parent Relationship": "Inner", "Startup Cost": 54681.79, "Total Cost": 54681.79, "Plan Rows": 16627, "Plan Width": 24, "Actual Min Startup Time": 17.872, "Actual Max Startup Time": 17.872, "Actual Min Total Time": 17.872, "Actual Max Total Time": 17.872, "Max Hash Buckets": 32768, "Min Hash Buckets": 32768, "Max Hash Batches": 1, "Min Hash Batches": 1, "Max Original Hash Batches": 1, "Min Original Hash Batches": 1, "Max Peak Memory Usage": 229, "min Peak Memory Usage": 229, "Plans": [{"Node Type": "Streaming(type: LOCAL GATHER dop: 1/16)", "Parent Relationship": "Outer", "Startup Cost": 37857.03, "Total Cost": 54681.79, "Plan Rows": 16627, "Plan Width": 24, "Actual Min Startup Time": 0.067, "Actual Max Startup Time": 0.067, "Actual Min Total Time": 16.845, "Actual Max Total Time": 16.845, "Plans": [{"Node Type": "Hash Join", "Parent Relationship": "Outer", "Join Type": "Inner", "Startup Cost": 37857.03, "Total Cost": 54322.95, "Plan Rows": 16627, "Plan Width": 24, "Actual Min Startup Time": 131.886, "Actual Max Startup Time": 156.926, "Actual Min Total Time": 157.769, "Actual Max Total Time": 182.053, "Inner Unique": true, "Hash Cond": "(an1.person_id = n1.id)", "Plans": [{"Node Type": "Seq Scan", "Parent Relationship": "Outer", "Relation Name": "aka_name", "Alias": "an1", "Startup Cost": 0.0, "Total Cost": 16244.28, "Plan Rows": 901342, "Plan Width": 20, "Actual Min Startup Time": 0.036, "Actual Max Startup Time": 0.059, "Actual Min Total Time": 12.612, "Actual Max Total Time": 15.027, "Actual Rows": 901342}, {"Node Type": "Hash", "Parent Relationship": "Inner", "Startup Cost": 37683.45, "Total Cost": 37683.45, "Plan Rows": 222176, "Plan Width": 4, "Actual Min Startup Time": 131.491, "Actual Max Startup Time": 156.022, "Actual Min Total Time": 131.491, "Actual Max Total Time": 156.022, "Max Hash Buckets": 32768, "Min Hash Buckets": 32768, "Max Hash Batches": 1, "Min Hash Batches": 1, "Max Original Hash Batches": 1, "Min Original Hash Batches": 1, "Max Peak Memory Usage": 736, "min Peak Memory Usage": 736, "Plans": [{"Node Type": "Streaming(type: BROADCAST dop: 16/16)", "Parent Relationship": "Outer", "Startup Cost": 0.0, "Total Cost": 37683.45, "Plan Rows": 222176, "Plan Width": 4, "Actual Min Startup Time": 0.06, "Actual Max Startup Time": 16.006, "Actual Min Total Time": 126.426, "Actual Max Total Time": 150.538, "Plans": [{"Node Type": "Seq Scan", "Parent Relationship": "Outer", "Relation Name": "name", "Alias": "n1", "Startup Cost": 0.0, "Total Cost": 22119.33, "Plan Rows": 13886, "Plan Width": 4, "Actual Min Startup Time": 0.07, "Actual Max Startup Time": 1.688, "Actual Min Total Time": 100.497, "Actual Max Total Time": 106.549, "Filter": "(((name)::text ~~ '%Yo%'::text) AND ((name)::text !~~ '%Yu%'::text))", "Rows Removed by Filter": 4146579, "Actual Rows": 20911}], "Actual Rows": 334576}], "Actual Rows": 334576}], "Actual Rows": 4031}], "Actual Rows": 4031}], "Actual Rows": 4031}], "Actual Rows": 2575}], "Actual Rows": 2845}], "Actual Rows": 658}], "Actual Rows": 10528}, {"Node Type": "Hash", "Parent Relationship": "Inner", "Startup Cost": 18754.32, "Total Cost": 18754.32, "Plan Rows": 2528311, "Plan Width": 21, "Actual Min Startup Time": 100.595, "Actual Max Startup Time": 111.911, "Actual Min Total Time": 100.595, "Actual Max Total Time": 111.911, "Max Hash Buckets": 262144, "Min Hash Buckets": 262144, "Max Hash Batches": 1, "Min Hash Batches": 1, "Max Original Hash Batches": 1, "Min Original Hash Batches": 1, "Max Peak Memory Usage": 8595, "min Peak Memory Usage": 8595, "Plans": [{"Node Type": "Seq Scan", "Parent Relationship": "Outer", "Relation Name": "title", "Alias": "t", "Startup Cost": 0.0, "Total Cost": 18754.32, "Plan Rows": 2528311, "Plan Width": 21, "Actual Min Startup Time": 0.026, "Actual Max Startup Time": 0.038, "Actual Min Total Time": 49.49, "Actual Max Total Time": 56.708, "Actual Rows": 2528311}], "Actual Rows": 2528311}], "Actual Rows": 658}], "Actual Rows": 658}, {"Node Type": "Hash", "Parent Relationship": "Inner", "Startup Cost": 1.15, "Total Cost": 1.15, "Plan Rows": 1, "Plan Width": 4, "Actual Min Startup Time": 0.075, "Actual Max Startup Time": 0.075, "Actual Min Total Time": 0.075, "Actual Max Total Time": 0.075, "Max Hash Buckets": 32768, "Min Hash Buckets": 32768, "Max Hash Batches": 1, "Min Hash Batches": 1, "Max Original Hash Batches": 1, "Min Original Hash Batches": 1, "Max Peak Memory Usage": 1, "min Peak Memory Usage": 1, "Plans": [{"Node Type": "Seq Scan", "Parent Relationship": "Outer", "Relation Name": "role_type", "Alias": "rt", "Startup Cost": 0.0, "Total Cost": 1.15, "Plan Rows": 1, "Plan Width": 4, "Actual Min Startup Time": 0.056, "Actual Max Startup Time": 0.056, "Actual Min Total Time": 0.062, "Actual Max Total Time": 0.062, "Filter": "((role)::text = 'actress'::text)", "Rows Removed by Filter": 11, "Actual Rows": 1}], "Actual Rows": 1}], "Actual Rows": 62}], "Actual Rows": 1}, "Triggers": [], "Planner Runtime": 200, "Total Runtime": 933.02, "Unique SQL Id": 3544391839}}, "(16, 75)": {"explain_plan": {"Plan": {"Node Type": "Aggregate", "Strategy": "Plain", "Startup Cost": 6720985922273.95, "Total Cost": 6720985922273.96, "Plan Rows": 1, "Plan Width": 97, "Plans": [{"Node Type": "Hash Join", "Parent Relationship": "Outer", "Join Type": "Inner", "Startup Cost": 4029128203440.23, "Total Cost": 6720985922270.72, "Plan Rows": 646, "Plan Width": 33, "Inner Unique": true, "Hash Cond": "(ci.role_id = rt.id)", "Plans": [{"Node Type": "Hash Join", "Parent Relationship": "Outer", "Join Type": "Inner", "Startup Cost": 3029128202194.22, "Total Cost": 5720985920991.6, "Plan Rows": 7105, "Plan Width": 37, "Inner Unique": false, "Hash Cond": "(ci.movie_id = t.id)", "Plans": [{"Node Type": "Merge Join", "Parent Relationship": "Outer", "Join Type": "Inner", "Startup Cost": 30051235465.84, "Total Cost": 2721908954128.06, "Plan Rows": 17161, "Plan Width": 24, "Inner Unique": false, "Merge Cond": "(an1.person_id = ci.person_id)", "Plans": [{"Node Type": "Merge Join", "Parent Relationship": "Outer", "Join Type": "Inner", "Startup Cost": 20030754356.47, "Total Cost": 2000026606025.89, "Plan Rows": 16627, "Plan Width": 24, "Inner Unique": true, "Merge Cond": "(an1.person_id = n1.id)", "Plans": [{"Node Type": "Index Scan", "Parent Relationship": "Outer", "Scan Direction": "Forward", "Index Name": "person_id_aka_name", "Relation Name": "aka_name", "Alias": "an1", "Startup Cost": 10000000000.0, "Total Cost": 1000006896503.43, "Plan Rows": 901342, "Plan Width": 20}, {"Node Type": "Materialize", "Parent Relationship": "Inner", "Startup Cost": 10000000000.0, "Total Cost": 1000019707054.42, "Plan Rows": 13886, "Plan Width": 4, "Plans": [{"Node Type": "Index Scan", "Parent Relationship": "Outer", "Scan Direction": "Forward", "Index Name": "name_pkey", "Relation Name": "name", "Alias": "n1", "Startup Cost": 10000000000.0, "Total Cost": 1000019707019.7, "Plan Rows": 13886, "Plan Width": 4, "Filter": "(((name)::text ~~ '%Yo%'::text) AND ((name)::text !~~ '%Yu%'::text))"}]}]}, {"Node Type": "Index Scan", "Parent Relationship": "Inner", "Scan Direction": "Forward", "Index Name": "person_id_cast_info", "Relation Name": "cast_info", "Alias": "ci", "Startup Cost": 10000000000.0, "Total Cost": 1000179713706.71, "Plan Rows": 96692, "Plan Width": 12, "Filter": "((note)::text = '(voice: English version)'::text)"}]}, {"Node Type": "Hash", "Parent Relationship": "Inner", "Startup Cost": 2999076966656.19, "Total Cost": 2999076966656.19, "Plan Rows": 5775, "Plan Width": 25, "Plans": [{"Node Type": "Merge Join", "Parent Relationship": "Outer", "Join Type": "Inner", "Startup Cost": 2010036650504.51, "Total Cost": 2999076966656.19, "Plan Rows": 5775, "Plan Width": 25, "Inner Unique": true, "Merge Cond": "(mc.movie_id = t.id)", "Plans": [{"Node Type": "Sort", "Parent Relationship": "Outer", "Startup Cost": 2000014722578.3, "Total Cost": 2000014722592.74, "Plan Rows": 5775, "Plan Width": 4, "Sort Key": ["mc.movie_id"], "Plans": [{"Node Type": "Merge Join", "Parent Relationship": "Outer", "Join Type": "Inner", "Startup Cost": 45738289886.04, "Total Cost": 2000014722217.49, "Plan Rows": 5775, "Plan Width": 4, "Inner Unique": false, "Merge Cond": "(cn.id = mc.company_id)", "Plans": [{"Node Type": "Index Scan", "Parent Relationship": "Outer", "Scan Direction": "Forward", "Index Name": "company_name_pkey", "Relation Name": "company_name", "Alias": "cn", "Startup Cost": 10000000000.0, "Total Cost": 1000001050138.97, "Plan Rows": 6290, "Plan Width": 4, "Filter": "((country_code)::text = '[jp]'::text)"}, {"Node Type": "Index Scan", "Parent Relationship": "Inner", "Scan Direction": "Forward", "Index Name": "company_id_movie_companies", "Relation Name": "movie_companies", "Alias": "mc", "Startup Cost": 10000000000.0, "Total Cost": 1000013671913.98, "Plan Rows": 36426, "Plan Width": 8, "Filter": "(((note)::text ~~ '%(Japan)%'::text) AND ((note)::text !~~ '%(USA)%'::text))"}]}]}, {"Node Type": "Index Scan", "Parent Relationship": "Inner", "Scan Direction": "Forward", "Index Name": "title_pkey", "Relation Name": "title", "Alias": "t", "Startup Cost": 10000000000.0, "Total Cost": 1000011012048.91, "Plan Rows": 2528311, "Plan Width": 21}]}]}]}, {"Node Type": "Hash", "Parent Relationship": "Inner", "Startup Cost": 1000000001246.0, "Total Cost": 1000000001246.0, "Plan Rows": 1, "Plan Width": 4, "Plans": [{"Node Type": "Index Scan", "Parent Relationship": "Outer", "Scan Direction": "Forward", "Index Name": "role_type_pkey", "Relation Name": "role_type", "Alias": "rt", "Startup Cost": 10000000000.0, "Total Cost": 1000000001246.0, "Plan Rows": 1, "Plan Width": 4, "Filter": "((role)::text = 'actress'::text)"}]}]}]}, "Unique SQL Id": 3544391839, "Planner Runtime": 157}, "explain_analyze_plan": null}, "(16, 76)": {"explain_plan": {"Plan": {"Node Type": "Aggregate", "Strategy": "Plain", "Startup Cost": 54635.31, "Total Cost": 54635.32, "Plan Rows": 1, "Plan Width": 97, "Plans": [{"Node Type": "Nested Loop", "Parent Relationship": "Outer", "Join Type": "Inner", "Startup Cost": 5983.24, "Total Cost": 54632.08, "Plan Rows": 646, "Plan Width": 33, "Inner Unique": true, "Plans": [{"Node Type": "Nested Loop", "Parent Relationship": "Outer", "Join Type": "Inner", "Startup Cost": 5983.24, "Total Cost": 54256.54, "Plan Rows": 645, "Plan Width": 41, "Inner Unique": false, "Plans": [{"Node Type": "Hash Join", "Parent Relationship": "Outer", "Join Type": "Inner", "Startup Cost": 5983.24, "Total Cost": 53802.32, "Plan Rows": 532, "Plan Width": 21, "Inner Unique": true, "Hash Cond": "(ci.role_id = rt.id)", "Plans": [{"Node Type": "Nested Loop", "Parent Relationship": "Outer", "Join Type": "Inner", "Startup Cost": 5982.08, "Total Cost": 53781.19, "Plan Rows": 5847, "Plan Width": 25, "Inner Unique": false, "Plans": [{"Node Type": "Nested Loop", "Parent Relationship": "Outer", "Join Type": "Inner", "Startup Cost": 5982.08, "Total Cost": 48038.6, "Plan Rows": 5775, "Plan Width": 25, "Inner Unique": true, "Plans": [{"Node Type": "Hash Join", "Parent Relationship": "Outer", "Join Type": "Inner", "Startup Cost": 5982.08, "Total Cost": 25391.5, "Plan Rows": 5775, "Plan Width": 4, "Inner Unique": true, "Hash Cond": "(mc.company_id = cn.id)", "Plans": [{"Node Type": "Streaming(type: LOCAL GATHER dop: 1/16)", "Parent Relationship": "Outer", "Startup Cost": 0.0, "Total Cost": 19215.08, "Plan Rows": 36426, "Plan Width": 8, "Plans": [{"Node Type": "Seq Scan", "Parent Relationship": "Outer", "Relation Name": "movie_companies", "Alias": "mc", "Startup Cost": 0.0, "Total Cost": 18428.93, "Plan Rows": 36426, "Plan Width": 8, "Filter": "(((note)::text ~~ '%(Japan)%'::text) AND ((note)::text !~~ '%(USA)%'::text))"}]}, {"Node Type": "Hash", "Parent Relationship": "Inner", "Startup Cost": 5903.45, "Total Cost": 5903.45, "Plan Rows": 6290, "Plan Width": 4, "Plans": [{"Node Type": "Seq Scan", "Parent Relationship": "Outer", "Relation Name": "company_name", "Alias": "cn", "Startup Cost": 0.0, "Total Cost": 5903.45, "Plan Rows": 6290, "Plan Width": 4, "Filter": "((country_code)::text = '[jp]'::text)"}]}]}, {"Node Type": "Index Scan", "Parent Relationship": "Inner", "Scan Direction": "Forward", "Index Name": "title_pkey", "Relation Name": "title", "Alias": "t", "Startup Cost": 0.0, "Total Cost": 3.91, "Plan Rows": 1, "Plan Width": 21, "Index Cond": "(id = mc.movie_id)"}]}, {"Node Type": "Index Scan", "Parent Relationship": "Inner", "Scan Direction": "Forward", "Index Name": "movie_id_cast_info", "Relation Name": "cast_info", "Alias": "ci", "Startup Cost": 0.0, "Total Cost": 0.98, "Plan Rows": 1, "Plan Width": 12, "Index Cond": "(movie_id = t.id)", "Filter": "((note)::text = '(voice: English version)'::text)"}]}, {"Node Type": "Hash", "Parent Relationship": "Inner", "Startup Cost": 1.15, "Total Cost": 1.15, "Plan Rows": 1, "Plan Width": 4, "Plans": [{"Node Type": "Seq Scan", "Parent Relationship": "Outer", "Relation Name": "role_type", "Alias": "rt", "Startup Cost": 0.0, "Total Cost": 1.15, "Plan Rows": 1, "Plan Width": 4, "Filter": "((role)::text = 'actress'::text)"}]}]}, {"Node Type": "Index Scan", "Parent Relationship": "Inner", "Scan Direction": "Forward", "Index Name": "person_id_aka_name", "Relation Name": "aka_name", "Alias": "an1", "Startup Cost": 0.0, "Total Cost": 0.84, "Plan Rows": 1, "Plan Width": 20, "Index Cond": "(person_id = ci.person_id)"}]}, {"Node Type": "Index Scan", "Parent Relationship": "Inner", "Scan Direction": "Forward", "Index Name": "name_pkey", "Relation Name": "name", "Alias": "n1", "Startup Cost": 0.0, "Total Cost": 0.57, "Plan Rows": 1, "Plan Width": 4, "Index Cond": "(id = an1.person_id)", "Filter": "(((name)::text ~~ '%Yo%'::text) AND ((name)::text !~~ '%Yu%'::text))"}]}]}, "Unique SQL Id": 3544391839, "Planner Runtime": 57}, "explain_analyze_plan": {"Plan": {"Node Type": "Aggregate", "Strategy": "Plain", "Startup Cost": 54635.31, "Total Cost": 54635.32, "Plan Rows": 1, "Plan Width": 97, "Actual Min Startup Time": 3089.833, "Actual Max Startup Time": 3089.833, "Actual Min Total Time": 3089.834, "Actual Max Total Time": 3089.834, "Plans": [{"Node Type": "Nested Loop", "Parent Relationship": "Outer", "Join Type": "Inner", "Startup Cost": 5983.24, "Total Cost": 54632.08, "Plan Rows": 646, "Plan Width": 33, "Actual Min Startup Time": 313.1, "Actual Max Startup Time": 313.1, "Actual Min Total Time": 3089.609, "Actual Max Total Time": 3089.609, "Inner Unique": true, "Plans": [{"Node Type": "Nested Loop", "Parent Relationship": "Outer", "Join Type": "Inner", "Startup Cost": 5983.24, "Total Cost": 54256.54, "Plan Rows": 645, "Plan Width": 41, "Actual Min Startup Time": 90.995, "Actual Max Startup Time": 90.995, "Actual Min Total Time": 3016.553, "Actual Max Total Time": 3016.553, "Inner Unique": false, "Plans": [{"Node Type": "Hash Join", "Parent Relationship": "Outer", "Join Type": "Inner", "Startup Cost": 5983.24, "Total Cost": 53802.32, "Plan Rows": 532, "Plan Width": 21, "Actual Min Startup Time": 90.978, "Actual Max Startup Time": 90.978, "Actual Min Total Time": 2967.605, "Actual Max Total Time": 2967.605, "Inner Unique": true, "Hash Cond": "(ci.role_id = rt.id)", "Plans": [{"Node Type": "Nested Loop", "Parent Relationship": "Outer", "Join Type": "Inner", "Startup Cost": 5982.08, "Total Cost": 53781.19, "Plan Rows": 5847, "Plan Width": 25, "Actual Min Startup Time": 90.852, "Actual Max Startup Time": 90.852, "Actual Min Total Time": 2961.159, "Actual Max Total Time": 2961.159, "Inner Unique": false, "Plans": [{"Node Type": "Nested Loop", "Parent Relationship": "Outer", "Join Type": "Inner", "Startup Cost": 5982.08, "Total Cost": 48038.6, "Plan Rows": 5775, "Plan Width": 25, "Actual Min Startup Time": 84.624, "Actual Max Startup Time": 84.624, "Actual Min Total Time": 375.475, "Actual Max Total Time": 375.475, "Inner Unique": true, "Plans": [{"Node Type": "Hash Join", "Parent Relationship": "Outer", "Join Type": "Inner", "Startup Cost": 5982.08, "Total Cost": 25391.5, "Plan Rows": 5775, "Plan Width": 4, "Actual Min Startup Time": 84.573, "Actual Max Startup Time": 84.573, "Actual Min Total Time": 139.786, "Actual Max Total Time": 139.786, "Inner Unique": true, "Hash Cond": "(mc.company_id = cn.id)", "Plans": [{"Node Type": "Streaming(type: LOCAL GATHER dop: 1/16)", "Parent Relationship": "Outer", "Startup Cost": 0.0, "Total Cost": 19215.08, "Plan Rows": 36426, "Plan Width": 8, "Actual Min Startup Time": 0.054, "Actual Max Startup Time": 0.054, "Actual Min Total Time": 20.957, "Actual Max Total Time": 20.957, "Plans": [{"Node Type": "Seq Scan", "Parent Relationship": "Outer", "Relation Name": "movie_companies", "Alias": "mc", "Startup Cost": 0.0, "Total Cost": 18428.93, "Plan Rows": 36426, "Plan Width": 8, "Actual Min Startup Time": 0.037, "Actual Max Startup Time": 0.381, "Actual Min Total Time": 53.715, "Actual Max Total Time": 61.267, "Filter": "(((note)::text ~~ '%(Japan)%'::text) AND ((note)::text !~~ '%(USA)%'::text))", "Rows Removed by Filter": 2560231, "Actual Rows": 48897}], "Actual Rows": 48897}, {"Node Type": "Hash", "Parent Relationship": "Inner", "Startup Cost": 5903.45, "Total Cost": 5903.45, "Plan Rows": 6290, "Plan Width": 4, "Actual Min Startup Time": 84.458, "Actual Max Startup Time": 84.458, "Actual Min Total Time": 84.458, "Actual Max Total Time": 84.458, "Max Hash Buckets": 32768, "Min Hash Buckets": 32768, "Max Hash Batches": 1, "Min Hash Batches": 1, "Max Original Hash Batches": 1, "Min Original Hash Batches": 1, "Max Peak Memory Usage": 238, "min Peak Memory Usage": 238, "Plans": [{"Node Type": "Seq Scan", "Parent Relationship": "Outer", "Relation Name": "company_name", "Alias": "cn", "Startup Cost": 0.0, "Total Cost": 5903.45, "Plan Rows": 6290, "Plan Width": 4, "Actual Min Startup Time": 0.031, "Actual Max Startup Time": 0.031, "Actual Min Total Time": 82.292, "Actual Max Total Time": 82.292, "Filter": "((country_code)::text = '[jp]'::text)", "Rows Removed by Filter": 228244, "Actual Rows": 6752}], "Actual Rows": 6752}], "Actual Rows": 48328}, {"Node Type": "Index Scan", "Parent Relationship": "Inner", "Scan Direction": "Forward", "Index Name": "title_pkey", "Relation Name": "title", "Alias": "t", "Startup Cost": 0.0, "Total Cost": 3.91, "Plan Rows": 1, "Plan Width": 21, "Actual Min Startup Time": 195.436, "Actual Max Startup Time": 195.436, "Actual Min Total Time": 195.436, "Actual Max Total Time": 195.436, "Index Cond": "(id = mc.movie_id)", "Rows Removed by Index Recheck": 0, "Actual Rows": 48328}], "Actual Rows": 48328}, {"Node Type": "Index Scan", "Parent Relationship": "Inner", "Scan Direction": "Forward", "Index Name": "movie_id_cast_info", "Relation Name": "cast_info", "Alias": "ci", "Startup Cost": 0.0, "Total Cost": 0.98, "Plan Rows": 1, "Plan Width": 12, "Actual Min Startup Time": 2441.419, "Actual Max Startup Time": 2441.419, "Actual Min Total Time": 2555.355, "Actual Max Total Time": 2555.355, "Index Cond": "(movie_id = t.id)", "Rows Removed by Index Recheck": 0, "Filter": "((note)::text = '(voice: English version)'::text)", "Rows Removed by Filter": 1531710, "Actual Rows": 19600}], "Actual Rows": 19600}, {"Node Type": "Hash", "Parent Relationship": "Inner", "Startup Cost": 1.15, "Total Cost": 1.15, "Plan Rows": 1, "Plan Width": 4, "Actual Min Startup Time": 0.051, "Actual Max Startup Time": 0.051, "Actual Min Total Time": 0.051, "Actual Max Total Time": 0.051, "Max Hash Buckets": 32768, "Min Hash Buckets": 32768, "Max Hash Batches": 1, "Min Hash Batches": 1, "Max Original Hash Batches": 1, "Min Original Hash Batches": 1, "Max Peak Memory Usage": 1, "min Peak Memory Usage": 1, "Plans": [{"Node Type": "Seq Scan", "Parent Relationship": "Outer", "Relation Name": "role_type", "Alias": "rt", "Startup Cost": 0.0, "Total Cost": 1.15, "Plan Rows": 1, "Plan Width": 4, "Actual Min Startup Time": 0.038, "Actual Max Startup Time": 0.038, "Actual Min Total Time": 0.042, "Actual Max Total Time": 0.042, "Filter": "((role)::text = 'actress'::text)", "Rows Removed by Filter": 11, "Actual Rows": 1}], "Actual Rows": 1}], "Actual Rows": 7438}, {"Node Type": "Index Scan", "Parent Relationship": "Inner", "Scan Direction": "Forward", "Index Name": "person_id_aka_name", "Relation Name": "aka_name", "Alias": "an1", "Startup Cost": 0.0, "Total Cost": 0.84, "Plan Rows": 1, "Plan Width": 20, "Actual Min Startup Time": 31.331, "Actual Max Startup Time": 31.331, "Actual Min Total Time": 39.962, "Actual Max Total Time": 39.962, "Index Cond": "(person_id = ci.person_id)", "Rows Removed by Index Recheck": 0, "Actual Rows": 17379}], "Actual Rows": 17379}, {"Node Type": "Index Scan", "Parent Relationship": "Inner", "Scan Direction": "Forward", "Index Name": "name_pkey", "Relation Name": "name", "Alias": "n1", "Startup Cost": 0.0, "Total Cost": 0.57, "Plan Rows": 1, "Plan Width": 4, "Actual Min Startup Time": 63.912, "Actual Max Startup Time": 63.912, "Actual Min Total Time": 63.912, "Actual Max Total Time": 63.912, "Index Cond": "(id = an1.person_id)", "Rows Removed by Index Recheck": 0, "Filter": "(((name)::text ~~ '%Yo%'::text) AND ((name)::text !~~ '%Yu%'::text))", "Rows Removed by Filter": 17317, "Actual Rows": 62}], "Actual Rows": 62}], "Actual Rows": 1}, "Triggers": [], "Planner Runtime": 57, "Total Runtime": 3092.787, "Unique SQL Id": 3544391839}}, "(16, 77)": {"explain_plan": {"Plan": {"Node Type": "Aggregate", "Strategy": "Plain", "Startup Cost": 110772.14, "Total Cost": 110772.15, "Plan Rows": 1, "Plan Width": 97, "Plans": [{"Node Type": "Nested Loop", "Parent Relationship": "Outer", "Join Type": "Inner", "Startup Cost": 12.47, "Total Cost": 110771.66, "Plan Rows": 96, "Plan Width": 33, "Inner Unique": true, "Plans": [{"Node Type": "Nested Loop", "Parent Relationship": "Outer", "Join Type": "Inner", "Startup Cost": 12.47, "Total Cost": 110396.12, "Plan Rows": 645, "Plan Width": 41, "Inner Unique": false, "Plans": [{"Node Type": "Hash Join", "Parent Relationship": "Outer", "Join Type": "Inner", "Startup Cost": 12.47, "Total Cost": 109941.91, "Plan Rows": 532, "Plan Width": 21, "Inner Unique": true, "Hash Cond": "(ci.role_id = rt.id)", "Plans": [{"Node Type": "Nested Loop", "Parent Relationship": "Outer", "Join Type": "Inner", "Startup Cost": 0.0, "Total Cost": 109909.47, "Plan Rows": 5847, "Plan Width": 25, "Inner Unique": false, "Plans": [{"Node Type": "Nested Loop", "Parent Relationship": "Outer", "Join Type": "Inner", "Startup Cost": 0.0, "Total Cost": 104166.87, "Plan Rows": 5775, "Plan Width": 25, "Inner Unique": true, "Plans": [{"Node Type": "Nested Loop", "Parent Relationship": "Outer", "Join Type": "Inner", "Startup Cost": 0.0, "Total Cost": 81519.78, "Plan Rows": 5775, "Plan Width": 4, "Inner Unique": false, "Plans": [{"Node Type": "Index Scan", "Parent Relationship": "Outer", "Scan Direction": "Forward", "Index Name": "company_name_pkey", "Relation Name": "company_name", "Alias": "cn", "Startup Cost": 0.0, "Total Cost": 10501.39, "Plan Rows": 6290, "Plan Width": 4, "Filter": "((country_code)::text = '[jp]'::text)"}, {"Node Type": "Index Scan", "Parent Relationship": "Inner", "Scan Direction": "Forward", "Index Name": "company_id_movie_companies", "Relation Name": "movie_companies", "Alias": "mc", "Startup Cost": 0.0, "Total Cost": 11.28, "Plan Rows": 1, "Plan Width": 8, "Index Cond": "(company_id = cn.id)", "Filter": "(((note)::text ~~ '%(Japan)%'::text) AND ((note)::text !~~ '%(USA)%'::text))"}]}, {"Node Type": "Index Scan", "Parent Relationship": "Inner", "Scan Direction": "Forward", "Index Name": "title_pkey", "Relation Name": "title", "Alias": "t", "Startup Cost": 0.0, "Total Cost": 3.91, "Plan Rows": 1, "Plan Width": 21, "Index Cond": "(id = mc.movie_id)"}]}, {"Node Type": "Index Scan", "Parent Relationship": "Inner", "Scan Direction": "Forward", "Index Name": "movie_id_cast_info", "Relation Name": "cast_info", "Alias": "ci", "Startup Cost": 0.0, "Total Cost": 0.98, "Plan Rows": 1, "Plan Width": 12, "Index Cond": "(movie_id = t.id)", "Filter": "((note)::text = '(voice: English version)'::text)"}]}, {"Node Type": "Hash", "Parent Relationship": "Inner", "Startup Cost": 12.46, "Total Cost": 12.46, "Plan Rows": 1, "Plan Width": 4, "Plans": [{"Node Type": "Index Scan", "Parent Relationship": "Outer", "Scan Direction": "Forward", "Index Name": "role_type_pkey", "Relation Name": "role_type", "Alias": "rt", "Startup Cost": 0.0, "Total Cost": 12.46, "Plan Rows": 1, "Plan Width": 4, "Filter": "((role)::text = 'actress'::text)"}]}]}, {"Node Type": "Index Scan", "Parent Relationship": "Inner", "Scan Direction": "Forward", "Index Name": "person_id_aka_name", "Relation Name": "aka_name", "Alias": "an1", "Startup Cost": 0.0, "Total Cost": 0.84, "Plan Rows": 1, "Plan Width": 20, "Index Cond": "(person_id = ci.person_id)"}]}, {"Node Type": "Index Scan", "Parent Relationship": "Inner", "Scan Direction": "Forward", "Index Name": "name_pkey", "Relation Name": "name", "Alias": "n1", "Startup Cost": 0.0, "Total Cost": 0.57, "Plan Rows": 1, "Plan Width": 4, "Index Cond": "(id = an1.person_id)", "Filter": "(((name)::text ~~ '%Yo%'::text) AND ((name)::text !~~ '%Yu%'::text))"}]}]}, "Unique SQL Id": 3544391839, "Planner Runtime": 33}, "explain_analyze_plan": {"Plan": {"Node Type": "Aggregate", "Strategy": "Plain", "Startup Cost": 110772.14, "Total Cost": 110772.15, "Plan Rows": 1, "Plan Width": 97, "Actual Startup Time": 3698.849, "Actual Total Time": 3698.85, "Actual Rows": 1, "Actual Loops": 1, "Plans": [{"Node Type": "Nested Loop", "Parent Relationship": "Outer", "Join Type": "Inner", "Startup Cost": 12.47, "Total Cost": 110771.66, "Plan Rows": 96, "Plan Width": 33, "Actual Startup Time": 4.616, "Actual Total Time": 3698.535, "Actual Rows": 62, "Actual Loops": 1, "Inner Unique": true, "Plans": [{"Node Type": "Nested Loop", "Parent Relationship": "Outer", "Join Type": "Inner", "Startup Cost": 12.47, "Total Cost": 110396.12, "Plan Rows": 645, "Plan Width": 41, "Actual Startup Time": 0.397, "Actual Total Time": 3620.776, "Actual Rows": 17379, "Actual Loops": 1, "Inner Unique": false, "Plans": [{"Node Type": "Hash Join", "Parent Relationship": "Outer", "Join Type": "Inner", "Startup Cost": 12.47, "Total Cost": 109941.91, "Plan Rows": 532, "Plan Width": 21, "Actual Startup Time": 0.38, "Actual Total Time": 3568.672, "Actual Rows": 7438, "Actual Loops": 1, "Inner Unique": true, "Hash Cond": "(ci.role_id = rt.id)", "Plans": [{"Node Type": "Nested Loop", "Parent Relationship": "Outer", "Join Type": "Inner", "Startup Cost": 0.0, "Total Cost": 109909.47, "Plan Rows": 5847, "Plan Width": 25, "Actual Startup Time": 0.305, "Actual Total Time": 3561.8, "Actual Rows": 19600, "Actual Loops": 1, "Inner Unique": false, "Plans": [{"Node Type": "Nested Loop", "Parent Relationship": "Outer", "Join Type": "Inner", "Startup Cost": 0.0, "Total Cost": 104166.87, "Plan Rows": 5775, "Plan Width": 25, "Actual Startup Time": 0.247, "Actual Total Time": 821.921, "Actual Rows": 48328, "Actual Loops": 1, "Inner Unique": true, "Plans": [{"Node Type": "Nested Loop", "Parent Relationship": "Outer", "Join Type": "Inner", "Startup Cost": 0.0, "Total Cost": 81519.78, "Plan Rows": 5775, "Plan Width": 4, "Actual Startup Time": 0.236, "Actual Total Time": 532.834, "Actual Rows": 48328, "Actual Loops": 1, "Inner Unique": false, "Plans": [{"Node Type": "Index Scan", "Parent Relationship": "Outer", "Scan Direction": "Forward", "Index Name": "company_name_pkey", "Relation Name": "company_name", "Alias": "cn", "Startup Cost": 0.0, "Total Cost": 10501.39, "Plan Rows": 6290, "Plan Width": 4, "Actual Startup Time": 0.201, "Actual Total Time": 304.22, "Actual Rows": 6752, "Actual Loops": 1, "Filter": "((country_code)::text = '[jp]'::text)", "Rows Removed by Filter": 228244}, {"Node Type": "Index Scan", "Parent Relationship": "Inner", "Scan Direction": "Forward", "Index Name": "company_id_movie_companies", "Relation Name": "movie_companies", "Alias": "mc", "Startup Cost": 0.0, "Total Cost": 11.28, "Plan Rows": 1, "Plan Width": 8, "Actual Startup Time": 57.27, "Actual Total Time": 212.155, "Actual Rows": 48328, "Actual Loops": 6752, "Index Cond": "(company_id = cn.id)", "Rows Removed by Index Recheck": 0, "Filter": "(((note)::text ~~ '%(Japan)%'::text) AND ((note)::text !~~ '%(USA)%'::text))", "Rows Removed by Filter": 56667}]}, {"Node Type": "Index Scan", "Parent Relationship": "Inner", "Scan Direction": "Forward", "Index Name": "title_pkey", "Relation Name": "title", "Alias": "t", "Startup Cost": 0.0, "Total Cost": 3.91, "Plan Rows": 1, "Plan Width": 21, "Actual Startup Time": 246.104, "Actual Total Time": 246.104, "Actual Rows": 48328, "Actual Loops": 48328, "Index Cond": "(id = mc.movie_id)", "Rows Removed by Index Recheck": 0}]}, {"Node Type": "Index Scan", "Parent Relationship": "Inner", "Scan Direction": "Forward", "Index Name": "movie_id_cast_info", "Relation Name": "cast_info", "Alias": "ci", "Startup Cost": 0.0, "Total Cost": 0.98, "Plan Rows": 1, "Plan Width": 12, "Actual Startup Time": 2581.379, "Actual Total Time": 2708.299, "Actual Rows": 19600, "Actual Loops": 48328, "Index Cond": "(movie_id = t.id)", "Rows Removed by Index Recheck": 0, "Filter": "((note)::text = '(voice: English version)'::text)", "Rows Removed by Filter": 1531710}]}, {"Node Type": "Hash", "Parent Relationship": "Inner", "Startup Cost": 12.46, "Total Cost": 12.46, "Plan Rows": 1, "Plan Width": 4, "Actual Startup Time": 0.021, "Actual Total Time": 0.021, "Actual Rows": 1, "Actual Loops": 1, "Hash Buckets": 32768, "Hash Batches": 1, "Original Hash Batches": 1, "Peak Memory Usage": 1, "Plans": [{"Node Type": "Index Scan", "Parent Relationship": "Outer", "Scan Direction": "Forward", "Index Name": "role_type_pkey", "Relation Name": "role_type", "Alias": "rt", "Startup Cost": 0.0, "Total Cost": 12.46, "Plan Rows": 1, "Plan Width": 4, "Actual Startup Time": 0.009, "Actual Total Time": 0.014, "Actual Rows": 1, "Actual Loops": 1, "Filter": "((role)::text = 'actress'::text)", "Rows Removed by Filter": 11}]}]}, {"Node Type": "Index Scan", "Parent Relationship": "Inner", "Scan Direction": "Forward", "Index Name": "person_id_aka_name", "Relation Name": "aka_name", "Alias": "an1", "Startup Cost": 0.0, "Total Cost": 0.84, "Plan Rows": 1, "Plan Width": 20, "Actual Startup Time": 34.761, "Actual Total Time": 43.087, "Actual Rows": 17379, "Actual Loops": 7438, "Index Cond": "(person_id = ci.person_id)", "Rows Removed by Index Recheck": 0}]}, {"Node Type": "Index Scan", "Parent Relationship": "Inner", "Scan Direction": "Forward", "Index Name": "name_pkey", "Relation Name": "name", "Alias": "n1", "Startup Cost": 0.0, "Total Cost": 0.57, "Plan Rows": 1, "Plan Width": 4, "Actual Startup Time": 69.003, "Actual Total Time": 69.003, "Actual Rows": 62, "Actual Loops": 17379, "Index Cond": "(id = an1.person_id)", "Rows Removed by Index Recheck": 0, "Filter": "(((name)::text ~~ '%Yo%'::text) AND ((name)::text !~~ '%Yu%'::text))", "Rows Removed by Filter": 17317}]}]}, "Triggers": [], "Planner Runtime": 33, "Total Runtime": 3699.22, "Unique SQL Id": 3544391839}}, "(16, 78)": {"explain_plan": {"Plan": {"Node Type": "Aggregate", "Strategy": "Plain", "Startup Cost": 167637.97, "Total Cost": 167637.98, "Plan Rows": 1, "Plan Width": 97, "Plans": [{"Node Type": "Hash Join", "Parent Relationship": "Outer", "Join Type": "Inner", "Startup Cost": 149778.29, "Total Cost": 167634.74, "Plan Rows": 646, "Plan Width": 33, "Inner Unique": true, "Hash Cond": "(ci.role_id = rt.id)", "Plans": [{"Node Type": "Streaming(type: LOCAL GATHER dop: 1/16)", "Parent Relationship": "Outer", "Startup Cost": 149777.99, "Total Cost": 167601.34, "Plan Rows": 7105, "Plan Width": 37, "Plans": [{"Node Type": "Hash Join", "Parent Relationship": "Outer", "Join Type": "Inner", "Startup Cost": 149777.99, "Total Cost": 167448.0, "Plan Rows": 7105, "Plan Width": 37, "Inner Unique": true, "Hash Cond": "(ci.movie_id = t.id)", "Plans": [{"Node Type": "Streaming(type: BROADCAST dop: 16/1)", "Parent Relationship": "Outer", "Startup Cost": 143114.16, "Total Cost": 160753.09, "Plan Rows": 113680, "Plan Width": 28, "Plans": [{"Node Type": "Merge Join", "Parent Relationship": "Outer", "Join Type": "Inner", "Startup Cost": 143114.16, "Total Cost": 143299.64, "Plan Rows": 7105, "Plan Width": 28, "Inner Unique": false, "Merge Cond": "(mc.movie_id = ci.movie_id)", "Plans": [{"Node Type": "Sort", "Parent Relationship": "Outer", "Startup Cost": 25752.31, "Total Cost": 25766.75, "Plan Rows": 5775, "Plan Width": 4, "Sort Key": ["mc.movie_id"], "Plans": [{"Node Type": "Hash Join", "Parent Relationship": "Outer", "Join Type": "Inner", "Startup Cost": 5982.08, "Total Cost": 25391.5, "Plan Rows": 5775, "Plan Width": 4, "Inner Unique": true, "Hash Cond": "(mc.company_id = cn.id)", "Plans": [{"Node Type": "Streaming(type: LOCAL GATHER dop: 1/16)", "Parent Relationship": "Outer", "Startup Cost": 0.0, "Total Cost": 19215.08, "Plan Rows": 36426, "Plan Width": 8, "Plans": [{"Node Type": "Seq Scan", "Parent Relationship": "Outer", "Relation Name": "movie_companies", "Alias": "mc", "Startup Cost": 0.0, "Total Cost": 18428.93, "Plan Rows": 36426, "Plan Width": 8, "Filter": "(((note)::text ~~ '%(Japan)%'::text) AND ((note)::text !~~ '%(USA)%'::text))"}]}, {"Node Type": "Hash", "Parent Relationship": "Inner", "Startup Cost": 5903.45, "Total Cost": 5903.45, "Plan Rows": 6290, "Plan Width": 4, "Plans": [{"Node Type": "Seq Scan", "Parent Relationship": "Outer", "Relation Name": "company_name", "Alias": "cn", "Startup Cost": 0.0, "Total Cost": 5903.45, "Plan Rows": 6290, "Plan Width": 4, "Filter": "((country_code)::text = '[jp]'::text)"}]}]}]}, {"Node Type": "Sort", "Parent Relationship": "Inner", "Startup Cost": 117361.85, "Total Cost": 117404.75, "Plan Rows": 17161, "Plan Width": 24, "Sort Key": ["ci.movie_id"], "Plans": [{"Node Type": "Hash Join", "Parent Relationship": "Outer", "Join Type": "Inner", "Startup Cost": 54889.63, "Total Cost": 116154.85, "Plan Rows": 17161, "Plan Width": 24, "Inner Unique": false, "Hash Cond": "(ci.person_id = an1.person_id)", "Plans": [{"Node Type": "Streaming(type: LOCAL GATHER dop: 1/16)", "Parent Relationship": "Outer", "Startup Cost": 0.0, "Total Cost": 60369.73, "Plan Rows": 96692, "Plan Width": 12, "Plans": [{"Node Type": "Seq Scan", "Parent Relationship": "Outer", "Relation Name": "cast_info", "Alias": "ci", "Startup Cost": 0.0, "Total Cost": 58282.92, "Plan Rows": 96692, "Plan Width": 12, "Filter": "((note)::text = '(voice: English version)'::text)"}]}, {"Node Type": "Hash", "Parent Relationship": "Inner", "Startup Cost": 54681.79, "Total Cost": 54681.79, "Plan Rows": 16627, "Plan Width": 24, "Plans": [{"Node Type": "Streaming(type: LOCAL GATHER dop: 1/16)", "Parent Relationship": "Outer", "Startup Cost": 37857.03, "Total Cost": 54681.79, "Plan Rows": 16627, "Plan Width": 24, "Plans": [{"Node Type": "Hash Join", "Parent Relationship": "Outer", "Join Type": "Inner", "Startup Cost": 37857.03, "Total Cost": 54322.95, "Plan Rows": 16627, "Plan Width": 24, "Inner Unique": true, "Hash Cond": "(an1.person_id = n1.id)", "Plans": [{"Node Type": "Seq Scan", "Parent Relationship": "Outer", "Relation Name": "aka_name", "Alias": "an1", "Startup Cost": 0.0, "Total Cost": 16244.28, "Plan Rows": 901342, "Plan Width": 20}, {"Node Type": "Hash", "Parent Relationship": "Inner", "Startup Cost": 37683.45, "Total Cost": 37683.45, "Plan Rows": 222176, "Plan Width": 4, "Plans": [{"Node Type": "Streaming(type: BROADCAST dop: 16/16)", "Parent Relationship": "Outer", "Startup Cost": 0.0, "Total Cost": 37683.45, "Plan Rows": 222176, "Plan Width": 4, "Plans": [{"Node Type": "Seq Scan", "Parent Relationship": "Outer", "Relation Name": "name", "Alias": "n1", "Startup Cost": 0.0, "Total Cost": 22119.33, "Plan Rows": 13886, "Plan Width": 4, "Filter": "(((name)::text ~~ '%Yo%'::text) AND ((name)::text !~~ '%Yu%'::text))"}]}]}]}]}]}]}]}]}]}, {"Node Type": "Hash", "Parent Relationship": "Inner", "Startup Cost": 18754.32, "Total Cost": 18754.32, "Plan Rows": 2528311, "Plan Width": 21, "Plans": [{"Node Type": "Seq Scan", "Parent Relationship": "Outer", "Relation Name": "title", "Alias": "t", "Startup Cost": 0.0, "Total Cost": 18754.32, "Plan Rows": 2528311, "Plan Width": 21}]}]}]}, {"Node Type": "Hash", "Parent Relationship": "Inner", "Startup Cost": 1.15, "Total Cost": 1.15, "Plan Rows": 1, "Plan Width": 4, "Plans": [{"Node Type": "Seq Scan", "Parent Relationship": "Outer", "Relation Name": "role_type", "Alias": "rt", "Startup Cost": 0.0, "Total Cost": 1.15, "Plan Rows": 1, "Plan Width": 4, "Filter": "((role)::text = 'actress'::text)"}]}]}]}, "Unique SQL Id": 3544391839, "Planner Runtime": 200}, "explain_analyze_plan": {"Plan": {"Node Type": "Aggregate", "Strategy": "Plain", "Startup Cost": 167637.97, "Total Cost": 167637.98, "Plan Rows": 1, "Plan Width": 97, "Actual Min Startup Time": 915.947, "Actual Max Startup Time": 915.947, "Actual Min Total Time": 915.947, "Actual Max Total Time": 915.947, "Plans": [{"Node Type": "Hash Join", "Parent Relationship": "Outer", "Join Type": "Inner", "Startup Cost": 149778.29, "Total Cost": 167634.74, "Plan Rows": 646, "Plan Width": 33, "Actual Min Startup Time": 915.499, "Actual Max Startup Time": 915.499, "Actual Min Total Time": 915.868, "Actual Max Total Time": 915.868, "Inner Unique": true, "Hash Cond": "(ci.role_id = rt.id)", "Plans": [{"Node Type": "Streaming(type: LOCAL GATHER dop: 1/16)", "Parent Relationship": "Outer", "Startup Cost": 149777.99, "Total Cost": 167601.34, "Plan Rows": 7105, "Plan Width": 37, "Actual Min Startup Time": 915.345, "Actual Max Startup Time": 915.345, "Actual Min Total Time": 915.593, "Actual Max Total Time": 915.593, "Plans": [{"Node Type": "Hash Join", "Parent Relationship": "Outer", "Join Type": "Inner", "Startup Cost": 149777.99, "Total Cost": 167448.0, "Plan Rows": 7105, "Plan Width": 37, "Actual Min Startup Time": 776.567, "Actual Max Startup Time": 805.948, "Actual Min Total Time": 793.326, "Actual Max Total Time": 822.693, "Inner Unique": true, "Hash Cond": "(ci.movie_id = t.id)", "Plans": [{"Node Type": "Streaming(type: BROADCAST dop: 16/1)", "Parent Relationship": "Outer", "Startup Cost": 143114.16, "Total Cost": 160753.09, "Plan Rows": 113680, "Plan Width": 28, "Actual Min Startup Time": 665.653, "Actual Max Startup Time": 705.105, "Actual Min Total Time": 682.224, "Actual Max Total Time": 721.693, "Plans": [{"Node Type": "Merge Join", "Parent Relationship": "Outer", "Join Type": "Inner", "Startup Cost": 143114.16, "Total Cost": 143299.64, "Plan Rows": 7105, "Plan Width": 28, "Actual Min Startup Time": 802.817, "Actual Max Startup Time": 802.817, "Actual Min Total Time": 813.115, "Actual Max Total Time": 813.115, "Inner Unique": false, "Merge Cond": "(mc.movie_id = ci.movie_id)", "Plans": [{"Node Type": "Sort", "Parent Relationship": "Outer", "Startup Cost": 25752.31, "Total Cost": 25766.75, "Plan Rows": 5775, "Plan Width": 4, "Actual Min Startup Time": 169.464, "Actual Max Startup Time": 169.464, "Actual Min Total Time": 174.29, "Actual Max Total Time": 174.29, "Sort Key": ["mc.movie_id"], "Sort Method": "quicksort", "Sort Space Min Used": 4557, "Sort Space Max Used": 4557, "Sort Space Type": "Memory", "Plans": [{"Node Type": "Hash Join", "Parent Relationship": "Outer", "Join Type": "Inner", "Startup Cost": 5982.08, "Total Cost": 25391.5, "Plan Rows": 5775, "Plan Width": 4, "Actual Min Startup Time": 85.913, "Actual Max Startup Time": 85.913, "Actual Min Total Time": 154.926, "Actual Max Total Time": 154.926, "Inner Unique": true, "Hash Cond": "(mc.company_id = cn.id)", "Plans": [{"Node Type": "Streaming(type: LOCAL GATHER dop: 1/16)", "Parent Relationship": "Outer", "Startup Cost": 0.0, "Total Cost": 19215.08, "Plan Rows": 36426, "Plan Width": 8, "Actual Min Startup Time": 0.077, "Actual Max Startup Time": 0.077, "Actual Min Total Time": 50.28, "Actual Max Total Time": 50.28, "Plans": [{"Node Type": "Seq Scan", "Parent Relationship": "Outer", "Relation Name": "movie_companies", "Alias": "mc", "Startup Cost": 0.0, "Total Cost": 18428.93, "Plan Rows": 36426, "Plan Width": 8, "Actual Min Startup Time": 0.048, "Actual Max Startup Time": 0.377, "Actual Min Total Time": 53.638, "Actual Max Total Time": 61.767, "Filter": "(((note)::text ~~ '%(Japan)%'::text) AND ((note)::text !~~ '%(USA)%'::text))", "Rows Removed by Filter": 2560231, "Actual Rows": 48897}], "Actual Rows": 48897}, {"Node Type": "Hash", "Parent Relationship": "Inner", "Startup Cost": 5903.45, "Total Cost": 5903.45, "Plan Rows": 6290, "Plan Width": 4, "Actual Min Startup Time": 85.771, "Actual Max Startup Time": 85.771, "Actual Min Total Time": 85.771, "Actual Max Total Time": 85.771, "Max Hash Buckets": 32768, "Min Hash Buckets": 32768, "Max Hash Batches": 1, "Min Hash Batches": 1, "Max Original Hash Batches": 1, "Min Original Hash Batches": 1, "Max Peak Memory Usage": 238, "min Peak Memory Usage": 238, "Plans": [{"Node Type": "Seq Scan", "Parent Relationship": "Outer", "Relation Name": "company_name", "Alias": "cn", "Startup Cost": 0.0, "Total Cost": 5903.45, "Plan Rows": 6290, "Plan Width": 4, "Actual Min Startup Time": 0.04, "Actual Max Startup Time": 0.04, "Actual Min Total Time": 83.513, "Actual Max Total Time": 83.513, "Filter": "((country_code)::text = '[jp]'::text)", "Rows Removed by Filter": 228244, "Actual Rows": 6752}], "Actual Rows": 6752}], "Actual Rows": 48328}], "Actual Rows": 46669}, {"Node Type": "Sort", "Parent Relationship": "Inner", "Startup Cost": 117361.85, "Total Cost": 117404.75, "Plan Rows": 17161, "Plan Width": 24, "Actual Min Startup Time": 632.025, "Actual Max Startup Time": 632.025, "Actual Min Total Time": 632.319, "Actual Max Total Time": 632.319, "Sort Key": ["ci.movie_id"], "Sort Method": "quicksort", "Sort Space Min Used": 338, "Sort Space Max Used": 338, "Sort Space Type": "Memory", "Plans": [{"Node Type": "Hash Join", "Parent Relationship": "Outer", "Join Type": "Inner", "Startup Cost": 54889.63, "Total Cost": 116154.85, "Plan Rows": 17161, "Plan Width": 24, "Actual Min Startup Time": 32.322, "Actual Max Startup Time": 32.322, "Actual Min Total Time": 631.078, "Actual Max Total Time": 631.078, "Inner Unique": false, "Hash Cond": "(ci.person_id = an1.person_id)", "Plans": [{"Node Type": "Streaming(type: LOCAL GATHER dop: 1/16)", "Parent Relationship": "Outer", "Startup Cost": 0.0, "Total Cost": 60369.73, "Plan Rows": 96692, "Plan Width": 12, "Actual Min Startup Time": 0.065, "Actual Max Startup Time": 0.065, "Actual Min Total Time": 597.58, "Actual Max Total Time": 597.58, "Plans": [{"Node Type": "Seq Scan", "Parent Relationship": "Outer", "Relation Name": "cast_info", "Alias": "ci", "Startup Cost": 0.0, "Total Cost": 58282.92, "Plan Rows": 96692, "Plan Width": 12, "Actual Min Startup Time": 0.052, "Actual Max Startup Time": 2.909, "Actual Min Total Time": 603.316, "Actual Max Total Time": 613.82, "Filter": "((note)::text = '(voice: English version)'::text)", "Rows Removed by Filter": 36151248, "Actual Rows": 93095}], "Actual Rows": 93095}, {"Node Type": "Hash", "Parent Relationship": "Inner", "Startup Cost": 54681.79, "Total Cost": 54681.79, "Plan Rows": 16627, "Plan Width": 24, "Actual Min Startup Time": 17.872, "Actual Max Startup Time": 17.872, "Actual Min Total Time": 17.872, "Actual Max Total Time": 17.872, "Max Hash Buckets": 32768, "Min Hash Buckets": 32768, "Max Hash Batches": 1, "Min Hash Batches": 1, "Max Original Hash Batches": 1, "Min Original Hash Batches": 1, "Max Peak Memory Usage": 229, "min Peak Memory Usage": 229, "Plans": [{"Node Type": "Streaming(type: LOCAL GATHER dop: 1/16)", "Parent Relationship": "Outer", "Startup Cost": 37857.03, "Total Cost": 54681.79, "Plan Rows": 16627, "Plan Width": 24, "Actual Min Startup Time": 0.067, "Actual Max Startup Time": 0.067, "Actual Min Total Time": 16.845, "Actual Max Total Time": 16.845, "Plans": [{"Node Type": "Hash Join", "Parent Relationship": "Outer", "Join Type": "Inner", "Startup Cost": 37857.03, "Total Cost": 54322.95, "Plan Rows": 16627, "Plan Width": 24, "Actual Min Startup Time": 131.886, "Actual Max Startup Time": 156.926, "Actual Min Total Time": 157.769, "Actual Max Total Time": 182.053, "Inner Unique": true, "Hash Cond": "(an1.person_id = n1.id)", "Plans": [{"Node Type": "Seq Scan", "Parent Relationship": "Outer", "Relation Name": "aka_name", "Alias": "an1", "Startup Cost": 0.0, "Total Cost": 16244.28, "Plan Rows": 901342, "Plan Width": 20, "Actual Min Startup Time": 0.036, "Actual Max Startup Time": 0.059, "Actual Min Total Time": 12.612, "Actual Max Total Time": 15.027, "Actual Rows": 901342}, {"Node Type": "Hash", "Parent Relationship": "Inner", "Startup Cost": 37683.45, "Total Cost": 37683.45, "Plan Rows": 222176, "Plan Width": 4, "Actual Min Startup Time": 131.491, "Actual Max Startup Time": 156.022, "Actual Min Total Time": 131.491, "Actual Max Total Time": 156.022, "Max Hash Buckets": 32768, "Min Hash Buckets": 32768, "Max Hash Batches": 1, "Min Hash Batches": 1, "Max Original Hash Batches": 1, "Min Original Hash Batches": 1, "Max Peak Memory Usage": 736, "min Peak Memory Usage": 736, "Plans": [{"Node Type": "Streaming(type: BROADCAST dop: 16/16)", "Parent Relationship": "Outer", "Startup Cost": 0.0, "Total Cost": 37683.45, "Plan Rows": 222176, "Plan Width": 4, "Actual Min Startup Time": 0.06, "Actual Max Startup Time": 16.006, "Actual Min Total Time": 126.426, "Actual Max Total Time": 150.538, "Plans": [{"Node Type": "Seq Scan", "Parent Relationship": "Outer", "Relation Name": "name", "Alias": "n1", "Startup Cost": 0.0, "Total Cost": 22119.33, "Plan Rows": 13886, "Plan Width": 4, "Actual Min Startup Time": 0.07, "Actual Max Startup Time": 1.688, "Actual Min Total Time": 100.497, "Actual Max Total Time": 106.549, "Filter": "(((name)::text ~~ '%Yo%'::text) AND ((name)::text !~~ '%Yu%'::text))", "Rows Removed by Filter": 4146579, "Actual Rows": 20911}], "Actual Rows": 334576}], "Actual Rows": 334576}], "Actual Rows": 4031}], "Actual Rows": 4031}], "Actual Rows": 4031}], "Actual Rows": 2575}], "Actual Rows": 2845}], "Actual Rows": 658}], "Actual Rows": 10528}, {"Node Type": "Hash", "Parent Relationship": "Inner", "Startup Cost": 18754.32, "Total Cost": 18754.32, "Plan Rows": 2528311, "Plan Width": 21, "Actual Min Startup Time": 100.595, "Actual Max Startup Time": 111.911, "Actual Min Total Time": 100.595, "Actual Max Total Time": 111.911, "Max Hash Buckets": 262144, "Min Hash Buckets": 262144, "Max Hash Batches": 1, "Min Hash Batches": 1, "Max Original Hash Batches": 1, "Min Original Hash Batches": 1, "Max Peak Memory Usage": 8595, "min Peak Memory Usage": 8595, "Plans": [{"Node Type": "Seq Scan", "Parent Relationship": "Outer", "Relation Name": "title", "Alias": "t", "Startup Cost": 0.0, "Total Cost": 18754.32, "Plan Rows": 2528311, "Plan Width": 21, "Actual Min Startup Time": 0.026, "Actual Max Startup Time": 0.038, "Actual Min Total Time": 49.49, "Actual Max Total Time": 56.708, "Actual Rows": 2528311}], "Actual Rows": 2528311}], "Actual Rows": 658}], "Actual Rows": 658}, {"Node Type": "Hash", "Parent Relationship": "Inner", "Startup Cost": 1.15, "Total Cost": 1.15, "Plan Rows": 1, "Plan Width": 4, "Actual Min Startup Time": 0.075, "Actual Max Startup Time": 0.075, "Actual Min Total Time": 0.075, "Actual Max Total Time": 0.075, "Max Hash Buckets": 32768, "Min Hash Buckets": 32768, "Max Hash Batches": 1, "Min Hash Batches": 1, "Max Original Hash Batches": 1, "Min Original Hash Batches": 1, "Max Peak Memory Usage": 1, "min Peak Memory Usage": 1, "Plans": [{"Node Type": "Seq Scan", "Parent Relationship": "Outer", "Relation Name": "role_type", "Alias": "rt", "Startup Cost": 0.0, "Total Cost": 1.15, "Plan Rows": 1, "Plan Width": 4, "Actual Min Startup Time": 0.056, "Actual Max Startup Time": 0.056, "Actual Min Total Time": 0.062, "Actual Max Total Time": 0.062, "Filter": "((role)::text = 'actress'::text)", "Rows Removed by Filter": 11, "Actual Rows": 1}], "Actual Rows": 1}], "Actual Rows": 62}], "Actual Rows": 1}, "Triggers": [], "Planner Runtime": 200, "Total Runtime": 933.02, "Unique SQL Id": 3544391839}}, "(16, 79)": {"explain_plan": {"Plan": {"Node Type": "Aggregate", "Strategy": "Plain", "Startup Cost": 6720985922273.95, "Total Cost": 6720985922273.96, "Plan Rows": 1, "Plan Width": 97, "Plans": [{"Node Type": "Hash Join", "Parent Relationship": "Outer", "Join Type": "Inner", "Startup Cost": 4029128203440.23, "Total Cost": 6720985922270.72, "Plan Rows": 646, "Plan Width": 33, "Inner Unique": true, "Hash Cond": "(ci.role_id = rt.id)", "Plans": [{"Node Type": "Hash Join", "Parent Relationship": "Outer", "Join Type": "Inner", "Startup Cost": 3029128202194.22, "Total Cost": 5720985920991.6, "Plan Rows": 7105, "Plan Width": 37, "Inner Unique": false, "Hash Cond": "(ci.movie_id = t.id)", "Plans": [{"Node Type": "Merge Join", "Parent Relationship": "Outer", "Join Type": "Inner", "Startup Cost": 30051235465.84, "Total Cost": 2721908954128.06, "Plan Rows": 17161, "Plan Width": 24, "Inner Unique": false, "Merge Cond": "(an1.person_id = ci.person_id)", "Plans": [{"Node Type": "Merge Join", "Parent Relationship": "Outer", "Join Type": "Inner", "Startup Cost": 20030754356.47, "Total Cost": 2000026606025.89, "Plan Rows": 16627, "Plan Width": 24, "Inner Unique": true, "Merge Cond": "(an1.person_id = n1.id)", "Plans": [{"Node Type": "Index Scan", "Parent Relationship": "Outer", "Scan Direction": "Forward", "Index Name": "person_id_aka_name", "Relation Name": "aka_name", "Alias": "an1", "Startup Cost": 10000000000.0, "Total Cost": 1000006896503.43, "Plan Rows": 901342, "Plan Width": 20}, {"Node Type": "Materialize", "Parent Relationship": "Inner", "Startup Cost": 10000000000.0, "Total Cost": 1000019707054.42, "Plan Rows": 13886, "Plan Width": 4, "Plans": [{"Node Type": "Index Scan", "Parent Relationship": "Outer", "Scan Direction": "Forward", "Index Name": "name_pkey", "Relation Name": "name", "Alias": "n1", "Startup Cost": 10000000000.0, "Total Cost": 1000019707019.7, "Plan Rows": 13886, "Plan Width": 4, "Filter": "(((name)::text ~~ '%Yo%'::text) AND ((name)::text !~~ '%Yu%'::text))"}]}]}, {"Node Type": "Index Scan", "Parent Relationship": "Inner", "Scan Direction": "Forward", "Index Name": "person_id_cast_info", "Relation Name": "cast_info", "Alias": "ci", "Startup Cost": 10000000000.0, "Total Cost": 1000179713706.71, "Plan Rows": 96692, "Plan Width": 12, "Filter": "((note)::text = '(voice: English version)'::text)"}]}, {"Node Type": "Hash", "Parent Relationship": "Inner", "Startup Cost": 2999076966656.19, "Total Cost": 2999076966656.19, "Plan Rows": 5775, "Plan Width": 25, "Plans": [{"Node Type": "Merge Join", "Parent Relationship": "Outer", "Join Type": "Inner", "Startup Cost": 2010036650504.51, "Total Cost": 2999076966656.19, "Plan Rows": 5775, "Plan Width": 25, "Inner Unique": true, "Merge Cond": "(mc.movie_id = t.id)", "Plans": [{"Node Type": "Sort", "Parent Relationship": "Outer", "Startup Cost": 2000014722578.3, "Total Cost": 2000014722592.74, "Plan Rows": 5775, "Plan Width": 4, "Sort Key": ["mc.movie_id"], "Plans": [{"Node Type": "Merge Join", "Parent Relationship": "Outer", "Join Type": "Inner", "Startup Cost": 45738289886.04, "Total Cost": 2000014722217.49, "Plan Rows": 5775, "Plan Width": 4, "Inner Unique": false, "Merge Cond": "(cn.id = mc.company_id)", "Plans": [{"Node Type": "Index Scan", "Parent Relationship": "Outer", "Scan Direction": "Forward", "Index Name": "company_name_pkey", "Relation Name": "company_name", "Alias": "cn", "Startup Cost": 10000000000.0, "Total Cost": 1000001050138.97, "Plan Rows": 6290, "Plan Width": 4, "Filter": "((country_code)::text = '[jp]'::text)"}, {"Node Type": "Index Scan", "Parent Relationship": "Inner", "Scan Direction": "Forward", "Index Name": "company_id_movie_companies", "Relation Name": "movie_companies", "Alias": "mc", "Startup Cost": 10000000000.0, "Total Cost": 1000013671913.98, "Plan Rows": 36426, "Plan Width": 8, "Filter": "(((note)::text ~~ '%(Japan)%'::text) AND ((note)::text !~~ '%(USA)%'::text))"}]}]}, {"Node Type": "Index Scan", "Parent Relationship": "Inner", "Scan Direction": "Forward", "Index Name": "title_pkey", "Relation Name": "title", "Alias": "t", "Startup Cost": 10000000000.0, "Total Cost": 1000011012048.91, "Plan Rows": 2528311, "Plan Width": 21}]}]}]}, {"Node Type": "Hash", "Parent Relationship": "Inner", "Startup Cost": 1000000001246.0, "Total Cost": 1000000001246.0, "Plan Rows": 1, "Plan Width": 4, "Plans": [{"Node Type": "Index Scan", "Parent Relationship": "Outer", "Scan Direction": "Forward", "Index Name": "role_type_pkey", "Relation Name": "role_type", "Alias": "rt", "Startup Cost": 10000000000.0, "Total Cost": 1000000001246.0, "Plan Rows": 1, "Plan Width": 4, "Filter": "((role)::text = 'actress'::text)"}]}]}]}, "Unique SQL Id": 3544391839, "Planner Runtime": 156}, "explain_analyze_plan": null}, "(16, 80)": {"explain_plan": {"Plan": {"Node Type": "Aggregate", "Strategy": "Plain", "Startup Cost": 72594.9, "Total Cost": 72594.91, "Plan Rows": 1, "Plan Width": 97, "Plans": [{"Node Type": "Nested Loop", "Parent Relationship": "Outer", "Join Type": "Inner", "Startup Cost": 71730.1, "Total Cost": 72594.42, "Plan Rows": 96, "Plan Width": 33, "Inner Unique": true, "Plans": [{"Node Type": "Nested Loop", "Parent Relationship": "Outer", "Join Type": "Inner", "Startup Cost": 71730.1, "Total Cost": 72218.88, "Plan Rows": 645, "Plan Width": 41, "Inner Unique": false, "Plans": [{"Node Type": "Merge Join", "Parent Relationship": "Outer", "Join Type": "Inner", "Startup Cost": 71730.1, "Total Cost": 71764.66, "Plan Rows": 532, "Plan Width": 21, "Inner Unique": false, "Merge Cond": "(rt.id = ci.role_id)", "Plans": [{"Node Type": "Sort", "Parent Relationship": "Outer", "Startup Cost": 1.16, "Total Cost": 1.16, "Plan Rows": 1, "Plan Width": 4, "Sort Key": ["rt.id"], "Plans": [{"Node Type": "Seq Scan", "Parent Relationship": "Outer", "Relation Name": "role_type", "Alias": "rt", "Startup Cost": 0.0, "Total Cost": 1.15, "Plan Rows": 1, "Plan Width": 4, "Filter": "((role)::text = 'actress'::text)"}]}, {"Node Type": "Sort", "Parent Relationship": "Inner", "Startup Cost": 71728.94, "Total Cost": 71743.56, "Plan Rows": 5847, "Plan Width": 25, "Sort Key": ["ci.role_id"], "Plans": [{"Node Type": "Nested Loop", "Parent Relationship": "Outer", "Join Type": "Inner", "Startup Cost": 0.0, "Total Cost": 71363.11, "Plan Rows": 5847, "Plan Width": 25, "Inner Unique": false, "Plans": [{"Node Type": "Nested Loop", "Parent Relationship": "Outer", "Join Type": "Inner", "Startup Cost": 0.0, "Total Cost": 65620.52, "Plan Rows": 5775, "Plan Width": 25, "Inner Unique": true, "Plans": [{"Node Type": "Nested Loop", "Parent Relationship": "Outer", "Join Type": "Inner", "Startup Cost": 0.0, "Total Cost": 42973.42, "Plan Rows": 5775, "Plan Width": 4, "Inner Unique": true, "Plans": [{"Node Type": "Streaming(type: LOCAL GATHER dop: 1/16)", "Parent Relationship": "Outer", "Startup Cost": 0.0, "Total Cost": 19215.08, "Plan Rows": 36426, "Plan Width": 8, "Plans": [{"Node Type": "Seq Scan", "Parent Relationship": "Outer", "Relation Name": "movie_companies", "Alias": "mc", "Startup Cost": 0.0, "Total Cost": 18428.93, "Plan Rows": 36426, "Plan Width": 8, "Filter": "(((note)::text ~~ '%(Japan)%'::text) AND ((note)::text !~~ '%(USA)%'::text))"}]}, {"Node Type": "Index Scan", "Parent Relationship": "Inner", "Scan Direction": "Forward", "Index Name": "company_name_pkey", "Relation Name": "company_name", "Alias": "cn", "Startup Cost": 0.0, "Total Cost": 0.64, "Plan Rows": 1, "Plan Width": 4, "Index Cond": "(id = mc.company_id)", "Filter": "((country_code)::text = '[jp]'::text)"}]}, {"Node Type": "Index Scan", "Parent Relationship": "Inner", "Scan Direction": "Forward", "Index Name": "title_pkey", "Relation Name": "title", "Alias": "t", "Startup Cost": 0.0, "Total Cost": 3.91, "Plan Rows": 1, "Plan Width": 21, "Index Cond": "(id = mc.movie_id)"}]}, {"Node Type": "Index Scan", "Parent Relationship": "Inner", "Scan Direction": "Forward", "Index Name": "movie_id_cast_info", "Relation Name": "cast_info", "Alias": "ci", "Startup Cost": 0.0, "Total Cost": 0.98, "Plan Rows": 1, "Plan Width": 12, "Index Cond": "(movie_id = t.id)", "Filter": "((note)::text = '(voice: English version)'::text)"}]}]}]}, {"Node Type": "Index Scan", "Parent Relationship": "Inner", "Scan Direction": "Forward", "Index Name": "person_id_aka_name", "Relation Name": "aka_name", "Alias": "an1", "Startup Cost": 0.0, "Total Cost": 0.84, "Plan Rows": 1, "Plan Width": 20, "Index Cond": "(person_id = ci.person_id)"}]}, {"Node Type": "Index Scan", "Parent Relationship": "Inner", "Scan Direction": "Forward", "Index Name": "name_pkey", "Relation Name": "name", "Alias": "n1", "Startup Cost": 0.0, "Total Cost": 0.57, "Plan Rows": 1, "Plan Width": 4, "Index Cond": "(id = an1.person_id)", "Filter": "(((name)::text ~~ '%Yo%'::text) AND ((name)::text !~~ '%Yu%'::text))"}]}]}, "Unique SQL Id": 3544391839, "Planner Runtime": 21}, "explain_analyze_plan": {"Plan": {"Node Type": "Aggregate", "Strategy": "Plain", "Startup Cost": 72594.9, "Total Cost": 72594.91, "Plan Rows": 1, "Plan Width": 97, "Actual Min Startup Time": 3413.734, "Actual Max Startup Time": 3413.734, "Actual Min Total Time": 3413.735, "Actual Max Total Time": 3413.735, "Plans": [{"Node Type": "Nested Loop", "Parent Relationship": "Outer", "Join Type": "Inner", "Startup Cost": 71730.1, "Total Cost": 72594.42, "Plan Rows": 96, "Plan Width": 33, "Actual Min Startup Time": 3352.108, "Actual Max Startup Time": 3352.108, "Actual Min Total Time": 3413.549, "Actual Max Total Time": 3413.549, "Inner Unique": true, "Plans": [{"Node Type": "Nested Loop", "Parent Relationship": "Outer", "Join Type": "Inner", "Startup Cost": 71730.1, "Total Cost": 72218.88, "Plan Rows": 645, "Plan Width": 41, "Actual Min Startup Time": 3301.142, "Actual Max Startup Time": 3301.142, "Actual Min Total Time": 3345.473, "Actual Max Total Time": 3345.473, "Inner Unique": false, "Plans": [{"Node Type": "Merge Join", "Parent Relationship": "Outer", "Join Type": "Inner", "Startup Cost": 71730.1, "Total Cost": 71764.66, "Plan Rows": 532, "Plan Width": 21, "Actual Min Startup Time": 3301.116, "Actual Max Startup Time": 3301.116, "Actual Min Total Time": 3304.992, "Actual Max Total Time": 3304.992, "Inner Unique": false, "Merge Cond": "(rt.id = ci.role_id)", "Plans": [{"Node Type": "Sort", "Parent Relationship": "Outer", "Startup Cost": 1.16, "Total Cost": 1.16, "Plan Rows": 1, "Plan Width": 4, "Actual Min Startup Time": 0.065, "Actual Max Startup Time": 0.065, "Actual Min Total Time": 0.065, "Actual Max Total Time": 0.065, "Sort Key": ["rt.id"], "Sort Method": "quicksort", "Sort Space Min Used": 25, "Sort Space Max Used": 25, "Sort Space Type": "Memory", "Plans": [{"Node Type": "Seq Scan", "Parent Relationship": "Outer", "Relation Name": "role_type", "Alias": "rt", "Startup Cost": 0.0, "Total Cost": 1.15, "Plan Rows": 1, "Plan Width": 4, "Actual Min Startup Time": 0.035, "Actual Max Startup Time": 0.035, "Actual Min Total Time": 0.039, "Actual Max Total Time": 0.039, "Filter": "((role)::text = 'actress'::text)", "Rows Removed by Filter": 11, "Actual Rows": 1}], "Actual Rows": 1}, {"Node Type": "Sort", "Parent Relationship": "Inner", "Startup Cost": 71728.94, "Total Cost": 71743.56, "Plan Rows": 5847, "Plan Width": 25, "Actual Min Startup Time": 3297.386, "Actual Max Startup Time": 3297.386, "Actual Min Total Time": 3300.623, "Actual Max Total Time": 3300.623, "Sort Key": ["ci.role_id"], "Sort Method": "quicksort", "Sort Space Min Used": 2817, "Sort Space Max Used": 2817, "Sort Space Type": "Memory", "Plans": [{"Node Type": "Nested Loop", "Parent Relationship": "Outer", "Join Type": "Inner", "Startup Cost": 0.0, "Total Cost": 71363.11, "Plan Rows": 5847, "Plan Width": 25, "Actual Min Startup Time": 16.385, "Actual Max Startup Time": 16.385, "Actual Min Total Time": 3289.846, "Actual Max Total Time": 3289.846, "Inner Unique": false, "Plans": [{"Node Type": "Nested Loop", "Parent Relationship": "Outer", "Join Type": "Inner", "Startup Cost": 0.0, "Total Cost": 65620.52, "Plan Rows": 5775, "Plan Width": 25, "Actual Min Startup Time": 15.532, "Actual Max Startup Time": 15.532, "Actual Min Total Time": 521.554, "Actual Max Total Time": 521.554, "Inner Unique": true, "Plans": [{"Node Type": "Nested Loop", "Parent Relationship": "Outer", "Join Type": "Inner", "Startup Cost": 0.0, "Total Cost": 42973.42, "Plan Rows": 5775, "Plan Width": 4, "Actual Min Startup Time": 15.516, "Actual Max Startup Time": 15.516, "Actual Min Total Time": 276.452, "Actual Max Total Time": 276.452, "Inner Unique": true, "Plans": [{"Node Type": "Streaming(type: LOCAL GATHER dop: 1/16)", "Parent Relationship": "Outer", "Startup Cost": 0.0, "Total Cost": 19215.08, "Plan Rows": 36426, "Plan Width": 8, "Actual Min Startup Time": 15.45, "Actual Max Startup Time": 15.45, "Actual Min Total Time": 37.08, "Actual Max Total Time": 37.08, "Plans": [{"Node Type": "Seq Scan", "Parent Relationship": "Outer", "Relation Name": "movie_companies", "Alias": "mc", "Startup Cost": 0.0, "Total Cost": 18428.93, "Plan Rows": 36426, "Plan Width": 8, "Actual Min Startup Time": 0.041, "Actual Max Startup Time": 0.391, "Actual Min Total Time": 53.864, "Actual Max Total Time": 61.285, "Filter": "(((note)::text ~~ '%(Japan)%'::text) AND ((note)::text !~~ '%(USA)%'::text))", "Rows Removed by Filter": 2560231, "Actual Rows": 48897}], "Actual Rows": 48897}, {"Node Type": "Index Scan", "Parent Relationship": "Inner", "Scan Direction": "Forward", "Index Name": "company_name_pkey", "Relation Name": "company_name", "Alias": "cn", "Startup Cost": 0.0, "Total Cost": 0.64, "Plan Rows": 1, "Plan Width": 4, "Actual Min Startup Time": 195.556, "Actual Max Startup Time": 195.556, "Actual Min Total Time": 195.556, "Actual Max Total Time": 195.556, "Index Cond": "(id = mc.company_id)", "Rows Removed by Index Recheck": 0, "Filter": "((country_code)::text = '[jp]'::text)", "Rows Removed by Filter": 569, "Actual Rows": 48328}], "Actual Rows": 48328}, {"Node Type": "Index Scan", "Parent Relationship": "Inner", "Scan Direction": "Forward", "Index Name": "title_pkey", "Relation Name": "title", "Alias": "t", "Startup Cost": 0.0, "Total Cost": 3.91, "Plan Rows": 1, "Plan Width": 21, "Actual Min Startup Time": 203.886, "Actual Max Startup Time": 203.886, "Actual Min Total Time": 203.886, "Actual Max Total Time": 203.886, "Index Cond": "(id = mc.movie_id)", "Rows Removed by Index Recheck": 0, "Actual Rows": 48328}], "Actual Rows": 48328}, {"Node Type": "Index Scan", "Parent Relationship": "Inner", "Scan Direction": "Forward", "Index Name": "movie_id_cast_info", "Relation Name": "cast_info", "Alias": "ci", "Startup Cost": 0.0, "Total Cost": 0.98, "Plan Rows": 1, "Plan Width": 12, "Actual Min Startup Time": 2613.575, "Actual Max Startup Time": 2613.575, "Actual Min Total Time": 2736.796, "Actual Max Total Time": 2736.796, "Index Cond": "(movie_id = t.id)", "Rows Removed by Index Recheck": 0, "Filter": "((note)::text = '(voice: English version)'::text)", "Rows Removed by Filter": 1531710, "Actual Rows": 19600}], "Actual Rows": 19600}], "Actual Rows": 19600}], "Actual Rows": 7438}, {"Node Type": "Index Scan", "Parent Relationship": "Inner", "Scan Direction": "Forward", "Index Name": "person_id_aka_name", "Relation Name": "aka_name", "Alias": "an1", "Startup Cost": 0.0, "Total Cost": 0.84, "Plan Rows": 1, "Plan Width": 20, "Actual Min Startup Time": 25.53, "Actual Max Startup Time": 25.53, "Actual Min Total Time": 32.819, "Actual Max Total Time": 32.819, "Index Cond": "(person_id = ci.person_id)", "Rows Removed by Index Recheck": 0, "Actual Rows": 17379}], "Actual Rows": 17379}, {"Node Type": "Index Scan", "Parent Relationship": "Inner", "Scan Direction": "Forward", "Index Name": "name_pkey", "Relation Name": "name", "Alias": "n1", "Startup Cost": 0.0, "Total Cost": 0.57, "Plan Rows": 1, "Plan Width": 4, "Actual Min Startup Time": 59.453, "Actual Max Startup Time": 59.453, "Actual Min Total Time": 59.453, "Actual Max Total Time": 59.453, "Index Cond": "(id = an1.person_id)", "Rows Removed by Index Recheck": 0, "Filter": "(((name)::text ~~ '%Yo%'::text) AND ((name)::text !~~ '%Yu%'::text))", "Rows Removed by Filter": 17317, "Actual Rows": 62}], "Actual Rows": 62}], "Actual Rows": 1}, "Triggers": [], "Planner Runtime": 21, "Total Runtime": 3416.768, "Unique SQL Id": 3544391839}}, "(16, 81)": {"explain_plan": {"Plan": {"Node Type": "Aggregate", "Strategy": "Plain", "Startup Cost": 109335.41, "Total Cost": 109335.42, "Plan Rows": 1, "Plan Width": 97, "Plans": [{"Node Type": "Nested Loop", "Parent Relationship": "Outer", "Join Type": "Inner", "Startup Cost": 108458.16, "Total Cost": 109334.93, "Plan Rows": 96, "Plan Width": 33, "Inner Unique": true, "Plans": [{"Node Type": "Nested Loop", "Parent Relationship": "Outer", "Join Type": "Inner", "Startup Cost": 108458.16, "Total Cost": 108959.39, "Plan Rows": 645, "Plan Width": 41, "Inner Unique": false, "Plans": [{"Node Type": "Merge Join", "Parent Relationship": "Outer", "Join Type": "Inner", "Startup Cost": 108458.16, "Total Cost": 108505.18, "Plan Rows": 532, "Plan Width": 21, "Inner Unique": false, "Merge Cond": "(rt.id = ci.role_id)", "Plans": [{"Node Type": "Index Scan", "Parent Relationship": "Outer", "Scan Direction": "Forward", "Index Name": "role_type_pkey", "Relation Name": "role_type", "Alias": "rt", "Startup Cost": 0.0, "Total Cost": 12.46, "Plan Rows": 1, "Plan Width": 4, "Filter": "((role)::text = 'actress'::text)"}, {"Node Type": "Sort", "Parent Relationship": "Inner", "Startup Cost": 108458.16, "Total Cost": 108472.78, "Plan Rows": 5847, "Plan Width": 25, "Sort Key": ["ci.role_id"], "Plans": [{"Node Type": "Nested Loop", "Parent Relationship": "Outer", "Join Type": "Inner", "Startup Cost": 2780.8, "Total Cost": 108092.33, "Plan Rows": 5847, "Plan Width": 25, "Inner Unique": false, "Plans": [{"Node Type": "Nested Loop", "Parent Relationship": "Outer", "Join Type": "Inner", "Startup Cost": 2780.8, "Total Cost": 102349.74, "Plan Rows": 5775, "Plan Width": 25, "Inner Unique": true, "Plans": [{"Node Type": "Nested Loop", "Parent Relationship": "Outer", "Join Type": "Inner", "Startup Cost": 2780.8, "Total Cost": 79702.64, "Plan Rows": 5775, "Plan Width": 4, "Inner Unique": false, "Plans": [{"Node Type": "Bitmap Heap Scan", "Parent Relationship": "Outer", "Relation Name": "company_name", "Alias": "cn", "Startup Cost": 2780.8, "Total Cost": 8684.25, "Plan Rows": 6290, "Plan Width": 4, "Filter": "((country_code)::text = '[jp]'::text)", "Plans": [{"Node Type": "Bitmap Index Scan", "Parent Relationship": "Outer", "Index Name": "company_name_pkey", "Startup Cost": 0.0, "Total Cost": 2779.23, "Plan Rows": 234996, "Plan Width": 0}]}, {"Node Type": "Index Scan", "Parent Relationship": "Inner", "Scan Direction": "Forward", "Index Name": "company_id_movie_companies", "Relation Name": "movie_companies", "Alias": "mc", "Startup Cost": 0.0, "Total Cost": 11.28, "Plan Rows": 1, "Plan Width": 8, "Index Cond": "(company_id = cn.id)", "Filter": "(((note)::text ~~ '%(Japan)%'::text) AND ((note)::text !~~ '%(USA)%'::text))"}]}, {"Node Type": "Index Scan", "Parent Relationship": "Inner", "Scan Direction": "Forward", "Index Name": "title_pkey", "Relation Name": "title", "Alias": "t", "Startup Cost": 0.0, "Total Cost": 3.91, "Plan Rows": 1, "Plan Width": 21, "Index Cond": "(id = mc.movie_id)"}]}, {"Node Type": "Index Scan", "Parent Relationship": "Inner", "Scan Direction": "Forward", "Index Name": "movie_id_cast_info", "Relation Name": "cast_info", "Alias": "ci", "Startup Cost": 0.0, "Total Cost": 0.98, "Plan Rows": 1, "Plan Width": 12, "Index Cond": "(movie_id = t.id)", "Filter": "((note)::text = '(voice: English version)'::text)"}]}]}]}, {"Node Type": "Index Scan", "Parent Relationship": "Inner", "Scan Direction": "Forward", "Index Name": "person_id_aka_name", "Relation Name": "aka_name", "Alias": "an1", "Startup Cost": 0.0, "Total Cost": 0.84, "Plan Rows": 1, "Plan Width": 20, "Index Cond": "(person_id = ci.person_id)"}]}, {"Node Type": "Index Scan", "Parent Relationship": "Inner", "Scan Direction": "Forward", "Index Name": "name_pkey", "Relation Name": "name", "Alias": "n1", "Startup Cost": 0.0, "Total Cost": 0.57, "Plan Rows": 1, "Plan Width": 4, "Index Cond": "(id = an1.person_id)", "Filter": "(((name)::text ~~ '%Yo%'::text) AND ((name)::text !~~ '%Yu%'::text))"}]}]}, "Unique SQL Id": 3544391839, "Planner Runtime": 26}, "explain_analyze_plan": {"Plan": {"Node Type": "Aggregate", "Strategy": "Plain", "Startup Cost": 109335.41, "Total Cost": 109335.42, "Plan Rows": 1, "Plan Width": 97, "Actual Startup Time": 3817.271, "Actual Total Time": 3817.272, "Actual Rows": 1, "Actual Loops": 1, "Plans": [{"Node Type": "Nested Loop", "Parent Relationship": "Outer", "Join Type": "Inner", "Startup Cost": 108458.16, "Total Cost": 109334.93, "Plan Rows": 96, "Plan Width": 33, "Actual Startup Time": 3718.944, "Actual Total Time": 3817.176, "Actual Rows": 62, "Actual Loops": 1, "Inner Unique": true, "Plans": [{"Node Type": "Nested Loop", "Parent Relationship": "Outer", "Join Type": "Inner", "Startup Cost": 108458.16, "Total Cost": 108959.39, "Plan Rows": 645, "Plan Width": 41, "Actual Startup Time": 3705.291, "Actual Total Time": 3747.896, "Actual Rows": 17379, "Actual Loops": 1, "Inner Unique": false, "Plans": [{"Node Type": "Merge Join", "Parent Relationship": "Outer", "Join Type": "Inner", "Startup Cost": 108458.16, "Total Cost": 108505.18, "Plan Rows": 532, "Plan Width": 21, "Actual Startup Time": 3705.249, "Actual Total Time": 3708.885, "Actual Rows": 7438, "Actual Loops": 1, "Inner Unique": false, "Merge Cond": "(rt.id = ci.role_id)", "Plans": [{"Node Type": "Index Scan", "Parent Relationship": "Outer", "Scan Direction": "Forward", "Index Name": "role_type_pkey", "Relation Name": "role_type", "Alias": "rt", "Startup Cost": 0.0, "Total Cost": 12.46, "Plan Rows": 1, "Plan Width": 4, "Actual Startup Time": 0.014, "Actual Total Time": 0.025, "Actual Rows": 1, "Actual Loops": 1, "Filter": "((role)::text = 'actress'::text)", "Rows Removed by Filter": 11}, {"Node Type": "Sort", "Parent Relationship": "Inner", "Startup Cost": 108458.16, "Total Cost": 108472.78, "Plan Rows": 5847, "Plan Width": 25, "Actual Startup Time": 3701.549, "Actual Total Time": 3704.625, "Actual Rows": 19600, "Actual Loops": 1, "Sort Key": ["ci.role_id"], "Sort Method": "quicksort", "Sort Space Used": 2817, "Sort Space Type": "Memory", "Plans": [{"Node Type": "Nested Loop", "Parent Relationship": "Outer", "Join Type": "Inner", "Startup Cost": 2780.8, "Total Cost": 108092.33, "Plan Rows": 5847, "Plan Width": 25, "Actual Startup Time": 20.927, "Actual Total Time": 3693.92, "Actual Rows": 19600, "Actual Loops": 1, "Inner Unique": false, "Plans": [{"Node Type": "Nested Loop", "Parent Relationship": "Outer", "Join Type": "Inner", "Startup Cost": 2780.8, "Total Cost": 102349.74, "Plan Rows": 5775, "Plan Width": 25, "Actual Startup Time": 20.861, "Actual Total Time": 693.043, "Actual Rows": 48328, "Actual Loops": 1, "Inner Unique": true, "Plans": [{"Node Type": "Nested Loop", "Parent Relationship": "Outer", "Join Type": "Inner", "Startup Cost": 2780.8, "Total Cost": 79702.64, "Plan Rows": 5775, "Plan Width": 4, "Actual Startup Time": 20.842, "Actual Total Time": 373.763, "Actual Rows": 48328, "Actual Loops": 1, "Inner Unique": false, "Plans": [{"Node Type": "Bitmap Heap Scan", "Parent Relationship": "Outer", "Relation Name": "company_name", "Alias": "cn", "Startup Cost": 2780.8, "Total Cost": 8684.25, "Plan Rows": 6290, "Plan Width": 4, "Actual Startup Time": 20.781, "Actual Total Time": 133.198, "Actual Rows": 6752, "Actual Loops": 1, "Filter": "((country_code)::text = '[jp]'::text)", "Rows Removed by Filter": 228244, "Exact Heap Blocks": 2966, "Lossy Heap Blocks": 2966, "Plans": [{"Node Type": "Bitmap Index Scan", "Parent Relationship": "Outer", "Index Name": "company_name_pkey", "Startup Cost": 0.0, "Total Cost": 2779.23, "Plan Rows": 234996, "Plan Width": 0, "Actual Startup Time": 20.288, "Actual Total Time": 20.288, "Actual Rows": 234996, "Actual Loops": 1}]}, {"Node Type": "Index Scan", "Parent Relationship": "Inner", "Scan Direction": "Forward", "Index Name": "company_id_movie_companies", "Relation Name": "movie_companies", "Alias": "mc", "Startup Cost": 0.0, "Total Cost": 11.28, "Plan Rows": 1, "Plan Width": 8, "Actual Startup Time": 64.381, "Actual Total Time": 224.853, "Actual Rows": 48328, "Actual Loops": 6752, "Index Cond": "(company_id = cn.id)", "Rows Removed by Index Recheck": 0, "Filter": "(((note)::text ~~ '%(Japan)%'::text) AND ((note)::text !~~ '%(USA)%'::text))", "Rows Removed by Filter": 56667}]}, {"Node Type": "Index Scan", "Parent Relationship": "Inner", "Scan Direction": "Forward", "Index Name": "title_pkey", "Relation Name": "title", "Alias": "t", "Startup Cost": 0.0, "Total Cost": 3.91, "Plan Rows": 1, "Plan Width": 21, "Actual Startup Time": 276.975, "Actual Total Time": 276.975, "Actual Rows": 48328, "Actual Loops": 48328, "Index Cond": "(id = mc.movie_id)", "Rows Removed by Index Recheck": 0}]}, {"Node Type": "Index Scan", "Parent Relationship": "Inner", "Scan Direction": "Forward", "Index Name": "movie_id_cast_info", "Relation Name": "cast_info", "Alias": "ci", "Startup Cost": 0.0, "Total Cost": 0.98, "Plan Rows": 1, "Plan Width": 12, "Actual Startup Time": 2836.025, "Actual Total Time": 2970.037, "Actual Rows": 19600, "Actual Loops": 48328, "Index Cond": "(movie_id = t.id)", "Rows Removed by Index Recheck": 0, "Filter": "((note)::text = '(voice: English version)'::text)", "Rows Removed by Filter": 1531710}]}]}]}, {"Node Type": "Index Scan", "Parent Relationship": "Inner", "Scan Direction": "Forward", "Index Name": "person_id_aka_name", "Relation Name": "aka_name", "Alias": "an1", "Startup Cost": 0.0, "Total Cost": 0.84, "Plan Rows": 1, "Plan Width": 20, "Actual Startup Time": 24.232, "Actual Total Time": 31.401, "Actual Rows": 17379, "Actual Loops": 7438, "Index Cond": "(person_id = ci.person_id)", "Rows Removed by Index Recheck": 0}]}, {"Node Type": "Index Scan", "Parent Relationship": "Inner", "Scan Direction": "Forward", "Index Name": "name_pkey", "Relation Name": "name", "Alias": "n1", "Startup Cost": 0.0, "Total Cost": 0.57, "Plan Rows": 1, "Plan Width": 4, "Actual Startup Time": 60.915, "Actual Total Time": 60.915, "Actual Rows": 62, "Actual Loops": 17379, "Index Cond": "(id = an1.person_id)", "Rows Removed by Index Recheck": 0, "Filter": "(((name)::text ~~ '%Yo%'::text) AND ((name)::text !~~ '%Yu%'::text))", "Rows Removed by Filter": 17317}]}]}, "Triggers": [], "Planner Runtime": 26, "Total Runtime": 3817.671, "Unique SQL Id": 3544391839}}, "(16, 82)": {"explain_plan": {"Plan": {"Node Type": "Aggregate", "Strategy": "Plain", "Startup Cost": 166341.39, "Total Cost": 166341.4, "Plan Rows": 1, "Plan Width": 97, "Plans": [{"Node Type": "Nested Loop", "Parent Relationship": "Outer", "Join Type": "Inner", "Startup Cost": 161153.15, "Total Cost": 166338.16, "Plan Rows": 646, "Plan Width": 33, "Inner Unique": true, "Plans": [{"Node Type": "Nested Loop", "Parent Relationship": "Outer", "Join Type": "Inner", "Startup Cost": 161152.82, "Total Cost": 163529.57, "Plan Rows": 645, "Plan Width": 41, "Inner Unique": false, "Plans": [{"Node Type": "Merge Join", "Parent Relationship": "Outer", "Join Type": "Inner", "Startup Cost": 161152.44, "Total Cost": 161187.01, "Plan Rows": 532, "Plan Width": 21, "Inner Unique": false, "Merge Cond": "(rt.id = ci.role_id)", "Plans": [{"Node Type": "Sort", "Parent Relationship": "Outer", "Startup Cost": 1.16, "Total Cost": 1.16, "Plan Rows": 1, "Plan Width": 4, "Sort Key": ["rt.id"], "Plans": [{"Node Type": "Seq Scan", "Parent Relationship": "Outer", "Relation Name": "role_type", "Alias": "rt", "Startup Cost": 0.0, "Total Cost": 1.15, "Plan Rows": 1, "Plan Width": 4, "Filter": "((role)::text = 'actress'::text)"}]}, {"Node Type": "Sort", "Parent Relationship": "Inner", "Startup Cost": 161151.28, "Total Cost": 161165.9, "Plan Rows": 5847, "Plan Width": 25, "Sort Key": ["ci.role_id"], "Plans": [{"Node Type": "Nested Loop", "Parent Relationship": "Outer", "Join Type": "Inner", "Startup Cost": 5.16, "Total Cost": 160785.45, "Plan Rows": 5847, "Plan Width": 25, "Inner Unique": false, "Plans": [{"Node Type": "Nested Loop", "Parent Relationship": "Outer", "Join Type": "Inner", "Startup Cost": 4.65, "Total Cost": 134127.63, "Plan Rows": 5775, "Plan Width": 25, "Inner Unique": true, "Plans": [{"Node Type": "Nested Loop", "Parent Relationship": "Outer", "Join Type": "Inner", "Startup Cost": 3.37, "Total Cost": 103541.28, "Plan Rows": 5775, "Plan Width": 4, "Inner Unique": false, "Plans": [{"Node Type": "Seq Scan", "Parent Relationship": "Outer", "Relation Name": "company_name", "Alias": "cn", "Startup Cost": 0.0, "Total Cost": 5903.45, "Plan Rows": 6290, "Plan Width": 4, "Filter": "((country_code)::text = '[jp]'::text)"}, {"Node Type": "Bitmap Heap Scan", "Parent Relationship": "Inner", "Relation Name": "movie_companies", "Alias": "mc", "Startup Cost": 3.37, "Total Cost": 15.51, "Plan Rows": 1, "Plan Width": 8, "Recheck Cond": "(company_id = cn.id)", "Filter": "(((note)::text ~~ '%(Japan)%'::text) AND ((note)::text !~~ '%(USA)%'::text))", "Plans": [{"Node Type": "Bitmap Index Scan", "Parent Relationship": "Outer", "Index Name": "company_id_movie_companies", "Startup Cost": 0.0, "Total Cost": 3.37, "Plan Rows": 15, "Plan Width": 0, "Index Cond": "(company_id = cn.id)"}]}]}, {"Node Type": "Bitmap Heap Scan", "Parent Relationship": "Inner", "Relation Name": "title", "Alias": "t", "Startup Cost": 1.27, "Total Cost": 5.29, "Plan Rows": 1, "Plan Width": 21, "Recheck Cond": "(id = mc.movie_id)", "Plans": [{"Node Type": "Bitmap Index Scan", "Parent Relationship": "Outer", "Index Name": "title_pkey", "Startup Cost": 0.0, "Total Cost": 1.27, "Plan Rows": 1, "Plan Width": 0, "Index Cond": "(id = mc.movie_id)"}]}]}, {"Node Type": "Bitmap Heap Scan", "Parent Relationship": "Inner", "Relation Name": "cast_info", "Alias": "ci", "Startup Cost": 0.52, "Total Cost": 4.61, "Plan Rows": 1, "Plan Width": 12, "Recheck Cond": "(movie_id = t.id)", "Filter": "((note)::text = '(voice: English version)'::text)", "Plans": [{"Node Type": "Bitmap Index Scan", "Parent Relationship": "Outer", "Index Name": "movie_id_cast_info", "Startup Cost": 0.0, "Total Cost": 0.52, "Plan Rows": 6, "Plan Width": 0, "Index Cond": "(movie_id = t.id)"}]}]}]}]}, {"Node Type": "Bitmap Heap Scan", "Parent Relationship": "Inner", "Relation Name": "aka_name", "Alias": "an1", "Startup Cost": 0.38, "Total Cost": 4.39, "Plan Rows": 1, "Plan Width": 20, "Recheck Cond": "(person_id = ci.person_id)", "Plans": [{"Node Type": "Bitmap Index Scan", "Parent Relationship": "Outer", "Index Name": "person_id_aka_name", "Startup Cost": 0.0, "Total Cost": 0.38, "Plan Rows": 1, "Plan Width": 0, "Index Cond": "(person_id = ci.person_id)"}]}]}, {"Node Type": "Bitmap Heap Scan", "Parent Relationship": "Inner", "Relation Name": "name", "Alias": "n1", "Startup Cost": 0.33, "Total Cost": 4.34, "Plan Rows": 1, "Plan Width": 4, "Recheck Cond": "(id = an1.person_id)", "Filter": "(((name)::text ~~ '%Yo%'::text) AND ((name)::text !~~ '%Yu%'::text))", "Plans": [{"Node Type": "Bitmap Index Scan", "Parent Relationship": "Outer", "Index Name": "name_pkey", "Startup Cost": 0.0, "Total Cost": 0.33, "Plan Rows": 1, "Plan Width": 0, "Index Cond": "(id = an1.person_id)"}]}]}]}, "Unique SQL Id": 3544391839, "Planner Runtime": 28}, "explain_analyze_plan": {"Plan": {"Node Type": "Aggregate", "Strategy": "Plain", "Startup Cost": 166341.39, "Total Cost": 166341.4, "Plan Rows": 1, "Plan Width": 97, "Actual Startup Time": 5138.859, "Actual Total Time": 5138.859, "Actual Rows": 1, "Actual Loops": 1, "Plans": [{"Node Type": "Nested Loop", "Parent Relationship": "Outer", "Join Type": "Inner", "Startup Cost": 161153.15, "Total Cost": 166338.16, "Plan Rows": 646, "Plan Width": 33, "Actual Startup Time": 5005.778, "Actual Total Time": 5138.747, "Actual Rows": 62, "Actual Loops": 1, "Inner Unique": true, "Plans": [{"Node Type": "Nested Loop", "Parent Relationship": "Outer", "Join Type": "Inner", "Startup Cost": 161152.82, "Total Cost": 163529.57, "Plan Rows": 645, "Plan Width": 41, "Actual Startup Time": 4987.244, "Actual Total Time": 5043.769, "Actual Rows": 17379, "Actual Loops": 1, "Inner Unique": false, "Plans": [{"Node Type": "Merge Join", "Parent Relationship": "Outer", "Join Type": "Inner", "Startup Cost": 161152.44, "Total Cost": 161187.01, "Plan Rows": 532, "Plan Width": 21, "Actual Startup Time": 4987.171, "Actual Total Time": 4991.113, "Actual Rows": 7438, "Actual Loops": 1, "Inner Unique": false, "Merge Cond": "(rt.id = ci.role_id)", "Plans": [{"Node Type": "Sort", "Parent Relationship": "Outer", "Startup Cost": 1.16, "Total Cost": 1.16, "Plan Rows": 1, "Plan Width": 4, "Actual Startup Time": 0.041, "Actual Total Time": 0.041, "Actual Rows": 1, "Actual Loops": 1, "Sort Key": ["rt.id"], "Sort Method": "quicksort", "Sort Space Used": 25, "Sort Space Type": "Memory", "Plans": [{"Node Type": "Seq Scan", "Parent Relationship": "Outer", "Relation Name": "role_type", "Alias": "rt", "Startup Cost": 0.0, "Total Cost": 1.15, "Plan Rows": 1, "Plan Width": 4, "Actual Startup Time": 0.023, "Actual Total Time": 0.026, "Actual Rows": 1, "Actual Loops": 1, "Filter": "((role)::text = 'actress'::text)", "Rows Removed by Filter": 11}]}, {"Node Type": "Sort", "Parent Relationship": "Inner", "Startup Cost": 161151.28, "Total Cost": 161165.9, "Plan Rows": 5847, "Plan Width": 25, "Actual Startup Time": 4983.568, "Actual Total Time": 4986.546, "Actual Rows": 19600, "Actual Loops": 1, "Sort Key": ["ci.role_id"], "Sort Method": "quicksort", "Sort Space Used": 2817, "Sort Space Type": "Memory", "Plans": [{"Node Type": "Nested Loop", "Parent Relationship": "Outer", "Join Type": "Inner", "Startup Cost": 5.16, "Total Cost": 160785.45, "Plan Rows": 5847, "Plan Width": 25, "Actual Startup Time": 0.221, "Actual Total Time": 4976.179, "Actual Rows": 19600, "Actual Loops": 1, "Inner Unique": false, "Plans": [{"Node Type": "Nested Loop", "Parent Relationship": "Outer", "Join Type": "Inner", "Startup Cost": 4.65, "Total Cost": 134127.63, "Plan Rows": 5775, "Plan Width": 25, "Actual Startup Time": 0.123, "Actual Total Time": 842.211, "Actual Rows": 48328, "Actual Loops": 1, "Inner Unique": true, "Plans": [{"Node Type": "Nested Loop", "Parent Relationship": "Outer", "Join Type": "Inner", "Startup Cost": 3.37, "Total Cost": 103541.28, "Plan Rows": 5775, "Plan Width": 4, "Actual Startup Time": 0.104, "Actual Total Time": 390.363, "Actual Rows": 48328, "Actual Loops": 1, "Inner Unique": false, "Plans": [{"Node Type": "Seq Scan", "Parent Relationship": "Outer", "Relation Name": "company_name", "Alias": "cn", "Startup Cost": 0.0, "Total Cost": 5903.45, "Plan Rows": 6290, "Plan Width": 4, "Actual Startup Time": 0.034, "Actual Total Time": 86.239, "Actual Rows": 6752, "Actual Loops": 1, "Filter": "((country_code)::text = '[jp]'::text)", "Rows Removed by Filter": 228244}, {"Node Type": "Bitmap Heap Scan", "Parent Relationship": "Inner", "Relation Name": "movie_companies", "Alias": "mc", "Startup Cost": 3.37, "Total Cost": 15.51, "Plan Rows": 1, "Plan Width": 8, "Actual Startup Time": 102.838, "Actual Total Time": 281.744, "Actual Rows": 48328, "Actual Loops": 6752, "Recheck Cond": "(company_id = cn.id)", "Rows Removed by Index Recheck": 0, "Filter": "(((note)::text ~~ '%(Japan)%'::text) AND ((note)::text !~~ '%(USA)%'::text))", "Rows Removed by Filter": 56667, "Exact Heap Blocks": 61861, "Lossy Heap Blocks": 61861, "Plans": [{"Node Type": "Bitmap Index Scan", "Parent Relationship": "Outer", "Index Name": "company_id_movie_companies", "Startup Cost": 0.0, "Total Cost": 3.37, "Plan Rows": 15, "Plan Width": 0, "Actual Startup Time": 54.27, "Actual Total Time": 54.27, "Actual Rows": 104995, "Actual Loops": 6752, "Index Cond": "(company_id = cn.id)"}]}]}, {"Node Type": "Bitmap Heap Scan", "Parent Relationship": "Inner", "Relation Name": "title", "Alias": "t", "Startup Cost": 1.27, "Total Cost": 5.29, "Plan Rows": 1, "Plan Width": 21, "Actual Startup Time": 377.446, "Actual Total Time": 377.446, "Actual Rows": 48328, "Actual Loops": 48328, "Recheck Cond": "(id = mc.movie_id)", "Rows Removed by Index Recheck": 0, "Exact Heap Blocks": 48328, "Lossy Heap Blocks": 48328, "Plans": [{"Node Type": "Bitmap Index Scan", "Parent Relationship": "Outer", "Index Name": "title_pkey", "Startup Cost": 0.0, "Total Cost": 1.27, "Plan Rows": 1, "Plan Width": 0, "Actual Startup Time": 216.633, "Actual Total Time": 216.633, "Actual Rows": 48328, "Actual Loops": 48328, "Index Cond": "(id = mc.movie_id)"}]}]}, {"Node Type": "Bitmap Heap Scan", "Parent Relationship": "Inner", "Relation Name": "cast_info", "Alias": "ci", "Startup Cost": 0.52, "Total Cost": 4.61, "Plan Rows": 1, "Plan Width": 12, "Actual Startup Time": 3901.607, "Actual Total Time": 4062.806, "Actual Rows": 19600, "Actual Loops": 48328, "Recheck Cond": "(movie_id = t.id)", "Rows Removed by Index Recheck": 0, "Filter": "((note)::text = '(voice: English version)'::text)", "Rows Removed by Filter": 1531710, "Exact Heap Blocks": 1503105, "Lossy Heap Blocks": 1503105, "Plans": [{"Node Type": "Bitmap Index Scan", "Parent Relationship": "Outer", "Index Name": "movie_id_cast_info", "Startup Cost": 0.0, "Total Cost": 0.52, "Plan Rows": 6, "Plan Width": 0, "Actual Startup Time": 558.755, "Actual Total Time": 558.755, "Actual Rows": 1551310, "Actual Loops": 48328, "Index Cond": "(movie_id = t.id)"}]}]}]}]}, {"Node Type": "Bitmap Heap Scan", "Parent Relationship": "Inner", "Relation Name": "aka_name", "Alias": "an1", "Startup Cost": 0.38, "Total Cost": 4.39, "Plan Rows": 1, "Plan Width": 20, "Actual Startup Time": 35.747, "Actual Total Time": 40.302, "Actual Rows": 17379, "Actual Loops": 7438, "Recheck Cond": "(person_id = ci.person_id)", "Rows Removed by Index Recheck": 0, "Exact Heap Blocks": 6514, "Lossy Heap Blocks": 6514, "Plans": [{"Node Type": "Bitmap Index Scan", "Parent Relationship": "Outer", "Index Name": "person_id_aka_name", "Startup Cost": 0.0, "Total Cost": 0.38, "Plan Rows": 1, "Plan Width": 0, "Actual Startup Time": 23.437, "Actual Total Time": 23.437, "Actual Rows": 17379, "Actual Loops": 7438, "Index Cond": "(person_id = ci.person_id)"}]}]}, {"Node Type": "Bitmap Heap Scan", "Parent Relationship": "Inner", "Relation Name": "name", "Alias": "n1", "Startup Cost": 0.33, "Total Cost": 4.34, "Plan Rows": 1, "Plan Width": 4, "Actual Startup Time": 75.691, "Actual Total Time": 75.691, "Actual Rows": 62, "Actual Loops": 17379, "Recheck Cond": "(id = an1.person_id)", "Rows Removed by Index Recheck": 0, "Filter": "(((name)::text ~~ '%Yo%'::text) AND ((name)::text !~~ '%Yu%'::text))", "Rows Removed by Filter": 17317, "Exact Heap Blocks": 17379, "Lossy Heap Blocks": 17379, "Plans": [{"Node Type": "Bitmap Index Scan", "Parent Relationship": "Outer", "Index Name": "name_pkey", "Startup Cost": 0.0, "Total Cost": 0.33, "Plan Rows": 1, "Plan Width": 0, "Actual Startup Time": 44.097, "Actual Total Time": 44.097, "Actual Rows": 17379, "Actual Loops": 17379, "Index Cond": "(id = an1.person_id)"}]}]}]}, "Triggers": [], "Planner Runtime": 28, "Total Runtime": 5139.298, "Unique SQL Id": 3544391839}}, "(16, 83)": {"explain_plan": {"Plan": {"Node Type": "Aggregate", "Strategy": "Plain", "Startup Cost": 169133.5, "Total Cost": 169133.51, "Plan Rows": 1, "Plan Width": 97, "Plans": [{"Node Type": "Nested Loop", "Parent Relationship": "Outer", "Join Type": "Inner", "Startup Cost": 163945.26, "Total Cost": 169130.27, "Plan Rows": 646, "Plan Width": 33, "Inner Unique": true, "Plans": [{"Node Type": "Nested Loop", "Parent Relationship": "Outer", "Join Type": "Inner", "Startup Cost": 163944.94, "Total Cost": 166321.69, "Plan Rows": 645, "Plan Width": 41, "Inner Unique": false, "Plans": [{"Node Type": "Merge Join", "Parent Relationship": "Outer", "Join Type": "Inner", "Startup Cost": 163944.56, "Total Cost": 163979.12, "Plan Rows": 532, "Plan Width": 21, "Inner Unique": false, "Merge Cond": "(rt.id = ci.role_id)", "Plans": [{"Node Type": "Sort", "Parent Relationship": "Outer", "Startup Cost": 12.47, "Total Cost": 12.48, "Plan Rows": 1, "Plan Width": 4, "Sort Key": ["rt.id"], "Plans": [{"Node Type": "Bitmap Heap Scan", "Parent Relationship": "Outer", "Relation Name": "role_type", "Alias": "rt", "Startup Cost": 8.31, "Total Cost": 12.46, "Plan Rows": 1, "Plan Width": 4, "Filter": "((role)::text = 'actress'::text)", "Plans": [{"Node Type": "Bitmap Index Scan", "Parent Relationship": "Outer", "Index Name": "role_type_pkey", "Startup Cost": 0.0, "Total Cost": 8.31, "Plan Rows": 12, "Plan Width": 0}]}]}, {"Node Type": "Sort", "Parent Relationship": "Inner", "Startup Cost": 163932.09, "Total Cost": 163946.7, "Plan Rows": 5847, "Plan Width": 25, "Sort Key": ["ci.role_id"], "Plans": [{"Node Type": "Nested Loop", "Parent Relationship": "Outer", "Join Type": "Inner", "Startup Cost": 2785.97, "Total Cost": 163566.25, "Plan Rows": 5847, "Plan Width": 25, "Inner Unique": false, "Plans": [{"Node Type": "Nested Loop", "Parent Relationship": "Outer", "Join Type": "Inner", "Startup Cost": 2785.45, "Total Cost": 136908.44, "Plan Rows": 5775, "Plan Width": 25, "Inner Unique": true, "Plans": [{"Node Type": "Nested Loop", "Parent Relationship": "Outer", "Join Type": "Inner", "Startup Cost": 2784.18, "Total Cost": 106322.09, "Plan Rows": 5775, "Plan Width": 4, "Inner Unique": false, "Plans": [{"Node Type": "Bitmap Heap Scan", "Parent Relationship": "Outer", "Relation Name": "company_name", "Alias": "cn", "Startup Cost": 2780.8, "Total Cost": 8684.25, "Plan Rows": 6290, "Plan Width": 4, "Filter": "((country_code)::text = '[jp]'::text)", "Plans": [{"Node Type": "Bitmap Index Scan", "Parent Relationship": "Outer", "Index Name": "company_name_pkey", "Startup Cost": 0.0, "Total Cost": 2779.23, "Plan Rows": 234996, "Plan Width": 0}]}, {"Node Type": "Bitmap Heap Scan", "Parent Relationship": "Inner", "Relation Name": "movie_companies", "Alias": "mc", "Startup Cost": 3.37, "Total Cost": 15.51, "Plan Rows": 1, "Plan Width": 8, "Recheck Cond": "(company_id = cn.id)", "Filter": "(((note)::text ~~ '%(Japan)%'::text) AND ((note)::text !~~ '%(USA)%'::text))", "Plans": [{"Node Type": "Bitmap Index Scan", "Parent Relationship": "Outer", "Index Name": "company_id_movie_companies", "Startup Cost": 0.0, "Total Cost": 3.37, "Plan Rows": 15, "Plan Width": 0, "Index Cond": "(company_id = cn.id)"}]}]}, {"Node Type": "Bitmap Heap Scan", "Parent Relationship": "Inner", "Relation Name": "title", "Alias": "t", "Startup Cost": 1.27, "Total Cost": 5.29, "Plan Rows": 1, "Plan Width": 21, "Recheck Cond": "(id = mc.movie_id)", "Plans": [{"Node Type": "Bitmap Index Scan", "Parent Relationship": "Outer", "Index Name": "title_pkey", "Startup Cost": 0.0, "Total Cost": 1.27, "Plan Rows": 1, "Plan Width": 0, "Index Cond": "(id = mc.movie_id)"}]}]}, {"Node Type": "Bitmap Heap Scan", "Parent Relationship": "Inner", "Relation Name": "cast_info", "Alias": "ci", "Startup Cost": 0.52, "Total Cost": 4.61, "Plan Rows": 1, "Plan Width": 12, "Recheck Cond": "(movie_id = t.id)", "Filter": "((note)::text = '(voice: English version)'::text)", "Plans": [{"Node Type": "Bitmap Index Scan", "Parent Relationship": "Outer", "Index Name": "movie_id_cast_info", "Startup Cost": 0.0, "Total Cost": 0.52, "Plan Rows": 6, "Plan Width": 0, "Index Cond": "(movie_id = t.id)"}]}]}]}]}, {"Node Type": "Bitmap Heap Scan", "Parent Relationship": "Inner", "Relation Name": "aka_name", "Alias": "an1", "Startup Cost": 0.38, "Total Cost": 4.39, "Plan Rows": 1, "Plan Width": 20, "Recheck Cond": "(person_id = ci.person_id)", "Plans": [{"Node Type": "Bitmap Index Scan", "Parent Relationship": "Outer", "Index Name": "person_id_aka_name", "Startup Cost": 0.0, "Total Cost": 0.38, "Plan Rows": 1, "Plan Width": 0, "Index Cond": "(person_id = ci.person_id)"}]}]}, {"Node Type": "Bitmap Heap Scan", "Parent Relationship": "Inner", "Relation Name": "name", "Alias": "n1", "Startup Cost": 0.33, "Total Cost": 4.34, "Plan Rows": 1, "Plan Width": 4, "Recheck Cond": "(id = an1.person_id)", "Filter": "(((name)::text ~~ '%Yo%'::text) AND ((name)::text !~~ '%Yu%'::text))", "Plans": [{"Node Type": "Bitmap Index Scan", "Parent Relationship": "Outer", "Index Name": "name_pkey", "Startup Cost": 0.0, "Total Cost": 0.33, "Plan Rows": 1, "Plan Width": 0, "Index Cond": "(id = an1.person_id)"}]}]}]}, "Unique SQL Id": 3544391839, "Planner Runtime": 26}, "explain_analyze_plan": {"Plan": {"Node Type": "Aggregate", "Strategy": "Plain", "Startup Cost": 169133.5, "Total Cost": 169133.51, "Plan Rows": 1, "Plan Width": 97, "Actual Startup Time": 4971.759, "Actual Total Time": 4971.759, "Actual Rows": 1, "Actual Loops": 1, "Plans": [{"Node Type": "Nested Loop", "Parent Relationship": "Outer", "Join Type": "Inner", "Startup Cost": 163945.26, "Total Cost": 169130.27, "Plan Rows": 646, "Plan Width": 33, "Actual Startup Time": 4839.447, "Actual Total Time": 4971.648, "Actual Rows": 62, "Actual Loops": 1, "Inner Unique": true, "Plans": [{"Node Type": "Nested Loop", "Parent Relationship": "Outer", "Join Type": "Inner", "Startup Cost": 163944.94, "Total Cost": 166321.69, "Plan Rows": 645, "Plan Width": 41, "Actual Startup Time": 4821.238, "Actual Total Time": 4877.293, "Actual Rows": 17379, "Actual Loops": 1, "Inner Unique": false, "Plans": [{"Node Type": "Merge Join", "Parent Relationship": "Outer", "Join Type": "Inner", "Startup Cost": 163944.56, "Total Cost": 163979.12, "Plan Rows": 532, "Plan Width": 21, "Actual Startup Time": 4821.169, "Actual Total Time": 4824.942, "Actual Rows": 7438, "Actual Loops": 1, "Inner Unique": false, "Merge Cond": "(rt.id = ci.role_id)", "Plans": [{"Node Type": "Sort", "Parent Relationship": "Outer", "Startup Cost": 12.47, "Total Cost": 12.48, "Plan Rows": 1, "Plan Width": 4, "Actual Startup Time": 0.064, "Actual Total Time": 0.065, "Actual Rows": 1, "Actual Loops": 1, "Sort Key": ["rt.id"], "Sort Method": "quicksort", "Sort Space Used": 25, "Sort Space Type": "Memory", "Plans": [{"Node Type": "Bitmap Heap Scan", "Parent Relationship": "Outer", "Relation Name": "role_type", "Alias": "rt", "Startup Cost": 8.31, "Total Cost": 12.46, "Plan Rows": 1, "Plan Width": 4, "Actual Startup Time": 0.044, "Actual Total Time": 0.047, "Actual Rows": 1, "Actual Loops": 1, "Filter": "((role)::text = 'actress'::text)", "Rows Removed by Filter": 11, "Exact Heap Blocks": 1, "Lossy Heap Blocks": 1, "Plans": [{"Node Type": "Bitmap Index Scan", "Parent Relationship": "Outer", "Index Name": "role_type_pkey", "Startup Cost": 0.0, "Total Cost": 8.31, "Plan Rows": 12, "Plan Width": 0, "Actual Startup Time": 0.012, "Actual Total Time": 0.012, "Actual Rows": 12, "Actual Loops": 1}]}]}, {"Node Type": "Sort", "Parent Relationship": "Inner", "Startup Cost": 163932.09, "Total Cost": 163946.7, "Plan Rows": 5847, "Plan Width": 25, "Actual Startup Time": 4817.464, "Actual Total Time": 4820.558, "Actual Rows": 19600, "Actual Loops": 1, "Sort Key": ["ci.role_id"], "Sort Method": "quicksort", "Sort Space Used": 2817, "Sort Space Type": "Memory", "Plans": [{"Node Type": "Nested Loop", "Parent Relationship": "Outer", "Join Type": "Inner", "Startup Cost": 2785.97, "Total Cost": 163566.25, "Plan Rows": 5847, "Plan Width": 25, "Actual Startup Time": 21.117, "Actual Total Time": 4809.874, "Actual Rows": 19600, "Actual Loops": 1, "Inner Unique": false, "Plans": [{"Node Type": "Nested Loop", "Parent Relationship": "Outer", "Join Type": "Inner", "Startup Cost": 2785.45, "Total Cost": 136908.44, "Plan Rows": 5775, "Plan Width": 25, "Actual Startup Time": 20.887, "Actual Total Time": 853.796, "Actual Rows": 48328, "Actual Loops": 1, "Inner Unique": true, "Plans": [{"Node Type": "Nested Loop", "Parent Relationship": "Outer", "Join Type": "Inner", "Startup Cost": 2784.18, "Total Cost": 106322.09, "Plan Rows": 5775, "Plan Width": 4, "Actual Startup Time": 20.865, "Actual Total Time": 425.114, "Actual Rows": 48328, "Actual Loops": 1, "Inner Unique": false, "Plans": [{"Node Type": "Bitmap Heap Scan", "Parent Relationship": "Outer", "Relation Name": "company_name", "Alias": "cn", "Startup Cost": 2780.8, "Total Cost": 8684.25, "Plan Rows": 6290, "Plan Width": 4, "Actual Startup Time": 20.786, "Actual Total Time": 133.635, "Actual Rows": 6752, "Actual Loops": 1, "Filter": "((country_code)::text = '[jp]'::text)", "Rows Removed by Filter": 228244, "Exact Heap Blocks": 2966, "Lossy Heap Blocks": 2966, "Plans": [{"Node Type": "Bitmap Index Scan", "Parent Relationship": "Outer", "Index Name": "company_name_pkey", "Startup Cost": 0.0, "Total Cost": 2779.23, "Plan Rows": 234996, "Plan Width": 0, "Actual Startup Time": 20.317, "Actual Total Time": 20.317, "Actual Rows": 234996, "Actual Loops": 1}]}, {"Node Type": "Bitmap Heap Scan", "Parent Relationship": "Inner", "Relation Name": "movie_companies", "Alias": "mc", "Startup Cost": 3.37, "Total Cost": 15.51, "Plan Rows": 1, "Plan Width": 8, "Actual Startup Time": 96.703, "Actual Total Time": 268.921, "Actual Rows": 48328, "Actual Loops": 6752, "Recheck Cond": "(company_id = cn.id)", "Rows Removed by Index Recheck": 0, "Filter": "(((note)::text ~~ '%(Japan)%'::text) AND ((note)::text !~~ '%(USA)%'::text))", "Rows Removed by Filter": 56667, "Exact Heap Blocks": 61861, "Lossy Heap Blocks": 61861, "Plans": [{"Node Type": "Bitmap Index Scan", "Parent Relationship": "Outer", "Index Name": "company_id_movie_companies", "Startup Cost": 0.0, "Total Cost": 3.37, "Plan Rows": 15, "Plan Width": 0, "Actual Startup Time": 51.273, "Actual Total Time": 51.273, "Actual Rows": 104995, "Actual Loops": 6752, "Index Cond": "(company_id = cn.id)"}]}]}, {"Node Type": "Bitmap Heap Scan", "Parent Relationship": "Inner", "Relation Name": "title", "Alias": "t", "Startup Cost": 1.27, "Total Cost": 5.29, "Plan Rows": 1, "Plan Width": 21, "Actual Startup Time": 352.029, "Actual Total Time": 352.029, "Actual Rows": 48328, "Actual Loops": 48328, "Recheck Cond": "(id = mc.movie_id)", "Rows Removed by Index Recheck": 0, "Exact Heap Blocks": 48328, "Lossy Heap Blocks": 48328, "Plans": [{"Node Type": "Bitmap Index Scan", "Parent Relationship": "Outer", "Index Name": "title_pkey", "Startup Cost": 0.0, "Total Cost": 1.27, "Plan Rows": 1, "Plan Width": 0, "Actual Startup Time": 205.31, "Actual Total Time": 205.31, "Actual Rows": 48328, "Actual Loops": 48328, "Index Cond": "(id = mc.movie_id)"}]}]}, {"Node Type": "Bitmap Heap Scan", "Parent Relationship": "Inner", "Relation Name": "cast_info", "Alias": "ci", "Startup Cost": 0.52, "Total Cost": 4.61, "Plan Rows": 1, "Plan Width": 12, "Actual Startup Time": 3729.287, "Actual Total Time": 3884.428, "Actual Rows": 19600, "Actual Loops": 48328, "Recheck Cond": "(movie_id = t.id)", "Rows Removed by Index Recheck": 0, "Filter": "((note)::text = '(voice: English version)'::text)", "Rows Removed by Filter": 1531710, "Exact Heap Blocks": 1503105, "Lossy Heap Blocks": 1503105, "Plans": [{"Node Type": "Bitmap Index Scan", "Parent Relationship": "Outer", "Index Name": "movie_id_cast_info", "Startup Cost": 0.0, "Total Cost": 0.52, "Plan Rows": 6, "Plan Width": 0, "Actual Startup Time": 541.505, "Actual Total Time": 541.505, "Actual Rows": 1551310, "Actual Loops": 48328, "Index Cond": "(movie_id = t.id)"}]}]}]}]}, {"Node Type": "Bitmap Heap Scan", "Parent Relationship": "Inner", "Relation Name": "aka_name", "Alias": "an1", "Startup Cost": 0.38, "Total Cost": 4.39, "Plan Rows": 1, "Plan Width": 20, "Actual Startup Time": 35.308, "Actual Total Time": 39.727, "Actual Rows": 17379, "Actual Loops": 7438, "Recheck Cond": "(person_id = ci.person_id)", "Rows Removed by Index Recheck": 0, "Exact Heap Blocks": 6514, "Lossy Heap Blocks": 6514, "Plans": [{"Node Type": "Bitmap Index Scan", "Parent Relationship": "Outer", "Index Name": "person_id_aka_name", "Startup Cost": 0.0, "Total Cost": 0.38, "Plan Rows": 1, "Plan Width": 0, "Actual Startup Time": 23.341, "Actual Total Time": 23.341, "Actual Rows": 17379, "Actual Loops": 7438, "Index Cond": "(person_id = ci.person_id)"}]}]}, {"Node Type": "Bitmap Heap Scan", "Parent Relationship": "Inner", "Relation Name": "name", "Alias": "n1", "Startup Cost": 0.33, "Total Cost": 4.34, "Plan Rows": 1, "Plan Width": 4, "Actual Startup Time": 75.004, "Actual Total Time": 75.004, "Actual Rows": 62, "Actual Loops": 17379, "Recheck Cond": "(id = an1.person_id)", "Rows Removed by Index Recheck": 0, "Filter": "(((name)::text ~~ '%Yo%'::text) AND ((name)::text !~~ '%Yu%'::text))", "Rows Removed by Filter": 17317, "Exact Heap Blocks": 17379, "Lossy Heap Blocks": 17379, "Plans": [{"Node Type": "Bitmap Index Scan", "Parent Relationship": "Outer", "Index Name": "name_pkey", "Startup Cost": 0.0, "Total Cost": 0.33, "Plan Rows": 1, "Plan Width": 0, "Actual Startup Time": 43.729, "Actual Total Time": 43.729, "Actual Rows": 17379, "Actual Loops": 17379, "Index Cond": "(id = an1.person_id)"}]}]}]}, "Triggers": [], "Planner Runtime": 25, "Total Runtime": 4972.341, "Unique SQL Id": 3544391839}}, "(16, 84)": {"explain_plan": {"Plan": {"Node Type": "Aggregate", "Strategy": "Plain", "Startup Cost": 72594.9, "Total Cost": 72594.91, "Plan Rows": 1, "Plan Width": 97, "Plans": [{"Node Type": "Nested Loop", "Parent Relationship": "Outer", "Join Type": "Inner", "Startup Cost": 71730.1, "Total Cost": 72594.42, "Plan Rows": 96, "Plan Width": 33, "Inner Unique": true, "Plans": [{"Node Type": "Nested Loop", "Parent Relationship": "Outer", "Join Type": "Inner", "Startup Cost": 71730.1, "Total Cost": 72218.88, "Plan Rows": 645, "Plan Width": 41, "Inner Unique": false, "Plans": [{"Node Type": "Merge Join", "Parent Relationship": "Outer", "Join Type": "Inner", "Startup Cost": 71730.1, "Total Cost": 71764.66, "Plan Rows": 532, "Plan Width": 21, "Inner Unique": false, "Merge Cond": "(rt.id = ci.role_id)", "Plans": [{"Node Type": "Sort", "Parent Relationship": "Outer", "Startup Cost": 1.16, "Total Cost": 1.16, "Plan Rows": 1, "Plan Width": 4, "Sort Key": ["rt.id"], "Plans": [{"Node Type": "Seq Scan", "Parent Relationship": "Outer", "Relation Name": "role_type", "Alias": "rt", "Startup Cost": 0.0, "Total Cost": 1.15, "Plan Rows": 1, "Plan Width": 4, "Filter": "((role)::text = 'actress'::text)"}]}, {"Node Type": "Sort", "Parent Relationship": "Inner", "Startup Cost": 71728.94, "Total Cost": 71743.56, "Plan Rows": 5847, "Plan Width": 25, "Sort Key": ["ci.role_id"], "Plans": [{"Node Type": "Nested Loop", "Parent Relationship": "Outer", "Join Type": "Inner", "Startup Cost": 0.0, "Total Cost": 71363.11, "Plan Rows": 5847, "Plan Width": 25, "Inner Unique": false, "Plans": [{"Node Type": "Nested Loop", "Parent Relationship": "Outer", "Join Type": "Inner", "Startup Cost": 0.0, "Total Cost": 65620.52, "Plan Rows": 5775, "Plan Width": 25, "Inner Unique": true, "Plans": [{"Node Type": "Nested Loop", "Parent Relationship": "Outer", "Join Type": "Inner", "Startup Cost": 0.0, "Total Cost": 42973.42, "Plan Rows": 5775, "Plan Width": 4, "Inner Unique": true, "Plans": [{"Node Type": "Streaming(type: LOCAL GATHER dop: 1/16)", "Parent Relationship": "Outer", "Startup Cost": 0.0, "Total Cost": 19215.08, "Plan Rows": 36426, "Plan Width": 8, "Plans": [{"Node Type": "Seq Scan", "Parent Relationship": "Outer", "Relation Name": "movie_companies", "Alias": "mc", "Startup Cost": 0.0, "Total Cost": 18428.93, "Plan Rows": 36426, "Plan Width": 8, "Filter": "(((note)::text ~~ '%(Japan)%'::text) AND ((note)::text !~~ '%(USA)%'::text))"}]}, {"Node Type": "Index Scan", "Parent Relationship": "Inner", "Scan Direction": "Forward", "Index Name": "company_name_pkey", "Relation Name": "company_name", "Alias": "cn", "Startup Cost": 0.0, "Total Cost": 0.64, "Plan Rows": 1, "Plan Width": 4, "Index Cond": "(id = mc.company_id)", "Filter": "((country_code)::text = '[jp]'::text)"}]}, {"Node Type": "Index Scan", "Parent Relationship": "Inner", "Scan Direction": "Forward", "Index Name": "title_pkey", "Relation Name": "title", "Alias": "t", "Startup Cost": 0.0, "Total Cost": 3.91, "Plan Rows": 1, "Plan Width": 21, "Index Cond": "(id = mc.movie_id)"}]}, {"Node Type": "Index Scan", "Parent Relationship": "Inner", "Scan Direction": "Forward", "Index Name": "movie_id_cast_info", "Relation Name": "cast_info", "Alias": "ci", "Startup Cost": 0.0, "Total Cost": 0.98, "Plan Rows": 1, "Plan Width": 12, "Index Cond": "(movie_id = t.id)", "Filter": "((note)::text = '(voice: English version)'::text)"}]}]}]}, {"Node Type": "Index Scan", "Parent Relationship": "Inner", "Scan Direction": "Forward", "Index Name": "person_id_aka_name", "Relation Name": "aka_name", "Alias": "an1", "Startup Cost": 0.0, "Total Cost": 0.84, "Plan Rows": 1, "Plan Width": 20, "Index Cond": "(person_id = ci.person_id)"}]}, {"Node Type": "Index Scan", "Parent Relationship": "Inner", "Scan Direction": "Forward", "Index Name": "name_pkey", "Relation Name": "name", "Alias": "n1", "Startup Cost": 0.0, "Total Cost": 0.57, "Plan Rows": 1, "Plan Width": 4, "Index Cond": "(id = an1.person_id)", "Filter": "(((name)::text ~~ '%Yo%'::text) AND ((name)::text !~~ '%Yu%'::text))"}]}]}, "Unique SQL Id": 3544391839, "Planner Runtime": 21}, "explain_analyze_plan": {"Plan": {"Node Type": "Aggregate", "Strategy": "Plain", "Startup Cost": 72594.9, "Total Cost": 72594.91, "Plan Rows": 1, "Plan Width": 97, "Actual Min Startup Time": 3413.734, "Actual Max Startup Time": 3413.734, "Actual Min Total Time": 3413.735, "Actual Max Total Time": 3413.735, "Plans": [{"Node Type": "Nested Loop", "Parent Relationship": "Outer", "Join Type": "Inner", "Startup Cost": 71730.1, "Total Cost": 72594.42, "Plan Rows": 96, "Plan Width": 33, "Actual Min Startup Time": 3352.108, "Actual Max Startup Time": 3352.108, "Actual Min Total Time": 3413.549, "Actual Max Total Time": 3413.549, "Inner Unique": true, "Plans": [{"Node Type": "Nested Loop", "Parent Relationship": "Outer", "Join Type": "Inner", "Startup Cost": 71730.1, "Total Cost": 72218.88, "Plan Rows": 645, "Plan Width": 41, "Actual Min Startup Time": 3301.142, "Actual Max Startup Time": 3301.142, "Actual Min Total Time": 3345.473, "Actual Max Total Time": 3345.473, "Inner Unique": false, "Plans": [{"Node Type": "Merge Join", "Parent Relationship": "Outer", "Join Type": "Inner", "Startup Cost": 71730.1, "Total Cost": 71764.66, "Plan Rows": 532, "Plan Width": 21, "Actual Min Startup Time": 3301.116, "Actual Max Startup Time": 3301.116, "Actual Min Total Time": 3304.992, "Actual Max Total Time": 3304.992, "Inner Unique": false, "Merge Cond": "(rt.id = ci.role_id)", "Plans": [{"Node Type": "Sort", "Parent Relationship": "Outer", "Startup Cost": 1.16, "Total Cost": 1.16, "Plan Rows": 1, "Plan Width": 4, "Actual Min Startup Time": 0.065, "Actual Max Startup Time": 0.065, "Actual Min Total Time": 0.065, "Actual Max Total Time": 0.065, "Sort Key": ["rt.id"], "Sort Method": "quicksort", "Sort Space Min Used": 25, "Sort Space Max Used": 25, "Sort Space Type": "Memory", "Plans": [{"Node Type": "Seq Scan", "Parent Relationship": "Outer", "Relation Name": "role_type", "Alias": "rt", "Startup Cost": 0.0, "Total Cost": 1.15, "Plan Rows": 1, "Plan Width": 4, "Actual Min Startup Time": 0.035, "Actual Max Startup Time": 0.035, "Actual Min Total Time": 0.039, "Actual Max Total Time": 0.039, "Filter": "((role)::text = 'actress'::text)", "Rows Removed by Filter": 11, "Actual Rows": 1}], "Actual Rows": 1}, {"Node Type": "Sort", "Parent Relationship": "Inner", "Startup Cost": 71728.94, "Total Cost": 71743.56, "Plan Rows": 5847, "Plan Width": 25, "Actual Min Startup Time": 3297.386, "Actual Max Startup Time": 3297.386, "Actual Min Total Time": 3300.623, "Actual Max Total Time": 3300.623, "Sort Key": ["ci.role_id"], "Sort Method": "quicksort", "Sort Space Min Used": 2817, "Sort Space Max Used": 2817, "Sort Space Type": "Memory", "Plans": [{"Node Type": "Nested Loop", "Parent Relationship": "Outer", "Join Type": "Inner", "Startup Cost": 0.0, "Total Cost": 71363.11, "Plan Rows": 5847, "Plan Width": 25, "Actual Min Startup Time": 16.385, "Actual Max Startup Time": 16.385, "Actual Min Total Time": 3289.846, "Actual Max Total Time": 3289.846, "Inner Unique": false, "Plans": [{"Node Type": "Nested Loop", "Parent Relationship": "Outer", "Join Type": "Inner", "Startup Cost": 0.0, "Total Cost": 65620.52, "Plan Rows": 5775, "Plan Width": 25, "Actual Min Startup Time": 15.532, "Actual Max Startup Time": 15.532, "Actual Min Total Time": 521.554, "Actual Max Total Time": 521.554, "Inner Unique": true, "Plans": [{"Node Type": "Nested Loop", "Parent Relationship": "Outer", "Join Type": "Inner", "Startup Cost": 0.0, "Total Cost": 42973.42, "Plan Rows": 5775, "Plan Width": 4, "Actual Min Startup Time": 15.516, "Actual Max Startup Time": 15.516, "Actual Min Total Time": 276.452, "Actual Max Total Time": 276.452, "Inner Unique": true, "Plans": [{"Node Type": "Streaming(type: LOCAL GATHER dop: 1/16)", "Parent Relationship": "Outer", "Startup Cost": 0.0, "Total Cost": 19215.08, "Plan Rows": 36426, "Plan Width": 8, "Actual Min Startup Time": 15.45, "Actual Max Startup Time": 15.45, "Actual Min Total Time": 37.08, "Actual Max Total Time": 37.08, "Plans": [{"Node Type": "Seq Scan", "Parent Relationship": "Outer", "Relation Name": "movie_companies", "Alias": "mc", "Startup Cost": 0.0, "Total Cost": 18428.93, "Plan Rows": 36426, "Plan Width": 8, "Actual Min Startup Time": 0.041, "Actual Max Startup Time": 0.391, "Actual Min Total Time": 53.864, "Actual Max Total Time": 61.285, "Filter": "(((note)::text ~~ '%(Japan)%'::text) AND ((note)::text !~~ '%(USA)%'::text))", "Rows Removed by Filter": 2560231, "Actual Rows": 48897}], "Actual Rows": 48897}, {"Node Type": "Index Scan", "Parent Relationship": "Inner", "Scan Direction": "Forward", "Index Name": "company_name_pkey", "Relation Name": "company_name", "Alias": "cn", "Startup Cost": 0.0, "Total Cost": 0.64, "Plan Rows": 1, "Plan Width": 4, "Actual Min Startup Time": 195.556, "Actual Max Startup Time": 195.556, "Actual Min Total Time": 195.556, "Actual Max Total Time": 195.556, "Index Cond": "(id = mc.company_id)", "Rows Removed by Index Recheck": 0, "Filter": "((country_code)::text = '[jp]'::text)", "Rows Removed by Filter": 569, "Actual Rows": 48328}], "Actual Rows": 48328}, {"Node Type": "Index Scan", "Parent Relationship": "Inner", "Scan Direction": "Forward", "Index Name": "title_pkey", "Relation Name": "title", "Alias": "t", "Startup Cost": 0.0, "Total Cost": 3.91, "Plan Rows": 1, "Plan Width": 21, "Actual Min Startup Time": 203.886, "Actual Max Startup Time": 203.886, "Actual Min Total Time": 203.886, "Actual Max Total Time": 203.886, "Index Cond": "(id = mc.movie_id)", "Rows Removed by Index Recheck": 0, "Actual Rows": 48328}], "Actual Rows": 48328}, {"Node Type": "Index Scan", "Parent Relationship": "Inner", "Scan Direction": "Forward", "Index Name": "movie_id_cast_info", "Relation Name": "cast_info", "Alias": "ci", "Startup Cost": 0.0, "Total Cost": 0.98, "Plan Rows": 1, "Plan Width": 12, "Actual Min Startup Time": 2613.575, "Actual Max Startup Time": 2613.575, "Actual Min Total Time": 2736.796, "Actual Max Total Time": 2736.796, "Index Cond": "(movie_id = t.id)", "Rows Removed by Index Recheck": 0, "Filter": "((note)::text = '(voice: English version)'::text)", "Rows Removed by Filter": 1531710, "Actual Rows": 19600}], "Actual Rows": 19600}], "Actual Rows": 19600}], "Actual Rows": 7438}, {"Node Type": "Index Scan", "Parent Relationship": "Inner", "Scan Direction": "Forward", "Index Name": "person_id_aka_name", "Relation Name": "aka_name", "Alias": "an1", "Startup Cost": 0.0, "Total Cost": 0.84, "Plan Rows": 1, "Plan Width": 20, "Actual Min Startup Time": 25.53, "Actual Max Startup Time": 25.53, "Actual Min Total Time": 32.819, "Actual Max Total Time": 32.819, "Index Cond": "(person_id = ci.person_id)", "Rows Removed by Index Recheck": 0, "Actual Rows": 17379}], "Actual Rows": 17379}, {"Node Type": "Index Scan", "Parent Relationship": "Inner", "Scan Direction": "Forward", "Index Name": "name_pkey", "Relation Name": "name", "Alias": "n1", "Startup Cost": 0.0, "Total Cost": 0.57, "Plan Rows": 1, "Plan Width": 4, "Actual Min Startup Time": 59.453, "Actual Max Startup Time": 59.453, "Actual Min Total Time": 59.453, "Actual Max Total Time": 59.453, "Index Cond": "(id = an1.person_id)", "Rows Removed by Index Recheck": 0, "Filter": "(((name)::text ~~ '%Yo%'::text) AND ((name)::text !~~ '%Yu%'::text))", "Rows Removed by Filter": 17317, "Actual Rows": 62}], "Actual Rows": 62}], "Actual Rows": 1}, "Triggers": [], "Planner Runtime": 21, "Total Runtime": 3416.768, "Unique SQL Id": 3544391839}}, "(16, 85)": {"explain_plan": {"Plan": {"Node Type": "Aggregate", "Strategy": "Plain", "Startup Cost": 109335.41, "Total Cost": 109335.42, "Plan Rows": 1, "Plan Width": 97, "Plans": [{"Node Type": "Nested Loop", "Parent Relationship": "Outer", "Join Type": "Inner", "Startup Cost": 108458.16, "Total Cost": 109334.93, "Plan Rows": 96, "Plan Width": 33, "Inner Unique": true, "Plans": [{"Node Type": "Nested Loop", "Parent Relationship": "Outer", "Join Type": "Inner", "Startup Cost": 108458.16, "Total Cost": 108959.39, "Plan Rows": 645, "Plan Width": 41, "Inner Unique": false, "Plans": [{"Node Type": "Merge Join", "Parent Relationship": "Outer", "Join Type": "Inner", "Startup Cost": 108458.16, "Total Cost": 108505.18, "Plan Rows": 532, "Plan Width": 21, "Inner Unique": false, "Merge Cond": "(rt.id = ci.role_id)", "Plans": [{"Node Type": "Index Scan", "Parent Relationship": "Outer", "Scan Direction": "Forward", "Index Name": "role_type_pkey", "Relation Name": "role_type", "Alias": "rt", "Startup Cost": 0.0, "Total Cost": 12.46, "Plan Rows": 1, "Plan Width": 4, "Filter": "((role)::text = 'actress'::text)"}, {"Node Type": "Sort", "Parent Relationship": "Inner", "Startup Cost": 108458.16, "Total Cost": 108472.78, "Plan Rows": 5847, "Plan Width": 25, "Sort Key": ["ci.role_id"], "Plans": [{"Node Type": "Nested Loop", "Parent Relationship": "Outer", "Join Type": "Inner", "Startup Cost": 2780.8, "Total Cost": 108092.33, "Plan Rows": 5847, "Plan Width": 25, "Inner Unique": false, "Plans": [{"Node Type": "Nested Loop", "Parent Relationship": "Outer", "Join Type": "Inner", "Startup Cost": 2780.8, "Total Cost": 102349.74, "Plan Rows": 5775, "Plan Width": 25, "Inner Unique": true, "Plans": [{"Node Type": "Nested Loop", "Parent Relationship": "Outer", "Join Type": "Inner", "Startup Cost": 2780.8, "Total Cost": 79702.64, "Plan Rows": 5775, "Plan Width": 4, "Inner Unique": false, "Plans": [{"Node Type": "Bitmap Heap Scan", "Parent Relationship": "Outer", "Relation Name": "company_name", "Alias": "cn", "Startup Cost": 2780.8, "Total Cost": 8684.25, "Plan Rows": 6290, "Plan Width": 4, "Filter": "((country_code)::text = '[jp]'::text)", "Plans": [{"Node Type": "Bitmap Index Scan", "Parent Relationship": "Outer", "Index Name": "company_name_pkey", "Startup Cost": 0.0, "Total Cost": 2779.23, "Plan Rows": 234996, "Plan Width": 0}]}, {"Node Type": "Index Scan", "Parent Relationship": "Inner", "Scan Direction": "Forward", "Index Name": "company_id_movie_companies", "Relation Name": "movie_companies", "Alias": "mc", "Startup Cost": 0.0, "Total Cost": 11.28, "Plan Rows": 1, "Plan Width": 8, "Index Cond": "(company_id = cn.id)", "Filter": "(((note)::text ~~ '%(Japan)%'::text) AND ((note)::text !~~ '%(USA)%'::text))"}]}, {"Node Type": "Index Scan", "Parent Relationship": "Inner", "Scan Direction": "Forward", "Index Name": "title_pkey", "Relation Name": "title", "Alias": "t", "Startup Cost": 0.0, "Total Cost": 3.91, "Plan Rows": 1, "Plan Width": 21, "Index Cond": "(id = mc.movie_id)"}]}, {"Node Type": "Index Scan", "Parent Relationship": "Inner", "Scan Direction": "Forward", "Index Name": "movie_id_cast_info", "Relation Name": "cast_info", "Alias": "ci", "Startup Cost": 0.0, "Total Cost": 0.98, "Plan Rows": 1, "Plan Width": 12, "Index Cond": "(movie_id = t.id)", "Filter": "((note)::text = '(voice: English version)'::text)"}]}]}]}, {"Node Type": "Index Scan", "Parent Relationship": "Inner", "Scan Direction": "Forward", "Index Name": "person_id_aka_name", "Relation Name": "aka_name", "Alias": "an1", "Startup Cost": 0.0, "Total Cost": 0.84, "Plan Rows": 1, "Plan Width": 20, "Index Cond": "(person_id = ci.person_id)"}]}, {"Node Type": "Index Scan", "Parent Relationship": "Inner", "Scan Direction": "Forward", "Index Name": "name_pkey", "Relation Name": "name", "Alias": "n1", "Startup Cost": 0.0, "Total Cost": 0.57, "Plan Rows": 1, "Plan Width": 4, "Index Cond": "(id = an1.person_id)", "Filter": "(((name)::text ~~ '%Yo%'::text) AND ((name)::text !~~ '%Yu%'::text))"}]}]}, "Unique SQL Id": 3544391839, "Planner Runtime": 26}, "explain_analyze_plan": {"Plan": {"Node Type": "Aggregate", "Strategy": "Plain", "Startup Cost": 109335.41, "Total Cost": 109335.42, "Plan Rows": 1, "Plan Width": 97, "Actual Startup Time": 3817.271, "Actual Total Time": 3817.272, "Actual Rows": 1, "Actual Loops": 1, "Plans": [{"Node Type": "Nested Loop", "Parent Relationship": "Outer", "Join Type": "Inner", "Startup Cost": 108458.16, "Total Cost": 109334.93, "Plan Rows": 96, "Plan Width": 33, "Actual Startup Time": 3718.944, "Actual Total Time": 3817.176, "Actual Rows": 62, "Actual Loops": 1, "Inner Unique": true, "Plans": [{"Node Type": "Nested Loop", "Parent Relationship": "Outer", "Join Type": "Inner", "Startup Cost": 108458.16, "Total Cost": 108959.39, "Plan Rows": 645, "Plan Width": 41, "Actual Startup Time": 3705.291, "Actual Total Time": 3747.896, "Actual Rows": 17379, "Actual Loops": 1, "Inner Unique": false, "Plans": [{"Node Type": "Merge Join", "Parent Relationship": "Outer", "Join Type": "Inner", "Startup Cost": 108458.16, "Total Cost": 108505.18, "Plan Rows": 532, "Plan Width": 21, "Actual Startup Time": 3705.249, "Actual Total Time": 3708.885, "Actual Rows": 7438, "Actual Loops": 1, "Inner Unique": false, "Merge Cond": "(rt.id = ci.role_id)", "Plans": [{"Node Type": "Index Scan", "Parent Relationship": "Outer", "Scan Direction": "Forward", "Index Name": "role_type_pkey", "Relation Name": "role_type", "Alias": "rt", "Startup Cost": 0.0, "Total Cost": 12.46, "Plan Rows": 1, "Plan Width": 4, "Actual Startup Time": 0.014, "Actual Total Time": 0.025, "Actual Rows": 1, "Actual Loops": 1, "Filter": "((role)::text = 'actress'::text)", "Rows Removed by Filter": 11}, {"Node Type": "Sort", "Parent Relationship": "Inner", "Startup Cost": 108458.16, "Total Cost": 108472.78, "Plan Rows": 5847, "Plan Width": 25, "Actual Startup Time": 3701.549, "Actual Total Time": 3704.625, "Actual Rows": 19600, "Actual Loops": 1, "Sort Key": ["ci.role_id"], "Sort Method": "quicksort", "Sort Space Used": 2817, "Sort Space Type": "Memory", "Plans": [{"Node Type": "Nested Loop", "Parent Relationship": "Outer", "Join Type": "Inner", "Startup Cost": 2780.8, "Total Cost": 108092.33, "Plan Rows": 5847, "Plan Width": 25, "Actual Startup Time": 20.927, "Actual Total Time": 3693.92, "Actual Rows": 19600, "Actual Loops": 1, "Inner Unique": false, "Plans": [{"Node Type": "Nested Loop", "Parent Relationship": "Outer", "Join Type": "Inner", "Startup Cost": 2780.8, "Total Cost": 102349.74, "Plan Rows": 5775, "Plan Width": 25, "Actual Startup Time": 20.861, "Actual Total Time": 693.043, "Actual Rows": 48328, "Actual Loops": 1, "Inner Unique": true, "Plans": [{"Node Type": "Nested Loop", "Parent Relationship": "Outer", "Join Type": "Inner", "Startup Cost": 2780.8, "Total Cost": 79702.64, "Plan Rows": 5775, "Plan Width": 4, "Actual Startup Time": 20.842, "Actual Total Time": 373.763, "Actual Rows": 48328, "Actual Loops": 1, "Inner Unique": false, "Plans": [{"Node Type": "Bitmap Heap Scan", "Parent Relationship": "Outer", "Relation Name": "company_name", "Alias": "cn", "Startup Cost": 2780.8, "Total Cost": 8684.25, "Plan Rows": 6290, "Plan Width": 4, "Actual Startup Time": 20.781, "Actual Total Time": 133.198, "Actual Rows": 6752, "Actual Loops": 1, "Filter": "((country_code)::text = '[jp]'::text)", "Rows Removed by Filter": 228244, "Exact Heap Blocks": 2966, "Lossy Heap Blocks": 2966, "Plans": [{"Node Type": "Bitmap Index Scan", "Parent Relationship": "Outer", "Index Name": "company_name_pkey", "Startup Cost": 0.0, "Total Cost": 2779.23, "Plan Rows": 234996, "Plan Width": 0, "Actual Startup Time": 20.288, "Actual Total Time": 20.288, "Actual Rows": 234996, "Actual Loops": 1}]}, {"Node Type": "Index Scan", "Parent Relationship": "Inner", "Scan Direction": "Forward", "Index Name": "company_id_movie_companies", "Relation Name": "movie_companies", "Alias": "mc", "Startup Cost": 0.0, "Total Cost": 11.28, "Plan Rows": 1, "Plan Width": 8, "Actual Startup Time": 64.381, "Actual Total Time": 224.853, "Actual Rows": 48328, "Actual Loops": 6752, "Index Cond": "(company_id = cn.id)", "Rows Removed by Index Recheck": 0, "Filter": "(((note)::text ~~ '%(Japan)%'::text) AND ((note)::text !~~ '%(USA)%'::text))", "Rows Removed by Filter": 56667}]}, {"Node Type": "Index Scan", "Parent Relationship": "Inner", "Scan Direction": "Forward", "Index Name": "title_pkey", "Relation Name": "title", "Alias": "t", "Startup Cost": 0.0, "Total Cost": 3.91, "Plan Rows": 1, "Plan Width": 21, "Actual Startup Time": 276.975, "Actual Total Time": 276.975, "Actual Rows": 48328, "Actual Loops": 48328, "Index Cond": "(id = mc.movie_id)", "Rows Removed by Index Recheck": 0}]}, {"Node Type": "Index Scan", "Parent Relationship": "Inner", "Scan Direction": "Forward", "Index Name": "movie_id_cast_info", "Relation Name": "cast_info", "Alias": "ci", "Startup Cost": 0.0, "Total Cost": 0.98, "Plan Rows": 1, "Plan Width": 12, "Actual Startup Time": 2836.025, "Actual Total Time": 2970.037, "Actual Rows": 19600, "Actual Loops": 48328, "Index Cond": "(movie_id = t.id)", "Rows Removed by Index Recheck": 0, "Filter": "((note)::text = '(voice: English version)'::text)", "Rows Removed by Filter": 1531710}]}]}]}, {"Node Type": "Index Scan", "Parent Relationship": "Inner", "Scan Direction": "Forward", "Index Name": "person_id_aka_name", "Relation Name": "aka_name", "Alias": "an1", "Startup Cost": 0.0, "Total Cost": 0.84, "Plan Rows": 1, "Plan Width": 20, "Actual Startup Time": 24.232, "Actual Total Time": 31.401, "Actual Rows": 17379, "Actual Loops": 7438, "Index Cond": "(person_id = ci.person_id)", "Rows Removed by Index Recheck": 0}]}, {"Node Type": "Index Scan", "Parent Relationship": "Inner", "Scan Direction": "Forward", "Index Name": "name_pkey", "Relation Name": "name", "Alias": "n1", "Startup Cost": 0.0, "Total Cost": 0.57, "Plan Rows": 1, "Plan Width": 4, "Actual Startup Time": 60.915, "Actual Total Time": 60.915, "Actual Rows": 62, "Actual Loops": 17379, "Index Cond": "(id = an1.person_id)", "Rows Removed by Index Recheck": 0, "Filter": "(((name)::text ~~ '%Yo%'::text) AND ((name)::text !~~ '%Yu%'::text))", "Rows Removed by Filter": 17317}]}]}, "Triggers": [], "Planner Runtime": 26, "Total Runtime": 3817.671, "Unique SQL Id": 3544391839}}, "(16, 86)": {"explain_plan": {"Plan": {"Node Type": "Aggregate", "Strategy": "Plain", "Startup Cost": 166341.39, "Total Cost": 166341.4, "Plan Rows": 1, "Plan Width": 97, "Plans": [{"Node Type": "Nested Loop", "Parent Relationship": "Outer", "Join Type": "Inner", "Startup Cost": 161153.15, "Total Cost": 166338.16, "Plan Rows": 646, "Plan Width": 33, "Inner Unique": true, "Plans": [{"Node Type": "Nested Loop", "Parent Relationship": "Outer", "Join Type": "Inner", "Startup Cost": 161152.82, "Total Cost": 163529.57, "Plan Rows": 645, "Plan Width": 41, "Inner Unique": false, "Plans": [{"Node Type": "Merge Join", "Parent Relationship": "Outer", "Join Type": "Inner", "Startup Cost": 161152.44, "Total Cost": 161187.01, "Plan Rows": 532, "Plan Width": 21, "Inner Unique": false, "Merge Cond": "(rt.id = ci.role_id)", "Plans": [{"Node Type": "Sort", "Parent Relationship": "Outer", "Startup Cost": 1.16, "Total Cost": 1.16, "Plan Rows": 1, "Plan Width": 4, "Sort Key": ["rt.id"], "Plans": [{"Node Type": "Seq Scan", "Parent Relationship": "Outer", "Relation Name": "role_type", "Alias": "rt", "Startup Cost": 0.0, "Total Cost": 1.15, "Plan Rows": 1, "Plan Width": 4, "Filter": "((role)::text = 'actress'::text)"}]}, {"Node Type": "Sort", "Parent Relationship": "Inner", "Startup Cost": 161151.28, "Total Cost": 161165.9, "Plan Rows": 5847, "Plan Width": 25, "Sort Key": ["ci.role_id"], "Plans": [{"Node Type": "Nested Loop", "Parent Relationship": "Outer", "Join Type": "Inner", "Startup Cost": 5.16, "Total Cost": 160785.45, "Plan Rows": 5847, "Plan Width": 25, "Inner Unique": false, "Plans": [{"Node Type": "Nested Loop", "Parent Relationship": "Outer", "Join Type": "Inner", "Startup Cost": 4.65, "Total Cost": 134127.63, "Plan Rows": 5775, "Plan Width": 25, "Inner Unique": true, "Plans": [{"Node Type": "Nested Loop", "Parent Relationship": "Outer", "Join Type": "Inner", "Startup Cost": 3.37, "Total Cost": 103541.28, "Plan Rows": 5775, "Plan Width": 4, "Inner Unique": false, "Plans": [{"Node Type": "Seq Scan", "Parent Relationship": "Outer", "Relation Name": "company_name", "Alias": "cn", "Startup Cost": 0.0, "Total Cost": 5903.45, "Plan Rows": 6290, "Plan Width": 4, "Filter": "((country_code)::text = '[jp]'::text)"}, {"Node Type": "Bitmap Heap Scan", "Parent Relationship": "Inner", "Relation Name": "movie_companies", "Alias": "mc", "Startup Cost": 3.37, "Total Cost": 15.51, "Plan Rows": 1, "Plan Width": 8, "Recheck Cond": "(company_id = cn.id)", "Filter": "(((note)::text ~~ '%(Japan)%'::text) AND ((note)::text !~~ '%(USA)%'::text))", "Plans": [{"Node Type": "Bitmap Index Scan", "Parent Relationship": "Outer", "Index Name": "company_id_movie_companies", "Startup Cost": 0.0, "Total Cost": 3.37, "Plan Rows": 15, "Plan Width": 0, "Index Cond": "(company_id = cn.id)"}]}]}, {"Node Type": "Bitmap Heap Scan", "Parent Relationship": "Inner", "Relation Name": "title", "Alias": "t", "Startup Cost": 1.27, "Total Cost": 5.29, "Plan Rows": 1, "Plan Width": 21, "Recheck Cond": "(id = mc.movie_id)", "Plans": [{"Node Type": "Bitmap Index Scan", "Parent Relationship": "Outer", "Index Name": "title_pkey", "Startup Cost": 0.0, "Total Cost": 1.27, "Plan Rows": 1, "Plan Width": 0, "Index Cond": "(id = mc.movie_id)"}]}]}, {"Node Type": "Bitmap Heap Scan", "Parent Relationship": "Inner", "Relation Name": "cast_info", "Alias": "ci", "Startup Cost": 0.52, "Total Cost": 4.61, "Plan Rows": 1, "Plan Width": 12, "Recheck Cond": "(movie_id = t.id)", "Filter": "((note)::text = '(voice: English version)'::text)", "Plans": [{"Node Type": "Bitmap Index Scan", "Parent Relationship": "Outer", "Index Name": "movie_id_cast_info", "Startup Cost": 0.0, "Total Cost": 0.52, "Plan Rows": 6, "Plan Width": 0, "Index Cond": "(movie_id = t.id)"}]}]}]}]}, {"Node Type": "Bitmap Heap Scan", "Parent Relationship": "Inner", "Relation Name": "aka_name", "Alias": "an1", "Startup Cost": 0.38, "Total Cost": 4.39, "Plan Rows": 1, "Plan Width": 20, "Recheck Cond": "(person_id = ci.person_id)", "Plans": [{"Node Type": "Bitmap Index Scan", "Parent Relationship": "Outer", "Index Name": "person_id_aka_name", "Startup Cost": 0.0, "Total Cost": 0.38, "Plan Rows": 1, "Plan Width": 0, "Index Cond": "(person_id = ci.person_id)"}]}]}, {"Node Type": "Bitmap Heap Scan", "Parent Relationship": "Inner", "Relation Name": "name", "Alias": "n1", "Startup Cost": 0.33, "Total Cost": 4.34, "Plan Rows": 1, "Plan Width": 4, "Recheck Cond": "(id = an1.person_id)", "Filter": "(((name)::text ~~ '%Yo%'::text) AND ((name)::text !~~ '%Yu%'::text))", "Plans": [{"Node Type": "Bitmap Index Scan", "Parent Relationship": "Outer", "Index Name": "name_pkey", "Startup Cost": 0.0, "Total Cost": 0.33, "Plan Rows": 1, "Plan Width": 0, "Index Cond": "(id = an1.person_id)"}]}]}]}, "Unique SQL Id": 3544391839, "Planner Runtime": 28}, "explain_analyze_plan": {"Plan": {"Node Type": "Aggregate", "Strategy": "Plain", "Startup Cost": 166341.39, "Total Cost": 166341.4, "Plan Rows": 1, "Plan Width": 97, "Actual Startup Time": 5138.859, "Actual Total Time": 5138.859, "Actual Rows": 1, "Actual Loops": 1, "Plans": [{"Node Type": "Nested Loop", "Parent Relationship": "Outer", "Join Type": "Inner", "Startup Cost": 161153.15, "Total Cost": 166338.16, "Plan Rows": 646, "Plan Width": 33, "Actual Startup Time": 5005.778, "Actual Total Time": 5138.747, "Actual Rows": 62, "Actual Loops": 1, "Inner Unique": true, "Plans": [{"Node Type": "Nested Loop", "Parent Relationship": "Outer", "Join Type": "Inner", "Startup Cost": 161152.82, "Total Cost": 163529.57, "Plan Rows": 645, "Plan Width": 41, "Actual Startup Time": 4987.244, "Actual Total Time": 5043.769, "Actual Rows": 17379, "Actual Loops": 1, "Inner Unique": false, "Plans": [{"Node Type": "Merge Join", "Parent Relationship": "Outer", "Join Type": "Inner", "Startup Cost": 161152.44, "Total Cost": 161187.01, "Plan Rows": 532, "Plan Width": 21, "Actual Startup Time": 4987.171, "Actual Total Time": 4991.113, "Actual Rows": 7438, "Actual Loops": 1, "Inner Unique": false, "Merge Cond": "(rt.id = ci.role_id)", "Plans": [{"Node Type": "Sort", "Parent Relationship": "Outer", "Startup Cost": 1.16, "Total Cost": 1.16, "Plan Rows": 1, "Plan Width": 4, "Actual Startup Time": 0.041, "Actual Total Time": 0.041, "Actual Rows": 1, "Actual Loops": 1, "Sort Key": ["rt.id"], "Sort Method": "quicksort", "Sort Space Used": 25, "Sort Space Type": "Memory", "Plans": [{"Node Type": "Seq Scan", "Parent Relationship": "Outer", "Relation Name": "role_type", "Alias": "rt", "Startup Cost": 0.0, "Total Cost": 1.15, "Plan Rows": 1, "Plan Width": 4, "Actual Startup Time": 0.023, "Actual Total Time": 0.026, "Actual Rows": 1, "Actual Loops": 1, "Filter": "((role)::text = 'actress'::text)", "Rows Removed by Filter": 11}]}, {"Node Type": "Sort", "Parent Relationship": "Inner", "Startup Cost": 161151.28, "Total Cost": 161165.9, "Plan Rows": 5847, "Plan Width": 25, "Actual Startup Time": 4983.568, "Actual Total Time": 4986.546, "Actual Rows": 19600, "Actual Loops": 1, "Sort Key": ["ci.role_id"], "Sort Method": "quicksort", "Sort Space Used": 2817, "Sort Space Type": "Memory", "Plans": [{"Node Type": "Nested Loop", "Parent Relationship": "Outer", "Join Type": "Inner", "Startup Cost": 5.16, "Total Cost": 160785.45, "Plan Rows": 5847, "Plan Width": 25, "Actual Startup Time": 0.221, "Actual Total Time": 4976.179, "Actual Rows": 19600, "Actual Loops": 1, "Inner Unique": false, "Plans": [{"Node Type": "Nested Loop", "Parent Relationship": "Outer", "Join Type": "Inner", "Startup Cost": 4.65, "Total Cost": 134127.63, "Plan Rows": 5775, "Plan Width": 25, "Actual Startup Time": 0.123, "Actual Total Time": 842.211, "Actual Rows": 48328, "Actual Loops": 1, "Inner Unique": true, "Plans": [{"Node Type": "Nested Loop", "Parent Relationship": "Outer", "Join Type": "Inner", "Startup Cost": 3.37, "Total Cost": 103541.28, "Plan Rows": 5775, "Plan Width": 4, "Actual Startup Time": 0.104, "Actual Total Time": 390.363, "Actual Rows": 48328, "Actual Loops": 1, "Inner Unique": false, "Plans": [{"Node Type": "Seq Scan", "Parent Relationship": "Outer", "Relation Name": "company_name", "Alias": "cn", "Startup Cost": 0.0, "Total Cost": 5903.45, "Plan Rows": 6290, "Plan Width": 4, "Actual Startup Time": 0.034, "Actual Total Time": 86.239, "Actual Rows": 6752, "Actual Loops": 1, "Filter": "((country_code)::text = '[jp]'::text)", "Rows Removed by Filter": 228244}, {"Node Type": "Bitmap Heap Scan", "Parent Relationship": "Inner", "Relation Name": "movie_companies", "Alias": "mc", "Startup Cost": 3.37, "Total Cost": 15.51, "Plan Rows": 1, "Plan Width": 8, "Actual Startup Time": 102.838, "Actual Total Time": 281.744, "Actual Rows": 48328, "Actual Loops": 6752, "Recheck Cond": "(company_id = cn.id)", "Rows Removed by Index Recheck": 0, "Filter": "(((note)::text ~~ '%(Japan)%'::text) AND ((note)::text !~~ '%(USA)%'::text))", "Rows Removed by Filter": 56667, "Exact Heap Blocks": 61861, "Lossy Heap Blocks": 61861, "Plans": [{"Node Type": "Bitmap Index Scan", "Parent Relationship": "Outer", "Index Name": "company_id_movie_companies", "Startup Cost": 0.0, "Total Cost": 3.37, "Plan Rows": 15, "Plan Width": 0, "Actual Startup Time": 54.27, "Actual Total Time": 54.27, "Actual Rows": 104995, "Actual Loops": 6752, "Index Cond": "(company_id = cn.id)"}]}]}, {"Node Type": "Bitmap Heap Scan", "Parent Relationship": "Inner", "Relation Name": "title", "Alias": "t", "Startup Cost": 1.27, "Total Cost": 5.29, "Plan Rows": 1, "Plan Width": 21, "Actual Startup Time": 377.446, "Actual Total Time": 377.446, "Actual Rows": 48328, "Actual Loops": 48328, "Recheck Cond": "(id = mc.movie_id)", "Rows Removed by Index Recheck": 0, "Exact Heap Blocks": 48328, "Lossy Heap Blocks": 48328, "Plans": [{"Node Type": "Bitmap Index Scan", "Parent Relationship": "Outer", "Index Name": "title_pkey", "Startup Cost": 0.0, "Total Cost": 1.27, "Plan Rows": 1, "Plan Width": 0, "Actual Startup Time": 216.633, "Actual Total Time": 216.633, "Actual Rows": 48328, "Actual Loops": 48328, "Index Cond": "(id = mc.movie_id)"}]}]}, {"Node Type": "Bitmap Heap Scan", "Parent Relationship": "Inner", "Relation Name": "cast_info", "Alias": "ci", "Startup Cost": 0.52, "Total Cost": 4.61, "Plan Rows": 1, "Plan Width": 12, "Actual Startup Time": 3901.607, "Actual Total Time": 4062.806, "Actual Rows": 19600, "Actual Loops": 48328, "Recheck Cond": "(movie_id = t.id)", "Rows Removed by Index Recheck": 0, "Filter": "((note)::text = '(voice: English version)'::text)", "Rows Removed by Filter": 1531710, "Exact Heap Blocks": 1503105, "Lossy Heap Blocks": 1503105, "Plans": [{"Node Type": "Bitmap Index Scan", "Parent Relationship": "Outer", "Index Name": "movie_id_cast_info", "Startup Cost": 0.0, "Total Cost": 0.52, "Plan Rows": 6, "Plan Width": 0, "Actual Startup Time": 558.755, "Actual Total Time": 558.755, "Actual Rows": 1551310, "Actual Loops": 48328, "Index Cond": "(movie_id = t.id)"}]}]}]}]}, {"Node Type": "Bitmap Heap Scan", "Parent Relationship": "Inner", "Relation Name": "aka_name", "Alias": "an1", "Startup Cost": 0.38, "Total Cost": 4.39, "Plan Rows": 1, "Plan Width": 20, "Actual Startup Time": 35.747, "Actual Total Time": 40.302, "Actual Rows": 17379, "Actual Loops": 7438, "Recheck Cond": "(person_id = ci.person_id)", "Rows Removed by Index Recheck": 0, "Exact Heap Blocks": 6514, "Lossy Heap Blocks": 6514, "Plans": [{"Node Type": "Bitmap Index Scan", "Parent Relationship": "Outer", "Index Name": "person_id_aka_name", "Startup Cost": 0.0, "Total Cost": 0.38, "Plan Rows": 1, "Plan Width": 0, "Actual Startup Time": 23.437, "Actual Total Time": 23.437, "Actual Rows": 17379, "Actual Loops": 7438, "Index Cond": "(person_id = ci.person_id)"}]}]}, {"Node Type": "Bitmap Heap Scan", "Parent Relationship": "Inner", "Relation Name": "name", "Alias": "n1", "Startup Cost": 0.33, "Total Cost": 4.34, "Plan Rows": 1, "Plan Width": 4, "Actual Startup Time": 75.691, "Actual Total Time": 75.691, "Actual Rows": 62, "Actual Loops": 17379, "Recheck Cond": "(id = an1.person_id)", "Rows Removed by Index Recheck": 0, "Filter": "(((name)::text ~~ '%Yo%'::text) AND ((name)::text !~~ '%Yu%'::text))", "Rows Removed by Filter": 17317, "Exact Heap Blocks": 17379, "Lossy Heap Blocks": 17379, "Plans": [{"Node Type": "Bitmap Index Scan", "Parent Relationship": "Outer", "Index Name": "name_pkey", "Startup Cost": 0.0, "Total Cost": 0.33, "Plan Rows": 1, "Plan Width": 0, "Actual Startup Time": 44.097, "Actual Total Time": 44.097, "Actual Rows": 17379, "Actual Loops": 17379, "Index Cond": "(id = an1.person_id)"}]}]}]}, "Triggers": [], "Planner Runtime": 28, "Total Runtime": 5139.298, "Unique SQL Id": 3544391839}}, "(16, 87)": {"explain_plan": {"Plan": {"Node Type": "Aggregate", "Strategy": "Plain", "Startup Cost": 169133.5, "Total Cost": 169133.51, "Plan Rows": 1, "Plan Width": 97, "Plans": [{"Node Type": "Nested Loop", "Parent Relationship": "Outer", "Join Type": "Inner", "Startup Cost": 163945.26, "Total Cost": 169130.27, "Plan Rows": 646, "Plan Width": 33, "Inner Unique": true, "Plans": [{"Node Type": "Nested Loop", "Parent Relationship": "Outer", "Join Type": "Inner", "Startup Cost": 163944.94, "Total Cost": 166321.69, "Plan Rows": 645, "Plan Width": 41, "Inner Unique": false, "Plans": [{"Node Type": "Merge Join", "Parent Relationship": "Outer", "Join Type": "Inner", "Startup Cost": 163944.56, "Total Cost": 163979.12, "Plan Rows": 532, "Plan Width": 21, "Inner Unique": false, "Merge Cond": "(rt.id = ci.role_id)", "Plans": [{"Node Type": "Sort", "Parent Relationship": "Outer", "Startup Cost": 12.47, "Total Cost": 12.48, "Plan Rows": 1, "Plan Width": 4, "Sort Key": ["rt.id"], "Plans": [{"Node Type": "Bitmap Heap Scan", "Parent Relationship": "Outer", "Relation Name": "role_type", "Alias": "rt", "Startup Cost": 8.31, "Total Cost": 12.46, "Plan Rows": 1, "Plan Width": 4, "Filter": "((role)::text = 'actress'::text)", "Plans": [{"Node Type": "Bitmap Index Scan", "Parent Relationship": "Outer", "Index Name": "role_type_pkey", "Startup Cost": 0.0, "Total Cost": 8.31, "Plan Rows": 12, "Plan Width": 0}]}]}, {"Node Type": "Sort", "Parent Relationship": "Inner", "Startup Cost": 163932.09, "Total Cost": 163946.7, "Plan Rows": 5847, "Plan Width": 25, "Sort Key": ["ci.role_id"], "Plans": [{"Node Type": "Nested Loop", "Parent Relationship": "Outer", "Join Type": "Inner", "Startup Cost": 2785.97, "Total Cost": 163566.25, "Plan Rows": 5847, "Plan Width": 25, "Inner Unique": false, "Plans": [{"Node Type": "Nested Loop", "Parent Relationship": "Outer", "Join Type": "Inner", "Startup Cost": 2785.45, "Total Cost": 136908.44, "Plan Rows": 5775, "Plan Width": 25, "Inner Unique": true, "Plans": [{"Node Type": "Nested Loop", "Parent Relationship": "Outer", "Join Type": "Inner", "Startup Cost": 2784.18, "Total Cost": 106322.09, "Plan Rows": 5775, "Plan Width": 4, "Inner Unique": false, "Plans": [{"Node Type": "Bitmap Heap Scan", "Parent Relationship": "Outer", "Relation Name": "company_name", "Alias": "cn", "Startup Cost": 2780.8, "Total Cost": 8684.25, "Plan Rows": 6290, "Plan Width": 4, "Filter": "((country_code)::text = '[jp]'::text)", "Plans": [{"Node Type": "Bitmap Index Scan", "Parent Relationship": "Outer", "Index Name": "company_name_pkey", "Startup Cost": 0.0, "Total Cost": 2779.23, "Plan Rows": 234996, "Plan Width": 0}]}, {"Node Type": "Bitmap Heap Scan", "Parent Relationship": "Inner", "Relation Name": "movie_companies", "Alias": "mc", "Startup Cost": 3.37, "Total Cost": 15.51, "Plan Rows": 1, "Plan Width": 8, "Recheck Cond": "(company_id = cn.id)", "Filter": "(((note)::text ~~ '%(Japan)%'::text) AND ((note)::text !~~ '%(USA)%'::text))", "Plans": [{"Node Type": "Bitmap Index Scan", "Parent Relationship": "Outer", "Index Name": "company_id_movie_companies", "Startup Cost": 0.0, "Total Cost": 3.37, "Plan Rows": 15, "Plan Width": 0, "Index Cond": "(company_id = cn.id)"}]}]}, {"Node Type": "Bitmap Heap Scan", "Parent Relationship": "Inner", "Relation Name": "title", "Alias": "t", "Startup Cost": 1.27, "Total Cost": 5.29, "Plan Rows": 1, "Plan Width": 21, "Recheck Cond": "(id = mc.movie_id)", "Plans": [{"Node Type": "Bitmap Index Scan", "Parent Relationship": "Outer", "Index Name": "title_pkey", "Startup Cost": 0.0, "Total Cost": 1.27, "Plan Rows": 1, "Plan Width": 0, "Index Cond": "(id = mc.movie_id)"}]}]}, {"Node Type": "Bitmap Heap Scan", "Parent Relationship": "Inner", "Relation Name": "cast_info", "Alias": "ci", "Startup Cost": 0.52, "Total Cost": 4.61, "Plan Rows": 1, "Plan Width": 12, "Recheck Cond": "(movie_id = t.id)", "Filter": "((note)::text = '(voice: English version)'::text)", "Plans": [{"Node Type": "Bitmap Index Scan", "Parent Relationship": "Outer", "Index Name": "movie_id_cast_info", "Startup Cost": 0.0, "Total Cost": 0.52, "Plan Rows": 6, "Plan Width": 0, "Index Cond": "(movie_id = t.id)"}]}]}]}]}, {"Node Type": "Bitmap Heap Scan", "Parent Relationship": "Inner", "Relation Name": "aka_name", "Alias": "an1", "Startup Cost": 0.38, "Total Cost": 4.39, "Plan Rows": 1, "Plan Width": 20, "Recheck Cond": "(person_id = ci.person_id)", "Plans": [{"Node Type": "Bitmap Index Scan", "Parent Relationship": "Outer", "Index Name": "person_id_aka_name", "Startup Cost": 0.0, "Total Cost": 0.38, "Plan Rows": 1, "Plan Width": 0, "Index Cond": "(person_id = ci.person_id)"}]}]}, {"Node Type": "Bitmap Heap Scan", "Parent Relationship": "Inner", "Relation Name": "name", "Alias": "n1", "Startup Cost": 0.33, "Total Cost": 4.34, "Plan Rows": 1, "Plan Width": 4, "Recheck Cond": "(id = an1.person_id)", "Filter": "(((name)::text ~~ '%Yo%'::text) AND ((name)::text !~~ '%Yu%'::text))", "Plans": [{"Node Type": "Bitmap Index Scan", "Parent Relationship": "Outer", "Index Name": "name_pkey", "Startup Cost": 0.0, "Total Cost": 0.33, "Plan Rows": 1, "Plan Width": 0, "Index Cond": "(id = an1.person_id)"}]}]}]}, "Unique SQL Id": 3544391839, "Planner Runtime": 25}, "explain_analyze_plan": {"Plan": {"Node Type": "Aggregate", "Strategy": "Plain", "Startup Cost": 169133.5, "Total Cost": 169133.51, "Plan Rows": 1, "Plan Width": 97, "Actual Startup Time": 4971.759, "Actual Total Time": 4971.759, "Actual Rows": 1, "Actual Loops": 1, "Plans": [{"Node Type": "Nested Loop", "Parent Relationship": "Outer", "Join Type": "Inner", "Startup Cost": 163945.26, "Total Cost": 169130.27, "Plan Rows": 646, "Plan Width": 33, "Actual Startup Time": 4839.447, "Actual Total Time": 4971.648, "Actual Rows": 62, "Actual Loops": 1, "Inner Unique": true, "Plans": [{"Node Type": "Nested Loop", "Parent Relationship": "Outer", "Join Type": "Inner", "Startup Cost": 163944.94, "Total Cost": 166321.69, "Plan Rows": 645, "Plan Width": 41, "Actual Startup Time": 4821.238, "Actual Total Time": 4877.293, "Actual Rows": 17379, "Actual Loops": 1, "Inner Unique": false, "Plans": [{"Node Type": "Merge Join", "Parent Relationship": "Outer", "Join Type": "Inner", "Startup Cost": 163944.56, "Total Cost": 163979.12, "Plan Rows": 532, "Plan Width": 21, "Actual Startup Time": 4821.169, "Actual Total Time": 4824.942, "Actual Rows": 7438, "Actual Loops": 1, "Inner Unique": false, "Merge Cond": "(rt.id = ci.role_id)", "Plans": [{"Node Type": "Sort", "Parent Relationship": "Outer", "Startup Cost": 12.47, "Total Cost": 12.48, "Plan Rows": 1, "Plan Width": 4, "Actual Startup Time": 0.064, "Actual Total Time": 0.065, "Actual Rows": 1, "Actual Loops": 1, "Sort Key": ["rt.id"], "Sort Method": "quicksort", "Sort Space Used": 25, "Sort Space Type": "Memory", "Plans": [{"Node Type": "Bitmap Heap Scan", "Parent Relationship": "Outer", "Relation Name": "role_type", "Alias": "rt", "Startup Cost": 8.31, "Total Cost": 12.46, "Plan Rows": 1, "Plan Width": 4, "Actual Startup Time": 0.044, "Actual Total Time": 0.047, "Actual Rows": 1, "Actual Loops": 1, "Filter": "((role)::text = 'actress'::text)", "Rows Removed by Filter": 11, "Exact Heap Blocks": 1, "Lossy Heap Blocks": 1, "Plans": [{"Node Type": "Bitmap Index Scan", "Parent Relationship": "Outer", "Index Name": "role_type_pkey", "Startup Cost": 0.0, "Total Cost": 8.31, "Plan Rows": 12, "Plan Width": 0, "Actual Startup Time": 0.012, "Actual Total Time": 0.012, "Actual Rows": 12, "Actual Loops": 1}]}]}, {"Node Type": "Sort", "Parent Relationship": "Inner", "Startup Cost": 163932.09, "Total Cost": 163946.7, "Plan Rows": 5847, "Plan Width": 25, "Actual Startup Time": 4817.464, "Actual Total Time": 4820.558, "Actual Rows": 19600, "Actual Loops": 1, "Sort Key": ["ci.role_id"], "Sort Method": "quicksort", "Sort Space Used": 2817, "Sort Space Type": "Memory", "Plans": [{"Node Type": "Nested Loop", "Parent Relationship": "Outer", "Join Type": "Inner", "Startup Cost": 2785.97, "Total Cost": 163566.25, "Plan Rows": 5847, "Plan Width": 25, "Actual Startup Time": 21.117, "Actual Total Time": 4809.874, "Actual Rows": 19600, "Actual Loops": 1, "Inner Unique": false, "Plans": [{"Node Type": "Nested Loop", "Parent Relationship": "Outer", "Join Type": "Inner", "Startup Cost": 2785.45, "Total Cost": 136908.44, "Plan Rows": 5775, "Plan Width": 25, "Actual Startup Time": 20.887, "Actual Total Time": 853.796, "Actual Rows": 48328, "Actual Loops": 1, "Inner Unique": true, "Plans": [{"Node Type": "Nested Loop", "Parent Relationship": "Outer", "Join Type": "Inner", "Startup Cost": 2784.18, "Total Cost": 106322.09, "Plan Rows": 5775, "Plan Width": 4, "Actual Startup Time": 20.865, "Actual Total Time": 425.114, "Actual Rows": 48328, "Actual Loops": 1, "Inner Unique": false, "Plans": [{"Node Type": "Bitmap Heap Scan", "Parent Relationship": "Outer", "Relation Name": "company_name", "Alias": "cn", "Startup Cost": 2780.8, "Total Cost": 8684.25, "Plan Rows": 6290, "Plan Width": 4, "Actual Startup Time": 20.786, "Actual Total Time": 133.635, "Actual Rows": 6752, "Actual Loops": 1, "Filter": "((country_code)::text = '[jp]'::text)", "Rows Removed by Filter": 228244, "Exact Heap Blocks": 2966, "Lossy Heap Blocks": 2966, "Plans": [{"Node Type": "Bitmap Index Scan", "Parent Relationship": "Outer", "Index Name": "company_name_pkey", "Startup Cost": 0.0, "Total Cost": 2779.23, "Plan Rows": 234996, "Plan Width": 0, "Actual Startup Time": 20.317, "Actual Total Time": 20.317, "Actual Rows": 234996, "Actual Loops": 1}]}, {"Node Type": "Bitmap Heap Scan", "Parent Relationship": "Inner", "Relation Name": "movie_companies", "Alias": "mc", "Startup Cost": 3.37, "Total Cost": 15.51, "Plan Rows": 1, "Plan Width": 8, "Actual Startup Time": 96.703, "Actual Total Time": 268.921, "Actual Rows": 48328, "Actual Loops": 6752, "Recheck Cond": "(company_id = cn.id)", "Rows Removed by Index Recheck": 0, "Filter": "(((note)::text ~~ '%(Japan)%'::text) AND ((note)::text !~~ '%(USA)%'::text))", "Rows Removed by Filter": 56667, "Exact Heap Blocks": 61861, "Lossy Heap Blocks": 61861, "Plans": [{"Node Type": "Bitmap Index Scan", "Parent Relationship": "Outer", "Index Name": "company_id_movie_companies", "Startup Cost": 0.0, "Total Cost": 3.37, "Plan Rows": 15, "Plan Width": 0, "Actual Startup Time": 51.273, "Actual Total Time": 51.273, "Actual Rows": 104995, "Actual Loops": 6752, "Index Cond": "(company_id = cn.id)"}]}]}, {"Node Type": "Bitmap Heap Scan", "Parent Relationship": "Inner", "Relation Name": "title", "Alias": "t", "Startup Cost": 1.27, "Total Cost": 5.29, "Plan Rows": 1, "Plan Width": 21, "Actual Startup Time": 352.029, "Actual Total Time": 352.029, "Actual Rows": 48328, "Actual Loops": 48328, "Recheck Cond": "(id = mc.movie_id)", "Rows Removed by Index Recheck": 0, "Exact Heap Blocks": 48328, "Lossy Heap Blocks": 48328, "Plans": [{"Node Type": "Bitmap Index Scan", "Parent Relationship": "Outer", "Index Name": "title_pkey", "Startup Cost": 0.0, "Total Cost": 1.27, "Plan Rows": 1, "Plan Width": 0, "Actual Startup Time": 205.31, "Actual Total Time": 205.31, "Actual Rows": 48328, "Actual Loops": 48328, "Index Cond": "(id = mc.movie_id)"}]}]}, {"Node Type": "Bitmap Heap Scan", "Parent Relationship": "Inner", "Relation Name": "cast_info", "Alias": "ci", "Startup Cost": 0.52, "Total Cost": 4.61, "Plan Rows": 1, "Plan Width": 12, "Actual Startup Time": 3729.287, "Actual Total Time": 3884.428, "Actual Rows": 19600, "Actual Loops": 48328, "Recheck Cond": "(movie_id = t.id)", "Rows Removed by Index Recheck": 0, "Filter": "((note)::text = '(voice: English version)'::text)", "Rows Removed by Filter": 1531710, "Exact Heap Blocks": 1503105, "Lossy Heap Blocks": 1503105, "Plans": [{"Node Type": "Bitmap Index Scan", "Parent Relationship": "Outer", "Index Name": "movie_id_cast_info", "Startup Cost": 0.0, "Total Cost": 0.52, "Plan Rows": 6, "Plan Width": 0, "Actual Startup Time": 541.505, "Actual Total Time": 541.505, "Actual Rows": 1551310, "Actual Loops": 48328, "Index Cond": "(movie_id = t.id)"}]}]}]}]}, {"Node Type": "Bitmap Heap Scan", "Parent Relationship": "Inner", "Relation Name": "aka_name", "Alias": "an1", "Startup Cost": 0.38, "Total Cost": 4.39, "Plan Rows": 1, "Plan Width": 20, "Actual Startup Time": 35.308, "Actual Total Time": 39.727, "Actual Rows": 17379, "Actual Loops": 7438, "Recheck Cond": "(person_id = ci.person_id)", "Rows Removed by Index Recheck": 0, "Exact Heap Blocks": 6514, "Lossy Heap Blocks": 6514, "Plans": [{"Node Type": "Bitmap Index Scan", "Parent Relationship": "Outer", "Index Name": "person_id_aka_name", "Startup Cost": 0.0, "Total Cost": 0.38, "Plan Rows": 1, "Plan Width": 0, "Actual Startup Time": 23.341, "Actual Total Time": 23.341, "Actual Rows": 17379, "Actual Loops": 7438, "Index Cond": "(person_id = ci.person_id)"}]}]}, {"Node Type": "Bitmap Heap Scan", "Parent Relationship": "Inner", "Relation Name": "name", "Alias": "n1", "Startup Cost": 0.33, "Total Cost": 4.34, "Plan Rows": 1, "Plan Width": 4, "Actual Startup Time": 75.004, "Actual Total Time": 75.004, "Actual Rows": 62, "Actual Loops": 17379, "Recheck Cond": "(id = an1.person_id)", "Rows Removed by Index Recheck": 0, "Filter": "(((name)::text ~~ '%Yo%'::text) AND ((name)::text !~~ '%Yu%'::text))", "Rows Removed by Filter": 17317, "Exact Heap Blocks": 17379, "Lossy Heap Blocks": 17379, "Plans": [{"Node Type": "Bitmap Index Scan", "Parent Relationship": "Outer", "Index Name": "name_pkey", "Startup Cost": 0.0, "Total Cost": 0.33, "Plan Rows": 1, "Plan Width": 0, "Actual Startup Time": 43.729, "Actual Total Time": 43.729, "Actual Rows": 17379, "Actual Loops": 17379, "Index Cond": "(id = an1.person_id)"}]}]}]}, "Triggers": [], "Planner Runtime": 25, "Total Runtime": 4972.341, "Unique SQL Id": 3544391839}}, "(16, 88)": {"explain_plan": {"Plan": {"Node Type": "Aggregate", "Strategy": "Plain", "Startup Cost": 72594.9, "Total Cost": 72594.91, "Plan Rows": 1, "Plan Width": 97, "Plans": [{"Node Type": "Nested Loop", "Parent Relationship": "Outer", "Join Type": "Inner", "Startup Cost": 71730.1, "Total Cost": 72594.42, "Plan Rows": 96, "Plan Width": 33, "Inner Unique": true, "Plans": [{"Node Type": "Nested Loop", "Parent Relationship": "Outer", "Join Type": "Inner", "Startup Cost": 71730.1, "Total Cost": 72218.88, "Plan Rows": 645, "Plan Width": 41, "Inner Unique": false, "Plans": [{"Node Type": "Merge Join", "Parent Relationship": "Outer", "Join Type": "Inner", "Startup Cost": 71730.1, "Total Cost": 71764.66, "Plan Rows": 532, "Plan Width": 21, "Inner Unique": false, "Merge Cond": "(rt.id = ci.role_id)", "Plans": [{"Node Type": "Sort", "Parent Relationship": "Outer", "Startup Cost": 1.16, "Total Cost": 1.16, "Plan Rows": 1, "Plan Width": 4, "Sort Key": ["rt.id"], "Plans": [{"Node Type": "Seq Scan", "Parent Relationship": "Outer", "Relation Name": "role_type", "Alias": "rt", "Startup Cost": 0.0, "Total Cost": 1.15, "Plan Rows": 1, "Plan Width": 4, "Filter": "((role)::text = 'actress'::text)"}]}, {"Node Type": "Sort", "Parent Relationship": "Inner", "Startup Cost": 71728.94, "Total Cost": 71743.56, "Plan Rows": 5847, "Plan Width": 25, "Sort Key": ["ci.role_id"], "Plans": [{"Node Type": "Nested Loop", "Parent Relationship": "Outer", "Join Type": "Inner", "Startup Cost": 0.0, "Total Cost": 71363.11, "Plan Rows": 5847, "Plan Width": 25, "Inner Unique": false, "Plans": [{"Node Type": "Nested Loop", "Parent Relationship": "Outer", "Join Type": "Inner", "Startup Cost": 0.0, "Total Cost": 65620.52, "Plan Rows": 5775, "Plan Width": 25, "Inner Unique": true, "Plans": [{"Node Type": "Nested Loop", "Parent Relationship": "Outer", "Join Type": "Inner", "Startup Cost": 0.0, "Total Cost": 42973.42, "Plan Rows": 5775, "Plan Width": 4, "Inner Unique": true, "Plans": [{"Node Type": "Streaming(type: LOCAL GATHER dop: 1/16)", "Parent Relationship": "Outer", "Startup Cost": 0.0, "Total Cost": 19215.08, "Plan Rows": 36426, "Plan Width": 8, "Plans": [{"Node Type": "Seq Scan", "Parent Relationship": "Outer", "Relation Name": "movie_companies", "Alias": "mc", "Startup Cost": 0.0, "Total Cost": 18428.93, "Plan Rows": 36426, "Plan Width": 8, "Filter": "(((note)::text ~~ '%(Japan)%'::text) AND ((note)::text !~~ '%(USA)%'::text))"}]}, {"Node Type": "Index Scan", "Parent Relationship": "Inner", "Scan Direction": "Forward", "Index Name": "company_name_pkey", "Relation Name": "company_name", "Alias": "cn", "Startup Cost": 0.0, "Total Cost": 0.64, "Plan Rows": 1, "Plan Width": 4, "Index Cond": "(id = mc.company_id)", "Filter": "((country_code)::text = '[jp]'::text)"}]}, {"Node Type": "Index Scan", "Parent Relationship": "Inner", "Scan Direction": "Forward", "Index Name": "title_pkey", "Relation Name": "title", "Alias": "t", "Startup Cost": 0.0, "Total Cost": 3.91, "Plan Rows": 1, "Plan Width": 21, "Index Cond": "(id = mc.movie_id)"}]}, {"Node Type": "Index Scan", "Parent Relationship": "Inner", "Scan Direction": "Forward", "Index Name": "movie_id_cast_info", "Relation Name": "cast_info", "Alias": "ci", "Startup Cost": 0.0, "Total Cost": 0.98, "Plan Rows": 1, "Plan Width": 12, "Index Cond": "(movie_id = t.id)", "Filter": "((note)::text = '(voice: English version)'::text)"}]}]}]}, {"Node Type": "Index Scan", "Parent Relationship": "Inner", "Scan Direction": "Forward", "Index Name": "person_id_aka_name", "Relation Name": "aka_name", "Alias": "an1", "Startup Cost": 0.0, "Total Cost": 0.84, "Plan Rows": 1, "Plan Width": 20, "Index Cond": "(person_id = ci.person_id)"}]}, {"Node Type": "Index Scan", "Parent Relationship": "Inner", "Scan Direction": "Forward", "Index Name": "name_pkey", "Relation Name": "name", "Alias": "n1", "Startup Cost": 0.0, "Total Cost": 0.57, "Plan Rows": 1, "Plan Width": 4, "Index Cond": "(id = an1.person_id)", "Filter": "(((name)::text ~~ '%Yo%'::text) AND ((name)::text !~~ '%Yu%'::text))"}]}]}, "Unique SQL Id": 3544391839, "Planner Runtime": 21}, "explain_analyze_plan": {"Plan": {"Node Type": "Aggregate", "Strategy": "Plain", "Startup Cost": 72594.9, "Total Cost": 72594.91, "Plan Rows": 1, "Plan Width": 97, "Actual Min Startup Time": 3413.734, "Actual Max Startup Time": 3413.734, "Actual Min Total Time": 3413.735, "Actual Max Total Time": 3413.735, "Plans": [{"Node Type": "Nested Loop", "Parent Relationship": "Outer", "Join Type": "Inner", "Startup Cost": 71730.1, "Total Cost": 72594.42, "Plan Rows": 96, "Plan Width": 33, "Actual Min Startup Time": 3352.108, "Actual Max Startup Time": 3352.108, "Actual Min Total Time": 3413.549, "Actual Max Total Time": 3413.549, "Inner Unique": true, "Plans": [{"Node Type": "Nested Loop", "Parent Relationship": "Outer", "Join Type": "Inner", "Startup Cost": 71730.1, "Total Cost": 72218.88, "Plan Rows": 645, "Plan Width": 41, "Actual Min Startup Time": 3301.142, "Actual Max Startup Time": 3301.142, "Actual Min Total Time": 3345.473, "Actual Max Total Time": 3345.473, "Inner Unique": false, "Plans": [{"Node Type": "Merge Join", "Parent Relationship": "Outer", "Join Type": "Inner", "Startup Cost": 71730.1, "Total Cost": 71764.66, "Plan Rows": 532, "Plan Width": 21, "Actual Min Startup Time": 3301.116, "Actual Max Startup Time": 3301.116, "Actual Min Total Time": 3304.992, "Actual Max Total Time": 3304.992, "Inner Unique": false, "Merge Cond": "(rt.id = ci.role_id)", "Plans": [{"Node Type": "Sort", "Parent Relationship": "Outer", "Startup Cost": 1.16, "Total Cost": 1.16, "Plan Rows": 1, "Plan Width": 4, "Actual Min Startup Time": 0.065, "Actual Max Startup Time": 0.065, "Actual Min Total Time": 0.065, "Actual Max Total Time": 0.065, "Sort Key": ["rt.id"], "Sort Method": "quicksort", "Sort Space Min Used": 25, "Sort Space Max Used": 25, "Sort Space Type": "Memory", "Plans": [{"Node Type": "Seq Scan", "Parent Relationship": "Outer", "Relation Name": "role_type", "Alias": "rt", "Startup Cost": 0.0, "Total Cost": 1.15, "Plan Rows": 1, "Plan Width": 4, "Actual Min Startup Time": 0.035, "Actual Max Startup Time": 0.035, "Actual Min Total Time": 0.039, "Actual Max Total Time": 0.039, "Filter": "((role)::text = 'actress'::text)", "Rows Removed by Filter": 11, "Actual Rows": 1}], "Actual Rows": 1}, {"Node Type": "Sort", "Parent Relationship": "Inner", "Startup Cost": 71728.94, "Total Cost": 71743.56, "Plan Rows": 5847, "Plan Width": 25, "Actual Min Startup Time": 3297.386, "Actual Max Startup Time": 3297.386, "Actual Min Total Time": 3300.623, "Actual Max Total Time": 3300.623, "Sort Key": ["ci.role_id"], "Sort Method": "quicksort", "Sort Space Min Used": 2817, "Sort Space Max Used": 2817, "Sort Space Type": "Memory", "Plans": [{"Node Type": "Nested Loop", "Parent Relationship": "Outer", "Join Type": "Inner", "Startup Cost": 0.0, "Total Cost": 71363.11, "Plan Rows": 5847, "Plan Width": 25, "Actual Min Startup Time": 16.385, "Actual Max Startup Time": 16.385, "Actual Min Total Time": 3289.846, "Actual Max Total Time": 3289.846, "Inner Unique": false, "Plans": [{"Node Type": "Nested Loop", "Parent Relationship": "Outer", "Join Type": "Inner", "Startup Cost": 0.0, "Total Cost": 65620.52, "Plan Rows": 5775, "Plan Width": 25, "Actual Min Startup Time": 15.532, "Actual Max Startup Time": 15.532, "Actual Min Total Time": 521.554, "Actual Max Total Time": 521.554, "Inner Unique": true, "Plans": [{"Node Type": "Nested Loop", "Parent Relationship": "Outer", "Join Type": "Inner", "Startup Cost": 0.0, "Total Cost": 42973.42, "Plan Rows": 5775, "Plan Width": 4, "Actual Min Startup Time": 15.516, "Actual Max Startup Time": 15.516, "Actual Min Total Time": 276.452, "Actual Max Total Time": 276.452, "Inner Unique": true, "Plans": [{"Node Type": "Streaming(type: LOCAL GATHER dop: 1/16)", "Parent Relationship": "Outer", "Startup Cost": 0.0, "Total Cost": 19215.08, "Plan Rows": 36426, "Plan Width": 8, "Actual Min Startup Time": 15.45, "Actual Max Startup Time": 15.45, "Actual Min Total Time": 37.08, "Actual Max Total Time": 37.08, "Plans": [{"Node Type": "Seq Scan", "Parent Relationship": "Outer", "Relation Name": "movie_companies", "Alias": "mc", "Startup Cost": 0.0, "Total Cost": 18428.93, "Plan Rows": 36426, "Plan Width": 8, "Actual Min Startup Time": 0.041, "Actual Max Startup Time": 0.391, "Actual Min Total Time": 53.864, "Actual Max Total Time": 61.285, "Filter": "(((note)::text ~~ '%(Japan)%'::text) AND ((note)::text !~~ '%(USA)%'::text))", "Rows Removed by Filter": 2560231, "Actual Rows": 48897}], "Actual Rows": 48897}, {"Node Type": "Index Scan", "Parent Relationship": "Inner", "Scan Direction": "Forward", "Index Name": "company_name_pkey", "Relation Name": "company_name", "Alias": "cn", "Startup Cost": 0.0, "Total Cost": 0.64, "Plan Rows": 1, "Plan Width": 4, "Actual Min Startup Time": 195.556, "Actual Max Startup Time": 195.556, "Actual Min Total Time": 195.556, "Actual Max Total Time": 195.556, "Index Cond": "(id = mc.company_id)", "Rows Removed by Index Recheck": 0, "Filter": "((country_code)::text = '[jp]'::text)", "Rows Removed by Filter": 569, "Actual Rows": 48328}], "Actual Rows": 48328}, {"Node Type": "Index Scan", "Parent Relationship": "Inner", "Scan Direction": "Forward", "Index Name": "title_pkey", "Relation Name": "title", "Alias": "t", "Startup Cost": 0.0, "Total Cost": 3.91, "Plan Rows": 1, "Plan Width": 21, "Actual Min Startup Time": 203.886, "Actual Max Startup Time": 203.886, "Actual Min Total Time": 203.886, "Actual Max Total Time": 203.886, "Index Cond": "(id = mc.movie_id)", "Rows Removed by Index Recheck": 0, "Actual Rows": 48328}], "Actual Rows": 48328}, {"Node Type": "Index Scan", "Parent Relationship": "Inner", "Scan Direction": "Forward", "Index Name": "movie_id_cast_info", "Relation Name": "cast_info", "Alias": "ci", "Startup Cost": 0.0, "Total Cost": 0.98, "Plan Rows": 1, "Plan Width": 12, "Actual Min Startup Time": 2613.575, "Actual Max Startup Time": 2613.575, "Actual Min Total Time": 2736.796, "Actual Max Total Time": 2736.796, "Index Cond": "(movie_id = t.id)", "Rows Removed by Index Recheck": 0, "Filter": "((note)::text = '(voice: English version)'::text)", "Rows Removed by Filter": 1531710, "Actual Rows": 19600}], "Actual Rows": 19600}], "Actual Rows": 19600}], "Actual Rows": 7438}, {"Node Type": "Index Scan", "Parent Relationship": "Inner", "Scan Direction": "Forward", "Index Name": "person_id_aka_name", "Relation Name": "aka_name", "Alias": "an1", "Startup Cost": 0.0, "Total Cost": 0.84, "Plan Rows": 1, "Plan Width": 20, "Actual Min Startup Time": 25.53, "Actual Max Startup Time": 25.53, "Actual Min Total Time": 32.819, "Actual Max Total Time": 32.819, "Index Cond": "(person_id = ci.person_id)", "Rows Removed by Index Recheck": 0, "Actual Rows": 17379}], "Actual Rows": 17379}, {"Node Type": "Index Scan", "Parent Relationship": "Inner", "Scan Direction": "Forward", "Index Name": "name_pkey", "Relation Name": "name", "Alias": "n1", "Startup Cost": 0.0, "Total Cost": 0.57, "Plan Rows": 1, "Plan Width": 4, "Actual Min Startup Time": 59.453, "Actual Max Startup Time": 59.453, "Actual Min Total Time": 59.453, "Actual Max Total Time": 59.453, "Index Cond": "(id = an1.person_id)", "Rows Removed by Index Recheck": 0, "Filter": "(((name)::text ~~ '%Yo%'::text) AND ((name)::text !~~ '%Yu%'::text))", "Rows Removed by Filter": 17317, "Actual Rows": 62}], "Actual Rows": 62}], "Actual Rows": 1}, "Triggers": [], "Planner Runtime": 21, "Total Runtime": 3416.768, "Unique SQL Id": 3544391839}}, "(16, 89)": {"explain_plan": {"Plan": {"Node Type": "Aggregate", "Strategy": "Plain", "Startup Cost": 111152.55, "Total Cost": 111152.56, "Plan Rows": 1, "Plan Width": 97, "Plans": [{"Node Type": "Nested Loop", "Parent Relationship": "Outer", "Join Type": "Inner", "Startup Cost": 110275.3, "Total Cost": 111152.07, "Plan Rows": 96, "Plan Width": 33, "Inner Unique": true, "Plans": [{"Node Type": "Nested Loop", "Parent Relationship": "Outer", "Join Type": "Inner", "Startup Cost": 110275.3, "Total Cost": 110776.53, "Plan Rows": 645, "Plan Width": 41, "Inner Unique": false, "Plans": [{"Node Type": "Merge Join", "Parent Relationship": "Outer", "Join Type": "Inner", "Startup Cost": 110275.3, "Total Cost": 110322.31, "Plan Rows": 532, "Plan Width": 21, "Inner Unique": false, "Merge Cond": "(rt.id = ci.role_id)", "Plans": [{"Node Type": "Index Scan", "Parent Relationship": "Outer", "Scan Direction": "Forward", "Index Name": "role_type_pkey", "Relation Name": "role_type", "Alias": "rt", "Startup Cost": 0.0, "Total Cost": 12.46, "Plan Rows": 1, "Plan Width": 4, "Filter": "((role)::text = 'actress'::text)"}, {"Node Type": "Sort", "Parent Relationship": "Inner", "Startup Cost": 110275.3, "Total Cost": 110289.91, "Plan Rows": 5847, "Plan Width": 25, "Sort Key": ["ci.role_id"], "Plans": [{"Node Type": "Nested Loop", "Parent Relationship": "Outer", "Join Type": "Inner", "Startup Cost": 0.0, "Total Cost": 109909.47, "Plan Rows": 5847, "Plan Width": 25, "Inner Unique": false, "Plans": [{"Node Type": "Nested Loop", "Parent Relationship": "Outer", "Join Type": "Inner", "Startup Cost": 0.0, "Total Cost": 104166.87, "Plan Rows": 5775, "Plan Width": 25, "Inner Unique": true, "Plans": [{"Node Type": "Nested Loop", "Parent Relationship": "Outer", "Join Type": "Inner", "Startup Cost": 0.0, "Total Cost": 81519.78, "Plan Rows": 5775, "Plan Width": 4, "Inner Unique": false, "Plans": [{"Node Type": "Index Scan", "Parent Relationship": "Outer", "Scan Direction": "Forward", "Index Name": "company_name_pkey", "Relation Name": "company_name", "Alias": "cn", "Startup Cost": 0.0, "Total Cost": 10501.39, "Plan Rows": 6290, "Plan Width": 4, "Filter": "((country_code)::text = '[jp]'::text)"}, {"Node Type": "Index Scan", "Parent Relationship": "Inner", "Scan Direction": "Forward", "Index Name": "company_id_movie_companies", "Relation Name": "movie_companies", "Alias": "mc", "Startup Cost": 0.0, "Total Cost": 11.28, "Plan Rows": 1, "Plan Width": 8, "Index Cond": "(company_id = cn.id)", "Filter": "(((note)::text ~~ '%(Japan)%'::text) AND ((note)::text !~~ '%(USA)%'::text))"}]}, {"Node Type": "Index Scan", "Parent Relationship": "Inner", "Scan Direction": "Forward", "Index Name": "title_pkey", "Relation Name": "title", "Alias": "t", "Startup Cost": 0.0, "Total Cost": 3.91, "Plan Rows": 1, "Plan Width": 21, "Index Cond": "(id = mc.movie_id)"}]}, {"Node Type": "Index Scan", "Parent Relationship": "Inner", "Scan Direction": "Forward", "Index Name": "movie_id_cast_info", "Relation Name": "cast_info", "Alias": "ci", "Startup Cost": 0.0, "Total Cost": 0.98, "Plan Rows": 1, "Plan Width": 12, "Index Cond": "(movie_id = t.id)", "Filter": "((note)::text = '(voice: English version)'::text)"}]}]}]}, {"Node Type": "Index Scan", "Parent Relationship": "Inner", "Scan Direction": "Forward", "Index Name": "person_id_aka_name", "Relation Name": "aka_name", "Alias": "an1", "Startup Cost": 0.0, "Total Cost": 0.84, "Plan Rows": 1, "Plan Width": 20, "Index Cond": "(person_id = ci.person_id)"}]}, {"Node Type": "Index Scan", "Parent Relationship": "Inner", "Scan Direction": "Forward", "Index Name": "name_pkey", "Relation Name": "name", "Alias": "n1", "Startup Cost": 0.0, "Total Cost": 0.57, "Plan Rows": 1, "Plan Width": 4, "Index Cond": "(id = an1.person_id)", "Filter": "(((name)::text ~~ '%Yo%'::text) AND ((name)::text !~~ '%Yu%'::text))"}]}]}, "Unique SQL Id": 3544391839, "Planner Runtime": 24}, "explain_analyze_plan": {"Plan": {"Node Type": "Aggregate", "Strategy": "Plain", "Startup Cost": 111152.55, "Total Cost": 111152.56, "Plan Rows": 1, "Plan Width": 97, "Actual Startup Time": 4366.654, "Actual Total Time": 4366.655, "Actual Rows": 1, "Actual Loops": 1, "Plans": [{"Node Type": "Nested Loop", "Parent Relationship": "Outer", "Join Type": "Inner", "Startup Cost": 110275.3, "Total Cost": 111152.07, "Plan Rows": 96, "Plan Width": 33, "Actual Startup Time": 4255.006, "Actual Total Time": 4366.546, "Actual Rows": 62, "Actual Loops": 1, "Inner Unique": true, "Plans": [{"Node Type": "Nested Loop", "Parent Relationship": "Outer", "Join Type": "Inner", "Startup Cost": 110275.3, "Total Cost": 110776.53, "Plan Rows": 645, "Plan Width": 41, "Actual Startup Time": 4253.835, "Actual Total Time": 4296.732, "Actual Rows": 17379, "Actual Loops": 1, "Inner Unique": false, "Plans": [{"Node Type": "Merge Join", "Parent Relationship": "Outer", "Join Type": "Inner", "Startup Cost": 110275.3, "Total Cost": 110322.31, "Plan Rows": 532, "Plan Width": 21, "Actual Startup Time": 4253.805, "Actual Total Time": 4257.14, "Actual Rows": 7438, "Actual Loops": 1, "Inner Unique": false, "Merge Cond": "(rt.id = ci.role_id)", "Plans": [{"Node Type": "Index Scan", "Parent Relationship": "Outer", "Scan Direction": "Forward", "Index Name": "role_type_pkey", "Relation Name": "role_type", "Alias": "rt", "Startup Cost": 0.0, "Total Cost": 12.46, "Plan Rows": 1, "Plan Width": 4, "Actual Startup Time": 0.017, "Actual Total Time": 0.031, "Actual Rows": 1, "Actual Loops": 1, "Filter": "((role)::text = 'actress'::text)", "Rows Removed by Filter": 11}, {"Node Type": "Sort", "Parent Relationship": "Inner", "Startup Cost": 110275.3, "Total Cost": 110289.91, "Plan Rows": 5847, "Plan Width": 25, "Actual Startup Time": 4250.503, "Actual Total Time": 4253.1, "Actual Rows": 19600, "Actual Loops": 1, "Sort Key": ["ci.role_id"], "Sort Method": "quicksort", "Sort Space Used": 2817, "Sort Space Type": "Memory", "Plans": [{"Node Type": "Nested Loop", "Parent Relationship": "Outer", "Join Type": "Inner", "Startup Cost": 0.0, "Total Cost": 109909.47, "Plan Rows": 5847, "Plan Width": 25, "Actual Startup Time": 0.399, "Actual Total Time": 4243.236, "Actual Rows": 19600, "Actual Loops": 1, "Inner Unique": false, "Plans": [{"Node Type": "Nested Loop", "Parent Relationship": "Outer", "Join Type": "Inner", "Startup Cost": 0.0, "Total Cost": 104166.87, "Plan Rows": 5775, "Plan Width": 25, "Actual Startup Time": 0.307, "Actual Total Time": 902.202, "Actual Rows": 48328, "Actual Loops": 1, "Inner Unique": true, "Plans": [{"Node Type": "Nested Loop", "Parent Relationship": "Outer", "Join Type": "Inner", "Startup Cost": 0.0, "Total Cost": 81519.78, "Plan Rows": 5775, "Plan Width": 4, "Actual Startup Time": 0.291, "Actual Total Time": 546.358, "Actual Rows": 48328, "Actual Loops": 1, "Inner Unique": false, "Plans": [{"Node Type": "Index Scan", "Parent Relationship": "Outer", "Scan Direction": "Forward", "Index Name": "company_name_pkey", "Relation Name": "company_name", "Alias": "cn", "Startup Cost": 0.0, "Total Cost": 10501.39, "Plan Rows": 6290, "Plan Width": 4, "Actual Startup Time": 0.25, "Actual Total Time": 301.159, "Actual Rows": 6752, "Actual Loops": 1, "Filter": "((country_code)::text = '[jp]'::text)", "Rows Removed by Filter": 228244}, {"Node Type": "Index Scan", "Parent Relationship": "Inner", "Scan Direction": "Forward", "Index Name": "company_id_movie_companies", "Relation Name": "movie_companies", "Alias": "mc", "Startup Cost": 0.0, "Total Cost": 11.28, "Plan Rows": 1, "Plan Width": 8, "Actual Startup Time": 58.674, "Actual Total Time": 229.279, "Actual Rows": 48328, "Actual Loops": 6752, "Index Cond": "(company_id = cn.id)", "Rows Removed by Index Recheck": 0, "Filter": "(((note)::text ~~ '%(Japan)%'::text) AND ((note)::text !~~ '%(USA)%'::text))", "Rows Removed by Filter": 56667}]}, {"Node Type": "Index Scan", "Parent Relationship": "Inner", "Scan Direction": "Forward", "Index Name": "title_pkey", "Relation Name": "title", "Alias": "t", "Startup Cost": 0.0, "Total Cost": 3.91, "Plan Rows": 1, "Plan Width": 21, "Actual Startup Time": 312.879, "Actual Total Time": 312.879, "Actual Rows": 48328, "Actual Loops": 48328, "Index Cond": "(id = mc.movie_id)", "Rows Removed by Index Recheck": 0}]}, {"Node Type": "Index Scan", "Parent Relationship": "Inner", "Scan Direction": "Forward", "Index Name": "movie_id_cast_info", "Relation Name": "cast_info", "Alias": "ci", "Startup Cost": 0.0, "Total Cost": 0.98, "Plan Rows": 1, "Plan Width": 12, "Actual Startup Time": 3161.31, "Actual Total Time": 3309.49, "Actual Rows": 19600, "Actual Loops": 48328, "Index Cond": "(movie_id = t.id)", "Rows Removed by Index Recheck": 0, "Filter": "((note)::text = '(voice: English version)'::text)", "Rows Removed by Filter": 1531710}]}]}]}, {"Node Type": "Index Scan", "Parent Relationship": "Inner", "Scan Direction": "Forward", "Index Name": "person_id_aka_name", "Relation Name": "aka_name", "Alias": "an1", "Startup Cost": 0.0, "Total Cost": 0.84, "Plan Rows": 1, "Plan Width": 20, "Actual Startup Time": 24.605, "Actual Total Time": 31.805, "Actual Rows": 17379, "Actual Loops": 7438, "Index Cond": "(person_id = ci.person_id)", "Rows Removed by Index Recheck": 0}]}, {"Node Type": "Index Scan", "Parent Relationship": "Inner", "Scan Direction": "Forward", "Index Name": "name_pkey", "Relation Name": "name", "Alias": "n1", "Startup Cost": 0.0, "Total Cost": 0.57, "Plan Rows": 1, "Plan Width": 4, "Actual Startup Time": 61.493, "Actual Total Time": 61.493, "Actual Rows": 62, "Actual Loops": 17379, "Index Cond": "(id = an1.person_id)", "Rows Removed by Index Recheck": 0, "Filter": "(((name)::text ~~ '%Yo%'::text) AND ((name)::text !~~ '%Yu%'::text))", "Rows Removed by Filter": 17317}]}]}, "Triggers": [], "Planner Runtime": 24, "Total Runtime": 4367.037, "Unique SQL Id": 3544391839}}, "(16, 90)": {"explain_plan": {"Plan": {"Node Type": "Aggregate", "Strategy": "Plain", "Startup Cost": 3820872247470.27, "Total Cost": 3820872247470.28, "Plan Rows": 1, "Plan Width": 97, "Plans": [{"Node Type": "Merge Join", "Parent Relationship": "Outer", "Join Type": "Inner", "Startup Cost": 2831744219687.48, "Total Cost": 3820872247467.04, "Plan Rows": 646, "Plan Width": 33, "Inner Unique": false, "Merge Cond": "(t.id = ci.movie_id)", "Plans": [{"Node Type": "Index Scan", "Parent Relationship": "Outer", "Scan Direction": "Forward", "Index Name": "title_pkey", "Relation Name": "title", "Alias": "t", "Startup Cost": 10000000000.0, "Total Cost": 1000011012048.91, "Plan Rows": 2528311, "Plan Width": 21}, {"Node Type": "Sort", "Parent Relationship": "Inner", "Startup Cost": 2821744219687.48, "Total Cost": 2821744219689.09, "Plan Rows": 646, "Plan Width": 24, "Sort Key": ["ci.movie_id"], "Plans": [{"Node Type": "Merge Join", "Parent Relationship": "Outer", "Join Type": "Inner", "Startup Cost": 2821744219610.24, "Total Cost": 2821744219657.32, "Plan Rows": 646, "Plan Width": 24, "Inner Unique": true, "Merge Cond": "(mc.company_id = cn.id)", "Plans": [{"Node Type": "Sort", "Parent Relationship": "Outer", "Startup Cost": 2821744213309.76, "Total Cost": 2821744213312.99, "Plan Rows": 1290, "Plan Width": 28, "Sort Key": ["mc.company_id"], "Plans": [{"Node Type": "Merge Join", "Parent Relationship": "Outer", "Join Type": "Inner", "Startup Cost": 1831729856621.28, "Total Cost": 2821744213243.11, "Plan Rows": 1290, "Plan Width": 28, "Inner Unique": false, "Merge Cond": "(mc.movie_id = ci.movie_id)", "Plans": [{"Node Type": "Index Scan", "Parent Relationship": "Outer", "Scan Direction": "Forward", "Index Name": "movie_id_movie_companies", "Relation Name": "movie_companies", "Alias": "mc", "Startup Cost": 10000000000.0, "Total Cost": 1000014356510.13, "Plan Rows": 36426, "Plan Width": 8, "Filter": "(((note)::text ~~ '%(Japan)%'::text) AND ((note)::text !~~ '%(USA)%'::text))"}, {"Node Type": "Sort", "Parent Relationship": "Inner", "Startup Cost": 1821729856621.28, "Total Cost": 1821729856625.18, "Plan Rows": 1560, "Plan Width": 20, "Sort Key": ["ci.movie_id"], "Plans": [{"Node Type": "Merge Join", "Parent Relationship": "Outer", "Join Type": "Inner", "Startup Cost": 120031370727.55, "Total Cost": 1821729856538.54, "Plan Rows": 1560, "Plan Width": 20, "Inner Unique": false, "Merge Cond": "(an1.person_id = ci.person_id)", "Plans": [{"Node Type": "Merge Join", "Parent Relationship": "Outer", "Join Type": "Inner", "Startup Cost": 20030754356.47, "Total Cost": 2000026606025.89, "Plan Rows": 16627, "Plan Width": 24, "Inner Unique": true, "Merge Cond": "(an1.person_id = n1.id)", "Plans": [{"Node Type": "Index Scan", "Parent Relationship": "Outer", "Scan Direction": "Forward", "Index Name": "person_id_aka_name", "Relation Name": "aka_name", "Alias": "an1", "Startup Cost": 10000000000.0, "Total Cost": 1000006896503.43, "Plan Rows": 901342, "Plan Width": 20}, {"Node Type": "Materialize", "Parent Relationship": "Inner", "Startup Cost": 10000000000.0, "Total Cost": 1000019707054.42, "Plan Rows": 13886, "Plan Width": 4, "Plans": [{"Node Type": "Index Scan", "Parent Relationship": "Outer", "Scan Direction": "Forward", "Index Name": "name_pkey", "Relation Name": "name", "Alias": "n1", "Startup Cost": 10000000000.0, "Total Cost": 1000019707019.7, "Plan Rows": 13886, "Plan Width": 4, "Filter": "(((name)::text ~~ '%Yo%'::text) AND ((name)::text !~~ '%Yu%'::text))"}]}]}, {"Node Type": "Sort", "Parent Relationship": "Inner", "Startup Cost": 100000616371.09, "Total Cost": 100000616393.06, "Plan Rows": 8790, "Plan Width": 8, "Sort Key": ["ci.person_id"], "Plans": [{"Node Type": "Nested Loop", "Parent Relationship": "Outer", "Join Type": "Inner", "Startup Cost": 10000000000.0, "Total Cost": 100000615795.27, "Plan Rows": 8790, "Plan Width": 8, "Inner Unique": false, "Join Filter": "(ci.role_id = rt.id)", "Plans": [{"Node Type": "Seq Scan", "Parent Relationship": "Outer", "Relation Name": "role_type", "Alias": "rt", "Startup Cost": 0.0, "Total Cost": 1.15, "Plan Rows": 1, "Plan Width": 4, "Filter": "((role)::text = 'actress'::text)"}, {"Node Type": "Materialize", "Parent Relationship": "Inner", "Startup Cost": 0.0, "Total Cost": 60611.46, "Plan Rows": 96692, "Plan Width": 12, "Plans": [{"Node Type": "Streaming(type: LOCAL GATHER dop: 1/16)", "Parent Relationship": "Outer", "Startup Cost": 0.0, "Total Cost": 60369.73, "Plan Rows": 96692, "Plan Width": 12, "Plans": [{"Node Type": "Seq Scan", "Parent Relationship": "Outer", "Relation Name": "cast_info", "Alias": "ci", "Startup Cost": 0.0, "Total Cost": 58282.92, "Plan Rows": 96692, "Plan Width": 12, "Filter": "((note)::text = '(voice: English version)'::text)"}]}]}]}]}]}]}]}]}, {"Node Type": "Sort", "Parent Relationship": "Inner", "Startup Cost": 6300.31, "Total Cost": 6316.04, "Plan Rows": 6290, "Plan Width": 4, "Sort Key": ["cn.id"], "Plans": [{"Node Type": "Seq Scan", "Parent Relationship": "Outer", "Relation Name": "company_name", "Alias": "cn", "Startup Cost": 0.0, "Total Cost": 5903.45, "Plan Rows": 6290, "Plan Width": 4, "Filter": "((country_code)::text = '[jp]'::text)"}]}]}]}]}]}, "Unique SQL Id": 3544391839, "Planner Runtime": 71}, "explain_analyze_plan": null}, "(16, 91)": {"explain_plan": {"Plan": {"Node Type": "Aggregate", "Strategy": "Plain", "Startup Cost": 6720903366783.42, "Total Cost": 6720903366783.43, "Plan Rows": 1, "Plan Width": 97, "Plans": [{"Node Type": "Merge Join", "Parent Relationship": "Outer", "Join Type": "Inner", "Startup Cost": 5019204881117.76, "Total Cost": 6720903366780.19, "Plan Rows": 646, "Plan Width": 33, "Inner Unique": false, "Merge Cond": "(an1.person_id = ci.person_id)", "Plans": [{"Node Type": "Merge Join", "Parent Relationship": "Outer", "Join Type": "Inner", "Startup Cost": 20030754356.47, "Total Cost": 2000026606025.89, "Plan Rows": 16627, "Plan Width": 24, "Inner Unique": true, "Merge Cond": "(an1.person_id = n1.id)", "Plans": [{"Node Type": "Index Scan", "Parent Relationship": "Outer", "Scan Direction": "Forward", "Index Name": "person_id_aka_name", "Relation Name": "aka_name", "Alias": "an1", "Startup Cost": 10000000000.0, "Total Cost": 1000006896503.43, "Plan Rows": 901342, "Plan Width": 20}, {"Node Type": "Materialize", "Parent Relationship": "Inner", "Startup Cost": 10000000000.0, "Total Cost": 1000019707054.42, "Plan Rows": 13886, "Plan Width": 4, "Plans": [{"Node Type": "Index Scan", "Parent Relationship": "Outer", "Scan Direction": "Forward", "Index Name": "name_pkey", "Relation Name": "name", "Alias": "n1", "Startup Cost": 10000000000.0, "Total Cost": 1000019707019.7, "Plan Rows": 13886, "Plan Width": 4, "Filter": "(((name)::text ~~ '%Yo%'::text) AND ((name)::text !~~ '%Yu%'::text))"}]}]}, {"Node Type": "Sort", "Parent Relationship": "Inner", "Startup Cost": 4999174126761.3, "Total Cost": 4999174126762.63, "Plan Rows": 532, "Plan Width": 21, "Sort Key": ["ci.person_id"], "Plans": [{"Node Type": "Merge Join", "Parent Relationship": "Outer", "Join Type": "Inner", "Startup Cost": 4009173076542.06, "Total Cost": 4999174126737.21, "Plan Rows": 532, "Plan Width": 21, "Inner Unique": true, "Merge Cond": "(mc.company_id = cn.id)", "Plans": [{"Node Type": "Sort", "Parent Relationship": "Outer", "Startup Cost": 3999173076541.62, "Total Cost": 3999173076549.97, "Plan Rows": 3338, "Plan Width": 25, "Sort Key": ["mc.company_id"], "Plans": [{"Node Type": "Merge Join", "Parent Relationship": "Outer", "Join Type": "Inner", "Startup Cost": 2020143220534.9, "Total Cost": 3999173076346.27, "Plan Rows": 3338, "Plan Width": 25, "Inner Unique": false, "Merge Cond": "(ci.movie_id = mc.movie_id)", "Plans": [{"Node Type": "Merge Join", "Parent Relationship": "Outer", "Join Type": "Inner", "Startup Cost": 2010143220534.9, "Total Cost": 2999271248436.62, "Plan Rows": 8790, "Plan Width": 29, "Inner Unique": true, "Merge Cond": "(ci.movie_id = t.id)", "Plans": [{"Node Type": "Sort", "Parent Relationship": "Outer", "Startup Cost": 2000143220534.9, "Total Cost": 2000143220556.87, "Plan Rows": 8790, "Plan Width": 8, "Sort Key": ["ci.movie_id"], "Plans": [{"Node Type": "Merge Join", "Parent Relationship": "Outer", "Join Type": "Inner", "Startup Cost": 20000000000.0, "Total Cost": 2000143219959.08, "Plan Rows": 8790, "Plan Width": 8, "Inner Unique": true, "Merge Cond": "(ci.role_id = rt.id)", "Plans": [{"Node Type": "Index Scan", "Parent Relationship": "Outer", "Scan Direction": "Forward", "Index Name": "role_id_cast_info", "Relation Name": "cast_info", "Alias": "ci", "Startup Cost": 10000000000.0, "Total Cost": 1000143218339.5, "Plan Rows": 96692, "Plan Width": 12, "Filter": "((note)::text = '(voice: English version)'::text)"}, {"Node Type": "Materialize", "Parent Relationship": "Inner", "Startup Cost": 10000000000.0, "Total Cost": 1000000001246.0, "Plan Rows": 1, "Plan Width": 4, "Plans": [{"Node Type": "Index Scan", "Parent Relationship": "Outer", "Scan Direction": "Forward", "Index Name": "role_type_pkey", "Relation Name": "role_type", "Alias": "rt", "Startup Cost": 10000000000.0, "Total Cost": 1000000001246.0, "Plan Rows": 1, "Plan Width": 4, "Filter": "((role)::text = 'actress'::text)"}]}]}]}, {"Node Type": "Index Scan", "Parent Relationship": "Inner", "Scan Direction": "Forward", "Index Name": "title_pkey", "Relation Name": "title", "Alias": "t", "Startup Cost": 10000000000.0, "Total Cost": 1000011012048.91, "Plan Rows": 2528311, "Plan Width": 21}]}, {"Node Type": "Index Scan", "Parent Relationship": "Inner", "Scan Direction": "Forward", "Index Name": "movie_id_movie_companies", "Relation Name": "movie_companies", "Alias": "mc", "Startup Cost": 10000000000.0, "Total Cost": 1000014356510.13, "Plan Rows": 36426, "Plan Width": 8, "Filter": "(((note)::text ~~ '%(Japan)%'::text) AND ((note)::text !~~ '%(USA)%'::text))"}]}]}, {"Node Type": "Index Scan", "Parent Relationship": "Inner", "Scan Direction": "Forward", "Index Name": "company_name_pkey", "Relation Name": "company_name", "Alias": "cn", "Startup Cost": 10000000000.0, "Total Cost": 1000001050138.97, "Plan Rows": 6290, "Plan Width": 4, "Filter": "((country_code)::text = '[jp]'::text)"}]}]}]}]}, "Unique SQL Id": 3544391839, "Planner Runtime": 135}, "explain_analyze_plan": null}, "(16, 92)": {"explain_plan": {"Plan": {"Node Type": "Aggregate", "Strategy": "Plain", "Startup Cost": 72594.9, "Total Cost": 72594.91, "Plan Rows": 1, "Plan Width": 97, "Plans": [{"Node Type": "Nested Loop", "Parent Relationship": "Outer", "Join Type": "Inner", "Startup Cost": 71730.1, "Total Cost": 72594.42, "Plan Rows": 96, "Plan Width": 33, "Inner Unique": true, "Plans": [{"Node Type": "Nested Loop", "Parent Relationship": "Outer", "Join Type": "Inner", "Startup Cost": 71730.1, "Total Cost": 72218.88, "Plan Rows": 645, "Plan Width": 41, "Inner Unique": false, "Plans": [{"Node Type": "Merge Join", "Parent Relationship": "Outer", "Join Type": "Inner", "Startup Cost": 71730.1, "Total Cost": 71764.66, "Plan Rows": 532, "Plan Width": 21, "Inner Unique": false, "Merge Cond": "(rt.id = ci.role_id)", "Plans": [{"Node Type": "Sort", "Parent Relationship": "Outer", "Startup Cost": 1.16, "Total Cost": 1.16, "Plan Rows": 1, "Plan Width": 4, "Sort Key": ["rt.id"], "Plans": [{"Node Type": "Seq Scan", "Parent Relationship": "Outer", "Relation Name": "role_type", "Alias": "rt", "Startup Cost": 0.0, "Total Cost": 1.15, "Plan Rows": 1, "Plan Width": 4, "Filter": "((role)::text = 'actress'::text)"}]}, {"Node Type": "Sort", "Parent Relationship": "Inner", "Startup Cost": 71728.94, "Total Cost": 71743.56, "Plan Rows": 5847, "Plan Width": 25, "Sort Key": ["ci.role_id"], "Plans": [{"Node Type": "Nested Loop", "Parent Relationship": "Outer", "Join Type": "Inner", "Startup Cost": 0.0, "Total Cost": 71363.11, "Plan Rows": 5847, "Plan Width": 25, "Inner Unique": false, "Plans": [{"Node Type": "Nested Loop", "Parent Relationship": "Outer", "Join Type": "Inner", "Startup Cost": 0.0, "Total Cost": 65620.52, "Plan Rows": 5775, "Plan Width": 25, "Inner Unique": true, "Plans": [{"Node Type": "Nested Loop", "Parent Relationship": "Outer", "Join Type": "Inner", "Startup Cost": 0.0, "Total Cost": 42973.42, "Plan Rows": 5775, "Plan Width": 4, "Inner Unique": true, "Plans": [{"Node Type": "Streaming(type: LOCAL GATHER dop: 1/16)", "Parent Relationship": "Outer", "Startup Cost": 0.0, "Total Cost": 19215.08, "Plan Rows": 36426, "Plan Width": 8, "Plans": [{"Node Type": "Seq Scan", "Parent Relationship": "Outer", "Relation Name": "movie_companies", "Alias": "mc", "Startup Cost": 0.0, "Total Cost": 18428.93, "Plan Rows": 36426, "Plan Width": 8, "Filter": "(((note)::text ~~ '%(Japan)%'::text) AND ((note)::text !~~ '%(USA)%'::text))"}]}, {"Node Type": "Index Scan", "Parent Relationship": "Inner", "Scan Direction": "Forward", "Index Name": "company_name_pkey", "Relation Name": "company_name", "Alias": "cn", "Startup Cost": 0.0, "Total Cost": 0.64, "Plan Rows": 1, "Plan Width": 4, "Index Cond": "(id = mc.company_id)", "Filter": "((country_code)::text = '[jp]'::text)"}]}, {"Node Type": "Index Scan", "Parent Relationship": "Inner", "Scan Direction": "Forward", "Index Name": "title_pkey", "Relation Name": "title", "Alias": "t", "Startup Cost": 0.0, "Total Cost": 3.91, "Plan Rows": 1, "Plan Width": 21, "Index Cond": "(id = mc.movie_id)"}]}, {"Node Type": "Index Scan", "Parent Relationship": "Inner", "Scan Direction": "Forward", "Index Name": "movie_id_cast_info", "Relation Name": "cast_info", "Alias": "ci", "Startup Cost": 0.0, "Total Cost": 0.98, "Plan Rows": 1, "Plan Width": 12, "Index Cond": "(movie_id = t.id)", "Filter": "((note)::text = '(voice: English version)'::text)"}]}]}]}, {"Node Type": "Index Scan", "Parent Relationship": "Inner", "Scan Direction": "Forward", "Index Name": "person_id_aka_name", "Relation Name": "aka_name", "Alias": "an1", "Startup Cost": 0.0, "Total Cost": 0.84, "Plan Rows": 1, "Plan Width": 20, "Index Cond": "(person_id = ci.person_id)"}]}, {"Node Type": "Index Scan", "Parent Relationship": "Inner", "Scan Direction": "Forward", "Index Name": "name_pkey", "Relation Name": "name", "Alias": "n1", "Startup Cost": 0.0, "Total Cost": 0.57, "Plan Rows": 1, "Plan Width": 4, "Index Cond": "(id = an1.person_id)", "Filter": "(((name)::text ~~ '%Yo%'::text) AND ((name)::text !~~ '%Yu%'::text))"}]}]}, "Unique SQL Id": 3544391839, "Planner Runtime": 21}, "explain_analyze_plan": {"Plan": {"Node Type": "Aggregate", "Strategy": "Plain", "Startup Cost": 72594.9, "Total Cost": 72594.91, "Plan Rows": 1, "Plan Width": 97, "Actual Min Startup Time": 3413.734, "Actual Max Startup Time": 3413.734, "Actual Min Total Time": 3413.735, "Actual Max Total Time": 3413.735, "Plans": [{"Node Type": "Nested Loop", "Parent Relationship": "Outer", "Join Type": "Inner", "Startup Cost": 71730.1, "Total Cost": 72594.42, "Plan Rows": 96, "Plan Width": 33, "Actual Min Startup Time": 3352.108, "Actual Max Startup Time": 3352.108, "Actual Min Total Time": 3413.549, "Actual Max Total Time": 3413.549, "Inner Unique": true, "Plans": [{"Node Type": "Nested Loop", "Parent Relationship": "Outer", "Join Type": "Inner", "Startup Cost": 71730.1, "Total Cost": 72218.88, "Plan Rows": 645, "Plan Width": 41, "Actual Min Startup Time": 3301.142, "Actual Max Startup Time": 3301.142, "Actual Min Total Time": 3345.473, "Actual Max Total Time": 3345.473, "Inner Unique": false, "Plans": [{"Node Type": "Merge Join", "Parent Relationship": "Outer", "Join Type": "Inner", "Startup Cost": 71730.1, "Total Cost": 71764.66, "Plan Rows": 532, "Plan Width": 21, "Actual Min Startup Time": 3301.116, "Actual Max Startup Time": 3301.116, "Actual Min Total Time": 3304.992, "Actual Max Total Time": 3304.992, "Inner Unique": false, "Merge Cond": "(rt.id = ci.role_id)", "Plans": [{"Node Type": "Sort", "Parent Relationship": "Outer", "Startup Cost": 1.16, "Total Cost": 1.16, "Plan Rows": 1, "Plan Width": 4, "Actual Min Startup Time": 0.065, "Actual Max Startup Time": 0.065, "Actual Min Total Time": 0.065, "Actual Max Total Time": 0.065, "Sort Key": ["rt.id"], "Sort Method": "quicksort", "Sort Space Min Used": 25, "Sort Space Max Used": 25, "Sort Space Type": "Memory", "Plans": [{"Node Type": "Seq Scan", "Parent Relationship": "Outer", "Relation Name": "role_type", "Alias": "rt", "Startup Cost": 0.0, "Total Cost": 1.15, "Plan Rows": 1, "Plan Width": 4, "Actual Min Startup Time": 0.035, "Actual Max Startup Time": 0.035, "Actual Min Total Time": 0.039, "Actual Max Total Time": 0.039, "Filter": "((role)::text = 'actress'::text)", "Rows Removed by Filter": 11, "Actual Rows": 1}], "Actual Rows": 1}, {"Node Type": "Sort", "Parent Relationship": "Inner", "Startup Cost": 71728.94, "Total Cost": 71743.56, "Plan Rows": 5847, "Plan Width": 25, "Actual Min Startup Time": 3297.386, "Actual Max Startup Time": 3297.386, "Actual Min Total Time": 3300.623, "Actual Max Total Time": 3300.623, "Sort Key": ["ci.role_id"], "Sort Method": "quicksort", "Sort Space Min Used": 2817, "Sort Space Max Used": 2817, "Sort Space Type": "Memory", "Plans": [{"Node Type": "Nested Loop", "Parent Relationship": "Outer", "Join Type": "Inner", "Startup Cost": 0.0, "Total Cost": 71363.11, "Plan Rows": 5847, "Plan Width": 25, "Actual Min Startup Time": 16.385, "Actual Max Startup Time": 16.385, "Actual Min Total Time": 3289.846, "Actual Max Total Time": 3289.846, "Inner Unique": false, "Plans": [{"Node Type": "Nested Loop", "Parent Relationship": "Outer", "Join Type": "Inner", "Startup Cost": 0.0, "Total Cost": 65620.52, "Plan Rows": 5775, "Plan Width": 25, "Actual Min Startup Time": 15.532, "Actual Max Startup Time": 15.532, "Actual Min Total Time": 521.554, "Actual Max Total Time": 521.554, "Inner Unique": true, "Plans": [{"Node Type": "Nested Loop", "Parent Relationship": "Outer", "Join Type": "Inner", "Startup Cost": 0.0, "Total Cost": 42973.42, "Plan Rows": 5775, "Plan Width": 4, "Actual Min Startup Time": 15.516, "Actual Max Startup Time": 15.516, "Actual Min Total Time": 276.452, "Actual Max Total Time": 276.452, "Inner Unique": true, "Plans": [{"Node Type": "Streaming(type: LOCAL GATHER dop: 1/16)", "Parent Relationship": "Outer", "Startup Cost": 0.0, "Total Cost": 19215.08, "Plan Rows": 36426, "Plan Width": 8, "Actual Min Startup Time": 15.45, "Actual Max Startup Time": 15.45, "Actual Min Total Time": 37.08, "Actual Max Total Time": 37.08, "Plans": [{"Node Type": "Seq Scan", "Parent Relationship": "Outer", "Relation Name": "movie_companies", "Alias": "mc", "Startup Cost": 0.0, "Total Cost": 18428.93, "Plan Rows": 36426, "Plan Width": 8, "Actual Min Startup Time": 0.041, "Actual Max Startup Time": 0.391, "Actual Min Total Time": 53.864, "Actual Max Total Time": 61.285, "Filter": "(((note)::text ~~ '%(Japan)%'::text) AND ((note)::text !~~ '%(USA)%'::text))", "Rows Removed by Filter": 2560231, "Actual Rows": 48897}], "Actual Rows": 48897}, {"Node Type": "Index Scan", "Parent Relationship": "Inner", "Scan Direction": "Forward", "Index Name": "company_name_pkey", "Relation Name": "company_name", "Alias": "cn", "Startup Cost": 0.0, "Total Cost": 0.64, "Plan Rows": 1, "Plan Width": 4, "Actual Min Startup Time": 195.556, "Actual Max Startup Time": 195.556, "Actual Min Total Time": 195.556, "Actual Max Total Time": 195.556, "Index Cond": "(id = mc.company_id)", "Rows Removed by Index Recheck": 0, "Filter": "((country_code)::text = '[jp]'::text)", "Rows Removed by Filter": 569, "Actual Rows": 48328}], "Actual Rows": 48328}, {"Node Type": "Index Scan", "Parent Relationship": "Inner", "Scan Direction": "Forward", "Index Name": "title_pkey", "Relation Name": "title", "Alias": "t", "Startup Cost": 0.0, "Total Cost": 3.91, "Plan Rows": 1, "Plan Width": 21, "Actual Min Startup Time": 203.886, "Actual Max Startup Time": 203.886, "Actual Min Total Time": 203.886, "Actual Max Total Time": 203.886, "Index Cond": "(id = mc.movie_id)", "Rows Removed by Index Recheck": 0, "Actual Rows": 48328}], "Actual Rows": 48328}, {"Node Type": "Index Scan", "Parent Relationship": "Inner", "Scan Direction": "Forward", "Index Name": "movie_id_cast_info", "Relation Name": "cast_info", "Alias": "ci", "Startup Cost": 0.0, "Total Cost": 0.98, "Plan Rows": 1, "Plan Width": 12, "Actual Min Startup Time": 2613.575, "Actual Max Startup Time": 2613.575, "Actual Min Total Time": 2736.796, "Actual Max Total Time": 2736.796, "Index Cond": "(movie_id = t.id)", "Rows Removed by Index Recheck": 0, "Filter": "((note)::text = '(voice: English version)'::text)", "Rows Removed by Filter": 1531710, "Actual Rows": 19600}], "Actual Rows": 19600}], "Actual Rows": 19600}], "Actual Rows": 7438}, {"Node Type": "Index Scan", "Parent Relationship": "Inner", "Scan Direction": "Forward", "Index Name": "person_id_aka_name", "Relation Name": "aka_name", "Alias": "an1", "Startup Cost": 0.0, "Total Cost": 0.84, "Plan Rows": 1, "Plan Width": 20, "Actual Min Startup Time": 25.53, "Actual Max Startup Time": 25.53, "Actual Min Total Time": 32.819, "Actual Max Total Time": 32.819, "Index Cond": "(person_id = ci.person_id)", "Rows Removed by Index Recheck": 0, "Actual Rows": 17379}], "Actual Rows": 17379}, {"Node Type": "Index Scan", "Parent Relationship": "Inner", "Scan Direction": "Forward", "Index Name": "name_pkey", "Relation Name": "name", "Alias": "n1", "Startup Cost": 0.0, "Total Cost": 0.57, "Plan Rows": 1, "Plan Width": 4, "Actual Min Startup Time": 59.453, "Actual Max Startup Time": 59.453, "Actual Min Total Time": 59.453, "Actual Max Total Time": 59.453, "Index Cond": "(id = an1.person_id)", "Rows Removed by Index Recheck": 0, "Filter": "(((name)::text ~~ '%Yo%'::text) AND ((name)::text !~~ '%Yu%'::text))", "Rows Removed by Filter": 17317, "Actual Rows": 62}], "Actual Rows": 62}], "Actual Rows": 1}, "Triggers": [], "Planner Runtime": 21, "Total Runtime": 3416.768, "Unique SQL Id": 3544391839}}, "(16, 93)": {"explain_plan": {"Plan": {"Node Type": "Aggregate", "Strategy": "Plain", "Startup Cost": 111152.55, "Total Cost": 111152.56, "Plan Rows": 1, "Plan Width": 97, "Plans": [{"Node Type": "Nested Loop", "Parent Relationship": "Outer", "Join Type": "Inner", "Startup Cost": 110275.3, "Total Cost": 111152.07, "Plan Rows": 96, "Plan Width": 33, "Inner Unique": true, "Plans": [{"Node Type": "Nested Loop", "Parent Relationship": "Outer", "Join Type": "Inner", "Startup Cost": 110275.3, "Total Cost": 110776.53, "Plan Rows": 645, "Plan Width": 41, "Inner Unique": false, "Plans": [{"Node Type": "Merge Join", "Parent Relationship": "Outer", "Join Type": "Inner", "Startup Cost": 110275.3, "Total Cost": 110322.31, "Plan Rows": 532, "Plan Width": 21, "Inner Unique": false, "Merge Cond": "(rt.id = ci.role_id)", "Plans": [{"Node Type": "Index Scan", "Parent Relationship": "Outer", "Scan Direction": "Forward", "Index Name": "role_type_pkey", "Relation Name": "role_type", "Alias": "rt", "Startup Cost": 0.0, "Total Cost": 12.46, "Plan Rows": 1, "Plan Width": 4, "Filter": "((role)::text = 'actress'::text)"}, {"Node Type": "Sort", "Parent Relationship": "Inner", "Startup Cost": 110275.3, "Total Cost": 110289.91, "Plan Rows": 5847, "Plan Width": 25, "Sort Key": ["ci.role_id"], "Plans": [{"Node Type": "Nested Loop", "Parent Relationship": "Outer", "Join Type": "Inner", "Startup Cost": 0.0, "Total Cost": 109909.47, "Plan Rows": 5847, "Plan Width": 25, "Inner Unique": false, "Plans": [{"Node Type": "Nested Loop", "Parent Relationship": "Outer", "Join Type": "Inner", "Startup Cost": 0.0, "Total Cost": 104166.87, "Plan Rows": 5775, "Plan Width": 25, "Inner Unique": true, "Plans": [{"Node Type": "Nested Loop", "Parent Relationship": "Outer", "Join Type": "Inner", "Startup Cost": 0.0, "Total Cost": 81519.78, "Plan Rows": 5775, "Plan Width": 4, "Inner Unique": false, "Plans": [{"Node Type": "Index Scan", "Parent Relationship": "Outer", "Scan Direction": "Forward", "Index Name": "company_name_pkey", "Relation Name": "company_name", "Alias": "cn", "Startup Cost": 0.0, "Total Cost": 10501.39, "Plan Rows": 6290, "Plan Width": 4, "Filter": "((country_code)::text = '[jp]'::text)"}, {"Node Type": "Index Scan", "Parent Relationship": "Inner", "Scan Direction": "Forward", "Index Name": "company_id_movie_companies", "Relation Name": "movie_companies", "Alias": "mc", "Startup Cost": 0.0, "Total Cost": 11.28, "Plan Rows": 1, "Plan Width": 8, "Index Cond": "(company_id = cn.id)", "Filter": "(((note)::text ~~ '%(Japan)%'::text) AND ((note)::text !~~ '%(USA)%'::text))"}]}, {"Node Type": "Index Scan", "Parent Relationship": "Inner", "Scan Direction": "Forward", "Index Name": "title_pkey", "Relation Name": "title", "Alias": "t", "Startup Cost": 0.0, "Total Cost": 3.91, "Plan Rows": 1, "Plan Width": 21, "Index Cond": "(id = mc.movie_id)"}]}, {"Node Type": "Index Scan", "Parent Relationship": "Inner", "Scan Direction": "Forward", "Index Name": "movie_id_cast_info", "Relation Name": "cast_info", "Alias": "ci", "Startup Cost": 0.0, "Total Cost": 0.98, "Plan Rows": 1, "Plan Width": 12, "Index Cond": "(movie_id = t.id)", "Filter": "((note)::text = '(voice: English version)'::text)"}]}]}]}, {"Node Type": "Index Scan", "Parent Relationship": "Inner", "Scan Direction": "Forward", "Index Name": "person_id_aka_name", "Relation Name": "aka_name", "Alias": "an1", "Startup Cost": 0.0, "Total Cost": 0.84, "Plan Rows": 1, "Plan Width": 20, "Index Cond": "(person_id = ci.person_id)"}]}, {"Node Type": "Index Scan", "Parent Relationship": "Inner", "Scan Direction": "Forward", "Index Name": "name_pkey", "Relation Name": "name", "Alias": "n1", "Startup Cost": 0.0, "Total Cost": 0.57, "Plan Rows": 1, "Plan Width": 4, "Index Cond": "(id = an1.person_id)", "Filter": "(((name)::text ~~ '%Yo%'::text) AND ((name)::text !~~ '%Yu%'::text))"}]}]}, "Unique SQL Id": 3544391839, "Planner Runtime": 24}, "explain_analyze_plan": {"Plan": {"Node Type": "Aggregate", "Strategy": "Plain", "Startup Cost": 111152.55, "Total Cost": 111152.56, "Plan Rows": 1, "Plan Width": 97, "Actual Startup Time": 4366.654, "Actual Total Time": 4366.655, "Actual Rows": 1, "Actual Loops": 1, "Plans": [{"Node Type": "Nested Loop", "Parent Relationship": "Outer", "Join Type": "Inner", "Startup Cost": 110275.3, "Total Cost": 111152.07, "Plan Rows": 96, "Plan Width": 33, "Actual Startup Time": 4255.006, "Actual Total Time": 4366.546, "Actual Rows": 62, "Actual Loops": 1, "Inner Unique": true, "Plans": [{"Node Type": "Nested Loop", "Parent Relationship": "Outer", "Join Type": "Inner", "Startup Cost": 110275.3, "Total Cost": 110776.53, "Plan Rows": 645, "Plan Width": 41, "Actual Startup Time": 4253.835, "Actual Total Time": 4296.732, "Actual Rows": 17379, "Actual Loops": 1, "Inner Unique": false, "Plans": [{"Node Type": "Merge Join", "Parent Relationship": "Outer", "Join Type": "Inner", "Startup Cost": 110275.3, "Total Cost": 110322.31, "Plan Rows": 532, "Plan Width": 21, "Actual Startup Time": 4253.805, "Actual Total Time": 4257.14, "Actual Rows": 7438, "Actual Loops": 1, "Inner Unique": false, "Merge Cond": "(rt.id = ci.role_id)", "Plans": [{"Node Type": "Index Scan", "Parent Relationship": "Outer", "Scan Direction": "Forward", "Index Name": "role_type_pkey", "Relation Name": "role_type", "Alias": "rt", "Startup Cost": 0.0, "Total Cost": 12.46, "Plan Rows": 1, "Plan Width": 4, "Actual Startup Time": 0.017, "Actual Total Time": 0.031, "Actual Rows": 1, "Actual Loops": 1, "Filter": "((role)::text = 'actress'::text)", "Rows Removed by Filter": 11}, {"Node Type": "Sort", "Parent Relationship": "Inner", "Startup Cost": 110275.3, "Total Cost": 110289.91, "Plan Rows": 5847, "Plan Width": 25, "Actual Startup Time": 4250.503, "Actual Total Time": 4253.1, "Actual Rows": 19600, "Actual Loops": 1, "Sort Key": ["ci.role_id"], "Sort Method": "quicksort", "Sort Space Used": 2817, "Sort Space Type": "Memory", "Plans": [{"Node Type": "Nested Loop", "Parent Relationship": "Outer", "Join Type": "Inner", "Startup Cost": 0.0, "Total Cost": 109909.47, "Plan Rows": 5847, "Plan Width": 25, "Actual Startup Time": 0.399, "Actual Total Time": 4243.236, "Actual Rows": 19600, "Actual Loops": 1, "Inner Unique": false, "Plans": [{"Node Type": "Nested Loop", "Parent Relationship": "Outer", "Join Type": "Inner", "Startup Cost": 0.0, "Total Cost": 104166.87, "Plan Rows": 5775, "Plan Width": 25, "Actual Startup Time": 0.307, "Actual Total Time": 902.202, "Actual Rows": 48328, "Actual Loops": 1, "Inner Unique": true, "Plans": [{"Node Type": "Nested Loop", "Parent Relationship": "Outer", "Join Type": "Inner", "Startup Cost": 0.0, "Total Cost": 81519.78, "Plan Rows": 5775, "Plan Width": 4, "Actual Startup Time": 0.291, "Actual Total Time": 546.358, "Actual Rows": 48328, "Actual Loops": 1, "Inner Unique": false, "Plans": [{"Node Type": "Index Scan", "Parent Relationship": "Outer", "Scan Direction": "Forward", "Index Name": "company_name_pkey", "Relation Name": "company_name", "Alias": "cn", "Startup Cost": 0.0, "Total Cost": 10501.39, "Plan Rows": 6290, "Plan Width": 4, "Actual Startup Time": 0.25, "Actual Total Time": 301.159, "Actual Rows": 6752, "Actual Loops": 1, "Filter": "((country_code)::text = '[jp]'::text)", "Rows Removed by Filter": 228244}, {"Node Type": "Index Scan", "Parent Relationship": "Inner", "Scan Direction": "Forward", "Index Name": "company_id_movie_companies", "Relation Name": "movie_companies", "Alias": "mc", "Startup Cost": 0.0, "Total Cost": 11.28, "Plan Rows": 1, "Plan Width": 8, "Actual Startup Time": 58.674, "Actual Total Time": 229.279, "Actual Rows": 48328, "Actual Loops": 6752, "Index Cond": "(company_id = cn.id)", "Rows Removed by Index Recheck": 0, "Filter": "(((note)::text ~~ '%(Japan)%'::text) AND ((note)::text !~~ '%(USA)%'::text))", "Rows Removed by Filter": 56667}]}, {"Node Type": "Index Scan", "Parent Relationship": "Inner", "Scan Direction": "Forward", "Index Name": "title_pkey", "Relation Name": "title", "Alias": "t", "Startup Cost": 0.0, "Total Cost": 3.91, "Plan Rows": 1, "Plan Width": 21, "Actual Startup Time": 312.879, "Actual Total Time": 312.879, "Actual Rows": 48328, "Actual Loops": 48328, "Index Cond": "(id = mc.movie_id)", "Rows Removed by Index Recheck": 0}]}, {"Node Type": "Index Scan", "Parent Relationship": "Inner", "Scan Direction": "Forward", "Index Name": "movie_id_cast_info", "Relation Name": "cast_info", "Alias": "ci", "Startup Cost": 0.0, "Total Cost": 0.98, "Plan Rows": 1, "Plan Width": 12, "Actual Startup Time": 3161.31, "Actual Total Time": 3309.49, "Actual Rows": 19600, "Actual Loops": 48328, "Index Cond": "(movie_id = t.id)", "Rows Removed by Index Recheck": 0, "Filter": "((note)::text = '(voice: English version)'::text)", "Rows Removed by Filter": 1531710}]}]}]}, {"Node Type": "Index Scan", "Parent Relationship": "Inner", "Scan Direction": "Forward", "Index Name": "person_id_aka_name", "Relation Name": "aka_name", "Alias": "an1", "Startup Cost": 0.0, "Total Cost": 0.84, "Plan Rows": 1, "Plan Width": 20, "Actual Startup Time": 24.605, "Actual Total Time": 31.805, "Actual Rows": 17379, "Actual Loops": 7438, "Index Cond": "(person_id = ci.person_id)", "Rows Removed by Index Recheck": 0}]}, {"Node Type": "Index Scan", "Parent Relationship": "Inner", "Scan Direction": "Forward", "Index Name": "name_pkey", "Relation Name": "name", "Alias": "n1", "Startup Cost": 0.0, "Total Cost": 0.57, "Plan Rows": 1, "Plan Width": 4, "Actual Startup Time": 61.493, "Actual Total Time": 61.493, "Actual Rows": 62, "Actual Loops": 17379, "Index Cond": "(id = an1.person_id)", "Rows Removed by Index Recheck": 0, "Filter": "(((name)::text ~~ '%Yo%'::text) AND ((name)::text !~~ '%Yu%'::text))", "Rows Removed by Filter": 17317}]}]}, "Triggers": [], "Planner Runtime": 24, "Total Runtime": 4367.037, "Unique SQL Id": 3544391839}}, "(16, 94)": {"explain_plan": {"Plan": {"Node Type": "Aggregate", "Strategy": "Plain", "Startup Cost": 3820872247470.27, "Total Cost": 3820872247470.28, "Plan Rows": 1, "Plan Width": 97, "Plans": [{"Node Type": "Merge Join", "Parent Relationship": "Outer", "Join Type": "Inner", "Startup Cost": 2831744219687.48, "Total Cost": 3820872247467.04, "Plan Rows": 646, "Plan Width": 33, "Inner Unique": false, "Merge Cond": "(t.id = ci.movie_id)", "Plans": [{"Node Type": "Index Scan", "Parent Relationship": "Outer", "Scan Direction": "Forward", "Index Name": "title_pkey", "Relation Name": "title", "Alias": "t", "Startup Cost": 10000000000.0, "Total Cost": 1000011012048.91, "Plan Rows": 2528311, "Plan Width": 21}, {"Node Type": "Sort", "Parent Relationship": "Inner", "Startup Cost": 2821744219687.48, "Total Cost": 2821744219689.09, "Plan Rows": 646, "Plan Width": 24, "Sort Key": ["ci.movie_id"], "Plans": [{"Node Type": "Merge Join", "Parent Relationship": "Outer", "Join Type": "Inner", "Startup Cost": 2821744219610.24, "Total Cost": 2821744219657.32, "Plan Rows": 646, "Plan Width": 24, "Inner Unique": true, "Merge Cond": "(mc.company_id = cn.id)", "Plans": [{"Node Type": "Sort", "Parent Relationship": "Outer", "Startup Cost": 2821744213309.76, "Total Cost": 2821744213312.99, "Plan Rows": 1290, "Plan Width": 28, "Sort Key": ["mc.company_id"], "Plans": [{"Node Type": "Merge Join", "Parent Relationship": "Outer", "Join Type": "Inner", "Startup Cost": 1831729856621.28, "Total Cost": 2821744213243.11, "Plan Rows": 1290, "Plan Width": 28, "Inner Unique": false, "Merge Cond": "(mc.movie_id = ci.movie_id)", "Plans": [{"Node Type": "Index Scan", "Parent Relationship": "Outer", "Scan Direction": "Forward", "Index Name": "movie_id_movie_companies", "Relation Name": "movie_companies", "Alias": "mc", "Startup Cost": 10000000000.0, "Total Cost": 1000014356510.13, "Plan Rows": 36426, "Plan Width": 8, "Filter": "(((note)::text ~~ '%(Japan)%'::text) AND ((note)::text !~~ '%(USA)%'::text))"}, {"Node Type": "Sort", "Parent Relationship": "Inner", "Startup Cost": 1821729856621.28, "Total Cost": 1821729856625.18, "Plan Rows": 1560, "Plan Width": 20, "Sort Key": ["ci.movie_id"], "Plans": [{"Node Type": "Merge Join", "Parent Relationship": "Outer", "Join Type": "Inner", "Startup Cost": 120031370727.55, "Total Cost": 1821729856538.54, "Plan Rows": 1560, "Plan Width": 20, "Inner Unique": false, "Merge Cond": "(an1.person_id = ci.person_id)", "Plans": [{"Node Type": "Merge Join", "Parent Relationship": "Outer", "Join Type": "Inner", "Startup Cost": 20030754356.47, "Total Cost": 2000026606025.89, "Plan Rows": 16627, "Plan Width": 24, "Inner Unique": true, "Merge Cond": "(an1.person_id = n1.id)", "Plans": [{"Node Type": "Index Scan", "Parent Relationship": "Outer", "Scan Direction": "Forward", "Index Name": "person_id_aka_name", "Relation Name": "aka_name", "Alias": "an1", "Startup Cost": 10000000000.0, "Total Cost": 1000006896503.43, "Plan Rows": 901342, "Plan Width": 20}, {"Node Type": "Materialize", "Parent Relationship": "Inner", "Startup Cost": 10000000000.0, "Total Cost": 1000019707054.42, "Plan Rows": 13886, "Plan Width": 4, "Plans": [{"Node Type": "Index Scan", "Parent Relationship": "Outer", "Scan Direction": "Forward", "Index Name": "name_pkey", "Relation Name": "name", "Alias": "n1", "Startup Cost": 10000000000.0, "Total Cost": 1000019707019.7, "Plan Rows": 13886, "Plan Width": 4, "Filter": "(((name)::text ~~ '%Yo%'::text) AND ((name)::text !~~ '%Yu%'::text))"}]}]}, {"Node Type": "Sort", "Parent Relationship": "Inner", "Startup Cost": 100000616371.09, "Total Cost": 100000616393.06, "Plan Rows": 8790, "Plan Width": 8, "Sort Key": ["ci.person_id"], "Plans": [{"Node Type": "Nested Loop", "Parent Relationship": "Outer", "Join Type": "Inner", "Startup Cost": 10000000000.0, "Total Cost": 100000615795.27, "Plan Rows": 8790, "Plan Width": 8, "Inner Unique": false, "Join Filter": "(ci.role_id = rt.id)", "Plans": [{"Node Type": "Seq Scan", "Parent Relationship": "Outer", "Relation Name": "role_type", "Alias": "rt", "Startup Cost": 0.0, "Total Cost": 1.15, "Plan Rows": 1, "Plan Width": 4, "Filter": "((role)::text = 'actress'::text)"}, {"Node Type": "Materialize", "Parent Relationship": "Inner", "Startup Cost": 0.0, "Total Cost": 60611.46, "Plan Rows": 96692, "Plan Width": 12, "Plans": [{"Node Type": "Streaming(type: LOCAL GATHER dop: 1/16)", "Parent Relationship": "Outer", "Startup Cost": 0.0, "Total Cost": 60369.73, "Plan Rows": 96692, "Plan Width": 12, "Plans": [{"Node Type": "Seq Scan", "Parent Relationship": "Outer", "Relation Name": "cast_info", "Alias": "ci", "Startup Cost": 0.0, "Total Cost": 58282.92, "Plan Rows": 96692, "Plan Width": 12, "Filter": "((note)::text = '(voice: English version)'::text)"}]}]}]}]}]}]}]}]}, {"Node Type": "Sort", "Parent Relationship": "Inner", "Startup Cost": 6300.31, "Total Cost": 6316.04, "Plan Rows": 6290, "Plan Width": 4, "Sort Key": ["cn.id"], "Plans": [{"Node Type": "Seq Scan", "Parent Relationship": "Outer", "Relation Name": "company_name", "Alias": "cn", "Startup Cost": 0.0, "Total Cost": 5903.45, "Plan Rows": 6290, "Plan Width": 4, "Filter": "((country_code)::text = '[jp]'::text)"}]}]}]}]}]}, "Unique SQL Id": 3544391839, "Planner Runtime": 70}, "explain_analyze_plan": null}, "(16, 95)": {"explain_plan": {"Plan": {"Node Type": "Aggregate", "Strategy": "Plain", "Startup Cost": 6720903366783.42, "Total Cost": 6720903366783.43, "Plan Rows": 1, "Plan Width": 97, "Plans": [{"Node Type": "Merge Join", "Parent Relationship": "Outer", "Join Type": "Inner", "Startup Cost": 5019204881117.76, "Total Cost": 6720903366780.19, "Plan Rows": 646, "Plan Width": 33, "Inner Unique": false, "Merge Cond": "(an1.person_id = ci.person_id)", "Plans": [{"Node Type": "Merge Join", "Parent Relationship": "Outer", "Join Type": "Inner", "Startup Cost": 20030754356.47, "Total Cost": 2000026606025.89, "Plan Rows": 16627, "Plan Width": 24, "Inner Unique": true, "Merge Cond": "(an1.person_id = n1.id)", "Plans": [{"Node Type": "Index Scan", "Parent Relationship": "Outer", "Scan Direction": "Forward", "Index Name": "person_id_aka_name", "Relation Name": "aka_name", "Alias": "an1", "Startup Cost": 10000000000.0, "Total Cost": 1000006896503.43, "Plan Rows": 901342, "Plan Width": 20}, {"Node Type": "Materialize", "Parent Relationship": "Inner", "Startup Cost": 10000000000.0, "Total Cost": 1000019707054.42, "Plan Rows": 13886, "Plan Width": 4, "Plans": [{"Node Type": "Index Scan", "Parent Relationship": "Outer", "Scan Direction": "Forward", "Index Name": "name_pkey", "Relation Name": "name", "Alias": "n1", "Startup Cost": 10000000000.0, "Total Cost": 1000019707019.7, "Plan Rows": 13886, "Plan Width": 4, "Filter": "(((name)::text ~~ '%Yo%'::text) AND ((name)::text !~~ '%Yu%'::text))"}]}]}, {"Node Type": "Sort", "Parent Relationship": "Inner", "Startup Cost": 4999174126761.3, "Total Cost": 4999174126762.63, "Plan Rows": 532, "Plan Width": 21, "Sort Key": ["ci.person_id"], "Plans": [{"Node Type": "Merge Join", "Parent Relationship": "Outer", "Join Type": "Inner", "Startup Cost": 4009173076542.06, "Total Cost": 4999174126737.21, "Plan Rows": 532, "Plan Width": 21, "Inner Unique": true, "Merge Cond": "(mc.company_id = cn.id)", "Plans": [{"Node Type": "Sort", "Parent Relationship": "Outer", "Startup Cost": 3999173076541.62, "Total Cost": 3999173076549.97, "Plan Rows": 3338, "Plan Width": 25, "Sort Key": ["mc.company_id"], "Plans": [{"Node Type": "Merge Join", "Parent Relationship": "Outer", "Join Type": "Inner", "Startup Cost": 2020143220534.9, "Total Cost": 3999173076346.27, "Plan Rows": 3338, "Plan Width": 25, "Inner Unique": false, "Merge Cond": "(ci.movie_id = mc.movie_id)", "Plans": [{"Node Type": "Merge Join", "Parent Relationship": "Outer", "Join Type": "Inner", "Startup Cost": 2010143220534.9, "Total Cost": 2999271248436.62, "Plan Rows": 8790, "Plan Width": 29, "Inner Unique": true, "Merge Cond": "(ci.movie_id = t.id)", "Plans": [{"Node Type": "Sort", "Parent Relationship": "Outer", "Startup Cost": 2000143220534.9, "Total Cost": 2000143220556.87, "Plan Rows": 8790, "Plan Width": 8, "Sort Key": ["ci.movie_id"], "Plans": [{"Node Type": "Merge Join", "Parent Relationship": "Outer", "Join Type": "Inner", "Startup Cost": 20000000000.0, "Total Cost": 2000143219959.08, "Plan Rows": 8790, "Plan Width": 8, "Inner Unique": true, "Merge Cond": "(ci.role_id = rt.id)", "Plans": [{"Node Type": "Index Scan", "Parent Relationship": "Outer", "Scan Direction": "Forward", "Index Name": "role_id_cast_info", "Relation Name": "cast_info", "Alias": "ci", "Startup Cost": 10000000000.0, "Total Cost": 1000143218339.5, "Plan Rows": 96692, "Plan Width": 12, "Filter": "((note)::text = '(voice: English version)'::text)"}, {"Node Type": "Materialize", "Parent Relationship": "Inner", "Startup Cost": 10000000000.0, "Total Cost": 1000000001246.0, "Plan Rows": 1, "Plan Width": 4, "Plans": [{"Node Type": "Index Scan", "Parent Relationship": "Outer", "Scan Direction": "Forward", "Index Name": "role_type_pkey", "Relation Name": "role_type", "Alias": "rt", "Startup Cost": 10000000000.0, "Total Cost": 1000000001246.0, "Plan Rows": 1, "Plan Width": 4, "Filter": "((role)::text = 'actress'::text)"}]}]}]}, {"Node Type": "Index Scan", "Parent Relationship": "Inner", "Scan Direction": "Forward", "Index Name": "title_pkey", "Relation Name": "title", "Alias": "t", "Startup Cost": 10000000000.0, "Total Cost": 1000011012048.91, "Plan Rows": 2528311, "Plan Width": 21}]}, {"Node Type": "Index Scan", "Parent Relationship": "Inner", "Scan Direction": "Forward", "Index Name": "movie_id_movie_companies", "Relation Name": "movie_companies", "Alias": "mc", "Startup Cost": 10000000000.0, "Total Cost": 1000014356510.13, "Plan Rows": 36426, "Plan Width": 8, "Filter": "(((note)::text ~~ '%(Japan)%'::text) AND ((note)::text !~~ '%(USA)%'::text))"}]}]}, {"Node Type": "Index Scan", "Parent Relationship": "Inner", "Scan Direction": "Forward", "Index Name": "company_name_pkey", "Relation Name": "company_name", "Alias": "cn", "Startup Cost": 10000000000.0, "Total Cost": 1000001050138.97, "Plan Rows": 6290, "Plan Width": 4, "Filter": "((country_code)::text = '[jp]'::text)"}]}]}]}]}, "Unique SQL Id": 3544391839, "Planner Runtime": 135}, "explain_analyze_plan": null}, "(16, 96)": {"explain_plan": {"Plan": {"Node Type": "Aggregate", "Strategy": "Plain", "Startup Cost": 54632.14, "Total Cost": 54632.15, "Plan Rows": 1, "Plan Width": 97, "Plans": [{"Node Type": "Nested Loop", "Parent Relationship": "Outer", "Join Type": "Inner", "Startup Cost": 5983.24, "Total Cost": 54632.08, "Plan Rows": 12, "Plan Width": 33, "Inner Unique": true, "Plans": [{"Node Type": "Nested Loop", "Parent Relationship": "Outer", "Join Type": "Inner", "Startup Cost": 5983.24, "Total Cost": 54256.54, "Plan Rows": 645, "Plan Width": 41, "Inner Unique": false, "Plans": [{"Node Type": "Hash Join", "Parent Relationship": "Outer", "Join Type": "Inner", "Startup Cost": 5983.24, "Total Cost": 53802.32, "Plan Rows": 532, "Plan Width": 21, "Inner Unique": true, "Hash Cond": "(ci.role_id = rt.id)", "Plans": [{"Node Type": "Nested Loop", "Parent Relationship": "Outer", "Join Type": "Inner", "Startup Cost": 5982.08, "Total Cost": 53781.19, "Plan Rows": 5847, "Plan Width": 25, "Inner Unique": false, "Plans": [{"Node Type": "Nested Loop", "Parent Relationship": "Outer", "Join Type": "Inner", "Startup Cost": 5982.08, "Total Cost": 48038.6, "Plan Rows": 5775, "Plan Width": 25, "Inner Unique": true, "Plans": [{"Node Type": "Hash Join", "Parent Relationship": "Outer", "Join Type": "Inner", "Startup Cost": 5982.08, "Total Cost": 25391.5, "Plan Rows": 5775, "Plan Width": 4, "Inner Unique": true, "Hash Cond": "(mc.company_id = cn.id)", "Plans": [{"Node Type": "Streaming(type: LOCAL GATHER dop: 1/16)", "Parent Relationship": "Outer", "Startup Cost": 0.0, "Total Cost": 19215.08, "Plan Rows": 36426, "Plan Width": 8, "Plans": [{"Node Type": "Seq Scan", "Parent Relationship": "Outer", "Relation Name": "movie_companies", "Alias": "mc", "Startup Cost": 0.0, "Total Cost": 18428.93, "Plan Rows": 36426, "Plan Width": 8, "Filter": "(((note)::text ~~ '%(Japan)%'::text) AND ((note)::text !~~ '%(USA)%'::text))"}]}, {"Node Type": "Hash", "Parent Relationship": "Inner", "Startup Cost": 5903.45, "Total Cost": 5903.45, "Plan Rows": 6290, "Plan Width": 4, "Plans": [{"Node Type": "Seq Scan", "Parent Relationship": "Outer", "Relation Name": "company_name", "Alias": "cn", "Startup Cost": 0.0, "Total Cost": 5903.45, "Plan Rows": 6290, "Plan Width": 4, "Filter": "((country_code)::text = '[jp]'::text)"}]}]}, {"Node Type": "Index Scan", "Parent Relationship": "Inner", "Scan Direction": "Forward", "Index Name": "title_pkey", "Relation Name": "title", "Alias": "t", "Startup Cost": 0.0, "Total Cost": 3.91, "Plan Rows": 1, "Plan Width": 21, "Index Cond": "(id = mc.movie_id)"}]}, {"Node Type": "Index Scan", "Parent Relationship": "Inner", "Scan Direction": "Forward", "Index Name": "movie_id_cast_info", "Relation Name": "cast_info", "Alias": "ci", "Startup Cost": 0.0, "Total Cost": 0.98, "Plan Rows": 1, "Plan Width": 12, "Index Cond": "(movie_id = t.id)", "Filter": "((note)::text = '(voice: English version)'::text)"}]}, {"Node Type": "Hash", "Parent Relationship": "Inner", "Startup Cost": 1.15, "Total Cost": 1.15, "Plan Rows": 1, "Plan Width": 4, "Plans": [{"Node Type": "Seq Scan", "Parent Relationship": "Outer", "Relation Name": "role_type", "Alias": "rt", "Startup Cost": 0.0, "Total Cost": 1.15, "Plan Rows": 1, "Plan Width": 4, "Filter": "((role)::text = 'actress'::text)"}]}]}, {"Node Type": "Index Scan", "Parent Relationship": "Inner", "Scan Direction": "Forward", "Index Name": "person_id_aka_name", "Relation Name": "aka_name", "Alias": "an1", "Startup Cost": 0.0, "Total Cost": 0.84, "Plan Rows": 1, "Plan Width": 20, "Index Cond": "(person_id = ci.person_id)"}]}, {"Node Type": "Index Scan", "Parent Relationship": "Inner", "Scan Direction": "Forward", "Index Name": "name_pkey", "Relation Name": "name", "Alias": "n1", "Startup Cost": 0.0, "Total Cost": 0.57, "Plan Rows": 1, "Plan Width": 4, "Index Cond": "(id = an1.person_id)", "Filter": "(((name)::text ~~ '%Yo%'::text) AND ((name)::text !~~ '%Yu%'::text))"}]}]}, "Unique SQL Id": 3544391839, "Planner Runtime": 45}, "explain_analyze_plan": {"Plan": {"Node Type": "Aggregate", "Strategy": "Plain", "Startup Cost": 54632.14, "Total Cost": 54632.15, "Plan Rows": 1, "Plan Width": 97, "Actual Min Startup Time": 3363.404, "Actual Max Startup Time": 3363.404, "Actual Min Total Time": 3363.405, "Actual Max Total Time": 3363.405, "Plans": [{"Node Type": "Nested Loop", "Parent Relationship": "Outer", "Join Type": "Inner", "Startup Cost": 5983.24, "Total Cost": 54632.08, "Plan Rows": 12, "Plan Width": 33, "Actual Min Startup Time": 315.649, "Actual Max Startup Time": 315.649, "Actual Min Total Time": 3363.196, "Actual Max Total Time": 3363.196, "Inner Unique": true, "Plans": [{"Node Type": "Nested Loop", "Parent Relationship": "Outer", "Join Type": "Inner", "Startup Cost": 5983.24, "Total Cost": 54256.54, "Plan Rows": 645, "Plan Width": 41, "Actual Min Startup Time": 90.963, "Actual Max Startup Time": 90.963, "Actual Min Total Time": 3288.017, "Actual Max Total Time": 3288.017, "Inner Unique": false, "Plans": [{"Node Type": "Hash Join", "Parent Relationship": "Outer", "Join Type": "Inner", "Startup Cost": 5983.24, "Total Cost": 53802.32, "Plan Rows": 532, "Plan Width": 21, "Actual Min Startup Time": 90.944, "Actual Max Startup Time": 90.944, "Actual Min Total Time": 3239.393, "Actual Max Total Time": 3239.393, "Inner Unique": true, "Hash Cond": "(ci.role_id = rt.id)", "Plans": [{"Node Type": "Nested Loop", "Parent Relationship": "Outer", "Join Type": "Inner", "Startup Cost": 5982.08, "Total Cost": 53781.19, "Plan Rows": 5847, "Plan Width": 25, "Actual Min Startup Time": 90.811, "Actual Max Startup Time": 90.811, "Actual Min Total Time": 3232.792, "Actual Max Total Time": 3232.792, "Inner Unique": false, "Plans": [{"Node Type": "Nested Loop", "Parent Relationship": "Outer", "Join Type": "Inner", "Startup Cost": 5982.08, "Total Cost": 48038.6, "Plan Rows": 5775, "Plan Width": 25, "Actual Min Startup Time": 84.576, "Actual Max Startup Time": 84.576, "Actual Min Total Time": 392.373, "Actual Max Total Time": 392.373, "Inner Unique": true, "Plans": [{"Node Type": "Hash Join", "Parent Relationship": "Outer", "Join Type": "Inner", "Startup Cost": 5982.08, "Total Cost": 25391.5, "Plan Rows": 5775, "Plan Width": 4, "Actual Min Startup Time": 84.53, "Actual Max Startup Time": 84.53, "Actual Min Total Time": 143.587, "Actual Max Total Time": 143.587, "Inner Unique": true, "Hash Cond": "(mc.company_id = cn.id)", "Plans": [{"Node Type": "Streaming(type: LOCAL GATHER dop: 1/16)", "Parent Relationship": "Outer", "Startup Cost": 0.0, "Total Cost": 19215.08, "Plan Rows": 36426, "Plan Width": 8, "Actual Min Startup Time": 0.074, "Actual Max Startup Time": 0.074, "Actual Min Total Time": 23.841, "Actual Max Total Time": 23.841, "Plans": [{"Node Type": "Seq Scan", "Parent Relationship": "Outer", "Relation Name": "movie_companies", "Alias": "mc", "Startup Cost": 0.0, "Total Cost": 18428.93, "Plan Rows": 36426, "Plan Width": 8, "Actual Min Startup Time": 0.038, "Actual Max Startup Time": 0.399, "Actual Min Total Time": 53.749, "Actual Max Total Time": 61.435, "Filter": "(((note)::text ~~ '%(Japan)%'::text) AND ((note)::text !~~ '%(USA)%'::text))", "Rows Removed by Filter": 2560231, "Actual Rows": 48897}], "Actual Rows": 48897}, {"Node Type": "Hash", "Parent Relationship": "Inner", "Startup Cost": 5903.45, "Total Cost": 5903.45, "Plan Rows": 6290, "Plan Width": 4, "Actual Min Startup Time": 84.399, "Actual Max Startup Time": 84.399, "Actual Min Total Time": 84.399, "Actual Max Total Time": 84.399, "Max Hash Buckets": 32768, "Min Hash Buckets": 32768, "Max Hash Batches": 1, "Min Hash Batches": 1, "Max Original Hash Batches": 1, "Min Original Hash Batches": 1, "Max Peak Memory Usage": 238, "min Peak Memory Usage": 238, "Plans": [{"Node Type": "Seq Scan", "Parent Relationship": "Outer", "Relation Name": "company_name", "Alias": "cn", "Startup Cost": 0.0, "Total Cost": 5903.45, "Plan Rows": 6290, "Plan Width": 4, "Actual Min Startup Time": 0.036, "Actual Max Startup Time": 0.036, "Actual Min Total Time": 82.257, "Actual Max Total Time": 82.257, "Filter": "((country_code)::text = '[jp]'::text)", "Rows Removed by Filter": 228244, "Actual Rows": 6752}], "Actual Rows": 6752}], "Actual Rows": 48328}, {"Node Type": "Index Scan", "Parent Relationship": "Inner", "Scan Direction": "Forward", "Index Name": "title_pkey", "Relation Name": "title", "Alias": "t", "Startup Cost": 0.0, "Total Cost": 3.91, "Plan Rows": 1, "Plan Width": 21, "Actual Min Startup Time": 208.645, "Actual Max Startup Time": 208.645, "Actual Min Total Time": 208.645, "Actual Max Total Time": 208.645, "Index Cond": "(id = mc.movie_id)", "Rows Removed by Index Recheck": 0, "Actual Rows": 48328}], "Actual Rows": 48328}, {"Node Type": "Index Scan", "Parent Relationship": "Inner", "Scan Direction": "Forward", "Index Name": "movie_id_cast_info", "Relation Name": "cast_info", "Alias": "ci", "Startup Cost": 0.0, "Total Cost": 0.98, "Plan Rows": 1, "Plan Width": 12, "Actual Min Startup Time": 2682.233, "Actual Max Startup Time": 2682.233, "Actual Min Total Time": 2809.667, "Actual Max Total Time": 2809.667, "Index Cond": "(movie_id = t.id)", "Rows Removed by Index Recheck": 0, "Filter": "((note)::text = '(voice: English version)'::text)", "Rows Removed by Filter": 1531710, "Actual Rows": 19600}], "Actual Rows": 19600}, {"Node Type": "Hash", "Parent Relationship": "Inner", "Startup Cost": 1.15, "Total Cost": 1.15, "Plan Rows": 1, "Plan Width": 4, "Actual Min Startup Time": 0.054, "Actual Max Startup Time": 0.054, "Actual Min Total Time": 0.054, "Actual Max Total Time": 0.054, "Max Hash Buckets": 32768, "Min Hash Buckets": 32768, "Max Hash Batches": 1, "Min Hash Batches": 1, "Max Original Hash Batches": 1, "Min Original Hash Batches": 1, "Max Peak Memory Usage": 1, "min Peak Memory Usage": 1, "Plans": [{"Node Type": "Seq Scan", "Parent Relationship": "Outer", "Relation Name": "role_type", "Alias": "rt", "Startup Cost": 0.0, "Total Cost": 1.15, "Plan Rows": 1, "Plan Width": 4, "Actual Min Startup Time": 0.04, "Actual Max Startup Time": 0.04, "Actual Min Total Time": 0.044, "Actual Max Total Time": 0.044, "Filter": "((role)::text = 'actress'::text)", "Rows Removed by Filter": 11, "Actual Rows": 1}], "Actual Rows": 1}], "Actual Rows": 7438}, {"Node Type": "Index Scan", "Parent Relationship": "Inner", "Scan Direction": "Forward", "Index Name": "person_id_aka_name", "Relation Name": "aka_name", "Alias": "an1", "Startup Cost": 0.0, "Total Cost": 0.84, "Plan Rows": 1, "Plan Width": 20, "Actual Min Startup Time": 31.449, "Actual Max Startup Time": 31.449, "Actual Min Total Time": 39.564, "Actual Max Total Time": 39.564, "Index Cond": "(person_id = ci.person_id)", "Rows Removed by Index Recheck": 0, "Actual Rows": 17379}], "Actual Rows": 17379}, {"Node Type": "Index Scan", "Parent Relationship": "Inner", "Scan Direction": "Forward", "Index Name": "name_pkey", "Relation Name": "name", "Alias": "n1", "Startup Cost": 0.0, "Total Cost": 0.57, "Plan Rows": 1, "Plan Width": 4, "Actual Min Startup Time": 66.041, "Actual Max Startup Time": 66.041, "Actual Min Total Time": 66.041, "Actual Max Total Time": 66.041, "Index Cond": "(id = an1.person_id)", "Rows Removed by Index Recheck": 0, "Filter": "(((name)::text ~~ '%Yo%'::text) AND ((name)::text !~~ '%Yu%'::text))", "Rows Removed by Filter": 17317, "Actual Rows": 62}], "Actual Rows": 62}], "Actual Rows": 1}, "Triggers": [], "Planner Runtime": 46, "Total Runtime": 3366.884, "Unique SQL Id": 3544391839}}, "(16, 97)": {"explain_plan": {"Plan": {"Node Type": "Aggregate", "Strategy": "Plain", "Startup Cost": 108954.59, "Total Cost": 108954.6, "Plan Rows": 1, "Plan Width": 97, "Plans": [{"Node Type": "Nested Loop", "Parent Relationship": "Outer", "Join Type": "Inner", "Startup Cost": 2793.28, "Total Cost": 108954.53, "Plan Rows": 12, "Plan Width": 33, "Inner Unique": true, "Plans": [{"Node Type": "Nested Loop", "Parent Relationship": "Outer", "Join Type": "Inner", "Startup Cost": 2793.28, "Total Cost": 108578.99, "Plan Rows": 645, "Plan Width": 41, "Inner Unique": false, "Plans": [{"Node Type": "Hash Join", "Parent Relationship": "Outer", "Join Type": "Inner", "Startup Cost": 2793.28, "Total Cost": 108124.77, "Plan Rows": 532, "Plan Width": 21, "Inner Unique": true, "Hash Cond": "(ci.role_id = rt.id)", "Plans": [{"Node Type": "Nested Loop", "Parent Relationship": "Outer", "Join Type": "Inner", "Startup Cost": 2780.8, "Total Cost": 108092.33, "Plan Rows": 5847, "Plan Width": 25, "Inner Unique": false, "Plans": [{"Node Type": "Nested Loop", "Parent Relationship": "Outer", "Join Type": "Inner", "Startup Cost": 2780.8, "Total Cost": 102349.74, "Plan Rows": 5775, "Plan Width": 25, "Inner Unique": true, "Plans": [{"Node Type": "Nested Loop", "Parent Relationship": "Outer", "Join Type": "Inner", "Startup Cost": 2780.8, "Total Cost": 79702.64, "Plan Rows": 5775, "Plan Width": 4, "Inner Unique": false, "Plans": [{"Node Type": "Bitmap Heap Scan", "Parent Relationship": "Outer", "Relation Name": "company_name", "Alias": "cn", "Startup Cost": 2780.8, "Total Cost": 8684.25, "Plan Rows": 6290, "Plan Width": 4, "Filter": "((country_code)::text = '[jp]'::text)", "Plans": [{"Node Type": "Bitmap Index Scan", "Parent Relationship": "Outer", "Index Name": "company_name_pkey", "Startup Cost": 0.0, "Total Cost": 2779.23, "Plan Rows": 234996, "Plan Width": 0}]}, {"Node Type": "Index Scan", "Parent Relationship": "Inner", "Scan Direction": "Forward", "Index Name": "company_id_movie_companies", "Relation Name": "movie_companies", "Alias": "mc", "Startup Cost": 0.0, "Total Cost": 11.28, "Plan Rows": 1, "Plan Width": 8, "Index Cond": "(company_id = cn.id)", "Filter": "(((note)::text ~~ '%(Japan)%'::text) AND ((note)::text !~~ '%(USA)%'::text))"}]}, {"Node Type": "Index Scan", "Parent Relationship": "Inner", "Scan Direction": "Forward", "Index Name": "title_pkey", "Relation Name": "title", "Alias": "t", "Startup Cost": 0.0, "Total Cost": 3.91, "Plan Rows": 1, "Plan Width": 21, "Index Cond": "(id = mc.movie_id)"}]}, {"Node Type": "Index Scan", "Parent Relationship": "Inner", "Scan Direction": "Forward", "Index Name": "movie_id_cast_info", "Relation Name": "cast_info", "Alias": "ci", "Startup Cost": 0.0, "Total Cost": 0.98, "Plan Rows": 1, "Plan Width": 12, "Index Cond": "(movie_id = t.id)", "Filter": "((note)::text = '(voice: English version)'::text)"}]}, {"Node Type": "Hash", "Parent Relationship": "Inner", "Startup Cost": 12.46, "Total Cost": 12.46, "Plan Rows": 1, "Plan Width": 4, "Plans": [{"Node Type": "Index Scan", "Parent Relationship": "Outer", "Scan Direction": "Forward", "Index Name": "role_type_pkey", "Relation Name": "role_type", "Alias": "rt", "Startup Cost": 0.0, "Total Cost": 12.46, "Plan Rows": 1, "Plan Width": 4, "Filter": "((role)::text = 'actress'::text)"}]}]}, {"Node Type": "Index Scan", "Parent Relationship": "Inner", "Scan Direction": "Forward", "Index Name": "person_id_aka_name", "Relation Name": "aka_name", "Alias": "an1", "Startup Cost": 0.0, "Total Cost": 0.84, "Plan Rows": 1, "Plan Width": 20, "Index Cond": "(person_id = ci.person_id)"}]}, {"Node Type": "Index Scan", "Parent Relationship": "Inner", "Scan Direction": "Forward", "Index Name": "name_pkey", "Relation Name": "name", "Alias": "n1", "Startup Cost": 0.0, "Total Cost": 0.57, "Plan Rows": 1, "Plan Width": 4, "Index Cond": "(id = an1.person_id)", "Filter": "(((name)::text ~~ '%Yo%'::text) AND ((name)::text !~~ '%Yu%'::text))"}]}]}, "Unique SQL Id": 3544391839, "Planner Runtime": 20}, "explain_analyze_plan": {"Plan": {"Node Type": "Aggregate", "Strategy": "Plain", "Startup Cost": 108954.59, "Total Cost": 108954.6, "Plan Rows": 1, "Plan Width": 97, "Actual Startup Time": 3876.634, "Actual Total Time": 3876.635, "Actual Rows": 1, "Actual Loops": 1, "Plans": [{"Node Type": "Nested Loop", "Parent Relationship": "Outer", "Join Type": "Inner", "Startup Cost": 2793.28, "Total Cost": 108954.53, "Plan Rows": 12, "Plan Width": 33, "Actual Startup Time": 257.161, "Actual Total Time": 3876.333, "Actual Rows": 62, "Actual Loops": 1, "Inner Unique": true, "Plans": [{"Node Type": "Nested Loop", "Parent Relationship": "Outer", "Join Type": "Inner", "Startup Cost": 2793.28, "Total Cost": 108578.99, "Plan Rows": 645, "Plan Width": 41, "Actual Startup Time": 21.215, "Actual Total Time": 3797.967, "Actual Rows": 17379, "Actual Loops": 1, "Inner Unique": false, "Plans": [{"Node Type": "Hash Join", "Parent Relationship": "Outer", "Join Type": "Inner", "Startup Cost": 2793.28, "Total Cost": 108124.77, "Plan Rows": 532, "Plan Width": 21, "Actual Startup Time": 21.197, "Actual Total Time": 3745.642, "Actual Rows": 7438, "Actual Loops": 1, "Inner Unique": true, "Hash Cond": "(ci.role_id = rt.id)", "Plans": [{"Node Type": "Nested Loop", "Parent Relationship": "Outer", "Join Type": "Inner", "Startup Cost": 2780.8, "Total Cost": 108092.33, "Plan Rows": 5847, "Plan Width": 25, "Actual Startup Time": 21.094, "Actual Total Time": 3738.832, "Actual Rows": 19600, "Actual Loops": 1, "Inner Unique": false, "Plans": [{"Node Type": "Nested Loop", "Parent Relationship": "Outer", "Join Type": "Inner", "Startup Cost": 2780.8, "Total Cost": 102349.74, "Plan Rows": 5775, "Plan Width": 25, "Actual Startup Time": 21.033, "Actual Total Time": 697.555, "Actual Rows": 48328, "Actual Loops": 1, "Inner Unique": true, "Plans": [{"Node Type": "Nested Loop", "Parent Relationship": "Outer", "Join Type": "Inner", "Startup Cost": 2780.8, "Total Cost": 79702.64, "Plan Rows": 5775, "Plan Width": 4, "Actual Startup Time": 21.019, "Actual Total Time": 374.184, "Actual Rows": 48328, "Actual Loops": 1, "Inner Unique": false, "Plans": [{"Node Type": "Bitmap Heap Scan", "Parent Relationship": "Outer", "Relation Name": "company_name", "Alias": "cn", "Startup Cost": 2780.8, "Total Cost": 8684.25, "Plan Rows": 6290, "Plan Width": 4, "Actual Startup Time": 20.972, "Actual Total Time": 133.469, "Actual Rows": 6752, "Actual Loops": 1, "Filter": "((country_code)::text = '[jp]'::text)", "Rows Removed by Filter": 228244, "Exact Heap Blocks": 2966, "Lossy Heap Blocks": 2966, "Plans": [{"Node Type": "Bitmap Index Scan", "Parent Relationship": "Outer", "Index Name": "company_name_pkey", "Startup Cost": 0.0, "Total Cost": 2779.23, "Plan Rows": 234996, "Plan Width": 0, "Actual Startup Time": 20.501, "Actual Total Time": 20.501, "Actual Rows": 234996, "Actual Loops": 1}]}, {"Node Type": "Index Scan", "Parent Relationship": "Inner", "Scan Direction": "Forward", "Index Name": "company_id_movie_companies", "Relation Name": "movie_companies", "Alias": "mc", "Startup Cost": 0.0, "Total Cost": 11.28, "Plan Rows": 1, "Plan Width": 8, "Actual Startup Time": 64.757, "Actual Total Time": 225.232, "Actual Rows": 48328, "Actual Loops": 6752, "Index Cond": "(company_id = cn.id)", "Rows Removed by Index Recheck": 0, "Filter": "(((note)::text ~~ '%(Japan)%'::text) AND ((note)::text !~~ '%(USA)%'::text))", "Rows Removed by Filter": 56667}]}, {"Node Type": "Index Scan", "Parent Relationship": "Inner", "Scan Direction": "Forward", "Index Name": "title_pkey", "Relation Name": "title", "Alias": "t", "Startup Cost": 0.0, "Total Cost": 3.91, "Plan Rows": 1, "Plan Width": 21, "Actual Startup Time": 280.125, "Actual Total Time": 280.125, "Actual Rows": 48328, "Actual Loops": 48328, "Index Cond": "(id = mc.movie_id)", "Rows Removed by Index Recheck": 0}]}, {"Node Type": "Index Scan", "Parent Relationship": "Inner", "Scan Direction": "Forward", "Index Name": "movie_id_cast_info", "Relation Name": "cast_info", "Alias": "ci", "Startup Cost": 0.0, "Total Cost": 0.98, "Plan Rows": 1, "Plan Width": 12, "Actual Startup Time": 2876.494, "Actual Total Time": 3009.414, "Actual Rows": 19600, "Actual Loops": 48328, "Index Cond": "(movie_id = t.id)", "Rows Removed by Index Recheck": 0, "Filter": "((note)::text = '(voice: English version)'::text)", "Rows Removed by Filter": 1531710}]}, {"Node Type": "Hash", "Parent Relationship": "Inner", "Startup Cost": 12.46, "Total Cost": 12.46, "Plan Rows": 1, "Plan Width": 4, "Actual Startup Time": 0.054, "Actual Total Time": 0.054, "Actual Rows": 1, "Actual Loops": 1, "Hash Buckets": 32768, "Hash Batches": 1, "Original Hash Batches": 1, "Peak Memory Usage": 1, "Plans": [{"Node Type": "Index Scan", "Parent Relationship": "Outer", "Scan Direction": "Forward", "Index Name": "role_type_pkey", "Relation Name": "role_type", "Alias": "rt", "Startup Cost": 0.0, "Total Cost": 12.46, "Plan Rows": 1, "Plan Width": 4, "Actual Startup Time": 0.039, "Actual Total Time": 0.046, "Actual Rows": 1, "Actual Loops": 1, "Filter": "((role)::text = 'actress'::text)", "Rows Removed by Filter": 11}]}]}, {"Node Type": "Index Scan", "Parent Relationship": "Inner", "Scan Direction": "Forward", "Index Name": "person_id_aka_name", "Relation Name": "aka_name", "Alias": "an1", "Startup Cost": 0.0, "Total Cost": 0.84, "Plan Rows": 1, "Plan Width": 20, "Actual Startup Time": 34.726, "Actual Total Time": 43.136, "Actual Rows": 17379, "Actual Loops": 7438, "Index Cond": "(person_id = ci.person_id)", "Rows Removed by Index Recheck": 0}]}, {"Node Type": "Index Scan", "Parent Relationship": "Inner", "Scan Direction": "Forward", "Index Name": "name_pkey", "Relation Name": "name", "Alias": "n1", "Startup Cost": 0.0, "Total Cost": 0.57, "Plan Rows": 1, "Plan Width": 4, "Actual Startup Time": 69.154, "Actual Total Time": 69.154, "Actual Rows": 62, "Actual Loops": 17379, "Index Cond": "(id = an1.person_id)", "Rows Removed by Index Recheck": 0, "Filter": "(((name)::text ~~ '%Yo%'::text) AND ((name)::text !~~ '%Yu%'::text))", "Rows Removed by Filter": 17317}]}]}, "Triggers": [], "Planner Runtime": 20, "Total Runtime": 3877.053, "Unique SQL Id": 3544391839}}, "(16, 98)": {"explain_plan": {"Plan": {"Node Type": "Aggregate", "Strategy": "Plain", "Startup Cost": 87811.18, "Total Cost": 87811.19, "Plan Rows": 1, "Plan Width": 97, "Plans": [{"Node Type": "Nested Loop", "Parent Relationship": "Outer", "Join Type": "Inner", "Startup Cost": 5985.74, "Total Cost": 87807.95, "Plan Rows": 646, "Plan Width": 33, "Inner Unique": true, "Plans": [{"Node Type": "Nested Loop", "Parent Relationship": "Outer", "Join Type": "Inner", "Startup Cost": 5985.41, "Total Cost": 84999.37, "Plan Rows": 645, "Plan Width": 41, "Inner Unique": false, "Plans": [{"Node Type": "Hash Join", "Parent Relationship": "Outer", "Join Type": "Inner", "Startup Cost": 5985.03, "Total Cost": 82656.81, "Plan Rows": 532, "Plan Width": 21, "Inner Unique": true, "Hash Cond": "(ci.role_id = rt.id)", "Plans": [{"Node Type": "Nested Loop", "Parent Relationship": "Outer", "Join Type": "Inner", "Startup Cost": 5983.86, "Total Cost": 82635.67, "Plan Rows": 5847, "Plan Width": 25, "Inner Unique": false, "Plans": [{"Node Type": "Nested Loop", "Parent Relationship": "Outer", "Join Type": "Inner", "Startup Cost": 5983.35, "Total Cost": 55977.85, "Plan Rows": 5775, "Plan Width": 25, "Inner Unique": true, "Plans": [{"Node Type": "Hash Join", "Parent Relationship": "Outer", "Join Type": "Inner", "Startup Cost": 5982.08, "Total Cost": 25391.5, "Plan Rows": 5775, "Plan Width": 4, "Inner Unique": true, "Hash Cond": "(mc.company_id = cn.id)", "Plans": [{"Node Type": "Streaming(type: LOCAL GATHER dop: 1/16)", "Parent Relationship": "Outer", "Startup Cost": 0.0, "Total Cost": 19215.08, "Plan Rows": 36426, "Plan Width": 8, "Plans": [{"Node Type": "Seq Scan", "Parent Relationship": "Outer", "Relation Name": "movie_companies", "Alias": "mc", "Startup Cost": 0.0, "Total Cost": 18428.93, "Plan Rows": 36426, "Plan Width": 8, "Filter": "(((note)::text ~~ '%(Japan)%'::text) AND ((note)::text !~~ '%(USA)%'::text))"}]}, {"Node Type": "Hash", "Parent Relationship": "Inner", "Startup Cost": 5903.45, "Total Cost": 5903.45, "Plan Rows": 6290, "Plan Width": 4, "Plans": [{"Node Type": "Seq Scan", "Parent Relationship": "Outer", "Relation Name": "company_name", "Alias": "cn", "Startup Cost": 0.0, "Total Cost": 5903.45, "Plan Rows": 6290, "Plan Width": 4, "Filter": "((country_code)::text = '[jp]'::text)"}]}]}, {"Node Type": "Bitmap Heap Scan", "Parent Relationship": "Inner", "Relation Name": "title", "Alias": "t", "Startup Cost": 1.27, "Total Cost": 5.29, "Plan Rows": 1, "Plan Width": 21, "Recheck Cond": "(id = mc.movie_id)", "Plans": [{"Node Type": "Bitmap Index Scan", "Parent Relationship": "Outer", "Index Name": "title_pkey", "Startup Cost": 0.0, "Total Cost": 1.27, "Plan Rows": 1, "Plan Width": 0, "Index Cond": "(id = mc.movie_id)"}]}]}, {"Node Type": "Bitmap Heap Scan", "Parent Relationship": "Inner", "Relation Name": "cast_info", "Alias": "ci", "Startup Cost": 0.52, "Total Cost": 4.61, "Plan Rows": 1, "Plan Width": 12, "Recheck Cond": "(movie_id = t.id)", "Filter": "((note)::text = '(voice: English version)'::text)", "Plans": [{"Node Type": "Bitmap Index Scan", "Parent Relationship": "Outer", "Index Name": "movie_id_cast_info", "Startup Cost": 0.0, "Total Cost": 0.52, "Plan Rows": 6, "Plan Width": 0, "Index Cond": "(movie_id = t.id)"}]}]}, {"Node Type": "Hash", "Parent Relationship": "Inner", "Startup Cost": 1.15, "Total Cost": 1.15, "Plan Rows": 1, "Plan Width": 4, "Plans": [{"Node Type": "Seq Scan", "Parent Relationship": "Outer", "Relation Name": "role_type", "Alias": "rt", "Startup Cost": 0.0, "Total Cost": 1.15, "Plan Rows": 1, "Plan Width": 4, "Filter": "((role)::text = 'actress'::text)"}]}]}, {"Node Type": "Bitmap Heap Scan", "Parent Relationship": "Inner", "Relation Name": "aka_name", "Alias": "an1", "Startup Cost": 0.38, "Total Cost": 4.39, "Plan Rows": 1, "Plan Width": 20, "Recheck Cond": "(person_id = ci.person_id)", "Plans": [{"Node Type": "Bitmap Index Scan", "Parent Relationship": "Outer", "Index Name": "person_id_aka_name", "Startup Cost": 0.0, "Total Cost": 0.38, "Plan Rows": 1, "Plan Width": 0, "Index Cond": "(person_id = ci.person_id)"}]}]}, {"Node Type": "Bitmap Heap Scan", "Parent Relationship": "Inner", "Relation Name": "name", "Alias": "n1", "Startup Cost": 0.33, "Total Cost": 4.34, "Plan Rows": 1, "Plan Width": 4, "Recheck Cond": "(id = an1.person_id)", "Filter": "(((name)::text ~~ '%Yo%'::text) AND ((name)::text !~~ '%Yu%'::text))", "Plans": [{"Node Type": "Bitmap Index Scan", "Parent Relationship": "Outer", "Index Name": "name_pkey", "Startup Cost": 0.0, "Total Cost": 0.33, "Plan Rows": 1, "Plan Width": 0, "Index Cond": "(id = an1.person_id)"}]}]}]}, "Unique SQL Id": 3544391839, "Planner Runtime": 85}, "explain_analyze_plan": {"Plan": {"Node Type": "Aggregate", "Strategy": "Plain", "Startup Cost": 87811.18, "Total Cost": 87811.19, "Plan Rows": 1, "Plan Width": 97, "Actual Min Startup Time": 4421.659, "Actual Max Startup Time": 4421.659, "Actual Min Total Time": 4421.659, "Actual Max Total Time": 4421.659, "Plans": [{"Node Type": "Nested Loop", "Parent Relationship": "Outer", "Join Type": "Inner", "Startup Cost": 5985.74, "Total Cost": 87807.95, "Plan Rows": 646, "Plan Width": 33, "Actual Min Startup Time": 401.235, "Actual Max Startup Time": 401.235, "Actual Min Total Time": 4421.398, "Actual Max Total Time": 4421.398, "Inner Unique": true, "Plans": [{"Node Type": "Nested Loop", "Parent Relationship": "Outer", "Join Type": "Inner", "Startup Cost": 5985.41, "Total Cost": 84999.37, "Plan Rows": 645, "Plan Width": 41, "Actual Min Startup Time": 94.933, "Actual Max Startup Time": 94.933, "Actual Min Total Time": 4318.724, "Actual Max Total Time": 4318.724, "Inner Unique": false, "Plans": [{"Node Type": "Hash Join", "Parent Relationship": "Outer", "Join Type": "Inner", "Startup Cost": 5985.03, "Total Cost": 82656.81, "Plan Rows": 532, "Plan Width": 21, "Actual Min Startup Time": 94.912, "Actual Max Startup Time": 94.912, "Actual Min Total Time": 4253.482, "Actual Max Total Time": 4253.482, "Inner Unique": true, "Hash Cond": "(ci.role_id = rt.id)", "Plans": [{"Node Type": "Nested Loop", "Parent Relationship": "Outer", "Join Type": "Inner", "Startup Cost": 5983.86, "Total Cost": 82635.67, "Plan Rows": 5847, "Plan Width": 25, "Actual Min Startup Time": 94.779, "Actual Max Startup Time": 94.779, "Actual Min Total Time": 4246.633, "Actual Max Total Time": 4246.633, "Inner Unique": false, "Plans": [{"Node Type": "Nested Loop", "Parent Relationship": "Outer", "Join Type": "Inner", "Startup Cost": 5983.35, "Total Cost": 55977.85, "Plan Rows": 5775, "Plan Width": 25, "Actual Min Startup Time": 86.102, "Actual Max Startup Time": 86.102, "Actual Min Total Time": 513.457, "Actual Max Total Time": 513.457, "Inner Unique": true, "Plans": [{"Node Type": "Hash Join", "Parent Relationship": "Outer", "Join Type": "Inner", "Startup Cost": 5982.08, "Total Cost": 25391.5, "Plan Rows": 5775, "Plan Width": 4, "Actual Min Startup Time": 86.031, "Actual Max Startup Time": 86.031, "Actual Min Total Time": 152.485, "Actual Max Total Time": 152.485, "Inner Unique": true, "Hash Cond": "(mc.company_id = cn.id)", "Plans": [{"Node Type": "Streaming(type: LOCAL GATHER dop: 1/16)", "Parent Relationship": "Outer", "Startup Cost": 0.0, "Total Cost": 19215.08, "Plan Rows": 36426, "Plan Width": 8, "Actual Min Startup Time": 0.08, "Actual Max Startup Time": 0.08, "Actual Min Total Time": 29.67, "Actual Max Total Time": 29.67, "Plans": [{"Node Type": "Seq Scan", "Parent Relationship": "Outer", "Relation Name": "movie_companies", "Alias": "mc", "Startup Cost": 0.0, "Total Cost": 18428.93, "Plan Rows": 36426, "Plan Width": 8, "Actual Min Startup Time": 0.041, "Actual Max Startup Time": 0.388, "Actual Min Total Time": 54.573, "Actual Max Total Time": 62.051, "Filter": "(((note)::text ~~ '%(Japan)%'::text) AND ((note)::text !~~ '%(USA)%'::text))", "Rows Removed by Filter": 2560231, "Actual Rows": 48897}], "Actual Rows": 48897}, {"Node Type": "Hash", "Parent Relationship": "Inner", "Startup Cost": 5903.45, "Total Cost": 5903.45, "Plan Rows": 6290, "Plan Width": 4, "Actual Min Startup Time": 85.894, "Actual Max Startup Time": 85.894, "Actual Min Total Time": 85.894, "Actual Max Total Time": 85.894, "Max Hash Buckets": 32768, "Min Hash Buckets": 32768, "Max Hash Batches": 1, "Min Hash Batches": 1, "Max Original Hash Batches": 1, "Min Original Hash Batches": 1, "Max Peak Memory Usage": 238, "min Peak Memory Usage": 238, "Plans": [{"Node Type": "Seq Scan", "Parent Relationship": "Outer", "Relation Name": "company_name", "Alias": "cn", "Startup Cost": 0.0, "Total Cost": 5903.45, "Plan Rows": 6290, "Plan Width": 4, "Actual Min Startup Time": 0.036, "Actual Max Startup Time": 0.036, "Actual Min Total Time": 83.73, "Actual Max Total Time": 83.73, "Filter": "((country_code)::text = '[jp]'::text)", "Rows Removed by Filter": 228244, "Actual Rows": 6752}], "Actual Rows": 6752}], "Actual Rows": 48328}, {"Node Type": "Bitmap Heap Scan", "Parent Relationship": "Inner", "Relation Name": "title", "Alias": "t", "Startup Cost": 1.27, "Total Cost": 5.29, "Plan Rows": 1, "Plan Width": 21, "Actual Min Startup Time": 286.714, "Actual Max Startup Time": 286.714, "Actual Min Total Time": 286.714, "Actual Max Total Time": 286.714, "Recheck Cond": "(id = mc.movie_id)", "Rows Removed by Index Recheck": 0, "Exact Heap Blocks": 48328, "Lossy Heap Blocks": 48328, "Plans": [{"Node Type": "Bitmap Index Scan", "Parent Relationship": "Outer", "Index Name": "title_pkey", "Startup Cost": 0.0, "Total Cost": 1.27, "Plan Rows": 1, "Plan Width": 0, "Actual Min Startup Time": 152.769, "Actual Max Startup Time": 152.769, "Actual Min Total Time": 152.769, "Actual Max Total Time": 152.769, "Index Cond": "(id = mc.movie_id)", "Actual Rows": 48328}], "Actual Rows": 48328}], "Actual Rows": 48328}, {"Node Type": "Bitmap Heap Scan", "Parent Relationship": "Inner", "Relation Name": "cast_info", "Alias": "ci", "Startup Cost": 0.52, "Total Cost": 4.61, "Plan Rows": 1, "Plan Width": 12, "Actual Min Startup Time": 3508.481, "Actual Max Startup Time": 3508.481, "Actual Min Total Time": 3660.557, "Actual Max Total Time": 3660.557, "Recheck Cond": "(movie_id = t.id)", "Rows Removed by Index Recheck": 0, "Filter": "((note)::text = '(voice: English version)'::text)", "Rows Removed by Filter": 1531710, "Exact Heap Blocks": 1503105, "Lossy Heap Blocks": 1503105, "Plans": [{"Node Type": "Bitmap Index Scan", "Parent Relationship": "Outer", "Index Name": "movie_id_cast_info", "Startup Cost": 0.0, "Total Cost": 0.52, "Plan Rows": 6, "Plan Width": 0, "Actual Min Startup Time": 460.301, "Actual Max Startup Time": 460.301, "Actual Min Total Time": 460.301, "Actual Max Total Time": 460.301, "Index Cond": "(movie_id = t.id)", "Actual Rows": 1551310}], "Actual Rows": 19600}], "Actual Rows": 19600}, {"Node Type": "Hash", "Parent Relationship": "Inner", "Startup Cost": 1.15, "Total Cost": 1.15, "Plan Rows": 1, "Plan Width": 4, "Actual Min Startup Time": 0.055, "Actual Max Startup Time": 0.055, "Actual Min Total Time": 0.055, "Actual Max Total Time": 0.055, "Max Hash Buckets": 32768, "Min Hash Buckets": 32768, "Max Hash Batches": 1, "Min Hash Batches": 1, "Max Original Hash Batches": 1, "Min Original Hash Batches": 1, "Max Peak Memory Usage": 1, "min Peak Memory Usage": 1, "Plans": [{"Node Type": "Seq Scan", "Parent Relationship": "Outer", "Relation Name": "role_type", "Alias": "rt", "Startup Cost": 0.0, "Total Cost": 1.15, "Plan Rows": 1, "Plan Width": 4, "Actual Min Startup Time": 0.039, "Actual Max Startup Time": 0.039, "Actual Min Total Time": 0.044, "Actual Max Total Time": 0.044, "Filter": "((role)::text = 'actress'::text)", "Rows Removed by Filter": 11, "Actual Rows": 1}], "Actual Rows": 1}], "Actual Rows": 7438}, {"Node Type": "Bitmap Heap Scan", "Parent Relationship": "Inner", "Relation Name": "aka_name", "Alias": "an1", "Startup Cost": 0.38, "Total Cost": 4.39, "Plan Rows": 1, "Plan Width": 20, "Actual Min Startup Time": 45.649, "Actual Max Startup Time": 45.649, "Actual Min Total Time": 50.969, "Actual Max Total Time": 50.969, "Recheck Cond": "(person_id = ci.person_id)", "Rows Removed by Index Recheck": 0, "Exact Heap Blocks": 6514, "Lossy Heap Blocks": 6514, "Plans": [{"Node Type": "Bitmap Index Scan", "Parent Relationship": "Outer", "Index Name": "person_id_aka_name", "Startup Cost": 0.0, "Total Cost": 0.38, "Plan Rows": 1, "Plan Width": 0, "Actual Min Startup Time": 29.802, "Actual Max Startup Time": 29.802, "Actual Min Total Time": 29.802, "Actual Max Total Time": 29.802, "Index Cond": "(person_id = ci.person_id)", "Actual Rows": 17379}], "Actual Rows": 17379}], "Actual Rows": 17379}, {"Node Type": "Bitmap Heap Scan", "Parent Relationship": "Inner", "Relation Name": "name", "Alias": "n1", "Startup Cost": 0.33, "Total Cost": 4.34, "Plan Rows": 1, "Plan Width": 4, "Actual Min Startup Time": 82.164, "Actual Max Startup Time": 82.164, "Actual Min Total Time": 82.164, "Actual Max Total Time": 82.164, "Recheck Cond": "(id = an1.person_id)", "Rows Removed by Index Recheck": 0, "Filter": "(((name)::text ~~ '%Yo%'::text) AND ((name)::text !~~ '%Yu%'::text))", "Rows Removed by Filter": 17317, "Exact Heap Blocks": 17379, "Lossy Heap Blocks": 17379, "Plans": [{"Node Type": "Bitmap Index Scan", "Parent Relationship": "Outer", "Index Name": "name_pkey", "Startup Cost": 0.0, "Total Cost": 0.33, "Plan Rows": 1, "Plan Width": 0, "Actual Min Startup Time": 48.327, "Actual Max Startup Time": 48.327, "Actual Min Total Time": 48.327, "Actual Max Total Time": 48.327, "Index Cond": "(id = an1.person_id)", "Actual Rows": 17379}], "Actual Rows": 62}], "Actual Rows": 62}], "Actual Rows": 1}, "Triggers": [], "Planner Runtime": 84, "Total Runtime": 4424.64, "Unique SQL Id": 3544391839}}, "(16, 99)": {"explain_plan": {"Plan": {"Node Type": "Aggregate", "Strategy": "Plain", "Startup Cost": 166565.05, "Total Cost": 166565.06, "Plan Rows": 1, "Plan Width": 97, "Plans": [{"Node Type": "Nested Loop", "Parent Relationship": "Outer", "Join Type": "Inner", "Startup Cost": 2799.72, "Total Cost": 166564.99, "Plan Rows": 12, "Plan Width": 33, "Inner Unique": false, "Join Filter": "(n1.id = an1.person_id)", "Plans": [{"Node Type": "Nested Loop", "Parent Relationship": "Outer", "Join Type": "Inner", "Startup Cost": 2799.34, "Total Cost": 166221.34, "Plan Rows": 78, "Plan Width": 25, "Inner Unique": true, "Plans": [{"Node Type": "Hash Join", "Parent Relationship": "Outer", "Join Type": "Inner", "Startup Cost": 2798.44, "Total Cost": 163598.7, "Plan Rows": 532, "Plan Width": 21, "Inner Unique": true, "Hash Cond": "(ci.role_id = rt.id)", "Plans": [{"Node Type": "Nested Loop", "Parent Relationship": "Outer", "Join Type": "Inner", "Startup Cost": 2785.97, "Total Cost": 163566.25, "Plan Rows": 5847, "Plan Width": 25, "Inner Unique": false, "Plans": [{"Node Type": "Nested Loop", "Parent Relationship": "Outer", "Join Type": "Inner", "Startup Cost": 2785.45, "Total Cost": 136908.44, "Plan Rows": 5775, "Plan Width": 25, "Inner Unique": true, "Plans": [{"Node Type": "Nested Loop", "Parent Relationship": "Outer", "Join Type": "Inner", "Startup Cost": 2784.18, "Total Cost": 106322.09, "Plan Rows": 5775, "Plan Width": 4, "Inner Unique": false, "Plans": [{"Node Type": "Bitmap Heap Scan", "Parent Relationship": "Outer", "Relation Name": "company_name", "Alias": "cn", "Startup Cost": 2780.8, "Total Cost": 8684.25, "Plan Rows": 6290, "Plan Width": 4, "Filter": "((country_code)::text = '[jp]'::text)", "Plans": [{"Node Type": "Bitmap Index Scan", "Parent Relationship": "Outer", "Index Name": "company_name_pkey", "Startup Cost": 0.0, "Total Cost": 2779.23, "Plan Rows": 234996, "Plan Width": 0}]}, {"Node Type": "Bitmap Heap Scan", "Parent Relationship": "Inner", "Relation Name": "movie_companies", "Alias": "mc", "Startup Cost": 3.37, "Total Cost": 15.51, "Plan Rows": 1, "Plan Width": 8, "Recheck Cond": "(company_id = cn.id)", "Filter": "(((note)::text ~~ '%(Japan)%'::text) AND ((note)::text !~~ '%(USA)%'::text))", "Plans": [{"Node Type": "Bitmap Index Scan", "Parent Relationship": "Outer", "Index Name": "company_id_movie_companies", "Startup Cost": 0.0, "Total Cost": 3.37, "Plan Rows": 15, "Plan Width": 0, "Index Cond": "(company_id = cn.id)"}]}]}, {"Node Type": "Bitmap Heap Scan", "Parent Relationship": "Inner", "Relation Name": "title", "Alias": "t", "Startup Cost": 1.27, "Total Cost": 5.29, "Plan Rows": 1, "Plan Width": 21, "Recheck Cond": "(id = mc.movie_id)", "Plans": [{"Node Type": "Bitmap Index Scan", "Parent Relationship": "Outer", "Index Name": "title_pkey", "Startup Cost": 0.0, "Total Cost": 1.27, "Plan Rows": 1, "Plan Width": 0, "Index Cond": "(id = mc.movie_id)"}]}]}, {"Node Type": "Bitmap Heap Scan", "Parent Relationship": "Inner", "Relation Name": "cast_info", "Alias": "ci", "Startup Cost": 0.52, "Total Cost": 4.61, "Plan Rows": 1, "Plan Width": 12, "Recheck Cond": "(movie_id = t.id)", "Filter": "((note)::text = '(voice: English version)'::text)", "Plans": [{"Node Type": "Bitmap Index Scan", "Parent Relationship": "Outer", "Index Name": "movie_id_cast_info", "Startup Cost": 0.0, "Total Cost": 0.52, "Plan Rows": 6, "Plan Width": 0, "Index Cond": "(movie_id = t.id)"}]}]}, {"Node Type": "Hash", "Parent Relationship": "Inner", "Startup Cost": 12.46, "Total Cost": 12.46, "Plan Rows": 1, "Plan Width": 4, "Plans": [{"Node Type": "Bitmap Heap Scan", "Parent Relationship": "Outer", "Relation Name": "role_type", "Alias": "rt", "Startup Cost": 8.31, "Total Cost": 12.46, "Plan Rows": 1, "Plan Width": 4, "Filter": "((role)::text = 'actress'::text)", "Plans": [{"Node Type": "Bitmap Index Scan", "Parent Relationship": "Outer", "Index Name": "role_type_pkey", "Startup Cost": 0.0, "Total Cost": 8.31, "Plan Rows": 12, "Plan Width": 0}]}]}]}, {"Node Type": "Bitmap Heap Scan", "Parent Relationship": "Inner", "Relation Name": "name", "Alias": "n1", "Startup Cost": 0.9, "Total Cost": 4.92, "Plan Rows": 1, "Plan Width": 4, "Recheck Cond": "(id = ci.person_id)", "Filter": "(((name)::text ~~ '%Yo%'::text) AND ((name)::text !~~ '%Yu%'::text))", "Plans": [{"Node Type": "Bitmap Index Scan", "Parent Relationship": "Outer", "Index Name": "name_pkey", "Startup Cost": 0.0, "Total Cost": 0.9, "Plan Rows": 1, "Plan Width": 0, "Index Cond": "(id = ci.person_id)"}]}]}, {"Node Type": "Bitmap Heap Scan", "Parent Relationship": "Inner", "Relation Name": "aka_name", "Alias": "an1", "Startup Cost": 0.38, "Total Cost": 4.39, "Plan Rows": 1, "Plan Width": 20, "Recheck Cond": "(person_id = ci.person_id)", "Plans": [{"Node Type": "Bitmap Index Scan", "Parent Relationship": "Outer", "Index Name": "person_id_aka_name", "Startup Cost": 0.0, "Total Cost": 0.38, "Plan Rows": 1, "Plan Width": 0, "Index Cond": "(person_id = ci.person_id)"}]}]}]}, "Unique SQL Id": 3544391839, "Planner Runtime": 14}, "explain_analyze_plan": {"Plan": {"Node Type": "Aggregate", "Strategy": "Plain", "Startup Cost": 166565.05, "Total Cost": 166565.06, "Plan Rows": 1, "Plan Width": 97, "Actual Startup Time": 4331.502, "Actual Total Time": 4331.503, "Actual Rows": 1, "Actual Loops": 1, "Plans": [{"Node Type": "Nested Loop", "Parent Relationship": "Outer", "Join Type": "Inner", "Startup Cost": 2799.72, "Total Cost": 166564.99, "Plan Rows": 12, "Plan Width": 33, "Actual Startup Time": 316.641, "Actual Total Time": 4331.16, "Actual Rows": 62, "Actual Loops": 1, "Inner Unique": false, "Join Filter": "(n1.id = an1.person_id)", "Rows Removed by Join Filter": 0, "Plans": [{"Node Type": "Nested Loop", "Parent Relationship": "Outer", "Join Type": "Inner", "Startup Cost": 2799.34, "Total Cost": 166221.34, "Plan Rows": 78, "Plan Width": 25, "Actual Startup Time": 316.607, "Actual Total Time": 4330.424, "Actual Rows": 38, "Actual Loops": 1, "Inner Unique": true, "Plans": [{"Node Type": "Hash Join", "Parent Relationship": "Outer", "Join Type": "Inner", "Startup Cost": 2798.44, "Total Cost": 163598.7, "Plan Rows": 532, "Plan Width": 21, "Actual Startup Time": 21.076, "Actual Total Time": 4270.794, "Actual Rows": 7438, "Actual Loops": 1, "Inner Unique": true, "Hash Cond": "(ci.role_id = rt.id)", "Plans": [{"Node Type": "Nested Loop", "Parent Relationship": "Outer", "Join Type": "Inner", "Startup Cost": 2785.97, "Total Cost": 163566.25, "Plan Rows": 5847, "Plan Width": 25, "Actual Startup Time": 20.952, "Actual Total Time": 4263.522, "Actual Rows": 19600, "Actual Loops": 1, "Inner Unique": false, "Plans": [{"Node Type": "Nested Loop", "Parent Relationship": "Outer", "Join Type": "Inner", "Startup Cost": 2785.45, "Total Cost": 136908.44, "Plan Rows": 5775, "Plan Width": 25, "Actual Startup Time": 20.86, "Actual Total Time": 817.563, "Actual Rows": 48328, "Actual Loops": 1, "Inner Unique": true, "Plans": [{"Node Type": "Nested Loop", "Parent Relationship": "Outer", "Join Type": "Inner", "Startup Cost": 2784.18, "Total Cost": 106322.09, "Plan Rows": 5775, "Plan Width": 4, "Actual Startup Time": 20.84, "Actual Total Time": 428.156, "Actual Rows": 48328, "Actual Loops": 1, "Inner Unique": false, "Plans": [{"Node Type": "Bitmap Heap Scan", "Parent Relationship": "Outer", "Relation Name": "company_name", "Alias": "cn", "Startup Cost": 2780.8, "Total Cost": 8684.25, "Plan Rows": 6290, "Plan Width": 4, "Actual Startup Time": 20.759, "Actual Total Time": 153.39, "Actual Rows": 6752, "Actual Loops": 1, "Filter": "((country_code)::text = '[jp]'::text)", "Rows Removed by Filter": 228244, "Exact Heap Blocks": 2966, "Lossy Heap Blocks": 2966, "Plans": [{"Node Type": "Bitmap Index Scan", "Parent Relationship": "Outer", "Index Name": "company_name_pkey", "Startup Cost": 0.0, "Total Cost": 2779.23, "Plan Rows": 234996, "Plan Width": 0, "Actual Startup Time": 20.267, "Actual Total Time": 20.267, "Actual Rows": 234996, "Actual Loops": 1}]}, {"Node Type": "Bitmap Heap Scan", "Parent Relationship": "Inner", "Relation Name": "movie_companies", "Alias": "mc", "Startup Cost": 3.37, "Total Cost": 15.51, "Plan Rows": 1, "Plan Width": 8, "Actual Startup Time": 88.877, "Actual Total Time": 251.47, "Actual Rows": 48328, "Actual Loops": 6752, "Recheck Cond": "(company_id = cn.id)", "Rows Removed by Index Recheck": 0, "Filter": "(((note)::text ~~ '%(Japan)%'::text) AND ((note)::text !~~ '%(USA)%'::text))", "Rows Removed by Filter": 56667, "Exact Heap Blocks": 61861, "Lossy Heap Blocks": 61861, "Plans": [{"Node Type": "Bitmap Index Scan", "Parent Relationship": "Outer", "Index Name": "company_id_movie_companies", "Startup Cost": 0.0, "Total Cost": 3.37, "Plan Rows": 15, "Plan Width": 0, "Actual Startup Time": 45.287, "Actual Total Time": 45.287, "Actual Rows": 104995, "Actual Loops": 6752, "Index Cond": "(company_id = cn.id)"}]}]}, {"Node Type": "Bitmap Heap Scan", "Parent Relationship": "Inner", "Relation Name": "title", "Alias": "t", "Startup Cost": 1.27, "Total Cost": 5.29, "Plan Rows": 1, "Plan Width": 21, "Actual Startup Time": 311.529, "Actual Total Time": 311.529, "Actual Rows": 48328, "Actual Loops": 48328, "Recheck Cond": "(id = mc.movie_id)", "Rows Removed by Index Recheck": 0, "Exact Heap Blocks": 48328, "Lossy Heap Blocks": 48328, "Plans": [{"Node Type": "Bitmap Index Scan", "Parent Relationship": "Outer", "Index Name": "title_pkey", "Startup Cost": 0.0, "Total Cost": 1.27, "Plan Rows": 1, "Plan Width": 0, "Actual Startup Time": 185.987, "Actual Total Time": 185.987, "Actual Rows": 48328, "Actual Loops": 48328, "Index Cond": "(id = mc.movie_id)"}]}]}, {"Node Type": "Bitmap Heap Scan", "Parent Relationship": "Inner", "Relation Name": "cast_info", "Alias": "ci", "Startup Cost": 0.52, "Total Cost": 4.61, "Plan Rows": 1, "Plan Width": 12, "Actual Startup Time": 3233.847, "Actual Total Time": 3372.058, "Actual Rows": 19600, "Actual Loops": 48328, "Recheck Cond": "(movie_id = t.id)", "Rows Removed by Index Recheck": 0, "Filter": "((note)::text = '(voice: English version)'::text)", "Rows Removed by Filter": 1531710, "Exact Heap Blocks": 1503105, "Lossy Heap Blocks": 1503105, "Plans": [{"Node Type": "Bitmap Index Scan", "Parent Relationship": "Outer", "Index Name": "movie_id_cast_info", "Startup Cost": 0.0, "Total Cost": 0.52, "Plan Rows": 6, "Plan Width": 0, "Actual Startup Time": 510.34, "Actual Total Time": 510.34, "Actual Rows": 1551310, "Actual Loops": 48328, "Index Cond": "(movie_id = t.id)"}]}]}, {"Node Type": "Hash", "Parent Relationship": "Inner", "Startup Cost": 12.46, "Total Cost": 12.46, "Plan Rows": 1, "Plan Width": 4, "Actual Startup Time": 0.072, "Actual Total Time": 0.072, "Actual Rows": 1, "Actual Loops": 1, "Hash Buckets": 32768, "Hash Batches": 1, "Original Hash Batches": 1, "Peak Memory Usage": 1, "Plans": [{"Node Type": "Bitmap Heap Scan", "Parent Relationship": "Outer", "Relation Name": "role_type", "Alias": "rt", "Startup Cost": 8.31, "Total Cost": 12.46, "Plan Rows": 1, "Plan Width": 4, "Actual Startup Time": 0.06, "Actual Total Time": 0.063, "Actual Rows": 1, "Actual Loops": 1, "Filter": "((role)::text = 'actress'::text)", "Rows Removed by Filter": 11, "Exact Heap Blocks": 1, "Lossy Heap Blocks": 1, "Plans": [{"Node Type": "Bitmap Index Scan", "Parent Relationship": "Outer", "Index Name": "role_type_pkey", "Startup Cost": 0.0, "Total Cost": 8.31, "Plan Rows": 12, "Plan Width": 0, "Actual Startup Time": 0.021, "Actual Total Time": 0.021, "Actual Rows": 12, "Actual Loops": 1}]}]}]}, {"Node Type": "Bitmap Heap Scan", "Parent Relationship": "Inner", "Relation Name": "name", "Alias": "n1", "Startup Cost": 0.9, "Total Cost": 4.92, "Plan Rows": 1, "Plan Width": 4, "Actual Startup Time": 49.151, "Actual Total Time": 49.151, "Actual Rows": 38, "Actual Loops": 7438, "Recheck Cond": "(id = ci.person_id)", "Rows Removed by Index Recheck": 0, "Filter": "(((name)::text ~~ '%Yo%'::text) AND ((name)::text !~~ '%Yu%'::text))", "Rows Removed by Filter": 7400, "Exact Heap Blocks": 7438, "Lossy Heap Blocks": 7438, "Plans": [{"Node Type": "Bitmap Index Scan", "Parent Relationship": "Outer", "Index Name": "name_pkey", "Startup Cost": 0.0, "Total Cost": 0.9, "Plan Rows": 1, "Plan Width": 0, "Actual Startup Time": 29.239, "Actual Total Time": 29.239, "Actual Rows": 7438, "Actual Loops": 7438, "Index Cond": "(id = ci.person_id)"}]}]}, {"Node Type": "Bitmap Heap Scan", "Parent Relationship": "Inner", "Relation Name": "aka_name", "Alias": "an1", "Startup Cost": 0.38, "Total Cost": 4.39, "Plan Rows": 1, "Plan Width": 20, "Actual Startup Time": 0.479, "Actual Total Time": 0.499, "Actual Rows": 62, "Actual Loops": 38, "Recheck Cond": "(person_id = ci.person_id)", "Rows Removed by Index Recheck": 0, "Exact Heap Blocks": 43, "Lossy Heap Blocks": 43, "Plans": [{"Node Type": "Bitmap Index Scan", "Parent Relationship": "Outer", "Index Name": "person_id_aka_name", "Startup Cost": 0.0, "Total Cost": 0.38, "Plan Rows": 1, "Plan Width": 0, "Actual Startup Time": 0.303, "Actual Total Time": 0.303, "Actual Rows": 62, "Actual Loops": 38, "Index Cond": "(person_id = ci.person_id)"}]}]}]}, "Triggers": [], "Planner Runtime": 14, "Total Runtime": 4331.924, "Unique SQL Id": 3544391839}}, "(16, 100)": {"explain_plan": {"Plan": {"Node Type": "Aggregate", "Strategy": "Plain", "Startup Cost": 54632.14, "Total Cost": 54632.15, "Plan Rows": 1, "Plan Width": 97, "Plans": [{"Node Type": "Nested Loop", "Parent Relationship": "Outer", "Join Type": "Inner", "Startup Cost": 5983.24, "Total Cost": 54632.08, "Plan Rows": 12, "Plan Width": 33, "Inner Unique": true, "Plans": [{"Node Type": "Nested Loop", "Parent Relationship": "Outer", "Join Type": "Inner", "Startup Cost": 5983.24, "Total Cost": 54256.54, "Plan Rows": 645, "Plan Width": 41, "Inner Unique": false, "Plans": [{"Node Type": "Hash Join", "Parent Relationship": "Outer", "Join Type": "Inner", "Startup Cost": 5983.24, "Total Cost": 53802.32, "Plan Rows": 532, "Plan Width": 21, "Inner Unique": true, "Hash Cond": "(ci.role_id = rt.id)", "Plans": [{"Node Type": "Nested Loop", "Parent Relationship": "Outer", "Join Type": "Inner", "Startup Cost": 5982.08, "Total Cost": 53781.19, "Plan Rows": 5847, "Plan Width": 25, "Inner Unique": false, "Plans": [{"Node Type": "Nested Loop", "Parent Relationship": "Outer", "Join Type": "Inner", "Startup Cost": 5982.08, "Total Cost": 48038.6, "Plan Rows": 5775, "Plan Width": 25, "Inner Unique": true, "Plans": [{"Node Type": "Hash Join", "Parent Relationship": "Outer", "Join Type": "Inner", "Startup Cost": 5982.08, "Total Cost": 25391.5, "Plan Rows": 5775, "Plan Width": 4, "Inner Unique": true, "Hash Cond": "(mc.company_id = cn.id)", "Plans": [{"Node Type": "Streaming(type: LOCAL GATHER dop: 1/16)", "Parent Relationship": "Outer", "Startup Cost": 0.0, "Total Cost": 19215.08, "Plan Rows": 36426, "Plan Width": 8, "Plans": [{"Node Type": "Seq Scan", "Parent Relationship": "Outer", "Relation Name": "movie_companies", "Alias": "mc", "Startup Cost": 0.0, "Total Cost": 18428.93, "Plan Rows": 36426, "Plan Width": 8, "Filter": "(((note)::text ~~ '%(Japan)%'::text) AND ((note)::text !~~ '%(USA)%'::text))"}]}, {"Node Type": "Hash", "Parent Relationship": "Inner", "Startup Cost": 5903.45, "Total Cost": 5903.45, "Plan Rows": 6290, "Plan Width": 4, "Plans": [{"Node Type": "Seq Scan", "Parent Relationship": "Outer", "Relation Name": "company_name", "Alias": "cn", "Startup Cost": 0.0, "Total Cost": 5903.45, "Plan Rows": 6290, "Plan Width": 4, "Filter": "((country_code)::text = '[jp]'::text)"}]}]}, {"Node Type": "Index Scan", "Parent Relationship": "Inner", "Scan Direction": "Forward", "Index Name": "title_pkey", "Relation Name": "title", "Alias": "t", "Startup Cost": 0.0, "Total Cost": 3.91, "Plan Rows": 1, "Plan Width": 21, "Index Cond": "(id = mc.movie_id)"}]}, {"Node Type": "Index Scan", "Parent Relationship": "Inner", "Scan Direction": "Forward", "Index Name": "movie_id_cast_info", "Relation Name": "cast_info", "Alias": "ci", "Startup Cost": 0.0, "Total Cost": 0.98, "Plan Rows": 1, "Plan Width": 12, "Index Cond": "(movie_id = t.id)", "Filter": "((note)::text = '(voice: English version)'::text)"}]}, {"Node Type": "Hash", "Parent Relationship": "Inner", "Startup Cost": 1.15, "Total Cost": 1.15, "Plan Rows": 1, "Plan Width": 4, "Plans": [{"Node Type": "Seq Scan", "Parent Relationship": "Outer", "Relation Name": "role_type", "Alias": "rt", "Startup Cost": 0.0, "Total Cost": 1.15, "Plan Rows": 1, "Plan Width": 4, "Filter": "((role)::text = 'actress'::text)"}]}]}, {"Node Type": "Index Scan", "Parent Relationship": "Inner", "Scan Direction": "Forward", "Index Name": "person_id_aka_name", "Relation Name": "aka_name", "Alias": "an1", "Startup Cost": 0.0, "Total Cost": 0.84, "Plan Rows": 1, "Plan Width": 20, "Index Cond": "(person_id = ci.person_id)"}]}, {"Node Type": "Index Scan", "Parent Relationship": "Inner", "Scan Direction": "Forward", "Index Name": "name_pkey", "Relation Name": "name", "Alias": "n1", "Startup Cost": 0.0, "Total Cost": 0.57, "Plan Rows": 1, "Plan Width": 4, "Index Cond": "(id = an1.person_id)", "Filter": "(((name)::text ~~ '%Yo%'::text) AND ((name)::text !~~ '%Yu%'::text))"}]}]}, "Unique SQL Id": 3544391839, "Planner Runtime": 46}, "explain_analyze_plan": {"Plan": {"Node Type": "Aggregate", "Strategy": "Plain", "Startup Cost": 54632.14, "Total Cost": 54632.15, "Plan Rows": 1, "Plan Width": 97, "Actual Min Startup Time": 3363.404, "Actual Max Startup Time": 3363.404, "Actual Min Total Time": 3363.405, "Actual Max Total Time": 3363.405, "Plans": [{"Node Type": "Nested Loop", "Parent Relationship": "Outer", "Join Type": "Inner", "Startup Cost": 5983.24, "Total Cost": 54632.08, "Plan Rows": 12, "Plan Width": 33, "Actual Min Startup Time": 315.649, "Actual Max Startup Time": 315.649, "Actual Min Total Time": 3363.196, "Actual Max Total Time": 3363.196, "Inner Unique": true, "Plans": [{"Node Type": "Nested Loop", "Parent Relationship": "Outer", "Join Type": "Inner", "Startup Cost": 5983.24, "Total Cost": 54256.54, "Plan Rows": 645, "Plan Width": 41, "Actual Min Startup Time": 90.963, "Actual Max Startup Time": 90.963, "Actual Min Total Time": 3288.017, "Actual Max Total Time": 3288.017, "Inner Unique": false, "Plans": [{"Node Type": "Hash Join", "Parent Relationship": "Outer", "Join Type": "Inner", "Startup Cost": 5983.24, "Total Cost": 53802.32, "Plan Rows": 532, "Plan Width": 21, "Actual Min Startup Time": 90.944, "Actual Max Startup Time": 90.944, "Actual Min Total Time": 3239.393, "Actual Max Total Time": 3239.393, "Inner Unique": true, "Hash Cond": "(ci.role_id = rt.id)", "Plans": [{"Node Type": "Nested Loop", "Parent Relationship": "Outer", "Join Type": "Inner", "Startup Cost": 5982.08, "Total Cost": 53781.19, "Plan Rows": 5847, "Plan Width": 25, "Actual Min Startup Time": 90.811, "Actual Max Startup Time": 90.811, "Actual Min Total Time": 3232.792, "Actual Max Total Time": 3232.792, "Inner Unique": false, "Plans": [{"Node Type": "Nested Loop", "Parent Relationship": "Outer", "Join Type": "Inner", "Startup Cost": 5982.08, "Total Cost": 48038.6, "Plan Rows": 5775, "Plan Width": 25, "Actual Min Startup Time": 84.576, "Actual Max Startup Time": 84.576, "Actual Min Total Time": 392.373, "Actual Max Total Time": 392.373, "Inner Unique": true, "Plans": [{"Node Type": "Hash Join", "Parent Relationship": "Outer", "Join Type": "Inner", "Startup Cost": 5982.08, "Total Cost": 25391.5, "Plan Rows": 5775, "Plan Width": 4, "Actual Min Startup Time": 84.53, "Actual Max Startup Time": 84.53, "Actual Min Total Time": 143.587, "Actual Max Total Time": 143.587, "Inner Unique": true, "Hash Cond": "(mc.company_id = cn.id)", "Plans": [{"Node Type": "Streaming(type: LOCAL GATHER dop: 1/16)", "Parent Relationship": "Outer", "Startup Cost": 0.0, "Total Cost": 19215.08, "Plan Rows": 36426, "Plan Width": 8, "Actual Min Startup Time": 0.074, "Actual Max Startup Time": 0.074, "Actual Min Total Time": 23.841, "Actual Max Total Time": 23.841, "Plans": [{"Node Type": "Seq Scan", "Parent Relationship": "Outer", "Relation Name": "movie_companies", "Alias": "mc", "Startup Cost": 0.0, "Total Cost": 18428.93, "Plan Rows": 36426, "Plan Width": 8, "Actual Min Startup Time": 0.038, "Actual Max Startup Time": 0.399, "Actual Min Total Time": 53.749, "Actual Max Total Time": 61.435, "Filter": "(((note)::text ~~ '%(Japan)%'::text) AND ((note)::text !~~ '%(USA)%'::text))", "Rows Removed by Filter": 2560231, "Actual Rows": 48897}], "Actual Rows": 48897}, {"Node Type": "Hash", "Parent Relationship": "Inner", "Startup Cost": 5903.45, "Total Cost": 5903.45, "Plan Rows": 6290, "Plan Width": 4, "Actual Min Startup Time": 84.399, "Actual Max Startup Time": 84.399, "Actual Min Total Time": 84.399, "Actual Max Total Time": 84.399, "Max Hash Buckets": 32768, "Min Hash Buckets": 32768, "Max Hash Batches": 1, "Min Hash Batches": 1, "Max Original Hash Batches": 1, "Min Original Hash Batches": 1, "Max Peak Memory Usage": 238, "min Peak Memory Usage": 238, "Plans": [{"Node Type": "Seq Scan", "Parent Relationship": "Outer", "Relation Name": "company_name", "Alias": "cn", "Startup Cost": 0.0, "Total Cost": 5903.45, "Plan Rows": 6290, "Plan Width": 4, "Actual Min Startup Time": 0.036, "Actual Max Startup Time": 0.036, "Actual Min Total Time": 82.257, "Actual Max Total Time": 82.257, "Filter": "((country_code)::text = '[jp]'::text)", "Rows Removed by Filter": 228244, "Actual Rows": 6752}], "Actual Rows": 6752}], "Actual Rows": 48328}, {"Node Type": "Index Scan", "Parent Relationship": "Inner", "Scan Direction": "Forward", "Index Name": "title_pkey", "Relation Name": "title", "Alias": "t", "Startup Cost": 0.0, "Total Cost": 3.91, "Plan Rows": 1, "Plan Width": 21, "Actual Min Startup Time": 208.645, "Actual Max Startup Time": 208.645, "Actual Min Total Time": 208.645, "Actual Max Total Time": 208.645, "Index Cond": "(id = mc.movie_id)", "Rows Removed by Index Recheck": 0, "Actual Rows": 48328}], "Actual Rows": 48328}, {"Node Type": "Index Scan", "Parent Relationship": "Inner", "Scan Direction": "Forward", "Index Name": "movie_id_cast_info", "Relation Name": "cast_info", "Alias": "ci", "Startup Cost": 0.0, "Total Cost": 0.98, "Plan Rows": 1, "Plan Width": 12, "Actual Min Startup Time": 2682.233, "Actual Max Startup Time": 2682.233, "Actual Min Total Time": 2809.667, "Actual Max Total Time": 2809.667, "Index Cond": "(movie_id = t.id)", "Rows Removed by Index Recheck": 0, "Filter": "((note)::text = '(voice: English version)'::text)", "Rows Removed by Filter": 1531710, "Actual Rows": 19600}], "Actual Rows": 19600}, {"Node Type": "Hash", "Parent Relationship": "Inner", "Startup Cost": 1.15, "Total Cost": 1.15, "Plan Rows": 1, "Plan Width": 4, "Actual Min Startup Time": 0.054, "Actual Max Startup Time": 0.054, "Actual Min Total Time": 0.054, "Actual Max Total Time": 0.054, "Max Hash Buckets": 32768, "Min Hash Buckets": 32768, "Max Hash Batches": 1, "Min Hash Batches": 1, "Max Original Hash Batches": 1, "Min Original Hash Batches": 1, "Max Peak Memory Usage": 1, "min Peak Memory Usage": 1, "Plans": [{"Node Type": "Seq Scan", "Parent Relationship": "Outer", "Relation Name": "role_type", "Alias": "rt", "Startup Cost": 0.0, "Total Cost": 1.15, "Plan Rows": 1, "Plan Width": 4, "Actual Min Startup Time": 0.04, "Actual Max Startup Time": 0.04, "Actual Min Total Time": 0.044, "Actual Max Total Time": 0.044, "Filter": "((role)::text = 'actress'::text)", "Rows Removed by Filter": 11, "Actual Rows": 1}], "Actual Rows": 1}], "Actual Rows": 7438}, {"Node Type": "Index Scan", "Parent Relationship": "Inner", "Scan Direction": "Forward", "Index Name": "person_id_aka_name", "Relation Name": "aka_name", "Alias": "an1", "Startup Cost": 0.0, "Total Cost": 0.84, "Plan Rows": 1, "Plan Width": 20, "Actual Min Startup Time": 31.449, "Actual Max Startup Time": 31.449, "Actual Min Total Time": 39.564, "Actual Max Total Time": 39.564, "Index Cond": "(person_id = ci.person_id)", "Rows Removed by Index Recheck": 0, "Actual Rows": 17379}], "Actual Rows": 17379}, {"Node Type": "Index Scan", "Parent Relationship": "Inner", "Scan Direction": "Forward", "Index Name": "name_pkey", "Relation Name": "name", "Alias": "n1", "Startup Cost": 0.0, "Total Cost": 0.57, "Plan Rows": 1, "Plan Width": 4, "Actual Min Startup Time": 66.041, "Actual Max Startup Time": 66.041, "Actual Min Total Time": 66.041, "Actual Max Total Time": 66.041, "Index Cond": "(id = an1.person_id)", "Rows Removed by Index Recheck": 0, "Filter": "(((name)::text ~~ '%Yo%'::text) AND ((name)::text !~~ '%Yu%'::text))", "Rows Removed by Filter": 17317, "Actual Rows": 62}], "Actual Rows": 62}], "Actual Rows": 1}, "Triggers": [], "Planner Runtime": 46, "Total Runtime": 3366.884, "Unique SQL Id": 3544391839}}, "(16, 101)": {"explain_plan": {"Plan": {"Node Type": "Aggregate", "Strategy": "Plain", "Startup Cost": 108954.59, "Total Cost": 108954.6, "Plan Rows": 1, "Plan Width": 97, "Plans": [{"Node Type": "Nested Loop", "Parent Relationship": "Outer", "Join Type": "Inner", "Startup Cost": 2793.28, "Total Cost": 108954.53, "Plan Rows": 12, "Plan Width": 33, "Inner Unique": true, "Plans": [{"Node Type": "Nested Loop", "Parent Relationship": "Outer", "Join Type": "Inner", "Startup Cost": 2793.28, "Total Cost": 108578.99, "Plan Rows": 645, "Plan Width": 41, "Inner Unique": false, "Plans": [{"Node Type": "Hash Join", "Parent Relationship": "Outer", "Join Type": "Inner", "Startup Cost": 2793.28, "Total Cost": 108124.77, "Plan Rows": 532, "Plan Width": 21, "Inner Unique": true, "Hash Cond": "(ci.role_id = rt.id)", "Plans": [{"Node Type": "Nested Loop", "Parent Relationship": "Outer", "Join Type": "Inner", "Startup Cost": 2780.8, "Total Cost": 108092.33, "Plan Rows": 5847, "Plan Width": 25, "Inner Unique": false, "Plans": [{"Node Type": "Nested Loop", "Parent Relationship": "Outer", "Join Type": "Inner", "Startup Cost": 2780.8, "Total Cost": 102349.74, "Plan Rows": 5775, "Plan Width": 25, "Inner Unique": true, "Plans": [{"Node Type": "Nested Loop", "Parent Relationship": "Outer", "Join Type": "Inner", "Startup Cost": 2780.8, "Total Cost": 79702.64, "Plan Rows": 5775, "Plan Width": 4, "Inner Unique": false, "Plans": [{"Node Type": "Bitmap Heap Scan", "Parent Relationship": "Outer", "Relation Name": "company_name", "Alias": "cn", "Startup Cost": 2780.8, "Total Cost": 8684.25, "Plan Rows": 6290, "Plan Width": 4, "Filter": "((country_code)::text = '[jp]'::text)", "Plans": [{"Node Type": "Bitmap Index Scan", "Parent Relationship": "Outer", "Index Name": "company_name_pkey", "Startup Cost": 0.0, "Total Cost": 2779.23, "Plan Rows": 234996, "Plan Width": 0}]}, {"Node Type": "Index Scan", "Parent Relationship": "Inner", "Scan Direction": "Forward", "Index Name": "company_id_movie_companies", "Relation Name": "movie_companies", "Alias": "mc", "Startup Cost": 0.0, "Total Cost": 11.28, "Plan Rows": 1, "Plan Width": 8, "Index Cond": "(company_id = cn.id)", "Filter": "(((note)::text ~~ '%(Japan)%'::text) AND ((note)::text !~~ '%(USA)%'::text))"}]}, {"Node Type": "Index Scan", "Parent Relationship": "Inner", "Scan Direction": "Forward", "Index Name": "title_pkey", "Relation Name": "title", "Alias": "t", "Startup Cost": 0.0, "Total Cost": 3.91, "Plan Rows": 1, "Plan Width": 21, "Index Cond": "(id = mc.movie_id)"}]}, {"Node Type": "Index Scan", "Parent Relationship": "Inner", "Scan Direction": "Forward", "Index Name": "movie_id_cast_info", "Relation Name": "cast_info", "Alias": "ci", "Startup Cost": 0.0, "Total Cost": 0.98, "Plan Rows": 1, "Plan Width": 12, "Index Cond": "(movie_id = t.id)", "Filter": "((note)::text = '(voice: English version)'::text)"}]}, {"Node Type": "Hash", "Parent Relationship": "Inner", "Startup Cost": 12.46, "Total Cost": 12.46, "Plan Rows": 1, "Plan Width": 4, "Plans": [{"Node Type": "Index Scan", "Parent Relationship": "Outer", "Scan Direction": "Forward", "Index Name": "role_type_pkey", "Relation Name": "role_type", "Alias": "rt", "Startup Cost": 0.0, "Total Cost": 12.46, "Plan Rows": 1, "Plan Width": 4, "Filter": "((role)::text = 'actress'::text)"}]}]}, {"Node Type": "Index Scan", "Parent Relationship": "Inner", "Scan Direction": "Forward", "Index Name": "person_id_aka_name", "Relation Name": "aka_name", "Alias": "an1", "Startup Cost": 0.0, "Total Cost": 0.84, "Plan Rows": 1, "Plan Width": 20, "Index Cond": "(person_id = ci.person_id)"}]}, {"Node Type": "Index Scan", "Parent Relationship": "Inner", "Scan Direction": "Forward", "Index Name": "name_pkey", "Relation Name": "name", "Alias": "n1", "Startup Cost": 0.0, "Total Cost": 0.57, "Plan Rows": 1, "Plan Width": 4, "Index Cond": "(id = an1.person_id)", "Filter": "(((name)::text ~~ '%Yo%'::text) AND ((name)::text !~~ '%Yu%'::text))"}]}]}, "Unique SQL Id": 3544391839, "Planner Runtime": 20}, "explain_analyze_plan": {"Plan": {"Node Type": "Aggregate", "Strategy": "Plain", "Startup Cost": 108954.59, "Total Cost": 108954.6, "Plan Rows": 1, "Plan Width": 97, "Actual Startup Time": 3876.634, "Actual Total Time": 3876.635, "Actual Rows": 1, "Actual Loops": 1, "Plans": [{"Node Type": "Nested Loop", "Parent Relationship": "Outer", "Join Type": "Inner", "Startup Cost": 2793.28, "Total Cost": 108954.53, "Plan Rows": 12, "Plan Width": 33, "Actual Startup Time": 257.161, "Actual Total Time": 3876.333, "Actual Rows": 62, "Actual Loops": 1, "Inner Unique": true, "Plans": [{"Node Type": "Nested Loop", "Parent Relationship": "Outer", "Join Type": "Inner", "Startup Cost": 2793.28, "Total Cost": 108578.99, "Plan Rows": 645, "Plan Width": 41, "Actual Startup Time": 21.215, "Actual Total Time": 3797.967, "Actual Rows": 17379, "Actual Loops": 1, "Inner Unique": false, "Plans": [{"Node Type": "Hash Join", "Parent Relationship": "Outer", "Join Type": "Inner", "Startup Cost": 2793.28, "Total Cost": 108124.77, "Plan Rows": 532, "Plan Width": 21, "Actual Startup Time": 21.197, "Actual Total Time": 3745.642, "Actual Rows": 7438, "Actual Loops": 1, "Inner Unique": true, "Hash Cond": "(ci.role_id = rt.id)", "Plans": [{"Node Type": "Nested Loop", "Parent Relationship": "Outer", "Join Type": "Inner", "Startup Cost": 2780.8, "Total Cost": 108092.33, "Plan Rows": 5847, "Plan Width": 25, "Actual Startup Time": 21.094, "Actual Total Time": 3738.832, "Actual Rows": 19600, "Actual Loops": 1, "Inner Unique": false, "Plans": [{"Node Type": "Nested Loop", "Parent Relationship": "Outer", "Join Type": "Inner", "Startup Cost": 2780.8, "Total Cost": 102349.74, "Plan Rows": 5775, "Plan Width": 25, "Actual Startup Time": 21.033, "Actual Total Time": 697.555, "Actual Rows": 48328, "Actual Loops": 1, "Inner Unique": true, "Plans": [{"Node Type": "Nested Loop", "Parent Relationship": "Outer", "Join Type": "Inner", "Startup Cost": 2780.8, "Total Cost": 79702.64, "Plan Rows": 5775, "Plan Width": 4, "Actual Startup Time": 21.019, "Actual Total Time": 374.184, "Actual Rows": 48328, "Actual Loops": 1, "Inner Unique": false, "Plans": [{"Node Type": "Bitmap Heap Scan", "Parent Relationship": "Outer", "Relation Name": "company_name", "Alias": "cn", "Startup Cost": 2780.8, "Total Cost": 8684.25, "Plan Rows": 6290, "Plan Width": 4, "Actual Startup Time": 20.972, "Actual Total Time": 133.469, "Actual Rows": 6752, "Actual Loops": 1, "Filter": "((country_code)::text = '[jp]'::text)", "Rows Removed by Filter": 228244, "Exact Heap Blocks": 2966, "Lossy Heap Blocks": 2966, "Plans": [{"Node Type": "Bitmap Index Scan", "Parent Relationship": "Outer", "Index Name": "company_name_pkey", "Startup Cost": 0.0, "Total Cost": 2779.23, "Plan Rows": 234996, "Plan Width": 0, "Actual Startup Time": 20.501, "Actual Total Time": 20.501, "Actual Rows": 234996, "Actual Loops": 1}]}, {"Node Type": "Index Scan", "Parent Relationship": "Inner", "Scan Direction": "Forward", "Index Name": "company_id_movie_companies", "Relation Name": "movie_companies", "Alias": "mc", "Startup Cost": 0.0, "Total Cost": 11.28, "Plan Rows": 1, "Plan Width": 8, "Actual Startup Time": 64.757, "Actual Total Time": 225.232, "Actual Rows": 48328, "Actual Loops": 6752, "Index Cond": "(company_id = cn.id)", "Rows Removed by Index Recheck": 0, "Filter": "(((note)::text ~~ '%(Japan)%'::text) AND ((note)::text !~~ '%(USA)%'::text))", "Rows Removed by Filter": 56667}]}, {"Node Type": "Index Scan", "Parent Relationship": "Inner", "Scan Direction": "Forward", "Index Name": "title_pkey", "Relation Name": "title", "Alias": "t", "Startup Cost": 0.0, "Total Cost": 3.91, "Plan Rows": 1, "Plan Width": 21, "Actual Startup Time": 280.125, "Actual Total Time": 280.125, "Actual Rows": 48328, "Actual Loops": 48328, "Index Cond": "(id = mc.movie_id)", "Rows Removed by Index Recheck": 0}]}, {"Node Type": "Index Scan", "Parent Relationship": "Inner", "Scan Direction": "Forward", "Index Name": "movie_id_cast_info", "Relation Name": "cast_info", "Alias": "ci", "Startup Cost": 0.0, "Total Cost": 0.98, "Plan Rows": 1, "Plan Width": 12, "Actual Startup Time": 2876.494, "Actual Total Time": 3009.414, "Actual Rows": 19600, "Actual Loops": 48328, "Index Cond": "(movie_id = t.id)", "Rows Removed by Index Recheck": 0, "Filter": "((note)::text = '(voice: English version)'::text)", "Rows Removed by Filter": 1531710}]}, {"Node Type": "Hash", "Parent Relationship": "Inner", "Startup Cost": 12.46, "Total Cost": 12.46, "Plan Rows": 1, "Plan Width": 4, "Actual Startup Time": 0.054, "Actual Total Time": 0.054, "Actual Rows": 1, "Actual Loops": 1, "Hash Buckets": 32768, "Hash Batches": 1, "Original Hash Batches": 1, "Peak Memory Usage": 1, "Plans": [{"Node Type": "Index Scan", "Parent Relationship": "Outer", "Scan Direction": "Forward", "Index Name": "role_type_pkey", "Relation Name": "role_type", "Alias": "rt", "Startup Cost": 0.0, "Total Cost": 12.46, "Plan Rows": 1, "Plan Width": 4, "Actual Startup Time": 0.039, "Actual Total Time": 0.046, "Actual Rows": 1, "Actual Loops": 1, "Filter": "((role)::text = 'actress'::text)", "Rows Removed by Filter": 11}]}]}, {"Node Type": "Index Scan", "Parent Relationship": "Inner", "Scan Direction": "Forward", "Index Name": "person_id_aka_name", "Relation Name": "aka_name", "Alias": "an1", "Startup Cost": 0.0, "Total Cost": 0.84, "Plan Rows": 1, "Plan Width": 20, "Actual Startup Time": 34.726, "Actual Total Time": 43.136, "Actual Rows": 17379, "Actual Loops": 7438, "Index Cond": "(person_id = ci.person_id)", "Rows Removed by Index Recheck": 0}]}, {"Node Type": "Index Scan", "Parent Relationship": "Inner", "Scan Direction": "Forward", "Index Name": "name_pkey", "Relation Name": "name", "Alias": "n1", "Startup Cost": 0.0, "Total Cost": 0.57, "Plan Rows": 1, "Plan Width": 4, "Actual Startup Time": 69.154, "Actual Total Time": 69.154, "Actual Rows": 62, "Actual Loops": 17379, "Index Cond": "(id = an1.person_id)", "Rows Removed by Index Recheck": 0, "Filter": "(((name)::text ~~ '%Yo%'::text) AND ((name)::text !~~ '%Yu%'::text))", "Rows Removed by Filter": 17317}]}]}, "Triggers": [], "Planner Runtime": 20, "Total Runtime": 3877.053, "Unique SQL Id": 3544391839}}, "(16, 102)": {"explain_plan": {"Plan": {"Node Type": "Aggregate", "Strategy": "Plain", "Startup Cost": 87811.18, "Total Cost": 87811.19, "Plan Rows": 1, "Plan Width": 97, "Plans": [{"Node Type": "Nested Loop", "Parent Relationship": "Outer", "Join Type": "Inner", "Startup Cost": 5985.74, "Total Cost": 87807.95, "Plan Rows": 646, "Plan Width": 33, "Inner Unique": true, "Plans": [{"Node Type": "Nested Loop", "Parent Relationship": "Outer", "Join Type": "Inner", "Startup Cost": 5985.41, "Total Cost": 84999.37, "Plan Rows": 645, "Plan Width": 41, "Inner Unique": false, "Plans": [{"Node Type": "Hash Join", "Parent Relationship": "Outer", "Join Type": "Inner", "Startup Cost": 5985.03, "Total Cost": 82656.81, "Plan Rows": 532, "Plan Width": 21, "Inner Unique": true, "Hash Cond": "(ci.role_id = rt.id)", "Plans": [{"Node Type": "Nested Loop", "Parent Relationship": "Outer", "Join Type": "Inner", "Startup Cost": 5983.86, "Total Cost": 82635.67, "Plan Rows": 5847, "Plan Width": 25, "Inner Unique": false, "Plans": [{"Node Type": "Nested Loop", "Parent Relationship": "Outer", "Join Type": "Inner", "Startup Cost": 5983.35, "Total Cost": 55977.85, "Plan Rows": 5775, "Plan Width": 25, "Inner Unique": true, "Plans": [{"Node Type": "Hash Join", "Parent Relationship": "Outer", "Join Type": "Inner", "Startup Cost": 5982.08, "Total Cost": 25391.5, "Plan Rows": 5775, "Plan Width": 4, "Inner Unique": true, "Hash Cond": "(mc.company_id = cn.id)", "Plans": [{"Node Type": "Streaming(type: LOCAL GATHER dop: 1/16)", "Parent Relationship": "Outer", "Startup Cost": 0.0, "Total Cost": 19215.08, "Plan Rows": 36426, "Plan Width": 8, "Plans": [{"Node Type": "Seq Scan", "Parent Relationship": "Outer", "Relation Name": "movie_companies", "Alias": "mc", "Startup Cost": 0.0, "Total Cost": 18428.93, "Plan Rows": 36426, "Plan Width": 8, "Filter": "(((note)::text ~~ '%(Japan)%'::text) AND ((note)::text !~~ '%(USA)%'::text))"}]}, {"Node Type": "Hash", "Parent Relationship": "Inner", "Startup Cost": 5903.45, "Total Cost": 5903.45, "Plan Rows": 6290, "Plan Width": 4, "Plans": [{"Node Type": "Seq Scan", "Parent Relationship": "Outer", "Relation Name": "company_name", "Alias": "cn", "Startup Cost": 0.0, "Total Cost": 5903.45, "Plan Rows": 6290, "Plan Width": 4, "Filter": "((country_code)::text = '[jp]'::text)"}]}]}, {"Node Type": "Bitmap Heap Scan", "Parent Relationship": "Inner", "Relation Name": "title", "Alias": "t", "Startup Cost": 1.27, "Total Cost": 5.29, "Plan Rows": 1, "Plan Width": 21, "Recheck Cond": "(id = mc.movie_id)", "Plans": [{"Node Type": "Bitmap Index Scan", "Parent Relationship": "Outer", "Index Name": "title_pkey", "Startup Cost": 0.0, "Total Cost": 1.27, "Plan Rows": 1, "Plan Width": 0, "Index Cond": "(id = mc.movie_id)"}]}]}, {"Node Type": "Bitmap Heap Scan", "Parent Relationship": "Inner", "Relation Name": "cast_info", "Alias": "ci", "Startup Cost": 0.52, "Total Cost": 4.61, "Plan Rows": 1, "Plan Width": 12, "Recheck Cond": "(movie_id = t.id)", "Filter": "((note)::text = '(voice: English version)'::text)", "Plans": [{"Node Type": "Bitmap Index Scan", "Parent Relationship": "Outer", "Index Name": "movie_id_cast_info", "Startup Cost": 0.0, "Total Cost": 0.52, "Plan Rows": 6, "Plan Width": 0, "Index Cond": "(movie_id = t.id)"}]}]}, {"Node Type": "Hash", "Parent Relationship": "Inner", "Startup Cost": 1.15, "Total Cost": 1.15, "Plan Rows": 1, "Plan Width": 4, "Plans": [{"Node Type": "Seq Scan", "Parent Relationship": "Outer", "Relation Name": "role_type", "Alias": "rt", "Startup Cost": 0.0, "Total Cost": 1.15, "Plan Rows": 1, "Plan Width": 4, "Filter": "((role)::text = 'actress'::text)"}]}]}, {"Node Type": "Bitmap Heap Scan", "Parent Relationship": "Inner", "Relation Name": "aka_name", "Alias": "an1", "Startup Cost": 0.38, "Total Cost": 4.39, "Plan Rows": 1, "Plan Width": 20, "Recheck Cond": "(person_id = ci.person_id)", "Plans": [{"Node Type": "Bitmap Index Scan", "Parent Relationship": "Outer", "Index Name": "person_id_aka_name", "Startup Cost": 0.0, "Total Cost": 0.38, "Plan Rows": 1, "Plan Width": 0, "Index Cond": "(person_id = ci.person_id)"}]}]}, {"Node Type": "Bitmap Heap Scan", "Parent Relationship": "Inner", "Relation Name": "name", "Alias": "n1", "Startup Cost": 0.33, "Total Cost": 4.34, "Plan Rows": 1, "Plan Width": 4, "Recheck Cond": "(id = an1.person_id)", "Filter": "(((name)::text ~~ '%Yo%'::text) AND ((name)::text !~~ '%Yu%'::text))", "Plans": [{"Node Type": "Bitmap Index Scan", "Parent Relationship": "Outer", "Index Name": "name_pkey", "Startup Cost": 0.0, "Total Cost": 0.33, "Plan Rows": 1, "Plan Width": 0, "Index Cond": "(id = an1.person_id)"}]}]}]}, "Unique SQL Id": 3544391839, "Planner Runtime": 84}, "explain_analyze_plan": {"Plan": {"Node Type": "Aggregate", "Strategy": "Plain", "Startup Cost": 87811.18, "Total Cost": 87811.19, "Plan Rows": 1, "Plan Width": 97, "Actual Min Startup Time": 4421.659, "Actual Max Startup Time": 4421.659, "Actual Min Total Time": 4421.659, "Actual Max Total Time": 4421.659, "Plans": [{"Node Type": "Nested Loop", "Parent Relationship": "Outer", "Join Type": "Inner", "Startup Cost": 5985.74, "Total Cost": 87807.95, "Plan Rows": 646, "Plan Width": 33, "Actual Min Startup Time": 401.235, "Actual Max Startup Time": 401.235, "Actual Min Total Time": 4421.398, "Actual Max Total Time": 4421.398, "Inner Unique": true, "Plans": [{"Node Type": "Nested Loop", "Parent Relationship": "Outer", "Join Type": "Inner", "Startup Cost": 5985.41, "Total Cost": 84999.37, "Plan Rows": 645, "Plan Width": 41, "Actual Min Startup Time": 94.933, "Actual Max Startup Time": 94.933, "Actual Min Total Time": 4318.724, "Actual Max Total Time": 4318.724, "Inner Unique": false, "Plans": [{"Node Type": "Hash Join", "Parent Relationship": "Outer", "Join Type": "Inner", "Startup Cost": 5985.03, "Total Cost": 82656.81, "Plan Rows": 532, "Plan Width": 21, "Actual Min Startup Time": 94.912, "Actual Max Startup Time": 94.912, "Actual Min Total Time": 4253.482, "Actual Max Total Time": 4253.482, "Inner Unique": true, "Hash Cond": "(ci.role_id = rt.id)", "Plans": [{"Node Type": "Nested Loop", "Parent Relationship": "Outer", "Join Type": "Inner", "Startup Cost": 5983.86, "Total Cost": 82635.67, "Plan Rows": 5847, "Plan Width": 25, "Actual Min Startup Time": 94.779, "Actual Max Startup Time": 94.779, "Actual Min Total Time": 4246.633, "Actual Max Total Time": 4246.633, "Inner Unique": false, "Plans": [{"Node Type": "Nested Loop", "Parent Relationship": "Outer", "Join Type": "Inner", "Startup Cost": 5983.35, "Total Cost": 55977.85, "Plan Rows": 5775, "Plan Width": 25, "Actual Min Startup Time": 86.102, "Actual Max Startup Time": 86.102, "Actual Min Total Time": 513.457, "Actual Max Total Time": 513.457, "Inner Unique": true, "Plans": [{"Node Type": "Hash Join", "Parent Relationship": "Outer", "Join Type": "Inner", "Startup Cost": 5982.08, "Total Cost": 25391.5, "Plan Rows": 5775, "Plan Width": 4, "Actual Min Startup Time": 86.031, "Actual Max Startup Time": 86.031, "Actual Min Total Time": 152.485, "Actual Max Total Time": 152.485, "Inner Unique": true, "Hash Cond": "(mc.company_id = cn.id)", "Plans": [{"Node Type": "Streaming(type: LOCAL GATHER dop: 1/16)", "Parent Relationship": "Outer", "Startup Cost": 0.0, "Total Cost": 19215.08, "Plan Rows": 36426, "Plan Width": 8, "Actual Min Startup Time": 0.08, "Actual Max Startup Time": 0.08, "Actual Min Total Time": 29.67, "Actual Max Total Time": 29.67, "Plans": [{"Node Type": "Seq Scan", "Parent Relationship": "Outer", "Relation Name": "movie_companies", "Alias": "mc", "Startup Cost": 0.0, "Total Cost": 18428.93, "Plan Rows": 36426, "Plan Width": 8, "Actual Min Startup Time": 0.041, "Actual Max Startup Time": 0.388, "Actual Min Total Time": 54.573, "Actual Max Total Time": 62.051, "Filter": "(((note)::text ~~ '%(Japan)%'::text) AND ((note)::text !~~ '%(USA)%'::text))", "Rows Removed by Filter": 2560231, "Actual Rows": 48897}], "Actual Rows": 48897}, {"Node Type": "Hash", "Parent Relationship": "Inner", "Startup Cost": 5903.45, "Total Cost": 5903.45, "Plan Rows": 6290, "Plan Width": 4, "Actual Min Startup Time": 85.894, "Actual Max Startup Time": 85.894, "Actual Min Total Time": 85.894, "Actual Max Total Time": 85.894, "Max Hash Buckets": 32768, "Min Hash Buckets": 32768, "Max Hash Batches": 1, "Min Hash Batches": 1, "Max Original Hash Batches": 1, "Min Original Hash Batches": 1, "Max Peak Memory Usage": 238, "min Peak Memory Usage": 238, "Plans": [{"Node Type": "Seq Scan", "Parent Relationship": "Outer", "Relation Name": "company_name", "Alias": "cn", "Startup Cost": 0.0, "Total Cost": 5903.45, "Plan Rows": 6290, "Plan Width": 4, "Actual Min Startup Time": 0.036, "Actual Max Startup Time": 0.036, "Actual Min Total Time": 83.73, "Actual Max Total Time": 83.73, "Filter": "((country_code)::text = '[jp]'::text)", "Rows Removed by Filter": 228244, "Actual Rows": 6752}], "Actual Rows": 6752}], "Actual Rows": 48328}, {"Node Type": "Bitmap Heap Scan", "Parent Relationship": "Inner", "Relation Name": "title", "Alias": "t", "Startup Cost": 1.27, "Total Cost": 5.29, "Plan Rows": 1, "Plan Width": 21, "Actual Min Startup Time": 286.714, "Actual Max Startup Time": 286.714, "Actual Min Total Time": 286.714, "Actual Max Total Time": 286.714, "Recheck Cond": "(id = mc.movie_id)", "Rows Removed by Index Recheck": 0, "Exact Heap Blocks": 48328, "Lossy Heap Blocks": 48328, "Plans": [{"Node Type": "Bitmap Index Scan", "Parent Relationship": "Outer", "Index Name": "title_pkey", "Startup Cost": 0.0, "Total Cost": 1.27, "Plan Rows": 1, "Plan Width": 0, "Actual Min Startup Time": 152.769, "Actual Max Startup Time": 152.769, "Actual Min Total Time": 152.769, "Actual Max Total Time": 152.769, "Index Cond": "(id = mc.movie_id)", "Actual Rows": 48328}], "Actual Rows": 48328}], "Actual Rows": 48328}, {"Node Type": "Bitmap Heap Scan", "Parent Relationship": "Inner", "Relation Name": "cast_info", "Alias": "ci", "Startup Cost": 0.52, "Total Cost": 4.61, "Plan Rows": 1, "Plan Width": 12, "Actual Min Startup Time": 3508.481, "Actual Max Startup Time": 3508.481, "Actual Min Total Time": 3660.557, "Actual Max Total Time": 3660.557, "Recheck Cond": "(movie_id = t.id)", "Rows Removed by Index Recheck": 0, "Filter": "((note)::text = '(voice: English version)'::text)", "Rows Removed by Filter": 1531710, "Exact Heap Blocks": 1503105, "Lossy Heap Blocks": 1503105, "Plans": [{"Node Type": "Bitmap Index Scan", "Parent Relationship": "Outer", "Index Name": "movie_id_cast_info", "Startup Cost": 0.0, "Total Cost": 0.52, "Plan Rows": 6, "Plan Width": 0, "Actual Min Startup Time": 460.301, "Actual Max Startup Time": 460.301, "Actual Min Total Time": 460.301, "Actual Max Total Time": 460.301, "Index Cond": "(movie_id = t.id)", "Actual Rows": 1551310}], "Actual Rows": 19600}], "Actual Rows": 19600}, {"Node Type": "Hash", "Parent Relationship": "Inner", "Startup Cost": 1.15, "Total Cost": 1.15, "Plan Rows": 1, "Plan Width": 4, "Actual Min Startup Time": 0.055, "Actual Max Startup Time": 0.055, "Actual Min Total Time": 0.055, "Actual Max Total Time": 0.055, "Max Hash Buckets": 32768, "Min Hash Buckets": 32768, "Max Hash Batches": 1, "Min Hash Batches": 1, "Max Original Hash Batches": 1, "Min Original Hash Batches": 1, "Max Peak Memory Usage": 1, "min Peak Memory Usage": 1, "Plans": [{"Node Type": "Seq Scan", "Parent Relationship": "Outer", "Relation Name": "role_type", "Alias": "rt", "Startup Cost": 0.0, "Total Cost": 1.15, "Plan Rows": 1, "Plan Width": 4, "Actual Min Startup Time": 0.039, "Actual Max Startup Time": 0.039, "Actual Min Total Time": 0.044, "Actual Max Total Time": 0.044, "Filter": "((role)::text = 'actress'::text)", "Rows Removed by Filter": 11, "Actual Rows": 1}], "Actual Rows": 1}], "Actual Rows": 7438}, {"Node Type": "Bitmap Heap Scan", "Parent Relationship": "Inner", "Relation Name": "aka_name", "Alias": "an1", "Startup Cost": 0.38, "Total Cost": 4.39, "Plan Rows": 1, "Plan Width": 20, "Actual Min Startup Time": 45.649, "Actual Max Startup Time": 45.649, "Actual Min Total Time": 50.969, "Actual Max Total Time": 50.969, "Recheck Cond": "(person_id = ci.person_id)", "Rows Removed by Index Recheck": 0, "Exact Heap Blocks": 6514, "Lossy Heap Blocks": 6514, "Plans": [{"Node Type": "Bitmap Index Scan", "Parent Relationship": "Outer", "Index Name": "person_id_aka_name", "Startup Cost": 0.0, "Total Cost": 0.38, "Plan Rows": 1, "Plan Width": 0, "Actual Min Startup Time": 29.802, "Actual Max Startup Time": 29.802, "Actual Min Total Time": 29.802, "Actual Max Total Time": 29.802, "Index Cond": "(person_id = ci.person_id)", "Actual Rows": 17379}], "Actual Rows": 17379}], "Actual Rows": 17379}, {"Node Type": "Bitmap Heap Scan", "Parent Relationship": "Inner", "Relation Name": "name", "Alias": "n1", "Startup Cost": 0.33, "Total Cost": 4.34, "Plan Rows": 1, "Plan Width": 4, "Actual Min Startup Time": 82.164, "Actual Max Startup Time": 82.164, "Actual Min Total Time": 82.164, "Actual Max Total Time": 82.164, "Recheck Cond": "(id = an1.person_id)", "Rows Removed by Index Recheck": 0, "Filter": "(((name)::text ~~ '%Yo%'::text) AND ((name)::text !~~ '%Yu%'::text))", "Rows Removed by Filter": 17317, "Exact Heap Blocks": 17379, "Lossy Heap Blocks": 17379, "Plans": [{"Node Type": "Bitmap Index Scan", "Parent Relationship": "Outer", "Index Name": "name_pkey", "Startup Cost": 0.0, "Total Cost": 0.33, "Plan Rows": 1, "Plan Width": 0, "Actual Min Startup Time": 48.327, "Actual Max Startup Time": 48.327, "Actual Min Total Time": 48.327, "Actual Max Total Time": 48.327, "Index Cond": "(id = an1.person_id)", "Actual Rows": 17379}], "Actual Rows": 62}], "Actual Rows": 62}], "Actual Rows": 1}, "Triggers": [], "Planner Runtime": 84, "Total Runtime": 4424.64, "Unique SQL Id": 3544391839}}, "(16, 103)": {"explain_plan": {"Plan": {"Node Type": "Aggregate", "Strategy": "Plain", "Startup Cost": 166565.05, "Total Cost": 166565.06, "Plan Rows": 1, "Plan Width": 97, "Plans": [{"Node Type": "Nested Loop", "Parent Relationship": "Outer", "Join Type": "Inner", "Startup Cost": 2799.72, "Total Cost": 166564.99, "Plan Rows": 12, "Plan Width": 33, "Inner Unique": false, "Join Filter": "(n1.id = an1.person_id)", "Plans": [{"Node Type": "Nested Loop", "Parent Relationship": "Outer", "Join Type": "Inner", "Startup Cost": 2799.34, "Total Cost": 166221.34, "Plan Rows": 78, "Plan Width": 25, "Inner Unique": true, "Plans": [{"Node Type": "Hash Join", "Parent Relationship": "Outer", "Join Type": "Inner", "Startup Cost": 2798.44, "Total Cost": 163598.7, "Plan Rows": 532, "Plan Width": 21, "Inner Unique": true, "Hash Cond": "(ci.role_id = rt.id)", "Plans": [{"Node Type": "Nested Loop", "Parent Relationship": "Outer", "Join Type": "Inner", "Startup Cost": 2785.97, "Total Cost": 163566.25, "Plan Rows": 5847, "Plan Width": 25, "Inner Unique": false, "Plans": [{"Node Type": "Nested Loop", "Parent Relationship": "Outer", "Join Type": "Inner", "Startup Cost": 2785.45, "Total Cost": 136908.44, "Plan Rows": 5775, "Plan Width": 25, "Inner Unique": true, "Plans": [{"Node Type": "Nested Loop", "Parent Relationship": "Outer", "Join Type": "Inner", "Startup Cost": 2784.18, "Total Cost": 106322.09, "Plan Rows": 5775, "Plan Width": 4, "Inner Unique": false, "Plans": [{"Node Type": "Bitmap Heap Scan", "Parent Relationship": "Outer", "Relation Name": "company_name", "Alias": "cn", "Startup Cost": 2780.8, "Total Cost": 8684.25, "Plan Rows": 6290, "Plan Width": 4, "Filter": "((country_code)::text = '[jp]'::text)", "Plans": [{"Node Type": "Bitmap Index Scan", "Parent Relationship": "Outer", "Index Name": "company_name_pkey", "Startup Cost": 0.0, "Total Cost": 2779.23, "Plan Rows": 234996, "Plan Width": 0}]}, {"Node Type": "Bitmap Heap Scan", "Parent Relationship": "Inner", "Relation Name": "movie_companies", "Alias": "mc", "Startup Cost": 3.37, "Total Cost": 15.51, "Plan Rows": 1, "Plan Width": 8, "Recheck Cond": "(company_id = cn.id)", "Filter": "(((note)::text ~~ '%(Japan)%'::text) AND ((note)::text !~~ '%(USA)%'::text))", "Plans": [{"Node Type": "Bitmap Index Scan", "Parent Relationship": "Outer", "Index Name": "company_id_movie_companies", "Startup Cost": 0.0, "Total Cost": 3.37, "Plan Rows": 15, "Plan Width": 0, "Index Cond": "(company_id = cn.id)"}]}]}, {"Node Type": "Bitmap Heap Scan", "Parent Relationship": "Inner", "Relation Name": "title", "Alias": "t", "Startup Cost": 1.27, "Total Cost": 5.29, "Plan Rows": 1, "Plan Width": 21, "Recheck Cond": "(id = mc.movie_id)", "Plans": [{"Node Type": "Bitmap Index Scan", "Parent Relationship": "Outer", "Index Name": "title_pkey", "Startup Cost": 0.0, "Total Cost": 1.27, "Plan Rows": 1, "Plan Width": 0, "Index Cond": "(id = mc.movie_id)"}]}]}, {"Node Type": "Bitmap Heap Scan", "Parent Relationship": "Inner", "Relation Name": "cast_info", "Alias": "ci", "Startup Cost": 0.52, "Total Cost": 4.61, "Plan Rows": 1, "Plan Width": 12, "Recheck Cond": "(movie_id = t.id)", "Filter": "((note)::text = '(voice: English version)'::text)", "Plans": [{"Node Type": "Bitmap Index Scan", "Parent Relationship": "Outer", "Index Name": "movie_id_cast_info", "Startup Cost": 0.0, "Total Cost": 0.52, "Plan Rows": 6, "Plan Width": 0, "Index Cond": "(movie_id = t.id)"}]}]}, {"Node Type": "Hash", "Parent Relationship": "Inner", "Startup Cost": 12.46, "Total Cost": 12.46, "Plan Rows": 1, "Plan Width": 4, "Plans": [{"Node Type": "Bitmap Heap Scan", "Parent Relationship": "Outer", "Relation Name": "role_type", "Alias": "rt", "Startup Cost": 8.31, "Total Cost": 12.46, "Plan Rows": 1, "Plan Width": 4, "Filter": "((role)::text = 'actress'::text)", "Plans": [{"Node Type": "Bitmap Index Scan", "Parent Relationship": "Outer", "Index Name": "role_type_pkey", "Startup Cost": 0.0, "Total Cost": 8.31, "Plan Rows": 12, "Plan Width": 0}]}]}]}, {"Node Type": "Bitmap Heap Scan", "Parent Relationship": "Inner", "Relation Name": "name", "Alias": "n1", "Startup Cost": 0.9, "Total Cost": 4.92, "Plan Rows": 1, "Plan Width": 4, "Recheck Cond": "(id = ci.person_id)", "Filter": "(((name)::text ~~ '%Yo%'::text) AND ((name)::text !~~ '%Yu%'::text))", "Plans": [{"Node Type": "Bitmap Index Scan", "Parent Relationship": "Outer", "Index Name": "name_pkey", "Startup Cost": 0.0, "Total Cost": 0.9, "Plan Rows": 1, "Plan Width": 0, "Index Cond": "(id = ci.person_id)"}]}]}, {"Node Type": "Bitmap Heap Scan", "Parent Relationship": "Inner", "Relation Name": "aka_name", "Alias": "an1", "Startup Cost": 0.38, "Total Cost": 4.39, "Plan Rows": 1, "Plan Width": 20, "Recheck Cond": "(person_id = ci.person_id)", "Plans": [{"Node Type": "Bitmap Index Scan", "Parent Relationship": "Outer", "Index Name": "person_id_aka_name", "Startup Cost": 0.0, "Total Cost": 0.38, "Plan Rows": 1, "Plan Width": 0, "Index Cond": "(person_id = ci.person_id)"}]}]}]}, "Unique SQL Id": 3544391839, "Planner Runtime": 14}, "explain_analyze_plan": {"Plan": {"Node Type": "Aggregate", "Strategy": "Plain", "Startup Cost": 166565.05, "Total Cost": 166565.06, "Plan Rows": 1, "Plan Width": 97, "Actual Startup Time": 4331.502, "Actual Total Time": 4331.503, "Actual Rows": 1, "Actual Loops": 1, "Plans": [{"Node Type": "Nested Loop", "Parent Relationship": "Outer", "Join Type": "Inner", "Startup Cost": 2799.72, "Total Cost": 166564.99, "Plan Rows": 12, "Plan Width": 33, "Actual Startup Time": 316.641, "Actual Total Time": 4331.16, "Actual Rows": 62, "Actual Loops": 1, "Inner Unique": false, "Join Filter": "(n1.id = an1.person_id)", "Rows Removed by Join Filter": 0, "Plans": [{"Node Type": "Nested Loop", "Parent Relationship": "Outer", "Join Type": "Inner", "Startup Cost": 2799.34, "Total Cost": 166221.34, "Plan Rows": 78, "Plan Width": 25, "Actual Startup Time": 316.607, "Actual Total Time": 4330.424, "Actual Rows": 38, "Actual Loops": 1, "Inner Unique": true, "Plans": [{"Node Type": "Hash Join", "Parent Relationship": "Outer", "Join Type": "Inner", "Startup Cost": 2798.44, "Total Cost": 163598.7, "Plan Rows": 532, "Plan Width": 21, "Actual Startup Time": 21.076, "Actual Total Time": 4270.794, "Actual Rows": 7438, "Actual Loops": 1, "Inner Unique": true, "Hash Cond": "(ci.role_id = rt.id)", "Plans": [{"Node Type": "Nested Loop", "Parent Relationship": "Outer", "Join Type": "Inner", "Startup Cost": 2785.97, "Total Cost": 163566.25, "Plan Rows": 5847, "Plan Width": 25, "Actual Startup Time": 20.952, "Actual Total Time": 4263.522, "Actual Rows": 19600, "Actual Loops": 1, "Inner Unique": false, "Plans": [{"Node Type": "Nested Loop", "Parent Relationship": "Outer", "Join Type": "Inner", "Startup Cost": 2785.45, "Total Cost": 136908.44, "Plan Rows": 5775, "Plan Width": 25, "Actual Startup Time": 20.86, "Actual Total Time": 817.563, "Actual Rows": 48328, "Actual Loops": 1, "Inner Unique": true, "Plans": [{"Node Type": "Nested Loop", "Parent Relationship": "Outer", "Join Type": "Inner", "Startup Cost": 2784.18, "Total Cost": 106322.09, "Plan Rows": 5775, "Plan Width": 4, "Actual Startup Time": 20.84, "Actual Total Time": 428.156, "Actual Rows": 48328, "Actual Loops": 1, "Inner Unique": false, "Plans": [{"Node Type": "Bitmap Heap Scan", "Parent Relationship": "Outer", "Relation Name": "company_name", "Alias": "cn", "Startup Cost": 2780.8, "Total Cost": 8684.25, "Plan Rows": 6290, "Plan Width": 4, "Actual Startup Time": 20.759, "Actual Total Time": 153.39, "Actual Rows": 6752, "Actual Loops": 1, "Filter": "((country_code)::text = '[jp]'::text)", "Rows Removed by Filter": 228244, "Exact Heap Blocks": 2966, "Lossy Heap Blocks": 2966, "Plans": [{"Node Type": "Bitmap Index Scan", "Parent Relationship": "Outer", "Index Name": "company_name_pkey", "Startup Cost": 0.0, "Total Cost": 2779.23, "Plan Rows": 234996, "Plan Width": 0, "Actual Startup Time": 20.267, "Actual Total Time": 20.267, "Actual Rows": 234996, "Actual Loops": 1}]}, {"Node Type": "Bitmap Heap Scan", "Parent Relationship": "Inner", "Relation Name": "movie_companies", "Alias": "mc", "Startup Cost": 3.37, "Total Cost": 15.51, "Plan Rows": 1, "Plan Width": 8, "Actual Startup Time": 88.877, "Actual Total Time": 251.47, "Actual Rows": 48328, "Actual Loops": 6752, "Recheck Cond": "(company_id = cn.id)", "Rows Removed by Index Recheck": 0, "Filter": "(((note)::text ~~ '%(Japan)%'::text) AND ((note)::text !~~ '%(USA)%'::text))", "Rows Removed by Filter": 56667, "Exact Heap Blocks": 61861, "Lossy Heap Blocks": 61861, "Plans": [{"Node Type": "Bitmap Index Scan", "Parent Relationship": "Outer", "Index Name": "company_id_movie_companies", "Startup Cost": 0.0, "Total Cost": 3.37, "Plan Rows": 15, "Plan Width": 0, "Actual Startup Time": 45.287, "Actual Total Time": 45.287, "Actual Rows": 104995, "Actual Loops": 6752, "Index Cond": "(company_id = cn.id)"}]}]}, {"Node Type": "Bitmap Heap Scan", "Parent Relationship": "Inner", "Relation Name": "title", "Alias": "t", "Startup Cost": 1.27, "Total Cost": 5.29, "Plan Rows": 1, "Plan Width": 21, "Actual Startup Time": 311.529, "Actual Total Time": 311.529, "Actual Rows": 48328, "Actual Loops": 48328, "Recheck Cond": "(id = mc.movie_id)", "Rows Removed by Index Recheck": 0, "Exact Heap Blocks": 48328, "Lossy Heap Blocks": 48328, "Plans": [{"Node Type": "Bitmap Index Scan", "Parent Relationship": "Outer", "Index Name": "title_pkey", "Startup Cost": 0.0, "Total Cost": 1.27, "Plan Rows": 1, "Plan Width": 0, "Actual Startup Time": 185.987, "Actual Total Time": 185.987, "Actual Rows": 48328, "Actual Loops": 48328, "Index Cond": "(id = mc.movie_id)"}]}]}, {"Node Type": "Bitmap Heap Scan", "Parent Relationship": "Inner", "Relation Name": "cast_info", "Alias": "ci", "Startup Cost": 0.52, "Total Cost": 4.61, "Plan Rows": 1, "Plan Width": 12, "Actual Startup Time": 3233.847, "Actual Total Time": 3372.058, "Actual Rows": 19600, "Actual Loops": 48328, "Recheck Cond": "(movie_id = t.id)", "Rows Removed by Index Recheck": 0, "Filter": "((note)::text = '(voice: English version)'::text)", "Rows Removed by Filter": 1531710, "Exact Heap Blocks": 1503105, "Lossy Heap Blocks": 1503105, "Plans": [{"Node Type": "Bitmap Index Scan", "Parent Relationship": "Outer", "Index Name": "movie_id_cast_info", "Startup Cost": 0.0, "Total Cost": 0.52, "Plan Rows": 6, "Plan Width": 0, "Actual Startup Time": 510.34, "Actual Total Time": 510.34, "Actual Rows": 1551310, "Actual Loops": 48328, "Index Cond": "(movie_id = t.id)"}]}]}, {"Node Type": "Hash", "Parent Relationship": "Inner", "Startup Cost": 12.46, "Total Cost": 12.46, "Plan Rows": 1, "Plan Width": 4, "Actual Startup Time": 0.072, "Actual Total Time": 0.072, "Actual Rows": 1, "Actual Loops": 1, "Hash Buckets": 32768, "Hash Batches": 1, "Original Hash Batches": 1, "Peak Memory Usage": 1, "Plans": [{"Node Type": "Bitmap Heap Scan", "Parent Relationship": "Outer", "Relation Name": "role_type", "Alias": "rt", "Startup Cost": 8.31, "Total Cost": 12.46, "Plan Rows": 1, "Plan Width": 4, "Actual Startup Time": 0.06, "Actual Total Time": 0.063, "Actual Rows": 1, "Actual Loops": 1, "Filter": "((role)::text = 'actress'::text)", "Rows Removed by Filter": 11, "Exact Heap Blocks": 1, "Lossy Heap Blocks": 1, "Plans": [{"Node Type": "Bitmap Index Scan", "Parent Relationship": "Outer", "Index Name": "role_type_pkey", "Startup Cost": 0.0, "Total Cost": 8.31, "Plan Rows": 12, "Plan Width": 0, "Actual Startup Time": 0.021, "Actual Total Time": 0.021, "Actual Rows": 12, "Actual Loops": 1}]}]}]}, {"Node Type": "Bitmap Heap Scan", "Parent Relationship": "Inner", "Relation Name": "name", "Alias": "n1", "Startup Cost": 0.9, "Total Cost": 4.92, "Plan Rows": 1, "Plan Width": 4, "Actual Startup Time": 49.151, "Actual Total Time": 49.151, "Actual Rows": 38, "Actual Loops": 7438, "Recheck Cond": "(id = ci.person_id)", "Rows Removed by Index Recheck": 0, "Filter": "(((name)::text ~~ '%Yo%'::text) AND ((name)::text !~~ '%Yu%'::text))", "Rows Removed by Filter": 7400, "Exact Heap Blocks": 7438, "Lossy Heap Blocks": 7438, "Plans": [{"Node Type": "Bitmap Index Scan", "Parent Relationship": "Outer", "Index Name": "name_pkey", "Startup Cost": 0.0, "Total Cost": 0.9, "Plan Rows": 1, "Plan Width": 0, "Actual Startup Time": 29.239, "Actual Total Time": 29.239, "Actual Rows": 7438, "Actual Loops": 7438, "Index Cond": "(id = ci.person_id)"}]}]}, {"Node Type": "Bitmap Heap Scan", "Parent Relationship": "Inner", "Relation Name": "aka_name", "Alias": "an1", "Startup Cost": 0.38, "Total Cost": 4.39, "Plan Rows": 1, "Plan Width": 20, "Actual Startup Time": 0.479, "Actual Total Time": 0.499, "Actual Rows": 62, "Actual Loops": 38, "Recheck Cond": "(person_id = ci.person_id)", "Rows Removed by Index Recheck": 0, "Exact Heap Blocks": 43, "Lossy Heap Blocks": 43, "Plans": [{"Node Type": "Bitmap Index Scan", "Parent Relationship": "Outer", "Index Name": "person_id_aka_name", "Startup Cost": 0.0, "Total Cost": 0.38, "Plan Rows": 1, "Plan Width": 0, "Actual Startup Time": 0.303, "Actual Total Time": 0.303, "Actual Rows": 62, "Actual Loops": 38, "Index Cond": "(person_id = ci.person_id)"}]}]}]}, "Triggers": [], "Planner Runtime": 14, "Total Runtime": 4331.924, "Unique SQL Id": 3544391839}}, "(16, 104)": {"explain_plan": {"Plan": {"Node Type": "Aggregate", "Strategy": "Plain", "Startup Cost": 54632.14, "Total Cost": 54632.15, "Plan Rows": 1, "Plan Width": 97, "Plans": [{"Node Type": "Nested Loop", "Parent Relationship": "Outer", "Join Type": "Inner", "Startup Cost": 5983.24, "Total Cost": 54632.08, "Plan Rows": 12, "Plan Width": 33, "Inner Unique": true, "Plans": [{"Node Type": "Nested Loop", "Parent Relationship": "Outer", "Join Type": "Inner", "Startup Cost": 5983.24, "Total Cost": 54256.54, "Plan Rows": 645, "Plan Width": 41, "Inner Unique": false, "Plans": [{"Node Type": "Hash Join", "Parent Relationship": "Outer", "Join Type": "Inner", "Startup Cost": 5983.24, "Total Cost": 53802.32, "Plan Rows": 532, "Plan Width": 21, "Inner Unique": true, "Hash Cond": "(ci.role_id = rt.id)", "Plans": [{"Node Type": "Nested Loop", "Parent Relationship": "Outer", "Join Type": "Inner", "Startup Cost": 5982.08, "Total Cost": 53781.19, "Plan Rows": 5847, "Plan Width": 25, "Inner Unique": false, "Plans": [{"Node Type": "Nested Loop", "Parent Relationship": "Outer", "Join Type": "Inner", "Startup Cost": 5982.08, "Total Cost": 48038.6, "Plan Rows": 5775, "Plan Width": 25, "Inner Unique": true, "Plans": [{"Node Type": "Hash Join", "Parent Relationship": "Outer", "Join Type": "Inner", "Startup Cost": 5982.08, "Total Cost": 25391.5, "Plan Rows": 5775, "Plan Width": 4, "Inner Unique": true, "Hash Cond": "(mc.company_id = cn.id)", "Plans": [{"Node Type": "Streaming(type: LOCAL GATHER dop: 1/16)", "Parent Relationship": "Outer", "Startup Cost": 0.0, "Total Cost": 19215.08, "Plan Rows": 36426, "Plan Width": 8, "Plans": [{"Node Type": "Seq Scan", "Parent Relationship": "Outer", "Relation Name": "movie_companies", "Alias": "mc", "Startup Cost": 0.0, "Total Cost": 18428.93, "Plan Rows": 36426, "Plan Width": 8, "Filter": "(((note)::text ~~ '%(Japan)%'::text) AND ((note)::text !~~ '%(USA)%'::text))"}]}, {"Node Type": "Hash", "Parent Relationship": "Inner", "Startup Cost": 5903.45, "Total Cost": 5903.45, "Plan Rows": 6290, "Plan Width": 4, "Plans": [{"Node Type": "Seq Scan", "Parent Relationship": "Outer", "Relation Name": "company_name", "Alias": "cn", "Startup Cost": 0.0, "Total Cost": 5903.45, "Plan Rows": 6290, "Plan Width": 4, "Filter": "((country_code)::text = '[jp]'::text)"}]}]}, {"Node Type": "Index Scan", "Parent Relationship": "Inner", "Scan Direction": "Forward", "Index Name": "title_pkey", "Relation Name": "title", "Alias": "t", "Startup Cost": 0.0, "Total Cost": 3.91, "Plan Rows": 1, "Plan Width": 21, "Index Cond": "(id = mc.movie_id)"}]}, {"Node Type": "Index Scan", "Parent Relationship": "Inner", "Scan Direction": "Forward", "Index Name": "movie_id_cast_info", "Relation Name": "cast_info", "Alias": "ci", "Startup Cost": 0.0, "Total Cost": 0.98, "Plan Rows": 1, "Plan Width": 12, "Index Cond": "(movie_id = t.id)", "Filter": "((note)::text = '(voice: English version)'::text)"}]}, {"Node Type": "Hash", "Parent Relationship": "Inner", "Startup Cost": 1.15, "Total Cost": 1.15, "Plan Rows": 1, "Plan Width": 4, "Plans": [{"Node Type": "Seq Scan", "Parent Relationship": "Outer", "Relation Name": "role_type", "Alias": "rt", "Startup Cost": 0.0, "Total Cost": 1.15, "Plan Rows": 1, "Plan Width": 4, "Filter": "((role)::text = 'actress'::text)"}]}]}, {"Node Type": "Index Scan", "Parent Relationship": "Inner", "Scan Direction": "Forward", "Index Name": "person_id_aka_name", "Relation Name": "aka_name", "Alias": "an1", "Startup Cost": 0.0, "Total Cost": 0.84, "Plan Rows": 1, "Plan Width": 20, "Index Cond": "(person_id = ci.person_id)"}]}, {"Node Type": "Index Scan", "Parent Relationship": "Inner", "Scan Direction": "Forward", "Index Name": "name_pkey", "Relation Name": "name", "Alias": "n1", "Startup Cost": 0.0, "Total Cost": 0.57, "Plan Rows": 1, "Plan Width": 4, "Index Cond": "(id = an1.person_id)", "Filter": "(((name)::text ~~ '%Yo%'::text) AND ((name)::text !~~ '%Yu%'::text))"}]}]}, "Unique SQL Id": 3544391839, "Planner Runtime": 45}, "explain_analyze_plan": {"Plan": {"Node Type": "Aggregate", "Strategy": "Plain", "Startup Cost": 54632.14, "Total Cost": 54632.15, "Plan Rows": 1, "Plan Width": 97, "Actual Min Startup Time": 3363.404, "Actual Max Startup Time": 3363.404, "Actual Min Total Time": 3363.405, "Actual Max Total Time": 3363.405, "Plans": [{"Node Type": "Nested Loop", "Parent Relationship": "Outer", "Join Type": "Inner", "Startup Cost": 5983.24, "Total Cost": 54632.08, "Plan Rows": 12, "Plan Width": 33, "Actual Min Startup Time": 315.649, "Actual Max Startup Time": 315.649, "Actual Min Total Time": 3363.196, "Actual Max Total Time": 3363.196, "Inner Unique": true, "Plans": [{"Node Type": "Nested Loop", "Parent Relationship": "Outer", "Join Type": "Inner", "Startup Cost": 5983.24, "Total Cost": 54256.54, "Plan Rows": 645, "Plan Width": 41, "Actual Min Startup Time": 90.963, "Actual Max Startup Time": 90.963, "Actual Min Total Time": 3288.017, "Actual Max Total Time": 3288.017, "Inner Unique": false, "Plans": [{"Node Type": "Hash Join", "Parent Relationship": "Outer", "Join Type": "Inner", "Startup Cost": 5983.24, "Total Cost": 53802.32, "Plan Rows": 532, "Plan Width": 21, "Actual Min Startup Time": 90.944, "Actual Max Startup Time": 90.944, "Actual Min Total Time": 3239.393, "Actual Max Total Time": 3239.393, "Inner Unique": true, "Hash Cond": "(ci.role_id = rt.id)", "Plans": [{"Node Type": "Nested Loop", "Parent Relationship": "Outer", "Join Type": "Inner", "Startup Cost": 5982.08, "Total Cost": 53781.19, "Plan Rows": 5847, "Plan Width": 25, "Actual Min Startup Time": 90.811, "Actual Max Startup Time": 90.811, "Actual Min Total Time": 3232.792, "Actual Max Total Time": 3232.792, "Inner Unique": false, "Plans": [{"Node Type": "Nested Loop", "Parent Relationship": "Outer", "Join Type": "Inner", "Startup Cost": 5982.08, "Total Cost": 48038.6, "Plan Rows": 5775, "Plan Width": 25, "Actual Min Startup Time": 84.576, "Actual Max Startup Time": 84.576, "Actual Min Total Time": 392.373, "Actual Max Total Time": 392.373, "Inner Unique": true, "Plans": [{"Node Type": "Hash Join", "Parent Relationship": "Outer", "Join Type": "Inner", "Startup Cost": 5982.08, "Total Cost": 25391.5, "Plan Rows": 5775, "Plan Width": 4, "Actual Min Startup Time": 84.53, "Actual Max Startup Time": 84.53, "Actual Min Total Time": 143.587, "Actual Max Total Time": 143.587, "Inner Unique": true, "Hash Cond": "(mc.company_id = cn.id)", "Plans": [{"Node Type": "Streaming(type: LOCAL GATHER dop: 1/16)", "Parent Relationship": "Outer", "Startup Cost": 0.0, "Total Cost": 19215.08, "Plan Rows": 36426, "Plan Width": 8, "Actual Min Startup Time": 0.074, "Actual Max Startup Time": 0.074, "Actual Min Total Time": 23.841, "Actual Max Total Time": 23.841, "Plans": [{"Node Type": "Seq Scan", "Parent Relationship": "Outer", "Relation Name": "movie_companies", "Alias": "mc", "Startup Cost": 0.0, "Total Cost": 18428.93, "Plan Rows": 36426, "Plan Width": 8, "Actual Min Startup Time": 0.038, "Actual Max Startup Time": 0.399, "Actual Min Total Time": 53.749, "Actual Max Total Time": 61.435, "Filter": "(((note)::text ~~ '%(Japan)%'::text) AND ((note)::text !~~ '%(USA)%'::text))", "Rows Removed by Filter": 2560231, "Actual Rows": 48897}], "Actual Rows": 48897}, {"Node Type": "Hash", "Parent Relationship": "Inner", "Startup Cost": 5903.45, "Total Cost": 5903.45, "Plan Rows": 6290, "Plan Width": 4, "Actual Min Startup Time": 84.399, "Actual Max Startup Time": 84.399, "Actual Min Total Time": 84.399, "Actual Max Total Time": 84.399, "Max Hash Buckets": 32768, "Min Hash Buckets": 32768, "Max Hash Batches": 1, "Min Hash Batches": 1, "Max Original Hash Batches": 1, "Min Original Hash Batches": 1, "Max Peak Memory Usage": 238, "min Peak Memory Usage": 238, "Plans": [{"Node Type": "Seq Scan", "Parent Relationship": "Outer", "Relation Name": "company_name", "Alias": "cn", "Startup Cost": 0.0, "Total Cost": 5903.45, "Plan Rows": 6290, "Plan Width": 4, "Actual Min Startup Time": 0.036, "Actual Max Startup Time": 0.036, "Actual Min Total Time": 82.257, "Actual Max Total Time": 82.257, "Filter": "((country_code)::text = '[jp]'::text)", "Rows Removed by Filter": 228244, "Actual Rows": 6752}], "Actual Rows": 6752}], "Actual Rows": 48328}, {"Node Type": "Index Scan", "Parent Relationship": "Inner", "Scan Direction": "Forward", "Index Name": "title_pkey", "Relation Name": "title", "Alias": "t", "Startup Cost": 0.0, "Total Cost": 3.91, "Plan Rows": 1, "Plan Width": 21, "Actual Min Startup Time": 208.645, "Actual Max Startup Time": 208.645, "Actual Min Total Time": 208.645, "Actual Max Total Time": 208.645, "Index Cond": "(id = mc.movie_id)", "Rows Removed by Index Recheck": 0, "Actual Rows": 48328}], "Actual Rows": 48328}, {"Node Type": "Index Scan", "Parent Relationship": "Inner", "Scan Direction": "Forward", "Index Name": "movie_id_cast_info", "Relation Name": "cast_info", "Alias": "ci", "Startup Cost": 0.0, "Total Cost": 0.98, "Plan Rows": 1, "Plan Width": 12, "Actual Min Startup Time": 2682.233, "Actual Max Startup Time": 2682.233, "Actual Min Total Time": 2809.667, "Actual Max Total Time": 2809.667, "Index Cond": "(movie_id = t.id)", "Rows Removed by Index Recheck": 0, "Filter": "((note)::text = '(voice: English version)'::text)", "Rows Removed by Filter": 1531710, "Actual Rows": 19600}], "Actual Rows": 19600}, {"Node Type": "Hash", "Parent Relationship": "Inner", "Startup Cost": 1.15, "Total Cost": 1.15, "Plan Rows": 1, "Plan Width": 4, "Actual Min Startup Time": 0.054, "Actual Max Startup Time": 0.054, "Actual Min Total Time": 0.054, "Actual Max Total Time": 0.054, "Max Hash Buckets": 32768, "Min Hash Buckets": 32768, "Max Hash Batches": 1, "Min Hash Batches": 1, "Max Original Hash Batches": 1, "Min Original Hash Batches": 1, "Max Peak Memory Usage": 1, "min Peak Memory Usage": 1, "Plans": [{"Node Type": "Seq Scan", "Parent Relationship": "Outer", "Relation Name": "role_type", "Alias": "rt", "Startup Cost": 0.0, "Total Cost": 1.15, "Plan Rows": 1, "Plan Width": 4, "Actual Min Startup Time": 0.04, "Actual Max Startup Time": 0.04, "Actual Min Total Time": 0.044, "Actual Max Total Time": 0.044, "Filter": "((role)::text = 'actress'::text)", "Rows Removed by Filter": 11, "Actual Rows": 1}], "Actual Rows": 1}], "Actual Rows": 7438}, {"Node Type": "Index Scan", "Parent Relationship": "Inner", "Scan Direction": "Forward", "Index Name": "person_id_aka_name", "Relation Name": "aka_name", "Alias": "an1", "Startup Cost": 0.0, "Total Cost": 0.84, "Plan Rows": 1, "Plan Width": 20, "Actual Min Startup Time": 31.449, "Actual Max Startup Time": 31.449, "Actual Min Total Time": 39.564, "Actual Max Total Time": 39.564, "Index Cond": "(person_id = ci.person_id)", "Rows Removed by Index Recheck": 0, "Actual Rows": 17379}], "Actual Rows": 17379}, {"Node Type": "Index Scan", "Parent Relationship": "Inner", "Scan Direction": "Forward", "Index Name": "name_pkey", "Relation Name": "name", "Alias": "n1", "Startup Cost": 0.0, "Total Cost": 0.57, "Plan Rows": 1, "Plan Width": 4, "Actual Min Startup Time": 66.041, "Actual Max Startup Time": 66.041, "Actual Min Total Time": 66.041, "Actual Max Total Time": 66.041, "Index Cond": "(id = an1.person_id)", "Rows Removed by Index Recheck": 0, "Filter": "(((name)::text ~~ '%Yo%'::text) AND ((name)::text !~~ '%Yu%'::text))", "Rows Removed by Filter": 17317, "Actual Rows": 62}], "Actual Rows": 62}], "Actual Rows": 1}, "Triggers": [], "Planner Runtime": 46, "Total Runtime": 3366.884, "Unique SQL Id": 3544391839}}, "(16, 105)": {"explain_plan": {"Plan": {"Node Type": "Aggregate", "Strategy": "Plain", "Startup Cost": 110771.72, "Total Cost": 110771.73, "Plan Rows": 1, "Plan Width": 97, "Plans": [{"Node Type": "Nested Loop", "Parent Relationship": "Outer", "Join Type": "Inner", "Startup Cost": 12.47, "Total Cost": 110771.66, "Plan Rows": 12, "Plan Width": 33, "Inner Unique": true, "Plans": [{"Node Type": "Nested Loop", "Parent Relationship": "Outer", "Join Type": "Inner", "Startup Cost": 12.47, "Total Cost": 110396.12, "Plan Rows": 645, "Plan Width": 41, "Inner Unique": false, "Plans": [{"Node Type": "Hash Join", "Parent Relationship": "Outer", "Join Type": "Inner", "Startup Cost": 12.47, "Total Cost": 109941.91, "Plan Rows": 532, "Plan Width": 21, "Inner Unique": true, "Hash Cond": "(ci.role_id = rt.id)", "Plans": [{"Node Type": "Nested Loop", "Parent Relationship": "Outer", "Join Type": "Inner", "Startup Cost": 0.0, "Total Cost": 109909.47, "Plan Rows": 5847, "Plan Width": 25, "Inner Unique": false, "Plans": [{"Node Type": "Nested Loop", "Parent Relationship": "Outer", "Join Type": "Inner", "Startup Cost": 0.0, "Total Cost": 104166.87, "Plan Rows": 5775, "Plan Width": 25, "Inner Unique": true, "Plans": [{"Node Type": "Nested Loop", "Parent Relationship": "Outer", "Join Type": "Inner", "Startup Cost": 0.0, "Total Cost": 81519.78, "Plan Rows": 5775, "Plan Width": 4, "Inner Unique": false, "Plans": [{"Node Type": "Index Scan", "Parent Relationship": "Outer", "Scan Direction": "Forward", "Index Name": "company_name_pkey", "Relation Name": "company_name", "Alias": "cn", "Startup Cost": 0.0, "Total Cost": 10501.39, "Plan Rows": 6290, "Plan Width": 4, "Filter": "((country_code)::text = '[jp]'::text)"}, {"Node Type": "Index Scan", "Parent Relationship": "Inner", "Scan Direction": "Forward", "Index Name": "company_id_movie_companies", "Relation Name": "movie_companies", "Alias": "mc", "Startup Cost": 0.0, "Total Cost": 11.28, "Plan Rows": 1, "Plan Width": 8, "Index Cond": "(company_id = cn.id)", "Filter": "(((note)::text ~~ '%(Japan)%'::text) AND ((note)::text !~~ '%(USA)%'::text))"}]}, {"Node Type": "Index Scan", "Parent Relationship": "Inner", "Scan Direction": "Forward", "Index Name": "title_pkey", "Relation Name": "title", "Alias": "t", "Startup Cost": 0.0, "Total Cost": 3.91, "Plan Rows": 1, "Plan Width": 21, "Index Cond": "(id = mc.movie_id)"}]}, {"Node Type": "Index Scan", "Parent Relationship": "Inner", "Scan Direction": "Forward", "Index Name": "movie_id_cast_info", "Relation Name": "cast_info", "Alias": "ci", "Startup Cost": 0.0, "Total Cost": 0.98, "Plan Rows": 1, "Plan Width": 12, "Index Cond": "(movie_id = t.id)", "Filter": "((note)::text = '(voice: English version)'::text)"}]}, {"Node Type": "Hash", "Parent Relationship": "Inner", "Startup Cost": 12.46, "Total Cost": 12.46, "Plan Rows": 1, "Plan Width": 4, "Plans": [{"Node Type": "Index Scan", "Parent Relationship": "Outer", "Scan Direction": "Forward", "Index Name": "role_type_pkey", "Relation Name": "role_type", "Alias": "rt", "Startup Cost": 0.0, "Total Cost": 12.46, "Plan Rows": 1, "Plan Width": 4, "Filter": "((role)::text = 'actress'::text)"}]}]}, {"Node Type": "Index Scan", "Parent Relationship": "Inner", "Scan Direction": "Forward", "Index Name": "person_id_aka_name", "Relation Name": "aka_name", "Alias": "an1", "Startup Cost": 0.0, "Total Cost": 0.84, "Plan Rows": 1, "Plan Width": 20, "Index Cond": "(person_id = ci.person_id)"}]}, {"Node Type": "Index Scan", "Parent Relationship": "Inner", "Scan Direction": "Forward", "Index Name": "name_pkey", "Relation Name": "name", "Alias": "n1", "Startup Cost": 0.0, "Total Cost": 0.57, "Plan Rows": 1, "Plan Width": 4, "Index Cond": "(id = an1.person_id)", "Filter": "(((name)::text ~~ '%Yo%'::text) AND ((name)::text !~~ '%Yu%'::text))"}]}]}, "Unique SQL Id": 3544391839, "Planner Runtime": 17}, "explain_analyze_plan": {"Plan": {"Node Type": "Aggregate", "Strategy": "Plain", "Startup Cost": 110771.72, "Total Cost": 110771.73, "Plan Rows": 1, "Plan Width": 97, "Actual Startup Time": 3385.3, "Actual Total Time": 3385.301, "Actual Rows": 1, "Actual Loops": 1, "Plans": [{"Node Type": "Nested Loop", "Parent Relationship": "Outer", "Join Type": "Inner", "Startup Cost": 12.47, "Total Cost": 110771.66, "Plan Rows": 12, "Plan Width": 33, "Actual Startup Time": 4.443, "Actual Total Time": 3385.001, "Actual Rows": 62, "Actual Loops": 1, "Inner Unique": true, "Plans": [{"Node Type": "Nested Loop", "Parent Relationship": "Outer", "Join Type": "Inner", "Startup Cost": 12.47, "Total Cost": 110396.12, "Plan Rows": 645, "Plan Width": 41, "Actual Startup Time": 0.416, "Actual Total Time": 3310.904, "Actual Rows": 17379, "Actual Loops": 1, "Inner Unique": false, "Plans": [{"Node Type": "Hash Join", "Parent Relationship": "Outer", "Join Type": "Inner", "Startup Cost": 12.47, "Total Cost": 109941.91, "Plan Rows": 532, "Plan Width": 21, "Actual Startup Time": 0.401, "Actual Total Time": 3258.922, "Actual Rows": 7438, "Actual Loops": 1, "Inner Unique": true, "Hash Cond": "(ci.role_id = rt.id)", "Plans": [{"Node Type": "Nested Loop", "Parent Relationship": "Outer", "Join Type": "Inner", "Startup Cost": 0.0, "Total Cost": 109909.47, "Plan Rows": 5847, "Plan Width": 25, "Actual Startup Time": 0.323, "Actual Total Time": 3252.161, "Actual Rows": 19600, "Actual Loops": 1, "Inner Unique": false, "Plans": [{"Node Type": "Nested Loop", "Parent Relationship": "Outer", "Join Type": "Inner", "Startup Cost": 0.0, "Total Cost": 104166.87, "Plan Rows": 5775, "Plan Width": 25, "Actual Startup Time": 0.27, "Actual Total Time": 800.722, "Actual Rows": 48328, "Actual Loops": 1, "Inner Unique": true, "Plans": [{"Node Type": "Nested Loop", "Parent Relationship": "Outer", "Join Type": "Inner", "Startup Cost": 0.0, "Total Cost": 81519.78, "Plan Rows": 5775, "Plan Width": 4, "Actual Startup Time": 0.258, "Actual Total Time": 533.547, "Actual Rows": 48328, "Actual Loops": 1, "Inner Unique": false, "Plans": [{"Node Type": "Index Scan", "Parent Relationship": "Outer", "Scan Direction": "Forward", "Index Name": "company_name_pkey", "Relation Name": "company_name", "Alias": "cn", "Startup Cost": 0.0, "Total Cost": 10501.39, "Plan Rows": 6290, "Plan Width": 4, "Actual Startup Time": 0.223, "Actual Total Time": 313.944, "Actual Rows": 6752, "Actual Loops": 1, "Filter": "((country_code)::text = '[jp]'::text)", "Rows Removed by Filter": 228244}, {"Node Type": "Index Scan", "Parent Relationship": "Inner", "Scan Direction": "Forward", "Index Name": "company_id_movie_companies", "Relation Name": "movie_companies", "Alias": "mc", "Startup Cost": 0.0, "Total Cost": 11.28, "Plan Rows": 1, "Plan Width": 8, "Actual Startup Time": 56.607, "Actual Total Time": 203.243, "Actual Rows": 48328, "Actual Loops": 6752, "Index Cond": "(company_id = cn.id)", "Rows Removed by Index Recheck": 0, "Filter": "(((note)::text ~~ '%(Japan)%'::text) AND ((note)::text !~~ '%(USA)%'::text))", "Rows Removed by Filter": 56667}]}, {"Node Type": "Index Scan", "Parent Relationship": "Inner", "Scan Direction": "Forward", "Index Name": "title_pkey", "Relation Name": "title", "Alias": "t", "Startup Cost": 0.0, "Total Cost": 3.91, "Plan Rows": 1, "Plan Width": 21, "Actual Startup Time": 224.638, "Actual Total Time": 224.638, "Actual Rows": 48328, "Actual Loops": 48328, "Index Cond": "(id = mc.movie_id)", "Rows Removed by Index Recheck": 0}]}, {"Node Type": "Index Scan", "Parent Relationship": "Inner", "Scan Direction": "Forward", "Index Name": "movie_id_cast_info", "Relation Name": "cast_info", "Alias": "ci", "Startup Cost": 0.0, "Total Cost": 0.98, "Plan Rows": 1, "Plan Width": 12, "Actual Startup Time": 2307.728, "Actual Total Time": 2420.08, "Actual Rows": 19600, "Actual Loops": 48328, "Index Cond": "(movie_id = t.id)", "Rows Removed by Index Recheck": 0, "Filter": "((note)::text = '(voice: English version)'::text)", "Rows Removed by Filter": 1531710}]}, {"Node Type": "Hash", "Parent Relationship": "Inner", "Startup Cost": 12.46, "Total Cost": 12.46, "Plan Rows": 1, "Plan Width": 4, "Actual Startup Time": 0.025, "Actual Total Time": 0.025, "Actual Rows": 1, "Actual Loops": 1, "Hash Buckets": 32768, "Hash Batches": 1, "Original Hash Batches": 1, "Peak Memory Usage": 1, "Plans": [{"Node Type": "Index Scan", "Parent Relationship": "Outer", "Scan Direction": "Forward", "Index Name": "role_type_pkey", "Relation Name": "role_type", "Alias": "rt", "Startup Cost": 0.0, "Total Cost": 12.46, "Plan Rows": 1, "Plan Width": 4, "Actual Startup Time": 0.011, "Actual Total Time": 0.017, "Actual Rows": 1, "Actual Loops": 1, "Filter": "((role)::text = 'actress'::text)", "Rows Removed by Filter": 11}]}]}, {"Node Type": "Index Scan", "Parent Relationship": "Inner", "Scan Direction": "Forward", "Index Name": "person_id_aka_name", "Relation Name": "aka_name", "Alias": "an1", "Startup Cost": 0.0, "Total Cost": 0.84, "Plan Rows": 1, "Plan Width": 20, "Actual Startup Time": 34.466, "Actual Total Time": 42.816, "Actual Rows": 17379, "Actual Loops": 7438, "Index Cond": "(person_id = ci.person_id)", "Rows Removed by Index Recheck": 0}]}, {"Node Type": "Index Scan", "Parent Relationship": "Inner", "Scan Direction": "Forward", "Index Name": "name_pkey", "Relation Name": "name", "Alias": "n1", "Startup Cost": 0.0, "Total Cost": 0.57, "Plan Rows": 1, "Plan Width": 4, "Actual Startup Time": 65.063, "Actual Total Time": 65.063, "Actual Rows": 62, "Actual Loops": 17379, "Index Cond": "(id = an1.person_id)", "Rows Removed by Index Recheck": 0, "Filter": "(((name)::text ~~ '%Yo%'::text) AND ((name)::text !~~ '%Yu%'::text))", "Rows Removed by Filter": 17317}]}]}, "Triggers": [], "Planner Runtime": 16, "Total Runtime": 3385.676, "Unique SQL Id": 3544391839}}, "(16, 106)": {"explain_plan": {"Plan": {"Node Type": "Aggregate", "Strategy": "Plain", "Startup Cost": 176962.32, "Total Cost": 176962.35, "Plan Rows": 1, "Plan Width": 97, "Plans": [{"Node Type": "Streaming(type: LOCAL GATHER dop: 1/16)", "Parent Relationship": "Outer", "Startup Cost": 176962.32, "Total Cost": 176962.35, "Plan Rows": 1, "Plan Width": 97, "Plans": [{"Node Type": "Aggregate", "Strategy": "Plain", "Parent Relationship": "Outer", "Startup Cost": 176962.32, "Total Cost": 176962.33, "Plan Rows": 1, "Plan Width": 97, "Plans": [{"Node Type": "Hash Join", "Parent Relationship": "Outer", "Join Type": "Inner", "Startup Cost": 85735.46, "Total Cost": 176959.09, "Plan Rows": 646, "Plan Width": 33, "Inner Unique": false, "Hash Cond": "(n1.id = an1.person_id)", "Plans": [{"Node Type": "Streaming(type: BROADCAST dop: 16/16)", "Parent Relationship": "Outer", "Startup Cost": 68787.01, "Total Cost": 159998.94, "Plan Rows": 8512, "Plan Width": 25, "Plans": [{"Node Type": "Hash Join", "Parent Relationship": "Outer", "Join Type": "Inner", "Startup Cost": 68787.01, "Total Cost": 144977.33, "Plan Rows": 532, "Plan Width": 25, "Inner Unique": true, "Hash Cond": "(ci.movie_id = t.id)", "Plans": [{"Node Type": "Streaming(type: BROADCAST dop: 16/1)", "Parent Relationship": "Outer", "Startup Cost": 48057.45, "Total Cost": 124245.44, "Plan Rows": 8512, "Plan Width": 16, "Plans": [{"Node Type": "Hash Join", "Parent Relationship": "Outer", "Join Type": "Inner", "Startup Cost": 48057.45, "Total Cost": 109061.73, "Plan Rows": 532, "Plan Width": 16, "Inner Unique": false, "Hash Cond": "(ci.movie_id = mc.movie_id)", "Plans": [{"Node Type": "Hash Join", "Parent Relationship": "Outer", "Join Type": "Inner", "Startup Cost": 22593.76, "Total Cost": 83534.59, "Plan Rows": 1293, "Plan Width": 12, "Inner Unique": true, "Hash Cond": "(ci.role_id = rt.id)", "Plans": [{"Node Type": "Hash Join", "Parent Relationship": "Outer", "Join Type": "Inner", "Startup Cost": 22592.6, "Total Cost": 83467.16, "Plan Rows": 14224, "Plan Width": 16, "Inner Unique": true, "Hash Cond": "(ci.person_id = n1.id)", "Plans": [{"Node Type": "Streaming(type: LOCAL GATHER dop: 1/16)", "Parent Relationship": "Outer", "Startup Cost": 0.0, "Total Cost": 60369.73, "Plan Rows": 96692, "Plan Width": 12, "Plans": [{"Node Type": "Seq Scan", "Parent Relationship": "Outer", "Relation Name": "cast_info", "Alias": "ci", "Startup Cost": 0.0, "Total Cost": 58282.92, "Plan Rows": 96692, "Plan Width": 12, "Filter": "((note)::text = '(voice: English version)'::text)"}]}, {"Node Type": "Hash", "Parent Relationship": "Inner", "Startup Cost": 22419.02, "Total Cost": 22419.02, "Plan Rows": 13886, "Plan Width": 4, "Plans": [{"Node Type": "Streaming(type: LOCAL GATHER dop: 1/16)", "Parent Relationship": "Outer", "Startup Cost": 0.0, "Total Cost": 22419.02, "Plan Rows": 13886, "Plan Width": 4, "Plans": [{"Node Type": "Seq Scan", "Parent Relationship": "Outer", "Relation Name": "name", "Alias": "n1", "Startup Cost": 0.0, "Total Cost": 22119.33, "Plan Rows": 13886, "Plan Width": 4, "Filter": "(((name)::text ~~ '%Yo%'::text) AND ((name)::text !~~ '%Yu%'::text))"}]}]}]}, {"Node Type": "Hash", "Parent Relationship": "Inner", "Startup Cost": 1.15, "Total Cost": 1.15, "Plan Rows": 1, "Plan Width": 4, "Plans": [{"Node Type": "Seq Scan", "Parent Relationship": "Outer", "Relation Name": "role_type", "Alias": "rt", "Startup Cost": 0.0, "Total Cost": 1.15, "Plan Rows": 1, "Plan Width": 4, "Filter": "((role)::text = 'actress'::text)"}]}]}, {"Node Type": "Hash", "Parent Relationship": "Inner", "Startup Cost": 25391.5, "Total Cost": 25391.5, "Plan Rows": 5775, "Plan Width": 4, "Plans": [{"Node Type": "Hash Join", "Parent Relationship": "Outer", "Join Type": "Inner", "Startup Cost": 5982.08, "Total Cost": 25391.5, "Plan Rows": 5775, "Plan Width": 4, "Inner Unique": true, "Hash Cond": "(mc.company_id = cn.id)", "Plans": [{"Node Type": "Streaming(type: LOCAL GATHER dop: 1/16)", "Parent Relationship": "Outer", "Startup Cost": 0.0, "Total Cost": 19215.08, "Plan Rows": 36426, "Plan Width": 8, "Plans": [{"Node Type": "Seq Scan", "Parent Relationship": "Outer", "Relation Name": "movie_companies", "Alias": "mc", "Startup Cost": 0.0, "Total Cost": 18428.93, "Plan Rows": 36426, "Plan Width": 8, "Filter": "(((note)::text ~~ '%(Japan)%'::text) AND ((note)::text !~~ '%(USA)%'::text))"}]}, {"Node Type": "Hash", "Parent Relationship": "Inner", "Startup Cost": 5903.45, "Total Cost": 5903.45, "Plan Rows": 6290, "Plan Width": 4, "Plans": [{"Node Type": "Seq Scan", "Parent Relationship": "Outer", "Relation Name": "company_name", "Alias": "cn", "Startup Cost": 0.0, "Total Cost": 5903.45, "Plan Rows": 6290, "Plan Width": 4, "Filter": "((country_code)::text = '[jp]'::text)"}]}]}]}]}]}, {"Node Type": "Hash", "Parent Relationship": "Inner", "Startup Cost": 18754.32, "Total Cost": 18754.32, "Plan Rows": 2528311, "Plan Width": 21, "Plans": [{"Node Type": "Seq Scan", "Parent Relationship": "Outer", "Relation Name": "title", "Alias": "t", "Startup Cost": 0.0, "Total Cost": 18754.32, "Plan Rows": 2528311, "Plan Width": 21}]}]}]}, {"Node Type": "Hash", "Parent Relationship": "Inner", "Startup Cost": 16244.28, "Total Cost": 16244.28, "Plan Rows": 901342, "Plan Width": 20, "Plans": [{"Node Type": "Seq Scan", "Parent Relationship": "Outer", "Relation Name": "aka_name", "Alias": "an1", "Startup Cost": 0.0, "Total Cost": 16244.28, "Plan Rows": 901342, "Plan Width": 20}]}]}]}]}]}, "Unique SQL Id": 3544391839, "Planner Runtime": 189}, "explain_analyze_plan": {"Plan": {"Node Type": "Aggregate", "Strategy": "Plain", "Startup Cost": 176962.32, "Total Cost": 176962.35, "Plan Rows": 1, "Plan Width": 97, "Actual Min Startup Time": 992.42, "Actual Max Startup Time": 992.42, "Actual Min Total Time": 992.42, "Actual Max Total Time": 992.42, "Plans": [{"Node Type": "Streaming(type: LOCAL GATHER dop: 1/16)", "Parent Relationship": "Outer", "Startup Cost": 176962.32, "Total Cost": 176962.35, "Plan Rows": 1, "Plan Width": 97, "Actual Min Startup Time": 992.26, "Actual Max Startup Time": 992.26, "Actual Min Total Time": 992.4, "Actual Max Total Time": 992.4, "Plans": [{"Node Type": "Aggregate", "Strategy": "Plain", "Parent Relationship": "Outer", "Startup Cost": 176962.32, "Total Cost": 176962.33, "Plan Rows": 1, "Plan Width": 97, "Actual Min Startup Time": 874.418, "Actual Max Startup Time": 894.068, "Actual Min Total Time": 874.418, "Actual Max Total Time": 894.068, "Plans": [{"Node Type": "Hash Join", "Parent Relationship": "Outer", "Join Type": "Inner", "Startup Cost": 85735.46, "Total Cost": 176959.09, "Plan Rows": 646, "Plan Width": 33, "Actual Min Startup Time": 874.294, "Actual Max Startup Time": 894.043, "Actual Min Total Time": 874.349, "Actual Max Total Time": 894.049, "Inner Unique": false, "Hash Cond": "(n1.id = an1.person_id)", "Plans": [{"Node Type": "Streaming(type: BROADCAST dop: 16/16)", "Parent Relationship": "Outer", "Startup Cost": 68787.01, "Total Cost": 159998.94, "Plan Rows": 8512, "Plan Width": 25, "Actual Min Startup Time": 834.231, "Actual Max Startup Time": 856.16, "Actual Min Total Time": 834.26, "Actual Max Total Time": 856.27, "Plans": [{"Node Type": "Hash Join", "Parent Relationship": "Outer", "Join Type": "Inner", "Startup Cost": 68787.01, "Total Cost": 144977.33, "Plan Rows": 532, "Plan Width": 25, "Actual Min Startup Time": 873.284, "Actual Max Startup Time": 896.14, "Actual Min Total Time": 873.299, "Actual Max Total Time": 896.16, "Inner Unique": true, "Hash Cond": "(ci.movie_id = t.id)", "Plans": [{"Node Type": "Streaming(type: BROADCAST dop: 16/1)", "Parent Relationship": "Outer", "Startup Cost": 48057.45, "Total Cost": 124245.44, "Plan Rows": 8512, "Plan Width": 16, "Actual Min Startup Time": 763.48, "Actual Max Startup Time": 797.548, "Actual Min Total Time": 763.483, "Actual Max Total Time": 797.554, "Plans": [{"Node Type": "Hash Join", "Parent Relationship": "Outer", "Join Type": "Inner", "Startup Cost": 48057.45, "Total Cost": 109061.73, "Plan Rows": 532, "Plan Width": 16, "Actual Min Startup Time": 508.462, "Actual Max Startup Time": 508.462, "Actual Min Total Time": 887.849, "Actual Max Total Time": 887.849, "Inner Unique": false, "Hash Cond": "(ci.movie_id = mc.movie_id)", "Plans": [{"Node Type": "Hash Join", "Parent Relationship": "Outer", "Join Type": "Inner", "Startup Cost": 22593.76, "Total Cost": 83534.59, "Plan Rows": 1293, "Plan Width": 12, "Actual Min Startup Time": 349.017, "Actual Max Startup Time": 349.017, "Actual Min Total Time": 728.239, "Actual Max Total Time": 728.239, "Inner Unique": true, "Hash Cond": "(ci.role_id = rt.id)", "Plans": [{"Node Type": "Hash Join", "Parent Relationship": "Outer", "Join Type": "Inner", "Startup Cost": 22592.6, "Total Cost": 83467.16, "Plan Rows": 14224, "Plan Width": 16, "Actual Min Startup Time": 105.391, "Actual Max Startup Time": 105.391, "Actual Min Total Time": 727.796, "Actual Max Total Time": 727.796, "Inner Unique": true, "Hash Cond": "(ci.person_id = n1.id)", "Plans": [{"Node Type": "Streaming(type: LOCAL GATHER dop: 1/16)", "Parent Relationship": "Outer", "Startup Cost": 0.0, "Total Cost": 60369.73, "Plan Rows": 96692, "Plan Width": 12, "Actual Min Startup Time": 0.057, "Actual Max Startup Time": 0.057, "Actual Min Total Time": 620.063, "Actual Max Total Time": 620.063, "Plans": [{"Node Type": "Seq Scan", "Parent Relationship": "Outer", "Relation Name": "cast_info", "Alias": "ci", "Startup Cost": 0.0, "Total Cost": 58282.92, "Plan Rows": 96692, "Plan Width": 12, "Actual Min Startup Time": 0.057, "Actual Max Startup Time": 2.922, "Actual Min Total Time": 603.073, "Actual Max Total Time": 634.528, "Filter": "((note)::text = '(voice: English version)'::text)", "Rows Removed by Filter": 36151248, "Actual Rows": 93095}], "Actual Rows": 93095}, {"Node Type": "Hash", "Parent Relationship": "Inner", "Startup Cost": 22419.02, "Total Cost": 22419.02, "Plan Rows": 13886, "Plan Width": 4, "Actual Min Startup Time": 91.227, "Actual Max Startup Time": 91.227, "Actual Min Total Time": 91.227, "Actual Max Total Time": 91.227, "Max Hash Buckets": 32768, "Min Hash Buckets": 32768, "Max Hash Batches": 1, "Min Hash Batches": 1, "Max Original Hash Batches": 1, "Min Original Hash Batches": 1, "Max Peak Memory Usage": 736, "min Peak Memory Usage": 736, "Plans": [{"Node Type": "Streaming(type: LOCAL GATHER dop: 1/16)", "Parent Relationship": "Outer", "Startup Cost": 0.0, "Total Cost": 22419.02, "Plan Rows": 13886, "Plan Width": 4, "Actual Min Startup Time": 0.05, "Actual Max Startup Time": 0.05, "Actual Min Total Time": 86.398, "Actual Max Total Time": 86.398, "Plans": [{"Node Type": "Seq Scan", "Parent Relationship": "Outer", "Relation Name": "name", "Alias": "n1", "Startup Cost": 0.0, "Total Cost": 22119.33, "Plan Rows": 13886, "Plan Width": 4, "Actual Min Startup Time": 0.053, "Actual Max Startup Time": 1.653, "Actual Min Total Time": 100.377, "Actual Max Total Time": 107.939, "Filter": "(((name)::text ~~ '%Yo%'::text) AND ((name)::text !~~ '%Yu%'::text))", "Rows Removed by Filter": 4146579, "Actual Rows": 20911}], "Actual Rows": 20911}], "Actual Rows": 20911}], "Actual Rows": 938}, {"Node Type": "Hash", "Parent Relationship": "Inner", "Startup Cost": 1.15, "Total Cost": 1.15, "Plan Rows": 1, "Plan Width": 4, "Actual Min Startup Time": 0.046, "Actual Max Startup Time": 0.046, "Actual Min Total Time": 0.046, "Actual Max Total Time": 0.046, "Max Hash Buckets": 32768, "Min Hash Buckets": 32768, "Max Hash Batches": 1, "Min Hash Batches": 1, "Max Original Hash Batches": 1, "Min Original Hash Batches": 1, "Max Peak Memory Usage": 1, "min Peak Memory Usage": 1, "Plans": [{"Node Type": "Seq Scan", "Parent Relationship": "Outer", "Relation Name": "role_type", "Alias": "rt", "Startup Cost": 0.0, "Total Cost": 1.15, "Plan Rows": 1, "Plan Width": 4, "Actual Min Startup Time": 0.037, "Actual Max Startup Time": 0.037, "Actual Min Total Time": 0.041, "Actual Max Total Time": 0.041, "Filter": "((role)::text = 'actress'::text)", "Rows Removed by Filter": 11, "Actual Rows": 1}], "Actual Rows": 1}], "Actual Rows": 394}, {"Node Type": "Hash", "Parent Relationship": "Inner", "Startup Cost": 25391.5, "Total Cost": 25391.5, "Plan Rows": 5775, "Plan Width": 4, "Actual Min Startup Time": 159.354, "Actual Max Startup Time": 159.354, "Actual Min Total Time": 159.354, "Actual Max Total Time": 159.354, "Max Hash Buckets": 32768, "Min Hash Buckets": 32768, "Max Hash Batches": 1, "Min Hash Batches": 1, "Max Original Hash Batches": 1, "Min Original Hash Batches": 1, "Max Peak Memory Usage": 1700, "min Peak Memory Usage": 1700, "Plans": [{"Node Type": "Hash Join", "Parent Relationship": "Outer", "Join Type": "Inner", "Startup Cost": 5982.08, "Total Cost": 25391.5, "Plan Rows": 5775, "Plan Width": 4, "Actual Min Startup Time": 86.635, "Actual Max Startup Time": 86.635, "Actual Min Total Time": 147.039, "Actual Max Total Time": 147.039, "Inner Unique": true, "Hash Cond": "(mc.company_id = cn.id)", "Plans": [{"Node Type": "Streaming(type: LOCAL GATHER dop: 1/16)", "Parent Relationship": "Outer", "Startup Cost": 0.0, "Total Cost": 19215.08, "Plan Rows": 36426, "Plan Width": 8, "Actual Min Startup Time": 0.073, "Actual Max Startup Time": 0.073, "Actual Min Total Time": 40.427, "Actual Max Total Time": 40.427, "Plans": [{"Node Type": "Seq Scan", "Parent Relationship": "Outer", "Relation Name": "movie_companies", "Alias": "mc", "Startup Cost": 0.0, "Total Cost": 18428.93, "Plan Rows": 36426, "Plan Width": 8, "Actual Min Startup Time": 0.043, "Actual Max Startup Time": 0.391, "Actual Min Total Time": 53.723, "Actual Max Total Time": 61.574, "Filter": "(((note)::text ~~ '%(Japan)%'::text) AND ((note)::text !~~ '%(USA)%'::text))", "Rows Removed by Filter": 2560231, "Actual Rows": 48897}], "Actual Rows": 48897}, {"Node Type": "Hash", "Parent Relationship": "Inner", "Startup Cost": 5903.45, "Total Cost": 5903.45, "Plan Rows": 6290, "Plan Width": 4, "Actual Min Startup Time": 86.504, "Actual Max Startup Time": 86.504, "Actual Min Total Time": 86.504, "Actual Max Total Time": 86.504, "Max Hash Buckets": 32768, "Min Hash Buckets": 32768, "Max Hash Batches": 1, "Min Hash Batches": 1, "Max Original Hash Batches": 1, "Min Original Hash Batches": 1, "Max Peak Memory Usage": 238, "min Peak Memory Usage": 238, "Plans": [{"Node Type": "Seq Scan", "Parent Relationship": "Outer", "Relation Name": "company_name", "Alias": "cn", "Startup Cost": 0.0, "Total Cost": 5903.45, "Plan Rows": 6290, "Plan Width": 4, "Actual Min Startup Time": 0.049, "Actual Max Startup Time": 0.049, "Actual Min Total Time": 84.007, "Actual Max Total Time": 84.007, "Filter": "((country_code)::text = '[jp]'::text)", "Rows Removed by Filter": 228244, "Actual Rows": 6752}], "Actual Rows": 6752}], "Actual Rows": 48328}], "Actual Rows": 48328}], "Actual Rows": 38}], "Actual Rows": 608}, {"Node Type": "Hash", "Parent Relationship": "Inner", "Startup Cost": 18754.32, "Total Cost": 18754.32, "Plan Rows": 2528311, "Plan Width": 21, "Actual Min Startup Time": 97.445, "Actual Max Startup Time": 109.597, "Actual Min Total Time": 97.445, "Actual Max Total Time": 109.597, "Max Hash Buckets": 262144, "Min Hash Buckets": 262144, "Max Hash Batches": 1, "Min Hash Batches": 1, "Max Original Hash Batches": 1, "Min Original Hash Batches": 1, "Max Peak Memory Usage": 8595, "min Peak Memory Usage": 8595, "Plans": [{"Node Type": "Seq Scan", "Parent Relationship": "Outer", "Relation Name": "title", "Alias": "t", "Startup Cost": 0.0, "Total Cost": 18754.32, "Plan Rows": 2528311, "Plan Width": 21, "Actual Min Startup Time": 0.027, "Actual Max Startup Time": 0.041, "Actual Min Total Time": 49.344, "Actual Max Total Time": 57.2, "Actual Rows": 2528311}], "Actual Rows": 2528311}], "Actual Rows": 38}], "Actual Rows": 608}, {"Node Type": "Hash", "Parent Relationship": "Inner", "Startup Cost": 16244.28, "Total Cost": 16244.28, "Plan Rows": 901342, "Plan Width": 20, "Actual Min Startup Time": 31.797, "Actual Max Startup Time": 39.981, "Actual Min Total Time": 31.797, "Actual Max Total Time": 39.981, "Max Hash Buckets": 65536, "Min Hash Buckets": 65536, "Max Hash Batches": 1, "Min Hash Batches": 1, "Max Original Hash Batches": 1, "Min Original Hash Batches": 1, "Max Peak Memory Usage": 3062, "min Peak Memory Usage": 3062, "Plans": [{"Node Type": "Seq Scan", "Parent Relationship": "Outer", "Relation Name": "aka_name", "Alias": "an1", "Startup Cost": 0.0, "Total Cost": 16244.28, "Plan Rows": 901342, "Plan Width": 20, "Actual Min Startup Time": 0.028, "Actual Max Startup Time": 0.038, "Actual Min Total Time": 16.531, "Actual Max Total Time": 22.474, "Actual Rows": 901342}], "Actual Rows": 901342}], "Actual Rows": 62}], "Actual Rows": 16}], "Actual Rows": 16}], "Actual Rows": 1}, "Triggers": [], "Planner Runtime": 189, "Total Runtime": 1009.186, "Unique SQL Id": 3544391839}}, "(16, 107)": {"explain_plan": {"Plan": {"Node Type": "Aggregate", "Strategy": "Plain", "Startup Cost": 7000195594216.53, "Total Cost": 7000195594216.54, "Plan Rows": 1, "Plan Width": 97, "Plans": [{"Node Type": "Hash Join", "Parent Relationship": "Outer", "Join Type": "Inner", "Startup Cost": 6010052374936.56, "Total Cost": 7000195594213.3, "Plan Rows": 646, "Plan Width": 33, "Inner Unique": true, "Hash Cond": "(ci.movie_id = t.id)", "Plans": [{"Node Type": "Hash Join", "Parent Relationship": "Outer", "Join Type": "Inner", "Startup Cost": 5010041331283.76, "Total Cost": 6000184550551.62, "Plan Rows": 646, "Plan Width": 24, "Inner Unique": true, "Hash Cond": "(mc.company_id = cn.id)", "Plans": [{"Node Type": "Hash Join", "Parent Relationship": "Outer", "Join Type": "Inner", "Startup Cost": 4010040281066.17, "Total Cost": 5000183500319.83, "Plan Rows": 1290, "Plan Width": 28, "Inner Unique": false, "Hash Cond": "(ci.movie_id = mc.movie_id)", "Plans": [{"Node Type": "Hash Join", "Parent Relationship": "Outer", "Join Type": "Inner", "Startup Cost": 3010026608696.86, "Total Cost": 4000169827537.94, "Plan Rows": 1560, "Plan Width": 20, "Inner Unique": false, "Hash Cond": "(ci.person_id = an1.person_id)", "Plans": [{"Node Type": "Hash Join", "Parent Relationship": "Outer", "Join Type": "Inner", "Startup Cost": 1010000001246.01, "Total Cost": 2000143219915.75, "Plan Rows": 8790, "Plan Width": 8, "Inner Unique": true, "Hash Cond": "(ci.role_id = rt.id)", "Plans": [{"Node Type": "Index Scan", "Parent Relationship": "Outer", "Scan Direction": "Forward", "Index Name": "role_id_cast_info", "Relation Name": "cast_info", "Alias": "ci", "Startup Cost": 10000000000.0, "Total Cost": 1000143218339.5, "Plan Rows": 96692, "Plan Width": 12, "Filter": "((note)::text = '(voice: English version)'::text)"}, {"Node Type": "Hash", "Parent Relationship": "Inner", "Startup Cost": 1000000001246.0, "Total Cost": 1000000001246.0, "Plan Rows": 1, "Plan Width": 4, "Plans": [{"Node Type": "Index Scan", "Parent Relationship": "Outer", "Scan Direction": "Forward", "Index Name": "role_type_pkey", "Relation Name": "role_type", "Alias": "rt", "Startup Cost": 10000000000.0, "Total Cost": 1000000001246.0, "Plan Rows": 1, "Plan Width": 4, "Filter": "((role)::text = 'actress'::text)"}]}]}, {"Node Type": "Hash", "Parent Relationship": "Inner", "Startup Cost": 2000026607243.01, "Total Cost": 2000026607243.01, "Plan Rows": 16627, "Plan Width": 24, "Plans": [{"Node Type": "Hash Join", "Parent Relationship": "Outer", "Join Type": "Inner", "Startup Cost": 1010019707193.28, "Total Cost": 2000026607243.01, "Plan Rows": 16627, "Plan Width": 24, "Inner Unique": true, "Hash Cond": "(an1.person_id = n1.id)", "Plans": [{"Node Type": "Index Scan", "Parent Relationship": "Outer", "Scan Direction": "Forward", "Index Name": "person_id_aka_name", "Relation Name": "aka_name", "Alias": "an1", "Startup Cost": 10000000000.0, "Total Cost": 1000006896503.43, "Plan Rows": 901342, "Plan Width": 20}, {"Node Type": "Hash", "Parent Relationship": "Inner", "Startup Cost": 1000019707019.7, "Total Cost": 1000019707019.7, "Plan Rows": 13886, "Plan Width": 4, "Plans": [{"Node Type": "Index Scan", "Parent Relationship": "Outer", "Scan Direction": "Forward", "Index Name": "name_pkey", "Relation Name": "name", "Alias": "n1", "Startup Cost": 10000000000.0, "Total Cost": 1000019707019.7, "Plan Rows": 13886, "Plan Width": 4, "Filter": "(((name)::text ~~ '%Yo%'::text) AND ((name)::text !~~ '%Yu%'::text))"}]}]}]}]}, {"Node Type": "Hash", "Parent Relationship": "Inner", "Startup Cost": 1000013671913.98, "Total Cost": 1000013671913.98, "Plan Rows": 36426, "Plan Width": 8, "Plans": [{"Node Type": "Index Scan", "Parent Relationship": "Outer", "Scan Direction": "Forward", "Index Name": "company_id_movie_companies", "Relation Name": "movie_companies", "Alias": "mc", "Startup Cost": 10000000000.0, "Total Cost": 1000013671913.98, "Plan Rows": 36426, "Plan Width": 8, "Filter": "(((note)::text ~~ '%(Japan)%'::text) AND ((note)::text !~~ '%(USA)%'::text))"}]}]}, {"Node Type": "Hash", "Parent Relationship": "Inner", "Startup Cost": 1000001050138.97, "Total Cost": 1000001050138.97, "Plan Rows": 6290, "Plan Width": 4, "Plans": [{"Node Type": "Index Scan", "Parent Relationship": "Outer", "Scan Direction": "Forward", "Index Name": "company_name_pkey", "Relation Name": "company_name", "Alias": "cn", "Startup Cost": 10000000000.0, "Total Cost": 1000001050138.97, "Plan Rows": 6290, "Plan Width": 4, "Filter": "((country_code)::text = '[jp]'::text)"}]}]}, {"Node Type": "Hash", "Parent Relationship": "Inner", "Startup Cost": 1000011012048.91, "Total Cost": 1000011012048.91, "Plan Rows": 2528311, "Plan Width": 21, "Plans": [{"Node Type": "Index Scan", "Parent Relationship": "Outer", "Scan Direction": "Forward", "Index Name": "title_pkey", "Relation Name": "title", "Alias": "t", "Startup Cost": 10000000000.0, "Total Cost": 1000011012048.91, "Plan Rows": 2528311, "Plan Width": 21}]}]}]}, "Unique SQL Id": 3544391839, "Planner Runtime": 54}, "explain_analyze_plan": null}, "(16, 108)": {"explain_plan": {"Plan": {"Node Type": "Aggregate", "Strategy": "Plain", "Startup Cost": 54632.14, "Total Cost": 54632.15, "Plan Rows": 1, "Plan Width": 97, "Plans": [{"Node Type": "Nested Loop", "Parent Relationship": "Outer", "Join Type": "Inner", "Startup Cost": 5983.24, "Total Cost": 54632.08, "Plan Rows": 12, "Plan Width": 33, "Inner Unique": true, "Plans": [{"Node Type": "Nested Loop", "Parent Relationship": "Outer", "Join Type": "Inner", "Startup Cost": 5983.24, "Total Cost": 54256.54, "Plan Rows": 645, "Plan Width": 41, "Inner Unique": false, "Plans": [{"Node Type": "Hash Join", "Parent Relationship": "Outer", "Join Type": "Inner", "Startup Cost": 5983.24, "Total Cost": 53802.32, "Plan Rows": 532, "Plan Width": 21, "Inner Unique": true, "Hash Cond": "(ci.role_id = rt.id)", "Plans": [{"Node Type": "Nested Loop", "Parent Relationship": "Outer", "Join Type": "Inner", "Startup Cost": 5982.08, "Total Cost": 53781.19, "Plan Rows": 5847, "Plan Width": 25, "Inner Unique": false, "Plans": [{"Node Type": "Nested Loop", "Parent Relationship": "Outer", "Join Type": "Inner", "Startup Cost": 5982.08, "Total Cost": 48038.6, "Plan Rows": 5775, "Plan Width": 25, "Inner Unique": true, "Plans": [{"Node Type": "Hash Join", "Parent Relationship": "Outer", "Join Type": "Inner", "Startup Cost": 5982.08, "Total Cost": 25391.5, "Plan Rows": 5775, "Plan Width": 4, "Inner Unique": true, "Hash Cond": "(mc.company_id = cn.id)", "Plans": [{"Node Type": "Streaming(type: LOCAL GATHER dop: 1/16)", "Parent Relationship": "Outer", "Startup Cost": 0.0, "Total Cost": 19215.08, "Plan Rows": 36426, "Plan Width": 8, "Plans": [{"Node Type": "Seq Scan", "Parent Relationship": "Outer", "Relation Name": "movie_companies", "Alias": "mc", "Startup Cost": 0.0, "Total Cost": 18428.93, "Plan Rows": 36426, "Plan Width": 8, "Filter": "(((note)::text ~~ '%(Japan)%'::text) AND ((note)::text !~~ '%(USA)%'::text))"}]}, {"Node Type": "Hash", "Parent Relationship": "Inner", "Startup Cost": 5903.45, "Total Cost": 5903.45, "Plan Rows": 6290, "Plan Width": 4, "Plans": [{"Node Type": "Seq Scan", "Parent Relationship": "Outer", "Relation Name": "company_name", "Alias": "cn", "Startup Cost": 0.0, "Total Cost": 5903.45, "Plan Rows": 6290, "Plan Width": 4, "Filter": "((country_code)::text = '[jp]'::text)"}]}]}, {"Node Type": "Index Scan", "Parent Relationship": "Inner", "Scan Direction": "Forward", "Index Name": "title_pkey", "Relation Name": "title", "Alias": "t", "Startup Cost": 0.0, "Total Cost": 3.91, "Plan Rows": 1, "Plan Width": 21, "Index Cond": "(id = mc.movie_id)"}]}, {"Node Type": "Index Scan", "Parent Relationship": "Inner", "Scan Direction": "Forward", "Index Name": "movie_id_cast_info", "Relation Name": "cast_info", "Alias": "ci", "Startup Cost": 0.0, "Total Cost": 0.98, "Plan Rows": 1, "Plan Width": 12, "Index Cond": "(movie_id = t.id)", "Filter": "((note)::text = '(voice: English version)'::text)"}]}, {"Node Type": "Hash", "Parent Relationship": "Inner", "Startup Cost": 1.15, "Total Cost": 1.15, "Plan Rows": 1, "Plan Width": 4, "Plans": [{"Node Type": "Seq Scan", "Parent Relationship": "Outer", "Relation Name": "role_type", "Alias": "rt", "Startup Cost": 0.0, "Total Cost": 1.15, "Plan Rows": 1, "Plan Width": 4, "Filter": "((role)::text = 'actress'::text)"}]}]}, {"Node Type": "Index Scan", "Parent Relationship": "Inner", "Scan Direction": "Forward", "Index Name": "person_id_aka_name", "Relation Name": "aka_name", "Alias": "an1", "Startup Cost": 0.0, "Total Cost": 0.84, "Plan Rows": 1, "Plan Width": 20, "Index Cond": "(person_id = ci.person_id)"}]}, {"Node Type": "Index Scan", "Parent Relationship": "Inner", "Scan Direction": "Forward", "Index Name": "name_pkey", "Relation Name": "name", "Alias": "n1", "Startup Cost": 0.0, "Total Cost": 0.57, "Plan Rows": 1, "Plan Width": 4, "Index Cond": "(id = an1.person_id)", "Filter": "(((name)::text ~~ '%Yo%'::text) AND ((name)::text !~~ '%Yu%'::text))"}]}]}, "Unique SQL Id": 3544391839, "Planner Runtime": 46}, "explain_analyze_plan": {"Plan": {"Node Type": "Aggregate", "Strategy": "Plain", "Startup Cost": 54632.14, "Total Cost": 54632.15, "Plan Rows": 1, "Plan Width": 97, "Actual Min Startup Time": 3363.404, "Actual Max Startup Time": 3363.404, "Actual Min Total Time": 3363.405, "Actual Max Total Time": 3363.405, "Plans": [{"Node Type": "Nested Loop", "Parent Relationship": "Outer", "Join Type": "Inner", "Startup Cost": 5983.24, "Total Cost": 54632.08, "Plan Rows": 12, "Plan Width": 33, "Actual Min Startup Time": 315.649, "Actual Max Startup Time": 315.649, "Actual Min Total Time": 3363.196, "Actual Max Total Time": 3363.196, "Inner Unique": true, "Plans": [{"Node Type": "Nested Loop", "Parent Relationship": "Outer", "Join Type": "Inner", "Startup Cost": 5983.24, "Total Cost": 54256.54, "Plan Rows": 645, "Plan Width": 41, "Actual Min Startup Time": 90.963, "Actual Max Startup Time": 90.963, "Actual Min Total Time": 3288.017, "Actual Max Total Time": 3288.017, "Inner Unique": false, "Plans": [{"Node Type": "Hash Join", "Parent Relationship": "Outer", "Join Type": "Inner", "Startup Cost": 5983.24, "Total Cost": 53802.32, "Plan Rows": 532, "Plan Width": 21, "Actual Min Startup Time": 90.944, "Actual Max Startup Time": 90.944, "Actual Min Total Time": 3239.393, "Actual Max Total Time": 3239.393, "Inner Unique": true, "Hash Cond": "(ci.role_id = rt.id)", "Plans": [{"Node Type": "Nested Loop", "Parent Relationship": "Outer", "Join Type": "Inner", "Startup Cost": 5982.08, "Total Cost": 53781.19, "Plan Rows": 5847, "Plan Width": 25, "Actual Min Startup Time": 90.811, "Actual Max Startup Time": 90.811, "Actual Min Total Time": 3232.792, "Actual Max Total Time": 3232.792, "Inner Unique": false, "Plans": [{"Node Type": "Nested Loop", "Parent Relationship": "Outer", "Join Type": "Inner", "Startup Cost": 5982.08, "Total Cost": 48038.6, "Plan Rows": 5775, "Plan Width": 25, "Actual Min Startup Time": 84.576, "Actual Max Startup Time": 84.576, "Actual Min Total Time": 392.373, "Actual Max Total Time": 392.373, "Inner Unique": true, "Plans": [{"Node Type": "Hash Join", "Parent Relationship": "Outer", "Join Type": "Inner", "Startup Cost": 5982.08, "Total Cost": 25391.5, "Plan Rows": 5775, "Plan Width": 4, "Actual Min Startup Time": 84.53, "Actual Max Startup Time": 84.53, "Actual Min Total Time": 143.587, "Actual Max Total Time": 143.587, "Inner Unique": true, "Hash Cond": "(mc.company_id = cn.id)", "Plans": [{"Node Type": "Streaming(type: LOCAL GATHER dop: 1/16)", "Parent Relationship": "Outer", "Startup Cost": 0.0, "Total Cost": 19215.08, "Plan Rows": 36426, "Plan Width": 8, "Actual Min Startup Time": 0.074, "Actual Max Startup Time": 0.074, "Actual Min Total Time": 23.841, "Actual Max Total Time": 23.841, "Plans": [{"Node Type": "Seq Scan", "Parent Relationship": "Outer", "Relation Name": "movie_companies", "Alias": "mc", "Startup Cost": 0.0, "Total Cost": 18428.93, "Plan Rows": 36426, "Plan Width": 8, "Actual Min Startup Time": 0.038, "Actual Max Startup Time": 0.399, "Actual Min Total Time": 53.749, "Actual Max Total Time": 61.435, "Filter": "(((note)::text ~~ '%(Japan)%'::text) AND ((note)::text !~~ '%(USA)%'::text))", "Rows Removed by Filter": 2560231, "Actual Rows": 48897}], "Actual Rows": 48897}, {"Node Type": "Hash", "Parent Relationship": "Inner", "Startup Cost": 5903.45, "Total Cost": 5903.45, "Plan Rows": 6290, "Plan Width": 4, "Actual Min Startup Time": 84.399, "Actual Max Startup Time": 84.399, "Actual Min Total Time": 84.399, "Actual Max Total Time": 84.399, "Max Hash Buckets": 32768, "Min Hash Buckets": 32768, "Max Hash Batches": 1, "Min Hash Batches": 1, "Max Original Hash Batches": 1, "Min Original Hash Batches": 1, "Max Peak Memory Usage": 238, "min Peak Memory Usage": 238, "Plans": [{"Node Type": "Seq Scan", "Parent Relationship": "Outer", "Relation Name": "company_name", "Alias": "cn", "Startup Cost": 0.0, "Total Cost": 5903.45, "Plan Rows": 6290, "Plan Width": 4, "Actual Min Startup Time": 0.036, "Actual Max Startup Time": 0.036, "Actual Min Total Time": 82.257, "Actual Max Total Time": 82.257, "Filter": "((country_code)::text = '[jp]'::text)", "Rows Removed by Filter": 228244, "Actual Rows": 6752}], "Actual Rows": 6752}], "Actual Rows": 48328}, {"Node Type": "Index Scan", "Parent Relationship": "Inner", "Scan Direction": "Forward", "Index Name": "title_pkey", "Relation Name": "title", "Alias": "t", "Startup Cost": 0.0, "Total Cost": 3.91, "Plan Rows": 1, "Plan Width": 21, "Actual Min Startup Time": 208.645, "Actual Max Startup Time": 208.645, "Actual Min Total Time": 208.645, "Actual Max Total Time": 208.645, "Index Cond": "(id = mc.movie_id)", "Rows Removed by Index Recheck": 0, "Actual Rows": 48328}], "Actual Rows": 48328}, {"Node Type": "Index Scan", "Parent Relationship": "Inner", "Scan Direction": "Forward", "Index Name": "movie_id_cast_info", "Relation Name": "cast_info", "Alias": "ci", "Startup Cost": 0.0, "Total Cost": 0.98, "Plan Rows": 1, "Plan Width": 12, "Actual Min Startup Time": 2682.233, "Actual Max Startup Time": 2682.233, "Actual Min Total Time": 2809.667, "Actual Max Total Time": 2809.667, "Index Cond": "(movie_id = t.id)", "Rows Removed by Index Recheck": 0, "Filter": "((note)::text = '(voice: English version)'::text)", "Rows Removed by Filter": 1531710, "Actual Rows": 19600}], "Actual Rows": 19600}, {"Node Type": "Hash", "Parent Relationship": "Inner", "Startup Cost": 1.15, "Total Cost": 1.15, "Plan Rows": 1, "Plan Width": 4, "Actual Min Startup Time": 0.054, "Actual Max Startup Time": 0.054, "Actual Min Total Time": 0.054, "Actual Max Total Time": 0.054, "Max Hash Buckets": 32768, "Min Hash Buckets": 32768, "Max Hash Batches": 1, "Min Hash Batches": 1, "Max Original Hash Batches": 1, "Min Original Hash Batches": 1, "Max Peak Memory Usage": 1, "min Peak Memory Usage": 1, "Plans": [{"Node Type": "Seq Scan", "Parent Relationship": "Outer", "Relation Name": "role_type", "Alias": "rt", "Startup Cost": 0.0, "Total Cost": 1.15, "Plan Rows": 1, "Plan Width": 4, "Actual Min Startup Time": 0.04, "Actual Max Startup Time": 0.04, "Actual Min Total Time": 0.044, "Actual Max Total Time": 0.044, "Filter": "((role)::text = 'actress'::text)", "Rows Removed by Filter": 11, "Actual Rows": 1}], "Actual Rows": 1}], "Actual Rows": 7438}, {"Node Type": "Index Scan", "Parent Relationship": "Inner", "Scan Direction": "Forward", "Index Name": "person_id_aka_name", "Relation Name": "aka_name", "Alias": "an1", "Startup Cost": 0.0, "Total Cost": 0.84, "Plan Rows": 1, "Plan Width": 20, "Actual Min Startup Time": 31.449, "Actual Max Startup Time": 31.449, "Actual Min Total Time": 39.564, "Actual Max Total Time": 39.564, "Index Cond": "(person_id = ci.person_id)", "Rows Removed by Index Recheck": 0, "Actual Rows": 17379}], "Actual Rows": 17379}, {"Node Type": "Index Scan", "Parent Relationship": "Inner", "Scan Direction": "Forward", "Index Name": "name_pkey", "Relation Name": "name", "Alias": "n1", "Startup Cost": 0.0, "Total Cost": 0.57, "Plan Rows": 1, "Plan Width": 4, "Actual Min Startup Time": 66.041, "Actual Max Startup Time": 66.041, "Actual Min Total Time": 66.041, "Actual Max Total Time": 66.041, "Index Cond": "(id = an1.person_id)", "Rows Removed by Index Recheck": 0, "Filter": "(((name)::text ~~ '%Yo%'::text) AND ((name)::text !~~ '%Yu%'::text))", "Rows Removed by Filter": 17317, "Actual Rows": 62}], "Actual Rows": 62}], "Actual Rows": 1}, "Triggers": [], "Planner Runtime": 46, "Total Runtime": 3366.884, "Unique SQL Id": 3544391839}}, "(16, 109)": {"explain_plan": {"Plan": {"Node Type": "Aggregate", "Strategy": "Plain", "Startup Cost": 110771.72, "Total Cost": 110771.73, "Plan Rows": 1, "Plan Width": 97, "Plans": [{"Node Type": "Nested Loop", "Parent Relationship": "Outer", "Join Type": "Inner", "Startup Cost": 12.47, "Total Cost": 110771.66, "Plan Rows": 12, "Plan Width": 33, "Inner Unique": true, "Plans": [{"Node Type": "Nested Loop", "Parent Relationship": "Outer", "Join Type": "Inner", "Startup Cost": 12.47, "Total Cost": 110396.12, "Plan Rows": 645, "Plan Width": 41, "Inner Unique": false, "Plans": [{"Node Type": "Hash Join", "Parent Relationship": "Outer", "Join Type": "Inner", "Startup Cost": 12.47, "Total Cost": 109941.91, "Plan Rows": 532, "Plan Width": 21, "Inner Unique": true, "Hash Cond": "(ci.role_id = rt.id)", "Plans": [{"Node Type": "Nested Loop", "Parent Relationship": "Outer", "Join Type": "Inner", "Startup Cost": 0.0, "Total Cost": 109909.47, "Plan Rows": 5847, "Plan Width": 25, "Inner Unique": false, "Plans": [{"Node Type": "Nested Loop", "Parent Relationship": "Outer", "Join Type": "Inner", "Startup Cost": 0.0, "Total Cost": 104166.87, "Plan Rows": 5775, "Plan Width": 25, "Inner Unique": true, "Plans": [{"Node Type": "Nested Loop", "Parent Relationship": "Outer", "Join Type": "Inner", "Startup Cost": 0.0, "Total Cost": 81519.78, "Plan Rows": 5775, "Plan Width": 4, "Inner Unique": false, "Plans": [{"Node Type": "Index Scan", "Parent Relationship": "Outer", "Scan Direction": "Forward", "Index Name": "company_name_pkey", "Relation Name": "company_name", "Alias": "cn", "Startup Cost": 0.0, "Total Cost": 10501.39, "Plan Rows": 6290, "Plan Width": 4, "Filter": "((country_code)::text = '[jp]'::text)"}, {"Node Type": "Index Scan", "Parent Relationship": "Inner", "Scan Direction": "Forward", "Index Name": "company_id_movie_companies", "Relation Name": "movie_companies", "Alias": "mc", "Startup Cost": 0.0, "Total Cost": 11.28, "Plan Rows": 1, "Plan Width": 8, "Index Cond": "(company_id = cn.id)", "Filter": "(((note)::text ~~ '%(Japan)%'::text) AND ((note)::text !~~ '%(USA)%'::text))"}]}, {"Node Type": "Index Scan", "Parent Relationship": "Inner", "Scan Direction": "Forward", "Index Name": "title_pkey", "Relation Name": "title", "Alias": "t", "Startup Cost": 0.0, "Total Cost": 3.91, "Plan Rows": 1, "Plan Width": 21, "Index Cond": "(id = mc.movie_id)"}]}, {"Node Type": "Index Scan", "Parent Relationship": "Inner", "Scan Direction": "Forward", "Index Name": "movie_id_cast_info", "Relation Name": "cast_info", "Alias": "ci", "Startup Cost": 0.0, "Total Cost": 0.98, "Plan Rows": 1, "Plan Width": 12, "Index Cond": "(movie_id = t.id)", "Filter": "((note)::text = '(voice: English version)'::text)"}]}, {"Node Type": "Hash", "Parent Relationship": "Inner", "Startup Cost": 12.46, "Total Cost": 12.46, "Plan Rows": 1, "Plan Width": 4, "Plans": [{"Node Type": "Index Scan", "Parent Relationship": "Outer", "Scan Direction": "Forward", "Index Name": "role_type_pkey", "Relation Name": "role_type", "Alias": "rt", "Startup Cost": 0.0, "Total Cost": 12.46, "Plan Rows": 1, "Plan Width": 4, "Filter": "((role)::text = 'actress'::text)"}]}]}, {"Node Type": "Index Scan", "Parent Relationship": "Inner", "Scan Direction": "Forward", "Index Name": "person_id_aka_name", "Relation Name": "aka_name", "Alias": "an1", "Startup Cost": 0.0, "Total Cost": 0.84, "Plan Rows": 1, "Plan Width": 20, "Index Cond": "(person_id = ci.person_id)"}]}, {"Node Type": "Index Scan", "Parent Relationship": "Inner", "Scan Direction": "Forward", "Index Name": "name_pkey", "Relation Name": "name", "Alias": "n1", "Startup Cost": 0.0, "Total Cost": 0.57, "Plan Rows": 1, "Plan Width": 4, "Index Cond": "(id = an1.person_id)", "Filter": "(((name)::text ~~ '%Yo%'::text) AND ((name)::text !~~ '%Yu%'::text))"}]}]}, "Unique SQL Id": 3544391839, "Planner Runtime": 16}, "explain_analyze_plan": {"Plan": {"Node Type": "Aggregate", "Strategy": "Plain", "Startup Cost": 110771.72, "Total Cost": 110771.73, "Plan Rows": 1, "Plan Width": 97, "Actual Startup Time": 3385.3, "Actual Total Time": 3385.301, "Actual Rows": 1, "Actual Loops": 1, "Plans": [{"Node Type": "Nested Loop", "Parent Relationship": "Outer", "Join Type": "Inner", "Startup Cost": 12.47, "Total Cost": 110771.66, "Plan Rows": 12, "Plan Width": 33, "Actual Startup Time": 4.443, "Actual Total Time": 3385.001, "Actual Rows": 62, "Actual Loops": 1, "Inner Unique": true, "Plans": [{"Node Type": "Nested Loop", "Parent Relationship": "Outer", "Join Type": "Inner", "Startup Cost": 12.47, "Total Cost": 110396.12, "Plan Rows": 645, "Plan Width": 41, "Actual Startup Time": 0.416, "Actual Total Time": 3310.904, "Actual Rows": 17379, "Actual Loops": 1, "Inner Unique": false, "Plans": [{"Node Type": "Hash Join", "Parent Relationship": "Outer", "Join Type": "Inner", "Startup Cost": 12.47, "Total Cost": 109941.91, "Plan Rows": 532, "Plan Width": 21, "Actual Startup Time": 0.401, "Actual Total Time": 3258.922, "Actual Rows": 7438, "Actual Loops": 1, "Inner Unique": true, "Hash Cond": "(ci.role_id = rt.id)", "Plans": [{"Node Type": "Nested Loop", "Parent Relationship": "Outer", "Join Type": "Inner", "Startup Cost": 0.0, "Total Cost": 109909.47, "Plan Rows": 5847, "Plan Width": 25, "Actual Startup Time": 0.323, "Actual Total Time": 3252.161, "Actual Rows": 19600, "Actual Loops": 1, "Inner Unique": false, "Plans": [{"Node Type": "Nested Loop", "Parent Relationship": "Outer", "Join Type": "Inner", "Startup Cost": 0.0, "Total Cost": 104166.87, "Plan Rows": 5775, "Plan Width": 25, "Actual Startup Time": 0.27, "Actual Total Time": 800.722, "Actual Rows": 48328, "Actual Loops": 1, "Inner Unique": true, "Plans": [{"Node Type": "Nested Loop", "Parent Relationship": "Outer", "Join Type": "Inner", "Startup Cost": 0.0, "Total Cost": 81519.78, "Plan Rows": 5775, "Plan Width": 4, "Actual Startup Time": 0.258, "Actual Total Time": 533.547, "Actual Rows": 48328, "Actual Loops": 1, "Inner Unique": false, "Plans": [{"Node Type": "Index Scan", "Parent Relationship": "Outer", "Scan Direction": "Forward", "Index Name": "company_name_pkey", "Relation Name": "company_name", "Alias": "cn", "Startup Cost": 0.0, "Total Cost": 10501.39, "Plan Rows": 6290, "Plan Width": 4, "Actual Startup Time": 0.223, "Actual Total Time": 313.944, "Actual Rows": 6752, "Actual Loops": 1, "Filter": "((country_code)::text = '[jp]'::text)", "Rows Removed by Filter": 228244}, {"Node Type": "Index Scan", "Parent Relationship": "Inner", "Scan Direction": "Forward", "Index Name": "company_id_movie_companies", "Relation Name": "movie_companies", "Alias": "mc", "Startup Cost": 0.0, "Total Cost": 11.28, "Plan Rows": 1, "Plan Width": 8, "Actual Startup Time": 56.607, "Actual Total Time": 203.243, "Actual Rows": 48328, "Actual Loops": 6752, "Index Cond": "(company_id = cn.id)", "Rows Removed by Index Recheck": 0, "Filter": "(((note)::text ~~ '%(Japan)%'::text) AND ((note)::text !~~ '%(USA)%'::text))", "Rows Removed by Filter": 56667}]}, {"Node Type": "Index Scan", "Parent Relationship": "Inner", "Scan Direction": "Forward", "Index Name": "title_pkey", "Relation Name": "title", "Alias": "t", "Startup Cost": 0.0, "Total Cost": 3.91, "Plan Rows": 1, "Plan Width": 21, "Actual Startup Time": 224.638, "Actual Total Time": 224.638, "Actual Rows": 48328, "Actual Loops": 48328, "Index Cond": "(id = mc.movie_id)", "Rows Removed by Index Recheck": 0}]}, {"Node Type": "Index Scan", "Parent Relationship": "Inner", "Scan Direction": "Forward", "Index Name": "movie_id_cast_info", "Relation Name": "cast_info", "Alias": "ci", "Startup Cost": 0.0, "Total Cost": 0.98, "Plan Rows": 1, "Plan Width": 12, "Actual Startup Time": 2307.728, "Actual Total Time": 2420.08, "Actual Rows": 19600, "Actual Loops": 48328, "Index Cond": "(movie_id = t.id)", "Rows Removed by Index Recheck": 0, "Filter": "((note)::text = '(voice: English version)'::text)", "Rows Removed by Filter": 1531710}]}, {"Node Type": "Hash", "Parent Relationship": "Inner", "Startup Cost": 12.46, "Total Cost": 12.46, "Plan Rows": 1, "Plan Width": 4, "Actual Startup Time": 0.025, "Actual Total Time": 0.025, "Actual Rows": 1, "Actual Loops": 1, "Hash Buckets": 32768, "Hash Batches": 1, "Original Hash Batches": 1, "Peak Memory Usage": 1, "Plans": [{"Node Type": "Index Scan", "Parent Relationship": "Outer", "Scan Direction": "Forward", "Index Name": "role_type_pkey", "Relation Name": "role_type", "Alias": "rt", "Startup Cost": 0.0, "Total Cost": 12.46, "Plan Rows": 1, "Plan Width": 4, "Actual Startup Time": 0.011, "Actual Total Time": 0.017, "Actual Rows": 1, "Actual Loops": 1, "Filter": "((role)::text = 'actress'::text)", "Rows Removed by Filter": 11}]}]}, {"Node Type": "Index Scan", "Parent Relationship": "Inner", "Scan Direction": "Forward", "Index Name": "person_id_aka_name", "Relation Name": "aka_name", "Alias": "an1", "Startup Cost": 0.0, "Total Cost": 0.84, "Plan Rows": 1, "Plan Width": 20, "Actual Startup Time": 34.466, "Actual Total Time": 42.816, "Actual Rows": 17379, "Actual Loops": 7438, "Index Cond": "(person_id = ci.person_id)", "Rows Removed by Index Recheck": 0}]}, {"Node Type": "Index Scan", "Parent Relationship": "Inner", "Scan Direction": "Forward", "Index Name": "name_pkey", "Relation Name": "name", "Alias": "n1", "Startup Cost": 0.0, "Total Cost": 0.57, "Plan Rows": 1, "Plan Width": 4, "Actual Startup Time": 65.063, "Actual Total Time": 65.063, "Actual Rows": 62, "Actual Loops": 17379, "Index Cond": "(id = an1.person_id)", "Rows Removed by Index Recheck": 0, "Filter": "(((name)::text ~~ '%Yo%'::text) AND ((name)::text !~~ '%Yu%'::text))", "Rows Removed by Filter": 17317}]}]}, "Triggers": [], "Planner Runtime": 16, "Total Runtime": 3385.676, "Unique SQL Id": 3544391839}}, "(16, 110)": {"explain_plan": {"Plan": {"Node Type": "Aggregate", "Strategy": "Plain", "Startup Cost": 176962.32, "Total Cost": 176962.35, "Plan Rows": 1, "Plan Width": 97, "Plans": [{"Node Type": "Streaming(type: LOCAL GATHER dop: 1/16)", "Parent Relationship": "Outer", "Startup Cost": 176962.32, "Total Cost": 176962.35, "Plan Rows": 1, "Plan Width": 97, "Plans": [{"Node Type": "Aggregate", "Strategy": "Plain", "Parent Relationship": "Outer", "Startup Cost": 176962.32, "Total Cost": 176962.33, "Plan Rows": 1, "Plan Width": 97, "Plans": [{"Node Type": "Hash Join", "Parent Relationship": "Outer", "Join Type": "Inner", "Startup Cost": 85735.46, "Total Cost": 176959.09, "Plan Rows": 646, "Plan Width": 33, "Inner Unique": false, "Hash Cond": "(n1.id = an1.person_id)", "Plans": [{"Node Type": "Streaming(type: BROADCAST dop: 16/16)", "Parent Relationship": "Outer", "Startup Cost": 68787.01, "Total Cost": 159998.94, "Plan Rows": 8512, "Plan Width": 25, "Plans": [{"Node Type": "Hash Join", "Parent Relationship": "Outer", "Join Type": "Inner", "Startup Cost": 68787.01, "Total Cost": 144977.33, "Plan Rows": 532, "Plan Width": 25, "Inner Unique": true, "Hash Cond": "(ci.movie_id = t.id)", "Plans": [{"Node Type": "Streaming(type: BROADCAST dop: 16/1)", "Parent Relationship": "Outer", "Startup Cost": 48057.45, "Total Cost": 124245.44, "Plan Rows": 8512, "Plan Width": 16, "Plans": [{"Node Type": "Hash Join", "Parent Relationship": "Outer", "Join Type": "Inner", "Startup Cost": 48057.45, "Total Cost": 109061.73, "Plan Rows": 532, "Plan Width": 16, "Inner Unique": false, "Hash Cond": "(ci.movie_id = mc.movie_id)", "Plans": [{"Node Type": "Hash Join", "Parent Relationship": "Outer", "Join Type": "Inner", "Startup Cost": 22593.76, "Total Cost": 83534.59, "Plan Rows": 1293, "Plan Width": 12, "Inner Unique": true, "Hash Cond": "(ci.role_id = rt.id)", "Plans": [{"Node Type": "Hash Join", "Parent Relationship": "Outer", "Join Type": "Inner", "Startup Cost": 22592.6, "Total Cost": 83467.16, "Plan Rows": 14224, "Plan Width": 16, "Inner Unique": true, "Hash Cond": "(ci.person_id = n1.id)", "Plans": [{"Node Type": "Streaming(type: LOCAL GATHER dop: 1/16)", "Parent Relationship": "Outer", "Startup Cost": 0.0, "Total Cost": 60369.73, "Plan Rows": 96692, "Plan Width": 12, "Plans": [{"Node Type": "Seq Scan", "Parent Relationship": "Outer", "Relation Name": "cast_info", "Alias": "ci", "Startup Cost": 0.0, "Total Cost": 58282.92, "Plan Rows": 96692, "Plan Width": 12, "Filter": "((note)::text = '(voice: English version)'::text)"}]}, {"Node Type": "Hash", "Parent Relationship": "Inner", "Startup Cost": 22419.02, "Total Cost": 22419.02, "Plan Rows": 13886, "Plan Width": 4, "Plans": [{"Node Type": "Streaming(type: LOCAL GATHER dop: 1/16)", "Parent Relationship": "Outer", "Startup Cost": 0.0, "Total Cost": 22419.02, "Plan Rows": 13886, "Plan Width": 4, "Plans": [{"Node Type": "Seq Scan", "Parent Relationship": "Outer", "Relation Name": "name", "Alias": "n1", "Startup Cost": 0.0, "Total Cost": 22119.33, "Plan Rows": 13886, "Plan Width": 4, "Filter": "(((name)::text ~~ '%Yo%'::text) AND ((name)::text !~~ '%Yu%'::text))"}]}]}]}, {"Node Type": "Hash", "Parent Relationship": "Inner", "Startup Cost": 1.15, "Total Cost": 1.15, "Plan Rows": 1, "Plan Width": 4, "Plans": [{"Node Type": "Seq Scan", "Parent Relationship": "Outer", "Relation Name": "role_type", "Alias": "rt", "Startup Cost": 0.0, "Total Cost": 1.15, "Plan Rows": 1, "Plan Width": 4, "Filter": "((role)::text = 'actress'::text)"}]}]}, {"Node Type": "Hash", "Parent Relationship": "Inner", "Startup Cost": 25391.5, "Total Cost": 25391.5, "Plan Rows": 5775, "Plan Width": 4, "Plans": [{"Node Type": "Hash Join", "Parent Relationship": "Outer", "Join Type": "Inner", "Startup Cost": 5982.08, "Total Cost": 25391.5, "Plan Rows": 5775, "Plan Width": 4, "Inner Unique": true, "Hash Cond": "(mc.company_id = cn.id)", "Plans": [{"Node Type": "Streaming(type: LOCAL GATHER dop: 1/16)", "Parent Relationship": "Outer", "Startup Cost": 0.0, "Total Cost": 19215.08, "Plan Rows": 36426, "Plan Width": 8, "Plans": [{"Node Type": "Seq Scan", "Parent Relationship": "Outer", "Relation Name": "movie_companies", "Alias": "mc", "Startup Cost": 0.0, "Total Cost": 18428.93, "Plan Rows": 36426, "Plan Width": 8, "Filter": "(((note)::text ~~ '%(Japan)%'::text) AND ((note)::text !~~ '%(USA)%'::text))"}]}, {"Node Type": "Hash", "Parent Relationship": "Inner", "Startup Cost": 5903.45, "Total Cost": 5903.45, "Plan Rows": 6290, "Plan Width": 4, "Plans": [{"Node Type": "Seq Scan", "Parent Relationship": "Outer", "Relation Name": "company_name", "Alias": "cn", "Startup Cost": 0.0, "Total Cost": 5903.45, "Plan Rows": 6290, "Plan Width": 4, "Filter": "((country_code)::text = '[jp]'::text)"}]}]}]}]}]}, {"Node Type": "Hash", "Parent Relationship": "Inner", "Startup Cost": 18754.32, "Total Cost": 18754.32, "Plan Rows": 2528311, "Plan Width": 21, "Plans": [{"Node Type": "Seq Scan", "Parent Relationship": "Outer", "Relation Name": "title", "Alias": "t", "Startup Cost": 0.0, "Total Cost": 18754.32, "Plan Rows": 2528311, "Plan Width": 21}]}]}]}, {"Node Type": "Hash", "Parent Relationship": "Inner", "Startup Cost": 16244.28, "Total Cost": 16244.28, "Plan Rows": 901342, "Plan Width": 20, "Plans": [{"Node Type": "Seq Scan", "Parent Relationship": "Outer", "Relation Name": "aka_name", "Alias": "an1", "Startup Cost": 0.0, "Total Cost": 16244.28, "Plan Rows": 901342, "Plan Width": 20}]}]}]}]}]}, "Unique SQL Id": 3544391839, "Planner Runtime": 189}, "explain_analyze_plan": {"Plan": {"Node Type": "Aggregate", "Strategy": "Plain", "Startup Cost": 176962.32, "Total Cost": 176962.35, "Plan Rows": 1, "Plan Width": 97, "Actual Min Startup Time": 992.42, "Actual Max Startup Time": 992.42, "Actual Min Total Time": 992.42, "Actual Max Total Time": 992.42, "Plans": [{"Node Type": "Streaming(type: LOCAL GATHER dop: 1/16)", "Parent Relationship": "Outer", "Startup Cost": 176962.32, "Total Cost": 176962.35, "Plan Rows": 1, "Plan Width": 97, "Actual Min Startup Time": 992.26, "Actual Max Startup Time": 992.26, "Actual Min Total Time": 992.4, "Actual Max Total Time": 992.4, "Plans": [{"Node Type": "Aggregate", "Strategy": "Plain", "Parent Relationship": "Outer", "Startup Cost": 176962.32, "Total Cost": 176962.33, "Plan Rows": 1, "Plan Width": 97, "Actual Min Startup Time": 874.418, "Actual Max Startup Time": 894.068, "Actual Min Total Time": 874.418, "Actual Max Total Time": 894.068, "Plans": [{"Node Type": "Hash Join", "Parent Relationship": "Outer", "Join Type": "Inner", "Startup Cost": 85735.46, "Total Cost": 176959.09, "Plan Rows": 646, "Plan Width": 33, "Actual Min Startup Time": 874.294, "Actual Max Startup Time": 894.043, "Actual Min Total Time": 874.349, "Actual Max Total Time": 894.049, "Inner Unique": false, "Hash Cond": "(n1.id = an1.person_id)", "Plans": [{"Node Type": "Streaming(type: BROADCAST dop: 16/16)", "Parent Relationship": "Outer", "Startup Cost": 68787.01, "Total Cost": 159998.94, "Plan Rows": 8512, "Plan Width": 25, "Actual Min Startup Time": 834.231, "Actual Max Startup Time": 856.16, "Actual Min Total Time": 834.26, "Actual Max Total Time": 856.27, "Plans": [{"Node Type": "Hash Join", "Parent Relationship": "Outer", "Join Type": "Inner", "Startup Cost": 68787.01, "Total Cost": 144977.33, "Plan Rows": 532, "Plan Width": 25, "Actual Min Startup Time": 873.284, "Actual Max Startup Time": 896.14, "Actual Min Total Time": 873.299, "Actual Max Total Time": 896.16, "Inner Unique": true, "Hash Cond": "(ci.movie_id = t.id)", "Plans": [{"Node Type": "Streaming(type: BROADCAST dop: 16/1)", "Parent Relationship": "Outer", "Startup Cost": 48057.45, "Total Cost": 124245.44, "Plan Rows": 8512, "Plan Width": 16, "Actual Min Startup Time": 763.48, "Actual Max Startup Time": 797.548, "Actual Min Total Time": 763.483, "Actual Max Total Time": 797.554, "Plans": [{"Node Type": "Hash Join", "Parent Relationship": "Outer", "Join Type": "Inner", "Startup Cost": 48057.45, "Total Cost": 109061.73, "Plan Rows": 532, "Plan Width": 16, "Actual Min Startup Time": 508.462, "Actual Max Startup Time": 508.462, "Actual Min Total Time": 887.849, "Actual Max Total Time": 887.849, "Inner Unique": false, "Hash Cond": "(ci.movie_id = mc.movie_id)", "Plans": [{"Node Type": "Hash Join", "Parent Relationship": "Outer", "Join Type": "Inner", "Startup Cost": 22593.76, "Total Cost": 83534.59, "Plan Rows": 1293, "Plan Width": 12, "Actual Min Startup Time": 349.017, "Actual Max Startup Time": 349.017, "Actual Min Total Time": 728.239, "Actual Max Total Time": 728.239, "Inner Unique": true, "Hash Cond": "(ci.role_id = rt.id)", "Plans": [{"Node Type": "Hash Join", "Parent Relationship": "Outer", "Join Type": "Inner", "Startup Cost": 22592.6, "Total Cost": 83467.16, "Plan Rows": 14224, "Plan Width": 16, "Actual Min Startup Time": 105.391, "Actual Max Startup Time": 105.391, "Actual Min Total Time": 727.796, "Actual Max Total Time": 727.796, "Inner Unique": true, "Hash Cond": "(ci.person_id = n1.id)", "Plans": [{"Node Type": "Streaming(type: LOCAL GATHER dop: 1/16)", "Parent Relationship": "Outer", "Startup Cost": 0.0, "Total Cost": 60369.73, "Plan Rows": 96692, "Plan Width": 12, "Actual Min Startup Time": 0.057, "Actual Max Startup Time": 0.057, "Actual Min Total Time": 620.063, "Actual Max Total Time": 620.063, "Plans": [{"Node Type": "Seq Scan", "Parent Relationship": "Outer", "Relation Name": "cast_info", "Alias": "ci", "Startup Cost": 0.0, "Total Cost": 58282.92, "Plan Rows": 96692, "Plan Width": 12, "Actual Min Startup Time": 0.057, "Actual Max Startup Time": 2.922, "Actual Min Total Time": 603.073, "Actual Max Total Time": 634.528, "Filter": "((note)::text = '(voice: English version)'::text)", "Rows Removed by Filter": 36151248, "Actual Rows": 93095}], "Actual Rows": 93095}, {"Node Type": "Hash", "Parent Relationship": "Inner", "Startup Cost": 22419.02, "Total Cost": 22419.02, "Plan Rows": 13886, "Plan Width": 4, "Actual Min Startup Time": 91.227, "Actual Max Startup Time": 91.227, "Actual Min Total Time": 91.227, "Actual Max Total Time": 91.227, "Max Hash Buckets": 32768, "Min Hash Buckets": 32768, "Max Hash Batches": 1, "Min Hash Batches": 1, "Max Original Hash Batches": 1, "Min Original Hash Batches": 1, "Max Peak Memory Usage": 736, "min Peak Memory Usage": 736, "Plans": [{"Node Type": "Streaming(type: LOCAL GATHER dop: 1/16)", "Parent Relationship": "Outer", "Startup Cost": 0.0, "Total Cost": 22419.02, "Plan Rows": 13886, "Plan Width": 4, "Actual Min Startup Time": 0.05, "Actual Max Startup Time": 0.05, "Actual Min Total Time": 86.398, "Actual Max Total Time": 86.398, "Plans": [{"Node Type": "Seq Scan", "Parent Relationship": "Outer", "Relation Name": "name", "Alias": "n1", "Startup Cost": 0.0, "Total Cost": 22119.33, "Plan Rows": 13886, "Plan Width": 4, "Actual Min Startup Time": 0.053, "Actual Max Startup Time": 1.653, "Actual Min Total Time": 100.377, "Actual Max Total Time": 107.939, "Filter": "(((name)::text ~~ '%Yo%'::text) AND ((name)::text !~~ '%Yu%'::text))", "Rows Removed by Filter": 4146579, "Actual Rows": 20911}], "Actual Rows": 20911}], "Actual Rows": 20911}], "Actual Rows": 938}, {"Node Type": "Hash", "Parent Relationship": "Inner", "Startup Cost": 1.15, "Total Cost": 1.15, "Plan Rows": 1, "Plan Width": 4, "Actual Min Startup Time": 0.046, "Actual Max Startup Time": 0.046, "Actual Min Total Time": 0.046, "Actual Max Total Time": 0.046, "Max Hash Buckets": 32768, "Min Hash Buckets": 32768, "Max Hash Batches": 1, "Min Hash Batches": 1, "Max Original Hash Batches": 1, "Min Original Hash Batches": 1, "Max Peak Memory Usage": 1, "min Peak Memory Usage": 1, "Plans": [{"Node Type": "Seq Scan", "Parent Relationship": "Outer", "Relation Name": "role_type", "Alias": "rt", "Startup Cost": 0.0, "Total Cost": 1.15, "Plan Rows": 1, "Plan Width": 4, "Actual Min Startup Time": 0.037, "Actual Max Startup Time": 0.037, "Actual Min Total Time": 0.041, "Actual Max Total Time": 0.041, "Filter": "((role)::text = 'actress'::text)", "Rows Removed by Filter": 11, "Actual Rows": 1}], "Actual Rows": 1}], "Actual Rows": 394}, {"Node Type": "Hash", "Parent Relationship": "Inner", "Startup Cost": 25391.5, "Total Cost": 25391.5, "Plan Rows": 5775, "Plan Width": 4, "Actual Min Startup Time": 159.354, "Actual Max Startup Time": 159.354, "Actual Min Total Time": 159.354, "Actual Max Total Time": 159.354, "Max Hash Buckets": 32768, "Min Hash Buckets": 32768, "Max Hash Batches": 1, "Min Hash Batches": 1, "Max Original Hash Batches": 1, "Min Original Hash Batches": 1, "Max Peak Memory Usage": 1700, "min Peak Memory Usage": 1700, "Plans": [{"Node Type": "Hash Join", "Parent Relationship": "Outer", "Join Type": "Inner", "Startup Cost": 5982.08, "Total Cost": 25391.5, "Plan Rows": 5775, "Plan Width": 4, "Actual Min Startup Time": 86.635, "Actual Max Startup Time": 86.635, "Actual Min Total Time": 147.039, "Actual Max Total Time": 147.039, "Inner Unique": true, "Hash Cond": "(mc.company_id = cn.id)", "Plans": [{"Node Type": "Streaming(type: LOCAL GATHER dop: 1/16)", "Parent Relationship": "Outer", "Startup Cost": 0.0, "Total Cost": 19215.08, "Plan Rows": 36426, "Plan Width": 8, "Actual Min Startup Time": 0.073, "Actual Max Startup Time": 0.073, "Actual Min Total Time": 40.427, "Actual Max Total Time": 40.427, "Plans": [{"Node Type": "Seq Scan", "Parent Relationship": "Outer", "Relation Name": "movie_companies", "Alias": "mc", "Startup Cost": 0.0, "Total Cost": 18428.93, "Plan Rows": 36426, "Plan Width": 8, "Actual Min Startup Time": 0.043, "Actual Max Startup Time": 0.391, "Actual Min Total Time": 53.723, "Actual Max Total Time": 61.574, "Filter": "(((note)::text ~~ '%(Japan)%'::text) AND ((note)::text !~~ '%(USA)%'::text))", "Rows Removed by Filter": 2560231, "Actual Rows": 48897}], "Actual Rows": 48897}, {"Node Type": "Hash", "Parent Relationship": "Inner", "Startup Cost": 5903.45, "Total Cost": 5903.45, "Plan Rows": 6290, "Plan Width": 4, "Actual Min Startup Time": 86.504, "Actual Max Startup Time": 86.504, "Actual Min Total Time": 86.504, "Actual Max Total Time": 86.504, "Max Hash Buckets": 32768, "Min Hash Buckets": 32768, "Max Hash Batches": 1, "Min Hash Batches": 1, "Max Original Hash Batches": 1, "Min Original Hash Batches": 1, "Max Peak Memory Usage": 238, "min Peak Memory Usage": 238, "Plans": [{"Node Type": "Seq Scan", "Parent Relationship": "Outer", "Relation Name": "company_name", "Alias": "cn", "Startup Cost": 0.0, "Total Cost": 5903.45, "Plan Rows": 6290, "Plan Width": 4, "Actual Min Startup Time": 0.049, "Actual Max Startup Time": 0.049, "Actual Min Total Time": 84.007, "Actual Max Total Time": 84.007, "Filter": "((country_code)::text = '[jp]'::text)", "Rows Removed by Filter": 228244, "Actual Rows": 6752}], "Actual Rows": 6752}], "Actual Rows": 48328}], "Actual Rows": 48328}], "Actual Rows": 38}], "Actual Rows": 608}, {"Node Type": "Hash", "Parent Relationship": "Inner", "Startup Cost": 18754.32, "Total Cost": 18754.32, "Plan Rows": 2528311, "Plan Width": 21, "Actual Min Startup Time": 97.445, "Actual Max Startup Time": 109.597, "Actual Min Total Time": 97.445, "Actual Max Total Time": 109.597, "Max Hash Buckets": 262144, "Min Hash Buckets": 262144, "Max Hash Batches": 1, "Min Hash Batches": 1, "Max Original Hash Batches": 1, "Min Original Hash Batches": 1, "Max Peak Memory Usage": 8595, "min Peak Memory Usage": 8595, "Plans": [{"Node Type": "Seq Scan", "Parent Relationship": "Outer", "Relation Name": "title", "Alias": "t", "Startup Cost": 0.0, "Total Cost": 18754.32, "Plan Rows": 2528311, "Plan Width": 21, "Actual Min Startup Time": 0.027, "Actual Max Startup Time": 0.041, "Actual Min Total Time": 49.344, "Actual Max Total Time": 57.2, "Actual Rows": 2528311}], "Actual Rows": 2528311}], "Actual Rows": 38}], "Actual Rows": 608}, {"Node Type": "Hash", "Parent Relationship": "Inner", "Startup Cost": 16244.28, "Total Cost": 16244.28, "Plan Rows": 901342, "Plan Width": 20, "Actual Min Startup Time": 31.797, "Actual Max Startup Time": 39.981, "Actual Min Total Time": 31.797, "Actual Max Total Time": 39.981, "Max Hash Buckets": 65536, "Min Hash Buckets": 65536, "Max Hash Batches": 1, "Min Hash Batches": 1, "Max Original Hash Batches": 1, "Min Original Hash Batches": 1, "Max Peak Memory Usage": 3062, "min Peak Memory Usage": 3062, "Plans": [{"Node Type": "Seq Scan", "Parent Relationship": "Outer", "Relation Name": "aka_name", "Alias": "an1", "Startup Cost": 0.0, "Total Cost": 16244.28, "Plan Rows": 901342, "Plan Width": 20, "Actual Min Startup Time": 0.028, "Actual Max Startup Time": 0.038, "Actual Min Total Time": 16.531, "Actual Max Total Time": 22.474, "Actual Rows": 901342}], "Actual Rows": 901342}], "Actual Rows": 62}], "Actual Rows": 16}], "Actual Rows": 16}], "Actual Rows": 1}, "Triggers": [], "Planner Runtime": 189, "Total Runtime": 1009.186, "Unique SQL Id": 3544391839}}, "(16, 111)": {"explain_plan": {"Plan": {"Node Type": "Aggregate", "Strategy": "Plain", "Startup Cost": 7000195594216.53, "Total Cost": 7000195594216.54, "Plan Rows": 1, "Plan Width": 97, "Plans": [{"Node Type": "Hash Join", "Parent Relationship": "Outer", "Join Type": "Inner", "Startup Cost": 6010052374936.56, "Total Cost": 7000195594213.3, "Plan Rows": 646, "Plan Width": 33, "Inner Unique": true, "Hash Cond": "(ci.movie_id = t.id)", "Plans": [{"Node Type": "Hash Join", "Parent Relationship": "Outer", "Join Type": "Inner", "Startup Cost": 5010041331283.76, "Total Cost": 6000184550551.62, "Plan Rows": 646, "Plan Width": 24, "Inner Unique": true, "Hash Cond": "(mc.company_id = cn.id)", "Plans": [{"Node Type": "Hash Join", "Parent Relationship": "Outer", "Join Type": "Inner", "Startup Cost": 4010040281066.17, "Total Cost": 5000183500319.83, "Plan Rows": 1290, "Plan Width": 28, "Inner Unique": false, "Hash Cond": "(ci.movie_id = mc.movie_id)", "Plans": [{"Node Type": "Hash Join", "Parent Relationship": "Outer", "Join Type": "Inner", "Startup Cost": 3010026608696.86, "Total Cost": 4000169827537.94, "Plan Rows": 1560, "Plan Width": 20, "Inner Unique": false, "Hash Cond": "(ci.person_id = an1.person_id)", "Plans": [{"Node Type": "Hash Join", "Parent Relationship": "Outer", "Join Type": "Inner", "Startup Cost": 1010000001246.01, "Total Cost": 2000143219915.75, "Plan Rows": 8790, "Plan Width": 8, "Inner Unique": true, "Hash Cond": "(ci.role_id = rt.id)", "Plans": [{"Node Type": "Index Scan", "Parent Relationship": "Outer", "Scan Direction": "Forward", "Index Name": "role_id_cast_info", "Relation Name": "cast_info", "Alias": "ci", "Startup Cost": 10000000000.0, "Total Cost": 1000143218339.5, "Plan Rows": 96692, "Plan Width": 12, "Filter": "((note)::text = '(voice: English version)'::text)"}, {"Node Type": "Hash", "Parent Relationship": "Inner", "Startup Cost": 1000000001246.0, "Total Cost": 1000000001246.0, "Plan Rows": 1, "Plan Width": 4, "Plans": [{"Node Type": "Index Scan", "Parent Relationship": "Outer", "Scan Direction": "Forward", "Index Name": "role_type_pkey", "Relation Name": "role_type", "Alias": "rt", "Startup Cost": 10000000000.0, "Total Cost": 1000000001246.0, "Plan Rows": 1, "Plan Width": 4, "Filter": "((role)::text = 'actress'::text)"}]}]}, {"Node Type": "Hash", "Parent Relationship": "Inner", "Startup Cost": 2000026607243.01, "Total Cost": 2000026607243.01, "Plan Rows": 16627, "Plan Width": 24, "Plans": [{"Node Type": "Hash Join", "Parent Relationship": "Outer", "Join Type": "Inner", "Startup Cost": 1010019707193.28, "Total Cost": 2000026607243.01, "Plan Rows": 16627, "Plan Width": 24, "Inner Unique": true, "Hash Cond": "(an1.person_id = n1.id)", "Plans": [{"Node Type": "Index Scan", "Parent Relationship": "Outer", "Scan Direction": "Forward", "Index Name": "person_id_aka_name", "Relation Name": "aka_name", "Alias": "an1", "Startup Cost": 10000000000.0, "Total Cost": 1000006896503.43, "Plan Rows": 901342, "Plan Width": 20}, {"Node Type": "Hash", "Parent Relationship": "Inner", "Startup Cost": 1000019707019.7, "Total Cost": 1000019707019.7, "Plan Rows": 13886, "Plan Width": 4, "Plans": [{"Node Type": "Index Scan", "Parent Relationship": "Outer", "Scan Direction": "Forward", "Index Name": "name_pkey", "Relation Name": "name", "Alias": "n1", "Startup Cost": 10000000000.0, "Total Cost": 1000019707019.7, "Plan Rows": 13886, "Plan Width": 4, "Filter": "(((name)::text ~~ '%Yo%'::text) AND ((name)::text !~~ '%Yu%'::text))"}]}]}]}]}, {"Node Type": "Hash", "Parent Relationship": "Inner", "Startup Cost": 1000013671913.98, "Total Cost": 1000013671913.98, "Plan Rows": 36426, "Plan Width": 8, "Plans": [{"Node Type": "Index Scan", "Parent Relationship": "Outer", "Scan Direction": "Forward", "Index Name": "company_id_movie_companies", "Relation Name": "movie_companies", "Alias": "mc", "Startup Cost": 10000000000.0, "Total Cost": 1000013671913.98, "Plan Rows": 36426, "Plan Width": 8, "Filter": "(((note)::text ~~ '%(Japan)%'::text) AND ((note)::text !~~ '%(USA)%'::text))"}]}]}, {"Node Type": "Hash", "Parent Relationship": "Inner", "Startup Cost": 1000001050138.97, "Total Cost": 1000001050138.97, "Plan Rows": 6290, "Plan Width": 4, "Plans": [{"Node Type": "Index Scan", "Parent Relationship": "Outer", "Scan Direction": "Forward", "Index Name": "company_name_pkey", "Relation Name": "company_name", "Alias": "cn", "Startup Cost": 10000000000.0, "Total Cost": 1000001050138.97, "Plan Rows": 6290, "Plan Width": 4, "Filter": "((country_code)::text = '[jp]'::text)"}]}]}, {"Node Type": "Hash", "Parent Relationship": "Inner", "Startup Cost": 1000011012048.91, "Total Cost": 1000011012048.91, "Plan Rows": 2528311, "Plan Width": 21, "Plans": [{"Node Type": "Index Scan", "Parent Relationship": "Outer", "Scan Direction": "Forward", "Index Name": "title_pkey", "Relation Name": "title", "Alias": "t", "Startup Cost": 10000000000.0, "Total Cost": 1000011012048.91, "Plan Rows": 2528311, "Plan Width": 21}]}]}]}, "Unique SQL Id": 3544391839, "Planner Runtime": 54}, "explain_analyze_plan": null}, "(16, 112)": {"explain_plan": {"Plan": {"Node Type": "Aggregate", "Strategy": "Plain", "Startup Cost": 72267.16, "Total Cost": 72267.17, "Plan Rows": 1, "Plan Width": 97, "Plans": [{"Node Type": "Nested Loop", "Parent Relationship": "Outer", "Join Type": "Inner", "Startup Cost": 0.0, "Total Cost": 72267.1, "Plan Rows": 12, "Plan Width": 33, "Inner Unique": true, "Plans": [{"Node Type": "Nested Loop", "Parent Relationship": "Outer", "Join Type": "Inner", "Startup Cost": 0.0, "Total Cost": 71891.56, "Plan Rows": 645, "Plan Width": 41, "Inner Unique": false, "Plans": [{"Node Type": "Nested Loop", "Parent Relationship": "Outer", "Join Type": "Inner", "Startup Cost": 0.0, "Total Cost": 71437.35, "Plan Rows": 532, "Plan Width": 21, "Inner Unique": false, "Join Filter": "(ci.role_id = rt.id)", "Plans": [{"Node Type": "Seq Scan", "Parent Relationship": "Outer", "Relation Name": "role_type", "Alias": "rt", "Startup Cost": 0.0, "Total Cost": 1.15, "Plan Rows": 1, "Plan Width": 4, "Filter": "((role)::text = 'actress'::text)"}, {"Node Type": "Materialize", "Parent Relationship": "Inner", "Startup Cost": 0.0, "Total Cost": 71377.73, "Plan Rows": 5847, "Plan Width": 25, "Plans": [{"Node Type": "Nested Loop", "Parent Relationship": "Outer", "Join Type": "Inner", "Startup Cost": 0.0, "Total Cost": 71363.11, "Plan Rows": 5847, "Plan Width": 25, "Inner Unique": false, "Plans": [{"Node Type": "Nested Loop", "Parent Relationship": "Outer", "Join Type": "Inner", "Startup Cost": 0.0, "Total Cost": 65620.52, "Plan Rows": 5775, "Plan Width": 25, "Inner Unique": true, "Plans": [{"Node Type": "Nested Loop", "Parent Relationship": "Outer", "Join Type": "Inner", "Startup Cost": 0.0, "Total Cost": 42973.42, "Plan Rows": 5775, "Plan Width": 4, "Inner Unique": true, "Plans": [{"Node Type": "Streaming(type: LOCAL GATHER dop: 1/16)", "Parent Relationship": "Outer", "Startup Cost": 0.0, "Total Cost": 19215.08, "Plan Rows": 36426, "Plan Width": 8, "Plans": [{"Node Type": "Seq Scan", "Parent Relationship": "Outer", "Relation Name": "movie_companies", "Alias": "mc", "Startup Cost": 0.0, "Total Cost": 18428.93, "Plan Rows": 36426, "Plan Width": 8, "Filter": "(((note)::text ~~ '%(Japan)%'::text) AND ((note)::text !~~ '%(USA)%'::text))"}]}, {"Node Type": "Index Scan", "Parent Relationship": "Inner", "Scan Direction": "Forward", "Index Name": "company_name_pkey", "Relation Name": "company_name", "Alias": "cn", "Startup Cost": 0.0, "Total Cost": 0.64, "Plan Rows": 1, "Plan Width": 4, "Index Cond": "(id = mc.company_id)", "Filter": "((country_code)::text = '[jp]'::text)"}]}, {"Node Type": "Index Scan", "Parent Relationship": "Inner", "Scan Direction": "Forward", "Index Name": "title_pkey", "Relation Name": "title", "Alias": "t", "Startup Cost": 0.0, "Total Cost": 3.91, "Plan Rows": 1, "Plan Width": 21, "Index Cond": "(id = mc.movie_id)"}]}, {"Node Type": "Index Scan", "Parent Relationship": "Inner", "Scan Direction": "Forward", "Index Name": "movie_id_cast_info", "Relation Name": "cast_info", "Alias": "ci", "Startup Cost": 0.0, "Total Cost": 0.98, "Plan Rows": 1, "Plan Width": 12, "Index Cond": "(movie_id = t.id)", "Filter": "((note)::text = '(voice: English version)'::text)"}]}]}]}, {"Node Type": "Index Scan", "Parent Relationship": "Inner", "Scan Direction": "Forward", "Index Name": "person_id_aka_name", "Relation Name": "aka_name", "Alias": "an1", "Startup Cost": 0.0, "Total Cost": 0.84, "Plan Rows": 1, "Plan Width": 20, "Index Cond": "(person_id = ci.person_id)"}]}, {"Node Type": "Index Scan", "Parent Relationship": "Inner", "Scan Direction": "Forward", "Index Name": "name_pkey", "Relation Name": "name", "Alias": "n1", "Startup Cost": 0.0, "Total Cost": 0.57, "Plan Rows": 1, "Plan Width": 4, "Index Cond": "(id = an1.person_id)", "Filter": "(((name)::text ~~ '%Yo%'::text) AND ((name)::text !~~ '%Yu%'::text))"}]}]}, "Unique SQL Id": 3544391839, "Planner Runtime": 8}, "explain_analyze_plan": {"Plan": {"Node Type": "Aggregate", "Strategy": "Plain", "Startup Cost": 72267.16, "Total Cost": 72267.17, "Plan Rows": 1, "Plan Width": 97, "Actual Min Startup Time": 3140.754, "Actual Max Startup Time": 3140.754, "Actual Min Total Time": 3140.755, "Actual Max Total Time": 3140.755, "Plans": [{"Node Type": "Nested Loop", "Parent Relationship": "Outer", "Join Type": "Inner", "Startup Cost": 0.0, "Total Cost": 72267.1, "Plan Rows": 12, "Plan Width": 33, "Actual Min Startup Time": 3051.501, "Actual Max Startup Time": 3051.501, "Actual Min Total Time": 3140.654, "Actual Max Total Time": 3140.654, "Inner Unique": true, "Plans": [{"Node Type": "Nested Loop", "Parent Relationship": "Outer", "Join Type": "Inner", "Startup Cost": 0.0, "Total Cost": 71891.56, "Plan Rows": 645, "Plan Width": 41, "Actual Min Startup Time": 3027.461, "Actual Max Startup Time": 3027.461, "Actual Min Total Time": 3075.17, "Actual Max Total Time": 3075.17, "Inner Unique": false, "Plans": [{"Node Type": "Nested Loop", "Parent Relationship": "Outer", "Join Type": "Inner", "Startup Cost": 0.0, "Total Cost": 71437.35, "Plan Rows": 532, "Plan Width": 21, "Actual Min Startup Time": 3027.406, "Actual Max Startup Time": 3027.406, "Actual Min Total Time": 3036.225, "Actual Max Total Time": 3036.225, "Inner Unique": false, "Join Filter": "(ci.role_id = rt.id)", "Rows Removed by Join Filter": 12162, "Plans": [{"Node Type": "Seq Scan", "Parent Relationship": "Outer", "Relation Name": "role_type", "Alias": "rt", "Startup Cost": 0.0, "Total Cost": 1.15, "Plan Rows": 1, "Plan Width": 4, "Actual Min Startup Time": 0.116, "Actual Max Startup Time": 0.116, "Actual Min Total Time": 0.124, "Actual Max Total Time": 0.124, "Filter": "((role)::text = 'actress'::text)", "Rows Removed by Filter": 11, "Actual Rows": 1}, {"Node Type": "Materialize", "Parent Relationship": "Inner", "Startup Cost": 0.0, "Total Cost": 71377.73, "Plan Rows": 5847, "Plan Width": 25, "Actual Min Startup Time": 3027.257, "Actual Max Startup Time": 3027.257, "Actual Min Total Time": 3030.009, "Actual Max Total Time": 3030.009, "Plans": [{"Node Type": "Nested Loop", "Parent Relationship": "Outer", "Join Type": "Inner", "Startup Cost": 0.0, "Total Cost": 71363.11, "Plan Rows": 5847, "Plan Width": 25, "Actual Min Startup Time": 17.425, "Actual Max Startup Time": 17.425, "Actual Min Total Time": 3020.473, "Actual Max Total Time": 3020.473, "Inner Unique": false, "Plans": [{"Node Type": "Nested Loop", "Parent Relationship": "Outer", "Join Type": "Inner", "Startup Cost": 0.0, "Total Cost": 65620.52, "Plan Rows": 5775, "Plan Width": 25, "Actual Min Startup Time": 17.298, "Actual Max Startup Time": 17.298, "Actual Min Total Time": 520.972, "Actual Max Total Time": 520.972, "Inner Unique": true, "Plans": [{"Node Type": "Nested Loop", "Parent Relationship": "Outer", "Join Type": "Inner", "Startup Cost": 0.0, "Total Cost": 42973.42, "Plan Rows": 5775, "Plan Width": 4, "Actual Min Startup Time": 17.284, "Actual Max Startup Time": 17.284, "Actual Min Total Time": 289.357, "Actual Max Total Time": 289.357, "Inner Unique": true, "Plans": [{"Node Type": "Streaming(type: LOCAL GATHER dop: 1/16)", "Parent Relationship": "Outer", "Startup Cost": 0.0, "Total Cost": 19215.08, "Plan Rows": 36426, "Plan Width": 8, "Actual Min Startup Time": 17.224, "Actual Max Startup Time": 17.224, "Actual Min Total Time": 50.777, "Actual Max Total Time": 50.777, "Plans": [{"Node Type": "Seq Scan", "Parent Relationship": "Outer", "Relation Name": "movie_companies", "Alias": "mc", "Startup Cost": 0.0, "Total Cost": 18428.93, "Plan Rows": 36426, "Plan Width": 8, "Actual Min Startup Time": 0.047, "Actual Max Startup Time": 0.38, "Actual Min Total Time": 53.556, "Actual Max Total Time": 61.351, "Filter": "(((note)::text ~~ '%(Japan)%'::text) AND ((note)::text !~~ '%(USA)%'::text))", "Rows Removed by Filter": 2560231, "Actual Rows": 48897}], "Actual Rows": 48897}, {"Node Type": "Index Scan", "Parent Relationship": "Inner", "Scan Direction": "Forward", "Index Name": "company_name_pkey", "Relation Name": "company_name", "Alias": "cn", "Startup Cost": 0.0, "Total Cost": 0.64, "Plan Rows": 1, "Plan Width": 4, "Actual Min Startup Time": 194.947, "Actual Max Startup Time": 194.947, "Actual Min Total Time": 194.947, "Actual Max Total Time": 194.947, "Index Cond": "(id = mc.company_id)", "Rows Removed by Index Recheck": 0, "Filter": "((country_code)::text = '[jp]'::text)", "Rows Removed by Filter": 569, "Actual Rows": 48328}], "Actual Rows": 48328}, {"Node Type": "Index Scan", "Parent Relationship": "Inner", "Scan Direction": "Forward", "Index Name": "title_pkey", "Relation Name": "title", "Alias": "t", "Startup Cost": 0.0, "Total Cost": 3.91, "Plan Rows": 1, "Plan Width": 21, "Actual Min Startup Time": 190.518, "Actual Max Startup Time": 190.518, "Actual Min Total Time": 190.518, "Actual Max Total Time": 190.518, "Index Cond": "(id = mc.movie_id)", "Rows Removed by Index Recheck": 0, "Actual Rows": 48328}], "Actual Rows": 48328}, {"Node Type": "Index Scan", "Parent Relationship": "Inner", "Scan Direction": "Forward", "Index Name": "movie_id_cast_info", "Relation Name": "cast_info", "Alias": "ci", "Startup Cost": 0.0, "Total Cost": 0.98, "Plan Rows": 1, "Plan Width": 12, "Actual Min Startup Time": 2358.199, "Actual Max Startup Time": 2358.199, "Actual Min Total Time": 2468.853, "Actual Max Total Time": 2468.853, "Index Cond": "(movie_id = t.id)", "Rows Removed by Index Recheck": 0, "Filter": "((note)::text = '(voice: English version)'::text)", "Rows Removed by Filter": 1531710, "Actual Rows": 19600}], "Actual Rows": 19600}], "Actual Rows": 19601}], "Actual Rows": 7438}, {"Node Type": "Index Scan", "Parent Relationship": "Inner", "Scan Direction": "Forward", "Index Name": "person_id_aka_name", "Relation Name": "aka_name", "Alias": "an1", "Startup Cost": 0.0, "Total Cost": 0.84, "Plan Rows": 1, "Plan Width": 20, "Actual Min Startup Time": 23.985, "Actual Max Startup Time": 23.985, "Actual Min Total Time": 31.144, "Actual Max Total Time": 31.144, "Index Cond": "(person_id = ci.person_id)", "Rows Removed by Index Recheck": 0, "Actual Rows": 17379}], "Actual Rows": 17379}, {"Node Type": "Index Scan", "Parent Relationship": "Inner", "Scan Direction": "Forward", "Index Name": "name_pkey", "Relation Name": "name", "Alias": "n1", "Startup Cost": 0.0, "Total Cost": 0.57, "Plan Rows": 1, "Plan Width": 4, "Actual Min Startup Time": 57.363, "Actual Max Startup Time": 57.363, "Actual Min Total Time": 57.363, "Actual Max Total Time": 57.363, "Index Cond": "(id = an1.person_id)", "Rows Removed by Index Recheck": 0, "Filter": "(((name)::text ~~ '%Yo%'::text) AND ((name)::text !~~ '%Yu%'::text))", "Rows Removed by Filter": 17317, "Actual Rows": 62}], "Actual Rows": 62}], "Actual Rows": 1}, "Triggers": [], "Planner Runtime": 8, "Total Runtime": 3143.678, "Unique SQL Id": 3544391839}}, "(16, 113)": {"explain_plan": {"Plan": {"Node Type": "Aggregate", "Strategy": "Plain", "Startup Cost": 109007.69, "Total Cost": 109007.7, "Plan Rows": 1, "Plan Width": 97, "Plans": [{"Node Type": "Nested Loop", "Parent Relationship": "Outer", "Join Type": "Inner", "Startup Cost": 2780.8, "Total Cost": 109007.63, "Plan Rows": 12, "Plan Width": 33, "Inner Unique": true, "Plans": [{"Node Type": "Nested Loop", "Parent Relationship": "Outer", "Join Type": "Inner", "Startup Cost": 2780.8, "Total Cost": 108632.09, "Plan Rows": 645, "Plan Width": 41, "Inner Unique": false, "Plans": [{"Node Type": "Nested Loop", "Parent Relationship": "Outer", "Join Type": "Inner", "Startup Cost": 2780.8, "Total Cost": 108177.88, "Plan Rows": 532, "Plan Width": 21, "Inner Unique": false, "Join Filter": "(ci.role_id = rt.id)", "Plans": [{"Node Type": "Index Scan", "Parent Relationship": "Outer", "Scan Direction": "Forward", "Index Name": "role_type_pkey", "Relation Name": "role_type", "Alias": "rt", "Startup Cost": 0.0, "Total Cost": 12.46, "Plan Rows": 1, "Plan Width": 4, "Filter": "((role)::text = 'actress'::text)"}, {"Node Type": "Nested Loop", "Parent Relationship": "Inner", "Join Type": "Inner", "Startup Cost": 2780.8, "Total Cost": 108092.33, "Plan Rows": 5847, "Plan Width": 25, "Inner Unique": false, "Plans": [{"Node Type": "Nested Loop", "Parent Relationship": "Outer", "Join Type": "Inner", "Startup Cost": 2780.8, "Total Cost": 102349.74, "Plan Rows": 5775, "Plan Width": 25, "Inner Unique": true, "Plans": [{"Node Type": "Nested Loop", "Parent Relationship": "Outer", "Join Type": "Inner", "Startup Cost": 2780.8, "Total Cost": 79702.64, "Plan Rows": 5775, "Plan Width": 4, "Inner Unique": false, "Plans": [{"Node Type": "Bitmap Heap Scan", "Parent Relationship": "Outer", "Relation Name": "company_name", "Alias": "cn", "Startup Cost": 2780.8, "Total Cost": 8684.25, "Plan Rows": 6290, "Plan Width": 4, "Filter": "((country_code)::text = '[jp]'::text)", "Plans": [{"Node Type": "Bitmap Index Scan", "Parent Relationship": "Outer", "Index Name": "company_name_pkey", "Startup Cost": 0.0, "Total Cost": 2779.23, "Plan Rows": 234996, "Plan Width": 0}]}, {"Node Type": "Index Scan", "Parent Relationship": "Inner", "Scan Direction": "Forward", "Index Name": "company_id_movie_companies", "Relation Name": "movie_companies", "Alias": "mc", "Startup Cost": 0.0, "Total Cost": 11.28, "Plan Rows": 1, "Plan Width": 8, "Index Cond": "(company_id = cn.id)", "Filter": "(((note)::text ~~ '%(Japan)%'::text) AND ((note)::text !~~ '%(USA)%'::text))"}]}, {"Node Type": "Index Scan", "Parent Relationship": "Inner", "Scan Direction": "Forward", "Index Name": "title_pkey", "Relation Name": "title", "Alias": "t", "Startup Cost": 0.0, "Total Cost": 3.91, "Plan Rows": 1, "Plan Width": 21, "Index Cond": "(id = mc.movie_id)"}]}, {"Node Type": "Index Scan", "Parent Relationship": "Inner", "Scan Direction": "Forward", "Index Name": "movie_id_cast_info", "Relation Name": "cast_info", "Alias": "ci", "Startup Cost": 0.0, "Total Cost": 0.98, "Plan Rows": 1, "Plan Width": 12, "Index Cond": "(movie_id = t.id)", "Filter": "((note)::text = '(voice: English version)'::text)"}]}]}, {"Node Type": "Index Scan", "Parent Relationship": "Inner", "Scan Direction": "Forward", "Index Name": "person_id_aka_name", "Relation Name": "aka_name", "Alias": "an1", "Startup Cost": 0.0, "Total Cost": 0.84, "Plan Rows": 1, "Plan Width": 20, "Index Cond": "(person_id = ci.person_id)"}]}, {"Node Type": "Index Scan", "Parent Relationship": "Inner", "Scan Direction": "Forward", "Index Name": "name_pkey", "Relation Name": "name", "Alias": "n1", "Startup Cost": 0.0, "Total Cost": 0.57, "Plan Rows": 1, "Plan Width": 4, "Index Cond": "(id = an1.person_id)", "Filter": "(((name)::text ~~ '%Yo%'::text) AND ((name)::text !~~ '%Yu%'::text))"}]}]}, "Unique SQL Id": 3544391839, "Planner Runtime": 7}, "explain_analyze_plan": {"Plan": {"Node Type": "Aggregate", "Strategy": "Plain", "Startup Cost": 109007.69, "Total Cost": 109007.7, "Plan Rows": 1, "Plan Width": 97, "Actual Startup Time": 3716.181, "Actual Total Time": 3716.182, "Actual Rows": 1, "Actual Loops": 1, "Plans": [{"Node Type": "Nested Loop", "Parent Relationship": "Outer", "Join Type": "Inner", "Startup Cost": 2780.8, "Total Cost": 109007.63, "Plan Rows": 12, "Plan Width": 33, "Actual Startup Time": 358.228, "Actual Total Time": 3715.857, "Actual Rows": 62, "Actual Loops": 1, "Inner Unique": true, "Plans": [{"Node Type": "Nested Loop", "Parent Relationship": "Outer", "Join Type": "Inner", "Startup Cost": 2780.8, "Total Cost": 108632.09, "Plan Rows": 645, "Plan Width": 41, "Actual Startup Time": 22.767, "Actual Total Time": 3639.479, "Actual Rows": 17379, "Actual Loops": 1, "Inner Unique": false, "Plans": [{"Node Type": "Nested Loop", "Parent Relationship": "Outer", "Join Type": "Inner", "Startup Cost": 2780.8, "Total Cost": 108177.88, "Plan Rows": 532, "Plan Width": 21, "Actual Startup Time": 22.751, "Actual Total Time": 3586.897, "Actual Rows": 7438, "Actual Loops": 1, "Inner Unique": false, "Join Filter": "(ci.role_id = rt.id)", "Rows Removed by Join Filter": 12162, "Plans": [{"Node Type": "Index Scan", "Parent Relationship": "Outer", "Scan Direction": "Forward", "Index Name": "role_type_pkey", "Relation Name": "role_type", "Alias": "rt", "Startup Cost": 0.0, "Total Cost": 12.46, "Plan Rows": 1, "Plan Width": 4, "Actual Startup Time": 0.028, "Actual Total Time": 0.04, "Actual Rows": 1, "Actual Loops": 1, "Filter": "((role)::text = 'actress'::text)", "Rows Removed by Filter": 11}, {"Node Type": "Nested Loop", "Parent Relationship": "Inner", "Join Type": "Inner", "Startup Cost": 2780.8, "Total Cost": 108092.33, "Plan Rows": 5847, "Plan Width": 25, "Actual Startup Time": 22.716, "Actual Total Time": 3581.535, "Actual Rows": 19600, "Actual Loops": 1, "Inner Unique": false, "Plans": [{"Node Type": "Nested Loop", "Parent Relationship": "Outer", "Join Type": "Inner", "Startup Cost": 2780.8, "Total Cost": 102349.74, "Plan Rows": 5775, "Plan Width": 25, "Actual Startup Time": 22.629, "Actual Total Time": 692.33, "Actual Rows": 48328, "Actual Loops": 1, "Inner Unique": true, "Plans": [{"Node Type": "Nested Loop", "Parent Relationship": "Outer", "Join Type": "Inner", "Startup Cost": 2780.8, "Total Cost": 79702.64, "Plan Rows": 5775, "Plan Width": 4, "Actual Startup Time": 22.606, "Actual Total Time": 386.335, "Actual Rows": 48328, "Actual Loops": 1, "Inner Unique": false, "Plans": [{"Node Type": "Bitmap Heap Scan", "Parent Relationship": "Outer", "Relation Name": "company_name", "Alias": "cn", "Startup Cost": 2780.8, "Total Cost": 8684.25, "Plan Rows": 6290, "Plan Width": 4, "Actual Startup Time": 22.562, "Actual Total Time": 154.469, "Actual Rows": 6752, "Actual Loops": 1, "Filter": "((country_code)::text = '[jp]'::text)", "Rows Removed by Filter": 228244, "Exact Heap Blocks": 2966, "Lossy Heap Blocks": 2966, "Plans": [{"Node Type": "Bitmap Index Scan", "Parent Relationship": "Outer", "Index Name": "company_name_pkey", "Startup Cost": 0.0, "Total Cost": 2779.23, "Plan Rows": 234996, "Plan Width": 0, "Actual Startup Time": 22.102, "Actual Total Time": 22.102, "Actual Rows": 234996, "Actual Loops": 1}]}, {"Node Type": "Index Scan", "Parent Relationship": "Inner", "Scan Direction": "Forward", "Index Name": "company_id_movie_companies", "Relation Name": "movie_companies", "Alias": "mc", "Startup Cost": 0.0, "Total Cost": 11.28, "Plan Rows": 1, "Plan Width": 8, "Actual Startup Time": 58.648, "Actual Total Time": 215.91, "Actual Rows": 48328, "Actual Loops": 6752, "Index Cond": "(company_id = cn.id)", "Rows Removed by Index Recheck": 0, "Filter": "(((note)::text ~~ '%(Japan)%'::text) AND ((note)::text !~~ '%(USA)%'::text))", "Rows Removed by Filter": 56667}]}, {"Node Type": "Index Scan", "Parent Relationship": "Inner", "Scan Direction": "Forward", "Index Name": "title_pkey", "Relation Name": "title", "Alias": "t", "Startup Cost": 0.0, "Total Cost": 3.91, "Plan Rows": 1, "Plan Width": 21, "Actual Startup Time": 263.066, "Actual Total Time": 263.066, "Actual Rows": 48328, "Actual Loops": 48328, "Index Cond": "(id = mc.movie_id)", "Rows Removed by Index Recheck": 0}]}, {"Node Type": "Index Scan", "Parent Relationship": "Inner", "Scan Direction": "Forward", "Index Name": "movie_id_cast_info", "Relation Name": "cast_info", "Alias": "ci", "Startup Cost": 0.0, "Total Cost": 0.98, "Plan Rows": 1, "Plan Width": 12, "Actual Startup Time": 2731.603, "Actual Total Time": 2857.929, "Actual Rows": 19600, "Actual Loops": 48328, "Index Cond": "(movie_id = t.id)", "Rows Removed by Index Recheck": 0, "Filter": "((note)::text = '(voice: English version)'::text)", "Rows Removed by Filter": 1531710}]}]}, {"Node Type": "Index Scan", "Parent Relationship": "Inner", "Scan Direction": "Forward", "Index Name": "person_id_aka_name", "Relation Name": "aka_name", "Alias": "an1", "Startup Cost": 0.0, "Total Cost": 0.84, "Plan Rows": 1, "Plan Width": 20, "Actual Startup Time": 35.029, "Actual Total Time": 43.394, "Actual Rows": 17379, "Actual Loops": 7438, "Index Cond": "(person_id = ci.person_id)", "Rows Removed by Index Recheck": 0}]}, {"Node Type": "Index Scan", "Parent Relationship": "Inner", "Scan Direction": "Forward", "Index Name": "name_pkey", "Relation Name": "name", "Alias": "n1", "Startup Cost": 0.0, "Total Cost": 0.57, "Plan Rows": 1, "Plan Width": 4, "Actual Startup Time": 67.222, "Actual Total Time": 67.222, "Actual Rows": 62, "Actual Loops": 17379, "Index Cond": "(id = an1.person_id)", "Rows Removed by Index Recheck": 0, "Filter": "(((name)::text ~~ '%Yo%'::text) AND ((name)::text !~~ '%Yu%'::text))", "Rows Removed by Filter": 17317}]}]}, "Triggers": [], "Planner Runtime": 7, "Total Runtime": 3716.783, "Unique SQL Id": 3544391839}}, "(16, 114)": {"explain_plan": {"Plan": {"Node Type": "Aggregate", "Strategy": "Plain", "Startup Cost": 115961.85, "Total Cost": 115961.86, "Plan Rows": 1, "Plan Width": 97, "Plans": [{"Node Type": "Nested Loop", "Parent Relationship": "Outer", "Join Type": "Inner", "Startup Cost": 2.89, "Total Cost": 115961.79, "Plan Rows": 12, "Plan Width": 33, "Inner Unique": true, "Plans": [{"Node Type": "Nested Loop", "Parent Relationship": "Outer", "Join Type": "Inner", "Startup Cost": 2.25, "Total Cost": 115905.83, "Plan Rows": 12, "Plan Width": 24, "Inner Unique": false, "Join Filter": "(n1.id = an1.person_id)", "Plans": [{"Node Type": "Nested Loop", "Parent Relationship": "Outer", "Join Type": "Inner", "Startup Cost": 1.87, "Total Cost": 115562.18, "Plan Rows": 78, "Plan Width": 16, "Inner Unique": true, "Plans": [{"Node Type": "Nested Loop", "Parent Relationship": "Outer", "Join Type": "Inner", "Startup Cost": 1.56, "Total Cost": 110997.42, "Plan Rows": 1055, "Plan Width": 20, "Inner Unique": false, "Plans": [{"Node Type": "Nested Loop", "Parent Relationship": "Outer", "Join Type": "Inner", "Startup Cost": 0.9, "Total Cost": 104912.21, "Plan Rows": 1293, "Plan Width": 12, "Inner Unique": true, "Plans": [{"Node Type": "Nested Loop", "Parent Relationship": "Outer", "Join Type": "Inner", "Startup Cost": 0.0, "Total Cost": 61579.53, "Plan Rows": 8790, "Plan Width": 8, "Inner Unique": false, "Join Filter": "(ci.role_id = rt.id)", "Plans": [{"Node Type": "Seq Scan", "Parent Relationship": "Outer", "Relation Name": "role_type", "Alias": "rt", "Startup Cost": 0.0, "Total Cost": 1.15, "Plan Rows": 1, "Plan Width": 4, "Filter": "((role)::text = 'actress'::text)"}, {"Node Type": "Materialize", "Parent Relationship": "Inner", "Startup Cost": 0.0, "Total Cost": 60611.46, "Plan Rows": 96692, "Plan Width": 12, "Plans": [{"Node Type": "Streaming(type: LOCAL GATHER dop: 1/16)", "Parent Relationship": "Outer", "Startup Cost": 0.0, "Total Cost": 60369.73, "Plan Rows": 96692, "Plan Width": 12, "Plans": [{"Node Type": "Seq Scan", "Parent Relationship": "Outer", "Relation Name": "cast_info", "Alias": "ci", "Startup Cost": 0.0, "Total Cost": 58282.92, "Plan Rows": 96692, "Plan Width": 12, "Filter": "((note)::text = '(voice: English version)'::text)"}]}]}]}, {"Node Type": "Bitmap Heap Scan", "Parent Relationship": "Inner", "Relation Name": "name", "Alias": "n1", "Startup Cost": 0.9, "Total Cost": 4.92, "Plan Rows": 1, "Plan Width": 4, "Recheck Cond": "(id = ci.person_id)", "Filter": "(((name)::text ~~ '%Yo%'::text) AND ((name)::text !~~ '%Yu%'::text))", "Plans": [{"Node Type": "Bitmap Index Scan", "Parent Relationship": "Outer", "Index Name": "name_pkey", "Startup Cost": 0.0, "Total Cost": 0.9, "Plan Rows": 1, "Plan Width": 0, "Index Cond": "(id = ci.person_id)"}]}]}, {"Node Type": "Bitmap Heap Scan", "Parent Relationship": "Inner", "Relation Name": "movie_companies", "Alias": "mc", "Startup Cost": 0.66, "Total Cost": 4.7, "Plan Rows": 1, "Plan Width": 8, "Recheck Cond": "(movie_id = ci.movie_id)", "Filter": "(((note)::text ~~ '%(Japan)%'::text) AND ((note)::text !~~ '%(USA)%'::text))", "Plans": [{"Node Type": "Bitmap Index Scan", "Parent Relationship": "Outer", "Index Name": "movie_id_movie_companies", "Startup Cost": 0.0, "Total Cost": 0.66, "Plan Rows": 2, "Plan Width": 0, "Index Cond": "(movie_id = ci.movie_id)"}]}]}, {"Node Type": "Bitmap Heap Scan", "Parent Relationship": "Inner", "Relation Name": "company_name", "Alias": "cn", "Startup Cost": 0.3, "Total Cost": 4.32, "Plan Rows": 1, "Plan Width": 4, "Recheck Cond": "(id = mc.company_id)", "Filter": "((country_code)::text = '[jp]'::text)", "Plans": [{"Node Type": "Bitmap Index Scan", "Parent Relationship": "Outer", "Index Name": "company_name_pkey", "Startup Cost": 0.0, "Total Cost": 0.3, "Plan Rows": 1, "Plan Width": 0, "Index Cond": "(id = mc.company_id)"}]}]}, {"Node Type": "Bitmap Heap Scan", "Parent Relationship": "Inner", "Relation Name": "aka_name", "Alias": "an1", "Startup Cost": 0.38, "Total Cost": 4.39, "Plan Rows": 1, "Plan Width": 20, "Recheck Cond": "(person_id = ci.person_id)", "Plans": [{"Node Type": "Bitmap Index Scan", "Parent Relationship": "Outer", "Index Name": "person_id_aka_name", "Startup Cost": 0.0, "Total Cost": 0.38, "Plan Rows": 1, "Plan Width": 0, "Index Cond": "(person_id = ci.person_id)"}]}]}, {"Node Type": "Bitmap Heap Scan", "Parent Relationship": "Inner", "Relation Name": "title", "Alias": "t", "Startup Cost": 0.64, "Total Cost": 4.65, "Plan Rows": 1, "Plan Width": 21, "Recheck Cond": "(id = ci.movie_id)", "Plans": [{"Node Type": "Bitmap Index Scan", "Parent Relationship": "Outer", "Index Name": "title_pkey", "Startup Cost": 0.0, "Total Cost": 0.64, "Plan Rows": 1, "Plan Width": 0, "Index Cond": "(id = ci.movie_id)"}]}]}]}, "Unique SQL Id": 3544391839, "Planner Runtime": 19}, "explain_analyze_plan": {"Plan": {"Node Type": "Aggregate", "Strategy": "Plain", "Startup Cost": 115961.85, "Total Cost": 115961.86, "Plan Rows": 1, "Plan Width": 97, "Actual Min Startup Time": 922.637, "Actual Max Startup Time": 922.637, "Actual Min Total Time": 922.638, "Actual Max Total Time": 922.638, "Plans": [{"Node Type": "Nested Loop", "Parent Relationship": "Outer", "Join Type": "Inner", "Startup Cost": 2.89, "Total Cost": 115961.79, "Plan Rows": 12, "Plan Width": 33, "Actual Min Startup Time": 840.108, "Actual Max Startup Time": 840.108, "Actual Min Total Time": 922.533, "Actual Max Total Time": 922.533, "Inner Unique": true, "Plans": [{"Node Type": "Nested Loop", "Parent Relationship": "Outer", "Join Type": "Inner", "Startup Cost": 2.25, "Total Cost": 115905.83, "Plan Rows": 12, "Plan Width": 24, "Actual Min Startup Time": 840.072, "Actual Max Startup Time": 840.072, "Actual Min Total Time": 922.091, "Actual Max Total Time": 922.091, "Inner Unique": false, "Join Filter": "(n1.id = an1.person_id)", "Rows Removed by Join Filter": 0, "Plans": [{"Node Type": "Nested Loop", "Parent Relationship": "Outer", "Join Type": "Inner", "Startup Cost": 1.87, "Total Cost": 115562.18, "Plan Rows": 78, "Plan Width": 16, "Actual Min Startup Time": 840.037, "Actual Max Startup Time": 840.037, "Actual Min Total Time": 921.78, "Actual Max Total Time": 921.78, "Inner Unique": true, "Plans": [{"Node Type": "Nested Loop", "Parent Relationship": "Outer", "Join Type": "Inner", "Startup Cost": 1.56, "Total Cost": 110997.42, "Plan Rows": 1055, "Plan Width": 20, "Actual Min Startup Time": 840.012, "Actual Max Startup Time": 840.012, "Actual Min Total Time": 921.441, "Actual Max Total Time": 921.441, "Inner Unique": false, "Plans": [{"Node Type": "Nested Loop", "Parent Relationship": "Outer", "Join Type": "Inner", "Startup Cost": 0.9, "Total Cost": 104912.21, "Plan Rows": 1293, "Plan Width": 12, "Actual Min Startup Time": 824.424, "Actual Max Startup Time": 824.424, "Actual Min Total Time": 918.946, "Actual Max Total Time": 918.946, "Inner Unique": true, "Plans": [{"Node Type": "Nested Loop", "Parent Relationship": "Outer", "Join Type": "Inner", "Startup Cost": 0.0, "Total Cost": 61579.53, "Plan Rows": 8790, "Plan Width": 8, "Actual Min Startup Time": 714.072, "Actual Max Startup Time": 714.072, "Actual Min Total Time": 735.2, "Actual Max Total Time": 735.2, "Inner Unique": false, "Join Filter": "(ci.role_id = rt.id)", "Rows Removed by Join Filter": 58247, "Plans": [{"Node Type": "Seq Scan", "Parent Relationship": "Outer", "Relation Name": "role_type", "Alias": "rt", "Startup Cost": 0.0, "Total Cost": 1.15, "Plan Rows": 1, "Plan Width": 4, "Actual Min Startup Time": 0.055, "Actual Max Startup Time": 0.055, "Actual Min Total Time": 0.062, "Actual Max Total Time": 0.062, "Filter": "((role)::text = 'actress'::text)", "Rows Removed by Filter": 11, "Actual Rows": 1}, {"Node Type": "Materialize", "Parent Relationship": "Inner", "Startup Cost": 0.0, "Total Cost": 60611.46, "Plan Rows": 96692, "Plan Width": 12, "Actual Min Startup Time": 696.204, "Actual Max Startup Time": 696.204, "Actual Min Total Time": 708.863, "Actual Max Total Time": 708.863, "Plans": [{"Node Type": "Streaming(type: LOCAL GATHER dop: 1/16)", "Parent Relationship": "Outer", "Startup Cost": 0.0, "Total Cost": 60369.73, "Plan Rows": 96692, "Plan Width": 12, "Actual Min Startup Time": 41.898, "Actual Max Startup Time": 41.898, "Actual Min Total Time": 681.288, "Actual Max Total Time": 681.288, "Plans": [{"Node Type": "Seq Scan", "Parent Relationship": "Outer", "Relation Name": "cast_info", "Alias": "ci", "Startup Cost": 0.0, "Total Cost": 58282.92, "Plan Rows": 96692, "Plan Width": 12, "Actual Min Startup Time": 0.115, "Actual Max Startup Time": 2.937, "Actual Min Total Time": 612.24, "Actual Max Total Time": 647.777, "Filter": "((note)::text = '(voice: English version)'::text)", "Rows Removed by Filter": 36151248, "Actual Rows": 93095}], "Actual Rows": 93095}], "Actual Rows": 93096}], "Actual Rows": 34848}, {"Node Type": "Bitmap Heap Scan", "Parent Relationship": "Inner", "Relation Name": "name", "Alias": "n1", "Startup Cost": 0.9, "Total Cost": 4.92, "Plan Rows": 1, "Plan Width": 4, "Actual Min Startup Time": 145.19, "Actual Max Startup Time": 145.19, "Actual Min Total Time": 145.19, "Actual Max Total Time": 145.19, "Recheck Cond": "(id = ci.person_id)", "Rows Removed by Index Recheck": 0, "Filter": "(((name)::text ~~ '%Yo%'::text) AND ((name)::text !~~ '%Yu%'::text))", "Rows Removed by Filter": 34454, "Exact Heap Blocks": 34848, "Lossy Heap Blocks": 34848, "Plans": [{"Node Type": "Bitmap Index Scan", "Parent Relationship": "Outer", "Index Name": "name_pkey", "Startup Cost": 0.0, "Total Cost": 0.9, "Plan Rows": 1, "Plan Width": 0, "Actual Min Startup Time": 83.406, "Actual Max Startup Time": 83.406, "Actual Min Total Time": 83.406, "Actual Max Total Time": 83.406, "Index Cond": "(id = ci.person_id)", "Actual Rows": 34848}], "Actual Rows": 394}], "Actual Rows": 394}, {"Node Type": "Bitmap Heap Scan", "Parent Relationship": "Inner", "Relation Name": "movie_companies", "Alias": "mc", "Startup Cost": 0.66, "Total Cost": 4.7, "Plan Rows": 1, "Plan Width": 8, "Actual Min Startup Time": 1.922, "Actual Max Startup Time": 1.922, "Actual Min Total Time": 2.025, "Actual Max Total Time": 2.025, "Recheck Cond": "(movie_id = ci.movie_id)", "Rows Removed by Index Recheck": 0, "Filter": "(((note)::text ~~ '%(Japan)%'::text) AND ((note)::text !~~ '%(USA)%'::text))", "Rows Removed by Filter": 511, "Exact Heap Blocks": 237, "Lossy Heap Blocks": 237, "Plans": [{"Node Type": "Bitmap Index Scan", "Parent Relationship": "Outer", "Index Name": "movie_id_movie_companies", "Startup Cost": 0.0, "Total Cost": 0.66, "Plan Rows": 2, "Plan Width": 0, "Actual Min Startup Time": 1.187, "Actual Max Startup Time": 1.187, "Actual Min Total Time": 1.187, "Actual Max Total Time": 1.187, "Index Cond": "(movie_id = ci.movie_id)", "Actual Rows": 550}], "Actual Rows": 39}], "Actual Rows": 39}, {"Node Type": "Bitmap Heap Scan", "Parent Relationship": "Inner", "Relation Name": "company_name", "Alias": "cn", "Startup Cost": 0.3, "Total Cost": 4.32, "Plan Rows": 1, "Plan Width": 4, "Actual Min Startup Time": 0.264, "Actual Max Startup Time": 0.264, "Actual Min Total Time": 0.264, "Actual Max Total Time": 0.264, "Recheck Cond": "(id = mc.company_id)", "Rows Removed by Index Recheck": 0, "Filter": "((country_code)::text = '[jp]'::text)", "Rows Removed by Filter": 1, "Exact Heap Blocks": 39, "Lossy Heap Blocks": 39, "Plans": [{"Node Type": "Bitmap Index Scan", "Parent Relationship": "Outer", "Index Name": "company_name_pkey", "Startup Cost": 0.0, "Total Cost": 0.3, "Plan Rows": 1, "Plan Width": 0, "Actual Min Startup Time": 0.146, "Actual Max Startup Time": 0.146, "Actual Min Total Time": 0.146, "Actual Max Total Time": 0.146, "Index Cond": "(id = mc.company_id)", "Actual Rows": 39}], "Actual Rows": 38}], "Actual Rows": 38}, {"Node Type": "Bitmap Heap Scan", "Parent Relationship": "Inner", "Relation Name": "aka_name", "Alias": "an1", "Startup Cost": 0.38, "Total Cost": 4.39, "Plan Rows": 1, "Plan Width": 20, "Actual Min Startup Time": 0.193, "Actual Max Startup Time": 0.193, "Actual Min Total Time": 0.206, "Actual Max Total Time": 0.206, "Recheck Cond": "(person_id = ci.person_id)", "Rows Removed by Index Recheck": 0, "Exact Heap Blocks": 43, "Lossy Heap Blocks": 43, "Plans": [{"Node Type": "Bitmap Index Scan", "Parent Relationship": "Outer", "Index Name": "person_id_aka_name", "Startup Cost": 0.0, "Total Cost": 0.38, "Plan Rows": 1, "Plan Width": 0, "Actual Min Startup Time": 0.127, "Actual Max Startup Time": 0.127, "Actual Min Total Time": 0.127, "Actual Max Total Time": 0.127, "Index Cond": "(person_id = ci.person_id)", "Actual Rows": 62}], "Actual Rows": 62}], "Actual Rows": 62}, {"Node Type": "Bitmap Heap Scan", "Parent Relationship": "Inner", "Relation Name": "title", "Alias": "t", "Startup Cost": 0.64, "Total Cost": 4.65, "Plan Rows": 1, "Plan Width": 21, "Actual Min Startup Time": 0.339, "Actual Max Startup Time": 0.339, "Actual Min Total Time": 0.339, "Actual Max Total Time": 0.339, "Recheck Cond": "(id = ci.movie_id)", "Rows Removed by Index Recheck": 0, "Exact Heap Blocks": 62, "Lossy Heap Blocks": 62, "Plans": [{"Node Type": "Bitmap Index Scan", "Parent Relationship": "Outer", "Index Name": "title_pkey", "Startup Cost": 0.0, "Total Cost": 0.64, "Plan Rows": 1, "Plan Width": 0, "Actual Min Startup Time": 0.203, "Actual Max Startup Time": 0.203, "Actual Min Total Time": 0.203, "Actual Max Total Time": 0.203, "Index Cond": "(id = ci.movie_id)", "Actual Rows": 62}], "Actual Rows": 62}], "Actual Rows": 62}], "Actual Rows": 1}, "Triggers": [], "Planner Runtime": 19, "Total Runtime": 926.254, "Unique SQL Id": 3544391839}}, "(16, 115)": {"explain_plan": {"Plan": {"Node Type": "Aggregate", "Strategy": "Plain", "Startup Cost": 166618.15, "Total Cost": 166618.16, "Plan Rows": 1, "Plan Width": 97, "Plans": [{"Node Type": "Nested Loop", "Parent Relationship": "Outer", "Join Type": "Inner", "Startup Cost": 2795.56, "Total Cost": 166618.09, "Plan Rows": 12, "Plan Width": 33, "Inner Unique": false, "Join Filter": "(n1.id = an1.person_id)", "Plans": [{"Node Type": "Nested Loop", "Parent Relationship": "Outer", "Join Type": "Inner", "Startup Cost": 2795.18, "Total Cost": 166274.44, "Plan Rows": 78, "Plan Width": 25, "Inner Unique": true, "Plans": [{"Node Type": "Nested Loop", "Parent Relationship": "Outer", "Join Type": "Inner", "Startup Cost": 2794.28, "Total Cost": 163651.8, "Plan Rows": 532, "Plan Width": 21, "Inner Unique": false, "Join Filter": "(ci.role_id = rt.id)", "Plans": [{"Node Type": "Bitmap Heap Scan", "Parent Relationship": "Outer", "Relation Name": "role_type", "Alias": "rt", "Startup Cost": 8.31, "Total Cost": 12.46, "Plan Rows": 1, "Plan Width": 4, "Filter": "((role)::text = 'actress'::text)", "Plans": [{"Node Type": "Bitmap Index Scan", "Parent Relationship": "Outer", "Index Name": "role_type_pkey", "Startup Cost": 0.0, "Total Cost": 8.31, "Plan Rows": 12, "Plan Width": 0}]}, {"Node Type": "Nested Loop", "Parent Relationship": "Inner", "Join Type": "Inner", "Startup Cost": 2785.97, "Total Cost": 163566.25, "Plan Rows": 5847, "Plan Width": 25, "Inner Unique": false, "Plans": [{"Node Type": "Nested Loop", "Parent Relationship": "Outer", "Join Type": "Inner", "Startup Cost": 2785.45, "Total Cost": 136908.44, "Plan Rows": 5775, "Plan Width": 25, "Inner Unique": true, "Plans": [{"Node Type": "Nested Loop", "Parent Relationship": "Outer", "Join Type": "Inner", "Startup Cost": 2784.18, "Total Cost": 106322.09, "Plan Rows": 5775, "Plan Width": 4, "Inner Unique": false, "Plans": [{"Node Type": "Bitmap Heap Scan", "Parent Relationship": "Outer", "Relation Name": "company_name", "Alias": "cn", "Startup Cost": 2780.8, "Total Cost": 8684.25, "Plan Rows": 6290, "Plan Width": 4, "Filter": "((country_code)::text = '[jp]'::text)", "Plans": [{"Node Type": "Bitmap Index Scan", "Parent Relationship": "Outer", "Index Name": "company_name_pkey", "Startup Cost": 0.0, "Total Cost": 2779.23, "Plan Rows": 234996, "Plan Width": 0}]}, {"Node Type": "Bitmap Heap Scan", "Parent Relationship": "Inner", "Relation Name": "movie_companies", "Alias": "mc", "Startup Cost": 3.37, "Total Cost": 15.51, "Plan Rows": 1, "Plan Width": 8, "Recheck Cond": "(company_id = cn.id)", "Filter": "(((note)::text ~~ '%(Japan)%'::text) AND ((note)::text !~~ '%(USA)%'::text))", "Plans": [{"Node Type": "Bitmap Index Scan", "Parent Relationship": "Outer", "Index Name": "company_id_movie_companies", "Startup Cost": 0.0, "Total Cost": 3.37, "Plan Rows": 15, "Plan Width": 0, "Index Cond": "(company_id = cn.id)"}]}]}, {"Node Type": "Bitmap Heap Scan", "Parent Relationship": "Inner", "Relation Name": "title", "Alias": "t", "Startup Cost": 1.27, "Total Cost": 5.29, "Plan Rows": 1, "Plan Width": 21, "Recheck Cond": "(id = mc.movie_id)", "Plans": [{"Node Type": "Bitmap Index Scan", "Parent Relationship": "Outer", "Index Name": "title_pkey", "Startup Cost": 0.0, "Total Cost": 1.27, "Plan Rows": 1, "Plan Width": 0, "Index Cond": "(id = mc.movie_id)"}]}]}, {"Node Type": "Bitmap Heap Scan", "Parent Relationship": "Inner", "Relation Name": "cast_info", "Alias": "ci", "Startup Cost": 0.52, "Total Cost": 4.61, "Plan Rows": 1, "Plan Width": 12, "Recheck Cond": "(movie_id = t.id)", "Filter": "((note)::text = '(voice: English version)'::text)", "Plans": [{"Node Type": "Bitmap Index Scan", "Parent Relationship": "Outer", "Index Name": "movie_id_cast_info", "Startup Cost": 0.0, "Total Cost": 0.52, "Plan Rows": 6, "Plan Width": 0, "Index Cond": "(movie_id = t.id)"}]}]}]}, {"Node Type": "Bitmap Heap Scan", "Parent Relationship": "Inner", "Relation Name": "name", "Alias": "n1", "Startup Cost": 0.9, "Total Cost": 4.92, "Plan Rows": 1, "Plan Width": 4, "Recheck Cond": "(id = ci.person_id)", "Filter": "(((name)::text ~~ '%Yo%'::text) AND ((name)::text !~~ '%Yu%'::text))", "Plans": [{"Node Type": "Bitmap Index Scan", "Parent Relationship": "Outer", "Index Name": "name_pkey", "Startup Cost": 0.0, "Total Cost": 0.9, "Plan Rows": 1, "Plan Width": 0, "Index Cond": "(id = ci.person_id)"}]}]}, {"Node Type": "Bitmap Heap Scan", "Parent Relationship": "Inner", "Relation Name": "aka_name", "Alias": "an1", "Startup Cost": 0.38, "Total Cost": 4.39, "Plan Rows": 1, "Plan Width": 20, "Recheck Cond": "(person_id = ci.person_id)", "Plans": [{"Node Type": "Bitmap Index Scan", "Parent Relationship": "Outer", "Index Name": "person_id_aka_name", "Startup Cost": 0.0, "Total Cost": 0.38, "Plan Rows": 1, "Plan Width": 0, "Index Cond": "(person_id = ci.person_id)"}]}]}]}, "Unique SQL Id": 3544391839, "Planner Runtime": 8}, "explain_analyze_plan": {"Plan": {"Node Type": "Aggregate", "Strategy": "Plain", "Startup Cost": 166618.15, "Total Cost": 166618.16, "Plan Rows": 1, "Plan Width": 97, "Actual Startup Time": 4291.828, "Actual Total Time": 4291.829, "Actual Rows": 1, "Actual Loops": 1, "Plans": [{"Node Type": "Nested Loop", "Parent Relationship": "Outer", "Join Type": "Inner", "Startup Cost": 2795.56, "Total Cost": 166618.09, "Plan Rows": 12, "Plan Width": 33, "Actual Startup Time": 314.534, "Actual Total Time": 4291.369, "Actual Rows": 62, "Actual Loops": 1, "Inner Unique": false, "Join Filter": "(n1.id = an1.person_id)", "Rows Removed by Join Filter": 0, "Plans": [{"Node Type": "Nested Loop", "Parent Relationship": "Outer", "Join Type": "Inner", "Startup Cost": 2795.18, "Total Cost": 166274.44, "Plan Rows": 78, "Plan Width": 25, "Actual Startup Time": 314.496, "Actual Total Time": 4290.42, "Actual Rows": 38, "Actual Loops": 1, "Inner Unique": true, "Plans": [{"Node Type": "Nested Loop", "Parent Relationship": "Outer", "Join Type": "Inner", "Startup Cost": 2794.28, "Total Cost": 163651.8, "Plan Rows": 532, "Plan Width": 21, "Actual Startup Time": 21.567, "Actual Total Time": 4232.137, "Actual Rows": 7438, "Actual Loops": 1, "Inner Unique": false, "Join Filter": "(ci.role_id = rt.id)", "Rows Removed by Join Filter": 12162, "Plans": [{"Node Type": "Bitmap Heap Scan", "Parent Relationship": "Outer", "Relation Name": "role_type", "Alias": "rt", "Startup Cost": 8.31, "Total Cost": 12.46, "Plan Rows": 1, "Plan Width": 4, "Actual Startup Time": 0.061, "Actual Total Time": 0.126, "Actual Rows": 1, "Actual Loops": 1, "Filter": "((role)::text = 'actress'::text)", "Rows Removed by Filter": 11, "Exact Heap Blocks": 1, "Lossy Heap Blocks": 1, "Plans": [{"Node Type": "Bitmap Index Scan", "Parent Relationship": "Outer", "Index Name": "role_type_pkey", "Startup Cost": 0.0, "Total Cost": 8.31, "Plan Rows": 12, "Plan Width": 0, "Actual Startup Time": 0.02, "Actual Total Time": 0.02, "Actual Rows": 12, "Actual Loops": 1}]}, {"Node Type": "Nested Loop", "Parent Relationship": "Inner", "Join Type": "Inner", "Startup Cost": 2785.97, "Total Cost": 163566.25, "Plan Rows": 5847, "Plan Width": 25, "Actual Startup Time": 21.496, "Actual Total Time": 4226.376, "Actual Rows": 19600, "Actual Loops": 1, "Inner Unique": false, "Plans": [{"Node Type": "Nested Loop", "Parent Relationship": "Outer", "Join Type": "Inner", "Startup Cost": 2785.45, "Total Cost": 136908.44, "Plan Rows": 5775, "Plan Width": 25, "Actual Startup Time": 21.338, "Actual Total Time": 811.178, "Actual Rows": 48328, "Actual Loops": 1, "Inner Unique": true, "Plans": [{"Node Type": "Nested Loop", "Parent Relationship": "Outer", "Join Type": "Inner", "Startup Cost": 2784.18, "Total Cost": 106322.09, "Plan Rows": 5775, "Plan Width": 4, "Actual Startup Time": 21.312, "Actual Total Time": 428.082, "Actual Rows": 48328, "Actual Loops": 1, "Inner Unique": false, "Plans": [{"Node Type": "Bitmap Heap Scan", "Parent Relationship": "Outer", "Relation Name": "company_name", "Alias": "cn", "Startup Cost": 2780.8, "Total Cost": 8684.25, "Plan Rows": 6290, "Plan Width": 4, "Actual Startup Time": 21.219, "Actual Total Time": 153.834, "Actual Rows": 6752, "Actual Loops": 1, "Filter": "((country_code)::text = '[jp]'::text)", "Rows Removed by Filter": 228244, "Exact Heap Blocks": 2966, "Lossy Heap Blocks": 2966, "Plans": [{"Node Type": "Bitmap Index Scan", "Parent Relationship": "Outer", "Index Name": "company_name_pkey", "Startup Cost": 0.0, "Total Cost": 2779.23, "Plan Rows": 234996, "Plan Width": 0, "Actual Startup Time": 20.65, "Actual Total Time": 20.65, "Actual Rows": 234996, "Actual Loops": 1}]}, {"Node Type": "Bitmap Heap Scan", "Parent Relationship": "Inner", "Relation Name": "movie_companies", "Alias": "mc", "Startup Cost": 3.37, "Total Cost": 15.51, "Plan Rows": 1, "Plan Width": 8, "Actual Startup Time": 89.122, "Actual Total Time": 250.969, "Actual Rows": 48328, "Actual Loops": 6752, "Recheck Cond": "(company_id = cn.id)", "Rows Removed by Index Recheck": 0, "Filter": "(((note)::text ~~ '%(Japan)%'::text) AND ((note)::text !~~ '%(USA)%'::text))", "Rows Removed by Filter": 56667, "Exact Heap Blocks": 61861, "Lossy Heap Blocks": 61861, "Plans": [{"Node Type": "Bitmap Index Scan", "Parent Relationship": "Outer", "Index Name": "company_id_movie_companies", "Startup Cost": 0.0, "Total Cost": 3.37, "Plan Rows": 15, "Plan Width": 0, "Actual Startup Time": 44.846, "Actual Total Time": 44.846, "Actual Rows": 104995, "Actual Loops": 6752, "Index Cond": "(company_id = cn.id)"}]}]}, {"Node Type": "Bitmap Heap Scan", "Parent Relationship": "Inner", "Relation Name": "title", "Alias": "t", "Startup Cost": 1.27, "Total Cost": 5.29, "Plan Rows": 1, "Plan Width": 21, "Actual Startup Time": 306.293, "Actual Total Time": 306.293, "Actual Rows": 48328, "Actual Loops": 48328, "Recheck Cond": "(id = mc.movie_id)", "Rows Removed by Index Recheck": 0, "Exact Heap Blocks": 48328, "Lossy Heap Blocks": 48328, "Plans": [{"Node Type": "Bitmap Index Scan", "Parent Relationship": "Outer", "Index Name": "title_pkey", "Startup Cost": 0.0, "Total Cost": 1.27, "Plan Rows": 1, "Plan Width": 0, "Actual Startup Time": 183.115, "Actual Total Time": 183.115, "Actual Rows": 48328, "Actual Loops": 48328, "Index Cond": "(id = mc.movie_id)"}]}]}, {"Node Type": "Bitmap Heap Scan", "Parent Relationship": "Inner", "Relation Name": "cast_info", "Alias": "ci", "Startup Cost": 0.52, "Total Cost": 4.61, "Plan Rows": 1, "Plan Width": 12, "Actual Startup Time": 3206.589, "Actual Total Time": 3341.796, "Actual Rows": 19600, "Actual Loops": 48328, "Recheck Cond": "(movie_id = t.id)", "Rows Removed by Index Recheck": 0, "Filter": "((note)::text = '(voice: English version)'::text)", "Rows Removed by Filter": 1531710, "Exact Heap Blocks": 1503105, "Lossy Heap Blocks": 1503105, "Plans": [{"Node Type": "Bitmap Index Scan", "Parent Relationship": "Outer", "Index Name": "movie_id_cast_info", "Startup Cost": 0.0, "Total Cost": 0.52, "Plan Rows": 6, "Plan Width": 0, "Actual Startup Time": 510.321, "Actual Total Time": 510.321, "Actual Rows": 1551310, "Actual Loops": 48328, "Index Cond": "(movie_id = t.id)"}]}]}]}, {"Node Type": "Bitmap Heap Scan", "Parent Relationship": "Inner", "Relation Name": "name", "Alias": "n1", "Startup Cost": 0.9, "Total Cost": 4.92, "Plan Rows": 1, "Plan Width": 4, "Actual Startup Time": 48.401, "Actual Total Time": 48.401, "Actual Rows": 38, "Actual Loops": 7438, "Recheck Cond": "(id = ci.person_id)", "Rows Removed by Index Recheck": 0, "Filter": "(((name)::text ~~ '%Yo%'::text) AND ((name)::text !~~ '%Yu%'::text))", "Rows Removed by Filter": 7400, "Exact Heap Blocks": 7438, "Lossy Heap Blocks": 7438, "Plans": [{"Node Type": "Bitmap Index Scan", "Parent Relationship": "Outer", "Index Name": "name_pkey", "Startup Cost": 0.0, "Total Cost": 0.9, "Plan Rows": 1, "Plan Width": 0, "Actual Startup Time": 29.416, "Actual Total Time": 29.416, "Actual Rows": 7438, "Actual Loops": 7438, "Index Cond": "(id = ci.person_id)"}]}]}, {"Node Type": "Bitmap Heap Scan", "Parent Relationship": "Inner", "Relation Name": "aka_name", "Alias": "an1", "Startup Cost": 0.38, "Total Cost": 4.39, "Plan Rows": 1, "Plan Width": 20, "Actual Startup Time": 0.501, "Actual Total Time": 0.522, "Actual Rows": 62, "Actual Loops": 38, "Recheck Cond": "(person_id = ci.person_id)", "Rows Removed by Index Recheck": 0, "Exact Heap Blocks": 43, "Lossy Heap Blocks": 43, "Plans": [{"Node Type": "Bitmap Index Scan", "Parent Relationship": "Outer", "Index Name": "person_id_aka_name", "Startup Cost": 0.0, "Total Cost": 0.38, "Plan Rows": 1, "Plan Width": 0, "Actual Startup Time": 0.324, "Actual Total Time": 0.324, "Actual Rows": 62, "Actual Loops": 38, "Index Cond": "(person_id = ci.person_id)"}]}]}]}, "Triggers": [], "Planner Runtime": 8, "Total Runtime": 4292.638, "Unique SQL Id": 3544391839}}, "(16, 116)": {"explain_plan": {"Plan": {"Node Type": "Aggregate", "Strategy": "Plain", "Startup Cost": 72267.16, "Total Cost": 72267.17, "Plan Rows": 1, "Plan Width": 97, "Plans": [{"Node Type": "Nested Loop", "Parent Relationship": "Outer", "Join Type": "Inner", "Startup Cost": 0.0, "Total Cost": 72267.1, "Plan Rows": 12, "Plan Width": 33, "Inner Unique": true, "Plans": [{"Node Type": "Nested Loop", "Parent Relationship": "Outer", "Join Type": "Inner", "Startup Cost": 0.0, "Total Cost": 71891.56, "Plan Rows": 645, "Plan Width": 41, "Inner Unique": false, "Plans": [{"Node Type": "Nested Loop", "Parent Relationship": "Outer", "Join Type": "Inner", "Startup Cost": 0.0, "Total Cost": 71437.35, "Plan Rows": 532, "Plan Width": 21, "Inner Unique": false, "Join Filter": "(ci.role_id = rt.id)", "Plans": [{"Node Type": "Seq Scan", "Parent Relationship": "Outer", "Relation Name": "role_type", "Alias": "rt", "Startup Cost": 0.0, "Total Cost": 1.15, "Plan Rows": 1, "Plan Width": 4, "Filter": "((role)::text = 'actress'::text)"}, {"Node Type": "Materialize", "Parent Relationship": "Inner", "Startup Cost": 0.0, "Total Cost": 71377.73, "Plan Rows": 5847, "Plan Width": 25, "Plans": [{"Node Type": "Nested Loop", "Parent Relationship": "Outer", "Join Type": "Inner", "Startup Cost": 0.0, "Total Cost": 71363.11, "Plan Rows": 5847, "Plan Width": 25, "Inner Unique": false, "Plans": [{"Node Type": "Nested Loop", "Parent Relationship": "Outer", "Join Type": "Inner", "Startup Cost": 0.0, "Total Cost": 65620.52, "Plan Rows": 5775, "Plan Width": 25, "Inner Unique": true, "Plans": [{"Node Type": "Nested Loop", "Parent Relationship": "Outer", "Join Type": "Inner", "Startup Cost": 0.0, "Total Cost": 42973.42, "Plan Rows": 5775, "Plan Width": 4, "Inner Unique": true, "Plans": [{"Node Type": "Streaming(type: LOCAL GATHER dop: 1/16)", "Parent Relationship": "Outer", "Startup Cost": 0.0, "Total Cost": 19215.08, "Plan Rows": 36426, "Plan Width": 8, "Plans": [{"Node Type": "Seq Scan", "Parent Relationship": "Outer", "Relation Name": "movie_companies", "Alias": "mc", "Startup Cost": 0.0, "Total Cost": 18428.93, "Plan Rows": 36426, "Plan Width": 8, "Filter": "(((note)::text ~~ '%(Japan)%'::text) AND ((note)::text !~~ '%(USA)%'::text))"}]}, {"Node Type": "Index Scan", "Parent Relationship": "Inner", "Scan Direction": "Forward", "Index Name": "company_name_pkey", "Relation Name": "company_name", "Alias": "cn", "Startup Cost": 0.0, "Total Cost": 0.64, "Plan Rows": 1, "Plan Width": 4, "Index Cond": "(id = mc.company_id)", "Filter": "((country_code)::text = '[jp]'::text)"}]}, {"Node Type": "Index Scan", "Parent Relationship": "Inner", "Scan Direction": "Forward", "Index Name": "title_pkey", "Relation Name": "title", "Alias": "t", "Startup Cost": 0.0, "Total Cost": 3.91, "Plan Rows": 1, "Plan Width": 21, "Index Cond": "(id = mc.movie_id)"}]}, {"Node Type": "Index Scan", "Parent Relationship": "Inner", "Scan Direction": "Forward", "Index Name": "movie_id_cast_info", "Relation Name": "cast_info", "Alias": "ci", "Startup Cost": 0.0, "Total Cost": 0.98, "Plan Rows": 1, "Plan Width": 12, "Index Cond": "(movie_id = t.id)", "Filter": "((note)::text = '(voice: English version)'::text)"}]}]}]}, {"Node Type": "Index Scan", "Parent Relationship": "Inner", "Scan Direction": "Forward", "Index Name": "person_id_aka_name", "Relation Name": "aka_name", "Alias": "an1", "Startup Cost": 0.0, "Total Cost": 0.84, "Plan Rows": 1, "Plan Width": 20, "Index Cond": "(person_id = ci.person_id)"}]}, {"Node Type": "Index Scan", "Parent Relationship": "Inner", "Scan Direction": "Forward", "Index Name": "name_pkey", "Relation Name": "name", "Alias": "n1", "Startup Cost": 0.0, "Total Cost": 0.57, "Plan Rows": 1, "Plan Width": 4, "Index Cond": "(id = an1.person_id)", "Filter": "(((name)::text ~~ '%Yo%'::text) AND ((name)::text !~~ '%Yu%'::text))"}]}]}, "Unique SQL Id": 3544391839, "Planner Runtime": 8}, "explain_analyze_plan": {"Plan": {"Node Type": "Aggregate", "Strategy": "Plain", "Startup Cost": 72267.16, "Total Cost": 72267.17, "Plan Rows": 1, "Plan Width": 97, "Actual Min Startup Time": 3140.754, "Actual Max Startup Time": 3140.754, "Actual Min Total Time": 3140.755, "Actual Max Total Time": 3140.755, "Plans": [{"Node Type": "Nested Loop", "Parent Relationship": "Outer", "Join Type": "Inner", "Startup Cost": 0.0, "Total Cost": 72267.1, "Plan Rows": 12, "Plan Width": 33, "Actual Min Startup Time": 3051.501, "Actual Max Startup Time": 3051.501, "Actual Min Total Time": 3140.654, "Actual Max Total Time": 3140.654, "Inner Unique": true, "Plans": [{"Node Type": "Nested Loop", "Parent Relationship": "Outer", "Join Type": "Inner", "Startup Cost": 0.0, "Total Cost": 71891.56, "Plan Rows": 645, "Plan Width": 41, "Actual Min Startup Time": 3027.461, "Actual Max Startup Time": 3027.461, "Actual Min Total Time": 3075.17, "Actual Max Total Time": 3075.17, "Inner Unique": false, "Plans": [{"Node Type": "Nested Loop", "Parent Relationship": "Outer", "Join Type": "Inner", "Startup Cost": 0.0, "Total Cost": 71437.35, "Plan Rows": 532, "Plan Width": 21, "Actual Min Startup Time": 3027.406, "Actual Max Startup Time": 3027.406, "Actual Min Total Time": 3036.225, "Actual Max Total Time": 3036.225, "Inner Unique": false, "Join Filter": "(ci.role_id = rt.id)", "Rows Removed by Join Filter": 12162, "Plans": [{"Node Type": "Seq Scan", "Parent Relationship": "Outer", "Relation Name": "role_type", "Alias": "rt", "Startup Cost": 0.0, "Total Cost": 1.15, "Plan Rows": 1, "Plan Width": 4, "Actual Min Startup Time": 0.116, "Actual Max Startup Time": 0.116, "Actual Min Total Time": 0.124, "Actual Max Total Time": 0.124, "Filter": "((role)::text = 'actress'::text)", "Rows Removed by Filter": 11, "Actual Rows": 1}, {"Node Type": "Materialize", "Parent Relationship": "Inner", "Startup Cost": 0.0, "Total Cost": 71377.73, "Plan Rows": 5847, "Plan Width": 25, "Actual Min Startup Time": 3027.257, "Actual Max Startup Time": 3027.257, "Actual Min Total Time": 3030.009, "Actual Max Total Time": 3030.009, "Plans": [{"Node Type": "Nested Loop", "Parent Relationship": "Outer", "Join Type": "Inner", "Startup Cost": 0.0, "Total Cost": 71363.11, "Plan Rows": 5847, "Plan Width": 25, "Actual Min Startup Time": 17.425, "Actual Max Startup Time": 17.425, "Actual Min Total Time": 3020.473, "Actual Max Total Time": 3020.473, "Inner Unique": false, "Plans": [{"Node Type": "Nested Loop", "Parent Relationship": "Outer", "Join Type": "Inner", "Startup Cost": 0.0, "Total Cost": 65620.52, "Plan Rows": 5775, "Plan Width": 25, "Actual Min Startup Time": 17.298, "Actual Max Startup Time": 17.298, "Actual Min Total Time": 520.972, "Actual Max Total Time": 520.972, "Inner Unique": true, "Plans": [{"Node Type": "Nested Loop", "Parent Relationship": "Outer", "Join Type": "Inner", "Startup Cost": 0.0, "Total Cost": 42973.42, "Plan Rows": 5775, "Plan Width": 4, "Actual Min Startup Time": 17.284, "Actual Max Startup Time": 17.284, "Actual Min Total Time": 289.357, "Actual Max Total Time": 289.357, "Inner Unique": true, "Plans": [{"Node Type": "Streaming(type: LOCAL GATHER dop: 1/16)", "Parent Relationship": "Outer", "Startup Cost": 0.0, "Total Cost": 19215.08, "Plan Rows": 36426, "Plan Width": 8, "Actual Min Startup Time": 17.224, "Actual Max Startup Time": 17.224, "Actual Min Total Time": 50.777, "Actual Max Total Time": 50.777, "Plans": [{"Node Type": "Seq Scan", "Parent Relationship": "Outer", "Relation Name": "movie_companies", "Alias": "mc", "Startup Cost": 0.0, "Total Cost": 18428.93, "Plan Rows": 36426, "Plan Width": 8, "Actual Min Startup Time": 0.047, "Actual Max Startup Time": 0.38, "Actual Min Total Time": 53.556, "Actual Max Total Time": 61.351, "Filter": "(((note)::text ~~ '%(Japan)%'::text) AND ((note)::text !~~ '%(USA)%'::text))", "Rows Removed by Filter": 2560231, "Actual Rows": 48897}], "Actual Rows": 48897}, {"Node Type": "Index Scan", "Parent Relationship": "Inner", "Scan Direction": "Forward", "Index Name": "company_name_pkey", "Relation Name": "company_name", "Alias": "cn", "Startup Cost": 0.0, "Total Cost": 0.64, "Plan Rows": 1, "Plan Width": 4, "Actual Min Startup Time": 194.947, "Actual Max Startup Time": 194.947, "Actual Min Total Time": 194.947, "Actual Max Total Time": 194.947, "Index Cond": "(id = mc.company_id)", "Rows Removed by Index Recheck": 0, "Filter": "((country_code)::text = '[jp]'::text)", "Rows Removed by Filter": 569, "Actual Rows": 48328}], "Actual Rows": 48328}, {"Node Type": "Index Scan", "Parent Relationship": "Inner", "Scan Direction": "Forward", "Index Name": "title_pkey", "Relation Name": "title", "Alias": "t", "Startup Cost": 0.0, "Total Cost": 3.91, "Plan Rows": 1, "Plan Width": 21, "Actual Min Startup Time": 190.518, "Actual Max Startup Time": 190.518, "Actual Min Total Time": 190.518, "Actual Max Total Time": 190.518, "Index Cond": "(id = mc.movie_id)", "Rows Removed by Index Recheck": 0, "Actual Rows": 48328}], "Actual Rows": 48328}, {"Node Type": "Index Scan", "Parent Relationship": "Inner", "Scan Direction": "Forward", "Index Name": "movie_id_cast_info", "Relation Name": "cast_info", "Alias": "ci", "Startup Cost": 0.0, "Total Cost": 0.98, "Plan Rows": 1, "Plan Width": 12, "Actual Min Startup Time": 2358.199, "Actual Max Startup Time": 2358.199, "Actual Min Total Time": 2468.853, "Actual Max Total Time": 2468.853, "Index Cond": "(movie_id = t.id)", "Rows Removed by Index Recheck": 0, "Filter": "((note)::text = '(voice: English version)'::text)", "Rows Removed by Filter": 1531710, "Actual Rows": 19600}], "Actual Rows": 19600}], "Actual Rows": 19601}], "Actual Rows": 7438}, {"Node Type": "Index Scan", "Parent Relationship": "Inner", "Scan Direction": "Forward", "Index Name": "person_id_aka_name", "Relation Name": "aka_name", "Alias": "an1", "Startup Cost": 0.0, "Total Cost": 0.84, "Plan Rows": 1, "Plan Width": 20, "Actual Min Startup Time": 23.985, "Actual Max Startup Time": 23.985, "Actual Min Total Time": 31.144, "Actual Max Total Time": 31.144, "Index Cond": "(person_id = ci.person_id)", "Rows Removed by Index Recheck": 0, "Actual Rows": 17379}], "Actual Rows": 17379}, {"Node Type": "Index Scan", "Parent Relationship": "Inner", "Scan Direction": "Forward", "Index Name": "name_pkey", "Relation Name": "name", "Alias": "n1", "Startup Cost": 0.0, "Total Cost": 0.57, "Plan Rows": 1, "Plan Width": 4, "Actual Min Startup Time": 57.363, "Actual Max Startup Time": 57.363, "Actual Min Total Time": 57.363, "Actual Max Total Time": 57.363, "Index Cond": "(id = an1.person_id)", "Rows Removed by Index Recheck": 0, "Filter": "(((name)::text ~~ '%Yo%'::text) AND ((name)::text !~~ '%Yu%'::text))", "Rows Removed by Filter": 17317, "Actual Rows": 62}], "Actual Rows": 62}], "Actual Rows": 1}, "Triggers": [], "Planner Runtime": 8, "Total Runtime": 3143.678, "Unique SQL Id": 3544391839}}, "(16, 117)": {"explain_plan": {"Plan": {"Node Type": "Aggregate", "Strategy": "Plain", "Startup Cost": 109007.69, "Total Cost": 109007.7, "Plan Rows": 1, "Plan Width": 97, "Plans": [{"Node Type": "Nested Loop", "Parent Relationship": "Outer", "Join Type": "Inner", "Startup Cost": 2780.8, "Total Cost": 109007.63, "Plan Rows": 12, "Plan Width": 33, "Inner Unique": true, "Plans": [{"Node Type": "Nested Loop", "Parent Relationship": "Outer", "Join Type": "Inner", "Startup Cost": 2780.8, "Total Cost": 108632.09, "Plan Rows": 645, "Plan Width": 41, "Inner Unique": false, "Plans": [{"Node Type": "Nested Loop", "Parent Relationship": "Outer", "Join Type": "Inner", "Startup Cost": 2780.8, "Total Cost": 108177.88, "Plan Rows": 532, "Plan Width": 21, "Inner Unique": false, "Join Filter": "(ci.role_id = rt.id)", "Plans": [{"Node Type": "Index Scan", "Parent Relationship": "Outer", "Scan Direction": "Forward", "Index Name": "role_type_pkey", "Relation Name": "role_type", "Alias": "rt", "Startup Cost": 0.0, "Total Cost": 12.46, "Plan Rows": 1, "Plan Width": 4, "Filter": "((role)::text = 'actress'::text)"}, {"Node Type": "Nested Loop", "Parent Relationship": "Inner", "Join Type": "Inner", "Startup Cost": 2780.8, "Total Cost": 108092.33, "Plan Rows": 5847, "Plan Width": 25, "Inner Unique": false, "Plans": [{"Node Type": "Nested Loop", "Parent Relationship": "Outer", "Join Type": "Inner", "Startup Cost": 2780.8, "Total Cost": 102349.74, "Plan Rows": 5775, "Plan Width": 25, "Inner Unique": true, "Plans": [{"Node Type": "Nested Loop", "Parent Relationship": "Outer", "Join Type": "Inner", "Startup Cost": 2780.8, "Total Cost": 79702.64, "Plan Rows": 5775, "Plan Width": 4, "Inner Unique": false, "Plans": [{"Node Type": "Bitmap Heap Scan", "Parent Relationship": "Outer", "Relation Name": "company_name", "Alias": "cn", "Startup Cost": 2780.8, "Total Cost": 8684.25, "Plan Rows": 6290, "Plan Width": 4, "Filter": "((country_code)::text = '[jp]'::text)", "Plans": [{"Node Type": "Bitmap Index Scan", "Parent Relationship": "Outer", "Index Name": "company_name_pkey", "Startup Cost": 0.0, "Total Cost": 2779.23, "Plan Rows": 234996, "Plan Width": 0}]}, {"Node Type": "Index Scan", "Parent Relationship": "Inner", "Scan Direction": "Forward", "Index Name": "company_id_movie_companies", "Relation Name": "movie_companies", "Alias": "mc", "Startup Cost": 0.0, "Total Cost": 11.28, "Plan Rows": 1, "Plan Width": 8, "Index Cond": "(company_id = cn.id)", "Filter": "(((note)::text ~~ '%(Japan)%'::text) AND ((note)::text !~~ '%(USA)%'::text))"}]}, {"Node Type": "Index Scan", "Parent Relationship": "Inner", "Scan Direction": "Forward", "Index Name": "title_pkey", "Relation Name": "title", "Alias": "t", "Startup Cost": 0.0, "Total Cost": 3.91, "Plan Rows": 1, "Plan Width": 21, "Index Cond": "(id = mc.movie_id)"}]}, {"Node Type": "Index Scan", "Parent Relationship": "Inner", "Scan Direction": "Forward", "Index Name": "movie_id_cast_info", "Relation Name": "cast_info", "Alias": "ci", "Startup Cost": 0.0, "Total Cost": 0.98, "Plan Rows": 1, "Plan Width": 12, "Index Cond": "(movie_id = t.id)", "Filter": "((note)::text = '(voice: English version)'::text)"}]}]}, {"Node Type": "Index Scan", "Parent Relationship": "Inner", "Scan Direction": "Forward", "Index Name": "person_id_aka_name", "Relation Name": "aka_name", "Alias": "an1", "Startup Cost": 0.0, "Total Cost": 0.84, "Plan Rows": 1, "Plan Width": 20, "Index Cond": "(person_id = ci.person_id)"}]}, {"Node Type": "Index Scan", "Parent Relationship": "Inner", "Scan Direction": "Forward", "Index Name": "name_pkey", "Relation Name": "name", "Alias": "n1", "Startup Cost": 0.0, "Total Cost": 0.57, "Plan Rows": 1, "Plan Width": 4, "Index Cond": "(id = an1.person_id)", "Filter": "(((name)::text ~~ '%Yo%'::text) AND ((name)::text !~~ '%Yu%'::text))"}]}]}, "Unique SQL Id": 3544391839, "Planner Runtime": 7}, "explain_analyze_plan": {"Plan": {"Node Type": "Aggregate", "Strategy": "Plain", "Startup Cost": 109007.69, "Total Cost": 109007.7, "Plan Rows": 1, "Plan Width": 97, "Actual Startup Time": 3716.181, "Actual Total Time": 3716.182, "Actual Rows": 1, "Actual Loops": 1, "Plans": [{"Node Type": "Nested Loop", "Parent Relationship": "Outer", "Join Type": "Inner", "Startup Cost": 2780.8, "Total Cost": 109007.63, "Plan Rows": 12, "Plan Width": 33, "Actual Startup Time": 358.228, "Actual Total Time": 3715.857, "Actual Rows": 62, "Actual Loops": 1, "Inner Unique": true, "Plans": [{"Node Type": "Nested Loop", "Parent Relationship": "Outer", "Join Type": "Inner", "Startup Cost": 2780.8, "Total Cost": 108632.09, "Plan Rows": 645, "Plan Width": 41, "Actual Startup Time": 22.767, "Actual Total Time": 3639.479, "Actual Rows": 17379, "Actual Loops": 1, "Inner Unique": false, "Plans": [{"Node Type": "Nested Loop", "Parent Relationship": "Outer", "Join Type": "Inner", "Startup Cost": 2780.8, "Total Cost": 108177.88, "Plan Rows": 532, "Plan Width": 21, "Actual Startup Time": 22.751, "Actual Total Time": 3586.897, "Actual Rows": 7438, "Actual Loops": 1, "Inner Unique": false, "Join Filter": "(ci.role_id = rt.id)", "Rows Removed by Join Filter": 12162, "Plans": [{"Node Type": "Index Scan", "Parent Relationship": "Outer", "Scan Direction": "Forward", "Index Name": "role_type_pkey", "Relation Name": "role_type", "Alias": "rt", "Startup Cost": 0.0, "Total Cost": 12.46, "Plan Rows": 1, "Plan Width": 4, "Actual Startup Time": 0.028, "Actual Total Time": 0.04, "Actual Rows": 1, "Actual Loops": 1, "Filter": "((role)::text = 'actress'::text)", "Rows Removed by Filter": 11}, {"Node Type": "Nested Loop", "Parent Relationship": "Inner", "Join Type": "Inner", "Startup Cost": 2780.8, "Total Cost": 108092.33, "Plan Rows": 5847, "Plan Width": 25, "Actual Startup Time": 22.716, "Actual Total Time": 3581.535, "Actual Rows": 19600, "Actual Loops": 1, "Inner Unique": false, "Plans": [{"Node Type": "Nested Loop", "Parent Relationship": "Outer", "Join Type": "Inner", "Startup Cost": 2780.8, "Total Cost": 102349.74, "Plan Rows": 5775, "Plan Width": 25, "Actual Startup Time": 22.629, "Actual Total Time": 692.33, "Actual Rows": 48328, "Actual Loops": 1, "Inner Unique": true, "Plans": [{"Node Type": "Nested Loop", "Parent Relationship": "Outer", "Join Type": "Inner", "Startup Cost": 2780.8, "Total Cost": 79702.64, "Plan Rows": 5775, "Plan Width": 4, "Actual Startup Time": 22.606, "Actual Total Time": 386.335, "Actual Rows": 48328, "Actual Loops": 1, "Inner Unique": false, "Plans": [{"Node Type": "Bitmap Heap Scan", "Parent Relationship": "Outer", "Relation Name": "company_name", "Alias": "cn", "Startup Cost": 2780.8, "Total Cost": 8684.25, "Plan Rows": 6290, "Plan Width": 4, "Actual Startup Time": 22.562, "Actual Total Time": 154.469, "Actual Rows": 6752, "Actual Loops": 1, "Filter": "((country_code)::text = '[jp]'::text)", "Rows Removed by Filter": 228244, "Exact Heap Blocks": 2966, "Lossy Heap Blocks": 2966, "Plans": [{"Node Type": "Bitmap Index Scan", "Parent Relationship": "Outer", "Index Name": "company_name_pkey", "Startup Cost": 0.0, "Total Cost": 2779.23, "Plan Rows": 234996, "Plan Width": 0, "Actual Startup Time": 22.102, "Actual Total Time": 22.102, "Actual Rows": 234996, "Actual Loops": 1}]}, {"Node Type": "Index Scan", "Parent Relationship": "Inner", "Scan Direction": "Forward", "Index Name": "company_id_movie_companies", "Relation Name": "movie_companies", "Alias": "mc", "Startup Cost": 0.0, "Total Cost": 11.28, "Plan Rows": 1, "Plan Width": 8, "Actual Startup Time": 58.648, "Actual Total Time": 215.91, "Actual Rows": 48328, "Actual Loops": 6752, "Index Cond": "(company_id = cn.id)", "Rows Removed by Index Recheck": 0, "Filter": "(((note)::text ~~ '%(Japan)%'::text) AND ((note)::text !~~ '%(USA)%'::text))", "Rows Removed by Filter": 56667}]}, {"Node Type": "Index Scan", "Parent Relationship": "Inner", "Scan Direction": "Forward", "Index Name": "title_pkey", "Relation Name": "title", "Alias": "t", "Startup Cost": 0.0, "Total Cost": 3.91, "Plan Rows": 1, "Plan Width": 21, "Actual Startup Time": 263.066, "Actual Total Time": 263.066, "Actual Rows": 48328, "Actual Loops": 48328, "Index Cond": "(id = mc.movie_id)", "Rows Removed by Index Recheck": 0}]}, {"Node Type": "Index Scan", "Parent Relationship": "Inner", "Scan Direction": "Forward", "Index Name": "movie_id_cast_info", "Relation Name": "cast_info", "Alias": "ci", "Startup Cost": 0.0, "Total Cost": 0.98, "Plan Rows": 1, "Plan Width": 12, "Actual Startup Time": 2731.603, "Actual Total Time": 2857.929, "Actual Rows": 19600, "Actual Loops": 48328, "Index Cond": "(movie_id = t.id)", "Rows Removed by Index Recheck": 0, "Filter": "((note)::text = '(voice: English version)'::text)", "Rows Removed by Filter": 1531710}]}]}, {"Node Type": "Index Scan", "Parent Relationship": "Inner", "Scan Direction": "Forward", "Index Name": "person_id_aka_name", "Relation Name": "aka_name", "Alias": "an1", "Startup Cost": 0.0, "Total Cost": 0.84, "Plan Rows": 1, "Plan Width": 20, "Actual Startup Time": 35.029, "Actual Total Time": 43.394, "Actual Rows": 17379, "Actual Loops": 7438, "Index Cond": "(person_id = ci.person_id)", "Rows Removed by Index Recheck": 0}]}, {"Node Type": "Index Scan", "Parent Relationship": "Inner", "Scan Direction": "Forward", "Index Name": "name_pkey", "Relation Name": "name", "Alias": "n1", "Startup Cost": 0.0, "Total Cost": 0.57, "Plan Rows": 1, "Plan Width": 4, "Actual Startup Time": 67.222, "Actual Total Time": 67.222, "Actual Rows": 62, "Actual Loops": 17379, "Index Cond": "(id = an1.person_id)", "Rows Removed by Index Recheck": 0, "Filter": "(((name)::text ~~ '%Yo%'::text) AND ((name)::text !~~ '%Yu%'::text))", "Rows Removed by Filter": 17317}]}]}, "Triggers": [], "Planner Runtime": 7, "Total Runtime": 3716.783, "Unique SQL Id": 3544391839}}, "(16, 118)": {"explain_plan": {"Plan": {"Node Type": "Aggregate", "Strategy": "Plain", "Startup Cost": 115961.85, "Total Cost": 115961.86, "Plan Rows": 1, "Plan Width": 97, "Plans": [{"Node Type": "Nested Loop", "Parent Relationship": "Outer", "Join Type": "Inner", "Startup Cost": 2.89, "Total Cost": 115961.79, "Plan Rows": 12, "Plan Width": 33, "Inner Unique": true, "Plans": [{"Node Type": "Nested Loop", "Parent Relationship": "Outer", "Join Type": "Inner", "Startup Cost": 2.25, "Total Cost": 115905.83, "Plan Rows": 12, "Plan Width": 24, "Inner Unique": false, "Join Filter": "(n1.id = an1.person_id)", "Plans": [{"Node Type": "Nested Loop", "Parent Relationship": "Outer", "Join Type": "Inner", "Startup Cost": 1.87, "Total Cost": 115562.18, "Plan Rows": 78, "Plan Width": 16, "Inner Unique": true, "Plans": [{"Node Type": "Nested Loop", "Parent Relationship": "Outer", "Join Type": "Inner", "Startup Cost": 1.56, "Total Cost": 110997.42, "Plan Rows": 1055, "Plan Width": 20, "Inner Unique": false, "Plans": [{"Node Type": "Nested Loop", "Parent Relationship": "Outer", "Join Type": "Inner", "Startup Cost": 0.9, "Total Cost": 104912.21, "Plan Rows": 1293, "Plan Width": 12, "Inner Unique": true, "Plans": [{"Node Type": "Nested Loop", "Parent Relationship": "Outer", "Join Type": "Inner", "Startup Cost": 0.0, "Total Cost": 61579.53, "Plan Rows": 8790, "Plan Width": 8, "Inner Unique": false, "Join Filter": "(ci.role_id = rt.id)", "Plans": [{"Node Type": "Seq Scan", "Parent Relationship": "Outer", "Relation Name": "role_type", "Alias": "rt", "Startup Cost": 0.0, "Total Cost": 1.15, "Plan Rows": 1, "Plan Width": 4, "Filter": "((role)::text = 'actress'::text)"}, {"Node Type": "Materialize", "Parent Relationship": "Inner", "Startup Cost": 0.0, "Total Cost": 60611.46, "Plan Rows": 96692, "Plan Width": 12, "Plans": [{"Node Type": "Streaming(type: LOCAL GATHER dop: 1/16)", "Parent Relationship": "Outer", "Startup Cost": 0.0, "Total Cost": 60369.73, "Plan Rows": 96692, "Plan Width": 12, "Plans": [{"Node Type": "Seq Scan", "Parent Relationship": "Outer", "Relation Name": "cast_info", "Alias": "ci", "Startup Cost": 0.0, "Total Cost": 58282.92, "Plan Rows": 96692, "Plan Width": 12, "Filter": "((note)::text = '(voice: English version)'::text)"}]}]}]}, {"Node Type": "Bitmap Heap Scan", "Parent Relationship": "Inner", "Relation Name": "name", "Alias": "n1", "Startup Cost": 0.9, "Total Cost": 4.92, "Plan Rows": 1, "Plan Width": 4, "Recheck Cond": "(id = ci.person_id)", "Filter": "(((name)::text ~~ '%Yo%'::text) AND ((name)::text !~~ '%Yu%'::text))", "Plans": [{"Node Type": "Bitmap Index Scan", "Parent Relationship": "Outer", "Index Name": "name_pkey", "Startup Cost": 0.0, "Total Cost": 0.9, "Plan Rows": 1, "Plan Width": 0, "Index Cond": "(id = ci.person_id)"}]}]}, {"Node Type": "Bitmap Heap Scan", "Parent Relationship": "Inner", "Relation Name": "movie_companies", "Alias": "mc", "Startup Cost": 0.66, "Total Cost": 4.7, "Plan Rows": 1, "Plan Width": 8, "Recheck Cond": "(movie_id = ci.movie_id)", "Filter": "(((note)::text ~~ '%(Japan)%'::text) AND ((note)::text !~~ '%(USA)%'::text))", "Plans": [{"Node Type": "Bitmap Index Scan", "Parent Relationship": "Outer", "Index Name": "movie_id_movie_companies", "Startup Cost": 0.0, "Total Cost": 0.66, "Plan Rows": 2, "Plan Width": 0, "Index Cond": "(movie_id = ci.movie_id)"}]}]}, {"Node Type": "Bitmap Heap Scan", "Parent Relationship": "Inner", "Relation Name": "company_name", "Alias": "cn", "Startup Cost": 0.3, "Total Cost": 4.32, "Plan Rows": 1, "Plan Width": 4, "Recheck Cond": "(id = mc.company_id)", "Filter": "((country_code)::text = '[jp]'::text)", "Plans": [{"Node Type": "Bitmap Index Scan", "Parent Relationship": "Outer", "Index Name": "company_name_pkey", "Startup Cost": 0.0, "Total Cost": 0.3, "Plan Rows": 1, "Plan Width": 0, "Index Cond": "(id = mc.company_id)"}]}]}, {"Node Type": "Bitmap Heap Scan", "Parent Relationship": "Inner", "Relation Name": "aka_name", "Alias": "an1", "Startup Cost": 0.38, "Total Cost": 4.39, "Plan Rows": 1, "Plan Width": 20, "Recheck Cond": "(person_id = ci.person_id)", "Plans": [{"Node Type": "Bitmap Index Scan", "Parent Relationship": "Outer", "Index Name": "person_id_aka_name", "Startup Cost": 0.0, "Total Cost": 0.38, "Plan Rows": 1, "Plan Width": 0, "Index Cond": "(person_id = ci.person_id)"}]}]}, {"Node Type": "Bitmap Heap Scan", "Parent Relationship": "Inner", "Relation Name": "title", "Alias": "t", "Startup Cost": 0.64, "Total Cost": 4.65, "Plan Rows": 1, "Plan Width": 21, "Recheck Cond": "(id = ci.movie_id)", "Plans": [{"Node Type": "Bitmap Index Scan", "Parent Relationship": "Outer", "Index Name": "title_pkey", "Startup Cost": 0.0, "Total Cost": 0.64, "Plan Rows": 1, "Plan Width": 0, "Index Cond": "(id = ci.movie_id)"}]}]}]}, "Unique SQL Id": 3544391839, "Planner Runtime": 19}, "explain_analyze_plan": {"Plan": {"Node Type": "Aggregate", "Strategy": "Plain", "Startup Cost": 115961.85, "Total Cost": 115961.86, "Plan Rows": 1, "Plan Width": 97, "Actual Min Startup Time": 922.637, "Actual Max Startup Time": 922.637, "Actual Min Total Time": 922.638, "Actual Max Total Time": 922.638, "Plans": [{"Node Type": "Nested Loop", "Parent Relationship": "Outer", "Join Type": "Inner", "Startup Cost": 2.89, "Total Cost": 115961.79, "Plan Rows": 12, "Plan Width": 33, "Actual Min Startup Time": 840.108, "Actual Max Startup Time": 840.108, "Actual Min Total Time": 922.533, "Actual Max Total Time": 922.533, "Inner Unique": true, "Plans": [{"Node Type": "Nested Loop", "Parent Relationship": "Outer", "Join Type": "Inner", "Startup Cost": 2.25, "Total Cost": 115905.83, "Plan Rows": 12, "Plan Width": 24, "Actual Min Startup Time": 840.072, "Actual Max Startup Time": 840.072, "Actual Min Total Time": 922.091, "Actual Max Total Time": 922.091, "Inner Unique": false, "Join Filter": "(n1.id = an1.person_id)", "Rows Removed by Join Filter": 0, "Plans": [{"Node Type": "Nested Loop", "Parent Relationship": "Outer", "Join Type": "Inner", "Startup Cost": 1.87, "Total Cost": 115562.18, "Plan Rows": 78, "Plan Width": 16, "Actual Min Startup Time": 840.037, "Actual Max Startup Time": 840.037, "Actual Min Total Time": 921.78, "Actual Max Total Time": 921.78, "Inner Unique": true, "Plans": [{"Node Type": "Nested Loop", "Parent Relationship": "Outer", "Join Type": "Inner", "Startup Cost": 1.56, "Total Cost": 110997.42, "Plan Rows": 1055, "Plan Width": 20, "Actual Min Startup Time": 840.012, "Actual Max Startup Time": 840.012, "Actual Min Total Time": 921.441, "Actual Max Total Time": 921.441, "Inner Unique": false, "Plans": [{"Node Type": "Nested Loop", "Parent Relationship": "Outer", "Join Type": "Inner", "Startup Cost": 0.9, "Total Cost": 104912.21, "Plan Rows": 1293, "Plan Width": 12, "Actual Min Startup Time": 824.424, "Actual Max Startup Time": 824.424, "Actual Min Total Time": 918.946, "Actual Max Total Time": 918.946, "Inner Unique": true, "Plans": [{"Node Type": "Nested Loop", "Parent Relationship": "Outer", "Join Type": "Inner", "Startup Cost": 0.0, "Total Cost": 61579.53, "Plan Rows": 8790, "Plan Width": 8, "Actual Min Startup Time": 714.072, "Actual Max Startup Time": 714.072, "Actual Min Total Time": 735.2, "Actual Max Total Time": 735.2, "Inner Unique": false, "Join Filter": "(ci.role_id = rt.id)", "Rows Removed by Join Filter": 58247, "Plans": [{"Node Type": "Seq Scan", "Parent Relationship": "Outer", "Relation Name": "role_type", "Alias": "rt", "Startup Cost": 0.0, "Total Cost": 1.15, "Plan Rows": 1, "Plan Width": 4, "Actual Min Startup Time": 0.055, "Actual Max Startup Time": 0.055, "Actual Min Total Time": 0.062, "Actual Max Total Time": 0.062, "Filter": "((role)::text = 'actress'::text)", "Rows Removed by Filter": 11, "Actual Rows": 1}, {"Node Type": "Materialize", "Parent Relationship": "Inner", "Startup Cost": 0.0, "Total Cost": 60611.46, "Plan Rows": 96692, "Plan Width": 12, "Actual Min Startup Time": 696.204, "Actual Max Startup Time": 696.204, "Actual Min Total Time": 708.863, "Actual Max Total Time": 708.863, "Plans": [{"Node Type": "Streaming(type: LOCAL GATHER dop: 1/16)", "Parent Relationship": "Outer", "Startup Cost": 0.0, "Total Cost": 60369.73, "Plan Rows": 96692, "Plan Width": 12, "Actual Min Startup Time": 41.898, "Actual Max Startup Time": 41.898, "Actual Min Total Time": 681.288, "Actual Max Total Time": 681.288, "Plans": [{"Node Type": "Seq Scan", "Parent Relationship": "Outer", "Relation Name": "cast_info", "Alias": "ci", "Startup Cost": 0.0, "Total Cost": 58282.92, "Plan Rows": 96692, "Plan Width": 12, "Actual Min Startup Time": 0.115, "Actual Max Startup Time": 2.937, "Actual Min Total Time": 612.24, "Actual Max Total Time": 647.777, "Filter": "((note)::text = '(voice: English version)'::text)", "Rows Removed by Filter": 36151248, "Actual Rows": 93095}], "Actual Rows": 93095}], "Actual Rows": 93096}], "Actual Rows": 34848}, {"Node Type": "Bitmap Heap Scan", "Parent Relationship": "Inner", "Relation Name": "name", "Alias": "n1", "Startup Cost": 0.9, "Total Cost": 4.92, "Plan Rows": 1, "Plan Width": 4, "Actual Min Startup Time": 145.19, "Actual Max Startup Time": 145.19, "Actual Min Total Time": 145.19, "Actual Max Total Time": 145.19, "Recheck Cond": "(id = ci.person_id)", "Rows Removed by Index Recheck": 0, "Filter": "(((name)::text ~~ '%Yo%'::text) AND ((name)::text !~~ '%Yu%'::text))", "Rows Removed by Filter": 34454, "Exact Heap Blocks": 34848, "Lossy Heap Blocks": 34848, "Plans": [{"Node Type": "Bitmap Index Scan", "Parent Relationship": "Outer", "Index Name": "name_pkey", "Startup Cost": 0.0, "Total Cost": 0.9, "Plan Rows": 1, "Plan Width": 0, "Actual Min Startup Time": 83.406, "Actual Max Startup Time": 83.406, "Actual Min Total Time": 83.406, "Actual Max Total Time": 83.406, "Index Cond": "(id = ci.person_id)", "Actual Rows": 34848}], "Actual Rows": 394}], "Actual Rows": 394}, {"Node Type": "Bitmap Heap Scan", "Parent Relationship": "Inner", "Relation Name": "movie_companies", "Alias": "mc", "Startup Cost": 0.66, "Total Cost": 4.7, "Plan Rows": 1, "Plan Width": 8, "Actual Min Startup Time": 1.922, "Actual Max Startup Time": 1.922, "Actual Min Total Time": 2.025, "Actual Max Total Time": 2.025, "Recheck Cond": "(movie_id = ci.movie_id)", "Rows Removed by Index Recheck": 0, "Filter": "(((note)::text ~~ '%(Japan)%'::text) AND ((note)::text !~~ '%(USA)%'::text))", "Rows Removed by Filter": 511, "Exact Heap Blocks": 237, "Lossy Heap Blocks": 237, "Plans": [{"Node Type": "Bitmap Index Scan", "Parent Relationship": "Outer", "Index Name": "movie_id_movie_companies", "Startup Cost": 0.0, "Total Cost": 0.66, "Plan Rows": 2, "Plan Width": 0, "Actual Min Startup Time": 1.187, "Actual Max Startup Time": 1.187, "Actual Min Total Time": 1.187, "Actual Max Total Time": 1.187, "Index Cond": "(movie_id = ci.movie_id)", "Actual Rows": 550}], "Actual Rows": 39}], "Actual Rows": 39}, {"Node Type": "Bitmap Heap Scan", "Parent Relationship": "Inner", "Relation Name": "company_name", "Alias": "cn", "Startup Cost": 0.3, "Total Cost": 4.32, "Plan Rows": 1, "Plan Width": 4, "Actual Min Startup Time": 0.264, "Actual Max Startup Time": 0.264, "Actual Min Total Time": 0.264, "Actual Max Total Time": 0.264, "Recheck Cond": "(id = mc.company_id)", "Rows Removed by Index Recheck": 0, "Filter": "((country_code)::text = '[jp]'::text)", "Rows Removed by Filter": 1, "Exact Heap Blocks": 39, "Lossy Heap Blocks": 39, "Plans": [{"Node Type": "Bitmap Index Scan", "Parent Relationship": "Outer", "Index Name": "company_name_pkey", "Startup Cost": 0.0, "Total Cost": 0.3, "Plan Rows": 1, "Plan Width": 0, "Actual Min Startup Time": 0.146, "Actual Max Startup Time": 0.146, "Actual Min Total Time": 0.146, "Actual Max Total Time": 0.146, "Index Cond": "(id = mc.company_id)", "Actual Rows": 39}], "Actual Rows": 38}], "Actual Rows": 38}, {"Node Type": "Bitmap Heap Scan", "Parent Relationship": "Inner", "Relation Name": "aka_name", "Alias": "an1", "Startup Cost": 0.38, "Total Cost": 4.39, "Plan Rows": 1, "Plan Width": 20, "Actual Min Startup Time": 0.193, "Actual Max Startup Time": 0.193, "Actual Min Total Time": 0.206, "Actual Max Total Time": 0.206, "Recheck Cond": "(person_id = ci.person_id)", "Rows Removed by Index Recheck": 0, "Exact Heap Blocks": 43, "Lossy Heap Blocks": 43, "Plans": [{"Node Type": "Bitmap Index Scan", "Parent Relationship": "Outer", "Index Name": "person_id_aka_name", "Startup Cost": 0.0, "Total Cost": 0.38, "Plan Rows": 1, "Plan Width": 0, "Actual Min Startup Time": 0.127, "Actual Max Startup Time": 0.127, "Actual Min Total Time": 0.127, "Actual Max Total Time": 0.127, "Index Cond": "(person_id = ci.person_id)", "Actual Rows": 62}], "Actual Rows": 62}], "Actual Rows": 62}, {"Node Type": "Bitmap Heap Scan", "Parent Relationship": "Inner", "Relation Name": "title", "Alias": "t", "Startup Cost": 0.64, "Total Cost": 4.65, "Plan Rows": 1, "Plan Width": 21, "Actual Min Startup Time": 0.339, "Actual Max Startup Time": 0.339, "Actual Min Total Time": 0.339, "Actual Max Total Time": 0.339, "Recheck Cond": "(id = ci.movie_id)", "Rows Removed by Index Recheck": 0, "Exact Heap Blocks": 62, "Lossy Heap Blocks": 62, "Plans": [{"Node Type": "Bitmap Index Scan", "Parent Relationship": "Outer", "Index Name": "title_pkey", "Startup Cost": 0.0, "Total Cost": 0.64, "Plan Rows": 1, "Plan Width": 0, "Actual Min Startup Time": 0.203, "Actual Max Startup Time": 0.203, "Actual Min Total Time": 0.203, "Actual Max Total Time": 0.203, "Index Cond": "(id = ci.movie_id)", "Actual Rows": 62}], "Actual Rows": 62}], "Actual Rows": 62}], "Actual Rows": 1}, "Triggers": [], "Planner Runtime": 19, "Total Runtime": 926.254, "Unique SQL Id": 3544391839}}, "(16, 119)": {"explain_plan": {"Plan": {"Node Type": "Aggregate", "Strategy": "Plain", "Startup Cost": 166618.15, "Total Cost": 166618.16, "Plan Rows": 1, "Plan Width": 97, "Plans": [{"Node Type": "Nested Loop", "Parent Relationship": "Outer", "Join Type": "Inner", "Startup Cost": 2795.56, "Total Cost": 166618.09, "Plan Rows": 12, "Plan Width": 33, "Inner Unique": false, "Join Filter": "(n1.id = an1.person_id)", "Plans": [{"Node Type": "Nested Loop", "Parent Relationship": "Outer", "Join Type": "Inner", "Startup Cost": 2795.18, "Total Cost": 166274.44, "Plan Rows": 78, "Plan Width": 25, "Inner Unique": true, "Plans": [{"Node Type": "Nested Loop", "Parent Relationship": "Outer", "Join Type": "Inner", "Startup Cost": 2794.28, "Total Cost": 163651.8, "Plan Rows": 532, "Plan Width": 21, "Inner Unique": false, "Join Filter": "(ci.role_id = rt.id)", "Plans": [{"Node Type": "Bitmap Heap Scan", "Parent Relationship": "Outer", "Relation Name": "role_type", "Alias": "rt", "Startup Cost": 8.31, "Total Cost": 12.46, "Plan Rows": 1, "Plan Width": 4, "Filter": "((role)::text = 'actress'::text)", "Plans": [{"Node Type": "Bitmap Index Scan", "Parent Relationship": "Outer", "Index Name": "role_type_pkey", "Startup Cost": 0.0, "Total Cost": 8.31, "Plan Rows": 12, "Plan Width": 0}]}, {"Node Type": "Nested Loop", "Parent Relationship": "Inner", "Join Type": "Inner", "Startup Cost": 2785.97, "Total Cost": 163566.25, "Plan Rows": 5847, "Plan Width": 25, "Inner Unique": false, "Plans": [{"Node Type": "Nested Loop", "Parent Relationship": "Outer", "Join Type": "Inner", "Startup Cost": 2785.45, "Total Cost": 136908.44, "Plan Rows": 5775, "Plan Width": 25, "Inner Unique": true, "Plans": [{"Node Type": "Nested Loop", "Parent Relationship": "Outer", "Join Type": "Inner", "Startup Cost": 2784.18, "Total Cost": 106322.09, "Plan Rows": 5775, "Plan Width": 4, "Inner Unique": false, "Plans": [{"Node Type": "Bitmap Heap Scan", "Parent Relationship": "Outer", "Relation Name": "company_name", "Alias": "cn", "Startup Cost": 2780.8, "Total Cost": 8684.25, "Plan Rows": 6290, "Plan Width": 4, "Filter": "((country_code)::text = '[jp]'::text)", "Plans": [{"Node Type": "Bitmap Index Scan", "Parent Relationship": "Outer", "Index Name": "company_name_pkey", "Startup Cost": 0.0, "Total Cost": 2779.23, "Plan Rows": 234996, "Plan Width": 0}]}, {"Node Type": "Bitmap Heap Scan", "Parent Relationship": "Inner", "Relation Name": "movie_companies", "Alias": "mc", "Startup Cost": 3.37, "Total Cost": 15.51, "Plan Rows": 1, "Plan Width": 8, "Recheck Cond": "(company_id = cn.id)", "Filter": "(((note)::text ~~ '%(Japan)%'::text) AND ((note)::text !~~ '%(USA)%'::text))", "Plans": [{"Node Type": "Bitmap Index Scan", "Parent Relationship": "Outer", "Index Name": "company_id_movie_companies", "Startup Cost": 0.0, "Total Cost": 3.37, "Plan Rows": 15, "Plan Width": 0, "Index Cond": "(company_id = cn.id)"}]}]}, {"Node Type": "Bitmap Heap Scan", "Parent Relationship": "Inner", "Relation Name": "title", "Alias": "t", "Startup Cost": 1.27, "Total Cost": 5.29, "Plan Rows": 1, "Plan Width": 21, "Recheck Cond": "(id = mc.movie_id)", "Plans": [{"Node Type": "Bitmap Index Scan", "Parent Relationship": "Outer", "Index Name": "title_pkey", "Startup Cost": 0.0, "Total Cost": 1.27, "Plan Rows": 1, "Plan Width": 0, "Index Cond": "(id = mc.movie_id)"}]}]}, {"Node Type": "Bitmap Heap Scan", "Parent Relationship": "Inner", "Relation Name": "cast_info", "Alias": "ci", "Startup Cost": 0.52, "Total Cost": 4.61, "Plan Rows": 1, "Plan Width": 12, "Recheck Cond": "(movie_id = t.id)", "Filter": "((note)::text = '(voice: English version)'::text)", "Plans": [{"Node Type": "Bitmap Index Scan", "Parent Relationship": "Outer", "Index Name": "movie_id_cast_info", "Startup Cost": 0.0, "Total Cost": 0.52, "Plan Rows": 6, "Plan Width": 0, "Index Cond": "(movie_id = t.id)"}]}]}]}, {"Node Type": "Bitmap Heap Scan", "Parent Relationship": "Inner", "Relation Name": "name", "Alias": "n1", "Startup Cost": 0.9, "Total Cost": 4.92, "Plan Rows": 1, "Plan Width": 4, "Recheck Cond": "(id = ci.person_id)", "Filter": "(((name)::text ~~ '%Yo%'::text) AND ((name)::text !~~ '%Yu%'::text))", "Plans": [{"Node Type": "Bitmap Index Scan", "Parent Relationship": "Outer", "Index Name": "name_pkey", "Startup Cost": 0.0, "Total Cost": 0.9, "Plan Rows": 1, "Plan Width": 0, "Index Cond": "(id = ci.person_id)"}]}]}, {"Node Type": "Bitmap Heap Scan", "Parent Relationship": "Inner", "Relation Name": "aka_name", "Alias": "an1", "Startup Cost": 0.38, "Total Cost": 4.39, "Plan Rows": 1, "Plan Width": 20, "Recheck Cond": "(person_id = ci.person_id)", "Plans": [{"Node Type": "Bitmap Index Scan", "Parent Relationship": "Outer", "Index Name": "person_id_aka_name", "Startup Cost": 0.0, "Total Cost": 0.38, "Plan Rows": 1, "Plan Width": 0, "Index Cond": "(person_id = ci.person_id)"}]}]}]}, "Unique SQL Id": 3544391839, "Planner Runtime": 8}, "explain_analyze_plan": {"Plan": {"Node Type": "Aggregate", "Strategy": "Plain", "Startup Cost": 166618.15, "Total Cost": 166618.16, "Plan Rows": 1, "Plan Width": 97, "Actual Startup Time": 4291.828, "Actual Total Time": 4291.829, "Actual Rows": 1, "Actual Loops": 1, "Plans": [{"Node Type": "Nested Loop", "Parent Relationship": "Outer", "Join Type": "Inner", "Startup Cost": 2795.56, "Total Cost": 166618.09, "Plan Rows": 12, "Plan Width": 33, "Actual Startup Time": 314.534, "Actual Total Time": 4291.369, "Actual Rows": 62, "Actual Loops": 1, "Inner Unique": false, "Join Filter": "(n1.id = an1.person_id)", "Rows Removed by Join Filter": 0, "Plans": [{"Node Type": "Nested Loop", "Parent Relationship": "Outer", "Join Type": "Inner", "Startup Cost": 2795.18, "Total Cost": 166274.44, "Plan Rows": 78, "Plan Width": 25, "Actual Startup Time": 314.496, "Actual Total Time": 4290.42, "Actual Rows": 38, "Actual Loops": 1, "Inner Unique": true, "Plans": [{"Node Type": "Nested Loop", "Parent Relationship": "Outer", "Join Type": "Inner", "Startup Cost": 2794.28, "Total Cost": 163651.8, "Plan Rows": 532, "Plan Width": 21, "Actual Startup Time": 21.567, "Actual Total Time": 4232.137, "Actual Rows": 7438, "Actual Loops": 1, "Inner Unique": false, "Join Filter": "(ci.role_id = rt.id)", "Rows Removed by Join Filter": 12162, "Plans": [{"Node Type": "Bitmap Heap Scan", "Parent Relationship": "Outer", "Relation Name": "role_type", "Alias": "rt", "Startup Cost": 8.31, "Total Cost": 12.46, "Plan Rows": 1, "Plan Width": 4, "Actual Startup Time": 0.061, "Actual Total Time": 0.126, "Actual Rows": 1, "Actual Loops": 1, "Filter": "((role)::text = 'actress'::text)", "Rows Removed by Filter": 11, "Exact Heap Blocks": 1, "Lossy Heap Blocks": 1, "Plans": [{"Node Type": "Bitmap Index Scan", "Parent Relationship": "Outer", "Index Name": "role_type_pkey", "Startup Cost": 0.0, "Total Cost": 8.31, "Plan Rows": 12, "Plan Width": 0, "Actual Startup Time": 0.02, "Actual Total Time": 0.02, "Actual Rows": 12, "Actual Loops": 1}]}, {"Node Type": "Nested Loop", "Parent Relationship": "Inner", "Join Type": "Inner", "Startup Cost": 2785.97, "Total Cost": 163566.25, "Plan Rows": 5847, "Plan Width": 25, "Actual Startup Time": 21.496, "Actual Total Time": 4226.376, "Actual Rows": 19600, "Actual Loops": 1, "Inner Unique": false, "Plans": [{"Node Type": "Nested Loop", "Parent Relationship": "Outer", "Join Type": "Inner", "Startup Cost": 2785.45, "Total Cost": 136908.44, "Plan Rows": 5775, "Plan Width": 25, "Actual Startup Time": 21.338, "Actual Total Time": 811.178, "Actual Rows": 48328, "Actual Loops": 1, "Inner Unique": true, "Plans": [{"Node Type": "Nested Loop", "Parent Relationship": "Outer", "Join Type": "Inner", "Startup Cost": 2784.18, "Total Cost": 106322.09, "Plan Rows": 5775, "Plan Width": 4, "Actual Startup Time": 21.312, "Actual Total Time": 428.082, "Actual Rows": 48328, "Actual Loops": 1, "Inner Unique": false, "Plans": [{"Node Type": "Bitmap Heap Scan", "Parent Relationship": "Outer", "Relation Name": "company_name", "Alias": "cn", "Startup Cost": 2780.8, "Total Cost": 8684.25, "Plan Rows": 6290, "Plan Width": 4, "Actual Startup Time": 21.219, "Actual Total Time": 153.834, "Actual Rows": 6752, "Actual Loops": 1, "Filter": "((country_code)::text = '[jp]'::text)", "Rows Removed by Filter": 228244, "Exact Heap Blocks": 2966, "Lossy Heap Blocks": 2966, "Plans": [{"Node Type": "Bitmap Index Scan", "Parent Relationship": "Outer", "Index Name": "company_name_pkey", "Startup Cost": 0.0, "Total Cost": 2779.23, "Plan Rows": 234996, "Plan Width": 0, "Actual Startup Time": 20.65, "Actual Total Time": 20.65, "Actual Rows": 234996, "Actual Loops": 1}]}, {"Node Type": "Bitmap Heap Scan", "Parent Relationship": "Inner", "Relation Name": "movie_companies", "Alias": "mc", "Startup Cost": 3.37, "Total Cost": 15.51, "Plan Rows": 1, "Plan Width": 8, "Actual Startup Time": 89.122, "Actual Total Time": 250.969, "Actual Rows": 48328, "Actual Loops": 6752, "Recheck Cond": "(company_id = cn.id)", "Rows Removed by Index Recheck": 0, "Filter": "(((note)::text ~~ '%(Japan)%'::text) AND ((note)::text !~~ '%(USA)%'::text))", "Rows Removed by Filter": 56667, "Exact Heap Blocks": 61861, "Lossy Heap Blocks": 61861, "Plans": [{"Node Type": "Bitmap Index Scan", "Parent Relationship": "Outer", "Index Name": "company_id_movie_companies", "Startup Cost": 0.0, "Total Cost": 3.37, "Plan Rows": 15, "Plan Width": 0, "Actual Startup Time": 44.846, "Actual Total Time": 44.846, "Actual Rows": 104995, "Actual Loops": 6752, "Index Cond": "(company_id = cn.id)"}]}]}, {"Node Type": "Bitmap Heap Scan", "Parent Relationship": "Inner", "Relation Name": "title", "Alias": "t", "Startup Cost": 1.27, "Total Cost": 5.29, "Plan Rows": 1, "Plan Width": 21, "Actual Startup Time": 306.293, "Actual Total Time": 306.293, "Actual Rows": 48328, "Actual Loops": 48328, "Recheck Cond": "(id = mc.movie_id)", "Rows Removed by Index Recheck": 0, "Exact Heap Blocks": 48328, "Lossy Heap Blocks": 48328, "Plans": [{"Node Type": "Bitmap Index Scan", "Parent Relationship": "Outer", "Index Name": "title_pkey", "Startup Cost": 0.0, "Total Cost": 1.27, "Plan Rows": 1, "Plan Width": 0, "Actual Startup Time": 183.115, "Actual Total Time": 183.115, "Actual Rows": 48328, "Actual Loops": 48328, "Index Cond": "(id = mc.movie_id)"}]}]}, {"Node Type": "Bitmap Heap Scan", "Parent Relationship": "Inner", "Relation Name": "cast_info", "Alias": "ci", "Startup Cost": 0.52, "Total Cost": 4.61, "Plan Rows": 1, "Plan Width": 12, "Actual Startup Time": 3206.589, "Actual Total Time": 3341.796, "Actual Rows": 19600, "Actual Loops": 48328, "Recheck Cond": "(movie_id = t.id)", "Rows Removed by Index Recheck": 0, "Filter": "((note)::text = '(voice: English version)'::text)", "Rows Removed by Filter": 1531710, "Exact Heap Blocks": 1503105, "Lossy Heap Blocks": 1503105, "Plans": [{"Node Type": "Bitmap Index Scan", "Parent Relationship": "Outer", "Index Name": "movie_id_cast_info", "Startup Cost": 0.0, "Total Cost": 0.52, "Plan Rows": 6, "Plan Width": 0, "Actual Startup Time": 510.321, "Actual Total Time": 510.321, "Actual Rows": 1551310, "Actual Loops": 48328, "Index Cond": "(movie_id = t.id)"}]}]}]}, {"Node Type": "Bitmap Heap Scan", "Parent Relationship": "Inner", "Relation Name": "name", "Alias": "n1", "Startup Cost": 0.9, "Total Cost": 4.92, "Plan Rows": 1, "Plan Width": 4, "Actual Startup Time": 48.401, "Actual Total Time": 48.401, "Actual Rows": 38, "Actual Loops": 7438, "Recheck Cond": "(id = ci.person_id)", "Rows Removed by Index Recheck": 0, "Filter": "(((name)::text ~~ '%Yo%'::text) AND ((name)::text !~~ '%Yu%'::text))", "Rows Removed by Filter": 7400, "Exact Heap Blocks": 7438, "Lossy Heap Blocks": 7438, "Plans": [{"Node Type": "Bitmap Index Scan", "Parent Relationship": "Outer", "Index Name": "name_pkey", "Startup Cost": 0.0, "Total Cost": 0.9, "Plan Rows": 1, "Plan Width": 0, "Actual Startup Time": 29.416, "Actual Total Time": 29.416, "Actual Rows": 7438, "Actual Loops": 7438, "Index Cond": "(id = ci.person_id)"}]}]}, {"Node Type": "Bitmap Heap Scan", "Parent Relationship": "Inner", "Relation Name": "aka_name", "Alias": "an1", "Startup Cost": 0.38, "Total Cost": 4.39, "Plan Rows": 1, "Plan Width": 20, "Actual Startup Time": 0.501, "Actual Total Time": 0.522, "Actual Rows": 62, "Actual Loops": 38, "Recheck Cond": "(person_id = ci.person_id)", "Rows Removed by Index Recheck": 0, "Exact Heap Blocks": 43, "Lossy Heap Blocks": 43, "Plans": [{"Node Type": "Bitmap Index Scan", "Parent Relationship": "Outer", "Index Name": "person_id_aka_name", "Startup Cost": 0.0, "Total Cost": 0.38, "Plan Rows": 1, "Plan Width": 0, "Actual Startup Time": 0.324, "Actual Total Time": 0.324, "Actual Rows": 62, "Actual Loops": 38, "Index Cond": "(person_id = ci.person_id)"}]}]}]}, "Triggers": [], "Planner Runtime": 8, "Total Runtime": 4292.638, "Unique SQL Id": 3544391839}}, "(16, 120)": {"explain_plan": {"Plan": {"Node Type": "Aggregate", "Strategy": "Plain", "Startup Cost": 72267.16, "Total Cost": 72267.17, "Plan Rows": 1, "Plan Width": 97, "Plans": [{"Node Type": "Nested Loop", "Parent Relationship": "Outer", "Join Type": "Inner", "Startup Cost": 0.0, "Total Cost": 72267.1, "Plan Rows": 12, "Plan Width": 33, "Inner Unique": true, "Plans": [{"Node Type": "Nested Loop", "Parent Relationship": "Outer", "Join Type": "Inner", "Startup Cost": 0.0, "Total Cost": 71891.56, "Plan Rows": 645, "Plan Width": 41, "Inner Unique": false, "Plans": [{"Node Type": "Nested Loop", "Parent Relationship": "Outer", "Join Type": "Inner", "Startup Cost": 0.0, "Total Cost": 71437.35, "Plan Rows": 532, "Plan Width": 21, "Inner Unique": false, "Join Filter": "(ci.role_id = rt.id)", "Plans": [{"Node Type": "Seq Scan", "Parent Relationship": "Outer", "Relation Name": "role_type", "Alias": "rt", "Startup Cost": 0.0, "Total Cost": 1.15, "Plan Rows": 1, "Plan Width": 4, "Filter": "((role)::text = 'actress'::text)"}, {"Node Type": "Materialize", "Parent Relationship": "Inner", "Startup Cost": 0.0, "Total Cost": 71377.73, "Plan Rows": 5847, "Plan Width": 25, "Plans": [{"Node Type": "Nested Loop", "Parent Relationship": "Outer", "Join Type": "Inner", "Startup Cost": 0.0, "Total Cost": 71363.11, "Plan Rows": 5847, "Plan Width": 25, "Inner Unique": false, "Plans": [{"Node Type": "Nested Loop", "Parent Relationship": "Outer", "Join Type": "Inner", "Startup Cost": 0.0, "Total Cost": 65620.52, "Plan Rows": 5775, "Plan Width": 25, "Inner Unique": true, "Plans": [{"Node Type": "Nested Loop", "Parent Relationship": "Outer", "Join Type": "Inner", "Startup Cost": 0.0, "Total Cost": 42973.42, "Plan Rows": 5775, "Plan Width": 4, "Inner Unique": true, "Plans": [{"Node Type": "Streaming(type: LOCAL GATHER dop: 1/16)", "Parent Relationship": "Outer", "Startup Cost": 0.0, "Total Cost": 19215.08, "Plan Rows": 36426, "Plan Width": 8, "Plans": [{"Node Type": "Seq Scan", "Parent Relationship": "Outer", "Relation Name": "movie_companies", "Alias": "mc", "Startup Cost": 0.0, "Total Cost": 18428.93, "Plan Rows": 36426, "Plan Width": 8, "Filter": "(((note)::text ~~ '%(Japan)%'::text) AND ((note)::text !~~ '%(USA)%'::text))"}]}, {"Node Type": "Index Scan", "Parent Relationship": "Inner", "Scan Direction": "Forward", "Index Name": "company_name_pkey", "Relation Name": "company_name", "Alias": "cn", "Startup Cost": 0.0, "Total Cost": 0.64, "Plan Rows": 1, "Plan Width": 4, "Index Cond": "(id = mc.company_id)", "Filter": "((country_code)::text = '[jp]'::text)"}]}, {"Node Type": "Index Scan", "Parent Relationship": "Inner", "Scan Direction": "Forward", "Index Name": "title_pkey", "Relation Name": "title", "Alias": "t", "Startup Cost": 0.0, "Total Cost": 3.91, "Plan Rows": 1, "Plan Width": 21, "Index Cond": "(id = mc.movie_id)"}]}, {"Node Type": "Index Scan", "Parent Relationship": "Inner", "Scan Direction": "Forward", "Index Name": "movie_id_cast_info", "Relation Name": "cast_info", "Alias": "ci", "Startup Cost": 0.0, "Total Cost": 0.98, "Plan Rows": 1, "Plan Width": 12, "Index Cond": "(movie_id = t.id)", "Filter": "((note)::text = '(voice: English version)'::text)"}]}]}]}, {"Node Type": "Index Scan", "Parent Relationship": "Inner", "Scan Direction": "Forward", "Index Name": "person_id_aka_name", "Relation Name": "aka_name", "Alias": "an1", "Startup Cost": 0.0, "Total Cost": 0.84, "Plan Rows": 1, "Plan Width": 20, "Index Cond": "(person_id = ci.person_id)"}]}, {"Node Type": "Index Scan", "Parent Relationship": "Inner", "Scan Direction": "Forward", "Index Name": "name_pkey", "Relation Name": "name", "Alias": "n1", "Startup Cost": 0.0, "Total Cost": 0.57, "Plan Rows": 1, "Plan Width": 4, "Index Cond": "(id = an1.person_id)", "Filter": "(((name)::text ~~ '%Yo%'::text) AND ((name)::text !~~ '%Yu%'::text))"}]}]}, "Unique SQL Id": 3544391839, "Planner Runtime": 8}, "explain_analyze_plan": {"Plan": {"Node Type": "Aggregate", "Strategy": "Plain", "Startup Cost": 72267.16, "Total Cost": 72267.17, "Plan Rows": 1, "Plan Width": 97, "Actual Min Startup Time": 3140.754, "Actual Max Startup Time": 3140.754, "Actual Min Total Time": 3140.755, "Actual Max Total Time": 3140.755, "Plans": [{"Node Type": "Nested Loop", "Parent Relationship": "Outer", "Join Type": "Inner", "Startup Cost": 0.0, "Total Cost": 72267.1, "Plan Rows": 12, "Plan Width": 33, "Actual Min Startup Time": 3051.501, "Actual Max Startup Time": 3051.501, "Actual Min Total Time": 3140.654, "Actual Max Total Time": 3140.654, "Inner Unique": true, "Plans": [{"Node Type": "Nested Loop", "Parent Relationship": "Outer", "Join Type": "Inner", "Startup Cost": 0.0, "Total Cost": 71891.56, "Plan Rows": 645, "Plan Width": 41, "Actual Min Startup Time": 3027.461, "Actual Max Startup Time": 3027.461, "Actual Min Total Time": 3075.17, "Actual Max Total Time": 3075.17, "Inner Unique": false, "Plans": [{"Node Type": "Nested Loop", "Parent Relationship": "Outer", "Join Type": "Inner", "Startup Cost": 0.0, "Total Cost": 71437.35, "Plan Rows": 532, "Plan Width": 21, "Actual Min Startup Time": 3027.406, "Actual Max Startup Time": 3027.406, "Actual Min Total Time": 3036.225, "Actual Max Total Time": 3036.225, "Inner Unique": false, "Join Filter": "(ci.role_id = rt.id)", "Rows Removed by Join Filter": 12162, "Plans": [{"Node Type": "Seq Scan", "Parent Relationship": "Outer", "Relation Name": "role_type", "Alias": "rt", "Startup Cost": 0.0, "Total Cost": 1.15, "Plan Rows": 1, "Plan Width": 4, "Actual Min Startup Time": 0.116, "Actual Max Startup Time": 0.116, "Actual Min Total Time": 0.124, "Actual Max Total Time": 0.124, "Filter": "((role)::text = 'actress'::text)", "Rows Removed by Filter": 11, "Actual Rows": 1}, {"Node Type": "Materialize", "Parent Relationship": "Inner", "Startup Cost": 0.0, "Total Cost": 71377.73, "Plan Rows": 5847, "Plan Width": 25, "Actual Min Startup Time": 3027.257, "Actual Max Startup Time": 3027.257, "Actual Min Total Time": 3030.009, "Actual Max Total Time": 3030.009, "Plans": [{"Node Type": "Nested Loop", "Parent Relationship": "Outer", "Join Type": "Inner", "Startup Cost": 0.0, "Total Cost": 71363.11, "Plan Rows": 5847, "Plan Width": 25, "Actual Min Startup Time": 17.425, "Actual Max Startup Time": 17.425, "Actual Min Total Time": 3020.473, "Actual Max Total Time": 3020.473, "Inner Unique": false, "Plans": [{"Node Type": "Nested Loop", "Parent Relationship": "Outer", "Join Type": "Inner", "Startup Cost": 0.0, "Total Cost": 65620.52, "Plan Rows": 5775, "Plan Width": 25, "Actual Min Startup Time": 17.298, "Actual Max Startup Time": 17.298, "Actual Min Total Time": 520.972, "Actual Max Total Time": 520.972, "Inner Unique": true, "Plans": [{"Node Type": "Nested Loop", "Parent Relationship": "Outer", "Join Type": "Inner", "Startup Cost": 0.0, "Total Cost": 42973.42, "Plan Rows": 5775, "Plan Width": 4, "Actual Min Startup Time": 17.284, "Actual Max Startup Time": 17.284, "Actual Min Total Time": 289.357, "Actual Max Total Time": 289.357, "Inner Unique": true, "Plans": [{"Node Type": "Streaming(type: LOCAL GATHER dop: 1/16)", "Parent Relationship": "Outer", "Startup Cost": 0.0, "Total Cost": 19215.08, "Plan Rows": 36426, "Plan Width": 8, "Actual Min Startup Time": 17.224, "Actual Max Startup Time": 17.224, "Actual Min Total Time": 50.777, "Actual Max Total Time": 50.777, "Plans": [{"Node Type": "Seq Scan", "Parent Relationship": "Outer", "Relation Name": "movie_companies", "Alias": "mc", "Startup Cost": 0.0, "Total Cost": 18428.93, "Plan Rows": 36426, "Plan Width": 8, "Actual Min Startup Time": 0.047, "Actual Max Startup Time": 0.38, "Actual Min Total Time": 53.556, "Actual Max Total Time": 61.351, "Filter": "(((note)::text ~~ '%(Japan)%'::text) AND ((note)::text !~~ '%(USA)%'::text))", "Rows Removed by Filter": 2560231, "Actual Rows": 48897}], "Actual Rows": 48897}, {"Node Type": "Index Scan", "Parent Relationship": "Inner", "Scan Direction": "Forward", "Index Name": "company_name_pkey", "Relation Name": "company_name", "Alias": "cn", "Startup Cost": 0.0, "Total Cost": 0.64, "Plan Rows": 1, "Plan Width": 4, "Actual Min Startup Time": 194.947, "Actual Max Startup Time": 194.947, "Actual Min Total Time": 194.947, "Actual Max Total Time": 194.947, "Index Cond": "(id = mc.company_id)", "Rows Removed by Index Recheck": 0, "Filter": "((country_code)::text = '[jp]'::text)", "Rows Removed by Filter": 569, "Actual Rows": 48328}], "Actual Rows": 48328}, {"Node Type": "Index Scan", "Parent Relationship": "Inner", "Scan Direction": "Forward", "Index Name": "title_pkey", "Relation Name": "title", "Alias": "t", "Startup Cost": 0.0, "Total Cost": 3.91, "Plan Rows": 1, "Plan Width": 21, "Actual Min Startup Time": 190.518, "Actual Max Startup Time": 190.518, "Actual Min Total Time": 190.518, "Actual Max Total Time": 190.518, "Index Cond": "(id = mc.movie_id)", "Rows Removed by Index Recheck": 0, "Actual Rows": 48328}], "Actual Rows": 48328}, {"Node Type": "Index Scan", "Parent Relationship": "Inner", "Scan Direction": "Forward", "Index Name": "movie_id_cast_info", "Relation Name": "cast_info", "Alias": "ci", "Startup Cost": 0.0, "Total Cost": 0.98, "Plan Rows": 1, "Plan Width": 12, "Actual Min Startup Time": 2358.199, "Actual Max Startup Time": 2358.199, "Actual Min Total Time": 2468.853, "Actual Max Total Time": 2468.853, "Index Cond": "(movie_id = t.id)", "Rows Removed by Index Recheck": 0, "Filter": "((note)::text = '(voice: English version)'::text)", "Rows Removed by Filter": 1531710, "Actual Rows": 19600}], "Actual Rows": 19600}], "Actual Rows": 19601}], "Actual Rows": 7438}, {"Node Type": "Index Scan", "Parent Relationship": "Inner", "Scan Direction": "Forward", "Index Name": "person_id_aka_name", "Relation Name": "aka_name", "Alias": "an1", "Startup Cost": 0.0, "Total Cost": 0.84, "Plan Rows": 1, "Plan Width": 20, "Actual Min Startup Time": 23.985, "Actual Max Startup Time": 23.985, "Actual Min Total Time": 31.144, "Actual Max Total Time": 31.144, "Index Cond": "(person_id = ci.person_id)", "Rows Removed by Index Recheck": 0, "Actual Rows": 17379}], "Actual Rows": 17379}, {"Node Type": "Index Scan", "Parent Relationship": "Inner", "Scan Direction": "Forward", "Index Name": "name_pkey", "Relation Name": "name", "Alias": "n1", "Startup Cost": 0.0, "Total Cost": 0.57, "Plan Rows": 1, "Plan Width": 4, "Actual Min Startup Time": 57.363, "Actual Max Startup Time": 57.363, "Actual Min Total Time": 57.363, "Actual Max Total Time": 57.363, "Index Cond": "(id = an1.person_id)", "Rows Removed by Index Recheck": 0, "Filter": "(((name)::text ~~ '%Yo%'::text) AND ((name)::text !~~ '%Yu%'::text))", "Rows Removed by Filter": 17317, "Actual Rows": 62}], "Actual Rows": 62}], "Actual Rows": 1}, "Triggers": [], "Planner Runtime": 8, "Total Runtime": 3143.678, "Unique SQL Id": 3544391839}}, "(16, 121)": {"explain_plan": {"Plan": {"Node Type": "Aggregate", "Strategy": "Plain", "Startup Cost": 110824.82, "Total Cost": 110824.83, "Plan Rows": 1, "Plan Width": 97, "Plans": [{"Node Type": "Nested Loop", "Parent Relationship": "Outer", "Join Type": "Inner", "Startup Cost": 0.0, "Total Cost": 110824.76, "Plan Rows": 12, "Plan Width": 33, "Inner Unique": true, "Plans": [{"Node Type": "Nested Loop", "Parent Relationship": "Outer", "Join Type": "Inner", "Startup Cost": 0.0, "Total Cost": 110449.22, "Plan Rows": 645, "Plan Width": 41, "Inner Unique": false, "Plans": [{"Node Type": "Nested Loop", "Parent Relationship": "Outer", "Join Type": "Inner", "Startup Cost": 0.0, "Total Cost": 109995.01, "Plan Rows": 532, "Plan Width": 21, "Inner Unique": false, "Join Filter": "(ci.role_id = rt.id)", "Plans": [{"Node Type": "Index Scan", "Parent Relationship": "Outer", "Scan Direction": "Forward", "Index Name": "role_type_pkey", "Relation Name": "role_type", "Alias": "rt", "Startup Cost": 0.0, "Total Cost": 12.46, "Plan Rows": 1, "Plan Width": 4, "Filter": "((role)::text = 'actress'::text)"}, {"Node Type": "Nested Loop", "Parent Relationship": "Inner", "Join Type": "Inner", "Startup Cost": 0.0, "Total Cost": 109909.47, "Plan Rows": 5847, "Plan Width": 25, "Inner Unique": false, "Plans": [{"Node Type": "Nested Loop", "Parent Relationship": "Outer", "Join Type": "Inner", "Startup Cost": 0.0, "Total Cost": 104166.87, "Plan Rows": 5775, "Plan Width": 25, "Inner Unique": true, "Plans": [{"Node Type": "Nested Loop", "Parent Relationship": "Outer", "Join Type": "Inner", "Startup Cost": 0.0, "Total Cost": 81519.78, "Plan Rows": 5775, "Plan Width": 4, "Inner Unique": false, "Plans": [{"Node Type": "Index Scan", "Parent Relationship": "Outer", "Scan Direction": "Forward", "Index Name": "company_name_pkey", "Relation Name": "company_name", "Alias": "cn", "Startup Cost": 0.0, "Total Cost": 10501.39, "Plan Rows": 6290, "Plan Width": 4, "Filter": "((country_code)::text = '[jp]'::text)"}, {"Node Type": "Index Scan", "Parent Relationship": "Inner", "Scan Direction": "Forward", "Index Name": "company_id_movie_companies", "Relation Name": "movie_companies", "Alias": "mc", "Startup Cost": 0.0, "Total Cost": 11.28, "Plan Rows": 1, "Plan Width": 8, "Index Cond": "(company_id = cn.id)", "Filter": "(((note)::text ~~ '%(Japan)%'::text) AND ((note)::text !~~ '%(USA)%'::text))"}]}, {"Node Type": "Index Scan", "Parent Relationship": "Inner", "Scan Direction": "Forward", "Index Name": "title_pkey", "Relation Name": "title", "Alias": "t", "Startup Cost": 0.0, "Total Cost": 3.91, "Plan Rows": 1, "Plan Width": 21, "Index Cond": "(id = mc.movie_id)"}]}, {"Node Type": "Index Scan", "Parent Relationship": "Inner", "Scan Direction": "Forward", "Index Name": "movie_id_cast_info", "Relation Name": "cast_info", "Alias": "ci", "Startup Cost": 0.0, "Total Cost": 0.98, "Plan Rows": 1, "Plan Width": 12, "Index Cond": "(movie_id = t.id)", "Filter": "((note)::text = '(voice: English version)'::text)"}]}]}, {"Node Type": "Index Scan", "Parent Relationship": "Inner", "Scan Direction": "Forward", "Index Name": "person_id_aka_name", "Relation Name": "aka_name", "Alias": "an1", "Startup Cost": 0.0, "Total Cost": 0.84, "Plan Rows": 1, "Plan Width": 20, "Index Cond": "(person_id = ci.person_id)"}]}, {"Node Type": "Index Scan", "Parent Relationship": "Inner", "Scan Direction": "Forward", "Index Name": "name_pkey", "Relation Name": "name", "Alias": "n1", "Startup Cost": 0.0, "Total Cost": 0.57, "Plan Rows": 1, "Plan Width": 4, "Index Cond": "(id = an1.person_id)", "Filter": "(((name)::text ~~ '%Yo%'::text) AND ((name)::text !~~ '%Yu%'::text))"}]}]}, "Unique SQL Id": 3544391839, "Planner Runtime": 7}, "explain_analyze_plan": {"Plan": {"Node Type": "Aggregate", "Strategy": "Plain", "Startup Cost": 110824.82, "Total Cost": 110824.83, "Plan Rows": 1, "Plan Width": 97, "Actual Startup Time": 4251.906, "Actual Total Time": 4251.907, "Actual Rows": 1, "Actual Loops": 1, "Plans": [{"Node Type": "Nested Loop", "Parent Relationship": "Outer", "Join Type": "Inner", "Startup Cost": 0.0, "Total Cost": 110824.76, "Plan Rows": 12, "Plan Width": 33, "Actual Startup Time": 4.317, "Actual Total Time": 4251.596, "Actual Rows": 62, "Actual Loops": 1, "Inner Unique": true, "Plans": [{"Node Type": "Nested Loop", "Parent Relationship": "Outer", "Join Type": "Inner", "Startup Cost": 0.0, "Total Cost": 110449.22, "Plan Rows": 645, "Plan Width": 41, "Actual Startup Time": 0.339, "Actual Total Time": 4172.355, "Actual Rows": 17379, "Actual Loops": 1, "Inner Unique": false, "Plans": [{"Node Type": "Nested Loop", "Parent Relationship": "Outer", "Join Type": "Inner", "Startup Cost": 0.0, "Total Cost": 109995.01, "Plan Rows": 532, "Plan Width": 21, "Actual Startup Time": 0.325, "Actual Total Time": 4120.566, "Actual Rows": 7438, "Actual Loops": 1, "Inner Unique": false, "Join Filter": "(ci.role_id = rt.id)", "Rows Removed by Join Filter": 12162, "Plans": [{"Node Type": "Index Scan", "Parent Relationship": "Outer", "Scan Direction": "Forward", "Index Name": "role_type_pkey", "Relation Name": "role_type", "Alias": "rt", "Startup Cost": 0.0, "Total Cost": 12.46, "Plan Rows": 1, "Plan Width": 4, "Actual Startup Time": 0.041, "Actual Total Time": 0.05, "Actual Rows": 1, "Actual Loops": 1, "Filter": "((role)::text = 'actress'::text)", "Rows Removed by Filter": 11}, {"Node Type": "Nested Loop", "Parent Relationship": "Inner", "Join Type": "Inner", "Startup Cost": 0.0, "Total Cost": 109909.47, "Plan Rows": 5847, "Plan Width": 25, "Actual Startup Time": 0.278, "Actual Total Time": 4115.211, "Actual Rows": 19600, "Actual Loops": 1, "Inner Unique": false, "Plans": [{"Node Type": "Nested Loop", "Parent Relationship": "Outer", "Join Type": "Inner", "Startup Cost": 0.0, "Total Cost": 104166.87, "Plan Rows": 5775, "Plan Width": 25, "Actual Startup Time": 0.224, "Actual Total Time": 875.65, "Actual Rows": 48328, "Actual Loops": 1, "Inner Unique": true, "Plans": [{"Node Type": "Nested Loop", "Parent Relationship": "Outer", "Join Type": "Inner", "Startup Cost": 0.0, "Total Cost": 81519.78, "Plan Rows": 5775, "Plan Width": 4, "Actual Startup Time": 0.213, "Actual Total Time": 545.47, "Actual Rows": 48328, "Actual Loops": 1, "Inner Unique": false, "Plans": [{"Node Type": "Index Scan", "Parent Relationship": "Outer", "Scan Direction": "Forward", "Index Name": "company_name_pkey", "Relation Name": "company_name", "Alias": "cn", "Startup Cost": 0.0, "Total Cost": 10501.39, "Plan Rows": 6290, "Plan Width": 4, "Actual Startup Time": 0.179, "Actual Total Time": 311.98, "Actual Rows": 6752, "Actual Loops": 1, "Filter": "((country_code)::text = '[jp]'::text)", "Rows Removed by Filter": 228244}, {"Node Type": "Index Scan", "Parent Relationship": "Inner", "Scan Direction": "Forward", "Index Name": "company_id_movie_companies", "Relation Name": "movie_companies", "Alias": "mc", "Startup Cost": 0.0, "Total Cost": 11.28, "Plan Rows": 1, "Plan Width": 8, "Actual Startup Time": 53.58, "Actual Total Time": 217.697, "Actual Rows": 48328, "Actual Loops": 6752, "Index Cond": "(company_id = cn.id)", "Rows Removed by Index Recheck": 0, "Filter": "(((note)::text ~~ '%(Japan)%'::text) AND ((note)::text !~~ '%(USA)%'::text))", "Rows Removed by Filter": 56667}]}, {"Node Type": "Index Scan", "Parent Relationship": "Inner", "Scan Direction": "Forward", "Index Name": "title_pkey", "Relation Name": "title", "Alias": "t", "Startup Cost": 0.0, "Total Cost": 3.91, "Plan Rows": 1, "Plan Width": 21, "Actual Startup Time": 287.494, "Actual Total Time": 287.494, "Actual Rows": 48328, "Actual Loops": 48328, "Index Cond": "(id = mc.movie_id)", "Rows Removed by Index Recheck": 0}]}, {"Node Type": "Index Scan", "Parent Relationship": "Inner", "Scan Direction": "Forward", "Index Name": "movie_id_cast_info", "Relation Name": "cast_info", "Alias": "ci", "Startup Cost": 0.0, "Total Cost": 0.98, "Plan Rows": 1, "Plan Width": 12, "Actual Startup Time": 3064.724, "Actual Total Time": 3208.536, "Actual Rows": 19600, "Actual Loops": 48328, "Index Cond": "(movie_id = t.id)", "Rows Removed by Index Recheck": 0, "Filter": "((note)::text = '(voice: English version)'::text)", "Rows Removed by Filter": 1531710}]}]}, {"Node Type": "Index Scan", "Parent Relationship": "Inner", "Scan Direction": "Forward", "Index Name": "person_id_aka_name", "Relation Name": "aka_name", "Alias": "an1", "Startup Cost": 0.0, "Total Cost": 0.84, "Plan Rows": 1, "Plan Width": 20, "Actual Startup Time": 34.193, "Actual Total Time": 42.713, "Actual Rows": 17379, "Actual Loops": 7438, "Index Cond": "(person_id = ci.person_id)", "Rows Removed by Index Recheck": 0}]}, {"Node Type": "Index Scan", "Parent Relationship": "Inner", "Scan Direction": "Forward", "Index Name": "name_pkey", "Relation Name": "name", "Alias": "n1", "Startup Cost": 0.0, "Total Cost": 0.57, "Plan Rows": 1, "Plan Width": 4, "Actual Startup Time": 70.243, "Actual Total Time": 70.243, "Actual Rows": 62, "Actual Loops": 17379, "Index Cond": "(id = an1.person_id)", "Rows Removed by Index Recheck": 0, "Filter": "(((name)::text ~~ '%Yo%'::text) AND ((name)::text !~~ '%Yu%'::text))", "Rows Removed by Filter": 17317}]}]}, "Triggers": [], "Planner Runtime": 7, "Total Runtime": 4252.246, "Unique SQL Id": 3544391839}}, "(16, 122)": {"explain_plan": {"Plan": {"Node Type": "Aggregate", "Strategy": "Plain", "Startup Cost": 315493.8, "Total Cost": 315493.82, "Plan Rows": 1, "Plan Width": 97, "Plans": [{"Node Type": "Streaming(type: LOCAL GATHER dop: 1/16)", "Parent Relationship": "Outer", "Startup Cost": 315493.8, "Total Cost": 315493.82, "Plan Rows": 1, "Plan Width": 97, "Plans": [{"Node Type": "Aggregate", "Strategy": "Plain", "Parent Relationship": "Outer", "Startup Cost": 315493.8, "Total Cost": 315493.81, "Plan Rows": 1, "Plan Width": 97, "Plans": [{"Node Type": "Nested Loop", "Parent Relationship": "Outer", "Join Type": "Inner", "Startup Cost": 0.0, "Total Cost": 315493.74, "Plan Rows": 12, "Plan Width": 33, "Inner Unique": true, "Join Filter": "(ci.movie_id = t.id)", "Plans": [{"Node Type": "Streaming(type: LOCAL REDISTRIBUTE dop: 16/16)", "Parent Relationship": "Outer", "Startup Cost": 0.0, "Total Cost": 270678.06, "Plan Rows": 12, "Plan Width": 24, "Plans": [{"Node Type": "Nested Loop", "Parent Relationship": "Outer", "Join Type": "Inner", "Startup Cost": 0.0, "Total Cost": 255678.01, "Plan Rows": 12, "Plan Width": 24, "Inner Unique": false, "Join Filter": "(n1.id = an1.person_id)", "Plans": [{"Node Type": "Streaming(type: LOCAL REDISTRIBUTE dop: 16/16)", "Parent Relationship": "Outer", "Startup Cost": 0.0, "Total Cost": 34659.52, "Plan Rows": 901342, "Plan Width": 20, "Plans": [{"Node Type": "Seq Scan", "Parent Relationship": "Outer", "Relation Name": "aka_name", "Alias": "an1", "Startup Cost": 0.0, "Total Cost": 16244.28, "Plan Rows": 901342, "Plan Width": 20}]}, {"Node Type": "Materialize", "Parent Relationship": "Inner", "Startup Cost": 0.0, "Total Cost": 216899.09, "Plan Rows": 78, "Plan Width": 16, "Plans": [{"Node Type": "Streaming(type: LOCAL REDISTRIBUTE dop: 16/16)", "Parent Relationship": "Outer", "Startup Cost": 0.0, "Total Cost": 216899.07, "Plan Rows": 78, "Plan Width": 16, "Plans": [{"Node Type": "Nested Loop", "Parent Relationship": "Outer", "Join Type": "Inner", "Startup Cost": 0.0, "Total Cost": 201898.77, "Plan Rows": 78, "Plan Width": 16, "Inner Unique": false, "Join Filter": "(mc.company_id = cn.id)", "Plans": [{"Node Type": "Streaming(type: BROADCAST dop: 16/1)", "Parent Relationship": "Outer", "Startup Cost": 0.0, "Total Cost": 23075.47, "Plan Rows": 100640, "Plan Width": 4, "Plans": [{"Node Type": "Seq Scan", "Parent Relationship": "Outer", "Relation Name": "company_name", "Alias": "cn", "Startup Cost": 0.0, "Total Cost": 5903.45, "Plan Rows": 6290, "Plan Width": 4, "Filter": "((country_code)::text = '[jp]'::text)"}]}, {"Node Type": "Materialize", "Parent Relationship": "Inner", "Startup Cost": 0.0, "Total Cost": 172602.27, "Plan Rows": 1055, "Plan Width": 20, "Plans": [{"Node Type": "Nested Loop", "Parent Relationship": "Outer", "Join Type": "Inner", "Startup Cost": 0.0, "Total Cost": 172601.94, "Plan Rows": 1055, "Plan Width": 20, "Inner Unique": false, "Join Filter": "(ci.movie_id = mc.movie_id)", "Plans": [{"Node Type": "Streaming(type: LOCAL REDISTRIBUTE dop: 16/16)", "Parent Relationship": "Outer", "Startup Cost": 0.0, "Total Cost": 33566.95, "Plan Rows": 36426, "Plan Width": 8, "Plans": [{"Node Type": "Seq Scan", "Parent Relationship": "Outer", "Relation Name": "movie_companies", "Alias": "mc", "Startup Cost": 0.0, "Total Cost": 18428.93, "Plan Rows": 36426, "Plan Width": 8, "Filter": "(((note)::text ~~ '%(Japan)%'::text) AND ((note)::text !~~ '%(USA)%'::text))"}]}, {"Node Type": "Materialize", "Parent Relationship": "Inner", "Startup Cost": 0.0, "Total Cost": 136275.49, "Plan Rows": 1293, "Plan Width": 12, "Plans": [{"Node Type": "Streaming(type: LOCAL REDISTRIBUTE dop: 16/16)", "Parent Relationship": "Outer", "Startup Cost": 0.0, "Total Cost": 136275.09, "Plan Rows": 1293, "Plan Width": 12, "Plans": [{"Node Type": "Nested Loop", "Parent Relationship": "Outer", "Join Type": "Inner", "Startup Cost": 0.0, "Total Cost": 121270.19, "Plan Rows": 1293, "Plan Width": 12, "Inner Unique": false, "Join Filter": "(ci.person_id = n1.id)", "Plans": [{"Node Type": "Streaming(type: LOCAL REDISTRIBUTE dop: 16/16)", "Parent Relationship": "Outer", "Startup Cost": 0.0, "Total Cost": 37171.95, "Plan Rows": 13886, "Plan Width": 4, "Plans": [{"Node Type": "Seq Scan", "Parent Relationship": "Outer", "Relation Name": "name", "Alias": "n1", "Startup Cost": 0.0, "Total Cost": 22119.33, "Plan Rows": 13886, "Plan Width": 4, "Filter": "(((name)::text ~~ '%Yo%'::text) AND ((name)::text !~~ '%Yu%'::text))"}]}, {"Node Type": "Materialize", "Parent Relationship": "Inner", "Startup Cost": 0.0, "Total Cost": 76947.78, "Plan Rows": 8790, "Plan Width": 8, "Plans": [{"Node Type": "Streaming(type: LOCAL REDISTRIBUTE dop: 16/1)", "Parent Relationship": "Outer", "Startup Cost": 0.0, "Total Cost": 76945.03, "Plan Rows": 8790, "Plan Width": 8, "Plans": [{"Node Type": "Nested Loop", "Parent Relationship": "Outer", "Join Type": "Inner", "Startup Cost": 0.0, "Total Cost": 61579.53, "Plan Rows": 8790, "Plan Width": 8, "Inner Unique": false, "Join Filter": "(ci.role_id = rt.id)", "Plans": [{"Node Type": "Seq Scan", "Parent Relationship": "Outer", "Relation Name": "role_type", "Alias": "rt", "Startup Cost": 0.0, "Total Cost": 1.15, "Plan Rows": 1, "Plan Width": 4, "Filter": "((role)::text = 'actress'::text)"}, {"Node Type": "Materialize", "Parent Relationship": "Inner", "Startup Cost": 0.0, "Total Cost": 60611.46, "Plan Rows": 96692, "Plan Width": 12, "Plans": [{"Node Type": "Streaming(type: LOCAL GATHER dop: 1/16)", "Parent Relationship": "Outer", "Startup Cost": 0.0, "Total Cost": 60369.73, "Plan Rows": 96692, "Plan Width": 12, "Plans": [{"Node Type": "Seq Scan", "Parent Relationship": "Outer", "Relation Name": "cast_info", "Alias": "ci", "Startup Cost": 0.0, "Total Cost": 58282.92, "Plan Rows": 96692, "Plan Width": 12, "Filter": "((note)::text = '(voice: English version)'::text)"}]}]}]}]}]}]}]}]}]}]}]}]}]}]}]}, {"Node Type": "Materialize", "Parent Relationship": "Inner", "Startup Cost": 0.0, "Total Cost": 49655.03, "Plan Rows": 2528311, "Plan Width": 21, "Plans": [{"Node Type": "Streaming(type: LOCAL REDISTRIBUTE dop: 16/16)", "Parent Relationship": "Outer", "Startup Cost": 0.0, "Total Cost": 43334.25, "Plan Rows": 2528311, "Plan Width": 21, "Plans": [{"Node Type": "Seq Scan", "Parent Relationship": "Outer", "Relation Name": "title", "Alias": "t", "Startup Cost": 0.0, "Total Cost": 18754.32, "Plan Rows": 2528311, "Plan Width": 21}]}]}]}]}]}]}, "Unique SQL Id": 3544391839, "Planner Runtime": 15}, "explain_analyze_plan": {"Plan": {"Node Type": "Aggregate", "Strategy": "Plain", "Startup Cost": 315493.8, "Total Cost": 315493.82, "Plan Rows": 1, "Plan Width": 97, "Actual Min Startup Time": 3137.93, "Actual Max Startup Time": 3137.93, "Actual Min Total Time": 3137.93, "Actual Max Total Time": 3137.93, "Plans": [{"Node Type": "Streaming(type: LOCAL GATHER dop: 1/16)", "Parent Relationship": "Outer", "Startup Cost": 315493.8, "Total Cost": 315493.82, "Plan Rows": 1, "Plan Width": 97, "Actual Min Startup Time": 2806.801, "Actual Max Startup Time": 2806.801, "Actual Min Total Time": 3137.819, "Actual Max Total Time": 3137.819, "Plans": [{"Node Type": "Aggregate", "Strategy": "Plain", "Parent Relationship": "Outer", "Startup Cost": 315493.8, "Total Cost": 315493.81, "Plan Rows": 1, "Plan Width": 97, "Actual Min Startup Time": 2594.527, "Actual Max Startup Time": 2943.788, "Actual Min Total Time": 2594.527, "Actual Max Total Time": 2943.788, "Plans": [{"Node Type": "Nested Loop", "Parent Relationship": "Outer", "Join Type": "Inner", "Startup Cost": 0.0, "Total Cost": 315493.74, "Plan Rows": 12, "Plan Width": 33, "Actual Min Startup Time": 2594.521, "Actual Max Startup Time": 2703.086, "Actual Min Total Time": 2594.521, "Actual Max Total Time": 2943.734, "Inner Unique": true, "Join Filter": "(ci.movie_id = t.id)", "Rows Removed by Join Filter": 6598339, "Plans": [{"Node Type": "Streaming(type: LOCAL REDISTRIBUTE dop: 16/16)", "Parent Relationship": "Outer", "Startup Cost": 0.0, "Total Cost": 270678.06, "Plan Rows": 12, "Plan Width": 24, "Actual Min Startup Time": 96.319, "Actual Max Startup Time": 97.65, "Actual Min Total Time": 96.332, "Actual Max Total Time": 97.657, "Plans": [{"Node Type": "Nested Loop", "Parent Relationship": "Outer", "Join Type": "Inner", "Startup Cost": 0.0, "Total Cost": 255678.01, "Plan Rows": 12, "Plan Width": 24, "Actual Min Startup Time": 2336.107, "Actual Max Startup Time": 2622.806, "Actual Min Total Time": 2573.033, "Actual Max Total Time": 2622.806, "Inner Unique": false, "Join Filter": "(n1.id = an1.person_id)", "Rows Removed by Join Filter": 2146385, "Plans": [{"Node Type": "Streaming(type: LOCAL REDISTRIBUTE dop: 16/16)", "Parent Relationship": "Outer", "Startup Cost": 0.0, "Total Cost": 34659.52, "Plan Rows": 901342, "Plan Width": 20, "Actual Min Startup Time": 0.062, "Actual Max Startup Time": 0.458, "Actual Min Total Time": 13.587, "Actual Max Total Time": 511.967, "Plans": [{"Node Type": "Seq Scan", "Parent Relationship": "Outer", "Relation Name": "aka_name", "Alias": "an1", "Startup Cost": 0.0, "Total Cost": 16244.28, "Plan Rows": 901342, "Plan Width": 20, "Actual Min Startup Time": 0.018, "Actual Max Startup Time": 0.031, "Actual Min Total Time": 15.456, "Actual Max Total Time": 18.267, "Actual Rows": 901342}], "Actual Rows": 901342}, {"Node Type": "Materialize", "Parent Relationship": "Inner", "Startup Cost": 0.0, "Total Cost": 216899.09, "Plan Rows": 78, "Plan Width": 16, "Actual Min Startup Time": 2052.283, "Actual Max Startup Time": 2102.732, "Actual Min Total Time": 2052.283, "Actual Max Total Time": 2243.988, "Plans": [{"Node Type": "Streaming(type: LOCAL REDISTRIBUTE dop: 16/16)", "Parent Relationship": "Outer", "Startup Cost": 0.0, "Total Cost": 216899.07, "Plan Rows": 78, "Plan Width": 16, "Actual Min Startup Time": 2045.734, "Actual Max Startup Time": 2095.483, "Actual Min Total Time": 2045.734, "Actual Max Total Time": 2095.483, "Plans": [{"Node Type": "Nested Loop", "Parent Relationship": "Outer", "Join Type": "Inner", "Startup Cost": 0.0, "Total Cost": 201898.77, "Plan Rows": 78, "Plan Width": 16, "Actual Min Startup Time": 1942.203, "Actual Max Startup Time": 2129.118, "Actual Min Total Time": 2045.463, "Actual Max Total Time": 2129.118, "Inner Unique": false, "Join Filter": "(mc.company_id = cn.id)", "Rows Removed by Join Filter": 263290, "Plans": [{"Node Type": "Streaming(type: BROADCAST dop: 16/1)", "Parent Relationship": "Outer", "Startup Cost": 0.0, "Total Cost": 23075.47, "Plan Rows": 100640, "Plan Width": 4, "Actual Min Startup Time": 0.035, "Actual Max Startup Time": 0.073, "Actual Min Total Time": 111.675, "Actual Max Total Time": 124.699, "Plans": [{"Node Type": "Seq Scan", "Parent Relationship": "Outer", "Relation Name": "company_name", "Alias": "cn", "Startup Cost": 0.0, "Total Cost": 5903.45, "Plan Rows": 6290, "Plan Width": 4, "Actual Min Startup Time": 0.047, "Actual Max Startup Time": 0.047, "Actual Min Total Time": 83.597, "Actual Max Total Time": 83.597, "Filter": "((country_code)::text = '[jp]'::text)", "Rows Removed by Filter": 228244, "Actual Rows": 6752}], "Actual Rows": 108032}, {"Node Type": "Materialize", "Parent Relationship": "Inner", "Startup Cost": 0.0, "Total Cost": 172602.27, "Plan Rows": 1055, "Plan Width": 20, "Actual Min Startup Time": 1919.647, "Actual Max Startup Time": 2003.378, "Actual Min Total Time": 1919.647, "Actual Max Total Time": 2005.205, "Plans": [{"Node Type": "Nested Loop", "Parent Relationship": "Outer", "Join Type": "Inner", "Startup Cost": 0.0, "Total Cost": 172601.94, "Plan Rows": 1055, "Plan Width": 20, "Actual Min Startup Time": 1867.163, "Actual Max Startup Time": 2002.577, "Actual Min Total Time": 1919.045, "Actual Max Total Time": 2002.787, "Inner Unique": false, "Join Filter": "(ci.movie_id = mc.movie_id)", "Rows Removed by Join Filter": 1205748, "Plans": [{"Node Type": "Streaming(type: LOCAL REDISTRIBUTE dop: 16/16)", "Parent Relationship": "Outer", "Startup Cost": 0.0, "Total Cost": 33566.95, "Plan Rows": 36426, "Plan Width": 8, "Actual Min Startup Time": 0.063, "Actual Max Startup Time": 3.326, "Actual Min Total Time": 45.579, "Actual Max Total Time": 61.044, "Plans": [{"Node Type": "Seq Scan", "Parent Relationship": "Outer", "Relation Name": "movie_companies", "Alias": "mc", "Startup Cost": 0.0, "Total Cost": 18428.93, "Plan Rows": 36426, "Plan Width": 8, "Actual Min Startup Time": 0.054, "Actual Max Startup Time": 0.374, "Actual Min Total Time": 53.773, "Actual Max Total Time": 61.386, "Filter": "(((note)::text ~~ '%(Japan)%'::text) AND ((note)::text !~~ '%(USA)%'::text))", "Rows Removed by Filter": 2560231, "Actual Rows": 48897}], "Actual Rows": 48897}, {"Node Type": "Materialize", "Parent Relationship": "Inner", "Startup Cost": 0.0, "Total Cost": 136275.49, "Plan Rows": 1293, "Plan Width": 12, "Actual Min Startup Time": 1846.034, "Actual Max Startup Time": 1929.701, "Actual Min Total Time": 1850.159, "Actual Max Total Time": 1938.393, "Plans": [{"Node Type": "Streaming(type: LOCAL REDISTRIBUTE dop: 16/16)", "Parent Relationship": "Outer", "Startup Cost": 0.0, "Total Cost": 136275.09, "Plan Rows": 1293, "Plan Width": 12, "Actual Min Startup Time": 1788.172, "Actual Max Startup Time": 1871.809, "Actual Min Total Time": 1845.768, "Actual Max Total Time": 1929.411, "Plans": [{"Node Type": "Nested Loop", "Parent Relationship": "Outer", "Join Type": "Inner", "Startup Cost": 0.0, "Total Cost": 121270.19, "Plan Rows": 1293, "Plan Width": 12, "Actual Min Startup Time": 872.126, "Actual Max Startup Time": 1890.467, "Actual Min Total Time": 1797.572, "Actual Max Total Time": 1890.467, "Inner Unique": false, "Join Filter": "(ci.person_id = n1.id)", "Rows Removed by Join Filter": 45591108, "Plans": [{"Node Type": "Streaming(type: LOCAL REDISTRIBUTE dop: 16/16)", "Parent Relationship": "Outer", "Startup Cost": 0.0, "Total Cost": 37171.95, "Plan Rows": 13886, "Plan Width": 4, "Actual Min Startup Time": 0.035, "Actual Max Startup Time": 0.07, "Actual Min Total Time": 0.522, "Actual Max Total Time": 721.482, "Plans": [{"Node Type": "Seq Scan", "Parent Relationship": "Outer", "Relation Name": "name", "Alias": "n1", "Startup Cost": 0.0, "Total Cost": 22119.33, "Plan Rows": 13886, "Plan Width": 4, "Actual Min Startup Time": 0.055, "Actual Max Startup Time": 1.696, "Actual Min Total Time": 100.612, "Actual Max Total Time": 106.512, "Filter": "(((name)::text ~~ '%Yo%'::text) AND ((name)::text !~~ '%Yu%'::text))", "Rows Removed by Filter": 4146579, "Actual Rows": 20911}], "Actual Rows": 20911}, {"Node Type": "Materialize", "Parent Relationship": "Inner", "Startup Cost": 0.0, "Total Cost": 76947.78, "Plan Rows": 8790, "Plan Width": 8, "Actual Min Startup Time": 677.558, "Actual Max Startup Time": 773.834, "Actual Min Total Time": 835.464, "Actual Max Total Time": 1096.272, "Plans": [{"Node Type": "Streaming(type: LOCAL REDISTRIBUTE dop: 16/1)", "Parent Relationship": "Outer", "Startup Cost": 0.0, "Total Cost": 76945.03, "Plan Rows": 8790, "Plan Width": 8, "Actual Min Startup Time": 640.194, "Actual Max Startup Time": 737.495, "Actual Min Total Time": 677.077, "Actual Max Total Time": 773.454, "Plans": [{"Node Type": "Nested Loop", "Parent Relationship": "Outer", "Join Type": "Inner", "Startup Cost": 0.0, "Total Cost": 61579.53, "Plan Rows": 8790, "Plan Width": 8, "Actual Min Startup Time": 671.514, "Actual Max Startup Time": 671.514, "Actual Min Total Time": 688.184, "Actual Max Total Time": 688.184, "Inner Unique": false, "Join Filter": "(ci.role_id = rt.id)", "Rows Removed by Join Filter": 58247, "Plans": [{"Node Type": "Seq Scan", "Parent Relationship": "Outer", "Relation Name": "role_type", "Alias": "rt", "Startup Cost": 0.0, "Total Cost": 1.15, "Plan Rows": 1, "Plan Width": 4, "Actual Min Startup Time": 0.066, "Actual Max Startup Time": 0.066, "Actual Min Total Time": 0.074, "Actual Max Total Time": 0.074, "Filter": "((role)::text = 'actress'::text)", "Rows Removed by Filter": 11, "Actual Rows": 1}, {"Node Type": "Materialize", "Parent Relationship": "Inner", "Startup Cost": 0.0, "Total Cost": 60611.46, "Plan Rows": 96692, "Plan Width": 12, "Actual Min Startup Time": 654.932, "Actual Max Startup Time": 654.932, "Actual Min Total Time": 664.855, "Actual Max Total Time": 664.855, "Plans": [{"Node Type": "Streaming(type: LOCAL GATHER dop: 1/16)", "Parent Relationship": "Outer", "Startup Cost": 0.0, "Total Cost": 60369.73, "Plan Rows": 96692, "Plan Width": 12, "Actual Min Startup Time": 0.071, "Actual Max Startup Time": 0.071, "Actual Min Total Time": 641.173, "Actual Max Total Time": 641.173, "Plans": [{"Node Type": "Seq Scan", "Parent Relationship": "Outer", "Relation Name": "cast_info", "Alias": "ci", "Startup Cost": 0.0, "Total Cost": 58282.92, "Plan Rows": 96692, "Plan Width": 12, "Actual Min Startup Time": 0.069, "Actual Max Startup Time": 2.946, "Actual Min Total Time": 606.417, "Actual Max Total Time": 649.451, "Filter": "((note)::text = '(voice: English version)'::text)", "Rows Removed by Filter": 36151248, "Actual Rows": 93095}], "Actual Rows": 93095}], "Actual Rows": 93096}], "Actual Rows": 34848}], "Actual Rows": 34848}], "Actual Rows": 45591518}], "Actual Rows": 394}], "Actual Rows": 394}], "Actual Rows": 1205803}], "Actual Rows": 39}], "Actual Rows": 263340}], "Actual Rows": 38}], "Actual Rows": 38}], "Actual Rows": 2146450}], "Actual Rows": 62}], "Actual Rows": 62}, {"Node Type": "Materialize", "Parent Relationship": "Inner", "Startup Cost": 0.0, "Total Cost": 49655.03, "Plan Rows": 2528311, "Plan Width": 21, "Actual Min Startup Time": 2493.626, "Actual Max Startup Time": 2573.696, "Actual Min Total Time": 2493.626, "Actual Max Total Time": 2665.938, "Plans": [{"Node Type": "Streaming(type: LOCAL REDISTRIBUTE dop: 16/16)", "Parent Relationship": "Outer", "Startup Cost": 0.0, "Total Cost": 43334.25, "Plan Rows": 2528311, "Plan Width": 21, "Actual Min Startup Time": 0.056, "Actual Max Startup Time": 33.889, "Actual Min Total Time": 2468.55, "Actual Max Total Time": 2549.729, "Plans": [{"Node Type": "Seq Scan", "Parent Relationship": "Outer", "Relation Name": "title", "Alias": "t", "Startup Cost": 0.0, "Total Cost": 18754.32, "Plan Rows": 2528311, "Plan Width": 21, "Actual Min Startup Time": 0.017, "Actual Max Startup Time": 0.031, "Actual Min Total Time": 47.36, "Actual Max Total Time": 50.396, "Actual Rows": 2528311}], "Actual Rows": 2528311}], "Actual Rows": 6598417}], "Actual Rows": 62}], "Actual Rows": 16}], "Actual Rows": 16}], "Actual Rows": 1}, "Triggers": [], "Planner Runtime": 15, "Total Runtime": 3170.296, "Unique SQL Id": 3544391839}}, "(16, 123)": {"explain_plan": {"Plan": {"Node Type": "Aggregate", "Strategy": "Plain", "Startup Cost": 7000209677653.96, "Total Cost": 7000209677653.97, "Plan Rows": 1, "Plan Width": 97, "Plans": [{"Node Type": "Nested Loop", "Parent Relationship": "Outer", "Join Type": "Inner", "Startup Cost": 70000000000.0, "Total Cost": 7000209677653.91, "Plan Rows": 12, "Plan Width": 33, "Inner Unique": false, "Join Filter": "(ci.movie_id = t.id)", "Plans": [{"Node Type": "Index Scan", "Parent Relationship": "Outer", "Scan Direction": "Forward", "Index Name": "title_pkey", "Relation Name": "title", "Alias": "t", "Startup Cost": 10000000000.0, "Total Cost": 1000011012048.91, "Plan Rows": 2528311, "Plan Width": 21}, {"Node Type": "Materialize", "Parent Relationship": "Inner", "Startup Cost": 60000000000.0, "Total Cost": 6000198210509.04, "Plan Rows": 12, "Plan Width": 24, "Plans": [{"Node Type": "Nested Loop", "Parent Relationship": "Outer", "Join Type": "Inner", "Startup Cost": 60000000000.0, "Total Cost": 6000198210508.98, "Plan Rows": 12, "Plan Width": 24, "Inner Unique": false, "Join Filter": "(n1.id = an1.person_id)", "Plans": [{"Node Type": "Nested Loop", "Parent Relationship": "Outer", "Join Type": "Inner", "Startup Cost": 50000000000.0, "Total Cost": 5000190257182.06, "Plan Rows": 78, "Plan Width": 16, "Inner Unique": true, "Join Filter": "(ci.person_id = n1.id)", "Plans": [{"Node Type": "Nested Loop", "Parent Relationship": "Outer", "Join Type": "Inner", "Startup Cost": 40000000000.0, "Total Cost": 4000170439317.36, "Plan Rows": 532, "Plan Width": 12, "Inner Unique": true, "Join Filter": "(ci.role_id = rt.id)", "Plans": [{"Node Type": "Nested Loop", "Parent Relationship": "Outer", "Join Type": "Inner", "Startup Cost": 30000000000.0, "Total Cost": 3000170437983.65, "Plan Rows": 5847, "Plan Width": 16, "Inner Unique": false, "Join Filter": "(mc.movie_id = ci.movie_id)", "Plans": [{"Node Type": "Nested Loop", "Parent Relationship": "Outer", "Join Type": "Inner", "Startup Cost": 20000000000.0, "Total Cost": 2000018843457.92, "Plan Rows": 5775, "Plan Width": 4, "Inner Unique": true, "Join Filter": "(cn.id = mc.company_id)", "Plans": [{"Node Type": "Index Scan", "Parent Relationship": "Outer", "Scan Direction": "Forward", "Index Name": "movie_id_movie_companies", "Relation Name": "movie_companies", "Alias": "mc", "Startup Cost": 10000000000.0, "Total Cost": 1000014356510.13, "Plan Rows": 36426, "Plan Width": 8, "Filter": "(((note)::text ~~ '%(Japan)%'::text) AND ((note)::text !~~ '%(USA)%'::text))"}, {"Node Type": "Materialize", "Parent Relationship": "Inner", "Startup Cost": 10000000000.0, "Total Cost": 1000001050170.42, "Plan Rows": 6290, "Plan Width": 4, "Plans": [{"Node Type": "Index Scan", "Parent Relationship": "Outer", "Scan Direction": "Forward", "Index Name": "company_name_pkey", "Relation Name": "company_name", "Alias": "cn", "Startup Cost": 10000000000.0, "Total Cost": 1000001050138.97, "Plan Rows": 6290, "Plan Width": 4, "Filter": "((country_code)::text = '[jp]'::text)"}]}]}, {"Node Type": "Materialize", "Parent Relationship": "Inner", "Startup Cost": 10000000000.0, "Total Cost": 1000143218822.96, "Plan Rows": 96692, "Plan Width": 12, "Plans": [{"Node Type": "Index Scan", "Parent Relationship": "Outer", "Scan Direction": "Forward", "Index Name": "role_id_cast_info", "Relation Name": "cast_info", "Alias": "ci", "Startup Cost": 10000000000.0, "Total Cost": 1000143218339.5, "Plan Rows": 96692, "Plan Width": 12, "Filter": "((note)::text = '(voice: English version)'::text)"}]}]}, {"Node Type": "Materialize", "Parent Relationship": "Inner", "Startup Cost": 10000000000.0, "Total Cost": 1000000001246.0, "Plan Rows": 1, "Plan Width": 4, "Plans": [{"Node Type": "Index Scan", "Parent Relationship": "Outer", "Scan Direction": "Forward", "Index Name": "role_type_pkey", "Relation Name": "role_type", "Alias": "rt", "Startup Cost": 10000000000.0, "Total Cost": 1000000001246.0, "Plan Rows": 1, "Plan Width": 4, "Filter": "((role)::text = 'actress'::text)"}]}]}, {"Node Type": "Materialize", "Parent Relationship": "Inner", "Startup Cost": 10000000000.0, "Total Cost": 1000019707089.13, "Plan Rows": 13886, "Plan Width": 4, "Plans": [{"Node Type": "Index Scan", "Parent Relationship": "Outer", "Scan Direction": "Forward", "Index Name": "name_pkey", "Relation Name": "name", "Alias": "n1", "Startup Cost": 10000000000.0, "Total Cost": 1000019707019.7, "Plan Rows": 13886, "Plan Width": 4, "Filter": "(((name)::text ~~ '%Yo%'::text) AND ((name)::text !~~ '%Yu%'::text))"}]}]}, {"Node Type": "Materialize", "Parent Relationship": "Inner", "Startup Cost": 10000000000.0, "Total Cost": 1000006901010.14, "Plan Rows": 901342, "Plan Width": 20, "Plans": [{"Node Type": "Index Scan", "Parent Relationship": "Outer", "Scan Direction": "Forward", "Index Name": "person_id_aka_name", "Relation Name": "aka_name", "Alias": "an1", "Startup Cost": 10000000000.0, "Total Cost": 1000006896503.43, "Plan Rows": 901342, "Plan Width": 20}]}]}]}]}]}, "Unique SQL Id": 3544391839, "Planner Runtime": 6}, "explain_analyze_plan": null}, "(16, 124)": {"explain_plan": {"Plan": {"Node Type": "Aggregate", "Strategy": "Plain", "Startup Cost": 72267.16, "Total Cost": 72267.17, "Plan Rows": 1, "Plan Width": 97, "Plans": [{"Node Type": "Nested Loop", "Parent Relationship": "Outer", "Join Type": "Inner", "Startup Cost": 0.0, "Total Cost": 72267.1, "Plan Rows": 12, "Plan Width": 33, "Inner Unique": true, "Plans": [{"Node Type": "Nested Loop", "Parent Relationship": "Outer", "Join Type": "Inner", "Startup Cost": 0.0, "Total Cost": 71891.56, "Plan Rows": 645, "Plan Width": 41, "Inner Unique": false, "Plans": [{"Node Type": "Nested Loop", "Parent Relationship": "Outer", "Join Type": "Inner", "Startup Cost": 0.0, "Total Cost": 71437.35, "Plan Rows": 532, "Plan Width": 21, "Inner Unique": false, "Join Filter": "(ci.role_id = rt.id)", "Plans": [{"Node Type": "Seq Scan", "Parent Relationship": "Outer", "Relation Name": "role_type", "Alias": "rt", "Startup Cost": 0.0, "Total Cost": 1.15, "Plan Rows": 1, "Plan Width": 4, "Filter": "((role)::text = 'actress'::text)"}, {"Node Type": "Materialize", "Parent Relationship": "Inner", "Startup Cost": 0.0, "Total Cost": 71377.73, "Plan Rows": 5847, "Plan Width": 25, "Plans": [{"Node Type": "Nested Loop", "Parent Relationship": "Outer", "Join Type": "Inner", "Startup Cost": 0.0, "Total Cost": 71363.11, "Plan Rows": 5847, "Plan Width": 25, "Inner Unique": false, "Plans": [{"Node Type": "Nested Loop", "Parent Relationship": "Outer", "Join Type": "Inner", "Startup Cost": 0.0, "Total Cost": 65620.52, "Plan Rows": 5775, "Plan Width": 25, "Inner Unique": true, "Plans": [{"Node Type": "Nested Loop", "Parent Relationship": "Outer", "Join Type": "Inner", "Startup Cost": 0.0, "Total Cost": 42973.42, "Plan Rows": 5775, "Plan Width": 4, "Inner Unique": true, "Plans": [{"Node Type": "Streaming(type: LOCAL GATHER dop: 1/16)", "Parent Relationship": "Outer", "Startup Cost": 0.0, "Total Cost": 19215.08, "Plan Rows": 36426, "Plan Width": 8, "Plans": [{"Node Type": "Seq Scan", "Parent Relationship": "Outer", "Relation Name": "movie_companies", "Alias": "mc", "Startup Cost": 0.0, "Total Cost": 18428.93, "Plan Rows": 36426, "Plan Width": 8, "Filter": "(((note)::text ~~ '%(Japan)%'::text) AND ((note)::text !~~ '%(USA)%'::text))"}]}, {"Node Type": "Index Scan", "Parent Relationship": "Inner", "Scan Direction": "Forward", "Index Name": "company_name_pkey", "Relation Name": "company_name", "Alias": "cn", "Startup Cost": 0.0, "Total Cost": 0.64, "Plan Rows": 1, "Plan Width": 4, "Index Cond": "(id = mc.company_id)", "Filter": "((country_code)::text = '[jp]'::text)"}]}, {"Node Type": "Index Scan", "Parent Relationship": "Inner", "Scan Direction": "Forward", "Index Name": "title_pkey", "Relation Name": "title", "Alias": "t", "Startup Cost": 0.0, "Total Cost": 3.91, "Plan Rows": 1, "Plan Width": 21, "Index Cond": "(id = mc.movie_id)"}]}, {"Node Type": "Index Scan", "Parent Relationship": "Inner", "Scan Direction": "Forward", "Index Name": "movie_id_cast_info", "Relation Name": "cast_info", "Alias": "ci", "Startup Cost": 0.0, "Total Cost": 0.98, "Plan Rows": 1, "Plan Width": 12, "Index Cond": "(movie_id = t.id)", "Filter": "((note)::text = '(voice: English version)'::text)"}]}]}]}, {"Node Type": "Index Scan", "Parent Relationship": "Inner", "Scan Direction": "Forward", "Index Name": "person_id_aka_name", "Relation Name": "aka_name", "Alias": "an1", "Startup Cost": 0.0, "Total Cost": 0.84, "Plan Rows": 1, "Plan Width": 20, "Index Cond": "(person_id = ci.person_id)"}]}, {"Node Type": "Index Scan", "Parent Relationship": "Inner", "Scan Direction": "Forward", "Index Name": "name_pkey", "Relation Name": "name", "Alias": "n1", "Startup Cost": 0.0, "Total Cost": 0.57, "Plan Rows": 1, "Plan Width": 4, "Index Cond": "(id = an1.person_id)", "Filter": "(((name)::text ~~ '%Yo%'::text) AND ((name)::text !~~ '%Yu%'::text))"}]}]}, "Unique SQL Id": 3544391839, "Planner Runtime": 8}, "explain_analyze_plan": {"Plan": {"Node Type": "Aggregate", "Strategy": "Plain", "Startup Cost": 72267.16, "Total Cost": 72267.17, "Plan Rows": 1, "Plan Width": 97, "Actual Min Startup Time": 3140.754, "Actual Max Startup Time": 3140.754, "Actual Min Total Time": 3140.755, "Actual Max Total Time": 3140.755, "Plans": [{"Node Type": "Nested Loop", "Parent Relationship": "Outer", "Join Type": "Inner", "Startup Cost": 0.0, "Total Cost": 72267.1, "Plan Rows": 12, "Plan Width": 33, "Actual Min Startup Time": 3051.501, "Actual Max Startup Time": 3051.501, "Actual Min Total Time": 3140.654, "Actual Max Total Time": 3140.654, "Inner Unique": true, "Plans": [{"Node Type": "Nested Loop", "Parent Relationship": "Outer", "Join Type": "Inner", "Startup Cost": 0.0, "Total Cost": 71891.56, "Plan Rows": 645, "Plan Width": 41, "Actual Min Startup Time": 3027.461, "Actual Max Startup Time": 3027.461, "Actual Min Total Time": 3075.17, "Actual Max Total Time": 3075.17, "Inner Unique": false, "Plans": [{"Node Type": "Nested Loop", "Parent Relationship": "Outer", "Join Type": "Inner", "Startup Cost": 0.0, "Total Cost": 71437.35, "Plan Rows": 532, "Plan Width": 21, "Actual Min Startup Time": 3027.406, "Actual Max Startup Time": 3027.406, "Actual Min Total Time": 3036.225, "Actual Max Total Time": 3036.225, "Inner Unique": false, "Join Filter": "(ci.role_id = rt.id)", "Rows Removed by Join Filter": 12162, "Plans": [{"Node Type": "Seq Scan", "Parent Relationship": "Outer", "Relation Name": "role_type", "Alias": "rt", "Startup Cost": 0.0, "Total Cost": 1.15, "Plan Rows": 1, "Plan Width": 4, "Actual Min Startup Time": 0.116, "Actual Max Startup Time": 0.116, "Actual Min Total Time": 0.124, "Actual Max Total Time": 0.124, "Filter": "((role)::text = 'actress'::text)", "Rows Removed by Filter": 11, "Actual Rows": 1}, {"Node Type": "Materialize", "Parent Relationship": "Inner", "Startup Cost": 0.0, "Total Cost": 71377.73, "Plan Rows": 5847, "Plan Width": 25, "Actual Min Startup Time": 3027.257, "Actual Max Startup Time": 3027.257, "Actual Min Total Time": 3030.009, "Actual Max Total Time": 3030.009, "Plans": [{"Node Type": "Nested Loop", "Parent Relationship": "Outer", "Join Type": "Inner", "Startup Cost": 0.0, "Total Cost": 71363.11, "Plan Rows": 5847, "Plan Width": 25, "Actual Min Startup Time": 17.425, "Actual Max Startup Time": 17.425, "Actual Min Total Time": 3020.473, "Actual Max Total Time": 3020.473, "Inner Unique": false, "Plans": [{"Node Type": "Nested Loop", "Parent Relationship": "Outer", "Join Type": "Inner", "Startup Cost": 0.0, "Total Cost": 65620.52, "Plan Rows": 5775, "Plan Width": 25, "Actual Min Startup Time": 17.298, "Actual Max Startup Time": 17.298, "Actual Min Total Time": 520.972, "Actual Max Total Time": 520.972, "Inner Unique": true, "Plans": [{"Node Type": "Nested Loop", "Parent Relationship": "Outer", "Join Type": "Inner", "Startup Cost": 0.0, "Total Cost": 42973.42, "Plan Rows": 5775, "Plan Width": 4, "Actual Min Startup Time": 17.284, "Actual Max Startup Time": 17.284, "Actual Min Total Time": 289.357, "Actual Max Total Time": 289.357, "Inner Unique": true, "Plans": [{"Node Type": "Streaming(type: LOCAL GATHER dop: 1/16)", "Parent Relationship": "Outer", "Startup Cost": 0.0, "Total Cost": 19215.08, "Plan Rows": 36426, "Plan Width": 8, "Actual Min Startup Time": 17.224, "Actual Max Startup Time": 17.224, "Actual Min Total Time": 50.777, "Actual Max Total Time": 50.777, "Plans": [{"Node Type": "Seq Scan", "Parent Relationship": "Outer", "Relation Name": "movie_companies", "Alias": "mc", "Startup Cost": 0.0, "Total Cost": 18428.93, "Plan Rows": 36426, "Plan Width": 8, "Actual Min Startup Time": 0.047, "Actual Max Startup Time": 0.38, "Actual Min Total Time": 53.556, "Actual Max Total Time": 61.351, "Filter": "(((note)::text ~~ '%(Japan)%'::text) AND ((note)::text !~~ '%(USA)%'::text))", "Rows Removed by Filter": 2560231, "Actual Rows": 48897}], "Actual Rows": 48897}, {"Node Type": "Index Scan", "Parent Relationship": "Inner", "Scan Direction": "Forward", "Index Name": "company_name_pkey", "Relation Name": "company_name", "Alias": "cn", "Startup Cost": 0.0, "Total Cost": 0.64, "Plan Rows": 1, "Plan Width": 4, "Actual Min Startup Time": 194.947, "Actual Max Startup Time": 194.947, "Actual Min Total Time": 194.947, "Actual Max Total Time": 194.947, "Index Cond": "(id = mc.company_id)", "Rows Removed by Index Recheck": 0, "Filter": "((country_code)::text = '[jp]'::text)", "Rows Removed by Filter": 569, "Actual Rows": 48328}], "Actual Rows": 48328}, {"Node Type": "Index Scan", "Parent Relationship": "Inner", "Scan Direction": "Forward", "Index Name": "title_pkey", "Relation Name": "title", "Alias": "t", "Startup Cost": 0.0, "Total Cost": 3.91, "Plan Rows": 1, "Plan Width": 21, "Actual Min Startup Time": 190.518, "Actual Max Startup Time": 190.518, "Actual Min Total Time": 190.518, "Actual Max Total Time": 190.518, "Index Cond": "(id = mc.movie_id)", "Rows Removed by Index Recheck": 0, "Actual Rows": 48328}], "Actual Rows": 48328}, {"Node Type": "Index Scan", "Parent Relationship": "Inner", "Scan Direction": "Forward", "Index Name": "movie_id_cast_info", "Relation Name": "cast_info", "Alias": "ci", "Startup Cost": 0.0, "Total Cost": 0.98, "Plan Rows": 1, "Plan Width": 12, "Actual Min Startup Time": 2358.199, "Actual Max Startup Time": 2358.199, "Actual Min Total Time": 2468.853, "Actual Max Total Time": 2468.853, "Index Cond": "(movie_id = t.id)", "Rows Removed by Index Recheck": 0, "Filter": "((note)::text = '(voice: English version)'::text)", "Rows Removed by Filter": 1531710, "Actual Rows": 19600}], "Actual Rows": 19600}], "Actual Rows": 19601}], "Actual Rows": 7438}, {"Node Type": "Index Scan", "Parent Relationship": "Inner", "Scan Direction": "Forward", "Index Name": "person_id_aka_name", "Relation Name": "aka_name", "Alias": "an1", "Startup Cost": 0.0, "Total Cost": 0.84, "Plan Rows": 1, "Plan Width": 20, "Actual Min Startup Time": 23.985, "Actual Max Startup Time": 23.985, "Actual Min Total Time": 31.144, "Actual Max Total Time": 31.144, "Index Cond": "(person_id = ci.person_id)", "Rows Removed by Index Recheck": 0, "Actual Rows": 17379}], "Actual Rows": 17379}, {"Node Type": "Index Scan", "Parent Relationship": "Inner", "Scan Direction": "Forward", "Index Name": "name_pkey", "Relation Name": "name", "Alias": "n1", "Startup Cost": 0.0, "Total Cost": 0.57, "Plan Rows": 1, "Plan Width": 4, "Actual Min Startup Time": 57.363, "Actual Max Startup Time": 57.363, "Actual Min Total Time": 57.363, "Actual Max Total Time": 57.363, "Index Cond": "(id = an1.person_id)", "Rows Removed by Index Recheck": 0, "Filter": "(((name)::text ~~ '%Yo%'::text) AND ((name)::text !~~ '%Yu%'::text))", "Rows Removed by Filter": 17317, "Actual Rows": 62}], "Actual Rows": 62}], "Actual Rows": 1}, "Triggers": [], "Planner Runtime": 8, "Total Runtime": 3143.678, "Unique SQL Id": 3544391839}}, "(16, 125)": {"explain_plan": {"Plan": {"Node Type": "Aggregate", "Strategy": "Plain", "Startup Cost": 110824.82, "Total Cost": 110824.83, "Plan Rows": 1, "Plan Width": 97, "Plans": [{"Node Type": "Nested Loop", "Parent Relationship": "Outer", "Join Type": "Inner", "Startup Cost": 0.0, "Total Cost": 110824.76, "Plan Rows": 12, "Plan Width": 33, "Inner Unique": true, "Plans": [{"Node Type": "Nested Loop", "Parent Relationship": "Outer", "Join Type": "Inner", "Startup Cost": 0.0, "Total Cost": 110449.22, "Plan Rows": 645, "Plan Width": 41, "Inner Unique": false, "Plans": [{"Node Type": "Nested Loop", "Parent Relationship": "Outer", "Join Type": "Inner", "Startup Cost": 0.0, "Total Cost": 109995.01, "Plan Rows": 532, "Plan Width": 21, "Inner Unique": false, "Join Filter": "(ci.role_id = rt.id)", "Plans": [{"Node Type": "Index Scan", "Parent Relationship": "Outer", "Scan Direction": "Forward", "Index Name": "role_type_pkey", "Relation Name": "role_type", "Alias": "rt", "Startup Cost": 0.0, "Total Cost": 12.46, "Plan Rows": 1, "Plan Width": 4, "Filter": "((role)::text = 'actress'::text)"}, {"Node Type": "Nested Loop", "Parent Relationship": "Inner", "Join Type": "Inner", "Startup Cost": 0.0, "Total Cost": 109909.47, "Plan Rows": 5847, "Plan Width": 25, "Inner Unique": false, "Plans": [{"Node Type": "Nested Loop", "Parent Relationship": "Outer", "Join Type": "Inner", "Startup Cost": 0.0, "Total Cost": 104166.87, "Plan Rows": 5775, "Plan Width": 25, "Inner Unique": true, "Plans": [{"Node Type": "Nested Loop", "Parent Relationship": "Outer", "Join Type": "Inner", "Startup Cost": 0.0, "Total Cost": 81519.78, "Plan Rows": 5775, "Plan Width": 4, "Inner Unique": false, "Plans": [{"Node Type": "Index Scan", "Parent Relationship": "Outer", "Scan Direction": "Forward", "Index Name": "company_name_pkey", "Relation Name": "company_name", "Alias": "cn", "Startup Cost": 0.0, "Total Cost": 10501.39, "Plan Rows": 6290, "Plan Width": 4, "Filter": "((country_code)::text = '[jp]'::text)"}, {"Node Type": "Index Scan", "Parent Relationship": "Inner", "Scan Direction": "Forward", "Index Name": "company_id_movie_companies", "Relation Name": "movie_companies", "Alias": "mc", "Startup Cost": 0.0, "Total Cost": 11.28, "Plan Rows": 1, "Plan Width": 8, "Index Cond": "(company_id = cn.id)", "Filter": "(((note)::text ~~ '%(Japan)%'::text) AND ((note)::text !~~ '%(USA)%'::text))"}]}, {"Node Type": "Index Scan", "Parent Relationship": "Inner", "Scan Direction": "Forward", "Index Name": "title_pkey", "Relation Name": "title", "Alias": "t", "Startup Cost": 0.0, "Total Cost": 3.91, "Plan Rows": 1, "Plan Width": 21, "Index Cond": "(id = mc.movie_id)"}]}, {"Node Type": "Index Scan", "Parent Relationship": "Inner", "Scan Direction": "Forward", "Index Name": "movie_id_cast_info", "Relation Name": "cast_info", "Alias": "ci", "Startup Cost": 0.0, "Total Cost": 0.98, "Plan Rows": 1, "Plan Width": 12, "Index Cond": "(movie_id = t.id)", "Filter": "((note)::text = '(voice: English version)'::text)"}]}]}, {"Node Type": "Index Scan", "Parent Relationship": "Inner", "Scan Direction": "Forward", "Index Name": "person_id_aka_name", "Relation Name": "aka_name", "Alias": "an1", "Startup Cost": 0.0, "Total Cost": 0.84, "Plan Rows": 1, "Plan Width": 20, "Index Cond": "(person_id = ci.person_id)"}]}, {"Node Type": "Index Scan", "Parent Relationship": "Inner", "Scan Direction": "Forward", "Index Name": "name_pkey", "Relation Name": "name", "Alias": "n1", "Startup Cost": 0.0, "Total Cost": 0.57, "Plan Rows": 1, "Plan Width": 4, "Index Cond": "(id = an1.person_id)", "Filter": "(((name)::text ~~ '%Yo%'::text) AND ((name)::text !~~ '%Yu%'::text))"}]}]}, "Unique SQL Id": 3544391839, "Planner Runtime": 7}, "explain_analyze_plan": {"Plan": {"Node Type": "Aggregate", "Strategy": "Plain", "Startup Cost": 110824.82, "Total Cost": 110824.83, "Plan Rows": 1, "Plan Width": 97, "Actual Startup Time": 4251.906, "Actual Total Time": 4251.907, "Actual Rows": 1, "Actual Loops": 1, "Plans": [{"Node Type": "Nested Loop", "Parent Relationship": "Outer", "Join Type": "Inner", "Startup Cost": 0.0, "Total Cost": 110824.76, "Plan Rows": 12, "Plan Width": 33, "Actual Startup Time": 4.317, "Actual Total Time": 4251.596, "Actual Rows": 62, "Actual Loops": 1, "Inner Unique": true, "Plans": [{"Node Type": "Nested Loop", "Parent Relationship": "Outer", "Join Type": "Inner", "Startup Cost": 0.0, "Total Cost": 110449.22, "Plan Rows": 645, "Plan Width": 41, "Actual Startup Time": 0.339, "Actual Total Time": 4172.355, "Actual Rows": 17379, "Actual Loops": 1, "Inner Unique": false, "Plans": [{"Node Type": "Nested Loop", "Parent Relationship": "Outer", "Join Type": "Inner", "Startup Cost": 0.0, "Total Cost": 109995.01, "Plan Rows": 532, "Plan Width": 21, "Actual Startup Time": 0.325, "Actual Total Time": 4120.566, "Actual Rows": 7438, "Actual Loops": 1, "Inner Unique": false, "Join Filter": "(ci.role_id = rt.id)", "Rows Removed by Join Filter": 12162, "Plans": [{"Node Type": "Index Scan", "Parent Relationship": "Outer", "Scan Direction": "Forward", "Index Name": "role_type_pkey", "Relation Name": "role_type", "Alias": "rt", "Startup Cost": 0.0, "Total Cost": 12.46, "Plan Rows": 1, "Plan Width": 4, "Actual Startup Time": 0.041, "Actual Total Time": 0.05, "Actual Rows": 1, "Actual Loops": 1, "Filter": "((role)::text = 'actress'::text)", "Rows Removed by Filter": 11}, {"Node Type": "Nested Loop", "Parent Relationship": "Inner", "Join Type": "Inner", "Startup Cost": 0.0, "Total Cost": 109909.47, "Plan Rows": 5847, "Plan Width": 25, "Actual Startup Time": 0.278, "Actual Total Time": 4115.211, "Actual Rows": 19600, "Actual Loops": 1, "Inner Unique": false, "Plans": [{"Node Type": "Nested Loop", "Parent Relationship": "Outer", "Join Type": "Inner", "Startup Cost": 0.0, "Total Cost": 104166.87, "Plan Rows": 5775, "Plan Width": 25, "Actual Startup Time": 0.224, "Actual Total Time": 875.65, "Actual Rows": 48328, "Actual Loops": 1, "Inner Unique": true, "Plans": [{"Node Type": "Nested Loop", "Parent Relationship": "Outer", "Join Type": "Inner", "Startup Cost": 0.0, "Total Cost": 81519.78, "Plan Rows": 5775, "Plan Width": 4, "Actual Startup Time": 0.213, "Actual Total Time": 545.47, "Actual Rows": 48328, "Actual Loops": 1, "Inner Unique": false, "Plans": [{"Node Type": "Index Scan", "Parent Relationship": "Outer", "Scan Direction": "Forward", "Index Name": "company_name_pkey", "Relation Name": "company_name", "Alias": "cn", "Startup Cost": 0.0, "Total Cost": 10501.39, "Plan Rows": 6290, "Plan Width": 4, "Actual Startup Time": 0.179, "Actual Total Time": 311.98, "Actual Rows": 6752, "Actual Loops": 1, "Filter": "((country_code)::text = '[jp]'::text)", "Rows Removed by Filter": 228244}, {"Node Type": "Index Scan", "Parent Relationship": "Inner", "Scan Direction": "Forward", "Index Name": "company_id_movie_companies", "Relation Name": "movie_companies", "Alias": "mc", "Startup Cost": 0.0, "Total Cost": 11.28, "Plan Rows": 1, "Plan Width": 8, "Actual Startup Time": 53.58, "Actual Total Time": 217.697, "Actual Rows": 48328, "Actual Loops": 6752, "Index Cond": "(company_id = cn.id)", "Rows Removed by Index Recheck": 0, "Filter": "(((note)::text ~~ '%(Japan)%'::text) AND ((note)::text !~~ '%(USA)%'::text))", "Rows Removed by Filter": 56667}]}, {"Node Type": "Index Scan", "Parent Relationship": "Inner", "Scan Direction": "Forward", "Index Name": "title_pkey", "Relation Name": "title", "Alias": "t", "Startup Cost": 0.0, "Total Cost": 3.91, "Plan Rows": 1, "Plan Width": 21, "Actual Startup Time": 287.494, "Actual Total Time": 287.494, "Actual Rows": 48328, "Actual Loops": 48328, "Index Cond": "(id = mc.movie_id)", "Rows Removed by Index Recheck": 0}]}, {"Node Type": "Index Scan", "Parent Relationship": "Inner", "Scan Direction": "Forward", "Index Name": "movie_id_cast_info", "Relation Name": "cast_info", "Alias": "ci", "Startup Cost": 0.0, "Total Cost": 0.98, "Plan Rows": 1, "Plan Width": 12, "Actual Startup Time": 3064.724, "Actual Total Time": 3208.536, "Actual Rows": 19600, "Actual Loops": 48328, "Index Cond": "(movie_id = t.id)", "Rows Removed by Index Recheck": 0, "Filter": "((note)::text = '(voice: English version)'::text)", "Rows Removed by Filter": 1531710}]}]}, {"Node Type": "Index Scan", "Parent Relationship": "Inner", "Scan Direction": "Forward", "Index Name": "person_id_aka_name", "Relation Name": "aka_name", "Alias": "an1", "Startup Cost": 0.0, "Total Cost": 0.84, "Plan Rows": 1, "Plan Width": 20, "Actual Startup Time": 34.193, "Actual Total Time": 42.713, "Actual Rows": 17379, "Actual Loops": 7438, "Index Cond": "(person_id = ci.person_id)", "Rows Removed by Index Recheck": 0}]}, {"Node Type": "Index Scan", "Parent Relationship": "Inner", "Scan Direction": "Forward", "Index Name": "name_pkey", "Relation Name": "name", "Alias": "n1", "Startup Cost": 0.0, "Total Cost": 0.57, "Plan Rows": 1, "Plan Width": 4, "Actual Startup Time": 70.243, "Actual Total Time": 70.243, "Actual Rows": 62, "Actual Loops": 17379, "Index Cond": "(id = an1.person_id)", "Rows Removed by Index Recheck": 0, "Filter": "(((name)::text ~~ '%Yo%'::text) AND ((name)::text !~~ '%Yu%'::text))", "Rows Removed by Filter": 17317}]}]}, "Triggers": [], "Planner Runtime": 7, "Total Runtime": 4252.246, "Unique SQL Id": 3544391839}}, "(16, 126)": {"explain_plan": {"Plan": {"Node Type": "Aggregate", "Strategy": "Plain", "Startup Cost": 315493.8, "Total Cost": 315493.82, "Plan Rows": 1, "Plan Width": 97, "Plans": [{"Node Type": "Streaming(type: LOCAL GATHER dop: 1/16)", "Parent Relationship": "Outer", "Startup Cost": 315493.8, "Total Cost": 315493.82, "Plan Rows": 1, "Plan Width": 97, "Plans": [{"Node Type": "Aggregate", "Strategy": "Plain", "Parent Relationship": "Outer", "Startup Cost": 315493.8, "Total Cost": 315493.81, "Plan Rows": 1, "Plan Width": 97, "Plans": [{"Node Type": "Nested Loop", "Parent Relationship": "Outer", "Join Type": "Inner", "Startup Cost": 0.0, "Total Cost": 315493.74, "Plan Rows": 12, "Plan Width": 33, "Inner Unique": true, "Join Filter": "(ci.movie_id = t.id)", "Plans": [{"Node Type": "Streaming(type: LOCAL REDISTRIBUTE dop: 16/16)", "Parent Relationship": "Outer", "Startup Cost": 0.0, "Total Cost": 270678.06, "Plan Rows": 12, "Plan Width": 24, "Plans": [{"Node Type": "Nested Loop", "Parent Relationship": "Outer", "Join Type": "Inner", "Startup Cost": 0.0, "Total Cost": 255678.01, "Plan Rows": 12, "Plan Width": 24, "Inner Unique": false, "Join Filter": "(n1.id = an1.person_id)", "Plans": [{"Node Type": "Streaming(type: LOCAL REDISTRIBUTE dop: 16/16)", "Parent Relationship": "Outer", "Startup Cost": 0.0, "Total Cost": 34659.52, "Plan Rows": 901342, "Plan Width": 20, "Plans": [{"Node Type": "Seq Scan", "Parent Relationship": "Outer", "Relation Name": "aka_name", "Alias": "an1", "Startup Cost": 0.0, "Total Cost": 16244.28, "Plan Rows": 901342, "Plan Width": 20}]}, {"Node Type": "Materialize", "Parent Relationship": "Inner", "Startup Cost": 0.0, "Total Cost": 216899.09, "Plan Rows": 78, "Plan Width": 16, "Plans": [{"Node Type": "Streaming(type: LOCAL REDISTRIBUTE dop: 16/16)", "Parent Relationship": "Outer", "Startup Cost": 0.0, "Total Cost": 216899.07, "Plan Rows": 78, "Plan Width": 16, "Plans": [{"Node Type": "Nested Loop", "Parent Relationship": "Outer", "Join Type": "Inner", "Startup Cost": 0.0, "Total Cost": 201898.77, "Plan Rows": 78, "Plan Width": 16, "Inner Unique": false, "Join Filter": "(mc.company_id = cn.id)", "Plans": [{"Node Type": "Streaming(type: BROADCAST dop: 16/1)", "Parent Relationship": "Outer", "Startup Cost": 0.0, "Total Cost": 23075.47, "Plan Rows": 100640, "Plan Width": 4, "Plans": [{"Node Type": "Seq Scan", "Parent Relationship": "Outer", "Relation Name": "company_name", "Alias": "cn", "Startup Cost": 0.0, "Total Cost": 5903.45, "Plan Rows": 6290, "Plan Width": 4, "Filter": "((country_code)::text = '[jp]'::text)"}]}, {"Node Type": "Materialize", "Parent Relationship": "Inner", "Startup Cost": 0.0, "Total Cost": 172602.27, "Plan Rows": 1055, "Plan Width": 20, "Plans": [{"Node Type": "Nested Loop", "Parent Relationship": "Outer", "Join Type": "Inner", "Startup Cost": 0.0, "Total Cost": 172601.94, "Plan Rows": 1055, "Plan Width": 20, "Inner Unique": false, "Join Filter": "(ci.movie_id = mc.movie_id)", "Plans": [{"Node Type": "Streaming(type: LOCAL REDISTRIBUTE dop: 16/16)", "Parent Relationship": "Outer", "Startup Cost": 0.0, "Total Cost": 33566.95, "Plan Rows": 36426, "Plan Width": 8, "Plans": [{"Node Type": "Seq Scan", "Parent Relationship": "Outer", "Relation Name": "movie_companies", "Alias": "mc", "Startup Cost": 0.0, "Total Cost": 18428.93, "Plan Rows": 36426, "Plan Width": 8, "Filter": "(((note)::text ~~ '%(Japan)%'::text) AND ((note)::text !~~ '%(USA)%'::text))"}]}, {"Node Type": "Materialize", "Parent Relationship": "Inner", "Startup Cost": 0.0, "Total Cost": 136275.49, "Plan Rows": 1293, "Plan Width": 12, "Plans": [{"Node Type": "Streaming(type: LOCAL REDISTRIBUTE dop: 16/16)", "Parent Relationship": "Outer", "Startup Cost": 0.0, "Total Cost": 136275.09, "Plan Rows": 1293, "Plan Width": 12, "Plans": [{"Node Type": "Nested Loop", "Parent Relationship": "Outer", "Join Type": "Inner", "Startup Cost": 0.0, "Total Cost": 121270.19, "Plan Rows": 1293, "Plan Width": 12, "Inner Unique": false, "Join Filter": "(ci.person_id = n1.id)", "Plans": [{"Node Type": "Streaming(type: LOCAL REDISTRIBUTE dop: 16/16)", "Parent Relationship": "Outer", "Startup Cost": 0.0, "Total Cost": 37171.95, "Plan Rows": 13886, "Plan Width": 4, "Plans": [{"Node Type": "Seq Scan", "Parent Relationship": "Outer", "Relation Name": "name", "Alias": "n1", "Startup Cost": 0.0, "Total Cost": 22119.33, "Plan Rows": 13886, "Plan Width": 4, "Filter": "(((name)::text ~~ '%Yo%'::text) AND ((name)::text !~~ '%Yu%'::text))"}]}, {"Node Type": "Materialize", "Parent Relationship": "Inner", "Startup Cost": 0.0, "Total Cost": 76947.78, "Plan Rows": 8790, "Plan Width": 8, "Plans": [{"Node Type": "Streaming(type: LOCAL REDISTRIBUTE dop: 16/1)", "Parent Relationship": "Outer", "Startup Cost": 0.0, "Total Cost": 76945.03, "Plan Rows": 8790, "Plan Width": 8, "Plans": [{"Node Type": "Nested Loop", "Parent Relationship": "Outer", "Join Type": "Inner", "Startup Cost": 0.0, "Total Cost": 61579.53, "Plan Rows": 8790, "Plan Width": 8, "Inner Unique": false, "Join Filter": "(ci.role_id = rt.id)", "Plans": [{"Node Type": "Seq Scan", "Parent Relationship": "Outer", "Relation Name": "role_type", "Alias": "rt", "Startup Cost": 0.0, "Total Cost": 1.15, "Plan Rows": 1, "Plan Width": 4, "Filter": "((role)::text = 'actress'::text)"}, {"Node Type": "Materialize", "Parent Relationship": "Inner", "Startup Cost": 0.0, "Total Cost": 60611.46, "Plan Rows": 96692, "Plan Width": 12, "Plans": [{"Node Type": "Streaming(type: LOCAL GATHER dop: 1/16)", "Parent Relationship": "Outer", "Startup Cost": 0.0, "Total Cost": 60369.73, "Plan Rows": 96692, "Plan Width": 12, "Plans": [{"Node Type": "Seq Scan", "Parent Relationship": "Outer", "Relation Name": "cast_info", "Alias": "ci", "Startup Cost": 0.0, "Total Cost": 58282.92, "Plan Rows": 96692, "Plan Width": 12, "Filter": "((note)::text = '(voice: English version)'::text)"}]}]}]}]}]}]}]}]}]}]}]}]}]}]}]}, {"Node Type": "Materialize", "Parent Relationship": "Inner", "Startup Cost": 0.0, "Total Cost": 49655.03, "Plan Rows": 2528311, "Plan Width": 21, "Plans": [{"Node Type": "Streaming(type: LOCAL REDISTRIBUTE dop: 16/16)", "Parent Relationship": "Outer", "Startup Cost": 0.0, "Total Cost": 43334.25, "Plan Rows": 2528311, "Plan Width": 21, "Plans": [{"Node Type": "Seq Scan", "Parent Relationship": "Outer", "Relation Name": "title", "Alias": "t", "Startup Cost": 0.0, "Total Cost": 18754.32, "Plan Rows": 2528311, "Plan Width": 21}]}]}]}]}]}]}, "Unique SQL Id": 3544391839, "Planner Runtime": 15}, "explain_analyze_plan": {"Plan": {"Node Type": "Aggregate", "Strategy": "Plain", "Startup Cost": 315493.8, "Total Cost": 315493.82, "Plan Rows": 1, "Plan Width": 97, "Actual Min Startup Time": 3137.93, "Actual Max Startup Time": 3137.93, "Actual Min Total Time": 3137.93, "Actual Max Total Time": 3137.93, "Plans": [{"Node Type": "Streaming(type: LOCAL GATHER dop: 1/16)", "Parent Relationship": "Outer", "Startup Cost": 315493.8, "Total Cost": 315493.82, "Plan Rows": 1, "Plan Width": 97, "Actual Min Startup Time": 2806.801, "Actual Max Startup Time": 2806.801, "Actual Min Total Time": 3137.819, "Actual Max Total Time": 3137.819, "Plans": [{"Node Type": "Aggregate", "Strategy": "Plain", "Parent Relationship": "Outer", "Startup Cost": 315493.8, "Total Cost": 315493.81, "Plan Rows": 1, "Plan Width": 97, "Actual Min Startup Time": 2594.527, "Actual Max Startup Time": 2943.788, "Actual Min Total Time": 2594.527, "Actual Max Total Time": 2943.788, "Plans": [{"Node Type": "Nested Loop", "Parent Relationship": "Outer", "Join Type": "Inner", "Startup Cost": 0.0, "Total Cost": 315493.74, "Plan Rows": 12, "Plan Width": 33, "Actual Min Startup Time": 2594.521, "Actual Max Startup Time": 2703.086, "Actual Min Total Time": 2594.521, "Actual Max Total Time": 2943.734, "Inner Unique": true, "Join Filter": "(ci.movie_id = t.id)", "Rows Removed by Join Filter": 6598339, "Plans": [{"Node Type": "Streaming(type: LOCAL REDISTRIBUTE dop: 16/16)", "Parent Relationship": "Outer", "Startup Cost": 0.0, "Total Cost": 270678.06, "Plan Rows": 12, "Plan Width": 24, "Actual Min Startup Time": 96.319, "Actual Max Startup Time": 97.65, "Actual Min Total Time": 96.332, "Actual Max Total Time": 97.657, "Plans": [{"Node Type": "Nested Loop", "Parent Relationship": "Outer", "Join Type": "Inner", "Startup Cost": 0.0, "Total Cost": 255678.01, "Plan Rows": 12, "Plan Width": 24, "Actual Min Startup Time": 2336.107, "Actual Max Startup Time": 2622.806, "Actual Min Total Time": 2573.033, "Actual Max Total Time": 2622.806, "Inner Unique": false, "Join Filter": "(n1.id = an1.person_id)", "Rows Removed by Join Filter": 2146385, "Plans": [{"Node Type": "Streaming(type: LOCAL REDISTRIBUTE dop: 16/16)", "Parent Relationship": "Outer", "Startup Cost": 0.0, "Total Cost": 34659.52, "Plan Rows": 901342, "Plan Width": 20, "Actual Min Startup Time": 0.062, "Actual Max Startup Time": 0.458, "Actual Min Total Time": 13.587, "Actual Max Total Time": 511.967, "Plans": [{"Node Type": "Seq Scan", "Parent Relationship": "Outer", "Relation Name": "aka_name", "Alias": "an1", "Startup Cost": 0.0, "Total Cost": 16244.28, "Plan Rows": 901342, "Plan Width": 20, "Actual Min Startup Time": 0.018, "Actual Max Startup Time": 0.031, "Actual Min Total Time": 15.456, "Actual Max Total Time": 18.267, "Actual Rows": 901342}], "Actual Rows": 901342}, {"Node Type": "Materialize", "Parent Relationship": "Inner", "Startup Cost": 0.0, "Total Cost": 216899.09, "Plan Rows": 78, "Plan Width": 16, "Actual Min Startup Time": 2052.283, "Actual Max Startup Time": 2102.732, "Actual Min Total Time": 2052.283, "Actual Max Total Time": 2243.988, "Plans": [{"Node Type": "Streaming(type: LOCAL REDISTRIBUTE dop: 16/16)", "Parent Relationship": "Outer", "Startup Cost": 0.0, "Total Cost": 216899.07, "Plan Rows": 78, "Plan Width": 16, "Actual Min Startup Time": 2045.734, "Actual Max Startup Time": 2095.483, "Actual Min Total Time": 2045.734, "Actual Max Total Time": 2095.483, "Plans": [{"Node Type": "Nested Loop", "Parent Relationship": "Outer", "Join Type": "Inner", "Startup Cost": 0.0, "Total Cost": 201898.77, "Plan Rows": 78, "Plan Width": 16, "Actual Min Startup Time": 1942.203, "Actual Max Startup Time": 2129.118, "Actual Min Total Time": 2045.463, "Actual Max Total Time": 2129.118, "Inner Unique": false, "Join Filter": "(mc.company_id = cn.id)", "Rows Removed by Join Filter": 263290, "Plans": [{"Node Type": "Streaming(type: BROADCAST dop: 16/1)", "Parent Relationship": "Outer", "Startup Cost": 0.0, "Total Cost": 23075.47, "Plan Rows": 100640, "Plan Width": 4, "Actual Min Startup Time": 0.035, "Actual Max Startup Time": 0.073, "Actual Min Total Time": 111.675, "Actual Max Total Time": 124.699, "Plans": [{"Node Type": "Seq Scan", "Parent Relationship": "Outer", "Relation Name": "company_name", "Alias": "cn", "Startup Cost": 0.0, "Total Cost": 5903.45, "Plan Rows": 6290, "Plan Width": 4, "Actual Min Startup Time": 0.047, "Actual Max Startup Time": 0.047, "Actual Min Total Time": 83.597, "Actual Max Total Time": 83.597, "Filter": "((country_code)::text = '[jp]'::text)", "Rows Removed by Filter": 228244, "Actual Rows": 6752}], "Actual Rows": 108032}, {"Node Type": "Materialize", "Parent Relationship": "Inner", "Startup Cost": 0.0, "Total Cost": 172602.27, "Plan Rows": 1055, "Plan Width": 20, "Actual Min Startup Time": 1919.647, "Actual Max Startup Time": 2003.378, "Actual Min Total Time": 1919.647, "Actual Max Total Time": 2005.205, "Plans": [{"Node Type": "Nested Loop", "Parent Relationship": "Outer", "Join Type": "Inner", "Startup Cost": 0.0, "Total Cost": 172601.94, "Plan Rows": 1055, "Plan Width": 20, "Actual Min Startup Time": 1867.163, "Actual Max Startup Time": 2002.577, "Actual Min Total Time": 1919.045, "Actual Max Total Time": 2002.787, "Inner Unique": false, "Join Filter": "(ci.movie_id = mc.movie_id)", "Rows Removed by Join Filter": 1205748, "Plans": [{"Node Type": "Streaming(type: LOCAL REDISTRIBUTE dop: 16/16)", "Parent Relationship": "Outer", "Startup Cost": 0.0, "Total Cost": 33566.95, "Plan Rows": 36426, "Plan Width": 8, "Actual Min Startup Time": 0.063, "Actual Max Startup Time": 3.326, "Actual Min Total Time": 45.579, "Actual Max Total Time": 61.044, "Plans": [{"Node Type": "Seq Scan", "Parent Relationship": "Outer", "Relation Name": "movie_companies", "Alias": "mc", "Startup Cost": 0.0, "Total Cost": 18428.93, "Plan Rows": 36426, "Plan Width": 8, "Actual Min Startup Time": 0.054, "Actual Max Startup Time": 0.374, "Actual Min Total Time": 53.773, "Actual Max Total Time": 61.386, "Filter": "(((note)::text ~~ '%(Japan)%'::text) AND ((note)::text !~~ '%(USA)%'::text))", "Rows Removed by Filter": 2560231, "Actual Rows": 48897}], "Actual Rows": 48897}, {"Node Type": "Materialize", "Parent Relationship": "Inner", "Startup Cost": 0.0, "Total Cost": 136275.49, "Plan Rows": 1293, "Plan Width": 12, "Actual Min Startup Time": 1846.034, "Actual Max Startup Time": 1929.701, "Actual Min Total Time": 1850.159, "Actual Max Total Time": 1938.393, "Plans": [{"Node Type": "Streaming(type: LOCAL REDISTRIBUTE dop: 16/16)", "Parent Relationship": "Outer", "Startup Cost": 0.0, "Total Cost": 136275.09, "Plan Rows": 1293, "Plan Width": 12, "Actual Min Startup Time": 1788.172, "Actual Max Startup Time": 1871.809, "Actual Min Total Time": 1845.768, "Actual Max Total Time": 1929.411, "Plans": [{"Node Type": "Nested Loop", "Parent Relationship": "Outer", "Join Type": "Inner", "Startup Cost": 0.0, "Total Cost": 121270.19, "Plan Rows": 1293, "Plan Width": 12, "Actual Min Startup Time": 872.126, "Actual Max Startup Time": 1890.467, "Actual Min Total Time": 1797.572, "Actual Max Total Time": 1890.467, "Inner Unique": false, "Join Filter": "(ci.person_id = n1.id)", "Rows Removed by Join Filter": 45591108, "Plans": [{"Node Type": "Streaming(type: LOCAL REDISTRIBUTE dop: 16/16)", "Parent Relationship": "Outer", "Startup Cost": 0.0, "Total Cost": 37171.95, "Plan Rows": 13886, "Plan Width": 4, "Actual Min Startup Time": 0.035, "Actual Max Startup Time": 0.07, "Actual Min Total Time": 0.522, "Actual Max Total Time": 721.482, "Plans": [{"Node Type": "Seq Scan", "Parent Relationship": "Outer", "Relation Name": "name", "Alias": "n1", "Startup Cost": 0.0, "Total Cost": 22119.33, "Plan Rows": 13886, "Plan Width": 4, "Actual Min Startup Time": 0.055, "Actual Max Startup Time": 1.696, "Actual Min Total Time": 100.612, "Actual Max Total Time": 106.512, "Filter": "(((name)::text ~~ '%Yo%'::text) AND ((name)::text !~~ '%Yu%'::text))", "Rows Removed by Filter": 4146579, "Actual Rows": 20911}], "Actual Rows": 20911}, {"Node Type": "Materialize", "Parent Relationship": "Inner", "Startup Cost": 0.0, "Total Cost": 76947.78, "Plan Rows": 8790, "Plan Width": 8, "Actual Min Startup Time": 677.558, "Actual Max Startup Time": 773.834, "Actual Min Total Time": 835.464, "Actual Max Total Time": 1096.272, "Plans": [{"Node Type": "Streaming(type: LOCAL REDISTRIBUTE dop: 16/1)", "Parent Relationship": "Outer", "Startup Cost": 0.0, "Total Cost": 76945.03, "Plan Rows": 8790, "Plan Width": 8, "Actual Min Startup Time": 640.194, "Actual Max Startup Time": 737.495, "Actual Min Total Time": 677.077, "Actual Max Total Time": 773.454, "Plans": [{"Node Type": "Nested Loop", "Parent Relationship": "Outer", "Join Type": "Inner", "Startup Cost": 0.0, "Total Cost": 61579.53, "Plan Rows": 8790, "Plan Width": 8, "Actual Min Startup Time": 671.514, "Actual Max Startup Time": 671.514, "Actual Min Total Time": 688.184, "Actual Max Total Time": 688.184, "Inner Unique": false, "Join Filter": "(ci.role_id = rt.id)", "Rows Removed by Join Filter": 58247, "Plans": [{"Node Type": "Seq Scan", "Parent Relationship": "Outer", "Relation Name": "role_type", "Alias": "rt", "Startup Cost": 0.0, "Total Cost": 1.15, "Plan Rows": 1, "Plan Width": 4, "Actual Min Startup Time": 0.066, "Actual Max Startup Time": 0.066, "Actual Min Total Time": 0.074, "Actual Max Total Time": 0.074, "Filter": "((role)::text = 'actress'::text)", "Rows Removed by Filter": 11, "Actual Rows": 1}, {"Node Type": "Materialize", "Parent Relationship": "Inner", "Startup Cost": 0.0, "Total Cost": 60611.46, "Plan Rows": 96692, "Plan Width": 12, "Actual Min Startup Time": 654.932, "Actual Max Startup Time": 654.932, "Actual Min Total Time": 664.855, "Actual Max Total Time": 664.855, "Plans": [{"Node Type": "Streaming(type: LOCAL GATHER dop: 1/16)", "Parent Relationship": "Outer", "Startup Cost": 0.0, "Total Cost": 60369.73, "Plan Rows": 96692, "Plan Width": 12, "Actual Min Startup Time": 0.071, "Actual Max Startup Time": 0.071, "Actual Min Total Time": 641.173, "Actual Max Total Time": 641.173, "Plans": [{"Node Type": "Seq Scan", "Parent Relationship": "Outer", "Relation Name": "cast_info", "Alias": "ci", "Startup Cost": 0.0, "Total Cost": 58282.92, "Plan Rows": 96692, "Plan Width": 12, "Actual Min Startup Time": 0.069, "Actual Max Startup Time": 2.946, "Actual Min Total Time": 606.417, "Actual Max Total Time": 649.451, "Filter": "((note)::text = '(voice: English version)'::text)", "Rows Removed by Filter": 36151248, "Actual Rows": 93095}], "Actual Rows": 93095}], "Actual Rows": 93096}], "Actual Rows": 34848}], "Actual Rows": 34848}], "Actual Rows": 45591518}], "Actual Rows": 394}], "Actual Rows": 394}], "Actual Rows": 1205803}], "Actual Rows": 39}], "Actual Rows": 263340}], "Actual Rows": 38}], "Actual Rows": 38}], "Actual Rows": 2146450}], "Actual Rows": 62}], "Actual Rows": 62}, {"Node Type": "Materialize", "Parent Relationship": "Inner", "Startup Cost": 0.0, "Total Cost": 49655.03, "Plan Rows": 2528311, "Plan Width": 21, "Actual Min Startup Time": 2493.626, "Actual Max Startup Time": 2573.696, "Actual Min Total Time": 2493.626, "Actual Max Total Time": 2665.938, "Plans": [{"Node Type": "Streaming(type: LOCAL REDISTRIBUTE dop: 16/16)", "Parent Relationship": "Outer", "Startup Cost": 0.0, "Total Cost": 43334.25, "Plan Rows": 2528311, "Plan Width": 21, "Actual Min Startup Time": 0.056, "Actual Max Startup Time": 33.889, "Actual Min Total Time": 2468.55, "Actual Max Total Time": 2549.729, "Plans": [{"Node Type": "Seq Scan", "Parent Relationship": "Outer", "Relation Name": "title", "Alias": "t", "Startup Cost": 0.0, "Total Cost": 18754.32, "Plan Rows": 2528311, "Plan Width": 21, "Actual Min Startup Time": 0.017, "Actual Max Startup Time": 0.031, "Actual Min Total Time": 47.36, "Actual Max Total Time": 50.396, "Actual Rows": 2528311}], "Actual Rows": 2528311}], "Actual Rows": 6598417}], "Actual Rows": 62}], "Actual Rows": 16}], "Actual Rows": 16}], "Actual Rows": 1}, "Triggers": [], "Planner Runtime": 15, "Total Runtime": 3170.296, "Unique SQL Id": 3544391839}}, "(16, 127)": {"explain_plan": {"Plan": {"Node Type": "Aggregate", "Strategy": "Plain", "Startup Cost": 7000209677653.96, "Total Cost": 7000209677653.97, "Plan Rows": 1, "Plan Width": 97, "Plans": [{"Node Type": "Nested Loop", "Parent Relationship": "Outer", "Join Type": "Inner", "Startup Cost": 70000000000.0, "Total Cost": 7000209677653.91, "Plan Rows": 12, "Plan Width": 33, "Inner Unique": false, "Join Filter": "(ci.movie_id = t.id)", "Plans": [{"Node Type": "Index Scan", "Parent Relationship": "Outer", "Scan Direction": "Forward", "Index Name": "title_pkey", "Relation Name": "title", "Alias": "t", "Startup Cost": 10000000000.0, "Total Cost": 1000011012048.91, "Plan Rows": 2528311, "Plan Width": 21}, {"Node Type": "Materialize", "Parent Relationship": "Inner", "Startup Cost": 60000000000.0, "Total Cost": 6000198210509.04, "Plan Rows": 12, "Plan Width": 24, "Plans": [{"Node Type": "Nested Loop", "Parent Relationship": "Outer", "Join Type": "Inner", "Startup Cost": 60000000000.0, "Total Cost": 6000198210508.98, "Plan Rows": 12, "Plan Width": 24, "Inner Unique": false, "Join Filter": "(n1.id = an1.person_id)", "Plans": [{"Node Type": "Nested Loop", "Parent Relationship": "Outer", "Join Type": "Inner", "Startup Cost": 50000000000.0, "Total Cost": 5000190257182.06, "Plan Rows": 78, "Plan Width": 16, "Inner Unique": true, "Join Filter": "(ci.person_id = n1.id)", "Plans": [{"Node Type": "Nested Loop", "Parent Relationship": "Outer", "Join Type": "Inner", "Startup Cost": 40000000000.0, "Total Cost": 4000170439317.36, "Plan Rows": 532, "Plan Width": 12, "Inner Unique": true, "Join Filter": "(ci.role_id = rt.id)", "Plans": [{"Node Type": "Nested Loop", "Parent Relationship": "Outer", "Join Type": "Inner", "Startup Cost": 30000000000.0, "Total Cost": 3000170437983.65, "Plan Rows": 5847, "Plan Width": 16, "Inner Unique": false, "Join Filter": "(mc.movie_id = ci.movie_id)", "Plans": [{"Node Type": "Nested Loop", "Parent Relationship": "Outer", "Join Type": "Inner", "Startup Cost": 20000000000.0, "Total Cost": 2000018843457.92, "Plan Rows": 5775, "Plan Width": 4, "Inner Unique": true, "Join Filter": "(cn.id = mc.company_id)", "Plans": [{"Node Type": "Index Scan", "Parent Relationship": "Outer", "Scan Direction": "Forward", "Index Name": "movie_id_movie_companies", "Relation Name": "movie_companies", "Alias": "mc", "Startup Cost": 10000000000.0, "Total Cost": 1000014356510.13, "Plan Rows": 36426, "Plan Width": 8, "Filter": "(((note)::text ~~ '%(Japan)%'::text) AND ((note)::text !~~ '%(USA)%'::text))"}, {"Node Type": "Materialize", "Parent Relationship": "Inner", "Startup Cost": 10000000000.0, "Total Cost": 1000001050170.42, "Plan Rows": 6290, "Plan Width": 4, "Plans": [{"Node Type": "Index Scan", "Parent Relationship": "Outer", "Scan Direction": "Forward", "Index Name": "company_name_pkey", "Relation Name": "company_name", "Alias": "cn", "Startup Cost": 10000000000.0, "Total Cost": 1000001050138.97, "Plan Rows": 6290, "Plan Width": 4, "Filter": "((country_code)::text = '[jp]'::text)"}]}]}, {"Node Type": "Materialize", "Parent Relationship": "Inner", "Startup Cost": 10000000000.0, "Total Cost": 1000143218822.96, "Plan Rows": 96692, "Plan Width": 12, "Plans": [{"Node Type": "Index Scan", "Parent Relationship": "Outer", "Scan Direction": "Forward", "Index Name": "role_id_cast_info", "Relation Name": "cast_info", "Alias": "ci", "Startup Cost": 10000000000.0, "Total Cost": 1000143218339.5, "Plan Rows": 96692, "Plan Width": 12, "Filter": "((note)::text = '(voice: English version)'::text)"}]}]}, {"Node Type": "Materialize", "Parent Relationship": "Inner", "Startup Cost": 10000000000.0, "Total Cost": 1000000001246.0, "Plan Rows": 1, "Plan Width": 4, "Plans": [{"Node Type": "Index Scan", "Parent Relationship": "Outer", "Scan Direction": "Forward", "Index Name": "role_type_pkey", "Relation Name": "role_type", "Alias": "rt", "Startup Cost": 10000000000.0, "Total Cost": 1000000001246.0, "Plan Rows": 1, "Plan Width": 4, "Filter": "((role)::text = 'actress'::text)"}]}]}, {"Node Type": "Materialize", "Parent Relationship": "Inner", "Startup Cost": 10000000000.0, "Total Cost": 1000019707089.13, "Plan Rows": 13886, "Plan Width": 4, "Plans": [{"Node Type": "Index Scan", "Parent Relationship": "Outer", "Scan Direction": "Forward", "Index Name": "name_pkey", "Relation Name": "name", "Alias": "n1", "Startup Cost": 10000000000.0, "Total Cost": 1000019707019.7, "Plan Rows": 13886, "Plan Width": 4, "Filter": "(((name)::text ~~ '%Yo%'::text) AND ((name)::text !~~ '%Yu%'::text))"}]}]}, {"Node Type": "Materialize", "Parent Relationship": "Inner", "Startup Cost": 10000000000.0, "Total Cost": 1000006901010.14, "Plan Rows": 901342, "Plan Width": 20, "Plans": [{"Node Type": "Index Scan", "Parent Relationship": "Outer", "Scan Direction": "Forward", "Index Name": "person_id_aka_name", "Relation Name": "aka_name", "Alias": "an1", "Startup Cost": 10000000000.0, "Total Cost": 1000006896503.43, "Plan Rows": 901342, "Plan Width": 20}]}]}]}]}]}, "Unique SQL Id": 3544391839, "Planner Runtime": 6}, "explain_analyze_plan": null}, "(64, 0)": {"explain_plan": {"Plan": {"Node Type": "Aggregate", "Strategy": "Plain", "Startup Cost": 90336.25, "Total Cost": 90336.26, "Plan Rows": 1, "Plan Width": 97, "Plans": [{"Node Type": "Nested Loop", "Parent Relationship": "Outer", "Join Type": "Inner", "Startup Cost": 5982.08, "Total Cost": 90333.02, "Plan Rows": 646, "Plan Width": 33, "Inner Unique": true, "Plans": [{"Node Type": "Nested Loop", "Parent Relationship": "Outer", "Join Type": "Inner", "Startup Cost": 5982.08, "Total Cost": 89957.48, "Plan Rows": 645, "Plan Width": 41, "Inner Unique": false, "Plans": [{"Node Type": "Nested Loop", "Parent Relationship": "Outer", "Join Type": "Inner", "Startup Cost": 5982.08, "Total Cost": 89503.27, "Plan Rows": 532, "Plan Width": 21, "Inner Unique": false, "Join Filter": "(ci.role_id = rt.id)", "Plans": [{"Node Type": "Seq Scan", "Parent Relationship": "Outer", "Relation Name": "role_type", "Alias": "rt", "Startup Cost": 0.0, "Total Cost": 1.15, "Plan Rows": 1, "Plan Width": 4, "Filter": "((role)::text = 'actress'::text)"}, {"Node Type": "Nested Loop", "Parent Relationship": "Inner", "Join Type": "Inner", "Startup Cost": 5982.08, "Total Cost": 89429.03, "Plan Rows": 5847, "Plan Width": 25, "Inner Unique": false, "Plans": [{"Node Type": "Nested Loop", "Parent Relationship": "Outer", "Join Type": "Inner", "Startup Cost": 5982.08, "Total Cost": 83686.44, "Plan Rows": 5775, "Plan Width": 25, "Inner Unique": true, "Plans": [{"Node Type": "Hash Join", "Parent Relationship": "Outer", "Join Type": "Inner", "Startup Cost": 5982.08, "Total Cost": 61039.34, "Plan Rows": 5775, "Plan Width": 4, "Inner Unique": true, "Hash Cond": "(mc.company_id = cn.id)", "Plans": [{"Node Type": "Seq Scan", "Parent Relationship": "Outer", "Relation Name": "movie_companies", "Alias": "mc", "Startup Cost": 0.0, "Total Cost": 54862.92, "Plan Rows": 36426, "Plan Width": 8, "Filter": "(((note)::text ~~ '%(Japan)%'::text) AND ((note)::text !~~ '%(USA)%'::text))"}, {"Node Type": "Hash", "Parent Relationship": "Inner", "Startup Cost": 5903.45, "Total Cost": 5903.45, "Plan Rows": 6290, "Plan Width": 4, "Plans": [{"Node Type": "Seq Scan", "Parent Relationship": "Outer", "Relation Name": "company_name", "Alias": "cn", "Startup Cost": 0.0, "Total Cost": 5903.45, "Plan Rows": 6290, "Plan Width": 4, "Filter": "((country_code)::text = '[jp]'::text)"}]}]}, {"Node Type": "Index Scan", "Parent Relationship": "Inner", "Scan Direction": "Forward", "Index Name": "title_pkey", "Relation Name": "title", "Alias": "t", "Startup Cost": 0.0, "Total Cost": 3.91, "Plan Rows": 1, "Plan Width": 21, "Index Cond": "(id = mc.movie_id)"}]}, {"Node Type": "Index Scan", "Parent Relationship": "Inner", "Scan Direction": "Forward", "Index Name": "movie_id_cast_info", "Relation Name": "cast_info", "Alias": "ci", "Startup Cost": 0.0, "Total Cost": 0.98, "Plan Rows": 1, "Plan Width": 12, "Index Cond": "(movie_id = t.id)", "Filter": "((note)::text = '(voice: English version)'::text)"}]}]}, {"Node Type": "Index Scan", "Parent Relationship": "Inner", "Scan Direction": "Forward", "Index Name": "person_id_aka_name", "Relation Name": "aka_name", "Alias": "an1", "Startup Cost": 0.0, "Total Cost": 0.84, "Plan Rows": 1, "Plan Width": 20, "Index Cond": "(person_id = ci.person_id)"}]}, {"Node Type": "Index Scan", "Parent Relationship": "Inner", "Scan Direction": "Forward", "Index Name": "name_pkey", "Relation Name": "name", "Alias": "n1", "Startup Cost": 0.0, "Total Cost": 0.57, "Plan Rows": 1, "Plan Width": 4, "Index Cond": "(id = an1.person_id)", "Filter": "(((name)::text ~~ '%Yo%'::text) AND ((name)::text !~~ '%Yu%'::text))"}]}]}, "Unique SQL Id": 3544391839, "Planner Runtime": 43}, "explain_analyze_plan": {"Plan": {"Node Type": "Aggregate", "Strategy": "Plain", "Startup Cost": 90336.25, "Total Cost": 90336.26, "Plan Rows": 1, "Plan Width": 97, "Actual Startup Time": 4152.758, "Actual Total Time": 4152.759, "Actual Rows": 1, "Actual Loops": 1, "Plans": [{"Node Type": "Nested Loop", "Parent Relationship": "Outer", "Join Type": "Inner", "Startup Cost": 5982.08, "Total Cost": 90333.02, "Plan Rows": 646, "Plan Width": 33, "Actual Startup Time": 377.286, "Actual Total Time": 4152.427, "Actual Rows": 62, "Actual Loops": 1, "Inner Unique": true, "Plans": [{"Node Type": "Nested Loop", "Parent Relationship": "Outer", "Join Type": "Inner", "Startup Cost": 5982.08, "Total Cost": 89957.48, "Plan Rows": 645, "Plan Width": 41, "Actual Startup Time": 85.363, "Actual Total Time": 4079.491, "Actual Rows": 17379, "Actual Loops": 1, "Inner Unique": false, "Plans": [{"Node Type": "Nested Loop", "Parent Relationship": "Outer", "Join Type": "Inner", "Startup Cost": 5982.08, "Total Cost": 89503.27, "Plan Rows": 532, "Plan Width": 21, "Actual Startup Time": 85.344, "Actual Total Time": 4032.018, "Actual Rows": 7438, "Actual Loops": 1, "Inner Unique": false, "Join Filter": "(ci.role_id = rt.id)", "Rows Removed by Join Filter": 12162, "Plans": [{"Node Type": "Seq Scan", "Parent Relationship": "Outer", "Relation Name": "role_type", "Alias": "rt", "Startup Cost": 0.0, "Total Cost": 1.15, "Plan Rows": 1, "Plan Width": 4, "Actual Startup Time": 0.026, "Actual Total Time": 0.032, "Actual Rows": 1, "Actual Loops": 1, "Filter": "((role)::text = 'actress'::text)", "Rows Removed by Filter": 11}, {"Node Type": "Nested Loop", "Parent Relationship": "Inner", "Join Type": "Inner", "Startup Cost": 5982.08, "Total Cost": 89429.03, "Plan Rows": 5847, "Plan Width": 25, "Actual Startup Time": 85.31, "Actual Total Time": 4026.457, "Actual Rows": 19600, "Actual Loops": 1, "Inner Unique": false, "Plans": [{"Node Type": "Nested Loop", "Parent Relationship": "Outer", "Join Type": "Inner", "Startup Cost": 5982.08, "Total Cost": 83686.44, "Plan Rows": 5775, "Plan Width": 25, "Actual Startup Time": 85.17, "Actual Total Time": 1322.662, "Actual Rows": 48328, "Actual Loops": 1, "Inner Unique": true, "Plans": [{"Node Type": "Hash Join", "Parent Relationship": "Outer", "Join Type": "Inner", "Startup Cost": 5982.08, "Total Cost": 61039.34, "Plan Rows": 5775, "Plan Width": 4, "Actual Startup Time": 85.123, "Actual Total Time": 1076.877, "Actual Rows": 48328, "Actual Loops": 1, "Inner Unique": true, "Hash Cond": "(mc.company_id = cn.id)", "Plans": [{"Node Type": "Seq Scan", "Parent Relationship": "Outer", "Relation Name": "movie_companies", "Alias": "mc", "Startup Cost": 0.0, "Total Cost": 54862.92, "Plan Rows": 36426, "Plan Width": 8, "Actual Startup Time": 0.239, "Actual Total Time": 958.298, "Actual Rows": 48897, "Actual Loops": 1, "Filter": "(((note)::text ~~ '%(Japan)%'::text) AND ((note)::text !~~ '%(USA)%'::text))", "Rows Removed by Filter": 2560231}, {"Node Type": "Hash", "Parent Relationship": "Inner", "Startup Cost": 5903.45, "Total Cost": 5903.45, "Plan Rows": 6290, "Plan Width": 4, "Actual Startup Time": 84.82, "Actual Total Time": 84.82, "Actual Rows": 6752, "Actual Loops": 1, "Hash Buckets": 32768, "Hash Batches": 1, "Original Hash Batches": 1, "Peak Memory Usage": 238, "Plans": [{"Node Type": "Seq Scan", "Parent Relationship": "Outer", "Relation Name": "company_name", "Alias": "cn", "Startup Cost": 0.0, "Total Cost": 5903.45, "Plan Rows": 6290, "Plan Width": 4, "Actual Startup Time": 0.028, "Actual Total Time": 82.767, "Actual Rows": 6752, "Actual Loops": 1, "Filter": "((country_code)::text = '[jp]'::text)", "Rows Removed by Filter": 228244}]}]}, {"Node Type": "Index Scan", "Parent Relationship": "Inner", "Scan Direction": "Forward", "Index Name": "title_pkey", "Relation Name": "title", "Alias": "t", "Startup Cost": 0.0, "Total Cost": 3.91, "Plan Rows": 1, "Plan Width": 21, "Actual Startup Time": 204.969, "Actual Total Time": 204.969, "Actual Rows": 48328, "Actual Loops": 48328, "Index Cond": "(id = mc.movie_id)", "Rows Removed by Index Recheck": 0}]}, {"Node Type": "Index Scan", "Parent Relationship": "Inner", "Scan Direction": "Forward", "Index Name": "movie_id_cast_info", "Relation Name": "cast_info", "Alias": "ci", "Startup Cost": 0.0, "Total Cost": 0.98, "Plan Rows": 1, "Plan Width": 12, "Actual Startup Time": 2552.355, "Actual Total Time": 2673.299, "Actual Rows": 19600, "Actual Loops": 48328, "Index Cond": "(movie_id = t.id)", "Rows Removed by Index Recheck": 0, "Filter": "((note)::text = '(voice: English version)'::text)", "Rows Removed by Filter": 1531710}]}]}, {"Node Type": "Index Scan", "Parent Relationship": "Inner", "Scan Direction": "Forward", "Index Name": "person_id_aka_name", "Relation Name": "aka_name", "Alias": "an1", "Startup Cost": 0.0, "Total Cost": 0.84, "Plan Rows": 1, "Plan Width": 20, "Actual Startup Time": 30.665, "Actual Total Time": 38.64, "Actual Rows": 17379, "Actual Loops": 7438, "Index Cond": "(person_id = ci.person_id)", "Rows Removed by Index Recheck": 0}]}, {"Node Type": "Index Scan", "Parent Relationship": "Inner", "Scan Direction": "Forward", "Index Name": "name_pkey", "Relation Name": "name", "Alias": "n1", "Startup Cost": 0.0, "Total Cost": 0.57, "Plan Rows": 1, "Plan Width": 4, "Actual Startup Time": 64.247, "Actual Total Time": 64.247, "Actual Rows": 62, "Actual Loops": 17379, "Index Cond": "(id = an1.person_id)", "Rows Removed by Index Recheck": 0, "Filter": "(((name)::text ~~ '%Yo%'::text) AND ((name)::text !~~ '%Yu%'::text))", "Rows Removed by Filter": 17317}]}]}, "Triggers": [], "Planner Runtime": 43, "Total Runtime": 4153.142, "Unique SQL Id": 3544391839}}, "(64, 1)": {"explain_plan": {"Plan": {"Node Type": "Aggregate", "Strategy": "Plain", "Startup Cost": 109008.11, "Total Cost": 109008.12, "Plan Rows": 1, "Plan Width": 97, "Plans": [{"Node Type": "Nested Loop", "Parent Relationship": "Outer", "Join Type": "Inner", "Startup Cost": 2780.8, "Total Cost": 109007.63, "Plan Rows": 96, "Plan Width": 33, "Inner Unique": true, "Plans": [{"Node Type": "Nested Loop", "Parent Relationship": "Outer", "Join Type": "Inner", "Startup Cost": 2780.8, "Total Cost": 108632.09, "Plan Rows": 645, "Plan Width": 41, "Inner Unique": false, "Plans": [{"Node Type": "Nested Loop", "Parent Relationship": "Outer", "Join Type": "Inner", "Startup Cost": 2780.8, "Total Cost": 108177.88, "Plan Rows": 532, "Plan Width": 21, "Inner Unique": false, "Join Filter": "(ci.role_id = rt.id)", "Plans": [{"Node Type": "Index Scan", "Parent Relationship": "Outer", "Scan Direction": "Forward", "Index Name": "role_type_pkey", "Relation Name": "role_type", "Alias": "rt", "Startup Cost": 0.0, "Total Cost": 12.46, "Plan Rows": 1, "Plan Width": 4, "Filter": "((role)::text = 'actress'::text)"}, {"Node Type": "Nested Loop", "Parent Relationship": "Inner", "Join Type": "Inner", "Startup Cost": 2780.8, "Total Cost": 108092.33, "Plan Rows": 5847, "Plan Width": 25, "Inner Unique": false, "Plans": [{"Node Type": "Nested Loop", "Parent Relationship": "Outer", "Join Type": "Inner", "Startup Cost": 2780.8, "Total Cost": 102349.74, "Plan Rows": 5775, "Plan Width": 25, "Inner Unique": true, "Plans": [{"Node Type": "Nested Loop", "Parent Relationship": "Outer", "Join Type": "Inner", "Startup Cost": 2780.8, "Total Cost": 79702.64, "Plan Rows": 5775, "Plan Width": 4, "Inner Unique": false, "Plans": [{"Node Type": "Bitmap Heap Scan", "Parent Relationship": "Outer", "Relation Name": "company_name", "Alias": "cn", "Startup Cost": 2780.8, "Total Cost": 8684.25, "Plan Rows": 6290, "Plan Width": 4, "Filter": "((country_code)::text = '[jp]'::text)", "Plans": [{"Node Type": "Bitmap Index Scan", "Parent Relationship": "Outer", "Index Name": "company_name_pkey", "Startup Cost": 0.0, "Total Cost": 2779.23, "Plan Rows": 234996, "Plan Width": 0}]}, {"Node Type": "Index Scan", "Parent Relationship": "Inner", "Scan Direction": "Forward", "Index Name": "company_id_movie_companies", "Relation Name": "movie_companies", "Alias": "mc", "Startup Cost": 0.0, "Total Cost": 11.28, "Plan Rows": 1, "Plan Width": 8, "Index Cond": "(company_id = cn.id)", "Filter": "(((note)::text ~~ '%(Japan)%'::text) AND ((note)::text !~~ '%(USA)%'::text))"}]}, {"Node Type": "Index Scan", "Parent Relationship": "Inner", "Scan Direction": "Forward", "Index Name": "title_pkey", "Relation Name": "title", "Alias": "t", "Startup Cost": 0.0, "Total Cost": 3.91, "Plan Rows": 1, "Plan Width": 21, "Index Cond": "(id = mc.movie_id)"}]}, {"Node Type": "Index Scan", "Parent Relationship": "Inner", "Scan Direction": "Forward", "Index Name": "movie_id_cast_info", "Relation Name": "cast_info", "Alias": "ci", "Startup Cost": 0.0, "Total Cost": 0.98, "Plan Rows": 1, "Plan Width": 12, "Index Cond": "(movie_id = t.id)", "Filter": "((note)::text = '(voice: English version)'::text)"}]}]}, {"Node Type": "Index Scan", "Parent Relationship": "Inner", "Scan Direction": "Forward", "Index Name": "person_id_aka_name", "Relation Name": "aka_name", "Alias": "an1", "Startup Cost": 0.0, "Total Cost": 0.84, "Plan Rows": 1, "Plan Width": 20, "Index Cond": "(person_id = ci.person_id)"}]}, {"Node Type": "Index Scan", "Parent Relationship": "Inner", "Scan Direction": "Forward", "Index Name": "name_pkey", "Relation Name": "name", "Alias": "n1", "Startup Cost": 0.0, "Total Cost": 0.57, "Plan Rows": 1, "Plan Width": 4, "Index Cond": "(id = an1.person_id)", "Filter": "(((name)::text ~~ '%Yo%'::text) AND ((name)::text !~~ '%Yu%'::text))"}]}]}, "Unique SQL Id": 3544391839, "Planner Runtime": 36}, "explain_analyze_plan": {"Plan": {"Node Type": "Aggregate", "Strategy": "Plain", "Startup Cost": 109008.11, "Total Cost": 109008.12, "Plan Rows": 1, "Plan Width": 97, "Actual Startup Time": 4003.494, "Actual Total Time": 4003.495, "Actual Rows": 1, "Actual Loops": 1, "Plans": [{"Node Type": "Nested Loop", "Parent Relationship": "Outer", "Join Type": "Inner", "Startup Cost": 2780.8, "Total Cost": 109007.63, "Plan Rows": 96, "Plan Width": 33, "Actual Startup Time": 331.901, "Actual Total Time": 4003.162, "Actual Rows": 62, "Actual Loops": 1, "Inner Unique": true, "Plans": [{"Node Type": "Nested Loop", "Parent Relationship": "Outer", "Join Type": "Inner", "Startup Cost": 2780.8, "Total Cost": 108632.09, "Plan Rows": 645, "Plan Width": 41, "Actual Startup Time": 33.644, "Actual Total Time": 3925.188, "Actual Rows": 17379, "Actual Loops": 1, "Inner Unique": false, "Plans": [{"Node Type": "Nested Loop", "Parent Relationship": "Outer", "Join Type": "Inner", "Startup Cost": 2780.8, "Total Cost": 108177.88, "Plan Rows": 532, "Plan Width": 21, "Actual Startup Time": 33.626, "Actual Total Time": 3872.733, "Actual Rows": 7438, "Actual Loops": 1, "Inner Unique": false, "Join Filter": "(ci.role_id = rt.id)", "Rows Removed by Join Filter": 12162, "Plans": [{"Node Type": "Index Scan", "Parent Relationship": "Outer", "Scan Direction": "Forward", "Index Name": "role_type_pkey", "Relation Name": "role_type", "Alias": "rt", "Startup Cost": 0.0, "Total Cost": 12.46, "Plan Rows": 1, "Plan Width": 4, "Actual Startup Time": 0.026, "Actual Total Time": 0.037, "Actual Rows": 1, "Actual Loops": 1, "Filter": "((role)::text = 'actress'::text)", "Rows Removed by Filter": 11}, {"Node Type": "Nested Loop", "Parent Relationship": "Inner", "Join Type": "Inner", "Startup Cost": 2780.8, "Total Cost": 108092.33, "Plan Rows": 5847, "Plan Width": 25, "Actual Startup Time": 33.59, "Actual Total Time": 3867.308, "Actual Rows": 19600, "Actual Loops": 1, "Inner Unique": false, "Plans": [{"Node Type": "Nested Loop", "Parent Relationship": "Outer", "Join Type": "Inner", "Startup Cost": 2780.8, "Total Cost": 102349.74, "Plan Rows": 5775, "Plan Width": 25, "Actual Startup Time": 33.508, "Actual Total Time": 772.839, "Actual Rows": 48328, "Actual Loops": 1, "Inner Unique": true, "Plans": [{"Node Type": "Nested Loop", "Parent Relationship": "Outer", "Join Type": "Inner", "Startup Cost": 2780.8, "Total Cost": 79702.64, "Plan Rows": 5775, "Plan Width": 4, "Actual Startup Time": 33.487, "Actual Total Time": 439.31, "Actual Rows": 48328, "Actual Loops": 1, "Inner Unique": false, "Plans": [{"Node Type": "Bitmap Heap Scan", "Parent Relationship": "Outer", "Relation Name": "company_name", "Alias": "cn", "Startup Cost": 2780.8, "Total Cost": 8684.25, "Plan Rows": 6290, "Plan Width": 4, "Actual Startup Time": 33.368, "Actual Total Time": 158.242, "Actual Rows": 6752, "Actual Loops": 1, "Filter": "((country_code)::text = '[jp]'::text)", "Rows Removed by Filter": 228244, "Exact Heap Blocks": 2966, "Lossy Heap Blocks": 2966, "Plans": [{"Node Type": "Bitmap Index Scan", "Parent Relationship": "Outer", "Index Name": "company_name_pkey", "Startup Cost": 0.0, "Total Cost": 2779.23, "Plan Rows": 234996, "Plan Width": 0, "Actual Startup Time": 32.868, "Actual Total Time": 32.868, "Actual Rows": 234996, "Actual Loops": 1}]}, {"Node Type": "Index Scan", "Parent Relationship": "Inner", "Scan Direction": "Forward", "Index Name": "company_id_movie_companies", "Relation Name": "movie_companies", "Alias": "mc", "Startup Cost": 0.0, "Total Cost": 11.28, "Plan Rows": 1, "Plan Width": 8, "Actual Startup Time": 97.735, "Actual Total Time": 264.712, "Actual Rows": 48328, "Actual Loops": 6752, "Index Cond": "(company_id = cn.id)", "Rows Removed by Index Recheck": 0, "Filter": "(((note)::text ~~ '%(Japan)%'::text) AND ((note)::text !~~ '%(USA)%'::text))", "Rows Removed by Filter": 56667}]}, {"Node Type": "Index Scan", "Parent Relationship": "Inner", "Scan Direction": "Forward", "Index Name": "title_pkey", "Relation Name": "title", "Alias": "t", "Startup Cost": 0.0, "Total Cost": 3.91, "Plan Rows": 1, "Plan Width": 21, "Actual Startup Time": 290.461, "Actual Total Time": 290.461, "Actual Rows": 48328, "Actual Loops": 48328, "Index Cond": "(id = mc.movie_id)", "Rows Removed by Index Recheck": 0}]}, {"Node Type": "Index Scan", "Parent Relationship": "Inner", "Scan Direction": "Forward", "Index Name": "movie_id_cast_info", "Relation Name": "cast_info", "Alias": "ci", "Startup Cost": 0.0, "Total Cost": 0.98, "Plan Rows": 1, "Plan Width": 12, "Actual Startup Time": 2927.181, "Actual Total Time": 3062.961, "Actual Rows": 19600, "Actual Loops": 48328, "Index Cond": "(movie_id = t.id)", "Rows Removed by Index Recheck": 0, "Filter": "((note)::text = '(voice: English version)'::text)", "Rows Removed by Filter": 1531710}]}]}, {"Node Type": "Index Scan", "Parent Relationship": "Inner", "Scan Direction": "Forward", "Index Name": "person_id_aka_name", "Relation Name": "aka_name", "Alias": "an1", "Startup Cost": 0.0, "Total Cost": 0.84, "Plan Rows": 1, "Plan Width": 20, "Actual Startup Time": 35.023, "Actual Total Time": 43.562, "Actual Rows": 17379, "Actual Loops": 7438, "Index Cond": "(person_id = ci.person_id)", "Rows Removed by Index Recheck": 0}]}, {"Node Type": "Index Scan", "Parent Relationship": "Inner", "Scan Direction": "Forward", "Index Name": "name_pkey", "Relation Name": "name", "Alias": "n1", "Startup Cost": 0.0, "Total Cost": 0.57, "Plan Rows": 1, "Plan Width": 4, "Actual Startup Time": 68.919, "Actual Total Time": 68.919, "Actual Rows": 62, "Actual Loops": 17379, "Index Cond": "(id = an1.person_id)", "Rows Removed by Index Recheck": 0, "Filter": "(((name)::text ~~ '%Yo%'::text) AND ((name)::text !~~ '%Yu%'::text))", "Rows Removed by Filter": 17317}]}]}, "Triggers": [], "Planner Runtime": 25, "Total Runtime": 4003.921, "Unique SQL Id": 3544391839}}, "(64, 2)": {"explain_plan": {"Plan": {"Node Type": "Aggregate", "Strategy": "Plain", "Startup Cost": 123512.13, "Total Cost": 123512.14, "Plan Rows": 1, "Plan Width": 97, "Plans": [{"Node Type": "Nested Loop", "Parent Relationship": "Outer", "Join Type": "Inner", "Startup Cost": 5984.57, "Total Cost": 123508.9, "Plan Rows": 646, "Plan Width": 33, "Inner Unique": true, "Plans": [{"Node Type": "Nested Loop", "Parent Relationship": "Outer", "Join Type": "Inner", "Startup Cost": 5984.25, "Total Cost": 120700.31, "Plan Rows": 645, "Plan Width": 41, "Inner Unique": false, "Plans": [{"Node Type": "Nested Loop", "Parent Relationship": "Outer", "Join Type": "Inner", "Startup Cost": 5983.86, "Total Cost": 118357.75, "Plan Rows": 532, "Plan Width": 21, "Inner Unique": false, "Join Filter": "(ci.role_id = rt.id)", "Plans": [{"Node Type": "Seq Scan", "Parent Relationship": "Outer", "Relation Name": "role_type", "Alias": "rt", "Startup Cost": 0.0, "Total Cost": 1.15, "Plan Rows": 1, "Plan Width": 4, "Filter": "((role)::text = 'actress'::text)"}, {"Node Type": "Nested Loop", "Parent Relationship": "Inner", "Join Type": "Inner", "Startup Cost": 5983.86, "Total Cost": 118283.51, "Plan Rows": 5847, "Plan Width": 25, "Inner Unique": false, "Plans": [{"Node Type": "Nested Loop", "Parent Relationship": "Outer", "Join Type": "Inner", "Startup Cost": 5983.35, "Total Cost": 91625.69, "Plan Rows": 5775, "Plan Width": 25, "Inner Unique": true, "Plans": [{"Node Type": "Hash Join", "Parent Relationship": "Outer", "Join Type": "Inner", "Startup Cost": 5982.08, "Total Cost": 61039.34, "Plan Rows": 5775, "Plan Width": 4, "Inner Unique": true, "Hash Cond": "(mc.company_id = cn.id)", "Plans": [{"Node Type": "Seq Scan", "Parent Relationship": "Outer", "Relation Name": "movie_companies", "Alias": "mc", "Startup Cost": 0.0, "Total Cost": 54862.92, "Plan Rows": 36426, "Plan Width": 8, "Filter": "(((note)::text ~~ '%(Japan)%'::text) AND ((note)::text !~~ '%(USA)%'::text))"}, {"Node Type": "Hash", "Parent Relationship": "Inner", "Startup Cost": 5903.45, "Total Cost": 5903.45, "Plan Rows": 6290, "Plan Width": 4, "Plans": [{"Node Type": "Seq Scan", "Parent Relationship": "Outer", "Relation Name": "company_name", "Alias": "cn", "Startup Cost": 0.0, "Total Cost": 5903.45, "Plan Rows": 6290, "Plan Width": 4, "Filter": "((country_code)::text = '[jp]'::text)"}]}]}, {"Node Type": "Bitmap Heap Scan", "Parent Relationship": "Inner", "Relation Name": "title", "Alias": "t", "Startup Cost": 1.27, "Total Cost": 5.29, "Plan Rows": 1, "Plan Width": 21, "Recheck Cond": "(id = mc.movie_id)", "Plans": [{"Node Type": "Bitmap Index Scan", "Parent Relationship": "Outer", "Index Name": "title_pkey", "Startup Cost": 0.0, "Total Cost": 1.27, "Plan Rows": 1, "Plan Width": 0, "Index Cond": "(id = mc.movie_id)"}]}]}, {"Node Type": "Bitmap Heap Scan", "Parent Relationship": "Inner", "Relation Name": "cast_info", "Alias": "ci", "Startup Cost": 0.52, "Total Cost": 4.61, "Plan Rows": 1, "Plan Width": 12, "Recheck Cond": "(movie_id = t.id)", "Filter": "((note)::text = '(voice: English version)'::text)", "Plans": [{"Node Type": "Bitmap Index Scan", "Parent Relationship": "Outer", "Index Name": "movie_id_cast_info", "Startup Cost": 0.0, "Total Cost": 0.52, "Plan Rows": 6, "Plan Width": 0, "Index Cond": "(movie_id = t.id)"}]}]}]}, {"Node Type": "Bitmap Heap Scan", "Parent Relationship": "Inner", "Relation Name": "aka_name", "Alias": "an1", "Startup Cost": 0.38, "Total Cost": 4.39, "Plan Rows": 1, "Plan Width": 20, "Recheck Cond": "(person_id = ci.person_id)", "Plans": [{"Node Type": "Bitmap Index Scan", "Parent Relationship": "Outer", "Index Name": "person_id_aka_name", "Startup Cost": 0.0, "Total Cost": 0.38, "Plan Rows": 1, "Plan Width": 0, "Index Cond": "(person_id = ci.person_id)"}]}]}, {"Node Type": "Bitmap Heap Scan", "Parent Relationship": "Inner", "Relation Name": "name", "Alias": "n1", "Startup Cost": 0.33, "Total Cost": 4.34, "Plan Rows": 1, "Plan Width": 4, "Recheck Cond": "(id = an1.person_id)", "Filter": "(((name)::text ~~ '%Yo%'::text) AND ((name)::text !~~ '%Yu%'::text))", "Plans": [{"Node Type": "Bitmap Index Scan", "Parent Relationship": "Outer", "Index Name": "name_pkey", "Startup Cost": 0.0, "Total Cost": 0.33, "Plan Rows": 1, "Plan Width": 0, "Index Cond": "(id = an1.person_id)"}]}]}]}, "Unique SQL Id": 3544391839, "Planner Runtime": 60}, "explain_analyze_plan": {"Plan": {"Node Type": "Aggregate", "Strategy": "Plain", "Startup Cost": 123512.13, "Total Cost": 123512.14, "Plan Rows": 1, "Plan Width": 97, "Actual Startup Time": 5152.064, "Actual Total Time": 5152.065, "Actual Rows": 1, "Actual Loops": 1, "Plans": [{"Node Type": "Nested Loop", "Parent Relationship": "Outer", "Join Type": "Inner", "Startup Cost": 5984.57, "Total Cost": 123508.9, "Plan Rows": 646, "Plan Width": 33, "Actual Startup Time": 454.265, "Actual Total Time": 5151.794, "Actual Rows": 62, "Actual Loops": 1, "Inner Unique": true, "Plans": [{"Node Type": "Nested Loop", "Parent Relationship": "Outer", "Join Type": "Inner", "Startup Cost": 5984.25, "Total Cost": 120700.31, "Plan Rows": 645, "Plan Width": 41, "Actual Startup Time": 85.433, "Actual Total Time": 5051.01, "Actual Rows": 17379, "Actual Loops": 1, "Inner Unique": false, "Plans": [{"Node Type": "Nested Loop", "Parent Relationship": "Outer", "Join Type": "Inner", "Startup Cost": 5983.86, "Total Cost": 118357.75, "Plan Rows": 532, "Plan Width": 21, "Actual Startup Time": 85.401, "Actual Total Time": 4988.111, "Actual Rows": 7438, "Actual Loops": 1, "Inner Unique": false, "Join Filter": "(ci.role_id = rt.id)", "Rows Removed by Join Filter": 12162, "Plans": [{"Node Type": "Seq Scan", "Parent Relationship": "Outer", "Relation Name": "role_type", "Alias": "rt", "Startup Cost": 0.0, "Total Cost": 1.15, "Plan Rows": 1, "Plan Width": 4, "Actual Startup Time": 0.018, "Actual Total Time": 0.025, "Actual Rows": 1, "Actual Loops": 1, "Filter": "((role)::text = 'actress'::text)", "Rows Removed by Filter": 11}, {"Node Type": "Nested Loop", "Parent Relationship": "Inner", "Join Type": "Inner", "Startup Cost": 5983.86, "Total Cost": 118283.51, "Plan Rows": 5847, "Plan Width": 25, "Actual Startup Time": 85.373, "Actual Total Time": 4982.705, "Actual Rows": 19600, "Actual Loops": 1, "Inner Unique": false, "Plans": [{"Node Type": "Nested Loop", "Parent Relationship": "Outer", "Join Type": "Inner", "Startup Cost": 5983.35, "Total Cost": 91625.69, "Plan Rows": 5775, "Plan Width": 25, "Actual Startup Time": 85.185, "Actual Total Time": 1439.66, "Actual Rows": 48328, "Actual Loops": 1, "Inner Unique": true, "Plans": [{"Node Type": "Hash Join", "Parent Relationship": "Outer", "Join Type": "Inner", "Startup Cost": 5982.08, "Total Cost": 61039.34, "Plan Rows": 5775, "Plan Width": 4, "Actual Startup Time": 85.138, "Actual Total Time": 1083.325, "Actual Rows": 48328, "Actual Loops": 1, "Inner Unique": true, "Hash Cond": "(mc.company_id = cn.id)", "Plans": [{"Node Type": "Seq Scan", "Parent Relationship": "Outer", "Relation Name": "movie_companies", "Alias": "mc", "Startup Cost": 0.0, "Total Cost": 54862.92, "Plan Rows": 36426, "Plan Width": 8, "Actual Startup Time": 0.252, "Actual Total Time": 962.218, "Actual Rows": 48897, "Actual Loops": 1, "Filter": "(((note)::text ~~ '%(Japan)%'::text) AND ((note)::text !~~ '%(USA)%'::text))", "Rows Removed by Filter": 2560231}, {"Node Type": "Hash", "Parent Relationship": "Inner", "Startup Cost": 5903.45, "Total Cost": 5903.45, "Plan Rows": 6290, "Plan Width": 4, "Actual Startup Time": 84.81, "Actual Total Time": 84.81, "Actual Rows": 6752, "Actual Loops": 1, "Hash Buckets": 32768, "Hash Batches": 1, "Original Hash Batches": 1, "Peak Memory Usage": 238, "Plans": [{"Node Type": "Seq Scan", "Parent Relationship": "Outer", "Relation Name": "company_name", "Alias": "cn", "Startup Cost": 0.0, "Total Cost": 5903.45, "Plan Rows": 6290, "Plan Width": 4, "Actual Startup Time": 0.028, "Actual Total Time": 82.526, "Actual Rows": 6752, "Actual Loops": 1, "Filter": "((country_code)::text = '[jp]'::text)", "Rows Removed by Filter": 228244}]}]}, {"Node Type": "Bitmap Heap Scan", "Parent Relationship": "Inner", "Relation Name": "title", "Alias": "t", "Startup Cost": 1.27, "Total Cost": 5.29, "Plan Rows": 1, "Plan Width": 21, "Actual Startup Time": 277.167, "Actual Total Time": 277.167, "Actual Rows": 48328, "Actual Loops": 48328, "Recheck Cond": "(id = mc.movie_id)", "Rows Removed by Index Recheck": 0, "Exact Heap Blocks": 48328, "Lossy Heap Blocks": 48328, "Plans": [{"Node Type": "Bitmap Index Scan", "Parent Relationship": "Outer", "Index Name": "title_pkey", "Startup Cost": 0.0, "Total Cost": 1.27, "Plan Rows": 1, "Plan Width": 0, "Actual Startup Time": 150.702, "Actual Total Time": 150.702, "Actual Rows": 48328, "Actual Loops": 48328, "Index Cond": "(id = mc.movie_id)"}]}]}, {"Node Type": "Bitmap Heap Scan", "Parent Relationship": "Inner", "Relation Name": "cast_info", "Alias": "ci", "Startup Cost": 0.52, "Total Cost": 4.61, "Plan Rows": 1, "Plan Width": 12, "Actual Startup Time": 3327.115, "Actual Total Time": 3469.349, "Actual Rows": 19600, "Actual Loops": 48328, "Recheck Cond": "(movie_id = t.id)", "Rows Removed by Index Recheck": 0, "Filter": "((note)::text = '(voice: English version)'::text)", "Rows Removed by Filter": 1531710, "Exact Heap Blocks": 1503105, "Lossy Heap Blocks": 1503105, "Plans": [{"Node Type": "Bitmap Index Scan", "Parent Relationship": "Outer", "Index Name": "movie_id_cast_info", "Startup Cost": 0.0, "Total Cost": 0.52, "Plan Rows": 6, "Plan Width": 0, "Actual Startup Time": 449.419, "Actual Total Time": 449.419, "Actual Rows": 1551310, "Actual Loops": 48328, "Index Cond": "(movie_id = t.id)"}]}]}]}, {"Node Type": "Bitmap Heap Scan", "Parent Relationship": "Inner", "Relation Name": "aka_name", "Alias": "an1", "Startup Cost": 0.38, "Total Cost": 4.39, "Plan Rows": 1, "Plan Width": 20, "Actual Startup Time": 43.884, "Actual Total Time": 49.016, "Actual Rows": 17379, "Actual Loops": 7438, "Recheck Cond": "(person_id = ci.person_id)", "Rows Removed by Index Recheck": 0, "Exact Heap Blocks": 6514, "Lossy Heap Blocks": 6514, "Plans": [{"Node Type": "Bitmap Index Scan", "Parent Relationship": "Outer", "Index Name": "person_id_aka_name", "Startup Cost": 0.0, "Total Cost": 0.38, "Plan Rows": 1, "Plan Width": 0, "Actual Startup Time": 28.906, "Actual Total Time": 28.906, "Actual Rows": 17379, "Actual Loops": 7438, "Index Cond": "(person_id = ci.person_id)"}]}]}, {"Node Type": "Bitmap Heap Scan", "Parent Relationship": "Inner", "Relation Name": "name", "Alias": "n1", "Startup Cost": 0.33, "Total Cost": 4.34, "Plan Rows": 1, "Plan Width": 4, "Actual Startup Time": 80.091, "Actual Total Time": 80.091, "Actual Rows": 62, "Actual Loops": 17379, "Recheck Cond": "(id = an1.person_id)", "Rows Removed by Index Recheck": 0, "Filter": "(((name)::text ~~ '%Yo%'::text) AND ((name)::text !~~ '%Yu%'::text))", "Rows Removed by Filter": 17317, "Exact Heap Blocks": 17379, "Lossy Heap Blocks": 17379, "Plans": [{"Node Type": "Bitmap Index Scan", "Parent Relationship": "Outer", "Index Name": "name_pkey", "Startup Cost": 0.0, "Total Cost": 0.33, "Plan Rows": 1, "Plan Width": 0, "Actual Startup Time": 46.453, "Actual Total Time": 46.453, "Actual Rows": 17379, "Actual Loops": 17379, "Index Cond": "(id = an1.person_id)"}]}]}]}, "Triggers": [], "Planner Runtime": 41, "Total Runtime": 5152.507, "Unique SQL Id": 3544391839}}, "(64, 3)": {"explain_plan": {"Plan": {"Node Type": "Aggregate", "Strategy": "Plain", "Startup Cost": 168806.18, "Total Cost": 168806.19, "Plan Rows": 1, "Plan Width": 97, "Plans": [{"Node Type": "Nested Loop", "Parent Relationship": "Outer", "Join Type": "Inner", "Startup Cost": 2794.98, "Total Cost": 168802.95, "Plan Rows": 646, "Plan Width": 33, "Inner Unique": true, "Plans": [{"Node Type": "Nested Loop", "Parent Relationship": "Outer", "Join Type": "Inner", "Startup Cost": 2794.66, "Total Cost": 165994.37, "Plan Rows": 645, "Plan Width": 41, "Inner Unique": false, "Plans": [{"Node Type": "Nested Loop", "Parent Relationship": "Outer", "Join Type": "Inner", "Startup Cost": 2794.28, "Total Cost": 163651.8, "Plan Rows": 532, "Plan Width": 21, "Inner Unique": false, "Join Filter": "(ci.role_id = rt.id)", "Plans": [{"Node Type": "Bitmap Heap Scan", "Parent Relationship": "Outer", "Relation Name": "role_type", "Alias": "rt", "Startup Cost": 8.31, "Total Cost": 12.46, "Plan Rows": 1, "Plan Width": 4, "Filter": "((role)::text = 'actress'::text)", "Plans": [{"Node Type": "Bitmap Index Scan", "Parent Relationship": "Outer", "Index Name": "role_type_pkey", "Startup Cost": 0.0, "Total Cost": 8.31, "Plan Rows": 12, "Plan Width": 0}]}, {"Node Type": "Nested Loop", "Parent Relationship": "Inner", "Join Type": "Inner", "Startup Cost": 2785.97, "Total Cost": 163566.25, "Plan Rows": 5847, "Plan Width": 25, "Inner Unique": false, "Plans": [{"Node Type": "Nested Loop", "Parent Relationship": "Outer", "Join Type": "Inner", "Startup Cost": 2785.45, "Total Cost": 136908.44, "Plan Rows": 5775, "Plan Width": 25, "Inner Unique": true, "Plans": [{"Node Type": "Nested Loop", "Parent Relationship": "Outer", "Join Type": "Inner", "Startup Cost": 2784.18, "Total Cost": 106322.09, "Plan Rows": 5775, "Plan Width": 4, "Inner Unique": false, "Plans": [{"Node Type": "Bitmap Heap Scan", "Parent Relationship": "Outer", "Relation Name": "company_name", "Alias": "cn", "Startup Cost": 2780.8, "Total Cost": 8684.25, "Plan Rows": 6290, "Plan Width": 4, "Filter": "((country_code)::text = '[jp]'::text)", "Plans": [{"Node Type": "Bitmap Index Scan", "Parent Relationship": "Outer", "Index Name": "company_name_pkey", "Startup Cost": 0.0, "Total Cost": 2779.23, "Plan Rows": 234996, "Plan Width": 0}]}, {"Node Type": "Bitmap Heap Scan", "Parent Relationship": "Inner", "Relation Name": "movie_companies", "Alias": "mc", "Startup Cost": 3.37, "Total Cost": 15.51, "Plan Rows": 1, "Plan Width": 8, "Recheck Cond": "(company_id = cn.id)", "Filter": "(((note)::text ~~ '%(Japan)%'::text) AND ((note)::text !~~ '%(USA)%'::text))", "Plans": [{"Node Type": "Bitmap Index Scan", "Parent Relationship": "Outer", "Index Name": "company_id_movie_companies", "Startup Cost": 0.0, "Total Cost": 3.37, "Plan Rows": 15, "Plan Width": 0, "Index Cond": "(company_id = cn.id)"}]}]}, {"Node Type": "Bitmap Heap Scan", "Parent Relationship": "Inner", "Relation Name": "title", "Alias": "t", "Startup Cost": 1.27, "Total Cost": 5.29, "Plan Rows": 1, "Plan Width": 21, "Recheck Cond": "(id = mc.movie_id)", "Plans": [{"Node Type": "Bitmap Index Scan", "Parent Relationship": "Outer", "Index Name": "title_pkey", "Startup Cost": 0.0, "Total Cost": 1.27, "Plan Rows": 1, "Plan Width": 0, "Index Cond": "(id = mc.movie_id)"}]}]}, {"Node Type": "Bitmap Heap Scan", "Parent Relationship": "Inner", "Relation Name": "cast_info", "Alias": "ci", "Startup Cost": 0.52, "Total Cost": 4.61, "Plan Rows": 1, "Plan Width": 12, "Recheck Cond": "(movie_id = t.id)", "Filter": "((note)::text = '(voice: English version)'::text)", "Plans": [{"Node Type": "Bitmap Index Scan", "Parent Relationship": "Outer", "Index Name": "movie_id_cast_info", "Startup Cost": 0.0, "Total Cost": 0.52, "Plan Rows": 6, "Plan Width": 0, "Index Cond": "(movie_id = t.id)"}]}]}]}, {"Node Type": "Bitmap Heap Scan", "Parent Relationship": "Inner", "Relation Name": "aka_name", "Alias": "an1", "Startup Cost": 0.38, "Total Cost": 4.39, "Plan Rows": 1, "Plan Width": 20, "Recheck Cond": "(person_id = ci.person_id)", "Plans": [{"Node Type": "Bitmap Index Scan", "Parent Relationship": "Outer", "Index Name": "person_id_aka_name", "Startup Cost": 0.0, "Total Cost": 0.38, "Plan Rows": 1, "Plan Width": 0, "Index Cond": "(person_id = ci.person_id)"}]}]}, {"Node Type": "Bitmap Heap Scan", "Parent Relationship": "Inner", "Relation Name": "name", "Alias": "n1", "Startup Cost": 0.33, "Total Cost": 4.34, "Plan Rows": 1, "Plan Width": 4, "Recheck Cond": "(id = an1.person_id)", "Filter": "(((name)::text ~~ '%Yo%'::text) AND ((name)::text !~~ '%Yu%'::text))", "Plans": [{"Node Type": "Bitmap Index Scan", "Parent Relationship": "Outer", "Index Name": "name_pkey", "Startup Cost": 0.0, "Total Cost": 0.33, "Plan Rows": 1, "Plan Width": 0, "Index Cond": "(id = an1.person_id)"}]}]}]}, "Unique SQL Id": 3544391839, "Planner Runtime": 32}, "explain_analyze_plan": {"Plan": {"Node Type": "Aggregate", "Strategy": "Plain", "Startup Cost": 168806.18, "Total Cost": 168806.19, "Plan Rows": 1, "Plan Width": 97, "Actual Startup Time": 4946.591, "Actual Total Time": 4946.592, "Actual Rows": 1, "Actual Loops": 1, "Plans": [{"Node Type": "Nested Loop", "Parent Relationship": "Outer", "Join Type": "Inner", "Startup Cost": 2794.98, "Total Cost": 168802.95, "Plan Rows": 646, "Plan Width": 33, "Actual Startup Time": 386.684, "Actual Total Time": 4946.119, "Actual Rows": 62, "Actual Loops": 1, "Inner Unique": true, "Plans": [{"Node Type": "Nested Loop", "Parent Relationship": "Outer", "Join Type": "Inner", "Startup Cost": 2794.66, "Total Cost": 165994.37, "Plan Rows": 645, "Plan Width": 41, "Actual Startup Time": 22.416, "Actual Total Time": 4842.081, "Actual Rows": 17379, "Actual Loops": 1, "Inner Unique": false, "Plans": [{"Node Type": "Nested Loop", "Parent Relationship": "Outer", "Join Type": "Inner", "Startup Cost": 2794.28, "Total Cost": 163651.8, "Plan Rows": 532, "Plan Width": 21, "Actual Startup Time": 22.38, "Actual Total Time": 4774.879, "Actual Rows": 7438, "Actual Loops": 1, "Inner Unique": false, "Join Filter": "(ci.role_id = rt.id)", "Rows Removed by Join Filter": 12162, "Plans": [{"Node Type": "Bitmap Heap Scan", "Parent Relationship": "Outer", "Relation Name": "role_type", "Alias": "rt", "Startup Cost": 8.31, "Total Cost": 12.46, "Plan Rows": 1, "Plan Width": 4, "Actual Startup Time": 0.04, "Actual Total Time": 0.044, "Actual Rows": 1, "Actual Loops": 1, "Filter": "((role)::text = 'actress'::text)", "Rows Removed by Filter": 11, "Exact Heap Blocks": 1, "Lossy Heap Blocks": 1, "Plans": [{"Node Type": "Bitmap Index Scan", "Parent Relationship": "Outer", "Index Name": "role_type_pkey", "Startup Cost": 0.0, "Total Cost": 8.31, "Plan Rows": 12, "Plan Width": 0, "Actual Startup Time": 0.012, "Actual Total Time": 0.012, "Actual Rows": 12, "Actual Loops": 1}]}, {"Node Type": "Nested Loop", "Parent Relationship": "Inner", "Join Type": "Inner", "Startup Cost": 2785.97, "Total Cost": 163566.25, "Plan Rows": 5847, "Plan Width": 25, "Actual Startup Time": 22.331, "Actual Total Time": 4769.28, "Actual Rows": 19600, "Actual Loops": 1, "Inner Unique": false, "Plans": [{"Node Type": "Nested Loop", "Parent Relationship": "Outer", "Join Type": "Inner", "Startup Cost": 2785.45, "Total Cost": 136908.44, "Plan Rows": 5775, "Plan Width": 25, "Actual Startup Time": 22.224, "Actual Total Time": 850.065, "Actual Rows": 48328, "Actual Loops": 1, "Inner Unique": true, "Plans": [{"Node Type": "Nested Loop", "Parent Relationship": "Outer", "Join Type": "Inner", "Startup Cost": 2784.18, "Total Cost": 106322.09, "Plan Rows": 5775, "Plan Width": 4, "Actual Startup Time": 22.202, "Actual Total Time": 419.175, "Actual Rows": 48328, "Actual Loops": 1, "Inner Unique": false, "Plans": [{"Node Type": "Bitmap Heap Scan", "Parent Relationship": "Outer", "Relation Name": "company_name", "Alias": "cn", "Startup Cost": 2780.8, "Total Cost": 8684.25, "Plan Rows": 6290, "Plan Width": 4, "Actual Startup Time": 22.131, "Actual Total Time": 128.566, "Actual Rows": 6752, "Actual Loops": 1, "Filter": "((country_code)::text = '[jp]'::text)", "Rows Removed by Filter": 228244, "Exact Heap Blocks": 2966, "Lossy Heap Blocks": 2966, "Plans": [{"Node Type": "Bitmap Index Scan", "Parent Relationship": "Outer", "Index Name": "company_name_pkey", "Startup Cost": 0.0, "Total Cost": 2779.23, "Plan Rows": 234996, "Plan Width": 0, "Actual Startup Time": 21.667, "Actual Total Time": 21.667, "Actual Rows": 234996, "Actual Loops": 1}]}, {"Node Type": "Bitmap Heap Scan", "Parent Relationship": "Inner", "Relation Name": "movie_companies", "Alias": "mc", "Startup Cost": 3.37, "Total Cost": 15.51, "Plan Rows": 1, "Plan Width": 8, "Actual Startup Time": 94.172, "Actual Total Time": 267.902, "Actual Rows": 48328, "Actual Loops": 6752, "Recheck Cond": "(company_id = cn.id)", "Rows Removed by Index Recheck": 0, "Filter": "(((note)::text ~~ '%(Japan)%'::text) AND ((note)::text !~~ '%(USA)%'::text))", "Rows Removed by Filter": 56667, "Exact Heap Blocks": 61861, "Lossy Heap Blocks": 61861, "Plans": [{"Node Type": "Bitmap Index Scan", "Parent Relationship": "Outer", "Index Name": "company_id_movie_companies", "Startup Cost": 0.0, "Total Cost": 3.37, "Plan Rows": 15, "Plan Width": 0, "Actual Startup Time": 49.033, "Actual Total Time": 49.033, "Actual Rows": 104995, "Actual Loops": 6752, "Index Cond": "(company_id = cn.id)"}]}]}, {"Node Type": "Bitmap Heap Scan", "Parent Relationship": "Inner", "Relation Name": "title", "Alias": "t", "Startup Cost": 1.27, "Total Cost": 5.29, "Plan Rows": 1, "Plan Width": 21, "Actual Startup Time": 353.174, "Actual Total Time": 353.174, "Actual Rows": 48328, "Actual Loops": 48328, "Recheck Cond": "(id = mc.movie_id)", "Rows Removed by Index Recheck": 0, "Exact Heap Blocks": 48328, "Lossy Heap Blocks": 48328, "Plans": [{"Node Type": "Bitmap Index Scan", "Parent Relationship": "Outer", "Index Name": "title_pkey", "Startup Cost": 0.0, "Total Cost": 1.27, "Plan Rows": 1, "Plan Width": 0, "Actual Startup Time": 201.304, "Actual Total Time": 201.304, "Actual Rows": 48328, "Actual Loops": 48328, "Index Cond": "(id = mc.movie_id)"}]}]}, {"Node Type": "Bitmap Heap Scan", "Parent Relationship": "Inner", "Relation Name": "cast_info", "Alias": "ci", "Startup Cost": 0.52, "Total Cost": 4.61, "Plan Rows": 1, "Plan Width": 12, "Actual Startup Time": 3689.321, "Actual Total Time": 3845.559, "Actual Rows": 19600, "Actual Loops": 48328, "Recheck Cond": "(movie_id = t.id)", "Rows Removed by Index Recheck": 0, "Filter": "((note)::text = '(voice: English version)'::text)", "Rows Removed by Filter": 1531710, "Exact Heap Blocks": 1503105, "Lossy Heap Blocks": 1503105, "Plans": [{"Node Type": "Bitmap Index Scan", "Parent Relationship": "Outer", "Index Name": "movie_id_cast_info", "Startup Cost": 0.0, "Total Cost": 0.52, "Plan Rows": 6, "Plan Width": 0, "Actual Startup Time": 532.133, "Actual Total Time": 532.133, "Actual Rows": 1551310, "Actual Loops": 48328, "Index Cond": "(movie_id = t.id)"}]}]}]}, {"Node Type": "Bitmap Heap Scan", "Parent Relationship": "Inner", "Relation Name": "aka_name", "Alias": "an1", "Startup Cost": 0.38, "Total Cost": 4.39, "Plan Rows": 1, "Plan Width": 20, "Actual Startup Time": 47.447, "Actual Total Time": 52.813, "Actual Rows": 17379, "Actual Loops": 7438, "Recheck Cond": "(person_id = ci.person_id)", "Rows Removed by Index Recheck": 0, "Exact Heap Blocks": 6514, "Lossy Heap Blocks": 6514, "Plans": [{"Node Type": "Bitmap Index Scan", "Parent Relationship": "Outer", "Index Name": "person_id_aka_name", "Startup Cost": 0.0, "Total Cost": 0.38, "Plan Rows": 1, "Plan Width": 0, "Actual Startup Time": 31.364, "Actual Total Time": 31.364, "Actual Rows": 17379, "Actual Loops": 7438, "Index Cond": "(person_id = ci.person_id)"}]}]}, {"Node Type": "Bitmap Heap Scan", "Parent Relationship": "Inner", "Relation Name": "name", "Alias": "n1", "Startup Cost": 0.33, "Total Cost": 4.34, "Plan Rows": 1, "Plan Width": 4, "Actual Startup Time": 83.196, "Actual Total Time": 83.196, "Actual Rows": 62, "Actual Loops": 17379, "Recheck Cond": "(id = an1.person_id)", "Rows Removed by Index Recheck": 0, "Filter": "(((name)::text ~~ '%Yo%'::text) AND ((name)::text !~~ '%Yu%'::text))", "Rows Removed by Filter": 17317, "Exact Heap Blocks": 17379, "Lossy Heap Blocks": 17379, "Plans": [{"Node Type": "Bitmap Index Scan", "Parent Relationship": "Outer", "Index Name": "name_pkey", "Startup Cost": 0.0, "Total Cost": 0.33, "Plan Rows": 1, "Plan Width": 0, "Actual Startup Time": 48.696, "Actual Total Time": 48.696, "Actual Rows": 17379, "Actual Loops": 17379, "Index Cond": "(id = an1.person_id)"}]}]}]}, "Triggers": [], "Planner Runtime": 25, "Total Runtime": 4947.027, "Unique SQL Id": 3544391839}}, "(64, 4)": {"explain_plan": {"Plan": {"Node Type": "Aggregate", "Strategy": "Plain", "Startup Cost": 90336.25, "Total Cost": 90336.26, "Plan Rows": 1, "Plan Width": 97, "Plans": [{"Node Type": "Nested Loop", "Parent Relationship": "Outer", "Join Type": "Inner", "Startup Cost": 5982.08, "Total Cost": 90333.02, "Plan Rows": 646, "Plan Width": 33, "Inner Unique": true, "Plans": [{"Node Type": "Nested Loop", "Parent Relationship": "Outer", "Join Type": "Inner", "Startup Cost": 5982.08, "Total Cost": 89957.48, "Plan Rows": 645, "Plan Width": 41, "Inner Unique": false, "Plans": [{"Node Type": "Nested Loop", "Parent Relationship": "Outer", "Join Type": "Inner", "Startup Cost": 5982.08, "Total Cost": 89503.27, "Plan Rows": 532, "Plan Width": 21, "Inner Unique": false, "Join Filter": "(ci.role_id = rt.id)", "Plans": [{"Node Type": "Seq Scan", "Parent Relationship": "Outer", "Relation Name": "role_type", "Alias": "rt", "Startup Cost": 0.0, "Total Cost": 1.15, "Plan Rows": 1, "Plan Width": 4, "Filter": "((role)::text = 'actress'::text)"}, {"Node Type": "Nested Loop", "Parent Relationship": "Inner", "Join Type": "Inner", "Startup Cost": 5982.08, "Total Cost": 89429.03, "Plan Rows": 5847, "Plan Width": 25, "Inner Unique": false, "Plans": [{"Node Type": "Nested Loop", "Parent Relationship": "Outer", "Join Type": "Inner", "Startup Cost": 5982.08, "Total Cost": 83686.44, "Plan Rows": 5775, "Plan Width": 25, "Inner Unique": true, "Plans": [{"Node Type": "Hash Join", "Parent Relationship": "Outer", "Join Type": "Inner", "Startup Cost": 5982.08, "Total Cost": 61039.34, "Plan Rows": 5775, "Plan Width": 4, "Inner Unique": true, "Hash Cond": "(mc.company_id = cn.id)", "Plans": [{"Node Type": "Seq Scan", "Parent Relationship": "Outer", "Relation Name": "movie_companies", "Alias": "mc", "Startup Cost": 0.0, "Total Cost": 54862.92, "Plan Rows": 36426, "Plan Width": 8, "Filter": "(((note)::text ~~ '%(Japan)%'::text) AND ((note)::text !~~ '%(USA)%'::text))"}, {"Node Type": "Hash", "Parent Relationship": "Inner", "Startup Cost": 5903.45, "Total Cost": 5903.45, "Plan Rows": 6290, "Plan Width": 4, "Plans": [{"Node Type": "Seq Scan", "Parent Relationship": "Outer", "Relation Name": "company_name", "Alias": "cn", "Startup Cost": 0.0, "Total Cost": 5903.45, "Plan Rows": 6290, "Plan Width": 4, "Filter": "((country_code)::text = '[jp]'::text)"}]}]}, {"Node Type": "Index Scan", "Parent Relationship": "Inner", "Scan Direction": "Forward", "Index Name": "title_pkey", "Relation Name": "title", "Alias": "t", "Startup Cost": 0.0, "Total Cost": 3.91, "Plan Rows": 1, "Plan Width": 21, "Index Cond": "(id = mc.movie_id)"}]}, {"Node Type": "Index Scan", "Parent Relationship": "Inner", "Scan Direction": "Forward", "Index Name": "movie_id_cast_info", "Relation Name": "cast_info", "Alias": "ci", "Startup Cost": 0.0, "Total Cost": 0.98, "Plan Rows": 1, "Plan Width": 12, "Index Cond": "(movie_id = t.id)", "Filter": "((note)::text = '(voice: English version)'::text)"}]}]}, {"Node Type": "Index Scan", "Parent Relationship": "Inner", "Scan Direction": "Forward", "Index Name": "person_id_aka_name", "Relation Name": "aka_name", "Alias": "an1", "Startup Cost": 0.0, "Total Cost": 0.84, "Plan Rows": 1, "Plan Width": 20, "Index Cond": "(person_id = ci.person_id)"}]}, {"Node Type": "Index Scan", "Parent Relationship": "Inner", "Scan Direction": "Forward", "Index Name": "name_pkey", "Relation Name": "name", "Alias": "n1", "Startup Cost": 0.0, "Total Cost": 0.57, "Plan Rows": 1, "Plan Width": 4, "Index Cond": "(id = an1.person_id)", "Filter": "(((name)::text ~~ '%Yo%'::text) AND ((name)::text !~~ '%Yu%'::text))"}]}]}, "Unique SQL Id": 3544391839, "Planner Runtime": 42}, "explain_analyze_plan": {"Plan": {"Node Type": "Aggregate", "Strategy": "Plain", "Startup Cost": 90336.25, "Total Cost": 90336.26, "Plan Rows": 1, "Plan Width": 97, "Actual Startup Time": 4152.758, "Actual Total Time": 4152.759, "Actual Rows": 1, "Actual Loops": 1, "Plans": [{"Node Type": "Nested Loop", "Parent Relationship": "Outer", "Join Type": "Inner", "Startup Cost": 5982.08, "Total Cost": 90333.02, "Plan Rows": 646, "Plan Width": 33, "Actual Startup Time": 377.286, "Actual Total Time": 4152.427, "Actual Rows": 62, "Actual Loops": 1, "Inner Unique": true, "Plans": [{"Node Type": "Nested Loop", "Parent Relationship": "Outer", "Join Type": "Inner", "Startup Cost": 5982.08, "Total Cost": 89957.48, "Plan Rows": 645, "Plan Width": 41, "Actual Startup Time": 85.363, "Actual Total Time": 4079.491, "Actual Rows": 17379, "Actual Loops": 1, "Inner Unique": false, "Plans": [{"Node Type": "Nested Loop", "Parent Relationship": "Outer", "Join Type": "Inner", "Startup Cost": 5982.08, "Total Cost": 89503.27, "Plan Rows": 532, "Plan Width": 21, "Actual Startup Time": 85.344, "Actual Total Time": 4032.018, "Actual Rows": 7438, "Actual Loops": 1, "Inner Unique": false, "Join Filter": "(ci.role_id = rt.id)", "Rows Removed by Join Filter": 12162, "Plans": [{"Node Type": "Seq Scan", "Parent Relationship": "Outer", "Relation Name": "role_type", "Alias": "rt", "Startup Cost": 0.0, "Total Cost": 1.15, "Plan Rows": 1, "Plan Width": 4, "Actual Startup Time": 0.026, "Actual Total Time": 0.032, "Actual Rows": 1, "Actual Loops": 1, "Filter": "((role)::text = 'actress'::text)", "Rows Removed by Filter": 11}, {"Node Type": "Nested Loop", "Parent Relationship": "Inner", "Join Type": "Inner", "Startup Cost": 5982.08, "Total Cost": 89429.03, "Plan Rows": 5847, "Plan Width": 25, "Actual Startup Time": 85.31, "Actual Total Time": 4026.457, "Actual Rows": 19600, "Actual Loops": 1, "Inner Unique": false, "Plans": [{"Node Type": "Nested Loop", "Parent Relationship": "Outer", "Join Type": "Inner", "Startup Cost": 5982.08, "Total Cost": 83686.44, "Plan Rows": 5775, "Plan Width": 25, "Actual Startup Time": 85.17, "Actual Total Time": 1322.662, "Actual Rows": 48328, "Actual Loops": 1, "Inner Unique": true, "Plans": [{"Node Type": "Hash Join", "Parent Relationship": "Outer", "Join Type": "Inner", "Startup Cost": 5982.08, "Total Cost": 61039.34, "Plan Rows": 5775, "Plan Width": 4, "Actual Startup Time": 85.123, "Actual Total Time": 1076.877, "Actual Rows": 48328, "Actual Loops": 1, "Inner Unique": true, "Hash Cond": "(mc.company_id = cn.id)", "Plans": [{"Node Type": "Seq Scan", "Parent Relationship": "Outer", "Relation Name": "movie_companies", "Alias": "mc", "Startup Cost": 0.0, "Total Cost": 54862.92, "Plan Rows": 36426, "Plan Width": 8, "Actual Startup Time": 0.239, "Actual Total Time": 958.298, "Actual Rows": 48897, "Actual Loops": 1, "Filter": "(((note)::text ~~ '%(Japan)%'::text) AND ((note)::text !~~ '%(USA)%'::text))", "Rows Removed by Filter": 2560231}, {"Node Type": "Hash", "Parent Relationship": "Inner", "Startup Cost": 5903.45, "Total Cost": 5903.45, "Plan Rows": 6290, "Plan Width": 4, "Actual Startup Time": 84.82, "Actual Total Time": 84.82, "Actual Rows": 6752, "Actual Loops": 1, "Hash Buckets": 32768, "Hash Batches": 1, "Original Hash Batches": 1, "Peak Memory Usage": 238, "Plans": [{"Node Type": "Seq Scan", "Parent Relationship": "Outer", "Relation Name": "company_name", "Alias": "cn", "Startup Cost": 0.0, "Total Cost": 5903.45, "Plan Rows": 6290, "Plan Width": 4, "Actual Startup Time": 0.028, "Actual Total Time": 82.767, "Actual Rows": 6752, "Actual Loops": 1, "Filter": "((country_code)::text = '[jp]'::text)", "Rows Removed by Filter": 228244}]}]}, {"Node Type": "Index Scan", "Parent Relationship": "Inner", "Scan Direction": "Forward", "Index Name": "title_pkey", "Relation Name": "title", "Alias": "t", "Startup Cost": 0.0, "Total Cost": 3.91, "Plan Rows": 1, "Plan Width": 21, "Actual Startup Time": 204.969, "Actual Total Time": 204.969, "Actual Rows": 48328, "Actual Loops": 48328, "Index Cond": "(id = mc.movie_id)", "Rows Removed by Index Recheck": 0}]}, {"Node Type": "Index Scan", "Parent Relationship": "Inner", "Scan Direction": "Forward", "Index Name": "movie_id_cast_info", "Relation Name": "cast_info", "Alias": "ci", "Startup Cost": 0.0, "Total Cost": 0.98, "Plan Rows": 1, "Plan Width": 12, "Actual Startup Time": 2552.355, "Actual Total Time": 2673.299, "Actual Rows": 19600, "Actual Loops": 48328, "Index Cond": "(movie_id = t.id)", "Rows Removed by Index Recheck": 0, "Filter": "((note)::text = '(voice: English version)'::text)", "Rows Removed by Filter": 1531710}]}]}, {"Node Type": "Index Scan", "Parent Relationship": "Inner", "Scan Direction": "Forward", "Index Name": "person_id_aka_name", "Relation Name": "aka_name", "Alias": "an1", "Startup Cost": 0.0, "Total Cost": 0.84, "Plan Rows": 1, "Plan Width": 20, "Actual Startup Time": 30.665, "Actual Total Time": 38.64, "Actual Rows": 17379, "Actual Loops": 7438, "Index Cond": "(person_id = ci.person_id)", "Rows Removed by Index Recheck": 0}]}, {"Node Type": "Index Scan", "Parent Relationship": "Inner", "Scan Direction": "Forward", "Index Name": "name_pkey", "Relation Name": "name", "Alias": "n1", "Startup Cost": 0.0, "Total Cost": 0.57, "Plan Rows": 1, "Plan Width": 4, "Actual Startup Time": 64.247, "Actual Total Time": 64.247, "Actual Rows": 62, "Actual Loops": 17379, "Index Cond": "(id = an1.person_id)", "Rows Removed by Index Recheck": 0, "Filter": "(((name)::text ~~ '%Yo%'::text) AND ((name)::text !~~ '%Yu%'::text))", "Rows Removed by Filter": 17317}]}]}, "Triggers": [], "Planner Runtime": 43, "Total Runtime": 4153.142, "Unique SQL Id": 3544391839}}, "(64, 5)": {"explain_plan": {"Plan": {"Node Type": "Aggregate", "Strategy": "Plain", "Startup Cost": 109008.11, "Total Cost": 109008.12, "Plan Rows": 1, "Plan Width": 97, "Plans": [{"Node Type": "Nested Loop", "Parent Relationship": "Outer", "Join Type": "Inner", "Startup Cost": 2780.8, "Total Cost": 109007.63, "Plan Rows": 96, "Plan Width": 33, "Inner Unique": true, "Plans": [{"Node Type": "Nested Loop", "Parent Relationship": "Outer", "Join Type": "Inner", "Startup Cost": 2780.8, "Total Cost": 108632.09, "Plan Rows": 645, "Plan Width": 41, "Inner Unique": false, "Plans": [{"Node Type": "Nested Loop", "Parent Relationship": "Outer", "Join Type": "Inner", "Startup Cost": 2780.8, "Total Cost": 108177.88, "Plan Rows": 532, "Plan Width": 21, "Inner Unique": false, "Join Filter": "(ci.role_id = rt.id)", "Plans": [{"Node Type": "Index Scan", "Parent Relationship": "Outer", "Scan Direction": "Forward", "Index Name": "role_type_pkey", "Relation Name": "role_type", "Alias": "rt", "Startup Cost": 0.0, "Total Cost": 12.46, "Plan Rows": 1, "Plan Width": 4, "Filter": "((role)::text = 'actress'::text)"}, {"Node Type": "Nested Loop", "Parent Relationship": "Inner", "Join Type": "Inner", "Startup Cost": 2780.8, "Total Cost": 108092.33, "Plan Rows": 5847, "Plan Width": 25, "Inner Unique": false, "Plans": [{"Node Type": "Nested Loop", "Parent Relationship": "Outer", "Join Type": "Inner", "Startup Cost": 2780.8, "Total Cost": 102349.74, "Plan Rows": 5775, "Plan Width": 25, "Inner Unique": true, "Plans": [{"Node Type": "Nested Loop", "Parent Relationship": "Outer", "Join Type": "Inner", "Startup Cost": 2780.8, "Total Cost": 79702.64, "Plan Rows": 5775, "Plan Width": 4, "Inner Unique": false, "Plans": [{"Node Type": "Bitmap Heap Scan", "Parent Relationship": "Outer", "Relation Name": "company_name", "Alias": "cn", "Startup Cost": 2780.8, "Total Cost": 8684.25, "Plan Rows": 6290, "Plan Width": 4, "Filter": "((country_code)::text = '[jp]'::text)", "Plans": [{"Node Type": "Bitmap Index Scan", "Parent Relationship": "Outer", "Index Name": "company_name_pkey", "Startup Cost": 0.0, "Total Cost": 2779.23, "Plan Rows": 234996, "Plan Width": 0}]}, {"Node Type": "Index Scan", "Parent Relationship": "Inner", "Scan Direction": "Forward", "Index Name": "company_id_movie_companies", "Relation Name": "movie_companies", "Alias": "mc", "Startup Cost": 0.0, "Total Cost": 11.28, "Plan Rows": 1, "Plan Width": 8, "Index Cond": "(company_id = cn.id)", "Filter": "(((note)::text ~~ '%(Japan)%'::text) AND ((note)::text !~~ '%(USA)%'::text))"}]}, {"Node Type": "Index Scan", "Parent Relationship": "Inner", "Scan Direction": "Forward", "Index Name": "title_pkey", "Relation Name": "title", "Alias": "t", "Startup Cost": 0.0, "Total Cost": 3.91, "Plan Rows": 1, "Plan Width": 21, "Index Cond": "(id = mc.movie_id)"}]}, {"Node Type": "Index Scan", "Parent Relationship": "Inner", "Scan Direction": "Forward", "Index Name": "movie_id_cast_info", "Relation Name": "cast_info", "Alias": "ci", "Startup Cost": 0.0, "Total Cost": 0.98, "Plan Rows": 1, "Plan Width": 12, "Index Cond": "(movie_id = t.id)", "Filter": "((note)::text = '(voice: English version)'::text)"}]}]}, {"Node Type": "Index Scan", "Parent Relationship": "Inner", "Scan Direction": "Forward", "Index Name": "person_id_aka_name", "Relation Name": "aka_name", "Alias": "an1", "Startup Cost": 0.0, "Total Cost": 0.84, "Plan Rows": 1, "Plan Width": 20, "Index Cond": "(person_id = ci.person_id)"}]}, {"Node Type": "Index Scan", "Parent Relationship": "Inner", "Scan Direction": "Forward", "Index Name": "name_pkey", "Relation Name": "name", "Alias": "n1", "Startup Cost": 0.0, "Total Cost": 0.57, "Plan Rows": 1, "Plan Width": 4, "Index Cond": "(id = an1.person_id)", "Filter": "(((name)::text ~~ '%Yo%'::text) AND ((name)::text !~~ '%Yu%'::text))"}]}]}, "Unique SQL Id": 3544391839, "Planner Runtime": 34}, "explain_analyze_plan": {"Plan": {"Node Type": "Aggregate", "Strategy": "Plain", "Startup Cost": 109008.11, "Total Cost": 109008.12, "Plan Rows": 1, "Plan Width": 97, "Actual Startup Time": 4003.494, "Actual Total Time": 4003.495, "Actual Rows": 1, "Actual Loops": 1, "Plans": [{"Node Type": "Nested Loop", "Parent Relationship": "Outer", "Join Type": "Inner", "Startup Cost": 2780.8, "Total Cost": 109007.63, "Plan Rows": 96, "Plan Width": 33, "Actual Startup Time": 331.901, "Actual Total Time": 4003.162, "Actual Rows": 62, "Actual Loops": 1, "Inner Unique": true, "Plans": [{"Node Type": "Nested Loop", "Parent Relationship": "Outer", "Join Type": "Inner", "Startup Cost": 2780.8, "Total Cost": 108632.09, "Plan Rows": 645, "Plan Width": 41, "Actual Startup Time": 33.644, "Actual Total Time": 3925.188, "Actual Rows": 17379, "Actual Loops": 1, "Inner Unique": false, "Plans": [{"Node Type": "Nested Loop", "Parent Relationship": "Outer", "Join Type": "Inner", "Startup Cost": 2780.8, "Total Cost": 108177.88, "Plan Rows": 532, "Plan Width": 21, "Actual Startup Time": 33.626, "Actual Total Time": 3872.733, "Actual Rows": 7438, "Actual Loops": 1, "Inner Unique": false, "Join Filter": "(ci.role_id = rt.id)", "Rows Removed by Join Filter": 12162, "Plans": [{"Node Type": "Index Scan", "Parent Relationship": "Outer", "Scan Direction": "Forward", "Index Name": "role_type_pkey", "Relation Name": "role_type", "Alias": "rt", "Startup Cost": 0.0, "Total Cost": 12.46, "Plan Rows": 1, "Plan Width": 4, "Actual Startup Time": 0.026, "Actual Total Time": 0.037, "Actual Rows": 1, "Actual Loops": 1, "Filter": "((role)::text = 'actress'::text)", "Rows Removed by Filter": 11}, {"Node Type": "Nested Loop", "Parent Relationship": "Inner", "Join Type": "Inner", "Startup Cost": 2780.8, "Total Cost": 108092.33, "Plan Rows": 5847, "Plan Width": 25, "Actual Startup Time": 33.59, "Actual Total Time": 3867.308, "Actual Rows": 19600, "Actual Loops": 1, "Inner Unique": false, "Plans": [{"Node Type": "Nested Loop", "Parent Relationship": "Outer", "Join Type": "Inner", "Startup Cost": 2780.8, "Total Cost": 102349.74, "Plan Rows": 5775, "Plan Width": 25, "Actual Startup Time": 33.508, "Actual Total Time": 772.839, "Actual Rows": 48328, "Actual Loops": 1, "Inner Unique": true, "Plans": [{"Node Type": "Nested Loop", "Parent Relationship": "Outer", "Join Type": "Inner", "Startup Cost": 2780.8, "Total Cost": 79702.64, "Plan Rows": 5775, "Plan Width": 4, "Actual Startup Time": 33.487, "Actual Total Time": 439.31, "Actual Rows": 48328, "Actual Loops": 1, "Inner Unique": false, "Plans": [{"Node Type": "Bitmap Heap Scan", "Parent Relationship": "Outer", "Relation Name": "company_name", "Alias": "cn", "Startup Cost": 2780.8, "Total Cost": 8684.25, "Plan Rows": 6290, "Plan Width": 4, "Actual Startup Time": 33.368, "Actual Total Time": 158.242, "Actual Rows": 6752, "Actual Loops": 1, "Filter": "((country_code)::text = '[jp]'::text)", "Rows Removed by Filter": 228244, "Exact Heap Blocks": 2966, "Lossy Heap Blocks": 2966, "Plans": [{"Node Type": "Bitmap Index Scan", "Parent Relationship": "Outer", "Index Name": "company_name_pkey", "Startup Cost": 0.0, "Total Cost": 2779.23, "Plan Rows": 234996, "Plan Width": 0, "Actual Startup Time": 32.868, "Actual Total Time": 32.868, "Actual Rows": 234996, "Actual Loops": 1}]}, {"Node Type": "Index Scan", "Parent Relationship": "Inner", "Scan Direction": "Forward", "Index Name": "company_id_movie_companies", "Relation Name": "movie_companies", "Alias": "mc", "Startup Cost": 0.0, "Total Cost": 11.28, "Plan Rows": 1, "Plan Width": 8, "Actual Startup Time": 97.735, "Actual Total Time": 264.712, "Actual Rows": 48328, "Actual Loops": 6752, "Index Cond": "(company_id = cn.id)", "Rows Removed by Index Recheck": 0, "Filter": "(((note)::text ~~ '%(Japan)%'::text) AND ((note)::text !~~ '%(USA)%'::text))", "Rows Removed by Filter": 56667}]}, {"Node Type": "Index Scan", "Parent Relationship": "Inner", "Scan Direction": "Forward", "Index Name": "title_pkey", "Relation Name": "title", "Alias": "t", "Startup Cost": 0.0, "Total Cost": 3.91, "Plan Rows": 1, "Plan Width": 21, "Actual Startup Time": 290.461, "Actual Total Time": 290.461, "Actual Rows": 48328, "Actual Loops": 48328, "Index Cond": "(id = mc.movie_id)", "Rows Removed by Index Recheck": 0}]}, {"Node Type": "Index Scan", "Parent Relationship": "Inner", "Scan Direction": "Forward", "Index Name": "movie_id_cast_info", "Relation Name": "cast_info", "Alias": "ci", "Startup Cost": 0.0, "Total Cost": 0.98, "Plan Rows": 1, "Plan Width": 12, "Actual Startup Time": 2927.181, "Actual Total Time": 3062.961, "Actual Rows": 19600, "Actual Loops": 48328, "Index Cond": "(movie_id = t.id)", "Rows Removed by Index Recheck": 0, "Filter": "((note)::text = '(voice: English version)'::text)", "Rows Removed by Filter": 1531710}]}]}, {"Node Type": "Index Scan", "Parent Relationship": "Inner", "Scan Direction": "Forward", "Index Name": "person_id_aka_name", "Relation Name": "aka_name", "Alias": "an1", "Startup Cost": 0.0, "Total Cost": 0.84, "Plan Rows": 1, "Plan Width": 20, "Actual Startup Time": 35.023, "Actual Total Time": 43.562, "Actual Rows": 17379, "Actual Loops": 7438, "Index Cond": "(person_id = ci.person_id)", "Rows Removed by Index Recheck": 0}]}, {"Node Type": "Index Scan", "Parent Relationship": "Inner", "Scan Direction": "Forward", "Index Name": "name_pkey", "Relation Name": "name", "Alias": "n1", "Startup Cost": 0.0, "Total Cost": 0.57, "Plan Rows": 1, "Plan Width": 4, "Actual Startup Time": 68.919, "Actual Total Time": 68.919, "Actual Rows": 62, "Actual Loops": 17379, "Index Cond": "(id = an1.person_id)", "Rows Removed by Index Recheck": 0, "Filter": "(((name)::text ~~ '%Yo%'::text) AND ((name)::text !~~ '%Yu%'::text))", "Rows Removed by Filter": 17317}]}]}, "Triggers": [], "Planner Runtime": 25, "Total Runtime": 4003.921, "Unique SQL Id": 3544391839}}, "(64, 6)": {"explain_plan": {"Plan": {"Node Type": "Aggregate", "Strategy": "Plain", "Startup Cost": 123512.13, "Total Cost": 123512.14, "Plan Rows": 1, "Plan Width": 97, "Plans": [{"Node Type": "Nested Loop", "Parent Relationship": "Outer", "Join Type": "Inner", "Startup Cost": 5984.57, "Total Cost": 123508.9, "Plan Rows": 646, "Plan Width": 33, "Inner Unique": true, "Plans": [{"Node Type": "Nested Loop", "Parent Relationship": "Outer", "Join Type": "Inner", "Startup Cost": 5984.25, "Total Cost": 120700.31, "Plan Rows": 645, "Plan Width": 41, "Inner Unique": false, "Plans": [{"Node Type": "Nested Loop", "Parent Relationship": "Outer", "Join Type": "Inner", "Startup Cost": 5983.86, "Total Cost": 118357.75, "Plan Rows": 532, "Plan Width": 21, "Inner Unique": false, "Join Filter": "(ci.role_id = rt.id)", "Plans": [{"Node Type": "Seq Scan", "Parent Relationship": "Outer", "Relation Name": "role_type", "Alias": "rt", "Startup Cost": 0.0, "Total Cost": 1.15, "Plan Rows": 1, "Plan Width": 4, "Filter": "((role)::text = 'actress'::text)"}, {"Node Type": "Nested Loop", "Parent Relationship": "Inner", "Join Type": "Inner", "Startup Cost": 5983.86, "Total Cost": 118283.51, "Plan Rows": 5847, "Plan Width": 25, "Inner Unique": false, "Plans": [{"Node Type": "Nested Loop", "Parent Relationship": "Outer", "Join Type": "Inner", "Startup Cost": 5983.35, "Total Cost": 91625.69, "Plan Rows": 5775, "Plan Width": 25, "Inner Unique": true, "Plans": [{"Node Type": "Hash Join", "Parent Relationship": "Outer", "Join Type": "Inner", "Startup Cost": 5982.08, "Total Cost": 61039.34, "Plan Rows": 5775, "Plan Width": 4, "Inner Unique": true, "Hash Cond": "(mc.company_id = cn.id)", "Plans": [{"Node Type": "Seq Scan", "Parent Relationship": "Outer", "Relation Name": "movie_companies", "Alias": "mc", "Startup Cost": 0.0, "Total Cost": 54862.92, "Plan Rows": 36426, "Plan Width": 8, "Filter": "(((note)::text ~~ '%(Japan)%'::text) AND ((note)::text !~~ '%(USA)%'::text))"}, {"Node Type": "Hash", "Parent Relationship": "Inner", "Startup Cost": 5903.45, "Total Cost": 5903.45, "Plan Rows": 6290, "Plan Width": 4, "Plans": [{"Node Type": "Seq Scan", "Parent Relationship": "Outer", "Relation Name": "company_name", "Alias": "cn", "Startup Cost": 0.0, "Total Cost": 5903.45, "Plan Rows": 6290, "Plan Width": 4, "Filter": "((country_code)::text = '[jp]'::text)"}]}]}, {"Node Type": "Bitmap Heap Scan", "Parent Relationship": "Inner", "Relation Name": "title", "Alias": "t", "Startup Cost": 1.27, "Total Cost": 5.29, "Plan Rows": 1, "Plan Width": 21, "Recheck Cond": "(id = mc.movie_id)", "Plans": [{"Node Type": "Bitmap Index Scan", "Parent Relationship": "Outer", "Index Name": "title_pkey", "Startup Cost": 0.0, "Total Cost": 1.27, "Plan Rows": 1, "Plan Width": 0, "Index Cond": "(id = mc.movie_id)"}]}]}, {"Node Type": "Bitmap Heap Scan", "Parent Relationship": "Inner", "Relation Name": "cast_info", "Alias": "ci", "Startup Cost": 0.52, "Total Cost": 4.61, "Plan Rows": 1, "Plan Width": 12, "Recheck Cond": "(movie_id = t.id)", "Filter": "((note)::text = '(voice: English version)'::text)", "Plans": [{"Node Type": "Bitmap Index Scan", "Parent Relationship": "Outer", "Index Name": "movie_id_cast_info", "Startup Cost": 0.0, "Total Cost": 0.52, "Plan Rows": 6, "Plan Width": 0, "Index Cond": "(movie_id = t.id)"}]}]}]}, {"Node Type": "Bitmap Heap Scan", "Parent Relationship": "Inner", "Relation Name": "aka_name", "Alias": "an1", "Startup Cost": 0.38, "Total Cost": 4.39, "Plan Rows": 1, "Plan Width": 20, "Recheck Cond": "(person_id = ci.person_id)", "Plans": [{"Node Type": "Bitmap Index Scan", "Parent Relationship": "Outer", "Index Name": "person_id_aka_name", "Startup Cost": 0.0, "Total Cost": 0.38, "Plan Rows": 1, "Plan Width": 0, "Index Cond": "(person_id = ci.person_id)"}]}]}, {"Node Type": "Bitmap Heap Scan", "Parent Relationship": "Inner", "Relation Name": "name", "Alias": "n1", "Startup Cost": 0.33, "Total Cost": 4.34, "Plan Rows": 1, "Plan Width": 4, "Recheck Cond": "(id = an1.person_id)", "Filter": "(((name)::text ~~ '%Yo%'::text) AND ((name)::text !~~ '%Yu%'::text))", "Plans": [{"Node Type": "Bitmap Index Scan", "Parent Relationship": "Outer", "Index Name": "name_pkey", "Startup Cost": 0.0, "Total Cost": 0.33, "Plan Rows": 1, "Plan Width": 0, "Index Cond": "(id = an1.person_id)"}]}]}]}, "Unique SQL Id": 3544391839, "Planner Runtime": 59}, "explain_analyze_plan": {"Plan": {"Node Type": "Aggregate", "Strategy": "Plain", "Startup Cost": 123512.13, "Total Cost": 123512.14, "Plan Rows": 1, "Plan Width": 97, "Actual Startup Time": 5152.064, "Actual Total Time": 5152.065, "Actual Rows": 1, "Actual Loops": 1, "Plans": [{"Node Type": "Nested Loop", "Parent Relationship": "Outer", "Join Type": "Inner", "Startup Cost": 5984.57, "Total Cost": 123508.9, "Plan Rows": 646, "Plan Width": 33, "Actual Startup Time": 454.265, "Actual Total Time": 5151.794, "Actual Rows": 62, "Actual Loops": 1, "Inner Unique": true, "Plans": [{"Node Type": "Nested Loop", "Parent Relationship": "Outer", "Join Type": "Inner", "Startup Cost": 5984.25, "Total Cost": 120700.31, "Plan Rows": 645, "Plan Width": 41, "Actual Startup Time": 85.433, "Actual Total Time": 5051.01, "Actual Rows": 17379, "Actual Loops": 1, "Inner Unique": false, "Plans": [{"Node Type": "Nested Loop", "Parent Relationship": "Outer", "Join Type": "Inner", "Startup Cost": 5983.86, "Total Cost": 118357.75, "Plan Rows": 532, "Plan Width": 21, "Actual Startup Time": 85.401, "Actual Total Time": 4988.111, "Actual Rows": 7438, "Actual Loops": 1, "Inner Unique": false, "Join Filter": "(ci.role_id = rt.id)", "Rows Removed by Join Filter": 12162, "Plans": [{"Node Type": "Seq Scan", "Parent Relationship": "Outer", "Relation Name": "role_type", "Alias": "rt", "Startup Cost": 0.0, "Total Cost": 1.15, "Plan Rows": 1, "Plan Width": 4, "Actual Startup Time": 0.018, "Actual Total Time": 0.025, "Actual Rows": 1, "Actual Loops": 1, "Filter": "((role)::text = 'actress'::text)", "Rows Removed by Filter": 11}, {"Node Type": "Nested Loop", "Parent Relationship": "Inner", "Join Type": "Inner", "Startup Cost": 5983.86, "Total Cost": 118283.51, "Plan Rows": 5847, "Plan Width": 25, "Actual Startup Time": 85.373, "Actual Total Time": 4982.705, "Actual Rows": 19600, "Actual Loops": 1, "Inner Unique": false, "Plans": [{"Node Type": "Nested Loop", "Parent Relationship": "Outer", "Join Type": "Inner", "Startup Cost": 5983.35, "Total Cost": 91625.69, "Plan Rows": 5775, "Plan Width": 25, "Actual Startup Time": 85.185, "Actual Total Time": 1439.66, "Actual Rows": 48328, "Actual Loops": 1, "Inner Unique": true, "Plans": [{"Node Type": "Hash Join", "Parent Relationship": "Outer", "Join Type": "Inner", "Startup Cost": 5982.08, "Total Cost": 61039.34, "Plan Rows": 5775, "Plan Width": 4, "Actual Startup Time": 85.138, "Actual Total Time": 1083.325, "Actual Rows": 48328, "Actual Loops": 1, "Inner Unique": true, "Hash Cond": "(mc.company_id = cn.id)", "Plans": [{"Node Type": "Seq Scan", "Parent Relationship": "Outer", "Relation Name": "movie_companies", "Alias": "mc", "Startup Cost": 0.0, "Total Cost": 54862.92, "Plan Rows": 36426, "Plan Width": 8, "Actual Startup Time": 0.252, "Actual Total Time": 962.218, "Actual Rows": 48897, "Actual Loops": 1, "Filter": "(((note)::text ~~ '%(Japan)%'::text) AND ((note)::text !~~ '%(USA)%'::text))", "Rows Removed by Filter": 2560231}, {"Node Type": "Hash", "Parent Relationship": "Inner", "Startup Cost": 5903.45, "Total Cost": 5903.45, "Plan Rows": 6290, "Plan Width": 4, "Actual Startup Time": 84.81, "Actual Total Time": 84.81, "Actual Rows": 6752, "Actual Loops": 1, "Hash Buckets": 32768, "Hash Batches": 1, "Original Hash Batches": 1, "Peak Memory Usage": 238, "Plans": [{"Node Type": "Seq Scan", "Parent Relationship": "Outer", "Relation Name": "company_name", "Alias": "cn", "Startup Cost": 0.0, "Total Cost": 5903.45, "Plan Rows": 6290, "Plan Width": 4, "Actual Startup Time": 0.028, "Actual Total Time": 82.526, "Actual Rows": 6752, "Actual Loops": 1, "Filter": "((country_code)::text = '[jp]'::text)", "Rows Removed by Filter": 228244}]}]}, {"Node Type": "Bitmap Heap Scan", "Parent Relationship": "Inner", "Relation Name": "title", "Alias": "t", "Startup Cost": 1.27, "Total Cost": 5.29, "Plan Rows": 1, "Plan Width": 21, "Actual Startup Time": 277.167, "Actual Total Time": 277.167, "Actual Rows": 48328, "Actual Loops": 48328, "Recheck Cond": "(id = mc.movie_id)", "Rows Removed by Index Recheck": 0, "Exact Heap Blocks": 48328, "Lossy Heap Blocks": 48328, "Plans": [{"Node Type": "Bitmap Index Scan", "Parent Relationship": "Outer", "Index Name": "title_pkey", "Startup Cost": 0.0, "Total Cost": 1.27, "Plan Rows": 1, "Plan Width": 0, "Actual Startup Time": 150.702, "Actual Total Time": 150.702, "Actual Rows": 48328, "Actual Loops": 48328, "Index Cond": "(id = mc.movie_id)"}]}]}, {"Node Type": "Bitmap Heap Scan", "Parent Relationship": "Inner", "Relation Name": "cast_info", "Alias": "ci", "Startup Cost": 0.52, "Total Cost": 4.61, "Plan Rows": 1, "Plan Width": 12, "Actual Startup Time": 3327.115, "Actual Total Time": 3469.349, "Actual Rows": 19600, "Actual Loops": 48328, "Recheck Cond": "(movie_id = t.id)", "Rows Removed by Index Recheck": 0, "Filter": "((note)::text = '(voice: English version)'::text)", "Rows Removed by Filter": 1531710, "Exact Heap Blocks": 1503105, "Lossy Heap Blocks": 1503105, "Plans": [{"Node Type": "Bitmap Index Scan", "Parent Relationship": "Outer", "Index Name": "movie_id_cast_info", "Startup Cost": 0.0, "Total Cost": 0.52, "Plan Rows": 6, "Plan Width": 0, "Actual Startup Time": 449.419, "Actual Total Time": 449.419, "Actual Rows": 1551310, "Actual Loops": 48328, "Index Cond": "(movie_id = t.id)"}]}]}]}, {"Node Type": "Bitmap Heap Scan", "Parent Relationship": "Inner", "Relation Name": "aka_name", "Alias": "an1", "Startup Cost": 0.38, "Total Cost": 4.39, "Plan Rows": 1, "Plan Width": 20, "Actual Startup Time": 43.884, "Actual Total Time": 49.016, "Actual Rows": 17379, "Actual Loops": 7438, "Recheck Cond": "(person_id = ci.person_id)", "Rows Removed by Index Recheck": 0, "Exact Heap Blocks": 6514, "Lossy Heap Blocks": 6514, "Plans": [{"Node Type": "Bitmap Index Scan", "Parent Relationship": "Outer", "Index Name": "person_id_aka_name", "Startup Cost": 0.0, "Total Cost": 0.38, "Plan Rows": 1, "Plan Width": 0, "Actual Startup Time": 28.906, "Actual Total Time": 28.906, "Actual Rows": 17379, "Actual Loops": 7438, "Index Cond": "(person_id = ci.person_id)"}]}]}, {"Node Type": "Bitmap Heap Scan", "Parent Relationship": "Inner", "Relation Name": "name", "Alias": "n1", "Startup Cost": 0.33, "Total Cost": 4.34, "Plan Rows": 1, "Plan Width": 4, "Actual Startup Time": 80.091, "Actual Total Time": 80.091, "Actual Rows": 62, "Actual Loops": 17379, "Recheck Cond": "(id = an1.person_id)", "Rows Removed by Index Recheck": 0, "Filter": "(((name)::text ~~ '%Yo%'::text) AND ((name)::text !~~ '%Yu%'::text))", "Rows Removed by Filter": 17317, "Exact Heap Blocks": 17379, "Lossy Heap Blocks": 17379, "Plans": [{"Node Type": "Bitmap Index Scan", "Parent Relationship": "Outer", "Index Name": "name_pkey", "Startup Cost": 0.0, "Total Cost": 0.33, "Plan Rows": 1, "Plan Width": 0, "Actual Startup Time": 46.453, "Actual Total Time": 46.453, "Actual Rows": 17379, "Actual Loops": 17379, "Index Cond": "(id = an1.person_id)"}]}]}]}, "Triggers": [], "Planner Runtime": 41, "Total Runtime": 5152.507, "Unique SQL Id": 3544391839}}, "(64, 7)": {"explain_plan": {"Plan": {"Node Type": "Aggregate", "Strategy": "Plain", "Startup Cost": 168806.18, "Total Cost": 168806.19, "Plan Rows": 1, "Plan Width": 97, "Plans": [{"Node Type": "Nested Loop", "Parent Relationship": "Outer", "Join Type": "Inner", "Startup Cost": 2794.98, "Total Cost": 168802.95, "Plan Rows": 646, "Plan Width": 33, "Inner Unique": true, "Plans": [{"Node Type": "Nested Loop", "Parent Relationship": "Outer", "Join Type": "Inner", "Startup Cost": 2794.66, "Total Cost": 165994.37, "Plan Rows": 645, "Plan Width": 41, "Inner Unique": false, "Plans": [{"Node Type": "Nested Loop", "Parent Relationship": "Outer", "Join Type": "Inner", "Startup Cost": 2794.28, "Total Cost": 163651.8, "Plan Rows": 532, "Plan Width": 21, "Inner Unique": false, "Join Filter": "(ci.role_id = rt.id)", "Plans": [{"Node Type": "Bitmap Heap Scan", "Parent Relationship": "Outer", "Relation Name": "role_type", "Alias": "rt", "Startup Cost": 8.31, "Total Cost": 12.46, "Plan Rows": 1, "Plan Width": 4, "Filter": "((role)::text = 'actress'::text)", "Plans": [{"Node Type": "Bitmap Index Scan", "Parent Relationship": "Outer", "Index Name": "role_type_pkey", "Startup Cost": 0.0, "Total Cost": 8.31, "Plan Rows": 12, "Plan Width": 0}]}, {"Node Type": "Nested Loop", "Parent Relationship": "Inner", "Join Type": "Inner", "Startup Cost": 2785.97, "Total Cost": 163566.25, "Plan Rows": 5847, "Plan Width": 25, "Inner Unique": false, "Plans": [{"Node Type": "Nested Loop", "Parent Relationship": "Outer", "Join Type": "Inner", "Startup Cost": 2785.45, "Total Cost": 136908.44, "Plan Rows": 5775, "Plan Width": 25, "Inner Unique": true, "Plans": [{"Node Type": "Nested Loop", "Parent Relationship": "Outer", "Join Type": "Inner", "Startup Cost": 2784.18, "Total Cost": 106322.09, "Plan Rows": 5775, "Plan Width": 4, "Inner Unique": false, "Plans": [{"Node Type": "Bitmap Heap Scan", "Parent Relationship": "Outer", "Relation Name": "company_name", "Alias": "cn", "Startup Cost": 2780.8, "Total Cost": 8684.25, "Plan Rows": 6290, "Plan Width": 4, "Filter": "((country_code)::text = '[jp]'::text)", "Plans": [{"Node Type": "Bitmap Index Scan", "Parent Relationship": "Outer", "Index Name": "company_name_pkey", "Startup Cost": 0.0, "Total Cost": 2779.23, "Plan Rows": 234996, "Plan Width": 0}]}, {"Node Type": "Bitmap Heap Scan", "Parent Relationship": "Inner", "Relation Name": "movie_companies", "Alias": "mc", "Startup Cost": 3.37, "Total Cost": 15.51, "Plan Rows": 1, "Plan Width": 8, "Recheck Cond": "(company_id = cn.id)", "Filter": "(((note)::text ~~ '%(Japan)%'::text) AND ((note)::text !~~ '%(USA)%'::text))", "Plans": [{"Node Type": "Bitmap Index Scan", "Parent Relationship": "Outer", "Index Name": "company_id_movie_companies", "Startup Cost": 0.0, "Total Cost": 3.37, "Plan Rows": 15, "Plan Width": 0, "Index Cond": "(company_id = cn.id)"}]}]}, {"Node Type": "Bitmap Heap Scan", "Parent Relationship": "Inner", "Relation Name": "title", "Alias": "t", "Startup Cost": 1.27, "Total Cost": 5.29, "Plan Rows": 1, "Plan Width": 21, "Recheck Cond": "(id = mc.movie_id)", "Plans": [{"Node Type": "Bitmap Index Scan", "Parent Relationship": "Outer", "Index Name": "title_pkey", "Startup Cost": 0.0, "Total Cost": 1.27, "Plan Rows": 1, "Plan Width": 0, "Index Cond": "(id = mc.movie_id)"}]}]}, {"Node Type": "Bitmap Heap Scan", "Parent Relationship": "Inner", "Relation Name": "cast_info", "Alias": "ci", "Startup Cost": 0.52, "Total Cost": 4.61, "Plan Rows": 1, "Plan Width": 12, "Recheck Cond": "(movie_id = t.id)", "Filter": "((note)::text = '(voice: English version)'::text)", "Plans": [{"Node Type": "Bitmap Index Scan", "Parent Relationship": "Outer", "Index Name": "movie_id_cast_info", "Startup Cost": 0.0, "Total Cost": 0.52, "Plan Rows": 6, "Plan Width": 0, "Index Cond": "(movie_id = t.id)"}]}]}]}, {"Node Type": "Bitmap Heap Scan", "Parent Relationship": "Inner", "Relation Name": "aka_name", "Alias": "an1", "Startup Cost": 0.38, "Total Cost": 4.39, "Plan Rows": 1, "Plan Width": 20, "Recheck Cond": "(person_id = ci.person_id)", "Plans": [{"Node Type": "Bitmap Index Scan", "Parent Relationship": "Outer", "Index Name": "person_id_aka_name", "Startup Cost": 0.0, "Total Cost": 0.38, "Plan Rows": 1, "Plan Width": 0, "Index Cond": "(person_id = ci.person_id)"}]}]}, {"Node Type": "Bitmap Heap Scan", "Parent Relationship": "Inner", "Relation Name": "name", "Alias": "n1", "Startup Cost": 0.33, "Total Cost": 4.34, "Plan Rows": 1, "Plan Width": 4, "Recheck Cond": "(id = an1.person_id)", "Filter": "(((name)::text ~~ '%Yo%'::text) AND ((name)::text !~~ '%Yu%'::text))", "Plans": [{"Node Type": "Bitmap Index Scan", "Parent Relationship": "Outer", "Index Name": "name_pkey", "Startup Cost": 0.0, "Total Cost": 0.33, "Plan Rows": 1, "Plan Width": 0, "Index Cond": "(id = an1.person_id)"}]}]}]}, "Unique SQL Id": 3544391839, "Planner Runtime": 31}, "explain_analyze_plan": {"Plan": {"Node Type": "Aggregate", "Strategy": "Plain", "Startup Cost": 168806.18, "Total Cost": 168806.19, "Plan Rows": 1, "Plan Width": 97, "Actual Startup Time": 4946.591, "Actual Total Time": 4946.592, "Actual Rows": 1, "Actual Loops": 1, "Plans": [{"Node Type": "Nested Loop", "Parent Relationship": "Outer", "Join Type": "Inner", "Startup Cost": 2794.98, "Total Cost": 168802.95, "Plan Rows": 646, "Plan Width": 33, "Actual Startup Time": 386.684, "Actual Total Time": 4946.119, "Actual Rows": 62, "Actual Loops": 1, "Inner Unique": true, "Plans": [{"Node Type": "Nested Loop", "Parent Relationship": "Outer", "Join Type": "Inner", "Startup Cost": 2794.66, "Total Cost": 165994.37, "Plan Rows": 645, "Plan Width": 41, "Actual Startup Time": 22.416, "Actual Total Time": 4842.081, "Actual Rows": 17379, "Actual Loops": 1, "Inner Unique": false, "Plans": [{"Node Type": "Nested Loop", "Parent Relationship": "Outer", "Join Type": "Inner", "Startup Cost": 2794.28, "Total Cost": 163651.8, "Plan Rows": 532, "Plan Width": 21, "Actual Startup Time": 22.38, "Actual Total Time": 4774.879, "Actual Rows": 7438, "Actual Loops": 1, "Inner Unique": false, "Join Filter": "(ci.role_id = rt.id)", "Rows Removed by Join Filter": 12162, "Plans": [{"Node Type": "Bitmap Heap Scan", "Parent Relationship": "Outer", "Relation Name": "role_type", "Alias": "rt", "Startup Cost": 8.31, "Total Cost": 12.46, "Plan Rows": 1, "Plan Width": 4, "Actual Startup Time": 0.04, "Actual Total Time": 0.044, "Actual Rows": 1, "Actual Loops": 1, "Filter": "((role)::text = 'actress'::text)", "Rows Removed by Filter": 11, "Exact Heap Blocks": 1, "Lossy Heap Blocks": 1, "Plans": [{"Node Type": "Bitmap Index Scan", "Parent Relationship": "Outer", "Index Name": "role_type_pkey", "Startup Cost": 0.0, "Total Cost": 8.31, "Plan Rows": 12, "Plan Width": 0, "Actual Startup Time": 0.012, "Actual Total Time": 0.012, "Actual Rows": 12, "Actual Loops": 1}]}, {"Node Type": "Nested Loop", "Parent Relationship": "Inner", "Join Type": "Inner", "Startup Cost": 2785.97, "Total Cost": 163566.25, "Plan Rows": 5847, "Plan Width": 25, "Actual Startup Time": 22.331, "Actual Total Time": 4769.28, "Actual Rows": 19600, "Actual Loops": 1, "Inner Unique": false, "Plans": [{"Node Type": "Nested Loop", "Parent Relationship": "Outer", "Join Type": "Inner", "Startup Cost": 2785.45, "Total Cost": 136908.44, "Plan Rows": 5775, "Plan Width": 25, "Actual Startup Time": 22.224, "Actual Total Time": 850.065, "Actual Rows": 48328, "Actual Loops": 1, "Inner Unique": true, "Plans": [{"Node Type": "Nested Loop", "Parent Relationship": "Outer", "Join Type": "Inner", "Startup Cost": 2784.18, "Total Cost": 106322.09, "Plan Rows": 5775, "Plan Width": 4, "Actual Startup Time": 22.202, "Actual Total Time": 419.175, "Actual Rows": 48328, "Actual Loops": 1, "Inner Unique": false, "Plans": [{"Node Type": "Bitmap Heap Scan", "Parent Relationship": "Outer", "Relation Name": "company_name", "Alias": "cn", "Startup Cost": 2780.8, "Total Cost": 8684.25, "Plan Rows": 6290, "Plan Width": 4, "Actual Startup Time": 22.131, "Actual Total Time": 128.566, "Actual Rows": 6752, "Actual Loops": 1, "Filter": "((country_code)::text = '[jp]'::text)", "Rows Removed by Filter": 228244, "Exact Heap Blocks": 2966, "Lossy Heap Blocks": 2966, "Plans": [{"Node Type": "Bitmap Index Scan", "Parent Relationship": "Outer", "Index Name": "company_name_pkey", "Startup Cost": 0.0, "Total Cost": 2779.23, "Plan Rows": 234996, "Plan Width": 0, "Actual Startup Time": 21.667, "Actual Total Time": 21.667, "Actual Rows": 234996, "Actual Loops": 1}]}, {"Node Type": "Bitmap Heap Scan", "Parent Relationship": "Inner", "Relation Name": "movie_companies", "Alias": "mc", "Startup Cost": 3.37, "Total Cost": 15.51, "Plan Rows": 1, "Plan Width": 8, "Actual Startup Time": 94.172, "Actual Total Time": 267.902, "Actual Rows": 48328, "Actual Loops": 6752, "Recheck Cond": "(company_id = cn.id)", "Rows Removed by Index Recheck": 0, "Filter": "(((note)::text ~~ '%(Japan)%'::text) AND ((note)::text !~~ '%(USA)%'::text))", "Rows Removed by Filter": 56667, "Exact Heap Blocks": 61861, "Lossy Heap Blocks": 61861, "Plans": [{"Node Type": "Bitmap Index Scan", "Parent Relationship": "Outer", "Index Name": "company_id_movie_companies", "Startup Cost": 0.0, "Total Cost": 3.37, "Plan Rows": 15, "Plan Width": 0, "Actual Startup Time": 49.033, "Actual Total Time": 49.033, "Actual Rows": 104995, "Actual Loops": 6752, "Index Cond": "(company_id = cn.id)"}]}]}, {"Node Type": "Bitmap Heap Scan", "Parent Relationship": "Inner", "Relation Name": "title", "Alias": "t", "Startup Cost": 1.27, "Total Cost": 5.29, "Plan Rows": 1, "Plan Width": 21, "Actual Startup Time": 353.174, "Actual Total Time": 353.174, "Actual Rows": 48328, "Actual Loops": 48328, "Recheck Cond": "(id = mc.movie_id)", "Rows Removed by Index Recheck": 0, "Exact Heap Blocks": 48328, "Lossy Heap Blocks": 48328, "Plans": [{"Node Type": "Bitmap Index Scan", "Parent Relationship": "Outer", "Index Name": "title_pkey", "Startup Cost": 0.0, "Total Cost": 1.27, "Plan Rows": 1, "Plan Width": 0, "Actual Startup Time": 201.304, "Actual Total Time": 201.304, "Actual Rows": 48328, "Actual Loops": 48328, "Index Cond": "(id = mc.movie_id)"}]}]}, {"Node Type": "Bitmap Heap Scan", "Parent Relationship": "Inner", "Relation Name": "cast_info", "Alias": "ci", "Startup Cost": 0.52, "Total Cost": 4.61, "Plan Rows": 1, "Plan Width": 12, "Actual Startup Time": 3689.321, "Actual Total Time": 3845.559, "Actual Rows": 19600, "Actual Loops": 48328, "Recheck Cond": "(movie_id = t.id)", "Rows Removed by Index Recheck": 0, "Filter": "((note)::text = '(voice: English version)'::text)", "Rows Removed by Filter": 1531710, "Exact Heap Blocks": 1503105, "Lossy Heap Blocks": 1503105, "Plans": [{"Node Type": "Bitmap Index Scan", "Parent Relationship": "Outer", "Index Name": "movie_id_cast_info", "Startup Cost": 0.0, "Total Cost": 0.52, "Plan Rows": 6, "Plan Width": 0, "Actual Startup Time": 532.133, "Actual Total Time": 532.133, "Actual Rows": 1551310, "Actual Loops": 48328, "Index Cond": "(movie_id = t.id)"}]}]}]}, {"Node Type": "Bitmap Heap Scan", "Parent Relationship": "Inner", "Relation Name": "aka_name", "Alias": "an1", "Startup Cost": 0.38, "Total Cost": 4.39, "Plan Rows": 1, "Plan Width": 20, "Actual Startup Time": 47.447, "Actual Total Time": 52.813, "Actual Rows": 17379, "Actual Loops": 7438, "Recheck Cond": "(person_id = ci.person_id)", "Rows Removed by Index Recheck": 0, "Exact Heap Blocks": 6514, "Lossy Heap Blocks": 6514, "Plans": [{"Node Type": "Bitmap Index Scan", "Parent Relationship": "Outer", "Index Name": "person_id_aka_name", "Startup Cost": 0.0, "Total Cost": 0.38, "Plan Rows": 1, "Plan Width": 0, "Actual Startup Time": 31.364, "Actual Total Time": 31.364, "Actual Rows": 17379, "Actual Loops": 7438, "Index Cond": "(person_id = ci.person_id)"}]}]}, {"Node Type": "Bitmap Heap Scan", "Parent Relationship": "Inner", "Relation Name": "name", "Alias": "n1", "Startup Cost": 0.33, "Total Cost": 4.34, "Plan Rows": 1, "Plan Width": 4, "Actual Startup Time": 83.196, "Actual Total Time": 83.196, "Actual Rows": 62, "Actual Loops": 17379, "Recheck Cond": "(id = an1.person_id)", "Rows Removed by Index Recheck": 0, "Filter": "(((name)::text ~~ '%Yo%'::text) AND ((name)::text !~~ '%Yu%'::text))", "Rows Removed by Filter": 17317, "Exact Heap Blocks": 17379, "Lossy Heap Blocks": 17379, "Plans": [{"Node Type": "Bitmap Index Scan", "Parent Relationship": "Outer", "Index Name": "name_pkey", "Startup Cost": 0.0, "Total Cost": 0.33, "Plan Rows": 1, "Plan Width": 0, "Actual Startup Time": 48.696, "Actual Total Time": 48.696, "Actual Rows": 17379, "Actual Loops": 17379, "Index Cond": "(id = an1.person_id)"}]}]}]}, "Triggers": [], "Planner Runtime": 25, "Total Runtime": 4947.027, "Unique SQL Id": 3544391839}}, "(64, 8)": {"explain_plan": {"Plan": {"Node Type": "Aggregate", "Strategy": "Plain", "Startup Cost": 90336.25, "Total Cost": 90336.26, "Plan Rows": 1, "Plan Width": 97, "Plans": [{"Node Type": "Nested Loop", "Parent Relationship": "Outer", "Join Type": "Inner", "Startup Cost": 5982.08, "Total Cost": 90333.02, "Plan Rows": 646, "Plan Width": 33, "Inner Unique": true, "Plans": [{"Node Type": "Nested Loop", "Parent Relationship": "Outer", "Join Type": "Inner", "Startup Cost": 5982.08, "Total Cost": 89957.48, "Plan Rows": 645, "Plan Width": 41, "Inner Unique": false, "Plans": [{"Node Type": "Nested Loop", "Parent Relationship": "Outer", "Join Type": "Inner", "Startup Cost": 5982.08, "Total Cost": 89503.27, "Plan Rows": 532, "Plan Width": 21, "Inner Unique": false, "Join Filter": "(ci.role_id = rt.id)", "Plans": [{"Node Type": "Seq Scan", "Parent Relationship": "Outer", "Relation Name": "role_type", "Alias": "rt", "Startup Cost": 0.0, "Total Cost": 1.15, "Plan Rows": 1, "Plan Width": 4, "Filter": "((role)::text = 'actress'::text)"}, {"Node Type": "Nested Loop", "Parent Relationship": "Inner", "Join Type": "Inner", "Startup Cost": 5982.08, "Total Cost": 89429.03, "Plan Rows": 5847, "Plan Width": 25, "Inner Unique": false, "Plans": [{"Node Type": "Nested Loop", "Parent Relationship": "Outer", "Join Type": "Inner", "Startup Cost": 5982.08, "Total Cost": 83686.44, "Plan Rows": 5775, "Plan Width": 25, "Inner Unique": true, "Plans": [{"Node Type": "Hash Join", "Parent Relationship": "Outer", "Join Type": "Inner", "Startup Cost": 5982.08, "Total Cost": 61039.34, "Plan Rows": 5775, "Plan Width": 4, "Inner Unique": true, "Hash Cond": "(mc.company_id = cn.id)", "Plans": [{"Node Type": "Seq Scan", "Parent Relationship": "Outer", "Relation Name": "movie_companies", "Alias": "mc", "Startup Cost": 0.0, "Total Cost": 54862.92, "Plan Rows": 36426, "Plan Width": 8, "Filter": "(((note)::text ~~ '%(Japan)%'::text) AND ((note)::text !~~ '%(USA)%'::text))"}, {"Node Type": "Hash", "Parent Relationship": "Inner", "Startup Cost": 5903.45, "Total Cost": 5903.45, "Plan Rows": 6290, "Plan Width": 4, "Plans": [{"Node Type": "Seq Scan", "Parent Relationship": "Outer", "Relation Name": "company_name", "Alias": "cn", "Startup Cost": 0.0, "Total Cost": 5903.45, "Plan Rows": 6290, "Plan Width": 4, "Filter": "((country_code)::text = '[jp]'::text)"}]}]}, {"Node Type": "Index Scan", "Parent Relationship": "Inner", "Scan Direction": "Forward", "Index Name": "title_pkey", "Relation Name": "title", "Alias": "t", "Startup Cost": 0.0, "Total Cost": 3.91, "Plan Rows": 1, "Plan Width": 21, "Index Cond": "(id = mc.movie_id)"}]}, {"Node Type": "Index Scan", "Parent Relationship": "Inner", "Scan Direction": "Forward", "Index Name": "movie_id_cast_info", "Relation Name": "cast_info", "Alias": "ci", "Startup Cost": 0.0, "Total Cost": 0.98, "Plan Rows": 1, "Plan Width": 12, "Index Cond": "(movie_id = t.id)", "Filter": "((note)::text = '(voice: English version)'::text)"}]}]}, {"Node Type": "Index Scan", "Parent Relationship": "Inner", "Scan Direction": "Forward", "Index Name": "person_id_aka_name", "Relation Name": "aka_name", "Alias": "an1", "Startup Cost": 0.0, "Total Cost": 0.84, "Plan Rows": 1, "Plan Width": 20, "Index Cond": "(person_id = ci.person_id)"}]}, {"Node Type": "Index Scan", "Parent Relationship": "Inner", "Scan Direction": "Forward", "Index Name": "name_pkey", "Relation Name": "name", "Alias": "n1", "Startup Cost": 0.0, "Total Cost": 0.57, "Plan Rows": 1, "Plan Width": 4, "Index Cond": "(id = an1.person_id)", "Filter": "(((name)::text ~~ '%Yo%'::text) AND ((name)::text !~~ '%Yu%'::text))"}]}]}, "Unique SQL Id": 3544391839, "Planner Runtime": 42}, "explain_analyze_plan": {"Plan": {"Node Type": "Aggregate", "Strategy": "Plain", "Startup Cost": 90336.25, "Total Cost": 90336.26, "Plan Rows": 1, "Plan Width": 97, "Actual Startup Time": 4152.758, "Actual Total Time": 4152.759, "Actual Rows": 1, "Actual Loops": 1, "Plans": [{"Node Type": "Nested Loop", "Parent Relationship": "Outer", "Join Type": "Inner", "Startup Cost": 5982.08, "Total Cost": 90333.02, "Plan Rows": 646, "Plan Width": 33, "Actual Startup Time": 377.286, "Actual Total Time": 4152.427, "Actual Rows": 62, "Actual Loops": 1, "Inner Unique": true, "Plans": [{"Node Type": "Nested Loop", "Parent Relationship": "Outer", "Join Type": "Inner", "Startup Cost": 5982.08, "Total Cost": 89957.48, "Plan Rows": 645, "Plan Width": 41, "Actual Startup Time": 85.363, "Actual Total Time": 4079.491, "Actual Rows": 17379, "Actual Loops": 1, "Inner Unique": false, "Plans": [{"Node Type": "Nested Loop", "Parent Relationship": "Outer", "Join Type": "Inner", "Startup Cost": 5982.08, "Total Cost": 89503.27, "Plan Rows": 532, "Plan Width": 21, "Actual Startup Time": 85.344, "Actual Total Time": 4032.018, "Actual Rows": 7438, "Actual Loops": 1, "Inner Unique": false, "Join Filter": "(ci.role_id = rt.id)", "Rows Removed by Join Filter": 12162, "Plans": [{"Node Type": "Seq Scan", "Parent Relationship": "Outer", "Relation Name": "role_type", "Alias": "rt", "Startup Cost": 0.0, "Total Cost": 1.15, "Plan Rows": 1, "Plan Width": 4, "Actual Startup Time": 0.026, "Actual Total Time": 0.032, "Actual Rows": 1, "Actual Loops": 1, "Filter": "((role)::text = 'actress'::text)", "Rows Removed by Filter": 11}, {"Node Type": "Nested Loop", "Parent Relationship": "Inner", "Join Type": "Inner", "Startup Cost": 5982.08, "Total Cost": 89429.03, "Plan Rows": 5847, "Plan Width": 25, "Actual Startup Time": 85.31, "Actual Total Time": 4026.457, "Actual Rows": 19600, "Actual Loops": 1, "Inner Unique": false, "Plans": [{"Node Type": "Nested Loop", "Parent Relationship": "Outer", "Join Type": "Inner", "Startup Cost": 5982.08, "Total Cost": 83686.44, "Plan Rows": 5775, "Plan Width": 25, "Actual Startup Time": 85.17, "Actual Total Time": 1322.662, "Actual Rows": 48328, "Actual Loops": 1, "Inner Unique": true, "Plans": [{"Node Type": "Hash Join", "Parent Relationship": "Outer", "Join Type": "Inner", "Startup Cost": 5982.08, "Total Cost": 61039.34, "Plan Rows": 5775, "Plan Width": 4, "Actual Startup Time": 85.123, "Actual Total Time": 1076.877, "Actual Rows": 48328, "Actual Loops": 1, "Inner Unique": true, "Hash Cond": "(mc.company_id = cn.id)", "Plans": [{"Node Type": "Seq Scan", "Parent Relationship": "Outer", "Relation Name": "movie_companies", "Alias": "mc", "Startup Cost": 0.0, "Total Cost": 54862.92, "Plan Rows": 36426, "Plan Width": 8, "Actual Startup Time": 0.239, "Actual Total Time": 958.298, "Actual Rows": 48897, "Actual Loops": 1, "Filter": "(((note)::text ~~ '%(Japan)%'::text) AND ((note)::text !~~ '%(USA)%'::text))", "Rows Removed by Filter": 2560231}, {"Node Type": "Hash", "Parent Relationship": "Inner", "Startup Cost": 5903.45, "Total Cost": 5903.45, "Plan Rows": 6290, "Plan Width": 4, "Actual Startup Time": 84.82, "Actual Total Time": 84.82, "Actual Rows": 6752, "Actual Loops": 1, "Hash Buckets": 32768, "Hash Batches": 1, "Original Hash Batches": 1, "Peak Memory Usage": 238, "Plans": [{"Node Type": "Seq Scan", "Parent Relationship": "Outer", "Relation Name": "company_name", "Alias": "cn", "Startup Cost": 0.0, "Total Cost": 5903.45, "Plan Rows": 6290, "Plan Width": 4, "Actual Startup Time": 0.028, "Actual Total Time": 82.767, "Actual Rows": 6752, "Actual Loops": 1, "Filter": "((country_code)::text = '[jp]'::text)", "Rows Removed by Filter": 228244}]}]}, {"Node Type": "Index Scan", "Parent Relationship": "Inner", "Scan Direction": "Forward", "Index Name": "title_pkey", "Relation Name": "title", "Alias": "t", "Startup Cost": 0.0, "Total Cost": 3.91, "Plan Rows": 1, "Plan Width": 21, "Actual Startup Time": 204.969, "Actual Total Time": 204.969, "Actual Rows": 48328, "Actual Loops": 48328, "Index Cond": "(id = mc.movie_id)", "Rows Removed by Index Recheck": 0}]}, {"Node Type": "Index Scan", "Parent Relationship": "Inner", "Scan Direction": "Forward", "Index Name": "movie_id_cast_info", "Relation Name": "cast_info", "Alias": "ci", "Startup Cost": 0.0, "Total Cost": 0.98, "Plan Rows": 1, "Plan Width": 12, "Actual Startup Time": 2552.355, "Actual Total Time": 2673.299, "Actual Rows": 19600, "Actual Loops": 48328, "Index Cond": "(movie_id = t.id)", "Rows Removed by Index Recheck": 0, "Filter": "((note)::text = '(voice: English version)'::text)", "Rows Removed by Filter": 1531710}]}]}, {"Node Type": "Index Scan", "Parent Relationship": "Inner", "Scan Direction": "Forward", "Index Name": "person_id_aka_name", "Relation Name": "aka_name", "Alias": "an1", "Startup Cost": 0.0, "Total Cost": 0.84, "Plan Rows": 1, "Plan Width": 20, "Actual Startup Time": 30.665, "Actual Total Time": 38.64, "Actual Rows": 17379, "Actual Loops": 7438, "Index Cond": "(person_id = ci.person_id)", "Rows Removed by Index Recheck": 0}]}, {"Node Type": "Index Scan", "Parent Relationship": "Inner", "Scan Direction": "Forward", "Index Name": "name_pkey", "Relation Name": "name", "Alias": "n1", "Startup Cost": 0.0, "Total Cost": 0.57, "Plan Rows": 1, "Plan Width": 4, "Actual Startup Time": 64.247, "Actual Total Time": 64.247, "Actual Rows": 62, "Actual Loops": 17379, "Index Cond": "(id = an1.person_id)", "Rows Removed by Index Recheck": 0, "Filter": "(((name)::text ~~ '%Yo%'::text) AND ((name)::text !~~ '%Yu%'::text))", "Rows Removed by Filter": 17317}]}]}, "Triggers": [], "Planner Runtime": 43, "Total Runtime": 4153.142, "Unique SQL Id": 3544391839}}, "(64, 9)": {"explain_plan": {"Plan": {"Node Type": "Aggregate", "Strategy": "Plain", "Startup Cost": 110825.24, "Total Cost": 110825.25, "Plan Rows": 1, "Plan Width": 97, "Plans": [{"Node Type": "Nested Loop", "Parent Relationship": "Outer", "Join Type": "Inner", "Startup Cost": 0.0, "Total Cost": 110824.76, "Plan Rows": 96, "Plan Width": 33, "Inner Unique": true, "Plans": [{"Node Type": "Nested Loop", "Parent Relationship": "Outer", "Join Type": "Inner", "Startup Cost": 0.0, "Total Cost": 110449.22, "Plan Rows": 645, "Plan Width": 41, "Inner Unique": false, "Plans": [{"Node Type": "Nested Loop", "Parent Relationship": "Outer", "Join Type": "Inner", "Startup Cost": 0.0, "Total Cost": 109995.01, "Plan Rows": 532, "Plan Width": 21, "Inner Unique": false, "Join Filter": "(ci.role_id = rt.id)", "Plans": [{"Node Type": "Index Scan", "Parent Relationship": "Outer", "Scan Direction": "Forward", "Index Name": "role_type_pkey", "Relation Name": "role_type", "Alias": "rt", "Startup Cost": 0.0, "Total Cost": 12.46, "Plan Rows": 1, "Plan Width": 4, "Filter": "((role)::text = 'actress'::text)"}, {"Node Type": "Nested Loop", "Parent Relationship": "Inner", "Join Type": "Inner", "Startup Cost": 0.0, "Total Cost": 109909.47, "Plan Rows": 5847, "Plan Width": 25, "Inner Unique": false, "Plans": [{"Node Type": "Nested Loop", "Parent Relationship": "Outer", "Join Type": "Inner", "Startup Cost": 0.0, "Total Cost": 104166.87, "Plan Rows": 5775, "Plan Width": 25, "Inner Unique": true, "Plans": [{"Node Type": "Nested Loop", "Parent Relationship": "Outer", "Join Type": "Inner", "Startup Cost": 0.0, "Total Cost": 81519.78, "Plan Rows": 5775, "Plan Width": 4, "Inner Unique": false, "Plans": [{"Node Type": "Index Scan", "Parent Relationship": "Outer", "Scan Direction": "Forward", "Index Name": "company_name_pkey", "Relation Name": "company_name", "Alias": "cn", "Startup Cost": 0.0, "Total Cost": 10501.39, "Plan Rows": 6290, "Plan Width": 4, "Filter": "((country_code)::text = '[jp]'::text)"}, {"Node Type": "Index Scan", "Parent Relationship": "Inner", "Scan Direction": "Forward", "Index Name": "company_id_movie_companies", "Relation Name": "movie_companies", "Alias": "mc", "Startup Cost": 0.0, "Total Cost": 11.28, "Plan Rows": 1, "Plan Width": 8, "Index Cond": "(company_id = cn.id)", "Filter": "(((note)::text ~~ '%(Japan)%'::text) AND ((note)::text !~~ '%(USA)%'::text))"}]}, {"Node Type": "Index Scan", "Parent Relationship": "Inner", "Scan Direction": "Forward", "Index Name": "title_pkey", "Relation Name": "title", "Alias": "t", "Startup Cost": 0.0, "Total Cost": 3.91, "Plan Rows": 1, "Plan Width": 21, "Index Cond": "(id = mc.movie_id)"}]}, {"Node Type": "Index Scan", "Parent Relationship": "Inner", "Scan Direction": "Forward", "Index Name": "movie_id_cast_info", "Relation Name": "cast_info", "Alias": "ci", "Startup Cost": 0.0, "Total Cost": 0.98, "Plan Rows": 1, "Plan Width": 12, "Index Cond": "(movie_id = t.id)", "Filter": "((note)::text = '(voice: English version)'::text)"}]}]}, {"Node Type": "Index Scan", "Parent Relationship": "Inner", "Scan Direction": "Forward", "Index Name": "person_id_aka_name", "Relation Name": "aka_name", "Alias": "an1", "Startup Cost": 0.0, "Total Cost": 0.84, "Plan Rows": 1, "Plan Width": 20, "Index Cond": "(person_id = ci.person_id)"}]}, {"Node Type": "Index Scan", "Parent Relationship": "Inner", "Scan Direction": "Forward", "Index Name": "name_pkey", "Relation Name": "name", "Alias": "n1", "Startup Cost": 0.0, "Total Cost": 0.57, "Plan Rows": 1, "Plan Width": 4, "Index Cond": "(id = an1.person_id)", "Filter": "(((name)::text ~~ '%Yo%'::text) AND ((name)::text !~~ '%Yu%'::text))"}]}]}, "Unique SQL Id": 3544391839, "Planner Runtime": 34}, "explain_analyze_plan": {"Plan": {"Node Type": "Aggregate", "Strategy": "Plain", "Startup Cost": 110825.24, "Total Cost": 110825.25, "Plan Rows": 1, "Plan Width": 97, "Actual Startup Time": 3977.06, "Actual Total Time": 3977.061, "Actual Rows": 1, "Actual Loops": 1, "Plans": [{"Node Type": "Nested Loop", "Parent Relationship": "Outer", "Join Type": "Inner", "Startup Cost": 0.0, "Total Cost": 110824.76, "Plan Rows": 96, "Plan Width": 33, "Actual Startup Time": 5.267, "Actual Total Time": 3976.78, "Actual Rows": 62, "Actual Loops": 1, "Inner Unique": true, "Plans": [{"Node Type": "Nested Loop", "Parent Relationship": "Outer", "Join Type": "Inner", "Startup Cost": 0.0, "Total Cost": 110449.22, "Plan Rows": 645, "Plan Width": 41, "Actual Startup Time": 0.399, "Actual Total Time": 3899.812, "Actual Rows": 17379, "Actual Loops": 1, "Inner Unique": false, "Plans": [{"Node Type": "Nested Loop", "Parent Relationship": "Outer", "Join Type": "Inner", "Startup Cost": 0.0, "Total Cost": 109995.01, "Plan Rows": 532, "Plan Width": 21, "Actual Startup Time": 0.383, "Actual Total Time": 3848.378, "Actual Rows": 7438, "Actual Loops": 1, "Inner Unique": false, "Join Filter": "(ci.role_id = rt.id)", "Rows Removed by Join Filter": 12162, "Plans": [{"Node Type": "Index Scan", "Parent Relationship": "Outer", "Scan Direction": "Forward", "Index Name": "role_type_pkey", "Relation Name": "role_type", "Alias": "rt", "Startup Cost": 0.0, "Total Cost": 12.46, "Plan Rows": 1, "Plan Width": 4, "Actual Startup Time": 0.025, "Actual Total Time": 0.038, "Actual Rows": 1, "Actual Loops": 1, "Filter": "((role)::text = 'actress'::text)", "Rows Removed by Filter": 11}, {"Node Type": "Nested Loop", "Parent Relationship": "Inner", "Join Type": "Inner", "Startup Cost": 0.0, "Total Cost": 109909.47, "Plan Rows": 5847, "Plan Width": 25, "Actual Startup Time": 0.352, "Actual Total Time": 3843.046, "Actual Rows": 19600, "Actual Loops": 1, "Inner Unique": false, "Plans": [{"Node Type": "Nested Loop", "Parent Relationship": "Outer", "Join Type": "Inner", "Startup Cost": 0.0, "Total Cost": 104166.87, "Plan Rows": 5775, "Plan Width": 25, "Actual Startup Time": 0.276, "Actual Total Time": 853.001, "Actual Rows": 48328, "Actual Loops": 1, "Inner Unique": true, "Plans": [{"Node Type": "Nested Loop", "Parent Relationship": "Outer", "Join Type": "Inner", "Startup Cost": 0.0, "Total Cost": 81519.78, "Plan Rows": 5775, "Plan Width": 4, "Actual Startup Time": 0.262, "Actual Total Time": 537.556, "Actual Rows": 48328, "Actual Loops": 1, "Inner Unique": false, "Plans": [{"Node Type": "Index Scan", "Parent Relationship": "Outer", "Scan Direction": "Forward", "Index Name": "company_name_pkey", "Relation Name": "company_name", "Alias": "cn", "Startup Cost": 0.0, "Total Cost": 10501.39, "Plan Rows": 6290, "Plan Width": 4, "Actual Startup Time": 0.225, "Actual Total Time": 310.837, "Actual Rows": 6752, "Actual Loops": 1, "Filter": "((country_code)::text = '[jp]'::text)", "Rows Removed by Filter": 228244}, {"Node Type": "Index Scan", "Parent Relationship": "Inner", "Scan Direction": "Forward", "Index Name": "company_id_movie_companies", "Relation Name": "movie_companies", "Alias": "mc", "Startup Cost": 0.0, "Total Cost": 11.28, "Plan Rows": 1, "Plan Width": 8, "Actual Startup Time": 55.081, "Actual Total Time": 211.623, "Actual Rows": 48328, "Actual Loops": 6752, "Index Cond": "(company_id = cn.id)", "Rows Removed by Index Recheck": 0, "Filter": "(((note)::text ~~ '%(Japan)%'::text) AND ((note)::text !~~ '%(USA)%'::text))", "Rows Removed by Filter": 56667}]}, {"Node Type": "Index Scan", "Parent Relationship": "Inner", "Scan Direction": "Forward", "Index Name": "title_pkey", "Relation Name": "title", "Alias": "t", "Startup Cost": 0.0, "Total Cost": 3.91, "Plan Rows": 1, "Plan Width": 21, "Actual Startup Time": 273.217, "Actual Total Time": 273.217, "Actual Rows": 48328, "Actual Loops": 48328, "Index Cond": "(id = mc.movie_id)", "Rows Removed by Index Recheck": 0}]}, {"Node Type": "Index Scan", "Parent Relationship": "Inner", "Scan Direction": "Forward", "Index Name": "movie_id_cast_info", "Relation Name": "cast_info", "Alias": "ci", "Startup Cost": 0.0, "Total Cost": 0.98, "Plan Rows": 1, "Plan Width": 12, "Actual Startup Time": 2828.704, "Actual Total Time": 2959.755, "Actual Rows": 19600, "Actual Loops": 48328, "Index Cond": "(movie_id = t.id)", "Rows Removed by Index Recheck": 0, "Filter": "((note)::text = '(voice: English version)'::text)", "Rows Removed by Filter": 1531710}]}]}, {"Node Type": "Index Scan", "Parent Relationship": "Inner", "Scan Direction": "Forward", "Index Name": "person_id_aka_name", "Relation Name": "aka_name", "Alias": "an1", "Startup Cost": 0.0, "Total Cost": 0.84, "Plan Rows": 1, "Plan Width": 20, "Actual Startup Time": 34.072, "Actual Total Time": 42.512, "Actual Rows": 17379, "Actual Loops": 7438, "Index Cond": "(person_id = ci.person_id)", "Rows Removed by Index Recheck": 0}]}, {"Node Type": "Index Scan", "Parent Relationship": "Inner", "Scan Direction": "Forward", "Index Name": "name_pkey", "Relation Name": "name", "Alias": "n1", "Startup Cost": 0.0, "Total Cost": 0.57, "Plan Rows": 1, "Plan Width": 4, "Actual Startup Time": 67.93, "Actual Total Time": 67.93, "Actual Rows": 62, "Actual Loops": 17379, "Index Cond": "(id = an1.person_id)", "Rows Removed by Index Recheck": 0, "Filter": "(((name)::text ~~ '%Yo%'::text) AND ((name)::text !~~ '%Yu%'::text))", "Rows Removed by Filter": 17317}]}]}, "Triggers": [], "Planner Runtime": 28, "Total Runtime": 3977.582, "Unique SQL Id": 3544391839}}, "(64, 10)": {"explain_plan": {"Plan": {"Node Type": "Aggregate", "Strategy": "Plain", "Startup Cost": 318702.26, "Total Cost": 318702.27, "Plan Rows": 1, "Plan Width": 97, "Plans": [{"Node Type": "Hash Join", "Parent Relationship": "Outer", "Join Type": "Inner", "Startup Cost": 241686.96, "Total Cost": 318699.03, "Plan Rows": 646, "Plan Width": 33, "Inner Unique": true, "Hash Cond": "(ci.movie_id = t.id)", "Plans": [{"Node Type": "Hash Join", "Parent Relationship": "Outer", "Join Type": "Inner", "Startup Cost": 150013.97, "Total Cost": 227017.15, "Plan Rows": 646, "Plan Width": 24, "Inner Unique": false, "Hash Cond": "(ci.movie_id = mc.movie_id)", "Plans": [{"Node Type": "Nested Loop", "Parent Relationship": "Outer", "Join Type": "Inner", "Startup Cost": 88902.44, "Total Cost": 165829.06, "Plan Rows": 1560, "Plan Width": 20, "Inner Unique": false, "Join Filter": "(ci.role_id = rt.id)", "Plans": [{"Node Type": "Seq Scan", "Parent Relationship": "Outer", "Relation Name": "role_type", "Alias": "rt", "Startup Cost": 0.0, "Total Cost": 1.15, "Plan Rows": 1, "Plan Width": 4, "Filter": "((role)::text = 'actress'::text)"}, {"Node Type": "Materialize", "Parent Relationship": "Inner", "Startup Cost": 88902.44, "Total Cost": 165656.3, "Plan Rows": 17161, "Plan Width": 24, "Plans": [{"Node Type": "Hash Join", "Parent Relationship": "Outer", "Join Type": "Inner", "Startup Cost": 88902.44, "Total Cost": 165613.4, "Plan Rows": 17161, "Plan Width": 24, "Inner Unique": false, "Hash Cond": "(ci.person_id = an1.person_id)", "Plans": [{"Node Type": "Streaming(type: LOCAL GATHER dop: 1/64)", "Parent Relationship": "Outer", "Startup Cost": 0.0, "Total Cost": 75815.47, "Plan Rows": 96692, "Plan Width": 12, "Plans": [{"Node Type": "Seq Scan", "Parent Relationship": "Outer", "Relation Name": "cast_info", "Alias": "ci", "Startup Cost": 0.0, "Total Cost": 73820.73, "Plan Rows": 96692, "Plan Width": 12, "Filter": "((note)::text = '(voice: English version)'::text)"}]}, {"Node Type": "Hash", "Parent Relationship": "Inner", "Startup Cost": 88694.6, "Total Cost": 88694.6, "Plan Rows": 16627, "Plan Width": 24, "Plans": [{"Node Type": "Hash Join", "Parent Relationship": "Outer", "Join Type": "Inner", "Startup Cost": 65239.88, "Total Cost": 88694.6, "Plan Rows": 16627, "Plan Width": 24, "Inner Unique": true, "Hash Cond": "(an1.person_id = n1.id)", "Plans": [{"Node Type": "Seq Scan", "Parent Relationship": "Outer", "Relation Name": "aka_name", "Alias": "an1", "Startup Cost": 0.0, "Total Cost": 19908.42, "Plan Rows": 901342, "Plan Width": 20}, {"Node Type": "Hash", "Parent Relationship": "Inner", "Startup Cost": 65066.3, "Total Cost": 65066.3, "Plan Rows": 13886, "Plan Width": 4, "Plans": [{"Node Type": "Streaming(type: LOCAL GATHER dop: 1/64)", "Parent Relationship": "Outer", "Startup Cost": 0.0, "Total Cost": 65066.3, "Plan Rows": 13886, "Plan Width": 4, "Plans": [{"Node Type": "Seq Scan", "Parent Relationship": "Outer", "Relation Name": "name", "Alias": "n1", "Startup Cost": 0.0, "Total Cost": 64779.83, "Plan Rows": 13886, "Plan Width": 4, "Filter": "(((name)::text ~~ '%Yo%'::text) AND ((name)::text !~~ '%Yu%'::text))"}]}]}]}]}]}]}]}, {"Node Type": "Hash", "Parent Relationship": "Inner", "Startup Cost": 61039.34, "Total Cost": 61039.34, "Plan Rows": 5775, "Plan Width": 4, "Plans": [{"Node Type": "Hash Join", "Parent Relationship": "Outer", "Join Type": "Inner", "Startup Cost": 5982.08, "Total Cost": 61039.34, "Plan Rows": 5775, "Plan Width": 4, "Inner Unique": true, "Hash Cond": "(mc.company_id = cn.id)", "Plans": [{"Node Type": "Seq Scan", "Parent Relationship": "Outer", "Relation Name": "movie_companies", "Alias": "mc", "Startup Cost": 0.0, "Total Cost": 54862.92, "Plan Rows": 36426, "Plan Width": 8, "Filter": "(((note)::text ~~ '%(Japan)%'::text) AND ((note)::text !~~ '%(USA)%'::text))"}, {"Node Type": "Hash", "Parent Relationship": "Inner", "Startup Cost": 5903.45, "Total Cost": 5903.45, "Plan Rows": 6290, "Plan Width": 4, "Plans": [{"Node Type": "Seq Scan", "Parent Relationship": "Outer", "Relation Name": "company_name", "Alias": "cn", "Startup Cost": 0.0, "Total Cost": 5903.45, "Plan Rows": 6290, "Plan Width": 4, "Filter": "((country_code)::text = '[jp]'::text)"}]}]}]}]}, {"Node Type": "Hash", "Parent Relationship": "Inner", "Startup Cost": 60069.11, "Total Cost": 60069.11, "Plan Rows": 2528311, "Plan Width": 21, "Plans": [{"Node Type": "Seq Scan", "Parent Relationship": "Outer", "Relation Name": "title", "Alias": "t", "Startup Cost": 0.0, "Total Cost": 60069.11, "Plan Rows": 2528311, "Plan Width": 21}]}]}]}, "Unique SQL Id": 3544391839, "Planner Runtime": 122}, "explain_analyze_plan": {"Plan": {"Node Type": "Aggregate", "Strategy": "Plain", "Startup Cost": 318702.26, "Total Cost": 318702.27, "Plan Rows": 1, "Plan Width": 97, "Actual Min Startup Time": 3444.349, "Actual Max Startup Time": 3444.349, "Actual Min Total Time": 3444.35, "Actual Max Total Time": 3444.35, "Plans": [{"Node Type": "Hash Join", "Parent Relationship": "Outer", "Join Type": "Inner", "Startup Cost": 241686.96, "Total Cost": 318699.03, "Plan Rows": 646, "Plan Width": 33, "Actual Min Startup Time": 3443.498, "Actual Max Startup Time": 3443.498, "Actual Min Total Time": 3444.295, "Actual Max Total Time": 3444.295, "Inner Unique": true, "Hash Cond": "(ci.movie_id = t.id)", "Plans": [{"Node Type": "Hash Join", "Parent Relationship": "Outer", "Join Type": "Inner", "Startup Cost": 150013.97, "Total Cost": 227017.15, "Plan Rows": 646, "Plan Width": 24, "Actual Min Startup Time": 1673.286, "Actual Max Startup Time": 1673.286, "Actual Min Total Time": 1673.944, "Actual Max Total Time": 1673.944, "Inner Unique": false, "Hash Cond": "(ci.movie_id = mc.movie_id)", "Plans": [{"Node Type": "Nested Loop", "Parent Relationship": "Outer", "Join Type": "Inner", "Startup Cost": 88902.44, "Total Cost": 165829.06, "Plan Rows": 1560, "Plan Width": 20, "Actual Min Startup Time": 610.866, "Actual Max Startup Time": 610.866, "Actual Min Total Time": 611.24, "Actual Max Total Time": 611.24, "Inner Unique": false, "Join Filter": "(ci.role_id = rt.id)", "Rows Removed by Join Filter": 1916, "Plans": [{"Node Type": "Seq Scan", "Parent Relationship": "Outer", "Relation Name": "role_type", "Alias": "rt", "Startup Cost": 0.0, "Total Cost": 1.15, "Plan Rows": 1, "Plan Width": 4, "Actual Min Startup Time": 0.04, "Actual Max Startup Time": 0.04, "Actual Min Total Time": 0.045, "Actual Max Total Time": 0.045, "Filter": "((role)::text = 'actress'::text)", "Rows Removed by Filter": 11, "Actual Rows": 1}, {"Node Type": "Materialize", "Parent Relationship": "Inner", "Startup Cost": 88902.44, "Total Cost": 165656.3, "Plan Rows": 17161, "Plan Width": 24, "Actual Min Startup Time": 609.971, "Actual Max Startup Time": 609.971, "Actual Min Total Time": 610.325, "Actual Max Total Time": 610.325, "Plans": [{"Node Type": "Hash Join", "Parent Relationship": "Outer", "Join Type": "Inner", "Startup Cost": 88902.44, "Total Cost": 165613.4, "Plan Rows": 17161, "Plan Width": 24, "Actual Min Startup Time": 440.201, "Actual Max Startup Time": 440.201, "Actual Min Total Time": 609.131, "Actual Max Total Time": 609.131, "Inner Unique": false, "Hash Cond": "(ci.person_id = an1.person_id)", "Plans": [{"Node Type": "Streaming(type: LOCAL GATHER dop: 1/64)", "Parent Relationship": "Outer", "Startup Cost": 0.0, "Total Cost": 75815.47, "Plan Rows": 96692, "Plan Width": 12, "Actual Min Startup Time": 0.21, "Actual Max Startup Time": 0.21, "Actual Min Total Time": 152.633, "Actual Max Total Time": 152.633, "Plans": [{"Node Type": "Seq Scan", "Parent Relationship": "Outer", "Relation Name": "cast_info", "Alias": "ci", "Startup Cost": 0.0, "Total Cost": 73820.73, "Plan Rows": 96692, "Plan Width": 12, "Actual Min Startup Time": 0.034, "Actual Max Startup Time": 2.865, "Actual Min Total Time": 154.022, "Actual Max Total Time": 167.643, "Filter": "((note)::text = '(voice: English version)'::text)", "Rows Removed by Filter": 36151248, "Actual Rows": 93095}], "Actual Rows": 93095}, {"Node Type": "Hash", "Parent Relationship": "Inner", "Startup Cost": 88694.6, "Total Cost": 88694.6, "Plan Rows": 16627, "Plan Width": 24, "Actual Min Startup Time": 439.302, "Actual Max Startup Time": 439.302, "Actual Min Total Time": 439.302, "Actual Max Total Time": 439.302, "Max Hash Buckets": 32768, "Min Hash Buckets": 32768, "Max Hash Batches": 1, "Min Hash Batches": 1, "Max Original Hash Batches": 1, "Min Original Hash Batches": 1, "Max Peak Memory Usage": 229, "min Peak Memory Usage": 229, "Plans": [{"Node Type": "Hash Join", "Parent Relationship": "Outer", "Join Type": "Inner", "Startup Cost": 65239.88, "Total Cost": 88694.6, "Plan Rows": 16627, "Plan Width": 24, "Actual Min Startup Time": 32.535, "Actual Max Startup Time": 32.535, "Actual Min Total Time": 437.311, "Actual Max Total Time": 437.311, "Inner Unique": true, "Hash Cond": "(an1.person_id = n1.id)", "Plans": [{"Node Type": "Seq Scan", "Parent Relationship": "Outer", "Relation Name": "aka_name", "Alias": "an1", "Startup Cost": 0.0, "Total Cost": 19908.42, "Plan Rows": 901342, "Plan Width": 20, "Actual Min Startup Time": 0.044, "Actual Max Startup Time": 0.044, "Actual Min Total Time": 229.428, "Actual Max Total Time": 229.428, "Actual Rows": 901342}, {"Node Type": "Hash", "Parent Relationship": "Inner", "Startup Cost": 65066.3, "Total Cost": 65066.3, "Plan Rows": 13886, "Plan Width": 4, "Actual Min Startup Time": 32.262, "Actual Max Startup Time": 32.262, "Actual Min Total Time": 32.262, "Actual Max Total Time": 32.262, "Max Hash Buckets": 32768, "Min Hash Buckets": 32768, "Max Hash Batches": 1, "Min Hash Batches": 1, "Max Original Hash Batches": 1, "Min Original Hash Batches": 1, "Max Peak Memory Usage": 736, "min Peak Memory Usage": 736, "Plans": [{"Node Type": "Streaming(type: LOCAL GATHER dop: 1/64)", "Parent Relationship": "Outer", "Startup Cost": 0.0, "Total Cost": 65066.3, "Plan Rows": 13886, "Plan Width": 4, "Actual Min Startup Time": 0.126, "Actual Max Startup Time": 0.126, "Actual Min Total Time": 26.671, "Actual Max Total Time": 26.671, "Plans": [{"Node Type": "Seq Scan", "Parent Relationship": "Outer", "Relation Name": "name", "Alias": "n1", "Startup Cost": 0.0, "Total Cost": 64779.83, "Plan Rows": 13886, "Plan Width": 4, "Actual Min Startup Time": 0.035, "Actual Max Startup Time": 2.634, "Actual Min Total Time": 25.614, "Actual Max Total Time": 29.26, "Filter": "(((name)::text ~~ '%Yo%'::text) AND ((name)::text !~~ '%Yu%'::text))", "Rows Removed by Filter": 4146579, "Actual Rows": 20911}], "Actual Rows": 20911}], "Actual Rows": 20911}], "Actual Rows": 4031}], "Actual Rows": 4031}], "Actual Rows": 2575}], "Actual Rows": 2576}], "Actual Rows": 659}, {"Node Type": "Hash", "Parent Relationship": "Inner", "Startup Cost": 61039.34, "Total Cost": 61039.34, "Plan Rows": 5775, "Plan Width": 4, "Actual Min Startup Time": 1062.298, "Actual Max Startup Time": 1062.298, "Actual Min Total Time": 1062.298, "Actual Max Total Time": 1062.298, "Max Hash Buckets": 32768, "Min Hash Buckets": 32768, "Max Hash Batches": 1, "Min Hash Batches": 1, "Max Original Hash Batches": 1, "Min Original Hash Batches": 1, "Max Peak Memory Usage": 1700, "min Peak Memory Usage": 1700, "Plans": [{"Node Type": "Hash Join", "Parent Relationship": "Outer", "Join Type": "Inner", "Startup Cost": 5982.08, "Total Cost": 61039.34, "Plan Rows": 5775, "Plan Width": 4, "Actual Min Startup Time": 84.113, "Actual Max Startup Time": 84.113, "Actual Min Total Time": 1046.556, "Actual Max Total Time": 1046.556, "Inner Unique": true, "Hash Cond": "(mc.company_id = cn.id)", "Plans": [{"Node Type": "Seq Scan", "Parent Relationship": "Outer", "Relation Name": "movie_companies", "Alias": "mc", "Startup Cost": 0.0, "Total Cost": 54862.92, "Plan Rows": 36426, "Plan Width": 8, "Actual Min Startup Time": 0.268, "Actual Max Startup Time": 0.268, "Actual Min Total Time": 937.514, "Actual Max Total Time": 937.514, "Filter": "(((note)::text ~~ '%(Japan)%'::text) AND ((note)::text !~~ '%(USA)%'::text))", "Rows Removed by Filter": 2560231, "Actual Rows": 48897}, {"Node Type": "Hash", "Parent Relationship": "Inner", "Startup Cost": 5903.45, "Total Cost": 5903.45, "Plan Rows": 6290, "Plan Width": 4, "Actual Min Startup Time": 83.798, "Actual Max Startup Time": 83.798, "Actual Min Total Time": 83.798, "Actual Max Total Time": 83.798, "Max Hash Buckets": 32768, "Min Hash Buckets": 32768, "Max Hash Batches": 1, "Min Hash Batches": 1, "Max Original Hash Batches": 1, "Min Original Hash Batches": 1, "Max Peak Memory Usage": 238, "min Peak Memory Usage": 238, "Plans": [{"Node Type": "Seq Scan", "Parent Relationship": "Outer", "Relation Name": "company_name", "Alias": "cn", "Startup Cost": 0.0, "Total Cost": 5903.45, "Plan Rows": 6290, "Plan Width": 4, "Actual Min Startup Time": 0.028, "Actual Max Startup Time": 0.028, "Actual Min Total Time": 81.676, "Actual Max Total Time": 81.676, "Filter": "((country_code)::text = '[jp]'::text)", "Rows Removed by Filter": 228244, "Actual Rows": 6752}], "Actual Rows": 6752}], "Actual Rows": 48328}], "Actual Rows": 48328}], "Actual Rows": 62}, {"Node Type": "Hash", "Parent Relationship": "Inner", "Startup Cost": 60069.11, "Total Cost": 60069.11, "Plan Rows": 2528311, "Plan Width": 21, "Actual Min Startup Time": 1767.364, "Actual Max Startup Time": 1767.364, "Actual Min Total Time": 1767.364, "Actual Max Total Time": 1767.364, "Max Hash Buckets": 4194304, "Min Hash Buckets": 4194304, "Max Hash Batches": 1, "Min Hash Batches": 1, "Max Original Hash Batches": 1, "Min Original Hash Batches": 1, "Max Peak Memory Usage": 135869, "min Peak Memory Usage": 135869, "Plans": [{"Node Type": "Seq Scan", "Parent Relationship": "Outer", "Relation Name": "title", "Alias": "t", "Startup Cost": 0.0, "Total Cost": 60069.11, "Plan Rows": 2528311, "Plan Width": 21, "Actual Min Startup Time": 0.051, "Actual Max Startup Time": 0.051, "Actual Min Total Time": 839.542, "Actual Max Total Time": 839.542, "Actual Rows": 2528311}], "Actual Rows": 2528311}], "Actual Rows": 62}], "Actual Rows": 1}, "Triggers": [], "Planner Runtime": 91, "Total Runtime": 3500.553, "Unique SQL Id": 3544391839}}, "(64, 11)": {"explain_plan": {"Plan": {"Node Type": "Aggregate", "Strategy": "Plain", "Startup Cost": 6721053364161.28, "Total Cost": 6721053364161.29, "Plan Rows": 1, "Plan Width": 97, "Plans": [{"Node Type": "Merge Join", "Parent Relationship": "Outer", "Join Type": "Inner", "Startup Cost": 70051235465.84, "Total Cost": 6721053364158.05, "Plan Rows": 646, "Plan Width": 33, "Inner Unique": true, "Merge Cond": "(ci.movie_id = t.id)", "Plans": [{"Node Type": "Nested Loop", "Parent Relationship": "Outer", "Join Type": "Inner", "Startup Cost": 60051235465.84, "Total Cost": 5721925336380.1, "Plan Rows": 646, "Plan Width": 24, "Inner Unique": true, "Join Filter": "(mc.company_id = cn.id)", "Plans": [{"Node Type": "Nested Loop", "Parent Relationship": "Outer", "Join Type": "Inner", "Startup Cost": 50051235465.84, "Total Cost": 4721924164513.91, "Plan Rows": 1290, "Plan Width": 28, "Inner Unique": false, "Join Filter": "(ci.movie_id = mc.movie_id)", "Plans": [{"Node Type": "Index Scan", "Parent Relationship": "Outer", "Scan Direction": "Forward", "Index Name": "movie_id_movie_companies", "Relation Name": "movie_companies", "Alias": "mc", "Startup Cost": 10000000000.0, "Total Cost": 1000014356510.13, "Plan Rows": 36426, "Plan Width": 8, "Filter": "(((note)::text ~~ '%(Japan)%'::text) AND ((note)::text !~~ '%(USA)%'::text))"}, {"Node Type": "Materialize", "Parent Relationship": "Inner", "Startup Cost": 40051235465.84, "Total Cost": 3721908955639.28, "Plan Rows": 1560, "Plan Width": 20, "Plans": [{"Node Type": "Nested Loop", "Parent Relationship": "Outer", "Join Type": "Inner", "Startup Cost": 40051235465.84, "Total Cost": 3721908955631.48, "Plan Rows": 1560, "Plan Width": 20, "Inner Unique": true, "Join Filter": "(ci.role_id = rt.id)", "Plans": [{"Node Type": "Merge Join", "Parent Relationship": "Outer", "Join Type": "Inner", "Startup Cost": 30051235465.84, "Total Cost": 2721908954128.06, "Plan Rows": 17161, "Plan Width": 24, "Inner Unique": false, "Merge Cond": "(an1.person_id = ci.person_id)", "Plans": [{"Node Type": "Merge Join", "Parent Relationship": "Outer", "Join Type": "Inner", "Startup Cost": 20030754356.47, "Total Cost": 2000026606025.89, "Plan Rows": 16627, "Plan Width": 24, "Inner Unique": true, "Merge Cond": "(an1.person_id = n1.id)", "Plans": [{"Node Type": "Index Scan", "Parent Relationship": "Outer", "Scan Direction": "Forward", "Index Name": "person_id_aka_name", "Relation Name": "aka_name", "Alias": "an1", "Startup Cost": 10000000000.0, "Total Cost": 1000006896503.43, "Plan Rows": 901342, "Plan Width": 20}, {"Node Type": "Materialize", "Parent Relationship": "Inner", "Startup Cost": 10000000000.0, "Total Cost": 1000019707054.42, "Plan Rows": 13886, "Plan Width": 4, "Plans": [{"Node Type": "Index Scan", "Parent Relationship": "Outer", "Scan Direction": "Forward", "Index Name": "name_pkey", "Relation Name": "name", "Alias": "n1", "Startup Cost": 10000000000.0, "Total Cost": 1000019707019.7, "Plan Rows": 13886, "Plan Width": 4, "Filter": "(((name)::text ~~ '%Yo%'::text) AND ((name)::text !~~ '%Yu%'::text))"}]}]}, {"Node Type": "Index Scan", "Parent Relationship": "Inner", "Scan Direction": "Forward", "Index Name": "person_id_cast_info", "Relation Name": "cast_info", "Alias": "ci", "Startup Cost": 10000000000.0, "Total Cost": 1000179713706.71, "Plan Rows": 96692, "Plan Width": 12, "Filter": "((note)::text = '(voice: English version)'::text)"}]}, {"Node Type": "Materialize", "Parent Relationship": "Inner", "Startup Cost": 10000000000.0, "Total Cost": 1000000001246.0, "Plan Rows": 1, "Plan Width": 4, "Plans": [{"Node Type": "Index Scan", "Parent Relationship": "Outer", "Scan Direction": "Forward", "Index Name": "role_type_pkey", "Relation Name": "role_type", "Alias": "rt", "Startup Cost": 10000000000.0, "Total Cost": 1000000001246.0, "Plan Rows": 1, "Plan Width": 4, "Filter": "((role)::text = 'actress'::text)"}]}]}]}]}, {"Node Type": "Materialize", "Parent Relationship": "Inner", "Startup Cost": 10000000000.0, "Total Cost": 1000001050170.42, "Plan Rows": 6290, "Plan Width": 4, "Plans": [{"Node Type": "Index Scan", "Parent Relationship": "Outer", "Scan Direction": "Forward", "Index Name": "company_name_pkey", "Relation Name": "company_name", "Alias": "cn", "Startup Cost": 10000000000.0, "Total Cost": 1000001050138.97, "Plan Rows": 6290, "Plan Width": 4, "Filter": "((country_code)::text = '[jp]'::text)"}]}]}, {"Node Type": "Index Scan", "Parent Relationship": "Inner", "Scan Direction": "Forward", "Index Name": "title_pkey", "Relation Name": "title", "Alias": "t", "Startup Cost": 10000000000.0, "Total Cost": 1000011012048.91, "Plan Rows": 2528311, "Plan Width": 21}]}]}, "Unique SQL Id": 3544391839, "Planner Runtime": 122}, "explain_analyze_plan": null}, "(64, 12)": {"explain_plan": {"Plan": {"Node Type": "Aggregate", "Strategy": "Plain", "Startup Cost": 90336.25, "Total Cost": 90336.26, "Plan Rows": 1, "Plan Width": 97, "Plans": [{"Node Type": "Nested Loop", "Parent Relationship": "Outer", "Join Type": "Inner", "Startup Cost": 5982.08, "Total Cost": 90333.02, "Plan Rows": 646, "Plan Width": 33, "Inner Unique": true, "Plans": [{"Node Type": "Nested Loop", "Parent Relationship": "Outer", "Join Type": "Inner", "Startup Cost": 5982.08, "Total Cost": 89957.48, "Plan Rows": 645, "Plan Width": 41, "Inner Unique": false, "Plans": [{"Node Type": "Nested Loop", "Parent Relationship": "Outer", "Join Type": "Inner", "Startup Cost": 5982.08, "Total Cost": 89503.27, "Plan Rows": 532, "Plan Width": 21, "Inner Unique": false, "Join Filter": "(ci.role_id = rt.id)", "Plans": [{"Node Type": "Seq Scan", "Parent Relationship": "Outer", "Relation Name": "role_type", "Alias": "rt", "Startup Cost": 0.0, "Total Cost": 1.15, "Plan Rows": 1, "Plan Width": 4, "Filter": "((role)::text = 'actress'::text)"}, {"Node Type": "Nested Loop", "Parent Relationship": "Inner", "Join Type": "Inner", "Startup Cost": 5982.08, "Total Cost": 89429.03, "Plan Rows": 5847, "Plan Width": 25, "Inner Unique": false, "Plans": [{"Node Type": "Nested Loop", "Parent Relationship": "Outer", "Join Type": "Inner", "Startup Cost": 5982.08, "Total Cost": 83686.44, "Plan Rows": 5775, "Plan Width": 25, "Inner Unique": true, "Plans": [{"Node Type": "Hash Join", "Parent Relationship": "Outer", "Join Type": "Inner", "Startup Cost": 5982.08, "Total Cost": 61039.34, "Plan Rows": 5775, "Plan Width": 4, "Inner Unique": true, "Hash Cond": "(mc.company_id = cn.id)", "Plans": [{"Node Type": "Seq Scan", "Parent Relationship": "Outer", "Relation Name": "movie_companies", "Alias": "mc", "Startup Cost": 0.0, "Total Cost": 54862.92, "Plan Rows": 36426, "Plan Width": 8, "Filter": "(((note)::text ~~ '%(Japan)%'::text) AND ((note)::text !~~ '%(USA)%'::text))"}, {"Node Type": "Hash", "Parent Relationship": "Inner", "Startup Cost": 5903.45, "Total Cost": 5903.45, "Plan Rows": 6290, "Plan Width": 4, "Plans": [{"Node Type": "Seq Scan", "Parent Relationship": "Outer", "Relation Name": "company_name", "Alias": "cn", "Startup Cost": 0.0, "Total Cost": 5903.45, "Plan Rows": 6290, "Plan Width": 4, "Filter": "((country_code)::text = '[jp]'::text)"}]}]}, {"Node Type": "Index Scan", "Parent Relationship": "Inner", "Scan Direction": "Forward", "Index Name": "title_pkey", "Relation Name": "title", "Alias": "t", "Startup Cost": 0.0, "Total Cost": 3.91, "Plan Rows": 1, "Plan Width": 21, "Index Cond": "(id = mc.movie_id)"}]}, {"Node Type": "Index Scan", "Parent Relationship": "Inner", "Scan Direction": "Forward", "Index Name": "movie_id_cast_info", "Relation Name": "cast_info", "Alias": "ci", "Startup Cost": 0.0, "Total Cost": 0.98, "Plan Rows": 1, "Plan Width": 12, "Index Cond": "(movie_id = t.id)", "Filter": "((note)::text = '(voice: English version)'::text)"}]}]}, {"Node Type": "Index Scan", "Parent Relationship": "Inner", "Scan Direction": "Forward", "Index Name": "person_id_aka_name", "Relation Name": "aka_name", "Alias": "an1", "Startup Cost": 0.0, "Total Cost": 0.84, "Plan Rows": 1, "Plan Width": 20, "Index Cond": "(person_id = ci.person_id)"}]}, {"Node Type": "Index Scan", "Parent Relationship": "Inner", "Scan Direction": "Forward", "Index Name": "name_pkey", "Relation Name": "name", "Alias": "n1", "Startup Cost": 0.0, "Total Cost": 0.57, "Plan Rows": 1, "Plan Width": 4, "Index Cond": "(id = an1.person_id)", "Filter": "(((name)::text ~~ '%Yo%'::text) AND ((name)::text !~~ '%Yu%'::text))"}]}]}, "Unique SQL Id": 3544391839, "Planner Runtime": 43}, "explain_analyze_plan": {"Plan": {"Node Type": "Aggregate", "Strategy": "Plain", "Startup Cost": 90336.25, "Total Cost": 90336.26, "Plan Rows": 1, "Plan Width": 97, "Actual Startup Time": 4152.758, "Actual Total Time": 4152.759, "Actual Rows": 1, "Actual Loops": 1, "Plans": [{"Node Type": "Nested Loop", "Parent Relationship": "Outer", "Join Type": "Inner", "Startup Cost": 5982.08, "Total Cost": 90333.02, "Plan Rows": 646, "Plan Width": 33, "Actual Startup Time": 377.286, "Actual Total Time": 4152.427, "Actual Rows": 62, "Actual Loops": 1, "Inner Unique": true, "Plans": [{"Node Type": "Nested Loop", "Parent Relationship": "Outer", "Join Type": "Inner", "Startup Cost": 5982.08, "Total Cost": 89957.48, "Plan Rows": 645, "Plan Width": 41, "Actual Startup Time": 85.363, "Actual Total Time": 4079.491, "Actual Rows": 17379, "Actual Loops": 1, "Inner Unique": false, "Plans": [{"Node Type": "Nested Loop", "Parent Relationship": "Outer", "Join Type": "Inner", "Startup Cost": 5982.08, "Total Cost": 89503.27, "Plan Rows": 532, "Plan Width": 21, "Actual Startup Time": 85.344, "Actual Total Time": 4032.018, "Actual Rows": 7438, "Actual Loops": 1, "Inner Unique": false, "Join Filter": "(ci.role_id = rt.id)", "Rows Removed by Join Filter": 12162, "Plans": [{"Node Type": "Seq Scan", "Parent Relationship": "Outer", "Relation Name": "role_type", "Alias": "rt", "Startup Cost": 0.0, "Total Cost": 1.15, "Plan Rows": 1, "Plan Width": 4, "Actual Startup Time": 0.026, "Actual Total Time": 0.032, "Actual Rows": 1, "Actual Loops": 1, "Filter": "((role)::text = 'actress'::text)", "Rows Removed by Filter": 11}, {"Node Type": "Nested Loop", "Parent Relationship": "Inner", "Join Type": "Inner", "Startup Cost": 5982.08, "Total Cost": 89429.03, "Plan Rows": 5847, "Plan Width": 25, "Actual Startup Time": 85.31, "Actual Total Time": 4026.457, "Actual Rows": 19600, "Actual Loops": 1, "Inner Unique": false, "Plans": [{"Node Type": "Nested Loop", "Parent Relationship": "Outer", "Join Type": "Inner", "Startup Cost": 5982.08, "Total Cost": 83686.44, "Plan Rows": 5775, "Plan Width": 25, "Actual Startup Time": 85.17, "Actual Total Time": 1322.662, "Actual Rows": 48328, "Actual Loops": 1, "Inner Unique": true, "Plans": [{"Node Type": "Hash Join", "Parent Relationship": "Outer", "Join Type": "Inner", "Startup Cost": 5982.08, "Total Cost": 61039.34, "Plan Rows": 5775, "Plan Width": 4, "Actual Startup Time": 85.123, "Actual Total Time": 1076.877, "Actual Rows": 48328, "Actual Loops": 1, "Inner Unique": true, "Hash Cond": "(mc.company_id = cn.id)", "Plans": [{"Node Type": "Seq Scan", "Parent Relationship": "Outer", "Relation Name": "movie_companies", "Alias": "mc", "Startup Cost": 0.0, "Total Cost": 54862.92, "Plan Rows": 36426, "Plan Width": 8, "Actual Startup Time": 0.239, "Actual Total Time": 958.298, "Actual Rows": 48897, "Actual Loops": 1, "Filter": "(((note)::text ~~ '%(Japan)%'::text) AND ((note)::text !~~ '%(USA)%'::text))", "Rows Removed by Filter": 2560231}, {"Node Type": "Hash", "Parent Relationship": "Inner", "Startup Cost": 5903.45, "Total Cost": 5903.45, "Plan Rows": 6290, "Plan Width": 4, "Actual Startup Time": 84.82, "Actual Total Time": 84.82, "Actual Rows": 6752, "Actual Loops": 1, "Hash Buckets": 32768, "Hash Batches": 1, "Original Hash Batches": 1, "Peak Memory Usage": 238, "Plans": [{"Node Type": "Seq Scan", "Parent Relationship": "Outer", "Relation Name": "company_name", "Alias": "cn", "Startup Cost": 0.0, "Total Cost": 5903.45, "Plan Rows": 6290, "Plan Width": 4, "Actual Startup Time": 0.028, "Actual Total Time": 82.767, "Actual Rows": 6752, "Actual Loops": 1, "Filter": "((country_code)::text = '[jp]'::text)", "Rows Removed by Filter": 228244}]}]}, {"Node Type": "Index Scan", "Parent Relationship": "Inner", "Scan Direction": "Forward", "Index Name": "title_pkey", "Relation Name": "title", "Alias": "t", "Startup Cost": 0.0, "Total Cost": 3.91, "Plan Rows": 1, "Plan Width": 21, "Actual Startup Time": 204.969, "Actual Total Time": 204.969, "Actual Rows": 48328, "Actual Loops": 48328, "Index Cond": "(id = mc.movie_id)", "Rows Removed by Index Recheck": 0}]}, {"Node Type": "Index Scan", "Parent Relationship": "Inner", "Scan Direction": "Forward", "Index Name": "movie_id_cast_info", "Relation Name": "cast_info", "Alias": "ci", "Startup Cost": 0.0, "Total Cost": 0.98, "Plan Rows": 1, "Plan Width": 12, "Actual Startup Time": 2552.355, "Actual Total Time": 2673.299, "Actual Rows": 19600, "Actual Loops": 48328, "Index Cond": "(movie_id = t.id)", "Rows Removed by Index Recheck": 0, "Filter": "((note)::text = '(voice: English version)'::text)", "Rows Removed by Filter": 1531710}]}]}, {"Node Type": "Index Scan", "Parent Relationship": "Inner", "Scan Direction": "Forward", "Index Name": "person_id_aka_name", "Relation Name": "aka_name", "Alias": "an1", "Startup Cost": 0.0, "Total Cost": 0.84, "Plan Rows": 1, "Plan Width": 20, "Actual Startup Time": 30.665, "Actual Total Time": 38.64, "Actual Rows": 17379, "Actual Loops": 7438, "Index Cond": "(person_id = ci.person_id)", "Rows Removed by Index Recheck": 0}]}, {"Node Type": "Index Scan", "Parent Relationship": "Inner", "Scan Direction": "Forward", "Index Name": "name_pkey", "Relation Name": "name", "Alias": "n1", "Startup Cost": 0.0, "Total Cost": 0.57, "Plan Rows": 1, "Plan Width": 4, "Actual Startup Time": 64.247, "Actual Total Time": 64.247, "Actual Rows": 62, "Actual Loops": 17379, "Index Cond": "(id = an1.person_id)", "Rows Removed by Index Recheck": 0, "Filter": "(((name)::text ~~ '%Yo%'::text) AND ((name)::text !~~ '%Yu%'::text))", "Rows Removed by Filter": 17317}]}]}, "Triggers": [], "Planner Runtime": 43, "Total Runtime": 4153.142, "Unique SQL Id": 3544391839}}, "(64, 13)": {"explain_plan": {"Plan": {"Node Type": "Aggregate", "Strategy": "Plain", "Startup Cost": 110825.24, "Total Cost": 110825.25, "Plan Rows": 1, "Plan Width": 97, "Plans": [{"Node Type": "Nested Loop", "Parent Relationship": "Outer", "Join Type": "Inner", "Startup Cost": 0.0, "Total Cost": 110824.76, "Plan Rows": 96, "Plan Width": 33, "Inner Unique": true, "Plans": [{"Node Type": "Nested Loop", "Parent Relationship": "Outer", "Join Type": "Inner", "Startup Cost": 0.0, "Total Cost": 110449.22, "Plan Rows": 645, "Plan Width": 41, "Inner Unique": false, "Plans": [{"Node Type": "Nested Loop", "Parent Relationship": "Outer", "Join Type": "Inner", "Startup Cost": 0.0, "Total Cost": 109995.01, "Plan Rows": 532, "Plan Width": 21, "Inner Unique": false, "Join Filter": "(ci.role_id = rt.id)", "Plans": [{"Node Type": "Index Scan", "Parent Relationship": "Outer", "Scan Direction": "Forward", "Index Name": "role_type_pkey", "Relation Name": "role_type", "Alias": "rt", "Startup Cost": 0.0, "Total Cost": 12.46, "Plan Rows": 1, "Plan Width": 4, "Filter": "((role)::text = 'actress'::text)"}, {"Node Type": "Nested Loop", "Parent Relationship": "Inner", "Join Type": "Inner", "Startup Cost": 0.0, "Total Cost": 109909.47, "Plan Rows": 5847, "Plan Width": 25, "Inner Unique": false, "Plans": [{"Node Type": "Nested Loop", "Parent Relationship": "Outer", "Join Type": "Inner", "Startup Cost": 0.0, "Total Cost": 104166.87, "Plan Rows": 5775, "Plan Width": 25, "Inner Unique": true, "Plans": [{"Node Type": "Nested Loop", "Parent Relationship": "Outer", "Join Type": "Inner", "Startup Cost": 0.0, "Total Cost": 81519.78, "Plan Rows": 5775, "Plan Width": 4, "Inner Unique": false, "Plans": [{"Node Type": "Index Scan", "Parent Relationship": "Outer", "Scan Direction": "Forward", "Index Name": "company_name_pkey", "Relation Name": "company_name", "Alias": "cn", "Startup Cost": 0.0, "Total Cost": 10501.39, "Plan Rows": 6290, "Plan Width": 4, "Filter": "((country_code)::text = '[jp]'::text)"}, {"Node Type": "Index Scan", "Parent Relationship": "Inner", "Scan Direction": "Forward", "Index Name": "company_id_movie_companies", "Relation Name": "movie_companies", "Alias": "mc", "Startup Cost": 0.0, "Total Cost": 11.28, "Plan Rows": 1, "Plan Width": 8, "Index Cond": "(company_id = cn.id)", "Filter": "(((note)::text ~~ '%(Japan)%'::text) AND ((note)::text !~~ '%(USA)%'::text))"}]}, {"Node Type": "Index Scan", "Parent Relationship": "Inner", "Scan Direction": "Forward", "Index Name": "title_pkey", "Relation Name": "title", "Alias": "t", "Startup Cost": 0.0, "Total Cost": 3.91, "Plan Rows": 1, "Plan Width": 21, "Index Cond": "(id = mc.movie_id)"}]}, {"Node Type": "Index Scan", "Parent Relationship": "Inner", "Scan Direction": "Forward", "Index Name": "movie_id_cast_info", "Relation Name": "cast_info", "Alias": "ci", "Startup Cost": 0.0, "Total Cost": 0.98, "Plan Rows": 1, "Plan Width": 12, "Index Cond": "(movie_id = t.id)", "Filter": "((note)::text = '(voice: English version)'::text)"}]}]}, {"Node Type": "Index Scan", "Parent Relationship": "Inner", "Scan Direction": "Forward", "Index Name": "person_id_aka_name", "Relation Name": "aka_name", "Alias": "an1", "Startup Cost": 0.0, "Total Cost": 0.84, "Plan Rows": 1, "Plan Width": 20, "Index Cond": "(person_id = ci.person_id)"}]}, {"Node Type": "Index Scan", "Parent Relationship": "Inner", "Scan Direction": "Forward", "Index Name": "name_pkey", "Relation Name": "name", "Alias": "n1", "Startup Cost": 0.0, "Total Cost": 0.57, "Plan Rows": 1, "Plan Width": 4, "Index Cond": "(id = an1.person_id)", "Filter": "(((name)::text ~~ '%Yo%'::text) AND ((name)::text !~~ '%Yu%'::text))"}]}]}, "Unique SQL Id": 3544391839, "Planner Runtime": 35}, "explain_analyze_plan": {"Plan": {"Node Type": "Aggregate", "Strategy": "Plain", "Startup Cost": 110825.24, "Total Cost": 110825.25, "Plan Rows": 1, "Plan Width": 97, "Actual Startup Time": 3977.06, "Actual Total Time": 3977.061, "Actual Rows": 1, "Actual Loops": 1, "Plans": [{"Node Type": "Nested Loop", "Parent Relationship": "Outer", "Join Type": "Inner", "Startup Cost": 0.0, "Total Cost": 110824.76, "Plan Rows": 96, "Plan Width": 33, "Actual Startup Time": 5.267, "Actual Total Time": 3976.78, "Actual Rows": 62, "Actual Loops": 1, "Inner Unique": true, "Plans": [{"Node Type": "Nested Loop", "Parent Relationship": "Outer", "Join Type": "Inner", "Startup Cost": 0.0, "Total Cost": 110449.22, "Plan Rows": 645, "Plan Width": 41, "Actual Startup Time": 0.399, "Actual Total Time": 3899.812, "Actual Rows": 17379, "Actual Loops": 1, "Inner Unique": false, "Plans": [{"Node Type": "Nested Loop", "Parent Relationship": "Outer", "Join Type": "Inner", "Startup Cost": 0.0, "Total Cost": 109995.01, "Plan Rows": 532, "Plan Width": 21, "Actual Startup Time": 0.383, "Actual Total Time": 3848.378, "Actual Rows": 7438, "Actual Loops": 1, "Inner Unique": false, "Join Filter": "(ci.role_id = rt.id)", "Rows Removed by Join Filter": 12162, "Plans": [{"Node Type": "Index Scan", "Parent Relationship": "Outer", "Scan Direction": "Forward", "Index Name": "role_type_pkey", "Relation Name": "role_type", "Alias": "rt", "Startup Cost": 0.0, "Total Cost": 12.46, "Plan Rows": 1, "Plan Width": 4, "Actual Startup Time": 0.025, "Actual Total Time": 0.038, "Actual Rows": 1, "Actual Loops": 1, "Filter": "((role)::text = 'actress'::text)", "Rows Removed by Filter": 11}, {"Node Type": "Nested Loop", "Parent Relationship": "Inner", "Join Type": "Inner", "Startup Cost": 0.0, "Total Cost": 109909.47, "Plan Rows": 5847, "Plan Width": 25, "Actual Startup Time": 0.352, "Actual Total Time": 3843.046, "Actual Rows": 19600, "Actual Loops": 1, "Inner Unique": false, "Plans": [{"Node Type": "Nested Loop", "Parent Relationship": "Outer", "Join Type": "Inner", "Startup Cost": 0.0, "Total Cost": 104166.87, "Plan Rows": 5775, "Plan Width": 25, "Actual Startup Time": 0.276, "Actual Total Time": 853.001, "Actual Rows": 48328, "Actual Loops": 1, "Inner Unique": true, "Plans": [{"Node Type": "Nested Loop", "Parent Relationship": "Outer", "Join Type": "Inner", "Startup Cost": 0.0, "Total Cost": 81519.78, "Plan Rows": 5775, "Plan Width": 4, "Actual Startup Time": 0.262, "Actual Total Time": 537.556, "Actual Rows": 48328, "Actual Loops": 1, "Inner Unique": false, "Plans": [{"Node Type": "Index Scan", "Parent Relationship": "Outer", "Scan Direction": "Forward", "Index Name": "company_name_pkey", "Relation Name": "company_name", "Alias": "cn", "Startup Cost": 0.0, "Total Cost": 10501.39, "Plan Rows": 6290, "Plan Width": 4, "Actual Startup Time": 0.225, "Actual Total Time": 310.837, "Actual Rows": 6752, "Actual Loops": 1, "Filter": "((country_code)::text = '[jp]'::text)", "Rows Removed by Filter": 228244}, {"Node Type": "Index Scan", "Parent Relationship": "Inner", "Scan Direction": "Forward", "Index Name": "company_id_movie_companies", "Relation Name": "movie_companies", "Alias": "mc", "Startup Cost": 0.0, "Total Cost": 11.28, "Plan Rows": 1, "Plan Width": 8, "Actual Startup Time": 55.081, "Actual Total Time": 211.623, "Actual Rows": 48328, "Actual Loops": 6752, "Index Cond": "(company_id = cn.id)", "Rows Removed by Index Recheck": 0, "Filter": "(((note)::text ~~ '%(Japan)%'::text) AND ((note)::text !~~ '%(USA)%'::text))", "Rows Removed by Filter": 56667}]}, {"Node Type": "Index Scan", "Parent Relationship": "Inner", "Scan Direction": "Forward", "Index Name": "title_pkey", "Relation Name": "title", "Alias": "t", "Startup Cost": 0.0, "Total Cost": 3.91, "Plan Rows": 1, "Plan Width": 21, "Actual Startup Time": 273.217, "Actual Total Time": 273.217, "Actual Rows": 48328, "Actual Loops": 48328, "Index Cond": "(id = mc.movie_id)", "Rows Removed by Index Recheck": 0}]}, {"Node Type": "Index Scan", "Parent Relationship": "Inner", "Scan Direction": "Forward", "Index Name": "movie_id_cast_info", "Relation Name": "cast_info", "Alias": "ci", "Startup Cost": 0.0, "Total Cost": 0.98, "Plan Rows": 1, "Plan Width": 12, "Actual Startup Time": 2828.704, "Actual Total Time": 2959.755, "Actual Rows": 19600, "Actual Loops": 48328, "Index Cond": "(movie_id = t.id)", "Rows Removed by Index Recheck": 0, "Filter": "((note)::text = '(voice: English version)'::text)", "Rows Removed by Filter": 1531710}]}]}, {"Node Type": "Index Scan", "Parent Relationship": "Inner", "Scan Direction": "Forward", "Index Name": "person_id_aka_name", "Relation Name": "aka_name", "Alias": "an1", "Startup Cost": 0.0, "Total Cost": 0.84, "Plan Rows": 1, "Plan Width": 20, "Actual Startup Time": 34.072, "Actual Total Time": 42.512, "Actual Rows": 17379, "Actual Loops": 7438, "Index Cond": "(person_id = ci.person_id)", "Rows Removed by Index Recheck": 0}]}, {"Node Type": "Index Scan", "Parent Relationship": "Inner", "Scan Direction": "Forward", "Index Name": "name_pkey", "Relation Name": "name", "Alias": "n1", "Startup Cost": 0.0, "Total Cost": 0.57, "Plan Rows": 1, "Plan Width": 4, "Actual Startup Time": 67.93, "Actual Total Time": 67.93, "Actual Rows": 62, "Actual Loops": 17379, "Index Cond": "(id = an1.person_id)", "Rows Removed by Index Recheck": 0, "Filter": "(((name)::text ~~ '%Yo%'::text) AND ((name)::text !~~ '%Yu%'::text))", "Rows Removed by Filter": 17317}]}]}, "Triggers": [], "Planner Runtime": 28, "Total Runtime": 3977.582, "Unique SQL Id": 3544391839}}, "(64, 14)": {"explain_plan": {"Plan": {"Node Type": "Aggregate", "Strategy": "Plain", "Startup Cost": 318702.26, "Total Cost": 318702.27, "Plan Rows": 1, "Plan Width": 97, "Plans": [{"Node Type": "Hash Join", "Parent Relationship": "Outer", "Join Type": "Inner", "Startup Cost": 241686.96, "Total Cost": 318699.03, "Plan Rows": 646, "Plan Width": 33, "Inner Unique": true, "Hash Cond": "(ci.movie_id = t.id)", "Plans": [{"Node Type": "Hash Join", "Parent Relationship": "Outer", "Join Type": "Inner", "Startup Cost": 150013.97, "Total Cost": 227017.15, "Plan Rows": 646, "Plan Width": 24, "Inner Unique": false, "Hash Cond": "(ci.movie_id = mc.movie_id)", "Plans": [{"Node Type": "Nested Loop", "Parent Relationship": "Outer", "Join Type": "Inner", "Startup Cost": 88902.44, "Total Cost": 165829.06, "Plan Rows": 1560, "Plan Width": 20, "Inner Unique": false, "Join Filter": "(ci.role_id = rt.id)", "Plans": [{"Node Type": "Seq Scan", "Parent Relationship": "Outer", "Relation Name": "role_type", "Alias": "rt", "Startup Cost": 0.0, "Total Cost": 1.15, "Plan Rows": 1, "Plan Width": 4, "Filter": "((role)::text = 'actress'::text)"}, {"Node Type": "Materialize", "Parent Relationship": "Inner", "Startup Cost": 88902.44, "Total Cost": 165656.3, "Plan Rows": 17161, "Plan Width": 24, "Plans": [{"Node Type": "Hash Join", "Parent Relationship": "Outer", "Join Type": "Inner", "Startup Cost": 88902.44, "Total Cost": 165613.4, "Plan Rows": 17161, "Plan Width": 24, "Inner Unique": false, "Hash Cond": "(ci.person_id = an1.person_id)", "Plans": [{"Node Type": "Streaming(type: LOCAL GATHER dop: 1/64)", "Parent Relationship": "Outer", "Startup Cost": 0.0, "Total Cost": 75815.47, "Plan Rows": 96692, "Plan Width": 12, "Plans": [{"Node Type": "Seq Scan", "Parent Relationship": "Outer", "Relation Name": "cast_info", "Alias": "ci", "Startup Cost": 0.0, "Total Cost": 73820.73, "Plan Rows": 96692, "Plan Width": 12, "Filter": "((note)::text = '(voice: English version)'::text)"}]}, {"Node Type": "Hash", "Parent Relationship": "Inner", "Startup Cost": 88694.6, "Total Cost": 88694.6, "Plan Rows": 16627, "Plan Width": 24, "Plans": [{"Node Type": "Hash Join", "Parent Relationship": "Outer", "Join Type": "Inner", "Startup Cost": 65239.88, "Total Cost": 88694.6, "Plan Rows": 16627, "Plan Width": 24, "Inner Unique": true, "Hash Cond": "(an1.person_id = n1.id)", "Plans": [{"Node Type": "Seq Scan", "Parent Relationship": "Outer", "Relation Name": "aka_name", "Alias": "an1", "Startup Cost": 0.0, "Total Cost": 19908.42, "Plan Rows": 901342, "Plan Width": 20}, {"Node Type": "Hash", "Parent Relationship": "Inner", "Startup Cost": 65066.3, "Total Cost": 65066.3, "Plan Rows": 13886, "Plan Width": 4, "Plans": [{"Node Type": "Streaming(type: LOCAL GATHER dop: 1/64)", "Parent Relationship": "Outer", "Startup Cost": 0.0, "Total Cost": 65066.3, "Plan Rows": 13886, "Plan Width": 4, "Plans": [{"Node Type": "Seq Scan", "Parent Relationship": "Outer", "Relation Name": "name", "Alias": "n1", "Startup Cost": 0.0, "Total Cost": 64779.83, "Plan Rows": 13886, "Plan Width": 4, "Filter": "(((name)::text ~~ '%Yo%'::text) AND ((name)::text !~~ '%Yu%'::text))"}]}]}]}]}]}]}]}, {"Node Type": "Hash", "Parent Relationship": "Inner", "Startup Cost": 61039.34, "Total Cost": 61039.34, "Plan Rows": 5775, "Plan Width": 4, "Plans": [{"Node Type": "Hash Join", "Parent Relationship": "Outer", "Join Type": "Inner", "Startup Cost": 5982.08, "Total Cost": 61039.34, "Plan Rows": 5775, "Plan Width": 4, "Inner Unique": true, "Hash Cond": "(mc.company_id = cn.id)", "Plans": [{"Node Type": "Seq Scan", "Parent Relationship": "Outer", "Relation Name": "movie_companies", "Alias": "mc", "Startup Cost": 0.0, "Total Cost": 54862.92, "Plan Rows": 36426, "Plan Width": 8, "Filter": "(((note)::text ~~ '%(Japan)%'::text) AND ((note)::text !~~ '%(USA)%'::text))"}, {"Node Type": "Hash", "Parent Relationship": "Inner", "Startup Cost": 5903.45, "Total Cost": 5903.45, "Plan Rows": 6290, "Plan Width": 4, "Plans": [{"Node Type": "Seq Scan", "Parent Relationship": "Outer", "Relation Name": "company_name", "Alias": "cn", "Startup Cost": 0.0, "Total Cost": 5903.45, "Plan Rows": 6290, "Plan Width": 4, "Filter": "((country_code)::text = '[jp]'::text)"}]}]}]}]}, {"Node Type": "Hash", "Parent Relationship": "Inner", "Startup Cost": 60069.11, "Total Cost": 60069.11, "Plan Rows": 2528311, "Plan Width": 21, "Plans": [{"Node Type": "Seq Scan", "Parent Relationship": "Outer", "Relation Name": "title", "Alias": "t", "Startup Cost": 0.0, "Total Cost": 60069.11, "Plan Rows": 2528311, "Plan Width": 21}]}]}]}, "Unique SQL Id": 3544391839, "Planner Runtime": 121}, "explain_analyze_plan": {"Plan": {"Node Type": "Aggregate", "Strategy": "Plain", "Startup Cost": 318702.26, "Total Cost": 318702.27, "Plan Rows": 1, "Plan Width": 97, "Actual Min Startup Time": 3444.349, "Actual Max Startup Time": 3444.349, "Actual Min Total Time": 3444.35, "Actual Max Total Time": 3444.35, "Plans": [{"Node Type": "Hash Join", "Parent Relationship": "Outer", "Join Type": "Inner", "Startup Cost": 241686.96, "Total Cost": 318699.03, "Plan Rows": 646, "Plan Width": 33, "Actual Min Startup Time": 3443.498, "Actual Max Startup Time": 3443.498, "Actual Min Total Time": 3444.295, "Actual Max Total Time": 3444.295, "Inner Unique": true, "Hash Cond": "(ci.movie_id = t.id)", "Plans": [{"Node Type": "Hash Join", "Parent Relationship": "Outer", "Join Type": "Inner", "Startup Cost": 150013.97, "Total Cost": 227017.15, "Plan Rows": 646, "Plan Width": 24, "Actual Min Startup Time": 1673.286, "Actual Max Startup Time": 1673.286, "Actual Min Total Time": 1673.944, "Actual Max Total Time": 1673.944, "Inner Unique": false, "Hash Cond": "(ci.movie_id = mc.movie_id)", "Plans": [{"Node Type": "Nested Loop", "Parent Relationship": "Outer", "Join Type": "Inner", "Startup Cost": 88902.44, "Total Cost": 165829.06, "Plan Rows": 1560, "Plan Width": 20, "Actual Min Startup Time": 610.866, "Actual Max Startup Time": 610.866, "Actual Min Total Time": 611.24, "Actual Max Total Time": 611.24, "Inner Unique": false, "Join Filter": "(ci.role_id = rt.id)", "Rows Removed by Join Filter": 1916, "Plans": [{"Node Type": "Seq Scan", "Parent Relationship": "Outer", "Relation Name": "role_type", "Alias": "rt", "Startup Cost": 0.0, "Total Cost": 1.15, "Plan Rows": 1, "Plan Width": 4, "Actual Min Startup Time": 0.04, "Actual Max Startup Time": 0.04, "Actual Min Total Time": 0.045, "Actual Max Total Time": 0.045, "Filter": "((role)::text = 'actress'::text)", "Rows Removed by Filter": 11, "Actual Rows": 1}, {"Node Type": "Materialize", "Parent Relationship": "Inner", "Startup Cost": 88902.44, "Total Cost": 165656.3, "Plan Rows": 17161, "Plan Width": 24, "Actual Min Startup Time": 609.971, "Actual Max Startup Time": 609.971, "Actual Min Total Time": 610.325, "Actual Max Total Time": 610.325, "Plans": [{"Node Type": "Hash Join", "Parent Relationship": "Outer", "Join Type": "Inner", "Startup Cost": 88902.44, "Total Cost": 165613.4, "Plan Rows": 17161, "Plan Width": 24, "Actual Min Startup Time": 440.201, "Actual Max Startup Time": 440.201, "Actual Min Total Time": 609.131, "Actual Max Total Time": 609.131, "Inner Unique": false, "Hash Cond": "(ci.person_id = an1.person_id)", "Plans": [{"Node Type": "Streaming(type: LOCAL GATHER dop: 1/64)", "Parent Relationship": "Outer", "Startup Cost": 0.0, "Total Cost": 75815.47, "Plan Rows": 96692, "Plan Width": 12, "Actual Min Startup Time": 0.21, "Actual Max Startup Time": 0.21, "Actual Min Total Time": 152.633, "Actual Max Total Time": 152.633, "Plans": [{"Node Type": "Seq Scan", "Parent Relationship": "Outer", "Relation Name": "cast_info", "Alias": "ci", "Startup Cost": 0.0, "Total Cost": 73820.73, "Plan Rows": 96692, "Plan Width": 12, "Actual Min Startup Time": 0.034, "Actual Max Startup Time": 2.865, "Actual Min Total Time": 154.022, "Actual Max Total Time": 167.643, "Filter": "((note)::text = '(voice: English version)'::text)", "Rows Removed by Filter": 36151248, "Actual Rows": 93095}], "Actual Rows": 93095}, {"Node Type": "Hash", "Parent Relationship": "Inner", "Startup Cost": 88694.6, "Total Cost": 88694.6, "Plan Rows": 16627, "Plan Width": 24, "Actual Min Startup Time": 439.302, "Actual Max Startup Time": 439.302, "Actual Min Total Time": 439.302, "Actual Max Total Time": 439.302, "Max Hash Buckets": 32768, "Min Hash Buckets": 32768, "Max Hash Batches": 1, "Min Hash Batches": 1, "Max Original Hash Batches": 1, "Min Original Hash Batches": 1, "Max Peak Memory Usage": 229, "min Peak Memory Usage": 229, "Plans": [{"Node Type": "Hash Join", "Parent Relationship": "Outer", "Join Type": "Inner", "Startup Cost": 65239.88, "Total Cost": 88694.6, "Plan Rows": 16627, "Plan Width": 24, "Actual Min Startup Time": 32.535, "Actual Max Startup Time": 32.535, "Actual Min Total Time": 437.311, "Actual Max Total Time": 437.311, "Inner Unique": true, "Hash Cond": "(an1.person_id = n1.id)", "Plans": [{"Node Type": "Seq Scan", "Parent Relationship": "Outer", "Relation Name": "aka_name", "Alias": "an1", "Startup Cost": 0.0, "Total Cost": 19908.42, "Plan Rows": 901342, "Plan Width": 20, "Actual Min Startup Time": 0.044, "Actual Max Startup Time": 0.044, "Actual Min Total Time": 229.428, "Actual Max Total Time": 229.428, "Actual Rows": 901342}, {"Node Type": "Hash", "Parent Relationship": "Inner", "Startup Cost": 65066.3, "Total Cost": 65066.3, "Plan Rows": 13886, "Plan Width": 4, "Actual Min Startup Time": 32.262, "Actual Max Startup Time": 32.262, "Actual Min Total Time": 32.262, "Actual Max Total Time": 32.262, "Max Hash Buckets": 32768, "Min Hash Buckets": 32768, "Max Hash Batches": 1, "Min Hash Batches": 1, "Max Original Hash Batches": 1, "Min Original Hash Batches": 1, "Max Peak Memory Usage": 736, "min Peak Memory Usage": 736, "Plans": [{"Node Type": "Streaming(type: LOCAL GATHER dop: 1/64)", "Parent Relationship": "Outer", "Startup Cost": 0.0, "Total Cost": 65066.3, "Plan Rows": 13886, "Plan Width": 4, "Actual Min Startup Time": 0.126, "Actual Max Startup Time": 0.126, "Actual Min Total Time": 26.671, "Actual Max Total Time": 26.671, "Plans": [{"Node Type": "Seq Scan", "Parent Relationship": "Outer", "Relation Name": "name", "Alias": "n1", "Startup Cost": 0.0, "Total Cost": 64779.83, "Plan Rows": 13886, "Plan Width": 4, "Actual Min Startup Time": 0.035, "Actual Max Startup Time": 2.634, "Actual Min Total Time": 25.614, "Actual Max Total Time": 29.26, "Filter": "(((name)::text ~~ '%Yo%'::text) AND ((name)::text !~~ '%Yu%'::text))", "Rows Removed by Filter": 4146579, "Actual Rows": 20911}], "Actual Rows": 20911}], "Actual Rows": 20911}], "Actual Rows": 4031}], "Actual Rows": 4031}], "Actual Rows": 2575}], "Actual Rows": 2576}], "Actual Rows": 659}, {"Node Type": "Hash", "Parent Relationship": "Inner", "Startup Cost": 61039.34, "Total Cost": 61039.34, "Plan Rows": 5775, "Plan Width": 4, "Actual Min Startup Time": 1062.298, "Actual Max Startup Time": 1062.298, "Actual Min Total Time": 1062.298, "Actual Max Total Time": 1062.298, "Max Hash Buckets": 32768, "Min Hash Buckets": 32768, "Max Hash Batches": 1, "Min Hash Batches": 1, "Max Original Hash Batches": 1, "Min Original Hash Batches": 1, "Max Peak Memory Usage": 1700, "min Peak Memory Usage": 1700, "Plans": [{"Node Type": "Hash Join", "Parent Relationship": "Outer", "Join Type": "Inner", "Startup Cost": 5982.08, "Total Cost": 61039.34, "Plan Rows": 5775, "Plan Width": 4, "Actual Min Startup Time": 84.113, "Actual Max Startup Time": 84.113, "Actual Min Total Time": 1046.556, "Actual Max Total Time": 1046.556, "Inner Unique": true, "Hash Cond": "(mc.company_id = cn.id)", "Plans": [{"Node Type": "Seq Scan", "Parent Relationship": "Outer", "Relation Name": "movie_companies", "Alias": "mc", "Startup Cost": 0.0, "Total Cost": 54862.92, "Plan Rows": 36426, "Plan Width": 8, "Actual Min Startup Time": 0.268, "Actual Max Startup Time": 0.268, "Actual Min Total Time": 937.514, "Actual Max Total Time": 937.514, "Filter": "(((note)::text ~~ '%(Japan)%'::text) AND ((note)::text !~~ '%(USA)%'::text))", "Rows Removed by Filter": 2560231, "Actual Rows": 48897}, {"Node Type": "Hash", "Parent Relationship": "Inner", "Startup Cost": 5903.45, "Total Cost": 5903.45, "Plan Rows": 6290, "Plan Width": 4, "Actual Min Startup Time": 83.798, "Actual Max Startup Time": 83.798, "Actual Min Total Time": 83.798, "Actual Max Total Time": 83.798, "Max Hash Buckets": 32768, "Min Hash Buckets": 32768, "Max Hash Batches": 1, "Min Hash Batches": 1, "Max Original Hash Batches": 1, "Min Original Hash Batches": 1, "Max Peak Memory Usage": 238, "min Peak Memory Usage": 238, "Plans": [{"Node Type": "Seq Scan", "Parent Relationship": "Outer", "Relation Name": "company_name", "Alias": "cn", "Startup Cost": 0.0, "Total Cost": 5903.45, "Plan Rows": 6290, "Plan Width": 4, "Actual Min Startup Time": 0.028, "Actual Max Startup Time": 0.028, "Actual Min Total Time": 81.676, "Actual Max Total Time": 81.676, "Filter": "((country_code)::text = '[jp]'::text)", "Rows Removed by Filter": 228244, "Actual Rows": 6752}], "Actual Rows": 6752}], "Actual Rows": 48328}], "Actual Rows": 48328}], "Actual Rows": 62}, {"Node Type": "Hash", "Parent Relationship": "Inner", "Startup Cost": 60069.11, "Total Cost": 60069.11, "Plan Rows": 2528311, "Plan Width": 21, "Actual Min Startup Time": 1767.364, "Actual Max Startup Time": 1767.364, "Actual Min Total Time": 1767.364, "Actual Max Total Time": 1767.364, "Max Hash Buckets": 4194304, "Min Hash Buckets": 4194304, "Max Hash Batches": 1, "Min Hash Batches": 1, "Max Original Hash Batches": 1, "Min Original Hash Batches": 1, "Max Peak Memory Usage": 135869, "min Peak Memory Usage": 135869, "Plans": [{"Node Type": "Seq Scan", "Parent Relationship": "Outer", "Relation Name": "title", "Alias": "t", "Startup Cost": 0.0, "Total Cost": 60069.11, "Plan Rows": 2528311, "Plan Width": 21, "Actual Min Startup Time": 0.051, "Actual Max Startup Time": 0.051, "Actual Min Total Time": 839.542, "Actual Max Total Time": 839.542, "Actual Rows": 2528311}], "Actual Rows": 2528311}], "Actual Rows": 62}], "Actual Rows": 1}, "Triggers": [], "Planner Runtime": 91, "Total Runtime": 3500.553, "Unique SQL Id": 3544391839}}, "(64, 15)": {"explain_plan": {"Plan": {"Node Type": "Aggregate", "Strategy": "Plain", "Startup Cost": 6721053364161.28, "Total Cost": 6721053364161.29, "Plan Rows": 1, "Plan Width": 97, "Plans": [{"Node Type": "Merge Join", "Parent Relationship": "Outer", "Join Type": "Inner", "Startup Cost": 70051235465.84, "Total Cost": 6721053364158.05, "Plan Rows": 646, "Plan Width": 33, "Inner Unique": true, "Merge Cond": "(ci.movie_id = t.id)", "Plans": [{"Node Type": "Nested Loop", "Parent Relationship": "Outer", "Join Type": "Inner", "Startup Cost": 60051235465.84, "Total Cost": 5721925336380.1, "Plan Rows": 646, "Plan Width": 24, "Inner Unique": true, "Join Filter": "(mc.company_id = cn.id)", "Plans": [{"Node Type": "Nested Loop", "Parent Relationship": "Outer", "Join Type": "Inner", "Startup Cost": 50051235465.84, "Total Cost": 4721924164513.91, "Plan Rows": 1290, "Plan Width": 28, "Inner Unique": false, "Join Filter": "(ci.movie_id = mc.movie_id)", "Plans": [{"Node Type": "Index Scan", "Parent Relationship": "Outer", "Scan Direction": "Forward", "Index Name": "movie_id_movie_companies", "Relation Name": "movie_companies", "Alias": "mc", "Startup Cost": 10000000000.0, "Total Cost": 1000014356510.13, "Plan Rows": 36426, "Plan Width": 8, "Filter": "(((note)::text ~~ '%(Japan)%'::text) AND ((note)::text !~~ '%(USA)%'::text))"}, {"Node Type": "Materialize", "Parent Relationship": "Inner", "Startup Cost": 40051235465.84, "Total Cost": 3721908955639.28, "Plan Rows": 1560, "Plan Width": 20, "Plans": [{"Node Type": "Nested Loop", "Parent Relationship": "Outer", "Join Type": "Inner", "Startup Cost": 40051235465.84, "Total Cost": 3721908955631.48, "Plan Rows": 1560, "Plan Width": 20, "Inner Unique": true, "Join Filter": "(ci.role_id = rt.id)", "Plans": [{"Node Type": "Merge Join", "Parent Relationship": "Outer", "Join Type": "Inner", "Startup Cost": 30051235465.84, "Total Cost": 2721908954128.06, "Plan Rows": 17161, "Plan Width": 24, "Inner Unique": false, "Merge Cond": "(an1.person_id = ci.person_id)", "Plans": [{"Node Type": "Merge Join", "Parent Relationship": "Outer", "Join Type": "Inner", "Startup Cost": 20030754356.47, "Total Cost": 2000026606025.89, "Plan Rows": 16627, "Plan Width": 24, "Inner Unique": true, "Merge Cond": "(an1.person_id = n1.id)", "Plans": [{"Node Type": "Index Scan", "Parent Relationship": "Outer", "Scan Direction": "Forward", "Index Name": "person_id_aka_name", "Relation Name": "aka_name", "Alias": "an1", "Startup Cost": 10000000000.0, "Total Cost": 1000006896503.43, "Plan Rows": 901342, "Plan Width": 20}, {"Node Type": "Materialize", "Parent Relationship": "Inner", "Startup Cost": 10000000000.0, "Total Cost": 1000019707054.42, "Plan Rows": 13886, "Plan Width": 4, "Plans": [{"Node Type": "Index Scan", "Parent Relationship": "Outer", "Scan Direction": "Forward", "Index Name": "name_pkey", "Relation Name": "name", "Alias": "n1", "Startup Cost": 10000000000.0, "Total Cost": 1000019707019.7, "Plan Rows": 13886, "Plan Width": 4, "Filter": "(((name)::text ~~ '%Yo%'::text) AND ((name)::text !~~ '%Yu%'::text))"}]}]}, {"Node Type": "Index Scan", "Parent Relationship": "Inner", "Scan Direction": "Forward", "Index Name": "person_id_cast_info", "Relation Name": "cast_info", "Alias": "ci", "Startup Cost": 10000000000.0, "Total Cost": 1000179713706.71, "Plan Rows": 96692, "Plan Width": 12, "Filter": "((note)::text = '(voice: English version)'::text)"}]}, {"Node Type": "Materialize", "Parent Relationship": "Inner", "Startup Cost": 10000000000.0, "Total Cost": 1000000001246.0, "Plan Rows": 1, "Plan Width": 4, "Plans": [{"Node Type": "Index Scan", "Parent Relationship": "Outer", "Scan Direction": "Forward", "Index Name": "role_type_pkey", "Relation Name": "role_type", "Alias": "rt", "Startup Cost": 10000000000.0, "Total Cost": 1000000001246.0, "Plan Rows": 1, "Plan Width": 4, "Filter": "((role)::text = 'actress'::text)"}]}]}]}]}, {"Node Type": "Materialize", "Parent Relationship": "Inner", "Startup Cost": 10000000000.0, "Total Cost": 1000001050170.42, "Plan Rows": 6290, "Plan Width": 4, "Plans": [{"Node Type": "Index Scan", "Parent Relationship": "Outer", "Scan Direction": "Forward", "Index Name": "company_name_pkey", "Relation Name": "company_name", "Alias": "cn", "Startup Cost": 10000000000.0, "Total Cost": 1000001050138.97, "Plan Rows": 6290, "Plan Width": 4, "Filter": "((country_code)::text = '[jp]'::text)"}]}]}, {"Node Type": "Index Scan", "Parent Relationship": "Inner", "Scan Direction": "Forward", "Index Name": "title_pkey", "Relation Name": "title", "Alias": "t", "Startup Cost": 10000000000.0, "Total Cost": 1000011012048.91, "Plan Rows": 2528311, "Plan Width": 21}]}]}, "Unique SQL Id": 3544391839, "Planner Runtime": 122}, "explain_analyze_plan": null}, "(64, 16)": {"explain_plan": {"Plan": {"Node Type": "Aggregate", "Strategy": "Plain", "Startup Cost": 92158.79, "Total Cost": 92158.8, "Plan Rows": 1, "Plan Width": 97, "Plans": [{"Node Type": "Nested Loop", "Parent Relationship": "Outer", "Join Type": "Inner", "Startup Cost": 0.0, "Total Cost": 92158.31, "Plan Rows": 96, "Plan Width": 33, "Inner Unique": true, "Plans": [{"Node Type": "Nested Loop", "Parent Relationship": "Outer", "Join Type": "Inner", "Startup Cost": 0.0, "Total Cost": 91956.53, "Plan Rows": 96, "Plan Width": 24, "Inner Unique": true, "Plans": [{"Node Type": "Nested Loop", "Parent Relationship": "Outer", "Join Type": "Inner", "Startup Cost": 0.0, "Total Cost": 91580.99, "Plan Rows": 645, "Plan Width": 32, "Inner Unique": false, "Plans": [{"Node Type": "Nested Loop", "Parent Relationship": "Outer", "Join Type": "Inner", "Startup Cost": 0.0, "Total Cost": 91126.78, "Plan Rows": 532, "Plan Width": 12, "Inner Unique": true, "Plans": [{"Node Type": "Nested Loop", "Parent Relationship": "Outer", "Join Type": "Inner", "Startup Cost": 0.0, "Total Cost": 88949.62, "Plan Rows": 3338, "Plan Width": 16, "Inner Unique": false, "Plans": [{"Node Type": "Nested Loop", "Parent Relationship": "Outer", "Join Type": "Inner", "Startup Cost": 0.0, "Total Cost": 77025.27, "Plan Rows": 8790, "Plan Width": 8, "Inner Unique": false, "Join Filter": "(ci.role_id = rt.id)", "Plans": [{"Node Type": "Seq Scan", "Parent Relationship": "Outer", "Relation Name": "role_type", "Alias": "rt", "Startup Cost": 0.0, "Total Cost": 1.15, "Plan Rows": 1, "Plan Width": 4, "Filter": "((role)::text = 'actress'::text)"}, {"Node Type": "Materialize", "Parent Relationship": "Inner", "Startup Cost": 0.0, "Total Cost": 76057.2, "Plan Rows": 96692, "Plan Width": 12, "Plans": [{"Node Type": "Streaming(type: LOCAL GATHER dop: 1/64)", "Parent Relationship": "Outer", "Startup Cost": 0.0, "Total Cost": 75815.47, "Plan Rows": 96692, "Plan Width": 12, "Plans": [{"Node Type": "Seq Scan", "Parent Relationship": "Outer", "Relation Name": "cast_info", "Alias": "ci", "Startup Cost": 0.0, "Total Cost": 73820.73, "Plan Rows": 96692, "Plan Width": 12, "Filter": "((note)::text = '(voice: English version)'::text)"}]}]}]}, {"Node Type": "Index Scan", "Parent Relationship": "Inner", "Scan Direction": "Forward", "Index Name": "movie_id_movie_companies", "Relation Name": "movie_companies", "Alias": "mc", "Startup Cost": 0.0, "Total Cost": 1.35, "Plan Rows": 1, "Plan Width": 8, "Index Cond": "(movie_id = ci.movie_id)", "Filter": "(((note)::text ~~ '%(Japan)%'::text) AND ((note)::text !~~ '%(USA)%'::text))"}]}, {"Node Type": "Index Scan", "Parent Relationship": "Inner", "Scan Direction": "Forward", "Index Name": "company_name_pkey", "Relation Name": "company_name", "Alias": "cn", "Startup Cost": 0.0, "Total Cost": 0.64, "Plan Rows": 1, "Plan Width": 4, "Index Cond": "(id = mc.company_id)", "Filter": "((country_code)::text = '[jp]'::text)"}]}, {"Node Type": "Index Scan", "Parent Relationship": "Inner", "Scan Direction": "Forward", "Index Name": "person_id_aka_name", "Relation Name": "aka_name", "Alias": "an1", "Startup Cost": 0.0, "Total Cost": 0.84, "Plan Rows": 1, "Plan Width": 20, "Index Cond": "(person_id = ci.person_id)"}]}, {"Node Type": "Index Scan", "Parent Relationship": "Inner", "Scan Direction": "Forward", "Index Name": "name_pkey", "Relation Name": "name", "Alias": "n1", "Startup Cost": 0.0, "Total Cost": 0.57, "Plan Rows": 1, "Plan Width": 4, "Index Cond": "(id = an1.person_id)", "Filter": "(((name)::text ~~ '%Yo%'::text) AND ((name)::text !~~ '%Yu%'::text))"}]}, {"Node Type": "Index Scan", "Parent Relationship": "Inner", "Scan Direction": "Forward", "Index Name": "title_pkey", "Relation Name": "title", "Alias": "t", "Startup Cost": 0.0, "Total Cost": 2.09, "Plan Rows": 1, "Plan Width": 21, "Index Cond": "(id = ci.movie_id)"}]}]}, "Unique SQL Id": 3544391839, "Planner Runtime": 26}, "explain_analyze_plan": {"Plan": {"Node Type": "Aggregate", "Strategy": "Plain", "Startup Cost": 92158.79, "Total Cost": 92158.8, "Plan Rows": 1, "Plan Width": 97, "Actual Min Startup Time": 726.572, "Actual Max Startup Time": 726.572, "Actual Min Total Time": 726.572, "Actual Max Total Time": 726.572, "Plans": [{"Node Type": "Nested Loop", "Parent Relationship": "Outer", "Join Type": "Inner", "Startup Cost": 0.0, "Total Cost": 92158.31, "Plan Rows": 96, "Plan Width": 33, "Actual Min Startup Time": 605.305, "Actual Max Startup Time": 605.305, "Actual Min Total Time": 726.472, "Actual Max Total Time": 726.472, "Inner Unique": true, "Plans": [{"Node Type": "Nested Loop", "Parent Relationship": "Outer", "Join Type": "Inner", "Startup Cost": 0.0, "Total Cost": 91956.53, "Plan Rows": 96, "Plan Width": 24, "Actual Min Startup Time": 605.284, "Actual Max Startup Time": 605.284, "Actual Min Total Time": 726.064, "Actual Max Total Time": 726.064, "Inner Unique": true, "Plans": [{"Node Type": "Nested Loop", "Parent Relationship": "Outer", "Join Type": "Inner", "Startup Cost": 0.0, "Total Cost": 91580.99, "Plan Rows": 645, "Plan Width": 32, "Actual Min Startup Time": 369.56, "Actual Max Startup Time": 369.56, "Actual Min Total Time": 659.518, "Actual Max Total Time": 659.518, "Inner Unique": false, "Plans": [{"Node Type": "Nested Loop", "Parent Relationship": "Outer", "Join Type": "Inner", "Startup Cost": 0.0, "Total Cost": 91126.78, "Plan Rows": 532, "Plan Width": 12, "Actual Min Startup Time": 369.541, "Actual Max Startup Time": 369.541, "Actual Min Total Time": 621.181, "Actual Max Total Time": 621.181, "Inner Unique": true, "Plans": [{"Node Type": "Nested Loop", "Parent Relationship": "Outer", "Join Type": "Inner", "Startup Cost": 0.0, "Total Cost": 88949.62, "Plan Rows": 3338, "Plan Width": 16, "Actual Min Startup Time": 369.521, "Actual Max Startup Time": 369.521, "Actual Min Total Time": 587.224, "Actual Max Total Time": 587.224, "Inner Unique": false, "Plans": [{"Node Type": "Nested Loop", "Parent Relationship": "Outer", "Join Type": "Inner", "Startup Cost": 0.0, "Total Cost": 77025.27, "Plan Rows": 8790, "Plan Width": 8, "Actual Min Startup Time": 369.224, "Actual Max Startup Time": 369.224, "Actual Min Total Time": 407.254, "Actual Max Total Time": 407.254, "Inner Unique": false, "Join Filter": "(ci.role_id = rt.id)", "Rows Removed by Join Filter": 58247, "Plans": [{"Node Type": "Seq Scan", "Parent Relationship": "Outer", "Relation Name": "role_type", "Alias": "rt", "Startup Cost": 0.0, "Total Cost": 1.15, "Plan Rows": 1, "Plan Width": 4, "Actual Min Startup Time": 0.05, "Actual Max Startup Time": 0.05, "Actual Min Total Time": 0.059, "Actual Max Total Time": 0.059, "Filter": "((role)::text = 'actress'::text)", "Rows Removed by Filter": 11, "Actual Rows": 1}, {"Node Type": "Materialize", "Parent Relationship": "Inner", "Startup Cost": 0.0, "Total Cost": 76057.2, "Plan Rows": 96692, "Plan Width": 12, "Actual Min Startup Time": 367.126, "Actual Max Startup Time": 367.126, "Actual Min Total Time": 379.092, "Actual Max Total Time": 379.092, "Plans": [{"Node Type": "Streaming(type: LOCAL GATHER dop: 1/64)", "Parent Relationship": "Outer", "Startup Cost": 0.0, "Total Cost": 75815.47, "Plan Rows": 96692, "Plan Width": 12, "Actual Min Startup Time": 107.483, "Actual Max Startup Time": 107.483, "Actual Min Total Time": 352.138, "Actual Max Total Time": 352.138, "Plans": [{"Node Type": "Seq Scan", "Parent Relationship": "Outer", "Relation Name": "cast_info", "Alias": "ci", "Startup Cost": 0.0, "Total Cost": 73820.73, "Plan Rows": 96692, "Plan Width": 12, "Actual Min Startup Time": 0.037, "Actual Max Startup Time": 2.864, "Actual Min Total Time": 153.53, "Actual Max Total Time": 173.668, "Filter": "((note)::text = '(voice: English version)'::text)", "Rows Removed by Filter": 36151248, "Actual Rows": 93095}], "Actual Rows": 93095}], "Actual Rows": 93096}], "Actual Rows": 34848}, {"Node Type": "Index Scan", "Parent Relationship": "Inner", "Scan Direction": "Forward", "Index Name": "movie_id_movie_companies", "Relation Name": "movie_companies", "Alias": "mc", "Startup Cost": 0.0, "Total Cost": 1.35, "Plan Rows": 1, "Plan Width": 8, "Actual Min Startup Time": 142.106, "Actual Max Startup Time": 142.106, "Actual Min Total Time": 161.064, "Actual Max Total Time": 161.064, "Index Cond": "(movie_id = ci.movie_id)", "Rows Removed by Index Recheck": 0, "Filter": "(((note)::text ~~ '%(Japan)%'::text) AND ((note)::text !~~ '%(USA)%'::text))", "Rows Removed by Filter": 53432, "Actual Rows": 7532}], "Actual Rows": 7532}, {"Node Type": "Index Scan", "Parent Relationship": "Inner", "Scan Direction": "Forward", "Index Name": "company_name_pkey", "Relation Name": "company_name", "Alias": "cn", "Startup Cost": 0.0, "Total Cost": 0.64, "Plan Rows": 1, "Plan Width": 4, "Actual Min Startup Time": 27.213, "Actual Max Startup Time": 27.213, "Actual Min Total Time": 27.213, "Actual Max Total Time": 27.213, "Index Cond": "(id = mc.company_id)", "Rows Removed by Index Recheck": 0, "Filter": "((country_code)::text = '[jp]'::text)", "Rows Removed by Filter": 94, "Actual Rows": 7438}], "Actual Rows": 7438}, {"Node Type": "Index Scan", "Parent Relationship": "Inner", "Scan Direction": "Forward", "Index Name": "person_id_aka_name", "Relation Name": "aka_name", "Alias": "an1", "Startup Cost": 0.0, "Total Cost": 0.84, "Plan Rows": 1, "Plan Width": 20, "Actual Min Startup Time": 23.211, "Actual Max Startup Time": 23.211, "Actual Min Total Time": 30.222, "Actual Max Total Time": 30.222, "Index Cond": "(person_id = ci.person_id)", "Rows Removed by Index Recheck": 0, "Actual Rows": 17379}], "Actual Rows": 17379}, {"Node Type": "Index Scan", "Parent Relationship": "Inner", "Scan Direction": "Forward", "Index Name": "name_pkey", "Relation Name": "name", "Alias": "n1", "Startup Cost": 0.0, "Total Cost": 0.57, "Plan Rows": 1, "Plan Width": 4, "Actual Min Startup Time": 58.165, "Actual Max Startup Time": 58.165, "Actual Min Total Time": 58.165, "Actual Max Total Time": 58.165, "Index Cond": "(id = an1.person_id)", "Rows Removed by Index Recheck": 0, "Filter": "(((name)::text ~~ '%Yo%'::text) AND ((name)::text !~~ '%Yu%'::text))", "Rows Removed by Filter": 17317, "Actual Rows": 62}], "Actual Rows": 62}, {"Node Type": "Index Scan", "Parent Relationship": "Inner", "Scan Direction": "Forward", "Index Name": "title_pkey", "Relation Name": "title", "Alias": "t", "Startup Cost": 0.0, "Total Cost": 2.09, "Plan Rows": 1, "Plan Width": 21, "Actual Min Startup Time": 0.343, "Actual Max Startup Time": 0.343, "Actual Min Total Time": 0.343, "Actual Max Total Time": 0.343, "Index Cond": "(id = ci.movie_id)", "Rows Removed by Index Recheck": 0, "Actual Rows": 62}], "Actual Rows": 62}], "Actual Rows": 1}, "Triggers": [], "Planner Runtime": 27, "Total Runtime": 739.633, "Unique SQL Id": 3544391839}}, "(64, 17)": {"explain_plan": {"Plan": {"Node Type": "Aggregate", "Strategy": "Plain", "Startup Cost": 109008.11, "Total Cost": 109008.12, "Plan Rows": 1, "Plan Width": 97, "Plans": [{"Node Type": "Nested Loop", "Parent Relationship": "Outer", "Join Type": "Inner", "Startup Cost": 2780.8, "Total Cost": 109007.63, "Plan Rows": 96, "Plan Width": 33, "Inner Unique": true, "Plans": [{"Node Type": "Nested Loop", "Parent Relationship": "Outer", "Join Type": "Inner", "Startup Cost": 2780.8, "Total Cost": 108632.09, "Plan Rows": 645, "Plan Width": 41, "Inner Unique": false, "Plans": [{"Node Type": "Nested Loop", "Parent Relationship": "Outer", "Join Type": "Inner", "Startup Cost": 2780.8, "Total Cost": 108177.88, "Plan Rows": 532, "Plan Width": 21, "Inner Unique": false, "Join Filter": "(ci.role_id = rt.id)", "Plans": [{"Node Type": "Index Scan", "Parent Relationship": "Outer", "Scan Direction": "Forward", "Index Name": "role_type_pkey", "Relation Name": "role_type", "Alias": "rt", "Startup Cost": 0.0, "Total Cost": 12.46, "Plan Rows": 1, "Plan Width": 4, "Filter": "((role)::text = 'actress'::text)"}, {"Node Type": "Nested Loop", "Parent Relationship": "Inner", "Join Type": "Inner", "Startup Cost": 2780.8, "Total Cost": 108092.33, "Plan Rows": 5847, "Plan Width": 25, "Inner Unique": false, "Plans": [{"Node Type": "Nested Loop", "Parent Relationship": "Outer", "Join Type": "Inner", "Startup Cost": 2780.8, "Total Cost": 102349.74, "Plan Rows": 5775, "Plan Width": 25, "Inner Unique": true, "Plans": [{"Node Type": "Nested Loop", "Parent Relationship": "Outer", "Join Type": "Inner", "Startup Cost": 2780.8, "Total Cost": 79702.64, "Plan Rows": 5775, "Plan Width": 4, "Inner Unique": false, "Plans": [{"Node Type": "Bitmap Heap Scan", "Parent Relationship": "Outer", "Relation Name": "company_name", "Alias": "cn", "Startup Cost": 2780.8, "Total Cost": 8684.25, "Plan Rows": 6290, "Plan Width": 4, "Filter": "((country_code)::text = '[jp]'::text)", "Plans": [{"Node Type": "Bitmap Index Scan", "Parent Relationship": "Outer", "Index Name": "company_name_pkey", "Startup Cost": 0.0, "Total Cost": 2779.23, "Plan Rows": 234996, "Plan Width": 0}]}, {"Node Type": "Index Scan", "Parent Relationship": "Inner", "Scan Direction": "Forward", "Index Name": "company_id_movie_companies", "Relation Name": "movie_companies", "Alias": "mc", "Startup Cost": 0.0, "Total Cost": 11.28, "Plan Rows": 1, "Plan Width": 8, "Index Cond": "(company_id = cn.id)", "Filter": "(((note)::text ~~ '%(Japan)%'::text) AND ((note)::text !~~ '%(USA)%'::text))"}]}, {"Node Type": "Index Scan", "Parent Relationship": "Inner", "Scan Direction": "Forward", "Index Name": "title_pkey", "Relation Name": "title", "Alias": "t", "Startup Cost": 0.0, "Total Cost": 3.91, "Plan Rows": 1, "Plan Width": 21, "Index Cond": "(id = mc.movie_id)"}]}, {"Node Type": "Index Scan", "Parent Relationship": "Inner", "Scan Direction": "Forward", "Index Name": "movie_id_cast_info", "Relation Name": "cast_info", "Alias": "ci", "Startup Cost": 0.0, "Total Cost": 0.98, "Plan Rows": 1, "Plan Width": 12, "Index Cond": "(movie_id = t.id)", "Filter": "((note)::text = '(voice: English version)'::text)"}]}]}, {"Node Type": "Index Scan", "Parent Relationship": "Inner", "Scan Direction": "Forward", "Index Name": "person_id_aka_name", "Relation Name": "aka_name", "Alias": "an1", "Startup Cost": 0.0, "Total Cost": 0.84, "Plan Rows": 1, "Plan Width": 20, "Index Cond": "(person_id = ci.person_id)"}]}, {"Node Type": "Index Scan", "Parent Relationship": "Inner", "Scan Direction": "Forward", "Index Name": "name_pkey", "Relation Name": "name", "Alias": "n1", "Startup Cost": 0.0, "Total Cost": 0.57, "Plan Rows": 1, "Plan Width": 4, "Index Cond": "(id = an1.person_id)", "Filter": "(((name)::text ~~ '%Yo%'::text) AND ((name)::text !~~ '%Yu%'::text))"}]}]}, "Unique SQL Id": 3544391839, "Planner Runtime": 26}, "explain_analyze_plan": {"Plan": {"Node Type": "Aggregate", "Strategy": "Plain", "Startup Cost": 109008.11, "Total Cost": 109008.12, "Plan Rows": 1, "Plan Width": 97, "Actual Startup Time": 4003.494, "Actual Total Time": 4003.495, "Actual Rows": 1, "Actual Loops": 1, "Plans": [{"Node Type": "Nested Loop", "Parent Relationship": "Outer", "Join Type": "Inner", "Startup Cost": 2780.8, "Total Cost": 109007.63, "Plan Rows": 96, "Plan Width": 33, "Actual Startup Time": 331.901, "Actual Total Time": 4003.162, "Actual Rows": 62, "Actual Loops": 1, "Inner Unique": true, "Plans": [{"Node Type": "Nested Loop", "Parent Relationship": "Outer", "Join Type": "Inner", "Startup Cost": 2780.8, "Total Cost": 108632.09, "Plan Rows": 645, "Plan Width": 41, "Actual Startup Time": 33.644, "Actual Total Time": 3925.188, "Actual Rows": 17379, "Actual Loops": 1, "Inner Unique": false, "Plans": [{"Node Type": "Nested Loop", "Parent Relationship": "Outer", "Join Type": "Inner", "Startup Cost": 2780.8, "Total Cost": 108177.88, "Plan Rows": 532, "Plan Width": 21, "Actual Startup Time": 33.626, "Actual Total Time": 3872.733, "Actual Rows": 7438, "Actual Loops": 1, "Inner Unique": false, "Join Filter": "(ci.role_id = rt.id)", "Rows Removed by Join Filter": 12162, "Plans": [{"Node Type": "Index Scan", "Parent Relationship": "Outer", "Scan Direction": "Forward", "Index Name": "role_type_pkey", "Relation Name": "role_type", "Alias": "rt", "Startup Cost": 0.0, "Total Cost": 12.46, "Plan Rows": 1, "Plan Width": 4, "Actual Startup Time": 0.026, "Actual Total Time": 0.037, "Actual Rows": 1, "Actual Loops": 1, "Filter": "((role)::text = 'actress'::text)", "Rows Removed by Filter": 11}, {"Node Type": "Nested Loop", "Parent Relationship": "Inner", "Join Type": "Inner", "Startup Cost": 2780.8, "Total Cost": 108092.33, "Plan Rows": 5847, "Plan Width": 25, "Actual Startup Time": 33.59, "Actual Total Time": 3867.308, "Actual Rows": 19600, "Actual Loops": 1, "Inner Unique": false, "Plans": [{"Node Type": "Nested Loop", "Parent Relationship": "Outer", "Join Type": "Inner", "Startup Cost": 2780.8, "Total Cost": 102349.74, "Plan Rows": 5775, "Plan Width": 25, "Actual Startup Time": 33.508, "Actual Total Time": 772.839, "Actual Rows": 48328, "Actual Loops": 1, "Inner Unique": true, "Plans": [{"Node Type": "Nested Loop", "Parent Relationship": "Outer", "Join Type": "Inner", "Startup Cost": 2780.8, "Total Cost": 79702.64, "Plan Rows": 5775, "Plan Width": 4, "Actual Startup Time": 33.487, "Actual Total Time": 439.31, "Actual Rows": 48328, "Actual Loops": 1, "Inner Unique": false, "Plans": [{"Node Type": "Bitmap Heap Scan", "Parent Relationship": "Outer", "Relation Name": "company_name", "Alias": "cn", "Startup Cost": 2780.8, "Total Cost": 8684.25, "Plan Rows": 6290, "Plan Width": 4, "Actual Startup Time": 33.368, "Actual Total Time": 158.242, "Actual Rows": 6752, "Actual Loops": 1, "Filter": "((country_code)::text = '[jp]'::text)", "Rows Removed by Filter": 228244, "Exact Heap Blocks": 2966, "Lossy Heap Blocks": 2966, "Plans": [{"Node Type": "Bitmap Index Scan", "Parent Relationship": "Outer", "Index Name": "company_name_pkey", "Startup Cost": 0.0, "Total Cost": 2779.23, "Plan Rows": 234996, "Plan Width": 0, "Actual Startup Time": 32.868, "Actual Total Time": 32.868, "Actual Rows": 234996, "Actual Loops": 1}]}, {"Node Type": "Index Scan", "Parent Relationship": "Inner", "Scan Direction": "Forward", "Index Name": "company_id_movie_companies", "Relation Name": "movie_companies", "Alias": "mc", "Startup Cost": 0.0, "Total Cost": 11.28, "Plan Rows": 1, "Plan Width": 8, "Actual Startup Time": 97.735, "Actual Total Time": 264.712, "Actual Rows": 48328, "Actual Loops": 6752, "Index Cond": "(company_id = cn.id)", "Rows Removed by Index Recheck": 0, "Filter": "(((note)::text ~~ '%(Japan)%'::text) AND ((note)::text !~~ '%(USA)%'::text))", "Rows Removed by Filter": 56667}]}, {"Node Type": "Index Scan", "Parent Relationship": "Inner", "Scan Direction": "Forward", "Index Name": "title_pkey", "Relation Name": "title", "Alias": "t", "Startup Cost": 0.0, "Total Cost": 3.91, "Plan Rows": 1, "Plan Width": 21, "Actual Startup Time": 290.461, "Actual Total Time": 290.461, "Actual Rows": 48328, "Actual Loops": 48328, "Index Cond": "(id = mc.movie_id)", "Rows Removed by Index Recheck": 0}]}, {"Node Type": "Index Scan", "Parent Relationship": "Inner", "Scan Direction": "Forward", "Index Name": "movie_id_cast_info", "Relation Name": "cast_info", "Alias": "ci", "Startup Cost": 0.0, "Total Cost": 0.98, "Plan Rows": 1, "Plan Width": 12, "Actual Startup Time": 2927.181, "Actual Total Time": 3062.961, "Actual Rows": 19600, "Actual Loops": 48328, "Index Cond": "(movie_id = t.id)", "Rows Removed by Index Recheck": 0, "Filter": "((note)::text = '(voice: English version)'::text)", "Rows Removed by Filter": 1531710}]}]}, {"Node Type": "Index Scan", "Parent Relationship": "Inner", "Scan Direction": "Forward", "Index Name": "person_id_aka_name", "Relation Name": "aka_name", "Alias": "an1", "Startup Cost": 0.0, "Total Cost": 0.84, "Plan Rows": 1, "Plan Width": 20, "Actual Startup Time": 35.023, "Actual Total Time": 43.562, "Actual Rows": 17379, "Actual Loops": 7438, "Index Cond": "(person_id = ci.person_id)", "Rows Removed by Index Recheck": 0}]}, {"Node Type": "Index Scan", "Parent Relationship": "Inner", "Scan Direction": "Forward", "Index Name": "name_pkey", "Relation Name": "name", "Alias": "n1", "Startup Cost": 0.0, "Total Cost": 0.57, "Plan Rows": 1, "Plan Width": 4, "Actual Startup Time": 68.919, "Actual Total Time": 68.919, "Actual Rows": 62, "Actual Loops": 17379, "Index Cond": "(id = an1.person_id)", "Rows Removed by Index Recheck": 0, "Filter": "(((name)::text ~~ '%Yo%'::text) AND ((name)::text !~~ '%Yu%'::text))", "Rows Removed by Filter": 17317}]}]}, "Triggers": [], "Planner Runtime": 25, "Total Runtime": 4003.921, "Unique SQL Id": 3544391839}}, "(64, 18)": {"explain_plan": {"Plan": {"Node Type": "Aggregate", "Strategy": "Plain", "Startup Cost": 126667.1, "Total Cost": 126667.11, "Plan Rows": 1, "Plan Width": 97, "Plans": [{"Node Type": "Nested Loop", "Parent Relationship": "Outer", "Join Type": "Inner", "Startup Cost": 63930.22, "Total Cost": 126663.87, "Plan Rows": 646, "Plan Width": 33, "Inner Unique": true, "Plans": [{"Node Type": "Nested Loop", "Parent Relationship": "Outer", "Join Type": "Inner", "Startup Cost": 63929.9, "Total Cost": 123855.29, "Plan Rows": 645, "Plan Width": 41, "Inner Unique": false, "Plans": [{"Node Type": "Nested Loop", "Parent Relationship": "Outer", "Join Type": "Inner", "Startup Cost": 63929.52, "Total Cost": 121512.73, "Plan Rows": 532, "Plan Width": 21, "Inner Unique": false, "Join Filter": "(ci.role_id = rt.id)", "Plans": [{"Node Type": "Seq Scan", "Parent Relationship": "Outer", "Relation Name": "role_type", "Alias": "rt", "Startup Cost": 0.0, "Total Cost": 1.15, "Plan Rows": 1, "Plan Width": 4, "Filter": "((role)::text = 'actress'::text)"}, {"Node Type": "Nested Loop", "Parent Relationship": "Inner", "Join Type": "Inner", "Startup Cost": 63929.52, "Total Cost": 121438.49, "Plan Rows": 5847, "Plan Width": 25, "Inner Unique": false, "Plans": [{"Node Type": "Nested Loop", "Parent Relationship": "Outer", "Join Type": "Inner", "Startup Cost": 63929.0, "Total Cost": 94780.67, "Plan Rows": 5775, "Plan Width": 25, "Inner Unique": true, "Plans": [{"Node Type": "Merge Join", "Parent Relationship": "Outer", "Join Type": "Inner", "Startup Cost": 63927.73, "Total Cost": 64194.32, "Plan Rows": 5775, "Plan Width": 4, "Inner Unique": false, "Merge Cond": "(cn.id = mc.company_id)", "Plans": [{"Node Type": "Sort", "Parent Relationship": "Outer", "Startup Cost": 6300.31, "Total Cost": 6316.04, "Plan Rows": 6290, "Plan Width": 4, "Sort Key": ["cn.id"], "Plans": [{"Node Type": "Seq Scan", "Parent Relationship": "Outer", "Relation Name": "company_name", "Alias": "cn", "Startup Cost": 0.0, "Total Cost": 5903.45, "Plan Rows": 6290, "Plan Width": 4, "Filter": "((country_code)::text = '[jp]'::text)"}]}, {"Node Type": "Sort", "Parent Relationship": "Inner", "Startup Cost": 57622.68, "Total Cost": 57713.74, "Plan Rows": 36426, "Plan Width": 8, "Sort Key": ["mc.company_id"], "Plans": [{"Node Type": "Seq Scan", "Parent Relationship": "Outer", "Relation Name": "movie_companies", "Alias": "mc", "Startup Cost": 0.0, "Total Cost": 54862.92, "Plan Rows": 36426, "Plan Width": 8, "Filter": "(((note)::text ~~ '%(Japan)%'::text) AND ((note)::text !~~ '%(USA)%'::text))"}]}]}, {"Node Type": "Bitmap Heap Scan", "Parent Relationship": "Inner", "Relation Name": "title", "Alias": "t", "Startup Cost": 1.27, "Total Cost": 5.29, "Plan Rows": 1, "Plan Width": 21, "Recheck Cond": "(id = mc.movie_id)", "Plans": [{"Node Type": "Bitmap Index Scan", "Parent Relationship": "Outer", "Index Name": "title_pkey", "Startup Cost": 0.0, "Total Cost": 1.27, "Plan Rows": 1, "Plan Width": 0, "Index Cond": "(id = mc.movie_id)"}]}]}, {"Node Type": "Bitmap Heap Scan", "Parent Relationship": "Inner", "Relation Name": "cast_info", "Alias": "ci", "Startup Cost": 0.52, "Total Cost": 4.61, "Plan Rows": 1, "Plan Width": 12, "Recheck Cond": "(movie_id = t.id)", "Filter": "((note)::text = '(voice: English version)'::text)", "Plans": [{"Node Type": "Bitmap Index Scan", "Parent Relationship": "Outer", "Index Name": "movie_id_cast_info", "Startup Cost": 0.0, "Total Cost": 0.52, "Plan Rows": 6, "Plan Width": 0, "Index Cond": "(movie_id = t.id)"}]}]}]}, {"Node Type": "Bitmap Heap Scan", "Parent Relationship": "Inner", "Relation Name": "aka_name", "Alias": "an1", "Startup Cost": 0.38, "Total Cost": 4.39, "Plan Rows": 1, "Plan Width": 20, "Recheck Cond": "(person_id = ci.person_id)", "Plans": [{"Node Type": "Bitmap Index Scan", "Parent Relationship": "Outer", "Index Name": "person_id_aka_name", "Startup Cost": 0.0, "Total Cost": 0.38, "Plan Rows": 1, "Plan Width": 0, "Index Cond": "(person_id = ci.person_id)"}]}]}, {"Node Type": "Bitmap Heap Scan", "Parent Relationship": "Inner", "Relation Name": "name", "Alias": "n1", "Startup Cost": 0.33, "Total Cost": 4.34, "Plan Rows": 1, "Plan Width": 4, "Recheck Cond": "(id = an1.person_id)", "Filter": "(((name)::text ~~ '%Yo%'::text) AND ((name)::text !~~ '%Yu%'::text))", "Plans": [{"Node Type": "Bitmap Index Scan", "Parent Relationship": "Outer", "Index Name": "name_pkey", "Startup Cost": 0.0, "Total Cost": 0.33, "Plan Rows": 1, "Plan Width": 0, "Index Cond": "(id = an1.person_id)"}]}]}]}, "Unique SQL Id": 3544391839, "Planner Runtime": 32}, "explain_analyze_plan": {"Plan": {"Node Type": "Aggregate", "Strategy": "Plain", "Startup Cost": 126667.1, "Total Cost": 126667.11, "Plan Rows": 1, "Plan Width": 97, "Actual Startup Time": 5590.743, "Actual Total Time": 5590.743, "Actual Rows": 1, "Actual Loops": 1, "Plans": [{"Node Type": "Nested Loop", "Parent Relationship": "Outer", "Join Type": "Inner", "Startup Cost": 63930.22, "Total Cost": 126663.87, "Plan Rows": 646, "Plan Width": 33, "Actual Startup Time": 1053.673, "Actual Total Time": 5590.38, "Actual Rows": 62, "Actual Loops": 1, "Inner Unique": true, "Plans": [{"Node Type": "Nested Loop", "Parent Relationship": "Outer", "Join Type": "Inner", "Startup Cost": 63929.9, "Total Cost": 123855.29, "Plan Rows": 645, "Plan Width": 41, "Actual Startup Time": 1045.064, "Actual Total Time": 5486.823, "Actual Rows": 17379, "Actual Loops": 1, "Inner Unique": false, "Plans": [{"Node Type": "Nested Loop", "Parent Relationship": "Outer", "Join Type": "Inner", "Startup Cost": 63929.52, "Total Cost": 121512.73, "Plan Rows": 532, "Plan Width": 21, "Actual Startup Time": 1045.03, "Actual Total Time": 5419.205, "Actual Rows": 7438, "Actual Loops": 1, "Inner Unique": false, "Join Filter": "(ci.role_id = rt.id)", "Rows Removed by Join Filter": 12162, "Plans": [{"Node Type": "Seq Scan", "Parent Relationship": "Outer", "Relation Name": "role_type", "Alias": "rt", "Startup Cost": 0.0, "Total Cost": 1.15, "Plan Rows": 1, "Plan Width": 4, "Actual Startup Time": 0.032, "Actual Total Time": 0.043, "Actual Rows": 1, "Actual Loops": 1, "Filter": "((role)::text = 'actress'::text)", "Rows Removed by Filter": 11}, {"Node Type": "Nested Loop", "Parent Relationship": "Inner", "Join Type": "Inner", "Startup Cost": 63929.52, "Total Cost": 121438.49, "Plan Rows": 5847, "Plan Width": 25, "Actual Startup Time": 1044.952, "Actual Total Time": 5413.334, "Actual Rows": 19600, "Actual Loops": 1, "Inner Unique": false, "Plans": [{"Node Type": "Nested Loop", "Parent Relationship": "Outer", "Join Type": "Inner", "Startup Cost": 63929.0, "Total Cost": 94780.67, "Plan Rows": 5775, "Plan Width": 25, "Actual Startup Time": 1044.196, "Actual Total Time": 1510.306, "Actual Rows": 48328, "Actual Loops": 1, "Inner Unique": true, "Plans": [{"Node Type": "Merge Join", "Parent Relationship": "Outer", "Join Type": "Inner", "Startup Cost": 63927.73, "Total Cost": 64194.32, "Plan Rows": 5775, "Plan Width": 4, "Actual Startup Time": 1044.139, "Actual Total Time": 1075.318, "Actual Rows": 48328, "Actual Loops": 1, "Inner Unique": false, "Merge Cond": "(cn.id = mc.company_id)", "Plans": [{"Node Type": "Sort", "Parent Relationship": "Outer", "Startup Cost": 6300.31, "Total Cost": 6316.04, "Plan Rows": 6290, "Plan Width": 4, "Actual Startup Time": 84.391, "Actual Total Time": 84.985, "Actual Rows": 2418, "Actual Loops": 1, "Sort Key": ["cn.id"], "Sort Method": "quicksort", "Sort Space Used": 615, "Sort Space Type": "Memory", "Plans": [{"Node Type": "Seq Scan", "Parent Relationship": "Outer", "Relation Name": "company_name", "Alias": "cn", "Startup Cost": 0.0, "Total Cost": 5903.45, "Plan Rows": 6290, "Plan Width": 4, "Actual Startup Time": 0.03, "Actual Total Time": 81.925, "Actual Rows": 6752, "Actual Loops": 1, "Filter": "((country_code)::text = '[jp]'::text)", "Rows Removed by Filter": 228244}]}, {"Node Type": "Sort", "Parent Relationship": "Inner", "Startup Cost": 57622.68, "Total Cost": 57713.74, "Plan Rows": 36426, "Plan Width": 8, "Actual Startup Time": 959.732, "Actual Total Time": 971.284, "Actual Rows": 48897, "Actual Loops": 1, "Sort Key": ["mc.company_id"], "Sort Method": "quicksort", "Sort Space Used": 4593, "Sort Space Type": "Memory", "Plans": [{"Node Type": "Seq Scan", "Parent Relationship": "Outer", "Relation Name": "movie_companies", "Alias": "mc", "Startup Cost": 0.0, "Total Cost": 54862.92, "Plan Rows": 36426, "Plan Width": 8, "Actual Startup Time": 0.277, "Actual Total Time": 944.242, "Actual Rows": 48897, "Actual Loops": 1, "Filter": "(((note)::text ~~ '%(Japan)%'::text) AND ((note)::text !~~ '%(USA)%'::text))", "Rows Removed by Filter": 2560231}]}]}, {"Node Type": "Bitmap Heap Scan", "Parent Relationship": "Inner", "Relation Name": "title", "Alias": "t", "Startup Cost": 1.27, "Total Cost": 5.29, "Plan Rows": 1, "Plan Width": 21, "Actual Startup Time": 355.676, "Actual Total Time": 355.676, "Actual Rows": 48328, "Actual Loops": 48328, "Recheck Cond": "(id = mc.movie_id)", "Rows Removed by Index Recheck": 0, "Exact Heap Blocks": 48328, "Lossy Heap Blocks": 48328, "Plans": [{"Node Type": "Bitmap Index Scan", "Parent Relationship": "Outer", "Index Name": "title_pkey", "Startup Cost": 0.0, "Total Cost": 1.27, "Plan Rows": 1, "Plan Width": 0, "Actual Startup Time": 204.939, "Actual Total Time": 204.939, "Actual Rows": 48328, "Actual Loops": 48328, "Index Cond": "(id = mc.movie_id)"}]}]}, {"Node Type": "Bitmap Heap Scan", "Parent Relationship": "Inner", "Relation Name": "cast_info", "Alias": "ci", "Startup Cost": 0.52, "Total Cost": 4.61, "Plan Rows": 1, "Plan Width": 12, "Actual Startup Time": 3673.445, "Actual Total Time": 3829.398, "Actual Rows": 19600, "Actual Loops": 48328, "Recheck Cond": "(movie_id = t.id)", "Rows Removed by Index Recheck": 0, "Filter": "((note)::text = '(voice: English version)'::text)", "Rows Removed by Filter": 1531710, "Exact Heap Blocks": 1503105, "Lossy Heap Blocks": 1503105, "Plans": [{"Node Type": "Bitmap Index Scan", "Parent Relationship": "Outer", "Index Name": "movie_id_cast_info", "Startup Cost": 0.0, "Total Cost": 0.52, "Plan Rows": 6, "Plan Width": 0, "Actual Startup Time": 524.259, "Actual Total Time": 524.259, "Actual Rows": 1551310, "Actual Loops": 48328, "Index Cond": "(movie_id = t.id)"}]}]}]}, {"Node Type": "Bitmap Heap Scan", "Parent Relationship": "Inner", "Relation Name": "aka_name", "Alias": "an1", "Startup Cost": 0.38, "Total Cost": 4.39, "Plan Rows": 1, "Plan Width": 20, "Actual Startup Time": 47.85, "Actual Total Time": 53.342, "Actual Rows": 17379, "Actual Loops": 7438, "Recheck Cond": "(person_id = ci.person_id)", "Rows Removed by Index Recheck": 0, "Exact Heap Blocks": 6514, "Lossy Heap Blocks": 6514, "Plans": [{"Node Type": "Bitmap Index Scan", "Parent Relationship": "Outer", "Index Name": "person_id_aka_name", "Startup Cost": 0.0, "Total Cost": 0.38, "Plan Rows": 1, "Plan Width": 0, "Actual Startup Time": 31.515, "Actual Total Time": 31.515, "Actual Rows": 17379, "Actual Loops": 7438, "Index Cond": "(person_id = ci.person_id)"}]}]}, {"Node Type": "Bitmap Heap Scan", "Parent Relationship": "Inner", "Relation Name": "name", "Alias": "n1", "Startup Cost": 0.33, "Total Cost": 4.34, "Plan Rows": 1, "Plan Width": 4, "Actual Startup Time": 82.922, "Actual Total Time": 82.922, "Actual Rows": 62, "Actual Loops": 17379, "Recheck Cond": "(id = an1.person_id)", "Rows Removed by Index Recheck": 0, "Filter": "(((name)::text ~~ '%Yo%'::text) AND ((name)::text !~~ '%Yu%'::text))", "Rows Removed by Filter": 17317, "Exact Heap Blocks": 17379, "Lossy Heap Blocks": 17379, "Plans": [{"Node Type": "Bitmap Index Scan", "Parent Relationship": "Outer", "Index Name": "name_pkey", "Startup Cost": 0.0, "Total Cost": 0.33, "Plan Rows": 1, "Plan Width": 0, "Actual Startup Time": 48.016, "Actual Total Time": 48.016, "Actual Rows": 17379, "Actual Loops": 17379, "Index Cond": "(id = an1.person_id)"}]}]}]}, "Triggers": [], "Planner Runtime": 32, "Total Runtime": 5591.157, "Unique SQL Id": 3544391839}}, "(64, 19)": {"explain_plan": {"Plan": {"Node Type": "Aggregate", "Strategy": "Plain", "Startup Cost": 168806.18, "Total Cost": 168806.19, "Plan Rows": 1, "Plan Width": 97, "Plans": [{"Node Type": "Nested Loop", "Parent Relationship": "Outer", "Join Type": "Inner", "Startup Cost": 2794.98, "Total Cost": 168802.95, "Plan Rows": 646, "Plan Width": 33, "Inner Unique": true, "Plans": [{"Node Type": "Nested Loop", "Parent Relationship": "Outer", "Join Type": "Inner", "Startup Cost": 2794.66, "Total Cost": 165994.37, "Plan Rows": 645, "Plan Width": 41, "Inner Unique": false, "Plans": [{"Node Type": "Nested Loop", "Parent Relationship": "Outer", "Join Type": "Inner", "Startup Cost": 2794.28, "Total Cost": 163651.8, "Plan Rows": 532, "Plan Width": 21, "Inner Unique": false, "Join Filter": "(ci.role_id = rt.id)", "Plans": [{"Node Type": "Bitmap Heap Scan", "Parent Relationship": "Outer", "Relation Name": "role_type", "Alias": "rt", "Startup Cost": 8.31, "Total Cost": 12.46, "Plan Rows": 1, "Plan Width": 4, "Filter": "((role)::text = 'actress'::text)", "Plans": [{"Node Type": "Bitmap Index Scan", "Parent Relationship": "Outer", "Index Name": "role_type_pkey", "Startup Cost": 0.0, "Total Cost": 8.31, "Plan Rows": 12, "Plan Width": 0}]}, {"Node Type": "Nested Loop", "Parent Relationship": "Inner", "Join Type": "Inner", "Startup Cost": 2785.97, "Total Cost": 163566.25, "Plan Rows": 5847, "Plan Width": 25, "Inner Unique": false, "Plans": [{"Node Type": "Nested Loop", "Parent Relationship": "Outer", "Join Type": "Inner", "Startup Cost": 2785.45, "Total Cost": 136908.44, "Plan Rows": 5775, "Plan Width": 25, "Inner Unique": true, "Plans": [{"Node Type": "Nested Loop", "Parent Relationship": "Outer", "Join Type": "Inner", "Startup Cost": 2784.18, "Total Cost": 106322.09, "Plan Rows": 5775, "Plan Width": 4, "Inner Unique": false, "Plans": [{"Node Type": "Bitmap Heap Scan", "Parent Relationship": "Outer", "Relation Name": "company_name", "Alias": "cn", "Startup Cost": 2780.8, "Total Cost": 8684.25, "Plan Rows": 6290, "Plan Width": 4, "Filter": "((country_code)::text = '[jp]'::text)", "Plans": [{"Node Type": "Bitmap Index Scan", "Parent Relationship": "Outer", "Index Name": "company_name_pkey", "Startup Cost": 0.0, "Total Cost": 2779.23, "Plan Rows": 234996, "Plan Width": 0}]}, {"Node Type": "Bitmap Heap Scan", "Parent Relationship": "Inner", "Relation Name": "movie_companies", "Alias": "mc", "Startup Cost": 3.37, "Total Cost": 15.51, "Plan Rows": 1, "Plan Width": 8, "Recheck Cond": "(company_id = cn.id)", "Filter": "(((note)::text ~~ '%(Japan)%'::text) AND ((note)::text !~~ '%(USA)%'::text))", "Plans": [{"Node Type": "Bitmap Index Scan", "Parent Relationship": "Outer", "Index Name": "company_id_movie_companies", "Startup Cost": 0.0, "Total Cost": 3.37, "Plan Rows": 15, "Plan Width": 0, "Index Cond": "(company_id = cn.id)"}]}]}, {"Node Type": "Bitmap Heap Scan", "Parent Relationship": "Inner", "Relation Name": "title", "Alias": "t", "Startup Cost": 1.27, "Total Cost": 5.29, "Plan Rows": 1, "Plan Width": 21, "Recheck Cond": "(id = mc.movie_id)", "Plans": [{"Node Type": "Bitmap Index Scan", "Parent Relationship": "Outer", "Index Name": "title_pkey", "Startup Cost": 0.0, "Total Cost": 1.27, "Plan Rows": 1, "Plan Width": 0, "Index Cond": "(id = mc.movie_id)"}]}]}, {"Node Type": "Bitmap Heap Scan", "Parent Relationship": "Inner", "Relation Name": "cast_info", "Alias": "ci", "Startup Cost": 0.52, "Total Cost": 4.61, "Plan Rows": 1, "Plan Width": 12, "Recheck Cond": "(movie_id = t.id)", "Filter": "((note)::text = '(voice: English version)'::text)", "Plans": [{"Node Type": "Bitmap Index Scan", "Parent Relationship": "Outer", "Index Name": "movie_id_cast_info", "Startup Cost": 0.0, "Total Cost": 0.52, "Plan Rows": 6, "Plan Width": 0, "Index Cond": "(movie_id = t.id)"}]}]}]}, {"Node Type": "Bitmap Heap Scan", "Parent Relationship": "Inner", "Relation Name": "aka_name", "Alias": "an1", "Startup Cost": 0.38, "Total Cost": 4.39, "Plan Rows": 1, "Plan Width": 20, "Recheck Cond": "(person_id = ci.person_id)", "Plans": [{"Node Type": "Bitmap Index Scan", "Parent Relationship": "Outer", "Index Name": "person_id_aka_name", "Startup Cost": 0.0, "Total Cost": 0.38, "Plan Rows": 1, "Plan Width": 0, "Index Cond": "(person_id = ci.person_id)"}]}]}, {"Node Type": "Bitmap Heap Scan", "Parent Relationship": "Inner", "Relation Name": "name", "Alias": "n1", "Startup Cost": 0.33, "Total Cost": 4.34, "Plan Rows": 1, "Plan Width": 4, "Recheck Cond": "(id = an1.person_id)", "Filter": "(((name)::text ~~ '%Yo%'::text) AND ((name)::text !~~ '%Yu%'::text))", "Plans": [{"Node Type": "Bitmap Index Scan", "Parent Relationship": "Outer", "Index Name": "name_pkey", "Startup Cost": 0.0, "Total Cost": 0.33, "Plan Rows": 1, "Plan Width": 0, "Index Cond": "(id = an1.person_id)"}]}]}]}, "Unique SQL Id": 3544391839, "Planner Runtime": 26}, "explain_analyze_plan": {"Plan": {"Node Type": "Aggregate", "Strategy": "Plain", "Startup Cost": 168806.18, "Total Cost": 168806.19, "Plan Rows": 1, "Plan Width": 97, "Actual Startup Time": 4946.591, "Actual Total Time": 4946.592, "Actual Rows": 1, "Actual Loops": 1, "Plans": [{"Node Type": "Nested Loop", "Parent Relationship": "Outer", "Join Type": "Inner", "Startup Cost": 2794.98, "Total Cost": 168802.95, "Plan Rows": 646, "Plan Width": 33, "Actual Startup Time": 386.684, "Actual Total Time": 4946.119, "Actual Rows": 62, "Actual Loops": 1, "Inner Unique": true, "Plans": [{"Node Type": "Nested Loop", "Parent Relationship": "Outer", "Join Type": "Inner", "Startup Cost": 2794.66, "Total Cost": 165994.37, "Plan Rows": 645, "Plan Width": 41, "Actual Startup Time": 22.416, "Actual Total Time": 4842.081, "Actual Rows": 17379, "Actual Loops": 1, "Inner Unique": false, "Plans": [{"Node Type": "Nested Loop", "Parent Relationship": "Outer", "Join Type": "Inner", "Startup Cost": 2794.28, "Total Cost": 163651.8, "Plan Rows": 532, "Plan Width": 21, "Actual Startup Time": 22.38, "Actual Total Time": 4774.879, "Actual Rows": 7438, "Actual Loops": 1, "Inner Unique": false, "Join Filter": "(ci.role_id = rt.id)", "Rows Removed by Join Filter": 12162, "Plans": [{"Node Type": "Bitmap Heap Scan", "Parent Relationship": "Outer", "Relation Name": "role_type", "Alias": "rt", "Startup Cost": 8.31, "Total Cost": 12.46, "Plan Rows": 1, "Plan Width": 4, "Actual Startup Time": 0.04, "Actual Total Time": 0.044, "Actual Rows": 1, "Actual Loops": 1, "Filter": "((role)::text = 'actress'::text)", "Rows Removed by Filter": 11, "Exact Heap Blocks": 1, "Lossy Heap Blocks": 1, "Plans": [{"Node Type": "Bitmap Index Scan", "Parent Relationship": "Outer", "Index Name": "role_type_pkey", "Startup Cost": 0.0, "Total Cost": 8.31, "Plan Rows": 12, "Plan Width": 0, "Actual Startup Time": 0.012, "Actual Total Time": 0.012, "Actual Rows": 12, "Actual Loops": 1}]}, {"Node Type": "Nested Loop", "Parent Relationship": "Inner", "Join Type": "Inner", "Startup Cost": 2785.97, "Total Cost": 163566.25, "Plan Rows": 5847, "Plan Width": 25, "Actual Startup Time": 22.331, "Actual Total Time": 4769.28, "Actual Rows": 19600, "Actual Loops": 1, "Inner Unique": false, "Plans": [{"Node Type": "Nested Loop", "Parent Relationship": "Outer", "Join Type": "Inner", "Startup Cost": 2785.45, "Total Cost": 136908.44, "Plan Rows": 5775, "Plan Width": 25, "Actual Startup Time": 22.224, "Actual Total Time": 850.065, "Actual Rows": 48328, "Actual Loops": 1, "Inner Unique": true, "Plans": [{"Node Type": "Nested Loop", "Parent Relationship": "Outer", "Join Type": "Inner", "Startup Cost": 2784.18, "Total Cost": 106322.09, "Plan Rows": 5775, "Plan Width": 4, "Actual Startup Time": 22.202, "Actual Total Time": 419.175, "Actual Rows": 48328, "Actual Loops": 1, "Inner Unique": false, "Plans": [{"Node Type": "Bitmap Heap Scan", "Parent Relationship": "Outer", "Relation Name": "company_name", "Alias": "cn", "Startup Cost": 2780.8, "Total Cost": 8684.25, "Plan Rows": 6290, "Plan Width": 4, "Actual Startup Time": 22.131, "Actual Total Time": 128.566, "Actual Rows": 6752, "Actual Loops": 1, "Filter": "((country_code)::text = '[jp]'::text)", "Rows Removed by Filter": 228244, "Exact Heap Blocks": 2966, "Lossy Heap Blocks": 2966, "Plans": [{"Node Type": "Bitmap Index Scan", "Parent Relationship": "Outer", "Index Name": "company_name_pkey", "Startup Cost": 0.0, "Total Cost": 2779.23, "Plan Rows": 234996, "Plan Width": 0, "Actual Startup Time": 21.667, "Actual Total Time": 21.667, "Actual Rows": 234996, "Actual Loops": 1}]}, {"Node Type": "Bitmap Heap Scan", "Parent Relationship": "Inner", "Relation Name": "movie_companies", "Alias": "mc", "Startup Cost": 3.37, "Total Cost": 15.51, "Plan Rows": 1, "Plan Width": 8, "Actual Startup Time": 94.172, "Actual Total Time": 267.902, "Actual Rows": 48328, "Actual Loops": 6752, "Recheck Cond": "(company_id = cn.id)", "Rows Removed by Index Recheck": 0, "Filter": "(((note)::text ~~ '%(Japan)%'::text) AND ((note)::text !~~ '%(USA)%'::text))", "Rows Removed by Filter": 56667, "Exact Heap Blocks": 61861, "Lossy Heap Blocks": 61861, "Plans": [{"Node Type": "Bitmap Index Scan", "Parent Relationship": "Outer", "Index Name": "company_id_movie_companies", "Startup Cost": 0.0, "Total Cost": 3.37, "Plan Rows": 15, "Plan Width": 0, "Actual Startup Time": 49.033, "Actual Total Time": 49.033, "Actual Rows": 104995, "Actual Loops": 6752, "Index Cond": "(company_id = cn.id)"}]}]}, {"Node Type": "Bitmap Heap Scan", "Parent Relationship": "Inner", "Relation Name": "title", "Alias": "t", "Startup Cost": 1.27, "Total Cost": 5.29, "Plan Rows": 1, "Plan Width": 21, "Actual Startup Time": 353.174, "Actual Total Time": 353.174, "Actual Rows": 48328, "Actual Loops": 48328, "Recheck Cond": "(id = mc.movie_id)", "Rows Removed by Index Recheck": 0, "Exact Heap Blocks": 48328, "Lossy Heap Blocks": 48328, "Plans": [{"Node Type": "Bitmap Index Scan", "Parent Relationship": "Outer", "Index Name": "title_pkey", "Startup Cost": 0.0, "Total Cost": 1.27, "Plan Rows": 1, "Plan Width": 0, "Actual Startup Time": 201.304, "Actual Total Time": 201.304, "Actual Rows": 48328, "Actual Loops": 48328, "Index Cond": "(id = mc.movie_id)"}]}]}, {"Node Type": "Bitmap Heap Scan", "Parent Relationship": "Inner", "Relation Name": "cast_info", "Alias": "ci", "Startup Cost": 0.52, "Total Cost": 4.61, "Plan Rows": 1, "Plan Width": 12, "Actual Startup Time": 3689.321, "Actual Total Time": 3845.559, "Actual Rows": 19600, "Actual Loops": 48328, "Recheck Cond": "(movie_id = t.id)", "Rows Removed by Index Recheck": 0, "Filter": "((note)::text = '(voice: English version)'::text)", "Rows Removed by Filter": 1531710, "Exact Heap Blocks": 1503105, "Lossy Heap Blocks": 1503105, "Plans": [{"Node Type": "Bitmap Index Scan", "Parent Relationship": "Outer", "Index Name": "movie_id_cast_info", "Startup Cost": 0.0, "Total Cost": 0.52, "Plan Rows": 6, "Plan Width": 0, "Actual Startup Time": 532.133, "Actual Total Time": 532.133, "Actual Rows": 1551310, "Actual Loops": 48328, "Index Cond": "(movie_id = t.id)"}]}]}]}, {"Node Type": "Bitmap Heap Scan", "Parent Relationship": "Inner", "Relation Name": "aka_name", "Alias": "an1", "Startup Cost": 0.38, "Total Cost": 4.39, "Plan Rows": 1, "Plan Width": 20, "Actual Startup Time": 47.447, "Actual Total Time": 52.813, "Actual Rows": 17379, "Actual Loops": 7438, "Recheck Cond": "(person_id = ci.person_id)", "Rows Removed by Index Recheck": 0, "Exact Heap Blocks": 6514, "Lossy Heap Blocks": 6514, "Plans": [{"Node Type": "Bitmap Index Scan", "Parent Relationship": "Outer", "Index Name": "person_id_aka_name", "Startup Cost": 0.0, "Total Cost": 0.38, "Plan Rows": 1, "Plan Width": 0, "Actual Startup Time": 31.364, "Actual Total Time": 31.364, "Actual Rows": 17379, "Actual Loops": 7438, "Index Cond": "(person_id = ci.person_id)"}]}]}, {"Node Type": "Bitmap Heap Scan", "Parent Relationship": "Inner", "Relation Name": "name", "Alias": "n1", "Startup Cost": 0.33, "Total Cost": 4.34, "Plan Rows": 1, "Plan Width": 4, "Actual Startup Time": 83.196, "Actual Total Time": 83.196, "Actual Rows": 62, "Actual Loops": 17379, "Recheck Cond": "(id = an1.person_id)", "Rows Removed by Index Recheck": 0, "Filter": "(((name)::text ~~ '%Yo%'::text) AND ((name)::text !~~ '%Yu%'::text))", "Rows Removed by Filter": 17317, "Exact Heap Blocks": 17379, "Lossy Heap Blocks": 17379, "Plans": [{"Node Type": "Bitmap Index Scan", "Parent Relationship": "Outer", "Index Name": "name_pkey", "Startup Cost": 0.0, "Total Cost": 0.33, "Plan Rows": 1, "Plan Width": 0, "Actual Startup Time": 48.696, "Actual Total Time": 48.696, "Actual Rows": 17379, "Actual Loops": 17379, "Index Cond": "(id = an1.person_id)"}]}]}]}, "Triggers": [], "Planner Runtime": 25, "Total Runtime": 4947.027, "Unique SQL Id": 3544391839}}, "(64, 20)": {"explain_plan": {"Plan": {"Node Type": "Aggregate", "Strategy": "Plain", "Startup Cost": 92158.79, "Total Cost": 92158.8, "Plan Rows": 1, "Plan Width": 97, "Plans": [{"Node Type": "Nested Loop", "Parent Relationship": "Outer", "Join Type": "Inner", "Startup Cost": 0.0, "Total Cost": 92158.31, "Plan Rows": 96, "Plan Width": 33, "Inner Unique": true, "Plans": [{"Node Type": "Nested Loop", "Parent Relationship": "Outer", "Join Type": "Inner", "Startup Cost": 0.0, "Total Cost": 91956.53, "Plan Rows": 96, "Plan Width": 24, "Inner Unique": true, "Plans": [{"Node Type": "Nested Loop", "Parent Relationship": "Outer", "Join Type": "Inner", "Startup Cost": 0.0, "Total Cost": 91580.99, "Plan Rows": 645, "Plan Width": 32, "Inner Unique": false, "Plans": [{"Node Type": "Nested Loop", "Parent Relationship": "Outer", "Join Type": "Inner", "Startup Cost": 0.0, "Total Cost": 91126.78, "Plan Rows": 532, "Plan Width": 12, "Inner Unique": true, "Plans": [{"Node Type": "Nested Loop", "Parent Relationship": "Outer", "Join Type": "Inner", "Startup Cost": 0.0, "Total Cost": 88949.62, "Plan Rows": 3338, "Plan Width": 16, "Inner Unique": false, "Plans": [{"Node Type": "Nested Loop", "Parent Relationship": "Outer", "Join Type": "Inner", "Startup Cost": 0.0, "Total Cost": 77025.27, "Plan Rows": 8790, "Plan Width": 8, "Inner Unique": false, "Join Filter": "(ci.role_id = rt.id)", "Plans": [{"Node Type": "Seq Scan", "Parent Relationship": "Outer", "Relation Name": "role_type", "Alias": "rt", "Startup Cost": 0.0, "Total Cost": 1.15, "Plan Rows": 1, "Plan Width": 4, "Filter": "((role)::text = 'actress'::text)"}, {"Node Type": "Materialize", "Parent Relationship": "Inner", "Startup Cost": 0.0, "Total Cost": 76057.2, "Plan Rows": 96692, "Plan Width": 12, "Plans": [{"Node Type": "Streaming(type: LOCAL GATHER dop: 1/64)", "Parent Relationship": "Outer", "Startup Cost": 0.0, "Total Cost": 75815.47, "Plan Rows": 96692, "Plan Width": 12, "Plans": [{"Node Type": "Seq Scan", "Parent Relationship": "Outer", "Relation Name": "cast_info", "Alias": "ci", "Startup Cost": 0.0, "Total Cost": 73820.73, "Plan Rows": 96692, "Plan Width": 12, "Filter": "((note)::text = '(voice: English version)'::text)"}]}]}]}, {"Node Type": "Index Scan", "Parent Relationship": "Inner", "Scan Direction": "Forward", "Index Name": "movie_id_movie_companies", "Relation Name": "movie_companies", "Alias": "mc", "Startup Cost": 0.0, "Total Cost": 1.35, "Plan Rows": 1, "Plan Width": 8, "Index Cond": "(movie_id = ci.movie_id)", "Filter": "(((note)::text ~~ '%(Japan)%'::text) AND ((note)::text !~~ '%(USA)%'::text))"}]}, {"Node Type": "Index Scan", "Parent Relationship": "Inner", "Scan Direction": "Forward", "Index Name": "company_name_pkey", "Relation Name": "company_name", "Alias": "cn", "Startup Cost": 0.0, "Total Cost": 0.64, "Plan Rows": 1, "Plan Width": 4, "Index Cond": "(id = mc.company_id)", "Filter": "((country_code)::text = '[jp]'::text)"}]}, {"Node Type": "Index Scan", "Parent Relationship": "Inner", "Scan Direction": "Forward", "Index Name": "person_id_aka_name", "Relation Name": "aka_name", "Alias": "an1", "Startup Cost": 0.0, "Total Cost": 0.84, "Plan Rows": 1, "Plan Width": 20, "Index Cond": "(person_id = ci.person_id)"}]}, {"Node Type": "Index Scan", "Parent Relationship": "Inner", "Scan Direction": "Forward", "Index Name": "name_pkey", "Relation Name": "name", "Alias": "n1", "Startup Cost": 0.0, "Total Cost": 0.57, "Plan Rows": 1, "Plan Width": 4, "Index Cond": "(id = an1.person_id)", "Filter": "(((name)::text ~~ '%Yo%'::text) AND ((name)::text !~~ '%Yu%'::text))"}]}, {"Node Type": "Index Scan", "Parent Relationship": "Inner", "Scan Direction": "Forward", "Index Name": "title_pkey", "Relation Name": "title", "Alias": "t", "Startup Cost": 0.0, "Total Cost": 2.09, "Plan Rows": 1, "Plan Width": 21, "Index Cond": "(id = ci.movie_id)"}]}]}, "Unique SQL Id": 3544391839, "Planner Runtime": 26}, "explain_analyze_plan": {"Plan": {"Node Type": "Aggregate", "Strategy": "Plain", "Startup Cost": 92158.79, "Total Cost": 92158.8, "Plan Rows": 1, "Plan Width": 97, "Actual Min Startup Time": 726.572, "Actual Max Startup Time": 726.572, "Actual Min Total Time": 726.572, "Actual Max Total Time": 726.572, "Plans": [{"Node Type": "Nested Loop", "Parent Relationship": "Outer", "Join Type": "Inner", "Startup Cost": 0.0, "Total Cost": 92158.31, "Plan Rows": 96, "Plan Width": 33, "Actual Min Startup Time": 605.305, "Actual Max Startup Time": 605.305, "Actual Min Total Time": 726.472, "Actual Max Total Time": 726.472, "Inner Unique": true, "Plans": [{"Node Type": "Nested Loop", "Parent Relationship": "Outer", "Join Type": "Inner", "Startup Cost": 0.0, "Total Cost": 91956.53, "Plan Rows": 96, "Plan Width": 24, "Actual Min Startup Time": 605.284, "Actual Max Startup Time": 605.284, "Actual Min Total Time": 726.064, "Actual Max Total Time": 726.064, "Inner Unique": true, "Plans": [{"Node Type": "Nested Loop", "Parent Relationship": "Outer", "Join Type": "Inner", "Startup Cost": 0.0, "Total Cost": 91580.99, "Plan Rows": 645, "Plan Width": 32, "Actual Min Startup Time": 369.56, "Actual Max Startup Time": 369.56, "Actual Min Total Time": 659.518, "Actual Max Total Time": 659.518, "Inner Unique": false, "Plans": [{"Node Type": "Nested Loop", "Parent Relationship": "Outer", "Join Type": "Inner", "Startup Cost": 0.0, "Total Cost": 91126.78, "Plan Rows": 532, "Plan Width": 12, "Actual Min Startup Time": 369.541, "Actual Max Startup Time": 369.541, "Actual Min Total Time": 621.181, "Actual Max Total Time": 621.181, "Inner Unique": true, "Plans": [{"Node Type": "Nested Loop", "Parent Relationship": "Outer", "Join Type": "Inner", "Startup Cost": 0.0, "Total Cost": 88949.62, "Plan Rows": 3338, "Plan Width": 16, "Actual Min Startup Time": 369.521, "Actual Max Startup Time": 369.521, "Actual Min Total Time": 587.224, "Actual Max Total Time": 587.224, "Inner Unique": false, "Plans": [{"Node Type": "Nested Loop", "Parent Relationship": "Outer", "Join Type": "Inner", "Startup Cost": 0.0, "Total Cost": 77025.27, "Plan Rows": 8790, "Plan Width": 8, "Actual Min Startup Time": 369.224, "Actual Max Startup Time": 369.224, "Actual Min Total Time": 407.254, "Actual Max Total Time": 407.254, "Inner Unique": false, "Join Filter": "(ci.role_id = rt.id)", "Rows Removed by Join Filter": 58247, "Plans": [{"Node Type": "Seq Scan", "Parent Relationship": "Outer", "Relation Name": "role_type", "Alias": "rt", "Startup Cost": 0.0, "Total Cost": 1.15, "Plan Rows": 1, "Plan Width": 4, "Actual Min Startup Time": 0.05, "Actual Max Startup Time": 0.05, "Actual Min Total Time": 0.059, "Actual Max Total Time": 0.059, "Filter": "((role)::text = 'actress'::text)", "Rows Removed by Filter": 11, "Actual Rows": 1}, {"Node Type": "Materialize", "Parent Relationship": "Inner", "Startup Cost": 0.0, "Total Cost": 76057.2, "Plan Rows": 96692, "Plan Width": 12, "Actual Min Startup Time": 367.126, "Actual Max Startup Time": 367.126, "Actual Min Total Time": 379.092, "Actual Max Total Time": 379.092, "Plans": [{"Node Type": "Streaming(type: LOCAL GATHER dop: 1/64)", "Parent Relationship": "Outer", "Startup Cost": 0.0, "Total Cost": 75815.47, "Plan Rows": 96692, "Plan Width": 12, "Actual Min Startup Time": 107.483, "Actual Max Startup Time": 107.483, "Actual Min Total Time": 352.138, "Actual Max Total Time": 352.138, "Plans": [{"Node Type": "Seq Scan", "Parent Relationship": "Outer", "Relation Name": "cast_info", "Alias": "ci", "Startup Cost": 0.0, "Total Cost": 73820.73, "Plan Rows": 96692, "Plan Width": 12, "Actual Min Startup Time": 0.037, "Actual Max Startup Time": 2.864, "Actual Min Total Time": 153.53, "Actual Max Total Time": 173.668, "Filter": "((note)::text = '(voice: English version)'::text)", "Rows Removed by Filter": 36151248, "Actual Rows": 93095}], "Actual Rows": 93095}], "Actual Rows": 93096}], "Actual Rows": 34848}, {"Node Type": "Index Scan", "Parent Relationship": "Inner", "Scan Direction": "Forward", "Index Name": "movie_id_movie_companies", "Relation Name": "movie_companies", "Alias": "mc", "Startup Cost": 0.0, "Total Cost": 1.35, "Plan Rows": 1, "Plan Width": 8, "Actual Min Startup Time": 142.106, "Actual Max Startup Time": 142.106, "Actual Min Total Time": 161.064, "Actual Max Total Time": 161.064, "Index Cond": "(movie_id = ci.movie_id)", "Rows Removed by Index Recheck": 0, "Filter": "(((note)::text ~~ '%(Japan)%'::text) AND ((note)::text !~~ '%(USA)%'::text))", "Rows Removed by Filter": 53432, "Actual Rows": 7532}], "Actual Rows": 7532}, {"Node Type": "Index Scan", "Parent Relationship": "Inner", "Scan Direction": "Forward", "Index Name": "company_name_pkey", "Relation Name": "company_name", "Alias": "cn", "Startup Cost": 0.0, "Total Cost": 0.64, "Plan Rows": 1, "Plan Width": 4, "Actual Min Startup Time": 27.213, "Actual Max Startup Time": 27.213, "Actual Min Total Time": 27.213, "Actual Max Total Time": 27.213, "Index Cond": "(id = mc.company_id)", "Rows Removed by Index Recheck": 0, "Filter": "((country_code)::text = '[jp]'::text)", "Rows Removed by Filter": 94, "Actual Rows": 7438}], "Actual Rows": 7438}, {"Node Type": "Index Scan", "Parent Relationship": "Inner", "Scan Direction": "Forward", "Index Name": "person_id_aka_name", "Relation Name": "aka_name", "Alias": "an1", "Startup Cost": 0.0, "Total Cost": 0.84, "Plan Rows": 1, "Plan Width": 20, "Actual Min Startup Time": 23.211, "Actual Max Startup Time": 23.211, "Actual Min Total Time": 30.222, "Actual Max Total Time": 30.222, "Index Cond": "(person_id = ci.person_id)", "Rows Removed by Index Recheck": 0, "Actual Rows": 17379}], "Actual Rows": 17379}, {"Node Type": "Index Scan", "Parent Relationship": "Inner", "Scan Direction": "Forward", "Index Name": "name_pkey", "Relation Name": "name", "Alias": "n1", "Startup Cost": 0.0, "Total Cost": 0.57, "Plan Rows": 1, "Plan Width": 4, "Actual Min Startup Time": 58.165, "Actual Max Startup Time": 58.165, "Actual Min Total Time": 58.165, "Actual Max Total Time": 58.165, "Index Cond": "(id = an1.person_id)", "Rows Removed by Index Recheck": 0, "Filter": "(((name)::text ~~ '%Yo%'::text) AND ((name)::text !~~ '%Yu%'::text))", "Rows Removed by Filter": 17317, "Actual Rows": 62}], "Actual Rows": 62}, {"Node Type": "Index Scan", "Parent Relationship": "Inner", "Scan Direction": "Forward", "Index Name": "title_pkey", "Relation Name": "title", "Alias": "t", "Startup Cost": 0.0, "Total Cost": 2.09, "Plan Rows": 1, "Plan Width": 21, "Actual Min Startup Time": 0.343, "Actual Max Startup Time": 0.343, "Actual Min Total Time": 0.343, "Actual Max Total Time": 0.343, "Index Cond": "(id = ci.movie_id)", "Rows Removed by Index Recheck": 0, "Actual Rows": 62}], "Actual Rows": 62}], "Actual Rows": 1}, "Triggers": [], "Planner Runtime": 27, "Total Runtime": 739.633, "Unique SQL Id": 3544391839}}, "(64, 21)": {"explain_plan": {"Plan": {"Node Type": "Aggregate", "Strategy": "Plain", "Startup Cost": 109008.11, "Total Cost": 109008.12, "Plan Rows": 1, "Plan Width": 97, "Plans": [{"Node Type": "Nested Loop", "Parent Relationship": "Outer", "Join Type": "Inner", "Startup Cost": 2780.8, "Total Cost": 109007.63, "Plan Rows": 96, "Plan Width": 33, "Inner Unique": true, "Plans": [{"Node Type": "Nested Loop", "Parent Relationship": "Outer", "Join Type": "Inner", "Startup Cost": 2780.8, "Total Cost": 108632.09, "Plan Rows": 645, "Plan Width": 41, "Inner Unique": false, "Plans": [{"Node Type": "Nested Loop", "Parent Relationship": "Outer", "Join Type": "Inner", "Startup Cost": 2780.8, "Total Cost": 108177.88, "Plan Rows": 532, "Plan Width": 21, "Inner Unique": false, "Join Filter": "(ci.role_id = rt.id)", "Plans": [{"Node Type": "Index Scan", "Parent Relationship": "Outer", "Scan Direction": "Forward", "Index Name": "role_type_pkey", "Relation Name": "role_type", "Alias": "rt", "Startup Cost": 0.0, "Total Cost": 12.46, "Plan Rows": 1, "Plan Width": 4, "Filter": "((role)::text = 'actress'::text)"}, {"Node Type": "Nested Loop", "Parent Relationship": "Inner", "Join Type": "Inner", "Startup Cost": 2780.8, "Total Cost": 108092.33, "Plan Rows": 5847, "Plan Width": 25, "Inner Unique": false, "Plans": [{"Node Type": "Nested Loop", "Parent Relationship": "Outer", "Join Type": "Inner", "Startup Cost": 2780.8, "Total Cost": 102349.74, "Plan Rows": 5775, "Plan Width": 25, "Inner Unique": true, "Plans": [{"Node Type": "Nested Loop", "Parent Relationship": "Outer", "Join Type": "Inner", "Startup Cost": 2780.8, "Total Cost": 79702.64, "Plan Rows": 5775, "Plan Width": 4, "Inner Unique": false, "Plans": [{"Node Type": "Bitmap Heap Scan", "Parent Relationship": "Outer", "Relation Name": "company_name", "Alias": "cn", "Startup Cost": 2780.8, "Total Cost": 8684.25, "Plan Rows": 6290, "Plan Width": 4, "Filter": "((country_code)::text = '[jp]'::text)", "Plans": [{"Node Type": "Bitmap Index Scan", "Parent Relationship": "Outer", "Index Name": "company_name_pkey", "Startup Cost": 0.0, "Total Cost": 2779.23, "Plan Rows": 234996, "Plan Width": 0}]}, {"Node Type": "Index Scan", "Parent Relationship": "Inner", "Scan Direction": "Forward", "Index Name": "company_id_movie_companies", "Relation Name": "movie_companies", "Alias": "mc", "Startup Cost": 0.0, "Total Cost": 11.28, "Plan Rows": 1, "Plan Width": 8, "Index Cond": "(company_id = cn.id)", "Filter": "(((note)::text ~~ '%(Japan)%'::text) AND ((note)::text !~~ '%(USA)%'::text))"}]}, {"Node Type": "Index Scan", "Parent Relationship": "Inner", "Scan Direction": "Forward", "Index Name": "title_pkey", "Relation Name": "title", "Alias": "t", "Startup Cost": 0.0, "Total Cost": 3.91, "Plan Rows": 1, "Plan Width": 21, "Index Cond": "(id = mc.movie_id)"}]}, {"Node Type": "Index Scan", "Parent Relationship": "Inner", "Scan Direction": "Forward", "Index Name": "movie_id_cast_info", "Relation Name": "cast_info", "Alias": "ci", "Startup Cost": 0.0, "Total Cost": 0.98, "Plan Rows": 1, "Plan Width": 12, "Index Cond": "(movie_id = t.id)", "Filter": "((note)::text = '(voice: English version)'::text)"}]}]}, {"Node Type": "Index Scan", "Parent Relationship": "Inner", "Scan Direction": "Forward", "Index Name": "person_id_aka_name", "Relation Name": "aka_name", "Alias": "an1", "Startup Cost": 0.0, "Total Cost": 0.84, "Plan Rows": 1, "Plan Width": 20, "Index Cond": "(person_id = ci.person_id)"}]}, {"Node Type": "Index Scan", "Parent Relationship": "Inner", "Scan Direction": "Forward", "Index Name": "name_pkey", "Relation Name": "name", "Alias": "n1", "Startup Cost": 0.0, "Total Cost": 0.57, "Plan Rows": 1, "Plan Width": 4, "Index Cond": "(id = an1.person_id)", "Filter": "(((name)::text ~~ '%Yo%'::text) AND ((name)::text !~~ '%Yu%'::text))"}]}]}, "Unique SQL Id": 3544391839, "Planner Runtime": 25}, "explain_analyze_plan": {"Plan": {"Node Type": "Aggregate", "Strategy": "Plain", "Startup Cost": 109008.11, "Total Cost": 109008.12, "Plan Rows": 1, "Plan Width": 97, "Actual Startup Time": 4003.494, "Actual Total Time": 4003.495, "Actual Rows": 1, "Actual Loops": 1, "Plans": [{"Node Type": "Nested Loop", "Parent Relationship": "Outer", "Join Type": "Inner", "Startup Cost": 2780.8, "Total Cost": 109007.63, "Plan Rows": 96, "Plan Width": 33, "Actual Startup Time": 331.901, "Actual Total Time": 4003.162, "Actual Rows": 62, "Actual Loops": 1, "Inner Unique": true, "Plans": [{"Node Type": "Nested Loop", "Parent Relationship": "Outer", "Join Type": "Inner", "Startup Cost": 2780.8, "Total Cost": 108632.09, "Plan Rows": 645, "Plan Width": 41, "Actual Startup Time": 33.644, "Actual Total Time": 3925.188, "Actual Rows": 17379, "Actual Loops": 1, "Inner Unique": false, "Plans": [{"Node Type": "Nested Loop", "Parent Relationship": "Outer", "Join Type": "Inner", "Startup Cost": 2780.8, "Total Cost": 108177.88, "Plan Rows": 532, "Plan Width": 21, "Actual Startup Time": 33.626, "Actual Total Time": 3872.733, "Actual Rows": 7438, "Actual Loops": 1, "Inner Unique": false, "Join Filter": "(ci.role_id = rt.id)", "Rows Removed by Join Filter": 12162, "Plans": [{"Node Type": "Index Scan", "Parent Relationship": "Outer", "Scan Direction": "Forward", "Index Name": "role_type_pkey", "Relation Name": "role_type", "Alias": "rt", "Startup Cost": 0.0, "Total Cost": 12.46, "Plan Rows": 1, "Plan Width": 4, "Actual Startup Time": 0.026, "Actual Total Time": 0.037, "Actual Rows": 1, "Actual Loops": 1, "Filter": "((role)::text = 'actress'::text)", "Rows Removed by Filter": 11}, {"Node Type": "Nested Loop", "Parent Relationship": "Inner", "Join Type": "Inner", "Startup Cost": 2780.8, "Total Cost": 108092.33, "Plan Rows": 5847, "Plan Width": 25, "Actual Startup Time": 33.59, "Actual Total Time": 3867.308, "Actual Rows": 19600, "Actual Loops": 1, "Inner Unique": false, "Plans": [{"Node Type": "Nested Loop", "Parent Relationship": "Outer", "Join Type": "Inner", "Startup Cost": 2780.8, "Total Cost": 102349.74, "Plan Rows": 5775, "Plan Width": 25, "Actual Startup Time": 33.508, "Actual Total Time": 772.839, "Actual Rows": 48328, "Actual Loops": 1, "Inner Unique": true, "Plans": [{"Node Type": "Nested Loop", "Parent Relationship": "Outer", "Join Type": "Inner", "Startup Cost": 2780.8, "Total Cost": 79702.64, "Plan Rows": 5775, "Plan Width": 4, "Actual Startup Time": 33.487, "Actual Total Time": 439.31, "Actual Rows": 48328, "Actual Loops": 1, "Inner Unique": false, "Plans": [{"Node Type": "Bitmap Heap Scan", "Parent Relationship": "Outer", "Relation Name": "company_name", "Alias": "cn", "Startup Cost": 2780.8, "Total Cost": 8684.25, "Plan Rows": 6290, "Plan Width": 4, "Actual Startup Time": 33.368, "Actual Total Time": 158.242, "Actual Rows": 6752, "Actual Loops": 1, "Filter": "((country_code)::text = '[jp]'::text)", "Rows Removed by Filter": 228244, "Exact Heap Blocks": 2966, "Lossy Heap Blocks": 2966, "Plans": [{"Node Type": "Bitmap Index Scan", "Parent Relationship": "Outer", "Index Name": "company_name_pkey", "Startup Cost": 0.0, "Total Cost": 2779.23, "Plan Rows": 234996, "Plan Width": 0, "Actual Startup Time": 32.868, "Actual Total Time": 32.868, "Actual Rows": 234996, "Actual Loops": 1}]}, {"Node Type": "Index Scan", "Parent Relationship": "Inner", "Scan Direction": "Forward", "Index Name": "company_id_movie_companies", "Relation Name": "movie_companies", "Alias": "mc", "Startup Cost": 0.0, "Total Cost": 11.28, "Plan Rows": 1, "Plan Width": 8, "Actual Startup Time": 97.735, "Actual Total Time": 264.712, "Actual Rows": 48328, "Actual Loops": 6752, "Index Cond": "(company_id = cn.id)", "Rows Removed by Index Recheck": 0, "Filter": "(((note)::text ~~ '%(Japan)%'::text) AND ((note)::text !~~ '%(USA)%'::text))", "Rows Removed by Filter": 56667}]}, {"Node Type": "Index Scan", "Parent Relationship": "Inner", "Scan Direction": "Forward", "Index Name": "title_pkey", "Relation Name": "title", "Alias": "t", "Startup Cost": 0.0, "Total Cost": 3.91, "Plan Rows": 1, "Plan Width": 21, "Actual Startup Time": 290.461, "Actual Total Time": 290.461, "Actual Rows": 48328, "Actual Loops": 48328, "Index Cond": "(id = mc.movie_id)", "Rows Removed by Index Recheck": 0}]}, {"Node Type": "Index Scan", "Parent Relationship": "Inner", "Scan Direction": "Forward", "Index Name": "movie_id_cast_info", "Relation Name": "cast_info", "Alias": "ci", "Startup Cost": 0.0, "Total Cost": 0.98, "Plan Rows": 1, "Plan Width": 12, "Actual Startup Time": 2927.181, "Actual Total Time": 3062.961, "Actual Rows": 19600, "Actual Loops": 48328, "Index Cond": "(movie_id = t.id)", "Rows Removed by Index Recheck": 0, "Filter": "((note)::text = '(voice: English version)'::text)", "Rows Removed by Filter": 1531710}]}]}, {"Node Type": "Index Scan", "Parent Relationship": "Inner", "Scan Direction": "Forward", "Index Name": "person_id_aka_name", "Relation Name": "aka_name", "Alias": "an1", "Startup Cost": 0.0, "Total Cost": 0.84, "Plan Rows": 1, "Plan Width": 20, "Actual Startup Time": 35.023, "Actual Total Time": 43.562, "Actual Rows": 17379, "Actual Loops": 7438, "Index Cond": "(person_id = ci.person_id)", "Rows Removed by Index Recheck": 0}]}, {"Node Type": "Index Scan", "Parent Relationship": "Inner", "Scan Direction": "Forward", "Index Name": "name_pkey", "Relation Name": "name", "Alias": "n1", "Startup Cost": 0.0, "Total Cost": 0.57, "Plan Rows": 1, "Plan Width": 4, "Actual Startup Time": 68.919, "Actual Total Time": 68.919, "Actual Rows": 62, "Actual Loops": 17379, "Index Cond": "(id = an1.person_id)", "Rows Removed by Index Recheck": 0, "Filter": "(((name)::text ~~ '%Yo%'::text) AND ((name)::text !~~ '%Yu%'::text))", "Rows Removed by Filter": 17317}]}]}, "Triggers": [], "Planner Runtime": 25, "Total Runtime": 4003.921, "Unique SQL Id": 3544391839}}, "(64, 22)": {"explain_plan": {"Plan": {"Node Type": "Aggregate", "Strategy": "Plain", "Startup Cost": 126667.1, "Total Cost": 126667.11, "Plan Rows": 1, "Plan Width": 97, "Plans": [{"Node Type": "Nested Loop", "Parent Relationship": "Outer", "Join Type": "Inner", "Startup Cost": 63930.22, "Total Cost": 126663.87, "Plan Rows": 646, "Plan Width": 33, "Inner Unique": true, "Plans": [{"Node Type": "Nested Loop", "Parent Relationship": "Outer", "Join Type": "Inner", "Startup Cost": 63929.9, "Total Cost": 123855.29, "Plan Rows": 645, "Plan Width": 41, "Inner Unique": false, "Plans": [{"Node Type": "Nested Loop", "Parent Relationship": "Outer", "Join Type": "Inner", "Startup Cost": 63929.52, "Total Cost": 121512.73, "Plan Rows": 532, "Plan Width": 21, "Inner Unique": false, "Join Filter": "(ci.role_id = rt.id)", "Plans": [{"Node Type": "Seq Scan", "Parent Relationship": "Outer", "Relation Name": "role_type", "Alias": "rt", "Startup Cost": 0.0, "Total Cost": 1.15, "Plan Rows": 1, "Plan Width": 4, "Filter": "((role)::text = 'actress'::text)"}, {"Node Type": "Nested Loop", "Parent Relationship": "Inner", "Join Type": "Inner", "Startup Cost": 63929.52, "Total Cost": 121438.49, "Plan Rows": 5847, "Plan Width": 25, "Inner Unique": false, "Plans": [{"Node Type": "Nested Loop", "Parent Relationship": "Outer", "Join Type": "Inner", "Startup Cost": 63929.0, "Total Cost": 94780.67, "Plan Rows": 5775, "Plan Width": 25, "Inner Unique": true, "Plans": [{"Node Type": "Merge Join", "Parent Relationship": "Outer", "Join Type": "Inner", "Startup Cost": 63927.73, "Total Cost": 64194.32, "Plan Rows": 5775, "Plan Width": 4, "Inner Unique": false, "Merge Cond": "(cn.id = mc.company_id)", "Plans": [{"Node Type": "Sort", "Parent Relationship": "Outer", "Startup Cost": 6300.31, "Total Cost": 6316.04, "Plan Rows": 6290, "Plan Width": 4, "Sort Key": ["cn.id"], "Plans": [{"Node Type": "Seq Scan", "Parent Relationship": "Outer", "Relation Name": "company_name", "Alias": "cn", "Startup Cost": 0.0, "Total Cost": 5903.45, "Plan Rows": 6290, "Plan Width": 4, "Filter": "((country_code)::text = '[jp]'::text)"}]}, {"Node Type": "Sort", "Parent Relationship": "Inner", "Startup Cost": 57622.68, "Total Cost": 57713.74, "Plan Rows": 36426, "Plan Width": 8, "Sort Key": ["mc.company_id"], "Plans": [{"Node Type": "Seq Scan", "Parent Relationship": "Outer", "Relation Name": "movie_companies", "Alias": "mc", "Startup Cost": 0.0, "Total Cost": 54862.92, "Plan Rows": 36426, "Plan Width": 8, "Filter": "(((note)::text ~~ '%(Japan)%'::text) AND ((note)::text !~~ '%(USA)%'::text))"}]}]}, {"Node Type": "Bitmap Heap Scan", "Parent Relationship": "Inner", "Relation Name": "title", "Alias": "t", "Startup Cost": 1.27, "Total Cost": 5.29, "Plan Rows": 1, "Plan Width": 21, "Recheck Cond": "(id = mc.movie_id)", "Plans": [{"Node Type": "Bitmap Index Scan", "Parent Relationship": "Outer", "Index Name": "title_pkey", "Startup Cost": 0.0, "Total Cost": 1.27, "Plan Rows": 1, "Plan Width": 0, "Index Cond": "(id = mc.movie_id)"}]}]}, {"Node Type": "Bitmap Heap Scan", "Parent Relationship": "Inner", "Relation Name": "cast_info", "Alias": "ci", "Startup Cost": 0.52, "Total Cost": 4.61, "Plan Rows": 1, "Plan Width": 12, "Recheck Cond": "(movie_id = t.id)", "Filter": "((note)::text = '(voice: English version)'::text)", "Plans": [{"Node Type": "Bitmap Index Scan", "Parent Relationship": "Outer", "Index Name": "movie_id_cast_info", "Startup Cost": 0.0, "Total Cost": 0.52, "Plan Rows": 6, "Plan Width": 0, "Index Cond": "(movie_id = t.id)"}]}]}]}, {"Node Type": "Bitmap Heap Scan", "Parent Relationship": "Inner", "Relation Name": "aka_name", "Alias": "an1", "Startup Cost": 0.38, "Total Cost": 4.39, "Plan Rows": 1, "Plan Width": 20, "Recheck Cond": "(person_id = ci.person_id)", "Plans": [{"Node Type": "Bitmap Index Scan", "Parent Relationship": "Outer", "Index Name": "person_id_aka_name", "Startup Cost": 0.0, "Total Cost": 0.38, "Plan Rows": 1, "Plan Width": 0, "Index Cond": "(person_id = ci.person_id)"}]}]}, {"Node Type": "Bitmap Heap Scan", "Parent Relationship": "Inner", "Relation Name": "name", "Alias": "n1", "Startup Cost": 0.33, "Total Cost": 4.34, "Plan Rows": 1, "Plan Width": 4, "Recheck Cond": "(id = an1.person_id)", "Filter": "(((name)::text ~~ '%Yo%'::text) AND ((name)::text !~~ '%Yu%'::text))", "Plans": [{"Node Type": "Bitmap Index Scan", "Parent Relationship": "Outer", "Index Name": "name_pkey", "Startup Cost": 0.0, "Total Cost": 0.33, "Plan Rows": 1, "Plan Width": 0, "Index Cond": "(id = an1.person_id)"}]}]}]}, "Unique SQL Id": 3544391839, "Planner Runtime": 32}, "explain_analyze_plan": {"Plan": {"Node Type": "Aggregate", "Strategy": "Plain", "Startup Cost": 126667.1, "Total Cost": 126667.11, "Plan Rows": 1, "Plan Width": 97, "Actual Startup Time": 5590.743, "Actual Total Time": 5590.743, "Actual Rows": 1, "Actual Loops": 1, "Plans": [{"Node Type": "Nested Loop", "Parent Relationship": "Outer", "Join Type": "Inner", "Startup Cost": 63930.22, "Total Cost": 126663.87, "Plan Rows": 646, "Plan Width": 33, "Actual Startup Time": 1053.673, "Actual Total Time": 5590.38, "Actual Rows": 62, "Actual Loops": 1, "Inner Unique": true, "Plans": [{"Node Type": "Nested Loop", "Parent Relationship": "Outer", "Join Type": "Inner", "Startup Cost": 63929.9, "Total Cost": 123855.29, "Plan Rows": 645, "Plan Width": 41, "Actual Startup Time": 1045.064, "Actual Total Time": 5486.823, "Actual Rows": 17379, "Actual Loops": 1, "Inner Unique": false, "Plans": [{"Node Type": "Nested Loop", "Parent Relationship": "Outer", "Join Type": "Inner", "Startup Cost": 63929.52, "Total Cost": 121512.73, "Plan Rows": 532, "Plan Width": 21, "Actual Startup Time": 1045.03, "Actual Total Time": 5419.205, "Actual Rows": 7438, "Actual Loops": 1, "Inner Unique": false, "Join Filter": "(ci.role_id = rt.id)", "Rows Removed by Join Filter": 12162, "Plans": [{"Node Type": "Seq Scan", "Parent Relationship": "Outer", "Relation Name": "role_type", "Alias": "rt", "Startup Cost": 0.0, "Total Cost": 1.15, "Plan Rows": 1, "Plan Width": 4, "Actual Startup Time": 0.032, "Actual Total Time": 0.043, "Actual Rows": 1, "Actual Loops": 1, "Filter": "((role)::text = 'actress'::text)", "Rows Removed by Filter": 11}, {"Node Type": "Nested Loop", "Parent Relationship": "Inner", "Join Type": "Inner", "Startup Cost": 63929.52, "Total Cost": 121438.49, "Plan Rows": 5847, "Plan Width": 25, "Actual Startup Time": 1044.952, "Actual Total Time": 5413.334, "Actual Rows": 19600, "Actual Loops": 1, "Inner Unique": false, "Plans": [{"Node Type": "Nested Loop", "Parent Relationship": "Outer", "Join Type": "Inner", "Startup Cost": 63929.0, "Total Cost": 94780.67, "Plan Rows": 5775, "Plan Width": 25, "Actual Startup Time": 1044.196, "Actual Total Time": 1510.306, "Actual Rows": 48328, "Actual Loops": 1, "Inner Unique": true, "Plans": [{"Node Type": "Merge Join", "Parent Relationship": "Outer", "Join Type": "Inner", "Startup Cost": 63927.73, "Total Cost": 64194.32, "Plan Rows": 5775, "Plan Width": 4, "Actual Startup Time": 1044.139, "Actual Total Time": 1075.318, "Actual Rows": 48328, "Actual Loops": 1, "Inner Unique": false, "Merge Cond": "(cn.id = mc.company_id)", "Plans": [{"Node Type": "Sort", "Parent Relationship": "Outer", "Startup Cost": 6300.31, "Total Cost": 6316.04, "Plan Rows": 6290, "Plan Width": 4, "Actual Startup Time": 84.391, "Actual Total Time": 84.985, "Actual Rows": 2418, "Actual Loops": 1, "Sort Key": ["cn.id"], "Sort Method": "quicksort", "Sort Space Used": 615, "Sort Space Type": "Memory", "Plans": [{"Node Type": "Seq Scan", "Parent Relationship": "Outer", "Relation Name": "company_name", "Alias": "cn", "Startup Cost": 0.0, "Total Cost": 5903.45, "Plan Rows": 6290, "Plan Width": 4, "Actual Startup Time": 0.03, "Actual Total Time": 81.925, "Actual Rows": 6752, "Actual Loops": 1, "Filter": "((country_code)::text = '[jp]'::text)", "Rows Removed by Filter": 228244}]}, {"Node Type": "Sort", "Parent Relationship": "Inner", "Startup Cost": 57622.68, "Total Cost": 57713.74, "Plan Rows": 36426, "Plan Width": 8, "Actual Startup Time": 959.732, "Actual Total Time": 971.284, "Actual Rows": 48897, "Actual Loops": 1, "Sort Key": ["mc.company_id"], "Sort Method": "quicksort", "Sort Space Used": 4593, "Sort Space Type": "Memory", "Plans": [{"Node Type": "Seq Scan", "Parent Relationship": "Outer", "Relation Name": "movie_companies", "Alias": "mc", "Startup Cost": 0.0, "Total Cost": 54862.92, "Plan Rows": 36426, "Plan Width": 8, "Actual Startup Time": 0.277, "Actual Total Time": 944.242, "Actual Rows": 48897, "Actual Loops": 1, "Filter": "(((note)::text ~~ '%(Japan)%'::text) AND ((note)::text !~~ '%(USA)%'::text))", "Rows Removed by Filter": 2560231}]}]}, {"Node Type": "Bitmap Heap Scan", "Parent Relationship": "Inner", "Relation Name": "title", "Alias": "t", "Startup Cost": 1.27, "Total Cost": 5.29, "Plan Rows": 1, "Plan Width": 21, "Actual Startup Time": 355.676, "Actual Total Time": 355.676, "Actual Rows": 48328, "Actual Loops": 48328, "Recheck Cond": "(id = mc.movie_id)", "Rows Removed by Index Recheck": 0, "Exact Heap Blocks": 48328, "Lossy Heap Blocks": 48328, "Plans": [{"Node Type": "Bitmap Index Scan", "Parent Relationship": "Outer", "Index Name": "title_pkey", "Startup Cost": 0.0, "Total Cost": 1.27, "Plan Rows": 1, "Plan Width": 0, "Actual Startup Time": 204.939, "Actual Total Time": 204.939, "Actual Rows": 48328, "Actual Loops": 48328, "Index Cond": "(id = mc.movie_id)"}]}]}, {"Node Type": "Bitmap Heap Scan", "Parent Relationship": "Inner", "Relation Name": "cast_info", "Alias": "ci", "Startup Cost": 0.52, "Total Cost": 4.61, "Plan Rows": 1, "Plan Width": 12, "Actual Startup Time": 3673.445, "Actual Total Time": 3829.398, "Actual Rows": 19600, "Actual Loops": 48328, "Recheck Cond": "(movie_id = t.id)", "Rows Removed by Index Recheck": 0, "Filter": "((note)::text = '(voice: English version)'::text)", "Rows Removed by Filter": 1531710, "Exact Heap Blocks": 1503105, "Lossy Heap Blocks": 1503105, "Plans": [{"Node Type": "Bitmap Index Scan", "Parent Relationship": "Outer", "Index Name": "movie_id_cast_info", "Startup Cost": 0.0, "Total Cost": 0.52, "Plan Rows": 6, "Plan Width": 0, "Actual Startup Time": 524.259, "Actual Total Time": 524.259, "Actual Rows": 1551310, "Actual Loops": 48328, "Index Cond": "(movie_id = t.id)"}]}]}]}, {"Node Type": "Bitmap Heap Scan", "Parent Relationship": "Inner", "Relation Name": "aka_name", "Alias": "an1", "Startup Cost": 0.38, "Total Cost": 4.39, "Plan Rows": 1, "Plan Width": 20, "Actual Startup Time": 47.85, "Actual Total Time": 53.342, "Actual Rows": 17379, "Actual Loops": 7438, "Recheck Cond": "(person_id = ci.person_id)", "Rows Removed by Index Recheck": 0, "Exact Heap Blocks": 6514, "Lossy Heap Blocks": 6514, "Plans": [{"Node Type": "Bitmap Index Scan", "Parent Relationship": "Outer", "Index Name": "person_id_aka_name", "Startup Cost": 0.0, "Total Cost": 0.38, "Plan Rows": 1, "Plan Width": 0, "Actual Startup Time": 31.515, "Actual Total Time": 31.515, "Actual Rows": 17379, "Actual Loops": 7438, "Index Cond": "(person_id = ci.person_id)"}]}]}, {"Node Type": "Bitmap Heap Scan", "Parent Relationship": "Inner", "Relation Name": "name", "Alias": "n1", "Startup Cost": 0.33, "Total Cost": 4.34, "Plan Rows": 1, "Plan Width": 4, "Actual Startup Time": 82.922, "Actual Total Time": 82.922, "Actual Rows": 62, "Actual Loops": 17379, "Recheck Cond": "(id = an1.person_id)", "Rows Removed by Index Recheck": 0, "Filter": "(((name)::text ~~ '%Yo%'::text) AND ((name)::text !~~ '%Yu%'::text))", "Rows Removed by Filter": 17317, "Exact Heap Blocks": 17379, "Lossy Heap Blocks": 17379, "Plans": [{"Node Type": "Bitmap Index Scan", "Parent Relationship": "Outer", "Index Name": "name_pkey", "Startup Cost": 0.0, "Total Cost": 0.33, "Plan Rows": 1, "Plan Width": 0, "Actual Startup Time": 48.016, "Actual Total Time": 48.016, "Actual Rows": 17379, "Actual Loops": 17379, "Index Cond": "(id = an1.person_id)"}]}]}]}, "Triggers": [], "Planner Runtime": 32, "Total Runtime": 5591.157, "Unique SQL Id": 3544391839}}, "(64, 23)": {"explain_plan": {"Plan": {"Node Type": "Aggregate", "Strategy": "Plain", "Startup Cost": 168806.18, "Total Cost": 168806.19, "Plan Rows": 1, "Plan Width": 97, "Plans": [{"Node Type": "Nested Loop", "Parent Relationship": "Outer", "Join Type": "Inner", "Startup Cost": 2794.98, "Total Cost": 168802.95, "Plan Rows": 646, "Plan Width": 33, "Inner Unique": true, "Plans": [{"Node Type": "Nested Loop", "Parent Relationship": "Outer", "Join Type": "Inner", "Startup Cost": 2794.66, "Total Cost": 165994.37, "Plan Rows": 645, "Plan Width": 41, "Inner Unique": false, "Plans": [{"Node Type": "Nested Loop", "Parent Relationship": "Outer", "Join Type": "Inner", "Startup Cost": 2794.28, "Total Cost": 163651.8, "Plan Rows": 532, "Plan Width": 21, "Inner Unique": false, "Join Filter": "(ci.role_id = rt.id)", "Plans": [{"Node Type": "Bitmap Heap Scan", "Parent Relationship": "Outer", "Relation Name": "role_type", "Alias": "rt", "Startup Cost": 8.31, "Total Cost": 12.46, "Plan Rows": 1, "Plan Width": 4, "Filter": "((role)::text = 'actress'::text)", "Plans": [{"Node Type": "Bitmap Index Scan", "Parent Relationship": "Outer", "Index Name": "role_type_pkey", "Startup Cost": 0.0, "Total Cost": 8.31, "Plan Rows": 12, "Plan Width": 0}]}, {"Node Type": "Nested Loop", "Parent Relationship": "Inner", "Join Type": "Inner", "Startup Cost": 2785.97, "Total Cost": 163566.25, "Plan Rows": 5847, "Plan Width": 25, "Inner Unique": false, "Plans": [{"Node Type": "Nested Loop", "Parent Relationship": "Outer", "Join Type": "Inner", "Startup Cost": 2785.45, "Total Cost": 136908.44, "Plan Rows": 5775, "Plan Width": 25, "Inner Unique": true, "Plans": [{"Node Type": "Nested Loop", "Parent Relationship": "Outer", "Join Type": "Inner", "Startup Cost": 2784.18, "Total Cost": 106322.09, "Plan Rows": 5775, "Plan Width": 4, "Inner Unique": false, "Plans": [{"Node Type": "Bitmap Heap Scan", "Parent Relationship": "Outer", "Relation Name": "company_name", "Alias": "cn", "Startup Cost": 2780.8, "Total Cost": 8684.25, "Plan Rows": 6290, "Plan Width": 4, "Filter": "((country_code)::text = '[jp]'::text)", "Plans": [{"Node Type": "Bitmap Index Scan", "Parent Relationship": "Outer", "Index Name": "company_name_pkey", "Startup Cost": 0.0, "Total Cost": 2779.23, "Plan Rows": 234996, "Plan Width": 0}]}, {"Node Type": "Bitmap Heap Scan", "Parent Relationship": "Inner", "Relation Name": "movie_companies", "Alias": "mc", "Startup Cost": 3.37, "Total Cost": 15.51, "Plan Rows": 1, "Plan Width": 8, "Recheck Cond": "(company_id = cn.id)", "Filter": "(((note)::text ~~ '%(Japan)%'::text) AND ((note)::text !~~ '%(USA)%'::text))", "Plans": [{"Node Type": "Bitmap Index Scan", "Parent Relationship": "Outer", "Index Name": "company_id_movie_companies", "Startup Cost": 0.0, "Total Cost": 3.37, "Plan Rows": 15, "Plan Width": 0, "Index Cond": "(company_id = cn.id)"}]}]}, {"Node Type": "Bitmap Heap Scan", "Parent Relationship": "Inner", "Relation Name": "title", "Alias": "t", "Startup Cost": 1.27, "Total Cost": 5.29, "Plan Rows": 1, "Plan Width": 21, "Recheck Cond": "(id = mc.movie_id)", "Plans": [{"Node Type": "Bitmap Index Scan", "Parent Relationship": "Outer", "Index Name": "title_pkey", "Startup Cost": 0.0, "Total Cost": 1.27, "Plan Rows": 1, "Plan Width": 0, "Index Cond": "(id = mc.movie_id)"}]}]}, {"Node Type": "Bitmap Heap Scan", "Parent Relationship": "Inner", "Relation Name": "cast_info", "Alias": "ci", "Startup Cost": 0.52, "Total Cost": 4.61, "Plan Rows": 1, "Plan Width": 12, "Recheck Cond": "(movie_id = t.id)", "Filter": "((note)::text = '(voice: English version)'::text)", "Plans": [{"Node Type": "Bitmap Index Scan", "Parent Relationship": "Outer", "Index Name": "movie_id_cast_info", "Startup Cost": 0.0, "Total Cost": 0.52, "Plan Rows": 6, "Plan Width": 0, "Index Cond": "(movie_id = t.id)"}]}]}]}, {"Node Type": "Bitmap Heap Scan", "Parent Relationship": "Inner", "Relation Name": "aka_name", "Alias": "an1", "Startup Cost": 0.38, "Total Cost": 4.39, "Plan Rows": 1, "Plan Width": 20, "Recheck Cond": "(person_id = ci.person_id)", "Plans": [{"Node Type": "Bitmap Index Scan", "Parent Relationship": "Outer", "Index Name": "person_id_aka_name", "Startup Cost": 0.0, "Total Cost": 0.38, "Plan Rows": 1, "Plan Width": 0, "Index Cond": "(person_id = ci.person_id)"}]}]}, {"Node Type": "Bitmap Heap Scan", "Parent Relationship": "Inner", "Relation Name": "name", "Alias": "n1", "Startup Cost": 0.33, "Total Cost": 4.34, "Plan Rows": 1, "Plan Width": 4, "Recheck Cond": "(id = an1.person_id)", "Filter": "(((name)::text ~~ '%Yo%'::text) AND ((name)::text !~~ '%Yu%'::text))", "Plans": [{"Node Type": "Bitmap Index Scan", "Parent Relationship": "Outer", "Index Name": "name_pkey", "Startup Cost": 0.0, "Total Cost": 0.33, "Plan Rows": 1, "Plan Width": 0, "Index Cond": "(id = an1.person_id)"}]}]}]}, "Unique SQL Id": 3544391839, "Planner Runtime": 25}, "explain_analyze_plan": {"Plan": {"Node Type": "Aggregate", "Strategy": "Plain", "Startup Cost": 168806.18, "Total Cost": 168806.19, "Plan Rows": 1, "Plan Width": 97, "Actual Startup Time": 4946.591, "Actual Total Time": 4946.592, "Actual Rows": 1, "Actual Loops": 1, "Plans": [{"Node Type": "Nested Loop", "Parent Relationship": "Outer", "Join Type": "Inner", "Startup Cost": 2794.98, "Total Cost": 168802.95, "Plan Rows": 646, "Plan Width": 33, "Actual Startup Time": 386.684, "Actual Total Time": 4946.119, "Actual Rows": 62, "Actual Loops": 1, "Inner Unique": true, "Plans": [{"Node Type": "Nested Loop", "Parent Relationship": "Outer", "Join Type": "Inner", "Startup Cost": 2794.66, "Total Cost": 165994.37, "Plan Rows": 645, "Plan Width": 41, "Actual Startup Time": 22.416, "Actual Total Time": 4842.081, "Actual Rows": 17379, "Actual Loops": 1, "Inner Unique": false, "Plans": [{"Node Type": "Nested Loop", "Parent Relationship": "Outer", "Join Type": "Inner", "Startup Cost": 2794.28, "Total Cost": 163651.8, "Plan Rows": 532, "Plan Width": 21, "Actual Startup Time": 22.38, "Actual Total Time": 4774.879, "Actual Rows": 7438, "Actual Loops": 1, "Inner Unique": false, "Join Filter": "(ci.role_id = rt.id)", "Rows Removed by Join Filter": 12162, "Plans": [{"Node Type": "Bitmap Heap Scan", "Parent Relationship": "Outer", "Relation Name": "role_type", "Alias": "rt", "Startup Cost": 8.31, "Total Cost": 12.46, "Plan Rows": 1, "Plan Width": 4, "Actual Startup Time": 0.04, "Actual Total Time": 0.044, "Actual Rows": 1, "Actual Loops": 1, "Filter": "((role)::text = 'actress'::text)", "Rows Removed by Filter": 11, "Exact Heap Blocks": 1, "Lossy Heap Blocks": 1, "Plans": [{"Node Type": "Bitmap Index Scan", "Parent Relationship": "Outer", "Index Name": "role_type_pkey", "Startup Cost": 0.0, "Total Cost": 8.31, "Plan Rows": 12, "Plan Width": 0, "Actual Startup Time": 0.012, "Actual Total Time": 0.012, "Actual Rows": 12, "Actual Loops": 1}]}, {"Node Type": "Nested Loop", "Parent Relationship": "Inner", "Join Type": "Inner", "Startup Cost": 2785.97, "Total Cost": 163566.25, "Plan Rows": 5847, "Plan Width": 25, "Actual Startup Time": 22.331, "Actual Total Time": 4769.28, "Actual Rows": 19600, "Actual Loops": 1, "Inner Unique": false, "Plans": [{"Node Type": "Nested Loop", "Parent Relationship": "Outer", "Join Type": "Inner", "Startup Cost": 2785.45, "Total Cost": 136908.44, "Plan Rows": 5775, "Plan Width": 25, "Actual Startup Time": 22.224, "Actual Total Time": 850.065, "Actual Rows": 48328, "Actual Loops": 1, "Inner Unique": true, "Plans": [{"Node Type": "Nested Loop", "Parent Relationship": "Outer", "Join Type": "Inner", "Startup Cost": 2784.18, "Total Cost": 106322.09, "Plan Rows": 5775, "Plan Width": 4, "Actual Startup Time": 22.202, "Actual Total Time": 419.175, "Actual Rows": 48328, "Actual Loops": 1, "Inner Unique": false, "Plans": [{"Node Type": "Bitmap Heap Scan", "Parent Relationship": "Outer", "Relation Name": "company_name", "Alias": "cn", "Startup Cost": 2780.8, "Total Cost": 8684.25, "Plan Rows": 6290, "Plan Width": 4, "Actual Startup Time": 22.131, "Actual Total Time": 128.566, "Actual Rows": 6752, "Actual Loops": 1, "Filter": "((country_code)::text = '[jp]'::text)", "Rows Removed by Filter": 228244, "Exact Heap Blocks": 2966, "Lossy Heap Blocks": 2966, "Plans": [{"Node Type": "Bitmap Index Scan", "Parent Relationship": "Outer", "Index Name": "company_name_pkey", "Startup Cost": 0.0, "Total Cost": 2779.23, "Plan Rows": 234996, "Plan Width": 0, "Actual Startup Time": 21.667, "Actual Total Time": 21.667, "Actual Rows": 234996, "Actual Loops": 1}]}, {"Node Type": "Bitmap Heap Scan", "Parent Relationship": "Inner", "Relation Name": "movie_companies", "Alias": "mc", "Startup Cost": 3.37, "Total Cost": 15.51, "Plan Rows": 1, "Plan Width": 8, "Actual Startup Time": 94.172, "Actual Total Time": 267.902, "Actual Rows": 48328, "Actual Loops": 6752, "Recheck Cond": "(company_id = cn.id)", "Rows Removed by Index Recheck": 0, "Filter": "(((note)::text ~~ '%(Japan)%'::text) AND ((note)::text !~~ '%(USA)%'::text))", "Rows Removed by Filter": 56667, "Exact Heap Blocks": 61861, "Lossy Heap Blocks": 61861, "Plans": [{"Node Type": "Bitmap Index Scan", "Parent Relationship": "Outer", "Index Name": "company_id_movie_companies", "Startup Cost": 0.0, "Total Cost": 3.37, "Plan Rows": 15, "Plan Width": 0, "Actual Startup Time": 49.033, "Actual Total Time": 49.033, "Actual Rows": 104995, "Actual Loops": 6752, "Index Cond": "(company_id = cn.id)"}]}]}, {"Node Type": "Bitmap Heap Scan", "Parent Relationship": "Inner", "Relation Name": "title", "Alias": "t", "Startup Cost": 1.27, "Total Cost": 5.29, "Plan Rows": 1, "Plan Width": 21, "Actual Startup Time": 353.174, "Actual Total Time": 353.174, "Actual Rows": 48328, "Actual Loops": 48328, "Recheck Cond": "(id = mc.movie_id)", "Rows Removed by Index Recheck": 0, "Exact Heap Blocks": 48328, "Lossy Heap Blocks": 48328, "Plans": [{"Node Type": "Bitmap Index Scan", "Parent Relationship": "Outer", "Index Name": "title_pkey", "Startup Cost": 0.0, "Total Cost": 1.27, "Plan Rows": 1, "Plan Width": 0, "Actual Startup Time": 201.304, "Actual Total Time": 201.304, "Actual Rows": 48328, "Actual Loops": 48328, "Index Cond": "(id = mc.movie_id)"}]}]}, {"Node Type": "Bitmap Heap Scan", "Parent Relationship": "Inner", "Relation Name": "cast_info", "Alias": "ci", "Startup Cost": 0.52, "Total Cost": 4.61, "Plan Rows": 1, "Plan Width": 12, "Actual Startup Time": 3689.321, "Actual Total Time": 3845.559, "Actual Rows": 19600, "Actual Loops": 48328, "Recheck Cond": "(movie_id = t.id)", "Rows Removed by Index Recheck": 0, "Filter": "((note)::text = '(voice: English version)'::text)", "Rows Removed by Filter": 1531710, "Exact Heap Blocks": 1503105, "Lossy Heap Blocks": 1503105, "Plans": [{"Node Type": "Bitmap Index Scan", "Parent Relationship": "Outer", "Index Name": "movie_id_cast_info", "Startup Cost": 0.0, "Total Cost": 0.52, "Plan Rows": 6, "Plan Width": 0, "Actual Startup Time": 532.133, "Actual Total Time": 532.133, "Actual Rows": 1551310, "Actual Loops": 48328, "Index Cond": "(movie_id = t.id)"}]}]}]}, {"Node Type": "Bitmap Heap Scan", "Parent Relationship": "Inner", "Relation Name": "aka_name", "Alias": "an1", "Startup Cost": 0.38, "Total Cost": 4.39, "Plan Rows": 1, "Plan Width": 20, "Actual Startup Time": 47.447, "Actual Total Time": 52.813, "Actual Rows": 17379, "Actual Loops": 7438, "Recheck Cond": "(person_id = ci.person_id)", "Rows Removed by Index Recheck": 0, "Exact Heap Blocks": 6514, "Lossy Heap Blocks": 6514, "Plans": [{"Node Type": "Bitmap Index Scan", "Parent Relationship": "Outer", "Index Name": "person_id_aka_name", "Startup Cost": 0.0, "Total Cost": 0.38, "Plan Rows": 1, "Plan Width": 0, "Actual Startup Time": 31.364, "Actual Total Time": 31.364, "Actual Rows": 17379, "Actual Loops": 7438, "Index Cond": "(person_id = ci.person_id)"}]}]}, {"Node Type": "Bitmap Heap Scan", "Parent Relationship": "Inner", "Relation Name": "name", "Alias": "n1", "Startup Cost": 0.33, "Total Cost": 4.34, "Plan Rows": 1, "Plan Width": 4, "Actual Startup Time": 83.196, "Actual Total Time": 83.196, "Actual Rows": 62, "Actual Loops": 17379, "Recheck Cond": "(id = an1.person_id)", "Rows Removed by Index Recheck": 0, "Filter": "(((name)::text ~~ '%Yo%'::text) AND ((name)::text !~~ '%Yu%'::text))", "Rows Removed by Filter": 17317, "Exact Heap Blocks": 17379, "Lossy Heap Blocks": 17379, "Plans": [{"Node Type": "Bitmap Index Scan", "Parent Relationship": "Outer", "Index Name": "name_pkey", "Startup Cost": 0.0, "Total Cost": 0.33, "Plan Rows": 1, "Plan Width": 0, "Actual Startup Time": 48.696, "Actual Total Time": 48.696, "Actual Rows": 17379, "Actual Loops": 17379, "Index Cond": "(id = an1.person_id)"}]}]}]}, "Triggers": [], "Planner Runtime": 25, "Total Runtime": 4947.027, "Unique SQL Id": 3544391839}}, "(64, 24)": {"explain_plan": {"Plan": {"Node Type": "Aggregate", "Strategy": "Plain", "Startup Cost": 92158.79, "Total Cost": 92158.8, "Plan Rows": 1, "Plan Width": 97, "Plans": [{"Node Type": "Nested Loop", "Parent Relationship": "Outer", "Join Type": "Inner", "Startup Cost": 0.0, "Total Cost": 92158.31, "Plan Rows": 96, "Plan Width": 33, "Inner Unique": true, "Plans": [{"Node Type": "Nested Loop", "Parent Relationship": "Outer", "Join Type": "Inner", "Startup Cost": 0.0, "Total Cost": 91956.53, "Plan Rows": 96, "Plan Width": 24, "Inner Unique": true, "Plans": [{"Node Type": "Nested Loop", "Parent Relationship": "Outer", "Join Type": "Inner", "Startup Cost": 0.0, "Total Cost": 91580.99, "Plan Rows": 645, "Plan Width": 32, "Inner Unique": false, "Plans": [{"Node Type": "Nested Loop", "Parent Relationship": "Outer", "Join Type": "Inner", "Startup Cost": 0.0, "Total Cost": 91126.78, "Plan Rows": 532, "Plan Width": 12, "Inner Unique": true, "Plans": [{"Node Type": "Nested Loop", "Parent Relationship": "Outer", "Join Type": "Inner", "Startup Cost": 0.0, "Total Cost": 88949.62, "Plan Rows": 3338, "Plan Width": 16, "Inner Unique": false, "Plans": [{"Node Type": "Nested Loop", "Parent Relationship": "Outer", "Join Type": "Inner", "Startup Cost": 0.0, "Total Cost": 77025.27, "Plan Rows": 8790, "Plan Width": 8, "Inner Unique": false, "Join Filter": "(ci.role_id = rt.id)", "Plans": [{"Node Type": "Seq Scan", "Parent Relationship": "Outer", "Relation Name": "role_type", "Alias": "rt", "Startup Cost": 0.0, "Total Cost": 1.15, "Plan Rows": 1, "Plan Width": 4, "Filter": "((role)::text = 'actress'::text)"}, {"Node Type": "Materialize", "Parent Relationship": "Inner", "Startup Cost": 0.0, "Total Cost": 76057.2, "Plan Rows": 96692, "Plan Width": 12, "Plans": [{"Node Type": "Streaming(type: LOCAL GATHER dop: 1/64)", "Parent Relationship": "Outer", "Startup Cost": 0.0, "Total Cost": 75815.47, "Plan Rows": 96692, "Plan Width": 12, "Plans": [{"Node Type": "Seq Scan", "Parent Relationship": "Outer", "Relation Name": "cast_info", "Alias": "ci", "Startup Cost": 0.0, "Total Cost": 73820.73, "Plan Rows": 96692, "Plan Width": 12, "Filter": "((note)::text = '(voice: English version)'::text)"}]}]}]}, {"Node Type": "Index Scan", "Parent Relationship": "Inner", "Scan Direction": "Forward", "Index Name": "movie_id_movie_companies", "Relation Name": "movie_companies", "Alias": "mc", "Startup Cost": 0.0, "Total Cost": 1.35, "Plan Rows": 1, "Plan Width": 8, "Index Cond": "(movie_id = ci.movie_id)", "Filter": "(((note)::text ~~ '%(Japan)%'::text) AND ((note)::text !~~ '%(USA)%'::text))"}]}, {"Node Type": "Index Scan", "Parent Relationship": "Inner", "Scan Direction": "Forward", "Index Name": "company_name_pkey", "Relation Name": "company_name", "Alias": "cn", "Startup Cost": 0.0, "Total Cost": 0.64, "Plan Rows": 1, "Plan Width": 4, "Index Cond": "(id = mc.company_id)", "Filter": "((country_code)::text = '[jp]'::text)"}]}, {"Node Type": "Index Scan", "Parent Relationship": "Inner", "Scan Direction": "Forward", "Index Name": "person_id_aka_name", "Relation Name": "aka_name", "Alias": "an1", "Startup Cost": 0.0, "Total Cost": 0.84, "Plan Rows": 1, "Plan Width": 20, "Index Cond": "(person_id = ci.person_id)"}]}, {"Node Type": "Index Scan", "Parent Relationship": "Inner", "Scan Direction": "Forward", "Index Name": "name_pkey", "Relation Name": "name", "Alias": "n1", "Startup Cost": 0.0, "Total Cost": 0.57, "Plan Rows": 1, "Plan Width": 4, "Index Cond": "(id = an1.person_id)", "Filter": "(((name)::text ~~ '%Yo%'::text) AND ((name)::text !~~ '%Yu%'::text))"}]}, {"Node Type": "Index Scan", "Parent Relationship": "Inner", "Scan Direction": "Forward", "Index Name": "title_pkey", "Relation Name": "title", "Alias": "t", "Startup Cost": 0.0, "Total Cost": 2.09, "Plan Rows": 1, "Plan Width": 21, "Index Cond": "(id = ci.movie_id)"}]}]}, "Unique SQL Id": 3544391839, "Planner Runtime": 26}, "explain_analyze_plan": {"Plan": {"Node Type": "Aggregate", "Strategy": "Plain", "Startup Cost": 92158.79, "Total Cost": 92158.8, "Plan Rows": 1, "Plan Width": 97, "Actual Min Startup Time": 726.572, "Actual Max Startup Time": 726.572, "Actual Min Total Time": 726.572, "Actual Max Total Time": 726.572, "Plans": [{"Node Type": "Nested Loop", "Parent Relationship": "Outer", "Join Type": "Inner", "Startup Cost": 0.0, "Total Cost": 92158.31, "Plan Rows": 96, "Plan Width": 33, "Actual Min Startup Time": 605.305, "Actual Max Startup Time": 605.305, "Actual Min Total Time": 726.472, "Actual Max Total Time": 726.472, "Inner Unique": true, "Plans": [{"Node Type": "Nested Loop", "Parent Relationship": "Outer", "Join Type": "Inner", "Startup Cost": 0.0, "Total Cost": 91956.53, "Plan Rows": 96, "Plan Width": 24, "Actual Min Startup Time": 605.284, "Actual Max Startup Time": 605.284, "Actual Min Total Time": 726.064, "Actual Max Total Time": 726.064, "Inner Unique": true, "Plans": [{"Node Type": "Nested Loop", "Parent Relationship": "Outer", "Join Type": "Inner", "Startup Cost": 0.0, "Total Cost": 91580.99, "Plan Rows": 645, "Plan Width": 32, "Actual Min Startup Time": 369.56, "Actual Max Startup Time": 369.56, "Actual Min Total Time": 659.518, "Actual Max Total Time": 659.518, "Inner Unique": false, "Plans": [{"Node Type": "Nested Loop", "Parent Relationship": "Outer", "Join Type": "Inner", "Startup Cost": 0.0, "Total Cost": 91126.78, "Plan Rows": 532, "Plan Width": 12, "Actual Min Startup Time": 369.541, "Actual Max Startup Time": 369.541, "Actual Min Total Time": 621.181, "Actual Max Total Time": 621.181, "Inner Unique": true, "Plans": [{"Node Type": "Nested Loop", "Parent Relationship": "Outer", "Join Type": "Inner", "Startup Cost": 0.0, "Total Cost": 88949.62, "Plan Rows": 3338, "Plan Width": 16, "Actual Min Startup Time": 369.521, "Actual Max Startup Time": 369.521, "Actual Min Total Time": 587.224, "Actual Max Total Time": 587.224, "Inner Unique": false, "Plans": [{"Node Type": "Nested Loop", "Parent Relationship": "Outer", "Join Type": "Inner", "Startup Cost": 0.0, "Total Cost": 77025.27, "Plan Rows": 8790, "Plan Width": 8, "Actual Min Startup Time": 369.224, "Actual Max Startup Time": 369.224, "Actual Min Total Time": 407.254, "Actual Max Total Time": 407.254, "Inner Unique": false, "Join Filter": "(ci.role_id = rt.id)", "Rows Removed by Join Filter": 58247, "Plans": [{"Node Type": "Seq Scan", "Parent Relationship": "Outer", "Relation Name": "role_type", "Alias": "rt", "Startup Cost": 0.0, "Total Cost": 1.15, "Plan Rows": 1, "Plan Width": 4, "Actual Min Startup Time": 0.05, "Actual Max Startup Time": 0.05, "Actual Min Total Time": 0.059, "Actual Max Total Time": 0.059, "Filter": "((role)::text = 'actress'::text)", "Rows Removed by Filter": 11, "Actual Rows": 1}, {"Node Type": "Materialize", "Parent Relationship": "Inner", "Startup Cost": 0.0, "Total Cost": 76057.2, "Plan Rows": 96692, "Plan Width": 12, "Actual Min Startup Time": 367.126, "Actual Max Startup Time": 367.126, "Actual Min Total Time": 379.092, "Actual Max Total Time": 379.092, "Plans": [{"Node Type": "Streaming(type: LOCAL GATHER dop: 1/64)", "Parent Relationship": "Outer", "Startup Cost": 0.0, "Total Cost": 75815.47, "Plan Rows": 96692, "Plan Width": 12, "Actual Min Startup Time": 107.483, "Actual Max Startup Time": 107.483, "Actual Min Total Time": 352.138, "Actual Max Total Time": 352.138, "Plans": [{"Node Type": "Seq Scan", "Parent Relationship": "Outer", "Relation Name": "cast_info", "Alias": "ci", "Startup Cost": 0.0, "Total Cost": 73820.73, "Plan Rows": 96692, "Plan Width": 12, "Actual Min Startup Time": 0.037, "Actual Max Startup Time": 2.864, "Actual Min Total Time": 153.53, "Actual Max Total Time": 173.668, "Filter": "((note)::text = '(voice: English version)'::text)", "Rows Removed by Filter": 36151248, "Actual Rows": 93095}], "Actual Rows": 93095}], "Actual Rows": 93096}], "Actual Rows": 34848}, {"Node Type": "Index Scan", "Parent Relationship": "Inner", "Scan Direction": "Forward", "Index Name": "movie_id_movie_companies", "Relation Name": "movie_companies", "Alias": "mc", "Startup Cost": 0.0, "Total Cost": 1.35, "Plan Rows": 1, "Plan Width": 8, "Actual Min Startup Time": 142.106, "Actual Max Startup Time": 142.106, "Actual Min Total Time": 161.064, "Actual Max Total Time": 161.064, "Index Cond": "(movie_id = ci.movie_id)", "Rows Removed by Index Recheck": 0, "Filter": "(((note)::text ~~ '%(Japan)%'::text) AND ((note)::text !~~ '%(USA)%'::text))", "Rows Removed by Filter": 53432, "Actual Rows": 7532}], "Actual Rows": 7532}, {"Node Type": "Index Scan", "Parent Relationship": "Inner", "Scan Direction": "Forward", "Index Name": "company_name_pkey", "Relation Name": "company_name", "Alias": "cn", "Startup Cost": 0.0, "Total Cost": 0.64, "Plan Rows": 1, "Plan Width": 4, "Actual Min Startup Time": 27.213, "Actual Max Startup Time": 27.213, "Actual Min Total Time": 27.213, "Actual Max Total Time": 27.213, "Index Cond": "(id = mc.company_id)", "Rows Removed by Index Recheck": 0, "Filter": "((country_code)::text = '[jp]'::text)", "Rows Removed by Filter": 94, "Actual Rows": 7438}], "Actual Rows": 7438}, {"Node Type": "Index Scan", "Parent Relationship": "Inner", "Scan Direction": "Forward", "Index Name": "person_id_aka_name", "Relation Name": "aka_name", "Alias": "an1", "Startup Cost": 0.0, "Total Cost": 0.84, "Plan Rows": 1, "Plan Width": 20, "Actual Min Startup Time": 23.211, "Actual Max Startup Time": 23.211, "Actual Min Total Time": 30.222, "Actual Max Total Time": 30.222, "Index Cond": "(person_id = ci.person_id)", "Rows Removed by Index Recheck": 0, "Actual Rows": 17379}], "Actual Rows": 17379}, {"Node Type": "Index Scan", "Parent Relationship": "Inner", "Scan Direction": "Forward", "Index Name": "name_pkey", "Relation Name": "name", "Alias": "n1", "Startup Cost": 0.0, "Total Cost": 0.57, "Plan Rows": 1, "Plan Width": 4, "Actual Min Startup Time": 58.165, "Actual Max Startup Time": 58.165, "Actual Min Total Time": 58.165, "Actual Max Total Time": 58.165, "Index Cond": "(id = an1.person_id)", "Rows Removed by Index Recheck": 0, "Filter": "(((name)::text ~~ '%Yo%'::text) AND ((name)::text !~~ '%Yu%'::text))", "Rows Removed by Filter": 17317, "Actual Rows": 62}], "Actual Rows": 62}, {"Node Type": "Index Scan", "Parent Relationship": "Inner", "Scan Direction": "Forward", "Index Name": "title_pkey", "Relation Name": "title", "Alias": "t", "Startup Cost": 0.0, "Total Cost": 2.09, "Plan Rows": 1, "Plan Width": 21, "Actual Min Startup Time": 0.343, "Actual Max Startup Time": 0.343, "Actual Min Total Time": 0.343, "Actual Max Total Time": 0.343, "Index Cond": "(id = ci.movie_id)", "Rows Removed by Index Recheck": 0, "Actual Rows": 62}], "Actual Rows": 62}], "Actual Rows": 1}, "Triggers": [], "Planner Runtime": 27, "Total Runtime": 739.633, "Unique SQL Id": 3544391839}}, "(64, 25)": {"explain_plan": {"Plan": {"Node Type": "Aggregate", "Strategy": "Plain", "Startup Cost": 110825.24, "Total Cost": 110825.25, "Plan Rows": 1, "Plan Width": 97, "Plans": [{"Node Type": "Nested Loop", "Parent Relationship": "Outer", "Join Type": "Inner", "Startup Cost": 0.0, "Total Cost": 110824.76, "Plan Rows": 96, "Plan Width": 33, "Inner Unique": true, "Plans": [{"Node Type": "Nested Loop", "Parent Relationship": "Outer", "Join Type": "Inner", "Startup Cost": 0.0, "Total Cost": 110449.22, "Plan Rows": 645, "Plan Width": 41, "Inner Unique": false, "Plans": [{"Node Type": "Nested Loop", "Parent Relationship": "Outer", "Join Type": "Inner", "Startup Cost": 0.0, "Total Cost": 109995.01, "Plan Rows": 532, "Plan Width": 21, "Inner Unique": false, "Join Filter": "(ci.role_id = rt.id)", "Plans": [{"Node Type": "Index Scan", "Parent Relationship": "Outer", "Scan Direction": "Forward", "Index Name": "role_type_pkey", "Relation Name": "role_type", "Alias": "rt", "Startup Cost": 0.0, "Total Cost": 12.46, "Plan Rows": 1, "Plan Width": 4, "Filter": "((role)::text = 'actress'::text)"}, {"Node Type": "Nested Loop", "Parent Relationship": "Inner", "Join Type": "Inner", "Startup Cost": 0.0, "Total Cost": 109909.47, "Plan Rows": 5847, "Plan Width": 25, "Inner Unique": false, "Plans": [{"Node Type": "Nested Loop", "Parent Relationship": "Outer", "Join Type": "Inner", "Startup Cost": 0.0, "Total Cost": 104166.87, "Plan Rows": 5775, "Plan Width": 25, "Inner Unique": true, "Plans": [{"Node Type": "Nested Loop", "Parent Relationship": "Outer", "Join Type": "Inner", "Startup Cost": 0.0, "Total Cost": 81519.78, "Plan Rows": 5775, "Plan Width": 4, "Inner Unique": false, "Plans": [{"Node Type": "Index Scan", "Parent Relationship": "Outer", "Scan Direction": "Forward", "Index Name": "company_name_pkey", "Relation Name": "company_name", "Alias": "cn", "Startup Cost": 0.0, "Total Cost": 10501.39, "Plan Rows": 6290, "Plan Width": 4, "Filter": "((country_code)::text = '[jp]'::text)"}, {"Node Type": "Index Scan", "Parent Relationship": "Inner", "Scan Direction": "Forward", "Index Name": "company_id_movie_companies", "Relation Name": "movie_companies", "Alias": "mc", "Startup Cost": 0.0, "Total Cost": 11.28, "Plan Rows": 1, "Plan Width": 8, "Index Cond": "(company_id = cn.id)", "Filter": "(((note)::text ~~ '%(Japan)%'::text) AND ((note)::text !~~ '%(USA)%'::text))"}]}, {"Node Type": "Index Scan", "Parent Relationship": "Inner", "Scan Direction": "Forward", "Index Name": "title_pkey", "Relation Name": "title", "Alias": "t", "Startup Cost": 0.0, "Total Cost": 3.91, "Plan Rows": 1, "Plan Width": 21, "Index Cond": "(id = mc.movie_id)"}]}, {"Node Type": "Index Scan", "Parent Relationship": "Inner", "Scan Direction": "Forward", "Index Name": "movie_id_cast_info", "Relation Name": "cast_info", "Alias": "ci", "Startup Cost": 0.0, "Total Cost": 0.98, "Plan Rows": 1, "Plan Width": 12, "Index Cond": "(movie_id = t.id)", "Filter": "((note)::text = '(voice: English version)'::text)"}]}]}, {"Node Type": "Index Scan", "Parent Relationship": "Inner", "Scan Direction": "Forward", "Index Name": "person_id_aka_name", "Relation Name": "aka_name", "Alias": "an1", "Startup Cost": 0.0, "Total Cost": 0.84, "Plan Rows": 1, "Plan Width": 20, "Index Cond": "(person_id = ci.person_id)"}]}, {"Node Type": "Index Scan", "Parent Relationship": "Inner", "Scan Direction": "Forward", "Index Name": "name_pkey", "Relation Name": "name", "Alias": "n1", "Startup Cost": 0.0, "Total Cost": 0.57, "Plan Rows": 1, "Plan Width": 4, "Index Cond": "(id = an1.person_id)", "Filter": "(((name)::text ~~ '%Yo%'::text) AND ((name)::text !~~ '%Yu%'::text))"}]}]}, "Unique SQL Id": 3544391839, "Planner Runtime": 28}, "explain_analyze_plan": {"Plan": {"Node Type": "Aggregate", "Strategy": "Plain", "Startup Cost": 110825.24, "Total Cost": 110825.25, "Plan Rows": 1, "Plan Width": 97, "Actual Startup Time": 3977.06, "Actual Total Time": 3977.061, "Actual Rows": 1, "Actual Loops": 1, "Plans": [{"Node Type": "Nested Loop", "Parent Relationship": "Outer", "Join Type": "Inner", "Startup Cost": 0.0, "Total Cost": 110824.76, "Plan Rows": 96, "Plan Width": 33, "Actual Startup Time": 5.267, "Actual Total Time": 3976.78, "Actual Rows": 62, "Actual Loops": 1, "Inner Unique": true, "Plans": [{"Node Type": "Nested Loop", "Parent Relationship": "Outer", "Join Type": "Inner", "Startup Cost": 0.0, "Total Cost": 110449.22, "Plan Rows": 645, "Plan Width": 41, "Actual Startup Time": 0.399, "Actual Total Time": 3899.812, "Actual Rows": 17379, "Actual Loops": 1, "Inner Unique": false, "Plans": [{"Node Type": "Nested Loop", "Parent Relationship": "Outer", "Join Type": "Inner", "Startup Cost": 0.0, "Total Cost": 109995.01, "Plan Rows": 532, "Plan Width": 21, "Actual Startup Time": 0.383, "Actual Total Time": 3848.378, "Actual Rows": 7438, "Actual Loops": 1, "Inner Unique": false, "Join Filter": "(ci.role_id = rt.id)", "Rows Removed by Join Filter": 12162, "Plans": [{"Node Type": "Index Scan", "Parent Relationship": "Outer", "Scan Direction": "Forward", "Index Name": "role_type_pkey", "Relation Name": "role_type", "Alias": "rt", "Startup Cost": 0.0, "Total Cost": 12.46, "Plan Rows": 1, "Plan Width": 4, "Actual Startup Time": 0.025, "Actual Total Time": 0.038, "Actual Rows": 1, "Actual Loops": 1, "Filter": "((role)::text = 'actress'::text)", "Rows Removed by Filter": 11}, {"Node Type": "Nested Loop", "Parent Relationship": "Inner", "Join Type": "Inner", "Startup Cost": 0.0, "Total Cost": 109909.47, "Plan Rows": 5847, "Plan Width": 25, "Actual Startup Time": 0.352, "Actual Total Time": 3843.046, "Actual Rows": 19600, "Actual Loops": 1, "Inner Unique": false, "Plans": [{"Node Type": "Nested Loop", "Parent Relationship": "Outer", "Join Type": "Inner", "Startup Cost": 0.0, "Total Cost": 104166.87, "Plan Rows": 5775, "Plan Width": 25, "Actual Startup Time": 0.276, "Actual Total Time": 853.001, "Actual Rows": 48328, "Actual Loops": 1, "Inner Unique": true, "Plans": [{"Node Type": "Nested Loop", "Parent Relationship": "Outer", "Join Type": "Inner", "Startup Cost": 0.0, "Total Cost": 81519.78, "Plan Rows": 5775, "Plan Width": 4, "Actual Startup Time": 0.262, "Actual Total Time": 537.556, "Actual Rows": 48328, "Actual Loops": 1, "Inner Unique": false, "Plans": [{"Node Type": "Index Scan", "Parent Relationship": "Outer", "Scan Direction": "Forward", "Index Name": "company_name_pkey", "Relation Name": "company_name", "Alias": "cn", "Startup Cost": 0.0, "Total Cost": 10501.39, "Plan Rows": 6290, "Plan Width": 4, "Actual Startup Time": 0.225, "Actual Total Time": 310.837, "Actual Rows": 6752, "Actual Loops": 1, "Filter": "((country_code)::text = '[jp]'::text)", "Rows Removed by Filter": 228244}, {"Node Type": "Index Scan", "Parent Relationship": "Inner", "Scan Direction": "Forward", "Index Name": "company_id_movie_companies", "Relation Name": "movie_companies", "Alias": "mc", "Startup Cost": 0.0, "Total Cost": 11.28, "Plan Rows": 1, "Plan Width": 8, "Actual Startup Time": 55.081, "Actual Total Time": 211.623, "Actual Rows": 48328, "Actual Loops": 6752, "Index Cond": "(company_id = cn.id)", "Rows Removed by Index Recheck": 0, "Filter": "(((note)::text ~~ '%(Japan)%'::text) AND ((note)::text !~~ '%(USA)%'::text))", "Rows Removed by Filter": 56667}]}, {"Node Type": "Index Scan", "Parent Relationship": "Inner", "Scan Direction": "Forward", "Index Name": "title_pkey", "Relation Name": "title", "Alias": "t", "Startup Cost": 0.0, "Total Cost": 3.91, "Plan Rows": 1, "Plan Width": 21, "Actual Startup Time": 273.217, "Actual Total Time": 273.217, "Actual Rows": 48328, "Actual Loops": 48328, "Index Cond": "(id = mc.movie_id)", "Rows Removed by Index Recheck": 0}]}, {"Node Type": "Index Scan", "Parent Relationship": "Inner", "Scan Direction": "Forward", "Index Name": "movie_id_cast_info", "Relation Name": "cast_info", "Alias": "ci", "Startup Cost": 0.0, "Total Cost": 0.98, "Plan Rows": 1, "Plan Width": 12, "Actual Startup Time": 2828.704, "Actual Total Time": 2959.755, "Actual Rows": 19600, "Actual Loops": 48328, "Index Cond": "(movie_id = t.id)", "Rows Removed by Index Recheck": 0, "Filter": "((note)::text = '(voice: English version)'::text)", "Rows Removed by Filter": 1531710}]}]}, {"Node Type": "Index Scan", "Parent Relationship": "Inner", "Scan Direction": "Forward", "Index Name": "person_id_aka_name", "Relation Name": "aka_name", "Alias": "an1", "Startup Cost": 0.0, "Total Cost": 0.84, "Plan Rows": 1, "Plan Width": 20, "Actual Startup Time": 34.072, "Actual Total Time": 42.512, "Actual Rows": 17379, "Actual Loops": 7438, "Index Cond": "(person_id = ci.person_id)", "Rows Removed by Index Recheck": 0}]}, {"Node Type": "Index Scan", "Parent Relationship": "Inner", "Scan Direction": "Forward", "Index Name": "name_pkey", "Relation Name": "name", "Alias": "n1", "Startup Cost": 0.0, "Total Cost": 0.57, "Plan Rows": 1, "Plan Width": 4, "Actual Startup Time": 67.93, "Actual Total Time": 67.93, "Actual Rows": 62, "Actual Loops": 17379, "Index Cond": "(id = an1.person_id)", "Rows Removed by Index Recheck": 0, "Filter": "(((name)::text ~~ '%Yo%'::text) AND ((name)::text !~~ '%Yu%'::text))", "Rows Removed by Filter": 17317}]}]}, "Triggers": [], "Planner Runtime": 28, "Total Runtime": 3977.582, "Unique SQL Id": 3544391839}}, "(64, 26)": {"explain_plan": {"Plan": {"Node Type": "Aggregate", "Strategy": "Plain", "Startup Cost": 680762.46, "Total Cost": 680762.48, "Plan Rows": 1, "Plan Width": 97, "Plans": [{"Node Type": "Streaming(type: LOCAL GATHER dop: 1/64)", "Parent Relationship": "Outer", "Startup Cost": 680762.46, "Total Cost": 680762.48, "Plan Rows": 1, "Plan Width": 97, "Plans": [{"Node Type": "Aggregate", "Strategy": "Plain", "Parent Relationship": "Outer", "Startup Cost": 680762.46, "Total Cost": 680762.47, "Plan Rows": 1, "Plan Width": 97, "Plans": [{"Node Type": "Nested Loop", "Parent Relationship": "Outer", "Join Type": "Inner", "Startup Cost": 251369.79, "Total Cost": 680759.23, "Plan Rows": 646, "Plan Width": 33, "Inner Unique": false, "Join Filter": "(ci.movie_id = t.id)", "Plans": [{"Node Type": "Streaming(type: LOCAL REDISTRIBUTE dop: 64/1)", "Parent Relationship": "Outer", "Startup Cost": 0.0, "Total Cost": 225794.09, "Plan Rows": 2528311, "Plan Width": 21, "Plans": [{"Node Type": "Seq Scan", "Parent Relationship": "Outer", "Relation Name": "title", "Alias": "t", "Startup Cost": 0.0, "Total Cost": 60069.11, "Plan Rows": 2528311, "Plan Width": 21}]}, {"Node Type": "Materialize", "Parent Relationship": "Inner", "Startup Cost": 251369.79, "Total Cost": 448983.88, "Plan Rows": 646, "Plan Width": 24, "Plans": [{"Node Type": "Streaming(type: LOCAL REDISTRIBUTE dop: 64/64)", "Parent Relationship": "Outer", "Startup Cost": 251369.79, "Total Cost": 448983.83, "Plan Rows": 646, "Plan Width": 24, "Plans": [{"Node Type": "Nested Loop", "Parent Relationship": "Outer", "Join Type": "Inner", "Startup Cost": 251369.79, "Total Cost": 385983.22, "Plan Rows": 646, "Plan Width": 24, "Inner Unique": true, "Join Filter": "(an1.person_id = n1.id)", "Plans": [{"Node Type": "Streaming(type: BROADCAST dop: 64/1)", "Parent Relationship": "Outer", "Startup Cost": 251369.79, "Total Cost": 319103.67, "Plan Rows": 41280, "Plan Width": 32, "Plans": [{"Node Type": "Merge Join", "Parent Relationship": "Outer", "Join Type": "Inner", "Startup Cost": 251369.79, "Total Cost": 255252.07, "Plan Rows": 645, "Plan Width": 32, "Inner Unique": false, "Merge Cond": "(ci.person_id = an1.person_id)", "Plans": [{"Node Type": "Sort", "Parent Relationship": "Outer", "Startup Cost": 142310.92, "Total Cost": 142312.25, "Plan Rows": 532, "Plan Width": 12, "Sort Key": ["ci.person_id"], "Plans": [{"Node Type": "Merge Join", "Parent Relationship": "Outer", "Join Type": "Inner", "Startup Cost": 142156.22, "Total Cost": 142286.83, "Plan Rows": 532, "Plan Width": 12, "Inner Unique": false, "Merge Cond": "(mc.movie_id = ci.movie_id)", "Plans": [{"Node Type": "Sort", "Parent Relationship": "Outer", "Startup Cost": 64555.13, "Total Cost": 64569.57, "Plan Rows": 5775, "Plan Width": 4, "Sort Key": ["mc.movie_id"], "Plans": [{"Node Type": "Merge Join", "Parent Relationship": "Outer", "Join Type": "Inner", "Startup Cost": 63927.73, "Total Cost": 64194.32, "Plan Rows": 5775, "Plan Width": 4, "Inner Unique": false, "Merge Cond": "(cn.id = mc.company_id)", "Plans": [{"Node Type": "Sort", "Parent Relationship": "Outer", "Startup Cost": 6300.31, "Total Cost": 6316.04, "Plan Rows": 6290, "Plan Width": 4, "Sort Key": ["cn.id"], "Plans": [{"Node Type": "Seq Scan", "Parent Relationship": "Outer", "Relation Name": "company_name", "Alias": "cn", "Startup Cost": 0.0, "Total Cost": 5903.45, "Plan Rows": 6290, "Plan Width": 4, "Filter": "((country_code)::text = '[jp]'::text)"}]}, {"Node Type": "Sort", "Parent Relationship": "Inner", "Startup Cost": 57622.68, "Total Cost": 57713.74, "Plan Rows": 36426, "Plan Width": 8, "Sort Key": ["mc.company_id"], "Plans": [{"Node Type": "Seq Scan", "Parent Relationship": "Outer", "Relation Name": "movie_companies", "Alias": "mc", "Startup Cost": 0.0, "Total Cost": 54862.92, "Plan Rows": 36426, "Plan Width": 8, "Filter": "(((note)::text ~~ '%(Japan)%'::text) AND ((note)::text !~~ '%(USA)%'::text))"}]}]}]}, {"Node Type": "Sort", "Parent Relationship": "Inner", "Startup Cost": 77601.09, "Total Cost": 77623.07, "Plan Rows": 8790, "Plan Width": 8, "Sort Key": ["ci.movie_id"], "Plans": [{"Node Type": "Nested Loop", "Parent Relationship": "Outer", "Join Type": "Inner", "Startup Cost": 0.0, "Total Cost": 77025.27, "Plan Rows": 8790, "Plan Width": 8, "Inner Unique": false, "Join Filter": "(ci.role_id = rt.id)", "Plans": [{"Node Type": "Seq Scan", "Parent Relationship": "Outer", "Relation Name": "role_type", "Alias": "rt", "Startup Cost": 0.0, "Total Cost": 1.15, "Plan Rows": 1, "Plan Width": 4, "Filter": "((role)::text = 'actress'::text)"}, {"Node Type": "Materialize", "Parent Relationship": "Inner", "Startup Cost": 0.0, "Total Cost": 76057.2, "Plan Rows": 96692, "Plan Width": 12, "Plans": [{"Node Type": "Streaming(type: LOCAL GATHER dop: 1/64)", "Parent Relationship": "Outer", "Startup Cost": 0.0, "Total Cost": 75815.47, "Plan Rows": 96692, "Plan Width": 12, "Plans": [{"Node Type": "Seq Scan", "Parent Relationship": "Outer", "Relation Name": "cast_info", "Alias": "ci", "Startup Cost": 0.0, "Total Cost": 73820.73, "Plan Rows": 96692, "Plan Width": 12, "Filter": "((note)::text = '(voice: English version)'::text)"}]}]}]}]}]}]}, {"Node Type": "Sort", "Parent Relationship": "Inner", "Startup Cost": 109058.87, "Total Cost": 111312.23, "Plan Rows": 901342, "Plan Width": 20, "Sort Key": ["an1.person_id"], "Plans": [{"Node Type": "Seq Scan", "Parent Relationship": "Outer", "Relation Name": "aka_name", "Alias": "an1", "Startup Cost": 0.0, "Total Cost": 19908.42, "Plan Rows": 901342, "Plan Width": 20}]}]}]}, {"Node Type": "Materialize", "Parent Relationship": "Inner", "Startup Cost": 0.0, "Total Cost": 64780.92, "Plan Rows": 13886, "Plan Width": 4, "Plans": [{"Node Type": "Seq Scan", "Parent Relationship": "Outer", "Relation Name": "name", "Alias": "n1", "Startup Cost": 0.0, "Total Cost": 64779.83, "Plan Rows": 13886, "Plan Width": 4, "Filter": "(((name)::text ~~ '%Yo%'::text) AND ((name)::text !~~ '%Yu%'::text))"}]}]}]}]}]}]}]}]}, "Unique SQL Id": 3544391839, "Planner Runtime": 33}, "explain_analyze_plan": null}, "(64, 27)": {"explain_plan": {"Plan": {"Node Type": "Aggregate", "Strategy": "Plain", "Startup Cost": 6721053364161.28, "Total Cost": 6721053364161.29, "Plan Rows": 1, "Plan Width": 97, "Plans": [{"Node Type": "Merge Join", "Parent Relationship": "Outer", "Join Type": "Inner", "Startup Cost": 70051235465.84, "Total Cost": 6721053364158.05, "Plan Rows": 646, "Plan Width": 33, "Inner Unique": true, "Merge Cond": "(ci.movie_id = t.id)", "Plans": [{"Node Type": "Nested Loop", "Parent Relationship": "Outer", "Join Type": "Inner", "Startup Cost": 60051235465.84, "Total Cost": 5721925336380.1, "Plan Rows": 646, "Plan Width": 24, "Inner Unique": true, "Join Filter": "(mc.company_id = cn.id)", "Plans": [{"Node Type": "Nested Loop", "Parent Relationship": "Outer", "Join Type": "Inner", "Startup Cost": 50051235465.84, "Total Cost": 4721924164513.91, "Plan Rows": 1290, "Plan Width": 28, "Inner Unique": false, "Join Filter": "(ci.movie_id = mc.movie_id)", "Plans": [{"Node Type": "Index Scan", "Parent Relationship": "Outer", "Scan Direction": "Forward", "Index Name": "movie_id_movie_companies", "Relation Name": "movie_companies", "Alias": "mc", "Startup Cost": 10000000000.0, "Total Cost": 1000014356510.13, "Plan Rows": 36426, "Plan Width": 8, "Filter": "(((note)::text ~~ '%(Japan)%'::text) AND ((note)::text !~~ '%(USA)%'::text))"}, {"Node Type": "Materialize", "Parent Relationship": "Inner", "Startup Cost": 40051235465.84, "Total Cost": 3721908955639.28, "Plan Rows": 1560, "Plan Width": 20, "Plans": [{"Node Type": "Nested Loop", "Parent Relationship": "Outer", "Join Type": "Inner", "Startup Cost": 40051235465.84, "Total Cost": 3721908955631.48, "Plan Rows": 1560, "Plan Width": 20, "Inner Unique": true, "Join Filter": "(ci.role_id = rt.id)", "Plans": [{"Node Type": "Merge Join", "Parent Relationship": "Outer", "Join Type": "Inner", "Startup Cost": 30051235465.84, "Total Cost": 2721908954128.06, "Plan Rows": 17161, "Plan Width": 24, "Inner Unique": false, "Merge Cond": "(an1.person_id = ci.person_id)", "Plans": [{"Node Type": "Merge Join", "Parent Relationship": "Outer", "Join Type": "Inner", "Startup Cost": 20030754356.47, "Total Cost": 2000026606025.89, "Plan Rows": 16627, "Plan Width": 24, "Inner Unique": true, "Merge Cond": "(an1.person_id = n1.id)", "Plans": [{"Node Type": "Index Scan", "Parent Relationship": "Outer", "Scan Direction": "Forward", "Index Name": "person_id_aka_name", "Relation Name": "aka_name", "Alias": "an1", "Startup Cost": 10000000000.0, "Total Cost": 1000006896503.43, "Plan Rows": 901342, "Plan Width": 20}, {"Node Type": "Materialize", "Parent Relationship": "Inner", "Startup Cost": 10000000000.0, "Total Cost": 1000019707054.42, "Plan Rows": 13886, "Plan Width": 4, "Plans": [{"Node Type": "Index Scan", "Parent Relationship": "Outer", "Scan Direction": "Forward", "Index Name": "name_pkey", "Relation Name": "name", "Alias": "n1", "Startup Cost": 10000000000.0, "Total Cost": 1000019707019.7, "Plan Rows": 13886, "Plan Width": 4, "Filter": "(((name)::text ~~ '%Yo%'::text) AND ((name)::text !~~ '%Yu%'::text))"}]}]}, {"Node Type": "Index Scan", "Parent Relationship": "Inner", "Scan Direction": "Forward", "Index Name": "person_id_cast_info", "Relation Name": "cast_info", "Alias": "ci", "Startup Cost": 10000000000.0, "Total Cost": 1000179713706.71, "Plan Rows": 96692, "Plan Width": 12, "Filter": "((note)::text = '(voice: English version)'::text)"}]}, {"Node Type": "Materialize", "Parent Relationship": "Inner", "Startup Cost": 10000000000.0, "Total Cost": 1000000001246.0, "Plan Rows": 1, "Plan Width": 4, "Plans": [{"Node Type": "Index Scan", "Parent Relationship": "Outer", "Scan Direction": "Forward", "Index Name": "role_type_pkey", "Relation Name": "role_type", "Alias": "rt", "Startup Cost": 10000000000.0, "Total Cost": 1000000001246.0, "Plan Rows": 1, "Plan Width": 4, "Filter": "((role)::text = 'actress'::text)"}]}]}]}]}, {"Node Type": "Materialize", "Parent Relationship": "Inner", "Startup Cost": 10000000000.0, "Total Cost": 1000001050170.42, "Plan Rows": 6290, "Plan Width": 4, "Plans": [{"Node Type": "Index Scan", "Parent Relationship": "Outer", "Scan Direction": "Forward", "Index Name": "company_name_pkey", "Relation Name": "company_name", "Alias": "cn", "Startup Cost": 10000000000.0, "Total Cost": 1000001050138.97, "Plan Rows": 6290, "Plan Width": 4, "Filter": "((country_code)::text = '[jp]'::text)"}]}]}, {"Node Type": "Index Scan", "Parent Relationship": "Inner", "Scan Direction": "Forward", "Index Name": "title_pkey", "Relation Name": "title", "Alias": "t", "Startup Cost": 10000000000.0, "Total Cost": 1000011012048.91, "Plan Rows": 2528311, "Plan Width": 21}]}]}, "Unique SQL Id": 3544391839, "Planner Runtime": 98}, "explain_analyze_plan": null}, "(64, 28)": {"explain_plan": {"Plan": {"Node Type": "Aggregate", "Strategy": "Plain", "Startup Cost": 92158.79, "Total Cost": 92158.8, "Plan Rows": 1, "Plan Width": 97, "Plans": [{"Node Type": "Nested Loop", "Parent Relationship": "Outer", "Join Type": "Inner", "Startup Cost": 0.0, "Total Cost": 92158.31, "Plan Rows": 96, "Plan Width": 33, "Inner Unique": true, "Plans": [{"Node Type": "Nested Loop", "Parent Relationship": "Outer", "Join Type": "Inner", "Startup Cost": 0.0, "Total Cost": 91956.53, "Plan Rows": 96, "Plan Width": 24, "Inner Unique": true, "Plans": [{"Node Type": "Nested Loop", "Parent Relationship": "Outer", "Join Type": "Inner", "Startup Cost": 0.0, "Total Cost": 91580.99, "Plan Rows": 645, "Plan Width": 32, "Inner Unique": false, "Plans": [{"Node Type": "Nested Loop", "Parent Relationship": "Outer", "Join Type": "Inner", "Startup Cost": 0.0, "Total Cost": 91126.78, "Plan Rows": 532, "Plan Width": 12, "Inner Unique": true, "Plans": [{"Node Type": "Nested Loop", "Parent Relationship": "Outer", "Join Type": "Inner", "Startup Cost": 0.0, "Total Cost": 88949.62, "Plan Rows": 3338, "Plan Width": 16, "Inner Unique": false, "Plans": [{"Node Type": "Nested Loop", "Parent Relationship": "Outer", "Join Type": "Inner", "Startup Cost": 0.0, "Total Cost": 77025.27, "Plan Rows": 8790, "Plan Width": 8, "Inner Unique": false, "Join Filter": "(ci.role_id = rt.id)", "Plans": [{"Node Type": "Seq Scan", "Parent Relationship": "Outer", "Relation Name": "role_type", "Alias": "rt", "Startup Cost": 0.0, "Total Cost": 1.15, "Plan Rows": 1, "Plan Width": 4, "Filter": "((role)::text = 'actress'::text)"}, {"Node Type": "Materialize", "Parent Relationship": "Inner", "Startup Cost": 0.0, "Total Cost": 76057.2, "Plan Rows": 96692, "Plan Width": 12, "Plans": [{"Node Type": "Streaming(type: LOCAL GATHER dop: 1/64)", "Parent Relationship": "Outer", "Startup Cost": 0.0, "Total Cost": 75815.47, "Plan Rows": 96692, "Plan Width": 12, "Plans": [{"Node Type": "Seq Scan", "Parent Relationship": "Outer", "Relation Name": "cast_info", "Alias": "ci", "Startup Cost": 0.0, "Total Cost": 73820.73, "Plan Rows": 96692, "Plan Width": 12, "Filter": "((note)::text = '(voice: English version)'::text)"}]}]}]}, {"Node Type": "Index Scan", "Parent Relationship": "Inner", "Scan Direction": "Forward", "Index Name": "movie_id_movie_companies", "Relation Name": "movie_companies", "Alias": "mc", "Startup Cost": 0.0, "Total Cost": 1.35, "Plan Rows": 1, "Plan Width": 8, "Index Cond": "(movie_id = ci.movie_id)", "Filter": "(((note)::text ~~ '%(Japan)%'::text) AND ((note)::text !~~ '%(USA)%'::text))"}]}, {"Node Type": "Index Scan", "Parent Relationship": "Inner", "Scan Direction": "Forward", "Index Name": "company_name_pkey", "Relation Name": "company_name", "Alias": "cn", "Startup Cost": 0.0, "Total Cost": 0.64, "Plan Rows": 1, "Plan Width": 4, "Index Cond": "(id = mc.company_id)", "Filter": "((country_code)::text = '[jp]'::text)"}]}, {"Node Type": "Index Scan", "Parent Relationship": "Inner", "Scan Direction": "Forward", "Index Name": "person_id_aka_name", "Relation Name": "aka_name", "Alias": "an1", "Startup Cost": 0.0, "Total Cost": 0.84, "Plan Rows": 1, "Plan Width": 20, "Index Cond": "(person_id = ci.person_id)"}]}, {"Node Type": "Index Scan", "Parent Relationship": "Inner", "Scan Direction": "Forward", "Index Name": "name_pkey", "Relation Name": "name", "Alias": "n1", "Startup Cost": 0.0, "Total Cost": 0.57, "Plan Rows": 1, "Plan Width": 4, "Index Cond": "(id = an1.person_id)", "Filter": "(((name)::text ~~ '%Yo%'::text) AND ((name)::text !~~ '%Yu%'::text))"}]}, {"Node Type": "Index Scan", "Parent Relationship": "Inner", "Scan Direction": "Forward", "Index Name": "title_pkey", "Relation Name": "title", "Alias": "t", "Startup Cost": 0.0, "Total Cost": 2.09, "Plan Rows": 1, "Plan Width": 21, "Index Cond": "(id = ci.movie_id)"}]}]}, "Unique SQL Id": 3544391839, "Planner Runtime": 27}, "explain_analyze_plan": {"Plan": {"Node Type": "Aggregate", "Strategy": "Plain", "Startup Cost": 92158.79, "Total Cost": 92158.8, "Plan Rows": 1, "Plan Width": 97, "Actual Min Startup Time": 726.572, "Actual Max Startup Time": 726.572, "Actual Min Total Time": 726.572, "Actual Max Total Time": 726.572, "Plans": [{"Node Type": "Nested Loop", "Parent Relationship": "Outer", "Join Type": "Inner", "Startup Cost": 0.0, "Total Cost": 92158.31, "Plan Rows": 96, "Plan Width": 33, "Actual Min Startup Time": 605.305, "Actual Max Startup Time": 605.305, "Actual Min Total Time": 726.472, "Actual Max Total Time": 726.472, "Inner Unique": true, "Plans": [{"Node Type": "Nested Loop", "Parent Relationship": "Outer", "Join Type": "Inner", "Startup Cost": 0.0, "Total Cost": 91956.53, "Plan Rows": 96, "Plan Width": 24, "Actual Min Startup Time": 605.284, "Actual Max Startup Time": 605.284, "Actual Min Total Time": 726.064, "Actual Max Total Time": 726.064, "Inner Unique": true, "Plans": [{"Node Type": "Nested Loop", "Parent Relationship": "Outer", "Join Type": "Inner", "Startup Cost": 0.0, "Total Cost": 91580.99, "Plan Rows": 645, "Plan Width": 32, "Actual Min Startup Time": 369.56, "Actual Max Startup Time": 369.56, "Actual Min Total Time": 659.518, "Actual Max Total Time": 659.518, "Inner Unique": false, "Plans": [{"Node Type": "Nested Loop", "Parent Relationship": "Outer", "Join Type": "Inner", "Startup Cost": 0.0, "Total Cost": 91126.78, "Plan Rows": 532, "Plan Width": 12, "Actual Min Startup Time": 369.541, "Actual Max Startup Time": 369.541, "Actual Min Total Time": 621.181, "Actual Max Total Time": 621.181, "Inner Unique": true, "Plans": [{"Node Type": "Nested Loop", "Parent Relationship": "Outer", "Join Type": "Inner", "Startup Cost": 0.0, "Total Cost": 88949.62, "Plan Rows": 3338, "Plan Width": 16, "Actual Min Startup Time": 369.521, "Actual Max Startup Time": 369.521, "Actual Min Total Time": 587.224, "Actual Max Total Time": 587.224, "Inner Unique": false, "Plans": [{"Node Type": "Nested Loop", "Parent Relationship": "Outer", "Join Type": "Inner", "Startup Cost": 0.0, "Total Cost": 77025.27, "Plan Rows": 8790, "Plan Width": 8, "Actual Min Startup Time": 369.224, "Actual Max Startup Time": 369.224, "Actual Min Total Time": 407.254, "Actual Max Total Time": 407.254, "Inner Unique": false, "Join Filter": "(ci.role_id = rt.id)", "Rows Removed by Join Filter": 58247, "Plans": [{"Node Type": "Seq Scan", "Parent Relationship": "Outer", "Relation Name": "role_type", "Alias": "rt", "Startup Cost": 0.0, "Total Cost": 1.15, "Plan Rows": 1, "Plan Width": 4, "Actual Min Startup Time": 0.05, "Actual Max Startup Time": 0.05, "Actual Min Total Time": 0.059, "Actual Max Total Time": 0.059, "Filter": "((role)::text = 'actress'::text)", "Rows Removed by Filter": 11, "Actual Rows": 1}, {"Node Type": "Materialize", "Parent Relationship": "Inner", "Startup Cost": 0.0, "Total Cost": 76057.2, "Plan Rows": 96692, "Plan Width": 12, "Actual Min Startup Time": 367.126, "Actual Max Startup Time": 367.126, "Actual Min Total Time": 379.092, "Actual Max Total Time": 379.092, "Plans": [{"Node Type": "Streaming(type: LOCAL GATHER dop: 1/64)", "Parent Relationship": "Outer", "Startup Cost": 0.0, "Total Cost": 75815.47, "Plan Rows": 96692, "Plan Width": 12, "Actual Min Startup Time": 107.483, "Actual Max Startup Time": 107.483, "Actual Min Total Time": 352.138, "Actual Max Total Time": 352.138, "Plans": [{"Node Type": "Seq Scan", "Parent Relationship": "Outer", "Relation Name": "cast_info", "Alias": "ci", "Startup Cost": 0.0, "Total Cost": 73820.73, "Plan Rows": 96692, "Plan Width": 12, "Actual Min Startup Time": 0.037, "Actual Max Startup Time": 2.864, "Actual Min Total Time": 153.53, "Actual Max Total Time": 173.668, "Filter": "((note)::text = '(voice: English version)'::text)", "Rows Removed by Filter": 36151248, "Actual Rows": 93095}], "Actual Rows": 93095}], "Actual Rows": 93096}], "Actual Rows": 34848}, {"Node Type": "Index Scan", "Parent Relationship": "Inner", "Scan Direction": "Forward", "Index Name": "movie_id_movie_companies", "Relation Name": "movie_companies", "Alias": "mc", "Startup Cost": 0.0, "Total Cost": 1.35, "Plan Rows": 1, "Plan Width": 8, "Actual Min Startup Time": 142.106, "Actual Max Startup Time": 142.106, "Actual Min Total Time": 161.064, "Actual Max Total Time": 161.064, "Index Cond": "(movie_id = ci.movie_id)", "Rows Removed by Index Recheck": 0, "Filter": "(((note)::text ~~ '%(Japan)%'::text) AND ((note)::text !~~ '%(USA)%'::text))", "Rows Removed by Filter": 53432, "Actual Rows": 7532}], "Actual Rows": 7532}, {"Node Type": "Index Scan", "Parent Relationship": "Inner", "Scan Direction": "Forward", "Index Name": "company_name_pkey", "Relation Name": "company_name", "Alias": "cn", "Startup Cost": 0.0, "Total Cost": 0.64, "Plan Rows": 1, "Plan Width": 4, "Actual Min Startup Time": 27.213, "Actual Max Startup Time": 27.213, "Actual Min Total Time": 27.213, "Actual Max Total Time": 27.213, "Index Cond": "(id = mc.company_id)", "Rows Removed by Index Recheck": 0, "Filter": "((country_code)::text = '[jp]'::text)", "Rows Removed by Filter": 94, "Actual Rows": 7438}], "Actual Rows": 7438}, {"Node Type": "Index Scan", "Parent Relationship": "Inner", "Scan Direction": "Forward", "Index Name": "person_id_aka_name", "Relation Name": "aka_name", "Alias": "an1", "Startup Cost": 0.0, "Total Cost": 0.84, "Plan Rows": 1, "Plan Width": 20, "Actual Min Startup Time": 23.211, "Actual Max Startup Time": 23.211, "Actual Min Total Time": 30.222, "Actual Max Total Time": 30.222, "Index Cond": "(person_id = ci.person_id)", "Rows Removed by Index Recheck": 0, "Actual Rows": 17379}], "Actual Rows": 17379}, {"Node Type": "Index Scan", "Parent Relationship": "Inner", "Scan Direction": "Forward", "Index Name": "name_pkey", "Relation Name": "name", "Alias": "n1", "Startup Cost": 0.0, "Total Cost": 0.57, "Plan Rows": 1, "Plan Width": 4, "Actual Min Startup Time": 58.165, "Actual Max Startup Time": 58.165, "Actual Min Total Time": 58.165, "Actual Max Total Time": 58.165, "Index Cond": "(id = an1.person_id)", "Rows Removed by Index Recheck": 0, "Filter": "(((name)::text ~~ '%Yo%'::text) AND ((name)::text !~~ '%Yu%'::text))", "Rows Removed by Filter": 17317, "Actual Rows": 62}], "Actual Rows": 62}, {"Node Type": "Index Scan", "Parent Relationship": "Inner", "Scan Direction": "Forward", "Index Name": "title_pkey", "Relation Name": "title", "Alias": "t", "Startup Cost": 0.0, "Total Cost": 2.09, "Plan Rows": 1, "Plan Width": 21, "Actual Min Startup Time": 0.343, "Actual Max Startup Time": 0.343, "Actual Min Total Time": 0.343, "Actual Max Total Time": 0.343, "Index Cond": "(id = ci.movie_id)", "Rows Removed by Index Recheck": 0, "Actual Rows": 62}], "Actual Rows": 62}], "Actual Rows": 1}, "Triggers": [], "Planner Runtime": 27, "Total Runtime": 739.633, "Unique SQL Id": 3544391839}}, "(64, 29)": {"explain_plan": {"Plan": {"Node Type": "Aggregate", "Strategy": "Plain", "Startup Cost": 110825.24, "Total Cost": 110825.25, "Plan Rows": 1, "Plan Width": 97, "Plans": [{"Node Type": "Nested Loop", "Parent Relationship": "Outer", "Join Type": "Inner", "Startup Cost": 0.0, "Total Cost": 110824.76, "Plan Rows": 96, "Plan Width": 33, "Inner Unique": true, "Plans": [{"Node Type": "Nested Loop", "Parent Relationship": "Outer", "Join Type": "Inner", "Startup Cost": 0.0, "Total Cost": 110449.22, "Plan Rows": 645, "Plan Width": 41, "Inner Unique": false, "Plans": [{"Node Type": "Nested Loop", "Parent Relationship": "Outer", "Join Type": "Inner", "Startup Cost": 0.0, "Total Cost": 109995.01, "Plan Rows": 532, "Plan Width": 21, "Inner Unique": false, "Join Filter": "(ci.role_id = rt.id)", "Plans": [{"Node Type": "Index Scan", "Parent Relationship": "Outer", "Scan Direction": "Forward", "Index Name": "role_type_pkey", "Relation Name": "role_type", "Alias": "rt", "Startup Cost": 0.0, "Total Cost": 12.46, "Plan Rows": 1, "Plan Width": 4, "Filter": "((role)::text = 'actress'::text)"}, {"Node Type": "Nested Loop", "Parent Relationship": "Inner", "Join Type": "Inner", "Startup Cost": 0.0, "Total Cost": 109909.47, "Plan Rows": 5847, "Plan Width": 25, "Inner Unique": false, "Plans": [{"Node Type": "Nested Loop", "Parent Relationship": "Outer", "Join Type": "Inner", "Startup Cost": 0.0, "Total Cost": 104166.87, "Plan Rows": 5775, "Plan Width": 25, "Inner Unique": true, "Plans": [{"Node Type": "Nested Loop", "Parent Relationship": "Outer", "Join Type": "Inner", "Startup Cost": 0.0, "Total Cost": 81519.78, "Plan Rows": 5775, "Plan Width": 4, "Inner Unique": false, "Plans": [{"Node Type": "Index Scan", "Parent Relationship": "Outer", "Scan Direction": "Forward", "Index Name": "company_name_pkey", "Relation Name": "company_name", "Alias": "cn", "Startup Cost": 0.0, "Total Cost": 10501.39, "Plan Rows": 6290, "Plan Width": 4, "Filter": "((country_code)::text = '[jp]'::text)"}, {"Node Type": "Index Scan", "Parent Relationship": "Inner", "Scan Direction": "Forward", "Index Name": "company_id_movie_companies", "Relation Name": "movie_companies", "Alias": "mc", "Startup Cost": 0.0, "Total Cost": 11.28, "Plan Rows": 1, "Plan Width": 8, "Index Cond": "(company_id = cn.id)", "Filter": "(((note)::text ~~ '%(Japan)%'::text) AND ((note)::text !~~ '%(USA)%'::text))"}]}, {"Node Type": "Index Scan", "Parent Relationship": "Inner", "Scan Direction": "Forward", "Index Name": "title_pkey", "Relation Name": "title", "Alias": "t", "Startup Cost": 0.0, "Total Cost": 3.91, "Plan Rows": 1, "Plan Width": 21, "Index Cond": "(id = mc.movie_id)"}]}, {"Node Type": "Index Scan", "Parent Relationship": "Inner", "Scan Direction": "Forward", "Index Name": "movie_id_cast_info", "Relation Name": "cast_info", "Alias": "ci", "Startup Cost": 0.0, "Total Cost": 0.98, "Plan Rows": 1, "Plan Width": 12, "Index Cond": "(movie_id = t.id)", "Filter": "((note)::text = '(voice: English version)'::text)"}]}]}, {"Node Type": "Index Scan", "Parent Relationship": "Inner", "Scan Direction": "Forward", "Index Name": "person_id_aka_name", "Relation Name": "aka_name", "Alias": "an1", "Startup Cost": 0.0, "Total Cost": 0.84, "Plan Rows": 1, "Plan Width": 20, "Index Cond": "(person_id = ci.person_id)"}]}, {"Node Type": "Index Scan", "Parent Relationship": "Inner", "Scan Direction": "Forward", "Index Name": "name_pkey", "Relation Name": "name", "Alias": "n1", "Startup Cost": 0.0, "Total Cost": 0.57, "Plan Rows": 1, "Plan Width": 4, "Index Cond": "(id = an1.person_id)", "Filter": "(((name)::text ~~ '%Yo%'::text) AND ((name)::text !~~ '%Yu%'::text))"}]}]}, "Unique SQL Id": 3544391839, "Planner Runtime": 28}, "explain_analyze_plan": {"Plan": {"Node Type": "Aggregate", "Strategy": "Plain", "Startup Cost": 110825.24, "Total Cost": 110825.25, "Plan Rows": 1, "Plan Width": 97, "Actual Startup Time": 3977.06, "Actual Total Time": 3977.061, "Actual Rows": 1, "Actual Loops": 1, "Plans": [{"Node Type": "Nested Loop", "Parent Relationship": "Outer", "Join Type": "Inner", "Startup Cost": 0.0, "Total Cost": 110824.76, "Plan Rows": 96, "Plan Width": 33, "Actual Startup Time": 5.267, "Actual Total Time": 3976.78, "Actual Rows": 62, "Actual Loops": 1, "Inner Unique": true, "Plans": [{"Node Type": "Nested Loop", "Parent Relationship": "Outer", "Join Type": "Inner", "Startup Cost": 0.0, "Total Cost": 110449.22, "Plan Rows": 645, "Plan Width": 41, "Actual Startup Time": 0.399, "Actual Total Time": 3899.812, "Actual Rows": 17379, "Actual Loops": 1, "Inner Unique": false, "Plans": [{"Node Type": "Nested Loop", "Parent Relationship": "Outer", "Join Type": "Inner", "Startup Cost": 0.0, "Total Cost": 109995.01, "Plan Rows": 532, "Plan Width": 21, "Actual Startup Time": 0.383, "Actual Total Time": 3848.378, "Actual Rows": 7438, "Actual Loops": 1, "Inner Unique": false, "Join Filter": "(ci.role_id = rt.id)", "Rows Removed by Join Filter": 12162, "Plans": [{"Node Type": "Index Scan", "Parent Relationship": "Outer", "Scan Direction": "Forward", "Index Name": "role_type_pkey", "Relation Name": "role_type", "Alias": "rt", "Startup Cost": 0.0, "Total Cost": 12.46, "Plan Rows": 1, "Plan Width": 4, "Actual Startup Time": 0.025, "Actual Total Time": 0.038, "Actual Rows": 1, "Actual Loops": 1, "Filter": "((role)::text = 'actress'::text)", "Rows Removed by Filter": 11}, {"Node Type": "Nested Loop", "Parent Relationship": "Inner", "Join Type": "Inner", "Startup Cost": 0.0, "Total Cost": 109909.47, "Plan Rows": 5847, "Plan Width": 25, "Actual Startup Time": 0.352, "Actual Total Time": 3843.046, "Actual Rows": 19600, "Actual Loops": 1, "Inner Unique": false, "Plans": [{"Node Type": "Nested Loop", "Parent Relationship": "Outer", "Join Type": "Inner", "Startup Cost": 0.0, "Total Cost": 104166.87, "Plan Rows": 5775, "Plan Width": 25, "Actual Startup Time": 0.276, "Actual Total Time": 853.001, "Actual Rows": 48328, "Actual Loops": 1, "Inner Unique": true, "Plans": [{"Node Type": "Nested Loop", "Parent Relationship": "Outer", "Join Type": "Inner", "Startup Cost": 0.0, "Total Cost": 81519.78, "Plan Rows": 5775, "Plan Width": 4, "Actual Startup Time": 0.262, "Actual Total Time": 537.556, "Actual Rows": 48328, "Actual Loops": 1, "Inner Unique": false, "Plans": [{"Node Type": "Index Scan", "Parent Relationship": "Outer", "Scan Direction": "Forward", "Index Name": "company_name_pkey", "Relation Name": "company_name", "Alias": "cn", "Startup Cost": 0.0, "Total Cost": 10501.39, "Plan Rows": 6290, "Plan Width": 4, "Actual Startup Time": 0.225, "Actual Total Time": 310.837, "Actual Rows": 6752, "Actual Loops": 1, "Filter": "((country_code)::text = '[jp]'::text)", "Rows Removed by Filter": 228244}, {"Node Type": "Index Scan", "Parent Relationship": "Inner", "Scan Direction": "Forward", "Index Name": "company_id_movie_companies", "Relation Name": "movie_companies", "Alias": "mc", "Startup Cost": 0.0, "Total Cost": 11.28, "Plan Rows": 1, "Plan Width": 8, "Actual Startup Time": 55.081, "Actual Total Time": 211.623, "Actual Rows": 48328, "Actual Loops": 6752, "Index Cond": "(company_id = cn.id)", "Rows Removed by Index Recheck": 0, "Filter": "(((note)::text ~~ '%(Japan)%'::text) AND ((note)::text !~~ '%(USA)%'::text))", "Rows Removed by Filter": 56667}]}, {"Node Type": "Index Scan", "Parent Relationship": "Inner", "Scan Direction": "Forward", "Index Name": "title_pkey", "Relation Name": "title", "Alias": "t", "Startup Cost": 0.0, "Total Cost": 3.91, "Plan Rows": 1, "Plan Width": 21, "Actual Startup Time": 273.217, "Actual Total Time": 273.217, "Actual Rows": 48328, "Actual Loops": 48328, "Index Cond": "(id = mc.movie_id)", "Rows Removed by Index Recheck": 0}]}, {"Node Type": "Index Scan", "Parent Relationship": "Inner", "Scan Direction": "Forward", "Index Name": "movie_id_cast_info", "Relation Name": "cast_info", "Alias": "ci", "Startup Cost": 0.0, "Total Cost": 0.98, "Plan Rows": 1, "Plan Width": 12, "Actual Startup Time": 2828.704, "Actual Total Time": 2959.755, "Actual Rows": 19600, "Actual Loops": 48328, "Index Cond": "(movie_id = t.id)", "Rows Removed by Index Recheck": 0, "Filter": "((note)::text = '(voice: English version)'::text)", "Rows Removed by Filter": 1531710}]}]}, {"Node Type": "Index Scan", "Parent Relationship": "Inner", "Scan Direction": "Forward", "Index Name": "person_id_aka_name", "Relation Name": "aka_name", "Alias": "an1", "Startup Cost": 0.0, "Total Cost": 0.84, "Plan Rows": 1, "Plan Width": 20, "Actual Startup Time": 34.072, "Actual Total Time": 42.512, "Actual Rows": 17379, "Actual Loops": 7438, "Index Cond": "(person_id = ci.person_id)", "Rows Removed by Index Recheck": 0}]}, {"Node Type": "Index Scan", "Parent Relationship": "Inner", "Scan Direction": "Forward", "Index Name": "name_pkey", "Relation Name": "name", "Alias": "n1", "Startup Cost": 0.0, "Total Cost": 0.57, "Plan Rows": 1, "Plan Width": 4, "Actual Startup Time": 67.93, "Actual Total Time": 67.93, "Actual Rows": 62, "Actual Loops": 17379, "Index Cond": "(id = an1.person_id)", "Rows Removed by Index Recheck": 0, "Filter": "(((name)::text ~~ '%Yo%'::text) AND ((name)::text !~~ '%Yu%'::text))", "Rows Removed by Filter": 17317}]}]}, "Triggers": [], "Planner Runtime": 28, "Total Runtime": 3977.582, "Unique SQL Id": 3544391839}}, "(64, 30)": {"explain_plan": {"Plan": {"Node Type": "Aggregate", "Strategy": "Plain", "Startup Cost": 680762.46, "Total Cost": 680762.48, "Plan Rows": 1, "Plan Width": 97, "Plans": [{"Node Type": "Streaming(type: LOCAL GATHER dop: 1/64)", "Parent Relationship": "Outer", "Startup Cost": 680762.46, "Total Cost": 680762.48, "Plan Rows": 1, "Plan Width": 97, "Plans": [{"Node Type": "Aggregate", "Strategy": "Plain", "Parent Relationship": "Outer", "Startup Cost": 680762.46, "Total Cost": 680762.47, "Plan Rows": 1, "Plan Width": 97, "Plans": [{"Node Type": "Nested Loop", "Parent Relationship": "Outer", "Join Type": "Inner", "Startup Cost": 251369.79, "Total Cost": 680759.23, "Plan Rows": 646, "Plan Width": 33, "Inner Unique": false, "Join Filter": "(ci.movie_id = t.id)", "Plans": [{"Node Type": "Streaming(type: LOCAL REDISTRIBUTE dop: 64/1)", "Parent Relationship": "Outer", "Startup Cost": 0.0, "Total Cost": 225794.09, "Plan Rows": 2528311, "Plan Width": 21, "Plans": [{"Node Type": "Seq Scan", "Parent Relationship": "Outer", "Relation Name": "title", "Alias": "t", "Startup Cost": 0.0, "Total Cost": 60069.11, "Plan Rows": 2528311, "Plan Width": 21}]}, {"Node Type": "Materialize", "Parent Relationship": "Inner", "Startup Cost": 251369.79, "Total Cost": 448983.88, "Plan Rows": 646, "Plan Width": 24, "Plans": [{"Node Type": "Streaming(type: LOCAL REDISTRIBUTE dop: 64/64)", "Parent Relationship": "Outer", "Startup Cost": 251369.79, "Total Cost": 448983.83, "Plan Rows": 646, "Plan Width": 24, "Plans": [{"Node Type": "Nested Loop", "Parent Relationship": "Outer", "Join Type": "Inner", "Startup Cost": 251369.79, "Total Cost": 385983.22, "Plan Rows": 646, "Plan Width": 24, "Inner Unique": true, "Join Filter": "(an1.person_id = n1.id)", "Plans": [{"Node Type": "Streaming(type: BROADCAST dop: 64/1)", "Parent Relationship": "Outer", "Startup Cost": 251369.79, "Total Cost": 319103.67, "Plan Rows": 41280, "Plan Width": 32, "Plans": [{"Node Type": "Merge Join", "Parent Relationship": "Outer", "Join Type": "Inner", "Startup Cost": 251369.79, "Total Cost": 255252.07, "Plan Rows": 645, "Plan Width": 32, "Inner Unique": false, "Merge Cond": "(ci.person_id = an1.person_id)", "Plans": [{"Node Type": "Sort", "Parent Relationship": "Outer", "Startup Cost": 142310.92, "Total Cost": 142312.25, "Plan Rows": 532, "Plan Width": 12, "Sort Key": ["ci.person_id"], "Plans": [{"Node Type": "Merge Join", "Parent Relationship": "Outer", "Join Type": "Inner", "Startup Cost": 142156.22, "Total Cost": 142286.83, "Plan Rows": 532, "Plan Width": 12, "Inner Unique": false, "Merge Cond": "(mc.movie_id = ci.movie_id)", "Plans": [{"Node Type": "Sort", "Parent Relationship": "Outer", "Startup Cost": 64555.13, "Total Cost": 64569.57, "Plan Rows": 5775, "Plan Width": 4, "Sort Key": ["mc.movie_id"], "Plans": [{"Node Type": "Merge Join", "Parent Relationship": "Outer", "Join Type": "Inner", "Startup Cost": 63927.73, "Total Cost": 64194.32, "Plan Rows": 5775, "Plan Width": 4, "Inner Unique": false, "Merge Cond": "(cn.id = mc.company_id)", "Plans": [{"Node Type": "Sort", "Parent Relationship": "Outer", "Startup Cost": 6300.31, "Total Cost": 6316.04, "Plan Rows": 6290, "Plan Width": 4, "Sort Key": ["cn.id"], "Plans": [{"Node Type": "Seq Scan", "Parent Relationship": "Outer", "Relation Name": "company_name", "Alias": "cn", "Startup Cost": 0.0, "Total Cost": 5903.45, "Plan Rows": 6290, "Plan Width": 4, "Filter": "((country_code)::text = '[jp]'::text)"}]}, {"Node Type": "Sort", "Parent Relationship": "Inner", "Startup Cost": 57622.68, "Total Cost": 57713.74, "Plan Rows": 36426, "Plan Width": 8, "Sort Key": ["mc.company_id"], "Plans": [{"Node Type": "Seq Scan", "Parent Relationship": "Outer", "Relation Name": "movie_companies", "Alias": "mc", "Startup Cost": 0.0, "Total Cost": 54862.92, "Plan Rows": 36426, "Plan Width": 8, "Filter": "(((note)::text ~~ '%(Japan)%'::text) AND ((note)::text !~~ '%(USA)%'::text))"}]}]}]}, {"Node Type": "Sort", "Parent Relationship": "Inner", "Startup Cost": 77601.09, "Total Cost": 77623.07, "Plan Rows": 8790, "Plan Width": 8, "Sort Key": ["ci.movie_id"], "Plans": [{"Node Type": "Nested Loop", "Parent Relationship": "Outer", "Join Type": "Inner", "Startup Cost": 0.0, "Total Cost": 77025.27, "Plan Rows": 8790, "Plan Width": 8, "Inner Unique": false, "Join Filter": "(ci.role_id = rt.id)", "Plans": [{"Node Type": "Seq Scan", "Parent Relationship": "Outer", "Relation Name": "role_type", "Alias": "rt", "Startup Cost": 0.0, "Total Cost": 1.15, "Plan Rows": 1, "Plan Width": 4, "Filter": "((role)::text = 'actress'::text)"}, {"Node Type": "Materialize", "Parent Relationship": "Inner", "Startup Cost": 0.0, "Total Cost": 76057.2, "Plan Rows": 96692, "Plan Width": 12, "Plans": [{"Node Type": "Streaming(type: LOCAL GATHER dop: 1/64)", "Parent Relationship": "Outer", "Startup Cost": 0.0, "Total Cost": 75815.47, "Plan Rows": 96692, "Plan Width": 12, "Plans": [{"Node Type": "Seq Scan", "Parent Relationship": "Outer", "Relation Name": "cast_info", "Alias": "ci", "Startup Cost": 0.0, "Total Cost": 73820.73, "Plan Rows": 96692, "Plan Width": 12, "Filter": "((note)::text = '(voice: English version)'::text)"}]}]}]}]}]}]}, {"Node Type": "Sort", "Parent Relationship": "Inner", "Startup Cost": 109058.87, "Total Cost": 111312.23, "Plan Rows": 901342, "Plan Width": 20, "Sort Key": ["an1.person_id"], "Plans": [{"Node Type": "Seq Scan", "Parent Relationship": "Outer", "Relation Name": "aka_name", "Alias": "an1", "Startup Cost": 0.0, "Total Cost": 19908.42, "Plan Rows": 901342, "Plan Width": 20}]}]}]}, {"Node Type": "Materialize", "Parent Relationship": "Inner", "Startup Cost": 0.0, "Total Cost": 64780.92, "Plan Rows": 13886, "Plan Width": 4, "Plans": [{"Node Type": "Seq Scan", "Parent Relationship": "Outer", "Relation Name": "name", "Alias": "n1", "Startup Cost": 0.0, "Total Cost": 64779.83, "Plan Rows": 13886, "Plan Width": 4, "Filter": "(((name)::text ~~ '%Yo%'::text) AND ((name)::text !~~ '%Yu%'::text))"}]}]}]}]}]}]}]}]}, "Unique SQL Id": 3544391839, "Planner Runtime": 33}, "explain_analyze_plan": null}, "(64, 31)": {"explain_plan": {"Plan": {"Node Type": "Aggregate", "Strategy": "Plain", "Startup Cost": 6721053364161.28, "Total Cost": 6721053364161.29, "Plan Rows": 1, "Plan Width": 97, "Plans": [{"Node Type": "Merge Join", "Parent Relationship": "Outer", "Join Type": "Inner", "Startup Cost": 70051235465.84, "Total Cost": 6721053364158.05, "Plan Rows": 646, "Plan Width": 33, "Inner Unique": true, "Merge Cond": "(ci.movie_id = t.id)", "Plans": [{"Node Type": "Nested Loop", "Parent Relationship": "Outer", "Join Type": "Inner", "Startup Cost": 60051235465.84, "Total Cost": 5721925336380.1, "Plan Rows": 646, "Plan Width": 24, "Inner Unique": true, "Join Filter": "(mc.company_id = cn.id)", "Plans": [{"Node Type": "Nested Loop", "Parent Relationship": "Outer", "Join Type": "Inner", "Startup Cost": 50051235465.84, "Total Cost": 4721924164513.91, "Plan Rows": 1290, "Plan Width": 28, "Inner Unique": false, "Join Filter": "(ci.movie_id = mc.movie_id)", "Plans": [{"Node Type": "Index Scan", "Parent Relationship": "Outer", "Scan Direction": "Forward", "Index Name": "movie_id_movie_companies", "Relation Name": "movie_companies", "Alias": "mc", "Startup Cost": 10000000000.0, "Total Cost": 1000014356510.13, "Plan Rows": 36426, "Plan Width": 8, "Filter": "(((note)::text ~~ '%(Japan)%'::text) AND ((note)::text !~~ '%(USA)%'::text))"}, {"Node Type": "Materialize", "Parent Relationship": "Inner", "Startup Cost": 40051235465.84, "Total Cost": 3721908955639.28, "Plan Rows": 1560, "Plan Width": 20, "Plans": [{"Node Type": "Nested Loop", "Parent Relationship": "Outer", "Join Type": "Inner", "Startup Cost": 40051235465.84, "Total Cost": 3721908955631.48, "Plan Rows": 1560, "Plan Width": 20, "Inner Unique": true, "Join Filter": "(ci.role_id = rt.id)", "Plans": [{"Node Type": "Merge Join", "Parent Relationship": "Outer", "Join Type": "Inner", "Startup Cost": 30051235465.84, "Total Cost": 2721908954128.06, "Plan Rows": 17161, "Plan Width": 24, "Inner Unique": false, "Merge Cond": "(an1.person_id = ci.person_id)", "Plans": [{"Node Type": "Merge Join", "Parent Relationship": "Outer", "Join Type": "Inner", "Startup Cost": 20030754356.47, "Total Cost": 2000026606025.89, "Plan Rows": 16627, "Plan Width": 24, "Inner Unique": true, "Merge Cond": "(an1.person_id = n1.id)", "Plans": [{"Node Type": "Index Scan", "Parent Relationship": "Outer", "Scan Direction": "Forward", "Index Name": "person_id_aka_name", "Relation Name": "aka_name", "Alias": "an1", "Startup Cost": 10000000000.0, "Total Cost": 1000006896503.43, "Plan Rows": 901342, "Plan Width": 20}, {"Node Type": "Materialize", "Parent Relationship": "Inner", "Startup Cost": 10000000000.0, "Total Cost": 1000019707054.42, "Plan Rows": 13886, "Plan Width": 4, "Plans": [{"Node Type": "Index Scan", "Parent Relationship": "Outer", "Scan Direction": "Forward", "Index Name": "name_pkey", "Relation Name": "name", "Alias": "n1", "Startup Cost": 10000000000.0, "Total Cost": 1000019707019.7, "Plan Rows": 13886, "Plan Width": 4, "Filter": "(((name)::text ~~ '%Yo%'::text) AND ((name)::text !~~ '%Yu%'::text))"}]}]}, {"Node Type": "Index Scan", "Parent Relationship": "Inner", "Scan Direction": "Forward", "Index Name": "person_id_cast_info", "Relation Name": "cast_info", "Alias": "ci", "Startup Cost": 10000000000.0, "Total Cost": 1000179713706.71, "Plan Rows": 96692, "Plan Width": 12, "Filter": "((note)::text = '(voice: English version)'::text)"}]}, {"Node Type": "Materialize", "Parent Relationship": "Inner", "Startup Cost": 10000000000.0, "Total Cost": 1000000001246.0, "Plan Rows": 1, "Plan Width": 4, "Plans": [{"Node Type": "Index Scan", "Parent Relationship": "Outer", "Scan Direction": "Forward", "Index Name": "role_type_pkey", "Relation Name": "role_type", "Alias": "rt", "Startup Cost": 10000000000.0, "Total Cost": 1000000001246.0, "Plan Rows": 1, "Plan Width": 4, "Filter": "((role)::text = 'actress'::text)"}]}]}]}]}, {"Node Type": "Materialize", "Parent Relationship": "Inner", "Startup Cost": 10000000000.0, "Total Cost": 1000001050170.42, "Plan Rows": 6290, "Plan Width": 4, "Plans": [{"Node Type": "Index Scan", "Parent Relationship": "Outer", "Scan Direction": "Forward", "Index Name": "company_name_pkey", "Relation Name": "company_name", "Alias": "cn", "Startup Cost": 10000000000.0, "Total Cost": 1000001050138.97, "Plan Rows": 6290, "Plan Width": 4, "Filter": "((country_code)::text = '[jp]'::text)"}]}]}, {"Node Type": "Index Scan", "Parent Relationship": "Inner", "Scan Direction": "Forward", "Index Name": "title_pkey", "Relation Name": "title", "Alias": "t", "Startup Cost": 10000000000.0, "Total Cost": 1000011012048.91, "Plan Rows": 2528311, "Plan Width": 21}]}]}, "Unique SQL Id": 3544391839, "Planner Runtime": 98}, "explain_analyze_plan": null}, "(64, 32)": {"explain_plan": {"Plan": {"Node Type": "Aggregate", "Strategy": "Plain", "Startup Cost": 90333.08, "Total Cost": 90333.09, "Plan Rows": 1, "Plan Width": 97, "Plans": [{"Node Type": "Nested Loop", "Parent Relationship": "Outer", "Join Type": "Inner", "Startup Cost": 5982.08, "Total Cost": 90333.02, "Plan Rows": 12, "Plan Width": 33, "Inner Unique": true, "Plans": [{"Node Type": "Nested Loop", "Parent Relationship": "Outer", "Join Type": "Inner", "Startup Cost": 5982.08, "Total Cost": 89957.48, "Plan Rows": 645, "Plan Width": 41, "Inner Unique": false, "Plans": [{"Node Type": "Nested Loop", "Parent Relationship": "Outer", "Join Type": "Inner", "Startup Cost": 5982.08, "Total Cost": 89503.27, "Plan Rows": 532, "Plan Width": 21, "Inner Unique": false, "Join Filter": "(ci.role_id = rt.id)", "Plans": [{"Node Type": "Seq Scan", "Parent Relationship": "Outer", "Relation Name": "role_type", "Alias": "rt", "Startup Cost": 0.0, "Total Cost": 1.15, "Plan Rows": 1, "Plan Width": 4, "Filter": "((role)::text = 'actress'::text)"}, {"Node Type": "Nested Loop", "Parent Relationship": "Inner", "Join Type": "Inner", "Startup Cost": 5982.08, "Total Cost": 89429.03, "Plan Rows": 5847, "Plan Width": 25, "Inner Unique": false, "Plans": [{"Node Type": "Nested Loop", "Parent Relationship": "Outer", "Join Type": "Inner", "Startup Cost": 5982.08, "Total Cost": 83686.44, "Plan Rows": 5775, "Plan Width": 25, "Inner Unique": true, "Plans": [{"Node Type": "Hash Join", "Parent Relationship": "Outer", "Join Type": "Inner", "Startup Cost": 5982.08, "Total Cost": 61039.34, "Plan Rows": 5775, "Plan Width": 4, "Inner Unique": true, "Hash Cond": "(mc.company_id = cn.id)", "Plans": [{"Node Type": "Seq Scan", "Parent Relationship": "Outer", "Relation Name": "movie_companies", "Alias": "mc", "Startup Cost": 0.0, "Total Cost": 54862.92, "Plan Rows": 36426, "Plan Width": 8, "Filter": "(((note)::text ~~ '%(Japan)%'::text) AND ((note)::text !~~ '%(USA)%'::text))"}, {"Node Type": "Hash", "Parent Relationship": "Inner", "Startup Cost": 5903.45, "Total Cost": 5903.45, "Plan Rows": 6290, "Plan Width": 4, "Plans": [{"Node Type": "Seq Scan", "Parent Relationship": "Outer", "Relation Name": "company_name", "Alias": "cn", "Startup Cost": 0.0, "Total Cost": 5903.45, "Plan Rows": 6290, "Plan Width": 4, "Filter": "((country_code)::text = '[jp]'::text)"}]}]}, {"Node Type": "Index Scan", "Parent Relationship": "Inner", "Scan Direction": "Forward", "Index Name": "title_pkey", "Relation Name": "title", "Alias": "t", "Startup Cost": 0.0, "Total Cost": 3.91, "Plan Rows": 1, "Plan Width": 21, "Index Cond": "(id = mc.movie_id)"}]}, {"Node Type": "Index Scan", "Parent Relationship": "Inner", "Scan Direction": "Forward", "Index Name": "movie_id_cast_info", "Relation Name": "cast_info", "Alias": "ci", "Startup Cost": 0.0, "Total Cost": 0.98, "Plan Rows": 1, "Plan Width": 12, "Index Cond": "(movie_id = t.id)", "Filter": "((note)::text = '(voice: English version)'::text)"}]}]}, {"Node Type": "Index Scan", "Parent Relationship": "Inner", "Scan Direction": "Forward", "Index Name": "person_id_aka_name", "Relation Name": "aka_name", "Alias": "an1", "Startup Cost": 0.0, "Total Cost": 0.84, "Plan Rows": 1, "Plan Width": 20, "Index Cond": "(person_id = ci.person_id)"}]}, {"Node Type": "Index Scan", "Parent Relationship": "Inner", "Scan Direction": "Forward", "Index Name": "name_pkey", "Relation Name": "name", "Alias": "n1", "Startup Cost": 0.0, "Total Cost": 0.57, "Plan Rows": 1, "Plan Width": 4, "Index Cond": "(id = an1.person_id)", "Filter": "(((name)::text ~~ '%Yo%'::text) AND ((name)::text !~~ '%Yu%'::text))"}]}]}, "Unique SQL Id": 3544391839, "Planner Runtime": 21}, "explain_analyze_plan": {"Plan": {"Node Type": "Aggregate", "Strategy": "Plain", "Startup Cost": 90333.08, "Total Cost": 90333.09, "Plan Rows": 1, "Plan Width": 97, "Actual Startup Time": 4158.304, "Actual Total Time": 4158.305, "Actual Rows": 1, "Actual Loops": 1, "Plans": [{"Node Type": "Nested Loop", "Parent Relationship": "Outer", "Join Type": "Inner", "Startup Cost": 5982.08, "Total Cost": 90333.02, "Plan Rows": 12, "Plan Width": 33, "Actual Startup Time": 375.733, "Actual Total Time": 4158.064, "Actual Rows": 62, "Actual Loops": 1, "Inner Unique": true, "Plans": [{"Node Type": "Nested Loop", "Parent Relationship": "Outer", "Join Type": "Inner", "Startup Cost": 5982.08, "Total Cost": 89957.48, "Plan Rows": 645, "Plan Width": 41, "Actual Startup Time": 84.871, "Actual Total Time": 4085.038, "Actual Rows": 17379, "Actual Loops": 1, "Inner Unique": false, "Plans": [{"Node Type": "Nested Loop", "Parent Relationship": "Outer", "Join Type": "Inner", "Startup Cost": 5982.08, "Total Cost": 89503.27, "Plan Rows": 532, "Plan Width": 21, "Actual Startup Time": 84.854, "Actual Total Time": 4037.651, "Actual Rows": 7438, "Actual Loops": 1, "Inner Unique": false, "Join Filter": "(ci.role_id = rt.id)", "Rows Removed by Join Filter": 12162, "Plans": [{"Node Type": "Seq Scan", "Parent Relationship": "Outer", "Relation Name": "role_type", "Alias": "rt", "Startup Cost": 0.0, "Total Cost": 1.15, "Plan Rows": 1, "Plan Width": 4, "Actual Startup Time": 0.033, "Actual Total Time": 0.039, "Actual Rows": 1, "Actual Loops": 1, "Filter": "((role)::text = 'actress'::text)", "Rows Removed by Filter": 11}, {"Node Type": "Nested Loop", "Parent Relationship": "Inner", "Join Type": "Inner", "Startup Cost": 5982.08, "Total Cost": 89429.03, "Plan Rows": 5847, "Plan Width": 25, "Actual Startup Time": 84.811, "Actual Total Time": 4031.894, "Actual Rows": 19600, "Actual Loops": 1, "Inner Unique": false, "Plans": [{"Node Type": "Nested Loop", "Parent Relationship": "Outer", "Join Type": "Inner", "Startup Cost": 5982.08, "Total Cost": 83686.44, "Plan Rows": 5775, "Plan Width": 25, "Actual Startup Time": 84.674, "Actual Total Time": 1322.2, "Actual Rows": 48328, "Actual Loops": 1, "Inner Unique": true, "Plans": [{"Node Type": "Hash Join", "Parent Relationship": "Outer", "Join Type": "Inner", "Startup Cost": 5982.08, "Total Cost": 61039.34, "Plan Rows": 5775, "Plan Width": 4, "Actual Startup Time": 84.622, "Actual Total Time": 1077.922, "Actual Rows": 48328, "Actual Loops": 1, "Inner Unique": true, "Hash Cond": "(mc.company_id = cn.id)", "Plans": [{"Node Type": "Seq Scan", "Parent Relationship": "Outer", "Relation Name": "movie_companies", "Alias": "mc", "Startup Cost": 0.0, "Total Cost": 54862.92, "Plan Rows": 36426, "Plan Width": 8, "Actual Startup Time": 0.237, "Actual Total Time": 960.131, "Actual Rows": 48897, "Actual Loops": 1, "Filter": "(((note)::text ~~ '%(Japan)%'::text) AND ((note)::text !~~ '%(USA)%'::text))", "Rows Removed by Filter": 2560231}, {"Node Type": "Hash", "Parent Relationship": "Inner", "Startup Cost": 5903.45, "Total Cost": 5903.45, "Plan Rows": 6290, "Plan Width": 4, "Actual Startup Time": 84.313, "Actual Total Time": 84.313, "Actual Rows": 6752, "Actual Loops": 1, "Hash Buckets": 32768, "Hash Batches": 1, "Original Hash Batches": 1, "Peak Memory Usage": 238, "Plans": [{"Node Type": "Seq Scan", "Parent Relationship": "Outer", "Relation Name": "company_name", "Alias": "cn", "Startup Cost": 0.0, "Total Cost": 5903.45, "Plan Rows": 6290, "Plan Width": 4, "Actual Startup Time": 0.027, "Actual Total Time": 82.123, "Actual Rows": 6752, "Actual Loops": 1, "Filter": "((country_code)::text = '[jp]'::text)", "Rows Removed by Filter": 228244}]}]}, {"Node Type": "Index Scan", "Parent Relationship": "Inner", "Scan Direction": "Forward", "Index Name": "title_pkey", "Relation Name": "title", "Alias": "t", "Startup Cost": 0.0, "Total Cost": 3.91, "Plan Rows": 1, "Plan Width": 21, "Actual Startup Time": 203.337, "Actual Total Time": 203.337, "Actual Rows": 48328, "Actual Loops": 48328, "Index Cond": "(id = mc.movie_id)", "Rows Removed by Index Recheck": 0}]}, {"Node Type": "Index Scan", "Parent Relationship": "Inner", "Scan Direction": "Forward", "Index Name": "movie_id_cast_info", "Relation Name": "cast_info", "Alias": "ci", "Startup Cost": 0.0, "Total Cost": 0.98, "Plan Rows": 1, "Plan Width": 12, "Actual Startup Time": 2557.934, "Actual Total Time": 2679.268, "Actual Rows": 19600, "Actual Loops": 48328, "Index Cond": "(movie_id = t.id)", "Rows Removed by Index Recheck": 0, "Filter": "((note)::text = '(voice: English version)'::text)", "Rows Removed by Filter": 1531710}]}]}, {"Node Type": "Index Scan", "Parent Relationship": "Inner", "Scan Direction": "Forward", "Index Name": "person_id_aka_name", "Relation Name": "aka_name", "Alias": "an1", "Startup Cost": 0.0, "Total Cost": 0.84, "Plan Rows": 1, "Plan Width": 20, "Actual Startup Time": 30.669, "Actual Total Time": 38.584, "Actual Rows": 17379, "Actual Loops": 7438, "Index Cond": "(person_id = ci.person_id)", "Rows Removed by Index Recheck": 0}]}, {"Node Type": "Index Scan", "Parent Relationship": "Inner", "Scan Direction": "Forward", "Index Name": "name_pkey", "Relation Name": "name", "Alias": "n1", "Startup Cost": 0.0, "Total Cost": 0.57, "Plan Rows": 1, "Plan Width": 4, "Actual Startup Time": 64.261, "Actual Total Time": 64.261, "Actual Rows": 62, "Actual Loops": 17379, "Index Cond": "(id = an1.person_id)", "Rows Removed by Index Recheck": 0, "Filter": "(((name)::text ~~ '%Yo%'::text) AND ((name)::text !~~ '%Yu%'::text))", "Rows Removed by Filter": 17317}]}]}, "Triggers": [], "Planner Runtime": 21, "Total Runtime": 4158.7, "Unique SQL Id": 3544391839}}, "(64, 33)": {"explain_plan": {"Plan": {"Node Type": "Aggregate", "Strategy": "Plain", "Startup Cost": 109007.69, "Total Cost": 109007.7, "Plan Rows": 1, "Plan Width": 97, "Plans": [{"Node Type": "Nested Loop", "Parent Relationship": "Outer", "Join Type": "Inner", "Startup Cost": 2780.8, "Total Cost": 109007.63, "Plan Rows": 12, "Plan Width": 33, "Inner Unique": true, "Plans": [{"Node Type": "Nested Loop", "Parent Relationship": "Outer", "Join Type": "Inner", "Startup Cost": 2780.8, "Total Cost": 108632.09, "Plan Rows": 645, "Plan Width": 41, "Inner Unique": false, "Plans": [{"Node Type": "Nested Loop", "Parent Relationship": "Outer", "Join Type": "Inner", "Startup Cost": 2780.8, "Total Cost": 108177.88, "Plan Rows": 532, "Plan Width": 21, "Inner Unique": false, "Join Filter": "(ci.role_id = rt.id)", "Plans": [{"Node Type": "Index Scan", "Parent Relationship": "Outer", "Scan Direction": "Forward", "Index Name": "role_type_pkey", "Relation Name": "role_type", "Alias": "rt", "Startup Cost": 0.0, "Total Cost": 12.46, "Plan Rows": 1, "Plan Width": 4, "Filter": "((role)::text = 'actress'::text)"}, {"Node Type": "Nested Loop", "Parent Relationship": "Inner", "Join Type": "Inner", "Startup Cost": 2780.8, "Total Cost": 108092.33, "Plan Rows": 5847, "Plan Width": 25, "Inner Unique": false, "Plans": [{"Node Type": "Nested Loop", "Parent Relationship": "Outer", "Join Type": "Inner", "Startup Cost": 2780.8, "Total Cost": 102349.74, "Plan Rows": 5775, "Plan Width": 25, "Inner Unique": true, "Plans": [{"Node Type": "Nested Loop", "Parent Relationship": "Outer", "Join Type": "Inner", "Startup Cost": 2780.8, "Total Cost": 79702.64, "Plan Rows": 5775, "Plan Width": 4, "Inner Unique": false, "Plans": [{"Node Type": "Bitmap Heap Scan", "Parent Relationship": "Outer", "Relation Name": "company_name", "Alias": "cn", "Startup Cost": 2780.8, "Total Cost": 8684.25, "Plan Rows": 6290, "Plan Width": 4, "Filter": "((country_code)::text = '[jp]'::text)", "Plans": [{"Node Type": "Bitmap Index Scan", "Parent Relationship": "Outer", "Index Name": "company_name_pkey", "Startup Cost": 0.0, "Total Cost": 2779.23, "Plan Rows": 234996, "Plan Width": 0}]}, {"Node Type": "Index Scan", "Parent Relationship": "Inner", "Scan Direction": "Forward", "Index Name": "company_id_movie_companies", "Relation Name": "movie_companies", "Alias": "mc", "Startup Cost": 0.0, "Total Cost": 11.28, "Plan Rows": 1, "Plan Width": 8, "Index Cond": "(company_id = cn.id)", "Filter": "(((note)::text ~~ '%(Japan)%'::text) AND ((note)::text !~~ '%(USA)%'::text))"}]}, {"Node Type": "Index Scan", "Parent Relationship": "Inner", "Scan Direction": "Forward", "Index Name": "title_pkey", "Relation Name": "title", "Alias": "t", "Startup Cost": 0.0, "Total Cost": 3.91, "Plan Rows": 1, "Plan Width": 21, "Index Cond": "(id = mc.movie_id)"}]}, {"Node Type": "Index Scan", "Parent Relationship": "Inner", "Scan Direction": "Forward", "Index Name": "movie_id_cast_info", "Relation Name": "cast_info", "Alias": "ci", "Startup Cost": 0.0, "Total Cost": 0.98, "Plan Rows": 1, "Plan Width": 12, "Index Cond": "(movie_id = t.id)", "Filter": "((note)::text = '(voice: English version)'::text)"}]}]}, {"Node Type": "Index Scan", "Parent Relationship": "Inner", "Scan Direction": "Forward", "Index Name": "person_id_aka_name", "Relation Name": "aka_name", "Alias": "an1", "Startup Cost": 0.0, "Total Cost": 0.84, "Plan Rows": 1, "Plan Width": 20, "Index Cond": "(person_id = ci.person_id)"}]}, {"Node Type": "Index Scan", "Parent Relationship": "Inner", "Scan Direction": "Forward", "Index Name": "name_pkey", "Relation Name": "name", "Alias": "n1", "Startup Cost": 0.0, "Total Cost": 0.57, "Plan Rows": 1, "Plan Width": 4, "Index Cond": "(id = an1.person_id)", "Filter": "(((name)::text ~~ '%Yo%'::text) AND ((name)::text !~~ '%Yu%'::text))"}]}]}, "Unique SQL Id": 3544391839, "Planner Runtime": 16}, "explain_analyze_plan": {"Plan": {"Node Type": "Aggregate", "Strategy": "Plain", "Startup Cost": 109007.69, "Total Cost": 109007.7, "Plan Rows": 1, "Plan Width": 97, "Actual Startup Time": 3922.823, "Actual Total Time": 3922.824, "Actual Rows": 1, "Actual Loops": 1, "Plans": [{"Node Type": "Nested Loop", "Parent Relationship": "Outer", "Join Type": "Inner", "Startup Cost": 2780.8, "Total Cost": 109007.63, "Plan Rows": 12, "Plan Width": 33, "Actual Startup Time": 314.814, "Actual Total Time": 3922.514, "Actual Rows": 62, "Actual Loops": 1, "Inner Unique": true, "Plans": [{"Node Type": "Nested Loop", "Parent Relationship": "Outer", "Join Type": "Inner", "Startup Cost": 2780.8, "Total Cost": 108632.09, "Plan Rows": 645, "Plan Width": 41, "Actual Startup Time": 22.215, "Actual Total Time": 3845.016, "Actual Rows": 17379, "Actual Loops": 1, "Inner Unique": false, "Plans": [{"Node Type": "Nested Loop", "Parent Relationship": "Outer", "Join Type": "Inner", "Startup Cost": 2780.8, "Total Cost": 108177.88, "Plan Rows": 532, "Plan Width": 21, "Actual Startup Time": 22.197, "Actual Total Time": 3792.598, "Actual Rows": 7438, "Actual Loops": 1, "Inner Unique": false, "Join Filter": "(ci.role_id = rt.id)", "Rows Removed by Join Filter": 12162, "Plans": [{"Node Type": "Index Scan", "Parent Relationship": "Outer", "Scan Direction": "Forward", "Index Name": "role_type_pkey", "Relation Name": "role_type", "Alias": "rt", "Startup Cost": 0.0, "Total Cost": 12.46, "Plan Rows": 1, "Plan Width": 4, "Actual Startup Time": 0.042, "Actual Total Time": 0.056, "Actual Rows": 1, "Actual Loops": 1, "Filter": "((role)::text = 'actress'::text)", "Rows Removed by Filter": 11}, {"Node Type": "Nested Loop", "Parent Relationship": "Inner", "Join Type": "Inner", "Startup Cost": 2780.8, "Total Cost": 108092.33, "Plan Rows": 5847, "Plan Width": 25, "Actual Startup Time": 22.147, "Actual Total Time": 3787.147, "Actual Rows": 19600, "Actual Loops": 1, "Inner Unique": false, "Plans": [{"Node Type": "Nested Loop", "Parent Relationship": "Outer", "Join Type": "Inner", "Startup Cost": 2780.8, "Total Cost": 102349.74, "Plan Rows": 5775, "Plan Width": 25, "Actual Startup Time": 22.063, "Actual Total Time": 716.483, "Actual Rows": 48328, "Actual Loops": 1, "Inner Unique": true, "Plans": [{"Node Type": "Nested Loop", "Parent Relationship": "Outer", "Join Type": "Inner", "Startup Cost": 2780.8, "Total Cost": 79702.64, "Plan Rows": 5775, "Plan Width": 4, "Actual Startup Time": 22.045, "Actual Total Time": 388.074, "Actual Rows": 48328, "Actual Loops": 1, "Inner Unique": false, "Plans": [{"Node Type": "Bitmap Heap Scan", "Parent Relationship": "Outer", "Relation Name": "company_name", "Alias": "cn", "Startup Cost": 2780.8, "Total Cost": 8684.25, "Plan Rows": 6290, "Plan Width": 4, "Actual Startup Time": 21.999, "Actual Total Time": 147.353, "Actual Rows": 6752, "Actual Loops": 1, "Filter": "((country_code)::text = '[jp]'::text)", "Rows Removed by Filter": 228244, "Exact Heap Blocks": 2966, "Lossy Heap Blocks": 2966, "Plans": [{"Node Type": "Bitmap Index Scan", "Parent Relationship": "Outer", "Index Name": "company_name_pkey", "Startup Cost": 0.0, "Total Cost": 2779.23, "Plan Rows": 234996, "Plan Width": 0, "Actual Startup Time": 21.525, "Actual Total Time": 21.525, "Actual Rows": 234996, "Actual Loops": 1}]}, {"Node Type": "Index Scan", "Parent Relationship": "Inner", "Scan Direction": "Forward", "Index Name": "company_id_movie_companies", "Relation Name": "movie_companies", "Alias": "mc", "Startup Cost": 0.0, "Total Cost": 11.28, "Plan Rows": 1, "Plan Width": 8, "Actual Startup Time": 62.414, "Actual Total Time": 224.565, "Actual Rows": 48328, "Actual Loops": 6752, "Index Cond": "(company_id = cn.id)", "Rows Removed by Index Recheck": 0, "Filter": "(((note)::text ~~ '%(Japan)%'::text) AND ((note)::text !~~ '%(USA)%'::text))", "Rows Removed by Filter": 56667}]}, {"Node Type": "Index Scan", "Parent Relationship": "Inner", "Scan Direction": "Forward", "Index Name": "title_pkey", "Relation Name": "title", "Alias": "t", "Startup Cost": 0.0, "Total Cost": 3.91, "Plan Rows": 1, "Plan Width": 21, "Actual Startup Time": 286.311, "Actual Total Time": 286.311, "Actual Rows": 48328, "Actual Loops": 48328, "Index Cond": "(id = mc.movie_id)", "Rows Removed by Index Recheck": 0}]}, {"Node Type": "Index Scan", "Parent Relationship": "Inner", "Scan Direction": "Forward", "Index Name": "movie_id_cast_info", "Relation Name": "cast_info", "Alias": "ci", "Startup Cost": 0.0, "Total Cost": 0.98, "Plan Rows": 1, "Plan Width": 12, "Actual Startup Time": 2903.218, "Actual Total Time": 3038.314, "Actual Rows": 19600, "Actual Loops": 48328, "Index Cond": "(movie_id = t.id)", "Rows Removed by Index Recheck": 0, "Filter": "((note)::text = '(voice: English version)'::text)", "Rows Removed by Filter": 1531710}]}]}, {"Node Type": "Index Scan", "Parent Relationship": "Inner", "Scan Direction": "Forward", "Index Name": "person_id_aka_name", "Relation Name": "aka_name", "Alias": "an1", "Startup Cost": 0.0, "Total Cost": 0.84, "Plan Rows": 1, "Plan Width": 20, "Actual Startup Time": 34.881, "Actual Total Time": 43.41, "Actual Rows": 17379, "Actual Loops": 7438, "Index Cond": "(person_id = ci.person_id)", "Rows Removed by Index Recheck": 0}]}, {"Node Type": "Index Scan", "Parent Relationship": "Inner", "Scan Direction": "Forward", "Index Name": "name_pkey", "Relation Name": "name", "Alias": "n1", "Startup Cost": 0.0, "Total Cost": 0.57, "Plan Rows": 1, "Plan Width": 4, "Actual Startup Time": 68.589, "Actual Total Time": 68.589, "Actual Rows": 62, "Actual Loops": 17379, "Index Cond": "(id = an1.person_id)", "Rows Removed by Index Recheck": 0, "Filter": "(((name)::text ~~ '%Yo%'::text) AND ((name)::text !~~ '%Yu%'::text))", "Rows Removed by Filter": 17317}]}]}, "Triggers": [], "Planner Runtime": 6, "Total Runtime": 3923.255, "Unique SQL Id": 3544391839}}, "(64, 34)": {"explain_plan": {"Plan": {"Node Type": "Aggregate", "Strategy": "Plain", "Startup Cost": 123512.13, "Total Cost": 123512.14, "Plan Rows": 1, "Plan Width": 97, "Plans": [{"Node Type": "Nested Loop", "Parent Relationship": "Outer", "Join Type": "Inner", "Startup Cost": 5984.57, "Total Cost": 123508.9, "Plan Rows": 646, "Plan Width": 33, "Inner Unique": true, "Plans": [{"Node Type": "Nested Loop", "Parent Relationship": "Outer", "Join Type": "Inner", "Startup Cost": 5984.25, "Total Cost": 120700.31, "Plan Rows": 645, "Plan Width": 41, "Inner Unique": false, "Plans": [{"Node Type": "Nested Loop", "Parent Relationship": "Outer", "Join Type": "Inner", "Startup Cost": 5983.86, "Total Cost": 118357.75, "Plan Rows": 532, "Plan Width": 21, "Inner Unique": false, "Join Filter": "(ci.role_id = rt.id)", "Plans": [{"Node Type": "Seq Scan", "Parent Relationship": "Outer", "Relation Name": "role_type", "Alias": "rt", "Startup Cost": 0.0, "Total Cost": 1.15, "Plan Rows": 1, "Plan Width": 4, "Filter": "((role)::text = 'actress'::text)"}, {"Node Type": "Nested Loop", "Parent Relationship": "Inner", "Join Type": "Inner", "Startup Cost": 5983.86, "Total Cost": 118283.51, "Plan Rows": 5847, "Plan Width": 25, "Inner Unique": false, "Plans": [{"Node Type": "Nested Loop", "Parent Relationship": "Outer", "Join Type": "Inner", "Startup Cost": 5983.35, "Total Cost": 91625.69, "Plan Rows": 5775, "Plan Width": 25, "Inner Unique": true, "Plans": [{"Node Type": "Hash Join", "Parent Relationship": "Outer", "Join Type": "Inner", "Startup Cost": 5982.08, "Total Cost": 61039.34, "Plan Rows": 5775, "Plan Width": 4, "Inner Unique": true, "Hash Cond": "(mc.company_id = cn.id)", "Plans": [{"Node Type": "Seq Scan", "Parent Relationship": "Outer", "Relation Name": "movie_companies", "Alias": "mc", "Startup Cost": 0.0, "Total Cost": 54862.92, "Plan Rows": 36426, "Plan Width": 8, "Filter": "(((note)::text ~~ '%(Japan)%'::text) AND ((note)::text !~~ '%(USA)%'::text))"}, {"Node Type": "Hash", "Parent Relationship": "Inner", "Startup Cost": 5903.45, "Total Cost": 5903.45, "Plan Rows": 6290, "Plan Width": 4, "Plans": [{"Node Type": "Seq Scan", "Parent Relationship": "Outer", "Relation Name": "company_name", "Alias": "cn", "Startup Cost": 0.0, "Total Cost": 5903.45, "Plan Rows": 6290, "Plan Width": 4, "Filter": "((country_code)::text = '[jp]'::text)"}]}]}, {"Node Type": "Bitmap Heap Scan", "Parent Relationship": "Inner", "Relation Name": "title", "Alias": "t", "Startup Cost": 1.27, "Total Cost": 5.29, "Plan Rows": 1, "Plan Width": 21, "Recheck Cond": "(id = mc.movie_id)", "Plans": [{"Node Type": "Bitmap Index Scan", "Parent Relationship": "Outer", "Index Name": "title_pkey", "Startup Cost": 0.0, "Total Cost": 1.27, "Plan Rows": 1, "Plan Width": 0, "Index Cond": "(id = mc.movie_id)"}]}]}, {"Node Type": "Bitmap Heap Scan", "Parent Relationship": "Inner", "Relation Name": "cast_info", "Alias": "ci", "Startup Cost": 0.52, "Total Cost": 4.61, "Plan Rows": 1, "Plan Width": 12, "Recheck Cond": "(movie_id = t.id)", "Filter": "((note)::text = '(voice: English version)'::text)", "Plans": [{"Node Type": "Bitmap Index Scan", "Parent Relationship": "Outer", "Index Name": "movie_id_cast_info", "Startup Cost": 0.0, "Total Cost": 0.52, "Plan Rows": 6, "Plan Width": 0, "Index Cond": "(movie_id = t.id)"}]}]}]}, {"Node Type": "Bitmap Heap Scan", "Parent Relationship": "Inner", "Relation Name": "aka_name", "Alias": "an1", "Startup Cost": 0.38, "Total Cost": 4.39, "Plan Rows": 1, "Plan Width": 20, "Recheck Cond": "(person_id = ci.person_id)", "Plans": [{"Node Type": "Bitmap Index Scan", "Parent Relationship": "Outer", "Index Name": "person_id_aka_name", "Startup Cost": 0.0, "Total Cost": 0.38, "Plan Rows": 1, "Plan Width": 0, "Index Cond": "(person_id = ci.person_id)"}]}]}, {"Node Type": "Bitmap Heap Scan", "Parent Relationship": "Inner", "Relation Name": "name", "Alias": "n1", "Startup Cost": 0.33, "Total Cost": 4.34, "Plan Rows": 1, "Plan Width": 4, "Recheck Cond": "(id = an1.person_id)", "Filter": "(((name)::text ~~ '%Yo%'::text) AND ((name)::text !~~ '%Yu%'::text))", "Plans": [{"Node Type": "Bitmap Index Scan", "Parent Relationship": "Outer", "Index Name": "name_pkey", "Startup Cost": 0.0, "Total Cost": 0.33, "Plan Rows": 1, "Plan Width": 0, "Index Cond": "(id = an1.person_id)"}]}]}]}, "Unique SQL Id": 3544391839, "Planner Runtime": 42}, "explain_analyze_plan": {"Plan": {"Node Type": "Aggregate", "Strategy": "Plain", "Startup Cost": 123512.13, "Total Cost": 123512.14, "Plan Rows": 1, "Plan Width": 97, "Actual Startup Time": 5152.064, "Actual Total Time": 5152.065, "Actual Rows": 1, "Actual Loops": 1, "Plans": [{"Node Type": "Nested Loop", "Parent Relationship": "Outer", "Join Type": "Inner", "Startup Cost": 5984.57, "Total Cost": 123508.9, "Plan Rows": 646, "Plan Width": 33, "Actual Startup Time": 454.265, "Actual Total Time": 5151.794, "Actual Rows": 62, "Actual Loops": 1, "Inner Unique": true, "Plans": [{"Node Type": "Nested Loop", "Parent Relationship": "Outer", "Join Type": "Inner", "Startup Cost": 5984.25, "Total Cost": 120700.31, "Plan Rows": 645, "Plan Width": 41, "Actual Startup Time": 85.433, "Actual Total Time": 5051.01, "Actual Rows": 17379, "Actual Loops": 1, "Inner Unique": false, "Plans": [{"Node Type": "Nested Loop", "Parent Relationship": "Outer", "Join Type": "Inner", "Startup Cost": 5983.86, "Total Cost": 118357.75, "Plan Rows": 532, "Plan Width": 21, "Actual Startup Time": 85.401, "Actual Total Time": 4988.111, "Actual Rows": 7438, "Actual Loops": 1, "Inner Unique": false, "Join Filter": "(ci.role_id = rt.id)", "Rows Removed by Join Filter": 12162, "Plans": [{"Node Type": "Seq Scan", "Parent Relationship": "Outer", "Relation Name": "role_type", "Alias": "rt", "Startup Cost": 0.0, "Total Cost": 1.15, "Plan Rows": 1, "Plan Width": 4, "Actual Startup Time": 0.018, "Actual Total Time": 0.025, "Actual Rows": 1, "Actual Loops": 1, "Filter": "((role)::text = 'actress'::text)", "Rows Removed by Filter": 11}, {"Node Type": "Nested Loop", "Parent Relationship": "Inner", "Join Type": "Inner", "Startup Cost": 5983.86, "Total Cost": 118283.51, "Plan Rows": 5847, "Plan Width": 25, "Actual Startup Time": 85.373, "Actual Total Time": 4982.705, "Actual Rows": 19600, "Actual Loops": 1, "Inner Unique": false, "Plans": [{"Node Type": "Nested Loop", "Parent Relationship": "Outer", "Join Type": "Inner", "Startup Cost": 5983.35, "Total Cost": 91625.69, "Plan Rows": 5775, "Plan Width": 25, "Actual Startup Time": 85.185, "Actual Total Time": 1439.66, "Actual Rows": 48328, "Actual Loops": 1, "Inner Unique": true, "Plans": [{"Node Type": "Hash Join", "Parent Relationship": "Outer", "Join Type": "Inner", "Startup Cost": 5982.08, "Total Cost": 61039.34, "Plan Rows": 5775, "Plan Width": 4, "Actual Startup Time": 85.138, "Actual Total Time": 1083.325, "Actual Rows": 48328, "Actual Loops": 1, "Inner Unique": true, "Hash Cond": "(mc.company_id = cn.id)", "Plans": [{"Node Type": "Seq Scan", "Parent Relationship": "Outer", "Relation Name": "movie_companies", "Alias": "mc", "Startup Cost": 0.0, "Total Cost": 54862.92, "Plan Rows": 36426, "Plan Width": 8, "Actual Startup Time": 0.252, "Actual Total Time": 962.218, "Actual Rows": 48897, "Actual Loops": 1, "Filter": "(((note)::text ~~ '%(Japan)%'::text) AND ((note)::text !~~ '%(USA)%'::text))", "Rows Removed by Filter": 2560231}, {"Node Type": "Hash", "Parent Relationship": "Inner", "Startup Cost": 5903.45, "Total Cost": 5903.45, "Plan Rows": 6290, "Plan Width": 4, "Actual Startup Time": 84.81, "Actual Total Time": 84.81, "Actual Rows": 6752, "Actual Loops": 1, "Hash Buckets": 32768, "Hash Batches": 1, "Original Hash Batches": 1, "Peak Memory Usage": 238, "Plans": [{"Node Type": "Seq Scan", "Parent Relationship": "Outer", "Relation Name": "company_name", "Alias": "cn", "Startup Cost": 0.0, "Total Cost": 5903.45, "Plan Rows": 6290, "Plan Width": 4, "Actual Startup Time": 0.028, "Actual Total Time": 82.526, "Actual Rows": 6752, "Actual Loops": 1, "Filter": "((country_code)::text = '[jp]'::text)", "Rows Removed by Filter": 228244}]}]}, {"Node Type": "Bitmap Heap Scan", "Parent Relationship": "Inner", "Relation Name": "title", "Alias": "t", "Startup Cost": 1.27, "Total Cost": 5.29, "Plan Rows": 1, "Plan Width": 21, "Actual Startup Time": 277.167, "Actual Total Time": 277.167, "Actual Rows": 48328, "Actual Loops": 48328, "Recheck Cond": "(id = mc.movie_id)", "Rows Removed by Index Recheck": 0, "Exact Heap Blocks": 48328, "Lossy Heap Blocks": 48328, "Plans": [{"Node Type": "Bitmap Index Scan", "Parent Relationship": "Outer", "Index Name": "title_pkey", "Startup Cost": 0.0, "Total Cost": 1.27, "Plan Rows": 1, "Plan Width": 0, "Actual Startup Time": 150.702, "Actual Total Time": 150.702, "Actual Rows": 48328, "Actual Loops": 48328, "Index Cond": "(id = mc.movie_id)"}]}]}, {"Node Type": "Bitmap Heap Scan", "Parent Relationship": "Inner", "Relation Name": "cast_info", "Alias": "ci", "Startup Cost": 0.52, "Total Cost": 4.61, "Plan Rows": 1, "Plan Width": 12, "Actual Startup Time": 3327.115, "Actual Total Time": 3469.349, "Actual Rows": 19600, "Actual Loops": 48328, "Recheck Cond": "(movie_id = t.id)", "Rows Removed by Index Recheck": 0, "Filter": "((note)::text = '(voice: English version)'::text)", "Rows Removed by Filter": 1531710, "Exact Heap Blocks": 1503105, "Lossy Heap Blocks": 1503105, "Plans": [{"Node Type": "Bitmap Index Scan", "Parent Relationship": "Outer", "Index Name": "movie_id_cast_info", "Startup Cost": 0.0, "Total Cost": 0.52, "Plan Rows": 6, "Plan Width": 0, "Actual Startup Time": 449.419, "Actual Total Time": 449.419, "Actual Rows": 1551310, "Actual Loops": 48328, "Index Cond": "(movie_id = t.id)"}]}]}]}, {"Node Type": "Bitmap Heap Scan", "Parent Relationship": "Inner", "Relation Name": "aka_name", "Alias": "an1", "Startup Cost": 0.38, "Total Cost": 4.39, "Plan Rows": 1, "Plan Width": 20, "Actual Startup Time": 43.884, "Actual Total Time": 49.016, "Actual Rows": 17379, "Actual Loops": 7438, "Recheck Cond": "(person_id = ci.person_id)", "Rows Removed by Index Recheck": 0, "Exact Heap Blocks": 6514, "Lossy Heap Blocks": 6514, "Plans": [{"Node Type": "Bitmap Index Scan", "Parent Relationship": "Outer", "Index Name": "person_id_aka_name", "Startup Cost": 0.0, "Total Cost": 0.38, "Plan Rows": 1, "Plan Width": 0, "Actual Startup Time": 28.906, "Actual Total Time": 28.906, "Actual Rows": 17379, "Actual Loops": 7438, "Index Cond": "(person_id = ci.person_id)"}]}]}, {"Node Type": "Bitmap Heap Scan", "Parent Relationship": "Inner", "Relation Name": "name", "Alias": "n1", "Startup Cost": 0.33, "Total Cost": 4.34, "Plan Rows": 1, "Plan Width": 4, "Actual Startup Time": 80.091, "Actual Total Time": 80.091, "Actual Rows": 62, "Actual Loops": 17379, "Recheck Cond": "(id = an1.person_id)", "Rows Removed by Index Recheck": 0, "Filter": "(((name)::text ~~ '%Yo%'::text) AND ((name)::text !~~ '%Yu%'::text))", "Rows Removed by Filter": 17317, "Exact Heap Blocks": 17379, "Lossy Heap Blocks": 17379, "Plans": [{"Node Type": "Bitmap Index Scan", "Parent Relationship": "Outer", "Index Name": "name_pkey", "Startup Cost": 0.0, "Total Cost": 0.33, "Plan Rows": 1, "Plan Width": 0, "Actual Startup Time": 46.453, "Actual Total Time": 46.453, "Actual Rows": 17379, "Actual Loops": 17379, "Index Cond": "(id = an1.person_id)"}]}]}]}, "Triggers": [], "Planner Runtime": 41, "Total Runtime": 5152.507, "Unique SQL Id": 3544391839}}, "(64, 35)": {"explain_plan": {"Plan": {"Node Type": "Aggregate", "Strategy": "Plain", "Startup Cost": 166618.15, "Total Cost": 166618.16, "Plan Rows": 1, "Plan Width": 97, "Plans": [{"Node Type": "Nested Loop", "Parent Relationship": "Outer", "Join Type": "Inner", "Startup Cost": 2795.56, "Total Cost": 166618.09, "Plan Rows": 12, "Plan Width": 33, "Inner Unique": false, "Join Filter": "(n1.id = an1.person_id)", "Plans": [{"Node Type": "Nested Loop", "Parent Relationship": "Outer", "Join Type": "Inner", "Startup Cost": 2795.18, "Total Cost": 166274.44, "Plan Rows": 78, "Plan Width": 25, "Inner Unique": true, "Plans": [{"Node Type": "Nested Loop", "Parent Relationship": "Outer", "Join Type": "Inner", "Startup Cost": 2794.28, "Total Cost": 163651.8, "Plan Rows": 532, "Plan Width": 21, "Inner Unique": false, "Join Filter": "(ci.role_id = rt.id)", "Plans": [{"Node Type": "Bitmap Heap Scan", "Parent Relationship": "Outer", "Relation Name": "role_type", "Alias": "rt", "Startup Cost": 8.31, "Total Cost": 12.46, "Plan Rows": 1, "Plan Width": 4, "Filter": "((role)::text = 'actress'::text)", "Plans": [{"Node Type": "Bitmap Index Scan", "Parent Relationship": "Outer", "Index Name": "role_type_pkey", "Startup Cost": 0.0, "Total Cost": 8.31, "Plan Rows": 12, "Plan Width": 0}]}, {"Node Type": "Nested Loop", "Parent Relationship": "Inner", "Join Type": "Inner", "Startup Cost": 2785.97, "Total Cost": 163566.25, "Plan Rows": 5847, "Plan Width": 25, "Inner Unique": false, "Plans": [{"Node Type": "Nested Loop", "Parent Relationship": "Outer", "Join Type": "Inner", "Startup Cost": 2785.45, "Total Cost": 136908.44, "Plan Rows": 5775, "Plan Width": 25, "Inner Unique": true, "Plans": [{"Node Type": "Nested Loop", "Parent Relationship": "Outer", "Join Type": "Inner", "Startup Cost": 2784.18, "Total Cost": 106322.09, "Plan Rows": 5775, "Plan Width": 4, "Inner Unique": false, "Plans": [{"Node Type": "Bitmap Heap Scan", "Parent Relationship": "Outer", "Relation Name": "company_name", "Alias": "cn", "Startup Cost": 2780.8, "Total Cost": 8684.25, "Plan Rows": 6290, "Plan Width": 4, "Filter": "((country_code)::text = '[jp]'::text)", "Plans": [{"Node Type": "Bitmap Index Scan", "Parent Relationship": "Outer", "Index Name": "company_name_pkey", "Startup Cost": 0.0, "Total Cost": 2779.23, "Plan Rows": 234996, "Plan Width": 0}]}, {"Node Type": "Bitmap Heap Scan", "Parent Relationship": "Inner", "Relation Name": "movie_companies", "Alias": "mc", "Startup Cost": 3.37, "Total Cost": 15.51, "Plan Rows": 1, "Plan Width": 8, "Recheck Cond": "(company_id = cn.id)", "Filter": "(((note)::text ~~ '%(Japan)%'::text) AND ((note)::text !~~ '%(USA)%'::text))", "Plans": [{"Node Type": "Bitmap Index Scan", "Parent Relationship": "Outer", "Index Name": "company_id_movie_companies", "Startup Cost": 0.0, "Total Cost": 3.37, "Plan Rows": 15, "Plan Width": 0, "Index Cond": "(company_id = cn.id)"}]}]}, {"Node Type": "Bitmap Heap Scan", "Parent Relationship": "Inner", "Relation Name": "title", "Alias": "t", "Startup Cost": 1.27, "Total Cost": 5.29, "Plan Rows": 1, "Plan Width": 21, "Recheck Cond": "(id = mc.movie_id)", "Plans": [{"Node Type": "Bitmap Index Scan", "Parent Relationship": "Outer", "Index Name": "title_pkey", "Startup Cost": 0.0, "Total Cost": 1.27, "Plan Rows": 1, "Plan Width": 0, "Index Cond": "(id = mc.movie_id)"}]}]}, {"Node Type": "Bitmap Heap Scan", "Parent Relationship": "Inner", "Relation Name": "cast_info", "Alias": "ci", "Startup Cost": 0.52, "Total Cost": 4.61, "Plan Rows": 1, "Plan Width": 12, "Recheck Cond": "(movie_id = t.id)", "Filter": "((note)::text = '(voice: English version)'::text)", "Plans": [{"Node Type": "Bitmap Index Scan", "Parent Relationship": "Outer", "Index Name": "movie_id_cast_info", "Startup Cost": 0.0, "Total Cost": 0.52, "Plan Rows": 6, "Plan Width": 0, "Index Cond": "(movie_id = t.id)"}]}]}]}, {"Node Type": "Bitmap Heap Scan", "Parent Relationship": "Inner", "Relation Name": "name", "Alias": "n1", "Startup Cost": 0.9, "Total Cost": 4.92, "Plan Rows": 1, "Plan Width": 4, "Recheck Cond": "(id = ci.person_id)", "Filter": "(((name)::text ~~ '%Yo%'::text) AND ((name)::text !~~ '%Yu%'::text))", "Plans": [{"Node Type": "Bitmap Index Scan", "Parent Relationship": "Outer", "Index Name": "name_pkey", "Startup Cost": 0.0, "Total Cost": 0.9, "Plan Rows": 1, "Plan Width": 0, "Index Cond": "(id = ci.person_id)"}]}]}, {"Node Type": "Bitmap Heap Scan", "Parent Relationship": "Inner", "Relation Name": "aka_name", "Alias": "an1", "Startup Cost": 0.38, "Total Cost": 4.39, "Plan Rows": 1, "Plan Width": 20, "Recheck Cond": "(person_id = ci.person_id)", "Plans": [{"Node Type": "Bitmap Index Scan", "Parent Relationship": "Outer", "Index Name": "person_id_aka_name", "Startup Cost": 0.0, "Total Cost": 0.38, "Plan Rows": 1, "Plan Width": 0, "Index Cond": "(person_id = ci.person_id)"}]}]}]}, "Unique SQL Id": 3544391839, "Planner Runtime": 14}, "explain_analyze_plan": {"Plan": {"Node Type": "Aggregate", "Strategy": "Plain", "Startup Cost": 166618.15, "Total Cost": 166618.16, "Plan Rows": 1, "Plan Width": 97, "Actual Startup Time": 4635.618, "Actual Total Time": 4635.618, "Actual Rows": 1, "Actual Loops": 1, "Plans": [{"Node Type": "Nested Loop", "Parent Relationship": "Outer", "Join Type": "Inner", "Startup Cost": 2795.56, "Total Cost": 166618.09, "Plan Rows": 12, "Plan Width": 33, "Actual Startup Time": 357.9, "Actual Total Time": 4635.287, "Actual Rows": 62, "Actual Loops": 1, "Inner Unique": false, "Join Filter": "(n1.id = an1.person_id)", "Rows Removed by Join Filter": 0, "Plans": [{"Node Type": "Nested Loop", "Parent Relationship": "Outer", "Join Type": "Inner", "Startup Cost": 2795.18, "Total Cost": 166274.44, "Plan Rows": 78, "Plan Width": 25, "Actual Startup Time": 357.85, "Actual Total Time": 4634.45, "Actual Rows": 38, "Actual Loops": 1, "Inner Unique": true, "Plans": [{"Node Type": "Nested Loop", "Parent Relationship": "Outer", "Join Type": "Inner", "Startup Cost": 2794.28, "Total Cost": 163651.8, "Plan Rows": 532, "Plan Width": 21, "Actual Startup Time": 23.596, "Actual Total Time": 4573.458, "Actual Rows": 7438, "Actual Loops": 1, "Inner Unique": false, "Join Filter": "(ci.role_id = rt.id)", "Rows Removed by Join Filter": 12162, "Plans": [{"Node Type": "Bitmap Heap Scan", "Parent Relationship": "Outer", "Relation Name": "role_type", "Alias": "rt", "Startup Cost": 8.31, "Total Cost": 12.46, "Plan Rows": 1, "Plan Width": 4, "Actual Startup Time": 0.036, "Actual Total Time": 0.047, "Actual Rows": 1, "Actual Loops": 1, "Filter": "((role)::text = 'actress'::text)", "Rows Removed by Filter": 11, "Exact Heap Blocks": 1, "Lossy Heap Blocks": 1, "Plans": [{"Node Type": "Bitmap Index Scan", "Parent Relationship": "Outer", "Index Name": "role_type_pkey", "Startup Cost": 0.0, "Total Cost": 8.31, "Plan Rows": 12, "Plan Width": 0, "Actual Startup Time": 0.012, "Actual Total Time": 0.012, "Actual Rows": 12, "Actual Loops": 1}]}, {"Node Type": "Nested Loop", "Parent Relationship": "Inner", "Join Type": "Inner", "Startup Cost": 2785.97, "Total Cost": 163566.25, "Plan Rows": 5847, "Plan Width": 25, "Actual Startup Time": 23.553, "Actual Total Time": 4567.856, "Actual Rows": 19600, "Actual Loops": 1, "Inner Unique": false, "Plans": [{"Node Type": "Nested Loop", "Parent Relationship": "Outer", "Join Type": "Inner", "Startup Cost": 2785.45, "Total Cost": 136908.44, "Plan Rows": 5775, "Plan Width": 25, "Actual Startup Time": 23.457, "Actual Total Time": 851.295, "Actual Rows": 48328, "Actual Loops": 1, "Inner Unique": true, "Plans": [{"Node Type": "Nested Loop", "Parent Relationship": "Outer", "Join Type": "Inner", "Startup Cost": 2784.18, "Total Cost": 106322.09, "Plan Rows": 5775, "Plan Width": 4, "Actual Startup Time": 23.437, "Actual Total Time": 432.916, "Actual Rows": 48328, "Actual Loops": 1, "Inner Unique": false, "Plans": [{"Node Type": "Bitmap Heap Scan", "Parent Relationship": "Outer", "Relation Name": "company_name", "Alias": "cn", "Startup Cost": 2780.8, "Total Cost": 8684.25, "Plan Rows": 6290, "Plan Width": 4, "Actual Startup Time": 23.37, "Actual Total Time": 149.455, "Actual Rows": 6752, "Actual Loops": 1, "Filter": "((country_code)::text = '[jp]'::text)", "Rows Removed by Filter": 228244, "Exact Heap Blocks": 2966, "Lossy Heap Blocks": 2966, "Plans": [{"Node Type": "Bitmap Index Scan", "Parent Relationship": "Outer", "Index Name": "company_name_pkey", "Startup Cost": 0.0, "Total Cost": 2779.23, "Plan Rows": 234996, "Plan Width": 0, "Actual Startup Time": 22.886, "Actual Total Time": 22.886, "Actual Rows": 234996, "Actual Loops": 1}]}, {"Node Type": "Bitmap Heap Scan", "Parent Relationship": "Inner", "Relation Name": "movie_companies", "Alias": "mc", "Startup Cost": 3.37, "Total Cost": 15.51, "Plan Rows": 1, "Plan Width": 8, "Actual Startup Time": 94.122, "Actual Total Time": 260.989, "Actual Rows": 48328, "Actual Loops": 6752, "Recheck Cond": "(company_id = cn.id)", "Rows Removed by Index Recheck": 0, "Filter": "(((note)::text ~~ '%(Japan)%'::text) AND ((note)::text !~~ '%(USA)%'::text))", "Rows Removed by Filter": 56667, "Exact Heap Blocks": 61861, "Lossy Heap Blocks": 61861, "Plans": [{"Node Type": "Bitmap Index Scan", "Parent Relationship": "Outer", "Index Name": "company_id_movie_companies", "Startup Cost": 0.0, "Total Cost": 3.37, "Plan Rows": 15, "Plan Width": 0, "Actual Startup Time": 49.399, "Actual Total Time": 49.399, "Actual Rows": 104995, "Actual Loops": 6752, "Index Cond": "(company_id = cn.id)"}]}]}, {"Node Type": "Bitmap Heap Scan", "Parent Relationship": "Inner", "Relation Name": "title", "Alias": "t", "Startup Cost": 1.27, "Total Cost": 5.29, "Plan Rows": 1, "Plan Width": 21, "Actual Startup Time": 341.617, "Actual Total Time": 341.617, "Actual Rows": 48328, "Actual Loops": 48328, "Recheck Cond": "(id = mc.movie_id)", "Rows Removed by Index Recheck": 0, "Exact Heap Blocks": 48328, "Lossy Heap Blocks": 48328, "Plans": [{"Node Type": "Bitmap Index Scan", "Parent Relationship": "Outer", "Index Name": "title_pkey", "Startup Cost": 0.0, "Total Cost": 1.27, "Plan Rows": 1, "Plan Width": 0, "Actual Startup Time": 201.901, "Actual Total Time": 201.901, "Actual Rows": 48328, "Actual Loops": 48328, "Index Cond": "(id = mc.movie_id)"}]}]}, {"Node Type": "Bitmap Heap Scan", "Parent Relationship": "Inner", "Relation Name": "cast_info", "Alias": "ci", "Startup Cost": 0.52, "Total Cost": 4.61, "Plan Rows": 1, "Plan Width": 12, "Actual Startup Time": 3496.655, "Actual Total Time": 3643.626, "Actual Rows": 19600, "Actual Loops": 48328, "Recheck Cond": "(movie_id = t.id)", "Rows Removed by Index Recheck": 0, "Filter": "((note)::text = '(voice: English version)'::text)", "Rows Removed by Filter": 1531710, "Exact Heap Blocks": 1503105, "Lossy Heap Blocks": 1503105, "Plans": [{"Node Type": "Bitmap Index Scan", "Parent Relationship": "Outer", "Index Name": "movie_id_cast_info", "Startup Cost": 0.0, "Total Cost": 0.52, "Plan Rows": 6, "Plan Width": 0, "Actual Startup Time": 537.902, "Actual Total Time": 537.902, "Actual Rows": 1551310, "Actual Loops": 48328, "Index Cond": "(movie_id = t.id)"}]}]}]}, {"Node Type": "Bitmap Heap Scan", "Parent Relationship": "Inner", "Relation Name": "name", "Alias": "n1", "Startup Cost": 0.9, "Total Cost": 4.92, "Plan Rows": 1, "Plan Width": 4, "Actual Startup Time": 51.239, "Actual Total Time": 51.239, "Actual Rows": 38, "Actual Loops": 7438, "Recheck Cond": "(id = ci.person_id)", "Rows Removed by Index Recheck": 0, "Filter": "(((name)::text ~~ '%Yo%'::text) AND ((name)::text !~~ '%Yu%'::text))", "Rows Removed by Filter": 7400, "Exact Heap Blocks": 7438, "Lossy Heap Blocks": 7438, "Plans": [{"Node Type": "Bitmap Index Scan", "Parent Relationship": "Outer", "Index Name": "name_pkey", "Startup Cost": 0.0, "Total Cost": 0.9, "Plan Rows": 1, "Plan Width": 0, "Actual Startup Time": 30.418, "Actual Total Time": 30.418, "Actual Rows": 7438, "Actual Loops": 7438, "Index Cond": "(id = ci.person_id)"}]}]}, {"Node Type": "Bitmap Heap Scan", "Parent Relationship": "Inner", "Relation Name": "aka_name", "Alias": "an1", "Startup Cost": 0.38, "Total Cost": 4.39, "Plan Rows": 1, "Plan Width": 20, "Actual Startup Time": 0.52, "Actual Total Time": 0.552, "Actual Rows": 62, "Actual Loops": 38, "Recheck Cond": "(person_id = ci.person_id)", "Rows Removed by Index Recheck": 0, "Exact Heap Blocks": 43, "Lossy Heap Blocks": 43, "Plans": [{"Node Type": "Bitmap Index Scan", "Parent Relationship": "Outer", "Index Name": "person_id_aka_name", "Startup Cost": 0.0, "Total Cost": 0.38, "Plan Rows": 1, "Plan Width": 0, "Actual Startup Time": 0.316, "Actual Total Time": 0.316, "Actual Rows": 62, "Actual Loops": 38, "Index Cond": "(person_id = ci.person_id)"}]}]}]}, "Triggers": [], "Planner Runtime": 8, "Total Runtime": 4636.066, "Unique SQL Id": 3544391839}}, "(64, 36)": {"explain_plan": {"Plan": {"Node Type": "Aggregate", "Strategy": "Plain", "Startup Cost": 90333.08, "Total Cost": 90333.09, "Plan Rows": 1, "Plan Width": 97, "Plans": [{"Node Type": "Nested Loop", "Parent Relationship": "Outer", "Join Type": "Inner", "Startup Cost": 5982.08, "Total Cost": 90333.02, "Plan Rows": 12, "Plan Width": 33, "Inner Unique": true, "Plans": [{"Node Type": "Nested Loop", "Parent Relationship": "Outer", "Join Type": "Inner", "Startup Cost": 5982.08, "Total Cost": 89957.48, "Plan Rows": 645, "Plan Width": 41, "Inner Unique": false, "Plans": [{"Node Type": "Nested Loop", "Parent Relationship": "Outer", "Join Type": "Inner", "Startup Cost": 5982.08, "Total Cost": 89503.27, "Plan Rows": 532, "Plan Width": 21, "Inner Unique": false, "Join Filter": "(ci.role_id = rt.id)", "Plans": [{"Node Type": "Seq Scan", "Parent Relationship": "Outer", "Relation Name": "role_type", "Alias": "rt", "Startup Cost": 0.0, "Total Cost": 1.15, "Plan Rows": 1, "Plan Width": 4, "Filter": "((role)::text = 'actress'::text)"}, {"Node Type": "Nested Loop", "Parent Relationship": "Inner", "Join Type": "Inner", "Startup Cost": 5982.08, "Total Cost": 89429.03, "Plan Rows": 5847, "Plan Width": 25, "Inner Unique": false, "Plans": [{"Node Type": "Nested Loop", "Parent Relationship": "Outer", "Join Type": "Inner", "Startup Cost": 5982.08, "Total Cost": 83686.44, "Plan Rows": 5775, "Plan Width": 25, "Inner Unique": true, "Plans": [{"Node Type": "Hash Join", "Parent Relationship": "Outer", "Join Type": "Inner", "Startup Cost": 5982.08, "Total Cost": 61039.34, "Plan Rows": 5775, "Plan Width": 4, "Inner Unique": true, "Hash Cond": "(mc.company_id = cn.id)", "Plans": [{"Node Type": "Seq Scan", "Parent Relationship": "Outer", "Relation Name": "movie_companies", "Alias": "mc", "Startup Cost": 0.0, "Total Cost": 54862.92, "Plan Rows": 36426, "Plan Width": 8, "Filter": "(((note)::text ~~ '%(Japan)%'::text) AND ((note)::text !~~ '%(USA)%'::text))"}, {"Node Type": "Hash", "Parent Relationship": "Inner", "Startup Cost": 5903.45, "Total Cost": 5903.45, "Plan Rows": 6290, "Plan Width": 4, "Plans": [{"Node Type": "Seq Scan", "Parent Relationship": "Outer", "Relation Name": "company_name", "Alias": "cn", "Startup Cost": 0.0, "Total Cost": 5903.45, "Plan Rows": 6290, "Plan Width": 4, "Filter": "((country_code)::text = '[jp]'::text)"}]}]}, {"Node Type": "Index Scan", "Parent Relationship": "Inner", "Scan Direction": "Forward", "Index Name": "title_pkey", "Relation Name": "title", "Alias": "t", "Startup Cost": 0.0, "Total Cost": 3.91, "Plan Rows": 1, "Plan Width": 21, "Index Cond": "(id = mc.movie_id)"}]}, {"Node Type": "Index Scan", "Parent Relationship": "Inner", "Scan Direction": "Forward", "Index Name": "movie_id_cast_info", "Relation Name": "cast_info", "Alias": "ci", "Startup Cost": 0.0, "Total Cost": 0.98, "Plan Rows": 1, "Plan Width": 12, "Index Cond": "(movie_id = t.id)", "Filter": "((note)::text = '(voice: English version)'::text)"}]}]}, {"Node Type": "Index Scan", "Parent Relationship": "Inner", "Scan Direction": "Forward", "Index Name": "person_id_aka_name", "Relation Name": "aka_name", "Alias": "an1", "Startup Cost": 0.0, "Total Cost": 0.84, "Plan Rows": 1, "Plan Width": 20, "Index Cond": "(person_id = ci.person_id)"}]}, {"Node Type": "Index Scan", "Parent Relationship": "Inner", "Scan Direction": "Forward", "Index Name": "name_pkey", "Relation Name": "name", "Alias": "n1", "Startup Cost": 0.0, "Total Cost": 0.57, "Plan Rows": 1, "Plan Width": 4, "Index Cond": "(id = an1.person_id)", "Filter": "(((name)::text ~~ '%Yo%'::text) AND ((name)::text !~~ '%Yu%'::text))"}]}]}, "Unique SQL Id": 3544391839, "Planner Runtime": 21}, "explain_analyze_plan": {"Plan": {"Node Type": "Aggregate", "Strategy": "Plain", "Startup Cost": 90333.08, "Total Cost": 90333.09, "Plan Rows": 1, "Plan Width": 97, "Actual Startup Time": 4158.304, "Actual Total Time": 4158.305, "Actual Rows": 1, "Actual Loops": 1, "Plans": [{"Node Type": "Nested Loop", "Parent Relationship": "Outer", "Join Type": "Inner", "Startup Cost": 5982.08, "Total Cost": 90333.02, "Plan Rows": 12, "Plan Width": 33, "Actual Startup Time": 375.733, "Actual Total Time": 4158.064, "Actual Rows": 62, "Actual Loops": 1, "Inner Unique": true, "Plans": [{"Node Type": "Nested Loop", "Parent Relationship": "Outer", "Join Type": "Inner", "Startup Cost": 5982.08, "Total Cost": 89957.48, "Plan Rows": 645, "Plan Width": 41, "Actual Startup Time": 84.871, "Actual Total Time": 4085.038, "Actual Rows": 17379, "Actual Loops": 1, "Inner Unique": false, "Plans": [{"Node Type": "Nested Loop", "Parent Relationship": "Outer", "Join Type": "Inner", "Startup Cost": 5982.08, "Total Cost": 89503.27, "Plan Rows": 532, "Plan Width": 21, "Actual Startup Time": 84.854, "Actual Total Time": 4037.651, "Actual Rows": 7438, "Actual Loops": 1, "Inner Unique": false, "Join Filter": "(ci.role_id = rt.id)", "Rows Removed by Join Filter": 12162, "Plans": [{"Node Type": "Seq Scan", "Parent Relationship": "Outer", "Relation Name": "role_type", "Alias": "rt", "Startup Cost": 0.0, "Total Cost": 1.15, "Plan Rows": 1, "Plan Width": 4, "Actual Startup Time": 0.033, "Actual Total Time": 0.039, "Actual Rows": 1, "Actual Loops": 1, "Filter": "((role)::text = 'actress'::text)", "Rows Removed by Filter": 11}, {"Node Type": "Nested Loop", "Parent Relationship": "Inner", "Join Type": "Inner", "Startup Cost": 5982.08, "Total Cost": 89429.03, "Plan Rows": 5847, "Plan Width": 25, "Actual Startup Time": 84.811, "Actual Total Time": 4031.894, "Actual Rows": 19600, "Actual Loops": 1, "Inner Unique": false, "Plans": [{"Node Type": "Nested Loop", "Parent Relationship": "Outer", "Join Type": "Inner", "Startup Cost": 5982.08, "Total Cost": 83686.44, "Plan Rows": 5775, "Plan Width": 25, "Actual Startup Time": 84.674, "Actual Total Time": 1322.2, "Actual Rows": 48328, "Actual Loops": 1, "Inner Unique": true, "Plans": [{"Node Type": "Hash Join", "Parent Relationship": "Outer", "Join Type": "Inner", "Startup Cost": 5982.08, "Total Cost": 61039.34, "Plan Rows": 5775, "Plan Width": 4, "Actual Startup Time": 84.622, "Actual Total Time": 1077.922, "Actual Rows": 48328, "Actual Loops": 1, "Inner Unique": true, "Hash Cond": "(mc.company_id = cn.id)", "Plans": [{"Node Type": "Seq Scan", "Parent Relationship": "Outer", "Relation Name": "movie_companies", "Alias": "mc", "Startup Cost": 0.0, "Total Cost": 54862.92, "Plan Rows": 36426, "Plan Width": 8, "Actual Startup Time": 0.237, "Actual Total Time": 960.131, "Actual Rows": 48897, "Actual Loops": 1, "Filter": "(((note)::text ~~ '%(Japan)%'::text) AND ((note)::text !~~ '%(USA)%'::text))", "Rows Removed by Filter": 2560231}, {"Node Type": "Hash", "Parent Relationship": "Inner", "Startup Cost": 5903.45, "Total Cost": 5903.45, "Plan Rows": 6290, "Plan Width": 4, "Actual Startup Time": 84.313, "Actual Total Time": 84.313, "Actual Rows": 6752, "Actual Loops": 1, "Hash Buckets": 32768, "Hash Batches": 1, "Original Hash Batches": 1, "Peak Memory Usage": 238, "Plans": [{"Node Type": "Seq Scan", "Parent Relationship": "Outer", "Relation Name": "company_name", "Alias": "cn", "Startup Cost": 0.0, "Total Cost": 5903.45, "Plan Rows": 6290, "Plan Width": 4, "Actual Startup Time": 0.027, "Actual Total Time": 82.123, "Actual Rows": 6752, "Actual Loops": 1, "Filter": "((country_code)::text = '[jp]'::text)", "Rows Removed by Filter": 228244}]}]}, {"Node Type": "Index Scan", "Parent Relationship": "Inner", "Scan Direction": "Forward", "Index Name": "title_pkey", "Relation Name": "title", "Alias": "t", "Startup Cost": 0.0, "Total Cost": 3.91, "Plan Rows": 1, "Plan Width": 21, "Actual Startup Time": 203.337, "Actual Total Time": 203.337, "Actual Rows": 48328, "Actual Loops": 48328, "Index Cond": "(id = mc.movie_id)", "Rows Removed by Index Recheck": 0}]}, {"Node Type": "Index Scan", "Parent Relationship": "Inner", "Scan Direction": "Forward", "Index Name": "movie_id_cast_info", "Relation Name": "cast_info", "Alias": "ci", "Startup Cost": 0.0, "Total Cost": 0.98, "Plan Rows": 1, "Plan Width": 12, "Actual Startup Time": 2557.934, "Actual Total Time": 2679.268, "Actual Rows": 19600, "Actual Loops": 48328, "Index Cond": "(movie_id = t.id)", "Rows Removed by Index Recheck": 0, "Filter": "((note)::text = '(voice: English version)'::text)", "Rows Removed by Filter": 1531710}]}]}, {"Node Type": "Index Scan", "Parent Relationship": "Inner", "Scan Direction": "Forward", "Index Name": "person_id_aka_name", "Relation Name": "aka_name", "Alias": "an1", "Startup Cost": 0.0, "Total Cost": 0.84, "Plan Rows": 1, "Plan Width": 20, "Actual Startup Time": 30.669, "Actual Total Time": 38.584, "Actual Rows": 17379, "Actual Loops": 7438, "Index Cond": "(person_id = ci.person_id)", "Rows Removed by Index Recheck": 0}]}, {"Node Type": "Index Scan", "Parent Relationship": "Inner", "Scan Direction": "Forward", "Index Name": "name_pkey", "Relation Name": "name", "Alias": "n1", "Startup Cost": 0.0, "Total Cost": 0.57, "Plan Rows": 1, "Plan Width": 4, "Actual Startup Time": 64.261, "Actual Total Time": 64.261, "Actual Rows": 62, "Actual Loops": 17379, "Index Cond": "(id = an1.person_id)", "Rows Removed by Index Recheck": 0, "Filter": "(((name)::text ~~ '%Yo%'::text) AND ((name)::text !~~ '%Yu%'::text))", "Rows Removed by Filter": 17317}]}]}, "Triggers": [], "Planner Runtime": 21, "Total Runtime": 4158.7, "Unique SQL Id": 3544391839}}, "(64, 37)": {"explain_plan": {"Plan": {"Node Type": "Aggregate", "Strategy": "Plain", "Startup Cost": 109007.69, "Total Cost": 109007.7, "Plan Rows": 1, "Plan Width": 97, "Plans": [{"Node Type": "Nested Loop", "Parent Relationship": "Outer", "Join Type": "Inner", "Startup Cost": 2780.8, "Total Cost": 109007.63, "Plan Rows": 12, "Plan Width": 33, "Inner Unique": true, "Plans": [{"Node Type": "Nested Loop", "Parent Relationship": "Outer", "Join Type": "Inner", "Startup Cost": 2780.8, "Total Cost": 108632.09, "Plan Rows": 645, "Plan Width": 41, "Inner Unique": false, "Plans": [{"Node Type": "Nested Loop", "Parent Relationship": "Outer", "Join Type": "Inner", "Startup Cost": 2780.8, "Total Cost": 108177.88, "Plan Rows": 532, "Plan Width": 21, "Inner Unique": false, "Join Filter": "(ci.role_id = rt.id)", "Plans": [{"Node Type": "Index Scan", "Parent Relationship": "Outer", "Scan Direction": "Forward", "Index Name": "role_type_pkey", "Relation Name": "role_type", "Alias": "rt", "Startup Cost": 0.0, "Total Cost": 12.46, "Plan Rows": 1, "Plan Width": 4, "Filter": "((role)::text = 'actress'::text)"}, {"Node Type": "Nested Loop", "Parent Relationship": "Inner", "Join Type": "Inner", "Startup Cost": 2780.8, "Total Cost": 108092.33, "Plan Rows": 5847, "Plan Width": 25, "Inner Unique": false, "Plans": [{"Node Type": "Nested Loop", "Parent Relationship": "Outer", "Join Type": "Inner", "Startup Cost": 2780.8, "Total Cost": 102349.74, "Plan Rows": 5775, "Plan Width": 25, "Inner Unique": true, "Plans": [{"Node Type": "Nested Loop", "Parent Relationship": "Outer", "Join Type": "Inner", "Startup Cost": 2780.8, "Total Cost": 79702.64, "Plan Rows": 5775, "Plan Width": 4, "Inner Unique": false, "Plans": [{"Node Type": "Bitmap Heap Scan", "Parent Relationship": "Outer", "Relation Name": "company_name", "Alias": "cn", "Startup Cost": 2780.8, "Total Cost": 8684.25, "Plan Rows": 6290, "Plan Width": 4, "Filter": "((country_code)::text = '[jp]'::text)", "Plans": [{"Node Type": "Bitmap Index Scan", "Parent Relationship": "Outer", "Index Name": "company_name_pkey", "Startup Cost": 0.0, "Total Cost": 2779.23, "Plan Rows": 234996, "Plan Width": 0}]}, {"Node Type": "Index Scan", "Parent Relationship": "Inner", "Scan Direction": "Forward", "Index Name": "company_id_movie_companies", "Relation Name": "movie_companies", "Alias": "mc", "Startup Cost": 0.0, "Total Cost": 11.28, "Plan Rows": 1, "Plan Width": 8, "Index Cond": "(company_id = cn.id)", "Filter": "(((note)::text ~~ '%(Japan)%'::text) AND ((note)::text !~~ '%(USA)%'::text))"}]}, {"Node Type": "Index Scan", "Parent Relationship": "Inner", "Scan Direction": "Forward", "Index Name": "title_pkey", "Relation Name": "title", "Alias": "t", "Startup Cost": 0.0, "Total Cost": 3.91, "Plan Rows": 1, "Plan Width": 21, "Index Cond": "(id = mc.movie_id)"}]}, {"Node Type": "Index Scan", "Parent Relationship": "Inner", "Scan Direction": "Forward", "Index Name": "movie_id_cast_info", "Relation Name": "cast_info", "Alias": "ci", "Startup Cost": 0.0, "Total Cost": 0.98, "Plan Rows": 1, "Plan Width": 12, "Index Cond": "(movie_id = t.id)", "Filter": "((note)::text = '(voice: English version)'::text)"}]}]}, {"Node Type": "Index Scan", "Parent Relationship": "Inner", "Scan Direction": "Forward", "Index Name": "person_id_aka_name", "Relation Name": "aka_name", "Alias": "an1", "Startup Cost": 0.0, "Total Cost": 0.84, "Plan Rows": 1, "Plan Width": 20, "Index Cond": "(person_id = ci.person_id)"}]}, {"Node Type": "Index Scan", "Parent Relationship": "Inner", "Scan Direction": "Forward", "Index Name": "name_pkey", "Relation Name": "name", "Alias": "n1", "Startup Cost": 0.0, "Total Cost": 0.57, "Plan Rows": 1, "Plan Width": 4, "Index Cond": "(id = an1.person_id)", "Filter": "(((name)::text ~~ '%Yo%'::text) AND ((name)::text !~~ '%Yu%'::text))"}]}]}, "Unique SQL Id": 3544391839, "Planner Runtime": 15}, "explain_analyze_plan": {"Plan": {"Node Type": "Aggregate", "Strategy": "Plain", "Startup Cost": 109007.69, "Total Cost": 109007.7, "Plan Rows": 1, "Plan Width": 97, "Actual Startup Time": 3922.823, "Actual Total Time": 3922.824, "Actual Rows": 1, "Actual Loops": 1, "Plans": [{"Node Type": "Nested Loop", "Parent Relationship": "Outer", "Join Type": "Inner", "Startup Cost": 2780.8, "Total Cost": 109007.63, "Plan Rows": 12, "Plan Width": 33, "Actual Startup Time": 314.814, "Actual Total Time": 3922.514, "Actual Rows": 62, "Actual Loops": 1, "Inner Unique": true, "Plans": [{"Node Type": "Nested Loop", "Parent Relationship": "Outer", "Join Type": "Inner", "Startup Cost": 2780.8, "Total Cost": 108632.09, "Plan Rows": 645, "Plan Width": 41, "Actual Startup Time": 22.215, "Actual Total Time": 3845.016, "Actual Rows": 17379, "Actual Loops": 1, "Inner Unique": false, "Plans": [{"Node Type": "Nested Loop", "Parent Relationship": "Outer", "Join Type": "Inner", "Startup Cost": 2780.8, "Total Cost": 108177.88, "Plan Rows": 532, "Plan Width": 21, "Actual Startup Time": 22.197, "Actual Total Time": 3792.598, "Actual Rows": 7438, "Actual Loops": 1, "Inner Unique": false, "Join Filter": "(ci.role_id = rt.id)", "Rows Removed by Join Filter": 12162, "Plans": [{"Node Type": "Index Scan", "Parent Relationship": "Outer", "Scan Direction": "Forward", "Index Name": "role_type_pkey", "Relation Name": "role_type", "Alias": "rt", "Startup Cost": 0.0, "Total Cost": 12.46, "Plan Rows": 1, "Plan Width": 4, "Actual Startup Time": 0.042, "Actual Total Time": 0.056, "Actual Rows": 1, "Actual Loops": 1, "Filter": "((role)::text = 'actress'::text)", "Rows Removed by Filter": 11}, {"Node Type": "Nested Loop", "Parent Relationship": "Inner", "Join Type": "Inner", "Startup Cost": 2780.8, "Total Cost": 108092.33, "Plan Rows": 5847, "Plan Width": 25, "Actual Startup Time": 22.147, "Actual Total Time": 3787.147, "Actual Rows": 19600, "Actual Loops": 1, "Inner Unique": false, "Plans": [{"Node Type": "Nested Loop", "Parent Relationship": "Outer", "Join Type": "Inner", "Startup Cost": 2780.8, "Total Cost": 102349.74, "Plan Rows": 5775, "Plan Width": 25, "Actual Startup Time": 22.063, "Actual Total Time": 716.483, "Actual Rows": 48328, "Actual Loops": 1, "Inner Unique": true, "Plans": [{"Node Type": "Nested Loop", "Parent Relationship": "Outer", "Join Type": "Inner", "Startup Cost": 2780.8, "Total Cost": 79702.64, "Plan Rows": 5775, "Plan Width": 4, "Actual Startup Time": 22.045, "Actual Total Time": 388.074, "Actual Rows": 48328, "Actual Loops": 1, "Inner Unique": false, "Plans": [{"Node Type": "Bitmap Heap Scan", "Parent Relationship": "Outer", "Relation Name": "company_name", "Alias": "cn", "Startup Cost": 2780.8, "Total Cost": 8684.25, "Plan Rows": 6290, "Plan Width": 4, "Actual Startup Time": 21.999, "Actual Total Time": 147.353, "Actual Rows": 6752, "Actual Loops": 1, "Filter": "((country_code)::text = '[jp]'::text)", "Rows Removed by Filter": 228244, "Exact Heap Blocks": 2966, "Lossy Heap Blocks": 2966, "Plans": [{"Node Type": "Bitmap Index Scan", "Parent Relationship": "Outer", "Index Name": "company_name_pkey", "Startup Cost": 0.0, "Total Cost": 2779.23, "Plan Rows": 234996, "Plan Width": 0, "Actual Startup Time": 21.525, "Actual Total Time": 21.525, "Actual Rows": 234996, "Actual Loops": 1}]}, {"Node Type": "Index Scan", "Parent Relationship": "Inner", "Scan Direction": "Forward", "Index Name": "company_id_movie_companies", "Relation Name": "movie_companies", "Alias": "mc", "Startup Cost": 0.0, "Total Cost": 11.28, "Plan Rows": 1, "Plan Width": 8, "Actual Startup Time": 62.414, "Actual Total Time": 224.565, "Actual Rows": 48328, "Actual Loops": 6752, "Index Cond": "(company_id = cn.id)", "Rows Removed by Index Recheck": 0, "Filter": "(((note)::text ~~ '%(Japan)%'::text) AND ((note)::text !~~ '%(USA)%'::text))", "Rows Removed by Filter": 56667}]}, {"Node Type": "Index Scan", "Parent Relationship": "Inner", "Scan Direction": "Forward", "Index Name": "title_pkey", "Relation Name": "title", "Alias": "t", "Startup Cost": 0.0, "Total Cost": 3.91, "Plan Rows": 1, "Plan Width": 21, "Actual Startup Time": 286.311, "Actual Total Time": 286.311, "Actual Rows": 48328, "Actual Loops": 48328, "Index Cond": "(id = mc.movie_id)", "Rows Removed by Index Recheck": 0}]}, {"Node Type": "Index Scan", "Parent Relationship": "Inner", "Scan Direction": "Forward", "Index Name": "movie_id_cast_info", "Relation Name": "cast_info", "Alias": "ci", "Startup Cost": 0.0, "Total Cost": 0.98, "Plan Rows": 1, "Plan Width": 12, "Actual Startup Time": 2903.218, "Actual Total Time": 3038.314, "Actual Rows": 19600, "Actual Loops": 48328, "Index Cond": "(movie_id = t.id)", "Rows Removed by Index Recheck": 0, "Filter": "((note)::text = '(voice: English version)'::text)", "Rows Removed by Filter": 1531710}]}]}, {"Node Type": "Index Scan", "Parent Relationship": "Inner", "Scan Direction": "Forward", "Index Name": "person_id_aka_name", "Relation Name": "aka_name", "Alias": "an1", "Startup Cost": 0.0, "Total Cost": 0.84, "Plan Rows": 1, "Plan Width": 20, "Actual Startup Time": 34.881, "Actual Total Time": 43.41, "Actual Rows": 17379, "Actual Loops": 7438, "Index Cond": "(person_id = ci.person_id)", "Rows Removed by Index Recheck": 0}]}, {"Node Type": "Index Scan", "Parent Relationship": "Inner", "Scan Direction": "Forward", "Index Name": "name_pkey", "Relation Name": "name", "Alias": "n1", "Startup Cost": 0.0, "Total Cost": 0.57, "Plan Rows": 1, "Plan Width": 4, "Actual Startup Time": 68.589, "Actual Total Time": 68.589, "Actual Rows": 62, "Actual Loops": 17379, "Index Cond": "(id = an1.person_id)", "Rows Removed by Index Recheck": 0, "Filter": "(((name)::text ~~ '%Yo%'::text) AND ((name)::text !~~ '%Yu%'::text))", "Rows Removed by Filter": 17317}]}]}, "Triggers": [], "Planner Runtime": 6, "Total Runtime": 3923.255, "Unique SQL Id": 3544391839}}, "(64, 38)": {"explain_plan": {"Plan": {"Node Type": "Aggregate", "Strategy": "Plain", "Startup Cost": 123512.13, "Total Cost": 123512.14, "Plan Rows": 1, "Plan Width": 97, "Plans": [{"Node Type": "Nested Loop", "Parent Relationship": "Outer", "Join Type": "Inner", "Startup Cost": 5984.57, "Total Cost": 123508.9, "Plan Rows": 646, "Plan Width": 33, "Inner Unique": true, "Plans": [{"Node Type": "Nested Loop", "Parent Relationship": "Outer", "Join Type": "Inner", "Startup Cost": 5984.25, "Total Cost": 120700.31, "Plan Rows": 645, "Plan Width": 41, "Inner Unique": false, "Plans": [{"Node Type": "Nested Loop", "Parent Relationship": "Outer", "Join Type": "Inner", "Startup Cost": 5983.86, "Total Cost": 118357.75, "Plan Rows": 532, "Plan Width": 21, "Inner Unique": false, "Join Filter": "(ci.role_id = rt.id)", "Plans": [{"Node Type": "Seq Scan", "Parent Relationship": "Outer", "Relation Name": "role_type", "Alias": "rt", "Startup Cost": 0.0, "Total Cost": 1.15, "Plan Rows": 1, "Plan Width": 4, "Filter": "((role)::text = 'actress'::text)"}, {"Node Type": "Nested Loop", "Parent Relationship": "Inner", "Join Type": "Inner", "Startup Cost": 5983.86, "Total Cost": 118283.51, "Plan Rows": 5847, "Plan Width": 25, "Inner Unique": false, "Plans": [{"Node Type": "Nested Loop", "Parent Relationship": "Outer", "Join Type": "Inner", "Startup Cost": 5983.35, "Total Cost": 91625.69, "Plan Rows": 5775, "Plan Width": 25, "Inner Unique": true, "Plans": [{"Node Type": "Hash Join", "Parent Relationship": "Outer", "Join Type": "Inner", "Startup Cost": 5982.08, "Total Cost": 61039.34, "Plan Rows": 5775, "Plan Width": 4, "Inner Unique": true, "Hash Cond": "(mc.company_id = cn.id)", "Plans": [{"Node Type": "Seq Scan", "Parent Relationship": "Outer", "Relation Name": "movie_companies", "Alias": "mc", "Startup Cost": 0.0, "Total Cost": 54862.92, "Plan Rows": 36426, "Plan Width": 8, "Filter": "(((note)::text ~~ '%(Japan)%'::text) AND ((note)::text !~~ '%(USA)%'::text))"}, {"Node Type": "Hash", "Parent Relationship": "Inner", "Startup Cost": 5903.45, "Total Cost": 5903.45, "Plan Rows": 6290, "Plan Width": 4, "Plans": [{"Node Type": "Seq Scan", "Parent Relationship": "Outer", "Relation Name": "company_name", "Alias": "cn", "Startup Cost": 0.0, "Total Cost": 5903.45, "Plan Rows": 6290, "Plan Width": 4, "Filter": "((country_code)::text = '[jp]'::text)"}]}]}, {"Node Type": "Bitmap Heap Scan", "Parent Relationship": "Inner", "Relation Name": "title", "Alias": "t", "Startup Cost": 1.27, "Total Cost": 5.29, "Plan Rows": 1, "Plan Width": 21, "Recheck Cond": "(id = mc.movie_id)", "Plans": [{"Node Type": "Bitmap Index Scan", "Parent Relationship": "Outer", "Index Name": "title_pkey", "Startup Cost": 0.0, "Total Cost": 1.27, "Plan Rows": 1, "Plan Width": 0, "Index Cond": "(id = mc.movie_id)"}]}]}, {"Node Type": "Bitmap Heap Scan", "Parent Relationship": "Inner", "Relation Name": "cast_info", "Alias": "ci", "Startup Cost": 0.52, "Total Cost": 4.61, "Plan Rows": 1, "Plan Width": 12, "Recheck Cond": "(movie_id = t.id)", "Filter": "((note)::text = '(voice: English version)'::text)", "Plans": [{"Node Type": "Bitmap Index Scan", "Parent Relationship": "Outer", "Index Name": "movie_id_cast_info", "Startup Cost": 0.0, "Total Cost": 0.52, "Plan Rows": 6, "Plan Width": 0, "Index Cond": "(movie_id = t.id)"}]}]}]}, {"Node Type": "Bitmap Heap Scan", "Parent Relationship": "Inner", "Relation Name": "aka_name", "Alias": "an1", "Startup Cost": 0.38, "Total Cost": 4.39, "Plan Rows": 1, "Plan Width": 20, "Recheck Cond": "(person_id = ci.person_id)", "Plans": [{"Node Type": "Bitmap Index Scan", "Parent Relationship": "Outer", "Index Name": "person_id_aka_name", "Startup Cost": 0.0, "Total Cost": 0.38, "Plan Rows": 1, "Plan Width": 0, "Index Cond": "(person_id = ci.person_id)"}]}]}, {"Node Type": "Bitmap Heap Scan", "Parent Relationship": "Inner", "Relation Name": "name", "Alias": "n1", "Startup Cost": 0.33, "Total Cost": 4.34, "Plan Rows": 1, "Plan Width": 4, "Recheck Cond": "(id = an1.person_id)", "Filter": "(((name)::text ~~ '%Yo%'::text) AND ((name)::text !~~ '%Yu%'::text))", "Plans": [{"Node Type": "Bitmap Index Scan", "Parent Relationship": "Outer", "Index Name": "name_pkey", "Startup Cost": 0.0, "Total Cost": 0.33, "Plan Rows": 1, "Plan Width": 0, "Index Cond": "(id = an1.person_id)"}]}]}]}, "Unique SQL Id": 3544391839, "Planner Runtime": 41}, "explain_analyze_plan": {"Plan": {"Node Type": "Aggregate", "Strategy": "Plain", "Startup Cost": 123512.13, "Total Cost": 123512.14, "Plan Rows": 1, "Plan Width": 97, "Actual Startup Time": 5152.064, "Actual Total Time": 5152.065, "Actual Rows": 1, "Actual Loops": 1, "Plans": [{"Node Type": "Nested Loop", "Parent Relationship": "Outer", "Join Type": "Inner", "Startup Cost": 5984.57, "Total Cost": 123508.9, "Plan Rows": 646, "Plan Width": 33, "Actual Startup Time": 454.265, "Actual Total Time": 5151.794, "Actual Rows": 62, "Actual Loops": 1, "Inner Unique": true, "Plans": [{"Node Type": "Nested Loop", "Parent Relationship": "Outer", "Join Type": "Inner", "Startup Cost": 5984.25, "Total Cost": 120700.31, "Plan Rows": 645, "Plan Width": 41, "Actual Startup Time": 85.433, "Actual Total Time": 5051.01, "Actual Rows": 17379, "Actual Loops": 1, "Inner Unique": false, "Plans": [{"Node Type": "Nested Loop", "Parent Relationship": "Outer", "Join Type": "Inner", "Startup Cost": 5983.86, "Total Cost": 118357.75, "Plan Rows": 532, "Plan Width": 21, "Actual Startup Time": 85.401, "Actual Total Time": 4988.111, "Actual Rows": 7438, "Actual Loops": 1, "Inner Unique": false, "Join Filter": "(ci.role_id = rt.id)", "Rows Removed by Join Filter": 12162, "Plans": [{"Node Type": "Seq Scan", "Parent Relationship": "Outer", "Relation Name": "role_type", "Alias": "rt", "Startup Cost": 0.0, "Total Cost": 1.15, "Plan Rows": 1, "Plan Width": 4, "Actual Startup Time": 0.018, "Actual Total Time": 0.025, "Actual Rows": 1, "Actual Loops": 1, "Filter": "((role)::text = 'actress'::text)", "Rows Removed by Filter": 11}, {"Node Type": "Nested Loop", "Parent Relationship": "Inner", "Join Type": "Inner", "Startup Cost": 5983.86, "Total Cost": 118283.51, "Plan Rows": 5847, "Plan Width": 25, "Actual Startup Time": 85.373, "Actual Total Time": 4982.705, "Actual Rows": 19600, "Actual Loops": 1, "Inner Unique": false, "Plans": [{"Node Type": "Nested Loop", "Parent Relationship": "Outer", "Join Type": "Inner", "Startup Cost": 5983.35, "Total Cost": 91625.69, "Plan Rows": 5775, "Plan Width": 25, "Actual Startup Time": 85.185, "Actual Total Time": 1439.66, "Actual Rows": 48328, "Actual Loops": 1, "Inner Unique": true, "Plans": [{"Node Type": "Hash Join", "Parent Relationship": "Outer", "Join Type": "Inner", "Startup Cost": 5982.08, "Total Cost": 61039.34, "Plan Rows": 5775, "Plan Width": 4, "Actual Startup Time": 85.138, "Actual Total Time": 1083.325, "Actual Rows": 48328, "Actual Loops": 1, "Inner Unique": true, "Hash Cond": "(mc.company_id = cn.id)", "Plans": [{"Node Type": "Seq Scan", "Parent Relationship": "Outer", "Relation Name": "movie_companies", "Alias": "mc", "Startup Cost": 0.0, "Total Cost": 54862.92, "Plan Rows": 36426, "Plan Width": 8, "Actual Startup Time": 0.252, "Actual Total Time": 962.218, "Actual Rows": 48897, "Actual Loops": 1, "Filter": "(((note)::text ~~ '%(Japan)%'::text) AND ((note)::text !~~ '%(USA)%'::text))", "Rows Removed by Filter": 2560231}, {"Node Type": "Hash", "Parent Relationship": "Inner", "Startup Cost": 5903.45, "Total Cost": 5903.45, "Plan Rows": 6290, "Plan Width": 4, "Actual Startup Time": 84.81, "Actual Total Time": 84.81, "Actual Rows": 6752, "Actual Loops": 1, "Hash Buckets": 32768, "Hash Batches": 1, "Original Hash Batches": 1, "Peak Memory Usage": 238, "Plans": [{"Node Type": "Seq Scan", "Parent Relationship": "Outer", "Relation Name": "company_name", "Alias": "cn", "Startup Cost": 0.0, "Total Cost": 5903.45, "Plan Rows": 6290, "Plan Width": 4, "Actual Startup Time": 0.028, "Actual Total Time": 82.526, "Actual Rows": 6752, "Actual Loops": 1, "Filter": "((country_code)::text = '[jp]'::text)", "Rows Removed by Filter": 228244}]}]}, {"Node Type": "Bitmap Heap Scan", "Parent Relationship": "Inner", "Relation Name": "title", "Alias": "t", "Startup Cost": 1.27, "Total Cost": 5.29, "Plan Rows": 1, "Plan Width": 21, "Actual Startup Time": 277.167, "Actual Total Time": 277.167, "Actual Rows": 48328, "Actual Loops": 48328, "Recheck Cond": "(id = mc.movie_id)", "Rows Removed by Index Recheck": 0, "Exact Heap Blocks": 48328, "Lossy Heap Blocks": 48328, "Plans": [{"Node Type": "Bitmap Index Scan", "Parent Relationship": "Outer", "Index Name": "title_pkey", "Startup Cost": 0.0, "Total Cost": 1.27, "Plan Rows": 1, "Plan Width": 0, "Actual Startup Time": 150.702, "Actual Total Time": 150.702, "Actual Rows": 48328, "Actual Loops": 48328, "Index Cond": "(id = mc.movie_id)"}]}]}, {"Node Type": "Bitmap Heap Scan", "Parent Relationship": "Inner", "Relation Name": "cast_info", "Alias": "ci", "Startup Cost": 0.52, "Total Cost": 4.61, "Plan Rows": 1, "Plan Width": 12, "Actual Startup Time": 3327.115, "Actual Total Time": 3469.349, "Actual Rows": 19600, "Actual Loops": 48328, "Recheck Cond": "(movie_id = t.id)", "Rows Removed by Index Recheck": 0, "Filter": "((note)::text = '(voice: English version)'::text)", "Rows Removed by Filter": 1531710, "Exact Heap Blocks": 1503105, "Lossy Heap Blocks": 1503105, "Plans": [{"Node Type": "Bitmap Index Scan", "Parent Relationship": "Outer", "Index Name": "movie_id_cast_info", "Startup Cost": 0.0, "Total Cost": 0.52, "Plan Rows": 6, "Plan Width": 0, "Actual Startup Time": 449.419, "Actual Total Time": 449.419, "Actual Rows": 1551310, "Actual Loops": 48328, "Index Cond": "(movie_id = t.id)"}]}]}]}, {"Node Type": "Bitmap Heap Scan", "Parent Relationship": "Inner", "Relation Name": "aka_name", "Alias": "an1", "Startup Cost": 0.38, "Total Cost": 4.39, "Plan Rows": 1, "Plan Width": 20, "Actual Startup Time": 43.884, "Actual Total Time": 49.016, "Actual Rows": 17379, "Actual Loops": 7438, "Recheck Cond": "(person_id = ci.person_id)", "Rows Removed by Index Recheck": 0, "Exact Heap Blocks": 6514, "Lossy Heap Blocks": 6514, "Plans": [{"Node Type": "Bitmap Index Scan", "Parent Relationship": "Outer", "Index Name": "person_id_aka_name", "Startup Cost": 0.0, "Total Cost": 0.38, "Plan Rows": 1, "Plan Width": 0, "Actual Startup Time": 28.906, "Actual Total Time": 28.906, "Actual Rows": 17379, "Actual Loops": 7438, "Index Cond": "(person_id = ci.person_id)"}]}]}, {"Node Type": "Bitmap Heap Scan", "Parent Relationship": "Inner", "Relation Name": "name", "Alias": "n1", "Startup Cost": 0.33, "Total Cost": 4.34, "Plan Rows": 1, "Plan Width": 4, "Actual Startup Time": 80.091, "Actual Total Time": 80.091, "Actual Rows": 62, "Actual Loops": 17379, "Recheck Cond": "(id = an1.person_id)", "Rows Removed by Index Recheck": 0, "Filter": "(((name)::text ~~ '%Yo%'::text) AND ((name)::text !~~ '%Yu%'::text))", "Rows Removed by Filter": 17317, "Exact Heap Blocks": 17379, "Lossy Heap Blocks": 17379, "Plans": [{"Node Type": "Bitmap Index Scan", "Parent Relationship": "Outer", "Index Name": "name_pkey", "Startup Cost": 0.0, "Total Cost": 0.33, "Plan Rows": 1, "Plan Width": 0, "Actual Startup Time": 46.453, "Actual Total Time": 46.453, "Actual Rows": 17379, "Actual Loops": 17379, "Index Cond": "(id = an1.person_id)"}]}]}]}, "Triggers": [], "Planner Runtime": 41, "Total Runtime": 5152.507, "Unique SQL Id": 3544391839}}, "(64, 39)": {"explain_plan": {"Plan": {"Node Type": "Aggregate", "Strategy": "Plain", "Startup Cost": 166618.15, "Total Cost": 166618.16, "Plan Rows": 1, "Plan Width": 97, "Plans": [{"Node Type": "Nested Loop", "Parent Relationship": "Outer", "Join Type": "Inner", "Startup Cost": 2795.56, "Total Cost": 166618.09, "Plan Rows": 12, "Plan Width": 33, "Inner Unique": false, "Join Filter": "(n1.id = an1.person_id)", "Plans": [{"Node Type": "Nested Loop", "Parent Relationship": "Outer", "Join Type": "Inner", "Startup Cost": 2795.18, "Total Cost": 166274.44, "Plan Rows": 78, "Plan Width": 25, "Inner Unique": true, "Plans": [{"Node Type": "Nested Loop", "Parent Relationship": "Outer", "Join Type": "Inner", "Startup Cost": 2794.28, "Total Cost": 163651.8, "Plan Rows": 532, "Plan Width": 21, "Inner Unique": false, "Join Filter": "(ci.role_id = rt.id)", "Plans": [{"Node Type": "Bitmap Heap Scan", "Parent Relationship": "Outer", "Relation Name": "role_type", "Alias": "rt", "Startup Cost": 8.31, "Total Cost": 12.46, "Plan Rows": 1, "Plan Width": 4, "Filter": "((role)::text = 'actress'::text)", "Plans": [{"Node Type": "Bitmap Index Scan", "Parent Relationship": "Outer", "Index Name": "role_type_pkey", "Startup Cost": 0.0, "Total Cost": 8.31, "Plan Rows": 12, "Plan Width": 0}]}, {"Node Type": "Nested Loop", "Parent Relationship": "Inner", "Join Type": "Inner", "Startup Cost": 2785.97, "Total Cost": 163566.25, "Plan Rows": 5847, "Plan Width": 25, "Inner Unique": false, "Plans": [{"Node Type": "Nested Loop", "Parent Relationship": "Outer", "Join Type": "Inner", "Startup Cost": 2785.45, "Total Cost": 136908.44, "Plan Rows": 5775, "Plan Width": 25, "Inner Unique": true, "Plans": [{"Node Type": "Nested Loop", "Parent Relationship": "Outer", "Join Type": "Inner", "Startup Cost": 2784.18, "Total Cost": 106322.09, "Plan Rows": 5775, "Plan Width": 4, "Inner Unique": false, "Plans": [{"Node Type": "Bitmap Heap Scan", "Parent Relationship": "Outer", "Relation Name": "company_name", "Alias": "cn", "Startup Cost": 2780.8, "Total Cost": 8684.25, "Plan Rows": 6290, "Plan Width": 4, "Filter": "((country_code)::text = '[jp]'::text)", "Plans": [{"Node Type": "Bitmap Index Scan", "Parent Relationship": "Outer", "Index Name": "company_name_pkey", "Startup Cost": 0.0, "Total Cost": 2779.23, "Plan Rows": 234996, "Plan Width": 0}]}, {"Node Type": "Bitmap Heap Scan", "Parent Relationship": "Inner", "Relation Name": "movie_companies", "Alias": "mc", "Startup Cost": 3.37, "Total Cost": 15.51, "Plan Rows": 1, "Plan Width": 8, "Recheck Cond": "(company_id = cn.id)", "Filter": "(((note)::text ~~ '%(Japan)%'::text) AND ((note)::text !~~ '%(USA)%'::text))", "Plans": [{"Node Type": "Bitmap Index Scan", "Parent Relationship": "Outer", "Index Name": "company_id_movie_companies", "Startup Cost": 0.0, "Total Cost": 3.37, "Plan Rows": 15, "Plan Width": 0, "Index Cond": "(company_id = cn.id)"}]}]}, {"Node Type": "Bitmap Heap Scan", "Parent Relationship": "Inner", "Relation Name": "title", "Alias": "t", "Startup Cost": 1.27, "Total Cost": 5.29, "Plan Rows": 1, "Plan Width": 21, "Recheck Cond": "(id = mc.movie_id)", "Plans": [{"Node Type": "Bitmap Index Scan", "Parent Relationship": "Outer", "Index Name": "title_pkey", "Startup Cost": 0.0, "Total Cost": 1.27, "Plan Rows": 1, "Plan Width": 0, "Index Cond": "(id = mc.movie_id)"}]}]}, {"Node Type": "Bitmap Heap Scan", "Parent Relationship": "Inner", "Relation Name": "cast_info", "Alias": "ci", "Startup Cost": 0.52, "Total Cost": 4.61, "Plan Rows": 1, "Plan Width": 12, "Recheck Cond": "(movie_id = t.id)", "Filter": "((note)::text = '(voice: English version)'::text)", "Plans": [{"Node Type": "Bitmap Index Scan", "Parent Relationship": "Outer", "Index Name": "movie_id_cast_info", "Startup Cost": 0.0, "Total Cost": 0.52, "Plan Rows": 6, "Plan Width": 0, "Index Cond": "(movie_id = t.id)"}]}]}]}, {"Node Type": "Bitmap Heap Scan", "Parent Relationship": "Inner", "Relation Name": "name", "Alias": "n1", "Startup Cost": 0.9, "Total Cost": 4.92, "Plan Rows": 1, "Plan Width": 4, "Recheck Cond": "(id = ci.person_id)", "Filter": "(((name)::text ~~ '%Yo%'::text) AND ((name)::text !~~ '%Yu%'::text))", "Plans": [{"Node Type": "Bitmap Index Scan", "Parent Relationship": "Outer", "Index Name": "name_pkey", "Startup Cost": 0.0, "Total Cost": 0.9, "Plan Rows": 1, "Plan Width": 0, "Index Cond": "(id = ci.person_id)"}]}]}, {"Node Type": "Bitmap Heap Scan", "Parent Relationship": "Inner", "Relation Name": "aka_name", "Alias": "an1", "Startup Cost": 0.38, "Total Cost": 4.39, "Plan Rows": 1, "Plan Width": 20, "Recheck Cond": "(person_id = ci.person_id)", "Plans": [{"Node Type": "Bitmap Index Scan", "Parent Relationship": "Outer", "Index Name": "person_id_aka_name", "Startup Cost": 0.0, "Total Cost": 0.38, "Plan Rows": 1, "Plan Width": 0, "Index Cond": "(person_id = ci.person_id)"}]}]}]}, "Unique SQL Id": 3544391839, "Planner Runtime": 14}, "explain_analyze_plan": {"Plan": {"Node Type": "Aggregate", "Strategy": "Plain", "Startup Cost": 166618.15, "Total Cost": 166618.16, "Plan Rows": 1, "Plan Width": 97, "Actual Startup Time": 4635.618, "Actual Total Time": 4635.618, "Actual Rows": 1, "Actual Loops": 1, "Plans": [{"Node Type": "Nested Loop", "Parent Relationship": "Outer", "Join Type": "Inner", "Startup Cost": 2795.56, "Total Cost": 166618.09, "Plan Rows": 12, "Plan Width": 33, "Actual Startup Time": 357.9, "Actual Total Time": 4635.287, "Actual Rows": 62, "Actual Loops": 1, "Inner Unique": false, "Join Filter": "(n1.id = an1.person_id)", "Rows Removed by Join Filter": 0, "Plans": [{"Node Type": "Nested Loop", "Parent Relationship": "Outer", "Join Type": "Inner", "Startup Cost": 2795.18, "Total Cost": 166274.44, "Plan Rows": 78, "Plan Width": 25, "Actual Startup Time": 357.85, "Actual Total Time": 4634.45, "Actual Rows": 38, "Actual Loops": 1, "Inner Unique": true, "Plans": [{"Node Type": "Nested Loop", "Parent Relationship": "Outer", "Join Type": "Inner", "Startup Cost": 2794.28, "Total Cost": 163651.8, "Plan Rows": 532, "Plan Width": 21, "Actual Startup Time": 23.596, "Actual Total Time": 4573.458, "Actual Rows": 7438, "Actual Loops": 1, "Inner Unique": false, "Join Filter": "(ci.role_id = rt.id)", "Rows Removed by Join Filter": 12162, "Plans": [{"Node Type": "Bitmap Heap Scan", "Parent Relationship": "Outer", "Relation Name": "role_type", "Alias": "rt", "Startup Cost": 8.31, "Total Cost": 12.46, "Plan Rows": 1, "Plan Width": 4, "Actual Startup Time": 0.036, "Actual Total Time": 0.047, "Actual Rows": 1, "Actual Loops": 1, "Filter": "((role)::text = 'actress'::text)", "Rows Removed by Filter": 11, "Exact Heap Blocks": 1, "Lossy Heap Blocks": 1, "Plans": [{"Node Type": "Bitmap Index Scan", "Parent Relationship": "Outer", "Index Name": "role_type_pkey", "Startup Cost": 0.0, "Total Cost": 8.31, "Plan Rows": 12, "Plan Width": 0, "Actual Startup Time": 0.012, "Actual Total Time": 0.012, "Actual Rows": 12, "Actual Loops": 1}]}, {"Node Type": "Nested Loop", "Parent Relationship": "Inner", "Join Type": "Inner", "Startup Cost": 2785.97, "Total Cost": 163566.25, "Plan Rows": 5847, "Plan Width": 25, "Actual Startup Time": 23.553, "Actual Total Time": 4567.856, "Actual Rows": 19600, "Actual Loops": 1, "Inner Unique": false, "Plans": [{"Node Type": "Nested Loop", "Parent Relationship": "Outer", "Join Type": "Inner", "Startup Cost": 2785.45, "Total Cost": 136908.44, "Plan Rows": 5775, "Plan Width": 25, "Actual Startup Time": 23.457, "Actual Total Time": 851.295, "Actual Rows": 48328, "Actual Loops": 1, "Inner Unique": true, "Plans": [{"Node Type": "Nested Loop", "Parent Relationship": "Outer", "Join Type": "Inner", "Startup Cost": 2784.18, "Total Cost": 106322.09, "Plan Rows": 5775, "Plan Width": 4, "Actual Startup Time": 23.437, "Actual Total Time": 432.916, "Actual Rows": 48328, "Actual Loops": 1, "Inner Unique": false, "Plans": [{"Node Type": "Bitmap Heap Scan", "Parent Relationship": "Outer", "Relation Name": "company_name", "Alias": "cn", "Startup Cost": 2780.8, "Total Cost": 8684.25, "Plan Rows": 6290, "Plan Width": 4, "Actual Startup Time": 23.37, "Actual Total Time": 149.455, "Actual Rows": 6752, "Actual Loops": 1, "Filter": "((country_code)::text = '[jp]'::text)", "Rows Removed by Filter": 228244, "Exact Heap Blocks": 2966, "Lossy Heap Blocks": 2966, "Plans": [{"Node Type": "Bitmap Index Scan", "Parent Relationship": "Outer", "Index Name": "company_name_pkey", "Startup Cost": 0.0, "Total Cost": 2779.23, "Plan Rows": 234996, "Plan Width": 0, "Actual Startup Time": 22.886, "Actual Total Time": 22.886, "Actual Rows": 234996, "Actual Loops": 1}]}, {"Node Type": "Bitmap Heap Scan", "Parent Relationship": "Inner", "Relation Name": "movie_companies", "Alias": "mc", "Startup Cost": 3.37, "Total Cost": 15.51, "Plan Rows": 1, "Plan Width": 8, "Actual Startup Time": 94.122, "Actual Total Time": 260.989, "Actual Rows": 48328, "Actual Loops": 6752, "Recheck Cond": "(company_id = cn.id)", "Rows Removed by Index Recheck": 0, "Filter": "(((note)::text ~~ '%(Japan)%'::text) AND ((note)::text !~~ '%(USA)%'::text))", "Rows Removed by Filter": 56667, "Exact Heap Blocks": 61861, "Lossy Heap Blocks": 61861, "Plans": [{"Node Type": "Bitmap Index Scan", "Parent Relationship": "Outer", "Index Name": "company_id_movie_companies", "Startup Cost": 0.0, "Total Cost": 3.37, "Plan Rows": 15, "Plan Width": 0, "Actual Startup Time": 49.399, "Actual Total Time": 49.399, "Actual Rows": 104995, "Actual Loops": 6752, "Index Cond": "(company_id = cn.id)"}]}]}, {"Node Type": "Bitmap Heap Scan", "Parent Relationship": "Inner", "Relation Name": "title", "Alias": "t", "Startup Cost": 1.27, "Total Cost": 5.29, "Plan Rows": 1, "Plan Width": 21, "Actual Startup Time": 341.617, "Actual Total Time": 341.617, "Actual Rows": 48328, "Actual Loops": 48328, "Recheck Cond": "(id = mc.movie_id)", "Rows Removed by Index Recheck": 0, "Exact Heap Blocks": 48328, "Lossy Heap Blocks": 48328, "Plans": [{"Node Type": "Bitmap Index Scan", "Parent Relationship": "Outer", "Index Name": "title_pkey", "Startup Cost": 0.0, "Total Cost": 1.27, "Plan Rows": 1, "Plan Width": 0, "Actual Startup Time": 201.901, "Actual Total Time": 201.901, "Actual Rows": 48328, "Actual Loops": 48328, "Index Cond": "(id = mc.movie_id)"}]}]}, {"Node Type": "Bitmap Heap Scan", "Parent Relationship": "Inner", "Relation Name": "cast_info", "Alias": "ci", "Startup Cost": 0.52, "Total Cost": 4.61, "Plan Rows": 1, "Plan Width": 12, "Actual Startup Time": 3496.655, "Actual Total Time": 3643.626, "Actual Rows": 19600, "Actual Loops": 48328, "Recheck Cond": "(movie_id = t.id)", "Rows Removed by Index Recheck": 0, "Filter": "((note)::text = '(voice: English version)'::text)", "Rows Removed by Filter": 1531710, "Exact Heap Blocks": 1503105, "Lossy Heap Blocks": 1503105, "Plans": [{"Node Type": "Bitmap Index Scan", "Parent Relationship": "Outer", "Index Name": "movie_id_cast_info", "Startup Cost": 0.0, "Total Cost": 0.52, "Plan Rows": 6, "Plan Width": 0, "Actual Startup Time": 537.902, "Actual Total Time": 537.902, "Actual Rows": 1551310, "Actual Loops": 48328, "Index Cond": "(movie_id = t.id)"}]}]}]}, {"Node Type": "Bitmap Heap Scan", "Parent Relationship": "Inner", "Relation Name": "name", "Alias": "n1", "Startup Cost": 0.9, "Total Cost": 4.92, "Plan Rows": 1, "Plan Width": 4, "Actual Startup Time": 51.239, "Actual Total Time": 51.239, "Actual Rows": 38, "Actual Loops": 7438, "Recheck Cond": "(id = ci.person_id)", "Rows Removed by Index Recheck": 0, "Filter": "(((name)::text ~~ '%Yo%'::text) AND ((name)::text !~~ '%Yu%'::text))", "Rows Removed by Filter": 7400, "Exact Heap Blocks": 7438, "Lossy Heap Blocks": 7438, "Plans": [{"Node Type": "Bitmap Index Scan", "Parent Relationship": "Outer", "Index Name": "name_pkey", "Startup Cost": 0.0, "Total Cost": 0.9, "Plan Rows": 1, "Plan Width": 0, "Actual Startup Time": 30.418, "Actual Total Time": 30.418, "Actual Rows": 7438, "Actual Loops": 7438, "Index Cond": "(id = ci.person_id)"}]}]}, {"Node Type": "Bitmap Heap Scan", "Parent Relationship": "Inner", "Relation Name": "aka_name", "Alias": "an1", "Startup Cost": 0.38, "Total Cost": 4.39, "Plan Rows": 1, "Plan Width": 20, "Actual Startup Time": 0.52, "Actual Total Time": 0.552, "Actual Rows": 62, "Actual Loops": 38, "Recheck Cond": "(person_id = ci.person_id)", "Rows Removed by Index Recheck": 0, "Exact Heap Blocks": 43, "Lossy Heap Blocks": 43, "Plans": [{"Node Type": "Bitmap Index Scan", "Parent Relationship": "Outer", "Index Name": "person_id_aka_name", "Startup Cost": 0.0, "Total Cost": 0.38, "Plan Rows": 1, "Plan Width": 0, "Actual Startup Time": 0.316, "Actual Total Time": 0.316, "Actual Rows": 62, "Actual Loops": 38, "Index Cond": "(person_id = ci.person_id)"}]}]}]}, "Triggers": [], "Planner Runtime": 8, "Total Runtime": 4636.066, "Unique SQL Id": 3544391839}}, "(64, 40)": {"explain_plan": {"Plan": {"Node Type": "Aggregate", "Strategy": "Plain", "Startup Cost": 90333.08, "Total Cost": 90333.09, "Plan Rows": 1, "Plan Width": 97, "Plans": [{"Node Type": "Nested Loop", "Parent Relationship": "Outer", "Join Type": "Inner", "Startup Cost": 5982.08, "Total Cost": 90333.02, "Plan Rows": 12, "Plan Width": 33, "Inner Unique": true, "Plans": [{"Node Type": "Nested Loop", "Parent Relationship": "Outer", "Join Type": "Inner", "Startup Cost": 5982.08, "Total Cost": 89957.48, "Plan Rows": 645, "Plan Width": 41, "Inner Unique": false, "Plans": [{"Node Type": "Nested Loop", "Parent Relationship": "Outer", "Join Type": "Inner", "Startup Cost": 5982.08, "Total Cost": 89503.27, "Plan Rows": 532, "Plan Width": 21, "Inner Unique": false, "Join Filter": "(ci.role_id = rt.id)", "Plans": [{"Node Type": "Seq Scan", "Parent Relationship": "Outer", "Relation Name": "role_type", "Alias": "rt", "Startup Cost": 0.0, "Total Cost": 1.15, "Plan Rows": 1, "Plan Width": 4, "Filter": "((role)::text = 'actress'::text)"}, {"Node Type": "Nested Loop", "Parent Relationship": "Inner", "Join Type": "Inner", "Startup Cost": 5982.08, "Total Cost": 89429.03, "Plan Rows": 5847, "Plan Width": 25, "Inner Unique": false, "Plans": [{"Node Type": "Nested Loop", "Parent Relationship": "Outer", "Join Type": "Inner", "Startup Cost": 5982.08, "Total Cost": 83686.44, "Plan Rows": 5775, "Plan Width": 25, "Inner Unique": true, "Plans": [{"Node Type": "Hash Join", "Parent Relationship": "Outer", "Join Type": "Inner", "Startup Cost": 5982.08, "Total Cost": 61039.34, "Plan Rows": 5775, "Plan Width": 4, "Inner Unique": true, "Hash Cond": "(mc.company_id = cn.id)", "Plans": [{"Node Type": "Seq Scan", "Parent Relationship": "Outer", "Relation Name": "movie_companies", "Alias": "mc", "Startup Cost": 0.0, "Total Cost": 54862.92, "Plan Rows": 36426, "Plan Width": 8, "Filter": "(((note)::text ~~ '%(Japan)%'::text) AND ((note)::text !~~ '%(USA)%'::text))"}, {"Node Type": "Hash", "Parent Relationship": "Inner", "Startup Cost": 5903.45, "Total Cost": 5903.45, "Plan Rows": 6290, "Plan Width": 4, "Plans": [{"Node Type": "Seq Scan", "Parent Relationship": "Outer", "Relation Name": "company_name", "Alias": "cn", "Startup Cost": 0.0, "Total Cost": 5903.45, "Plan Rows": 6290, "Plan Width": 4, "Filter": "((country_code)::text = '[jp]'::text)"}]}]}, {"Node Type": "Index Scan", "Parent Relationship": "Inner", "Scan Direction": "Forward", "Index Name": "title_pkey", "Relation Name": "title", "Alias": "t", "Startup Cost": 0.0, "Total Cost": 3.91, "Plan Rows": 1, "Plan Width": 21, "Index Cond": "(id = mc.movie_id)"}]}, {"Node Type": "Index Scan", "Parent Relationship": "Inner", "Scan Direction": "Forward", "Index Name": "movie_id_cast_info", "Relation Name": "cast_info", "Alias": "ci", "Startup Cost": 0.0, "Total Cost": 0.98, "Plan Rows": 1, "Plan Width": 12, "Index Cond": "(movie_id = t.id)", "Filter": "((note)::text = '(voice: English version)'::text)"}]}]}, {"Node Type": "Index Scan", "Parent Relationship": "Inner", "Scan Direction": "Forward", "Index Name": "person_id_aka_name", "Relation Name": "aka_name", "Alias": "an1", "Startup Cost": 0.0, "Total Cost": 0.84, "Plan Rows": 1, "Plan Width": 20, "Index Cond": "(person_id = ci.person_id)"}]}, {"Node Type": "Index Scan", "Parent Relationship": "Inner", "Scan Direction": "Forward", "Index Name": "name_pkey", "Relation Name": "name", "Alias": "n1", "Startup Cost": 0.0, "Total Cost": 0.57, "Plan Rows": 1, "Plan Width": 4, "Index Cond": "(id = an1.person_id)", "Filter": "(((name)::text ~~ '%Yo%'::text) AND ((name)::text !~~ '%Yu%'::text))"}]}]}, "Unique SQL Id": 3544391839, "Planner Runtime": 21}, "explain_analyze_plan": {"Plan": {"Node Type": "Aggregate", "Strategy": "Plain", "Startup Cost": 90333.08, "Total Cost": 90333.09, "Plan Rows": 1, "Plan Width": 97, "Actual Startup Time": 4158.304, "Actual Total Time": 4158.305, "Actual Rows": 1, "Actual Loops": 1, "Plans": [{"Node Type": "Nested Loop", "Parent Relationship": "Outer", "Join Type": "Inner", "Startup Cost": 5982.08, "Total Cost": 90333.02, "Plan Rows": 12, "Plan Width": 33, "Actual Startup Time": 375.733, "Actual Total Time": 4158.064, "Actual Rows": 62, "Actual Loops": 1, "Inner Unique": true, "Plans": [{"Node Type": "Nested Loop", "Parent Relationship": "Outer", "Join Type": "Inner", "Startup Cost": 5982.08, "Total Cost": 89957.48, "Plan Rows": 645, "Plan Width": 41, "Actual Startup Time": 84.871, "Actual Total Time": 4085.038, "Actual Rows": 17379, "Actual Loops": 1, "Inner Unique": false, "Plans": [{"Node Type": "Nested Loop", "Parent Relationship": "Outer", "Join Type": "Inner", "Startup Cost": 5982.08, "Total Cost": 89503.27, "Plan Rows": 532, "Plan Width": 21, "Actual Startup Time": 84.854, "Actual Total Time": 4037.651, "Actual Rows": 7438, "Actual Loops": 1, "Inner Unique": false, "Join Filter": "(ci.role_id = rt.id)", "Rows Removed by Join Filter": 12162, "Plans": [{"Node Type": "Seq Scan", "Parent Relationship": "Outer", "Relation Name": "role_type", "Alias": "rt", "Startup Cost": 0.0, "Total Cost": 1.15, "Plan Rows": 1, "Plan Width": 4, "Actual Startup Time": 0.033, "Actual Total Time": 0.039, "Actual Rows": 1, "Actual Loops": 1, "Filter": "((role)::text = 'actress'::text)", "Rows Removed by Filter": 11}, {"Node Type": "Nested Loop", "Parent Relationship": "Inner", "Join Type": "Inner", "Startup Cost": 5982.08, "Total Cost": 89429.03, "Plan Rows": 5847, "Plan Width": 25, "Actual Startup Time": 84.811, "Actual Total Time": 4031.894, "Actual Rows": 19600, "Actual Loops": 1, "Inner Unique": false, "Plans": [{"Node Type": "Nested Loop", "Parent Relationship": "Outer", "Join Type": "Inner", "Startup Cost": 5982.08, "Total Cost": 83686.44, "Plan Rows": 5775, "Plan Width": 25, "Actual Startup Time": 84.674, "Actual Total Time": 1322.2, "Actual Rows": 48328, "Actual Loops": 1, "Inner Unique": true, "Plans": [{"Node Type": "Hash Join", "Parent Relationship": "Outer", "Join Type": "Inner", "Startup Cost": 5982.08, "Total Cost": 61039.34, "Plan Rows": 5775, "Plan Width": 4, "Actual Startup Time": 84.622, "Actual Total Time": 1077.922, "Actual Rows": 48328, "Actual Loops": 1, "Inner Unique": true, "Hash Cond": "(mc.company_id = cn.id)", "Plans": [{"Node Type": "Seq Scan", "Parent Relationship": "Outer", "Relation Name": "movie_companies", "Alias": "mc", "Startup Cost": 0.0, "Total Cost": 54862.92, "Plan Rows": 36426, "Plan Width": 8, "Actual Startup Time": 0.237, "Actual Total Time": 960.131, "Actual Rows": 48897, "Actual Loops": 1, "Filter": "(((note)::text ~~ '%(Japan)%'::text) AND ((note)::text !~~ '%(USA)%'::text))", "Rows Removed by Filter": 2560231}, {"Node Type": "Hash", "Parent Relationship": "Inner", "Startup Cost": 5903.45, "Total Cost": 5903.45, "Plan Rows": 6290, "Plan Width": 4, "Actual Startup Time": 84.313, "Actual Total Time": 84.313, "Actual Rows": 6752, "Actual Loops": 1, "Hash Buckets": 32768, "Hash Batches": 1, "Original Hash Batches": 1, "Peak Memory Usage": 238, "Plans": [{"Node Type": "Seq Scan", "Parent Relationship": "Outer", "Relation Name": "company_name", "Alias": "cn", "Startup Cost": 0.0, "Total Cost": 5903.45, "Plan Rows": 6290, "Plan Width": 4, "Actual Startup Time": 0.027, "Actual Total Time": 82.123, "Actual Rows": 6752, "Actual Loops": 1, "Filter": "((country_code)::text = '[jp]'::text)", "Rows Removed by Filter": 228244}]}]}, {"Node Type": "Index Scan", "Parent Relationship": "Inner", "Scan Direction": "Forward", "Index Name": "title_pkey", "Relation Name": "title", "Alias": "t", "Startup Cost": 0.0, "Total Cost": 3.91, "Plan Rows": 1, "Plan Width": 21, "Actual Startup Time": 203.337, "Actual Total Time": 203.337, "Actual Rows": 48328, "Actual Loops": 48328, "Index Cond": "(id = mc.movie_id)", "Rows Removed by Index Recheck": 0}]}, {"Node Type": "Index Scan", "Parent Relationship": "Inner", "Scan Direction": "Forward", "Index Name": "movie_id_cast_info", "Relation Name": "cast_info", "Alias": "ci", "Startup Cost": 0.0, "Total Cost": 0.98, "Plan Rows": 1, "Plan Width": 12, "Actual Startup Time": 2557.934, "Actual Total Time": 2679.268, "Actual Rows": 19600, "Actual Loops": 48328, "Index Cond": "(movie_id = t.id)", "Rows Removed by Index Recheck": 0, "Filter": "((note)::text = '(voice: English version)'::text)", "Rows Removed by Filter": 1531710}]}]}, {"Node Type": "Index Scan", "Parent Relationship": "Inner", "Scan Direction": "Forward", "Index Name": "person_id_aka_name", "Relation Name": "aka_name", "Alias": "an1", "Startup Cost": 0.0, "Total Cost": 0.84, "Plan Rows": 1, "Plan Width": 20, "Actual Startup Time": 30.669, "Actual Total Time": 38.584, "Actual Rows": 17379, "Actual Loops": 7438, "Index Cond": "(person_id = ci.person_id)", "Rows Removed by Index Recheck": 0}]}, {"Node Type": "Index Scan", "Parent Relationship": "Inner", "Scan Direction": "Forward", "Index Name": "name_pkey", "Relation Name": "name", "Alias": "n1", "Startup Cost": 0.0, "Total Cost": 0.57, "Plan Rows": 1, "Plan Width": 4, "Actual Startup Time": 64.261, "Actual Total Time": 64.261, "Actual Rows": 62, "Actual Loops": 17379, "Index Cond": "(id = an1.person_id)", "Rows Removed by Index Recheck": 0, "Filter": "(((name)::text ~~ '%Yo%'::text) AND ((name)::text !~~ '%Yu%'::text))", "Rows Removed by Filter": 17317}]}]}, "Triggers": [], "Planner Runtime": 21, "Total Runtime": 4158.7, "Unique SQL Id": 3544391839}}, "(64, 41)": {"explain_plan": {"Plan": {"Node Type": "Aggregate", "Strategy": "Plain", "Startup Cost": 110824.82, "Total Cost": 110824.83, "Plan Rows": 1, "Plan Width": 97, "Plans": [{"Node Type": "Nested Loop", "Parent Relationship": "Outer", "Join Type": "Inner", "Startup Cost": 0.0, "Total Cost": 110824.76, "Plan Rows": 12, "Plan Width": 33, "Inner Unique": true, "Plans": [{"Node Type": "Nested Loop", "Parent Relationship": "Outer", "Join Type": "Inner", "Startup Cost": 0.0, "Total Cost": 110449.22, "Plan Rows": 645, "Plan Width": 41, "Inner Unique": false, "Plans": [{"Node Type": "Nested Loop", "Parent Relationship": "Outer", "Join Type": "Inner", "Startup Cost": 0.0, "Total Cost": 109995.01, "Plan Rows": 532, "Plan Width": 21, "Inner Unique": false, "Join Filter": "(ci.role_id = rt.id)", "Plans": [{"Node Type": "Index Scan", "Parent Relationship": "Outer", "Scan Direction": "Forward", "Index Name": "role_type_pkey", "Relation Name": "role_type", "Alias": "rt", "Startup Cost": 0.0, "Total Cost": 12.46, "Plan Rows": 1, "Plan Width": 4, "Filter": "((role)::text = 'actress'::text)"}, {"Node Type": "Nested Loop", "Parent Relationship": "Inner", "Join Type": "Inner", "Startup Cost": 0.0, "Total Cost": 109909.47, "Plan Rows": 5847, "Plan Width": 25, "Inner Unique": false, "Plans": [{"Node Type": "Nested Loop", "Parent Relationship": "Outer", "Join Type": "Inner", "Startup Cost": 0.0, "Total Cost": 104166.87, "Plan Rows": 5775, "Plan Width": 25, "Inner Unique": true, "Plans": [{"Node Type": "Nested Loop", "Parent Relationship": "Outer", "Join Type": "Inner", "Startup Cost": 0.0, "Total Cost": 81519.78, "Plan Rows": 5775, "Plan Width": 4, "Inner Unique": false, "Plans": [{"Node Type": "Index Scan", "Parent Relationship": "Outer", "Scan Direction": "Forward", "Index Name": "company_name_pkey", "Relation Name": "company_name", "Alias": "cn", "Startup Cost": 0.0, "Total Cost": 10501.39, "Plan Rows": 6290, "Plan Width": 4, "Filter": "((country_code)::text = '[jp]'::text)"}, {"Node Type": "Index Scan", "Parent Relationship": "Inner", "Scan Direction": "Forward", "Index Name": "company_id_movie_companies", "Relation Name": "movie_companies", "Alias": "mc", "Startup Cost": 0.0, "Total Cost": 11.28, "Plan Rows": 1, "Plan Width": 8, "Index Cond": "(company_id = cn.id)", "Filter": "(((note)::text ~~ '%(Japan)%'::text) AND ((note)::text !~~ '%(USA)%'::text))"}]}, {"Node Type": "Index Scan", "Parent Relationship": "Inner", "Scan Direction": "Forward", "Index Name": "title_pkey", "Relation Name": "title", "Alias": "t", "Startup Cost": 0.0, "Total Cost": 3.91, "Plan Rows": 1, "Plan Width": 21, "Index Cond": "(id = mc.movie_id)"}]}, {"Node Type": "Index Scan", "Parent Relationship": "Inner", "Scan Direction": "Forward", "Index Name": "movie_id_cast_info", "Relation Name": "cast_info", "Alias": "ci", "Startup Cost": 0.0, "Total Cost": 0.98, "Plan Rows": 1, "Plan Width": 12, "Index Cond": "(movie_id = t.id)", "Filter": "((note)::text = '(voice: English version)'::text)"}]}]}, {"Node Type": "Index Scan", "Parent Relationship": "Inner", "Scan Direction": "Forward", "Index Name": "person_id_aka_name", "Relation Name": "aka_name", "Alias": "an1", "Startup Cost": 0.0, "Total Cost": 0.84, "Plan Rows": 1, "Plan Width": 20, "Index Cond": "(person_id = ci.person_id)"}]}, {"Node Type": "Index Scan", "Parent Relationship": "Inner", "Scan Direction": "Forward", "Index Name": "name_pkey", "Relation Name": "name", "Alias": "n1", "Startup Cost": 0.0, "Total Cost": 0.57, "Plan Rows": 1, "Plan Width": 4, "Index Cond": "(id = an1.person_id)", "Filter": "(((name)::text ~~ '%Yo%'::text) AND ((name)::text !~~ '%Yu%'::text))"}]}]}, "Unique SQL Id": 3544391839, "Planner Runtime": 12}, "explain_analyze_plan": {"Plan": {"Node Type": "Aggregate", "Strategy": "Plain", "Startup Cost": 110824.82, "Total Cost": 110824.83, "Plan Rows": 1, "Plan Width": 97, "Actual Startup Time": 3997.073, "Actual Total Time": 3997.073, "Actual Rows": 1, "Actual Loops": 1, "Plans": [{"Node Type": "Nested Loop", "Parent Relationship": "Outer", "Join Type": "Inner", "Startup Cost": 0.0, "Total Cost": 110824.76, "Plan Rows": 12, "Plan Width": 33, "Actual Startup Time": 4.867, "Actual Total Time": 3996.759, "Actual Rows": 62, "Actual Loops": 1, "Inner Unique": true, "Plans": [{"Node Type": "Nested Loop", "Parent Relationship": "Outer", "Join Type": "Inner", "Startup Cost": 0.0, "Total Cost": 110449.22, "Plan Rows": 645, "Plan Width": 41, "Actual Startup Time": 0.353, "Actual Total Time": 3918.809, "Actual Rows": 17379, "Actual Loops": 1, "Inner Unique": false, "Plans": [{"Node Type": "Nested Loop", "Parent Relationship": "Outer", "Join Type": "Inner", "Startup Cost": 0.0, "Total Cost": 109995.01, "Plan Rows": 532, "Plan Width": 21, "Actual Startup Time": 0.336, "Actual Total Time": 3866.842, "Actual Rows": 7438, "Actual Loops": 1, "Inner Unique": false, "Join Filter": "(ci.role_id = rt.id)", "Rows Removed by Join Filter": 12162, "Plans": [{"Node Type": "Index Scan", "Parent Relationship": "Outer", "Scan Direction": "Forward", "Index Name": "role_type_pkey", "Relation Name": "role_type", "Alias": "rt", "Startup Cost": 0.0, "Total Cost": 12.46, "Plan Rows": 1, "Plan Width": 4, "Actual Startup Time": 0.024, "Actual Total Time": 0.033, "Actual Rows": 1, "Actual Loops": 1, "Filter": "((role)::text = 'actress'::text)", "Rows Removed by Filter": 11}, {"Node Type": "Nested Loop", "Parent Relationship": "Inner", "Join Type": "Inner", "Startup Cost": 0.0, "Total Cost": 109909.47, "Plan Rows": 5847, "Plan Width": 25, "Actual Startup Time": 0.307, "Actual Total Time": 3861.626, "Actual Rows": 19600, "Actual Loops": 1, "Inner Unique": false, "Plans": [{"Node Type": "Nested Loop", "Parent Relationship": "Outer", "Join Type": "Inner", "Startup Cost": 0.0, "Total Cost": 104166.87, "Plan Rows": 5775, "Plan Width": 25, "Actual Startup Time": 0.238, "Actual Total Time": 847.639, "Actual Rows": 48328, "Actual Loops": 1, "Inner Unique": true, "Plans": [{"Node Type": "Nested Loop", "Parent Relationship": "Outer", "Join Type": "Inner", "Startup Cost": 0.0, "Total Cost": 81519.78, "Plan Rows": 5775, "Plan Width": 4, "Actual Startup Time": 0.222, "Actual Total Time": 526.993, "Actual Rows": 48328, "Actual Loops": 1, "Inner Unique": false, "Plans": [{"Node Type": "Index Scan", "Parent Relationship": "Outer", "Scan Direction": "Forward", "Index Name": "company_name_pkey", "Relation Name": "company_name", "Alias": "cn", "Startup Cost": 0.0, "Total Cost": 10501.39, "Plan Rows": 6290, "Plan Width": 4, "Actual Startup Time": 0.188, "Actual Total Time": 296.022, "Actual Rows": 6752, "Actual Loops": 1, "Filter": "((country_code)::text = '[jp]'::text)", "Rows Removed by Filter": 228244}, {"Node Type": "Index Scan", "Parent Relationship": "Inner", "Scan Direction": "Forward", "Index Name": "company_id_movie_companies", "Relation Name": "movie_companies", "Alias": "mc", "Startup Cost": 0.0, "Total Cost": 11.28, "Plan Rows": 1, "Plan Width": 8, "Actual Startup Time": 55.45, "Actual Total Time": 215.038, "Actual Rows": 48328, "Actual Loops": 6752, "Index Cond": "(company_id = cn.id)", "Rows Removed by Index Recheck": 0, "Filter": "(((note)::text ~~ '%(Japan)%'::text) AND ((note)::text !~~ '%(USA)%'::text))", "Rows Removed by Filter": 56667}]}, {"Node Type": "Index Scan", "Parent Relationship": "Inner", "Scan Direction": "Forward", "Index Name": "title_pkey", "Relation Name": "title", "Alias": "t", "Startup Cost": 0.0, "Total Cost": 3.91, "Plan Rows": 1, "Plan Width": 21, "Actual Startup Time": 278.16, "Actual Total Time": 278.16, "Actual Rows": 48328, "Actual Loops": 48328, "Index Cond": "(id = mc.movie_id)", "Rows Removed by Index Recheck": 0}]}, {"Node Type": "Index Scan", "Parent Relationship": "Inner", "Scan Direction": "Forward", "Index Name": "movie_id_cast_info", "Relation Name": "cast_info", "Alias": "ci", "Startup Cost": 0.0, "Total Cost": 0.98, "Plan Rows": 1, "Plan Width": 12, "Actual Startup Time": 2849.927, "Actual Total Time": 2982.59, "Actual Rows": 19600, "Actual Loops": 48328, "Index Cond": "(movie_id = t.id)", "Rows Removed by Index Recheck": 0, "Filter": "((note)::text = '(voice: English version)'::text)", "Rows Removed by Filter": 1531710}]}]}, {"Node Type": "Index Scan", "Parent Relationship": "Inner", "Scan Direction": "Forward", "Index Name": "person_id_aka_name", "Relation Name": "aka_name", "Alias": "an1", "Startup Cost": 0.0, "Total Cost": 0.84, "Plan Rows": 1, "Plan Width": 20, "Actual Startup Time": 34.558, "Actual Total Time": 43.048, "Actual Rows": 17379, "Actual Loops": 7438, "Index Cond": "(person_id = ci.person_id)", "Rows Removed by Index Recheck": 0}]}, {"Node Type": "Index Scan", "Parent Relationship": "Inner", "Scan Direction": "Forward", "Index Name": "name_pkey", "Relation Name": "name", "Alias": "n1", "Startup Cost": 0.0, "Total Cost": 0.57, "Plan Rows": 1, "Plan Width": 4, "Actual Startup Time": 68.944, "Actual Total Time": 68.944, "Actual Rows": 62, "Actual Loops": 17379, "Index Cond": "(id = an1.person_id)", "Rows Removed by Index Recheck": 0, "Filter": "(((name)::text ~~ '%Yo%'::text) AND ((name)::text !~~ '%Yu%'::text))", "Rows Removed by Filter": 17317}]}]}, "Triggers": [], "Planner Runtime": 6, "Total Runtime": 3997.429, "Unique SQL Id": 3544391839}}, "(64, 42)": {"explain_plan": {"Plan": {"Node Type": "Aggregate", "Strategy": "Plain", "Startup Cost": 318702.26, "Total Cost": 318702.27, "Plan Rows": 1, "Plan Width": 97, "Plans": [{"Node Type": "Hash Join", "Parent Relationship": "Outer", "Join Type": "Inner", "Startup Cost": 241686.96, "Total Cost": 318699.03, "Plan Rows": 646, "Plan Width": 33, "Inner Unique": true, "Hash Cond": "(ci.movie_id = t.id)", "Plans": [{"Node Type": "Hash Join", "Parent Relationship": "Outer", "Join Type": "Inner", "Startup Cost": 150013.97, "Total Cost": 227017.15, "Plan Rows": 646, "Plan Width": 24, "Inner Unique": false, "Hash Cond": "(ci.movie_id = mc.movie_id)", "Plans": [{"Node Type": "Nested Loop", "Parent Relationship": "Outer", "Join Type": "Inner", "Startup Cost": 88902.44, "Total Cost": 165829.06, "Plan Rows": 1560, "Plan Width": 20, "Inner Unique": false, "Join Filter": "(ci.role_id = rt.id)", "Plans": [{"Node Type": "Seq Scan", "Parent Relationship": "Outer", "Relation Name": "role_type", "Alias": "rt", "Startup Cost": 0.0, "Total Cost": 1.15, "Plan Rows": 1, "Plan Width": 4, "Filter": "((role)::text = 'actress'::text)"}, {"Node Type": "Materialize", "Parent Relationship": "Inner", "Startup Cost": 88902.44, "Total Cost": 165656.3, "Plan Rows": 17161, "Plan Width": 24, "Plans": [{"Node Type": "Hash Join", "Parent Relationship": "Outer", "Join Type": "Inner", "Startup Cost": 88902.44, "Total Cost": 165613.4, "Plan Rows": 17161, "Plan Width": 24, "Inner Unique": false, "Hash Cond": "(ci.person_id = an1.person_id)", "Plans": [{"Node Type": "Streaming(type: LOCAL GATHER dop: 1/64)", "Parent Relationship": "Outer", "Startup Cost": 0.0, "Total Cost": 75815.47, "Plan Rows": 96692, "Plan Width": 12, "Plans": [{"Node Type": "Seq Scan", "Parent Relationship": "Outer", "Relation Name": "cast_info", "Alias": "ci", "Startup Cost": 0.0, "Total Cost": 73820.73, "Plan Rows": 96692, "Plan Width": 12, "Filter": "((note)::text = '(voice: English version)'::text)"}]}, {"Node Type": "Hash", "Parent Relationship": "Inner", "Startup Cost": 88694.6, "Total Cost": 88694.6, "Plan Rows": 16627, "Plan Width": 24, "Plans": [{"Node Type": "Hash Join", "Parent Relationship": "Outer", "Join Type": "Inner", "Startup Cost": 65239.88, "Total Cost": 88694.6, "Plan Rows": 16627, "Plan Width": 24, "Inner Unique": true, "Hash Cond": "(an1.person_id = n1.id)", "Plans": [{"Node Type": "Seq Scan", "Parent Relationship": "Outer", "Relation Name": "aka_name", "Alias": "an1", "Startup Cost": 0.0, "Total Cost": 19908.42, "Plan Rows": 901342, "Plan Width": 20}, {"Node Type": "Hash", "Parent Relationship": "Inner", "Startup Cost": 65066.3, "Total Cost": 65066.3, "Plan Rows": 13886, "Plan Width": 4, "Plans": [{"Node Type": "Streaming(type: LOCAL GATHER dop: 1/64)", "Parent Relationship": "Outer", "Startup Cost": 0.0, "Total Cost": 65066.3, "Plan Rows": 13886, "Plan Width": 4, "Plans": [{"Node Type": "Seq Scan", "Parent Relationship": "Outer", "Relation Name": "name", "Alias": "n1", "Startup Cost": 0.0, "Total Cost": 64779.83, "Plan Rows": 13886, "Plan Width": 4, "Filter": "(((name)::text ~~ '%Yo%'::text) AND ((name)::text !~~ '%Yu%'::text))"}]}]}]}]}]}]}]}, {"Node Type": "Hash", "Parent Relationship": "Inner", "Startup Cost": 61039.34, "Total Cost": 61039.34, "Plan Rows": 5775, "Plan Width": 4, "Plans": [{"Node Type": "Hash Join", "Parent Relationship": "Outer", "Join Type": "Inner", "Startup Cost": 5982.08, "Total Cost": 61039.34, "Plan Rows": 5775, "Plan Width": 4, "Inner Unique": true, "Hash Cond": "(mc.company_id = cn.id)", "Plans": [{"Node Type": "Seq Scan", "Parent Relationship": "Outer", "Relation Name": "movie_companies", "Alias": "mc", "Startup Cost": 0.0, "Total Cost": 54862.92, "Plan Rows": 36426, "Plan Width": 8, "Filter": "(((note)::text ~~ '%(Japan)%'::text) AND ((note)::text !~~ '%(USA)%'::text))"}, {"Node Type": "Hash", "Parent Relationship": "Inner", "Startup Cost": 5903.45, "Total Cost": 5903.45, "Plan Rows": 6290, "Plan Width": 4, "Plans": [{"Node Type": "Seq Scan", "Parent Relationship": "Outer", "Relation Name": "company_name", "Alias": "cn", "Startup Cost": 0.0, "Total Cost": 5903.45, "Plan Rows": 6290, "Plan Width": 4, "Filter": "((country_code)::text = '[jp]'::text)"}]}]}]}]}, {"Node Type": "Hash", "Parent Relationship": "Inner", "Startup Cost": 60069.11, "Total Cost": 60069.11, "Plan Rows": 2528311, "Plan Width": 21, "Plans": [{"Node Type": "Seq Scan", "Parent Relationship": "Outer", "Relation Name": "title", "Alias": "t", "Startup Cost": 0.0, "Total Cost": 60069.11, "Plan Rows": 2528311, "Plan Width": 21}]}]}]}, "Unique SQL Id": 3544391839, "Planner Runtime": 91}, "explain_analyze_plan": {"Plan": {"Node Type": "Aggregate", "Strategy": "Plain", "Startup Cost": 318702.26, "Total Cost": 318702.27, "Plan Rows": 1, "Plan Width": 97, "Actual Min Startup Time": 3444.349, "Actual Max Startup Time": 3444.349, "Actual Min Total Time": 3444.35, "Actual Max Total Time": 3444.35, "Plans": [{"Node Type": "Hash Join", "Parent Relationship": "Outer", "Join Type": "Inner", "Startup Cost": 241686.96, "Total Cost": 318699.03, "Plan Rows": 646, "Plan Width": 33, "Actual Min Startup Time": 3443.498, "Actual Max Startup Time": 3443.498, "Actual Min Total Time": 3444.295, "Actual Max Total Time": 3444.295, "Inner Unique": true, "Hash Cond": "(ci.movie_id = t.id)", "Plans": [{"Node Type": "Hash Join", "Parent Relationship": "Outer", "Join Type": "Inner", "Startup Cost": 150013.97, "Total Cost": 227017.15, "Plan Rows": 646, "Plan Width": 24, "Actual Min Startup Time": 1673.286, "Actual Max Startup Time": 1673.286, "Actual Min Total Time": 1673.944, "Actual Max Total Time": 1673.944, "Inner Unique": false, "Hash Cond": "(ci.movie_id = mc.movie_id)", "Plans": [{"Node Type": "Nested Loop", "Parent Relationship": "Outer", "Join Type": "Inner", "Startup Cost": 88902.44, "Total Cost": 165829.06, "Plan Rows": 1560, "Plan Width": 20, "Actual Min Startup Time": 610.866, "Actual Max Startup Time": 610.866, "Actual Min Total Time": 611.24, "Actual Max Total Time": 611.24, "Inner Unique": false, "Join Filter": "(ci.role_id = rt.id)", "Rows Removed by Join Filter": 1916, "Plans": [{"Node Type": "Seq Scan", "Parent Relationship": "Outer", "Relation Name": "role_type", "Alias": "rt", "Startup Cost": 0.0, "Total Cost": 1.15, "Plan Rows": 1, "Plan Width": 4, "Actual Min Startup Time": 0.04, "Actual Max Startup Time": 0.04, "Actual Min Total Time": 0.045, "Actual Max Total Time": 0.045, "Filter": "((role)::text = 'actress'::text)", "Rows Removed by Filter": 11, "Actual Rows": 1}, {"Node Type": "Materialize", "Parent Relationship": "Inner", "Startup Cost": 88902.44, "Total Cost": 165656.3, "Plan Rows": 17161, "Plan Width": 24, "Actual Min Startup Time": 609.971, "Actual Max Startup Time": 609.971, "Actual Min Total Time": 610.325, "Actual Max Total Time": 610.325, "Plans": [{"Node Type": "Hash Join", "Parent Relationship": "Outer", "Join Type": "Inner", "Startup Cost": 88902.44, "Total Cost": 165613.4, "Plan Rows": 17161, "Plan Width": 24, "Actual Min Startup Time": 440.201, "Actual Max Startup Time": 440.201, "Actual Min Total Time": 609.131, "Actual Max Total Time": 609.131, "Inner Unique": false, "Hash Cond": "(ci.person_id = an1.person_id)", "Plans": [{"Node Type": "Streaming(type: LOCAL GATHER dop: 1/64)", "Parent Relationship": "Outer", "Startup Cost": 0.0, "Total Cost": 75815.47, "Plan Rows": 96692, "Plan Width": 12, "Actual Min Startup Time": 0.21, "Actual Max Startup Time": 0.21, "Actual Min Total Time": 152.633, "Actual Max Total Time": 152.633, "Plans": [{"Node Type": "Seq Scan", "Parent Relationship": "Outer", "Relation Name": "cast_info", "Alias": "ci", "Startup Cost": 0.0, "Total Cost": 73820.73, "Plan Rows": 96692, "Plan Width": 12, "Actual Min Startup Time": 0.034, "Actual Max Startup Time": 2.865, "Actual Min Total Time": 154.022, "Actual Max Total Time": 167.643, "Filter": "((note)::text = '(voice: English version)'::text)", "Rows Removed by Filter": 36151248, "Actual Rows": 93095}], "Actual Rows": 93095}, {"Node Type": "Hash", "Parent Relationship": "Inner", "Startup Cost": 88694.6, "Total Cost": 88694.6, "Plan Rows": 16627, "Plan Width": 24, "Actual Min Startup Time": 439.302, "Actual Max Startup Time": 439.302, "Actual Min Total Time": 439.302, "Actual Max Total Time": 439.302, "Max Hash Buckets": 32768, "Min Hash Buckets": 32768, "Max Hash Batches": 1, "Min Hash Batches": 1, "Max Original Hash Batches": 1, "Min Original Hash Batches": 1, "Max Peak Memory Usage": 229, "min Peak Memory Usage": 229, "Plans": [{"Node Type": "Hash Join", "Parent Relationship": "Outer", "Join Type": "Inner", "Startup Cost": 65239.88, "Total Cost": 88694.6, "Plan Rows": 16627, "Plan Width": 24, "Actual Min Startup Time": 32.535, "Actual Max Startup Time": 32.535, "Actual Min Total Time": 437.311, "Actual Max Total Time": 437.311, "Inner Unique": true, "Hash Cond": "(an1.person_id = n1.id)", "Plans": [{"Node Type": "Seq Scan", "Parent Relationship": "Outer", "Relation Name": "aka_name", "Alias": "an1", "Startup Cost": 0.0, "Total Cost": 19908.42, "Plan Rows": 901342, "Plan Width": 20, "Actual Min Startup Time": 0.044, "Actual Max Startup Time": 0.044, "Actual Min Total Time": 229.428, "Actual Max Total Time": 229.428, "Actual Rows": 901342}, {"Node Type": "Hash", "Parent Relationship": "Inner", "Startup Cost": 65066.3, "Total Cost": 65066.3, "Plan Rows": 13886, "Plan Width": 4, "Actual Min Startup Time": 32.262, "Actual Max Startup Time": 32.262, "Actual Min Total Time": 32.262, "Actual Max Total Time": 32.262, "Max Hash Buckets": 32768, "Min Hash Buckets": 32768, "Max Hash Batches": 1, "Min Hash Batches": 1, "Max Original Hash Batches": 1, "Min Original Hash Batches": 1, "Max Peak Memory Usage": 736, "min Peak Memory Usage": 736, "Plans": [{"Node Type": "Streaming(type: LOCAL GATHER dop: 1/64)", "Parent Relationship": "Outer", "Startup Cost": 0.0, "Total Cost": 65066.3, "Plan Rows": 13886, "Plan Width": 4, "Actual Min Startup Time": 0.126, "Actual Max Startup Time": 0.126, "Actual Min Total Time": 26.671, "Actual Max Total Time": 26.671, "Plans": [{"Node Type": "Seq Scan", "Parent Relationship": "Outer", "Relation Name": "name", "Alias": "n1", "Startup Cost": 0.0, "Total Cost": 64779.83, "Plan Rows": 13886, "Plan Width": 4, "Actual Min Startup Time": 0.035, "Actual Max Startup Time": 2.634, "Actual Min Total Time": 25.614, "Actual Max Total Time": 29.26, "Filter": "(((name)::text ~~ '%Yo%'::text) AND ((name)::text !~~ '%Yu%'::text))", "Rows Removed by Filter": 4146579, "Actual Rows": 20911}], "Actual Rows": 20911}], "Actual Rows": 20911}], "Actual Rows": 4031}], "Actual Rows": 4031}], "Actual Rows": 2575}], "Actual Rows": 2576}], "Actual Rows": 659}, {"Node Type": "Hash", "Parent Relationship": "Inner", "Startup Cost": 61039.34, "Total Cost": 61039.34, "Plan Rows": 5775, "Plan Width": 4, "Actual Min Startup Time": 1062.298, "Actual Max Startup Time": 1062.298, "Actual Min Total Time": 1062.298, "Actual Max Total Time": 1062.298, "Max Hash Buckets": 32768, "Min Hash Buckets": 32768, "Max Hash Batches": 1, "Min Hash Batches": 1, "Max Original Hash Batches": 1, "Min Original Hash Batches": 1, "Max Peak Memory Usage": 1700, "min Peak Memory Usage": 1700, "Plans": [{"Node Type": "Hash Join", "Parent Relationship": "Outer", "Join Type": "Inner", "Startup Cost": 5982.08, "Total Cost": 61039.34, "Plan Rows": 5775, "Plan Width": 4, "Actual Min Startup Time": 84.113, "Actual Max Startup Time": 84.113, "Actual Min Total Time": 1046.556, "Actual Max Total Time": 1046.556, "Inner Unique": true, "Hash Cond": "(mc.company_id = cn.id)", "Plans": [{"Node Type": "Seq Scan", "Parent Relationship": "Outer", "Relation Name": "movie_companies", "Alias": "mc", "Startup Cost": 0.0, "Total Cost": 54862.92, "Plan Rows": 36426, "Plan Width": 8, "Actual Min Startup Time": 0.268, "Actual Max Startup Time": 0.268, "Actual Min Total Time": 937.514, "Actual Max Total Time": 937.514, "Filter": "(((note)::text ~~ '%(Japan)%'::text) AND ((note)::text !~~ '%(USA)%'::text))", "Rows Removed by Filter": 2560231, "Actual Rows": 48897}, {"Node Type": "Hash", "Parent Relationship": "Inner", "Startup Cost": 5903.45, "Total Cost": 5903.45, "Plan Rows": 6290, "Plan Width": 4, "Actual Min Startup Time": 83.798, "Actual Max Startup Time": 83.798, "Actual Min Total Time": 83.798, "Actual Max Total Time": 83.798, "Max Hash Buckets": 32768, "Min Hash Buckets": 32768, "Max Hash Batches": 1, "Min Hash Batches": 1, "Max Original Hash Batches": 1, "Min Original Hash Batches": 1, "Max Peak Memory Usage": 238, "min Peak Memory Usage": 238, "Plans": [{"Node Type": "Seq Scan", "Parent Relationship": "Outer", "Relation Name": "company_name", "Alias": "cn", "Startup Cost": 0.0, "Total Cost": 5903.45, "Plan Rows": 6290, "Plan Width": 4, "Actual Min Startup Time": 0.028, "Actual Max Startup Time": 0.028, "Actual Min Total Time": 81.676, "Actual Max Total Time": 81.676, "Filter": "((country_code)::text = '[jp]'::text)", "Rows Removed by Filter": 228244, "Actual Rows": 6752}], "Actual Rows": 6752}], "Actual Rows": 48328}], "Actual Rows": 48328}], "Actual Rows": 62}, {"Node Type": "Hash", "Parent Relationship": "Inner", "Startup Cost": 60069.11, "Total Cost": 60069.11, "Plan Rows": 2528311, "Plan Width": 21, "Actual Min Startup Time": 1767.364, "Actual Max Startup Time": 1767.364, "Actual Min Total Time": 1767.364, "Actual Max Total Time": 1767.364, "Max Hash Buckets": 4194304, "Min Hash Buckets": 4194304, "Max Hash Batches": 1, "Min Hash Batches": 1, "Max Original Hash Batches": 1, "Min Original Hash Batches": 1, "Max Peak Memory Usage": 135869, "min Peak Memory Usage": 135869, "Plans": [{"Node Type": "Seq Scan", "Parent Relationship": "Outer", "Relation Name": "title", "Alias": "t", "Startup Cost": 0.0, "Total Cost": 60069.11, "Plan Rows": 2528311, "Plan Width": 21, "Actual Min Startup Time": 0.051, "Actual Max Startup Time": 0.051, "Actual Min Total Time": 839.542, "Actual Max Total Time": 839.542, "Actual Rows": 2528311}], "Actual Rows": 2528311}], "Actual Rows": 62}], "Actual Rows": 1}, "Triggers": [], "Planner Runtime": 91, "Total Runtime": 3500.553, "Unique SQL Id": 3544391839}}, "(64, 43)": {"explain_plan": {"Plan": {"Node Type": "Aggregate", "Strategy": "Plain", "Startup Cost": 7000235540657.29, "Total Cost": 7000235540657.3, "Plan Rows": 1, "Plan Width": 97, "Plans": [{"Node Type": "Nested Loop", "Parent Relationship": "Outer", "Join Type": "Inner", "Startup Cost": 70000000000.0, "Total Cost": 7000235540654.06, "Plan Rows": 646, "Plan Width": 33, "Inner Unique": false, "Join Filter": "(n1.id = an1.person_id)", "Plans": [{"Node Type": "Index Scan", "Parent Relationship": "Outer", "Scan Direction": "Forward", "Index Name": "person_id_aka_name", "Relation Name": "aka_name", "Alias": "an1", "Startup Cost": 10000000000.0, "Total Cost": 1000006896503.43, "Plan Rows": 901342, "Plan Width": 20}, {"Node Type": "Materialize", "Parent Relationship": "Inner", "Startup Cost": 60000000000.0, "Total Cost": 6000221451442.81, "Plan Rows": 532, "Plan Width": 25, "Plans": [{"Node Type": "Nested Loop", "Parent Relationship": "Outer", "Join Type": "Inner", "Startup Cost": 60000000000.0, "Total Cost": 6000221451440.15, "Plan Rows": 532, "Plan Width": 25, "Inner Unique": true, "Join Filter": "(ci.movie_id = t.id)", "Plans": [{"Node Type": "Nested Loop", "Parent Relationship": "Outer", "Join Type": "Inner", "Startup Cost": 50000000000.0, "Total Cost": 5000190257148.67, "Plan Rows": 532, "Plan Width": 16, "Inner Unique": false, "Join Filter": "(ci.person_id = n1.id)", "Plans": [{"Node Type": "Index Scan", "Parent Relationship": "Outer", "Scan Direction": "Forward", "Index Name": "name_pkey", "Relation Name": "name", "Alias": "n1", "Startup Cost": 10000000000.0, "Total Cost": 1000019707019.7, "Plan Rows": 13886, "Plan Width": 4, "Filter": "(((name)::text ~~ '%Yo%'::text) AND ((name)::text !~~ '%Yu%'::text))"}, {"Node Type": "Materialize", "Parent Relationship": "Inner", "Startup Cost": 40000000000.0, "Total Cost": 4000170439320.02, "Plan Rows": 532, "Plan Width": 12, "Plans": [{"Node Type": "Nested Loop", "Parent Relationship": "Outer", "Join Type": "Inner", "Startup Cost": 40000000000.0, "Total Cost": 4000170439317.36, "Plan Rows": 532, "Plan Width": 12, "Inner Unique": true, "Join Filter": "(ci.role_id = rt.id)", "Plans": [{"Node Type": "Nested Loop", "Parent Relationship": "Outer", "Join Type": "Inner", "Startup Cost": 30000000000.0, "Total Cost": 3000170437983.65, "Plan Rows": 5847, "Plan Width": 16, "Inner Unique": false, "Join Filter": "(mc.movie_id = ci.movie_id)", "Plans": [{"Node Type": "Nested Loop", "Parent Relationship": "Outer", "Join Type": "Inner", "Startup Cost": 20000000000.0, "Total Cost": 2000018843457.92, "Plan Rows": 5775, "Plan Width": 4, "Inner Unique": true, "Join Filter": "(cn.id = mc.company_id)", "Plans": [{"Node Type": "Index Scan", "Parent Relationship": "Outer", "Scan Direction": "Forward", "Index Name": "movie_id_movie_companies", "Relation Name": "movie_companies", "Alias": "mc", "Startup Cost": 10000000000.0, "Total Cost": 1000014356510.13, "Plan Rows": 36426, "Plan Width": 8, "Filter": "(((note)::text ~~ '%(Japan)%'::text) AND ((note)::text !~~ '%(USA)%'::text))"}, {"Node Type": "Materialize", "Parent Relationship": "Inner", "Startup Cost": 10000000000.0, "Total Cost": 1000001050170.42, "Plan Rows": 6290, "Plan Width": 4, "Plans": [{"Node Type": "Index Scan", "Parent Relationship": "Outer", "Scan Direction": "Forward", "Index Name": "company_name_pkey", "Relation Name": "company_name", "Alias": "cn", "Startup Cost": 10000000000.0, "Total Cost": 1000001050138.97, "Plan Rows": 6290, "Plan Width": 4, "Filter": "((country_code)::text = '[jp]'::text)"}]}]}, {"Node Type": "Materialize", "Parent Relationship": "Inner", "Startup Cost": 10000000000.0, "Total Cost": 1000143218822.96, "Plan Rows": 96692, "Plan Width": 12, "Plans": [{"Node Type": "Index Scan", "Parent Relationship": "Outer", "Scan Direction": "Forward", "Index Name": "role_id_cast_info", "Relation Name": "cast_info", "Alias": "ci", "Startup Cost": 10000000000.0, "Total Cost": 1000143218339.5, "Plan Rows": 96692, "Plan Width": 12, "Filter": "((note)::text = '(voice: English version)'::text)"}]}]}, {"Node Type": "Materialize", "Parent Relationship": "Inner", "Startup Cost": 10000000000.0, "Total Cost": 1000000001246.0, "Plan Rows": 1, "Plan Width": 4, "Plans": [{"Node Type": "Index Scan", "Parent Relationship": "Outer", "Scan Direction": "Forward", "Index Name": "role_type_pkey", "Relation Name": "role_type", "Alias": "rt", "Startup Cost": 10000000000.0, "Total Cost": 1000000001246.0, "Plan Rows": 1, "Plan Width": 4, "Filter": "((role)::text = 'actress'::text)"}]}]}]}]}, {"Node Type": "Materialize", "Parent Relationship": "Inner", "Startup Cost": 10000000000.0, "Total Cost": 1000011024690.47, "Plan Rows": 2528311, "Plan Width": 21, "Plans": [{"Node Type": "Index Scan", "Parent Relationship": "Outer", "Scan Direction": "Forward", "Index Name": "title_pkey", "Relation Name": "title", "Alias": "t", "Startup Cost": 10000000000.0, "Total Cost": 1000011012048.91, "Plan Rows": 2528311, "Plan Width": 21}]}]}]}]}]}, "Unique SQL Id": 3544391839, "Planner Runtime": 43}, "explain_analyze_plan": null}, "(64, 44)": {"explain_plan": {"Plan": {"Node Type": "Aggregate", "Strategy": "Plain", "Startup Cost": 90333.08, "Total Cost": 90333.09, "Plan Rows": 1, "Plan Width": 97, "Plans": [{"Node Type": "Nested Loop", "Parent Relationship": "Outer", "Join Type": "Inner", "Startup Cost": 5982.08, "Total Cost": 90333.02, "Plan Rows": 12, "Plan Width": 33, "Inner Unique": true, "Plans": [{"Node Type": "Nested Loop", "Parent Relationship": "Outer", "Join Type": "Inner", "Startup Cost": 5982.08, "Total Cost": 89957.48, "Plan Rows": 645, "Plan Width": 41, "Inner Unique": false, "Plans": [{"Node Type": "Nested Loop", "Parent Relationship": "Outer", "Join Type": "Inner", "Startup Cost": 5982.08, "Total Cost": 89503.27, "Plan Rows": 532, "Plan Width": 21, "Inner Unique": false, "Join Filter": "(ci.role_id = rt.id)", "Plans": [{"Node Type": "Seq Scan", "Parent Relationship": "Outer", "Relation Name": "role_type", "Alias": "rt", "Startup Cost": 0.0, "Total Cost": 1.15, "Plan Rows": 1, "Plan Width": 4, "Filter": "((role)::text = 'actress'::text)"}, {"Node Type": "Nested Loop", "Parent Relationship": "Inner", "Join Type": "Inner", "Startup Cost": 5982.08, "Total Cost": 89429.03, "Plan Rows": 5847, "Plan Width": 25, "Inner Unique": false, "Plans": [{"Node Type": "Nested Loop", "Parent Relationship": "Outer", "Join Type": "Inner", "Startup Cost": 5982.08, "Total Cost": 83686.44, "Plan Rows": 5775, "Plan Width": 25, "Inner Unique": true, "Plans": [{"Node Type": "Hash Join", "Parent Relationship": "Outer", "Join Type": "Inner", "Startup Cost": 5982.08, "Total Cost": 61039.34, "Plan Rows": 5775, "Plan Width": 4, "Inner Unique": true, "Hash Cond": "(mc.company_id = cn.id)", "Plans": [{"Node Type": "Seq Scan", "Parent Relationship": "Outer", "Relation Name": "movie_companies", "Alias": "mc", "Startup Cost": 0.0, "Total Cost": 54862.92, "Plan Rows": 36426, "Plan Width": 8, "Filter": "(((note)::text ~~ '%(Japan)%'::text) AND ((note)::text !~~ '%(USA)%'::text))"}, {"Node Type": "Hash", "Parent Relationship": "Inner", "Startup Cost": 5903.45, "Total Cost": 5903.45, "Plan Rows": 6290, "Plan Width": 4, "Plans": [{"Node Type": "Seq Scan", "Parent Relationship": "Outer", "Relation Name": "company_name", "Alias": "cn", "Startup Cost": 0.0, "Total Cost": 5903.45, "Plan Rows": 6290, "Plan Width": 4, "Filter": "((country_code)::text = '[jp]'::text)"}]}]}, {"Node Type": "Index Scan", "Parent Relationship": "Inner", "Scan Direction": "Forward", "Index Name": "title_pkey", "Relation Name": "title", "Alias": "t", "Startup Cost": 0.0, "Total Cost": 3.91, "Plan Rows": 1, "Plan Width": 21, "Index Cond": "(id = mc.movie_id)"}]}, {"Node Type": "Index Scan", "Parent Relationship": "Inner", "Scan Direction": "Forward", "Index Name": "movie_id_cast_info", "Relation Name": "cast_info", "Alias": "ci", "Startup Cost": 0.0, "Total Cost": 0.98, "Plan Rows": 1, "Plan Width": 12, "Index Cond": "(movie_id = t.id)", "Filter": "((note)::text = '(voice: English version)'::text)"}]}]}, {"Node Type": "Index Scan", "Parent Relationship": "Inner", "Scan Direction": "Forward", "Index Name": "person_id_aka_name", "Relation Name": "aka_name", "Alias": "an1", "Startup Cost": 0.0, "Total Cost": 0.84, "Plan Rows": 1, "Plan Width": 20, "Index Cond": "(person_id = ci.person_id)"}]}, {"Node Type": "Index Scan", "Parent Relationship": "Inner", "Scan Direction": "Forward", "Index Name": "name_pkey", "Relation Name": "name", "Alias": "n1", "Startup Cost": 0.0, "Total Cost": 0.57, "Plan Rows": 1, "Plan Width": 4, "Index Cond": "(id = an1.person_id)", "Filter": "(((name)::text ~~ '%Yo%'::text) AND ((name)::text !~~ '%Yu%'::text))"}]}]}, "Unique SQL Id": 3544391839, "Planner Runtime": 21}, "explain_analyze_plan": {"Plan": {"Node Type": "Aggregate", "Strategy": "Plain", "Startup Cost": 90333.08, "Total Cost": 90333.09, "Plan Rows": 1, "Plan Width": 97, "Actual Startup Time": 4158.304, "Actual Total Time": 4158.305, "Actual Rows": 1, "Actual Loops": 1, "Plans": [{"Node Type": "Nested Loop", "Parent Relationship": "Outer", "Join Type": "Inner", "Startup Cost": 5982.08, "Total Cost": 90333.02, "Plan Rows": 12, "Plan Width": 33, "Actual Startup Time": 375.733, "Actual Total Time": 4158.064, "Actual Rows": 62, "Actual Loops": 1, "Inner Unique": true, "Plans": [{"Node Type": "Nested Loop", "Parent Relationship": "Outer", "Join Type": "Inner", "Startup Cost": 5982.08, "Total Cost": 89957.48, "Plan Rows": 645, "Plan Width": 41, "Actual Startup Time": 84.871, "Actual Total Time": 4085.038, "Actual Rows": 17379, "Actual Loops": 1, "Inner Unique": false, "Plans": [{"Node Type": "Nested Loop", "Parent Relationship": "Outer", "Join Type": "Inner", "Startup Cost": 5982.08, "Total Cost": 89503.27, "Plan Rows": 532, "Plan Width": 21, "Actual Startup Time": 84.854, "Actual Total Time": 4037.651, "Actual Rows": 7438, "Actual Loops": 1, "Inner Unique": false, "Join Filter": "(ci.role_id = rt.id)", "Rows Removed by Join Filter": 12162, "Plans": [{"Node Type": "Seq Scan", "Parent Relationship": "Outer", "Relation Name": "role_type", "Alias": "rt", "Startup Cost": 0.0, "Total Cost": 1.15, "Plan Rows": 1, "Plan Width": 4, "Actual Startup Time": 0.033, "Actual Total Time": 0.039, "Actual Rows": 1, "Actual Loops": 1, "Filter": "((role)::text = 'actress'::text)", "Rows Removed by Filter": 11}, {"Node Type": "Nested Loop", "Parent Relationship": "Inner", "Join Type": "Inner", "Startup Cost": 5982.08, "Total Cost": 89429.03, "Plan Rows": 5847, "Plan Width": 25, "Actual Startup Time": 84.811, "Actual Total Time": 4031.894, "Actual Rows": 19600, "Actual Loops": 1, "Inner Unique": false, "Plans": [{"Node Type": "Nested Loop", "Parent Relationship": "Outer", "Join Type": "Inner", "Startup Cost": 5982.08, "Total Cost": 83686.44, "Plan Rows": 5775, "Plan Width": 25, "Actual Startup Time": 84.674, "Actual Total Time": 1322.2, "Actual Rows": 48328, "Actual Loops": 1, "Inner Unique": true, "Plans": [{"Node Type": "Hash Join", "Parent Relationship": "Outer", "Join Type": "Inner", "Startup Cost": 5982.08, "Total Cost": 61039.34, "Plan Rows": 5775, "Plan Width": 4, "Actual Startup Time": 84.622, "Actual Total Time": 1077.922, "Actual Rows": 48328, "Actual Loops": 1, "Inner Unique": true, "Hash Cond": "(mc.company_id = cn.id)", "Plans": [{"Node Type": "Seq Scan", "Parent Relationship": "Outer", "Relation Name": "movie_companies", "Alias": "mc", "Startup Cost": 0.0, "Total Cost": 54862.92, "Plan Rows": 36426, "Plan Width": 8, "Actual Startup Time": 0.237, "Actual Total Time": 960.131, "Actual Rows": 48897, "Actual Loops": 1, "Filter": "(((note)::text ~~ '%(Japan)%'::text) AND ((note)::text !~~ '%(USA)%'::text))", "Rows Removed by Filter": 2560231}, {"Node Type": "Hash", "Parent Relationship": "Inner", "Startup Cost": 5903.45, "Total Cost": 5903.45, "Plan Rows": 6290, "Plan Width": 4, "Actual Startup Time": 84.313, "Actual Total Time": 84.313, "Actual Rows": 6752, "Actual Loops": 1, "Hash Buckets": 32768, "Hash Batches": 1, "Original Hash Batches": 1, "Peak Memory Usage": 238, "Plans": [{"Node Type": "Seq Scan", "Parent Relationship": "Outer", "Relation Name": "company_name", "Alias": "cn", "Startup Cost": 0.0, "Total Cost": 5903.45, "Plan Rows": 6290, "Plan Width": 4, "Actual Startup Time": 0.027, "Actual Total Time": 82.123, "Actual Rows": 6752, "Actual Loops": 1, "Filter": "((country_code)::text = '[jp]'::text)", "Rows Removed by Filter": 228244}]}]}, {"Node Type": "Index Scan", "Parent Relationship": "Inner", "Scan Direction": "Forward", "Index Name": "title_pkey", "Relation Name": "title", "Alias": "t", "Startup Cost": 0.0, "Total Cost": 3.91, "Plan Rows": 1, "Plan Width": 21, "Actual Startup Time": 203.337, "Actual Total Time": 203.337, "Actual Rows": 48328, "Actual Loops": 48328, "Index Cond": "(id = mc.movie_id)", "Rows Removed by Index Recheck": 0}]}, {"Node Type": "Index Scan", "Parent Relationship": "Inner", "Scan Direction": "Forward", "Index Name": "movie_id_cast_info", "Relation Name": "cast_info", "Alias": "ci", "Startup Cost": 0.0, "Total Cost": 0.98, "Plan Rows": 1, "Plan Width": 12, "Actual Startup Time": 2557.934, "Actual Total Time": 2679.268, "Actual Rows": 19600, "Actual Loops": 48328, "Index Cond": "(movie_id = t.id)", "Rows Removed by Index Recheck": 0, "Filter": "((note)::text = '(voice: English version)'::text)", "Rows Removed by Filter": 1531710}]}]}, {"Node Type": "Index Scan", "Parent Relationship": "Inner", "Scan Direction": "Forward", "Index Name": "person_id_aka_name", "Relation Name": "aka_name", "Alias": "an1", "Startup Cost": 0.0, "Total Cost": 0.84, "Plan Rows": 1, "Plan Width": 20, "Actual Startup Time": 30.669, "Actual Total Time": 38.584, "Actual Rows": 17379, "Actual Loops": 7438, "Index Cond": "(person_id = ci.person_id)", "Rows Removed by Index Recheck": 0}]}, {"Node Type": "Index Scan", "Parent Relationship": "Inner", "Scan Direction": "Forward", "Index Name": "name_pkey", "Relation Name": "name", "Alias": "n1", "Startup Cost": 0.0, "Total Cost": 0.57, "Plan Rows": 1, "Plan Width": 4, "Actual Startup Time": 64.261, "Actual Total Time": 64.261, "Actual Rows": 62, "Actual Loops": 17379, "Index Cond": "(id = an1.person_id)", "Rows Removed by Index Recheck": 0, "Filter": "(((name)::text ~~ '%Yo%'::text) AND ((name)::text !~~ '%Yu%'::text))", "Rows Removed by Filter": 17317}]}]}, "Triggers": [], "Planner Runtime": 21, "Total Runtime": 4158.7, "Unique SQL Id": 3544391839}}, "(64, 45)": {"explain_plan": {"Plan": {"Node Type": "Aggregate", "Strategy": "Plain", "Startup Cost": 110824.82, "Total Cost": 110824.83, "Plan Rows": 1, "Plan Width": 97, "Plans": [{"Node Type": "Nested Loop", "Parent Relationship": "Outer", "Join Type": "Inner", "Startup Cost": 0.0, "Total Cost": 110824.76, "Plan Rows": 12, "Plan Width": 33, "Inner Unique": true, "Plans": [{"Node Type": "Nested Loop", "Parent Relationship": "Outer", "Join Type": "Inner", "Startup Cost": 0.0, "Total Cost": 110449.22, "Plan Rows": 645, "Plan Width": 41, "Inner Unique": false, "Plans": [{"Node Type": "Nested Loop", "Parent Relationship": "Outer", "Join Type": "Inner", "Startup Cost": 0.0, "Total Cost": 109995.01, "Plan Rows": 532, "Plan Width": 21, "Inner Unique": false, "Join Filter": "(ci.role_id = rt.id)", "Plans": [{"Node Type": "Index Scan", "Parent Relationship": "Outer", "Scan Direction": "Forward", "Index Name": "role_type_pkey", "Relation Name": "role_type", "Alias": "rt", "Startup Cost": 0.0, "Total Cost": 12.46, "Plan Rows": 1, "Plan Width": 4, "Filter": "((role)::text = 'actress'::text)"}, {"Node Type": "Nested Loop", "Parent Relationship": "Inner", "Join Type": "Inner", "Startup Cost": 0.0, "Total Cost": 109909.47, "Plan Rows": 5847, "Plan Width": 25, "Inner Unique": false, "Plans": [{"Node Type": "Nested Loop", "Parent Relationship": "Outer", "Join Type": "Inner", "Startup Cost": 0.0, "Total Cost": 104166.87, "Plan Rows": 5775, "Plan Width": 25, "Inner Unique": true, "Plans": [{"Node Type": "Nested Loop", "Parent Relationship": "Outer", "Join Type": "Inner", "Startup Cost": 0.0, "Total Cost": 81519.78, "Plan Rows": 5775, "Plan Width": 4, "Inner Unique": false, "Plans": [{"Node Type": "Index Scan", "Parent Relationship": "Outer", "Scan Direction": "Forward", "Index Name": "company_name_pkey", "Relation Name": "company_name", "Alias": "cn", "Startup Cost": 0.0, "Total Cost": 10501.39, "Plan Rows": 6290, "Plan Width": 4, "Filter": "((country_code)::text = '[jp]'::text)"}, {"Node Type": "Index Scan", "Parent Relationship": "Inner", "Scan Direction": "Forward", "Index Name": "company_id_movie_companies", "Relation Name": "movie_companies", "Alias": "mc", "Startup Cost": 0.0, "Total Cost": 11.28, "Plan Rows": 1, "Plan Width": 8, "Index Cond": "(company_id = cn.id)", "Filter": "(((note)::text ~~ '%(Japan)%'::text) AND ((note)::text !~~ '%(USA)%'::text))"}]}, {"Node Type": "Index Scan", "Parent Relationship": "Inner", "Scan Direction": "Forward", "Index Name": "title_pkey", "Relation Name": "title", "Alias": "t", "Startup Cost": 0.0, "Total Cost": 3.91, "Plan Rows": 1, "Plan Width": 21, "Index Cond": "(id = mc.movie_id)"}]}, {"Node Type": "Index Scan", "Parent Relationship": "Inner", "Scan Direction": "Forward", "Index Name": "movie_id_cast_info", "Relation Name": "cast_info", "Alias": "ci", "Startup Cost": 0.0, "Total Cost": 0.98, "Plan Rows": 1, "Plan Width": 12, "Index Cond": "(movie_id = t.id)", "Filter": "((note)::text = '(voice: English version)'::text)"}]}]}, {"Node Type": "Index Scan", "Parent Relationship": "Inner", "Scan Direction": "Forward", "Index Name": "person_id_aka_name", "Relation Name": "aka_name", "Alias": "an1", "Startup Cost": 0.0, "Total Cost": 0.84, "Plan Rows": 1, "Plan Width": 20, "Index Cond": "(person_id = ci.person_id)"}]}, {"Node Type": "Index Scan", "Parent Relationship": "Inner", "Scan Direction": "Forward", "Index Name": "name_pkey", "Relation Name": "name", "Alias": "n1", "Startup Cost": 0.0, "Total Cost": 0.57, "Plan Rows": 1, "Plan Width": 4, "Index Cond": "(id = an1.person_id)", "Filter": "(((name)::text ~~ '%Yo%'::text) AND ((name)::text !~~ '%Yu%'::text))"}]}]}, "Unique SQL Id": 3544391839, "Planner Runtime": 12}, "explain_analyze_plan": {"Plan": {"Node Type": "Aggregate", "Strategy": "Plain", "Startup Cost": 110824.82, "Total Cost": 110824.83, "Plan Rows": 1, "Plan Width": 97, "Actual Startup Time": 3997.073, "Actual Total Time": 3997.073, "Actual Rows": 1, "Actual Loops": 1, "Plans": [{"Node Type": "Nested Loop", "Parent Relationship": "Outer", "Join Type": "Inner", "Startup Cost": 0.0, "Total Cost": 110824.76, "Plan Rows": 12, "Plan Width": 33, "Actual Startup Time": 4.867, "Actual Total Time": 3996.759, "Actual Rows": 62, "Actual Loops": 1, "Inner Unique": true, "Plans": [{"Node Type": "Nested Loop", "Parent Relationship": "Outer", "Join Type": "Inner", "Startup Cost": 0.0, "Total Cost": 110449.22, "Plan Rows": 645, "Plan Width": 41, "Actual Startup Time": 0.353, "Actual Total Time": 3918.809, "Actual Rows": 17379, "Actual Loops": 1, "Inner Unique": false, "Plans": [{"Node Type": "Nested Loop", "Parent Relationship": "Outer", "Join Type": "Inner", "Startup Cost": 0.0, "Total Cost": 109995.01, "Plan Rows": 532, "Plan Width": 21, "Actual Startup Time": 0.336, "Actual Total Time": 3866.842, "Actual Rows": 7438, "Actual Loops": 1, "Inner Unique": false, "Join Filter": "(ci.role_id = rt.id)", "Rows Removed by Join Filter": 12162, "Plans": [{"Node Type": "Index Scan", "Parent Relationship": "Outer", "Scan Direction": "Forward", "Index Name": "role_type_pkey", "Relation Name": "role_type", "Alias": "rt", "Startup Cost": 0.0, "Total Cost": 12.46, "Plan Rows": 1, "Plan Width": 4, "Actual Startup Time": 0.024, "Actual Total Time": 0.033, "Actual Rows": 1, "Actual Loops": 1, "Filter": "((role)::text = 'actress'::text)", "Rows Removed by Filter": 11}, {"Node Type": "Nested Loop", "Parent Relationship": "Inner", "Join Type": "Inner", "Startup Cost": 0.0, "Total Cost": 109909.47, "Plan Rows": 5847, "Plan Width": 25, "Actual Startup Time": 0.307, "Actual Total Time": 3861.626, "Actual Rows": 19600, "Actual Loops": 1, "Inner Unique": false, "Plans": [{"Node Type": "Nested Loop", "Parent Relationship": "Outer", "Join Type": "Inner", "Startup Cost": 0.0, "Total Cost": 104166.87, "Plan Rows": 5775, "Plan Width": 25, "Actual Startup Time": 0.238, "Actual Total Time": 847.639, "Actual Rows": 48328, "Actual Loops": 1, "Inner Unique": true, "Plans": [{"Node Type": "Nested Loop", "Parent Relationship": "Outer", "Join Type": "Inner", "Startup Cost": 0.0, "Total Cost": 81519.78, "Plan Rows": 5775, "Plan Width": 4, "Actual Startup Time": 0.222, "Actual Total Time": 526.993, "Actual Rows": 48328, "Actual Loops": 1, "Inner Unique": false, "Plans": [{"Node Type": "Index Scan", "Parent Relationship": "Outer", "Scan Direction": "Forward", "Index Name": "company_name_pkey", "Relation Name": "company_name", "Alias": "cn", "Startup Cost": 0.0, "Total Cost": 10501.39, "Plan Rows": 6290, "Plan Width": 4, "Actual Startup Time": 0.188, "Actual Total Time": 296.022, "Actual Rows": 6752, "Actual Loops": 1, "Filter": "((country_code)::text = '[jp]'::text)", "Rows Removed by Filter": 228244}, {"Node Type": "Index Scan", "Parent Relationship": "Inner", "Scan Direction": "Forward", "Index Name": "company_id_movie_companies", "Relation Name": "movie_companies", "Alias": "mc", "Startup Cost": 0.0, "Total Cost": 11.28, "Plan Rows": 1, "Plan Width": 8, "Actual Startup Time": 55.45, "Actual Total Time": 215.038, "Actual Rows": 48328, "Actual Loops": 6752, "Index Cond": "(company_id = cn.id)", "Rows Removed by Index Recheck": 0, "Filter": "(((note)::text ~~ '%(Japan)%'::text) AND ((note)::text !~~ '%(USA)%'::text))", "Rows Removed by Filter": 56667}]}, {"Node Type": "Index Scan", "Parent Relationship": "Inner", "Scan Direction": "Forward", "Index Name": "title_pkey", "Relation Name": "title", "Alias": "t", "Startup Cost": 0.0, "Total Cost": 3.91, "Plan Rows": 1, "Plan Width": 21, "Actual Startup Time": 278.16, "Actual Total Time": 278.16, "Actual Rows": 48328, "Actual Loops": 48328, "Index Cond": "(id = mc.movie_id)", "Rows Removed by Index Recheck": 0}]}, {"Node Type": "Index Scan", "Parent Relationship": "Inner", "Scan Direction": "Forward", "Index Name": "movie_id_cast_info", "Relation Name": "cast_info", "Alias": "ci", "Startup Cost": 0.0, "Total Cost": 0.98, "Plan Rows": 1, "Plan Width": 12, "Actual Startup Time": 2849.927, "Actual Total Time": 2982.59, "Actual Rows": 19600, "Actual Loops": 48328, "Index Cond": "(movie_id = t.id)", "Rows Removed by Index Recheck": 0, "Filter": "((note)::text = '(voice: English version)'::text)", "Rows Removed by Filter": 1531710}]}]}, {"Node Type": "Index Scan", "Parent Relationship": "Inner", "Scan Direction": "Forward", "Index Name": "person_id_aka_name", "Relation Name": "aka_name", "Alias": "an1", "Startup Cost": 0.0, "Total Cost": 0.84, "Plan Rows": 1, "Plan Width": 20, "Actual Startup Time": 34.558, "Actual Total Time": 43.048, "Actual Rows": 17379, "Actual Loops": 7438, "Index Cond": "(person_id = ci.person_id)", "Rows Removed by Index Recheck": 0}]}, {"Node Type": "Index Scan", "Parent Relationship": "Inner", "Scan Direction": "Forward", "Index Name": "name_pkey", "Relation Name": "name", "Alias": "n1", "Startup Cost": 0.0, "Total Cost": 0.57, "Plan Rows": 1, "Plan Width": 4, "Actual Startup Time": 68.944, "Actual Total Time": 68.944, "Actual Rows": 62, "Actual Loops": 17379, "Index Cond": "(id = an1.person_id)", "Rows Removed by Index Recheck": 0, "Filter": "(((name)::text ~~ '%Yo%'::text) AND ((name)::text !~~ '%Yu%'::text))", "Rows Removed by Filter": 17317}]}]}, "Triggers": [], "Planner Runtime": 6, "Total Runtime": 3997.429, "Unique SQL Id": 3544391839}}, "(64, 46)": {"explain_plan": {"Plan": {"Node Type": "Aggregate", "Strategy": "Plain", "Startup Cost": 318702.26, "Total Cost": 318702.27, "Plan Rows": 1, "Plan Width": 97, "Plans": [{"Node Type": "Hash Join", "Parent Relationship": "Outer", "Join Type": "Inner", "Startup Cost": 241686.96, "Total Cost": 318699.03, "Plan Rows": 646, "Plan Width": 33, "Inner Unique": true, "Hash Cond": "(ci.movie_id = t.id)", "Plans": [{"Node Type": "Hash Join", "Parent Relationship": "Outer", "Join Type": "Inner", "Startup Cost": 150013.97, "Total Cost": 227017.15, "Plan Rows": 646, "Plan Width": 24, "Inner Unique": false, "Hash Cond": "(ci.movie_id = mc.movie_id)", "Plans": [{"Node Type": "Nested Loop", "Parent Relationship": "Outer", "Join Type": "Inner", "Startup Cost": 88902.44, "Total Cost": 165829.06, "Plan Rows": 1560, "Plan Width": 20, "Inner Unique": false, "Join Filter": "(ci.role_id = rt.id)", "Plans": [{"Node Type": "Seq Scan", "Parent Relationship": "Outer", "Relation Name": "role_type", "Alias": "rt", "Startup Cost": 0.0, "Total Cost": 1.15, "Plan Rows": 1, "Plan Width": 4, "Filter": "((role)::text = 'actress'::text)"}, {"Node Type": "Materialize", "Parent Relationship": "Inner", "Startup Cost": 88902.44, "Total Cost": 165656.3, "Plan Rows": 17161, "Plan Width": 24, "Plans": [{"Node Type": "Hash Join", "Parent Relationship": "Outer", "Join Type": "Inner", "Startup Cost": 88902.44, "Total Cost": 165613.4, "Plan Rows": 17161, "Plan Width": 24, "Inner Unique": false, "Hash Cond": "(ci.person_id = an1.person_id)", "Plans": [{"Node Type": "Streaming(type: LOCAL GATHER dop: 1/64)", "Parent Relationship": "Outer", "Startup Cost": 0.0, "Total Cost": 75815.47, "Plan Rows": 96692, "Plan Width": 12, "Plans": [{"Node Type": "Seq Scan", "Parent Relationship": "Outer", "Relation Name": "cast_info", "Alias": "ci", "Startup Cost": 0.0, "Total Cost": 73820.73, "Plan Rows": 96692, "Plan Width": 12, "Filter": "((note)::text = '(voice: English version)'::text)"}]}, {"Node Type": "Hash", "Parent Relationship": "Inner", "Startup Cost": 88694.6, "Total Cost": 88694.6, "Plan Rows": 16627, "Plan Width": 24, "Plans": [{"Node Type": "Hash Join", "Parent Relationship": "Outer", "Join Type": "Inner", "Startup Cost": 65239.88, "Total Cost": 88694.6, "Plan Rows": 16627, "Plan Width": 24, "Inner Unique": true, "Hash Cond": "(an1.person_id = n1.id)", "Plans": [{"Node Type": "Seq Scan", "Parent Relationship": "Outer", "Relation Name": "aka_name", "Alias": "an1", "Startup Cost": 0.0, "Total Cost": 19908.42, "Plan Rows": 901342, "Plan Width": 20}, {"Node Type": "Hash", "Parent Relationship": "Inner", "Startup Cost": 65066.3, "Total Cost": 65066.3, "Plan Rows": 13886, "Plan Width": 4, "Plans": [{"Node Type": "Streaming(type: LOCAL GATHER dop: 1/64)", "Parent Relationship": "Outer", "Startup Cost": 0.0, "Total Cost": 65066.3, "Plan Rows": 13886, "Plan Width": 4, "Plans": [{"Node Type": "Seq Scan", "Parent Relationship": "Outer", "Relation Name": "name", "Alias": "n1", "Startup Cost": 0.0, "Total Cost": 64779.83, "Plan Rows": 13886, "Plan Width": 4, "Filter": "(((name)::text ~~ '%Yo%'::text) AND ((name)::text !~~ '%Yu%'::text))"}]}]}]}]}]}]}]}, {"Node Type": "Hash", "Parent Relationship": "Inner", "Startup Cost": 61039.34, "Total Cost": 61039.34, "Plan Rows": 5775, "Plan Width": 4, "Plans": [{"Node Type": "Hash Join", "Parent Relationship": "Outer", "Join Type": "Inner", "Startup Cost": 5982.08, "Total Cost": 61039.34, "Plan Rows": 5775, "Plan Width": 4, "Inner Unique": true, "Hash Cond": "(mc.company_id = cn.id)", "Plans": [{"Node Type": "Seq Scan", "Parent Relationship": "Outer", "Relation Name": "movie_companies", "Alias": "mc", "Startup Cost": 0.0, "Total Cost": 54862.92, "Plan Rows": 36426, "Plan Width": 8, "Filter": "(((note)::text ~~ '%(Japan)%'::text) AND ((note)::text !~~ '%(USA)%'::text))"}, {"Node Type": "Hash", "Parent Relationship": "Inner", "Startup Cost": 5903.45, "Total Cost": 5903.45, "Plan Rows": 6290, "Plan Width": 4, "Plans": [{"Node Type": "Seq Scan", "Parent Relationship": "Outer", "Relation Name": "company_name", "Alias": "cn", "Startup Cost": 0.0, "Total Cost": 5903.45, "Plan Rows": 6290, "Plan Width": 4, "Filter": "((country_code)::text = '[jp]'::text)"}]}]}]}]}, {"Node Type": "Hash", "Parent Relationship": "Inner", "Startup Cost": 60069.11, "Total Cost": 60069.11, "Plan Rows": 2528311, "Plan Width": 21, "Plans": [{"Node Type": "Seq Scan", "Parent Relationship": "Outer", "Relation Name": "title", "Alias": "t", "Startup Cost": 0.0, "Total Cost": 60069.11, "Plan Rows": 2528311, "Plan Width": 21}]}]}]}, "Unique SQL Id": 3544391839, "Planner Runtime": 91}, "explain_analyze_plan": {"Plan": {"Node Type": "Aggregate", "Strategy": "Plain", "Startup Cost": 318702.26, "Total Cost": 318702.27, "Plan Rows": 1, "Plan Width": 97, "Actual Min Startup Time": 3444.349, "Actual Max Startup Time": 3444.349, "Actual Min Total Time": 3444.35, "Actual Max Total Time": 3444.35, "Plans": [{"Node Type": "Hash Join", "Parent Relationship": "Outer", "Join Type": "Inner", "Startup Cost": 241686.96, "Total Cost": 318699.03, "Plan Rows": 646, "Plan Width": 33, "Actual Min Startup Time": 3443.498, "Actual Max Startup Time": 3443.498, "Actual Min Total Time": 3444.295, "Actual Max Total Time": 3444.295, "Inner Unique": true, "Hash Cond": "(ci.movie_id = t.id)", "Plans": [{"Node Type": "Hash Join", "Parent Relationship": "Outer", "Join Type": "Inner", "Startup Cost": 150013.97, "Total Cost": 227017.15, "Plan Rows": 646, "Plan Width": 24, "Actual Min Startup Time": 1673.286, "Actual Max Startup Time": 1673.286, "Actual Min Total Time": 1673.944, "Actual Max Total Time": 1673.944, "Inner Unique": false, "Hash Cond": "(ci.movie_id = mc.movie_id)", "Plans": [{"Node Type": "Nested Loop", "Parent Relationship": "Outer", "Join Type": "Inner", "Startup Cost": 88902.44, "Total Cost": 165829.06, "Plan Rows": 1560, "Plan Width": 20, "Actual Min Startup Time": 610.866, "Actual Max Startup Time": 610.866, "Actual Min Total Time": 611.24, "Actual Max Total Time": 611.24, "Inner Unique": false, "Join Filter": "(ci.role_id = rt.id)", "Rows Removed by Join Filter": 1916, "Plans": [{"Node Type": "Seq Scan", "Parent Relationship": "Outer", "Relation Name": "role_type", "Alias": "rt", "Startup Cost": 0.0, "Total Cost": 1.15, "Plan Rows": 1, "Plan Width": 4, "Actual Min Startup Time": 0.04, "Actual Max Startup Time": 0.04, "Actual Min Total Time": 0.045, "Actual Max Total Time": 0.045, "Filter": "((role)::text = 'actress'::text)", "Rows Removed by Filter": 11, "Actual Rows": 1}, {"Node Type": "Materialize", "Parent Relationship": "Inner", "Startup Cost": 88902.44, "Total Cost": 165656.3, "Plan Rows": 17161, "Plan Width": 24, "Actual Min Startup Time": 609.971, "Actual Max Startup Time": 609.971, "Actual Min Total Time": 610.325, "Actual Max Total Time": 610.325, "Plans": [{"Node Type": "Hash Join", "Parent Relationship": "Outer", "Join Type": "Inner", "Startup Cost": 88902.44, "Total Cost": 165613.4, "Plan Rows": 17161, "Plan Width": 24, "Actual Min Startup Time": 440.201, "Actual Max Startup Time": 440.201, "Actual Min Total Time": 609.131, "Actual Max Total Time": 609.131, "Inner Unique": false, "Hash Cond": "(ci.person_id = an1.person_id)", "Plans": [{"Node Type": "Streaming(type: LOCAL GATHER dop: 1/64)", "Parent Relationship": "Outer", "Startup Cost": 0.0, "Total Cost": 75815.47, "Plan Rows": 96692, "Plan Width": 12, "Actual Min Startup Time": 0.21, "Actual Max Startup Time": 0.21, "Actual Min Total Time": 152.633, "Actual Max Total Time": 152.633, "Plans": [{"Node Type": "Seq Scan", "Parent Relationship": "Outer", "Relation Name": "cast_info", "Alias": "ci", "Startup Cost": 0.0, "Total Cost": 73820.73, "Plan Rows": 96692, "Plan Width": 12, "Actual Min Startup Time": 0.034, "Actual Max Startup Time": 2.865, "Actual Min Total Time": 154.022, "Actual Max Total Time": 167.643, "Filter": "((note)::text = '(voice: English version)'::text)", "Rows Removed by Filter": 36151248, "Actual Rows": 93095}], "Actual Rows": 93095}, {"Node Type": "Hash", "Parent Relationship": "Inner", "Startup Cost": 88694.6, "Total Cost": 88694.6, "Plan Rows": 16627, "Plan Width": 24, "Actual Min Startup Time": 439.302, "Actual Max Startup Time": 439.302, "Actual Min Total Time": 439.302, "Actual Max Total Time": 439.302, "Max Hash Buckets": 32768, "Min Hash Buckets": 32768, "Max Hash Batches": 1, "Min Hash Batches": 1, "Max Original Hash Batches": 1, "Min Original Hash Batches": 1, "Max Peak Memory Usage": 229, "min Peak Memory Usage": 229, "Plans": [{"Node Type": "Hash Join", "Parent Relationship": "Outer", "Join Type": "Inner", "Startup Cost": 65239.88, "Total Cost": 88694.6, "Plan Rows": 16627, "Plan Width": 24, "Actual Min Startup Time": 32.535, "Actual Max Startup Time": 32.535, "Actual Min Total Time": 437.311, "Actual Max Total Time": 437.311, "Inner Unique": true, "Hash Cond": "(an1.person_id = n1.id)", "Plans": [{"Node Type": "Seq Scan", "Parent Relationship": "Outer", "Relation Name": "aka_name", "Alias": "an1", "Startup Cost": 0.0, "Total Cost": 19908.42, "Plan Rows": 901342, "Plan Width": 20, "Actual Min Startup Time": 0.044, "Actual Max Startup Time": 0.044, "Actual Min Total Time": 229.428, "Actual Max Total Time": 229.428, "Actual Rows": 901342}, {"Node Type": "Hash", "Parent Relationship": "Inner", "Startup Cost": 65066.3, "Total Cost": 65066.3, "Plan Rows": 13886, "Plan Width": 4, "Actual Min Startup Time": 32.262, "Actual Max Startup Time": 32.262, "Actual Min Total Time": 32.262, "Actual Max Total Time": 32.262, "Max Hash Buckets": 32768, "Min Hash Buckets": 32768, "Max Hash Batches": 1, "Min Hash Batches": 1, "Max Original Hash Batches": 1, "Min Original Hash Batches": 1, "Max Peak Memory Usage": 736, "min Peak Memory Usage": 736, "Plans": [{"Node Type": "Streaming(type: LOCAL GATHER dop: 1/64)", "Parent Relationship": "Outer", "Startup Cost": 0.0, "Total Cost": 65066.3, "Plan Rows": 13886, "Plan Width": 4, "Actual Min Startup Time": 0.126, "Actual Max Startup Time": 0.126, "Actual Min Total Time": 26.671, "Actual Max Total Time": 26.671, "Plans": [{"Node Type": "Seq Scan", "Parent Relationship": "Outer", "Relation Name": "name", "Alias": "n1", "Startup Cost": 0.0, "Total Cost": 64779.83, "Plan Rows": 13886, "Plan Width": 4, "Actual Min Startup Time": 0.035, "Actual Max Startup Time": 2.634, "Actual Min Total Time": 25.614, "Actual Max Total Time": 29.26, "Filter": "(((name)::text ~~ '%Yo%'::text) AND ((name)::text !~~ '%Yu%'::text))", "Rows Removed by Filter": 4146579, "Actual Rows": 20911}], "Actual Rows": 20911}], "Actual Rows": 20911}], "Actual Rows": 4031}], "Actual Rows": 4031}], "Actual Rows": 2575}], "Actual Rows": 2576}], "Actual Rows": 659}, {"Node Type": "Hash", "Parent Relationship": "Inner", "Startup Cost": 61039.34, "Total Cost": 61039.34, "Plan Rows": 5775, "Plan Width": 4, "Actual Min Startup Time": 1062.298, "Actual Max Startup Time": 1062.298, "Actual Min Total Time": 1062.298, "Actual Max Total Time": 1062.298, "Max Hash Buckets": 32768, "Min Hash Buckets": 32768, "Max Hash Batches": 1, "Min Hash Batches": 1, "Max Original Hash Batches": 1, "Min Original Hash Batches": 1, "Max Peak Memory Usage": 1700, "min Peak Memory Usage": 1700, "Plans": [{"Node Type": "Hash Join", "Parent Relationship": "Outer", "Join Type": "Inner", "Startup Cost": 5982.08, "Total Cost": 61039.34, "Plan Rows": 5775, "Plan Width": 4, "Actual Min Startup Time": 84.113, "Actual Max Startup Time": 84.113, "Actual Min Total Time": 1046.556, "Actual Max Total Time": 1046.556, "Inner Unique": true, "Hash Cond": "(mc.company_id = cn.id)", "Plans": [{"Node Type": "Seq Scan", "Parent Relationship": "Outer", "Relation Name": "movie_companies", "Alias": "mc", "Startup Cost": 0.0, "Total Cost": 54862.92, "Plan Rows": 36426, "Plan Width": 8, "Actual Min Startup Time": 0.268, "Actual Max Startup Time": 0.268, "Actual Min Total Time": 937.514, "Actual Max Total Time": 937.514, "Filter": "(((note)::text ~~ '%(Japan)%'::text) AND ((note)::text !~~ '%(USA)%'::text))", "Rows Removed by Filter": 2560231, "Actual Rows": 48897}, {"Node Type": "Hash", "Parent Relationship": "Inner", "Startup Cost": 5903.45, "Total Cost": 5903.45, "Plan Rows": 6290, "Plan Width": 4, "Actual Min Startup Time": 83.798, "Actual Max Startup Time": 83.798, "Actual Min Total Time": 83.798, "Actual Max Total Time": 83.798, "Max Hash Buckets": 32768, "Min Hash Buckets": 32768, "Max Hash Batches": 1, "Min Hash Batches": 1, "Max Original Hash Batches": 1, "Min Original Hash Batches": 1, "Max Peak Memory Usage": 238, "min Peak Memory Usage": 238, "Plans": [{"Node Type": "Seq Scan", "Parent Relationship": "Outer", "Relation Name": "company_name", "Alias": "cn", "Startup Cost": 0.0, "Total Cost": 5903.45, "Plan Rows": 6290, "Plan Width": 4, "Actual Min Startup Time": 0.028, "Actual Max Startup Time": 0.028, "Actual Min Total Time": 81.676, "Actual Max Total Time": 81.676, "Filter": "((country_code)::text = '[jp]'::text)", "Rows Removed by Filter": 228244, "Actual Rows": 6752}], "Actual Rows": 6752}], "Actual Rows": 48328}], "Actual Rows": 48328}], "Actual Rows": 62}, {"Node Type": "Hash", "Parent Relationship": "Inner", "Startup Cost": 60069.11, "Total Cost": 60069.11, "Plan Rows": 2528311, "Plan Width": 21, "Actual Min Startup Time": 1767.364, "Actual Max Startup Time": 1767.364, "Actual Min Total Time": 1767.364, "Actual Max Total Time": 1767.364, "Max Hash Buckets": 4194304, "Min Hash Buckets": 4194304, "Max Hash Batches": 1, "Min Hash Batches": 1, "Max Original Hash Batches": 1, "Min Original Hash Batches": 1, "Max Peak Memory Usage": 135869, "min Peak Memory Usage": 135869, "Plans": [{"Node Type": "Seq Scan", "Parent Relationship": "Outer", "Relation Name": "title", "Alias": "t", "Startup Cost": 0.0, "Total Cost": 60069.11, "Plan Rows": 2528311, "Plan Width": 21, "Actual Min Startup Time": 0.051, "Actual Max Startup Time": 0.051, "Actual Min Total Time": 839.542, "Actual Max Total Time": 839.542, "Actual Rows": 2528311}], "Actual Rows": 2528311}], "Actual Rows": 62}], "Actual Rows": 1}, "Triggers": [], "Planner Runtime": 91, "Total Runtime": 3500.553, "Unique SQL Id": 3544391839}}, "(64, 47)": {"explain_plan": {"Plan": {"Node Type": "Aggregate", "Strategy": "Plain", "Startup Cost": 7000235540657.29, "Total Cost": 7000235540657.3, "Plan Rows": 1, "Plan Width": 97, "Plans": [{"Node Type": "Nested Loop", "Parent Relationship": "Outer", "Join Type": "Inner", "Startup Cost": 70000000000.0, "Total Cost": 7000235540654.06, "Plan Rows": 646, "Plan Width": 33, "Inner Unique": false, "Join Filter": "(n1.id = an1.person_id)", "Plans": [{"Node Type": "Index Scan", "Parent Relationship": "Outer", "Scan Direction": "Forward", "Index Name": "person_id_aka_name", "Relation Name": "aka_name", "Alias": "an1", "Startup Cost": 10000000000.0, "Total Cost": 1000006896503.43, "Plan Rows": 901342, "Plan Width": 20}, {"Node Type": "Materialize", "Parent Relationship": "Inner", "Startup Cost": 60000000000.0, "Total Cost": 6000221451442.81, "Plan Rows": 532, "Plan Width": 25, "Plans": [{"Node Type": "Nested Loop", "Parent Relationship": "Outer", "Join Type": "Inner", "Startup Cost": 60000000000.0, "Total Cost": 6000221451440.15, "Plan Rows": 532, "Plan Width": 25, "Inner Unique": true, "Join Filter": "(ci.movie_id = t.id)", "Plans": [{"Node Type": "Nested Loop", "Parent Relationship": "Outer", "Join Type": "Inner", "Startup Cost": 50000000000.0, "Total Cost": 5000190257148.67, "Plan Rows": 532, "Plan Width": 16, "Inner Unique": false, "Join Filter": "(ci.person_id = n1.id)", "Plans": [{"Node Type": "Index Scan", "Parent Relationship": "Outer", "Scan Direction": "Forward", "Index Name": "name_pkey", "Relation Name": "name", "Alias": "n1", "Startup Cost": 10000000000.0, "Total Cost": 1000019707019.7, "Plan Rows": 13886, "Plan Width": 4, "Filter": "(((name)::text ~~ '%Yo%'::text) AND ((name)::text !~~ '%Yu%'::text))"}, {"Node Type": "Materialize", "Parent Relationship": "Inner", "Startup Cost": 40000000000.0, "Total Cost": 4000170439320.02, "Plan Rows": 532, "Plan Width": 12, "Plans": [{"Node Type": "Nested Loop", "Parent Relationship": "Outer", "Join Type": "Inner", "Startup Cost": 40000000000.0, "Total Cost": 4000170439317.36, "Plan Rows": 532, "Plan Width": 12, "Inner Unique": true, "Join Filter": "(ci.role_id = rt.id)", "Plans": [{"Node Type": "Nested Loop", "Parent Relationship": "Outer", "Join Type": "Inner", "Startup Cost": 30000000000.0, "Total Cost": 3000170437983.65, "Plan Rows": 5847, "Plan Width": 16, "Inner Unique": false, "Join Filter": "(mc.movie_id = ci.movie_id)", "Plans": [{"Node Type": "Nested Loop", "Parent Relationship": "Outer", "Join Type": "Inner", "Startup Cost": 20000000000.0, "Total Cost": 2000018843457.92, "Plan Rows": 5775, "Plan Width": 4, "Inner Unique": true, "Join Filter": "(cn.id = mc.company_id)", "Plans": [{"Node Type": "Index Scan", "Parent Relationship": "Outer", "Scan Direction": "Forward", "Index Name": "movie_id_movie_companies", "Relation Name": "movie_companies", "Alias": "mc", "Startup Cost": 10000000000.0, "Total Cost": 1000014356510.13, "Plan Rows": 36426, "Plan Width": 8, "Filter": "(((note)::text ~~ '%(Japan)%'::text) AND ((note)::text !~~ '%(USA)%'::text))"}, {"Node Type": "Materialize", "Parent Relationship": "Inner", "Startup Cost": 10000000000.0, "Total Cost": 1000001050170.42, "Plan Rows": 6290, "Plan Width": 4, "Plans": [{"Node Type": "Index Scan", "Parent Relationship": "Outer", "Scan Direction": "Forward", "Index Name": "company_name_pkey", "Relation Name": "company_name", "Alias": "cn", "Startup Cost": 10000000000.0, "Total Cost": 1000001050138.97, "Plan Rows": 6290, "Plan Width": 4, "Filter": "((country_code)::text = '[jp]'::text)"}]}]}, {"Node Type": "Materialize", "Parent Relationship": "Inner", "Startup Cost": 10000000000.0, "Total Cost": 1000143218822.96, "Plan Rows": 96692, "Plan Width": 12, "Plans": [{"Node Type": "Index Scan", "Parent Relationship": "Outer", "Scan Direction": "Forward", "Index Name": "role_id_cast_info", "Relation Name": "cast_info", "Alias": "ci", "Startup Cost": 10000000000.0, "Total Cost": 1000143218339.5, "Plan Rows": 96692, "Plan Width": 12, "Filter": "((note)::text = '(voice: English version)'::text)"}]}]}, {"Node Type": "Materialize", "Parent Relationship": "Inner", "Startup Cost": 10000000000.0, "Total Cost": 1000000001246.0, "Plan Rows": 1, "Plan Width": 4, "Plans": [{"Node Type": "Index Scan", "Parent Relationship": "Outer", "Scan Direction": "Forward", "Index Name": "role_type_pkey", "Relation Name": "role_type", "Alias": "rt", "Startup Cost": 10000000000.0, "Total Cost": 1000000001246.0, "Plan Rows": 1, "Plan Width": 4, "Filter": "((role)::text = 'actress'::text)"}]}]}]}]}, {"Node Type": "Materialize", "Parent Relationship": "Inner", "Startup Cost": 10000000000.0, "Total Cost": 1000011024690.47, "Plan Rows": 2528311, "Plan Width": 21, "Plans": [{"Node Type": "Index Scan", "Parent Relationship": "Outer", "Scan Direction": "Forward", "Index Name": "title_pkey", "Relation Name": "title", "Alias": "t", "Startup Cost": 10000000000.0, "Total Cost": 1000011012048.91, "Plan Rows": 2528311, "Plan Width": 21}]}]}]}]}]}, "Unique SQL Id": 3544391839, "Planner Runtime": 43}, "explain_analyze_plan": null}, "(64, 48)": {"explain_plan": {"Plan": {"Node Type": "Aggregate", "Strategy": "Plain", "Startup Cost": 91981.82, "Total Cost": 91981.83, "Plan Rows": 1, "Plan Width": 97, "Plans": [{"Node Type": "Nested Loop", "Parent Relationship": "Outer", "Join Type": "Inner", "Startup Cost": 0.0, "Total Cost": 91981.76, "Plan Rows": 12, "Plan Width": 33, "Inner Unique": true, "Plans": [{"Node Type": "Nested Loop", "Parent Relationship": "Outer", "Join Type": "Inner", "Startup Cost": 0.0, "Total Cost": 91956.53, "Plan Rows": 12, "Plan Width": 24, "Inner Unique": true, "Plans": [{"Node Type": "Nested Loop", "Parent Relationship": "Outer", "Join Type": "Inner", "Startup Cost": 0.0, "Total Cost": 91580.99, "Plan Rows": 645, "Plan Width": 32, "Inner Unique": false, "Plans": [{"Node Type": "Nested Loop", "Parent Relationship": "Outer", "Join Type": "Inner", "Startup Cost": 0.0, "Total Cost": 91126.78, "Plan Rows": 532, "Plan Width": 12, "Inner Unique": true, "Plans": [{"Node Type": "Nested Loop", "Parent Relationship": "Outer", "Join Type": "Inner", "Startup Cost": 0.0, "Total Cost": 88949.62, "Plan Rows": 3338, "Plan Width": 16, "Inner Unique": false, "Plans": [{"Node Type": "Nested Loop", "Parent Relationship": "Outer", "Join Type": "Inner", "Startup Cost": 0.0, "Total Cost": 77025.27, "Plan Rows": 8790, "Plan Width": 8, "Inner Unique": false, "Join Filter": "(ci.role_id = rt.id)", "Plans": [{"Node Type": "Seq Scan", "Parent Relationship": "Outer", "Relation Name": "role_type", "Alias": "rt", "Startup Cost": 0.0, "Total Cost": 1.15, "Plan Rows": 1, "Plan Width": 4, "Filter": "((role)::text = 'actress'::text)"}, {"Node Type": "Materialize", "Parent Relationship": "Inner", "Startup Cost": 0.0, "Total Cost": 76057.2, "Plan Rows": 96692, "Plan Width": 12, "Plans": [{"Node Type": "Streaming(type: LOCAL GATHER dop: 1/64)", "Parent Relationship": "Outer", "Startup Cost": 0.0, "Total Cost": 75815.47, "Plan Rows": 96692, "Plan Width": 12, "Plans": [{"Node Type": "Seq Scan", "Parent Relationship": "Outer", "Relation Name": "cast_info", "Alias": "ci", "Startup Cost": 0.0, "Total Cost": 73820.73, "Plan Rows": 96692, "Plan Width": 12, "Filter": "((note)::text = '(voice: English version)'::text)"}]}]}]}, {"Node Type": "Index Scan", "Parent Relationship": "Inner", "Scan Direction": "Forward", "Index Name": "movie_id_movie_companies", "Relation Name": "movie_companies", "Alias": "mc", "Startup Cost": 0.0, "Total Cost": 1.35, "Plan Rows": 1, "Plan Width": 8, "Index Cond": "(movie_id = ci.movie_id)", "Filter": "(((note)::text ~~ '%(Japan)%'::text) AND ((note)::text !~~ '%(USA)%'::text))"}]}, {"Node Type": "Index Scan", "Parent Relationship": "Inner", "Scan Direction": "Forward", "Index Name": "company_name_pkey", "Relation Name": "company_name", "Alias": "cn", "Startup Cost": 0.0, "Total Cost": 0.64, "Plan Rows": 1, "Plan Width": 4, "Index Cond": "(id = mc.company_id)", "Filter": "((country_code)::text = '[jp]'::text)"}]}, {"Node Type": "Index Scan", "Parent Relationship": "Inner", "Scan Direction": "Forward", "Index Name": "person_id_aka_name", "Relation Name": "aka_name", "Alias": "an1", "Startup Cost": 0.0, "Total Cost": 0.84, "Plan Rows": 1, "Plan Width": 20, "Index Cond": "(person_id = ci.person_id)"}]}, {"Node Type": "Index Scan", "Parent Relationship": "Inner", "Scan Direction": "Forward", "Index Name": "name_pkey", "Relation Name": "name", "Alias": "n1", "Startup Cost": 0.0, "Total Cost": 0.57, "Plan Rows": 1, "Plan Width": 4, "Index Cond": "(id = an1.person_id)", "Filter": "(((name)::text ~~ '%Yo%'::text) AND ((name)::text !~~ '%Yu%'::text))"}]}, {"Node Type": "Index Scan", "Parent Relationship": "Inner", "Scan Direction": "Forward", "Index Name": "title_pkey", "Relation Name": "title", "Alias": "t", "Startup Cost": 0.0, "Total Cost": 2.09, "Plan Rows": 1, "Plan Width": 21, "Index Cond": "(id = ci.movie_id)"}]}]}, "Unique SQL Id": 3544391839, "Planner Runtime": 7}, "explain_analyze_plan": {"Plan": {"Node Type": "Aggregate", "Strategy": "Plain", "Startup Cost": 91981.82, "Total Cost": 91981.83, "Plan Rows": 1, "Plan Width": 97, "Actual Min Startup Time": 727.946, "Actual Max Startup Time": 727.946, "Actual Min Total Time": 727.946, "Actual Max Total Time": 727.946, "Plans": [{"Node Type": "Nested Loop", "Parent Relationship": "Outer", "Join Type": "Inner", "Startup Cost": 0.0, "Total Cost": 91981.76, "Plan Rows": 12, "Plan Width": 33, "Actual Min Startup Time": 684.34, "Actual Max Startup Time": 684.34, "Actual Min Total Time": 727.861, "Actual Max Total Time": 727.861, "Inner Unique": true, "Plans": [{"Node Type": "Nested Loop", "Parent Relationship": "Outer", "Join Type": "Inner", "Startup Cost": 0.0, "Total Cost": 91956.53, "Plan Rows": 12, "Plan Width": 24, "Actual Min Startup Time": 684.319, "Actual Max Startup Time": 684.319, "Actual Min Total Time": 727.49, "Actual Max Total Time": 727.49, "Inner Unique": true, "Plans": [{"Node Type": "Nested Loop", "Parent Relationship": "Outer", "Join Type": "Inner", "Startup Cost": 0.0, "Total Cost": 91580.99, "Plan Rows": 645, "Plan Width": 32, "Actual Min Startup Time": 393.381, "Actual Max Startup Time": 393.381, "Actual Min Total Time": 661.887, "Actual Max Total Time": 661.887, "Inner Unique": false, "Plans": [{"Node Type": "Nested Loop", "Parent Relationship": "Outer", "Join Type": "Inner", "Startup Cost": 0.0, "Total Cost": 91126.78, "Plan Rows": 532, "Plan Width": 12, "Actual Min Startup Time": 393.36, "Actual Max Startup Time": 393.36, "Actual Min Total Time": 623.917, "Actual Max Total Time": 623.917, "Inner Unique": true, "Plans": [{"Node Type": "Nested Loop", "Parent Relationship": "Outer", "Join Type": "Inner", "Startup Cost": 0.0, "Total Cost": 88949.62, "Plan Rows": 3338, "Plan Width": 16, "Actual Min Startup Time": 393.337, "Actual Max Startup Time": 393.337, "Actual Min Total Time": 591.004, "Actual Max Total Time": 591.004, "Inner Unique": false, "Plans": [{"Node Type": "Nested Loop", "Parent Relationship": "Outer", "Join Type": "Inner", "Startup Cost": 0.0, "Total Cost": 77025.27, "Plan Rows": 8790, "Plan Width": 8, "Actual Min Startup Time": 392.138, "Actual Max Startup Time": 392.138, "Actual Min Total Time": 429.56, "Actual Max Total Time": 429.56, "Inner Unique": false, "Join Filter": "(ci.role_id = rt.id)", "Rows Removed by Join Filter": 58247, "Plans": [{"Node Type": "Seq Scan", "Parent Relationship": "Outer", "Relation Name": "role_type", "Alias": "rt", "Startup Cost": 0.0, "Total Cost": 1.15, "Plan Rows": 1, "Plan Width": 4, "Actual Min Startup Time": 0.056, "Actual Max Startup Time": 0.056, "Actual Min Total Time": 0.065, "Actual Max Total Time": 0.065, "Filter": "((role)::text = 'actress'::text)", "Rows Removed by Filter": 11, "Actual Rows": 1}, {"Node Type": "Materialize", "Parent Relationship": "Inner", "Startup Cost": 0.0, "Total Cost": 76057.2, "Plan Rows": 96692, "Plan Width": 12, "Actual Min Startup Time": 390.156, "Actual Max Startup Time": 390.156, "Actual Min Total Time": 401.745, "Actual Max Total Time": 401.745, "Plans": [{"Node Type": "Streaming(type: LOCAL GATHER dop: 1/64)", "Parent Relationship": "Outer", "Startup Cost": 0.0, "Total Cost": 75815.47, "Plan Rows": 96692, "Plan Width": 12, "Actual Min Startup Time": 151.94, "Actual Max Startup Time": 151.94, "Actual Min Total Time": 375.144, "Actual Max Total Time": 375.144, "Plans": [{"Node Type": "Seq Scan", "Parent Relationship": "Outer", "Relation Name": "cast_info", "Alias": "ci", "Startup Cost": 0.0, "Total Cost": 73820.73, "Plan Rows": 96692, "Plan Width": 12, "Actual Min Startup Time": 0.034, "Actual Max Startup Time": 2.876, "Actual Min Total Time": 153.567, "Actual Max Total Time": 165.265, "Filter": "((note)::text = '(voice: English version)'::text)", "Rows Removed by Filter": 36151248, "Actual Rows": 93095}], "Actual Rows": 93095}], "Actual Rows": 93096}], "Actual Rows": 34848}, {"Node Type": "Index Scan", "Parent Relationship": "Inner", "Scan Direction": "Forward", "Index Name": "movie_id_movie_companies", "Relation Name": "movie_companies", "Alias": "mc", "Startup Cost": 0.0, "Total Cost": 1.35, "Plan Rows": 1, "Plan Width": 8, "Actual Min Startup Time": 124.111, "Actual Max Startup Time": 124.111, "Actual Min Total Time": 142.799, "Actual Max Total Time": 142.799, "Index Cond": "(movie_id = ci.movie_id)", "Rows Removed by Index Recheck": 0, "Filter": "(((note)::text ~~ '%(Japan)%'::text) AND ((note)::text !~~ '%(USA)%'::text))", "Rows Removed by Filter": 53432, "Actual Rows": 7532}], "Actual Rows": 7532}, {"Node Type": "Index Scan", "Parent Relationship": "Inner", "Scan Direction": "Forward", "Index Name": "company_name_pkey", "Relation Name": "company_name", "Alias": "cn", "Startup Cost": 0.0, "Total Cost": 0.64, "Plan Rows": 1, "Plan Width": 4, "Actual Min Startup Time": 26.522, "Actual Max Startup Time": 26.522, "Actual Min Total Time": 26.522, "Actual Max Total Time": 26.522, "Index Cond": "(id = mc.company_id)", "Rows Removed by Index Recheck": 0, "Filter": "((country_code)::text = '[jp]'::text)", "Rows Removed by Filter": 94, "Actual Rows": 7438}], "Actual Rows": 7438}, {"Node Type": "Index Scan", "Parent Relationship": "Inner", "Scan Direction": "Forward", "Index Name": "person_id_aka_name", "Relation Name": "aka_name", "Alias": "an1", "Startup Cost": 0.0, "Total Cost": 0.84, "Plan Rows": 1, "Plan Width": 20, "Actual Min Startup Time": 22.866, "Actual Max Startup Time": 22.866, "Actual Min Total Time": 29.837, "Actual Max Total Time": 29.837, "Index Cond": "(person_id = ci.person_id)", "Rows Removed by Index Recheck": 0, "Actual Rows": 17379}], "Actual Rows": 17379}, {"Node Type": "Index Scan", "Parent Relationship": "Inner", "Scan Direction": "Forward", "Index Name": "name_pkey", "Relation Name": "name", "Alias": "n1", "Startup Cost": 0.0, "Total Cost": 0.57, "Plan Rows": 1, "Plan Width": 4, "Actual Min Startup Time": 57.321, "Actual Max Startup Time": 57.321, "Actual Min Total Time": 57.321, "Actual Max Total Time": 57.321, "Index Cond": "(id = an1.person_id)", "Rows Removed by Index Recheck": 0, "Filter": "(((name)::text ~~ '%Yo%'::text) AND ((name)::text !~~ '%Yu%'::text))", "Rows Removed by Filter": 17317, "Actual Rows": 62}], "Actual Rows": 62}, {"Node Type": "Index Scan", "Parent Relationship": "Inner", "Scan Direction": "Forward", "Index Name": "title_pkey", "Relation Name": "title", "Alias": "t", "Startup Cost": 0.0, "Total Cost": 2.09, "Plan Rows": 1, "Plan Width": 21, "Actual Min Startup Time": 0.302, "Actual Max Startup Time": 0.302, "Actual Min Total Time": 0.302, "Actual Max Total Time": 0.302, "Index Cond": "(id = ci.movie_id)", "Rows Removed by Index Recheck": 0, "Actual Rows": 62}], "Actual Rows": 62}], "Actual Rows": 1}, "Triggers": [], "Planner Runtime": 7, "Total Runtime": 740.907, "Unique SQL Id": 3544391839}}, "(64, 49)": {"explain_plan": {"Plan": {"Node Type": "Aggregate", "Strategy": "Plain", "Startup Cost": 109007.69, "Total Cost": 109007.7, "Plan Rows": 1, "Plan Width": 97, "Plans": [{"Node Type": "Nested Loop", "Parent Relationship": "Outer", "Join Type": "Inner", "Startup Cost": 2780.8, "Total Cost": 109007.63, "Plan Rows": 12, "Plan Width": 33, "Inner Unique": true, "Plans": [{"Node Type": "Nested Loop", "Parent Relationship": "Outer", "Join Type": "Inner", "Startup Cost": 2780.8, "Total Cost": 108632.09, "Plan Rows": 645, "Plan Width": 41, "Inner Unique": false, "Plans": [{"Node Type": "Nested Loop", "Parent Relationship": "Outer", "Join Type": "Inner", "Startup Cost": 2780.8, "Total Cost": 108177.88, "Plan Rows": 532, "Plan Width": 21, "Inner Unique": false, "Join Filter": "(ci.role_id = rt.id)", "Plans": [{"Node Type": "Index Scan", "Parent Relationship": "Outer", "Scan Direction": "Forward", "Index Name": "role_type_pkey", "Relation Name": "role_type", "Alias": "rt", "Startup Cost": 0.0, "Total Cost": 12.46, "Plan Rows": 1, "Plan Width": 4, "Filter": "((role)::text = 'actress'::text)"}, {"Node Type": "Nested Loop", "Parent Relationship": "Inner", "Join Type": "Inner", "Startup Cost": 2780.8, "Total Cost": 108092.33, "Plan Rows": 5847, "Plan Width": 25, "Inner Unique": false, "Plans": [{"Node Type": "Nested Loop", "Parent Relationship": "Outer", "Join Type": "Inner", "Startup Cost": 2780.8, "Total Cost": 102349.74, "Plan Rows": 5775, "Plan Width": 25, "Inner Unique": true, "Plans": [{"Node Type": "Nested Loop", "Parent Relationship": "Outer", "Join Type": "Inner", "Startup Cost": 2780.8, "Total Cost": 79702.64, "Plan Rows": 5775, "Plan Width": 4, "Inner Unique": false, "Plans": [{"Node Type": "Bitmap Heap Scan", "Parent Relationship": "Outer", "Relation Name": "company_name", "Alias": "cn", "Startup Cost": 2780.8, "Total Cost": 8684.25, "Plan Rows": 6290, "Plan Width": 4, "Filter": "((country_code)::text = '[jp]'::text)", "Plans": [{"Node Type": "Bitmap Index Scan", "Parent Relationship": "Outer", "Index Name": "company_name_pkey", "Startup Cost": 0.0, "Total Cost": 2779.23, "Plan Rows": 234996, "Plan Width": 0}]}, {"Node Type": "Index Scan", "Parent Relationship": "Inner", "Scan Direction": "Forward", "Index Name": "company_id_movie_companies", "Relation Name": "movie_companies", "Alias": "mc", "Startup Cost": 0.0, "Total Cost": 11.28, "Plan Rows": 1, "Plan Width": 8, "Index Cond": "(company_id = cn.id)", "Filter": "(((note)::text ~~ '%(Japan)%'::text) AND ((note)::text !~~ '%(USA)%'::text))"}]}, {"Node Type": "Index Scan", "Parent Relationship": "Inner", "Scan Direction": "Forward", "Index Name": "title_pkey", "Relation Name": "title", "Alias": "t", "Startup Cost": 0.0, "Total Cost": 3.91, "Plan Rows": 1, "Plan Width": 21, "Index Cond": "(id = mc.movie_id)"}]}, {"Node Type": "Index Scan", "Parent Relationship": "Inner", "Scan Direction": "Forward", "Index Name": "movie_id_cast_info", "Relation Name": "cast_info", "Alias": "ci", "Startup Cost": 0.0, "Total Cost": 0.98, "Plan Rows": 1, "Plan Width": 12, "Index Cond": "(movie_id = t.id)", "Filter": "((note)::text = '(voice: English version)'::text)"}]}]}, {"Node Type": "Index Scan", "Parent Relationship": "Inner", "Scan Direction": "Forward", "Index Name": "person_id_aka_name", "Relation Name": "aka_name", "Alias": "an1", "Startup Cost": 0.0, "Total Cost": 0.84, "Plan Rows": 1, "Plan Width": 20, "Index Cond": "(person_id = ci.person_id)"}]}, {"Node Type": "Index Scan", "Parent Relationship": "Inner", "Scan Direction": "Forward", "Index Name": "name_pkey", "Relation Name": "name", "Alias": "n1", "Startup Cost": 0.0, "Total Cost": 0.57, "Plan Rows": 1, "Plan Width": 4, "Index Cond": "(id = an1.person_id)", "Filter": "(((name)::text ~~ '%Yo%'::text) AND ((name)::text !~~ '%Yu%'::text))"}]}]}, "Unique SQL Id": 3544391839, "Planner Runtime": 7}, "explain_analyze_plan": {"Plan": {"Node Type": "Aggregate", "Strategy": "Plain", "Startup Cost": 109007.69, "Total Cost": 109007.7, "Plan Rows": 1, "Plan Width": 97, "Actual Startup Time": 3922.823, "Actual Total Time": 3922.824, "Actual Rows": 1, "Actual Loops": 1, "Plans": [{"Node Type": "Nested Loop", "Parent Relationship": "Outer", "Join Type": "Inner", "Startup Cost": 2780.8, "Total Cost": 109007.63, "Plan Rows": 12, "Plan Width": 33, "Actual Startup Time": 314.814, "Actual Total Time": 3922.514, "Actual Rows": 62, "Actual Loops": 1, "Inner Unique": true, "Plans": [{"Node Type": "Nested Loop", "Parent Relationship": "Outer", "Join Type": "Inner", "Startup Cost": 2780.8, "Total Cost": 108632.09, "Plan Rows": 645, "Plan Width": 41, "Actual Startup Time": 22.215, "Actual Total Time": 3845.016, "Actual Rows": 17379, "Actual Loops": 1, "Inner Unique": false, "Plans": [{"Node Type": "Nested Loop", "Parent Relationship": "Outer", "Join Type": "Inner", "Startup Cost": 2780.8, "Total Cost": 108177.88, "Plan Rows": 532, "Plan Width": 21, "Actual Startup Time": 22.197, "Actual Total Time": 3792.598, "Actual Rows": 7438, "Actual Loops": 1, "Inner Unique": false, "Join Filter": "(ci.role_id = rt.id)", "Rows Removed by Join Filter": 12162, "Plans": [{"Node Type": "Index Scan", "Parent Relationship": "Outer", "Scan Direction": "Forward", "Index Name": "role_type_pkey", "Relation Name": "role_type", "Alias": "rt", "Startup Cost": 0.0, "Total Cost": 12.46, "Plan Rows": 1, "Plan Width": 4, "Actual Startup Time": 0.042, "Actual Total Time": 0.056, "Actual Rows": 1, "Actual Loops": 1, "Filter": "((role)::text = 'actress'::text)", "Rows Removed by Filter": 11}, {"Node Type": "Nested Loop", "Parent Relationship": "Inner", "Join Type": "Inner", "Startup Cost": 2780.8, "Total Cost": 108092.33, "Plan Rows": 5847, "Plan Width": 25, "Actual Startup Time": 22.147, "Actual Total Time": 3787.147, "Actual Rows": 19600, "Actual Loops": 1, "Inner Unique": false, "Plans": [{"Node Type": "Nested Loop", "Parent Relationship": "Outer", "Join Type": "Inner", "Startup Cost": 2780.8, "Total Cost": 102349.74, "Plan Rows": 5775, "Plan Width": 25, "Actual Startup Time": 22.063, "Actual Total Time": 716.483, "Actual Rows": 48328, "Actual Loops": 1, "Inner Unique": true, "Plans": [{"Node Type": "Nested Loop", "Parent Relationship": "Outer", "Join Type": "Inner", "Startup Cost": 2780.8, "Total Cost": 79702.64, "Plan Rows": 5775, "Plan Width": 4, "Actual Startup Time": 22.045, "Actual Total Time": 388.074, "Actual Rows": 48328, "Actual Loops": 1, "Inner Unique": false, "Plans": [{"Node Type": "Bitmap Heap Scan", "Parent Relationship": "Outer", "Relation Name": "company_name", "Alias": "cn", "Startup Cost": 2780.8, "Total Cost": 8684.25, "Plan Rows": 6290, "Plan Width": 4, "Actual Startup Time": 21.999, "Actual Total Time": 147.353, "Actual Rows": 6752, "Actual Loops": 1, "Filter": "((country_code)::text = '[jp]'::text)", "Rows Removed by Filter": 228244, "Exact Heap Blocks": 2966, "Lossy Heap Blocks": 2966, "Plans": [{"Node Type": "Bitmap Index Scan", "Parent Relationship": "Outer", "Index Name": "company_name_pkey", "Startup Cost": 0.0, "Total Cost": 2779.23, "Plan Rows": 234996, "Plan Width": 0, "Actual Startup Time": 21.525, "Actual Total Time": 21.525, "Actual Rows": 234996, "Actual Loops": 1}]}, {"Node Type": "Index Scan", "Parent Relationship": "Inner", "Scan Direction": "Forward", "Index Name": "company_id_movie_companies", "Relation Name": "movie_companies", "Alias": "mc", "Startup Cost": 0.0, "Total Cost": 11.28, "Plan Rows": 1, "Plan Width": 8, "Actual Startup Time": 62.414, "Actual Total Time": 224.565, "Actual Rows": 48328, "Actual Loops": 6752, "Index Cond": "(company_id = cn.id)", "Rows Removed by Index Recheck": 0, "Filter": "(((note)::text ~~ '%(Japan)%'::text) AND ((note)::text !~~ '%(USA)%'::text))", "Rows Removed by Filter": 56667}]}, {"Node Type": "Index Scan", "Parent Relationship": "Inner", "Scan Direction": "Forward", "Index Name": "title_pkey", "Relation Name": "title", "Alias": "t", "Startup Cost": 0.0, "Total Cost": 3.91, "Plan Rows": 1, "Plan Width": 21, "Actual Startup Time": 286.311, "Actual Total Time": 286.311, "Actual Rows": 48328, "Actual Loops": 48328, "Index Cond": "(id = mc.movie_id)", "Rows Removed by Index Recheck": 0}]}, {"Node Type": "Index Scan", "Parent Relationship": "Inner", "Scan Direction": "Forward", "Index Name": "movie_id_cast_info", "Relation Name": "cast_info", "Alias": "ci", "Startup Cost": 0.0, "Total Cost": 0.98, "Plan Rows": 1, "Plan Width": 12, "Actual Startup Time": 2903.218, "Actual Total Time": 3038.314, "Actual Rows": 19600, "Actual Loops": 48328, "Index Cond": "(movie_id = t.id)", "Rows Removed by Index Recheck": 0, "Filter": "((note)::text = '(voice: English version)'::text)", "Rows Removed by Filter": 1531710}]}]}, {"Node Type": "Index Scan", "Parent Relationship": "Inner", "Scan Direction": "Forward", "Index Name": "person_id_aka_name", "Relation Name": "aka_name", "Alias": "an1", "Startup Cost": 0.0, "Total Cost": 0.84, "Plan Rows": 1, "Plan Width": 20, "Actual Startup Time": 34.881, "Actual Total Time": 43.41, "Actual Rows": 17379, "Actual Loops": 7438, "Index Cond": "(person_id = ci.person_id)", "Rows Removed by Index Recheck": 0}]}, {"Node Type": "Index Scan", "Parent Relationship": "Inner", "Scan Direction": "Forward", "Index Name": "name_pkey", "Relation Name": "name", "Alias": "n1", "Startup Cost": 0.0, "Total Cost": 0.57, "Plan Rows": 1, "Plan Width": 4, "Actual Startup Time": 68.589, "Actual Total Time": 68.589, "Actual Rows": 62, "Actual Loops": 17379, "Index Cond": "(id = an1.person_id)", "Rows Removed by Index Recheck": 0, "Filter": "(((name)::text ~~ '%Yo%'::text) AND ((name)::text !~~ '%Yu%'::text))", "Rows Removed by Filter": 17317}]}]}, "Triggers": [], "Planner Runtime": 6, "Total Runtime": 3923.255, "Unique SQL Id": 3544391839}}, "(64, 50)": {"explain_plan": {"Plan": {"Node Type": "Aggregate", "Strategy": "Plain", "Startup Cost": 131407.59, "Total Cost": 131407.6, "Plan Rows": 1, "Plan Width": 97, "Plans": [{"Node Type": "Nested Loop", "Parent Relationship": "Outer", "Join Type": "Inner", "Startup Cost": 2.89, "Total Cost": 131407.53, "Plan Rows": 12, "Plan Width": 33, "Inner Unique": true, "Plans": [{"Node Type": "Nested Loop", "Parent Relationship": "Outer", "Join Type": "Inner", "Startup Cost": 2.25, "Total Cost": 131351.58, "Plan Rows": 12, "Plan Width": 24, "Inner Unique": false, "Join Filter": "(n1.id = an1.person_id)", "Plans": [{"Node Type": "Nested Loop", "Parent Relationship": "Outer", "Join Type": "Inner", "Startup Cost": 1.87, "Total Cost": 131007.92, "Plan Rows": 78, "Plan Width": 16, "Inner Unique": true, "Plans": [{"Node Type": "Nested Loop", "Parent Relationship": "Outer", "Join Type": "Inner", "Startup Cost": 1.56, "Total Cost": 126443.17, "Plan Rows": 1055, "Plan Width": 20, "Inner Unique": false, "Plans": [{"Node Type": "Nested Loop", "Parent Relationship": "Outer", "Join Type": "Inner", "Startup Cost": 0.9, "Total Cost": 120357.96, "Plan Rows": 1293, "Plan Width": 12, "Inner Unique": true, "Plans": [{"Node Type": "Nested Loop", "Parent Relationship": "Outer", "Join Type": "Inner", "Startup Cost": 0.0, "Total Cost": 77025.27, "Plan Rows": 8790, "Plan Width": 8, "Inner Unique": false, "Join Filter": "(ci.role_id = rt.id)", "Plans": [{"Node Type": "Seq Scan", "Parent Relationship": "Outer", "Relation Name": "role_type", "Alias": "rt", "Startup Cost": 0.0, "Total Cost": 1.15, "Plan Rows": 1, "Plan Width": 4, "Filter": "((role)::text = 'actress'::text)"}, {"Node Type": "Materialize", "Parent Relationship": "Inner", "Startup Cost": 0.0, "Total Cost": 76057.2, "Plan Rows": 96692, "Plan Width": 12, "Plans": [{"Node Type": "Streaming(type: LOCAL GATHER dop: 1/64)", "Parent Relationship": "Outer", "Startup Cost": 0.0, "Total Cost": 75815.47, "Plan Rows": 96692, "Plan Width": 12, "Plans": [{"Node Type": "Seq Scan", "Parent Relationship": "Outer", "Relation Name": "cast_info", "Alias": "ci", "Startup Cost": 0.0, "Total Cost": 73820.73, "Plan Rows": 96692, "Plan Width": 12, "Filter": "((note)::text = '(voice: English version)'::text)"}]}]}]}, {"Node Type": "Bitmap Heap Scan", "Parent Relationship": "Inner", "Relation Name": "name", "Alias": "n1", "Startup Cost": 0.9, "Total Cost": 4.92, "Plan Rows": 1, "Plan Width": 4, "Recheck Cond": "(id = ci.person_id)", "Filter": "(((name)::text ~~ '%Yo%'::text) AND ((name)::text !~~ '%Yu%'::text))", "Plans": [{"Node Type": "Bitmap Index Scan", "Parent Relationship": "Outer", "Index Name": "name_pkey", "Startup Cost": 0.0, "Total Cost": 0.9, "Plan Rows": 1, "Plan Width": 0, "Index Cond": "(id = ci.person_id)"}]}]}, {"Node Type": "Bitmap Heap Scan", "Parent Relationship": "Inner", "Relation Name": "movie_companies", "Alias": "mc", "Startup Cost": 0.66, "Total Cost": 4.7, "Plan Rows": 1, "Plan Width": 8, "Recheck Cond": "(movie_id = ci.movie_id)", "Filter": "(((note)::text ~~ '%(Japan)%'::text) AND ((note)::text !~~ '%(USA)%'::text))", "Plans": [{"Node Type": "Bitmap Index Scan", "Parent Relationship": "Outer", "Index Name": "movie_id_movie_companies", "Startup Cost": 0.0, "Total Cost": 0.66, "Plan Rows": 2, "Plan Width": 0, "Index Cond": "(movie_id = ci.movie_id)"}]}]}, {"Node Type": "Bitmap Heap Scan", "Parent Relationship": "Inner", "Relation Name": "company_name", "Alias": "cn", "Startup Cost": 0.3, "Total Cost": 4.32, "Plan Rows": 1, "Plan Width": 4, "Recheck Cond": "(id = mc.company_id)", "Filter": "((country_code)::text = '[jp]'::text)", "Plans": [{"Node Type": "Bitmap Index Scan", "Parent Relationship": "Outer", "Index Name": "company_name_pkey", "Startup Cost": 0.0, "Total Cost": 0.3, "Plan Rows": 1, "Plan Width": 0, "Index Cond": "(id = mc.company_id)"}]}]}, {"Node Type": "Bitmap Heap Scan", "Parent Relationship": "Inner", "Relation Name": "aka_name", "Alias": "an1", "Startup Cost": 0.38, "Total Cost": 4.39, "Plan Rows": 1, "Plan Width": 20, "Recheck Cond": "(person_id = ci.person_id)", "Plans": [{"Node Type": "Bitmap Index Scan", "Parent Relationship": "Outer", "Index Name": "person_id_aka_name", "Startup Cost": 0.0, "Total Cost": 0.38, "Plan Rows": 1, "Plan Width": 0, "Index Cond": "(person_id = ci.person_id)"}]}]}, {"Node Type": "Bitmap Heap Scan", "Parent Relationship": "Inner", "Relation Name": "title", "Alias": "t", "Startup Cost": 0.64, "Total Cost": 4.65, "Plan Rows": 1, "Plan Width": 21, "Recheck Cond": "(id = ci.movie_id)", "Plans": [{"Node Type": "Bitmap Index Scan", "Parent Relationship": "Outer", "Index Name": "title_pkey", "Startup Cost": 0.0, "Total Cost": 0.64, "Plan Rows": 1, "Plan Width": 0, "Index Cond": "(id = ci.movie_id)"}]}]}]}, "Unique SQL Id": 3544391839, "Planner Runtime": 16}, "explain_analyze_plan": {"Plan": {"Node Type": "Aggregate", "Strategy": "Plain", "Startup Cost": 131407.59, "Total Cost": 131407.6, "Plan Rows": 1, "Plan Width": 97, "Actual Min Startup Time": 568.71, "Actual Max Startup Time": 568.71, "Actual Min Total Time": 568.71, "Actual Max Total Time": 568.71, "Plans": [{"Node Type": "Nested Loop", "Parent Relationship": "Outer", "Join Type": "Inner", "Startup Cost": 2.89, "Total Cost": 131407.53, "Plan Rows": 12, "Plan Width": 33, "Actual Min Startup Time": 383.958, "Actual Max Startup Time": 383.958, "Actual Min Total Time": 568.621, "Actual Max Total Time": 568.621, "Inner Unique": true, "Plans": [{"Node Type": "Nested Loop", "Parent Relationship": "Outer", "Join Type": "Inner", "Startup Cost": 2.25, "Total Cost": 131351.58, "Plan Rows": 12, "Plan Width": 24, "Actual Min Startup Time": 383.922, "Actual Max Startup Time": 383.922, "Actual Min Total Time": 568.103, "Actual Max Total Time": 568.103, "Inner Unique": false, "Join Filter": "(n1.id = an1.person_id)", "Rows Removed by Join Filter": 0, "Plans": [{"Node Type": "Nested Loop", "Parent Relationship": "Outer", "Join Type": "Inner", "Startup Cost": 1.87, "Total Cost": 131007.92, "Plan Rows": 78, "Plan Width": 16, "Actual Min Startup Time": 383.885, "Actual Max Startup Time": 383.885, "Actual Min Total Time": 567.792, "Actual Max Total Time": 567.792, "Inner Unique": true, "Plans": [{"Node Type": "Nested Loop", "Parent Relationship": "Outer", "Join Type": "Inner", "Startup Cost": 1.56, "Total Cost": 126443.17, "Plan Rows": 1055, "Plan Width": 20, "Actual Min Startup Time": 383.861, "Actual Max Startup Time": 383.861, "Actual Min Total Time": 567.428, "Actual Max Total Time": 567.428, "Inner Unique": false, "Plans": [{"Node Type": "Nested Loop", "Parent Relationship": "Outer", "Join Type": "Inner", "Startup Cost": 0.9, "Total Cost": 120357.96, "Plan Rows": 1293, "Plan Width": 12, "Actual Min Startup Time": 383.797, "Actual Max Startup Time": 383.797, "Actual Min Total Time": 564.882, "Actual Max Total Time": 564.882, "Inner Unique": true, "Plans": [{"Node Type": "Nested Loop", "Parent Relationship": "Outer", "Join Type": "Inner", "Startup Cost": 0.0, "Total Cost": 77025.27, "Plan Rows": 8790, "Plan Width": 8, "Actual Min Startup Time": 339.787, "Actual Max Startup Time": 339.787, "Actual Min Total Time": 376.432, "Actual Max Total Time": 376.432, "Inner Unique": false, "Join Filter": "(ci.role_id = rt.id)", "Rows Removed by Join Filter": 58247, "Plans": [{"Node Type": "Seq Scan", "Parent Relationship": "Outer", "Relation Name": "role_type", "Alias": "rt", "Startup Cost": 0.0, "Total Cost": 1.15, "Plan Rows": 1, "Plan Width": 4, "Actual Min Startup Time": 0.051, "Actual Max Startup Time": 0.051, "Actual Min Total Time": 0.058, "Actual Max Total Time": 0.058, "Filter": "((role)::text = 'actress'::text)", "Rows Removed by Filter": 11, "Actual Rows": 1}, {"Node Type": "Materialize", "Parent Relationship": "Inner", "Startup Cost": 0.0, "Total Cost": 76057.2, "Plan Rows": 96692, "Plan Width": 12, "Actual Min Startup Time": 337.627, "Actual Max Startup Time": 337.627, "Actual Min Total Time": 349.912, "Actual Max Total Time": 349.912, "Plans": [{"Node Type": "Streaming(type: LOCAL GATHER dop: 1/64)", "Parent Relationship": "Outer", "Startup Cost": 0.0, "Total Cost": 75815.47, "Plan Rows": 96692, "Plan Width": 12, "Actual Min Startup Time": 108.986, "Actual Max Startup Time": 108.986, "Actual Min Total Time": 322.779, "Actual Max Total Time": 322.779, "Plans": [{"Node Type": "Seq Scan", "Parent Relationship": "Outer", "Relation Name": "cast_info", "Alias": "ci", "Startup Cost": 0.0, "Total Cost": 73820.73, "Plan Rows": 96692, "Plan Width": 12, "Actual Min Startup Time": 0.042, "Actual Max Startup Time": 2.894, "Actual Min Total Time": 153.308, "Actual Max Total Time": 161.862, "Filter": "((note)::text = '(voice: English version)'::text)", "Rows Removed by Filter": 36151248, "Actual Rows": 93095}], "Actual Rows": 93095}], "Actual Rows": 93096}], "Actual Rows": 34848}, {"Node Type": "Bitmap Heap Scan", "Parent Relationship": "Inner", "Relation Name": "name", "Alias": "n1", "Startup Cost": 0.9, "Total Cost": 4.92, "Plan Rows": 1, "Plan Width": 4, "Actual Min Startup Time": 149.412, "Actual Max Startup Time": 149.412, "Actual Min Total Time": 149.412, "Actual Max Total Time": 149.412, "Recheck Cond": "(id = ci.person_id)", "Rows Removed by Index Recheck": 0, "Filter": "(((name)::text ~~ '%Yo%'::text) AND ((name)::text !~~ '%Yu%'::text))", "Rows Removed by Filter": 34454, "Exact Heap Blocks": 34848, "Lossy Heap Blocks": 34848, "Plans": [{"Node Type": "Bitmap Index Scan", "Parent Relationship": "Outer", "Index Name": "name_pkey", "Startup Cost": 0.0, "Total Cost": 0.9, "Plan Rows": 1, "Plan Width": 0, "Actual Min Startup Time": 85.618, "Actual Max Startup Time": 85.618, "Actual Min Total Time": 85.618, "Actual Max Total Time": 85.618, "Index Cond": "(id = ci.person_id)", "Actual Rows": 34848}], "Actual Rows": 394}], "Actual Rows": 394}, {"Node Type": "Bitmap Heap Scan", "Parent Relationship": "Inner", "Relation Name": "movie_companies", "Alias": "mc", "Startup Cost": 0.66, "Total Cost": 4.7, "Plan Rows": 1, "Plan Width": 8, "Actual Min Startup Time": 1.983, "Actual Max Startup Time": 1.983, "Actual Min Total Time": 2.086, "Actual Max Total Time": 2.086, "Recheck Cond": "(movie_id = ci.movie_id)", "Rows Removed by Index Recheck": 0, "Filter": "(((note)::text ~~ '%(Japan)%'::text) AND ((note)::text !~~ '%(USA)%'::text))", "Rows Removed by Filter": 511, "Exact Heap Blocks": 237, "Lossy Heap Blocks": 237, "Plans": [{"Node Type": "Bitmap Index Scan", "Parent Relationship": "Outer", "Index Name": "movie_id_movie_companies", "Startup Cost": 0.0, "Total Cost": 0.66, "Plan Rows": 2, "Plan Width": 0, "Actual Min Startup Time": 1.212, "Actual Max Startup Time": 1.212, "Actual Min Total Time": 1.212, "Actual Max Total Time": 1.212, "Index Cond": "(movie_id = ci.movie_id)", "Actual Rows": 550}], "Actual Rows": 39}], "Actual Rows": 39}, {"Node Type": "Bitmap Heap Scan", "Parent Relationship": "Inner", "Relation Name": "company_name", "Alias": "cn", "Startup Cost": 0.3, "Total Cost": 4.32, "Plan Rows": 1, "Plan Width": 4, "Actual Min Startup Time": 0.302, "Actual Max Startup Time": 0.302, "Actual Min Total Time": 0.302, "Actual Max Total Time": 0.302, "Recheck Cond": "(id = mc.company_id)", "Rows Removed by Index Recheck": 0, "Filter": "((country_code)::text = '[jp]'::text)", "Rows Removed by Filter": 1, "Exact Heap Blocks": 39, "Lossy Heap Blocks": 39, "Plans": [{"Node Type": "Bitmap Index Scan", "Parent Relationship": "Outer", "Index Name": "company_name_pkey", "Startup Cost": 0.0, "Total Cost": 0.3, "Plan Rows": 1, "Plan Width": 0, "Actual Min Startup Time": 0.163, "Actual Max Startup Time": 0.163, "Actual Min Total Time": 0.163, "Actual Max Total Time": 0.163, "Index Cond": "(id = mc.company_id)", "Actual Rows": 39}], "Actual Rows": 38}], "Actual Rows": 38}, {"Node Type": "Bitmap Heap Scan", "Parent Relationship": "Inner", "Relation Name": "aka_name", "Alias": "an1", "Startup Cost": 0.38, "Total Cost": 4.39, "Plan Rows": 1, "Plan Width": 20, "Actual Min Startup Time": 0.207, "Actual Max Startup Time": 0.207, "Actual Min Total Time": 0.223, "Actual Max Total Time": 0.223, "Recheck Cond": "(person_id = ci.person_id)", "Rows Removed by Index Recheck": 0, "Exact Heap Blocks": 43, "Lossy Heap Blocks": 43, "Plans": [{"Node Type": "Bitmap Index Scan", "Parent Relationship": "Outer", "Index Name": "person_id_aka_name", "Startup Cost": 0.0, "Total Cost": 0.38, "Plan Rows": 1, "Plan Width": 0, "Actual Min Startup Time": 0.132, "Actual Max Startup Time": 0.132, "Actual Min Total Time": 0.132, "Actual Max Total Time": 0.132, "Index Cond": "(person_id = ci.person_id)", "Actual Rows": 62}], "Actual Rows": 62}], "Actual Rows": 62}, {"Node Type": "Bitmap Heap Scan", "Parent Relationship": "Inner", "Relation Name": "title", "Alias": "t", "Startup Cost": 0.64, "Total Cost": 4.65, "Plan Rows": 1, "Plan Width": 21, "Actual Min Startup Time": 0.404, "Actual Max Startup Time": 0.404, "Actual Min Total Time": 0.404, "Actual Max Total Time": 0.404, "Recheck Cond": "(id = ci.movie_id)", "Rows Removed by Index Recheck": 0, "Exact Heap Blocks": 62, "Lossy Heap Blocks": 62, "Plans": [{"Node Type": "Bitmap Index Scan", "Parent Relationship": "Outer", "Index Name": "title_pkey", "Startup Cost": 0.0, "Total Cost": 0.64, "Plan Rows": 1, "Plan Width": 0, "Actual Min Startup Time": 0.236, "Actual Max Startup Time": 0.236, "Actual Min Total Time": 0.236, "Actual Max Total Time": 0.236, "Index Cond": "(id = ci.movie_id)", "Actual Rows": 62}], "Actual Rows": 62}], "Actual Rows": 62}], "Actual Rows": 1}, "Triggers": [], "Planner Runtime": 16, "Total Runtime": 581.526, "Unique SQL Id": 3544391839}}, "(64, 51)": {"explain_plan": {"Plan": {"Node Type": "Aggregate", "Strategy": "Plain", "Startup Cost": 166618.15, "Total Cost": 166618.16, "Plan Rows": 1, "Plan Width": 97, "Plans": [{"Node Type": "Nested Loop", "Parent Relationship": "Outer", "Join Type": "Inner", "Startup Cost": 2795.56, "Total Cost": 166618.09, "Plan Rows": 12, "Plan Width": 33, "Inner Unique": false, "Join Filter": "(n1.id = an1.person_id)", "Plans": [{"Node Type": "Nested Loop", "Parent Relationship": "Outer", "Join Type": "Inner", "Startup Cost": 2795.18, "Total Cost": 166274.44, "Plan Rows": 78, "Plan Width": 25, "Inner Unique": true, "Plans": [{"Node Type": "Nested Loop", "Parent Relationship": "Outer", "Join Type": "Inner", "Startup Cost": 2794.28, "Total Cost": 163651.8, "Plan Rows": 532, "Plan Width": 21, "Inner Unique": false, "Join Filter": "(ci.role_id = rt.id)", "Plans": [{"Node Type": "Bitmap Heap Scan", "Parent Relationship": "Outer", "Relation Name": "role_type", "Alias": "rt", "Startup Cost": 8.31, "Total Cost": 12.46, "Plan Rows": 1, "Plan Width": 4, "Filter": "((role)::text = 'actress'::text)", "Plans": [{"Node Type": "Bitmap Index Scan", "Parent Relationship": "Outer", "Index Name": "role_type_pkey", "Startup Cost": 0.0, "Total Cost": 8.31, "Plan Rows": 12, "Plan Width": 0}]}, {"Node Type": "Nested Loop", "Parent Relationship": "Inner", "Join Type": "Inner", "Startup Cost": 2785.97, "Total Cost": 163566.25, "Plan Rows": 5847, "Plan Width": 25, "Inner Unique": false, "Plans": [{"Node Type": "Nested Loop", "Parent Relationship": "Outer", "Join Type": "Inner", "Startup Cost": 2785.45, "Total Cost": 136908.44, "Plan Rows": 5775, "Plan Width": 25, "Inner Unique": true, "Plans": [{"Node Type": "Nested Loop", "Parent Relationship": "Outer", "Join Type": "Inner", "Startup Cost": 2784.18, "Total Cost": 106322.09, "Plan Rows": 5775, "Plan Width": 4, "Inner Unique": false, "Plans": [{"Node Type": "Bitmap Heap Scan", "Parent Relationship": "Outer", "Relation Name": "company_name", "Alias": "cn", "Startup Cost": 2780.8, "Total Cost": 8684.25, "Plan Rows": 6290, "Plan Width": 4, "Filter": "((country_code)::text = '[jp]'::text)", "Plans": [{"Node Type": "Bitmap Index Scan", "Parent Relationship": "Outer", "Index Name": "company_name_pkey", "Startup Cost": 0.0, "Total Cost": 2779.23, "Plan Rows": 234996, "Plan Width": 0}]}, {"Node Type": "Bitmap Heap Scan", "Parent Relationship": "Inner", "Relation Name": "movie_companies", "Alias": "mc", "Startup Cost": 3.37, "Total Cost": 15.51, "Plan Rows": 1, "Plan Width": 8, "Recheck Cond": "(company_id = cn.id)", "Filter": "(((note)::text ~~ '%(Japan)%'::text) AND ((note)::text !~~ '%(USA)%'::text))", "Plans": [{"Node Type": "Bitmap Index Scan", "Parent Relationship": "Outer", "Index Name": "company_id_movie_companies", "Startup Cost": 0.0, "Total Cost": 3.37, "Plan Rows": 15, "Plan Width": 0, "Index Cond": "(company_id = cn.id)"}]}]}, {"Node Type": "Bitmap Heap Scan", "Parent Relationship": "Inner", "Relation Name": "title", "Alias": "t", "Startup Cost": 1.27, "Total Cost": 5.29, "Plan Rows": 1, "Plan Width": 21, "Recheck Cond": "(id = mc.movie_id)", "Plans": [{"Node Type": "Bitmap Index Scan", "Parent Relationship": "Outer", "Index Name": "title_pkey", "Startup Cost": 0.0, "Total Cost": 1.27, "Plan Rows": 1, "Plan Width": 0, "Index Cond": "(id = mc.movie_id)"}]}]}, {"Node Type": "Bitmap Heap Scan", "Parent Relationship": "Inner", "Relation Name": "cast_info", "Alias": "ci", "Startup Cost": 0.52, "Total Cost": 4.61, "Plan Rows": 1, "Plan Width": 12, "Recheck Cond": "(movie_id = t.id)", "Filter": "((note)::text = '(voice: English version)'::text)", "Plans": [{"Node Type": "Bitmap Index Scan", "Parent Relationship": "Outer", "Index Name": "movie_id_cast_info", "Startup Cost": 0.0, "Total Cost": 0.52, "Plan Rows": 6, "Plan Width": 0, "Index Cond": "(movie_id = t.id)"}]}]}]}, {"Node Type": "Bitmap Heap Scan", "Parent Relationship": "Inner", "Relation Name": "name", "Alias": "n1", "Startup Cost": 0.9, "Total Cost": 4.92, "Plan Rows": 1, "Plan Width": 4, "Recheck Cond": "(id = ci.person_id)", "Filter": "(((name)::text ~~ '%Yo%'::text) AND ((name)::text !~~ '%Yu%'::text))", "Plans": [{"Node Type": "Bitmap Index Scan", "Parent Relationship": "Outer", "Index Name": "name_pkey", "Startup Cost": 0.0, "Total Cost": 0.9, "Plan Rows": 1, "Plan Width": 0, "Index Cond": "(id = ci.person_id)"}]}]}, {"Node Type": "Bitmap Heap Scan", "Parent Relationship": "Inner", "Relation Name": "aka_name", "Alias": "an1", "Startup Cost": 0.38, "Total Cost": 4.39, "Plan Rows": 1, "Plan Width": 20, "Recheck Cond": "(person_id = ci.person_id)", "Plans": [{"Node Type": "Bitmap Index Scan", "Parent Relationship": "Outer", "Index Name": "person_id_aka_name", "Startup Cost": 0.0, "Total Cost": 0.38, "Plan Rows": 1, "Plan Width": 0, "Index Cond": "(person_id = ci.person_id)"}]}]}]}, "Unique SQL Id": 3544391839, "Planner Runtime": 8}, "explain_analyze_plan": {"Plan": {"Node Type": "Aggregate", "Strategy": "Plain", "Startup Cost": 166618.15, "Total Cost": 166618.16, "Plan Rows": 1, "Plan Width": 97, "Actual Startup Time": 4635.618, "Actual Total Time": 4635.618, "Actual Rows": 1, "Actual Loops": 1, "Plans": [{"Node Type": "Nested Loop", "Parent Relationship": "Outer", "Join Type": "Inner", "Startup Cost": 2795.56, "Total Cost": 166618.09, "Plan Rows": 12, "Plan Width": 33, "Actual Startup Time": 357.9, "Actual Total Time": 4635.287, "Actual Rows": 62, "Actual Loops": 1, "Inner Unique": false, "Join Filter": "(n1.id = an1.person_id)", "Rows Removed by Join Filter": 0, "Plans": [{"Node Type": "Nested Loop", "Parent Relationship": "Outer", "Join Type": "Inner", "Startup Cost": 2795.18, "Total Cost": 166274.44, "Plan Rows": 78, "Plan Width": 25, "Actual Startup Time": 357.85, "Actual Total Time": 4634.45, "Actual Rows": 38, "Actual Loops": 1, "Inner Unique": true, "Plans": [{"Node Type": "Nested Loop", "Parent Relationship": "Outer", "Join Type": "Inner", "Startup Cost": 2794.28, "Total Cost": 163651.8, "Plan Rows": 532, "Plan Width": 21, "Actual Startup Time": 23.596, "Actual Total Time": 4573.458, "Actual Rows": 7438, "Actual Loops": 1, "Inner Unique": false, "Join Filter": "(ci.role_id = rt.id)", "Rows Removed by Join Filter": 12162, "Plans": [{"Node Type": "Bitmap Heap Scan", "Parent Relationship": "Outer", "Relation Name": "role_type", "Alias": "rt", "Startup Cost": 8.31, "Total Cost": 12.46, "Plan Rows": 1, "Plan Width": 4, "Actual Startup Time": 0.036, "Actual Total Time": 0.047, "Actual Rows": 1, "Actual Loops": 1, "Filter": "((role)::text = 'actress'::text)", "Rows Removed by Filter": 11, "Exact Heap Blocks": 1, "Lossy Heap Blocks": 1, "Plans": [{"Node Type": "Bitmap Index Scan", "Parent Relationship": "Outer", "Index Name": "role_type_pkey", "Startup Cost": 0.0, "Total Cost": 8.31, "Plan Rows": 12, "Plan Width": 0, "Actual Startup Time": 0.012, "Actual Total Time": 0.012, "Actual Rows": 12, "Actual Loops": 1}]}, {"Node Type": "Nested Loop", "Parent Relationship": "Inner", "Join Type": "Inner", "Startup Cost": 2785.97, "Total Cost": 163566.25, "Plan Rows": 5847, "Plan Width": 25, "Actual Startup Time": 23.553, "Actual Total Time": 4567.856, "Actual Rows": 19600, "Actual Loops": 1, "Inner Unique": false, "Plans": [{"Node Type": "Nested Loop", "Parent Relationship": "Outer", "Join Type": "Inner", "Startup Cost": 2785.45, "Total Cost": 136908.44, "Plan Rows": 5775, "Plan Width": 25, "Actual Startup Time": 23.457, "Actual Total Time": 851.295, "Actual Rows": 48328, "Actual Loops": 1, "Inner Unique": true, "Plans": [{"Node Type": "Nested Loop", "Parent Relationship": "Outer", "Join Type": "Inner", "Startup Cost": 2784.18, "Total Cost": 106322.09, "Plan Rows": 5775, "Plan Width": 4, "Actual Startup Time": 23.437, "Actual Total Time": 432.916, "Actual Rows": 48328, "Actual Loops": 1, "Inner Unique": false, "Plans": [{"Node Type": "Bitmap Heap Scan", "Parent Relationship": "Outer", "Relation Name": "company_name", "Alias": "cn", "Startup Cost": 2780.8, "Total Cost": 8684.25, "Plan Rows": 6290, "Plan Width": 4, "Actual Startup Time": 23.37, "Actual Total Time": 149.455, "Actual Rows": 6752, "Actual Loops": 1, "Filter": "((country_code)::text = '[jp]'::text)", "Rows Removed by Filter": 228244, "Exact Heap Blocks": 2966, "Lossy Heap Blocks": 2966, "Plans": [{"Node Type": "Bitmap Index Scan", "Parent Relationship": "Outer", "Index Name": "company_name_pkey", "Startup Cost": 0.0, "Total Cost": 2779.23, "Plan Rows": 234996, "Plan Width": 0, "Actual Startup Time": 22.886, "Actual Total Time": 22.886, "Actual Rows": 234996, "Actual Loops": 1}]}, {"Node Type": "Bitmap Heap Scan", "Parent Relationship": "Inner", "Relation Name": "movie_companies", "Alias": "mc", "Startup Cost": 3.37, "Total Cost": 15.51, "Plan Rows": 1, "Plan Width": 8, "Actual Startup Time": 94.122, "Actual Total Time": 260.989, "Actual Rows": 48328, "Actual Loops": 6752, "Recheck Cond": "(company_id = cn.id)", "Rows Removed by Index Recheck": 0, "Filter": "(((note)::text ~~ '%(Japan)%'::text) AND ((note)::text !~~ '%(USA)%'::text))", "Rows Removed by Filter": 56667, "Exact Heap Blocks": 61861, "Lossy Heap Blocks": 61861, "Plans": [{"Node Type": "Bitmap Index Scan", "Parent Relationship": "Outer", "Index Name": "company_id_movie_companies", "Startup Cost": 0.0, "Total Cost": 3.37, "Plan Rows": 15, "Plan Width": 0, "Actual Startup Time": 49.399, "Actual Total Time": 49.399, "Actual Rows": 104995, "Actual Loops": 6752, "Index Cond": "(company_id = cn.id)"}]}]}, {"Node Type": "Bitmap Heap Scan", "Parent Relationship": "Inner", "Relation Name": "title", "Alias": "t", "Startup Cost": 1.27, "Total Cost": 5.29, "Plan Rows": 1, "Plan Width": 21, "Actual Startup Time": 341.617, "Actual Total Time": 341.617, "Actual Rows": 48328, "Actual Loops": 48328, "Recheck Cond": "(id = mc.movie_id)", "Rows Removed by Index Recheck": 0, "Exact Heap Blocks": 48328, "Lossy Heap Blocks": 48328, "Plans": [{"Node Type": "Bitmap Index Scan", "Parent Relationship": "Outer", "Index Name": "title_pkey", "Startup Cost": 0.0, "Total Cost": 1.27, "Plan Rows": 1, "Plan Width": 0, "Actual Startup Time": 201.901, "Actual Total Time": 201.901, "Actual Rows": 48328, "Actual Loops": 48328, "Index Cond": "(id = mc.movie_id)"}]}]}, {"Node Type": "Bitmap Heap Scan", "Parent Relationship": "Inner", "Relation Name": "cast_info", "Alias": "ci", "Startup Cost": 0.52, "Total Cost": 4.61, "Plan Rows": 1, "Plan Width": 12, "Actual Startup Time": 3496.655, "Actual Total Time": 3643.626, "Actual Rows": 19600, "Actual Loops": 48328, "Recheck Cond": "(movie_id = t.id)", "Rows Removed by Index Recheck": 0, "Filter": "((note)::text = '(voice: English version)'::text)", "Rows Removed by Filter": 1531710, "Exact Heap Blocks": 1503105, "Lossy Heap Blocks": 1503105, "Plans": [{"Node Type": "Bitmap Index Scan", "Parent Relationship": "Outer", "Index Name": "movie_id_cast_info", "Startup Cost": 0.0, "Total Cost": 0.52, "Plan Rows": 6, "Plan Width": 0, "Actual Startup Time": 537.902, "Actual Total Time": 537.902, "Actual Rows": 1551310, "Actual Loops": 48328, "Index Cond": "(movie_id = t.id)"}]}]}]}, {"Node Type": "Bitmap Heap Scan", "Parent Relationship": "Inner", "Relation Name": "name", "Alias": "n1", "Startup Cost": 0.9, "Total Cost": 4.92, "Plan Rows": 1, "Plan Width": 4, "Actual Startup Time": 51.239, "Actual Total Time": 51.239, "Actual Rows": 38, "Actual Loops": 7438, "Recheck Cond": "(id = ci.person_id)", "Rows Removed by Index Recheck": 0, "Filter": "(((name)::text ~~ '%Yo%'::text) AND ((name)::text !~~ '%Yu%'::text))", "Rows Removed by Filter": 7400, "Exact Heap Blocks": 7438, "Lossy Heap Blocks": 7438, "Plans": [{"Node Type": "Bitmap Index Scan", "Parent Relationship": "Outer", "Index Name": "name_pkey", "Startup Cost": 0.0, "Total Cost": 0.9, "Plan Rows": 1, "Plan Width": 0, "Actual Startup Time": 30.418, "Actual Total Time": 30.418, "Actual Rows": 7438, "Actual Loops": 7438, "Index Cond": "(id = ci.person_id)"}]}]}, {"Node Type": "Bitmap Heap Scan", "Parent Relationship": "Inner", "Relation Name": "aka_name", "Alias": "an1", "Startup Cost": 0.38, "Total Cost": 4.39, "Plan Rows": 1, "Plan Width": 20, "Actual Startup Time": 0.52, "Actual Total Time": 0.552, "Actual Rows": 62, "Actual Loops": 38, "Recheck Cond": "(person_id = ci.person_id)", "Rows Removed by Index Recheck": 0, "Exact Heap Blocks": 43, "Lossy Heap Blocks": 43, "Plans": [{"Node Type": "Bitmap Index Scan", "Parent Relationship": "Outer", "Index Name": "person_id_aka_name", "Startup Cost": 0.0, "Total Cost": 0.38, "Plan Rows": 1, "Plan Width": 0, "Actual Startup Time": 0.316, "Actual Total Time": 0.316, "Actual Rows": 62, "Actual Loops": 38, "Index Cond": "(person_id = ci.person_id)"}]}]}]}, "Triggers": [], "Planner Runtime": 8, "Total Runtime": 4636.066, "Unique SQL Id": 3544391839}}, "(64, 52)": {"explain_plan": {"Plan": {"Node Type": "Aggregate", "Strategy": "Plain", "Startup Cost": 91981.82, "Total Cost": 91981.83, "Plan Rows": 1, "Plan Width": 97, "Plans": [{"Node Type": "Nested Loop", "Parent Relationship": "Outer", "Join Type": "Inner", "Startup Cost": 0.0, "Total Cost": 91981.76, "Plan Rows": 12, "Plan Width": 33, "Inner Unique": true, "Plans": [{"Node Type": "Nested Loop", "Parent Relationship": "Outer", "Join Type": "Inner", "Startup Cost": 0.0, "Total Cost": 91956.53, "Plan Rows": 12, "Plan Width": 24, "Inner Unique": true, "Plans": [{"Node Type": "Nested Loop", "Parent Relationship": "Outer", "Join Type": "Inner", "Startup Cost": 0.0, "Total Cost": 91580.99, "Plan Rows": 645, "Plan Width": 32, "Inner Unique": false, "Plans": [{"Node Type": "Nested Loop", "Parent Relationship": "Outer", "Join Type": "Inner", "Startup Cost": 0.0, "Total Cost": 91126.78, "Plan Rows": 532, "Plan Width": 12, "Inner Unique": true, "Plans": [{"Node Type": "Nested Loop", "Parent Relationship": "Outer", "Join Type": "Inner", "Startup Cost": 0.0, "Total Cost": 88949.62, "Plan Rows": 3338, "Plan Width": 16, "Inner Unique": false, "Plans": [{"Node Type": "Nested Loop", "Parent Relationship": "Outer", "Join Type": "Inner", "Startup Cost": 0.0, "Total Cost": 77025.27, "Plan Rows": 8790, "Plan Width": 8, "Inner Unique": false, "Join Filter": "(ci.role_id = rt.id)", "Plans": [{"Node Type": "Seq Scan", "Parent Relationship": "Outer", "Relation Name": "role_type", "Alias": "rt", "Startup Cost": 0.0, "Total Cost": 1.15, "Plan Rows": 1, "Plan Width": 4, "Filter": "((role)::text = 'actress'::text)"}, {"Node Type": "Materialize", "Parent Relationship": "Inner", "Startup Cost": 0.0, "Total Cost": 76057.2, "Plan Rows": 96692, "Plan Width": 12, "Plans": [{"Node Type": "Streaming(type: LOCAL GATHER dop: 1/64)", "Parent Relationship": "Outer", "Startup Cost": 0.0, "Total Cost": 75815.47, "Plan Rows": 96692, "Plan Width": 12, "Plans": [{"Node Type": "Seq Scan", "Parent Relationship": "Outer", "Relation Name": "cast_info", "Alias": "ci", "Startup Cost": 0.0, "Total Cost": 73820.73, "Plan Rows": 96692, "Plan Width": 12, "Filter": "((note)::text = '(voice: English version)'::text)"}]}]}]}, {"Node Type": "Index Scan", "Parent Relationship": "Inner", "Scan Direction": "Forward", "Index Name": "movie_id_movie_companies", "Relation Name": "movie_companies", "Alias": "mc", "Startup Cost": 0.0, "Total Cost": 1.35, "Plan Rows": 1, "Plan Width": 8, "Index Cond": "(movie_id = ci.movie_id)", "Filter": "(((note)::text ~~ '%(Japan)%'::text) AND ((note)::text !~~ '%(USA)%'::text))"}]}, {"Node Type": "Index Scan", "Parent Relationship": "Inner", "Scan Direction": "Forward", "Index Name": "company_name_pkey", "Relation Name": "company_name", "Alias": "cn", "Startup Cost": 0.0, "Total Cost": 0.64, "Plan Rows": 1, "Plan Width": 4, "Index Cond": "(id = mc.company_id)", "Filter": "((country_code)::text = '[jp]'::text)"}]}, {"Node Type": "Index Scan", "Parent Relationship": "Inner", "Scan Direction": "Forward", "Index Name": "person_id_aka_name", "Relation Name": "aka_name", "Alias": "an1", "Startup Cost": 0.0, "Total Cost": 0.84, "Plan Rows": 1, "Plan Width": 20, "Index Cond": "(person_id = ci.person_id)"}]}, {"Node Type": "Index Scan", "Parent Relationship": "Inner", "Scan Direction": "Forward", "Index Name": "name_pkey", "Relation Name": "name", "Alias": "n1", "Startup Cost": 0.0, "Total Cost": 0.57, "Plan Rows": 1, "Plan Width": 4, "Index Cond": "(id = an1.person_id)", "Filter": "(((name)::text ~~ '%Yo%'::text) AND ((name)::text !~~ '%Yu%'::text))"}]}, {"Node Type": "Index Scan", "Parent Relationship": "Inner", "Scan Direction": "Forward", "Index Name": "title_pkey", "Relation Name": "title", "Alias": "t", "Startup Cost": 0.0, "Total Cost": 2.09, "Plan Rows": 1, "Plan Width": 21, "Index Cond": "(id = ci.movie_id)"}]}]}, "Unique SQL Id": 3544391839, "Planner Runtime": 7}, "explain_analyze_plan": {"Plan": {"Node Type": "Aggregate", "Strategy": "Plain", "Startup Cost": 91981.82, "Total Cost": 91981.83, "Plan Rows": 1, "Plan Width": 97, "Actual Min Startup Time": 727.946, "Actual Max Startup Time": 727.946, "Actual Min Total Time": 727.946, "Actual Max Total Time": 727.946, "Plans": [{"Node Type": "Nested Loop", "Parent Relationship": "Outer", "Join Type": "Inner", "Startup Cost": 0.0, "Total Cost": 91981.76, "Plan Rows": 12, "Plan Width": 33, "Actual Min Startup Time": 684.34, "Actual Max Startup Time": 684.34, "Actual Min Total Time": 727.861, "Actual Max Total Time": 727.861, "Inner Unique": true, "Plans": [{"Node Type": "Nested Loop", "Parent Relationship": "Outer", "Join Type": "Inner", "Startup Cost": 0.0, "Total Cost": 91956.53, "Plan Rows": 12, "Plan Width": 24, "Actual Min Startup Time": 684.319, "Actual Max Startup Time": 684.319, "Actual Min Total Time": 727.49, "Actual Max Total Time": 727.49, "Inner Unique": true, "Plans": [{"Node Type": "Nested Loop", "Parent Relationship": "Outer", "Join Type": "Inner", "Startup Cost": 0.0, "Total Cost": 91580.99, "Plan Rows": 645, "Plan Width": 32, "Actual Min Startup Time": 393.381, "Actual Max Startup Time": 393.381, "Actual Min Total Time": 661.887, "Actual Max Total Time": 661.887, "Inner Unique": false, "Plans": [{"Node Type": "Nested Loop", "Parent Relationship": "Outer", "Join Type": "Inner", "Startup Cost": 0.0, "Total Cost": 91126.78, "Plan Rows": 532, "Plan Width": 12, "Actual Min Startup Time": 393.36, "Actual Max Startup Time": 393.36, "Actual Min Total Time": 623.917, "Actual Max Total Time": 623.917, "Inner Unique": true, "Plans": [{"Node Type": "Nested Loop", "Parent Relationship": "Outer", "Join Type": "Inner", "Startup Cost": 0.0, "Total Cost": 88949.62, "Plan Rows": 3338, "Plan Width": 16, "Actual Min Startup Time": 393.337, "Actual Max Startup Time": 393.337, "Actual Min Total Time": 591.004, "Actual Max Total Time": 591.004, "Inner Unique": false, "Plans": [{"Node Type": "Nested Loop", "Parent Relationship": "Outer", "Join Type": "Inner", "Startup Cost": 0.0, "Total Cost": 77025.27, "Plan Rows": 8790, "Plan Width": 8, "Actual Min Startup Time": 392.138, "Actual Max Startup Time": 392.138, "Actual Min Total Time": 429.56, "Actual Max Total Time": 429.56, "Inner Unique": false, "Join Filter": "(ci.role_id = rt.id)", "Rows Removed by Join Filter": 58247, "Plans": [{"Node Type": "Seq Scan", "Parent Relationship": "Outer", "Relation Name": "role_type", "Alias": "rt", "Startup Cost": 0.0, "Total Cost": 1.15, "Plan Rows": 1, "Plan Width": 4, "Actual Min Startup Time": 0.056, "Actual Max Startup Time": 0.056, "Actual Min Total Time": 0.065, "Actual Max Total Time": 0.065, "Filter": "((role)::text = 'actress'::text)", "Rows Removed by Filter": 11, "Actual Rows": 1}, {"Node Type": "Materialize", "Parent Relationship": "Inner", "Startup Cost": 0.0, "Total Cost": 76057.2, "Plan Rows": 96692, "Plan Width": 12, "Actual Min Startup Time": 390.156, "Actual Max Startup Time": 390.156, "Actual Min Total Time": 401.745, "Actual Max Total Time": 401.745, "Plans": [{"Node Type": "Streaming(type: LOCAL GATHER dop: 1/64)", "Parent Relationship": "Outer", "Startup Cost": 0.0, "Total Cost": 75815.47, "Plan Rows": 96692, "Plan Width": 12, "Actual Min Startup Time": 151.94, "Actual Max Startup Time": 151.94, "Actual Min Total Time": 375.144, "Actual Max Total Time": 375.144, "Plans": [{"Node Type": "Seq Scan", "Parent Relationship": "Outer", "Relation Name": "cast_info", "Alias": "ci", "Startup Cost": 0.0, "Total Cost": 73820.73, "Plan Rows": 96692, "Plan Width": 12, "Actual Min Startup Time": 0.034, "Actual Max Startup Time": 2.876, "Actual Min Total Time": 153.567, "Actual Max Total Time": 165.265, "Filter": "((note)::text = '(voice: English version)'::text)", "Rows Removed by Filter": 36151248, "Actual Rows": 93095}], "Actual Rows": 93095}], "Actual Rows": 93096}], "Actual Rows": 34848}, {"Node Type": "Index Scan", "Parent Relationship": "Inner", "Scan Direction": "Forward", "Index Name": "movie_id_movie_companies", "Relation Name": "movie_companies", "Alias": "mc", "Startup Cost": 0.0, "Total Cost": 1.35, "Plan Rows": 1, "Plan Width": 8, "Actual Min Startup Time": 124.111, "Actual Max Startup Time": 124.111, "Actual Min Total Time": 142.799, "Actual Max Total Time": 142.799, "Index Cond": "(movie_id = ci.movie_id)", "Rows Removed by Index Recheck": 0, "Filter": "(((note)::text ~~ '%(Japan)%'::text) AND ((note)::text !~~ '%(USA)%'::text))", "Rows Removed by Filter": 53432, "Actual Rows": 7532}], "Actual Rows": 7532}, {"Node Type": "Index Scan", "Parent Relationship": "Inner", "Scan Direction": "Forward", "Index Name": "company_name_pkey", "Relation Name": "company_name", "Alias": "cn", "Startup Cost": 0.0, "Total Cost": 0.64, "Plan Rows": 1, "Plan Width": 4, "Actual Min Startup Time": 26.522, "Actual Max Startup Time": 26.522, "Actual Min Total Time": 26.522, "Actual Max Total Time": 26.522, "Index Cond": "(id = mc.company_id)", "Rows Removed by Index Recheck": 0, "Filter": "((country_code)::text = '[jp]'::text)", "Rows Removed by Filter": 94, "Actual Rows": 7438}], "Actual Rows": 7438}, {"Node Type": "Index Scan", "Parent Relationship": "Inner", "Scan Direction": "Forward", "Index Name": "person_id_aka_name", "Relation Name": "aka_name", "Alias": "an1", "Startup Cost": 0.0, "Total Cost": 0.84, "Plan Rows": 1, "Plan Width": 20, "Actual Min Startup Time": 22.866, "Actual Max Startup Time": 22.866, "Actual Min Total Time": 29.837, "Actual Max Total Time": 29.837, "Index Cond": "(person_id = ci.person_id)", "Rows Removed by Index Recheck": 0, "Actual Rows": 17379}], "Actual Rows": 17379}, {"Node Type": "Index Scan", "Parent Relationship": "Inner", "Scan Direction": "Forward", "Index Name": "name_pkey", "Relation Name": "name", "Alias": "n1", "Startup Cost": 0.0, "Total Cost": 0.57, "Plan Rows": 1, "Plan Width": 4, "Actual Min Startup Time": 57.321, "Actual Max Startup Time": 57.321, "Actual Min Total Time": 57.321, "Actual Max Total Time": 57.321, "Index Cond": "(id = an1.person_id)", "Rows Removed by Index Recheck": 0, "Filter": "(((name)::text ~~ '%Yo%'::text) AND ((name)::text !~~ '%Yu%'::text))", "Rows Removed by Filter": 17317, "Actual Rows": 62}], "Actual Rows": 62}, {"Node Type": "Index Scan", "Parent Relationship": "Inner", "Scan Direction": "Forward", "Index Name": "title_pkey", "Relation Name": "title", "Alias": "t", "Startup Cost": 0.0, "Total Cost": 2.09, "Plan Rows": 1, "Plan Width": 21, "Actual Min Startup Time": 0.302, "Actual Max Startup Time": 0.302, "Actual Min Total Time": 0.302, "Actual Max Total Time": 0.302, "Index Cond": "(id = ci.movie_id)", "Rows Removed by Index Recheck": 0, "Actual Rows": 62}], "Actual Rows": 62}], "Actual Rows": 1}, "Triggers": [], "Planner Runtime": 7, "Total Runtime": 740.907, "Unique SQL Id": 3544391839}}, "(64, 53)": {"explain_plan": {"Plan": {"Node Type": "Aggregate", "Strategy": "Plain", "Startup Cost": 109007.69, "Total Cost": 109007.7, "Plan Rows": 1, "Plan Width": 97, "Plans": [{"Node Type": "Nested Loop", "Parent Relationship": "Outer", "Join Type": "Inner", "Startup Cost": 2780.8, "Total Cost": 109007.63, "Plan Rows": 12, "Plan Width": 33, "Inner Unique": true, "Plans": [{"Node Type": "Nested Loop", "Parent Relationship": "Outer", "Join Type": "Inner", "Startup Cost": 2780.8, "Total Cost": 108632.09, "Plan Rows": 645, "Plan Width": 41, "Inner Unique": false, "Plans": [{"Node Type": "Nested Loop", "Parent Relationship": "Outer", "Join Type": "Inner", "Startup Cost": 2780.8, "Total Cost": 108177.88, "Plan Rows": 532, "Plan Width": 21, "Inner Unique": false, "Join Filter": "(ci.role_id = rt.id)", "Plans": [{"Node Type": "Index Scan", "Parent Relationship": "Outer", "Scan Direction": "Forward", "Index Name": "role_type_pkey", "Relation Name": "role_type", "Alias": "rt", "Startup Cost": 0.0, "Total Cost": 12.46, "Plan Rows": 1, "Plan Width": 4, "Filter": "((role)::text = 'actress'::text)"}, {"Node Type": "Nested Loop", "Parent Relationship": "Inner", "Join Type": "Inner", "Startup Cost": 2780.8, "Total Cost": 108092.33, "Plan Rows": 5847, "Plan Width": 25, "Inner Unique": false, "Plans": [{"Node Type": "Nested Loop", "Parent Relationship": "Outer", "Join Type": "Inner", "Startup Cost": 2780.8, "Total Cost": 102349.74, "Plan Rows": 5775, "Plan Width": 25, "Inner Unique": true, "Plans": [{"Node Type": "Nested Loop", "Parent Relationship": "Outer", "Join Type": "Inner", "Startup Cost": 2780.8, "Total Cost": 79702.64, "Plan Rows": 5775, "Plan Width": 4, "Inner Unique": false, "Plans": [{"Node Type": "Bitmap Heap Scan", "Parent Relationship": "Outer", "Relation Name": "company_name", "Alias": "cn", "Startup Cost": 2780.8, "Total Cost": 8684.25, "Plan Rows": 6290, "Plan Width": 4, "Filter": "((country_code)::text = '[jp]'::text)", "Plans": [{"Node Type": "Bitmap Index Scan", "Parent Relationship": "Outer", "Index Name": "company_name_pkey", "Startup Cost": 0.0, "Total Cost": 2779.23, "Plan Rows": 234996, "Plan Width": 0}]}, {"Node Type": "Index Scan", "Parent Relationship": "Inner", "Scan Direction": "Forward", "Index Name": "company_id_movie_companies", "Relation Name": "movie_companies", "Alias": "mc", "Startup Cost": 0.0, "Total Cost": 11.28, "Plan Rows": 1, "Plan Width": 8, "Index Cond": "(company_id = cn.id)", "Filter": "(((note)::text ~~ '%(Japan)%'::text) AND ((note)::text !~~ '%(USA)%'::text))"}]}, {"Node Type": "Index Scan", "Parent Relationship": "Inner", "Scan Direction": "Forward", "Index Name": "title_pkey", "Relation Name": "title", "Alias": "t", "Startup Cost": 0.0, "Total Cost": 3.91, "Plan Rows": 1, "Plan Width": 21, "Index Cond": "(id = mc.movie_id)"}]}, {"Node Type": "Index Scan", "Parent Relationship": "Inner", "Scan Direction": "Forward", "Index Name": "movie_id_cast_info", "Relation Name": "cast_info", "Alias": "ci", "Startup Cost": 0.0, "Total Cost": 0.98, "Plan Rows": 1, "Plan Width": 12, "Index Cond": "(movie_id = t.id)", "Filter": "((note)::text = '(voice: English version)'::text)"}]}]}, {"Node Type": "Index Scan", "Parent Relationship": "Inner", "Scan Direction": "Forward", "Index Name": "person_id_aka_name", "Relation Name": "aka_name", "Alias": "an1", "Startup Cost": 0.0, "Total Cost": 0.84, "Plan Rows": 1, "Plan Width": 20, "Index Cond": "(person_id = ci.person_id)"}]}, {"Node Type": "Index Scan", "Parent Relationship": "Inner", "Scan Direction": "Forward", "Index Name": "name_pkey", "Relation Name": "name", "Alias": "n1", "Startup Cost": 0.0, "Total Cost": 0.57, "Plan Rows": 1, "Plan Width": 4, "Index Cond": "(id = an1.person_id)", "Filter": "(((name)::text ~~ '%Yo%'::text) AND ((name)::text !~~ '%Yu%'::text))"}]}]}, "Unique SQL Id": 3544391839, "Planner Runtime": 6}, "explain_analyze_plan": {"Plan": {"Node Type": "Aggregate", "Strategy": "Plain", "Startup Cost": 109007.69, "Total Cost": 109007.7, "Plan Rows": 1, "Plan Width": 97, "Actual Startup Time": 3922.823, "Actual Total Time": 3922.824, "Actual Rows": 1, "Actual Loops": 1, "Plans": [{"Node Type": "Nested Loop", "Parent Relationship": "Outer", "Join Type": "Inner", "Startup Cost": 2780.8, "Total Cost": 109007.63, "Plan Rows": 12, "Plan Width": 33, "Actual Startup Time": 314.814, "Actual Total Time": 3922.514, "Actual Rows": 62, "Actual Loops": 1, "Inner Unique": true, "Plans": [{"Node Type": "Nested Loop", "Parent Relationship": "Outer", "Join Type": "Inner", "Startup Cost": 2780.8, "Total Cost": 108632.09, "Plan Rows": 645, "Plan Width": 41, "Actual Startup Time": 22.215, "Actual Total Time": 3845.016, "Actual Rows": 17379, "Actual Loops": 1, "Inner Unique": false, "Plans": [{"Node Type": "Nested Loop", "Parent Relationship": "Outer", "Join Type": "Inner", "Startup Cost": 2780.8, "Total Cost": 108177.88, "Plan Rows": 532, "Plan Width": 21, "Actual Startup Time": 22.197, "Actual Total Time": 3792.598, "Actual Rows": 7438, "Actual Loops": 1, "Inner Unique": false, "Join Filter": "(ci.role_id = rt.id)", "Rows Removed by Join Filter": 12162, "Plans": [{"Node Type": "Index Scan", "Parent Relationship": "Outer", "Scan Direction": "Forward", "Index Name": "role_type_pkey", "Relation Name": "role_type", "Alias": "rt", "Startup Cost": 0.0, "Total Cost": 12.46, "Plan Rows": 1, "Plan Width": 4, "Actual Startup Time": 0.042, "Actual Total Time": 0.056, "Actual Rows": 1, "Actual Loops": 1, "Filter": "((role)::text = 'actress'::text)", "Rows Removed by Filter": 11}, {"Node Type": "Nested Loop", "Parent Relationship": "Inner", "Join Type": "Inner", "Startup Cost": 2780.8, "Total Cost": 108092.33, "Plan Rows": 5847, "Plan Width": 25, "Actual Startup Time": 22.147, "Actual Total Time": 3787.147, "Actual Rows": 19600, "Actual Loops": 1, "Inner Unique": false, "Plans": [{"Node Type": "Nested Loop", "Parent Relationship": "Outer", "Join Type": "Inner", "Startup Cost": 2780.8, "Total Cost": 102349.74, "Plan Rows": 5775, "Plan Width": 25, "Actual Startup Time": 22.063, "Actual Total Time": 716.483, "Actual Rows": 48328, "Actual Loops": 1, "Inner Unique": true, "Plans": [{"Node Type": "Nested Loop", "Parent Relationship": "Outer", "Join Type": "Inner", "Startup Cost": 2780.8, "Total Cost": 79702.64, "Plan Rows": 5775, "Plan Width": 4, "Actual Startup Time": 22.045, "Actual Total Time": 388.074, "Actual Rows": 48328, "Actual Loops": 1, "Inner Unique": false, "Plans": [{"Node Type": "Bitmap Heap Scan", "Parent Relationship": "Outer", "Relation Name": "company_name", "Alias": "cn", "Startup Cost": 2780.8, "Total Cost": 8684.25, "Plan Rows": 6290, "Plan Width": 4, "Actual Startup Time": 21.999, "Actual Total Time": 147.353, "Actual Rows": 6752, "Actual Loops": 1, "Filter": "((country_code)::text = '[jp]'::text)", "Rows Removed by Filter": 228244, "Exact Heap Blocks": 2966, "Lossy Heap Blocks": 2966, "Plans": [{"Node Type": "Bitmap Index Scan", "Parent Relationship": "Outer", "Index Name": "company_name_pkey", "Startup Cost": 0.0, "Total Cost": 2779.23, "Plan Rows": 234996, "Plan Width": 0, "Actual Startup Time": 21.525, "Actual Total Time": 21.525, "Actual Rows": 234996, "Actual Loops": 1}]}, {"Node Type": "Index Scan", "Parent Relationship": "Inner", "Scan Direction": "Forward", "Index Name": "company_id_movie_companies", "Relation Name": "movie_companies", "Alias": "mc", "Startup Cost": 0.0, "Total Cost": 11.28, "Plan Rows": 1, "Plan Width": 8, "Actual Startup Time": 62.414, "Actual Total Time": 224.565, "Actual Rows": 48328, "Actual Loops": 6752, "Index Cond": "(company_id = cn.id)", "Rows Removed by Index Recheck": 0, "Filter": "(((note)::text ~~ '%(Japan)%'::text) AND ((note)::text !~~ '%(USA)%'::text))", "Rows Removed by Filter": 56667}]}, {"Node Type": "Index Scan", "Parent Relationship": "Inner", "Scan Direction": "Forward", "Index Name": "title_pkey", "Relation Name": "title", "Alias": "t", "Startup Cost": 0.0, "Total Cost": 3.91, "Plan Rows": 1, "Plan Width": 21, "Actual Startup Time": 286.311, "Actual Total Time": 286.311, "Actual Rows": 48328, "Actual Loops": 48328, "Index Cond": "(id = mc.movie_id)", "Rows Removed by Index Recheck": 0}]}, {"Node Type": "Index Scan", "Parent Relationship": "Inner", "Scan Direction": "Forward", "Index Name": "movie_id_cast_info", "Relation Name": "cast_info", "Alias": "ci", "Startup Cost": 0.0, "Total Cost": 0.98, "Plan Rows": 1, "Plan Width": 12, "Actual Startup Time": 2903.218, "Actual Total Time": 3038.314, "Actual Rows": 19600, "Actual Loops": 48328, "Index Cond": "(movie_id = t.id)", "Rows Removed by Index Recheck": 0, "Filter": "((note)::text = '(voice: English version)'::text)", "Rows Removed by Filter": 1531710}]}]}, {"Node Type": "Index Scan", "Parent Relationship": "Inner", "Scan Direction": "Forward", "Index Name": "person_id_aka_name", "Relation Name": "aka_name", "Alias": "an1", "Startup Cost": 0.0, "Total Cost": 0.84, "Plan Rows": 1, "Plan Width": 20, "Actual Startup Time": 34.881, "Actual Total Time": 43.41, "Actual Rows": 17379, "Actual Loops": 7438, "Index Cond": "(person_id = ci.person_id)", "Rows Removed by Index Recheck": 0}]}, {"Node Type": "Index Scan", "Parent Relationship": "Inner", "Scan Direction": "Forward", "Index Name": "name_pkey", "Relation Name": "name", "Alias": "n1", "Startup Cost": 0.0, "Total Cost": 0.57, "Plan Rows": 1, "Plan Width": 4, "Actual Startup Time": 68.589, "Actual Total Time": 68.589, "Actual Rows": 62, "Actual Loops": 17379, "Index Cond": "(id = an1.person_id)", "Rows Removed by Index Recheck": 0, "Filter": "(((name)::text ~~ '%Yo%'::text) AND ((name)::text !~~ '%Yu%'::text))", "Rows Removed by Filter": 17317}]}]}, "Triggers": [], "Planner Runtime": 6, "Total Runtime": 3923.255, "Unique SQL Id": 3544391839}}, "(64, 54)": {"explain_plan": {"Plan": {"Node Type": "Aggregate", "Strategy": "Plain", "Startup Cost": 131407.59, "Total Cost": 131407.6, "Plan Rows": 1, "Plan Width": 97, "Plans": [{"Node Type": "Nested Loop", "Parent Relationship": "Outer", "Join Type": "Inner", "Startup Cost": 2.89, "Total Cost": 131407.53, "Plan Rows": 12, "Plan Width": 33, "Inner Unique": true, "Plans": [{"Node Type": "Nested Loop", "Parent Relationship": "Outer", "Join Type": "Inner", "Startup Cost": 2.25, "Total Cost": 131351.58, "Plan Rows": 12, "Plan Width": 24, "Inner Unique": false, "Join Filter": "(n1.id = an1.person_id)", "Plans": [{"Node Type": "Nested Loop", "Parent Relationship": "Outer", "Join Type": "Inner", "Startup Cost": 1.87, "Total Cost": 131007.92, "Plan Rows": 78, "Plan Width": 16, "Inner Unique": true, "Plans": [{"Node Type": "Nested Loop", "Parent Relationship": "Outer", "Join Type": "Inner", "Startup Cost": 1.56, "Total Cost": 126443.17, "Plan Rows": 1055, "Plan Width": 20, "Inner Unique": false, "Plans": [{"Node Type": "Nested Loop", "Parent Relationship": "Outer", "Join Type": "Inner", "Startup Cost": 0.9, "Total Cost": 120357.96, "Plan Rows": 1293, "Plan Width": 12, "Inner Unique": true, "Plans": [{"Node Type": "Nested Loop", "Parent Relationship": "Outer", "Join Type": "Inner", "Startup Cost": 0.0, "Total Cost": 77025.27, "Plan Rows": 8790, "Plan Width": 8, "Inner Unique": false, "Join Filter": "(ci.role_id = rt.id)", "Plans": [{"Node Type": "Seq Scan", "Parent Relationship": "Outer", "Relation Name": "role_type", "Alias": "rt", "Startup Cost": 0.0, "Total Cost": 1.15, "Plan Rows": 1, "Plan Width": 4, "Filter": "((role)::text = 'actress'::text)"}, {"Node Type": "Materialize", "Parent Relationship": "Inner", "Startup Cost": 0.0, "Total Cost": 76057.2, "Plan Rows": 96692, "Plan Width": 12, "Plans": [{"Node Type": "Streaming(type: LOCAL GATHER dop: 1/64)", "Parent Relationship": "Outer", "Startup Cost": 0.0, "Total Cost": 75815.47, "Plan Rows": 96692, "Plan Width": 12, "Plans": [{"Node Type": "Seq Scan", "Parent Relationship": "Outer", "Relation Name": "cast_info", "Alias": "ci", "Startup Cost": 0.0, "Total Cost": 73820.73, "Plan Rows": 96692, "Plan Width": 12, "Filter": "((note)::text = '(voice: English version)'::text)"}]}]}]}, {"Node Type": "Bitmap Heap Scan", "Parent Relationship": "Inner", "Relation Name": "name", "Alias": "n1", "Startup Cost": 0.9, "Total Cost": 4.92, "Plan Rows": 1, "Plan Width": 4, "Recheck Cond": "(id = ci.person_id)", "Filter": "(((name)::text ~~ '%Yo%'::text) AND ((name)::text !~~ '%Yu%'::text))", "Plans": [{"Node Type": "Bitmap Index Scan", "Parent Relationship": "Outer", "Index Name": "name_pkey", "Startup Cost": 0.0, "Total Cost": 0.9, "Plan Rows": 1, "Plan Width": 0, "Index Cond": "(id = ci.person_id)"}]}]}, {"Node Type": "Bitmap Heap Scan", "Parent Relationship": "Inner", "Relation Name": "movie_companies", "Alias": "mc", "Startup Cost": 0.66, "Total Cost": 4.7, "Plan Rows": 1, "Plan Width": 8, "Recheck Cond": "(movie_id = ci.movie_id)", "Filter": "(((note)::text ~~ '%(Japan)%'::text) AND ((note)::text !~~ '%(USA)%'::text))", "Plans": [{"Node Type": "Bitmap Index Scan", "Parent Relationship": "Outer", "Index Name": "movie_id_movie_companies", "Startup Cost": 0.0, "Total Cost": 0.66, "Plan Rows": 2, "Plan Width": 0, "Index Cond": "(movie_id = ci.movie_id)"}]}]}, {"Node Type": "Bitmap Heap Scan", "Parent Relationship": "Inner", "Relation Name": "company_name", "Alias": "cn", "Startup Cost": 0.3, "Total Cost": 4.32, "Plan Rows": 1, "Plan Width": 4, "Recheck Cond": "(id = mc.company_id)", "Filter": "((country_code)::text = '[jp]'::text)", "Plans": [{"Node Type": "Bitmap Index Scan", "Parent Relationship": "Outer", "Index Name": "company_name_pkey", "Startup Cost": 0.0, "Total Cost": 0.3, "Plan Rows": 1, "Plan Width": 0, "Index Cond": "(id = mc.company_id)"}]}]}, {"Node Type": "Bitmap Heap Scan", "Parent Relationship": "Inner", "Relation Name": "aka_name", "Alias": "an1", "Startup Cost": 0.38, "Total Cost": 4.39, "Plan Rows": 1, "Plan Width": 20, "Recheck Cond": "(person_id = ci.person_id)", "Plans": [{"Node Type": "Bitmap Index Scan", "Parent Relationship": "Outer", "Index Name": "person_id_aka_name", "Startup Cost": 0.0, "Total Cost": 0.38, "Plan Rows": 1, "Plan Width": 0, "Index Cond": "(person_id = ci.person_id)"}]}]}, {"Node Type": "Bitmap Heap Scan", "Parent Relationship": "Inner", "Relation Name": "title", "Alias": "t", "Startup Cost": 0.64, "Total Cost": 4.65, "Plan Rows": 1, "Plan Width": 21, "Recheck Cond": "(id = ci.movie_id)", "Plans": [{"Node Type": "Bitmap Index Scan", "Parent Relationship": "Outer", "Index Name": "title_pkey", "Startup Cost": 0.0, "Total Cost": 0.64, "Plan Rows": 1, "Plan Width": 0, "Index Cond": "(id = ci.movie_id)"}]}]}]}, "Unique SQL Id": 3544391839, "Planner Runtime": 16}, "explain_analyze_plan": {"Plan": {"Node Type": "Aggregate", "Strategy": "Plain", "Startup Cost": 131407.59, "Total Cost": 131407.6, "Plan Rows": 1, "Plan Width": 97, "Actual Min Startup Time": 568.71, "Actual Max Startup Time": 568.71, "Actual Min Total Time": 568.71, "Actual Max Total Time": 568.71, "Plans": [{"Node Type": "Nested Loop", "Parent Relationship": "Outer", "Join Type": "Inner", "Startup Cost": 2.89, "Total Cost": 131407.53, "Plan Rows": 12, "Plan Width": 33, "Actual Min Startup Time": 383.958, "Actual Max Startup Time": 383.958, "Actual Min Total Time": 568.621, "Actual Max Total Time": 568.621, "Inner Unique": true, "Plans": [{"Node Type": "Nested Loop", "Parent Relationship": "Outer", "Join Type": "Inner", "Startup Cost": 2.25, "Total Cost": 131351.58, "Plan Rows": 12, "Plan Width": 24, "Actual Min Startup Time": 383.922, "Actual Max Startup Time": 383.922, "Actual Min Total Time": 568.103, "Actual Max Total Time": 568.103, "Inner Unique": false, "Join Filter": "(n1.id = an1.person_id)", "Rows Removed by Join Filter": 0, "Plans": [{"Node Type": "Nested Loop", "Parent Relationship": "Outer", "Join Type": "Inner", "Startup Cost": 1.87, "Total Cost": 131007.92, "Plan Rows": 78, "Plan Width": 16, "Actual Min Startup Time": 383.885, "Actual Max Startup Time": 383.885, "Actual Min Total Time": 567.792, "Actual Max Total Time": 567.792, "Inner Unique": true, "Plans": [{"Node Type": "Nested Loop", "Parent Relationship": "Outer", "Join Type": "Inner", "Startup Cost": 1.56, "Total Cost": 126443.17, "Plan Rows": 1055, "Plan Width": 20, "Actual Min Startup Time": 383.861, "Actual Max Startup Time": 383.861, "Actual Min Total Time": 567.428, "Actual Max Total Time": 567.428, "Inner Unique": false, "Plans": [{"Node Type": "Nested Loop", "Parent Relationship": "Outer", "Join Type": "Inner", "Startup Cost": 0.9, "Total Cost": 120357.96, "Plan Rows": 1293, "Plan Width": 12, "Actual Min Startup Time": 383.797, "Actual Max Startup Time": 383.797, "Actual Min Total Time": 564.882, "Actual Max Total Time": 564.882, "Inner Unique": true, "Plans": [{"Node Type": "Nested Loop", "Parent Relationship": "Outer", "Join Type": "Inner", "Startup Cost": 0.0, "Total Cost": 77025.27, "Plan Rows": 8790, "Plan Width": 8, "Actual Min Startup Time": 339.787, "Actual Max Startup Time": 339.787, "Actual Min Total Time": 376.432, "Actual Max Total Time": 376.432, "Inner Unique": false, "Join Filter": "(ci.role_id = rt.id)", "Rows Removed by Join Filter": 58247, "Plans": [{"Node Type": "Seq Scan", "Parent Relationship": "Outer", "Relation Name": "role_type", "Alias": "rt", "Startup Cost": 0.0, "Total Cost": 1.15, "Plan Rows": 1, "Plan Width": 4, "Actual Min Startup Time": 0.051, "Actual Max Startup Time": 0.051, "Actual Min Total Time": 0.058, "Actual Max Total Time": 0.058, "Filter": "((role)::text = 'actress'::text)", "Rows Removed by Filter": 11, "Actual Rows": 1}, {"Node Type": "Materialize", "Parent Relationship": "Inner", "Startup Cost": 0.0, "Total Cost": 76057.2, "Plan Rows": 96692, "Plan Width": 12, "Actual Min Startup Time": 337.627, "Actual Max Startup Time": 337.627, "Actual Min Total Time": 349.912, "Actual Max Total Time": 349.912, "Plans": [{"Node Type": "Streaming(type: LOCAL GATHER dop: 1/64)", "Parent Relationship": "Outer", "Startup Cost": 0.0, "Total Cost": 75815.47, "Plan Rows": 96692, "Plan Width": 12, "Actual Min Startup Time": 108.986, "Actual Max Startup Time": 108.986, "Actual Min Total Time": 322.779, "Actual Max Total Time": 322.779, "Plans": [{"Node Type": "Seq Scan", "Parent Relationship": "Outer", "Relation Name": "cast_info", "Alias": "ci", "Startup Cost": 0.0, "Total Cost": 73820.73, "Plan Rows": 96692, "Plan Width": 12, "Actual Min Startup Time": 0.042, "Actual Max Startup Time": 2.894, "Actual Min Total Time": 153.308, "Actual Max Total Time": 161.862, "Filter": "((note)::text = '(voice: English version)'::text)", "Rows Removed by Filter": 36151248, "Actual Rows": 93095}], "Actual Rows": 93095}], "Actual Rows": 93096}], "Actual Rows": 34848}, {"Node Type": "Bitmap Heap Scan", "Parent Relationship": "Inner", "Relation Name": "name", "Alias": "n1", "Startup Cost": 0.9, "Total Cost": 4.92, "Plan Rows": 1, "Plan Width": 4, "Actual Min Startup Time": 149.412, "Actual Max Startup Time": 149.412, "Actual Min Total Time": 149.412, "Actual Max Total Time": 149.412, "Recheck Cond": "(id = ci.person_id)", "Rows Removed by Index Recheck": 0, "Filter": "(((name)::text ~~ '%Yo%'::text) AND ((name)::text !~~ '%Yu%'::text))", "Rows Removed by Filter": 34454, "Exact Heap Blocks": 34848, "Lossy Heap Blocks": 34848, "Plans": [{"Node Type": "Bitmap Index Scan", "Parent Relationship": "Outer", "Index Name": "name_pkey", "Startup Cost": 0.0, "Total Cost": 0.9, "Plan Rows": 1, "Plan Width": 0, "Actual Min Startup Time": 85.618, "Actual Max Startup Time": 85.618, "Actual Min Total Time": 85.618, "Actual Max Total Time": 85.618, "Index Cond": "(id = ci.person_id)", "Actual Rows": 34848}], "Actual Rows": 394}], "Actual Rows": 394}, {"Node Type": "Bitmap Heap Scan", "Parent Relationship": "Inner", "Relation Name": "movie_companies", "Alias": "mc", "Startup Cost": 0.66, "Total Cost": 4.7, "Plan Rows": 1, "Plan Width": 8, "Actual Min Startup Time": 1.983, "Actual Max Startup Time": 1.983, "Actual Min Total Time": 2.086, "Actual Max Total Time": 2.086, "Recheck Cond": "(movie_id = ci.movie_id)", "Rows Removed by Index Recheck": 0, "Filter": "(((note)::text ~~ '%(Japan)%'::text) AND ((note)::text !~~ '%(USA)%'::text))", "Rows Removed by Filter": 511, "Exact Heap Blocks": 237, "Lossy Heap Blocks": 237, "Plans": [{"Node Type": "Bitmap Index Scan", "Parent Relationship": "Outer", "Index Name": "movie_id_movie_companies", "Startup Cost": 0.0, "Total Cost": 0.66, "Plan Rows": 2, "Plan Width": 0, "Actual Min Startup Time": 1.212, "Actual Max Startup Time": 1.212, "Actual Min Total Time": 1.212, "Actual Max Total Time": 1.212, "Index Cond": "(movie_id = ci.movie_id)", "Actual Rows": 550}], "Actual Rows": 39}], "Actual Rows": 39}, {"Node Type": "Bitmap Heap Scan", "Parent Relationship": "Inner", "Relation Name": "company_name", "Alias": "cn", "Startup Cost": 0.3, "Total Cost": 4.32, "Plan Rows": 1, "Plan Width": 4, "Actual Min Startup Time": 0.302, "Actual Max Startup Time": 0.302, "Actual Min Total Time": 0.302, "Actual Max Total Time": 0.302, "Recheck Cond": "(id = mc.company_id)", "Rows Removed by Index Recheck": 0, "Filter": "((country_code)::text = '[jp]'::text)", "Rows Removed by Filter": 1, "Exact Heap Blocks": 39, "Lossy Heap Blocks": 39, "Plans": [{"Node Type": "Bitmap Index Scan", "Parent Relationship": "Outer", "Index Name": "company_name_pkey", "Startup Cost": 0.0, "Total Cost": 0.3, "Plan Rows": 1, "Plan Width": 0, "Actual Min Startup Time": 0.163, "Actual Max Startup Time": 0.163, "Actual Min Total Time": 0.163, "Actual Max Total Time": 0.163, "Index Cond": "(id = mc.company_id)", "Actual Rows": 39}], "Actual Rows": 38}], "Actual Rows": 38}, {"Node Type": "Bitmap Heap Scan", "Parent Relationship": "Inner", "Relation Name": "aka_name", "Alias": "an1", "Startup Cost": 0.38, "Total Cost": 4.39, "Plan Rows": 1, "Plan Width": 20, "Actual Min Startup Time": 0.207, "Actual Max Startup Time": 0.207, "Actual Min Total Time": 0.223, "Actual Max Total Time": 0.223, "Recheck Cond": "(person_id = ci.person_id)", "Rows Removed by Index Recheck": 0, "Exact Heap Blocks": 43, "Lossy Heap Blocks": 43, "Plans": [{"Node Type": "Bitmap Index Scan", "Parent Relationship": "Outer", "Index Name": "person_id_aka_name", "Startup Cost": 0.0, "Total Cost": 0.38, "Plan Rows": 1, "Plan Width": 0, "Actual Min Startup Time": 0.132, "Actual Max Startup Time": 0.132, "Actual Min Total Time": 0.132, "Actual Max Total Time": 0.132, "Index Cond": "(person_id = ci.person_id)", "Actual Rows": 62}], "Actual Rows": 62}], "Actual Rows": 62}, {"Node Type": "Bitmap Heap Scan", "Parent Relationship": "Inner", "Relation Name": "title", "Alias": "t", "Startup Cost": 0.64, "Total Cost": 4.65, "Plan Rows": 1, "Plan Width": 21, "Actual Min Startup Time": 0.404, "Actual Max Startup Time": 0.404, "Actual Min Total Time": 0.404, "Actual Max Total Time": 0.404, "Recheck Cond": "(id = ci.movie_id)", "Rows Removed by Index Recheck": 0, "Exact Heap Blocks": 62, "Lossy Heap Blocks": 62, "Plans": [{"Node Type": "Bitmap Index Scan", "Parent Relationship": "Outer", "Index Name": "title_pkey", "Startup Cost": 0.0, "Total Cost": 0.64, "Plan Rows": 1, "Plan Width": 0, "Actual Min Startup Time": 0.236, "Actual Max Startup Time": 0.236, "Actual Min Total Time": 0.236, "Actual Max Total Time": 0.236, "Index Cond": "(id = ci.movie_id)", "Actual Rows": 62}], "Actual Rows": 62}], "Actual Rows": 62}], "Actual Rows": 1}, "Triggers": [], "Planner Runtime": 16, "Total Runtime": 581.526, "Unique SQL Id": 3544391839}}, "(64, 55)": {"explain_plan": {"Plan": {"Node Type": "Aggregate", "Strategy": "Plain", "Startup Cost": 166618.15, "Total Cost": 166618.16, "Plan Rows": 1, "Plan Width": 97, "Plans": [{"Node Type": "Nested Loop", "Parent Relationship": "Outer", "Join Type": "Inner", "Startup Cost": 2795.56, "Total Cost": 166618.09, "Plan Rows": 12, "Plan Width": 33, "Inner Unique": false, "Join Filter": "(n1.id = an1.person_id)", "Plans": [{"Node Type": "Nested Loop", "Parent Relationship": "Outer", "Join Type": "Inner", "Startup Cost": 2795.18, "Total Cost": 166274.44, "Plan Rows": 78, "Plan Width": 25, "Inner Unique": true, "Plans": [{"Node Type": "Nested Loop", "Parent Relationship": "Outer", "Join Type": "Inner", "Startup Cost": 2794.28, "Total Cost": 163651.8, "Plan Rows": 532, "Plan Width": 21, "Inner Unique": false, "Join Filter": "(ci.role_id = rt.id)", "Plans": [{"Node Type": "Bitmap Heap Scan", "Parent Relationship": "Outer", "Relation Name": "role_type", "Alias": "rt", "Startup Cost": 8.31, "Total Cost": 12.46, "Plan Rows": 1, "Plan Width": 4, "Filter": "((role)::text = 'actress'::text)", "Plans": [{"Node Type": "Bitmap Index Scan", "Parent Relationship": "Outer", "Index Name": "role_type_pkey", "Startup Cost": 0.0, "Total Cost": 8.31, "Plan Rows": 12, "Plan Width": 0}]}, {"Node Type": "Nested Loop", "Parent Relationship": "Inner", "Join Type": "Inner", "Startup Cost": 2785.97, "Total Cost": 163566.25, "Plan Rows": 5847, "Plan Width": 25, "Inner Unique": false, "Plans": [{"Node Type": "Nested Loop", "Parent Relationship": "Outer", "Join Type": "Inner", "Startup Cost": 2785.45, "Total Cost": 136908.44, "Plan Rows": 5775, "Plan Width": 25, "Inner Unique": true, "Plans": [{"Node Type": "Nested Loop", "Parent Relationship": "Outer", "Join Type": "Inner", "Startup Cost": 2784.18, "Total Cost": 106322.09, "Plan Rows": 5775, "Plan Width": 4, "Inner Unique": false, "Plans": [{"Node Type": "Bitmap Heap Scan", "Parent Relationship": "Outer", "Relation Name": "company_name", "Alias": "cn", "Startup Cost": 2780.8, "Total Cost": 8684.25, "Plan Rows": 6290, "Plan Width": 4, "Filter": "((country_code)::text = '[jp]'::text)", "Plans": [{"Node Type": "Bitmap Index Scan", "Parent Relationship": "Outer", "Index Name": "company_name_pkey", "Startup Cost": 0.0, "Total Cost": 2779.23, "Plan Rows": 234996, "Plan Width": 0}]}, {"Node Type": "Bitmap Heap Scan", "Parent Relationship": "Inner", "Relation Name": "movie_companies", "Alias": "mc", "Startup Cost": 3.37, "Total Cost": 15.51, "Plan Rows": 1, "Plan Width": 8, "Recheck Cond": "(company_id = cn.id)", "Filter": "(((note)::text ~~ '%(Japan)%'::text) AND ((note)::text !~~ '%(USA)%'::text))", "Plans": [{"Node Type": "Bitmap Index Scan", "Parent Relationship": "Outer", "Index Name": "company_id_movie_companies", "Startup Cost": 0.0, "Total Cost": 3.37, "Plan Rows": 15, "Plan Width": 0, "Index Cond": "(company_id = cn.id)"}]}]}, {"Node Type": "Bitmap Heap Scan", "Parent Relationship": "Inner", "Relation Name": "title", "Alias": "t", "Startup Cost": 1.27, "Total Cost": 5.29, "Plan Rows": 1, "Plan Width": 21, "Recheck Cond": "(id = mc.movie_id)", "Plans": [{"Node Type": "Bitmap Index Scan", "Parent Relationship": "Outer", "Index Name": "title_pkey", "Startup Cost": 0.0, "Total Cost": 1.27, "Plan Rows": 1, "Plan Width": 0, "Index Cond": "(id = mc.movie_id)"}]}]}, {"Node Type": "Bitmap Heap Scan", "Parent Relationship": "Inner", "Relation Name": "cast_info", "Alias": "ci", "Startup Cost": 0.52, "Total Cost": 4.61, "Plan Rows": 1, "Plan Width": 12, "Recheck Cond": "(movie_id = t.id)", "Filter": "((note)::text = '(voice: English version)'::text)", "Plans": [{"Node Type": "Bitmap Index Scan", "Parent Relationship": "Outer", "Index Name": "movie_id_cast_info", "Startup Cost": 0.0, "Total Cost": 0.52, "Plan Rows": 6, "Plan Width": 0, "Index Cond": "(movie_id = t.id)"}]}]}]}, {"Node Type": "Bitmap Heap Scan", "Parent Relationship": "Inner", "Relation Name": "name", "Alias": "n1", "Startup Cost": 0.9, "Total Cost": 4.92, "Plan Rows": 1, "Plan Width": 4, "Recheck Cond": "(id = ci.person_id)", "Filter": "(((name)::text ~~ '%Yo%'::text) AND ((name)::text !~~ '%Yu%'::text))", "Plans": [{"Node Type": "Bitmap Index Scan", "Parent Relationship": "Outer", "Index Name": "name_pkey", "Startup Cost": 0.0, "Total Cost": 0.9, "Plan Rows": 1, "Plan Width": 0, "Index Cond": "(id = ci.person_id)"}]}]}, {"Node Type": "Bitmap Heap Scan", "Parent Relationship": "Inner", "Relation Name": "aka_name", "Alias": "an1", "Startup Cost": 0.38, "Total Cost": 4.39, "Plan Rows": 1, "Plan Width": 20, "Recheck Cond": "(person_id = ci.person_id)", "Plans": [{"Node Type": "Bitmap Index Scan", "Parent Relationship": "Outer", "Index Name": "person_id_aka_name", "Startup Cost": 0.0, "Total Cost": 0.38, "Plan Rows": 1, "Plan Width": 0, "Index Cond": "(person_id = ci.person_id)"}]}]}]}, "Unique SQL Id": 3544391839, "Planner Runtime": 8}, "explain_analyze_plan": {"Plan": {"Node Type": "Aggregate", "Strategy": "Plain", "Startup Cost": 166618.15, "Total Cost": 166618.16, "Plan Rows": 1, "Plan Width": 97, "Actual Startup Time": 4635.618, "Actual Total Time": 4635.618, "Actual Rows": 1, "Actual Loops": 1, "Plans": [{"Node Type": "Nested Loop", "Parent Relationship": "Outer", "Join Type": "Inner", "Startup Cost": 2795.56, "Total Cost": 166618.09, "Plan Rows": 12, "Plan Width": 33, "Actual Startup Time": 357.9, "Actual Total Time": 4635.287, "Actual Rows": 62, "Actual Loops": 1, "Inner Unique": false, "Join Filter": "(n1.id = an1.person_id)", "Rows Removed by Join Filter": 0, "Plans": [{"Node Type": "Nested Loop", "Parent Relationship": "Outer", "Join Type": "Inner", "Startup Cost": 2795.18, "Total Cost": 166274.44, "Plan Rows": 78, "Plan Width": 25, "Actual Startup Time": 357.85, "Actual Total Time": 4634.45, "Actual Rows": 38, "Actual Loops": 1, "Inner Unique": true, "Plans": [{"Node Type": "Nested Loop", "Parent Relationship": "Outer", "Join Type": "Inner", "Startup Cost": 2794.28, "Total Cost": 163651.8, "Plan Rows": 532, "Plan Width": 21, "Actual Startup Time": 23.596, "Actual Total Time": 4573.458, "Actual Rows": 7438, "Actual Loops": 1, "Inner Unique": false, "Join Filter": "(ci.role_id = rt.id)", "Rows Removed by Join Filter": 12162, "Plans": [{"Node Type": "Bitmap Heap Scan", "Parent Relationship": "Outer", "Relation Name": "role_type", "Alias": "rt", "Startup Cost": 8.31, "Total Cost": 12.46, "Plan Rows": 1, "Plan Width": 4, "Actual Startup Time": 0.036, "Actual Total Time": 0.047, "Actual Rows": 1, "Actual Loops": 1, "Filter": "((role)::text = 'actress'::text)", "Rows Removed by Filter": 11, "Exact Heap Blocks": 1, "Lossy Heap Blocks": 1, "Plans": [{"Node Type": "Bitmap Index Scan", "Parent Relationship": "Outer", "Index Name": "role_type_pkey", "Startup Cost": 0.0, "Total Cost": 8.31, "Plan Rows": 12, "Plan Width": 0, "Actual Startup Time": 0.012, "Actual Total Time": 0.012, "Actual Rows": 12, "Actual Loops": 1}]}, {"Node Type": "Nested Loop", "Parent Relationship": "Inner", "Join Type": "Inner", "Startup Cost": 2785.97, "Total Cost": 163566.25, "Plan Rows": 5847, "Plan Width": 25, "Actual Startup Time": 23.553, "Actual Total Time": 4567.856, "Actual Rows": 19600, "Actual Loops": 1, "Inner Unique": false, "Plans": [{"Node Type": "Nested Loop", "Parent Relationship": "Outer", "Join Type": "Inner", "Startup Cost": 2785.45, "Total Cost": 136908.44, "Plan Rows": 5775, "Plan Width": 25, "Actual Startup Time": 23.457, "Actual Total Time": 851.295, "Actual Rows": 48328, "Actual Loops": 1, "Inner Unique": true, "Plans": [{"Node Type": "Nested Loop", "Parent Relationship": "Outer", "Join Type": "Inner", "Startup Cost": 2784.18, "Total Cost": 106322.09, "Plan Rows": 5775, "Plan Width": 4, "Actual Startup Time": 23.437, "Actual Total Time": 432.916, "Actual Rows": 48328, "Actual Loops": 1, "Inner Unique": false, "Plans": [{"Node Type": "Bitmap Heap Scan", "Parent Relationship": "Outer", "Relation Name": "company_name", "Alias": "cn", "Startup Cost": 2780.8, "Total Cost": 8684.25, "Plan Rows": 6290, "Plan Width": 4, "Actual Startup Time": 23.37, "Actual Total Time": 149.455, "Actual Rows": 6752, "Actual Loops": 1, "Filter": "((country_code)::text = '[jp]'::text)", "Rows Removed by Filter": 228244, "Exact Heap Blocks": 2966, "Lossy Heap Blocks": 2966, "Plans": [{"Node Type": "Bitmap Index Scan", "Parent Relationship": "Outer", "Index Name": "company_name_pkey", "Startup Cost": 0.0, "Total Cost": 2779.23, "Plan Rows": 234996, "Plan Width": 0, "Actual Startup Time": 22.886, "Actual Total Time": 22.886, "Actual Rows": 234996, "Actual Loops": 1}]}, {"Node Type": "Bitmap Heap Scan", "Parent Relationship": "Inner", "Relation Name": "movie_companies", "Alias": "mc", "Startup Cost": 3.37, "Total Cost": 15.51, "Plan Rows": 1, "Plan Width": 8, "Actual Startup Time": 94.122, "Actual Total Time": 260.989, "Actual Rows": 48328, "Actual Loops": 6752, "Recheck Cond": "(company_id = cn.id)", "Rows Removed by Index Recheck": 0, "Filter": "(((note)::text ~~ '%(Japan)%'::text) AND ((note)::text !~~ '%(USA)%'::text))", "Rows Removed by Filter": 56667, "Exact Heap Blocks": 61861, "Lossy Heap Blocks": 61861, "Plans": [{"Node Type": "Bitmap Index Scan", "Parent Relationship": "Outer", "Index Name": "company_id_movie_companies", "Startup Cost": 0.0, "Total Cost": 3.37, "Plan Rows": 15, "Plan Width": 0, "Actual Startup Time": 49.399, "Actual Total Time": 49.399, "Actual Rows": 104995, "Actual Loops": 6752, "Index Cond": "(company_id = cn.id)"}]}]}, {"Node Type": "Bitmap Heap Scan", "Parent Relationship": "Inner", "Relation Name": "title", "Alias": "t", "Startup Cost": 1.27, "Total Cost": 5.29, "Plan Rows": 1, "Plan Width": 21, "Actual Startup Time": 341.617, "Actual Total Time": 341.617, "Actual Rows": 48328, "Actual Loops": 48328, "Recheck Cond": "(id = mc.movie_id)", "Rows Removed by Index Recheck": 0, "Exact Heap Blocks": 48328, "Lossy Heap Blocks": 48328, "Plans": [{"Node Type": "Bitmap Index Scan", "Parent Relationship": "Outer", "Index Name": "title_pkey", "Startup Cost": 0.0, "Total Cost": 1.27, "Plan Rows": 1, "Plan Width": 0, "Actual Startup Time": 201.901, "Actual Total Time": 201.901, "Actual Rows": 48328, "Actual Loops": 48328, "Index Cond": "(id = mc.movie_id)"}]}]}, {"Node Type": "Bitmap Heap Scan", "Parent Relationship": "Inner", "Relation Name": "cast_info", "Alias": "ci", "Startup Cost": 0.52, "Total Cost": 4.61, "Plan Rows": 1, "Plan Width": 12, "Actual Startup Time": 3496.655, "Actual Total Time": 3643.626, "Actual Rows": 19600, "Actual Loops": 48328, "Recheck Cond": "(movie_id = t.id)", "Rows Removed by Index Recheck": 0, "Filter": "((note)::text = '(voice: English version)'::text)", "Rows Removed by Filter": 1531710, "Exact Heap Blocks": 1503105, "Lossy Heap Blocks": 1503105, "Plans": [{"Node Type": "Bitmap Index Scan", "Parent Relationship": "Outer", "Index Name": "movie_id_cast_info", "Startup Cost": 0.0, "Total Cost": 0.52, "Plan Rows": 6, "Plan Width": 0, "Actual Startup Time": 537.902, "Actual Total Time": 537.902, "Actual Rows": 1551310, "Actual Loops": 48328, "Index Cond": "(movie_id = t.id)"}]}]}]}, {"Node Type": "Bitmap Heap Scan", "Parent Relationship": "Inner", "Relation Name": "name", "Alias": "n1", "Startup Cost": 0.9, "Total Cost": 4.92, "Plan Rows": 1, "Plan Width": 4, "Actual Startup Time": 51.239, "Actual Total Time": 51.239, "Actual Rows": 38, "Actual Loops": 7438, "Recheck Cond": "(id = ci.person_id)", "Rows Removed by Index Recheck": 0, "Filter": "(((name)::text ~~ '%Yo%'::text) AND ((name)::text !~~ '%Yu%'::text))", "Rows Removed by Filter": 7400, "Exact Heap Blocks": 7438, "Lossy Heap Blocks": 7438, "Plans": [{"Node Type": "Bitmap Index Scan", "Parent Relationship": "Outer", "Index Name": "name_pkey", "Startup Cost": 0.0, "Total Cost": 0.9, "Plan Rows": 1, "Plan Width": 0, "Actual Startup Time": 30.418, "Actual Total Time": 30.418, "Actual Rows": 7438, "Actual Loops": 7438, "Index Cond": "(id = ci.person_id)"}]}]}, {"Node Type": "Bitmap Heap Scan", "Parent Relationship": "Inner", "Relation Name": "aka_name", "Alias": "an1", "Startup Cost": 0.38, "Total Cost": 4.39, "Plan Rows": 1, "Plan Width": 20, "Actual Startup Time": 0.52, "Actual Total Time": 0.552, "Actual Rows": 62, "Actual Loops": 38, "Recheck Cond": "(person_id = ci.person_id)", "Rows Removed by Index Recheck": 0, "Exact Heap Blocks": 43, "Lossy Heap Blocks": 43, "Plans": [{"Node Type": "Bitmap Index Scan", "Parent Relationship": "Outer", "Index Name": "person_id_aka_name", "Startup Cost": 0.0, "Total Cost": 0.38, "Plan Rows": 1, "Plan Width": 0, "Actual Startup Time": 0.316, "Actual Total Time": 0.316, "Actual Rows": 62, "Actual Loops": 38, "Index Cond": "(person_id = ci.person_id)"}]}]}]}, "Triggers": [], "Planner Runtime": 8, "Total Runtime": 4636.066, "Unique SQL Id": 3544391839}}, "(64, 56)": {"explain_plan": {"Plan": {"Node Type": "Aggregate", "Strategy": "Plain", "Startup Cost": 91981.82, "Total Cost": 91981.83, "Plan Rows": 1, "Plan Width": 97, "Plans": [{"Node Type": "Nested Loop", "Parent Relationship": "Outer", "Join Type": "Inner", "Startup Cost": 0.0, "Total Cost": 91981.76, "Plan Rows": 12, "Plan Width": 33, "Inner Unique": true, "Plans": [{"Node Type": "Nested Loop", "Parent Relationship": "Outer", "Join Type": "Inner", "Startup Cost": 0.0, "Total Cost": 91956.53, "Plan Rows": 12, "Plan Width": 24, "Inner Unique": true, "Plans": [{"Node Type": "Nested Loop", "Parent Relationship": "Outer", "Join Type": "Inner", "Startup Cost": 0.0, "Total Cost": 91580.99, "Plan Rows": 645, "Plan Width": 32, "Inner Unique": false, "Plans": [{"Node Type": "Nested Loop", "Parent Relationship": "Outer", "Join Type": "Inner", "Startup Cost": 0.0, "Total Cost": 91126.78, "Plan Rows": 532, "Plan Width": 12, "Inner Unique": true, "Plans": [{"Node Type": "Nested Loop", "Parent Relationship": "Outer", "Join Type": "Inner", "Startup Cost": 0.0, "Total Cost": 88949.62, "Plan Rows": 3338, "Plan Width": 16, "Inner Unique": false, "Plans": [{"Node Type": "Nested Loop", "Parent Relationship": "Outer", "Join Type": "Inner", "Startup Cost": 0.0, "Total Cost": 77025.27, "Plan Rows": 8790, "Plan Width": 8, "Inner Unique": false, "Join Filter": "(ci.role_id = rt.id)", "Plans": [{"Node Type": "Seq Scan", "Parent Relationship": "Outer", "Relation Name": "role_type", "Alias": "rt", "Startup Cost": 0.0, "Total Cost": 1.15, "Plan Rows": 1, "Plan Width": 4, "Filter": "((role)::text = 'actress'::text)"}, {"Node Type": "Materialize", "Parent Relationship": "Inner", "Startup Cost": 0.0, "Total Cost": 76057.2, "Plan Rows": 96692, "Plan Width": 12, "Plans": [{"Node Type": "Streaming(type: LOCAL GATHER dop: 1/64)", "Parent Relationship": "Outer", "Startup Cost": 0.0, "Total Cost": 75815.47, "Plan Rows": 96692, "Plan Width": 12, "Plans": [{"Node Type": "Seq Scan", "Parent Relationship": "Outer", "Relation Name": "cast_info", "Alias": "ci", "Startup Cost": 0.0, "Total Cost": 73820.73, "Plan Rows": 96692, "Plan Width": 12, "Filter": "((note)::text = '(voice: English version)'::text)"}]}]}]}, {"Node Type": "Index Scan", "Parent Relationship": "Inner", "Scan Direction": "Forward", "Index Name": "movie_id_movie_companies", "Relation Name": "movie_companies", "Alias": "mc", "Startup Cost": 0.0, "Total Cost": 1.35, "Plan Rows": 1, "Plan Width": 8, "Index Cond": "(movie_id = ci.movie_id)", "Filter": "(((note)::text ~~ '%(Japan)%'::text) AND ((note)::text !~~ '%(USA)%'::text))"}]}, {"Node Type": "Index Scan", "Parent Relationship": "Inner", "Scan Direction": "Forward", "Index Name": "company_name_pkey", "Relation Name": "company_name", "Alias": "cn", "Startup Cost": 0.0, "Total Cost": 0.64, "Plan Rows": 1, "Plan Width": 4, "Index Cond": "(id = mc.company_id)", "Filter": "((country_code)::text = '[jp]'::text)"}]}, {"Node Type": "Index Scan", "Parent Relationship": "Inner", "Scan Direction": "Forward", "Index Name": "person_id_aka_name", "Relation Name": "aka_name", "Alias": "an1", "Startup Cost": 0.0, "Total Cost": 0.84, "Plan Rows": 1, "Plan Width": 20, "Index Cond": "(person_id = ci.person_id)"}]}, {"Node Type": "Index Scan", "Parent Relationship": "Inner", "Scan Direction": "Forward", "Index Name": "name_pkey", "Relation Name": "name", "Alias": "n1", "Startup Cost": 0.0, "Total Cost": 0.57, "Plan Rows": 1, "Plan Width": 4, "Index Cond": "(id = an1.person_id)", "Filter": "(((name)::text ~~ '%Yo%'::text) AND ((name)::text !~~ '%Yu%'::text))"}]}, {"Node Type": "Index Scan", "Parent Relationship": "Inner", "Scan Direction": "Forward", "Index Name": "title_pkey", "Relation Name": "title", "Alias": "t", "Startup Cost": 0.0, "Total Cost": 2.09, "Plan Rows": 1, "Plan Width": 21, "Index Cond": "(id = ci.movie_id)"}]}]}, "Unique SQL Id": 3544391839, "Planner Runtime": 7}, "explain_analyze_plan": {"Plan": {"Node Type": "Aggregate", "Strategy": "Plain", "Startup Cost": 91981.82, "Total Cost": 91981.83, "Plan Rows": 1, "Plan Width": 97, "Actual Min Startup Time": 727.946, "Actual Max Startup Time": 727.946, "Actual Min Total Time": 727.946, "Actual Max Total Time": 727.946, "Plans": [{"Node Type": "Nested Loop", "Parent Relationship": "Outer", "Join Type": "Inner", "Startup Cost": 0.0, "Total Cost": 91981.76, "Plan Rows": 12, "Plan Width": 33, "Actual Min Startup Time": 684.34, "Actual Max Startup Time": 684.34, "Actual Min Total Time": 727.861, "Actual Max Total Time": 727.861, "Inner Unique": true, "Plans": [{"Node Type": "Nested Loop", "Parent Relationship": "Outer", "Join Type": "Inner", "Startup Cost": 0.0, "Total Cost": 91956.53, "Plan Rows": 12, "Plan Width": 24, "Actual Min Startup Time": 684.319, "Actual Max Startup Time": 684.319, "Actual Min Total Time": 727.49, "Actual Max Total Time": 727.49, "Inner Unique": true, "Plans": [{"Node Type": "Nested Loop", "Parent Relationship": "Outer", "Join Type": "Inner", "Startup Cost": 0.0, "Total Cost": 91580.99, "Plan Rows": 645, "Plan Width": 32, "Actual Min Startup Time": 393.381, "Actual Max Startup Time": 393.381, "Actual Min Total Time": 661.887, "Actual Max Total Time": 661.887, "Inner Unique": false, "Plans": [{"Node Type": "Nested Loop", "Parent Relationship": "Outer", "Join Type": "Inner", "Startup Cost": 0.0, "Total Cost": 91126.78, "Plan Rows": 532, "Plan Width": 12, "Actual Min Startup Time": 393.36, "Actual Max Startup Time": 393.36, "Actual Min Total Time": 623.917, "Actual Max Total Time": 623.917, "Inner Unique": true, "Plans": [{"Node Type": "Nested Loop", "Parent Relationship": "Outer", "Join Type": "Inner", "Startup Cost": 0.0, "Total Cost": 88949.62, "Plan Rows": 3338, "Plan Width": 16, "Actual Min Startup Time": 393.337, "Actual Max Startup Time": 393.337, "Actual Min Total Time": 591.004, "Actual Max Total Time": 591.004, "Inner Unique": false, "Plans": [{"Node Type": "Nested Loop", "Parent Relationship": "Outer", "Join Type": "Inner", "Startup Cost": 0.0, "Total Cost": 77025.27, "Plan Rows": 8790, "Plan Width": 8, "Actual Min Startup Time": 392.138, "Actual Max Startup Time": 392.138, "Actual Min Total Time": 429.56, "Actual Max Total Time": 429.56, "Inner Unique": false, "Join Filter": "(ci.role_id = rt.id)", "Rows Removed by Join Filter": 58247, "Plans": [{"Node Type": "Seq Scan", "Parent Relationship": "Outer", "Relation Name": "role_type", "Alias": "rt", "Startup Cost": 0.0, "Total Cost": 1.15, "Plan Rows": 1, "Plan Width": 4, "Actual Min Startup Time": 0.056, "Actual Max Startup Time": 0.056, "Actual Min Total Time": 0.065, "Actual Max Total Time": 0.065, "Filter": "((role)::text = 'actress'::text)", "Rows Removed by Filter": 11, "Actual Rows": 1}, {"Node Type": "Materialize", "Parent Relationship": "Inner", "Startup Cost": 0.0, "Total Cost": 76057.2, "Plan Rows": 96692, "Plan Width": 12, "Actual Min Startup Time": 390.156, "Actual Max Startup Time": 390.156, "Actual Min Total Time": 401.745, "Actual Max Total Time": 401.745, "Plans": [{"Node Type": "Streaming(type: LOCAL GATHER dop: 1/64)", "Parent Relationship": "Outer", "Startup Cost": 0.0, "Total Cost": 75815.47, "Plan Rows": 96692, "Plan Width": 12, "Actual Min Startup Time": 151.94, "Actual Max Startup Time": 151.94, "Actual Min Total Time": 375.144, "Actual Max Total Time": 375.144, "Plans": [{"Node Type": "Seq Scan", "Parent Relationship": "Outer", "Relation Name": "cast_info", "Alias": "ci", "Startup Cost": 0.0, "Total Cost": 73820.73, "Plan Rows": 96692, "Plan Width": 12, "Actual Min Startup Time": 0.034, "Actual Max Startup Time": 2.876, "Actual Min Total Time": 153.567, "Actual Max Total Time": 165.265, "Filter": "((note)::text = '(voice: English version)'::text)", "Rows Removed by Filter": 36151248, "Actual Rows": 93095}], "Actual Rows": 93095}], "Actual Rows": 93096}], "Actual Rows": 34848}, {"Node Type": "Index Scan", "Parent Relationship": "Inner", "Scan Direction": "Forward", "Index Name": "movie_id_movie_companies", "Relation Name": "movie_companies", "Alias": "mc", "Startup Cost": 0.0, "Total Cost": 1.35, "Plan Rows": 1, "Plan Width": 8, "Actual Min Startup Time": 124.111, "Actual Max Startup Time": 124.111, "Actual Min Total Time": 142.799, "Actual Max Total Time": 142.799, "Index Cond": "(movie_id = ci.movie_id)", "Rows Removed by Index Recheck": 0, "Filter": "(((note)::text ~~ '%(Japan)%'::text) AND ((note)::text !~~ '%(USA)%'::text))", "Rows Removed by Filter": 53432, "Actual Rows": 7532}], "Actual Rows": 7532}, {"Node Type": "Index Scan", "Parent Relationship": "Inner", "Scan Direction": "Forward", "Index Name": "company_name_pkey", "Relation Name": "company_name", "Alias": "cn", "Startup Cost": 0.0, "Total Cost": 0.64, "Plan Rows": 1, "Plan Width": 4, "Actual Min Startup Time": 26.522, "Actual Max Startup Time": 26.522, "Actual Min Total Time": 26.522, "Actual Max Total Time": 26.522, "Index Cond": "(id = mc.company_id)", "Rows Removed by Index Recheck": 0, "Filter": "((country_code)::text = '[jp]'::text)", "Rows Removed by Filter": 94, "Actual Rows": 7438}], "Actual Rows": 7438}, {"Node Type": "Index Scan", "Parent Relationship": "Inner", "Scan Direction": "Forward", "Index Name": "person_id_aka_name", "Relation Name": "aka_name", "Alias": "an1", "Startup Cost": 0.0, "Total Cost": 0.84, "Plan Rows": 1, "Plan Width": 20, "Actual Min Startup Time": 22.866, "Actual Max Startup Time": 22.866, "Actual Min Total Time": 29.837, "Actual Max Total Time": 29.837, "Index Cond": "(person_id = ci.person_id)", "Rows Removed by Index Recheck": 0, "Actual Rows": 17379}], "Actual Rows": 17379}, {"Node Type": "Index Scan", "Parent Relationship": "Inner", "Scan Direction": "Forward", "Index Name": "name_pkey", "Relation Name": "name", "Alias": "n1", "Startup Cost": 0.0, "Total Cost": 0.57, "Plan Rows": 1, "Plan Width": 4, "Actual Min Startup Time": 57.321, "Actual Max Startup Time": 57.321, "Actual Min Total Time": 57.321, "Actual Max Total Time": 57.321, "Index Cond": "(id = an1.person_id)", "Rows Removed by Index Recheck": 0, "Filter": "(((name)::text ~~ '%Yo%'::text) AND ((name)::text !~~ '%Yu%'::text))", "Rows Removed by Filter": 17317, "Actual Rows": 62}], "Actual Rows": 62}, {"Node Type": "Index Scan", "Parent Relationship": "Inner", "Scan Direction": "Forward", "Index Name": "title_pkey", "Relation Name": "title", "Alias": "t", "Startup Cost": 0.0, "Total Cost": 2.09, "Plan Rows": 1, "Plan Width": 21, "Actual Min Startup Time": 0.302, "Actual Max Startup Time": 0.302, "Actual Min Total Time": 0.302, "Actual Max Total Time": 0.302, "Index Cond": "(id = ci.movie_id)", "Rows Removed by Index Recheck": 0, "Actual Rows": 62}], "Actual Rows": 62}], "Actual Rows": 1}, "Triggers": [], "Planner Runtime": 7, "Total Runtime": 740.907, "Unique SQL Id": 3544391839}}, "(64, 57)": {"explain_plan": {"Plan": {"Node Type": "Aggregate", "Strategy": "Plain", "Startup Cost": 110824.82, "Total Cost": 110824.83, "Plan Rows": 1, "Plan Width": 97, "Plans": [{"Node Type": "Nested Loop", "Parent Relationship": "Outer", "Join Type": "Inner", "Startup Cost": 0.0, "Total Cost": 110824.76, "Plan Rows": 12, "Plan Width": 33, "Inner Unique": true, "Plans": [{"Node Type": "Nested Loop", "Parent Relationship": "Outer", "Join Type": "Inner", "Startup Cost": 0.0, "Total Cost": 110449.22, "Plan Rows": 645, "Plan Width": 41, "Inner Unique": false, "Plans": [{"Node Type": "Nested Loop", "Parent Relationship": "Outer", "Join Type": "Inner", "Startup Cost": 0.0, "Total Cost": 109995.01, "Plan Rows": 532, "Plan Width": 21, "Inner Unique": false, "Join Filter": "(ci.role_id = rt.id)", "Plans": [{"Node Type": "Index Scan", "Parent Relationship": "Outer", "Scan Direction": "Forward", "Index Name": "role_type_pkey", "Relation Name": "role_type", "Alias": "rt", "Startup Cost": 0.0, "Total Cost": 12.46, "Plan Rows": 1, "Plan Width": 4, "Filter": "((role)::text = 'actress'::text)"}, {"Node Type": "Nested Loop", "Parent Relationship": "Inner", "Join Type": "Inner", "Startup Cost": 0.0, "Total Cost": 109909.47, "Plan Rows": 5847, "Plan Width": 25, "Inner Unique": false, "Plans": [{"Node Type": "Nested Loop", "Parent Relationship": "Outer", "Join Type": "Inner", "Startup Cost": 0.0, "Total Cost": 104166.87, "Plan Rows": 5775, "Plan Width": 25, "Inner Unique": true, "Plans": [{"Node Type": "Nested Loop", "Parent Relationship": "Outer", "Join Type": "Inner", "Startup Cost": 0.0, "Total Cost": 81519.78, "Plan Rows": 5775, "Plan Width": 4, "Inner Unique": false, "Plans": [{"Node Type": "Index Scan", "Parent Relationship": "Outer", "Scan Direction": "Forward", "Index Name": "company_name_pkey", "Relation Name": "company_name", "Alias": "cn", "Startup Cost": 0.0, "Total Cost": 10501.39, "Plan Rows": 6290, "Plan Width": 4, "Filter": "((country_code)::text = '[jp]'::text)"}, {"Node Type": "Index Scan", "Parent Relationship": "Inner", "Scan Direction": "Forward", "Index Name": "company_id_movie_companies", "Relation Name": "movie_companies", "Alias": "mc", "Startup Cost": 0.0, "Total Cost": 11.28, "Plan Rows": 1, "Plan Width": 8, "Index Cond": "(company_id = cn.id)", "Filter": "(((note)::text ~~ '%(Japan)%'::text) AND ((note)::text !~~ '%(USA)%'::text))"}]}, {"Node Type": "Index Scan", "Parent Relationship": "Inner", "Scan Direction": "Forward", "Index Name": "title_pkey", "Relation Name": "title", "Alias": "t", "Startup Cost": 0.0, "Total Cost": 3.91, "Plan Rows": 1, "Plan Width": 21, "Index Cond": "(id = mc.movie_id)"}]}, {"Node Type": "Index Scan", "Parent Relationship": "Inner", "Scan Direction": "Forward", "Index Name": "movie_id_cast_info", "Relation Name": "cast_info", "Alias": "ci", "Startup Cost": 0.0, "Total Cost": 0.98, "Plan Rows": 1, "Plan Width": 12, "Index Cond": "(movie_id = t.id)", "Filter": "((note)::text = '(voice: English version)'::text)"}]}]}, {"Node Type": "Index Scan", "Parent Relationship": "Inner", "Scan Direction": "Forward", "Index Name": "person_id_aka_name", "Relation Name": "aka_name", "Alias": "an1", "Startup Cost": 0.0, "Total Cost": 0.84, "Plan Rows": 1, "Plan Width": 20, "Index Cond": "(person_id = ci.person_id)"}]}, {"Node Type": "Index Scan", "Parent Relationship": "Inner", "Scan Direction": "Forward", "Index Name": "name_pkey", "Relation Name": "name", "Alias": "n1", "Startup Cost": 0.0, "Total Cost": 0.57, "Plan Rows": 1, "Plan Width": 4, "Index Cond": "(id = an1.person_id)", "Filter": "(((name)::text ~~ '%Yo%'::text) AND ((name)::text !~~ '%Yu%'::text))"}]}]}, "Unique SQL Id": 3544391839, "Planner Runtime": 6}, "explain_analyze_plan": {"Plan": {"Node Type": "Aggregate", "Strategy": "Plain", "Startup Cost": 110824.82, "Total Cost": 110824.83, "Plan Rows": 1, "Plan Width": 97, "Actual Startup Time": 3997.073, "Actual Total Time": 3997.073, "Actual Rows": 1, "Actual Loops": 1, "Plans": [{"Node Type": "Nested Loop", "Parent Relationship": "Outer", "Join Type": "Inner", "Startup Cost": 0.0, "Total Cost": 110824.76, "Plan Rows": 12, "Plan Width": 33, "Actual Startup Time": 4.867, "Actual Total Time": 3996.759, "Actual Rows": 62, "Actual Loops": 1, "Inner Unique": true, "Plans": [{"Node Type": "Nested Loop", "Parent Relationship": "Outer", "Join Type": "Inner", "Startup Cost": 0.0, "Total Cost": 110449.22, "Plan Rows": 645, "Plan Width": 41, "Actual Startup Time": 0.353, "Actual Total Time": 3918.809, "Actual Rows": 17379, "Actual Loops": 1, "Inner Unique": false, "Plans": [{"Node Type": "Nested Loop", "Parent Relationship": "Outer", "Join Type": "Inner", "Startup Cost": 0.0, "Total Cost": 109995.01, "Plan Rows": 532, "Plan Width": 21, "Actual Startup Time": 0.336, "Actual Total Time": 3866.842, "Actual Rows": 7438, "Actual Loops": 1, "Inner Unique": false, "Join Filter": "(ci.role_id = rt.id)", "Rows Removed by Join Filter": 12162, "Plans": [{"Node Type": "Index Scan", "Parent Relationship": "Outer", "Scan Direction": "Forward", "Index Name": "role_type_pkey", "Relation Name": "role_type", "Alias": "rt", "Startup Cost": 0.0, "Total Cost": 12.46, "Plan Rows": 1, "Plan Width": 4, "Actual Startup Time": 0.024, "Actual Total Time": 0.033, "Actual Rows": 1, "Actual Loops": 1, "Filter": "((role)::text = 'actress'::text)", "Rows Removed by Filter": 11}, {"Node Type": "Nested Loop", "Parent Relationship": "Inner", "Join Type": "Inner", "Startup Cost": 0.0, "Total Cost": 109909.47, "Plan Rows": 5847, "Plan Width": 25, "Actual Startup Time": 0.307, "Actual Total Time": 3861.626, "Actual Rows": 19600, "Actual Loops": 1, "Inner Unique": false, "Plans": [{"Node Type": "Nested Loop", "Parent Relationship": "Outer", "Join Type": "Inner", "Startup Cost": 0.0, "Total Cost": 104166.87, "Plan Rows": 5775, "Plan Width": 25, "Actual Startup Time": 0.238, "Actual Total Time": 847.639, "Actual Rows": 48328, "Actual Loops": 1, "Inner Unique": true, "Plans": [{"Node Type": "Nested Loop", "Parent Relationship": "Outer", "Join Type": "Inner", "Startup Cost": 0.0, "Total Cost": 81519.78, "Plan Rows": 5775, "Plan Width": 4, "Actual Startup Time": 0.222, "Actual Total Time": 526.993, "Actual Rows": 48328, "Actual Loops": 1, "Inner Unique": false, "Plans": [{"Node Type": "Index Scan", "Parent Relationship": "Outer", "Scan Direction": "Forward", "Index Name": "company_name_pkey", "Relation Name": "company_name", "Alias": "cn", "Startup Cost": 0.0, "Total Cost": 10501.39, "Plan Rows": 6290, "Plan Width": 4, "Actual Startup Time": 0.188, "Actual Total Time": 296.022, "Actual Rows": 6752, "Actual Loops": 1, "Filter": "((country_code)::text = '[jp]'::text)", "Rows Removed by Filter": 228244}, {"Node Type": "Index Scan", "Parent Relationship": "Inner", "Scan Direction": "Forward", "Index Name": "company_id_movie_companies", "Relation Name": "movie_companies", "Alias": "mc", "Startup Cost": 0.0, "Total Cost": 11.28, "Plan Rows": 1, "Plan Width": 8, "Actual Startup Time": 55.45, "Actual Total Time": 215.038, "Actual Rows": 48328, "Actual Loops": 6752, "Index Cond": "(company_id = cn.id)", "Rows Removed by Index Recheck": 0, "Filter": "(((note)::text ~~ '%(Japan)%'::text) AND ((note)::text !~~ '%(USA)%'::text))", "Rows Removed by Filter": 56667}]}, {"Node Type": "Index Scan", "Parent Relationship": "Inner", "Scan Direction": "Forward", "Index Name": "title_pkey", "Relation Name": "title", "Alias": "t", "Startup Cost": 0.0, "Total Cost": 3.91, "Plan Rows": 1, "Plan Width": 21, "Actual Startup Time": 278.16, "Actual Total Time": 278.16, "Actual Rows": 48328, "Actual Loops": 48328, "Index Cond": "(id = mc.movie_id)", "Rows Removed by Index Recheck": 0}]}, {"Node Type": "Index Scan", "Parent Relationship": "Inner", "Scan Direction": "Forward", "Index Name": "movie_id_cast_info", "Relation Name": "cast_info", "Alias": "ci", "Startup Cost": 0.0, "Total Cost": 0.98, "Plan Rows": 1, "Plan Width": 12, "Actual Startup Time": 2849.927, "Actual Total Time": 2982.59, "Actual Rows": 19600, "Actual Loops": 48328, "Index Cond": "(movie_id = t.id)", "Rows Removed by Index Recheck": 0, "Filter": "((note)::text = '(voice: English version)'::text)", "Rows Removed by Filter": 1531710}]}]}, {"Node Type": "Index Scan", "Parent Relationship": "Inner", "Scan Direction": "Forward", "Index Name": "person_id_aka_name", "Relation Name": "aka_name", "Alias": "an1", "Startup Cost": 0.0, "Total Cost": 0.84, "Plan Rows": 1, "Plan Width": 20, "Actual Startup Time": 34.558, "Actual Total Time": 43.048, "Actual Rows": 17379, "Actual Loops": 7438, "Index Cond": "(person_id = ci.person_id)", "Rows Removed by Index Recheck": 0}]}, {"Node Type": "Index Scan", "Parent Relationship": "Inner", "Scan Direction": "Forward", "Index Name": "name_pkey", "Relation Name": "name", "Alias": "n1", "Startup Cost": 0.0, "Total Cost": 0.57, "Plan Rows": 1, "Plan Width": 4, "Actual Startup Time": 68.944, "Actual Total Time": 68.944, "Actual Rows": 62, "Actual Loops": 17379, "Index Cond": "(id = an1.person_id)", "Rows Removed by Index Recheck": 0, "Filter": "(((name)::text ~~ '%Yo%'::text) AND ((name)::text !~~ '%Yu%'::text))", "Rows Removed by Filter": 17317}]}]}, "Triggers": [], "Planner Runtime": 6, "Total Runtime": 3997.429, "Unique SQL Id": 3544391839}}, "(64, 58)": {"explain_plan": {"Plan": {"Node Type": "Aggregate", "Strategy": "Plain", "Startup Cost": 895092.73, "Total Cost": 895092.74, "Plan Rows": 1, "Plan Width": 97, "Plans": [{"Node Type": "Nested Loop", "Parent Relationship": "Outer", "Join Type": "Inner", "Startup Cost": 0.0, "Total Cost": 895092.67, "Plan Rows": 12, "Plan Width": 33, "Inner Unique": false, "Join Filter": "(mc.company_id = cn.id)", "Plans": [{"Node Type": "Seq Scan", "Parent Relationship": "Outer", "Relation Name": "company_name", "Alias": "cn", "Startup Cost": 0.0, "Total Cost": 5903.45, "Plan Rows": 6290, "Plan Width": 4, "Filter": "((country_code)::text = '[jp]'::text)"}, {"Node Type": "Materialize", "Parent Relationship": "Inner", "Startup Cost": 0.0, "Total Cost": 882113.16, "Plan Rows": 75, "Plan Width": 37, "Plans": [{"Node Type": "Streaming(type: LOCAL GATHER dop: 1/64)", "Parent Relationship": "Outer", "Startup Cost": 0.0, "Total Cost": 882112.78, "Plan Rows": 75, "Plan Width": 37, "Plans": [{"Node Type": "Nested Loop", "Parent Relationship": "Outer", "Join Type": "Inner", "Startup Cost": 0.0, "Total Cost": 882111.23, "Plan Rows": 75, "Plan Width": 37, "Inner Unique": false, "Join Filter": "(ci.movie_id = t.id)", "Plans": [{"Node Type": "Streaming(type: LOCAL ROUNDROBIN dop: 64/1)", "Parent Relationship": "Outer", "Startup Cost": 0.0, "Total Cost": 175227.87, "Plan Rows": 2528311, "Plan Width": 21, "Plans": [{"Node Type": "Seq Scan", "Parent Relationship": "Outer", "Relation Name": "title", "Alias": "t", "Startup Cost": 0.0, "Total Cost": 60069.11, "Plan Rows": 2528311, "Plan Width": 21}]}, {"Node Type": "Materialize", "Parent Relationship": "Inner", "Startup Cost": 0.0, "Total Cost": 662440.58, "Plan Rows": 4800, "Plan Width": 28, "Plans": [{"Node Type": "Streaming(type: BROADCAST dop: 64/64)", "Parent Relationship": "Outer", "Startup Cost": 0.0, "Total Cost": 662440.21, "Plan Rows": 4800, "Plan Width": 28, "Plans": [{"Node Type": "Nested Loop", "Parent Relationship": "Outer", "Join Type": "Inner", "Startup Cost": 0.0, "Total Cost": 599437.16, "Plan Rows": 75, "Plan Width": 28, "Inner Unique": false, "Join Filter": "(n1.id = an1.person_id)", "Plans": [{"Node Type": "Streaming(type: LOCAL REDISTRIBUTE dop: 64/1)", "Parent Relationship": "Outer", "Startup Cost": 0.0, "Total Cost": 119529.84, "Plan Rows": 901342, "Plan Width": 20, "Plans": [{"Node Type": "Seq Scan", "Parent Relationship": "Outer", "Relation Name": "aka_name", "Alias": "an1", "Startup Cost": 0.0, "Total Cost": 19908.42, "Plan Rows": 901342, "Plan Width": 20}]}, {"Node Type": "Materialize", "Parent Relationship": "Inner", "Startup Cost": 0.0, "Total Cost": 476425.01, "Plan Rows": 1055, "Plan Width": 20, "Plans": [{"Node Type": "Streaming(type: LOCAL REDISTRIBUTE dop: 64/64)", "Parent Relationship": "Outer", "Startup Cost": 0.0, "Total Cost": 476424.92, "Plan Rows": 1055, "Plan Width": 20, "Plans": [{"Node Type": "Nested Loop", "Parent Relationship": "Outer", "Join Type": "Inner", "Startup Cost": 0.0, "Total Cost": 413423.92, "Plan Rows": 1055, "Plan Width": 20, "Inner Unique": true, "Join Filter": "(ci.person_id = n1.id)", "Plans": [{"Node Type": "Streaming(type: BROADCAST dop: 64/1)", "Parent Relationship": "Outer", "Startup Cost": 0.0, "Total Cost": 337779.92, "Plan Rows": 213632, "Plan Width": 16, "Plans": [{"Node Type": "Nested Loop", "Parent Relationship": "Outer", "Join Type": "Inner", "Startup Cost": 0.0, "Total Cost": 270372.72, "Plan Rows": 3338, "Plan Width": 16, "Inner Unique": false, "Join Filter": "(ci.role_id = rt.id)", "Plans": [{"Node Type": "Seq Scan", "Parent Relationship": "Outer", "Relation Name": "role_type", "Alias": "rt", "Startup Cost": 0.0, "Total Cost": 1.15, "Plan Rows": 1, "Plan Width": 4, "Filter": "((role)::text = 'actress'::text)"}, {"Node Type": "Materialize", "Parent Relationship": "Inner", "Startup Cost": 0.0, "Total Cost": 270004.35, "Plan Rows": 36722, "Plan Width": 20, "Plans": [{"Node Type": "Streaming(type: LOCAL GATHER dop: 1/64)", "Parent Relationship": "Outer", "Startup Cost": 0.0, "Total Cost": 269912.55, "Plan Rows": 36722, "Plan Width": 20, "Plans": [{"Node Type": "Nested Loop", "Parent Relationship": "Outer", "Join Type": "Inner", "Startup Cost": 0.0, "Total Cost": 269154.97, "Plan Rows": 36722, "Plan Width": 20, "Inner Unique": false, "Join Filter": "(ci.movie_id = mc.movie_id)", "Plans": [{"Node Type": "Streaming(type: LOCAL REDISTRIBUTE dop: 64/64)", "Parent Relationship": "Outer", "Startup Cost": 0.0, "Total Cost": 136912.32, "Plan Rows": 96692, "Plan Width": 12, "Plans": [{"Node Type": "Seq Scan", "Parent Relationship": "Outer", "Relation Name": "cast_info", "Alias": "ci", "Startup Cost": 0.0, "Total Cost": 73820.73, "Plan Rows": 96692, "Plan Width": 12, "Filter": "((note)::text = '(voice: English version)'::text)"}]}, {"Node Type": "Materialize", "Parent Relationship": "Inner", "Startup Cost": 0.0, "Total Cost": 119345.75, "Plan Rows": 36426, "Plan Width": 8, "Plans": [{"Node Type": "Streaming(type: LOCAL REDISTRIBUTE dop: 64/1)", "Parent Relationship": "Outer", "Startup Cost": 0.0, "Total Cost": 119342.9, "Plan Rows": 36426, "Plan Width": 8, "Plans": [{"Node Type": "Seq Scan", "Parent Relationship": "Outer", "Relation Name": "movie_companies", "Alias": "mc", "Startup Cost": 0.0, "Total Cost": 54862.92, "Plan Rows": 36426, "Plan Width": 8, "Filter": "(((note)::text ~~ '%(Japan)%'::text) AND ((note)::text !~~ '%(USA)%'::text))"}]}]}]}]}]}]}]}, {"Node Type": "Materialize", "Parent Relationship": "Inner", "Startup Cost": 0.0, "Total Cost": 64780.92, "Plan Rows": 13886, "Plan Width": 4, "Plans": [{"Node Type": "Seq Scan", "Parent Relationship": "Outer", "Relation Name": "name", "Alias": "n1", "Startup Cost": 0.0, "Total Cost": 64779.83, "Plan Rows": 13886, "Plan Width": 4, "Filter": "(((name)::text ~~ '%Yo%'::text) AND ((name)::text !~~ '%Yu%'::text))"}]}]}]}]}]}]}]}]}]}]}]}]}, "Unique SQL Id": 3544391839, "Planner Runtime": 13}, "explain_analyze_plan": null}, "(64, 59)": {"explain_plan": {"Plan": {"Node Type": "Aggregate", "Strategy": "Plain", "Startup Cost": 7000209677653.96, "Total Cost": 7000209677653.97, "Plan Rows": 1, "Plan Width": 97, "Plans": [{"Node Type": "Nested Loop", "Parent Relationship": "Outer", "Join Type": "Inner", "Startup Cost": 70000000000.0, "Total Cost": 7000209677653.91, "Plan Rows": 12, "Plan Width": 33, "Inner Unique": false, "Join Filter": "(ci.movie_id = t.id)", "Plans": [{"Node Type": "Index Scan", "Parent Relationship": "Outer", "Scan Direction": "Forward", "Index Name": "title_pkey", "Relation Name": "title", "Alias": "t", "Startup Cost": 10000000000.0, "Total Cost": 1000011012048.91, "Plan Rows": 2528311, "Plan Width": 21}, {"Node Type": "Materialize", "Parent Relationship": "Inner", "Startup Cost": 60000000000.0, "Total Cost": 6000198210509.04, "Plan Rows": 12, "Plan Width": 24, "Plans": [{"Node Type": "Nested Loop", "Parent Relationship": "Outer", "Join Type": "Inner", "Startup Cost": 60000000000.0, "Total Cost": 6000198210508.98, "Plan Rows": 12, "Plan Width": 24, "Inner Unique": false, "Join Filter": "(n1.id = an1.person_id)", "Plans": [{"Node Type": "Nested Loop", "Parent Relationship": "Outer", "Join Type": "Inner", "Startup Cost": 50000000000.0, "Total Cost": 5000190257182.06, "Plan Rows": 78, "Plan Width": 16, "Inner Unique": true, "Join Filter": "(ci.person_id = n1.id)", "Plans": [{"Node Type": "Nested Loop", "Parent Relationship": "Outer", "Join Type": "Inner", "Startup Cost": 40000000000.0, "Total Cost": 4000170439317.36, "Plan Rows": 532, "Plan Width": 12, "Inner Unique": true, "Join Filter": "(ci.role_id = rt.id)", "Plans": [{"Node Type": "Nested Loop", "Parent Relationship": "Outer", "Join Type": "Inner", "Startup Cost": 30000000000.0, "Total Cost": 3000170437983.65, "Plan Rows": 5847, "Plan Width": 16, "Inner Unique": false, "Join Filter": "(mc.movie_id = ci.movie_id)", "Plans": [{"Node Type": "Nested Loop", "Parent Relationship": "Outer", "Join Type": "Inner", "Startup Cost": 20000000000.0, "Total Cost": 2000018843457.92, "Plan Rows": 5775, "Plan Width": 4, "Inner Unique": true, "Join Filter": "(cn.id = mc.company_id)", "Plans": [{"Node Type": "Index Scan", "Parent Relationship": "Outer", "Scan Direction": "Forward", "Index Name": "movie_id_movie_companies", "Relation Name": "movie_companies", "Alias": "mc", "Startup Cost": 10000000000.0, "Total Cost": 1000014356510.13, "Plan Rows": 36426, "Plan Width": 8, "Filter": "(((note)::text ~~ '%(Japan)%'::text) AND ((note)::text !~~ '%(USA)%'::text))"}, {"Node Type": "Materialize", "Parent Relationship": "Inner", "Startup Cost": 10000000000.0, "Total Cost": 1000001050170.42, "Plan Rows": 6290, "Plan Width": 4, "Plans": [{"Node Type": "Index Scan", "Parent Relationship": "Outer", "Scan Direction": "Forward", "Index Name": "company_name_pkey", "Relation Name": "company_name", "Alias": "cn", "Startup Cost": 10000000000.0, "Total Cost": 1000001050138.97, "Plan Rows": 6290, "Plan Width": 4, "Filter": "((country_code)::text = '[jp]'::text)"}]}]}, {"Node Type": "Materialize", "Parent Relationship": "Inner", "Startup Cost": 10000000000.0, "Total Cost": 1000143218822.96, "Plan Rows": 96692, "Plan Width": 12, "Plans": [{"Node Type": "Index Scan", "Parent Relationship": "Outer", "Scan Direction": "Forward", "Index Name": "role_id_cast_info", "Relation Name": "cast_info", "Alias": "ci", "Startup Cost": 10000000000.0, "Total Cost": 1000143218339.5, "Plan Rows": 96692, "Plan Width": 12, "Filter": "((note)::text = '(voice: English version)'::text)"}]}]}, {"Node Type": "Materialize", "Parent Relationship": "Inner", "Startup Cost": 10000000000.0, "Total Cost": 1000000001246.0, "Plan Rows": 1, "Plan Width": 4, "Plans": [{"Node Type": "Index Scan", "Parent Relationship": "Outer", "Scan Direction": "Forward", "Index Name": "role_type_pkey", "Relation Name": "role_type", "Alias": "rt", "Startup Cost": 10000000000.0, "Total Cost": 1000000001246.0, "Plan Rows": 1, "Plan Width": 4, "Filter": "((role)::text = 'actress'::text)"}]}]}, {"Node Type": "Materialize", "Parent Relationship": "Inner", "Startup Cost": 10000000000.0, "Total Cost": 1000019707089.13, "Plan Rows": 13886, "Plan Width": 4, "Plans": [{"Node Type": "Index Scan", "Parent Relationship": "Outer", "Scan Direction": "Forward", "Index Name": "name_pkey", "Relation Name": "name", "Alias": "n1", "Startup Cost": 10000000000.0, "Total Cost": 1000019707019.7, "Plan Rows": 13886, "Plan Width": 4, "Filter": "(((name)::text ~~ '%Yo%'::text) AND ((name)::text !~~ '%Yu%'::text))"}]}]}, {"Node Type": "Materialize", "Parent Relationship": "Inner", "Startup Cost": 10000000000.0, "Total Cost": 1000006901010.14, "Plan Rows": 901342, "Plan Width": 20, "Plans": [{"Node Type": "Index Scan", "Parent Relationship": "Outer", "Scan Direction": "Forward", "Index Name": "person_id_aka_name", "Relation Name": "aka_name", "Alias": "an1", "Startup Cost": 10000000000.0, "Total Cost": 1000006896503.43, "Plan Rows": 901342, "Plan Width": 20}]}]}]}]}]}, "Unique SQL Id": 3544391839, "Planner Runtime": 10}, "explain_analyze_plan": null}, "(64, 60)": {"explain_plan": {"Plan": {"Node Type": "Aggregate", "Strategy": "Plain", "Startup Cost": 91981.82, "Total Cost": 91981.83, "Plan Rows": 1, "Plan Width": 97, "Plans": [{"Node Type": "Nested Loop", "Parent Relationship": "Outer", "Join Type": "Inner", "Startup Cost": 0.0, "Total Cost": 91981.76, "Plan Rows": 12, "Plan Width": 33, "Inner Unique": true, "Plans": [{"Node Type": "Nested Loop", "Parent Relationship": "Outer", "Join Type": "Inner", "Startup Cost": 0.0, "Total Cost": 91956.53, "Plan Rows": 12, "Plan Width": 24, "Inner Unique": true, "Plans": [{"Node Type": "Nested Loop", "Parent Relationship": "Outer", "Join Type": "Inner", "Startup Cost": 0.0, "Total Cost": 91580.99, "Plan Rows": 645, "Plan Width": 32, "Inner Unique": false, "Plans": [{"Node Type": "Nested Loop", "Parent Relationship": "Outer", "Join Type": "Inner", "Startup Cost": 0.0, "Total Cost": 91126.78, "Plan Rows": 532, "Plan Width": 12, "Inner Unique": true, "Plans": [{"Node Type": "Nested Loop", "Parent Relationship": "Outer", "Join Type": "Inner", "Startup Cost": 0.0, "Total Cost": 88949.62, "Plan Rows": 3338, "Plan Width": 16, "Inner Unique": false, "Plans": [{"Node Type": "Nested Loop", "Parent Relationship": "Outer", "Join Type": "Inner", "Startup Cost": 0.0, "Total Cost": 77025.27, "Plan Rows": 8790, "Plan Width": 8, "Inner Unique": false, "Join Filter": "(ci.role_id = rt.id)", "Plans": [{"Node Type": "Seq Scan", "Parent Relationship": "Outer", "Relation Name": "role_type", "Alias": "rt", "Startup Cost": 0.0, "Total Cost": 1.15, "Plan Rows": 1, "Plan Width": 4, "Filter": "((role)::text = 'actress'::text)"}, {"Node Type": "Materialize", "Parent Relationship": "Inner", "Startup Cost": 0.0, "Total Cost": 76057.2, "Plan Rows": 96692, "Plan Width": 12, "Plans": [{"Node Type": "Streaming(type: LOCAL GATHER dop: 1/64)", "Parent Relationship": "Outer", "Startup Cost": 0.0, "Total Cost": 75815.47, "Plan Rows": 96692, "Plan Width": 12, "Plans": [{"Node Type": "Seq Scan", "Parent Relationship": "Outer", "Relation Name": "cast_info", "Alias": "ci", "Startup Cost": 0.0, "Total Cost": 73820.73, "Plan Rows": 96692, "Plan Width": 12, "Filter": "((note)::text = '(voice: English version)'::text)"}]}]}]}, {"Node Type": "Index Scan", "Parent Relationship": "Inner", "Scan Direction": "Forward", "Index Name": "movie_id_movie_companies", "Relation Name": "movie_companies", "Alias": "mc", "Startup Cost": 0.0, "Total Cost": 1.35, "Plan Rows": 1, "Plan Width": 8, "Index Cond": "(movie_id = ci.movie_id)", "Filter": "(((note)::text ~~ '%(Japan)%'::text) AND ((note)::text !~~ '%(USA)%'::text))"}]}, {"Node Type": "Index Scan", "Parent Relationship": "Inner", "Scan Direction": "Forward", "Index Name": "company_name_pkey", "Relation Name": "company_name", "Alias": "cn", "Startup Cost": 0.0, "Total Cost": 0.64, "Plan Rows": 1, "Plan Width": 4, "Index Cond": "(id = mc.company_id)", "Filter": "((country_code)::text = '[jp]'::text)"}]}, {"Node Type": "Index Scan", "Parent Relationship": "Inner", "Scan Direction": "Forward", "Index Name": "person_id_aka_name", "Relation Name": "aka_name", "Alias": "an1", "Startup Cost": 0.0, "Total Cost": 0.84, "Plan Rows": 1, "Plan Width": 20, "Index Cond": "(person_id = ci.person_id)"}]}, {"Node Type": "Index Scan", "Parent Relationship": "Inner", "Scan Direction": "Forward", "Index Name": "name_pkey", "Relation Name": "name", "Alias": "n1", "Startup Cost": 0.0, "Total Cost": 0.57, "Plan Rows": 1, "Plan Width": 4, "Index Cond": "(id = an1.person_id)", "Filter": "(((name)::text ~~ '%Yo%'::text) AND ((name)::text !~~ '%Yu%'::text))"}]}, {"Node Type": "Index Scan", "Parent Relationship": "Inner", "Scan Direction": "Forward", "Index Name": "title_pkey", "Relation Name": "title", "Alias": "t", "Startup Cost": 0.0, "Total Cost": 2.09, "Plan Rows": 1, "Plan Width": 21, "Index Cond": "(id = ci.movie_id)"}]}]}, "Unique SQL Id": 3544391839, "Planner Runtime": 7}, "explain_analyze_plan": {"Plan": {"Node Type": "Aggregate", "Strategy": "Plain", "Startup Cost": 91981.82, "Total Cost": 91981.83, "Plan Rows": 1, "Plan Width": 97, "Actual Min Startup Time": 727.946, "Actual Max Startup Time": 727.946, "Actual Min Total Time": 727.946, "Actual Max Total Time": 727.946, "Plans": [{"Node Type": "Nested Loop", "Parent Relationship": "Outer", "Join Type": "Inner", "Startup Cost": 0.0, "Total Cost": 91981.76, "Plan Rows": 12, "Plan Width": 33, "Actual Min Startup Time": 684.34, "Actual Max Startup Time": 684.34, "Actual Min Total Time": 727.861, "Actual Max Total Time": 727.861, "Inner Unique": true, "Plans": [{"Node Type": "Nested Loop", "Parent Relationship": "Outer", "Join Type": "Inner", "Startup Cost": 0.0, "Total Cost": 91956.53, "Plan Rows": 12, "Plan Width": 24, "Actual Min Startup Time": 684.319, "Actual Max Startup Time": 684.319, "Actual Min Total Time": 727.49, "Actual Max Total Time": 727.49, "Inner Unique": true, "Plans": [{"Node Type": "Nested Loop", "Parent Relationship": "Outer", "Join Type": "Inner", "Startup Cost": 0.0, "Total Cost": 91580.99, "Plan Rows": 645, "Plan Width": 32, "Actual Min Startup Time": 393.381, "Actual Max Startup Time": 393.381, "Actual Min Total Time": 661.887, "Actual Max Total Time": 661.887, "Inner Unique": false, "Plans": [{"Node Type": "Nested Loop", "Parent Relationship": "Outer", "Join Type": "Inner", "Startup Cost": 0.0, "Total Cost": 91126.78, "Plan Rows": 532, "Plan Width": 12, "Actual Min Startup Time": 393.36, "Actual Max Startup Time": 393.36, "Actual Min Total Time": 623.917, "Actual Max Total Time": 623.917, "Inner Unique": true, "Plans": [{"Node Type": "Nested Loop", "Parent Relationship": "Outer", "Join Type": "Inner", "Startup Cost": 0.0, "Total Cost": 88949.62, "Plan Rows": 3338, "Plan Width": 16, "Actual Min Startup Time": 393.337, "Actual Max Startup Time": 393.337, "Actual Min Total Time": 591.004, "Actual Max Total Time": 591.004, "Inner Unique": false, "Plans": [{"Node Type": "Nested Loop", "Parent Relationship": "Outer", "Join Type": "Inner", "Startup Cost": 0.0, "Total Cost": 77025.27, "Plan Rows": 8790, "Plan Width": 8, "Actual Min Startup Time": 392.138, "Actual Max Startup Time": 392.138, "Actual Min Total Time": 429.56, "Actual Max Total Time": 429.56, "Inner Unique": false, "Join Filter": "(ci.role_id = rt.id)", "Rows Removed by Join Filter": 58247, "Plans": [{"Node Type": "Seq Scan", "Parent Relationship": "Outer", "Relation Name": "role_type", "Alias": "rt", "Startup Cost": 0.0, "Total Cost": 1.15, "Plan Rows": 1, "Plan Width": 4, "Actual Min Startup Time": 0.056, "Actual Max Startup Time": 0.056, "Actual Min Total Time": 0.065, "Actual Max Total Time": 0.065, "Filter": "((role)::text = 'actress'::text)", "Rows Removed by Filter": 11, "Actual Rows": 1}, {"Node Type": "Materialize", "Parent Relationship": "Inner", "Startup Cost": 0.0, "Total Cost": 76057.2, "Plan Rows": 96692, "Plan Width": 12, "Actual Min Startup Time": 390.156, "Actual Max Startup Time": 390.156, "Actual Min Total Time": 401.745, "Actual Max Total Time": 401.745, "Plans": [{"Node Type": "Streaming(type: LOCAL GATHER dop: 1/64)", "Parent Relationship": "Outer", "Startup Cost": 0.0, "Total Cost": 75815.47, "Plan Rows": 96692, "Plan Width": 12, "Actual Min Startup Time": 151.94, "Actual Max Startup Time": 151.94, "Actual Min Total Time": 375.144, "Actual Max Total Time": 375.144, "Plans": [{"Node Type": "Seq Scan", "Parent Relationship": "Outer", "Relation Name": "cast_info", "Alias": "ci", "Startup Cost": 0.0, "Total Cost": 73820.73, "Plan Rows": 96692, "Plan Width": 12, "Actual Min Startup Time": 0.034, "Actual Max Startup Time": 2.876, "Actual Min Total Time": 153.567, "Actual Max Total Time": 165.265, "Filter": "((note)::text = '(voice: English version)'::text)", "Rows Removed by Filter": 36151248, "Actual Rows": 93095}], "Actual Rows": 93095}], "Actual Rows": 93096}], "Actual Rows": 34848}, {"Node Type": "Index Scan", "Parent Relationship": "Inner", "Scan Direction": "Forward", "Index Name": "movie_id_movie_companies", "Relation Name": "movie_companies", "Alias": "mc", "Startup Cost": 0.0, "Total Cost": 1.35, "Plan Rows": 1, "Plan Width": 8, "Actual Min Startup Time": 124.111, "Actual Max Startup Time": 124.111, "Actual Min Total Time": 142.799, "Actual Max Total Time": 142.799, "Index Cond": "(movie_id = ci.movie_id)", "Rows Removed by Index Recheck": 0, "Filter": "(((note)::text ~~ '%(Japan)%'::text) AND ((note)::text !~~ '%(USA)%'::text))", "Rows Removed by Filter": 53432, "Actual Rows": 7532}], "Actual Rows": 7532}, {"Node Type": "Index Scan", "Parent Relationship": "Inner", "Scan Direction": "Forward", "Index Name": "company_name_pkey", "Relation Name": "company_name", "Alias": "cn", "Startup Cost": 0.0, "Total Cost": 0.64, "Plan Rows": 1, "Plan Width": 4, "Actual Min Startup Time": 26.522, "Actual Max Startup Time": 26.522, "Actual Min Total Time": 26.522, "Actual Max Total Time": 26.522, "Index Cond": "(id = mc.company_id)", "Rows Removed by Index Recheck": 0, "Filter": "((country_code)::text = '[jp]'::text)", "Rows Removed by Filter": 94, "Actual Rows": 7438}], "Actual Rows": 7438}, {"Node Type": "Index Scan", "Parent Relationship": "Inner", "Scan Direction": "Forward", "Index Name": "person_id_aka_name", "Relation Name": "aka_name", "Alias": "an1", "Startup Cost": 0.0, "Total Cost": 0.84, "Plan Rows": 1, "Plan Width": 20, "Actual Min Startup Time": 22.866, "Actual Max Startup Time": 22.866, "Actual Min Total Time": 29.837, "Actual Max Total Time": 29.837, "Index Cond": "(person_id = ci.person_id)", "Rows Removed by Index Recheck": 0, "Actual Rows": 17379}], "Actual Rows": 17379}, {"Node Type": "Index Scan", "Parent Relationship": "Inner", "Scan Direction": "Forward", "Index Name": "name_pkey", "Relation Name": "name", "Alias": "n1", "Startup Cost": 0.0, "Total Cost": 0.57, "Plan Rows": 1, "Plan Width": 4, "Actual Min Startup Time": 57.321, "Actual Max Startup Time": 57.321, "Actual Min Total Time": 57.321, "Actual Max Total Time": 57.321, "Index Cond": "(id = an1.person_id)", "Rows Removed by Index Recheck": 0, "Filter": "(((name)::text ~~ '%Yo%'::text) AND ((name)::text !~~ '%Yu%'::text))", "Rows Removed by Filter": 17317, "Actual Rows": 62}], "Actual Rows": 62}, {"Node Type": "Index Scan", "Parent Relationship": "Inner", "Scan Direction": "Forward", "Index Name": "title_pkey", "Relation Name": "title", "Alias": "t", "Startup Cost": 0.0, "Total Cost": 2.09, "Plan Rows": 1, "Plan Width": 21, "Actual Min Startup Time": 0.302, "Actual Max Startup Time": 0.302, "Actual Min Total Time": 0.302, "Actual Max Total Time": 0.302, "Index Cond": "(id = ci.movie_id)", "Rows Removed by Index Recheck": 0, "Actual Rows": 62}], "Actual Rows": 62}], "Actual Rows": 1}, "Triggers": [], "Planner Runtime": 7, "Total Runtime": 740.907, "Unique SQL Id": 3544391839}}, "(64, 61)": {"explain_plan": {"Plan": {"Node Type": "Aggregate", "Strategy": "Plain", "Startup Cost": 110824.82, "Total Cost": 110824.83, "Plan Rows": 1, "Plan Width": 97, "Plans": [{"Node Type": "Nested Loop", "Parent Relationship": "Outer", "Join Type": "Inner", "Startup Cost": 0.0, "Total Cost": 110824.76, "Plan Rows": 12, "Plan Width": 33, "Inner Unique": true, "Plans": [{"Node Type": "Nested Loop", "Parent Relationship": "Outer", "Join Type": "Inner", "Startup Cost": 0.0, "Total Cost": 110449.22, "Plan Rows": 645, "Plan Width": 41, "Inner Unique": false, "Plans": [{"Node Type": "Nested Loop", "Parent Relationship": "Outer", "Join Type": "Inner", "Startup Cost": 0.0, "Total Cost": 109995.01, "Plan Rows": 532, "Plan Width": 21, "Inner Unique": false, "Join Filter": "(ci.role_id = rt.id)", "Plans": [{"Node Type": "Index Scan", "Parent Relationship": "Outer", "Scan Direction": "Forward", "Index Name": "role_type_pkey", "Relation Name": "role_type", "Alias": "rt", "Startup Cost": 0.0, "Total Cost": 12.46, "Plan Rows": 1, "Plan Width": 4, "Filter": "((role)::text = 'actress'::text)"}, {"Node Type": "Nested Loop", "Parent Relationship": "Inner", "Join Type": "Inner", "Startup Cost": 0.0, "Total Cost": 109909.47, "Plan Rows": 5847, "Plan Width": 25, "Inner Unique": false, "Plans": [{"Node Type": "Nested Loop", "Parent Relationship": "Outer", "Join Type": "Inner", "Startup Cost": 0.0, "Total Cost": 104166.87, "Plan Rows": 5775, "Plan Width": 25, "Inner Unique": true, "Plans": [{"Node Type": "Nested Loop", "Parent Relationship": "Outer", "Join Type": "Inner", "Startup Cost": 0.0, "Total Cost": 81519.78, "Plan Rows": 5775, "Plan Width": 4, "Inner Unique": false, "Plans": [{"Node Type": "Index Scan", "Parent Relationship": "Outer", "Scan Direction": "Forward", "Index Name": "company_name_pkey", "Relation Name": "company_name", "Alias": "cn", "Startup Cost": 0.0, "Total Cost": 10501.39, "Plan Rows": 6290, "Plan Width": 4, "Filter": "((country_code)::text = '[jp]'::text)"}, {"Node Type": "Index Scan", "Parent Relationship": "Inner", "Scan Direction": "Forward", "Index Name": "company_id_movie_companies", "Relation Name": "movie_companies", "Alias": "mc", "Startup Cost": 0.0, "Total Cost": 11.28, "Plan Rows": 1, "Plan Width": 8, "Index Cond": "(company_id = cn.id)", "Filter": "(((note)::text ~~ '%(Japan)%'::text) AND ((note)::text !~~ '%(USA)%'::text))"}]}, {"Node Type": "Index Scan", "Parent Relationship": "Inner", "Scan Direction": "Forward", "Index Name": "title_pkey", "Relation Name": "title", "Alias": "t", "Startup Cost": 0.0, "Total Cost": 3.91, "Plan Rows": 1, "Plan Width": 21, "Index Cond": "(id = mc.movie_id)"}]}, {"Node Type": "Index Scan", "Parent Relationship": "Inner", "Scan Direction": "Forward", "Index Name": "movie_id_cast_info", "Relation Name": "cast_info", "Alias": "ci", "Startup Cost": 0.0, "Total Cost": 0.98, "Plan Rows": 1, "Plan Width": 12, "Index Cond": "(movie_id = t.id)", "Filter": "((note)::text = '(voice: English version)'::text)"}]}]}, {"Node Type": "Index Scan", "Parent Relationship": "Inner", "Scan Direction": "Forward", "Index Name": "person_id_aka_name", "Relation Name": "aka_name", "Alias": "an1", "Startup Cost": 0.0, "Total Cost": 0.84, "Plan Rows": 1, "Plan Width": 20, "Index Cond": "(person_id = ci.person_id)"}]}, {"Node Type": "Index Scan", "Parent Relationship": "Inner", "Scan Direction": "Forward", "Index Name": "name_pkey", "Relation Name": "name", "Alias": "n1", "Startup Cost": 0.0, "Total Cost": 0.57, "Plan Rows": 1, "Plan Width": 4, "Index Cond": "(id = an1.person_id)", "Filter": "(((name)::text ~~ '%Yo%'::text) AND ((name)::text !~~ '%Yu%'::text))"}]}]}, "Unique SQL Id": 3544391839, "Planner Runtime": 6}, "explain_analyze_plan": {"Plan": {"Node Type": "Aggregate", "Strategy": "Plain", "Startup Cost": 110824.82, "Total Cost": 110824.83, "Plan Rows": 1, "Plan Width": 97, "Actual Startup Time": 3997.073, "Actual Total Time": 3997.073, "Actual Rows": 1, "Actual Loops": 1, "Plans": [{"Node Type": "Nested Loop", "Parent Relationship": "Outer", "Join Type": "Inner", "Startup Cost": 0.0, "Total Cost": 110824.76, "Plan Rows": 12, "Plan Width": 33, "Actual Startup Time": 4.867, "Actual Total Time": 3996.759, "Actual Rows": 62, "Actual Loops": 1, "Inner Unique": true, "Plans": [{"Node Type": "Nested Loop", "Parent Relationship": "Outer", "Join Type": "Inner", "Startup Cost": 0.0, "Total Cost": 110449.22, "Plan Rows": 645, "Plan Width": 41, "Actual Startup Time": 0.353, "Actual Total Time": 3918.809, "Actual Rows": 17379, "Actual Loops": 1, "Inner Unique": false, "Plans": [{"Node Type": "Nested Loop", "Parent Relationship": "Outer", "Join Type": "Inner", "Startup Cost": 0.0, "Total Cost": 109995.01, "Plan Rows": 532, "Plan Width": 21, "Actual Startup Time": 0.336, "Actual Total Time": 3866.842, "Actual Rows": 7438, "Actual Loops": 1, "Inner Unique": false, "Join Filter": "(ci.role_id = rt.id)", "Rows Removed by Join Filter": 12162, "Plans": [{"Node Type": "Index Scan", "Parent Relationship": "Outer", "Scan Direction": "Forward", "Index Name": "role_type_pkey", "Relation Name": "role_type", "Alias": "rt", "Startup Cost": 0.0, "Total Cost": 12.46, "Plan Rows": 1, "Plan Width": 4, "Actual Startup Time": 0.024, "Actual Total Time": 0.033, "Actual Rows": 1, "Actual Loops": 1, "Filter": "((role)::text = 'actress'::text)", "Rows Removed by Filter": 11}, {"Node Type": "Nested Loop", "Parent Relationship": "Inner", "Join Type": "Inner", "Startup Cost": 0.0, "Total Cost": 109909.47, "Plan Rows": 5847, "Plan Width": 25, "Actual Startup Time": 0.307, "Actual Total Time": 3861.626, "Actual Rows": 19600, "Actual Loops": 1, "Inner Unique": false, "Plans": [{"Node Type": "Nested Loop", "Parent Relationship": "Outer", "Join Type": "Inner", "Startup Cost": 0.0, "Total Cost": 104166.87, "Plan Rows": 5775, "Plan Width": 25, "Actual Startup Time": 0.238, "Actual Total Time": 847.639, "Actual Rows": 48328, "Actual Loops": 1, "Inner Unique": true, "Plans": [{"Node Type": "Nested Loop", "Parent Relationship": "Outer", "Join Type": "Inner", "Startup Cost": 0.0, "Total Cost": 81519.78, "Plan Rows": 5775, "Plan Width": 4, "Actual Startup Time": 0.222, "Actual Total Time": 526.993, "Actual Rows": 48328, "Actual Loops": 1, "Inner Unique": false, "Plans": [{"Node Type": "Index Scan", "Parent Relationship": "Outer", "Scan Direction": "Forward", "Index Name": "company_name_pkey", "Relation Name": "company_name", "Alias": "cn", "Startup Cost": 0.0, "Total Cost": 10501.39, "Plan Rows": 6290, "Plan Width": 4, "Actual Startup Time": 0.188, "Actual Total Time": 296.022, "Actual Rows": 6752, "Actual Loops": 1, "Filter": "((country_code)::text = '[jp]'::text)", "Rows Removed by Filter": 228244}, {"Node Type": "Index Scan", "Parent Relationship": "Inner", "Scan Direction": "Forward", "Index Name": "company_id_movie_companies", "Relation Name": "movie_companies", "Alias": "mc", "Startup Cost": 0.0, "Total Cost": 11.28, "Plan Rows": 1, "Plan Width": 8, "Actual Startup Time": 55.45, "Actual Total Time": 215.038, "Actual Rows": 48328, "Actual Loops": 6752, "Index Cond": "(company_id = cn.id)", "Rows Removed by Index Recheck": 0, "Filter": "(((note)::text ~~ '%(Japan)%'::text) AND ((note)::text !~~ '%(USA)%'::text))", "Rows Removed by Filter": 56667}]}, {"Node Type": "Index Scan", "Parent Relationship": "Inner", "Scan Direction": "Forward", "Index Name": "title_pkey", "Relation Name": "title", "Alias": "t", "Startup Cost": 0.0, "Total Cost": 3.91, "Plan Rows": 1, "Plan Width": 21, "Actual Startup Time": 278.16, "Actual Total Time": 278.16, "Actual Rows": 48328, "Actual Loops": 48328, "Index Cond": "(id = mc.movie_id)", "Rows Removed by Index Recheck": 0}]}, {"Node Type": "Index Scan", "Parent Relationship": "Inner", "Scan Direction": "Forward", "Index Name": "movie_id_cast_info", "Relation Name": "cast_info", "Alias": "ci", "Startup Cost": 0.0, "Total Cost": 0.98, "Plan Rows": 1, "Plan Width": 12, "Actual Startup Time": 2849.927, "Actual Total Time": 2982.59, "Actual Rows": 19600, "Actual Loops": 48328, "Index Cond": "(movie_id = t.id)", "Rows Removed by Index Recheck": 0, "Filter": "((note)::text = '(voice: English version)'::text)", "Rows Removed by Filter": 1531710}]}]}, {"Node Type": "Index Scan", "Parent Relationship": "Inner", "Scan Direction": "Forward", "Index Name": "person_id_aka_name", "Relation Name": "aka_name", "Alias": "an1", "Startup Cost": 0.0, "Total Cost": 0.84, "Plan Rows": 1, "Plan Width": 20, "Actual Startup Time": 34.558, "Actual Total Time": 43.048, "Actual Rows": 17379, "Actual Loops": 7438, "Index Cond": "(person_id = ci.person_id)", "Rows Removed by Index Recheck": 0}]}, {"Node Type": "Index Scan", "Parent Relationship": "Inner", "Scan Direction": "Forward", "Index Name": "name_pkey", "Relation Name": "name", "Alias": "n1", "Startup Cost": 0.0, "Total Cost": 0.57, "Plan Rows": 1, "Plan Width": 4, "Actual Startup Time": 68.944, "Actual Total Time": 68.944, "Actual Rows": 62, "Actual Loops": 17379, "Index Cond": "(id = an1.person_id)", "Rows Removed by Index Recheck": 0, "Filter": "(((name)::text ~~ '%Yo%'::text) AND ((name)::text !~~ '%Yu%'::text))", "Rows Removed by Filter": 17317}]}]}, "Triggers": [], "Planner Runtime": 6, "Total Runtime": 3997.429, "Unique SQL Id": 3544391839}}, "(64, 62)": {"explain_plan": {"Plan": {"Node Type": "Aggregate", "Strategy": "Plain", "Startup Cost": 895092.73, "Total Cost": 895092.74, "Plan Rows": 1, "Plan Width": 97, "Plans": [{"Node Type": "Nested Loop", "Parent Relationship": "Outer", "Join Type": "Inner", "Startup Cost": 0.0, "Total Cost": 895092.67, "Plan Rows": 12, "Plan Width": 33, "Inner Unique": false, "Join Filter": "(mc.company_id = cn.id)", "Plans": [{"Node Type": "Seq Scan", "Parent Relationship": "Outer", "Relation Name": "company_name", "Alias": "cn", "Startup Cost": 0.0, "Total Cost": 5903.45, "Plan Rows": 6290, "Plan Width": 4, "Filter": "((country_code)::text = '[jp]'::text)"}, {"Node Type": "Materialize", "Parent Relationship": "Inner", "Startup Cost": 0.0, "Total Cost": 882113.16, "Plan Rows": 75, "Plan Width": 37, "Plans": [{"Node Type": "Streaming(type: LOCAL GATHER dop: 1/64)", "Parent Relationship": "Outer", "Startup Cost": 0.0, "Total Cost": 882112.78, "Plan Rows": 75, "Plan Width": 37, "Plans": [{"Node Type": "Nested Loop", "Parent Relationship": "Outer", "Join Type": "Inner", "Startup Cost": 0.0, "Total Cost": 882111.23, "Plan Rows": 75, "Plan Width": 37, "Inner Unique": false, "Join Filter": "(ci.movie_id = t.id)", "Plans": [{"Node Type": "Streaming(type: LOCAL ROUNDROBIN dop: 64/1)", "Parent Relationship": "Outer", "Startup Cost": 0.0, "Total Cost": 175227.87, "Plan Rows": 2528311, "Plan Width": 21, "Plans": [{"Node Type": "Seq Scan", "Parent Relationship": "Outer", "Relation Name": "title", "Alias": "t", "Startup Cost": 0.0, "Total Cost": 60069.11, "Plan Rows": 2528311, "Plan Width": 21}]}, {"Node Type": "Materialize", "Parent Relationship": "Inner", "Startup Cost": 0.0, "Total Cost": 662440.58, "Plan Rows": 4800, "Plan Width": 28, "Plans": [{"Node Type": "Streaming(type: BROADCAST dop: 64/64)", "Parent Relationship": "Outer", "Startup Cost": 0.0, "Total Cost": 662440.21, "Plan Rows": 4800, "Plan Width": 28, "Plans": [{"Node Type": "Nested Loop", "Parent Relationship": "Outer", "Join Type": "Inner", "Startup Cost": 0.0, "Total Cost": 599437.16, "Plan Rows": 75, "Plan Width": 28, "Inner Unique": false, "Join Filter": "(n1.id = an1.person_id)", "Plans": [{"Node Type": "Streaming(type: LOCAL REDISTRIBUTE dop: 64/1)", "Parent Relationship": "Outer", "Startup Cost": 0.0, "Total Cost": 119529.84, "Plan Rows": 901342, "Plan Width": 20, "Plans": [{"Node Type": "Seq Scan", "Parent Relationship": "Outer", "Relation Name": "aka_name", "Alias": "an1", "Startup Cost": 0.0, "Total Cost": 19908.42, "Plan Rows": 901342, "Plan Width": 20}]}, {"Node Type": "Materialize", "Parent Relationship": "Inner", "Startup Cost": 0.0, "Total Cost": 476425.01, "Plan Rows": 1055, "Plan Width": 20, "Plans": [{"Node Type": "Streaming(type: LOCAL REDISTRIBUTE dop: 64/64)", "Parent Relationship": "Outer", "Startup Cost": 0.0, "Total Cost": 476424.92, "Plan Rows": 1055, "Plan Width": 20, "Plans": [{"Node Type": "Nested Loop", "Parent Relationship": "Outer", "Join Type": "Inner", "Startup Cost": 0.0, "Total Cost": 413423.92, "Plan Rows": 1055, "Plan Width": 20, "Inner Unique": true, "Join Filter": "(ci.person_id = n1.id)", "Plans": [{"Node Type": "Streaming(type: BROADCAST dop: 64/1)", "Parent Relationship": "Outer", "Startup Cost": 0.0, "Total Cost": 337779.92, "Plan Rows": 213632, "Plan Width": 16, "Plans": [{"Node Type": "Nested Loop", "Parent Relationship": "Outer", "Join Type": "Inner", "Startup Cost": 0.0, "Total Cost": 270372.72, "Plan Rows": 3338, "Plan Width": 16, "Inner Unique": false, "Join Filter": "(ci.role_id = rt.id)", "Plans": [{"Node Type": "Seq Scan", "Parent Relationship": "Outer", "Relation Name": "role_type", "Alias": "rt", "Startup Cost": 0.0, "Total Cost": 1.15, "Plan Rows": 1, "Plan Width": 4, "Filter": "((role)::text = 'actress'::text)"}, {"Node Type": "Materialize", "Parent Relationship": "Inner", "Startup Cost": 0.0, "Total Cost": 270004.35, "Plan Rows": 36722, "Plan Width": 20, "Plans": [{"Node Type": "Streaming(type: LOCAL GATHER dop: 1/64)", "Parent Relationship": "Outer", "Startup Cost": 0.0, "Total Cost": 269912.55, "Plan Rows": 36722, "Plan Width": 20, "Plans": [{"Node Type": "Nested Loop", "Parent Relationship": "Outer", "Join Type": "Inner", "Startup Cost": 0.0, "Total Cost": 269154.97, "Plan Rows": 36722, "Plan Width": 20, "Inner Unique": false, "Join Filter": "(ci.movie_id = mc.movie_id)", "Plans": [{"Node Type": "Streaming(type: LOCAL REDISTRIBUTE dop: 64/64)", "Parent Relationship": "Outer", "Startup Cost": 0.0, "Total Cost": 136912.32, "Plan Rows": 96692, "Plan Width": 12, "Plans": [{"Node Type": "Seq Scan", "Parent Relationship": "Outer", "Relation Name": "cast_info", "Alias": "ci", "Startup Cost": 0.0, "Total Cost": 73820.73, "Plan Rows": 96692, "Plan Width": 12, "Filter": "((note)::text = '(voice: English version)'::text)"}]}, {"Node Type": "Materialize", "Parent Relationship": "Inner", "Startup Cost": 0.0, "Total Cost": 119345.75, "Plan Rows": 36426, "Plan Width": 8, "Plans": [{"Node Type": "Streaming(type: LOCAL REDISTRIBUTE dop: 64/1)", "Parent Relationship": "Outer", "Startup Cost": 0.0, "Total Cost": 119342.9, "Plan Rows": 36426, "Plan Width": 8, "Plans": [{"Node Type": "Seq Scan", "Parent Relationship": "Outer", "Relation Name": "movie_companies", "Alias": "mc", "Startup Cost": 0.0, "Total Cost": 54862.92, "Plan Rows": 36426, "Plan Width": 8, "Filter": "(((note)::text ~~ '%(Japan)%'::text) AND ((note)::text !~~ '%(USA)%'::text))"}]}]}]}]}]}]}]}, {"Node Type": "Materialize", "Parent Relationship": "Inner", "Startup Cost": 0.0, "Total Cost": 64780.92, "Plan Rows": 13886, "Plan Width": 4, "Plans": [{"Node Type": "Seq Scan", "Parent Relationship": "Outer", "Relation Name": "name", "Alias": "n1", "Startup Cost": 0.0, "Total Cost": 64779.83, "Plan Rows": 13886, "Plan Width": 4, "Filter": "(((name)::text ~~ '%Yo%'::text) AND ((name)::text !~~ '%Yu%'::text))"}]}]}]}]}]}]}]}]}]}]}]}]}, "Unique SQL Id": 3544391839, "Planner Runtime": 13}, "explain_analyze_plan": null}, "(64, 63)": {"explain_plan": {"Plan": {"Node Type": "Aggregate", "Strategy": "Plain", "Startup Cost": 7000209677653.96, "Total Cost": 7000209677653.97, "Plan Rows": 1, "Plan Width": 97, "Plans": [{"Node Type": "Nested Loop", "Parent Relationship": "Outer", "Join Type": "Inner", "Startup Cost": 70000000000.0, "Total Cost": 7000209677653.91, "Plan Rows": 12, "Plan Width": 33, "Inner Unique": false, "Join Filter": "(ci.movie_id = t.id)", "Plans": [{"Node Type": "Index Scan", "Parent Relationship": "Outer", "Scan Direction": "Forward", "Index Name": "title_pkey", "Relation Name": "title", "Alias": "t", "Startup Cost": 10000000000.0, "Total Cost": 1000011012048.91, "Plan Rows": 2528311, "Plan Width": 21}, {"Node Type": "Materialize", "Parent Relationship": "Inner", "Startup Cost": 60000000000.0, "Total Cost": 6000198210509.04, "Plan Rows": 12, "Plan Width": 24, "Plans": [{"Node Type": "Nested Loop", "Parent Relationship": "Outer", "Join Type": "Inner", "Startup Cost": 60000000000.0, "Total Cost": 6000198210508.98, "Plan Rows": 12, "Plan Width": 24, "Inner Unique": false, "Join Filter": "(n1.id = an1.person_id)", "Plans": [{"Node Type": "Nested Loop", "Parent Relationship": "Outer", "Join Type": "Inner", "Startup Cost": 50000000000.0, "Total Cost": 5000190257182.06, "Plan Rows": 78, "Plan Width": 16, "Inner Unique": true, "Join Filter": "(ci.person_id = n1.id)", "Plans": [{"Node Type": "Nested Loop", "Parent Relationship": "Outer", "Join Type": "Inner", "Startup Cost": 40000000000.0, "Total Cost": 4000170439317.36, "Plan Rows": 532, "Plan Width": 12, "Inner Unique": true, "Join Filter": "(ci.role_id = rt.id)", "Plans": [{"Node Type": "Nested Loop", "Parent Relationship": "Outer", "Join Type": "Inner", "Startup Cost": 30000000000.0, "Total Cost": 3000170437983.65, "Plan Rows": 5847, "Plan Width": 16, "Inner Unique": false, "Join Filter": "(mc.movie_id = ci.movie_id)", "Plans": [{"Node Type": "Nested Loop", "Parent Relationship": "Outer", "Join Type": "Inner", "Startup Cost": 20000000000.0, "Total Cost": 2000018843457.92, "Plan Rows": 5775, "Plan Width": 4, "Inner Unique": true, "Join Filter": "(cn.id = mc.company_id)", "Plans": [{"Node Type": "Index Scan", "Parent Relationship": "Outer", "Scan Direction": "Forward", "Index Name": "movie_id_movie_companies", "Relation Name": "movie_companies", "Alias": "mc", "Startup Cost": 10000000000.0, "Total Cost": 1000014356510.13, "Plan Rows": 36426, "Plan Width": 8, "Filter": "(((note)::text ~~ '%(Japan)%'::text) AND ((note)::text !~~ '%(USA)%'::text))"}, {"Node Type": "Materialize", "Parent Relationship": "Inner", "Startup Cost": 10000000000.0, "Total Cost": 1000001050170.42, "Plan Rows": 6290, "Plan Width": 4, "Plans": [{"Node Type": "Index Scan", "Parent Relationship": "Outer", "Scan Direction": "Forward", "Index Name": "company_name_pkey", "Relation Name": "company_name", "Alias": "cn", "Startup Cost": 10000000000.0, "Total Cost": 1000001050138.97, "Plan Rows": 6290, "Plan Width": 4, "Filter": "((country_code)::text = '[jp]'::text)"}]}]}, {"Node Type": "Materialize", "Parent Relationship": "Inner", "Startup Cost": 10000000000.0, "Total Cost": 1000143218822.96, "Plan Rows": 96692, "Plan Width": 12, "Plans": [{"Node Type": "Index Scan", "Parent Relationship": "Outer", "Scan Direction": "Forward", "Index Name": "role_id_cast_info", "Relation Name": "cast_info", "Alias": "ci", "Startup Cost": 10000000000.0, "Total Cost": 1000143218339.5, "Plan Rows": 96692, "Plan Width": 12, "Filter": "((note)::text = '(voice: English version)'::text)"}]}]}, {"Node Type": "Materialize", "Parent Relationship": "Inner", "Startup Cost": 10000000000.0, "Total Cost": 1000000001246.0, "Plan Rows": 1, "Plan Width": 4, "Plans": [{"Node Type": "Index Scan", "Parent Relationship": "Outer", "Scan Direction": "Forward", "Index Name": "role_type_pkey", "Relation Name": "role_type", "Alias": "rt", "Startup Cost": 10000000000.0, "Total Cost": 1000000001246.0, "Plan Rows": 1, "Plan Width": 4, "Filter": "((role)::text = 'actress'::text)"}]}]}, {"Node Type": "Materialize", "Parent Relationship": "Inner", "Startup Cost": 10000000000.0, "Total Cost": 1000019707089.13, "Plan Rows": 13886, "Plan Width": 4, "Plans": [{"Node Type": "Index Scan", "Parent Relationship": "Outer", "Scan Direction": "Forward", "Index Name": "name_pkey", "Relation Name": "name", "Alias": "n1", "Startup Cost": 10000000000.0, "Total Cost": 1000019707019.7, "Plan Rows": 13886, "Plan Width": 4, "Filter": "(((name)::text ~~ '%Yo%'::text) AND ((name)::text !~~ '%Yu%'::text))"}]}]}, {"Node Type": "Materialize", "Parent Relationship": "Inner", "Startup Cost": 10000000000.0, "Total Cost": 1000006901010.14, "Plan Rows": 901342, "Plan Width": 20, "Plans": [{"Node Type": "Index Scan", "Parent Relationship": "Outer", "Scan Direction": "Forward", "Index Name": "person_id_aka_name", "Relation Name": "aka_name", "Alias": "an1", "Startup Cost": 10000000000.0, "Total Cost": 1000006896503.43, "Plan Rows": 901342, "Plan Width": 20}]}]}]}]}]}, "Unique SQL Id": 3544391839, "Planner Runtime": 6}, "explain_analyze_plan": null}, "(64, 64)": {"explain_plan": {"Plan": {"Node Type": "Aggregate", "Strategy": "Plain", "Startup Cost": 90283.15, "Total Cost": 90283.16, "Plan Rows": 1, "Plan Width": 97, "Plans": [{"Node Type": "Nested Loop", "Parent Relationship": "Outer", "Join Type": "Inner", "Startup Cost": 5983.24, "Total Cost": 90279.92, "Plan Rows": 646, "Plan Width": 33, "Inner Unique": true, "Plans": [{"Node Type": "Nested Loop", "Parent Relationship": "Outer", "Join Type": "Inner", "Startup Cost": 5983.24, "Total Cost": 89904.38, "Plan Rows": 645, "Plan Width": 41, "Inner Unique": false, "Plans": [{"Node Type": "Hash Join", "Parent Relationship": "Outer", "Join Type": "Inner", "Startup Cost": 5983.24, "Total Cost": 89450.16, "Plan Rows": 532, "Plan Width": 21, "Inner Unique": true, "Hash Cond": "(ci.role_id = rt.id)", "Plans": [{"Node Type": "Nested Loop", "Parent Relationship": "Outer", "Join Type": "Inner", "Startup Cost": 5982.08, "Total Cost": 89429.03, "Plan Rows": 5847, "Plan Width": 25, "Inner Unique": false, "Plans": [{"Node Type": "Nested Loop", "Parent Relationship": "Outer", "Join Type": "Inner", "Startup Cost": 5982.08, "Total Cost": 83686.44, "Plan Rows": 5775, "Plan Width": 25, "Inner Unique": true, "Plans": [{"Node Type": "Hash Join", "Parent Relationship": "Outer", "Join Type": "Inner", "Startup Cost": 5982.08, "Total Cost": 61039.34, "Plan Rows": 5775, "Plan Width": 4, "Inner Unique": true, "Hash Cond": "(mc.company_id = cn.id)", "Plans": [{"Node Type": "Seq Scan", "Parent Relationship": "Outer", "Relation Name": "movie_companies", "Alias": "mc", "Startup Cost": 0.0, "Total Cost": 54862.92, "Plan Rows": 36426, "Plan Width": 8, "Filter": "(((note)::text ~~ '%(Japan)%'::text) AND ((note)::text !~~ '%(USA)%'::text))"}, {"Node Type": "Hash", "Parent Relationship": "Inner", "Startup Cost": 5903.45, "Total Cost": 5903.45, "Plan Rows": 6290, "Plan Width": 4, "Plans": [{"Node Type": "Seq Scan", "Parent Relationship": "Outer", "Relation Name": "company_name", "Alias": "cn", "Startup Cost": 0.0, "Total Cost": 5903.45, "Plan Rows": 6290, "Plan Width": 4, "Filter": "((country_code)::text = '[jp]'::text)"}]}]}, {"Node Type": "Index Scan", "Parent Relationship": "Inner", "Scan Direction": "Forward", "Index Name": "title_pkey", "Relation Name": "title", "Alias": "t", "Startup Cost": 0.0, "Total Cost": 3.91, "Plan Rows": 1, "Plan Width": 21, "Index Cond": "(id = mc.movie_id)"}]}, {"Node Type": "Index Scan", "Parent Relationship": "Inner", "Scan Direction": "Forward", "Index Name": "movie_id_cast_info", "Relation Name": "cast_info", "Alias": "ci", "Startup Cost": 0.0, "Total Cost": 0.98, "Plan Rows": 1, "Plan Width": 12, "Index Cond": "(movie_id = t.id)", "Filter": "((note)::text = '(voice: English version)'::text)"}]}, {"Node Type": "Hash", "Parent Relationship": "Inner", "Startup Cost": 1.15, "Total Cost": 1.15, "Plan Rows": 1, "Plan Width": 4, "Plans": [{"Node Type": "Seq Scan", "Parent Relationship": "Outer", "Relation Name": "role_type", "Alias": "rt", "Startup Cost": 0.0, "Total Cost": 1.15, "Plan Rows": 1, "Plan Width": 4, "Filter": "((role)::text = 'actress'::text)"}]}]}, {"Node Type": "Index Scan", "Parent Relationship": "Inner", "Scan Direction": "Forward", "Index Name": "person_id_aka_name", "Relation Name": "aka_name", "Alias": "an1", "Startup Cost": 0.0, "Total Cost": 0.84, "Plan Rows": 1, "Plan Width": 20, "Index Cond": "(person_id = ci.person_id)"}]}, {"Node Type": "Index Scan", "Parent Relationship": "Inner", "Scan Direction": "Forward", "Index Name": "name_pkey", "Relation Name": "name", "Alias": "n1", "Startup Cost": 0.0, "Total Cost": 0.57, "Plan Rows": 1, "Plan Width": 4, "Index Cond": "(id = an1.person_id)", "Filter": "(((name)::text ~~ '%Yo%'::text) AND ((name)::text !~~ '%Yu%'::text))"}]}]}, "Unique SQL Id": 3544391839, "Planner Runtime": 42}, "explain_analyze_plan": {"Plan": {"Node Type": "Aggregate", "Strategy": "Plain", "Startup Cost": 90283.15, "Total Cost": 90283.16, "Plan Rows": 1, "Plan Width": 97, "Actual Startup Time": 4080.68, "Actual Total Time": 4080.681, "Actual Rows": 1, "Actual Loops": 1, "Plans": [{"Node Type": "Nested Loop", "Parent Relationship": "Outer", "Join Type": "Inner", "Startup Cost": 5983.24, "Total Cost": 90279.92, "Plan Rows": 646, "Plan Width": 33, "Actual Startup Time": 365.037, "Actual Total Time": 4080.369, "Actual Rows": 62, "Actual Loops": 1, "Inner Unique": true, "Plans": [{"Node Type": "Nested Loop", "Parent Relationship": "Outer", "Join Type": "Inner", "Startup Cost": 5983.24, "Total Cost": 89904.38, "Plan Rows": 645, "Plan Width": 41, "Actual Startup Time": 85.485, "Actual Total Time": 4007.377, "Actual Rows": 17379, "Actual Loops": 1, "Inner Unique": false, "Plans": [{"Node Type": "Hash Join", "Parent Relationship": "Outer", "Join Type": "Inner", "Startup Cost": 5983.24, "Total Cost": 89450.16, "Plan Rows": 532, "Plan Width": 21, "Actual Startup Time": 85.463, "Actual Total Time": 3959.856, "Actual Rows": 7438, "Actual Loops": 1, "Inner Unique": true, "Hash Cond": "(ci.role_id = rt.id)", "Plans": [{"Node Type": "Nested Loop", "Parent Relationship": "Outer", "Join Type": "Inner", "Startup Cost": 5982.08, "Total Cost": 89429.03, "Plan Rows": 5847, "Plan Width": 25, "Actual Startup Time": 85.363, "Actual Total Time": 3953.379, "Actual Rows": 19600, "Actual Loops": 1, "Inner Unique": false, "Plans": [{"Node Type": "Nested Loop", "Parent Relationship": "Outer", "Join Type": "Inner", "Startup Cost": 5982.08, "Total Cost": 83686.44, "Plan Rows": 5775, "Plan Width": 25, "Actual Startup Time": 85.225, "Actual Total Time": 1323.482, "Actual Rows": 48328, "Actual Loops": 1, "Inner Unique": true, "Plans": [{"Node Type": "Hash Join", "Parent Relationship": "Outer", "Join Type": "Inner", "Startup Cost": 5982.08, "Total Cost": 61039.34, "Plan Rows": 5775, "Plan Width": 4, "Actual Startup Time": 85.19, "Actual Total Time": 1078.563, "Actual Rows": 48328, "Actual Loops": 1, "Inner Unique": true, "Hash Cond": "(mc.company_id = cn.id)", "Plans": [{"Node Type": "Seq Scan", "Parent Relationship": "Outer", "Relation Name": "movie_companies", "Alias": "mc", "Startup Cost": 0.0, "Total Cost": 54862.92, "Plan Rows": 36426, "Plan Width": 8, "Actual Startup Time": 0.225, "Actual Total Time": 959.202, "Actual Rows": 48897, "Actual Loops": 1, "Filter": "(((note)::text ~~ '%(Japan)%'::text) AND ((note)::text !~~ '%(USA)%'::text))", "Rows Removed by Filter": 2560231}, {"Node Type": "Hash", "Parent Relationship": "Inner", "Startup Cost": 5903.45, "Total Cost": 5903.45, "Plan Rows": 6290, "Plan Width": 4, "Actual Startup Time": 84.909, "Actual Total Time": 84.909, "Actual Rows": 6752, "Actual Loops": 1, "Hash Buckets": 32768, "Hash Batches": 1, "Original Hash Batches": 1, "Peak Memory Usage": 238, "Plans": [{"Node Type": "Seq Scan", "Parent Relationship": "Outer", "Relation Name": "company_name", "Alias": "cn", "Startup Cost": 0.0, "Total Cost": 5903.45, "Plan Rows": 6290, "Plan Width": 4, "Actual Startup Time": 0.023, "Actual Total Time": 82.584, "Actual Rows": 6752, "Actual Loops": 1, "Filter": "((country_code)::text = '[jp]'::text)", "Rows Removed by Filter": 228244}]}]}, {"Node Type": "Index Scan", "Parent Relationship": "Inner", "Scan Direction": "Forward", "Index Name": "title_pkey", "Relation Name": "title", "Alias": "t", "Startup Cost": 0.0, "Total Cost": 3.91, "Plan Rows": 1, "Plan Width": 21, "Actual Startup Time": 203.668, "Actual Total Time": 203.668, "Actual Rows": 48328, "Actual Loops": 48328, "Index Cond": "(id = mc.movie_id)", "Rows Removed by Index Recheck": 0}]}, {"Node Type": "Index Scan", "Parent Relationship": "Inner", "Scan Direction": "Forward", "Index Name": "movie_id_cast_info", "Relation Name": "cast_info", "Alias": "ci", "Startup Cost": 0.0, "Total Cost": 0.98, "Plan Rows": 1, "Plan Width": 12, "Actual Startup Time": 2480.383, "Actual Total Time": 2598.83, "Actual Rows": 19600, "Actual Loops": 48328, "Index Cond": "(movie_id = t.id)", "Rows Removed by Index Recheck": 0, "Filter": "((note)::text = '(voice: English version)'::text)", "Rows Removed by Filter": 1531710}]}, {"Node Type": "Hash", "Parent Relationship": "Inner", "Startup Cost": 1.15, "Total Cost": 1.15, "Plan Rows": 1, "Plan Width": 4, "Actual Startup Time": 0.045, "Actual Total Time": 0.045, "Actual Rows": 1, "Actual Loops": 1, "Hash Buckets": 32768, "Hash Batches": 1, "Original Hash Batches": 1, "Peak Memory Usage": 1, "Plans": [{"Node Type": "Seq Scan", "Parent Relationship": "Outer", "Relation Name": "role_type", "Alias": "rt", "Startup Cost": 0.0, "Total Cost": 1.15, "Plan Rows": 1, "Plan Width": 4, "Actual Startup Time": 0.031, "Actual Total Time": 0.036, "Actual Rows": 1, "Actual Loops": 1, "Filter": "((role)::text = 'actress'::text)", "Rows Removed by Filter": 11}]}]}, {"Node Type": "Index Scan", "Parent Relationship": "Inner", "Scan Direction": "Forward", "Index Name": "person_id_aka_name", "Relation Name": "aka_name", "Alias": "an1", "Startup Cost": 0.0, "Total Cost": 0.84, "Plan Rows": 1, "Plan Width": 20, "Actual Startup Time": 30.828, "Actual Total Time": 38.746, "Actual Rows": 17379, "Actual Loops": 7438, "Index Cond": "(person_id = ci.person_id)", "Rows Removed by Index Recheck": 0}]}, {"Node Type": "Index Scan", "Parent Relationship": "Inner", "Scan Direction": "Forward", "Index Name": "name_pkey", "Relation Name": "name", "Alias": "n1", "Startup Cost": 0.0, "Total Cost": 0.57, "Plan Rows": 1, "Plan Width": 4, "Actual Startup Time": 64.25, "Actual Total Time": 64.25, "Actual Rows": 62, "Actual Loops": 17379, "Index Cond": "(id = an1.person_id)", "Rows Removed by Index Recheck": 0, "Filter": "(((name)::text ~~ '%Yo%'::text) AND ((name)::text !~~ '%Yu%'::text))", "Rows Removed by Filter": 17317}]}]}, "Triggers": [], "Planner Runtime": 42, "Total Runtime": 4081.147, "Unique SQL Id": 3544391839}}, "(64, 65)": {"explain_plan": {"Plan": {"Node Type": "Aggregate", "Strategy": "Plain", "Startup Cost": 108955.01, "Total Cost": 108955.02, "Plan Rows": 1, "Plan Width": 97, "Plans": [{"Node Type": "Nested Loop", "Parent Relationship": "Outer", "Join Type": "Inner", "Startup Cost": 2793.28, "Total Cost": 108954.53, "Plan Rows": 96, "Plan Width": 33, "Inner Unique": true, "Plans": [{"Node Type": "Nested Loop", "Parent Relationship": "Outer", "Join Type": "Inner", "Startup Cost": 2793.28, "Total Cost": 108578.99, "Plan Rows": 645, "Plan Width": 41, "Inner Unique": false, "Plans": [{"Node Type": "Hash Join", "Parent Relationship": "Outer", "Join Type": "Inner", "Startup Cost": 2793.28, "Total Cost": 108124.77, "Plan Rows": 532, "Plan Width": 21, "Inner Unique": true, "Hash Cond": "(ci.role_id = rt.id)", "Plans": [{"Node Type": "Nested Loop", "Parent Relationship": "Outer", "Join Type": "Inner", "Startup Cost": 2780.8, "Total Cost": 108092.33, "Plan Rows": 5847, "Plan Width": 25, "Inner Unique": false, "Plans": [{"Node Type": "Nested Loop", "Parent Relationship": "Outer", "Join Type": "Inner", "Startup Cost": 2780.8, "Total Cost": 102349.74, "Plan Rows": 5775, "Plan Width": 25, "Inner Unique": true, "Plans": [{"Node Type": "Nested Loop", "Parent Relationship": "Outer", "Join Type": "Inner", "Startup Cost": 2780.8, "Total Cost": 79702.64, "Plan Rows": 5775, "Plan Width": 4, "Inner Unique": false, "Plans": [{"Node Type": "Bitmap Heap Scan", "Parent Relationship": "Outer", "Relation Name": "company_name", "Alias": "cn", "Startup Cost": 2780.8, "Total Cost": 8684.25, "Plan Rows": 6290, "Plan Width": 4, "Filter": "((country_code)::text = '[jp]'::text)", "Plans": [{"Node Type": "Bitmap Index Scan", "Parent Relationship": "Outer", "Index Name": "company_name_pkey", "Startup Cost": 0.0, "Total Cost": 2779.23, "Plan Rows": 234996, "Plan Width": 0}]}, {"Node Type": "Index Scan", "Parent Relationship": "Inner", "Scan Direction": "Forward", "Index Name": "company_id_movie_companies", "Relation Name": "movie_companies", "Alias": "mc", "Startup Cost": 0.0, "Total Cost": 11.28, "Plan Rows": 1, "Plan Width": 8, "Index Cond": "(company_id = cn.id)", "Filter": "(((note)::text ~~ '%(Japan)%'::text) AND ((note)::text !~~ '%(USA)%'::text))"}]}, {"Node Type": "Index Scan", "Parent Relationship": "Inner", "Scan Direction": "Forward", "Index Name": "title_pkey", "Relation Name": "title", "Alias": "t", "Startup Cost": 0.0, "Total Cost": 3.91, "Plan Rows": 1, "Plan Width": 21, "Index Cond": "(id = mc.movie_id)"}]}, {"Node Type": "Index Scan", "Parent Relationship": "Inner", "Scan Direction": "Forward", "Index Name": "movie_id_cast_info", "Relation Name": "cast_info", "Alias": "ci", "Startup Cost": 0.0, "Total Cost": 0.98, "Plan Rows": 1, "Plan Width": 12, "Index Cond": "(movie_id = t.id)", "Filter": "((note)::text = '(voice: English version)'::text)"}]}, {"Node Type": "Hash", "Parent Relationship": "Inner", "Startup Cost": 12.46, "Total Cost": 12.46, "Plan Rows": 1, "Plan Width": 4, "Plans": [{"Node Type": "Index Scan", "Parent Relationship": "Outer", "Scan Direction": "Forward", "Index Name": "role_type_pkey", "Relation Name": "role_type", "Alias": "rt", "Startup Cost": 0.0, "Total Cost": 12.46, "Plan Rows": 1, "Plan Width": 4, "Filter": "((role)::text = 'actress'::text)"}]}]}, {"Node Type": "Index Scan", "Parent Relationship": "Inner", "Scan Direction": "Forward", "Index Name": "person_id_aka_name", "Relation Name": "aka_name", "Alias": "an1", "Startup Cost": 0.0, "Total Cost": 0.84, "Plan Rows": 1, "Plan Width": 20, "Index Cond": "(person_id = ci.person_id)"}]}, {"Node Type": "Index Scan", "Parent Relationship": "Inner", "Scan Direction": "Forward", "Index Name": "name_pkey", "Relation Name": "name", "Alias": "n1", "Startup Cost": 0.0, "Total Cost": 0.57, "Plan Rows": 1, "Plan Width": 4, "Index Cond": "(id = an1.person_id)", "Filter": "(((name)::text ~~ '%Yo%'::text) AND ((name)::text !~~ '%Yu%'::text))"}]}]}, "Unique SQL Id": 3544391839, "Planner Runtime": 35}, "explain_analyze_plan": {"Plan": {"Node Type": "Aggregate", "Strategy": "Plain", "Startup Cost": 108955.01, "Total Cost": 108955.02, "Plan Rows": 1, "Plan Width": 97, "Actual Startup Time": 3826.68, "Actual Total Time": 3826.681, "Actual Rows": 1, "Actual Loops": 1, "Plans": [{"Node Type": "Nested Loop", "Parent Relationship": "Outer", "Join Type": "Inner", "Startup Cost": 2793.28, "Total Cost": 108954.53, "Plan Rows": 96, "Plan Width": 33, "Actual Startup Time": 300.736, "Actual Total Time": 3826.382, "Actual Rows": 62, "Actual Loops": 1, "Inner Unique": true, "Plans": [{"Node Type": "Nested Loop", "Parent Relationship": "Outer", "Join Type": "Inner", "Startup Cost": 2793.28, "Total Cost": 108578.99, "Plan Rows": 645, "Plan Width": 41, "Actual Startup Time": 23.024, "Actual Total Time": 3748.963, "Actual Rows": 17379, "Actual Loops": 1, "Inner Unique": false, "Plans": [{"Node Type": "Hash Join", "Parent Relationship": "Outer", "Join Type": "Inner", "Startup Cost": 2793.28, "Total Cost": 108124.77, "Plan Rows": 532, "Plan Width": 21, "Actual Startup Time": 23.008, "Actual Total Time": 3696.541, "Actual Rows": 7438, "Actual Loops": 1, "Inner Unique": true, "Hash Cond": "(ci.role_id = rt.id)", "Plans": [{"Node Type": "Nested Loop", "Parent Relationship": "Outer", "Join Type": "Inner", "Startup Cost": 2780.8, "Total Cost": 108092.33, "Plan Rows": 5847, "Plan Width": 25, "Actual Startup Time": 22.933, "Actual Total Time": 3689.781, "Actual Rows": 19600, "Actual Loops": 1, "Inner Unique": false, "Plans": [{"Node Type": "Nested Loop", "Parent Relationship": "Outer", "Join Type": "Inner", "Startup Cost": 2780.8, "Total Cost": 102349.74, "Plan Rows": 5775, "Plan Width": 25, "Actual Startup Time": 22.868, "Actual Total Time": 692.191, "Actual Rows": 48328, "Actual Loops": 1, "Inner Unique": true, "Plans": [{"Node Type": "Nested Loop", "Parent Relationship": "Outer", "Join Type": "Inner", "Startup Cost": 2780.8, "Total Cost": 79702.64, "Plan Rows": 5775, "Plan Width": 4, "Actual Startup Time": 22.853, "Actual Total Time": 368.734, "Actual Rows": 48328, "Actual Loops": 1, "Inner Unique": false, "Plans": [{"Node Type": "Bitmap Heap Scan", "Parent Relationship": "Outer", "Relation Name": "company_name", "Alias": "cn", "Startup Cost": 2780.8, "Total Cost": 8684.25, "Plan Rows": 6290, "Plan Width": 4, "Actual Startup Time": 22.814, "Actual Total Time": 132.85, "Actual Rows": 6752, "Actual Loops": 1, "Filter": "((country_code)::text = '[jp]'::text)", "Rows Removed by Filter": 228244, "Exact Heap Blocks": 2966, "Lossy Heap Blocks": 2966, "Plans": [{"Node Type": "Bitmap Index Scan", "Parent Relationship": "Outer", "Index Name": "company_name_pkey", "Startup Cost": 0.0, "Total Cost": 2779.23, "Plan Rows": 234996, "Plan Width": 0, "Actual Startup Time": 22.351, "Actual Total Time": 22.351, "Actual Rows": 234996, "Actual Loops": 1}]}, {"Node Type": "Index Scan", "Parent Relationship": "Inner", "Scan Direction": "Forward", "Index Name": "company_id_movie_companies", "Relation Name": "movie_companies", "Alias": "mc", "Startup Cost": 0.0, "Total Cost": 11.28, "Plan Rows": 1, "Plan Width": 8, "Actual Startup Time": 60.316, "Actual Total Time": 220.379, "Actual Rows": 48328, "Actual Loops": 6752, "Index Cond": "(company_id = cn.id)", "Rows Removed by Index Recheck": 0, "Filter": "(((note)::text ~~ '%(Japan)%'::text) AND ((note)::text !~~ '%(USA)%'::text))", "Rows Removed by Filter": 56667}]}, {"Node Type": "Index Scan", "Parent Relationship": "Inner", "Scan Direction": "Forward", "Index Name": "title_pkey", "Relation Name": "title", "Alias": "t", "Startup Cost": 0.0, "Total Cost": 3.91, "Plan Rows": 1, "Plan Width": 21, "Actual Startup Time": 281.92, "Actual Total Time": 281.92, "Actual Rows": 48328, "Actual Loops": 48328, "Index Cond": "(id = mc.movie_id)", "Rows Removed by Index Recheck": 0}]}, {"Node Type": "Index Scan", "Parent Relationship": "Inner", "Scan Direction": "Forward", "Index Name": "movie_id_cast_info", "Relation Name": "cast_info", "Alias": "ci", "Startup Cost": 0.0, "Total Cost": 0.98, "Plan Rows": 1, "Plan Width": 12, "Actual Startup Time": 2834.217, "Actual Total Time": 2966.897, "Actual Rows": 19600, "Actual Loops": 48328, "Index Cond": "(movie_id = t.id)", "Rows Removed by Index Recheck": 0, "Filter": "((note)::text = '(voice: English version)'::text)", "Rows Removed by Filter": 1531710}]}, {"Node Type": "Hash", "Parent Relationship": "Inner", "Startup Cost": 12.46, "Total Cost": 12.46, "Plan Rows": 1, "Plan Width": 4, "Actual Startup Time": 0.028, "Actual Total Time": 0.028, "Actual Rows": 1, "Actual Loops": 1, "Hash Buckets": 32768, "Hash Batches": 1, "Original Hash Batches": 1, "Peak Memory Usage": 1, "Plans": [{"Node Type": "Index Scan", "Parent Relationship": "Outer", "Scan Direction": "Forward", "Index Name": "role_type_pkey", "Relation Name": "role_type", "Alias": "rt", "Startup Cost": 0.0, "Total Cost": 12.46, "Plan Rows": 1, "Plan Width": 4, "Actual Startup Time": 0.016, "Actual Total Time": 0.022, "Actual Rows": 1, "Actual Loops": 1, "Filter": "((role)::text = 'actress'::text)", "Rows Removed by Filter": 11}]}]}, {"Node Type": "Index Scan", "Parent Relationship": "Inner", "Scan Direction": "Forward", "Index Name": "person_id_aka_name", "Relation Name": "aka_name", "Alias": "an1", "Startup Cost": 0.0, "Total Cost": 0.84, "Plan Rows": 1, "Plan Width": 20, "Actual Startup Time": 34.852, "Actual Total Time": 43.347, "Actual Rows": 17379, "Actual Loops": 7438, "Index Cond": "(person_id = ci.person_id)", "Rows Removed by Index Recheck": 0}]}, {"Node Type": "Index Scan", "Parent Relationship": "Inner", "Scan Direction": "Forward", "Index Name": "name_pkey", "Relation Name": "name", "Alias": "n1", "Startup Cost": 0.0, "Total Cost": 0.57, "Plan Rows": 1, "Plan Width": 4, "Actual Startup Time": 68.556, "Actual Total Time": 68.556, "Actual Rows": 62, "Actual Loops": 17379, "Index Cond": "(id = an1.person_id)", "Rows Removed by Index Recheck": 0, "Filter": "(((name)::text ~~ '%Yo%'::text) AND ((name)::text !~~ '%Yu%'::text))", "Rows Removed by Filter": 17317}]}]}, "Triggers": [], "Planner Runtime": 34, "Total Runtime": 3827.094, "Unique SQL Id": 3544391839}}, "(64, 66)": {"explain_plan": {"Plan": {"Node Type": "Aggregate", "Strategy": "Plain", "Startup Cost": 123459.03, "Total Cost": 123459.04, "Plan Rows": 1, "Plan Width": 97, "Plans": [{"Node Type": "Nested Loop", "Parent Relationship": "Outer", "Join Type": "Inner", "Startup Cost": 5985.74, "Total Cost": 123455.8, "Plan Rows": 646, "Plan Width": 33, "Inner Unique": true, "Plans": [{"Node Type": "Nested Loop", "Parent Relationship": "Outer", "Join Type": "Inner", "Startup Cost": 5985.41, "Total Cost": 120647.21, "Plan Rows": 645, "Plan Width": 41, "Inner Unique": false, "Plans": [{"Node Type": "Hash Join", "Parent Relationship": "Outer", "Join Type": "Inner", "Startup Cost": 5985.03, "Total Cost": 118304.65, "Plan Rows": 532, "Plan Width": 21, "Inner Unique": true, "Hash Cond": "(ci.role_id = rt.id)", "Plans": [{"Node Type": "Nested Loop", "Parent Relationship": "Outer", "Join Type": "Inner", "Startup Cost": 5983.86, "Total Cost": 118283.51, "Plan Rows": 5847, "Plan Width": 25, "Inner Unique": false, "Plans": [{"Node Type": "Nested Loop", "Parent Relationship": "Outer", "Join Type": "Inner", "Startup Cost": 5983.35, "Total Cost": 91625.69, "Plan Rows": 5775, "Plan Width": 25, "Inner Unique": true, "Plans": [{"Node Type": "Hash Join", "Parent Relationship": "Outer", "Join Type": "Inner", "Startup Cost": 5982.08, "Total Cost": 61039.34, "Plan Rows": 5775, "Plan Width": 4, "Inner Unique": true, "Hash Cond": "(mc.company_id = cn.id)", "Plans": [{"Node Type": "Seq Scan", "Parent Relationship": "Outer", "Relation Name": "movie_companies", "Alias": "mc", "Startup Cost": 0.0, "Total Cost": 54862.92, "Plan Rows": 36426, "Plan Width": 8, "Filter": "(((note)::text ~~ '%(Japan)%'::text) AND ((note)::text !~~ '%(USA)%'::text))"}, {"Node Type": "Hash", "Parent Relationship": "Inner", "Startup Cost": 5903.45, "Total Cost": 5903.45, "Plan Rows": 6290, "Plan Width": 4, "Plans": [{"Node Type": "Seq Scan", "Parent Relationship": "Outer", "Relation Name": "company_name", "Alias": "cn", "Startup Cost": 0.0, "Total Cost": 5903.45, "Plan Rows": 6290, "Plan Width": 4, "Filter": "((country_code)::text = '[jp]'::text)"}]}]}, {"Node Type": "Bitmap Heap Scan", "Parent Relationship": "Inner", "Relation Name": "title", "Alias": "t", "Startup Cost": 1.27, "Total Cost": 5.29, "Plan Rows": 1, "Plan Width": 21, "Recheck Cond": "(id = mc.movie_id)", "Plans": [{"Node Type": "Bitmap Index Scan", "Parent Relationship": "Outer", "Index Name": "title_pkey", "Startup Cost": 0.0, "Total Cost": 1.27, "Plan Rows": 1, "Plan Width": 0, "Index Cond": "(id = mc.movie_id)"}]}]}, {"Node Type": "Bitmap Heap Scan", "Parent Relationship": "Inner", "Relation Name": "cast_info", "Alias": "ci", "Startup Cost": 0.52, "Total Cost": 4.61, "Plan Rows": 1, "Plan Width": 12, "Recheck Cond": "(movie_id = t.id)", "Filter": "((note)::text = '(voice: English version)'::text)", "Plans": [{"Node Type": "Bitmap Index Scan", "Parent Relationship": "Outer", "Index Name": "movie_id_cast_info", "Startup Cost": 0.0, "Total Cost": 0.52, "Plan Rows": 6, "Plan Width": 0, "Index Cond": "(movie_id = t.id)"}]}]}, {"Node Type": "Hash", "Parent Relationship": "Inner", "Startup Cost": 1.15, "Total Cost": 1.15, "Plan Rows": 1, "Plan Width": 4, "Plans": [{"Node Type": "Seq Scan", "Parent Relationship": "Outer", "Relation Name": "role_type", "Alias": "rt", "Startup Cost": 0.0, "Total Cost": 1.15, "Plan Rows": 1, "Plan Width": 4, "Filter": "((role)::text = 'actress'::text)"}]}]}, {"Node Type": "Bitmap Heap Scan", "Parent Relationship": "Inner", "Relation Name": "aka_name", "Alias": "an1", "Startup Cost": 0.38, "Total Cost": 4.39, "Plan Rows": 1, "Plan Width": 20, "Recheck Cond": "(person_id = ci.person_id)", "Plans": [{"Node Type": "Bitmap Index Scan", "Parent Relationship": "Outer", "Index Name": "person_id_aka_name", "Startup Cost": 0.0, "Total Cost": 0.38, "Plan Rows": 1, "Plan Width": 0, "Index Cond": "(person_id = ci.person_id)"}]}]}, {"Node Type": "Bitmap Heap Scan", "Parent Relationship": "Inner", "Relation Name": "name", "Alias": "n1", "Startup Cost": 0.33, "Total Cost": 4.34, "Plan Rows": 1, "Plan Width": 4, "Recheck Cond": "(id = an1.person_id)", "Filter": "(((name)::text ~~ '%Yo%'::text) AND ((name)::text !~~ '%Yu%'::text))", "Plans": [{"Node Type": "Bitmap Index Scan", "Parent Relationship": "Outer", "Index Name": "name_pkey", "Startup Cost": 0.0, "Total Cost": 0.33, "Plan Rows": 1, "Plan Width": 0, "Index Cond": "(id = an1.person_id)"}]}]}]}, "Unique SQL Id": 3544391839, "Planner Runtime": 52}, "explain_analyze_plan": {"Plan": {"Node Type": "Aggregate", "Strategy": "Plain", "Startup Cost": 123459.03, "Total Cost": 123459.04, "Plan Rows": 1, "Plan Width": 97, "Actual Startup Time": 5124.224, "Actual Total Time": 5124.225, "Actual Rows": 1, "Actual Loops": 1, "Plans": [{"Node Type": "Nested Loop", "Parent Relationship": "Outer", "Join Type": "Inner", "Startup Cost": 5985.74, "Total Cost": 123455.8, "Plan Rows": 646, "Plan Width": 33, "Actual Startup Time": 462.337, "Actual Total Time": 5123.931, "Actual Rows": 62, "Actual Loops": 1, "Inner Unique": true, "Plans": [{"Node Type": "Nested Loop", "Parent Relationship": "Outer", "Join Type": "Inner", "Startup Cost": 5985.41, "Total Cost": 120647.21, "Plan Rows": 645, "Plan Width": 41, "Actual Startup Time": 86.158, "Actual Total Time": 5023.275, "Actual Rows": 17379, "Actual Loops": 1, "Inner Unique": false, "Plans": [{"Node Type": "Hash Join", "Parent Relationship": "Outer", "Join Type": "Inner", "Startup Cost": 5985.03, "Total Cost": 118304.65, "Plan Rows": 532, "Plan Width": 21, "Actual Startup Time": 86.129, "Actual Total Time": 4958.798, "Actual Rows": 7438, "Actual Loops": 1, "Inner Unique": true, "Hash Cond": "(ci.role_id = rt.id)", "Plans": [{"Node Type": "Nested Loop", "Parent Relationship": "Outer", "Join Type": "Inner", "Startup Cost": 5983.86, "Total Cost": 118283.51, "Plan Rows": 5847, "Plan Width": 25, "Actual Startup Time": 86.039, "Actual Total Time": 4952.151, "Actual Rows": 19600, "Actual Loops": 1, "Inner Unique": false, "Plans": [{"Node Type": "Nested Loop", "Parent Relationship": "Outer", "Join Type": "Inner", "Startup Cost": 5983.35, "Total Cost": 91625.69, "Plan Rows": 5775, "Plan Width": 25, "Actual Startup Time": 85.816, "Actual Total Time": 1442.844, "Actual Rows": 48328, "Actual Loops": 1, "Inner Unique": true, "Plans": [{"Node Type": "Hash Join", "Parent Relationship": "Outer", "Join Type": "Inner", "Startup Cost": 5982.08, "Total Cost": 61039.34, "Plan Rows": 5775, "Plan Width": 4, "Actual Startup Time": 85.742, "Actual Total Time": 1086.775, "Actual Rows": 48328, "Actual Loops": 1, "Inner Unique": true, "Hash Cond": "(mc.company_id = cn.id)", "Plans": [{"Node Type": "Seq Scan", "Parent Relationship": "Outer", "Relation Name": "movie_companies", "Alias": "mc", "Startup Cost": 0.0, "Total Cost": 54862.92, "Plan Rows": 36426, "Plan Width": 8, "Actual Startup Time": 0.241, "Actual Total Time": 963.727, "Actual Rows": 48897, "Actual Loops": 1, "Filter": "(((note)::text ~~ '%(Japan)%'::text) AND ((note)::text !~~ '%(USA)%'::text))", "Rows Removed by Filter": 2560231}, {"Node Type": "Hash", "Parent Relationship": "Inner", "Startup Cost": 5903.45, "Total Cost": 5903.45, "Plan Rows": 6290, "Plan Width": 4, "Actual Startup Time": 85.443, "Actual Total Time": 85.443, "Actual Rows": 6752, "Actual Loops": 1, "Hash Buckets": 32768, "Hash Batches": 1, "Original Hash Batches": 1, "Peak Memory Usage": 238, "Plans": [{"Node Type": "Seq Scan", "Parent Relationship": "Outer", "Relation Name": "company_name", "Alias": "cn", "Startup Cost": 0.0, "Total Cost": 5903.45, "Plan Rows": 6290, "Plan Width": 4, "Actual Startup Time": 0.027, "Actual Total Time": 83.328, "Actual Rows": 6752, "Actual Loops": 1, "Filter": "((country_code)::text = '[jp]'::text)", "Rows Removed by Filter": 228244}]}]}, {"Node Type": "Bitmap Heap Scan", "Parent Relationship": "Inner", "Relation Name": "title", "Alias": "t", "Startup Cost": 1.27, "Total Cost": 5.29, "Plan Rows": 1, "Plan Width": 21, "Actual Startup Time": 277.196, "Actual Total Time": 277.196, "Actual Rows": 48328, "Actual Loops": 48328, "Recheck Cond": "(id = mc.movie_id)", "Rows Removed by Index Recheck": 0, "Exact Heap Blocks": 48328, "Lossy Heap Blocks": 48328, "Plans": [{"Node Type": "Bitmap Index Scan", "Parent Relationship": "Outer", "Index Name": "title_pkey", "Startup Cost": 0.0, "Total Cost": 1.27, "Plan Rows": 1, "Plan Width": 0, "Actual Startup Time": 152.687, "Actual Total Time": 152.687, "Actual Rows": 48328, "Actual Loops": 48328, "Index Cond": "(id = mc.movie_id)"}]}]}, {"Node Type": "Bitmap Heap Scan", "Parent Relationship": "Inner", "Relation Name": "cast_info", "Alias": "ci", "Startup Cost": 0.52, "Total Cost": 4.61, "Plan Rows": 1, "Plan Width": 12, "Actual Startup Time": 3292.947, "Actual Total Time": 3435.644, "Actual Rows": 19600, "Actual Loops": 48328, "Recheck Cond": "(movie_id = t.id)", "Rows Removed by Index Recheck": 0, "Filter": "((note)::text = '(voice: English version)'::text)", "Rows Removed by Filter": 1531710, "Exact Heap Blocks": 1503105, "Lossy Heap Blocks": 1503105, "Plans": [{"Node Type": "Bitmap Index Scan", "Parent Relationship": "Outer", "Index Name": "movie_id_cast_info", "Startup Cost": 0.0, "Total Cost": 0.52, "Plan Rows": 6, "Plan Width": 0, "Actual Startup Time": 451.694, "Actual Total Time": 451.694, "Actual Rows": 1551310, "Actual Loops": 48328, "Index Cond": "(movie_id = t.id)"}]}]}, {"Node Type": "Hash", "Parent Relationship": "Inner", "Startup Cost": 1.15, "Total Cost": 1.15, "Plan Rows": 1, "Plan Width": 4, "Actual Startup Time": 0.045, "Actual Total Time": 0.045, "Actual Rows": 1, "Actual Loops": 1, "Hash Buckets": 32768, "Hash Batches": 1, "Original Hash Batches": 1, "Peak Memory Usage": 1, "Plans": [{"Node Type": "Seq Scan", "Parent Relationship": "Outer", "Relation Name": "role_type", "Alias": "rt", "Startup Cost": 0.0, "Total Cost": 1.15, "Plan Rows": 1, "Plan Width": 4, "Actual Startup Time": 0.031, "Actual Total Time": 0.036, "Actual Rows": 1, "Actual Loops": 1, "Filter": "((role)::text = 'actress'::text)", "Rows Removed by Filter": 11}]}]}, {"Node Type": "Bitmap Heap Scan", "Parent Relationship": "Inner", "Relation Name": "aka_name", "Alias": "an1", "Startup Cost": 0.38, "Total Cost": 4.39, "Plan Rows": 1, "Plan Width": 20, "Actual Startup Time": 44.813, "Actual Total Time": 49.996, "Actual Rows": 17379, "Actual Loops": 7438, "Recheck Cond": "(person_id = ci.person_id)", "Rows Removed by Index Recheck": 0, "Exact Heap Blocks": 6514, "Lossy Heap Blocks": 6514, "Plans": [{"Node Type": "Bitmap Index Scan", "Parent Relationship": "Outer", "Index Name": "person_id_aka_name", "Startup Cost": 0.0, "Total Cost": 0.38, "Plan Rows": 1, "Plan Width": 0, "Actual Startup Time": 29.678, "Actual Total Time": 29.678, "Actual Rows": 17379, "Actual Loops": 7438, "Index Cond": "(person_id = ci.person_id)"}]}]}, {"Node Type": "Bitmap Heap Scan", "Parent Relationship": "Inner", "Relation Name": "name", "Alias": "n1", "Startup Cost": 0.33, "Total Cost": 4.34, "Plan Rows": 1, "Plan Width": 4, "Actual Startup Time": 79.998, "Actual Total Time": 79.998, "Actual Rows": 62, "Actual Loops": 17379, "Recheck Cond": "(id = an1.person_id)", "Rows Removed by Index Recheck": 0, "Filter": "(((name)::text ~~ '%Yo%'::text) AND ((name)::text !~~ '%Yu%'::text))", "Rows Removed by Filter": 17317, "Exact Heap Blocks": 17379, "Lossy Heap Blocks": 17379, "Plans": [{"Node Type": "Bitmap Index Scan", "Parent Relationship": "Outer", "Index Name": "name_pkey", "Startup Cost": 0.0, "Total Cost": 0.33, "Plan Rows": 1, "Plan Width": 0, "Actual Startup Time": 46.702, "Actual Total Time": 46.702, "Actual Rows": 17379, "Actual Loops": 17379, "Index Cond": "(id = an1.person_id)"}]}]}]}, "Triggers": [], "Planner Runtime": 34, "Total Runtime": 5124.636, "Unique SQL Id": 3544391839}}, "(64, 67)": {"explain_plan": {"Plan": {"Node Type": "Aggregate", "Strategy": "Plain", "Startup Cost": 168753.08, "Total Cost": 168753.09, "Plan Rows": 1, "Plan Width": 97, "Plans": [{"Node Type": "Nested Loop", "Parent Relationship": "Outer", "Join Type": "Inner", "Startup Cost": 2799.15, "Total Cost": 168749.85, "Plan Rows": 646, "Plan Width": 33, "Inner Unique": true, "Plans": [{"Node Type": "Nested Loop", "Parent Relationship": "Outer", "Join Type": "Inner", "Startup Cost": 2798.82, "Total Cost": 165941.27, "Plan Rows": 645, "Plan Width": 41, "Inner Unique": false, "Plans": [{"Node Type": "Hash Join", "Parent Relationship": "Outer", "Join Type": "Inner", "Startup Cost": 2798.44, "Total Cost": 163598.7, "Plan Rows": 532, "Plan Width": 21, "Inner Unique": true, "Hash Cond": "(ci.role_id = rt.id)", "Plans": [{"Node Type": "Nested Loop", "Parent Relationship": "Outer", "Join Type": "Inner", "Startup Cost": 2785.97, "Total Cost": 163566.25, "Plan Rows": 5847, "Plan Width": 25, "Inner Unique": false, "Plans": [{"Node Type": "Nested Loop", "Parent Relationship": "Outer", "Join Type": "Inner", "Startup Cost": 2785.45, "Total Cost": 136908.44, "Plan Rows": 5775, "Plan Width": 25, "Inner Unique": true, "Plans": [{"Node Type": "Nested Loop", "Parent Relationship": "Outer", "Join Type": "Inner", "Startup Cost": 2784.18, "Total Cost": 106322.09, "Plan Rows": 5775, "Plan Width": 4, "Inner Unique": false, "Plans": [{"Node Type": "Bitmap Heap Scan", "Parent Relationship": "Outer", "Relation Name": "company_name", "Alias": "cn", "Startup Cost": 2780.8, "Total Cost": 8684.25, "Plan Rows": 6290, "Plan Width": 4, "Filter": "((country_code)::text = '[jp]'::text)", "Plans": [{"Node Type": "Bitmap Index Scan", "Parent Relationship": "Outer", "Index Name": "company_name_pkey", "Startup Cost": 0.0, "Total Cost": 2779.23, "Plan Rows": 234996, "Plan Width": 0}]}, {"Node Type": "Bitmap Heap Scan", "Parent Relationship": "Inner", "Relation Name": "movie_companies", "Alias": "mc", "Startup Cost": 3.37, "Total Cost": 15.51, "Plan Rows": 1, "Plan Width": 8, "Recheck Cond": "(company_id = cn.id)", "Filter": "(((note)::text ~~ '%(Japan)%'::text) AND ((note)::text !~~ '%(USA)%'::text))", "Plans": [{"Node Type": "Bitmap Index Scan", "Parent Relationship": "Outer", "Index Name": "company_id_movie_companies", "Startup Cost": 0.0, "Total Cost": 3.37, "Plan Rows": 15, "Plan Width": 0, "Index Cond": "(company_id = cn.id)"}]}]}, {"Node Type": "Bitmap Heap Scan", "Parent Relationship": "Inner", "Relation Name": "title", "Alias": "t", "Startup Cost": 1.27, "Total Cost": 5.29, "Plan Rows": 1, "Plan Width": 21, "Recheck Cond": "(id = mc.movie_id)", "Plans": [{"Node Type": "Bitmap Index Scan", "Parent Relationship": "Outer", "Index Name": "title_pkey", "Startup Cost": 0.0, "Total Cost": 1.27, "Plan Rows": 1, "Plan Width": 0, "Index Cond": "(id = mc.movie_id)"}]}]}, {"Node Type": "Bitmap Heap Scan", "Parent Relationship": "Inner", "Relation Name": "cast_info", "Alias": "ci", "Startup Cost": 0.52, "Total Cost": 4.61, "Plan Rows": 1, "Plan Width": 12, "Recheck Cond": "(movie_id = t.id)", "Filter": "((note)::text = '(voice: English version)'::text)", "Plans": [{"Node Type": "Bitmap Index Scan", "Parent Relationship": "Outer", "Index Name": "movie_id_cast_info", "Startup Cost": 0.0, "Total Cost": 0.52, "Plan Rows": 6, "Plan Width": 0, "Index Cond": "(movie_id = t.id)"}]}]}, {"Node Type": "Hash", "Parent Relationship": "Inner", "Startup Cost": 12.46, "Total Cost": 12.46, "Plan Rows": 1, "Plan Width": 4, "Plans": [{"Node Type": "Bitmap Heap Scan", "Parent Relationship": "Outer", "Relation Name": "role_type", "Alias": "rt", "Startup Cost": 8.31, "Total Cost": 12.46, "Plan Rows": 1, "Plan Width": 4, "Filter": "((role)::text = 'actress'::text)", "Plans": [{"Node Type": "Bitmap Index Scan", "Parent Relationship": "Outer", "Index Name": "role_type_pkey", "Startup Cost": 0.0, "Total Cost": 8.31, "Plan Rows": 12, "Plan Width": 0}]}]}]}, {"Node Type": "Bitmap Heap Scan", "Parent Relationship": "Inner", "Relation Name": "aka_name", "Alias": "an1", "Startup Cost": 0.38, "Total Cost": 4.39, "Plan Rows": 1, "Plan Width": 20, "Recheck Cond": "(person_id = ci.person_id)", "Plans": [{"Node Type": "Bitmap Index Scan", "Parent Relationship": "Outer", "Index Name": "person_id_aka_name", "Startup Cost": 0.0, "Total Cost": 0.38, "Plan Rows": 1, "Plan Width": 0, "Index Cond": "(person_id = ci.person_id)"}]}]}, {"Node Type": "Bitmap Heap Scan", "Parent Relationship": "Inner", "Relation Name": "name", "Alias": "n1", "Startup Cost": 0.33, "Total Cost": 4.34, "Plan Rows": 1, "Plan Width": 4, "Recheck Cond": "(id = an1.person_id)", "Filter": "(((name)::text ~~ '%Yo%'::text) AND ((name)::text !~~ '%Yu%'::text))", "Plans": [{"Node Type": "Bitmap Index Scan", "Parent Relationship": "Outer", "Index Name": "name_pkey", "Startup Cost": 0.0, "Total Cost": 0.33, "Plan Rows": 1, "Plan Width": 0, "Index Cond": "(id = an1.person_id)"}]}]}]}, "Unique SQL Id": 3544391839, "Planner Runtime": 32}, "explain_analyze_plan": {"Plan": {"Node Type": "Aggregate", "Strategy": "Plain", "Startup Cost": 168753.08, "Total Cost": 168753.09, "Plan Rows": 1, "Plan Width": 97, "Actual Startup Time": 4954.926, "Actual Total Time": 4954.926, "Actual Rows": 1, "Actual Loops": 1, "Plans": [{"Node Type": "Nested Loop", "Parent Relationship": "Outer", "Join Type": "Inner", "Startup Cost": 2799.15, "Total Cost": 168749.85, "Plan Rows": 646, "Plan Width": 33, "Actual Startup Time": 373.587, "Actual Total Time": 4954.472, "Actual Rows": 62, "Actual Loops": 1, "Inner Unique": true, "Plans": [{"Node Type": "Nested Loop", "Parent Relationship": "Outer", "Join Type": "Inner", "Startup Cost": 2798.82, "Total Cost": 165941.27, "Plan Rows": 645, "Plan Width": 41, "Actual Startup Time": 22.459, "Actual Total Time": 4850.666, "Actual Rows": 17379, "Actual Loops": 1, "Inner Unique": false, "Plans": [{"Node Type": "Hash Join", "Parent Relationship": "Outer", "Join Type": "Inner", "Startup Cost": 2798.44, "Total Cost": 163598.7, "Plan Rows": 532, "Plan Width": 21, "Actual Startup Time": 22.41, "Actual Total Time": 4780.186, "Actual Rows": 7438, "Actual Loops": 1, "Inner Unique": true, "Hash Cond": "(ci.role_id = rt.id)", "Plans": [{"Node Type": "Nested Loop", "Parent Relationship": "Outer", "Join Type": "Inner", "Startup Cost": 2785.97, "Total Cost": 163566.25, "Plan Rows": 5847, "Plan Width": 25, "Actual Startup Time": 22.305, "Actual Total Time": 4772.888, "Actual Rows": 19600, "Actual Loops": 1, "Inner Unique": false, "Plans": [{"Node Type": "Nested Loop", "Parent Relationship": "Outer", "Join Type": "Inner", "Startup Cost": 2785.45, "Total Cost": 136908.44, "Plan Rows": 5775, "Plan Width": 25, "Actual Startup Time": 22.19, "Actual Total Time": 857.33, "Actual Rows": 48328, "Actual Loops": 1, "Inner Unique": true, "Plans": [{"Node Type": "Nested Loop", "Parent Relationship": "Outer", "Join Type": "Inner", "Startup Cost": 2784.18, "Total Cost": 106322.09, "Plan Rows": 5775, "Plan Width": 4, "Actual Startup Time": 22.162, "Actual Total Time": 420.782, "Actual Rows": 48328, "Actual Loops": 1, "Inner Unique": false, "Plans": [{"Node Type": "Bitmap Heap Scan", "Parent Relationship": "Outer", "Relation Name": "company_name", "Alias": "cn", "Startup Cost": 2780.8, "Total Cost": 8684.25, "Plan Rows": 6290, "Plan Width": 4, "Actual Startup Time": 22.067, "Actual Total Time": 129.437, "Actual Rows": 6752, "Actual Loops": 1, "Filter": "((country_code)::text = '[jp]'::text)", "Rows Removed by Filter": 228244, "Exact Heap Blocks": 2966, "Lossy Heap Blocks": 2966, "Plans": [{"Node Type": "Bitmap Index Scan", "Parent Relationship": "Outer", "Index Name": "company_name_pkey", "Startup Cost": 0.0, "Total Cost": 2779.23, "Plan Rows": 234996, "Plan Width": 0, "Actual Startup Time": 21.584, "Actual Total Time": 21.584, "Actual Rows": 234996, "Actual Loops": 1}]}, {"Node Type": "Bitmap Heap Scan", "Parent Relationship": "Inner", "Relation Name": "movie_companies", "Alias": "mc", "Startup Cost": 3.37, "Total Cost": 15.51, "Plan Rows": 1, "Plan Width": 8, "Actual Startup Time": 95.315, "Actual Total Time": 267.397, "Actual Rows": 48328, "Actual Loops": 6752, "Recheck Cond": "(company_id = cn.id)", "Rows Removed by Index Recheck": 0, "Filter": "(((note)::text ~~ '%(Japan)%'::text) AND ((note)::text !~~ '%(USA)%'::text))", "Rows Removed by Filter": 56667, "Exact Heap Blocks": 61861, "Lossy Heap Blocks": 61861, "Plans": [{"Node Type": "Bitmap Index Scan", "Parent Relationship": "Outer", "Index Name": "company_id_movie_companies", "Startup Cost": 0.0, "Total Cost": 3.37, "Plan Rows": 15, "Plan Width": 0, "Actual Startup Time": 50.134, "Actual Total Time": 50.134, "Actual Rows": 104995, "Actual Loops": 6752, "Index Cond": "(company_id = cn.id)"}]}]}, {"Node Type": "Bitmap Heap Scan", "Parent Relationship": "Inner", "Relation Name": "title", "Alias": "t", "Startup Cost": 1.27, "Total Cost": 5.29, "Plan Rows": 1, "Plan Width": 21, "Actual Startup Time": 356.996, "Actual Total Time": 356.996, "Actual Rows": 48328, "Actual Loops": 48328, "Recheck Cond": "(id = mc.movie_id)", "Rows Removed by Index Recheck": 0, "Exact Heap Blocks": 48328, "Lossy Heap Blocks": 48328, "Plans": [{"Node Type": "Bitmap Index Scan", "Parent Relationship": "Outer", "Index Name": "title_pkey", "Startup Cost": 0.0, "Total Cost": 1.27, "Plan Rows": 1, "Plan Width": 0, "Actual Startup Time": 205.156, "Actual Total Time": 205.156, "Actual Rows": 48328, "Actual Loops": 48328, "Index Cond": "(id = mc.movie_id)"}]}]}, {"Node Type": "Bitmap Heap Scan", "Parent Relationship": "Inner", "Relation Name": "cast_info", "Alias": "ci", "Startup Cost": 0.52, "Total Cost": 4.61, "Plan Rows": 1, "Plan Width": 12, "Actual Startup Time": 3684.361, "Actual Total Time": 3840.333, "Actual Rows": 19600, "Actual Loops": 48328, "Recheck Cond": "(movie_id = t.id)", "Rows Removed by Index Recheck": 0, "Filter": "((note)::text = '(voice: English version)'::text)", "Rows Removed by Filter": 1531710, "Exact Heap Blocks": 1503105, "Lossy Heap Blocks": 1503105, "Plans": [{"Node Type": "Bitmap Index Scan", "Parent Relationship": "Outer", "Index Name": "movie_id_cast_info", "Startup Cost": 0.0, "Total Cost": 0.52, "Plan Rows": 6, "Plan Width": 0, "Actual Startup Time": 536.171, "Actual Total Time": 536.171, "Actual Rows": 1551310, "Actual Loops": 48328, "Index Cond": "(movie_id = t.id)"}]}]}, {"Node Type": "Hash", "Parent Relationship": "Inner", "Startup Cost": 12.46, "Total Cost": 12.46, "Plan Rows": 1, "Plan Width": 4, "Actual Startup Time": 0.051, "Actual Total Time": 0.051, "Actual Rows": 1, "Actual Loops": 1, "Hash Buckets": 32768, "Hash Batches": 1, "Original Hash Batches": 1, "Peak Memory Usage": 1, "Plans": [{"Node Type": "Bitmap Heap Scan", "Parent Relationship": "Outer", "Relation Name": "role_type", "Alias": "rt", "Startup Cost": 8.31, "Total Cost": 12.46, "Plan Rows": 1, "Plan Width": 4, "Actual Startup Time": 0.04, "Actual Total Time": 0.042, "Actual Rows": 1, "Actual Loops": 1, "Filter": "((role)::text = 'actress'::text)", "Rows Removed by Filter": 11, "Exact Heap Blocks": 1, "Lossy Heap Blocks": 1, "Plans": [{"Node Type": "Bitmap Index Scan", "Parent Relationship": "Outer", "Index Name": "role_type_pkey", "Startup Cost": 0.0, "Total Cost": 8.31, "Plan Rows": 12, "Plan Width": 0, "Actual Startup Time": 0.012, "Actual Total Time": 0.012, "Actual Rows": 12, "Actual Loops": 1}]}]}]}, {"Node Type": "Bitmap Heap Scan", "Parent Relationship": "Inner", "Relation Name": "aka_name", "Alias": "an1", "Startup Cost": 0.38, "Total Cost": 4.39, "Plan Rows": 1, "Plan Width": 20, "Actual Startup Time": 50.295, "Actual Total Time": 55.835, "Actual Rows": 17379, "Actual Loops": 7438, "Recheck Cond": "(person_id = ci.person_id)", "Rows Removed by Index Recheck": 0, "Exact Heap Blocks": 6514, "Lossy Heap Blocks": 6514, "Plans": [{"Node Type": "Bitmap Index Scan", "Parent Relationship": "Outer", "Index Name": "person_id_aka_name", "Startup Cost": 0.0, "Total Cost": 0.38, "Plan Rows": 1, "Plan Width": 0, "Actual Startup Time": 33.654, "Actual Total Time": 33.654, "Actual Rows": 17379, "Actual Loops": 7438, "Index Cond": "(person_id = ci.person_id)"}]}]}, {"Node Type": "Bitmap Heap Scan", "Parent Relationship": "Inner", "Relation Name": "name", "Alias": "n1", "Startup Cost": 0.33, "Total Cost": 4.34, "Plan Rows": 1, "Plan Width": 4, "Actual Startup Time": 83.105, "Actual Total Time": 83.105, "Actual Rows": 62, "Actual Loops": 17379, "Recheck Cond": "(id = an1.person_id)", "Rows Removed by Index Recheck": 0, "Filter": "(((name)::text ~~ '%Yo%'::text) AND ((name)::text !~~ '%Yu%'::text))", "Rows Removed by Filter": 17317, "Exact Heap Blocks": 17379, "Lossy Heap Blocks": 17379, "Plans": [{"Node Type": "Bitmap Index Scan", "Parent Relationship": "Outer", "Index Name": "name_pkey", "Startup Cost": 0.0, "Total Cost": 0.33, "Plan Rows": 1, "Plan Width": 0, "Actual Startup Time": 48.568, "Actual Total Time": 48.568, "Actual Rows": 17379, "Actual Loops": 17379, "Index Cond": "(id = an1.person_id)"}]}]}]}, "Triggers": [], "Planner Runtime": 31, "Total Runtime": 4955.373, "Unique SQL Id": 3544391839}}, "(64, 68)": {"explain_plan": {"Plan": {"Node Type": "Aggregate", "Strategy": "Plain", "Startup Cost": 90283.15, "Total Cost": 90283.16, "Plan Rows": 1, "Plan Width": 97, "Plans": [{"Node Type": "Nested Loop", "Parent Relationship": "Outer", "Join Type": "Inner", "Startup Cost": 5983.24, "Total Cost": 90279.92, "Plan Rows": 646, "Plan Width": 33, "Inner Unique": true, "Plans": [{"Node Type": "Nested Loop", "Parent Relationship": "Outer", "Join Type": "Inner", "Startup Cost": 5983.24, "Total Cost": 89904.38, "Plan Rows": 645, "Plan Width": 41, "Inner Unique": false, "Plans": [{"Node Type": "Hash Join", "Parent Relationship": "Outer", "Join Type": "Inner", "Startup Cost": 5983.24, "Total Cost": 89450.16, "Plan Rows": 532, "Plan Width": 21, "Inner Unique": true, "Hash Cond": "(ci.role_id = rt.id)", "Plans": [{"Node Type": "Nested Loop", "Parent Relationship": "Outer", "Join Type": "Inner", "Startup Cost": 5982.08, "Total Cost": 89429.03, "Plan Rows": 5847, "Plan Width": 25, "Inner Unique": false, "Plans": [{"Node Type": "Nested Loop", "Parent Relationship": "Outer", "Join Type": "Inner", "Startup Cost": 5982.08, "Total Cost": 83686.44, "Plan Rows": 5775, "Plan Width": 25, "Inner Unique": true, "Plans": [{"Node Type": "Hash Join", "Parent Relationship": "Outer", "Join Type": "Inner", "Startup Cost": 5982.08, "Total Cost": 61039.34, "Plan Rows": 5775, "Plan Width": 4, "Inner Unique": true, "Hash Cond": "(mc.company_id = cn.id)", "Plans": [{"Node Type": "Seq Scan", "Parent Relationship": "Outer", "Relation Name": "movie_companies", "Alias": "mc", "Startup Cost": 0.0, "Total Cost": 54862.92, "Plan Rows": 36426, "Plan Width": 8, "Filter": "(((note)::text ~~ '%(Japan)%'::text) AND ((note)::text !~~ '%(USA)%'::text))"}, {"Node Type": "Hash", "Parent Relationship": "Inner", "Startup Cost": 5903.45, "Total Cost": 5903.45, "Plan Rows": 6290, "Plan Width": 4, "Plans": [{"Node Type": "Seq Scan", "Parent Relationship": "Outer", "Relation Name": "company_name", "Alias": "cn", "Startup Cost": 0.0, "Total Cost": 5903.45, "Plan Rows": 6290, "Plan Width": 4, "Filter": "((country_code)::text = '[jp]'::text)"}]}]}, {"Node Type": "Index Scan", "Parent Relationship": "Inner", "Scan Direction": "Forward", "Index Name": "title_pkey", "Relation Name": "title", "Alias": "t", "Startup Cost": 0.0, "Total Cost": 3.91, "Plan Rows": 1, "Plan Width": 21, "Index Cond": "(id = mc.movie_id)"}]}, {"Node Type": "Index Scan", "Parent Relationship": "Inner", "Scan Direction": "Forward", "Index Name": "movie_id_cast_info", "Relation Name": "cast_info", "Alias": "ci", "Startup Cost": 0.0, "Total Cost": 0.98, "Plan Rows": 1, "Plan Width": 12, "Index Cond": "(movie_id = t.id)", "Filter": "((note)::text = '(voice: English version)'::text)"}]}, {"Node Type": "Hash", "Parent Relationship": "Inner", "Startup Cost": 1.15, "Total Cost": 1.15, "Plan Rows": 1, "Plan Width": 4, "Plans": [{"Node Type": "Seq Scan", "Parent Relationship": "Outer", "Relation Name": "role_type", "Alias": "rt", "Startup Cost": 0.0, "Total Cost": 1.15, "Plan Rows": 1, "Plan Width": 4, "Filter": "((role)::text = 'actress'::text)"}]}]}, {"Node Type": "Index Scan", "Parent Relationship": "Inner", "Scan Direction": "Forward", "Index Name": "person_id_aka_name", "Relation Name": "aka_name", "Alias": "an1", "Startup Cost": 0.0, "Total Cost": 0.84, "Plan Rows": 1, "Plan Width": 20, "Index Cond": "(person_id = ci.person_id)"}]}, {"Node Type": "Index Scan", "Parent Relationship": "Inner", "Scan Direction": "Forward", "Index Name": "name_pkey", "Relation Name": "name", "Alias": "n1", "Startup Cost": 0.0, "Total Cost": 0.57, "Plan Rows": 1, "Plan Width": 4, "Index Cond": "(id = an1.person_id)", "Filter": "(((name)::text ~~ '%Yo%'::text) AND ((name)::text !~~ '%Yu%'::text))"}]}]}, "Unique SQL Id": 3544391839, "Planner Runtime": 42}, "explain_analyze_plan": {"Plan": {"Node Type": "Aggregate", "Strategy": "Plain", "Startup Cost": 90283.15, "Total Cost": 90283.16, "Plan Rows": 1, "Plan Width": 97, "Actual Startup Time": 4080.68, "Actual Total Time": 4080.681, "Actual Rows": 1, "Actual Loops": 1, "Plans": [{"Node Type": "Nested Loop", "Parent Relationship": "Outer", "Join Type": "Inner", "Startup Cost": 5983.24, "Total Cost": 90279.92, "Plan Rows": 646, "Plan Width": 33, "Actual Startup Time": 365.037, "Actual Total Time": 4080.369, "Actual Rows": 62, "Actual Loops": 1, "Inner Unique": true, "Plans": [{"Node Type": "Nested Loop", "Parent Relationship": "Outer", "Join Type": "Inner", "Startup Cost": 5983.24, "Total Cost": 89904.38, "Plan Rows": 645, "Plan Width": 41, "Actual Startup Time": 85.485, "Actual Total Time": 4007.377, "Actual Rows": 17379, "Actual Loops": 1, "Inner Unique": false, "Plans": [{"Node Type": "Hash Join", "Parent Relationship": "Outer", "Join Type": "Inner", "Startup Cost": 5983.24, "Total Cost": 89450.16, "Plan Rows": 532, "Plan Width": 21, "Actual Startup Time": 85.463, "Actual Total Time": 3959.856, "Actual Rows": 7438, "Actual Loops": 1, "Inner Unique": true, "Hash Cond": "(ci.role_id = rt.id)", "Plans": [{"Node Type": "Nested Loop", "Parent Relationship": "Outer", "Join Type": "Inner", "Startup Cost": 5982.08, "Total Cost": 89429.03, "Plan Rows": 5847, "Plan Width": 25, "Actual Startup Time": 85.363, "Actual Total Time": 3953.379, "Actual Rows": 19600, "Actual Loops": 1, "Inner Unique": false, "Plans": [{"Node Type": "Nested Loop", "Parent Relationship": "Outer", "Join Type": "Inner", "Startup Cost": 5982.08, "Total Cost": 83686.44, "Plan Rows": 5775, "Plan Width": 25, "Actual Startup Time": 85.225, "Actual Total Time": 1323.482, "Actual Rows": 48328, "Actual Loops": 1, "Inner Unique": true, "Plans": [{"Node Type": "Hash Join", "Parent Relationship": "Outer", "Join Type": "Inner", "Startup Cost": 5982.08, "Total Cost": 61039.34, "Plan Rows": 5775, "Plan Width": 4, "Actual Startup Time": 85.19, "Actual Total Time": 1078.563, "Actual Rows": 48328, "Actual Loops": 1, "Inner Unique": true, "Hash Cond": "(mc.company_id = cn.id)", "Plans": [{"Node Type": "Seq Scan", "Parent Relationship": "Outer", "Relation Name": "movie_companies", "Alias": "mc", "Startup Cost": 0.0, "Total Cost": 54862.92, "Plan Rows": 36426, "Plan Width": 8, "Actual Startup Time": 0.225, "Actual Total Time": 959.202, "Actual Rows": 48897, "Actual Loops": 1, "Filter": "(((note)::text ~~ '%(Japan)%'::text) AND ((note)::text !~~ '%(USA)%'::text))", "Rows Removed by Filter": 2560231}, {"Node Type": "Hash", "Parent Relationship": "Inner", "Startup Cost": 5903.45, "Total Cost": 5903.45, "Plan Rows": 6290, "Plan Width": 4, "Actual Startup Time": 84.909, "Actual Total Time": 84.909, "Actual Rows": 6752, "Actual Loops": 1, "Hash Buckets": 32768, "Hash Batches": 1, "Original Hash Batches": 1, "Peak Memory Usage": 238, "Plans": [{"Node Type": "Seq Scan", "Parent Relationship": "Outer", "Relation Name": "company_name", "Alias": "cn", "Startup Cost": 0.0, "Total Cost": 5903.45, "Plan Rows": 6290, "Plan Width": 4, "Actual Startup Time": 0.023, "Actual Total Time": 82.584, "Actual Rows": 6752, "Actual Loops": 1, "Filter": "((country_code)::text = '[jp]'::text)", "Rows Removed by Filter": 228244}]}]}, {"Node Type": "Index Scan", "Parent Relationship": "Inner", "Scan Direction": "Forward", "Index Name": "title_pkey", "Relation Name": "title", "Alias": "t", "Startup Cost": 0.0, "Total Cost": 3.91, "Plan Rows": 1, "Plan Width": 21, "Actual Startup Time": 203.668, "Actual Total Time": 203.668, "Actual Rows": 48328, "Actual Loops": 48328, "Index Cond": "(id = mc.movie_id)", "Rows Removed by Index Recheck": 0}]}, {"Node Type": "Index Scan", "Parent Relationship": "Inner", "Scan Direction": "Forward", "Index Name": "movie_id_cast_info", "Relation Name": "cast_info", "Alias": "ci", "Startup Cost": 0.0, "Total Cost": 0.98, "Plan Rows": 1, "Plan Width": 12, "Actual Startup Time": 2480.383, "Actual Total Time": 2598.83, "Actual Rows": 19600, "Actual Loops": 48328, "Index Cond": "(movie_id = t.id)", "Rows Removed by Index Recheck": 0, "Filter": "((note)::text = '(voice: English version)'::text)", "Rows Removed by Filter": 1531710}]}, {"Node Type": "Hash", "Parent Relationship": "Inner", "Startup Cost": 1.15, "Total Cost": 1.15, "Plan Rows": 1, "Plan Width": 4, "Actual Startup Time": 0.045, "Actual Total Time": 0.045, "Actual Rows": 1, "Actual Loops": 1, "Hash Buckets": 32768, "Hash Batches": 1, "Original Hash Batches": 1, "Peak Memory Usage": 1, "Plans": [{"Node Type": "Seq Scan", "Parent Relationship": "Outer", "Relation Name": "role_type", "Alias": "rt", "Startup Cost": 0.0, "Total Cost": 1.15, "Plan Rows": 1, "Plan Width": 4, "Actual Startup Time": 0.031, "Actual Total Time": 0.036, "Actual Rows": 1, "Actual Loops": 1, "Filter": "((role)::text = 'actress'::text)", "Rows Removed by Filter": 11}]}]}, {"Node Type": "Index Scan", "Parent Relationship": "Inner", "Scan Direction": "Forward", "Index Name": "person_id_aka_name", "Relation Name": "aka_name", "Alias": "an1", "Startup Cost": 0.0, "Total Cost": 0.84, "Plan Rows": 1, "Plan Width": 20, "Actual Startup Time": 30.828, "Actual Total Time": 38.746, "Actual Rows": 17379, "Actual Loops": 7438, "Index Cond": "(person_id = ci.person_id)", "Rows Removed by Index Recheck": 0}]}, {"Node Type": "Index Scan", "Parent Relationship": "Inner", "Scan Direction": "Forward", "Index Name": "name_pkey", "Relation Name": "name", "Alias": "n1", "Startup Cost": 0.0, "Total Cost": 0.57, "Plan Rows": 1, "Plan Width": 4, "Actual Startup Time": 64.25, "Actual Total Time": 64.25, "Actual Rows": 62, "Actual Loops": 17379, "Index Cond": "(id = an1.person_id)", "Rows Removed by Index Recheck": 0, "Filter": "(((name)::text ~~ '%Yo%'::text) AND ((name)::text !~~ '%Yu%'::text))", "Rows Removed by Filter": 17317}]}]}, "Triggers": [], "Planner Runtime": 42, "Total Runtime": 4081.147, "Unique SQL Id": 3544391839}}, "(64, 69)": {"explain_plan": {"Plan": {"Node Type": "Aggregate", "Strategy": "Plain", "Startup Cost": 108955.01, "Total Cost": 108955.02, "Plan Rows": 1, "Plan Width": 97, "Plans": [{"Node Type": "Nested Loop", "Parent Relationship": "Outer", "Join Type": "Inner", "Startup Cost": 2793.28, "Total Cost": 108954.53, "Plan Rows": 96, "Plan Width": 33, "Inner Unique": true, "Plans": [{"Node Type": "Nested Loop", "Parent Relationship": "Outer", "Join Type": "Inner", "Startup Cost": 2793.28, "Total Cost": 108578.99, "Plan Rows": 645, "Plan Width": 41, "Inner Unique": false, "Plans": [{"Node Type": "Hash Join", "Parent Relationship": "Outer", "Join Type": "Inner", "Startup Cost": 2793.28, "Total Cost": 108124.77, "Plan Rows": 532, "Plan Width": 21, "Inner Unique": true, "Hash Cond": "(ci.role_id = rt.id)", "Plans": [{"Node Type": "Nested Loop", "Parent Relationship": "Outer", "Join Type": "Inner", "Startup Cost": 2780.8, "Total Cost": 108092.33, "Plan Rows": 5847, "Plan Width": 25, "Inner Unique": false, "Plans": [{"Node Type": "Nested Loop", "Parent Relationship": "Outer", "Join Type": "Inner", "Startup Cost": 2780.8, "Total Cost": 102349.74, "Plan Rows": 5775, "Plan Width": 25, "Inner Unique": true, "Plans": [{"Node Type": "Nested Loop", "Parent Relationship": "Outer", "Join Type": "Inner", "Startup Cost": 2780.8, "Total Cost": 79702.64, "Plan Rows": 5775, "Plan Width": 4, "Inner Unique": false, "Plans": [{"Node Type": "Bitmap Heap Scan", "Parent Relationship": "Outer", "Relation Name": "company_name", "Alias": "cn", "Startup Cost": 2780.8, "Total Cost": 8684.25, "Plan Rows": 6290, "Plan Width": 4, "Filter": "((country_code)::text = '[jp]'::text)", "Plans": [{"Node Type": "Bitmap Index Scan", "Parent Relationship": "Outer", "Index Name": "company_name_pkey", "Startup Cost": 0.0, "Total Cost": 2779.23, "Plan Rows": 234996, "Plan Width": 0}]}, {"Node Type": "Index Scan", "Parent Relationship": "Inner", "Scan Direction": "Forward", "Index Name": "company_id_movie_companies", "Relation Name": "movie_companies", "Alias": "mc", "Startup Cost": 0.0, "Total Cost": 11.28, "Plan Rows": 1, "Plan Width": 8, "Index Cond": "(company_id = cn.id)", "Filter": "(((note)::text ~~ '%(Japan)%'::text) AND ((note)::text !~~ '%(USA)%'::text))"}]}, {"Node Type": "Index Scan", "Parent Relationship": "Inner", "Scan Direction": "Forward", "Index Name": "title_pkey", "Relation Name": "title", "Alias": "t", "Startup Cost": 0.0, "Total Cost": 3.91, "Plan Rows": 1, "Plan Width": 21, "Index Cond": "(id = mc.movie_id)"}]}, {"Node Type": "Index Scan", "Parent Relationship": "Inner", "Scan Direction": "Forward", "Index Name": "movie_id_cast_info", "Relation Name": "cast_info", "Alias": "ci", "Startup Cost": 0.0, "Total Cost": 0.98, "Plan Rows": 1, "Plan Width": 12, "Index Cond": "(movie_id = t.id)", "Filter": "((note)::text = '(voice: English version)'::text)"}]}, {"Node Type": "Hash", "Parent Relationship": "Inner", "Startup Cost": 12.46, "Total Cost": 12.46, "Plan Rows": 1, "Plan Width": 4, "Plans": [{"Node Type": "Index Scan", "Parent Relationship": "Outer", "Scan Direction": "Forward", "Index Name": "role_type_pkey", "Relation Name": "role_type", "Alias": "rt", "Startup Cost": 0.0, "Total Cost": 12.46, "Plan Rows": 1, "Plan Width": 4, "Filter": "((role)::text = 'actress'::text)"}]}]}, {"Node Type": "Index Scan", "Parent Relationship": "Inner", "Scan Direction": "Forward", "Index Name": "person_id_aka_name", "Relation Name": "aka_name", "Alias": "an1", "Startup Cost": 0.0, "Total Cost": 0.84, "Plan Rows": 1, "Plan Width": 20, "Index Cond": "(person_id = ci.person_id)"}]}, {"Node Type": "Index Scan", "Parent Relationship": "Inner", "Scan Direction": "Forward", "Index Name": "name_pkey", "Relation Name": "name", "Alias": "n1", "Startup Cost": 0.0, "Total Cost": 0.57, "Plan Rows": 1, "Plan Width": 4, "Index Cond": "(id = an1.person_id)", "Filter": "(((name)::text ~~ '%Yo%'::text) AND ((name)::text !~~ '%Yu%'::text))"}]}]}, "Unique SQL Id": 3544391839, "Planner Runtime": 34}, "explain_analyze_plan": {"Plan": {"Node Type": "Aggregate", "Strategy": "Plain", "Startup Cost": 108955.01, "Total Cost": 108955.02, "Plan Rows": 1, "Plan Width": 97, "Actual Startup Time": 3826.68, "Actual Total Time": 3826.681, "Actual Rows": 1, "Actual Loops": 1, "Plans": [{"Node Type": "Nested Loop", "Parent Relationship": "Outer", "Join Type": "Inner", "Startup Cost": 2793.28, "Total Cost": 108954.53, "Plan Rows": 96, "Plan Width": 33, "Actual Startup Time": 300.736, "Actual Total Time": 3826.382, "Actual Rows": 62, "Actual Loops": 1, "Inner Unique": true, "Plans": [{"Node Type": "Nested Loop", "Parent Relationship": "Outer", "Join Type": "Inner", "Startup Cost": 2793.28, "Total Cost": 108578.99, "Plan Rows": 645, "Plan Width": 41, "Actual Startup Time": 23.024, "Actual Total Time": 3748.963, "Actual Rows": 17379, "Actual Loops": 1, "Inner Unique": false, "Plans": [{"Node Type": "Hash Join", "Parent Relationship": "Outer", "Join Type": "Inner", "Startup Cost": 2793.28, "Total Cost": 108124.77, "Plan Rows": 532, "Plan Width": 21, "Actual Startup Time": 23.008, "Actual Total Time": 3696.541, "Actual Rows": 7438, "Actual Loops": 1, "Inner Unique": true, "Hash Cond": "(ci.role_id = rt.id)", "Plans": [{"Node Type": "Nested Loop", "Parent Relationship": "Outer", "Join Type": "Inner", "Startup Cost": 2780.8, "Total Cost": 108092.33, "Plan Rows": 5847, "Plan Width": 25, "Actual Startup Time": 22.933, "Actual Total Time": 3689.781, "Actual Rows": 19600, "Actual Loops": 1, "Inner Unique": false, "Plans": [{"Node Type": "Nested Loop", "Parent Relationship": "Outer", "Join Type": "Inner", "Startup Cost": 2780.8, "Total Cost": 102349.74, "Plan Rows": 5775, "Plan Width": 25, "Actual Startup Time": 22.868, "Actual Total Time": 692.191, "Actual Rows": 48328, "Actual Loops": 1, "Inner Unique": true, "Plans": [{"Node Type": "Nested Loop", "Parent Relationship": "Outer", "Join Type": "Inner", "Startup Cost": 2780.8, "Total Cost": 79702.64, "Plan Rows": 5775, "Plan Width": 4, "Actual Startup Time": 22.853, "Actual Total Time": 368.734, "Actual Rows": 48328, "Actual Loops": 1, "Inner Unique": false, "Plans": [{"Node Type": "Bitmap Heap Scan", "Parent Relationship": "Outer", "Relation Name": "company_name", "Alias": "cn", "Startup Cost": 2780.8, "Total Cost": 8684.25, "Plan Rows": 6290, "Plan Width": 4, "Actual Startup Time": 22.814, "Actual Total Time": 132.85, "Actual Rows": 6752, "Actual Loops": 1, "Filter": "((country_code)::text = '[jp]'::text)", "Rows Removed by Filter": 228244, "Exact Heap Blocks": 2966, "Lossy Heap Blocks": 2966, "Plans": [{"Node Type": "Bitmap Index Scan", "Parent Relationship": "Outer", "Index Name": "company_name_pkey", "Startup Cost": 0.0, "Total Cost": 2779.23, "Plan Rows": 234996, "Plan Width": 0, "Actual Startup Time": 22.351, "Actual Total Time": 22.351, "Actual Rows": 234996, "Actual Loops": 1}]}, {"Node Type": "Index Scan", "Parent Relationship": "Inner", "Scan Direction": "Forward", "Index Name": "company_id_movie_companies", "Relation Name": "movie_companies", "Alias": "mc", "Startup Cost": 0.0, "Total Cost": 11.28, "Plan Rows": 1, "Plan Width": 8, "Actual Startup Time": 60.316, "Actual Total Time": 220.379, "Actual Rows": 48328, "Actual Loops": 6752, "Index Cond": "(company_id = cn.id)", "Rows Removed by Index Recheck": 0, "Filter": "(((note)::text ~~ '%(Japan)%'::text) AND ((note)::text !~~ '%(USA)%'::text))", "Rows Removed by Filter": 56667}]}, {"Node Type": "Index Scan", "Parent Relationship": "Inner", "Scan Direction": "Forward", "Index Name": "title_pkey", "Relation Name": "title", "Alias": "t", "Startup Cost": 0.0, "Total Cost": 3.91, "Plan Rows": 1, "Plan Width": 21, "Actual Startup Time": 281.92, "Actual Total Time": 281.92, "Actual Rows": 48328, "Actual Loops": 48328, "Index Cond": "(id = mc.movie_id)", "Rows Removed by Index Recheck": 0}]}, {"Node Type": "Index Scan", "Parent Relationship": "Inner", "Scan Direction": "Forward", "Index Name": "movie_id_cast_info", "Relation Name": "cast_info", "Alias": "ci", "Startup Cost": 0.0, "Total Cost": 0.98, "Plan Rows": 1, "Plan Width": 12, "Actual Startup Time": 2834.217, "Actual Total Time": 2966.897, "Actual Rows": 19600, "Actual Loops": 48328, "Index Cond": "(movie_id = t.id)", "Rows Removed by Index Recheck": 0, "Filter": "((note)::text = '(voice: English version)'::text)", "Rows Removed by Filter": 1531710}]}, {"Node Type": "Hash", "Parent Relationship": "Inner", "Startup Cost": 12.46, "Total Cost": 12.46, "Plan Rows": 1, "Plan Width": 4, "Actual Startup Time": 0.028, "Actual Total Time": 0.028, "Actual Rows": 1, "Actual Loops": 1, "Hash Buckets": 32768, "Hash Batches": 1, "Original Hash Batches": 1, "Peak Memory Usage": 1, "Plans": [{"Node Type": "Index Scan", "Parent Relationship": "Outer", "Scan Direction": "Forward", "Index Name": "role_type_pkey", "Relation Name": "role_type", "Alias": "rt", "Startup Cost": 0.0, "Total Cost": 12.46, "Plan Rows": 1, "Plan Width": 4, "Actual Startup Time": 0.016, "Actual Total Time": 0.022, "Actual Rows": 1, "Actual Loops": 1, "Filter": "((role)::text = 'actress'::text)", "Rows Removed by Filter": 11}]}]}, {"Node Type": "Index Scan", "Parent Relationship": "Inner", "Scan Direction": "Forward", "Index Name": "person_id_aka_name", "Relation Name": "aka_name", "Alias": "an1", "Startup Cost": 0.0, "Total Cost": 0.84, "Plan Rows": 1, "Plan Width": 20, "Actual Startup Time": 34.852, "Actual Total Time": 43.347, "Actual Rows": 17379, "Actual Loops": 7438, "Index Cond": "(person_id = ci.person_id)", "Rows Removed by Index Recheck": 0}]}, {"Node Type": "Index Scan", "Parent Relationship": "Inner", "Scan Direction": "Forward", "Index Name": "name_pkey", "Relation Name": "name", "Alias": "n1", "Startup Cost": 0.0, "Total Cost": 0.57, "Plan Rows": 1, "Plan Width": 4, "Actual Startup Time": 68.556, "Actual Total Time": 68.556, "Actual Rows": 62, "Actual Loops": 17379, "Index Cond": "(id = an1.person_id)", "Rows Removed by Index Recheck": 0, "Filter": "(((name)::text ~~ '%Yo%'::text) AND ((name)::text !~~ '%Yu%'::text))", "Rows Removed by Filter": 17317}]}]}, "Triggers": [], "Planner Runtime": 34, "Total Runtime": 3827.094, "Unique SQL Id": 3544391839}}, "(64, 70)": {"explain_plan": {"Plan": {"Node Type": "Aggregate", "Strategy": "Plain", "Startup Cost": 123459.03, "Total Cost": 123459.04, "Plan Rows": 1, "Plan Width": 97, "Plans": [{"Node Type": "Nested Loop", "Parent Relationship": "Outer", "Join Type": "Inner", "Startup Cost": 5985.74, "Total Cost": 123455.8, "Plan Rows": 646, "Plan Width": 33, "Inner Unique": true, "Plans": [{"Node Type": "Nested Loop", "Parent Relationship": "Outer", "Join Type": "Inner", "Startup Cost": 5985.41, "Total Cost": 120647.21, "Plan Rows": 645, "Plan Width": 41, "Inner Unique": false, "Plans": [{"Node Type": "Hash Join", "Parent Relationship": "Outer", "Join Type": "Inner", "Startup Cost": 5985.03, "Total Cost": 118304.65, "Plan Rows": 532, "Plan Width": 21, "Inner Unique": true, "Hash Cond": "(ci.role_id = rt.id)", "Plans": [{"Node Type": "Nested Loop", "Parent Relationship": "Outer", "Join Type": "Inner", "Startup Cost": 5983.86, "Total Cost": 118283.51, "Plan Rows": 5847, "Plan Width": 25, "Inner Unique": false, "Plans": [{"Node Type": "Nested Loop", "Parent Relationship": "Outer", "Join Type": "Inner", "Startup Cost": 5983.35, "Total Cost": 91625.69, "Plan Rows": 5775, "Plan Width": 25, "Inner Unique": true, "Plans": [{"Node Type": "Hash Join", "Parent Relationship": "Outer", "Join Type": "Inner", "Startup Cost": 5982.08, "Total Cost": 61039.34, "Plan Rows": 5775, "Plan Width": 4, "Inner Unique": true, "Hash Cond": "(mc.company_id = cn.id)", "Plans": [{"Node Type": "Seq Scan", "Parent Relationship": "Outer", "Relation Name": "movie_companies", "Alias": "mc", "Startup Cost": 0.0, "Total Cost": 54862.92, "Plan Rows": 36426, "Plan Width": 8, "Filter": "(((note)::text ~~ '%(Japan)%'::text) AND ((note)::text !~~ '%(USA)%'::text))"}, {"Node Type": "Hash", "Parent Relationship": "Inner", "Startup Cost": 5903.45, "Total Cost": 5903.45, "Plan Rows": 6290, "Plan Width": 4, "Plans": [{"Node Type": "Seq Scan", "Parent Relationship": "Outer", "Relation Name": "company_name", "Alias": "cn", "Startup Cost": 0.0, "Total Cost": 5903.45, "Plan Rows": 6290, "Plan Width": 4, "Filter": "((country_code)::text = '[jp]'::text)"}]}]}, {"Node Type": "Bitmap Heap Scan", "Parent Relationship": "Inner", "Relation Name": "title", "Alias": "t", "Startup Cost": 1.27, "Total Cost": 5.29, "Plan Rows": 1, "Plan Width": 21, "Recheck Cond": "(id = mc.movie_id)", "Plans": [{"Node Type": "Bitmap Index Scan", "Parent Relationship": "Outer", "Index Name": "title_pkey", "Startup Cost": 0.0, "Total Cost": 1.27, "Plan Rows": 1, "Plan Width": 0, "Index Cond": "(id = mc.movie_id)"}]}]}, {"Node Type": "Bitmap Heap Scan", "Parent Relationship": "Inner", "Relation Name": "cast_info", "Alias": "ci", "Startup Cost": 0.52, "Total Cost": 4.61, "Plan Rows": 1, "Plan Width": 12, "Recheck Cond": "(movie_id = t.id)", "Filter": "((note)::text = '(voice: English version)'::text)", "Plans": [{"Node Type": "Bitmap Index Scan", "Parent Relationship": "Outer", "Index Name": "movie_id_cast_info", "Startup Cost": 0.0, "Total Cost": 0.52, "Plan Rows": 6, "Plan Width": 0, "Index Cond": "(movie_id = t.id)"}]}]}, {"Node Type": "Hash", "Parent Relationship": "Inner", "Startup Cost": 1.15, "Total Cost": 1.15, "Plan Rows": 1, "Plan Width": 4, "Plans": [{"Node Type": "Seq Scan", "Parent Relationship": "Outer", "Relation Name": "role_type", "Alias": "rt", "Startup Cost": 0.0, "Total Cost": 1.15, "Plan Rows": 1, "Plan Width": 4, "Filter": "((role)::text = 'actress'::text)"}]}]}, {"Node Type": "Bitmap Heap Scan", "Parent Relationship": "Inner", "Relation Name": "aka_name", "Alias": "an1", "Startup Cost": 0.38, "Total Cost": 4.39, "Plan Rows": 1, "Plan Width": 20, "Recheck Cond": "(person_id = ci.person_id)", "Plans": [{"Node Type": "Bitmap Index Scan", "Parent Relationship": "Outer", "Index Name": "person_id_aka_name", "Startup Cost": 0.0, "Total Cost": 0.38, "Plan Rows": 1, "Plan Width": 0, "Index Cond": "(person_id = ci.person_id)"}]}]}, {"Node Type": "Bitmap Heap Scan", "Parent Relationship": "Inner", "Relation Name": "name", "Alias": "n1", "Startup Cost": 0.33, "Total Cost": 4.34, "Plan Rows": 1, "Plan Width": 4, "Recheck Cond": "(id = an1.person_id)", "Filter": "(((name)::text ~~ '%Yo%'::text) AND ((name)::text !~~ '%Yu%'::text))", "Plans": [{"Node Type": "Bitmap Index Scan", "Parent Relationship": "Outer", "Index Name": "name_pkey", "Startup Cost": 0.0, "Total Cost": 0.33, "Plan Rows": 1, "Plan Width": 0, "Index Cond": "(id = an1.person_id)"}]}]}]}, "Unique SQL Id": 3544391839, "Planner Runtime": 51}, "explain_analyze_plan": {"Plan": {"Node Type": "Aggregate", "Strategy": "Plain", "Startup Cost": 123459.03, "Total Cost": 123459.04, "Plan Rows": 1, "Plan Width": 97, "Actual Startup Time": 5124.224, "Actual Total Time": 5124.225, "Actual Rows": 1, "Actual Loops": 1, "Plans": [{"Node Type": "Nested Loop", "Parent Relationship": "Outer", "Join Type": "Inner", "Startup Cost": 5985.74, "Total Cost": 123455.8, "Plan Rows": 646, "Plan Width": 33, "Actual Startup Time": 462.337, "Actual Total Time": 5123.931, "Actual Rows": 62, "Actual Loops": 1, "Inner Unique": true, "Plans": [{"Node Type": "Nested Loop", "Parent Relationship": "Outer", "Join Type": "Inner", "Startup Cost": 5985.41, "Total Cost": 120647.21, "Plan Rows": 645, "Plan Width": 41, "Actual Startup Time": 86.158, "Actual Total Time": 5023.275, "Actual Rows": 17379, "Actual Loops": 1, "Inner Unique": false, "Plans": [{"Node Type": "Hash Join", "Parent Relationship": "Outer", "Join Type": "Inner", "Startup Cost": 5985.03, "Total Cost": 118304.65, "Plan Rows": 532, "Plan Width": 21, "Actual Startup Time": 86.129, "Actual Total Time": 4958.798, "Actual Rows": 7438, "Actual Loops": 1, "Inner Unique": true, "Hash Cond": "(ci.role_id = rt.id)", "Plans": [{"Node Type": "Nested Loop", "Parent Relationship": "Outer", "Join Type": "Inner", "Startup Cost": 5983.86, "Total Cost": 118283.51, "Plan Rows": 5847, "Plan Width": 25, "Actual Startup Time": 86.039, "Actual Total Time": 4952.151, "Actual Rows": 19600, "Actual Loops": 1, "Inner Unique": false, "Plans": [{"Node Type": "Nested Loop", "Parent Relationship": "Outer", "Join Type": "Inner", "Startup Cost": 5983.35, "Total Cost": 91625.69, "Plan Rows": 5775, "Plan Width": 25, "Actual Startup Time": 85.816, "Actual Total Time": 1442.844, "Actual Rows": 48328, "Actual Loops": 1, "Inner Unique": true, "Plans": [{"Node Type": "Hash Join", "Parent Relationship": "Outer", "Join Type": "Inner", "Startup Cost": 5982.08, "Total Cost": 61039.34, "Plan Rows": 5775, "Plan Width": 4, "Actual Startup Time": 85.742, "Actual Total Time": 1086.775, "Actual Rows": 48328, "Actual Loops": 1, "Inner Unique": true, "Hash Cond": "(mc.company_id = cn.id)", "Plans": [{"Node Type": "Seq Scan", "Parent Relationship": "Outer", "Relation Name": "movie_companies", "Alias": "mc", "Startup Cost": 0.0, "Total Cost": 54862.92, "Plan Rows": 36426, "Plan Width": 8, "Actual Startup Time": 0.241, "Actual Total Time": 963.727, "Actual Rows": 48897, "Actual Loops": 1, "Filter": "(((note)::text ~~ '%(Japan)%'::text) AND ((note)::text !~~ '%(USA)%'::text))", "Rows Removed by Filter": 2560231}, {"Node Type": "Hash", "Parent Relationship": "Inner", "Startup Cost": 5903.45, "Total Cost": 5903.45, "Plan Rows": 6290, "Plan Width": 4, "Actual Startup Time": 85.443, "Actual Total Time": 85.443, "Actual Rows": 6752, "Actual Loops": 1, "Hash Buckets": 32768, "Hash Batches": 1, "Original Hash Batches": 1, "Peak Memory Usage": 238, "Plans": [{"Node Type": "Seq Scan", "Parent Relationship": "Outer", "Relation Name": "company_name", "Alias": "cn", "Startup Cost": 0.0, "Total Cost": 5903.45, "Plan Rows": 6290, "Plan Width": 4, "Actual Startup Time": 0.027, "Actual Total Time": 83.328, "Actual Rows": 6752, "Actual Loops": 1, "Filter": "((country_code)::text = '[jp]'::text)", "Rows Removed by Filter": 228244}]}]}, {"Node Type": "Bitmap Heap Scan", "Parent Relationship": "Inner", "Relation Name": "title", "Alias": "t", "Startup Cost": 1.27, "Total Cost": 5.29, "Plan Rows": 1, "Plan Width": 21, "Actual Startup Time": 277.196, "Actual Total Time": 277.196, "Actual Rows": 48328, "Actual Loops": 48328, "Recheck Cond": "(id = mc.movie_id)", "Rows Removed by Index Recheck": 0, "Exact Heap Blocks": 48328, "Lossy Heap Blocks": 48328, "Plans": [{"Node Type": "Bitmap Index Scan", "Parent Relationship": "Outer", "Index Name": "title_pkey", "Startup Cost": 0.0, "Total Cost": 1.27, "Plan Rows": 1, "Plan Width": 0, "Actual Startup Time": 152.687, "Actual Total Time": 152.687, "Actual Rows": 48328, "Actual Loops": 48328, "Index Cond": "(id = mc.movie_id)"}]}]}, {"Node Type": "Bitmap Heap Scan", "Parent Relationship": "Inner", "Relation Name": "cast_info", "Alias": "ci", "Startup Cost": 0.52, "Total Cost": 4.61, "Plan Rows": 1, "Plan Width": 12, "Actual Startup Time": 3292.947, "Actual Total Time": 3435.644, "Actual Rows": 19600, "Actual Loops": 48328, "Recheck Cond": "(movie_id = t.id)", "Rows Removed by Index Recheck": 0, "Filter": "((note)::text = '(voice: English version)'::text)", "Rows Removed by Filter": 1531710, "Exact Heap Blocks": 1503105, "Lossy Heap Blocks": 1503105, "Plans": [{"Node Type": "Bitmap Index Scan", "Parent Relationship": "Outer", "Index Name": "movie_id_cast_info", "Startup Cost": 0.0, "Total Cost": 0.52, "Plan Rows": 6, "Plan Width": 0, "Actual Startup Time": 451.694, "Actual Total Time": 451.694, "Actual Rows": 1551310, "Actual Loops": 48328, "Index Cond": "(movie_id = t.id)"}]}]}, {"Node Type": "Hash", "Parent Relationship": "Inner", "Startup Cost": 1.15, "Total Cost": 1.15, "Plan Rows": 1, "Plan Width": 4, "Actual Startup Time": 0.045, "Actual Total Time": 0.045, "Actual Rows": 1, "Actual Loops": 1, "Hash Buckets": 32768, "Hash Batches": 1, "Original Hash Batches": 1, "Peak Memory Usage": 1, "Plans": [{"Node Type": "Seq Scan", "Parent Relationship": "Outer", "Relation Name": "role_type", "Alias": "rt", "Startup Cost": 0.0, "Total Cost": 1.15, "Plan Rows": 1, "Plan Width": 4, "Actual Startup Time": 0.031, "Actual Total Time": 0.036, "Actual Rows": 1, "Actual Loops": 1, "Filter": "((role)::text = 'actress'::text)", "Rows Removed by Filter": 11}]}]}, {"Node Type": "Bitmap Heap Scan", "Parent Relationship": "Inner", "Relation Name": "aka_name", "Alias": "an1", "Startup Cost": 0.38, "Total Cost": 4.39, "Plan Rows": 1, "Plan Width": 20, "Actual Startup Time": 44.813, "Actual Total Time": 49.996, "Actual Rows": 17379, "Actual Loops": 7438, "Recheck Cond": "(person_id = ci.person_id)", "Rows Removed by Index Recheck": 0, "Exact Heap Blocks": 6514, "Lossy Heap Blocks": 6514, "Plans": [{"Node Type": "Bitmap Index Scan", "Parent Relationship": "Outer", "Index Name": "person_id_aka_name", "Startup Cost": 0.0, "Total Cost": 0.38, "Plan Rows": 1, "Plan Width": 0, "Actual Startup Time": 29.678, "Actual Total Time": 29.678, "Actual Rows": 17379, "Actual Loops": 7438, "Index Cond": "(person_id = ci.person_id)"}]}]}, {"Node Type": "Bitmap Heap Scan", "Parent Relationship": "Inner", "Relation Name": "name", "Alias": "n1", "Startup Cost": 0.33, "Total Cost": 4.34, "Plan Rows": 1, "Plan Width": 4, "Actual Startup Time": 79.998, "Actual Total Time": 79.998, "Actual Rows": 62, "Actual Loops": 17379, "Recheck Cond": "(id = an1.person_id)", "Rows Removed by Index Recheck": 0, "Filter": "(((name)::text ~~ '%Yo%'::text) AND ((name)::text !~~ '%Yu%'::text))", "Rows Removed by Filter": 17317, "Exact Heap Blocks": 17379, "Lossy Heap Blocks": 17379, "Plans": [{"Node Type": "Bitmap Index Scan", "Parent Relationship": "Outer", "Index Name": "name_pkey", "Startup Cost": 0.0, "Total Cost": 0.33, "Plan Rows": 1, "Plan Width": 0, "Actual Startup Time": 46.702, "Actual Total Time": 46.702, "Actual Rows": 17379, "Actual Loops": 17379, "Index Cond": "(id = an1.person_id)"}]}]}]}, "Triggers": [], "Planner Runtime": 34, "Total Runtime": 5124.636, "Unique SQL Id": 3544391839}}, "(64, 71)": {"explain_plan": {"Plan": {"Node Type": "Aggregate", "Strategy": "Plain", "Startup Cost": 168753.08, "Total Cost": 168753.09, "Plan Rows": 1, "Plan Width": 97, "Plans": [{"Node Type": "Nested Loop", "Parent Relationship": "Outer", "Join Type": "Inner", "Startup Cost": 2799.15, "Total Cost": 168749.85, "Plan Rows": 646, "Plan Width": 33, "Inner Unique": true, "Plans": [{"Node Type": "Nested Loop", "Parent Relationship": "Outer", "Join Type": "Inner", "Startup Cost": 2798.82, "Total Cost": 165941.27, "Plan Rows": 645, "Plan Width": 41, "Inner Unique": false, "Plans": [{"Node Type": "Hash Join", "Parent Relationship": "Outer", "Join Type": "Inner", "Startup Cost": 2798.44, "Total Cost": 163598.7, "Plan Rows": 532, "Plan Width": 21, "Inner Unique": true, "Hash Cond": "(ci.role_id = rt.id)", "Plans": [{"Node Type": "Nested Loop", "Parent Relationship": "Outer", "Join Type": "Inner", "Startup Cost": 2785.97, "Total Cost": 163566.25, "Plan Rows": 5847, "Plan Width": 25, "Inner Unique": false, "Plans": [{"Node Type": "Nested Loop", "Parent Relationship": "Outer", "Join Type": "Inner", "Startup Cost": 2785.45, "Total Cost": 136908.44, "Plan Rows": 5775, "Plan Width": 25, "Inner Unique": true, "Plans": [{"Node Type": "Nested Loop", "Parent Relationship": "Outer", "Join Type": "Inner", "Startup Cost": 2784.18, "Total Cost": 106322.09, "Plan Rows": 5775, "Plan Width": 4, "Inner Unique": false, "Plans": [{"Node Type": "Bitmap Heap Scan", "Parent Relationship": "Outer", "Relation Name": "company_name", "Alias": "cn", "Startup Cost": 2780.8, "Total Cost": 8684.25, "Plan Rows": 6290, "Plan Width": 4, "Filter": "((country_code)::text = '[jp]'::text)", "Plans": [{"Node Type": "Bitmap Index Scan", "Parent Relationship": "Outer", "Index Name": "company_name_pkey", "Startup Cost": 0.0, "Total Cost": 2779.23, "Plan Rows": 234996, "Plan Width": 0}]}, {"Node Type": "Bitmap Heap Scan", "Parent Relationship": "Inner", "Relation Name": "movie_companies", "Alias": "mc", "Startup Cost": 3.37, "Total Cost": 15.51, "Plan Rows": 1, "Plan Width": 8, "Recheck Cond": "(company_id = cn.id)", "Filter": "(((note)::text ~~ '%(Japan)%'::text) AND ((note)::text !~~ '%(USA)%'::text))", "Plans": [{"Node Type": "Bitmap Index Scan", "Parent Relationship": "Outer", "Index Name": "company_id_movie_companies", "Startup Cost": 0.0, "Total Cost": 3.37, "Plan Rows": 15, "Plan Width": 0, "Index Cond": "(company_id = cn.id)"}]}]}, {"Node Type": "Bitmap Heap Scan", "Parent Relationship": "Inner", "Relation Name": "title", "Alias": "t", "Startup Cost": 1.27, "Total Cost": 5.29, "Plan Rows": 1, "Plan Width": 21, "Recheck Cond": "(id = mc.movie_id)", "Plans": [{"Node Type": "Bitmap Index Scan", "Parent Relationship": "Outer", "Index Name": "title_pkey", "Startup Cost": 0.0, "Total Cost": 1.27, "Plan Rows": 1, "Plan Width": 0, "Index Cond": "(id = mc.movie_id)"}]}]}, {"Node Type": "Bitmap Heap Scan", "Parent Relationship": "Inner", "Relation Name": "cast_info", "Alias": "ci", "Startup Cost": 0.52, "Total Cost": 4.61, "Plan Rows": 1, "Plan Width": 12, "Recheck Cond": "(movie_id = t.id)", "Filter": "((note)::text = '(voice: English version)'::text)", "Plans": [{"Node Type": "Bitmap Index Scan", "Parent Relationship": "Outer", "Index Name": "movie_id_cast_info", "Startup Cost": 0.0, "Total Cost": 0.52, "Plan Rows": 6, "Plan Width": 0, "Index Cond": "(movie_id = t.id)"}]}]}, {"Node Type": "Hash", "Parent Relationship": "Inner", "Startup Cost": 12.46, "Total Cost": 12.46, "Plan Rows": 1, "Plan Width": 4, "Plans": [{"Node Type": "Bitmap Heap Scan", "Parent Relationship": "Outer", "Relation Name": "role_type", "Alias": "rt", "Startup Cost": 8.31, "Total Cost": 12.46, "Plan Rows": 1, "Plan Width": 4, "Filter": "((role)::text = 'actress'::text)", "Plans": [{"Node Type": "Bitmap Index Scan", "Parent Relationship": "Outer", "Index Name": "role_type_pkey", "Startup Cost": 0.0, "Total Cost": 8.31, "Plan Rows": 12, "Plan Width": 0}]}]}]}, {"Node Type": "Bitmap Heap Scan", "Parent Relationship": "Inner", "Relation Name": "aka_name", "Alias": "an1", "Startup Cost": 0.38, "Total Cost": 4.39, "Plan Rows": 1, "Plan Width": 20, "Recheck Cond": "(person_id = ci.person_id)", "Plans": [{"Node Type": "Bitmap Index Scan", "Parent Relationship": "Outer", "Index Name": "person_id_aka_name", "Startup Cost": 0.0, "Total Cost": 0.38, "Plan Rows": 1, "Plan Width": 0, "Index Cond": "(person_id = ci.person_id)"}]}]}, {"Node Type": "Bitmap Heap Scan", "Parent Relationship": "Inner", "Relation Name": "name", "Alias": "n1", "Startup Cost": 0.33, "Total Cost": 4.34, "Plan Rows": 1, "Plan Width": 4, "Recheck Cond": "(id = an1.person_id)", "Filter": "(((name)::text ~~ '%Yo%'::text) AND ((name)::text !~~ '%Yu%'::text))", "Plans": [{"Node Type": "Bitmap Index Scan", "Parent Relationship": "Outer", "Index Name": "name_pkey", "Startup Cost": 0.0, "Total Cost": 0.33, "Plan Rows": 1, "Plan Width": 0, "Index Cond": "(id = an1.person_id)"}]}]}]}, "Unique SQL Id": 3544391839, "Planner Runtime": 31}, "explain_analyze_plan": {"Plan": {"Node Type": "Aggregate", "Strategy": "Plain", "Startup Cost": 168753.08, "Total Cost": 168753.09, "Plan Rows": 1, "Plan Width": 97, "Actual Startup Time": 4954.926, "Actual Total Time": 4954.926, "Actual Rows": 1, "Actual Loops": 1, "Plans": [{"Node Type": "Nested Loop", "Parent Relationship": "Outer", "Join Type": "Inner", "Startup Cost": 2799.15, "Total Cost": 168749.85, "Plan Rows": 646, "Plan Width": 33, "Actual Startup Time": 373.587, "Actual Total Time": 4954.472, "Actual Rows": 62, "Actual Loops": 1, "Inner Unique": true, "Plans": [{"Node Type": "Nested Loop", "Parent Relationship": "Outer", "Join Type": "Inner", "Startup Cost": 2798.82, "Total Cost": 165941.27, "Plan Rows": 645, "Plan Width": 41, "Actual Startup Time": 22.459, "Actual Total Time": 4850.666, "Actual Rows": 17379, "Actual Loops": 1, "Inner Unique": false, "Plans": [{"Node Type": "Hash Join", "Parent Relationship": "Outer", "Join Type": "Inner", "Startup Cost": 2798.44, "Total Cost": 163598.7, "Plan Rows": 532, "Plan Width": 21, "Actual Startup Time": 22.41, "Actual Total Time": 4780.186, "Actual Rows": 7438, "Actual Loops": 1, "Inner Unique": true, "Hash Cond": "(ci.role_id = rt.id)", "Plans": [{"Node Type": "Nested Loop", "Parent Relationship": "Outer", "Join Type": "Inner", "Startup Cost": 2785.97, "Total Cost": 163566.25, "Plan Rows": 5847, "Plan Width": 25, "Actual Startup Time": 22.305, "Actual Total Time": 4772.888, "Actual Rows": 19600, "Actual Loops": 1, "Inner Unique": false, "Plans": [{"Node Type": "Nested Loop", "Parent Relationship": "Outer", "Join Type": "Inner", "Startup Cost": 2785.45, "Total Cost": 136908.44, "Plan Rows": 5775, "Plan Width": 25, "Actual Startup Time": 22.19, "Actual Total Time": 857.33, "Actual Rows": 48328, "Actual Loops": 1, "Inner Unique": true, "Plans": [{"Node Type": "Nested Loop", "Parent Relationship": "Outer", "Join Type": "Inner", "Startup Cost": 2784.18, "Total Cost": 106322.09, "Plan Rows": 5775, "Plan Width": 4, "Actual Startup Time": 22.162, "Actual Total Time": 420.782, "Actual Rows": 48328, "Actual Loops": 1, "Inner Unique": false, "Plans": [{"Node Type": "Bitmap Heap Scan", "Parent Relationship": "Outer", "Relation Name": "company_name", "Alias": "cn", "Startup Cost": 2780.8, "Total Cost": 8684.25, "Plan Rows": 6290, "Plan Width": 4, "Actual Startup Time": 22.067, "Actual Total Time": 129.437, "Actual Rows": 6752, "Actual Loops": 1, "Filter": "((country_code)::text = '[jp]'::text)", "Rows Removed by Filter": 228244, "Exact Heap Blocks": 2966, "Lossy Heap Blocks": 2966, "Plans": [{"Node Type": "Bitmap Index Scan", "Parent Relationship": "Outer", "Index Name": "company_name_pkey", "Startup Cost": 0.0, "Total Cost": 2779.23, "Plan Rows": 234996, "Plan Width": 0, "Actual Startup Time": 21.584, "Actual Total Time": 21.584, "Actual Rows": 234996, "Actual Loops": 1}]}, {"Node Type": "Bitmap Heap Scan", "Parent Relationship": "Inner", "Relation Name": "movie_companies", "Alias": "mc", "Startup Cost": 3.37, "Total Cost": 15.51, "Plan Rows": 1, "Plan Width": 8, "Actual Startup Time": 95.315, "Actual Total Time": 267.397, "Actual Rows": 48328, "Actual Loops": 6752, "Recheck Cond": "(company_id = cn.id)", "Rows Removed by Index Recheck": 0, "Filter": "(((note)::text ~~ '%(Japan)%'::text) AND ((note)::text !~~ '%(USA)%'::text))", "Rows Removed by Filter": 56667, "Exact Heap Blocks": 61861, "Lossy Heap Blocks": 61861, "Plans": [{"Node Type": "Bitmap Index Scan", "Parent Relationship": "Outer", "Index Name": "company_id_movie_companies", "Startup Cost": 0.0, "Total Cost": 3.37, "Plan Rows": 15, "Plan Width": 0, "Actual Startup Time": 50.134, "Actual Total Time": 50.134, "Actual Rows": 104995, "Actual Loops": 6752, "Index Cond": "(company_id = cn.id)"}]}]}, {"Node Type": "Bitmap Heap Scan", "Parent Relationship": "Inner", "Relation Name": "title", "Alias": "t", "Startup Cost": 1.27, "Total Cost": 5.29, "Plan Rows": 1, "Plan Width": 21, "Actual Startup Time": 356.996, "Actual Total Time": 356.996, "Actual Rows": 48328, "Actual Loops": 48328, "Recheck Cond": "(id = mc.movie_id)", "Rows Removed by Index Recheck": 0, "Exact Heap Blocks": 48328, "Lossy Heap Blocks": 48328, "Plans": [{"Node Type": "Bitmap Index Scan", "Parent Relationship": "Outer", "Index Name": "title_pkey", "Startup Cost": 0.0, "Total Cost": 1.27, "Plan Rows": 1, "Plan Width": 0, "Actual Startup Time": 205.156, "Actual Total Time": 205.156, "Actual Rows": 48328, "Actual Loops": 48328, "Index Cond": "(id = mc.movie_id)"}]}]}, {"Node Type": "Bitmap Heap Scan", "Parent Relationship": "Inner", "Relation Name": "cast_info", "Alias": "ci", "Startup Cost": 0.52, "Total Cost": 4.61, "Plan Rows": 1, "Plan Width": 12, "Actual Startup Time": 3684.361, "Actual Total Time": 3840.333, "Actual Rows": 19600, "Actual Loops": 48328, "Recheck Cond": "(movie_id = t.id)", "Rows Removed by Index Recheck": 0, "Filter": "((note)::text = '(voice: English version)'::text)", "Rows Removed by Filter": 1531710, "Exact Heap Blocks": 1503105, "Lossy Heap Blocks": 1503105, "Plans": [{"Node Type": "Bitmap Index Scan", "Parent Relationship": "Outer", "Index Name": "movie_id_cast_info", "Startup Cost": 0.0, "Total Cost": 0.52, "Plan Rows": 6, "Plan Width": 0, "Actual Startup Time": 536.171, "Actual Total Time": 536.171, "Actual Rows": 1551310, "Actual Loops": 48328, "Index Cond": "(movie_id = t.id)"}]}]}, {"Node Type": "Hash", "Parent Relationship": "Inner", "Startup Cost": 12.46, "Total Cost": 12.46, "Plan Rows": 1, "Plan Width": 4, "Actual Startup Time": 0.051, "Actual Total Time": 0.051, "Actual Rows": 1, "Actual Loops": 1, "Hash Buckets": 32768, "Hash Batches": 1, "Original Hash Batches": 1, "Peak Memory Usage": 1, "Plans": [{"Node Type": "Bitmap Heap Scan", "Parent Relationship": "Outer", "Relation Name": "role_type", "Alias": "rt", "Startup Cost": 8.31, "Total Cost": 12.46, "Plan Rows": 1, "Plan Width": 4, "Actual Startup Time": 0.04, "Actual Total Time": 0.042, "Actual Rows": 1, "Actual Loops": 1, "Filter": "((role)::text = 'actress'::text)", "Rows Removed by Filter": 11, "Exact Heap Blocks": 1, "Lossy Heap Blocks": 1, "Plans": [{"Node Type": "Bitmap Index Scan", "Parent Relationship": "Outer", "Index Name": "role_type_pkey", "Startup Cost": 0.0, "Total Cost": 8.31, "Plan Rows": 12, "Plan Width": 0, "Actual Startup Time": 0.012, "Actual Total Time": 0.012, "Actual Rows": 12, "Actual Loops": 1}]}]}]}, {"Node Type": "Bitmap Heap Scan", "Parent Relationship": "Inner", "Relation Name": "aka_name", "Alias": "an1", "Startup Cost": 0.38, "Total Cost": 4.39, "Plan Rows": 1, "Plan Width": 20, "Actual Startup Time": 50.295, "Actual Total Time": 55.835, "Actual Rows": 17379, "Actual Loops": 7438, "Recheck Cond": "(person_id = ci.person_id)", "Rows Removed by Index Recheck": 0, "Exact Heap Blocks": 6514, "Lossy Heap Blocks": 6514, "Plans": [{"Node Type": "Bitmap Index Scan", "Parent Relationship": "Outer", "Index Name": "person_id_aka_name", "Startup Cost": 0.0, "Total Cost": 0.38, "Plan Rows": 1, "Plan Width": 0, "Actual Startup Time": 33.654, "Actual Total Time": 33.654, "Actual Rows": 17379, "Actual Loops": 7438, "Index Cond": "(person_id = ci.person_id)"}]}]}, {"Node Type": "Bitmap Heap Scan", "Parent Relationship": "Inner", "Relation Name": "name", "Alias": "n1", "Startup Cost": 0.33, "Total Cost": 4.34, "Plan Rows": 1, "Plan Width": 4, "Actual Startup Time": 83.105, "Actual Total Time": 83.105, "Actual Rows": 62, "Actual Loops": 17379, "Recheck Cond": "(id = an1.person_id)", "Rows Removed by Index Recheck": 0, "Filter": "(((name)::text ~~ '%Yo%'::text) AND ((name)::text !~~ '%Yu%'::text))", "Rows Removed by Filter": 17317, "Exact Heap Blocks": 17379, "Lossy Heap Blocks": 17379, "Plans": [{"Node Type": "Bitmap Index Scan", "Parent Relationship": "Outer", "Index Name": "name_pkey", "Startup Cost": 0.0, "Total Cost": 0.33, "Plan Rows": 1, "Plan Width": 0, "Actual Startup Time": 48.568, "Actual Total Time": 48.568, "Actual Rows": 17379, "Actual Loops": 17379, "Index Cond": "(id = an1.person_id)"}]}]}]}, "Triggers": [], "Planner Runtime": 31, "Total Runtime": 4955.373, "Unique SQL Id": 3544391839}}, "(64, 72)": {"explain_plan": {"Plan": {"Node Type": "Aggregate", "Strategy": "Plain", "Startup Cost": 90283.15, "Total Cost": 90283.16, "Plan Rows": 1, "Plan Width": 97, "Plans": [{"Node Type": "Nested Loop", "Parent Relationship": "Outer", "Join Type": "Inner", "Startup Cost": 5983.24, "Total Cost": 90279.92, "Plan Rows": 646, "Plan Width": 33, "Inner Unique": true, "Plans": [{"Node Type": "Nested Loop", "Parent Relationship": "Outer", "Join Type": "Inner", "Startup Cost": 5983.24, "Total Cost": 89904.38, "Plan Rows": 645, "Plan Width": 41, "Inner Unique": false, "Plans": [{"Node Type": "Hash Join", "Parent Relationship": "Outer", "Join Type": "Inner", "Startup Cost": 5983.24, "Total Cost": 89450.16, "Plan Rows": 532, "Plan Width": 21, "Inner Unique": true, "Hash Cond": "(ci.role_id = rt.id)", "Plans": [{"Node Type": "Nested Loop", "Parent Relationship": "Outer", "Join Type": "Inner", "Startup Cost": 5982.08, "Total Cost": 89429.03, "Plan Rows": 5847, "Plan Width": 25, "Inner Unique": false, "Plans": [{"Node Type": "Nested Loop", "Parent Relationship": "Outer", "Join Type": "Inner", "Startup Cost": 5982.08, "Total Cost": 83686.44, "Plan Rows": 5775, "Plan Width": 25, "Inner Unique": true, "Plans": [{"Node Type": "Hash Join", "Parent Relationship": "Outer", "Join Type": "Inner", "Startup Cost": 5982.08, "Total Cost": 61039.34, "Plan Rows": 5775, "Plan Width": 4, "Inner Unique": true, "Hash Cond": "(mc.company_id = cn.id)", "Plans": [{"Node Type": "Seq Scan", "Parent Relationship": "Outer", "Relation Name": "movie_companies", "Alias": "mc", "Startup Cost": 0.0, "Total Cost": 54862.92, "Plan Rows": 36426, "Plan Width": 8, "Filter": "(((note)::text ~~ '%(Japan)%'::text) AND ((note)::text !~~ '%(USA)%'::text))"}, {"Node Type": "Hash", "Parent Relationship": "Inner", "Startup Cost": 5903.45, "Total Cost": 5903.45, "Plan Rows": 6290, "Plan Width": 4, "Plans": [{"Node Type": "Seq Scan", "Parent Relationship": "Outer", "Relation Name": "company_name", "Alias": "cn", "Startup Cost": 0.0, "Total Cost": 5903.45, "Plan Rows": 6290, "Plan Width": 4, "Filter": "((country_code)::text = '[jp]'::text)"}]}]}, {"Node Type": "Index Scan", "Parent Relationship": "Inner", "Scan Direction": "Forward", "Index Name": "title_pkey", "Relation Name": "title", "Alias": "t", "Startup Cost": 0.0, "Total Cost": 3.91, "Plan Rows": 1, "Plan Width": 21, "Index Cond": "(id = mc.movie_id)"}]}, {"Node Type": "Index Scan", "Parent Relationship": "Inner", "Scan Direction": "Forward", "Index Name": "movie_id_cast_info", "Relation Name": "cast_info", "Alias": "ci", "Startup Cost": 0.0, "Total Cost": 0.98, "Plan Rows": 1, "Plan Width": 12, "Index Cond": "(movie_id = t.id)", "Filter": "((note)::text = '(voice: English version)'::text)"}]}, {"Node Type": "Hash", "Parent Relationship": "Inner", "Startup Cost": 1.15, "Total Cost": 1.15, "Plan Rows": 1, "Plan Width": 4, "Plans": [{"Node Type": "Seq Scan", "Parent Relationship": "Outer", "Relation Name": "role_type", "Alias": "rt", "Startup Cost": 0.0, "Total Cost": 1.15, "Plan Rows": 1, "Plan Width": 4, "Filter": "((role)::text = 'actress'::text)"}]}]}, {"Node Type": "Index Scan", "Parent Relationship": "Inner", "Scan Direction": "Forward", "Index Name": "person_id_aka_name", "Relation Name": "aka_name", "Alias": "an1", "Startup Cost": 0.0, "Total Cost": 0.84, "Plan Rows": 1, "Plan Width": 20, "Index Cond": "(person_id = ci.person_id)"}]}, {"Node Type": "Index Scan", "Parent Relationship": "Inner", "Scan Direction": "Forward", "Index Name": "name_pkey", "Relation Name": "name", "Alias": "n1", "Startup Cost": 0.0, "Total Cost": 0.57, "Plan Rows": 1, "Plan Width": 4, "Index Cond": "(id = an1.person_id)", "Filter": "(((name)::text ~~ '%Yo%'::text) AND ((name)::text !~~ '%Yu%'::text))"}]}]}, "Unique SQL Id": 3544391839, "Planner Runtime": 42}, "explain_analyze_plan": {"Plan": {"Node Type": "Aggregate", "Strategy": "Plain", "Startup Cost": 90283.15, "Total Cost": 90283.16, "Plan Rows": 1, "Plan Width": 97, "Actual Startup Time": 4080.68, "Actual Total Time": 4080.681, "Actual Rows": 1, "Actual Loops": 1, "Plans": [{"Node Type": "Nested Loop", "Parent Relationship": "Outer", "Join Type": "Inner", "Startup Cost": 5983.24, "Total Cost": 90279.92, "Plan Rows": 646, "Plan Width": 33, "Actual Startup Time": 365.037, "Actual Total Time": 4080.369, "Actual Rows": 62, "Actual Loops": 1, "Inner Unique": true, "Plans": [{"Node Type": "Nested Loop", "Parent Relationship": "Outer", "Join Type": "Inner", "Startup Cost": 5983.24, "Total Cost": 89904.38, "Plan Rows": 645, "Plan Width": 41, "Actual Startup Time": 85.485, "Actual Total Time": 4007.377, "Actual Rows": 17379, "Actual Loops": 1, "Inner Unique": false, "Plans": [{"Node Type": "Hash Join", "Parent Relationship": "Outer", "Join Type": "Inner", "Startup Cost": 5983.24, "Total Cost": 89450.16, "Plan Rows": 532, "Plan Width": 21, "Actual Startup Time": 85.463, "Actual Total Time": 3959.856, "Actual Rows": 7438, "Actual Loops": 1, "Inner Unique": true, "Hash Cond": "(ci.role_id = rt.id)", "Plans": [{"Node Type": "Nested Loop", "Parent Relationship": "Outer", "Join Type": "Inner", "Startup Cost": 5982.08, "Total Cost": 89429.03, "Plan Rows": 5847, "Plan Width": 25, "Actual Startup Time": 85.363, "Actual Total Time": 3953.379, "Actual Rows": 19600, "Actual Loops": 1, "Inner Unique": false, "Plans": [{"Node Type": "Nested Loop", "Parent Relationship": "Outer", "Join Type": "Inner", "Startup Cost": 5982.08, "Total Cost": 83686.44, "Plan Rows": 5775, "Plan Width": 25, "Actual Startup Time": 85.225, "Actual Total Time": 1323.482, "Actual Rows": 48328, "Actual Loops": 1, "Inner Unique": true, "Plans": [{"Node Type": "Hash Join", "Parent Relationship": "Outer", "Join Type": "Inner", "Startup Cost": 5982.08, "Total Cost": 61039.34, "Plan Rows": 5775, "Plan Width": 4, "Actual Startup Time": 85.19, "Actual Total Time": 1078.563, "Actual Rows": 48328, "Actual Loops": 1, "Inner Unique": true, "Hash Cond": "(mc.company_id = cn.id)", "Plans": [{"Node Type": "Seq Scan", "Parent Relationship": "Outer", "Relation Name": "movie_companies", "Alias": "mc", "Startup Cost": 0.0, "Total Cost": 54862.92, "Plan Rows": 36426, "Plan Width": 8, "Actual Startup Time": 0.225, "Actual Total Time": 959.202, "Actual Rows": 48897, "Actual Loops": 1, "Filter": "(((note)::text ~~ '%(Japan)%'::text) AND ((note)::text !~~ '%(USA)%'::text))", "Rows Removed by Filter": 2560231}, {"Node Type": "Hash", "Parent Relationship": "Inner", "Startup Cost": 5903.45, "Total Cost": 5903.45, "Plan Rows": 6290, "Plan Width": 4, "Actual Startup Time": 84.909, "Actual Total Time": 84.909, "Actual Rows": 6752, "Actual Loops": 1, "Hash Buckets": 32768, "Hash Batches": 1, "Original Hash Batches": 1, "Peak Memory Usage": 238, "Plans": [{"Node Type": "Seq Scan", "Parent Relationship": "Outer", "Relation Name": "company_name", "Alias": "cn", "Startup Cost": 0.0, "Total Cost": 5903.45, "Plan Rows": 6290, "Plan Width": 4, "Actual Startup Time": 0.023, "Actual Total Time": 82.584, "Actual Rows": 6752, "Actual Loops": 1, "Filter": "((country_code)::text = '[jp]'::text)", "Rows Removed by Filter": 228244}]}]}, {"Node Type": "Index Scan", "Parent Relationship": "Inner", "Scan Direction": "Forward", "Index Name": "title_pkey", "Relation Name": "title", "Alias": "t", "Startup Cost": 0.0, "Total Cost": 3.91, "Plan Rows": 1, "Plan Width": 21, "Actual Startup Time": 203.668, "Actual Total Time": 203.668, "Actual Rows": 48328, "Actual Loops": 48328, "Index Cond": "(id = mc.movie_id)", "Rows Removed by Index Recheck": 0}]}, {"Node Type": "Index Scan", "Parent Relationship": "Inner", "Scan Direction": "Forward", "Index Name": "movie_id_cast_info", "Relation Name": "cast_info", "Alias": "ci", "Startup Cost": 0.0, "Total Cost": 0.98, "Plan Rows": 1, "Plan Width": 12, "Actual Startup Time": 2480.383, "Actual Total Time": 2598.83, "Actual Rows": 19600, "Actual Loops": 48328, "Index Cond": "(movie_id = t.id)", "Rows Removed by Index Recheck": 0, "Filter": "((note)::text = '(voice: English version)'::text)", "Rows Removed by Filter": 1531710}]}, {"Node Type": "Hash", "Parent Relationship": "Inner", "Startup Cost": 1.15, "Total Cost": 1.15, "Plan Rows": 1, "Plan Width": 4, "Actual Startup Time": 0.045, "Actual Total Time": 0.045, "Actual Rows": 1, "Actual Loops": 1, "Hash Buckets": 32768, "Hash Batches": 1, "Original Hash Batches": 1, "Peak Memory Usage": 1, "Plans": [{"Node Type": "Seq Scan", "Parent Relationship": "Outer", "Relation Name": "role_type", "Alias": "rt", "Startup Cost": 0.0, "Total Cost": 1.15, "Plan Rows": 1, "Plan Width": 4, "Actual Startup Time": 0.031, "Actual Total Time": 0.036, "Actual Rows": 1, "Actual Loops": 1, "Filter": "((role)::text = 'actress'::text)", "Rows Removed by Filter": 11}]}]}, {"Node Type": "Index Scan", "Parent Relationship": "Inner", "Scan Direction": "Forward", "Index Name": "person_id_aka_name", "Relation Name": "aka_name", "Alias": "an1", "Startup Cost": 0.0, "Total Cost": 0.84, "Plan Rows": 1, "Plan Width": 20, "Actual Startup Time": 30.828, "Actual Total Time": 38.746, "Actual Rows": 17379, "Actual Loops": 7438, "Index Cond": "(person_id = ci.person_id)", "Rows Removed by Index Recheck": 0}]}, {"Node Type": "Index Scan", "Parent Relationship": "Inner", "Scan Direction": "Forward", "Index Name": "name_pkey", "Relation Name": "name", "Alias": "n1", "Startup Cost": 0.0, "Total Cost": 0.57, "Plan Rows": 1, "Plan Width": 4, "Actual Startup Time": 64.25, "Actual Total Time": 64.25, "Actual Rows": 62, "Actual Loops": 17379, "Index Cond": "(id = an1.person_id)", "Rows Removed by Index Recheck": 0, "Filter": "(((name)::text ~~ '%Yo%'::text) AND ((name)::text !~~ '%Yu%'::text))", "Rows Removed by Filter": 17317}]}]}, "Triggers": [], "Planner Runtime": 42, "Total Runtime": 4081.147, "Unique SQL Id": 3544391839}}, "(64, 73)": {"explain_plan": {"Plan": {"Node Type": "Aggregate", "Strategy": "Plain", "Startup Cost": 110772.14, "Total Cost": 110772.15, "Plan Rows": 1, "Plan Width": 97, "Plans": [{"Node Type": "Nested Loop", "Parent Relationship": "Outer", "Join Type": "Inner", "Startup Cost": 12.47, "Total Cost": 110771.66, "Plan Rows": 96, "Plan Width": 33, "Inner Unique": true, "Plans": [{"Node Type": "Nested Loop", "Parent Relationship": "Outer", "Join Type": "Inner", "Startup Cost": 12.47, "Total Cost": 110396.12, "Plan Rows": 645, "Plan Width": 41, "Inner Unique": false, "Plans": [{"Node Type": "Hash Join", "Parent Relationship": "Outer", "Join Type": "Inner", "Startup Cost": 12.47, "Total Cost": 109941.91, "Plan Rows": 532, "Plan Width": 21, "Inner Unique": true, "Hash Cond": "(ci.role_id = rt.id)", "Plans": [{"Node Type": "Nested Loop", "Parent Relationship": "Outer", "Join Type": "Inner", "Startup Cost": 0.0, "Total Cost": 109909.47, "Plan Rows": 5847, "Plan Width": 25, "Inner Unique": false, "Plans": [{"Node Type": "Nested Loop", "Parent Relationship": "Outer", "Join Type": "Inner", "Startup Cost": 0.0, "Total Cost": 104166.87, "Plan Rows": 5775, "Plan Width": 25, "Inner Unique": true, "Plans": [{"Node Type": "Nested Loop", "Parent Relationship": "Outer", "Join Type": "Inner", "Startup Cost": 0.0, "Total Cost": 81519.78, "Plan Rows": 5775, "Plan Width": 4, "Inner Unique": false, "Plans": [{"Node Type": "Index Scan", "Parent Relationship": "Outer", "Scan Direction": "Forward", "Index Name": "company_name_pkey", "Relation Name": "company_name", "Alias": "cn", "Startup Cost": 0.0, "Total Cost": 10501.39, "Plan Rows": 6290, "Plan Width": 4, "Filter": "((country_code)::text = '[jp]'::text)"}, {"Node Type": "Index Scan", "Parent Relationship": "Inner", "Scan Direction": "Forward", "Index Name": "company_id_movie_companies", "Relation Name": "movie_companies", "Alias": "mc", "Startup Cost": 0.0, "Total Cost": 11.28, "Plan Rows": 1, "Plan Width": 8, "Index Cond": "(company_id = cn.id)", "Filter": "(((note)::text ~~ '%(Japan)%'::text) AND ((note)::text !~~ '%(USA)%'::text))"}]}, {"Node Type": "Index Scan", "Parent Relationship": "Inner", "Scan Direction": "Forward", "Index Name": "title_pkey", "Relation Name": "title", "Alias": "t", "Startup Cost": 0.0, "Total Cost": 3.91, "Plan Rows": 1, "Plan Width": 21, "Index Cond": "(id = mc.movie_id)"}]}, {"Node Type": "Index Scan", "Parent Relationship": "Inner", "Scan Direction": "Forward", "Index Name": "movie_id_cast_info", "Relation Name": "cast_info", "Alias": "ci", "Startup Cost": 0.0, "Total Cost": 0.98, "Plan Rows": 1, "Plan Width": 12, "Index Cond": "(movie_id = t.id)", "Filter": "((note)::text = '(voice: English version)'::text)"}]}, {"Node Type": "Hash", "Parent Relationship": "Inner", "Startup Cost": 12.46, "Total Cost": 12.46, "Plan Rows": 1, "Plan Width": 4, "Plans": [{"Node Type": "Index Scan", "Parent Relationship": "Outer", "Scan Direction": "Forward", "Index Name": "role_type_pkey", "Relation Name": "role_type", "Alias": "rt", "Startup Cost": 0.0, "Total Cost": 12.46, "Plan Rows": 1, "Plan Width": 4, "Filter": "((role)::text = 'actress'::text)"}]}]}, {"Node Type": "Index Scan", "Parent Relationship": "Inner", "Scan Direction": "Forward", "Index Name": "person_id_aka_name", "Relation Name": "aka_name", "Alias": "an1", "Startup Cost": 0.0, "Total Cost": 0.84, "Plan Rows": 1, "Plan Width": 20, "Index Cond": "(person_id = ci.person_id)"}]}, {"Node Type": "Index Scan", "Parent Relationship": "Inner", "Scan Direction": "Forward", "Index Name": "name_pkey", "Relation Name": "name", "Alias": "n1", "Startup Cost": 0.0, "Total Cost": 0.57, "Plan Rows": 1, "Plan Width": 4, "Index Cond": "(id = an1.person_id)", "Filter": "(((name)::text ~~ '%Yo%'::text) AND ((name)::text !~~ '%Yu%'::text))"}]}]}, "Unique SQL Id": 3544391839, "Planner Runtime": 34}, "explain_analyze_plan": {"Plan": {"Node Type": "Aggregate", "Strategy": "Plain", "Startup Cost": 110772.14, "Total Cost": 110772.15, "Plan Rows": 1, "Plan Width": 97, "Actual Startup Time": 3950.782, "Actual Total Time": 3950.783, "Actual Rows": 1, "Actual Loops": 1, "Plans": [{"Node Type": "Nested Loop", "Parent Relationship": "Outer", "Join Type": "Inner", "Startup Cost": 12.47, "Total Cost": 110771.66, "Plan Rows": 96, "Plan Width": 33, "Actual Startup Time": 5.361, "Actual Total Time": 3950.484, "Actual Rows": 62, "Actual Loops": 1, "Inner Unique": true, "Plans": [{"Node Type": "Nested Loop", "Parent Relationship": "Outer", "Join Type": "Inner", "Startup Cost": 12.47, "Total Cost": 110396.12, "Plan Rows": 645, "Plan Width": 41, "Actual Startup Time": 0.465, "Actual Total Time": 3873.221, "Actual Rows": 17379, "Actual Loops": 1, "Inner Unique": false, "Plans": [{"Node Type": "Hash Join", "Parent Relationship": "Outer", "Join Type": "Inner", "Startup Cost": 12.47, "Total Cost": 109941.91, "Plan Rows": 532, "Plan Width": 21, "Actual Startup Time": 0.449, "Actual Total Time": 3820.735, "Actual Rows": 7438, "Actual Loops": 1, "Inner Unique": true, "Hash Cond": "(ci.role_id = rt.id)", "Plans": [{"Node Type": "Nested Loop", "Parent Relationship": "Outer", "Join Type": "Inner", "Startup Cost": 0.0, "Total Cost": 109909.47, "Plan Rows": 5847, "Plan Width": 25, "Actual Startup Time": 0.379, "Actual Total Time": 3813.945, "Actual Rows": 19600, "Actual Loops": 1, "Inner Unique": false, "Plans": [{"Node Type": "Nested Loop", "Parent Relationship": "Outer", "Join Type": "Inner", "Startup Cost": 0.0, "Total Cost": 104166.87, "Plan Rows": 5775, "Plan Width": 25, "Actual Startup Time": 0.302, "Actual Total Time": 847.332, "Actual Rows": 48328, "Actual Loops": 1, "Inner Unique": true, "Plans": [{"Node Type": "Nested Loop", "Parent Relationship": "Outer", "Join Type": "Inner", "Startup Cost": 0.0, "Total Cost": 81519.78, "Plan Rows": 5775, "Plan Width": 4, "Actual Startup Time": 0.289, "Actual Total Time": 528.578, "Actual Rows": 48328, "Actual Loops": 1, "Inner Unique": false, "Plans": [{"Node Type": "Index Scan", "Parent Relationship": "Outer", "Scan Direction": "Forward", "Index Name": "company_name_pkey", "Relation Name": "company_name", "Alias": "cn", "Startup Cost": 0.0, "Total Cost": 10501.39, "Plan Rows": 6290, "Plan Width": 4, "Actual Startup Time": 0.248, "Actual Total Time": 301.465, "Actual Rows": 6752, "Actual Loops": 1, "Filter": "((country_code)::text = '[jp]'::text)", "Rows Removed by Filter": 228244}, {"Node Type": "Index Scan", "Parent Relationship": "Inner", "Scan Direction": "Forward", "Index Name": "company_id_movie_companies", "Relation Name": "movie_companies", "Alias": "mc", "Startup Cost": 0.0, "Total Cost": 11.28, "Plan Rows": 1, "Plan Width": 8, "Actual Startup Time": 53.767, "Actual Total Time": 211.227, "Actual Rows": 48328, "Actual Loops": 6752, "Index Cond": "(company_id = cn.id)", "Rows Removed by Index Recheck": 0, "Filter": "(((note)::text ~~ '%(Japan)%'::text) AND ((note)::text !~~ '%(USA)%'::text))", "Rows Removed by Filter": 56667}]}, {"Node Type": "Index Scan", "Parent Relationship": "Inner", "Scan Direction": "Forward", "Index Name": "title_pkey", "Relation Name": "title", "Alias": "t", "Startup Cost": 0.0, "Total Cost": 3.91, "Plan Rows": 1, "Plan Width": 21, "Actual Startup Time": 276.934, "Actual Total Time": 276.934, "Actual Rows": 48328, "Actual Loops": 48328, "Index Cond": "(id = mc.movie_id)", "Rows Removed by Index Recheck": 0}]}, {"Node Type": "Index Scan", "Parent Relationship": "Inner", "Scan Direction": "Forward", "Index Name": "movie_id_cast_info", "Relation Name": "cast_info", "Alias": "ci", "Startup Cost": 0.0, "Total Cost": 0.98, "Plan Rows": 1, "Plan Width": 12, "Actual Startup Time": 2803.594, "Actual Total Time": 2935.766, "Actual Rows": 19600, "Actual Loops": 48328, "Index Cond": "(movie_id = t.id)", "Rows Removed by Index Recheck": 0, "Filter": "((note)::text = '(voice: English version)'::text)", "Rows Removed by Filter": 1531710}]}, {"Node Type": "Hash", "Parent Relationship": "Inner", "Startup Cost": 12.46, "Total Cost": 12.46, "Plan Rows": 1, "Plan Width": 4, "Actual Startup Time": 0.022, "Actual Total Time": 0.022, "Actual Rows": 1, "Actual Loops": 1, "Hash Buckets": 32768, "Hash Batches": 1, "Original Hash Batches": 1, "Peak Memory Usage": 1, "Plans": [{"Node Type": "Index Scan", "Parent Relationship": "Outer", "Scan Direction": "Forward", "Index Name": "role_type_pkey", "Relation Name": "role_type", "Alias": "rt", "Startup Cost": 0.0, "Total Cost": 12.46, "Plan Rows": 1, "Plan Width": 4, "Actual Startup Time": 0.009, "Actual Total Time": 0.014, "Actual Rows": 1, "Actual Loops": 1, "Filter": "((role)::text = 'actress'::text)", "Rows Removed by Filter": 11}]}]}, {"Node Type": "Index Scan", "Parent Relationship": "Inner", "Scan Direction": "Forward", "Index Name": "person_id_aka_name", "Relation Name": "aka_name", "Alias": "an1", "Startup Cost": 0.0, "Total Cost": 0.84, "Plan Rows": 1, "Plan Width": 20, "Actual Startup Time": 34.872, "Actual Total Time": 43.451, "Actual Rows": 17379, "Actual Loops": 7438, "Index Cond": "(person_id = ci.person_id)", "Rows Removed by Index Recheck": 0}]}, {"Node Type": "Index Scan", "Parent Relationship": "Inner", "Scan Direction": "Forward", "Index Name": "name_pkey", "Relation Name": "name", "Alias": "n1", "Startup Cost": 0.0, "Total Cost": 0.57, "Plan Rows": 1, "Plan Width": 4, "Actual Startup Time": 68.242, "Actual Total Time": 68.242, "Actual Rows": 62, "Actual Loops": 17379, "Index Cond": "(id = an1.person_id)", "Rows Removed by Index Recheck": 0, "Filter": "(((name)::text ~~ '%Yo%'::text) AND ((name)::text !~~ '%Yu%'::text))", "Rows Removed by Filter": 17317}]}]}, "Triggers": [], "Planner Runtime": 34, "Total Runtime": 3951.163, "Unique SQL Id": 3544391839}}, "(64, 74)": {"explain_plan": {"Plan": {"Node Type": "Aggregate", "Strategy": "Plain", "Startup Cost": 318214.11, "Total Cost": 318214.12, "Plan Rows": 1, "Plan Width": 97, "Plans": [{"Node Type": "Hash Join", "Parent Relationship": "Outer", "Join Type": "Inner", "Startup Cost": 241688.13, "Total Cost": 318210.88, "Plan Rows": 646, "Plan Width": 33, "Inner Unique": true, "Hash Cond": "(ci.movie_id = t.id)", "Plans": [{"Node Type": "Hash Join", "Parent Relationship": "Outer", "Join Type": "Inner", "Startup Cost": 150015.13, "Total Cost": 226529.0, "Plan Rows": 646, "Plan Width": 24, "Inner Unique": false, "Hash Cond": "(ci.movie_id = mc.movie_id)", "Plans": [{"Node Type": "Hash Join", "Parent Relationship": "Outer", "Join Type": "Inner", "Startup Cost": 88903.6, "Total Cost": 165340.91, "Plan Rows": 1560, "Plan Width": 20, "Inner Unique": false, "Hash Cond": "(ci.person_id = an1.person_id)", "Plans": [{"Node Type": "Hash Join", "Parent Relationship": "Outer", "Join Type": "Inner", "Startup Cost": 1.16, "Total Cost": 76267.13, "Plan Rows": 8790, "Plan Width": 8, "Inner Unique": true, "Hash Cond": "(ci.role_id = rt.id)", "Plans": [{"Node Type": "Streaming(type: LOCAL GATHER dop: 1/64)", "Parent Relationship": "Outer", "Startup Cost": 0.0, "Total Cost": 75815.47, "Plan Rows": 96692, "Plan Width": 12, "Plans": [{"Node Type": "Seq Scan", "Parent Relationship": "Outer", "Relation Name": "cast_info", "Alias": "ci", "Startup Cost": 0.0, "Total Cost": 73820.73, "Plan Rows": 96692, "Plan Width": 12, "Filter": "((note)::text = '(voice: English version)'::text)"}]}, {"Node Type": "Hash", "Parent Relationship": "Inner", "Startup Cost": 1.15, "Total Cost": 1.15, "Plan Rows": 1, "Plan Width": 4, "Plans": [{"Node Type": "Seq Scan", "Parent Relationship": "Outer", "Relation Name": "role_type", "Alias": "rt", "Startup Cost": 0.0, "Total Cost": 1.15, "Plan Rows": 1, "Plan Width": 4, "Filter": "((role)::text = 'actress'::text)"}]}]}, {"Node Type": "Hash", "Parent Relationship": "Inner", "Startup Cost": 88694.6, "Total Cost": 88694.6, "Plan Rows": 16627, "Plan Width": 24, "Plans": [{"Node Type": "Hash Join", "Parent Relationship": "Outer", "Join Type": "Inner", "Startup Cost": 65239.88, "Total Cost": 88694.6, "Plan Rows": 16627, "Plan Width": 24, "Inner Unique": true, "Hash Cond": "(an1.person_id = n1.id)", "Plans": [{"Node Type": "Seq Scan", "Parent Relationship": "Outer", "Relation Name": "aka_name", "Alias": "an1", "Startup Cost": 0.0, "Total Cost": 19908.42, "Plan Rows": 901342, "Plan Width": 20}, {"Node Type": "Hash", "Parent Relationship": "Inner", "Startup Cost": 65066.3, "Total Cost": 65066.3, "Plan Rows": 13886, "Plan Width": 4, "Plans": [{"Node Type": "Streaming(type: LOCAL GATHER dop: 1/64)", "Parent Relationship": "Outer", "Startup Cost": 0.0, "Total Cost": 65066.3, "Plan Rows": 13886, "Plan Width": 4, "Plans": [{"Node Type": "Seq Scan", "Parent Relationship": "Outer", "Relation Name": "name", "Alias": "n1", "Startup Cost": 0.0, "Total Cost": 64779.83, "Plan Rows": 13886, "Plan Width": 4, "Filter": "(((name)::text ~~ '%Yo%'::text) AND ((name)::text !~~ '%Yu%'::text))"}]}]}]}]}]}, {"Node Type": "Hash", "Parent Relationship": "Inner", "Startup Cost": 61039.34, "Total Cost": 61039.34, "Plan Rows": 5775, "Plan Width": 4, "Plans": [{"Node Type": "Hash Join", "Parent Relationship": "Outer", "Join Type": "Inner", "Startup Cost": 5982.08, "Total Cost": 61039.34, "Plan Rows": 5775, "Plan Width": 4, "Inner Unique": true, "Hash Cond": "(mc.company_id = cn.id)", "Plans": [{"Node Type": "Seq Scan", "Parent Relationship": "Outer", "Relation Name": "movie_companies", "Alias": "mc", "Startup Cost": 0.0, "Total Cost": 54862.92, "Plan Rows": 36426, "Plan Width": 8, "Filter": "(((note)::text ~~ '%(Japan)%'::text) AND ((note)::text !~~ '%(USA)%'::text))"}, {"Node Type": "Hash", "Parent Relationship": "Inner", "Startup Cost": 5903.45, "Total Cost": 5903.45, "Plan Rows": 6290, "Plan Width": 4, "Plans": [{"Node Type": "Seq Scan", "Parent Relationship": "Outer", "Relation Name": "company_name", "Alias": "cn", "Startup Cost": 0.0, "Total Cost": 5903.45, "Plan Rows": 6290, "Plan Width": 4, "Filter": "((country_code)::text = '[jp]'::text)"}]}]}]}]}, {"Node Type": "Hash", "Parent Relationship": "Inner", "Startup Cost": 60069.11, "Total Cost": 60069.11, "Plan Rows": 2528311, "Plan Width": 21, "Plans": [{"Node Type": "Seq Scan", "Parent Relationship": "Outer", "Relation Name": "title", "Alias": "t", "Startup Cost": 0.0, "Total Cost": 60069.11, "Plan Rows": 2528311, "Plan Width": 21}]}]}]}, "Unique SQL Id": 3544391839, "Planner Runtime": 96}, "explain_analyze_plan": {"Plan": {"Node Type": "Aggregate", "Strategy": "Plain", "Startup Cost": 318214.11, "Total Cost": 318214.12, "Plan Rows": 1, "Plan Width": 97, "Actual Min Startup Time": 3418.478, "Actual Max Startup Time": 3418.478, "Actual Min Total Time": 3418.478, "Actual Max Total Time": 3418.478, "Plans": [{"Node Type": "Hash Join", "Parent Relationship": "Outer", "Join Type": "Inner", "Startup Cost": 241688.13, "Total Cost": 318210.88, "Plan Rows": 646, "Plan Width": 33, "Actual Min Startup Time": 3300.911, "Actual Max Startup Time": 3300.911, "Actual Min Total Time": 3418.379, "Actual Max Total Time": 3418.379, "Inner Unique": true, "Hash Cond": "(ci.movie_id = t.id)", "Plans": [{"Node Type": "Hash Join", "Parent Relationship": "Outer", "Join Type": "Inner", "Startup Cost": 150015.13, "Total Cost": 226529.0, "Plan Rows": 646, "Plan Width": 24, "Actual Min Startup Time": 1561.592, "Actual Max Startup Time": 1561.592, "Actual Min Total Time": 1678.88, "Actual Max Total Time": 1678.88, "Inner Unique": false, "Hash Cond": "(ci.movie_id = mc.movie_id)", "Plans": [{"Node Type": "Hash Join", "Parent Relationship": "Outer", "Join Type": "Inner", "Startup Cost": 88903.6, "Total Cost": 165340.91, "Plan Rows": 1560, "Plan Width": 20, "Actual Min Startup Time": 495.271, "Actual Max Startup Time": 495.271, "Actual Min Total Time": 612.318, "Actual Max Total Time": 612.318, "Inner Unique": false, "Hash Cond": "(ci.person_id = an1.person_id)", "Plans": [{"Node Type": "Hash Join", "Parent Relationship": "Outer", "Join Type": "Inner", "Startup Cost": 1.16, "Total Cost": 76267.13, "Plan Rows": 8790, "Plan Width": 8, "Actual Min Startup Time": 22.732, "Actual Max Startup Time": 22.732, "Actual Min Total Time": 175.54, "Actual Max Total Time": 175.54, "Inner Unique": true, "Hash Cond": "(ci.role_id = rt.id)", "Plans": [{"Node Type": "Streaming(type: LOCAL GATHER dop: 1/64)", "Parent Relationship": "Outer", "Startup Cost": 0.0, "Total Cost": 75815.47, "Plan Rows": 96692, "Plan Width": 12, "Actual Min Startup Time": 0.139, "Actual Max Startup Time": 0.139, "Actual Min Total Time": 152.699, "Actual Max Total Time": 152.699, "Plans": [{"Node Type": "Seq Scan", "Parent Relationship": "Outer", "Relation Name": "cast_info", "Alias": "ci", "Startup Cost": 0.0, "Total Cost": 73820.73, "Plan Rows": 96692, "Plan Width": 12, "Actual Min Startup Time": 0.029, "Actual Max Startup Time": 2.877, "Actual Min Total Time": 153.722, "Actual Max Total Time": 162.129, "Filter": "((note)::text = '(voice: English version)'::text)", "Rows Removed by Filter": 36151248, "Actual Rows": 93095}], "Actual Rows": 93095}, {"Node Type": "Hash", "Parent Relationship": "Inner", "Startup Cost": 1.15, "Total Cost": 1.15, "Plan Rows": 1, "Plan Width": 4, "Actual Min Startup Time": 0.078, "Actual Max Startup Time": 0.078, "Actual Min Total Time": 0.078, "Actual Max Total Time": 0.078, "Max Hash Buckets": 32768, "Min Hash Buckets": 32768, "Max Hash Batches": 1, "Min Hash Batches": 1, "Max Original Hash Batches": 1, "Min Original Hash Batches": 1, "Max Peak Memory Usage": 1, "min Peak Memory Usage": 1, "Plans": [{"Node Type": "Seq Scan", "Parent Relationship": "Outer", "Relation Name": "role_type", "Alias": "rt", "Startup Cost": 0.0, "Total Cost": 1.15, "Plan Rows": 1, "Plan Width": 4, "Actual Min Startup Time": 0.06, "Actual Max Startup Time": 0.06, "Actual Min Total Time": 0.065, "Actual Max Total Time": 0.065, "Filter": "((role)::text = 'actress'::text)", "Rows Removed by Filter": 11, "Actual Rows": 1}], "Actual Rows": 1}], "Actual Rows": 34848}, {"Node Type": "Hash", "Parent Relationship": "Inner", "Startup Cost": 88694.6, "Total Cost": 88694.6, "Plan Rows": 16627, "Plan Width": 24, "Actual Min Startup Time": 431.111, "Actual Max Startup Time": 431.111, "Actual Min Total Time": 431.111, "Actual Max Total Time": 431.111, "Max Hash Buckets": 32768, "Min Hash Buckets": 32768, "Max Hash Batches": 1, "Min Hash Batches": 1, "Max Original Hash Batches": 1, "Min Original Hash Batches": 1, "Max Peak Memory Usage": 229, "min Peak Memory Usage": 229, "Plans": [{"Node Type": "Hash Join", "Parent Relationship": "Outer", "Join Type": "Inner", "Startup Cost": 65239.88, "Total Cost": 88694.6, "Plan Rows": 16627, "Plan Width": 24, "Actual Min Startup Time": 28.766, "Actual Max Startup Time": 28.766, "Actual Min Total Time": 429.225, "Actual Max Total Time": 429.225, "Inner Unique": true, "Hash Cond": "(an1.person_id = n1.id)", "Plans": [{"Node Type": "Seq Scan", "Parent Relationship": "Outer", "Relation Name": "aka_name", "Alias": "an1", "Startup Cost": 0.0, "Total Cost": 19908.42, "Plan Rows": 901342, "Plan Width": 20, "Actual Min Startup Time": 0.035, "Actual Max Startup Time": 0.035, "Actual Min Total Time": 225.881, "Actual Max Total Time": 225.881, "Actual Rows": 901342}, {"Node Type": "Hash", "Parent Relationship": "Inner", "Startup Cost": 65066.3, "Total Cost": 65066.3, "Plan Rows": 13886, "Plan Width": 4, "Actual Min Startup Time": 28.497, "Actual Max Startup Time": 28.497, "Actual Min Total Time": 28.497, "Actual Max Total Time": 28.497, "Max Hash Buckets": 32768, "Min Hash Buckets": 32768, "Max Hash Batches": 1, "Min Hash Batches": 1, "Max Original Hash Batches": 1, "Min Original Hash Batches": 1, "Max Peak Memory Usage": 736, "min Peak Memory Usage": 736, "Plans": [{"Node Type": "Streaming(type: LOCAL GATHER dop: 1/64)", "Parent Relationship": "Outer", "Startup Cost": 0.0, "Total Cost": 65066.3, "Plan Rows": 13886, "Plan Width": 4, "Actual Min Startup Time": 0.21, "Actual Max Startup Time": 0.21, "Actual Min Total Time": 23.302, "Actual Max Total Time": 23.302, "Plans": [{"Node Type": "Seq Scan", "Parent Relationship": "Outer", "Relation Name": "name", "Alias": "n1", "Startup Cost": 0.0, "Total Cost": 64779.83, "Plan Rows": 13886, "Plan Width": 4, "Actual Min Startup Time": 0.049, "Actual Max Startup Time": 2.627, "Actual Min Total Time": 25.685, "Actual Max Total Time": 42.62, "Filter": "(((name)::text ~~ '%Yo%'::text) AND ((name)::text !~~ '%Yu%'::text))", "Rows Removed by Filter": 4146579, "Actual Rows": 20911}], "Actual Rows": 20911}], "Actual Rows": 20911}], "Actual Rows": 4031}], "Actual Rows": 4031}], "Actual Rows": 659}, {"Node Type": "Hash", "Parent Relationship": "Inner", "Startup Cost": 61039.34, "Total Cost": 61039.34, "Plan Rows": 5775, "Plan Width": 4, "Actual Min Startup Time": 1066.204, "Actual Max Startup Time": 1066.204, "Actual Min Total Time": 1066.204, "Actual Max Total Time": 1066.204, "Max Hash Buckets": 32768, "Min Hash Buckets": 32768, "Max Hash Batches": 1, "Min Hash Batches": 1, "Max Original Hash Batches": 1, "Min Original Hash Batches": 1, "Max Peak Memory Usage": 1700, "min Peak Memory Usage": 1700, "Plans": [{"Node Type": "Hash Join", "Parent Relationship": "Outer", "Join Type": "Inner", "Startup Cost": 5982.08, "Total Cost": 61039.34, "Plan Rows": 5775, "Plan Width": 4, "Actual Min Startup Time": 84.549, "Actual Max Startup Time": 84.549, "Actual Min Total Time": 1049.687, "Actual Max Total Time": 1049.687, "Inner Unique": true, "Hash Cond": "(mc.company_id = cn.id)", "Plans": [{"Node Type": "Seq Scan", "Parent Relationship": "Outer", "Relation Name": "movie_companies", "Alias": "mc", "Startup Cost": 0.0, "Total Cost": 54862.92, "Plan Rows": 36426, "Plan Width": 8, "Actual Min Startup Time": 0.281, "Actual Max Startup Time": 0.281, "Actual Min Total Time": 939.89, "Actual Max Total Time": 939.89, "Filter": "(((note)::text ~~ '%(Japan)%'::text) AND ((note)::text !~~ '%(USA)%'::text))", "Rows Removed by Filter": 2560231, "Actual Rows": 48897}, {"Node Type": "Hash", "Parent Relationship": "Inner", "Startup Cost": 5903.45, "Total Cost": 5903.45, "Plan Rows": 6290, "Plan Width": 4, "Actual Min Startup Time": 84.213, "Actual Max Startup Time": 84.213, "Actual Min Total Time": 84.213, "Actual Max Total Time": 84.213, "Max Hash Buckets": 32768, "Min Hash Buckets": 32768, "Max Hash Batches": 1, "Min Hash Batches": 1, "Max Original Hash Batches": 1, "Min Original Hash Batches": 1, "Max Peak Memory Usage": 238, "min Peak Memory Usage": 238, "Plans": [{"Node Type": "Seq Scan", "Parent Relationship": "Outer", "Relation Name": "company_name", "Alias": "cn", "Startup Cost": 0.0, "Total Cost": 5903.45, "Plan Rows": 6290, "Plan Width": 4, "Actual Min Startup Time": 0.029, "Actual Max Startup Time": 0.029, "Actual Min Total Time": 82.133, "Actual Max Total Time": 82.133, "Filter": "((country_code)::text = '[jp]'::text)", "Rows Removed by Filter": 228244, "Actual Rows": 6752}], "Actual Rows": 6752}], "Actual Rows": 48328}], "Actual Rows": 48328}], "Actual Rows": 62}, {"Node Type": "Hash", "Parent Relationship": "Inner", "Startup Cost": 60069.11, "Total Cost": 60069.11, "Plan Rows": 2528311, "Plan Width": 21, "Actual Min Startup Time": 1736.448, "Actual Max Startup Time": 1736.448, "Actual Min Total Time": 1736.448, "Actual Max Total Time": 1736.448, "Max Hash Buckets": 4194304, "Min Hash Buckets": 4194304, "Max Hash Batches": 1, "Min Hash Batches": 1, "Max Original Hash Batches": 1, "Min Original Hash Batches": 1, "Max Peak Memory Usage": 135869, "min Peak Memory Usage": 135869, "Plans": [{"Node Type": "Seq Scan", "Parent Relationship": "Outer", "Relation Name": "title", "Alias": "t", "Startup Cost": 0.0, "Total Cost": 60069.11, "Plan Rows": 2528311, "Plan Width": 21, "Actual Min Startup Time": 0.05, "Actual Max Startup Time": 0.05, "Actual Min Total Time": 840.179, "Actual Max Total Time": 840.179, "Actual Rows": 2528311}], "Actual Rows": 2528311}], "Actual Rows": 62}], "Actual Rows": 1}, "Triggers": [], "Planner Runtime": 66, "Total Runtime": 3473.747, "Unique SQL Id": 3544391839}}, "(64, 75)": {"explain_plan": {"Plan": {"Node Type": "Aggregate", "Strategy": "Plain", "Startup Cost": 6720985922273.95, "Total Cost": 6720985922273.96, "Plan Rows": 1, "Plan Width": 97, "Plans": [{"Node Type": "Hash Join", "Parent Relationship": "Outer", "Join Type": "Inner", "Startup Cost": 4029128203440.23, "Total Cost": 6720985922270.72, "Plan Rows": 646, "Plan Width": 33, "Inner Unique": true, "Hash Cond": "(ci.role_id = rt.id)", "Plans": [{"Node Type": "Hash Join", "Parent Relationship": "Outer", "Join Type": "Inner", "Startup Cost": 3029128202194.22, "Total Cost": 5720985920991.6, "Plan Rows": 7105, "Plan Width": 37, "Inner Unique": false, "Hash Cond": "(ci.movie_id = t.id)", "Plans": [{"Node Type": "Merge Join", "Parent Relationship": "Outer", "Join Type": "Inner", "Startup Cost": 30051235465.84, "Total Cost": 2721908954128.06, "Plan Rows": 17161, "Plan Width": 24, "Inner Unique": false, "Merge Cond": "(an1.person_id = ci.person_id)", "Plans": [{"Node Type": "Merge Join", "Parent Relationship": "Outer", "Join Type": "Inner", "Startup Cost": 20030754356.47, "Total Cost": 2000026606025.89, "Plan Rows": 16627, "Plan Width": 24, "Inner Unique": true, "Merge Cond": "(an1.person_id = n1.id)", "Plans": [{"Node Type": "Index Scan", "Parent Relationship": "Outer", "Scan Direction": "Forward", "Index Name": "person_id_aka_name", "Relation Name": "aka_name", "Alias": "an1", "Startup Cost": 10000000000.0, "Total Cost": 1000006896503.43, "Plan Rows": 901342, "Plan Width": 20}, {"Node Type": "Materialize", "Parent Relationship": "Inner", "Startup Cost": 10000000000.0, "Total Cost": 1000019707054.42, "Plan Rows": 13886, "Plan Width": 4, "Plans": [{"Node Type": "Index Scan", "Parent Relationship": "Outer", "Scan Direction": "Forward", "Index Name": "name_pkey", "Relation Name": "name", "Alias": "n1", "Startup Cost": 10000000000.0, "Total Cost": 1000019707019.7, "Plan Rows": 13886, "Plan Width": 4, "Filter": "(((name)::text ~~ '%Yo%'::text) AND ((name)::text !~~ '%Yu%'::text))"}]}]}, {"Node Type": "Index Scan", "Parent Relationship": "Inner", "Scan Direction": "Forward", "Index Name": "person_id_cast_info", "Relation Name": "cast_info", "Alias": "ci", "Startup Cost": 10000000000.0, "Total Cost": 1000179713706.71, "Plan Rows": 96692, "Plan Width": 12, "Filter": "((note)::text = '(voice: English version)'::text)"}]}, {"Node Type": "Hash", "Parent Relationship": "Inner", "Startup Cost": 2999076966656.19, "Total Cost": 2999076966656.19, "Plan Rows": 5775, "Plan Width": 25, "Plans": [{"Node Type": "Merge Join", "Parent Relationship": "Outer", "Join Type": "Inner", "Startup Cost": 2010036650504.51, "Total Cost": 2999076966656.19, "Plan Rows": 5775, "Plan Width": 25, "Inner Unique": true, "Merge Cond": "(mc.movie_id = t.id)", "Plans": [{"Node Type": "Sort", "Parent Relationship": "Outer", "Startup Cost": 2000014722578.3, "Total Cost": 2000014722592.74, "Plan Rows": 5775, "Plan Width": 4, "Sort Key": ["mc.movie_id"], "Plans": [{"Node Type": "Merge Join", "Parent Relationship": "Outer", "Join Type": "Inner", "Startup Cost": 45738289886.04, "Total Cost": 2000014722217.49, "Plan Rows": 5775, "Plan Width": 4, "Inner Unique": false, "Merge Cond": "(cn.id = mc.company_id)", "Plans": [{"Node Type": "Index Scan", "Parent Relationship": "Outer", "Scan Direction": "Forward", "Index Name": "company_name_pkey", "Relation Name": "company_name", "Alias": "cn", "Startup Cost": 10000000000.0, "Total Cost": 1000001050138.97, "Plan Rows": 6290, "Plan Width": 4, "Filter": "((country_code)::text = '[jp]'::text)"}, {"Node Type": "Index Scan", "Parent Relationship": "Inner", "Scan Direction": "Forward", "Index Name": "company_id_movie_companies", "Relation Name": "movie_companies", "Alias": "mc", "Startup Cost": 10000000000.0, "Total Cost": 1000013671913.98, "Plan Rows": 36426, "Plan Width": 8, "Filter": "(((note)::text ~~ '%(Japan)%'::text) AND ((note)::text !~~ '%(USA)%'::text))"}]}]}, {"Node Type": "Index Scan", "Parent Relationship": "Inner", "Scan Direction": "Forward", "Index Name": "title_pkey", "Relation Name": "title", "Alias": "t", "Startup Cost": 10000000000.0, "Total Cost": 1000011012048.91, "Plan Rows": 2528311, "Plan Width": 21}]}]}]}, {"Node Type": "Hash", "Parent Relationship": "Inner", "Startup Cost": 1000000001246.0, "Total Cost": 1000000001246.0, "Plan Rows": 1, "Plan Width": 4, "Plans": [{"Node Type": "Index Scan", "Parent Relationship": "Outer", "Scan Direction": "Forward", "Index Name": "role_type_pkey", "Relation Name": "role_type", "Alias": "rt", "Startup Cost": 10000000000.0, "Total Cost": 1000000001246.0, "Plan Rows": 1, "Plan Width": 4, "Filter": "((role)::text = 'actress'::text)"}]}]}]}, "Unique SQL Id": 3544391839, "Planner Runtime": 158}, "explain_analyze_plan": null}, "(64, 76)": {"explain_plan": {"Plan": {"Node Type": "Aggregate", "Strategy": "Plain", "Startup Cost": 90283.15, "Total Cost": 90283.16, "Plan Rows": 1, "Plan Width": 97, "Plans": [{"Node Type": "Nested Loop", "Parent Relationship": "Outer", "Join Type": "Inner", "Startup Cost": 5983.24, "Total Cost": 90279.92, "Plan Rows": 646, "Plan Width": 33, "Inner Unique": true, "Plans": [{"Node Type": "Nested Loop", "Parent Relationship": "Outer", "Join Type": "Inner", "Startup Cost": 5983.24, "Total Cost": 89904.38, "Plan Rows": 645, "Plan Width": 41, "Inner Unique": false, "Plans": [{"Node Type": "Hash Join", "Parent Relationship": "Outer", "Join Type": "Inner", "Startup Cost": 5983.24, "Total Cost": 89450.16, "Plan Rows": 532, "Plan Width": 21, "Inner Unique": true, "Hash Cond": "(ci.role_id = rt.id)", "Plans": [{"Node Type": "Nested Loop", "Parent Relationship": "Outer", "Join Type": "Inner", "Startup Cost": 5982.08, "Total Cost": 89429.03, "Plan Rows": 5847, "Plan Width": 25, "Inner Unique": false, "Plans": [{"Node Type": "Nested Loop", "Parent Relationship": "Outer", "Join Type": "Inner", "Startup Cost": 5982.08, "Total Cost": 83686.44, "Plan Rows": 5775, "Plan Width": 25, "Inner Unique": true, "Plans": [{"Node Type": "Hash Join", "Parent Relationship": "Outer", "Join Type": "Inner", "Startup Cost": 5982.08, "Total Cost": 61039.34, "Plan Rows": 5775, "Plan Width": 4, "Inner Unique": true, "Hash Cond": "(mc.company_id = cn.id)", "Plans": [{"Node Type": "Seq Scan", "Parent Relationship": "Outer", "Relation Name": "movie_companies", "Alias": "mc", "Startup Cost": 0.0, "Total Cost": 54862.92, "Plan Rows": 36426, "Plan Width": 8, "Filter": "(((note)::text ~~ '%(Japan)%'::text) AND ((note)::text !~~ '%(USA)%'::text))"}, {"Node Type": "Hash", "Parent Relationship": "Inner", "Startup Cost": 5903.45, "Total Cost": 5903.45, "Plan Rows": 6290, "Plan Width": 4, "Plans": [{"Node Type": "Seq Scan", "Parent Relationship": "Outer", "Relation Name": "company_name", "Alias": "cn", "Startup Cost": 0.0, "Total Cost": 5903.45, "Plan Rows": 6290, "Plan Width": 4, "Filter": "((country_code)::text = '[jp]'::text)"}]}]}, {"Node Type": "Index Scan", "Parent Relationship": "Inner", "Scan Direction": "Forward", "Index Name": "title_pkey", "Relation Name": "title", "Alias": "t", "Startup Cost": 0.0, "Total Cost": 3.91, "Plan Rows": 1, "Plan Width": 21, "Index Cond": "(id = mc.movie_id)"}]}, {"Node Type": "Index Scan", "Parent Relationship": "Inner", "Scan Direction": "Forward", "Index Name": "movie_id_cast_info", "Relation Name": "cast_info", "Alias": "ci", "Startup Cost": 0.0, "Total Cost": 0.98, "Plan Rows": 1, "Plan Width": 12, "Index Cond": "(movie_id = t.id)", "Filter": "((note)::text = '(voice: English version)'::text)"}]}, {"Node Type": "Hash", "Parent Relationship": "Inner", "Startup Cost": 1.15, "Total Cost": 1.15, "Plan Rows": 1, "Plan Width": 4, "Plans": [{"Node Type": "Seq Scan", "Parent Relationship": "Outer", "Relation Name": "role_type", "Alias": "rt", "Startup Cost": 0.0, "Total Cost": 1.15, "Plan Rows": 1, "Plan Width": 4, "Filter": "((role)::text = 'actress'::text)"}]}]}, {"Node Type": "Index Scan", "Parent Relationship": "Inner", "Scan Direction": "Forward", "Index Name": "person_id_aka_name", "Relation Name": "aka_name", "Alias": "an1", "Startup Cost": 0.0, "Total Cost": 0.84, "Plan Rows": 1, "Plan Width": 20, "Index Cond": "(person_id = ci.person_id)"}]}, {"Node Type": "Index Scan", "Parent Relationship": "Inner", "Scan Direction": "Forward", "Index Name": "name_pkey", "Relation Name": "name", "Alias": "n1", "Startup Cost": 0.0, "Total Cost": 0.57, "Plan Rows": 1, "Plan Width": 4, "Index Cond": "(id = an1.person_id)", "Filter": "(((name)::text ~~ '%Yo%'::text) AND ((name)::text !~~ '%Yu%'::text))"}]}]}, "Unique SQL Id": 3544391839, "Planner Runtime": 42}, "explain_analyze_plan": {"Plan": {"Node Type": "Aggregate", "Strategy": "Plain", "Startup Cost": 90283.15, "Total Cost": 90283.16, "Plan Rows": 1, "Plan Width": 97, "Actual Startup Time": 4080.68, "Actual Total Time": 4080.681, "Actual Rows": 1, "Actual Loops": 1, "Plans": [{"Node Type": "Nested Loop", "Parent Relationship": "Outer", "Join Type": "Inner", "Startup Cost": 5983.24, "Total Cost": 90279.92, "Plan Rows": 646, "Plan Width": 33, "Actual Startup Time": 365.037, "Actual Total Time": 4080.369, "Actual Rows": 62, "Actual Loops": 1, "Inner Unique": true, "Plans": [{"Node Type": "Nested Loop", "Parent Relationship": "Outer", "Join Type": "Inner", "Startup Cost": 5983.24, "Total Cost": 89904.38, "Plan Rows": 645, "Plan Width": 41, "Actual Startup Time": 85.485, "Actual Total Time": 4007.377, "Actual Rows": 17379, "Actual Loops": 1, "Inner Unique": false, "Plans": [{"Node Type": "Hash Join", "Parent Relationship": "Outer", "Join Type": "Inner", "Startup Cost": 5983.24, "Total Cost": 89450.16, "Plan Rows": 532, "Plan Width": 21, "Actual Startup Time": 85.463, "Actual Total Time": 3959.856, "Actual Rows": 7438, "Actual Loops": 1, "Inner Unique": true, "Hash Cond": "(ci.role_id = rt.id)", "Plans": [{"Node Type": "Nested Loop", "Parent Relationship": "Outer", "Join Type": "Inner", "Startup Cost": 5982.08, "Total Cost": 89429.03, "Plan Rows": 5847, "Plan Width": 25, "Actual Startup Time": 85.363, "Actual Total Time": 3953.379, "Actual Rows": 19600, "Actual Loops": 1, "Inner Unique": false, "Plans": [{"Node Type": "Nested Loop", "Parent Relationship": "Outer", "Join Type": "Inner", "Startup Cost": 5982.08, "Total Cost": 83686.44, "Plan Rows": 5775, "Plan Width": 25, "Actual Startup Time": 85.225, "Actual Total Time": 1323.482, "Actual Rows": 48328, "Actual Loops": 1, "Inner Unique": true, "Plans": [{"Node Type": "Hash Join", "Parent Relationship": "Outer", "Join Type": "Inner", "Startup Cost": 5982.08, "Total Cost": 61039.34, "Plan Rows": 5775, "Plan Width": 4, "Actual Startup Time": 85.19, "Actual Total Time": 1078.563, "Actual Rows": 48328, "Actual Loops": 1, "Inner Unique": true, "Hash Cond": "(mc.company_id = cn.id)", "Plans": [{"Node Type": "Seq Scan", "Parent Relationship": "Outer", "Relation Name": "movie_companies", "Alias": "mc", "Startup Cost": 0.0, "Total Cost": 54862.92, "Plan Rows": 36426, "Plan Width": 8, "Actual Startup Time": 0.225, "Actual Total Time": 959.202, "Actual Rows": 48897, "Actual Loops": 1, "Filter": "(((note)::text ~~ '%(Japan)%'::text) AND ((note)::text !~~ '%(USA)%'::text))", "Rows Removed by Filter": 2560231}, {"Node Type": "Hash", "Parent Relationship": "Inner", "Startup Cost": 5903.45, "Total Cost": 5903.45, "Plan Rows": 6290, "Plan Width": 4, "Actual Startup Time": 84.909, "Actual Total Time": 84.909, "Actual Rows": 6752, "Actual Loops": 1, "Hash Buckets": 32768, "Hash Batches": 1, "Original Hash Batches": 1, "Peak Memory Usage": 238, "Plans": [{"Node Type": "Seq Scan", "Parent Relationship": "Outer", "Relation Name": "company_name", "Alias": "cn", "Startup Cost": 0.0, "Total Cost": 5903.45, "Plan Rows": 6290, "Plan Width": 4, "Actual Startup Time": 0.023, "Actual Total Time": 82.584, "Actual Rows": 6752, "Actual Loops": 1, "Filter": "((country_code)::text = '[jp]'::text)", "Rows Removed by Filter": 228244}]}]}, {"Node Type": "Index Scan", "Parent Relationship": "Inner", "Scan Direction": "Forward", "Index Name": "title_pkey", "Relation Name": "title", "Alias": "t", "Startup Cost": 0.0, "Total Cost": 3.91, "Plan Rows": 1, "Plan Width": 21, "Actual Startup Time": 203.668, "Actual Total Time": 203.668, "Actual Rows": 48328, "Actual Loops": 48328, "Index Cond": "(id = mc.movie_id)", "Rows Removed by Index Recheck": 0}]}, {"Node Type": "Index Scan", "Parent Relationship": "Inner", "Scan Direction": "Forward", "Index Name": "movie_id_cast_info", "Relation Name": "cast_info", "Alias": "ci", "Startup Cost": 0.0, "Total Cost": 0.98, "Plan Rows": 1, "Plan Width": 12, "Actual Startup Time": 2480.383, "Actual Total Time": 2598.83, "Actual Rows": 19600, "Actual Loops": 48328, "Index Cond": "(movie_id = t.id)", "Rows Removed by Index Recheck": 0, "Filter": "((note)::text = '(voice: English version)'::text)", "Rows Removed by Filter": 1531710}]}, {"Node Type": "Hash", "Parent Relationship": "Inner", "Startup Cost": 1.15, "Total Cost": 1.15, "Plan Rows": 1, "Plan Width": 4, "Actual Startup Time": 0.045, "Actual Total Time": 0.045, "Actual Rows": 1, "Actual Loops": 1, "Hash Buckets": 32768, "Hash Batches": 1, "Original Hash Batches": 1, "Peak Memory Usage": 1, "Plans": [{"Node Type": "Seq Scan", "Parent Relationship": "Outer", "Relation Name": "role_type", "Alias": "rt", "Startup Cost": 0.0, "Total Cost": 1.15, "Plan Rows": 1, "Plan Width": 4, "Actual Startup Time": 0.031, "Actual Total Time": 0.036, "Actual Rows": 1, "Actual Loops": 1, "Filter": "((role)::text = 'actress'::text)", "Rows Removed by Filter": 11}]}]}, {"Node Type": "Index Scan", "Parent Relationship": "Inner", "Scan Direction": "Forward", "Index Name": "person_id_aka_name", "Relation Name": "aka_name", "Alias": "an1", "Startup Cost": 0.0, "Total Cost": 0.84, "Plan Rows": 1, "Plan Width": 20, "Actual Startup Time": 30.828, "Actual Total Time": 38.746, "Actual Rows": 17379, "Actual Loops": 7438, "Index Cond": "(person_id = ci.person_id)", "Rows Removed by Index Recheck": 0}]}, {"Node Type": "Index Scan", "Parent Relationship": "Inner", "Scan Direction": "Forward", "Index Name": "name_pkey", "Relation Name": "name", "Alias": "n1", "Startup Cost": 0.0, "Total Cost": 0.57, "Plan Rows": 1, "Plan Width": 4, "Actual Startup Time": 64.25, "Actual Total Time": 64.25, "Actual Rows": 62, "Actual Loops": 17379, "Index Cond": "(id = an1.person_id)", "Rows Removed by Index Recheck": 0, "Filter": "(((name)::text ~~ '%Yo%'::text) AND ((name)::text !~~ '%Yu%'::text))", "Rows Removed by Filter": 17317}]}]}, "Triggers": [], "Planner Runtime": 42, "Total Runtime": 4081.147, "Unique SQL Id": 3544391839}}, "(64, 77)": {"explain_plan": {"Plan": {"Node Type": "Aggregate", "Strategy": "Plain", "Startup Cost": 110772.14, "Total Cost": 110772.15, "Plan Rows": 1, "Plan Width": 97, "Plans": [{"Node Type": "Nested Loop", "Parent Relationship": "Outer", "Join Type": "Inner", "Startup Cost": 12.47, "Total Cost": 110771.66, "Plan Rows": 96, "Plan Width": 33, "Inner Unique": true, "Plans": [{"Node Type": "Nested Loop", "Parent Relationship": "Outer", "Join Type": "Inner", "Startup Cost": 12.47, "Total Cost": 110396.12, "Plan Rows": 645, "Plan Width": 41, "Inner Unique": false, "Plans": [{"Node Type": "Hash Join", "Parent Relationship": "Outer", "Join Type": "Inner", "Startup Cost": 12.47, "Total Cost": 109941.91, "Plan Rows": 532, "Plan Width": 21, "Inner Unique": true, "Hash Cond": "(ci.role_id = rt.id)", "Plans": [{"Node Type": "Nested Loop", "Parent Relationship": "Outer", "Join Type": "Inner", "Startup Cost": 0.0, "Total Cost": 109909.47, "Plan Rows": 5847, "Plan Width": 25, "Inner Unique": false, "Plans": [{"Node Type": "Nested Loop", "Parent Relationship": "Outer", "Join Type": "Inner", "Startup Cost": 0.0, "Total Cost": 104166.87, "Plan Rows": 5775, "Plan Width": 25, "Inner Unique": true, "Plans": [{"Node Type": "Nested Loop", "Parent Relationship": "Outer", "Join Type": "Inner", "Startup Cost": 0.0, "Total Cost": 81519.78, "Plan Rows": 5775, "Plan Width": 4, "Inner Unique": false, "Plans": [{"Node Type": "Index Scan", "Parent Relationship": "Outer", "Scan Direction": "Forward", "Index Name": "company_name_pkey", "Relation Name": "company_name", "Alias": "cn", "Startup Cost": 0.0, "Total Cost": 10501.39, "Plan Rows": 6290, "Plan Width": 4, "Filter": "((country_code)::text = '[jp]'::text)"}, {"Node Type": "Index Scan", "Parent Relationship": "Inner", "Scan Direction": "Forward", "Index Name": "company_id_movie_companies", "Relation Name": "movie_companies", "Alias": "mc", "Startup Cost": 0.0, "Total Cost": 11.28, "Plan Rows": 1, "Plan Width": 8, "Index Cond": "(company_id = cn.id)", "Filter": "(((note)::text ~~ '%(Japan)%'::text) AND ((note)::text !~~ '%(USA)%'::text))"}]}, {"Node Type": "Index Scan", "Parent Relationship": "Inner", "Scan Direction": "Forward", "Index Name": "title_pkey", "Relation Name": "title", "Alias": "t", "Startup Cost": 0.0, "Total Cost": 3.91, "Plan Rows": 1, "Plan Width": 21, "Index Cond": "(id = mc.movie_id)"}]}, {"Node Type": "Index Scan", "Parent Relationship": "Inner", "Scan Direction": "Forward", "Index Name": "movie_id_cast_info", "Relation Name": "cast_info", "Alias": "ci", "Startup Cost": 0.0, "Total Cost": 0.98, "Plan Rows": 1, "Plan Width": 12, "Index Cond": "(movie_id = t.id)", "Filter": "((note)::text = '(voice: English version)'::text)"}]}, {"Node Type": "Hash", "Parent Relationship": "Inner", "Startup Cost": 12.46, "Total Cost": 12.46, "Plan Rows": 1, "Plan Width": 4, "Plans": [{"Node Type": "Index Scan", "Parent Relationship": "Outer", "Scan Direction": "Forward", "Index Name": "role_type_pkey", "Relation Name": "role_type", "Alias": "rt", "Startup Cost": 0.0, "Total Cost": 12.46, "Plan Rows": 1, "Plan Width": 4, "Filter": "((role)::text = 'actress'::text)"}]}]}, {"Node Type": "Index Scan", "Parent Relationship": "Inner", "Scan Direction": "Forward", "Index Name": "person_id_aka_name", "Relation Name": "aka_name", "Alias": "an1", "Startup Cost": 0.0, "Total Cost": 0.84, "Plan Rows": 1, "Plan Width": 20, "Index Cond": "(person_id = ci.person_id)"}]}, {"Node Type": "Index Scan", "Parent Relationship": "Inner", "Scan Direction": "Forward", "Index Name": "name_pkey", "Relation Name": "name", "Alias": "n1", "Startup Cost": 0.0, "Total Cost": 0.57, "Plan Rows": 1, "Plan Width": 4, "Index Cond": "(id = an1.person_id)", "Filter": "(((name)::text ~~ '%Yo%'::text) AND ((name)::text !~~ '%Yu%'::text))"}]}]}, "Unique SQL Id": 3544391839, "Planner Runtime": 34}, "explain_analyze_plan": {"Plan": {"Node Type": "Aggregate", "Strategy": "Plain", "Startup Cost": 110772.14, "Total Cost": 110772.15, "Plan Rows": 1, "Plan Width": 97, "Actual Startup Time": 3950.782, "Actual Total Time": 3950.783, "Actual Rows": 1, "Actual Loops": 1, "Plans": [{"Node Type": "Nested Loop", "Parent Relationship": "Outer", "Join Type": "Inner", "Startup Cost": 12.47, "Total Cost": 110771.66, "Plan Rows": 96, "Plan Width": 33, "Actual Startup Time": 5.361, "Actual Total Time": 3950.484, "Actual Rows": 62, "Actual Loops": 1, "Inner Unique": true, "Plans": [{"Node Type": "Nested Loop", "Parent Relationship": "Outer", "Join Type": "Inner", "Startup Cost": 12.47, "Total Cost": 110396.12, "Plan Rows": 645, "Plan Width": 41, "Actual Startup Time": 0.465, "Actual Total Time": 3873.221, "Actual Rows": 17379, "Actual Loops": 1, "Inner Unique": false, "Plans": [{"Node Type": "Hash Join", "Parent Relationship": "Outer", "Join Type": "Inner", "Startup Cost": 12.47, "Total Cost": 109941.91, "Plan Rows": 532, "Plan Width": 21, "Actual Startup Time": 0.449, "Actual Total Time": 3820.735, "Actual Rows": 7438, "Actual Loops": 1, "Inner Unique": true, "Hash Cond": "(ci.role_id = rt.id)", "Plans": [{"Node Type": "Nested Loop", "Parent Relationship": "Outer", "Join Type": "Inner", "Startup Cost": 0.0, "Total Cost": 109909.47, "Plan Rows": 5847, "Plan Width": 25, "Actual Startup Time": 0.379, "Actual Total Time": 3813.945, "Actual Rows": 19600, "Actual Loops": 1, "Inner Unique": false, "Plans": [{"Node Type": "Nested Loop", "Parent Relationship": "Outer", "Join Type": "Inner", "Startup Cost": 0.0, "Total Cost": 104166.87, "Plan Rows": 5775, "Plan Width": 25, "Actual Startup Time": 0.302, "Actual Total Time": 847.332, "Actual Rows": 48328, "Actual Loops": 1, "Inner Unique": true, "Plans": [{"Node Type": "Nested Loop", "Parent Relationship": "Outer", "Join Type": "Inner", "Startup Cost": 0.0, "Total Cost": 81519.78, "Plan Rows": 5775, "Plan Width": 4, "Actual Startup Time": 0.289, "Actual Total Time": 528.578, "Actual Rows": 48328, "Actual Loops": 1, "Inner Unique": false, "Plans": [{"Node Type": "Index Scan", "Parent Relationship": "Outer", "Scan Direction": "Forward", "Index Name": "company_name_pkey", "Relation Name": "company_name", "Alias": "cn", "Startup Cost": 0.0, "Total Cost": 10501.39, "Plan Rows": 6290, "Plan Width": 4, "Actual Startup Time": 0.248, "Actual Total Time": 301.465, "Actual Rows": 6752, "Actual Loops": 1, "Filter": "((country_code)::text = '[jp]'::text)", "Rows Removed by Filter": 228244}, {"Node Type": "Index Scan", "Parent Relationship": "Inner", "Scan Direction": "Forward", "Index Name": "company_id_movie_companies", "Relation Name": "movie_companies", "Alias": "mc", "Startup Cost": 0.0, "Total Cost": 11.28, "Plan Rows": 1, "Plan Width": 8, "Actual Startup Time": 53.767, "Actual Total Time": 211.227, "Actual Rows": 48328, "Actual Loops": 6752, "Index Cond": "(company_id = cn.id)", "Rows Removed by Index Recheck": 0, "Filter": "(((note)::text ~~ '%(Japan)%'::text) AND ((note)::text !~~ '%(USA)%'::text))", "Rows Removed by Filter": 56667}]}, {"Node Type": "Index Scan", "Parent Relationship": "Inner", "Scan Direction": "Forward", "Index Name": "title_pkey", "Relation Name": "title", "Alias": "t", "Startup Cost": 0.0, "Total Cost": 3.91, "Plan Rows": 1, "Plan Width": 21, "Actual Startup Time": 276.934, "Actual Total Time": 276.934, "Actual Rows": 48328, "Actual Loops": 48328, "Index Cond": "(id = mc.movie_id)", "Rows Removed by Index Recheck": 0}]}, {"Node Type": "Index Scan", "Parent Relationship": "Inner", "Scan Direction": "Forward", "Index Name": "movie_id_cast_info", "Relation Name": "cast_info", "Alias": "ci", "Startup Cost": 0.0, "Total Cost": 0.98, "Plan Rows": 1, "Plan Width": 12, "Actual Startup Time": 2803.594, "Actual Total Time": 2935.766, "Actual Rows": 19600, "Actual Loops": 48328, "Index Cond": "(movie_id = t.id)", "Rows Removed by Index Recheck": 0, "Filter": "((note)::text = '(voice: English version)'::text)", "Rows Removed by Filter": 1531710}]}, {"Node Type": "Hash", "Parent Relationship": "Inner", "Startup Cost": 12.46, "Total Cost": 12.46, "Plan Rows": 1, "Plan Width": 4, "Actual Startup Time": 0.022, "Actual Total Time": 0.022, "Actual Rows": 1, "Actual Loops": 1, "Hash Buckets": 32768, "Hash Batches": 1, "Original Hash Batches": 1, "Peak Memory Usage": 1, "Plans": [{"Node Type": "Index Scan", "Parent Relationship": "Outer", "Scan Direction": "Forward", "Index Name": "role_type_pkey", "Relation Name": "role_type", "Alias": "rt", "Startup Cost": 0.0, "Total Cost": 12.46, "Plan Rows": 1, "Plan Width": 4, "Actual Startup Time": 0.009, "Actual Total Time": 0.014, "Actual Rows": 1, "Actual Loops": 1, "Filter": "((role)::text = 'actress'::text)", "Rows Removed by Filter": 11}]}]}, {"Node Type": "Index Scan", "Parent Relationship": "Inner", "Scan Direction": "Forward", "Index Name": "person_id_aka_name", "Relation Name": "aka_name", "Alias": "an1", "Startup Cost": 0.0, "Total Cost": 0.84, "Plan Rows": 1, "Plan Width": 20, "Actual Startup Time": 34.872, "Actual Total Time": 43.451, "Actual Rows": 17379, "Actual Loops": 7438, "Index Cond": "(person_id = ci.person_id)", "Rows Removed by Index Recheck": 0}]}, {"Node Type": "Index Scan", "Parent Relationship": "Inner", "Scan Direction": "Forward", "Index Name": "name_pkey", "Relation Name": "name", "Alias": "n1", "Startup Cost": 0.0, "Total Cost": 0.57, "Plan Rows": 1, "Plan Width": 4, "Actual Startup Time": 68.242, "Actual Total Time": 68.242, "Actual Rows": 62, "Actual Loops": 17379, "Index Cond": "(id = an1.person_id)", "Rows Removed by Index Recheck": 0, "Filter": "(((name)::text ~~ '%Yo%'::text) AND ((name)::text !~~ '%Yu%'::text))", "Rows Removed by Filter": 17317}]}]}, "Triggers": [], "Planner Runtime": 34, "Total Runtime": 3951.163, "Unique SQL Id": 3544391839}}, "(64, 78)": {"explain_plan": {"Plan": {"Node Type": "Aggregate", "Strategy": "Plain", "Startup Cost": 318214.11, "Total Cost": 318214.12, "Plan Rows": 1, "Plan Width": 97, "Plans": [{"Node Type": "Hash Join", "Parent Relationship": "Outer", "Join Type": "Inner", "Startup Cost": 241688.13, "Total Cost": 318210.88, "Plan Rows": 646, "Plan Width": 33, "Inner Unique": true, "Hash Cond": "(ci.movie_id = t.id)", "Plans": [{"Node Type": "Hash Join", "Parent Relationship": "Outer", "Join Type": "Inner", "Startup Cost": 150015.13, "Total Cost": 226529.0, "Plan Rows": 646, "Plan Width": 24, "Inner Unique": false, "Hash Cond": "(ci.movie_id = mc.movie_id)", "Plans": [{"Node Type": "Hash Join", "Parent Relationship": "Outer", "Join Type": "Inner", "Startup Cost": 88903.6, "Total Cost": 165340.91, "Plan Rows": 1560, "Plan Width": 20, "Inner Unique": false, "Hash Cond": "(ci.person_id = an1.person_id)", "Plans": [{"Node Type": "Hash Join", "Parent Relationship": "Outer", "Join Type": "Inner", "Startup Cost": 1.16, "Total Cost": 76267.13, "Plan Rows": 8790, "Plan Width": 8, "Inner Unique": true, "Hash Cond": "(ci.role_id = rt.id)", "Plans": [{"Node Type": "Streaming(type: LOCAL GATHER dop: 1/64)", "Parent Relationship": "Outer", "Startup Cost": 0.0, "Total Cost": 75815.47, "Plan Rows": 96692, "Plan Width": 12, "Plans": [{"Node Type": "Seq Scan", "Parent Relationship": "Outer", "Relation Name": "cast_info", "Alias": "ci", "Startup Cost": 0.0, "Total Cost": 73820.73, "Plan Rows": 96692, "Plan Width": 12, "Filter": "((note)::text = '(voice: English version)'::text)"}]}, {"Node Type": "Hash", "Parent Relationship": "Inner", "Startup Cost": 1.15, "Total Cost": 1.15, "Plan Rows": 1, "Plan Width": 4, "Plans": [{"Node Type": "Seq Scan", "Parent Relationship": "Outer", "Relation Name": "role_type", "Alias": "rt", "Startup Cost": 0.0, "Total Cost": 1.15, "Plan Rows": 1, "Plan Width": 4, "Filter": "((role)::text = 'actress'::text)"}]}]}, {"Node Type": "Hash", "Parent Relationship": "Inner", "Startup Cost": 88694.6, "Total Cost": 88694.6, "Plan Rows": 16627, "Plan Width": 24, "Plans": [{"Node Type": "Hash Join", "Parent Relationship": "Outer", "Join Type": "Inner", "Startup Cost": 65239.88, "Total Cost": 88694.6, "Plan Rows": 16627, "Plan Width": 24, "Inner Unique": true, "Hash Cond": "(an1.person_id = n1.id)", "Plans": [{"Node Type": "Seq Scan", "Parent Relationship": "Outer", "Relation Name": "aka_name", "Alias": "an1", "Startup Cost": 0.0, "Total Cost": 19908.42, "Plan Rows": 901342, "Plan Width": 20}, {"Node Type": "Hash", "Parent Relationship": "Inner", "Startup Cost": 65066.3, "Total Cost": 65066.3, "Plan Rows": 13886, "Plan Width": 4, "Plans": [{"Node Type": "Streaming(type: LOCAL GATHER dop: 1/64)", "Parent Relationship": "Outer", "Startup Cost": 0.0, "Total Cost": 65066.3, "Plan Rows": 13886, "Plan Width": 4, "Plans": [{"Node Type": "Seq Scan", "Parent Relationship": "Outer", "Relation Name": "name", "Alias": "n1", "Startup Cost": 0.0, "Total Cost": 64779.83, "Plan Rows": 13886, "Plan Width": 4, "Filter": "(((name)::text ~~ '%Yo%'::text) AND ((name)::text !~~ '%Yu%'::text))"}]}]}]}]}]}, {"Node Type": "Hash", "Parent Relationship": "Inner", "Startup Cost": 61039.34, "Total Cost": 61039.34, "Plan Rows": 5775, "Plan Width": 4, "Plans": [{"Node Type": "Hash Join", "Parent Relationship": "Outer", "Join Type": "Inner", "Startup Cost": 5982.08, "Total Cost": 61039.34, "Plan Rows": 5775, "Plan Width": 4, "Inner Unique": true, "Hash Cond": "(mc.company_id = cn.id)", "Plans": [{"Node Type": "Seq Scan", "Parent Relationship": "Outer", "Relation Name": "movie_companies", "Alias": "mc", "Startup Cost": 0.0, "Total Cost": 54862.92, "Plan Rows": 36426, "Plan Width": 8, "Filter": "(((note)::text ~~ '%(Japan)%'::text) AND ((note)::text !~~ '%(USA)%'::text))"}, {"Node Type": "Hash", "Parent Relationship": "Inner", "Startup Cost": 5903.45, "Total Cost": 5903.45, "Plan Rows": 6290, "Plan Width": 4, "Plans": [{"Node Type": "Seq Scan", "Parent Relationship": "Outer", "Relation Name": "company_name", "Alias": "cn", "Startup Cost": 0.0, "Total Cost": 5903.45, "Plan Rows": 6290, "Plan Width": 4, "Filter": "((country_code)::text = '[jp]'::text)"}]}]}]}]}, {"Node Type": "Hash", "Parent Relationship": "Inner", "Startup Cost": 60069.11, "Total Cost": 60069.11, "Plan Rows": 2528311, "Plan Width": 21, "Plans": [{"Node Type": "Seq Scan", "Parent Relationship": "Outer", "Relation Name": "title", "Alias": "t", "Startup Cost": 0.0, "Total Cost": 60069.11, "Plan Rows": 2528311, "Plan Width": 21}]}]}]}, "Unique SQL Id": 3544391839, "Planner Runtime": 96}, "explain_analyze_plan": {"Plan": {"Node Type": "Aggregate", "Strategy": "Plain", "Startup Cost": 318214.11, "Total Cost": 318214.12, "Plan Rows": 1, "Plan Width": 97, "Actual Min Startup Time": 3418.478, "Actual Max Startup Time": 3418.478, "Actual Min Total Time": 3418.478, "Actual Max Total Time": 3418.478, "Plans": [{"Node Type": "Hash Join", "Parent Relationship": "Outer", "Join Type": "Inner", "Startup Cost": 241688.13, "Total Cost": 318210.88, "Plan Rows": 646, "Plan Width": 33, "Actual Min Startup Time": 3300.911, "Actual Max Startup Time": 3300.911, "Actual Min Total Time": 3418.379, "Actual Max Total Time": 3418.379, "Inner Unique": true, "Hash Cond": "(ci.movie_id = t.id)", "Plans": [{"Node Type": "Hash Join", "Parent Relationship": "Outer", "Join Type": "Inner", "Startup Cost": 150015.13, "Total Cost": 226529.0, "Plan Rows": 646, "Plan Width": 24, "Actual Min Startup Time": 1561.592, "Actual Max Startup Time": 1561.592, "Actual Min Total Time": 1678.88, "Actual Max Total Time": 1678.88, "Inner Unique": false, "Hash Cond": "(ci.movie_id = mc.movie_id)", "Plans": [{"Node Type": "Hash Join", "Parent Relationship": "Outer", "Join Type": "Inner", "Startup Cost": 88903.6, "Total Cost": 165340.91, "Plan Rows": 1560, "Plan Width": 20, "Actual Min Startup Time": 495.271, "Actual Max Startup Time": 495.271, "Actual Min Total Time": 612.318, "Actual Max Total Time": 612.318, "Inner Unique": false, "Hash Cond": "(ci.person_id = an1.person_id)", "Plans": [{"Node Type": "Hash Join", "Parent Relationship": "Outer", "Join Type": "Inner", "Startup Cost": 1.16, "Total Cost": 76267.13, "Plan Rows": 8790, "Plan Width": 8, "Actual Min Startup Time": 22.732, "Actual Max Startup Time": 22.732, "Actual Min Total Time": 175.54, "Actual Max Total Time": 175.54, "Inner Unique": true, "Hash Cond": "(ci.role_id = rt.id)", "Plans": [{"Node Type": "Streaming(type: LOCAL GATHER dop: 1/64)", "Parent Relationship": "Outer", "Startup Cost": 0.0, "Total Cost": 75815.47, "Plan Rows": 96692, "Plan Width": 12, "Actual Min Startup Time": 0.139, "Actual Max Startup Time": 0.139, "Actual Min Total Time": 152.699, "Actual Max Total Time": 152.699, "Plans": [{"Node Type": "Seq Scan", "Parent Relationship": "Outer", "Relation Name": "cast_info", "Alias": "ci", "Startup Cost": 0.0, "Total Cost": 73820.73, "Plan Rows": 96692, "Plan Width": 12, "Actual Min Startup Time": 0.029, "Actual Max Startup Time": 2.877, "Actual Min Total Time": 153.722, "Actual Max Total Time": 162.129, "Filter": "((note)::text = '(voice: English version)'::text)", "Rows Removed by Filter": 36151248, "Actual Rows": 93095}], "Actual Rows": 93095}, {"Node Type": "Hash", "Parent Relationship": "Inner", "Startup Cost": 1.15, "Total Cost": 1.15, "Plan Rows": 1, "Plan Width": 4, "Actual Min Startup Time": 0.078, "Actual Max Startup Time": 0.078, "Actual Min Total Time": 0.078, "Actual Max Total Time": 0.078, "Max Hash Buckets": 32768, "Min Hash Buckets": 32768, "Max Hash Batches": 1, "Min Hash Batches": 1, "Max Original Hash Batches": 1, "Min Original Hash Batches": 1, "Max Peak Memory Usage": 1, "min Peak Memory Usage": 1, "Plans": [{"Node Type": "Seq Scan", "Parent Relationship": "Outer", "Relation Name": "role_type", "Alias": "rt", "Startup Cost": 0.0, "Total Cost": 1.15, "Plan Rows": 1, "Plan Width": 4, "Actual Min Startup Time": 0.06, "Actual Max Startup Time": 0.06, "Actual Min Total Time": 0.065, "Actual Max Total Time": 0.065, "Filter": "((role)::text = 'actress'::text)", "Rows Removed by Filter": 11, "Actual Rows": 1}], "Actual Rows": 1}], "Actual Rows": 34848}, {"Node Type": "Hash", "Parent Relationship": "Inner", "Startup Cost": 88694.6, "Total Cost": 88694.6, "Plan Rows": 16627, "Plan Width": 24, "Actual Min Startup Time": 431.111, "Actual Max Startup Time": 431.111, "Actual Min Total Time": 431.111, "Actual Max Total Time": 431.111, "Max Hash Buckets": 32768, "Min Hash Buckets": 32768, "Max Hash Batches": 1, "Min Hash Batches": 1, "Max Original Hash Batches": 1, "Min Original Hash Batches": 1, "Max Peak Memory Usage": 229, "min Peak Memory Usage": 229, "Plans": [{"Node Type": "Hash Join", "Parent Relationship": "Outer", "Join Type": "Inner", "Startup Cost": 65239.88, "Total Cost": 88694.6, "Plan Rows": 16627, "Plan Width": 24, "Actual Min Startup Time": 28.766, "Actual Max Startup Time": 28.766, "Actual Min Total Time": 429.225, "Actual Max Total Time": 429.225, "Inner Unique": true, "Hash Cond": "(an1.person_id = n1.id)", "Plans": [{"Node Type": "Seq Scan", "Parent Relationship": "Outer", "Relation Name": "aka_name", "Alias": "an1", "Startup Cost": 0.0, "Total Cost": 19908.42, "Plan Rows": 901342, "Plan Width": 20, "Actual Min Startup Time": 0.035, "Actual Max Startup Time": 0.035, "Actual Min Total Time": 225.881, "Actual Max Total Time": 225.881, "Actual Rows": 901342}, {"Node Type": "Hash", "Parent Relationship": "Inner", "Startup Cost": 65066.3, "Total Cost": 65066.3, "Plan Rows": 13886, "Plan Width": 4, "Actual Min Startup Time": 28.497, "Actual Max Startup Time": 28.497, "Actual Min Total Time": 28.497, "Actual Max Total Time": 28.497, "Max Hash Buckets": 32768, "Min Hash Buckets": 32768, "Max Hash Batches": 1, "Min Hash Batches": 1, "Max Original Hash Batches": 1, "Min Original Hash Batches": 1, "Max Peak Memory Usage": 736, "min Peak Memory Usage": 736, "Plans": [{"Node Type": "Streaming(type: LOCAL GATHER dop: 1/64)", "Parent Relationship": "Outer", "Startup Cost": 0.0, "Total Cost": 65066.3, "Plan Rows": 13886, "Plan Width": 4, "Actual Min Startup Time": 0.21, "Actual Max Startup Time": 0.21, "Actual Min Total Time": 23.302, "Actual Max Total Time": 23.302, "Plans": [{"Node Type": "Seq Scan", "Parent Relationship": "Outer", "Relation Name": "name", "Alias": "n1", "Startup Cost": 0.0, "Total Cost": 64779.83, "Plan Rows": 13886, "Plan Width": 4, "Actual Min Startup Time": 0.049, "Actual Max Startup Time": 2.627, "Actual Min Total Time": 25.685, "Actual Max Total Time": 42.62, "Filter": "(((name)::text ~~ '%Yo%'::text) AND ((name)::text !~~ '%Yu%'::text))", "Rows Removed by Filter": 4146579, "Actual Rows": 20911}], "Actual Rows": 20911}], "Actual Rows": 20911}], "Actual Rows": 4031}], "Actual Rows": 4031}], "Actual Rows": 659}, {"Node Type": "Hash", "Parent Relationship": "Inner", "Startup Cost": 61039.34, "Total Cost": 61039.34, "Plan Rows": 5775, "Plan Width": 4, "Actual Min Startup Time": 1066.204, "Actual Max Startup Time": 1066.204, "Actual Min Total Time": 1066.204, "Actual Max Total Time": 1066.204, "Max Hash Buckets": 32768, "Min Hash Buckets": 32768, "Max Hash Batches": 1, "Min Hash Batches": 1, "Max Original Hash Batches": 1, "Min Original Hash Batches": 1, "Max Peak Memory Usage": 1700, "min Peak Memory Usage": 1700, "Plans": [{"Node Type": "Hash Join", "Parent Relationship": "Outer", "Join Type": "Inner", "Startup Cost": 5982.08, "Total Cost": 61039.34, "Plan Rows": 5775, "Plan Width": 4, "Actual Min Startup Time": 84.549, "Actual Max Startup Time": 84.549, "Actual Min Total Time": 1049.687, "Actual Max Total Time": 1049.687, "Inner Unique": true, "Hash Cond": "(mc.company_id = cn.id)", "Plans": [{"Node Type": "Seq Scan", "Parent Relationship": "Outer", "Relation Name": "movie_companies", "Alias": "mc", "Startup Cost": 0.0, "Total Cost": 54862.92, "Plan Rows": 36426, "Plan Width": 8, "Actual Min Startup Time": 0.281, "Actual Max Startup Time": 0.281, "Actual Min Total Time": 939.89, "Actual Max Total Time": 939.89, "Filter": "(((note)::text ~~ '%(Japan)%'::text) AND ((note)::text !~~ '%(USA)%'::text))", "Rows Removed by Filter": 2560231, "Actual Rows": 48897}, {"Node Type": "Hash", "Parent Relationship": "Inner", "Startup Cost": 5903.45, "Total Cost": 5903.45, "Plan Rows": 6290, "Plan Width": 4, "Actual Min Startup Time": 84.213, "Actual Max Startup Time": 84.213, "Actual Min Total Time": 84.213, "Actual Max Total Time": 84.213, "Max Hash Buckets": 32768, "Min Hash Buckets": 32768, "Max Hash Batches": 1, "Min Hash Batches": 1, "Max Original Hash Batches": 1, "Min Original Hash Batches": 1, "Max Peak Memory Usage": 238, "min Peak Memory Usage": 238, "Plans": [{"Node Type": "Seq Scan", "Parent Relationship": "Outer", "Relation Name": "company_name", "Alias": "cn", "Startup Cost": 0.0, "Total Cost": 5903.45, "Plan Rows": 6290, "Plan Width": 4, "Actual Min Startup Time": 0.029, "Actual Max Startup Time": 0.029, "Actual Min Total Time": 82.133, "Actual Max Total Time": 82.133, "Filter": "((country_code)::text = '[jp]'::text)", "Rows Removed by Filter": 228244, "Actual Rows": 6752}], "Actual Rows": 6752}], "Actual Rows": 48328}], "Actual Rows": 48328}], "Actual Rows": 62}, {"Node Type": "Hash", "Parent Relationship": "Inner", "Startup Cost": 60069.11, "Total Cost": 60069.11, "Plan Rows": 2528311, "Plan Width": 21, "Actual Min Startup Time": 1736.448, "Actual Max Startup Time": 1736.448, "Actual Min Total Time": 1736.448, "Actual Max Total Time": 1736.448, "Max Hash Buckets": 4194304, "Min Hash Buckets": 4194304, "Max Hash Batches": 1, "Min Hash Batches": 1, "Max Original Hash Batches": 1, "Min Original Hash Batches": 1, "Max Peak Memory Usage": 135869, "min Peak Memory Usage": 135869, "Plans": [{"Node Type": "Seq Scan", "Parent Relationship": "Outer", "Relation Name": "title", "Alias": "t", "Startup Cost": 0.0, "Total Cost": 60069.11, "Plan Rows": 2528311, "Plan Width": 21, "Actual Min Startup Time": 0.05, "Actual Max Startup Time": 0.05, "Actual Min Total Time": 840.179, "Actual Max Total Time": 840.179, "Actual Rows": 2528311}], "Actual Rows": 2528311}], "Actual Rows": 62}], "Actual Rows": 1}, "Triggers": [], "Planner Runtime": 66, "Total Runtime": 3473.747, "Unique SQL Id": 3544391839}}, "(64, 79)": {"explain_plan": {"Plan": {"Node Type": "Aggregate", "Strategy": "Plain", "Startup Cost": 6720985922273.95, "Total Cost": 6720985922273.96, "Plan Rows": 1, "Plan Width": 97, "Plans": [{"Node Type": "Hash Join", "Parent Relationship": "Outer", "Join Type": "Inner", "Startup Cost": 4029128203440.23, "Total Cost": 6720985922270.72, "Plan Rows": 646, "Plan Width": 33, "Inner Unique": true, "Hash Cond": "(ci.role_id = rt.id)", "Plans": [{"Node Type": "Hash Join", "Parent Relationship": "Outer", "Join Type": "Inner", "Startup Cost": 3029128202194.22, "Total Cost": 5720985920991.6, "Plan Rows": 7105, "Plan Width": 37, "Inner Unique": false, "Hash Cond": "(ci.movie_id = t.id)", "Plans": [{"Node Type": "Merge Join", "Parent Relationship": "Outer", "Join Type": "Inner", "Startup Cost": 30051235465.84, "Total Cost": 2721908954128.06, "Plan Rows": 17161, "Plan Width": 24, "Inner Unique": false, "Merge Cond": "(an1.person_id = ci.person_id)", "Plans": [{"Node Type": "Merge Join", "Parent Relationship": "Outer", "Join Type": "Inner", "Startup Cost": 20030754356.47, "Total Cost": 2000026606025.89, "Plan Rows": 16627, "Plan Width": 24, "Inner Unique": true, "Merge Cond": "(an1.person_id = n1.id)", "Plans": [{"Node Type": "Index Scan", "Parent Relationship": "Outer", "Scan Direction": "Forward", "Index Name": "person_id_aka_name", "Relation Name": "aka_name", "Alias": "an1", "Startup Cost": 10000000000.0, "Total Cost": 1000006896503.43, "Plan Rows": 901342, "Plan Width": 20}, {"Node Type": "Materialize", "Parent Relationship": "Inner", "Startup Cost": 10000000000.0, "Total Cost": 1000019707054.42, "Plan Rows": 13886, "Plan Width": 4, "Plans": [{"Node Type": "Index Scan", "Parent Relationship": "Outer", "Scan Direction": "Forward", "Index Name": "name_pkey", "Relation Name": "name", "Alias": "n1", "Startup Cost": 10000000000.0, "Total Cost": 1000019707019.7, "Plan Rows": 13886, "Plan Width": 4, "Filter": "(((name)::text ~~ '%Yo%'::text) AND ((name)::text !~~ '%Yu%'::text))"}]}]}, {"Node Type": "Index Scan", "Parent Relationship": "Inner", "Scan Direction": "Forward", "Index Name": "person_id_cast_info", "Relation Name": "cast_info", "Alias": "ci", "Startup Cost": 10000000000.0, "Total Cost": 1000179713706.71, "Plan Rows": 96692, "Plan Width": 12, "Filter": "((note)::text = '(voice: English version)'::text)"}]}, {"Node Type": "Hash", "Parent Relationship": "Inner", "Startup Cost": 2999076966656.19, "Total Cost": 2999076966656.19, "Plan Rows": 5775, "Plan Width": 25, "Plans": [{"Node Type": "Merge Join", "Parent Relationship": "Outer", "Join Type": "Inner", "Startup Cost": 2010036650504.51, "Total Cost": 2999076966656.19, "Plan Rows": 5775, "Plan Width": 25, "Inner Unique": true, "Merge Cond": "(mc.movie_id = t.id)", "Plans": [{"Node Type": "Sort", "Parent Relationship": "Outer", "Startup Cost": 2000014722578.3, "Total Cost": 2000014722592.74, "Plan Rows": 5775, "Plan Width": 4, "Sort Key": ["mc.movie_id"], "Plans": [{"Node Type": "Merge Join", "Parent Relationship": "Outer", "Join Type": "Inner", "Startup Cost": 45738289886.04, "Total Cost": 2000014722217.49, "Plan Rows": 5775, "Plan Width": 4, "Inner Unique": false, "Merge Cond": "(cn.id = mc.company_id)", "Plans": [{"Node Type": "Index Scan", "Parent Relationship": "Outer", "Scan Direction": "Forward", "Index Name": "company_name_pkey", "Relation Name": "company_name", "Alias": "cn", "Startup Cost": 10000000000.0, "Total Cost": 1000001050138.97, "Plan Rows": 6290, "Plan Width": 4, "Filter": "((country_code)::text = '[jp]'::text)"}, {"Node Type": "Index Scan", "Parent Relationship": "Inner", "Scan Direction": "Forward", "Index Name": "company_id_movie_companies", "Relation Name": "movie_companies", "Alias": "mc", "Startup Cost": 10000000000.0, "Total Cost": 1000013671913.98, "Plan Rows": 36426, "Plan Width": 8, "Filter": "(((note)::text ~~ '%(Japan)%'::text) AND ((note)::text !~~ '%(USA)%'::text))"}]}]}, {"Node Type": "Index Scan", "Parent Relationship": "Inner", "Scan Direction": "Forward", "Index Name": "title_pkey", "Relation Name": "title", "Alias": "t", "Startup Cost": 10000000000.0, "Total Cost": 1000011012048.91, "Plan Rows": 2528311, "Plan Width": 21}]}]}]}, {"Node Type": "Hash", "Parent Relationship": "Inner", "Startup Cost": 1000000001246.0, "Total Cost": 1000000001246.0, "Plan Rows": 1, "Plan Width": 4, "Plans": [{"Node Type": "Index Scan", "Parent Relationship": "Outer", "Scan Direction": "Forward", "Index Name": "role_type_pkey", "Relation Name": "role_type", "Alias": "rt", "Startup Cost": 10000000000.0, "Total Cost": 1000000001246.0, "Plan Rows": 1, "Plan Width": 4, "Filter": "((role)::text = 'actress'::text)"}]}]}]}, "Unique SQL Id": 3544391839, "Planner Runtime": 157}, "explain_analyze_plan": null}, "(64, 80)": {"explain_plan": {"Plan": {"Node Type": "Aggregate", "Strategy": "Plain", "Startup Cost": 93815.79, "Total Cost": 93815.8, "Plan Rows": 1, "Plan Width": 97, "Plans": [{"Node Type": "Nested Loop", "Parent Relationship": "Outer", "Join Type": "Inner", "Startup Cost": 92951.0, "Total Cost": 93815.31, "Plan Rows": 96, "Plan Width": 33, "Inner Unique": true, "Plans": [{"Node Type": "Nested Loop", "Parent Relationship": "Outer", "Join Type": "Inner", "Startup Cost": 92951.0, "Total Cost": 93439.77, "Plan Rows": 645, "Plan Width": 41, "Inner Unique": false, "Plans": [{"Node Type": "Merge Join", "Parent Relationship": "Outer", "Join Type": "Inner", "Startup Cost": 92951.0, "Total Cost": 92985.56, "Plan Rows": 532, "Plan Width": 21, "Inner Unique": false, "Merge Cond": "(rt.id = ci.role_id)", "Plans": [{"Node Type": "Sort", "Parent Relationship": "Outer", "Startup Cost": 1.16, "Total Cost": 1.16, "Plan Rows": 1, "Plan Width": 4, "Sort Key": ["rt.id"], "Plans": [{"Node Type": "Seq Scan", "Parent Relationship": "Outer", "Relation Name": "role_type", "Alias": "rt", "Startup Cost": 0.0, "Total Cost": 1.15, "Plan Rows": 1, "Plan Width": 4, "Filter": "((role)::text = 'actress'::text)"}]}, {"Node Type": "Sort", "Parent Relationship": "Inner", "Startup Cost": 92949.84, "Total Cost": 92964.46, "Plan Rows": 5847, "Plan Width": 25, "Sort Key": ["ci.role_id"], "Plans": [{"Node Type": "Nested Loop", "Parent Relationship": "Outer", "Join Type": "Inner", "Startup Cost": 63927.73, "Total Cost": 92584.01, "Plan Rows": 5847, "Plan Width": 25, "Inner Unique": false, "Plans": [{"Node Type": "Nested Loop", "Parent Relationship": "Outer", "Join Type": "Inner", "Startup Cost": 63927.73, "Total Cost": 86841.41, "Plan Rows": 5775, "Plan Width": 25, "Inner Unique": true, "Plans": [{"Node Type": "Merge Join", "Parent Relationship": "Outer", "Join Type": "Inner", "Startup Cost": 63927.73, "Total Cost": 64194.32, "Plan Rows": 5775, "Plan Width": 4, "Inner Unique": false, "Merge Cond": "(cn.id = mc.company_id)", "Plans": [{"Node Type": "Sort", "Parent Relationship": "Outer", "Startup Cost": 6300.31, "Total Cost": 6316.04, "Plan Rows": 6290, "Plan Width": 4, "Sort Key": ["cn.id"], "Plans": [{"Node Type": "Seq Scan", "Parent Relationship": "Outer", "Relation Name": "company_name", "Alias": "cn", "Startup Cost": 0.0, "Total Cost": 5903.45, "Plan Rows": 6290, "Plan Width": 4, "Filter": "((country_code)::text = '[jp]'::text)"}]}, {"Node Type": "Sort", "Parent Relationship": "Inner", "Startup Cost": 57622.68, "Total Cost": 57713.74, "Plan Rows": 36426, "Plan Width": 8, "Sort Key": ["mc.company_id"], "Plans": [{"Node Type": "Seq Scan", "Parent Relationship": "Outer", "Relation Name": "movie_companies", "Alias": "mc", "Startup Cost": 0.0, "Total Cost": 54862.92, "Plan Rows": 36426, "Plan Width": 8, "Filter": "(((note)::text ~~ '%(Japan)%'::text) AND ((note)::text !~~ '%(USA)%'::text))"}]}]}, {"Node Type": "Index Scan", "Parent Relationship": "Inner", "Scan Direction": "Forward", "Index Name": "title_pkey", "Relation Name": "title", "Alias": "t", "Startup Cost": 0.0, "Total Cost": 3.91, "Plan Rows": 1, "Plan Width": 21, "Index Cond": "(id = mc.movie_id)"}]}, {"Node Type": "Index Scan", "Parent Relationship": "Inner", "Scan Direction": "Forward", "Index Name": "movie_id_cast_info", "Relation Name": "cast_info", "Alias": "ci", "Startup Cost": 0.0, "Total Cost": 0.98, "Plan Rows": 1, "Plan Width": 12, "Index Cond": "(movie_id = t.id)", "Filter": "((note)::text = '(voice: English version)'::text)"}]}]}]}, {"Node Type": "Index Scan", "Parent Relationship": "Inner", "Scan Direction": "Forward", "Index Name": "person_id_aka_name", "Relation Name": "aka_name", "Alias": "an1", "Startup Cost": 0.0, "Total Cost": 0.84, "Plan Rows": 1, "Plan Width": 20, "Index Cond": "(person_id = ci.person_id)"}]}, {"Node Type": "Index Scan", "Parent Relationship": "Inner", "Scan Direction": "Forward", "Index Name": "name_pkey", "Relation Name": "name", "Alias": "n1", "Startup Cost": 0.0, "Total Cost": 0.57, "Plan Rows": 1, "Plan Width": 4, "Index Cond": "(id = an1.person_id)", "Filter": "(((name)::text ~~ '%Yo%'::text) AND ((name)::text !~~ '%Yu%'::text))"}]}]}, "Unique SQL Id": 3544391839, "Planner Runtime": 27}, "explain_analyze_plan": {"Plan": {"Node Type": "Aggregate", "Strategy": "Plain", "Startup Cost": 93815.79, "Total Cost": 93815.8, "Plan Rows": 1, "Plan Width": 97, "Actual Startup Time": 4621.29, "Actual Total Time": 4621.291, "Actual Rows": 1, "Actual Loops": 1, "Plans": [{"Node Type": "Nested Loop", "Parent Relationship": "Outer", "Join Type": "Inner", "Startup Cost": 92951.0, "Total Cost": 93815.31, "Plan Rows": 96, "Plan Width": 33, "Actual Startup Time": 4513.072, "Actual Total Time": 4621.158, "Actual Rows": 62, "Actual Loops": 1, "Inner Unique": true, "Plans": [{"Node Type": "Nested Loop", "Parent Relationship": "Outer", "Join Type": "Inner", "Startup Cost": 92951.0, "Total Cost": 93439.77, "Plan Rows": 645, "Plan Width": 41, "Actual Startup Time": 4509.772, "Actual Total Time": 4552.592, "Actual Rows": 17379, "Actual Loops": 1, "Inner Unique": false, "Plans": [{"Node Type": "Merge Join", "Parent Relationship": "Outer", "Join Type": "Inner", "Startup Cost": 92951.0, "Total Cost": 92985.56, "Plan Rows": 532, "Plan Width": 21, "Actual Startup Time": 4509.723, "Actual Total Time": 4513.159, "Actual Rows": 7438, "Actual Loops": 1, "Inner Unique": false, "Merge Cond": "(rt.id = ci.role_id)", "Plans": [{"Node Type": "Sort", "Parent Relationship": "Outer", "Startup Cost": 1.16, "Total Cost": 1.16, "Plan Rows": 1, "Plan Width": 4, "Actual Startup Time": 0.052, "Actual Total Time": 0.053, "Actual Rows": 1, "Actual Loops": 1, "Sort Key": ["rt.id"], "Sort Method": "quicksort", "Sort Space Used": 25, "Sort Space Type": "Memory", "Plans": [{"Node Type": "Seq Scan", "Parent Relationship": "Outer", "Relation Name": "role_type", "Alias": "rt", "Startup Cost": 0.0, "Total Cost": 1.15, "Plan Rows": 1, "Plan Width": 4, "Actual Startup Time": 0.028, "Actual Total Time": 0.032, "Actual Rows": 1, "Actual Loops": 1, "Filter": "((role)::text = 'actress'::text)", "Rows Removed by Filter": 11}]}, {"Node Type": "Sort", "Parent Relationship": "Inner", "Startup Cost": 92949.84, "Total Cost": 92964.46, "Plan Rows": 5847, "Plan Width": 25, "Actual Startup Time": 4506.405, "Actual Total Time": 4509.05, "Actual Rows": 19600, "Actual Loops": 1, "Sort Key": ["ci.role_id"], "Sort Method": "quicksort", "Sort Space Used": 2817, "Sort Space Type": "Memory", "Plans": [{"Node Type": "Nested Loop", "Parent Relationship": "Outer", "Join Type": "Inner", "Startup Cost": 63927.73, "Total Cost": 92584.01, "Plan Rows": 5847, "Plan Width": 25, "Actual Startup Time": 1041.032, "Actual Total Time": 4498.776, "Actual Rows": 19600, "Actual Loops": 1, "Inner Unique": false, "Plans": [{"Node Type": "Nested Loop", "Parent Relationship": "Outer", "Join Type": "Inner", "Startup Cost": 63927.73, "Total Cost": 86841.41, "Plan Rows": 5775, "Plan Width": 25, "Actual Startup Time": 1040.632, "Actual Total Time": 1391.07, "Actual Rows": 48328, "Actual Loops": 1, "Inner Unique": true, "Plans": [{"Node Type": "Merge Join", "Parent Relationship": "Outer", "Join Type": "Inner", "Startup Cost": 63927.73, "Total Cost": 64194.32, "Plan Rows": 5775, "Plan Width": 4, "Actual Startup Time": 1040.576, "Actual Total Time": 1068.063, "Actual Rows": 48328, "Actual Loops": 1, "Inner Unique": false, "Merge Cond": "(cn.id = mc.company_id)", "Plans": [{"Node Type": "Sort", "Parent Relationship": "Outer", "Startup Cost": 6300.31, "Total Cost": 6316.04, "Plan Rows": 6290, "Plan Width": 4, "Actual Startup Time": 84.379, "Actual Total Time": 84.964, "Actual Rows": 2418, "Actual Loops": 1, "Sort Key": ["cn.id"], "Sort Method": "quicksort", "Sort Space Used": 615, "Sort Space Type": "Memory", "Plans": [{"Node Type": "Seq Scan", "Parent Relationship": "Outer", "Relation Name": "company_name", "Alias": "cn", "Startup Cost": 0.0, "Total Cost": 5903.45, "Plan Rows": 6290, "Plan Width": 4, "Actual Startup Time": 0.028, "Actual Total Time": 81.939, "Actual Rows": 6752, "Actual Loops": 1, "Filter": "((country_code)::text = '[jp]'::text)", "Rows Removed by Filter": 228244}]}, {"Node Type": "Sort", "Parent Relationship": "Inner", "Startup Cost": 57622.68, "Total Cost": 57713.74, "Plan Rows": 36426, "Plan Width": 8, "Actual Startup Time": 956.177, "Actual Total Time": 967.252, "Actual Rows": 48897, "Actual Loops": 1, "Sort Key": ["mc.company_id"], "Sort Method": "quicksort", "Sort Space Used": 4593, "Sort Space Type": "Memory", "Plans": [{"Node Type": "Seq Scan", "Parent Relationship": "Outer", "Relation Name": "movie_companies", "Alias": "mc", "Startup Cost": 0.0, "Total Cost": 54862.92, "Plan Rows": 36426, "Plan Width": 8, "Actual Startup Time": 0.265, "Actual Total Time": 940.301, "Actual Rows": 48897, "Actual Loops": 1, "Filter": "(((note)::text ~~ '%(Japan)%'::text) AND ((note)::text !~~ '%(USA)%'::text))", "Rows Removed by Filter": 2560231}]}]}, {"Node Type": "Index Scan", "Parent Relationship": "Inner", "Scan Direction": "Forward", "Index Name": "title_pkey", "Relation Name": "title", "Alias": "t", "Startup Cost": 0.0, "Total Cost": 3.91, "Plan Rows": 1, "Plan Width": 21, "Actual Startup Time": 281.572, "Actual Total Time": 281.572, "Actual Rows": 48328, "Actual Loops": 48328, "Index Cond": "(id = mc.movie_id)", "Rows Removed by Index Recheck": 0}]}, {"Node Type": "Index Scan", "Parent Relationship": "Inner", "Scan Direction": "Forward", "Index Name": "movie_id_cast_info", "Relation Name": "cast_info", "Alias": "ci", "Startup Cost": 0.0, "Total Cost": 0.98, "Plan Rows": 1, "Plan Width": 12, "Actual Startup Time": 2939.675, "Actual Total Time": 3076.552, "Actual Rows": 19600, "Actual Loops": 48328, "Index Cond": "(movie_id = t.id)", "Rows Removed by Index Recheck": 0, "Filter": "((note)::text = '(voice: English version)'::text)", "Rows Removed by Filter": 1531710}]}]}]}, {"Node Type": "Index Scan", "Parent Relationship": "Inner", "Scan Direction": "Forward", "Index Name": "person_id_aka_name", "Relation Name": "aka_name", "Alias": "an1", "Startup Cost": 0.0, "Total Cost": 0.84, "Plan Rows": 1, "Plan Width": 20, "Actual Startup Time": 24.502, "Actual Total Time": 31.599, "Actual Rows": 17379, "Actual Loops": 7438, "Index Cond": "(person_id = ci.person_id)", "Rows Removed by Index Recheck": 0}]}, {"Node Type": "Index Scan", "Parent Relationship": "Inner", "Scan Direction": "Forward", "Index Name": "name_pkey", "Relation Name": "name", "Alias": "n1", "Startup Cost": 0.0, "Total Cost": 0.57, "Plan Rows": 1, "Plan Width": 4, "Actual Startup Time": 60.164, "Actual Total Time": 60.164, "Actual Rows": 62, "Actual Loops": 17379, "Index Cond": "(id = an1.person_id)", "Rows Removed by Index Recheck": 0, "Filter": "(((name)::text ~~ '%Yo%'::text) AND ((name)::text !~~ '%Yu%'::text))", "Rows Removed by Filter": 17317}]}]}, "Triggers": [], "Planner Runtime": 28, "Total Runtime": 4621.689, "Unique SQL Id": 3544391839}}, "(64, 81)": {"explain_plan": {"Plan": {"Node Type": "Aggregate", "Strategy": "Plain", "Startup Cost": 109335.41, "Total Cost": 109335.42, "Plan Rows": 1, "Plan Width": 97, "Plans": [{"Node Type": "Nested Loop", "Parent Relationship": "Outer", "Join Type": "Inner", "Startup Cost": 108458.16, "Total Cost": 109334.93, "Plan Rows": 96, "Plan Width": 33, "Inner Unique": true, "Plans": [{"Node Type": "Nested Loop", "Parent Relationship": "Outer", "Join Type": "Inner", "Startup Cost": 108458.16, "Total Cost": 108959.39, "Plan Rows": 645, "Plan Width": 41, "Inner Unique": false, "Plans": [{"Node Type": "Merge Join", "Parent Relationship": "Outer", "Join Type": "Inner", "Startup Cost": 108458.16, "Total Cost": 108505.18, "Plan Rows": 532, "Plan Width": 21, "Inner Unique": false, "Merge Cond": "(rt.id = ci.role_id)", "Plans": [{"Node Type": "Index Scan", "Parent Relationship": "Outer", "Scan Direction": "Forward", "Index Name": "role_type_pkey", "Relation Name": "role_type", "Alias": "rt", "Startup Cost": 0.0, "Total Cost": 12.46, "Plan Rows": 1, "Plan Width": 4, "Filter": "((role)::text = 'actress'::text)"}, {"Node Type": "Sort", "Parent Relationship": "Inner", "Startup Cost": 108458.16, "Total Cost": 108472.78, "Plan Rows": 5847, "Plan Width": 25, "Sort Key": ["ci.role_id"], "Plans": [{"Node Type": "Nested Loop", "Parent Relationship": "Outer", "Join Type": "Inner", "Startup Cost": 2780.8, "Total Cost": 108092.33, "Plan Rows": 5847, "Plan Width": 25, "Inner Unique": false, "Plans": [{"Node Type": "Nested Loop", "Parent Relationship": "Outer", "Join Type": "Inner", "Startup Cost": 2780.8, "Total Cost": 102349.74, "Plan Rows": 5775, "Plan Width": 25, "Inner Unique": true, "Plans": [{"Node Type": "Nested Loop", "Parent Relationship": "Outer", "Join Type": "Inner", "Startup Cost": 2780.8, "Total Cost": 79702.64, "Plan Rows": 5775, "Plan Width": 4, "Inner Unique": false, "Plans": [{"Node Type": "Bitmap Heap Scan", "Parent Relationship": "Outer", "Relation Name": "company_name", "Alias": "cn", "Startup Cost": 2780.8, "Total Cost": 8684.25, "Plan Rows": 6290, "Plan Width": 4, "Filter": "((country_code)::text = '[jp]'::text)", "Plans": [{"Node Type": "Bitmap Index Scan", "Parent Relationship": "Outer", "Index Name": "company_name_pkey", "Startup Cost": 0.0, "Total Cost": 2779.23, "Plan Rows": 234996, "Plan Width": 0}]}, {"Node Type": "Index Scan", "Parent Relationship": "Inner", "Scan Direction": "Forward", "Index Name": "company_id_movie_companies", "Relation Name": "movie_companies", "Alias": "mc", "Startup Cost": 0.0, "Total Cost": 11.28, "Plan Rows": 1, "Plan Width": 8, "Index Cond": "(company_id = cn.id)", "Filter": "(((note)::text ~~ '%(Japan)%'::text) AND ((note)::text !~~ '%(USA)%'::text))"}]}, {"Node Type": "Index Scan", "Parent Relationship": "Inner", "Scan Direction": "Forward", "Index Name": "title_pkey", "Relation Name": "title", "Alias": "t", "Startup Cost": 0.0, "Total Cost": 3.91, "Plan Rows": 1, "Plan Width": 21, "Index Cond": "(id = mc.movie_id)"}]}, {"Node Type": "Index Scan", "Parent Relationship": "Inner", "Scan Direction": "Forward", "Index Name": "movie_id_cast_info", "Relation Name": "cast_info", "Alias": "ci", "Startup Cost": 0.0, "Total Cost": 0.98, "Plan Rows": 1, "Plan Width": 12, "Index Cond": "(movie_id = t.id)", "Filter": "((note)::text = '(voice: English version)'::text)"}]}]}]}, {"Node Type": "Index Scan", "Parent Relationship": "Inner", "Scan Direction": "Forward", "Index Name": "person_id_aka_name", "Relation Name": "aka_name", "Alias": "an1", "Startup Cost": 0.0, "Total Cost": 0.84, "Plan Rows": 1, "Plan Width": 20, "Index Cond": "(person_id = ci.person_id)"}]}, {"Node Type": "Index Scan", "Parent Relationship": "Inner", "Scan Direction": "Forward", "Index Name": "name_pkey", "Relation Name": "name", "Alias": "n1", "Startup Cost": 0.0, "Total Cost": 0.57, "Plan Rows": 1, "Plan Width": 4, "Index Cond": "(id = an1.person_id)", "Filter": "(((name)::text ~~ '%Yo%'::text) AND ((name)::text !~~ '%Yu%'::text))"}]}]}, "Unique SQL Id": 3544391839, "Planner Runtime": 26}, "explain_analyze_plan": {"Plan": {"Node Type": "Aggregate", "Strategy": "Plain", "Startup Cost": 109335.41, "Total Cost": 109335.42, "Plan Rows": 1, "Plan Width": 97, "Actual Startup Time": 3961.401, "Actual Total Time": 3961.401, "Actual Rows": 1, "Actual Loops": 1, "Plans": [{"Node Type": "Nested Loop", "Parent Relationship": "Outer", "Join Type": "Inner", "Startup Cost": 108458.16, "Total Cost": 109334.93, "Plan Rows": 96, "Plan Width": 33, "Actual Startup Time": 3863.23, "Actual Total Time": 3961.287, "Actual Rows": 62, "Actual Loops": 1, "Inner Unique": true, "Plans": [{"Node Type": "Nested Loop", "Parent Relationship": "Outer", "Join Type": "Inner", "Startup Cost": 108458.16, "Total Cost": 108959.39, "Plan Rows": 645, "Plan Width": 41, "Actual Startup Time": 3849.575, "Actual Total Time": 3892.531, "Actual Rows": 17379, "Actual Loops": 1, "Inner Unique": false, "Plans": [{"Node Type": "Merge Join", "Parent Relationship": "Outer", "Join Type": "Inner", "Startup Cost": 108458.16, "Total Cost": 108505.18, "Plan Rows": 532, "Plan Width": 21, "Actual Startup Time": 3849.512, "Actual Total Time": 3852.882, "Actual Rows": 7438, "Actual Loops": 1, "Inner Unique": false, "Merge Cond": "(rt.id = ci.role_id)", "Plans": [{"Node Type": "Index Scan", "Parent Relationship": "Outer", "Scan Direction": "Forward", "Index Name": "role_type_pkey", "Relation Name": "role_type", "Alias": "rt", "Startup Cost": 0.0, "Total Cost": 12.46, "Plan Rows": 1, "Plan Width": 4, "Actual Startup Time": 0.029, "Actual Total Time": 0.044, "Actual Rows": 1, "Actual Loops": 1, "Filter": "((role)::text = 'actress'::text)", "Rows Removed by Filter": 11}, {"Node Type": "Sort", "Parent Relationship": "Inner", "Startup Cost": 108458.16, "Total Cost": 108472.78, "Plan Rows": 5847, "Plan Width": 25, "Actual Startup Time": 3846.425, "Actual Total Time": 3848.872, "Actual Rows": 19600, "Actual Loops": 1, "Sort Key": ["ci.role_id"], "Sort Method": "quicksort", "Sort Space Used": 2817, "Sort Space Type": "Memory", "Plans": [{"Node Type": "Nested Loop", "Parent Relationship": "Outer", "Join Type": "Inner", "Startup Cost": 2780.8, "Total Cost": 108092.33, "Plan Rows": 5847, "Plan Width": 25, "Actual Startup Time": 22.156, "Actual Total Time": 3838.491, "Actual Rows": 19600, "Actual Loops": 1, "Inner Unique": false, "Plans": [{"Node Type": "Nested Loop", "Parent Relationship": "Outer", "Join Type": "Inner", "Startup Cost": 2780.8, "Total Cost": 102349.74, "Plan Rows": 5775, "Plan Width": 25, "Actual Startup Time": 22.084, "Actual Total Time": 705.244, "Actual Rows": 48328, "Actual Loops": 1, "Inner Unique": true, "Plans": [{"Node Type": "Nested Loop", "Parent Relationship": "Outer", "Join Type": "Inner", "Startup Cost": 2780.8, "Total Cost": 79702.64, "Plan Rows": 5775, "Plan Width": 4, "Actual Startup Time": 22.067, "Actual Total Time": 372.506, "Actual Rows": 48328, "Actual Loops": 1, "Inner Unique": false, "Plans": [{"Node Type": "Bitmap Heap Scan", "Parent Relationship": "Outer", "Relation Name": "company_name", "Alias": "cn", "Startup Cost": 2780.8, "Total Cost": 8684.25, "Plan Rows": 6290, "Plan Width": 4, "Actual Startup Time": 22.023, "Actual Total Time": 129.156, "Actual Rows": 6752, "Actual Loops": 1, "Filter": "((country_code)::text = '[jp]'::text)", "Rows Removed by Filter": 228244, "Exact Heap Blocks": 2966, "Lossy Heap Blocks": 2966, "Plans": [{"Node Type": "Bitmap Index Scan", "Parent Relationship": "Outer", "Index Name": "company_name_pkey", "Startup Cost": 0.0, "Total Cost": 2779.23, "Plan Rows": 234996, "Plan Width": 0, "Actual Startup Time": 21.553, "Actual Total Time": 21.553, "Actual Rows": 234996, "Actual Loops": 1}]}, {"Node Type": "Index Scan", "Parent Relationship": "Inner", "Scan Direction": "Forward", "Index Name": "company_id_movie_companies", "Relation Name": "movie_companies", "Alias": "mc", "Startup Cost": 0.0, "Total Cost": 11.28, "Plan Rows": 1, "Plan Width": 8, "Actual Startup Time": 63.188, "Actual Total Time": 226.955, "Actual Rows": 48328, "Actual Loops": 6752, "Index Cond": "(company_id = cn.id)", "Rows Removed by Index Recheck": 0, "Filter": "(((note)::text ~~ '%(Japan)%'::text) AND ((note)::text !~~ '%(USA)%'::text))", "Rows Removed by Filter": 56667}]}, {"Node Type": "Index Scan", "Parent Relationship": "Inner", "Scan Direction": "Forward", "Index Name": "title_pkey", "Relation Name": "title", "Alias": "t", "Startup Cost": 0.0, "Total Cost": 3.91, "Plan Rows": 1, "Plan Width": 21, "Actual Startup Time": 289.516, "Actual Total Time": 289.516, "Actual Rows": 48328, "Actual Loops": 48328, "Index Cond": "(id = mc.movie_id)", "Rows Removed by Index Recheck": 0}]}, {"Node Type": "Index Scan", "Parent Relationship": "Inner", "Scan Direction": "Forward", "Index Name": "movie_id_cast_info", "Relation Name": "cast_info", "Alias": "ci", "Startup Cost": 0.0, "Total Cost": 0.98, "Plan Rows": 1, "Plan Width": 12, "Actual Startup Time": 2963.835, "Actual Total Time": 3101.526, "Actual Rows": 19600, "Actual Loops": 48328, "Index Cond": "(movie_id = t.id)", "Rows Removed by Index Recheck": 0, "Filter": "((note)::text = '(voice: English version)'::text)", "Rows Removed by Filter": 1531710}]}]}]}, {"Node Type": "Index Scan", "Parent Relationship": "Inner", "Scan Direction": "Forward", "Index Name": "person_id_aka_name", "Relation Name": "aka_name", "Alias": "an1", "Startup Cost": 0.0, "Total Cost": 0.84, "Plan Rows": 1, "Plan Width": 20, "Actual Startup Time": 24.69, "Actual Total Time": 31.877, "Actual Rows": 17379, "Actual Loops": 7438, "Index Cond": "(person_id = ci.person_id)", "Rows Removed by Index Recheck": 0}]}, {"Node Type": "Index Scan", "Parent Relationship": "Inner", "Scan Direction": "Forward", "Index Name": "name_pkey", "Relation Name": "name", "Alias": "n1", "Startup Cost": 0.0, "Total Cost": 0.57, "Plan Rows": 1, "Plan Width": 4, "Actual Startup Time": 60.461, "Actual Total Time": 60.461, "Actual Rows": 62, "Actual Loops": 17379, "Index Cond": "(id = an1.person_id)", "Rows Removed by Index Recheck": 0, "Filter": "(((name)::text ~~ '%Yo%'::text) AND ((name)::text !~~ '%Yu%'::text))", "Rows Removed by Filter": 17317}]}]}, "Triggers": [], "Planner Runtime": 25, "Total Runtime": 3961.809, "Unique SQL Id": 3544391839}}, "(64, 82)": {"explain_plan": {"Plan": {"Node Type": "Aggregate", "Strategy": "Plain", "Startup Cost": 126994.42, "Total Cost": 126994.43, "Plan Rows": 1, "Plan Width": 97, "Plans": [{"Node Type": "Nested Loop", "Parent Relationship": "Outer", "Join Type": "Inner", "Startup Cost": 121806.19, "Total Cost": 126991.19, "Plan Rows": 646, "Plan Width": 33, "Inner Unique": true, "Plans": [{"Node Type": "Nested Loop", "Parent Relationship": "Outer", "Join Type": "Inner", "Startup Cost": 121805.86, "Total Cost": 124182.61, "Plan Rows": 645, "Plan Width": 41, "Inner Unique": false, "Plans": [{"Node Type": "Merge Join", "Parent Relationship": "Outer", "Join Type": "Inner", "Startup Cost": 121805.48, "Total Cost": 121840.04, "Plan Rows": 532, "Plan Width": 21, "Inner Unique": false, "Merge Cond": "(rt.id = ci.role_id)", "Plans": [{"Node Type": "Sort", "Parent Relationship": "Outer", "Startup Cost": 1.16, "Total Cost": 1.16, "Plan Rows": 1, "Plan Width": 4, "Sort Key": ["rt.id"], "Plans": [{"Node Type": "Seq Scan", "Parent Relationship": "Outer", "Relation Name": "role_type", "Alias": "rt", "Startup Cost": 0.0, "Total Cost": 1.15, "Plan Rows": 1, "Plan Width": 4, "Filter": "((role)::text = 'actress'::text)"}]}, {"Node Type": "Sort", "Parent Relationship": "Inner", "Startup Cost": 121804.32, "Total Cost": 121818.94, "Plan Rows": 5847, "Plan Width": 25, "Sort Key": ["ci.role_id"], "Plans": [{"Node Type": "Nested Loop", "Parent Relationship": "Outer", "Join Type": "Inner", "Startup Cost": 63929.52, "Total Cost": 121438.49, "Plan Rows": 5847, "Plan Width": 25, "Inner Unique": false, "Plans": [{"Node Type": "Nested Loop", "Parent Relationship": "Outer", "Join Type": "Inner", "Startup Cost": 63929.0, "Total Cost": 94780.67, "Plan Rows": 5775, "Plan Width": 25, "Inner Unique": true, "Plans": [{"Node Type": "Merge Join", "Parent Relationship": "Outer", "Join Type": "Inner", "Startup Cost": 63927.73, "Total Cost": 64194.32, "Plan Rows": 5775, "Plan Width": 4, "Inner Unique": false, "Merge Cond": "(cn.id = mc.company_id)", "Plans": [{"Node Type": "Sort", "Parent Relationship": "Outer", "Startup Cost": 6300.31, "Total Cost": 6316.04, "Plan Rows": 6290, "Plan Width": 4, "Sort Key": ["cn.id"], "Plans": [{"Node Type": "Seq Scan", "Parent Relationship": "Outer", "Relation Name": "company_name", "Alias": "cn", "Startup Cost": 0.0, "Total Cost": 5903.45, "Plan Rows": 6290, "Plan Width": 4, "Filter": "((country_code)::text = '[jp]'::text)"}]}, {"Node Type": "Sort", "Parent Relationship": "Inner", "Startup Cost": 57622.68, "Total Cost": 57713.74, "Plan Rows": 36426, "Plan Width": 8, "Sort Key": ["mc.company_id"], "Plans": [{"Node Type": "Seq Scan", "Parent Relationship": "Outer", "Relation Name": "movie_companies", "Alias": "mc", "Startup Cost": 0.0, "Total Cost": 54862.92, "Plan Rows": 36426, "Plan Width": 8, "Filter": "(((note)::text ~~ '%(Japan)%'::text) AND ((note)::text !~~ '%(USA)%'::text))"}]}]}, {"Node Type": "Bitmap Heap Scan", "Parent Relationship": "Inner", "Relation Name": "title", "Alias": "t", "Startup Cost": 1.27, "Total Cost": 5.29, "Plan Rows": 1, "Plan Width": 21, "Recheck Cond": "(id = mc.movie_id)", "Plans": [{"Node Type": "Bitmap Index Scan", "Parent Relationship": "Outer", "Index Name": "title_pkey", "Startup Cost": 0.0, "Total Cost": 1.27, "Plan Rows": 1, "Plan Width": 0, "Index Cond": "(id = mc.movie_id)"}]}]}, {"Node Type": "Bitmap Heap Scan", "Parent Relationship": "Inner", "Relation Name": "cast_info", "Alias": "ci", "Startup Cost": 0.52, "Total Cost": 4.61, "Plan Rows": 1, "Plan Width": 12, "Recheck Cond": "(movie_id = t.id)", "Filter": "((note)::text = '(voice: English version)'::text)", "Plans": [{"Node Type": "Bitmap Index Scan", "Parent Relationship": "Outer", "Index Name": "movie_id_cast_info", "Startup Cost": 0.0, "Total Cost": 0.52, "Plan Rows": 6, "Plan Width": 0, "Index Cond": "(movie_id = t.id)"}]}]}]}]}, {"Node Type": "Bitmap Heap Scan", "Parent Relationship": "Inner", "Relation Name": "aka_name", "Alias": "an1", "Startup Cost": 0.38, "Total Cost": 4.39, "Plan Rows": 1, "Plan Width": 20, "Recheck Cond": "(person_id = ci.person_id)", "Plans": [{"Node Type": "Bitmap Index Scan", "Parent Relationship": "Outer", "Index Name": "person_id_aka_name", "Startup Cost": 0.0, "Total Cost": 0.38, "Plan Rows": 1, "Plan Width": 0, "Index Cond": "(person_id = ci.person_id)"}]}]}, {"Node Type": "Bitmap Heap Scan", "Parent Relationship": "Inner", "Relation Name": "name", "Alias": "n1", "Startup Cost": 0.33, "Total Cost": 4.34, "Plan Rows": 1, "Plan Width": 4, "Recheck Cond": "(id = an1.person_id)", "Filter": "(((name)::text ~~ '%Yo%'::text) AND ((name)::text !~~ '%Yu%'::text))", "Plans": [{"Node Type": "Bitmap Index Scan", "Parent Relationship": "Outer", "Index Name": "name_pkey", "Startup Cost": 0.0, "Total Cost": 0.33, "Plan Rows": 1, "Plan Width": 0, "Index Cond": "(id = an1.person_id)"}]}]}]}, "Unique SQL Id": 3544391839, "Planner Runtime": 31}, "explain_analyze_plan": {"Plan": {"Node Type": "Aggregate", "Strategy": "Plain", "Startup Cost": 126994.42, "Total Cost": 126994.43, "Plan Rows": 1, "Plan Width": 97, "Actual Startup Time": 5512.438, "Actual Total Time": 5512.439, "Actual Rows": 1, "Actual Loops": 1, "Plans": [{"Node Type": "Nested Loop", "Parent Relationship": "Outer", "Join Type": "Inner", "Startup Cost": 121806.19, "Total Cost": 126991.19, "Plan Rows": 646, "Plan Width": 33, "Actual Startup Time": 5363.49, "Actual Total Time": 5512.29, "Actual Rows": 62, "Actual Loops": 1, "Inner Unique": true, "Plans": [{"Node Type": "Nested Loop", "Parent Relationship": "Outer", "Join Type": "Inner", "Startup Cost": 121805.86, "Total Cost": 124182.61, "Plan Rows": 645, "Plan Width": 41, "Actual Startup Time": 5359.294, "Actual Total Time": 5417.133, "Actual Rows": 17379, "Actual Loops": 1, "Inner Unique": false, "Plans": [{"Node Type": "Merge Join", "Parent Relationship": "Outer", "Join Type": "Inner", "Startup Cost": 121805.48, "Total Cost": 121840.04, "Plan Rows": 532, "Plan Width": 21, "Actual Startup Time": 5359.249, "Actual Total Time": 5362.927, "Actual Rows": 7438, "Actual Loops": 1, "Inner Unique": false, "Merge Cond": "(rt.id = ci.role_id)", "Plans": [{"Node Type": "Sort", "Parent Relationship": "Outer", "Startup Cost": 1.16, "Total Cost": 1.16, "Plan Rows": 1, "Plan Width": 4, "Actual Startup Time": 0.065, "Actual Total Time": 0.065, "Actual Rows": 1, "Actual Loops": 1, "Sort Key": ["rt.id"], "Sort Method": "quicksort", "Sort Space Used": 25, "Sort Space Type": "Memory", "Plans": [{"Node Type": "Seq Scan", "Parent Relationship": "Outer", "Relation Name": "role_type", "Alias": "rt", "Startup Cost": 0.0, "Total Cost": 1.15, "Plan Rows": 1, "Plan Width": 4, "Actual Startup Time": 0.037, "Actual Total Time": 0.041, "Actual Rows": 1, "Actual Loops": 1, "Filter": "((role)::text = 'actress'::text)", "Rows Removed by Filter": 11}]}, {"Node Type": "Sort", "Parent Relationship": "Inner", "Startup Cost": 121804.32, "Total Cost": 121818.94, "Plan Rows": 5847, "Plan Width": 25, "Actual Startup Time": 5356.236, "Actual Total Time": 5358.659, "Actual Rows": 19600, "Actual Loops": 1, "Sort Key": ["ci.role_id"], "Sort Method": "quicksort", "Sort Space Used": 2817, "Sort Space Type": "Memory", "Plans": [{"Node Type": "Nested Loop", "Parent Relationship": "Outer", "Join Type": "Inner", "Startup Cost": 63929.52, "Total Cost": 121438.49, "Plan Rows": 5847, "Plan Width": 25, "Actual Startup Time": 1046.262, "Actual Total Time": 5348.632, "Actual Rows": 19600, "Actual Loops": 1, "Inner Unique": false, "Plans": [{"Node Type": "Nested Loop", "Parent Relationship": "Outer", "Join Type": "Inner", "Startup Cost": 63929.0, "Total Cost": 94780.67, "Plan Rows": 5775, "Plan Width": 25, "Actual Startup Time": 1045.711, "Actual Total Time": 1512.747, "Actual Rows": 48328, "Actual Loops": 1, "Inner Unique": true, "Plans": [{"Node Type": "Merge Join", "Parent Relationship": "Outer", "Join Type": "Inner", "Startup Cost": 63927.73, "Total Cost": 64194.32, "Plan Rows": 5775, "Plan Width": 4, "Actual Startup Time": 1045.628, "Actual Total Time": 1078.721, "Actual Rows": 48328, "Actual Loops": 1, "Inner Unique": false, "Merge Cond": "(cn.id = mc.company_id)", "Plans": [{"Node Type": "Sort", "Parent Relationship": "Outer", "Startup Cost": 6300.31, "Total Cost": 6316.04, "Plan Rows": 6290, "Plan Width": 4, "Actual Startup Time": 85.15, "Actual Total Time": 85.709, "Actual Rows": 2418, "Actual Loops": 1, "Sort Key": ["cn.id"], "Sort Method": "quicksort", "Sort Space Used": 615, "Sort Space Type": "Memory", "Plans": [{"Node Type": "Seq Scan", "Parent Relationship": "Outer", "Relation Name": "company_name", "Alias": "cn", "Startup Cost": 0.0, "Total Cost": 5903.45, "Plan Rows": 6290, "Plan Width": 4, "Actual Startup Time": 0.029, "Actual Total Time": 82.77, "Actual Rows": 6752, "Actual Loops": 1, "Filter": "((country_code)::text = '[jp]'::text)", "Rows Removed by Filter": 228244}]}, {"Node Type": "Sort", "Parent Relationship": "Inner", "Startup Cost": 57622.68, "Total Cost": 57713.74, "Plan Rows": 36426, "Plan Width": 8, "Actual Startup Time": 960.457, "Actual Total Time": 972.839, "Actual Rows": 48897, "Actual Loops": 1, "Sort Key": ["mc.company_id"], "Sort Method": "quicksort", "Sort Space Used": 4593, "Sort Space Type": "Memory", "Plans": [{"Node Type": "Seq Scan", "Parent Relationship": "Outer", "Relation Name": "movie_companies", "Alias": "mc", "Startup Cost": 0.0, "Total Cost": 54862.92, "Plan Rows": 36426, "Plan Width": 8, "Actual Startup Time": 0.281, "Actual Total Time": 944.546, "Actual Rows": 48897, "Actual Loops": 1, "Filter": "(((note)::text ~~ '%(Japan)%'::text) AND ((note)::text !~~ '%(USA)%'::text))", "Rows Removed by Filter": 2560231}]}]}, {"Node Type": "Bitmap Heap Scan", "Parent Relationship": "Inner", "Relation Name": "title", "Alias": "t", "Startup Cost": 1.27, "Total Cost": 5.29, "Plan Rows": 1, "Plan Width": 21, "Actual Startup Time": 355.007, "Actual Total Time": 355.007, "Actual Rows": 48328, "Actual Loops": 48328, "Recheck Cond": "(id = mc.movie_id)", "Rows Removed by Index Recheck": 0, "Exact Heap Blocks": 48328, "Lossy Heap Blocks": 48328, "Plans": [{"Node Type": "Bitmap Index Scan", "Parent Relationship": "Outer", "Index Name": "title_pkey", "Startup Cost": 0.0, "Total Cost": 1.27, "Plan Rows": 1, "Plan Width": 0, "Actual Startup Time": 207.301, "Actual Total Time": 207.301, "Actual Rows": 48328, "Actual Loops": 48328, "Index Cond": "(id = mc.movie_id)"}]}]}, {"Node Type": "Bitmap Heap Scan", "Parent Relationship": "Inner", "Relation Name": "cast_info", "Alias": "ci", "Startup Cost": 0.52, "Total Cost": 4.61, "Plan Rows": 1, "Plan Width": 12, "Actual Startup Time": 3610.13, "Actual Total Time": 3762.236, "Actual Rows": 19600, "Actual Loops": 48328, "Recheck Cond": "(movie_id = t.id)", "Rows Removed by Index Recheck": 0, "Filter": "((note)::text = '(voice: English version)'::text)", "Rows Removed by Filter": 1531710, "Exact Heap Blocks": 1503105, "Lossy Heap Blocks": 1503105, "Plans": [{"Node Type": "Bitmap Index Scan", "Parent Relationship": "Outer", "Index Name": "movie_id_cast_info", "Startup Cost": 0.0, "Total Cost": 0.52, "Plan Rows": 6, "Plan Width": 0, "Actual Startup Time": 526.58, "Actual Total Time": 526.58, "Actual Rows": 1551310, "Actual Loops": 48328, "Index Cond": "(movie_id = t.id)"}]}]}]}]}, {"Node Type": "Bitmap Heap Scan", "Parent Relationship": "Inner", "Relation Name": "aka_name", "Alias": "an1", "Startup Cost": 0.38, "Total Cost": 4.39, "Plan Rows": 1, "Plan Width": 20, "Actual Startup Time": 36.933, "Actual Total Time": 41.409, "Actual Rows": 17379, "Actual Loops": 7438, "Recheck Cond": "(person_id = ci.person_id)", "Rows Removed by Index Recheck": 0, "Exact Heap Blocks": 6514, "Lossy Heap Blocks": 6514, "Plans": [{"Node Type": "Bitmap Index Scan", "Parent Relationship": "Outer", "Index Name": "person_id_aka_name", "Startup Cost": 0.0, "Total Cost": 0.38, "Plan Rows": 1, "Plan Width": 0, "Actual Startup Time": 24.488, "Actual Total Time": 24.488, "Actual Rows": 17379, "Actual Loops": 7438, "Index Cond": "(person_id = ci.person_id)"}]}]}, {"Node Type": "Bitmap Heap Scan", "Parent Relationship": "Inner", "Relation Name": "name", "Alias": "n1", "Startup Cost": 0.33, "Total Cost": 4.34, "Plan Rows": 1, "Plan Width": 4, "Actual Startup Time": 75.599, "Actual Total Time": 75.599, "Actual Rows": 62, "Actual Loops": 17379, "Recheck Cond": "(id = an1.person_id)", "Rows Removed by Index Recheck": 0, "Filter": "(((name)::text ~~ '%Yo%'::text) AND ((name)::text !~~ '%Yu%'::text))", "Rows Removed by Filter": 17317, "Exact Heap Blocks": 17379, "Lossy Heap Blocks": 17379, "Plans": [{"Node Type": "Bitmap Index Scan", "Parent Relationship": "Outer", "Index Name": "name_pkey", "Startup Cost": 0.0, "Total Cost": 0.33, "Plan Rows": 1, "Plan Width": 0, "Actual Startup Time": 43.537, "Actual Total Time": 43.537, "Actual Rows": 17379, "Actual Loops": 17379, "Index Cond": "(id = an1.person_id)"}]}]}]}, "Triggers": [], "Planner Runtime": 30, "Total Runtime": 5512.903, "Unique SQL Id": 3544391839}}, "(64, 83)": {"explain_plan": {"Plan": {"Node Type": "Aggregate", "Strategy": "Plain", "Startup Cost": 169133.5, "Total Cost": 169133.51, "Plan Rows": 1, "Plan Width": 97, "Plans": [{"Node Type": "Nested Loop", "Parent Relationship": "Outer", "Join Type": "Inner", "Startup Cost": 163945.26, "Total Cost": 169130.27, "Plan Rows": 646, "Plan Width": 33, "Inner Unique": true, "Plans": [{"Node Type": "Nested Loop", "Parent Relationship": "Outer", "Join Type": "Inner", "Startup Cost": 163944.94, "Total Cost": 166321.69, "Plan Rows": 645, "Plan Width": 41, "Inner Unique": false, "Plans": [{"Node Type": "Merge Join", "Parent Relationship": "Outer", "Join Type": "Inner", "Startup Cost": 163944.56, "Total Cost": 163979.12, "Plan Rows": 532, "Plan Width": 21, "Inner Unique": false, "Merge Cond": "(rt.id = ci.role_id)", "Plans": [{"Node Type": "Sort", "Parent Relationship": "Outer", "Startup Cost": 12.47, "Total Cost": 12.48, "Plan Rows": 1, "Plan Width": 4, "Sort Key": ["rt.id"], "Plans": [{"Node Type": "Bitmap Heap Scan", "Parent Relationship": "Outer", "Relation Name": "role_type", "Alias": "rt", "Startup Cost": 8.31, "Total Cost": 12.46, "Plan Rows": 1, "Plan Width": 4, "Filter": "((role)::text = 'actress'::text)", "Plans": [{"Node Type": "Bitmap Index Scan", "Parent Relationship": "Outer", "Index Name": "role_type_pkey", "Startup Cost": 0.0, "Total Cost": 8.31, "Plan Rows": 12, "Plan Width": 0}]}]}, {"Node Type": "Sort", "Parent Relationship": "Inner", "Startup Cost": 163932.09, "Total Cost": 163946.7, "Plan Rows": 5847, "Plan Width": 25, "Sort Key": ["ci.role_id"], "Plans": [{"Node Type": "Nested Loop", "Parent Relationship": "Outer", "Join Type": "Inner", "Startup Cost": 2785.97, "Total Cost": 163566.25, "Plan Rows": 5847, "Plan Width": 25, "Inner Unique": false, "Plans": [{"Node Type": "Nested Loop", "Parent Relationship": "Outer", "Join Type": "Inner", "Startup Cost": 2785.45, "Total Cost": 136908.44, "Plan Rows": 5775, "Plan Width": 25, "Inner Unique": true, "Plans": [{"Node Type": "Nested Loop", "Parent Relationship": "Outer", "Join Type": "Inner", "Startup Cost": 2784.18, "Total Cost": 106322.09, "Plan Rows": 5775, "Plan Width": 4, "Inner Unique": false, "Plans": [{"Node Type": "Bitmap Heap Scan", "Parent Relationship": "Outer", "Relation Name": "company_name", "Alias": "cn", "Startup Cost": 2780.8, "Total Cost": 8684.25, "Plan Rows": 6290, "Plan Width": 4, "Filter": "((country_code)::text = '[jp]'::text)", "Plans": [{"Node Type": "Bitmap Index Scan", "Parent Relationship": "Outer", "Index Name": "company_name_pkey", "Startup Cost": 0.0, "Total Cost": 2779.23, "Plan Rows": 234996, "Plan Width": 0}]}, {"Node Type": "Bitmap Heap Scan", "Parent Relationship": "Inner", "Relation Name": "movie_companies", "Alias": "mc", "Startup Cost": 3.37, "Total Cost": 15.51, "Plan Rows": 1, "Plan Width": 8, "Recheck Cond": "(company_id = cn.id)", "Filter": "(((note)::text ~~ '%(Japan)%'::text) AND ((note)::text !~~ '%(USA)%'::text))", "Plans": [{"Node Type": "Bitmap Index Scan", "Parent Relationship": "Outer", "Index Name": "company_id_movie_companies", "Startup Cost": 0.0, "Total Cost": 3.37, "Plan Rows": 15, "Plan Width": 0, "Index Cond": "(company_id = cn.id)"}]}]}, {"Node Type": "Bitmap Heap Scan", "Parent Relationship": "Inner", "Relation Name": "title", "Alias": "t", "Startup Cost": 1.27, "Total Cost": 5.29, "Plan Rows": 1, "Plan Width": 21, "Recheck Cond": "(id = mc.movie_id)", "Plans": [{"Node Type": "Bitmap Index Scan", "Parent Relationship": "Outer", "Index Name": "title_pkey", "Startup Cost": 0.0, "Total Cost": 1.27, "Plan Rows": 1, "Plan Width": 0, "Index Cond": "(id = mc.movie_id)"}]}]}, {"Node Type": "Bitmap Heap Scan", "Parent Relationship": "Inner", "Relation Name": "cast_info", "Alias": "ci", "Startup Cost": 0.52, "Total Cost": 4.61, "Plan Rows": 1, "Plan Width": 12, "Recheck Cond": "(movie_id = t.id)", "Filter": "((note)::text = '(voice: English version)'::text)", "Plans": [{"Node Type": "Bitmap Index Scan", "Parent Relationship": "Outer", "Index Name": "movie_id_cast_info", "Startup Cost": 0.0, "Total Cost": 0.52, "Plan Rows": 6, "Plan Width": 0, "Index Cond": "(movie_id = t.id)"}]}]}]}]}, {"Node Type": "Bitmap Heap Scan", "Parent Relationship": "Inner", "Relation Name": "aka_name", "Alias": "an1", "Startup Cost": 0.38, "Total Cost": 4.39, "Plan Rows": 1, "Plan Width": 20, "Recheck Cond": "(person_id = ci.person_id)", "Plans": [{"Node Type": "Bitmap Index Scan", "Parent Relationship": "Outer", "Index Name": "person_id_aka_name", "Startup Cost": 0.0, "Total Cost": 0.38, "Plan Rows": 1, "Plan Width": 0, "Index Cond": "(person_id = ci.person_id)"}]}]}, {"Node Type": "Bitmap Heap Scan", "Parent Relationship": "Inner", "Relation Name": "name", "Alias": "n1", "Startup Cost": 0.33, "Total Cost": 4.34, "Plan Rows": 1, "Plan Width": 4, "Recheck Cond": "(id = an1.person_id)", "Filter": "(((name)::text ~~ '%Yo%'::text) AND ((name)::text !~~ '%Yu%'::text))", "Plans": [{"Node Type": "Bitmap Index Scan", "Parent Relationship": "Outer", "Index Name": "name_pkey", "Startup Cost": 0.0, "Total Cost": 0.33, "Plan Rows": 1, "Plan Width": 0, "Index Cond": "(id = an1.person_id)"}]}]}]}, "Unique SQL Id": 3544391839, "Planner Runtime": 26}, "explain_analyze_plan": {"Plan": {"Node Type": "Aggregate", "Strategy": "Plain", "Startup Cost": 169133.5, "Total Cost": 169133.51, "Plan Rows": 1, "Plan Width": 97, "Actual Startup Time": 4991.292, "Actual Total Time": 4991.293, "Actual Rows": 1, "Actual Loops": 1, "Plans": [{"Node Type": "Nested Loop", "Parent Relationship": "Outer", "Join Type": "Inner", "Startup Cost": 163945.26, "Total Cost": 169130.27, "Plan Rows": 646, "Plan Width": 33, "Actual Startup Time": 4856.45, "Actual Total Time": 4991.141, "Actual Rows": 62, "Actual Loops": 1, "Inner Unique": true, "Plans": [{"Node Type": "Nested Loop", "Parent Relationship": "Outer", "Join Type": "Inner", "Startup Cost": 163944.94, "Total Cost": 166321.69, "Plan Rows": 645, "Plan Width": 41, "Actual Startup Time": 4838.142, "Actual Total Time": 4896.031, "Actual Rows": 17379, "Actual Loops": 1, "Inner Unique": false, "Plans": [{"Node Type": "Merge Join", "Parent Relationship": "Outer", "Join Type": "Inner", "Startup Cost": 163944.56, "Total Cost": 163979.12, "Plan Rows": 532, "Plan Width": 21, "Actual Startup Time": 4838.057, "Actual Total Time": 4841.808, "Actual Rows": 7438, "Actual Loops": 1, "Inner Unique": false, "Merge Cond": "(rt.id = ci.role_id)", "Plans": [{"Node Type": "Sort", "Parent Relationship": "Outer", "Startup Cost": 12.47, "Total Cost": 12.48, "Plan Rows": 1, "Plan Width": 4, "Actual Startup Time": 0.054, "Actual Total Time": 0.054, "Actual Rows": 1, "Actual Loops": 1, "Sort Key": ["rt.id"], "Sort Method": "quicksort", "Sort Space Used": 25, "Sort Space Type": "Memory", "Plans": [{"Node Type": "Bitmap Heap Scan", "Parent Relationship": "Outer", "Relation Name": "role_type", "Alias": "rt", "Startup Cost": 8.31, "Total Cost": 12.46, "Plan Rows": 1, "Plan Width": 4, "Actual Startup Time": 0.037, "Actual Total Time": 0.039, "Actual Rows": 1, "Actual Loops": 1, "Filter": "((role)::text = 'actress'::text)", "Rows Removed by Filter": 11, "Exact Heap Blocks": 1, "Lossy Heap Blocks": 1, "Plans": [{"Node Type": "Bitmap Index Scan", "Parent Relationship": "Outer", "Index Name": "role_type_pkey", "Startup Cost": 0.0, "Total Cost": 8.31, "Plan Rows": 12, "Plan Width": 0, "Actual Startup Time": 0.01, "Actual Total Time": 0.01, "Actual Rows": 12, "Actual Loops": 1}]}]}, {"Node Type": "Sort", "Parent Relationship": "Inner", "Startup Cost": 163932.09, "Total Cost": 163946.7, "Plan Rows": 5847, "Plan Width": 25, "Actual Startup Time": 4834.794, "Actual Total Time": 4837.404, "Actual Rows": 19600, "Actual Loops": 1, "Sort Key": ["ci.role_id"], "Sort Method": "quicksort", "Sort Space Used": 2817, "Sort Space Type": "Memory", "Plans": [{"Node Type": "Nested Loop", "Parent Relationship": "Outer", "Join Type": "Inner", "Startup Cost": 2785.97, "Total Cost": 163566.25, "Plan Rows": 5847, "Plan Width": 25, "Actual Startup Time": 22.421, "Actual Total Time": 4826.755, "Actual Rows": 19600, "Actual Loops": 1, "Inner Unique": false, "Plans": [{"Node Type": "Nested Loop", "Parent Relationship": "Outer", "Join Type": "Inner", "Startup Cost": 2785.45, "Total Cost": 136908.44, "Plan Rows": 5775, "Plan Width": 25, "Actual Startup Time": 22.315, "Actual Total Time": 868.637, "Actual Rows": 48328, "Actual Loops": 1, "Inner Unique": true, "Plans": [{"Node Type": "Nested Loop", "Parent Relationship": "Outer", "Join Type": "Inner", "Startup Cost": 2784.18, "Total Cost": 106322.09, "Plan Rows": 5775, "Plan Width": 4, "Actual Startup Time": 22.292, "Actual Total Time": 433.124, "Actual Rows": 48328, "Actual Loops": 1, "Inner Unique": false, "Plans": [{"Node Type": "Bitmap Heap Scan", "Parent Relationship": "Outer", "Relation Name": "company_name", "Alias": "cn", "Startup Cost": 2780.8, "Total Cost": 8684.25, "Plan Rows": 6290, "Plan Width": 4, "Actual Startup Time": 22.218, "Actual Total Time": 142.788, "Actual Rows": 6752, "Actual Loops": 1, "Filter": "((country_code)::text = '[jp]'::text)", "Rows Removed by Filter": 228244, "Exact Heap Blocks": 2966, "Lossy Heap Blocks": 2966, "Plans": [{"Node Type": "Bitmap Index Scan", "Parent Relationship": "Outer", "Index Name": "company_name_pkey", "Startup Cost": 0.0, "Total Cost": 2779.23, "Plan Rows": 234996, "Plan Width": 0, "Actual Startup Time": 21.753, "Actual Total Time": 21.753, "Actual Rows": 234996, "Actual Loops": 1}]}, {"Node Type": "Bitmap Heap Scan", "Parent Relationship": "Inner", "Relation Name": "movie_companies", "Alias": "mc", "Startup Cost": 3.37, "Total Cost": 15.51, "Plan Rows": 1, "Plan Width": 8, "Actual Startup Time": 94.862, "Actual Total Time": 267.612, "Actual Rows": 48328, "Actual Loops": 6752, "Recheck Cond": "(company_id = cn.id)", "Rows Removed by Index Recheck": 0, "Filter": "(((note)::text ~~ '%(Japan)%'::text) AND ((note)::text !~~ '%(USA)%'::text))", "Rows Removed by Filter": 56667, "Exact Heap Blocks": 61861, "Lossy Heap Blocks": 61861, "Plans": [{"Node Type": "Bitmap Index Scan", "Parent Relationship": "Outer", "Index Name": "company_id_movie_companies", "Startup Cost": 0.0, "Total Cost": 3.37, "Plan Rows": 15, "Plan Width": 0, "Actual Startup Time": 50.157, "Actual Total Time": 50.157, "Actual Rows": 104995, "Actual Loops": 6752, "Index Cond": "(company_id = cn.id)"}]}]}, {"Node Type": "Bitmap Heap Scan", "Parent Relationship": "Inner", "Relation Name": "title", "Alias": "t", "Startup Cost": 1.27, "Total Cost": 5.29, "Plan Rows": 1, "Plan Width": 21, "Actual Startup Time": 356.179, "Actual Total Time": 356.179, "Actual Rows": 48328, "Actual Loops": 48328, "Recheck Cond": "(id = mc.movie_id)", "Rows Removed by Index Recheck": 0, "Exact Heap Blocks": 48328, "Lossy Heap Blocks": 48328, "Plans": [{"Node Type": "Bitmap Index Scan", "Parent Relationship": "Outer", "Index Name": "title_pkey", "Startup Cost": 0.0, "Total Cost": 1.27, "Plan Rows": 1, "Plan Width": 0, "Actual Startup Time": 201.638, "Actual Total Time": 201.638, "Actual Rows": 48328, "Actual Loops": 48328, "Index Cond": "(id = mc.movie_id)"}]}]}, {"Node Type": "Bitmap Heap Scan", "Parent Relationship": "Inner", "Relation Name": "cast_info", "Alias": "ci", "Startup Cost": 0.52, "Total Cost": 4.61, "Plan Rows": 1, "Plan Width": 12, "Actual Startup Time": 3729.268, "Actual Total Time": 3885.645, "Actual Rows": 19600, "Actual Loops": 48328, "Recheck Cond": "(movie_id = t.id)", "Rows Removed by Index Recheck": 0, "Filter": "((note)::text = '(voice: English version)'::text)", "Rows Removed by Filter": 1531710, "Exact Heap Blocks": 1503105, "Lossy Heap Blocks": 1503105, "Plans": [{"Node Type": "Bitmap Index Scan", "Parent Relationship": "Outer", "Index Name": "movie_id_cast_info", "Startup Cost": 0.0, "Total Cost": 0.52, "Plan Rows": 6, "Plan Width": 0, "Actual Startup Time": 523.683, "Actual Total Time": 523.683, "Actual Rows": 1551310, "Actual Loops": 48328, "Index Cond": "(movie_id = t.id)"}]}]}]}]}, {"Node Type": "Bitmap Heap Scan", "Parent Relationship": "Inner", "Relation Name": "aka_name", "Alias": "an1", "Startup Cost": 0.38, "Total Cost": 4.39, "Plan Rows": 1, "Plan Width": 20, "Actual Startup Time": 37.114, "Actual Total Time": 41.63, "Actual Rows": 17379, "Actual Loops": 7438, "Recheck Cond": "(person_id = ci.person_id)", "Rows Removed by Index Recheck": 0, "Exact Heap Blocks": 6514, "Lossy Heap Blocks": 6514, "Plans": [{"Node Type": "Bitmap Index Scan", "Parent Relationship": "Outer", "Index Name": "person_id_aka_name", "Startup Cost": 0.0, "Total Cost": 0.38, "Plan Rows": 1, "Plan Width": 0, "Actual Startup Time": 24.527, "Actual Total Time": 24.527, "Actual Rows": 17379, "Actual Loops": 7438, "Index Cond": "(person_id = ci.person_id)"}]}]}, {"Node Type": "Bitmap Heap Scan", "Parent Relationship": "Inner", "Relation Name": "name", "Alias": "n1", "Startup Cost": 0.33, "Total Cost": 4.34, "Plan Rows": 1, "Plan Width": 4, "Actual Startup Time": 75.605, "Actual Total Time": 75.605, "Actual Rows": 62, "Actual Loops": 17379, "Recheck Cond": "(id = an1.person_id)", "Rows Removed by Index Recheck": 0, "Filter": "(((name)::text ~~ '%Yo%'::text) AND ((name)::text !~~ '%Yu%'::text))", "Rows Removed by Filter": 17317, "Exact Heap Blocks": 17379, "Lossy Heap Blocks": 17379, "Plans": [{"Node Type": "Bitmap Index Scan", "Parent Relationship": "Outer", "Index Name": "name_pkey", "Startup Cost": 0.0, "Total Cost": 0.33, "Plan Rows": 1, "Plan Width": 0, "Actual Startup Time": 43.583, "Actual Total Time": 43.583, "Actual Rows": 17379, "Actual Loops": 17379, "Index Cond": "(id = an1.person_id)"}]}]}]}, "Triggers": [], "Planner Runtime": 25, "Total Runtime": 4991.702, "Unique SQL Id": 3544391839}}, "(64, 84)": {"explain_plan": {"Plan": {"Node Type": "Aggregate", "Strategy": "Plain", "Startup Cost": 93815.79, "Total Cost": 93815.8, "Plan Rows": 1, "Plan Width": 97, "Plans": [{"Node Type": "Nested Loop", "Parent Relationship": "Outer", "Join Type": "Inner", "Startup Cost": 92951.0, "Total Cost": 93815.31, "Plan Rows": 96, "Plan Width": 33, "Inner Unique": true, "Plans": [{"Node Type": "Nested Loop", "Parent Relationship": "Outer", "Join Type": "Inner", "Startup Cost": 92951.0, "Total Cost": 93439.77, "Plan Rows": 645, "Plan Width": 41, "Inner Unique": false, "Plans": [{"Node Type": "Merge Join", "Parent Relationship": "Outer", "Join Type": "Inner", "Startup Cost": 92951.0, "Total Cost": 92985.56, "Plan Rows": 532, "Plan Width": 21, "Inner Unique": false, "Merge Cond": "(rt.id = ci.role_id)", "Plans": [{"Node Type": "Sort", "Parent Relationship": "Outer", "Startup Cost": 1.16, "Total Cost": 1.16, "Plan Rows": 1, "Plan Width": 4, "Sort Key": ["rt.id"], "Plans": [{"Node Type": "Seq Scan", "Parent Relationship": "Outer", "Relation Name": "role_type", "Alias": "rt", "Startup Cost": 0.0, "Total Cost": 1.15, "Plan Rows": 1, "Plan Width": 4, "Filter": "((role)::text = 'actress'::text)"}]}, {"Node Type": "Sort", "Parent Relationship": "Inner", "Startup Cost": 92949.84, "Total Cost": 92964.46, "Plan Rows": 5847, "Plan Width": 25, "Sort Key": ["ci.role_id"], "Plans": [{"Node Type": "Nested Loop", "Parent Relationship": "Outer", "Join Type": "Inner", "Startup Cost": 63927.73, "Total Cost": 92584.01, "Plan Rows": 5847, "Plan Width": 25, "Inner Unique": false, "Plans": [{"Node Type": "Nested Loop", "Parent Relationship": "Outer", "Join Type": "Inner", "Startup Cost": 63927.73, "Total Cost": 86841.41, "Plan Rows": 5775, "Plan Width": 25, "Inner Unique": true, "Plans": [{"Node Type": "Merge Join", "Parent Relationship": "Outer", "Join Type": "Inner", "Startup Cost": 63927.73, "Total Cost": 64194.32, "Plan Rows": 5775, "Plan Width": 4, "Inner Unique": false, "Merge Cond": "(cn.id = mc.company_id)", "Plans": [{"Node Type": "Sort", "Parent Relationship": "Outer", "Startup Cost": 6300.31, "Total Cost": 6316.04, "Plan Rows": 6290, "Plan Width": 4, "Sort Key": ["cn.id"], "Plans": [{"Node Type": "Seq Scan", "Parent Relationship": "Outer", "Relation Name": "company_name", "Alias": "cn", "Startup Cost": 0.0, "Total Cost": 5903.45, "Plan Rows": 6290, "Plan Width": 4, "Filter": "((country_code)::text = '[jp]'::text)"}]}, {"Node Type": "Sort", "Parent Relationship": "Inner", "Startup Cost": 57622.68, "Total Cost": 57713.74, "Plan Rows": 36426, "Plan Width": 8, "Sort Key": ["mc.company_id"], "Plans": [{"Node Type": "Seq Scan", "Parent Relationship": "Outer", "Relation Name": "movie_companies", "Alias": "mc", "Startup Cost": 0.0, "Total Cost": 54862.92, "Plan Rows": 36426, "Plan Width": 8, "Filter": "(((note)::text ~~ '%(Japan)%'::text) AND ((note)::text !~~ '%(USA)%'::text))"}]}]}, {"Node Type": "Index Scan", "Parent Relationship": "Inner", "Scan Direction": "Forward", "Index Name": "title_pkey", "Relation Name": "title", "Alias": "t", "Startup Cost": 0.0, "Total Cost": 3.91, "Plan Rows": 1, "Plan Width": 21, "Index Cond": "(id = mc.movie_id)"}]}, {"Node Type": "Index Scan", "Parent Relationship": "Inner", "Scan Direction": "Forward", "Index Name": "movie_id_cast_info", "Relation Name": "cast_info", "Alias": "ci", "Startup Cost": 0.0, "Total Cost": 0.98, "Plan Rows": 1, "Plan Width": 12, "Index Cond": "(movie_id = t.id)", "Filter": "((note)::text = '(voice: English version)'::text)"}]}]}]}, {"Node Type": "Index Scan", "Parent Relationship": "Inner", "Scan Direction": "Forward", "Index Name": "person_id_aka_name", "Relation Name": "aka_name", "Alias": "an1", "Startup Cost": 0.0, "Total Cost": 0.84, "Plan Rows": 1, "Plan Width": 20, "Index Cond": "(person_id = ci.person_id)"}]}, {"Node Type": "Index Scan", "Parent Relationship": "Inner", "Scan Direction": "Forward", "Index Name": "name_pkey", "Relation Name": "name", "Alias": "n1", "Startup Cost": 0.0, "Total Cost": 0.57, "Plan Rows": 1, "Plan Width": 4, "Index Cond": "(id = an1.person_id)", "Filter": "(((name)::text ~~ '%Yo%'::text) AND ((name)::text !~~ '%Yu%'::text))"}]}]}, "Unique SQL Id": 3544391839, "Planner Runtime": 28}, "explain_analyze_plan": {"Plan": {"Node Type": "Aggregate", "Strategy": "Plain", "Startup Cost": 93815.79, "Total Cost": 93815.8, "Plan Rows": 1, "Plan Width": 97, "Actual Startup Time": 4621.29, "Actual Total Time": 4621.291, "Actual Rows": 1, "Actual Loops": 1, "Plans": [{"Node Type": "Nested Loop", "Parent Relationship": "Outer", "Join Type": "Inner", "Startup Cost": 92951.0, "Total Cost": 93815.31, "Plan Rows": 96, "Plan Width": 33, "Actual Startup Time": 4513.072, "Actual Total Time": 4621.158, "Actual Rows": 62, "Actual Loops": 1, "Inner Unique": true, "Plans": [{"Node Type": "Nested Loop", "Parent Relationship": "Outer", "Join Type": "Inner", "Startup Cost": 92951.0, "Total Cost": 93439.77, "Plan Rows": 645, "Plan Width": 41, "Actual Startup Time": 4509.772, "Actual Total Time": 4552.592, "Actual Rows": 17379, "Actual Loops": 1, "Inner Unique": false, "Plans": [{"Node Type": "Merge Join", "Parent Relationship": "Outer", "Join Type": "Inner", "Startup Cost": 92951.0, "Total Cost": 92985.56, "Plan Rows": 532, "Plan Width": 21, "Actual Startup Time": 4509.723, "Actual Total Time": 4513.159, "Actual Rows": 7438, "Actual Loops": 1, "Inner Unique": false, "Merge Cond": "(rt.id = ci.role_id)", "Plans": [{"Node Type": "Sort", "Parent Relationship": "Outer", "Startup Cost": 1.16, "Total Cost": 1.16, "Plan Rows": 1, "Plan Width": 4, "Actual Startup Time": 0.052, "Actual Total Time": 0.053, "Actual Rows": 1, "Actual Loops": 1, "Sort Key": ["rt.id"], "Sort Method": "quicksort", "Sort Space Used": 25, "Sort Space Type": "Memory", "Plans": [{"Node Type": "Seq Scan", "Parent Relationship": "Outer", "Relation Name": "role_type", "Alias": "rt", "Startup Cost": 0.0, "Total Cost": 1.15, "Plan Rows": 1, "Plan Width": 4, "Actual Startup Time": 0.028, "Actual Total Time": 0.032, "Actual Rows": 1, "Actual Loops": 1, "Filter": "((role)::text = 'actress'::text)", "Rows Removed by Filter": 11}]}, {"Node Type": "Sort", "Parent Relationship": "Inner", "Startup Cost": 92949.84, "Total Cost": 92964.46, "Plan Rows": 5847, "Plan Width": 25, "Actual Startup Time": 4506.405, "Actual Total Time": 4509.05, "Actual Rows": 19600, "Actual Loops": 1, "Sort Key": ["ci.role_id"], "Sort Method": "quicksort", "Sort Space Used": 2817, "Sort Space Type": "Memory", "Plans": [{"Node Type": "Nested Loop", "Parent Relationship": "Outer", "Join Type": "Inner", "Startup Cost": 63927.73, "Total Cost": 92584.01, "Plan Rows": 5847, "Plan Width": 25, "Actual Startup Time": 1041.032, "Actual Total Time": 4498.776, "Actual Rows": 19600, "Actual Loops": 1, "Inner Unique": false, "Plans": [{"Node Type": "Nested Loop", "Parent Relationship": "Outer", "Join Type": "Inner", "Startup Cost": 63927.73, "Total Cost": 86841.41, "Plan Rows": 5775, "Plan Width": 25, "Actual Startup Time": 1040.632, "Actual Total Time": 1391.07, "Actual Rows": 48328, "Actual Loops": 1, "Inner Unique": true, "Plans": [{"Node Type": "Merge Join", "Parent Relationship": "Outer", "Join Type": "Inner", "Startup Cost": 63927.73, "Total Cost": 64194.32, "Plan Rows": 5775, "Plan Width": 4, "Actual Startup Time": 1040.576, "Actual Total Time": 1068.063, "Actual Rows": 48328, "Actual Loops": 1, "Inner Unique": false, "Merge Cond": "(cn.id = mc.company_id)", "Plans": [{"Node Type": "Sort", "Parent Relationship": "Outer", "Startup Cost": 6300.31, "Total Cost": 6316.04, "Plan Rows": 6290, "Plan Width": 4, "Actual Startup Time": 84.379, "Actual Total Time": 84.964, "Actual Rows": 2418, "Actual Loops": 1, "Sort Key": ["cn.id"], "Sort Method": "quicksort", "Sort Space Used": 615, "Sort Space Type": "Memory", "Plans": [{"Node Type": "Seq Scan", "Parent Relationship": "Outer", "Relation Name": "company_name", "Alias": "cn", "Startup Cost": 0.0, "Total Cost": 5903.45, "Plan Rows": 6290, "Plan Width": 4, "Actual Startup Time": 0.028, "Actual Total Time": 81.939, "Actual Rows": 6752, "Actual Loops": 1, "Filter": "((country_code)::text = '[jp]'::text)", "Rows Removed by Filter": 228244}]}, {"Node Type": "Sort", "Parent Relationship": "Inner", "Startup Cost": 57622.68, "Total Cost": 57713.74, "Plan Rows": 36426, "Plan Width": 8, "Actual Startup Time": 956.177, "Actual Total Time": 967.252, "Actual Rows": 48897, "Actual Loops": 1, "Sort Key": ["mc.company_id"], "Sort Method": "quicksort", "Sort Space Used": 4593, "Sort Space Type": "Memory", "Plans": [{"Node Type": "Seq Scan", "Parent Relationship": "Outer", "Relation Name": "movie_companies", "Alias": "mc", "Startup Cost": 0.0, "Total Cost": 54862.92, "Plan Rows": 36426, "Plan Width": 8, "Actual Startup Time": 0.265, "Actual Total Time": 940.301, "Actual Rows": 48897, "Actual Loops": 1, "Filter": "(((note)::text ~~ '%(Japan)%'::text) AND ((note)::text !~~ '%(USA)%'::text))", "Rows Removed by Filter": 2560231}]}]}, {"Node Type": "Index Scan", "Parent Relationship": "Inner", "Scan Direction": "Forward", "Index Name": "title_pkey", "Relation Name": "title", "Alias": "t", "Startup Cost": 0.0, "Total Cost": 3.91, "Plan Rows": 1, "Plan Width": 21, "Actual Startup Time": 281.572, "Actual Total Time": 281.572, "Actual Rows": 48328, "Actual Loops": 48328, "Index Cond": "(id = mc.movie_id)", "Rows Removed by Index Recheck": 0}]}, {"Node Type": "Index Scan", "Parent Relationship": "Inner", "Scan Direction": "Forward", "Index Name": "movie_id_cast_info", "Relation Name": "cast_info", "Alias": "ci", "Startup Cost": 0.0, "Total Cost": 0.98, "Plan Rows": 1, "Plan Width": 12, "Actual Startup Time": 2939.675, "Actual Total Time": 3076.552, "Actual Rows": 19600, "Actual Loops": 48328, "Index Cond": "(movie_id = t.id)", "Rows Removed by Index Recheck": 0, "Filter": "((note)::text = '(voice: English version)'::text)", "Rows Removed by Filter": 1531710}]}]}]}, {"Node Type": "Index Scan", "Parent Relationship": "Inner", "Scan Direction": "Forward", "Index Name": "person_id_aka_name", "Relation Name": "aka_name", "Alias": "an1", "Startup Cost": 0.0, "Total Cost": 0.84, "Plan Rows": 1, "Plan Width": 20, "Actual Startup Time": 24.502, "Actual Total Time": 31.599, "Actual Rows": 17379, "Actual Loops": 7438, "Index Cond": "(person_id = ci.person_id)", "Rows Removed by Index Recheck": 0}]}, {"Node Type": "Index Scan", "Parent Relationship": "Inner", "Scan Direction": "Forward", "Index Name": "name_pkey", "Relation Name": "name", "Alias": "n1", "Startup Cost": 0.0, "Total Cost": 0.57, "Plan Rows": 1, "Plan Width": 4, "Actual Startup Time": 60.164, "Actual Total Time": 60.164, "Actual Rows": 62, "Actual Loops": 17379, "Index Cond": "(id = an1.person_id)", "Rows Removed by Index Recheck": 0, "Filter": "(((name)::text ~~ '%Yo%'::text) AND ((name)::text !~~ '%Yu%'::text))", "Rows Removed by Filter": 17317}]}]}, "Triggers": [], "Planner Runtime": 28, "Total Runtime": 4621.689, "Unique SQL Id": 3544391839}}, "(64, 85)": {"explain_plan": {"Plan": {"Node Type": "Aggregate", "Strategy": "Plain", "Startup Cost": 109335.41, "Total Cost": 109335.42, "Plan Rows": 1, "Plan Width": 97, "Plans": [{"Node Type": "Nested Loop", "Parent Relationship": "Outer", "Join Type": "Inner", "Startup Cost": 108458.16, "Total Cost": 109334.93, "Plan Rows": 96, "Plan Width": 33, "Inner Unique": true, "Plans": [{"Node Type": "Nested Loop", "Parent Relationship": "Outer", "Join Type": "Inner", "Startup Cost": 108458.16, "Total Cost": 108959.39, "Plan Rows": 645, "Plan Width": 41, "Inner Unique": false, "Plans": [{"Node Type": "Merge Join", "Parent Relationship": "Outer", "Join Type": "Inner", "Startup Cost": 108458.16, "Total Cost": 108505.18, "Plan Rows": 532, "Plan Width": 21, "Inner Unique": false, "Merge Cond": "(rt.id = ci.role_id)", "Plans": [{"Node Type": "Index Scan", "Parent Relationship": "Outer", "Scan Direction": "Forward", "Index Name": "role_type_pkey", "Relation Name": "role_type", "Alias": "rt", "Startup Cost": 0.0, "Total Cost": 12.46, "Plan Rows": 1, "Plan Width": 4, "Filter": "((role)::text = 'actress'::text)"}, {"Node Type": "Sort", "Parent Relationship": "Inner", "Startup Cost": 108458.16, "Total Cost": 108472.78, "Plan Rows": 5847, "Plan Width": 25, "Sort Key": ["ci.role_id"], "Plans": [{"Node Type": "Nested Loop", "Parent Relationship": "Outer", "Join Type": "Inner", "Startup Cost": 2780.8, "Total Cost": 108092.33, "Plan Rows": 5847, "Plan Width": 25, "Inner Unique": false, "Plans": [{"Node Type": "Nested Loop", "Parent Relationship": "Outer", "Join Type": "Inner", "Startup Cost": 2780.8, "Total Cost": 102349.74, "Plan Rows": 5775, "Plan Width": 25, "Inner Unique": true, "Plans": [{"Node Type": "Nested Loop", "Parent Relationship": "Outer", "Join Type": "Inner", "Startup Cost": 2780.8, "Total Cost": 79702.64, "Plan Rows": 5775, "Plan Width": 4, "Inner Unique": false, "Plans": [{"Node Type": "Bitmap Heap Scan", "Parent Relationship": "Outer", "Relation Name": "company_name", "Alias": "cn", "Startup Cost": 2780.8, "Total Cost": 8684.25, "Plan Rows": 6290, "Plan Width": 4, "Filter": "((country_code)::text = '[jp]'::text)", "Plans": [{"Node Type": "Bitmap Index Scan", "Parent Relationship": "Outer", "Index Name": "company_name_pkey", "Startup Cost": 0.0, "Total Cost": 2779.23, "Plan Rows": 234996, "Plan Width": 0}]}, {"Node Type": "Index Scan", "Parent Relationship": "Inner", "Scan Direction": "Forward", "Index Name": "company_id_movie_companies", "Relation Name": "movie_companies", "Alias": "mc", "Startup Cost": 0.0, "Total Cost": 11.28, "Plan Rows": 1, "Plan Width": 8, "Index Cond": "(company_id = cn.id)", "Filter": "(((note)::text ~~ '%(Japan)%'::text) AND ((note)::text !~~ '%(USA)%'::text))"}]}, {"Node Type": "Index Scan", "Parent Relationship": "Inner", "Scan Direction": "Forward", "Index Name": "title_pkey", "Relation Name": "title", "Alias": "t", "Startup Cost": 0.0, "Total Cost": 3.91, "Plan Rows": 1, "Plan Width": 21, "Index Cond": "(id = mc.movie_id)"}]}, {"Node Type": "Index Scan", "Parent Relationship": "Inner", "Scan Direction": "Forward", "Index Name": "movie_id_cast_info", "Relation Name": "cast_info", "Alias": "ci", "Startup Cost": 0.0, "Total Cost": 0.98, "Plan Rows": 1, "Plan Width": 12, "Index Cond": "(movie_id = t.id)", "Filter": "((note)::text = '(voice: English version)'::text)"}]}]}]}, {"Node Type": "Index Scan", "Parent Relationship": "Inner", "Scan Direction": "Forward", "Index Name": "person_id_aka_name", "Relation Name": "aka_name", "Alias": "an1", "Startup Cost": 0.0, "Total Cost": 0.84, "Plan Rows": 1, "Plan Width": 20, "Index Cond": "(person_id = ci.person_id)"}]}, {"Node Type": "Index Scan", "Parent Relationship": "Inner", "Scan Direction": "Forward", "Index Name": "name_pkey", "Relation Name": "name", "Alias": "n1", "Startup Cost": 0.0, "Total Cost": 0.57, "Plan Rows": 1, "Plan Width": 4, "Index Cond": "(id = an1.person_id)", "Filter": "(((name)::text ~~ '%Yo%'::text) AND ((name)::text !~~ '%Yu%'::text))"}]}]}, "Unique SQL Id": 3544391839, "Planner Runtime": 25}, "explain_analyze_plan": {"Plan": {"Node Type": "Aggregate", "Strategy": "Plain", "Startup Cost": 109335.41, "Total Cost": 109335.42, "Plan Rows": 1, "Plan Width": 97, "Actual Startup Time": 3961.401, "Actual Total Time": 3961.401, "Actual Rows": 1, "Actual Loops": 1, "Plans": [{"Node Type": "Nested Loop", "Parent Relationship": "Outer", "Join Type": "Inner", "Startup Cost": 108458.16, "Total Cost": 109334.93, "Plan Rows": 96, "Plan Width": 33, "Actual Startup Time": 3863.23, "Actual Total Time": 3961.287, "Actual Rows": 62, "Actual Loops": 1, "Inner Unique": true, "Plans": [{"Node Type": "Nested Loop", "Parent Relationship": "Outer", "Join Type": "Inner", "Startup Cost": 108458.16, "Total Cost": 108959.39, "Plan Rows": 645, "Plan Width": 41, "Actual Startup Time": 3849.575, "Actual Total Time": 3892.531, "Actual Rows": 17379, "Actual Loops": 1, "Inner Unique": false, "Plans": [{"Node Type": "Merge Join", "Parent Relationship": "Outer", "Join Type": "Inner", "Startup Cost": 108458.16, "Total Cost": 108505.18, "Plan Rows": 532, "Plan Width": 21, "Actual Startup Time": 3849.512, "Actual Total Time": 3852.882, "Actual Rows": 7438, "Actual Loops": 1, "Inner Unique": false, "Merge Cond": "(rt.id = ci.role_id)", "Plans": [{"Node Type": "Index Scan", "Parent Relationship": "Outer", "Scan Direction": "Forward", "Index Name": "role_type_pkey", "Relation Name": "role_type", "Alias": "rt", "Startup Cost": 0.0, "Total Cost": 12.46, "Plan Rows": 1, "Plan Width": 4, "Actual Startup Time": 0.029, "Actual Total Time": 0.044, "Actual Rows": 1, "Actual Loops": 1, "Filter": "((role)::text = 'actress'::text)", "Rows Removed by Filter": 11}, {"Node Type": "Sort", "Parent Relationship": "Inner", "Startup Cost": 108458.16, "Total Cost": 108472.78, "Plan Rows": 5847, "Plan Width": 25, "Actual Startup Time": 3846.425, "Actual Total Time": 3848.872, "Actual Rows": 19600, "Actual Loops": 1, "Sort Key": ["ci.role_id"], "Sort Method": "quicksort", "Sort Space Used": 2817, "Sort Space Type": "Memory", "Plans": [{"Node Type": "Nested Loop", "Parent Relationship": "Outer", "Join Type": "Inner", "Startup Cost": 2780.8, "Total Cost": 108092.33, "Plan Rows": 5847, "Plan Width": 25, "Actual Startup Time": 22.156, "Actual Total Time": 3838.491, "Actual Rows": 19600, "Actual Loops": 1, "Inner Unique": false, "Plans": [{"Node Type": "Nested Loop", "Parent Relationship": "Outer", "Join Type": "Inner", "Startup Cost": 2780.8, "Total Cost": 102349.74, "Plan Rows": 5775, "Plan Width": 25, "Actual Startup Time": 22.084, "Actual Total Time": 705.244, "Actual Rows": 48328, "Actual Loops": 1, "Inner Unique": true, "Plans": [{"Node Type": "Nested Loop", "Parent Relationship": "Outer", "Join Type": "Inner", "Startup Cost": 2780.8, "Total Cost": 79702.64, "Plan Rows": 5775, "Plan Width": 4, "Actual Startup Time": 22.067, "Actual Total Time": 372.506, "Actual Rows": 48328, "Actual Loops": 1, "Inner Unique": false, "Plans": [{"Node Type": "Bitmap Heap Scan", "Parent Relationship": "Outer", "Relation Name": "company_name", "Alias": "cn", "Startup Cost": 2780.8, "Total Cost": 8684.25, "Plan Rows": 6290, "Plan Width": 4, "Actual Startup Time": 22.023, "Actual Total Time": 129.156, "Actual Rows": 6752, "Actual Loops": 1, "Filter": "((country_code)::text = '[jp]'::text)", "Rows Removed by Filter": 228244, "Exact Heap Blocks": 2966, "Lossy Heap Blocks": 2966, "Plans": [{"Node Type": "Bitmap Index Scan", "Parent Relationship": "Outer", "Index Name": "company_name_pkey", "Startup Cost": 0.0, "Total Cost": 2779.23, "Plan Rows": 234996, "Plan Width": 0, "Actual Startup Time": 21.553, "Actual Total Time": 21.553, "Actual Rows": 234996, "Actual Loops": 1}]}, {"Node Type": "Index Scan", "Parent Relationship": "Inner", "Scan Direction": "Forward", "Index Name": "company_id_movie_companies", "Relation Name": "movie_companies", "Alias": "mc", "Startup Cost": 0.0, "Total Cost": 11.28, "Plan Rows": 1, "Plan Width": 8, "Actual Startup Time": 63.188, "Actual Total Time": 226.955, "Actual Rows": 48328, "Actual Loops": 6752, "Index Cond": "(company_id = cn.id)", "Rows Removed by Index Recheck": 0, "Filter": "(((note)::text ~~ '%(Japan)%'::text) AND ((note)::text !~~ '%(USA)%'::text))", "Rows Removed by Filter": 56667}]}, {"Node Type": "Index Scan", "Parent Relationship": "Inner", "Scan Direction": "Forward", "Index Name": "title_pkey", "Relation Name": "title", "Alias": "t", "Startup Cost": 0.0, "Total Cost": 3.91, "Plan Rows": 1, "Plan Width": 21, "Actual Startup Time": 289.516, "Actual Total Time": 289.516, "Actual Rows": 48328, "Actual Loops": 48328, "Index Cond": "(id = mc.movie_id)", "Rows Removed by Index Recheck": 0}]}, {"Node Type": "Index Scan", "Parent Relationship": "Inner", "Scan Direction": "Forward", "Index Name": "movie_id_cast_info", "Relation Name": "cast_info", "Alias": "ci", "Startup Cost": 0.0, "Total Cost": 0.98, "Plan Rows": 1, "Plan Width": 12, "Actual Startup Time": 2963.835, "Actual Total Time": 3101.526, "Actual Rows": 19600, "Actual Loops": 48328, "Index Cond": "(movie_id = t.id)", "Rows Removed by Index Recheck": 0, "Filter": "((note)::text = '(voice: English version)'::text)", "Rows Removed by Filter": 1531710}]}]}]}, {"Node Type": "Index Scan", "Parent Relationship": "Inner", "Scan Direction": "Forward", "Index Name": "person_id_aka_name", "Relation Name": "aka_name", "Alias": "an1", "Startup Cost": 0.0, "Total Cost": 0.84, "Plan Rows": 1, "Plan Width": 20, "Actual Startup Time": 24.69, "Actual Total Time": 31.877, "Actual Rows": 17379, "Actual Loops": 7438, "Index Cond": "(person_id = ci.person_id)", "Rows Removed by Index Recheck": 0}]}, {"Node Type": "Index Scan", "Parent Relationship": "Inner", "Scan Direction": "Forward", "Index Name": "name_pkey", "Relation Name": "name", "Alias": "n1", "Startup Cost": 0.0, "Total Cost": 0.57, "Plan Rows": 1, "Plan Width": 4, "Actual Startup Time": 60.461, "Actual Total Time": 60.461, "Actual Rows": 62, "Actual Loops": 17379, "Index Cond": "(id = an1.person_id)", "Rows Removed by Index Recheck": 0, "Filter": "(((name)::text ~~ '%Yo%'::text) AND ((name)::text !~~ '%Yu%'::text))", "Rows Removed by Filter": 17317}]}]}, "Triggers": [], "Planner Runtime": 25, "Total Runtime": 3961.809, "Unique SQL Id": 3544391839}}, "(64, 86)": {"explain_plan": {"Plan": {"Node Type": "Aggregate", "Strategy": "Plain", "Startup Cost": 126994.42, "Total Cost": 126994.43, "Plan Rows": 1, "Plan Width": 97, "Plans": [{"Node Type": "Nested Loop", "Parent Relationship": "Outer", "Join Type": "Inner", "Startup Cost": 121806.19, "Total Cost": 126991.19, "Plan Rows": 646, "Plan Width": 33, "Inner Unique": true, "Plans": [{"Node Type": "Nested Loop", "Parent Relationship": "Outer", "Join Type": "Inner", "Startup Cost": 121805.86, "Total Cost": 124182.61, "Plan Rows": 645, "Plan Width": 41, "Inner Unique": false, "Plans": [{"Node Type": "Merge Join", "Parent Relationship": "Outer", "Join Type": "Inner", "Startup Cost": 121805.48, "Total Cost": 121840.04, "Plan Rows": 532, "Plan Width": 21, "Inner Unique": false, "Merge Cond": "(rt.id = ci.role_id)", "Plans": [{"Node Type": "Sort", "Parent Relationship": "Outer", "Startup Cost": 1.16, "Total Cost": 1.16, "Plan Rows": 1, "Plan Width": 4, "Sort Key": ["rt.id"], "Plans": [{"Node Type": "Seq Scan", "Parent Relationship": "Outer", "Relation Name": "role_type", "Alias": "rt", "Startup Cost": 0.0, "Total Cost": 1.15, "Plan Rows": 1, "Plan Width": 4, "Filter": "((role)::text = 'actress'::text)"}]}, {"Node Type": "Sort", "Parent Relationship": "Inner", "Startup Cost": 121804.32, "Total Cost": 121818.94, "Plan Rows": 5847, "Plan Width": 25, "Sort Key": ["ci.role_id"], "Plans": [{"Node Type": "Nested Loop", "Parent Relationship": "Outer", "Join Type": "Inner", "Startup Cost": 63929.52, "Total Cost": 121438.49, "Plan Rows": 5847, "Plan Width": 25, "Inner Unique": false, "Plans": [{"Node Type": "Nested Loop", "Parent Relationship": "Outer", "Join Type": "Inner", "Startup Cost": 63929.0, "Total Cost": 94780.67, "Plan Rows": 5775, "Plan Width": 25, "Inner Unique": true, "Plans": [{"Node Type": "Merge Join", "Parent Relationship": "Outer", "Join Type": "Inner", "Startup Cost": 63927.73, "Total Cost": 64194.32, "Plan Rows": 5775, "Plan Width": 4, "Inner Unique": false, "Merge Cond": "(cn.id = mc.company_id)", "Plans": [{"Node Type": "Sort", "Parent Relationship": "Outer", "Startup Cost": 6300.31, "Total Cost": 6316.04, "Plan Rows": 6290, "Plan Width": 4, "Sort Key": ["cn.id"], "Plans": [{"Node Type": "Seq Scan", "Parent Relationship": "Outer", "Relation Name": "company_name", "Alias": "cn", "Startup Cost": 0.0, "Total Cost": 5903.45, "Plan Rows": 6290, "Plan Width": 4, "Filter": "((country_code)::text = '[jp]'::text)"}]}, {"Node Type": "Sort", "Parent Relationship": "Inner", "Startup Cost": 57622.68, "Total Cost": 57713.74, "Plan Rows": 36426, "Plan Width": 8, "Sort Key": ["mc.company_id"], "Plans": [{"Node Type": "Seq Scan", "Parent Relationship": "Outer", "Relation Name": "movie_companies", "Alias": "mc", "Startup Cost": 0.0, "Total Cost": 54862.92, "Plan Rows": 36426, "Plan Width": 8, "Filter": "(((note)::text ~~ '%(Japan)%'::text) AND ((note)::text !~~ '%(USA)%'::text))"}]}]}, {"Node Type": "Bitmap Heap Scan", "Parent Relationship": "Inner", "Relation Name": "title", "Alias": "t", "Startup Cost": 1.27, "Total Cost": 5.29, "Plan Rows": 1, "Plan Width": 21, "Recheck Cond": "(id = mc.movie_id)", "Plans": [{"Node Type": "Bitmap Index Scan", "Parent Relationship": "Outer", "Index Name": "title_pkey", "Startup Cost": 0.0, "Total Cost": 1.27, "Plan Rows": 1, "Plan Width": 0, "Index Cond": "(id = mc.movie_id)"}]}]}, {"Node Type": "Bitmap Heap Scan", "Parent Relationship": "Inner", "Relation Name": "cast_info", "Alias": "ci", "Startup Cost": 0.52, "Total Cost": 4.61, "Plan Rows": 1, "Plan Width": 12, "Recheck Cond": "(movie_id = t.id)", "Filter": "((note)::text = '(voice: English version)'::text)", "Plans": [{"Node Type": "Bitmap Index Scan", "Parent Relationship": "Outer", "Index Name": "movie_id_cast_info", "Startup Cost": 0.0, "Total Cost": 0.52, "Plan Rows": 6, "Plan Width": 0, "Index Cond": "(movie_id = t.id)"}]}]}]}]}, {"Node Type": "Bitmap Heap Scan", "Parent Relationship": "Inner", "Relation Name": "aka_name", "Alias": "an1", "Startup Cost": 0.38, "Total Cost": 4.39, "Plan Rows": 1, "Plan Width": 20, "Recheck Cond": "(person_id = ci.person_id)", "Plans": [{"Node Type": "Bitmap Index Scan", "Parent Relationship": "Outer", "Index Name": "person_id_aka_name", "Startup Cost": 0.0, "Total Cost": 0.38, "Plan Rows": 1, "Plan Width": 0, "Index Cond": "(person_id = ci.person_id)"}]}]}, {"Node Type": "Bitmap Heap Scan", "Parent Relationship": "Inner", "Relation Name": "name", "Alias": "n1", "Startup Cost": 0.33, "Total Cost": 4.34, "Plan Rows": 1, "Plan Width": 4, "Recheck Cond": "(id = an1.person_id)", "Filter": "(((name)::text ~~ '%Yo%'::text) AND ((name)::text !~~ '%Yu%'::text))", "Plans": [{"Node Type": "Bitmap Index Scan", "Parent Relationship": "Outer", "Index Name": "name_pkey", "Startup Cost": 0.0, "Total Cost": 0.33, "Plan Rows": 1, "Plan Width": 0, "Index Cond": "(id = an1.person_id)"}]}]}]}, "Unique SQL Id": 3544391839, "Planner Runtime": 30}, "explain_analyze_plan": {"Plan": {"Node Type": "Aggregate", "Strategy": "Plain", "Startup Cost": 126994.42, "Total Cost": 126994.43, "Plan Rows": 1, "Plan Width": 97, "Actual Startup Time": 5512.438, "Actual Total Time": 5512.439, "Actual Rows": 1, "Actual Loops": 1, "Plans": [{"Node Type": "Nested Loop", "Parent Relationship": "Outer", "Join Type": "Inner", "Startup Cost": 121806.19, "Total Cost": 126991.19, "Plan Rows": 646, "Plan Width": 33, "Actual Startup Time": 5363.49, "Actual Total Time": 5512.29, "Actual Rows": 62, "Actual Loops": 1, "Inner Unique": true, "Plans": [{"Node Type": "Nested Loop", "Parent Relationship": "Outer", "Join Type": "Inner", "Startup Cost": 121805.86, "Total Cost": 124182.61, "Plan Rows": 645, "Plan Width": 41, "Actual Startup Time": 5359.294, "Actual Total Time": 5417.133, "Actual Rows": 17379, "Actual Loops": 1, "Inner Unique": false, "Plans": [{"Node Type": "Merge Join", "Parent Relationship": "Outer", "Join Type": "Inner", "Startup Cost": 121805.48, "Total Cost": 121840.04, "Plan Rows": 532, "Plan Width": 21, "Actual Startup Time": 5359.249, "Actual Total Time": 5362.927, "Actual Rows": 7438, "Actual Loops": 1, "Inner Unique": false, "Merge Cond": "(rt.id = ci.role_id)", "Plans": [{"Node Type": "Sort", "Parent Relationship": "Outer", "Startup Cost": 1.16, "Total Cost": 1.16, "Plan Rows": 1, "Plan Width": 4, "Actual Startup Time": 0.065, "Actual Total Time": 0.065, "Actual Rows": 1, "Actual Loops": 1, "Sort Key": ["rt.id"], "Sort Method": "quicksort", "Sort Space Used": 25, "Sort Space Type": "Memory", "Plans": [{"Node Type": "Seq Scan", "Parent Relationship": "Outer", "Relation Name": "role_type", "Alias": "rt", "Startup Cost": 0.0, "Total Cost": 1.15, "Plan Rows": 1, "Plan Width": 4, "Actual Startup Time": 0.037, "Actual Total Time": 0.041, "Actual Rows": 1, "Actual Loops": 1, "Filter": "((role)::text = 'actress'::text)", "Rows Removed by Filter": 11}]}, {"Node Type": "Sort", "Parent Relationship": "Inner", "Startup Cost": 121804.32, "Total Cost": 121818.94, "Plan Rows": 5847, "Plan Width": 25, "Actual Startup Time": 5356.236, "Actual Total Time": 5358.659, "Actual Rows": 19600, "Actual Loops": 1, "Sort Key": ["ci.role_id"], "Sort Method": "quicksort", "Sort Space Used": 2817, "Sort Space Type": "Memory", "Plans": [{"Node Type": "Nested Loop", "Parent Relationship": "Outer", "Join Type": "Inner", "Startup Cost": 63929.52, "Total Cost": 121438.49, "Plan Rows": 5847, "Plan Width": 25, "Actual Startup Time": 1046.262, "Actual Total Time": 5348.632, "Actual Rows": 19600, "Actual Loops": 1, "Inner Unique": false, "Plans": [{"Node Type": "Nested Loop", "Parent Relationship": "Outer", "Join Type": "Inner", "Startup Cost": 63929.0, "Total Cost": 94780.67, "Plan Rows": 5775, "Plan Width": 25, "Actual Startup Time": 1045.711, "Actual Total Time": 1512.747, "Actual Rows": 48328, "Actual Loops": 1, "Inner Unique": true, "Plans": [{"Node Type": "Merge Join", "Parent Relationship": "Outer", "Join Type": "Inner", "Startup Cost": 63927.73, "Total Cost": 64194.32, "Plan Rows": 5775, "Plan Width": 4, "Actual Startup Time": 1045.628, "Actual Total Time": 1078.721, "Actual Rows": 48328, "Actual Loops": 1, "Inner Unique": false, "Merge Cond": "(cn.id = mc.company_id)", "Plans": [{"Node Type": "Sort", "Parent Relationship": "Outer", "Startup Cost": 6300.31, "Total Cost": 6316.04, "Plan Rows": 6290, "Plan Width": 4, "Actual Startup Time": 85.15, "Actual Total Time": 85.709, "Actual Rows": 2418, "Actual Loops": 1, "Sort Key": ["cn.id"], "Sort Method": "quicksort", "Sort Space Used": 615, "Sort Space Type": "Memory", "Plans": [{"Node Type": "Seq Scan", "Parent Relationship": "Outer", "Relation Name": "company_name", "Alias": "cn", "Startup Cost": 0.0, "Total Cost": 5903.45, "Plan Rows": 6290, "Plan Width": 4, "Actual Startup Time": 0.029, "Actual Total Time": 82.77, "Actual Rows": 6752, "Actual Loops": 1, "Filter": "((country_code)::text = '[jp]'::text)", "Rows Removed by Filter": 228244}]}, {"Node Type": "Sort", "Parent Relationship": "Inner", "Startup Cost": 57622.68, "Total Cost": 57713.74, "Plan Rows": 36426, "Plan Width": 8, "Actual Startup Time": 960.457, "Actual Total Time": 972.839, "Actual Rows": 48897, "Actual Loops": 1, "Sort Key": ["mc.company_id"], "Sort Method": "quicksort", "Sort Space Used": 4593, "Sort Space Type": "Memory", "Plans": [{"Node Type": "Seq Scan", "Parent Relationship": "Outer", "Relation Name": "movie_companies", "Alias": "mc", "Startup Cost": 0.0, "Total Cost": 54862.92, "Plan Rows": 36426, "Plan Width": 8, "Actual Startup Time": 0.281, "Actual Total Time": 944.546, "Actual Rows": 48897, "Actual Loops": 1, "Filter": "(((note)::text ~~ '%(Japan)%'::text) AND ((note)::text !~~ '%(USA)%'::text))", "Rows Removed by Filter": 2560231}]}]}, {"Node Type": "Bitmap Heap Scan", "Parent Relationship": "Inner", "Relation Name": "title", "Alias": "t", "Startup Cost": 1.27, "Total Cost": 5.29, "Plan Rows": 1, "Plan Width": 21, "Actual Startup Time": 355.007, "Actual Total Time": 355.007, "Actual Rows": 48328, "Actual Loops": 48328, "Recheck Cond": "(id = mc.movie_id)", "Rows Removed by Index Recheck": 0, "Exact Heap Blocks": 48328, "Lossy Heap Blocks": 48328, "Plans": [{"Node Type": "Bitmap Index Scan", "Parent Relationship": "Outer", "Index Name": "title_pkey", "Startup Cost": 0.0, "Total Cost": 1.27, "Plan Rows": 1, "Plan Width": 0, "Actual Startup Time": 207.301, "Actual Total Time": 207.301, "Actual Rows": 48328, "Actual Loops": 48328, "Index Cond": "(id = mc.movie_id)"}]}]}, {"Node Type": "Bitmap Heap Scan", "Parent Relationship": "Inner", "Relation Name": "cast_info", "Alias": "ci", "Startup Cost": 0.52, "Total Cost": 4.61, "Plan Rows": 1, "Plan Width": 12, "Actual Startup Time": 3610.13, "Actual Total Time": 3762.236, "Actual Rows": 19600, "Actual Loops": 48328, "Recheck Cond": "(movie_id = t.id)", "Rows Removed by Index Recheck": 0, "Filter": "((note)::text = '(voice: English version)'::text)", "Rows Removed by Filter": 1531710, "Exact Heap Blocks": 1503105, "Lossy Heap Blocks": 1503105, "Plans": [{"Node Type": "Bitmap Index Scan", "Parent Relationship": "Outer", "Index Name": "movie_id_cast_info", "Startup Cost": 0.0, "Total Cost": 0.52, "Plan Rows": 6, "Plan Width": 0, "Actual Startup Time": 526.58, "Actual Total Time": 526.58, "Actual Rows": 1551310, "Actual Loops": 48328, "Index Cond": "(movie_id = t.id)"}]}]}]}]}, {"Node Type": "Bitmap Heap Scan", "Parent Relationship": "Inner", "Relation Name": "aka_name", "Alias": "an1", "Startup Cost": 0.38, "Total Cost": 4.39, "Plan Rows": 1, "Plan Width": 20, "Actual Startup Time": 36.933, "Actual Total Time": 41.409, "Actual Rows": 17379, "Actual Loops": 7438, "Recheck Cond": "(person_id = ci.person_id)", "Rows Removed by Index Recheck": 0, "Exact Heap Blocks": 6514, "Lossy Heap Blocks": 6514, "Plans": [{"Node Type": "Bitmap Index Scan", "Parent Relationship": "Outer", "Index Name": "person_id_aka_name", "Startup Cost": 0.0, "Total Cost": 0.38, "Plan Rows": 1, "Plan Width": 0, "Actual Startup Time": 24.488, "Actual Total Time": 24.488, "Actual Rows": 17379, "Actual Loops": 7438, "Index Cond": "(person_id = ci.person_id)"}]}]}, {"Node Type": "Bitmap Heap Scan", "Parent Relationship": "Inner", "Relation Name": "name", "Alias": "n1", "Startup Cost": 0.33, "Total Cost": 4.34, "Plan Rows": 1, "Plan Width": 4, "Actual Startup Time": 75.599, "Actual Total Time": 75.599, "Actual Rows": 62, "Actual Loops": 17379, "Recheck Cond": "(id = an1.person_id)", "Rows Removed by Index Recheck": 0, "Filter": "(((name)::text ~~ '%Yo%'::text) AND ((name)::text !~~ '%Yu%'::text))", "Rows Removed by Filter": 17317, "Exact Heap Blocks": 17379, "Lossy Heap Blocks": 17379, "Plans": [{"Node Type": "Bitmap Index Scan", "Parent Relationship": "Outer", "Index Name": "name_pkey", "Startup Cost": 0.0, "Total Cost": 0.33, "Plan Rows": 1, "Plan Width": 0, "Actual Startup Time": 43.537, "Actual Total Time": 43.537, "Actual Rows": 17379, "Actual Loops": 17379, "Index Cond": "(id = an1.person_id)"}]}]}]}, "Triggers": [], "Planner Runtime": 30, "Total Runtime": 5512.903, "Unique SQL Id": 3544391839}}, "(64, 87)": {"explain_plan": {"Plan": {"Node Type": "Aggregate", "Strategy": "Plain", "Startup Cost": 169133.5, "Total Cost": 169133.51, "Plan Rows": 1, "Plan Width": 97, "Plans": [{"Node Type": "Nested Loop", "Parent Relationship": "Outer", "Join Type": "Inner", "Startup Cost": 163945.26, "Total Cost": 169130.27, "Plan Rows": 646, "Plan Width": 33, "Inner Unique": true, "Plans": [{"Node Type": "Nested Loop", "Parent Relationship": "Outer", "Join Type": "Inner", "Startup Cost": 163944.94, "Total Cost": 166321.69, "Plan Rows": 645, "Plan Width": 41, "Inner Unique": false, "Plans": [{"Node Type": "Merge Join", "Parent Relationship": "Outer", "Join Type": "Inner", "Startup Cost": 163944.56, "Total Cost": 163979.12, "Plan Rows": 532, "Plan Width": 21, "Inner Unique": false, "Merge Cond": "(rt.id = ci.role_id)", "Plans": [{"Node Type": "Sort", "Parent Relationship": "Outer", "Startup Cost": 12.47, "Total Cost": 12.48, "Plan Rows": 1, "Plan Width": 4, "Sort Key": ["rt.id"], "Plans": [{"Node Type": "Bitmap Heap Scan", "Parent Relationship": "Outer", "Relation Name": "role_type", "Alias": "rt", "Startup Cost": 8.31, "Total Cost": 12.46, "Plan Rows": 1, "Plan Width": 4, "Filter": "((role)::text = 'actress'::text)", "Plans": [{"Node Type": "Bitmap Index Scan", "Parent Relationship": "Outer", "Index Name": "role_type_pkey", "Startup Cost": 0.0, "Total Cost": 8.31, "Plan Rows": 12, "Plan Width": 0}]}]}, {"Node Type": "Sort", "Parent Relationship": "Inner", "Startup Cost": 163932.09, "Total Cost": 163946.7, "Plan Rows": 5847, "Plan Width": 25, "Sort Key": ["ci.role_id"], "Plans": [{"Node Type": "Nested Loop", "Parent Relationship": "Outer", "Join Type": "Inner", "Startup Cost": 2785.97, "Total Cost": 163566.25, "Plan Rows": 5847, "Plan Width": 25, "Inner Unique": false, "Plans": [{"Node Type": "Nested Loop", "Parent Relationship": "Outer", "Join Type": "Inner", "Startup Cost": 2785.45, "Total Cost": 136908.44, "Plan Rows": 5775, "Plan Width": 25, "Inner Unique": true, "Plans": [{"Node Type": "Nested Loop", "Parent Relationship": "Outer", "Join Type": "Inner", "Startup Cost": 2784.18, "Total Cost": 106322.09, "Plan Rows": 5775, "Plan Width": 4, "Inner Unique": false, "Plans": [{"Node Type": "Bitmap Heap Scan", "Parent Relationship": "Outer", "Relation Name": "company_name", "Alias": "cn", "Startup Cost": 2780.8, "Total Cost": 8684.25, "Plan Rows": 6290, "Plan Width": 4, "Filter": "((country_code)::text = '[jp]'::text)", "Plans": [{"Node Type": "Bitmap Index Scan", "Parent Relationship": "Outer", "Index Name": "company_name_pkey", "Startup Cost": 0.0, "Total Cost": 2779.23, "Plan Rows": 234996, "Plan Width": 0}]}, {"Node Type": "Bitmap Heap Scan", "Parent Relationship": "Inner", "Relation Name": "movie_companies", "Alias": "mc", "Startup Cost": 3.37, "Total Cost": 15.51, "Plan Rows": 1, "Plan Width": 8, "Recheck Cond": "(company_id = cn.id)", "Filter": "(((note)::text ~~ '%(Japan)%'::text) AND ((note)::text !~~ '%(USA)%'::text))", "Plans": [{"Node Type": "Bitmap Index Scan", "Parent Relationship": "Outer", "Index Name": "company_id_movie_companies", "Startup Cost": 0.0, "Total Cost": 3.37, "Plan Rows": 15, "Plan Width": 0, "Index Cond": "(company_id = cn.id)"}]}]}, {"Node Type": "Bitmap Heap Scan", "Parent Relationship": "Inner", "Relation Name": "title", "Alias": "t", "Startup Cost": 1.27, "Total Cost": 5.29, "Plan Rows": 1, "Plan Width": 21, "Recheck Cond": "(id = mc.movie_id)", "Plans": [{"Node Type": "Bitmap Index Scan", "Parent Relationship": "Outer", "Index Name": "title_pkey", "Startup Cost": 0.0, "Total Cost": 1.27, "Plan Rows": 1, "Plan Width": 0, "Index Cond": "(id = mc.movie_id)"}]}]}, {"Node Type": "Bitmap Heap Scan", "Parent Relationship": "Inner", "Relation Name": "cast_info", "Alias": "ci", "Startup Cost": 0.52, "Total Cost": 4.61, "Plan Rows": 1, "Plan Width": 12, "Recheck Cond": "(movie_id = t.id)", "Filter": "((note)::text = '(voice: English version)'::text)", "Plans": [{"Node Type": "Bitmap Index Scan", "Parent Relationship": "Outer", "Index Name": "movie_id_cast_info", "Startup Cost": 0.0, "Total Cost": 0.52, "Plan Rows": 6, "Plan Width": 0, "Index Cond": "(movie_id = t.id)"}]}]}]}]}, {"Node Type": "Bitmap Heap Scan", "Parent Relationship": "Inner", "Relation Name": "aka_name", "Alias": "an1", "Startup Cost": 0.38, "Total Cost": 4.39, "Plan Rows": 1, "Plan Width": 20, "Recheck Cond": "(person_id = ci.person_id)", "Plans": [{"Node Type": "Bitmap Index Scan", "Parent Relationship": "Outer", "Index Name": "person_id_aka_name", "Startup Cost": 0.0, "Total Cost": 0.38, "Plan Rows": 1, "Plan Width": 0, "Index Cond": "(person_id = ci.person_id)"}]}]}, {"Node Type": "Bitmap Heap Scan", "Parent Relationship": "Inner", "Relation Name": "name", "Alias": "n1", "Startup Cost": 0.33, "Total Cost": 4.34, "Plan Rows": 1, "Plan Width": 4, "Recheck Cond": "(id = an1.person_id)", "Filter": "(((name)::text ~~ '%Yo%'::text) AND ((name)::text !~~ '%Yu%'::text))", "Plans": [{"Node Type": "Bitmap Index Scan", "Parent Relationship": "Outer", "Index Name": "name_pkey", "Startup Cost": 0.0, "Total Cost": 0.33, "Plan Rows": 1, "Plan Width": 0, "Index Cond": "(id = an1.person_id)"}]}]}]}, "Unique SQL Id": 3544391839, "Planner Runtime": 25}, "explain_analyze_plan": {"Plan": {"Node Type": "Aggregate", "Strategy": "Plain", "Startup Cost": 169133.5, "Total Cost": 169133.51, "Plan Rows": 1, "Plan Width": 97, "Actual Startup Time": 4991.292, "Actual Total Time": 4991.293, "Actual Rows": 1, "Actual Loops": 1, "Plans": [{"Node Type": "Nested Loop", "Parent Relationship": "Outer", "Join Type": "Inner", "Startup Cost": 163945.26, "Total Cost": 169130.27, "Plan Rows": 646, "Plan Width": 33, "Actual Startup Time": 4856.45, "Actual Total Time": 4991.141, "Actual Rows": 62, "Actual Loops": 1, "Inner Unique": true, "Plans": [{"Node Type": "Nested Loop", "Parent Relationship": "Outer", "Join Type": "Inner", "Startup Cost": 163944.94, "Total Cost": 166321.69, "Plan Rows": 645, "Plan Width": 41, "Actual Startup Time": 4838.142, "Actual Total Time": 4896.031, "Actual Rows": 17379, "Actual Loops": 1, "Inner Unique": false, "Plans": [{"Node Type": "Merge Join", "Parent Relationship": "Outer", "Join Type": "Inner", "Startup Cost": 163944.56, "Total Cost": 163979.12, "Plan Rows": 532, "Plan Width": 21, "Actual Startup Time": 4838.057, "Actual Total Time": 4841.808, "Actual Rows": 7438, "Actual Loops": 1, "Inner Unique": false, "Merge Cond": "(rt.id = ci.role_id)", "Plans": [{"Node Type": "Sort", "Parent Relationship": "Outer", "Startup Cost": 12.47, "Total Cost": 12.48, "Plan Rows": 1, "Plan Width": 4, "Actual Startup Time": 0.054, "Actual Total Time": 0.054, "Actual Rows": 1, "Actual Loops": 1, "Sort Key": ["rt.id"], "Sort Method": "quicksort", "Sort Space Used": 25, "Sort Space Type": "Memory", "Plans": [{"Node Type": "Bitmap Heap Scan", "Parent Relationship": "Outer", "Relation Name": "role_type", "Alias": "rt", "Startup Cost": 8.31, "Total Cost": 12.46, "Plan Rows": 1, "Plan Width": 4, "Actual Startup Time": 0.037, "Actual Total Time": 0.039, "Actual Rows": 1, "Actual Loops": 1, "Filter": "((role)::text = 'actress'::text)", "Rows Removed by Filter": 11, "Exact Heap Blocks": 1, "Lossy Heap Blocks": 1, "Plans": [{"Node Type": "Bitmap Index Scan", "Parent Relationship": "Outer", "Index Name": "role_type_pkey", "Startup Cost": 0.0, "Total Cost": 8.31, "Plan Rows": 12, "Plan Width": 0, "Actual Startup Time": 0.01, "Actual Total Time": 0.01, "Actual Rows": 12, "Actual Loops": 1}]}]}, {"Node Type": "Sort", "Parent Relationship": "Inner", "Startup Cost": 163932.09, "Total Cost": 163946.7, "Plan Rows": 5847, "Plan Width": 25, "Actual Startup Time": 4834.794, "Actual Total Time": 4837.404, "Actual Rows": 19600, "Actual Loops": 1, "Sort Key": ["ci.role_id"], "Sort Method": "quicksort", "Sort Space Used": 2817, "Sort Space Type": "Memory", "Plans": [{"Node Type": "Nested Loop", "Parent Relationship": "Outer", "Join Type": "Inner", "Startup Cost": 2785.97, "Total Cost": 163566.25, "Plan Rows": 5847, "Plan Width": 25, "Actual Startup Time": 22.421, "Actual Total Time": 4826.755, "Actual Rows": 19600, "Actual Loops": 1, "Inner Unique": false, "Plans": [{"Node Type": "Nested Loop", "Parent Relationship": "Outer", "Join Type": "Inner", "Startup Cost": 2785.45, "Total Cost": 136908.44, "Plan Rows": 5775, "Plan Width": 25, "Actual Startup Time": 22.315, "Actual Total Time": 868.637, "Actual Rows": 48328, "Actual Loops": 1, "Inner Unique": true, "Plans": [{"Node Type": "Nested Loop", "Parent Relationship": "Outer", "Join Type": "Inner", "Startup Cost": 2784.18, "Total Cost": 106322.09, "Plan Rows": 5775, "Plan Width": 4, "Actual Startup Time": 22.292, "Actual Total Time": 433.124, "Actual Rows": 48328, "Actual Loops": 1, "Inner Unique": false, "Plans": [{"Node Type": "Bitmap Heap Scan", "Parent Relationship": "Outer", "Relation Name": "company_name", "Alias": "cn", "Startup Cost": 2780.8, "Total Cost": 8684.25, "Plan Rows": 6290, "Plan Width": 4, "Actual Startup Time": 22.218, "Actual Total Time": 142.788, "Actual Rows": 6752, "Actual Loops": 1, "Filter": "((country_code)::text = '[jp]'::text)", "Rows Removed by Filter": 228244, "Exact Heap Blocks": 2966, "Lossy Heap Blocks": 2966, "Plans": [{"Node Type": "Bitmap Index Scan", "Parent Relationship": "Outer", "Index Name": "company_name_pkey", "Startup Cost": 0.0, "Total Cost": 2779.23, "Plan Rows": 234996, "Plan Width": 0, "Actual Startup Time": 21.753, "Actual Total Time": 21.753, "Actual Rows": 234996, "Actual Loops": 1}]}, {"Node Type": "Bitmap Heap Scan", "Parent Relationship": "Inner", "Relation Name": "movie_companies", "Alias": "mc", "Startup Cost": 3.37, "Total Cost": 15.51, "Plan Rows": 1, "Plan Width": 8, "Actual Startup Time": 94.862, "Actual Total Time": 267.612, "Actual Rows": 48328, "Actual Loops": 6752, "Recheck Cond": "(company_id = cn.id)", "Rows Removed by Index Recheck": 0, "Filter": "(((note)::text ~~ '%(Japan)%'::text) AND ((note)::text !~~ '%(USA)%'::text))", "Rows Removed by Filter": 56667, "Exact Heap Blocks": 61861, "Lossy Heap Blocks": 61861, "Plans": [{"Node Type": "Bitmap Index Scan", "Parent Relationship": "Outer", "Index Name": "company_id_movie_companies", "Startup Cost": 0.0, "Total Cost": 3.37, "Plan Rows": 15, "Plan Width": 0, "Actual Startup Time": 50.157, "Actual Total Time": 50.157, "Actual Rows": 104995, "Actual Loops": 6752, "Index Cond": "(company_id = cn.id)"}]}]}, {"Node Type": "Bitmap Heap Scan", "Parent Relationship": "Inner", "Relation Name": "title", "Alias": "t", "Startup Cost": 1.27, "Total Cost": 5.29, "Plan Rows": 1, "Plan Width": 21, "Actual Startup Time": 356.179, "Actual Total Time": 356.179, "Actual Rows": 48328, "Actual Loops": 48328, "Recheck Cond": "(id = mc.movie_id)", "Rows Removed by Index Recheck": 0, "Exact Heap Blocks": 48328, "Lossy Heap Blocks": 48328, "Plans": [{"Node Type": "Bitmap Index Scan", "Parent Relationship": "Outer", "Index Name": "title_pkey", "Startup Cost": 0.0, "Total Cost": 1.27, "Plan Rows": 1, "Plan Width": 0, "Actual Startup Time": 201.638, "Actual Total Time": 201.638, "Actual Rows": 48328, "Actual Loops": 48328, "Index Cond": "(id = mc.movie_id)"}]}]}, {"Node Type": "Bitmap Heap Scan", "Parent Relationship": "Inner", "Relation Name": "cast_info", "Alias": "ci", "Startup Cost": 0.52, "Total Cost": 4.61, "Plan Rows": 1, "Plan Width": 12, "Actual Startup Time": 3729.268, "Actual Total Time": 3885.645, "Actual Rows": 19600, "Actual Loops": 48328, "Recheck Cond": "(movie_id = t.id)", "Rows Removed by Index Recheck": 0, "Filter": "((note)::text = '(voice: English version)'::text)", "Rows Removed by Filter": 1531710, "Exact Heap Blocks": 1503105, "Lossy Heap Blocks": 1503105, "Plans": [{"Node Type": "Bitmap Index Scan", "Parent Relationship": "Outer", "Index Name": "movie_id_cast_info", "Startup Cost": 0.0, "Total Cost": 0.52, "Plan Rows": 6, "Plan Width": 0, "Actual Startup Time": 523.683, "Actual Total Time": 523.683, "Actual Rows": 1551310, "Actual Loops": 48328, "Index Cond": "(movie_id = t.id)"}]}]}]}]}, {"Node Type": "Bitmap Heap Scan", "Parent Relationship": "Inner", "Relation Name": "aka_name", "Alias": "an1", "Startup Cost": 0.38, "Total Cost": 4.39, "Plan Rows": 1, "Plan Width": 20, "Actual Startup Time": 37.114, "Actual Total Time": 41.63, "Actual Rows": 17379, "Actual Loops": 7438, "Recheck Cond": "(person_id = ci.person_id)", "Rows Removed by Index Recheck": 0, "Exact Heap Blocks": 6514, "Lossy Heap Blocks": 6514, "Plans": [{"Node Type": "Bitmap Index Scan", "Parent Relationship": "Outer", "Index Name": "person_id_aka_name", "Startup Cost": 0.0, "Total Cost": 0.38, "Plan Rows": 1, "Plan Width": 0, "Actual Startup Time": 24.527, "Actual Total Time": 24.527, "Actual Rows": 17379, "Actual Loops": 7438, "Index Cond": "(person_id = ci.person_id)"}]}]}, {"Node Type": "Bitmap Heap Scan", "Parent Relationship": "Inner", "Relation Name": "name", "Alias": "n1", "Startup Cost": 0.33, "Total Cost": 4.34, "Plan Rows": 1, "Plan Width": 4, "Actual Startup Time": 75.605, "Actual Total Time": 75.605, "Actual Rows": 62, "Actual Loops": 17379, "Recheck Cond": "(id = an1.person_id)", "Rows Removed by Index Recheck": 0, "Filter": "(((name)::text ~~ '%Yo%'::text) AND ((name)::text !~~ '%Yu%'::text))", "Rows Removed by Filter": 17317, "Exact Heap Blocks": 17379, "Lossy Heap Blocks": 17379, "Plans": [{"Node Type": "Bitmap Index Scan", "Parent Relationship": "Outer", "Index Name": "name_pkey", "Startup Cost": 0.0, "Total Cost": 0.33, "Plan Rows": 1, "Plan Width": 0, "Actual Startup Time": 43.583, "Actual Total Time": 43.583, "Actual Rows": 17379, "Actual Loops": 17379, "Index Cond": "(id = an1.person_id)"}]}]}]}, "Triggers": [], "Planner Runtime": 25, "Total Runtime": 4991.702, "Unique SQL Id": 3544391839}}, "(64, 88)": {"explain_plan": {"Plan": {"Node Type": "Aggregate", "Strategy": "Plain", "Startup Cost": 93815.79, "Total Cost": 93815.8, "Plan Rows": 1, "Plan Width": 97, "Plans": [{"Node Type": "Nested Loop", "Parent Relationship": "Outer", "Join Type": "Inner", "Startup Cost": 92951.0, "Total Cost": 93815.31, "Plan Rows": 96, "Plan Width": 33, "Inner Unique": true, "Plans": [{"Node Type": "Nested Loop", "Parent Relationship": "Outer", "Join Type": "Inner", "Startup Cost": 92951.0, "Total Cost": 93439.77, "Plan Rows": 645, "Plan Width": 41, "Inner Unique": false, "Plans": [{"Node Type": "Merge Join", "Parent Relationship": "Outer", "Join Type": "Inner", "Startup Cost": 92951.0, "Total Cost": 92985.56, "Plan Rows": 532, "Plan Width": 21, "Inner Unique": false, "Merge Cond": "(rt.id = ci.role_id)", "Plans": [{"Node Type": "Sort", "Parent Relationship": "Outer", "Startup Cost": 1.16, "Total Cost": 1.16, "Plan Rows": 1, "Plan Width": 4, "Sort Key": ["rt.id"], "Plans": [{"Node Type": "Seq Scan", "Parent Relationship": "Outer", "Relation Name": "role_type", "Alias": "rt", "Startup Cost": 0.0, "Total Cost": 1.15, "Plan Rows": 1, "Plan Width": 4, "Filter": "((role)::text = 'actress'::text)"}]}, {"Node Type": "Sort", "Parent Relationship": "Inner", "Startup Cost": 92949.84, "Total Cost": 92964.46, "Plan Rows": 5847, "Plan Width": 25, "Sort Key": ["ci.role_id"], "Plans": [{"Node Type": "Nested Loop", "Parent Relationship": "Outer", "Join Type": "Inner", "Startup Cost": 63927.73, "Total Cost": 92584.01, "Plan Rows": 5847, "Plan Width": 25, "Inner Unique": false, "Plans": [{"Node Type": "Nested Loop", "Parent Relationship": "Outer", "Join Type": "Inner", "Startup Cost": 63927.73, "Total Cost": 86841.41, "Plan Rows": 5775, "Plan Width": 25, "Inner Unique": true, "Plans": [{"Node Type": "Merge Join", "Parent Relationship": "Outer", "Join Type": "Inner", "Startup Cost": 63927.73, "Total Cost": 64194.32, "Plan Rows": 5775, "Plan Width": 4, "Inner Unique": false, "Merge Cond": "(cn.id = mc.company_id)", "Plans": [{"Node Type": "Sort", "Parent Relationship": "Outer", "Startup Cost": 6300.31, "Total Cost": 6316.04, "Plan Rows": 6290, "Plan Width": 4, "Sort Key": ["cn.id"], "Plans": [{"Node Type": "Seq Scan", "Parent Relationship": "Outer", "Relation Name": "company_name", "Alias": "cn", "Startup Cost": 0.0, "Total Cost": 5903.45, "Plan Rows": 6290, "Plan Width": 4, "Filter": "((country_code)::text = '[jp]'::text)"}]}, {"Node Type": "Sort", "Parent Relationship": "Inner", "Startup Cost": 57622.68, "Total Cost": 57713.74, "Plan Rows": 36426, "Plan Width": 8, "Sort Key": ["mc.company_id"], "Plans": [{"Node Type": "Seq Scan", "Parent Relationship": "Outer", "Relation Name": "movie_companies", "Alias": "mc", "Startup Cost": 0.0, "Total Cost": 54862.92, "Plan Rows": 36426, "Plan Width": 8, "Filter": "(((note)::text ~~ '%(Japan)%'::text) AND ((note)::text !~~ '%(USA)%'::text))"}]}]}, {"Node Type": "Index Scan", "Parent Relationship": "Inner", "Scan Direction": "Forward", "Index Name": "title_pkey", "Relation Name": "title", "Alias": "t", "Startup Cost": 0.0, "Total Cost": 3.91, "Plan Rows": 1, "Plan Width": 21, "Index Cond": "(id = mc.movie_id)"}]}, {"Node Type": "Index Scan", "Parent Relationship": "Inner", "Scan Direction": "Forward", "Index Name": "movie_id_cast_info", "Relation Name": "cast_info", "Alias": "ci", "Startup Cost": 0.0, "Total Cost": 0.98, "Plan Rows": 1, "Plan Width": 12, "Index Cond": "(movie_id = t.id)", "Filter": "((note)::text = '(voice: English version)'::text)"}]}]}]}, {"Node Type": "Index Scan", "Parent Relationship": "Inner", "Scan Direction": "Forward", "Index Name": "person_id_aka_name", "Relation Name": "aka_name", "Alias": "an1", "Startup Cost": 0.0, "Total Cost": 0.84, "Plan Rows": 1, "Plan Width": 20, "Index Cond": "(person_id = ci.person_id)"}]}, {"Node Type": "Index Scan", "Parent Relationship": "Inner", "Scan Direction": "Forward", "Index Name": "name_pkey", "Relation Name": "name", "Alias": "n1", "Startup Cost": 0.0, "Total Cost": 0.57, "Plan Rows": 1, "Plan Width": 4, "Index Cond": "(id = an1.person_id)", "Filter": "(((name)::text ~~ '%Yo%'::text) AND ((name)::text !~~ '%Yu%'::text))"}]}]}, "Unique SQL Id": 3544391839, "Planner Runtime": 27}, "explain_analyze_plan": {"Plan": {"Node Type": "Aggregate", "Strategy": "Plain", "Startup Cost": 93815.79, "Total Cost": 93815.8, "Plan Rows": 1, "Plan Width": 97, "Actual Startup Time": 4621.29, "Actual Total Time": 4621.291, "Actual Rows": 1, "Actual Loops": 1, "Plans": [{"Node Type": "Nested Loop", "Parent Relationship": "Outer", "Join Type": "Inner", "Startup Cost": 92951.0, "Total Cost": 93815.31, "Plan Rows": 96, "Plan Width": 33, "Actual Startup Time": 4513.072, "Actual Total Time": 4621.158, "Actual Rows": 62, "Actual Loops": 1, "Inner Unique": true, "Plans": [{"Node Type": "Nested Loop", "Parent Relationship": "Outer", "Join Type": "Inner", "Startup Cost": 92951.0, "Total Cost": 93439.77, "Plan Rows": 645, "Plan Width": 41, "Actual Startup Time": 4509.772, "Actual Total Time": 4552.592, "Actual Rows": 17379, "Actual Loops": 1, "Inner Unique": false, "Plans": [{"Node Type": "Merge Join", "Parent Relationship": "Outer", "Join Type": "Inner", "Startup Cost": 92951.0, "Total Cost": 92985.56, "Plan Rows": 532, "Plan Width": 21, "Actual Startup Time": 4509.723, "Actual Total Time": 4513.159, "Actual Rows": 7438, "Actual Loops": 1, "Inner Unique": false, "Merge Cond": "(rt.id = ci.role_id)", "Plans": [{"Node Type": "Sort", "Parent Relationship": "Outer", "Startup Cost": 1.16, "Total Cost": 1.16, "Plan Rows": 1, "Plan Width": 4, "Actual Startup Time": 0.052, "Actual Total Time": 0.053, "Actual Rows": 1, "Actual Loops": 1, "Sort Key": ["rt.id"], "Sort Method": "quicksort", "Sort Space Used": 25, "Sort Space Type": "Memory", "Plans": [{"Node Type": "Seq Scan", "Parent Relationship": "Outer", "Relation Name": "role_type", "Alias": "rt", "Startup Cost": 0.0, "Total Cost": 1.15, "Plan Rows": 1, "Plan Width": 4, "Actual Startup Time": 0.028, "Actual Total Time": 0.032, "Actual Rows": 1, "Actual Loops": 1, "Filter": "((role)::text = 'actress'::text)", "Rows Removed by Filter": 11}]}, {"Node Type": "Sort", "Parent Relationship": "Inner", "Startup Cost": 92949.84, "Total Cost": 92964.46, "Plan Rows": 5847, "Plan Width": 25, "Actual Startup Time": 4506.405, "Actual Total Time": 4509.05, "Actual Rows": 19600, "Actual Loops": 1, "Sort Key": ["ci.role_id"], "Sort Method": "quicksort", "Sort Space Used": 2817, "Sort Space Type": "Memory", "Plans": [{"Node Type": "Nested Loop", "Parent Relationship": "Outer", "Join Type": "Inner", "Startup Cost": 63927.73, "Total Cost": 92584.01, "Plan Rows": 5847, "Plan Width": 25, "Actual Startup Time": 1041.032, "Actual Total Time": 4498.776, "Actual Rows": 19600, "Actual Loops": 1, "Inner Unique": false, "Plans": [{"Node Type": "Nested Loop", "Parent Relationship": "Outer", "Join Type": "Inner", "Startup Cost": 63927.73, "Total Cost": 86841.41, "Plan Rows": 5775, "Plan Width": 25, "Actual Startup Time": 1040.632, "Actual Total Time": 1391.07, "Actual Rows": 48328, "Actual Loops": 1, "Inner Unique": true, "Plans": [{"Node Type": "Merge Join", "Parent Relationship": "Outer", "Join Type": "Inner", "Startup Cost": 63927.73, "Total Cost": 64194.32, "Plan Rows": 5775, "Plan Width": 4, "Actual Startup Time": 1040.576, "Actual Total Time": 1068.063, "Actual Rows": 48328, "Actual Loops": 1, "Inner Unique": false, "Merge Cond": "(cn.id = mc.company_id)", "Plans": [{"Node Type": "Sort", "Parent Relationship": "Outer", "Startup Cost": 6300.31, "Total Cost": 6316.04, "Plan Rows": 6290, "Plan Width": 4, "Actual Startup Time": 84.379, "Actual Total Time": 84.964, "Actual Rows": 2418, "Actual Loops": 1, "Sort Key": ["cn.id"], "Sort Method": "quicksort", "Sort Space Used": 615, "Sort Space Type": "Memory", "Plans": [{"Node Type": "Seq Scan", "Parent Relationship": "Outer", "Relation Name": "company_name", "Alias": "cn", "Startup Cost": 0.0, "Total Cost": 5903.45, "Plan Rows": 6290, "Plan Width": 4, "Actual Startup Time": 0.028, "Actual Total Time": 81.939, "Actual Rows": 6752, "Actual Loops": 1, "Filter": "((country_code)::text = '[jp]'::text)", "Rows Removed by Filter": 228244}]}, {"Node Type": "Sort", "Parent Relationship": "Inner", "Startup Cost": 57622.68, "Total Cost": 57713.74, "Plan Rows": 36426, "Plan Width": 8, "Actual Startup Time": 956.177, "Actual Total Time": 967.252, "Actual Rows": 48897, "Actual Loops": 1, "Sort Key": ["mc.company_id"], "Sort Method": "quicksort", "Sort Space Used": 4593, "Sort Space Type": "Memory", "Plans": [{"Node Type": "Seq Scan", "Parent Relationship": "Outer", "Relation Name": "movie_companies", "Alias": "mc", "Startup Cost": 0.0, "Total Cost": 54862.92, "Plan Rows": 36426, "Plan Width": 8, "Actual Startup Time": 0.265, "Actual Total Time": 940.301, "Actual Rows": 48897, "Actual Loops": 1, "Filter": "(((note)::text ~~ '%(Japan)%'::text) AND ((note)::text !~~ '%(USA)%'::text))", "Rows Removed by Filter": 2560231}]}]}, {"Node Type": "Index Scan", "Parent Relationship": "Inner", "Scan Direction": "Forward", "Index Name": "title_pkey", "Relation Name": "title", "Alias": "t", "Startup Cost": 0.0, "Total Cost": 3.91, "Plan Rows": 1, "Plan Width": 21, "Actual Startup Time": 281.572, "Actual Total Time": 281.572, "Actual Rows": 48328, "Actual Loops": 48328, "Index Cond": "(id = mc.movie_id)", "Rows Removed by Index Recheck": 0}]}, {"Node Type": "Index Scan", "Parent Relationship": "Inner", "Scan Direction": "Forward", "Index Name": "movie_id_cast_info", "Relation Name": "cast_info", "Alias": "ci", "Startup Cost": 0.0, "Total Cost": 0.98, "Plan Rows": 1, "Plan Width": 12, "Actual Startup Time": 2939.675, "Actual Total Time": 3076.552, "Actual Rows": 19600, "Actual Loops": 48328, "Index Cond": "(movie_id = t.id)", "Rows Removed by Index Recheck": 0, "Filter": "((note)::text = '(voice: English version)'::text)", "Rows Removed by Filter": 1531710}]}]}]}, {"Node Type": "Index Scan", "Parent Relationship": "Inner", "Scan Direction": "Forward", "Index Name": "person_id_aka_name", "Relation Name": "aka_name", "Alias": "an1", "Startup Cost": 0.0, "Total Cost": 0.84, "Plan Rows": 1, "Plan Width": 20, "Actual Startup Time": 24.502, "Actual Total Time": 31.599, "Actual Rows": 17379, "Actual Loops": 7438, "Index Cond": "(person_id = ci.person_id)", "Rows Removed by Index Recheck": 0}]}, {"Node Type": "Index Scan", "Parent Relationship": "Inner", "Scan Direction": "Forward", "Index Name": "name_pkey", "Relation Name": "name", "Alias": "n1", "Startup Cost": 0.0, "Total Cost": 0.57, "Plan Rows": 1, "Plan Width": 4, "Actual Startup Time": 60.164, "Actual Total Time": 60.164, "Actual Rows": 62, "Actual Loops": 17379, "Index Cond": "(id = an1.person_id)", "Rows Removed by Index Recheck": 0, "Filter": "(((name)::text ~~ '%Yo%'::text) AND ((name)::text !~~ '%Yu%'::text))", "Rows Removed by Filter": 17317}]}]}, "Triggers": [], "Planner Runtime": 28, "Total Runtime": 4621.689, "Unique SQL Id": 3544391839}}, "(64, 89)": {"explain_plan": {"Plan": {"Node Type": "Aggregate", "Strategy": "Plain", "Startup Cost": 111152.55, "Total Cost": 111152.56, "Plan Rows": 1, "Plan Width": 97, "Plans": [{"Node Type": "Nested Loop", "Parent Relationship": "Outer", "Join Type": "Inner", "Startup Cost": 110275.3, "Total Cost": 111152.07, "Plan Rows": 96, "Plan Width": 33, "Inner Unique": true, "Plans": [{"Node Type": "Nested Loop", "Parent Relationship": "Outer", "Join Type": "Inner", "Startup Cost": 110275.3, "Total Cost": 110776.53, "Plan Rows": 645, "Plan Width": 41, "Inner Unique": false, "Plans": [{"Node Type": "Merge Join", "Parent Relationship": "Outer", "Join Type": "Inner", "Startup Cost": 110275.3, "Total Cost": 110322.31, "Plan Rows": 532, "Plan Width": 21, "Inner Unique": false, "Merge Cond": "(rt.id = ci.role_id)", "Plans": [{"Node Type": "Index Scan", "Parent Relationship": "Outer", "Scan Direction": "Forward", "Index Name": "role_type_pkey", "Relation Name": "role_type", "Alias": "rt", "Startup Cost": 0.0, "Total Cost": 12.46, "Plan Rows": 1, "Plan Width": 4, "Filter": "((role)::text = 'actress'::text)"}, {"Node Type": "Sort", "Parent Relationship": "Inner", "Startup Cost": 110275.3, "Total Cost": 110289.91, "Plan Rows": 5847, "Plan Width": 25, "Sort Key": ["ci.role_id"], "Plans": [{"Node Type": "Nested Loop", "Parent Relationship": "Outer", "Join Type": "Inner", "Startup Cost": 0.0, "Total Cost": 109909.47, "Plan Rows": 5847, "Plan Width": 25, "Inner Unique": false, "Plans": [{"Node Type": "Nested Loop", "Parent Relationship": "Outer", "Join Type": "Inner", "Startup Cost": 0.0, "Total Cost": 104166.87, "Plan Rows": 5775, "Plan Width": 25, "Inner Unique": true, "Plans": [{"Node Type": "Nested Loop", "Parent Relationship": "Outer", "Join Type": "Inner", "Startup Cost": 0.0, "Total Cost": 81519.78, "Plan Rows": 5775, "Plan Width": 4, "Inner Unique": false, "Plans": [{"Node Type": "Index Scan", "Parent Relationship": "Outer", "Scan Direction": "Forward", "Index Name": "company_name_pkey", "Relation Name": "company_name", "Alias": "cn", "Startup Cost": 0.0, "Total Cost": 10501.39, "Plan Rows": 6290, "Plan Width": 4, "Filter": "((country_code)::text = '[jp]'::text)"}, {"Node Type": "Index Scan", "Parent Relationship": "Inner", "Scan Direction": "Forward", "Index Name": "company_id_movie_companies", "Relation Name": "movie_companies", "Alias": "mc", "Startup Cost": 0.0, "Total Cost": 11.28, "Plan Rows": 1, "Plan Width": 8, "Index Cond": "(company_id = cn.id)", "Filter": "(((note)::text ~~ '%(Japan)%'::text) AND ((note)::text !~~ '%(USA)%'::text))"}]}, {"Node Type": "Index Scan", "Parent Relationship": "Inner", "Scan Direction": "Forward", "Index Name": "title_pkey", "Relation Name": "title", "Alias": "t", "Startup Cost": 0.0, "Total Cost": 3.91, "Plan Rows": 1, "Plan Width": 21, "Index Cond": "(id = mc.movie_id)"}]}, {"Node Type": "Index Scan", "Parent Relationship": "Inner", "Scan Direction": "Forward", "Index Name": "movie_id_cast_info", "Relation Name": "cast_info", "Alias": "ci", "Startup Cost": 0.0, "Total Cost": 0.98, "Plan Rows": 1, "Plan Width": 12, "Index Cond": "(movie_id = t.id)", "Filter": "((note)::text = '(voice: English version)'::text)"}]}]}]}, {"Node Type": "Index Scan", "Parent Relationship": "Inner", "Scan Direction": "Forward", "Index Name": "person_id_aka_name", "Relation Name": "aka_name", "Alias": "an1", "Startup Cost": 0.0, "Total Cost": 0.84, "Plan Rows": 1, "Plan Width": 20, "Index Cond": "(person_id = ci.person_id)"}]}, {"Node Type": "Index Scan", "Parent Relationship": "Inner", "Scan Direction": "Forward", "Index Name": "name_pkey", "Relation Name": "name", "Alias": "n1", "Startup Cost": 0.0, "Total Cost": 0.57, "Plan Rows": 1, "Plan Width": 4, "Index Cond": "(id = an1.person_id)", "Filter": "(((name)::text ~~ '%Yo%'::text) AND ((name)::text !~~ '%Yu%'::text))"}]}]}, "Unique SQL Id": 3544391839, "Planner Runtime": 28}, "explain_analyze_plan": {"Plan": {"Node Type": "Aggregate", "Strategy": "Plain", "Startup Cost": 111152.55, "Total Cost": 111152.56, "Plan Rows": 1, "Plan Width": 97, "Actual Startup Time": 4234.536, "Actual Total Time": 4234.536, "Actual Rows": 1, "Actual Loops": 1, "Plans": [{"Node Type": "Nested Loop", "Parent Relationship": "Outer", "Join Type": "Inner", "Startup Cost": 110275.3, "Total Cost": 111152.07, "Plan Rows": 96, "Plan Width": 33, "Actual Startup Time": 4124.174, "Actual Total Time": 4234.434, "Actual Rows": 62, "Actual Loops": 1, "Inner Unique": true, "Plans": [{"Node Type": "Nested Loop", "Parent Relationship": "Outer", "Join Type": "Inner", "Startup Cost": 110275.3, "Total Cost": 110776.53, "Plan Rows": 645, "Plan Width": 41, "Actual Startup Time": 4123.034, "Actual Total Time": 4166.193, "Actual Rows": 17379, "Actual Loops": 1, "Inner Unique": false, "Plans": [{"Node Type": "Merge Join", "Parent Relationship": "Outer", "Join Type": "Inner", "Startup Cost": 110275.3, "Total Cost": 110322.31, "Plan Rows": 532, "Plan Width": 21, "Actual Startup Time": 4123.002, "Actual Total Time": 4126.727, "Actual Rows": 7438, "Actual Loops": 1, "Inner Unique": false, "Merge Cond": "(rt.id = ci.role_id)", "Plans": [{"Node Type": "Index Scan", "Parent Relationship": "Outer", "Scan Direction": "Forward", "Index Name": "role_type_pkey", "Relation Name": "role_type", "Alias": "rt", "Startup Cost": 0.0, "Total Cost": 12.46, "Plan Rows": 1, "Plan Width": 4, "Actual Startup Time": 0.026, "Actual Total Time": 0.037, "Actual Rows": 1, "Actual Loops": 1, "Filter": "((role)::text = 'actress'::text)", "Rows Removed by Filter": 11}, {"Node Type": "Sort", "Parent Relationship": "Inner", "Startup Cost": 110275.3, "Total Cost": 110289.91, "Plan Rows": 5847, "Plan Width": 25, "Actual Startup Time": 4118.676, "Actual Total Time": 4122.25, "Actual Rows": 19600, "Actual Loops": 1, "Sort Key": ["ci.role_id"], "Sort Method": "quicksort", "Sort Space Used": 2817, "Sort Space Type": "Memory", "Plans": [{"Node Type": "Nested Loop", "Parent Relationship": "Outer", "Join Type": "Inner", "Startup Cost": 0.0, "Total Cost": 109909.47, "Plan Rows": 5847, "Plan Width": 25, "Actual Startup Time": 0.36, "Actual Total Time": 4110.791, "Actual Rows": 19600, "Actual Loops": 1, "Inner Unique": false, "Plans": [{"Node Type": "Nested Loop", "Parent Relationship": "Outer", "Join Type": "Inner", "Startup Cost": 0.0, "Total Cost": 104166.87, "Plan Rows": 5775, "Plan Width": 25, "Actual Startup Time": 0.283, "Actual Total Time": 879.057, "Actual Rows": 48328, "Actual Loops": 1, "Inner Unique": true, "Plans": [{"Node Type": "Nested Loop", "Parent Relationship": "Outer", "Join Type": "Inner", "Startup Cost": 0.0, "Total Cost": 81519.78, "Plan Rows": 5775, "Plan Width": 4, "Actual Startup Time": 0.27, "Actual Total Time": 543.698, "Actual Rows": 48328, "Actual Loops": 1, "Inner Unique": false, "Plans": [{"Node Type": "Index Scan", "Parent Relationship": "Outer", "Scan Direction": "Forward", "Index Name": "company_name_pkey", "Relation Name": "company_name", "Alias": "cn", "Startup Cost": 0.0, "Total Cost": 10501.39, "Plan Rows": 6290, "Plan Width": 4, "Actual Startup Time": 0.233, "Actual Total Time": 305.401, "Actual Rows": 6752, "Actual Loops": 1, "Filter": "((country_code)::text = '[jp]'::text)", "Rows Removed by Filter": 228244}, {"Node Type": "Index Scan", "Parent Relationship": "Inner", "Scan Direction": "Forward", "Index Name": "company_id_movie_companies", "Relation Name": "movie_companies", "Alias": "mc", "Startup Cost": 0.0, "Total Cost": 11.28, "Plan Rows": 1, "Plan Width": 8, "Actual Startup Time": 56.337, "Actual Total Time": 221.703, "Actual Rows": 48328, "Actual Loops": 6752, "Index Cond": "(company_id = cn.id)", "Rows Removed by Index Recheck": 0, "Filter": "(((note)::text ~~ '%(Japan)%'::text) AND ((note)::text !~~ '%(USA)%'::text))", "Rows Removed by Filter": 56667}]}, {"Node Type": "Index Scan", "Parent Relationship": "Inner", "Scan Direction": "Forward", "Index Name": "title_pkey", "Relation Name": "title", "Alias": "t", "Startup Cost": 0.0, "Total Cost": 3.91, "Plan Rows": 1, "Plan Width": 21, "Actual Startup Time": 290.378, "Actual Total Time": 290.378, "Actual Rows": 48328, "Actual Loops": 48328, "Index Cond": "(id = mc.movie_id)", "Rows Removed by Index Recheck": 0}]}, {"Node Type": "Index Scan", "Parent Relationship": "Inner", "Scan Direction": "Forward", "Index Name": "movie_id_cast_info", "Relation Name": "cast_info", "Alias": "ci", "Startup Cost": 0.0, "Total Cost": 0.98, "Plan Rows": 1, "Plan Width": 12, "Actual Startup Time": 3058.307, "Actual Total Time": 3198.964, "Actual Rows": 19600, "Actual Loops": 48328, "Index Cond": "(movie_id = t.id)", "Rows Removed by Index Recheck": 0, "Filter": "((note)::text = '(voice: English version)'::text)", "Rows Removed by Filter": 1531710}]}]}]}, {"Node Type": "Index Scan", "Parent Relationship": "Inner", "Scan Direction": "Forward", "Index Name": "person_id_aka_name", "Relation Name": "aka_name", "Alias": "an1", "Startup Cost": 0.0, "Total Cost": 0.84, "Plan Rows": 1, "Plan Width": 20, "Actual Startup Time": 24.55, "Actual Total Time": 31.679, "Actual Rows": 17379, "Actual Loops": 7438, "Index Cond": "(person_id = ci.person_id)", "Rows Removed by Index Recheck": 0}]}, {"Node Type": "Index Scan", "Parent Relationship": "Inner", "Scan Direction": "Forward", "Index Name": "name_pkey", "Relation Name": "name", "Alias": "n1", "Startup Cost": 0.0, "Total Cost": 0.57, "Plan Rows": 1, "Plan Width": 4, "Actual Startup Time": 60.053, "Actual Total Time": 60.053, "Actual Rows": 62, "Actual Loops": 17379, "Index Cond": "(id = an1.person_id)", "Rows Removed by Index Recheck": 0, "Filter": "(((name)::text ~~ '%Yo%'::text) AND ((name)::text !~~ '%Yu%'::text))", "Rows Removed by Filter": 17317}]}]}, "Triggers": [], "Planner Runtime": 28, "Total Runtime": 4234.904, "Unique SQL Id": 3544391839}}, "(64, 90)": {"explain_plan": {"Plan": {"Node Type": "Aggregate", "Strategy": "Plain", "Startup Cost": 960869252830.05, "Total Cost": 960869252830.06, "Plan Rows": 1, "Plan Width": 97, "Plans": [{"Node Type": "Merge Join", "Parent Relationship": "Outer", "Join Type": "Inner", "Startup Cost": 110001286186.08, "Total Cost": 960869252826.82, "Plan Rows": 646, "Plan Width": 33, "Inner Unique": false, "Merge Cond": "(an1.person_id = ci.person_id)", "Plans": [{"Node Type": "Merge Join", "Parent Relationship": "Outer", "Join Type": "Inner", "Startup Cost": 10000109059.01, "Total Cost": 1000019820786.27, "Plan Rows": 16627, "Plan Width": 24, "Inner Unique": false, "Merge Cond": "(n1.id = an1.person_id)", "Plans": [{"Node Type": "Index Scan", "Parent Relationship": "Outer", "Scan Direction": "Forward", "Index Name": "name_pkey", "Relation Name": "name", "Alias": "n1", "Startup Cost": 10000000000.0, "Total Cost": 1000019707019.7, "Plan Rows": 13886, "Plan Width": 4, "Filter": "(((name)::text ~~ '%Yo%'::text) AND ((name)::text !~~ '%Yu%'::text))"}, {"Node Type": "Sort", "Parent Relationship": "Inner", "Startup Cost": 109058.87, "Total Cost": 111312.23, "Plan Rows": 901342, "Plan Width": 20, "Sort Key": ["an1.person_id"], "Plans": [{"Node Type": "Seq Scan", "Parent Relationship": "Outer", "Relation Name": "aka_name", "Alias": "an1", "Startup Cost": 0.0, "Total Cost": 19908.42, "Plan Rows": 901342, "Plan Width": 20}]}]}, {"Node Type": "Sort", "Parent Relationship": "Inner", "Startup Cost": 100001177127.06, "Total Cost": 100001177128.39, "Plan Rows": 532, "Plan Width": 21, "Sort Key": ["ci.person_id"], "Plans": [{"Node Type": "Merge Join", "Parent Relationship": "Outer", "Join Type": "Inner", "Startup Cost": 100001164335.42, "Total Cost": 100001177102.98, "Plan Rows": 532, "Plan Width": 21, "Inner Unique": true, "Merge Cond": "(ci.movie_id = t.id)", "Plans": [{"Node Type": "Merge Join", "Parent Relationship": "Outer", "Join Type": "Inner", "Startup Cost": 100000835383.69, "Total Cost": 100000835514.32, "Plan Rows": 532, "Plan Width": 12, "Inner Unique": false, "Merge Cond": "(ci.movie_id = mc.movie_id)", "Plans": [{"Node Type": "Sort", "Parent Relationship": "Outer", "Startup Cost": 100000770828.56, "Total Cost": 100000770850.53, "Plan Rows": 8790, "Plan Width": 8, "Sort Key": ["ci.movie_id"], "Plans": [{"Node Type": "Nested Loop", "Parent Relationship": "Outer", "Join Type": "Inner", "Startup Cost": 10000000000.0, "Total Cost": 100000770252.74, "Plan Rows": 8790, "Plan Width": 8, "Inner Unique": false, "Join Filter": "(ci.role_id = rt.id)", "Plans": [{"Node Type": "Seq Scan", "Parent Relationship": "Outer", "Relation Name": "role_type", "Alias": "rt", "Startup Cost": 0.0, "Total Cost": 1.15, "Plan Rows": 1, "Plan Width": 4, "Filter": "((role)::text = 'actress'::text)"}, {"Node Type": "Materialize", "Parent Relationship": "Inner", "Startup Cost": 0.0, "Total Cost": 76057.2, "Plan Rows": 96692, "Plan Width": 12, "Plans": [{"Node Type": "Streaming(type: LOCAL GATHER dop: 1/64)", "Parent Relationship": "Outer", "Startup Cost": 0.0, "Total Cost": 75815.47, "Plan Rows": 96692, "Plan Width": 12, "Plans": [{"Node Type": "Seq Scan", "Parent Relationship": "Outer", "Relation Name": "cast_info", "Alias": "ci", "Startup Cost": 0.0, "Total Cost": 73820.73, "Plan Rows": 96692, "Plan Width": 12, "Filter": "((note)::text = '(voice: English version)'::text)"}]}]}]}]}, {"Node Type": "Sort", "Parent Relationship": "Inner", "Startup Cost": 64555.13, "Total Cost": 64569.57, "Plan Rows": 5775, "Plan Width": 4, "Sort Key": ["mc.movie_id"], "Plans": [{"Node Type": "Merge Join", "Parent Relationship": "Outer", "Join Type": "Inner", "Startup Cost": 63927.73, "Total Cost": 64194.32, "Plan Rows": 5775, "Plan Width": 4, "Inner Unique": false, "Merge Cond": "(cn.id = mc.company_id)", "Plans": [{"Node Type": "Sort", "Parent Relationship": "Outer", "Startup Cost": 6300.31, "Total Cost": 6316.04, "Plan Rows": 6290, "Plan Width": 4, "Sort Key": ["cn.id"], "Plans": [{"Node Type": "Seq Scan", "Parent Relationship": "Outer", "Relation Name": "company_name", "Alias": "cn", "Startup Cost": 0.0, "Total Cost": 5903.45, "Plan Rows": 6290, "Plan Width": 4, "Filter": "((country_code)::text = '[jp]'::text)"}]}, {"Node Type": "Sort", "Parent Relationship": "Inner", "Startup Cost": 57622.68, "Total Cost": 57713.74, "Plan Rows": 36426, "Plan Width": 8, "Sort Key": ["mc.company_id"], "Plans": [{"Node Type": "Seq Scan", "Parent Relationship": "Outer", "Relation Name": "movie_companies", "Alias": "mc", "Startup Cost": 0.0, "Total Cost": 54862.92, "Plan Rows": 36426, "Plan Width": 8, "Filter": "(((note)::text ~~ '%(Japan)%'::text) AND ((note)::text !~~ '%(USA)%'::text))"}]}]}]}]}, {"Node Type": "Sort", "Parent Relationship": "Inner", "Startup Cost": 328951.73, "Total Cost": 335272.51, "Plan Rows": 2528311, "Plan Width": 21, "Sort Key": ["t.id"], "Plans": [{"Node Type": "Seq Scan", "Parent Relationship": "Outer", "Relation Name": "title", "Alias": "t", "Startup Cost": 0.0, "Total Cost": 60069.11, "Plan Rows": 2528311, "Plan Width": 21}]}]}]}]}]}, "Unique SQL Id": 3544391839, "Planner Runtime": 68}, "explain_analyze_plan": {"Plan": {"Node Type": "Aggregate", "Strategy": "Plain", "Startup Cost": 960869252830.05, "Total Cost": 960869252830.06, "Plan Rows": 1, "Plan Width": 97, "Actual Min Startup Time": 7706.436, "Actual Max Startup Time": 7706.436, "Actual Min Total Time": 7706.437, "Actual Max Total Time": 7706.437, "Plans": [{"Node Type": "Merge Join", "Parent Relationship": "Outer", "Join Type": "Inner", "Startup Cost": 110001286186.08, "Total Cost": 960869252826.82, "Plan Rows": 646, "Plan Width": 33, "Actual Min Startup Time": 7299.657, "Actual Max Startup Time": 7299.657, "Actual Min Total Time": 7706.343, "Actual Max Total Time": 7706.343, "Inner Unique": false, "Merge Cond": "(an1.person_id = ci.person_id)", "Plans": [{"Node Type": "Merge Join", "Parent Relationship": "Outer", "Join Type": "Inner", "Startup Cost": 10000109059.01, "Total Cost": 1000019820786.27, "Plan Rows": 16627, "Plan Width": 24, "Actual Min Startup Time": 650.324, "Actual Max Startup Time": 650.324, "Actual Min Total Time": 3503.363, "Actual Max Total Time": 3503.363, "Inner Unique": false, "Merge Cond": "(n1.id = an1.person_id)", "Plans": [{"Node Type": "Index Scan", "Parent Relationship": "Outer", "Scan Direction": "Forward", "Index Name": "name_pkey", "Relation Name": "name", "Alias": "n1", "Startup Cost": 10000000000.0, "Total Cost": 1000019707019.7, "Plan Rows": 13886, "Plan Width": 4, "Actual Min Startup Time": 0.422, "Actual Max Startup Time": 0.422, "Actual Min Total Time": 2662.94, "Actual Max Total Time": 2662.94, "Filter": "(((name)::text ~~ '%Yo%'::text) AND ((name)::text !~~ '%Yu%'::text))", "Rows Removed by Filter": 2688467, "Actual Rows": 11996}, {"Node Type": "Sort", "Parent Relationship": "Inner", "Startup Cost": 109058.87, "Total Cost": 111312.23, "Plan Rows": 901342, "Plan Width": 20, "Actual Min Startup Time": 648.481, "Actual Max Startup Time": 648.481, "Actual Min Total Time": 745.603, "Actual Max Total Time": 745.603, "Sort Key": ["an1.person_id"], "Sort Method": "quicksort", "Sort Space Min Used": 109040, "Sort Space Max Used": 109040, "Sort Space Type": "Memory", "Plans": [{"Node Type": "Seq Scan", "Parent Relationship": "Outer", "Relation Name": "aka_name", "Alias": "an1", "Startup Cost": 0.0, "Total Cost": 19908.42, "Plan Rows": 901342, "Plan Width": 20, "Actual Min Startup Time": 0.038, "Actual Max Startup Time": 0.038, "Actual Min Total Time": 273.359, "Actual Max Total Time": 273.359, "Actual Rows": 901342}], "Actual Rows": 578753}], "Actual Rows": 2154}, {"Node Type": "Sort", "Parent Relationship": "Inner", "Startup Cost": 100001177127.06, "Total Cost": 100001177128.39, "Plan Rows": 532, "Plan Width": 21, "Actual Min Startup Time": 4198.866, "Actual Max Startup Time": 4198.866, "Actual Min Total Time": 4200.444, "Actual Max Total Time": 4200.444, "Sort Key": ["ci.person_id"], "Sort Method": "quicksort", "Sort Space Min Used": 958, "Sort Space Max Used": 958, "Sort Space Type": "Memory", "Plans": [{"Node Type": "Merge Join", "Parent Relationship": "Outer", "Join Type": "Inner", "Startup Cost": 100001164335.42, "Total Cost": 100001177102.98, "Plan Rows": 532, "Plan Width": 21, "Actual Min Startup Time": 3201.893, "Actual Max Startup Time": 3201.893, "Actual Min Total Time": 4195.634, "Actual Max Total Time": 4195.634, "Inner Unique": true, "Merge Cond": "(ci.movie_id = t.id)", "Plans": [{"Node Type": "Merge Join", "Parent Relationship": "Outer", "Join Type": "Inner", "Startup Cost": 100000835383.69, "Total Cost": 100000835514.32, "Plan Rows": 532, "Plan Width": 12, "Actual Min Startup Time": 1316.727, "Actual Max Startup Time": 1316.727, "Actual Min Total Time": 1347.717, "Actual Max Total Time": 1347.717, "Inner Unique": false, "Merge Cond": "(ci.movie_id = mc.movie_id)", "Plans": [{"Node Type": "Sort", "Parent Relationship": "Outer", "Startup Cost": 100000770828.56, "Total Cost": 100000770850.53, "Plan Rows": 8790, "Plan Width": 8, "Actual Min Startup Time": 244.962, "Actual Max Startup Time": 244.962, "Actual Min Total Time": 251.31, "Actual Max Total Time": 251.31, "Sort Key": ["ci.movie_id"], "Sort Method": "quicksort", "Sort Space Min Used": 3715, "Sort Space Max Used": 3715, "Sort Space Type": "Memory", "Plans": [{"Node Type": "Nested Loop", "Parent Relationship": "Outer", "Join Type": "Inner", "Startup Cost": 10000000000.0, "Total Cost": 100000770252.74, "Plan Rows": 8790, "Plan Width": 8, "Actual Min Startup Time": 208.995, "Actual Max Startup Time": 208.995, "Actual Min Total Time": 233.748, "Actual Max Total Time": 233.748, "Inner Unique": false, "Join Filter": "(ci.role_id = rt.id)", "Rows Removed by Join Filter": 58247, "Plans": [{"Node Type": "Seq Scan", "Parent Relationship": "Outer", "Relation Name": "role_type", "Alias": "rt", "Startup Cost": 0.0, "Total Cost": 1.15, "Plan Rows": 1, "Plan Width": 4, "Actual Min Startup Time": 0.045, "Actual Max Startup Time": 0.045, "Actual Min Total Time": 0.05, "Actual Max Total Time": 0.05, "Filter": "((role)::text = 'actress'::text)", "Rows Removed by Filter": 11, "Actual Rows": 1}, {"Node Type": "Materialize", "Parent Relationship": "Inner", "Startup Cost": 0.0, "Total Cost": 76057.2, "Plan Rows": 96692, "Plan Width": 12, "Actual Min Startup Time": 199.485, "Actual Max Startup Time": 199.485, "Actual Min Total Time": 210.127, "Actual Max Total Time": 210.127, "Plans": [{"Node Type": "Streaming(type: LOCAL GATHER dop: 1/64)", "Parent Relationship": "Outer", "Startup Cost": 0.0, "Total Cost": 75815.47, "Plan Rows": 96692, "Plan Width": 12, "Actual Min Startup Time": 0.226, "Actual Max Startup Time": 0.226, "Actual Min Total Time": 183.515, "Actual Max Total Time": 183.515, "Plans": [{"Node Type": "Seq Scan", "Parent Relationship": "Outer", "Relation Name": "cast_info", "Alias": "ci", "Startup Cost": 0.0, "Total Cost": 73820.73, "Plan Rows": 96692, "Plan Width": 12, "Actual Min Startup Time": 0.031, "Actual Max Startup Time": 2.977, "Actual Min Total Time": 153.673, "Actual Max Total Time": 178.133, "Filter": "((note)::text = '(voice: English version)'::text)", "Rows Removed by Filter": 36151248, "Actual Rows": 93095}], "Actual Rows": 93095}], "Actual Rows": 93096}], "Actual Rows": 34848}], "Actual Rows": 34848}, {"Node Type": "Sort", "Parent Relationship": "Inner", "Startup Cost": 64555.13, "Total Cost": 64569.57, "Plan Rows": 5775, "Plan Width": 4, "Actual Min Startup Time": 1071.757, "Actual Max Startup Time": 1071.757, "Actual Min Total Time": 1083.61, "Actual Max Total Time": 1083.61, "Sort Key": ["mc.movie_id"], "Sort Method": "quicksort", "Sort Space Min Used": 4557, "Sort Space Max Used": 4557, "Sort Space Type": "Memory", "Plans": [{"Node Type": "Merge Join", "Parent Relationship": "Outer", "Join Type": "Inner", "Startup Cost": 63927.73, "Total Cost": 64194.32, "Plan Rows": 5775, "Plan Width": 4, "Actual Min Startup Time": 1036.2, "Actual Max Startup Time": 1036.2, "Actual Min Total Time": 1054.675, "Actual Max Total Time": 1054.675, "Inner Unique": false, "Merge Cond": "(cn.id = mc.company_id)", "Plans": [{"Node Type": "Sort", "Parent Relationship": "Outer", "Startup Cost": 6300.31, "Total Cost": 6316.04, "Plan Rows": 6290, "Plan Width": 4, "Actual Min Startup Time": 84.52, "Actual Max Startup Time": 84.52, "Actual Min Total Time": 84.83, "Actual Max Total Time": 84.83, "Sort Key": ["cn.id"], "Sort Method": "quicksort", "Sort Space Min Used": 615, "Sort Space Max Used": 615, "Sort Space Type": "Memory", "Plans": [{"Node Type": "Seq Scan", "Parent Relationship": "Outer", "Relation Name": "company_name", "Alias": "cn", "Startup Cost": 0.0, "Total Cost": 5903.45, "Plan Rows": 6290, "Plan Width": 4, "Actual Min Startup Time": 0.04, "Actual Max Startup Time": 0.04, "Actual Min Total Time": 82.059, "Actual Max Total Time": 82.059, "Filter": "((country_code)::text = '[jp]'::text)", "Rows Removed by Filter": 228244, "Actual Rows": 6752}], "Actual Rows": 2418}, {"Node Type": "Sort", "Parent Relationship": "Inner", "Startup Cost": 57622.68, "Total Cost": 57713.74, "Plan Rows": 36426, "Plan Width": 8, "Actual Min Startup Time": 951.662, "Actual Max Startup Time": 951.662, "Actual Min Total Time": 957.557, "Actual Max Total Time": 957.557, "Sort Key": ["mc.company_id"], "Sort Method": "quicksort", "Sort Space Min Used": 4593, "Sort Space Max Used": 4593, "Sort Space Type": "Memory", "Plans": [{"Node Type": "Seq Scan", "Parent Relationship": "Outer", "Relation Name": "movie_companies", "Alias": "mc", "Startup Cost": 0.0, "Total Cost": 54862.92, "Plan Rows": 36426, "Plan Width": 8, "Actual Min Startup Time": 0.249, "Actual Max Startup Time": 0.249, "Actual Min Total Time": 935.685, "Actual Max Total Time": 935.685, "Filter": "(((note)::text ~~ '%(Japan)%'::text) AND ((note)::text !~~ '%(USA)%'::text))", "Rows Removed by Filter": 2560231, "Actual Rows": 48897}], "Actual Rows": 48897}], "Actual Rows": 48328}], "Actual Rows": 54212}], "Actual Rows": 7438}, {"Node Type": "Sort", "Parent Relationship": "Inner", "Startup Cost": 328951.73, "Total Cost": 335272.51, "Plan Rows": 2528311, "Plan Width": 21, "Actual Min Startup Time": 1884.625, "Actual Max Startup Time": 1884.625, "Actual Min Total Time": 2455.458, "Actual Max Total Time": 2455.458, "Sort Key": ["t.id"], "Sort Method": "quicksort", "Sort Space Min Used": 344074, "Sort Space Max Used": 344074, "Sort Space Type": "Memory", "Plans": [{"Node Type": "Seq Scan", "Parent Relationship": "Outer", "Relation Name": "title", "Alias": "t", "Startup Cost": 0.0, "Total Cost": 60069.11, "Plan Rows": 2528311, "Plan Width": 21, "Actual Min Startup Time": 0.025, "Actual Max Startup Time": 0.025, "Actual Min Total Time": 770.237, "Actual Max Total Time": 770.237, "Actual Rows": 2528311}], "Actual Rows": 2523872}], "Actual Rows": 7438}], "Actual Rows": 7462}], "Actual Rows": 62}], "Actual Rows": 1}, "Triggers": [], "Planner Runtime": 67, "Total Runtime": 7722.811, "Unique SQL Id": 3544391839}}, "(64, 91)": {"explain_plan": {"Plan": {"Node Type": "Aggregate", "Strategy": "Plain", "Startup Cost": 6720774816498.74, "Total Cost": 6720774816498.75, "Plan Rows": 1, "Plan Width": 97, "Plans": [{"Node Type": "Merge Join", "Parent Relationship": "Outer", "Join Type": "Inner", "Startup Cost": 5019076330833.08, "Total Cost": 6720774816495.51, "Plan Rows": 646, "Plan Width": 33, "Inner Unique": false, "Merge Cond": "(an1.person_id = ci.person_id)", "Plans": [{"Node Type": "Merge Join", "Parent Relationship": "Outer", "Join Type": "Inner", "Startup Cost": 20030754356.47, "Total Cost": 2000026606025.89, "Plan Rows": 16627, "Plan Width": 24, "Inner Unique": true, "Merge Cond": "(an1.person_id = n1.id)", "Plans": [{"Node Type": "Index Scan", "Parent Relationship": "Outer", "Scan Direction": "Forward", "Index Name": "person_id_aka_name", "Relation Name": "aka_name", "Alias": "an1", "Startup Cost": 10000000000.0, "Total Cost": 1000006896503.43, "Plan Rows": 901342, "Plan Width": 20}, {"Node Type": "Materialize", "Parent Relationship": "Inner", "Startup Cost": 10000000000.0, "Total Cost": 1000019707054.42, "Plan Rows": 13886, "Plan Width": 4, "Plans": [{"Node Type": "Index Scan", "Parent Relationship": "Outer", "Scan Direction": "Forward", "Index Name": "name_pkey", "Relation Name": "name", "Alias": "n1", "Startup Cost": 10000000000.0, "Total Cost": 1000019707019.7, "Plan Rows": 13886, "Plan Width": 4, "Filter": "(((name)::text ~~ '%Yo%'::text) AND ((name)::text !~~ '%Yu%'::text))"}]}]}, {"Node Type": "Sort", "Parent Relationship": "Inner", "Startup Cost": 4999045576476.62, "Total Cost": 4999045576477.95, "Plan Rows": 532, "Plan Width": 21, "Sort Key": ["ci.person_id"], "Plans": [{"Node Type": "Merge Join", "Parent Relationship": "Outer", "Join Type": "Inner", "Startup Cost": 4009044526257.38, "Total Cost": 4999045576452.53, "Plan Rows": 532, "Plan Width": 21, "Inner Unique": true, "Merge Cond": "(mc.company_id = cn.id)", "Plans": [{"Node Type": "Sort", "Parent Relationship": "Outer", "Startup Cost": 3999044526256.94, "Total Cost": 3999044526265.29, "Plan Rows": 3338, "Plan Width": 25, "Sort Key": ["mc.company_id"], "Plans": [{"Node Type": "Merge Join", "Parent Relationship": "Outer", "Join Type": "Inner", "Startup Cost": 2020014670250.22, "Total Cost": 3999044526061.59, "Plan Rows": 3338, "Plan Width": 25, "Inner Unique": false, "Merge Cond": "(ci.movie_id = mc.movie_id)", "Plans": [{"Node Type": "Merge Join", "Parent Relationship": "Outer", "Join Type": "Inner", "Startup Cost": 2010014670250.22, "Total Cost": 2999142698151.94, "Plan Rows": 8790, "Plan Width": 29, "Inner Unique": true, "Merge Cond": "(ci.movie_id = t.id)", "Plans": [{"Node Type": "Sort", "Parent Relationship": "Outer", "Startup Cost": 2000014670250.22, "Total Cost": 2000014670272.19, "Plan Rows": 8790, "Plan Width": 8, "Sort Key": ["ci.movie_id"], "Plans": [{"Node Type": "Nested Loop", "Parent Relationship": "Outer", "Join Type": "Inner", "Startup Cost": 20000000000.0, "Total Cost": 2000014669674.4, "Plan Rows": 8790, "Plan Width": 8, "Inner Unique": false, "Plans": [{"Node Type": "Index Scan", "Parent Relationship": "Outer", "Scan Direction": "Forward", "Index Name": "role_type_pkey", "Relation Name": "role_type", "Alias": "rt", "Startup Cost": 10000000000.0, "Total Cost": 1000000001246.0, "Plan Rows": 1, "Plan Width": 4, "Filter": "((role)::text = 'actress'::text)"}, {"Node Type": "Index Scan", "Parent Relationship": "Inner", "Scan Direction": "Forward", "Index Name": "role_id_cast_info", "Relation Name": "cast_info", "Alias": "ci", "Startup Cost": 10000000000.0, "Total Cost": 1000014668340.5, "Plan Rows": 8790, "Plan Width": 12, "Index Cond": "(role_id = rt.id)", "Filter": "((note)::text = '(voice: English version)'::text)"}]}]}, {"Node Type": "Index Scan", "Parent Relationship": "Inner", "Scan Direction": "Forward", "Index Name": "title_pkey", "Relation Name": "title", "Alias": "t", "Startup Cost": 10000000000.0, "Total Cost": 1000011012048.91, "Plan Rows": 2528311, "Plan Width": 21}]}, {"Node Type": "Index Scan", "Parent Relationship": "Inner", "Scan Direction": "Forward", "Index Name": "movie_id_movie_companies", "Relation Name": "movie_companies", "Alias": "mc", "Startup Cost": 10000000000.0, "Total Cost": 1000014356510.13, "Plan Rows": 36426, "Plan Width": 8, "Filter": "(((note)::text ~~ '%(Japan)%'::text) AND ((note)::text !~~ '%(USA)%'::text))"}]}]}, {"Node Type": "Index Scan", "Parent Relationship": "Inner", "Scan Direction": "Forward", "Index Name": "company_name_pkey", "Relation Name": "company_name", "Alias": "cn", "Startup Cost": 10000000000.0, "Total Cost": 1000001050138.97, "Plan Rows": 6290, "Plan Width": 4, "Filter": "((country_code)::text = '[jp]'::text)"}]}]}]}]}, "Unique SQL Id": 3544391839, "Planner Runtime": 136}, "explain_analyze_plan": null}, "(64, 92)": {"explain_plan": {"Plan": {"Node Type": "Aggregate", "Strategy": "Plain", "Startup Cost": 93815.79, "Total Cost": 93815.8, "Plan Rows": 1, "Plan Width": 97, "Plans": [{"Node Type": "Nested Loop", "Parent Relationship": "Outer", "Join Type": "Inner", "Startup Cost": 92951.0, "Total Cost": 93815.31, "Plan Rows": 96, "Plan Width": 33, "Inner Unique": true, "Plans": [{"Node Type": "Nested Loop", "Parent Relationship": "Outer", "Join Type": "Inner", "Startup Cost": 92951.0, "Total Cost": 93439.77, "Plan Rows": 645, "Plan Width": 41, "Inner Unique": false, "Plans": [{"Node Type": "Merge Join", "Parent Relationship": "Outer", "Join Type": "Inner", "Startup Cost": 92951.0, "Total Cost": 92985.56, "Plan Rows": 532, "Plan Width": 21, "Inner Unique": false, "Merge Cond": "(rt.id = ci.role_id)", "Plans": [{"Node Type": "Sort", "Parent Relationship": "Outer", "Startup Cost": 1.16, "Total Cost": 1.16, "Plan Rows": 1, "Plan Width": 4, "Sort Key": ["rt.id"], "Plans": [{"Node Type": "Seq Scan", "Parent Relationship": "Outer", "Relation Name": "role_type", "Alias": "rt", "Startup Cost": 0.0, "Total Cost": 1.15, "Plan Rows": 1, "Plan Width": 4, "Filter": "((role)::text = 'actress'::text)"}]}, {"Node Type": "Sort", "Parent Relationship": "Inner", "Startup Cost": 92949.84, "Total Cost": 92964.46, "Plan Rows": 5847, "Plan Width": 25, "Sort Key": ["ci.role_id"], "Plans": [{"Node Type": "Nested Loop", "Parent Relationship": "Outer", "Join Type": "Inner", "Startup Cost": 63927.73, "Total Cost": 92584.01, "Plan Rows": 5847, "Plan Width": 25, "Inner Unique": false, "Plans": [{"Node Type": "Nested Loop", "Parent Relationship": "Outer", "Join Type": "Inner", "Startup Cost": 63927.73, "Total Cost": 86841.41, "Plan Rows": 5775, "Plan Width": 25, "Inner Unique": true, "Plans": [{"Node Type": "Merge Join", "Parent Relationship": "Outer", "Join Type": "Inner", "Startup Cost": 63927.73, "Total Cost": 64194.32, "Plan Rows": 5775, "Plan Width": 4, "Inner Unique": false, "Merge Cond": "(cn.id = mc.company_id)", "Plans": [{"Node Type": "Sort", "Parent Relationship": "Outer", "Startup Cost": 6300.31, "Total Cost": 6316.04, "Plan Rows": 6290, "Plan Width": 4, "Sort Key": ["cn.id"], "Plans": [{"Node Type": "Seq Scan", "Parent Relationship": "Outer", "Relation Name": "company_name", "Alias": "cn", "Startup Cost": 0.0, "Total Cost": 5903.45, "Plan Rows": 6290, "Plan Width": 4, "Filter": "((country_code)::text = '[jp]'::text)"}]}, {"Node Type": "Sort", "Parent Relationship": "Inner", "Startup Cost": 57622.68, "Total Cost": 57713.74, "Plan Rows": 36426, "Plan Width": 8, "Sort Key": ["mc.company_id"], "Plans": [{"Node Type": "Seq Scan", "Parent Relationship": "Outer", "Relation Name": "movie_companies", "Alias": "mc", "Startup Cost": 0.0, "Total Cost": 54862.92, "Plan Rows": 36426, "Plan Width": 8, "Filter": "(((note)::text ~~ '%(Japan)%'::text) AND ((note)::text !~~ '%(USA)%'::text))"}]}]}, {"Node Type": "Index Scan", "Parent Relationship": "Inner", "Scan Direction": "Forward", "Index Name": "title_pkey", "Relation Name": "title", "Alias": "t", "Startup Cost": 0.0, "Total Cost": 3.91, "Plan Rows": 1, "Plan Width": 21, "Index Cond": "(id = mc.movie_id)"}]}, {"Node Type": "Index Scan", "Parent Relationship": "Inner", "Scan Direction": "Forward", "Index Name": "movie_id_cast_info", "Relation Name": "cast_info", "Alias": "ci", "Startup Cost": 0.0, "Total Cost": 0.98, "Plan Rows": 1, "Plan Width": 12, "Index Cond": "(movie_id = t.id)", "Filter": "((note)::text = '(voice: English version)'::text)"}]}]}]}, {"Node Type": "Index Scan", "Parent Relationship": "Inner", "Scan Direction": "Forward", "Index Name": "person_id_aka_name", "Relation Name": "aka_name", "Alias": "an1", "Startup Cost": 0.0, "Total Cost": 0.84, "Plan Rows": 1, "Plan Width": 20, "Index Cond": "(person_id = ci.person_id)"}]}, {"Node Type": "Index Scan", "Parent Relationship": "Inner", "Scan Direction": "Forward", "Index Name": "name_pkey", "Relation Name": "name", "Alias": "n1", "Startup Cost": 0.0, "Total Cost": 0.57, "Plan Rows": 1, "Plan Width": 4, "Index Cond": "(id = an1.person_id)", "Filter": "(((name)::text ~~ '%Yo%'::text) AND ((name)::text !~~ '%Yu%'::text))"}]}]}, "Unique SQL Id": 3544391839, "Planner Runtime": 28}, "explain_analyze_plan": {"Plan": {"Node Type": "Aggregate", "Strategy": "Plain", "Startup Cost": 93815.79, "Total Cost": 93815.8, "Plan Rows": 1, "Plan Width": 97, "Actual Startup Time": 4621.29, "Actual Total Time": 4621.291, "Actual Rows": 1, "Actual Loops": 1, "Plans": [{"Node Type": "Nested Loop", "Parent Relationship": "Outer", "Join Type": "Inner", "Startup Cost": 92951.0, "Total Cost": 93815.31, "Plan Rows": 96, "Plan Width": 33, "Actual Startup Time": 4513.072, "Actual Total Time": 4621.158, "Actual Rows": 62, "Actual Loops": 1, "Inner Unique": true, "Plans": [{"Node Type": "Nested Loop", "Parent Relationship": "Outer", "Join Type": "Inner", "Startup Cost": 92951.0, "Total Cost": 93439.77, "Plan Rows": 645, "Plan Width": 41, "Actual Startup Time": 4509.772, "Actual Total Time": 4552.592, "Actual Rows": 17379, "Actual Loops": 1, "Inner Unique": false, "Plans": [{"Node Type": "Merge Join", "Parent Relationship": "Outer", "Join Type": "Inner", "Startup Cost": 92951.0, "Total Cost": 92985.56, "Plan Rows": 532, "Plan Width": 21, "Actual Startup Time": 4509.723, "Actual Total Time": 4513.159, "Actual Rows": 7438, "Actual Loops": 1, "Inner Unique": false, "Merge Cond": "(rt.id = ci.role_id)", "Plans": [{"Node Type": "Sort", "Parent Relationship": "Outer", "Startup Cost": 1.16, "Total Cost": 1.16, "Plan Rows": 1, "Plan Width": 4, "Actual Startup Time": 0.052, "Actual Total Time": 0.053, "Actual Rows": 1, "Actual Loops": 1, "Sort Key": ["rt.id"], "Sort Method": "quicksort", "Sort Space Used": 25, "Sort Space Type": "Memory", "Plans": [{"Node Type": "Seq Scan", "Parent Relationship": "Outer", "Relation Name": "role_type", "Alias": "rt", "Startup Cost": 0.0, "Total Cost": 1.15, "Plan Rows": 1, "Plan Width": 4, "Actual Startup Time": 0.028, "Actual Total Time": 0.032, "Actual Rows": 1, "Actual Loops": 1, "Filter": "((role)::text = 'actress'::text)", "Rows Removed by Filter": 11}]}, {"Node Type": "Sort", "Parent Relationship": "Inner", "Startup Cost": 92949.84, "Total Cost": 92964.46, "Plan Rows": 5847, "Plan Width": 25, "Actual Startup Time": 4506.405, "Actual Total Time": 4509.05, "Actual Rows": 19600, "Actual Loops": 1, "Sort Key": ["ci.role_id"], "Sort Method": "quicksort", "Sort Space Used": 2817, "Sort Space Type": "Memory", "Plans": [{"Node Type": "Nested Loop", "Parent Relationship": "Outer", "Join Type": "Inner", "Startup Cost": 63927.73, "Total Cost": 92584.01, "Plan Rows": 5847, "Plan Width": 25, "Actual Startup Time": 1041.032, "Actual Total Time": 4498.776, "Actual Rows": 19600, "Actual Loops": 1, "Inner Unique": false, "Plans": [{"Node Type": "Nested Loop", "Parent Relationship": "Outer", "Join Type": "Inner", "Startup Cost": 63927.73, "Total Cost": 86841.41, "Plan Rows": 5775, "Plan Width": 25, "Actual Startup Time": 1040.632, "Actual Total Time": 1391.07, "Actual Rows": 48328, "Actual Loops": 1, "Inner Unique": true, "Plans": [{"Node Type": "Merge Join", "Parent Relationship": "Outer", "Join Type": "Inner", "Startup Cost": 63927.73, "Total Cost": 64194.32, "Plan Rows": 5775, "Plan Width": 4, "Actual Startup Time": 1040.576, "Actual Total Time": 1068.063, "Actual Rows": 48328, "Actual Loops": 1, "Inner Unique": false, "Merge Cond": "(cn.id = mc.company_id)", "Plans": [{"Node Type": "Sort", "Parent Relationship": "Outer", "Startup Cost": 6300.31, "Total Cost": 6316.04, "Plan Rows": 6290, "Plan Width": 4, "Actual Startup Time": 84.379, "Actual Total Time": 84.964, "Actual Rows": 2418, "Actual Loops": 1, "Sort Key": ["cn.id"], "Sort Method": "quicksort", "Sort Space Used": 615, "Sort Space Type": "Memory", "Plans": [{"Node Type": "Seq Scan", "Parent Relationship": "Outer", "Relation Name": "company_name", "Alias": "cn", "Startup Cost": 0.0, "Total Cost": 5903.45, "Plan Rows": 6290, "Plan Width": 4, "Actual Startup Time": 0.028, "Actual Total Time": 81.939, "Actual Rows": 6752, "Actual Loops": 1, "Filter": "((country_code)::text = '[jp]'::text)", "Rows Removed by Filter": 228244}]}, {"Node Type": "Sort", "Parent Relationship": "Inner", "Startup Cost": 57622.68, "Total Cost": 57713.74, "Plan Rows": 36426, "Plan Width": 8, "Actual Startup Time": 956.177, "Actual Total Time": 967.252, "Actual Rows": 48897, "Actual Loops": 1, "Sort Key": ["mc.company_id"], "Sort Method": "quicksort", "Sort Space Used": 4593, "Sort Space Type": "Memory", "Plans": [{"Node Type": "Seq Scan", "Parent Relationship": "Outer", "Relation Name": "movie_companies", "Alias": "mc", "Startup Cost": 0.0, "Total Cost": 54862.92, "Plan Rows": 36426, "Plan Width": 8, "Actual Startup Time": 0.265, "Actual Total Time": 940.301, "Actual Rows": 48897, "Actual Loops": 1, "Filter": "(((note)::text ~~ '%(Japan)%'::text) AND ((note)::text !~~ '%(USA)%'::text))", "Rows Removed by Filter": 2560231}]}]}, {"Node Type": "Index Scan", "Parent Relationship": "Inner", "Scan Direction": "Forward", "Index Name": "title_pkey", "Relation Name": "title", "Alias": "t", "Startup Cost": 0.0, "Total Cost": 3.91, "Plan Rows": 1, "Plan Width": 21, "Actual Startup Time": 281.572, "Actual Total Time": 281.572, "Actual Rows": 48328, "Actual Loops": 48328, "Index Cond": "(id = mc.movie_id)", "Rows Removed by Index Recheck": 0}]}, {"Node Type": "Index Scan", "Parent Relationship": "Inner", "Scan Direction": "Forward", "Index Name": "movie_id_cast_info", "Relation Name": "cast_info", "Alias": "ci", "Startup Cost": 0.0, "Total Cost": 0.98, "Plan Rows": 1, "Plan Width": 12, "Actual Startup Time": 2939.675, "Actual Total Time": 3076.552, "Actual Rows": 19600, "Actual Loops": 48328, "Index Cond": "(movie_id = t.id)", "Rows Removed by Index Recheck": 0, "Filter": "((note)::text = '(voice: English version)'::text)", "Rows Removed by Filter": 1531710}]}]}]}, {"Node Type": "Index Scan", "Parent Relationship": "Inner", "Scan Direction": "Forward", "Index Name": "person_id_aka_name", "Relation Name": "aka_name", "Alias": "an1", "Startup Cost": 0.0, "Total Cost": 0.84, "Plan Rows": 1, "Plan Width": 20, "Actual Startup Time": 24.502, "Actual Total Time": 31.599, "Actual Rows": 17379, "Actual Loops": 7438, "Index Cond": "(person_id = ci.person_id)", "Rows Removed by Index Recheck": 0}]}, {"Node Type": "Index Scan", "Parent Relationship": "Inner", "Scan Direction": "Forward", "Index Name": "name_pkey", "Relation Name": "name", "Alias": "n1", "Startup Cost": 0.0, "Total Cost": 0.57, "Plan Rows": 1, "Plan Width": 4, "Actual Startup Time": 60.164, "Actual Total Time": 60.164, "Actual Rows": 62, "Actual Loops": 17379, "Index Cond": "(id = an1.person_id)", "Rows Removed by Index Recheck": 0, "Filter": "(((name)::text ~~ '%Yo%'::text) AND ((name)::text !~~ '%Yu%'::text))", "Rows Removed by Filter": 17317}]}]}, "Triggers": [], "Planner Runtime": 28, "Total Runtime": 4621.689, "Unique SQL Id": 3544391839}}, "(64, 93)": {"explain_plan": {"Plan": {"Node Type": "Aggregate", "Strategy": "Plain", "Startup Cost": 111152.55, "Total Cost": 111152.56, "Plan Rows": 1, "Plan Width": 97, "Plans": [{"Node Type": "Nested Loop", "Parent Relationship": "Outer", "Join Type": "Inner", "Startup Cost": 110275.3, "Total Cost": 111152.07, "Plan Rows": 96, "Plan Width": 33, "Inner Unique": true, "Plans": [{"Node Type": "Nested Loop", "Parent Relationship": "Outer", "Join Type": "Inner", "Startup Cost": 110275.3, "Total Cost": 110776.53, "Plan Rows": 645, "Plan Width": 41, "Inner Unique": false, "Plans": [{"Node Type": "Merge Join", "Parent Relationship": "Outer", "Join Type": "Inner", "Startup Cost": 110275.3, "Total Cost": 110322.31, "Plan Rows": 532, "Plan Width": 21, "Inner Unique": false, "Merge Cond": "(rt.id = ci.role_id)", "Plans": [{"Node Type": "Index Scan", "Parent Relationship": "Outer", "Scan Direction": "Forward", "Index Name": "role_type_pkey", "Relation Name": "role_type", "Alias": "rt", "Startup Cost": 0.0, "Total Cost": 12.46, "Plan Rows": 1, "Plan Width": 4, "Filter": "((role)::text = 'actress'::text)"}, {"Node Type": "Sort", "Parent Relationship": "Inner", "Startup Cost": 110275.3, "Total Cost": 110289.91, "Plan Rows": 5847, "Plan Width": 25, "Sort Key": ["ci.role_id"], "Plans": [{"Node Type": "Nested Loop", "Parent Relationship": "Outer", "Join Type": "Inner", "Startup Cost": 0.0, "Total Cost": 109909.47, "Plan Rows": 5847, "Plan Width": 25, "Inner Unique": false, "Plans": [{"Node Type": "Nested Loop", "Parent Relationship": "Outer", "Join Type": "Inner", "Startup Cost": 0.0, "Total Cost": 104166.87, "Plan Rows": 5775, "Plan Width": 25, "Inner Unique": true, "Plans": [{"Node Type": "Nested Loop", "Parent Relationship": "Outer", "Join Type": "Inner", "Startup Cost": 0.0, "Total Cost": 81519.78, "Plan Rows": 5775, "Plan Width": 4, "Inner Unique": false, "Plans": [{"Node Type": "Index Scan", "Parent Relationship": "Outer", "Scan Direction": "Forward", "Index Name": "company_name_pkey", "Relation Name": "company_name", "Alias": "cn", "Startup Cost": 0.0, "Total Cost": 10501.39, "Plan Rows": 6290, "Plan Width": 4, "Filter": "((country_code)::text = '[jp]'::text)"}, {"Node Type": "Index Scan", "Parent Relationship": "Inner", "Scan Direction": "Forward", "Index Name": "company_id_movie_companies", "Relation Name": "movie_companies", "Alias": "mc", "Startup Cost": 0.0, "Total Cost": 11.28, "Plan Rows": 1, "Plan Width": 8, "Index Cond": "(company_id = cn.id)", "Filter": "(((note)::text ~~ '%(Japan)%'::text) AND ((note)::text !~~ '%(USA)%'::text))"}]}, {"Node Type": "Index Scan", "Parent Relationship": "Inner", "Scan Direction": "Forward", "Index Name": "title_pkey", "Relation Name": "title", "Alias": "t", "Startup Cost": 0.0, "Total Cost": 3.91, "Plan Rows": 1, "Plan Width": 21, "Index Cond": "(id = mc.movie_id)"}]}, {"Node Type": "Index Scan", "Parent Relationship": "Inner", "Scan Direction": "Forward", "Index Name": "movie_id_cast_info", "Relation Name": "cast_info", "Alias": "ci", "Startup Cost": 0.0, "Total Cost": 0.98, "Plan Rows": 1, "Plan Width": 12, "Index Cond": "(movie_id = t.id)", "Filter": "((note)::text = '(voice: English version)'::text)"}]}]}]}, {"Node Type": "Index Scan", "Parent Relationship": "Inner", "Scan Direction": "Forward", "Index Name": "person_id_aka_name", "Relation Name": "aka_name", "Alias": "an1", "Startup Cost": 0.0, "Total Cost": 0.84, "Plan Rows": 1, "Plan Width": 20, "Index Cond": "(person_id = ci.person_id)"}]}, {"Node Type": "Index Scan", "Parent Relationship": "Inner", "Scan Direction": "Forward", "Index Name": "name_pkey", "Relation Name": "name", "Alias": "n1", "Startup Cost": 0.0, "Total Cost": 0.57, "Plan Rows": 1, "Plan Width": 4, "Index Cond": "(id = an1.person_id)", "Filter": "(((name)::text ~~ '%Yo%'::text) AND ((name)::text !~~ '%Yu%'::text))"}]}]}, "Unique SQL Id": 3544391839, "Planner Runtime": 28}, "explain_analyze_plan": {"Plan": {"Node Type": "Aggregate", "Strategy": "Plain", "Startup Cost": 111152.55, "Total Cost": 111152.56, "Plan Rows": 1, "Plan Width": 97, "Actual Startup Time": 4234.536, "Actual Total Time": 4234.536, "Actual Rows": 1, "Actual Loops": 1, "Plans": [{"Node Type": "Nested Loop", "Parent Relationship": "Outer", "Join Type": "Inner", "Startup Cost": 110275.3, "Total Cost": 111152.07, "Plan Rows": 96, "Plan Width": 33, "Actual Startup Time": 4124.174, "Actual Total Time": 4234.434, "Actual Rows": 62, "Actual Loops": 1, "Inner Unique": true, "Plans": [{"Node Type": "Nested Loop", "Parent Relationship": "Outer", "Join Type": "Inner", "Startup Cost": 110275.3, "Total Cost": 110776.53, "Plan Rows": 645, "Plan Width": 41, "Actual Startup Time": 4123.034, "Actual Total Time": 4166.193, "Actual Rows": 17379, "Actual Loops": 1, "Inner Unique": false, "Plans": [{"Node Type": "Merge Join", "Parent Relationship": "Outer", "Join Type": "Inner", "Startup Cost": 110275.3, "Total Cost": 110322.31, "Plan Rows": 532, "Plan Width": 21, "Actual Startup Time": 4123.002, "Actual Total Time": 4126.727, "Actual Rows": 7438, "Actual Loops": 1, "Inner Unique": false, "Merge Cond": "(rt.id = ci.role_id)", "Plans": [{"Node Type": "Index Scan", "Parent Relationship": "Outer", "Scan Direction": "Forward", "Index Name": "role_type_pkey", "Relation Name": "role_type", "Alias": "rt", "Startup Cost": 0.0, "Total Cost": 12.46, "Plan Rows": 1, "Plan Width": 4, "Actual Startup Time": 0.026, "Actual Total Time": 0.037, "Actual Rows": 1, "Actual Loops": 1, "Filter": "((role)::text = 'actress'::text)", "Rows Removed by Filter": 11}, {"Node Type": "Sort", "Parent Relationship": "Inner", "Startup Cost": 110275.3, "Total Cost": 110289.91, "Plan Rows": 5847, "Plan Width": 25, "Actual Startup Time": 4118.676, "Actual Total Time": 4122.25, "Actual Rows": 19600, "Actual Loops": 1, "Sort Key": ["ci.role_id"], "Sort Method": "quicksort", "Sort Space Used": 2817, "Sort Space Type": "Memory", "Plans": [{"Node Type": "Nested Loop", "Parent Relationship": "Outer", "Join Type": "Inner", "Startup Cost": 0.0, "Total Cost": 109909.47, "Plan Rows": 5847, "Plan Width": 25, "Actual Startup Time": 0.36, "Actual Total Time": 4110.791, "Actual Rows": 19600, "Actual Loops": 1, "Inner Unique": false, "Plans": [{"Node Type": "Nested Loop", "Parent Relationship": "Outer", "Join Type": "Inner", "Startup Cost": 0.0, "Total Cost": 104166.87, "Plan Rows": 5775, "Plan Width": 25, "Actual Startup Time": 0.283, "Actual Total Time": 879.057, "Actual Rows": 48328, "Actual Loops": 1, "Inner Unique": true, "Plans": [{"Node Type": "Nested Loop", "Parent Relationship": "Outer", "Join Type": "Inner", "Startup Cost": 0.0, "Total Cost": 81519.78, "Plan Rows": 5775, "Plan Width": 4, "Actual Startup Time": 0.27, "Actual Total Time": 543.698, "Actual Rows": 48328, "Actual Loops": 1, "Inner Unique": false, "Plans": [{"Node Type": "Index Scan", "Parent Relationship": "Outer", "Scan Direction": "Forward", "Index Name": "company_name_pkey", "Relation Name": "company_name", "Alias": "cn", "Startup Cost": 0.0, "Total Cost": 10501.39, "Plan Rows": 6290, "Plan Width": 4, "Actual Startup Time": 0.233, "Actual Total Time": 305.401, "Actual Rows": 6752, "Actual Loops": 1, "Filter": "((country_code)::text = '[jp]'::text)", "Rows Removed by Filter": 228244}, {"Node Type": "Index Scan", "Parent Relationship": "Inner", "Scan Direction": "Forward", "Index Name": "company_id_movie_companies", "Relation Name": "movie_companies", "Alias": "mc", "Startup Cost": 0.0, "Total Cost": 11.28, "Plan Rows": 1, "Plan Width": 8, "Actual Startup Time": 56.337, "Actual Total Time": 221.703, "Actual Rows": 48328, "Actual Loops": 6752, "Index Cond": "(company_id = cn.id)", "Rows Removed by Index Recheck": 0, "Filter": "(((note)::text ~~ '%(Japan)%'::text) AND ((note)::text !~~ '%(USA)%'::text))", "Rows Removed by Filter": 56667}]}, {"Node Type": "Index Scan", "Parent Relationship": "Inner", "Scan Direction": "Forward", "Index Name": "title_pkey", "Relation Name": "title", "Alias": "t", "Startup Cost": 0.0, "Total Cost": 3.91, "Plan Rows": 1, "Plan Width": 21, "Actual Startup Time": 290.378, "Actual Total Time": 290.378, "Actual Rows": 48328, "Actual Loops": 48328, "Index Cond": "(id = mc.movie_id)", "Rows Removed by Index Recheck": 0}]}, {"Node Type": "Index Scan", "Parent Relationship": "Inner", "Scan Direction": "Forward", "Index Name": "movie_id_cast_info", "Relation Name": "cast_info", "Alias": "ci", "Startup Cost": 0.0, "Total Cost": 0.98, "Plan Rows": 1, "Plan Width": 12, "Actual Startup Time": 3058.307, "Actual Total Time": 3198.964, "Actual Rows": 19600, "Actual Loops": 48328, "Index Cond": "(movie_id = t.id)", "Rows Removed by Index Recheck": 0, "Filter": "((note)::text = '(voice: English version)'::text)", "Rows Removed by Filter": 1531710}]}]}]}, {"Node Type": "Index Scan", "Parent Relationship": "Inner", "Scan Direction": "Forward", "Index Name": "person_id_aka_name", "Relation Name": "aka_name", "Alias": "an1", "Startup Cost": 0.0, "Total Cost": 0.84, "Plan Rows": 1, "Plan Width": 20, "Actual Startup Time": 24.55, "Actual Total Time": 31.679, "Actual Rows": 17379, "Actual Loops": 7438, "Index Cond": "(person_id = ci.person_id)", "Rows Removed by Index Recheck": 0}]}, {"Node Type": "Index Scan", "Parent Relationship": "Inner", "Scan Direction": "Forward", "Index Name": "name_pkey", "Relation Name": "name", "Alias": "n1", "Startup Cost": 0.0, "Total Cost": 0.57, "Plan Rows": 1, "Plan Width": 4, "Actual Startup Time": 60.053, "Actual Total Time": 60.053, "Actual Rows": 62, "Actual Loops": 17379, "Index Cond": "(id = an1.person_id)", "Rows Removed by Index Recheck": 0, "Filter": "(((name)::text ~~ '%Yo%'::text) AND ((name)::text !~~ '%Yu%'::text))", "Rows Removed by Filter": 17317}]}]}, "Triggers": [], "Planner Runtime": 28, "Total Runtime": 4234.904, "Unique SQL Id": 3544391839}}, "(64, 94)": {"explain_plan": {"Plan": {"Node Type": "Aggregate", "Strategy": "Plain", "Startup Cost": 960869252830.05, "Total Cost": 960869252830.06, "Plan Rows": 1, "Plan Width": 97, "Plans": [{"Node Type": "Merge Join", "Parent Relationship": "Outer", "Join Type": "Inner", "Startup Cost": 110001286186.08, "Total Cost": 960869252826.82, "Plan Rows": 646, "Plan Width": 33, "Inner Unique": false, "Merge Cond": "(an1.person_id = ci.person_id)", "Plans": [{"Node Type": "Merge Join", "Parent Relationship": "Outer", "Join Type": "Inner", "Startup Cost": 10000109059.01, "Total Cost": 1000019820786.27, "Plan Rows": 16627, "Plan Width": 24, "Inner Unique": false, "Merge Cond": "(n1.id = an1.person_id)", "Plans": [{"Node Type": "Index Scan", "Parent Relationship": "Outer", "Scan Direction": "Forward", "Index Name": "name_pkey", "Relation Name": "name", "Alias": "n1", "Startup Cost": 10000000000.0, "Total Cost": 1000019707019.7, "Plan Rows": 13886, "Plan Width": 4, "Filter": "(((name)::text ~~ '%Yo%'::text) AND ((name)::text !~~ '%Yu%'::text))"}, {"Node Type": "Sort", "Parent Relationship": "Inner", "Startup Cost": 109058.87, "Total Cost": 111312.23, "Plan Rows": 901342, "Plan Width": 20, "Sort Key": ["an1.person_id"], "Plans": [{"Node Type": "Seq Scan", "Parent Relationship": "Outer", "Relation Name": "aka_name", "Alias": "an1", "Startup Cost": 0.0, "Total Cost": 19908.42, "Plan Rows": 901342, "Plan Width": 20}]}]}, {"Node Type": "Sort", "Parent Relationship": "Inner", "Startup Cost": 100001177127.06, "Total Cost": 100001177128.39, "Plan Rows": 532, "Plan Width": 21, "Sort Key": ["ci.person_id"], "Plans": [{"Node Type": "Merge Join", "Parent Relationship": "Outer", "Join Type": "Inner", "Startup Cost": 100001164335.42, "Total Cost": 100001177102.98, "Plan Rows": 532, "Plan Width": 21, "Inner Unique": true, "Merge Cond": "(ci.movie_id = t.id)", "Plans": [{"Node Type": "Merge Join", "Parent Relationship": "Outer", "Join Type": "Inner", "Startup Cost": 100000835383.69, "Total Cost": 100000835514.32, "Plan Rows": 532, "Plan Width": 12, "Inner Unique": false, "Merge Cond": "(ci.movie_id = mc.movie_id)", "Plans": [{"Node Type": "Sort", "Parent Relationship": "Outer", "Startup Cost": 100000770828.56, "Total Cost": 100000770850.53, "Plan Rows": 8790, "Plan Width": 8, "Sort Key": ["ci.movie_id"], "Plans": [{"Node Type": "Nested Loop", "Parent Relationship": "Outer", "Join Type": "Inner", "Startup Cost": 10000000000.0, "Total Cost": 100000770252.74, "Plan Rows": 8790, "Plan Width": 8, "Inner Unique": false, "Join Filter": "(ci.role_id = rt.id)", "Plans": [{"Node Type": "Seq Scan", "Parent Relationship": "Outer", "Relation Name": "role_type", "Alias": "rt", "Startup Cost": 0.0, "Total Cost": 1.15, "Plan Rows": 1, "Plan Width": 4, "Filter": "((role)::text = 'actress'::text)"}, {"Node Type": "Materialize", "Parent Relationship": "Inner", "Startup Cost": 0.0, "Total Cost": 76057.2, "Plan Rows": 96692, "Plan Width": 12, "Plans": [{"Node Type": "Streaming(type: LOCAL GATHER dop: 1/64)", "Parent Relationship": "Outer", "Startup Cost": 0.0, "Total Cost": 75815.47, "Plan Rows": 96692, "Plan Width": 12, "Plans": [{"Node Type": "Seq Scan", "Parent Relationship": "Outer", "Relation Name": "cast_info", "Alias": "ci", "Startup Cost": 0.0, "Total Cost": 73820.73, "Plan Rows": 96692, "Plan Width": 12, "Filter": "((note)::text = '(voice: English version)'::text)"}]}]}]}]}, {"Node Type": "Sort", "Parent Relationship": "Inner", "Startup Cost": 64555.13, "Total Cost": 64569.57, "Plan Rows": 5775, "Plan Width": 4, "Sort Key": ["mc.movie_id"], "Plans": [{"Node Type": "Merge Join", "Parent Relationship": "Outer", "Join Type": "Inner", "Startup Cost": 63927.73, "Total Cost": 64194.32, "Plan Rows": 5775, "Plan Width": 4, "Inner Unique": false, "Merge Cond": "(cn.id = mc.company_id)", "Plans": [{"Node Type": "Sort", "Parent Relationship": "Outer", "Startup Cost": 6300.31, "Total Cost": 6316.04, "Plan Rows": 6290, "Plan Width": 4, "Sort Key": ["cn.id"], "Plans": [{"Node Type": "Seq Scan", "Parent Relationship": "Outer", "Relation Name": "company_name", "Alias": "cn", "Startup Cost": 0.0, "Total Cost": 5903.45, "Plan Rows": 6290, "Plan Width": 4, "Filter": "((country_code)::text = '[jp]'::text)"}]}, {"Node Type": "Sort", "Parent Relationship": "Inner", "Startup Cost": 57622.68, "Total Cost": 57713.74, "Plan Rows": 36426, "Plan Width": 8, "Sort Key": ["mc.company_id"], "Plans": [{"Node Type": "Seq Scan", "Parent Relationship": "Outer", "Relation Name": "movie_companies", "Alias": "mc", "Startup Cost": 0.0, "Total Cost": 54862.92, "Plan Rows": 36426, "Plan Width": 8, "Filter": "(((note)::text ~~ '%(Japan)%'::text) AND ((note)::text !~~ '%(USA)%'::text))"}]}]}]}]}, {"Node Type": "Sort", "Parent Relationship": "Inner", "Startup Cost": 328951.73, "Total Cost": 335272.51, "Plan Rows": 2528311, "Plan Width": 21, "Sort Key": ["t.id"], "Plans": [{"Node Type": "Seq Scan", "Parent Relationship": "Outer", "Relation Name": "title", "Alias": "t", "Startup Cost": 0.0, "Total Cost": 60069.11, "Plan Rows": 2528311, "Plan Width": 21}]}]}]}]}]}, "Unique SQL Id": 3544391839, "Planner Runtime": 67}, "explain_analyze_plan": {"Plan": {"Node Type": "Aggregate", "Strategy": "Plain", "Startup Cost": 960869252830.05, "Total Cost": 960869252830.06, "Plan Rows": 1, "Plan Width": 97, "Actual Min Startup Time": 7706.436, "Actual Max Startup Time": 7706.436, "Actual Min Total Time": 7706.437, "Actual Max Total Time": 7706.437, "Plans": [{"Node Type": "Merge Join", "Parent Relationship": "Outer", "Join Type": "Inner", "Startup Cost": 110001286186.08, "Total Cost": 960869252826.82, "Plan Rows": 646, "Plan Width": 33, "Actual Min Startup Time": 7299.657, "Actual Max Startup Time": 7299.657, "Actual Min Total Time": 7706.343, "Actual Max Total Time": 7706.343, "Inner Unique": false, "Merge Cond": "(an1.person_id = ci.person_id)", "Plans": [{"Node Type": "Merge Join", "Parent Relationship": "Outer", "Join Type": "Inner", "Startup Cost": 10000109059.01, "Total Cost": 1000019820786.27, "Plan Rows": 16627, "Plan Width": 24, "Actual Min Startup Time": 650.324, "Actual Max Startup Time": 650.324, "Actual Min Total Time": 3503.363, "Actual Max Total Time": 3503.363, "Inner Unique": false, "Merge Cond": "(n1.id = an1.person_id)", "Plans": [{"Node Type": "Index Scan", "Parent Relationship": "Outer", "Scan Direction": "Forward", "Index Name": "name_pkey", "Relation Name": "name", "Alias": "n1", "Startup Cost": 10000000000.0, "Total Cost": 1000019707019.7, "Plan Rows": 13886, "Plan Width": 4, "Actual Min Startup Time": 0.422, "Actual Max Startup Time": 0.422, "Actual Min Total Time": 2662.94, "Actual Max Total Time": 2662.94, "Filter": "(((name)::text ~~ '%Yo%'::text) AND ((name)::text !~~ '%Yu%'::text))", "Rows Removed by Filter": 2688467, "Actual Rows": 11996}, {"Node Type": "Sort", "Parent Relationship": "Inner", "Startup Cost": 109058.87, "Total Cost": 111312.23, "Plan Rows": 901342, "Plan Width": 20, "Actual Min Startup Time": 648.481, "Actual Max Startup Time": 648.481, "Actual Min Total Time": 745.603, "Actual Max Total Time": 745.603, "Sort Key": ["an1.person_id"], "Sort Method": "quicksort", "Sort Space Min Used": 109040, "Sort Space Max Used": 109040, "Sort Space Type": "Memory", "Plans": [{"Node Type": "Seq Scan", "Parent Relationship": "Outer", "Relation Name": "aka_name", "Alias": "an1", "Startup Cost": 0.0, "Total Cost": 19908.42, "Plan Rows": 901342, "Plan Width": 20, "Actual Min Startup Time": 0.038, "Actual Max Startup Time": 0.038, "Actual Min Total Time": 273.359, "Actual Max Total Time": 273.359, "Actual Rows": 901342}], "Actual Rows": 578753}], "Actual Rows": 2154}, {"Node Type": "Sort", "Parent Relationship": "Inner", "Startup Cost": 100001177127.06, "Total Cost": 100001177128.39, "Plan Rows": 532, "Plan Width": 21, "Actual Min Startup Time": 4198.866, "Actual Max Startup Time": 4198.866, "Actual Min Total Time": 4200.444, "Actual Max Total Time": 4200.444, "Sort Key": ["ci.person_id"], "Sort Method": "quicksort", "Sort Space Min Used": 958, "Sort Space Max Used": 958, "Sort Space Type": "Memory", "Plans": [{"Node Type": "Merge Join", "Parent Relationship": "Outer", "Join Type": "Inner", "Startup Cost": 100001164335.42, "Total Cost": 100001177102.98, "Plan Rows": 532, "Plan Width": 21, "Actual Min Startup Time": 3201.893, "Actual Max Startup Time": 3201.893, "Actual Min Total Time": 4195.634, "Actual Max Total Time": 4195.634, "Inner Unique": true, "Merge Cond": "(ci.movie_id = t.id)", "Plans": [{"Node Type": "Merge Join", "Parent Relationship": "Outer", "Join Type": "Inner", "Startup Cost": 100000835383.69, "Total Cost": 100000835514.32, "Plan Rows": 532, "Plan Width": 12, "Actual Min Startup Time": 1316.727, "Actual Max Startup Time": 1316.727, "Actual Min Total Time": 1347.717, "Actual Max Total Time": 1347.717, "Inner Unique": false, "Merge Cond": "(ci.movie_id = mc.movie_id)", "Plans": [{"Node Type": "Sort", "Parent Relationship": "Outer", "Startup Cost": 100000770828.56, "Total Cost": 100000770850.53, "Plan Rows": 8790, "Plan Width": 8, "Actual Min Startup Time": 244.962, "Actual Max Startup Time": 244.962, "Actual Min Total Time": 251.31, "Actual Max Total Time": 251.31, "Sort Key": ["ci.movie_id"], "Sort Method": "quicksort", "Sort Space Min Used": 3715, "Sort Space Max Used": 3715, "Sort Space Type": "Memory", "Plans": [{"Node Type": "Nested Loop", "Parent Relationship": "Outer", "Join Type": "Inner", "Startup Cost": 10000000000.0, "Total Cost": 100000770252.74, "Plan Rows": 8790, "Plan Width": 8, "Actual Min Startup Time": 208.995, "Actual Max Startup Time": 208.995, "Actual Min Total Time": 233.748, "Actual Max Total Time": 233.748, "Inner Unique": false, "Join Filter": "(ci.role_id = rt.id)", "Rows Removed by Join Filter": 58247, "Plans": [{"Node Type": "Seq Scan", "Parent Relationship": "Outer", "Relation Name": "role_type", "Alias": "rt", "Startup Cost": 0.0, "Total Cost": 1.15, "Plan Rows": 1, "Plan Width": 4, "Actual Min Startup Time": 0.045, "Actual Max Startup Time": 0.045, "Actual Min Total Time": 0.05, "Actual Max Total Time": 0.05, "Filter": "((role)::text = 'actress'::text)", "Rows Removed by Filter": 11, "Actual Rows": 1}, {"Node Type": "Materialize", "Parent Relationship": "Inner", "Startup Cost": 0.0, "Total Cost": 76057.2, "Plan Rows": 96692, "Plan Width": 12, "Actual Min Startup Time": 199.485, "Actual Max Startup Time": 199.485, "Actual Min Total Time": 210.127, "Actual Max Total Time": 210.127, "Plans": [{"Node Type": "Streaming(type: LOCAL GATHER dop: 1/64)", "Parent Relationship": "Outer", "Startup Cost": 0.0, "Total Cost": 75815.47, "Plan Rows": 96692, "Plan Width": 12, "Actual Min Startup Time": 0.226, "Actual Max Startup Time": 0.226, "Actual Min Total Time": 183.515, "Actual Max Total Time": 183.515, "Plans": [{"Node Type": "Seq Scan", "Parent Relationship": "Outer", "Relation Name": "cast_info", "Alias": "ci", "Startup Cost": 0.0, "Total Cost": 73820.73, "Plan Rows": 96692, "Plan Width": 12, "Actual Min Startup Time": 0.031, "Actual Max Startup Time": 2.977, "Actual Min Total Time": 153.673, "Actual Max Total Time": 178.133, "Filter": "((note)::text = '(voice: English version)'::text)", "Rows Removed by Filter": 36151248, "Actual Rows": 93095}], "Actual Rows": 93095}], "Actual Rows": 93096}], "Actual Rows": 34848}], "Actual Rows": 34848}, {"Node Type": "Sort", "Parent Relationship": "Inner", "Startup Cost": 64555.13, "Total Cost": 64569.57, "Plan Rows": 5775, "Plan Width": 4, "Actual Min Startup Time": 1071.757, "Actual Max Startup Time": 1071.757, "Actual Min Total Time": 1083.61, "Actual Max Total Time": 1083.61, "Sort Key": ["mc.movie_id"], "Sort Method": "quicksort", "Sort Space Min Used": 4557, "Sort Space Max Used": 4557, "Sort Space Type": "Memory", "Plans": [{"Node Type": "Merge Join", "Parent Relationship": "Outer", "Join Type": "Inner", "Startup Cost": 63927.73, "Total Cost": 64194.32, "Plan Rows": 5775, "Plan Width": 4, "Actual Min Startup Time": 1036.2, "Actual Max Startup Time": 1036.2, "Actual Min Total Time": 1054.675, "Actual Max Total Time": 1054.675, "Inner Unique": false, "Merge Cond": "(cn.id = mc.company_id)", "Plans": [{"Node Type": "Sort", "Parent Relationship": "Outer", "Startup Cost": 6300.31, "Total Cost": 6316.04, "Plan Rows": 6290, "Plan Width": 4, "Actual Min Startup Time": 84.52, "Actual Max Startup Time": 84.52, "Actual Min Total Time": 84.83, "Actual Max Total Time": 84.83, "Sort Key": ["cn.id"], "Sort Method": "quicksort", "Sort Space Min Used": 615, "Sort Space Max Used": 615, "Sort Space Type": "Memory", "Plans": [{"Node Type": "Seq Scan", "Parent Relationship": "Outer", "Relation Name": "company_name", "Alias": "cn", "Startup Cost": 0.0, "Total Cost": 5903.45, "Plan Rows": 6290, "Plan Width": 4, "Actual Min Startup Time": 0.04, "Actual Max Startup Time": 0.04, "Actual Min Total Time": 82.059, "Actual Max Total Time": 82.059, "Filter": "((country_code)::text = '[jp]'::text)", "Rows Removed by Filter": 228244, "Actual Rows": 6752}], "Actual Rows": 2418}, {"Node Type": "Sort", "Parent Relationship": "Inner", "Startup Cost": 57622.68, "Total Cost": 57713.74, "Plan Rows": 36426, "Plan Width": 8, "Actual Min Startup Time": 951.662, "Actual Max Startup Time": 951.662, "Actual Min Total Time": 957.557, "Actual Max Total Time": 957.557, "Sort Key": ["mc.company_id"], "Sort Method": "quicksort", "Sort Space Min Used": 4593, "Sort Space Max Used": 4593, "Sort Space Type": "Memory", "Plans": [{"Node Type": "Seq Scan", "Parent Relationship": "Outer", "Relation Name": "movie_companies", "Alias": "mc", "Startup Cost": 0.0, "Total Cost": 54862.92, "Plan Rows": 36426, "Plan Width": 8, "Actual Min Startup Time": 0.249, "Actual Max Startup Time": 0.249, "Actual Min Total Time": 935.685, "Actual Max Total Time": 935.685, "Filter": "(((note)::text ~~ '%(Japan)%'::text) AND ((note)::text !~~ '%(USA)%'::text))", "Rows Removed by Filter": 2560231, "Actual Rows": 48897}], "Actual Rows": 48897}], "Actual Rows": 48328}], "Actual Rows": 54212}], "Actual Rows": 7438}, {"Node Type": "Sort", "Parent Relationship": "Inner", "Startup Cost": 328951.73, "Total Cost": 335272.51, "Plan Rows": 2528311, "Plan Width": 21, "Actual Min Startup Time": 1884.625, "Actual Max Startup Time": 1884.625, "Actual Min Total Time": 2455.458, "Actual Max Total Time": 2455.458, "Sort Key": ["t.id"], "Sort Method": "quicksort", "Sort Space Min Used": 344074, "Sort Space Max Used": 344074, "Sort Space Type": "Memory", "Plans": [{"Node Type": "Seq Scan", "Parent Relationship": "Outer", "Relation Name": "title", "Alias": "t", "Startup Cost": 0.0, "Total Cost": 60069.11, "Plan Rows": 2528311, "Plan Width": 21, "Actual Min Startup Time": 0.025, "Actual Max Startup Time": 0.025, "Actual Min Total Time": 770.237, "Actual Max Total Time": 770.237, "Actual Rows": 2528311}], "Actual Rows": 2523872}], "Actual Rows": 7438}], "Actual Rows": 7462}], "Actual Rows": 62}], "Actual Rows": 1}, "Triggers": [], "Planner Runtime": 67, "Total Runtime": 7722.811, "Unique SQL Id": 3544391839}}, "(64, 95)": {"explain_plan": {"Plan": {"Node Type": "Aggregate", "Strategy": "Plain", "Startup Cost": 6720774816498.74, "Total Cost": 6720774816498.75, "Plan Rows": 1, "Plan Width": 97, "Plans": [{"Node Type": "Merge Join", "Parent Relationship": "Outer", "Join Type": "Inner", "Startup Cost": 5019076330833.08, "Total Cost": 6720774816495.51, "Plan Rows": 646, "Plan Width": 33, "Inner Unique": false, "Merge Cond": "(an1.person_id = ci.person_id)", "Plans": [{"Node Type": "Merge Join", "Parent Relationship": "Outer", "Join Type": "Inner", "Startup Cost": 20030754356.47, "Total Cost": 2000026606025.89, "Plan Rows": 16627, "Plan Width": 24, "Inner Unique": true, "Merge Cond": "(an1.person_id = n1.id)", "Plans": [{"Node Type": "Index Scan", "Parent Relationship": "Outer", "Scan Direction": "Forward", "Index Name": "person_id_aka_name", "Relation Name": "aka_name", "Alias": "an1", "Startup Cost": 10000000000.0, "Total Cost": 1000006896503.43, "Plan Rows": 901342, "Plan Width": 20}, {"Node Type": "Materialize", "Parent Relationship": "Inner", "Startup Cost": 10000000000.0, "Total Cost": 1000019707054.42, "Plan Rows": 13886, "Plan Width": 4, "Plans": [{"Node Type": "Index Scan", "Parent Relationship": "Outer", "Scan Direction": "Forward", "Index Name": "name_pkey", "Relation Name": "name", "Alias": "n1", "Startup Cost": 10000000000.0, "Total Cost": 1000019707019.7, "Plan Rows": 13886, "Plan Width": 4, "Filter": "(((name)::text ~~ '%Yo%'::text) AND ((name)::text !~~ '%Yu%'::text))"}]}]}, {"Node Type": "Sort", "Parent Relationship": "Inner", "Startup Cost": 4999045576476.62, "Total Cost": 4999045576477.95, "Plan Rows": 532, "Plan Width": 21, "Sort Key": ["ci.person_id"], "Plans": [{"Node Type": "Merge Join", "Parent Relationship": "Outer", "Join Type": "Inner", "Startup Cost": 4009044526257.38, "Total Cost": 4999045576452.53, "Plan Rows": 532, "Plan Width": 21, "Inner Unique": true, "Merge Cond": "(mc.company_id = cn.id)", "Plans": [{"Node Type": "Sort", "Parent Relationship": "Outer", "Startup Cost": 3999044526256.94, "Total Cost": 3999044526265.29, "Plan Rows": 3338, "Plan Width": 25, "Sort Key": ["mc.company_id"], "Plans": [{"Node Type": "Merge Join", "Parent Relationship": "Outer", "Join Type": "Inner", "Startup Cost": 2020014670250.22, "Total Cost": 3999044526061.59, "Plan Rows": 3338, "Plan Width": 25, "Inner Unique": false, "Merge Cond": "(ci.movie_id = mc.movie_id)", "Plans": [{"Node Type": "Merge Join", "Parent Relationship": "Outer", "Join Type": "Inner", "Startup Cost": 2010014670250.22, "Total Cost": 2999142698151.94, "Plan Rows": 8790, "Plan Width": 29, "Inner Unique": true, "Merge Cond": "(ci.movie_id = t.id)", "Plans": [{"Node Type": "Sort", "Parent Relationship": "Outer", "Startup Cost": 2000014670250.22, "Total Cost": 2000014670272.19, "Plan Rows": 8790, "Plan Width": 8, "Sort Key": ["ci.movie_id"], "Plans": [{"Node Type": "Nested Loop", "Parent Relationship": "Outer", "Join Type": "Inner", "Startup Cost": 20000000000.0, "Total Cost": 2000014669674.4, "Plan Rows": 8790, "Plan Width": 8, "Inner Unique": false, "Plans": [{"Node Type": "Index Scan", "Parent Relationship": "Outer", "Scan Direction": "Forward", "Index Name": "role_type_pkey", "Relation Name": "role_type", "Alias": "rt", "Startup Cost": 10000000000.0, "Total Cost": 1000000001246.0, "Plan Rows": 1, "Plan Width": 4, "Filter": "((role)::text = 'actress'::text)"}, {"Node Type": "Index Scan", "Parent Relationship": "Inner", "Scan Direction": "Forward", "Index Name": "role_id_cast_info", "Relation Name": "cast_info", "Alias": "ci", "Startup Cost": 10000000000.0, "Total Cost": 1000014668340.5, "Plan Rows": 8790, "Plan Width": 12, "Index Cond": "(role_id = rt.id)", "Filter": "((note)::text = '(voice: English version)'::text)"}]}]}, {"Node Type": "Index Scan", "Parent Relationship": "Inner", "Scan Direction": "Forward", "Index Name": "title_pkey", "Relation Name": "title", "Alias": "t", "Startup Cost": 10000000000.0, "Total Cost": 1000011012048.91, "Plan Rows": 2528311, "Plan Width": 21}]}, {"Node Type": "Index Scan", "Parent Relationship": "Inner", "Scan Direction": "Forward", "Index Name": "movie_id_movie_companies", "Relation Name": "movie_companies", "Alias": "mc", "Startup Cost": 10000000000.0, "Total Cost": 1000014356510.13, "Plan Rows": 36426, "Plan Width": 8, "Filter": "(((note)::text ~~ '%(Japan)%'::text) AND ((note)::text !~~ '%(USA)%'::text))"}]}]}, {"Node Type": "Index Scan", "Parent Relationship": "Inner", "Scan Direction": "Forward", "Index Name": "company_name_pkey", "Relation Name": "company_name", "Alias": "cn", "Startup Cost": 10000000000.0, "Total Cost": 1000001050138.97, "Plan Rows": 6290, "Plan Width": 4, "Filter": "((country_code)::text = '[jp]'::text)"}]}]}]}]}, "Unique SQL Id": 3544391839, "Planner Runtime": 135}, "explain_analyze_plan": null}, "(64, 96)": {"explain_plan": {"Plan": {"Node Type": "Aggregate", "Strategy": "Plain", "Startup Cost": 90279.98, "Total Cost": 90279.99, "Plan Rows": 1, "Plan Width": 97, "Plans": [{"Node Type": "Nested Loop", "Parent Relationship": "Outer", "Join Type": "Inner", "Startup Cost": 5983.24, "Total Cost": 90279.92, "Plan Rows": 12, "Plan Width": 33, "Inner Unique": true, "Plans": [{"Node Type": "Nested Loop", "Parent Relationship": "Outer", "Join Type": "Inner", "Startup Cost": 5983.24, "Total Cost": 89904.38, "Plan Rows": 645, "Plan Width": 41, "Inner Unique": false, "Plans": [{"Node Type": "Hash Join", "Parent Relationship": "Outer", "Join Type": "Inner", "Startup Cost": 5983.24, "Total Cost": 89450.16, "Plan Rows": 532, "Plan Width": 21, "Inner Unique": true, "Hash Cond": "(ci.role_id = rt.id)", "Plans": [{"Node Type": "Nested Loop", "Parent Relationship": "Outer", "Join Type": "Inner", "Startup Cost": 5982.08, "Total Cost": 89429.03, "Plan Rows": 5847, "Plan Width": 25, "Inner Unique": false, "Plans": [{"Node Type": "Nested Loop", "Parent Relationship": "Outer", "Join Type": "Inner", "Startup Cost": 5982.08, "Total Cost": 83686.44, "Plan Rows": 5775, "Plan Width": 25, "Inner Unique": true, "Plans": [{"Node Type": "Hash Join", "Parent Relationship": "Outer", "Join Type": "Inner", "Startup Cost": 5982.08, "Total Cost": 61039.34, "Plan Rows": 5775, "Plan Width": 4, "Inner Unique": true, "Hash Cond": "(mc.company_id = cn.id)", "Plans": [{"Node Type": "Seq Scan", "Parent Relationship": "Outer", "Relation Name": "movie_companies", "Alias": "mc", "Startup Cost": 0.0, "Total Cost": 54862.92, "Plan Rows": 36426, "Plan Width": 8, "Filter": "(((note)::text ~~ '%(Japan)%'::text) AND ((note)::text !~~ '%(USA)%'::text))"}, {"Node Type": "Hash", "Parent Relationship": "Inner", "Startup Cost": 5903.45, "Total Cost": 5903.45, "Plan Rows": 6290, "Plan Width": 4, "Plans": [{"Node Type": "Seq Scan", "Parent Relationship": "Outer", "Relation Name": "company_name", "Alias": "cn", "Startup Cost": 0.0, "Total Cost": 5903.45, "Plan Rows": 6290, "Plan Width": 4, "Filter": "((country_code)::text = '[jp]'::text)"}]}]}, {"Node Type": "Index Scan", "Parent Relationship": "Inner", "Scan Direction": "Forward", "Index Name": "title_pkey", "Relation Name": "title", "Alias": "t", "Startup Cost": 0.0, "Total Cost": 3.91, "Plan Rows": 1, "Plan Width": 21, "Index Cond": "(id = mc.movie_id)"}]}, {"Node Type": "Index Scan", "Parent Relationship": "Inner", "Scan Direction": "Forward", "Index Name": "movie_id_cast_info", "Relation Name": "cast_info", "Alias": "ci", "Startup Cost": 0.0, "Total Cost": 0.98, "Plan Rows": 1, "Plan Width": 12, "Index Cond": "(movie_id = t.id)", "Filter": "((note)::text = '(voice: English version)'::text)"}]}, {"Node Type": "Hash", "Parent Relationship": "Inner", "Startup Cost": 1.15, "Total Cost": 1.15, "Plan Rows": 1, "Plan Width": 4, "Plans": [{"Node Type": "Seq Scan", "Parent Relationship": "Outer", "Relation Name": "role_type", "Alias": "rt", "Startup Cost": 0.0, "Total Cost": 1.15, "Plan Rows": 1, "Plan Width": 4, "Filter": "((role)::text = 'actress'::text)"}]}]}, {"Node Type": "Index Scan", "Parent Relationship": "Inner", "Scan Direction": "Forward", "Index Name": "person_id_aka_name", "Relation Name": "aka_name", "Alias": "an1", "Startup Cost": 0.0, "Total Cost": 0.84, "Plan Rows": 1, "Plan Width": 20, "Index Cond": "(person_id = ci.person_id)"}]}, {"Node Type": "Index Scan", "Parent Relationship": "Inner", "Scan Direction": "Forward", "Index Name": "name_pkey", "Relation Name": "name", "Alias": "n1", "Startup Cost": 0.0, "Total Cost": 0.57, "Plan Rows": 1, "Plan Width": 4, "Index Cond": "(id = an1.person_id)", "Filter": "(((name)::text ~~ '%Yo%'::text) AND ((name)::text !~~ '%Yu%'::text))"}]}]}, "Unique SQL Id": 3544391839, "Planner Runtime": 22}, "explain_analyze_plan": {"Plan": {"Node Type": "Aggregate", "Strategy": "Plain", "Startup Cost": 90279.98, "Total Cost": 90279.99, "Plan Rows": 1, "Plan Width": 97, "Actual Startup Time": 4186.592, "Actual Total Time": 4186.593, "Actual Rows": 1, "Actual Loops": 1, "Plans": [{"Node Type": "Nested Loop", "Parent Relationship": "Outer", "Join Type": "Inner", "Startup Cost": 5983.24, "Total Cost": 90279.92, "Plan Rows": 12, "Plan Width": 33, "Actual Startup Time": 370.366, "Actual Total Time": 4186.203, "Actual Rows": 62, "Actual Loops": 1, "Inner Unique": true, "Plans": [{"Node Type": "Nested Loop", "Parent Relationship": "Outer", "Join Type": "Inner", "Startup Cost": 5983.24, "Total Cost": 89904.38, "Plan Rows": 645, "Plan Width": 41, "Actual Startup Time": 85.309, "Actual Total Time": 4112.732, "Actual Rows": 17379, "Actual Loops": 1, "Inner Unique": false, "Plans": [{"Node Type": "Hash Join", "Parent Relationship": "Outer", "Join Type": "Inner", "Startup Cost": 5983.24, "Total Cost": 89450.16, "Plan Rows": 532, "Plan Width": 21, "Actual Startup Time": 85.291, "Actual Total Time": 4064.871, "Actual Rows": 7438, "Actual Loops": 1, "Inner Unique": true, "Hash Cond": "(ci.role_id = rt.id)", "Plans": [{"Node Type": "Nested Loop", "Parent Relationship": "Outer", "Join Type": "Inner", "Startup Cost": 5982.08, "Total Cost": 89429.03, "Plan Rows": 5847, "Plan Width": 25, "Actual Startup Time": 85.191, "Actual Total Time": 4058.596, "Actual Rows": 19600, "Actual Loops": 1, "Inner Unique": false, "Plans": [{"Node Type": "Nested Loop", "Parent Relationship": "Outer", "Join Type": "Inner", "Startup Cost": 5982.08, "Total Cost": 83686.44, "Plan Rows": 5775, "Plan Width": 25, "Actual Startup Time": 85.055, "Actual Total Time": 1322.552, "Actual Rows": 48328, "Actual Loops": 1, "Inner Unique": true, "Plans": [{"Node Type": "Hash Join", "Parent Relationship": "Outer", "Join Type": "Inner", "Startup Cost": 5982.08, "Total Cost": 61039.34, "Plan Rows": 5775, "Plan Width": 4, "Actual Startup Time": 85.006, "Actual Total Time": 1077.163, "Actual Rows": 48328, "Actual Loops": 1, "Inner Unique": true, "Hash Cond": "(mc.company_id = cn.id)", "Plans": [{"Node Type": "Seq Scan", "Parent Relationship": "Outer", "Relation Name": "movie_companies", "Alias": "mc", "Startup Cost": 0.0, "Total Cost": 54862.92, "Plan Rows": 36426, "Plan Width": 8, "Actual Startup Time": 0.239, "Actual Total Time": 959.247, "Actual Rows": 48897, "Actual Loops": 1, "Filter": "(((note)::text ~~ '%(Japan)%'::text) AND ((note)::text !~~ '%(USA)%'::text))", "Rows Removed by Filter": 2560231}, {"Node Type": "Hash", "Parent Relationship": "Inner", "Startup Cost": 5903.45, "Total Cost": 5903.45, "Plan Rows": 6290, "Plan Width": 4, "Actual Startup Time": 84.711, "Actual Total Time": 84.711, "Actual Rows": 6752, "Actual Loops": 1, "Hash Buckets": 32768, "Hash Batches": 1, "Original Hash Batches": 1, "Peak Memory Usage": 238, "Plans": [{"Node Type": "Seq Scan", "Parent Relationship": "Outer", "Relation Name": "company_name", "Alias": "cn", "Startup Cost": 0.0, "Total Cost": 5903.45, "Plan Rows": 6290, "Plan Width": 4, "Actual Startup Time": 0.026, "Actual Total Time": 82.6, "Actual Rows": 6752, "Actual Loops": 1, "Filter": "((country_code)::text = '[jp]'::text)", "Rows Removed by Filter": 228244}]}]}, {"Node Type": "Index Scan", "Parent Relationship": "Inner", "Scan Direction": "Forward", "Index Name": "title_pkey", "Relation Name": "title", "Alias": "t", "Startup Cost": 0.0, "Total Cost": 3.91, "Plan Rows": 1, "Plan Width": 21, "Actual Startup Time": 203.812, "Actual Total Time": 203.812, "Actual Rows": 48328, "Actual Loops": 48328, "Index Cond": "(id = mc.movie_id)", "Rows Removed by Index Recheck": 0}]}, {"Node Type": "Index Scan", "Parent Relationship": "Inner", "Scan Direction": "Forward", "Index Name": "movie_id_cast_info", "Relation Name": "cast_info", "Alias": "ci", "Startup Cost": 0.0, "Total Cost": 0.98, "Plan Rows": 1, "Plan Width": 12, "Actual Startup Time": 2580.795, "Actual Total Time": 2704.405, "Actual Rows": 19600, "Actual Loops": 48328, "Index Cond": "(movie_id = t.id)", "Rows Removed by Index Recheck": 0, "Filter": "((note)::text = '(voice: English version)'::text)", "Rows Removed by Filter": 1531710}]}, {"Node Type": "Hash", "Parent Relationship": "Inner", "Startup Cost": 1.15, "Total Cost": 1.15, "Plan Rows": 1, "Plan Width": 4, "Actual Startup Time": 0.049, "Actual Total Time": 0.049, "Actual Rows": 1, "Actual Loops": 1, "Hash Buckets": 32768, "Hash Batches": 1, "Original Hash Batches": 1, "Peak Memory Usage": 1, "Plans": [{"Node Type": "Seq Scan", "Parent Relationship": "Outer", "Relation Name": "role_type", "Alias": "rt", "Startup Cost": 0.0, "Total Cost": 1.15, "Plan Rows": 1, "Plan Width": 4, "Actual Startup Time": 0.032, "Actual Total Time": 0.037, "Actual Rows": 1, "Actual Loops": 1, "Filter": "((role)::text = 'actress'::text)", "Rows Removed by Filter": 11}]}]}, {"Node Type": "Index Scan", "Parent Relationship": "Inner", "Scan Direction": "Forward", "Index Name": "person_id_aka_name", "Relation Name": "aka_name", "Alias": "an1", "Startup Cost": 0.0, "Total Cost": 0.84, "Plan Rows": 1, "Plan Width": 20, "Actual Startup Time": 31.022, "Actual Total Time": 39.083, "Actual Rows": 17379, "Actual Loops": 7438, "Index Cond": "(person_id = ci.person_id)", "Rows Removed by Index Recheck": 0}]}, {"Node Type": "Index Scan", "Parent Relationship": "Inner", "Scan Direction": "Forward", "Index Name": "name_pkey", "Relation Name": "name", "Alias": "n1", "Startup Cost": 0.0, "Total Cost": 0.57, "Plan Rows": 1, "Plan Width": 4, "Actual Startup Time": 64.549, "Actual Total Time": 64.549, "Actual Rows": 62, "Actual Loops": 17379, "Index Cond": "(id = an1.person_id)", "Rows Removed by Index Recheck": 0, "Filter": "(((name)::text ~~ '%Yo%'::text) AND ((name)::text !~~ '%Yu%'::text))", "Rows Removed by Filter": 17317}]}]}, "Triggers": [], "Planner Runtime": 22, "Total Runtime": 4186.99, "Unique SQL Id": 3544391839}}, "(64, 97)": {"explain_plan": {"Plan": {"Node Type": "Aggregate", "Strategy": "Plain", "Startup Cost": 108954.59, "Total Cost": 108954.6, "Plan Rows": 1, "Plan Width": 97, "Plans": [{"Node Type": "Nested Loop", "Parent Relationship": "Outer", "Join Type": "Inner", "Startup Cost": 2793.28, "Total Cost": 108954.53, "Plan Rows": 12, "Plan Width": 33, "Inner Unique": true, "Plans": [{"Node Type": "Nested Loop", "Parent Relationship": "Outer", "Join Type": "Inner", "Startup Cost": 2793.28, "Total Cost": 108578.99, "Plan Rows": 645, "Plan Width": 41, "Inner Unique": false, "Plans": [{"Node Type": "Hash Join", "Parent Relationship": "Outer", "Join Type": "Inner", "Startup Cost": 2793.28, "Total Cost": 108124.77, "Plan Rows": 532, "Plan Width": 21, "Inner Unique": true, "Hash Cond": "(ci.role_id = rt.id)", "Plans": [{"Node Type": "Nested Loop", "Parent Relationship": "Outer", "Join Type": "Inner", "Startup Cost": 2780.8, "Total Cost": 108092.33, "Plan Rows": 5847, "Plan Width": 25, "Inner Unique": false, "Plans": [{"Node Type": "Nested Loop", "Parent Relationship": "Outer", "Join Type": "Inner", "Startup Cost": 2780.8, "Total Cost": 102349.74, "Plan Rows": 5775, "Plan Width": 25, "Inner Unique": true, "Plans": [{"Node Type": "Nested Loop", "Parent Relationship": "Outer", "Join Type": "Inner", "Startup Cost": 2780.8, "Total Cost": 79702.64, "Plan Rows": 5775, "Plan Width": 4, "Inner Unique": false, "Plans": [{"Node Type": "Bitmap Heap Scan", "Parent Relationship": "Outer", "Relation Name": "company_name", "Alias": "cn", "Startup Cost": 2780.8, "Total Cost": 8684.25, "Plan Rows": 6290, "Plan Width": 4, "Filter": "((country_code)::text = '[jp]'::text)", "Plans": [{"Node Type": "Bitmap Index Scan", "Parent Relationship": "Outer", "Index Name": "company_name_pkey", "Startup Cost": 0.0, "Total Cost": 2779.23, "Plan Rows": 234996, "Plan Width": 0}]}, {"Node Type": "Index Scan", "Parent Relationship": "Inner", "Scan Direction": "Forward", "Index Name": "company_id_movie_companies", "Relation Name": "movie_companies", "Alias": "mc", "Startup Cost": 0.0, "Total Cost": 11.28, "Plan Rows": 1, "Plan Width": 8, "Index Cond": "(company_id = cn.id)", "Filter": "(((note)::text ~~ '%(Japan)%'::text) AND ((note)::text !~~ '%(USA)%'::text))"}]}, {"Node Type": "Index Scan", "Parent Relationship": "Inner", "Scan Direction": "Forward", "Index Name": "title_pkey", "Relation Name": "title", "Alias": "t", "Startup Cost": 0.0, "Total Cost": 3.91, "Plan Rows": 1, "Plan Width": 21, "Index Cond": "(id = mc.movie_id)"}]}, {"Node Type": "Index Scan", "Parent Relationship": "Inner", "Scan Direction": "Forward", "Index Name": "movie_id_cast_info", "Relation Name": "cast_info", "Alias": "ci", "Startup Cost": 0.0, "Total Cost": 0.98, "Plan Rows": 1, "Plan Width": 12, "Index Cond": "(movie_id = t.id)", "Filter": "((note)::text = '(voice: English version)'::text)"}]}, {"Node Type": "Hash", "Parent Relationship": "Inner", "Startup Cost": 12.46, "Total Cost": 12.46, "Plan Rows": 1, "Plan Width": 4, "Plans": [{"Node Type": "Index Scan", "Parent Relationship": "Outer", "Scan Direction": "Forward", "Index Name": "role_type_pkey", "Relation Name": "role_type", "Alias": "rt", "Startup Cost": 0.0, "Total Cost": 12.46, "Plan Rows": 1, "Plan Width": 4, "Filter": "((role)::text = 'actress'::text)"}]}]}, {"Node Type": "Index Scan", "Parent Relationship": "Inner", "Scan Direction": "Forward", "Index Name": "person_id_aka_name", "Relation Name": "aka_name", "Alias": "an1", "Startup Cost": 0.0, "Total Cost": 0.84, "Plan Rows": 1, "Plan Width": 20, "Index Cond": "(person_id = ci.person_id)"}]}, {"Node Type": "Index Scan", "Parent Relationship": "Inner", "Scan Direction": "Forward", "Index Name": "name_pkey", "Relation Name": "name", "Alias": "n1", "Startup Cost": 0.0, "Total Cost": 0.57, "Plan Rows": 1, "Plan Width": 4, "Index Cond": "(id = an1.person_id)", "Filter": "(((name)::text ~~ '%Yo%'::text) AND ((name)::text !~~ '%Yu%'::text))"}]}]}, "Unique SQL Id": 3544391839, "Planner Runtime": 16}, "explain_analyze_plan": {"Plan": {"Node Type": "Aggregate", "Strategy": "Plain", "Startup Cost": 108954.59, "Total Cost": 108954.6, "Plan Rows": 1, "Plan Width": 97, "Actual Startup Time": 3978.579, "Actual Total Time": 3978.58, "Actual Rows": 1, "Actual Loops": 1, "Plans": [{"Node Type": "Nested Loop", "Parent Relationship": "Outer", "Join Type": "Inner", "Startup Cost": 2793.28, "Total Cost": 108954.53, "Plan Rows": 12, "Plan Width": 33, "Actual Startup Time": 306.923, "Actual Total Time": 3978.239, "Actual Rows": 62, "Actual Loops": 1, "Inner Unique": true, "Plans": [{"Node Type": "Nested Loop", "Parent Relationship": "Outer", "Join Type": "Inner", "Startup Cost": 2793.28, "Total Cost": 108578.99, "Plan Rows": 645, "Plan Width": 41, "Actual Startup Time": 22.536, "Actual Total Time": 3900.445, "Actual Rows": 17379, "Actual Loops": 1, "Inner Unique": false, "Plans": [{"Node Type": "Hash Join", "Parent Relationship": "Outer", "Join Type": "Inner", "Startup Cost": 2793.28, "Total Cost": 108124.77, "Plan Rows": 532, "Plan Width": 21, "Actual Startup Time": 22.518, "Actual Total Time": 3848.085, "Actual Rows": 7438, "Actual Loops": 1, "Inner Unique": true, "Hash Cond": "(ci.role_id = rt.id)", "Plans": [{"Node Type": "Nested Loop", "Parent Relationship": "Outer", "Join Type": "Inner", "Startup Cost": 2780.8, "Total Cost": 108092.33, "Plan Rows": 5847, "Plan Width": 25, "Actual Startup Time": 22.412, "Actual Total Time": 3841.279, "Actual Rows": 19600, "Actual Loops": 1, "Inner Unique": false, "Plans": [{"Node Type": "Nested Loop", "Parent Relationship": "Outer", "Join Type": "Inner", "Startup Cost": 2780.8, "Total Cost": 102349.74, "Plan Rows": 5775, "Plan Width": 25, "Actual Startup Time": 22.332, "Actual Total Time": 698.37, "Actual Rows": 48328, "Actual Loops": 1, "Inner Unique": true, "Plans": [{"Node Type": "Nested Loop", "Parent Relationship": "Outer", "Join Type": "Inner", "Startup Cost": 2780.8, "Total Cost": 79702.64, "Plan Rows": 5775, "Plan Width": 4, "Actual Startup Time": 22.312, "Actual Total Time": 371.329, "Actual Rows": 48328, "Actual Loops": 1, "Inner Unique": false, "Plans": [{"Node Type": "Bitmap Heap Scan", "Parent Relationship": "Outer", "Relation Name": "company_name", "Alias": "cn", "Startup Cost": 2780.8, "Total Cost": 8684.25, "Plan Rows": 6290, "Plan Width": 4, "Actual Startup Time": 22.254, "Actual Total Time": 128.063, "Actual Rows": 6752, "Actual Loops": 1, "Filter": "((country_code)::text = '[jp]'::text)", "Rows Removed by Filter": 228244, "Exact Heap Blocks": 2966, "Lossy Heap Blocks": 2966, "Plans": [{"Node Type": "Bitmap Index Scan", "Parent Relationship": "Outer", "Index Name": "company_name_pkey", "Startup Cost": 0.0, "Total Cost": 2779.23, "Plan Rows": 234996, "Plan Width": 0, "Actual Startup Time": 21.76, "Actual Total Time": 21.76, "Actual Rows": 234996, "Actual Loops": 1}]}, {"Node Type": "Index Scan", "Parent Relationship": "Inner", "Scan Direction": "Forward", "Index Name": "company_id_movie_companies", "Relation Name": "movie_companies", "Alias": "mc", "Startup Cost": 0.0, "Total Cost": 11.28, "Plan Rows": 1, "Plan Width": 8, "Actual Startup Time": 61.623, "Actual Total Time": 227.137, "Actual Rows": 48328, "Actual Loops": 6752, "Index Cond": "(company_id = cn.id)", "Rows Removed by Index Recheck": 0, "Filter": "(((note)::text ~~ '%(Japan)%'::text) AND ((note)::text !~~ '%(USA)%'::text))", "Rows Removed by Filter": 56667}]}, {"Node Type": "Index Scan", "Parent Relationship": "Inner", "Scan Direction": "Forward", "Index Name": "title_pkey", "Relation Name": "title", "Alias": "t", "Startup Cost": 0.0, "Total Cost": 3.91, "Plan Rows": 1, "Plan Width": 21, "Actual Startup Time": 284.761, "Actual Total Time": 284.761, "Actual Rows": 48328, "Actual Loops": 48328, "Index Cond": "(id = mc.movie_id)", "Rows Removed by Index Recheck": 0}]}, {"Node Type": "Index Scan", "Parent Relationship": "Inner", "Scan Direction": "Forward", "Index Name": "movie_id_cast_info", "Relation Name": "cast_info", "Alias": "ci", "Startup Cost": 0.0, "Total Cost": 0.98, "Plan Rows": 1, "Plan Width": 12, "Actual Startup Time": 2971.487, "Actual Total Time": 3110.618, "Actual Rows": 19600, "Actual Loops": 48328, "Index Cond": "(movie_id = t.id)", "Rows Removed by Index Recheck": 0, "Filter": "((note)::text = '(voice: English version)'::text)", "Rows Removed by Filter": 1531710}]}, {"Node Type": "Hash", "Parent Relationship": "Inner", "Startup Cost": 12.46, "Total Cost": 12.46, "Plan Rows": 1, "Plan Width": 4, "Actual Startup Time": 0.057, "Actual Total Time": 0.057, "Actual Rows": 1, "Actual Loops": 1, "Hash Buckets": 32768, "Hash Batches": 1, "Original Hash Batches": 1, "Peak Memory Usage": 1, "Plans": [{"Node Type": "Index Scan", "Parent Relationship": "Outer", "Scan Direction": "Forward", "Index Name": "role_type_pkey", "Relation Name": "role_type", "Alias": "rt", "Startup Cost": 0.0, "Total Cost": 12.46, "Plan Rows": 1, "Plan Width": 4, "Actual Startup Time": 0.043, "Actual Total Time": 0.049, "Actual Rows": 1, "Actual Loops": 1, "Filter": "((role)::text = 'actress'::text)", "Rows Removed by Filter": 11}]}]}, {"Node Type": "Index Scan", "Parent Relationship": "Inner", "Scan Direction": "Forward", "Index Name": "person_id_aka_name", "Relation Name": "aka_name", "Alias": "an1", "Startup Cost": 0.0, "Total Cost": 0.84, "Plan Rows": 1, "Plan Width": 20, "Actual Startup Time": 34.673, "Actual Total Time": 43.155, "Actual Rows": 17379, "Actual Loops": 7438, "Index Cond": "(person_id = ci.person_id)", "Rows Removed by Index Recheck": 0}]}, {"Node Type": "Index Scan", "Parent Relationship": "Inner", "Scan Direction": "Forward", "Index Name": "name_pkey", "Relation Name": "name", "Alias": "n1", "Startup Cost": 0.0, "Total Cost": 0.57, "Plan Rows": 1, "Plan Width": 4, "Actual Startup Time": 68.82, "Actual Total Time": 68.82, "Actual Rows": 62, "Actual Loops": 17379, "Index Cond": "(id = an1.person_id)", "Rows Removed by Index Recheck": 0, "Filter": "(((name)::text ~~ '%Yo%'::text) AND ((name)::text !~~ '%Yu%'::text))", "Rows Removed by Filter": 17317}]}]}, "Triggers": [], "Planner Runtime": 15, "Total Runtime": 3978.976, "Unique SQL Id": 3544391839}}, "(64, 98)": {"explain_plan": {"Plan": {"Node Type": "Aggregate", "Strategy": "Plain", "Startup Cost": 123459.03, "Total Cost": 123459.04, "Plan Rows": 1, "Plan Width": 97, "Plans": [{"Node Type": "Nested Loop", "Parent Relationship": "Outer", "Join Type": "Inner", "Startup Cost": 5985.74, "Total Cost": 123455.8, "Plan Rows": 646, "Plan Width": 33, "Inner Unique": true, "Plans": [{"Node Type": "Nested Loop", "Parent Relationship": "Outer", "Join Type": "Inner", "Startup Cost": 5985.41, "Total Cost": 120647.21, "Plan Rows": 645, "Plan Width": 41, "Inner Unique": false, "Plans": [{"Node Type": "Hash Join", "Parent Relationship": "Outer", "Join Type": "Inner", "Startup Cost": 5985.03, "Total Cost": 118304.65, "Plan Rows": 532, "Plan Width": 21, "Inner Unique": true, "Hash Cond": "(ci.role_id = rt.id)", "Plans": [{"Node Type": "Nested Loop", "Parent Relationship": "Outer", "Join Type": "Inner", "Startup Cost": 5983.86, "Total Cost": 118283.51, "Plan Rows": 5847, "Plan Width": 25, "Inner Unique": false, "Plans": [{"Node Type": "Nested Loop", "Parent Relationship": "Outer", "Join Type": "Inner", "Startup Cost": 5983.35, "Total Cost": 91625.69, "Plan Rows": 5775, "Plan Width": 25, "Inner Unique": true, "Plans": [{"Node Type": "Hash Join", "Parent Relationship": "Outer", "Join Type": "Inner", "Startup Cost": 5982.08, "Total Cost": 61039.34, "Plan Rows": 5775, "Plan Width": 4, "Inner Unique": true, "Hash Cond": "(mc.company_id = cn.id)", "Plans": [{"Node Type": "Seq Scan", "Parent Relationship": "Outer", "Relation Name": "movie_companies", "Alias": "mc", "Startup Cost": 0.0, "Total Cost": 54862.92, "Plan Rows": 36426, "Plan Width": 8, "Filter": "(((note)::text ~~ '%(Japan)%'::text) AND ((note)::text !~~ '%(USA)%'::text))"}, {"Node Type": "Hash", "Parent Relationship": "Inner", "Startup Cost": 5903.45, "Total Cost": 5903.45, "Plan Rows": 6290, "Plan Width": 4, "Plans": [{"Node Type": "Seq Scan", "Parent Relationship": "Outer", "Relation Name": "company_name", "Alias": "cn", "Startup Cost": 0.0, "Total Cost": 5903.45, "Plan Rows": 6290, "Plan Width": 4, "Filter": "((country_code)::text = '[jp]'::text)"}]}]}, {"Node Type": "Bitmap Heap Scan", "Parent Relationship": "Inner", "Relation Name": "title", "Alias": "t", "Startup Cost": 1.27, "Total Cost": 5.29, "Plan Rows": 1, "Plan Width": 21, "Recheck Cond": "(id = mc.movie_id)", "Plans": [{"Node Type": "Bitmap Index Scan", "Parent Relationship": "Outer", "Index Name": "title_pkey", "Startup Cost": 0.0, "Total Cost": 1.27, "Plan Rows": 1, "Plan Width": 0, "Index Cond": "(id = mc.movie_id)"}]}]}, {"Node Type": "Bitmap Heap Scan", "Parent Relationship": "Inner", "Relation Name": "cast_info", "Alias": "ci", "Startup Cost": 0.52, "Total Cost": 4.61, "Plan Rows": 1, "Plan Width": 12, "Recheck Cond": "(movie_id = t.id)", "Filter": "((note)::text = '(voice: English version)'::text)", "Plans": [{"Node Type": "Bitmap Index Scan", "Parent Relationship": "Outer", "Index Name": "movie_id_cast_info", "Startup Cost": 0.0, "Total Cost": 0.52, "Plan Rows": 6, "Plan Width": 0, "Index Cond": "(movie_id = t.id)"}]}]}, {"Node Type": "Hash", "Parent Relationship": "Inner", "Startup Cost": 1.15, "Total Cost": 1.15, "Plan Rows": 1, "Plan Width": 4, "Plans": [{"Node Type": "Seq Scan", "Parent Relationship": "Outer", "Relation Name": "role_type", "Alias": "rt", "Startup Cost": 0.0, "Total Cost": 1.15, "Plan Rows": 1, "Plan Width": 4, "Filter": "((role)::text = 'actress'::text)"}]}]}, {"Node Type": "Bitmap Heap Scan", "Parent Relationship": "Inner", "Relation Name": "aka_name", "Alias": "an1", "Startup Cost": 0.38, "Total Cost": 4.39, "Plan Rows": 1, "Plan Width": 20, "Recheck Cond": "(person_id = ci.person_id)", "Plans": [{"Node Type": "Bitmap Index Scan", "Parent Relationship": "Outer", "Index Name": "person_id_aka_name", "Startup Cost": 0.0, "Total Cost": 0.38, "Plan Rows": 1, "Plan Width": 0, "Index Cond": "(person_id = ci.person_id)"}]}]}, {"Node Type": "Bitmap Heap Scan", "Parent Relationship": "Inner", "Relation Name": "name", "Alias": "n1", "Startup Cost": 0.33, "Total Cost": 4.34, "Plan Rows": 1, "Plan Width": 4, "Recheck Cond": "(id = an1.person_id)", "Filter": "(((name)::text ~~ '%Yo%'::text) AND ((name)::text !~~ '%Yu%'::text))", "Plans": [{"Node Type": "Bitmap Index Scan", "Parent Relationship": "Outer", "Index Name": "name_pkey", "Startup Cost": 0.0, "Total Cost": 0.33, "Plan Rows": 1, "Plan Width": 0, "Index Cond": "(id = an1.person_id)"}]}]}]}, "Unique SQL Id": 3544391839, "Planner Runtime": 34}, "explain_analyze_plan": {"Plan": {"Node Type": "Aggregate", "Strategy": "Plain", "Startup Cost": 123459.03, "Total Cost": 123459.04, "Plan Rows": 1, "Plan Width": 97, "Actual Startup Time": 5124.224, "Actual Total Time": 5124.225, "Actual Rows": 1, "Actual Loops": 1, "Plans": [{"Node Type": "Nested Loop", "Parent Relationship": "Outer", "Join Type": "Inner", "Startup Cost": 5985.74, "Total Cost": 123455.8, "Plan Rows": 646, "Plan Width": 33, "Actual Startup Time": 462.337, "Actual Total Time": 5123.931, "Actual Rows": 62, "Actual Loops": 1, "Inner Unique": true, "Plans": [{"Node Type": "Nested Loop", "Parent Relationship": "Outer", "Join Type": "Inner", "Startup Cost": 5985.41, "Total Cost": 120647.21, "Plan Rows": 645, "Plan Width": 41, "Actual Startup Time": 86.158, "Actual Total Time": 5023.275, "Actual Rows": 17379, "Actual Loops": 1, "Inner Unique": false, "Plans": [{"Node Type": "Hash Join", "Parent Relationship": "Outer", "Join Type": "Inner", "Startup Cost": 5985.03, "Total Cost": 118304.65, "Plan Rows": 532, "Plan Width": 21, "Actual Startup Time": 86.129, "Actual Total Time": 4958.798, "Actual Rows": 7438, "Actual Loops": 1, "Inner Unique": true, "Hash Cond": "(ci.role_id = rt.id)", "Plans": [{"Node Type": "Nested Loop", "Parent Relationship": "Outer", "Join Type": "Inner", "Startup Cost": 5983.86, "Total Cost": 118283.51, "Plan Rows": 5847, "Plan Width": 25, "Actual Startup Time": 86.039, "Actual Total Time": 4952.151, "Actual Rows": 19600, "Actual Loops": 1, "Inner Unique": false, "Plans": [{"Node Type": "Nested Loop", "Parent Relationship": "Outer", "Join Type": "Inner", "Startup Cost": 5983.35, "Total Cost": 91625.69, "Plan Rows": 5775, "Plan Width": 25, "Actual Startup Time": 85.816, "Actual Total Time": 1442.844, "Actual Rows": 48328, "Actual Loops": 1, "Inner Unique": true, "Plans": [{"Node Type": "Hash Join", "Parent Relationship": "Outer", "Join Type": "Inner", "Startup Cost": 5982.08, "Total Cost": 61039.34, "Plan Rows": 5775, "Plan Width": 4, "Actual Startup Time": 85.742, "Actual Total Time": 1086.775, "Actual Rows": 48328, "Actual Loops": 1, "Inner Unique": true, "Hash Cond": "(mc.company_id = cn.id)", "Plans": [{"Node Type": "Seq Scan", "Parent Relationship": "Outer", "Relation Name": "movie_companies", "Alias": "mc", "Startup Cost": 0.0, "Total Cost": 54862.92, "Plan Rows": 36426, "Plan Width": 8, "Actual Startup Time": 0.241, "Actual Total Time": 963.727, "Actual Rows": 48897, "Actual Loops": 1, "Filter": "(((note)::text ~~ '%(Japan)%'::text) AND ((note)::text !~~ '%(USA)%'::text))", "Rows Removed by Filter": 2560231}, {"Node Type": "Hash", "Parent Relationship": "Inner", "Startup Cost": 5903.45, "Total Cost": 5903.45, "Plan Rows": 6290, "Plan Width": 4, "Actual Startup Time": 85.443, "Actual Total Time": 85.443, "Actual Rows": 6752, "Actual Loops": 1, "Hash Buckets": 32768, "Hash Batches": 1, "Original Hash Batches": 1, "Peak Memory Usage": 238, "Plans": [{"Node Type": "Seq Scan", "Parent Relationship": "Outer", "Relation Name": "company_name", "Alias": "cn", "Startup Cost": 0.0, "Total Cost": 5903.45, "Plan Rows": 6290, "Plan Width": 4, "Actual Startup Time": 0.027, "Actual Total Time": 83.328, "Actual Rows": 6752, "Actual Loops": 1, "Filter": "((country_code)::text = '[jp]'::text)", "Rows Removed by Filter": 228244}]}]}, {"Node Type": "Bitmap Heap Scan", "Parent Relationship": "Inner", "Relation Name": "title", "Alias": "t", "Startup Cost": 1.27, "Total Cost": 5.29, "Plan Rows": 1, "Plan Width": 21, "Actual Startup Time": 277.196, "Actual Total Time": 277.196, "Actual Rows": 48328, "Actual Loops": 48328, "Recheck Cond": "(id = mc.movie_id)", "Rows Removed by Index Recheck": 0, "Exact Heap Blocks": 48328, "Lossy Heap Blocks": 48328, "Plans": [{"Node Type": "Bitmap Index Scan", "Parent Relationship": "Outer", "Index Name": "title_pkey", "Startup Cost": 0.0, "Total Cost": 1.27, "Plan Rows": 1, "Plan Width": 0, "Actual Startup Time": 152.687, "Actual Total Time": 152.687, "Actual Rows": 48328, "Actual Loops": 48328, "Index Cond": "(id = mc.movie_id)"}]}]}, {"Node Type": "Bitmap Heap Scan", "Parent Relationship": "Inner", "Relation Name": "cast_info", "Alias": "ci", "Startup Cost": 0.52, "Total Cost": 4.61, "Plan Rows": 1, "Plan Width": 12, "Actual Startup Time": 3292.947, "Actual Total Time": 3435.644, "Actual Rows": 19600, "Actual Loops": 48328, "Recheck Cond": "(movie_id = t.id)", "Rows Removed by Index Recheck": 0, "Filter": "((note)::text = '(voice: English version)'::text)", "Rows Removed by Filter": 1531710, "Exact Heap Blocks": 1503105, "Lossy Heap Blocks": 1503105, "Plans": [{"Node Type": "Bitmap Index Scan", "Parent Relationship": "Outer", "Index Name": "movie_id_cast_info", "Startup Cost": 0.0, "Total Cost": 0.52, "Plan Rows": 6, "Plan Width": 0, "Actual Startup Time": 451.694, "Actual Total Time": 451.694, "Actual Rows": 1551310, "Actual Loops": 48328, "Index Cond": "(movie_id = t.id)"}]}]}, {"Node Type": "Hash", "Parent Relationship": "Inner", "Startup Cost": 1.15, "Total Cost": 1.15, "Plan Rows": 1, "Plan Width": 4, "Actual Startup Time": 0.045, "Actual Total Time": 0.045, "Actual Rows": 1, "Actual Loops": 1, "Hash Buckets": 32768, "Hash Batches": 1, "Original Hash Batches": 1, "Peak Memory Usage": 1, "Plans": [{"Node Type": "Seq Scan", "Parent Relationship": "Outer", "Relation Name": "role_type", "Alias": "rt", "Startup Cost": 0.0, "Total Cost": 1.15, "Plan Rows": 1, "Plan Width": 4, "Actual Startup Time": 0.031, "Actual Total Time": 0.036, "Actual Rows": 1, "Actual Loops": 1, "Filter": "((role)::text = 'actress'::text)", "Rows Removed by Filter": 11}]}]}, {"Node Type": "Bitmap Heap Scan", "Parent Relationship": "Inner", "Relation Name": "aka_name", "Alias": "an1", "Startup Cost": 0.38, "Total Cost": 4.39, "Plan Rows": 1, "Plan Width": 20, "Actual Startup Time": 44.813, "Actual Total Time": 49.996, "Actual Rows": 17379, "Actual Loops": 7438, "Recheck Cond": "(person_id = ci.person_id)", "Rows Removed by Index Recheck": 0, "Exact Heap Blocks": 6514, "Lossy Heap Blocks": 6514, "Plans": [{"Node Type": "Bitmap Index Scan", "Parent Relationship": "Outer", "Index Name": "person_id_aka_name", "Startup Cost": 0.0, "Total Cost": 0.38, "Plan Rows": 1, "Plan Width": 0, "Actual Startup Time": 29.678, "Actual Total Time": 29.678, "Actual Rows": 17379, "Actual Loops": 7438, "Index Cond": "(person_id = ci.person_id)"}]}]}, {"Node Type": "Bitmap Heap Scan", "Parent Relationship": "Inner", "Relation Name": "name", "Alias": "n1", "Startup Cost": 0.33, "Total Cost": 4.34, "Plan Rows": 1, "Plan Width": 4, "Actual Startup Time": 79.998, "Actual Total Time": 79.998, "Actual Rows": 62, "Actual Loops": 17379, "Recheck Cond": "(id = an1.person_id)", "Rows Removed by Index Recheck": 0, "Filter": "(((name)::text ~~ '%Yo%'::text) AND ((name)::text !~~ '%Yu%'::text))", "Rows Removed by Filter": 17317, "Exact Heap Blocks": 17379, "Lossy Heap Blocks": 17379, "Plans": [{"Node Type": "Bitmap Index Scan", "Parent Relationship": "Outer", "Index Name": "name_pkey", "Startup Cost": 0.0, "Total Cost": 0.33, "Plan Rows": 1, "Plan Width": 0, "Actual Startup Time": 46.702, "Actual Total Time": 46.702, "Actual Rows": 17379, "Actual Loops": 17379, "Index Cond": "(id = an1.person_id)"}]}]}]}, "Triggers": [], "Planner Runtime": 34, "Total Runtime": 5124.636, "Unique SQL Id": 3544391839}}, "(64, 99)": {"explain_plan": {"Plan": {"Node Type": "Aggregate", "Strategy": "Plain", "Startup Cost": 166565.05, "Total Cost": 166565.06, "Plan Rows": 1, "Plan Width": 97, "Plans": [{"Node Type": "Nested Loop", "Parent Relationship": "Outer", "Join Type": "Inner", "Startup Cost": 2799.72, "Total Cost": 166564.99, "Plan Rows": 12, "Plan Width": 33, "Inner Unique": false, "Join Filter": "(n1.id = an1.person_id)", "Plans": [{"Node Type": "Nested Loop", "Parent Relationship": "Outer", "Join Type": "Inner", "Startup Cost": 2799.34, "Total Cost": 166221.34, "Plan Rows": 78, "Plan Width": 25, "Inner Unique": true, "Plans": [{"Node Type": "Hash Join", "Parent Relationship": "Outer", "Join Type": "Inner", "Startup Cost": 2798.44, "Total Cost": 163598.7, "Plan Rows": 532, "Plan Width": 21, "Inner Unique": true, "Hash Cond": "(ci.role_id = rt.id)", "Plans": [{"Node Type": "Nested Loop", "Parent Relationship": "Outer", "Join Type": "Inner", "Startup Cost": 2785.97, "Total Cost": 163566.25, "Plan Rows": 5847, "Plan Width": 25, "Inner Unique": false, "Plans": [{"Node Type": "Nested Loop", "Parent Relationship": "Outer", "Join Type": "Inner", "Startup Cost": 2785.45, "Total Cost": 136908.44, "Plan Rows": 5775, "Plan Width": 25, "Inner Unique": true, "Plans": [{"Node Type": "Nested Loop", "Parent Relationship": "Outer", "Join Type": "Inner", "Startup Cost": 2784.18, "Total Cost": 106322.09, "Plan Rows": 5775, "Plan Width": 4, "Inner Unique": false, "Plans": [{"Node Type": "Bitmap Heap Scan", "Parent Relationship": "Outer", "Relation Name": "company_name", "Alias": "cn", "Startup Cost": 2780.8, "Total Cost": 8684.25, "Plan Rows": 6290, "Plan Width": 4, "Filter": "((country_code)::text = '[jp]'::text)", "Plans": [{"Node Type": "Bitmap Index Scan", "Parent Relationship": "Outer", "Index Name": "company_name_pkey", "Startup Cost": 0.0, "Total Cost": 2779.23, "Plan Rows": 234996, "Plan Width": 0}]}, {"Node Type": "Bitmap Heap Scan", "Parent Relationship": "Inner", "Relation Name": "movie_companies", "Alias": "mc", "Startup Cost": 3.37, "Total Cost": 15.51, "Plan Rows": 1, "Plan Width": 8, "Recheck Cond": "(company_id = cn.id)", "Filter": "(((note)::text ~~ '%(Japan)%'::text) AND ((note)::text !~~ '%(USA)%'::text))", "Plans": [{"Node Type": "Bitmap Index Scan", "Parent Relationship": "Outer", "Index Name": "company_id_movie_companies", "Startup Cost": 0.0, "Total Cost": 3.37, "Plan Rows": 15, "Plan Width": 0, "Index Cond": "(company_id = cn.id)"}]}]}, {"Node Type": "Bitmap Heap Scan", "Parent Relationship": "Inner", "Relation Name": "title", "Alias": "t", "Startup Cost": 1.27, "Total Cost": 5.29, "Plan Rows": 1, "Plan Width": 21, "Recheck Cond": "(id = mc.movie_id)", "Plans": [{"Node Type": "Bitmap Index Scan", "Parent Relationship": "Outer", "Index Name": "title_pkey", "Startup Cost": 0.0, "Total Cost": 1.27, "Plan Rows": 1, "Plan Width": 0, "Index Cond": "(id = mc.movie_id)"}]}]}, {"Node Type": "Bitmap Heap Scan", "Parent Relationship": "Inner", "Relation Name": "cast_info", "Alias": "ci", "Startup Cost": 0.52, "Total Cost": 4.61, "Plan Rows": 1, "Plan Width": 12, "Recheck Cond": "(movie_id = t.id)", "Filter": "((note)::text = '(voice: English version)'::text)", "Plans": [{"Node Type": "Bitmap Index Scan", "Parent Relationship": "Outer", "Index Name": "movie_id_cast_info", "Startup Cost": 0.0, "Total Cost": 0.52, "Plan Rows": 6, "Plan Width": 0, "Index Cond": "(movie_id = t.id)"}]}]}, {"Node Type": "Hash", "Parent Relationship": "Inner", "Startup Cost": 12.46, "Total Cost": 12.46, "Plan Rows": 1, "Plan Width": 4, "Plans": [{"Node Type": "Bitmap Heap Scan", "Parent Relationship": "Outer", "Relation Name": "role_type", "Alias": "rt", "Startup Cost": 8.31, "Total Cost": 12.46, "Plan Rows": 1, "Plan Width": 4, "Filter": "((role)::text = 'actress'::text)", "Plans": [{"Node Type": "Bitmap Index Scan", "Parent Relationship": "Outer", "Index Name": "role_type_pkey", "Startup Cost": 0.0, "Total Cost": 8.31, "Plan Rows": 12, "Plan Width": 0}]}]}]}, {"Node Type": "Bitmap Heap Scan", "Parent Relationship": "Inner", "Relation Name": "name", "Alias": "n1", "Startup Cost": 0.9, "Total Cost": 4.92, "Plan Rows": 1, "Plan Width": 4, "Recheck Cond": "(id = ci.person_id)", "Filter": "(((name)::text ~~ '%Yo%'::text) AND ((name)::text !~~ '%Yu%'::text))", "Plans": [{"Node Type": "Bitmap Index Scan", "Parent Relationship": "Outer", "Index Name": "name_pkey", "Startup Cost": 0.0, "Total Cost": 0.9, "Plan Rows": 1, "Plan Width": 0, "Index Cond": "(id = ci.person_id)"}]}]}, {"Node Type": "Bitmap Heap Scan", "Parent Relationship": "Inner", "Relation Name": "aka_name", "Alias": "an1", "Startup Cost": 0.38, "Total Cost": 4.39, "Plan Rows": 1, "Plan Width": 20, "Recheck Cond": "(person_id = ci.person_id)", "Plans": [{"Node Type": "Bitmap Index Scan", "Parent Relationship": "Outer", "Index Name": "person_id_aka_name", "Startup Cost": 0.0, "Total Cost": 0.38, "Plan Rows": 1, "Plan Width": 0, "Index Cond": "(person_id = ci.person_id)"}]}]}]}, "Unique SQL Id": 3544391839, "Planner Runtime": 14}, "explain_analyze_plan": {"Plan": {"Node Type": "Aggregate", "Strategy": "Plain", "Startup Cost": 166565.05, "Total Cost": 166565.06, "Plan Rows": 1, "Plan Width": 97, "Actual Startup Time": 4841.754, "Actual Total Time": 4841.754, "Actual Rows": 1, "Actual Loops": 1, "Plans": [{"Node Type": "Nested Loop", "Parent Relationship": "Outer", "Join Type": "Inner", "Startup Cost": 2799.72, "Total Cost": 166564.99, "Plan Rows": 12, "Plan Width": 33, "Actual Startup Time": 374.017, "Actual Total Time": 4841.372, "Actual Rows": 62, "Actual Loops": 1, "Inner Unique": false, "Join Filter": "(n1.id = an1.person_id)", "Rows Removed by Join Filter": 0, "Plans": [{"Node Type": "Nested Loop", "Parent Relationship": "Outer", "Join Type": "Inner", "Startup Cost": 2799.34, "Total Cost": 166221.34, "Plan Rows": 78, "Plan Width": 25, "Actual Startup Time": 373.972, "Actual Total Time": 4840.615, "Actual Rows": 38, "Actual Loops": 1, "Inner Unique": true, "Plans": [{"Node Type": "Hash Join", "Parent Relationship": "Outer", "Join Type": "Inner", "Startup Cost": 2798.44, "Total Cost": 163598.7, "Plan Rows": 532, "Plan Width": 21, "Actual Startup Time": 22.319, "Actual Total Time": 4777.643, "Actual Rows": 7438, "Actual Loops": 1, "Inner Unique": true, "Hash Cond": "(ci.role_id = rt.id)", "Plans": [{"Node Type": "Nested Loop", "Parent Relationship": "Outer", "Join Type": "Inner", "Startup Cost": 2785.97, "Total Cost": 163566.25, "Plan Rows": 5847, "Plan Width": 25, "Actual Startup Time": 22.206, "Actual Total Time": 4770.382, "Actual Rows": 19600, "Actual Loops": 1, "Inner Unique": false, "Plans": [{"Node Type": "Nested Loop", "Parent Relationship": "Outer", "Join Type": "Inner", "Startup Cost": 2785.45, "Total Cost": 136908.44, "Plan Rows": 5775, "Plan Width": 25, "Actual Startup Time": 22.102, "Actual Total Time": 864.035, "Actual Rows": 48328, "Actual Loops": 1, "Inner Unique": true, "Plans": [{"Node Type": "Nested Loop", "Parent Relationship": "Outer", "Join Type": "Inner", "Startup Cost": 2784.18, "Total Cost": 106322.09, "Plan Rows": 5775, "Plan Width": 4, "Actual Startup Time": 22.077, "Actual Total Time": 434.036, "Actual Rows": 48328, "Actual Loops": 1, "Inner Unique": false, "Plans": [{"Node Type": "Bitmap Heap Scan", "Parent Relationship": "Outer", "Relation Name": "company_name", "Alias": "cn", "Startup Cost": 2780.8, "Total Cost": 8684.25, "Plan Rows": 6290, "Plan Width": 4, "Actual Startup Time": 22.004, "Actual Total Time": 144.693, "Actual Rows": 6752, "Actual Loops": 1, "Filter": "((country_code)::text = '[jp]'::text)", "Rows Removed by Filter": 228244, "Exact Heap Blocks": 2966, "Lossy Heap Blocks": 2966, "Plans": [{"Node Type": "Bitmap Index Scan", "Parent Relationship": "Outer", "Index Name": "company_name_pkey", "Startup Cost": 0.0, "Total Cost": 2779.23, "Plan Rows": 234996, "Plan Width": 0, "Actual Startup Time": 21.511, "Actual Total Time": 21.511, "Actual Rows": 234996, "Actual Loops": 1}]}, {"Node Type": "Bitmap Heap Scan", "Parent Relationship": "Inner", "Relation Name": "movie_companies", "Alias": "mc", "Startup Cost": 3.37, "Total Cost": 15.51, "Plan Rows": 1, "Plan Width": 8, "Actual Startup Time": 94.706, "Actual Total Time": 265.557, "Actual Rows": 48328, "Actual Loops": 6752, "Recheck Cond": "(company_id = cn.id)", "Rows Removed by Index Recheck": 0, "Filter": "(((note)::text ~~ '%(Japan)%'::text) AND ((note)::text !~~ '%(USA)%'::text))", "Rows Removed by Filter": 56667, "Exact Heap Blocks": 61861, "Lossy Heap Blocks": 61861, "Plans": [{"Node Type": "Bitmap Index Scan", "Parent Relationship": "Outer", "Index Name": "company_id_movie_companies", "Startup Cost": 0.0, "Total Cost": 3.37, "Plan Rows": 15, "Plan Width": 0, "Actual Startup Time": 49.888, "Actual Total Time": 49.888, "Actual Rows": 104995, "Actual Loops": 6752, "Index Cond": "(company_id = cn.id)"}]}]}, {"Node Type": "Bitmap Heap Scan", "Parent Relationship": "Inner", "Relation Name": "title", "Alias": "t", "Startup Cost": 1.27, "Total Cost": 5.29, "Plan Rows": 1, "Plan Width": 21, "Actual Startup Time": 352.265, "Actual Total Time": 352.265, "Actual Rows": 48328, "Actual Loops": 48328, "Recheck Cond": "(id = mc.movie_id)", "Rows Removed by Index Recheck": 0, "Exact Heap Blocks": 48328, "Lossy Heap Blocks": 48328, "Plans": [{"Node Type": "Bitmap Index Scan", "Parent Relationship": "Outer", "Index Name": "title_pkey", "Startup Cost": 0.0, "Total Cost": 1.27, "Plan Rows": 1, "Plan Width": 0, "Actual Startup Time": 200.758, "Actual Total Time": 200.758, "Actual Rows": 48328, "Actual Loops": 48328, "Index Cond": "(id = mc.movie_id)"}]}]}, {"Node Type": "Bitmap Heap Scan", "Parent Relationship": "Inner", "Relation Name": "cast_info", "Alias": "ci", "Startup Cost": 0.52, "Total Cost": 4.61, "Plan Rows": 1, "Plan Width": 12, "Actual Startup Time": 3678.427, "Actual Total Time": 3832.864, "Actual Rows": 19600, "Actual Loops": 48328, "Recheck Cond": "(movie_id = t.id)", "Rows Removed by Index Recheck": 0, "Filter": "((note)::text = '(voice: English version)'::text)", "Rows Removed by Filter": 1531710, "Exact Heap Blocks": 1503105, "Lossy Heap Blocks": 1503105, "Plans": [{"Node Type": "Bitmap Index Scan", "Parent Relationship": "Outer", "Index Name": "movie_id_cast_info", "Startup Cost": 0.0, "Total Cost": 0.52, "Plan Rows": 6, "Plan Width": 0, "Actual Startup Time": 524.47, "Actual Total Time": 524.47, "Actual Rows": 1551310, "Actual Loops": 48328, "Index Cond": "(movie_id = t.id)"}]}]}, {"Node Type": "Hash", "Parent Relationship": "Inner", "Startup Cost": 12.46, "Total Cost": 12.46, "Plan Rows": 1, "Plan Width": 4, "Actual Startup Time": 0.065, "Actual Total Time": 0.065, "Actual Rows": 1, "Actual Loops": 1, "Hash Buckets": 32768, "Hash Batches": 1, "Original Hash Batches": 1, "Peak Memory Usage": 1, "Plans": [{"Node Type": "Bitmap Heap Scan", "Parent Relationship": "Outer", "Relation Name": "role_type", "Alias": "rt", "Startup Cost": 8.31, "Total Cost": 12.46, "Plan Rows": 1, "Plan Width": 4, "Actual Startup Time": 0.054, "Actual Total Time": 0.057, "Actual Rows": 1, "Actual Loops": 1, "Filter": "((role)::text = 'actress'::text)", "Rows Removed by Filter": 11, "Exact Heap Blocks": 1, "Lossy Heap Blocks": 1, "Plans": [{"Node Type": "Bitmap Index Scan", "Parent Relationship": "Outer", "Index Name": "role_type_pkey", "Startup Cost": 0.0, "Total Cost": 8.31, "Plan Rows": 12, "Plan Width": 0, "Actual Startup Time": 0.018, "Actual Total Time": 0.018, "Actual Rows": 12, "Actual Loops": 1}]}]}]}, {"Node Type": "Bitmap Heap Scan", "Parent Relationship": "Inner", "Relation Name": "name", "Alias": "n1", "Startup Cost": 0.9, "Total Cost": 4.92, "Plan Rows": 1, "Plan Width": 4, "Actual Startup Time": 52.683, "Actual Total Time": 52.683, "Actual Rows": 38, "Actual Loops": 7438, "Recheck Cond": "(id = ci.person_id)", "Rows Removed by Index Recheck": 0, "Filter": "(((name)::text ~~ '%Yo%'::text) AND ((name)::text !~~ '%Yu%'::text))", "Rows Removed by Filter": 7400, "Exact Heap Blocks": 7438, "Lossy Heap Blocks": 7438, "Plans": [{"Node Type": "Bitmap Index Scan", "Parent Relationship": "Outer", "Index Name": "name_pkey", "Startup Cost": 0.0, "Total Cost": 0.9, "Plan Rows": 1, "Plan Width": 0, "Actual Startup Time": 31.179, "Actual Total Time": 31.179, "Actual Rows": 7438, "Actual Loops": 7438, "Index Cond": "(id = ci.person_id)"}]}]}, {"Node Type": "Bitmap Heap Scan", "Parent Relationship": "Inner", "Relation Name": "aka_name", "Alias": "an1", "Startup Cost": 0.38, "Total Cost": 4.39, "Plan Rows": 1, "Plan Width": 20, "Actual Startup Time": 0.506, "Actual Total Time": 0.537, "Actual Rows": 62, "Actual Loops": 38, "Recheck Cond": "(person_id = ci.person_id)", "Rows Removed by Index Recheck": 0, "Exact Heap Blocks": 43, "Lossy Heap Blocks": 43, "Plans": [{"Node Type": "Bitmap Index Scan", "Parent Relationship": "Outer", "Index Name": "person_id_aka_name", "Startup Cost": 0.0, "Total Cost": 0.38, "Plan Rows": 1, "Plan Width": 0, "Actual Startup Time": 0.321, "Actual Total Time": 0.321, "Actual Rows": 62, "Actual Loops": 38, "Index Cond": "(person_id = ci.person_id)"}]}]}]}, "Triggers": [], "Planner Runtime": 14, "Total Runtime": 4842.171, "Unique SQL Id": 3544391839}}, "(64, 100)": {"explain_plan": {"Plan": {"Node Type": "Aggregate", "Strategy": "Plain", "Startup Cost": 90279.98, "Total Cost": 90279.99, "Plan Rows": 1, "Plan Width": 97, "Plans": [{"Node Type": "Nested Loop", "Parent Relationship": "Outer", "Join Type": "Inner", "Startup Cost": 5983.24, "Total Cost": 90279.92, "Plan Rows": 12, "Plan Width": 33, "Inner Unique": true, "Plans": [{"Node Type": "Nested Loop", "Parent Relationship": "Outer", "Join Type": "Inner", "Startup Cost": 5983.24, "Total Cost": 89904.38, "Plan Rows": 645, "Plan Width": 41, "Inner Unique": false, "Plans": [{"Node Type": "Hash Join", "Parent Relationship": "Outer", "Join Type": "Inner", "Startup Cost": 5983.24, "Total Cost": 89450.16, "Plan Rows": 532, "Plan Width": 21, "Inner Unique": true, "Hash Cond": "(ci.role_id = rt.id)", "Plans": [{"Node Type": "Nested Loop", "Parent Relationship": "Outer", "Join Type": "Inner", "Startup Cost": 5982.08, "Total Cost": 89429.03, "Plan Rows": 5847, "Plan Width": 25, "Inner Unique": false, "Plans": [{"Node Type": "Nested Loop", "Parent Relationship": "Outer", "Join Type": "Inner", "Startup Cost": 5982.08, "Total Cost": 83686.44, "Plan Rows": 5775, "Plan Width": 25, "Inner Unique": true, "Plans": [{"Node Type": "Hash Join", "Parent Relationship": "Outer", "Join Type": "Inner", "Startup Cost": 5982.08, "Total Cost": 61039.34, "Plan Rows": 5775, "Plan Width": 4, "Inner Unique": true, "Hash Cond": "(mc.company_id = cn.id)", "Plans": [{"Node Type": "Seq Scan", "Parent Relationship": "Outer", "Relation Name": "movie_companies", "Alias": "mc", "Startup Cost": 0.0, "Total Cost": 54862.92, "Plan Rows": 36426, "Plan Width": 8, "Filter": "(((note)::text ~~ '%(Japan)%'::text) AND ((note)::text !~~ '%(USA)%'::text))"}, {"Node Type": "Hash", "Parent Relationship": "Inner", "Startup Cost": 5903.45, "Total Cost": 5903.45, "Plan Rows": 6290, "Plan Width": 4, "Plans": [{"Node Type": "Seq Scan", "Parent Relationship": "Outer", "Relation Name": "company_name", "Alias": "cn", "Startup Cost": 0.0, "Total Cost": 5903.45, "Plan Rows": 6290, "Plan Width": 4, "Filter": "((country_code)::text = '[jp]'::text)"}]}]}, {"Node Type": "Index Scan", "Parent Relationship": "Inner", "Scan Direction": "Forward", "Index Name": "title_pkey", "Relation Name": "title", "Alias": "t", "Startup Cost": 0.0, "Total Cost": 3.91, "Plan Rows": 1, "Plan Width": 21, "Index Cond": "(id = mc.movie_id)"}]}, {"Node Type": "Index Scan", "Parent Relationship": "Inner", "Scan Direction": "Forward", "Index Name": "movie_id_cast_info", "Relation Name": "cast_info", "Alias": "ci", "Startup Cost": 0.0, "Total Cost": 0.98, "Plan Rows": 1, "Plan Width": 12, "Index Cond": "(movie_id = t.id)", "Filter": "((note)::text = '(voice: English version)'::text)"}]}, {"Node Type": "Hash", "Parent Relationship": "Inner", "Startup Cost": 1.15, "Total Cost": 1.15, "Plan Rows": 1, "Plan Width": 4, "Plans": [{"Node Type": "Seq Scan", "Parent Relationship": "Outer", "Relation Name": "role_type", "Alias": "rt", "Startup Cost": 0.0, "Total Cost": 1.15, "Plan Rows": 1, "Plan Width": 4, "Filter": "((role)::text = 'actress'::text)"}]}]}, {"Node Type": "Index Scan", "Parent Relationship": "Inner", "Scan Direction": "Forward", "Index Name": "person_id_aka_name", "Relation Name": "aka_name", "Alias": "an1", "Startup Cost": 0.0, "Total Cost": 0.84, "Plan Rows": 1, "Plan Width": 20, "Index Cond": "(person_id = ci.person_id)"}]}, {"Node Type": "Index Scan", "Parent Relationship": "Inner", "Scan Direction": "Forward", "Index Name": "name_pkey", "Relation Name": "name", "Alias": "n1", "Startup Cost": 0.0, "Total Cost": 0.57, "Plan Rows": 1, "Plan Width": 4, "Index Cond": "(id = an1.person_id)", "Filter": "(((name)::text ~~ '%Yo%'::text) AND ((name)::text !~~ '%Yu%'::text))"}]}]}, "Unique SQL Id": 3544391839, "Planner Runtime": 22}, "explain_analyze_plan": {"Plan": {"Node Type": "Aggregate", "Strategy": "Plain", "Startup Cost": 90279.98, "Total Cost": 90279.99, "Plan Rows": 1, "Plan Width": 97, "Actual Startup Time": 4186.592, "Actual Total Time": 4186.593, "Actual Rows": 1, "Actual Loops": 1, "Plans": [{"Node Type": "Nested Loop", "Parent Relationship": "Outer", "Join Type": "Inner", "Startup Cost": 5983.24, "Total Cost": 90279.92, "Plan Rows": 12, "Plan Width": 33, "Actual Startup Time": 370.366, "Actual Total Time": 4186.203, "Actual Rows": 62, "Actual Loops": 1, "Inner Unique": true, "Plans": [{"Node Type": "Nested Loop", "Parent Relationship": "Outer", "Join Type": "Inner", "Startup Cost": 5983.24, "Total Cost": 89904.38, "Plan Rows": 645, "Plan Width": 41, "Actual Startup Time": 85.309, "Actual Total Time": 4112.732, "Actual Rows": 17379, "Actual Loops": 1, "Inner Unique": false, "Plans": [{"Node Type": "Hash Join", "Parent Relationship": "Outer", "Join Type": "Inner", "Startup Cost": 5983.24, "Total Cost": 89450.16, "Plan Rows": 532, "Plan Width": 21, "Actual Startup Time": 85.291, "Actual Total Time": 4064.871, "Actual Rows": 7438, "Actual Loops": 1, "Inner Unique": true, "Hash Cond": "(ci.role_id = rt.id)", "Plans": [{"Node Type": "Nested Loop", "Parent Relationship": "Outer", "Join Type": "Inner", "Startup Cost": 5982.08, "Total Cost": 89429.03, "Plan Rows": 5847, "Plan Width": 25, "Actual Startup Time": 85.191, "Actual Total Time": 4058.596, "Actual Rows": 19600, "Actual Loops": 1, "Inner Unique": false, "Plans": [{"Node Type": "Nested Loop", "Parent Relationship": "Outer", "Join Type": "Inner", "Startup Cost": 5982.08, "Total Cost": 83686.44, "Plan Rows": 5775, "Plan Width": 25, "Actual Startup Time": 85.055, "Actual Total Time": 1322.552, "Actual Rows": 48328, "Actual Loops": 1, "Inner Unique": true, "Plans": [{"Node Type": "Hash Join", "Parent Relationship": "Outer", "Join Type": "Inner", "Startup Cost": 5982.08, "Total Cost": 61039.34, "Plan Rows": 5775, "Plan Width": 4, "Actual Startup Time": 85.006, "Actual Total Time": 1077.163, "Actual Rows": 48328, "Actual Loops": 1, "Inner Unique": true, "Hash Cond": "(mc.company_id = cn.id)", "Plans": [{"Node Type": "Seq Scan", "Parent Relationship": "Outer", "Relation Name": "movie_companies", "Alias": "mc", "Startup Cost": 0.0, "Total Cost": 54862.92, "Plan Rows": 36426, "Plan Width": 8, "Actual Startup Time": 0.239, "Actual Total Time": 959.247, "Actual Rows": 48897, "Actual Loops": 1, "Filter": "(((note)::text ~~ '%(Japan)%'::text) AND ((note)::text !~~ '%(USA)%'::text))", "Rows Removed by Filter": 2560231}, {"Node Type": "Hash", "Parent Relationship": "Inner", "Startup Cost": 5903.45, "Total Cost": 5903.45, "Plan Rows": 6290, "Plan Width": 4, "Actual Startup Time": 84.711, "Actual Total Time": 84.711, "Actual Rows": 6752, "Actual Loops": 1, "Hash Buckets": 32768, "Hash Batches": 1, "Original Hash Batches": 1, "Peak Memory Usage": 238, "Plans": [{"Node Type": "Seq Scan", "Parent Relationship": "Outer", "Relation Name": "company_name", "Alias": "cn", "Startup Cost": 0.0, "Total Cost": 5903.45, "Plan Rows": 6290, "Plan Width": 4, "Actual Startup Time": 0.026, "Actual Total Time": 82.6, "Actual Rows": 6752, "Actual Loops": 1, "Filter": "((country_code)::text = '[jp]'::text)", "Rows Removed by Filter": 228244}]}]}, {"Node Type": "Index Scan", "Parent Relationship": "Inner", "Scan Direction": "Forward", "Index Name": "title_pkey", "Relation Name": "title", "Alias": "t", "Startup Cost": 0.0, "Total Cost": 3.91, "Plan Rows": 1, "Plan Width": 21, "Actual Startup Time": 203.812, "Actual Total Time": 203.812, "Actual Rows": 48328, "Actual Loops": 48328, "Index Cond": "(id = mc.movie_id)", "Rows Removed by Index Recheck": 0}]}, {"Node Type": "Index Scan", "Parent Relationship": "Inner", "Scan Direction": "Forward", "Index Name": "movie_id_cast_info", "Relation Name": "cast_info", "Alias": "ci", "Startup Cost": 0.0, "Total Cost": 0.98, "Plan Rows": 1, "Plan Width": 12, "Actual Startup Time": 2580.795, "Actual Total Time": 2704.405, "Actual Rows": 19600, "Actual Loops": 48328, "Index Cond": "(movie_id = t.id)", "Rows Removed by Index Recheck": 0, "Filter": "((note)::text = '(voice: English version)'::text)", "Rows Removed by Filter": 1531710}]}, {"Node Type": "Hash", "Parent Relationship": "Inner", "Startup Cost": 1.15, "Total Cost": 1.15, "Plan Rows": 1, "Plan Width": 4, "Actual Startup Time": 0.049, "Actual Total Time": 0.049, "Actual Rows": 1, "Actual Loops": 1, "Hash Buckets": 32768, "Hash Batches": 1, "Original Hash Batches": 1, "Peak Memory Usage": 1, "Plans": [{"Node Type": "Seq Scan", "Parent Relationship": "Outer", "Relation Name": "role_type", "Alias": "rt", "Startup Cost": 0.0, "Total Cost": 1.15, "Plan Rows": 1, "Plan Width": 4, "Actual Startup Time": 0.032, "Actual Total Time": 0.037, "Actual Rows": 1, "Actual Loops": 1, "Filter": "((role)::text = 'actress'::text)", "Rows Removed by Filter": 11}]}]}, {"Node Type": "Index Scan", "Parent Relationship": "Inner", "Scan Direction": "Forward", "Index Name": "person_id_aka_name", "Relation Name": "aka_name", "Alias": "an1", "Startup Cost": 0.0, "Total Cost": 0.84, "Plan Rows": 1, "Plan Width": 20, "Actual Startup Time": 31.022, "Actual Total Time": 39.083, "Actual Rows": 17379, "Actual Loops": 7438, "Index Cond": "(person_id = ci.person_id)", "Rows Removed by Index Recheck": 0}]}, {"Node Type": "Index Scan", "Parent Relationship": "Inner", "Scan Direction": "Forward", "Index Name": "name_pkey", "Relation Name": "name", "Alias": "n1", "Startup Cost": 0.0, "Total Cost": 0.57, "Plan Rows": 1, "Plan Width": 4, "Actual Startup Time": 64.549, "Actual Total Time": 64.549, "Actual Rows": 62, "Actual Loops": 17379, "Index Cond": "(id = an1.person_id)", "Rows Removed by Index Recheck": 0, "Filter": "(((name)::text ~~ '%Yo%'::text) AND ((name)::text !~~ '%Yu%'::text))", "Rows Removed by Filter": 17317}]}]}, "Triggers": [], "Planner Runtime": 22, "Total Runtime": 4186.99, "Unique SQL Id": 3544391839}}, "(64, 101)": {"explain_plan": {"Plan": {"Node Type": "Aggregate", "Strategy": "Plain", "Startup Cost": 108954.59, "Total Cost": 108954.6, "Plan Rows": 1, "Plan Width": 97, "Plans": [{"Node Type": "Nested Loop", "Parent Relationship": "Outer", "Join Type": "Inner", "Startup Cost": 2793.28, "Total Cost": 108954.53, "Plan Rows": 12, "Plan Width": 33, "Inner Unique": true, "Plans": [{"Node Type": "Nested Loop", "Parent Relationship": "Outer", "Join Type": "Inner", "Startup Cost": 2793.28, "Total Cost": 108578.99, "Plan Rows": 645, "Plan Width": 41, "Inner Unique": false, "Plans": [{"Node Type": "Hash Join", "Parent Relationship": "Outer", "Join Type": "Inner", "Startup Cost": 2793.28, "Total Cost": 108124.77, "Plan Rows": 532, "Plan Width": 21, "Inner Unique": true, "Hash Cond": "(ci.role_id = rt.id)", "Plans": [{"Node Type": "Nested Loop", "Parent Relationship": "Outer", "Join Type": "Inner", "Startup Cost": 2780.8, "Total Cost": 108092.33, "Plan Rows": 5847, "Plan Width": 25, "Inner Unique": false, "Plans": [{"Node Type": "Nested Loop", "Parent Relationship": "Outer", "Join Type": "Inner", "Startup Cost": 2780.8, "Total Cost": 102349.74, "Plan Rows": 5775, "Plan Width": 25, "Inner Unique": true, "Plans": [{"Node Type": "Nested Loop", "Parent Relationship": "Outer", "Join Type": "Inner", "Startup Cost": 2780.8, "Total Cost": 79702.64, "Plan Rows": 5775, "Plan Width": 4, "Inner Unique": false, "Plans": [{"Node Type": "Bitmap Heap Scan", "Parent Relationship": "Outer", "Relation Name": "company_name", "Alias": "cn", "Startup Cost": 2780.8, "Total Cost": 8684.25, "Plan Rows": 6290, "Plan Width": 4, "Filter": "((country_code)::text = '[jp]'::text)", "Plans": [{"Node Type": "Bitmap Index Scan", "Parent Relationship": "Outer", "Index Name": "company_name_pkey", "Startup Cost": 0.0, "Total Cost": 2779.23, "Plan Rows": 234996, "Plan Width": 0}]}, {"Node Type": "Index Scan", "Parent Relationship": "Inner", "Scan Direction": "Forward", "Index Name": "company_id_movie_companies", "Relation Name": "movie_companies", "Alias": "mc", "Startup Cost": 0.0, "Total Cost": 11.28, "Plan Rows": 1, "Plan Width": 8, "Index Cond": "(company_id = cn.id)", "Filter": "(((note)::text ~~ '%(Japan)%'::text) AND ((note)::text !~~ '%(USA)%'::text))"}]}, {"Node Type": "Index Scan", "Parent Relationship": "Inner", "Scan Direction": "Forward", "Index Name": "title_pkey", "Relation Name": "title", "Alias": "t", "Startup Cost": 0.0, "Total Cost": 3.91, "Plan Rows": 1, "Plan Width": 21, "Index Cond": "(id = mc.movie_id)"}]}, {"Node Type": "Index Scan", "Parent Relationship": "Inner", "Scan Direction": "Forward", "Index Name": "movie_id_cast_info", "Relation Name": "cast_info", "Alias": "ci", "Startup Cost": 0.0, "Total Cost": 0.98, "Plan Rows": 1, "Plan Width": 12, "Index Cond": "(movie_id = t.id)", "Filter": "((note)::text = '(voice: English version)'::text)"}]}, {"Node Type": "Hash", "Parent Relationship": "Inner", "Startup Cost": 12.46, "Total Cost": 12.46, "Plan Rows": 1, "Plan Width": 4, "Plans": [{"Node Type": "Index Scan", "Parent Relationship": "Outer", "Scan Direction": "Forward", "Index Name": "role_type_pkey", "Relation Name": "role_type", "Alias": "rt", "Startup Cost": 0.0, "Total Cost": 12.46, "Plan Rows": 1, "Plan Width": 4, "Filter": "((role)::text = 'actress'::text)"}]}]}, {"Node Type": "Index Scan", "Parent Relationship": "Inner", "Scan Direction": "Forward", "Index Name": "person_id_aka_name", "Relation Name": "aka_name", "Alias": "an1", "Startup Cost": 0.0, "Total Cost": 0.84, "Plan Rows": 1, "Plan Width": 20, "Index Cond": "(person_id = ci.person_id)"}]}, {"Node Type": "Index Scan", "Parent Relationship": "Inner", "Scan Direction": "Forward", "Index Name": "name_pkey", "Relation Name": "name", "Alias": "n1", "Startup Cost": 0.0, "Total Cost": 0.57, "Plan Rows": 1, "Plan Width": 4, "Index Cond": "(id = an1.person_id)", "Filter": "(((name)::text ~~ '%Yo%'::text) AND ((name)::text !~~ '%Yu%'::text))"}]}]}, "Unique SQL Id": 3544391839, "Planner Runtime": 15}, "explain_analyze_plan": {"Plan": {"Node Type": "Aggregate", "Strategy": "Plain", "Startup Cost": 108954.59, "Total Cost": 108954.6, "Plan Rows": 1, "Plan Width": 97, "Actual Startup Time": 3978.579, "Actual Total Time": 3978.58, "Actual Rows": 1, "Actual Loops": 1, "Plans": [{"Node Type": "Nested Loop", "Parent Relationship": "Outer", "Join Type": "Inner", "Startup Cost": 2793.28, "Total Cost": 108954.53, "Plan Rows": 12, "Plan Width": 33, "Actual Startup Time": 306.923, "Actual Total Time": 3978.239, "Actual Rows": 62, "Actual Loops": 1, "Inner Unique": true, "Plans": [{"Node Type": "Nested Loop", "Parent Relationship": "Outer", "Join Type": "Inner", "Startup Cost": 2793.28, "Total Cost": 108578.99, "Plan Rows": 645, "Plan Width": 41, "Actual Startup Time": 22.536, "Actual Total Time": 3900.445, "Actual Rows": 17379, "Actual Loops": 1, "Inner Unique": false, "Plans": [{"Node Type": "Hash Join", "Parent Relationship": "Outer", "Join Type": "Inner", "Startup Cost": 2793.28, "Total Cost": 108124.77, "Plan Rows": 532, "Plan Width": 21, "Actual Startup Time": 22.518, "Actual Total Time": 3848.085, "Actual Rows": 7438, "Actual Loops": 1, "Inner Unique": true, "Hash Cond": "(ci.role_id = rt.id)", "Plans": [{"Node Type": "Nested Loop", "Parent Relationship": "Outer", "Join Type": "Inner", "Startup Cost": 2780.8, "Total Cost": 108092.33, "Plan Rows": 5847, "Plan Width": 25, "Actual Startup Time": 22.412, "Actual Total Time": 3841.279, "Actual Rows": 19600, "Actual Loops": 1, "Inner Unique": false, "Plans": [{"Node Type": "Nested Loop", "Parent Relationship": "Outer", "Join Type": "Inner", "Startup Cost": 2780.8, "Total Cost": 102349.74, "Plan Rows": 5775, "Plan Width": 25, "Actual Startup Time": 22.332, "Actual Total Time": 698.37, "Actual Rows": 48328, "Actual Loops": 1, "Inner Unique": true, "Plans": [{"Node Type": "Nested Loop", "Parent Relationship": "Outer", "Join Type": "Inner", "Startup Cost": 2780.8, "Total Cost": 79702.64, "Plan Rows": 5775, "Plan Width": 4, "Actual Startup Time": 22.312, "Actual Total Time": 371.329, "Actual Rows": 48328, "Actual Loops": 1, "Inner Unique": false, "Plans": [{"Node Type": "Bitmap Heap Scan", "Parent Relationship": "Outer", "Relation Name": "company_name", "Alias": "cn", "Startup Cost": 2780.8, "Total Cost": 8684.25, "Plan Rows": 6290, "Plan Width": 4, "Actual Startup Time": 22.254, "Actual Total Time": 128.063, "Actual Rows": 6752, "Actual Loops": 1, "Filter": "((country_code)::text = '[jp]'::text)", "Rows Removed by Filter": 228244, "Exact Heap Blocks": 2966, "Lossy Heap Blocks": 2966, "Plans": [{"Node Type": "Bitmap Index Scan", "Parent Relationship": "Outer", "Index Name": "company_name_pkey", "Startup Cost": 0.0, "Total Cost": 2779.23, "Plan Rows": 234996, "Plan Width": 0, "Actual Startup Time": 21.76, "Actual Total Time": 21.76, "Actual Rows": 234996, "Actual Loops": 1}]}, {"Node Type": "Index Scan", "Parent Relationship": "Inner", "Scan Direction": "Forward", "Index Name": "company_id_movie_companies", "Relation Name": "movie_companies", "Alias": "mc", "Startup Cost": 0.0, "Total Cost": 11.28, "Plan Rows": 1, "Plan Width": 8, "Actual Startup Time": 61.623, "Actual Total Time": 227.137, "Actual Rows": 48328, "Actual Loops": 6752, "Index Cond": "(company_id = cn.id)", "Rows Removed by Index Recheck": 0, "Filter": "(((note)::text ~~ '%(Japan)%'::text) AND ((note)::text !~~ '%(USA)%'::text))", "Rows Removed by Filter": 56667}]}, {"Node Type": "Index Scan", "Parent Relationship": "Inner", "Scan Direction": "Forward", "Index Name": "title_pkey", "Relation Name": "title", "Alias": "t", "Startup Cost": 0.0, "Total Cost": 3.91, "Plan Rows": 1, "Plan Width": 21, "Actual Startup Time": 284.761, "Actual Total Time": 284.761, "Actual Rows": 48328, "Actual Loops": 48328, "Index Cond": "(id = mc.movie_id)", "Rows Removed by Index Recheck": 0}]}, {"Node Type": "Index Scan", "Parent Relationship": "Inner", "Scan Direction": "Forward", "Index Name": "movie_id_cast_info", "Relation Name": "cast_info", "Alias": "ci", "Startup Cost": 0.0, "Total Cost": 0.98, "Plan Rows": 1, "Plan Width": 12, "Actual Startup Time": 2971.487, "Actual Total Time": 3110.618, "Actual Rows": 19600, "Actual Loops": 48328, "Index Cond": "(movie_id = t.id)", "Rows Removed by Index Recheck": 0, "Filter": "((note)::text = '(voice: English version)'::text)", "Rows Removed by Filter": 1531710}]}, {"Node Type": "Hash", "Parent Relationship": "Inner", "Startup Cost": 12.46, "Total Cost": 12.46, "Plan Rows": 1, "Plan Width": 4, "Actual Startup Time": 0.057, "Actual Total Time": 0.057, "Actual Rows": 1, "Actual Loops": 1, "Hash Buckets": 32768, "Hash Batches": 1, "Original Hash Batches": 1, "Peak Memory Usage": 1, "Plans": [{"Node Type": "Index Scan", "Parent Relationship": "Outer", "Scan Direction": "Forward", "Index Name": "role_type_pkey", "Relation Name": "role_type", "Alias": "rt", "Startup Cost": 0.0, "Total Cost": 12.46, "Plan Rows": 1, "Plan Width": 4, "Actual Startup Time": 0.043, "Actual Total Time": 0.049, "Actual Rows": 1, "Actual Loops": 1, "Filter": "((role)::text = 'actress'::text)", "Rows Removed by Filter": 11}]}]}, {"Node Type": "Index Scan", "Parent Relationship": "Inner", "Scan Direction": "Forward", "Index Name": "person_id_aka_name", "Relation Name": "aka_name", "Alias": "an1", "Startup Cost": 0.0, "Total Cost": 0.84, "Plan Rows": 1, "Plan Width": 20, "Actual Startup Time": 34.673, "Actual Total Time": 43.155, "Actual Rows": 17379, "Actual Loops": 7438, "Index Cond": "(person_id = ci.person_id)", "Rows Removed by Index Recheck": 0}]}, {"Node Type": "Index Scan", "Parent Relationship": "Inner", "Scan Direction": "Forward", "Index Name": "name_pkey", "Relation Name": "name", "Alias": "n1", "Startup Cost": 0.0, "Total Cost": 0.57, "Plan Rows": 1, "Plan Width": 4, "Actual Startup Time": 68.82, "Actual Total Time": 68.82, "Actual Rows": 62, "Actual Loops": 17379, "Index Cond": "(id = an1.person_id)", "Rows Removed by Index Recheck": 0, "Filter": "(((name)::text ~~ '%Yo%'::text) AND ((name)::text !~~ '%Yu%'::text))", "Rows Removed by Filter": 17317}]}]}, "Triggers": [], "Planner Runtime": 15, "Total Runtime": 3978.976, "Unique SQL Id": 3544391839}}, "(64, 102)": {"explain_plan": {"Plan": {"Node Type": "Aggregate", "Strategy": "Plain", "Startup Cost": 123459.03, "Total Cost": 123459.04, "Plan Rows": 1, "Plan Width": 97, "Plans": [{"Node Type": "Nested Loop", "Parent Relationship": "Outer", "Join Type": "Inner", "Startup Cost": 5985.74, "Total Cost": 123455.8, "Plan Rows": 646, "Plan Width": 33, "Inner Unique": true, "Plans": [{"Node Type": "Nested Loop", "Parent Relationship": "Outer", "Join Type": "Inner", "Startup Cost": 5985.41, "Total Cost": 120647.21, "Plan Rows": 645, "Plan Width": 41, "Inner Unique": false, "Plans": [{"Node Type": "Hash Join", "Parent Relationship": "Outer", "Join Type": "Inner", "Startup Cost": 5985.03, "Total Cost": 118304.65, "Plan Rows": 532, "Plan Width": 21, "Inner Unique": true, "Hash Cond": "(ci.role_id = rt.id)", "Plans": [{"Node Type": "Nested Loop", "Parent Relationship": "Outer", "Join Type": "Inner", "Startup Cost": 5983.86, "Total Cost": 118283.51, "Plan Rows": 5847, "Plan Width": 25, "Inner Unique": false, "Plans": [{"Node Type": "Nested Loop", "Parent Relationship": "Outer", "Join Type": "Inner", "Startup Cost": 5983.35, "Total Cost": 91625.69, "Plan Rows": 5775, "Plan Width": 25, "Inner Unique": true, "Plans": [{"Node Type": "Hash Join", "Parent Relationship": "Outer", "Join Type": "Inner", "Startup Cost": 5982.08, "Total Cost": 61039.34, "Plan Rows": 5775, "Plan Width": 4, "Inner Unique": true, "Hash Cond": "(mc.company_id = cn.id)", "Plans": [{"Node Type": "Seq Scan", "Parent Relationship": "Outer", "Relation Name": "movie_companies", "Alias": "mc", "Startup Cost": 0.0, "Total Cost": 54862.92, "Plan Rows": 36426, "Plan Width": 8, "Filter": "(((note)::text ~~ '%(Japan)%'::text) AND ((note)::text !~~ '%(USA)%'::text))"}, {"Node Type": "Hash", "Parent Relationship": "Inner", "Startup Cost": 5903.45, "Total Cost": 5903.45, "Plan Rows": 6290, "Plan Width": 4, "Plans": [{"Node Type": "Seq Scan", "Parent Relationship": "Outer", "Relation Name": "company_name", "Alias": "cn", "Startup Cost": 0.0, "Total Cost": 5903.45, "Plan Rows": 6290, "Plan Width": 4, "Filter": "((country_code)::text = '[jp]'::text)"}]}]}, {"Node Type": "Bitmap Heap Scan", "Parent Relationship": "Inner", "Relation Name": "title", "Alias": "t", "Startup Cost": 1.27, "Total Cost": 5.29, "Plan Rows": 1, "Plan Width": 21, "Recheck Cond": "(id = mc.movie_id)", "Plans": [{"Node Type": "Bitmap Index Scan", "Parent Relationship": "Outer", "Index Name": "title_pkey", "Startup Cost": 0.0, "Total Cost": 1.27, "Plan Rows": 1, "Plan Width": 0, "Index Cond": "(id = mc.movie_id)"}]}]}, {"Node Type": "Bitmap Heap Scan", "Parent Relationship": "Inner", "Relation Name": "cast_info", "Alias": "ci", "Startup Cost": 0.52, "Total Cost": 4.61, "Plan Rows": 1, "Plan Width": 12, "Recheck Cond": "(movie_id = t.id)", "Filter": "((note)::text = '(voice: English version)'::text)", "Plans": [{"Node Type": "Bitmap Index Scan", "Parent Relationship": "Outer", "Index Name": "movie_id_cast_info", "Startup Cost": 0.0, "Total Cost": 0.52, "Plan Rows": 6, "Plan Width": 0, "Index Cond": "(movie_id = t.id)"}]}]}, {"Node Type": "Hash", "Parent Relationship": "Inner", "Startup Cost": 1.15, "Total Cost": 1.15, "Plan Rows": 1, "Plan Width": 4, "Plans": [{"Node Type": "Seq Scan", "Parent Relationship": "Outer", "Relation Name": "role_type", "Alias": "rt", "Startup Cost": 0.0, "Total Cost": 1.15, "Plan Rows": 1, "Plan Width": 4, "Filter": "((role)::text = 'actress'::text)"}]}]}, {"Node Type": "Bitmap Heap Scan", "Parent Relationship": "Inner", "Relation Name": "aka_name", "Alias": "an1", "Startup Cost": 0.38, "Total Cost": 4.39, "Plan Rows": 1, "Plan Width": 20, "Recheck Cond": "(person_id = ci.person_id)", "Plans": [{"Node Type": "Bitmap Index Scan", "Parent Relationship": "Outer", "Index Name": "person_id_aka_name", "Startup Cost": 0.0, "Total Cost": 0.38, "Plan Rows": 1, "Plan Width": 0, "Index Cond": "(person_id = ci.person_id)"}]}]}, {"Node Type": "Bitmap Heap Scan", "Parent Relationship": "Inner", "Relation Name": "name", "Alias": "n1", "Startup Cost": 0.33, "Total Cost": 4.34, "Plan Rows": 1, "Plan Width": 4, "Recheck Cond": "(id = an1.person_id)", "Filter": "(((name)::text ~~ '%Yo%'::text) AND ((name)::text !~~ '%Yu%'::text))", "Plans": [{"Node Type": "Bitmap Index Scan", "Parent Relationship": "Outer", "Index Name": "name_pkey", "Startup Cost": 0.0, "Total Cost": 0.33, "Plan Rows": 1, "Plan Width": 0, "Index Cond": "(id = an1.person_id)"}]}]}]}, "Unique SQL Id": 3544391839, "Planner Runtime": 34}, "explain_analyze_plan": {"Plan": {"Node Type": "Aggregate", "Strategy": "Plain", "Startup Cost": 123459.03, "Total Cost": 123459.04, "Plan Rows": 1, "Plan Width": 97, "Actual Startup Time": 5124.224, "Actual Total Time": 5124.225, "Actual Rows": 1, "Actual Loops": 1, "Plans": [{"Node Type": "Nested Loop", "Parent Relationship": "Outer", "Join Type": "Inner", "Startup Cost": 5985.74, "Total Cost": 123455.8, "Plan Rows": 646, "Plan Width": 33, "Actual Startup Time": 462.337, "Actual Total Time": 5123.931, "Actual Rows": 62, "Actual Loops": 1, "Inner Unique": true, "Plans": [{"Node Type": "Nested Loop", "Parent Relationship": "Outer", "Join Type": "Inner", "Startup Cost": 5985.41, "Total Cost": 120647.21, "Plan Rows": 645, "Plan Width": 41, "Actual Startup Time": 86.158, "Actual Total Time": 5023.275, "Actual Rows": 17379, "Actual Loops": 1, "Inner Unique": false, "Plans": [{"Node Type": "Hash Join", "Parent Relationship": "Outer", "Join Type": "Inner", "Startup Cost": 5985.03, "Total Cost": 118304.65, "Plan Rows": 532, "Plan Width": 21, "Actual Startup Time": 86.129, "Actual Total Time": 4958.798, "Actual Rows": 7438, "Actual Loops": 1, "Inner Unique": true, "Hash Cond": "(ci.role_id = rt.id)", "Plans": [{"Node Type": "Nested Loop", "Parent Relationship": "Outer", "Join Type": "Inner", "Startup Cost": 5983.86, "Total Cost": 118283.51, "Plan Rows": 5847, "Plan Width": 25, "Actual Startup Time": 86.039, "Actual Total Time": 4952.151, "Actual Rows": 19600, "Actual Loops": 1, "Inner Unique": false, "Plans": [{"Node Type": "Nested Loop", "Parent Relationship": "Outer", "Join Type": "Inner", "Startup Cost": 5983.35, "Total Cost": 91625.69, "Plan Rows": 5775, "Plan Width": 25, "Actual Startup Time": 85.816, "Actual Total Time": 1442.844, "Actual Rows": 48328, "Actual Loops": 1, "Inner Unique": true, "Plans": [{"Node Type": "Hash Join", "Parent Relationship": "Outer", "Join Type": "Inner", "Startup Cost": 5982.08, "Total Cost": 61039.34, "Plan Rows": 5775, "Plan Width": 4, "Actual Startup Time": 85.742, "Actual Total Time": 1086.775, "Actual Rows": 48328, "Actual Loops": 1, "Inner Unique": true, "Hash Cond": "(mc.company_id = cn.id)", "Plans": [{"Node Type": "Seq Scan", "Parent Relationship": "Outer", "Relation Name": "movie_companies", "Alias": "mc", "Startup Cost": 0.0, "Total Cost": 54862.92, "Plan Rows": 36426, "Plan Width": 8, "Actual Startup Time": 0.241, "Actual Total Time": 963.727, "Actual Rows": 48897, "Actual Loops": 1, "Filter": "(((note)::text ~~ '%(Japan)%'::text) AND ((note)::text !~~ '%(USA)%'::text))", "Rows Removed by Filter": 2560231}, {"Node Type": "Hash", "Parent Relationship": "Inner", "Startup Cost": 5903.45, "Total Cost": 5903.45, "Plan Rows": 6290, "Plan Width": 4, "Actual Startup Time": 85.443, "Actual Total Time": 85.443, "Actual Rows": 6752, "Actual Loops": 1, "Hash Buckets": 32768, "Hash Batches": 1, "Original Hash Batches": 1, "Peak Memory Usage": 238, "Plans": [{"Node Type": "Seq Scan", "Parent Relationship": "Outer", "Relation Name": "company_name", "Alias": "cn", "Startup Cost": 0.0, "Total Cost": 5903.45, "Plan Rows": 6290, "Plan Width": 4, "Actual Startup Time": 0.027, "Actual Total Time": 83.328, "Actual Rows": 6752, "Actual Loops": 1, "Filter": "((country_code)::text = '[jp]'::text)", "Rows Removed by Filter": 228244}]}]}, {"Node Type": "Bitmap Heap Scan", "Parent Relationship": "Inner", "Relation Name": "title", "Alias": "t", "Startup Cost": 1.27, "Total Cost": 5.29, "Plan Rows": 1, "Plan Width": 21, "Actual Startup Time": 277.196, "Actual Total Time": 277.196, "Actual Rows": 48328, "Actual Loops": 48328, "Recheck Cond": "(id = mc.movie_id)", "Rows Removed by Index Recheck": 0, "Exact Heap Blocks": 48328, "Lossy Heap Blocks": 48328, "Plans": [{"Node Type": "Bitmap Index Scan", "Parent Relationship": "Outer", "Index Name": "title_pkey", "Startup Cost": 0.0, "Total Cost": 1.27, "Plan Rows": 1, "Plan Width": 0, "Actual Startup Time": 152.687, "Actual Total Time": 152.687, "Actual Rows": 48328, "Actual Loops": 48328, "Index Cond": "(id = mc.movie_id)"}]}]}, {"Node Type": "Bitmap Heap Scan", "Parent Relationship": "Inner", "Relation Name": "cast_info", "Alias": "ci", "Startup Cost": 0.52, "Total Cost": 4.61, "Plan Rows": 1, "Plan Width": 12, "Actual Startup Time": 3292.947, "Actual Total Time": 3435.644, "Actual Rows": 19600, "Actual Loops": 48328, "Recheck Cond": "(movie_id = t.id)", "Rows Removed by Index Recheck": 0, "Filter": "((note)::text = '(voice: English version)'::text)", "Rows Removed by Filter": 1531710, "Exact Heap Blocks": 1503105, "Lossy Heap Blocks": 1503105, "Plans": [{"Node Type": "Bitmap Index Scan", "Parent Relationship": "Outer", "Index Name": "movie_id_cast_info", "Startup Cost": 0.0, "Total Cost": 0.52, "Plan Rows": 6, "Plan Width": 0, "Actual Startup Time": 451.694, "Actual Total Time": 451.694, "Actual Rows": 1551310, "Actual Loops": 48328, "Index Cond": "(movie_id = t.id)"}]}]}, {"Node Type": "Hash", "Parent Relationship": "Inner", "Startup Cost": 1.15, "Total Cost": 1.15, "Plan Rows": 1, "Plan Width": 4, "Actual Startup Time": 0.045, "Actual Total Time": 0.045, "Actual Rows": 1, "Actual Loops": 1, "Hash Buckets": 32768, "Hash Batches": 1, "Original Hash Batches": 1, "Peak Memory Usage": 1, "Plans": [{"Node Type": "Seq Scan", "Parent Relationship": "Outer", "Relation Name": "role_type", "Alias": "rt", "Startup Cost": 0.0, "Total Cost": 1.15, "Plan Rows": 1, "Plan Width": 4, "Actual Startup Time": 0.031, "Actual Total Time": 0.036, "Actual Rows": 1, "Actual Loops": 1, "Filter": "((role)::text = 'actress'::text)", "Rows Removed by Filter": 11}]}]}, {"Node Type": "Bitmap Heap Scan", "Parent Relationship": "Inner", "Relation Name": "aka_name", "Alias": "an1", "Startup Cost": 0.38, "Total Cost": 4.39, "Plan Rows": 1, "Plan Width": 20, "Actual Startup Time": 44.813, "Actual Total Time": 49.996, "Actual Rows": 17379, "Actual Loops": 7438, "Recheck Cond": "(person_id = ci.person_id)", "Rows Removed by Index Recheck": 0, "Exact Heap Blocks": 6514, "Lossy Heap Blocks": 6514, "Plans": [{"Node Type": "Bitmap Index Scan", "Parent Relationship": "Outer", "Index Name": "person_id_aka_name", "Startup Cost": 0.0, "Total Cost": 0.38, "Plan Rows": 1, "Plan Width": 0, "Actual Startup Time": 29.678, "Actual Total Time": 29.678, "Actual Rows": 17379, "Actual Loops": 7438, "Index Cond": "(person_id = ci.person_id)"}]}]}, {"Node Type": "Bitmap Heap Scan", "Parent Relationship": "Inner", "Relation Name": "name", "Alias": "n1", "Startup Cost": 0.33, "Total Cost": 4.34, "Plan Rows": 1, "Plan Width": 4, "Actual Startup Time": 79.998, "Actual Total Time": 79.998, "Actual Rows": 62, "Actual Loops": 17379, "Recheck Cond": "(id = an1.person_id)", "Rows Removed by Index Recheck": 0, "Filter": "(((name)::text ~~ '%Yo%'::text) AND ((name)::text !~~ '%Yu%'::text))", "Rows Removed by Filter": 17317, "Exact Heap Blocks": 17379, "Lossy Heap Blocks": 17379, "Plans": [{"Node Type": "Bitmap Index Scan", "Parent Relationship": "Outer", "Index Name": "name_pkey", "Startup Cost": 0.0, "Total Cost": 0.33, "Plan Rows": 1, "Plan Width": 0, "Actual Startup Time": 46.702, "Actual Total Time": 46.702, "Actual Rows": 17379, "Actual Loops": 17379, "Index Cond": "(id = an1.person_id)"}]}]}]}, "Triggers": [], "Planner Runtime": 34, "Total Runtime": 5124.636, "Unique SQL Id": 3544391839}}, "(64, 103)": {"explain_plan": {"Plan": {"Node Type": "Aggregate", "Strategy": "Plain", "Startup Cost": 166565.05, "Total Cost": 166565.06, "Plan Rows": 1, "Plan Width": 97, "Plans": [{"Node Type": "Nested Loop", "Parent Relationship": "Outer", "Join Type": "Inner", "Startup Cost": 2799.72, "Total Cost": 166564.99, "Plan Rows": 12, "Plan Width": 33, "Inner Unique": false, "Join Filter": "(n1.id = an1.person_id)", "Plans": [{"Node Type": "Nested Loop", "Parent Relationship": "Outer", "Join Type": "Inner", "Startup Cost": 2799.34, "Total Cost": 166221.34, "Plan Rows": 78, "Plan Width": 25, "Inner Unique": true, "Plans": [{"Node Type": "Hash Join", "Parent Relationship": "Outer", "Join Type": "Inner", "Startup Cost": 2798.44, "Total Cost": 163598.7, "Plan Rows": 532, "Plan Width": 21, "Inner Unique": true, "Hash Cond": "(ci.role_id = rt.id)", "Plans": [{"Node Type": "Nested Loop", "Parent Relationship": "Outer", "Join Type": "Inner", "Startup Cost": 2785.97, "Total Cost": 163566.25, "Plan Rows": 5847, "Plan Width": 25, "Inner Unique": false, "Plans": [{"Node Type": "Nested Loop", "Parent Relationship": "Outer", "Join Type": "Inner", "Startup Cost": 2785.45, "Total Cost": 136908.44, "Plan Rows": 5775, "Plan Width": 25, "Inner Unique": true, "Plans": [{"Node Type": "Nested Loop", "Parent Relationship": "Outer", "Join Type": "Inner", "Startup Cost": 2784.18, "Total Cost": 106322.09, "Plan Rows": 5775, "Plan Width": 4, "Inner Unique": false, "Plans": [{"Node Type": "Bitmap Heap Scan", "Parent Relationship": "Outer", "Relation Name": "company_name", "Alias": "cn", "Startup Cost": 2780.8, "Total Cost": 8684.25, "Plan Rows": 6290, "Plan Width": 4, "Filter": "((country_code)::text = '[jp]'::text)", "Plans": [{"Node Type": "Bitmap Index Scan", "Parent Relationship": "Outer", "Index Name": "company_name_pkey", "Startup Cost": 0.0, "Total Cost": 2779.23, "Plan Rows": 234996, "Plan Width": 0}]}, {"Node Type": "Bitmap Heap Scan", "Parent Relationship": "Inner", "Relation Name": "movie_companies", "Alias": "mc", "Startup Cost": 3.37, "Total Cost": 15.51, "Plan Rows": 1, "Plan Width": 8, "Recheck Cond": "(company_id = cn.id)", "Filter": "(((note)::text ~~ '%(Japan)%'::text) AND ((note)::text !~~ '%(USA)%'::text))", "Plans": [{"Node Type": "Bitmap Index Scan", "Parent Relationship": "Outer", "Index Name": "company_id_movie_companies", "Startup Cost": 0.0, "Total Cost": 3.37, "Plan Rows": 15, "Plan Width": 0, "Index Cond": "(company_id = cn.id)"}]}]}, {"Node Type": "Bitmap Heap Scan", "Parent Relationship": "Inner", "Relation Name": "title", "Alias": "t", "Startup Cost": 1.27, "Total Cost": 5.29, "Plan Rows": 1, "Plan Width": 21, "Recheck Cond": "(id = mc.movie_id)", "Plans": [{"Node Type": "Bitmap Index Scan", "Parent Relationship": "Outer", "Index Name": "title_pkey", "Startup Cost": 0.0, "Total Cost": 1.27, "Plan Rows": 1, "Plan Width": 0, "Index Cond": "(id = mc.movie_id)"}]}]}, {"Node Type": "Bitmap Heap Scan", "Parent Relationship": "Inner", "Relation Name": "cast_info", "Alias": "ci", "Startup Cost": 0.52, "Total Cost": 4.61, "Plan Rows": 1, "Plan Width": 12, "Recheck Cond": "(movie_id = t.id)", "Filter": "((note)::text = '(voice: English version)'::text)", "Plans": [{"Node Type": "Bitmap Index Scan", "Parent Relationship": "Outer", "Index Name": "movie_id_cast_info", "Startup Cost": 0.0, "Total Cost": 0.52, "Plan Rows": 6, "Plan Width": 0, "Index Cond": "(movie_id = t.id)"}]}]}, {"Node Type": "Hash", "Parent Relationship": "Inner", "Startup Cost": 12.46, "Total Cost": 12.46, "Plan Rows": 1, "Plan Width": 4, "Plans": [{"Node Type": "Bitmap Heap Scan", "Parent Relationship": "Outer", "Relation Name": "role_type", "Alias": "rt", "Startup Cost": 8.31, "Total Cost": 12.46, "Plan Rows": 1, "Plan Width": 4, "Filter": "((role)::text = 'actress'::text)", "Plans": [{"Node Type": "Bitmap Index Scan", "Parent Relationship": "Outer", "Index Name": "role_type_pkey", "Startup Cost": 0.0, "Total Cost": 8.31, "Plan Rows": 12, "Plan Width": 0}]}]}]}, {"Node Type": "Bitmap Heap Scan", "Parent Relationship": "Inner", "Relation Name": "name", "Alias": "n1", "Startup Cost": 0.9, "Total Cost": 4.92, "Plan Rows": 1, "Plan Width": 4, "Recheck Cond": "(id = ci.person_id)", "Filter": "(((name)::text ~~ '%Yo%'::text) AND ((name)::text !~~ '%Yu%'::text))", "Plans": [{"Node Type": "Bitmap Index Scan", "Parent Relationship": "Outer", "Index Name": "name_pkey", "Startup Cost": 0.0, "Total Cost": 0.9, "Plan Rows": 1, "Plan Width": 0, "Index Cond": "(id = ci.person_id)"}]}]}, {"Node Type": "Bitmap Heap Scan", "Parent Relationship": "Inner", "Relation Name": "aka_name", "Alias": "an1", "Startup Cost": 0.38, "Total Cost": 4.39, "Plan Rows": 1, "Plan Width": 20, "Recheck Cond": "(person_id = ci.person_id)", "Plans": [{"Node Type": "Bitmap Index Scan", "Parent Relationship": "Outer", "Index Name": "person_id_aka_name", "Startup Cost": 0.0, "Total Cost": 0.38, "Plan Rows": 1, "Plan Width": 0, "Index Cond": "(person_id = ci.person_id)"}]}]}]}, "Unique SQL Id": 3544391839, "Planner Runtime": 14}, "explain_analyze_plan": {"Plan": {"Node Type": "Aggregate", "Strategy": "Plain", "Startup Cost": 166565.05, "Total Cost": 166565.06, "Plan Rows": 1, "Plan Width": 97, "Actual Startup Time": 4841.754, "Actual Total Time": 4841.754, "Actual Rows": 1, "Actual Loops": 1, "Plans": [{"Node Type": "Nested Loop", "Parent Relationship": "Outer", "Join Type": "Inner", "Startup Cost": 2799.72, "Total Cost": 166564.99, "Plan Rows": 12, "Plan Width": 33, "Actual Startup Time": 374.017, "Actual Total Time": 4841.372, "Actual Rows": 62, "Actual Loops": 1, "Inner Unique": false, "Join Filter": "(n1.id = an1.person_id)", "Rows Removed by Join Filter": 0, "Plans": [{"Node Type": "Nested Loop", "Parent Relationship": "Outer", "Join Type": "Inner", "Startup Cost": 2799.34, "Total Cost": 166221.34, "Plan Rows": 78, "Plan Width": 25, "Actual Startup Time": 373.972, "Actual Total Time": 4840.615, "Actual Rows": 38, "Actual Loops": 1, "Inner Unique": true, "Plans": [{"Node Type": "Hash Join", "Parent Relationship": "Outer", "Join Type": "Inner", "Startup Cost": 2798.44, "Total Cost": 163598.7, "Plan Rows": 532, "Plan Width": 21, "Actual Startup Time": 22.319, "Actual Total Time": 4777.643, "Actual Rows": 7438, "Actual Loops": 1, "Inner Unique": true, "Hash Cond": "(ci.role_id = rt.id)", "Plans": [{"Node Type": "Nested Loop", "Parent Relationship": "Outer", "Join Type": "Inner", "Startup Cost": 2785.97, "Total Cost": 163566.25, "Plan Rows": 5847, "Plan Width": 25, "Actual Startup Time": 22.206, "Actual Total Time": 4770.382, "Actual Rows": 19600, "Actual Loops": 1, "Inner Unique": false, "Plans": [{"Node Type": "Nested Loop", "Parent Relationship": "Outer", "Join Type": "Inner", "Startup Cost": 2785.45, "Total Cost": 136908.44, "Plan Rows": 5775, "Plan Width": 25, "Actual Startup Time": 22.102, "Actual Total Time": 864.035, "Actual Rows": 48328, "Actual Loops": 1, "Inner Unique": true, "Plans": [{"Node Type": "Nested Loop", "Parent Relationship": "Outer", "Join Type": "Inner", "Startup Cost": 2784.18, "Total Cost": 106322.09, "Plan Rows": 5775, "Plan Width": 4, "Actual Startup Time": 22.077, "Actual Total Time": 434.036, "Actual Rows": 48328, "Actual Loops": 1, "Inner Unique": false, "Plans": [{"Node Type": "Bitmap Heap Scan", "Parent Relationship": "Outer", "Relation Name": "company_name", "Alias": "cn", "Startup Cost": 2780.8, "Total Cost": 8684.25, "Plan Rows": 6290, "Plan Width": 4, "Actual Startup Time": 22.004, "Actual Total Time": 144.693, "Actual Rows": 6752, "Actual Loops": 1, "Filter": "((country_code)::text = '[jp]'::text)", "Rows Removed by Filter": 228244, "Exact Heap Blocks": 2966, "Lossy Heap Blocks": 2966, "Plans": [{"Node Type": "Bitmap Index Scan", "Parent Relationship": "Outer", "Index Name": "company_name_pkey", "Startup Cost": 0.0, "Total Cost": 2779.23, "Plan Rows": 234996, "Plan Width": 0, "Actual Startup Time": 21.511, "Actual Total Time": 21.511, "Actual Rows": 234996, "Actual Loops": 1}]}, {"Node Type": "Bitmap Heap Scan", "Parent Relationship": "Inner", "Relation Name": "movie_companies", "Alias": "mc", "Startup Cost": 3.37, "Total Cost": 15.51, "Plan Rows": 1, "Plan Width": 8, "Actual Startup Time": 94.706, "Actual Total Time": 265.557, "Actual Rows": 48328, "Actual Loops": 6752, "Recheck Cond": "(company_id = cn.id)", "Rows Removed by Index Recheck": 0, "Filter": "(((note)::text ~~ '%(Japan)%'::text) AND ((note)::text !~~ '%(USA)%'::text))", "Rows Removed by Filter": 56667, "Exact Heap Blocks": 61861, "Lossy Heap Blocks": 61861, "Plans": [{"Node Type": "Bitmap Index Scan", "Parent Relationship": "Outer", "Index Name": "company_id_movie_companies", "Startup Cost": 0.0, "Total Cost": 3.37, "Plan Rows": 15, "Plan Width": 0, "Actual Startup Time": 49.888, "Actual Total Time": 49.888, "Actual Rows": 104995, "Actual Loops": 6752, "Index Cond": "(company_id = cn.id)"}]}]}, {"Node Type": "Bitmap Heap Scan", "Parent Relationship": "Inner", "Relation Name": "title", "Alias": "t", "Startup Cost": 1.27, "Total Cost": 5.29, "Plan Rows": 1, "Plan Width": 21, "Actual Startup Time": 352.265, "Actual Total Time": 352.265, "Actual Rows": 48328, "Actual Loops": 48328, "Recheck Cond": "(id = mc.movie_id)", "Rows Removed by Index Recheck": 0, "Exact Heap Blocks": 48328, "Lossy Heap Blocks": 48328, "Plans": [{"Node Type": "Bitmap Index Scan", "Parent Relationship": "Outer", "Index Name": "title_pkey", "Startup Cost": 0.0, "Total Cost": 1.27, "Plan Rows": 1, "Plan Width": 0, "Actual Startup Time": 200.758, "Actual Total Time": 200.758, "Actual Rows": 48328, "Actual Loops": 48328, "Index Cond": "(id = mc.movie_id)"}]}]}, {"Node Type": "Bitmap Heap Scan", "Parent Relationship": "Inner", "Relation Name": "cast_info", "Alias": "ci", "Startup Cost": 0.52, "Total Cost": 4.61, "Plan Rows": 1, "Plan Width": 12, "Actual Startup Time": 3678.427, "Actual Total Time": 3832.864, "Actual Rows": 19600, "Actual Loops": 48328, "Recheck Cond": "(movie_id = t.id)", "Rows Removed by Index Recheck": 0, "Filter": "((note)::text = '(voice: English version)'::text)", "Rows Removed by Filter": 1531710, "Exact Heap Blocks": 1503105, "Lossy Heap Blocks": 1503105, "Plans": [{"Node Type": "Bitmap Index Scan", "Parent Relationship": "Outer", "Index Name": "movie_id_cast_info", "Startup Cost": 0.0, "Total Cost": 0.52, "Plan Rows": 6, "Plan Width": 0, "Actual Startup Time": 524.47, "Actual Total Time": 524.47, "Actual Rows": 1551310, "Actual Loops": 48328, "Index Cond": "(movie_id = t.id)"}]}]}, {"Node Type": "Hash", "Parent Relationship": "Inner", "Startup Cost": 12.46, "Total Cost": 12.46, "Plan Rows": 1, "Plan Width": 4, "Actual Startup Time": 0.065, "Actual Total Time": 0.065, "Actual Rows": 1, "Actual Loops": 1, "Hash Buckets": 32768, "Hash Batches": 1, "Original Hash Batches": 1, "Peak Memory Usage": 1, "Plans": [{"Node Type": "Bitmap Heap Scan", "Parent Relationship": "Outer", "Relation Name": "role_type", "Alias": "rt", "Startup Cost": 8.31, "Total Cost": 12.46, "Plan Rows": 1, "Plan Width": 4, "Actual Startup Time": 0.054, "Actual Total Time": 0.057, "Actual Rows": 1, "Actual Loops": 1, "Filter": "((role)::text = 'actress'::text)", "Rows Removed by Filter": 11, "Exact Heap Blocks": 1, "Lossy Heap Blocks": 1, "Plans": [{"Node Type": "Bitmap Index Scan", "Parent Relationship": "Outer", "Index Name": "role_type_pkey", "Startup Cost": 0.0, "Total Cost": 8.31, "Plan Rows": 12, "Plan Width": 0, "Actual Startup Time": 0.018, "Actual Total Time": 0.018, "Actual Rows": 12, "Actual Loops": 1}]}]}]}, {"Node Type": "Bitmap Heap Scan", "Parent Relationship": "Inner", "Relation Name": "name", "Alias": "n1", "Startup Cost": 0.9, "Total Cost": 4.92, "Plan Rows": 1, "Plan Width": 4, "Actual Startup Time": 52.683, "Actual Total Time": 52.683, "Actual Rows": 38, "Actual Loops": 7438, "Recheck Cond": "(id = ci.person_id)", "Rows Removed by Index Recheck": 0, "Filter": "(((name)::text ~~ '%Yo%'::text) AND ((name)::text !~~ '%Yu%'::text))", "Rows Removed by Filter": 7400, "Exact Heap Blocks": 7438, "Lossy Heap Blocks": 7438, "Plans": [{"Node Type": "Bitmap Index Scan", "Parent Relationship": "Outer", "Index Name": "name_pkey", "Startup Cost": 0.0, "Total Cost": 0.9, "Plan Rows": 1, "Plan Width": 0, "Actual Startup Time": 31.179, "Actual Total Time": 31.179, "Actual Rows": 7438, "Actual Loops": 7438, "Index Cond": "(id = ci.person_id)"}]}]}, {"Node Type": "Bitmap Heap Scan", "Parent Relationship": "Inner", "Relation Name": "aka_name", "Alias": "an1", "Startup Cost": 0.38, "Total Cost": 4.39, "Plan Rows": 1, "Plan Width": 20, "Actual Startup Time": 0.506, "Actual Total Time": 0.537, "Actual Rows": 62, "Actual Loops": 38, "Recheck Cond": "(person_id = ci.person_id)", "Rows Removed by Index Recheck": 0, "Exact Heap Blocks": 43, "Lossy Heap Blocks": 43, "Plans": [{"Node Type": "Bitmap Index Scan", "Parent Relationship": "Outer", "Index Name": "person_id_aka_name", "Startup Cost": 0.0, "Total Cost": 0.38, "Plan Rows": 1, "Plan Width": 0, "Actual Startup Time": 0.321, "Actual Total Time": 0.321, "Actual Rows": 62, "Actual Loops": 38, "Index Cond": "(person_id = ci.person_id)"}]}]}]}, "Triggers": [], "Planner Runtime": 14, "Total Runtime": 4842.171, "Unique SQL Id": 3544391839}}, "(64, 104)": {"explain_plan": {"Plan": {"Node Type": "Aggregate", "Strategy": "Plain", "Startup Cost": 90279.98, "Total Cost": 90279.99, "Plan Rows": 1, "Plan Width": 97, "Plans": [{"Node Type": "Nested Loop", "Parent Relationship": "Outer", "Join Type": "Inner", "Startup Cost": 5983.24, "Total Cost": 90279.92, "Plan Rows": 12, "Plan Width": 33, "Inner Unique": true, "Plans": [{"Node Type": "Nested Loop", "Parent Relationship": "Outer", "Join Type": "Inner", "Startup Cost": 5983.24, "Total Cost": 89904.38, "Plan Rows": 645, "Plan Width": 41, "Inner Unique": false, "Plans": [{"Node Type": "Hash Join", "Parent Relationship": "Outer", "Join Type": "Inner", "Startup Cost": 5983.24, "Total Cost": 89450.16, "Plan Rows": 532, "Plan Width": 21, "Inner Unique": true, "Hash Cond": "(ci.role_id = rt.id)", "Plans": [{"Node Type": "Nested Loop", "Parent Relationship": "Outer", "Join Type": "Inner", "Startup Cost": 5982.08, "Total Cost": 89429.03, "Plan Rows": 5847, "Plan Width": 25, "Inner Unique": false, "Plans": [{"Node Type": "Nested Loop", "Parent Relationship": "Outer", "Join Type": "Inner", "Startup Cost": 5982.08, "Total Cost": 83686.44, "Plan Rows": 5775, "Plan Width": 25, "Inner Unique": true, "Plans": [{"Node Type": "Hash Join", "Parent Relationship": "Outer", "Join Type": "Inner", "Startup Cost": 5982.08, "Total Cost": 61039.34, "Plan Rows": 5775, "Plan Width": 4, "Inner Unique": true, "Hash Cond": "(mc.company_id = cn.id)", "Plans": [{"Node Type": "Seq Scan", "Parent Relationship": "Outer", "Relation Name": "movie_companies", "Alias": "mc", "Startup Cost": 0.0, "Total Cost": 54862.92, "Plan Rows": 36426, "Plan Width": 8, "Filter": "(((note)::text ~~ '%(Japan)%'::text) AND ((note)::text !~~ '%(USA)%'::text))"}, {"Node Type": "Hash", "Parent Relationship": "Inner", "Startup Cost": 5903.45, "Total Cost": 5903.45, "Plan Rows": 6290, "Plan Width": 4, "Plans": [{"Node Type": "Seq Scan", "Parent Relationship": "Outer", "Relation Name": "company_name", "Alias": "cn", "Startup Cost": 0.0, "Total Cost": 5903.45, "Plan Rows": 6290, "Plan Width": 4, "Filter": "((country_code)::text = '[jp]'::text)"}]}]}, {"Node Type": "Index Scan", "Parent Relationship": "Inner", "Scan Direction": "Forward", "Index Name": "title_pkey", "Relation Name": "title", "Alias": "t", "Startup Cost": 0.0, "Total Cost": 3.91, "Plan Rows": 1, "Plan Width": 21, "Index Cond": "(id = mc.movie_id)"}]}, {"Node Type": "Index Scan", "Parent Relationship": "Inner", "Scan Direction": "Forward", "Index Name": "movie_id_cast_info", "Relation Name": "cast_info", "Alias": "ci", "Startup Cost": 0.0, "Total Cost": 0.98, "Plan Rows": 1, "Plan Width": 12, "Index Cond": "(movie_id = t.id)", "Filter": "((note)::text = '(voice: English version)'::text)"}]}, {"Node Type": "Hash", "Parent Relationship": "Inner", "Startup Cost": 1.15, "Total Cost": 1.15, "Plan Rows": 1, "Plan Width": 4, "Plans": [{"Node Type": "Seq Scan", "Parent Relationship": "Outer", "Relation Name": "role_type", "Alias": "rt", "Startup Cost": 0.0, "Total Cost": 1.15, "Plan Rows": 1, "Plan Width": 4, "Filter": "((role)::text = 'actress'::text)"}]}]}, {"Node Type": "Index Scan", "Parent Relationship": "Inner", "Scan Direction": "Forward", "Index Name": "person_id_aka_name", "Relation Name": "aka_name", "Alias": "an1", "Startup Cost": 0.0, "Total Cost": 0.84, "Plan Rows": 1, "Plan Width": 20, "Index Cond": "(person_id = ci.person_id)"}]}, {"Node Type": "Index Scan", "Parent Relationship": "Inner", "Scan Direction": "Forward", "Index Name": "name_pkey", "Relation Name": "name", "Alias": "n1", "Startup Cost": 0.0, "Total Cost": 0.57, "Plan Rows": 1, "Plan Width": 4, "Index Cond": "(id = an1.person_id)", "Filter": "(((name)::text ~~ '%Yo%'::text) AND ((name)::text !~~ '%Yu%'::text))"}]}]}, "Unique SQL Id": 3544391839, "Planner Runtime": 21}, "explain_analyze_plan": {"Plan": {"Node Type": "Aggregate", "Strategy": "Plain", "Startup Cost": 90279.98, "Total Cost": 90279.99, "Plan Rows": 1, "Plan Width": 97, "Actual Startup Time": 4186.592, "Actual Total Time": 4186.593, "Actual Rows": 1, "Actual Loops": 1, "Plans": [{"Node Type": "Nested Loop", "Parent Relationship": "Outer", "Join Type": "Inner", "Startup Cost": 5983.24, "Total Cost": 90279.92, "Plan Rows": 12, "Plan Width": 33, "Actual Startup Time": 370.366, "Actual Total Time": 4186.203, "Actual Rows": 62, "Actual Loops": 1, "Inner Unique": true, "Plans": [{"Node Type": "Nested Loop", "Parent Relationship": "Outer", "Join Type": "Inner", "Startup Cost": 5983.24, "Total Cost": 89904.38, "Plan Rows": 645, "Plan Width": 41, "Actual Startup Time": 85.309, "Actual Total Time": 4112.732, "Actual Rows": 17379, "Actual Loops": 1, "Inner Unique": false, "Plans": [{"Node Type": "Hash Join", "Parent Relationship": "Outer", "Join Type": "Inner", "Startup Cost": 5983.24, "Total Cost": 89450.16, "Plan Rows": 532, "Plan Width": 21, "Actual Startup Time": 85.291, "Actual Total Time": 4064.871, "Actual Rows": 7438, "Actual Loops": 1, "Inner Unique": true, "Hash Cond": "(ci.role_id = rt.id)", "Plans": [{"Node Type": "Nested Loop", "Parent Relationship": "Outer", "Join Type": "Inner", "Startup Cost": 5982.08, "Total Cost": 89429.03, "Plan Rows": 5847, "Plan Width": 25, "Actual Startup Time": 85.191, "Actual Total Time": 4058.596, "Actual Rows": 19600, "Actual Loops": 1, "Inner Unique": false, "Plans": [{"Node Type": "Nested Loop", "Parent Relationship": "Outer", "Join Type": "Inner", "Startup Cost": 5982.08, "Total Cost": 83686.44, "Plan Rows": 5775, "Plan Width": 25, "Actual Startup Time": 85.055, "Actual Total Time": 1322.552, "Actual Rows": 48328, "Actual Loops": 1, "Inner Unique": true, "Plans": [{"Node Type": "Hash Join", "Parent Relationship": "Outer", "Join Type": "Inner", "Startup Cost": 5982.08, "Total Cost": 61039.34, "Plan Rows": 5775, "Plan Width": 4, "Actual Startup Time": 85.006, "Actual Total Time": 1077.163, "Actual Rows": 48328, "Actual Loops": 1, "Inner Unique": true, "Hash Cond": "(mc.company_id = cn.id)", "Plans": [{"Node Type": "Seq Scan", "Parent Relationship": "Outer", "Relation Name": "movie_companies", "Alias": "mc", "Startup Cost": 0.0, "Total Cost": 54862.92, "Plan Rows": 36426, "Plan Width": 8, "Actual Startup Time": 0.239, "Actual Total Time": 959.247, "Actual Rows": 48897, "Actual Loops": 1, "Filter": "(((note)::text ~~ '%(Japan)%'::text) AND ((note)::text !~~ '%(USA)%'::text))", "Rows Removed by Filter": 2560231}, {"Node Type": "Hash", "Parent Relationship": "Inner", "Startup Cost": 5903.45, "Total Cost": 5903.45, "Plan Rows": 6290, "Plan Width": 4, "Actual Startup Time": 84.711, "Actual Total Time": 84.711, "Actual Rows": 6752, "Actual Loops": 1, "Hash Buckets": 32768, "Hash Batches": 1, "Original Hash Batches": 1, "Peak Memory Usage": 238, "Plans": [{"Node Type": "Seq Scan", "Parent Relationship": "Outer", "Relation Name": "company_name", "Alias": "cn", "Startup Cost": 0.0, "Total Cost": 5903.45, "Plan Rows": 6290, "Plan Width": 4, "Actual Startup Time": 0.026, "Actual Total Time": 82.6, "Actual Rows": 6752, "Actual Loops": 1, "Filter": "((country_code)::text = '[jp]'::text)", "Rows Removed by Filter": 228244}]}]}, {"Node Type": "Index Scan", "Parent Relationship": "Inner", "Scan Direction": "Forward", "Index Name": "title_pkey", "Relation Name": "title", "Alias": "t", "Startup Cost": 0.0, "Total Cost": 3.91, "Plan Rows": 1, "Plan Width": 21, "Actual Startup Time": 203.812, "Actual Total Time": 203.812, "Actual Rows": 48328, "Actual Loops": 48328, "Index Cond": "(id = mc.movie_id)", "Rows Removed by Index Recheck": 0}]}, {"Node Type": "Index Scan", "Parent Relationship": "Inner", "Scan Direction": "Forward", "Index Name": "movie_id_cast_info", "Relation Name": "cast_info", "Alias": "ci", "Startup Cost": 0.0, "Total Cost": 0.98, "Plan Rows": 1, "Plan Width": 12, "Actual Startup Time": 2580.795, "Actual Total Time": 2704.405, "Actual Rows": 19600, "Actual Loops": 48328, "Index Cond": "(movie_id = t.id)", "Rows Removed by Index Recheck": 0, "Filter": "((note)::text = '(voice: English version)'::text)", "Rows Removed by Filter": 1531710}]}, {"Node Type": "Hash", "Parent Relationship": "Inner", "Startup Cost": 1.15, "Total Cost": 1.15, "Plan Rows": 1, "Plan Width": 4, "Actual Startup Time": 0.049, "Actual Total Time": 0.049, "Actual Rows": 1, "Actual Loops": 1, "Hash Buckets": 32768, "Hash Batches": 1, "Original Hash Batches": 1, "Peak Memory Usage": 1, "Plans": [{"Node Type": "Seq Scan", "Parent Relationship": "Outer", "Relation Name": "role_type", "Alias": "rt", "Startup Cost": 0.0, "Total Cost": 1.15, "Plan Rows": 1, "Plan Width": 4, "Actual Startup Time": 0.032, "Actual Total Time": 0.037, "Actual Rows": 1, "Actual Loops": 1, "Filter": "((role)::text = 'actress'::text)", "Rows Removed by Filter": 11}]}]}, {"Node Type": "Index Scan", "Parent Relationship": "Inner", "Scan Direction": "Forward", "Index Name": "person_id_aka_name", "Relation Name": "aka_name", "Alias": "an1", "Startup Cost": 0.0, "Total Cost": 0.84, "Plan Rows": 1, "Plan Width": 20, "Actual Startup Time": 31.022, "Actual Total Time": 39.083, "Actual Rows": 17379, "Actual Loops": 7438, "Index Cond": "(person_id = ci.person_id)", "Rows Removed by Index Recheck": 0}]}, {"Node Type": "Index Scan", "Parent Relationship": "Inner", "Scan Direction": "Forward", "Index Name": "name_pkey", "Relation Name": "name", "Alias": "n1", "Startup Cost": 0.0, "Total Cost": 0.57, "Plan Rows": 1, "Plan Width": 4, "Actual Startup Time": 64.549, "Actual Total Time": 64.549, "Actual Rows": 62, "Actual Loops": 17379, "Index Cond": "(id = an1.person_id)", "Rows Removed by Index Recheck": 0, "Filter": "(((name)::text ~~ '%Yo%'::text) AND ((name)::text !~~ '%Yu%'::text))", "Rows Removed by Filter": 17317}]}]}, "Triggers": [], "Planner Runtime": 22, "Total Runtime": 4186.99, "Unique SQL Id": 3544391839}}, "(64, 105)": {"explain_plan": {"Plan": {"Node Type": "Aggregate", "Strategy": "Plain", "Startup Cost": 110771.72, "Total Cost": 110771.73, "Plan Rows": 1, "Plan Width": 97, "Plans": [{"Node Type": "Nested Loop", "Parent Relationship": "Outer", "Join Type": "Inner", "Startup Cost": 12.47, "Total Cost": 110771.66, "Plan Rows": 12, "Plan Width": 33, "Inner Unique": true, "Plans": [{"Node Type": "Nested Loop", "Parent Relationship": "Outer", "Join Type": "Inner", "Startup Cost": 12.47, "Total Cost": 110396.12, "Plan Rows": 645, "Plan Width": 41, "Inner Unique": false, "Plans": [{"Node Type": "Hash Join", "Parent Relationship": "Outer", "Join Type": "Inner", "Startup Cost": 12.47, "Total Cost": 109941.91, "Plan Rows": 532, "Plan Width": 21, "Inner Unique": true, "Hash Cond": "(ci.role_id = rt.id)", "Plans": [{"Node Type": "Nested Loop", "Parent Relationship": "Outer", "Join Type": "Inner", "Startup Cost": 0.0, "Total Cost": 109909.47, "Plan Rows": 5847, "Plan Width": 25, "Inner Unique": false, "Plans": [{"Node Type": "Nested Loop", "Parent Relationship": "Outer", "Join Type": "Inner", "Startup Cost": 0.0, "Total Cost": 104166.87, "Plan Rows": 5775, "Plan Width": 25, "Inner Unique": true, "Plans": [{"Node Type": "Nested Loop", "Parent Relationship": "Outer", "Join Type": "Inner", "Startup Cost": 0.0, "Total Cost": 81519.78, "Plan Rows": 5775, "Plan Width": 4, "Inner Unique": false, "Plans": [{"Node Type": "Index Scan", "Parent Relationship": "Outer", "Scan Direction": "Forward", "Index Name": "company_name_pkey", "Relation Name": "company_name", "Alias": "cn", "Startup Cost": 0.0, "Total Cost": 10501.39, "Plan Rows": 6290, "Plan Width": 4, "Filter": "((country_code)::text = '[jp]'::text)"}, {"Node Type": "Index Scan", "Parent Relationship": "Inner", "Scan Direction": "Forward", "Index Name": "company_id_movie_companies", "Relation Name": "movie_companies", "Alias": "mc", "Startup Cost": 0.0, "Total Cost": 11.28, "Plan Rows": 1, "Plan Width": 8, "Index Cond": "(company_id = cn.id)", "Filter": "(((note)::text ~~ '%(Japan)%'::text) AND ((note)::text !~~ '%(USA)%'::text))"}]}, {"Node Type": "Index Scan", "Parent Relationship": "Inner", "Scan Direction": "Forward", "Index Name": "title_pkey", "Relation Name": "title", "Alias": "t", "Startup Cost": 0.0, "Total Cost": 3.91, "Plan Rows": 1, "Plan Width": 21, "Index Cond": "(id = mc.movie_id)"}]}, {"Node Type": "Index Scan", "Parent Relationship": "Inner", "Scan Direction": "Forward", "Index Name": "movie_id_cast_info", "Relation Name": "cast_info", "Alias": "ci", "Startup Cost": 0.0, "Total Cost": 0.98, "Plan Rows": 1, "Plan Width": 12, "Index Cond": "(movie_id = t.id)", "Filter": "((note)::text = '(voice: English version)'::text)"}]}, {"Node Type": "Hash", "Parent Relationship": "Inner", "Startup Cost": 12.46, "Total Cost": 12.46, "Plan Rows": 1, "Plan Width": 4, "Plans": [{"Node Type": "Index Scan", "Parent Relationship": "Outer", "Scan Direction": "Forward", "Index Name": "role_type_pkey", "Relation Name": "role_type", "Alias": "rt", "Startup Cost": 0.0, "Total Cost": 12.46, "Plan Rows": 1, "Plan Width": 4, "Filter": "((role)::text = 'actress'::text)"}]}]}, {"Node Type": "Index Scan", "Parent Relationship": "Inner", "Scan Direction": "Forward", "Index Name": "person_id_aka_name", "Relation Name": "aka_name", "Alias": "an1", "Startup Cost": 0.0, "Total Cost": 0.84, "Plan Rows": 1, "Plan Width": 20, "Index Cond": "(person_id = ci.person_id)"}]}, {"Node Type": "Index Scan", "Parent Relationship": "Inner", "Scan Direction": "Forward", "Index Name": "name_pkey", "Relation Name": "name", "Alias": "n1", "Startup Cost": 0.0, "Total Cost": 0.57, "Plan Rows": 1, "Plan Width": 4, "Index Cond": "(id = an1.person_id)", "Filter": "(((name)::text ~~ '%Yo%'::text) AND ((name)::text !~~ '%Yu%'::text))"}]}]}, "Unique SQL Id": 3544391839, "Planner Runtime": 12}, "explain_analyze_plan": {"Plan": {"Node Type": "Aggregate", "Strategy": "Plain", "Startup Cost": 110771.72, "Total Cost": 110771.73, "Plan Rows": 1, "Plan Width": 97, "Actual Startup Time": 3952.884, "Actual Total Time": 3952.885, "Actual Rows": 1, "Actual Loops": 1, "Plans": [{"Node Type": "Nested Loop", "Parent Relationship": "Outer", "Join Type": "Inner", "Startup Cost": 12.47, "Total Cost": 110771.66, "Plan Rows": 12, "Plan Width": 33, "Actual Startup Time": 4.922, "Actual Total Time": 3952.597, "Actual Rows": 62, "Actual Loops": 1, "Inner Unique": true, "Plans": [{"Node Type": "Nested Loop", "Parent Relationship": "Outer", "Join Type": "Inner", "Startup Cost": 12.47, "Total Cost": 110396.12, "Plan Rows": 645, "Plan Width": 41, "Actual Startup Time": 0.395, "Actual Total Time": 3875.879, "Actual Rows": 17379, "Actual Loops": 1, "Inner Unique": false, "Plans": [{"Node Type": "Hash Join", "Parent Relationship": "Outer", "Join Type": "Inner", "Startup Cost": 12.47, "Total Cost": 109941.91, "Plan Rows": 532, "Plan Width": 21, "Actual Startup Time": 0.379, "Actual Total Time": 3823.992, "Actual Rows": 7438, "Actual Loops": 1, "Inner Unique": true, "Hash Cond": "(ci.role_id = rt.id)", "Plans": [{"Node Type": "Nested Loop", "Parent Relationship": "Outer", "Join Type": "Inner", "Startup Cost": 0.0, "Total Cost": 109909.47, "Plan Rows": 5847, "Plan Width": 25, "Actual Startup Time": 0.315, "Actual Total Time": 3817.357, "Actual Rows": 19600, "Actual Loops": 1, "Inner Unique": false, "Plans": [{"Node Type": "Nested Loop", "Parent Relationship": "Outer", "Join Type": "Inner", "Startup Cost": 0.0, "Total Cost": 104166.87, "Plan Rows": 5775, "Plan Width": 25, "Actual Startup Time": 0.25, "Actual Total Time": 859.595, "Actual Rows": 48328, "Actual Loops": 1, "Inner Unique": true, "Plans": [{"Node Type": "Nested Loop", "Parent Relationship": "Outer", "Join Type": "Inner", "Startup Cost": 0.0, "Total Cost": 81519.78, "Plan Rows": 5775, "Plan Width": 4, "Actual Startup Time": 0.236, "Actual Total Time": 542.551, "Actual Rows": 48328, "Actual Loops": 1, "Inner Unique": false, "Plans": [{"Node Type": "Index Scan", "Parent Relationship": "Outer", "Scan Direction": "Forward", "Index Name": "company_name_pkey", "Relation Name": "company_name", "Alias": "cn", "Startup Cost": 0.0, "Total Cost": 10501.39, "Plan Rows": 6290, "Plan Width": 4, "Actual Startup Time": 0.199, "Actual Total Time": 310.839, "Actual Rows": 6752, "Actual Loops": 1, "Filter": "((country_code)::text = '[jp]'::text)", "Rows Removed by Filter": 228244}, {"Node Type": "Index Scan", "Parent Relationship": "Inner", "Scan Direction": "Forward", "Index Name": "company_id_movie_companies", "Relation Name": "movie_companies", "Alias": "mc", "Startup Cost": 0.0, "Total Cost": 11.28, "Plan Rows": 1, "Plan Width": 8, "Actual Startup Time": 56.198, "Actual Total Time": 214.979, "Actual Rows": 48328, "Actual Loops": 6752, "Index Cond": "(company_id = cn.id)", "Rows Removed by Index Recheck": 0, "Filter": "(((note)::text ~~ '%(Japan)%'::text) AND ((note)::text !~~ '%(USA)%'::text))", "Rows Removed by Filter": 56667}]}, {"Node Type": "Index Scan", "Parent Relationship": "Inner", "Scan Direction": "Forward", "Index Name": "title_pkey", "Relation Name": "title", "Alias": "t", "Startup Cost": 0.0, "Total Cost": 3.91, "Plan Rows": 1, "Plan Width": 21, "Actual Startup Time": 273.759, "Actual Total Time": 273.759, "Actual Rows": 48328, "Actual Loops": 48328, "Index Cond": "(id = mc.movie_id)", "Rows Removed by Index Recheck": 0}]}, {"Node Type": "Index Scan", "Parent Relationship": "Inner", "Scan Direction": "Forward", "Index Name": "movie_id_cast_info", "Relation Name": "cast_info", "Alias": "ci", "Startup Cost": 0.0, "Total Cost": 0.98, "Plan Rows": 1, "Plan Width": 12, "Actual Startup Time": 2796.957, "Actual Total Time": 2926.646, "Actual Rows": 19600, "Actual Loops": 48328, "Index Cond": "(movie_id = t.id)", "Rows Removed by Index Recheck": 0, "Filter": "((note)::text = '(voice: English version)'::text)", "Rows Removed by Filter": 1531710}]}, {"Node Type": "Hash", "Parent Relationship": "Inner", "Startup Cost": 12.46, "Total Cost": 12.46, "Plan Rows": 1, "Plan Width": 4, "Actual Startup Time": 0.02, "Actual Total Time": 0.02, "Actual Rows": 1, "Actual Loops": 1, "Hash Buckets": 32768, "Hash Batches": 1, "Original Hash Batches": 1, "Peak Memory Usage": 1, "Plans": [{"Node Type": "Index Scan", "Parent Relationship": "Outer", "Scan Direction": "Forward", "Index Name": "role_type_pkey", "Relation Name": "role_type", "Alias": "rt", "Startup Cost": 0.0, "Total Cost": 12.46, "Plan Rows": 1, "Plan Width": 4, "Actual Startup Time": 0.01, "Actual Total Time": 0.015, "Actual Rows": 1, "Actual Loops": 1, "Filter": "((role)::text = 'actress'::text)", "Rows Removed by Filter": 11}]}]}, {"Node Type": "Index Scan", "Parent Relationship": "Inner", "Scan Direction": "Forward", "Index Name": "person_id_aka_name", "Relation Name": "aka_name", "Alias": "an1", "Startup Cost": 0.0, "Total Cost": 0.84, "Plan Rows": 1, "Plan Width": 20, "Actual Startup Time": 34.442, "Actual Total Time": 42.809, "Actual Rows": 17379, "Actual Loops": 7438, "Index Cond": "(person_id = ci.person_id)", "Rows Removed by Index Recheck": 0}]}, {"Node Type": "Index Scan", "Parent Relationship": "Inner", "Scan Direction": "Forward", "Index Name": "name_pkey", "Relation Name": "name", "Alias": "n1", "Startup Cost": 0.0, "Total Cost": 0.57, "Plan Rows": 1, "Plan Width": 4, "Actual Startup Time": 67.739, "Actual Total Time": 67.739, "Actual Rows": 62, "Actual Loops": 17379, "Index Cond": "(id = an1.person_id)", "Rows Removed by Index Recheck": 0, "Filter": "(((name)::text ~~ '%Yo%'::text) AND ((name)::text !~~ '%Yu%'::text))", "Rows Removed by Filter": 17317}]}]}, "Triggers": [], "Planner Runtime": 12, "Total Runtime": 3953.275, "Unique SQL Id": 3544391839}}, "(64, 106)": {"explain_plan": {"Plan": {"Node Type": "Aggregate", "Strategy": "Plain", "Startup Cost": 318214.11, "Total Cost": 318214.12, "Plan Rows": 1, "Plan Width": 97, "Plans": [{"Node Type": "Hash Join", "Parent Relationship": "Outer", "Join Type": "Inner", "Startup Cost": 241688.13, "Total Cost": 318210.88, "Plan Rows": 646, "Plan Width": 33, "Inner Unique": true, "Hash Cond": "(ci.movie_id = t.id)", "Plans": [{"Node Type": "Hash Join", "Parent Relationship": "Outer", "Join Type": "Inner", "Startup Cost": 150015.13, "Total Cost": 226529.0, "Plan Rows": 646, "Plan Width": 24, "Inner Unique": false, "Hash Cond": "(ci.movie_id = mc.movie_id)", "Plans": [{"Node Type": "Hash Join", "Parent Relationship": "Outer", "Join Type": "Inner", "Startup Cost": 88903.6, "Total Cost": 165340.91, "Plan Rows": 1560, "Plan Width": 20, "Inner Unique": false, "Hash Cond": "(ci.person_id = an1.person_id)", "Plans": [{"Node Type": "Hash Join", "Parent Relationship": "Outer", "Join Type": "Inner", "Startup Cost": 1.16, "Total Cost": 76267.13, "Plan Rows": 8790, "Plan Width": 8, "Inner Unique": true, "Hash Cond": "(ci.role_id = rt.id)", "Plans": [{"Node Type": "Streaming(type: LOCAL GATHER dop: 1/64)", "Parent Relationship": "Outer", "Startup Cost": 0.0, "Total Cost": 75815.47, "Plan Rows": 96692, "Plan Width": 12, "Plans": [{"Node Type": "Seq Scan", "Parent Relationship": "Outer", "Relation Name": "cast_info", "Alias": "ci", "Startup Cost": 0.0, "Total Cost": 73820.73, "Plan Rows": 96692, "Plan Width": 12, "Filter": "((note)::text = '(voice: English version)'::text)"}]}, {"Node Type": "Hash", "Parent Relationship": "Inner", "Startup Cost": 1.15, "Total Cost": 1.15, "Plan Rows": 1, "Plan Width": 4, "Plans": [{"Node Type": "Seq Scan", "Parent Relationship": "Outer", "Relation Name": "role_type", "Alias": "rt", "Startup Cost": 0.0, "Total Cost": 1.15, "Plan Rows": 1, "Plan Width": 4, "Filter": "((role)::text = 'actress'::text)"}]}]}, {"Node Type": "Hash", "Parent Relationship": "Inner", "Startup Cost": 88694.6, "Total Cost": 88694.6, "Plan Rows": 16627, "Plan Width": 24, "Plans": [{"Node Type": "Hash Join", "Parent Relationship": "Outer", "Join Type": "Inner", "Startup Cost": 65239.88, "Total Cost": 88694.6, "Plan Rows": 16627, "Plan Width": 24, "Inner Unique": true, "Hash Cond": "(an1.person_id = n1.id)", "Plans": [{"Node Type": "Seq Scan", "Parent Relationship": "Outer", "Relation Name": "aka_name", "Alias": "an1", "Startup Cost": 0.0, "Total Cost": 19908.42, "Plan Rows": 901342, "Plan Width": 20}, {"Node Type": "Hash", "Parent Relationship": "Inner", "Startup Cost": 65066.3, "Total Cost": 65066.3, "Plan Rows": 13886, "Plan Width": 4, "Plans": [{"Node Type": "Streaming(type: LOCAL GATHER dop: 1/64)", "Parent Relationship": "Outer", "Startup Cost": 0.0, "Total Cost": 65066.3, "Plan Rows": 13886, "Plan Width": 4, "Plans": [{"Node Type": "Seq Scan", "Parent Relationship": "Outer", "Relation Name": "name", "Alias": "n1", "Startup Cost": 0.0, "Total Cost": 64779.83, "Plan Rows": 13886, "Plan Width": 4, "Filter": "(((name)::text ~~ '%Yo%'::text) AND ((name)::text !~~ '%Yu%'::text))"}]}]}]}]}]}, {"Node Type": "Hash", "Parent Relationship": "Inner", "Startup Cost": 61039.34, "Total Cost": 61039.34, "Plan Rows": 5775, "Plan Width": 4, "Plans": [{"Node Type": "Hash Join", "Parent Relationship": "Outer", "Join Type": "Inner", "Startup Cost": 5982.08, "Total Cost": 61039.34, "Plan Rows": 5775, "Plan Width": 4, "Inner Unique": true, "Hash Cond": "(mc.company_id = cn.id)", "Plans": [{"Node Type": "Seq Scan", "Parent Relationship": "Outer", "Relation Name": "movie_companies", "Alias": "mc", "Startup Cost": 0.0, "Total Cost": 54862.92, "Plan Rows": 36426, "Plan Width": 8, "Filter": "(((note)::text ~~ '%(Japan)%'::text) AND ((note)::text !~~ '%(USA)%'::text))"}, {"Node Type": "Hash", "Parent Relationship": "Inner", "Startup Cost": 5903.45, "Total Cost": 5903.45, "Plan Rows": 6290, "Plan Width": 4, "Plans": [{"Node Type": "Seq Scan", "Parent Relationship": "Outer", "Relation Name": "company_name", "Alias": "cn", "Startup Cost": 0.0, "Total Cost": 5903.45, "Plan Rows": 6290, "Plan Width": 4, "Filter": "((country_code)::text = '[jp]'::text)"}]}]}]}]}, {"Node Type": "Hash", "Parent Relationship": "Inner", "Startup Cost": 60069.11, "Total Cost": 60069.11, "Plan Rows": 2528311, "Plan Width": 21, "Plans": [{"Node Type": "Seq Scan", "Parent Relationship": "Outer", "Relation Name": "title", "Alias": "t", "Startup Cost": 0.0, "Total Cost": 60069.11, "Plan Rows": 2528311, "Plan Width": 21}]}]}]}, "Unique SQL Id": 3544391839, "Planner Runtime": 67}, "explain_analyze_plan": {"Plan": {"Node Type": "Aggregate", "Strategy": "Plain", "Startup Cost": 318214.11, "Total Cost": 318214.12, "Plan Rows": 1, "Plan Width": 97, "Actual Min Startup Time": 3418.478, "Actual Max Startup Time": 3418.478, "Actual Min Total Time": 3418.478, "Actual Max Total Time": 3418.478, "Plans": [{"Node Type": "Hash Join", "Parent Relationship": "Outer", "Join Type": "Inner", "Startup Cost": 241688.13, "Total Cost": 318210.88, "Plan Rows": 646, "Plan Width": 33, "Actual Min Startup Time": 3300.911, "Actual Max Startup Time": 3300.911, "Actual Min Total Time": 3418.379, "Actual Max Total Time": 3418.379, "Inner Unique": true, "Hash Cond": "(ci.movie_id = t.id)", "Plans": [{"Node Type": "Hash Join", "Parent Relationship": "Outer", "Join Type": "Inner", "Startup Cost": 150015.13, "Total Cost": 226529.0, "Plan Rows": 646, "Plan Width": 24, "Actual Min Startup Time": 1561.592, "Actual Max Startup Time": 1561.592, "Actual Min Total Time": 1678.88, "Actual Max Total Time": 1678.88, "Inner Unique": false, "Hash Cond": "(ci.movie_id = mc.movie_id)", "Plans": [{"Node Type": "Hash Join", "Parent Relationship": "Outer", "Join Type": "Inner", "Startup Cost": 88903.6, "Total Cost": 165340.91, "Plan Rows": 1560, "Plan Width": 20, "Actual Min Startup Time": 495.271, "Actual Max Startup Time": 495.271, "Actual Min Total Time": 612.318, "Actual Max Total Time": 612.318, "Inner Unique": false, "Hash Cond": "(ci.person_id = an1.person_id)", "Plans": [{"Node Type": "Hash Join", "Parent Relationship": "Outer", "Join Type": "Inner", "Startup Cost": 1.16, "Total Cost": 76267.13, "Plan Rows": 8790, "Plan Width": 8, "Actual Min Startup Time": 22.732, "Actual Max Startup Time": 22.732, "Actual Min Total Time": 175.54, "Actual Max Total Time": 175.54, "Inner Unique": true, "Hash Cond": "(ci.role_id = rt.id)", "Plans": [{"Node Type": "Streaming(type: LOCAL GATHER dop: 1/64)", "Parent Relationship": "Outer", "Startup Cost": 0.0, "Total Cost": 75815.47, "Plan Rows": 96692, "Plan Width": 12, "Actual Min Startup Time": 0.139, "Actual Max Startup Time": 0.139, "Actual Min Total Time": 152.699, "Actual Max Total Time": 152.699, "Plans": [{"Node Type": "Seq Scan", "Parent Relationship": "Outer", "Relation Name": "cast_info", "Alias": "ci", "Startup Cost": 0.0, "Total Cost": 73820.73, "Plan Rows": 96692, "Plan Width": 12, "Actual Min Startup Time": 0.029, "Actual Max Startup Time": 2.877, "Actual Min Total Time": 153.722, "Actual Max Total Time": 162.129, "Filter": "((note)::text = '(voice: English version)'::text)", "Rows Removed by Filter": 36151248, "Actual Rows": 93095}], "Actual Rows": 93095}, {"Node Type": "Hash", "Parent Relationship": "Inner", "Startup Cost": 1.15, "Total Cost": 1.15, "Plan Rows": 1, "Plan Width": 4, "Actual Min Startup Time": 0.078, "Actual Max Startup Time": 0.078, "Actual Min Total Time": 0.078, "Actual Max Total Time": 0.078, "Max Hash Buckets": 32768, "Min Hash Buckets": 32768, "Max Hash Batches": 1, "Min Hash Batches": 1, "Max Original Hash Batches": 1, "Min Original Hash Batches": 1, "Max Peak Memory Usage": 1, "min Peak Memory Usage": 1, "Plans": [{"Node Type": "Seq Scan", "Parent Relationship": "Outer", "Relation Name": "role_type", "Alias": "rt", "Startup Cost": 0.0, "Total Cost": 1.15, "Plan Rows": 1, "Plan Width": 4, "Actual Min Startup Time": 0.06, "Actual Max Startup Time": 0.06, "Actual Min Total Time": 0.065, "Actual Max Total Time": 0.065, "Filter": "((role)::text = 'actress'::text)", "Rows Removed by Filter": 11, "Actual Rows": 1}], "Actual Rows": 1}], "Actual Rows": 34848}, {"Node Type": "Hash", "Parent Relationship": "Inner", "Startup Cost": 88694.6, "Total Cost": 88694.6, "Plan Rows": 16627, "Plan Width": 24, "Actual Min Startup Time": 431.111, "Actual Max Startup Time": 431.111, "Actual Min Total Time": 431.111, "Actual Max Total Time": 431.111, "Max Hash Buckets": 32768, "Min Hash Buckets": 32768, "Max Hash Batches": 1, "Min Hash Batches": 1, "Max Original Hash Batches": 1, "Min Original Hash Batches": 1, "Max Peak Memory Usage": 229, "min Peak Memory Usage": 229, "Plans": [{"Node Type": "Hash Join", "Parent Relationship": "Outer", "Join Type": "Inner", "Startup Cost": 65239.88, "Total Cost": 88694.6, "Plan Rows": 16627, "Plan Width": 24, "Actual Min Startup Time": 28.766, "Actual Max Startup Time": 28.766, "Actual Min Total Time": 429.225, "Actual Max Total Time": 429.225, "Inner Unique": true, "Hash Cond": "(an1.person_id = n1.id)", "Plans": [{"Node Type": "Seq Scan", "Parent Relationship": "Outer", "Relation Name": "aka_name", "Alias": "an1", "Startup Cost": 0.0, "Total Cost": 19908.42, "Plan Rows": 901342, "Plan Width": 20, "Actual Min Startup Time": 0.035, "Actual Max Startup Time": 0.035, "Actual Min Total Time": 225.881, "Actual Max Total Time": 225.881, "Actual Rows": 901342}, {"Node Type": "Hash", "Parent Relationship": "Inner", "Startup Cost": 65066.3, "Total Cost": 65066.3, "Plan Rows": 13886, "Plan Width": 4, "Actual Min Startup Time": 28.497, "Actual Max Startup Time": 28.497, "Actual Min Total Time": 28.497, "Actual Max Total Time": 28.497, "Max Hash Buckets": 32768, "Min Hash Buckets": 32768, "Max Hash Batches": 1, "Min Hash Batches": 1, "Max Original Hash Batches": 1, "Min Original Hash Batches": 1, "Max Peak Memory Usage": 736, "min Peak Memory Usage": 736, "Plans": [{"Node Type": "Streaming(type: LOCAL GATHER dop: 1/64)", "Parent Relationship": "Outer", "Startup Cost": 0.0, "Total Cost": 65066.3, "Plan Rows": 13886, "Plan Width": 4, "Actual Min Startup Time": 0.21, "Actual Max Startup Time": 0.21, "Actual Min Total Time": 23.302, "Actual Max Total Time": 23.302, "Plans": [{"Node Type": "Seq Scan", "Parent Relationship": "Outer", "Relation Name": "name", "Alias": "n1", "Startup Cost": 0.0, "Total Cost": 64779.83, "Plan Rows": 13886, "Plan Width": 4, "Actual Min Startup Time": 0.049, "Actual Max Startup Time": 2.627, "Actual Min Total Time": 25.685, "Actual Max Total Time": 42.62, "Filter": "(((name)::text ~~ '%Yo%'::text) AND ((name)::text !~~ '%Yu%'::text))", "Rows Removed by Filter": 4146579, "Actual Rows": 20911}], "Actual Rows": 20911}], "Actual Rows": 20911}], "Actual Rows": 4031}], "Actual Rows": 4031}], "Actual Rows": 659}, {"Node Type": "Hash", "Parent Relationship": "Inner", "Startup Cost": 61039.34, "Total Cost": 61039.34, "Plan Rows": 5775, "Plan Width": 4, "Actual Min Startup Time": 1066.204, "Actual Max Startup Time": 1066.204, "Actual Min Total Time": 1066.204, "Actual Max Total Time": 1066.204, "Max Hash Buckets": 32768, "Min Hash Buckets": 32768, "Max Hash Batches": 1, "Min Hash Batches": 1, "Max Original Hash Batches": 1, "Min Original Hash Batches": 1, "Max Peak Memory Usage": 1700, "min Peak Memory Usage": 1700, "Plans": [{"Node Type": "Hash Join", "Parent Relationship": "Outer", "Join Type": "Inner", "Startup Cost": 5982.08, "Total Cost": 61039.34, "Plan Rows": 5775, "Plan Width": 4, "Actual Min Startup Time": 84.549, "Actual Max Startup Time": 84.549, "Actual Min Total Time": 1049.687, "Actual Max Total Time": 1049.687, "Inner Unique": true, "Hash Cond": "(mc.company_id = cn.id)", "Plans": [{"Node Type": "Seq Scan", "Parent Relationship": "Outer", "Relation Name": "movie_companies", "Alias": "mc", "Startup Cost": 0.0, "Total Cost": 54862.92, "Plan Rows": 36426, "Plan Width": 8, "Actual Min Startup Time": 0.281, "Actual Max Startup Time": 0.281, "Actual Min Total Time": 939.89, "Actual Max Total Time": 939.89, "Filter": "(((note)::text ~~ '%(Japan)%'::text) AND ((note)::text !~~ '%(USA)%'::text))", "Rows Removed by Filter": 2560231, "Actual Rows": 48897}, {"Node Type": "Hash", "Parent Relationship": "Inner", "Startup Cost": 5903.45, "Total Cost": 5903.45, "Plan Rows": 6290, "Plan Width": 4, "Actual Min Startup Time": 84.213, "Actual Max Startup Time": 84.213, "Actual Min Total Time": 84.213, "Actual Max Total Time": 84.213, "Max Hash Buckets": 32768, "Min Hash Buckets": 32768, "Max Hash Batches": 1, "Min Hash Batches": 1, "Max Original Hash Batches": 1, "Min Original Hash Batches": 1, "Max Peak Memory Usage": 238, "min Peak Memory Usage": 238, "Plans": [{"Node Type": "Seq Scan", "Parent Relationship": "Outer", "Relation Name": "company_name", "Alias": "cn", "Startup Cost": 0.0, "Total Cost": 5903.45, "Plan Rows": 6290, "Plan Width": 4, "Actual Min Startup Time": 0.029, "Actual Max Startup Time": 0.029, "Actual Min Total Time": 82.133, "Actual Max Total Time": 82.133, "Filter": "((country_code)::text = '[jp]'::text)", "Rows Removed by Filter": 228244, "Actual Rows": 6752}], "Actual Rows": 6752}], "Actual Rows": 48328}], "Actual Rows": 48328}], "Actual Rows": 62}, {"Node Type": "Hash", "Parent Relationship": "Inner", "Startup Cost": 60069.11, "Total Cost": 60069.11, "Plan Rows": 2528311, "Plan Width": 21, "Actual Min Startup Time": 1736.448, "Actual Max Startup Time": 1736.448, "Actual Min Total Time": 1736.448, "Actual Max Total Time": 1736.448, "Max Hash Buckets": 4194304, "Min Hash Buckets": 4194304, "Max Hash Batches": 1, "Min Hash Batches": 1, "Max Original Hash Batches": 1, "Min Original Hash Batches": 1, "Max Peak Memory Usage": 135869, "min Peak Memory Usage": 135869, "Plans": [{"Node Type": "Seq Scan", "Parent Relationship": "Outer", "Relation Name": "title", "Alias": "t", "Startup Cost": 0.0, "Total Cost": 60069.11, "Plan Rows": 2528311, "Plan Width": 21, "Actual Min Startup Time": 0.05, "Actual Max Startup Time": 0.05, "Actual Min Total Time": 840.179, "Actual Max Total Time": 840.179, "Actual Rows": 2528311}], "Actual Rows": 2528311}], "Actual Rows": 62}], "Actual Rows": 1}, "Triggers": [], "Planner Runtime": 66, "Total Runtime": 3473.747, "Unique SQL Id": 3544391839}}, "(64, 107)": {"explain_plan": {"Plan": {"Node Type": "Aggregate", "Strategy": "Plain", "Startup Cost": 7000067043975.19, "Total Cost": 7000067043975.2, "Plan Rows": 1, "Plan Width": 97, "Plans": [{"Node Type": "Hash Join", "Parent Relationship": "Outer", "Join Type": "Inner", "Startup Cost": 5020052373690.55, "Total Cost": 7000067043971.96, "Plan Rows": 646, "Plan Width": 33, "Inner Unique": true, "Hash Cond": "(ci.movie_id = t.id)", "Plans": [{"Node Type": "Hash Join", "Parent Relationship": "Outer", "Join Type": "Inner", "Startup Cost": 4020041330037.75, "Total Cost": 6000056000310.27, "Plan Rows": 646, "Plan Width": 24, "Inner Unique": true, "Hash Cond": "(mc.company_id = cn.id)", "Plans": [{"Node Type": "Hash Join", "Parent Relationship": "Outer", "Join Type": "Inner", "Startup Cost": 3020040279820.15, "Total Cost": 5000054950078.49, "Plan Rows": 1290, "Plan Width": 28, "Inner Unique": false, "Hash Cond": "(ci.movie_id = mc.movie_id)", "Plans": [{"Node Type": "Hash Join", "Parent Relationship": "Outer", "Join Type": "Inner", "Startup Cost": 2020026607450.85, "Total Cost": 4000041277296.59, "Plan Rows": 1560, "Plan Width": 20, "Inner Unique": false, "Hash Cond": "(ci.person_id = an1.person_id)", "Plans": [{"Node Type": "Nested Loop", "Parent Relationship": "Outer", "Join Type": "Inner", "Startup Cost": 20000000000.0, "Total Cost": 2000014669674.4, "Plan Rows": 8790, "Plan Width": 8, "Inner Unique": false, "Plans": [{"Node Type": "Index Scan", "Parent Relationship": "Outer", "Scan Direction": "Forward", "Index Name": "role_type_pkey", "Relation Name": "role_type", "Alias": "rt", "Startup Cost": 10000000000.0, "Total Cost": 1000000001246.0, "Plan Rows": 1, "Plan Width": 4, "Filter": "((role)::text = 'actress'::text)"}, {"Node Type": "Index Scan", "Parent Relationship": "Inner", "Scan Direction": "Forward", "Index Name": "role_id_cast_info", "Relation Name": "cast_info", "Alias": "ci", "Startup Cost": 10000000000.0, "Total Cost": 1000014668340.5, "Plan Rows": 8790, "Plan Width": 12, "Index Cond": "(role_id = rt.id)", "Filter": "((note)::text = '(voice: English version)'::text)"}]}, {"Node Type": "Hash", "Parent Relationship": "Inner", "Startup Cost": 2000026607243.01, "Total Cost": 2000026607243.01, "Plan Rows": 16627, "Plan Width": 24, "Plans": [{"Node Type": "Hash Join", "Parent Relationship": "Outer", "Join Type": "Inner", "Startup Cost": 1010019707193.28, "Total Cost": 2000026607243.01, "Plan Rows": 16627, "Plan Width": 24, "Inner Unique": true, "Hash Cond": "(an1.person_id = n1.id)", "Plans": [{"Node Type": "Index Scan", "Parent Relationship": "Outer", "Scan Direction": "Forward", "Index Name": "person_id_aka_name", "Relation Name": "aka_name", "Alias": "an1", "Startup Cost": 10000000000.0, "Total Cost": 1000006896503.43, "Plan Rows": 901342, "Plan Width": 20}, {"Node Type": "Hash", "Parent Relationship": "Inner", "Startup Cost": 1000019707019.7, "Total Cost": 1000019707019.7, "Plan Rows": 13886, "Plan Width": 4, "Plans": [{"Node Type": "Index Scan", "Parent Relationship": "Outer", "Scan Direction": "Forward", "Index Name": "name_pkey", "Relation Name": "name", "Alias": "n1", "Startup Cost": 10000000000.0, "Total Cost": 1000019707019.7, "Plan Rows": 13886, "Plan Width": 4, "Filter": "(((name)::text ~~ '%Yo%'::text) AND ((name)::text !~~ '%Yu%'::text))"}]}]}]}]}, {"Node Type": "Hash", "Parent Relationship": "Inner", "Startup Cost": 1000013671913.98, "Total Cost": 1000013671913.98, "Plan Rows": 36426, "Plan Width": 8, "Plans": [{"Node Type": "Index Scan", "Parent Relationship": "Outer", "Scan Direction": "Forward", "Index Name": "company_id_movie_companies", "Relation Name": "movie_companies", "Alias": "mc", "Startup Cost": 10000000000.0, "Total Cost": 1000013671913.98, "Plan Rows": 36426, "Plan Width": 8, "Filter": "(((note)::text ~~ '%(Japan)%'::text) AND ((note)::text !~~ '%(USA)%'::text))"}]}]}, {"Node Type": "Hash", "Parent Relationship": "Inner", "Startup Cost": 1000001050138.97, "Total Cost": 1000001050138.97, "Plan Rows": 6290, "Plan Width": 4, "Plans": [{"Node Type": "Index Scan", "Parent Relationship": "Outer", "Scan Direction": "Forward", "Index Name": "company_name_pkey", "Relation Name": "company_name", "Alias": "cn", "Startup Cost": 10000000000.0, "Total Cost": 1000001050138.97, "Plan Rows": 6290, "Plan Width": 4, "Filter": "((country_code)::text = '[jp]'::text)"}]}]}, {"Node Type": "Hash", "Parent Relationship": "Inner", "Startup Cost": 1000011012048.91, "Total Cost": 1000011012048.91, "Plan Rows": 2528311, "Plan Width": 21, "Plans": [{"Node Type": "Index Scan", "Parent Relationship": "Outer", "Scan Direction": "Forward", "Index Name": "title_pkey", "Relation Name": "title", "Alias": "t", "Startup Cost": 10000000000.0, "Total Cost": 1000011012048.91, "Plan Rows": 2528311, "Plan Width": 21}]}]}]}, "Unique SQL Id": 3544391839, "Planner Runtime": 52}, "explain_analyze_plan": null}, "(64, 108)": {"explain_plan": {"Plan": {"Node Type": "Aggregate", "Strategy": "Plain", "Startup Cost": 90279.98, "Total Cost": 90279.99, "Plan Rows": 1, "Plan Width": 97, "Plans": [{"Node Type": "Nested Loop", "Parent Relationship": "Outer", "Join Type": "Inner", "Startup Cost": 5983.24, "Total Cost": 90279.92, "Plan Rows": 12, "Plan Width": 33, "Inner Unique": true, "Plans": [{"Node Type": "Nested Loop", "Parent Relationship": "Outer", "Join Type": "Inner", "Startup Cost": 5983.24, "Total Cost": 89904.38, "Plan Rows": 645, "Plan Width": 41, "Inner Unique": false, "Plans": [{"Node Type": "Hash Join", "Parent Relationship": "Outer", "Join Type": "Inner", "Startup Cost": 5983.24, "Total Cost": 89450.16, "Plan Rows": 532, "Plan Width": 21, "Inner Unique": true, "Hash Cond": "(ci.role_id = rt.id)", "Plans": [{"Node Type": "Nested Loop", "Parent Relationship": "Outer", "Join Type": "Inner", "Startup Cost": 5982.08, "Total Cost": 89429.03, "Plan Rows": 5847, "Plan Width": 25, "Inner Unique": false, "Plans": [{"Node Type": "Nested Loop", "Parent Relationship": "Outer", "Join Type": "Inner", "Startup Cost": 5982.08, "Total Cost": 83686.44, "Plan Rows": 5775, "Plan Width": 25, "Inner Unique": true, "Plans": [{"Node Type": "Hash Join", "Parent Relationship": "Outer", "Join Type": "Inner", "Startup Cost": 5982.08, "Total Cost": 61039.34, "Plan Rows": 5775, "Plan Width": 4, "Inner Unique": true, "Hash Cond": "(mc.company_id = cn.id)", "Plans": [{"Node Type": "Seq Scan", "Parent Relationship": "Outer", "Relation Name": "movie_companies", "Alias": "mc", "Startup Cost": 0.0, "Total Cost": 54862.92, "Plan Rows": 36426, "Plan Width": 8, "Filter": "(((note)::text ~~ '%(Japan)%'::text) AND ((note)::text !~~ '%(USA)%'::text))"}, {"Node Type": "Hash", "Parent Relationship": "Inner", "Startup Cost": 5903.45, "Total Cost": 5903.45, "Plan Rows": 6290, "Plan Width": 4, "Plans": [{"Node Type": "Seq Scan", "Parent Relationship": "Outer", "Relation Name": "company_name", "Alias": "cn", "Startup Cost": 0.0, "Total Cost": 5903.45, "Plan Rows": 6290, "Plan Width": 4, "Filter": "((country_code)::text = '[jp]'::text)"}]}]}, {"Node Type": "Index Scan", "Parent Relationship": "Inner", "Scan Direction": "Forward", "Index Name": "title_pkey", "Relation Name": "title", "Alias": "t", "Startup Cost": 0.0, "Total Cost": 3.91, "Plan Rows": 1, "Plan Width": 21, "Index Cond": "(id = mc.movie_id)"}]}, {"Node Type": "Index Scan", "Parent Relationship": "Inner", "Scan Direction": "Forward", "Index Name": "movie_id_cast_info", "Relation Name": "cast_info", "Alias": "ci", "Startup Cost": 0.0, "Total Cost": 0.98, "Plan Rows": 1, "Plan Width": 12, "Index Cond": "(movie_id = t.id)", "Filter": "((note)::text = '(voice: English version)'::text)"}]}, {"Node Type": "Hash", "Parent Relationship": "Inner", "Startup Cost": 1.15, "Total Cost": 1.15, "Plan Rows": 1, "Plan Width": 4, "Plans": [{"Node Type": "Seq Scan", "Parent Relationship": "Outer", "Relation Name": "role_type", "Alias": "rt", "Startup Cost": 0.0, "Total Cost": 1.15, "Plan Rows": 1, "Plan Width": 4, "Filter": "((role)::text = 'actress'::text)"}]}]}, {"Node Type": "Index Scan", "Parent Relationship": "Inner", "Scan Direction": "Forward", "Index Name": "person_id_aka_name", "Relation Name": "aka_name", "Alias": "an1", "Startup Cost": 0.0, "Total Cost": 0.84, "Plan Rows": 1, "Plan Width": 20, "Index Cond": "(person_id = ci.person_id)"}]}, {"Node Type": "Index Scan", "Parent Relationship": "Inner", "Scan Direction": "Forward", "Index Name": "name_pkey", "Relation Name": "name", "Alias": "n1", "Startup Cost": 0.0, "Total Cost": 0.57, "Plan Rows": 1, "Plan Width": 4, "Index Cond": "(id = an1.person_id)", "Filter": "(((name)::text ~~ '%Yo%'::text) AND ((name)::text !~~ '%Yu%'::text))"}]}]}, "Unique SQL Id": 3544391839, "Planner Runtime": 22}, "explain_analyze_plan": {"Plan": {"Node Type": "Aggregate", "Strategy": "Plain", "Startup Cost": 90279.98, "Total Cost": 90279.99, "Plan Rows": 1, "Plan Width": 97, "Actual Startup Time": 4186.592, "Actual Total Time": 4186.593, "Actual Rows": 1, "Actual Loops": 1, "Plans": [{"Node Type": "Nested Loop", "Parent Relationship": "Outer", "Join Type": "Inner", "Startup Cost": 5983.24, "Total Cost": 90279.92, "Plan Rows": 12, "Plan Width": 33, "Actual Startup Time": 370.366, "Actual Total Time": 4186.203, "Actual Rows": 62, "Actual Loops": 1, "Inner Unique": true, "Plans": [{"Node Type": "Nested Loop", "Parent Relationship": "Outer", "Join Type": "Inner", "Startup Cost": 5983.24, "Total Cost": 89904.38, "Plan Rows": 645, "Plan Width": 41, "Actual Startup Time": 85.309, "Actual Total Time": 4112.732, "Actual Rows": 17379, "Actual Loops": 1, "Inner Unique": false, "Plans": [{"Node Type": "Hash Join", "Parent Relationship": "Outer", "Join Type": "Inner", "Startup Cost": 5983.24, "Total Cost": 89450.16, "Plan Rows": 532, "Plan Width": 21, "Actual Startup Time": 85.291, "Actual Total Time": 4064.871, "Actual Rows": 7438, "Actual Loops": 1, "Inner Unique": true, "Hash Cond": "(ci.role_id = rt.id)", "Plans": [{"Node Type": "Nested Loop", "Parent Relationship": "Outer", "Join Type": "Inner", "Startup Cost": 5982.08, "Total Cost": 89429.03, "Plan Rows": 5847, "Plan Width": 25, "Actual Startup Time": 85.191, "Actual Total Time": 4058.596, "Actual Rows": 19600, "Actual Loops": 1, "Inner Unique": false, "Plans": [{"Node Type": "Nested Loop", "Parent Relationship": "Outer", "Join Type": "Inner", "Startup Cost": 5982.08, "Total Cost": 83686.44, "Plan Rows": 5775, "Plan Width": 25, "Actual Startup Time": 85.055, "Actual Total Time": 1322.552, "Actual Rows": 48328, "Actual Loops": 1, "Inner Unique": true, "Plans": [{"Node Type": "Hash Join", "Parent Relationship": "Outer", "Join Type": "Inner", "Startup Cost": 5982.08, "Total Cost": 61039.34, "Plan Rows": 5775, "Plan Width": 4, "Actual Startup Time": 85.006, "Actual Total Time": 1077.163, "Actual Rows": 48328, "Actual Loops": 1, "Inner Unique": true, "Hash Cond": "(mc.company_id = cn.id)", "Plans": [{"Node Type": "Seq Scan", "Parent Relationship": "Outer", "Relation Name": "movie_companies", "Alias": "mc", "Startup Cost": 0.0, "Total Cost": 54862.92, "Plan Rows": 36426, "Plan Width": 8, "Actual Startup Time": 0.239, "Actual Total Time": 959.247, "Actual Rows": 48897, "Actual Loops": 1, "Filter": "(((note)::text ~~ '%(Japan)%'::text) AND ((note)::text !~~ '%(USA)%'::text))", "Rows Removed by Filter": 2560231}, {"Node Type": "Hash", "Parent Relationship": "Inner", "Startup Cost": 5903.45, "Total Cost": 5903.45, "Plan Rows": 6290, "Plan Width": 4, "Actual Startup Time": 84.711, "Actual Total Time": 84.711, "Actual Rows": 6752, "Actual Loops": 1, "Hash Buckets": 32768, "Hash Batches": 1, "Original Hash Batches": 1, "Peak Memory Usage": 238, "Plans": [{"Node Type": "Seq Scan", "Parent Relationship": "Outer", "Relation Name": "company_name", "Alias": "cn", "Startup Cost": 0.0, "Total Cost": 5903.45, "Plan Rows": 6290, "Plan Width": 4, "Actual Startup Time": 0.026, "Actual Total Time": 82.6, "Actual Rows": 6752, "Actual Loops": 1, "Filter": "((country_code)::text = '[jp]'::text)", "Rows Removed by Filter": 228244}]}]}, {"Node Type": "Index Scan", "Parent Relationship": "Inner", "Scan Direction": "Forward", "Index Name": "title_pkey", "Relation Name": "title", "Alias": "t", "Startup Cost": 0.0, "Total Cost": 3.91, "Plan Rows": 1, "Plan Width": 21, "Actual Startup Time": 203.812, "Actual Total Time": 203.812, "Actual Rows": 48328, "Actual Loops": 48328, "Index Cond": "(id = mc.movie_id)", "Rows Removed by Index Recheck": 0}]}, {"Node Type": "Index Scan", "Parent Relationship": "Inner", "Scan Direction": "Forward", "Index Name": "movie_id_cast_info", "Relation Name": "cast_info", "Alias": "ci", "Startup Cost": 0.0, "Total Cost": 0.98, "Plan Rows": 1, "Plan Width": 12, "Actual Startup Time": 2580.795, "Actual Total Time": 2704.405, "Actual Rows": 19600, "Actual Loops": 48328, "Index Cond": "(movie_id = t.id)", "Rows Removed by Index Recheck": 0, "Filter": "((note)::text = '(voice: English version)'::text)", "Rows Removed by Filter": 1531710}]}, {"Node Type": "Hash", "Parent Relationship": "Inner", "Startup Cost": 1.15, "Total Cost": 1.15, "Plan Rows": 1, "Plan Width": 4, "Actual Startup Time": 0.049, "Actual Total Time": 0.049, "Actual Rows": 1, "Actual Loops": 1, "Hash Buckets": 32768, "Hash Batches": 1, "Original Hash Batches": 1, "Peak Memory Usage": 1, "Plans": [{"Node Type": "Seq Scan", "Parent Relationship": "Outer", "Relation Name": "role_type", "Alias": "rt", "Startup Cost": 0.0, "Total Cost": 1.15, "Plan Rows": 1, "Plan Width": 4, "Actual Startup Time": 0.032, "Actual Total Time": 0.037, "Actual Rows": 1, "Actual Loops": 1, "Filter": "((role)::text = 'actress'::text)", "Rows Removed by Filter": 11}]}]}, {"Node Type": "Index Scan", "Parent Relationship": "Inner", "Scan Direction": "Forward", "Index Name": "person_id_aka_name", "Relation Name": "aka_name", "Alias": "an1", "Startup Cost": 0.0, "Total Cost": 0.84, "Plan Rows": 1, "Plan Width": 20, "Actual Startup Time": 31.022, "Actual Total Time": 39.083, "Actual Rows": 17379, "Actual Loops": 7438, "Index Cond": "(person_id = ci.person_id)", "Rows Removed by Index Recheck": 0}]}, {"Node Type": "Index Scan", "Parent Relationship": "Inner", "Scan Direction": "Forward", "Index Name": "name_pkey", "Relation Name": "name", "Alias": "n1", "Startup Cost": 0.0, "Total Cost": 0.57, "Plan Rows": 1, "Plan Width": 4, "Actual Startup Time": 64.549, "Actual Total Time": 64.549, "Actual Rows": 62, "Actual Loops": 17379, "Index Cond": "(id = an1.person_id)", "Rows Removed by Index Recheck": 0, "Filter": "(((name)::text ~~ '%Yo%'::text) AND ((name)::text !~~ '%Yu%'::text))", "Rows Removed by Filter": 17317}]}]}, "Triggers": [], "Planner Runtime": 22, "Total Runtime": 4186.99, "Unique SQL Id": 3544391839}}, "(64, 109)": {"explain_plan": {"Plan": {"Node Type": "Aggregate", "Strategy": "Plain", "Startup Cost": 110771.72, "Total Cost": 110771.73, "Plan Rows": 1, "Plan Width": 97, "Plans": [{"Node Type": "Nested Loop", "Parent Relationship": "Outer", "Join Type": "Inner", "Startup Cost": 12.47, "Total Cost": 110771.66, "Plan Rows": 12, "Plan Width": 33, "Inner Unique": true, "Plans": [{"Node Type": "Nested Loop", "Parent Relationship": "Outer", "Join Type": "Inner", "Startup Cost": 12.47, "Total Cost": 110396.12, "Plan Rows": 645, "Plan Width": 41, "Inner Unique": false, "Plans": [{"Node Type": "Hash Join", "Parent Relationship": "Outer", "Join Type": "Inner", "Startup Cost": 12.47, "Total Cost": 109941.91, "Plan Rows": 532, "Plan Width": 21, "Inner Unique": true, "Hash Cond": "(ci.role_id = rt.id)", "Plans": [{"Node Type": "Nested Loop", "Parent Relationship": "Outer", "Join Type": "Inner", "Startup Cost": 0.0, "Total Cost": 109909.47, "Plan Rows": 5847, "Plan Width": 25, "Inner Unique": false, "Plans": [{"Node Type": "Nested Loop", "Parent Relationship": "Outer", "Join Type": "Inner", "Startup Cost": 0.0, "Total Cost": 104166.87, "Plan Rows": 5775, "Plan Width": 25, "Inner Unique": true, "Plans": [{"Node Type": "Nested Loop", "Parent Relationship": "Outer", "Join Type": "Inner", "Startup Cost": 0.0, "Total Cost": 81519.78, "Plan Rows": 5775, "Plan Width": 4, "Inner Unique": false, "Plans": [{"Node Type": "Index Scan", "Parent Relationship": "Outer", "Scan Direction": "Forward", "Index Name": "company_name_pkey", "Relation Name": "company_name", "Alias": "cn", "Startup Cost": 0.0, "Total Cost": 10501.39, "Plan Rows": 6290, "Plan Width": 4, "Filter": "((country_code)::text = '[jp]'::text)"}, {"Node Type": "Index Scan", "Parent Relationship": "Inner", "Scan Direction": "Forward", "Index Name": "company_id_movie_companies", "Relation Name": "movie_companies", "Alias": "mc", "Startup Cost": 0.0, "Total Cost": 11.28, "Plan Rows": 1, "Plan Width": 8, "Index Cond": "(company_id = cn.id)", "Filter": "(((note)::text ~~ '%(Japan)%'::text) AND ((note)::text !~~ '%(USA)%'::text))"}]}, {"Node Type": "Index Scan", "Parent Relationship": "Inner", "Scan Direction": "Forward", "Index Name": "title_pkey", "Relation Name": "title", "Alias": "t", "Startup Cost": 0.0, "Total Cost": 3.91, "Plan Rows": 1, "Plan Width": 21, "Index Cond": "(id = mc.movie_id)"}]}, {"Node Type": "Index Scan", "Parent Relationship": "Inner", "Scan Direction": "Forward", "Index Name": "movie_id_cast_info", "Relation Name": "cast_info", "Alias": "ci", "Startup Cost": 0.0, "Total Cost": 0.98, "Plan Rows": 1, "Plan Width": 12, "Index Cond": "(movie_id = t.id)", "Filter": "((note)::text = '(voice: English version)'::text)"}]}, {"Node Type": "Hash", "Parent Relationship": "Inner", "Startup Cost": 12.46, "Total Cost": 12.46, "Plan Rows": 1, "Plan Width": 4, "Plans": [{"Node Type": "Index Scan", "Parent Relationship": "Outer", "Scan Direction": "Forward", "Index Name": "role_type_pkey", "Relation Name": "role_type", "Alias": "rt", "Startup Cost": 0.0, "Total Cost": 12.46, "Plan Rows": 1, "Plan Width": 4, "Filter": "((role)::text = 'actress'::text)"}]}]}, {"Node Type": "Index Scan", "Parent Relationship": "Inner", "Scan Direction": "Forward", "Index Name": "person_id_aka_name", "Relation Name": "aka_name", "Alias": "an1", "Startup Cost": 0.0, "Total Cost": 0.84, "Plan Rows": 1, "Plan Width": 20, "Index Cond": "(person_id = ci.person_id)"}]}, {"Node Type": "Index Scan", "Parent Relationship": "Inner", "Scan Direction": "Forward", "Index Name": "name_pkey", "Relation Name": "name", "Alias": "n1", "Startup Cost": 0.0, "Total Cost": 0.57, "Plan Rows": 1, "Plan Width": 4, "Index Cond": "(id = an1.person_id)", "Filter": "(((name)::text ~~ '%Yo%'::text) AND ((name)::text !~~ '%Yu%'::text))"}]}]}, "Unique SQL Id": 3544391839, "Planner Runtime": 12}, "explain_analyze_plan": {"Plan": {"Node Type": "Aggregate", "Strategy": "Plain", "Startup Cost": 110771.72, "Total Cost": 110771.73, "Plan Rows": 1, "Plan Width": 97, "Actual Startup Time": 3952.884, "Actual Total Time": 3952.885, "Actual Rows": 1, "Actual Loops": 1, "Plans": [{"Node Type": "Nested Loop", "Parent Relationship": "Outer", "Join Type": "Inner", "Startup Cost": 12.47, "Total Cost": 110771.66, "Plan Rows": 12, "Plan Width": 33, "Actual Startup Time": 4.922, "Actual Total Time": 3952.597, "Actual Rows": 62, "Actual Loops": 1, "Inner Unique": true, "Plans": [{"Node Type": "Nested Loop", "Parent Relationship": "Outer", "Join Type": "Inner", "Startup Cost": 12.47, "Total Cost": 110396.12, "Plan Rows": 645, "Plan Width": 41, "Actual Startup Time": 0.395, "Actual Total Time": 3875.879, "Actual Rows": 17379, "Actual Loops": 1, "Inner Unique": false, "Plans": [{"Node Type": "Hash Join", "Parent Relationship": "Outer", "Join Type": "Inner", "Startup Cost": 12.47, "Total Cost": 109941.91, "Plan Rows": 532, "Plan Width": 21, "Actual Startup Time": 0.379, "Actual Total Time": 3823.992, "Actual Rows": 7438, "Actual Loops": 1, "Inner Unique": true, "Hash Cond": "(ci.role_id = rt.id)", "Plans": [{"Node Type": "Nested Loop", "Parent Relationship": "Outer", "Join Type": "Inner", "Startup Cost": 0.0, "Total Cost": 109909.47, "Plan Rows": 5847, "Plan Width": 25, "Actual Startup Time": 0.315, "Actual Total Time": 3817.357, "Actual Rows": 19600, "Actual Loops": 1, "Inner Unique": false, "Plans": [{"Node Type": "Nested Loop", "Parent Relationship": "Outer", "Join Type": "Inner", "Startup Cost": 0.0, "Total Cost": 104166.87, "Plan Rows": 5775, "Plan Width": 25, "Actual Startup Time": 0.25, "Actual Total Time": 859.595, "Actual Rows": 48328, "Actual Loops": 1, "Inner Unique": true, "Plans": [{"Node Type": "Nested Loop", "Parent Relationship": "Outer", "Join Type": "Inner", "Startup Cost": 0.0, "Total Cost": 81519.78, "Plan Rows": 5775, "Plan Width": 4, "Actual Startup Time": 0.236, "Actual Total Time": 542.551, "Actual Rows": 48328, "Actual Loops": 1, "Inner Unique": false, "Plans": [{"Node Type": "Index Scan", "Parent Relationship": "Outer", "Scan Direction": "Forward", "Index Name": "company_name_pkey", "Relation Name": "company_name", "Alias": "cn", "Startup Cost": 0.0, "Total Cost": 10501.39, "Plan Rows": 6290, "Plan Width": 4, "Actual Startup Time": 0.199, "Actual Total Time": 310.839, "Actual Rows": 6752, "Actual Loops": 1, "Filter": "((country_code)::text = '[jp]'::text)", "Rows Removed by Filter": 228244}, {"Node Type": "Index Scan", "Parent Relationship": "Inner", "Scan Direction": "Forward", "Index Name": "company_id_movie_companies", "Relation Name": "movie_companies", "Alias": "mc", "Startup Cost": 0.0, "Total Cost": 11.28, "Plan Rows": 1, "Plan Width": 8, "Actual Startup Time": 56.198, "Actual Total Time": 214.979, "Actual Rows": 48328, "Actual Loops": 6752, "Index Cond": "(company_id = cn.id)", "Rows Removed by Index Recheck": 0, "Filter": "(((note)::text ~~ '%(Japan)%'::text) AND ((note)::text !~~ '%(USA)%'::text))", "Rows Removed by Filter": 56667}]}, {"Node Type": "Index Scan", "Parent Relationship": "Inner", "Scan Direction": "Forward", "Index Name": "title_pkey", "Relation Name": "title", "Alias": "t", "Startup Cost": 0.0, "Total Cost": 3.91, "Plan Rows": 1, "Plan Width": 21, "Actual Startup Time": 273.759, "Actual Total Time": 273.759, "Actual Rows": 48328, "Actual Loops": 48328, "Index Cond": "(id = mc.movie_id)", "Rows Removed by Index Recheck": 0}]}, {"Node Type": "Index Scan", "Parent Relationship": "Inner", "Scan Direction": "Forward", "Index Name": "movie_id_cast_info", "Relation Name": "cast_info", "Alias": "ci", "Startup Cost": 0.0, "Total Cost": 0.98, "Plan Rows": 1, "Plan Width": 12, "Actual Startup Time": 2796.957, "Actual Total Time": 2926.646, "Actual Rows": 19600, "Actual Loops": 48328, "Index Cond": "(movie_id = t.id)", "Rows Removed by Index Recheck": 0, "Filter": "((note)::text = '(voice: English version)'::text)", "Rows Removed by Filter": 1531710}]}, {"Node Type": "Hash", "Parent Relationship": "Inner", "Startup Cost": 12.46, "Total Cost": 12.46, "Plan Rows": 1, "Plan Width": 4, "Actual Startup Time": 0.02, "Actual Total Time": 0.02, "Actual Rows": 1, "Actual Loops": 1, "Hash Buckets": 32768, "Hash Batches": 1, "Original Hash Batches": 1, "Peak Memory Usage": 1, "Plans": [{"Node Type": "Index Scan", "Parent Relationship": "Outer", "Scan Direction": "Forward", "Index Name": "role_type_pkey", "Relation Name": "role_type", "Alias": "rt", "Startup Cost": 0.0, "Total Cost": 12.46, "Plan Rows": 1, "Plan Width": 4, "Actual Startup Time": 0.01, "Actual Total Time": 0.015, "Actual Rows": 1, "Actual Loops": 1, "Filter": "((role)::text = 'actress'::text)", "Rows Removed by Filter": 11}]}]}, {"Node Type": "Index Scan", "Parent Relationship": "Inner", "Scan Direction": "Forward", "Index Name": "person_id_aka_name", "Relation Name": "aka_name", "Alias": "an1", "Startup Cost": 0.0, "Total Cost": 0.84, "Plan Rows": 1, "Plan Width": 20, "Actual Startup Time": 34.442, "Actual Total Time": 42.809, "Actual Rows": 17379, "Actual Loops": 7438, "Index Cond": "(person_id = ci.person_id)", "Rows Removed by Index Recheck": 0}]}, {"Node Type": "Index Scan", "Parent Relationship": "Inner", "Scan Direction": "Forward", "Index Name": "name_pkey", "Relation Name": "name", "Alias": "n1", "Startup Cost": 0.0, "Total Cost": 0.57, "Plan Rows": 1, "Plan Width": 4, "Actual Startup Time": 67.739, "Actual Total Time": 67.739, "Actual Rows": 62, "Actual Loops": 17379, "Index Cond": "(id = an1.person_id)", "Rows Removed by Index Recheck": 0, "Filter": "(((name)::text ~~ '%Yo%'::text) AND ((name)::text !~~ '%Yu%'::text))", "Rows Removed by Filter": 17317}]}]}, "Triggers": [], "Planner Runtime": 12, "Total Runtime": 3953.275, "Unique SQL Id": 3544391839}}, "(64, 110)": {"explain_plan": {"Plan": {"Node Type": "Aggregate", "Strategy": "Plain", "Startup Cost": 318214.11, "Total Cost": 318214.12, "Plan Rows": 1, "Plan Width": 97, "Plans": [{"Node Type": "Hash Join", "Parent Relationship": "Outer", "Join Type": "Inner", "Startup Cost": 241688.13, "Total Cost": 318210.88, "Plan Rows": 646, "Plan Width": 33, "Inner Unique": true, "Hash Cond": "(ci.movie_id = t.id)", "Plans": [{"Node Type": "Hash Join", "Parent Relationship": "Outer", "Join Type": "Inner", "Startup Cost": 150015.13, "Total Cost": 226529.0, "Plan Rows": 646, "Plan Width": 24, "Inner Unique": false, "Hash Cond": "(ci.movie_id = mc.movie_id)", "Plans": [{"Node Type": "Hash Join", "Parent Relationship": "Outer", "Join Type": "Inner", "Startup Cost": 88903.6, "Total Cost": 165340.91, "Plan Rows": 1560, "Plan Width": 20, "Inner Unique": false, "Hash Cond": "(ci.person_id = an1.person_id)", "Plans": [{"Node Type": "Hash Join", "Parent Relationship": "Outer", "Join Type": "Inner", "Startup Cost": 1.16, "Total Cost": 76267.13, "Plan Rows": 8790, "Plan Width": 8, "Inner Unique": true, "Hash Cond": "(ci.role_id = rt.id)", "Plans": [{"Node Type": "Streaming(type: LOCAL GATHER dop: 1/64)", "Parent Relationship": "Outer", "Startup Cost": 0.0, "Total Cost": 75815.47, "Plan Rows": 96692, "Plan Width": 12, "Plans": [{"Node Type": "Seq Scan", "Parent Relationship": "Outer", "Relation Name": "cast_info", "Alias": "ci", "Startup Cost": 0.0, "Total Cost": 73820.73, "Plan Rows": 96692, "Plan Width": 12, "Filter": "((note)::text = '(voice: English version)'::text)"}]}, {"Node Type": "Hash", "Parent Relationship": "Inner", "Startup Cost": 1.15, "Total Cost": 1.15, "Plan Rows": 1, "Plan Width": 4, "Plans": [{"Node Type": "Seq Scan", "Parent Relationship": "Outer", "Relation Name": "role_type", "Alias": "rt", "Startup Cost": 0.0, "Total Cost": 1.15, "Plan Rows": 1, "Plan Width": 4, "Filter": "((role)::text = 'actress'::text)"}]}]}, {"Node Type": "Hash", "Parent Relationship": "Inner", "Startup Cost": 88694.6, "Total Cost": 88694.6, "Plan Rows": 16627, "Plan Width": 24, "Plans": [{"Node Type": "Hash Join", "Parent Relationship": "Outer", "Join Type": "Inner", "Startup Cost": 65239.88, "Total Cost": 88694.6, "Plan Rows": 16627, "Plan Width": 24, "Inner Unique": true, "Hash Cond": "(an1.person_id = n1.id)", "Plans": [{"Node Type": "Seq Scan", "Parent Relationship": "Outer", "Relation Name": "aka_name", "Alias": "an1", "Startup Cost": 0.0, "Total Cost": 19908.42, "Plan Rows": 901342, "Plan Width": 20}, {"Node Type": "Hash", "Parent Relationship": "Inner", "Startup Cost": 65066.3, "Total Cost": 65066.3, "Plan Rows": 13886, "Plan Width": 4, "Plans": [{"Node Type": "Streaming(type: LOCAL GATHER dop: 1/64)", "Parent Relationship": "Outer", "Startup Cost": 0.0, "Total Cost": 65066.3, "Plan Rows": 13886, "Plan Width": 4, "Plans": [{"Node Type": "Seq Scan", "Parent Relationship": "Outer", "Relation Name": "name", "Alias": "n1", "Startup Cost": 0.0, "Total Cost": 64779.83, "Plan Rows": 13886, "Plan Width": 4, "Filter": "(((name)::text ~~ '%Yo%'::text) AND ((name)::text !~~ '%Yu%'::text))"}]}]}]}]}]}, {"Node Type": "Hash", "Parent Relationship": "Inner", "Startup Cost": 61039.34, "Total Cost": 61039.34, "Plan Rows": 5775, "Plan Width": 4, "Plans": [{"Node Type": "Hash Join", "Parent Relationship": "Outer", "Join Type": "Inner", "Startup Cost": 5982.08, "Total Cost": 61039.34, "Plan Rows": 5775, "Plan Width": 4, "Inner Unique": true, "Hash Cond": "(mc.company_id = cn.id)", "Plans": [{"Node Type": "Seq Scan", "Parent Relationship": "Outer", "Relation Name": "movie_companies", "Alias": "mc", "Startup Cost": 0.0, "Total Cost": 54862.92, "Plan Rows": 36426, "Plan Width": 8, "Filter": "(((note)::text ~~ '%(Japan)%'::text) AND ((note)::text !~~ '%(USA)%'::text))"}, {"Node Type": "Hash", "Parent Relationship": "Inner", "Startup Cost": 5903.45, "Total Cost": 5903.45, "Plan Rows": 6290, "Plan Width": 4, "Plans": [{"Node Type": "Seq Scan", "Parent Relationship": "Outer", "Relation Name": "company_name", "Alias": "cn", "Startup Cost": 0.0, "Total Cost": 5903.45, "Plan Rows": 6290, "Plan Width": 4, "Filter": "((country_code)::text = '[jp]'::text)"}]}]}]}]}, {"Node Type": "Hash", "Parent Relationship": "Inner", "Startup Cost": 60069.11, "Total Cost": 60069.11, "Plan Rows": 2528311, "Plan Width": 21, "Plans": [{"Node Type": "Seq Scan", "Parent Relationship": "Outer", "Relation Name": "title", "Alias": "t", "Startup Cost": 0.0, "Total Cost": 60069.11, "Plan Rows": 2528311, "Plan Width": 21}]}]}]}, "Unique SQL Id": 3544391839, "Planner Runtime": 66}, "explain_analyze_plan": {"Plan": {"Node Type": "Aggregate", "Strategy": "Plain", "Startup Cost": 318214.11, "Total Cost": 318214.12, "Plan Rows": 1, "Plan Width": 97, "Actual Min Startup Time": 3418.478, "Actual Max Startup Time": 3418.478, "Actual Min Total Time": 3418.478, "Actual Max Total Time": 3418.478, "Plans": [{"Node Type": "Hash Join", "Parent Relationship": "Outer", "Join Type": "Inner", "Startup Cost": 241688.13, "Total Cost": 318210.88, "Plan Rows": 646, "Plan Width": 33, "Actual Min Startup Time": 3300.911, "Actual Max Startup Time": 3300.911, "Actual Min Total Time": 3418.379, "Actual Max Total Time": 3418.379, "Inner Unique": true, "Hash Cond": "(ci.movie_id = t.id)", "Plans": [{"Node Type": "Hash Join", "Parent Relationship": "Outer", "Join Type": "Inner", "Startup Cost": 150015.13, "Total Cost": 226529.0, "Plan Rows": 646, "Plan Width": 24, "Actual Min Startup Time": 1561.592, "Actual Max Startup Time": 1561.592, "Actual Min Total Time": 1678.88, "Actual Max Total Time": 1678.88, "Inner Unique": false, "Hash Cond": "(ci.movie_id = mc.movie_id)", "Plans": [{"Node Type": "Hash Join", "Parent Relationship": "Outer", "Join Type": "Inner", "Startup Cost": 88903.6, "Total Cost": 165340.91, "Plan Rows": 1560, "Plan Width": 20, "Actual Min Startup Time": 495.271, "Actual Max Startup Time": 495.271, "Actual Min Total Time": 612.318, "Actual Max Total Time": 612.318, "Inner Unique": false, "Hash Cond": "(ci.person_id = an1.person_id)", "Plans": [{"Node Type": "Hash Join", "Parent Relationship": "Outer", "Join Type": "Inner", "Startup Cost": 1.16, "Total Cost": 76267.13, "Plan Rows": 8790, "Plan Width": 8, "Actual Min Startup Time": 22.732, "Actual Max Startup Time": 22.732, "Actual Min Total Time": 175.54, "Actual Max Total Time": 175.54, "Inner Unique": true, "Hash Cond": "(ci.role_id = rt.id)", "Plans": [{"Node Type": "Streaming(type: LOCAL GATHER dop: 1/64)", "Parent Relationship": "Outer", "Startup Cost": 0.0, "Total Cost": 75815.47, "Plan Rows": 96692, "Plan Width": 12, "Actual Min Startup Time": 0.139, "Actual Max Startup Time": 0.139, "Actual Min Total Time": 152.699, "Actual Max Total Time": 152.699, "Plans": [{"Node Type": "Seq Scan", "Parent Relationship": "Outer", "Relation Name": "cast_info", "Alias": "ci", "Startup Cost": 0.0, "Total Cost": 73820.73, "Plan Rows": 96692, "Plan Width": 12, "Actual Min Startup Time": 0.029, "Actual Max Startup Time": 2.877, "Actual Min Total Time": 153.722, "Actual Max Total Time": 162.129, "Filter": "((note)::text = '(voice: English version)'::text)", "Rows Removed by Filter": 36151248, "Actual Rows": 93095}], "Actual Rows": 93095}, {"Node Type": "Hash", "Parent Relationship": "Inner", "Startup Cost": 1.15, "Total Cost": 1.15, "Plan Rows": 1, "Plan Width": 4, "Actual Min Startup Time": 0.078, "Actual Max Startup Time": 0.078, "Actual Min Total Time": 0.078, "Actual Max Total Time": 0.078, "Max Hash Buckets": 32768, "Min Hash Buckets": 32768, "Max Hash Batches": 1, "Min Hash Batches": 1, "Max Original Hash Batches": 1, "Min Original Hash Batches": 1, "Max Peak Memory Usage": 1, "min Peak Memory Usage": 1, "Plans": [{"Node Type": "Seq Scan", "Parent Relationship": "Outer", "Relation Name": "role_type", "Alias": "rt", "Startup Cost": 0.0, "Total Cost": 1.15, "Plan Rows": 1, "Plan Width": 4, "Actual Min Startup Time": 0.06, "Actual Max Startup Time": 0.06, "Actual Min Total Time": 0.065, "Actual Max Total Time": 0.065, "Filter": "((role)::text = 'actress'::text)", "Rows Removed by Filter": 11, "Actual Rows": 1}], "Actual Rows": 1}], "Actual Rows": 34848}, {"Node Type": "Hash", "Parent Relationship": "Inner", "Startup Cost": 88694.6, "Total Cost": 88694.6, "Plan Rows": 16627, "Plan Width": 24, "Actual Min Startup Time": 431.111, "Actual Max Startup Time": 431.111, "Actual Min Total Time": 431.111, "Actual Max Total Time": 431.111, "Max Hash Buckets": 32768, "Min Hash Buckets": 32768, "Max Hash Batches": 1, "Min Hash Batches": 1, "Max Original Hash Batches": 1, "Min Original Hash Batches": 1, "Max Peak Memory Usage": 229, "min Peak Memory Usage": 229, "Plans": [{"Node Type": "Hash Join", "Parent Relationship": "Outer", "Join Type": "Inner", "Startup Cost": 65239.88, "Total Cost": 88694.6, "Plan Rows": 16627, "Plan Width": 24, "Actual Min Startup Time": 28.766, "Actual Max Startup Time": 28.766, "Actual Min Total Time": 429.225, "Actual Max Total Time": 429.225, "Inner Unique": true, "Hash Cond": "(an1.person_id = n1.id)", "Plans": [{"Node Type": "Seq Scan", "Parent Relationship": "Outer", "Relation Name": "aka_name", "Alias": "an1", "Startup Cost": 0.0, "Total Cost": 19908.42, "Plan Rows": 901342, "Plan Width": 20, "Actual Min Startup Time": 0.035, "Actual Max Startup Time": 0.035, "Actual Min Total Time": 225.881, "Actual Max Total Time": 225.881, "Actual Rows": 901342}, {"Node Type": "Hash", "Parent Relationship": "Inner", "Startup Cost": 65066.3, "Total Cost": 65066.3, "Plan Rows": 13886, "Plan Width": 4, "Actual Min Startup Time": 28.497, "Actual Max Startup Time": 28.497, "Actual Min Total Time": 28.497, "Actual Max Total Time": 28.497, "Max Hash Buckets": 32768, "Min Hash Buckets": 32768, "Max Hash Batches": 1, "Min Hash Batches": 1, "Max Original Hash Batches": 1, "Min Original Hash Batches": 1, "Max Peak Memory Usage": 736, "min Peak Memory Usage": 736, "Plans": [{"Node Type": "Streaming(type: LOCAL GATHER dop: 1/64)", "Parent Relationship": "Outer", "Startup Cost": 0.0, "Total Cost": 65066.3, "Plan Rows": 13886, "Plan Width": 4, "Actual Min Startup Time": 0.21, "Actual Max Startup Time": 0.21, "Actual Min Total Time": 23.302, "Actual Max Total Time": 23.302, "Plans": [{"Node Type": "Seq Scan", "Parent Relationship": "Outer", "Relation Name": "name", "Alias": "n1", "Startup Cost": 0.0, "Total Cost": 64779.83, "Plan Rows": 13886, "Plan Width": 4, "Actual Min Startup Time": 0.049, "Actual Max Startup Time": 2.627, "Actual Min Total Time": 25.685, "Actual Max Total Time": 42.62, "Filter": "(((name)::text ~~ '%Yo%'::text) AND ((name)::text !~~ '%Yu%'::text))", "Rows Removed by Filter": 4146579, "Actual Rows": 20911}], "Actual Rows": 20911}], "Actual Rows": 20911}], "Actual Rows": 4031}], "Actual Rows": 4031}], "Actual Rows": 659}, {"Node Type": "Hash", "Parent Relationship": "Inner", "Startup Cost": 61039.34, "Total Cost": 61039.34, "Plan Rows": 5775, "Plan Width": 4, "Actual Min Startup Time": 1066.204, "Actual Max Startup Time": 1066.204, "Actual Min Total Time": 1066.204, "Actual Max Total Time": 1066.204, "Max Hash Buckets": 32768, "Min Hash Buckets": 32768, "Max Hash Batches": 1, "Min Hash Batches": 1, "Max Original Hash Batches": 1, "Min Original Hash Batches": 1, "Max Peak Memory Usage": 1700, "min Peak Memory Usage": 1700, "Plans": [{"Node Type": "Hash Join", "Parent Relationship": "Outer", "Join Type": "Inner", "Startup Cost": 5982.08, "Total Cost": 61039.34, "Plan Rows": 5775, "Plan Width": 4, "Actual Min Startup Time": 84.549, "Actual Max Startup Time": 84.549, "Actual Min Total Time": 1049.687, "Actual Max Total Time": 1049.687, "Inner Unique": true, "Hash Cond": "(mc.company_id = cn.id)", "Plans": [{"Node Type": "Seq Scan", "Parent Relationship": "Outer", "Relation Name": "movie_companies", "Alias": "mc", "Startup Cost": 0.0, "Total Cost": 54862.92, "Plan Rows": 36426, "Plan Width": 8, "Actual Min Startup Time": 0.281, "Actual Max Startup Time": 0.281, "Actual Min Total Time": 939.89, "Actual Max Total Time": 939.89, "Filter": "(((note)::text ~~ '%(Japan)%'::text) AND ((note)::text !~~ '%(USA)%'::text))", "Rows Removed by Filter": 2560231, "Actual Rows": 48897}, {"Node Type": "Hash", "Parent Relationship": "Inner", "Startup Cost": 5903.45, "Total Cost": 5903.45, "Plan Rows": 6290, "Plan Width": 4, "Actual Min Startup Time": 84.213, "Actual Max Startup Time": 84.213, "Actual Min Total Time": 84.213, "Actual Max Total Time": 84.213, "Max Hash Buckets": 32768, "Min Hash Buckets": 32768, "Max Hash Batches": 1, "Min Hash Batches": 1, "Max Original Hash Batches": 1, "Min Original Hash Batches": 1, "Max Peak Memory Usage": 238, "min Peak Memory Usage": 238, "Plans": [{"Node Type": "Seq Scan", "Parent Relationship": "Outer", "Relation Name": "company_name", "Alias": "cn", "Startup Cost": 0.0, "Total Cost": 5903.45, "Plan Rows": 6290, "Plan Width": 4, "Actual Min Startup Time": 0.029, "Actual Max Startup Time": 0.029, "Actual Min Total Time": 82.133, "Actual Max Total Time": 82.133, "Filter": "((country_code)::text = '[jp]'::text)", "Rows Removed by Filter": 228244, "Actual Rows": 6752}], "Actual Rows": 6752}], "Actual Rows": 48328}], "Actual Rows": 48328}], "Actual Rows": 62}, {"Node Type": "Hash", "Parent Relationship": "Inner", "Startup Cost": 60069.11, "Total Cost": 60069.11, "Plan Rows": 2528311, "Plan Width": 21, "Actual Min Startup Time": 1736.448, "Actual Max Startup Time": 1736.448, "Actual Min Total Time": 1736.448, "Actual Max Total Time": 1736.448, "Max Hash Buckets": 4194304, "Min Hash Buckets": 4194304, "Max Hash Batches": 1, "Min Hash Batches": 1, "Max Original Hash Batches": 1, "Min Original Hash Batches": 1, "Max Peak Memory Usage": 135869, "min Peak Memory Usage": 135869, "Plans": [{"Node Type": "Seq Scan", "Parent Relationship": "Outer", "Relation Name": "title", "Alias": "t", "Startup Cost": 0.0, "Total Cost": 60069.11, "Plan Rows": 2528311, "Plan Width": 21, "Actual Min Startup Time": 0.05, "Actual Max Startup Time": 0.05, "Actual Min Total Time": 840.179, "Actual Max Total Time": 840.179, "Actual Rows": 2528311}], "Actual Rows": 2528311}], "Actual Rows": 62}], "Actual Rows": 1}, "Triggers": [], "Planner Runtime": 66, "Total Runtime": 3473.747, "Unique SQL Id": 3544391839}}, "(64, 111)": {"explain_plan": {"Plan": {"Node Type": "Aggregate", "Strategy": "Plain", "Startup Cost": 7000067043975.19, "Total Cost": 7000067043975.2, "Plan Rows": 1, "Plan Width": 97, "Plans": [{"Node Type": "Hash Join", "Parent Relationship": "Outer", "Join Type": "Inner", "Startup Cost": 5020052373690.55, "Total Cost": 7000067043971.96, "Plan Rows": 646, "Plan Width": 33, "Inner Unique": true, "Hash Cond": "(ci.movie_id = t.id)", "Plans": [{"Node Type": "Hash Join", "Parent Relationship": "Outer", "Join Type": "Inner", "Startup Cost": 4020041330037.75, "Total Cost": 6000056000310.27, "Plan Rows": 646, "Plan Width": 24, "Inner Unique": true, "Hash Cond": "(mc.company_id = cn.id)", "Plans": [{"Node Type": "Hash Join", "Parent Relationship": "Outer", "Join Type": "Inner", "Startup Cost": 3020040279820.15, "Total Cost": 5000054950078.49, "Plan Rows": 1290, "Plan Width": 28, "Inner Unique": false, "Hash Cond": "(ci.movie_id = mc.movie_id)", "Plans": [{"Node Type": "Hash Join", "Parent Relationship": "Outer", "Join Type": "Inner", "Startup Cost": 2020026607450.85, "Total Cost": 4000041277296.59, "Plan Rows": 1560, "Plan Width": 20, "Inner Unique": false, "Hash Cond": "(ci.person_id = an1.person_id)", "Plans": [{"Node Type": "Nested Loop", "Parent Relationship": "Outer", "Join Type": "Inner", "Startup Cost": 20000000000.0, "Total Cost": 2000014669674.4, "Plan Rows": 8790, "Plan Width": 8, "Inner Unique": false, "Plans": [{"Node Type": "Index Scan", "Parent Relationship": "Outer", "Scan Direction": "Forward", "Index Name": "role_type_pkey", "Relation Name": "role_type", "Alias": "rt", "Startup Cost": 10000000000.0, "Total Cost": 1000000001246.0, "Plan Rows": 1, "Plan Width": 4, "Filter": "((role)::text = 'actress'::text)"}, {"Node Type": "Index Scan", "Parent Relationship": "Inner", "Scan Direction": "Forward", "Index Name": "role_id_cast_info", "Relation Name": "cast_info", "Alias": "ci", "Startup Cost": 10000000000.0, "Total Cost": 1000014668340.5, "Plan Rows": 8790, "Plan Width": 12, "Index Cond": "(role_id = rt.id)", "Filter": "((note)::text = '(voice: English version)'::text)"}]}, {"Node Type": "Hash", "Parent Relationship": "Inner", "Startup Cost": 2000026607243.01, "Total Cost": 2000026607243.01, "Plan Rows": 16627, "Plan Width": 24, "Plans": [{"Node Type": "Hash Join", "Parent Relationship": "Outer", "Join Type": "Inner", "Startup Cost": 1010019707193.28, "Total Cost": 2000026607243.01, "Plan Rows": 16627, "Plan Width": 24, "Inner Unique": true, "Hash Cond": "(an1.person_id = n1.id)", "Plans": [{"Node Type": "Index Scan", "Parent Relationship": "Outer", "Scan Direction": "Forward", "Index Name": "person_id_aka_name", "Relation Name": "aka_name", "Alias": "an1", "Startup Cost": 10000000000.0, "Total Cost": 1000006896503.43, "Plan Rows": 901342, "Plan Width": 20}, {"Node Type": "Hash", "Parent Relationship": "Inner", "Startup Cost": 1000019707019.7, "Total Cost": 1000019707019.7, "Plan Rows": 13886, "Plan Width": 4, "Plans": [{"Node Type": "Index Scan", "Parent Relationship": "Outer", "Scan Direction": "Forward", "Index Name": "name_pkey", "Relation Name": "name", "Alias": "n1", "Startup Cost": 10000000000.0, "Total Cost": 1000019707019.7, "Plan Rows": 13886, "Plan Width": 4, "Filter": "(((name)::text ~~ '%Yo%'::text) AND ((name)::text !~~ '%Yu%'::text))"}]}]}]}]}, {"Node Type": "Hash", "Parent Relationship": "Inner", "Startup Cost": 1000013671913.98, "Total Cost": 1000013671913.98, "Plan Rows": 36426, "Plan Width": 8, "Plans": [{"Node Type": "Index Scan", "Parent Relationship": "Outer", "Scan Direction": "Forward", "Index Name": "company_id_movie_companies", "Relation Name": "movie_companies", "Alias": "mc", "Startup Cost": 10000000000.0, "Total Cost": 1000013671913.98, "Plan Rows": 36426, "Plan Width": 8, "Filter": "(((note)::text ~~ '%(Japan)%'::text) AND ((note)::text !~~ '%(USA)%'::text))"}]}]}, {"Node Type": "Hash", "Parent Relationship": "Inner", "Startup Cost": 1000001050138.97, "Total Cost": 1000001050138.97, "Plan Rows": 6290, "Plan Width": 4, "Plans": [{"Node Type": "Index Scan", "Parent Relationship": "Outer", "Scan Direction": "Forward", "Index Name": "company_name_pkey", "Relation Name": "company_name", "Alias": "cn", "Startup Cost": 10000000000.0, "Total Cost": 1000001050138.97, "Plan Rows": 6290, "Plan Width": 4, "Filter": "((country_code)::text = '[jp]'::text)"}]}]}, {"Node Type": "Hash", "Parent Relationship": "Inner", "Startup Cost": 1000011012048.91, "Total Cost": 1000011012048.91, "Plan Rows": 2528311, "Plan Width": 21, "Plans": [{"Node Type": "Index Scan", "Parent Relationship": "Outer", "Scan Direction": "Forward", "Index Name": "title_pkey", "Relation Name": "title", "Alias": "t", "Startup Cost": 10000000000.0, "Total Cost": 1000011012048.91, "Plan Rows": 2528311, "Plan Width": 21}]}]}]}, "Unique SQL Id": 3544391839, "Planner Runtime": 52}, "explain_analyze_plan": null}, "(64, 112)": {"explain_plan": {"Plan": {"Node Type": "Aggregate", "Strategy": "Plain", "Startup Cost": 91981.82, "Total Cost": 91981.83, "Plan Rows": 1, "Plan Width": 97, "Plans": [{"Node Type": "Nested Loop", "Parent Relationship": "Outer", "Join Type": "Inner", "Startup Cost": 0.0, "Total Cost": 91981.76, "Plan Rows": 12, "Plan Width": 33, "Inner Unique": true, "Plans": [{"Node Type": "Nested Loop", "Parent Relationship": "Outer", "Join Type": "Inner", "Startup Cost": 0.0, "Total Cost": 91956.53, "Plan Rows": 12, "Plan Width": 24, "Inner Unique": true, "Plans": [{"Node Type": "Nested Loop", "Parent Relationship": "Outer", "Join Type": "Inner", "Startup Cost": 0.0, "Total Cost": 91580.99, "Plan Rows": 645, "Plan Width": 32, "Inner Unique": false, "Plans": [{"Node Type": "Nested Loop", "Parent Relationship": "Outer", "Join Type": "Inner", "Startup Cost": 0.0, "Total Cost": 91126.78, "Plan Rows": 532, "Plan Width": 12, "Inner Unique": true, "Plans": [{"Node Type": "Nested Loop", "Parent Relationship": "Outer", "Join Type": "Inner", "Startup Cost": 0.0, "Total Cost": 88949.62, "Plan Rows": 3338, "Plan Width": 16, "Inner Unique": false, "Plans": [{"Node Type": "Nested Loop", "Parent Relationship": "Outer", "Join Type": "Inner", "Startup Cost": 0.0, "Total Cost": 77025.27, "Plan Rows": 8790, "Plan Width": 8, "Inner Unique": false, "Join Filter": "(ci.role_id = rt.id)", "Plans": [{"Node Type": "Seq Scan", "Parent Relationship": "Outer", "Relation Name": "role_type", "Alias": "rt", "Startup Cost": 0.0, "Total Cost": 1.15, "Plan Rows": 1, "Plan Width": 4, "Filter": "((role)::text = 'actress'::text)"}, {"Node Type": "Materialize", "Parent Relationship": "Inner", "Startup Cost": 0.0, "Total Cost": 76057.2, "Plan Rows": 96692, "Plan Width": 12, "Plans": [{"Node Type": "Streaming(type: LOCAL GATHER dop: 1/64)", "Parent Relationship": "Outer", "Startup Cost": 0.0, "Total Cost": 75815.47, "Plan Rows": 96692, "Plan Width": 12, "Plans": [{"Node Type": "Seq Scan", "Parent Relationship": "Outer", "Relation Name": "cast_info", "Alias": "ci", "Startup Cost": 0.0, "Total Cost": 73820.73, "Plan Rows": 96692, "Plan Width": 12, "Filter": "((note)::text = '(voice: English version)'::text)"}]}]}]}, {"Node Type": "Index Scan", "Parent Relationship": "Inner", "Scan Direction": "Forward", "Index Name": "movie_id_movie_companies", "Relation Name": "movie_companies", "Alias": "mc", "Startup Cost": 0.0, "Total Cost": 1.35, "Plan Rows": 1, "Plan Width": 8, "Index Cond": "(movie_id = ci.movie_id)", "Filter": "(((note)::text ~~ '%(Japan)%'::text) AND ((note)::text !~~ '%(USA)%'::text))"}]}, {"Node Type": "Index Scan", "Parent Relationship": "Inner", "Scan Direction": "Forward", "Index Name": "company_name_pkey", "Relation Name": "company_name", "Alias": "cn", "Startup Cost": 0.0, "Total Cost": 0.64, "Plan Rows": 1, "Plan Width": 4, "Index Cond": "(id = mc.company_id)", "Filter": "((country_code)::text = '[jp]'::text)"}]}, {"Node Type": "Index Scan", "Parent Relationship": "Inner", "Scan Direction": "Forward", "Index Name": "person_id_aka_name", "Relation Name": "aka_name", "Alias": "an1", "Startup Cost": 0.0, "Total Cost": 0.84, "Plan Rows": 1, "Plan Width": 20, "Index Cond": "(person_id = ci.person_id)"}]}, {"Node Type": "Index Scan", "Parent Relationship": "Inner", "Scan Direction": "Forward", "Index Name": "name_pkey", "Relation Name": "name", "Alias": "n1", "Startup Cost": 0.0, "Total Cost": 0.57, "Plan Rows": 1, "Plan Width": 4, "Index Cond": "(id = an1.person_id)", "Filter": "(((name)::text ~~ '%Yo%'::text) AND ((name)::text !~~ '%Yu%'::text))"}]}, {"Node Type": "Index Scan", "Parent Relationship": "Inner", "Scan Direction": "Forward", "Index Name": "title_pkey", "Relation Name": "title", "Alias": "t", "Startup Cost": 0.0, "Total Cost": 2.09, "Plan Rows": 1, "Plan Width": 21, "Index Cond": "(id = ci.movie_id)"}]}]}, "Unique SQL Id": 3544391839, "Planner Runtime": 7}, "explain_analyze_plan": {"Plan": {"Node Type": "Aggregate", "Strategy": "Plain", "Startup Cost": 91981.82, "Total Cost": 91981.83, "Plan Rows": 1, "Plan Width": 97, "Actual Min Startup Time": 727.946, "Actual Max Startup Time": 727.946, "Actual Min Total Time": 727.946, "Actual Max Total Time": 727.946, "Plans": [{"Node Type": "Nested Loop", "Parent Relationship": "Outer", "Join Type": "Inner", "Startup Cost": 0.0, "Total Cost": 91981.76, "Plan Rows": 12, "Plan Width": 33, "Actual Min Startup Time": 684.34, "Actual Max Startup Time": 684.34, "Actual Min Total Time": 727.861, "Actual Max Total Time": 727.861, "Inner Unique": true, "Plans": [{"Node Type": "Nested Loop", "Parent Relationship": "Outer", "Join Type": "Inner", "Startup Cost": 0.0, "Total Cost": 91956.53, "Plan Rows": 12, "Plan Width": 24, "Actual Min Startup Time": 684.319, "Actual Max Startup Time": 684.319, "Actual Min Total Time": 727.49, "Actual Max Total Time": 727.49, "Inner Unique": true, "Plans": [{"Node Type": "Nested Loop", "Parent Relationship": "Outer", "Join Type": "Inner", "Startup Cost": 0.0, "Total Cost": 91580.99, "Plan Rows": 645, "Plan Width": 32, "Actual Min Startup Time": 393.381, "Actual Max Startup Time": 393.381, "Actual Min Total Time": 661.887, "Actual Max Total Time": 661.887, "Inner Unique": false, "Plans": [{"Node Type": "Nested Loop", "Parent Relationship": "Outer", "Join Type": "Inner", "Startup Cost": 0.0, "Total Cost": 91126.78, "Plan Rows": 532, "Plan Width": 12, "Actual Min Startup Time": 393.36, "Actual Max Startup Time": 393.36, "Actual Min Total Time": 623.917, "Actual Max Total Time": 623.917, "Inner Unique": true, "Plans": [{"Node Type": "Nested Loop", "Parent Relationship": "Outer", "Join Type": "Inner", "Startup Cost": 0.0, "Total Cost": 88949.62, "Plan Rows": 3338, "Plan Width": 16, "Actual Min Startup Time": 393.337, "Actual Max Startup Time": 393.337, "Actual Min Total Time": 591.004, "Actual Max Total Time": 591.004, "Inner Unique": false, "Plans": [{"Node Type": "Nested Loop", "Parent Relationship": "Outer", "Join Type": "Inner", "Startup Cost": 0.0, "Total Cost": 77025.27, "Plan Rows": 8790, "Plan Width": 8, "Actual Min Startup Time": 392.138, "Actual Max Startup Time": 392.138, "Actual Min Total Time": 429.56, "Actual Max Total Time": 429.56, "Inner Unique": false, "Join Filter": "(ci.role_id = rt.id)", "Rows Removed by Join Filter": 58247, "Plans": [{"Node Type": "Seq Scan", "Parent Relationship": "Outer", "Relation Name": "role_type", "Alias": "rt", "Startup Cost": 0.0, "Total Cost": 1.15, "Plan Rows": 1, "Plan Width": 4, "Actual Min Startup Time": 0.056, "Actual Max Startup Time": 0.056, "Actual Min Total Time": 0.065, "Actual Max Total Time": 0.065, "Filter": "((role)::text = 'actress'::text)", "Rows Removed by Filter": 11, "Actual Rows": 1}, {"Node Type": "Materialize", "Parent Relationship": "Inner", "Startup Cost": 0.0, "Total Cost": 76057.2, "Plan Rows": 96692, "Plan Width": 12, "Actual Min Startup Time": 390.156, "Actual Max Startup Time": 390.156, "Actual Min Total Time": 401.745, "Actual Max Total Time": 401.745, "Plans": [{"Node Type": "Streaming(type: LOCAL GATHER dop: 1/64)", "Parent Relationship": "Outer", "Startup Cost": 0.0, "Total Cost": 75815.47, "Plan Rows": 96692, "Plan Width": 12, "Actual Min Startup Time": 151.94, "Actual Max Startup Time": 151.94, "Actual Min Total Time": 375.144, "Actual Max Total Time": 375.144, "Plans": [{"Node Type": "Seq Scan", "Parent Relationship": "Outer", "Relation Name": "cast_info", "Alias": "ci", "Startup Cost": 0.0, "Total Cost": 73820.73, "Plan Rows": 96692, "Plan Width": 12, "Actual Min Startup Time": 0.034, "Actual Max Startup Time": 2.876, "Actual Min Total Time": 153.567, "Actual Max Total Time": 165.265, "Filter": "((note)::text = '(voice: English version)'::text)", "Rows Removed by Filter": 36151248, "Actual Rows": 93095}], "Actual Rows": 93095}], "Actual Rows": 93096}], "Actual Rows": 34848}, {"Node Type": "Index Scan", "Parent Relationship": "Inner", "Scan Direction": "Forward", "Index Name": "movie_id_movie_companies", "Relation Name": "movie_companies", "Alias": "mc", "Startup Cost": 0.0, "Total Cost": 1.35, "Plan Rows": 1, "Plan Width": 8, "Actual Min Startup Time": 124.111, "Actual Max Startup Time": 124.111, "Actual Min Total Time": 142.799, "Actual Max Total Time": 142.799, "Index Cond": "(movie_id = ci.movie_id)", "Rows Removed by Index Recheck": 0, "Filter": "(((note)::text ~~ '%(Japan)%'::text) AND ((note)::text !~~ '%(USA)%'::text))", "Rows Removed by Filter": 53432, "Actual Rows": 7532}], "Actual Rows": 7532}, {"Node Type": "Index Scan", "Parent Relationship": "Inner", "Scan Direction": "Forward", "Index Name": "company_name_pkey", "Relation Name": "company_name", "Alias": "cn", "Startup Cost": 0.0, "Total Cost": 0.64, "Plan Rows": 1, "Plan Width": 4, "Actual Min Startup Time": 26.522, "Actual Max Startup Time": 26.522, "Actual Min Total Time": 26.522, "Actual Max Total Time": 26.522, "Index Cond": "(id = mc.company_id)", "Rows Removed by Index Recheck": 0, "Filter": "((country_code)::text = '[jp]'::text)", "Rows Removed by Filter": 94, "Actual Rows": 7438}], "Actual Rows": 7438}, {"Node Type": "Index Scan", "Parent Relationship": "Inner", "Scan Direction": "Forward", "Index Name": "person_id_aka_name", "Relation Name": "aka_name", "Alias": "an1", "Startup Cost": 0.0, "Total Cost": 0.84, "Plan Rows": 1, "Plan Width": 20, "Actual Min Startup Time": 22.866, "Actual Max Startup Time": 22.866, "Actual Min Total Time": 29.837, "Actual Max Total Time": 29.837, "Index Cond": "(person_id = ci.person_id)", "Rows Removed by Index Recheck": 0, "Actual Rows": 17379}], "Actual Rows": 17379}, {"Node Type": "Index Scan", "Parent Relationship": "Inner", "Scan Direction": "Forward", "Index Name": "name_pkey", "Relation Name": "name", "Alias": "n1", "Startup Cost": 0.0, "Total Cost": 0.57, "Plan Rows": 1, "Plan Width": 4, "Actual Min Startup Time": 57.321, "Actual Max Startup Time": 57.321, "Actual Min Total Time": 57.321, "Actual Max Total Time": 57.321, "Index Cond": "(id = an1.person_id)", "Rows Removed by Index Recheck": 0, "Filter": "(((name)::text ~~ '%Yo%'::text) AND ((name)::text !~~ '%Yu%'::text))", "Rows Removed by Filter": 17317, "Actual Rows": 62}], "Actual Rows": 62}, {"Node Type": "Index Scan", "Parent Relationship": "Inner", "Scan Direction": "Forward", "Index Name": "title_pkey", "Relation Name": "title", "Alias": "t", "Startup Cost": 0.0, "Total Cost": 2.09, "Plan Rows": 1, "Plan Width": 21, "Actual Min Startup Time": 0.302, "Actual Max Startup Time": 0.302, "Actual Min Total Time": 0.302, "Actual Max Total Time": 0.302, "Index Cond": "(id = ci.movie_id)", "Rows Removed by Index Recheck": 0, "Actual Rows": 62}], "Actual Rows": 62}], "Actual Rows": 1}, "Triggers": [], "Planner Runtime": 7, "Total Runtime": 740.907, "Unique SQL Id": 3544391839}}, "(64, 113)": {"explain_plan": {"Plan": {"Node Type": "Aggregate", "Strategy": "Plain", "Startup Cost": 109007.69, "Total Cost": 109007.7, "Plan Rows": 1, "Plan Width": 97, "Plans": [{"Node Type": "Nested Loop", "Parent Relationship": "Outer", "Join Type": "Inner", "Startup Cost": 2780.8, "Total Cost": 109007.63, "Plan Rows": 12, "Plan Width": 33, "Inner Unique": true, "Plans": [{"Node Type": "Nested Loop", "Parent Relationship": "Outer", "Join Type": "Inner", "Startup Cost": 2780.8, "Total Cost": 108632.09, "Plan Rows": 645, "Plan Width": 41, "Inner Unique": false, "Plans": [{"Node Type": "Nested Loop", "Parent Relationship": "Outer", "Join Type": "Inner", "Startup Cost": 2780.8, "Total Cost": 108177.88, "Plan Rows": 532, "Plan Width": 21, "Inner Unique": false, "Join Filter": "(ci.role_id = rt.id)", "Plans": [{"Node Type": "Index Scan", "Parent Relationship": "Outer", "Scan Direction": "Forward", "Index Name": "role_type_pkey", "Relation Name": "role_type", "Alias": "rt", "Startup Cost": 0.0, "Total Cost": 12.46, "Plan Rows": 1, "Plan Width": 4, "Filter": "((role)::text = 'actress'::text)"}, {"Node Type": "Nested Loop", "Parent Relationship": "Inner", "Join Type": "Inner", "Startup Cost": 2780.8, "Total Cost": 108092.33, "Plan Rows": 5847, "Plan Width": 25, "Inner Unique": false, "Plans": [{"Node Type": "Nested Loop", "Parent Relationship": "Outer", "Join Type": "Inner", "Startup Cost": 2780.8, "Total Cost": 102349.74, "Plan Rows": 5775, "Plan Width": 25, "Inner Unique": true, "Plans": [{"Node Type": "Nested Loop", "Parent Relationship": "Outer", "Join Type": "Inner", "Startup Cost": 2780.8, "Total Cost": 79702.64, "Plan Rows": 5775, "Plan Width": 4, "Inner Unique": false, "Plans": [{"Node Type": "Bitmap Heap Scan", "Parent Relationship": "Outer", "Relation Name": "company_name", "Alias": "cn", "Startup Cost": 2780.8, "Total Cost": 8684.25, "Plan Rows": 6290, "Plan Width": 4, "Filter": "((country_code)::text = '[jp]'::text)", "Plans": [{"Node Type": "Bitmap Index Scan", "Parent Relationship": "Outer", "Index Name": "company_name_pkey", "Startup Cost": 0.0, "Total Cost": 2779.23, "Plan Rows": 234996, "Plan Width": 0}]}, {"Node Type": "Index Scan", "Parent Relationship": "Inner", "Scan Direction": "Forward", "Index Name": "company_id_movie_companies", "Relation Name": "movie_companies", "Alias": "mc", "Startup Cost": 0.0, "Total Cost": 11.28, "Plan Rows": 1, "Plan Width": 8, "Index Cond": "(company_id = cn.id)", "Filter": "(((note)::text ~~ '%(Japan)%'::text) AND ((note)::text !~~ '%(USA)%'::text))"}]}, {"Node Type": "Index Scan", "Parent Relationship": "Inner", "Scan Direction": "Forward", "Index Name": "title_pkey", "Relation Name": "title", "Alias": "t", "Startup Cost": 0.0, "Total Cost": 3.91, "Plan Rows": 1, "Plan Width": 21, "Index Cond": "(id = mc.movie_id)"}]}, {"Node Type": "Index Scan", "Parent Relationship": "Inner", "Scan Direction": "Forward", "Index Name": "movie_id_cast_info", "Relation Name": "cast_info", "Alias": "ci", "Startup Cost": 0.0, "Total Cost": 0.98, "Plan Rows": 1, "Plan Width": 12, "Index Cond": "(movie_id = t.id)", "Filter": "((note)::text = '(voice: English version)'::text)"}]}]}, {"Node Type": "Index Scan", "Parent Relationship": "Inner", "Scan Direction": "Forward", "Index Name": "person_id_aka_name", "Relation Name": "aka_name", "Alias": "an1", "Startup Cost": 0.0, "Total Cost": 0.84, "Plan Rows": 1, "Plan Width": 20, "Index Cond": "(person_id = ci.person_id)"}]}, {"Node Type": "Index Scan", "Parent Relationship": "Inner", "Scan Direction": "Forward", "Index Name": "name_pkey", "Relation Name": "name", "Alias": "n1", "Startup Cost": 0.0, "Total Cost": 0.57, "Plan Rows": 1, "Plan Width": 4, "Index Cond": "(id = an1.person_id)", "Filter": "(((name)::text ~~ '%Yo%'::text) AND ((name)::text !~~ '%Yu%'::text))"}]}]}, "Unique SQL Id": 3544391839, "Planner Runtime": 6}, "explain_analyze_plan": {"Plan": {"Node Type": "Aggregate", "Strategy": "Plain", "Startup Cost": 109007.69, "Total Cost": 109007.7, "Plan Rows": 1, "Plan Width": 97, "Actual Startup Time": 3922.823, "Actual Total Time": 3922.824, "Actual Rows": 1, "Actual Loops": 1, "Plans": [{"Node Type": "Nested Loop", "Parent Relationship": "Outer", "Join Type": "Inner", "Startup Cost": 2780.8, "Total Cost": 109007.63, "Plan Rows": 12, "Plan Width": 33, "Actual Startup Time": 314.814, "Actual Total Time": 3922.514, "Actual Rows": 62, "Actual Loops": 1, "Inner Unique": true, "Plans": [{"Node Type": "Nested Loop", "Parent Relationship": "Outer", "Join Type": "Inner", "Startup Cost": 2780.8, "Total Cost": 108632.09, "Plan Rows": 645, "Plan Width": 41, "Actual Startup Time": 22.215, "Actual Total Time": 3845.016, "Actual Rows": 17379, "Actual Loops": 1, "Inner Unique": false, "Plans": [{"Node Type": "Nested Loop", "Parent Relationship": "Outer", "Join Type": "Inner", "Startup Cost": 2780.8, "Total Cost": 108177.88, "Plan Rows": 532, "Plan Width": 21, "Actual Startup Time": 22.197, "Actual Total Time": 3792.598, "Actual Rows": 7438, "Actual Loops": 1, "Inner Unique": false, "Join Filter": "(ci.role_id = rt.id)", "Rows Removed by Join Filter": 12162, "Plans": [{"Node Type": "Index Scan", "Parent Relationship": "Outer", "Scan Direction": "Forward", "Index Name": "role_type_pkey", "Relation Name": "role_type", "Alias": "rt", "Startup Cost": 0.0, "Total Cost": 12.46, "Plan Rows": 1, "Plan Width": 4, "Actual Startup Time": 0.042, "Actual Total Time": 0.056, "Actual Rows": 1, "Actual Loops": 1, "Filter": "((role)::text = 'actress'::text)", "Rows Removed by Filter": 11}, {"Node Type": "Nested Loop", "Parent Relationship": "Inner", "Join Type": "Inner", "Startup Cost": 2780.8, "Total Cost": 108092.33, "Plan Rows": 5847, "Plan Width": 25, "Actual Startup Time": 22.147, "Actual Total Time": 3787.147, "Actual Rows": 19600, "Actual Loops": 1, "Inner Unique": false, "Plans": [{"Node Type": "Nested Loop", "Parent Relationship": "Outer", "Join Type": "Inner", "Startup Cost": 2780.8, "Total Cost": 102349.74, "Plan Rows": 5775, "Plan Width": 25, "Actual Startup Time": 22.063, "Actual Total Time": 716.483, "Actual Rows": 48328, "Actual Loops": 1, "Inner Unique": true, "Plans": [{"Node Type": "Nested Loop", "Parent Relationship": "Outer", "Join Type": "Inner", "Startup Cost": 2780.8, "Total Cost": 79702.64, "Plan Rows": 5775, "Plan Width": 4, "Actual Startup Time": 22.045, "Actual Total Time": 388.074, "Actual Rows": 48328, "Actual Loops": 1, "Inner Unique": false, "Plans": [{"Node Type": "Bitmap Heap Scan", "Parent Relationship": "Outer", "Relation Name": "company_name", "Alias": "cn", "Startup Cost": 2780.8, "Total Cost": 8684.25, "Plan Rows": 6290, "Plan Width": 4, "Actual Startup Time": 21.999, "Actual Total Time": 147.353, "Actual Rows": 6752, "Actual Loops": 1, "Filter": "((country_code)::text = '[jp]'::text)", "Rows Removed by Filter": 228244, "Exact Heap Blocks": 2966, "Lossy Heap Blocks": 2966, "Plans": [{"Node Type": "Bitmap Index Scan", "Parent Relationship": "Outer", "Index Name": "company_name_pkey", "Startup Cost": 0.0, "Total Cost": 2779.23, "Plan Rows": 234996, "Plan Width": 0, "Actual Startup Time": 21.525, "Actual Total Time": 21.525, "Actual Rows": 234996, "Actual Loops": 1}]}, {"Node Type": "Index Scan", "Parent Relationship": "Inner", "Scan Direction": "Forward", "Index Name": "company_id_movie_companies", "Relation Name": "movie_companies", "Alias": "mc", "Startup Cost": 0.0, "Total Cost": 11.28, "Plan Rows": 1, "Plan Width": 8, "Actual Startup Time": 62.414, "Actual Total Time": 224.565, "Actual Rows": 48328, "Actual Loops": 6752, "Index Cond": "(company_id = cn.id)", "Rows Removed by Index Recheck": 0, "Filter": "(((note)::text ~~ '%(Japan)%'::text) AND ((note)::text !~~ '%(USA)%'::text))", "Rows Removed by Filter": 56667}]}, {"Node Type": "Index Scan", "Parent Relationship": "Inner", "Scan Direction": "Forward", "Index Name": "title_pkey", "Relation Name": "title", "Alias": "t", "Startup Cost": 0.0, "Total Cost": 3.91, "Plan Rows": 1, "Plan Width": 21, "Actual Startup Time": 286.311, "Actual Total Time": 286.311, "Actual Rows": 48328, "Actual Loops": 48328, "Index Cond": "(id = mc.movie_id)", "Rows Removed by Index Recheck": 0}]}, {"Node Type": "Index Scan", "Parent Relationship": "Inner", "Scan Direction": "Forward", "Index Name": "movie_id_cast_info", "Relation Name": "cast_info", "Alias": "ci", "Startup Cost": 0.0, "Total Cost": 0.98, "Plan Rows": 1, "Plan Width": 12, "Actual Startup Time": 2903.218, "Actual Total Time": 3038.314, "Actual Rows": 19600, "Actual Loops": 48328, "Index Cond": "(movie_id = t.id)", "Rows Removed by Index Recheck": 0, "Filter": "((note)::text = '(voice: English version)'::text)", "Rows Removed by Filter": 1531710}]}]}, {"Node Type": "Index Scan", "Parent Relationship": "Inner", "Scan Direction": "Forward", "Index Name": "person_id_aka_name", "Relation Name": "aka_name", "Alias": "an1", "Startup Cost": 0.0, "Total Cost": 0.84, "Plan Rows": 1, "Plan Width": 20, "Actual Startup Time": 34.881, "Actual Total Time": 43.41, "Actual Rows": 17379, "Actual Loops": 7438, "Index Cond": "(person_id = ci.person_id)", "Rows Removed by Index Recheck": 0}]}, {"Node Type": "Index Scan", "Parent Relationship": "Inner", "Scan Direction": "Forward", "Index Name": "name_pkey", "Relation Name": "name", "Alias": "n1", "Startup Cost": 0.0, "Total Cost": 0.57, "Plan Rows": 1, "Plan Width": 4, "Actual Startup Time": 68.589, "Actual Total Time": 68.589, "Actual Rows": 62, "Actual Loops": 17379, "Index Cond": "(id = an1.person_id)", "Rows Removed by Index Recheck": 0, "Filter": "(((name)::text ~~ '%Yo%'::text) AND ((name)::text !~~ '%Yu%'::text))", "Rows Removed by Filter": 17317}]}]}, "Triggers": [], "Planner Runtime": 6, "Total Runtime": 3923.255, "Unique SQL Id": 3544391839}}, "(64, 114)": {"explain_plan": {"Plan": {"Node Type": "Aggregate", "Strategy": "Plain", "Startup Cost": 131407.59, "Total Cost": 131407.6, "Plan Rows": 1, "Plan Width": 97, "Plans": [{"Node Type": "Nested Loop", "Parent Relationship": "Outer", "Join Type": "Inner", "Startup Cost": 2.89, "Total Cost": 131407.53, "Plan Rows": 12, "Plan Width": 33, "Inner Unique": true, "Plans": [{"Node Type": "Nested Loop", "Parent Relationship": "Outer", "Join Type": "Inner", "Startup Cost": 2.25, "Total Cost": 131351.58, "Plan Rows": 12, "Plan Width": 24, "Inner Unique": false, "Join Filter": "(n1.id = an1.person_id)", "Plans": [{"Node Type": "Nested Loop", "Parent Relationship": "Outer", "Join Type": "Inner", "Startup Cost": 1.87, "Total Cost": 131007.92, "Plan Rows": 78, "Plan Width": 16, "Inner Unique": true, "Plans": [{"Node Type": "Nested Loop", "Parent Relationship": "Outer", "Join Type": "Inner", "Startup Cost": 1.56, "Total Cost": 126443.17, "Plan Rows": 1055, "Plan Width": 20, "Inner Unique": false, "Plans": [{"Node Type": "Nested Loop", "Parent Relationship": "Outer", "Join Type": "Inner", "Startup Cost": 0.9, "Total Cost": 120357.96, "Plan Rows": 1293, "Plan Width": 12, "Inner Unique": true, "Plans": [{"Node Type": "Nested Loop", "Parent Relationship": "Outer", "Join Type": "Inner", "Startup Cost": 0.0, "Total Cost": 77025.27, "Plan Rows": 8790, "Plan Width": 8, "Inner Unique": false, "Join Filter": "(ci.role_id = rt.id)", "Plans": [{"Node Type": "Seq Scan", "Parent Relationship": "Outer", "Relation Name": "role_type", "Alias": "rt", "Startup Cost": 0.0, "Total Cost": 1.15, "Plan Rows": 1, "Plan Width": 4, "Filter": "((role)::text = 'actress'::text)"}, {"Node Type": "Materialize", "Parent Relationship": "Inner", "Startup Cost": 0.0, "Total Cost": 76057.2, "Plan Rows": 96692, "Plan Width": 12, "Plans": [{"Node Type": "Streaming(type: LOCAL GATHER dop: 1/64)", "Parent Relationship": "Outer", "Startup Cost": 0.0, "Total Cost": 75815.47, "Plan Rows": 96692, "Plan Width": 12, "Plans": [{"Node Type": "Seq Scan", "Parent Relationship": "Outer", "Relation Name": "cast_info", "Alias": "ci", "Startup Cost": 0.0, "Total Cost": 73820.73, "Plan Rows": 96692, "Plan Width": 12, "Filter": "((note)::text = '(voice: English version)'::text)"}]}]}]}, {"Node Type": "Bitmap Heap Scan", "Parent Relationship": "Inner", "Relation Name": "name", "Alias": "n1", "Startup Cost": 0.9, "Total Cost": 4.92, "Plan Rows": 1, "Plan Width": 4, "Recheck Cond": "(id = ci.person_id)", "Filter": "(((name)::text ~~ '%Yo%'::text) AND ((name)::text !~~ '%Yu%'::text))", "Plans": [{"Node Type": "Bitmap Index Scan", "Parent Relationship": "Outer", "Index Name": "name_pkey", "Startup Cost": 0.0, "Total Cost": 0.9, "Plan Rows": 1, "Plan Width": 0, "Index Cond": "(id = ci.person_id)"}]}]}, {"Node Type": "Bitmap Heap Scan", "Parent Relationship": "Inner", "Relation Name": "movie_companies", "Alias": "mc", "Startup Cost": 0.66, "Total Cost": 4.7, "Plan Rows": 1, "Plan Width": 8, "Recheck Cond": "(movie_id = ci.movie_id)", "Filter": "(((note)::text ~~ '%(Japan)%'::text) AND ((note)::text !~~ '%(USA)%'::text))", "Plans": [{"Node Type": "Bitmap Index Scan", "Parent Relationship": "Outer", "Index Name": "movie_id_movie_companies", "Startup Cost": 0.0, "Total Cost": 0.66, "Plan Rows": 2, "Plan Width": 0, "Index Cond": "(movie_id = ci.movie_id)"}]}]}, {"Node Type": "Bitmap Heap Scan", "Parent Relationship": "Inner", "Relation Name": "company_name", "Alias": "cn", "Startup Cost": 0.3, "Total Cost": 4.32, "Plan Rows": 1, "Plan Width": 4, "Recheck Cond": "(id = mc.company_id)", "Filter": "((country_code)::text = '[jp]'::text)", "Plans": [{"Node Type": "Bitmap Index Scan", "Parent Relationship": "Outer", "Index Name": "company_name_pkey", "Startup Cost": 0.0, "Total Cost": 0.3, "Plan Rows": 1, "Plan Width": 0, "Index Cond": "(id = mc.company_id)"}]}]}, {"Node Type": "Bitmap Heap Scan", "Parent Relationship": "Inner", "Relation Name": "aka_name", "Alias": "an1", "Startup Cost": 0.38, "Total Cost": 4.39, "Plan Rows": 1, "Plan Width": 20, "Recheck Cond": "(person_id = ci.person_id)", "Plans": [{"Node Type": "Bitmap Index Scan", "Parent Relationship": "Outer", "Index Name": "person_id_aka_name", "Startup Cost": 0.0, "Total Cost": 0.38, "Plan Rows": 1, "Plan Width": 0, "Index Cond": "(person_id = ci.person_id)"}]}]}, {"Node Type": "Bitmap Heap Scan", "Parent Relationship": "Inner", "Relation Name": "title", "Alias": "t", "Startup Cost": 0.64, "Total Cost": 4.65, "Plan Rows": 1, "Plan Width": 21, "Recheck Cond": "(id = ci.movie_id)", "Plans": [{"Node Type": "Bitmap Index Scan", "Parent Relationship": "Outer", "Index Name": "title_pkey", "Startup Cost": 0.0, "Total Cost": 0.64, "Plan Rows": 1, "Plan Width": 0, "Index Cond": "(id = ci.movie_id)"}]}]}]}, "Unique SQL Id": 3544391839, "Planner Runtime": 16}, "explain_analyze_plan": {"Plan": {"Node Type": "Aggregate", "Strategy": "Plain", "Startup Cost": 131407.59, "Total Cost": 131407.6, "Plan Rows": 1, "Plan Width": 97, "Actual Min Startup Time": 568.71, "Actual Max Startup Time": 568.71, "Actual Min Total Time": 568.71, "Actual Max Total Time": 568.71, "Plans": [{"Node Type": "Nested Loop", "Parent Relationship": "Outer", "Join Type": "Inner", "Startup Cost": 2.89, "Total Cost": 131407.53, "Plan Rows": 12, "Plan Width": 33, "Actual Min Startup Time": 383.958, "Actual Max Startup Time": 383.958, "Actual Min Total Time": 568.621, "Actual Max Total Time": 568.621, "Inner Unique": true, "Plans": [{"Node Type": "Nested Loop", "Parent Relationship": "Outer", "Join Type": "Inner", "Startup Cost": 2.25, "Total Cost": 131351.58, "Plan Rows": 12, "Plan Width": 24, "Actual Min Startup Time": 383.922, "Actual Max Startup Time": 383.922, "Actual Min Total Time": 568.103, "Actual Max Total Time": 568.103, "Inner Unique": false, "Join Filter": "(n1.id = an1.person_id)", "Rows Removed by Join Filter": 0, "Plans": [{"Node Type": "Nested Loop", "Parent Relationship": "Outer", "Join Type": "Inner", "Startup Cost": 1.87, "Total Cost": 131007.92, "Plan Rows": 78, "Plan Width": 16, "Actual Min Startup Time": 383.885, "Actual Max Startup Time": 383.885, "Actual Min Total Time": 567.792, "Actual Max Total Time": 567.792, "Inner Unique": true, "Plans": [{"Node Type": "Nested Loop", "Parent Relationship": "Outer", "Join Type": "Inner", "Startup Cost": 1.56, "Total Cost": 126443.17, "Plan Rows": 1055, "Plan Width": 20, "Actual Min Startup Time": 383.861, "Actual Max Startup Time": 383.861, "Actual Min Total Time": 567.428, "Actual Max Total Time": 567.428, "Inner Unique": false, "Plans": [{"Node Type": "Nested Loop", "Parent Relationship": "Outer", "Join Type": "Inner", "Startup Cost": 0.9, "Total Cost": 120357.96, "Plan Rows": 1293, "Plan Width": 12, "Actual Min Startup Time": 383.797, "Actual Max Startup Time": 383.797, "Actual Min Total Time": 564.882, "Actual Max Total Time": 564.882, "Inner Unique": true, "Plans": [{"Node Type": "Nested Loop", "Parent Relationship": "Outer", "Join Type": "Inner", "Startup Cost": 0.0, "Total Cost": 77025.27, "Plan Rows": 8790, "Plan Width": 8, "Actual Min Startup Time": 339.787, "Actual Max Startup Time": 339.787, "Actual Min Total Time": 376.432, "Actual Max Total Time": 376.432, "Inner Unique": false, "Join Filter": "(ci.role_id = rt.id)", "Rows Removed by Join Filter": 58247, "Plans": [{"Node Type": "Seq Scan", "Parent Relationship": "Outer", "Relation Name": "role_type", "Alias": "rt", "Startup Cost": 0.0, "Total Cost": 1.15, "Plan Rows": 1, "Plan Width": 4, "Actual Min Startup Time": 0.051, "Actual Max Startup Time": 0.051, "Actual Min Total Time": 0.058, "Actual Max Total Time": 0.058, "Filter": "((role)::text = 'actress'::text)", "Rows Removed by Filter": 11, "Actual Rows": 1}, {"Node Type": "Materialize", "Parent Relationship": "Inner", "Startup Cost": 0.0, "Total Cost": 76057.2, "Plan Rows": 96692, "Plan Width": 12, "Actual Min Startup Time": 337.627, "Actual Max Startup Time": 337.627, "Actual Min Total Time": 349.912, "Actual Max Total Time": 349.912, "Plans": [{"Node Type": "Streaming(type: LOCAL GATHER dop: 1/64)", "Parent Relationship": "Outer", "Startup Cost": 0.0, "Total Cost": 75815.47, "Plan Rows": 96692, "Plan Width": 12, "Actual Min Startup Time": 108.986, "Actual Max Startup Time": 108.986, "Actual Min Total Time": 322.779, "Actual Max Total Time": 322.779, "Plans": [{"Node Type": "Seq Scan", "Parent Relationship": "Outer", "Relation Name": "cast_info", "Alias": "ci", "Startup Cost": 0.0, "Total Cost": 73820.73, "Plan Rows": 96692, "Plan Width": 12, "Actual Min Startup Time": 0.042, "Actual Max Startup Time": 2.894, "Actual Min Total Time": 153.308, "Actual Max Total Time": 161.862, "Filter": "((note)::text = '(voice: English version)'::text)", "Rows Removed by Filter": 36151248, "Actual Rows": 93095}], "Actual Rows": 93095}], "Actual Rows": 93096}], "Actual Rows": 34848}, {"Node Type": "Bitmap Heap Scan", "Parent Relationship": "Inner", "Relation Name": "name", "Alias": "n1", "Startup Cost": 0.9, "Total Cost": 4.92, "Plan Rows": 1, "Plan Width": 4, "Actual Min Startup Time": 149.412, "Actual Max Startup Time": 149.412, "Actual Min Total Time": 149.412, "Actual Max Total Time": 149.412, "Recheck Cond": "(id = ci.person_id)", "Rows Removed by Index Recheck": 0, "Filter": "(((name)::text ~~ '%Yo%'::text) AND ((name)::text !~~ '%Yu%'::text))", "Rows Removed by Filter": 34454, "Exact Heap Blocks": 34848, "Lossy Heap Blocks": 34848, "Plans": [{"Node Type": "Bitmap Index Scan", "Parent Relationship": "Outer", "Index Name": "name_pkey", "Startup Cost": 0.0, "Total Cost": 0.9, "Plan Rows": 1, "Plan Width": 0, "Actual Min Startup Time": 85.618, "Actual Max Startup Time": 85.618, "Actual Min Total Time": 85.618, "Actual Max Total Time": 85.618, "Index Cond": "(id = ci.person_id)", "Actual Rows": 34848}], "Actual Rows": 394}], "Actual Rows": 394}, {"Node Type": "Bitmap Heap Scan", "Parent Relationship": "Inner", "Relation Name": "movie_companies", "Alias": "mc", "Startup Cost": 0.66, "Total Cost": 4.7, "Plan Rows": 1, "Plan Width": 8, "Actual Min Startup Time": 1.983, "Actual Max Startup Time": 1.983, "Actual Min Total Time": 2.086, "Actual Max Total Time": 2.086, "Recheck Cond": "(movie_id = ci.movie_id)", "Rows Removed by Index Recheck": 0, "Filter": "(((note)::text ~~ '%(Japan)%'::text) AND ((note)::text !~~ '%(USA)%'::text))", "Rows Removed by Filter": 511, "Exact Heap Blocks": 237, "Lossy Heap Blocks": 237, "Plans": [{"Node Type": "Bitmap Index Scan", "Parent Relationship": "Outer", "Index Name": "movie_id_movie_companies", "Startup Cost": 0.0, "Total Cost": 0.66, "Plan Rows": 2, "Plan Width": 0, "Actual Min Startup Time": 1.212, "Actual Max Startup Time": 1.212, "Actual Min Total Time": 1.212, "Actual Max Total Time": 1.212, "Index Cond": "(movie_id = ci.movie_id)", "Actual Rows": 550}], "Actual Rows": 39}], "Actual Rows": 39}, {"Node Type": "Bitmap Heap Scan", "Parent Relationship": "Inner", "Relation Name": "company_name", "Alias": "cn", "Startup Cost": 0.3, "Total Cost": 4.32, "Plan Rows": 1, "Plan Width": 4, "Actual Min Startup Time": 0.302, "Actual Max Startup Time": 0.302, "Actual Min Total Time": 0.302, "Actual Max Total Time": 0.302, "Recheck Cond": "(id = mc.company_id)", "Rows Removed by Index Recheck": 0, "Filter": "((country_code)::text = '[jp]'::text)", "Rows Removed by Filter": 1, "Exact Heap Blocks": 39, "Lossy Heap Blocks": 39, "Plans": [{"Node Type": "Bitmap Index Scan", "Parent Relationship": "Outer", "Index Name": "company_name_pkey", "Startup Cost": 0.0, "Total Cost": 0.3, "Plan Rows": 1, "Plan Width": 0, "Actual Min Startup Time": 0.163, "Actual Max Startup Time": 0.163, "Actual Min Total Time": 0.163, "Actual Max Total Time": 0.163, "Index Cond": "(id = mc.company_id)", "Actual Rows": 39}], "Actual Rows": 38}], "Actual Rows": 38}, {"Node Type": "Bitmap Heap Scan", "Parent Relationship": "Inner", "Relation Name": "aka_name", "Alias": "an1", "Startup Cost": 0.38, "Total Cost": 4.39, "Plan Rows": 1, "Plan Width": 20, "Actual Min Startup Time": 0.207, "Actual Max Startup Time": 0.207, "Actual Min Total Time": 0.223, "Actual Max Total Time": 0.223, "Recheck Cond": "(person_id = ci.person_id)", "Rows Removed by Index Recheck": 0, "Exact Heap Blocks": 43, "Lossy Heap Blocks": 43, "Plans": [{"Node Type": "Bitmap Index Scan", "Parent Relationship": "Outer", "Index Name": "person_id_aka_name", "Startup Cost": 0.0, "Total Cost": 0.38, "Plan Rows": 1, "Plan Width": 0, "Actual Min Startup Time": 0.132, "Actual Max Startup Time": 0.132, "Actual Min Total Time": 0.132, "Actual Max Total Time": 0.132, "Index Cond": "(person_id = ci.person_id)", "Actual Rows": 62}], "Actual Rows": 62}], "Actual Rows": 62}, {"Node Type": "Bitmap Heap Scan", "Parent Relationship": "Inner", "Relation Name": "title", "Alias": "t", "Startup Cost": 0.64, "Total Cost": 4.65, "Plan Rows": 1, "Plan Width": 21, "Actual Min Startup Time": 0.404, "Actual Max Startup Time": 0.404, "Actual Min Total Time": 0.404, "Actual Max Total Time": 0.404, "Recheck Cond": "(id = ci.movie_id)", "Rows Removed by Index Recheck": 0, "Exact Heap Blocks": 62, "Lossy Heap Blocks": 62, "Plans": [{"Node Type": "Bitmap Index Scan", "Parent Relationship": "Outer", "Index Name": "title_pkey", "Startup Cost": 0.0, "Total Cost": 0.64, "Plan Rows": 1, "Plan Width": 0, "Actual Min Startup Time": 0.236, "Actual Max Startup Time": 0.236, "Actual Min Total Time": 0.236, "Actual Max Total Time": 0.236, "Index Cond": "(id = ci.movie_id)", "Actual Rows": 62}], "Actual Rows": 62}], "Actual Rows": 62}], "Actual Rows": 1}, "Triggers": [], "Planner Runtime": 16, "Total Runtime": 581.526, "Unique SQL Id": 3544391839}}, "(64, 115)": {"explain_plan": {"Plan": {"Node Type": "Aggregate", "Strategy": "Plain", "Startup Cost": 166618.15, "Total Cost": 166618.16, "Plan Rows": 1, "Plan Width": 97, "Plans": [{"Node Type": "Nested Loop", "Parent Relationship": "Outer", "Join Type": "Inner", "Startup Cost": 2795.56, "Total Cost": 166618.09, "Plan Rows": 12, "Plan Width": 33, "Inner Unique": false, "Join Filter": "(n1.id = an1.person_id)", "Plans": [{"Node Type": "Nested Loop", "Parent Relationship": "Outer", "Join Type": "Inner", "Startup Cost": 2795.18, "Total Cost": 166274.44, "Plan Rows": 78, "Plan Width": 25, "Inner Unique": true, "Plans": [{"Node Type": "Nested Loop", "Parent Relationship": "Outer", "Join Type": "Inner", "Startup Cost": 2794.28, "Total Cost": 163651.8, "Plan Rows": 532, "Plan Width": 21, "Inner Unique": false, "Join Filter": "(ci.role_id = rt.id)", "Plans": [{"Node Type": "Bitmap Heap Scan", "Parent Relationship": "Outer", "Relation Name": "role_type", "Alias": "rt", "Startup Cost": 8.31, "Total Cost": 12.46, "Plan Rows": 1, "Plan Width": 4, "Filter": "((role)::text = 'actress'::text)", "Plans": [{"Node Type": "Bitmap Index Scan", "Parent Relationship": "Outer", "Index Name": "role_type_pkey", "Startup Cost": 0.0, "Total Cost": 8.31, "Plan Rows": 12, "Plan Width": 0}]}, {"Node Type": "Nested Loop", "Parent Relationship": "Inner", "Join Type": "Inner", "Startup Cost": 2785.97, "Total Cost": 163566.25, "Plan Rows": 5847, "Plan Width": 25, "Inner Unique": false, "Plans": [{"Node Type": "Nested Loop", "Parent Relationship": "Outer", "Join Type": "Inner", "Startup Cost": 2785.45, "Total Cost": 136908.44, "Plan Rows": 5775, "Plan Width": 25, "Inner Unique": true, "Plans": [{"Node Type": "Nested Loop", "Parent Relationship": "Outer", "Join Type": "Inner", "Startup Cost": 2784.18, "Total Cost": 106322.09, "Plan Rows": 5775, "Plan Width": 4, "Inner Unique": false, "Plans": [{"Node Type": "Bitmap Heap Scan", "Parent Relationship": "Outer", "Relation Name": "company_name", "Alias": "cn", "Startup Cost": 2780.8, "Total Cost": 8684.25, "Plan Rows": 6290, "Plan Width": 4, "Filter": "((country_code)::text = '[jp]'::text)", "Plans": [{"Node Type": "Bitmap Index Scan", "Parent Relationship": "Outer", "Index Name": "company_name_pkey", "Startup Cost": 0.0, "Total Cost": 2779.23, "Plan Rows": 234996, "Plan Width": 0}]}, {"Node Type": "Bitmap Heap Scan", "Parent Relationship": "Inner", "Relation Name": "movie_companies", "Alias": "mc", "Startup Cost": 3.37, "Total Cost": 15.51, "Plan Rows": 1, "Plan Width": 8, "Recheck Cond": "(company_id = cn.id)", "Filter": "(((note)::text ~~ '%(Japan)%'::text) AND ((note)::text !~~ '%(USA)%'::text))", "Plans": [{"Node Type": "Bitmap Index Scan", "Parent Relationship": "Outer", "Index Name": "company_id_movie_companies", "Startup Cost": 0.0, "Total Cost": 3.37, "Plan Rows": 15, "Plan Width": 0, "Index Cond": "(company_id = cn.id)"}]}]}, {"Node Type": "Bitmap Heap Scan", "Parent Relationship": "Inner", "Relation Name": "title", "Alias": "t", "Startup Cost": 1.27, "Total Cost": 5.29, "Plan Rows": 1, "Plan Width": 21, "Recheck Cond": "(id = mc.movie_id)", "Plans": [{"Node Type": "Bitmap Index Scan", "Parent Relationship": "Outer", "Index Name": "title_pkey", "Startup Cost": 0.0, "Total Cost": 1.27, "Plan Rows": 1, "Plan Width": 0, "Index Cond": "(id = mc.movie_id)"}]}]}, {"Node Type": "Bitmap Heap Scan", "Parent Relationship": "Inner", "Relation Name": "cast_info", "Alias": "ci", "Startup Cost": 0.52, "Total Cost": 4.61, "Plan Rows": 1, "Plan Width": 12, "Recheck Cond": "(movie_id = t.id)", "Filter": "((note)::text = '(voice: English version)'::text)", "Plans": [{"Node Type": "Bitmap Index Scan", "Parent Relationship": "Outer", "Index Name": "movie_id_cast_info", "Startup Cost": 0.0, "Total Cost": 0.52, "Plan Rows": 6, "Plan Width": 0, "Index Cond": "(movie_id = t.id)"}]}]}]}, {"Node Type": "Bitmap Heap Scan", "Parent Relationship": "Inner", "Relation Name": "name", "Alias": "n1", "Startup Cost": 0.9, "Total Cost": 4.92, "Plan Rows": 1, "Plan Width": 4, "Recheck Cond": "(id = ci.person_id)", "Filter": "(((name)::text ~~ '%Yo%'::text) AND ((name)::text !~~ '%Yu%'::text))", "Plans": [{"Node Type": "Bitmap Index Scan", "Parent Relationship": "Outer", "Index Name": "name_pkey", "Startup Cost": 0.0, "Total Cost": 0.9, "Plan Rows": 1, "Plan Width": 0, "Index Cond": "(id = ci.person_id)"}]}]}, {"Node Type": "Bitmap Heap Scan", "Parent Relationship": "Inner", "Relation Name": "aka_name", "Alias": "an1", "Startup Cost": 0.38, "Total Cost": 4.39, "Plan Rows": 1, "Plan Width": 20, "Recheck Cond": "(person_id = ci.person_id)", "Plans": [{"Node Type": "Bitmap Index Scan", "Parent Relationship": "Outer", "Index Name": "person_id_aka_name", "Startup Cost": 0.0, "Total Cost": 0.38, "Plan Rows": 1, "Plan Width": 0, "Index Cond": "(person_id = ci.person_id)"}]}]}]}, "Unique SQL Id": 3544391839, "Planner Runtime": 8}, "explain_analyze_plan": {"Plan": {"Node Type": "Aggregate", "Strategy": "Plain", "Startup Cost": 166618.15, "Total Cost": 166618.16, "Plan Rows": 1, "Plan Width": 97, "Actual Startup Time": 4635.618, "Actual Total Time": 4635.618, "Actual Rows": 1, "Actual Loops": 1, "Plans": [{"Node Type": "Nested Loop", "Parent Relationship": "Outer", "Join Type": "Inner", "Startup Cost": 2795.56, "Total Cost": 166618.09, "Plan Rows": 12, "Plan Width": 33, "Actual Startup Time": 357.9, "Actual Total Time": 4635.287, "Actual Rows": 62, "Actual Loops": 1, "Inner Unique": false, "Join Filter": "(n1.id = an1.person_id)", "Rows Removed by Join Filter": 0, "Plans": [{"Node Type": "Nested Loop", "Parent Relationship": "Outer", "Join Type": "Inner", "Startup Cost": 2795.18, "Total Cost": 166274.44, "Plan Rows": 78, "Plan Width": 25, "Actual Startup Time": 357.85, "Actual Total Time": 4634.45, "Actual Rows": 38, "Actual Loops": 1, "Inner Unique": true, "Plans": [{"Node Type": "Nested Loop", "Parent Relationship": "Outer", "Join Type": "Inner", "Startup Cost": 2794.28, "Total Cost": 163651.8, "Plan Rows": 532, "Plan Width": 21, "Actual Startup Time": 23.596, "Actual Total Time": 4573.458, "Actual Rows": 7438, "Actual Loops": 1, "Inner Unique": false, "Join Filter": "(ci.role_id = rt.id)", "Rows Removed by Join Filter": 12162, "Plans": [{"Node Type": "Bitmap Heap Scan", "Parent Relationship": "Outer", "Relation Name": "role_type", "Alias": "rt", "Startup Cost": 8.31, "Total Cost": 12.46, "Plan Rows": 1, "Plan Width": 4, "Actual Startup Time": 0.036, "Actual Total Time": 0.047, "Actual Rows": 1, "Actual Loops": 1, "Filter": "((role)::text = 'actress'::text)", "Rows Removed by Filter": 11, "Exact Heap Blocks": 1, "Lossy Heap Blocks": 1, "Plans": [{"Node Type": "Bitmap Index Scan", "Parent Relationship": "Outer", "Index Name": "role_type_pkey", "Startup Cost": 0.0, "Total Cost": 8.31, "Plan Rows": 12, "Plan Width": 0, "Actual Startup Time": 0.012, "Actual Total Time": 0.012, "Actual Rows": 12, "Actual Loops": 1}]}, {"Node Type": "Nested Loop", "Parent Relationship": "Inner", "Join Type": "Inner", "Startup Cost": 2785.97, "Total Cost": 163566.25, "Plan Rows": 5847, "Plan Width": 25, "Actual Startup Time": 23.553, "Actual Total Time": 4567.856, "Actual Rows": 19600, "Actual Loops": 1, "Inner Unique": false, "Plans": [{"Node Type": "Nested Loop", "Parent Relationship": "Outer", "Join Type": "Inner", "Startup Cost": 2785.45, "Total Cost": 136908.44, "Plan Rows": 5775, "Plan Width": 25, "Actual Startup Time": 23.457, "Actual Total Time": 851.295, "Actual Rows": 48328, "Actual Loops": 1, "Inner Unique": true, "Plans": [{"Node Type": "Nested Loop", "Parent Relationship": "Outer", "Join Type": "Inner", "Startup Cost": 2784.18, "Total Cost": 106322.09, "Plan Rows": 5775, "Plan Width": 4, "Actual Startup Time": 23.437, "Actual Total Time": 432.916, "Actual Rows": 48328, "Actual Loops": 1, "Inner Unique": false, "Plans": [{"Node Type": "Bitmap Heap Scan", "Parent Relationship": "Outer", "Relation Name": "company_name", "Alias": "cn", "Startup Cost": 2780.8, "Total Cost": 8684.25, "Plan Rows": 6290, "Plan Width": 4, "Actual Startup Time": 23.37, "Actual Total Time": 149.455, "Actual Rows": 6752, "Actual Loops": 1, "Filter": "((country_code)::text = '[jp]'::text)", "Rows Removed by Filter": 228244, "Exact Heap Blocks": 2966, "Lossy Heap Blocks": 2966, "Plans": [{"Node Type": "Bitmap Index Scan", "Parent Relationship": "Outer", "Index Name": "company_name_pkey", "Startup Cost": 0.0, "Total Cost": 2779.23, "Plan Rows": 234996, "Plan Width": 0, "Actual Startup Time": 22.886, "Actual Total Time": 22.886, "Actual Rows": 234996, "Actual Loops": 1}]}, {"Node Type": "Bitmap Heap Scan", "Parent Relationship": "Inner", "Relation Name": "movie_companies", "Alias": "mc", "Startup Cost": 3.37, "Total Cost": 15.51, "Plan Rows": 1, "Plan Width": 8, "Actual Startup Time": 94.122, "Actual Total Time": 260.989, "Actual Rows": 48328, "Actual Loops": 6752, "Recheck Cond": "(company_id = cn.id)", "Rows Removed by Index Recheck": 0, "Filter": "(((note)::text ~~ '%(Japan)%'::text) AND ((note)::text !~~ '%(USA)%'::text))", "Rows Removed by Filter": 56667, "Exact Heap Blocks": 61861, "Lossy Heap Blocks": 61861, "Plans": [{"Node Type": "Bitmap Index Scan", "Parent Relationship": "Outer", "Index Name": "company_id_movie_companies", "Startup Cost": 0.0, "Total Cost": 3.37, "Plan Rows": 15, "Plan Width": 0, "Actual Startup Time": 49.399, "Actual Total Time": 49.399, "Actual Rows": 104995, "Actual Loops": 6752, "Index Cond": "(company_id = cn.id)"}]}]}, {"Node Type": "Bitmap Heap Scan", "Parent Relationship": "Inner", "Relation Name": "title", "Alias": "t", "Startup Cost": 1.27, "Total Cost": 5.29, "Plan Rows": 1, "Plan Width": 21, "Actual Startup Time": 341.617, "Actual Total Time": 341.617, "Actual Rows": 48328, "Actual Loops": 48328, "Recheck Cond": "(id = mc.movie_id)", "Rows Removed by Index Recheck": 0, "Exact Heap Blocks": 48328, "Lossy Heap Blocks": 48328, "Plans": [{"Node Type": "Bitmap Index Scan", "Parent Relationship": "Outer", "Index Name": "title_pkey", "Startup Cost": 0.0, "Total Cost": 1.27, "Plan Rows": 1, "Plan Width": 0, "Actual Startup Time": 201.901, "Actual Total Time": 201.901, "Actual Rows": 48328, "Actual Loops": 48328, "Index Cond": "(id = mc.movie_id)"}]}]}, {"Node Type": "Bitmap Heap Scan", "Parent Relationship": "Inner", "Relation Name": "cast_info", "Alias": "ci", "Startup Cost": 0.52, "Total Cost": 4.61, "Plan Rows": 1, "Plan Width": 12, "Actual Startup Time": 3496.655, "Actual Total Time": 3643.626, "Actual Rows": 19600, "Actual Loops": 48328, "Recheck Cond": "(movie_id = t.id)", "Rows Removed by Index Recheck": 0, "Filter": "((note)::text = '(voice: English version)'::text)", "Rows Removed by Filter": 1531710, "Exact Heap Blocks": 1503105, "Lossy Heap Blocks": 1503105, "Plans": [{"Node Type": "Bitmap Index Scan", "Parent Relationship": "Outer", "Index Name": "movie_id_cast_info", "Startup Cost": 0.0, "Total Cost": 0.52, "Plan Rows": 6, "Plan Width": 0, "Actual Startup Time": 537.902, "Actual Total Time": 537.902, "Actual Rows": 1551310, "Actual Loops": 48328, "Index Cond": "(movie_id = t.id)"}]}]}]}, {"Node Type": "Bitmap Heap Scan", "Parent Relationship": "Inner", "Relation Name": "name", "Alias": "n1", "Startup Cost": 0.9, "Total Cost": 4.92, "Plan Rows": 1, "Plan Width": 4, "Actual Startup Time": 51.239, "Actual Total Time": 51.239, "Actual Rows": 38, "Actual Loops": 7438, "Recheck Cond": "(id = ci.person_id)", "Rows Removed by Index Recheck": 0, "Filter": "(((name)::text ~~ '%Yo%'::text) AND ((name)::text !~~ '%Yu%'::text))", "Rows Removed by Filter": 7400, "Exact Heap Blocks": 7438, "Lossy Heap Blocks": 7438, "Plans": [{"Node Type": "Bitmap Index Scan", "Parent Relationship": "Outer", "Index Name": "name_pkey", "Startup Cost": 0.0, "Total Cost": 0.9, "Plan Rows": 1, "Plan Width": 0, "Actual Startup Time": 30.418, "Actual Total Time": 30.418, "Actual Rows": 7438, "Actual Loops": 7438, "Index Cond": "(id = ci.person_id)"}]}]}, {"Node Type": "Bitmap Heap Scan", "Parent Relationship": "Inner", "Relation Name": "aka_name", "Alias": "an1", "Startup Cost": 0.38, "Total Cost": 4.39, "Plan Rows": 1, "Plan Width": 20, "Actual Startup Time": 0.52, "Actual Total Time": 0.552, "Actual Rows": 62, "Actual Loops": 38, "Recheck Cond": "(person_id = ci.person_id)", "Rows Removed by Index Recheck": 0, "Exact Heap Blocks": 43, "Lossy Heap Blocks": 43, "Plans": [{"Node Type": "Bitmap Index Scan", "Parent Relationship": "Outer", "Index Name": "person_id_aka_name", "Startup Cost": 0.0, "Total Cost": 0.38, "Plan Rows": 1, "Plan Width": 0, "Actual Startup Time": 0.316, "Actual Total Time": 0.316, "Actual Rows": 62, "Actual Loops": 38, "Index Cond": "(person_id = ci.person_id)"}]}]}]}, "Triggers": [], "Planner Runtime": 8, "Total Runtime": 4636.066, "Unique SQL Id": 3544391839}}, "(64, 116)": {"explain_plan": {"Plan": {"Node Type": "Aggregate", "Strategy": "Plain", "Startup Cost": 91981.82, "Total Cost": 91981.83, "Plan Rows": 1, "Plan Width": 97, "Plans": [{"Node Type": "Nested Loop", "Parent Relationship": "Outer", "Join Type": "Inner", "Startup Cost": 0.0, "Total Cost": 91981.76, "Plan Rows": 12, "Plan Width": 33, "Inner Unique": true, "Plans": [{"Node Type": "Nested Loop", "Parent Relationship": "Outer", "Join Type": "Inner", "Startup Cost": 0.0, "Total Cost": 91956.53, "Plan Rows": 12, "Plan Width": 24, "Inner Unique": true, "Plans": [{"Node Type": "Nested Loop", "Parent Relationship": "Outer", "Join Type": "Inner", "Startup Cost": 0.0, "Total Cost": 91580.99, "Plan Rows": 645, "Plan Width": 32, "Inner Unique": false, "Plans": [{"Node Type": "Nested Loop", "Parent Relationship": "Outer", "Join Type": "Inner", "Startup Cost": 0.0, "Total Cost": 91126.78, "Plan Rows": 532, "Plan Width": 12, "Inner Unique": true, "Plans": [{"Node Type": "Nested Loop", "Parent Relationship": "Outer", "Join Type": "Inner", "Startup Cost": 0.0, "Total Cost": 88949.62, "Plan Rows": 3338, "Plan Width": 16, "Inner Unique": false, "Plans": [{"Node Type": "Nested Loop", "Parent Relationship": "Outer", "Join Type": "Inner", "Startup Cost": 0.0, "Total Cost": 77025.27, "Plan Rows": 8790, "Plan Width": 8, "Inner Unique": false, "Join Filter": "(ci.role_id = rt.id)", "Plans": [{"Node Type": "Seq Scan", "Parent Relationship": "Outer", "Relation Name": "role_type", "Alias": "rt", "Startup Cost": 0.0, "Total Cost": 1.15, "Plan Rows": 1, "Plan Width": 4, "Filter": "((role)::text = 'actress'::text)"}, {"Node Type": "Materialize", "Parent Relationship": "Inner", "Startup Cost": 0.0, "Total Cost": 76057.2, "Plan Rows": 96692, "Plan Width": 12, "Plans": [{"Node Type": "Streaming(type: LOCAL GATHER dop: 1/64)", "Parent Relationship": "Outer", "Startup Cost": 0.0, "Total Cost": 75815.47, "Plan Rows": 96692, "Plan Width": 12, "Plans": [{"Node Type": "Seq Scan", "Parent Relationship": "Outer", "Relation Name": "cast_info", "Alias": "ci", "Startup Cost": 0.0, "Total Cost": 73820.73, "Plan Rows": 96692, "Plan Width": 12, "Filter": "((note)::text = '(voice: English version)'::text)"}]}]}]}, {"Node Type": "Index Scan", "Parent Relationship": "Inner", "Scan Direction": "Forward", "Index Name": "movie_id_movie_companies", "Relation Name": "movie_companies", "Alias": "mc", "Startup Cost": 0.0, "Total Cost": 1.35, "Plan Rows": 1, "Plan Width": 8, "Index Cond": "(movie_id = ci.movie_id)", "Filter": "(((note)::text ~~ '%(Japan)%'::text) AND ((note)::text !~~ '%(USA)%'::text))"}]}, {"Node Type": "Index Scan", "Parent Relationship": "Inner", "Scan Direction": "Forward", "Index Name": "company_name_pkey", "Relation Name": "company_name", "Alias": "cn", "Startup Cost": 0.0, "Total Cost": 0.64, "Plan Rows": 1, "Plan Width": 4, "Index Cond": "(id = mc.company_id)", "Filter": "((country_code)::text = '[jp]'::text)"}]}, {"Node Type": "Index Scan", "Parent Relationship": "Inner", "Scan Direction": "Forward", "Index Name": "person_id_aka_name", "Relation Name": "aka_name", "Alias": "an1", "Startup Cost": 0.0, "Total Cost": 0.84, "Plan Rows": 1, "Plan Width": 20, "Index Cond": "(person_id = ci.person_id)"}]}, {"Node Type": "Index Scan", "Parent Relationship": "Inner", "Scan Direction": "Forward", "Index Name": "name_pkey", "Relation Name": "name", "Alias": "n1", "Startup Cost": 0.0, "Total Cost": 0.57, "Plan Rows": 1, "Plan Width": 4, "Index Cond": "(id = an1.person_id)", "Filter": "(((name)::text ~~ '%Yo%'::text) AND ((name)::text !~~ '%Yu%'::text))"}]}, {"Node Type": "Index Scan", "Parent Relationship": "Inner", "Scan Direction": "Forward", "Index Name": "title_pkey", "Relation Name": "title", "Alias": "t", "Startup Cost": 0.0, "Total Cost": 2.09, "Plan Rows": 1, "Plan Width": 21, "Index Cond": "(id = ci.movie_id)"}]}]}, "Unique SQL Id": 3544391839, "Planner Runtime": 7}, "explain_analyze_plan": {"Plan": {"Node Type": "Aggregate", "Strategy": "Plain", "Startup Cost": 91981.82, "Total Cost": 91981.83, "Plan Rows": 1, "Plan Width": 97, "Actual Min Startup Time": 727.946, "Actual Max Startup Time": 727.946, "Actual Min Total Time": 727.946, "Actual Max Total Time": 727.946, "Plans": [{"Node Type": "Nested Loop", "Parent Relationship": "Outer", "Join Type": "Inner", "Startup Cost": 0.0, "Total Cost": 91981.76, "Plan Rows": 12, "Plan Width": 33, "Actual Min Startup Time": 684.34, "Actual Max Startup Time": 684.34, "Actual Min Total Time": 727.861, "Actual Max Total Time": 727.861, "Inner Unique": true, "Plans": [{"Node Type": "Nested Loop", "Parent Relationship": "Outer", "Join Type": "Inner", "Startup Cost": 0.0, "Total Cost": 91956.53, "Plan Rows": 12, "Plan Width": 24, "Actual Min Startup Time": 684.319, "Actual Max Startup Time": 684.319, "Actual Min Total Time": 727.49, "Actual Max Total Time": 727.49, "Inner Unique": true, "Plans": [{"Node Type": "Nested Loop", "Parent Relationship": "Outer", "Join Type": "Inner", "Startup Cost": 0.0, "Total Cost": 91580.99, "Plan Rows": 645, "Plan Width": 32, "Actual Min Startup Time": 393.381, "Actual Max Startup Time": 393.381, "Actual Min Total Time": 661.887, "Actual Max Total Time": 661.887, "Inner Unique": false, "Plans": [{"Node Type": "Nested Loop", "Parent Relationship": "Outer", "Join Type": "Inner", "Startup Cost": 0.0, "Total Cost": 91126.78, "Plan Rows": 532, "Plan Width": 12, "Actual Min Startup Time": 393.36, "Actual Max Startup Time": 393.36, "Actual Min Total Time": 623.917, "Actual Max Total Time": 623.917, "Inner Unique": true, "Plans": [{"Node Type": "Nested Loop", "Parent Relationship": "Outer", "Join Type": "Inner", "Startup Cost": 0.0, "Total Cost": 88949.62, "Plan Rows": 3338, "Plan Width": 16, "Actual Min Startup Time": 393.337, "Actual Max Startup Time": 393.337, "Actual Min Total Time": 591.004, "Actual Max Total Time": 591.004, "Inner Unique": false, "Plans": [{"Node Type": "Nested Loop", "Parent Relationship": "Outer", "Join Type": "Inner", "Startup Cost": 0.0, "Total Cost": 77025.27, "Plan Rows": 8790, "Plan Width": 8, "Actual Min Startup Time": 392.138, "Actual Max Startup Time": 392.138, "Actual Min Total Time": 429.56, "Actual Max Total Time": 429.56, "Inner Unique": false, "Join Filter": "(ci.role_id = rt.id)", "Rows Removed by Join Filter": 58247, "Plans": [{"Node Type": "Seq Scan", "Parent Relationship": "Outer", "Relation Name": "role_type", "Alias": "rt", "Startup Cost": 0.0, "Total Cost": 1.15, "Plan Rows": 1, "Plan Width": 4, "Actual Min Startup Time": 0.056, "Actual Max Startup Time": 0.056, "Actual Min Total Time": 0.065, "Actual Max Total Time": 0.065, "Filter": "((role)::text = 'actress'::text)", "Rows Removed by Filter": 11, "Actual Rows": 1}, {"Node Type": "Materialize", "Parent Relationship": "Inner", "Startup Cost": 0.0, "Total Cost": 76057.2, "Plan Rows": 96692, "Plan Width": 12, "Actual Min Startup Time": 390.156, "Actual Max Startup Time": 390.156, "Actual Min Total Time": 401.745, "Actual Max Total Time": 401.745, "Plans": [{"Node Type": "Streaming(type: LOCAL GATHER dop: 1/64)", "Parent Relationship": "Outer", "Startup Cost": 0.0, "Total Cost": 75815.47, "Plan Rows": 96692, "Plan Width": 12, "Actual Min Startup Time": 151.94, "Actual Max Startup Time": 151.94, "Actual Min Total Time": 375.144, "Actual Max Total Time": 375.144, "Plans": [{"Node Type": "Seq Scan", "Parent Relationship": "Outer", "Relation Name": "cast_info", "Alias": "ci", "Startup Cost": 0.0, "Total Cost": 73820.73, "Plan Rows": 96692, "Plan Width": 12, "Actual Min Startup Time": 0.034, "Actual Max Startup Time": 2.876, "Actual Min Total Time": 153.567, "Actual Max Total Time": 165.265, "Filter": "((note)::text = '(voice: English version)'::text)", "Rows Removed by Filter": 36151248, "Actual Rows": 93095}], "Actual Rows": 93095}], "Actual Rows": 93096}], "Actual Rows": 34848}, {"Node Type": "Index Scan", "Parent Relationship": "Inner", "Scan Direction": "Forward", "Index Name": "movie_id_movie_companies", "Relation Name": "movie_companies", "Alias": "mc", "Startup Cost": 0.0, "Total Cost": 1.35, "Plan Rows": 1, "Plan Width": 8, "Actual Min Startup Time": 124.111, "Actual Max Startup Time": 124.111, "Actual Min Total Time": 142.799, "Actual Max Total Time": 142.799, "Index Cond": "(movie_id = ci.movie_id)", "Rows Removed by Index Recheck": 0, "Filter": "(((note)::text ~~ '%(Japan)%'::text) AND ((note)::text !~~ '%(USA)%'::text))", "Rows Removed by Filter": 53432, "Actual Rows": 7532}], "Actual Rows": 7532}, {"Node Type": "Index Scan", "Parent Relationship": "Inner", "Scan Direction": "Forward", "Index Name": "company_name_pkey", "Relation Name": "company_name", "Alias": "cn", "Startup Cost": 0.0, "Total Cost": 0.64, "Plan Rows": 1, "Plan Width": 4, "Actual Min Startup Time": 26.522, "Actual Max Startup Time": 26.522, "Actual Min Total Time": 26.522, "Actual Max Total Time": 26.522, "Index Cond": "(id = mc.company_id)", "Rows Removed by Index Recheck": 0, "Filter": "((country_code)::text = '[jp]'::text)", "Rows Removed by Filter": 94, "Actual Rows": 7438}], "Actual Rows": 7438}, {"Node Type": "Index Scan", "Parent Relationship": "Inner", "Scan Direction": "Forward", "Index Name": "person_id_aka_name", "Relation Name": "aka_name", "Alias": "an1", "Startup Cost": 0.0, "Total Cost": 0.84, "Plan Rows": 1, "Plan Width": 20, "Actual Min Startup Time": 22.866, "Actual Max Startup Time": 22.866, "Actual Min Total Time": 29.837, "Actual Max Total Time": 29.837, "Index Cond": "(person_id = ci.person_id)", "Rows Removed by Index Recheck": 0, "Actual Rows": 17379}], "Actual Rows": 17379}, {"Node Type": "Index Scan", "Parent Relationship": "Inner", "Scan Direction": "Forward", "Index Name": "name_pkey", "Relation Name": "name", "Alias": "n1", "Startup Cost": 0.0, "Total Cost": 0.57, "Plan Rows": 1, "Plan Width": 4, "Actual Min Startup Time": 57.321, "Actual Max Startup Time": 57.321, "Actual Min Total Time": 57.321, "Actual Max Total Time": 57.321, "Index Cond": "(id = an1.person_id)", "Rows Removed by Index Recheck": 0, "Filter": "(((name)::text ~~ '%Yo%'::text) AND ((name)::text !~~ '%Yu%'::text))", "Rows Removed by Filter": 17317, "Actual Rows": 62}], "Actual Rows": 62}, {"Node Type": "Index Scan", "Parent Relationship": "Inner", "Scan Direction": "Forward", "Index Name": "title_pkey", "Relation Name": "title", "Alias": "t", "Startup Cost": 0.0, "Total Cost": 2.09, "Plan Rows": 1, "Plan Width": 21, "Actual Min Startup Time": 0.302, "Actual Max Startup Time": 0.302, "Actual Min Total Time": 0.302, "Actual Max Total Time": 0.302, "Index Cond": "(id = ci.movie_id)", "Rows Removed by Index Recheck": 0, "Actual Rows": 62}], "Actual Rows": 62}], "Actual Rows": 1}, "Triggers": [], "Planner Runtime": 7, "Total Runtime": 740.907, "Unique SQL Id": 3544391839}}, "(64, 117)": {"explain_plan": {"Plan": {"Node Type": "Aggregate", "Strategy": "Plain", "Startup Cost": 109007.69, "Total Cost": 109007.7, "Plan Rows": 1, "Plan Width": 97, "Plans": [{"Node Type": "Nested Loop", "Parent Relationship": "Outer", "Join Type": "Inner", "Startup Cost": 2780.8, "Total Cost": 109007.63, "Plan Rows": 12, "Plan Width": 33, "Inner Unique": true, "Plans": [{"Node Type": "Nested Loop", "Parent Relationship": "Outer", "Join Type": "Inner", "Startup Cost": 2780.8, "Total Cost": 108632.09, "Plan Rows": 645, "Plan Width": 41, "Inner Unique": false, "Plans": [{"Node Type": "Nested Loop", "Parent Relationship": "Outer", "Join Type": "Inner", "Startup Cost": 2780.8, "Total Cost": 108177.88, "Plan Rows": 532, "Plan Width": 21, "Inner Unique": false, "Join Filter": "(ci.role_id = rt.id)", "Plans": [{"Node Type": "Index Scan", "Parent Relationship": "Outer", "Scan Direction": "Forward", "Index Name": "role_type_pkey", "Relation Name": "role_type", "Alias": "rt", "Startup Cost": 0.0, "Total Cost": 12.46, "Plan Rows": 1, "Plan Width": 4, "Filter": "((role)::text = 'actress'::text)"}, {"Node Type": "Nested Loop", "Parent Relationship": "Inner", "Join Type": "Inner", "Startup Cost": 2780.8, "Total Cost": 108092.33, "Plan Rows": 5847, "Plan Width": 25, "Inner Unique": false, "Plans": [{"Node Type": "Nested Loop", "Parent Relationship": "Outer", "Join Type": "Inner", "Startup Cost": 2780.8, "Total Cost": 102349.74, "Plan Rows": 5775, "Plan Width": 25, "Inner Unique": true, "Plans": [{"Node Type": "Nested Loop", "Parent Relationship": "Outer", "Join Type": "Inner", "Startup Cost": 2780.8, "Total Cost": 79702.64, "Plan Rows": 5775, "Plan Width": 4, "Inner Unique": false, "Plans": [{"Node Type": "Bitmap Heap Scan", "Parent Relationship": "Outer", "Relation Name": "company_name", "Alias": "cn", "Startup Cost": 2780.8, "Total Cost": 8684.25, "Plan Rows": 6290, "Plan Width": 4, "Filter": "((country_code)::text = '[jp]'::text)", "Plans": [{"Node Type": "Bitmap Index Scan", "Parent Relationship": "Outer", "Index Name": "company_name_pkey", "Startup Cost": 0.0, "Total Cost": 2779.23, "Plan Rows": 234996, "Plan Width": 0}]}, {"Node Type": "Index Scan", "Parent Relationship": "Inner", "Scan Direction": "Forward", "Index Name": "company_id_movie_companies", "Relation Name": "movie_companies", "Alias": "mc", "Startup Cost": 0.0, "Total Cost": 11.28, "Plan Rows": 1, "Plan Width": 8, "Index Cond": "(company_id = cn.id)", "Filter": "(((note)::text ~~ '%(Japan)%'::text) AND ((note)::text !~~ '%(USA)%'::text))"}]}, {"Node Type": "Index Scan", "Parent Relationship": "Inner", "Scan Direction": "Forward", "Index Name": "title_pkey", "Relation Name": "title", "Alias": "t", "Startup Cost": 0.0, "Total Cost": 3.91, "Plan Rows": 1, "Plan Width": 21, "Index Cond": "(id = mc.movie_id)"}]}, {"Node Type": "Index Scan", "Parent Relationship": "Inner", "Scan Direction": "Forward", "Index Name": "movie_id_cast_info", "Relation Name": "cast_info", "Alias": "ci", "Startup Cost": 0.0, "Total Cost": 0.98, "Plan Rows": 1, "Plan Width": 12, "Index Cond": "(movie_id = t.id)", "Filter": "((note)::text = '(voice: English version)'::text)"}]}]}, {"Node Type": "Index Scan", "Parent Relationship": "Inner", "Scan Direction": "Forward", "Index Name": "person_id_aka_name", "Relation Name": "aka_name", "Alias": "an1", "Startup Cost": 0.0, "Total Cost": 0.84, "Plan Rows": 1, "Plan Width": 20, "Index Cond": "(person_id = ci.person_id)"}]}, {"Node Type": "Index Scan", "Parent Relationship": "Inner", "Scan Direction": "Forward", "Index Name": "name_pkey", "Relation Name": "name", "Alias": "n1", "Startup Cost": 0.0, "Total Cost": 0.57, "Plan Rows": 1, "Plan Width": 4, "Index Cond": "(id = an1.person_id)", "Filter": "(((name)::text ~~ '%Yo%'::text) AND ((name)::text !~~ '%Yu%'::text))"}]}]}, "Unique SQL Id": 3544391839, "Planner Runtime": 6}, "explain_analyze_plan": {"Plan": {"Node Type": "Aggregate", "Strategy": "Plain", "Startup Cost": 109007.69, "Total Cost": 109007.7, "Plan Rows": 1, "Plan Width": 97, "Actual Startup Time": 3922.823, "Actual Total Time": 3922.824, "Actual Rows": 1, "Actual Loops": 1, "Plans": [{"Node Type": "Nested Loop", "Parent Relationship": "Outer", "Join Type": "Inner", "Startup Cost": 2780.8, "Total Cost": 109007.63, "Plan Rows": 12, "Plan Width": 33, "Actual Startup Time": 314.814, "Actual Total Time": 3922.514, "Actual Rows": 62, "Actual Loops": 1, "Inner Unique": true, "Plans": [{"Node Type": "Nested Loop", "Parent Relationship": "Outer", "Join Type": "Inner", "Startup Cost": 2780.8, "Total Cost": 108632.09, "Plan Rows": 645, "Plan Width": 41, "Actual Startup Time": 22.215, "Actual Total Time": 3845.016, "Actual Rows": 17379, "Actual Loops": 1, "Inner Unique": false, "Plans": [{"Node Type": "Nested Loop", "Parent Relationship": "Outer", "Join Type": "Inner", "Startup Cost": 2780.8, "Total Cost": 108177.88, "Plan Rows": 532, "Plan Width": 21, "Actual Startup Time": 22.197, "Actual Total Time": 3792.598, "Actual Rows": 7438, "Actual Loops": 1, "Inner Unique": false, "Join Filter": "(ci.role_id = rt.id)", "Rows Removed by Join Filter": 12162, "Plans": [{"Node Type": "Index Scan", "Parent Relationship": "Outer", "Scan Direction": "Forward", "Index Name": "role_type_pkey", "Relation Name": "role_type", "Alias": "rt", "Startup Cost": 0.0, "Total Cost": 12.46, "Plan Rows": 1, "Plan Width": 4, "Actual Startup Time": 0.042, "Actual Total Time": 0.056, "Actual Rows": 1, "Actual Loops": 1, "Filter": "((role)::text = 'actress'::text)", "Rows Removed by Filter": 11}, {"Node Type": "Nested Loop", "Parent Relationship": "Inner", "Join Type": "Inner", "Startup Cost": 2780.8, "Total Cost": 108092.33, "Plan Rows": 5847, "Plan Width": 25, "Actual Startup Time": 22.147, "Actual Total Time": 3787.147, "Actual Rows": 19600, "Actual Loops": 1, "Inner Unique": false, "Plans": [{"Node Type": "Nested Loop", "Parent Relationship": "Outer", "Join Type": "Inner", "Startup Cost": 2780.8, "Total Cost": 102349.74, "Plan Rows": 5775, "Plan Width": 25, "Actual Startup Time": 22.063, "Actual Total Time": 716.483, "Actual Rows": 48328, "Actual Loops": 1, "Inner Unique": true, "Plans": [{"Node Type": "Nested Loop", "Parent Relationship": "Outer", "Join Type": "Inner", "Startup Cost": 2780.8, "Total Cost": 79702.64, "Plan Rows": 5775, "Plan Width": 4, "Actual Startup Time": 22.045, "Actual Total Time": 388.074, "Actual Rows": 48328, "Actual Loops": 1, "Inner Unique": false, "Plans": [{"Node Type": "Bitmap Heap Scan", "Parent Relationship": "Outer", "Relation Name": "company_name", "Alias": "cn", "Startup Cost": 2780.8, "Total Cost": 8684.25, "Plan Rows": 6290, "Plan Width": 4, "Actual Startup Time": 21.999, "Actual Total Time": 147.353, "Actual Rows": 6752, "Actual Loops": 1, "Filter": "((country_code)::text = '[jp]'::text)", "Rows Removed by Filter": 228244, "Exact Heap Blocks": 2966, "Lossy Heap Blocks": 2966, "Plans": [{"Node Type": "Bitmap Index Scan", "Parent Relationship": "Outer", "Index Name": "company_name_pkey", "Startup Cost": 0.0, "Total Cost": 2779.23, "Plan Rows": 234996, "Plan Width": 0, "Actual Startup Time": 21.525, "Actual Total Time": 21.525, "Actual Rows": 234996, "Actual Loops": 1}]}, {"Node Type": "Index Scan", "Parent Relationship": "Inner", "Scan Direction": "Forward", "Index Name": "company_id_movie_companies", "Relation Name": "movie_companies", "Alias": "mc", "Startup Cost": 0.0, "Total Cost": 11.28, "Plan Rows": 1, "Plan Width": 8, "Actual Startup Time": 62.414, "Actual Total Time": 224.565, "Actual Rows": 48328, "Actual Loops": 6752, "Index Cond": "(company_id = cn.id)", "Rows Removed by Index Recheck": 0, "Filter": "(((note)::text ~~ '%(Japan)%'::text) AND ((note)::text !~~ '%(USA)%'::text))", "Rows Removed by Filter": 56667}]}, {"Node Type": "Index Scan", "Parent Relationship": "Inner", "Scan Direction": "Forward", "Index Name": "title_pkey", "Relation Name": "title", "Alias": "t", "Startup Cost": 0.0, "Total Cost": 3.91, "Plan Rows": 1, "Plan Width": 21, "Actual Startup Time": 286.311, "Actual Total Time": 286.311, "Actual Rows": 48328, "Actual Loops": 48328, "Index Cond": "(id = mc.movie_id)", "Rows Removed by Index Recheck": 0}]}, {"Node Type": "Index Scan", "Parent Relationship": "Inner", "Scan Direction": "Forward", "Index Name": "movie_id_cast_info", "Relation Name": "cast_info", "Alias": "ci", "Startup Cost": 0.0, "Total Cost": 0.98, "Plan Rows": 1, "Plan Width": 12, "Actual Startup Time": 2903.218, "Actual Total Time": 3038.314, "Actual Rows": 19600, "Actual Loops": 48328, "Index Cond": "(movie_id = t.id)", "Rows Removed by Index Recheck": 0, "Filter": "((note)::text = '(voice: English version)'::text)", "Rows Removed by Filter": 1531710}]}]}, {"Node Type": "Index Scan", "Parent Relationship": "Inner", "Scan Direction": "Forward", "Index Name": "person_id_aka_name", "Relation Name": "aka_name", "Alias": "an1", "Startup Cost": 0.0, "Total Cost": 0.84, "Plan Rows": 1, "Plan Width": 20, "Actual Startup Time": 34.881, "Actual Total Time": 43.41, "Actual Rows": 17379, "Actual Loops": 7438, "Index Cond": "(person_id = ci.person_id)", "Rows Removed by Index Recheck": 0}]}, {"Node Type": "Index Scan", "Parent Relationship": "Inner", "Scan Direction": "Forward", "Index Name": "name_pkey", "Relation Name": "name", "Alias": "n1", "Startup Cost": 0.0, "Total Cost": 0.57, "Plan Rows": 1, "Plan Width": 4, "Actual Startup Time": 68.589, "Actual Total Time": 68.589, "Actual Rows": 62, "Actual Loops": 17379, "Index Cond": "(id = an1.person_id)", "Rows Removed by Index Recheck": 0, "Filter": "(((name)::text ~~ '%Yo%'::text) AND ((name)::text !~~ '%Yu%'::text))", "Rows Removed by Filter": 17317}]}]}, "Triggers": [], "Planner Runtime": 6, "Total Runtime": 3923.255, "Unique SQL Id": 3544391839}}, "(64, 118)": {"explain_plan": {"Plan": {"Node Type": "Aggregate", "Strategy": "Plain", "Startup Cost": 131407.59, "Total Cost": 131407.6, "Plan Rows": 1, "Plan Width": 97, "Plans": [{"Node Type": "Nested Loop", "Parent Relationship": "Outer", "Join Type": "Inner", "Startup Cost": 2.89, "Total Cost": 131407.53, "Plan Rows": 12, "Plan Width": 33, "Inner Unique": true, "Plans": [{"Node Type": "Nested Loop", "Parent Relationship": "Outer", "Join Type": "Inner", "Startup Cost": 2.25, "Total Cost": 131351.58, "Plan Rows": 12, "Plan Width": 24, "Inner Unique": false, "Join Filter": "(n1.id = an1.person_id)", "Plans": [{"Node Type": "Nested Loop", "Parent Relationship": "Outer", "Join Type": "Inner", "Startup Cost": 1.87, "Total Cost": 131007.92, "Plan Rows": 78, "Plan Width": 16, "Inner Unique": true, "Plans": [{"Node Type": "Nested Loop", "Parent Relationship": "Outer", "Join Type": "Inner", "Startup Cost": 1.56, "Total Cost": 126443.17, "Plan Rows": 1055, "Plan Width": 20, "Inner Unique": false, "Plans": [{"Node Type": "Nested Loop", "Parent Relationship": "Outer", "Join Type": "Inner", "Startup Cost": 0.9, "Total Cost": 120357.96, "Plan Rows": 1293, "Plan Width": 12, "Inner Unique": true, "Plans": [{"Node Type": "Nested Loop", "Parent Relationship": "Outer", "Join Type": "Inner", "Startup Cost": 0.0, "Total Cost": 77025.27, "Plan Rows": 8790, "Plan Width": 8, "Inner Unique": false, "Join Filter": "(ci.role_id = rt.id)", "Plans": [{"Node Type": "Seq Scan", "Parent Relationship": "Outer", "Relation Name": "role_type", "Alias": "rt", "Startup Cost": 0.0, "Total Cost": 1.15, "Plan Rows": 1, "Plan Width": 4, "Filter": "((role)::text = 'actress'::text)"}, {"Node Type": "Materialize", "Parent Relationship": "Inner", "Startup Cost": 0.0, "Total Cost": 76057.2, "Plan Rows": 96692, "Plan Width": 12, "Plans": [{"Node Type": "Streaming(type: LOCAL GATHER dop: 1/64)", "Parent Relationship": "Outer", "Startup Cost": 0.0, "Total Cost": 75815.47, "Plan Rows": 96692, "Plan Width": 12, "Plans": [{"Node Type": "Seq Scan", "Parent Relationship": "Outer", "Relation Name": "cast_info", "Alias": "ci", "Startup Cost": 0.0, "Total Cost": 73820.73, "Plan Rows": 96692, "Plan Width": 12, "Filter": "((note)::text = '(voice: English version)'::text)"}]}]}]}, {"Node Type": "Bitmap Heap Scan", "Parent Relationship": "Inner", "Relation Name": "name", "Alias": "n1", "Startup Cost": 0.9, "Total Cost": 4.92, "Plan Rows": 1, "Plan Width": 4, "Recheck Cond": "(id = ci.person_id)", "Filter": "(((name)::text ~~ '%Yo%'::text) AND ((name)::text !~~ '%Yu%'::text))", "Plans": [{"Node Type": "Bitmap Index Scan", "Parent Relationship": "Outer", "Index Name": "name_pkey", "Startup Cost": 0.0, "Total Cost": 0.9, "Plan Rows": 1, "Plan Width": 0, "Index Cond": "(id = ci.person_id)"}]}]}, {"Node Type": "Bitmap Heap Scan", "Parent Relationship": "Inner", "Relation Name": "movie_companies", "Alias": "mc", "Startup Cost": 0.66, "Total Cost": 4.7, "Plan Rows": 1, "Plan Width": 8, "Recheck Cond": "(movie_id = ci.movie_id)", "Filter": "(((note)::text ~~ '%(Japan)%'::text) AND ((note)::text !~~ '%(USA)%'::text))", "Plans": [{"Node Type": "Bitmap Index Scan", "Parent Relationship": "Outer", "Index Name": "movie_id_movie_companies", "Startup Cost": 0.0, "Total Cost": 0.66, "Plan Rows": 2, "Plan Width": 0, "Index Cond": "(movie_id = ci.movie_id)"}]}]}, {"Node Type": "Bitmap Heap Scan", "Parent Relationship": "Inner", "Relation Name": "company_name", "Alias": "cn", "Startup Cost": 0.3, "Total Cost": 4.32, "Plan Rows": 1, "Plan Width": 4, "Recheck Cond": "(id = mc.company_id)", "Filter": "((country_code)::text = '[jp]'::text)", "Plans": [{"Node Type": "Bitmap Index Scan", "Parent Relationship": "Outer", "Index Name": "company_name_pkey", "Startup Cost": 0.0, "Total Cost": 0.3, "Plan Rows": 1, "Plan Width": 0, "Index Cond": "(id = mc.company_id)"}]}]}, {"Node Type": "Bitmap Heap Scan", "Parent Relationship": "Inner", "Relation Name": "aka_name", "Alias": "an1", "Startup Cost": 0.38, "Total Cost": 4.39, "Plan Rows": 1, "Plan Width": 20, "Recheck Cond": "(person_id = ci.person_id)", "Plans": [{"Node Type": "Bitmap Index Scan", "Parent Relationship": "Outer", "Index Name": "person_id_aka_name", "Startup Cost": 0.0, "Total Cost": 0.38, "Plan Rows": 1, "Plan Width": 0, "Index Cond": "(person_id = ci.person_id)"}]}]}, {"Node Type": "Bitmap Heap Scan", "Parent Relationship": "Inner", "Relation Name": "title", "Alias": "t", "Startup Cost": 0.64, "Total Cost": 4.65, "Plan Rows": 1, "Plan Width": 21, "Recheck Cond": "(id = ci.movie_id)", "Plans": [{"Node Type": "Bitmap Index Scan", "Parent Relationship": "Outer", "Index Name": "title_pkey", "Startup Cost": 0.0, "Total Cost": 0.64, "Plan Rows": 1, "Plan Width": 0, "Index Cond": "(id = ci.movie_id)"}]}]}]}, "Unique SQL Id": 3544391839, "Planner Runtime": 16}, "explain_analyze_plan": {"Plan": {"Node Type": "Aggregate", "Strategy": "Plain", "Startup Cost": 131407.59, "Total Cost": 131407.6, "Plan Rows": 1, "Plan Width": 97, "Actual Min Startup Time": 568.71, "Actual Max Startup Time": 568.71, "Actual Min Total Time": 568.71, "Actual Max Total Time": 568.71, "Plans": [{"Node Type": "Nested Loop", "Parent Relationship": "Outer", "Join Type": "Inner", "Startup Cost": 2.89, "Total Cost": 131407.53, "Plan Rows": 12, "Plan Width": 33, "Actual Min Startup Time": 383.958, "Actual Max Startup Time": 383.958, "Actual Min Total Time": 568.621, "Actual Max Total Time": 568.621, "Inner Unique": true, "Plans": [{"Node Type": "Nested Loop", "Parent Relationship": "Outer", "Join Type": "Inner", "Startup Cost": 2.25, "Total Cost": 131351.58, "Plan Rows": 12, "Plan Width": 24, "Actual Min Startup Time": 383.922, "Actual Max Startup Time": 383.922, "Actual Min Total Time": 568.103, "Actual Max Total Time": 568.103, "Inner Unique": false, "Join Filter": "(n1.id = an1.person_id)", "Rows Removed by Join Filter": 0, "Plans": [{"Node Type": "Nested Loop", "Parent Relationship": "Outer", "Join Type": "Inner", "Startup Cost": 1.87, "Total Cost": 131007.92, "Plan Rows": 78, "Plan Width": 16, "Actual Min Startup Time": 383.885, "Actual Max Startup Time": 383.885, "Actual Min Total Time": 567.792, "Actual Max Total Time": 567.792, "Inner Unique": true, "Plans": [{"Node Type": "Nested Loop", "Parent Relationship": "Outer", "Join Type": "Inner", "Startup Cost": 1.56, "Total Cost": 126443.17, "Plan Rows": 1055, "Plan Width": 20, "Actual Min Startup Time": 383.861, "Actual Max Startup Time": 383.861, "Actual Min Total Time": 567.428, "Actual Max Total Time": 567.428, "Inner Unique": false, "Plans": [{"Node Type": "Nested Loop", "Parent Relationship": "Outer", "Join Type": "Inner", "Startup Cost": 0.9, "Total Cost": 120357.96, "Plan Rows": 1293, "Plan Width": 12, "Actual Min Startup Time": 383.797, "Actual Max Startup Time": 383.797, "Actual Min Total Time": 564.882, "Actual Max Total Time": 564.882, "Inner Unique": true, "Plans": [{"Node Type": "Nested Loop", "Parent Relationship": "Outer", "Join Type": "Inner", "Startup Cost": 0.0, "Total Cost": 77025.27, "Plan Rows": 8790, "Plan Width": 8, "Actual Min Startup Time": 339.787, "Actual Max Startup Time": 339.787, "Actual Min Total Time": 376.432, "Actual Max Total Time": 376.432, "Inner Unique": false, "Join Filter": "(ci.role_id = rt.id)", "Rows Removed by Join Filter": 58247, "Plans": [{"Node Type": "Seq Scan", "Parent Relationship": "Outer", "Relation Name": "role_type", "Alias": "rt", "Startup Cost": 0.0, "Total Cost": 1.15, "Plan Rows": 1, "Plan Width": 4, "Actual Min Startup Time": 0.051, "Actual Max Startup Time": 0.051, "Actual Min Total Time": 0.058, "Actual Max Total Time": 0.058, "Filter": "((role)::text = 'actress'::text)", "Rows Removed by Filter": 11, "Actual Rows": 1}, {"Node Type": "Materialize", "Parent Relationship": "Inner", "Startup Cost": 0.0, "Total Cost": 76057.2, "Plan Rows": 96692, "Plan Width": 12, "Actual Min Startup Time": 337.627, "Actual Max Startup Time": 337.627, "Actual Min Total Time": 349.912, "Actual Max Total Time": 349.912, "Plans": [{"Node Type": "Streaming(type: LOCAL GATHER dop: 1/64)", "Parent Relationship": "Outer", "Startup Cost": 0.0, "Total Cost": 75815.47, "Plan Rows": 96692, "Plan Width": 12, "Actual Min Startup Time": 108.986, "Actual Max Startup Time": 108.986, "Actual Min Total Time": 322.779, "Actual Max Total Time": 322.779, "Plans": [{"Node Type": "Seq Scan", "Parent Relationship": "Outer", "Relation Name": "cast_info", "Alias": "ci", "Startup Cost": 0.0, "Total Cost": 73820.73, "Plan Rows": 96692, "Plan Width": 12, "Actual Min Startup Time": 0.042, "Actual Max Startup Time": 2.894, "Actual Min Total Time": 153.308, "Actual Max Total Time": 161.862, "Filter": "((note)::text = '(voice: English version)'::text)", "Rows Removed by Filter": 36151248, "Actual Rows": 93095}], "Actual Rows": 93095}], "Actual Rows": 93096}], "Actual Rows": 34848}, {"Node Type": "Bitmap Heap Scan", "Parent Relationship": "Inner", "Relation Name": "name", "Alias": "n1", "Startup Cost": 0.9, "Total Cost": 4.92, "Plan Rows": 1, "Plan Width": 4, "Actual Min Startup Time": 149.412, "Actual Max Startup Time": 149.412, "Actual Min Total Time": 149.412, "Actual Max Total Time": 149.412, "Recheck Cond": "(id = ci.person_id)", "Rows Removed by Index Recheck": 0, "Filter": "(((name)::text ~~ '%Yo%'::text) AND ((name)::text !~~ '%Yu%'::text))", "Rows Removed by Filter": 34454, "Exact Heap Blocks": 34848, "Lossy Heap Blocks": 34848, "Plans": [{"Node Type": "Bitmap Index Scan", "Parent Relationship": "Outer", "Index Name": "name_pkey", "Startup Cost": 0.0, "Total Cost": 0.9, "Plan Rows": 1, "Plan Width": 0, "Actual Min Startup Time": 85.618, "Actual Max Startup Time": 85.618, "Actual Min Total Time": 85.618, "Actual Max Total Time": 85.618, "Index Cond": "(id = ci.person_id)", "Actual Rows": 34848}], "Actual Rows": 394}], "Actual Rows": 394}, {"Node Type": "Bitmap Heap Scan", "Parent Relationship": "Inner", "Relation Name": "movie_companies", "Alias": "mc", "Startup Cost": 0.66, "Total Cost": 4.7, "Plan Rows": 1, "Plan Width": 8, "Actual Min Startup Time": 1.983, "Actual Max Startup Time": 1.983, "Actual Min Total Time": 2.086, "Actual Max Total Time": 2.086, "Recheck Cond": "(movie_id = ci.movie_id)", "Rows Removed by Index Recheck": 0, "Filter": "(((note)::text ~~ '%(Japan)%'::text) AND ((note)::text !~~ '%(USA)%'::text))", "Rows Removed by Filter": 511, "Exact Heap Blocks": 237, "Lossy Heap Blocks": 237, "Plans": [{"Node Type": "Bitmap Index Scan", "Parent Relationship": "Outer", "Index Name": "movie_id_movie_companies", "Startup Cost": 0.0, "Total Cost": 0.66, "Plan Rows": 2, "Plan Width": 0, "Actual Min Startup Time": 1.212, "Actual Max Startup Time": 1.212, "Actual Min Total Time": 1.212, "Actual Max Total Time": 1.212, "Index Cond": "(movie_id = ci.movie_id)", "Actual Rows": 550}], "Actual Rows": 39}], "Actual Rows": 39}, {"Node Type": "Bitmap Heap Scan", "Parent Relationship": "Inner", "Relation Name": "company_name", "Alias": "cn", "Startup Cost": 0.3, "Total Cost": 4.32, "Plan Rows": 1, "Plan Width": 4, "Actual Min Startup Time": 0.302, "Actual Max Startup Time": 0.302, "Actual Min Total Time": 0.302, "Actual Max Total Time": 0.302, "Recheck Cond": "(id = mc.company_id)", "Rows Removed by Index Recheck": 0, "Filter": "((country_code)::text = '[jp]'::text)", "Rows Removed by Filter": 1, "Exact Heap Blocks": 39, "Lossy Heap Blocks": 39, "Plans": [{"Node Type": "Bitmap Index Scan", "Parent Relationship": "Outer", "Index Name": "company_name_pkey", "Startup Cost": 0.0, "Total Cost": 0.3, "Plan Rows": 1, "Plan Width": 0, "Actual Min Startup Time": 0.163, "Actual Max Startup Time": 0.163, "Actual Min Total Time": 0.163, "Actual Max Total Time": 0.163, "Index Cond": "(id = mc.company_id)", "Actual Rows": 39}], "Actual Rows": 38}], "Actual Rows": 38}, {"Node Type": "Bitmap Heap Scan", "Parent Relationship": "Inner", "Relation Name": "aka_name", "Alias": "an1", "Startup Cost": 0.38, "Total Cost": 4.39, "Plan Rows": 1, "Plan Width": 20, "Actual Min Startup Time": 0.207, "Actual Max Startup Time": 0.207, "Actual Min Total Time": 0.223, "Actual Max Total Time": 0.223, "Recheck Cond": "(person_id = ci.person_id)", "Rows Removed by Index Recheck": 0, "Exact Heap Blocks": 43, "Lossy Heap Blocks": 43, "Plans": [{"Node Type": "Bitmap Index Scan", "Parent Relationship": "Outer", "Index Name": "person_id_aka_name", "Startup Cost": 0.0, "Total Cost": 0.38, "Plan Rows": 1, "Plan Width": 0, "Actual Min Startup Time": 0.132, "Actual Max Startup Time": 0.132, "Actual Min Total Time": 0.132, "Actual Max Total Time": 0.132, "Index Cond": "(person_id = ci.person_id)", "Actual Rows": 62}], "Actual Rows": 62}], "Actual Rows": 62}, {"Node Type": "Bitmap Heap Scan", "Parent Relationship": "Inner", "Relation Name": "title", "Alias": "t", "Startup Cost": 0.64, "Total Cost": 4.65, "Plan Rows": 1, "Plan Width": 21, "Actual Min Startup Time": 0.404, "Actual Max Startup Time": 0.404, "Actual Min Total Time": 0.404, "Actual Max Total Time": 0.404, "Recheck Cond": "(id = ci.movie_id)", "Rows Removed by Index Recheck": 0, "Exact Heap Blocks": 62, "Lossy Heap Blocks": 62, "Plans": [{"Node Type": "Bitmap Index Scan", "Parent Relationship": "Outer", "Index Name": "title_pkey", "Startup Cost": 0.0, "Total Cost": 0.64, "Plan Rows": 1, "Plan Width": 0, "Actual Min Startup Time": 0.236, "Actual Max Startup Time": 0.236, "Actual Min Total Time": 0.236, "Actual Max Total Time": 0.236, "Index Cond": "(id = ci.movie_id)", "Actual Rows": 62}], "Actual Rows": 62}], "Actual Rows": 62}], "Actual Rows": 1}, "Triggers": [], "Planner Runtime": 16, "Total Runtime": 581.526, "Unique SQL Id": 3544391839}}, "(64, 119)": {"explain_plan": {"Plan": {"Node Type": "Aggregate", "Strategy": "Plain", "Startup Cost": 166618.15, "Total Cost": 166618.16, "Plan Rows": 1, "Plan Width": 97, "Plans": [{"Node Type": "Nested Loop", "Parent Relationship": "Outer", "Join Type": "Inner", "Startup Cost": 2795.56, "Total Cost": 166618.09, "Plan Rows": 12, "Plan Width": 33, "Inner Unique": false, "Join Filter": "(n1.id = an1.person_id)", "Plans": [{"Node Type": "Nested Loop", "Parent Relationship": "Outer", "Join Type": "Inner", "Startup Cost": 2795.18, "Total Cost": 166274.44, "Plan Rows": 78, "Plan Width": 25, "Inner Unique": true, "Plans": [{"Node Type": "Nested Loop", "Parent Relationship": "Outer", "Join Type": "Inner", "Startup Cost": 2794.28, "Total Cost": 163651.8, "Plan Rows": 532, "Plan Width": 21, "Inner Unique": false, "Join Filter": "(ci.role_id = rt.id)", "Plans": [{"Node Type": "Bitmap Heap Scan", "Parent Relationship": "Outer", "Relation Name": "role_type", "Alias": "rt", "Startup Cost": 8.31, "Total Cost": 12.46, "Plan Rows": 1, "Plan Width": 4, "Filter": "((role)::text = 'actress'::text)", "Plans": [{"Node Type": "Bitmap Index Scan", "Parent Relationship": "Outer", "Index Name": "role_type_pkey", "Startup Cost": 0.0, "Total Cost": 8.31, "Plan Rows": 12, "Plan Width": 0}]}, {"Node Type": "Nested Loop", "Parent Relationship": "Inner", "Join Type": "Inner", "Startup Cost": 2785.97, "Total Cost": 163566.25, "Plan Rows": 5847, "Plan Width": 25, "Inner Unique": false, "Plans": [{"Node Type": "Nested Loop", "Parent Relationship": "Outer", "Join Type": "Inner", "Startup Cost": 2785.45, "Total Cost": 136908.44, "Plan Rows": 5775, "Plan Width": 25, "Inner Unique": true, "Plans": [{"Node Type": "Nested Loop", "Parent Relationship": "Outer", "Join Type": "Inner", "Startup Cost": 2784.18, "Total Cost": 106322.09, "Plan Rows": 5775, "Plan Width": 4, "Inner Unique": false, "Plans": [{"Node Type": "Bitmap Heap Scan", "Parent Relationship": "Outer", "Relation Name": "company_name", "Alias": "cn", "Startup Cost": 2780.8, "Total Cost": 8684.25, "Plan Rows": 6290, "Plan Width": 4, "Filter": "((country_code)::text = '[jp]'::text)", "Plans": [{"Node Type": "Bitmap Index Scan", "Parent Relationship": "Outer", "Index Name": "company_name_pkey", "Startup Cost": 0.0, "Total Cost": 2779.23, "Plan Rows": 234996, "Plan Width": 0}]}, {"Node Type": "Bitmap Heap Scan", "Parent Relationship": "Inner", "Relation Name": "movie_companies", "Alias": "mc", "Startup Cost": 3.37, "Total Cost": 15.51, "Plan Rows": 1, "Plan Width": 8, "Recheck Cond": "(company_id = cn.id)", "Filter": "(((note)::text ~~ '%(Japan)%'::text) AND ((note)::text !~~ '%(USA)%'::text))", "Plans": [{"Node Type": "Bitmap Index Scan", "Parent Relationship": "Outer", "Index Name": "company_id_movie_companies", "Startup Cost": 0.0, "Total Cost": 3.37, "Plan Rows": 15, "Plan Width": 0, "Index Cond": "(company_id = cn.id)"}]}]}, {"Node Type": "Bitmap Heap Scan", "Parent Relationship": "Inner", "Relation Name": "title", "Alias": "t", "Startup Cost": 1.27, "Total Cost": 5.29, "Plan Rows": 1, "Plan Width": 21, "Recheck Cond": "(id = mc.movie_id)", "Plans": [{"Node Type": "Bitmap Index Scan", "Parent Relationship": "Outer", "Index Name": "title_pkey", "Startup Cost": 0.0, "Total Cost": 1.27, "Plan Rows": 1, "Plan Width": 0, "Index Cond": "(id = mc.movie_id)"}]}]}, {"Node Type": "Bitmap Heap Scan", "Parent Relationship": "Inner", "Relation Name": "cast_info", "Alias": "ci", "Startup Cost": 0.52, "Total Cost": 4.61, "Plan Rows": 1, "Plan Width": 12, "Recheck Cond": "(movie_id = t.id)", "Filter": "((note)::text = '(voice: English version)'::text)", "Plans": [{"Node Type": "Bitmap Index Scan", "Parent Relationship": "Outer", "Index Name": "movie_id_cast_info", "Startup Cost": 0.0, "Total Cost": 0.52, "Plan Rows": 6, "Plan Width": 0, "Index Cond": "(movie_id = t.id)"}]}]}]}, {"Node Type": "Bitmap Heap Scan", "Parent Relationship": "Inner", "Relation Name": "name", "Alias": "n1", "Startup Cost": 0.9, "Total Cost": 4.92, "Plan Rows": 1, "Plan Width": 4, "Recheck Cond": "(id = ci.person_id)", "Filter": "(((name)::text ~~ '%Yo%'::text) AND ((name)::text !~~ '%Yu%'::text))", "Plans": [{"Node Type": "Bitmap Index Scan", "Parent Relationship": "Outer", "Index Name": "name_pkey", "Startup Cost": 0.0, "Total Cost": 0.9, "Plan Rows": 1, "Plan Width": 0, "Index Cond": "(id = ci.person_id)"}]}]}, {"Node Type": "Bitmap Heap Scan", "Parent Relationship": "Inner", "Relation Name": "aka_name", "Alias": "an1", "Startup Cost": 0.38, "Total Cost": 4.39, "Plan Rows": 1, "Plan Width": 20, "Recheck Cond": "(person_id = ci.person_id)", "Plans": [{"Node Type": "Bitmap Index Scan", "Parent Relationship": "Outer", "Index Name": "person_id_aka_name", "Startup Cost": 0.0, "Total Cost": 0.38, "Plan Rows": 1, "Plan Width": 0, "Index Cond": "(person_id = ci.person_id)"}]}]}]}, "Unique SQL Id": 3544391839, "Planner Runtime": 8}, "explain_analyze_plan": {"Plan": {"Node Type": "Aggregate", "Strategy": "Plain", "Startup Cost": 166618.15, "Total Cost": 166618.16, "Plan Rows": 1, "Plan Width": 97, "Actual Startup Time": 4635.618, "Actual Total Time": 4635.618, "Actual Rows": 1, "Actual Loops": 1, "Plans": [{"Node Type": "Nested Loop", "Parent Relationship": "Outer", "Join Type": "Inner", "Startup Cost": 2795.56, "Total Cost": 166618.09, "Plan Rows": 12, "Plan Width": 33, "Actual Startup Time": 357.9, "Actual Total Time": 4635.287, "Actual Rows": 62, "Actual Loops": 1, "Inner Unique": false, "Join Filter": "(n1.id = an1.person_id)", "Rows Removed by Join Filter": 0, "Plans": [{"Node Type": "Nested Loop", "Parent Relationship": "Outer", "Join Type": "Inner", "Startup Cost": 2795.18, "Total Cost": 166274.44, "Plan Rows": 78, "Plan Width": 25, "Actual Startup Time": 357.85, "Actual Total Time": 4634.45, "Actual Rows": 38, "Actual Loops": 1, "Inner Unique": true, "Plans": [{"Node Type": "Nested Loop", "Parent Relationship": "Outer", "Join Type": "Inner", "Startup Cost": 2794.28, "Total Cost": 163651.8, "Plan Rows": 532, "Plan Width": 21, "Actual Startup Time": 23.596, "Actual Total Time": 4573.458, "Actual Rows": 7438, "Actual Loops": 1, "Inner Unique": false, "Join Filter": "(ci.role_id = rt.id)", "Rows Removed by Join Filter": 12162, "Plans": [{"Node Type": "Bitmap Heap Scan", "Parent Relationship": "Outer", "Relation Name": "role_type", "Alias": "rt", "Startup Cost": 8.31, "Total Cost": 12.46, "Plan Rows": 1, "Plan Width": 4, "Actual Startup Time": 0.036, "Actual Total Time": 0.047, "Actual Rows": 1, "Actual Loops": 1, "Filter": "((role)::text = 'actress'::text)", "Rows Removed by Filter": 11, "Exact Heap Blocks": 1, "Lossy Heap Blocks": 1, "Plans": [{"Node Type": "Bitmap Index Scan", "Parent Relationship": "Outer", "Index Name": "role_type_pkey", "Startup Cost": 0.0, "Total Cost": 8.31, "Plan Rows": 12, "Plan Width": 0, "Actual Startup Time": 0.012, "Actual Total Time": 0.012, "Actual Rows": 12, "Actual Loops": 1}]}, {"Node Type": "Nested Loop", "Parent Relationship": "Inner", "Join Type": "Inner", "Startup Cost": 2785.97, "Total Cost": 163566.25, "Plan Rows": 5847, "Plan Width": 25, "Actual Startup Time": 23.553, "Actual Total Time": 4567.856, "Actual Rows": 19600, "Actual Loops": 1, "Inner Unique": false, "Plans": [{"Node Type": "Nested Loop", "Parent Relationship": "Outer", "Join Type": "Inner", "Startup Cost": 2785.45, "Total Cost": 136908.44, "Plan Rows": 5775, "Plan Width": 25, "Actual Startup Time": 23.457, "Actual Total Time": 851.295, "Actual Rows": 48328, "Actual Loops": 1, "Inner Unique": true, "Plans": [{"Node Type": "Nested Loop", "Parent Relationship": "Outer", "Join Type": "Inner", "Startup Cost": 2784.18, "Total Cost": 106322.09, "Plan Rows": 5775, "Plan Width": 4, "Actual Startup Time": 23.437, "Actual Total Time": 432.916, "Actual Rows": 48328, "Actual Loops": 1, "Inner Unique": false, "Plans": [{"Node Type": "Bitmap Heap Scan", "Parent Relationship": "Outer", "Relation Name": "company_name", "Alias": "cn", "Startup Cost": 2780.8, "Total Cost": 8684.25, "Plan Rows": 6290, "Plan Width": 4, "Actual Startup Time": 23.37, "Actual Total Time": 149.455, "Actual Rows": 6752, "Actual Loops": 1, "Filter": "((country_code)::text = '[jp]'::text)", "Rows Removed by Filter": 228244, "Exact Heap Blocks": 2966, "Lossy Heap Blocks": 2966, "Plans": [{"Node Type": "Bitmap Index Scan", "Parent Relationship": "Outer", "Index Name": "company_name_pkey", "Startup Cost": 0.0, "Total Cost": 2779.23, "Plan Rows": 234996, "Plan Width": 0, "Actual Startup Time": 22.886, "Actual Total Time": 22.886, "Actual Rows": 234996, "Actual Loops": 1}]}, {"Node Type": "Bitmap Heap Scan", "Parent Relationship": "Inner", "Relation Name": "movie_companies", "Alias": "mc", "Startup Cost": 3.37, "Total Cost": 15.51, "Plan Rows": 1, "Plan Width": 8, "Actual Startup Time": 94.122, "Actual Total Time": 260.989, "Actual Rows": 48328, "Actual Loops": 6752, "Recheck Cond": "(company_id = cn.id)", "Rows Removed by Index Recheck": 0, "Filter": "(((note)::text ~~ '%(Japan)%'::text) AND ((note)::text !~~ '%(USA)%'::text))", "Rows Removed by Filter": 56667, "Exact Heap Blocks": 61861, "Lossy Heap Blocks": 61861, "Plans": [{"Node Type": "Bitmap Index Scan", "Parent Relationship": "Outer", "Index Name": "company_id_movie_companies", "Startup Cost": 0.0, "Total Cost": 3.37, "Plan Rows": 15, "Plan Width": 0, "Actual Startup Time": 49.399, "Actual Total Time": 49.399, "Actual Rows": 104995, "Actual Loops": 6752, "Index Cond": "(company_id = cn.id)"}]}]}, {"Node Type": "Bitmap Heap Scan", "Parent Relationship": "Inner", "Relation Name": "title", "Alias": "t", "Startup Cost": 1.27, "Total Cost": 5.29, "Plan Rows": 1, "Plan Width": 21, "Actual Startup Time": 341.617, "Actual Total Time": 341.617, "Actual Rows": 48328, "Actual Loops": 48328, "Recheck Cond": "(id = mc.movie_id)", "Rows Removed by Index Recheck": 0, "Exact Heap Blocks": 48328, "Lossy Heap Blocks": 48328, "Plans": [{"Node Type": "Bitmap Index Scan", "Parent Relationship": "Outer", "Index Name": "title_pkey", "Startup Cost": 0.0, "Total Cost": 1.27, "Plan Rows": 1, "Plan Width": 0, "Actual Startup Time": 201.901, "Actual Total Time": 201.901, "Actual Rows": 48328, "Actual Loops": 48328, "Index Cond": "(id = mc.movie_id)"}]}]}, {"Node Type": "Bitmap Heap Scan", "Parent Relationship": "Inner", "Relation Name": "cast_info", "Alias": "ci", "Startup Cost": 0.52, "Total Cost": 4.61, "Plan Rows": 1, "Plan Width": 12, "Actual Startup Time": 3496.655, "Actual Total Time": 3643.626, "Actual Rows": 19600, "Actual Loops": 48328, "Recheck Cond": "(movie_id = t.id)", "Rows Removed by Index Recheck": 0, "Filter": "((note)::text = '(voice: English version)'::text)", "Rows Removed by Filter": 1531710, "Exact Heap Blocks": 1503105, "Lossy Heap Blocks": 1503105, "Plans": [{"Node Type": "Bitmap Index Scan", "Parent Relationship": "Outer", "Index Name": "movie_id_cast_info", "Startup Cost": 0.0, "Total Cost": 0.52, "Plan Rows": 6, "Plan Width": 0, "Actual Startup Time": 537.902, "Actual Total Time": 537.902, "Actual Rows": 1551310, "Actual Loops": 48328, "Index Cond": "(movie_id = t.id)"}]}]}]}, {"Node Type": "Bitmap Heap Scan", "Parent Relationship": "Inner", "Relation Name": "name", "Alias": "n1", "Startup Cost": 0.9, "Total Cost": 4.92, "Plan Rows": 1, "Plan Width": 4, "Actual Startup Time": 51.239, "Actual Total Time": 51.239, "Actual Rows": 38, "Actual Loops": 7438, "Recheck Cond": "(id = ci.person_id)", "Rows Removed by Index Recheck": 0, "Filter": "(((name)::text ~~ '%Yo%'::text) AND ((name)::text !~~ '%Yu%'::text))", "Rows Removed by Filter": 7400, "Exact Heap Blocks": 7438, "Lossy Heap Blocks": 7438, "Plans": [{"Node Type": "Bitmap Index Scan", "Parent Relationship": "Outer", "Index Name": "name_pkey", "Startup Cost": 0.0, "Total Cost": 0.9, "Plan Rows": 1, "Plan Width": 0, "Actual Startup Time": 30.418, "Actual Total Time": 30.418, "Actual Rows": 7438, "Actual Loops": 7438, "Index Cond": "(id = ci.person_id)"}]}]}, {"Node Type": "Bitmap Heap Scan", "Parent Relationship": "Inner", "Relation Name": "aka_name", "Alias": "an1", "Startup Cost": 0.38, "Total Cost": 4.39, "Plan Rows": 1, "Plan Width": 20, "Actual Startup Time": 0.52, "Actual Total Time": 0.552, "Actual Rows": 62, "Actual Loops": 38, "Recheck Cond": "(person_id = ci.person_id)", "Rows Removed by Index Recheck": 0, "Exact Heap Blocks": 43, "Lossy Heap Blocks": 43, "Plans": [{"Node Type": "Bitmap Index Scan", "Parent Relationship": "Outer", "Index Name": "person_id_aka_name", "Startup Cost": 0.0, "Total Cost": 0.38, "Plan Rows": 1, "Plan Width": 0, "Actual Startup Time": 0.316, "Actual Total Time": 0.316, "Actual Rows": 62, "Actual Loops": 38, "Index Cond": "(person_id = ci.person_id)"}]}]}]}, "Triggers": [], "Planner Runtime": 8, "Total Runtime": 4636.066, "Unique SQL Id": 3544391839}}, "(64, 120)": {"explain_plan": {"Plan": {"Node Type": "Aggregate", "Strategy": "Plain", "Startup Cost": 91981.82, "Total Cost": 91981.83, "Plan Rows": 1, "Plan Width": 97, "Plans": [{"Node Type": "Nested Loop", "Parent Relationship": "Outer", "Join Type": "Inner", "Startup Cost": 0.0, "Total Cost": 91981.76, "Plan Rows": 12, "Plan Width": 33, "Inner Unique": true, "Plans": [{"Node Type": "Nested Loop", "Parent Relationship": "Outer", "Join Type": "Inner", "Startup Cost": 0.0, "Total Cost": 91956.53, "Plan Rows": 12, "Plan Width": 24, "Inner Unique": true, "Plans": [{"Node Type": "Nested Loop", "Parent Relationship": "Outer", "Join Type": "Inner", "Startup Cost": 0.0, "Total Cost": 91580.99, "Plan Rows": 645, "Plan Width": 32, "Inner Unique": false, "Plans": [{"Node Type": "Nested Loop", "Parent Relationship": "Outer", "Join Type": "Inner", "Startup Cost": 0.0, "Total Cost": 91126.78, "Plan Rows": 532, "Plan Width": 12, "Inner Unique": true, "Plans": [{"Node Type": "Nested Loop", "Parent Relationship": "Outer", "Join Type": "Inner", "Startup Cost": 0.0, "Total Cost": 88949.62, "Plan Rows": 3338, "Plan Width": 16, "Inner Unique": false, "Plans": [{"Node Type": "Nested Loop", "Parent Relationship": "Outer", "Join Type": "Inner", "Startup Cost": 0.0, "Total Cost": 77025.27, "Plan Rows": 8790, "Plan Width": 8, "Inner Unique": false, "Join Filter": "(ci.role_id = rt.id)", "Plans": [{"Node Type": "Seq Scan", "Parent Relationship": "Outer", "Relation Name": "role_type", "Alias": "rt", "Startup Cost": 0.0, "Total Cost": 1.15, "Plan Rows": 1, "Plan Width": 4, "Filter": "((role)::text = 'actress'::text)"}, {"Node Type": "Materialize", "Parent Relationship": "Inner", "Startup Cost": 0.0, "Total Cost": 76057.2, "Plan Rows": 96692, "Plan Width": 12, "Plans": [{"Node Type": "Streaming(type: LOCAL GATHER dop: 1/64)", "Parent Relationship": "Outer", "Startup Cost": 0.0, "Total Cost": 75815.47, "Plan Rows": 96692, "Plan Width": 12, "Plans": [{"Node Type": "Seq Scan", "Parent Relationship": "Outer", "Relation Name": "cast_info", "Alias": "ci", "Startup Cost": 0.0, "Total Cost": 73820.73, "Plan Rows": 96692, "Plan Width": 12, "Filter": "((note)::text = '(voice: English version)'::text)"}]}]}]}, {"Node Type": "Index Scan", "Parent Relationship": "Inner", "Scan Direction": "Forward", "Index Name": "movie_id_movie_companies", "Relation Name": "movie_companies", "Alias": "mc", "Startup Cost": 0.0, "Total Cost": 1.35, "Plan Rows": 1, "Plan Width": 8, "Index Cond": "(movie_id = ci.movie_id)", "Filter": "(((note)::text ~~ '%(Japan)%'::text) AND ((note)::text !~~ '%(USA)%'::text))"}]}, {"Node Type": "Index Scan", "Parent Relationship": "Inner", "Scan Direction": "Forward", "Index Name": "company_name_pkey", "Relation Name": "company_name", "Alias": "cn", "Startup Cost": 0.0, "Total Cost": 0.64, "Plan Rows": 1, "Plan Width": 4, "Index Cond": "(id = mc.company_id)", "Filter": "((country_code)::text = '[jp]'::text)"}]}, {"Node Type": "Index Scan", "Parent Relationship": "Inner", "Scan Direction": "Forward", "Index Name": "person_id_aka_name", "Relation Name": "aka_name", "Alias": "an1", "Startup Cost": 0.0, "Total Cost": 0.84, "Plan Rows": 1, "Plan Width": 20, "Index Cond": "(person_id = ci.person_id)"}]}, {"Node Type": "Index Scan", "Parent Relationship": "Inner", "Scan Direction": "Forward", "Index Name": "name_pkey", "Relation Name": "name", "Alias": "n1", "Startup Cost": 0.0, "Total Cost": 0.57, "Plan Rows": 1, "Plan Width": 4, "Index Cond": "(id = an1.person_id)", "Filter": "(((name)::text ~~ '%Yo%'::text) AND ((name)::text !~~ '%Yu%'::text))"}]}, {"Node Type": "Index Scan", "Parent Relationship": "Inner", "Scan Direction": "Forward", "Index Name": "title_pkey", "Relation Name": "title", "Alias": "t", "Startup Cost": 0.0, "Total Cost": 2.09, "Plan Rows": 1, "Plan Width": 21, "Index Cond": "(id = ci.movie_id)"}]}]}, "Unique SQL Id": 3544391839, "Planner Runtime": 7}, "explain_analyze_plan": {"Plan": {"Node Type": "Aggregate", "Strategy": "Plain", "Startup Cost": 91981.82, "Total Cost": 91981.83, "Plan Rows": 1, "Plan Width": 97, "Actual Min Startup Time": 727.946, "Actual Max Startup Time": 727.946, "Actual Min Total Time": 727.946, "Actual Max Total Time": 727.946, "Plans": [{"Node Type": "Nested Loop", "Parent Relationship": "Outer", "Join Type": "Inner", "Startup Cost": 0.0, "Total Cost": 91981.76, "Plan Rows": 12, "Plan Width": 33, "Actual Min Startup Time": 684.34, "Actual Max Startup Time": 684.34, "Actual Min Total Time": 727.861, "Actual Max Total Time": 727.861, "Inner Unique": true, "Plans": [{"Node Type": "Nested Loop", "Parent Relationship": "Outer", "Join Type": "Inner", "Startup Cost": 0.0, "Total Cost": 91956.53, "Plan Rows": 12, "Plan Width": 24, "Actual Min Startup Time": 684.319, "Actual Max Startup Time": 684.319, "Actual Min Total Time": 727.49, "Actual Max Total Time": 727.49, "Inner Unique": true, "Plans": [{"Node Type": "Nested Loop", "Parent Relationship": "Outer", "Join Type": "Inner", "Startup Cost": 0.0, "Total Cost": 91580.99, "Plan Rows": 645, "Plan Width": 32, "Actual Min Startup Time": 393.381, "Actual Max Startup Time": 393.381, "Actual Min Total Time": 661.887, "Actual Max Total Time": 661.887, "Inner Unique": false, "Plans": [{"Node Type": "Nested Loop", "Parent Relationship": "Outer", "Join Type": "Inner", "Startup Cost": 0.0, "Total Cost": 91126.78, "Plan Rows": 532, "Plan Width": 12, "Actual Min Startup Time": 393.36, "Actual Max Startup Time": 393.36, "Actual Min Total Time": 623.917, "Actual Max Total Time": 623.917, "Inner Unique": true, "Plans": [{"Node Type": "Nested Loop", "Parent Relationship": "Outer", "Join Type": "Inner", "Startup Cost": 0.0, "Total Cost": 88949.62, "Plan Rows": 3338, "Plan Width": 16, "Actual Min Startup Time": 393.337, "Actual Max Startup Time": 393.337, "Actual Min Total Time": 591.004, "Actual Max Total Time": 591.004, "Inner Unique": false, "Plans": [{"Node Type": "Nested Loop", "Parent Relationship": "Outer", "Join Type": "Inner", "Startup Cost": 0.0, "Total Cost": 77025.27, "Plan Rows": 8790, "Plan Width": 8, "Actual Min Startup Time": 392.138, "Actual Max Startup Time": 392.138, "Actual Min Total Time": 429.56, "Actual Max Total Time": 429.56, "Inner Unique": false, "Join Filter": "(ci.role_id = rt.id)", "Rows Removed by Join Filter": 58247, "Plans": [{"Node Type": "Seq Scan", "Parent Relationship": "Outer", "Relation Name": "role_type", "Alias": "rt", "Startup Cost": 0.0, "Total Cost": 1.15, "Plan Rows": 1, "Plan Width": 4, "Actual Min Startup Time": 0.056, "Actual Max Startup Time": 0.056, "Actual Min Total Time": 0.065, "Actual Max Total Time": 0.065, "Filter": "((role)::text = 'actress'::text)", "Rows Removed by Filter": 11, "Actual Rows": 1}, {"Node Type": "Materialize", "Parent Relationship": "Inner", "Startup Cost": 0.0, "Total Cost": 76057.2, "Plan Rows": 96692, "Plan Width": 12, "Actual Min Startup Time": 390.156, "Actual Max Startup Time": 390.156, "Actual Min Total Time": 401.745, "Actual Max Total Time": 401.745, "Plans": [{"Node Type": "Streaming(type: LOCAL GATHER dop: 1/64)", "Parent Relationship": "Outer", "Startup Cost": 0.0, "Total Cost": 75815.47, "Plan Rows": 96692, "Plan Width": 12, "Actual Min Startup Time": 151.94, "Actual Max Startup Time": 151.94, "Actual Min Total Time": 375.144, "Actual Max Total Time": 375.144, "Plans": [{"Node Type": "Seq Scan", "Parent Relationship": "Outer", "Relation Name": "cast_info", "Alias": "ci", "Startup Cost": 0.0, "Total Cost": 73820.73, "Plan Rows": 96692, "Plan Width": 12, "Actual Min Startup Time": 0.034, "Actual Max Startup Time": 2.876, "Actual Min Total Time": 153.567, "Actual Max Total Time": 165.265, "Filter": "((note)::text = '(voice: English version)'::text)", "Rows Removed by Filter": 36151248, "Actual Rows": 93095}], "Actual Rows": 93095}], "Actual Rows": 93096}], "Actual Rows": 34848}, {"Node Type": "Index Scan", "Parent Relationship": "Inner", "Scan Direction": "Forward", "Index Name": "movie_id_movie_companies", "Relation Name": "movie_companies", "Alias": "mc", "Startup Cost": 0.0, "Total Cost": 1.35, "Plan Rows": 1, "Plan Width": 8, "Actual Min Startup Time": 124.111, "Actual Max Startup Time": 124.111, "Actual Min Total Time": 142.799, "Actual Max Total Time": 142.799, "Index Cond": "(movie_id = ci.movie_id)", "Rows Removed by Index Recheck": 0, "Filter": "(((note)::text ~~ '%(Japan)%'::text) AND ((note)::text !~~ '%(USA)%'::text))", "Rows Removed by Filter": 53432, "Actual Rows": 7532}], "Actual Rows": 7532}, {"Node Type": "Index Scan", "Parent Relationship": "Inner", "Scan Direction": "Forward", "Index Name": "company_name_pkey", "Relation Name": "company_name", "Alias": "cn", "Startup Cost": 0.0, "Total Cost": 0.64, "Plan Rows": 1, "Plan Width": 4, "Actual Min Startup Time": 26.522, "Actual Max Startup Time": 26.522, "Actual Min Total Time": 26.522, "Actual Max Total Time": 26.522, "Index Cond": "(id = mc.company_id)", "Rows Removed by Index Recheck": 0, "Filter": "((country_code)::text = '[jp]'::text)", "Rows Removed by Filter": 94, "Actual Rows": 7438}], "Actual Rows": 7438}, {"Node Type": "Index Scan", "Parent Relationship": "Inner", "Scan Direction": "Forward", "Index Name": "person_id_aka_name", "Relation Name": "aka_name", "Alias": "an1", "Startup Cost": 0.0, "Total Cost": 0.84, "Plan Rows": 1, "Plan Width": 20, "Actual Min Startup Time": 22.866, "Actual Max Startup Time": 22.866, "Actual Min Total Time": 29.837, "Actual Max Total Time": 29.837, "Index Cond": "(person_id = ci.person_id)", "Rows Removed by Index Recheck": 0, "Actual Rows": 17379}], "Actual Rows": 17379}, {"Node Type": "Index Scan", "Parent Relationship": "Inner", "Scan Direction": "Forward", "Index Name": "name_pkey", "Relation Name": "name", "Alias": "n1", "Startup Cost": 0.0, "Total Cost": 0.57, "Plan Rows": 1, "Plan Width": 4, "Actual Min Startup Time": 57.321, "Actual Max Startup Time": 57.321, "Actual Min Total Time": 57.321, "Actual Max Total Time": 57.321, "Index Cond": "(id = an1.person_id)", "Rows Removed by Index Recheck": 0, "Filter": "(((name)::text ~~ '%Yo%'::text) AND ((name)::text !~~ '%Yu%'::text))", "Rows Removed by Filter": 17317, "Actual Rows": 62}], "Actual Rows": 62}, {"Node Type": "Index Scan", "Parent Relationship": "Inner", "Scan Direction": "Forward", "Index Name": "title_pkey", "Relation Name": "title", "Alias": "t", "Startup Cost": 0.0, "Total Cost": 2.09, "Plan Rows": 1, "Plan Width": 21, "Actual Min Startup Time": 0.302, "Actual Max Startup Time": 0.302, "Actual Min Total Time": 0.302, "Actual Max Total Time": 0.302, "Index Cond": "(id = ci.movie_id)", "Rows Removed by Index Recheck": 0, "Actual Rows": 62}], "Actual Rows": 62}], "Actual Rows": 1}, "Triggers": [], "Planner Runtime": 7, "Total Runtime": 740.907, "Unique SQL Id": 3544391839}}, "(64, 121)": {"explain_plan": {"Plan": {"Node Type": "Aggregate", "Strategy": "Plain", "Startup Cost": 110824.82, "Total Cost": 110824.83, "Plan Rows": 1, "Plan Width": 97, "Plans": [{"Node Type": "Nested Loop", "Parent Relationship": "Outer", "Join Type": "Inner", "Startup Cost": 0.0, "Total Cost": 110824.76, "Plan Rows": 12, "Plan Width": 33, "Inner Unique": true, "Plans": [{"Node Type": "Nested Loop", "Parent Relationship": "Outer", "Join Type": "Inner", "Startup Cost": 0.0, "Total Cost": 110449.22, "Plan Rows": 645, "Plan Width": 41, "Inner Unique": false, "Plans": [{"Node Type": "Nested Loop", "Parent Relationship": "Outer", "Join Type": "Inner", "Startup Cost": 0.0, "Total Cost": 109995.01, "Plan Rows": 532, "Plan Width": 21, "Inner Unique": false, "Join Filter": "(ci.role_id = rt.id)", "Plans": [{"Node Type": "Index Scan", "Parent Relationship": "Outer", "Scan Direction": "Forward", "Index Name": "role_type_pkey", "Relation Name": "role_type", "Alias": "rt", "Startup Cost": 0.0, "Total Cost": 12.46, "Plan Rows": 1, "Plan Width": 4, "Filter": "((role)::text = 'actress'::text)"}, {"Node Type": "Nested Loop", "Parent Relationship": "Inner", "Join Type": "Inner", "Startup Cost": 0.0, "Total Cost": 109909.47, "Plan Rows": 5847, "Plan Width": 25, "Inner Unique": false, "Plans": [{"Node Type": "Nested Loop", "Parent Relationship": "Outer", "Join Type": "Inner", "Startup Cost": 0.0, "Total Cost": 104166.87, "Plan Rows": 5775, "Plan Width": 25, "Inner Unique": true, "Plans": [{"Node Type": "Nested Loop", "Parent Relationship": "Outer", "Join Type": "Inner", "Startup Cost": 0.0, "Total Cost": 81519.78, "Plan Rows": 5775, "Plan Width": 4, "Inner Unique": false, "Plans": [{"Node Type": "Index Scan", "Parent Relationship": "Outer", "Scan Direction": "Forward", "Index Name": "company_name_pkey", "Relation Name": "company_name", "Alias": "cn", "Startup Cost": 0.0, "Total Cost": 10501.39, "Plan Rows": 6290, "Plan Width": 4, "Filter": "((country_code)::text = '[jp]'::text)"}, {"Node Type": "Index Scan", "Parent Relationship": "Inner", "Scan Direction": "Forward", "Index Name": "company_id_movie_companies", "Relation Name": "movie_companies", "Alias": "mc", "Startup Cost": 0.0, "Total Cost": 11.28, "Plan Rows": 1, "Plan Width": 8, "Index Cond": "(company_id = cn.id)", "Filter": "(((note)::text ~~ '%(Japan)%'::text) AND ((note)::text !~~ '%(USA)%'::text))"}]}, {"Node Type": "Index Scan", "Parent Relationship": "Inner", "Scan Direction": "Forward", "Index Name": "title_pkey", "Relation Name": "title", "Alias": "t", "Startup Cost": 0.0, "Total Cost": 3.91, "Plan Rows": 1, "Plan Width": 21, "Index Cond": "(id = mc.movie_id)"}]}, {"Node Type": "Index Scan", "Parent Relationship": "Inner", "Scan Direction": "Forward", "Index Name": "movie_id_cast_info", "Relation Name": "cast_info", "Alias": "ci", "Startup Cost": 0.0, "Total Cost": 0.98, "Plan Rows": 1, "Plan Width": 12, "Index Cond": "(movie_id = t.id)", "Filter": "((note)::text = '(voice: English version)'::text)"}]}]}, {"Node Type": "Index Scan", "Parent Relationship": "Inner", "Scan Direction": "Forward", "Index Name": "person_id_aka_name", "Relation Name": "aka_name", "Alias": "an1", "Startup Cost": 0.0, "Total Cost": 0.84, "Plan Rows": 1, "Plan Width": 20, "Index Cond": "(person_id = ci.person_id)"}]}, {"Node Type": "Index Scan", "Parent Relationship": "Inner", "Scan Direction": "Forward", "Index Name": "name_pkey", "Relation Name": "name", "Alias": "n1", "Startup Cost": 0.0, "Total Cost": 0.57, "Plan Rows": 1, "Plan Width": 4, "Index Cond": "(id = an1.person_id)", "Filter": "(((name)::text ~~ '%Yo%'::text) AND ((name)::text !~~ '%Yu%'::text))"}]}]}, "Unique SQL Id": 3544391839, "Planner Runtime": 6}, "explain_analyze_plan": {"Plan": {"Node Type": "Aggregate", "Strategy": "Plain", "Startup Cost": 110824.82, "Total Cost": 110824.83, "Plan Rows": 1, "Plan Width": 97, "Actual Startup Time": 3997.073, "Actual Total Time": 3997.073, "Actual Rows": 1, "Actual Loops": 1, "Plans": [{"Node Type": "Nested Loop", "Parent Relationship": "Outer", "Join Type": "Inner", "Startup Cost": 0.0, "Total Cost": 110824.76, "Plan Rows": 12, "Plan Width": 33, "Actual Startup Time": 4.867, "Actual Total Time": 3996.759, "Actual Rows": 62, "Actual Loops": 1, "Inner Unique": true, "Plans": [{"Node Type": "Nested Loop", "Parent Relationship": "Outer", "Join Type": "Inner", "Startup Cost": 0.0, "Total Cost": 110449.22, "Plan Rows": 645, "Plan Width": 41, "Actual Startup Time": 0.353, "Actual Total Time": 3918.809, "Actual Rows": 17379, "Actual Loops": 1, "Inner Unique": false, "Plans": [{"Node Type": "Nested Loop", "Parent Relationship": "Outer", "Join Type": "Inner", "Startup Cost": 0.0, "Total Cost": 109995.01, "Plan Rows": 532, "Plan Width": 21, "Actual Startup Time": 0.336, "Actual Total Time": 3866.842, "Actual Rows": 7438, "Actual Loops": 1, "Inner Unique": false, "Join Filter": "(ci.role_id = rt.id)", "Rows Removed by Join Filter": 12162, "Plans": [{"Node Type": "Index Scan", "Parent Relationship": "Outer", "Scan Direction": "Forward", "Index Name": "role_type_pkey", "Relation Name": "role_type", "Alias": "rt", "Startup Cost": 0.0, "Total Cost": 12.46, "Plan Rows": 1, "Plan Width": 4, "Actual Startup Time": 0.024, "Actual Total Time": 0.033, "Actual Rows": 1, "Actual Loops": 1, "Filter": "((role)::text = 'actress'::text)", "Rows Removed by Filter": 11}, {"Node Type": "Nested Loop", "Parent Relationship": "Inner", "Join Type": "Inner", "Startup Cost": 0.0, "Total Cost": 109909.47, "Plan Rows": 5847, "Plan Width": 25, "Actual Startup Time": 0.307, "Actual Total Time": 3861.626, "Actual Rows": 19600, "Actual Loops": 1, "Inner Unique": false, "Plans": [{"Node Type": "Nested Loop", "Parent Relationship": "Outer", "Join Type": "Inner", "Startup Cost": 0.0, "Total Cost": 104166.87, "Plan Rows": 5775, "Plan Width": 25, "Actual Startup Time": 0.238, "Actual Total Time": 847.639, "Actual Rows": 48328, "Actual Loops": 1, "Inner Unique": true, "Plans": [{"Node Type": "Nested Loop", "Parent Relationship": "Outer", "Join Type": "Inner", "Startup Cost": 0.0, "Total Cost": 81519.78, "Plan Rows": 5775, "Plan Width": 4, "Actual Startup Time": 0.222, "Actual Total Time": 526.993, "Actual Rows": 48328, "Actual Loops": 1, "Inner Unique": false, "Plans": [{"Node Type": "Index Scan", "Parent Relationship": "Outer", "Scan Direction": "Forward", "Index Name": "company_name_pkey", "Relation Name": "company_name", "Alias": "cn", "Startup Cost": 0.0, "Total Cost": 10501.39, "Plan Rows": 6290, "Plan Width": 4, "Actual Startup Time": 0.188, "Actual Total Time": 296.022, "Actual Rows": 6752, "Actual Loops": 1, "Filter": "((country_code)::text = '[jp]'::text)", "Rows Removed by Filter": 228244}, {"Node Type": "Index Scan", "Parent Relationship": "Inner", "Scan Direction": "Forward", "Index Name": "company_id_movie_companies", "Relation Name": "movie_companies", "Alias": "mc", "Startup Cost": 0.0, "Total Cost": 11.28, "Plan Rows": 1, "Plan Width": 8, "Actual Startup Time": 55.45, "Actual Total Time": 215.038, "Actual Rows": 48328, "Actual Loops": 6752, "Index Cond": "(company_id = cn.id)", "Rows Removed by Index Recheck": 0, "Filter": "(((note)::text ~~ '%(Japan)%'::text) AND ((note)::text !~~ '%(USA)%'::text))", "Rows Removed by Filter": 56667}]}, {"Node Type": "Index Scan", "Parent Relationship": "Inner", "Scan Direction": "Forward", "Index Name": "title_pkey", "Relation Name": "title", "Alias": "t", "Startup Cost": 0.0, "Total Cost": 3.91, "Plan Rows": 1, "Plan Width": 21, "Actual Startup Time": 278.16, "Actual Total Time": 278.16, "Actual Rows": 48328, "Actual Loops": 48328, "Index Cond": "(id = mc.movie_id)", "Rows Removed by Index Recheck": 0}]}, {"Node Type": "Index Scan", "Parent Relationship": "Inner", "Scan Direction": "Forward", "Index Name": "movie_id_cast_info", "Relation Name": "cast_info", "Alias": "ci", "Startup Cost": 0.0, "Total Cost": 0.98, "Plan Rows": 1, "Plan Width": 12, "Actual Startup Time": 2849.927, "Actual Total Time": 2982.59, "Actual Rows": 19600, "Actual Loops": 48328, "Index Cond": "(movie_id = t.id)", "Rows Removed by Index Recheck": 0, "Filter": "((note)::text = '(voice: English version)'::text)", "Rows Removed by Filter": 1531710}]}]}, {"Node Type": "Index Scan", "Parent Relationship": "Inner", "Scan Direction": "Forward", "Index Name": "person_id_aka_name", "Relation Name": "aka_name", "Alias": "an1", "Startup Cost": 0.0, "Total Cost": 0.84, "Plan Rows": 1, "Plan Width": 20, "Actual Startup Time": 34.558, "Actual Total Time": 43.048, "Actual Rows": 17379, "Actual Loops": 7438, "Index Cond": "(person_id = ci.person_id)", "Rows Removed by Index Recheck": 0}]}, {"Node Type": "Index Scan", "Parent Relationship": "Inner", "Scan Direction": "Forward", "Index Name": "name_pkey", "Relation Name": "name", "Alias": "n1", "Startup Cost": 0.0, "Total Cost": 0.57, "Plan Rows": 1, "Plan Width": 4, "Actual Startup Time": 68.944, "Actual Total Time": 68.944, "Actual Rows": 62, "Actual Loops": 17379, "Index Cond": "(id = an1.person_id)", "Rows Removed by Index Recheck": 0, "Filter": "(((name)::text ~~ '%Yo%'::text) AND ((name)::text !~~ '%Yu%'::text))", "Rows Removed by Filter": 17317}]}]}, "Triggers": [], "Planner Runtime": 6, "Total Runtime": 3997.429, "Unique SQL Id": 3544391839}}, "(64, 122)": {"explain_plan": {"Plan": {"Node Type": "Aggregate", "Strategy": "Plain", "Startup Cost": 895092.73, "Total Cost": 895092.74, "Plan Rows": 1, "Plan Width": 97, "Plans": [{"Node Type": "Nested Loop", "Parent Relationship": "Outer", "Join Type": "Inner", "Startup Cost": 0.0, "Total Cost": 895092.67, "Plan Rows": 12, "Plan Width": 33, "Inner Unique": false, "Join Filter": "(mc.company_id = cn.id)", "Plans": [{"Node Type": "Seq Scan", "Parent Relationship": "Outer", "Relation Name": "company_name", "Alias": "cn", "Startup Cost": 0.0, "Total Cost": 5903.45, "Plan Rows": 6290, "Plan Width": 4, "Filter": "((country_code)::text = '[jp]'::text)"}, {"Node Type": "Materialize", "Parent Relationship": "Inner", "Startup Cost": 0.0, "Total Cost": 882113.16, "Plan Rows": 75, "Plan Width": 37, "Plans": [{"Node Type": "Streaming(type: LOCAL GATHER dop: 1/64)", "Parent Relationship": "Outer", "Startup Cost": 0.0, "Total Cost": 882112.78, "Plan Rows": 75, "Plan Width": 37, "Plans": [{"Node Type": "Nested Loop", "Parent Relationship": "Outer", "Join Type": "Inner", "Startup Cost": 0.0, "Total Cost": 882111.23, "Plan Rows": 75, "Plan Width": 37, "Inner Unique": false, "Join Filter": "(ci.movie_id = t.id)", "Plans": [{"Node Type": "Streaming(type: LOCAL ROUNDROBIN dop: 64/1)", "Parent Relationship": "Outer", "Startup Cost": 0.0, "Total Cost": 175227.87, "Plan Rows": 2528311, "Plan Width": 21, "Plans": [{"Node Type": "Seq Scan", "Parent Relationship": "Outer", "Relation Name": "title", "Alias": "t", "Startup Cost": 0.0, "Total Cost": 60069.11, "Plan Rows": 2528311, "Plan Width": 21}]}, {"Node Type": "Materialize", "Parent Relationship": "Inner", "Startup Cost": 0.0, "Total Cost": 662440.58, "Plan Rows": 4800, "Plan Width": 28, "Plans": [{"Node Type": "Streaming(type: BROADCAST dop: 64/64)", "Parent Relationship": "Outer", "Startup Cost": 0.0, "Total Cost": 662440.21, "Plan Rows": 4800, "Plan Width": 28, "Plans": [{"Node Type": "Nested Loop", "Parent Relationship": "Outer", "Join Type": "Inner", "Startup Cost": 0.0, "Total Cost": 599437.16, "Plan Rows": 75, "Plan Width": 28, "Inner Unique": false, "Join Filter": "(n1.id = an1.person_id)", "Plans": [{"Node Type": "Streaming(type: LOCAL REDISTRIBUTE dop: 64/1)", "Parent Relationship": "Outer", "Startup Cost": 0.0, "Total Cost": 119529.84, "Plan Rows": 901342, "Plan Width": 20, "Plans": [{"Node Type": "Seq Scan", "Parent Relationship": "Outer", "Relation Name": "aka_name", "Alias": "an1", "Startup Cost": 0.0, "Total Cost": 19908.42, "Plan Rows": 901342, "Plan Width": 20}]}, {"Node Type": "Materialize", "Parent Relationship": "Inner", "Startup Cost": 0.0, "Total Cost": 476425.01, "Plan Rows": 1055, "Plan Width": 20, "Plans": [{"Node Type": "Streaming(type: LOCAL REDISTRIBUTE dop: 64/64)", "Parent Relationship": "Outer", "Startup Cost": 0.0, "Total Cost": 476424.92, "Plan Rows": 1055, "Plan Width": 20, "Plans": [{"Node Type": "Nested Loop", "Parent Relationship": "Outer", "Join Type": "Inner", "Startup Cost": 0.0, "Total Cost": 413423.92, "Plan Rows": 1055, "Plan Width": 20, "Inner Unique": true, "Join Filter": "(ci.person_id = n1.id)", "Plans": [{"Node Type": "Streaming(type: BROADCAST dop: 64/1)", "Parent Relationship": "Outer", "Startup Cost": 0.0, "Total Cost": 337779.92, "Plan Rows": 213632, "Plan Width": 16, "Plans": [{"Node Type": "Nested Loop", "Parent Relationship": "Outer", "Join Type": "Inner", "Startup Cost": 0.0, "Total Cost": 270372.72, "Plan Rows": 3338, "Plan Width": 16, "Inner Unique": false, "Join Filter": "(ci.role_id = rt.id)", "Plans": [{"Node Type": "Seq Scan", "Parent Relationship": "Outer", "Relation Name": "role_type", "Alias": "rt", "Startup Cost": 0.0, "Total Cost": 1.15, "Plan Rows": 1, "Plan Width": 4, "Filter": "((role)::text = 'actress'::text)"}, {"Node Type": "Materialize", "Parent Relationship": "Inner", "Startup Cost": 0.0, "Total Cost": 270004.35, "Plan Rows": 36722, "Plan Width": 20, "Plans": [{"Node Type": "Streaming(type: LOCAL GATHER dop: 1/64)", "Parent Relationship": "Outer", "Startup Cost": 0.0, "Total Cost": 269912.55, "Plan Rows": 36722, "Plan Width": 20, "Plans": [{"Node Type": "Nested Loop", "Parent Relationship": "Outer", "Join Type": "Inner", "Startup Cost": 0.0, "Total Cost": 269154.97, "Plan Rows": 36722, "Plan Width": 20, "Inner Unique": false, "Join Filter": "(ci.movie_id = mc.movie_id)", "Plans": [{"Node Type": "Streaming(type: LOCAL REDISTRIBUTE dop: 64/64)", "Parent Relationship": "Outer", "Startup Cost": 0.0, "Total Cost": 136912.32, "Plan Rows": 96692, "Plan Width": 12, "Plans": [{"Node Type": "Seq Scan", "Parent Relationship": "Outer", "Relation Name": "cast_info", "Alias": "ci", "Startup Cost": 0.0, "Total Cost": 73820.73, "Plan Rows": 96692, "Plan Width": 12, "Filter": "((note)::text = '(voice: English version)'::text)"}]}, {"Node Type": "Materialize", "Parent Relationship": "Inner", "Startup Cost": 0.0, "Total Cost": 119345.75, "Plan Rows": 36426, "Plan Width": 8, "Plans": [{"Node Type": "Streaming(type: LOCAL REDISTRIBUTE dop: 64/1)", "Parent Relationship": "Outer", "Startup Cost": 0.0, "Total Cost": 119342.9, "Plan Rows": 36426, "Plan Width": 8, "Plans": [{"Node Type": "Seq Scan", "Parent Relationship": "Outer", "Relation Name": "movie_companies", "Alias": "mc", "Startup Cost": 0.0, "Total Cost": 54862.92, "Plan Rows": 36426, "Plan Width": 8, "Filter": "(((note)::text ~~ '%(Japan)%'::text) AND ((note)::text !~~ '%(USA)%'::text))"}]}]}]}]}]}]}]}, {"Node Type": "Materialize", "Parent Relationship": "Inner", "Startup Cost": 0.0, "Total Cost": 64780.92, "Plan Rows": 13886, "Plan Width": 4, "Plans": [{"Node Type": "Seq Scan", "Parent Relationship": "Outer", "Relation Name": "name", "Alias": "n1", "Startup Cost": 0.0, "Total Cost": 64779.83, "Plan Rows": 13886, "Plan Width": 4, "Filter": "(((name)::text ~~ '%Yo%'::text) AND ((name)::text !~~ '%Yu%'::text))"}]}]}]}]}]}]}]}]}]}]}]}]}, "Unique SQL Id": 3544391839, "Planner Runtime": 13}, "explain_analyze_plan": null}, "(64, 123)": {"explain_plan": {"Plan": {"Node Type": "Aggregate", "Strategy": "Plain", "Startup Cost": 7000209677653.96, "Total Cost": 7000209677653.97, "Plan Rows": 1, "Plan Width": 97, "Plans": [{"Node Type": "Nested Loop", "Parent Relationship": "Outer", "Join Type": "Inner", "Startup Cost": 70000000000.0, "Total Cost": 7000209677653.91, "Plan Rows": 12, "Plan Width": 33, "Inner Unique": false, "Join Filter": "(ci.movie_id = t.id)", "Plans": [{"Node Type": "Index Scan", "Parent Relationship": "Outer", "Scan Direction": "Forward", "Index Name": "title_pkey", "Relation Name": "title", "Alias": "t", "Startup Cost": 10000000000.0, "Total Cost": 1000011012048.91, "Plan Rows": 2528311, "Plan Width": 21}, {"Node Type": "Materialize", "Parent Relationship": "Inner", "Startup Cost": 60000000000.0, "Total Cost": 6000198210509.04, "Plan Rows": 12, "Plan Width": 24, "Plans": [{"Node Type": "Nested Loop", "Parent Relationship": "Outer", "Join Type": "Inner", "Startup Cost": 60000000000.0, "Total Cost": 6000198210508.98, "Plan Rows": 12, "Plan Width": 24, "Inner Unique": false, "Join Filter": "(n1.id = an1.person_id)", "Plans": [{"Node Type": "Nested Loop", "Parent Relationship": "Outer", "Join Type": "Inner", "Startup Cost": 50000000000.0, "Total Cost": 5000190257182.06, "Plan Rows": 78, "Plan Width": 16, "Inner Unique": true, "Join Filter": "(ci.person_id = n1.id)", "Plans": [{"Node Type": "Nested Loop", "Parent Relationship": "Outer", "Join Type": "Inner", "Startup Cost": 40000000000.0, "Total Cost": 4000170439317.36, "Plan Rows": 532, "Plan Width": 12, "Inner Unique": true, "Join Filter": "(ci.role_id = rt.id)", "Plans": [{"Node Type": "Nested Loop", "Parent Relationship": "Outer", "Join Type": "Inner", "Startup Cost": 30000000000.0, "Total Cost": 3000170437983.65, "Plan Rows": 5847, "Plan Width": 16, "Inner Unique": false, "Join Filter": "(mc.movie_id = ci.movie_id)", "Plans": [{"Node Type": "Nested Loop", "Parent Relationship": "Outer", "Join Type": "Inner", "Startup Cost": 20000000000.0, "Total Cost": 2000018843457.92, "Plan Rows": 5775, "Plan Width": 4, "Inner Unique": true, "Join Filter": "(cn.id = mc.company_id)", "Plans": [{"Node Type": "Index Scan", "Parent Relationship": "Outer", "Scan Direction": "Forward", "Index Name": "movie_id_movie_companies", "Relation Name": "movie_companies", "Alias": "mc", "Startup Cost": 10000000000.0, "Total Cost": 1000014356510.13, "Plan Rows": 36426, "Plan Width": 8, "Filter": "(((note)::text ~~ '%(Japan)%'::text) AND ((note)::text !~~ '%(USA)%'::text))"}, {"Node Type": "Materialize", "Parent Relationship": "Inner", "Startup Cost": 10000000000.0, "Total Cost": 1000001050170.42, "Plan Rows": 6290, "Plan Width": 4, "Plans": [{"Node Type": "Index Scan", "Parent Relationship": "Outer", "Scan Direction": "Forward", "Index Name": "company_name_pkey", "Relation Name": "company_name", "Alias": "cn", "Startup Cost": 10000000000.0, "Total Cost": 1000001050138.97, "Plan Rows": 6290, "Plan Width": 4, "Filter": "((country_code)::text = '[jp]'::text)"}]}]}, {"Node Type": "Materialize", "Parent Relationship": "Inner", "Startup Cost": 10000000000.0, "Total Cost": 1000143218822.96, "Plan Rows": 96692, "Plan Width": 12, "Plans": [{"Node Type": "Index Scan", "Parent Relationship": "Outer", "Scan Direction": "Forward", "Index Name": "role_id_cast_info", "Relation Name": "cast_info", "Alias": "ci", "Startup Cost": 10000000000.0, "Total Cost": 1000143218339.5, "Plan Rows": 96692, "Plan Width": 12, "Filter": "((note)::text = '(voice: English version)'::text)"}]}]}, {"Node Type": "Materialize", "Parent Relationship": "Inner", "Startup Cost": 10000000000.0, "Total Cost": 1000000001246.0, "Plan Rows": 1, "Plan Width": 4, "Plans": [{"Node Type": "Index Scan", "Parent Relationship": "Outer", "Scan Direction": "Forward", "Index Name": "role_type_pkey", "Relation Name": "role_type", "Alias": "rt", "Startup Cost": 10000000000.0, "Total Cost": 1000000001246.0, "Plan Rows": 1, "Plan Width": 4, "Filter": "((role)::text = 'actress'::text)"}]}]}, {"Node Type": "Materialize", "Parent Relationship": "Inner", "Startup Cost": 10000000000.0, "Total Cost": 1000019707089.13, "Plan Rows": 13886, "Plan Width": 4, "Plans": [{"Node Type": "Index Scan", "Parent Relationship": "Outer", "Scan Direction": "Forward", "Index Name": "name_pkey", "Relation Name": "name", "Alias": "n1", "Startup Cost": 10000000000.0, "Total Cost": 1000019707019.7, "Plan Rows": 13886, "Plan Width": 4, "Filter": "(((name)::text ~~ '%Yo%'::text) AND ((name)::text !~~ '%Yu%'::text))"}]}]}, {"Node Type": "Materialize", "Parent Relationship": "Inner", "Startup Cost": 10000000000.0, "Total Cost": 1000006901010.14, "Plan Rows": 901342, "Plan Width": 20, "Plans": [{"Node Type": "Index Scan", "Parent Relationship": "Outer", "Scan Direction": "Forward", "Index Name": "person_id_aka_name", "Relation Name": "aka_name", "Alias": "an1", "Startup Cost": 10000000000.0, "Total Cost": 1000006896503.43, "Plan Rows": 901342, "Plan Width": 20}]}]}]}]}]}, "Unique SQL Id": 3544391839, "Planner Runtime": 6}, "explain_analyze_plan": null}, "(64, 124)": {"explain_plan": {"Plan": {"Node Type": "Aggregate", "Strategy": "Plain", "Startup Cost": 91981.82, "Total Cost": 91981.83, "Plan Rows": 1, "Plan Width": 97, "Plans": [{"Node Type": "Nested Loop", "Parent Relationship": "Outer", "Join Type": "Inner", "Startup Cost": 0.0, "Total Cost": 91981.76, "Plan Rows": 12, "Plan Width": 33, "Inner Unique": true, "Plans": [{"Node Type": "Nested Loop", "Parent Relationship": "Outer", "Join Type": "Inner", "Startup Cost": 0.0, "Total Cost": 91956.53, "Plan Rows": 12, "Plan Width": 24, "Inner Unique": true, "Plans": [{"Node Type": "Nested Loop", "Parent Relationship": "Outer", "Join Type": "Inner", "Startup Cost": 0.0, "Total Cost": 91580.99, "Plan Rows": 645, "Plan Width": 32, "Inner Unique": false, "Plans": [{"Node Type": "Nested Loop", "Parent Relationship": "Outer", "Join Type": "Inner", "Startup Cost": 0.0, "Total Cost": 91126.78, "Plan Rows": 532, "Plan Width": 12, "Inner Unique": true, "Plans": [{"Node Type": "Nested Loop", "Parent Relationship": "Outer", "Join Type": "Inner", "Startup Cost": 0.0, "Total Cost": 88949.62, "Plan Rows": 3338, "Plan Width": 16, "Inner Unique": false, "Plans": [{"Node Type": "Nested Loop", "Parent Relationship": "Outer", "Join Type": "Inner", "Startup Cost": 0.0, "Total Cost": 77025.27, "Plan Rows": 8790, "Plan Width": 8, "Inner Unique": false, "Join Filter": "(ci.role_id = rt.id)", "Plans": [{"Node Type": "Seq Scan", "Parent Relationship": "Outer", "Relation Name": "role_type", "Alias": "rt", "Startup Cost": 0.0, "Total Cost": 1.15, "Plan Rows": 1, "Plan Width": 4, "Filter": "((role)::text = 'actress'::text)"}, {"Node Type": "Materialize", "Parent Relationship": "Inner", "Startup Cost": 0.0, "Total Cost": 76057.2, "Plan Rows": 96692, "Plan Width": 12, "Plans": [{"Node Type": "Streaming(type: LOCAL GATHER dop: 1/64)", "Parent Relationship": "Outer", "Startup Cost": 0.0, "Total Cost": 75815.47, "Plan Rows": 96692, "Plan Width": 12, "Plans": [{"Node Type": "Seq Scan", "Parent Relationship": "Outer", "Relation Name": "cast_info", "Alias": "ci", "Startup Cost": 0.0, "Total Cost": 73820.73, "Plan Rows": 96692, "Plan Width": 12, "Filter": "((note)::text = '(voice: English version)'::text)"}]}]}]}, {"Node Type": "Index Scan", "Parent Relationship": "Inner", "Scan Direction": "Forward", "Index Name": "movie_id_movie_companies", "Relation Name": "movie_companies", "Alias": "mc", "Startup Cost": 0.0, "Total Cost": 1.35, "Plan Rows": 1, "Plan Width": 8, "Index Cond": "(movie_id = ci.movie_id)", "Filter": "(((note)::text ~~ '%(Japan)%'::text) AND ((note)::text !~~ '%(USA)%'::text))"}]}, {"Node Type": "Index Scan", "Parent Relationship": "Inner", "Scan Direction": "Forward", "Index Name": "company_name_pkey", "Relation Name": "company_name", "Alias": "cn", "Startup Cost": 0.0, "Total Cost": 0.64, "Plan Rows": 1, "Plan Width": 4, "Index Cond": "(id = mc.company_id)", "Filter": "((country_code)::text = '[jp]'::text)"}]}, {"Node Type": "Index Scan", "Parent Relationship": "Inner", "Scan Direction": "Forward", "Index Name": "person_id_aka_name", "Relation Name": "aka_name", "Alias": "an1", "Startup Cost": 0.0, "Total Cost": 0.84, "Plan Rows": 1, "Plan Width": 20, "Index Cond": "(person_id = ci.person_id)"}]}, {"Node Type": "Index Scan", "Parent Relationship": "Inner", "Scan Direction": "Forward", "Index Name": "name_pkey", "Relation Name": "name", "Alias": "n1", "Startup Cost": 0.0, "Total Cost": 0.57, "Plan Rows": 1, "Plan Width": 4, "Index Cond": "(id = an1.person_id)", "Filter": "(((name)::text ~~ '%Yo%'::text) AND ((name)::text !~~ '%Yu%'::text))"}]}, {"Node Type": "Index Scan", "Parent Relationship": "Inner", "Scan Direction": "Forward", "Index Name": "title_pkey", "Relation Name": "title", "Alias": "t", "Startup Cost": 0.0, "Total Cost": 2.09, "Plan Rows": 1, "Plan Width": 21, "Index Cond": "(id = ci.movie_id)"}]}]}, "Unique SQL Id": 3544391839, "Planner Runtime": 7}, "explain_analyze_plan": {"Plan": {"Node Type": "Aggregate", "Strategy": "Plain", "Startup Cost": 91981.82, "Total Cost": 91981.83, "Plan Rows": 1, "Plan Width": 97, "Actual Min Startup Time": 727.946, "Actual Max Startup Time": 727.946, "Actual Min Total Time": 727.946, "Actual Max Total Time": 727.946, "Plans": [{"Node Type": "Nested Loop", "Parent Relationship": "Outer", "Join Type": "Inner", "Startup Cost": 0.0, "Total Cost": 91981.76, "Plan Rows": 12, "Plan Width": 33, "Actual Min Startup Time": 684.34, "Actual Max Startup Time": 684.34, "Actual Min Total Time": 727.861, "Actual Max Total Time": 727.861, "Inner Unique": true, "Plans": [{"Node Type": "Nested Loop", "Parent Relationship": "Outer", "Join Type": "Inner", "Startup Cost": 0.0, "Total Cost": 91956.53, "Plan Rows": 12, "Plan Width": 24, "Actual Min Startup Time": 684.319, "Actual Max Startup Time": 684.319, "Actual Min Total Time": 727.49, "Actual Max Total Time": 727.49, "Inner Unique": true, "Plans": [{"Node Type": "Nested Loop", "Parent Relationship": "Outer", "Join Type": "Inner", "Startup Cost": 0.0, "Total Cost": 91580.99, "Plan Rows": 645, "Plan Width": 32, "Actual Min Startup Time": 393.381, "Actual Max Startup Time": 393.381, "Actual Min Total Time": 661.887, "Actual Max Total Time": 661.887, "Inner Unique": false, "Plans": [{"Node Type": "Nested Loop", "Parent Relationship": "Outer", "Join Type": "Inner", "Startup Cost": 0.0, "Total Cost": 91126.78, "Plan Rows": 532, "Plan Width": 12, "Actual Min Startup Time": 393.36, "Actual Max Startup Time": 393.36, "Actual Min Total Time": 623.917, "Actual Max Total Time": 623.917, "Inner Unique": true, "Plans": [{"Node Type": "Nested Loop", "Parent Relationship": "Outer", "Join Type": "Inner", "Startup Cost": 0.0, "Total Cost": 88949.62, "Plan Rows": 3338, "Plan Width": 16, "Actual Min Startup Time": 393.337, "Actual Max Startup Time": 393.337, "Actual Min Total Time": 591.004, "Actual Max Total Time": 591.004, "Inner Unique": false, "Plans": [{"Node Type": "Nested Loop", "Parent Relationship": "Outer", "Join Type": "Inner", "Startup Cost": 0.0, "Total Cost": 77025.27, "Plan Rows": 8790, "Plan Width": 8, "Actual Min Startup Time": 392.138, "Actual Max Startup Time": 392.138, "Actual Min Total Time": 429.56, "Actual Max Total Time": 429.56, "Inner Unique": false, "Join Filter": "(ci.role_id = rt.id)", "Rows Removed by Join Filter": 58247, "Plans": [{"Node Type": "Seq Scan", "Parent Relationship": "Outer", "Relation Name": "role_type", "Alias": "rt", "Startup Cost": 0.0, "Total Cost": 1.15, "Plan Rows": 1, "Plan Width": 4, "Actual Min Startup Time": 0.056, "Actual Max Startup Time": 0.056, "Actual Min Total Time": 0.065, "Actual Max Total Time": 0.065, "Filter": "((role)::text = 'actress'::text)", "Rows Removed by Filter": 11, "Actual Rows": 1}, {"Node Type": "Materialize", "Parent Relationship": "Inner", "Startup Cost": 0.0, "Total Cost": 76057.2, "Plan Rows": 96692, "Plan Width": 12, "Actual Min Startup Time": 390.156, "Actual Max Startup Time": 390.156, "Actual Min Total Time": 401.745, "Actual Max Total Time": 401.745, "Plans": [{"Node Type": "Streaming(type: LOCAL GATHER dop: 1/64)", "Parent Relationship": "Outer", "Startup Cost": 0.0, "Total Cost": 75815.47, "Plan Rows": 96692, "Plan Width": 12, "Actual Min Startup Time": 151.94, "Actual Max Startup Time": 151.94, "Actual Min Total Time": 375.144, "Actual Max Total Time": 375.144, "Plans": [{"Node Type": "Seq Scan", "Parent Relationship": "Outer", "Relation Name": "cast_info", "Alias": "ci", "Startup Cost": 0.0, "Total Cost": 73820.73, "Plan Rows": 96692, "Plan Width": 12, "Actual Min Startup Time": 0.034, "Actual Max Startup Time": 2.876, "Actual Min Total Time": 153.567, "Actual Max Total Time": 165.265, "Filter": "((note)::text = '(voice: English version)'::text)", "Rows Removed by Filter": 36151248, "Actual Rows": 93095}], "Actual Rows": 93095}], "Actual Rows": 93096}], "Actual Rows": 34848}, {"Node Type": "Index Scan", "Parent Relationship": "Inner", "Scan Direction": "Forward", "Index Name": "movie_id_movie_companies", "Relation Name": "movie_companies", "Alias": "mc", "Startup Cost": 0.0, "Total Cost": 1.35, "Plan Rows": 1, "Plan Width": 8, "Actual Min Startup Time": 124.111, "Actual Max Startup Time": 124.111, "Actual Min Total Time": 142.799, "Actual Max Total Time": 142.799, "Index Cond": "(movie_id = ci.movie_id)", "Rows Removed by Index Recheck": 0, "Filter": "(((note)::text ~~ '%(Japan)%'::text) AND ((note)::text !~~ '%(USA)%'::text))", "Rows Removed by Filter": 53432, "Actual Rows": 7532}], "Actual Rows": 7532}, {"Node Type": "Index Scan", "Parent Relationship": "Inner", "Scan Direction": "Forward", "Index Name": "company_name_pkey", "Relation Name": "company_name", "Alias": "cn", "Startup Cost": 0.0, "Total Cost": 0.64, "Plan Rows": 1, "Plan Width": 4, "Actual Min Startup Time": 26.522, "Actual Max Startup Time": 26.522, "Actual Min Total Time": 26.522, "Actual Max Total Time": 26.522, "Index Cond": "(id = mc.company_id)", "Rows Removed by Index Recheck": 0, "Filter": "((country_code)::text = '[jp]'::text)", "Rows Removed by Filter": 94, "Actual Rows": 7438}], "Actual Rows": 7438}, {"Node Type": "Index Scan", "Parent Relationship": "Inner", "Scan Direction": "Forward", "Index Name": "person_id_aka_name", "Relation Name": "aka_name", "Alias": "an1", "Startup Cost": 0.0, "Total Cost": 0.84, "Plan Rows": 1, "Plan Width": 20, "Actual Min Startup Time": 22.866, "Actual Max Startup Time": 22.866, "Actual Min Total Time": 29.837, "Actual Max Total Time": 29.837, "Index Cond": "(person_id = ci.person_id)", "Rows Removed by Index Recheck": 0, "Actual Rows": 17379}], "Actual Rows": 17379}, {"Node Type": "Index Scan", "Parent Relationship": "Inner", "Scan Direction": "Forward", "Index Name": "name_pkey", "Relation Name": "name", "Alias": "n1", "Startup Cost": 0.0, "Total Cost": 0.57, "Plan Rows": 1, "Plan Width": 4, "Actual Min Startup Time": 57.321, "Actual Max Startup Time": 57.321, "Actual Min Total Time": 57.321, "Actual Max Total Time": 57.321, "Index Cond": "(id = an1.person_id)", "Rows Removed by Index Recheck": 0, "Filter": "(((name)::text ~~ '%Yo%'::text) AND ((name)::text !~~ '%Yu%'::text))", "Rows Removed by Filter": 17317, "Actual Rows": 62}], "Actual Rows": 62}, {"Node Type": "Index Scan", "Parent Relationship": "Inner", "Scan Direction": "Forward", "Index Name": "title_pkey", "Relation Name": "title", "Alias": "t", "Startup Cost": 0.0, "Total Cost": 2.09, "Plan Rows": 1, "Plan Width": 21, "Actual Min Startup Time": 0.302, "Actual Max Startup Time": 0.302, "Actual Min Total Time": 0.302, "Actual Max Total Time": 0.302, "Index Cond": "(id = ci.movie_id)", "Rows Removed by Index Recheck": 0, "Actual Rows": 62}], "Actual Rows": 62}], "Actual Rows": 1}, "Triggers": [], "Planner Runtime": 7, "Total Runtime": 740.907, "Unique SQL Id": 3544391839}}, "(64, 125)": {"explain_plan": {"Plan": {"Node Type": "Aggregate", "Strategy": "Plain", "Startup Cost": 110824.82, "Total Cost": 110824.83, "Plan Rows": 1, "Plan Width": 97, "Plans": [{"Node Type": "Nested Loop", "Parent Relationship": "Outer", "Join Type": "Inner", "Startup Cost": 0.0, "Total Cost": 110824.76, "Plan Rows": 12, "Plan Width": 33, "Inner Unique": true, "Plans": [{"Node Type": "Nested Loop", "Parent Relationship": "Outer", "Join Type": "Inner", "Startup Cost": 0.0, "Total Cost": 110449.22, "Plan Rows": 645, "Plan Width": 41, "Inner Unique": false, "Plans": [{"Node Type": "Nested Loop", "Parent Relationship": "Outer", "Join Type": "Inner", "Startup Cost": 0.0, "Total Cost": 109995.01, "Plan Rows": 532, "Plan Width": 21, "Inner Unique": false, "Join Filter": "(ci.role_id = rt.id)", "Plans": [{"Node Type": "Index Scan", "Parent Relationship": "Outer", "Scan Direction": "Forward", "Index Name": "role_type_pkey", "Relation Name": "role_type", "Alias": "rt", "Startup Cost": 0.0, "Total Cost": 12.46, "Plan Rows": 1, "Plan Width": 4, "Filter": "((role)::text = 'actress'::text)"}, {"Node Type": "Nested Loop", "Parent Relationship": "Inner", "Join Type": "Inner", "Startup Cost": 0.0, "Total Cost": 109909.47, "Plan Rows": 5847, "Plan Width": 25, "Inner Unique": false, "Plans": [{"Node Type": "Nested Loop", "Parent Relationship": "Outer", "Join Type": "Inner", "Startup Cost": 0.0, "Total Cost": 104166.87, "Plan Rows": 5775, "Plan Width": 25, "Inner Unique": true, "Plans": [{"Node Type": "Nested Loop", "Parent Relationship": "Outer", "Join Type": "Inner", "Startup Cost": 0.0, "Total Cost": 81519.78, "Plan Rows": 5775, "Plan Width": 4, "Inner Unique": false, "Plans": [{"Node Type": "Index Scan", "Parent Relationship": "Outer", "Scan Direction": "Forward", "Index Name": "company_name_pkey", "Relation Name": "company_name", "Alias": "cn", "Startup Cost": 0.0, "Total Cost": 10501.39, "Plan Rows": 6290, "Plan Width": 4, "Filter": "((country_code)::text = '[jp]'::text)"}, {"Node Type": "Index Scan", "Parent Relationship": "Inner", "Scan Direction": "Forward", "Index Name": "company_id_movie_companies", "Relation Name": "movie_companies", "Alias": "mc", "Startup Cost": 0.0, "Total Cost": 11.28, "Plan Rows": 1, "Plan Width": 8, "Index Cond": "(company_id = cn.id)", "Filter": "(((note)::text ~~ '%(Japan)%'::text) AND ((note)::text !~~ '%(USA)%'::text))"}]}, {"Node Type": "Index Scan", "Parent Relationship": "Inner", "Scan Direction": "Forward", "Index Name": "title_pkey", "Relation Name": "title", "Alias": "t", "Startup Cost": 0.0, "Total Cost": 3.91, "Plan Rows": 1, "Plan Width": 21, "Index Cond": "(id = mc.movie_id)"}]}, {"Node Type": "Index Scan", "Parent Relationship": "Inner", "Scan Direction": "Forward", "Index Name": "movie_id_cast_info", "Relation Name": "cast_info", "Alias": "ci", "Startup Cost": 0.0, "Total Cost": 0.98, "Plan Rows": 1, "Plan Width": 12, "Index Cond": "(movie_id = t.id)", "Filter": "((note)::text = '(voice: English version)'::text)"}]}]}, {"Node Type": "Index Scan", "Parent Relationship": "Inner", "Scan Direction": "Forward", "Index Name": "person_id_aka_name", "Relation Name": "aka_name", "Alias": "an1", "Startup Cost": 0.0, "Total Cost": 0.84, "Plan Rows": 1, "Plan Width": 20, "Index Cond": "(person_id = ci.person_id)"}]}, {"Node Type": "Index Scan", "Parent Relationship": "Inner", "Scan Direction": "Forward", "Index Name": "name_pkey", "Relation Name": "name", "Alias": "n1", "Startup Cost": 0.0, "Total Cost": 0.57, "Plan Rows": 1, "Plan Width": 4, "Index Cond": "(id = an1.person_id)", "Filter": "(((name)::text ~~ '%Yo%'::text) AND ((name)::text !~~ '%Yu%'::text))"}]}]}, "Unique SQL Id": 3544391839, "Planner Runtime": 6}, "explain_analyze_plan": {"Plan": {"Node Type": "Aggregate", "Strategy": "Plain", "Startup Cost": 110824.82, "Total Cost": 110824.83, "Plan Rows": 1, "Plan Width": 97, "Actual Startup Time": 3997.073, "Actual Total Time": 3997.073, "Actual Rows": 1, "Actual Loops": 1, "Plans": [{"Node Type": "Nested Loop", "Parent Relationship": "Outer", "Join Type": "Inner", "Startup Cost": 0.0, "Total Cost": 110824.76, "Plan Rows": 12, "Plan Width": 33, "Actual Startup Time": 4.867, "Actual Total Time": 3996.759, "Actual Rows": 62, "Actual Loops": 1, "Inner Unique": true, "Plans": [{"Node Type": "Nested Loop", "Parent Relationship": "Outer", "Join Type": "Inner", "Startup Cost": 0.0, "Total Cost": 110449.22, "Plan Rows": 645, "Plan Width": 41, "Actual Startup Time": 0.353, "Actual Total Time": 3918.809, "Actual Rows": 17379, "Actual Loops": 1, "Inner Unique": false, "Plans": [{"Node Type": "Nested Loop", "Parent Relationship": "Outer", "Join Type": "Inner", "Startup Cost": 0.0, "Total Cost": 109995.01, "Plan Rows": 532, "Plan Width": 21, "Actual Startup Time": 0.336, "Actual Total Time": 3866.842, "Actual Rows": 7438, "Actual Loops": 1, "Inner Unique": false, "Join Filter": "(ci.role_id = rt.id)", "Rows Removed by Join Filter": 12162, "Plans": [{"Node Type": "Index Scan", "Parent Relationship": "Outer", "Scan Direction": "Forward", "Index Name": "role_type_pkey", "Relation Name": "role_type", "Alias": "rt", "Startup Cost": 0.0, "Total Cost": 12.46, "Plan Rows": 1, "Plan Width": 4, "Actual Startup Time": 0.024, "Actual Total Time": 0.033, "Actual Rows": 1, "Actual Loops": 1, "Filter": "((role)::text = 'actress'::text)", "Rows Removed by Filter": 11}, {"Node Type": "Nested Loop", "Parent Relationship": "Inner", "Join Type": "Inner", "Startup Cost": 0.0, "Total Cost": 109909.47, "Plan Rows": 5847, "Plan Width": 25, "Actual Startup Time": 0.307, "Actual Total Time": 3861.626, "Actual Rows": 19600, "Actual Loops": 1, "Inner Unique": false, "Plans": [{"Node Type": "Nested Loop", "Parent Relationship": "Outer", "Join Type": "Inner", "Startup Cost": 0.0, "Total Cost": 104166.87, "Plan Rows": 5775, "Plan Width": 25, "Actual Startup Time": 0.238, "Actual Total Time": 847.639, "Actual Rows": 48328, "Actual Loops": 1, "Inner Unique": true, "Plans": [{"Node Type": "Nested Loop", "Parent Relationship": "Outer", "Join Type": "Inner", "Startup Cost": 0.0, "Total Cost": 81519.78, "Plan Rows": 5775, "Plan Width": 4, "Actual Startup Time": 0.222, "Actual Total Time": 526.993, "Actual Rows": 48328, "Actual Loops": 1, "Inner Unique": false, "Plans": [{"Node Type": "Index Scan", "Parent Relationship": "Outer", "Scan Direction": "Forward", "Index Name": "company_name_pkey", "Relation Name": "company_name", "Alias": "cn", "Startup Cost": 0.0, "Total Cost": 10501.39, "Plan Rows": 6290, "Plan Width": 4, "Actual Startup Time": 0.188, "Actual Total Time": 296.022, "Actual Rows": 6752, "Actual Loops": 1, "Filter": "((country_code)::text = '[jp]'::text)", "Rows Removed by Filter": 228244}, {"Node Type": "Index Scan", "Parent Relationship": "Inner", "Scan Direction": "Forward", "Index Name": "company_id_movie_companies", "Relation Name": "movie_companies", "Alias": "mc", "Startup Cost": 0.0, "Total Cost": 11.28, "Plan Rows": 1, "Plan Width": 8, "Actual Startup Time": 55.45, "Actual Total Time": 215.038, "Actual Rows": 48328, "Actual Loops": 6752, "Index Cond": "(company_id = cn.id)", "Rows Removed by Index Recheck": 0, "Filter": "(((note)::text ~~ '%(Japan)%'::text) AND ((note)::text !~~ '%(USA)%'::text))", "Rows Removed by Filter": 56667}]}, {"Node Type": "Index Scan", "Parent Relationship": "Inner", "Scan Direction": "Forward", "Index Name": "title_pkey", "Relation Name": "title", "Alias": "t", "Startup Cost": 0.0, "Total Cost": 3.91, "Plan Rows": 1, "Plan Width": 21, "Actual Startup Time": 278.16, "Actual Total Time": 278.16, "Actual Rows": 48328, "Actual Loops": 48328, "Index Cond": "(id = mc.movie_id)", "Rows Removed by Index Recheck": 0}]}, {"Node Type": "Index Scan", "Parent Relationship": "Inner", "Scan Direction": "Forward", "Index Name": "movie_id_cast_info", "Relation Name": "cast_info", "Alias": "ci", "Startup Cost": 0.0, "Total Cost": 0.98, "Plan Rows": 1, "Plan Width": 12, "Actual Startup Time": 2849.927, "Actual Total Time": 2982.59, "Actual Rows": 19600, "Actual Loops": 48328, "Index Cond": "(movie_id = t.id)", "Rows Removed by Index Recheck": 0, "Filter": "((note)::text = '(voice: English version)'::text)", "Rows Removed by Filter": 1531710}]}]}, {"Node Type": "Index Scan", "Parent Relationship": "Inner", "Scan Direction": "Forward", "Index Name": "person_id_aka_name", "Relation Name": "aka_name", "Alias": "an1", "Startup Cost": 0.0, "Total Cost": 0.84, "Plan Rows": 1, "Plan Width": 20, "Actual Startup Time": 34.558, "Actual Total Time": 43.048, "Actual Rows": 17379, "Actual Loops": 7438, "Index Cond": "(person_id = ci.person_id)", "Rows Removed by Index Recheck": 0}]}, {"Node Type": "Index Scan", "Parent Relationship": "Inner", "Scan Direction": "Forward", "Index Name": "name_pkey", "Relation Name": "name", "Alias": "n1", "Startup Cost": 0.0, "Total Cost": 0.57, "Plan Rows": 1, "Plan Width": 4, "Actual Startup Time": 68.944, "Actual Total Time": 68.944, "Actual Rows": 62, "Actual Loops": 17379, "Index Cond": "(id = an1.person_id)", "Rows Removed by Index Recheck": 0, "Filter": "(((name)::text ~~ '%Yo%'::text) AND ((name)::text !~~ '%Yu%'::text))", "Rows Removed by Filter": 17317}]}]}, "Triggers": [], "Planner Runtime": 6, "Total Runtime": 3997.429, "Unique SQL Id": 3544391839}}, "(64, 126)": {"explain_plan": {"Plan": {"Node Type": "Aggregate", "Strategy": "Plain", "Startup Cost": 895092.73, "Total Cost": 895092.74, "Plan Rows": 1, "Plan Width": 97, "Plans": [{"Node Type": "Nested Loop", "Parent Relationship": "Outer", "Join Type": "Inner", "Startup Cost": 0.0, "Total Cost": 895092.67, "Plan Rows": 12, "Plan Width": 33, "Inner Unique": false, "Join Filter": "(mc.company_id = cn.id)", "Plans": [{"Node Type": "Seq Scan", "Parent Relationship": "Outer", "Relation Name": "company_name", "Alias": "cn", "Startup Cost": 0.0, "Total Cost": 5903.45, "Plan Rows": 6290, "Plan Width": 4, "Filter": "((country_code)::text = '[jp]'::text)"}, {"Node Type": "Materialize", "Parent Relationship": "Inner", "Startup Cost": 0.0, "Total Cost": 882113.16, "Plan Rows": 75, "Plan Width": 37, "Plans": [{"Node Type": "Streaming(type: LOCAL GATHER dop: 1/64)", "Parent Relationship": "Outer", "Startup Cost": 0.0, "Total Cost": 882112.78, "Plan Rows": 75, "Plan Width": 37, "Plans": [{"Node Type": "Nested Loop", "Parent Relationship": "Outer", "Join Type": "Inner", "Startup Cost": 0.0, "Total Cost": 882111.23, "Plan Rows": 75, "Plan Width": 37, "Inner Unique": false, "Join Filter": "(ci.movie_id = t.id)", "Plans": [{"Node Type": "Streaming(type: LOCAL ROUNDROBIN dop: 64/1)", "Parent Relationship": "Outer", "Startup Cost": 0.0, "Total Cost": 175227.87, "Plan Rows": 2528311, "Plan Width": 21, "Plans": [{"Node Type": "Seq Scan", "Parent Relationship": "Outer", "Relation Name": "title", "Alias": "t", "Startup Cost": 0.0, "Total Cost": 60069.11, "Plan Rows": 2528311, "Plan Width": 21}]}, {"Node Type": "Materialize", "Parent Relationship": "Inner", "Startup Cost": 0.0, "Total Cost": 662440.58, "Plan Rows": 4800, "Plan Width": 28, "Plans": [{"Node Type": "Streaming(type: BROADCAST dop: 64/64)", "Parent Relationship": "Outer", "Startup Cost": 0.0, "Total Cost": 662440.21, "Plan Rows": 4800, "Plan Width": 28, "Plans": [{"Node Type": "Nested Loop", "Parent Relationship": "Outer", "Join Type": "Inner", "Startup Cost": 0.0, "Total Cost": 599437.16, "Plan Rows": 75, "Plan Width": 28, "Inner Unique": false, "Join Filter": "(n1.id = an1.person_id)", "Plans": [{"Node Type": "Streaming(type: LOCAL REDISTRIBUTE dop: 64/1)", "Parent Relationship": "Outer", "Startup Cost": 0.0, "Total Cost": 119529.84, "Plan Rows": 901342, "Plan Width": 20, "Plans": [{"Node Type": "Seq Scan", "Parent Relationship": "Outer", "Relation Name": "aka_name", "Alias": "an1", "Startup Cost": 0.0, "Total Cost": 19908.42, "Plan Rows": 901342, "Plan Width": 20}]}, {"Node Type": "Materialize", "Parent Relationship": "Inner", "Startup Cost": 0.0, "Total Cost": 476425.01, "Plan Rows": 1055, "Plan Width": 20, "Plans": [{"Node Type": "Streaming(type: LOCAL REDISTRIBUTE dop: 64/64)", "Parent Relationship": "Outer", "Startup Cost": 0.0, "Total Cost": 476424.92, "Plan Rows": 1055, "Plan Width": 20, "Plans": [{"Node Type": "Nested Loop", "Parent Relationship": "Outer", "Join Type": "Inner", "Startup Cost": 0.0, "Total Cost": 413423.92, "Plan Rows": 1055, "Plan Width": 20, "Inner Unique": true, "Join Filter": "(ci.person_id = n1.id)", "Plans": [{"Node Type": "Streaming(type: BROADCAST dop: 64/1)", "Parent Relationship": "Outer", "Startup Cost": 0.0, "Total Cost": 337779.92, "Plan Rows": 213632, "Plan Width": 16, "Plans": [{"Node Type": "Nested Loop", "Parent Relationship": "Outer", "Join Type": "Inner", "Startup Cost": 0.0, "Total Cost": 270372.72, "Plan Rows": 3338, "Plan Width": 16, "Inner Unique": false, "Join Filter": "(ci.role_id = rt.id)", "Plans": [{"Node Type": "Seq Scan", "Parent Relationship": "Outer", "Relation Name": "role_type", "Alias": "rt", "Startup Cost": 0.0, "Total Cost": 1.15, "Plan Rows": 1, "Plan Width": 4, "Filter": "((role)::text = 'actress'::text)"}, {"Node Type": "Materialize", "Parent Relationship": "Inner", "Startup Cost": 0.0, "Total Cost": 270004.35, "Plan Rows": 36722, "Plan Width": 20, "Plans": [{"Node Type": "Streaming(type: LOCAL GATHER dop: 1/64)", "Parent Relationship": "Outer", "Startup Cost": 0.0, "Total Cost": 269912.55, "Plan Rows": 36722, "Plan Width": 20, "Plans": [{"Node Type": "Nested Loop", "Parent Relationship": "Outer", "Join Type": "Inner", "Startup Cost": 0.0, "Total Cost": 269154.97, "Plan Rows": 36722, "Plan Width": 20, "Inner Unique": false, "Join Filter": "(ci.movie_id = mc.movie_id)", "Plans": [{"Node Type": "Streaming(type: LOCAL REDISTRIBUTE dop: 64/64)", "Parent Relationship": "Outer", "Startup Cost": 0.0, "Total Cost": 136912.32, "Plan Rows": 96692, "Plan Width": 12, "Plans": [{"Node Type": "Seq Scan", "Parent Relationship": "Outer", "Relation Name": "cast_info", "Alias": "ci", "Startup Cost": 0.0, "Total Cost": 73820.73, "Plan Rows": 96692, "Plan Width": 12, "Filter": "((note)::text = '(voice: English version)'::text)"}]}, {"Node Type": "Materialize", "Parent Relationship": "Inner", "Startup Cost": 0.0, "Total Cost": 119345.75, "Plan Rows": 36426, "Plan Width": 8, "Plans": [{"Node Type": "Streaming(type: LOCAL REDISTRIBUTE dop: 64/1)", "Parent Relationship": "Outer", "Startup Cost": 0.0, "Total Cost": 119342.9, "Plan Rows": 36426, "Plan Width": 8, "Plans": [{"Node Type": "Seq Scan", "Parent Relationship": "Outer", "Relation Name": "movie_companies", "Alias": "mc", "Startup Cost": 0.0, "Total Cost": 54862.92, "Plan Rows": 36426, "Plan Width": 8, "Filter": "(((note)::text ~~ '%(Japan)%'::text) AND ((note)::text !~~ '%(USA)%'::text))"}]}]}]}]}]}]}]}, {"Node Type": "Materialize", "Parent Relationship": "Inner", "Startup Cost": 0.0, "Total Cost": 64780.92, "Plan Rows": 13886, "Plan Width": 4, "Plans": [{"Node Type": "Seq Scan", "Parent Relationship": "Outer", "Relation Name": "name", "Alias": "n1", "Startup Cost": 0.0, "Total Cost": 64779.83, "Plan Rows": 13886, "Plan Width": 4, "Filter": "(((name)::text ~~ '%Yo%'::text) AND ((name)::text !~~ '%Yu%'::text))"}]}]}]}]}]}]}]}]}]}]}]}]}, "Unique SQL Id": 3544391839, "Planner Runtime": 13}, "explain_analyze_plan": null}, "(64, 127)": {"explain_plan": {"Plan": {"Node Type": "Aggregate", "Strategy": "Plain", "Startup Cost": 7000209677653.96, "Total Cost": 7000209677653.97, "Plan Rows": 1, "Plan Width": 97, "Plans": [{"Node Type": "Nested Loop", "Parent Relationship": "Outer", "Join Type": "Inner", "Startup Cost": 70000000000.0, "Total Cost": 7000209677653.91, "Plan Rows": 12, "Plan Width": 33, "Inner Unique": false, "Join Filter": "(ci.movie_id = t.id)", "Plans": [{"Node Type": "Index Scan", "Parent Relationship": "Outer", "Scan Direction": "Forward", "Index Name": "title_pkey", "Relation Name": "title", "Alias": "t", "Startup Cost": 10000000000.0, "Total Cost": 1000011012048.91, "Plan Rows": 2528311, "Plan Width": 21}, {"Node Type": "Materialize", "Parent Relationship": "Inner", "Startup Cost": 60000000000.0, "Total Cost": 6000198210509.04, "Plan Rows": 12, "Plan Width": 24, "Plans": [{"Node Type": "Nested Loop", "Parent Relationship": "Outer", "Join Type": "Inner", "Startup Cost": 60000000000.0, "Total Cost": 6000198210508.98, "Plan Rows": 12, "Plan Width": 24, "Inner Unique": false, "Join Filter": "(n1.id = an1.person_id)", "Plans": [{"Node Type": "Nested Loop", "Parent Relationship": "Outer", "Join Type": "Inner", "Startup Cost": 50000000000.0, "Total Cost": 5000190257182.06, "Plan Rows": 78, "Plan Width": 16, "Inner Unique": true, "Join Filter": "(ci.person_id = n1.id)", "Plans": [{"Node Type": "Nested Loop", "Parent Relationship": "Outer", "Join Type": "Inner", "Startup Cost": 40000000000.0, "Total Cost": 4000170439317.36, "Plan Rows": 532, "Plan Width": 12, "Inner Unique": true, "Join Filter": "(ci.role_id = rt.id)", "Plans": [{"Node Type": "Nested Loop", "Parent Relationship": "Outer", "Join Type": "Inner", "Startup Cost": 30000000000.0, "Total Cost": 3000170437983.65, "Plan Rows": 5847, "Plan Width": 16, "Inner Unique": false, "Join Filter": "(mc.movie_id = ci.movie_id)", "Plans": [{"Node Type": "Nested Loop", "Parent Relationship": "Outer", "Join Type": "Inner", "Startup Cost": 20000000000.0, "Total Cost": 2000018843457.92, "Plan Rows": 5775, "Plan Width": 4, "Inner Unique": true, "Join Filter": "(cn.id = mc.company_id)", "Plans": [{"Node Type": "Index Scan", "Parent Relationship": "Outer", "Scan Direction": "Forward", "Index Name": "movie_id_movie_companies", "Relation Name": "movie_companies", "Alias": "mc", "Startup Cost": 10000000000.0, "Total Cost": 1000014356510.13, "Plan Rows": 36426, "Plan Width": 8, "Filter": "(((note)::text ~~ '%(Japan)%'::text) AND ((note)::text !~~ '%(USA)%'::text))"}, {"Node Type": "Materialize", "Parent Relationship": "Inner", "Startup Cost": 10000000000.0, "Total Cost": 1000001050170.42, "Plan Rows": 6290, "Plan Width": 4, "Plans": [{"Node Type": "Index Scan", "Parent Relationship": "Outer", "Scan Direction": "Forward", "Index Name": "company_name_pkey", "Relation Name": "company_name", "Alias": "cn", "Startup Cost": 10000000000.0, "Total Cost": 1000001050138.97, "Plan Rows": 6290, "Plan Width": 4, "Filter": "((country_code)::text = '[jp]'::text)"}]}]}, {"Node Type": "Materialize", "Parent Relationship": "Inner", "Startup Cost": 10000000000.0, "Total Cost": 1000143218822.96, "Plan Rows": 96692, "Plan Width": 12, "Plans": [{"Node Type": "Index Scan", "Parent Relationship": "Outer", "Scan Direction": "Forward", "Index Name": "role_id_cast_info", "Relation Name": "cast_info", "Alias": "ci", "Startup Cost": 10000000000.0, "Total Cost": 1000143218339.5, "Plan Rows": 96692, "Plan Width": 12, "Filter": "((note)::text = '(voice: English version)'::text)"}]}]}, {"Node Type": "Materialize", "Parent Relationship": "Inner", "Startup Cost": 10000000000.0, "Total Cost": 1000000001246.0, "Plan Rows": 1, "Plan Width": 4, "Plans": [{"Node Type": "Index Scan", "Parent Relationship": "Outer", "Scan Direction": "Forward", "Index Name": "role_type_pkey", "Relation Name": "role_type", "Alias": "rt", "Startup Cost": 10000000000.0, "Total Cost": 1000000001246.0, "Plan Rows": 1, "Plan Width": 4, "Filter": "((role)::text = 'actress'::text)"}]}]}, {"Node Type": "Materialize", "Parent Relationship": "Inner", "Startup Cost": 10000000000.0, "Total Cost": 1000019707089.13, "Plan Rows": 13886, "Plan Width": 4, "Plans": [{"Node Type": "Index Scan", "Parent Relationship": "Outer", "Scan Direction": "Forward", "Index Name": "name_pkey", "Relation Name": "name", "Alias": "n1", "Startup Cost": 10000000000.0, "Total Cost": 1000019707019.7, "Plan Rows": 13886, "Plan Width": 4, "Filter": "(((name)::text ~~ '%Yo%'::text) AND ((name)::text !~~ '%Yu%'::text))"}]}]}, {"Node Type": "Materialize", "Parent Relationship": "Inner", "Startup Cost": 10000000000.0, "Total Cost": 1000006901010.14, "Plan Rows": 901342, "Plan Width": 20, "Plans": [{"Node Type": "Index Scan", "Parent Relationship": "Outer", "Scan Direction": "Forward", "Index Name": "person_id_aka_name", "Relation Name": "aka_name", "Alias": "an1", "Startup Cost": 10000000000.0, "Total Cost": 1000006896503.43, "Plan Rows": 901342, "Plan Width": 20}]}]}]}]}]}, "Unique SQL Id": 3544391839, "Planner Runtime": 6}, "explain_analyze_plan": null}}