{"(1, '0')": {"explain_plan": {"Plan": {"Node Type": "Aggregate", "Strategy": "Plain", "Startup Cost": 76019.18, "Total Cost": 76019.19, "Plan Rows": 1, "Plan Width": 97, "Plans": [{"Node Type": "Nested Loop", "Parent Relationship": "Outer", "Join Type": "Inner", "Startup Cost": 5982.08, "Total Cost": 76019.18, "Plan Rows": 1, "Plan Width": 33, "Inner Unique": true, "Plans": [{"Node Type": "Nested Loop", "Parent Relationship": "Outer", "Join Type": "Inner", "Startup Cost": 5982.08, "Total Cost": 76018.9, "Plan Rows": 1, "Plan Width": 37, "Inner Unique": true, "Plans": [{"Node Type": "Nested Loop", "Parent Relationship": "Outer", "Join Type": "Inner", "Startup Cost": 5982.08, "Total Cost": 76018.31, "Plan Rows": 1, "Plan Width": 45, "Inner Unique": false, "Plans": [{"Node Type": "Nested Loop", "Parent Relationship": "Outer", "Join Type": "Inner", "Startup Cost": 5982.08, "Total Cost": 76017.46, "Plan Rows": 1, "Plan Width": 25, "Inner Unique": false, "Join Filter": "(t.id = ci.movie_id)", "Plans": [{"Node Type": "Nested Loop", "Parent Relationship": "Outer", "Join Type": "Inner", "Startup Cost": 5982.08, "Total Cost": 75961.68, "Plan Rows": 2, "Plan Width": 25, "Inner Unique": true, "Plans": [{"Node Type": "Hash Join", "Parent Relationship": "Outer", "Join Type": "Inner", "Startup Cost": 5982.08, "Total Cost": 73899.45, "Plan Rows": 262, "Plan Width": 4, "Inner Unique": true, "Hash Cond": "(mc.company_id = cn.id)", "Plans": [{"Node Type": "Seq Scan", "Parent Relationship": "Outer", "Relation Name": "movie_companies", "Alias": "mc", "Startup Cost": 0.0, "Total Cost": 67908.56, "Plan Rows": 1652, "Plan Width": 8, "Filter": "(((note)::text ~~ '%(Japan)%'::text) AND ((note)::text !~~ '%(USA)%'::text) AND (((note)::text ~~ '%(2006)%'::text) OR ((note)::text ~~ '%(2007)%'::text)))"}, {"Node Type": "Hash", "Parent Relationship": "Inner", "Startup Cost": 5903.45, "Total Cost": 5903.45, "Plan Rows": 6290, "Plan Width": 4, "Plans": [{"Node Type": "Seq Scan", "Parent Relationship": "Outer", "Relation Name": "company_name", "Alias": "cn", "Startup Cost": 0.0, "Total Cost": 5903.45, "Plan Rows": 6290, "Plan Width": 4, "Filter": "((country_code)::text = '[jp]'::text)"}]}]}, {"Node Type": "Index Scan", "Parent Relationship": "Inner", "Scan Direction": "Forward", "Index Name": "title_pkey", "Relation Name": "title", "Alias": "t", "Startup Cost": 0.0, "Total Cost": 7.86, "Plan Rows": 1, "Plan Width": 21, "Index Cond": "(id = mc.movie_id)", "Filter": "((production_year >= 2006) AND (production_year <= 2007) AND (((title)::text ~~ 'One Piece%'::text) OR ((title)::text ~~ 'Dragon Ball Z%'::text)))"}]}, {"Node Type": "Index Scan", "Parent Relationship": "Inner", "Scan Direction": "Forward", "Index Name": "movie_id_cast_info", "Relation Name": "cast_info", "Alias": "ci", "Startup Cost": 0.0, "Total Cost": 27.88, "Plan Rows": 1, "Plan Width": 12, "Index Cond": "(movie_id = mc.movie_id)", "Filter": "((note)::text = '(voice: English version)'::text)"}]}, {"Node Type": "Index Scan", "Parent Relationship": "Inner", "Scan Direction": "Forward", "Index Name": "person_id_aka_name", "Relation Name": "aka_name", "Alias": "an", "Startup Cost": 0.0, "Total Cost": 0.84, "Plan Rows": 1, "Plan Width": 20, "Index Cond": "(person_id = ci.person_id)"}]}, {"Node Type": "Index Scan", "Parent Relationship": "Inner", "Scan Direction": "Forward", "Index Name": "name_pkey", "Relation Name": "name", "Alias": "n", "Startup Cost": 0.0, "Total Cost": 0.57, "Plan Rows": 1, "Plan Width": 4, "Index Cond": "(id = an.person_id)", "Filter": "(((name)::text ~~ '%Yo%'::text) AND ((name)::text !~~ '%Yu%'::text))"}]}, {"Node Type": "Index Scan", "Parent Relationship": "Inner", "Scan Direction": "Forward", "Index Name": "role_type_pkey", "Relation Name": "role_type", "Alias": "rt", "Startup Cost": 0.0, "Total Cost": 0.27, "Plan Rows": 1, "Plan Width": 4, "Index Cond": "(id = ci.role_id)", "Filter": "((role)::text = 'actress'::text)"}]}]}, "Unique SQL Id": 3956435728, "Planner Runtime": 22}, "explain_analyze_plan": {"Plan": {"Node Type": "Aggregate", "Strategy": "Plain", "Startup Cost": 76019.18, "Total Cost": 76019.19, "Plan Rows": 1, "Plan Width": 97, "Actual Startup Time": 1150.019, "Actual Total Time": 1150.02, "Actual Rows": 1, "Actual Loops": 1, "Plans": [{"Node Type": "Nested Loop", "Parent Relationship": "Outer", "Join Type": "Inner", "Startup Cost": 5982.08, "Total Cost": 76019.18, "Plan Rows": 1, "Plan Width": 33, "Actual Startup Time": 445.745, "Actual Total Time": 1149.979, "Actual Rows": 6, "Actual Loops": 1, "Inner Unique": true, "Plans": [{"Node Type": "Nested Loop", "Parent Relationship": "Outer", "Join Type": "Inner", "Startup Cost": 5982.08, "Total Cost": 76018.9, "Plan Rows": 1, "Plan Width": 37, "Actual Startup Time": 445.724, "Actual Total Time": 1149.932, "Actual Rows": 6, "Actual Loops": 1, "Inner Unique": true, "Plans": [{"Node Type": "Nested Loop", "Parent Relationship": "Outer", "Join Type": "Inner", "Startup Cost": 5982.08, "Total Cost": 76018.31, "Plan Rows": 1, "Plan Width": 45, "Actual Startup Time": 445.108, "Actual Total Time": 1148.889, "Actual Rows": 171, "Actual Loops": 1, "Inner Unique": false, "Plans": [{"Node Type": "Nested Loop", "Parent Relationship": "Outer", "Join Type": "Inner", "Startup Cost": 5982.08, "Total Cost": 76017.46, "Plan Rows": 1, "Plan Width": 25, "Actual Startup Time": 445.082, "Actual Total Time": 1148.012, "Actual Rows": 104, "Actual Loops": 1, "Inner Unique": false, "Join Filter": "(t.id = ci.movie_id)", "Rows Removed by Join Filter": 0, "Plans": [{"Node Type": "Nested Loop", "Parent Relationship": "Outer", "Join Type": "Inner", "Startup Cost": 5982.08, "Total Cost": 75961.68, "Plan Rows": 2, "Plan Width": 25, "Actual Startup Time": 445.02, "Actual Total Time": 1147.431, "Actual Rows": 4, "Actual Loops": 1, "Inner Unique": true, "Plans": [{"Node Type": "Hash Join", "Parent Relationship": "Outer", "Join Type": "Inner", "Startup Cost": 5982.08, "Total Cost": 73899.45, "Plan Rows": 262, "Plan Width": 4, "Actual Startup Time": 89.577, "Actual Total Time": 1092.318, "Actual Rows": 8495, "Actual Loops": 1, "Inner Unique": true, "Hash Cond": "(mc.company_id = cn.id)", "Plans": [{"Node Type": "Seq Scan", "Parent Relationship": "Outer", "Relation Name": "movie_companies", "Alias": "mc", "Startup Cost": 0.0, "Total Cost": 67908.56, "Plan Rows": 1652, "Plan Width": 8, "Actual Startup Time": 0.283, "Actual Total Time": 997.739, "Actual Rows": 8569, "Actual Loops": 1, "Filter": "(((note)::text ~~ '%(Japan)%'::text) AND ((note)::text !~~ '%(USA)%'::text) AND (((note)::text ~~ '%(2006)%'::text) OR ((note)::text ~~ '%(2007)%'::text)))", "Rows Removed by Filter": 2600559}, {"Node Type": "Hash", "Parent Relationship": "Inner", "Startup Cost": 5903.45, "Total Cost": 5903.45, "Plan Rows": 6290, "Plan Width": 4, "Actual Startup Time": 89.227, "Actual Total Time": 89.227, "Actual Rows": 6752, "Actual Loops": 1, "Hash Buckets": 32768, "Hash Batches": 1, "Original Hash Batches": 1, "Peak Memory Usage": 238, "Plans": [{"Node Type": "Seq Scan", "Parent Relationship": "Outer", "Relation Name": "company_name", "Alias": "cn", "Startup Cost": 0.0, "Total Cost": 5903.45, "Plan Rows": 6290, "Plan Width": 4, "Actual Startup Time": 0.03, "Actual Total Time": 86.954, "Actual Rows": 6752, "Actual Loops": 1, "Filter": "((country_code)::text = '[jp]'::text)", "Rows Removed by Filter": 228244}]}]}, {"Node Type": "Index Scan", "Parent Relationship": "Inner", "Scan Direction": "Forward", "Index Name": "title_pkey", "Relation Name": "title", "Alias": "t", "Startup Cost": 0.0, "Total Cost": 7.86, "Plan Rows": 1, "Plan Width": 21, "Actual Startup Time": 50.564, "Actual Total Time": 50.564, "Actual Rows": 4, "Actual Loops": 8495, "Index Cond": "(id = mc.movie_id)", "Rows Removed by Index Recheck": 0, "Filter": "((production_year >= 2006) AND (production_year <= 2007) AND (((title)::text ~~ 'One Piece%'::text) OR ((title)::text ~~ 'Dragon Ball Z%'::text)))", "Rows Removed by Filter": 8491}]}, {"Node Type": "Index Scan", "Parent Relationship": "Inner", "Scan Direction": "Forward", "Index Name": "movie_id_cast_info", "Relation Name": "cast_info", "Alias": "ci", "Startup Cost": 0.0, "Total Cost": 27.88, "Plan Rows": 1, "Plan Width": 12, "Actual Startup Time": 0.171, "Actual Total Time": 0.512, "Actual Rows": 104, "Actual Loops": 4, "Index Cond": "(movie_id = mc.movie_id)", "Rows Removed by Index Recheck": 0, "Filter": "((note)::text = '(voice: English version)'::text)", "Rows Removed by Filter": 68}]}, {"Node Type": "Index Scan", "Parent Relationship": "Inner", "Scan Direction": "Forward", "Index Name": "person_id_aka_name", "Relation Name": "aka_name", "Alias": "an", "Startup Cost": 0.0, "Total Cost": 0.84, "Plan Rows": 1, "Plan Width": 20, "Actual Startup Time": 0.648, "Actual Total Time": 0.763, "Actual Rows": 171, "Actual Loops": 104, "Index Cond": "(person_id = ci.person_id)", "Rows Removed by Index Recheck": 0}]}, {"Node Type": "Index Scan", "Parent Relationship": "Inner", "Scan Direction": "Forward", "Index Name": "name_pkey", "Relation Name": "name", "Alias": "n", "Startup Cost": 0.0, "Total Cost": 0.57, "Plan Rows": 1, "Plan Width": 4, "Actual Startup Time": 0.944, "Actual Total Time": 0.944, "Actual Rows": 6, "Actual Loops": 171, "Index Cond": "(id = an.person_id)", "Rows Removed by Index Recheck": 0, "Filter": "(((name)::text ~~ '%Yo%'::text) AND ((name)::text !~~ '%Yu%'::text))", "Rows Removed by Filter": 165}]}, {"Node Type": "Index Scan", "Parent Relationship": "Inner", "Scan Direction": "Forward", "Index Name": "role_type_pkey", "Relation Name": "role_type", "Alias": "rt", "Startup Cost": 0.0, "Total Cost": 0.27, "Plan Rows": 1, "Plan Width": 4, "Actual Startup Time": 0.031, "Actual Total Time": 0.031, "Actual Rows": 6, "Actual Loops": 6, "Index Cond": "(id = ci.role_id)", "Rows Removed by Index Recheck": 0, "Filter": "((role)::text = 'actress'::text)", "Rows Removed by Filter": 0}]}]}, "Triggers": [], "Planner Runtime": 21.278, "Total Runtime": 1150.324, "Unique SQL Id": 3956435728}}, "(1, '1')": {"explain_plan": {"Plan": {"Node Type": "Aggregate", "Strategy": "Plain", "Startup Cost": 84111.26, "Total Cost": 84111.27, "Plan Rows": 1, "Plan Width": 97, "Plans": [{"Node Type": "Nested Loop", "Parent Relationship": "Outer", "Join Type": "Inner", "Startup Cost": 0.0, "Total Cost": 84111.26, "Plan Rows": 1, "Plan Width": 33, "Inner Unique": true, "Plans": [{"Node Type": "Nested Loop", "Parent Relationship": "Outer", "Join Type": "Inner", "Startup Cost": 0.0, "Total Cost": 84110.97, "Plan Rows": 1, "Plan Width": 37, "Inner Unique": true, "Plans": [{"Node Type": "Nested Loop", "Parent Relationship": "Outer", "Join Type": "Inner", "Startup Cost": 0.0, "Total Cost": 84110.39, "Plan Rows": 1, "Plan Width": 45, "Inner Unique": false, "Plans": [{"Node Type": "Nested Loop", "Parent Relationship": "Outer", "Join Type": "Inner", "Startup Cost": 0.0, "Total Cost": 84109.54, "Plan Rows": 1, "Plan Width": 25, "Inner Unique": false, "Join Filter": "(t.id = ci.movie_id)", "Plans": [{"Node Type": "Nested Loop", "Parent Relationship": "Outer", "Join Type": "Inner", "Startup Cost": 0.0, "Total Cost": 84053.76, "Plan Rows": 2, "Plan Width": 25, "Inner Unique": true, "Plans": [{"Node Type": "Nested Loop", "Parent Relationship": "Outer", "Join Type": "Inner", "Startup Cost": 0.0, "Total Cost": 81991.53, "Plan Rows": 262, "Plan Width": 4, "Inner Unique": false, "Plans": [{"Node Type": "Index Scan", "Parent Relationship": "Outer", "Scan Direction": "Forward", "Index Name": "company_name_pkey", "Relation Name": "company_name", "Alias": "cn", "Startup Cost": 0.0, "Total Cost": 10501.39, "Plan Rows": 6290, "Plan Width": 4, "Filter": "((country_code)::text = '[jp]'::text)"}, {"Node Type": "Index Scan", "Parent Relationship": "Inner", "Scan Direction": "Forward", "Index Name": "company_id_movie_companies", "Relation Name": "movie_companies", "Alias": "mc", "Startup Cost": 0.0, "Total Cost": 11.36, "Plan Rows": 1, "Plan Width": 8, "Index Cond": "(company_id = cn.id)", "Filter": "(((note)::text ~~ '%(Japan)%'::text) AND ((note)::text !~~ '%(USA)%'::text) AND (((note)::text ~~ '%(2006)%'::text) OR ((note)::text ~~ '%(2007)%'::text)))"}]}, {"Node Type": "Index Scan", "Parent Relationship": "Inner", "Scan Direction": "Forward", "Index Name": "title_pkey", "Relation Name": "title", "Alias": "t", "Startup Cost": 0.0, "Total Cost": 7.86, "Plan Rows": 1, "Plan Width": 21, "Index Cond": "(id = mc.movie_id)", "Filter": "((production_year >= 2006) AND (production_year <= 2007) AND (((title)::text ~~ 'One Piece%'::text) OR ((title)::text ~~ 'Dragon Ball Z%'::text)))"}]}, {"Node Type": "Index Scan", "Parent Relationship": "Inner", "Scan Direction": "Forward", "Index Name": "movie_id_cast_info", "Relation Name": "cast_info", "Alias": "ci", "Startup Cost": 0.0, "Total Cost": 27.88, "Plan Rows": 1, "Plan Width": 12, "Index Cond": "(movie_id = mc.movie_id)", "Filter": "((note)::text = '(voice: English version)'::text)"}]}, {"Node Type": "Index Scan", "Parent Relationship": "Inner", "Scan Direction": "Forward", "Index Name": "person_id_aka_name", "Relation Name": "aka_name", "Alias": "an", "Startup Cost": 0.0, "Total Cost": 0.84, "Plan Rows": 1, "Plan Width": 20, "Index Cond": "(person_id = ci.person_id)"}]}, {"Node Type": "Index Scan", "Parent Relationship": "Inner", "Scan Direction": "Forward", "Index Name": "name_pkey", "Relation Name": "name", "Alias": "n", "Startup Cost": 0.0, "Total Cost": 0.57, "Plan Rows": 1, "Plan Width": 4, "Index Cond": "(id = an.person_id)", "Filter": "(((name)::text ~~ '%Yo%'::text) AND ((name)::text !~~ '%Yu%'::text))"}]}, {"Node Type": "Index Scan", "Parent Relationship": "Inner", "Scan Direction": "Forward", "Index Name": "role_type_pkey", "Relation Name": "role_type", "Alias": "rt", "Startup Cost": 0.0, "Total Cost": 0.27, "Plan Rows": 1, "Plan Width": 4, "Index Cond": "(id = ci.role_id)", "Filter": "((role)::text = 'actress'::text)"}]}]}, "Unique SQL Id": 3956435728, "Planner Runtime": 25}, "explain_analyze_plan": {"Plan": {"Node Type": "Aggregate", "Strategy": "Plain", "Startup Cost": 84111.26, "Total Cost": 84111.27, "Plan Rows": 1, "Plan Width": 97, "Actual Startup Time": 581.73, "Actual Total Time": 581.73, "Actual Rows": 1, "Actual Loops": 1, "Plans": [{"Node Type": "Nested Loop", "Parent Relationship": "Outer", "Join Type": "Inner", "Startup Cost": 0.0, "Total Cost": 84111.26, "Plan Rows": 1, "Plan Width": 33, "Actual Startup Time": 54.321, "Actual Total Time": 581.694, "Actual Rows": 6, "Actual Loops": 1, "Inner Unique": true, "Plans": [{"Node Type": "Nested Loop", "Parent Relationship": "Outer", "Join Type": "Inner", "Startup Cost": 0.0, "Total Cost": 84110.97, "Plan Rows": 1, "Plan Width": 37, "Actual Startup Time": 54.312, "Actual Total Time": 581.658, "Actual Rows": 6, "Actual Loops": 1, "Inner Unique": true, "Plans": [{"Node Type": "Nested Loop", "Parent Relationship": "Outer", "Join Type": "Inner", "Startup Cost": 0.0, "Total Cost": 84110.39, "Plan Rows": 1, "Plan Width": 45, "Actual Startup Time": 53.198, "Actual Total Time": 580.628, "Actual Rows": 171, "Actual Loops": 1, "Inner Unique": false, "Plans": [{"Node Type": "Nested Loop", "Parent Relationship": "Outer", "Join Type": "Inner", "Startup Cost": 0.0, "Total Cost": 84109.54, "Plan Rows": 1, "Plan Width": 25, "Actual Startup Time": 53.177, "Actual Total Time": 579.772, "Actual Rows": 104, "Actual Loops": 1, "Inner Unique": false, "Join Filter": "(t.id = ci.movie_id)", "Rows Removed by Join Filter": 0, "Plans": [{"Node Type": "Nested Loop", "Parent Relationship": "Outer", "Join Type": "Inner", "Startup Cost": 0.0, "Total Cost": 84053.76, "Plan Rows": 2, "Plan Width": 25, "Actual Startup Time": 53.042, "Actual Total Time": 579.227, "Actual Rows": 4, "Actual Loops": 1, "Inner Unique": true, "Plans": [{"Node Type": "Nested Loop", "Parent Relationship": "Outer", "Join Type": "Inner", "Startup Cost": 0.0, "Total Cost": 81991.53, "Plan Rows": 262, "Plan Width": 4, "Actual Startup Time": 0.312, "Actual Total Time": 518.839, "Actual Rows": 8495, "Actual Loops": 1, "Inner Unique": false, "Plans": [{"Node Type": "Index Scan", "Parent Relationship": "Outer", "Scan Direction": "Forward", "Index Name": "company_name_pkey", "Relation Name": "company_name", "Alias": "cn", "Startup Cost": 0.0, "Total Cost": 10501.39, "Plan Rows": 6290, "Plan Width": 4, "Actual Startup Time": 0.264, "Actual Total Time": 291.012, "Actual Rows": 6752, "Actual Loops": 1, "Filter": "((country_code)::text = '[jp]'::text)", "Rows Removed by Filter": 228244}, {"Node Type": "Index Scan", "Parent Relationship": "Inner", "Scan Direction": "Forward", "Index Name": "company_id_movie_companies", "Relation Name": "movie_companies", "Alias": "mc", "Startup Cost": 0.0, "Total Cost": 11.36, "Plan Rows": 1, "Plan Width": 8, "Actual Startup Time": 100.149, "Actual Total Time": 221.814, "Actual Rows": 8495, "Actual Loops": 6752, "Index Cond": "(company_id = cn.id)", "Rows Removed by Index Recheck": 0, "Filter": "(((note)::text ~~ '%(Japan)%'::text) AND ((note)::text !~~ '%(USA)%'::text) AND (((note)::text ~~ '%(2006)%'::text) OR ((note)::text ~~ '%(2007)%'::text)))", "Rows Removed by Filter": 96500}]}, {"Node Type": "Index Scan", "Parent Relationship": "Inner", "Scan Direction": "Forward", "Index Name": "title_pkey", "Relation Name": "title", "Alias": "t", "Startup Cost": 0.0, "Total Cost": 7.86, "Plan Rows": 1, "Plan Width": 21, "Actual Startup Time": 55.844, "Actual Total Time": 55.844, "Actual Rows": 4, "Actual Loops": 8495, "Index Cond": "(id = mc.movie_id)", "Rows Removed by Index Recheck": 0, "Filter": "((production_year >= 2006) AND (production_year <= 2007) AND (((title)::text ~~ 'One Piece%'::text) OR ((title)::text ~~ 'Dragon Ball Z%'::text)))", "Rows Removed by Filter": 8491}]}, {"Node Type": "Index Scan", "Parent Relationship": "Inner", "Scan Direction": "Forward", "Index Name": "movie_id_cast_info", "Relation Name": "cast_info", "Alias": "ci", "Startup Cost": 0.0, "Total Cost": 27.88, "Plan Rows": 1, "Plan Width": 12, "Actual Startup Time": 0.155, "Actual Total Time": 0.487, "Actual Rows": 104, "Actual Loops": 4, "Index Cond": "(movie_id = mc.movie_id)", "Rows Removed by Index Recheck": 0, "Filter": "((note)::text = '(voice: English version)'::text)", "Rows Removed by Filter": 68}]}, {"Node Type": "Index Scan", "Parent Relationship": "Inner", "Scan Direction": "Forward", "Index Name": "person_id_aka_name", "Relation Name": "aka_name", "Alias": "an", "Startup Cost": 0.0, "Total Cost": 0.84, "Plan Rows": 1, "Plan Width": 20, "Actual Startup Time": 0.629, "Actual Total Time": 0.74, "Actual Rows": 171, "Actual Loops": 104, "Index Cond": "(person_id = ci.person_id)", "Rows Removed by Index Recheck": 0}]}, {"Node Type": "Index Scan", "Parent Relationship": "Inner", "Scan Direction": "Forward", "Index Name": "name_pkey", "Relation Name": "name", "Alias": "n", "Startup Cost": 0.0, "Total Cost": 0.57, "Plan Rows": 1, "Plan Width": 4, "Actual Startup Time": 0.94, "Actual Total Time": 0.94, "Actual Rows": 6, "Actual Loops": 171, "Index Cond": "(id = an.person_id)", "Rows Removed by Index Recheck": 0, "Filter": "(((name)::text ~~ '%Yo%'::text) AND ((name)::text !~~ '%Yu%'::text))", "Rows Removed by Filter": 165}]}, {"Node Type": "Index Scan", "Parent Relationship": "Inner", "Scan Direction": "Forward", "Index Name": "role_type_pkey", "Relation Name": "role_type", "Alias": "rt", "Startup Cost": 0.0, "Total Cost": 0.27, "Plan Rows": 1, "Plan Width": 4, "Actual Startup Time": 0.022, "Actual Total Time": 0.022, "Actual Rows": 6, "Actual Loops": 6, "Index Cond": "(id = ci.role_id)", "Rows Removed by Index Recheck": 0, "Filter": "((role)::text = 'actress'::text)", "Rows Removed by Filter": 0}]}]}, "Triggers": [], "Planner Runtime": 25.043, "Total Runtime": 582.138, "Unique SQL Id": 3956435728}}, "(1, '2')": {"explain_plan": {"Plan": {"Node Type": "Aggregate", "Strategy": "Plain", "Startup Cost": 76052.35, "Total Cost": 76052.36, "Plan Rows": 1, "Plan Width": 97, "Plans": [{"Node Type": "Nested Loop", "Parent Relationship": "Outer", "Join Type": "Inner", "Startup Cost": 5990.99, "Total Cost": 76052.35, "Plan Rows": 1, "Plan Width": 33, "Inner Unique": true, "Join Filter": "(ci.role_id = rt.id)", "Plans": [{"Node Type": "Nested Loop", "Parent Relationship": "Outer", "Join Type": "Inner", "Startup Cost": 5990.99, "Total Cost": 76051.18, "Plan Rows": 1, "Plan Width": 37, "Inner Unique": true, "Plans": [{"Node Type": "Nested Loop", "Parent Relationship": "Outer", "Join Type": "Inner", "Startup Cost": 5990.66, "Total Cost": 76046.83, "Plan Rows": 1, "Plan Width": 45, "Inner Unique": false, "Plans": [{"Node Type": "Nested Loop", "Parent Relationship": "Outer", "Join Type": "Inner", "Startup Cost": 5990.28, "Total Cost": 76042.43, "Plan Rows": 1, "Plan Width": 25, "Inner Unique": false, "Join Filter": "(t.id = ci.movie_id)", "Plans": [{"Node Type": "Nested Loop", "Parent Relationship": "Outer", "Join Type": "Inner", "Startup Cost": 5986.01, "Total Cost": 75985.85, "Plan Rows": 2, "Plan Width": 25, "Inner Unique": true, "Plans": [{"Node Type": "Hash Join", "Parent Relationship": "Outer", "Join Type": "Inner", "Startup Cost": 5982.08, "Total Cost": 73899.45, "Plan Rows": 262, "Plan Width": 4, "Inner Unique": true, "Hash Cond": "(mc.company_id = cn.id)", "Plans": [{"Node Type": "Seq Scan", "Parent Relationship": "Outer", "Relation Name": "movie_companies", "Alias": "mc", "Startup Cost": 0.0, "Total Cost": 67908.56, "Plan Rows": 1652, "Plan Width": 8, "Filter": "(((note)::text ~~ '%(Japan)%'::text) AND ((note)::text !~~ '%(USA)%'::text) AND (((note)::text ~~ '%(2006)%'::text) OR ((note)::text ~~ '%(2007)%'::text)))"}, {"Node Type": "Hash", "Parent Relationship": "Inner", "Startup Cost": 5903.45, "Total Cost": 5903.45, "Plan Rows": 6290, "Plan Width": 4, "Plans": [{"Node Type": "Seq Scan", "Parent Relationship": "Outer", "Relation Name": "company_name", "Alias": "cn", "Startup Cost": 0.0, "Total Cost": 5903.45, "Plan Rows": 6290, "Plan Width": 4, "Filter": "((country_code)::text = '[jp]'::text)"}]}]}, {"Node Type": "Bitmap Heap Scan", "Parent Relationship": "Inner", "Relation Name": "title", "Alias": "t", "Startup Cost": 3.93, "Total Cost": 7.95, "Plan Rows": 1, "Plan Width": 21, "Recheck Cond": "(id = mc.movie_id)", "Filter": "((production_year >= 2006) AND (production_year <= 2007) AND (((title)::text ~~ 'One Piece%'::text) OR ((title)::text ~~ 'Dragon Ball Z%'::text)))", "Plans": [{"Node Type": "Bitmap Index Scan", "Parent Relationship": "Outer", "Index Name": "title_pkey", "Startup Cost": 0.0, "Total Cost": 3.93, "Plan Rows": 1, "Plan Width": 0, "Index Cond": "(id = mc.movie_id)"}]}]}, {"Node Type": "Bitmap Heap Scan", "Parent Relationship": "Inner", "Relation Name": "cast_info", "Alias": "ci", "Startup Cost": 4.27, "Total Cost": 28.27, "Plan Rows": 1, "Plan Width": 12, "Recheck Cond": "(movie_id = mc.movie_id)", "Filter": "((note)::text = '(voice: English version)'::text)", "Plans": [{"Node Type": "Bitmap Index Scan", "Parent Relationship": "Outer", "Index Name": "movie_id_cast_info", "Startup Cost": 0.0, "Total Cost": 4.27, "Plan Rows": 6, "Plan Width": 0, "Index Cond": "(movie_id = mc.movie_id)"}]}]}, {"Node Type": "Bitmap Heap Scan", "Parent Relationship": "Inner", "Relation Name": "aka_name", "Alias": "an", "Startup Cost": 0.38, "Total Cost": 4.39, "Plan Rows": 1, "Plan Width": 20, "Recheck Cond": "(person_id = ci.person_id)", "Plans": [{"Node Type": "Bitmap Index Scan", "Parent Relationship": "Outer", "Index Name": "person_id_aka_name", "Startup Cost": 0.0, "Total Cost": 0.38, "Plan Rows": 1, "Plan Width": 0, "Index Cond": "(person_id = ci.person_id)"}]}]}, {"Node Type": "Bitmap Heap Scan", "Parent Relationship": "Inner", "Relation Name": "name", "Alias": "n", "Startup Cost": 0.33, "Total Cost": 4.34, "Plan Rows": 1, "Plan Width": 4, "Recheck Cond": "(id = an.person_id)", "Filter": "(((name)::text ~~ '%Yo%'::text) AND ((name)::text !~~ '%Yu%'::text))", "Plans": [{"Node Type": "Bitmap Index Scan", "Parent Relationship": "Outer", "Index Name": "name_pkey", "Startup Cost": 0.0, "Total Cost": 0.33, "Plan Rows": 1, "Plan Width": 0, "Index Cond": "(id = an.person_id)"}]}]}, {"Node Type": "Seq Scan", "Parent Relationship": "Inner", "Relation Name": "role_type", "Alias": "rt", "Startup Cost": 0.0, "Total Cost": 1.15, "Plan Rows": 1, "Plan Width": 4, "Filter": "((role)::text = 'actress'::text)"}]}]}, "Unique SQL Id": 3956435728, "Planner Runtime": 25}, "explain_analyze_plan": {"Plan": {"Node Type": "Aggregate", "Strategy": "Plain", "Startup Cost": 76052.35, "Total Cost": 76052.36, "Plan Rows": 1, "Plan Width": 97, "Actual Startup Time": 1159.402, "Actual Total Time": 1159.403, "Actual Rows": 1, "Actual Loops": 1, "Plans": [{"Node Type": "Nested Loop", "Parent Relationship": "Outer", "Join Type": "Inner", "Startup Cost": 5990.99, "Total Cost": 76052.35, "Plan Rows": 1, "Plan Width": 33, "Actual Startup Time": 453.862, "Actual Total Time": 1159.365, "Actual Rows": 6, "Actual Loops": 1, "Inner Unique": true, "Join Filter": "(ci.role_id = rt.id)", "Rows Removed by Join Filter": 0, "Plans": [{"Node Type": "Nested Loop", "Parent Relationship": "Outer", "Join Type": "Inner", "Startup Cost": 5990.99, "Total Cost": 76051.18, "Plan Rows": 1, "Plan Width": 37, "Actual Startup Time": 453.835, "Actual Total Time": 1159.303, "Actual Rows": 6, "Actual Loops": 1, "Inner Unique": true, "Plans": [{"Node Type": "Nested Loop", "Parent Relationship": "Outer", "Join Type": "Inner", "Startup Cost": 5990.66, "Total Cost": 76046.83, "Plan Rows": 1, "Plan Width": 45, "Actual Startup Time": 453.088, "Actual Total Time": 1158.015, "Actual Rows": 171, "Actual Loops": 1, "Inner Unique": false, "Plans": [{"Node Type": "Nested Loop", "Parent Relationship": "Outer", "Join Type": "Inner", "Startup Cost": 5990.28, "Total Cost": 76042.43, "Plan Rows": 1, "Plan Width": 25, "Actual Startup Time": 453.028, "Actual Total Time": 1156.881, "Actual Rows": 104, "Actual Loops": 1, "Inner Unique": false, "Join Filter": "(t.id = ci.movie_id)", "Rows Removed by Join Filter": 0, "Plans": [{"Node Type": "Nested Loop", "Parent Relationship": "Outer", "Join Type": "Inner", "Startup Cost": 5986.01, "Total Cost": 75985.85, "Plan Rows": 2, "Plan Width": 25, "Actual Startup Time": 452.931, "Actual Total Time": 1156.174, "Actual Rows": 4, "Actual Loops": 1, "Inner Unique": true, "Plans": [{"Node Type": "Hash Join", "Parent Relationship": "Outer", "Join Type": "Inner", "Startup Cost": 5982.08, "Total Cost": 73899.45, "Plan Rows": 262, "Plan Width": 4, "Actual Startup Time": 87.39, "Actual Total Time": 1086.597, "Actual Rows": 8495, "Actual Loops": 1, "Inner Unique": true, "Hash Cond": "(mc.company_id = cn.id)", "Plans": [{"Node Type": "Seq Scan", "Parent Relationship": "Outer", "Relation Name": "movie_companies", "Alias": "mc", "Startup Cost": 0.0, "Total Cost": 67908.56, "Plan Rows": 1652, "Plan Width": 8, "Actual Startup Time": 0.268, "Actual Total Time": 994.117, "Actual Rows": 8569, "Actual Loops": 1, "Filter": "(((note)::text ~~ '%(Japan)%'::text) AND ((note)::text !~~ '%(USA)%'::text) AND (((note)::text ~~ '%(2006)%'::text) OR ((note)::text ~~ '%(2007)%'::text)))", "Rows Removed by Filter": 2600559}, {"Node Type": "Hash", "Parent Relationship": "Inner", "Startup Cost": 5903.45, "Total Cost": 5903.45, "Plan Rows": 6290, "Plan Width": 4, "Actual Startup Time": 87.065, "Actual Total Time": 87.065, "Actual Rows": 6752, "Actual Loops": 1, "Hash Buckets": 32768, "Hash Batches": 1, "Original Hash Batches": 1, "Peak Memory Usage": 238, "Plans": [{"Node Type": "Seq Scan", "Parent Relationship": "Outer", "Relation Name": "company_name", "Alias": "cn", "Startup Cost": 0.0, "Total Cost": 5903.45, "Plan Rows": 6290, "Plan Width": 4, "Actual Startup Time": 0.032, "Actual Total Time": 84.781, "Actual Rows": 6752, "Actual Loops": 1, "Filter": "((country_code)::text = '[jp]'::text)", "Rows Removed by Filter": 228244}]}]}, {"Node Type": "Bitmap Heap Scan", "Parent Relationship": "Inner", "Relation Name": "title", "Alias": "t", "Startup Cost": 3.93, "Total Cost": 7.95, "Plan Rows": 1, "Plan Width": 21, "Actual Startup Time": 59.454, "Actual Total Time": 59.454, "Actual Rows": 4, "Actual Loops": 8495, "Recheck Cond": "(id = mc.movie_id)", "Rows Removed by Index Recheck": 0, "Filter": "((production_year >= 2006) AND (production_year <= 2007) AND (((title)::text ~~ 'One Piece%'::text) OR ((title)::text ~~ 'Dragon Ball Z%'::text)))", "Rows Removed by Filter": 8491, "Exact Heap Blocks": 8495, "Lossy Heap Blocks": 8495, "Plans": [{"Node Type": "Bitmap Index Scan", "Parent Relationship": "Outer", "Index Name": "title_pkey", "Startup Cost": 0.0, "Total Cost": 3.93, "Plan Rows": 1, "Plan Width": 0, "Actual Startup Time": 28.487, "Actual Total Time": 28.487, "Actual Rows": 8495, "Actual Loops": 8495, "Index Cond": "(id = mc.movie_id)"}]}]}, {"Node Type": "Bitmap Heap Scan", "Parent Relationship": "Inner", "Relation Name": "cast_info", "Alias": "ci", "Startup Cost": 4.27, "Total Cost": 28.27, "Plan Rows": 1, "Plan Width": 12, "Actual Startup Time": 0.274, "Actual Total Time": 0.637, "Actual Rows": 104, "Actual Loops": 4, "Recheck Cond": "(movie_id = mc.movie_id)", "Rows Removed by Index Recheck": 0, "Filter": "((note)::text = '(voice: English version)'::text)", "Rows Removed by Filter": 68, "Exact Heap Blocks": 133, "Lossy Heap Blocks": 133, "Plans": [{"Node Type": "Bitmap Index Scan", "Parent Relationship": "Outer", "Index Name": "movie_id_cast_info", "Startup Cost": 0.0, "Total Cost": 4.27, "Plan Rows": 6, "Plan Width": 0, "Actual Startup Time": 0.102, "Actual Total Time": 0.102, "Actual Rows": 172, "Actual Loops": 4, "Index Cond": "(movie_id = mc.movie_id)"}]}]}, {"Node Type": "Bitmap Heap Scan", "Parent Relationship": "Inner", "Relation Name": "aka_name", "Alias": "an", "Startup Cost": 0.38, "Total Cost": 4.39, "Plan Rows": 1, "Plan Width": 20, "Actual Startup Time": 0.844, "Actual Total Time": 0.943, "Actual Rows": 171, "Actual Loops": 104, "Recheck Cond": "(person_id = ci.person_id)", "Rows Removed by Index Recheck": 0, "Exact Heap Blocks": 105, "Lossy Heap Blocks": 105, "Plans": [{"Node Type": "Bitmap Index Scan", "Parent Relationship": "Outer", "Index Name": "person_id_aka_name", "Startup Cost": 0.0, "Total Cost": 0.38, "Plan Rows": 1, "Plan Width": 0, "Actual Startup Time": 0.566, "Actual Total Time": 0.566, "Actual Rows": 171, "Actual Loops": 104, "Index Cond": "(person_id = ci.person_id)"}]}]}, {"Node Type": "Bitmap Heap Scan", "Parent Relationship": "Inner", "Relation Name": "name", "Alias": "n", "Startup Cost": 0.33, "Total Cost": 4.34, "Plan Rows": 1, "Plan Width": 4, "Actual Startup Time": 1.076, "Actual Total Time": 1.076, "Actual Rows": 6, "Actual Loops": 171, "Recheck Cond": "(id = an.person_id)", "Rows Removed by Index Recheck": 0, "Filter": "(((name)::text ~~ '%Yo%'::text) AND ((name)::text !~~ '%Yu%'::text))", "Rows Removed by Filter": 165, "Exact Heap Blocks": 171, "Lossy Heap Blocks": 171, "Plans": [{"Node Type": "Bitmap Index Scan", "Parent Relationship": "Outer", "Index Name": "name_pkey", "Startup Cost": 0.0, "Total Cost": 0.33, "Plan Rows": 1, "Plan Width": 0, "Actual Startup Time": 0.67, "Actual Total Time": 0.67, "Actual Rows": 171, "Actual Loops": 171, "Index Cond": "(id = an.person_id)"}]}]}, {"Node Type": "Seq Scan", "Parent Relationship": "Inner", "Relation Name": "role_type", "Alias": "rt", "Startup Cost": 0.0, "Total Cost": 1.15, "Plan Rows": 1, "Plan Width": 4, "Actual Startup Time": 0.034, "Actual Total Time": 0.034, "Actual Rows": 6, "Actual Loops": 6, "Filter": "((role)::text = 'actress'::text)", "Rows Removed by Filter": 6}]}]}, "Triggers": [], "Planner Runtime": 25.261, "Total Runtime": 1159.716, "Unique SQL Id": 3956435728}}, "(1, '3')": {"explain_plan": {"Plan": {"Node Type": "Aggregate", "Strategy": "Plain", "Startup Cost": 1000012201008.67, "Total Cost": 1000012201008.68, "Plan Rows": 1, "Plan Width": 97, "Plans": [{"Node Type": "Nested Loop", "Parent Relationship": "Outer", "Join Type": "Inner", "Startup Cost": 10000000004.12, "Total Cost": 1000012201008.67, "Plan Rows": 1, "Plan Width": 33, "Inner Unique": true, "Plans": [{"Node Type": "Nested Loop", "Parent Relationship": "Outer", "Join Type": "Inner", "Startup Cost": 10000000003.79, "Total Cost": 1000012201004.31, "Plan Rows": 1, "Plan Width": 41, "Inner Unique": true, "Plans": [{"Node Type": "Nested Loop", "Parent Relationship": "Outer", "Join Type": "Inner", "Startup Cost": 10000000003.54, "Total Cost": 1000012201000.03, "Plan Rows": 1, "Plan Width": 45, "Inner Unique": true, "Plans": [{"Node Type": "Nested Loop", "Parent Relationship": "Outer", "Join Type": "Inner", "Startup Cost": 10000000002.31, "Total Cost": 1000012200994.77, "Plan Rows": 1, "Plan Width": 49, "Inner Unique": false, "Plans": [{"Node Type": "Nested Loop", "Parent Relationship": "Outer", "Join Type": "Inner", "Startup Cost": 10000000001.65, "Total Cost": 1000012200744.81, "Plan Rows": 53, "Plan Width": 53, "Inner Unique": true, "Plans": [{"Node Type": "Nested Loop", "Parent Relationship": "Outer", "Join Type": "Inner", "Startup Cost": 10000000001.0, "Total Cost": 1000011659757.19, "Plan Rows": 115768, "Plan Width": 32, "Inner Unique": false, "Plans": [{"Node Type": "Index Scan", "Parent Relationship": "Outer", "Scan Direction": "Forward", "Index Name": "person_id_aka_name", "Relation Name": "aka_name", "Alias": "an", "Startup Cost": 10000000000.0, "Total Cost": 1000006896503.43, "Plan Rows": 901342, "Plan Width": 20}, {"Node Type": "Bitmap Heap Scan", "Parent Relationship": "Inner", "Relation Name": "cast_info", "Alias": "ci", "Startup Cost": 1.0, "Total Cost": 5.27, "Plan Rows": 1, "Plan Width": 12, "Recheck Cond": "(person_id = an.person_id)", "Filter": "((note)::text = '(voice: English version)'::text)", "Plans": [{"Node Type": "Bitmap Index Scan", "Parent Relationship": "Outer", "Index Name": "person_id_cast_info", "Startup Cost": 0.0, "Total Cost": 1.0, "Plan Rows": 18, "Plan Width": 0, "Index Cond": "(person_id = an.person_id)"}]}]}, {"Node Type": "Bitmap Heap Scan", "Parent Relationship": "Inner", "Relation Name": "title", "Alias": "t", "Startup Cost": 0.64, "Total Cost": 4.66, "Plan Rows": 1, "Plan Width": 21, "Recheck Cond": "(id = ci.movie_id)", "Filter": "((production_year >= 2006) AND (production_year <= 2007) AND (((title)::text ~~ 'One Piece%'::text) OR ((title)::text ~~ 'Dragon Ball Z%'::text)))", "Plans": [{"Node Type": "Bitmap Index Scan", "Parent Relationship": "Outer", "Index Name": "title_pkey", "Startup Cost": 0.0, "Total Cost": 0.64, "Plan Rows": 1, "Plan Width": 0, "Index Cond": "(id = ci.movie_id)"}]}]}, {"Node Type": "Bitmap Heap Scan", "Parent Relationship": "Inner", "Relation Name": "movie_companies", "Alias": "mc", "Startup Cost": 0.66, "Total Cost": 4.71, "Plan Rows": 1, "Plan Width": 8, "Recheck Cond": "(movie_id = ci.movie_id)", "Filter": "(((note)::text ~~ '%(Japan)%'::text) AND ((note)::text !~~ '%(USA)%'::text) AND (((note)::text ~~ '%(2006)%'::text) OR ((note)::text ~~ '%(2007)%'::text)))", "Plans": [{"Node Type": "Bitmap Index Scan", "Parent Relationship": "Outer", "Index Name": "movie_id_movie_companies", "Startup Cost": 0.0, "Total Cost": 0.66, "Plan Rows": 2, "Plan Width": 0, "Index Cond": "(movie_id = ci.movie_id)"}]}]}, {"Node Type": "Bitmap Heap Scan", "Parent Relationship": "Inner", "Relation Name": "company_name", "Alias": "cn", "Startup Cost": 1.23, "Total Cost": 5.24, "Plan Rows": 1, "Plan Width": 4, "Recheck Cond": "(id = mc.company_id)", "Filter": "((country_code)::text = '[jp]'::text)", "Plans": [{"Node Type": "Bitmap Index Scan", "Parent Relationship": "Outer", "Index Name": "company_name_pkey", "Startup Cost": 0.0, "Total Cost": 1.23, "Plan Rows": 1, "Plan Width": 0, "Index Cond": "(id = mc.company_id)"}]}]}, {"Node Type": "Bitmap Heap Scan", "Parent Relationship": "Inner", "Relation Name": "role_type", "Alias": "rt", "Startup Cost": 0.26, "Total Cost": 4.27, "Plan Rows": 1, "Plan Width": 4, "Recheck Cond": "(id = ci.role_id)", "Filter": "((role)::text = 'actress'::text)", "Plans": [{"Node Type": "Bitmap Index Scan", "Parent Relationship": "Outer", "Index Name": "role_type_pkey", "Startup Cost": 0.0, "Total Cost": 0.26, "Plan Rows": 1, "Plan Width": 0, "Index Cond": "(id = ci.role_id)"}]}]}, {"Node Type": "Bitmap Heap Scan", "Parent Relationship": "Inner", "Relation Name": "name", "Alias": "n", "Startup Cost": 0.33, "Total Cost": 4.34, "Plan Rows": 1, "Plan Width": 4, "Recheck Cond": "(id = an.person_id)", "Filter": "(((name)::text ~~ '%Yo%'::text) AND ((name)::text !~~ '%Yu%'::text))", "Plans": [{"Node Type": "Bitmap Index Scan", "Parent Relationship": "Outer", "Index Name": "name_pkey", "Startup Cost": 0.0, "Total Cost": 0.33, "Plan Rows": 1, "Plan Width": 0, "Index Cond": "(id = an.person_id)"}]}]}]}, "Unique SQL Id": 3956435728, "Planner Runtime": 10}, "explain_analyze_plan": null}, "(1, '4')": {"explain_plan": {"Plan": {"Node Type": "Aggregate", "Strategy": "Plain", "Startup Cost": 76019.18, "Total Cost": 76019.19, "Plan Rows": 1, "Plan Width": 97, "Plans": [{"Node Type": "Nested Loop", "Parent Relationship": "Outer", "Join Type": "Inner", "Startup Cost": 5982.08, "Total Cost": 76019.18, "Plan Rows": 1, "Plan Width": 33, "Inner Unique": true, "Plans": [{"Node Type": "Nested Loop", "Parent Relationship": "Outer", "Join Type": "Inner", "Startup Cost": 5982.08, "Total Cost": 76018.9, "Plan Rows": 1, "Plan Width": 37, "Inner Unique": true, "Plans": [{"Node Type": "Nested Loop", "Parent Relationship": "Outer", "Join Type": "Inner", "Startup Cost": 5982.08, "Total Cost": 76018.31, "Plan Rows": 1, "Plan Width": 45, "Inner Unique": false, "Plans": [{"Node Type": "Nested Loop", "Parent Relationship": "Outer", "Join Type": "Inner", "Startup Cost": 5982.08, "Total Cost": 76017.46, "Plan Rows": 1, "Plan Width": 25, "Inner Unique": false, "Join Filter": "(t.id = ci.movie_id)", "Plans": [{"Node Type": "Nested Loop", "Parent Relationship": "Outer", "Join Type": "Inner", "Startup Cost": 5982.08, "Total Cost": 75961.68, "Plan Rows": 2, "Plan Width": 25, "Inner Unique": true, "Plans": [{"Node Type": "Hash Join", "Parent Relationship": "Outer", "Join Type": "Inner", "Startup Cost": 5982.08, "Total Cost": 73899.45, "Plan Rows": 262, "Plan Width": 4, "Inner Unique": true, "Hash Cond": "(mc.company_id = cn.id)", "Plans": [{"Node Type": "Seq Scan", "Parent Relationship": "Outer", "Relation Name": "movie_companies", "Alias": "mc", "Startup Cost": 0.0, "Total Cost": 67908.56, "Plan Rows": 1652, "Plan Width": 8, "Filter": "(((note)::text ~~ '%(Japan)%'::text) AND ((note)::text !~~ '%(USA)%'::text) AND (((note)::text ~~ '%(2006)%'::text) OR ((note)::text ~~ '%(2007)%'::text)))"}, {"Node Type": "Hash", "Parent Relationship": "Inner", "Startup Cost": 5903.45, "Total Cost": 5903.45, "Plan Rows": 6290, "Plan Width": 4, "Plans": [{"Node Type": "Seq Scan", "Parent Relationship": "Outer", "Relation Name": "company_name", "Alias": "cn", "Startup Cost": 0.0, "Total Cost": 5903.45, "Plan Rows": 6290, "Plan Width": 4, "Filter": "((country_code)::text = '[jp]'::text)"}]}]}, {"Node Type": "Index Scan", "Parent Relationship": "Inner", "Scan Direction": "Forward", "Index Name": "title_pkey", "Relation Name": "title", "Alias": "t", "Startup Cost": 0.0, "Total Cost": 7.86, "Plan Rows": 1, "Plan Width": 21, "Index Cond": "(id = mc.movie_id)", "Filter": "((production_year >= 2006) AND (production_year <= 2007) AND (((title)::text ~~ 'One Piece%'::text) OR ((title)::text ~~ 'Dragon Ball Z%'::text)))"}]}, {"Node Type": "Index Scan", "Parent Relationship": "Inner", "Scan Direction": "Forward", "Index Name": "movie_id_cast_info", "Relation Name": "cast_info", "Alias": "ci", "Startup Cost": 0.0, "Total Cost": 27.88, "Plan Rows": 1, "Plan Width": 12, "Index Cond": "(movie_id = mc.movie_id)", "Filter": "((note)::text = '(voice: English version)'::text)"}]}, {"Node Type": "Index Scan", "Parent Relationship": "Inner", "Scan Direction": "Forward", "Index Name": "person_id_aka_name", "Relation Name": "aka_name", "Alias": "an", "Startup Cost": 0.0, "Total Cost": 0.84, "Plan Rows": 1, "Plan Width": 20, "Index Cond": "(person_id = ci.person_id)"}]}, {"Node Type": "Index Scan", "Parent Relationship": "Inner", "Scan Direction": "Forward", "Index Name": "name_pkey", "Relation Name": "name", "Alias": "n", "Startup Cost": 0.0, "Total Cost": 0.57, "Plan Rows": 1, "Plan Width": 4, "Index Cond": "(id = an.person_id)", "Filter": "(((name)::text ~~ '%Yo%'::text) AND ((name)::text !~~ '%Yu%'::text))"}]}, {"Node Type": "Index Scan", "Parent Relationship": "Inner", "Scan Direction": "Forward", "Index Name": "role_type_pkey", "Relation Name": "role_type", "Alias": "rt", "Startup Cost": 0.0, "Total Cost": 0.27, "Plan Rows": 1, "Plan Width": 4, "Index Cond": "(id = ci.role_id)", "Filter": "((role)::text = 'actress'::text)"}]}]}, "Unique SQL Id": 3956435728, "Planner Runtime": 21}, "explain_analyze_plan": {"Plan": {"Node Type": "Aggregate", "Strategy": "Plain", "Startup Cost": 76019.18, "Total Cost": 76019.19, "Plan Rows": 1, "Plan Width": 97, "Actual Startup Time": 1150.019, "Actual Total Time": 1150.02, "Actual Rows": 1, "Actual Loops": 1, "Plans": [{"Node Type": "Nested Loop", "Parent Relationship": "Outer", "Join Type": "Inner", "Startup Cost": 5982.08, "Total Cost": 76019.18, "Plan Rows": 1, "Plan Width": 33, "Actual Startup Time": 445.745, "Actual Total Time": 1149.979, "Actual Rows": 6, "Actual Loops": 1, "Inner Unique": true, "Plans": [{"Node Type": "Nested Loop", "Parent Relationship": "Outer", "Join Type": "Inner", "Startup Cost": 5982.08, "Total Cost": 76018.9, "Plan Rows": 1, "Plan Width": 37, "Actual Startup Time": 445.724, "Actual Total Time": 1149.932, "Actual Rows": 6, "Actual Loops": 1, "Inner Unique": true, "Plans": [{"Node Type": "Nested Loop", "Parent Relationship": "Outer", "Join Type": "Inner", "Startup Cost": 5982.08, "Total Cost": 76018.31, "Plan Rows": 1, "Plan Width": 45, "Actual Startup Time": 445.108, "Actual Total Time": 1148.889, "Actual Rows": 171, "Actual Loops": 1, "Inner Unique": false, "Plans": [{"Node Type": "Nested Loop", "Parent Relationship": "Outer", "Join Type": "Inner", "Startup Cost": 5982.08, "Total Cost": 76017.46, "Plan Rows": 1, "Plan Width": 25, "Actual Startup Time": 445.082, "Actual Total Time": 1148.012, "Actual Rows": 104, "Actual Loops": 1, "Inner Unique": false, "Join Filter": "(t.id = ci.movie_id)", "Rows Removed by Join Filter": 0, "Plans": [{"Node Type": "Nested Loop", "Parent Relationship": "Outer", "Join Type": "Inner", "Startup Cost": 5982.08, "Total Cost": 75961.68, "Plan Rows": 2, "Plan Width": 25, "Actual Startup Time": 445.02, "Actual Total Time": 1147.431, "Actual Rows": 4, "Actual Loops": 1, "Inner Unique": true, "Plans": [{"Node Type": "Hash Join", "Parent Relationship": "Outer", "Join Type": "Inner", "Startup Cost": 5982.08, "Total Cost": 73899.45, "Plan Rows": 262, "Plan Width": 4, "Actual Startup Time": 89.577, "Actual Total Time": 1092.318, "Actual Rows": 8495, "Actual Loops": 1, "Inner Unique": true, "Hash Cond": "(mc.company_id = cn.id)", "Plans": [{"Node Type": "Seq Scan", "Parent Relationship": "Outer", "Relation Name": "movie_companies", "Alias": "mc", "Startup Cost": 0.0, "Total Cost": 67908.56, "Plan Rows": 1652, "Plan Width": 8, "Actual Startup Time": 0.283, "Actual Total Time": 997.739, "Actual Rows": 8569, "Actual Loops": 1, "Filter": "(((note)::text ~~ '%(Japan)%'::text) AND ((note)::text !~~ '%(USA)%'::text) AND (((note)::text ~~ '%(2006)%'::text) OR ((note)::text ~~ '%(2007)%'::text)))", "Rows Removed by Filter": 2600559}, {"Node Type": "Hash", "Parent Relationship": "Inner", "Startup Cost": 5903.45, "Total Cost": 5903.45, "Plan Rows": 6290, "Plan Width": 4, "Actual Startup Time": 89.227, "Actual Total Time": 89.227, "Actual Rows": 6752, "Actual Loops": 1, "Hash Buckets": 32768, "Hash Batches": 1, "Original Hash Batches": 1, "Peak Memory Usage": 238, "Plans": [{"Node Type": "Seq Scan", "Parent Relationship": "Outer", "Relation Name": "company_name", "Alias": "cn", "Startup Cost": 0.0, "Total Cost": 5903.45, "Plan Rows": 6290, "Plan Width": 4, "Actual Startup Time": 0.03, "Actual Total Time": 86.954, "Actual Rows": 6752, "Actual Loops": 1, "Filter": "((country_code)::text = '[jp]'::text)", "Rows Removed by Filter": 228244}]}]}, {"Node Type": "Index Scan", "Parent Relationship": "Inner", "Scan Direction": "Forward", "Index Name": "title_pkey", "Relation Name": "title", "Alias": "t", "Startup Cost": 0.0, "Total Cost": 7.86, "Plan Rows": 1, "Plan Width": 21, "Actual Startup Time": 50.564, "Actual Total Time": 50.564, "Actual Rows": 4, "Actual Loops": 8495, "Index Cond": "(id = mc.movie_id)", "Rows Removed by Index Recheck": 0, "Filter": "((production_year >= 2006) AND (production_year <= 2007) AND (((title)::text ~~ 'One Piece%'::text) OR ((title)::text ~~ 'Dragon Ball Z%'::text)))", "Rows Removed by Filter": 8491}]}, {"Node Type": "Index Scan", "Parent Relationship": "Inner", "Scan Direction": "Forward", "Index Name": "movie_id_cast_info", "Relation Name": "cast_info", "Alias": "ci", "Startup Cost": 0.0, "Total Cost": 27.88, "Plan Rows": 1, "Plan Width": 12, "Actual Startup Time": 0.171, "Actual Total Time": 0.512, "Actual Rows": 104, "Actual Loops": 4, "Index Cond": "(movie_id = mc.movie_id)", "Rows Removed by Index Recheck": 0, "Filter": "((note)::text = '(voice: English version)'::text)", "Rows Removed by Filter": 68}]}, {"Node Type": "Index Scan", "Parent Relationship": "Inner", "Scan Direction": "Forward", "Index Name": "person_id_aka_name", "Relation Name": "aka_name", "Alias": "an", "Startup Cost": 0.0, "Total Cost": 0.84, "Plan Rows": 1, "Plan Width": 20, "Actual Startup Time": 0.648, "Actual Total Time": 0.763, "Actual Rows": 171, "Actual Loops": 104, "Index Cond": "(person_id = ci.person_id)", "Rows Removed by Index Recheck": 0}]}, {"Node Type": "Index Scan", "Parent Relationship": "Inner", "Scan Direction": "Forward", "Index Name": "name_pkey", "Relation Name": "name", "Alias": "n", "Startup Cost": 0.0, "Total Cost": 0.57, "Plan Rows": 1, "Plan Width": 4, "Actual Startup Time": 0.944, "Actual Total Time": 0.944, "Actual Rows": 6, "Actual Loops": 171, "Index Cond": "(id = an.person_id)", "Rows Removed by Index Recheck": 0, "Filter": "(((name)::text ~~ '%Yo%'::text) AND ((name)::text !~~ '%Yu%'::text))", "Rows Removed by Filter": 165}]}, {"Node Type": "Index Scan", "Parent Relationship": "Inner", "Scan Direction": "Forward", "Index Name": "role_type_pkey", "Relation Name": "role_type", "Alias": "rt", "Startup Cost": 0.0, "Total Cost": 0.27, "Plan Rows": 1, "Plan Width": 4, "Actual Startup Time": 0.031, "Actual Total Time": 0.031, "Actual Rows": 6, "Actual Loops": 6, "Index Cond": "(id = ci.role_id)", "Rows Removed by Index Recheck": 0, "Filter": "((role)::text = 'actress'::text)", "Rows Removed by Filter": 0}]}]}, "Triggers": [], "Planner Runtime": 21.278, "Total Runtime": 1150.324, "Unique SQL Id": 3956435728}}, "(1, '5')": {"explain_plan": {"Plan": {"Node Type": "Aggregate", "Strategy": "Plain", "Startup Cost": 84111.26, "Total Cost": 84111.27, "Plan Rows": 1, "Plan Width": 97, "Plans": [{"Node Type": "Nested Loop", "Parent Relationship": "Outer", "Join Type": "Inner", "Startup Cost": 0.0, "Total Cost": 84111.26, "Plan Rows": 1, "Plan Width": 33, "Inner Unique": true, "Plans": [{"Node Type": "Nested Loop", "Parent Relationship": "Outer", "Join Type": "Inner", "Startup Cost": 0.0, "Total Cost": 84110.97, "Plan Rows": 1, "Plan Width": 37, "Inner Unique": true, "Plans": [{"Node Type": "Nested Loop", "Parent Relationship": "Outer", "Join Type": "Inner", "Startup Cost": 0.0, "Total Cost": 84110.39, "Plan Rows": 1, "Plan Width": 45, "Inner Unique": false, "Plans": [{"Node Type": "Nested Loop", "Parent Relationship": "Outer", "Join Type": "Inner", "Startup Cost": 0.0, "Total Cost": 84109.54, "Plan Rows": 1, "Plan Width": 25, "Inner Unique": false, "Join Filter": "(t.id = ci.movie_id)", "Plans": [{"Node Type": "Nested Loop", "Parent Relationship": "Outer", "Join Type": "Inner", "Startup Cost": 0.0, "Total Cost": 84053.76, "Plan Rows": 2, "Plan Width": 25, "Inner Unique": true, "Plans": [{"Node Type": "Nested Loop", "Parent Relationship": "Outer", "Join Type": "Inner", "Startup Cost": 0.0, "Total Cost": 81991.53, "Plan Rows": 262, "Plan Width": 4, "Inner Unique": false, "Plans": [{"Node Type": "Index Scan", "Parent Relationship": "Outer", "Scan Direction": "Forward", "Index Name": "company_name_pkey", "Relation Name": "company_name", "Alias": "cn", "Startup Cost": 0.0, "Total Cost": 10501.39, "Plan Rows": 6290, "Plan Width": 4, "Filter": "((country_code)::text = '[jp]'::text)"}, {"Node Type": "Index Scan", "Parent Relationship": "Inner", "Scan Direction": "Forward", "Index Name": "company_id_movie_companies", "Relation Name": "movie_companies", "Alias": "mc", "Startup Cost": 0.0, "Total Cost": 11.36, "Plan Rows": 1, "Plan Width": 8, "Index Cond": "(company_id = cn.id)", "Filter": "(((note)::text ~~ '%(Japan)%'::text) AND ((note)::text !~~ '%(USA)%'::text) AND (((note)::text ~~ '%(2006)%'::text) OR ((note)::text ~~ '%(2007)%'::text)))"}]}, {"Node Type": "Index Scan", "Parent Relationship": "Inner", "Scan Direction": "Forward", "Index Name": "title_pkey", "Relation Name": "title", "Alias": "t", "Startup Cost": 0.0, "Total Cost": 7.86, "Plan Rows": 1, "Plan Width": 21, "Index Cond": "(id = mc.movie_id)", "Filter": "((production_year >= 2006) AND (production_year <= 2007) AND (((title)::text ~~ 'One Piece%'::text) OR ((title)::text ~~ 'Dragon Ball Z%'::text)))"}]}, {"Node Type": "Index Scan", "Parent Relationship": "Inner", "Scan Direction": "Forward", "Index Name": "movie_id_cast_info", "Relation Name": "cast_info", "Alias": "ci", "Startup Cost": 0.0, "Total Cost": 27.88, "Plan Rows": 1, "Plan Width": 12, "Index Cond": "(movie_id = mc.movie_id)", "Filter": "((note)::text = '(voice: English version)'::text)"}]}, {"Node Type": "Index Scan", "Parent Relationship": "Inner", "Scan Direction": "Forward", "Index Name": "person_id_aka_name", "Relation Name": "aka_name", "Alias": "an", "Startup Cost": 0.0, "Total Cost": 0.84, "Plan Rows": 1, "Plan Width": 20, "Index Cond": "(person_id = ci.person_id)"}]}, {"Node Type": "Index Scan", "Parent Relationship": "Inner", "Scan Direction": "Forward", "Index Name": "name_pkey", "Relation Name": "name", "Alias": "n", "Startup Cost": 0.0, "Total Cost": 0.57, "Plan Rows": 1, "Plan Width": 4, "Index Cond": "(id = an.person_id)", "Filter": "(((name)::text ~~ '%Yo%'::text) AND ((name)::text !~~ '%Yu%'::text))"}]}, {"Node Type": "Index Scan", "Parent Relationship": "Inner", "Scan Direction": "Forward", "Index Name": "role_type_pkey", "Relation Name": "role_type", "Alias": "rt", "Startup Cost": 0.0, "Total Cost": 0.27, "Plan Rows": 1, "Plan Width": 4, "Index Cond": "(id = ci.role_id)", "Filter": "((role)::text = 'actress'::text)"}]}]}, "Unique SQL Id": 3956435728, "Planner Runtime": 25}, "explain_analyze_plan": {"Plan": {"Node Type": "Aggregate", "Strategy": "Plain", "Startup Cost": 84111.26, "Total Cost": 84111.27, "Plan Rows": 1, "Plan Width": 97, "Actual Startup Time": 581.73, "Actual Total Time": 581.73, "Actual Rows": 1, "Actual Loops": 1, "Plans": [{"Node Type": "Nested Loop", "Parent Relationship": "Outer", "Join Type": "Inner", "Startup Cost": 0.0, "Total Cost": 84111.26, "Plan Rows": 1, "Plan Width": 33, "Actual Startup Time": 54.321, "Actual Total Time": 581.694, "Actual Rows": 6, "Actual Loops": 1, "Inner Unique": true, "Plans": [{"Node Type": "Nested Loop", "Parent Relationship": "Outer", "Join Type": "Inner", "Startup Cost": 0.0, "Total Cost": 84110.97, "Plan Rows": 1, "Plan Width": 37, "Actual Startup Time": 54.312, "Actual Total Time": 581.658, "Actual Rows": 6, "Actual Loops": 1, "Inner Unique": true, "Plans": [{"Node Type": "Nested Loop", "Parent Relationship": "Outer", "Join Type": "Inner", "Startup Cost": 0.0, "Total Cost": 84110.39, "Plan Rows": 1, "Plan Width": 45, "Actual Startup Time": 53.198, "Actual Total Time": 580.628, "Actual Rows": 171, "Actual Loops": 1, "Inner Unique": false, "Plans": [{"Node Type": "Nested Loop", "Parent Relationship": "Outer", "Join Type": "Inner", "Startup Cost": 0.0, "Total Cost": 84109.54, "Plan Rows": 1, "Plan Width": 25, "Actual Startup Time": 53.177, "Actual Total Time": 579.772, "Actual Rows": 104, "Actual Loops": 1, "Inner Unique": false, "Join Filter": "(t.id = ci.movie_id)", "Rows Removed by Join Filter": 0, "Plans": [{"Node Type": "Nested Loop", "Parent Relationship": "Outer", "Join Type": "Inner", "Startup Cost": 0.0, "Total Cost": 84053.76, "Plan Rows": 2, "Plan Width": 25, "Actual Startup Time": 53.042, "Actual Total Time": 579.227, "Actual Rows": 4, "Actual Loops": 1, "Inner Unique": true, "Plans": [{"Node Type": "Nested Loop", "Parent Relationship": "Outer", "Join Type": "Inner", "Startup Cost": 0.0, "Total Cost": 81991.53, "Plan Rows": 262, "Plan Width": 4, "Actual Startup Time": 0.312, "Actual Total Time": 518.839, "Actual Rows": 8495, "Actual Loops": 1, "Inner Unique": false, "Plans": [{"Node Type": "Index Scan", "Parent Relationship": "Outer", "Scan Direction": "Forward", "Index Name": "company_name_pkey", "Relation Name": "company_name", "Alias": "cn", "Startup Cost": 0.0, "Total Cost": 10501.39, "Plan Rows": 6290, "Plan Width": 4, "Actual Startup Time": 0.264, "Actual Total Time": 291.012, "Actual Rows": 6752, "Actual Loops": 1, "Filter": "((country_code)::text = '[jp]'::text)", "Rows Removed by Filter": 228244}, {"Node Type": "Index Scan", "Parent Relationship": "Inner", "Scan Direction": "Forward", "Index Name": "company_id_movie_companies", "Relation Name": "movie_companies", "Alias": "mc", "Startup Cost": 0.0, "Total Cost": 11.36, "Plan Rows": 1, "Plan Width": 8, "Actual Startup Time": 100.149, "Actual Total Time": 221.814, "Actual Rows": 8495, "Actual Loops": 6752, "Index Cond": "(company_id = cn.id)", "Rows Removed by Index Recheck": 0, "Filter": "(((note)::text ~~ '%(Japan)%'::text) AND ((note)::text !~~ '%(USA)%'::text) AND (((note)::text ~~ '%(2006)%'::text) OR ((note)::text ~~ '%(2007)%'::text)))", "Rows Removed by Filter": 96500}]}, {"Node Type": "Index Scan", "Parent Relationship": "Inner", "Scan Direction": "Forward", "Index Name": "title_pkey", "Relation Name": "title", "Alias": "t", "Startup Cost": 0.0, "Total Cost": 7.86, "Plan Rows": 1, "Plan Width": 21, "Actual Startup Time": 55.844, "Actual Total Time": 55.844, "Actual Rows": 4, "Actual Loops": 8495, "Index Cond": "(id = mc.movie_id)", "Rows Removed by Index Recheck": 0, "Filter": "((production_year >= 2006) AND (production_year <= 2007) AND (((title)::text ~~ 'One Piece%'::text) OR ((title)::text ~~ 'Dragon Ball Z%'::text)))", "Rows Removed by Filter": 8491}]}, {"Node Type": "Index Scan", "Parent Relationship": "Inner", "Scan Direction": "Forward", "Index Name": "movie_id_cast_info", "Relation Name": "cast_info", "Alias": "ci", "Startup Cost": 0.0, "Total Cost": 27.88, "Plan Rows": 1, "Plan Width": 12, "Actual Startup Time": 0.155, "Actual Total Time": 0.487, "Actual Rows": 104, "Actual Loops": 4, "Index Cond": "(movie_id = mc.movie_id)", "Rows Removed by Index Recheck": 0, "Filter": "((note)::text = '(voice: English version)'::text)", "Rows Removed by Filter": 68}]}, {"Node Type": "Index Scan", "Parent Relationship": "Inner", "Scan Direction": "Forward", "Index Name": "person_id_aka_name", "Relation Name": "aka_name", "Alias": "an", "Startup Cost": 0.0, "Total Cost": 0.84, "Plan Rows": 1, "Plan Width": 20, "Actual Startup Time": 0.629, "Actual Total Time": 0.74, "Actual Rows": 171, "Actual Loops": 104, "Index Cond": "(person_id = ci.person_id)", "Rows Removed by Index Recheck": 0}]}, {"Node Type": "Index Scan", "Parent Relationship": "Inner", "Scan Direction": "Forward", "Index Name": "name_pkey", "Relation Name": "name", "Alias": "n", "Startup Cost": 0.0, "Total Cost": 0.57, "Plan Rows": 1, "Plan Width": 4, "Actual Startup Time": 0.94, "Actual Total Time": 0.94, "Actual Rows": 6, "Actual Loops": 171, "Index Cond": "(id = an.person_id)", "Rows Removed by Index Recheck": 0, "Filter": "(((name)::text ~~ '%Yo%'::text) AND ((name)::text !~~ '%Yu%'::text))", "Rows Removed by Filter": 165}]}, {"Node Type": "Index Scan", "Parent Relationship": "Inner", "Scan Direction": "Forward", "Index Name": "role_type_pkey", "Relation Name": "role_type", "Alias": "rt", "Startup Cost": 0.0, "Total Cost": 0.27, "Plan Rows": 1, "Plan Width": 4, "Actual Startup Time": 0.022, "Actual Total Time": 0.022, "Actual Rows": 6, "Actual Loops": 6, "Index Cond": "(id = ci.role_id)", "Rows Removed by Index Recheck": 0, "Filter": "((role)::text = 'actress'::text)", "Rows Removed by Filter": 0}]}]}, "Triggers": [], "Planner Runtime": 25.043, "Total Runtime": 582.138, "Unique SQL Id": 3956435728}}, "(1, '6')": {"explain_plan": {"Plan": {"Node Type": "Aggregate", "Strategy": "Plain", "Startup Cost": 76052.35, "Total Cost": 76052.36, "Plan Rows": 1, "Plan Width": 97, "Plans": [{"Node Type": "Nested Loop", "Parent Relationship": "Outer", "Join Type": "Inner", "Startup Cost": 5990.99, "Total Cost": 76052.35, "Plan Rows": 1, "Plan Width": 33, "Inner Unique": true, "Join Filter": "(ci.role_id = rt.id)", "Plans": [{"Node Type": "Nested Loop", "Parent Relationship": "Outer", "Join Type": "Inner", "Startup Cost": 5990.99, "Total Cost": 76051.18, "Plan Rows": 1, "Plan Width": 37, "Inner Unique": true, "Plans": [{"Node Type": "Nested Loop", "Parent Relationship": "Outer", "Join Type": "Inner", "Startup Cost": 5990.66, "Total Cost": 76046.83, "Plan Rows": 1, "Plan Width": 45, "Inner Unique": false, "Plans": [{"Node Type": "Nested Loop", "Parent Relationship": "Outer", "Join Type": "Inner", "Startup Cost": 5990.28, "Total Cost": 76042.43, "Plan Rows": 1, "Plan Width": 25, "Inner Unique": false, "Join Filter": "(t.id = ci.movie_id)", "Plans": [{"Node Type": "Nested Loop", "Parent Relationship": "Outer", "Join Type": "Inner", "Startup Cost": 5986.01, "Total Cost": 75985.85, "Plan Rows": 2, "Plan Width": 25, "Inner Unique": true, "Plans": [{"Node Type": "Hash Join", "Parent Relationship": "Outer", "Join Type": "Inner", "Startup Cost": 5982.08, "Total Cost": 73899.45, "Plan Rows": 262, "Plan Width": 4, "Inner Unique": true, "Hash Cond": "(mc.company_id = cn.id)", "Plans": [{"Node Type": "Seq Scan", "Parent Relationship": "Outer", "Relation Name": "movie_companies", "Alias": "mc", "Startup Cost": 0.0, "Total Cost": 67908.56, "Plan Rows": 1652, "Plan Width": 8, "Filter": "(((note)::text ~~ '%(Japan)%'::text) AND ((note)::text !~~ '%(USA)%'::text) AND (((note)::text ~~ '%(2006)%'::text) OR ((note)::text ~~ '%(2007)%'::text)))"}, {"Node Type": "Hash", "Parent Relationship": "Inner", "Startup Cost": 5903.45, "Total Cost": 5903.45, "Plan Rows": 6290, "Plan Width": 4, "Plans": [{"Node Type": "Seq Scan", "Parent Relationship": "Outer", "Relation Name": "company_name", "Alias": "cn", "Startup Cost": 0.0, "Total Cost": 5903.45, "Plan Rows": 6290, "Plan Width": 4, "Filter": "((country_code)::text = '[jp]'::text)"}]}]}, {"Node Type": "Bitmap Heap Scan", "Parent Relationship": "Inner", "Relation Name": "title", "Alias": "t", "Startup Cost": 3.93, "Total Cost": 7.95, "Plan Rows": 1, "Plan Width": 21, "Recheck Cond": "(id = mc.movie_id)", "Filter": "((production_year >= 2006) AND (production_year <= 2007) AND (((title)::text ~~ 'One Piece%'::text) OR ((title)::text ~~ 'Dragon Ball Z%'::text)))", "Plans": [{"Node Type": "Bitmap Index Scan", "Parent Relationship": "Outer", "Index Name": "title_pkey", "Startup Cost": 0.0, "Total Cost": 3.93, "Plan Rows": 1, "Plan Width": 0, "Index Cond": "(id = mc.movie_id)"}]}]}, {"Node Type": "Bitmap Heap Scan", "Parent Relationship": "Inner", "Relation Name": "cast_info", "Alias": "ci", "Startup Cost": 4.27, "Total Cost": 28.27, "Plan Rows": 1, "Plan Width": 12, "Recheck Cond": "(movie_id = mc.movie_id)", "Filter": "((note)::text = '(voice: English version)'::text)", "Plans": [{"Node Type": "Bitmap Index Scan", "Parent Relationship": "Outer", "Index Name": "movie_id_cast_info", "Startup Cost": 0.0, "Total Cost": 4.27, "Plan Rows": 6, "Plan Width": 0, "Index Cond": "(movie_id = mc.movie_id)"}]}]}, {"Node Type": "Bitmap Heap Scan", "Parent Relationship": "Inner", "Relation Name": "aka_name", "Alias": "an", "Startup Cost": 0.38, "Total Cost": 4.39, "Plan Rows": 1, "Plan Width": 20, "Recheck Cond": "(person_id = ci.person_id)", "Plans": [{"Node Type": "Bitmap Index Scan", "Parent Relationship": "Outer", "Index Name": "person_id_aka_name", "Startup Cost": 0.0, "Total Cost": 0.38, "Plan Rows": 1, "Plan Width": 0, "Index Cond": "(person_id = ci.person_id)"}]}]}, {"Node Type": "Bitmap Heap Scan", "Parent Relationship": "Inner", "Relation Name": "name", "Alias": "n", "Startup Cost": 0.33, "Total Cost": 4.34, "Plan Rows": 1, "Plan Width": 4, "Recheck Cond": "(id = an.person_id)", "Filter": "(((name)::text ~~ '%Yo%'::text) AND ((name)::text !~~ '%Yu%'::text))", "Plans": [{"Node Type": "Bitmap Index Scan", "Parent Relationship": "Outer", "Index Name": "name_pkey", "Startup Cost": 0.0, "Total Cost": 0.33, "Plan Rows": 1, "Plan Width": 0, "Index Cond": "(id = an.person_id)"}]}]}, {"Node Type": "Seq Scan", "Parent Relationship": "Inner", "Relation Name": "role_type", "Alias": "rt", "Startup Cost": 0.0, "Total Cost": 1.15, "Plan Rows": 1, "Plan Width": 4, "Filter": "((role)::text = 'actress'::text)"}]}]}, "Unique SQL Id": 3956435728, "Planner Runtime": 25}, "explain_analyze_plan": {"Plan": {"Node Type": "Aggregate", "Strategy": "Plain", "Startup Cost": 76052.35, "Total Cost": 76052.36, "Plan Rows": 1, "Plan Width": 97, "Actual Startup Time": 1159.402, "Actual Total Time": 1159.403, "Actual Rows": 1, "Actual Loops": 1, "Plans": [{"Node Type": "Nested Loop", "Parent Relationship": "Outer", "Join Type": "Inner", "Startup Cost": 5990.99, "Total Cost": 76052.35, "Plan Rows": 1, "Plan Width": 33, "Actual Startup Time": 453.862, "Actual Total Time": 1159.365, "Actual Rows": 6, "Actual Loops": 1, "Inner Unique": true, "Join Filter": "(ci.role_id = rt.id)", "Rows Removed by Join Filter": 0, "Plans": [{"Node Type": "Nested Loop", "Parent Relationship": "Outer", "Join Type": "Inner", "Startup Cost": 5990.99, "Total Cost": 76051.18, "Plan Rows": 1, "Plan Width": 37, "Actual Startup Time": 453.835, "Actual Total Time": 1159.303, "Actual Rows": 6, "Actual Loops": 1, "Inner Unique": true, "Plans": [{"Node Type": "Nested Loop", "Parent Relationship": "Outer", "Join Type": "Inner", "Startup Cost": 5990.66, "Total Cost": 76046.83, "Plan Rows": 1, "Plan Width": 45, "Actual Startup Time": 453.088, "Actual Total Time": 1158.015, "Actual Rows": 171, "Actual Loops": 1, "Inner Unique": false, "Plans": [{"Node Type": "Nested Loop", "Parent Relationship": "Outer", "Join Type": "Inner", "Startup Cost": 5990.28, "Total Cost": 76042.43, "Plan Rows": 1, "Plan Width": 25, "Actual Startup Time": 453.028, "Actual Total Time": 1156.881, "Actual Rows": 104, "Actual Loops": 1, "Inner Unique": false, "Join Filter": "(t.id = ci.movie_id)", "Rows Removed by Join Filter": 0, "Plans": [{"Node Type": "Nested Loop", "Parent Relationship": "Outer", "Join Type": "Inner", "Startup Cost": 5986.01, "Total Cost": 75985.85, "Plan Rows": 2, "Plan Width": 25, "Actual Startup Time": 452.931, "Actual Total Time": 1156.174, "Actual Rows": 4, "Actual Loops": 1, "Inner Unique": true, "Plans": [{"Node Type": "Hash Join", "Parent Relationship": "Outer", "Join Type": "Inner", "Startup Cost": 5982.08, "Total Cost": 73899.45, "Plan Rows": 262, "Plan Width": 4, "Actual Startup Time": 87.39, "Actual Total Time": 1086.597, "Actual Rows": 8495, "Actual Loops": 1, "Inner Unique": true, "Hash Cond": "(mc.company_id = cn.id)", "Plans": [{"Node Type": "Seq Scan", "Parent Relationship": "Outer", "Relation Name": "movie_companies", "Alias": "mc", "Startup Cost": 0.0, "Total Cost": 67908.56, "Plan Rows": 1652, "Plan Width": 8, "Actual Startup Time": 0.268, "Actual Total Time": 994.117, "Actual Rows": 8569, "Actual Loops": 1, "Filter": "(((note)::text ~~ '%(Japan)%'::text) AND ((note)::text !~~ '%(USA)%'::text) AND (((note)::text ~~ '%(2006)%'::text) OR ((note)::text ~~ '%(2007)%'::text)))", "Rows Removed by Filter": 2600559}, {"Node Type": "Hash", "Parent Relationship": "Inner", "Startup Cost": 5903.45, "Total Cost": 5903.45, "Plan Rows": 6290, "Plan Width": 4, "Actual Startup Time": 87.065, "Actual Total Time": 87.065, "Actual Rows": 6752, "Actual Loops": 1, "Hash Buckets": 32768, "Hash Batches": 1, "Original Hash Batches": 1, "Peak Memory Usage": 238, "Plans": [{"Node Type": "Seq Scan", "Parent Relationship": "Outer", "Relation Name": "company_name", "Alias": "cn", "Startup Cost": 0.0, "Total Cost": 5903.45, "Plan Rows": 6290, "Plan Width": 4, "Actual Startup Time": 0.032, "Actual Total Time": 84.781, "Actual Rows": 6752, "Actual Loops": 1, "Filter": "((country_code)::text = '[jp]'::text)", "Rows Removed by Filter": 228244}]}]}, {"Node Type": "Bitmap Heap Scan", "Parent Relationship": "Inner", "Relation Name": "title", "Alias": "t", "Startup Cost": 3.93, "Total Cost": 7.95, "Plan Rows": 1, "Plan Width": 21, "Actual Startup Time": 59.454, "Actual Total Time": 59.454, "Actual Rows": 4, "Actual Loops": 8495, "Recheck Cond": "(id = mc.movie_id)", "Rows Removed by Index Recheck": 0, "Filter": "((production_year >= 2006) AND (production_year <= 2007) AND (((title)::text ~~ 'One Piece%'::text) OR ((title)::text ~~ 'Dragon Ball Z%'::text)))", "Rows Removed by Filter": 8491, "Exact Heap Blocks": 8495, "Lossy Heap Blocks": 8495, "Plans": [{"Node Type": "Bitmap Index Scan", "Parent Relationship": "Outer", "Index Name": "title_pkey", "Startup Cost": 0.0, "Total Cost": 3.93, "Plan Rows": 1, "Plan Width": 0, "Actual Startup Time": 28.487, "Actual Total Time": 28.487, "Actual Rows": 8495, "Actual Loops": 8495, "Index Cond": "(id = mc.movie_id)"}]}]}, {"Node Type": "Bitmap Heap Scan", "Parent Relationship": "Inner", "Relation Name": "cast_info", "Alias": "ci", "Startup Cost": 4.27, "Total Cost": 28.27, "Plan Rows": 1, "Plan Width": 12, "Actual Startup Time": 0.274, "Actual Total Time": 0.637, "Actual Rows": 104, "Actual Loops": 4, "Recheck Cond": "(movie_id = mc.movie_id)", "Rows Removed by Index Recheck": 0, "Filter": "((note)::text = '(voice: English version)'::text)", "Rows Removed by Filter": 68, "Exact Heap Blocks": 133, "Lossy Heap Blocks": 133, "Plans": [{"Node Type": "Bitmap Index Scan", "Parent Relationship": "Outer", "Index Name": "movie_id_cast_info", "Startup Cost": 0.0, "Total Cost": 4.27, "Plan Rows": 6, "Plan Width": 0, "Actual Startup Time": 0.102, "Actual Total Time": 0.102, "Actual Rows": 172, "Actual Loops": 4, "Index Cond": "(movie_id = mc.movie_id)"}]}]}, {"Node Type": "Bitmap Heap Scan", "Parent Relationship": "Inner", "Relation Name": "aka_name", "Alias": "an", "Startup Cost": 0.38, "Total Cost": 4.39, "Plan Rows": 1, "Plan Width": 20, "Actual Startup Time": 0.844, "Actual Total Time": 0.943, "Actual Rows": 171, "Actual Loops": 104, "Recheck Cond": "(person_id = ci.person_id)", "Rows Removed by Index Recheck": 0, "Exact Heap Blocks": 105, "Lossy Heap Blocks": 105, "Plans": [{"Node Type": "Bitmap Index Scan", "Parent Relationship": "Outer", "Index Name": "person_id_aka_name", "Startup Cost": 0.0, "Total Cost": 0.38, "Plan Rows": 1, "Plan Width": 0, "Actual Startup Time": 0.566, "Actual Total Time": 0.566, "Actual Rows": 171, "Actual Loops": 104, "Index Cond": "(person_id = ci.person_id)"}]}]}, {"Node Type": "Bitmap Heap Scan", "Parent Relationship": "Inner", "Relation Name": "name", "Alias": "n", "Startup Cost": 0.33, "Total Cost": 4.34, "Plan Rows": 1, "Plan Width": 4, "Actual Startup Time": 1.076, "Actual Total Time": 1.076, "Actual Rows": 6, "Actual Loops": 171, "Recheck Cond": "(id = an.person_id)", "Rows Removed by Index Recheck": 0, "Filter": "(((name)::text ~~ '%Yo%'::text) AND ((name)::text !~~ '%Yu%'::text))", "Rows Removed by Filter": 165, "Exact Heap Blocks": 171, "Lossy Heap Blocks": 171, "Plans": [{"Node Type": "Bitmap Index Scan", "Parent Relationship": "Outer", "Index Name": "name_pkey", "Startup Cost": 0.0, "Total Cost": 0.33, "Plan Rows": 1, "Plan Width": 0, "Actual Startup Time": 0.67, "Actual Total Time": 0.67, "Actual Rows": 171, "Actual Loops": 171, "Index Cond": "(id = an.person_id)"}]}]}, {"Node Type": "Seq Scan", "Parent Relationship": "Inner", "Relation Name": "role_type", "Alias": "rt", "Startup Cost": 0.0, "Total Cost": 1.15, "Plan Rows": 1, "Plan Width": 4, "Actual Startup Time": 0.034, "Actual Total Time": 0.034, "Actual Rows": 6, "Actual Loops": 6, "Filter": "((role)::text = 'actress'::text)", "Rows Removed by Filter": 6}]}]}, "Triggers": [], "Planner Runtime": 25.261, "Total Runtime": 1159.716, "Unique SQL Id": 3956435728}}, "(1, '7')": {"explain_plan": {"Plan": {"Node Type": "Aggregate", "Strategy": "Plain", "Startup Cost": 1000012201008.67, "Total Cost": 1000012201008.68, "Plan Rows": 1, "Plan Width": 97, "Plans": [{"Node Type": "Nested Loop", "Parent Relationship": "Outer", "Join Type": "Inner", "Startup Cost": 10000000004.12, "Total Cost": 1000012201008.67, "Plan Rows": 1, "Plan Width": 33, "Inner Unique": true, "Plans": [{"Node Type": "Nested Loop", "Parent Relationship": "Outer", "Join Type": "Inner", "Startup Cost": 10000000003.79, "Total Cost": 1000012201004.31, "Plan Rows": 1, "Plan Width": 41, "Inner Unique": true, "Plans": [{"Node Type": "Nested Loop", "Parent Relationship": "Outer", "Join Type": "Inner", "Startup Cost": 10000000003.54, "Total Cost": 1000012201000.03, "Plan Rows": 1, "Plan Width": 45, "Inner Unique": true, "Plans": [{"Node Type": "Nested Loop", "Parent Relationship": "Outer", "Join Type": "Inner", "Startup Cost": 10000000002.31, "Total Cost": 1000012200994.77, "Plan Rows": 1, "Plan Width": 49, "Inner Unique": false, "Plans": [{"Node Type": "Nested Loop", "Parent Relationship": "Outer", "Join Type": "Inner", "Startup Cost": 10000000001.65, "Total Cost": 1000012200744.81, "Plan Rows": 53, "Plan Width": 53, "Inner Unique": true, "Plans": [{"Node Type": "Nested Loop", "Parent Relationship": "Outer", "Join Type": "Inner", "Startup Cost": 10000000001.0, "Total Cost": 1000011659757.19, "Plan Rows": 115768, "Plan Width": 32, "Inner Unique": false, "Plans": [{"Node Type": "Index Scan", "Parent Relationship": "Outer", "Scan Direction": "Forward", "Index Name": "person_id_aka_name", "Relation Name": "aka_name", "Alias": "an", "Startup Cost": 10000000000.0, "Total Cost": 1000006896503.43, "Plan Rows": 901342, "Plan Width": 20}, {"Node Type": "Bitmap Heap Scan", "Parent Relationship": "Inner", "Relation Name": "cast_info", "Alias": "ci", "Startup Cost": 1.0, "Total Cost": 5.27, "Plan Rows": 1, "Plan Width": 12, "Recheck Cond": "(person_id = an.person_id)", "Filter": "((note)::text = '(voice: English version)'::text)", "Plans": [{"Node Type": "Bitmap Index Scan", "Parent Relationship": "Outer", "Index Name": "person_id_cast_info", "Startup Cost": 0.0, "Total Cost": 1.0, "Plan Rows": 18, "Plan Width": 0, "Index Cond": "(person_id = an.person_id)"}]}]}, {"Node Type": "Bitmap Heap Scan", "Parent Relationship": "Inner", "Relation Name": "title", "Alias": "t", "Startup Cost": 0.64, "Total Cost": 4.66, "Plan Rows": 1, "Plan Width": 21, "Recheck Cond": "(id = ci.movie_id)", "Filter": "((production_year >= 2006) AND (production_year <= 2007) AND (((title)::text ~~ 'One Piece%'::text) OR ((title)::text ~~ 'Dragon Ball Z%'::text)))", "Plans": [{"Node Type": "Bitmap Index Scan", "Parent Relationship": "Outer", "Index Name": "title_pkey", "Startup Cost": 0.0, "Total Cost": 0.64, "Plan Rows": 1, "Plan Width": 0, "Index Cond": "(id = ci.movie_id)"}]}]}, {"Node Type": "Bitmap Heap Scan", "Parent Relationship": "Inner", "Relation Name": "movie_companies", "Alias": "mc", "Startup Cost": 0.66, "Total Cost": 4.71, "Plan Rows": 1, "Plan Width": 8, "Recheck Cond": "(movie_id = ci.movie_id)", "Filter": "(((note)::text ~~ '%(Japan)%'::text) AND ((note)::text !~~ '%(USA)%'::text) AND (((note)::text ~~ '%(2006)%'::text) OR ((note)::text ~~ '%(2007)%'::text)))", "Plans": [{"Node Type": "Bitmap Index Scan", "Parent Relationship": "Outer", "Index Name": "movie_id_movie_companies", "Startup Cost": 0.0, "Total Cost": 0.66, "Plan Rows": 2, "Plan Width": 0, "Index Cond": "(movie_id = ci.movie_id)"}]}]}, {"Node Type": "Bitmap Heap Scan", "Parent Relationship": "Inner", "Relation Name": "company_name", "Alias": "cn", "Startup Cost": 1.23, "Total Cost": 5.24, "Plan Rows": 1, "Plan Width": 4, "Recheck Cond": "(id = mc.company_id)", "Filter": "((country_code)::text = '[jp]'::text)", "Plans": [{"Node Type": "Bitmap Index Scan", "Parent Relationship": "Outer", "Index Name": "company_name_pkey", "Startup Cost": 0.0, "Total Cost": 1.23, "Plan Rows": 1, "Plan Width": 0, "Index Cond": "(id = mc.company_id)"}]}]}, {"Node Type": "Bitmap Heap Scan", "Parent Relationship": "Inner", "Relation Name": "role_type", "Alias": "rt", "Startup Cost": 0.26, "Total Cost": 4.27, "Plan Rows": 1, "Plan Width": 4, "Recheck Cond": "(id = ci.role_id)", "Filter": "((role)::text = 'actress'::text)", "Plans": [{"Node Type": "Bitmap Index Scan", "Parent Relationship": "Outer", "Index Name": "role_type_pkey", "Startup Cost": 0.0, "Total Cost": 0.26, "Plan Rows": 1, "Plan Width": 0, "Index Cond": "(id = ci.role_id)"}]}]}, {"Node Type": "Bitmap Heap Scan", "Parent Relationship": "Inner", "Relation Name": "name", "Alias": "n", "Startup Cost": 0.33, "Total Cost": 4.34, "Plan Rows": 1, "Plan Width": 4, "Recheck Cond": "(id = an.person_id)", "Filter": "(((name)::text ~~ '%Yo%'::text) AND ((name)::text !~~ '%Yu%'::text))", "Plans": [{"Node Type": "Bitmap Index Scan", "Parent Relationship": "Outer", "Index Name": "name_pkey", "Startup Cost": 0.0, "Total Cost": 0.33, "Plan Rows": 1, "Plan Width": 0, "Index Cond": "(id = an.person_id)"}]}]}]}, "Unique SQL Id": 3956435728, "Planner Runtime": 9}, "explain_analyze_plan": null}, "(1, '8')": {"explain_plan": {"Plan": {"Node Type": "Aggregate", "Strategy": "Plain", "Startup Cost": 76019.18, "Total Cost": 76019.19, "Plan Rows": 1, "Plan Width": 97, "Plans": [{"Node Type": "Nested Loop", "Parent Relationship": "Outer", "Join Type": "Inner", "Startup Cost": 5982.08, "Total Cost": 76019.18, "Plan Rows": 1, "Plan Width": 33, "Inner Unique": true, "Plans": [{"Node Type": "Nested Loop", "Parent Relationship": "Outer", "Join Type": "Inner", "Startup Cost": 5982.08, "Total Cost": 76018.9, "Plan Rows": 1, "Plan Width": 37, "Inner Unique": true, "Plans": [{"Node Type": "Nested Loop", "Parent Relationship": "Outer", "Join Type": "Inner", "Startup Cost": 5982.08, "Total Cost": 76018.31, "Plan Rows": 1, "Plan Width": 45, "Inner Unique": false, "Plans": [{"Node Type": "Nested Loop", "Parent Relationship": "Outer", "Join Type": "Inner", "Startup Cost": 5982.08, "Total Cost": 76017.46, "Plan Rows": 1, "Plan Width": 25, "Inner Unique": false, "Join Filter": "(t.id = ci.movie_id)", "Plans": [{"Node Type": "Nested Loop", "Parent Relationship": "Outer", "Join Type": "Inner", "Startup Cost": 5982.08, "Total Cost": 75961.68, "Plan Rows": 2, "Plan Width": 25, "Inner Unique": true, "Plans": [{"Node Type": "Hash Join", "Parent Relationship": "Outer", "Join Type": "Inner", "Startup Cost": 5982.08, "Total Cost": 73899.45, "Plan Rows": 262, "Plan Width": 4, "Inner Unique": true, "Hash Cond": "(mc.company_id = cn.id)", "Plans": [{"Node Type": "Seq Scan", "Parent Relationship": "Outer", "Relation Name": "movie_companies", "Alias": "mc", "Startup Cost": 0.0, "Total Cost": 67908.56, "Plan Rows": 1652, "Plan Width": 8, "Filter": "(((note)::text ~~ '%(Japan)%'::text) AND ((note)::text !~~ '%(USA)%'::text) AND (((note)::text ~~ '%(2006)%'::text) OR ((note)::text ~~ '%(2007)%'::text)))"}, {"Node Type": "Hash", "Parent Relationship": "Inner", "Startup Cost": 5903.45, "Total Cost": 5903.45, "Plan Rows": 6290, "Plan Width": 4, "Plans": [{"Node Type": "Seq Scan", "Parent Relationship": "Outer", "Relation Name": "company_name", "Alias": "cn", "Startup Cost": 0.0, "Total Cost": 5903.45, "Plan Rows": 6290, "Plan Width": 4, "Filter": "((country_code)::text = '[jp]'::text)"}]}]}, {"Node Type": "Index Scan", "Parent Relationship": "Inner", "Scan Direction": "Forward", "Index Name": "title_pkey", "Relation Name": "title", "Alias": "t", "Startup Cost": 0.0, "Total Cost": 7.86, "Plan Rows": 1, "Plan Width": 21, "Index Cond": "(id = mc.movie_id)", "Filter": "((production_year >= 2006) AND (production_year <= 2007) AND (((title)::text ~~ 'One Piece%'::text) OR ((title)::text ~~ 'Dragon Ball Z%'::text)))"}]}, {"Node Type": "Index Scan", "Parent Relationship": "Inner", "Scan Direction": "Forward", "Index Name": "movie_id_cast_info", "Relation Name": "cast_info", "Alias": "ci", "Startup Cost": 0.0, "Total Cost": 27.88, "Plan Rows": 1, "Plan Width": 12, "Index Cond": "(movie_id = mc.movie_id)", "Filter": "((note)::text = '(voice: English version)'::text)"}]}, {"Node Type": "Index Scan", "Parent Relationship": "Inner", "Scan Direction": "Forward", "Index Name": "person_id_aka_name", "Relation Name": "aka_name", "Alias": "an", "Startup Cost": 0.0, "Total Cost": 0.84, "Plan Rows": 1, "Plan Width": 20, "Index Cond": "(person_id = ci.person_id)"}]}, {"Node Type": "Index Scan", "Parent Relationship": "Inner", "Scan Direction": "Forward", "Index Name": "name_pkey", "Relation Name": "name", "Alias": "n", "Startup Cost": 0.0, "Total Cost": 0.57, "Plan Rows": 1, "Plan Width": 4, "Index Cond": "(id = an.person_id)", "Filter": "(((name)::text ~~ '%Yo%'::text) AND ((name)::text !~~ '%Yu%'::text))"}]}, {"Node Type": "Index Scan", "Parent Relationship": "Inner", "Scan Direction": "Forward", "Index Name": "role_type_pkey", "Relation Name": "role_type", "Alias": "rt", "Startup Cost": 0.0, "Total Cost": 0.27, "Plan Rows": 1, "Plan Width": 4, "Index Cond": "(id = ci.role_id)", "Filter": "((role)::text = 'actress'::text)"}]}]}, "Unique SQL Id": 3956435728, "Planner Runtime": 21}, "explain_analyze_plan": {"Plan": {"Node Type": "Aggregate", "Strategy": "Plain", "Startup Cost": 76019.18, "Total Cost": 76019.19, "Plan Rows": 1, "Plan Width": 97, "Actual Startup Time": 1150.019, "Actual Total Time": 1150.02, "Actual Rows": 1, "Actual Loops": 1, "Plans": [{"Node Type": "Nested Loop", "Parent Relationship": "Outer", "Join Type": "Inner", "Startup Cost": 5982.08, "Total Cost": 76019.18, "Plan Rows": 1, "Plan Width": 33, "Actual Startup Time": 445.745, "Actual Total Time": 1149.979, "Actual Rows": 6, "Actual Loops": 1, "Inner Unique": true, "Plans": [{"Node Type": "Nested Loop", "Parent Relationship": "Outer", "Join Type": "Inner", "Startup Cost": 5982.08, "Total Cost": 76018.9, "Plan Rows": 1, "Plan Width": 37, "Actual Startup Time": 445.724, "Actual Total Time": 1149.932, "Actual Rows": 6, "Actual Loops": 1, "Inner Unique": true, "Plans": [{"Node Type": "Nested Loop", "Parent Relationship": "Outer", "Join Type": "Inner", "Startup Cost": 5982.08, "Total Cost": 76018.31, "Plan Rows": 1, "Plan Width": 45, "Actual Startup Time": 445.108, "Actual Total Time": 1148.889, "Actual Rows": 171, "Actual Loops": 1, "Inner Unique": false, "Plans": [{"Node Type": "Nested Loop", "Parent Relationship": "Outer", "Join Type": "Inner", "Startup Cost": 5982.08, "Total Cost": 76017.46, "Plan Rows": 1, "Plan Width": 25, "Actual Startup Time": 445.082, "Actual Total Time": 1148.012, "Actual Rows": 104, "Actual Loops": 1, "Inner Unique": false, "Join Filter": "(t.id = ci.movie_id)", "Rows Removed by Join Filter": 0, "Plans": [{"Node Type": "Nested Loop", "Parent Relationship": "Outer", "Join Type": "Inner", "Startup Cost": 5982.08, "Total Cost": 75961.68, "Plan Rows": 2, "Plan Width": 25, "Actual Startup Time": 445.02, "Actual Total Time": 1147.431, "Actual Rows": 4, "Actual Loops": 1, "Inner Unique": true, "Plans": [{"Node Type": "Hash Join", "Parent Relationship": "Outer", "Join Type": "Inner", "Startup Cost": 5982.08, "Total Cost": 73899.45, "Plan Rows": 262, "Plan Width": 4, "Actual Startup Time": 89.577, "Actual Total Time": 1092.318, "Actual Rows": 8495, "Actual Loops": 1, "Inner Unique": true, "Hash Cond": "(mc.company_id = cn.id)", "Plans": [{"Node Type": "Seq Scan", "Parent Relationship": "Outer", "Relation Name": "movie_companies", "Alias": "mc", "Startup Cost": 0.0, "Total Cost": 67908.56, "Plan Rows": 1652, "Plan Width": 8, "Actual Startup Time": 0.283, "Actual Total Time": 997.739, "Actual Rows": 8569, "Actual Loops": 1, "Filter": "(((note)::text ~~ '%(Japan)%'::text) AND ((note)::text !~~ '%(USA)%'::text) AND (((note)::text ~~ '%(2006)%'::text) OR ((note)::text ~~ '%(2007)%'::text)))", "Rows Removed by Filter": 2600559}, {"Node Type": "Hash", "Parent Relationship": "Inner", "Startup Cost": 5903.45, "Total Cost": 5903.45, "Plan Rows": 6290, "Plan Width": 4, "Actual Startup Time": 89.227, "Actual Total Time": 89.227, "Actual Rows": 6752, "Actual Loops": 1, "Hash Buckets": 32768, "Hash Batches": 1, "Original Hash Batches": 1, "Peak Memory Usage": 238, "Plans": [{"Node Type": "Seq Scan", "Parent Relationship": "Outer", "Relation Name": "company_name", "Alias": "cn", "Startup Cost": 0.0, "Total Cost": 5903.45, "Plan Rows": 6290, "Plan Width": 4, "Actual Startup Time": 0.03, "Actual Total Time": 86.954, "Actual Rows": 6752, "Actual Loops": 1, "Filter": "((country_code)::text = '[jp]'::text)", "Rows Removed by Filter": 228244}]}]}, {"Node Type": "Index Scan", "Parent Relationship": "Inner", "Scan Direction": "Forward", "Index Name": "title_pkey", "Relation Name": "title", "Alias": "t", "Startup Cost": 0.0, "Total Cost": 7.86, "Plan Rows": 1, "Plan Width": 21, "Actual Startup Time": 50.564, "Actual Total Time": 50.564, "Actual Rows": 4, "Actual Loops": 8495, "Index Cond": "(id = mc.movie_id)", "Rows Removed by Index Recheck": 0, "Filter": "((production_year >= 2006) AND (production_year <= 2007) AND (((title)::text ~~ 'One Piece%'::text) OR ((title)::text ~~ 'Dragon Ball Z%'::text)))", "Rows Removed by Filter": 8491}]}, {"Node Type": "Index Scan", "Parent Relationship": "Inner", "Scan Direction": "Forward", "Index Name": "movie_id_cast_info", "Relation Name": "cast_info", "Alias": "ci", "Startup Cost": 0.0, "Total Cost": 27.88, "Plan Rows": 1, "Plan Width": 12, "Actual Startup Time": 0.171, "Actual Total Time": 0.512, "Actual Rows": 104, "Actual Loops": 4, "Index Cond": "(movie_id = mc.movie_id)", "Rows Removed by Index Recheck": 0, "Filter": "((note)::text = '(voice: English version)'::text)", "Rows Removed by Filter": 68}]}, {"Node Type": "Index Scan", "Parent Relationship": "Inner", "Scan Direction": "Forward", "Index Name": "person_id_aka_name", "Relation Name": "aka_name", "Alias": "an", "Startup Cost": 0.0, "Total Cost": 0.84, "Plan Rows": 1, "Plan Width": 20, "Actual Startup Time": 0.648, "Actual Total Time": 0.763, "Actual Rows": 171, "Actual Loops": 104, "Index Cond": "(person_id = ci.person_id)", "Rows Removed by Index Recheck": 0}]}, {"Node Type": "Index Scan", "Parent Relationship": "Inner", "Scan Direction": "Forward", "Index Name": "name_pkey", "Relation Name": "name", "Alias": "n", "Startup Cost": 0.0, "Total Cost": 0.57, "Plan Rows": 1, "Plan Width": 4, "Actual Startup Time": 0.944, "Actual Total Time": 0.944, "Actual Rows": 6, "Actual Loops": 171, "Index Cond": "(id = an.person_id)", "Rows Removed by Index Recheck": 0, "Filter": "(((name)::text ~~ '%Yo%'::text) AND ((name)::text !~~ '%Yu%'::text))", "Rows Removed by Filter": 165}]}, {"Node Type": "Index Scan", "Parent Relationship": "Inner", "Scan Direction": "Forward", "Index Name": "role_type_pkey", "Relation Name": "role_type", "Alias": "rt", "Startup Cost": 0.0, "Total Cost": 0.27, "Plan Rows": 1, "Plan Width": 4, "Actual Startup Time": 0.031, "Actual Total Time": 0.031, "Actual Rows": 6, "Actual Loops": 6, "Index Cond": "(id = ci.role_id)", "Rows Removed by Index Recheck": 0, "Filter": "((role)::text = 'actress'::text)", "Rows Removed by Filter": 0}]}]}, "Triggers": [], "Planner Runtime": 21.278, "Total Runtime": 1150.324, "Unique SQL Id": 3956435728}}, "(1, '9')": {"explain_plan": {"Plan": {"Node Type": "Aggregate", "Strategy": "Plain", "Startup Cost": 84111.26, "Total Cost": 84111.27, "Plan Rows": 1, "Plan Width": 97, "Plans": [{"Node Type": "Nested Loop", "Parent Relationship": "Outer", "Join Type": "Inner", "Startup Cost": 0.0, "Total Cost": 84111.26, "Plan Rows": 1, "Plan Width": 33, "Inner Unique": true, "Plans": [{"Node Type": "Nested Loop", "Parent Relationship": "Outer", "Join Type": "Inner", "Startup Cost": 0.0, "Total Cost": 84110.97, "Plan Rows": 1, "Plan Width": 37, "Inner Unique": true, "Plans": [{"Node Type": "Nested Loop", "Parent Relationship": "Outer", "Join Type": "Inner", "Startup Cost": 0.0, "Total Cost": 84110.39, "Plan Rows": 1, "Plan Width": 45, "Inner Unique": false, "Plans": [{"Node Type": "Nested Loop", "Parent Relationship": "Outer", "Join Type": "Inner", "Startup Cost": 0.0, "Total Cost": 84109.54, "Plan Rows": 1, "Plan Width": 25, "Inner Unique": false, "Join Filter": "(t.id = ci.movie_id)", "Plans": [{"Node Type": "Nested Loop", "Parent Relationship": "Outer", "Join Type": "Inner", "Startup Cost": 0.0, "Total Cost": 84053.76, "Plan Rows": 2, "Plan Width": 25, "Inner Unique": true, "Plans": [{"Node Type": "Nested Loop", "Parent Relationship": "Outer", "Join Type": "Inner", "Startup Cost": 0.0, "Total Cost": 81991.53, "Plan Rows": 262, "Plan Width": 4, "Inner Unique": false, "Plans": [{"Node Type": "Index Scan", "Parent Relationship": "Outer", "Scan Direction": "Forward", "Index Name": "company_name_pkey", "Relation Name": "company_name", "Alias": "cn", "Startup Cost": 0.0, "Total Cost": 10501.39, "Plan Rows": 6290, "Plan Width": 4, "Filter": "((country_code)::text = '[jp]'::text)"}, {"Node Type": "Index Scan", "Parent Relationship": "Inner", "Scan Direction": "Forward", "Index Name": "company_id_movie_companies", "Relation Name": "movie_companies", "Alias": "mc", "Startup Cost": 0.0, "Total Cost": 11.36, "Plan Rows": 1, "Plan Width": 8, "Index Cond": "(company_id = cn.id)", "Filter": "(((note)::text ~~ '%(Japan)%'::text) AND ((note)::text !~~ '%(USA)%'::text) AND (((note)::text ~~ '%(2006)%'::text) OR ((note)::text ~~ '%(2007)%'::text)))"}]}, {"Node Type": "Index Scan", "Parent Relationship": "Inner", "Scan Direction": "Forward", "Index Name": "title_pkey", "Relation Name": "title", "Alias": "t", "Startup Cost": 0.0, "Total Cost": 7.86, "Plan Rows": 1, "Plan Width": 21, "Index Cond": "(id = mc.movie_id)", "Filter": "((production_year >= 2006) AND (production_year <= 2007) AND (((title)::text ~~ 'One Piece%'::text) OR ((title)::text ~~ 'Dragon Ball Z%'::text)))"}]}, {"Node Type": "Index Scan", "Parent Relationship": "Inner", "Scan Direction": "Forward", "Index Name": "movie_id_cast_info", "Relation Name": "cast_info", "Alias": "ci", "Startup Cost": 0.0, "Total Cost": 27.88, "Plan Rows": 1, "Plan Width": 12, "Index Cond": "(movie_id = mc.movie_id)", "Filter": "((note)::text = '(voice: English version)'::text)"}]}, {"Node Type": "Index Scan", "Parent Relationship": "Inner", "Scan Direction": "Forward", "Index Name": "person_id_aka_name", "Relation Name": "aka_name", "Alias": "an", "Startup Cost": 0.0, "Total Cost": 0.84, "Plan Rows": 1, "Plan Width": 20, "Index Cond": "(person_id = ci.person_id)"}]}, {"Node Type": "Index Scan", "Parent Relationship": "Inner", "Scan Direction": "Forward", "Index Name": "name_pkey", "Relation Name": "name", "Alias": "n", "Startup Cost": 0.0, "Total Cost": 0.57, "Plan Rows": 1, "Plan Width": 4, "Index Cond": "(id = an.person_id)", "Filter": "(((name)::text ~~ '%Yo%'::text) AND ((name)::text !~~ '%Yu%'::text))"}]}, {"Node Type": "Index Scan", "Parent Relationship": "Inner", "Scan Direction": "Forward", "Index Name": "role_type_pkey", "Relation Name": "role_type", "Alias": "rt", "Startup Cost": 0.0, "Total Cost": 0.27, "Plan Rows": 1, "Plan Width": 4, "Index Cond": "(id = ci.role_id)", "Filter": "((role)::text = 'actress'::text)"}]}]}, "Unique SQL Id": 3956435728, "Planner Runtime": 24}, "explain_analyze_plan": {"Plan": {"Node Type": "Aggregate", "Strategy": "Plain", "Startup Cost": 84111.26, "Total Cost": 84111.27, "Plan Rows": 1, "Plan Width": 97, "Actual Startup Time": 581.73, "Actual Total Time": 581.73, "Actual Rows": 1, "Actual Loops": 1, "Plans": [{"Node Type": "Nested Loop", "Parent Relationship": "Outer", "Join Type": "Inner", "Startup Cost": 0.0, "Total Cost": 84111.26, "Plan Rows": 1, "Plan Width": 33, "Actual Startup Time": 54.321, "Actual Total Time": 581.694, "Actual Rows": 6, "Actual Loops": 1, "Inner Unique": true, "Plans": [{"Node Type": "Nested Loop", "Parent Relationship": "Outer", "Join Type": "Inner", "Startup Cost": 0.0, "Total Cost": 84110.97, "Plan Rows": 1, "Plan Width": 37, "Actual Startup Time": 54.312, "Actual Total Time": 581.658, "Actual Rows": 6, "Actual Loops": 1, "Inner Unique": true, "Plans": [{"Node Type": "Nested Loop", "Parent Relationship": "Outer", "Join Type": "Inner", "Startup Cost": 0.0, "Total Cost": 84110.39, "Plan Rows": 1, "Plan Width": 45, "Actual Startup Time": 53.198, "Actual Total Time": 580.628, "Actual Rows": 171, "Actual Loops": 1, "Inner Unique": false, "Plans": [{"Node Type": "Nested Loop", "Parent Relationship": "Outer", "Join Type": "Inner", "Startup Cost": 0.0, "Total Cost": 84109.54, "Plan Rows": 1, "Plan Width": 25, "Actual Startup Time": 53.177, "Actual Total Time": 579.772, "Actual Rows": 104, "Actual Loops": 1, "Inner Unique": false, "Join Filter": "(t.id = ci.movie_id)", "Rows Removed by Join Filter": 0, "Plans": [{"Node Type": "Nested Loop", "Parent Relationship": "Outer", "Join Type": "Inner", "Startup Cost": 0.0, "Total Cost": 84053.76, "Plan Rows": 2, "Plan Width": 25, "Actual Startup Time": 53.042, "Actual Total Time": 579.227, "Actual Rows": 4, "Actual Loops": 1, "Inner Unique": true, "Plans": [{"Node Type": "Nested Loop", "Parent Relationship": "Outer", "Join Type": "Inner", "Startup Cost": 0.0, "Total Cost": 81991.53, "Plan Rows": 262, "Plan Width": 4, "Actual Startup Time": 0.312, "Actual Total Time": 518.839, "Actual Rows": 8495, "Actual Loops": 1, "Inner Unique": false, "Plans": [{"Node Type": "Index Scan", "Parent Relationship": "Outer", "Scan Direction": "Forward", "Index Name": "company_name_pkey", "Relation Name": "company_name", "Alias": "cn", "Startup Cost": 0.0, "Total Cost": 10501.39, "Plan Rows": 6290, "Plan Width": 4, "Actual Startup Time": 0.264, "Actual Total Time": 291.012, "Actual Rows": 6752, "Actual Loops": 1, "Filter": "((country_code)::text = '[jp]'::text)", "Rows Removed by Filter": 228244}, {"Node Type": "Index Scan", "Parent Relationship": "Inner", "Scan Direction": "Forward", "Index Name": "company_id_movie_companies", "Relation Name": "movie_companies", "Alias": "mc", "Startup Cost": 0.0, "Total Cost": 11.36, "Plan Rows": 1, "Plan Width": 8, "Actual Startup Time": 100.149, "Actual Total Time": 221.814, "Actual Rows": 8495, "Actual Loops": 6752, "Index Cond": "(company_id = cn.id)", "Rows Removed by Index Recheck": 0, "Filter": "(((note)::text ~~ '%(Japan)%'::text) AND ((note)::text !~~ '%(USA)%'::text) AND (((note)::text ~~ '%(2006)%'::text) OR ((note)::text ~~ '%(2007)%'::text)))", "Rows Removed by Filter": 96500}]}, {"Node Type": "Index Scan", "Parent Relationship": "Inner", "Scan Direction": "Forward", "Index Name": "title_pkey", "Relation Name": "title", "Alias": "t", "Startup Cost": 0.0, "Total Cost": 7.86, "Plan Rows": 1, "Plan Width": 21, "Actual Startup Time": 55.844, "Actual Total Time": 55.844, "Actual Rows": 4, "Actual Loops": 8495, "Index Cond": "(id = mc.movie_id)", "Rows Removed by Index Recheck": 0, "Filter": "((production_year >= 2006) AND (production_year <= 2007) AND (((title)::text ~~ 'One Piece%'::text) OR ((title)::text ~~ 'Dragon Ball Z%'::text)))", "Rows Removed by Filter": 8491}]}, {"Node Type": "Index Scan", "Parent Relationship": "Inner", "Scan Direction": "Forward", "Index Name": "movie_id_cast_info", "Relation Name": "cast_info", "Alias": "ci", "Startup Cost": 0.0, "Total Cost": 27.88, "Plan Rows": 1, "Plan Width": 12, "Actual Startup Time": 0.155, "Actual Total Time": 0.487, "Actual Rows": 104, "Actual Loops": 4, "Index Cond": "(movie_id = mc.movie_id)", "Rows Removed by Index Recheck": 0, "Filter": "((note)::text = '(voice: English version)'::text)", "Rows Removed by Filter": 68}]}, {"Node Type": "Index Scan", "Parent Relationship": "Inner", "Scan Direction": "Forward", "Index Name": "person_id_aka_name", "Relation Name": "aka_name", "Alias": "an", "Startup Cost": 0.0, "Total Cost": 0.84, "Plan Rows": 1, "Plan Width": 20, "Actual Startup Time": 0.629, "Actual Total Time": 0.74, "Actual Rows": 171, "Actual Loops": 104, "Index Cond": "(person_id = ci.person_id)", "Rows Removed by Index Recheck": 0}]}, {"Node Type": "Index Scan", "Parent Relationship": "Inner", "Scan Direction": "Forward", "Index Name": "name_pkey", "Relation Name": "name", "Alias": "n", "Startup Cost": 0.0, "Total Cost": 0.57, "Plan Rows": 1, "Plan Width": 4, "Actual Startup Time": 0.94, "Actual Total Time": 0.94, "Actual Rows": 6, "Actual Loops": 171, "Index Cond": "(id = an.person_id)", "Rows Removed by Index Recheck": 0, "Filter": "(((name)::text ~~ '%Yo%'::text) AND ((name)::text !~~ '%Yu%'::text))", "Rows Removed by Filter": 165}]}, {"Node Type": "Index Scan", "Parent Relationship": "Inner", "Scan Direction": "Forward", "Index Name": "role_type_pkey", "Relation Name": "role_type", "Alias": "rt", "Startup Cost": 0.0, "Total Cost": 0.27, "Plan Rows": 1, "Plan Width": 4, "Actual Startup Time": 0.022, "Actual Total Time": 0.022, "Actual Rows": 6, "Actual Loops": 6, "Index Cond": "(id = ci.role_id)", "Rows Removed by Index Recheck": 0, "Filter": "((role)::text = 'actress'::text)", "Rows Removed by Filter": 0}]}]}, "Triggers": [], "Planner Runtime": 25.043, "Total Runtime": 582.138, "Unique SQL Id": 3956435728}}, "(1, '10')": {"explain_plan": {"Plan": {"Node Type": "Aggregate", "Strategy": "Plain", "Startup Cost": 999588.78, "Total Cost": 999588.79, "Plan Rows": 1, "Plan Width": 97, "Plans": [{"Node Type": "Nested Loop", "Parent Relationship": "Outer", "Join Type": "Inner", "Startup Cost": 4536.65, "Total Cost": 999588.77, "Plan Rows": 1, "Plan Width": 33, "Inner Unique": true, "Join Filter": "(an.person_id = n.id)", "Plans": [{"Node Type": "Nested Loop", "Parent Relationship": "Outer", "Join Type": "Inner", "Startup Cost": 4536.65, "Total Cost": 885505.85, "Plan Rows": 1, "Plan Width": 41, "Inner Unique": true, "Join Filter": "(mc.company_id = cn.id)", "Plans": [{"Node Type": "Nested Loop", "Parent Relationship": "Outer", "Join Type": "Inner", "Startup Cost": 4536.65, "Total Cost": 879523.77, "Plan Rows": 1, "Plan Width": 45, "Inner Unique": false, "Join Filter": "(ci.person_id = an.person_id)", "Plans": [{"Node Type": "Nested Loop", "Parent Relationship": "Outer", "Join Type": "Inner", "Startup Cost": 4536.65, "Total Cost": 848348.58, "Plan Rows": 1, "Plan Width": 25, "Inner Unique": false, "Join Filter": "(ci.movie_id = t.id)", "Plans": [{"Node Type": "Nested Loop", "Parent Relationship": "Outer", "Join Type": "Inner", "Startup Cost": 4536.65, "Total Cost": 154326.43, "Plan Rows": 2, "Plan Width": 29, "Inner Unique": true, "Join Filter": "(mc.movie_id = t.id)", "Plans": [{"Node Type": "Seq Scan", "Parent Relationship": "Outer", "Relation Name": "movie_companies", "Alias": "mc", "Startup Cost": 0.0, "Total Cost": 67908.56, "Plan Rows": 1652, "Plan Width": 8, "Filter": "(((note)::text ~~ '%(Japan)%'::text) AND ((note)::text !~~ '%(USA)%'::text) AND (((note)::text ~~ '%(2006)%'::text) OR ((note)::text ~~ '%(2007)%'::text)))"}, {"Node Type": "Materialize", "Parent Relationship": "Inner", "Startup Cost": 4536.65, "Total Cost": 85352.43, "Plan Rows": 43, "Plan Width": 21, "Plans": [{"Node Type": "Seq Scan", "Parent Relationship": "Outer", "Relation Name": "title", "Alias": "t", "Startup Cost": 4536.65, "Total Cost": 85352.22, "Plan Rows": 43, "Plan Width": 21, "Filter": "((production_year >= 2006) AND (production_year <= 2007) AND (((title)::text ~~ 'One Piece%'::text) OR ((title)::text ~~ 'Dragon Ball Z%'::text)))"}]}]}, {"Node Type": "Materialize", "Parent Relationship": "Inner", "Startup Cost": 0.0, "Total Cost": 693780.43, "Plan Rows": 8790, "Plan Width": 8, "Plans": [{"Node Type": "Nested Loop", "Parent Relationship": "Outer", "Join Type": "Inner", "Startup Cost": 0.0, "Total Cost": 693736.48, "Plan Rows": 8790, "Plan Width": 8, "Inner Unique": false, "Join Filter": "(ci.role_id = rt.id)", "Plans": [{"Node Type": "Seq Scan", "Parent Relationship": "Outer", "Relation Name": "role_type", "Alias": "rt", "Startup Cost": 0.0, "Total Cost": 1.15, "Plan Rows": 1, "Plan Width": 4, "Filter": "((role)::text = 'actress'::text)"}, {"Node Type": "Seq Scan", "Parent Relationship": "Inner", "Relation Name": "cast_info", "Alias": "ci", "Startup Cost": 0.0, "Total Cost": 692526.68, "Plan Rows": 96692, "Plan Width": 12, "Filter": "((note)::text = '(voice: English version)'::text)"}]}]}]}, {"Node Type": "Seq Scan", "Parent Relationship": "Inner", "Relation Name": "aka_name", "Alias": "an", "Startup Cost": 0.0, "Total Cost": 19908.42, "Plan Rows": 901342, "Plan Width": 20}]}, {"Node Type": "Seq Scan", "Parent Relationship": "Inner", "Relation Name": "company_name", "Alias": "cn", "Startup Cost": 0.0, "Total Cost": 5903.45, "Plan Rows": 6290, "Plan Width": 4, "Filter": "((country_code)::text = '[jp]'::text)"}]}, {"Node Type": "Seq Scan", "Parent Relationship": "Inner", "Relation Name": "name", "Alias": "n", "Startup Cost": 0.0, "Total Cost": 113909.35, "Plan Rows": 13886, "Plan Width": 4, "Filter": "(((name)::text ~~ '%Yo%'::text) AND ((name)::text !~~ '%Yu%'::text))"}]}]}, "Unique SQL Id": 3956435728, "Planner Runtime": 75}, "explain_analyze_plan": null}, "(1, '11')": {"explain_plan": {"Plan": {"Node Type": "Aggregate", "Strategy": "Plain", "Startup Cost": 6721937474272.79, "Total Cost": 6721937474272.8, "Plan Rows": 1, "Plan Width": 97, "Plans": [{"Node Type": "Nested Loop", "Parent Relationship": "Outer", "Join Type": "Inner", "Startup Cost": 70051235465.84, "Total Cost": 6721937474272.78, "Plan Rows": 1, "Plan Width": 33, "Inner Unique": true, "Join Filter": "(ci.role_id = rt.id)", "Plans": [{"Node Type": "Nested Loop", "Parent Relationship": "Outer", "Join Type": "Inner", "Startup Cost": 60051235465.84, "Total Cost": 5721937473026.77, "Plan Rows": 1, "Plan Width": 37, "Inner Unique": true, "Plans": [{"Node Type": "Nested Loop", "Parent Relationship": "Outer", "Join Type": "Inner", "Startup Cost": 50051235465.84, "Total Cost": 4721937472589.34, "Plan Rows": 1, "Plan Width": 41, "Inner Unique": false, "Join Filter": "(t.id = ci.movie_id)", "Plans": [{"Node Type": "Nested Loop", "Parent Relationship": "Outer", "Join Type": "Inner", "Startup Cost": 20000000000.0, "Total Cost": 2000028517903.54, "Plan Rows": 2, "Plan Width": 29, "Inner Unique": true, "Join Filter": "(mc.movie_id = t.id)", "Plans": [{"Node Type": "Index Scan", "Parent Relationship": "Outer", "Scan Direction": "Forward", "Index Name": "company_id_movie_companies", "Relation Name": "movie_companies", "Alias": "mc", "Startup Cost": 10000000000.0, "Total Cost": 1000014976477.98, "Plan Rows": 1652, "Plan Width": 8, "Filter": "(((note)::text ~~ '%(Japan)%'::text) AND ((note)::text !~~ '%(USA)%'::text) AND (((note)::text ~~ '%(2006)%'::text) OR ((note)::text ~~ '%(2007)%'::text)))"}, {"Node Type": "Materialize", "Parent Relationship": "Inner", "Startup Cost": 10000000000.0, "Total Cost": 1000013540360.13, "Plan Rows": 43, "Plan Width": 21, "Plans": [{"Node Type": "Index Scan", "Parent Relationship": "Outer", "Scan Direction": "Forward", "Index Name": "title_pkey", "Relation Name": "title", "Alias": "t", "Startup Cost": 10000000000.0, "Total Cost": 1000013540359.91, "Plan Rows": 43, "Plan Width": 21, "Filter": "((production_year >= 2006) AND (production_year <= 2007) AND (((title)::text ~~ 'One Piece%'::text) OR ((title)::text ~~ 'Dragon Ball Z%'::text)))"}]}]}, {"Node Type": "Materialize", "Parent Relationship": "Inner", "Startup Cost": 30051235465.84, "Total Cost": 2721908954213.87, "Plan Rows": 17161, "Plan Width": 24, "Plans": [{"Node Type": "Merge Join", "Parent Relationship": "Outer", "Join Type": "Inner", "Startup Cost": 30051235465.84, "Total Cost": 2721908954128.06, "Plan Rows": 17161, "Plan Width": 24, "Inner Unique": false, "Merge Cond": "(an.person_id = ci.person_id)", "Plans": [{"Node Type": "Merge Join", "Parent Relationship": "Outer", "Join Type": "Inner", "Startup Cost": 20030754356.47, "Total Cost": 2000026606025.89, "Plan Rows": 16627, "Plan Width": 24, "Inner Unique": true, "Merge Cond": "(an.person_id = n.id)", "Plans": [{"Node Type": "Index Scan", "Parent Relationship": "Outer", "Scan Direction": "Forward", "Index Name": "person_id_aka_name", "Relation Name": "aka_name", "Alias": "an", "Startup Cost": 10000000000.0, "Total Cost": 1000006896503.43, "Plan Rows": 901342, "Plan Width": 20}, {"Node Type": "Materialize", "Parent Relationship": "Inner", "Startup Cost": 10000000000.0, "Total Cost": 1000019707054.42, "Plan Rows": 13886, "Plan Width": 4, "Plans": [{"Node Type": "Index Scan", "Parent Relationship": "Outer", "Scan Direction": "Forward", "Index Name": "name_pkey", "Relation Name": "name", "Alias": "n", "Startup Cost": 10000000000.0, "Total Cost": 1000019707019.7, "Plan Rows": 13886, "Plan Width": 4, "Filter": "(((name)::text ~~ '%Yo%'::text) AND ((name)::text !~~ '%Yu%'::text))"}]}]}, {"Node Type": "Index Scan", "Parent Relationship": "Inner", "Scan Direction": "Forward", "Index Name": "person_id_cast_info", "Relation Name": "cast_info", "Alias": "ci", "Startup Cost": 10000000000.0, "Total Cost": 1000179713706.71, "Plan Rows": 96692, "Plan Width": 12, "Filter": "((note)::text = '(voice: English version)'::text)"}]}]}]}, {"Node Type": "Index Scan", "Parent Relationship": "Inner", "Scan Direction": "Forward", "Index Name": "company_name_pkey", "Relation Name": "company_name", "Alias": "cn", "Startup Cost": 10000000000.0, "Total Cost": 1000000000437.42, "Plan Rows": 1, "Plan Width": 4, "Index Cond": "(id = mc.company_id)", "Filter": "((country_code)::text = '[jp]'::text)"}]}, {"Node Type": "Index Scan", "Parent Relationship": "Inner", "Scan Direction": "Forward", "Index Name": "role_type_pkey", "Relation Name": "role_type", "Alias": "rt", "Startup Cost": 10000000000.0, "Total Cost": 1000000001246.0, "Plan Rows": 1, "Plan Width": 4, "Filter": "((role)::text = 'actress'::text)"}]}]}, "Unique SQL Id": 3956435728, "Planner Runtime": 80}, "explain_analyze_plan": null}, "(1, '12')": {"explain_plan": {"Plan": {"Node Type": "Aggregate", "Strategy": "Plain", "Startup Cost": 76019.18, "Total Cost": 76019.19, "Plan Rows": 1, "Plan Width": 97, "Plans": [{"Node Type": "Nested Loop", "Parent Relationship": "Outer", "Join Type": "Inner", "Startup Cost": 5982.08, "Total Cost": 76019.18, "Plan Rows": 1, "Plan Width": 33, "Inner Unique": true, "Plans": [{"Node Type": "Nested Loop", "Parent Relationship": "Outer", "Join Type": "Inner", "Startup Cost": 5982.08, "Total Cost": 76018.9, "Plan Rows": 1, "Plan Width": 37, "Inner Unique": true, "Plans": [{"Node Type": "Nested Loop", "Parent Relationship": "Outer", "Join Type": "Inner", "Startup Cost": 5982.08, "Total Cost": 76018.31, "Plan Rows": 1, "Plan Width": 45, "Inner Unique": false, "Plans": [{"Node Type": "Nested Loop", "Parent Relationship": "Outer", "Join Type": "Inner", "Startup Cost": 5982.08, "Total Cost": 76017.46, "Plan Rows": 1, "Plan Width": 25, "Inner Unique": false, "Join Filter": "(t.id = ci.movie_id)", "Plans": [{"Node Type": "Nested Loop", "Parent Relationship": "Outer", "Join Type": "Inner", "Startup Cost": 5982.08, "Total Cost": 75961.68, "Plan Rows": 2, "Plan Width": 25, "Inner Unique": true, "Plans": [{"Node Type": "Hash Join", "Parent Relationship": "Outer", "Join Type": "Inner", "Startup Cost": 5982.08, "Total Cost": 73899.45, "Plan Rows": 262, "Plan Width": 4, "Inner Unique": true, "Hash Cond": "(mc.company_id = cn.id)", "Plans": [{"Node Type": "Seq Scan", "Parent Relationship": "Outer", "Relation Name": "movie_companies", "Alias": "mc", "Startup Cost": 0.0, "Total Cost": 67908.56, "Plan Rows": 1652, "Plan Width": 8, "Filter": "(((note)::text ~~ '%(Japan)%'::text) AND ((note)::text !~~ '%(USA)%'::text) AND (((note)::text ~~ '%(2006)%'::text) OR ((note)::text ~~ '%(2007)%'::text)))"}, {"Node Type": "Hash", "Parent Relationship": "Inner", "Startup Cost": 5903.45, "Total Cost": 5903.45, "Plan Rows": 6290, "Plan Width": 4, "Plans": [{"Node Type": "Seq Scan", "Parent Relationship": "Outer", "Relation Name": "company_name", "Alias": "cn", "Startup Cost": 0.0, "Total Cost": 5903.45, "Plan Rows": 6290, "Plan Width": 4, "Filter": "((country_code)::text = '[jp]'::text)"}]}]}, {"Node Type": "Index Scan", "Parent Relationship": "Inner", "Scan Direction": "Forward", "Index Name": "title_pkey", "Relation Name": "title", "Alias": "t", "Startup Cost": 0.0, "Total Cost": 7.86, "Plan Rows": 1, "Plan Width": 21, "Index Cond": "(id = mc.movie_id)", "Filter": "((production_year >= 2006) AND (production_year <= 2007) AND (((title)::text ~~ 'One Piece%'::text) OR ((title)::text ~~ 'Dragon Ball Z%'::text)))"}]}, {"Node Type": "Index Scan", "Parent Relationship": "Inner", "Scan Direction": "Forward", "Index Name": "movie_id_cast_info", "Relation Name": "cast_info", "Alias": "ci", "Startup Cost": 0.0, "Total Cost": 27.88, "Plan Rows": 1, "Plan Width": 12, "Index Cond": "(movie_id = mc.movie_id)", "Filter": "((note)::text = '(voice: English version)'::text)"}]}, {"Node Type": "Index Scan", "Parent Relationship": "Inner", "Scan Direction": "Forward", "Index Name": "person_id_aka_name", "Relation Name": "aka_name", "Alias": "an", "Startup Cost": 0.0, "Total Cost": 0.84, "Plan Rows": 1, "Plan Width": 20, "Index Cond": "(person_id = ci.person_id)"}]}, {"Node Type": "Index Scan", "Parent Relationship": "Inner", "Scan Direction": "Forward", "Index Name": "name_pkey", "Relation Name": "name", "Alias": "n", "Startup Cost": 0.0, "Total Cost": 0.57, "Plan Rows": 1, "Plan Width": 4, "Index Cond": "(id = an.person_id)", "Filter": "(((name)::text ~~ '%Yo%'::text) AND ((name)::text !~~ '%Yu%'::text))"}]}, {"Node Type": "Index Scan", "Parent Relationship": "Inner", "Scan Direction": "Forward", "Index Name": "role_type_pkey", "Relation Name": "role_type", "Alias": "rt", "Startup Cost": 0.0, "Total Cost": 0.27, "Plan Rows": 1, "Plan Width": 4, "Index Cond": "(id = ci.role_id)", "Filter": "((role)::text = 'actress'::text)"}]}]}, "Unique SQL Id": 3956435728, "Planner Runtime": 21}, "explain_analyze_plan": {"Plan": {"Node Type": "Aggregate", "Strategy": "Plain", "Startup Cost": 76019.18, "Total Cost": 76019.19, "Plan Rows": 1, "Plan Width": 97, "Actual Startup Time": 1150.019, "Actual Total Time": 1150.02, "Actual Rows": 1, "Actual Loops": 1, "Plans": [{"Node Type": "Nested Loop", "Parent Relationship": "Outer", "Join Type": "Inner", "Startup Cost": 5982.08, "Total Cost": 76019.18, "Plan Rows": 1, "Plan Width": 33, "Actual Startup Time": 445.745, "Actual Total Time": 1149.979, "Actual Rows": 6, "Actual Loops": 1, "Inner Unique": true, "Plans": [{"Node Type": "Nested Loop", "Parent Relationship": "Outer", "Join Type": "Inner", "Startup Cost": 5982.08, "Total Cost": 76018.9, "Plan Rows": 1, "Plan Width": 37, "Actual Startup Time": 445.724, "Actual Total Time": 1149.932, "Actual Rows": 6, "Actual Loops": 1, "Inner Unique": true, "Plans": [{"Node Type": "Nested Loop", "Parent Relationship": "Outer", "Join Type": "Inner", "Startup Cost": 5982.08, "Total Cost": 76018.31, "Plan Rows": 1, "Plan Width": 45, "Actual Startup Time": 445.108, "Actual Total Time": 1148.889, "Actual Rows": 171, "Actual Loops": 1, "Inner Unique": false, "Plans": [{"Node Type": "Nested Loop", "Parent Relationship": "Outer", "Join Type": "Inner", "Startup Cost": 5982.08, "Total Cost": 76017.46, "Plan Rows": 1, "Plan Width": 25, "Actual Startup Time": 445.082, "Actual Total Time": 1148.012, "Actual Rows": 104, "Actual Loops": 1, "Inner Unique": false, "Join Filter": "(t.id = ci.movie_id)", "Rows Removed by Join Filter": 0, "Plans": [{"Node Type": "Nested Loop", "Parent Relationship": "Outer", "Join Type": "Inner", "Startup Cost": 5982.08, "Total Cost": 75961.68, "Plan Rows": 2, "Plan Width": 25, "Actual Startup Time": 445.02, "Actual Total Time": 1147.431, "Actual Rows": 4, "Actual Loops": 1, "Inner Unique": true, "Plans": [{"Node Type": "Hash Join", "Parent Relationship": "Outer", "Join Type": "Inner", "Startup Cost": 5982.08, "Total Cost": 73899.45, "Plan Rows": 262, "Plan Width": 4, "Actual Startup Time": 89.577, "Actual Total Time": 1092.318, "Actual Rows": 8495, "Actual Loops": 1, "Inner Unique": true, "Hash Cond": "(mc.company_id = cn.id)", "Plans": [{"Node Type": "Seq Scan", "Parent Relationship": "Outer", "Relation Name": "movie_companies", "Alias": "mc", "Startup Cost": 0.0, "Total Cost": 67908.56, "Plan Rows": 1652, "Plan Width": 8, "Actual Startup Time": 0.283, "Actual Total Time": 997.739, "Actual Rows": 8569, "Actual Loops": 1, "Filter": "(((note)::text ~~ '%(Japan)%'::text) AND ((note)::text !~~ '%(USA)%'::text) AND (((note)::text ~~ '%(2006)%'::text) OR ((note)::text ~~ '%(2007)%'::text)))", "Rows Removed by Filter": 2600559}, {"Node Type": "Hash", "Parent Relationship": "Inner", "Startup Cost": 5903.45, "Total Cost": 5903.45, "Plan Rows": 6290, "Plan Width": 4, "Actual Startup Time": 89.227, "Actual Total Time": 89.227, "Actual Rows": 6752, "Actual Loops": 1, "Hash Buckets": 32768, "Hash Batches": 1, "Original Hash Batches": 1, "Peak Memory Usage": 238, "Plans": [{"Node Type": "Seq Scan", "Parent Relationship": "Outer", "Relation Name": "company_name", "Alias": "cn", "Startup Cost": 0.0, "Total Cost": 5903.45, "Plan Rows": 6290, "Plan Width": 4, "Actual Startup Time": 0.03, "Actual Total Time": 86.954, "Actual Rows": 6752, "Actual Loops": 1, "Filter": "((country_code)::text = '[jp]'::text)", "Rows Removed by Filter": 228244}]}]}, {"Node Type": "Index Scan", "Parent Relationship": "Inner", "Scan Direction": "Forward", "Index Name": "title_pkey", "Relation Name": "title", "Alias": "t", "Startup Cost": 0.0, "Total Cost": 7.86, "Plan Rows": 1, "Plan Width": 21, "Actual Startup Time": 50.564, "Actual Total Time": 50.564, "Actual Rows": 4, "Actual Loops": 8495, "Index Cond": "(id = mc.movie_id)", "Rows Removed by Index Recheck": 0, "Filter": "((production_year >= 2006) AND (production_year <= 2007) AND (((title)::text ~~ 'One Piece%'::text) OR ((title)::text ~~ 'Dragon Ball Z%'::text)))", "Rows Removed by Filter": 8491}]}, {"Node Type": "Index Scan", "Parent Relationship": "Inner", "Scan Direction": "Forward", "Index Name": "movie_id_cast_info", "Relation Name": "cast_info", "Alias": "ci", "Startup Cost": 0.0, "Total Cost": 27.88, "Plan Rows": 1, "Plan Width": 12, "Actual Startup Time": 0.171, "Actual Total Time": 0.512, "Actual Rows": 104, "Actual Loops": 4, "Index Cond": "(movie_id = mc.movie_id)", "Rows Removed by Index Recheck": 0, "Filter": "((note)::text = '(voice: English version)'::text)", "Rows Removed by Filter": 68}]}, {"Node Type": "Index Scan", "Parent Relationship": "Inner", "Scan Direction": "Forward", "Index Name": "person_id_aka_name", "Relation Name": "aka_name", "Alias": "an", "Startup Cost": 0.0, "Total Cost": 0.84, "Plan Rows": 1, "Plan Width": 20, "Actual Startup Time": 0.648, "Actual Total Time": 0.763, "Actual Rows": 171, "Actual Loops": 104, "Index Cond": "(person_id = ci.person_id)", "Rows Removed by Index Recheck": 0}]}, {"Node Type": "Index Scan", "Parent Relationship": "Inner", "Scan Direction": "Forward", "Index Name": "name_pkey", "Relation Name": "name", "Alias": "n", "Startup Cost": 0.0, "Total Cost": 0.57, "Plan Rows": 1, "Plan Width": 4, "Actual Startup Time": 0.944, "Actual Total Time": 0.944, "Actual Rows": 6, "Actual Loops": 171, "Index Cond": "(id = an.person_id)", "Rows Removed by Index Recheck": 0, "Filter": "(((name)::text ~~ '%Yo%'::text) AND ((name)::text !~~ '%Yu%'::text))", "Rows Removed by Filter": 165}]}, {"Node Type": "Index Scan", "Parent Relationship": "Inner", "Scan Direction": "Forward", "Index Name": "role_type_pkey", "Relation Name": "role_type", "Alias": "rt", "Startup Cost": 0.0, "Total Cost": 0.27, "Plan Rows": 1, "Plan Width": 4, "Actual Startup Time": 0.031, "Actual Total Time": 0.031, "Actual Rows": 6, "Actual Loops": 6, "Index Cond": "(id = ci.role_id)", "Rows Removed by Index Recheck": 0, "Filter": "((role)::text = 'actress'::text)", "Rows Removed by Filter": 0}]}]}, "Triggers": [], "Planner Runtime": 21.278, "Total Runtime": 1150.324, "Unique SQL Id": 3956435728}}, "(1, '13')": {"explain_plan": {"Plan": {"Node Type": "Aggregate", "Strategy": "Plain", "Startup Cost": 84111.26, "Total Cost": 84111.27, "Plan Rows": 1, "Plan Width": 97, "Plans": [{"Node Type": "Nested Loop", "Parent Relationship": "Outer", "Join Type": "Inner", "Startup Cost": 0.0, "Total Cost": 84111.26, "Plan Rows": 1, "Plan Width": 33, "Inner Unique": true, "Plans": [{"Node Type": "Nested Loop", "Parent Relationship": "Outer", "Join Type": "Inner", "Startup Cost": 0.0, "Total Cost": 84110.97, "Plan Rows": 1, "Plan Width": 37, "Inner Unique": true, "Plans": [{"Node Type": "Nested Loop", "Parent Relationship": "Outer", "Join Type": "Inner", "Startup Cost": 0.0, "Total Cost": 84110.39, "Plan Rows": 1, "Plan Width": 45, "Inner Unique": false, "Plans": [{"Node Type": "Nested Loop", "Parent Relationship": "Outer", "Join Type": "Inner", "Startup Cost": 0.0, "Total Cost": 84109.54, "Plan Rows": 1, "Plan Width": 25, "Inner Unique": false, "Join Filter": "(t.id = ci.movie_id)", "Plans": [{"Node Type": "Nested Loop", "Parent Relationship": "Outer", "Join Type": "Inner", "Startup Cost": 0.0, "Total Cost": 84053.76, "Plan Rows": 2, "Plan Width": 25, "Inner Unique": true, "Plans": [{"Node Type": "Nested Loop", "Parent Relationship": "Outer", "Join Type": "Inner", "Startup Cost": 0.0, "Total Cost": 81991.53, "Plan Rows": 262, "Plan Width": 4, "Inner Unique": false, "Plans": [{"Node Type": "Index Scan", "Parent Relationship": "Outer", "Scan Direction": "Forward", "Index Name": "company_name_pkey", "Relation Name": "company_name", "Alias": "cn", "Startup Cost": 0.0, "Total Cost": 10501.39, "Plan Rows": 6290, "Plan Width": 4, "Filter": "((country_code)::text = '[jp]'::text)"}, {"Node Type": "Index Scan", "Parent Relationship": "Inner", "Scan Direction": "Forward", "Index Name": "company_id_movie_companies", "Relation Name": "movie_companies", "Alias": "mc", "Startup Cost": 0.0, "Total Cost": 11.36, "Plan Rows": 1, "Plan Width": 8, "Index Cond": "(company_id = cn.id)", "Filter": "(((note)::text ~~ '%(Japan)%'::text) AND ((note)::text !~~ '%(USA)%'::text) AND (((note)::text ~~ '%(2006)%'::text) OR ((note)::text ~~ '%(2007)%'::text)))"}]}, {"Node Type": "Index Scan", "Parent Relationship": "Inner", "Scan Direction": "Forward", "Index Name": "title_pkey", "Relation Name": "title", "Alias": "t", "Startup Cost": 0.0, "Total Cost": 7.86, "Plan Rows": 1, "Plan Width": 21, "Index Cond": "(id = mc.movie_id)", "Filter": "((production_year >= 2006) AND (production_year <= 2007) AND (((title)::text ~~ 'One Piece%'::text) OR ((title)::text ~~ 'Dragon Ball Z%'::text)))"}]}, {"Node Type": "Index Scan", "Parent Relationship": "Inner", "Scan Direction": "Forward", "Index Name": "movie_id_cast_info", "Relation Name": "cast_info", "Alias": "ci", "Startup Cost": 0.0, "Total Cost": 27.88, "Plan Rows": 1, "Plan Width": 12, "Index Cond": "(movie_id = mc.movie_id)", "Filter": "((note)::text = '(voice: English version)'::text)"}]}, {"Node Type": "Index Scan", "Parent Relationship": "Inner", "Scan Direction": "Forward", "Index Name": "person_id_aka_name", "Relation Name": "aka_name", "Alias": "an", "Startup Cost": 0.0, "Total Cost": 0.84, "Plan Rows": 1, "Plan Width": 20, "Index Cond": "(person_id = ci.person_id)"}]}, {"Node Type": "Index Scan", "Parent Relationship": "Inner", "Scan Direction": "Forward", "Index Name": "name_pkey", "Relation Name": "name", "Alias": "n", "Startup Cost": 0.0, "Total Cost": 0.57, "Plan Rows": 1, "Plan Width": 4, "Index Cond": "(id = an.person_id)", "Filter": "(((name)::text ~~ '%Yo%'::text) AND ((name)::text !~~ '%Yu%'::text))"}]}, {"Node Type": "Index Scan", "Parent Relationship": "Inner", "Scan Direction": "Forward", "Index Name": "role_type_pkey", "Relation Name": "role_type", "Alias": "rt", "Startup Cost": 0.0, "Total Cost": 0.27, "Plan Rows": 1, "Plan Width": 4, "Index Cond": "(id = ci.role_id)", "Filter": "((role)::text = 'actress'::text)"}]}]}, "Unique SQL Id": 3956435728, "Planner Runtime": 24}, "explain_analyze_plan": {"Plan": {"Node Type": "Aggregate", "Strategy": "Plain", "Startup Cost": 84111.26, "Total Cost": 84111.27, "Plan Rows": 1, "Plan Width": 97, "Actual Startup Time": 581.73, "Actual Total Time": 581.73, "Actual Rows": 1, "Actual Loops": 1, "Plans": [{"Node Type": "Nested Loop", "Parent Relationship": "Outer", "Join Type": "Inner", "Startup Cost": 0.0, "Total Cost": 84111.26, "Plan Rows": 1, "Plan Width": 33, "Actual Startup Time": 54.321, "Actual Total Time": 581.694, "Actual Rows": 6, "Actual Loops": 1, "Inner Unique": true, "Plans": [{"Node Type": "Nested Loop", "Parent Relationship": "Outer", "Join Type": "Inner", "Startup Cost": 0.0, "Total Cost": 84110.97, "Plan Rows": 1, "Plan Width": 37, "Actual Startup Time": 54.312, "Actual Total Time": 581.658, "Actual Rows": 6, "Actual Loops": 1, "Inner Unique": true, "Plans": [{"Node Type": "Nested Loop", "Parent Relationship": "Outer", "Join Type": "Inner", "Startup Cost": 0.0, "Total Cost": 84110.39, "Plan Rows": 1, "Plan Width": 45, "Actual Startup Time": 53.198, "Actual Total Time": 580.628, "Actual Rows": 171, "Actual Loops": 1, "Inner Unique": false, "Plans": [{"Node Type": "Nested Loop", "Parent Relationship": "Outer", "Join Type": "Inner", "Startup Cost": 0.0, "Total Cost": 84109.54, "Plan Rows": 1, "Plan Width": 25, "Actual Startup Time": 53.177, "Actual Total Time": 579.772, "Actual Rows": 104, "Actual Loops": 1, "Inner Unique": false, "Join Filter": "(t.id = ci.movie_id)", "Rows Removed by Join Filter": 0, "Plans": [{"Node Type": "Nested Loop", "Parent Relationship": "Outer", "Join Type": "Inner", "Startup Cost": 0.0, "Total Cost": 84053.76, "Plan Rows": 2, "Plan Width": 25, "Actual Startup Time": 53.042, "Actual Total Time": 579.227, "Actual Rows": 4, "Actual Loops": 1, "Inner Unique": true, "Plans": [{"Node Type": "Nested Loop", "Parent Relationship": "Outer", "Join Type": "Inner", "Startup Cost": 0.0, "Total Cost": 81991.53, "Plan Rows": 262, "Plan Width": 4, "Actual Startup Time": 0.312, "Actual Total Time": 518.839, "Actual Rows": 8495, "Actual Loops": 1, "Inner Unique": false, "Plans": [{"Node Type": "Index Scan", "Parent Relationship": "Outer", "Scan Direction": "Forward", "Index Name": "company_name_pkey", "Relation Name": "company_name", "Alias": "cn", "Startup Cost": 0.0, "Total Cost": 10501.39, "Plan Rows": 6290, "Plan Width": 4, "Actual Startup Time": 0.264, "Actual Total Time": 291.012, "Actual Rows": 6752, "Actual Loops": 1, "Filter": "((country_code)::text = '[jp]'::text)", "Rows Removed by Filter": 228244}, {"Node Type": "Index Scan", "Parent Relationship": "Inner", "Scan Direction": "Forward", "Index Name": "company_id_movie_companies", "Relation Name": "movie_companies", "Alias": "mc", "Startup Cost": 0.0, "Total Cost": 11.36, "Plan Rows": 1, "Plan Width": 8, "Actual Startup Time": 100.149, "Actual Total Time": 221.814, "Actual Rows": 8495, "Actual Loops": 6752, "Index Cond": "(company_id = cn.id)", "Rows Removed by Index Recheck": 0, "Filter": "(((note)::text ~~ '%(Japan)%'::text) AND ((note)::text !~~ '%(USA)%'::text) AND (((note)::text ~~ '%(2006)%'::text) OR ((note)::text ~~ '%(2007)%'::text)))", "Rows Removed by Filter": 96500}]}, {"Node Type": "Index Scan", "Parent Relationship": "Inner", "Scan Direction": "Forward", "Index Name": "title_pkey", "Relation Name": "title", "Alias": "t", "Startup Cost": 0.0, "Total Cost": 7.86, "Plan Rows": 1, "Plan Width": 21, "Actual Startup Time": 55.844, "Actual Total Time": 55.844, "Actual Rows": 4, "Actual Loops": 8495, "Index Cond": "(id = mc.movie_id)", "Rows Removed by Index Recheck": 0, "Filter": "((production_year >= 2006) AND (production_year <= 2007) AND (((title)::text ~~ 'One Piece%'::text) OR ((title)::text ~~ 'Dragon Ball Z%'::text)))", "Rows Removed by Filter": 8491}]}, {"Node Type": "Index Scan", "Parent Relationship": "Inner", "Scan Direction": "Forward", "Index Name": "movie_id_cast_info", "Relation Name": "cast_info", "Alias": "ci", "Startup Cost": 0.0, "Total Cost": 27.88, "Plan Rows": 1, "Plan Width": 12, "Actual Startup Time": 0.155, "Actual Total Time": 0.487, "Actual Rows": 104, "Actual Loops": 4, "Index Cond": "(movie_id = mc.movie_id)", "Rows Removed by Index Recheck": 0, "Filter": "((note)::text = '(voice: English version)'::text)", "Rows Removed by Filter": 68}]}, {"Node Type": "Index Scan", "Parent Relationship": "Inner", "Scan Direction": "Forward", "Index Name": "person_id_aka_name", "Relation Name": "aka_name", "Alias": "an", "Startup Cost": 0.0, "Total Cost": 0.84, "Plan Rows": 1, "Plan Width": 20, "Actual Startup Time": 0.629, "Actual Total Time": 0.74, "Actual Rows": 171, "Actual Loops": 104, "Index Cond": "(person_id = ci.person_id)", "Rows Removed by Index Recheck": 0}]}, {"Node Type": "Index Scan", "Parent Relationship": "Inner", "Scan Direction": "Forward", "Index Name": "name_pkey", "Relation Name": "name", "Alias": "n", "Startup Cost": 0.0, "Total Cost": 0.57, "Plan Rows": 1, "Plan Width": 4, "Actual Startup Time": 0.94, "Actual Total Time": 0.94, "Actual Rows": 6, "Actual Loops": 171, "Index Cond": "(id = an.person_id)", "Rows Removed by Index Recheck": 0, "Filter": "(((name)::text ~~ '%Yo%'::text) AND ((name)::text !~~ '%Yu%'::text))", "Rows Removed by Filter": 165}]}, {"Node Type": "Index Scan", "Parent Relationship": "Inner", "Scan Direction": "Forward", "Index Name": "role_type_pkey", "Relation Name": "role_type", "Alias": "rt", "Startup Cost": 0.0, "Total Cost": 0.27, "Plan Rows": 1, "Plan Width": 4, "Actual Startup Time": 0.022, "Actual Total Time": 0.022, "Actual Rows": 6, "Actual Loops": 6, "Index Cond": "(id = ci.role_id)", "Rows Removed by Index Recheck": 0, "Filter": "((role)::text = 'actress'::text)", "Rows Removed by Filter": 0}]}]}, "Triggers": [], "Planner Runtime": 25.043, "Total Runtime": 582.138, "Unique SQL Id": 3956435728}}, "(1, '14')": {"explain_plan": {"Plan": {"Node Type": "Aggregate", "Strategy": "Plain", "Startup Cost": 999588.78, "Total Cost": 999588.79, "Plan Rows": 1, "Plan Width": 97, "Plans": [{"Node Type": "Nested Loop", "Parent Relationship": "Outer", "Join Type": "Inner", "Startup Cost": 4536.65, "Total Cost": 999588.77, "Plan Rows": 1, "Plan Width": 33, "Inner Unique": true, "Join Filter": "(an.person_id = n.id)", "Plans": [{"Node Type": "Nested Loop", "Parent Relationship": "Outer", "Join Type": "Inner", "Startup Cost": 4536.65, "Total Cost": 885505.85, "Plan Rows": 1, "Plan Width": 41, "Inner Unique": true, "Join Filter": "(mc.company_id = cn.id)", "Plans": [{"Node Type": "Nested Loop", "Parent Relationship": "Outer", "Join Type": "Inner", "Startup Cost": 4536.65, "Total Cost": 879523.77, "Plan Rows": 1, "Plan Width": 45, "Inner Unique": false, "Join Filter": "(ci.person_id = an.person_id)", "Plans": [{"Node Type": "Nested Loop", "Parent Relationship": "Outer", "Join Type": "Inner", "Startup Cost": 4536.65, "Total Cost": 848348.58, "Plan Rows": 1, "Plan Width": 25, "Inner Unique": false, "Join Filter": "(ci.movie_id = t.id)", "Plans": [{"Node Type": "Nested Loop", "Parent Relationship": "Outer", "Join Type": "Inner", "Startup Cost": 4536.65, "Total Cost": 154326.43, "Plan Rows": 2, "Plan Width": 29, "Inner Unique": true, "Join Filter": "(mc.movie_id = t.id)", "Plans": [{"Node Type": "Seq Scan", "Parent Relationship": "Outer", "Relation Name": "movie_companies", "Alias": "mc", "Startup Cost": 0.0, "Total Cost": 67908.56, "Plan Rows": 1652, "Plan Width": 8, "Filter": "(((note)::text ~~ '%(Japan)%'::text) AND ((note)::text !~~ '%(USA)%'::text) AND (((note)::text ~~ '%(2006)%'::text) OR ((note)::text ~~ '%(2007)%'::text)))"}, {"Node Type": "Materialize", "Parent Relationship": "Inner", "Startup Cost": 4536.65, "Total Cost": 85352.43, "Plan Rows": 43, "Plan Width": 21, "Plans": [{"Node Type": "Seq Scan", "Parent Relationship": "Outer", "Relation Name": "title", "Alias": "t", "Startup Cost": 4536.65, "Total Cost": 85352.22, "Plan Rows": 43, "Plan Width": 21, "Filter": "((production_year >= 2006) AND (production_year <= 2007) AND (((title)::text ~~ 'One Piece%'::text) OR ((title)::text ~~ 'Dragon Ball Z%'::text)))"}]}]}, {"Node Type": "Materialize", "Parent Relationship": "Inner", "Startup Cost": 0.0, "Total Cost": 693780.43, "Plan Rows": 8790, "Plan Width": 8, "Plans": [{"Node Type": "Nested Loop", "Parent Relationship": "Outer", "Join Type": "Inner", "Startup Cost": 0.0, "Total Cost": 693736.48, "Plan Rows": 8790, "Plan Width": 8, "Inner Unique": false, "Join Filter": "(ci.role_id = rt.id)", "Plans": [{"Node Type": "Seq Scan", "Parent Relationship": "Outer", "Relation Name": "role_type", "Alias": "rt", "Startup Cost": 0.0, "Total Cost": 1.15, "Plan Rows": 1, "Plan Width": 4, "Filter": "((role)::text = 'actress'::text)"}, {"Node Type": "Seq Scan", "Parent Relationship": "Inner", "Relation Name": "cast_info", "Alias": "ci", "Startup Cost": 0.0, "Total Cost": 692526.68, "Plan Rows": 96692, "Plan Width": 12, "Filter": "((note)::text = '(voice: English version)'::text)"}]}]}]}, {"Node Type": "Seq Scan", "Parent Relationship": "Inner", "Relation Name": "aka_name", "Alias": "an", "Startup Cost": 0.0, "Total Cost": 19908.42, "Plan Rows": 901342, "Plan Width": 20}]}, {"Node Type": "Seq Scan", "Parent Relationship": "Inner", "Relation Name": "company_name", "Alias": "cn", "Startup Cost": 0.0, "Total Cost": 5903.45, "Plan Rows": 6290, "Plan Width": 4, "Filter": "((country_code)::text = '[jp]'::text)"}]}, {"Node Type": "Seq Scan", "Parent Relationship": "Inner", "Relation Name": "name", "Alias": "n", "Startup Cost": 0.0, "Total Cost": 113909.35, "Plan Rows": 13886, "Plan Width": 4, "Filter": "(((name)::text ~~ '%Yo%'::text) AND ((name)::text !~~ '%Yu%'::text))"}]}]}, "Unique SQL Id": 3956435728, "Planner Runtime": 76}, "explain_analyze_plan": null}, "(1, '15')": {"explain_plan": {"Plan": {"Node Type": "Aggregate", "Strategy": "Plain", "Startup Cost": 6721937474272.79, "Total Cost": 6721937474272.8, "Plan Rows": 1, "Plan Width": 97, "Plans": [{"Node Type": "Nested Loop", "Parent Relationship": "Outer", "Join Type": "Inner", "Startup Cost": 70051235465.84, "Total Cost": 6721937474272.78, "Plan Rows": 1, "Plan Width": 33, "Inner Unique": true, "Join Filter": "(ci.role_id = rt.id)", "Plans": [{"Node Type": "Nested Loop", "Parent Relationship": "Outer", "Join Type": "Inner", "Startup Cost": 60051235465.84, "Total Cost": 5721937473026.77, "Plan Rows": 1, "Plan Width": 37, "Inner Unique": true, "Plans": [{"Node Type": "Nested Loop", "Parent Relationship": "Outer", "Join Type": "Inner", "Startup Cost": 50051235465.84, "Total Cost": 4721937472589.34, "Plan Rows": 1, "Plan Width": 41, "Inner Unique": false, "Join Filter": "(t.id = ci.movie_id)", "Plans": [{"Node Type": "Nested Loop", "Parent Relationship": "Outer", "Join Type": "Inner", "Startup Cost": 20000000000.0, "Total Cost": 2000028517903.54, "Plan Rows": 2, "Plan Width": 29, "Inner Unique": true, "Join Filter": "(mc.movie_id = t.id)", "Plans": [{"Node Type": "Index Scan", "Parent Relationship": "Outer", "Scan Direction": "Forward", "Index Name": "company_id_movie_companies", "Relation Name": "movie_companies", "Alias": "mc", "Startup Cost": 10000000000.0, "Total Cost": 1000014976477.98, "Plan Rows": 1652, "Plan Width": 8, "Filter": "(((note)::text ~~ '%(Japan)%'::text) AND ((note)::text !~~ '%(USA)%'::text) AND (((note)::text ~~ '%(2006)%'::text) OR ((note)::text ~~ '%(2007)%'::text)))"}, {"Node Type": "Materialize", "Parent Relationship": "Inner", "Startup Cost": 10000000000.0, "Total Cost": 1000013540360.13, "Plan Rows": 43, "Plan Width": 21, "Plans": [{"Node Type": "Index Scan", "Parent Relationship": "Outer", "Scan Direction": "Forward", "Index Name": "title_pkey", "Relation Name": "title", "Alias": "t", "Startup Cost": 10000000000.0, "Total Cost": 1000013540359.91, "Plan Rows": 43, "Plan Width": 21, "Filter": "((production_year >= 2006) AND (production_year <= 2007) AND (((title)::text ~~ 'One Piece%'::text) OR ((title)::text ~~ 'Dragon Ball Z%'::text)))"}]}]}, {"Node Type": "Materialize", "Parent Relationship": "Inner", "Startup Cost": 30051235465.84, "Total Cost": 2721908954213.87, "Plan Rows": 17161, "Plan Width": 24, "Plans": [{"Node Type": "Merge Join", "Parent Relationship": "Outer", "Join Type": "Inner", "Startup Cost": 30051235465.84, "Total Cost": 2721908954128.06, "Plan Rows": 17161, "Plan Width": 24, "Inner Unique": false, "Merge Cond": "(an.person_id = ci.person_id)", "Plans": [{"Node Type": "Merge Join", "Parent Relationship": "Outer", "Join Type": "Inner", "Startup Cost": 20030754356.47, "Total Cost": 2000026606025.89, "Plan Rows": 16627, "Plan Width": 24, "Inner Unique": true, "Merge Cond": "(an.person_id = n.id)", "Plans": [{"Node Type": "Index Scan", "Parent Relationship": "Outer", "Scan Direction": "Forward", "Index Name": "person_id_aka_name", "Relation Name": "aka_name", "Alias": "an", "Startup Cost": 10000000000.0, "Total Cost": 1000006896503.43, "Plan Rows": 901342, "Plan Width": 20}, {"Node Type": "Materialize", "Parent Relationship": "Inner", "Startup Cost": 10000000000.0, "Total Cost": 1000019707054.42, "Plan Rows": 13886, "Plan Width": 4, "Plans": [{"Node Type": "Index Scan", "Parent Relationship": "Outer", "Scan Direction": "Forward", "Index Name": "name_pkey", "Relation Name": "name", "Alias": "n", "Startup Cost": 10000000000.0, "Total Cost": 1000019707019.7, "Plan Rows": 13886, "Plan Width": 4, "Filter": "(((name)::text ~~ '%Yo%'::text) AND ((name)::text !~~ '%Yu%'::text))"}]}]}, {"Node Type": "Index Scan", "Parent Relationship": "Inner", "Scan Direction": "Forward", "Index Name": "person_id_cast_info", "Relation Name": "cast_info", "Alias": "ci", "Startup Cost": 10000000000.0, "Total Cost": 1000179713706.71, "Plan Rows": 96692, "Plan Width": 12, "Filter": "((note)::text = '(voice: English version)'::text)"}]}]}]}, {"Node Type": "Index Scan", "Parent Relationship": "Inner", "Scan Direction": "Forward", "Index Name": "company_name_pkey", "Relation Name": "company_name", "Alias": "cn", "Startup Cost": 10000000000.0, "Total Cost": 1000000000437.42, "Plan Rows": 1, "Plan Width": 4, "Index Cond": "(id = mc.company_id)", "Filter": "((country_code)::text = '[jp]'::text)"}]}, {"Node Type": "Index Scan", "Parent Relationship": "Inner", "Scan Direction": "Forward", "Index Name": "role_type_pkey", "Relation Name": "role_type", "Alias": "rt", "Startup Cost": 10000000000.0, "Total Cost": 1000000001246.0, "Plan Rows": 1, "Plan Width": 4, "Filter": "((role)::text = 'actress'::text)"}]}]}, "Unique SQL Id": 3956435728, "Planner Runtime": 79}, "explain_analyze_plan": null}, "(1, '16')": {"explain_plan": {"Plan": {"Node Type": "Aggregate", "Strategy": "Plain", "Startup Cost": 76459.24, "Total Cost": 76459.25, "Plan Rows": 1, "Plan Width": 97, "Plans": [{"Node Type": "Nested Loop", "Parent Relationship": "Outer", "Join Type": "Inner", "Startup Cost": 74297.39, "Total Cost": 76459.23, "Plan Rows": 1, "Plan Width": 33, "Inner Unique": true, "Plans": [{"Node Type": "Nested Loop", "Parent Relationship": "Outer", "Join Type": "Inner", "Startup Cost": 74297.39, "Total Cost": 76458.95, "Plan Rows": 1, "Plan Width": 37, "Inner Unique": true, "Plans": [{"Node Type": "Nested Loop", "Parent Relationship": "Outer", "Join Type": "Inner", "Startup Cost": 74297.39, "Total Cost": 76458.37, "Plan Rows": 1, "Plan Width": 45, "Inner Unique": false, "Plans": [{"Node Type": "Nested Loop", "Parent Relationship": "Outer", "Join Type": "Inner", "Startup Cost": 74297.39, "Total Cost": 76457.51, "Plan Rows": 1, "Plan Width": 25, "Inner Unique": false, "Join Filter": "(t.id = ci.movie_id)", "Plans": [{"Node Type": "Nested Loop", "Parent Relationship": "Outer", "Join Type": "Inner", "Startup Cost": 74297.39, "Total Cost": 76401.73, "Plan Rows": 2, "Plan Width": 25, "Inner Unique": true, "Plans": [{"Node Type": "Merge Join", "Parent Relationship": "Outer", "Join Type": "Inner", "Startup Cost": 74297.39, "Total Cost": 74339.5, "Plan Rows": 262, "Plan Width": 4, "Inner Unique": false, "Merge Cond": "(cn.id = mc.company_id)", "Plans": [{"Node Type": "Sort", "Parent Relationship": "Outer", "Startup Cost": 6300.31, "Total Cost": 6316.04, "Plan Rows": 6290, "Plan Width": 4, "Sort Key": ["cn.id"], "Plans": [{"Node Type": "Seq Scan", "Parent Relationship": "Outer", "Relation Name": "company_name", "Alias": "cn", "Startup Cost": 0.0, "Total Cost": 5903.45, "Plan Rows": 6290, "Plan Width": 4, "Filter": "((country_code)::text = '[jp]'::text)"}]}, {"Node Type": "Sort", "Parent Relationship": "Inner", "Startup Cost": 67996.86, "Total Cost": 68000.99, "Plan Rows": 1652, "Plan Width": 8, "Sort Key": ["mc.company_id"], "Plans": [{"Node Type": "Seq Scan", "Parent Relationship": "Outer", "Relation Name": "movie_companies", "Alias": "mc", "Startup Cost": 0.0, "Total Cost": 67908.56, "Plan Rows": 1652, "Plan Width": 8, "Filter": "(((note)::text ~~ '%(Japan)%'::text) AND ((note)::text !~~ '%(USA)%'::text) AND (((note)::text ~~ '%(2006)%'::text) OR ((note)::text ~~ '%(2007)%'::text)))"}]}]}, {"Node Type": "Index Scan", "Parent Relationship": "Inner", "Scan Direction": "Forward", "Index Name": "title_pkey", "Relation Name": "title", "Alias": "t", "Startup Cost": 0.0, "Total Cost": 7.86, "Plan Rows": 1, "Plan Width": 21, "Index Cond": "(id = mc.movie_id)", "Filter": "((production_year >= 2006) AND (production_year <= 2007) AND (((title)::text ~~ 'One Piece%'::text) OR ((title)::text ~~ 'Dragon Ball Z%'::text)))"}]}, {"Node Type": "Index Scan", "Parent Relationship": "Inner", "Scan Direction": "Forward", "Index Name": "movie_id_cast_info", "Relation Name": "cast_info", "Alias": "ci", "Startup Cost": 0.0, "Total Cost": 27.88, "Plan Rows": 1, "Plan Width": 12, "Index Cond": "(movie_id = mc.movie_id)", "Filter": "((note)::text = '(voice: English version)'::text)"}]}, {"Node Type": "Index Scan", "Parent Relationship": "Inner", "Scan Direction": "Forward", "Index Name": "person_id_aka_name", "Relation Name": "aka_name", "Alias": "an", "Startup Cost": 0.0, "Total Cost": 0.84, "Plan Rows": 1, "Plan Width": 20, "Index Cond": "(person_id = ci.person_id)"}]}, {"Node Type": "Index Scan", "Parent Relationship": "Inner", "Scan Direction": "Forward", "Index Name": "name_pkey", "Relation Name": "name", "Alias": "n", "Startup Cost": 0.0, "Total Cost": 0.57, "Plan Rows": 1, "Plan Width": 4, "Index Cond": "(id = an.person_id)", "Filter": "(((name)::text ~~ '%Yo%'::text) AND ((name)::text !~~ '%Yu%'::text))"}]}, {"Node Type": "Index Scan", "Parent Relationship": "Inner", "Scan Direction": "Forward", "Index Name": "role_type_pkey", "Relation Name": "role_type", "Alias": "rt", "Startup Cost": 0.0, "Total Cost": 0.27, "Plan Rows": 1, "Plan Width": 4, "Index Cond": "(id = ci.role_id)", "Filter": "((role)::text = 'actress'::text)"}]}]}, "Unique SQL Id": 3956435728, "Planner Runtime": 18}, "explain_analyze_plan": {"Plan": {"Node Type": "Aggregate", "Strategy": "Plain", "Startup Cost": 76459.24, "Total Cost": 76459.25, "Plan Rows": 1, "Plan Width": 97, "Actual Startup Time": 1112.047, "Actual Total Time": 1112.047, "Actual Rows": 1, "Actual Loops": 1, "Plans": [{"Node Type": "Nested Loop", "Parent Relationship": "Outer", "Join Type": "Inner", "Startup Cost": 74297.39, "Total Cost": 76459.23, "Plan Rows": 1, "Plan Width": 33, "Actual Startup Time": 1066.093, "Actual Total Time": 1112.013, "Actual Rows": 6, "Actual Loops": 1, "Inner Unique": true, "Plans": [{"Node Type": "Nested Loop", "Parent Relationship": "Outer", "Join Type": "Inner", "Startup Cost": 74297.39, "Total Cost": 76458.95, "Plan Rows": 1, "Plan Width": 37, "Actual Startup Time": 1066.073, "Actual Total Time": 1111.974, "Actual Rows": 6, "Actual Loops": 1, "Inner Unique": true, "Plans": [{"Node Type": "Nested Loop", "Parent Relationship": "Outer", "Join Type": "Inner", "Startup Cost": 74297.39, "Total Cost": 76458.37, "Plan Rows": 1, "Plan Width": 45, "Actual Startup Time": 1064.938, "Actual Total Time": 1110.992, "Actual Rows": 171, "Actual Loops": 1, "Inner Unique": false, "Plans": [{"Node Type": "Nested Loop", "Parent Relationship": "Outer", "Join Type": "Inner", "Startup Cost": 74297.39, "Total Cost": 76457.51, "Plan Rows": 1, "Plan Width": 25, "Actual Startup Time": 1064.901, "Actual Total Time": 1110.141, "Actual Rows": 104, "Actual Loops": 1, "Inner Unique": false, "Join Filter": "(t.id = ci.movie_id)", "Rows Removed by Join Filter": 0, "Plans": [{"Node Type": "Nested Loop", "Parent Relationship": "Outer", "Join Type": "Inner", "Startup Cost": 74297.39, "Total Cost": 76401.73, "Plan Rows": 2, "Plan Width": 25, "Actual Startup Time": 1064.854, "Actual Total Time": 1109.603, "Actual Rows": 4, "Actual Loops": 1, "Inner Unique": true, "Plans": [{"Node Type": "Merge Join", "Parent Relationship": "Outer", "Join Type": "Inner", "Startup Cost": 74297.39, "Total Cost": 74339.5, "Plan Rows": 262, "Plan Width": 4, "Actual Startup Time": 1050.528, "Actual Total Time": 1055.491, "Actual Rows": 8495, "Actual Loops": 1, "Inner Unique": false, "Merge Cond": "(cn.id = mc.company_id)", "Plans": [{"Node Type": "Sort", "Parent Relationship": "Outer", "Startup Cost": 6300.31, "Total Cost": 6316.04, "Plan Rows": 6290, "Plan Width": 4, "Actual Startup Time": 82.797, "Actual Total Time": 83.299, "Actual Rows": 2408, "Actual Loops": 1, "Sort Key": ["cn.id"], "Sort Method": "quicksort", "Sort Space Used": 615, "Sort Space Type": "Memory", "Plans": [{"Node Type": "Seq Scan", "Parent Relationship": "Outer", "Relation Name": "company_name", "Alias": "cn", "Startup Cost": 0.0, "Total Cost": 5903.45, "Plan Rows": 6290, "Plan Width": 4, "Actual Startup Time": 0.042, "Actual Total Time": 80.364, "Actual Rows": 6752, "Actual Loops": 1, "Filter": "((country_code)::text = '[jp]'::text)", "Rows Removed by Filter": 228244}]}, {"Node Type": "Sort", "Parent Relationship": "Inner", "Startup Cost": 67996.86, "Total Cost": 68000.99, "Plan Rows": 1652, "Plan Width": 8, "Actual Startup Time": 967.716, "Actual Total Time": 969.382, "Actual Rows": 8569, "Actual Loops": 1, "Sort Key": ["mc.company_id"], "Sort Method": "quicksort", "Sort Space Used": 920, "Sort Space Type": "Memory", "Plans": [{"Node Type": "Seq Scan", "Parent Relationship": "Outer", "Relation Name": "movie_companies", "Alias": "mc", "Startup Cost": 0.0, "Total Cost": 67908.56, "Plan Rows": 1652, "Plan Width": 8, "Actual Startup Time": 0.262, "Actual Total Time": 964.571, "Actual Rows": 8569, "Actual Loops": 1, "Filter": "(((note)::text ~~ '%(Japan)%'::text) AND ((note)::text !~~ '%(USA)%'::text) AND (((note)::text ~~ '%(2006)%'::text) OR ((note)::text ~~ '%(2007)%'::text)))", "Rows Removed by Filter": 2600559}]}]}, {"Node Type": "Index Scan", "Parent Relationship": "Inner", "Scan Direction": "Forward", "Index Name": "title_pkey", "Relation Name": "title", "Alias": "t", "Startup Cost": 0.0, "Total Cost": 7.86, "Plan Rows": 1, "Plan Width": 21, "Actual Startup Time": 49.778, "Actual Total Time": 49.778, "Actual Rows": 4, "Actual Loops": 8495, "Index Cond": "(id = mc.movie_id)", "Rows Removed by Index Recheck": 0, "Filter": "((production_year >= 2006) AND (production_year <= 2007) AND (((title)::text ~~ 'One Piece%'::text) OR ((title)::text ~~ 'Dragon Ball Z%'::text)))", "Rows Removed by Filter": 8491}]}, {"Node Type": "Index Scan", "Parent Relationship": "Inner", "Scan Direction": "Forward", "Index Name": "movie_id_cast_info", "Relation Name": "cast_info", "Alias": "ci", "Startup Cost": 0.0, "Total Cost": 27.88, "Plan Rows": 1, "Plan Width": 12, "Actual Startup Time": 0.136, "Actual Total Time": 0.476, "Actual Rows": 104, "Actual Loops": 4, "Index Cond": "(movie_id = mc.movie_id)", "Rows Removed by Index Recheck": 0, "Filter": "((note)::text = '(voice: English version)'::text)", "Rows Removed by Filter": 68}]}, {"Node Type": "Index Scan", "Parent Relationship": "Inner", "Scan Direction": "Forward", "Index Name": "person_id_aka_name", "Relation Name": "aka_name", "Alias": "an", "Startup Cost": 0.0, "Total Cost": 0.84, "Plan Rows": 1, "Plan Width": 20, "Actual Startup Time": 0.624, "Actual Total Time": 0.748, "Actual Rows": 171, "Actual Loops": 104, "Index Cond": "(person_id = ci.person_id)", "Rows Removed by Index Recheck": 0}]}, {"Node Type": "Index Scan", "Parent Relationship": "Inner", "Scan Direction": "Forward", "Index Name": "name_pkey", "Relation Name": "name", "Alias": "n", "Startup Cost": 0.0, "Total Cost": 0.57, "Plan Rows": 1, "Plan Width": 4, "Actual Startup Time": 0.898, "Actual Total Time": 0.898, "Actual Rows": 6, "Actual Loops": 171, "Index Cond": "(id = an.person_id)", "Rows Removed by Index Recheck": 0, "Filter": "(((name)::text ~~ '%Yo%'::text) AND ((name)::text !~~ '%Yu%'::text))", "Rows Removed by Filter": 165}]}, {"Node Type": "Index Scan", "Parent Relationship": "Inner", "Scan Direction": "Forward", "Index Name": "role_type_pkey", "Relation Name": "role_type", "Alias": "rt", "Startup Cost": 0.0, "Total Cost": 0.27, "Plan Rows": 1, "Plan Width": 4, "Actual Startup Time": 0.026, "Actual Total Time": 0.026, "Actual Rows": 6, "Actual Loops": 6, "Index Cond": "(id = ci.role_id)", "Rows Removed by Index Recheck": 0, "Filter": "((role)::text = 'actress'::text)", "Rows Removed by Filter": 0}]}]}, "Triggers": [], "Planner Runtime": 19.2, "Total Runtime": 1112.571, "Unique SQL Id": 3956435728}}, "(1, '17')": {"explain_plan": {"Plan": {"Node Type": "Aggregate", "Strategy": "Plain", "Startup Cost": 84111.26, "Total Cost": 84111.27, "Plan Rows": 1, "Plan Width": 97, "Plans": [{"Node Type": "Nested Loop", "Parent Relationship": "Outer", "Join Type": "Inner", "Startup Cost": 0.0, "Total Cost": 84111.26, "Plan Rows": 1, "Plan Width": 33, "Inner Unique": true, "Plans": [{"Node Type": "Nested Loop", "Parent Relationship": "Outer", "Join Type": "Inner", "Startup Cost": 0.0, "Total Cost": 84110.97, "Plan Rows": 1, "Plan Width": 37, "Inner Unique": true, "Plans": [{"Node Type": "Nested Loop", "Parent Relationship": "Outer", "Join Type": "Inner", "Startup Cost": 0.0, "Total Cost": 84110.39, "Plan Rows": 1, "Plan Width": 45, "Inner Unique": false, "Plans": [{"Node Type": "Nested Loop", "Parent Relationship": "Outer", "Join Type": "Inner", "Startup Cost": 0.0, "Total Cost": 84109.54, "Plan Rows": 1, "Plan Width": 25, "Inner Unique": false, "Join Filter": "(t.id = ci.movie_id)", "Plans": [{"Node Type": "Nested Loop", "Parent Relationship": "Outer", "Join Type": "Inner", "Startup Cost": 0.0, "Total Cost": 84053.76, "Plan Rows": 2, "Plan Width": 25, "Inner Unique": true, "Plans": [{"Node Type": "Nested Loop", "Parent Relationship": "Outer", "Join Type": "Inner", "Startup Cost": 0.0, "Total Cost": 81991.53, "Plan Rows": 262, "Plan Width": 4, "Inner Unique": false, "Plans": [{"Node Type": "Index Scan", "Parent Relationship": "Outer", "Scan Direction": "Forward", "Index Name": "company_name_pkey", "Relation Name": "company_name", "Alias": "cn", "Startup Cost": 0.0, "Total Cost": 10501.39, "Plan Rows": 6290, "Plan Width": 4, "Filter": "((country_code)::text = '[jp]'::text)"}, {"Node Type": "Index Scan", "Parent Relationship": "Inner", "Scan Direction": "Forward", "Index Name": "company_id_movie_companies", "Relation Name": "movie_companies", "Alias": "mc", "Startup Cost": 0.0, "Total Cost": 11.36, "Plan Rows": 1, "Plan Width": 8, "Index Cond": "(company_id = cn.id)", "Filter": "(((note)::text ~~ '%(Japan)%'::text) AND ((note)::text !~~ '%(USA)%'::text) AND (((note)::text ~~ '%(2006)%'::text) OR ((note)::text ~~ '%(2007)%'::text)))"}]}, {"Node Type": "Index Scan", "Parent Relationship": "Inner", "Scan Direction": "Forward", "Index Name": "title_pkey", "Relation Name": "title", "Alias": "t", "Startup Cost": 0.0, "Total Cost": 7.86, "Plan Rows": 1, "Plan Width": 21, "Index Cond": "(id = mc.movie_id)", "Filter": "((production_year >= 2006) AND (production_year <= 2007) AND (((title)::text ~~ 'One Piece%'::text) OR ((title)::text ~~ 'Dragon Ball Z%'::text)))"}]}, {"Node Type": "Index Scan", "Parent Relationship": "Inner", "Scan Direction": "Forward", "Index Name": "movie_id_cast_info", "Relation Name": "cast_info", "Alias": "ci", "Startup Cost": 0.0, "Total Cost": 27.88, "Plan Rows": 1, "Plan Width": 12, "Index Cond": "(movie_id = mc.movie_id)", "Filter": "((note)::text = '(voice: English version)'::text)"}]}, {"Node Type": "Index Scan", "Parent Relationship": "Inner", "Scan Direction": "Forward", "Index Name": "person_id_aka_name", "Relation Name": "aka_name", "Alias": "an", "Startup Cost": 0.0, "Total Cost": 0.84, "Plan Rows": 1, "Plan Width": 20, "Index Cond": "(person_id = ci.person_id)"}]}, {"Node Type": "Index Scan", "Parent Relationship": "Inner", "Scan Direction": "Forward", "Index Name": "name_pkey", "Relation Name": "name", "Alias": "n", "Startup Cost": 0.0, "Total Cost": 0.57, "Plan Rows": 1, "Plan Width": 4, "Index Cond": "(id = an.person_id)", "Filter": "(((name)::text ~~ '%Yo%'::text) AND ((name)::text !~~ '%Yu%'::text))"}]}, {"Node Type": "Index Scan", "Parent Relationship": "Inner", "Scan Direction": "Forward", "Index Name": "role_type_pkey", "Relation Name": "role_type", "Alias": "rt", "Startup Cost": 0.0, "Total Cost": 0.27, "Plan Rows": 1, "Plan Width": 4, "Index Cond": "(id = ci.role_id)", "Filter": "((role)::text = 'actress'::text)"}]}]}, "Unique SQL Id": 3956435728, "Planner Runtime": 23}, "explain_analyze_plan": {"Plan": {"Node Type": "Aggregate", "Strategy": "Plain", "Startup Cost": 84111.26, "Total Cost": 84111.27, "Plan Rows": 1, "Plan Width": 97, "Actual Startup Time": 581.73, "Actual Total Time": 581.73, "Actual Rows": 1, "Actual Loops": 1, "Plans": [{"Node Type": "Nested Loop", "Parent Relationship": "Outer", "Join Type": "Inner", "Startup Cost": 0.0, "Total Cost": 84111.26, "Plan Rows": 1, "Plan Width": 33, "Actual Startup Time": 54.321, "Actual Total Time": 581.694, "Actual Rows": 6, "Actual Loops": 1, "Inner Unique": true, "Plans": [{"Node Type": "Nested Loop", "Parent Relationship": "Outer", "Join Type": "Inner", "Startup Cost": 0.0, "Total Cost": 84110.97, "Plan Rows": 1, "Plan Width": 37, "Actual Startup Time": 54.312, "Actual Total Time": 581.658, "Actual Rows": 6, "Actual Loops": 1, "Inner Unique": true, "Plans": [{"Node Type": "Nested Loop", "Parent Relationship": "Outer", "Join Type": "Inner", "Startup Cost": 0.0, "Total Cost": 84110.39, "Plan Rows": 1, "Plan Width": 45, "Actual Startup Time": 53.198, "Actual Total Time": 580.628, "Actual Rows": 171, "Actual Loops": 1, "Inner Unique": false, "Plans": [{"Node Type": "Nested Loop", "Parent Relationship": "Outer", "Join Type": "Inner", "Startup Cost": 0.0, "Total Cost": 84109.54, "Plan Rows": 1, "Plan Width": 25, "Actual Startup Time": 53.177, "Actual Total Time": 579.772, "Actual Rows": 104, "Actual Loops": 1, "Inner Unique": false, "Join Filter": "(t.id = ci.movie_id)", "Rows Removed by Join Filter": 0, "Plans": [{"Node Type": "Nested Loop", "Parent Relationship": "Outer", "Join Type": "Inner", "Startup Cost": 0.0, "Total Cost": 84053.76, "Plan Rows": 2, "Plan Width": 25, "Actual Startup Time": 53.042, "Actual Total Time": 579.227, "Actual Rows": 4, "Actual Loops": 1, "Inner Unique": true, "Plans": [{"Node Type": "Nested Loop", "Parent Relationship": "Outer", "Join Type": "Inner", "Startup Cost": 0.0, "Total Cost": 81991.53, "Plan Rows": 262, "Plan Width": 4, "Actual Startup Time": 0.312, "Actual Total Time": 518.839, "Actual Rows": 8495, "Actual Loops": 1, "Inner Unique": false, "Plans": [{"Node Type": "Index Scan", "Parent Relationship": "Outer", "Scan Direction": "Forward", "Index Name": "company_name_pkey", "Relation Name": "company_name", "Alias": "cn", "Startup Cost": 0.0, "Total Cost": 10501.39, "Plan Rows": 6290, "Plan Width": 4, "Actual Startup Time": 0.264, "Actual Total Time": 291.012, "Actual Rows": 6752, "Actual Loops": 1, "Filter": "((country_code)::text = '[jp]'::text)", "Rows Removed by Filter": 228244}, {"Node Type": "Index Scan", "Parent Relationship": "Inner", "Scan Direction": "Forward", "Index Name": "company_id_movie_companies", "Relation Name": "movie_companies", "Alias": "mc", "Startup Cost": 0.0, "Total Cost": 11.36, "Plan Rows": 1, "Plan Width": 8, "Actual Startup Time": 100.149, "Actual Total Time": 221.814, "Actual Rows": 8495, "Actual Loops": 6752, "Index Cond": "(company_id = cn.id)", "Rows Removed by Index Recheck": 0, "Filter": "(((note)::text ~~ '%(Japan)%'::text) AND ((note)::text !~~ '%(USA)%'::text) AND (((note)::text ~~ '%(2006)%'::text) OR ((note)::text ~~ '%(2007)%'::text)))", "Rows Removed by Filter": 96500}]}, {"Node Type": "Index Scan", "Parent Relationship": "Inner", "Scan Direction": "Forward", "Index Name": "title_pkey", "Relation Name": "title", "Alias": "t", "Startup Cost": 0.0, "Total Cost": 7.86, "Plan Rows": 1, "Plan Width": 21, "Actual Startup Time": 55.844, "Actual Total Time": 55.844, "Actual Rows": 4, "Actual Loops": 8495, "Index Cond": "(id = mc.movie_id)", "Rows Removed by Index Recheck": 0, "Filter": "((production_year >= 2006) AND (production_year <= 2007) AND (((title)::text ~~ 'One Piece%'::text) OR ((title)::text ~~ 'Dragon Ball Z%'::text)))", "Rows Removed by Filter": 8491}]}, {"Node Type": "Index Scan", "Parent Relationship": "Inner", "Scan Direction": "Forward", "Index Name": "movie_id_cast_info", "Relation Name": "cast_info", "Alias": "ci", "Startup Cost": 0.0, "Total Cost": 27.88, "Plan Rows": 1, "Plan Width": 12, "Actual Startup Time": 0.155, "Actual Total Time": 0.487, "Actual Rows": 104, "Actual Loops": 4, "Index Cond": "(movie_id = mc.movie_id)", "Rows Removed by Index Recheck": 0, "Filter": "((note)::text = '(voice: English version)'::text)", "Rows Removed by Filter": 68}]}, {"Node Type": "Index Scan", "Parent Relationship": "Inner", "Scan Direction": "Forward", "Index Name": "person_id_aka_name", "Relation Name": "aka_name", "Alias": "an", "Startup Cost": 0.0, "Total Cost": 0.84, "Plan Rows": 1, "Plan Width": 20, "Actual Startup Time": 0.629, "Actual Total Time": 0.74, "Actual Rows": 171, "Actual Loops": 104, "Index Cond": "(person_id = ci.person_id)", "Rows Removed by Index Recheck": 0}]}, {"Node Type": "Index Scan", "Parent Relationship": "Inner", "Scan Direction": "Forward", "Index Name": "name_pkey", "Relation Name": "name", "Alias": "n", "Startup Cost": 0.0, "Total Cost": 0.57, "Plan Rows": 1, "Plan Width": 4, "Actual Startup Time": 0.94, "Actual Total Time": 0.94, "Actual Rows": 6, "Actual Loops": 171, "Index Cond": "(id = an.person_id)", "Rows Removed by Index Recheck": 0, "Filter": "(((name)::text ~~ '%Yo%'::text) AND ((name)::text !~~ '%Yu%'::text))", "Rows Removed by Filter": 165}]}, {"Node Type": "Index Scan", "Parent Relationship": "Inner", "Scan Direction": "Forward", "Index Name": "role_type_pkey", "Relation Name": "role_type", "Alias": "rt", "Startup Cost": 0.0, "Total Cost": 0.27, "Plan Rows": 1, "Plan Width": 4, "Actual Startup Time": 0.022, "Actual Total Time": 0.022, "Actual Rows": 6, "Actual Loops": 6, "Index Cond": "(id = ci.role_id)", "Rows Removed by Index Recheck": 0, "Filter": "((role)::text = 'actress'::text)", "Rows Removed by Filter": 0}]}]}, "Triggers": [], "Planner Runtime": 25.043, "Total Runtime": 582.138, "Unique SQL Id": 3956435728}}, "(1, '18')": {"explain_plan": {"Plan": {"Node Type": "Aggregate", "Strategy": "Plain", "Startup Cost": 76492.4, "Total Cost": 76492.41, "Plan Rows": 1, "Plan Width": 97, "Plans": [{"Node Type": "Nested Loop", "Parent Relationship": "Outer", "Join Type": "Inner", "Startup Cost": 74306.3, "Total Cost": 76492.4, "Plan Rows": 1, "Plan Width": 33, "Inner Unique": true, "Join Filter": "(ci.role_id = rt.id)", "Plans": [{"Node Type": "Nested Loop", "Parent Relationship": "Outer", "Join Type": "Inner", "Startup Cost": 74306.3, "Total Cost": 76491.24, "Plan Rows": 1, "Plan Width": 37, "Inner Unique": true, "Plans": [{"Node Type": "Nested Loop", "Parent Relationship": "Outer", "Join Type": "Inner", "Startup Cost": 74305.97, "Total Cost": 76486.88, "Plan Rows": 1, "Plan Width": 45, "Inner Unique": false, "Plans": [{"Node Type": "Nested Loop", "Parent Relationship": "Outer", "Join Type": "Inner", "Startup Cost": 74305.59, "Total Cost": 76482.48, "Plan Rows": 1, "Plan Width": 25, "Inner Unique": false, "Join Filter": "(t.id = ci.movie_id)", "Plans": [{"Node Type": "Nested Loop", "Parent Relationship": "Outer", "Join Type": "Inner", "Startup Cost": 74301.32, "Total Cost": 76425.91, "Plan Rows": 2, "Plan Width": 25, "Inner Unique": true, "Plans": [{"Node Type": "Merge Join", "Parent Relationship": "Outer", "Join Type": "Inner", "Startup Cost": 74297.39, "Total Cost": 74339.5, "Plan Rows": 262, "Plan Width": 4, "Inner Unique": false, "Merge Cond": "(cn.id = mc.company_id)", "Plans": [{"Node Type": "Sort", "Parent Relationship": "Outer", "Startup Cost": 6300.31, "Total Cost": 6316.04, "Plan Rows": 6290, "Plan Width": 4, "Sort Key": ["cn.id"], "Plans": [{"Node Type": "Seq Scan", "Parent Relationship": "Outer", "Relation Name": "company_name", "Alias": "cn", "Startup Cost": 0.0, "Total Cost": 5903.45, "Plan Rows": 6290, "Plan Width": 4, "Filter": "((country_code)::text = '[jp]'::text)"}]}, {"Node Type": "Sort", "Parent Relationship": "Inner", "Startup Cost": 67996.86, "Total Cost": 68000.99, "Plan Rows": 1652, "Plan Width": 8, "Sort Key": ["mc.company_id"], "Plans": [{"Node Type": "Seq Scan", "Parent Relationship": "Outer", "Relation Name": "movie_companies", "Alias": "mc", "Startup Cost": 0.0, "Total Cost": 67908.56, "Plan Rows": 1652, "Plan Width": 8, "Filter": "(((note)::text ~~ '%(Japan)%'::text) AND ((note)::text !~~ '%(USA)%'::text) AND (((note)::text ~~ '%(2006)%'::text) OR ((note)::text ~~ '%(2007)%'::text)))"}]}]}, {"Node Type": "Bitmap Heap Scan", "Parent Relationship": "Inner", "Relation Name": "title", "Alias": "t", "Startup Cost": 3.93, "Total Cost": 7.95, "Plan Rows": 1, "Plan Width": 21, "Recheck Cond": "(id = mc.movie_id)", "Filter": "((production_year >= 2006) AND (production_year <= 2007) AND (((title)::text ~~ 'One Piece%'::text) OR ((title)::text ~~ 'Dragon Ball Z%'::text)))", "Plans": [{"Node Type": "Bitmap Index Scan", "Parent Relationship": "Outer", "Index Name": "title_pkey", "Startup Cost": 0.0, "Total Cost": 3.93, "Plan Rows": 1, "Plan Width": 0, "Index Cond": "(id = mc.movie_id)"}]}]}, {"Node Type": "Bitmap Heap Scan", "Parent Relationship": "Inner", "Relation Name": "cast_info", "Alias": "ci", "Startup Cost": 4.27, "Total Cost": 28.27, "Plan Rows": 1, "Plan Width": 12, "Recheck Cond": "(movie_id = mc.movie_id)", "Filter": "((note)::text = '(voice: English version)'::text)", "Plans": [{"Node Type": "Bitmap Index Scan", "Parent Relationship": "Outer", "Index Name": "movie_id_cast_info", "Startup Cost": 0.0, "Total Cost": 4.27, "Plan Rows": 6, "Plan Width": 0, "Index Cond": "(movie_id = mc.movie_id)"}]}]}, {"Node Type": "Bitmap Heap Scan", "Parent Relationship": "Inner", "Relation Name": "aka_name", "Alias": "an", "Startup Cost": 0.38, "Total Cost": 4.39, "Plan Rows": 1, "Plan Width": 20, "Recheck Cond": "(person_id = ci.person_id)", "Plans": [{"Node Type": "Bitmap Index Scan", "Parent Relationship": "Outer", "Index Name": "person_id_aka_name", "Startup Cost": 0.0, "Total Cost": 0.38, "Plan Rows": 1, "Plan Width": 0, "Index Cond": "(person_id = ci.person_id)"}]}]}, {"Node Type": "Bitmap Heap Scan", "Parent Relationship": "Inner", "Relation Name": "name", "Alias": "n", "Startup Cost": 0.33, "Total Cost": 4.34, "Plan Rows": 1, "Plan Width": 4, "Recheck Cond": "(id = an.person_id)", "Filter": "(((name)::text ~~ '%Yo%'::text) AND ((name)::text !~~ '%Yu%'::text))", "Plans": [{"Node Type": "Bitmap Index Scan", "Parent Relationship": "Outer", "Index Name": "name_pkey", "Startup Cost": 0.0, "Total Cost": 0.33, "Plan Rows": 1, "Plan Width": 0, "Index Cond": "(id = an.person_id)"}]}]}, {"Node Type": "Seq Scan", "Parent Relationship": "Inner", "Relation Name": "role_type", "Alias": "rt", "Startup Cost": 0.0, "Total Cost": 1.15, "Plan Rows": 1, "Plan Width": 4, "Filter": "((role)::text = 'actress'::text)"}]}]}, "Unique SQL Id": 3956435728, "Planner Runtime": 22}, "explain_analyze_plan": {"Plan": {"Node Type": "Aggregate", "Strategy": "Plain", "Startup Cost": 76492.4, "Total Cost": 76492.41, "Plan Rows": 1, "Plan Width": 97, "Actual Startup Time": 1135.433, "Actual Total Time": 1135.434, "Actual Rows": 1, "Actual Loops": 1, "Plans": [{"Node Type": "Nested Loop", "Parent Relationship": "Outer", "Join Type": "Inner", "Startup Cost": 74306.3, "Total Cost": 76492.4, "Plan Rows": 1, "Plan Width": 33, "Actual Startup Time": 1084.163, "Actual Total Time": 1135.393, "Actual Rows": 6, "Actual Loops": 1, "Inner Unique": true, "Join Filter": "(ci.role_id = rt.id)", "Rows Removed by Join Filter": 0, "Plans": [{"Node Type": "Nested Loop", "Parent Relationship": "Outer", "Join Type": "Inner", "Startup Cost": 74306.3, "Total Cost": 76491.24, "Plan Rows": 1, "Plan Width": 37, "Actual Startup Time": 1084.143, "Actual Total Time": 1135.338, "Actual Rows": 6, "Actual Loops": 1, "Inner Unique": true, "Plans": [{"Node Type": "Nested Loop", "Parent Relationship": "Outer", "Join Type": "Inner", "Startup Cost": 74305.97, "Total Cost": 76486.88, "Plan Rows": 1, "Plan Width": 45, "Actual Startup Time": 1083.104, "Actual Total Time": 1134.238, "Actual Rows": 171, "Actual Loops": 1, "Inner Unique": false, "Plans": [{"Node Type": "Nested Loop", "Parent Relationship": "Outer", "Join Type": "Inner", "Startup Cost": 74305.59, "Total Cost": 76482.48, "Plan Rows": 1, "Plan Width": 25, "Actual Startup Time": 1083.051, "Actual Total Time": 1133.353, "Actual Rows": 104, "Actual Loops": 1, "Inner Unique": false, "Join Filter": "(t.id = ci.movie_id)", "Rows Removed by Join Filter": 0, "Plans": [{"Node Type": "Nested Loop", "Parent Relationship": "Outer", "Join Type": "Inner", "Startup Cost": 74301.32, "Total Cost": 76425.91, "Plan Rows": 2, "Plan Width": 25, "Actual Startup Time": 1082.97, "Actual Total Time": 1132.853, "Actual Rows": 4, "Actual Loops": 1, "Inner Unique": true, "Plans": [{"Node Type": "Merge Join", "Parent Relationship": "Outer", "Join Type": "Inner", "Startup Cost": 74297.39, "Total Cost": 74339.5, "Plan Rows": 262, "Plan Width": 4, "Actual Startup Time": 1067.795, "Actual Total Time": 1072.704, "Actual Rows": 8495, "Actual Loops": 1, "Inner Unique": false, "Merge Cond": "(cn.id = mc.company_id)", "Plans": [{"Node Type": "Sort", "Parent Relationship": "Outer", "Startup Cost": 6300.31, "Total Cost": 6316.04, "Plan Rows": 6290, "Plan Width": 4, "Actual Startup Time": 89.747, "Actual Total Time": 90.105, "Actual Rows": 2408, "Actual Loops": 1, "Sort Key": ["cn.id"], "Sort Method": "quicksort", "Sort Space Used": 615, "Sort Space Type": "Memory", "Plans": [{"Node Type": "Seq Scan", "Parent Relationship": "Outer", "Relation Name": "company_name", "Alias": "cn", "Startup Cost": 0.0, "Total Cost": 5903.45, "Plan Rows": 6290, "Plan Width": 4, "Actual Startup Time": 0.054, "Actual Total Time": 86.969, "Actual Rows": 6752, "Actual Loops": 1, "Filter": "((country_code)::text = '[jp]'::text)", "Rows Removed by Filter": 228244}]}, {"Node Type": "Sort", "Parent Relationship": "Inner", "Startup Cost": 67996.86, "Total Cost": 68000.99, "Plan Rows": 1652, "Plan Width": 8, "Actual Startup Time": 978.031, "Actual Total Time": 979.53, "Actual Rows": 8569, "Actual Loops": 1, "Sort Key": ["mc.company_id"], "Sort Method": "quicksort", "Sort Space Used": 920, "Sort Space Type": "Memory", "Plans": [{"Node Type": "Seq Scan", "Parent Relationship": "Outer", "Relation Name": "movie_companies", "Alias": "mc", "Startup Cost": 0.0, "Total Cost": 67908.56, "Plan Rows": 1652, "Plan Width": 8, "Actual Startup Time": 0.289, "Actual Total Time": 974.583, "Actual Rows": 8569, "Actual Loops": 1, "Filter": "(((note)::text ~~ '%(Japan)%'::text) AND ((note)::text !~~ '%(USA)%'::text) AND (((note)::text ~~ '%(2006)%'::text) OR ((note)::text ~~ '%(2007)%'::text)))", "Rows Removed by Filter": 2600559}]}]}, {"Node Type": "Bitmap Heap Scan", "Parent Relationship": "Inner", "Relation Name": "title", "Alias": "t", "Startup Cost": 3.93, "Total Cost": 7.95, "Plan Rows": 1, "Plan Width": 21, "Actual Startup Time": 49.442, "Actual Total Time": 49.442, "Actual Rows": 4, "Actual Loops": 8495, "Recheck Cond": "(id = mc.movie_id)", "Rows Removed by Index Recheck": 0, "Filter": "((production_year >= 2006) AND (production_year <= 2007) AND (((title)::text ~~ 'One Piece%'::text) OR ((title)::text ~~ 'Dragon Ball Z%'::text)))", "Rows Removed by Filter": 8491, "Exact Heap Blocks": 8495, "Lossy Heap Blocks": 8495, "Plans": [{"Node Type": "Bitmap Index Scan", "Parent Relationship": "Outer", "Index Name": "title_pkey", "Startup Cost": 0.0, "Total Cost": 3.93, "Plan Rows": 1, "Plan Width": 0, "Actual Startup Time": 25.99, "Actual Total Time": 25.99, "Actual Rows": 8495, "Actual Loops": 8495, "Index Cond": "(id = mc.movie_id)"}]}]}, {"Node Type": "Bitmap Heap Scan", "Parent Relationship": "Inner", "Relation Name": "cast_info", "Alias": "ci", "Startup Cost": 4.27, "Total Cost": 28.27, "Plan Rows": 1, "Plan Width": 12, "Actual Startup Time": 0.179, "Actual Total Time": 0.441, "Actual Rows": 104, "Actual Loops": 4, "Recheck Cond": "(movie_id = mc.movie_id)", "Rows Removed by Index Recheck": 0, "Filter": "((note)::text = '(voice: English version)'::text)", "Rows Removed by Filter": 68, "Exact Heap Blocks": 133, "Lossy Heap Blocks": 133, "Plans": [{"Node Type": "Bitmap Index Scan", "Parent Relationship": "Outer", "Index Name": "movie_id_cast_info", "Startup Cost": 0.0, "Total Cost": 4.27, "Plan Rows": 6, "Plan Width": 0, "Actual Startup Time": 0.064, "Actual Total Time": 0.064, "Actual Rows": 172, "Actual Loops": 4, "Index Cond": "(movie_id = mc.movie_id)"}]}]}, {"Node Type": "Bitmap Heap Scan", "Parent Relationship": "Inner", "Relation Name": "aka_name", "Alias": "an", "Startup Cost": 0.38, "Total Cost": 4.39, "Plan Rows": 1, "Plan Width": 20, "Actual Startup Time": 0.639, "Actual Total Time": 0.709, "Actual Rows": 171, "Actual Loops": 104, "Recheck Cond": "(person_id = ci.person_id)", "Rows Removed by Index Recheck": 0, "Exact Heap Blocks": 105, "Lossy Heap Blocks": 105, "Plans": [{"Node Type": "Bitmap Index Scan", "Parent Relationship": "Outer", "Index Name": "person_id_aka_name", "Startup Cost": 0.0, "Total Cost": 0.38, "Plan Rows": 1, "Plan Width": 0, "Actual Startup Time": 0.414, "Actual Total Time": 0.414, "Actual Rows": 171, "Actual Loops": 104, "Index Cond": "(person_id = ci.person_id)"}]}]}, {"Node Type": "Bitmap Heap Scan", "Parent Relationship": "Inner", "Relation Name": "name", "Alias": "n", "Startup Cost": 0.33, "Total Cost": 4.34, "Plan Rows": 1, "Plan Width": 4, "Actual Startup Time": 0.893, "Actual Total Time": 0.893, "Actual Rows": 6, "Actual Loops": 171, "Recheck Cond": "(id = an.person_id)", "Rows Removed by Index Recheck": 0, "Filter": "(((name)::text ~~ '%Yo%'::text) AND ((name)::text !~~ '%Yu%'::text))", "Rows Removed by Filter": 165, "Exact Heap Blocks": 171, "Lossy Heap Blocks": 171, "Plans": [{"Node Type": "Bitmap Index Scan", "Parent Relationship": "Outer", "Index Name": "name_pkey", "Startup Cost": 0.0, "Total Cost": 0.33, "Plan Rows": 1, "Plan Width": 0, "Actual Startup Time": 0.544, "Actual Total Time": 0.544, "Actual Rows": 171, "Actual Loops": 171, "Index Cond": "(id = an.person_id)"}]}]}, {"Node Type": "Seq Scan", "Parent Relationship": "Inner", "Relation Name": "role_type", "Alias": "rt", "Startup Cost": 0.0, "Total Cost": 1.15, "Plan Rows": 1, "Plan Width": 4, "Actual Startup Time": 0.036, "Actual Total Time": 0.036, "Actual Rows": 6, "Actual Loops": 6, "Filter": "((role)::text = 'actress'::text)", "Rows Removed by Filter": 6}]}]}, "Triggers": [], "Planner Runtime": 22.215, "Total Runtime": 1135.722, "Unique SQL Id": 3956435728}}, "(1, '19')": {"explain_plan": {"Plan": {"Node Type": "Aggregate", "Strategy": "Plain", "Startup Cost": 1000012201008.67, "Total Cost": 1000012201008.68, "Plan Rows": 1, "Plan Width": 97, "Plans": [{"Node Type": "Nested Loop", "Parent Relationship": "Outer", "Join Type": "Inner", "Startup Cost": 10000000004.12, "Total Cost": 1000012201008.67, "Plan Rows": 1, "Plan Width": 33, "Inner Unique": true, "Plans": [{"Node Type": "Nested Loop", "Parent Relationship": "Outer", "Join Type": "Inner", "Startup Cost": 10000000003.79, "Total Cost": 1000012201004.31, "Plan Rows": 1, "Plan Width": 41, "Inner Unique": true, "Plans": [{"Node Type": "Nested Loop", "Parent Relationship": "Outer", "Join Type": "Inner", "Startup Cost": 10000000003.54, "Total Cost": 1000012201000.03, "Plan Rows": 1, "Plan Width": 45, "Inner Unique": true, "Plans": [{"Node Type": "Nested Loop", "Parent Relationship": "Outer", "Join Type": "Inner", "Startup Cost": 10000000002.31, "Total Cost": 1000012200994.77, "Plan Rows": 1, "Plan Width": 49, "Inner Unique": false, "Plans": [{"Node Type": "Nested Loop", "Parent Relationship": "Outer", "Join Type": "Inner", "Startup Cost": 10000000001.65, "Total Cost": 1000012200744.81, "Plan Rows": 53, "Plan Width": 53, "Inner Unique": true, "Plans": [{"Node Type": "Nested Loop", "Parent Relationship": "Outer", "Join Type": "Inner", "Startup Cost": 10000000001.0, "Total Cost": 1000011659757.19, "Plan Rows": 115768, "Plan Width": 32, "Inner Unique": false, "Plans": [{"Node Type": "Index Scan", "Parent Relationship": "Outer", "Scan Direction": "Forward", "Index Name": "person_id_aka_name", "Relation Name": "aka_name", "Alias": "an", "Startup Cost": 10000000000.0, "Total Cost": 1000006896503.43, "Plan Rows": 901342, "Plan Width": 20}, {"Node Type": "Bitmap Heap Scan", "Parent Relationship": "Inner", "Relation Name": "cast_info", "Alias": "ci", "Startup Cost": 1.0, "Total Cost": 5.27, "Plan Rows": 1, "Plan Width": 12, "Recheck Cond": "(person_id = an.person_id)", "Filter": "((note)::text = '(voice: English version)'::text)", "Plans": [{"Node Type": "Bitmap Index Scan", "Parent Relationship": "Outer", "Index Name": "person_id_cast_info", "Startup Cost": 0.0, "Total Cost": 1.0, "Plan Rows": 18, "Plan Width": 0, "Index Cond": "(person_id = an.person_id)"}]}]}, {"Node Type": "Bitmap Heap Scan", "Parent Relationship": "Inner", "Relation Name": "title", "Alias": "t", "Startup Cost": 0.64, "Total Cost": 4.66, "Plan Rows": 1, "Plan Width": 21, "Recheck Cond": "(id = ci.movie_id)", "Filter": "((production_year >= 2006) AND (production_year <= 2007) AND (((title)::text ~~ 'One Piece%'::text) OR ((title)::text ~~ 'Dragon Ball Z%'::text)))", "Plans": [{"Node Type": "Bitmap Index Scan", "Parent Relationship": "Outer", "Index Name": "title_pkey", "Startup Cost": 0.0, "Total Cost": 0.64, "Plan Rows": 1, "Plan Width": 0, "Index Cond": "(id = ci.movie_id)"}]}]}, {"Node Type": "Bitmap Heap Scan", "Parent Relationship": "Inner", "Relation Name": "movie_companies", "Alias": "mc", "Startup Cost": 0.66, "Total Cost": 4.71, "Plan Rows": 1, "Plan Width": 8, "Recheck Cond": "(movie_id = ci.movie_id)", "Filter": "(((note)::text ~~ '%(Japan)%'::text) AND ((note)::text !~~ '%(USA)%'::text) AND (((note)::text ~~ '%(2006)%'::text) OR ((note)::text ~~ '%(2007)%'::text)))", "Plans": [{"Node Type": "Bitmap Index Scan", "Parent Relationship": "Outer", "Index Name": "movie_id_movie_companies", "Startup Cost": 0.0, "Total Cost": 0.66, "Plan Rows": 2, "Plan Width": 0, "Index Cond": "(movie_id = ci.movie_id)"}]}]}, {"Node Type": "Bitmap Heap Scan", "Parent Relationship": "Inner", "Relation Name": "company_name", "Alias": "cn", "Startup Cost": 1.23, "Total Cost": 5.24, "Plan Rows": 1, "Plan Width": 4, "Recheck Cond": "(id = mc.company_id)", "Filter": "((country_code)::text = '[jp]'::text)", "Plans": [{"Node Type": "Bitmap Index Scan", "Parent Relationship": "Outer", "Index Name": "company_name_pkey", "Startup Cost": 0.0, "Total Cost": 1.23, "Plan Rows": 1, "Plan Width": 0, "Index Cond": "(id = mc.company_id)"}]}]}, {"Node Type": "Bitmap Heap Scan", "Parent Relationship": "Inner", "Relation Name": "role_type", "Alias": "rt", "Startup Cost": 0.26, "Total Cost": 4.27, "Plan Rows": 1, "Plan Width": 4, "Recheck Cond": "(id = ci.role_id)", "Filter": "((role)::text = 'actress'::text)", "Plans": [{"Node Type": "Bitmap Index Scan", "Parent Relationship": "Outer", "Index Name": "role_type_pkey", "Startup Cost": 0.0, "Total Cost": 0.26, "Plan Rows": 1, "Plan Width": 0, "Index Cond": "(id = ci.role_id)"}]}]}, {"Node Type": "Bitmap Heap Scan", "Parent Relationship": "Inner", "Relation Name": "name", "Alias": "n", "Startup Cost": 0.33, "Total Cost": 4.34, "Plan Rows": 1, "Plan Width": 4, "Recheck Cond": "(id = an.person_id)", "Filter": "(((name)::text ~~ '%Yo%'::text) AND ((name)::text !~~ '%Yu%'::text))", "Plans": [{"Node Type": "Bitmap Index Scan", "Parent Relationship": "Outer", "Index Name": "name_pkey", "Startup Cost": 0.0, "Total Cost": 0.33, "Plan Rows": 1, "Plan Width": 0, "Index Cond": "(id = an.person_id)"}]}]}]}, "Unique SQL Id": 3956435728, "Planner Runtime": 9}, "explain_analyze_plan": null}, "(1, '20')": {"explain_plan": {"Plan": {"Node Type": "Aggregate", "Strategy": "Plain", "Startup Cost": 76459.24, "Total Cost": 76459.25, "Plan Rows": 1, "Plan Width": 97, "Plans": [{"Node Type": "Nested Loop", "Parent Relationship": "Outer", "Join Type": "Inner", "Startup Cost": 74297.39, "Total Cost": 76459.23, "Plan Rows": 1, "Plan Width": 33, "Inner Unique": true, "Plans": [{"Node Type": "Nested Loop", "Parent Relationship": "Outer", "Join Type": "Inner", "Startup Cost": 74297.39, "Total Cost": 76458.95, "Plan Rows": 1, "Plan Width": 37, "Inner Unique": true, "Plans": [{"Node Type": "Nested Loop", "Parent Relationship": "Outer", "Join Type": "Inner", "Startup Cost": 74297.39, "Total Cost": 76458.37, "Plan Rows": 1, "Plan Width": 45, "Inner Unique": false, "Plans": [{"Node Type": "Nested Loop", "Parent Relationship": "Outer", "Join Type": "Inner", "Startup Cost": 74297.39, "Total Cost": 76457.51, "Plan Rows": 1, "Plan Width": 25, "Inner Unique": false, "Join Filter": "(t.id = ci.movie_id)", "Plans": [{"Node Type": "Nested Loop", "Parent Relationship": "Outer", "Join Type": "Inner", "Startup Cost": 74297.39, "Total Cost": 76401.73, "Plan Rows": 2, "Plan Width": 25, "Inner Unique": true, "Plans": [{"Node Type": "Merge Join", "Parent Relationship": "Outer", "Join Type": "Inner", "Startup Cost": 74297.39, "Total Cost": 74339.5, "Plan Rows": 262, "Plan Width": 4, "Inner Unique": false, "Merge Cond": "(cn.id = mc.company_id)", "Plans": [{"Node Type": "Sort", "Parent Relationship": "Outer", "Startup Cost": 6300.31, "Total Cost": 6316.04, "Plan Rows": 6290, "Plan Width": 4, "Sort Key": ["cn.id"], "Plans": [{"Node Type": "Seq Scan", "Parent Relationship": "Outer", "Relation Name": "company_name", "Alias": "cn", "Startup Cost": 0.0, "Total Cost": 5903.45, "Plan Rows": 6290, "Plan Width": 4, "Filter": "((country_code)::text = '[jp]'::text)"}]}, {"Node Type": "Sort", "Parent Relationship": "Inner", "Startup Cost": 67996.86, "Total Cost": 68000.99, "Plan Rows": 1652, "Plan Width": 8, "Sort Key": ["mc.company_id"], "Plans": [{"Node Type": "Seq Scan", "Parent Relationship": "Outer", "Relation Name": "movie_companies", "Alias": "mc", "Startup Cost": 0.0, "Total Cost": 67908.56, "Plan Rows": 1652, "Plan Width": 8, "Filter": "(((note)::text ~~ '%(Japan)%'::text) AND ((note)::text !~~ '%(USA)%'::text) AND (((note)::text ~~ '%(2006)%'::text) OR ((note)::text ~~ '%(2007)%'::text)))"}]}]}, {"Node Type": "Index Scan", "Parent Relationship": "Inner", "Scan Direction": "Forward", "Index Name": "title_pkey", "Relation Name": "title", "Alias": "t", "Startup Cost": 0.0, "Total Cost": 7.86, "Plan Rows": 1, "Plan Width": 21, "Index Cond": "(id = mc.movie_id)", "Filter": "((production_year >= 2006) AND (production_year <= 2007) AND (((title)::text ~~ 'One Piece%'::text) OR ((title)::text ~~ 'Dragon Ball Z%'::text)))"}]}, {"Node Type": "Index Scan", "Parent Relationship": "Inner", "Scan Direction": "Forward", "Index Name": "movie_id_cast_info", "Relation Name": "cast_info", "Alias": "ci", "Startup Cost": 0.0, "Total Cost": 27.88, "Plan Rows": 1, "Plan Width": 12, "Index Cond": "(movie_id = mc.movie_id)", "Filter": "((note)::text = '(voice: English version)'::text)"}]}, {"Node Type": "Index Scan", "Parent Relationship": "Inner", "Scan Direction": "Forward", "Index Name": "person_id_aka_name", "Relation Name": "aka_name", "Alias": "an", "Startup Cost": 0.0, "Total Cost": 0.84, "Plan Rows": 1, "Plan Width": 20, "Index Cond": "(person_id = ci.person_id)"}]}, {"Node Type": "Index Scan", "Parent Relationship": "Inner", "Scan Direction": "Forward", "Index Name": "name_pkey", "Relation Name": "name", "Alias": "n", "Startup Cost": 0.0, "Total Cost": 0.57, "Plan Rows": 1, "Plan Width": 4, "Index Cond": "(id = an.person_id)", "Filter": "(((name)::text ~~ '%Yo%'::text) AND ((name)::text !~~ '%Yu%'::text))"}]}, {"Node Type": "Index Scan", "Parent Relationship": "Inner", "Scan Direction": "Forward", "Index Name": "role_type_pkey", "Relation Name": "role_type", "Alias": "rt", "Startup Cost": 0.0, "Total Cost": 0.27, "Plan Rows": 1, "Plan Width": 4, "Index Cond": "(id = ci.role_id)", "Filter": "((role)::text = 'actress'::text)"}]}]}, "Unique SQL Id": 3956435728, "Planner Runtime": 18}, "explain_analyze_plan": {"Plan": {"Node Type": "Aggregate", "Strategy": "Plain", "Startup Cost": 76459.24, "Total Cost": 76459.25, "Plan Rows": 1, "Plan Width": 97, "Actual Startup Time": 1112.047, "Actual Total Time": 1112.047, "Actual Rows": 1, "Actual Loops": 1, "Plans": [{"Node Type": "Nested Loop", "Parent Relationship": "Outer", "Join Type": "Inner", "Startup Cost": 74297.39, "Total Cost": 76459.23, "Plan Rows": 1, "Plan Width": 33, "Actual Startup Time": 1066.093, "Actual Total Time": 1112.013, "Actual Rows": 6, "Actual Loops": 1, "Inner Unique": true, "Plans": [{"Node Type": "Nested Loop", "Parent Relationship": "Outer", "Join Type": "Inner", "Startup Cost": 74297.39, "Total Cost": 76458.95, "Plan Rows": 1, "Plan Width": 37, "Actual Startup Time": 1066.073, "Actual Total Time": 1111.974, "Actual Rows": 6, "Actual Loops": 1, "Inner Unique": true, "Plans": [{"Node Type": "Nested Loop", "Parent Relationship": "Outer", "Join Type": "Inner", "Startup Cost": 74297.39, "Total Cost": 76458.37, "Plan Rows": 1, "Plan Width": 45, "Actual Startup Time": 1064.938, "Actual Total Time": 1110.992, "Actual Rows": 171, "Actual Loops": 1, "Inner Unique": false, "Plans": [{"Node Type": "Nested Loop", "Parent Relationship": "Outer", "Join Type": "Inner", "Startup Cost": 74297.39, "Total Cost": 76457.51, "Plan Rows": 1, "Plan Width": 25, "Actual Startup Time": 1064.901, "Actual Total Time": 1110.141, "Actual Rows": 104, "Actual Loops": 1, "Inner Unique": false, "Join Filter": "(t.id = ci.movie_id)", "Rows Removed by Join Filter": 0, "Plans": [{"Node Type": "Nested Loop", "Parent Relationship": "Outer", "Join Type": "Inner", "Startup Cost": 74297.39, "Total Cost": 76401.73, "Plan Rows": 2, "Plan Width": 25, "Actual Startup Time": 1064.854, "Actual Total Time": 1109.603, "Actual Rows": 4, "Actual Loops": 1, "Inner Unique": true, "Plans": [{"Node Type": "Merge Join", "Parent Relationship": "Outer", "Join Type": "Inner", "Startup Cost": 74297.39, "Total Cost": 74339.5, "Plan Rows": 262, "Plan Width": 4, "Actual Startup Time": 1050.528, "Actual Total Time": 1055.491, "Actual Rows": 8495, "Actual Loops": 1, "Inner Unique": false, "Merge Cond": "(cn.id = mc.company_id)", "Plans": [{"Node Type": "Sort", "Parent Relationship": "Outer", "Startup Cost": 6300.31, "Total Cost": 6316.04, "Plan Rows": 6290, "Plan Width": 4, "Actual Startup Time": 82.797, "Actual Total Time": 83.299, "Actual Rows": 2408, "Actual Loops": 1, "Sort Key": ["cn.id"], "Sort Method": "quicksort", "Sort Space Used": 615, "Sort Space Type": "Memory", "Plans": [{"Node Type": "Seq Scan", "Parent Relationship": "Outer", "Relation Name": "company_name", "Alias": "cn", "Startup Cost": 0.0, "Total Cost": 5903.45, "Plan Rows": 6290, "Plan Width": 4, "Actual Startup Time": 0.042, "Actual Total Time": 80.364, "Actual Rows": 6752, "Actual Loops": 1, "Filter": "((country_code)::text = '[jp]'::text)", "Rows Removed by Filter": 228244}]}, {"Node Type": "Sort", "Parent Relationship": "Inner", "Startup Cost": 67996.86, "Total Cost": 68000.99, "Plan Rows": 1652, "Plan Width": 8, "Actual Startup Time": 967.716, "Actual Total Time": 969.382, "Actual Rows": 8569, "Actual Loops": 1, "Sort Key": ["mc.company_id"], "Sort Method": "quicksort", "Sort Space Used": 920, "Sort Space Type": "Memory", "Plans": [{"Node Type": "Seq Scan", "Parent Relationship": "Outer", "Relation Name": "movie_companies", "Alias": "mc", "Startup Cost": 0.0, "Total Cost": 67908.56, "Plan Rows": 1652, "Plan Width": 8, "Actual Startup Time": 0.262, "Actual Total Time": 964.571, "Actual Rows": 8569, "Actual Loops": 1, "Filter": "(((note)::text ~~ '%(Japan)%'::text) AND ((note)::text !~~ '%(USA)%'::text) AND (((note)::text ~~ '%(2006)%'::text) OR ((note)::text ~~ '%(2007)%'::text)))", "Rows Removed by Filter": 2600559}]}]}, {"Node Type": "Index Scan", "Parent Relationship": "Inner", "Scan Direction": "Forward", "Index Name": "title_pkey", "Relation Name": "title", "Alias": "t", "Startup Cost": 0.0, "Total Cost": 7.86, "Plan Rows": 1, "Plan Width": 21, "Actual Startup Time": 49.778, "Actual Total Time": 49.778, "Actual Rows": 4, "Actual Loops": 8495, "Index Cond": "(id = mc.movie_id)", "Rows Removed by Index Recheck": 0, "Filter": "((production_year >= 2006) AND (production_year <= 2007) AND (((title)::text ~~ 'One Piece%'::text) OR ((title)::text ~~ 'Dragon Ball Z%'::text)))", "Rows Removed by Filter": 8491}]}, {"Node Type": "Index Scan", "Parent Relationship": "Inner", "Scan Direction": "Forward", "Index Name": "movie_id_cast_info", "Relation Name": "cast_info", "Alias": "ci", "Startup Cost": 0.0, "Total Cost": 27.88, "Plan Rows": 1, "Plan Width": 12, "Actual Startup Time": 0.136, "Actual Total Time": 0.476, "Actual Rows": 104, "Actual Loops": 4, "Index Cond": "(movie_id = mc.movie_id)", "Rows Removed by Index Recheck": 0, "Filter": "((note)::text = '(voice: English version)'::text)", "Rows Removed by Filter": 68}]}, {"Node Type": "Index Scan", "Parent Relationship": "Inner", "Scan Direction": "Forward", "Index Name": "person_id_aka_name", "Relation Name": "aka_name", "Alias": "an", "Startup Cost": 0.0, "Total Cost": 0.84, "Plan Rows": 1, "Plan Width": 20, "Actual Startup Time": 0.624, "Actual Total Time": 0.748, "Actual Rows": 171, "Actual Loops": 104, "Index Cond": "(person_id = ci.person_id)", "Rows Removed by Index Recheck": 0}]}, {"Node Type": "Index Scan", "Parent Relationship": "Inner", "Scan Direction": "Forward", "Index Name": "name_pkey", "Relation Name": "name", "Alias": "n", "Startup Cost": 0.0, "Total Cost": 0.57, "Plan Rows": 1, "Plan Width": 4, "Actual Startup Time": 0.898, "Actual Total Time": 0.898, "Actual Rows": 6, "Actual Loops": 171, "Index Cond": "(id = an.person_id)", "Rows Removed by Index Recheck": 0, "Filter": "(((name)::text ~~ '%Yo%'::text) AND ((name)::text !~~ '%Yu%'::text))", "Rows Removed by Filter": 165}]}, {"Node Type": "Index Scan", "Parent Relationship": "Inner", "Scan Direction": "Forward", "Index Name": "role_type_pkey", "Relation Name": "role_type", "Alias": "rt", "Startup Cost": 0.0, "Total Cost": 0.27, "Plan Rows": 1, "Plan Width": 4, "Actual Startup Time": 0.026, "Actual Total Time": 0.026, "Actual Rows": 6, "Actual Loops": 6, "Index Cond": "(id = ci.role_id)", "Rows Removed by Index Recheck": 0, "Filter": "((role)::text = 'actress'::text)", "Rows Removed by Filter": 0}]}]}, "Triggers": [], "Planner Runtime": 19.2, "Total Runtime": 1112.571, "Unique SQL Id": 3956435728}}, "(1, '21')": {"explain_plan": {"Plan": {"Node Type": "Aggregate", "Strategy": "Plain", "Startup Cost": 84111.26, "Total Cost": 84111.27, "Plan Rows": 1, "Plan Width": 97, "Plans": [{"Node Type": "Nested Loop", "Parent Relationship": "Outer", "Join Type": "Inner", "Startup Cost": 0.0, "Total Cost": 84111.26, "Plan Rows": 1, "Plan Width": 33, "Inner Unique": true, "Plans": [{"Node Type": "Nested Loop", "Parent Relationship": "Outer", "Join Type": "Inner", "Startup Cost": 0.0, "Total Cost": 84110.97, "Plan Rows": 1, "Plan Width": 37, "Inner Unique": true, "Plans": [{"Node Type": "Nested Loop", "Parent Relationship": "Outer", "Join Type": "Inner", "Startup Cost": 0.0, "Total Cost": 84110.39, "Plan Rows": 1, "Plan Width": 45, "Inner Unique": false, "Plans": [{"Node Type": "Nested Loop", "Parent Relationship": "Outer", "Join Type": "Inner", "Startup Cost": 0.0, "Total Cost": 84109.54, "Plan Rows": 1, "Plan Width": 25, "Inner Unique": false, "Join Filter": "(t.id = ci.movie_id)", "Plans": [{"Node Type": "Nested Loop", "Parent Relationship": "Outer", "Join Type": "Inner", "Startup Cost": 0.0, "Total Cost": 84053.76, "Plan Rows": 2, "Plan Width": 25, "Inner Unique": true, "Plans": [{"Node Type": "Nested Loop", "Parent Relationship": "Outer", "Join Type": "Inner", "Startup Cost": 0.0, "Total Cost": 81991.53, "Plan Rows": 262, "Plan Width": 4, "Inner Unique": false, "Plans": [{"Node Type": "Index Scan", "Parent Relationship": "Outer", "Scan Direction": "Forward", "Index Name": "company_name_pkey", "Relation Name": "company_name", "Alias": "cn", "Startup Cost": 0.0, "Total Cost": 10501.39, "Plan Rows": 6290, "Plan Width": 4, "Filter": "((country_code)::text = '[jp]'::text)"}, {"Node Type": "Index Scan", "Parent Relationship": "Inner", "Scan Direction": "Forward", "Index Name": "company_id_movie_companies", "Relation Name": "movie_companies", "Alias": "mc", "Startup Cost": 0.0, "Total Cost": 11.36, "Plan Rows": 1, "Plan Width": 8, "Index Cond": "(company_id = cn.id)", "Filter": "(((note)::text ~~ '%(Japan)%'::text) AND ((note)::text !~~ '%(USA)%'::text) AND (((note)::text ~~ '%(2006)%'::text) OR ((note)::text ~~ '%(2007)%'::text)))"}]}, {"Node Type": "Index Scan", "Parent Relationship": "Inner", "Scan Direction": "Forward", "Index Name": "title_pkey", "Relation Name": "title", "Alias": "t", "Startup Cost": 0.0, "Total Cost": 7.86, "Plan Rows": 1, "Plan Width": 21, "Index Cond": "(id = mc.movie_id)", "Filter": "((production_year >= 2006) AND (production_year <= 2007) AND (((title)::text ~~ 'One Piece%'::text) OR ((title)::text ~~ 'Dragon Ball Z%'::text)))"}]}, {"Node Type": "Index Scan", "Parent Relationship": "Inner", "Scan Direction": "Forward", "Index Name": "movie_id_cast_info", "Relation Name": "cast_info", "Alias": "ci", "Startup Cost": 0.0, "Total Cost": 27.88, "Plan Rows": 1, "Plan Width": 12, "Index Cond": "(movie_id = mc.movie_id)", "Filter": "((note)::text = '(voice: English version)'::text)"}]}, {"Node Type": "Index Scan", "Parent Relationship": "Inner", "Scan Direction": "Forward", "Index Name": "person_id_aka_name", "Relation Name": "aka_name", "Alias": "an", "Startup Cost": 0.0, "Total Cost": 0.84, "Plan Rows": 1, "Plan Width": 20, "Index Cond": "(person_id = ci.person_id)"}]}, {"Node Type": "Index Scan", "Parent Relationship": "Inner", "Scan Direction": "Forward", "Index Name": "name_pkey", "Relation Name": "name", "Alias": "n", "Startup Cost": 0.0, "Total Cost": 0.57, "Plan Rows": 1, "Plan Width": 4, "Index Cond": "(id = an.person_id)", "Filter": "(((name)::text ~~ '%Yo%'::text) AND ((name)::text !~~ '%Yu%'::text))"}]}, {"Node Type": "Index Scan", "Parent Relationship": "Inner", "Scan Direction": "Forward", "Index Name": "role_type_pkey", "Relation Name": "role_type", "Alias": "rt", "Startup Cost": 0.0, "Total Cost": 0.27, "Plan Rows": 1, "Plan Width": 4, "Index Cond": "(id = ci.role_id)", "Filter": "((role)::text = 'actress'::text)"}]}]}, "Unique SQL Id": 3956435728, "Planner Runtime": 22}, "explain_analyze_plan": {"Plan": {"Node Type": "Aggregate", "Strategy": "Plain", "Startup Cost": 84111.26, "Total Cost": 84111.27, "Plan Rows": 1, "Plan Width": 97, "Actual Startup Time": 581.73, "Actual Total Time": 581.73, "Actual Rows": 1, "Actual Loops": 1, "Plans": [{"Node Type": "Nested Loop", "Parent Relationship": "Outer", "Join Type": "Inner", "Startup Cost": 0.0, "Total Cost": 84111.26, "Plan Rows": 1, "Plan Width": 33, "Actual Startup Time": 54.321, "Actual Total Time": 581.694, "Actual Rows": 6, "Actual Loops": 1, "Inner Unique": true, "Plans": [{"Node Type": "Nested Loop", "Parent Relationship": "Outer", "Join Type": "Inner", "Startup Cost": 0.0, "Total Cost": 84110.97, "Plan Rows": 1, "Plan Width": 37, "Actual Startup Time": 54.312, "Actual Total Time": 581.658, "Actual Rows": 6, "Actual Loops": 1, "Inner Unique": true, "Plans": [{"Node Type": "Nested Loop", "Parent Relationship": "Outer", "Join Type": "Inner", "Startup Cost": 0.0, "Total Cost": 84110.39, "Plan Rows": 1, "Plan Width": 45, "Actual Startup Time": 53.198, "Actual Total Time": 580.628, "Actual Rows": 171, "Actual Loops": 1, "Inner Unique": false, "Plans": [{"Node Type": "Nested Loop", "Parent Relationship": "Outer", "Join Type": "Inner", "Startup Cost": 0.0, "Total Cost": 84109.54, "Plan Rows": 1, "Plan Width": 25, "Actual Startup Time": 53.177, "Actual Total Time": 579.772, "Actual Rows": 104, "Actual Loops": 1, "Inner Unique": false, "Join Filter": "(t.id = ci.movie_id)", "Rows Removed by Join Filter": 0, "Plans": [{"Node Type": "Nested Loop", "Parent Relationship": "Outer", "Join Type": "Inner", "Startup Cost": 0.0, "Total Cost": 84053.76, "Plan Rows": 2, "Plan Width": 25, "Actual Startup Time": 53.042, "Actual Total Time": 579.227, "Actual Rows": 4, "Actual Loops": 1, "Inner Unique": true, "Plans": [{"Node Type": "Nested Loop", "Parent Relationship": "Outer", "Join Type": "Inner", "Startup Cost": 0.0, "Total Cost": 81991.53, "Plan Rows": 262, "Plan Width": 4, "Actual Startup Time": 0.312, "Actual Total Time": 518.839, "Actual Rows": 8495, "Actual Loops": 1, "Inner Unique": false, "Plans": [{"Node Type": "Index Scan", "Parent Relationship": "Outer", "Scan Direction": "Forward", "Index Name": "company_name_pkey", "Relation Name": "company_name", "Alias": "cn", "Startup Cost": 0.0, "Total Cost": 10501.39, "Plan Rows": 6290, "Plan Width": 4, "Actual Startup Time": 0.264, "Actual Total Time": 291.012, "Actual Rows": 6752, "Actual Loops": 1, "Filter": "((country_code)::text = '[jp]'::text)", "Rows Removed by Filter": 228244}, {"Node Type": "Index Scan", "Parent Relationship": "Inner", "Scan Direction": "Forward", "Index Name": "company_id_movie_companies", "Relation Name": "movie_companies", "Alias": "mc", "Startup Cost": 0.0, "Total Cost": 11.36, "Plan Rows": 1, "Plan Width": 8, "Actual Startup Time": 100.149, "Actual Total Time": 221.814, "Actual Rows": 8495, "Actual Loops": 6752, "Index Cond": "(company_id = cn.id)", "Rows Removed by Index Recheck": 0, "Filter": "(((note)::text ~~ '%(Japan)%'::text) AND ((note)::text !~~ '%(USA)%'::text) AND (((note)::text ~~ '%(2006)%'::text) OR ((note)::text ~~ '%(2007)%'::text)))", "Rows Removed by Filter": 96500}]}, {"Node Type": "Index Scan", "Parent Relationship": "Inner", "Scan Direction": "Forward", "Index Name": "title_pkey", "Relation Name": "title", "Alias": "t", "Startup Cost": 0.0, "Total Cost": 7.86, "Plan Rows": 1, "Plan Width": 21, "Actual Startup Time": 55.844, "Actual Total Time": 55.844, "Actual Rows": 4, "Actual Loops": 8495, "Index Cond": "(id = mc.movie_id)", "Rows Removed by Index Recheck": 0, "Filter": "((production_year >= 2006) AND (production_year <= 2007) AND (((title)::text ~~ 'One Piece%'::text) OR ((title)::text ~~ 'Dragon Ball Z%'::text)))", "Rows Removed by Filter": 8491}]}, {"Node Type": "Index Scan", "Parent Relationship": "Inner", "Scan Direction": "Forward", "Index Name": "movie_id_cast_info", "Relation Name": "cast_info", "Alias": "ci", "Startup Cost": 0.0, "Total Cost": 27.88, "Plan Rows": 1, "Plan Width": 12, "Actual Startup Time": 0.155, "Actual Total Time": 0.487, "Actual Rows": 104, "Actual Loops": 4, "Index Cond": "(movie_id = mc.movie_id)", "Rows Removed by Index Recheck": 0, "Filter": "((note)::text = '(voice: English version)'::text)", "Rows Removed by Filter": 68}]}, {"Node Type": "Index Scan", "Parent Relationship": "Inner", "Scan Direction": "Forward", "Index Name": "person_id_aka_name", "Relation Name": "aka_name", "Alias": "an", "Startup Cost": 0.0, "Total Cost": 0.84, "Plan Rows": 1, "Plan Width": 20, "Actual Startup Time": 0.629, "Actual Total Time": 0.74, "Actual Rows": 171, "Actual Loops": 104, "Index Cond": "(person_id = ci.person_id)", "Rows Removed by Index Recheck": 0}]}, {"Node Type": "Index Scan", "Parent Relationship": "Inner", "Scan Direction": "Forward", "Index Name": "name_pkey", "Relation Name": "name", "Alias": "n", "Startup Cost": 0.0, "Total Cost": 0.57, "Plan Rows": 1, "Plan Width": 4, "Actual Startup Time": 0.94, "Actual Total Time": 0.94, "Actual Rows": 6, "Actual Loops": 171, "Index Cond": "(id = an.person_id)", "Rows Removed by Index Recheck": 0, "Filter": "(((name)::text ~~ '%Yo%'::text) AND ((name)::text !~~ '%Yu%'::text))", "Rows Removed by Filter": 165}]}, {"Node Type": "Index Scan", "Parent Relationship": "Inner", "Scan Direction": "Forward", "Index Name": "role_type_pkey", "Relation Name": "role_type", "Alias": "rt", "Startup Cost": 0.0, "Total Cost": 0.27, "Plan Rows": 1, "Plan Width": 4, "Actual Startup Time": 0.022, "Actual Total Time": 0.022, "Actual Rows": 6, "Actual Loops": 6, "Index Cond": "(id = ci.role_id)", "Rows Removed by Index Recheck": 0, "Filter": "((role)::text = 'actress'::text)", "Rows Removed by Filter": 0}]}]}, "Triggers": [], "Planner Runtime": 25.043, "Total Runtime": 582.138, "Unique SQL Id": 3956435728}}, "(1, '22')": {"explain_plan": {"Plan": {"Node Type": "Aggregate", "Strategy": "Plain", "Startup Cost": 76492.4, "Total Cost": 76492.41, "Plan Rows": 1, "Plan Width": 97, "Plans": [{"Node Type": "Nested Loop", "Parent Relationship": "Outer", "Join Type": "Inner", "Startup Cost": 74306.3, "Total Cost": 76492.4, "Plan Rows": 1, "Plan Width": 33, "Inner Unique": true, "Join Filter": "(ci.role_id = rt.id)", "Plans": [{"Node Type": "Nested Loop", "Parent Relationship": "Outer", "Join Type": "Inner", "Startup Cost": 74306.3, "Total Cost": 76491.24, "Plan Rows": 1, "Plan Width": 37, "Inner Unique": true, "Plans": [{"Node Type": "Nested Loop", "Parent Relationship": "Outer", "Join Type": "Inner", "Startup Cost": 74305.97, "Total Cost": 76486.88, "Plan Rows": 1, "Plan Width": 45, "Inner Unique": false, "Plans": [{"Node Type": "Nested Loop", "Parent Relationship": "Outer", "Join Type": "Inner", "Startup Cost": 74305.59, "Total Cost": 76482.48, "Plan Rows": 1, "Plan Width": 25, "Inner Unique": false, "Join Filter": "(t.id = ci.movie_id)", "Plans": [{"Node Type": "Nested Loop", "Parent Relationship": "Outer", "Join Type": "Inner", "Startup Cost": 74301.32, "Total Cost": 76425.91, "Plan Rows": 2, "Plan Width": 25, "Inner Unique": true, "Plans": [{"Node Type": "Merge Join", "Parent Relationship": "Outer", "Join Type": "Inner", "Startup Cost": 74297.39, "Total Cost": 74339.5, "Plan Rows": 262, "Plan Width": 4, "Inner Unique": false, "Merge Cond": "(cn.id = mc.company_id)", "Plans": [{"Node Type": "Sort", "Parent Relationship": "Outer", "Startup Cost": 6300.31, "Total Cost": 6316.04, "Plan Rows": 6290, "Plan Width": 4, "Sort Key": ["cn.id"], "Plans": [{"Node Type": "Seq Scan", "Parent Relationship": "Outer", "Relation Name": "company_name", "Alias": "cn", "Startup Cost": 0.0, "Total Cost": 5903.45, "Plan Rows": 6290, "Plan Width": 4, "Filter": "((country_code)::text = '[jp]'::text)"}]}, {"Node Type": "Sort", "Parent Relationship": "Inner", "Startup Cost": 67996.86, "Total Cost": 68000.99, "Plan Rows": 1652, "Plan Width": 8, "Sort Key": ["mc.company_id"], "Plans": [{"Node Type": "Seq Scan", "Parent Relationship": "Outer", "Relation Name": "movie_companies", "Alias": "mc", "Startup Cost": 0.0, "Total Cost": 67908.56, "Plan Rows": 1652, "Plan Width": 8, "Filter": "(((note)::text ~~ '%(Japan)%'::text) AND ((note)::text !~~ '%(USA)%'::text) AND (((note)::text ~~ '%(2006)%'::text) OR ((note)::text ~~ '%(2007)%'::text)))"}]}]}, {"Node Type": "Bitmap Heap Scan", "Parent Relationship": "Inner", "Relation Name": "title", "Alias": "t", "Startup Cost": 3.93, "Total Cost": 7.95, "Plan Rows": 1, "Plan Width": 21, "Recheck Cond": "(id = mc.movie_id)", "Filter": "((production_year >= 2006) AND (production_year <= 2007) AND (((title)::text ~~ 'One Piece%'::text) OR ((title)::text ~~ 'Dragon Ball Z%'::text)))", "Plans": [{"Node Type": "Bitmap Index Scan", "Parent Relationship": "Outer", "Index Name": "title_pkey", "Startup Cost": 0.0, "Total Cost": 3.93, "Plan Rows": 1, "Plan Width": 0, "Index Cond": "(id = mc.movie_id)"}]}]}, {"Node Type": "Bitmap Heap Scan", "Parent Relationship": "Inner", "Relation Name": "cast_info", "Alias": "ci", "Startup Cost": 4.27, "Total Cost": 28.27, "Plan Rows": 1, "Plan Width": 12, "Recheck Cond": "(movie_id = mc.movie_id)", "Filter": "((note)::text = '(voice: English version)'::text)", "Plans": [{"Node Type": "Bitmap Index Scan", "Parent Relationship": "Outer", "Index Name": "movie_id_cast_info", "Startup Cost": 0.0, "Total Cost": 4.27, "Plan Rows": 6, "Plan Width": 0, "Index Cond": "(movie_id = mc.movie_id)"}]}]}, {"Node Type": "Bitmap Heap Scan", "Parent Relationship": "Inner", "Relation Name": "aka_name", "Alias": "an", "Startup Cost": 0.38, "Total Cost": 4.39, "Plan Rows": 1, "Plan Width": 20, "Recheck Cond": "(person_id = ci.person_id)", "Plans": [{"Node Type": "Bitmap Index Scan", "Parent Relationship": "Outer", "Index Name": "person_id_aka_name", "Startup Cost": 0.0, "Total Cost": 0.38, "Plan Rows": 1, "Plan Width": 0, "Index Cond": "(person_id = ci.person_id)"}]}]}, {"Node Type": "Bitmap Heap Scan", "Parent Relationship": "Inner", "Relation Name": "name", "Alias": "n", "Startup Cost": 0.33, "Total Cost": 4.34, "Plan Rows": 1, "Plan Width": 4, "Recheck Cond": "(id = an.person_id)", "Filter": "(((name)::text ~~ '%Yo%'::text) AND ((name)::text !~~ '%Yu%'::text))", "Plans": [{"Node Type": "Bitmap Index Scan", "Parent Relationship": "Outer", "Index Name": "name_pkey", "Startup Cost": 0.0, "Total Cost": 0.33, "Plan Rows": 1, "Plan Width": 0, "Index Cond": "(id = an.person_id)"}]}]}, {"Node Type": "Seq Scan", "Parent Relationship": "Inner", "Relation Name": "role_type", "Alias": "rt", "Startup Cost": 0.0, "Total Cost": 1.15, "Plan Rows": 1, "Plan Width": 4, "Filter": "((role)::text = 'actress'::text)"}]}]}, "Unique SQL Id": 3956435728, "Planner Runtime": 22}, "explain_analyze_plan": {"Plan": {"Node Type": "Aggregate", "Strategy": "Plain", "Startup Cost": 76492.4, "Total Cost": 76492.41, "Plan Rows": 1, "Plan Width": 97, "Actual Startup Time": 1135.433, "Actual Total Time": 1135.434, "Actual Rows": 1, "Actual Loops": 1, "Plans": [{"Node Type": "Nested Loop", "Parent Relationship": "Outer", "Join Type": "Inner", "Startup Cost": 74306.3, "Total Cost": 76492.4, "Plan Rows": 1, "Plan Width": 33, "Actual Startup Time": 1084.163, "Actual Total Time": 1135.393, "Actual Rows": 6, "Actual Loops": 1, "Inner Unique": true, "Join Filter": "(ci.role_id = rt.id)", "Rows Removed by Join Filter": 0, "Plans": [{"Node Type": "Nested Loop", "Parent Relationship": "Outer", "Join Type": "Inner", "Startup Cost": 74306.3, "Total Cost": 76491.24, "Plan Rows": 1, "Plan Width": 37, "Actual Startup Time": 1084.143, "Actual Total Time": 1135.338, "Actual Rows": 6, "Actual Loops": 1, "Inner Unique": true, "Plans": [{"Node Type": "Nested Loop", "Parent Relationship": "Outer", "Join Type": "Inner", "Startup Cost": 74305.97, "Total Cost": 76486.88, "Plan Rows": 1, "Plan Width": 45, "Actual Startup Time": 1083.104, "Actual Total Time": 1134.238, "Actual Rows": 171, "Actual Loops": 1, "Inner Unique": false, "Plans": [{"Node Type": "Nested Loop", "Parent Relationship": "Outer", "Join Type": "Inner", "Startup Cost": 74305.59, "Total Cost": 76482.48, "Plan Rows": 1, "Plan Width": 25, "Actual Startup Time": 1083.051, "Actual Total Time": 1133.353, "Actual Rows": 104, "Actual Loops": 1, "Inner Unique": false, "Join Filter": "(t.id = ci.movie_id)", "Rows Removed by Join Filter": 0, "Plans": [{"Node Type": "Nested Loop", "Parent Relationship": "Outer", "Join Type": "Inner", "Startup Cost": 74301.32, "Total Cost": 76425.91, "Plan Rows": 2, "Plan Width": 25, "Actual Startup Time": 1082.97, "Actual Total Time": 1132.853, "Actual Rows": 4, "Actual Loops": 1, "Inner Unique": true, "Plans": [{"Node Type": "Merge Join", "Parent Relationship": "Outer", "Join Type": "Inner", "Startup Cost": 74297.39, "Total Cost": 74339.5, "Plan Rows": 262, "Plan Width": 4, "Actual Startup Time": 1067.795, "Actual Total Time": 1072.704, "Actual Rows": 8495, "Actual Loops": 1, "Inner Unique": false, "Merge Cond": "(cn.id = mc.company_id)", "Plans": [{"Node Type": "Sort", "Parent Relationship": "Outer", "Startup Cost": 6300.31, "Total Cost": 6316.04, "Plan Rows": 6290, "Plan Width": 4, "Actual Startup Time": 89.747, "Actual Total Time": 90.105, "Actual Rows": 2408, "Actual Loops": 1, "Sort Key": ["cn.id"], "Sort Method": "quicksort", "Sort Space Used": 615, "Sort Space Type": "Memory", "Plans": [{"Node Type": "Seq Scan", "Parent Relationship": "Outer", "Relation Name": "company_name", "Alias": "cn", "Startup Cost": 0.0, "Total Cost": 5903.45, "Plan Rows": 6290, "Plan Width": 4, "Actual Startup Time": 0.054, "Actual Total Time": 86.969, "Actual Rows": 6752, "Actual Loops": 1, "Filter": "((country_code)::text = '[jp]'::text)", "Rows Removed by Filter": 228244}]}, {"Node Type": "Sort", "Parent Relationship": "Inner", "Startup Cost": 67996.86, "Total Cost": 68000.99, "Plan Rows": 1652, "Plan Width": 8, "Actual Startup Time": 978.031, "Actual Total Time": 979.53, "Actual Rows": 8569, "Actual Loops": 1, "Sort Key": ["mc.company_id"], "Sort Method": "quicksort", "Sort Space Used": 920, "Sort Space Type": "Memory", "Plans": [{"Node Type": "Seq Scan", "Parent Relationship": "Outer", "Relation Name": "movie_companies", "Alias": "mc", "Startup Cost": 0.0, "Total Cost": 67908.56, "Plan Rows": 1652, "Plan Width": 8, "Actual Startup Time": 0.289, "Actual Total Time": 974.583, "Actual Rows": 8569, "Actual Loops": 1, "Filter": "(((note)::text ~~ '%(Japan)%'::text) AND ((note)::text !~~ '%(USA)%'::text) AND (((note)::text ~~ '%(2006)%'::text) OR ((note)::text ~~ '%(2007)%'::text)))", "Rows Removed by Filter": 2600559}]}]}, {"Node Type": "Bitmap Heap Scan", "Parent Relationship": "Inner", "Relation Name": "title", "Alias": "t", "Startup Cost": 3.93, "Total Cost": 7.95, "Plan Rows": 1, "Plan Width": 21, "Actual Startup Time": 49.442, "Actual Total Time": 49.442, "Actual Rows": 4, "Actual Loops": 8495, "Recheck Cond": "(id = mc.movie_id)", "Rows Removed by Index Recheck": 0, "Filter": "((production_year >= 2006) AND (production_year <= 2007) AND (((title)::text ~~ 'One Piece%'::text) OR ((title)::text ~~ 'Dragon Ball Z%'::text)))", "Rows Removed by Filter": 8491, "Exact Heap Blocks": 8495, "Lossy Heap Blocks": 8495, "Plans": [{"Node Type": "Bitmap Index Scan", "Parent Relationship": "Outer", "Index Name": "title_pkey", "Startup Cost": 0.0, "Total Cost": 3.93, "Plan Rows": 1, "Plan Width": 0, "Actual Startup Time": 25.99, "Actual Total Time": 25.99, "Actual Rows": 8495, "Actual Loops": 8495, "Index Cond": "(id = mc.movie_id)"}]}]}, {"Node Type": "Bitmap Heap Scan", "Parent Relationship": "Inner", "Relation Name": "cast_info", "Alias": "ci", "Startup Cost": 4.27, "Total Cost": 28.27, "Plan Rows": 1, "Plan Width": 12, "Actual Startup Time": 0.179, "Actual Total Time": 0.441, "Actual Rows": 104, "Actual Loops": 4, "Recheck Cond": "(movie_id = mc.movie_id)", "Rows Removed by Index Recheck": 0, "Filter": "((note)::text = '(voice: English version)'::text)", "Rows Removed by Filter": 68, "Exact Heap Blocks": 133, "Lossy Heap Blocks": 133, "Plans": [{"Node Type": "Bitmap Index Scan", "Parent Relationship": "Outer", "Index Name": "movie_id_cast_info", "Startup Cost": 0.0, "Total Cost": 4.27, "Plan Rows": 6, "Plan Width": 0, "Actual Startup Time": 0.064, "Actual Total Time": 0.064, "Actual Rows": 172, "Actual Loops": 4, "Index Cond": "(movie_id = mc.movie_id)"}]}]}, {"Node Type": "Bitmap Heap Scan", "Parent Relationship": "Inner", "Relation Name": "aka_name", "Alias": "an", "Startup Cost": 0.38, "Total Cost": 4.39, "Plan Rows": 1, "Plan Width": 20, "Actual Startup Time": 0.639, "Actual Total Time": 0.709, "Actual Rows": 171, "Actual Loops": 104, "Recheck Cond": "(person_id = ci.person_id)", "Rows Removed by Index Recheck": 0, "Exact Heap Blocks": 105, "Lossy Heap Blocks": 105, "Plans": [{"Node Type": "Bitmap Index Scan", "Parent Relationship": "Outer", "Index Name": "person_id_aka_name", "Startup Cost": 0.0, "Total Cost": 0.38, "Plan Rows": 1, "Plan Width": 0, "Actual Startup Time": 0.414, "Actual Total Time": 0.414, "Actual Rows": 171, "Actual Loops": 104, "Index Cond": "(person_id = ci.person_id)"}]}]}, {"Node Type": "Bitmap Heap Scan", "Parent Relationship": "Inner", "Relation Name": "name", "Alias": "n", "Startup Cost": 0.33, "Total Cost": 4.34, "Plan Rows": 1, "Plan Width": 4, "Actual Startup Time": 0.893, "Actual Total Time": 0.893, "Actual Rows": 6, "Actual Loops": 171, "Recheck Cond": "(id = an.person_id)", "Rows Removed by Index Recheck": 0, "Filter": "(((name)::text ~~ '%Yo%'::text) AND ((name)::text !~~ '%Yu%'::text))", "Rows Removed by Filter": 165, "Exact Heap Blocks": 171, "Lossy Heap Blocks": 171, "Plans": [{"Node Type": "Bitmap Index Scan", "Parent Relationship": "Outer", "Index Name": "name_pkey", "Startup Cost": 0.0, "Total Cost": 0.33, "Plan Rows": 1, "Plan Width": 0, "Actual Startup Time": 0.544, "Actual Total Time": 0.544, "Actual Rows": 171, "Actual Loops": 171, "Index Cond": "(id = an.person_id)"}]}]}, {"Node Type": "Seq Scan", "Parent Relationship": "Inner", "Relation Name": "role_type", "Alias": "rt", "Startup Cost": 0.0, "Total Cost": 1.15, "Plan Rows": 1, "Plan Width": 4, "Actual Startup Time": 0.036, "Actual Total Time": 0.036, "Actual Rows": 6, "Actual Loops": 6, "Filter": "((role)::text = 'actress'::text)", "Rows Removed by Filter": 6}]}]}, "Triggers": [], "Planner Runtime": 22.215, "Total Runtime": 1135.722, "Unique SQL Id": 3956435728}}, "(1, '23')": {"explain_plan": {"Plan": {"Node Type": "Aggregate", "Strategy": "Plain", "Startup Cost": 1000012201008.67, "Total Cost": 1000012201008.68, "Plan Rows": 1, "Plan Width": 97, "Plans": [{"Node Type": "Nested Loop", "Parent Relationship": "Outer", "Join Type": "Inner", "Startup Cost": 10000000004.12, "Total Cost": 1000012201008.67, "Plan Rows": 1, "Plan Width": 33, "Inner Unique": true, "Plans": [{"Node Type": "Nested Loop", "Parent Relationship": "Outer", "Join Type": "Inner", "Startup Cost": 10000000003.79, "Total Cost": 1000012201004.31, "Plan Rows": 1, "Plan Width": 41, "Inner Unique": true, "Plans": [{"Node Type": "Nested Loop", "Parent Relationship": "Outer", "Join Type": "Inner", "Startup Cost": 10000000003.54, "Total Cost": 1000012201000.03, "Plan Rows": 1, "Plan Width": 45, "Inner Unique": true, "Plans": [{"Node Type": "Nested Loop", "Parent Relationship": "Outer", "Join Type": "Inner", "Startup Cost": 10000000002.31, "Total Cost": 1000012200994.77, "Plan Rows": 1, "Plan Width": 49, "Inner Unique": false, "Plans": [{"Node Type": "Nested Loop", "Parent Relationship": "Outer", "Join Type": "Inner", "Startup Cost": 10000000001.65, "Total Cost": 1000012200744.81, "Plan Rows": 53, "Plan Width": 53, "Inner Unique": true, "Plans": [{"Node Type": "Nested Loop", "Parent Relationship": "Outer", "Join Type": "Inner", "Startup Cost": 10000000001.0, "Total Cost": 1000011659757.19, "Plan Rows": 115768, "Plan Width": 32, "Inner Unique": false, "Plans": [{"Node Type": "Index Scan", "Parent Relationship": "Outer", "Scan Direction": "Forward", "Index Name": "person_id_aka_name", "Relation Name": "aka_name", "Alias": "an", "Startup Cost": 10000000000.0, "Total Cost": 1000006896503.43, "Plan Rows": 901342, "Plan Width": 20}, {"Node Type": "Bitmap Heap Scan", "Parent Relationship": "Inner", "Relation Name": "cast_info", "Alias": "ci", "Startup Cost": 1.0, "Total Cost": 5.27, "Plan Rows": 1, "Plan Width": 12, "Recheck Cond": "(person_id = an.person_id)", "Filter": "((note)::text = '(voice: English version)'::text)", "Plans": [{"Node Type": "Bitmap Index Scan", "Parent Relationship": "Outer", "Index Name": "person_id_cast_info", "Startup Cost": 0.0, "Total Cost": 1.0, "Plan Rows": 18, "Plan Width": 0, "Index Cond": "(person_id = an.person_id)"}]}]}, {"Node Type": "Bitmap Heap Scan", "Parent Relationship": "Inner", "Relation Name": "title", "Alias": "t", "Startup Cost": 0.64, "Total Cost": 4.66, "Plan Rows": 1, "Plan Width": 21, "Recheck Cond": "(id = ci.movie_id)", "Filter": "((production_year >= 2006) AND (production_year <= 2007) AND (((title)::text ~~ 'One Piece%'::text) OR ((title)::text ~~ 'Dragon Ball Z%'::text)))", "Plans": [{"Node Type": "Bitmap Index Scan", "Parent Relationship": "Outer", "Index Name": "title_pkey", "Startup Cost": 0.0, "Total Cost": 0.64, "Plan Rows": 1, "Plan Width": 0, "Index Cond": "(id = ci.movie_id)"}]}]}, {"Node Type": "Bitmap Heap Scan", "Parent Relationship": "Inner", "Relation Name": "movie_companies", "Alias": "mc", "Startup Cost": 0.66, "Total Cost": 4.71, "Plan Rows": 1, "Plan Width": 8, "Recheck Cond": "(movie_id = ci.movie_id)", "Filter": "(((note)::text ~~ '%(Japan)%'::text) AND ((note)::text !~~ '%(USA)%'::text) AND (((note)::text ~~ '%(2006)%'::text) OR ((note)::text ~~ '%(2007)%'::text)))", "Plans": [{"Node Type": "Bitmap Index Scan", "Parent Relationship": "Outer", "Index Name": "movie_id_movie_companies", "Startup Cost": 0.0, "Total Cost": 0.66, "Plan Rows": 2, "Plan Width": 0, "Index Cond": "(movie_id = ci.movie_id)"}]}]}, {"Node Type": "Bitmap Heap Scan", "Parent Relationship": "Inner", "Relation Name": "company_name", "Alias": "cn", "Startup Cost": 1.23, "Total Cost": 5.24, "Plan Rows": 1, "Plan Width": 4, "Recheck Cond": "(id = mc.company_id)", "Filter": "((country_code)::text = '[jp]'::text)", "Plans": [{"Node Type": "Bitmap Index Scan", "Parent Relationship": "Outer", "Index Name": "company_name_pkey", "Startup Cost": 0.0, "Total Cost": 1.23, "Plan Rows": 1, "Plan Width": 0, "Index Cond": "(id = mc.company_id)"}]}]}, {"Node Type": "Bitmap Heap Scan", "Parent Relationship": "Inner", "Relation Name": "role_type", "Alias": "rt", "Startup Cost": 0.26, "Total Cost": 4.27, "Plan Rows": 1, "Plan Width": 4, "Recheck Cond": "(id = ci.role_id)", "Filter": "((role)::text = 'actress'::text)", "Plans": [{"Node Type": "Bitmap Index Scan", "Parent Relationship": "Outer", "Index Name": "role_type_pkey", "Startup Cost": 0.0, "Total Cost": 0.26, "Plan Rows": 1, "Plan Width": 0, "Index Cond": "(id = ci.role_id)"}]}]}, {"Node Type": "Bitmap Heap Scan", "Parent Relationship": "Inner", "Relation Name": "name", "Alias": "n", "Startup Cost": 0.33, "Total Cost": 4.34, "Plan Rows": 1, "Plan Width": 4, "Recheck Cond": "(id = an.person_id)", "Filter": "(((name)::text ~~ '%Yo%'::text) AND ((name)::text !~~ '%Yu%'::text))", "Plans": [{"Node Type": "Bitmap Index Scan", "Parent Relationship": "Outer", "Index Name": "name_pkey", "Startup Cost": 0.0, "Total Cost": 0.33, "Plan Rows": 1, "Plan Width": 0, "Index Cond": "(id = an.person_id)"}]}]}]}, "Unique SQL Id": 3956435728, "Planner Runtime": 9}, "explain_analyze_plan": null}, "(1, '24')": {"explain_plan": {"Plan": {"Node Type": "Aggregate", "Strategy": "Plain", "Startup Cost": 76459.24, "Total Cost": 76459.25, "Plan Rows": 1, "Plan Width": 97, "Plans": [{"Node Type": "Nested Loop", "Parent Relationship": "Outer", "Join Type": "Inner", "Startup Cost": 74297.39, "Total Cost": 76459.23, "Plan Rows": 1, "Plan Width": 33, "Inner Unique": true, "Plans": [{"Node Type": "Nested Loop", "Parent Relationship": "Outer", "Join Type": "Inner", "Startup Cost": 74297.39, "Total Cost": 76458.95, "Plan Rows": 1, "Plan Width": 37, "Inner Unique": true, "Plans": [{"Node Type": "Nested Loop", "Parent Relationship": "Outer", "Join Type": "Inner", "Startup Cost": 74297.39, "Total Cost": 76458.37, "Plan Rows": 1, "Plan Width": 45, "Inner Unique": false, "Plans": [{"Node Type": "Nested Loop", "Parent Relationship": "Outer", "Join Type": "Inner", "Startup Cost": 74297.39, "Total Cost": 76457.51, "Plan Rows": 1, "Plan Width": 25, "Inner Unique": false, "Join Filter": "(t.id = ci.movie_id)", "Plans": [{"Node Type": "Nested Loop", "Parent Relationship": "Outer", "Join Type": "Inner", "Startup Cost": 74297.39, "Total Cost": 76401.73, "Plan Rows": 2, "Plan Width": 25, "Inner Unique": true, "Plans": [{"Node Type": "Merge Join", "Parent Relationship": "Outer", "Join Type": "Inner", "Startup Cost": 74297.39, "Total Cost": 74339.5, "Plan Rows": 262, "Plan Width": 4, "Inner Unique": false, "Merge Cond": "(cn.id = mc.company_id)", "Plans": [{"Node Type": "Sort", "Parent Relationship": "Outer", "Startup Cost": 6300.31, "Total Cost": 6316.04, "Plan Rows": 6290, "Plan Width": 4, "Sort Key": ["cn.id"], "Plans": [{"Node Type": "Seq Scan", "Parent Relationship": "Outer", "Relation Name": "company_name", "Alias": "cn", "Startup Cost": 0.0, "Total Cost": 5903.45, "Plan Rows": 6290, "Plan Width": 4, "Filter": "((country_code)::text = '[jp]'::text)"}]}, {"Node Type": "Sort", "Parent Relationship": "Inner", "Startup Cost": 67996.86, "Total Cost": 68000.99, "Plan Rows": 1652, "Plan Width": 8, "Sort Key": ["mc.company_id"], "Plans": [{"Node Type": "Seq Scan", "Parent Relationship": "Outer", "Relation Name": "movie_companies", "Alias": "mc", "Startup Cost": 0.0, "Total Cost": 67908.56, "Plan Rows": 1652, "Plan Width": 8, "Filter": "(((note)::text ~~ '%(Japan)%'::text) AND ((note)::text !~~ '%(USA)%'::text) AND (((note)::text ~~ '%(2006)%'::text) OR ((note)::text ~~ '%(2007)%'::text)))"}]}]}, {"Node Type": "Index Scan", "Parent Relationship": "Inner", "Scan Direction": "Forward", "Index Name": "title_pkey", "Relation Name": "title", "Alias": "t", "Startup Cost": 0.0, "Total Cost": 7.86, "Plan Rows": 1, "Plan Width": 21, "Index Cond": "(id = mc.movie_id)", "Filter": "((production_year >= 2006) AND (production_year <= 2007) AND (((title)::text ~~ 'One Piece%'::text) OR ((title)::text ~~ 'Dragon Ball Z%'::text)))"}]}, {"Node Type": "Index Scan", "Parent Relationship": "Inner", "Scan Direction": "Forward", "Index Name": "movie_id_cast_info", "Relation Name": "cast_info", "Alias": "ci", "Startup Cost": 0.0, "Total Cost": 27.88, "Plan Rows": 1, "Plan Width": 12, "Index Cond": "(movie_id = mc.movie_id)", "Filter": "((note)::text = '(voice: English version)'::text)"}]}, {"Node Type": "Index Scan", "Parent Relationship": "Inner", "Scan Direction": "Forward", "Index Name": "person_id_aka_name", "Relation Name": "aka_name", "Alias": "an", "Startup Cost": 0.0, "Total Cost": 0.84, "Plan Rows": 1, "Plan Width": 20, "Index Cond": "(person_id = ci.person_id)"}]}, {"Node Type": "Index Scan", "Parent Relationship": "Inner", "Scan Direction": "Forward", "Index Name": "name_pkey", "Relation Name": "name", "Alias": "n", "Startup Cost": 0.0, "Total Cost": 0.57, "Plan Rows": 1, "Plan Width": 4, "Index Cond": "(id = an.person_id)", "Filter": "(((name)::text ~~ '%Yo%'::text) AND ((name)::text !~~ '%Yu%'::text))"}]}, {"Node Type": "Index Scan", "Parent Relationship": "Inner", "Scan Direction": "Forward", "Index Name": "role_type_pkey", "Relation Name": "role_type", "Alias": "rt", "Startup Cost": 0.0, "Total Cost": 0.27, "Plan Rows": 1, "Plan Width": 4, "Index Cond": "(id = ci.role_id)", "Filter": "((role)::text = 'actress'::text)"}]}]}, "Unique SQL Id": 3956435728, "Planner Runtime": 18}, "explain_analyze_plan": {"Plan": {"Node Type": "Aggregate", "Strategy": "Plain", "Startup Cost": 76459.24, "Total Cost": 76459.25, "Plan Rows": 1, "Plan Width": 97, "Actual Startup Time": 1112.047, "Actual Total Time": 1112.047, "Actual Rows": 1, "Actual Loops": 1, "Plans": [{"Node Type": "Nested Loop", "Parent Relationship": "Outer", "Join Type": "Inner", "Startup Cost": 74297.39, "Total Cost": 76459.23, "Plan Rows": 1, "Plan Width": 33, "Actual Startup Time": 1066.093, "Actual Total Time": 1112.013, "Actual Rows": 6, "Actual Loops": 1, "Inner Unique": true, "Plans": [{"Node Type": "Nested Loop", "Parent Relationship": "Outer", "Join Type": "Inner", "Startup Cost": 74297.39, "Total Cost": 76458.95, "Plan Rows": 1, "Plan Width": 37, "Actual Startup Time": 1066.073, "Actual Total Time": 1111.974, "Actual Rows": 6, "Actual Loops": 1, "Inner Unique": true, "Plans": [{"Node Type": "Nested Loop", "Parent Relationship": "Outer", "Join Type": "Inner", "Startup Cost": 74297.39, "Total Cost": 76458.37, "Plan Rows": 1, "Plan Width": 45, "Actual Startup Time": 1064.938, "Actual Total Time": 1110.992, "Actual Rows": 171, "Actual Loops": 1, "Inner Unique": false, "Plans": [{"Node Type": "Nested Loop", "Parent Relationship": "Outer", "Join Type": "Inner", "Startup Cost": 74297.39, "Total Cost": 76457.51, "Plan Rows": 1, "Plan Width": 25, "Actual Startup Time": 1064.901, "Actual Total Time": 1110.141, "Actual Rows": 104, "Actual Loops": 1, "Inner Unique": false, "Join Filter": "(t.id = ci.movie_id)", "Rows Removed by Join Filter": 0, "Plans": [{"Node Type": "Nested Loop", "Parent Relationship": "Outer", "Join Type": "Inner", "Startup Cost": 74297.39, "Total Cost": 76401.73, "Plan Rows": 2, "Plan Width": 25, "Actual Startup Time": 1064.854, "Actual Total Time": 1109.603, "Actual Rows": 4, "Actual Loops": 1, "Inner Unique": true, "Plans": [{"Node Type": "Merge Join", "Parent Relationship": "Outer", "Join Type": "Inner", "Startup Cost": 74297.39, "Total Cost": 74339.5, "Plan Rows": 262, "Plan Width": 4, "Actual Startup Time": 1050.528, "Actual Total Time": 1055.491, "Actual Rows": 8495, "Actual Loops": 1, "Inner Unique": false, "Merge Cond": "(cn.id = mc.company_id)", "Plans": [{"Node Type": "Sort", "Parent Relationship": "Outer", "Startup Cost": 6300.31, "Total Cost": 6316.04, "Plan Rows": 6290, "Plan Width": 4, "Actual Startup Time": 82.797, "Actual Total Time": 83.299, "Actual Rows": 2408, "Actual Loops": 1, "Sort Key": ["cn.id"], "Sort Method": "quicksort", "Sort Space Used": 615, "Sort Space Type": "Memory", "Plans": [{"Node Type": "Seq Scan", "Parent Relationship": "Outer", "Relation Name": "company_name", "Alias": "cn", "Startup Cost": 0.0, "Total Cost": 5903.45, "Plan Rows": 6290, "Plan Width": 4, "Actual Startup Time": 0.042, "Actual Total Time": 80.364, "Actual Rows": 6752, "Actual Loops": 1, "Filter": "((country_code)::text = '[jp]'::text)", "Rows Removed by Filter": 228244}]}, {"Node Type": "Sort", "Parent Relationship": "Inner", "Startup Cost": 67996.86, "Total Cost": 68000.99, "Plan Rows": 1652, "Plan Width": 8, "Actual Startup Time": 967.716, "Actual Total Time": 969.382, "Actual Rows": 8569, "Actual Loops": 1, "Sort Key": ["mc.company_id"], "Sort Method": "quicksort", "Sort Space Used": 920, "Sort Space Type": "Memory", "Plans": [{"Node Type": "Seq Scan", "Parent Relationship": "Outer", "Relation Name": "movie_companies", "Alias": "mc", "Startup Cost": 0.0, "Total Cost": 67908.56, "Plan Rows": 1652, "Plan Width": 8, "Actual Startup Time": 0.262, "Actual Total Time": 964.571, "Actual Rows": 8569, "Actual Loops": 1, "Filter": "(((note)::text ~~ '%(Japan)%'::text) AND ((note)::text !~~ '%(USA)%'::text) AND (((note)::text ~~ '%(2006)%'::text) OR ((note)::text ~~ '%(2007)%'::text)))", "Rows Removed by Filter": 2600559}]}]}, {"Node Type": "Index Scan", "Parent Relationship": "Inner", "Scan Direction": "Forward", "Index Name": "title_pkey", "Relation Name": "title", "Alias": "t", "Startup Cost": 0.0, "Total Cost": 7.86, "Plan Rows": 1, "Plan Width": 21, "Actual Startup Time": 49.778, "Actual Total Time": 49.778, "Actual Rows": 4, "Actual Loops": 8495, "Index Cond": "(id = mc.movie_id)", "Rows Removed by Index Recheck": 0, "Filter": "((production_year >= 2006) AND (production_year <= 2007) AND (((title)::text ~~ 'One Piece%'::text) OR ((title)::text ~~ 'Dragon Ball Z%'::text)))", "Rows Removed by Filter": 8491}]}, {"Node Type": "Index Scan", "Parent Relationship": "Inner", "Scan Direction": "Forward", "Index Name": "movie_id_cast_info", "Relation Name": "cast_info", "Alias": "ci", "Startup Cost": 0.0, "Total Cost": 27.88, "Plan Rows": 1, "Plan Width": 12, "Actual Startup Time": 0.136, "Actual Total Time": 0.476, "Actual Rows": 104, "Actual Loops": 4, "Index Cond": "(movie_id = mc.movie_id)", "Rows Removed by Index Recheck": 0, "Filter": "((note)::text = '(voice: English version)'::text)", "Rows Removed by Filter": 68}]}, {"Node Type": "Index Scan", "Parent Relationship": "Inner", "Scan Direction": "Forward", "Index Name": "person_id_aka_name", "Relation Name": "aka_name", "Alias": "an", "Startup Cost": 0.0, "Total Cost": 0.84, "Plan Rows": 1, "Plan Width": 20, "Actual Startup Time": 0.624, "Actual Total Time": 0.748, "Actual Rows": 171, "Actual Loops": 104, "Index Cond": "(person_id = ci.person_id)", "Rows Removed by Index Recheck": 0}]}, {"Node Type": "Index Scan", "Parent Relationship": "Inner", "Scan Direction": "Forward", "Index Name": "name_pkey", "Relation Name": "name", "Alias": "n", "Startup Cost": 0.0, "Total Cost": 0.57, "Plan Rows": 1, "Plan Width": 4, "Actual Startup Time": 0.898, "Actual Total Time": 0.898, "Actual Rows": 6, "Actual Loops": 171, "Index Cond": "(id = an.person_id)", "Rows Removed by Index Recheck": 0, "Filter": "(((name)::text ~~ '%Yo%'::text) AND ((name)::text !~~ '%Yu%'::text))", "Rows Removed by Filter": 165}]}, {"Node Type": "Index Scan", "Parent Relationship": "Inner", "Scan Direction": "Forward", "Index Name": "role_type_pkey", "Relation Name": "role_type", "Alias": "rt", "Startup Cost": 0.0, "Total Cost": 0.27, "Plan Rows": 1, "Plan Width": 4, "Actual Startup Time": 0.026, "Actual Total Time": 0.026, "Actual Rows": 6, "Actual Loops": 6, "Index Cond": "(id = ci.role_id)", "Rows Removed by Index Recheck": 0, "Filter": "((role)::text = 'actress'::text)", "Rows Removed by Filter": 0}]}]}, "Triggers": [], "Planner Runtime": 19.2, "Total Runtime": 1112.571, "Unique SQL Id": 3956435728}}, "(1, '25')": {"explain_plan": {"Plan": {"Node Type": "Aggregate", "Strategy": "Plain", "Startup Cost": 84111.26, "Total Cost": 84111.27, "Plan Rows": 1, "Plan Width": 97, "Plans": [{"Node Type": "Nested Loop", "Parent Relationship": "Outer", "Join Type": "Inner", "Startup Cost": 0.0, "Total Cost": 84111.26, "Plan Rows": 1, "Plan Width": 33, "Inner Unique": true, "Plans": [{"Node Type": "Nested Loop", "Parent Relationship": "Outer", "Join Type": "Inner", "Startup Cost": 0.0, "Total Cost": 84110.97, "Plan Rows": 1, "Plan Width": 37, "Inner Unique": true, "Plans": [{"Node Type": "Nested Loop", "Parent Relationship": "Outer", "Join Type": "Inner", "Startup Cost": 0.0, "Total Cost": 84110.39, "Plan Rows": 1, "Plan Width": 45, "Inner Unique": false, "Plans": [{"Node Type": "Nested Loop", "Parent Relationship": "Outer", "Join Type": "Inner", "Startup Cost": 0.0, "Total Cost": 84109.54, "Plan Rows": 1, "Plan Width": 25, "Inner Unique": false, "Join Filter": "(t.id = ci.movie_id)", "Plans": [{"Node Type": "Nested Loop", "Parent Relationship": "Outer", "Join Type": "Inner", "Startup Cost": 0.0, "Total Cost": 84053.76, "Plan Rows": 2, "Plan Width": 25, "Inner Unique": true, "Plans": [{"Node Type": "Nested Loop", "Parent Relationship": "Outer", "Join Type": "Inner", "Startup Cost": 0.0, "Total Cost": 81991.53, "Plan Rows": 262, "Plan Width": 4, "Inner Unique": false, "Plans": [{"Node Type": "Index Scan", "Parent Relationship": "Outer", "Scan Direction": "Forward", "Index Name": "company_name_pkey", "Relation Name": "company_name", "Alias": "cn", "Startup Cost": 0.0, "Total Cost": 10501.39, "Plan Rows": 6290, "Plan Width": 4, "Filter": "((country_code)::text = '[jp]'::text)"}, {"Node Type": "Index Scan", "Parent Relationship": "Inner", "Scan Direction": "Forward", "Index Name": "company_id_movie_companies", "Relation Name": "movie_companies", "Alias": "mc", "Startup Cost": 0.0, "Total Cost": 11.36, "Plan Rows": 1, "Plan Width": 8, "Index Cond": "(company_id = cn.id)", "Filter": "(((note)::text ~~ '%(Japan)%'::text) AND ((note)::text !~~ '%(USA)%'::text) AND (((note)::text ~~ '%(2006)%'::text) OR ((note)::text ~~ '%(2007)%'::text)))"}]}, {"Node Type": "Index Scan", "Parent Relationship": "Inner", "Scan Direction": "Forward", "Index Name": "title_pkey", "Relation Name": "title", "Alias": "t", "Startup Cost": 0.0, "Total Cost": 7.86, "Plan Rows": 1, "Plan Width": 21, "Index Cond": "(id = mc.movie_id)", "Filter": "((production_year >= 2006) AND (production_year <= 2007) AND (((title)::text ~~ 'One Piece%'::text) OR ((title)::text ~~ 'Dragon Ball Z%'::text)))"}]}, {"Node Type": "Index Scan", "Parent Relationship": "Inner", "Scan Direction": "Forward", "Index Name": "movie_id_cast_info", "Relation Name": "cast_info", "Alias": "ci", "Startup Cost": 0.0, "Total Cost": 27.88, "Plan Rows": 1, "Plan Width": 12, "Index Cond": "(movie_id = mc.movie_id)", "Filter": "((note)::text = '(voice: English version)'::text)"}]}, {"Node Type": "Index Scan", "Parent Relationship": "Inner", "Scan Direction": "Forward", "Index Name": "person_id_aka_name", "Relation Name": "aka_name", "Alias": "an", "Startup Cost": 0.0, "Total Cost": 0.84, "Plan Rows": 1, "Plan Width": 20, "Index Cond": "(person_id = ci.person_id)"}]}, {"Node Type": "Index Scan", "Parent Relationship": "Inner", "Scan Direction": "Forward", "Index Name": "name_pkey", "Relation Name": "name", "Alias": "n", "Startup Cost": 0.0, "Total Cost": 0.57, "Plan Rows": 1, "Plan Width": 4, "Index Cond": "(id = an.person_id)", "Filter": "(((name)::text ~~ '%Yo%'::text) AND ((name)::text !~~ '%Yu%'::text))"}]}, {"Node Type": "Index Scan", "Parent Relationship": "Inner", "Scan Direction": "Forward", "Index Name": "role_type_pkey", "Relation Name": "role_type", "Alias": "rt", "Startup Cost": 0.0, "Total Cost": 0.27, "Plan Rows": 1, "Plan Width": 4, "Index Cond": "(id = ci.role_id)", "Filter": "((role)::text = 'actress'::text)"}]}]}, "Unique SQL Id": 3956435728, "Planner Runtime": 22}, "explain_analyze_plan": {"Plan": {"Node Type": "Aggregate", "Strategy": "Plain", "Startup Cost": 84111.26, "Total Cost": 84111.27, "Plan Rows": 1, "Plan Width": 97, "Actual Startup Time": 581.73, "Actual Total Time": 581.73, "Actual Rows": 1, "Actual Loops": 1, "Plans": [{"Node Type": "Nested Loop", "Parent Relationship": "Outer", "Join Type": "Inner", "Startup Cost": 0.0, "Total Cost": 84111.26, "Plan Rows": 1, "Plan Width": 33, "Actual Startup Time": 54.321, "Actual Total Time": 581.694, "Actual Rows": 6, "Actual Loops": 1, "Inner Unique": true, "Plans": [{"Node Type": "Nested Loop", "Parent Relationship": "Outer", "Join Type": "Inner", "Startup Cost": 0.0, "Total Cost": 84110.97, "Plan Rows": 1, "Plan Width": 37, "Actual Startup Time": 54.312, "Actual Total Time": 581.658, "Actual Rows": 6, "Actual Loops": 1, "Inner Unique": true, "Plans": [{"Node Type": "Nested Loop", "Parent Relationship": "Outer", "Join Type": "Inner", "Startup Cost": 0.0, "Total Cost": 84110.39, "Plan Rows": 1, "Plan Width": 45, "Actual Startup Time": 53.198, "Actual Total Time": 580.628, "Actual Rows": 171, "Actual Loops": 1, "Inner Unique": false, "Plans": [{"Node Type": "Nested Loop", "Parent Relationship": "Outer", "Join Type": "Inner", "Startup Cost": 0.0, "Total Cost": 84109.54, "Plan Rows": 1, "Plan Width": 25, "Actual Startup Time": 53.177, "Actual Total Time": 579.772, "Actual Rows": 104, "Actual Loops": 1, "Inner Unique": false, "Join Filter": "(t.id = ci.movie_id)", "Rows Removed by Join Filter": 0, "Plans": [{"Node Type": "Nested Loop", "Parent Relationship": "Outer", "Join Type": "Inner", "Startup Cost": 0.0, "Total Cost": 84053.76, "Plan Rows": 2, "Plan Width": 25, "Actual Startup Time": 53.042, "Actual Total Time": 579.227, "Actual Rows": 4, "Actual Loops": 1, "Inner Unique": true, "Plans": [{"Node Type": "Nested Loop", "Parent Relationship": "Outer", "Join Type": "Inner", "Startup Cost": 0.0, "Total Cost": 81991.53, "Plan Rows": 262, "Plan Width": 4, "Actual Startup Time": 0.312, "Actual Total Time": 518.839, "Actual Rows": 8495, "Actual Loops": 1, "Inner Unique": false, "Plans": [{"Node Type": "Index Scan", "Parent Relationship": "Outer", "Scan Direction": "Forward", "Index Name": "company_name_pkey", "Relation Name": "company_name", "Alias": "cn", "Startup Cost": 0.0, "Total Cost": 10501.39, "Plan Rows": 6290, "Plan Width": 4, "Actual Startup Time": 0.264, "Actual Total Time": 291.012, "Actual Rows": 6752, "Actual Loops": 1, "Filter": "((country_code)::text = '[jp]'::text)", "Rows Removed by Filter": 228244}, {"Node Type": "Index Scan", "Parent Relationship": "Inner", "Scan Direction": "Forward", "Index Name": "company_id_movie_companies", "Relation Name": "movie_companies", "Alias": "mc", "Startup Cost": 0.0, "Total Cost": 11.36, "Plan Rows": 1, "Plan Width": 8, "Actual Startup Time": 100.149, "Actual Total Time": 221.814, "Actual Rows": 8495, "Actual Loops": 6752, "Index Cond": "(company_id = cn.id)", "Rows Removed by Index Recheck": 0, "Filter": "(((note)::text ~~ '%(Japan)%'::text) AND ((note)::text !~~ '%(USA)%'::text) AND (((note)::text ~~ '%(2006)%'::text) OR ((note)::text ~~ '%(2007)%'::text)))", "Rows Removed by Filter": 96500}]}, {"Node Type": "Index Scan", "Parent Relationship": "Inner", "Scan Direction": "Forward", "Index Name": "title_pkey", "Relation Name": "title", "Alias": "t", "Startup Cost": 0.0, "Total Cost": 7.86, "Plan Rows": 1, "Plan Width": 21, "Actual Startup Time": 55.844, "Actual Total Time": 55.844, "Actual Rows": 4, "Actual Loops": 8495, "Index Cond": "(id = mc.movie_id)", "Rows Removed by Index Recheck": 0, "Filter": "((production_year >= 2006) AND (production_year <= 2007) AND (((title)::text ~~ 'One Piece%'::text) OR ((title)::text ~~ 'Dragon Ball Z%'::text)))", "Rows Removed by Filter": 8491}]}, {"Node Type": "Index Scan", "Parent Relationship": "Inner", "Scan Direction": "Forward", "Index Name": "movie_id_cast_info", "Relation Name": "cast_info", "Alias": "ci", "Startup Cost": 0.0, "Total Cost": 27.88, "Plan Rows": 1, "Plan Width": 12, "Actual Startup Time": 0.155, "Actual Total Time": 0.487, "Actual Rows": 104, "Actual Loops": 4, "Index Cond": "(movie_id = mc.movie_id)", "Rows Removed by Index Recheck": 0, "Filter": "((note)::text = '(voice: English version)'::text)", "Rows Removed by Filter": 68}]}, {"Node Type": "Index Scan", "Parent Relationship": "Inner", "Scan Direction": "Forward", "Index Name": "person_id_aka_name", "Relation Name": "aka_name", "Alias": "an", "Startup Cost": 0.0, "Total Cost": 0.84, "Plan Rows": 1, "Plan Width": 20, "Actual Startup Time": 0.629, "Actual Total Time": 0.74, "Actual Rows": 171, "Actual Loops": 104, "Index Cond": "(person_id = ci.person_id)", "Rows Removed by Index Recheck": 0}]}, {"Node Type": "Index Scan", "Parent Relationship": "Inner", "Scan Direction": "Forward", "Index Name": "name_pkey", "Relation Name": "name", "Alias": "n", "Startup Cost": 0.0, "Total Cost": 0.57, "Plan Rows": 1, "Plan Width": 4, "Actual Startup Time": 0.94, "Actual Total Time": 0.94, "Actual Rows": 6, "Actual Loops": 171, "Index Cond": "(id = an.person_id)", "Rows Removed by Index Recheck": 0, "Filter": "(((name)::text ~~ '%Yo%'::text) AND ((name)::text !~~ '%Yu%'::text))", "Rows Removed by Filter": 165}]}, {"Node Type": "Index Scan", "Parent Relationship": "Inner", "Scan Direction": "Forward", "Index Name": "role_type_pkey", "Relation Name": "role_type", "Alias": "rt", "Startup Cost": 0.0, "Total Cost": 0.27, "Plan Rows": 1, "Plan Width": 4, "Actual Startup Time": 0.022, "Actual Total Time": 0.022, "Actual Rows": 6, "Actual Loops": 6, "Index Cond": "(id = ci.role_id)", "Rows Removed by Index Recheck": 0, "Filter": "((role)::text = 'actress'::text)", "Rows Removed by Filter": 0}]}]}, "Triggers": [], "Planner Runtime": 25.043, "Total Runtime": 582.138, "Unique SQL Id": 3956435728}}, "(1, '26')": {"explain_plan": {"Plan": {"Node Type": "Aggregate", "Strategy": "Plain", "Startup Cost": 999588.78, "Total Cost": 999588.79, "Plan Rows": 1, "Plan Width": 97, "Plans": [{"Node Type": "Nested Loop", "Parent Relationship": "Outer", "Join Type": "Inner", "Startup Cost": 4536.65, "Total Cost": 999588.77, "Plan Rows": 1, "Plan Width": 33, "Inner Unique": true, "Join Filter": "(an.person_id = n.id)", "Plans": [{"Node Type": "Nested Loop", "Parent Relationship": "Outer", "Join Type": "Inner", "Startup Cost": 4536.65, "Total Cost": 885505.85, "Plan Rows": 1, "Plan Width": 41, "Inner Unique": true, "Join Filter": "(mc.company_id = cn.id)", "Plans": [{"Node Type": "Nested Loop", "Parent Relationship": "Outer", "Join Type": "Inner", "Startup Cost": 4536.65, "Total Cost": 879523.77, "Plan Rows": 1, "Plan Width": 45, "Inner Unique": false, "Join Filter": "(ci.person_id = an.person_id)", "Plans": [{"Node Type": "Nested Loop", "Parent Relationship": "Outer", "Join Type": "Inner", "Startup Cost": 4536.65, "Total Cost": 848348.58, "Plan Rows": 1, "Plan Width": 25, "Inner Unique": false, "Join Filter": "(ci.movie_id = t.id)", "Plans": [{"Node Type": "Nested Loop", "Parent Relationship": "Outer", "Join Type": "Inner", "Startup Cost": 4536.65, "Total Cost": 154326.43, "Plan Rows": 2, "Plan Width": 29, "Inner Unique": true, "Join Filter": "(mc.movie_id = t.id)", "Plans": [{"Node Type": "Seq Scan", "Parent Relationship": "Outer", "Relation Name": "movie_companies", "Alias": "mc", "Startup Cost": 0.0, "Total Cost": 67908.56, "Plan Rows": 1652, "Plan Width": 8, "Filter": "(((note)::text ~~ '%(Japan)%'::text) AND ((note)::text !~~ '%(USA)%'::text) AND (((note)::text ~~ '%(2006)%'::text) OR ((note)::text ~~ '%(2007)%'::text)))"}, {"Node Type": "Materialize", "Parent Relationship": "Inner", "Startup Cost": 4536.65, "Total Cost": 85352.43, "Plan Rows": 43, "Plan Width": 21, "Plans": [{"Node Type": "Seq Scan", "Parent Relationship": "Outer", "Relation Name": "title", "Alias": "t", "Startup Cost": 4536.65, "Total Cost": 85352.22, "Plan Rows": 43, "Plan Width": 21, "Filter": "((production_year >= 2006) AND (production_year <= 2007) AND (((title)::text ~~ 'One Piece%'::text) OR ((title)::text ~~ 'Dragon Ball Z%'::text)))"}]}]}, {"Node Type": "Materialize", "Parent Relationship": "Inner", "Startup Cost": 0.0, "Total Cost": 693780.43, "Plan Rows": 8790, "Plan Width": 8, "Plans": [{"Node Type": "Nested Loop", "Parent Relationship": "Outer", "Join Type": "Inner", "Startup Cost": 0.0, "Total Cost": 693736.48, "Plan Rows": 8790, "Plan Width": 8, "Inner Unique": false, "Join Filter": "(ci.role_id = rt.id)", "Plans": [{"Node Type": "Seq Scan", "Parent Relationship": "Outer", "Relation Name": "role_type", "Alias": "rt", "Startup Cost": 0.0, "Total Cost": 1.15, "Plan Rows": 1, "Plan Width": 4, "Filter": "((role)::text = 'actress'::text)"}, {"Node Type": "Seq Scan", "Parent Relationship": "Inner", "Relation Name": "cast_info", "Alias": "ci", "Startup Cost": 0.0, "Total Cost": 692526.68, "Plan Rows": 96692, "Plan Width": 12, "Filter": "((note)::text = '(voice: English version)'::text)"}]}]}]}, {"Node Type": "Seq Scan", "Parent Relationship": "Inner", "Relation Name": "aka_name", "Alias": "an", "Startup Cost": 0.0, "Total Cost": 19908.42, "Plan Rows": 901342, "Plan Width": 20}]}, {"Node Type": "Seq Scan", "Parent Relationship": "Inner", "Relation Name": "company_name", "Alias": "cn", "Startup Cost": 0.0, "Total Cost": 5903.45, "Plan Rows": 6290, "Plan Width": 4, "Filter": "((country_code)::text = '[jp]'::text)"}]}, {"Node Type": "Seq Scan", "Parent Relationship": "Inner", "Relation Name": "name", "Alias": "n", "Startup Cost": 0.0, "Total Cost": 113909.35, "Plan Rows": 13886, "Plan Width": 4, "Filter": "(((name)::text ~~ '%Yo%'::text) AND ((name)::text !~~ '%Yu%'::text))"}]}]}, "Unique SQL Id": 3956435728, "Planner Runtime": 35}, "explain_analyze_plan": null}, "(1, '27')": {"explain_plan": {"Plan": {"Node Type": "Aggregate", "Strategy": "Plain", "Startup Cost": 6721937474272.79, "Total Cost": 6721937474272.8, "Plan Rows": 1, "Plan Width": 97, "Plans": [{"Node Type": "Nested Loop", "Parent Relationship": "Outer", "Join Type": "Inner", "Startup Cost": 70051235465.84, "Total Cost": 6721937474272.78, "Plan Rows": 1, "Plan Width": 33, "Inner Unique": true, "Join Filter": "(ci.role_id = rt.id)", "Plans": [{"Node Type": "Nested Loop", "Parent Relationship": "Outer", "Join Type": "Inner", "Startup Cost": 60051235465.84, "Total Cost": 5721937473026.77, "Plan Rows": 1, "Plan Width": 37, "Inner Unique": true, "Plans": [{"Node Type": "Nested Loop", "Parent Relationship": "Outer", "Join Type": "Inner", "Startup Cost": 50051235465.84, "Total Cost": 4721937472589.34, "Plan Rows": 1, "Plan Width": 41, "Inner Unique": false, "Join Filter": "(t.id = ci.movie_id)", "Plans": [{"Node Type": "Nested Loop", "Parent Relationship": "Outer", "Join Type": "Inner", "Startup Cost": 20000000000.0, "Total Cost": 2000028517903.54, "Plan Rows": 2, "Plan Width": 29, "Inner Unique": true, "Join Filter": "(mc.movie_id = t.id)", "Plans": [{"Node Type": "Index Scan", "Parent Relationship": "Outer", "Scan Direction": "Forward", "Index Name": "company_id_movie_companies", "Relation Name": "movie_companies", "Alias": "mc", "Startup Cost": 10000000000.0, "Total Cost": 1000014976477.98, "Plan Rows": 1652, "Plan Width": 8, "Filter": "(((note)::text ~~ '%(Japan)%'::text) AND ((note)::text !~~ '%(USA)%'::text) AND (((note)::text ~~ '%(2006)%'::text) OR ((note)::text ~~ '%(2007)%'::text)))"}, {"Node Type": "Materialize", "Parent Relationship": "Inner", "Startup Cost": 10000000000.0, "Total Cost": 1000013540360.13, "Plan Rows": 43, "Plan Width": 21, "Plans": [{"Node Type": "Index Scan", "Parent Relationship": "Outer", "Scan Direction": "Forward", "Index Name": "title_pkey", "Relation Name": "title", "Alias": "t", "Startup Cost": 10000000000.0, "Total Cost": 1000013540359.91, "Plan Rows": 43, "Plan Width": 21, "Filter": "((production_year >= 2006) AND (production_year <= 2007) AND (((title)::text ~~ 'One Piece%'::text) OR ((title)::text ~~ 'Dragon Ball Z%'::text)))"}]}]}, {"Node Type": "Materialize", "Parent Relationship": "Inner", "Startup Cost": 30051235465.84, "Total Cost": 2721908954213.87, "Plan Rows": 17161, "Plan Width": 24, "Plans": [{"Node Type": "Merge Join", "Parent Relationship": "Outer", "Join Type": "Inner", "Startup Cost": 30051235465.84, "Total Cost": 2721908954128.06, "Plan Rows": 17161, "Plan Width": 24, "Inner Unique": false, "Merge Cond": "(an.person_id = ci.person_id)", "Plans": [{"Node Type": "Merge Join", "Parent Relationship": "Outer", "Join Type": "Inner", "Startup Cost": 20030754356.47, "Total Cost": 2000026606025.89, "Plan Rows": 16627, "Plan Width": 24, "Inner Unique": true, "Merge Cond": "(an.person_id = n.id)", "Plans": [{"Node Type": "Index Scan", "Parent Relationship": "Outer", "Scan Direction": "Forward", "Index Name": "person_id_aka_name", "Relation Name": "aka_name", "Alias": "an", "Startup Cost": 10000000000.0, "Total Cost": 1000006896503.43, "Plan Rows": 901342, "Plan Width": 20}, {"Node Type": "Materialize", "Parent Relationship": "Inner", "Startup Cost": 10000000000.0, "Total Cost": 1000019707054.42, "Plan Rows": 13886, "Plan Width": 4, "Plans": [{"Node Type": "Index Scan", "Parent Relationship": "Outer", "Scan Direction": "Forward", "Index Name": "name_pkey", "Relation Name": "name", "Alias": "n", "Startup Cost": 10000000000.0, "Total Cost": 1000019707019.7, "Plan Rows": 13886, "Plan Width": 4, "Filter": "(((name)::text ~~ '%Yo%'::text) AND ((name)::text !~~ '%Yu%'::text))"}]}]}, {"Node Type": "Index Scan", "Parent Relationship": "Inner", "Scan Direction": "Forward", "Index Name": "person_id_cast_info", "Relation Name": "cast_info", "Alias": "ci", "Startup Cost": 10000000000.0, "Total Cost": 1000179713706.71, "Plan Rows": 96692, "Plan Width": 12, "Filter": "((note)::text = '(voice: English version)'::text)"}]}]}]}, {"Node Type": "Index Scan", "Parent Relationship": "Inner", "Scan Direction": "Forward", "Index Name": "company_name_pkey", "Relation Name": "company_name", "Alias": "cn", "Startup Cost": 10000000000.0, "Total Cost": 1000000000437.42, "Plan Rows": 1, "Plan Width": 4, "Index Cond": "(id = mc.company_id)", "Filter": "((country_code)::text = '[jp]'::text)"}]}, {"Node Type": "Index Scan", "Parent Relationship": "Inner", "Scan Direction": "Forward", "Index Name": "role_type_pkey", "Relation Name": "role_type", "Alias": "rt", "Startup Cost": 10000000000.0, "Total Cost": 1000000001246.0, "Plan Rows": 1, "Plan Width": 4, "Filter": "((role)::text = 'actress'::text)"}]}]}, "Unique SQL Id": 3956435728, "Planner Runtime": 69}, "explain_analyze_plan": null}, "(1, '28')": {"explain_plan": {"Plan": {"Node Type": "Aggregate", "Strategy": "Plain", "Startup Cost": 76459.24, "Total Cost": 76459.25, "Plan Rows": 1, "Plan Width": 97, "Plans": [{"Node Type": "Nested Loop", "Parent Relationship": "Outer", "Join Type": "Inner", "Startup Cost": 74297.39, "Total Cost": 76459.23, "Plan Rows": 1, "Plan Width": 33, "Inner Unique": true, "Plans": [{"Node Type": "Nested Loop", "Parent Relationship": "Outer", "Join Type": "Inner", "Startup Cost": 74297.39, "Total Cost": 76458.95, "Plan Rows": 1, "Plan Width": 37, "Inner Unique": true, "Plans": [{"Node Type": "Nested Loop", "Parent Relationship": "Outer", "Join Type": "Inner", "Startup Cost": 74297.39, "Total Cost": 76458.37, "Plan Rows": 1, "Plan Width": 45, "Inner Unique": false, "Plans": [{"Node Type": "Nested Loop", "Parent Relationship": "Outer", "Join Type": "Inner", "Startup Cost": 74297.39, "Total Cost": 76457.51, "Plan Rows": 1, "Plan Width": 25, "Inner Unique": false, "Join Filter": "(t.id = ci.movie_id)", "Plans": [{"Node Type": "Nested Loop", "Parent Relationship": "Outer", "Join Type": "Inner", "Startup Cost": 74297.39, "Total Cost": 76401.73, "Plan Rows": 2, "Plan Width": 25, "Inner Unique": true, "Plans": [{"Node Type": "Merge Join", "Parent Relationship": "Outer", "Join Type": "Inner", "Startup Cost": 74297.39, "Total Cost": 74339.5, "Plan Rows": 262, "Plan Width": 4, "Inner Unique": false, "Merge Cond": "(cn.id = mc.company_id)", "Plans": [{"Node Type": "Sort", "Parent Relationship": "Outer", "Startup Cost": 6300.31, "Total Cost": 6316.04, "Plan Rows": 6290, "Plan Width": 4, "Sort Key": ["cn.id"], "Plans": [{"Node Type": "Seq Scan", "Parent Relationship": "Outer", "Relation Name": "company_name", "Alias": "cn", "Startup Cost": 0.0, "Total Cost": 5903.45, "Plan Rows": 6290, "Plan Width": 4, "Filter": "((country_code)::text = '[jp]'::text)"}]}, {"Node Type": "Sort", "Parent Relationship": "Inner", "Startup Cost": 67996.86, "Total Cost": 68000.99, "Plan Rows": 1652, "Plan Width": 8, "Sort Key": ["mc.company_id"], "Plans": [{"Node Type": "Seq Scan", "Parent Relationship": "Outer", "Relation Name": "movie_companies", "Alias": "mc", "Startup Cost": 0.0, "Total Cost": 67908.56, "Plan Rows": 1652, "Plan Width": 8, "Filter": "(((note)::text ~~ '%(Japan)%'::text) AND ((note)::text !~~ '%(USA)%'::text) AND (((note)::text ~~ '%(2006)%'::text) OR ((note)::text ~~ '%(2007)%'::text)))"}]}]}, {"Node Type": "Index Scan", "Parent Relationship": "Inner", "Scan Direction": "Forward", "Index Name": "title_pkey", "Relation Name": "title", "Alias": "t", "Startup Cost": 0.0, "Total Cost": 7.86, "Plan Rows": 1, "Plan Width": 21, "Index Cond": "(id = mc.movie_id)", "Filter": "((production_year >= 2006) AND (production_year <= 2007) AND (((title)::text ~~ 'One Piece%'::text) OR ((title)::text ~~ 'Dragon Ball Z%'::text)))"}]}, {"Node Type": "Index Scan", "Parent Relationship": "Inner", "Scan Direction": "Forward", "Index Name": "movie_id_cast_info", "Relation Name": "cast_info", "Alias": "ci", "Startup Cost": 0.0, "Total Cost": 27.88, "Plan Rows": 1, "Plan Width": 12, "Index Cond": "(movie_id = mc.movie_id)", "Filter": "((note)::text = '(voice: English version)'::text)"}]}, {"Node Type": "Index Scan", "Parent Relationship": "Inner", "Scan Direction": "Forward", "Index Name": "person_id_aka_name", "Relation Name": "aka_name", "Alias": "an", "Startup Cost": 0.0, "Total Cost": 0.84, "Plan Rows": 1, "Plan Width": 20, "Index Cond": "(person_id = ci.person_id)"}]}, {"Node Type": "Index Scan", "Parent Relationship": "Inner", "Scan Direction": "Forward", "Index Name": "name_pkey", "Relation Name": "name", "Alias": "n", "Startup Cost": 0.0, "Total Cost": 0.57, "Plan Rows": 1, "Plan Width": 4, "Index Cond": "(id = an.person_id)", "Filter": "(((name)::text ~~ '%Yo%'::text) AND ((name)::text !~~ '%Yu%'::text))"}]}, {"Node Type": "Index Scan", "Parent Relationship": "Inner", "Scan Direction": "Forward", "Index Name": "role_type_pkey", "Relation Name": "role_type", "Alias": "rt", "Startup Cost": 0.0, "Total Cost": 0.27, "Plan Rows": 1, "Plan Width": 4, "Index Cond": "(id = ci.role_id)", "Filter": "((role)::text = 'actress'::text)"}]}]}, "Unique SQL Id": 3956435728, "Planner Runtime": 18}, "explain_analyze_plan": {"Plan": {"Node Type": "Aggregate", "Strategy": "Plain", "Startup Cost": 76459.24, "Total Cost": 76459.25, "Plan Rows": 1, "Plan Width": 97, "Actual Startup Time": 1112.047, "Actual Total Time": 1112.047, "Actual Rows": 1, "Actual Loops": 1, "Plans": [{"Node Type": "Nested Loop", "Parent Relationship": "Outer", "Join Type": "Inner", "Startup Cost": 74297.39, "Total Cost": 76459.23, "Plan Rows": 1, "Plan Width": 33, "Actual Startup Time": 1066.093, "Actual Total Time": 1112.013, "Actual Rows": 6, "Actual Loops": 1, "Inner Unique": true, "Plans": [{"Node Type": "Nested Loop", "Parent Relationship": "Outer", "Join Type": "Inner", "Startup Cost": 74297.39, "Total Cost": 76458.95, "Plan Rows": 1, "Plan Width": 37, "Actual Startup Time": 1066.073, "Actual Total Time": 1111.974, "Actual Rows": 6, "Actual Loops": 1, "Inner Unique": true, "Plans": [{"Node Type": "Nested Loop", "Parent Relationship": "Outer", "Join Type": "Inner", "Startup Cost": 74297.39, "Total Cost": 76458.37, "Plan Rows": 1, "Plan Width": 45, "Actual Startup Time": 1064.938, "Actual Total Time": 1110.992, "Actual Rows": 171, "Actual Loops": 1, "Inner Unique": false, "Plans": [{"Node Type": "Nested Loop", "Parent Relationship": "Outer", "Join Type": "Inner", "Startup Cost": 74297.39, "Total Cost": 76457.51, "Plan Rows": 1, "Plan Width": 25, "Actual Startup Time": 1064.901, "Actual Total Time": 1110.141, "Actual Rows": 104, "Actual Loops": 1, "Inner Unique": false, "Join Filter": "(t.id = ci.movie_id)", "Rows Removed by Join Filter": 0, "Plans": [{"Node Type": "Nested Loop", "Parent Relationship": "Outer", "Join Type": "Inner", "Startup Cost": 74297.39, "Total Cost": 76401.73, "Plan Rows": 2, "Plan Width": 25, "Actual Startup Time": 1064.854, "Actual Total Time": 1109.603, "Actual Rows": 4, "Actual Loops": 1, "Inner Unique": true, "Plans": [{"Node Type": "Merge Join", "Parent Relationship": "Outer", "Join Type": "Inner", "Startup Cost": 74297.39, "Total Cost": 74339.5, "Plan Rows": 262, "Plan Width": 4, "Actual Startup Time": 1050.528, "Actual Total Time": 1055.491, "Actual Rows": 8495, "Actual Loops": 1, "Inner Unique": false, "Merge Cond": "(cn.id = mc.company_id)", "Plans": [{"Node Type": "Sort", "Parent Relationship": "Outer", "Startup Cost": 6300.31, "Total Cost": 6316.04, "Plan Rows": 6290, "Plan Width": 4, "Actual Startup Time": 82.797, "Actual Total Time": 83.299, "Actual Rows": 2408, "Actual Loops": 1, "Sort Key": ["cn.id"], "Sort Method": "quicksort", "Sort Space Used": 615, "Sort Space Type": "Memory", "Plans": [{"Node Type": "Seq Scan", "Parent Relationship": "Outer", "Relation Name": "company_name", "Alias": "cn", "Startup Cost": 0.0, "Total Cost": 5903.45, "Plan Rows": 6290, "Plan Width": 4, "Actual Startup Time": 0.042, "Actual Total Time": 80.364, "Actual Rows": 6752, "Actual Loops": 1, "Filter": "((country_code)::text = '[jp]'::text)", "Rows Removed by Filter": 228244}]}, {"Node Type": "Sort", "Parent Relationship": "Inner", "Startup Cost": 67996.86, "Total Cost": 68000.99, "Plan Rows": 1652, "Plan Width": 8, "Actual Startup Time": 967.716, "Actual Total Time": 969.382, "Actual Rows": 8569, "Actual Loops": 1, "Sort Key": ["mc.company_id"], "Sort Method": "quicksort", "Sort Space Used": 920, "Sort Space Type": "Memory", "Plans": [{"Node Type": "Seq Scan", "Parent Relationship": "Outer", "Relation Name": "movie_companies", "Alias": "mc", "Startup Cost": 0.0, "Total Cost": 67908.56, "Plan Rows": 1652, "Plan Width": 8, "Actual Startup Time": 0.262, "Actual Total Time": 964.571, "Actual Rows": 8569, "Actual Loops": 1, "Filter": "(((note)::text ~~ '%(Japan)%'::text) AND ((note)::text !~~ '%(USA)%'::text) AND (((note)::text ~~ '%(2006)%'::text) OR ((note)::text ~~ '%(2007)%'::text)))", "Rows Removed by Filter": 2600559}]}]}, {"Node Type": "Index Scan", "Parent Relationship": "Inner", "Scan Direction": "Forward", "Index Name": "title_pkey", "Relation Name": "title", "Alias": "t", "Startup Cost": 0.0, "Total Cost": 7.86, "Plan Rows": 1, "Plan Width": 21, "Actual Startup Time": 49.778, "Actual Total Time": 49.778, "Actual Rows": 4, "Actual Loops": 8495, "Index Cond": "(id = mc.movie_id)", "Rows Removed by Index Recheck": 0, "Filter": "((production_year >= 2006) AND (production_year <= 2007) AND (((title)::text ~~ 'One Piece%'::text) OR ((title)::text ~~ 'Dragon Ball Z%'::text)))", "Rows Removed by Filter": 8491}]}, {"Node Type": "Index Scan", "Parent Relationship": "Inner", "Scan Direction": "Forward", "Index Name": "movie_id_cast_info", "Relation Name": "cast_info", "Alias": "ci", "Startup Cost": 0.0, "Total Cost": 27.88, "Plan Rows": 1, "Plan Width": 12, "Actual Startup Time": 0.136, "Actual Total Time": 0.476, "Actual Rows": 104, "Actual Loops": 4, "Index Cond": "(movie_id = mc.movie_id)", "Rows Removed by Index Recheck": 0, "Filter": "((note)::text = '(voice: English version)'::text)", "Rows Removed by Filter": 68}]}, {"Node Type": "Index Scan", "Parent Relationship": "Inner", "Scan Direction": "Forward", "Index Name": "person_id_aka_name", "Relation Name": "aka_name", "Alias": "an", "Startup Cost": 0.0, "Total Cost": 0.84, "Plan Rows": 1, "Plan Width": 20, "Actual Startup Time": 0.624, "Actual Total Time": 0.748, "Actual Rows": 171, "Actual Loops": 104, "Index Cond": "(person_id = ci.person_id)", "Rows Removed by Index Recheck": 0}]}, {"Node Type": "Index Scan", "Parent Relationship": "Inner", "Scan Direction": "Forward", "Index Name": "name_pkey", "Relation Name": "name", "Alias": "n", "Startup Cost": 0.0, "Total Cost": 0.57, "Plan Rows": 1, "Plan Width": 4, "Actual Startup Time": 0.898, "Actual Total Time": 0.898, "Actual Rows": 6, "Actual Loops": 171, "Index Cond": "(id = an.person_id)", "Rows Removed by Index Recheck": 0, "Filter": "(((name)::text ~~ '%Yo%'::text) AND ((name)::text !~~ '%Yu%'::text))", "Rows Removed by Filter": 165}]}, {"Node Type": "Index Scan", "Parent Relationship": "Inner", "Scan Direction": "Forward", "Index Name": "role_type_pkey", "Relation Name": "role_type", "Alias": "rt", "Startup Cost": 0.0, "Total Cost": 0.27, "Plan Rows": 1, "Plan Width": 4, "Actual Startup Time": 0.026, "Actual Total Time": 0.026, "Actual Rows": 6, "Actual Loops": 6, "Index Cond": "(id = ci.role_id)", "Rows Removed by Index Recheck": 0, "Filter": "((role)::text = 'actress'::text)", "Rows Removed by Filter": 0}]}]}, "Triggers": [], "Planner Runtime": 19.2, "Total Runtime": 1112.571, "Unique SQL Id": 3956435728}}, "(1, '29')": {"explain_plan": {"Plan": {"Node Type": "Aggregate", "Strategy": "Plain", "Startup Cost": 84111.26, "Total Cost": 84111.27, "Plan Rows": 1, "Plan Width": 97, "Plans": [{"Node Type": "Nested Loop", "Parent Relationship": "Outer", "Join Type": "Inner", "Startup Cost": 0.0, "Total Cost": 84111.26, "Plan Rows": 1, "Plan Width": 33, "Inner Unique": true, "Plans": [{"Node Type": "Nested Loop", "Parent Relationship": "Outer", "Join Type": "Inner", "Startup Cost": 0.0, "Total Cost": 84110.97, "Plan Rows": 1, "Plan Width": 37, "Inner Unique": true, "Plans": [{"Node Type": "Nested Loop", "Parent Relationship": "Outer", "Join Type": "Inner", "Startup Cost": 0.0, "Total Cost": 84110.39, "Plan Rows": 1, "Plan Width": 45, "Inner Unique": false, "Plans": [{"Node Type": "Nested Loop", "Parent Relationship": "Outer", "Join Type": "Inner", "Startup Cost": 0.0, "Total Cost": 84109.54, "Plan Rows": 1, "Plan Width": 25, "Inner Unique": false, "Join Filter": "(t.id = ci.movie_id)", "Plans": [{"Node Type": "Nested Loop", "Parent Relationship": "Outer", "Join Type": "Inner", "Startup Cost": 0.0, "Total Cost": 84053.76, "Plan Rows": 2, "Plan Width": 25, "Inner Unique": true, "Plans": [{"Node Type": "Nested Loop", "Parent Relationship": "Outer", "Join Type": "Inner", "Startup Cost": 0.0, "Total Cost": 81991.53, "Plan Rows": 262, "Plan Width": 4, "Inner Unique": false, "Plans": [{"Node Type": "Index Scan", "Parent Relationship": "Outer", "Scan Direction": "Forward", "Index Name": "company_name_pkey", "Relation Name": "company_name", "Alias": "cn", "Startup Cost": 0.0, "Total Cost": 10501.39, "Plan Rows": 6290, "Plan Width": 4, "Filter": "((country_code)::text = '[jp]'::text)"}, {"Node Type": "Index Scan", "Parent Relationship": "Inner", "Scan Direction": "Forward", "Index Name": "company_id_movie_companies", "Relation Name": "movie_companies", "Alias": "mc", "Startup Cost": 0.0, "Total Cost": 11.36, "Plan Rows": 1, "Plan Width": 8, "Index Cond": "(company_id = cn.id)", "Filter": "(((note)::text ~~ '%(Japan)%'::text) AND ((note)::text !~~ '%(USA)%'::text) AND (((note)::text ~~ '%(2006)%'::text) OR ((note)::text ~~ '%(2007)%'::text)))"}]}, {"Node Type": "Index Scan", "Parent Relationship": "Inner", "Scan Direction": "Forward", "Index Name": "title_pkey", "Relation Name": "title", "Alias": "t", "Startup Cost": 0.0, "Total Cost": 7.86, "Plan Rows": 1, "Plan Width": 21, "Index Cond": "(id = mc.movie_id)", "Filter": "((production_year >= 2006) AND (production_year <= 2007) AND (((title)::text ~~ 'One Piece%'::text) OR ((title)::text ~~ 'Dragon Ball Z%'::text)))"}]}, {"Node Type": "Index Scan", "Parent Relationship": "Inner", "Scan Direction": "Forward", "Index Name": "movie_id_cast_info", "Relation Name": "cast_info", "Alias": "ci", "Startup Cost": 0.0, "Total Cost": 27.88, "Plan Rows": 1, "Plan Width": 12, "Index Cond": "(movie_id = mc.movie_id)", "Filter": "((note)::text = '(voice: English version)'::text)"}]}, {"Node Type": "Index Scan", "Parent Relationship": "Inner", "Scan Direction": "Forward", "Index Name": "person_id_aka_name", "Relation Name": "aka_name", "Alias": "an", "Startup Cost": 0.0, "Total Cost": 0.84, "Plan Rows": 1, "Plan Width": 20, "Index Cond": "(person_id = ci.person_id)"}]}, {"Node Type": "Index Scan", "Parent Relationship": "Inner", "Scan Direction": "Forward", "Index Name": "name_pkey", "Relation Name": "name", "Alias": "n", "Startup Cost": 0.0, "Total Cost": 0.57, "Plan Rows": 1, "Plan Width": 4, "Index Cond": "(id = an.person_id)", "Filter": "(((name)::text ~~ '%Yo%'::text) AND ((name)::text !~~ '%Yu%'::text))"}]}, {"Node Type": "Index Scan", "Parent Relationship": "Inner", "Scan Direction": "Forward", "Index Name": "role_type_pkey", "Relation Name": "role_type", "Alias": "rt", "Startup Cost": 0.0, "Total Cost": 0.27, "Plan Rows": 1, "Plan Width": 4, "Index Cond": "(id = ci.role_id)", "Filter": "((role)::text = 'actress'::text)"}]}]}, "Unique SQL Id": 3956435728, "Planner Runtime": 22}, "explain_analyze_plan": {"Plan": {"Node Type": "Aggregate", "Strategy": "Plain", "Startup Cost": 84111.26, "Total Cost": 84111.27, "Plan Rows": 1, "Plan Width": 97, "Actual Startup Time": 581.73, "Actual Total Time": 581.73, "Actual Rows": 1, "Actual Loops": 1, "Plans": [{"Node Type": "Nested Loop", "Parent Relationship": "Outer", "Join Type": "Inner", "Startup Cost": 0.0, "Total Cost": 84111.26, "Plan Rows": 1, "Plan Width": 33, "Actual Startup Time": 54.321, "Actual Total Time": 581.694, "Actual Rows": 6, "Actual Loops": 1, "Inner Unique": true, "Plans": [{"Node Type": "Nested Loop", "Parent Relationship": "Outer", "Join Type": "Inner", "Startup Cost": 0.0, "Total Cost": 84110.97, "Plan Rows": 1, "Plan Width": 37, "Actual Startup Time": 54.312, "Actual Total Time": 581.658, "Actual Rows": 6, "Actual Loops": 1, "Inner Unique": true, "Plans": [{"Node Type": "Nested Loop", "Parent Relationship": "Outer", "Join Type": "Inner", "Startup Cost": 0.0, "Total Cost": 84110.39, "Plan Rows": 1, "Plan Width": 45, "Actual Startup Time": 53.198, "Actual Total Time": 580.628, "Actual Rows": 171, "Actual Loops": 1, "Inner Unique": false, "Plans": [{"Node Type": "Nested Loop", "Parent Relationship": "Outer", "Join Type": "Inner", "Startup Cost": 0.0, "Total Cost": 84109.54, "Plan Rows": 1, "Plan Width": 25, "Actual Startup Time": 53.177, "Actual Total Time": 579.772, "Actual Rows": 104, "Actual Loops": 1, "Inner Unique": false, "Join Filter": "(t.id = ci.movie_id)", "Rows Removed by Join Filter": 0, "Plans": [{"Node Type": "Nested Loop", "Parent Relationship": "Outer", "Join Type": "Inner", "Startup Cost": 0.0, "Total Cost": 84053.76, "Plan Rows": 2, "Plan Width": 25, "Actual Startup Time": 53.042, "Actual Total Time": 579.227, "Actual Rows": 4, "Actual Loops": 1, "Inner Unique": true, "Plans": [{"Node Type": "Nested Loop", "Parent Relationship": "Outer", "Join Type": "Inner", "Startup Cost": 0.0, "Total Cost": 81991.53, "Plan Rows": 262, "Plan Width": 4, "Actual Startup Time": 0.312, "Actual Total Time": 518.839, "Actual Rows": 8495, "Actual Loops": 1, "Inner Unique": false, "Plans": [{"Node Type": "Index Scan", "Parent Relationship": "Outer", "Scan Direction": "Forward", "Index Name": "company_name_pkey", "Relation Name": "company_name", "Alias": "cn", "Startup Cost": 0.0, "Total Cost": 10501.39, "Plan Rows": 6290, "Plan Width": 4, "Actual Startup Time": 0.264, "Actual Total Time": 291.012, "Actual Rows": 6752, "Actual Loops": 1, "Filter": "((country_code)::text = '[jp]'::text)", "Rows Removed by Filter": 228244}, {"Node Type": "Index Scan", "Parent Relationship": "Inner", "Scan Direction": "Forward", "Index Name": "company_id_movie_companies", "Relation Name": "movie_companies", "Alias": "mc", "Startup Cost": 0.0, "Total Cost": 11.36, "Plan Rows": 1, "Plan Width": 8, "Actual Startup Time": 100.149, "Actual Total Time": 221.814, "Actual Rows": 8495, "Actual Loops": 6752, "Index Cond": "(company_id = cn.id)", "Rows Removed by Index Recheck": 0, "Filter": "(((note)::text ~~ '%(Japan)%'::text) AND ((note)::text !~~ '%(USA)%'::text) AND (((note)::text ~~ '%(2006)%'::text) OR ((note)::text ~~ '%(2007)%'::text)))", "Rows Removed by Filter": 96500}]}, {"Node Type": "Index Scan", "Parent Relationship": "Inner", "Scan Direction": "Forward", "Index Name": "title_pkey", "Relation Name": "title", "Alias": "t", "Startup Cost": 0.0, "Total Cost": 7.86, "Plan Rows": 1, "Plan Width": 21, "Actual Startup Time": 55.844, "Actual Total Time": 55.844, "Actual Rows": 4, "Actual Loops": 8495, "Index Cond": "(id = mc.movie_id)", "Rows Removed by Index Recheck": 0, "Filter": "((production_year >= 2006) AND (production_year <= 2007) AND (((title)::text ~~ 'One Piece%'::text) OR ((title)::text ~~ 'Dragon Ball Z%'::text)))", "Rows Removed by Filter": 8491}]}, {"Node Type": "Index Scan", "Parent Relationship": "Inner", "Scan Direction": "Forward", "Index Name": "movie_id_cast_info", "Relation Name": "cast_info", "Alias": "ci", "Startup Cost": 0.0, "Total Cost": 27.88, "Plan Rows": 1, "Plan Width": 12, "Actual Startup Time": 0.155, "Actual Total Time": 0.487, "Actual Rows": 104, "Actual Loops": 4, "Index Cond": "(movie_id = mc.movie_id)", "Rows Removed by Index Recheck": 0, "Filter": "((note)::text = '(voice: English version)'::text)", "Rows Removed by Filter": 68}]}, {"Node Type": "Index Scan", "Parent Relationship": "Inner", "Scan Direction": "Forward", "Index Name": "person_id_aka_name", "Relation Name": "aka_name", "Alias": "an", "Startup Cost": 0.0, "Total Cost": 0.84, "Plan Rows": 1, "Plan Width": 20, "Actual Startup Time": 0.629, "Actual Total Time": 0.74, "Actual Rows": 171, "Actual Loops": 104, "Index Cond": "(person_id = ci.person_id)", "Rows Removed by Index Recheck": 0}]}, {"Node Type": "Index Scan", "Parent Relationship": "Inner", "Scan Direction": "Forward", "Index Name": "name_pkey", "Relation Name": "name", "Alias": "n", "Startup Cost": 0.0, "Total Cost": 0.57, "Plan Rows": 1, "Plan Width": 4, "Actual Startup Time": 0.94, "Actual Total Time": 0.94, "Actual Rows": 6, "Actual Loops": 171, "Index Cond": "(id = an.person_id)", "Rows Removed by Index Recheck": 0, "Filter": "(((name)::text ~~ '%Yo%'::text) AND ((name)::text !~~ '%Yu%'::text))", "Rows Removed by Filter": 165}]}, {"Node Type": "Index Scan", "Parent Relationship": "Inner", "Scan Direction": "Forward", "Index Name": "role_type_pkey", "Relation Name": "role_type", "Alias": "rt", "Startup Cost": 0.0, "Total Cost": 0.27, "Plan Rows": 1, "Plan Width": 4, "Actual Startup Time": 0.022, "Actual Total Time": 0.022, "Actual Rows": 6, "Actual Loops": 6, "Index Cond": "(id = ci.role_id)", "Rows Removed by Index Recheck": 0, "Filter": "((role)::text = 'actress'::text)", "Rows Removed by Filter": 0}]}]}, "Triggers": [], "Planner Runtime": 25.043, "Total Runtime": 582.138, "Unique SQL Id": 3956435728}}, "(1, '30')": {"explain_plan": {"Plan": {"Node Type": "Aggregate", "Strategy": "Plain", "Startup Cost": 999588.78, "Total Cost": 999588.79, "Plan Rows": 1, "Plan Width": 97, "Plans": [{"Node Type": "Nested Loop", "Parent Relationship": "Outer", "Join Type": "Inner", "Startup Cost": 4536.65, "Total Cost": 999588.77, "Plan Rows": 1, "Plan Width": 33, "Inner Unique": true, "Join Filter": "(an.person_id = n.id)", "Plans": [{"Node Type": "Nested Loop", "Parent Relationship": "Outer", "Join Type": "Inner", "Startup Cost": 4536.65, "Total Cost": 885505.85, "Plan Rows": 1, "Plan Width": 41, "Inner Unique": true, "Join Filter": "(mc.company_id = cn.id)", "Plans": [{"Node Type": "Nested Loop", "Parent Relationship": "Outer", "Join Type": "Inner", "Startup Cost": 4536.65, "Total Cost": 879523.77, "Plan Rows": 1, "Plan Width": 45, "Inner Unique": false, "Join Filter": "(ci.person_id = an.person_id)", "Plans": [{"Node Type": "Nested Loop", "Parent Relationship": "Outer", "Join Type": "Inner", "Startup Cost": 4536.65, "Total Cost": 848348.58, "Plan Rows": 1, "Plan Width": 25, "Inner Unique": false, "Join Filter": "(ci.movie_id = t.id)", "Plans": [{"Node Type": "Nested Loop", "Parent Relationship": "Outer", "Join Type": "Inner", "Startup Cost": 4536.65, "Total Cost": 154326.43, "Plan Rows": 2, "Plan Width": 29, "Inner Unique": true, "Join Filter": "(mc.movie_id = t.id)", "Plans": [{"Node Type": "Seq Scan", "Parent Relationship": "Outer", "Relation Name": "movie_companies", "Alias": "mc", "Startup Cost": 0.0, "Total Cost": 67908.56, "Plan Rows": 1652, "Plan Width": 8, "Filter": "(((note)::text ~~ '%(Japan)%'::text) AND ((note)::text !~~ '%(USA)%'::text) AND (((note)::text ~~ '%(2006)%'::text) OR ((note)::text ~~ '%(2007)%'::text)))"}, {"Node Type": "Materialize", "Parent Relationship": "Inner", "Startup Cost": 4536.65, "Total Cost": 85352.43, "Plan Rows": 43, "Plan Width": 21, "Plans": [{"Node Type": "Seq Scan", "Parent Relationship": "Outer", "Relation Name": "title", "Alias": "t", "Startup Cost": 4536.65, "Total Cost": 85352.22, "Plan Rows": 43, "Plan Width": 21, "Filter": "((production_year >= 2006) AND (production_year <= 2007) AND (((title)::text ~~ 'One Piece%'::text) OR ((title)::text ~~ 'Dragon Ball Z%'::text)))"}]}]}, {"Node Type": "Materialize", "Parent Relationship": "Inner", "Startup Cost": 0.0, "Total Cost": 693780.43, "Plan Rows": 8790, "Plan Width": 8, "Plans": [{"Node Type": "Nested Loop", "Parent Relationship": "Outer", "Join Type": "Inner", "Startup Cost": 0.0, "Total Cost": 693736.48, "Plan Rows": 8790, "Plan Width": 8, "Inner Unique": false, "Join Filter": "(ci.role_id = rt.id)", "Plans": [{"Node Type": "Seq Scan", "Parent Relationship": "Outer", "Relation Name": "role_type", "Alias": "rt", "Startup Cost": 0.0, "Total Cost": 1.15, "Plan Rows": 1, "Plan Width": 4, "Filter": "((role)::text = 'actress'::text)"}, {"Node Type": "Seq Scan", "Parent Relationship": "Inner", "Relation Name": "cast_info", "Alias": "ci", "Startup Cost": 0.0, "Total Cost": 692526.68, "Plan Rows": 96692, "Plan Width": 12, "Filter": "((note)::text = '(voice: English version)'::text)"}]}]}]}, {"Node Type": "Seq Scan", "Parent Relationship": "Inner", "Relation Name": "aka_name", "Alias": "an", "Startup Cost": 0.0, "Total Cost": 19908.42, "Plan Rows": 901342, "Plan Width": 20}]}, {"Node Type": "Seq Scan", "Parent Relationship": "Inner", "Relation Name": "company_name", "Alias": "cn", "Startup Cost": 0.0, "Total Cost": 5903.45, "Plan Rows": 6290, "Plan Width": 4, "Filter": "((country_code)::text = '[jp]'::text)"}]}, {"Node Type": "Seq Scan", "Parent Relationship": "Inner", "Relation Name": "name", "Alias": "n", "Startup Cost": 0.0, "Total Cost": 113909.35, "Plan Rows": 13886, "Plan Width": 4, "Filter": "(((name)::text ~~ '%Yo%'::text) AND ((name)::text !~~ '%Yu%'::text))"}]}]}, "Unique SQL Id": 3956435728, "Planner Runtime": 35}, "explain_analyze_plan": null}, "(1, '31')": {"explain_plan": {"Plan": {"Node Type": "Aggregate", "Strategy": "Plain", "Startup Cost": 6721937474272.79, "Total Cost": 6721937474272.8, "Plan Rows": 1, "Plan Width": 97, "Plans": [{"Node Type": "Nested Loop", "Parent Relationship": "Outer", "Join Type": "Inner", "Startup Cost": 70051235465.84, "Total Cost": 6721937474272.78, "Plan Rows": 1, "Plan Width": 33, "Inner Unique": true, "Join Filter": "(ci.role_id = rt.id)", "Plans": [{"Node Type": "Nested Loop", "Parent Relationship": "Outer", "Join Type": "Inner", "Startup Cost": 60051235465.84, "Total Cost": 5721937473026.77, "Plan Rows": 1, "Plan Width": 37, "Inner Unique": true, "Plans": [{"Node Type": "Nested Loop", "Parent Relationship": "Outer", "Join Type": "Inner", "Startup Cost": 50051235465.84, "Total Cost": 4721937472589.34, "Plan Rows": 1, "Plan Width": 41, "Inner Unique": false, "Join Filter": "(t.id = ci.movie_id)", "Plans": [{"Node Type": "Nested Loop", "Parent Relationship": "Outer", "Join Type": "Inner", "Startup Cost": 20000000000.0, "Total Cost": 2000028517903.54, "Plan Rows": 2, "Plan Width": 29, "Inner Unique": true, "Join Filter": "(mc.movie_id = t.id)", "Plans": [{"Node Type": "Index Scan", "Parent Relationship": "Outer", "Scan Direction": "Forward", "Index Name": "company_id_movie_companies", "Relation Name": "movie_companies", "Alias": "mc", "Startup Cost": 10000000000.0, "Total Cost": 1000014976477.98, "Plan Rows": 1652, "Plan Width": 8, "Filter": "(((note)::text ~~ '%(Japan)%'::text) AND ((note)::text !~~ '%(USA)%'::text) AND (((note)::text ~~ '%(2006)%'::text) OR ((note)::text ~~ '%(2007)%'::text)))"}, {"Node Type": "Materialize", "Parent Relationship": "Inner", "Startup Cost": 10000000000.0, "Total Cost": 1000013540360.13, "Plan Rows": 43, "Plan Width": 21, "Plans": [{"Node Type": "Index Scan", "Parent Relationship": "Outer", "Scan Direction": "Forward", "Index Name": "title_pkey", "Relation Name": "title", "Alias": "t", "Startup Cost": 10000000000.0, "Total Cost": 1000013540359.91, "Plan Rows": 43, "Plan Width": 21, "Filter": "((production_year >= 2006) AND (production_year <= 2007) AND (((title)::text ~~ 'One Piece%'::text) OR ((title)::text ~~ 'Dragon Ball Z%'::text)))"}]}]}, {"Node Type": "Materialize", "Parent Relationship": "Inner", "Startup Cost": 30051235465.84, "Total Cost": 2721908954213.87, "Plan Rows": 17161, "Plan Width": 24, "Plans": [{"Node Type": "Merge Join", "Parent Relationship": "Outer", "Join Type": "Inner", "Startup Cost": 30051235465.84, "Total Cost": 2721908954128.06, "Plan Rows": 17161, "Plan Width": 24, "Inner Unique": false, "Merge Cond": "(an.person_id = ci.person_id)", "Plans": [{"Node Type": "Merge Join", "Parent Relationship": "Outer", "Join Type": "Inner", "Startup Cost": 20030754356.47, "Total Cost": 2000026606025.89, "Plan Rows": 16627, "Plan Width": 24, "Inner Unique": true, "Merge Cond": "(an.person_id = n.id)", "Plans": [{"Node Type": "Index Scan", "Parent Relationship": "Outer", "Scan Direction": "Forward", "Index Name": "person_id_aka_name", "Relation Name": "aka_name", "Alias": "an", "Startup Cost": 10000000000.0, "Total Cost": 1000006896503.43, "Plan Rows": 901342, "Plan Width": 20}, {"Node Type": "Materialize", "Parent Relationship": "Inner", "Startup Cost": 10000000000.0, "Total Cost": 1000019707054.42, "Plan Rows": 13886, "Plan Width": 4, "Plans": [{"Node Type": "Index Scan", "Parent Relationship": "Outer", "Scan Direction": "Forward", "Index Name": "name_pkey", "Relation Name": "name", "Alias": "n", "Startup Cost": 10000000000.0, "Total Cost": 1000019707019.7, "Plan Rows": 13886, "Plan Width": 4, "Filter": "(((name)::text ~~ '%Yo%'::text) AND ((name)::text !~~ '%Yu%'::text))"}]}]}, {"Node Type": "Index Scan", "Parent Relationship": "Inner", "Scan Direction": "Forward", "Index Name": "person_id_cast_info", "Relation Name": "cast_info", "Alias": "ci", "Startup Cost": 10000000000.0, "Total Cost": 1000179713706.71, "Plan Rows": 96692, "Plan Width": 12, "Filter": "((note)::text = '(voice: English version)'::text)"}]}]}]}, {"Node Type": "Index Scan", "Parent Relationship": "Inner", "Scan Direction": "Forward", "Index Name": "company_name_pkey", "Relation Name": "company_name", "Alias": "cn", "Startup Cost": 10000000000.0, "Total Cost": 1000000000437.42, "Plan Rows": 1, "Plan Width": 4, "Index Cond": "(id = mc.company_id)", "Filter": "((country_code)::text = '[jp]'::text)"}]}, {"Node Type": "Index Scan", "Parent Relationship": "Inner", "Scan Direction": "Forward", "Index Name": "role_type_pkey", "Relation Name": "role_type", "Alias": "rt", "Startup Cost": 10000000000.0, "Total Cost": 1000000001246.0, "Plan Rows": 1, "Plan Width": 4, "Filter": "((role)::text = 'actress'::text)"}]}]}, "Unique SQL Id": 3956435728, "Planner Runtime": 68}, "explain_analyze_plan": null}, "(1, '32')": {"explain_plan": {"Plan": {"Node Type": "Aggregate", "Strategy": "Plain", "Startup Cost": 76019.18, "Total Cost": 76019.19, "Plan Rows": 1, "Plan Width": 97, "Plans": [{"Node Type": "Nested Loop", "Parent Relationship": "Outer", "Join Type": "Inner", "Startup Cost": 5982.08, "Total Cost": 76019.18, "Plan Rows": 1, "Plan Width": 33, "Inner Unique": true, "Plans": [{"Node Type": "Nested Loop", "Parent Relationship": "Outer", "Join Type": "Inner", "Startup Cost": 5982.08, "Total Cost": 76018.9, "Plan Rows": 1, "Plan Width": 37, "Inner Unique": true, "Plans": [{"Node Type": "Nested Loop", "Parent Relationship": "Outer", "Join Type": "Inner", "Startup Cost": 5982.08, "Total Cost": 76018.31, "Plan Rows": 1, "Plan Width": 45, "Inner Unique": false, "Plans": [{"Node Type": "Nested Loop", "Parent Relationship": "Outer", "Join Type": "Inner", "Startup Cost": 5982.08, "Total Cost": 76017.46, "Plan Rows": 1, "Plan Width": 25, "Inner Unique": false, "Join Filter": "(t.id = ci.movie_id)", "Plans": [{"Node Type": "Nested Loop", "Parent Relationship": "Outer", "Join Type": "Inner", "Startup Cost": 5982.08, "Total Cost": 75961.68, "Plan Rows": 2, "Plan Width": 25, "Inner Unique": true, "Plans": [{"Node Type": "Hash Join", "Parent Relationship": "Outer", "Join Type": "Inner", "Startup Cost": 5982.08, "Total Cost": 73899.45, "Plan Rows": 262, "Plan Width": 4, "Inner Unique": true, "Hash Cond": "(mc.company_id = cn.id)", "Plans": [{"Node Type": "Seq Scan", "Parent Relationship": "Outer", "Relation Name": "movie_companies", "Alias": "mc", "Startup Cost": 0.0, "Total Cost": 67908.56, "Plan Rows": 1652, "Plan Width": 8, "Filter": "(((note)::text ~~ '%(Japan)%'::text) AND ((note)::text !~~ '%(USA)%'::text) AND (((note)::text ~~ '%(2006)%'::text) OR ((note)::text ~~ '%(2007)%'::text)))"}, {"Node Type": "Hash", "Parent Relationship": "Inner", "Startup Cost": 5903.45, "Total Cost": 5903.45, "Plan Rows": 6290, "Plan Width": 4, "Plans": [{"Node Type": "Seq Scan", "Parent Relationship": "Outer", "Relation Name": "company_name", "Alias": "cn", "Startup Cost": 0.0, "Total Cost": 5903.45, "Plan Rows": 6290, "Plan Width": 4, "Filter": "((country_code)::text = '[jp]'::text)"}]}]}, {"Node Type": "Index Scan", "Parent Relationship": "Inner", "Scan Direction": "Forward", "Index Name": "title_pkey", "Relation Name": "title", "Alias": "t", "Startup Cost": 0.0, "Total Cost": 7.86, "Plan Rows": 1, "Plan Width": 21, "Index Cond": "(id = mc.movie_id)", "Filter": "((production_year >= 2006) AND (production_year <= 2007) AND (((title)::text ~~ 'One Piece%'::text) OR ((title)::text ~~ 'Dragon Ball Z%'::text)))"}]}, {"Node Type": "Index Scan", "Parent Relationship": "Inner", "Scan Direction": "Forward", "Index Name": "movie_id_cast_info", "Relation Name": "cast_info", "Alias": "ci", "Startup Cost": 0.0, "Total Cost": 27.88, "Plan Rows": 1, "Plan Width": 12, "Index Cond": "(movie_id = mc.movie_id)", "Filter": "((note)::text = '(voice: English version)'::text)"}]}, {"Node Type": "Index Scan", "Parent Relationship": "Inner", "Scan Direction": "Forward", "Index Name": "person_id_aka_name", "Relation Name": "aka_name", "Alias": "an", "Startup Cost": 0.0, "Total Cost": 0.84, "Plan Rows": 1, "Plan Width": 20, "Index Cond": "(person_id = ci.person_id)"}]}, {"Node Type": "Index Scan", "Parent Relationship": "Inner", "Scan Direction": "Forward", "Index Name": "name_pkey", "Relation Name": "name", "Alias": "n", "Startup Cost": 0.0, "Total Cost": 0.57, "Plan Rows": 1, "Plan Width": 4, "Index Cond": "(id = an.person_id)", "Filter": "(((name)::text ~~ '%Yo%'::text) AND ((name)::text !~~ '%Yu%'::text))"}]}, {"Node Type": "Index Scan", "Parent Relationship": "Inner", "Scan Direction": "Forward", "Index Name": "role_type_pkey", "Relation Name": "role_type", "Alias": "rt", "Startup Cost": 0.0, "Total Cost": 0.27, "Plan Rows": 1, "Plan Width": 4, "Index Cond": "(id = ci.role_id)", "Filter": "((role)::text = 'actress'::text)"}]}]}, "Unique SQL Id": 3956435728, "Planner Runtime": 8}, "explain_analyze_plan": {"Plan": {"Node Type": "Aggregate", "Strategy": "Plain", "Startup Cost": 76019.18, "Total Cost": 76019.19, "Plan Rows": 1, "Plan Width": 97, "Actual Startup Time": 1150.019, "Actual Total Time": 1150.02, "Actual Rows": 1, "Actual Loops": 1, "Plans": [{"Node Type": "Nested Loop", "Parent Relationship": "Outer", "Join Type": "Inner", "Startup Cost": 5982.08, "Total Cost": 76019.18, "Plan Rows": 1, "Plan Width": 33, "Actual Startup Time": 445.745, "Actual Total Time": 1149.979, "Actual Rows": 6, "Actual Loops": 1, "Inner Unique": true, "Plans": [{"Node Type": "Nested Loop", "Parent Relationship": "Outer", "Join Type": "Inner", "Startup Cost": 5982.08, "Total Cost": 76018.9, "Plan Rows": 1, "Plan Width": 37, "Actual Startup Time": 445.724, "Actual Total Time": 1149.932, "Actual Rows": 6, "Actual Loops": 1, "Inner Unique": true, "Plans": [{"Node Type": "Nested Loop", "Parent Relationship": "Outer", "Join Type": "Inner", "Startup Cost": 5982.08, "Total Cost": 76018.31, "Plan Rows": 1, "Plan Width": 45, "Actual Startup Time": 445.108, "Actual Total Time": 1148.889, "Actual Rows": 171, "Actual Loops": 1, "Inner Unique": false, "Plans": [{"Node Type": "Nested Loop", "Parent Relationship": "Outer", "Join Type": "Inner", "Startup Cost": 5982.08, "Total Cost": 76017.46, "Plan Rows": 1, "Plan Width": 25, "Actual Startup Time": 445.082, "Actual Total Time": 1148.012, "Actual Rows": 104, "Actual Loops": 1, "Inner Unique": false, "Join Filter": "(t.id = ci.movie_id)", "Rows Removed by Join Filter": 0, "Plans": [{"Node Type": "Nested Loop", "Parent Relationship": "Outer", "Join Type": "Inner", "Startup Cost": 5982.08, "Total Cost": 75961.68, "Plan Rows": 2, "Plan Width": 25, "Actual Startup Time": 445.02, "Actual Total Time": 1147.431, "Actual Rows": 4, "Actual Loops": 1, "Inner Unique": true, "Plans": [{"Node Type": "Hash Join", "Parent Relationship": "Outer", "Join Type": "Inner", "Startup Cost": 5982.08, "Total Cost": 73899.45, "Plan Rows": 262, "Plan Width": 4, "Actual Startup Time": 89.577, "Actual Total Time": 1092.318, "Actual Rows": 8495, "Actual Loops": 1, "Inner Unique": true, "Hash Cond": "(mc.company_id = cn.id)", "Plans": [{"Node Type": "Seq Scan", "Parent Relationship": "Outer", "Relation Name": "movie_companies", "Alias": "mc", "Startup Cost": 0.0, "Total Cost": 67908.56, "Plan Rows": 1652, "Plan Width": 8, "Actual Startup Time": 0.283, "Actual Total Time": 997.739, "Actual Rows": 8569, "Actual Loops": 1, "Filter": "(((note)::text ~~ '%(Japan)%'::text) AND ((note)::text !~~ '%(USA)%'::text) AND (((note)::text ~~ '%(2006)%'::text) OR ((note)::text ~~ '%(2007)%'::text)))", "Rows Removed by Filter": 2600559}, {"Node Type": "Hash", "Parent Relationship": "Inner", "Startup Cost": 5903.45, "Total Cost": 5903.45, "Plan Rows": 6290, "Plan Width": 4, "Actual Startup Time": 89.227, "Actual Total Time": 89.227, "Actual Rows": 6752, "Actual Loops": 1, "Hash Buckets": 32768, "Hash Batches": 1, "Original Hash Batches": 1, "Peak Memory Usage": 238, "Plans": [{"Node Type": "Seq Scan", "Parent Relationship": "Outer", "Relation Name": "company_name", "Alias": "cn", "Startup Cost": 0.0, "Total Cost": 5903.45, "Plan Rows": 6290, "Plan Width": 4, "Actual Startup Time": 0.03, "Actual Total Time": 86.954, "Actual Rows": 6752, "Actual Loops": 1, "Filter": "((country_code)::text = '[jp]'::text)", "Rows Removed by Filter": 228244}]}]}, {"Node Type": "Index Scan", "Parent Relationship": "Inner", "Scan Direction": "Forward", "Index Name": "title_pkey", "Relation Name": "title", "Alias": "t", "Startup Cost": 0.0, "Total Cost": 7.86, "Plan Rows": 1, "Plan Width": 21, "Actual Startup Time": 50.564, "Actual Total Time": 50.564, "Actual Rows": 4, "Actual Loops": 8495, "Index Cond": "(id = mc.movie_id)", "Rows Removed by Index Recheck": 0, "Filter": "((production_year >= 2006) AND (production_year <= 2007) AND (((title)::text ~~ 'One Piece%'::text) OR ((title)::text ~~ 'Dragon Ball Z%'::text)))", "Rows Removed by Filter": 8491}]}, {"Node Type": "Index Scan", "Parent Relationship": "Inner", "Scan Direction": "Forward", "Index Name": "movie_id_cast_info", "Relation Name": "cast_info", "Alias": "ci", "Startup Cost": 0.0, "Total Cost": 27.88, "Plan Rows": 1, "Plan Width": 12, "Actual Startup Time": 0.171, "Actual Total Time": 0.512, "Actual Rows": 104, "Actual Loops": 4, "Index Cond": "(movie_id = mc.movie_id)", "Rows Removed by Index Recheck": 0, "Filter": "((note)::text = '(voice: English version)'::text)", "Rows Removed by Filter": 68}]}, {"Node Type": "Index Scan", "Parent Relationship": "Inner", "Scan Direction": "Forward", "Index Name": "person_id_aka_name", "Relation Name": "aka_name", "Alias": "an", "Startup Cost": 0.0, "Total Cost": 0.84, "Plan Rows": 1, "Plan Width": 20, "Actual Startup Time": 0.648, "Actual Total Time": 0.763, "Actual Rows": 171, "Actual Loops": 104, "Index Cond": "(person_id = ci.person_id)", "Rows Removed by Index Recheck": 0}]}, {"Node Type": "Index Scan", "Parent Relationship": "Inner", "Scan Direction": "Forward", "Index Name": "name_pkey", "Relation Name": "name", "Alias": "n", "Startup Cost": 0.0, "Total Cost": 0.57, "Plan Rows": 1, "Plan Width": 4, "Actual Startup Time": 0.944, "Actual Total Time": 0.944, "Actual Rows": 6, "Actual Loops": 171, "Index Cond": "(id = an.person_id)", "Rows Removed by Index Recheck": 0, "Filter": "(((name)::text ~~ '%Yo%'::text) AND ((name)::text !~~ '%Yu%'::text))", "Rows Removed by Filter": 165}]}, {"Node Type": "Index Scan", "Parent Relationship": "Inner", "Scan Direction": "Forward", "Index Name": "role_type_pkey", "Relation Name": "role_type", "Alias": "rt", "Startup Cost": 0.0, "Total Cost": 0.27, "Plan Rows": 1, "Plan Width": 4, "Actual Startup Time": 0.031, "Actual Total Time": 0.031, "Actual Rows": 6, "Actual Loops": 6, "Index Cond": "(id = ci.role_id)", "Rows Removed by Index Recheck": 0, "Filter": "((role)::text = 'actress'::text)", "Rows Removed by Filter": 0}]}]}, "Triggers": [], "Planner Runtime": 21.278, "Total Runtime": 1150.324, "Unique SQL Id": 3956435728}}, "(1, '33')": {"explain_plan": {"Plan": {"Node Type": "Aggregate", "Strategy": "Plain", "Startup Cost": 84111.26, "Total Cost": 84111.27, "Plan Rows": 1, "Plan Width": 97, "Plans": [{"Node Type": "Nested Loop", "Parent Relationship": "Outer", "Join Type": "Inner", "Startup Cost": 0.0, "Total Cost": 84111.26, "Plan Rows": 1, "Plan Width": 33, "Inner Unique": true, "Plans": [{"Node Type": "Nested Loop", "Parent Relationship": "Outer", "Join Type": "Inner", "Startup Cost": 0.0, "Total Cost": 84110.97, "Plan Rows": 1, "Plan Width": 37, "Inner Unique": true, "Plans": [{"Node Type": "Nested Loop", "Parent Relationship": "Outer", "Join Type": "Inner", "Startup Cost": 0.0, "Total Cost": 84110.39, "Plan Rows": 1, "Plan Width": 45, "Inner Unique": false, "Plans": [{"Node Type": "Nested Loop", "Parent Relationship": "Outer", "Join Type": "Inner", "Startup Cost": 0.0, "Total Cost": 84109.54, "Plan Rows": 1, "Plan Width": 25, "Inner Unique": false, "Join Filter": "(t.id = ci.movie_id)", "Plans": [{"Node Type": "Nested Loop", "Parent Relationship": "Outer", "Join Type": "Inner", "Startup Cost": 0.0, "Total Cost": 84053.76, "Plan Rows": 2, "Plan Width": 25, "Inner Unique": true, "Plans": [{"Node Type": "Nested Loop", "Parent Relationship": "Outer", "Join Type": "Inner", "Startup Cost": 0.0, "Total Cost": 81991.53, "Plan Rows": 262, "Plan Width": 4, "Inner Unique": false, "Plans": [{"Node Type": "Index Scan", "Parent Relationship": "Outer", "Scan Direction": "Forward", "Index Name": "company_name_pkey", "Relation Name": "company_name", "Alias": "cn", "Startup Cost": 0.0, "Total Cost": 10501.39, "Plan Rows": 6290, "Plan Width": 4, "Filter": "((country_code)::text = '[jp]'::text)"}, {"Node Type": "Index Scan", "Parent Relationship": "Inner", "Scan Direction": "Forward", "Index Name": "company_id_movie_companies", "Relation Name": "movie_companies", "Alias": "mc", "Startup Cost": 0.0, "Total Cost": 11.36, "Plan Rows": 1, "Plan Width": 8, "Index Cond": "(company_id = cn.id)", "Filter": "(((note)::text ~~ '%(Japan)%'::text) AND ((note)::text !~~ '%(USA)%'::text) AND (((note)::text ~~ '%(2006)%'::text) OR ((note)::text ~~ '%(2007)%'::text)))"}]}, {"Node Type": "Index Scan", "Parent Relationship": "Inner", "Scan Direction": "Forward", "Index Name": "title_pkey", "Relation Name": "title", "Alias": "t", "Startup Cost": 0.0, "Total Cost": 7.86, "Plan Rows": 1, "Plan Width": 21, "Index Cond": "(id = mc.movie_id)", "Filter": "((production_year >= 2006) AND (production_year <= 2007) AND (((title)::text ~~ 'One Piece%'::text) OR ((title)::text ~~ 'Dragon Ball Z%'::text)))"}]}, {"Node Type": "Index Scan", "Parent Relationship": "Inner", "Scan Direction": "Forward", "Index Name": "movie_id_cast_info", "Relation Name": "cast_info", "Alias": "ci", "Startup Cost": 0.0, "Total Cost": 27.88, "Plan Rows": 1, "Plan Width": 12, "Index Cond": "(movie_id = mc.movie_id)", "Filter": "((note)::text = '(voice: English version)'::text)"}]}, {"Node Type": "Index Scan", "Parent Relationship": "Inner", "Scan Direction": "Forward", "Index Name": "person_id_aka_name", "Relation Name": "aka_name", "Alias": "an", "Startup Cost": 0.0, "Total Cost": 0.84, "Plan Rows": 1, "Plan Width": 20, "Index Cond": "(person_id = ci.person_id)"}]}, {"Node Type": "Index Scan", "Parent Relationship": "Inner", "Scan Direction": "Forward", "Index Name": "name_pkey", "Relation Name": "name", "Alias": "n", "Startup Cost": 0.0, "Total Cost": 0.57, "Plan Rows": 1, "Plan Width": 4, "Index Cond": "(id = an.person_id)", "Filter": "(((name)::text ~~ '%Yo%'::text) AND ((name)::text !~~ '%Yu%'::text))"}]}, {"Node Type": "Index Scan", "Parent Relationship": "Inner", "Scan Direction": "Forward", "Index Name": "role_type_pkey", "Relation Name": "role_type", "Alias": "rt", "Startup Cost": 0.0, "Total Cost": 0.27, "Plan Rows": 1, "Plan Width": 4, "Index Cond": "(id = ci.role_id)", "Filter": "((role)::text = 'actress'::text)"}]}]}, "Unique SQL Id": 3956435728, "Planner Runtime": 7}, "explain_analyze_plan": {"Plan": {"Node Type": "Aggregate", "Strategy": "Plain", "Startup Cost": 84111.26, "Total Cost": 84111.27, "Plan Rows": 1, "Plan Width": 97, "Actual Startup Time": 581.73, "Actual Total Time": 581.73, "Actual Rows": 1, "Actual Loops": 1, "Plans": [{"Node Type": "Nested Loop", "Parent Relationship": "Outer", "Join Type": "Inner", "Startup Cost": 0.0, "Total Cost": 84111.26, "Plan Rows": 1, "Plan Width": 33, "Actual Startup Time": 54.321, "Actual Total Time": 581.694, "Actual Rows": 6, "Actual Loops": 1, "Inner Unique": true, "Plans": [{"Node Type": "Nested Loop", "Parent Relationship": "Outer", "Join Type": "Inner", "Startup Cost": 0.0, "Total Cost": 84110.97, "Plan Rows": 1, "Plan Width": 37, "Actual Startup Time": 54.312, "Actual Total Time": 581.658, "Actual Rows": 6, "Actual Loops": 1, "Inner Unique": true, "Plans": [{"Node Type": "Nested Loop", "Parent Relationship": "Outer", "Join Type": "Inner", "Startup Cost": 0.0, "Total Cost": 84110.39, "Plan Rows": 1, "Plan Width": 45, "Actual Startup Time": 53.198, "Actual Total Time": 580.628, "Actual Rows": 171, "Actual Loops": 1, "Inner Unique": false, "Plans": [{"Node Type": "Nested Loop", "Parent Relationship": "Outer", "Join Type": "Inner", "Startup Cost": 0.0, "Total Cost": 84109.54, "Plan Rows": 1, "Plan Width": 25, "Actual Startup Time": 53.177, "Actual Total Time": 579.772, "Actual Rows": 104, "Actual Loops": 1, "Inner Unique": false, "Join Filter": "(t.id = ci.movie_id)", "Rows Removed by Join Filter": 0, "Plans": [{"Node Type": "Nested Loop", "Parent Relationship": "Outer", "Join Type": "Inner", "Startup Cost": 0.0, "Total Cost": 84053.76, "Plan Rows": 2, "Plan Width": 25, "Actual Startup Time": 53.042, "Actual Total Time": 579.227, "Actual Rows": 4, "Actual Loops": 1, "Inner Unique": true, "Plans": [{"Node Type": "Nested Loop", "Parent Relationship": "Outer", "Join Type": "Inner", "Startup Cost": 0.0, "Total Cost": 81991.53, "Plan Rows": 262, "Plan Width": 4, "Actual Startup Time": 0.312, "Actual Total Time": 518.839, "Actual Rows": 8495, "Actual Loops": 1, "Inner Unique": false, "Plans": [{"Node Type": "Index Scan", "Parent Relationship": "Outer", "Scan Direction": "Forward", "Index Name": "company_name_pkey", "Relation Name": "company_name", "Alias": "cn", "Startup Cost": 0.0, "Total Cost": 10501.39, "Plan Rows": 6290, "Plan Width": 4, "Actual Startup Time": 0.264, "Actual Total Time": 291.012, "Actual Rows": 6752, "Actual Loops": 1, "Filter": "((country_code)::text = '[jp]'::text)", "Rows Removed by Filter": 228244}, {"Node Type": "Index Scan", "Parent Relationship": "Inner", "Scan Direction": "Forward", "Index Name": "company_id_movie_companies", "Relation Name": "movie_companies", "Alias": "mc", "Startup Cost": 0.0, "Total Cost": 11.36, "Plan Rows": 1, "Plan Width": 8, "Actual Startup Time": 100.149, "Actual Total Time": 221.814, "Actual Rows": 8495, "Actual Loops": 6752, "Index Cond": "(company_id = cn.id)", "Rows Removed by Index Recheck": 0, "Filter": "(((note)::text ~~ '%(Japan)%'::text) AND ((note)::text !~~ '%(USA)%'::text) AND (((note)::text ~~ '%(2006)%'::text) OR ((note)::text ~~ '%(2007)%'::text)))", "Rows Removed by Filter": 96500}]}, {"Node Type": "Index Scan", "Parent Relationship": "Inner", "Scan Direction": "Forward", "Index Name": "title_pkey", "Relation Name": "title", "Alias": "t", "Startup Cost": 0.0, "Total Cost": 7.86, "Plan Rows": 1, "Plan Width": 21, "Actual Startup Time": 55.844, "Actual Total Time": 55.844, "Actual Rows": 4, "Actual Loops": 8495, "Index Cond": "(id = mc.movie_id)", "Rows Removed by Index Recheck": 0, "Filter": "((production_year >= 2006) AND (production_year <= 2007) AND (((title)::text ~~ 'One Piece%'::text) OR ((title)::text ~~ 'Dragon Ball Z%'::text)))", "Rows Removed by Filter": 8491}]}, {"Node Type": "Index Scan", "Parent Relationship": "Inner", "Scan Direction": "Forward", "Index Name": "movie_id_cast_info", "Relation Name": "cast_info", "Alias": "ci", "Startup Cost": 0.0, "Total Cost": 27.88, "Plan Rows": 1, "Plan Width": 12, "Actual Startup Time": 0.155, "Actual Total Time": 0.487, "Actual Rows": 104, "Actual Loops": 4, "Index Cond": "(movie_id = mc.movie_id)", "Rows Removed by Index Recheck": 0, "Filter": "((note)::text = '(voice: English version)'::text)", "Rows Removed by Filter": 68}]}, {"Node Type": "Index Scan", "Parent Relationship": "Inner", "Scan Direction": "Forward", "Index Name": "person_id_aka_name", "Relation Name": "aka_name", "Alias": "an", "Startup Cost": 0.0, "Total Cost": 0.84, "Plan Rows": 1, "Plan Width": 20, "Actual Startup Time": 0.629, "Actual Total Time": 0.74, "Actual Rows": 171, "Actual Loops": 104, "Index Cond": "(person_id = ci.person_id)", "Rows Removed by Index Recheck": 0}]}, {"Node Type": "Index Scan", "Parent Relationship": "Inner", "Scan Direction": "Forward", "Index Name": "name_pkey", "Relation Name": "name", "Alias": "n", "Startup Cost": 0.0, "Total Cost": 0.57, "Plan Rows": 1, "Plan Width": 4, "Actual Startup Time": 0.94, "Actual Total Time": 0.94, "Actual Rows": 6, "Actual Loops": 171, "Index Cond": "(id = an.person_id)", "Rows Removed by Index Recheck": 0, "Filter": "(((name)::text ~~ '%Yo%'::text) AND ((name)::text !~~ '%Yu%'::text))", "Rows Removed by Filter": 165}]}, {"Node Type": "Index Scan", "Parent Relationship": "Inner", "Scan Direction": "Forward", "Index Name": "role_type_pkey", "Relation Name": "role_type", "Alias": "rt", "Startup Cost": 0.0, "Total Cost": 0.27, "Plan Rows": 1, "Plan Width": 4, "Actual Startup Time": 0.022, "Actual Total Time": 0.022, "Actual Rows": 6, "Actual Loops": 6, "Index Cond": "(id = ci.role_id)", "Rows Removed by Index Recheck": 0, "Filter": "((role)::text = 'actress'::text)", "Rows Removed by Filter": 0}]}]}, "Triggers": [], "Planner Runtime": 25.043, "Total Runtime": 582.138, "Unique SQL Id": 3956435728}}, "(1, '34')": {"explain_plan": {"Plan": {"Node Type": "Aggregate", "Strategy": "Plain", "Startup Cost": 76052.35, "Total Cost": 76052.36, "Plan Rows": 1, "Plan Width": 97, "Plans": [{"Node Type": "Nested Loop", "Parent Relationship": "Outer", "Join Type": "Inner", "Startup Cost": 5990.99, "Total Cost": 76052.35, "Plan Rows": 1, "Plan Width": 33, "Inner Unique": true, "Join Filter": "(ci.role_id = rt.id)", "Plans": [{"Node Type": "Nested Loop", "Parent Relationship": "Outer", "Join Type": "Inner", "Startup Cost": 5990.99, "Total Cost": 76051.18, "Plan Rows": 1, "Plan Width": 37, "Inner Unique": true, "Plans": [{"Node Type": "Nested Loop", "Parent Relationship": "Outer", "Join Type": "Inner", "Startup Cost": 5990.66, "Total Cost": 76046.83, "Plan Rows": 1, "Plan Width": 45, "Inner Unique": false, "Plans": [{"Node Type": "Nested Loop", "Parent Relationship": "Outer", "Join Type": "Inner", "Startup Cost": 5990.28, "Total Cost": 76042.43, "Plan Rows": 1, "Plan Width": 25, "Inner Unique": false, "Join Filter": "(t.id = ci.movie_id)", "Plans": [{"Node Type": "Nested Loop", "Parent Relationship": "Outer", "Join Type": "Inner", "Startup Cost": 5986.01, "Total Cost": 75985.85, "Plan Rows": 2, "Plan Width": 25, "Inner Unique": true, "Plans": [{"Node Type": "Hash Join", "Parent Relationship": "Outer", "Join Type": "Inner", "Startup Cost": 5982.08, "Total Cost": 73899.45, "Plan Rows": 262, "Plan Width": 4, "Inner Unique": true, "Hash Cond": "(mc.company_id = cn.id)", "Plans": [{"Node Type": "Seq Scan", "Parent Relationship": "Outer", "Relation Name": "movie_companies", "Alias": "mc", "Startup Cost": 0.0, "Total Cost": 67908.56, "Plan Rows": 1652, "Plan Width": 8, "Filter": "(((note)::text ~~ '%(Japan)%'::text) AND ((note)::text !~~ '%(USA)%'::text) AND (((note)::text ~~ '%(2006)%'::text) OR ((note)::text ~~ '%(2007)%'::text)))"}, {"Node Type": "Hash", "Parent Relationship": "Inner", "Startup Cost": 5903.45, "Total Cost": 5903.45, "Plan Rows": 6290, "Plan Width": 4, "Plans": [{"Node Type": "Seq Scan", "Parent Relationship": "Outer", "Relation Name": "company_name", "Alias": "cn", "Startup Cost": 0.0, "Total Cost": 5903.45, "Plan Rows": 6290, "Plan Width": 4, "Filter": "((country_code)::text = '[jp]'::text)"}]}]}, {"Node Type": "Bitmap Heap Scan", "Parent Relationship": "Inner", "Relation Name": "title", "Alias": "t", "Startup Cost": 3.93, "Total Cost": 7.95, "Plan Rows": 1, "Plan Width": 21, "Recheck Cond": "(id = mc.movie_id)", "Filter": "((production_year >= 2006) AND (production_year <= 2007) AND (((title)::text ~~ 'One Piece%'::text) OR ((title)::text ~~ 'Dragon Ball Z%'::text)))", "Plans": [{"Node Type": "Bitmap Index Scan", "Parent Relationship": "Outer", "Index Name": "title_pkey", "Startup Cost": 0.0, "Total Cost": 3.93, "Plan Rows": 1, "Plan Width": 0, "Index Cond": "(id = mc.movie_id)"}]}]}, {"Node Type": "Bitmap Heap Scan", "Parent Relationship": "Inner", "Relation Name": "cast_info", "Alias": "ci", "Startup Cost": 4.27, "Total Cost": 28.27, "Plan Rows": 1, "Plan Width": 12, "Recheck Cond": "(movie_id = mc.movie_id)", "Filter": "((note)::text = '(voice: English version)'::text)", "Plans": [{"Node Type": "Bitmap Index Scan", "Parent Relationship": "Outer", "Index Name": "movie_id_cast_info", "Startup Cost": 0.0, "Total Cost": 4.27, "Plan Rows": 6, "Plan Width": 0, "Index Cond": "(movie_id = mc.movie_id)"}]}]}, {"Node Type": "Bitmap Heap Scan", "Parent Relationship": "Inner", "Relation Name": "aka_name", "Alias": "an", "Startup Cost": 0.38, "Total Cost": 4.39, "Plan Rows": 1, "Plan Width": 20, "Recheck Cond": "(person_id = ci.person_id)", "Plans": [{"Node Type": "Bitmap Index Scan", "Parent Relationship": "Outer", "Index Name": "person_id_aka_name", "Startup Cost": 0.0, "Total Cost": 0.38, "Plan Rows": 1, "Plan Width": 0, "Index Cond": "(person_id = ci.person_id)"}]}]}, {"Node Type": "Bitmap Heap Scan", "Parent Relationship": "Inner", "Relation Name": "name", "Alias": "n", "Startup Cost": 0.33, "Total Cost": 4.34, "Plan Rows": 1, "Plan Width": 4, "Recheck Cond": "(id = an.person_id)", "Filter": "(((name)::text ~~ '%Yo%'::text) AND ((name)::text !~~ '%Yu%'::text))", "Plans": [{"Node Type": "Bitmap Index Scan", "Parent Relationship": "Outer", "Index Name": "name_pkey", "Startup Cost": 0.0, "Total Cost": 0.33, "Plan Rows": 1, "Plan Width": 0, "Index Cond": "(id = an.person_id)"}]}]}, {"Node Type": "Seq Scan", "Parent Relationship": "Inner", "Relation Name": "role_type", "Alias": "rt", "Startup Cost": 0.0, "Total Cost": 1.15, "Plan Rows": 1, "Plan Width": 4, "Filter": "((role)::text = 'actress'::text)"}]}]}, "Unique SQL Id": 3956435728, "Planner Runtime": 10}, "explain_analyze_plan": {"Plan": {"Node Type": "Aggregate", "Strategy": "Plain", "Startup Cost": 76052.35, "Total Cost": 76052.36, "Plan Rows": 1, "Plan Width": 97, "Actual Startup Time": 1159.402, "Actual Total Time": 1159.403, "Actual Rows": 1, "Actual Loops": 1, "Plans": [{"Node Type": "Nested Loop", "Parent Relationship": "Outer", "Join Type": "Inner", "Startup Cost": 5990.99, "Total Cost": 76052.35, "Plan Rows": 1, "Plan Width": 33, "Actual Startup Time": 453.862, "Actual Total Time": 1159.365, "Actual Rows": 6, "Actual Loops": 1, "Inner Unique": true, "Join Filter": "(ci.role_id = rt.id)", "Rows Removed by Join Filter": 0, "Plans": [{"Node Type": "Nested Loop", "Parent Relationship": "Outer", "Join Type": "Inner", "Startup Cost": 5990.99, "Total Cost": 76051.18, "Plan Rows": 1, "Plan Width": 37, "Actual Startup Time": 453.835, "Actual Total Time": 1159.303, "Actual Rows": 6, "Actual Loops": 1, "Inner Unique": true, "Plans": [{"Node Type": "Nested Loop", "Parent Relationship": "Outer", "Join Type": "Inner", "Startup Cost": 5990.66, "Total Cost": 76046.83, "Plan Rows": 1, "Plan Width": 45, "Actual Startup Time": 453.088, "Actual Total Time": 1158.015, "Actual Rows": 171, "Actual Loops": 1, "Inner Unique": false, "Plans": [{"Node Type": "Nested Loop", "Parent Relationship": "Outer", "Join Type": "Inner", "Startup Cost": 5990.28, "Total Cost": 76042.43, "Plan Rows": 1, "Plan Width": 25, "Actual Startup Time": 453.028, "Actual Total Time": 1156.881, "Actual Rows": 104, "Actual Loops": 1, "Inner Unique": false, "Join Filter": "(t.id = ci.movie_id)", "Rows Removed by Join Filter": 0, "Plans": [{"Node Type": "Nested Loop", "Parent Relationship": "Outer", "Join Type": "Inner", "Startup Cost": 5986.01, "Total Cost": 75985.85, "Plan Rows": 2, "Plan Width": 25, "Actual Startup Time": 452.931, "Actual Total Time": 1156.174, "Actual Rows": 4, "Actual Loops": 1, "Inner Unique": true, "Plans": [{"Node Type": "Hash Join", "Parent Relationship": "Outer", "Join Type": "Inner", "Startup Cost": 5982.08, "Total Cost": 73899.45, "Plan Rows": 262, "Plan Width": 4, "Actual Startup Time": 87.39, "Actual Total Time": 1086.597, "Actual Rows": 8495, "Actual Loops": 1, "Inner Unique": true, "Hash Cond": "(mc.company_id = cn.id)", "Plans": [{"Node Type": "Seq Scan", "Parent Relationship": "Outer", "Relation Name": "movie_companies", "Alias": "mc", "Startup Cost": 0.0, "Total Cost": 67908.56, "Plan Rows": 1652, "Plan Width": 8, "Actual Startup Time": 0.268, "Actual Total Time": 994.117, "Actual Rows": 8569, "Actual Loops": 1, "Filter": "(((note)::text ~~ '%(Japan)%'::text) AND ((note)::text !~~ '%(USA)%'::text) AND (((note)::text ~~ '%(2006)%'::text) OR ((note)::text ~~ '%(2007)%'::text)))", "Rows Removed by Filter": 2600559}, {"Node Type": "Hash", "Parent Relationship": "Inner", "Startup Cost": 5903.45, "Total Cost": 5903.45, "Plan Rows": 6290, "Plan Width": 4, "Actual Startup Time": 87.065, "Actual Total Time": 87.065, "Actual Rows": 6752, "Actual Loops": 1, "Hash Buckets": 32768, "Hash Batches": 1, "Original Hash Batches": 1, "Peak Memory Usage": 238, "Plans": [{"Node Type": "Seq Scan", "Parent Relationship": "Outer", "Relation Name": "company_name", "Alias": "cn", "Startup Cost": 0.0, "Total Cost": 5903.45, "Plan Rows": 6290, "Plan Width": 4, "Actual Startup Time": 0.032, "Actual Total Time": 84.781, "Actual Rows": 6752, "Actual Loops": 1, "Filter": "((country_code)::text = '[jp]'::text)", "Rows Removed by Filter": 228244}]}]}, {"Node Type": "Bitmap Heap Scan", "Parent Relationship": "Inner", "Relation Name": "title", "Alias": "t", "Startup Cost": 3.93, "Total Cost": 7.95, "Plan Rows": 1, "Plan Width": 21, "Actual Startup Time": 59.454, "Actual Total Time": 59.454, "Actual Rows": 4, "Actual Loops": 8495, "Recheck Cond": "(id = mc.movie_id)", "Rows Removed by Index Recheck": 0, "Filter": "((production_year >= 2006) AND (production_year <= 2007) AND (((title)::text ~~ 'One Piece%'::text) OR ((title)::text ~~ 'Dragon Ball Z%'::text)))", "Rows Removed by Filter": 8491, "Exact Heap Blocks": 8495, "Lossy Heap Blocks": 8495, "Plans": [{"Node Type": "Bitmap Index Scan", "Parent Relationship": "Outer", "Index Name": "title_pkey", "Startup Cost": 0.0, "Total Cost": 3.93, "Plan Rows": 1, "Plan Width": 0, "Actual Startup Time": 28.487, "Actual Total Time": 28.487, "Actual Rows": 8495, "Actual Loops": 8495, "Index Cond": "(id = mc.movie_id)"}]}]}, {"Node Type": "Bitmap Heap Scan", "Parent Relationship": "Inner", "Relation Name": "cast_info", "Alias": "ci", "Startup Cost": 4.27, "Total Cost": 28.27, "Plan Rows": 1, "Plan Width": 12, "Actual Startup Time": 0.274, "Actual Total Time": 0.637, "Actual Rows": 104, "Actual Loops": 4, "Recheck Cond": "(movie_id = mc.movie_id)", "Rows Removed by Index Recheck": 0, "Filter": "((note)::text = '(voice: English version)'::text)", "Rows Removed by Filter": 68, "Exact Heap Blocks": 133, "Lossy Heap Blocks": 133, "Plans": [{"Node Type": "Bitmap Index Scan", "Parent Relationship": "Outer", "Index Name": "movie_id_cast_info", "Startup Cost": 0.0, "Total Cost": 4.27, "Plan Rows": 6, "Plan Width": 0, "Actual Startup Time": 0.102, "Actual Total Time": 0.102, "Actual Rows": 172, "Actual Loops": 4, "Index Cond": "(movie_id = mc.movie_id)"}]}]}, {"Node Type": "Bitmap Heap Scan", "Parent Relationship": "Inner", "Relation Name": "aka_name", "Alias": "an", "Startup Cost": 0.38, "Total Cost": 4.39, "Plan Rows": 1, "Plan Width": 20, "Actual Startup Time": 0.844, "Actual Total Time": 0.943, "Actual Rows": 171, "Actual Loops": 104, "Recheck Cond": "(person_id = ci.person_id)", "Rows Removed by Index Recheck": 0, "Exact Heap Blocks": 105, "Lossy Heap Blocks": 105, "Plans": [{"Node Type": "Bitmap Index Scan", "Parent Relationship": "Outer", "Index Name": "person_id_aka_name", "Startup Cost": 0.0, "Total Cost": 0.38, "Plan Rows": 1, "Plan Width": 0, "Actual Startup Time": 0.566, "Actual Total Time": 0.566, "Actual Rows": 171, "Actual Loops": 104, "Index Cond": "(person_id = ci.person_id)"}]}]}, {"Node Type": "Bitmap Heap Scan", "Parent Relationship": "Inner", "Relation Name": "name", "Alias": "n", "Startup Cost": 0.33, "Total Cost": 4.34, "Plan Rows": 1, "Plan Width": 4, "Actual Startup Time": 1.076, "Actual Total Time": 1.076, "Actual Rows": 6, "Actual Loops": 171, "Recheck Cond": "(id = an.person_id)", "Rows Removed by Index Recheck": 0, "Filter": "(((name)::text ~~ '%Yo%'::text) AND ((name)::text !~~ '%Yu%'::text))", "Rows Removed by Filter": 165, "Exact Heap Blocks": 171, "Lossy Heap Blocks": 171, "Plans": [{"Node Type": "Bitmap Index Scan", "Parent Relationship": "Outer", "Index Name": "name_pkey", "Startup Cost": 0.0, "Total Cost": 0.33, "Plan Rows": 1, "Plan Width": 0, "Actual Startup Time": 0.67, "Actual Total Time": 0.67, "Actual Rows": 171, "Actual Loops": 171, "Index Cond": "(id = an.person_id)"}]}]}, {"Node Type": "Seq Scan", "Parent Relationship": "Inner", "Relation Name": "role_type", "Alias": "rt", "Startup Cost": 0.0, "Total Cost": 1.15, "Plan Rows": 1, "Plan Width": 4, "Actual Startup Time": 0.034, "Actual Total Time": 0.034, "Actual Rows": 6, "Actual Loops": 6, "Filter": "((role)::text = 'actress'::text)", "Rows Removed by Filter": 6}]}]}, "Triggers": [], "Planner Runtime": 25.261, "Total Runtime": 1159.716, "Unique SQL Id": 3956435728}}, "(1, '35')": {"explain_plan": {"Plan": {"Node Type": "Aggregate", "Strategy": "Plain", "Startup Cost": 1000012201008.67, "Total Cost": 1000012201008.68, "Plan Rows": 1, "Plan Width": 97, "Plans": [{"Node Type": "Nested Loop", "Parent Relationship": "Outer", "Join Type": "Inner", "Startup Cost": 10000000004.12, "Total Cost": 1000012201008.67, "Plan Rows": 1, "Plan Width": 33, "Inner Unique": true, "Plans": [{"Node Type": "Nested Loop", "Parent Relationship": "Outer", "Join Type": "Inner", "Startup Cost": 10000000003.79, "Total Cost": 1000012201004.31, "Plan Rows": 1, "Plan Width": 41, "Inner Unique": true, "Plans": [{"Node Type": "Nested Loop", "Parent Relationship": "Outer", "Join Type": "Inner", "Startup Cost": 10000000003.54, "Total Cost": 1000012201000.03, "Plan Rows": 1, "Plan Width": 45, "Inner Unique": true, "Plans": [{"Node Type": "Nested Loop", "Parent Relationship": "Outer", "Join Type": "Inner", "Startup Cost": 10000000002.31, "Total Cost": 1000012200994.77, "Plan Rows": 1, "Plan Width": 49, "Inner Unique": false, "Plans": [{"Node Type": "Nested Loop", "Parent Relationship": "Outer", "Join Type": "Inner", "Startup Cost": 10000000001.65, "Total Cost": 1000012200744.81, "Plan Rows": 53, "Plan Width": 53, "Inner Unique": true, "Plans": [{"Node Type": "Nested Loop", "Parent Relationship": "Outer", "Join Type": "Inner", "Startup Cost": 10000000001.0, "Total Cost": 1000011659757.19, "Plan Rows": 115768, "Plan Width": 32, "Inner Unique": false, "Plans": [{"Node Type": "Index Scan", "Parent Relationship": "Outer", "Scan Direction": "Forward", "Index Name": "person_id_aka_name", "Relation Name": "aka_name", "Alias": "an", "Startup Cost": 10000000000.0, "Total Cost": 1000006896503.43, "Plan Rows": 901342, "Plan Width": 20}, {"Node Type": "Bitmap Heap Scan", "Parent Relationship": "Inner", "Relation Name": "cast_info", "Alias": "ci", "Startup Cost": 1.0, "Total Cost": 5.27, "Plan Rows": 1, "Plan Width": 12, "Recheck Cond": "(person_id = an.person_id)", "Filter": "((note)::text = '(voice: English version)'::text)", "Plans": [{"Node Type": "Bitmap Index Scan", "Parent Relationship": "Outer", "Index Name": "person_id_cast_info", "Startup Cost": 0.0, "Total Cost": 1.0, "Plan Rows": 18, "Plan Width": 0, "Index Cond": "(person_id = an.person_id)"}]}]}, {"Node Type": "Bitmap Heap Scan", "Parent Relationship": "Inner", "Relation Name": "title", "Alias": "t", "Startup Cost": 0.64, "Total Cost": 4.66, "Plan Rows": 1, "Plan Width": 21, "Recheck Cond": "(id = ci.movie_id)", "Filter": "((production_year >= 2006) AND (production_year <= 2007) AND (((title)::text ~~ 'One Piece%'::text) OR ((title)::text ~~ 'Dragon Ball Z%'::text)))", "Plans": [{"Node Type": "Bitmap Index Scan", "Parent Relationship": "Outer", "Index Name": "title_pkey", "Startup Cost": 0.0, "Total Cost": 0.64, "Plan Rows": 1, "Plan Width": 0, "Index Cond": "(id = ci.movie_id)"}]}]}, {"Node Type": "Bitmap Heap Scan", "Parent Relationship": "Inner", "Relation Name": "movie_companies", "Alias": "mc", "Startup Cost": 0.66, "Total Cost": 4.71, "Plan Rows": 1, "Plan Width": 8, "Recheck Cond": "(movie_id = ci.movie_id)", "Filter": "(((note)::text ~~ '%(Japan)%'::text) AND ((note)::text !~~ '%(USA)%'::text) AND (((note)::text ~~ '%(2006)%'::text) OR ((note)::text ~~ '%(2007)%'::text)))", "Plans": [{"Node Type": "Bitmap Index Scan", "Parent Relationship": "Outer", "Index Name": "movie_id_movie_companies", "Startup Cost": 0.0, "Total Cost": 0.66, "Plan Rows": 2, "Plan Width": 0, "Index Cond": "(movie_id = ci.movie_id)"}]}]}, {"Node Type": "Bitmap Heap Scan", "Parent Relationship": "Inner", "Relation Name": "company_name", "Alias": "cn", "Startup Cost": 1.23, "Total Cost": 5.24, "Plan Rows": 1, "Plan Width": 4, "Recheck Cond": "(id = mc.company_id)", "Filter": "((country_code)::text = '[jp]'::text)", "Plans": [{"Node Type": "Bitmap Index Scan", "Parent Relationship": "Outer", "Index Name": "company_name_pkey", "Startup Cost": 0.0, "Total Cost": 1.23, "Plan Rows": 1, "Plan Width": 0, "Index Cond": "(id = mc.company_id)"}]}]}, {"Node Type": "Bitmap Heap Scan", "Parent Relationship": "Inner", "Relation Name": "role_type", "Alias": "rt", "Startup Cost": 0.26, "Total Cost": 4.27, "Plan Rows": 1, "Plan Width": 4, "Recheck Cond": "(id = ci.role_id)", "Filter": "((role)::text = 'actress'::text)", "Plans": [{"Node Type": "Bitmap Index Scan", "Parent Relationship": "Outer", "Index Name": "role_type_pkey", "Startup Cost": 0.0, "Total Cost": 0.26, "Plan Rows": 1, "Plan Width": 0, "Index Cond": "(id = ci.role_id)"}]}]}, {"Node Type": "Bitmap Heap Scan", "Parent Relationship": "Inner", "Relation Name": "name", "Alias": "n", "Startup Cost": 0.33, "Total Cost": 4.34, "Plan Rows": 1, "Plan Width": 4, "Recheck Cond": "(id = an.person_id)", "Filter": "(((name)::text ~~ '%Yo%'::text) AND ((name)::text !~~ '%Yu%'::text))", "Plans": [{"Node Type": "Bitmap Index Scan", "Parent Relationship": "Outer", "Index Name": "name_pkey", "Startup Cost": 0.0, "Total Cost": 0.33, "Plan Rows": 1, "Plan Width": 0, "Index Cond": "(id = an.person_id)"}]}]}]}, "Unique SQL Id": 3956435728, "Planner Runtime": 6}, "explain_analyze_plan": null}, "(1, '36')": {"explain_plan": {"Plan": {"Node Type": "Aggregate", "Strategy": "Plain", "Startup Cost": 76019.18, "Total Cost": 76019.19, "Plan Rows": 1, "Plan Width": 97, "Plans": [{"Node Type": "Nested Loop", "Parent Relationship": "Outer", "Join Type": "Inner", "Startup Cost": 5982.08, "Total Cost": 76019.18, "Plan Rows": 1, "Plan Width": 33, "Inner Unique": true, "Plans": [{"Node Type": "Nested Loop", "Parent Relationship": "Outer", "Join Type": "Inner", "Startup Cost": 5982.08, "Total Cost": 76018.9, "Plan Rows": 1, "Plan Width": 37, "Inner Unique": true, "Plans": [{"Node Type": "Nested Loop", "Parent Relationship": "Outer", "Join Type": "Inner", "Startup Cost": 5982.08, "Total Cost": 76018.31, "Plan Rows": 1, "Plan Width": 45, "Inner Unique": false, "Plans": [{"Node Type": "Nested Loop", "Parent Relationship": "Outer", "Join Type": "Inner", "Startup Cost": 5982.08, "Total Cost": 76017.46, "Plan Rows": 1, "Plan Width": 25, "Inner Unique": false, "Join Filter": "(t.id = ci.movie_id)", "Plans": [{"Node Type": "Nested Loop", "Parent Relationship": "Outer", "Join Type": "Inner", "Startup Cost": 5982.08, "Total Cost": 75961.68, "Plan Rows": 2, "Plan Width": 25, "Inner Unique": true, "Plans": [{"Node Type": "Hash Join", "Parent Relationship": "Outer", "Join Type": "Inner", "Startup Cost": 5982.08, "Total Cost": 73899.45, "Plan Rows": 262, "Plan Width": 4, "Inner Unique": true, "Hash Cond": "(mc.company_id = cn.id)", "Plans": [{"Node Type": "Seq Scan", "Parent Relationship": "Outer", "Relation Name": "movie_companies", "Alias": "mc", "Startup Cost": 0.0, "Total Cost": 67908.56, "Plan Rows": 1652, "Plan Width": 8, "Filter": "(((note)::text ~~ '%(Japan)%'::text) AND ((note)::text !~~ '%(USA)%'::text) AND (((note)::text ~~ '%(2006)%'::text) OR ((note)::text ~~ '%(2007)%'::text)))"}, {"Node Type": "Hash", "Parent Relationship": "Inner", "Startup Cost": 5903.45, "Total Cost": 5903.45, "Plan Rows": 6290, "Plan Width": 4, "Plans": [{"Node Type": "Seq Scan", "Parent Relationship": "Outer", "Relation Name": "company_name", "Alias": "cn", "Startup Cost": 0.0, "Total Cost": 5903.45, "Plan Rows": 6290, "Plan Width": 4, "Filter": "((country_code)::text = '[jp]'::text)"}]}]}, {"Node Type": "Index Scan", "Parent Relationship": "Inner", "Scan Direction": "Forward", "Index Name": "title_pkey", "Relation Name": "title", "Alias": "t", "Startup Cost": 0.0, "Total Cost": 7.86, "Plan Rows": 1, "Plan Width": 21, "Index Cond": "(id = mc.movie_id)", "Filter": "((production_year >= 2006) AND (production_year <= 2007) AND (((title)::text ~~ 'One Piece%'::text) OR ((title)::text ~~ 'Dragon Ball Z%'::text)))"}]}, {"Node Type": "Index Scan", "Parent Relationship": "Inner", "Scan Direction": "Forward", "Index Name": "movie_id_cast_info", "Relation Name": "cast_info", "Alias": "ci", "Startup Cost": 0.0, "Total Cost": 27.88, "Plan Rows": 1, "Plan Width": 12, "Index Cond": "(movie_id = mc.movie_id)", "Filter": "((note)::text = '(voice: English version)'::text)"}]}, {"Node Type": "Index Scan", "Parent Relationship": "Inner", "Scan Direction": "Forward", "Index Name": "person_id_aka_name", "Relation Name": "aka_name", "Alias": "an", "Startup Cost": 0.0, "Total Cost": 0.84, "Plan Rows": 1, "Plan Width": 20, "Index Cond": "(person_id = ci.person_id)"}]}, {"Node Type": "Index Scan", "Parent Relationship": "Inner", "Scan Direction": "Forward", "Index Name": "name_pkey", "Relation Name": "name", "Alias": "n", "Startup Cost": 0.0, "Total Cost": 0.57, "Plan Rows": 1, "Plan Width": 4, "Index Cond": "(id = an.person_id)", "Filter": "(((name)::text ~~ '%Yo%'::text) AND ((name)::text !~~ '%Yu%'::text))"}]}, {"Node Type": "Index Scan", "Parent Relationship": "Inner", "Scan Direction": "Forward", "Index Name": "role_type_pkey", "Relation Name": "role_type", "Alias": "rt", "Startup Cost": 0.0, "Total Cost": 0.27, "Plan Rows": 1, "Plan Width": 4, "Index Cond": "(id = ci.role_id)", "Filter": "((role)::text = 'actress'::text)"}]}]}, "Unique SQL Id": 3956435728, "Planner Runtime": 8}, "explain_analyze_plan": {"Plan": {"Node Type": "Aggregate", "Strategy": "Plain", "Startup Cost": 76019.18, "Total Cost": 76019.19, "Plan Rows": 1, "Plan Width": 97, "Actual Startup Time": 1150.019, "Actual Total Time": 1150.02, "Actual Rows": 1, "Actual Loops": 1, "Plans": [{"Node Type": "Nested Loop", "Parent Relationship": "Outer", "Join Type": "Inner", "Startup Cost": 5982.08, "Total Cost": 76019.18, "Plan Rows": 1, "Plan Width": 33, "Actual Startup Time": 445.745, "Actual Total Time": 1149.979, "Actual Rows": 6, "Actual Loops": 1, "Inner Unique": true, "Plans": [{"Node Type": "Nested Loop", "Parent Relationship": "Outer", "Join Type": "Inner", "Startup Cost": 5982.08, "Total Cost": 76018.9, "Plan Rows": 1, "Plan Width": 37, "Actual Startup Time": 445.724, "Actual Total Time": 1149.932, "Actual Rows": 6, "Actual Loops": 1, "Inner Unique": true, "Plans": [{"Node Type": "Nested Loop", "Parent Relationship": "Outer", "Join Type": "Inner", "Startup Cost": 5982.08, "Total Cost": 76018.31, "Plan Rows": 1, "Plan Width": 45, "Actual Startup Time": 445.108, "Actual Total Time": 1148.889, "Actual Rows": 171, "Actual Loops": 1, "Inner Unique": false, "Plans": [{"Node Type": "Nested Loop", "Parent Relationship": "Outer", "Join Type": "Inner", "Startup Cost": 5982.08, "Total Cost": 76017.46, "Plan Rows": 1, "Plan Width": 25, "Actual Startup Time": 445.082, "Actual Total Time": 1148.012, "Actual Rows": 104, "Actual Loops": 1, "Inner Unique": false, "Join Filter": "(t.id = ci.movie_id)", "Rows Removed by Join Filter": 0, "Plans": [{"Node Type": "Nested Loop", "Parent Relationship": "Outer", "Join Type": "Inner", "Startup Cost": 5982.08, "Total Cost": 75961.68, "Plan Rows": 2, "Plan Width": 25, "Actual Startup Time": 445.02, "Actual Total Time": 1147.431, "Actual Rows": 4, "Actual Loops": 1, "Inner Unique": true, "Plans": [{"Node Type": "Hash Join", "Parent Relationship": "Outer", "Join Type": "Inner", "Startup Cost": 5982.08, "Total Cost": 73899.45, "Plan Rows": 262, "Plan Width": 4, "Actual Startup Time": 89.577, "Actual Total Time": 1092.318, "Actual Rows": 8495, "Actual Loops": 1, "Inner Unique": true, "Hash Cond": "(mc.company_id = cn.id)", "Plans": [{"Node Type": "Seq Scan", "Parent Relationship": "Outer", "Relation Name": "movie_companies", "Alias": "mc", "Startup Cost": 0.0, "Total Cost": 67908.56, "Plan Rows": 1652, "Plan Width": 8, "Actual Startup Time": 0.283, "Actual Total Time": 997.739, "Actual Rows": 8569, "Actual Loops": 1, "Filter": "(((note)::text ~~ '%(Japan)%'::text) AND ((note)::text !~~ '%(USA)%'::text) AND (((note)::text ~~ '%(2006)%'::text) OR ((note)::text ~~ '%(2007)%'::text)))", "Rows Removed by Filter": 2600559}, {"Node Type": "Hash", "Parent Relationship": "Inner", "Startup Cost": 5903.45, "Total Cost": 5903.45, "Plan Rows": 6290, "Plan Width": 4, "Actual Startup Time": 89.227, "Actual Total Time": 89.227, "Actual Rows": 6752, "Actual Loops": 1, "Hash Buckets": 32768, "Hash Batches": 1, "Original Hash Batches": 1, "Peak Memory Usage": 238, "Plans": [{"Node Type": "Seq Scan", "Parent Relationship": "Outer", "Relation Name": "company_name", "Alias": "cn", "Startup Cost": 0.0, "Total Cost": 5903.45, "Plan Rows": 6290, "Plan Width": 4, "Actual Startup Time": 0.03, "Actual Total Time": 86.954, "Actual Rows": 6752, "Actual Loops": 1, "Filter": "((country_code)::text = '[jp]'::text)", "Rows Removed by Filter": 228244}]}]}, {"Node Type": "Index Scan", "Parent Relationship": "Inner", "Scan Direction": "Forward", "Index Name": "title_pkey", "Relation Name": "title", "Alias": "t", "Startup Cost": 0.0, "Total Cost": 7.86, "Plan Rows": 1, "Plan Width": 21, "Actual Startup Time": 50.564, "Actual Total Time": 50.564, "Actual Rows": 4, "Actual Loops": 8495, "Index Cond": "(id = mc.movie_id)", "Rows Removed by Index Recheck": 0, "Filter": "((production_year >= 2006) AND (production_year <= 2007) AND (((title)::text ~~ 'One Piece%'::text) OR ((title)::text ~~ 'Dragon Ball Z%'::text)))", "Rows Removed by Filter": 8491}]}, {"Node Type": "Index Scan", "Parent Relationship": "Inner", "Scan Direction": "Forward", "Index Name": "movie_id_cast_info", "Relation Name": "cast_info", "Alias": "ci", "Startup Cost": 0.0, "Total Cost": 27.88, "Plan Rows": 1, "Plan Width": 12, "Actual Startup Time": 0.171, "Actual Total Time": 0.512, "Actual Rows": 104, "Actual Loops": 4, "Index Cond": "(movie_id = mc.movie_id)", "Rows Removed by Index Recheck": 0, "Filter": "((note)::text = '(voice: English version)'::text)", "Rows Removed by Filter": 68}]}, {"Node Type": "Index Scan", "Parent Relationship": "Inner", "Scan Direction": "Forward", "Index Name": "person_id_aka_name", "Relation Name": "aka_name", "Alias": "an", "Startup Cost": 0.0, "Total Cost": 0.84, "Plan Rows": 1, "Plan Width": 20, "Actual Startup Time": 0.648, "Actual Total Time": 0.763, "Actual Rows": 171, "Actual Loops": 104, "Index Cond": "(person_id = ci.person_id)", "Rows Removed by Index Recheck": 0}]}, {"Node Type": "Index Scan", "Parent Relationship": "Inner", "Scan Direction": "Forward", "Index Name": "name_pkey", "Relation Name": "name", "Alias": "n", "Startup Cost": 0.0, "Total Cost": 0.57, "Plan Rows": 1, "Plan Width": 4, "Actual Startup Time": 0.944, "Actual Total Time": 0.944, "Actual Rows": 6, "Actual Loops": 171, "Index Cond": "(id = an.person_id)", "Rows Removed by Index Recheck": 0, "Filter": "(((name)::text ~~ '%Yo%'::text) AND ((name)::text !~~ '%Yu%'::text))", "Rows Removed by Filter": 165}]}, {"Node Type": "Index Scan", "Parent Relationship": "Inner", "Scan Direction": "Forward", "Index Name": "role_type_pkey", "Relation Name": "role_type", "Alias": "rt", "Startup Cost": 0.0, "Total Cost": 0.27, "Plan Rows": 1, "Plan Width": 4, "Actual Startup Time": 0.031, "Actual Total Time": 0.031, "Actual Rows": 6, "Actual Loops": 6, "Index Cond": "(id = ci.role_id)", "Rows Removed by Index Recheck": 0, "Filter": "((role)::text = 'actress'::text)", "Rows Removed by Filter": 0}]}]}, "Triggers": [], "Planner Runtime": 21.278, "Total Runtime": 1150.324, "Unique SQL Id": 3956435728}}, "(1, '37')": {"explain_plan": {"Plan": {"Node Type": "Aggregate", "Strategy": "Plain", "Startup Cost": 84111.26, "Total Cost": 84111.27, "Plan Rows": 1, "Plan Width": 97, "Plans": [{"Node Type": "Nested Loop", "Parent Relationship": "Outer", "Join Type": "Inner", "Startup Cost": 0.0, "Total Cost": 84111.26, "Plan Rows": 1, "Plan Width": 33, "Inner Unique": true, "Plans": [{"Node Type": "Nested Loop", "Parent Relationship": "Outer", "Join Type": "Inner", "Startup Cost": 0.0, "Total Cost": 84110.97, "Plan Rows": 1, "Plan Width": 37, "Inner Unique": true, "Plans": [{"Node Type": "Nested Loop", "Parent Relationship": "Outer", "Join Type": "Inner", "Startup Cost": 0.0, "Total Cost": 84110.39, "Plan Rows": 1, "Plan Width": 45, "Inner Unique": false, "Plans": [{"Node Type": "Nested Loop", "Parent Relationship": "Outer", "Join Type": "Inner", "Startup Cost": 0.0, "Total Cost": 84109.54, "Plan Rows": 1, "Plan Width": 25, "Inner Unique": false, "Join Filter": "(t.id = ci.movie_id)", "Plans": [{"Node Type": "Nested Loop", "Parent Relationship": "Outer", "Join Type": "Inner", "Startup Cost": 0.0, "Total Cost": 84053.76, "Plan Rows": 2, "Plan Width": 25, "Inner Unique": true, "Plans": [{"Node Type": "Nested Loop", "Parent Relationship": "Outer", "Join Type": "Inner", "Startup Cost": 0.0, "Total Cost": 81991.53, "Plan Rows": 262, "Plan Width": 4, "Inner Unique": false, "Plans": [{"Node Type": "Index Scan", "Parent Relationship": "Outer", "Scan Direction": "Forward", "Index Name": "company_name_pkey", "Relation Name": "company_name", "Alias": "cn", "Startup Cost": 0.0, "Total Cost": 10501.39, "Plan Rows": 6290, "Plan Width": 4, "Filter": "((country_code)::text = '[jp]'::text)"}, {"Node Type": "Index Scan", "Parent Relationship": "Inner", "Scan Direction": "Forward", "Index Name": "company_id_movie_companies", "Relation Name": "movie_companies", "Alias": "mc", "Startup Cost": 0.0, "Total Cost": 11.36, "Plan Rows": 1, "Plan Width": 8, "Index Cond": "(company_id = cn.id)", "Filter": "(((note)::text ~~ '%(Japan)%'::text) AND ((note)::text !~~ '%(USA)%'::text) AND (((note)::text ~~ '%(2006)%'::text) OR ((note)::text ~~ '%(2007)%'::text)))"}]}, {"Node Type": "Index Scan", "Parent Relationship": "Inner", "Scan Direction": "Forward", "Index Name": "title_pkey", "Relation Name": "title", "Alias": "t", "Startup Cost": 0.0, "Total Cost": 7.86, "Plan Rows": 1, "Plan Width": 21, "Index Cond": "(id = mc.movie_id)", "Filter": "((production_year >= 2006) AND (production_year <= 2007) AND (((title)::text ~~ 'One Piece%'::text) OR ((title)::text ~~ 'Dragon Ball Z%'::text)))"}]}, {"Node Type": "Index Scan", "Parent Relationship": "Inner", "Scan Direction": "Forward", "Index Name": "movie_id_cast_info", "Relation Name": "cast_info", "Alias": "ci", "Startup Cost": 0.0, "Total Cost": 27.88, "Plan Rows": 1, "Plan Width": 12, "Index Cond": "(movie_id = mc.movie_id)", "Filter": "((note)::text = '(voice: English version)'::text)"}]}, {"Node Type": "Index Scan", "Parent Relationship": "Inner", "Scan Direction": "Forward", "Index Name": "person_id_aka_name", "Relation Name": "aka_name", "Alias": "an", "Startup Cost": 0.0, "Total Cost": 0.84, "Plan Rows": 1, "Plan Width": 20, "Index Cond": "(person_id = ci.person_id)"}]}, {"Node Type": "Index Scan", "Parent Relationship": "Inner", "Scan Direction": "Forward", "Index Name": "name_pkey", "Relation Name": "name", "Alias": "n", "Startup Cost": 0.0, "Total Cost": 0.57, "Plan Rows": 1, "Plan Width": 4, "Index Cond": "(id = an.person_id)", "Filter": "(((name)::text ~~ '%Yo%'::text) AND ((name)::text !~~ '%Yu%'::text))"}]}, {"Node Type": "Index Scan", "Parent Relationship": "Inner", "Scan Direction": "Forward", "Index Name": "role_type_pkey", "Relation Name": "role_type", "Alias": "rt", "Startup Cost": 0.0, "Total Cost": 0.27, "Plan Rows": 1, "Plan Width": 4, "Index Cond": "(id = ci.role_id)", "Filter": "((role)::text = 'actress'::text)"}]}]}, "Unique SQL Id": 3956435728, "Planner Runtime": 7}, "explain_analyze_plan": {"Plan": {"Node Type": "Aggregate", "Strategy": "Plain", "Startup Cost": 84111.26, "Total Cost": 84111.27, "Plan Rows": 1, "Plan Width": 97, "Actual Startup Time": 581.73, "Actual Total Time": 581.73, "Actual Rows": 1, "Actual Loops": 1, "Plans": [{"Node Type": "Nested Loop", "Parent Relationship": "Outer", "Join Type": "Inner", "Startup Cost": 0.0, "Total Cost": 84111.26, "Plan Rows": 1, "Plan Width": 33, "Actual Startup Time": 54.321, "Actual Total Time": 581.694, "Actual Rows": 6, "Actual Loops": 1, "Inner Unique": true, "Plans": [{"Node Type": "Nested Loop", "Parent Relationship": "Outer", "Join Type": "Inner", "Startup Cost": 0.0, "Total Cost": 84110.97, "Plan Rows": 1, "Plan Width": 37, "Actual Startup Time": 54.312, "Actual Total Time": 581.658, "Actual Rows": 6, "Actual Loops": 1, "Inner Unique": true, "Plans": [{"Node Type": "Nested Loop", "Parent Relationship": "Outer", "Join Type": "Inner", "Startup Cost": 0.0, "Total Cost": 84110.39, "Plan Rows": 1, "Plan Width": 45, "Actual Startup Time": 53.198, "Actual Total Time": 580.628, "Actual Rows": 171, "Actual Loops": 1, "Inner Unique": false, "Plans": [{"Node Type": "Nested Loop", "Parent Relationship": "Outer", "Join Type": "Inner", "Startup Cost": 0.0, "Total Cost": 84109.54, "Plan Rows": 1, "Plan Width": 25, "Actual Startup Time": 53.177, "Actual Total Time": 579.772, "Actual Rows": 104, "Actual Loops": 1, "Inner Unique": false, "Join Filter": "(t.id = ci.movie_id)", "Rows Removed by Join Filter": 0, "Plans": [{"Node Type": "Nested Loop", "Parent Relationship": "Outer", "Join Type": "Inner", "Startup Cost": 0.0, "Total Cost": 84053.76, "Plan Rows": 2, "Plan Width": 25, "Actual Startup Time": 53.042, "Actual Total Time": 579.227, "Actual Rows": 4, "Actual Loops": 1, "Inner Unique": true, "Plans": [{"Node Type": "Nested Loop", "Parent Relationship": "Outer", "Join Type": "Inner", "Startup Cost": 0.0, "Total Cost": 81991.53, "Plan Rows": 262, "Plan Width": 4, "Actual Startup Time": 0.312, "Actual Total Time": 518.839, "Actual Rows": 8495, "Actual Loops": 1, "Inner Unique": false, "Plans": [{"Node Type": "Index Scan", "Parent Relationship": "Outer", "Scan Direction": "Forward", "Index Name": "company_name_pkey", "Relation Name": "company_name", "Alias": "cn", "Startup Cost": 0.0, "Total Cost": 10501.39, "Plan Rows": 6290, "Plan Width": 4, "Actual Startup Time": 0.264, "Actual Total Time": 291.012, "Actual Rows": 6752, "Actual Loops": 1, "Filter": "((country_code)::text = '[jp]'::text)", "Rows Removed by Filter": 228244}, {"Node Type": "Index Scan", "Parent Relationship": "Inner", "Scan Direction": "Forward", "Index Name": "company_id_movie_companies", "Relation Name": "movie_companies", "Alias": "mc", "Startup Cost": 0.0, "Total Cost": 11.36, "Plan Rows": 1, "Plan Width": 8, "Actual Startup Time": 100.149, "Actual Total Time": 221.814, "Actual Rows": 8495, "Actual Loops": 6752, "Index Cond": "(company_id = cn.id)", "Rows Removed by Index Recheck": 0, "Filter": "(((note)::text ~~ '%(Japan)%'::text) AND ((note)::text !~~ '%(USA)%'::text) AND (((note)::text ~~ '%(2006)%'::text) OR ((note)::text ~~ '%(2007)%'::text)))", "Rows Removed by Filter": 96500}]}, {"Node Type": "Index Scan", "Parent Relationship": "Inner", "Scan Direction": "Forward", "Index Name": "title_pkey", "Relation Name": "title", "Alias": "t", "Startup Cost": 0.0, "Total Cost": 7.86, "Plan Rows": 1, "Plan Width": 21, "Actual Startup Time": 55.844, "Actual Total Time": 55.844, "Actual Rows": 4, "Actual Loops": 8495, "Index Cond": "(id = mc.movie_id)", "Rows Removed by Index Recheck": 0, "Filter": "((production_year >= 2006) AND (production_year <= 2007) AND (((title)::text ~~ 'One Piece%'::text) OR ((title)::text ~~ 'Dragon Ball Z%'::text)))", "Rows Removed by Filter": 8491}]}, {"Node Type": "Index Scan", "Parent Relationship": "Inner", "Scan Direction": "Forward", "Index Name": "movie_id_cast_info", "Relation Name": "cast_info", "Alias": "ci", "Startup Cost": 0.0, "Total Cost": 27.88, "Plan Rows": 1, "Plan Width": 12, "Actual Startup Time": 0.155, "Actual Total Time": 0.487, "Actual Rows": 104, "Actual Loops": 4, "Index Cond": "(movie_id = mc.movie_id)", "Rows Removed by Index Recheck": 0, "Filter": "((note)::text = '(voice: English version)'::text)", "Rows Removed by Filter": 68}]}, {"Node Type": "Index Scan", "Parent Relationship": "Inner", "Scan Direction": "Forward", "Index Name": "person_id_aka_name", "Relation Name": "aka_name", "Alias": "an", "Startup Cost": 0.0, "Total Cost": 0.84, "Plan Rows": 1, "Plan Width": 20, "Actual Startup Time": 0.629, "Actual Total Time": 0.74, "Actual Rows": 171, "Actual Loops": 104, "Index Cond": "(person_id = ci.person_id)", "Rows Removed by Index Recheck": 0}]}, {"Node Type": "Index Scan", "Parent Relationship": "Inner", "Scan Direction": "Forward", "Index Name": "name_pkey", "Relation Name": "name", "Alias": "n", "Startup Cost": 0.0, "Total Cost": 0.57, "Plan Rows": 1, "Plan Width": 4, "Actual Startup Time": 0.94, "Actual Total Time": 0.94, "Actual Rows": 6, "Actual Loops": 171, "Index Cond": "(id = an.person_id)", "Rows Removed by Index Recheck": 0, "Filter": "(((name)::text ~~ '%Yo%'::text) AND ((name)::text !~~ '%Yu%'::text))", "Rows Removed by Filter": 165}]}, {"Node Type": "Index Scan", "Parent Relationship": "Inner", "Scan Direction": "Forward", "Index Name": "role_type_pkey", "Relation Name": "role_type", "Alias": "rt", "Startup Cost": 0.0, "Total Cost": 0.27, "Plan Rows": 1, "Plan Width": 4, "Actual Startup Time": 0.022, "Actual Total Time": 0.022, "Actual Rows": 6, "Actual Loops": 6, "Index Cond": "(id = ci.role_id)", "Rows Removed by Index Recheck": 0, "Filter": "((role)::text = 'actress'::text)", "Rows Removed by Filter": 0}]}]}, "Triggers": [], "Planner Runtime": 25.043, "Total Runtime": 582.138, "Unique SQL Id": 3956435728}}, "(1, '38')": {"explain_plan": {"Plan": {"Node Type": "Aggregate", "Strategy": "Plain", "Startup Cost": 76052.35, "Total Cost": 76052.36, "Plan Rows": 1, "Plan Width": 97, "Plans": [{"Node Type": "Nested Loop", "Parent Relationship": "Outer", "Join Type": "Inner", "Startup Cost": 5990.99, "Total Cost": 76052.35, "Plan Rows": 1, "Plan Width": 33, "Inner Unique": true, "Join Filter": "(ci.role_id = rt.id)", "Plans": [{"Node Type": "Nested Loop", "Parent Relationship": "Outer", "Join Type": "Inner", "Startup Cost": 5990.99, "Total Cost": 76051.18, "Plan Rows": 1, "Plan Width": 37, "Inner Unique": true, "Plans": [{"Node Type": "Nested Loop", "Parent Relationship": "Outer", "Join Type": "Inner", "Startup Cost": 5990.66, "Total Cost": 76046.83, "Plan Rows": 1, "Plan Width": 45, "Inner Unique": false, "Plans": [{"Node Type": "Nested Loop", "Parent Relationship": "Outer", "Join Type": "Inner", "Startup Cost": 5990.28, "Total Cost": 76042.43, "Plan Rows": 1, "Plan Width": 25, "Inner Unique": false, "Join Filter": "(t.id = ci.movie_id)", "Plans": [{"Node Type": "Nested Loop", "Parent Relationship": "Outer", "Join Type": "Inner", "Startup Cost": 5986.01, "Total Cost": 75985.85, "Plan Rows": 2, "Plan Width": 25, "Inner Unique": true, "Plans": [{"Node Type": "Hash Join", "Parent Relationship": "Outer", "Join Type": "Inner", "Startup Cost": 5982.08, "Total Cost": 73899.45, "Plan Rows": 262, "Plan Width": 4, "Inner Unique": true, "Hash Cond": "(mc.company_id = cn.id)", "Plans": [{"Node Type": "Seq Scan", "Parent Relationship": "Outer", "Relation Name": "movie_companies", "Alias": "mc", "Startup Cost": 0.0, "Total Cost": 67908.56, "Plan Rows": 1652, "Plan Width": 8, "Filter": "(((note)::text ~~ '%(Japan)%'::text) AND ((note)::text !~~ '%(USA)%'::text) AND (((note)::text ~~ '%(2006)%'::text) OR ((note)::text ~~ '%(2007)%'::text)))"}, {"Node Type": "Hash", "Parent Relationship": "Inner", "Startup Cost": 5903.45, "Total Cost": 5903.45, "Plan Rows": 6290, "Plan Width": 4, "Plans": [{"Node Type": "Seq Scan", "Parent Relationship": "Outer", "Relation Name": "company_name", "Alias": "cn", "Startup Cost": 0.0, "Total Cost": 5903.45, "Plan Rows": 6290, "Plan Width": 4, "Filter": "((country_code)::text = '[jp]'::text)"}]}]}, {"Node Type": "Bitmap Heap Scan", "Parent Relationship": "Inner", "Relation Name": "title", "Alias": "t", "Startup Cost": 3.93, "Total Cost": 7.95, "Plan Rows": 1, "Plan Width": 21, "Recheck Cond": "(id = mc.movie_id)", "Filter": "((production_year >= 2006) AND (production_year <= 2007) AND (((title)::text ~~ 'One Piece%'::text) OR ((title)::text ~~ 'Dragon Ball Z%'::text)))", "Plans": [{"Node Type": "Bitmap Index Scan", "Parent Relationship": "Outer", "Index Name": "title_pkey", "Startup Cost": 0.0, "Total Cost": 3.93, "Plan Rows": 1, "Plan Width": 0, "Index Cond": "(id = mc.movie_id)"}]}]}, {"Node Type": "Bitmap Heap Scan", "Parent Relationship": "Inner", "Relation Name": "cast_info", "Alias": "ci", "Startup Cost": 4.27, "Total Cost": 28.27, "Plan Rows": 1, "Plan Width": 12, "Recheck Cond": "(movie_id = mc.movie_id)", "Filter": "((note)::text = '(voice: English version)'::text)", "Plans": [{"Node Type": "Bitmap Index Scan", "Parent Relationship": "Outer", "Index Name": "movie_id_cast_info", "Startup Cost": 0.0, "Total Cost": 4.27, "Plan Rows": 6, "Plan Width": 0, "Index Cond": "(movie_id = mc.movie_id)"}]}]}, {"Node Type": "Bitmap Heap Scan", "Parent Relationship": "Inner", "Relation Name": "aka_name", "Alias": "an", "Startup Cost": 0.38, "Total Cost": 4.39, "Plan Rows": 1, "Plan Width": 20, "Recheck Cond": "(person_id = ci.person_id)", "Plans": [{"Node Type": "Bitmap Index Scan", "Parent Relationship": "Outer", "Index Name": "person_id_aka_name", "Startup Cost": 0.0, "Total Cost": 0.38, "Plan Rows": 1, "Plan Width": 0, "Index Cond": "(person_id = ci.person_id)"}]}]}, {"Node Type": "Bitmap Heap Scan", "Parent Relationship": "Inner", "Relation Name": "name", "Alias": "n", "Startup Cost": 0.33, "Total Cost": 4.34, "Plan Rows": 1, "Plan Width": 4, "Recheck Cond": "(id = an.person_id)", "Filter": "(((name)::text ~~ '%Yo%'::text) AND ((name)::text !~~ '%Yu%'::text))", "Plans": [{"Node Type": "Bitmap Index Scan", "Parent Relationship": "Outer", "Index Name": "name_pkey", "Startup Cost": 0.0, "Total Cost": 0.33, "Plan Rows": 1, "Plan Width": 0, "Index Cond": "(id = an.person_id)"}]}]}, {"Node Type": "Seq Scan", "Parent Relationship": "Inner", "Relation Name": "role_type", "Alias": "rt", "Startup Cost": 0.0, "Total Cost": 1.15, "Plan Rows": 1, "Plan Width": 4, "Filter": "((role)::text = 'actress'::text)"}]}]}, "Unique SQL Id": 3956435728, "Planner Runtime": 10}, "explain_analyze_plan": {"Plan": {"Node Type": "Aggregate", "Strategy": "Plain", "Startup Cost": 76052.35, "Total Cost": 76052.36, "Plan Rows": 1, "Plan Width": 97, "Actual Startup Time": 1159.402, "Actual Total Time": 1159.403, "Actual Rows": 1, "Actual Loops": 1, "Plans": [{"Node Type": "Nested Loop", "Parent Relationship": "Outer", "Join Type": "Inner", "Startup Cost": 5990.99, "Total Cost": 76052.35, "Plan Rows": 1, "Plan Width": 33, "Actual Startup Time": 453.862, "Actual Total Time": 1159.365, "Actual Rows": 6, "Actual Loops": 1, "Inner Unique": true, "Join Filter": "(ci.role_id = rt.id)", "Rows Removed by Join Filter": 0, "Plans": [{"Node Type": "Nested Loop", "Parent Relationship": "Outer", "Join Type": "Inner", "Startup Cost": 5990.99, "Total Cost": 76051.18, "Plan Rows": 1, "Plan Width": 37, "Actual Startup Time": 453.835, "Actual Total Time": 1159.303, "Actual Rows": 6, "Actual Loops": 1, "Inner Unique": true, "Plans": [{"Node Type": "Nested Loop", "Parent Relationship": "Outer", "Join Type": "Inner", "Startup Cost": 5990.66, "Total Cost": 76046.83, "Plan Rows": 1, "Plan Width": 45, "Actual Startup Time": 453.088, "Actual Total Time": 1158.015, "Actual Rows": 171, "Actual Loops": 1, "Inner Unique": false, "Plans": [{"Node Type": "Nested Loop", "Parent Relationship": "Outer", "Join Type": "Inner", "Startup Cost": 5990.28, "Total Cost": 76042.43, "Plan Rows": 1, "Plan Width": 25, "Actual Startup Time": 453.028, "Actual Total Time": 1156.881, "Actual Rows": 104, "Actual Loops": 1, "Inner Unique": false, "Join Filter": "(t.id = ci.movie_id)", "Rows Removed by Join Filter": 0, "Plans": [{"Node Type": "Nested Loop", "Parent Relationship": "Outer", "Join Type": "Inner", "Startup Cost": 5986.01, "Total Cost": 75985.85, "Plan Rows": 2, "Plan Width": 25, "Actual Startup Time": 452.931, "Actual Total Time": 1156.174, "Actual Rows": 4, "Actual Loops": 1, "Inner Unique": true, "Plans": [{"Node Type": "Hash Join", "Parent Relationship": "Outer", "Join Type": "Inner", "Startup Cost": 5982.08, "Total Cost": 73899.45, "Plan Rows": 262, "Plan Width": 4, "Actual Startup Time": 87.39, "Actual Total Time": 1086.597, "Actual Rows": 8495, "Actual Loops": 1, "Inner Unique": true, "Hash Cond": "(mc.company_id = cn.id)", "Plans": [{"Node Type": "Seq Scan", "Parent Relationship": "Outer", "Relation Name": "movie_companies", "Alias": "mc", "Startup Cost": 0.0, "Total Cost": 67908.56, "Plan Rows": 1652, "Plan Width": 8, "Actual Startup Time": 0.268, "Actual Total Time": 994.117, "Actual Rows": 8569, "Actual Loops": 1, "Filter": "(((note)::text ~~ '%(Japan)%'::text) AND ((note)::text !~~ '%(USA)%'::text) AND (((note)::text ~~ '%(2006)%'::text) OR ((note)::text ~~ '%(2007)%'::text)))", "Rows Removed by Filter": 2600559}, {"Node Type": "Hash", "Parent Relationship": "Inner", "Startup Cost": 5903.45, "Total Cost": 5903.45, "Plan Rows": 6290, "Plan Width": 4, "Actual Startup Time": 87.065, "Actual Total Time": 87.065, "Actual Rows": 6752, "Actual Loops": 1, "Hash Buckets": 32768, "Hash Batches": 1, "Original Hash Batches": 1, "Peak Memory Usage": 238, "Plans": [{"Node Type": "Seq Scan", "Parent Relationship": "Outer", "Relation Name": "company_name", "Alias": "cn", "Startup Cost": 0.0, "Total Cost": 5903.45, "Plan Rows": 6290, "Plan Width": 4, "Actual Startup Time": 0.032, "Actual Total Time": 84.781, "Actual Rows": 6752, "Actual Loops": 1, "Filter": "((country_code)::text = '[jp]'::text)", "Rows Removed by Filter": 228244}]}]}, {"Node Type": "Bitmap Heap Scan", "Parent Relationship": "Inner", "Relation Name": "title", "Alias": "t", "Startup Cost": 3.93, "Total Cost": 7.95, "Plan Rows": 1, "Plan Width": 21, "Actual Startup Time": 59.454, "Actual Total Time": 59.454, "Actual Rows": 4, "Actual Loops": 8495, "Recheck Cond": "(id = mc.movie_id)", "Rows Removed by Index Recheck": 0, "Filter": "((production_year >= 2006) AND (production_year <= 2007) AND (((title)::text ~~ 'One Piece%'::text) OR ((title)::text ~~ 'Dragon Ball Z%'::text)))", "Rows Removed by Filter": 8491, "Exact Heap Blocks": 8495, "Lossy Heap Blocks": 8495, "Plans": [{"Node Type": "Bitmap Index Scan", "Parent Relationship": "Outer", "Index Name": "title_pkey", "Startup Cost": 0.0, "Total Cost": 3.93, "Plan Rows": 1, "Plan Width": 0, "Actual Startup Time": 28.487, "Actual Total Time": 28.487, "Actual Rows": 8495, "Actual Loops": 8495, "Index Cond": "(id = mc.movie_id)"}]}]}, {"Node Type": "Bitmap Heap Scan", "Parent Relationship": "Inner", "Relation Name": "cast_info", "Alias": "ci", "Startup Cost": 4.27, "Total Cost": 28.27, "Plan Rows": 1, "Plan Width": 12, "Actual Startup Time": 0.274, "Actual Total Time": 0.637, "Actual Rows": 104, "Actual Loops": 4, "Recheck Cond": "(movie_id = mc.movie_id)", "Rows Removed by Index Recheck": 0, "Filter": "((note)::text = '(voice: English version)'::text)", "Rows Removed by Filter": 68, "Exact Heap Blocks": 133, "Lossy Heap Blocks": 133, "Plans": [{"Node Type": "Bitmap Index Scan", "Parent Relationship": "Outer", "Index Name": "movie_id_cast_info", "Startup Cost": 0.0, "Total Cost": 4.27, "Plan Rows": 6, "Plan Width": 0, "Actual Startup Time": 0.102, "Actual Total Time": 0.102, "Actual Rows": 172, "Actual Loops": 4, "Index Cond": "(movie_id = mc.movie_id)"}]}]}, {"Node Type": "Bitmap Heap Scan", "Parent Relationship": "Inner", "Relation Name": "aka_name", "Alias": "an", "Startup Cost": 0.38, "Total Cost": 4.39, "Plan Rows": 1, "Plan Width": 20, "Actual Startup Time": 0.844, "Actual Total Time": 0.943, "Actual Rows": 171, "Actual Loops": 104, "Recheck Cond": "(person_id = ci.person_id)", "Rows Removed by Index Recheck": 0, "Exact Heap Blocks": 105, "Lossy Heap Blocks": 105, "Plans": [{"Node Type": "Bitmap Index Scan", "Parent Relationship": "Outer", "Index Name": "person_id_aka_name", "Startup Cost": 0.0, "Total Cost": 0.38, "Plan Rows": 1, "Plan Width": 0, "Actual Startup Time": 0.566, "Actual Total Time": 0.566, "Actual Rows": 171, "Actual Loops": 104, "Index Cond": "(person_id = ci.person_id)"}]}]}, {"Node Type": "Bitmap Heap Scan", "Parent Relationship": "Inner", "Relation Name": "name", "Alias": "n", "Startup Cost": 0.33, "Total Cost": 4.34, "Plan Rows": 1, "Plan Width": 4, "Actual Startup Time": 1.076, "Actual Total Time": 1.076, "Actual Rows": 6, "Actual Loops": 171, "Recheck Cond": "(id = an.person_id)", "Rows Removed by Index Recheck": 0, "Filter": "(((name)::text ~~ '%Yo%'::text) AND ((name)::text !~~ '%Yu%'::text))", "Rows Removed by Filter": 165, "Exact Heap Blocks": 171, "Lossy Heap Blocks": 171, "Plans": [{"Node Type": "Bitmap Index Scan", "Parent Relationship": "Outer", "Index Name": "name_pkey", "Startup Cost": 0.0, "Total Cost": 0.33, "Plan Rows": 1, "Plan Width": 0, "Actual Startup Time": 0.67, "Actual Total Time": 0.67, "Actual Rows": 171, "Actual Loops": 171, "Index Cond": "(id = an.person_id)"}]}]}, {"Node Type": "Seq Scan", "Parent Relationship": "Inner", "Relation Name": "role_type", "Alias": "rt", "Startup Cost": 0.0, "Total Cost": 1.15, "Plan Rows": 1, "Plan Width": 4, "Actual Startup Time": 0.034, "Actual Total Time": 0.034, "Actual Rows": 6, "Actual Loops": 6, "Filter": "((role)::text = 'actress'::text)", "Rows Removed by Filter": 6}]}]}, "Triggers": [], "Planner Runtime": 25.261, "Total Runtime": 1159.716, "Unique SQL Id": 3956435728}}, "(1, '39')": {"explain_plan": {"Plan": {"Node Type": "Aggregate", "Strategy": "Plain", "Startup Cost": 1000012201008.67, "Total Cost": 1000012201008.68, "Plan Rows": 1, "Plan Width": 97, "Plans": [{"Node Type": "Nested Loop", "Parent Relationship": "Outer", "Join Type": "Inner", "Startup Cost": 10000000004.12, "Total Cost": 1000012201008.67, "Plan Rows": 1, "Plan Width": 33, "Inner Unique": true, "Plans": [{"Node Type": "Nested Loop", "Parent Relationship": "Outer", "Join Type": "Inner", "Startup Cost": 10000000003.79, "Total Cost": 1000012201004.31, "Plan Rows": 1, "Plan Width": 41, "Inner Unique": true, "Plans": [{"Node Type": "Nested Loop", "Parent Relationship": "Outer", "Join Type": "Inner", "Startup Cost": 10000000003.54, "Total Cost": 1000012201000.03, "Plan Rows": 1, "Plan Width": 45, "Inner Unique": true, "Plans": [{"Node Type": "Nested Loop", "Parent Relationship": "Outer", "Join Type": "Inner", "Startup Cost": 10000000002.31, "Total Cost": 1000012200994.77, "Plan Rows": 1, "Plan Width": 49, "Inner Unique": false, "Plans": [{"Node Type": "Nested Loop", "Parent Relationship": "Outer", "Join Type": "Inner", "Startup Cost": 10000000001.65, "Total Cost": 1000012200744.81, "Plan Rows": 53, "Plan Width": 53, "Inner Unique": true, "Plans": [{"Node Type": "Nested Loop", "Parent Relationship": "Outer", "Join Type": "Inner", "Startup Cost": 10000000001.0, "Total Cost": 1000011659757.19, "Plan Rows": 115768, "Plan Width": 32, "Inner Unique": false, "Plans": [{"Node Type": "Index Scan", "Parent Relationship": "Outer", "Scan Direction": "Forward", "Index Name": "person_id_aka_name", "Relation Name": "aka_name", "Alias": "an", "Startup Cost": 10000000000.0, "Total Cost": 1000006896503.43, "Plan Rows": 901342, "Plan Width": 20}, {"Node Type": "Bitmap Heap Scan", "Parent Relationship": "Inner", "Relation Name": "cast_info", "Alias": "ci", "Startup Cost": 1.0, "Total Cost": 5.27, "Plan Rows": 1, "Plan Width": 12, "Recheck Cond": "(person_id = an.person_id)", "Filter": "((note)::text = '(voice: English version)'::text)", "Plans": [{"Node Type": "Bitmap Index Scan", "Parent Relationship": "Outer", "Index Name": "person_id_cast_info", "Startup Cost": 0.0, "Total Cost": 1.0, "Plan Rows": 18, "Plan Width": 0, "Index Cond": "(person_id = an.person_id)"}]}]}, {"Node Type": "Bitmap Heap Scan", "Parent Relationship": "Inner", "Relation Name": "title", "Alias": "t", "Startup Cost": 0.64, "Total Cost": 4.66, "Plan Rows": 1, "Plan Width": 21, "Recheck Cond": "(id = ci.movie_id)", "Filter": "((production_year >= 2006) AND (production_year <= 2007) AND (((title)::text ~~ 'One Piece%'::text) OR ((title)::text ~~ 'Dragon Ball Z%'::text)))", "Plans": [{"Node Type": "Bitmap Index Scan", "Parent Relationship": "Outer", "Index Name": "title_pkey", "Startup Cost": 0.0, "Total Cost": 0.64, "Plan Rows": 1, "Plan Width": 0, "Index Cond": "(id = ci.movie_id)"}]}]}, {"Node Type": "Bitmap Heap Scan", "Parent Relationship": "Inner", "Relation Name": "movie_companies", "Alias": "mc", "Startup Cost": 0.66, "Total Cost": 4.71, "Plan Rows": 1, "Plan Width": 8, "Recheck Cond": "(movie_id = ci.movie_id)", "Filter": "(((note)::text ~~ '%(Japan)%'::text) AND ((note)::text !~~ '%(USA)%'::text) AND (((note)::text ~~ '%(2006)%'::text) OR ((note)::text ~~ '%(2007)%'::text)))", "Plans": [{"Node Type": "Bitmap Index Scan", "Parent Relationship": "Outer", "Index Name": "movie_id_movie_companies", "Startup Cost": 0.0, "Total Cost": 0.66, "Plan Rows": 2, "Plan Width": 0, "Index Cond": "(movie_id = ci.movie_id)"}]}]}, {"Node Type": "Bitmap Heap Scan", "Parent Relationship": "Inner", "Relation Name": "company_name", "Alias": "cn", "Startup Cost": 1.23, "Total Cost": 5.24, "Plan Rows": 1, "Plan Width": 4, "Recheck Cond": "(id = mc.company_id)", "Filter": "((country_code)::text = '[jp]'::text)", "Plans": [{"Node Type": "Bitmap Index Scan", "Parent Relationship": "Outer", "Index Name": "company_name_pkey", "Startup Cost": 0.0, "Total Cost": 1.23, "Plan Rows": 1, "Plan Width": 0, "Index Cond": "(id = mc.company_id)"}]}]}, {"Node Type": "Bitmap Heap Scan", "Parent Relationship": "Inner", "Relation Name": "role_type", "Alias": "rt", "Startup Cost": 0.26, "Total Cost": 4.27, "Plan Rows": 1, "Plan Width": 4, "Recheck Cond": "(id = ci.role_id)", "Filter": "((role)::text = 'actress'::text)", "Plans": [{"Node Type": "Bitmap Index Scan", "Parent Relationship": "Outer", "Index Name": "role_type_pkey", "Startup Cost": 0.0, "Total Cost": 0.26, "Plan Rows": 1, "Plan Width": 0, "Index Cond": "(id = ci.role_id)"}]}]}, {"Node Type": "Bitmap Heap Scan", "Parent Relationship": "Inner", "Relation Name": "name", "Alias": "n", "Startup Cost": 0.33, "Total Cost": 4.34, "Plan Rows": 1, "Plan Width": 4, "Recheck Cond": "(id = an.person_id)", "Filter": "(((name)::text ~~ '%Yo%'::text) AND ((name)::text !~~ '%Yu%'::text))", "Plans": [{"Node Type": "Bitmap Index Scan", "Parent Relationship": "Outer", "Index Name": "name_pkey", "Startup Cost": 0.0, "Total Cost": 0.33, "Plan Rows": 1, "Plan Width": 0, "Index Cond": "(id = an.person_id)"}]}]}]}, "Unique SQL Id": 3956435728, "Planner Runtime": 6}, "explain_analyze_plan": null}, "(1, '40')": {"explain_plan": {"Plan": {"Node Type": "Aggregate", "Strategy": "Plain", "Startup Cost": 76019.18, "Total Cost": 76019.19, "Plan Rows": 1, "Plan Width": 97, "Plans": [{"Node Type": "Nested Loop", "Parent Relationship": "Outer", "Join Type": "Inner", "Startup Cost": 5982.08, "Total Cost": 76019.18, "Plan Rows": 1, "Plan Width": 33, "Inner Unique": true, "Plans": [{"Node Type": "Nested Loop", "Parent Relationship": "Outer", "Join Type": "Inner", "Startup Cost": 5982.08, "Total Cost": 76018.9, "Plan Rows": 1, "Plan Width": 37, "Inner Unique": true, "Plans": [{"Node Type": "Nested Loop", "Parent Relationship": "Outer", "Join Type": "Inner", "Startup Cost": 5982.08, "Total Cost": 76018.31, "Plan Rows": 1, "Plan Width": 45, "Inner Unique": false, "Plans": [{"Node Type": "Nested Loop", "Parent Relationship": "Outer", "Join Type": "Inner", "Startup Cost": 5982.08, "Total Cost": 76017.46, "Plan Rows": 1, "Plan Width": 25, "Inner Unique": false, "Join Filter": "(t.id = ci.movie_id)", "Plans": [{"Node Type": "Nested Loop", "Parent Relationship": "Outer", "Join Type": "Inner", "Startup Cost": 5982.08, "Total Cost": 75961.68, "Plan Rows": 2, "Plan Width": 25, "Inner Unique": true, "Plans": [{"Node Type": "Hash Join", "Parent Relationship": "Outer", "Join Type": "Inner", "Startup Cost": 5982.08, "Total Cost": 73899.45, "Plan Rows": 262, "Plan Width": 4, "Inner Unique": true, "Hash Cond": "(mc.company_id = cn.id)", "Plans": [{"Node Type": "Seq Scan", "Parent Relationship": "Outer", "Relation Name": "movie_companies", "Alias": "mc", "Startup Cost": 0.0, "Total Cost": 67908.56, "Plan Rows": 1652, "Plan Width": 8, "Filter": "(((note)::text ~~ '%(Japan)%'::text) AND ((note)::text !~~ '%(USA)%'::text) AND (((note)::text ~~ '%(2006)%'::text) OR ((note)::text ~~ '%(2007)%'::text)))"}, {"Node Type": "Hash", "Parent Relationship": "Inner", "Startup Cost": 5903.45, "Total Cost": 5903.45, "Plan Rows": 6290, "Plan Width": 4, "Plans": [{"Node Type": "Seq Scan", "Parent Relationship": "Outer", "Relation Name": "company_name", "Alias": "cn", "Startup Cost": 0.0, "Total Cost": 5903.45, "Plan Rows": 6290, "Plan Width": 4, "Filter": "((country_code)::text = '[jp]'::text)"}]}]}, {"Node Type": "Index Scan", "Parent Relationship": "Inner", "Scan Direction": "Forward", "Index Name": "title_pkey", "Relation Name": "title", "Alias": "t", "Startup Cost": 0.0, "Total Cost": 7.86, "Plan Rows": 1, "Plan Width": 21, "Index Cond": "(id = mc.movie_id)", "Filter": "((production_year >= 2006) AND (production_year <= 2007) AND (((title)::text ~~ 'One Piece%'::text) OR ((title)::text ~~ 'Dragon Ball Z%'::text)))"}]}, {"Node Type": "Index Scan", "Parent Relationship": "Inner", "Scan Direction": "Forward", "Index Name": "movie_id_cast_info", "Relation Name": "cast_info", "Alias": "ci", "Startup Cost": 0.0, "Total Cost": 27.88, "Plan Rows": 1, "Plan Width": 12, "Index Cond": "(movie_id = mc.movie_id)", "Filter": "((note)::text = '(voice: English version)'::text)"}]}, {"Node Type": "Index Scan", "Parent Relationship": "Inner", "Scan Direction": "Forward", "Index Name": "person_id_aka_name", "Relation Name": "aka_name", "Alias": "an", "Startup Cost": 0.0, "Total Cost": 0.84, "Plan Rows": 1, "Plan Width": 20, "Index Cond": "(person_id = ci.person_id)"}]}, {"Node Type": "Index Scan", "Parent Relationship": "Inner", "Scan Direction": "Forward", "Index Name": "name_pkey", "Relation Name": "name", "Alias": "n", "Startup Cost": 0.0, "Total Cost": 0.57, "Plan Rows": 1, "Plan Width": 4, "Index Cond": "(id = an.person_id)", "Filter": "(((name)::text ~~ '%Yo%'::text) AND ((name)::text !~~ '%Yu%'::text))"}]}, {"Node Type": "Index Scan", "Parent Relationship": "Inner", "Scan Direction": "Forward", "Index Name": "role_type_pkey", "Relation Name": "role_type", "Alias": "rt", "Startup Cost": 0.0, "Total Cost": 0.27, "Plan Rows": 1, "Plan Width": 4, "Index Cond": "(id = ci.role_id)", "Filter": "((role)::text = 'actress'::text)"}]}]}, "Unique SQL Id": 3956435728, "Planner Runtime": 9}, "explain_analyze_plan": {"Plan": {"Node Type": "Aggregate", "Strategy": "Plain", "Startup Cost": 76019.18, "Total Cost": 76019.19, "Plan Rows": 1, "Plan Width": 97, "Actual Startup Time": 1150.019, "Actual Total Time": 1150.02, "Actual Rows": 1, "Actual Loops": 1, "Plans": [{"Node Type": "Nested Loop", "Parent Relationship": "Outer", "Join Type": "Inner", "Startup Cost": 5982.08, "Total Cost": 76019.18, "Plan Rows": 1, "Plan Width": 33, "Actual Startup Time": 445.745, "Actual Total Time": 1149.979, "Actual Rows": 6, "Actual Loops": 1, "Inner Unique": true, "Plans": [{"Node Type": "Nested Loop", "Parent Relationship": "Outer", "Join Type": "Inner", "Startup Cost": 5982.08, "Total Cost": 76018.9, "Plan Rows": 1, "Plan Width": 37, "Actual Startup Time": 445.724, "Actual Total Time": 1149.932, "Actual Rows": 6, "Actual Loops": 1, "Inner Unique": true, "Plans": [{"Node Type": "Nested Loop", "Parent Relationship": "Outer", "Join Type": "Inner", "Startup Cost": 5982.08, "Total Cost": 76018.31, "Plan Rows": 1, "Plan Width": 45, "Actual Startup Time": 445.108, "Actual Total Time": 1148.889, "Actual Rows": 171, "Actual Loops": 1, "Inner Unique": false, "Plans": [{"Node Type": "Nested Loop", "Parent Relationship": "Outer", "Join Type": "Inner", "Startup Cost": 5982.08, "Total Cost": 76017.46, "Plan Rows": 1, "Plan Width": 25, "Actual Startup Time": 445.082, "Actual Total Time": 1148.012, "Actual Rows": 104, "Actual Loops": 1, "Inner Unique": false, "Join Filter": "(t.id = ci.movie_id)", "Rows Removed by Join Filter": 0, "Plans": [{"Node Type": "Nested Loop", "Parent Relationship": "Outer", "Join Type": "Inner", "Startup Cost": 5982.08, "Total Cost": 75961.68, "Plan Rows": 2, "Plan Width": 25, "Actual Startup Time": 445.02, "Actual Total Time": 1147.431, "Actual Rows": 4, "Actual Loops": 1, "Inner Unique": true, "Plans": [{"Node Type": "Hash Join", "Parent Relationship": "Outer", "Join Type": "Inner", "Startup Cost": 5982.08, "Total Cost": 73899.45, "Plan Rows": 262, "Plan Width": 4, "Actual Startup Time": 89.577, "Actual Total Time": 1092.318, "Actual Rows": 8495, "Actual Loops": 1, "Inner Unique": true, "Hash Cond": "(mc.company_id = cn.id)", "Plans": [{"Node Type": "Seq Scan", "Parent Relationship": "Outer", "Relation Name": "movie_companies", "Alias": "mc", "Startup Cost": 0.0, "Total Cost": 67908.56, "Plan Rows": 1652, "Plan Width": 8, "Actual Startup Time": 0.283, "Actual Total Time": 997.739, "Actual Rows": 8569, "Actual Loops": 1, "Filter": "(((note)::text ~~ '%(Japan)%'::text) AND ((note)::text !~~ '%(USA)%'::text) AND (((note)::text ~~ '%(2006)%'::text) OR ((note)::text ~~ '%(2007)%'::text)))", "Rows Removed by Filter": 2600559}, {"Node Type": "Hash", "Parent Relationship": "Inner", "Startup Cost": 5903.45, "Total Cost": 5903.45, "Plan Rows": 6290, "Plan Width": 4, "Actual Startup Time": 89.227, "Actual Total Time": 89.227, "Actual Rows": 6752, "Actual Loops": 1, "Hash Buckets": 32768, "Hash Batches": 1, "Original Hash Batches": 1, "Peak Memory Usage": 238, "Plans": [{"Node Type": "Seq Scan", "Parent Relationship": "Outer", "Relation Name": "company_name", "Alias": "cn", "Startup Cost": 0.0, "Total Cost": 5903.45, "Plan Rows": 6290, "Plan Width": 4, "Actual Startup Time": 0.03, "Actual Total Time": 86.954, "Actual Rows": 6752, "Actual Loops": 1, "Filter": "((country_code)::text = '[jp]'::text)", "Rows Removed by Filter": 228244}]}]}, {"Node Type": "Index Scan", "Parent Relationship": "Inner", "Scan Direction": "Forward", "Index Name": "title_pkey", "Relation Name": "title", "Alias": "t", "Startup Cost": 0.0, "Total Cost": 7.86, "Plan Rows": 1, "Plan Width": 21, "Actual Startup Time": 50.564, "Actual Total Time": 50.564, "Actual Rows": 4, "Actual Loops": 8495, "Index Cond": "(id = mc.movie_id)", "Rows Removed by Index Recheck": 0, "Filter": "((production_year >= 2006) AND (production_year <= 2007) AND (((title)::text ~~ 'One Piece%'::text) OR ((title)::text ~~ 'Dragon Ball Z%'::text)))", "Rows Removed by Filter": 8491}]}, {"Node Type": "Index Scan", "Parent Relationship": "Inner", "Scan Direction": "Forward", "Index Name": "movie_id_cast_info", "Relation Name": "cast_info", "Alias": "ci", "Startup Cost": 0.0, "Total Cost": 27.88, "Plan Rows": 1, "Plan Width": 12, "Actual Startup Time": 0.171, "Actual Total Time": 0.512, "Actual Rows": 104, "Actual Loops": 4, "Index Cond": "(movie_id = mc.movie_id)", "Rows Removed by Index Recheck": 0, "Filter": "((note)::text = '(voice: English version)'::text)", "Rows Removed by Filter": 68}]}, {"Node Type": "Index Scan", "Parent Relationship": "Inner", "Scan Direction": "Forward", "Index Name": "person_id_aka_name", "Relation Name": "aka_name", "Alias": "an", "Startup Cost": 0.0, "Total Cost": 0.84, "Plan Rows": 1, "Plan Width": 20, "Actual Startup Time": 0.648, "Actual Total Time": 0.763, "Actual Rows": 171, "Actual Loops": 104, "Index Cond": "(person_id = ci.person_id)", "Rows Removed by Index Recheck": 0}]}, {"Node Type": "Index Scan", "Parent Relationship": "Inner", "Scan Direction": "Forward", "Index Name": "name_pkey", "Relation Name": "name", "Alias": "n", "Startup Cost": 0.0, "Total Cost": 0.57, "Plan Rows": 1, "Plan Width": 4, "Actual Startup Time": 0.944, "Actual Total Time": 0.944, "Actual Rows": 6, "Actual Loops": 171, "Index Cond": "(id = an.person_id)", "Rows Removed by Index Recheck": 0, "Filter": "(((name)::text ~~ '%Yo%'::text) AND ((name)::text !~~ '%Yu%'::text))", "Rows Removed by Filter": 165}]}, {"Node Type": "Index Scan", "Parent Relationship": "Inner", "Scan Direction": "Forward", "Index Name": "role_type_pkey", "Relation Name": "role_type", "Alias": "rt", "Startup Cost": 0.0, "Total Cost": 0.27, "Plan Rows": 1, "Plan Width": 4, "Actual Startup Time": 0.031, "Actual Total Time": 0.031, "Actual Rows": 6, "Actual Loops": 6, "Index Cond": "(id = ci.role_id)", "Rows Removed by Index Recheck": 0, "Filter": "((role)::text = 'actress'::text)", "Rows Removed by Filter": 0}]}]}, "Triggers": [], "Planner Runtime": 21.278, "Total Runtime": 1150.324, "Unique SQL Id": 3956435728}}, "(1, '41')": {"explain_plan": {"Plan": {"Node Type": "Aggregate", "Strategy": "Plain", "Startup Cost": 84111.26, "Total Cost": 84111.27, "Plan Rows": 1, "Plan Width": 97, "Plans": [{"Node Type": "Nested Loop", "Parent Relationship": "Outer", "Join Type": "Inner", "Startup Cost": 0.0, "Total Cost": 84111.26, "Plan Rows": 1, "Plan Width": 33, "Inner Unique": true, "Plans": [{"Node Type": "Nested Loop", "Parent Relationship": "Outer", "Join Type": "Inner", "Startup Cost": 0.0, "Total Cost": 84110.97, "Plan Rows": 1, "Plan Width": 37, "Inner Unique": true, "Plans": [{"Node Type": "Nested Loop", "Parent Relationship": "Outer", "Join Type": "Inner", "Startup Cost": 0.0, "Total Cost": 84110.39, "Plan Rows": 1, "Plan Width": 45, "Inner Unique": false, "Plans": [{"Node Type": "Nested Loop", "Parent Relationship": "Outer", "Join Type": "Inner", "Startup Cost": 0.0, "Total Cost": 84109.54, "Plan Rows": 1, "Plan Width": 25, "Inner Unique": false, "Join Filter": "(t.id = ci.movie_id)", "Plans": [{"Node Type": "Nested Loop", "Parent Relationship": "Outer", "Join Type": "Inner", "Startup Cost": 0.0, "Total Cost": 84053.76, "Plan Rows": 2, "Plan Width": 25, "Inner Unique": true, "Plans": [{"Node Type": "Nested Loop", "Parent Relationship": "Outer", "Join Type": "Inner", "Startup Cost": 0.0, "Total Cost": 81991.53, "Plan Rows": 262, "Plan Width": 4, "Inner Unique": false, "Plans": [{"Node Type": "Index Scan", "Parent Relationship": "Outer", "Scan Direction": "Forward", "Index Name": "company_name_pkey", "Relation Name": "company_name", "Alias": "cn", "Startup Cost": 0.0, "Total Cost": 10501.39, "Plan Rows": 6290, "Plan Width": 4, "Filter": "((country_code)::text = '[jp]'::text)"}, {"Node Type": "Index Scan", "Parent Relationship": "Inner", "Scan Direction": "Forward", "Index Name": "company_id_movie_companies", "Relation Name": "movie_companies", "Alias": "mc", "Startup Cost": 0.0, "Total Cost": 11.36, "Plan Rows": 1, "Plan Width": 8, "Index Cond": "(company_id = cn.id)", "Filter": "(((note)::text ~~ '%(Japan)%'::text) AND ((note)::text !~~ '%(USA)%'::text) AND (((note)::text ~~ '%(2006)%'::text) OR ((note)::text ~~ '%(2007)%'::text)))"}]}, {"Node Type": "Index Scan", "Parent Relationship": "Inner", "Scan Direction": "Forward", "Index Name": "title_pkey", "Relation Name": "title", "Alias": "t", "Startup Cost": 0.0, "Total Cost": 7.86, "Plan Rows": 1, "Plan Width": 21, "Index Cond": "(id = mc.movie_id)", "Filter": "((production_year >= 2006) AND (production_year <= 2007) AND (((title)::text ~~ 'One Piece%'::text) OR ((title)::text ~~ 'Dragon Ball Z%'::text)))"}]}, {"Node Type": "Index Scan", "Parent Relationship": "Inner", "Scan Direction": "Forward", "Index Name": "movie_id_cast_info", "Relation Name": "cast_info", "Alias": "ci", "Startup Cost": 0.0, "Total Cost": 27.88, "Plan Rows": 1, "Plan Width": 12, "Index Cond": "(movie_id = mc.movie_id)", "Filter": "((note)::text = '(voice: English version)'::text)"}]}, {"Node Type": "Index Scan", "Parent Relationship": "Inner", "Scan Direction": "Forward", "Index Name": "person_id_aka_name", "Relation Name": "aka_name", "Alias": "an", "Startup Cost": 0.0, "Total Cost": 0.84, "Plan Rows": 1, "Plan Width": 20, "Index Cond": "(person_id = ci.person_id)"}]}, {"Node Type": "Index Scan", "Parent Relationship": "Inner", "Scan Direction": "Forward", "Index Name": "name_pkey", "Relation Name": "name", "Alias": "n", "Startup Cost": 0.0, "Total Cost": 0.57, "Plan Rows": 1, "Plan Width": 4, "Index Cond": "(id = an.person_id)", "Filter": "(((name)::text ~~ '%Yo%'::text) AND ((name)::text !~~ '%Yu%'::text))"}]}, {"Node Type": "Index Scan", "Parent Relationship": "Inner", "Scan Direction": "Forward", "Index Name": "role_type_pkey", "Relation Name": "role_type", "Alias": "rt", "Startup Cost": 0.0, "Total Cost": 0.27, "Plan Rows": 1, "Plan Width": 4, "Index Cond": "(id = ci.role_id)", "Filter": "((role)::text = 'actress'::text)"}]}]}, "Unique SQL Id": 3956435728, "Planner Runtime": 7}, "explain_analyze_plan": {"Plan": {"Node Type": "Aggregate", "Strategy": "Plain", "Startup Cost": 84111.26, "Total Cost": 84111.27, "Plan Rows": 1, "Plan Width": 97, "Actual Startup Time": 581.73, "Actual Total Time": 581.73, "Actual Rows": 1, "Actual Loops": 1, "Plans": [{"Node Type": "Nested Loop", "Parent Relationship": "Outer", "Join Type": "Inner", "Startup Cost": 0.0, "Total Cost": 84111.26, "Plan Rows": 1, "Plan Width": 33, "Actual Startup Time": 54.321, "Actual Total Time": 581.694, "Actual Rows": 6, "Actual Loops": 1, "Inner Unique": true, "Plans": [{"Node Type": "Nested Loop", "Parent Relationship": "Outer", "Join Type": "Inner", "Startup Cost": 0.0, "Total Cost": 84110.97, "Plan Rows": 1, "Plan Width": 37, "Actual Startup Time": 54.312, "Actual Total Time": 581.658, "Actual Rows": 6, "Actual Loops": 1, "Inner Unique": true, "Plans": [{"Node Type": "Nested Loop", "Parent Relationship": "Outer", "Join Type": "Inner", "Startup Cost": 0.0, "Total Cost": 84110.39, "Plan Rows": 1, "Plan Width": 45, "Actual Startup Time": 53.198, "Actual Total Time": 580.628, "Actual Rows": 171, "Actual Loops": 1, "Inner Unique": false, "Plans": [{"Node Type": "Nested Loop", "Parent Relationship": "Outer", "Join Type": "Inner", "Startup Cost": 0.0, "Total Cost": 84109.54, "Plan Rows": 1, "Plan Width": 25, "Actual Startup Time": 53.177, "Actual Total Time": 579.772, "Actual Rows": 104, "Actual Loops": 1, "Inner Unique": false, "Join Filter": "(t.id = ci.movie_id)", "Rows Removed by Join Filter": 0, "Plans": [{"Node Type": "Nested Loop", "Parent Relationship": "Outer", "Join Type": "Inner", "Startup Cost": 0.0, "Total Cost": 84053.76, "Plan Rows": 2, "Plan Width": 25, "Actual Startup Time": 53.042, "Actual Total Time": 579.227, "Actual Rows": 4, "Actual Loops": 1, "Inner Unique": true, "Plans": [{"Node Type": "Nested Loop", "Parent Relationship": "Outer", "Join Type": "Inner", "Startup Cost": 0.0, "Total Cost": 81991.53, "Plan Rows": 262, "Plan Width": 4, "Actual Startup Time": 0.312, "Actual Total Time": 518.839, "Actual Rows": 8495, "Actual Loops": 1, "Inner Unique": false, "Plans": [{"Node Type": "Index Scan", "Parent Relationship": "Outer", "Scan Direction": "Forward", "Index Name": "company_name_pkey", "Relation Name": "company_name", "Alias": "cn", "Startup Cost": 0.0, "Total Cost": 10501.39, "Plan Rows": 6290, "Plan Width": 4, "Actual Startup Time": 0.264, "Actual Total Time": 291.012, "Actual Rows": 6752, "Actual Loops": 1, "Filter": "((country_code)::text = '[jp]'::text)", "Rows Removed by Filter": 228244}, {"Node Type": "Index Scan", "Parent Relationship": "Inner", "Scan Direction": "Forward", "Index Name": "company_id_movie_companies", "Relation Name": "movie_companies", "Alias": "mc", "Startup Cost": 0.0, "Total Cost": 11.36, "Plan Rows": 1, "Plan Width": 8, "Actual Startup Time": 100.149, "Actual Total Time": 221.814, "Actual Rows": 8495, "Actual Loops": 6752, "Index Cond": "(company_id = cn.id)", "Rows Removed by Index Recheck": 0, "Filter": "(((note)::text ~~ '%(Japan)%'::text) AND ((note)::text !~~ '%(USA)%'::text) AND (((note)::text ~~ '%(2006)%'::text) OR ((note)::text ~~ '%(2007)%'::text)))", "Rows Removed by Filter": 96500}]}, {"Node Type": "Index Scan", "Parent Relationship": "Inner", "Scan Direction": "Forward", "Index Name": "title_pkey", "Relation Name": "title", "Alias": "t", "Startup Cost": 0.0, "Total Cost": 7.86, "Plan Rows": 1, "Plan Width": 21, "Actual Startup Time": 55.844, "Actual Total Time": 55.844, "Actual Rows": 4, "Actual Loops": 8495, "Index Cond": "(id = mc.movie_id)", "Rows Removed by Index Recheck": 0, "Filter": "((production_year >= 2006) AND (production_year <= 2007) AND (((title)::text ~~ 'One Piece%'::text) OR ((title)::text ~~ 'Dragon Ball Z%'::text)))", "Rows Removed by Filter": 8491}]}, {"Node Type": "Index Scan", "Parent Relationship": "Inner", "Scan Direction": "Forward", "Index Name": "movie_id_cast_info", "Relation Name": "cast_info", "Alias": "ci", "Startup Cost": 0.0, "Total Cost": 27.88, "Plan Rows": 1, "Plan Width": 12, "Actual Startup Time": 0.155, "Actual Total Time": 0.487, "Actual Rows": 104, "Actual Loops": 4, "Index Cond": "(movie_id = mc.movie_id)", "Rows Removed by Index Recheck": 0, "Filter": "((note)::text = '(voice: English version)'::text)", "Rows Removed by Filter": 68}]}, {"Node Type": "Index Scan", "Parent Relationship": "Inner", "Scan Direction": "Forward", "Index Name": "person_id_aka_name", "Relation Name": "aka_name", "Alias": "an", "Startup Cost": 0.0, "Total Cost": 0.84, "Plan Rows": 1, "Plan Width": 20, "Actual Startup Time": 0.629, "Actual Total Time": 0.74, "Actual Rows": 171, "Actual Loops": 104, "Index Cond": "(person_id = ci.person_id)", "Rows Removed by Index Recheck": 0}]}, {"Node Type": "Index Scan", "Parent Relationship": "Inner", "Scan Direction": "Forward", "Index Name": "name_pkey", "Relation Name": "name", "Alias": "n", "Startup Cost": 0.0, "Total Cost": 0.57, "Plan Rows": 1, "Plan Width": 4, "Actual Startup Time": 0.94, "Actual Total Time": 0.94, "Actual Rows": 6, "Actual Loops": 171, "Index Cond": "(id = an.person_id)", "Rows Removed by Index Recheck": 0, "Filter": "(((name)::text ~~ '%Yo%'::text) AND ((name)::text !~~ '%Yu%'::text))", "Rows Removed by Filter": 165}]}, {"Node Type": "Index Scan", "Parent Relationship": "Inner", "Scan Direction": "Forward", "Index Name": "role_type_pkey", "Relation Name": "role_type", "Alias": "rt", "Startup Cost": 0.0, "Total Cost": 0.27, "Plan Rows": 1, "Plan Width": 4, "Actual Startup Time": 0.022, "Actual Total Time": 0.022, "Actual Rows": 6, "Actual Loops": 6, "Index Cond": "(id = ci.role_id)", "Rows Removed by Index Recheck": 0, "Filter": "((role)::text = 'actress'::text)", "Rows Removed by Filter": 0}]}]}, "Triggers": [], "Planner Runtime": 25.043, "Total Runtime": 582.138, "Unique SQL Id": 3956435728}}, "(1, '42')": {"explain_plan": {"Plan": {"Node Type": "Aggregate", "Strategy": "Plain", "Startup Cost": 999566.81, "Total Cost": 999566.82, "Plan Rows": 1, "Plan Width": 97, "Plans": [{"Node Type": "Nested Loop", "Parent Relationship": "Outer", "Join Type": "Inner", "Startup Cost": 4536.65, "Total Cost": 999566.8, "Plan Rows": 1, "Plan Width": 33, "Inner Unique": true, "Join Filter": "(an.person_id = n.id)", "Plans": [{"Node Type": "Nested Loop", "Parent Relationship": "Outer", "Join Type": "Inner", "Startup Cost": 4536.65, "Total Cost": 885483.88, "Plan Rows": 1, "Plan Width": 41, "Inner Unique": true, "Join Filter": "(mc.company_id = cn.id)", "Plans": [{"Node Type": "Nested Loop", "Parent Relationship": "Outer", "Join Type": "Inner", "Startup Cost": 4536.65, "Total Cost": 879501.8, "Plan Rows": 1, "Plan Width": 45, "Inner Unique": false, "Join Filter": "(ci.person_id = an.person_id)", "Plans": [{"Node Type": "Nested Loop", "Parent Relationship": "Outer", "Join Type": "Inner", "Startup Cost": 4536.65, "Total Cost": 848326.61, "Plan Rows": 1, "Plan Width": 25, "Inner Unique": false, "Join Filter": "(ci.movie_id = t.id)", "Plans": [{"Node Type": "Nested Loop", "Parent Relationship": "Outer", "Join Type": "Inner", "Startup Cost": 0.0, "Total Cost": 693736.48, "Plan Rows": 8790, "Plan Width": 8, "Inner Unique": false, "Join Filter": "(ci.role_id = rt.id)", "Plans": [{"Node Type": "Seq Scan", "Parent Relationship": "Outer", "Relation Name": "role_type", "Alias": "rt", "Startup Cost": 0.0, "Total Cost": 1.15, "Plan Rows": 1, "Plan Width": 4, "Filter": "((role)::text = 'actress'::text)"}, {"Node Type": "Seq Scan", "Parent Relationship": "Inner", "Relation Name": "cast_info", "Alias": "ci", "Startup Cost": 0.0, "Total Cost": 692526.68, "Plan Rows": 96692, "Plan Width": 12, "Filter": "((note)::text = '(voice: English version)'::text)"}]}, {"Node Type": "Materialize", "Parent Relationship": "Inner", "Startup Cost": 4536.65, "Total Cost": 154326.44, "Plan Rows": 2, "Plan Width": 29, "Plans": [{"Node Type": "Nested Loop", "Parent Relationship": "Outer", "Join Type": "Inner", "Startup Cost": 4536.65, "Total Cost": 154326.43, "Plan Rows": 2, "Plan Width": 29, "Inner Unique": true, "Join Filter": "(mc.movie_id = t.id)", "Plans": [{"Node Type": "Seq Scan", "Parent Relationship": "Outer", "Relation Name": "movie_companies", "Alias": "mc", "Startup Cost": 0.0, "Total Cost": 67908.56, "Plan Rows": 1652, "Plan Width": 8, "Filter": "(((note)::text ~~ '%(Japan)%'::text) AND ((note)::text !~~ '%(USA)%'::text) AND (((note)::text ~~ '%(2006)%'::text) OR ((note)::text ~~ '%(2007)%'::text)))"}, {"Node Type": "Materialize", "Parent Relationship": "Inner", "Startup Cost": 4536.65, "Total Cost": 85352.43, "Plan Rows": 43, "Plan Width": 21, "Plans": [{"Node Type": "Seq Scan", "Parent Relationship": "Outer", "Relation Name": "title", "Alias": "t", "Startup Cost": 4536.65, "Total Cost": 85352.22, "Plan Rows": 43, "Plan Width": 21, "Filter": "((production_year >= 2006) AND (production_year <= 2007) AND (((title)::text ~~ 'One Piece%'::text) OR ((title)::text ~~ 'Dragon Ball Z%'::text)))"}]}]}]}]}, {"Node Type": "Seq Scan", "Parent Relationship": "Inner", "Relation Name": "aka_name", "Alias": "an", "Startup Cost": 0.0, "Total Cost": 19908.42, "Plan Rows": 901342, "Plan Width": 20}]}, {"Node Type": "Seq Scan", "Parent Relationship": "Inner", "Relation Name": "company_name", "Alias": "cn", "Startup Cost": 0.0, "Total Cost": 5903.45, "Plan Rows": 6290, "Plan Width": 4, "Filter": "((country_code)::text = '[jp]'::text)"}]}, {"Node Type": "Seq Scan", "Parent Relationship": "Inner", "Relation Name": "name", "Alias": "n", "Startup Cost": 0.0, "Total Cost": 113909.35, "Plan Rows": 13886, "Plan Width": 4, "Filter": "(((name)::text ~~ '%Yo%'::text) AND ((name)::text !~~ '%Yu%'::text))"}]}]}, "Unique SQL Id": 3956435728, "Planner Runtime": 34}, "explain_analyze_plan": null}, "(1, '43')": {"explain_plan": {"Plan": {"Node Type": "Aggregate", "Strategy": "Plain", "Startup Cost": 7000171740968.88, "Total Cost": 7000171740968.89, "Plan Rows": 1, "Plan Width": 97, "Plans": [{"Node Type": "Nested Loop", "Parent Relationship": "Outer", "Join Type": "Inner", "Startup Cost": 70000000000.0, "Total Cost": 7000171740968.87, "Plan Rows": 1, "Plan Width": 33, "Inner Unique": true, "Join Filter": "(ci.role_id = rt.id)", "Plans": [{"Node Type": "Nested Loop", "Parent Relationship": "Outer", "Join Type": "Inner", "Startup Cost": 60000000000.0, "Total Cost": 6000171739722.86, "Plan Rows": 1, "Plan Width": 37, "Inner Unique": true, "Plans": [{"Node Type": "Nested Loop", "Parent Relationship": "Outer", "Join Type": "Inner", "Startup Cost": 50000000000.0, "Total Cost": 5000171739665.63, "Plan Rows": 1, "Plan Width": 45, "Inner Unique": true, "Plans": [{"Node Type": "Nested Loop", "Parent Relationship": "Outer", "Join Type": "Inner", "Startup Cost": 40000000000.0, "Total Cost": 4000171739228.2, "Plan Rows": 1, "Plan Width": 49, "Inner Unique": false, "Plans": [{"Node Type": "Nested Loop", "Parent Relationship": "Outer", "Join Type": "Inner", "Startup Cost": 30000000000.0, "Total Cost": 3000171739143.81, "Plan Rows": 1, "Plan Width": 29, "Inner Unique": false, "Join Filter": "(t.id = ci.movie_id)", "Plans": [{"Node Type": "Index Scan", "Parent Relationship": "Outer", "Scan Direction": "Forward", "Index Name": "role_id_cast_info", "Relation Name": "cast_info", "Alias": "ci", "Startup Cost": 10000000000.0, "Total Cost": 1000143218339.5, "Plan Rows": 96692, "Plan Width": 12, "Filter": "((note)::text = '(voice: English version)'::text)"}, {"Node Type": "Materialize", "Parent Relationship": "Inner", "Startup Cost": 20000000000.0, "Total Cost": 2000028517903.55, "Plan Rows": 2, "Plan Width": 29, "Plans": [{"Node Type": "Nested Loop", "Parent Relationship": "Outer", "Join Type": "Inner", "Startup Cost": 20000000000.0, "Total Cost": 2000028517903.54, "Plan Rows": 2, "Plan Width": 29, "Inner Unique": true, "Join Filter": "(mc.movie_id = t.id)", "Plans": [{"Node Type": "Index Scan", "Parent Relationship": "Outer", "Scan Direction": "Forward", "Index Name": "company_id_movie_companies", "Relation Name": "movie_companies", "Alias": "mc", "Startup Cost": 10000000000.0, "Total Cost": 1000014976477.98, "Plan Rows": 1652, "Plan Width": 8, "Filter": "(((note)::text ~~ '%(Japan)%'::text) AND ((note)::text !~~ '%(USA)%'::text) AND (((note)::text ~~ '%(2006)%'::text) OR ((note)::text ~~ '%(2007)%'::text)))"}, {"Node Type": "Materialize", "Parent Relationship": "Inner", "Startup Cost": 10000000000.0, "Total Cost": 1000013540360.13, "Plan Rows": 43, "Plan Width": 21, "Plans": [{"Node Type": "Index Scan", "Parent Relationship": "Outer", "Scan Direction": "Forward", "Index Name": "title_pkey", "Relation Name": "title", "Alias": "t", "Startup Cost": 10000000000.0, "Total Cost": 1000013540359.91, "Plan Rows": 43, "Plan Width": 21, "Filter": "((production_year >= 2006) AND (production_year <= 2007) AND (((title)::text ~~ 'One Piece%'::text) OR ((title)::text ~~ 'Dragon Ball Z%'::text)))"}]}]}]}]}, {"Node Type": "Index Scan", "Parent Relationship": "Inner", "Scan Direction": "Forward", "Index Name": "person_id_aka_name", "Relation Name": "aka_name", "Alias": "an", "Startup Cost": 10000000000.0, "Total Cost": 1000000000084.38, "Plan Rows": 1, "Plan Width": 20, "Index Cond": "(person_id = ci.person_id)"}]}, {"Node Type": "Index Scan", "Parent Relationship": "Inner", "Scan Direction": "Forward", "Index Name": "company_name_pkey", "Relation Name": "company_name", "Alias": "cn", "Startup Cost": 10000000000.0, "Total Cost": 1000000000437.42, "Plan Rows": 1, "Plan Width": 4, "Index Cond": "(id = mc.company_id)", "Filter": "((country_code)::text = '[jp]'::text)"}]}, {"Node Type": "Index Scan", "Parent Relationship": "Inner", "Scan Direction": "Forward", "Index Name": "name_pkey", "Relation Name": "name", "Alias": "n", "Startup Cost": 10000000000.0, "Total Cost": 1000000000057.22, "Plan Rows": 1, "Plan Width": 4, "Index Cond": "(id = an.person_id)", "Filter": "(((name)::text ~~ '%Yo%'::text) AND ((name)::text !~~ '%Yu%'::text))"}]}, {"Node Type": "Index Scan", "Parent Relationship": "Inner", "Scan Direction": "Forward", "Index Name": "role_type_pkey", "Relation Name": "role_type", "Alias": "rt", "Startup Cost": 10000000000.0, "Total Cost": 1000000001246.0, "Plan Rows": 1, "Plan Width": 4, "Filter": "((role)::text = 'actress'::text)"}]}]}, "Unique SQL Id": 3956435728, "Planner Runtime": 16}, "explain_analyze_plan": null}, "(1, '44')": {"explain_plan": {"Plan": {"Node Type": "Aggregate", "Strategy": "Plain", "Startup Cost": 76019.18, "Total Cost": 76019.19, "Plan Rows": 1, "Plan Width": 97, "Plans": [{"Node Type": "Nested Loop", "Parent Relationship": "Outer", "Join Type": "Inner", "Startup Cost": 5982.08, "Total Cost": 76019.18, "Plan Rows": 1, "Plan Width": 33, "Inner Unique": true, "Plans": [{"Node Type": "Nested Loop", "Parent Relationship": "Outer", "Join Type": "Inner", "Startup Cost": 5982.08, "Total Cost": 76018.9, "Plan Rows": 1, "Plan Width": 37, "Inner Unique": true, "Plans": [{"Node Type": "Nested Loop", "Parent Relationship": "Outer", "Join Type": "Inner", "Startup Cost": 5982.08, "Total Cost": 76018.31, "Plan Rows": 1, "Plan Width": 45, "Inner Unique": false, "Plans": [{"Node Type": "Nested Loop", "Parent Relationship": "Outer", "Join Type": "Inner", "Startup Cost": 5982.08, "Total Cost": 76017.46, "Plan Rows": 1, "Plan Width": 25, "Inner Unique": false, "Join Filter": "(t.id = ci.movie_id)", "Plans": [{"Node Type": "Nested Loop", "Parent Relationship": "Outer", "Join Type": "Inner", "Startup Cost": 5982.08, "Total Cost": 75961.68, "Plan Rows": 2, "Plan Width": 25, "Inner Unique": true, "Plans": [{"Node Type": "Hash Join", "Parent Relationship": "Outer", "Join Type": "Inner", "Startup Cost": 5982.08, "Total Cost": 73899.45, "Plan Rows": 262, "Plan Width": 4, "Inner Unique": true, "Hash Cond": "(mc.company_id = cn.id)", "Plans": [{"Node Type": "Seq Scan", "Parent Relationship": "Outer", "Relation Name": "movie_companies", "Alias": "mc", "Startup Cost": 0.0, "Total Cost": 67908.56, "Plan Rows": 1652, "Plan Width": 8, "Filter": "(((note)::text ~~ '%(Japan)%'::text) AND ((note)::text !~~ '%(USA)%'::text) AND (((note)::text ~~ '%(2006)%'::text) OR ((note)::text ~~ '%(2007)%'::text)))"}, {"Node Type": "Hash", "Parent Relationship": "Inner", "Startup Cost": 5903.45, "Total Cost": 5903.45, "Plan Rows": 6290, "Plan Width": 4, "Plans": [{"Node Type": "Seq Scan", "Parent Relationship": "Outer", "Relation Name": "company_name", "Alias": "cn", "Startup Cost": 0.0, "Total Cost": 5903.45, "Plan Rows": 6290, "Plan Width": 4, "Filter": "((country_code)::text = '[jp]'::text)"}]}]}, {"Node Type": "Index Scan", "Parent Relationship": "Inner", "Scan Direction": "Forward", "Index Name": "title_pkey", "Relation Name": "title", "Alias": "t", "Startup Cost": 0.0, "Total Cost": 7.86, "Plan Rows": 1, "Plan Width": 21, "Index Cond": "(id = mc.movie_id)", "Filter": "((production_year >= 2006) AND (production_year <= 2007) AND (((title)::text ~~ 'One Piece%'::text) OR ((title)::text ~~ 'Dragon Ball Z%'::text)))"}]}, {"Node Type": "Index Scan", "Parent Relationship": "Inner", "Scan Direction": "Forward", "Index Name": "movie_id_cast_info", "Relation Name": "cast_info", "Alias": "ci", "Startup Cost": 0.0, "Total Cost": 27.88, "Plan Rows": 1, "Plan Width": 12, "Index Cond": "(movie_id = mc.movie_id)", "Filter": "((note)::text = '(voice: English version)'::text)"}]}, {"Node Type": "Index Scan", "Parent Relationship": "Inner", "Scan Direction": "Forward", "Index Name": "person_id_aka_name", "Relation Name": "aka_name", "Alias": "an", "Startup Cost": 0.0, "Total Cost": 0.84, "Plan Rows": 1, "Plan Width": 20, "Index Cond": "(person_id = ci.person_id)"}]}, {"Node Type": "Index Scan", "Parent Relationship": "Inner", "Scan Direction": "Forward", "Index Name": "name_pkey", "Relation Name": "name", "Alias": "n", "Startup Cost": 0.0, "Total Cost": 0.57, "Plan Rows": 1, "Plan Width": 4, "Index Cond": "(id = an.person_id)", "Filter": "(((name)::text ~~ '%Yo%'::text) AND ((name)::text !~~ '%Yu%'::text))"}]}, {"Node Type": "Index Scan", "Parent Relationship": "Inner", "Scan Direction": "Forward", "Index Name": "role_type_pkey", "Relation Name": "role_type", "Alias": "rt", "Startup Cost": 0.0, "Total Cost": 0.27, "Plan Rows": 1, "Plan Width": 4, "Index Cond": "(id = ci.role_id)", "Filter": "((role)::text = 'actress'::text)"}]}]}, "Unique SQL Id": 3956435728, "Planner Runtime": 9}, "explain_analyze_plan": {"Plan": {"Node Type": "Aggregate", "Strategy": "Plain", "Startup Cost": 76019.18, "Total Cost": 76019.19, "Plan Rows": 1, "Plan Width": 97, "Actual Startup Time": 1150.019, "Actual Total Time": 1150.02, "Actual Rows": 1, "Actual Loops": 1, "Plans": [{"Node Type": "Nested Loop", "Parent Relationship": "Outer", "Join Type": "Inner", "Startup Cost": 5982.08, "Total Cost": 76019.18, "Plan Rows": 1, "Plan Width": 33, "Actual Startup Time": 445.745, "Actual Total Time": 1149.979, "Actual Rows": 6, "Actual Loops": 1, "Inner Unique": true, "Plans": [{"Node Type": "Nested Loop", "Parent Relationship": "Outer", "Join Type": "Inner", "Startup Cost": 5982.08, "Total Cost": 76018.9, "Plan Rows": 1, "Plan Width": 37, "Actual Startup Time": 445.724, "Actual Total Time": 1149.932, "Actual Rows": 6, "Actual Loops": 1, "Inner Unique": true, "Plans": [{"Node Type": "Nested Loop", "Parent Relationship": "Outer", "Join Type": "Inner", "Startup Cost": 5982.08, "Total Cost": 76018.31, "Plan Rows": 1, "Plan Width": 45, "Actual Startup Time": 445.108, "Actual Total Time": 1148.889, "Actual Rows": 171, "Actual Loops": 1, "Inner Unique": false, "Plans": [{"Node Type": "Nested Loop", "Parent Relationship": "Outer", "Join Type": "Inner", "Startup Cost": 5982.08, "Total Cost": 76017.46, "Plan Rows": 1, "Plan Width": 25, "Actual Startup Time": 445.082, "Actual Total Time": 1148.012, "Actual Rows": 104, "Actual Loops": 1, "Inner Unique": false, "Join Filter": "(t.id = ci.movie_id)", "Rows Removed by Join Filter": 0, "Plans": [{"Node Type": "Nested Loop", "Parent Relationship": "Outer", "Join Type": "Inner", "Startup Cost": 5982.08, "Total Cost": 75961.68, "Plan Rows": 2, "Plan Width": 25, "Actual Startup Time": 445.02, "Actual Total Time": 1147.431, "Actual Rows": 4, "Actual Loops": 1, "Inner Unique": true, "Plans": [{"Node Type": "Hash Join", "Parent Relationship": "Outer", "Join Type": "Inner", "Startup Cost": 5982.08, "Total Cost": 73899.45, "Plan Rows": 262, "Plan Width": 4, "Actual Startup Time": 89.577, "Actual Total Time": 1092.318, "Actual Rows": 8495, "Actual Loops": 1, "Inner Unique": true, "Hash Cond": "(mc.company_id = cn.id)", "Plans": [{"Node Type": "Seq Scan", "Parent Relationship": "Outer", "Relation Name": "movie_companies", "Alias": "mc", "Startup Cost": 0.0, "Total Cost": 67908.56, "Plan Rows": 1652, "Plan Width": 8, "Actual Startup Time": 0.283, "Actual Total Time": 997.739, "Actual Rows": 8569, "Actual Loops": 1, "Filter": "(((note)::text ~~ '%(Japan)%'::text) AND ((note)::text !~~ '%(USA)%'::text) AND (((note)::text ~~ '%(2006)%'::text) OR ((note)::text ~~ '%(2007)%'::text)))", "Rows Removed by Filter": 2600559}, {"Node Type": "Hash", "Parent Relationship": "Inner", "Startup Cost": 5903.45, "Total Cost": 5903.45, "Plan Rows": 6290, "Plan Width": 4, "Actual Startup Time": 89.227, "Actual Total Time": 89.227, "Actual Rows": 6752, "Actual Loops": 1, "Hash Buckets": 32768, "Hash Batches": 1, "Original Hash Batches": 1, "Peak Memory Usage": 238, "Plans": [{"Node Type": "Seq Scan", "Parent Relationship": "Outer", "Relation Name": "company_name", "Alias": "cn", "Startup Cost": 0.0, "Total Cost": 5903.45, "Plan Rows": 6290, "Plan Width": 4, "Actual Startup Time": 0.03, "Actual Total Time": 86.954, "Actual Rows": 6752, "Actual Loops": 1, "Filter": "((country_code)::text = '[jp]'::text)", "Rows Removed by Filter": 228244}]}]}, {"Node Type": "Index Scan", "Parent Relationship": "Inner", "Scan Direction": "Forward", "Index Name": "title_pkey", "Relation Name": "title", "Alias": "t", "Startup Cost": 0.0, "Total Cost": 7.86, "Plan Rows": 1, "Plan Width": 21, "Actual Startup Time": 50.564, "Actual Total Time": 50.564, "Actual Rows": 4, "Actual Loops": 8495, "Index Cond": "(id = mc.movie_id)", "Rows Removed by Index Recheck": 0, "Filter": "((production_year >= 2006) AND (production_year <= 2007) AND (((title)::text ~~ 'One Piece%'::text) OR ((title)::text ~~ 'Dragon Ball Z%'::text)))", "Rows Removed by Filter": 8491}]}, {"Node Type": "Index Scan", "Parent Relationship": "Inner", "Scan Direction": "Forward", "Index Name": "movie_id_cast_info", "Relation Name": "cast_info", "Alias": "ci", "Startup Cost": 0.0, "Total Cost": 27.88, "Plan Rows": 1, "Plan Width": 12, "Actual Startup Time": 0.171, "Actual Total Time": 0.512, "Actual Rows": 104, "Actual Loops": 4, "Index Cond": "(movie_id = mc.movie_id)", "Rows Removed by Index Recheck": 0, "Filter": "((note)::text = '(voice: English version)'::text)", "Rows Removed by Filter": 68}]}, {"Node Type": "Index Scan", "Parent Relationship": "Inner", "Scan Direction": "Forward", "Index Name": "person_id_aka_name", "Relation Name": "aka_name", "Alias": "an", "Startup Cost": 0.0, "Total Cost": 0.84, "Plan Rows": 1, "Plan Width": 20, "Actual Startup Time": 0.648, "Actual Total Time": 0.763, "Actual Rows": 171, "Actual Loops": 104, "Index Cond": "(person_id = ci.person_id)", "Rows Removed by Index Recheck": 0}]}, {"Node Type": "Index Scan", "Parent Relationship": "Inner", "Scan Direction": "Forward", "Index Name": "name_pkey", "Relation Name": "name", "Alias": "n", "Startup Cost": 0.0, "Total Cost": 0.57, "Plan Rows": 1, "Plan Width": 4, "Actual Startup Time": 0.944, "Actual Total Time": 0.944, "Actual Rows": 6, "Actual Loops": 171, "Index Cond": "(id = an.person_id)", "Rows Removed by Index Recheck": 0, "Filter": "(((name)::text ~~ '%Yo%'::text) AND ((name)::text !~~ '%Yu%'::text))", "Rows Removed by Filter": 165}]}, {"Node Type": "Index Scan", "Parent Relationship": "Inner", "Scan Direction": "Forward", "Index Name": "role_type_pkey", "Relation Name": "role_type", "Alias": "rt", "Startup Cost": 0.0, "Total Cost": 0.27, "Plan Rows": 1, "Plan Width": 4, "Actual Startup Time": 0.031, "Actual Total Time": 0.031, "Actual Rows": 6, "Actual Loops": 6, "Index Cond": "(id = ci.role_id)", "Rows Removed by Index Recheck": 0, "Filter": "((role)::text = 'actress'::text)", "Rows Removed by Filter": 0}]}]}, "Triggers": [], "Planner Runtime": 21.278, "Total Runtime": 1150.324, "Unique SQL Id": 3956435728}}, "(1, '45')": {"explain_plan": {"Plan": {"Node Type": "Aggregate", "Strategy": "Plain", "Startup Cost": 84111.26, "Total Cost": 84111.27, "Plan Rows": 1, "Plan Width": 97, "Plans": [{"Node Type": "Nested Loop", "Parent Relationship": "Outer", "Join Type": "Inner", "Startup Cost": 0.0, "Total Cost": 84111.26, "Plan Rows": 1, "Plan Width": 33, "Inner Unique": true, "Plans": [{"Node Type": "Nested Loop", "Parent Relationship": "Outer", "Join Type": "Inner", "Startup Cost": 0.0, "Total Cost": 84110.97, "Plan Rows": 1, "Plan Width": 37, "Inner Unique": true, "Plans": [{"Node Type": "Nested Loop", "Parent Relationship": "Outer", "Join Type": "Inner", "Startup Cost": 0.0, "Total Cost": 84110.39, "Plan Rows": 1, "Plan Width": 45, "Inner Unique": false, "Plans": [{"Node Type": "Nested Loop", "Parent Relationship": "Outer", "Join Type": "Inner", "Startup Cost": 0.0, "Total Cost": 84109.54, "Plan Rows": 1, "Plan Width": 25, "Inner Unique": false, "Join Filter": "(t.id = ci.movie_id)", "Plans": [{"Node Type": "Nested Loop", "Parent Relationship": "Outer", "Join Type": "Inner", "Startup Cost": 0.0, "Total Cost": 84053.76, "Plan Rows": 2, "Plan Width": 25, "Inner Unique": true, "Plans": [{"Node Type": "Nested Loop", "Parent Relationship": "Outer", "Join Type": "Inner", "Startup Cost": 0.0, "Total Cost": 81991.53, "Plan Rows": 262, "Plan Width": 4, "Inner Unique": false, "Plans": [{"Node Type": "Index Scan", "Parent Relationship": "Outer", "Scan Direction": "Forward", "Index Name": "company_name_pkey", "Relation Name": "company_name", "Alias": "cn", "Startup Cost": 0.0, "Total Cost": 10501.39, "Plan Rows": 6290, "Plan Width": 4, "Filter": "((country_code)::text = '[jp]'::text)"}, {"Node Type": "Index Scan", "Parent Relationship": "Inner", "Scan Direction": "Forward", "Index Name": "company_id_movie_companies", "Relation Name": "movie_companies", "Alias": "mc", "Startup Cost": 0.0, "Total Cost": 11.36, "Plan Rows": 1, "Plan Width": 8, "Index Cond": "(company_id = cn.id)", "Filter": "(((note)::text ~~ '%(Japan)%'::text) AND ((note)::text !~~ '%(USA)%'::text) AND (((note)::text ~~ '%(2006)%'::text) OR ((note)::text ~~ '%(2007)%'::text)))"}]}, {"Node Type": "Index Scan", "Parent Relationship": "Inner", "Scan Direction": "Forward", "Index Name": "title_pkey", "Relation Name": "title", "Alias": "t", "Startup Cost": 0.0, "Total Cost": 7.86, "Plan Rows": 1, "Plan Width": 21, "Index Cond": "(id = mc.movie_id)", "Filter": "((production_year >= 2006) AND (production_year <= 2007) AND (((title)::text ~~ 'One Piece%'::text) OR ((title)::text ~~ 'Dragon Ball Z%'::text)))"}]}, {"Node Type": "Index Scan", "Parent Relationship": "Inner", "Scan Direction": "Forward", "Index Name": "movie_id_cast_info", "Relation Name": "cast_info", "Alias": "ci", "Startup Cost": 0.0, "Total Cost": 27.88, "Plan Rows": 1, "Plan Width": 12, "Index Cond": "(movie_id = mc.movie_id)", "Filter": "((note)::text = '(voice: English version)'::text)"}]}, {"Node Type": "Index Scan", "Parent Relationship": "Inner", "Scan Direction": "Forward", "Index Name": "person_id_aka_name", "Relation Name": "aka_name", "Alias": "an", "Startup Cost": 0.0, "Total Cost": 0.84, "Plan Rows": 1, "Plan Width": 20, "Index Cond": "(person_id = ci.person_id)"}]}, {"Node Type": "Index Scan", "Parent Relationship": "Inner", "Scan Direction": "Forward", "Index Name": "name_pkey", "Relation Name": "name", "Alias": "n", "Startup Cost": 0.0, "Total Cost": 0.57, "Plan Rows": 1, "Plan Width": 4, "Index Cond": "(id = an.person_id)", "Filter": "(((name)::text ~~ '%Yo%'::text) AND ((name)::text !~~ '%Yu%'::text))"}]}, {"Node Type": "Index Scan", "Parent Relationship": "Inner", "Scan Direction": "Forward", "Index Name": "role_type_pkey", "Relation Name": "role_type", "Alias": "rt", "Startup Cost": 0.0, "Total Cost": 0.27, "Plan Rows": 1, "Plan Width": 4, "Index Cond": "(id = ci.role_id)", "Filter": "((role)::text = 'actress'::text)"}]}]}, "Unique SQL Id": 3956435728, "Planner Runtime": 7}, "explain_analyze_plan": {"Plan": {"Node Type": "Aggregate", "Strategy": "Plain", "Startup Cost": 84111.26, "Total Cost": 84111.27, "Plan Rows": 1, "Plan Width": 97, "Actual Startup Time": 581.73, "Actual Total Time": 581.73, "Actual Rows": 1, "Actual Loops": 1, "Plans": [{"Node Type": "Nested Loop", "Parent Relationship": "Outer", "Join Type": "Inner", "Startup Cost": 0.0, "Total Cost": 84111.26, "Plan Rows": 1, "Plan Width": 33, "Actual Startup Time": 54.321, "Actual Total Time": 581.694, "Actual Rows": 6, "Actual Loops": 1, "Inner Unique": true, "Plans": [{"Node Type": "Nested Loop", "Parent Relationship": "Outer", "Join Type": "Inner", "Startup Cost": 0.0, "Total Cost": 84110.97, "Plan Rows": 1, "Plan Width": 37, "Actual Startup Time": 54.312, "Actual Total Time": 581.658, "Actual Rows": 6, "Actual Loops": 1, "Inner Unique": true, "Plans": [{"Node Type": "Nested Loop", "Parent Relationship": "Outer", "Join Type": "Inner", "Startup Cost": 0.0, "Total Cost": 84110.39, "Plan Rows": 1, "Plan Width": 45, "Actual Startup Time": 53.198, "Actual Total Time": 580.628, "Actual Rows": 171, "Actual Loops": 1, "Inner Unique": false, "Plans": [{"Node Type": "Nested Loop", "Parent Relationship": "Outer", "Join Type": "Inner", "Startup Cost": 0.0, "Total Cost": 84109.54, "Plan Rows": 1, "Plan Width": 25, "Actual Startup Time": 53.177, "Actual Total Time": 579.772, "Actual Rows": 104, "Actual Loops": 1, "Inner Unique": false, "Join Filter": "(t.id = ci.movie_id)", "Rows Removed by Join Filter": 0, "Plans": [{"Node Type": "Nested Loop", "Parent Relationship": "Outer", "Join Type": "Inner", "Startup Cost": 0.0, "Total Cost": 84053.76, "Plan Rows": 2, "Plan Width": 25, "Actual Startup Time": 53.042, "Actual Total Time": 579.227, "Actual Rows": 4, "Actual Loops": 1, "Inner Unique": true, "Plans": [{"Node Type": "Nested Loop", "Parent Relationship": "Outer", "Join Type": "Inner", "Startup Cost": 0.0, "Total Cost": 81991.53, "Plan Rows": 262, "Plan Width": 4, "Actual Startup Time": 0.312, "Actual Total Time": 518.839, "Actual Rows": 8495, "Actual Loops": 1, "Inner Unique": false, "Plans": [{"Node Type": "Index Scan", "Parent Relationship": "Outer", "Scan Direction": "Forward", "Index Name": "company_name_pkey", "Relation Name": "company_name", "Alias": "cn", "Startup Cost": 0.0, "Total Cost": 10501.39, "Plan Rows": 6290, "Plan Width": 4, "Actual Startup Time": 0.264, "Actual Total Time": 291.012, "Actual Rows": 6752, "Actual Loops": 1, "Filter": "((country_code)::text = '[jp]'::text)", "Rows Removed by Filter": 228244}, {"Node Type": "Index Scan", "Parent Relationship": "Inner", "Scan Direction": "Forward", "Index Name": "company_id_movie_companies", "Relation Name": "movie_companies", "Alias": "mc", "Startup Cost": 0.0, "Total Cost": 11.36, "Plan Rows": 1, "Plan Width": 8, "Actual Startup Time": 100.149, "Actual Total Time": 221.814, "Actual Rows": 8495, "Actual Loops": 6752, "Index Cond": "(company_id = cn.id)", "Rows Removed by Index Recheck": 0, "Filter": "(((note)::text ~~ '%(Japan)%'::text) AND ((note)::text !~~ '%(USA)%'::text) AND (((note)::text ~~ '%(2006)%'::text) OR ((note)::text ~~ '%(2007)%'::text)))", "Rows Removed by Filter": 96500}]}, {"Node Type": "Index Scan", "Parent Relationship": "Inner", "Scan Direction": "Forward", "Index Name": "title_pkey", "Relation Name": "title", "Alias": "t", "Startup Cost": 0.0, "Total Cost": 7.86, "Plan Rows": 1, "Plan Width": 21, "Actual Startup Time": 55.844, "Actual Total Time": 55.844, "Actual Rows": 4, "Actual Loops": 8495, "Index Cond": "(id = mc.movie_id)", "Rows Removed by Index Recheck": 0, "Filter": "((production_year >= 2006) AND (production_year <= 2007) AND (((title)::text ~~ 'One Piece%'::text) OR ((title)::text ~~ 'Dragon Ball Z%'::text)))", "Rows Removed by Filter": 8491}]}, {"Node Type": "Index Scan", "Parent Relationship": "Inner", "Scan Direction": "Forward", "Index Name": "movie_id_cast_info", "Relation Name": "cast_info", "Alias": "ci", "Startup Cost": 0.0, "Total Cost": 27.88, "Plan Rows": 1, "Plan Width": 12, "Actual Startup Time": 0.155, "Actual Total Time": 0.487, "Actual Rows": 104, "Actual Loops": 4, "Index Cond": "(movie_id = mc.movie_id)", "Rows Removed by Index Recheck": 0, "Filter": "((note)::text = '(voice: English version)'::text)", "Rows Removed by Filter": 68}]}, {"Node Type": "Index Scan", "Parent Relationship": "Inner", "Scan Direction": "Forward", "Index Name": "person_id_aka_name", "Relation Name": "aka_name", "Alias": "an", "Startup Cost": 0.0, "Total Cost": 0.84, "Plan Rows": 1, "Plan Width": 20, "Actual Startup Time": 0.629, "Actual Total Time": 0.74, "Actual Rows": 171, "Actual Loops": 104, "Index Cond": "(person_id = ci.person_id)", "Rows Removed by Index Recheck": 0}]}, {"Node Type": "Index Scan", "Parent Relationship": "Inner", "Scan Direction": "Forward", "Index Name": "name_pkey", "Relation Name": "name", "Alias": "n", "Startup Cost": 0.0, "Total Cost": 0.57, "Plan Rows": 1, "Plan Width": 4, "Actual Startup Time": 0.94, "Actual Total Time": 0.94, "Actual Rows": 6, "Actual Loops": 171, "Index Cond": "(id = an.person_id)", "Rows Removed by Index Recheck": 0, "Filter": "(((name)::text ~~ '%Yo%'::text) AND ((name)::text !~~ '%Yu%'::text))", "Rows Removed by Filter": 165}]}, {"Node Type": "Index Scan", "Parent Relationship": "Inner", "Scan Direction": "Forward", "Index Name": "role_type_pkey", "Relation Name": "role_type", "Alias": "rt", "Startup Cost": 0.0, "Total Cost": 0.27, "Plan Rows": 1, "Plan Width": 4, "Actual Startup Time": 0.022, "Actual Total Time": 0.022, "Actual Rows": 6, "Actual Loops": 6, "Index Cond": "(id = ci.role_id)", "Rows Removed by Index Recheck": 0, "Filter": "((role)::text = 'actress'::text)", "Rows Removed by Filter": 0}]}]}, "Triggers": [], "Planner Runtime": 25.043, "Total Runtime": 582.138, "Unique SQL Id": 3956435728}}, "(1, '46')": {"explain_plan": {"Plan": {"Node Type": "Aggregate", "Strategy": "Plain", "Startup Cost": 999566.81, "Total Cost": 999566.82, "Plan Rows": 1, "Plan Width": 97, "Plans": [{"Node Type": "Nested Loop", "Parent Relationship": "Outer", "Join Type": "Inner", "Startup Cost": 4536.65, "Total Cost": 999566.8, "Plan Rows": 1, "Plan Width": 33, "Inner Unique": true, "Join Filter": "(an.person_id = n.id)", "Plans": [{"Node Type": "Nested Loop", "Parent Relationship": "Outer", "Join Type": "Inner", "Startup Cost": 4536.65, "Total Cost": 885483.88, "Plan Rows": 1, "Plan Width": 41, "Inner Unique": true, "Join Filter": "(mc.company_id = cn.id)", "Plans": [{"Node Type": "Nested Loop", "Parent Relationship": "Outer", "Join Type": "Inner", "Startup Cost": 4536.65, "Total Cost": 879501.8, "Plan Rows": 1, "Plan Width": 45, "Inner Unique": false, "Join Filter": "(ci.person_id = an.person_id)", "Plans": [{"Node Type": "Nested Loop", "Parent Relationship": "Outer", "Join Type": "Inner", "Startup Cost": 4536.65, "Total Cost": 848326.61, "Plan Rows": 1, "Plan Width": 25, "Inner Unique": false, "Join Filter": "(ci.movie_id = t.id)", "Plans": [{"Node Type": "Nested Loop", "Parent Relationship": "Outer", "Join Type": "Inner", "Startup Cost": 0.0, "Total Cost": 693736.48, "Plan Rows": 8790, "Plan Width": 8, "Inner Unique": false, "Join Filter": "(ci.role_id = rt.id)", "Plans": [{"Node Type": "Seq Scan", "Parent Relationship": "Outer", "Relation Name": "role_type", "Alias": "rt", "Startup Cost": 0.0, "Total Cost": 1.15, "Plan Rows": 1, "Plan Width": 4, "Filter": "((role)::text = 'actress'::text)"}, {"Node Type": "Seq Scan", "Parent Relationship": "Inner", "Relation Name": "cast_info", "Alias": "ci", "Startup Cost": 0.0, "Total Cost": 692526.68, "Plan Rows": 96692, "Plan Width": 12, "Filter": "((note)::text = '(voice: English version)'::text)"}]}, {"Node Type": "Materialize", "Parent Relationship": "Inner", "Startup Cost": 4536.65, "Total Cost": 154326.44, "Plan Rows": 2, "Plan Width": 29, "Plans": [{"Node Type": "Nested Loop", "Parent Relationship": "Outer", "Join Type": "Inner", "Startup Cost": 4536.65, "Total Cost": 154326.43, "Plan Rows": 2, "Plan Width": 29, "Inner Unique": true, "Join Filter": "(mc.movie_id = t.id)", "Plans": [{"Node Type": "Seq Scan", "Parent Relationship": "Outer", "Relation Name": "movie_companies", "Alias": "mc", "Startup Cost": 0.0, "Total Cost": 67908.56, "Plan Rows": 1652, "Plan Width": 8, "Filter": "(((note)::text ~~ '%(Japan)%'::text) AND ((note)::text !~~ '%(USA)%'::text) AND (((note)::text ~~ '%(2006)%'::text) OR ((note)::text ~~ '%(2007)%'::text)))"}, {"Node Type": "Materialize", "Parent Relationship": "Inner", "Startup Cost": 4536.65, "Total Cost": 85352.43, "Plan Rows": 43, "Plan Width": 21, "Plans": [{"Node Type": "Seq Scan", "Parent Relationship": "Outer", "Relation Name": "title", "Alias": "t", "Startup Cost": 4536.65, "Total Cost": 85352.22, "Plan Rows": 43, "Plan Width": 21, "Filter": "((production_year >= 2006) AND (production_year <= 2007) AND (((title)::text ~~ 'One Piece%'::text) OR ((title)::text ~~ 'Dragon Ball Z%'::text)))"}]}]}]}]}, {"Node Type": "Seq Scan", "Parent Relationship": "Inner", "Relation Name": "aka_name", "Alias": "an", "Startup Cost": 0.0, "Total Cost": 19908.42, "Plan Rows": 901342, "Plan Width": 20}]}, {"Node Type": "Seq Scan", "Parent Relationship": "Inner", "Relation Name": "company_name", "Alias": "cn", "Startup Cost": 0.0, "Total Cost": 5903.45, "Plan Rows": 6290, "Plan Width": 4, "Filter": "((country_code)::text = '[jp]'::text)"}]}, {"Node Type": "Seq Scan", "Parent Relationship": "Inner", "Relation Name": "name", "Alias": "n", "Startup Cost": 0.0, "Total Cost": 113909.35, "Plan Rows": 13886, "Plan Width": 4, "Filter": "(((name)::text ~~ '%Yo%'::text) AND ((name)::text !~~ '%Yu%'::text))"}]}]}, "Unique SQL Id": 3956435728, "Planner Runtime": 34}, "explain_analyze_plan": null}, "(1, '47')": {"explain_plan": {"Plan": {"Node Type": "Aggregate", "Strategy": "Plain", "Startup Cost": 7000171740968.88, "Total Cost": 7000171740968.89, "Plan Rows": 1, "Plan Width": 97, "Plans": [{"Node Type": "Nested Loop", "Parent Relationship": "Outer", "Join Type": "Inner", "Startup Cost": 70000000000.0, "Total Cost": 7000171740968.87, "Plan Rows": 1, "Plan Width": 33, "Inner Unique": true, "Join Filter": "(ci.role_id = rt.id)", "Plans": [{"Node Type": "Nested Loop", "Parent Relationship": "Outer", "Join Type": "Inner", "Startup Cost": 60000000000.0, "Total Cost": 6000171739722.86, "Plan Rows": 1, "Plan Width": 37, "Inner Unique": true, "Plans": [{"Node Type": "Nested Loop", "Parent Relationship": "Outer", "Join Type": "Inner", "Startup Cost": 50000000000.0, "Total Cost": 5000171739665.63, "Plan Rows": 1, "Plan Width": 45, "Inner Unique": true, "Plans": [{"Node Type": "Nested Loop", "Parent Relationship": "Outer", "Join Type": "Inner", "Startup Cost": 40000000000.0, "Total Cost": 4000171739228.2, "Plan Rows": 1, "Plan Width": 49, "Inner Unique": false, "Plans": [{"Node Type": "Nested Loop", "Parent Relationship": "Outer", "Join Type": "Inner", "Startup Cost": 30000000000.0, "Total Cost": 3000171739143.81, "Plan Rows": 1, "Plan Width": 29, "Inner Unique": false, "Join Filter": "(t.id = ci.movie_id)", "Plans": [{"Node Type": "Index Scan", "Parent Relationship": "Outer", "Scan Direction": "Forward", "Index Name": "role_id_cast_info", "Relation Name": "cast_info", "Alias": "ci", "Startup Cost": 10000000000.0, "Total Cost": 1000143218339.5, "Plan Rows": 96692, "Plan Width": 12, "Filter": "((note)::text = '(voice: English version)'::text)"}, {"Node Type": "Materialize", "Parent Relationship": "Inner", "Startup Cost": 20000000000.0, "Total Cost": 2000028517903.55, "Plan Rows": 2, "Plan Width": 29, "Plans": [{"Node Type": "Nested Loop", "Parent Relationship": "Outer", "Join Type": "Inner", "Startup Cost": 20000000000.0, "Total Cost": 2000028517903.54, "Plan Rows": 2, "Plan Width": 29, "Inner Unique": true, "Join Filter": "(mc.movie_id = t.id)", "Plans": [{"Node Type": "Index Scan", "Parent Relationship": "Outer", "Scan Direction": "Forward", "Index Name": "company_id_movie_companies", "Relation Name": "movie_companies", "Alias": "mc", "Startup Cost": 10000000000.0, "Total Cost": 1000014976477.98, "Plan Rows": 1652, "Plan Width": 8, "Filter": "(((note)::text ~~ '%(Japan)%'::text) AND ((note)::text !~~ '%(USA)%'::text) AND (((note)::text ~~ '%(2006)%'::text) OR ((note)::text ~~ '%(2007)%'::text)))"}, {"Node Type": "Materialize", "Parent Relationship": "Inner", "Startup Cost": 10000000000.0, "Total Cost": 1000013540360.13, "Plan Rows": 43, "Plan Width": 21, "Plans": [{"Node Type": "Index Scan", "Parent Relationship": "Outer", "Scan Direction": "Forward", "Index Name": "title_pkey", "Relation Name": "title", "Alias": "t", "Startup Cost": 10000000000.0, "Total Cost": 1000013540359.91, "Plan Rows": 43, "Plan Width": 21, "Filter": "((production_year >= 2006) AND (production_year <= 2007) AND (((title)::text ~~ 'One Piece%'::text) OR ((title)::text ~~ 'Dragon Ball Z%'::text)))"}]}]}]}]}, {"Node Type": "Index Scan", "Parent Relationship": "Inner", "Scan Direction": "Forward", "Index Name": "person_id_aka_name", "Relation Name": "aka_name", "Alias": "an", "Startup Cost": 10000000000.0, "Total Cost": 1000000000084.38, "Plan Rows": 1, "Plan Width": 20, "Index Cond": "(person_id = ci.person_id)"}]}, {"Node Type": "Index Scan", "Parent Relationship": "Inner", "Scan Direction": "Forward", "Index Name": "company_name_pkey", "Relation Name": "company_name", "Alias": "cn", "Startup Cost": 10000000000.0, "Total Cost": 1000000000437.42, "Plan Rows": 1, "Plan Width": 4, "Index Cond": "(id = mc.company_id)", "Filter": "((country_code)::text = '[jp]'::text)"}]}, {"Node Type": "Index Scan", "Parent Relationship": "Inner", "Scan Direction": "Forward", "Index Name": "name_pkey", "Relation Name": "name", "Alias": "n", "Startup Cost": 10000000000.0, "Total Cost": 1000000000057.22, "Plan Rows": 1, "Plan Width": 4, "Index Cond": "(id = an.person_id)", "Filter": "(((name)::text ~~ '%Yo%'::text) AND ((name)::text !~~ '%Yu%'::text))"}]}, {"Node Type": "Index Scan", "Parent Relationship": "Inner", "Scan Direction": "Forward", "Index Name": "role_type_pkey", "Relation Name": "role_type", "Alias": "rt", "Startup Cost": 10000000000.0, "Total Cost": 1000000001246.0, "Plan Rows": 1, "Plan Width": 4, "Filter": "((role)::text = 'actress'::text)"}]}]}, "Unique SQL Id": 3956435728, "Planner Runtime": 15}, "explain_analyze_plan": null}, "(1, '48')": {"explain_plan": {"Plan": {"Node Type": "Aggregate", "Strategy": "Plain", "Startup Cost": 77270.98, "Total Cost": 77270.99, "Plan Rows": 1, "Plan Width": 97, "Plans": [{"Node Type": "Nested Loop", "Parent Relationship": "Outer", "Join Type": "Inner", "Startup Cost": 0.0, "Total Cost": 77270.98, "Plan Rows": 1, "Plan Width": 33, "Inner Unique": true, "Plans": [{"Node Type": "Nested Loop", "Parent Relationship": "Outer", "Join Type": "Inner", "Startup Cost": 0.0, "Total Cost": 77270.7, "Plan Rows": 1, "Plan Width": 37, "Inner Unique": true, "Plans": [{"Node Type": "Nested Loop", "Parent Relationship": "Outer", "Join Type": "Inner", "Startup Cost": 0.0, "Total Cost": 77270.11, "Plan Rows": 1, "Plan Width": 45, "Inner Unique": false, "Plans": [{"Node Type": "Nested Loop", "Parent Relationship": "Outer", "Join Type": "Inner", "Startup Cost": 0.0, "Total Cost": 77269.26, "Plan Rows": 1, "Plan Width": 25, "Inner Unique": false, "Join Filter": "(t.id = ci.movie_id)", "Plans": [{"Node Type": "Nested Loop", "Parent Relationship": "Outer", "Join Type": "Inner", "Startup Cost": 0.0, "Total Cost": 77213.48, "Plan Rows": 2, "Plan Width": 25, "Inner Unique": true, "Plans": [{"Node Type": "Nested Loop", "Parent Relationship": "Outer", "Join Type": "Inner", "Startup Cost": 0.0, "Total Cost": 75151.25, "Plan Rows": 262, "Plan Width": 4, "Inner Unique": true, "Plans": [{"Node Type": "Seq Scan", "Parent Relationship": "Outer", "Relation Name": "movie_companies", "Alias": "mc", "Startup Cost": 0.0, "Total Cost": 67908.56, "Plan Rows": 1652, "Plan Width": 8, "Filter": "(((note)::text ~~ '%(Japan)%'::text) AND ((note)::text !~~ '%(USA)%'::text) AND (((note)::text ~~ '%(2006)%'::text) OR ((note)::text ~~ '%(2007)%'::text)))"}, {"Node Type": "Index Scan", "Parent Relationship": "Inner", "Scan Direction": "Forward", "Index Name": "company_name_pkey", "Relation Name": "company_name", "Alias": "cn", "Startup Cost": 0.0, "Total Cost": 4.37, "Plan Rows": 1, "Plan Width": 4, "Index Cond": "(id = mc.company_id)", "Filter": "((country_code)::text = '[jp]'::text)"}]}, {"Node Type": "Index Scan", "Parent Relationship": "Inner", "Scan Direction": "Forward", "Index Name": "title_pkey", "Relation Name": "title", "Alias": "t", "Startup Cost": 0.0, "Total Cost": 7.86, "Plan Rows": 1, "Plan Width": 21, "Index Cond": "(id = mc.movie_id)", "Filter": "((production_year >= 2006) AND (production_year <= 2007) AND (((title)::text ~~ 'One Piece%'::text) OR ((title)::text ~~ 'Dragon Ball Z%'::text)))"}]}, {"Node Type": "Index Scan", "Parent Relationship": "Inner", "Scan Direction": "Forward", "Index Name": "movie_id_cast_info", "Relation Name": "cast_info", "Alias": "ci", "Startup Cost": 0.0, "Total Cost": 27.88, "Plan Rows": 1, "Plan Width": 12, "Index Cond": "(movie_id = mc.movie_id)", "Filter": "((note)::text = '(voice: English version)'::text)"}]}, {"Node Type": "Index Scan", "Parent Relationship": "Inner", "Scan Direction": "Forward", "Index Name": "person_id_aka_name", "Relation Name": "aka_name", "Alias": "an", "Startup Cost": 0.0, "Total Cost": 0.84, "Plan Rows": 1, "Plan Width": 20, "Index Cond": "(person_id = ci.person_id)"}]}, {"Node Type": "Index Scan", "Parent Relationship": "Inner", "Scan Direction": "Forward", "Index Name": "name_pkey", "Relation Name": "name", "Alias": "n", "Startup Cost": 0.0, "Total Cost": 0.57, "Plan Rows": 1, "Plan Width": 4, "Index Cond": "(id = an.person_id)", "Filter": "(((name)::text ~~ '%Yo%'::text) AND ((name)::text !~~ '%Yu%'::text))"}]}, {"Node Type": "Index Scan", "Parent Relationship": "Inner", "Scan Direction": "Forward", "Index Name": "role_type_pkey", "Relation Name": "role_type", "Alias": "rt", "Startup Cost": 0.0, "Total Cost": 0.27, "Plan Rows": 1, "Plan Width": 4, "Index Cond": "(id = ci.role_id)", "Filter": "((role)::text = 'actress'::text)"}]}]}, "Unique SQL Id": 3956435728, "Planner Runtime": 6}, "explain_analyze_plan": {"Plan": {"Node Type": "Aggregate", "Strategy": "Plain", "Startup Cost": 77270.98, "Total Cost": 77270.99, "Plan Rows": 1, "Plan Width": 97, "Actual Startup Time": 1034.996, "Actual Total Time": 1034.997, "Actual Rows": 1, "Actual Loops": 1, "Plans": [{"Node Type": "Nested Loop", "Parent Relationship": "Outer", "Join Type": "Inner", "Startup Cost": 0.0, "Total Cost": 77270.98, "Plan Rows": 1, "Plan Width": 33, "Actual Startup Time": 359.457, "Actual Total Time": 1034.942, "Actual Rows": 6, "Actual Loops": 1, "Inner Unique": true, "Plans": [{"Node Type": "Nested Loop", "Parent Relationship": "Outer", "Join Type": "Inner", "Startup Cost": 0.0, "Total Cost": 77270.7, "Plan Rows": 1, "Plan Width": 37, "Actual Startup Time": 359.446, "Actual Total Time": 1034.911, "Actual Rows": 6, "Actual Loops": 1, "Inner Unique": true, "Plans": [{"Node Type": "Nested Loop", "Parent Relationship": "Outer", "Join Type": "Inner", "Startup Cost": 0.0, "Total Cost": 77270.11, "Plan Rows": 1, "Plan Width": 45, "Actual Startup Time": 358.983, "Actual Total Time": 1034.041, "Actual Rows": 171, "Actual Loops": 1, "Inner Unique": false, "Plans": [{"Node Type": "Nested Loop", "Parent Relationship": "Outer", "Join Type": "Inner", "Startup Cost": 0.0, "Total Cost": 77269.26, "Plan Rows": 1, "Plan Width": 25, "Actual Startup Time": 358.966, "Actual Total Time": 1033.417, "Actual Rows": 104, "Actual Loops": 1, "Inner Unique": false, "Join Filter": "(t.id = ci.movie_id)", "Rows Removed by Join Filter": 0, "Plans": [{"Node Type": "Nested Loop", "Parent Relationship": "Outer", "Join Type": "Inner", "Startup Cost": 0.0, "Total Cost": 77213.48, "Plan Rows": 2, "Plan Width": 25, "Actual Startup Time": 358.923, "Actual Total Time": 1033.02, "Actual Rows": 4, "Actual Loops": 1, "Inner Unique": true, "Plans": [{"Node Type": "Nested Loop", "Parent Relationship": "Outer", "Join Type": "Inner", "Startup Cost": 0.0, "Total Cost": 75151.25, "Plan Rows": 262, "Plan Width": 4, "Actual Startup Time": 0.3, "Actual Total Time": 989.642, "Actual Rows": 8495, "Actual Loops": 1, "Inner Unique": true, "Plans": [{"Node Type": "Seq Scan", "Parent Relationship": "Outer", "Relation Name": "movie_companies", "Alias": "mc", "Startup Cost": 0.0, "Total Cost": 67908.56, "Plan Rows": 1652, "Plan Width": 8, "Actual Startup Time": 0.264, "Actual Total Time": 953.15, "Actual Rows": 8569, "Actual Loops": 1, "Filter": "(((note)::text ~~ '%(Japan)%'::text) AND ((note)::text !~~ '%(USA)%'::text) AND (((note)::text ~~ '%(2006)%'::text) OR ((note)::text ~~ '%(2007)%'::text)))", "Rows Removed by Filter": 2600559}, {"Node Type": "Index Scan", "Parent Relationship": "Inner", "Scan Direction": "Forward", "Index Name": "company_name_pkey", "Relation Name": "company_name", "Alias": "cn", "Startup Cost": 0.0, "Total Cost": 4.37, "Plan Rows": 1, "Plan Width": 4, "Actual Startup Time": 29.873, "Actual Total Time": 29.873, "Actual Rows": 8495, "Actual Loops": 8569, "Index Cond": "(id = mc.company_id)", "Rows Removed by Index Recheck": 0, "Filter": "((country_code)::text = '[jp]'::text)", "Rows Removed by Filter": 74}]}, {"Node Type": "Index Scan", "Parent Relationship": "Inner", "Scan Direction": "Forward", "Index Name": "title_pkey", "Relation Name": "title", "Alias": "t", "Startup Cost": 0.0, "Total Cost": 7.86, "Plan Rows": 1, "Plan Width": 21, "Actual Startup Time": 38.797, "Actual Total Time": 38.797, "Actual Rows": 4, "Actual Loops": 8495, "Index Cond": "(id = mc.movie_id)", "Rows Removed by Index Recheck": 0, "Filter": "((production_year >= 2006) AND (production_year <= 2007) AND (((title)::text ~~ 'One Piece%'::text) OR ((title)::text ~~ 'Dragon Ball Z%'::text)))", "Rows Removed by Filter": 8491}]}, {"Node Type": "Index Scan", "Parent Relationship": "Inner", "Scan Direction": "Forward", "Index Name": "movie_id_cast_info", "Relation Name": "cast_info", "Alias": "ci", "Startup Cost": 0.0, "Total Cost": 27.88, "Plan Rows": 1, "Plan Width": 12, "Actual Startup Time": 0.117, "Actual Total Time": 0.343, "Actual Rows": 104, "Actual Loops": 4, "Index Cond": "(movie_id = mc.movie_id)", "Rows Removed by Index Recheck": 0, "Filter": "((note)::text = '(voice: English version)'::text)", "Rows Removed by Filter": 68}]}, {"Node Type": "Index Scan", "Parent Relationship": "Inner", "Scan Direction": "Forward", "Index Name": "person_id_aka_name", "Relation Name": "aka_name", "Alias": "an", "Startup Cost": 0.0, "Total Cost": 0.84, "Plan Rows": 1, "Plan Width": 20, "Actual Startup Time": 0.434, "Actual Total Time": 0.52, "Actual Rows": 171, "Actual Loops": 104, "Index Cond": "(person_id = ci.person_id)", "Rows Removed by Index Recheck": 0}]}, {"Node Type": "Index Scan", "Parent Relationship": "Inner", "Scan Direction": "Forward", "Index Name": "name_pkey", "Relation Name": "name", "Alias": "n", "Startup Cost": 0.0, "Total Cost": 0.57, "Plan Rows": 1, "Plan Width": 4, "Actual Startup Time": 0.753, "Actual Total Time": 0.753, "Actual Rows": 6, "Actual Loops": 171, "Index Cond": "(id = an.person_id)", "Rows Removed by Index Recheck": 0, "Filter": "(((name)::text ~~ '%Yo%'::text) AND ((name)::text !~~ '%Yu%'::text))", "Rows Removed by Filter": 165}]}, {"Node Type": "Index Scan", "Parent Relationship": "Inner", "Scan Direction": "Forward", "Index Name": "role_type_pkey", "Relation Name": "role_type", "Alias": "rt", "Startup Cost": 0.0, "Total Cost": 0.27, "Plan Rows": 1, "Plan Width": 4, "Actual Startup Time": 0.02, "Actual Total Time": 0.02, "Actual Rows": 6, "Actual Loops": 6, "Index Cond": "(id = ci.role_id)", "Rows Removed by Index Recheck": 0, "Filter": "((role)::text = 'actress'::text)", "Rows Removed by Filter": 0}]}]}, "Triggers": [], "Planner Runtime": 6.295, "Total Runtime": 1035.253, "Unique SQL Id": 3956435728}}, "(1, '49')": {"explain_plan": {"Plan": {"Node Type": "Aggregate", "Strategy": "Plain", "Startup Cost": 84111.26, "Total Cost": 84111.27, "Plan Rows": 1, "Plan Width": 97, "Plans": [{"Node Type": "Nested Loop", "Parent Relationship": "Outer", "Join Type": "Inner", "Startup Cost": 0.0, "Total Cost": 84111.26, "Plan Rows": 1, "Plan Width": 33, "Inner Unique": true, "Plans": [{"Node Type": "Nested Loop", "Parent Relationship": "Outer", "Join Type": "Inner", "Startup Cost": 0.0, "Total Cost": 84110.97, "Plan Rows": 1, "Plan Width": 37, "Inner Unique": true, "Plans": [{"Node Type": "Nested Loop", "Parent Relationship": "Outer", "Join Type": "Inner", "Startup Cost": 0.0, "Total Cost": 84110.39, "Plan Rows": 1, "Plan Width": 45, "Inner Unique": false, "Plans": [{"Node Type": "Nested Loop", "Parent Relationship": "Outer", "Join Type": "Inner", "Startup Cost": 0.0, "Total Cost": 84109.54, "Plan Rows": 1, "Plan Width": 25, "Inner Unique": false, "Join Filter": "(t.id = ci.movie_id)", "Plans": [{"Node Type": "Nested Loop", "Parent Relationship": "Outer", "Join Type": "Inner", "Startup Cost": 0.0, "Total Cost": 84053.76, "Plan Rows": 2, "Plan Width": 25, "Inner Unique": true, "Plans": [{"Node Type": "Nested Loop", "Parent Relationship": "Outer", "Join Type": "Inner", "Startup Cost": 0.0, "Total Cost": 81991.53, "Plan Rows": 262, "Plan Width": 4, "Inner Unique": false, "Plans": [{"Node Type": "Index Scan", "Parent Relationship": "Outer", "Scan Direction": "Forward", "Index Name": "company_name_pkey", "Relation Name": "company_name", "Alias": "cn", "Startup Cost": 0.0, "Total Cost": 10501.39, "Plan Rows": 6290, "Plan Width": 4, "Filter": "((country_code)::text = '[jp]'::text)"}, {"Node Type": "Index Scan", "Parent Relationship": "Inner", "Scan Direction": "Forward", "Index Name": "company_id_movie_companies", "Relation Name": "movie_companies", "Alias": "mc", "Startup Cost": 0.0, "Total Cost": 11.36, "Plan Rows": 1, "Plan Width": 8, "Index Cond": "(company_id = cn.id)", "Filter": "(((note)::text ~~ '%(Japan)%'::text) AND ((note)::text !~~ '%(USA)%'::text) AND (((note)::text ~~ '%(2006)%'::text) OR ((note)::text ~~ '%(2007)%'::text)))"}]}, {"Node Type": "Index Scan", "Parent Relationship": "Inner", "Scan Direction": "Forward", "Index Name": "title_pkey", "Relation Name": "title", "Alias": "t", "Startup Cost": 0.0, "Total Cost": 7.86, "Plan Rows": 1, "Plan Width": 21, "Index Cond": "(id = mc.movie_id)", "Filter": "((production_year >= 2006) AND (production_year <= 2007) AND (((title)::text ~~ 'One Piece%'::text) OR ((title)::text ~~ 'Dragon Ball Z%'::text)))"}]}, {"Node Type": "Index Scan", "Parent Relationship": "Inner", "Scan Direction": "Forward", "Index Name": "movie_id_cast_info", "Relation Name": "cast_info", "Alias": "ci", "Startup Cost": 0.0, "Total Cost": 27.88, "Plan Rows": 1, "Plan Width": 12, "Index Cond": "(movie_id = mc.movie_id)", "Filter": "((note)::text = '(voice: English version)'::text)"}]}, {"Node Type": "Index Scan", "Parent Relationship": "Inner", "Scan Direction": "Forward", "Index Name": "person_id_aka_name", "Relation Name": "aka_name", "Alias": "an", "Startup Cost": 0.0, "Total Cost": 0.84, "Plan Rows": 1, "Plan Width": 20, "Index Cond": "(person_id = ci.person_id)"}]}, {"Node Type": "Index Scan", "Parent Relationship": "Inner", "Scan Direction": "Forward", "Index Name": "name_pkey", "Relation Name": "name", "Alias": "n", "Startup Cost": 0.0, "Total Cost": 0.57, "Plan Rows": 1, "Plan Width": 4, "Index Cond": "(id = an.person_id)", "Filter": "(((name)::text ~~ '%Yo%'::text) AND ((name)::text !~~ '%Yu%'::text))"}]}, {"Node Type": "Index Scan", "Parent Relationship": "Inner", "Scan Direction": "Forward", "Index Name": "role_type_pkey", "Relation Name": "role_type", "Alias": "rt", "Startup Cost": 0.0, "Total Cost": 0.27, "Plan Rows": 1, "Plan Width": 4, "Index Cond": "(id = ci.role_id)", "Filter": "((role)::text = 'actress'::text)"}]}]}, "Unique SQL Id": 3956435728, "Planner Runtime": 6}, "explain_analyze_plan": {"Plan": {"Node Type": "Aggregate", "Strategy": "Plain", "Startup Cost": 84111.26, "Total Cost": 84111.27, "Plan Rows": 1, "Plan Width": 97, "Actual Startup Time": 581.73, "Actual Total Time": 581.73, "Actual Rows": 1, "Actual Loops": 1, "Plans": [{"Node Type": "Nested Loop", "Parent Relationship": "Outer", "Join Type": "Inner", "Startup Cost": 0.0, "Total Cost": 84111.26, "Plan Rows": 1, "Plan Width": 33, "Actual Startup Time": 54.321, "Actual Total Time": 581.694, "Actual Rows": 6, "Actual Loops": 1, "Inner Unique": true, "Plans": [{"Node Type": "Nested Loop", "Parent Relationship": "Outer", "Join Type": "Inner", "Startup Cost": 0.0, "Total Cost": 84110.97, "Plan Rows": 1, "Plan Width": 37, "Actual Startup Time": 54.312, "Actual Total Time": 581.658, "Actual Rows": 6, "Actual Loops": 1, "Inner Unique": true, "Plans": [{"Node Type": "Nested Loop", "Parent Relationship": "Outer", "Join Type": "Inner", "Startup Cost": 0.0, "Total Cost": 84110.39, "Plan Rows": 1, "Plan Width": 45, "Actual Startup Time": 53.198, "Actual Total Time": 580.628, "Actual Rows": 171, "Actual Loops": 1, "Inner Unique": false, "Plans": [{"Node Type": "Nested Loop", "Parent Relationship": "Outer", "Join Type": "Inner", "Startup Cost": 0.0, "Total Cost": 84109.54, "Plan Rows": 1, "Plan Width": 25, "Actual Startup Time": 53.177, "Actual Total Time": 579.772, "Actual Rows": 104, "Actual Loops": 1, "Inner Unique": false, "Join Filter": "(t.id = ci.movie_id)", "Rows Removed by Join Filter": 0, "Plans": [{"Node Type": "Nested Loop", "Parent Relationship": "Outer", "Join Type": "Inner", "Startup Cost": 0.0, "Total Cost": 84053.76, "Plan Rows": 2, "Plan Width": 25, "Actual Startup Time": 53.042, "Actual Total Time": 579.227, "Actual Rows": 4, "Actual Loops": 1, "Inner Unique": true, "Plans": [{"Node Type": "Nested Loop", "Parent Relationship": "Outer", "Join Type": "Inner", "Startup Cost": 0.0, "Total Cost": 81991.53, "Plan Rows": 262, "Plan Width": 4, "Actual Startup Time": 0.312, "Actual Total Time": 518.839, "Actual Rows": 8495, "Actual Loops": 1, "Inner Unique": false, "Plans": [{"Node Type": "Index Scan", "Parent Relationship": "Outer", "Scan Direction": "Forward", "Index Name": "company_name_pkey", "Relation Name": "company_name", "Alias": "cn", "Startup Cost": 0.0, "Total Cost": 10501.39, "Plan Rows": 6290, "Plan Width": 4, "Actual Startup Time": 0.264, "Actual Total Time": 291.012, "Actual Rows": 6752, "Actual Loops": 1, "Filter": "((country_code)::text = '[jp]'::text)", "Rows Removed by Filter": 228244}, {"Node Type": "Index Scan", "Parent Relationship": "Inner", "Scan Direction": "Forward", "Index Name": "company_id_movie_companies", "Relation Name": "movie_companies", "Alias": "mc", "Startup Cost": 0.0, "Total Cost": 11.36, "Plan Rows": 1, "Plan Width": 8, "Actual Startup Time": 100.149, "Actual Total Time": 221.814, "Actual Rows": 8495, "Actual Loops": 6752, "Index Cond": "(company_id = cn.id)", "Rows Removed by Index Recheck": 0, "Filter": "(((note)::text ~~ '%(Japan)%'::text) AND ((note)::text !~~ '%(USA)%'::text) AND (((note)::text ~~ '%(2006)%'::text) OR ((note)::text ~~ '%(2007)%'::text)))", "Rows Removed by Filter": 96500}]}, {"Node Type": "Index Scan", "Parent Relationship": "Inner", "Scan Direction": "Forward", "Index Name": "title_pkey", "Relation Name": "title", "Alias": "t", "Startup Cost": 0.0, "Total Cost": 7.86, "Plan Rows": 1, "Plan Width": 21, "Actual Startup Time": 55.844, "Actual Total Time": 55.844, "Actual Rows": 4, "Actual Loops": 8495, "Index Cond": "(id = mc.movie_id)", "Rows Removed by Index Recheck": 0, "Filter": "((production_year >= 2006) AND (production_year <= 2007) AND (((title)::text ~~ 'One Piece%'::text) OR ((title)::text ~~ 'Dragon Ball Z%'::text)))", "Rows Removed by Filter": 8491}]}, {"Node Type": "Index Scan", "Parent Relationship": "Inner", "Scan Direction": "Forward", "Index Name": "movie_id_cast_info", "Relation Name": "cast_info", "Alias": "ci", "Startup Cost": 0.0, "Total Cost": 27.88, "Plan Rows": 1, "Plan Width": 12, "Actual Startup Time": 0.155, "Actual Total Time": 0.487, "Actual Rows": 104, "Actual Loops": 4, "Index Cond": "(movie_id = mc.movie_id)", "Rows Removed by Index Recheck": 0, "Filter": "((note)::text = '(voice: English version)'::text)", "Rows Removed by Filter": 68}]}, {"Node Type": "Index Scan", "Parent Relationship": "Inner", "Scan Direction": "Forward", "Index Name": "person_id_aka_name", "Relation Name": "aka_name", "Alias": "an", "Startup Cost": 0.0, "Total Cost": 0.84, "Plan Rows": 1, "Plan Width": 20, "Actual Startup Time": 0.629, "Actual Total Time": 0.74, "Actual Rows": 171, "Actual Loops": 104, "Index Cond": "(person_id = ci.person_id)", "Rows Removed by Index Recheck": 0}]}, {"Node Type": "Index Scan", "Parent Relationship": "Inner", "Scan Direction": "Forward", "Index Name": "name_pkey", "Relation Name": "name", "Alias": "n", "Startup Cost": 0.0, "Total Cost": 0.57, "Plan Rows": 1, "Plan Width": 4, "Actual Startup Time": 0.94, "Actual Total Time": 0.94, "Actual Rows": 6, "Actual Loops": 171, "Index Cond": "(id = an.person_id)", "Rows Removed by Index Recheck": 0, "Filter": "(((name)::text ~~ '%Yo%'::text) AND ((name)::text !~~ '%Yu%'::text))", "Rows Removed by Filter": 165}]}, {"Node Type": "Index Scan", "Parent Relationship": "Inner", "Scan Direction": "Forward", "Index Name": "role_type_pkey", "Relation Name": "role_type", "Alias": "rt", "Startup Cost": 0.0, "Total Cost": 0.27, "Plan Rows": 1, "Plan Width": 4, "Actual Startup Time": 0.022, "Actual Total Time": 0.022, "Actual Rows": 6, "Actual Loops": 6, "Index Cond": "(id = ci.role_id)", "Rows Removed by Index Recheck": 0, "Filter": "((role)::text = 'actress'::text)", "Rows Removed by Filter": 0}]}]}, "Triggers": [], "Planner Runtime": 25.043, "Total Runtime": 582.138, "Unique SQL Id": 3956435728}}, "(1, '50')": {"explain_plan": {"Plan": {"Node Type": "Aggregate", "Strategy": "Plain", "Startup Cost": 78740.56, "Total Cost": 78740.57, "Plan Rows": 1, "Plan Width": 97, "Plans": [{"Node Type": "Nested Loop", "Parent Relationship": "Outer", "Join Type": "Inner", "Startup Cost": 10.14, "Total Cost": 78740.56, "Plan Rows": 1, "Plan Width": 33, "Inner Unique": true, "Join Filter": "(ci.role_id = rt.id)", "Plans": [{"Node Type": "Nested Loop", "Parent Relationship": "Outer", "Join Type": "Inner", "Startup Cost": 10.14, "Total Cost": 78739.4, "Plan Rows": 1, "Plan Width": 37, "Inner Unique": true, "Plans": [{"Node Type": "Nested Loop", "Parent Relationship": "Outer", "Join Type": "Inner", "Startup Cost": 9.81, "Total Cost": 78735.04, "Plan Rows": 1, "Plan Width": 45, "Inner Unique": false, "Plans": [{"Node Type": "Nested Loop", "Parent Relationship": "Outer", "Join Type": "Inner", "Startup Cost": 9.43, "Total Cost": 78730.64, "Plan Rows": 1, "Plan Width": 25, "Inner Unique": false, "Join Filter": "(t.id = ci.movie_id)", "Plans": [{"Node Type": "Nested Loop", "Parent Relationship": "Outer", "Join Type": "Inner", "Startup Cost": 5.16, "Total Cost": 78674.07, "Plan Rows": 2, "Plan Width": 25, "Inner Unique": true, "Plans": [{"Node Type": "Nested Loop", "Parent Relationship": "Outer", "Join Type": "Inner", "Startup Cost": 1.23, "Total Cost": 76587.66, "Plan Rows": 262, "Plan Width": 4, "Inner Unique": true, "Plans": [{"Node Type": "Seq Scan", "Parent Relationship": "Outer", "Relation Name": "movie_companies", "Alias": "mc", "Startup Cost": 0.0, "Total Cost": 67908.56, "Plan Rows": 1652, "Plan Width": 8, "Filter": "(((note)::text ~~ '%(Japan)%'::text) AND ((note)::text !~~ '%(USA)%'::text) AND (((note)::text ~~ '%(2006)%'::text) OR ((note)::text ~~ '%(2007)%'::text)))"}, {"Node Type": "Bitmap Heap Scan", "Parent Relationship": "Inner", "Relation Name": "company_name", "Alias": "cn", "Startup Cost": 1.23, "Total Cost": 5.24, "Plan Rows": 1, "Plan Width": 4, "Recheck Cond": "(id = mc.company_id)", "Filter": "((country_code)::text = '[jp]'::text)", "Plans": [{"Node Type": "Bitmap Index Scan", "Parent Relationship": "Outer", "Index Name": "company_name_pkey", "Startup Cost": 0.0, "Total Cost": 1.23, "Plan Rows": 1, "Plan Width": 0, "Index Cond": "(id = mc.company_id)"}]}]}, {"Node Type": "Bitmap Heap Scan", "Parent Relationship": "Inner", "Relation Name": "title", "Alias": "t", "Startup Cost": 3.93, "Total Cost": 7.95, "Plan Rows": 1, "Plan Width": 21, "Recheck Cond": "(id = mc.movie_id)", "Filter": "((production_year >= 2006) AND (production_year <= 2007) AND (((title)::text ~~ 'One Piece%'::text) OR ((title)::text ~~ 'Dragon Ball Z%'::text)))", "Plans": [{"Node Type": "Bitmap Index Scan", "Parent Relationship": "Outer", "Index Name": "title_pkey", "Startup Cost": 0.0, "Total Cost": 3.93, "Plan Rows": 1, "Plan Width": 0, "Index Cond": "(id = mc.movie_id)"}]}]}, {"Node Type": "Bitmap Heap Scan", "Parent Relationship": "Inner", "Relation Name": "cast_info", "Alias": "ci", "Startup Cost": 4.27, "Total Cost": 28.27, "Plan Rows": 1, "Plan Width": 12, "Recheck Cond": "(movie_id = mc.movie_id)", "Filter": "((note)::text = '(voice: English version)'::text)", "Plans": [{"Node Type": "Bitmap Index Scan", "Parent Relationship": "Outer", "Index Name": "movie_id_cast_info", "Startup Cost": 0.0, "Total Cost": 4.27, "Plan Rows": 6, "Plan Width": 0, "Index Cond": "(movie_id = mc.movie_id)"}]}]}, {"Node Type": "Bitmap Heap Scan", "Parent Relationship": "Inner", "Relation Name": "aka_name", "Alias": "an", "Startup Cost": 0.38, "Total Cost": 4.39, "Plan Rows": 1, "Plan Width": 20, "Recheck Cond": "(person_id = ci.person_id)", "Plans": [{"Node Type": "Bitmap Index Scan", "Parent Relationship": "Outer", "Index Name": "person_id_aka_name", "Startup Cost": 0.0, "Total Cost": 0.38, "Plan Rows": 1, "Plan Width": 0, "Index Cond": "(person_id = ci.person_id)"}]}]}, {"Node Type": "Bitmap Heap Scan", "Parent Relationship": "Inner", "Relation Name": "name", "Alias": "n", "Startup Cost": 0.33, "Total Cost": 4.34, "Plan Rows": 1, "Plan Width": 4, "Recheck Cond": "(id = an.person_id)", "Filter": "(((name)::text ~~ '%Yo%'::text) AND ((name)::text !~~ '%Yu%'::text))", "Plans": [{"Node Type": "Bitmap Index Scan", "Parent Relationship": "Outer", "Index Name": "name_pkey", "Startup Cost": 0.0, "Total Cost": 0.33, "Plan Rows": 1, "Plan Width": 0, "Index Cond": "(id = an.person_id)"}]}]}, {"Node Type": "Seq Scan", "Parent Relationship": "Inner", "Relation Name": "role_type", "Alias": "rt", "Startup Cost": 0.0, "Total Cost": 1.15, "Plan Rows": 1, "Plan Width": 4, "Filter": "((role)::text = 'actress'::text)"}]}]}, "Unique SQL Id": 3956435728, "Planner Runtime": 7}, "explain_analyze_plan": {"Plan": {"Node Type": "Aggregate", "Strategy": "Plain", "Startup Cost": 78740.56, "Total Cost": 78740.57, "Plan Rows": 1, "Plan Width": 97, "Actual Startup Time": 1096.682, "Actual Total Time": 1096.682, "Actual Rows": 1, "Actual Loops": 1, "Plans": [{"Node Type": "Nested Loop", "Parent Relationship": "Outer", "Join Type": "Inner", "Startup Cost": 10.14, "Total Cost": 78740.56, "Plan Rows": 1, "Plan Width": 33, "Actual Startup Time": 378.069, "Actual Total Time": 1096.636, "Actual Rows": 6, "Actual Loops": 1, "Inner Unique": true, "Join Filter": "(ci.role_id = rt.id)", "Rows Removed by Join Filter": 0, "Plans": [{"Node Type": "Nested Loop", "Parent Relationship": "Outer", "Join Type": "Inner", "Startup Cost": 10.14, "Total Cost": 78739.4, "Plan Rows": 1, "Plan Width": 37, "Actual Startup Time": 378.051, "Actual Total Time": 1096.576, "Actual Rows": 6, "Actual Loops": 1, "Inner Unique": true, "Plans": [{"Node Type": "Nested Loop", "Parent Relationship": "Outer", "Join Type": "Inner", "Startup Cost": 9.81, "Total Cost": 78735.04, "Plan Rows": 1, "Plan Width": 45, "Actual Startup Time": 377.481, "Actual Total Time": 1095.373, "Actual Rows": 171, "Actual Loops": 1, "Inner Unique": false, "Plans": [{"Node Type": "Nested Loop", "Parent Relationship": "Outer", "Join Type": "Inner", "Startup Cost": 9.43, "Total Cost": 78730.64, "Plan Rows": 1, "Plan Width": 25, "Actual Startup Time": 377.425, "Actual Total Time": 1094.322, "Actual Rows": 104, "Actual Loops": 1, "Inner Unique": false, "Join Filter": "(t.id = ci.movie_id)", "Rows Removed by Join Filter": 0, "Plans": [{"Node Type": "Nested Loop", "Parent Relationship": "Outer", "Join Type": "Inner", "Startup Cost": 5.16, "Total Cost": 78674.07, "Plan Rows": 2, "Plan Width": 25, "Actual Startup Time": 377.356, "Actual Total Time": 1093.675, "Actual Rows": 4, "Actual Loops": 1, "Inner Unique": true, "Plans": [{"Node Type": "Nested Loop", "Parent Relationship": "Outer", "Join Type": "Inner", "Startup Cost": 1.23, "Total Cost": 76587.66, "Plan Rows": 262, "Plan Width": 4, "Actual Startup Time": 0.293, "Actual Total Time": 1032.956, "Actual Rows": 8495, "Actual Loops": 1, "Inner Unique": true, "Plans": [{"Node Type": "Seq Scan", "Parent Relationship": "Outer", "Relation Name": "movie_companies", "Alias": "mc", "Startup Cost": 0.0, "Total Cost": 67908.56, "Plan Rows": 1652, "Plan Width": 8, "Actual Startup Time": 0.249, "Actual Total Time": 980.25, "Actual Rows": 8569, "Actual Loops": 1, "Filter": "(((note)::text ~~ '%(Japan)%'::text) AND ((note)::text !~~ '%(USA)%'::text) AND (((note)::text ~~ '%(2006)%'::text) OR ((note)::text ~~ '%(2007)%'::text)))", "Rows Removed by Filter": 2600559}, {"Node Type": "Bitmap Heap Scan", "Parent Relationship": "Inner", "Relation Name": "company_name", "Alias": "cn", "Startup Cost": 1.23, "Total Cost": 5.24, "Plan Rows": 1, "Plan Width": 4, "Actual Startup Time": 40.664, "Actual Total Time": 40.664, "Actual Rows": 8495, "Actual Loops": 8569, "Recheck Cond": "(id = mc.company_id)", "Rows Removed by Index Recheck": 0, "Filter": "((country_code)::text = '[jp]'::text)", "Rows Removed by Filter": 74, "Exact Heap Blocks": 8569, "Lossy Heap Blocks": 8569, "Plans": [{"Node Type": "Bitmap Index Scan", "Parent Relationship": "Outer", "Index Name": "company_name_pkey", "Startup Cost": 0.0, "Total Cost": 1.23, "Plan Rows": 1, "Plan Width": 0, "Actual Startup Time": 23.087, "Actual Total Time": 23.087, "Actual Rows": 8569, "Actual Loops": 8569, "Index Cond": "(id = mc.company_id)"}]}]}, {"Node Type": "Bitmap Heap Scan", "Parent Relationship": "Inner", "Relation Name": "title", "Alias": "t", "Startup Cost": 3.93, "Total Cost": 7.95, "Plan Rows": 1, "Plan Width": 21, "Actual Startup Time": 50.328, "Actual Total Time": 50.328, "Actual Rows": 4, "Actual Loops": 8495, "Recheck Cond": "(id = mc.movie_id)", "Rows Removed by Index Recheck": 0, "Filter": "((production_year >= 2006) AND (production_year <= 2007) AND (((title)::text ~~ 'One Piece%'::text) OR ((title)::text ~~ 'Dragon Ball Z%'::text)))", "Rows Removed by Filter": 8491, "Exact Heap Blocks": 8495, "Lossy Heap Blocks": 8495, "Plans": [{"Node Type": "Bitmap Index Scan", "Parent Relationship": "Outer", "Index Name": "title_pkey", "Startup Cost": 0.0, "Total Cost": 3.93, "Plan Rows": 1, "Plan Width": 0, "Actual Startup Time": 25.506, "Actual Total Time": 25.506, "Actual Rows": 8495, "Actual Loops": 8495, "Index Cond": "(id = mc.movie_id)"}]}]}, {"Node Type": "Bitmap Heap Scan", "Parent Relationship": "Inner", "Relation Name": "cast_info", "Alias": "ci", "Startup Cost": 4.27, "Total Cost": 28.27, "Plan Rows": 1, "Plan Width": 12, "Actual Startup Time": 0.261, "Actual Total Time": 0.577, "Actual Rows": 104, "Actual Loops": 4, "Recheck Cond": "(movie_id = mc.movie_id)", "Rows Removed by Index Recheck": 0, "Filter": "((note)::text = '(voice: English version)'::text)", "Rows Removed by Filter": 68, "Exact Heap Blocks": 133, "Lossy Heap Blocks": 133, "Plans": [{"Node Type": "Bitmap Index Scan", "Parent Relationship": "Outer", "Index Name": "movie_id_cast_info", "Startup Cost": 0.0, "Total Cost": 4.27, "Plan Rows": 6, "Plan Width": 0, "Actual Startup Time": 0.085, "Actual Total Time": 0.085, "Actual Rows": 172, "Actual Loops": 4, "Index Cond": "(movie_id = mc.movie_id)"}]}]}, {"Node Type": "Bitmap Heap Scan", "Parent Relationship": "Inner", "Relation Name": "aka_name", "Alias": "an", "Startup Cost": 0.38, "Total Cost": 4.39, "Plan Rows": 1, "Plan Width": 20, "Actual Startup Time": 0.772, "Actual Total Time": 0.862, "Actual Rows": 171, "Actual Loops": 104, "Recheck Cond": "(person_id = ci.person_id)", "Rows Removed by Index Recheck": 0, "Exact Heap Blocks": 105, "Lossy Heap Blocks": 105, "Plans": [{"Node Type": "Bitmap Index Scan", "Parent Relationship": "Outer", "Index Name": "person_id_aka_name", "Startup Cost": 0.0, "Total Cost": 0.38, "Plan Rows": 1, "Plan Width": 0, "Actual Startup Time": 0.508, "Actual Total Time": 0.508, "Actual Rows": 171, "Actual Loops": 104, "Index Cond": "(person_id = ci.person_id)"}]}]}, {"Node Type": "Bitmap Heap Scan", "Parent Relationship": "Inner", "Relation Name": "name", "Alias": "n", "Startup Cost": 0.33, "Total Cost": 4.34, "Plan Rows": 1, "Plan Width": 4, "Actual Startup Time": 0.995, "Actual Total Time": 0.995, "Actual Rows": 6, "Actual Loops": 171, "Recheck Cond": "(id = an.person_id)", "Rows Removed by Index Recheck": 0, "Filter": "(((name)::text ~~ '%Yo%'::text) AND ((name)::text !~~ '%Yu%'::text))", "Rows Removed by Filter": 165, "Exact Heap Blocks": 171, "Lossy Heap Blocks": 171, "Plans": [{"Node Type": "Bitmap Index Scan", "Parent Relationship": "Outer", "Index Name": "name_pkey", "Startup Cost": 0.0, "Total Cost": 0.33, "Plan Rows": 1, "Plan Width": 0, "Actual Startup Time": 0.603, "Actual Total Time": 0.603, "Actual Rows": 171, "Actual Loops": 171, "Index Cond": "(id = an.person_id)"}]}]}, {"Node Type": "Seq Scan", "Parent Relationship": "Inner", "Relation Name": "role_type", "Alias": "rt", "Startup Cost": 0.0, "Total Cost": 1.15, "Plan Rows": 1, "Plan Width": 4, "Actual Startup Time": 0.035, "Actual Total Time": 0.035, "Actual Rows": 6, "Actual Loops": 6, "Filter": "((role)::text = 'actress'::text)", "Rows Removed by Filter": 6}]}]}, "Triggers": [], "Planner Runtime": 7.414, "Total Runtime": 1097.032, "Unique SQL Id": 3956435728}}, "(1, '51')": {"explain_plan": {"Plan": {"Node Type": "Aggregate", "Strategy": "Plain", "Startup Cost": 1000012201008.67, "Total Cost": 1000012201008.68, "Plan Rows": 1, "Plan Width": 97, "Plans": [{"Node Type": "Nested Loop", "Parent Relationship": "Outer", "Join Type": "Inner", "Startup Cost": 10000000004.12, "Total Cost": 1000012201008.67, "Plan Rows": 1, "Plan Width": 33, "Inner Unique": true, "Plans": [{"Node Type": "Nested Loop", "Parent Relationship": "Outer", "Join Type": "Inner", "Startup Cost": 10000000003.79, "Total Cost": 1000012201004.31, "Plan Rows": 1, "Plan Width": 41, "Inner Unique": true, "Plans": [{"Node Type": "Nested Loop", "Parent Relationship": "Outer", "Join Type": "Inner", "Startup Cost": 10000000003.54, "Total Cost": 1000012201000.03, "Plan Rows": 1, "Plan Width": 45, "Inner Unique": true, "Plans": [{"Node Type": "Nested Loop", "Parent Relationship": "Outer", "Join Type": "Inner", "Startup Cost": 10000000002.31, "Total Cost": 1000012200994.77, "Plan Rows": 1, "Plan Width": 49, "Inner Unique": false, "Plans": [{"Node Type": "Nested Loop", "Parent Relationship": "Outer", "Join Type": "Inner", "Startup Cost": 10000000001.65, "Total Cost": 1000012200744.81, "Plan Rows": 53, "Plan Width": 53, "Inner Unique": true, "Plans": [{"Node Type": "Nested Loop", "Parent Relationship": "Outer", "Join Type": "Inner", "Startup Cost": 10000000001.0, "Total Cost": 1000011659757.19, "Plan Rows": 115768, "Plan Width": 32, "Inner Unique": false, "Plans": [{"Node Type": "Index Scan", "Parent Relationship": "Outer", "Scan Direction": "Forward", "Index Name": "person_id_aka_name", "Relation Name": "aka_name", "Alias": "an", "Startup Cost": 10000000000.0, "Total Cost": 1000006896503.43, "Plan Rows": 901342, "Plan Width": 20}, {"Node Type": "Bitmap Heap Scan", "Parent Relationship": "Inner", "Relation Name": "cast_info", "Alias": "ci", "Startup Cost": 1.0, "Total Cost": 5.27, "Plan Rows": 1, "Plan Width": 12, "Recheck Cond": "(person_id = an.person_id)", "Filter": "((note)::text = '(voice: English version)'::text)", "Plans": [{"Node Type": "Bitmap Index Scan", "Parent Relationship": "Outer", "Index Name": "person_id_cast_info", "Startup Cost": 0.0, "Total Cost": 1.0, "Plan Rows": 18, "Plan Width": 0, "Index Cond": "(person_id = an.person_id)"}]}]}, {"Node Type": "Bitmap Heap Scan", "Parent Relationship": "Inner", "Relation Name": "title", "Alias": "t", "Startup Cost": 0.64, "Total Cost": 4.66, "Plan Rows": 1, "Plan Width": 21, "Recheck Cond": "(id = ci.movie_id)", "Filter": "((production_year >= 2006) AND (production_year <= 2007) AND (((title)::text ~~ 'One Piece%'::text) OR ((title)::text ~~ 'Dragon Ball Z%'::text)))", "Plans": [{"Node Type": "Bitmap Index Scan", "Parent Relationship": "Outer", "Index Name": "title_pkey", "Startup Cost": 0.0, "Total Cost": 0.64, "Plan Rows": 1, "Plan Width": 0, "Index Cond": "(id = ci.movie_id)"}]}]}, {"Node Type": "Bitmap Heap Scan", "Parent Relationship": "Inner", "Relation Name": "movie_companies", "Alias": "mc", "Startup Cost": 0.66, "Total Cost": 4.71, "Plan Rows": 1, "Plan Width": 8, "Recheck Cond": "(movie_id = ci.movie_id)", "Filter": "(((note)::text ~~ '%(Japan)%'::text) AND ((note)::text !~~ '%(USA)%'::text) AND (((note)::text ~~ '%(2006)%'::text) OR ((note)::text ~~ '%(2007)%'::text)))", "Plans": [{"Node Type": "Bitmap Index Scan", "Parent Relationship": "Outer", "Index Name": "movie_id_movie_companies", "Startup Cost": 0.0, "Total Cost": 0.66, "Plan Rows": 2, "Plan Width": 0, "Index Cond": "(movie_id = ci.movie_id)"}]}]}, {"Node Type": "Bitmap Heap Scan", "Parent Relationship": "Inner", "Relation Name": "company_name", "Alias": "cn", "Startup Cost": 1.23, "Total Cost": 5.24, "Plan Rows": 1, "Plan Width": 4, "Recheck Cond": "(id = mc.company_id)", "Filter": "((country_code)::text = '[jp]'::text)", "Plans": [{"Node Type": "Bitmap Index Scan", "Parent Relationship": "Outer", "Index Name": "company_name_pkey", "Startup Cost": 0.0, "Total Cost": 1.23, "Plan Rows": 1, "Plan Width": 0, "Index Cond": "(id = mc.company_id)"}]}]}, {"Node Type": "Bitmap Heap Scan", "Parent Relationship": "Inner", "Relation Name": "role_type", "Alias": "rt", "Startup Cost": 0.26, "Total Cost": 4.27, "Plan Rows": 1, "Plan Width": 4, "Recheck Cond": "(id = ci.role_id)", "Filter": "((role)::text = 'actress'::text)", "Plans": [{"Node Type": "Bitmap Index Scan", "Parent Relationship": "Outer", "Index Name": "role_type_pkey", "Startup Cost": 0.0, "Total Cost": 0.26, "Plan Rows": 1, "Plan Width": 0, "Index Cond": "(id = ci.role_id)"}]}]}, {"Node Type": "Bitmap Heap Scan", "Parent Relationship": "Inner", "Relation Name": "name", "Alias": "n", "Startup Cost": 0.33, "Total Cost": 4.34, "Plan Rows": 1, "Plan Width": 4, "Recheck Cond": "(id = an.person_id)", "Filter": "(((name)::text ~~ '%Yo%'::text) AND ((name)::text !~~ '%Yu%'::text))", "Plans": [{"Node Type": "Bitmap Index Scan", "Parent Relationship": "Outer", "Index Name": "name_pkey", "Startup Cost": 0.0, "Total Cost": 0.33, "Plan Rows": 1, "Plan Width": 0, "Index Cond": "(id = an.person_id)"}]}]}]}, "Unique SQL Id": 3956435728, "Planner Runtime": 6}, "explain_analyze_plan": null}, "(1, '52')": {"explain_plan": {"Plan": {"Node Type": "Aggregate", "Strategy": "Plain", "Startup Cost": 77270.98, "Total Cost": 77270.99, "Plan Rows": 1, "Plan Width": 97, "Plans": [{"Node Type": "Nested Loop", "Parent Relationship": "Outer", "Join Type": "Inner", "Startup Cost": 0.0, "Total Cost": 77270.98, "Plan Rows": 1, "Plan Width": 33, "Inner Unique": true, "Plans": [{"Node Type": "Nested Loop", "Parent Relationship": "Outer", "Join Type": "Inner", "Startup Cost": 0.0, "Total Cost": 77270.7, "Plan Rows": 1, "Plan Width": 37, "Inner Unique": true, "Plans": [{"Node Type": "Nested Loop", "Parent Relationship": "Outer", "Join Type": "Inner", "Startup Cost": 0.0, "Total Cost": 77270.11, "Plan Rows": 1, "Plan Width": 45, "Inner Unique": false, "Plans": [{"Node Type": "Nested Loop", "Parent Relationship": "Outer", "Join Type": "Inner", "Startup Cost": 0.0, "Total Cost": 77269.26, "Plan Rows": 1, "Plan Width": 25, "Inner Unique": false, "Join Filter": "(t.id = ci.movie_id)", "Plans": [{"Node Type": "Nested Loop", "Parent Relationship": "Outer", "Join Type": "Inner", "Startup Cost": 0.0, "Total Cost": 77213.48, "Plan Rows": 2, "Plan Width": 25, "Inner Unique": true, "Plans": [{"Node Type": "Nested Loop", "Parent Relationship": "Outer", "Join Type": "Inner", "Startup Cost": 0.0, "Total Cost": 75151.25, "Plan Rows": 262, "Plan Width": 4, "Inner Unique": true, "Plans": [{"Node Type": "Seq Scan", "Parent Relationship": "Outer", "Relation Name": "movie_companies", "Alias": "mc", "Startup Cost": 0.0, "Total Cost": 67908.56, "Plan Rows": 1652, "Plan Width": 8, "Filter": "(((note)::text ~~ '%(Japan)%'::text) AND ((note)::text !~~ '%(USA)%'::text) AND (((note)::text ~~ '%(2006)%'::text) OR ((note)::text ~~ '%(2007)%'::text)))"}, {"Node Type": "Index Scan", "Parent Relationship": "Inner", "Scan Direction": "Forward", "Index Name": "company_name_pkey", "Relation Name": "company_name", "Alias": "cn", "Startup Cost": 0.0, "Total Cost": 4.37, "Plan Rows": 1, "Plan Width": 4, "Index Cond": "(id = mc.company_id)", "Filter": "((country_code)::text = '[jp]'::text)"}]}, {"Node Type": "Index Scan", "Parent Relationship": "Inner", "Scan Direction": "Forward", "Index Name": "title_pkey", "Relation Name": "title", "Alias": "t", "Startup Cost": 0.0, "Total Cost": 7.86, "Plan Rows": 1, "Plan Width": 21, "Index Cond": "(id = mc.movie_id)", "Filter": "((production_year >= 2006) AND (production_year <= 2007) AND (((title)::text ~~ 'One Piece%'::text) OR ((title)::text ~~ 'Dragon Ball Z%'::text)))"}]}, {"Node Type": "Index Scan", "Parent Relationship": "Inner", "Scan Direction": "Forward", "Index Name": "movie_id_cast_info", "Relation Name": "cast_info", "Alias": "ci", "Startup Cost": 0.0, "Total Cost": 27.88, "Plan Rows": 1, "Plan Width": 12, "Index Cond": "(movie_id = mc.movie_id)", "Filter": "((note)::text = '(voice: English version)'::text)"}]}, {"Node Type": "Index Scan", "Parent Relationship": "Inner", "Scan Direction": "Forward", "Index Name": "person_id_aka_name", "Relation Name": "aka_name", "Alias": "an", "Startup Cost": 0.0, "Total Cost": 0.84, "Plan Rows": 1, "Plan Width": 20, "Index Cond": "(person_id = ci.person_id)"}]}, {"Node Type": "Index Scan", "Parent Relationship": "Inner", "Scan Direction": "Forward", "Index Name": "name_pkey", "Relation Name": "name", "Alias": "n", "Startup Cost": 0.0, "Total Cost": 0.57, "Plan Rows": 1, "Plan Width": 4, "Index Cond": "(id = an.person_id)", "Filter": "(((name)::text ~~ '%Yo%'::text) AND ((name)::text !~~ '%Yu%'::text))"}]}, {"Node Type": "Index Scan", "Parent Relationship": "Inner", "Scan Direction": "Forward", "Index Name": "role_type_pkey", "Relation Name": "role_type", "Alias": "rt", "Startup Cost": 0.0, "Total Cost": 0.27, "Plan Rows": 1, "Plan Width": 4, "Index Cond": "(id = ci.role_id)", "Filter": "((role)::text = 'actress'::text)"}]}]}, "Unique SQL Id": 3956435728, "Planner Runtime": 6}, "explain_analyze_plan": {"Plan": {"Node Type": "Aggregate", "Strategy": "Plain", "Startup Cost": 77270.98, "Total Cost": 77270.99, "Plan Rows": 1, "Plan Width": 97, "Actual Startup Time": 1034.996, "Actual Total Time": 1034.997, "Actual Rows": 1, "Actual Loops": 1, "Plans": [{"Node Type": "Nested Loop", "Parent Relationship": "Outer", "Join Type": "Inner", "Startup Cost": 0.0, "Total Cost": 77270.98, "Plan Rows": 1, "Plan Width": 33, "Actual Startup Time": 359.457, "Actual Total Time": 1034.942, "Actual Rows": 6, "Actual Loops": 1, "Inner Unique": true, "Plans": [{"Node Type": "Nested Loop", "Parent Relationship": "Outer", "Join Type": "Inner", "Startup Cost": 0.0, "Total Cost": 77270.7, "Plan Rows": 1, "Plan Width": 37, "Actual Startup Time": 359.446, "Actual Total Time": 1034.911, "Actual Rows": 6, "Actual Loops": 1, "Inner Unique": true, "Plans": [{"Node Type": "Nested Loop", "Parent Relationship": "Outer", "Join Type": "Inner", "Startup Cost": 0.0, "Total Cost": 77270.11, "Plan Rows": 1, "Plan Width": 45, "Actual Startup Time": 358.983, "Actual Total Time": 1034.041, "Actual Rows": 171, "Actual Loops": 1, "Inner Unique": false, "Plans": [{"Node Type": "Nested Loop", "Parent Relationship": "Outer", "Join Type": "Inner", "Startup Cost": 0.0, "Total Cost": 77269.26, "Plan Rows": 1, "Plan Width": 25, "Actual Startup Time": 358.966, "Actual Total Time": 1033.417, "Actual Rows": 104, "Actual Loops": 1, "Inner Unique": false, "Join Filter": "(t.id = ci.movie_id)", "Rows Removed by Join Filter": 0, "Plans": [{"Node Type": "Nested Loop", "Parent Relationship": "Outer", "Join Type": "Inner", "Startup Cost": 0.0, "Total Cost": 77213.48, "Plan Rows": 2, "Plan Width": 25, "Actual Startup Time": 358.923, "Actual Total Time": 1033.02, "Actual Rows": 4, "Actual Loops": 1, "Inner Unique": true, "Plans": [{"Node Type": "Nested Loop", "Parent Relationship": "Outer", "Join Type": "Inner", "Startup Cost": 0.0, "Total Cost": 75151.25, "Plan Rows": 262, "Plan Width": 4, "Actual Startup Time": 0.3, "Actual Total Time": 989.642, "Actual Rows": 8495, "Actual Loops": 1, "Inner Unique": true, "Plans": [{"Node Type": "Seq Scan", "Parent Relationship": "Outer", "Relation Name": "movie_companies", "Alias": "mc", "Startup Cost": 0.0, "Total Cost": 67908.56, "Plan Rows": 1652, "Plan Width": 8, "Actual Startup Time": 0.264, "Actual Total Time": 953.15, "Actual Rows": 8569, "Actual Loops": 1, "Filter": "(((note)::text ~~ '%(Japan)%'::text) AND ((note)::text !~~ '%(USA)%'::text) AND (((note)::text ~~ '%(2006)%'::text) OR ((note)::text ~~ '%(2007)%'::text)))", "Rows Removed by Filter": 2600559}, {"Node Type": "Index Scan", "Parent Relationship": "Inner", "Scan Direction": "Forward", "Index Name": "company_name_pkey", "Relation Name": "company_name", "Alias": "cn", "Startup Cost": 0.0, "Total Cost": 4.37, "Plan Rows": 1, "Plan Width": 4, "Actual Startup Time": 29.873, "Actual Total Time": 29.873, "Actual Rows": 8495, "Actual Loops": 8569, "Index Cond": "(id = mc.company_id)", "Rows Removed by Index Recheck": 0, "Filter": "((country_code)::text = '[jp]'::text)", "Rows Removed by Filter": 74}]}, {"Node Type": "Index Scan", "Parent Relationship": "Inner", "Scan Direction": "Forward", "Index Name": "title_pkey", "Relation Name": "title", "Alias": "t", "Startup Cost": 0.0, "Total Cost": 7.86, "Plan Rows": 1, "Plan Width": 21, "Actual Startup Time": 38.797, "Actual Total Time": 38.797, "Actual Rows": 4, "Actual Loops": 8495, "Index Cond": "(id = mc.movie_id)", "Rows Removed by Index Recheck": 0, "Filter": "((production_year >= 2006) AND (production_year <= 2007) AND (((title)::text ~~ 'One Piece%'::text) OR ((title)::text ~~ 'Dragon Ball Z%'::text)))", "Rows Removed by Filter": 8491}]}, {"Node Type": "Index Scan", "Parent Relationship": "Inner", "Scan Direction": "Forward", "Index Name": "movie_id_cast_info", "Relation Name": "cast_info", "Alias": "ci", "Startup Cost": 0.0, "Total Cost": 27.88, "Plan Rows": 1, "Plan Width": 12, "Actual Startup Time": 0.117, "Actual Total Time": 0.343, "Actual Rows": 104, "Actual Loops": 4, "Index Cond": "(movie_id = mc.movie_id)", "Rows Removed by Index Recheck": 0, "Filter": "((note)::text = '(voice: English version)'::text)", "Rows Removed by Filter": 68}]}, {"Node Type": "Index Scan", "Parent Relationship": "Inner", "Scan Direction": "Forward", "Index Name": "person_id_aka_name", "Relation Name": "aka_name", "Alias": "an", "Startup Cost": 0.0, "Total Cost": 0.84, "Plan Rows": 1, "Plan Width": 20, "Actual Startup Time": 0.434, "Actual Total Time": 0.52, "Actual Rows": 171, "Actual Loops": 104, "Index Cond": "(person_id = ci.person_id)", "Rows Removed by Index Recheck": 0}]}, {"Node Type": "Index Scan", "Parent Relationship": "Inner", "Scan Direction": "Forward", "Index Name": "name_pkey", "Relation Name": "name", "Alias": "n", "Startup Cost": 0.0, "Total Cost": 0.57, "Plan Rows": 1, "Plan Width": 4, "Actual Startup Time": 0.753, "Actual Total Time": 0.753, "Actual Rows": 6, "Actual Loops": 171, "Index Cond": "(id = an.person_id)", "Rows Removed by Index Recheck": 0, "Filter": "(((name)::text ~~ '%Yo%'::text) AND ((name)::text !~~ '%Yu%'::text))", "Rows Removed by Filter": 165}]}, {"Node Type": "Index Scan", "Parent Relationship": "Inner", "Scan Direction": "Forward", "Index Name": "role_type_pkey", "Relation Name": "role_type", "Alias": "rt", "Startup Cost": 0.0, "Total Cost": 0.27, "Plan Rows": 1, "Plan Width": 4, "Actual Startup Time": 0.02, "Actual Total Time": 0.02, "Actual Rows": 6, "Actual Loops": 6, "Index Cond": "(id = ci.role_id)", "Rows Removed by Index Recheck": 0, "Filter": "((role)::text = 'actress'::text)", "Rows Removed by Filter": 0}]}]}, "Triggers": [], "Planner Runtime": 6.295, "Total Runtime": 1035.253, "Unique SQL Id": 3956435728}}, "(1, '53')": {"explain_plan": {"Plan": {"Node Type": "Aggregate", "Strategy": "Plain", "Startup Cost": 84111.26, "Total Cost": 84111.27, "Plan Rows": 1, "Plan Width": 97, "Plans": [{"Node Type": "Nested Loop", "Parent Relationship": "Outer", "Join Type": "Inner", "Startup Cost": 0.0, "Total Cost": 84111.26, "Plan Rows": 1, "Plan Width": 33, "Inner Unique": true, "Plans": [{"Node Type": "Nested Loop", "Parent Relationship": "Outer", "Join Type": "Inner", "Startup Cost": 0.0, "Total Cost": 84110.97, "Plan Rows": 1, "Plan Width": 37, "Inner Unique": true, "Plans": [{"Node Type": "Nested Loop", "Parent Relationship": "Outer", "Join Type": "Inner", "Startup Cost": 0.0, "Total Cost": 84110.39, "Plan Rows": 1, "Plan Width": 45, "Inner Unique": false, "Plans": [{"Node Type": "Nested Loop", "Parent Relationship": "Outer", "Join Type": "Inner", "Startup Cost": 0.0, "Total Cost": 84109.54, "Plan Rows": 1, "Plan Width": 25, "Inner Unique": false, "Join Filter": "(t.id = ci.movie_id)", "Plans": [{"Node Type": "Nested Loop", "Parent Relationship": "Outer", "Join Type": "Inner", "Startup Cost": 0.0, "Total Cost": 84053.76, "Plan Rows": 2, "Plan Width": 25, "Inner Unique": true, "Plans": [{"Node Type": "Nested Loop", "Parent Relationship": "Outer", "Join Type": "Inner", "Startup Cost": 0.0, "Total Cost": 81991.53, "Plan Rows": 262, "Plan Width": 4, "Inner Unique": false, "Plans": [{"Node Type": "Index Scan", "Parent Relationship": "Outer", "Scan Direction": "Forward", "Index Name": "company_name_pkey", "Relation Name": "company_name", "Alias": "cn", "Startup Cost": 0.0, "Total Cost": 10501.39, "Plan Rows": 6290, "Plan Width": 4, "Filter": "((country_code)::text = '[jp]'::text)"}, {"Node Type": "Index Scan", "Parent Relationship": "Inner", "Scan Direction": "Forward", "Index Name": "company_id_movie_companies", "Relation Name": "movie_companies", "Alias": "mc", "Startup Cost": 0.0, "Total Cost": 11.36, "Plan Rows": 1, "Plan Width": 8, "Index Cond": "(company_id = cn.id)", "Filter": "(((note)::text ~~ '%(Japan)%'::text) AND ((note)::text !~~ '%(USA)%'::text) AND (((note)::text ~~ '%(2006)%'::text) OR ((note)::text ~~ '%(2007)%'::text)))"}]}, {"Node Type": "Index Scan", "Parent Relationship": "Inner", "Scan Direction": "Forward", "Index Name": "title_pkey", "Relation Name": "title", "Alias": "t", "Startup Cost": 0.0, "Total Cost": 7.86, "Plan Rows": 1, "Plan Width": 21, "Index Cond": "(id = mc.movie_id)", "Filter": "((production_year >= 2006) AND (production_year <= 2007) AND (((title)::text ~~ 'One Piece%'::text) OR ((title)::text ~~ 'Dragon Ball Z%'::text)))"}]}, {"Node Type": "Index Scan", "Parent Relationship": "Inner", "Scan Direction": "Forward", "Index Name": "movie_id_cast_info", "Relation Name": "cast_info", "Alias": "ci", "Startup Cost": 0.0, "Total Cost": 27.88, "Plan Rows": 1, "Plan Width": 12, "Index Cond": "(movie_id = mc.movie_id)", "Filter": "((note)::text = '(voice: English version)'::text)"}]}, {"Node Type": "Index Scan", "Parent Relationship": "Inner", "Scan Direction": "Forward", "Index Name": "person_id_aka_name", "Relation Name": "aka_name", "Alias": "an", "Startup Cost": 0.0, "Total Cost": 0.84, "Plan Rows": 1, "Plan Width": 20, "Index Cond": "(person_id = ci.person_id)"}]}, {"Node Type": "Index Scan", "Parent Relationship": "Inner", "Scan Direction": "Forward", "Index Name": "name_pkey", "Relation Name": "name", "Alias": "n", "Startup Cost": 0.0, "Total Cost": 0.57, "Plan Rows": 1, "Plan Width": 4, "Index Cond": "(id = an.person_id)", "Filter": "(((name)::text ~~ '%Yo%'::text) AND ((name)::text !~~ '%Yu%'::text))"}]}, {"Node Type": "Index Scan", "Parent Relationship": "Inner", "Scan Direction": "Forward", "Index Name": "role_type_pkey", "Relation Name": "role_type", "Alias": "rt", "Startup Cost": 0.0, "Total Cost": 0.27, "Plan Rows": 1, "Plan Width": 4, "Index Cond": "(id = ci.role_id)", "Filter": "((role)::text = 'actress'::text)"}]}]}, "Unique SQL Id": 3956435728, "Planner Runtime": 6}, "explain_analyze_plan": {"Plan": {"Node Type": "Aggregate", "Strategy": "Plain", "Startup Cost": 84111.26, "Total Cost": 84111.27, "Plan Rows": 1, "Plan Width": 97, "Actual Startup Time": 581.73, "Actual Total Time": 581.73, "Actual Rows": 1, "Actual Loops": 1, "Plans": [{"Node Type": "Nested Loop", "Parent Relationship": "Outer", "Join Type": "Inner", "Startup Cost": 0.0, "Total Cost": 84111.26, "Plan Rows": 1, "Plan Width": 33, "Actual Startup Time": 54.321, "Actual Total Time": 581.694, "Actual Rows": 6, "Actual Loops": 1, "Inner Unique": true, "Plans": [{"Node Type": "Nested Loop", "Parent Relationship": "Outer", "Join Type": "Inner", "Startup Cost": 0.0, "Total Cost": 84110.97, "Plan Rows": 1, "Plan Width": 37, "Actual Startup Time": 54.312, "Actual Total Time": 581.658, "Actual Rows": 6, "Actual Loops": 1, "Inner Unique": true, "Plans": [{"Node Type": "Nested Loop", "Parent Relationship": "Outer", "Join Type": "Inner", "Startup Cost": 0.0, "Total Cost": 84110.39, "Plan Rows": 1, "Plan Width": 45, "Actual Startup Time": 53.198, "Actual Total Time": 580.628, "Actual Rows": 171, "Actual Loops": 1, "Inner Unique": false, "Plans": [{"Node Type": "Nested Loop", "Parent Relationship": "Outer", "Join Type": "Inner", "Startup Cost": 0.0, "Total Cost": 84109.54, "Plan Rows": 1, "Plan Width": 25, "Actual Startup Time": 53.177, "Actual Total Time": 579.772, "Actual Rows": 104, "Actual Loops": 1, "Inner Unique": false, "Join Filter": "(t.id = ci.movie_id)", "Rows Removed by Join Filter": 0, "Plans": [{"Node Type": "Nested Loop", "Parent Relationship": "Outer", "Join Type": "Inner", "Startup Cost": 0.0, "Total Cost": 84053.76, "Plan Rows": 2, "Plan Width": 25, "Actual Startup Time": 53.042, "Actual Total Time": 579.227, "Actual Rows": 4, "Actual Loops": 1, "Inner Unique": true, "Plans": [{"Node Type": "Nested Loop", "Parent Relationship": "Outer", "Join Type": "Inner", "Startup Cost": 0.0, "Total Cost": 81991.53, "Plan Rows": 262, "Plan Width": 4, "Actual Startup Time": 0.312, "Actual Total Time": 518.839, "Actual Rows": 8495, "Actual Loops": 1, "Inner Unique": false, "Plans": [{"Node Type": "Index Scan", "Parent Relationship": "Outer", "Scan Direction": "Forward", "Index Name": "company_name_pkey", "Relation Name": "company_name", "Alias": "cn", "Startup Cost": 0.0, "Total Cost": 10501.39, "Plan Rows": 6290, "Plan Width": 4, "Actual Startup Time": 0.264, "Actual Total Time": 291.012, "Actual Rows": 6752, "Actual Loops": 1, "Filter": "((country_code)::text = '[jp]'::text)", "Rows Removed by Filter": 228244}, {"Node Type": "Index Scan", "Parent Relationship": "Inner", "Scan Direction": "Forward", "Index Name": "company_id_movie_companies", "Relation Name": "movie_companies", "Alias": "mc", "Startup Cost": 0.0, "Total Cost": 11.36, "Plan Rows": 1, "Plan Width": 8, "Actual Startup Time": 100.149, "Actual Total Time": 221.814, "Actual Rows": 8495, "Actual Loops": 6752, "Index Cond": "(company_id = cn.id)", "Rows Removed by Index Recheck": 0, "Filter": "(((note)::text ~~ '%(Japan)%'::text) AND ((note)::text !~~ '%(USA)%'::text) AND (((note)::text ~~ '%(2006)%'::text) OR ((note)::text ~~ '%(2007)%'::text)))", "Rows Removed by Filter": 96500}]}, {"Node Type": "Index Scan", "Parent Relationship": "Inner", "Scan Direction": "Forward", "Index Name": "title_pkey", "Relation Name": "title", "Alias": "t", "Startup Cost": 0.0, "Total Cost": 7.86, "Plan Rows": 1, "Plan Width": 21, "Actual Startup Time": 55.844, "Actual Total Time": 55.844, "Actual Rows": 4, "Actual Loops": 8495, "Index Cond": "(id = mc.movie_id)", "Rows Removed by Index Recheck": 0, "Filter": "((production_year >= 2006) AND (production_year <= 2007) AND (((title)::text ~~ 'One Piece%'::text) OR ((title)::text ~~ 'Dragon Ball Z%'::text)))", "Rows Removed by Filter": 8491}]}, {"Node Type": "Index Scan", "Parent Relationship": "Inner", "Scan Direction": "Forward", "Index Name": "movie_id_cast_info", "Relation Name": "cast_info", "Alias": "ci", "Startup Cost": 0.0, "Total Cost": 27.88, "Plan Rows": 1, "Plan Width": 12, "Actual Startup Time": 0.155, "Actual Total Time": 0.487, "Actual Rows": 104, "Actual Loops": 4, "Index Cond": "(movie_id = mc.movie_id)", "Rows Removed by Index Recheck": 0, "Filter": "((note)::text = '(voice: English version)'::text)", "Rows Removed by Filter": 68}]}, {"Node Type": "Index Scan", "Parent Relationship": "Inner", "Scan Direction": "Forward", "Index Name": "person_id_aka_name", "Relation Name": "aka_name", "Alias": "an", "Startup Cost": 0.0, "Total Cost": 0.84, "Plan Rows": 1, "Plan Width": 20, "Actual Startup Time": 0.629, "Actual Total Time": 0.74, "Actual Rows": 171, "Actual Loops": 104, "Index Cond": "(person_id = ci.person_id)", "Rows Removed by Index Recheck": 0}]}, {"Node Type": "Index Scan", "Parent Relationship": "Inner", "Scan Direction": "Forward", "Index Name": "name_pkey", "Relation Name": "name", "Alias": "n", "Startup Cost": 0.0, "Total Cost": 0.57, "Plan Rows": 1, "Plan Width": 4, "Actual Startup Time": 0.94, "Actual Total Time": 0.94, "Actual Rows": 6, "Actual Loops": 171, "Index Cond": "(id = an.person_id)", "Rows Removed by Index Recheck": 0, "Filter": "(((name)::text ~~ '%Yo%'::text) AND ((name)::text !~~ '%Yu%'::text))", "Rows Removed by Filter": 165}]}, {"Node Type": "Index Scan", "Parent Relationship": "Inner", "Scan Direction": "Forward", "Index Name": "role_type_pkey", "Relation Name": "role_type", "Alias": "rt", "Startup Cost": 0.0, "Total Cost": 0.27, "Plan Rows": 1, "Plan Width": 4, "Actual Startup Time": 0.022, "Actual Total Time": 0.022, "Actual Rows": 6, "Actual Loops": 6, "Index Cond": "(id = ci.role_id)", "Rows Removed by Index Recheck": 0, "Filter": "((role)::text = 'actress'::text)", "Rows Removed by Filter": 0}]}]}, "Triggers": [], "Planner Runtime": 25.043, "Total Runtime": 582.138, "Unique SQL Id": 3956435728}}, "(1, '54')": {"explain_plan": {"Plan": {"Node Type": "Aggregate", "Strategy": "Plain", "Startup Cost": 78740.56, "Total Cost": 78740.57, "Plan Rows": 1, "Plan Width": 97, "Plans": [{"Node Type": "Nested Loop", "Parent Relationship": "Outer", "Join Type": "Inner", "Startup Cost": 10.14, "Total Cost": 78740.56, "Plan Rows": 1, "Plan Width": 33, "Inner Unique": true, "Join Filter": "(ci.role_id = rt.id)", "Plans": [{"Node Type": "Nested Loop", "Parent Relationship": "Outer", "Join Type": "Inner", "Startup Cost": 10.14, "Total Cost": 78739.4, "Plan Rows": 1, "Plan Width": 37, "Inner Unique": true, "Plans": [{"Node Type": "Nested Loop", "Parent Relationship": "Outer", "Join Type": "Inner", "Startup Cost": 9.81, "Total Cost": 78735.04, "Plan Rows": 1, "Plan Width": 45, "Inner Unique": false, "Plans": [{"Node Type": "Nested Loop", "Parent Relationship": "Outer", "Join Type": "Inner", "Startup Cost": 9.43, "Total Cost": 78730.64, "Plan Rows": 1, "Plan Width": 25, "Inner Unique": false, "Join Filter": "(t.id = ci.movie_id)", "Plans": [{"Node Type": "Nested Loop", "Parent Relationship": "Outer", "Join Type": "Inner", "Startup Cost": 5.16, "Total Cost": 78674.07, "Plan Rows": 2, "Plan Width": 25, "Inner Unique": true, "Plans": [{"Node Type": "Nested Loop", "Parent Relationship": "Outer", "Join Type": "Inner", "Startup Cost": 1.23, "Total Cost": 76587.66, "Plan Rows": 262, "Plan Width": 4, "Inner Unique": true, "Plans": [{"Node Type": "Seq Scan", "Parent Relationship": "Outer", "Relation Name": "movie_companies", "Alias": "mc", "Startup Cost": 0.0, "Total Cost": 67908.56, "Plan Rows": 1652, "Plan Width": 8, "Filter": "(((note)::text ~~ '%(Japan)%'::text) AND ((note)::text !~~ '%(USA)%'::text) AND (((note)::text ~~ '%(2006)%'::text) OR ((note)::text ~~ '%(2007)%'::text)))"}, {"Node Type": "Bitmap Heap Scan", "Parent Relationship": "Inner", "Relation Name": "company_name", "Alias": "cn", "Startup Cost": 1.23, "Total Cost": 5.24, "Plan Rows": 1, "Plan Width": 4, "Recheck Cond": "(id = mc.company_id)", "Filter": "((country_code)::text = '[jp]'::text)", "Plans": [{"Node Type": "Bitmap Index Scan", "Parent Relationship": "Outer", "Index Name": "company_name_pkey", "Startup Cost": 0.0, "Total Cost": 1.23, "Plan Rows": 1, "Plan Width": 0, "Index Cond": "(id = mc.company_id)"}]}]}, {"Node Type": "Bitmap Heap Scan", "Parent Relationship": "Inner", "Relation Name": "title", "Alias": "t", "Startup Cost": 3.93, "Total Cost": 7.95, "Plan Rows": 1, "Plan Width": 21, "Recheck Cond": "(id = mc.movie_id)", "Filter": "((production_year >= 2006) AND (production_year <= 2007) AND (((title)::text ~~ 'One Piece%'::text) OR ((title)::text ~~ 'Dragon Ball Z%'::text)))", "Plans": [{"Node Type": "Bitmap Index Scan", "Parent Relationship": "Outer", "Index Name": "title_pkey", "Startup Cost": 0.0, "Total Cost": 3.93, "Plan Rows": 1, "Plan Width": 0, "Index Cond": "(id = mc.movie_id)"}]}]}, {"Node Type": "Bitmap Heap Scan", "Parent Relationship": "Inner", "Relation Name": "cast_info", "Alias": "ci", "Startup Cost": 4.27, "Total Cost": 28.27, "Plan Rows": 1, "Plan Width": 12, "Recheck Cond": "(movie_id = mc.movie_id)", "Filter": "((note)::text = '(voice: English version)'::text)", "Plans": [{"Node Type": "Bitmap Index Scan", "Parent Relationship": "Outer", "Index Name": "movie_id_cast_info", "Startup Cost": 0.0, "Total Cost": 4.27, "Plan Rows": 6, "Plan Width": 0, "Index Cond": "(movie_id = mc.movie_id)"}]}]}, {"Node Type": "Bitmap Heap Scan", "Parent Relationship": "Inner", "Relation Name": "aka_name", "Alias": "an", "Startup Cost": 0.38, "Total Cost": 4.39, "Plan Rows": 1, "Plan Width": 20, "Recheck Cond": "(person_id = ci.person_id)", "Plans": [{"Node Type": "Bitmap Index Scan", "Parent Relationship": "Outer", "Index Name": "person_id_aka_name", "Startup Cost": 0.0, "Total Cost": 0.38, "Plan Rows": 1, "Plan Width": 0, "Index Cond": "(person_id = ci.person_id)"}]}]}, {"Node Type": "Bitmap Heap Scan", "Parent Relationship": "Inner", "Relation Name": "name", "Alias": "n", "Startup Cost": 0.33, "Total Cost": 4.34, "Plan Rows": 1, "Plan Width": 4, "Recheck Cond": "(id = an.person_id)", "Filter": "(((name)::text ~~ '%Yo%'::text) AND ((name)::text !~~ '%Yu%'::text))", "Plans": [{"Node Type": "Bitmap Index Scan", "Parent Relationship": "Outer", "Index Name": "name_pkey", "Startup Cost": 0.0, "Total Cost": 0.33, "Plan Rows": 1, "Plan Width": 0, "Index Cond": "(id = an.person_id)"}]}]}, {"Node Type": "Seq Scan", "Parent Relationship": "Inner", "Relation Name": "role_type", "Alias": "rt", "Startup Cost": 0.0, "Total Cost": 1.15, "Plan Rows": 1, "Plan Width": 4, "Filter": "((role)::text = 'actress'::text)"}]}]}, "Unique SQL Id": 3956435728, "Planner Runtime": 7}, "explain_analyze_plan": {"Plan": {"Node Type": "Aggregate", "Strategy": "Plain", "Startup Cost": 78740.56, "Total Cost": 78740.57, "Plan Rows": 1, "Plan Width": 97, "Actual Startup Time": 1096.682, "Actual Total Time": 1096.682, "Actual Rows": 1, "Actual Loops": 1, "Plans": [{"Node Type": "Nested Loop", "Parent Relationship": "Outer", "Join Type": "Inner", "Startup Cost": 10.14, "Total Cost": 78740.56, "Plan Rows": 1, "Plan Width": 33, "Actual Startup Time": 378.069, "Actual Total Time": 1096.636, "Actual Rows": 6, "Actual Loops": 1, "Inner Unique": true, "Join Filter": "(ci.role_id = rt.id)", "Rows Removed by Join Filter": 0, "Plans": [{"Node Type": "Nested Loop", "Parent Relationship": "Outer", "Join Type": "Inner", "Startup Cost": 10.14, "Total Cost": 78739.4, "Plan Rows": 1, "Plan Width": 37, "Actual Startup Time": 378.051, "Actual Total Time": 1096.576, "Actual Rows": 6, "Actual Loops": 1, "Inner Unique": true, "Plans": [{"Node Type": "Nested Loop", "Parent Relationship": "Outer", "Join Type": "Inner", "Startup Cost": 9.81, "Total Cost": 78735.04, "Plan Rows": 1, "Plan Width": 45, "Actual Startup Time": 377.481, "Actual Total Time": 1095.373, "Actual Rows": 171, "Actual Loops": 1, "Inner Unique": false, "Plans": [{"Node Type": "Nested Loop", "Parent Relationship": "Outer", "Join Type": "Inner", "Startup Cost": 9.43, "Total Cost": 78730.64, "Plan Rows": 1, "Plan Width": 25, "Actual Startup Time": 377.425, "Actual Total Time": 1094.322, "Actual Rows": 104, "Actual Loops": 1, "Inner Unique": false, "Join Filter": "(t.id = ci.movie_id)", "Rows Removed by Join Filter": 0, "Plans": [{"Node Type": "Nested Loop", "Parent Relationship": "Outer", "Join Type": "Inner", "Startup Cost": 5.16, "Total Cost": 78674.07, "Plan Rows": 2, "Plan Width": 25, "Actual Startup Time": 377.356, "Actual Total Time": 1093.675, "Actual Rows": 4, "Actual Loops": 1, "Inner Unique": true, "Plans": [{"Node Type": "Nested Loop", "Parent Relationship": "Outer", "Join Type": "Inner", "Startup Cost": 1.23, "Total Cost": 76587.66, "Plan Rows": 262, "Plan Width": 4, "Actual Startup Time": 0.293, "Actual Total Time": 1032.956, "Actual Rows": 8495, "Actual Loops": 1, "Inner Unique": true, "Plans": [{"Node Type": "Seq Scan", "Parent Relationship": "Outer", "Relation Name": "movie_companies", "Alias": "mc", "Startup Cost": 0.0, "Total Cost": 67908.56, "Plan Rows": 1652, "Plan Width": 8, "Actual Startup Time": 0.249, "Actual Total Time": 980.25, "Actual Rows": 8569, "Actual Loops": 1, "Filter": "(((note)::text ~~ '%(Japan)%'::text) AND ((note)::text !~~ '%(USA)%'::text) AND (((note)::text ~~ '%(2006)%'::text) OR ((note)::text ~~ '%(2007)%'::text)))", "Rows Removed by Filter": 2600559}, {"Node Type": "Bitmap Heap Scan", "Parent Relationship": "Inner", "Relation Name": "company_name", "Alias": "cn", "Startup Cost": 1.23, "Total Cost": 5.24, "Plan Rows": 1, "Plan Width": 4, "Actual Startup Time": 40.664, "Actual Total Time": 40.664, "Actual Rows": 8495, "Actual Loops": 8569, "Recheck Cond": "(id = mc.company_id)", "Rows Removed by Index Recheck": 0, "Filter": "((country_code)::text = '[jp]'::text)", "Rows Removed by Filter": 74, "Exact Heap Blocks": 8569, "Lossy Heap Blocks": 8569, "Plans": [{"Node Type": "Bitmap Index Scan", "Parent Relationship": "Outer", "Index Name": "company_name_pkey", "Startup Cost": 0.0, "Total Cost": 1.23, "Plan Rows": 1, "Plan Width": 0, "Actual Startup Time": 23.087, "Actual Total Time": 23.087, "Actual Rows": 8569, "Actual Loops": 8569, "Index Cond": "(id = mc.company_id)"}]}]}, {"Node Type": "Bitmap Heap Scan", "Parent Relationship": "Inner", "Relation Name": "title", "Alias": "t", "Startup Cost": 3.93, "Total Cost": 7.95, "Plan Rows": 1, "Plan Width": 21, "Actual Startup Time": 50.328, "Actual Total Time": 50.328, "Actual Rows": 4, "Actual Loops": 8495, "Recheck Cond": "(id = mc.movie_id)", "Rows Removed by Index Recheck": 0, "Filter": "((production_year >= 2006) AND (production_year <= 2007) AND (((title)::text ~~ 'One Piece%'::text) OR ((title)::text ~~ 'Dragon Ball Z%'::text)))", "Rows Removed by Filter": 8491, "Exact Heap Blocks": 8495, "Lossy Heap Blocks": 8495, "Plans": [{"Node Type": "Bitmap Index Scan", "Parent Relationship": "Outer", "Index Name": "title_pkey", "Startup Cost": 0.0, "Total Cost": 3.93, "Plan Rows": 1, "Plan Width": 0, "Actual Startup Time": 25.506, "Actual Total Time": 25.506, "Actual Rows": 8495, "Actual Loops": 8495, "Index Cond": "(id = mc.movie_id)"}]}]}, {"Node Type": "Bitmap Heap Scan", "Parent Relationship": "Inner", "Relation Name": "cast_info", "Alias": "ci", "Startup Cost": 4.27, "Total Cost": 28.27, "Plan Rows": 1, "Plan Width": 12, "Actual Startup Time": 0.261, "Actual Total Time": 0.577, "Actual Rows": 104, "Actual Loops": 4, "Recheck Cond": "(movie_id = mc.movie_id)", "Rows Removed by Index Recheck": 0, "Filter": "((note)::text = '(voice: English version)'::text)", "Rows Removed by Filter": 68, "Exact Heap Blocks": 133, "Lossy Heap Blocks": 133, "Plans": [{"Node Type": "Bitmap Index Scan", "Parent Relationship": "Outer", "Index Name": "movie_id_cast_info", "Startup Cost": 0.0, "Total Cost": 4.27, "Plan Rows": 6, "Plan Width": 0, "Actual Startup Time": 0.085, "Actual Total Time": 0.085, "Actual Rows": 172, "Actual Loops": 4, "Index Cond": "(movie_id = mc.movie_id)"}]}]}, {"Node Type": "Bitmap Heap Scan", "Parent Relationship": "Inner", "Relation Name": "aka_name", "Alias": "an", "Startup Cost": 0.38, "Total Cost": 4.39, "Plan Rows": 1, "Plan Width": 20, "Actual Startup Time": 0.772, "Actual Total Time": 0.862, "Actual Rows": 171, "Actual Loops": 104, "Recheck Cond": "(person_id = ci.person_id)", "Rows Removed by Index Recheck": 0, "Exact Heap Blocks": 105, "Lossy Heap Blocks": 105, "Plans": [{"Node Type": "Bitmap Index Scan", "Parent Relationship": "Outer", "Index Name": "person_id_aka_name", "Startup Cost": 0.0, "Total Cost": 0.38, "Plan Rows": 1, "Plan Width": 0, "Actual Startup Time": 0.508, "Actual Total Time": 0.508, "Actual Rows": 171, "Actual Loops": 104, "Index Cond": "(person_id = ci.person_id)"}]}]}, {"Node Type": "Bitmap Heap Scan", "Parent Relationship": "Inner", "Relation Name": "name", "Alias": "n", "Startup Cost": 0.33, "Total Cost": 4.34, "Plan Rows": 1, "Plan Width": 4, "Actual Startup Time": 0.995, "Actual Total Time": 0.995, "Actual Rows": 6, "Actual Loops": 171, "Recheck Cond": "(id = an.person_id)", "Rows Removed by Index Recheck": 0, "Filter": "(((name)::text ~~ '%Yo%'::text) AND ((name)::text !~~ '%Yu%'::text))", "Rows Removed by Filter": 165, "Exact Heap Blocks": 171, "Lossy Heap Blocks": 171, "Plans": [{"Node Type": "Bitmap Index Scan", "Parent Relationship": "Outer", "Index Name": "name_pkey", "Startup Cost": 0.0, "Total Cost": 0.33, "Plan Rows": 1, "Plan Width": 0, "Actual Startup Time": 0.603, "Actual Total Time": 0.603, "Actual Rows": 171, "Actual Loops": 171, "Index Cond": "(id = an.person_id)"}]}]}, {"Node Type": "Seq Scan", "Parent Relationship": "Inner", "Relation Name": "role_type", "Alias": "rt", "Startup Cost": 0.0, "Total Cost": 1.15, "Plan Rows": 1, "Plan Width": 4, "Actual Startup Time": 0.035, "Actual Total Time": 0.035, "Actual Rows": 6, "Actual Loops": 6, "Filter": "((role)::text = 'actress'::text)", "Rows Removed by Filter": 6}]}]}, "Triggers": [], "Planner Runtime": 7.414, "Total Runtime": 1097.032, "Unique SQL Id": 3956435728}}, "(1, '55')": {"explain_plan": {"Plan": {"Node Type": "Aggregate", "Strategy": "Plain", "Startup Cost": 1000012201008.67, "Total Cost": 1000012201008.68, "Plan Rows": 1, "Plan Width": 97, "Plans": [{"Node Type": "Nested Loop", "Parent Relationship": "Outer", "Join Type": "Inner", "Startup Cost": 10000000004.12, "Total Cost": 1000012201008.67, "Plan Rows": 1, "Plan Width": 33, "Inner Unique": true, "Plans": [{"Node Type": "Nested Loop", "Parent Relationship": "Outer", "Join Type": "Inner", "Startup Cost": 10000000003.79, "Total Cost": 1000012201004.31, "Plan Rows": 1, "Plan Width": 41, "Inner Unique": true, "Plans": [{"Node Type": "Nested Loop", "Parent Relationship": "Outer", "Join Type": "Inner", "Startup Cost": 10000000003.54, "Total Cost": 1000012201000.03, "Plan Rows": 1, "Plan Width": 45, "Inner Unique": true, "Plans": [{"Node Type": "Nested Loop", "Parent Relationship": "Outer", "Join Type": "Inner", "Startup Cost": 10000000002.31, "Total Cost": 1000012200994.77, "Plan Rows": 1, "Plan Width": 49, "Inner Unique": false, "Plans": [{"Node Type": "Nested Loop", "Parent Relationship": "Outer", "Join Type": "Inner", "Startup Cost": 10000000001.65, "Total Cost": 1000012200744.81, "Plan Rows": 53, "Plan Width": 53, "Inner Unique": true, "Plans": [{"Node Type": "Nested Loop", "Parent Relationship": "Outer", "Join Type": "Inner", "Startup Cost": 10000000001.0, "Total Cost": 1000011659757.19, "Plan Rows": 115768, "Plan Width": 32, "Inner Unique": false, "Plans": [{"Node Type": "Index Scan", "Parent Relationship": "Outer", "Scan Direction": "Forward", "Index Name": "person_id_aka_name", "Relation Name": "aka_name", "Alias": "an", "Startup Cost": 10000000000.0, "Total Cost": 1000006896503.43, "Plan Rows": 901342, "Plan Width": 20}, {"Node Type": "Bitmap Heap Scan", "Parent Relationship": "Inner", "Relation Name": "cast_info", "Alias": "ci", "Startup Cost": 1.0, "Total Cost": 5.27, "Plan Rows": 1, "Plan Width": 12, "Recheck Cond": "(person_id = an.person_id)", "Filter": "((note)::text = '(voice: English version)'::text)", "Plans": [{"Node Type": "Bitmap Index Scan", "Parent Relationship": "Outer", "Index Name": "person_id_cast_info", "Startup Cost": 0.0, "Total Cost": 1.0, "Plan Rows": 18, "Plan Width": 0, "Index Cond": "(person_id = an.person_id)"}]}]}, {"Node Type": "Bitmap Heap Scan", "Parent Relationship": "Inner", "Relation Name": "title", "Alias": "t", "Startup Cost": 0.64, "Total Cost": 4.66, "Plan Rows": 1, "Plan Width": 21, "Recheck Cond": "(id = ci.movie_id)", "Filter": "((production_year >= 2006) AND (production_year <= 2007) AND (((title)::text ~~ 'One Piece%'::text) OR ((title)::text ~~ 'Dragon Ball Z%'::text)))", "Plans": [{"Node Type": "Bitmap Index Scan", "Parent Relationship": "Outer", "Index Name": "title_pkey", "Startup Cost": 0.0, "Total Cost": 0.64, "Plan Rows": 1, "Plan Width": 0, "Index Cond": "(id = ci.movie_id)"}]}]}, {"Node Type": "Bitmap Heap Scan", "Parent Relationship": "Inner", "Relation Name": "movie_companies", "Alias": "mc", "Startup Cost": 0.66, "Total Cost": 4.71, "Plan Rows": 1, "Plan Width": 8, "Recheck Cond": "(movie_id = ci.movie_id)", "Filter": "(((note)::text ~~ '%(Japan)%'::text) AND ((note)::text !~~ '%(USA)%'::text) AND (((note)::text ~~ '%(2006)%'::text) OR ((note)::text ~~ '%(2007)%'::text)))", "Plans": [{"Node Type": "Bitmap Index Scan", "Parent Relationship": "Outer", "Index Name": "movie_id_movie_companies", "Startup Cost": 0.0, "Total Cost": 0.66, "Plan Rows": 2, "Plan Width": 0, "Index Cond": "(movie_id = ci.movie_id)"}]}]}, {"Node Type": "Bitmap Heap Scan", "Parent Relationship": "Inner", "Relation Name": "company_name", "Alias": "cn", "Startup Cost": 1.23, "Total Cost": 5.24, "Plan Rows": 1, "Plan Width": 4, "Recheck Cond": "(id = mc.company_id)", "Filter": "((country_code)::text = '[jp]'::text)", "Plans": [{"Node Type": "Bitmap Index Scan", "Parent Relationship": "Outer", "Index Name": "company_name_pkey", "Startup Cost": 0.0, "Total Cost": 1.23, "Plan Rows": 1, "Plan Width": 0, "Index Cond": "(id = mc.company_id)"}]}]}, {"Node Type": "Bitmap Heap Scan", "Parent Relationship": "Inner", "Relation Name": "role_type", "Alias": "rt", "Startup Cost": 0.26, "Total Cost": 4.27, "Plan Rows": 1, "Plan Width": 4, "Recheck Cond": "(id = ci.role_id)", "Filter": "((role)::text = 'actress'::text)", "Plans": [{"Node Type": "Bitmap Index Scan", "Parent Relationship": "Outer", "Index Name": "role_type_pkey", "Startup Cost": 0.0, "Total Cost": 0.26, "Plan Rows": 1, "Plan Width": 0, "Index Cond": "(id = ci.role_id)"}]}]}, {"Node Type": "Bitmap Heap Scan", "Parent Relationship": "Inner", "Relation Name": "name", "Alias": "n", "Startup Cost": 0.33, "Total Cost": 4.34, "Plan Rows": 1, "Plan Width": 4, "Recheck Cond": "(id = an.person_id)", "Filter": "(((name)::text ~~ '%Yo%'::text) AND ((name)::text !~~ '%Yu%'::text))", "Plans": [{"Node Type": "Bitmap Index Scan", "Parent Relationship": "Outer", "Index Name": "name_pkey", "Startup Cost": 0.0, "Total Cost": 0.33, "Plan Rows": 1, "Plan Width": 0, "Index Cond": "(id = an.person_id)"}]}]}]}, "Unique SQL Id": 3956435728, "Planner Runtime": 5}, "explain_analyze_plan": null}, "(1, '56')": {"explain_plan": {"Plan": {"Node Type": "Aggregate", "Strategy": "Plain", "Startup Cost": 77270.98, "Total Cost": 77270.99, "Plan Rows": 1, "Plan Width": 97, "Plans": [{"Node Type": "Nested Loop", "Parent Relationship": "Outer", "Join Type": "Inner", "Startup Cost": 0.0, "Total Cost": 77270.98, "Plan Rows": 1, "Plan Width": 33, "Inner Unique": true, "Plans": [{"Node Type": "Nested Loop", "Parent Relationship": "Outer", "Join Type": "Inner", "Startup Cost": 0.0, "Total Cost": 77270.7, "Plan Rows": 1, "Plan Width": 37, "Inner Unique": true, "Plans": [{"Node Type": "Nested Loop", "Parent Relationship": "Outer", "Join Type": "Inner", "Startup Cost": 0.0, "Total Cost": 77270.11, "Plan Rows": 1, "Plan Width": 45, "Inner Unique": false, "Plans": [{"Node Type": "Nested Loop", "Parent Relationship": "Outer", "Join Type": "Inner", "Startup Cost": 0.0, "Total Cost": 77269.26, "Plan Rows": 1, "Plan Width": 25, "Inner Unique": false, "Join Filter": "(t.id = ci.movie_id)", "Plans": [{"Node Type": "Nested Loop", "Parent Relationship": "Outer", "Join Type": "Inner", "Startup Cost": 0.0, "Total Cost": 77213.48, "Plan Rows": 2, "Plan Width": 25, "Inner Unique": true, "Plans": [{"Node Type": "Nested Loop", "Parent Relationship": "Outer", "Join Type": "Inner", "Startup Cost": 0.0, "Total Cost": 75151.25, "Plan Rows": 262, "Plan Width": 4, "Inner Unique": true, "Plans": [{"Node Type": "Seq Scan", "Parent Relationship": "Outer", "Relation Name": "movie_companies", "Alias": "mc", "Startup Cost": 0.0, "Total Cost": 67908.56, "Plan Rows": 1652, "Plan Width": 8, "Filter": "(((note)::text ~~ '%(Japan)%'::text) AND ((note)::text !~~ '%(USA)%'::text) AND (((note)::text ~~ '%(2006)%'::text) OR ((note)::text ~~ '%(2007)%'::text)))"}, {"Node Type": "Index Scan", "Parent Relationship": "Inner", "Scan Direction": "Forward", "Index Name": "company_name_pkey", "Relation Name": "company_name", "Alias": "cn", "Startup Cost": 0.0, "Total Cost": 4.37, "Plan Rows": 1, "Plan Width": 4, "Index Cond": "(id = mc.company_id)", "Filter": "((country_code)::text = '[jp]'::text)"}]}, {"Node Type": "Index Scan", "Parent Relationship": "Inner", "Scan Direction": "Forward", "Index Name": "title_pkey", "Relation Name": "title", "Alias": "t", "Startup Cost": 0.0, "Total Cost": 7.86, "Plan Rows": 1, "Plan Width": 21, "Index Cond": "(id = mc.movie_id)", "Filter": "((production_year >= 2006) AND (production_year <= 2007) AND (((title)::text ~~ 'One Piece%'::text) OR ((title)::text ~~ 'Dragon Ball Z%'::text)))"}]}, {"Node Type": "Index Scan", "Parent Relationship": "Inner", "Scan Direction": "Forward", "Index Name": "movie_id_cast_info", "Relation Name": "cast_info", "Alias": "ci", "Startup Cost": 0.0, "Total Cost": 27.88, "Plan Rows": 1, "Plan Width": 12, "Index Cond": "(movie_id = mc.movie_id)", "Filter": "((note)::text = '(voice: English version)'::text)"}]}, {"Node Type": "Index Scan", "Parent Relationship": "Inner", "Scan Direction": "Forward", "Index Name": "person_id_aka_name", "Relation Name": "aka_name", "Alias": "an", "Startup Cost": 0.0, "Total Cost": 0.84, "Plan Rows": 1, "Plan Width": 20, "Index Cond": "(person_id = ci.person_id)"}]}, {"Node Type": "Index Scan", "Parent Relationship": "Inner", "Scan Direction": "Forward", "Index Name": "name_pkey", "Relation Name": "name", "Alias": "n", "Startup Cost": 0.0, "Total Cost": 0.57, "Plan Rows": 1, "Plan Width": 4, "Index Cond": "(id = an.person_id)", "Filter": "(((name)::text ~~ '%Yo%'::text) AND ((name)::text !~~ '%Yu%'::text))"}]}, {"Node Type": "Index Scan", "Parent Relationship": "Inner", "Scan Direction": "Forward", "Index Name": "role_type_pkey", "Relation Name": "role_type", "Alias": "rt", "Startup Cost": 0.0, "Total Cost": 0.27, "Plan Rows": 1, "Plan Width": 4, "Index Cond": "(id = ci.role_id)", "Filter": "((role)::text = 'actress'::text)"}]}]}, "Unique SQL Id": 3956435728, "Planner Runtime": 6}, "explain_analyze_plan": {"Plan": {"Node Type": "Aggregate", "Strategy": "Plain", "Startup Cost": 77270.98, "Total Cost": 77270.99, "Plan Rows": 1, "Plan Width": 97, "Actual Startup Time": 1034.996, "Actual Total Time": 1034.997, "Actual Rows": 1, "Actual Loops": 1, "Plans": [{"Node Type": "Nested Loop", "Parent Relationship": "Outer", "Join Type": "Inner", "Startup Cost": 0.0, "Total Cost": 77270.98, "Plan Rows": 1, "Plan Width": 33, "Actual Startup Time": 359.457, "Actual Total Time": 1034.942, "Actual Rows": 6, "Actual Loops": 1, "Inner Unique": true, "Plans": [{"Node Type": "Nested Loop", "Parent Relationship": "Outer", "Join Type": "Inner", "Startup Cost": 0.0, "Total Cost": 77270.7, "Plan Rows": 1, "Plan Width": 37, "Actual Startup Time": 359.446, "Actual Total Time": 1034.911, "Actual Rows": 6, "Actual Loops": 1, "Inner Unique": true, "Plans": [{"Node Type": "Nested Loop", "Parent Relationship": "Outer", "Join Type": "Inner", "Startup Cost": 0.0, "Total Cost": 77270.11, "Plan Rows": 1, "Plan Width": 45, "Actual Startup Time": 358.983, "Actual Total Time": 1034.041, "Actual Rows": 171, "Actual Loops": 1, "Inner Unique": false, "Plans": [{"Node Type": "Nested Loop", "Parent Relationship": "Outer", "Join Type": "Inner", "Startup Cost": 0.0, "Total Cost": 77269.26, "Plan Rows": 1, "Plan Width": 25, "Actual Startup Time": 358.966, "Actual Total Time": 1033.417, "Actual Rows": 104, "Actual Loops": 1, "Inner Unique": false, "Join Filter": "(t.id = ci.movie_id)", "Rows Removed by Join Filter": 0, "Plans": [{"Node Type": "Nested Loop", "Parent Relationship": "Outer", "Join Type": "Inner", "Startup Cost": 0.0, "Total Cost": 77213.48, "Plan Rows": 2, "Plan Width": 25, "Actual Startup Time": 358.923, "Actual Total Time": 1033.02, "Actual Rows": 4, "Actual Loops": 1, "Inner Unique": true, "Plans": [{"Node Type": "Nested Loop", "Parent Relationship": "Outer", "Join Type": "Inner", "Startup Cost": 0.0, "Total Cost": 75151.25, "Plan Rows": 262, "Plan Width": 4, "Actual Startup Time": 0.3, "Actual Total Time": 989.642, "Actual Rows": 8495, "Actual Loops": 1, "Inner Unique": true, "Plans": [{"Node Type": "Seq Scan", "Parent Relationship": "Outer", "Relation Name": "movie_companies", "Alias": "mc", "Startup Cost": 0.0, "Total Cost": 67908.56, "Plan Rows": 1652, "Plan Width": 8, "Actual Startup Time": 0.264, "Actual Total Time": 953.15, "Actual Rows": 8569, "Actual Loops": 1, "Filter": "(((note)::text ~~ '%(Japan)%'::text) AND ((note)::text !~~ '%(USA)%'::text) AND (((note)::text ~~ '%(2006)%'::text) OR ((note)::text ~~ '%(2007)%'::text)))", "Rows Removed by Filter": 2600559}, {"Node Type": "Index Scan", "Parent Relationship": "Inner", "Scan Direction": "Forward", "Index Name": "company_name_pkey", "Relation Name": "company_name", "Alias": "cn", "Startup Cost": 0.0, "Total Cost": 4.37, "Plan Rows": 1, "Plan Width": 4, "Actual Startup Time": 29.873, "Actual Total Time": 29.873, "Actual Rows": 8495, "Actual Loops": 8569, "Index Cond": "(id = mc.company_id)", "Rows Removed by Index Recheck": 0, "Filter": "((country_code)::text = '[jp]'::text)", "Rows Removed by Filter": 74}]}, {"Node Type": "Index Scan", "Parent Relationship": "Inner", "Scan Direction": "Forward", "Index Name": "title_pkey", "Relation Name": "title", "Alias": "t", "Startup Cost": 0.0, "Total Cost": 7.86, "Plan Rows": 1, "Plan Width": 21, "Actual Startup Time": 38.797, "Actual Total Time": 38.797, "Actual Rows": 4, "Actual Loops": 8495, "Index Cond": "(id = mc.movie_id)", "Rows Removed by Index Recheck": 0, "Filter": "((production_year >= 2006) AND (production_year <= 2007) AND (((title)::text ~~ 'One Piece%'::text) OR ((title)::text ~~ 'Dragon Ball Z%'::text)))", "Rows Removed by Filter": 8491}]}, {"Node Type": "Index Scan", "Parent Relationship": "Inner", "Scan Direction": "Forward", "Index Name": "movie_id_cast_info", "Relation Name": "cast_info", "Alias": "ci", "Startup Cost": 0.0, "Total Cost": 27.88, "Plan Rows": 1, "Plan Width": 12, "Actual Startup Time": 0.117, "Actual Total Time": 0.343, "Actual Rows": 104, "Actual Loops": 4, "Index Cond": "(movie_id = mc.movie_id)", "Rows Removed by Index Recheck": 0, "Filter": "((note)::text = '(voice: English version)'::text)", "Rows Removed by Filter": 68}]}, {"Node Type": "Index Scan", "Parent Relationship": "Inner", "Scan Direction": "Forward", "Index Name": "person_id_aka_name", "Relation Name": "aka_name", "Alias": "an", "Startup Cost": 0.0, "Total Cost": 0.84, "Plan Rows": 1, "Plan Width": 20, "Actual Startup Time": 0.434, "Actual Total Time": 0.52, "Actual Rows": 171, "Actual Loops": 104, "Index Cond": "(person_id = ci.person_id)", "Rows Removed by Index Recheck": 0}]}, {"Node Type": "Index Scan", "Parent Relationship": "Inner", "Scan Direction": "Forward", "Index Name": "name_pkey", "Relation Name": "name", "Alias": "n", "Startup Cost": 0.0, "Total Cost": 0.57, "Plan Rows": 1, "Plan Width": 4, "Actual Startup Time": 0.753, "Actual Total Time": 0.753, "Actual Rows": 6, "Actual Loops": 171, "Index Cond": "(id = an.person_id)", "Rows Removed by Index Recheck": 0, "Filter": "(((name)::text ~~ '%Yo%'::text) AND ((name)::text !~~ '%Yu%'::text))", "Rows Removed by Filter": 165}]}, {"Node Type": "Index Scan", "Parent Relationship": "Inner", "Scan Direction": "Forward", "Index Name": "role_type_pkey", "Relation Name": "role_type", "Alias": "rt", "Startup Cost": 0.0, "Total Cost": 0.27, "Plan Rows": 1, "Plan Width": 4, "Actual Startup Time": 0.02, "Actual Total Time": 0.02, "Actual Rows": 6, "Actual Loops": 6, "Index Cond": "(id = ci.role_id)", "Rows Removed by Index Recheck": 0, "Filter": "((role)::text = 'actress'::text)", "Rows Removed by Filter": 0}]}]}, "Triggers": [], "Planner Runtime": 6.295, "Total Runtime": 1035.253, "Unique SQL Id": 3956435728}}, "(1, '57')": {"explain_plan": {"Plan": {"Node Type": "Aggregate", "Strategy": "Plain", "Startup Cost": 84111.26, "Total Cost": 84111.27, "Plan Rows": 1, "Plan Width": 97, "Plans": [{"Node Type": "Nested Loop", "Parent Relationship": "Outer", "Join Type": "Inner", "Startup Cost": 0.0, "Total Cost": 84111.26, "Plan Rows": 1, "Plan Width": 33, "Inner Unique": true, "Plans": [{"Node Type": "Nested Loop", "Parent Relationship": "Outer", "Join Type": "Inner", "Startup Cost": 0.0, "Total Cost": 84110.97, "Plan Rows": 1, "Plan Width": 37, "Inner Unique": true, "Plans": [{"Node Type": "Nested Loop", "Parent Relationship": "Outer", "Join Type": "Inner", "Startup Cost": 0.0, "Total Cost": 84110.39, "Plan Rows": 1, "Plan Width": 45, "Inner Unique": false, "Plans": [{"Node Type": "Nested Loop", "Parent Relationship": "Outer", "Join Type": "Inner", "Startup Cost": 0.0, "Total Cost": 84109.54, "Plan Rows": 1, "Plan Width": 25, "Inner Unique": false, "Join Filter": "(t.id = ci.movie_id)", "Plans": [{"Node Type": "Nested Loop", "Parent Relationship": "Outer", "Join Type": "Inner", "Startup Cost": 0.0, "Total Cost": 84053.76, "Plan Rows": 2, "Plan Width": 25, "Inner Unique": true, "Plans": [{"Node Type": "Nested Loop", "Parent Relationship": "Outer", "Join Type": "Inner", "Startup Cost": 0.0, "Total Cost": 81991.53, "Plan Rows": 262, "Plan Width": 4, "Inner Unique": false, "Plans": [{"Node Type": "Index Scan", "Parent Relationship": "Outer", "Scan Direction": "Forward", "Index Name": "company_name_pkey", "Relation Name": "company_name", "Alias": "cn", "Startup Cost": 0.0, "Total Cost": 10501.39, "Plan Rows": 6290, "Plan Width": 4, "Filter": "((country_code)::text = '[jp]'::text)"}, {"Node Type": "Index Scan", "Parent Relationship": "Inner", "Scan Direction": "Forward", "Index Name": "company_id_movie_companies", "Relation Name": "movie_companies", "Alias": "mc", "Startup Cost": 0.0, "Total Cost": 11.36, "Plan Rows": 1, "Plan Width": 8, "Index Cond": "(company_id = cn.id)", "Filter": "(((note)::text ~~ '%(Japan)%'::text) AND ((note)::text !~~ '%(USA)%'::text) AND (((note)::text ~~ '%(2006)%'::text) OR ((note)::text ~~ '%(2007)%'::text)))"}]}, {"Node Type": "Index Scan", "Parent Relationship": "Inner", "Scan Direction": "Forward", "Index Name": "title_pkey", "Relation Name": "title", "Alias": "t", "Startup Cost": 0.0, "Total Cost": 7.86, "Plan Rows": 1, "Plan Width": 21, "Index Cond": "(id = mc.movie_id)", "Filter": "((production_year >= 2006) AND (production_year <= 2007) AND (((title)::text ~~ 'One Piece%'::text) OR ((title)::text ~~ 'Dragon Ball Z%'::text)))"}]}, {"Node Type": "Index Scan", "Parent Relationship": "Inner", "Scan Direction": "Forward", "Index Name": "movie_id_cast_info", "Relation Name": "cast_info", "Alias": "ci", "Startup Cost": 0.0, "Total Cost": 27.88, "Plan Rows": 1, "Plan Width": 12, "Index Cond": "(movie_id = mc.movie_id)", "Filter": "((note)::text = '(voice: English version)'::text)"}]}, {"Node Type": "Index Scan", "Parent Relationship": "Inner", "Scan Direction": "Forward", "Index Name": "person_id_aka_name", "Relation Name": "aka_name", "Alias": "an", "Startup Cost": 0.0, "Total Cost": 0.84, "Plan Rows": 1, "Plan Width": 20, "Index Cond": "(person_id = ci.person_id)"}]}, {"Node Type": "Index Scan", "Parent Relationship": "Inner", "Scan Direction": "Forward", "Index Name": "name_pkey", "Relation Name": "name", "Alias": "n", "Startup Cost": 0.0, "Total Cost": 0.57, "Plan Rows": 1, "Plan Width": 4, "Index Cond": "(id = an.person_id)", "Filter": "(((name)::text ~~ '%Yo%'::text) AND ((name)::text !~~ '%Yu%'::text))"}]}, {"Node Type": "Index Scan", "Parent Relationship": "Inner", "Scan Direction": "Forward", "Index Name": "role_type_pkey", "Relation Name": "role_type", "Alias": "rt", "Startup Cost": 0.0, "Total Cost": 0.27, "Plan Rows": 1, "Plan Width": 4, "Index Cond": "(id = ci.role_id)", "Filter": "((role)::text = 'actress'::text)"}]}]}, "Unique SQL Id": 3956435728, "Planner Runtime": 6}, "explain_analyze_plan": {"Plan": {"Node Type": "Aggregate", "Strategy": "Plain", "Startup Cost": 84111.26, "Total Cost": 84111.27, "Plan Rows": 1, "Plan Width": 97, "Actual Startup Time": 581.73, "Actual Total Time": 581.73, "Actual Rows": 1, "Actual Loops": 1, "Plans": [{"Node Type": "Nested Loop", "Parent Relationship": "Outer", "Join Type": "Inner", "Startup Cost": 0.0, "Total Cost": 84111.26, "Plan Rows": 1, "Plan Width": 33, "Actual Startup Time": 54.321, "Actual Total Time": 581.694, "Actual Rows": 6, "Actual Loops": 1, "Inner Unique": true, "Plans": [{"Node Type": "Nested Loop", "Parent Relationship": "Outer", "Join Type": "Inner", "Startup Cost": 0.0, "Total Cost": 84110.97, "Plan Rows": 1, "Plan Width": 37, "Actual Startup Time": 54.312, "Actual Total Time": 581.658, "Actual Rows": 6, "Actual Loops": 1, "Inner Unique": true, "Plans": [{"Node Type": "Nested Loop", "Parent Relationship": "Outer", "Join Type": "Inner", "Startup Cost": 0.0, "Total Cost": 84110.39, "Plan Rows": 1, "Plan Width": 45, "Actual Startup Time": 53.198, "Actual Total Time": 580.628, "Actual Rows": 171, "Actual Loops": 1, "Inner Unique": false, "Plans": [{"Node Type": "Nested Loop", "Parent Relationship": "Outer", "Join Type": "Inner", "Startup Cost": 0.0, "Total Cost": 84109.54, "Plan Rows": 1, "Plan Width": 25, "Actual Startup Time": 53.177, "Actual Total Time": 579.772, "Actual Rows": 104, "Actual Loops": 1, "Inner Unique": false, "Join Filter": "(t.id = ci.movie_id)", "Rows Removed by Join Filter": 0, "Plans": [{"Node Type": "Nested Loop", "Parent Relationship": "Outer", "Join Type": "Inner", "Startup Cost": 0.0, "Total Cost": 84053.76, "Plan Rows": 2, "Plan Width": 25, "Actual Startup Time": 53.042, "Actual Total Time": 579.227, "Actual Rows": 4, "Actual Loops": 1, "Inner Unique": true, "Plans": [{"Node Type": "Nested Loop", "Parent Relationship": "Outer", "Join Type": "Inner", "Startup Cost": 0.0, "Total Cost": 81991.53, "Plan Rows": 262, "Plan Width": 4, "Actual Startup Time": 0.312, "Actual Total Time": 518.839, "Actual Rows": 8495, "Actual Loops": 1, "Inner Unique": false, "Plans": [{"Node Type": "Index Scan", "Parent Relationship": "Outer", "Scan Direction": "Forward", "Index Name": "company_name_pkey", "Relation Name": "company_name", "Alias": "cn", "Startup Cost": 0.0, "Total Cost": 10501.39, "Plan Rows": 6290, "Plan Width": 4, "Actual Startup Time": 0.264, "Actual Total Time": 291.012, "Actual Rows": 6752, "Actual Loops": 1, "Filter": "((country_code)::text = '[jp]'::text)", "Rows Removed by Filter": 228244}, {"Node Type": "Index Scan", "Parent Relationship": "Inner", "Scan Direction": "Forward", "Index Name": "company_id_movie_companies", "Relation Name": "movie_companies", "Alias": "mc", "Startup Cost": 0.0, "Total Cost": 11.36, "Plan Rows": 1, "Plan Width": 8, "Actual Startup Time": 100.149, "Actual Total Time": 221.814, "Actual Rows": 8495, "Actual Loops": 6752, "Index Cond": "(company_id = cn.id)", "Rows Removed by Index Recheck": 0, "Filter": "(((note)::text ~~ '%(Japan)%'::text) AND ((note)::text !~~ '%(USA)%'::text) AND (((note)::text ~~ '%(2006)%'::text) OR ((note)::text ~~ '%(2007)%'::text)))", "Rows Removed by Filter": 96500}]}, {"Node Type": "Index Scan", "Parent Relationship": "Inner", "Scan Direction": "Forward", "Index Name": "title_pkey", "Relation Name": "title", "Alias": "t", "Startup Cost": 0.0, "Total Cost": 7.86, "Plan Rows": 1, "Plan Width": 21, "Actual Startup Time": 55.844, "Actual Total Time": 55.844, "Actual Rows": 4, "Actual Loops": 8495, "Index Cond": "(id = mc.movie_id)", "Rows Removed by Index Recheck": 0, "Filter": "((production_year >= 2006) AND (production_year <= 2007) AND (((title)::text ~~ 'One Piece%'::text) OR ((title)::text ~~ 'Dragon Ball Z%'::text)))", "Rows Removed by Filter": 8491}]}, {"Node Type": "Index Scan", "Parent Relationship": "Inner", "Scan Direction": "Forward", "Index Name": "movie_id_cast_info", "Relation Name": "cast_info", "Alias": "ci", "Startup Cost": 0.0, "Total Cost": 27.88, "Plan Rows": 1, "Plan Width": 12, "Actual Startup Time": 0.155, "Actual Total Time": 0.487, "Actual Rows": 104, "Actual Loops": 4, "Index Cond": "(movie_id = mc.movie_id)", "Rows Removed by Index Recheck": 0, "Filter": "((note)::text = '(voice: English version)'::text)", "Rows Removed by Filter": 68}]}, {"Node Type": "Index Scan", "Parent Relationship": "Inner", "Scan Direction": "Forward", "Index Name": "person_id_aka_name", "Relation Name": "aka_name", "Alias": "an", "Startup Cost": 0.0, "Total Cost": 0.84, "Plan Rows": 1, "Plan Width": 20, "Actual Startup Time": 0.629, "Actual Total Time": 0.74, "Actual Rows": 171, "Actual Loops": 104, "Index Cond": "(person_id = ci.person_id)", "Rows Removed by Index Recheck": 0}]}, {"Node Type": "Index Scan", "Parent Relationship": "Inner", "Scan Direction": "Forward", "Index Name": "name_pkey", "Relation Name": "name", "Alias": "n", "Startup Cost": 0.0, "Total Cost": 0.57, "Plan Rows": 1, "Plan Width": 4, "Actual Startup Time": 0.94, "Actual Total Time": 0.94, "Actual Rows": 6, "Actual Loops": 171, "Index Cond": "(id = an.person_id)", "Rows Removed by Index Recheck": 0, "Filter": "(((name)::text ~~ '%Yo%'::text) AND ((name)::text !~~ '%Yu%'::text))", "Rows Removed by Filter": 165}]}, {"Node Type": "Index Scan", "Parent Relationship": "Inner", "Scan Direction": "Forward", "Index Name": "role_type_pkey", "Relation Name": "role_type", "Alias": "rt", "Startup Cost": 0.0, "Total Cost": 0.27, "Plan Rows": 1, "Plan Width": 4, "Actual Startup Time": 0.022, "Actual Total Time": 0.022, "Actual Rows": 6, "Actual Loops": 6, "Index Cond": "(id = ci.role_id)", "Rows Removed by Index Recheck": 0, "Filter": "((role)::text = 'actress'::text)", "Rows Removed by Filter": 0}]}]}, "Triggers": [], "Planner Runtime": 25.043, "Total Runtime": 582.138, "Unique SQL Id": 3956435728}}, "(1, '58')": {"explain_plan": {"Plan": {"Node Type": "Aggregate", "Strategy": "Plain", "Startup Cost": 999566.81, "Total Cost": 999566.82, "Plan Rows": 1, "Plan Width": 97, "Plans": [{"Node Type": "Nested Loop", "Parent Relationship": "Outer", "Join Type": "Inner", "Startup Cost": 4536.65, "Total Cost": 999566.8, "Plan Rows": 1, "Plan Width": 33, "Inner Unique": true, "Join Filter": "(an.person_id = n.id)", "Plans": [{"Node Type": "Nested Loop", "Parent Relationship": "Outer", "Join Type": "Inner", "Startup Cost": 4536.65, "Total Cost": 885483.88, "Plan Rows": 1, "Plan Width": 41, "Inner Unique": true, "Join Filter": "(mc.company_id = cn.id)", "Plans": [{"Node Type": "Nested Loop", "Parent Relationship": "Outer", "Join Type": "Inner", "Startup Cost": 4536.65, "Total Cost": 879501.8, "Plan Rows": 1, "Plan Width": 45, "Inner Unique": false, "Join Filter": "(ci.person_id = an.person_id)", "Plans": [{"Node Type": "Nested Loop", "Parent Relationship": "Outer", "Join Type": "Inner", "Startup Cost": 4536.65, "Total Cost": 848326.61, "Plan Rows": 1, "Plan Width": 25, "Inner Unique": false, "Join Filter": "(ci.movie_id = t.id)", "Plans": [{"Node Type": "Nested Loop", "Parent Relationship": "Outer", "Join Type": "Inner", "Startup Cost": 0.0, "Total Cost": 693736.48, "Plan Rows": 8790, "Plan Width": 8, "Inner Unique": false, "Join Filter": "(ci.role_id = rt.id)", "Plans": [{"Node Type": "Seq Scan", "Parent Relationship": "Outer", "Relation Name": "role_type", "Alias": "rt", "Startup Cost": 0.0, "Total Cost": 1.15, "Plan Rows": 1, "Plan Width": 4, "Filter": "((role)::text = 'actress'::text)"}, {"Node Type": "Seq Scan", "Parent Relationship": "Inner", "Relation Name": "cast_info", "Alias": "ci", "Startup Cost": 0.0, "Total Cost": 692526.68, "Plan Rows": 96692, "Plan Width": 12, "Filter": "((note)::text = '(voice: English version)'::text)"}]}, {"Node Type": "Materialize", "Parent Relationship": "Inner", "Startup Cost": 4536.65, "Total Cost": 154326.44, "Plan Rows": 2, "Plan Width": 29, "Plans": [{"Node Type": "Nested Loop", "Parent Relationship": "Outer", "Join Type": "Inner", "Startup Cost": 4536.65, "Total Cost": 154326.43, "Plan Rows": 2, "Plan Width": 29, "Inner Unique": true, "Join Filter": "(mc.movie_id = t.id)", "Plans": [{"Node Type": "Seq Scan", "Parent Relationship": "Outer", "Relation Name": "movie_companies", "Alias": "mc", "Startup Cost": 0.0, "Total Cost": 67908.56, "Plan Rows": 1652, "Plan Width": 8, "Filter": "(((note)::text ~~ '%(Japan)%'::text) AND ((note)::text !~~ '%(USA)%'::text) AND (((note)::text ~~ '%(2006)%'::text) OR ((note)::text ~~ '%(2007)%'::text)))"}, {"Node Type": "Materialize", "Parent Relationship": "Inner", "Startup Cost": 4536.65, "Total Cost": 85352.43, "Plan Rows": 43, "Plan Width": 21, "Plans": [{"Node Type": "Seq Scan", "Parent Relationship": "Outer", "Relation Name": "title", "Alias": "t", "Startup Cost": 4536.65, "Total Cost": 85352.22, "Plan Rows": 43, "Plan Width": 21, "Filter": "((production_year >= 2006) AND (production_year <= 2007) AND (((title)::text ~~ 'One Piece%'::text) OR ((title)::text ~~ 'Dragon Ball Z%'::text)))"}]}]}]}]}, {"Node Type": "Seq Scan", "Parent Relationship": "Inner", "Relation Name": "aka_name", "Alias": "an", "Startup Cost": 0.0, "Total Cost": 19908.42, "Plan Rows": 901342, "Plan Width": 20}]}, {"Node Type": "Seq Scan", "Parent Relationship": "Inner", "Relation Name": "company_name", "Alias": "cn", "Startup Cost": 0.0, "Total Cost": 5903.45, "Plan Rows": 6290, "Plan Width": 4, "Filter": "((country_code)::text = '[jp]'::text)"}]}, {"Node Type": "Seq Scan", "Parent Relationship": "Inner", "Relation Name": "name", "Alias": "n", "Startup Cost": 0.0, "Total Cost": 113909.35, "Plan Rows": 13886, "Plan Width": 4, "Filter": "(((name)::text ~~ '%Yo%'::text) AND ((name)::text !~~ '%Yu%'::text))"}]}]}, "Unique SQL Id": 3956435728, "Planner Runtime": 6}, "explain_analyze_plan": null}, "(1, '59')": {"explain_plan": {"Plan": {"Node Type": "Aggregate", "Strategy": "Plain", "Startup Cost": 7000171740968.88, "Total Cost": 7000171740968.89, "Plan Rows": 1, "Plan Width": 97, "Plans": [{"Node Type": "Nested Loop", "Parent Relationship": "Outer", "Join Type": "Inner", "Startup Cost": 70000000000.0, "Total Cost": 7000171740968.87, "Plan Rows": 1, "Plan Width": 33, "Inner Unique": true, "Join Filter": "(ci.role_id = rt.id)", "Plans": [{"Node Type": "Nested Loop", "Parent Relationship": "Outer", "Join Type": "Inner", "Startup Cost": 60000000000.0, "Total Cost": 6000171739722.86, "Plan Rows": 1, "Plan Width": 37, "Inner Unique": true, "Plans": [{"Node Type": "Nested Loop", "Parent Relationship": "Outer", "Join Type": "Inner", "Startup Cost": 50000000000.0, "Total Cost": 5000171739665.63, "Plan Rows": 1, "Plan Width": 45, "Inner Unique": true, "Plans": [{"Node Type": "Nested Loop", "Parent Relationship": "Outer", "Join Type": "Inner", "Startup Cost": 40000000000.0, "Total Cost": 4000171739228.2, "Plan Rows": 1, "Plan Width": 49, "Inner Unique": false, "Plans": [{"Node Type": "Nested Loop", "Parent Relationship": "Outer", "Join Type": "Inner", "Startup Cost": 30000000000.0, "Total Cost": 3000171739143.81, "Plan Rows": 1, "Plan Width": 29, "Inner Unique": false, "Join Filter": "(t.id = ci.movie_id)", "Plans": [{"Node Type": "Index Scan", "Parent Relationship": "Outer", "Scan Direction": "Forward", "Index Name": "role_id_cast_info", "Relation Name": "cast_info", "Alias": "ci", "Startup Cost": 10000000000.0, "Total Cost": 1000143218339.5, "Plan Rows": 96692, "Plan Width": 12, "Filter": "((note)::text = '(voice: English version)'::text)"}, {"Node Type": "Materialize", "Parent Relationship": "Inner", "Startup Cost": 20000000000.0, "Total Cost": 2000028517903.55, "Plan Rows": 2, "Plan Width": 29, "Plans": [{"Node Type": "Nested Loop", "Parent Relationship": "Outer", "Join Type": "Inner", "Startup Cost": 20000000000.0, "Total Cost": 2000028517903.54, "Plan Rows": 2, "Plan Width": 29, "Inner Unique": true, "Join Filter": "(mc.movie_id = t.id)", "Plans": [{"Node Type": "Index Scan", "Parent Relationship": "Outer", "Scan Direction": "Forward", "Index Name": "company_id_movie_companies", "Relation Name": "movie_companies", "Alias": "mc", "Startup Cost": 10000000000.0, "Total Cost": 1000014976477.98, "Plan Rows": 1652, "Plan Width": 8, "Filter": "(((note)::text ~~ '%(Japan)%'::text) AND ((note)::text !~~ '%(USA)%'::text) AND (((note)::text ~~ '%(2006)%'::text) OR ((note)::text ~~ '%(2007)%'::text)))"}, {"Node Type": "Materialize", "Parent Relationship": "Inner", "Startup Cost": 10000000000.0, "Total Cost": 1000013540360.13, "Plan Rows": 43, "Plan Width": 21, "Plans": [{"Node Type": "Index Scan", "Parent Relationship": "Outer", "Scan Direction": "Forward", "Index Name": "title_pkey", "Relation Name": "title", "Alias": "t", "Startup Cost": 10000000000.0, "Total Cost": 1000013540359.91, "Plan Rows": 43, "Plan Width": 21, "Filter": "((production_year >= 2006) AND (production_year <= 2007) AND (((title)::text ~~ 'One Piece%'::text) OR ((title)::text ~~ 'Dragon Ball Z%'::text)))"}]}]}]}]}, {"Node Type": "Index Scan", "Parent Relationship": "Inner", "Scan Direction": "Forward", "Index Name": "person_id_aka_name", "Relation Name": "aka_name", "Alias": "an", "Startup Cost": 10000000000.0, "Total Cost": 1000000000084.38, "Plan Rows": 1, "Plan Width": 20, "Index Cond": "(person_id = ci.person_id)"}]}, {"Node Type": "Index Scan", "Parent Relationship": "Inner", "Scan Direction": "Forward", "Index Name": "company_name_pkey", "Relation Name": "company_name", "Alias": "cn", "Startup Cost": 10000000000.0, "Total Cost": 1000000000437.42, "Plan Rows": 1, "Plan Width": 4, "Index Cond": "(id = mc.company_id)", "Filter": "((country_code)::text = '[jp]'::text)"}]}, {"Node Type": "Index Scan", "Parent Relationship": "Inner", "Scan Direction": "Forward", "Index Name": "name_pkey", "Relation Name": "name", "Alias": "n", "Startup Cost": 10000000000.0, "Total Cost": 1000000000057.22, "Plan Rows": 1, "Plan Width": 4, "Index Cond": "(id = an.person_id)", "Filter": "(((name)::text ~~ '%Yo%'::text) AND ((name)::text !~~ '%Yu%'::text))"}]}, {"Node Type": "Index Scan", "Parent Relationship": "Inner", "Scan Direction": "Forward", "Index Name": "role_type_pkey", "Relation Name": "role_type", "Alias": "rt", "Startup Cost": 10000000000.0, "Total Cost": 1000000001246.0, "Plan Rows": 1, "Plan Width": 4, "Filter": "((role)::text = 'actress'::text)"}]}]}, "Unique SQL Id": 3956435728, "Planner Runtime": 5}, "explain_analyze_plan": null}, "(1, '60')": {"explain_plan": {"Plan": {"Node Type": "Aggregate", "Strategy": "Plain", "Startup Cost": 77270.98, "Total Cost": 77270.99, "Plan Rows": 1, "Plan Width": 97, "Plans": [{"Node Type": "Nested Loop", "Parent Relationship": "Outer", "Join Type": "Inner", "Startup Cost": 0.0, "Total Cost": 77270.98, "Plan Rows": 1, "Plan Width": 33, "Inner Unique": true, "Plans": [{"Node Type": "Nested Loop", "Parent Relationship": "Outer", "Join Type": "Inner", "Startup Cost": 0.0, "Total Cost": 77270.7, "Plan Rows": 1, "Plan Width": 37, "Inner Unique": true, "Plans": [{"Node Type": "Nested Loop", "Parent Relationship": "Outer", "Join Type": "Inner", "Startup Cost": 0.0, "Total Cost": 77270.11, "Plan Rows": 1, "Plan Width": 45, "Inner Unique": false, "Plans": [{"Node Type": "Nested Loop", "Parent Relationship": "Outer", "Join Type": "Inner", "Startup Cost": 0.0, "Total Cost": 77269.26, "Plan Rows": 1, "Plan Width": 25, "Inner Unique": false, "Join Filter": "(t.id = ci.movie_id)", "Plans": [{"Node Type": "Nested Loop", "Parent Relationship": "Outer", "Join Type": "Inner", "Startup Cost": 0.0, "Total Cost": 77213.48, "Plan Rows": 2, "Plan Width": 25, "Inner Unique": true, "Plans": [{"Node Type": "Nested Loop", "Parent Relationship": "Outer", "Join Type": "Inner", "Startup Cost": 0.0, "Total Cost": 75151.25, "Plan Rows": 262, "Plan Width": 4, "Inner Unique": true, "Plans": [{"Node Type": "Seq Scan", "Parent Relationship": "Outer", "Relation Name": "movie_companies", "Alias": "mc", "Startup Cost": 0.0, "Total Cost": 67908.56, "Plan Rows": 1652, "Plan Width": 8, "Filter": "(((note)::text ~~ '%(Japan)%'::text) AND ((note)::text !~~ '%(USA)%'::text) AND (((note)::text ~~ '%(2006)%'::text) OR ((note)::text ~~ '%(2007)%'::text)))"}, {"Node Type": "Index Scan", "Parent Relationship": "Inner", "Scan Direction": "Forward", "Index Name": "company_name_pkey", "Relation Name": "company_name", "Alias": "cn", "Startup Cost": 0.0, "Total Cost": 4.37, "Plan Rows": 1, "Plan Width": 4, "Index Cond": "(id = mc.company_id)", "Filter": "((country_code)::text = '[jp]'::text)"}]}, {"Node Type": "Index Scan", "Parent Relationship": "Inner", "Scan Direction": "Forward", "Index Name": "title_pkey", "Relation Name": "title", "Alias": "t", "Startup Cost": 0.0, "Total Cost": 7.86, "Plan Rows": 1, "Plan Width": 21, "Index Cond": "(id = mc.movie_id)", "Filter": "((production_year >= 2006) AND (production_year <= 2007) AND (((title)::text ~~ 'One Piece%'::text) OR ((title)::text ~~ 'Dragon Ball Z%'::text)))"}]}, {"Node Type": "Index Scan", "Parent Relationship": "Inner", "Scan Direction": "Forward", "Index Name": "movie_id_cast_info", "Relation Name": "cast_info", "Alias": "ci", "Startup Cost": 0.0, "Total Cost": 27.88, "Plan Rows": 1, "Plan Width": 12, "Index Cond": "(movie_id = mc.movie_id)", "Filter": "((note)::text = '(voice: English version)'::text)"}]}, {"Node Type": "Index Scan", "Parent Relationship": "Inner", "Scan Direction": "Forward", "Index Name": "person_id_aka_name", "Relation Name": "aka_name", "Alias": "an", "Startup Cost": 0.0, "Total Cost": 0.84, "Plan Rows": 1, "Plan Width": 20, "Index Cond": "(person_id = ci.person_id)"}]}, {"Node Type": "Index Scan", "Parent Relationship": "Inner", "Scan Direction": "Forward", "Index Name": "name_pkey", "Relation Name": "name", "Alias": "n", "Startup Cost": 0.0, "Total Cost": 0.57, "Plan Rows": 1, "Plan Width": 4, "Index Cond": "(id = an.person_id)", "Filter": "(((name)::text ~~ '%Yo%'::text) AND ((name)::text !~~ '%Yu%'::text))"}]}, {"Node Type": "Index Scan", "Parent Relationship": "Inner", "Scan Direction": "Forward", "Index Name": "role_type_pkey", "Relation Name": "role_type", "Alias": "rt", "Startup Cost": 0.0, "Total Cost": 0.27, "Plan Rows": 1, "Plan Width": 4, "Index Cond": "(id = ci.role_id)", "Filter": "((role)::text = 'actress'::text)"}]}]}, "Unique SQL Id": 3956435728, "Planner Runtime": 6}, "explain_analyze_plan": {"Plan": {"Node Type": "Aggregate", "Strategy": "Plain", "Startup Cost": 77270.98, "Total Cost": 77270.99, "Plan Rows": 1, "Plan Width": 97, "Actual Startup Time": 1034.996, "Actual Total Time": 1034.997, "Actual Rows": 1, "Actual Loops": 1, "Plans": [{"Node Type": "Nested Loop", "Parent Relationship": "Outer", "Join Type": "Inner", "Startup Cost": 0.0, "Total Cost": 77270.98, "Plan Rows": 1, "Plan Width": 33, "Actual Startup Time": 359.457, "Actual Total Time": 1034.942, "Actual Rows": 6, "Actual Loops": 1, "Inner Unique": true, "Plans": [{"Node Type": "Nested Loop", "Parent Relationship": "Outer", "Join Type": "Inner", "Startup Cost": 0.0, "Total Cost": 77270.7, "Plan Rows": 1, "Plan Width": 37, "Actual Startup Time": 359.446, "Actual Total Time": 1034.911, "Actual Rows": 6, "Actual Loops": 1, "Inner Unique": true, "Plans": [{"Node Type": "Nested Loop", "Parent Relationship": "Outer", "Join Type": "Inner", "Startup Cost": 0.0, "Total Cost": 77270.11, "Plan Rows": 1, "Plan Width": 45, "Actual Startup Time": 358.983, "Actual Total Time": 1034.041, "Actual Rows": 171, "Actual Loops": 1, "Inner Unique": false, "Plans": [{"Node Type": "Nested Loop", "Parent Relationship": "Outer", "Join Type": "Inner", "Startup Cost": 0.0, "Total Cost": 77269.26, "Plan Rows": 1, "Plan Width": 25, "Actual Startup Time": 358.966, "Actual Total Time": 1033.417, "Actual Rows": 104, "Actual Loops": 1, "Inner Unique": false, "Join Filter": "(t.id = ci.movie_id)", "Rows Removed by Join Filter": 0, "Plans": [{"Node Type": "Nested Loop", "Parent Relationship": "Outer", "Join Type": "Inner", "Startup Cost": 0.0, "Total Cost": 77213.48, "Plan Rows": 2, "Plan Width": 25, "Actual Startup Time": 358.923, "Actual Total Time": 1033.02, "Actual Rows": 4, "Actual Loops": 1, "Inner Unique": true, "Plans": [{"Node Type": "Nested Loop", "Parent Relationship": "Outer", "Join Type": "Inner", "Startup Cost": 0.0, "Total Cost": 75151.25, "Plan Rows": 262, "Plan Width": 4, "Actual Startup Time": 0.3, "Actual Total Time": 989.642, "Actual Rows": 8495, "Actual Loops": 1, "Inner Unique": true, "Plans": [{"Node Type": "Seq Scan", "Parent Relationship": "Outer", "Relation Name": "movie_companies", "Alias": "mc", "Startup Cost": 0.0, "Total Cost": 67908.56, "Plan Rows": 1652, "Plan Width": 8, "Actual Startup Time": 0.264, "Actual Total Time": 953.15, "Actual Rows": 8569, "Actual Loops": 1, "Filter": "(((note)::text ~~ '%(Japan)%'::text) AND ((note)::text !~~ '%(USA)%'::text) AND (((note)::text ~~ '%(2006)%'::text) OR ((note)::text ~~ '%(2007)%'::text)))", "Rows Removed by Filter": 2600559}, {"Node Type": "Index Scan", "Parent Relationship": "Inner", "Scan Direction": "Forward", "Index Name": "company_name_pkey", "Relation Name": "company_name", "Alias": "cn", "Startup Cost": 0.0, "Total Cost": 4.37, "Plan Rows": 1, "Plan Width": 4, "Actual Startup Time": 29.873, "Actual Total Time": 29.873, "Actual Rows": 8495, "Actual Loops": 8569, "Index Cond": "(id = mc.company_id)", "Rows Removed by Index Recheck": 0, "Filter": "((country_code)::text = '[jp]'::text)", "Rows Removed by Filter": 74}]}, {"Node Type": "Index Scan", "Parent Relationship": "Inner", "Scan Direction": "Forward", "Index Name": "title_pkey", "Relation Name": "title", "Alias": "t", "Startup Cost": 0.0, "Total Cost": 7.86, "Plan Rows": 1, "Plan Width": 21, "Actual Startup Time": 38.797, "Actual Total Time": 38.797, "Actual Rows": 4, "Actual Loops": 8495, "Index Cond": "(id = mc.movie_id)", "Rows Removed by Index Recheck": 0, "Filter": "((production_year >= 2006) AND (production_year <= 2007) AND (((title)::text ~~ 'One Piece%'::text) OR ((title)::text ~~ 'Dragon Ball Z%'::text)))", "Rows Removed by Filter": 8491}]}, {"Node Type": "Index Scan", "Parent Relationship": "Inner", "Scan Direction": "Forward", "Index Name": "movie_id_cast_info", "Relation Name": "cast_info", "Alias": "ci", "Startup Cost": 0.0, "Total Cost": 27.88, "Plan Rows": 1, "Plan Width": 12, "Actual Startup Time": 0.117, "Actual Total Time": 0.343, "Actual Rows": 104, "Actual Loops": 4, "Index Cond": "(movie_id = mc.movie_id)", "Rows Removed by Index Recheck": 0, "Filter": "((note)::text = '(voice: English version)'::text)", "Rows Removed by Filter": 68}]}, {"Node Type": "Index Scan", "Parent Relationship": "Inner", "Scan Direction": "Forward", "Index Name": "person_id_aka_name", "Relation Name": "aka_name", "Alias": "an", "Startup Cost": 0.0, "Total Cost": 0.84, "Plan Rows": 1, "Plan Width": 20, "Actual Startup Time": 0.434, "Actual Total Time": 0.52, "Actual Rows": 171, "Actual Loops": 104, "Index Cond": "(person_id = ci.person_id)", "Rows Removed by Index Recheck": 0}]}, {"Node Type": "Index Scan", "Parent Relationship": "Inner", "Scan Direction": "Forward", "Index Name": "name_pkey", "Relation Name": "name", "Alias": "n", "Startup Cost": 0.0, "Total Cost": 0.57, "Plan Rows": 1, "Plan Width": 4, "Actual Startup Time": 0.753, "Actual Total Time": 0.753, "Actual Rows": 6, "Actual Loops": 171, "Index Cond": "(id = an.person_id)", "Rows Removed by Index Recheck": 0, "Filter": "(((name)::text ~~ '%Yo%'::text) AND ((name)::text !~~ '%Yu%'::text))", "Rows Removed by Filter": 165}]}, {"Node Type": "Index Scan", "Parent Relationship": "Inner", "Scan Direction": "Forward", "Index Name": "role_type_pkey", "Relation Name": "role_type", "Alias": "rt", "Startup Cost": 0.0, "Total Cost": 0.27, "Plan Rows": 1, "Plan Width": 4, "Actual Startup Time": 0.02, "Actual Total Time": 0.02, "Actual Rows": 6, "Actual Loops": 6, "Index Cond": "(id = ci.role_id)", "Rows Removed by Index Recheck": 0, "Filter": "((role)::text = 'actress'::text)", "Rows Removed by Filter": 0}]}]}, "Triggers": [], "Planner Runtime": 6.295, "Total Runtime": 1035.253, "Unique SQL Id": 3956435728}}, "(1, '61')": {"explain_plan": {"Plan": {"Node Type": "Aggregate", "Strategy": "Plain", "Startup Cost": 84111.26, "Total Cost": 84111.27, "Plan Rows": 1, "Plan Width": 97, "Plans": [{"Node Type": "Nested Loop", "Parent Relationship": "Outer", "Join Type": "Inner", "Startup Cost": 0.0, "Total Cost": 84111.26, "Plan Rows": 1, "Plan Width": 33, "Inner Unique": true, "Plans": [{"Node Type": "Nested Loop", "Parent Relationship": "Outer", "Join Type": "Inner", "Startup Cost": 0.0, "Total Cost": 84110.97, "Plan Rows": 1, "Plan Width": 37, "Inner Unique": true, "Plans": [{"Node Type": "Nested Loop", "Parent Relationship": "Outer", "Join Type": "Inner", "Startup Cost": 0.0, "Total Cost": 84110.39, "Plan Rows": 1, "Plan Width": 45, "Inner Unique": false, "Plans": [{"Node Type": "Nested Loop", "Parent Relationship": "Outer", "Join Type": "Inner", "Startup Cost": 0.0, "Total Cost": 84109.54, "Plan Rows": 1, "Plan Width": 25, "Inner Unique": false, "Join Filter": "(t.id = ci.movie_id)", "Plans": [{"Node Type": "Nested Loop", "Parent Relationship": "Outer", "Join Type": "Inner", "Startup Cost": 0.0, "Total Cost": 84053.76, "Plan Rows": 2, "Plan Width": 25, "Inner Unique": true, "Plans": [{"Node Type": "Nested Loop", "Parent Relationship": "Outer", "Join Type": "Inner", "Startup Cost": 0.0, "Total Cost": 81991.53, "Plan Rows": 262, "Plan Width": 4, "Inner Unique": false, "Plans": [{"Node Type": "Index Scan", "Parent Relationship": "Outer", "Scan Direction": "Forward", "Index Name": "company_name_pkey", "Relation Name": "company_name", "Alias": "cn", "Startup Cost": 0.0, "Total Cost": 10501.39, "Plan Rows": 6290, "Plan Width": 4, "Filter": "((country_code)::text = '[jp]'::text)"}, {"Node Type": "Index Scan", "Parent Relationship": "Inner", "Scan Direction": "Forward", "Index Name": "company_id_movie_companies", "Relation Name": "movie_companies", "Alias": "mc", "Startup Cost": 0.0, "Total Cost": 11.36, "Plan Rows": 1, "Plan Width": 8, "Index Cond": "(company_id = cn.id)", "Filter": "(((note)::text ~~ '%(Japan)%'::text) AND ((note)::text !~~ '%(USA)%'::text) AND (((note)::text ~~ '%(2006)%'::text) OR ((note)::text ~~ '%(2007)%'::text)))"}]}, {"Node Type": "Index Scan", "Parent Relationship": "Inner", "Scan Direction": "Forward", "Index Name": "title_pkey", "Relation Name": "title", "Alias": "t", "Startup Cost": 0.0, "Total Cost": 7.86, "Plan Rows": 1, "Plan Width": 21, "Index Cond": "(id = mc.movie_id)", "Filter": "((production_year >= 2006) AND (production_year <= 2007) AND (((title)::text ~~ 'One Piece%'::text) OR ((title)::text ~~ 'Dragon Ball Z%'::text)))"}]}, {"Node Type": "Index Scan", "Parent Relationship": "Inner", "Scan Direction": "Forward", "Index Name": "movie_id_cast_info", "Relation Name": "cast_info", "Alias": "ci", "Startup Cost": 0.0, "Total Cost": 27.88, "Plan Rows": 1, "Plan Width": 12, "Index Cond": "(movie_id = mc.movie_id)", "Filter": "((note)::text = '(voice: English version)'::text)"}]}, {"Node Type": "Index Scan", "Parent Relationship": "Inner", "Scan Direction": "Forward", "Index Name": "person_id_aka_name", "Relation Name": "aka_name", "Alias": "an", "Startup Cost": 0.0, "Total Cost": 0.84, "Plan Rows": 1, "Plan Width": 20, "Index Cond": "(person_id = ci.person_id)"}]}, {"Node Type": "Index Scan", "Parent Relationship": "Inner", "Scan Direction": "Forward", "Index Name": "name_pkey", "Relation Name": "name", "Alias": "n", "Startup Cost": 0.0, "Total Cost": 0.57, "Plan Rows": 1, "Plan Width": 4, "Index Cond": "(id = an.person_id)", "Filter": "(((name)::text ~~ '%Yo%'::text) AND ((name)::text !~~ '%Yu%'::text))"}]}, {"Node Type": "Index Scan", "Parent Relationship": "Inner", "Scan Direction": "Forward", "Index Name": "role_type_pkey", "Relation Name": "role_type", "Alias": "rt", "Startup Cost": 0.0, "Total Cost": 0.27, "Plan Rows": 1, "Plan Width": 4, "Index Cond": "(id = ci.role_id)", "Filter": "((role)::text = 'actress'::text)"}]}]}, "Unique SQL Id": 3956435728, "Planner Runtime": 5}, "explain_analyze_plan": {"Plan": {"Node Type": "Aggregate", "Strategy": "Plain", "Startup Cost": 84111.26, "Total Cost": 84111.27, "Plan Rows": 1, "Plan Width": 97, "Actual Startup Time": 581.73, "Actual Total Time": 581.73, "Actual Rows": 1, "Actual Loops": 1, "Plans": [{"Node Type": "Nested Loop", "Parent Relationship": "Outer", "Join Type": "Inner", "Startup Cost": 0.0, "Total Cost": 84111.26, "Plan Rows": 1, "Plan Width": 33, "Actual Startup Time": 54.321, "Actual Total Time": 581.694, "Actual Rows": 6, "Actual Loops": 1, "Inner Unique": true, "Plans": [{"Node Type": "Nested Loop", "Parent Relationship": "Outer", "Join Type": "Inner", "Startup Cost": 0.0, "Total Cost": 84110.97, "Plan Rows": 1, "Plan Width": 37, "Actual Startup Time": 54.312, "Actual Total Time": 581.658, "Actual Rows": 6, "Actual Loops": 1, "Inner Unique": true, "Plans": [{"Node Type": "Nested Loop", "Parent Relationship": "Outer", "Join Type": "Inner", "Startup Cost": 0.0, "Total Cost": 84110.39, "Plan Rows": 1, "Plan Width": 45, "Actual Startup Time": 53.198, "Actual Total Time": 580.628, "Actual Rows": 171, "Actual Loops": 1, "Inner Unique": false, "Plans": [{"Node Type": "Nested Loop", "Parent Relationship": "Outer", "Join Type": "Inner", "Startup Cost": 0.0, "Total Cost": 84109.54, "Plan Rows": 1, "Plan Width": 25, "Actual Startup Time": 53.177, "Actual Total Time": 579.772, "Actual Rows": 104, "Actual Loops": 1, "Inner Unique": false, "Join Filter": "(t.id = ci.movie_id)", "Rows Removed by Join Filter": 0, "Plans": [{"Node Type": "Nested Loop", "Parent Relationship": "Outer", "Join Type": "Inner", "Startup Cost": 0.0, "Total Cost": 84053.76, "Plan Rows": 2, "Plan Width": 25, "Actual Startup Time": 53.042, "Actual Total Time": 579.227, "Actual Rows": 4, "Actual Loops": 1, "Inner Unique": true, "Plans": [{"Node Type": "Nested Loop", "Parent Relationship": "Outer", "Join Type": "Inner", "Startup Cost": 0.0, "Total Cost": 81991.53, "Plan Rows": 262, "Plan Width": 4, "Actual Startup Time": 0.312, "Actual Total Time": 518.839, "Actual Rows": 8495, "Actual Loops": 1, "Inner Unique": false, "Plans": [{"Node Type": "Index Scan", "Parent Relationship": "Outer", "Scan Direction": "Forward", "Index Name": "company_name_pkey", "Relation Name": "company_name", "Alias": "cn", "Startup Cost": 0.0, "Total Cost": 10501.39, "Plan Rows": 6290, "Plan Width": 4, "Actual Startup Time": 0.264, "Actual Total Time": 291.012, "Actual Rows": 6752, "Actual Loops": 1, "Filter": "((country_code)::text = '[jp]'::text)", "Rows Removed by Filter": 228244}, {"Node Type": "Index Scan", "Parent Relationship": "Inner", "Scan Direction": "Forward", "Index Name": "company_id_movie_companies", "Relation Name": "movie_companies", "Alias": "mc", "Startup Cost": 0.0, "Total Cost": 11.36, "Plan Rows": 1, "Plan Width": 8, "Actual Startup Time": 100.149, "Actual Total Time": 221.814, "Actual Rows": 8495, "Actual Loops": 6752, "Index Cond": "(company_id = cn.id)", "Rows Removed by Index Recheck": 0, "Filter": "(((note)::text ~~ '%(Japan)%'::text) AND ((note)::text !~~ '%(USA)%'::text) AND (((note)::text ~~ '%(2006)%'::text) OR ((note)::text ~~ '%(2007)%'::text)))", "Rows Removed by Filter": 96500}]}, {"Node Type": "Index Scan", "Parent Relationship": "Inner", "Scan Direction": "Forward", "Index Name": "title_pkey", "Relation Name": "title", "Alias": "t", "Startup Cost": 0.0, "Total Cost": 7.86, "Plan Rows": 1, "Plan Width": 21, "Actual Startup Time": 55.844, "Actual Total Time": 55.844, "Actual Rows": 4, "Actual Loops": 8495, "Index Cond": "(id = mc.movie_id)", "Rows Removed by Index Recheck": 0, "Filter": "((production_year >= 2006) AND (production_year <= 2007) AND (((title)::text ~~ 'One Piece%'::text) OR ((title)::text ~~ 'Dragon Ball Z%'::text)))", "Rows Removed by Filter": 8491}]}, {"Node Type": "Index Scan", "Parent Relationship": "Inner", "Scan Direction": "Forward", "Index Name": "movie_id_cast_info", "Relation Name": "cast_info", "Alias": "ci", "Startup Cost": 0.0, "Total Cost": 27.88, "Plan Rows": 1, "Plan Width": 12, "Actual Startup Time": 0.155, "Actual Total Time": 0.487, "Actual Rows": 104, "Actual Loops": 4, "Index Cond": "(movie_id = mc.movie_id)", "Rows Removed by Index Recheck": 0, "Filter": "((note)::text = '(voice: English version)'::text)", "Rows Removed by Filter": 68}]}, {"Node Type": "Index Scan", "Parent Relationship": "Inner", "Scan Direction": "Forward", "Index Name": "person_id_aka_name", "Relation Name": "aka_name", "Alias": "an", "Startup Cost": 0.0, "Total Cost": 0.84, "Plan Rows": 1, "Plan Width": 20, "Actual Startup Time": 0.629, "Actual Total Time": 0.74, "Actual Rows": 171, "Actual Loops": 104, "Index Cond": "(person_id = ci.person_id)", "Rows Removed by Index Recheck": 0}]}, {"Node Type": "Index Scan", "Parent Relationship": "Inner", "Scan Direction": "Forward", "Index Name": "name_pkey", "Relation Name": "name", "Alias": "n", "Startup Cost": 0.0, "Total Cost": 0.57, "Plan Rows": 1, "Plan Width": 4, "Actual Startup Time": 0.94, "Actual Total Time": 0.94, "Actual Rows": 6, "Actual Loops": 171, "Index Cond": "(id = an.person_id)", "Rows Removed by Index Recheck": 0, "Filter": "(((name)::text ~~ '%Yo%'::text) AND ((name)::text !~~ '%Yu%'::text))", "Rows Removed by Filter": 165}]}, {"Node Type": "Index Scan", "Parent Relationship": "Inner", "Scan Direction": "Forward", "Index Name": "role_type_pkey", "Relation Name": "role_type", "Alias": "rt", "Startup Cost": 0.0, "Total Cost": 0.27, "Plan Rows": 1, "Plan Width": 4, "Actual Startup Time": 0.022, "Actual Total Time": 0.022, "Actual Rows": 6, "Actual Loops": 6, "Index Cond": "(id = ci.role_id)", "Rows Removed by Index Recheck": 0, "Filter": "((role)::text = 'actress'::text)", "Rows Removed by Filter": 0}]}]}, "Triggers": [], "Planner Runtime": 25.043, "Total Runtime": 582.138, "Unique SQL Id": 3956435728}}, "(1, '62')": {"explain_plan": {"Plan": {"Node Type": "Aggregate", "Strategy": "Plain", "Startup Cost": 999566.81, "Total Cost": 999566.82, "Plan Rows": 1, "Plan Width": 97, "Plans": [{"Node Type": "Nested Loop", "Parent Relationship": "Outer", "Join Type": "Inner", "Startup Cost": 4536.65, "Total Cost": 999566.8, "Plan Rows": 1, "Plan Width": 33, "Inner Unique": true, "Join Filter": "(an.person_id = n.id)", "Plans": [{"Node Type": "Nested Loop", "Parent Relationship": "Outer", "Join Type": "Inner", "Startup Cost": 4536.65, "Total Cost": 885483.88, "Plan Rows": 1, "Plan Width": 41, "Inner Unique": true, "Join Filter": "(mc.company_id = cn.id)", "Plans": [{"Node Type": "Nested Loop", "Parent Relationship": "Outer", "Join Type": "Inner", "Startup Cost": 4536.65, "Total Cost": 879501.8, "Plan Rows": 1, "Plan Width": 45, "Inner Unique": false, "Join Filter": "(ci.person_id = an.person_id)", "Plans": [{"Node Type": "Nested Loop", "Parent Relationship": "Outer", "Join Type": "Inner", "Startup Cost": 4536.65, "Total Cost": 848326.61, "Plan Rows": 1, "Plan Width": 25, "Inner Unique": false, "Join Filter": "(ci.movie_id = t.id)", "Plans": [{"Node Type": "Nested Loop", "Parent Relationship": "Outer", "Join Type": "Inner", "Startup Cost": 0.0, "Total Cost": 693736.48, "Plan Rows": 8790, "Plan Width": 8, "Inner Unique": false, "Join Filter": "(ci.role_id = rt.id)", "Plans": [{"Node Type": "Seq Scan", "Parent Relationship": "Outer", "Relation Name": "role_type", "Alias": "rt", "Startup Cost": 0.0, "Total Cost": 1.15, "Plan Rows": 1, "Plan Width": 4, "Filter": "((role)::text = 'actress'::text)"}, {"Node Type": "Seq Scan", "Parent Relationship": "Inner", "Relation Name": "cast_info", "Alias": "ci", "Startup Cost": 0.0, "Total Cost": 692526.68, "Plan Rows": 96692, "Plan Width": 12, "Filter": "((note)::text = '(voice: English version)'::text)"}]}, {"Node Type": "Materialize", "Parent Relationship": "Inner", "Startup Cost": 4536.65, "Total Cost": 154326.44, "Plan Rows": 2, "Plan Width": 29, "Plans": [{"Node Type": "Nested Loop", "Parent Relationship": "Outer", "Join Type": "Inner", "Startup Cost": 4536.65, "Total Cost": 154326.43, "Plan Rows": 2, "Plan Width": 29, "Inner Unique": true, "Join Filter": "(mc.movie_id = t.id)", "Plans": [{"Node Type": "Seq Scan", "Parent Relationship": "Outer", "Relation Name": "movie_companies", "Alias": "mc", "Startup Cost": 0.0, "Total Cost": 67908.56, "Plan Rows": 1652, "Plan Width": 8, "Filter": "(((note)::text ~~ '%(Japan)%'::text) AND ((note)::text !~~ '%(USA)%'::text) AND (((note)::text ~~ '%(2006)%'::text) OR ((note)::text ~~ '%(2007)%'::text)))"}, {"Node Type": "Materialize", "Parent Relationship": "Inner", "Startup Cost": 4536.65, "Total Cost": 85352.43, "Plan Rows": 43, "Plan Width": 21, "Plans": [{"Node Type": "Seq Scan", "Parent Relationship": "Outer", "Relation Name": "title", "Alias": "t", "Startup Cost": 4536.65, "Total Cost": 85352.22, "Plan Rows": 43, "Plan Width": 21, "Filter": "((production_year >= 2006) AND (production_year <= 2007) AND (((title)::text ~~ 'One Piece%'::text) OR ((title)::text ~~ 'Dragon Ball Z%'::text)))"}]}]}]}]}, {"Node Type": "Seq Scan", "Parent Relationship": "Inner", "Relation Name": "aka_name", "Alias": "an", "Startup Cost": 0.0, "Total Cost": 19908.42, "Plan Rows": 901342, "Plan Width": 20}]}, {"Node Type": "Seq Scan", "Parent Relationship": "Inner", "Relation Name": "company_name", "Alias": "cn", "Startup Cost": 0.0, "Total Cost": 5903.45, "Plan Rows": 6290, "Plan Width": 4, "Filter": "((country_code)::text = '[jp]'::text)"}]}, {"Node Type": "Seq Scan", "Parent Relationship": "Inner", "Relation Name": "name", "Alias": "n", "Startup Cost": 0.0, "Total Cost": 113909.35, "Plan Rows": 13886, "Plan Width": 4, "Filter": "(((name)::text ~~ '%Yo%'::text) AND ((name)::text !~~ '%Yu%'::text))"}]}]}, "Unique SQL Id": 3956435728, "Planner Runtime": 6}, "explain_analyze_plan": null}, "(1, '63')": {"explain_plan": {"Plan": {"Node Type": "Aggregate", "Strategy": "Plain", "Startup Cost": 7000171740968.88, "Total Cost": 7000171740968.89, "Plan Rows": 1, "Plan Width": 97, "Plans": [{"Node Type": "Nested Loop", "Parent Relationship": "Outer", "Join Type": "Inner", "Startup Cost": 70000000000.0, "Total Cost": 7000171740968.87, "Plan Rows": 1, "Plan Width": 33, "Inner Unique": true, "Join Filter": "(ci.role_id = rt.id)", "Plans": [{"Node Type": "Nested Loop", "Parent Relationship": "Outer", "Join Type": "Inner", "Startup Cost": 60000000000.0, "Total Cost": 6000171739722.86, "Plan Rows": 1, "Plan Width": 37, "Inner Unique": true, "Plans": [{"Node Type": "Nested Loop", "Parent Relationship": "Outer", "Join Type": "Inner", "Startup Cost": 50000000000.0, "Total Cost": 5000171739665.63, "Plan Rows": 1, "Plan Width": 45, "Inner Unique": true, "Plans": [{"Node Type": "Nested Loop", "Parent Relationship": "Outer", "Join Type": "Inner", "Startup Cost": 40000000000.0, "Total Cost": 4000171739228.2, "Plan Rows": 1, "Plan Width": 49, "Inner Unique": false, "Plans": [{"Node Type": "Nested Loop", "Parent Relationship": "Outer", "Join Type": "Inner", "Startup Cost": 30000000000.0, "Total Cost": 3000171739143.81, "Plan Rows": 1, "Plan Width": 29, "Inner Unique": false, "Join Filter": "(t.id = ci.movie_id)", "Plans": [{"Node Type": "Index Scan", "Parent Relationship": "Outer", "Scan Direction": "Forward", "Index Name": "role_id_cast_info", "Relation Name": "cast_info", "Alias": "ci", "Startup Cost": 10000000000.0, "Total Cost": 1000143218339.5, "Plan Rows": 96692, "Plan Width": 12, "Filter": "((note)::text = '(voice: English version)'::text)"}, {"Node Type": "Materialize", "Parent Relationship": "Inner", "Startup Cost": 20000000000.0, "Total Cost": 2000028517903.55, "Plan Rows": 2, "Plan Width": 29, "Plans": [{"Node Type": "Nested Loop", "Parent Relationship": "Outer", "Join Type": "Inner", "Startup Cost": 20000000000.0, "Total Cost": 2000028517903.54, "Plan Rows": 2, "Plan Width": 29, "Inner Unique": true, "Join Filter": "(mc.movie_id = t.id)", "Plans": [{"Node Type": "Index Scan", "Parent Relationship": "Outer", "Scan Direction": "Forward", "Index Name": "company_id_movie_companies", "Relation Name": "movie_companies", "Alias": "mc", "Startup Cost": 10000000000.0, "Total Cost": 1000014976477.98, "Plan Rows": 1652, "Plan Width": 8, "Filter": "(((note)::text ~~ '%(Japan)%'::text) AND ((note)::text !~~ '%(USA)%'::text) AND (((note)::text ~~ '%(2006)%'::text) OR ((note)::text ~~ '%(2007)%'::text)))"}, {"Node Type": "Materialize", "Parent Relationship": "Inner", "Startup Cost": 10000000000.0, "Total Cost": 1000013540360.13, "Plan Rows": 43, "Plan Width": 21, "Plans": [{"Node Type": "Index Scan", "Parent Relationship": "Outer", "Scan Direction": "Forward", "Index Name": "title_pkey", "Relation Name": "title", "Alias": "t", "Startup Cost": 10000000000.0, "Total Cost": 1000013540359.91, "Plan Rows": 43, "Plan Width": 21, "Filter": "((production_year >= 2006) AND (production_year <= 2007) AND (((title)::text ~~ 'One Piece%'::text) OR ((title)::text ~~ 'Dragon Ball Z%'::text)))"}]}]}]}]}, {"Node Type": "Index Scan", "Parent Relationship": "Inner", "Scan Direction": "Forward", "Index Name": "person_id_aka_name", "Relation Name": "aka_name", "Alias": "an", "Startup Cost": 10000000000.0, "Total Cost": 1000000000084.38, "Plan Rows": 1, "Plan Width": 20, "Index Cond": "(person_id = ci.person_id)"}]}, {"Node Type": "Index Scan", "Parent Relationship": "Inner", "Scan Direction": "Forward", "Index Name": "company_name_pkey", "Relation Name": "company_name", "Alias": "cn", "Startup Cost": 10000000000.0, "Total Cost": 1000000000437.42, "Plan Rows": 1, "Plan Width": 4, "Index Cond": "(id = mc.company_id)", "Filter": "((country_code)::text = '[jp]'::text)"}]}, {"Node Type": "Index Scan", "Parent Relationship": "Inner", "Scan Direction": "Forward", "Index Name": "name_pkey", "Relation Name": "name", "Alias": "n", "Startup Cost": 10000000000.0, "Total Cost": 1000000000057.22, "Plan Rows": 1, "Plan Width": 4, "Index Cond": "(id = an.person_id)", "Filter": "(((name)::text ~~ '%Yo%'::text) AND ((name)::text !~~ '%Yu%'::text))"}]}, {"Node Type": "Index Scan", "Parent Relationship": "Inner", "Scan Direction": "Forward", "Index Name": "role_type_pkey", "Relation Name": "role_type", "Alias": "rt", "Startup Cost": 10000000000.0, "Total Cost": 1000000001246.0, "Plan Rows": 1, "Plan Width": 4, "Filter": "((role)::text = 'actress'::text)"}]}]}, "Unique SQL Id": 3956435728, "Planner Runtime": 5}, "explain_analyze_plan": null}, "(1, '64')": {"explain_plan": {"Plan": {"Node Type": "Aggregate", "Strategy": "Plain", "Startup Cost": 76019.18, "Total Cost": 76019.19, "Plan Rows": 1, "Plan Width": 97, "Plans": [{"Node Type": "Nested Loop", "Parent Relationship": "Outer", "Join Type": "Inner", "Startup Cost": 5982.08, "Total Cost": 76019.18, "Plan Rows": 1, "Plan Width": 33, "Inner Unique": true, "Plans": [{"Node Type": "Nested Loop", "Parent Relationship": "Outer", "Join Type": "Inner", "Startup Cost": 5982.08, "Total Cost": 76018.9, "Plan Rows": 1, "Plan Width": 37, "Inner Unique": true, "Plans": [{"Node Type": "Nested Loop", "Parent Relationship": "Outer", "Join Type": "Inner", "Startup Cost": 5982.08, "Total Cost": 76018.31, "Plan Rows": 1, "Plan Width": 45, "Inner Unique": false, "Plans": [{"Node Type": "Nested Loop", "Parent Relationship": "Outer", "Join Type": "Inner", "Startup Cost": 5982.08, "Total Cost": 76017.46, "Plan Rows": 1, "Plan Width": 25, "Inner Unique": false, "Join Filter": "(t.id = ci.movie_id)", "Plans": [{"Node Type": "Nested Loop", "Parent Relationship": "Outer", "Join Type": "Inner", "Startup Cost": 5982.08, "Total Cost": 75961.68, "Plan Rows": 2, "Plan Width": 25, "Inner Unique": true, "Plans": [{"Node Type": "Hash Join", "Parent Relationship": "Outer", "Join Type": "Inner", "Startup Cost": 5982.08, "Total Cost": 73899.45, "Plan Rows": 262, "Plan Width": 4, "Inner Unique": true, "Hash Cond": "(mc.company_id = cn.id)", "Plans": [{"Node Type": "Seq Scan", "Parent Relationship": "Outer", "Relation Name": "movie_companies", "Alias": "mc", "Startup Cost": 0.0, "Total Cost": 67908.56, "Plan Rows": 1652, "Plan Width": 8, "Filter": "(((note)::text ~~ '%(Japan)%'::text) AND ((note)::text !~~ '%(USA)%'::text) AND (((note)::text ~~ '%(2006)%'::text) OR ((note)::text ~~ '%(2007)%'::text)))"}, {"Node Type": "Hash", "Parent Relationship": "Inner", "Startup Cost": 5903.45, "Total Cost": 5903.45, "Plan Rows": 6290, "Plan Width": 4, "Plans": [{"Node Type": "Seq Scan", "Parent Relationship": "Outer", "Relation Name": "company_name", "Alias": "cn", "Startup Cost": 0.0, "Total Cost": 5903.45, "Plan Rows": 6290, "Plan Width": 4, "Filter": "((country_code)::text = '[jp]'::text)"}]}]}, {"Node Type": "Index Scan", "Parent Relationship": "Inner", "Scan Direction": "Forward", "Index Name": "title_pkey", "Relation Name": "title", "Alias": "t", "Startup Cost": 0.0, "Total Cost": 7.86, "Plan Rows": 1, "Plan Width": 21, "Index Cond": "(id = mc.movie_id)", "Filter": "((production_year >= 2006) AND (production_year <= 2007) AND (((title)::text ~~ 'One Piece%'::text) OR ((title)::text ~~ 'Dragon Ball Z%'::text)))"}]}, {"Node Type": "Index Scan", "Parent Relationship": "Inner", "Scan Direction": "Forward", "Index Name": "movie_id_cast_info", "Relation Name": "cast_info", "Alias": "ci", "Startup Cost": 0.0, "Total Cost": 27.88, "Plan Rows": 1, "Plan Width": 12, "Index Cond": "(movie_id = mc.movie_id)", "Filter": "((note)::text = '(voice: English version)'::text)"}]}, {"Node Type": "Index Scan", "Parent Relationship": "Inner", "Scan Direction": "Forward", "Index Name": "person_id_aka_name", "Relation Name": "aka_name", "Alias": "an", "Startup Cost": 0.0, "Total Cost": 0.84, "Plan Rows": 1, "Plan Width": 20, "Index Cond": "(person_id = ci.person_id)"}]}, {"Node Type": "Index Scan", "Parent Relationship": "Inner", "Scan Direction": "Forward", "Index Name": "name_pkey", "Relation Name": "name", "Alias": "n", "Startup Cost": 0.0, "Total Cost": 0.57, "Plan Rows": 1, "Plan Width": 4, "Index Cond": "(id = an.person_id)", "Filter": "(((name)::text ~~ '%Yo%'::text) AND ((name)::text !~~ '%Yu%'::text))"}]}, {"Node Type": "Index Scan", "Parent Relationship": "Inner", "Scan Direction": "Forward", "Index Name": "role_type_pkey", "Relation Name": "role_type", "Alias": "rt", "Startup Cost": 0.0, "Total Cost": 0.27, "Plan Rows": 1, "Plan Width": 4, "Index Cond": "(id = ci.role_id)", "Filter": "((role)::text = 'actress'::text)"}]}]}, "Unique SQL Id": 3956435728, "Planner Runtime": 21}, "explain_analyze_plan": {"Plan": {"Node Type": "Aggregate", "Strategy": "Plain", "Startup Cost": 76019.18, "Total Cost": 76019.19, "Plan Rows": 1, "Plan Width": 97, "Actual Startup Time": 1150.019, "Actual Total Time": 1150.02, "Actual Rows": 1, "Actual Loops": 1, "Plans": [{"Node Type": "Nested Loop", "Parent Relationship": "Outer", "Join Type": "Inner", "Startup Cost": 5982.08, "Total Cost": 76019.18, "Plan Rows": 1, "Plan Width": 33, "Actual Startup Time": 445.745, "Actual Total Time": 1149.979, "Actual Rows": 6, "Actual Loops": 1, "Inner Unique": true, "Plans": [{"Node Type": "Nested Loop", "Parent Relationship": "Outer", "Join Type": "Inner", "Startup Cost": 5982.08, "Total Cost": 76018.9, "Plan Rows": 1, "Plan Width": 37, "Actual Startup Time": 445.724, "Actual Total Time": 1149.932, "Actual Rows": 6, "Actual Loops": 1, "Inner Unique": true, "Plans": [{"Node Type": "Nested Loop", "Parent Relationship": "Outer", "Join Type": "Inner", "Startup Cost": 5982.08, "Total Cost": 76018.31, "Plan Rows": 1, "Plan Width": 45, "Actual Startup Time": 445.108, "Actual Total Time": 1148.889, "Actual Rows": 171, "Actual Loops": 1, "Inner Unique": false, "Plans": [{"Node Type": "Nested Loop", "Parent Relationship": "Outer", "Join Type": "Inner", "Startup Cost": 5982.08, "Total Cost": 76017.46, "Plan Rows": 1, "Plan Width": 25, "Actual Startup Time": 445.082, "Actual Total Time": 1148.012, "Actual Rows": 104, "Actual Loops": 1, "Inner Unique": false, "Join Filter": "(t.id = ci.movie_id)", "Rows Removed by Join Filter": 0, "Plans": [{"Node Type": "Nested Loop", "Parent Relationship": "Outer", "Join Type": "Inner", "Startup Cost": 5982.08, "Total Cost": 75961.68, "Plan Rows": 2, "Plan Width": 25, "Actual Startup Time": 445.02, "Actual Total Time": 1147.431, "Actual Rows": 4, "Actual Loops": 1, "Inner Unique": true, "Plans": [{"Node Type": "Hash Join", "Parent Relationship": "Outer", "Join Type": "Inner", "Startup Cost": 5982.08, "Total Cost": 73899.45, "Plan Rows": 262, "Plan Width": 4, "Actual Startup Time": 89.577, "Actual Total Time": 1092.318, "Actual Rows": 8495, "Actual Loops": 1, "Inner Unique": true, "Hash Cond": "(mc.company_id = cn.id)", "Plans": [{"Node Type": "Seq Scan", "Parent Relationship": "Outer", "Relation Name": "movie_companies", "Alias": "mc", "Startup Cost": 0.0, "Total Cost": 67908.56, "Plan Rows": 1652, "Plan Width": 8, "Actual Startup Time": 0.283, "Actual Total Time": 997.739, "Actual Rows": 8569, "Actual Loops": 1, "Filter": "(((note)::text ~~ '%(Japan)%'::text) AND ((note)::text !~~ '%(USA)%'::text) AND (((note)::text ~~ '%(2006)%'::text) OR ((note)::text ~~ '%(2007)%'::text)))", "Rows Removed by Filter": 2600559}, {"Node Type": "Hash", "Parent Relationship": "Inner", "Startup Cost": 5903.45, "Total Cost": 5903.45, "Plan Rows": 6290, "Plan Width": 4, "Actual Startup Time": 89.227, "Actual Total Time": 89.227, "Actual Rows": 6752, "Actual Loops": 1, "Hash Buckets": 32768, "Hash Batches": 1, "Original Hash Batches": 1, "Peak Memory Usage": 238, "Plans": [{"Node Type": "Seq Scan", "Parent Relationship": "Outer", "Relation Name": "company_name", "Alias": "cn", "Startup Cost": 0.0, "Total Cost": 5903.45, "Plan Rows": 6290, "Plan Width": 4, "Actual Startup Time": 0.03, "Actual Total Time": 86.954, "Actual Rows": 6752, "Actual Loops": 1, "Filter": "((country_code)::text = '[jp]'::text)", "Rows Removed by Filter": 228244}]}]}, {"Node Type": "Index Scan", "Parent Relationship": "Inner", "Scan Direction": "Forward", "Index Name": "title_pkey", "Relation Name": "title", "Alias": "t", "Startup Cost": 0.0, "Total Cost": 7.86, "Plan Rows": 1, "Plan Width": 21, "Actual Startup Time": 50.564, "Actual Total Time": 50.564, "Actual Rows": 4, "Actual Loops": 8495, "Index Cond": "(id = mc.movie_id)", "Rows Removed by Index Recheck": 0, "Filter": "((production_year >= 2006) AND (production_year <= 2007) AND (((title)::text ~~ 'One Piece%'::text) OR ((title)::text ~~ 'Dragon Ball Z%'::text)))", "Rows Removed by Filter": 8491}]}, {"Node Type": "Index Scan", "Parent Relationship": "Inner", "Scan Direction": "Forward", "Index Name": "movie_id_cast_info", "Relation Name": "cast_info", "Alias": "ci", "Startup Cost": 0.0, "Total Cost": 27.88, "Plan Rows": 1, "Plan Width": 12, "Actual Startup Time": 0.171, "Actual Total Time": 0.512, "Actual Rows": 104, "Actual Loops": 4, "Index Cond": "(movie_id = mc.movie_id)", "Rows Removed by Index Recheck": 0, "Filter": "((note)::text = '(voice: English version)'::text)", "Rows Removed by Filter": 68}]}, {"Node Type": "Index Scan", "Parent Relationship": "Inner", "Scan Direction": "Forward", "Index Name": "person_id_aka_name", "Relation Name": "aka_name", "Alias": "an", "Startup Cost": 0.0, "Total Cost": 0.84, "Plan Rows": 1, "Plan Width": 20, "Actual Startup Time": 0.648, "Actual Total Time": 0.763, "Actual Rows": 171, "Actual Loops": 104, "Index Cond": "(person_id = ci.person_id)", "Rows Removed by Index Recheck": 0}]}, {"Node Type": "Index Scan", "Parent Relationship": "Inner", "Scan Direction": "Forward", "Index Name": "name_pkey", "Relation Name": "name", "Alias": "n", "Startup Cost": 0.0, "Total Cost": 0.57, "Plan Rows": 1, "Plan Width": 4, "Actual Startup Time": 0.944, "Actual Total Time": 0.944, "Actual Rows": 6, "Actual Loops": 171, "Index Cond": "(id = an.person_id)", "Rows Removed by Index Recheck": 0, "Filter": "(((name)::text ~~ '%Yo%'::text) AND ((name)::text !~~ '%Yu%'::text))", "Rows Removed by Filter": 165}]}, {"Node Type": "Index Scan", "Parent Relationship": "Inner", "Scan Direction": "Forward", "Index Name": "role_type_pkey", "Relation Name": "role_type", "Alias": "rt", "Startup Cost": 0.0, "Total Cost": 0.27, "Plan Rows": 1, "Plan Width": 4, "Actual Startup Time": 0.031, "Actual Total Time": 0.031, "Actual Rows": 6, "Actual Loops": 6, "Index Cond": "(id = ci.role_id)", "Rows Removed by Index Recheck": 0, "Filter": "((role)::text = 'actress'::text)", "Rows Removed by Filter": 0}]}]}, "Triggers": [], "Planner Runtime": 21.278, "Total Runtime": 1150.324, "Unique SQL Id": 3956435728}}, "(1, '65')": {"explain_plan": {"Plan": {"Node Type": "Aggregate", "Strategy": "Plain", "Startup Cost": 84111.26, "Total Cost": 84111.27, "Plan Rows": 1, "Plan Width": 97, "Plans": [{"Node Type": "Nested Loop", "Parent Relationship": "Outer", "Join Type": "Inner", "Startup Cost": 0.0, "Total Cost": 84111.26, "Plan Rows": 1, "Plan Width": 33, "Inner Unique": true, "Plans": [{"Node Type": "Nested Loop", "Parent Relationship": "Outer", "Join Type": "Inner", "Startup Cost": 0.0, "Total Cost": 84110.97, "Plan Rows": 1, "Plan Width": 37, "Inner Unique": true, "Plans": [{"Node Type": "Nested Loop", "Parent Relationship": "Outer", "Join Type": "Inner", "Startup Cost": 0.0, "Total Cost": 84110.39, "Plan Rows": 1, "Plan Width": 45, "Inner Unique": false, "Plans": [{"Node Type": "Nested Loop", "Parent Relationship": "Outer", "Join Type": "Inner", "Startup Cost": 0.0, "Total Cost": 84109.54, "Plan Rows": 1, "Plan Width": 25, "Inner Unique": false, "Join Filter": "(t.id = ci.movie_id)", "Plans": [{"Node Type": "Nested Loop", "Parent Relationship": "Outer", "Join Type": "Inner", "Startup Cost": 0.0, "Total Cost": 84053.76, "Plan Rows": 2, "Plan Width": 25, "Inner Unique": true, "Plans": [{"Node Type": "Nested Loop", "Parent Relationship": "Outer", "Join Type": "Inner", "Startup Cost": 0.0, "Total Cost": 81991.53, "Plan Rows": 262, "Plan Width": 4, "Inner Unique": false, "Plans": [{"Node Type": "Index Scan", "Parent Relationship": "Outer", "Scan Direction": "Forward", "Index Name": "company_name_pkey", "Relation Name": "company_name", "Alias": "cn", "Startup Cost": 0.0, "Total Cost": 10501.39, "Plan Rows": 6290, "Plan Width": 4, "Filter": "((country_code)::text = '[jp]'::text)"}, {"Node Type": "Index Scan", "Parent Relationship": "Inner", "Scan Direction": "Forward", "Index Name": "company_id_movie_companies", "Relation Name": "movie_companies", "Alias": "mc", "Startup Cost": 0.0, "Total Cost": 11.36, "Plan Rows": 1, "Plan Width": 8, "Index Cond": "(company_id = cn.id)", "Filter": "(((note)::text ~~ '%(Japan)%'::text) AND ((note)::text !~~ '%(USA)%'::text) AND (((note)::text ~~ '%(2006)%'::text) OR ((note)::text ~~ '%(2007)%'::text)))"}]}, {"Node Type": "Index Scan", "Parent Relationship": "Inner", "Scan Direction": "Forward", "Index Name": "title_pkey", "Relation Name": "title", "Alias": "t", "Startup Cost": 0.0, "Total Cost": 7.86, "Plan Rows": 1, "Plan Width": 21, "Index Cond": "(id = mc.movie_id)", "Filter": "((production_year >= 2006) AND (production_year <= 2007) AND (((title)::text ~~ 'One Piece%'::text) OR ((title)::text ~~ 'Dragon Ball Z%'::text)))"}]}, {"Node Type": "Index Scan", "Parent Relationship": "Inner", "Scan Direction": "Forward", "Index Name": "movie_id_cast_info", "Relation Name": "cast_info", "Alias": "ci", "Startup Cost": 0.0, "Total Cost": 27.88, "Plan Rows": 1, "Plan Width": 12, "Index Cond": "(movie_id = mc.movie_id)", "Filter": "((note)::text = '(voice: English version)'::text)"}]}, {"Node Type": "Index Scan", "Parent Relationship": "Inner", "Scan Direction": "Forward", "Index Name": "person_id_aka_name", "Relation Name": "aka_name", "Alias": "an", "Startup Cost": 0.0, "Total Cost": 0.84, "Plan Rows": 1, "Plan Width": 20, "Index Cond": "(person_id = ci.person_id)"}]}, {"Node Type": "Index Scan", "Parent Relationship": "Inner", "Scan Direction": "Forward", "Index Name": "name_pkey", "Relation Name": "name", "Alias": "n", "Startup Cost": 0.0, "Total Cost": 0.57, "Plan Rows": 1, "Plan Width": 4, "Index Cond": "(id = an.person_id)", "Filter": "(((name)::text ~~ '%Yo%'::text) AND ((name)::text !~~ '%Yu%'::text))"}]}, {"Node Type": "Index Scan", "Parent Relationship": "Inner", "Scan Direction": "Forward", "Index Name": "role_type_pkey", "Relation Name": "role_type", "Alias": "rt", "Startup Cost": 0.0, "Total Cost": 0.27, "Plan Rows": 1, "Plan Width": 4, "Index Cond": "(id = ci.role_id)", "Filter": "((role)::text = 'actress'::text)"}]}]}, "Unique SQL Id": 3956435728, "Planner Runtime": 24}, "explain_analyze_plan": {"Plan": {"Node Type": "Aggregate", "Strategy": "Plain", "Startup Cost": 84111.26, "Total Cost": 84111.27, "Plan Rows": 1, "Plan Width": 97, "Actual Startup Time": 581.73, "Actual Total Time": 581.73, "Actual Rows": 1, "Actual Loops": 1, "Plans": [{"Node Type": "Nested Loop", "Parent Relationship": "Outer", "Join Type": "Inner", "Startup Cost": 0.0, "Total Cost": 84111.26, "Plan Rows": 1, "Plan Width": 33, "Actual Startup Time": 54.321, "Actual Total Time": 581.694, "Actual Rows": 6, "Actual Loops": 1, "Inner Unique": true, "Plans": [{"Node Type": "Nested Loop", "Parent Relationship": "Outer", "Join Type": "Inner", "Startup Cost": 0.0, "Total Cost": 84110.97, "Plan Rows": 1, "Plan Width": 37, "Actual Startup Time": 54.312, "Actual Total Time": 581.658, "Actual Rows": 6, "Actual Loops": 1, "Inner Unique": true, "Plans": [{"Node Type": "Nested Loop", "Parent Relationship": "Outer", "Join Type": "Inner", "Startup Cost": 0.0, "Total Cost": 84110.39, "Plan Rows": 1, "Plan Width": 45, "Actual Startup Time": 53.198, "Actual Total Time": 580.628, "Actual Rows": 171, "Actual Loops": 1, "Inner Unique": false, "Plans": [{"Node Type": "Nested Loop", "Parent Relationship": "Outer", "Join Type": "Inner", "Startup Cost": 0.0, "Total Cost": 84109.54, "Plan Rows": 1, "Plan Width": 25, "Actual Startup Time": 53.177, "Actual Total Time": 579.772, "Actual Rows": 104, "Actual Loops": 1, "Inner Unique": false, "Join Filter": "(t.id = ci.movie_id)", "Rows Removed by Join Filter": 0, "Plans": [{"Node Type": "Nested Loop", "Parent Relationship": "Outer", "Join Type": "Inner", "Startup Cost": 0.0, "Total Cost": 84053.76, "Plan Rows": 2, "Plan Width": 25, "Actual Startup Time": 53.042, "Actual Total Time": 579.227, "Actual Rows": 4, "Actual Loops": 1, "Inner Unique": true, "Plans": [{"Node Type": "Nested Loop", "Parent Relationship": "Outer", "Join Type": "Inner", "Startup Cost": 0.0, "Total Cost": 81991.53, "Plan Rows": 262, "Plan Width": 4, "Actual Startup Time": 0.312, "Actual Total Time": 518.839, "Actual Rows": 8495, "Actual Loops": 1, "Inner Unique": false, "Plans": [{"Node Type": "Index Scan", "Parent Relationship": "Outer", "Scan Direction": "Forward", "Index Name": "company_name_pkey", "Relation Name": "company_name", "Alias": "cn", "Startup Cost": 0.0, "Total Cost": 10501.39, "Plan Rows": 6290, "Plan Width": 4, "Actual Startup Time": 0.264, "Actual Total Time": 291.012, "Actual Rows": 6752, "Actual Loops": 1, "Filter": "((country_code)::text = '[jp]'::text)", "Rows Removed by Filter": 228244}, {"Node Type": "Index Scan", "Parent Relationship": "Inner", "Scan Direction": "Forward", "Index Name": "company_id_movie_companies", "Relation Name": "movie_companies", "Alias": "mc", "Startup Cost": 0.0, "Total Cost": 11.36, "Plan Rows": 1, "Plan Width": 8, "Actual Startup Time": 100.149, "Actual Total Time": 221.814, "Actual Rows": 8495, "Actual Loops": 6752, "Index Cond": "(company_id = cn.id)", "Rows Removed by Index Recheck": 0, "Filter": "(((note)::text ~~ '%(Japan)%'::text) AND ((note)::text !~~ '%(USA)%'::text) AND (((note)::text ~~ '%(2006)%'::text) OR ((note)::text ~~ '%(2007)%'::text)))", "Rows Removed by Filter": 96500}]}, {"Node Type": "Index Scan", "Parent Relationship": "Inner", "Scan Direction": "Forward", "Index Name": "title_pkey", "Relation Name": "title", "Alias": "t", "Startup Cost": 0.0, "Total Cost": 7.86, "Plan Rows": 1, "Plan Width": 21, "Actual Startup Time": 55.844, "Actual Total Time": 55.844, "Actual Rows": 4, "Actual Loops": 8495, "Index Cond": "(id = mc.movie_id)", "Rows Removed by Index Recheck": 0, "Filter": "((production_year >= 2006) AND (production_year <= 2007) AND (((title)::text ~~ 'One Piece%'::text) OR ((title)::text ~~ 'Dragon Ball Z%'::text)))", "Rows Removed by Filter": 8491}]}, {"Node Type": "Index Scan", "Parent Relationship": "Inner", "Scan Direction": "Forward", "Index Name": "movie_id_cast_info", "Relation Name": "cast_info", "Alias": "ci", "Startup Cost": 0.0, "Total Cost": 27.88, "Plan Rows": 1, "Plan Width": 12, "Actual Startup Time": 0.155, "Actual Total Time": 0.487, "Actual Rows": 104, "Actual Loops": 4, "Index Cond": "(movie_id = mc.movie_id)", "Rows Removed by Index Recheck": 0, "Filter": "((note)::text = '(voice: English version)'::text)", "Rows Removed by Filter": 68}]}, {"Node Type": "Index Scan", "Parent Relationship": "Inner", "Scan Direction": "Forward", "Index Name": "person_id_aka_name", "Relation Name": "aka_name", "Alias": "an", "Startup Cost": 0.0, "Total Cost": 0.84, "Plan Rows": 1, "Plan Width": 20, "Actual Startup Time": 0.629, "Actual Total Time": 0.74, "Actual Rows": 171, "Actual Loops": 104, "Index Cond": "(person_id = ci.person_id)", "Rows Removed by Index Recheck": 0}]}, {"Node Type": "Index Scan", "Parent Relationship": "Inner", "Scan Direction": "Forward", "Index Name": "name_pkey", "Relation Name": "name", "Alias": "n", "Startup Cost": 0.0, "Total Cost": 0.57, "Plan Rows": 1, "Plan Width": 4, "Actual Startup Time": 0.94, "Actual Total Time": 0.94, "Actual Rows": 6, "Actual Loops": 171, "Index Cond": "(id = an.person_id)", "Rows Removed by Index Recheck": 0, "Filter": "(((name)::text ~~ '%Yo%'::text) AND ((name)::text !~~ '%Yu%'::text))", "Rows Removed by Filter": 165}]}, {"Node Type": "Index Scan", "Parent Relationship": "Inner", "Scan Direction": "Forward", "Index Name": "role_type_pkey", "Relation Name": "role_type", "Alias": "rt", "Startup Cost": 0.0, "Total Cost": 0.27, "Plan Rows": 1, "Plan Width": 4, "Actual Startup Time": 0.022, "Actual Total Time": 0.022, "Actual Rows": 6, "Actual Loops": 6, "Index Cond": "(id = ci.role_id)", "Rows Removed by Index Recheck": 0, "Filter": "((role)::text = 'actress'::text)", "Rows Removed by Filter": 0}]}]}, "Triggers": [], "Planner Runtime": 25.043, "Total Runtime": 582.138, "Unique SQL Id": 3956435728}}, "(1, '66')": {"explain_plan": {"Plan": {"Node Type": "Aggregate", "Strategy": "Plain", "Startup Cost": 76052.36, "Total Cost": 76052.37, "Plan Rows": 1, "Plan Width": 97, "Plans": [{"Node Type": "Hash Join", "Parent Relationship": "Outer", "Join Type": "Inner", "Startup Cost": 5992.15, "Total Cost": 76052.36, "Plan Rows": 1, "Plan Width": 33, "Inner Unique": true, "Hash Cond": "(ci.role_id = rt.id)", "Plans": [{"Node Type": "Nested Loop", "Parent Relationship": "Outer", "Join Type": "Inner", "Startup Cost": 5990.99, "Total Cost": 76051.18, "Plan Rows": 1, "Plan Width": 37, "Inner Unique": true, "Plans": [{"Node Type": "Nested Loop", "Parent Relationship": "Outer", "Join Type": "Inner", "Startup Cost": 5990.66, "Total Cost": 76046.83, "Plan Rows": 1, "Plan Width": 45, "Inner Unique": false, "Plans": [{"Node Type": "Nested Loop", "Parent Relationship": "Outer", "Join Type": "Inner", "Startup Cost": 5990.28, "Total Cost": 76042.43, "Plan Rows": 1, "Plan Width": 25, "Inner Unique": false, "Join Filter": "(t.id = ci.movie_id)", "Plans": [{"Node Type": "Nested Loop", "Parent Relationship": "Outer", "Join Type": "Inner", "Startup Cost": 5986.01, "Total Cost": 75985.85, "Plan Rows": 2, "Plan Width": 25, "Inner Unique": true, "Plans": [{"Node Type": "Hash Join", "Parent Relationship": "Outer", "Join Type": "Inner", "Startup Cost": 5982.08, "Total Cost": 73899.45, "Plan Rows": 262, "Plan Width": 4, "Inner Unique": true, "Hash Cond": "(mc.company_id = cn.id)", "Plans": [{"Node Type": "Seq Scan", "Parent Relationship": "Outer", "Relation Name": "movie_companies", "Alias": "mc", "Startup Cost": 0.0, "Total Cost": 67908.56, "Plan Rows": 1652, "Plan Width": 8, "Filter": "(((note)::text ~~ '%(Japan)%'::text) AND ((note)::text !~~ '%(USA)%'::text) AND (((note)::text ~~ '%(2006)%'::text) OR ((note)::text ~~ '%(2007)%'::text)))"}, {"Node Type": "Hash", "Parent Relationship": "Inner", "Startup Cost": 5903.45, "Total Cost": 5903.45, "Plan Rows": 6290, "Plan Width": 4, "Plans": [{"Node Type": "Seq Scan", "Parent Relationship": "Outer", "Relation Name": "company_name", "Alias": "cn", "Startup Cost": 0.0, "Total Cost": 5903.45, "Plan Rows": 6290, "Plan Width": 4, "Filter": "((country_code)::text = '[jp]'::text)"}]}]}, {"Node Type": "Bitmap Heap Scan", "Parent Relationship": "Inner", "Relation Name": "title", "Alias": "t", "Startup Cost": 3.93, "Total Cost": 7.95, "Plan Rows": 1, "Plan Width": 21, "Recheck Cond": "(id = mc.movie_id)", "Filter": "((production_year >= 2006) AND (production_year <= 2007) AND (((title)::text ~~ 'One Piece%'::text) OR ((title)::text ~~ 'Dragon Ball Z%'::text)))", "Plans": [{"Node Type": "Bitmap Index Scan", "Parent Relationship": "Outer", "Index Name": "title_pkey", "Startup Cost": 0.0, "Total Cost": 3.93, "Plan Rows": 1, "Plan Width": 0, "Index Cond": "(id = mc.movie_id)"}]}]}, {"Node Type": "Bitmap Heap Scan", "Parent Relationship": "Inner", "Relation Name": "cast_info", "Alias": "ci", "Startup Cost": 4.27, "Total Cost": 28.27, "Plan Rows": 1, "Plan Width": 12, "Recheck Cond": "(movie_id = mc.movie_id)", "Filter": "((note)::text = '(voice: English version)'::text)", "Plans": [{"Node Type": "Bitmap Index Scan", "Parent Relationship": "Outer", "Index Name": "movie_id_cast_info", "Startup Cost": 0.0, "Total Cost": 4.27, "Plan Rows": 6, "Plan Width": 0, "Index Cond": "(movie_id = mc.movie_id)"}]}]}, {"Node Type": "Bitmap Heap Scan", "Parent Relationship": "Inner", "Relation Name": "aka_name", "Alias": "an", "Startup Cost": 0.38, "Total Cost": 4.39, "Plan Rows": 1, "Plan Width": 20, "Recheck Cond": "(person_id = ci.person_id)", "Plans": [{"Node Type": "Bitmap Index Scan", "Parent Relationship": "Outer", "Index Name": "person_id_aka_name", "Startup Cost": 0.0, "Total Cost": 0.38, "Plan Rows": 1, "Plan Width": 0, "Index Cond": "(person_id = ci.person_id)"}]}]}, {"Node Type": "Bitmap Heap Scan", "Parent Relationship": "Inner", "Relation Name": "name", "Alias": "n", "Startup Cost": 0.33, "Total Cost": 4.34, "Plan Rows": 1, "Plan Width": 4, "Recheck Cond": "(id = an.person_id)", "Filter": "(((name)::text ~~ '%Yo%'::text) AND ((name)::text !~~ '%Yu%'::text))", "Plans": [{"Node Type": "Bitmap Index Scan", "Parent Relationship": "Outer", "Index Name": "name_pkey", "Startup Cost": 0.0, "Total Cost": 0.33, "Plan Rows": 1, "Plan Width": 0, "Index Cond": "(id = an.person_id)"}]}]}, {"Node Type": "Hash", "Parent Relationship": "Inner", "Startup Cost": 1.15, "Total Cost": 1.15, "Plan Rows": 1, "Plan Width": 4, "Plans": [{"Node Type": "Seq Scan", "Parent Relationship": "Outer", "Relation Name": "role_type", "Alias": "rt", "Startup Cost": 0.0, "Total Cost": 1.15, "Plan Rows": 1, "Plan Width": 4, "Filter": "((role)::text = 'actress'::text)"}]}]}]}, "Unique SQL Id": 3956435728, "Planner Runtime": 24}, "explain_analyze_plan": {"Plan": {"Node Type": "Aggregate", "Strategy": "Plain", "Startup Cost": 76052.36, "Total Cost": 76052.37, "Plan Rows": 1, "Plan Width": 97, "Actual Startup Time": 1108.479, "Actual Total Time": 1108.48, "Actual Rows": 1, "Actual Loops": 1, "Plans": [{"Node Type": "Hash Join", "Parent Relationship": "Outer", "Join Type": "Inner", "Startup Cost": 5992.15, "Total Cost": 76052.36, "Plan Rows": 1, "Plan Width": 33, "Actual Startup Time": 431.009, "Actual Total Time": 1108.429, "Actual Rows": 6, "Actual Loops": 1, "Inner Unique": true, "Hash Cond": "(ci.role_id = rt.id)", "Plans": [{"Node Type": "Nested Loop", "Parent Relationship": "Outer", "Join Type": "Inner", "Startup Cost": 5990.99, "Total Cost": 76051.18, "Plan Rows": 1, "Plan Width": 37, "Actual Startup Time": 430.918, "Actual Total Time": 1108.327, "Actual Rows": 6, "Actual Loops": 1, "Inner Unique": true, "Plans": [{"Node Type": "Nested Loop", "Parent Relationship": "Outer", "Join Type": "Inner", "Startup Cost": 5990.66, "Total Cost": 76046.83, "Plan Rows": 1, "Plan Width": 45, "Actual Startup Time": 430.355, "Actual Total Time": 1107.106, "Actual Rows": 171, "Actual Loops": 1, "Inner Unique": false, "Plans": [{"Node Type": "Nested Loop", "Parent Relationship": "Outer", "Join Type": "Inner", "Startup Cost": 5990.28, "Total Cost": 76042.43, "Plan Rows": 1, "Plan Width": 25, "Actual Startup Time": 430.329, "Actual Total Time": 1106.077, "Actual Rows": 104, "Actual Loops": 1, "Inner Unique": false, "Join Filter": "(t.id = ci.movie_id)", "Rows Removed by Join Filter": 0, "Plans": [{"Node Type": "Nested Loop", "Parent Relationship": "Outer", "Join Type": "Inner", "Startup Cost": 5986.01, "Total Cost": 75985.85, "Plan Rows": 2, "Plan Width": 25, "Actual Startup Time": 430.27, "Actual Total Time": 1105.429, "Actual Rows": 4, "Actual Loops": 1, "Inner Unique": true, "Plans": [{"Node Type": "Hash Join", "Parent Relationship": "Outer", "Join Type": "Inner", "Startup Cost": 5982.08, "Total Cost": 73899.45, "Plan Rows": 262, "Plan Width": 4, "Actual Startup Time": 83.166, "Actual Total Time": 1046.518, "Actual Rows": 8495, "Actual Loops": 1, "Inner Unique": true, "Hash Cond": "(mc.company_id = cn.id)", "Plans": [{"Node Type": "Seq Scan", "Parent Relationship": "Outer", "Relation Name": "movie_companies", "Alias": "mc", "Startup Cost": 0.0, "Total Cost": 67908.56, "Plan Rows": 1652, "Plan Width": 8, "Actual Startup Time": 0.246, "Actual Total Time": 958.005, "Actual Rows": 8569, "Actual Loops": 1, "Filter": "(((note)::text ~~ '%(Japan)%'::text) AND ((note)::text !~~ '%(USA)%'::text) AND (((note)::text ~~ '%(2006)%'::text) OR ((note)::text ~~ '%(2007)%'::text)))", "Rows Removed by Filter": 2600559}, {"Node Type": "Hash", "Parent Relationship": "Inner", "Startup Cost": 5903.45, "Total Cost": 5903.45, "Plan Rows": 6290, "Plan Width": 4, "Actual Startup Time": 82.868, "Actual Total Time": 82.868, "Actual Rows": 6752, "Actual Loops": 1, "Hash Buckets": 32768, "Hash Batches": 1, "Original Hash Batches": 1, "Peak Memory Usage": 238, "Plans": [{"Node Type": "Seq Scan", "Parent Relationship": "Outer", "Relation Name": "company_name", "Alias": "cn", "Startup Cost": 0.0, "Total Cost": 5903.45, "Plan Rows": 6290, "Plan Width": 4, "Actual Startup Time": 0.026, "Actual Total Time": 80.761, "Actual Rows": 6752, "Actual Loops": 1, "Filter": "((country_code)::text = '[jp]'::text)", "Rows Removed by Filter": 228244}]}]}, {"Node Type": "Bitmap Heap Scan", "Parent Relationship": "Inner", "Relation Name": "title", "Alias": "t", "Startup Cost": 3.93, "Total Cost": 7.95, "Plan Rows": 1, "Plan Width": 21, "Actual Startup Time": 48.551, "Actual Total Time": 48.551, "Actual Rows": 4, "Actual Loops": 8495, "Recheck Cond": "(id = mc.movie_id)", "Rows Removed by Index Recheck": 0, "Filter": "((production_year >= 2006) AND (production_year <= 2007) AND (((title)::text ~~ 'One Piece%'::text) OR ((title)::text ~~ 'Dragon Ball Z%'::text)))", "Rows Removed by Filter": 8491, "Exact Heap Blocks": 8495, "Lossy Heap Blocks": 8495, "Plans": [{"Node Type": "Bitmap Index Scan", "Parent Relationship": "Outer", "Index Name": "title_pkey", "Startup Cost": 0.0, "Total Cost": 3.93, "Plan Rows": 1, "Plan Width": 0, "Actual Startup Time": 25.056, "Actual Total Time": 25.056, "Actual Rows": 8495, "Actual Loops": 8495, "Index Cond": "(id = mc.movie_id)"}]}]}, {"Node Type": "Bitmap Heap Scan", "Parent Relationship": "Inner", "Relation Name": "cast_info", "Alias": "ci", "Startup Cost": 4.27, "Total Cost": 28.27, "Plan Rows": 1, "Plan Width": 12, "Actual Startup Time": 0.251, "Actual Total Time": 0.577, "Actual Rows": 104, "Actual Loops": 4, "Recheck Cond": "(movie_id = mc.movie_id)", "Rows Removed by Index Recheck": 0, "Filter": "((note)::text = '(voice: English version)'::text)", "Rows Removed by Filter": 68, "Exact Heap Blocks": 133, "Lossy Heap Blocks": 133, "Plans": [{"Node Type": "Bitmap Index Scan", "Parent Relationship": "Outer", "Index Name": "movie_id_cast_info", "Startup Cost": 0.0, "Total Cost": 4.27, "Plan Rows": 6, "Plan Width": 0, "Actual Startup Time": 0.077, "Actual Total Time": 0.077, "Actual Rows": 172, "Actual Loops": 4, "Index Cond": "(movie_id = mc.movie_id)"}]}]}, {"Node Type": "Bitmap Heap Scan", "Parent Relationship": "Inner", "Relation Name": "aka_name", "Alias": "an", "Startup Cost": 0.38, "Total Cost": 4.39, "Plan Rows": 1, "Plan Width": 20, "Actual Startup Time": 0.768, "Actual Total Time": 0.849, "Actual Rows": 171, "Actual Loops": 104, "Recheck Cond": "(person_id = ci.person_id)", "Rows Removed by Index Recheck": 0, "Exact Heap Blocks": 105, "Lossy Heap Blocks": 105, "Plans": [{"Node Type": "Bitmap Index Scan", "Parent Relationship": "Outer", "Index Name": "person_id_aka_name", "Startup Cost": 0.0, "Total Cost": 0.38, "Plan Rows": 1, "Plan Width": 0, "Actual Startup Time": 0.514, "Actual Total Time": 0.514, "Actual Rows": 171, "Actual Loops": 104, "Index Cond": "(person_id = ci.person_id)"}]}]}, {"Node Type": "Bitmap Heap Scan", "Parent Relationship": "Inner", "Relation Name": "name", "Alias": "n", "Startup Cost": 0.33, "Total Cost": 4.34, "Plan Rows": 1, "Plan Width": 4, "Actual Startup Time": 1.006, "Actual Total Time": 1.006, "Actual Rows": 6, "Actual Loops": 171, "Recheck Cond": "(id = an.person_id)", "Rows Removed by Index Recheck": 0, "Filter": "(((name)::text ~~ '%Yo%'::text) AND ((name)::text !~~ '%Yu%'::text))", "Rows Removed by Filter": 165, "Exact Heap Blocks": 171, "Lossy Heap Blocks": 171, "Plans": [{"Node Type": "Bitmap Index Scan", "Parent Relationship": "Outer", "Index Name": "name_pkey", "Startup Cost": 0.0, "Total Cost": 0.33, "Plan Rows": 1, "Plan Width": 0, "Actual Startup Time": 0.616, "Actual Total Time": 0.616, "Actual Rows": 171, "Actual Loops": 171, "Index Cond": "(id = an.person_id)"}]}]}, {"Node Type": "Hash", "Parent Relationship": "Inner", "Startup Cost": 1.15, "Total Cost": 1.15, "Plan Rows": 1, "Plan Width": 4, "Actual Startup Time": 0.042, "Actual Total Time": 0.042, "Actual Rows": 1, "Actual Loops": 1, "Hash Buckets": 32768, "Hash Batches": 1, "Original Hash Batches": 1, "Peak Memory Usage": 1, "Plans": [{"Node Type": "Seq Scan", "Parent Relationship": "Outer", "Relation Name": "role_type", "Alias": "rt", "Startup Cost": 0.0, "Total Cost": 1.15, "Plan Rows": 1, "Plan Width": 4, "Actual Startup Time": 0.027, "Actual Total Time": 0.031, "Actual Rows": 1, "Actual Loops": 1, "Filter": "((role)::text = 'actress'::text)", "Rows Removed by Filter": 11}]}]}]}, "Triggers": [], "Planner Runtime": 24.749, "Total Runtime": 1108.773, "Unique SQL Id": 3956435728}}, "(1, '67')": {"explain_plan": {"Plan": {"Node Type": "Aggregate", "Strategy": "Plain", "Startup Cost": 1000012201008.67, "Total Cost": 1000012201008.68, "Plan Rows": 1, "Plan Width": 97, "Plans": [{"Node Type": "Nested Loop", "Parent Relationship": "Outer", "Join Type": "Inner", "Startup Cost": 10000000004.12, "Total Cost": 1000012201008.67, "Plan Rows": 1, "Plan Width": 33, "Inner Unique": true, "Plans": [{"Node Type": "Nested Loop", "Parent Relationship": "Outer", "Join Type": "Inner", "Startup Cost": 10000000003.79, "Total Cost": 1000012201004.31, "Plan Rows": 1, "Plan Width": 41, "Inner Unique": true, "Plans": [{"Node Type": "Nested Loop", "Parent Relationship": "Outer", "Join Type": "Inner", "Startup Cost": 10000000003.54, "Total Cost": 1000012201000.03, "Plan Rows": 1, "Plan Width": 45, "Inner Unique": true, "Plans": [{"Node Type": "Nested Loop", "Parent Relationship": "Outer", "Join Type": "Inner", "Startup Cost": 10000000002.31, "Total Cost": 1000012200994.77, "Plan Rows": 1, "Plan Width": 49, "Inner Unique": false, "Plans": [{"Node Type": "Nested Loop", "Parent Relationship": "Outer", "Join Type": "Inner", "Startup Cost": 10000000001.65, "Total Cost": 1000012200744.81, "Plan Rows": 53, "Plan Width": 53, "Inner Unique": true, "Plans": [{"Node Type": "Nested Loop", "Parent Relationship": "Outer", "Join Type": "Inner", "Startup Cost": 10000000001.0, "Total Cost": 1000011659757.19, "Plan Rows": 115768, "Plan Width": 32, "Inner Unique": false, "Plans": [{"Node Type": "Index Scan", "Parent Relationship": "Outer", "Scan Direction": "Forward", "Index Name": "person_id_aka_name", "Relation Name": "aka_name", "Alias": "an", "Startup Cost": 10000000000.0, "Total Cost": 1000006896503.43, "Plan Rows": 901342, "Plan Width": 20}, {"Node Type": "Bitmap Heap Scan", "Parent Relationship": "Inner", "Relation Name": "cast_info", "Alias": "ci", "Startup Cost": 1.0, "Total Cost": 5.27, "Plan Rows": 1, "Plan Width": 12, "Recheck Cond": "(person_id = an.person_id)", "Filter": "((note)::text = '(voice: English version)'::text)", "Plans": [{"Node Type": "Bitmap Index Scan", "Parent Relationship": "Outer", "Index Name": "person_id_cast_info", "Startup Cost": 0.0, "Total Cost": 1.0, "Plan Rows": 18, "Plan Width": 0, "Index Cond": "(person_id = an.person_id)"}]}]}, {"Node Type": "Bitmap Heap Scan", "Parent Relationship": "Inner", "Relation Name": "title", "Alias": "t", "Startup Cost": 0.64, "Total Cost": 4.66, "Plan Rows": 1, "Plan Width": 21, "Recheck Cond": "(id = ci.movie_id)", "Filter": "((production_year >= 2006) AND (production_year <= 2007) AND (((title)::text ~~ 'One Piece%'::text) OR ((title)::text ~~ 'Dragon Ball Z%'::text)))", "Plans": [{"Node Type": "Bitmap Index Scan", "Parent Relationship": "Outer", "Index Name": "title_pkey", "Startup Cost": 0.0, "Total Cost": 0.64, "Plan Rows": 1, "Plan Width": 0, "Index Cond": "(id = ci.movie_id)"}]}]}, {"Node Type": "Bitmap Heap Scan", "Parent Relationship": "Inner", "Relation Name": "movie_companies", "Alias": "mc", "Startup Cost": 0.66, "Total Cost": 4.71, "Plan Rows": 1, "Plan Width": 8, "Recheck Cond": "(movie_id = ci.movie_id)", "Filter": "(((note)::text ~~ '%(Japan)%'::text) AND ((note)::text !~~ '%(USA)%'::text) AND (((note)::text ~~ '%(2006)%'::text) OR ((note)::text ~~ '%(2007)%'::text)))", "Plans": [{"Node Type": "Bitmap Index Scan", "Parent Relationship": "Outer", "Index Name": "movie_id_movie_companies", "Startup Cost": 0.0, "Total Cost": 0.66, "Plan Rows": 2, "Plan Width": 0, "Index Cond": "(movie_id = ci.movie_id)"}]}]}, {"Node Type": "Bitmap Heap Scan", "Parent Relationship": "Inner", "Relation Name": "company_name", "Alias": "cn", "Startup Cost": 1.23, "Total Cost": 5.24, "Plan Rows": 1, "Plan Width": 4, "Recheck Cond": "(id = mc.company_id)", "Filter": "((country_code)::text = '[jp]'::text)", "Plans": [{"Node Type": "Bitmap Index Scan", "Parent Relationship": "Outer", "Index Name": "company_name_pkey", "Startup Cost": 0.0, "Total Cost": 1.23, "Plan Rows": 1, "Plan Width": 0, "Index Cond": "(id = mc.company_id)"}]}]}, {"Node Type": "Bitmap Heap Scan", "Parent Relationship": "Inner", "Relation Name": "role_type", "Alias": "rt", "Startup Cost": 0.26, "Total Cost": 4.27, "Plan Rows": 1, "Plan Width": 4, "Recheck Cond": "(id = ci.role_id)", "Filter": "((role)::text = 'actress'::text)", "Plans": [{"Node Type": "Bitmap Index Scan", "Parent Relationship": "Outer", "Index Name": "role_type_pkey", "Startup Cost": 0.0, "Total Cost": 0.26, "Plan Rows": 1, "Plan Width": 0, "Index Cond": "(id = ci.role_id)"}]}]}, {"Node Type": "Bitmap Heap Scan", "Parent Relationship": "Inner", "Relation Name": "name", "Alias": "n", "Startup Cost": 0.33, "Total Cost": 4.34, "Plan Rows": 1, "Plan Width": 4, "Recheck Cond": "(id = an.person_id)", "Filter": "(((name)::text ~~ '%Yo%'::text) AND ((name)::text !~~ '%Yu%'::text))", "Plans": [{"Node Type": "Bitmap Index Scan", "Parent Relationship": "Outer", "Index Name": "name_pkey", "Startup Cost": 0.0, "Total Cost": 0.33, "Plan Rows": 1, "Plan Width": 0, "Index Cond": "(id = an.person_id)"}]}]}]}, "Unique SQL Id": 3956435728, "Planner Runtime": 10}, "explain_analyze_plan": null}, "(1, '68')": {"explain_plan": {"Plan": {"Node Type": "Aggregate", "Strategy": "Plain", "Startup Cost": 76019.18, "Total Cost": 76019.19, "Plan Rows": 1, "Plan Width": 97, "Plans": [{"Node Type": "Nested Loop", "Parent Relationship": "Outer", "Join Type": "Inner", "Startup Cost": 5982.08, "Total Cost": 76019.18, "Plan Rows": 1, "Plan Width": 33, "Inner Unique": true, "Plans": [{"Node Type": "Nested Loop", "Parent Relationship": "Outer", "Join Type": "Inner", "Startup Cost": 5982.08, "Total Cost": 76018.9, "Plan Rows": 1, "Plan Width": 37, "Inner Unique": true, "Plans": [{"Node Type": "Nested Loop", "Parent Relationship": "Outer", "Join Type": "Inner", "Startup Cost": 5982.08, "Total Cost": 76018.31, "Plan Rows": 1, "Plan Width": 45, "Inner Unique": false, "Plans": [{"Node Type": "Nested Loop", "Parent Relationship": "Outer", "Join Type": "Inner", "Startup Cost": 5982.08, "Total Cost": 76017.46, "Plan Rows": 1, "Plan Width": 25, "Inner Unique": false, "Join Filter": "(t.id = ci.movie_id)", "Plans": [{"Node Type": "Nested Loop", "Parent Relationship": "Outer", "Join Type": "Inner", "Startup Cost": 5982.08, "Total Cost": 75961.68, "Plan Rows": 2, "Plan Width": 25, "Inner Unique": true, "Plans": [{"Node Type": "Hash Join", "Parent Relationship": "Outer", "Join Type": "Inner", "Startup Cost": 5982.08, "Total Cost": 73899.45, "Plan Rows": 262, "Plan Width": 4, "Inner Unique": true, "Hash Cond": "(mc.company_id = cn.id)", "Plans": [{"Node Type": "Seq Scan", "Parent Relationship": "Outer", "Relation Name": "movie_companies", "Alias": "mc", "Startup Cost": 0.0, "Total Cost": 67908.56, "Plan Rows": 1652, "Plan Width": 8, "Filter": "(((note)::text ~~ '%(Japan)%'::text) AND ((note)::text !~~ '%(USA)%'::text) AND (((note)::text ~~ '%(2006)%'::text) OR ((note)::text ~~ '%(2007)%'::text)))"}, {"Node Type": "Hash", "Parent Relationship": "Inner", "Startup Cost": 5903.45, "Total Cost": 5903.45, "Plan Rows": 6290, "Plan Width": 4, "Plans": [{"Node Type": "Seq Scan", "Parent Relationship": "Outer", "Relation Name": "company_name", "Alias": "cn", "Startup Cost": 0.0, "Total Cost": 5903.45, "Plan Rows": 6290, "Plan Width": 4, "Filter": "((country_code)::text = '[jp]'::text)"}]}]}, {"Node Type": "Index Scan", "Parent Relationship": "Inner", "Scan Direction": "Forward", "Index Name": "title_pkey", "Relation Name": "title", "Alias": "t", "Startup Cost": 0.0, "Total Cost": 7.86, "Plan Rows": 1, "Plan Width": 21, "Index Cond": "(id = mc.movie_id)", "Filter": "((production_year >= 2006) AND (production_year <= 2007) AND (((title)::text ~~ 'One Piece%'::text) OR ((title)::text ~~ 'Dragon Ball Z%'::text)))"}]}, {"Node Type": "Index Scan", "Parent Relationship": "Inner", "Scan Direction": "Forward", "Index Name": "movie_id_cast_info", "Relation Name": "cast_info", "Alias": "ci", "Startup Cost": 0.0, "Total Cost": 27.88, "Plan Rows": 1, "Plan Width": 12, "Index Cond": "(movie_id = mc.movie_id)", "Filter": "((note)::text = '(voice: English version)'::text)"}]}, {"Node Type": "Index Scan", "Parent Relationship": "Inner", "Scan Direction": "Forward", "Index Name": "person_id_aka_name", "Relation Name": "aka_name", "Alias": "an", "Startup Cost": 0.0, "Total Cost": 0.84, "Plan Rows": 1, "Plan Width": 20, "Index Cond": "(person_id = ci.person_id)"}]}, {"Node Type": "Index Scan", "Parent Relationship": "Inner", "Scan Direction": "Forward", "Index Name": "name_pkey", "Relation Name": "name", "Alias": "n", "Startup Cost": 0.0, "Total Cost": 0.57, "Plan Rows": 1, "Plan Width": 4, "Index Cond": "(id = an.person_id)", "Filter": "(((name)::text ~~ '%Yo%'::text) AND ((name)::text !~~ '%Yu%'::text))"}]}, {"Node Type": "Index Scan", "Parent Relationship": "Inner", "Scan Direction": "Forward", "Index Name": "role_type_pkey", "Relation Name": "role_type", "Alias": "rt", "Startup Cost": 0.0, "Total Cost": 0.27, "Plan Rows": 1, "Plan Width": 4, "Index Cond": "(id = ci.role_id)", "Filter": "((role)::text = 'actress'::text)"}]}]}, "Unique SQL Id": 3956435728, "Planner Runtime": 21}, "explain_analyze_plan": {"Plan": {"Node Type": "Aggregate", "Strategy": "Plain", "Startup Cost": 76019.18, "Total Cost": 76019.19, "Plan Rows": 1, "Plan Width": 97, "Actual Startup Time": 1150.019, "Actual Total Time": 1150.02, "Actual Rows": 1, "Actual Loops": 1, "Plans": [{"Node Type": "Nested Loop", "Parent Relationship": "Outer", "Join Type": "Inner", "Startup Cost": 5982.08, "Total Cost": 76019.18, "Plan Rows": 1, "Plan Width": 33, "Actual Startup Time": 445.745, "Actual Total Time": 1149.979, "Actual Rows": 6, "Actual Loops": 1, "Inner Unique": true, "Plans": [{"Node Type": "Nested Loop", "Parent Relationship": "Outer", "Join Type": "Inner", "Startup Cost": 5982.08, "Total Cost": 76018.9, "Plan Rows": 1, "Plan Width": 37, "Actual Startup Time": 445.724, "Actual Total Time": 1149.932, "Actual Rows": 6, "Actual Loops": 1, "Inner Unique": true, "Plans": [{"Node Type": "Nested Loop", "Parent Relationship": "Outer", "Join Type": "Inner", "Startup Cost": 5982.08, "Total Cost": 76018.31, "Plan Rows": 1, "Plan Width": 45, "Actual Startup Time": 445.108, "Actual Total Time": 1148.889, "Actual Rows": 171, "Actual Loops": 1, "Inner Unique": false, "Plans": [{"Node Type": "Nested Loop", "Parent Relationship": "Outer", "Join Type": "Inner", "Startup Cost": 5982.08, "Total Cost": 76017.46, "Plan Rows": 1, "Plan Width": 25, "Actual Startup Time": 445.082, "Actual Total Time": 1148.012, "Actual Rows": 104, "Actual Loops": 1, "Inner Unique": false, "Join Filter": "(t.id = ci.movie_id)", "Rows Removed by Join Filter": 0, "Plans": [{"Node Type": "Nested Loop", "Parent Relationship": "Outer", "Join Type": "Inner", "Startup Cost": 5982.08, "Total Cost": 75961.68, "Plan Rows": 2, "Plan Width": 25, "Actual Startup Time": 445.02, "Actual Total Time": 1147.431, "Actual Rows": 4, "Actual Loops": 1, "Inner Unique": true, "Plans": [{"Node Type": "Hash Join", "Parent Relationship": "Outer", "Join Type": "Inner", "Startup Cost": 5982.08, "Total Cost": 73899.45, "Plan Rows": 262, "Plan Width": 4, "Actual Startup Time": 89.577, "Actual Total Time": 1092.318, "Actual Rows": 8495, "Actual Loops": 1, "Inner Unique": true, "Hash Cond": "(mc.company_id = cn.id)", "Plans": [{"Node Type": "Seq Scan", "Parent Relationship": "Outer", "Relation Name": "movie_companies", "Alias": "mc", "Startup Cost": 0.0, "Total Cost": 67908.56, "Plan Rows": 1652, "Plan Width": 8, "Actual Startup Time": 0.283, "Actual Total Time": 997.739, "Actual Rows": 8569, "Actual Loops": 1, "Filter": "(((note)::text ~~ '%(Japan)%'::text) AND ((note)::text !~~ '%(USA)%'::text) AND (((note)::text ~~ '%(2006)%'::text) OR ((note)::text ~~ '%(2007)%'::text)))", "Rows Removed by Filter": 2600559}, {"Node Type": "Hash", "Parent Relationship": "Inner", "Startup Cost": 5903.45, "Total Cost": 5903.45, "Plan Rows": 6290, "Plan Width": 4, "Actual Startup Time": 89.227, "Actual Total Time": 89.227, "Actual Rows": 6752, "Actual Loops": 1, "Hash Buckets": 32768, "Hash Batches": 1, "Original Hash Batches": 1, "Peak Memory Usage": 238, "Plans": [{"Node Type": "Seq Scan", "Parent Relationship": "Outer", "Relation Name": "company_name", "Alias": "cn", "Startup Cost": 0.0, "Total Cost": 5903.45, "Plan Rows": 6290, "Plan Width": 4, "Actual Startup Time": 0.03, "Actual Total Time": 86.954, "Actual Rows": 6752, "Actual Loops": 1, "Filter": "((country_code)::text = '[jp]'::text)", "Rows Removed by Filter": 228244}]}]}, {"Node Type": "Index Scan", "Parent Relationship": "Inner", "Scan Direction": "Forward", "Index Name": "title_pkey", "Relation Name": "title", "Alias": "t", "Startup Cost": 0.0, "Total Cost": 7.86, "Plan Rows": 1, "Plan Width": 21, "Actual Startup Time": 50.564, "Actual Total Time": 50.564, "Actual Rows": 4, "Actual Loops": 8495, "Index Cond": "(id = mc.movie_id)", "Rows Removed by Index Recheck": 0, "Filter": "((production_year >= 2006) AND (production_year <= 2007) AND (((title)::text ~~ 'One Piece%'::text) OR ((title)::text ~~ 'Dragon Ball Z%'::text)))", "Rows Removed by Filter": 8491}]}, {"Node Type": "Index Scan", "Parent Relationship": "Inner", "Scan Direction": "Forward", "Index Name": "movie_id_cast_info", "Relation Name": "cast_info", "Alias": "ci", "Startup Cost": 0.0, "Total Cost": 27.88, "Plan Rows": 1, "Plan Width": 12, "Actual Startup Time": 0.171, "Actual Total Time": 0.512, "Actual Rows": 104, "Actual Loops": 4, "Index Cond": "(movie_id = mc.movie_id)", "Rows Removed by Index Recheck": 0, "Filter": "((note)::text = '(voice: English version)'::text)", "Rows Removed by Filter": 68}]}, {"Node Type": "Index Scan", "Parent Relationship": "Inner", "Scan Direction": "Forward", "Index Name": "person_id_aka_name", "Relation Name": "aka_name", "Alias": "an", "Startup Cost": 0.0, "Total Cost": 0.84, "Plan Rows": 1, "Plan Width": 20, "Actual Startup Time": 0.648, "Actual Total Time": 0.763, "Actual Rows": 171, "Actual Loops": 104, "Index Cond": "(person_id = ci.person_id)", "Rows Removed by Index Recheck": 0}]}, {"Node Type": "Index Scan", "Parent Relationship": "Inner", "Scan Direction": "Forward", "Index Name": "name_pkey", "Relation Name": "name", "Alias": "n", "Startup Cost": 0.0, "Total Cost": 0.57, "Plan Rows": 1, "Plan Width": 4, "Actual Startup Time": 0.944, "Actual Total Time": 0.944, "Actual Rows": 6, "Actual Loops": 171, "Index Cond": "(id = an.person_id)", "Rows Removed by Index Recheck": 0, "Filter": "(((name)::text ~~ '%Yo%'::text) AND ((name)::text !~~ '%Yu%'::text))", "Rows Removed by Filter": 165}]}, {"Node Type": "Index Scan", "Parent Relationship": "Inner", "Scan Direction": "Forward", "Index Name": "role_type_pkey", "Relation Name": "role_type", "Alias": "rt", "Startup Cost": 0.0, "Total Cost": 0.27, "Plan Rows": 1, "Plan Width": 4, "Actual Startup Time": 0.031, "Actual Total Time": 0.031, "Actual Rows": 6, "Actual Loops": 6, "Index Cond": "(id = ci.role_id)", "Rows Removed by Index Recheck": 0, "Filter": "((role)::text = 'actress'::text)", "Rows Removed by Filter": 0}]}]}, "Triggers": [], "Planner Runtime": 21.278, "Total Runtime": 1150.324, "Unique SQL Id": 3956435728}}, "(1, '69')": {"explain_plan": {"Plan": {"Node Type": "Aggregate", "Strategy": "Plain", "Startup Cost": 84111.26, "Total Cost": 84111.27, "Plan Rows": 1, "Plan Width": 97, "Plans": [{"Node Type": "Nested Loop", "Parent Relationship": "Outer", "Join Type": "Inner", "Startup Cost": 0.0, "Total Cost": 84111.26, "Plan Rows": 1, "Plan Width": 33, "Inner Unique": true, "Plans": [{"Node Type": "Nested Loop", "Parent Relationship": "Outer", "Join Type": "Inner", "Startup Cost": 0.0, "Total Cost": 84110.97, "Plan Rows": 1, "Plan Width": 37, "Inner Unique": true, "Plans": [{"Node Type": "Nested Loop", "Parent Relationship": "Outer", "Join Type": "Inner", "Startup Cost": 0.0, "Total Cost": 84110.39, "Plan Rows": 1, "Plan Width": 45, "Inner Unique": false, "Plans": [{"Node Type": "Nested Loop", "Parent Relationship": "Outer", "Join Type": "Inner", "Startup Cost": 0.0, "Total Cost": 84109.54, "Plan Rows": 1, "Plan Width": 25, "Inner Unique": false, "Join Filter": "(t.id = ci.movie_id)", "Plans": [{"Node Type": "Nested Loop", "Parent Relationship": "Outer", "Join Type": "Inner", "Startup Cost": 0.0, "Total Cost": 84053.76, "Plan Rows": 2, "Plan Width": 25, "Inner Unique": true, "Plans": [{"Node Type": "Nested Loop", "Parent Relationship": "Outer", "Join Type": "Inner", "Startup Cost": 0.0, "Total Cost": 81991.53, "Plan Rows": 262, "Plan Width": 4, "Inner Unique": false, "Plans": [{"Node Type": "Index Scan", "Parent Relationship": "Outer", "Scan Direction": "Forward", "Index Name": "company_name_pkey", "Relation Name": "company_name", "Alias": "cn", "Startup Cost": 0.0, "Total Cost": 10501.39, "Plan Rows": 6290, "Plan Width": 4, "Filter": "((country_code)::text = '[jp]'::text)"}, {"Node Type": "Index Scan", "Parent Relationship": "Inner", "Scan Direction": "Forward", "Index Name": "company_id_movie_companies", "Relation Name": "movie_companies", "Alias": "mc", "Startup Cost": 0.0, "Total Cost": 11.36, "Plan Rows": 1, "Plan Width": 8, "Index Cond": "(company_id = cn.id)", "Filter": "(((note)::text ~~ '%(Japan)%'::text) AND ((note)::text !~~ '%(USA)%'::text) AND (((note)::text ~~ '%(2006)%'::text) OR ((note)::text ~~ '%(2007)%'::text)))"}]}, {"Node Type": "Index Scan", "Parent Relationship": "Inner", "Scan Direction": "Forward", "Index Name": "title_pkey", "Relation Name": "title", "Alias": "t", "Startup Cost": 0.0, "Total Cost": 7.86, "Plan Rows": 1, "Plan Width": 21, "Index Cond": "(id = mc.movie_id)", "Filter": "((production_year >= 2006) AND (production_year <= 2007) AND (((title)::text ~~ 'One Piece%'::text) OR ((title)::text ~~ 'Dragon Ball Z%'::text)))"}]}, {"Node Type": "Index Scan", "Parent Relationship": "Inner", "Scan Direction": "Forward", "Index Name": "movie_id_cast_info", "Relation Name": "cast_info", "Alias": "ci", "Startup Cost": 0.0, "Total Cost": 27.88, "Plan Rows": 1, "Plan Width": 12, "Index Cond": "(movie_id = mc.movie_id)", "Filter": "((note)::text = '(voice: English version)'::text)"}]}, {"Node Type": "Index Scan", "Parent Relationship": "Inner", "Scan Direction": "Forward", "Index Name": "person_id_aka_name", "Relation Name": "aka_name", "Alias": "an", "Startup Cost": 0.0, "Total Cost": 0.84, "Plan Rows": 1, "Plan Width": 20, "Index Cond": "(person_id = ci.person_id)"}]}, {"Node Type": "Index Scan", "Parent Relationship": "Inner", "Scan Direction": "Forward", "Index Name": "name_pkey", "Relation Name": "name", "Alias": "n", "Startup Cost": 0.0, "Total Cost": 0.57, "Plan Rows": 1, "Plan Width": 4, "Index Cond": "(id = an.person_id)", "Filter": "(((name)::text ~~ '%Yo%'::text) AND ((name)::text !~~ '%Yu%'::text))"}]}, {"Node Type": "Index Scan", "Parent Relationship": "Inner", "Scan Direction": "Forward", "Index Name": "role_type_pkey", "Relation Name": "role_type", "Alias": "rt", "Startup Cost": 0.0, "Total Cost": 0.27, "Plan Rows": 1, "Plan Width": 4, "Index Cond": "(id = ci.role_id)", "Filter": "((role)::text = 'actress'::text)"}]}]}, "Unique SQL Id": 3956435728, "Planner Runtime": 25}, "explain_analyze_plan": {"Plan": {"Node Type": "Aggregate", "Strategy": "Plain", "Startup Cost": 84111.26, "Total Cost": 84111.27, "Plan Rows": 1, "Plan Width": 97, "Actual Startup Time": 581.73, "Actual Total Time": 581.73, "Actual Rows": 1, "Actual Loops": 1, "Plans": [{"Node Type": "Nested Loop", "Parent Relationship": "Outer", "Join Type": "Inner", "Startup Cost": 0.0, "Total Cost": 84111.26, "Plan Rows": 1, "Plan Width": 33, "Actual Startup Time": 54.321, "Actual Total Time": 581.694, "Actual Rows": 6, "Actual Loops": 1, "Inner Unique": true, "Plans": [{"Node Type": "Nested Loop", "Parent Relationship": "Outer", "Join Type": "Inner", "Startup Cost": 0.0, "Total Cost": 84110.97, "Plan Rows": 1, "Plan Width": 37, "Actual Startup Time": 54.312, "Actual Total Time": 581.658, "Actual Rows": 6, "Actual Loops": 1, "Inner Unique": true, "Plans": [{"Node Type": "Nested Loop", "Parent Relationship": "Outer", "Join Type": "Inner", "Startup Cost": 0.0, "Total Cost": 84110.39, "Plan Rows": 1, "Plan Width": 45, "Actual Startup Time": 53.198, "Actual Total Time": 580.628, "Actual Rows": 171, "Actual Loops": 1, "Inner Unique": false, "Plans": [{"Node Type": "Nested Loop", "Parent Relationship": "Outer", "Join Type": "Inner", "Startup Cost": 0.0, "Total Cost": 84109.54, "Plan Rows": 1, "Plan Width": 25, "Actual Startup Time": 53.177, "Actual Total Time": 579.772, "Actual Rows": 104, "Actual Loops": 1, "Inner Unique": false, "Join Filter": "(t.id = ci.movie_id)", "Rows Removed by Join Filter": 0, "Plans": [{"Node Type": "Nested Loop", "Parent Relationship": "Outer", "Join Type": "Inner", "Startup Cost": 0.0, "Total Cost": 84053.76, "Plan Rows": 2, "Plan Width": 25, "Actual Startup Time": 53.042, "Actual Total Time": 579.227, "Actual Rows": 4, "Actual Loops": 1, "Inner Unique": true, "Plans": [{"Node Type": "Nested Loop", "Parent Relationship": "Outer", "Join Type": "Inner", "Startup Cost": 0.0, "Total Cost": 81991.53, "Plan Rows": 262, "Plan Width": 4, "Actual Startup Time": 0.312, "Actual Total Time": 518.839, "Actual Rows": 8495, "Actual Loops": 1, "Inner Unique": false, "Plans": [{"Node Type": "Index Scan", "Parent Relationship": "Outer", "Scan Direction": "Forward", "Index Name": "company_name_pkey", "Relation Name": "company_name", "Alias": "cn", "Startup Cost": 0.0, "Total Cost": 10501.39, "Plan Rows": 6290, "Plan Width": 4, "Actual Startup Time": 0.264, "Actual Total Time": 291.012, "Actual Rows": 6752, "Actual Loops": 1, "Filter": "((country_code)::text = '[jp]'::text)", "Rows Removed by Filter": 228244}, {"Node Type": "Index Scan", "Parent Relationship": "Inner", "Scan Direction": "Forward", "Index Name": "company_id_movie_companies", "Relation Name": "movie_companies", "Alias": "mc", "Startup Cost": 0.0, "Total Cost": 11.36, "Plan Rows": 1, "Plan Width": 8, "Actual Startup Time": 100.149, "Actual Total Time": 221.814, "Actual Rows": 8495, "Actual Loops": 6752, "Index Cond": "(company_id = cn.id)", "Rows Removed by Index Recheck": 0, "Filter": "(((note)::text ~~ '%(Japan)%'::text) AND ((note)::text !~~ '%(USA)%'::text) AND (((note)::text ~~ '%(2006)%'::text) OR ((note)::text ~~ '%(2007)%'::text)))", "Rows Removed by Filter": 96500}]}, {"Node Type": "Index Scan", "Parent Relationship": "Inner", "Scan Direction": "Forward", "Index Name": "title_pkey", "Relation Name": "title", "Alias": "t", "Startup Cost": 0.0, "Total Cost": 7.86, "Plan Rows": 1, "Plan Width": 21, "Actual Startup Time": 55.844, "Actual Total Time": 55.844, "Actual Rows": 4, "Actual Loops": 8495, "Index Cond": "(id = mc.movie_id)", "Rows Removed by Index Recheck": 0, "Filter": "((production_year >= 2006) AND (production_year <= 2007) AND (((title)::text ~~ 'One Piece%'::text) OR ((title)::text ~~ 'Dragon Ball Z%'::text)))", "Rows Removed by Filter": 8491}]}, {"Node Type": "Index Scan", "Parent Relationship": "Inner", "Scan Direction": "Forward", "Index Name": "movie_id_cast_info", "Relation Name": "cast_info", "Alias": "ci", "Startup Cost": 0.0, "Total Cost": 27.88, "Plan Rows": 1, "Plan Width": 12, "Actual Startup Time": 0.155, "Actual Total Time": 0.487, "Actual Rows": 104, "Actual Loops": 4, "Index Cond": "(movie_id = mc.movie_id)", "Rows Removed by Index Recheck": 0, "Filter": "((note)::text = '(voice: English version)'::text)", "Rows Removed by Filter": 68}]}, {"Node Type": "Index Scan", "Parent Relationship": "Inner", "Scan Direction": "Forward", "Index Name": "person_id_aka_name", "Relation Name": "aka_name", "Alias": "an", "Startup Cost": 0.0, "Total Cost": 0.84, "Plan Rows": 1, "Plan Width": 20, "Actual Startup Time": 0.629, "Actual Total Time": 0.74, "Actual Rows": 171, "Actual Loops": 104, "Index Cond": "(person_id = ci.person_id)", "Rows Removed by Index Recheck": 0}]}, {"Node Type": "Index Scan", "Parent Relationship": "Inner", "Scan Direction": "Forward", "Index Name": "name_pkey", "Relation Name": "name", "Alias": "n", "Startup Cost": 0.0, "Total Cost": 0.57, "Plan Rows": 1, "Plan Width": 4, "Actual Startup Time": 0.94, "Actual Total Time": 0.94, "Actual Rows": 6, "Actual Loops": 171, "Index Cond": "(id = an.person_id)", "Rows Removed by Index Recheck": 0, "Filter": "(((name)::text ~~ '%Yo%'::text) AND ((name)::text !~~ '%Yu%'::text))", "Rows Removed by Filter": 165}]}, {"Node Type": "Index Scan", "Parent Relationship": "Inner", "Scan Direction": "Forward", "Index Name": "role_type_pkey", "Relation Name": "role_type", "Alias": "rt", "Startup Cost": 0.0, "Total Cost": 0.27, "Plan Rows": 1, "Plan Width": 4, "Actual Startup Time": 0.022, "Actual Total Time": 0.022, "Actual Rows": 6, "Actual Loops": 6, "Index Cond": "(id = ci.role_id)", "Rows Removed by Index Recheck": 0, "Filter": "((role)::text = 'actress'::text)", "Rows Removed by Filter": 0}]}]}, "Triggers": [], "Planner Runtime": 25.043, "Total Runtime": 582.138, "Unique SQL Id": 3956435728}}, "(1, '70')": {"explain_plan": {"Plan": {"Node Type": "Aggregate", "Strategy": "Plain", "Startup Cost": 76052.36, "Total Cost": 76052.37, "Plan Rows": 1, "Plan Width": 97, "Plans": [{"Node Type": "Hash Join", "Parent Relationship": "Outer", "Join Type": "Inner", "Startup Cost": 5992.15, "Total Cost": 76052.36, "Plan Rows": 1, "Plan Width": 33, "Inner Unique": true, "Hash Cond": "(ci.role_id = rt.id)", "Plans": [{"Node Type": "Nested Loop", "Parent Relationship": "Outer", "Join Type": "Inner", "Startup Cost": 5990.99, "Total Cost": 76051.18, "Plan Rows": 1, "Plan Width": 37, "Inner Unique": true, "Plans": [{"Node Type": "Nested Loop", "Parent Relationship": "Outer", "Join Type": "Inner", "Startup Cost": 5990.66, "Total Cost": 76046.83, "Plan Rows": 1, "Plan Width": 45, "Inner Unique": false, "Plans": [{"Node Type": "Nested Loop", "Parent Relationship": "Outer", "Join Type": "Inner", "Startup Cost": 5990.28, "Total Cost": 76042.43, "Plan Rows": 1, "Plan Width": 25, "Inner Unique": false, "Join Filter": "(t.id = ci.movie_id)", "Plans": [{"Node Type": "Nested Loop", "Parent Relationship": "Outer", "Join Type": "Inner", "Startup Cost": 5986.01, "Total Cost": 75985.85, "Plan Rows": 2, "Plan Width": 25, "Inner Unique": true, "Plans": [{"Node Type": "Hash Join", "Parent Relationship": "Outer", "Join Type": "Inner", "Startup Cost": 5982.08, "Total Cost": 73899.45, "Plan Rows": 262, "Plan Width": 4, "Inner Unique": true, "Hash Cond": "(mc.company_id = cn.id)", "Plans": [{"Node Type": "Seq Scan", "Parent Relationship": "Outer", "Relation Name": "movie_companies", "Alias": "mc", "Startup Cost": 0.0, "Total Cost": 67908.56, "Plan Rows": 1652, "Plan Width": 8, "Filter": "(((note)::text ~~ '%(Japan)%'::text) AND ((note)::text !~~ '%(USA)%'::text) AND (((note)::text ~~ '%(2006)%'::text) OR ((note)::text ~~ '%(2007)%'::text)))"}, {"Node Type": "Hash", "Parent Relationship": "Inner", "Startup Cost": 5903.45, "Total Cost": 5903.45, "Plan Rows": 6290, "Plan Width": 4, "Plans": [{"Node Type": "Seq Scan", "Parent Relationship": "Outer", "Relation Name": "company_name", "Alias": "cn", "Startup Cost": 0.0, "Total Cost": 5903.45, "Plan Rows": 6290, "Plan Width": 4, "Filter": "((country_code)::text = '[jp]'::text)"}]}]}, {"Node Type": "Bitmap Heap Scan", "Parent Relationship": "Inner", "Relation Name": "title", "Alias": "t", "Startup Cost": 3.93, "Total Cost": 7.95, "Plan Rows": 1, "Plan Width": 21, "Recheck Cond": "(id = mc.movie_id)", "Filter": "((production_year >= 2006) AND (production_year <= 2007) AND (((title)::text ~~ 'One Piece%'::text) OR ((title)::text ~~ 'Dragon Ball Z%'::text)))", "Plans": [{"Node Type": "Bitmap Index Scan", "Parent Relationship": "Outer", "Index Name": "title_pkey", "Startup Cost": 0.0, "Total Cost": 3.93, "Plan Rows": 1, "Plan Width": 0, "Index Cond": "(id = mc.movie_id)"}]}]}, {"Node Type": "Bitmap Heap Scan", "Parent Relationship": "Inner", "Relation Name": "cast_info", "Alias": "ci", "Startup Cost": 4.27, "Total Cost": 28.27, "Plan Rows": 1, "Plan Width": 12, "Recheck Cond": "(movie_id = mc.movie_id)", "Filter": "((note)::text = '(voice: English version)'::text)", "Plans": [{"Node Type": "Bitmap Index Scan", "Parent Relationship": "Outer", "Index Name": "movie_id_cast_info", "Startup Cost": 0.0, "Total Cost": 4.27, "Plan Rows": 6, "Plan Width": 0, "Index Cond": "(movie_id = mc.movie_id)"}]}]}, {"Node Type": "Bitmap Heap Scan", "Parent Relationship": "Inner", "Relation Name": "aka_name", "Alias": "an", "Startup Cost": 0.38, "Total Cost": 4.39, "Plan Rows": 1, "Plan Width": 20, "Recheck Cond": "(person_id = ci.person_id)", "Plans": [{"Node Type": "Bitmap Index Scan", "Parent Relationship": "Outer", "Index Name": "person_id_aka_name", "Startup Cost": 0.0, "Total Cost": 0.38, "Plan Rows": 1, "Plan Width": 0, "Index Cond": "(person_id = ci.person_id)"}]}]}, {"Node Type": "Bitmap Heap Scan", "Parent Relationship": "Inner", "Relation Name": "name", "Alias": "n", "Startup Cost": 0.33, "Total Cost": 4.34, "Plan Rows": 1, "Plan Width": 4, "Recheck Cond": "(id = an.person_id)", "Filter": "(((name)::text ~~ '%Yo%'::text) AND ((name)::text !~~ '%Yu%'::text))", "Plans": [{"Node Type": "Bitmap Index Scan", "Parent Relationship": "Outer", "Index Name": "name_pkey", "Startup Cost": 0.0, "Total Cost": 0.33, "Plan Rows": 1, "Plan Width": 0, "Index Cond": "(id = an.person_id)"}]}]}, {"Node Type": "Hash", "Parent Relationship": "Inner", "Startup Cost": 1.15, "Total Cost": 1.15, "Plan Rows": 1, "Plan Width": 4, "Plans": [{"Node Type": "Seq Scan", "Parent Relationship": "Outer", "Relation Name": "role_type", "Alias": "rt", "Startup Cost": 0.0, "Total Cost": 1.15, "Plan Rows": 1, "Plan Width": 4, "Filter": "((role)::text = 'actress'::text)"}]}]}]}, "Unique SQL Id": 3956435728, "Planner Runtime": 24}, "explain_analyze_plan": {"Plan": {"Node Type": "Aggregate", "Strategy": "Plain", "Startup Cost": 76052.36, "Total Cost": 76052.37, "Plan Rows": 1, "Plan Width": 97, "Actual Startup Time": 1108.479, "Actual Total Time": 1108.48, "Actual Rows": 1, "Actual Loops": 1, "Plans": [{"Node Type": "Hash Join", "Parent Relationship": "Outer", "Join Type": "Inner", "Startup Cost": 5992.15, "Total Cost": 76052.36, "Plan Rows": 1, "Plan Width": 33, "Actual Startup Time": 431.009, "Actual Total Time": 1108.429, "Actual Rows": 6, "Actual Loops": 1, "Inner Unique": true, "Hash Cond": "(ci.role_id = rt.id)", "Plans": [{"Node Type": "Nested Loop", "Parent Relationship": "Outer", "Join Type": "Inner", "Startup Cost": 5990.99, "Total Cost": 76051.18, "Plan Rows": 1, "Plan Width": 37, "Actual Startup Time": 430.918, "Actual Total Time": 1108.327, "Actual Rows": 6, "Actual Loops": 1, "Inner Unique": true, "Plans": [{"Node Type": "Nested Loop", "Parent Relationship": "Outer", "Join Type": "Inner", "Startup Cost": 5990.66, "Total Cost": 76046.83, "Plan Rows": 1, "Plan Width": 45, "Actual Startup Time": 430.355, "Actual Total Time": 1107.106, "Actual Rows": 171, "Actual Loops": 1, "Inner Unique": false, "Plans": [{"Node Type": "Nested Loop", "Parent Relationship": "Outer", "Join Type": "Inner", "Startup Cost": 5990.28, "Total Cost": 76042.43, "Plan Rows": 1, "Plan Width": 25, "Actual Startup Time": 430.329, "Actual Total Time": 1106.077, "Actual Rows": 104, "Actual Loops": 1, "Inner Unique": false, "Join Filter": "(t.id = ci.movie_id)", "Rows Removed by Join Filter": 0, "Plans": [{"Node Type": "Nested Loop", "Parent Relationship": "Outer", "Join Type": "Inner", "Startup Cost": 5986.01, "Total Cost": 75985.85, "Plan Rows": 2, "Plan Width": 25, "Actual Startup Time": 430.27, "Actual Total Time": 1105.429, "Actual Rows": 4, "Actual Loops": 1, "Inner Unique": true, "Plans": [{"Node Type": "Hash Join", "Parent Relationship": "Outer", "Join Type": "Inner", "Startup Cost": 5982.08, "Total Cost": 73899.45, "Plan Rows": 262, "Plan Width": 4, "Actual Startup Time": 83.166, "Actual Total Time": 1046.518, "Actual Rows": 8495, "Actual Loops": 1, "Inner Unique": true, "Hash Cond": "(mc.company_id = cn.id)", "Plans": [{"Node Type": "Seq Scan", "Parent Relationship": "Outer", "Relation Name": "movie_companies", "Alias": "mc", "Startup Cost": 0.0, "Total Cost": 67908.56, "Plan Rows": 1652, "Plan Width": 8, "Actual Startup Time": 0.246, "Actual Total Time": 958.005, "Actual Rows": 8569, "Actual Loops": 1, "Filter": "(((note)::text ~~ '%(Japan)%'::text) AND ((note)::text !~~ '%(USA)%'::text) AND (((note)::text ~~ '%(2006)%'::text) OR ((note)::text ~~ '%(2007)%'::text)))", "Rows Removed by Filter": 2600559}, {"Node Type": "Hash", "Parent Relationship": "Inner", "Startup Cost": 5903.45, "Total Cost": 5903.45, "Plan Rows": 6290, "Plan Width": 4, "Actual Startup Time": 82.868, "Actual Total Time": 82.868, "Actual Rows": 6752, "Actual Loops": 1, "Hash Buckets": 32768, "Hash Batches": 1, "Original Hash Batches": 1, "Peak Memory Usage": 238, "Plans": [{"Node Type": "Seq Scan", "Parent Relationship": "Outer", "Relation Name": "company_name", "Alias": "cn", "Startup Cost": 0.0, "Total Cost": 5903.45, "Plan Rows": 6290, "Plan Width": 4, "Actual Startup Time": 0.026, "Actual Total Time": 80.761, "Actual Rows": 6752, "Actual Loops": 1, "Filter": "((country_code)::text = '[jp]'::text)", "Rows Removed by Filter": 228244}]}]}, {"Node Type": "Bitmap Heap Scan", "Parent Relationship": "Inner", "Relation Name": "title", "Alias": "t", "Startup Cost": 3.93, "Total Cost": 7.95, "Plan Rows": 1, "Plan Width": 21, "Actual Startup Time": 48.551, "Actual Total Time": 48.551, "Actual Rows": 4, "Actual Loops": 8495, "Recheck Cond": "(id = mc.movie_id)", "Rows Removed by Index Recheck": 0, "Filter": "((production_year >= 2006) AND (production_year <= 2007) AND (((title)::text ~~ 'One Piece%'::text) OR ((title)::text ~~ 'Dragon Ball Z%'::text)))", "Rows Removed by Filter": 8491, "Exact Heap Blocks": 8495, "Lossy Heap Blocks": 8495, "Plans": [{"Node Type": "Bitmap Index Scan", "Parent Relationship": "Outer", "Index Name": "title_pkey", "Startup Cost": 0.0, "Total Cost": 3.93, "Plan Rows": 1, "Plan Width": 0, "Actual Startup Time": 25.056, "Actual Total Time": 25.056, "Actual Rows": 8495, "Actual Loops": 8495, "Index Cond": "(id = mc.movie_id)"}]}]}, {"Node Type": "Bitmap Heap Scan", "Parent Relationship": "Inner", "Relation Name": "cast_info", "Alias": "ci", "Startup Cost": 4.27, "Total Cost": 28.27, "Plan Rows": 1, "Plan Width": 12, "Actual Startup Time": 0.251, "Actual Total Time": 0.577, "Actual Rows": 104, "Actual Loops": 4, "Recheck Cond": "(movie_id = mc.movie_id)", "Rows Removed by Index Recheck": 0, "Filter": "((note)::text = '(voice: English version)'::text)", "Rows Removed by Filter": 68, "Exact Heap Blocks": 133, "Lossy Heap Blocks": 133, "Plans": [{"Node Type": "Bitmap Index Scan", "Parent Relationship": "Outer", "Index Name": "movie_id_cast_info", "Startup Cost": 0.0, "Total Cost": 4.27, "Plan Rows": 6, "Plan Width": 0, "Actual Startup Time": 0.077, "Actual Total Time": 0.077, "Actual Rows": 172, "Actual Loops": 4, "Index Cond": "(movie_id = mc.movie_id)"}]}]}, {"Node Type": "Bitmap Heap Scan", "Parent Relationship": "Inner", "Relation Name": "aka_name", "Alias": "an", "Startup Cost": 0.38, "Total Cost": 4.39, "Plan Rows": 1, "Plan Width": 20, "Actual Startup Time": 0.768, "Actual Total Time": 0.849, "Actual Rows": 171, "Actual Loops": 104, "Recheck Cond": "(person_id = ci.person_id)", "Rows Removed by Index Recheck": 0, "Exact Heap Blocks": 105, "Lossy Heap Blocks": 105, "Plans": [{"Node Type": "Bitmap Index Scan", "Parent Relationship": "Outer", "Index Name": "person_id_aka_name", "Startup Cost": 0.0, "Total Cost": 0.38, "Plan Rows": 1, "Plan Width": 0, "Actual Startup Time": 0.514, "Actual Total Time": 0.514, "Actual Rows": 171, "Actual Loops": 104, "Index Cond": "(person_id = ci.person_id)"}]}]}, {"Node Type": "Bitmap Heap Scan", "Parent Relationship": "Inner", "Relation Name": "name", "Alias": "n", "Startup Cost": 0.33, "Total Cost": 4.34, "Plan Rows": 1, "Plan Width": 4, "Actual Startup Time": 1.006, "Actual Total Time": 1.006, "Actual Rows": 6, "Actual Loops": 171, "Recheck Cond": "(id = an.person_id)", "Rows Removed by Index Recheck": 0, "Filter": "(((name)::text ~~ '%Yo%'::text) AND ((name)::text !~~ '%Yu%'::text))", "Rows Removed by Filter": 165, "Exact Heap Blocks": 171, "Lossy Heap Blocks": 171, "Plans": [{"Node Type": "Bitmap Index Scan", "Parent Relationship": "Outer", "Index Name": "name_pkey", "Startup Cost": 0.0, "Total Cost": 0.33, "Plan Rows": 1, "Plan Width": 0, "Actual Startup Time": 0.616, "Actual Total Time": 0.616, "Actual Rows": 171, "Actual Loops": 171, "Index Cond": "(id = an.person_id)"}]}]}, {"Node Type": "Hash", "Parent Relationship": "Inner", "Startup Cost": 1.15, "Total Cost": 1.15, "Plan Rows": 1, "Plan Width": 4, "Actual Startup Time": 0.042, "Actual Total Time": 0.042, "Actual Rows": 1, "Actual Loops": 1, "Hash Buckets": 32768, "Hash Batches": 1, "Original Hash Batches": 1, "Peak Memory Usage": 1, "Plans": [{"Node Type": "Seq Scan", "Parent Relationship": "Outer", "Relation Name": "role_type", "Alias": "rt", "Startup Cost": 0.0, "Total Cost": 1.15, "Plan Rows": 1, "Plan Width": 4, "Actual Startup Time": 0.027, "Actual Total Time": 0.031, "Actual Rows": 1, "Actual Loops": 1, "Filter": "((role)::text = 'actress'::text)", "Rows Removed by Filter": 11}]}]}]}, "Triggers": [], "Planner Runtime": 24.749, "Total Runtime": 1108.773, "Unique SQL Id": 3956435728}}, "(1, '71')": {"explain_plan": {"Plan": {"Node Type": "Aggregate", "Strategy": "Plain", "Startup Cost": 1000012201008.67, "Total Cost": 1000012201008.68, "Plan Rows": 1, "Plan Width": 97, "Plans": [{"Node Type": "Nested Loop", "Parent Relationship": "Outer", "Join Type": "Inner", "Startup Cost": 10000000004.12, "Total Cost": 1000012201008.67, "Plan Rows": 1, "Plan Width": 33, "Inner Unique": true, "Plans": [{"Node Type": "Nested Loop", "Parent Relationship": "Outer", "Join Type": "Inner", "Startup Cost": 10000000003.79, "Total Cost": 1000012201004.31, "Plan Rows": 1, "Plan Width": 41, "Inner Unique": true, "Plans": [{"Node Type": "Nested Loop", "Parent Relationship": "Outer", "Join Type": "Inner", "Startup Cost": 10000000003.54, "Total Cost": 1000012201000.03, "Plan Rows": 1, "Plan Width": 45, "Inner Unique": true, "Plans": [{"Node Type": "Nested Loop", "Parent Relationship": "Outer", "Join Type": "Inner", "Startup Cost": 10000000002.31, "Total Cost": 1000012200994.77, "Plan Rows": 1, "Plan Width": 49, "Inner Unique": false, "Plans": [{"Node Type": "Nested Loop", "Parent Relationship": "Outer", "Join Type": "Inner", "Startup Cost": 10000000001.65, "Total Cost": 1000012200744.81, "Plan Rows": 53, "Plan Width": 53, "Inner Unique": true, "Plans": [{"Node Type": "Nested Loop", "Parent Relationship": "Outer", "Join Type": "Inner", "Startup Cost": 10000000001.0, "Total Cost": 1000011659757.19, "Plan Rows": 115768, "Plan Width": 32, "Inner Unique": false, "Plans": [{"Node Type": "Index Scan", "Parent Relationship": "Outer", "Scan Direction": "Forward", "Index Name": "person_id_aka_name", "Relation Name": "aka_name", "Alias": "an", "Startup Cost": 10000000000.0, "Total Cost": 1000006896503.43, "Plan Rows": 901342, "Plan Width": 20}, {"Node Type": "Bitmap Heap Scan", "Parent Relationship": "Inner", "Relation Name": "cast_info", "Alias": "ci", "Startup Cost": 1.0, "Total Cost": 5.27, "Plan Rows": 1, "Plan Width": 12, "Recheck Cond": "(person_id = an.person_id)", "Filter": "((note)::text = '(voice: English version)'::text)", "Plans": [{"Node Type": "Bitmap Index Scan", "Parent Relationship": "Outer", "Index Name": "person_id_cast_info", "Startup Cost": 0.0, "Total Cost": 1.0, "Plan Rows": 18, "Plan Width": 0, "Index Cond": "(person_id = an.person_id)"}]}]}, {"Node Type": "Bitmap Heap Scan", "Parent Relationship": "Inner", "Relation Name": "title", "Alias": "t", "Startup Cost": 0.64, "Total Cost": 4.66, "Plan Rows": 1, "Plan Width": 21, "Recheck Cond": "(id = ci.movie_id)", "Filter": "((production_year >= 2006) AND (production_year <= 2007) AND (((title)::text ~~ 'One Piece%'::text) OR ((title)::text ~~ 'Dragon Ball Z%'::text)))", "Plans": [{"Node Type": "Bitmap Index Scan", "Parent Relationship": "Outer", "Index Name": "title_pkey", "Startup Cost": 0.0, "Total Cost": 0.64, "Plan Rows": 1, "Plan Width": 0, "Index Cond": "(id = ci.movie_id)"}]}]}, {"Node Type": "Bitmap Heap Scan", "Parent Relationship": "Inner", "Relation Name": "movie_companies", "Alias": "mc", "Startup Cost": 0.66, "Total Cost": 4.71, "Plan Rows": 1, "Plan Width": 8, "Recheck Cond": "(movie_id = ci.movie_id)", "Filter": "(((note)::text ~~ '%(Japan)%'::text) AND ((note)::text !~~ '%(USA)%'::text) AND (((note)::text ~~ '%(2006)%'::text) OR ((note)::text ~~ '%(2007)%'::text)))", "Plans": [{"Node Type": "Bitmap Index Scan", "Parent Relationship": "Outer", "Index Name": "movie_id_movie_companies", "Startup Cost": 0.0, "Total Cost": 0.66, "Plan Rows": 2, "Plan Width": 0, "Index Cond": "(movie_id = ci.movie_id)"}]}]}, {"Node Type": "Bitmap Heap Scan", "Parent Relationship": "Inner", "Relation Name": "company_name", "Alias": "cn", "Startup Cost": 1.23, "Total Cost": 5.24, "Plan Rows": 1, "Plan Width": 4, "Recheck Cond": "(id = mc.company_id)", "Filter": "((country_code)::text = '[jp]'::text)", "Plans": [{"Node Type": "Bitmap Index Scan", "Parent Relationship": "Outer", "Index Name": "company_name_pkey", "Startup Cost": 0.0, "Total Cost": 1.23, "Plan Rows": 1, "Plan Width": 0, "Index Cond": "(id = mc.company_id)"}]}]}, {"Node Type": "Bitmap Heap Scan", "Parent Relationship": "Inner", "Relation Name": "role_type", "Alias": "rt", "Startup Cost": 0.26, "Total Cost": 4.27, "Plan Rows": 1, "Plan Width": 4, "Recheck Cond": "(id = ci.role_id)", "Filter": "((role)::text = 'actress'::text)", "Plans": [{"Node Type": "Bitmap Index Scan", "Parent Relationship": "Outer", "Index Name": "role_type_pkey", "Startup Cost": 0.0, "Total Cost": 0.26, "Plan Rows": 1, "Plan Width": 0, "Index Cond": "(id = ci.role_id)"}]}]}, {"Node Type": "Bitmap Heap Scan", "Parent Relationship": "Inner", "Relation Name": "name", "Alias": "n", "Startup Cost": 0.33, "Total Cost": 4.34, "Plan Rows": 1, "Plan Width": 4, "Recheck Cond": "(id = an.person_id)", "Filter": "(((name)::text ~~ '%Yo%'::text) AND ((name)::text !~~ '%Yu%'::text))", "Plans": [{"Node Type": "Bitmap Index Scan", "Parent Relationship": "Outer", "Index Name": "name_pkey", "Startup Cost": 0.0, "Total Cost": 0.33, "Plan Rows": 1, "Plan Width": 0, "Index Cond": "(id = an.person_id)"}]}]}]}, "Unique SQL Id": 3956435728, "Planner Runtime": 9}, "explain_analyze_plan": null}, "(1, '72')": {"explain_plan": {"Plan": {"Node Type": "Aggregate", "Strategy": "Plain", "Startup Cost": 76019.18, "Total Cost": 76019.19, "Plan Rows": 1, "Plan Width": 97, "Plans": [{"Node Type": "Nested Loop", "Parent Relationship": "Outer", "Join Type": "Inner", "Startup Cost": 5982.08, "Total Cost": 76019.18, "Plan Rows": 1, "Plan Width": 33, "Inner Unique": true, "Plans": [{"Node Type": "Nested Loop", "Parent Relationship": "Outer", "Join Type": "Inner", "Startup Cost": 5982.08, "Total Cost": 76018.9, "Plan Rows": 1, "Plan Width": 37, "Inner Unique": true, "Plans": [{"Node Type": "Nested Loop", "Parent Relationship": "Outer", "Join Type": "Inner", "Startup Cost": 5982.08, "Total Cost": 76018.31, "Plan Rows": 1, "Plan Width": 45, "Inner Unique": false, "Plans": [{"Node Type": "Nested Loop", "Parent Relationship": "Outer", "Join Type": "Inner", "Startup Cost": 5982.08, "Total Cost": 76017.46, "Plan Rows": 1, "Plan Width": 25, "Inner Unique": false, "Join Filter": "(t.id = ci.movie_id)", "Plans": [{"Node Type": "Nested Loop", "Parent Relationship": "Outer", "Join Type": "Inner", "Startup Cost": 5982.08, "Total Cost": 75961.68, "Plan Rows": 2, "Plan Width": 25, "Inner Unique": true, "Plans": [{"Node Type": "Hash Join", "Parent Relationship": "Outer", "Join Type": "Inner", "Startup Cost": 5982.08, "Total Cost": 73899.45, "Plan Rows": 262, "Plan Width": 4, "Inner Unique": true, "Hash Cond": "(mc.company_id = cn.id)", "Plans": [{"Node Type": "Seq Scan", "Parent Relationship": "Outer", "Relation Name": "movie_companies", "Alias": "mc", "Startup Cost": 0.0, "Total Cost": 67908.56, "Plan Rows": 1652, "Plan Width": 8, "Filter": "(((note)::text ~~ '%(Japan)%'::text) AND ((note)::text !~~ '%(USA)%'::text) AND (((note)::text ~~ '%(2006)%'::text) OR ((note)::text ~~ '%(2007)%'::text)))"}, {"Node Type": "Hash", "Parent Relationship": "Inner", "Startup Cost": 5903.45, "Total Cost": 5903.45, "Plan Rows": 6290, "Plan Width": 4, "Plans": [{"Node Type": "Seq Scan", "Parent Relationship": "Outer", "Relation Name": "company_name", "Alias": "cn", "Startup Cost": 0.0, "Total Cost": 5903.45, "Plan Rows": 6290, "Plan Width": 4, "Filter": "((country_code)::text = '[jp]'::text)"}]}]}, {"Node Type": "Index Scan", "Parent Relationship": "Inner", "Scan Direction": "Forward", "Index Name": "title_pkey", "Relation Name": "title", "Alias": "t", "Startup Cost": 0.0, "Total Cost": 7.86, "Plan Rows": 1, "Plan Width": 21, "Index Cond": "(id = mc.movie_id)", "Filter": "((production_year >= 2006) AND (production_year <= 2007) AND (((title)::text ~~ 'One Piece%'::text) OR ((title)::text ~~ 'Dragon Ball Z%'::text)))"}]}, {"Node Type": "Index Scan", "Parent Relationship": "Inner", "Scan Direction": "Forward", "Index Name": "movie_id_cast_info", "Relation Name": "cast_info", "Alias": "ci", "Startup Cost": 0.0, "Total Cost": 27.88, "Plan Rows": 1, "Plan Width": 12, "Index Cond": "(movie_id = mc.movie_id)", "Filter": "((note)::text = '(voice: English version)'::text)"}]}, {"Node Type": "Index Scan", "Parent Relationship": "Inner", "Scan Direction": "Forward", "Index Name": "person_id_aka_name", "Relation Name": "aka_name", "Alias": "an", "Startup Cost": 0.0, "Total Cost": 0.84, "Plan Rows": 1, "Plan Width": 20, "Index Cond": "(person_id = ci.person_id)"}]}, {"Node Type": "Index Scan", "Parent Relationship": "Inner", "Scan Direction": "Forward", "Index Name": "name_pkey", "Relation Name": "name", "Alias": "n", "Startup Cost": 0.0, "Total Cost": 0.57, "Plan Rows": 1, "Plan Width": 4, "Index Cond": "(id = an.person_id)", "Filter": "(((name)::text ~~ '%Yo%'::text) AND ((name)::text !~~ '%Yu%'::text))"}]}, {"Node Type": "Index Scan", "Parent Relationship": "Inner", "Scan Direction": "Forward", "Index Name": "role_type_pkey", "Relation Name": "role_type", "Alias": "rt", "Startup Cost": 0.0, "Total Cost": 0.27, "Plan Rows": 1, "Plan Width": 4, "Index Cond": "(id = ci.role_id)", "Filter": "((role)::text = 'actress'::text)"}]}]}, "Unique SQL Id": 3956435728, "Planner Runtime": 21}, "explain_analyze_plan": {"Plan": {"Node Type": "Aggregate", "Strategy": "Plain", "Startup Cost": 76019.18, "Total Cost": 76019.19, "Plan Rows": 1, "Plan Width": 97, "Actual Startup Time": 1150.019, "Actual Total Time": 1150.02, "Actual Rows": 1, "Actual Loops": 1, "Plans": [{"Node Type": "Nested Loop", "Parent Relationship": "Outer", "Join Type": "Inner", "Startup Cost": 5982.08, "Total Cost": 76019.18, "Plan Rows": 1, "Plan Width": 33, "Actual Startup Time": 445.745, "Actual Total Time": 1149.979, "Actual Rows": 6, "Actual Loops": 1, "Inner Unique": true, "Plans": [{"Node Type": "Nested Loop", "Parent Relationship": "Outer", "Join Type": "Inner", "Startup Cost": 5982.08, "Total Cost": 76018.9, "Plan Rows": 1, "Plan Width": 37, "Actual Startup Time": 445.724, "Actual Total Time": 1149.932, "Actual Rows": 6, "Actual Loops": 1, "Inner Unique": true, "Plans": [{"Node Type": "Nested Loop", "Parent Relationship": "Outer", "Join Type": "Inner", "Startup Cost": 5982.08, "Total Cost": 76018.31, "Plan Rows": 1, "Plan Width": 45, "Actual Startup Time": 445.108, "Actual Total Time": 1148.889, "Actual Rows": 171, "Actual Loops": 1, "Inner Unique": false, "Plans": [{"Node Type": "Nested Loop", "Parent Relationship": "Outer", "Join Type": "Inner", "Startup Cost": 5982.08, "Total Cost": 76017.46, "Plan Rows": 1, "Plan Width": 25, "Actual Startup Time": 445.082, "Actual Total Time": 1148.012, "Actual Rows": 104, "Actual Loops": 1, "Inner Unique": false, "Join Filter": "(t.id = ci.movie_id)", "Rows Removed by Join Filter": 0, "Plans": [{"Node Type": "Nested Loop", "Parent Relationship": "Outer", "Join Type": "Inner", "Startup Cost": 5982.08, "Total Cost": 75961.68, "Plan Rows": 2, "Plan Width": 25, "Actual Startup Time": 445.02, "Actual Total Time": 1147.431, "Actual Rows": 4, "Actual Loops": 1, "Inner Unique": true, "Plans": [{"Node Type": "Hash Join", "Parent Relationship": "Outer", "Join Type": "Inner", "Startup Cost": 5982.08, "Total Cost": 73899.45, "Plan Rows": 262, "Plan Width": 4, "Actual Startup Time": 89.577, "Actual Total Time": 1092.318, "Actual Rows": 8495, "Actual Loops": 1, "Inner Unique": true, "Hash Cond": "(mc.company_id = cn.id)", "Plans": [{"Node Type": "Seq Scan", "Parent Relationship": "Outer", "Relation Name": "movie_companies", "Alias": "mc", "Startup Cost": 0.0, "Total Cost": 67908.56, "Plan Rows": 1652, "Plan Width": 8, "Actual Startup Time": 0.283, "Actual Total Time": 997.739, "Actual Rows": 8569, "Actual Loops": 1, "Filter": "(((note)::text ~~ '%(Japan)%'::text) AND ((note)::text !~~ '%(USA)%'::text) AND (((note)::text ~~ '%(2006)%'::text) OR ((note)::text ~~ '%(2007)%'::text)))", "Rows Removed by Filter": 2600559}, {"Node Type": "Hash", "Parent Relationship": "Inner", "Startup Cost": 5903.45, "Total Cost": 5903.45, "Plan Rows": 6290, "Plan Width": 4, "Actual Startup Time": 89.227, "Actual Total Time": 89.227, "Actual Rows": 6752, "Actual Loops": 1, "Hash Buckets": 32768, "Hash Batches": 1, "Original Hash Batches": 1, "Peak Memory Usage": 238, "Plans": [{"Node Type": "Seq Scan", "Parent Relationship": "Outer", "Relation Name": "company_name", "Alias": "cn", "Startup Cost": 0.0, "Total Cost": 5903.45, "Plan Rows": 6290, "Plan Width": 4, "Actual Startup Time": 0.03, "Actual Total Time": 86.954, "Actual Rows": 6752, "Actual Loops": 1, "Filter": "((country_code)::text = '[jp]'::text)", "Rows Removed by Filter": 228244}]}]}, {"Node Type": "Index Scan", "Parent Relationship": "Inner", "Scan Direction": "Forward", "Index Name": "title_pkey", "Relation Name": "title", "Alias": "t", "Startup Cost": 0.0, "Total Cost": 7.86, "Plan Rows": 1, "Plan Width": 21, "Actual Startup Time": 50.564, "Actual Total Time": 50.564, "Actual Rows": 4, "Actual Loops": 8495, "Index Cond": "(id = mc.movie_id)", "Rows Removed by Index Recheck": 0, "Filter": "((production_year >= 2006) AND (production_year <= 2007) AND (((title)::text ~~ 'One Piece%'::text) OR ((title)::text ~~ 'Dragon Ball Z%'::text)))", "Rows Removed by Filter": 8491}]}, {"Node Type": "Index Scan", "Parent Relationship": "Inner", "Scan Direction": "Forward", "Index Name": "movie_id_cast_info", "Relation Name": "cast_info", "Alias": "ci", "Startup Cost": 0.0, "Total Cost": 27.88, "Plan Rows": 1, "Plan Width": 12, "Actual Startup Time": 0.171, "Actual Total Time": 0.512, "Actual Rows": 104, "Actual Loops": 4, "Index Cond": "(movie_id = mc.movie_id)", "Rows Removed by Index Recheck": 0, "Filter": "((note)::text = '(voice: English version)'::text)", "Rows Removed by Filter": 68}]}, {"Node Type": "Index Scan", "Parent Relationship": "Inner", "Scan Direction": "Forward", "Index Name": "person_id_aka_name", "Relation Name": "aka_name", "Alias": "an", "Startup Cost": 0.0, "Total Cost": 0.84, "Plan Rows": 1, "Plan Width": 20, "Actual Startup Time": 0.648, "Actual Total Time": 0.763, "Actual Rows": 171, "Actual Loops": 104, "Index Cond": "(person_id = ci.person_id)", "Rows Removed by Index Recheck": 0}]}, {"Node Type": "Index Scan", "Parent Relationship": "Inner", "Scan Direction": "Forward", "Index Name": "name_pkey", "Relation Name": "name", "Alias": "n", "Startup Cost": 0.0, "Total Cost": 0.57, "Plan Rows": 1, "Plan Width": 4, "Actual Startup Time": 0.944, "Actual Total Time": 0.944, "Actual Rows": 6, "Actual Loops": 171, "Index Cond": "(id = an.person_id)", "Rows Removed by Index Recheck": 0, "Filter": "(((name)::text ~~ '%Yo%'::text) AND ((name)::text !~~ '%Yu%'::text))", "Rows Removed by Filter": 165}]}, {"Node Type": "Index Scan", "Parent Relationship": "Inner", "Scan Direction": "Forward", "Index Name": "role_type_pkey", "Relation Name": "role_type", "Alias": "rt", "Startup Cost": 0.0, "Total Cost": 0.27, "Plan Rows": 1, "Plan Width": 4, "Actual Startup Time": 0.031, "Actual Total Time": 0.031, "Actual Rows": 6, "Actual Loops": 6, "Index Cond": "(id = ci.role_id)", "Rows Removed by Index Recheck": 0, "Filter": "((role)::text = 'actress'::text)", "Rows Removed by Filter": 0}]}]}, "Triggers": [], "Planner Runtime": 21.278, "Total Runtime": 1150.324, "Unique SQL Id": 3956435728}}, "(1, '73')": {"explain_plan": {"Plan": {"Node Type": "Aggregate", "Strategy": "Plain", "Startup Cost": 84111.26, "Total Cost": 84111.27, "Plan Rows": 1, "Plan Width": 97, "Plans": [{"Node Type": "Nested Loop", "Parent Relationship": "Outer", "Join Type": "Inner", "Startup Cost": 0.0, "Total Cost": 84111.26, "Plan Rows": 1, "Plan Width": 33, "Inner Unique": true, "Plans": [{"Node Type": "Nested Loop", "Parent Relationship": "Outer", "Join Type": "Inner", "Startup Cost": 0.0, "Total Cost": 84110.97, "Plan Rows": 1, "Plan Width": 37, "Inner Unique": true, "Plans": [{"Node Type": "Nested Loop", "Parent Relationship": "Outer", "Join Type": "Inner", "Startup Cost": 0.0, "Total Cost": 84110.39, "Plan Rows": 1, "Plan Width": 45, "Inner Unique": false, "Plans": [{"Node Type": "Nested Loop", "Parent Relationship": "Outer", "Join Type": "Inner", "Startup Cost": 0.0, "Total Cost": 84109.54, "Plan Rows": 1, "Plan Width": 25, "Inner Unique": false, "Join Filter": "(t.id = ci.movie_id)", "Plans": [{"Node Type": "Nested Loop", "Parent Relationship": "Outer", "Join Type": "Inner", "Startup Cost": 0.0, "Total Cost": 84053.76, "Plan Rows": 2, "Plan Width": 25, "Inner Unique": true, "Plans": [{"Node Type": "Nested Loop", "Parent Relationship": "Outer", "Join Type": "Inner", "Startup Cost": 0.0, "Total Cost": 81991.53, "Plan Rows": 262, "Plan Width": 4, "Inner Unique": false, "Plans": [{"Node Type": "Index Scan", "Parent Relationship": "Outer", "Scan Direction": "Forward", "Index Name": "company_name_pkey", "Relation Name": "company_name", "Alias": "cn", "Startup Cost": 0.0, "Total Cost": 10501.39, "Plan Rows": 6290, "Plan Width": 4, "Filter": "((country_code)::text = '[jp]'::text)"}, {"Node Type": "Index Scan", "Parent Relationship": "Inner", "Scan Direction": "Forward", "Index Name": "company_id_movie_companies", "Relation Name": "movie_companies", "Alias": "mc", "Startup Cost": 0.0, "Total Cost": 11.36, "Plan Rows": 1, "Plan Width": 8, "Index Cond": "(company_id = cn.id)", "Filter": "(((note)::text ~~ '%(Japan)%'::text) AND ((note)::text !~~ '%(USA)%'::text) AND (((note)::text ~~ '%(2006)%'::text) OR ((note)::text ~~ '%(2007)%'::text)))"}]}, {"Node Type": "Index Scan", "Parent Relationship": "Inner", "Scan Direction": "Forward", "Index Name": "title_pkey", "Relation Name": "title", "Alias": "t", "Startup Cost": 0.0, "Total Cost": 7.86, "Plan Rows": 1, "Plan Width": 21, "Index Cond": "(id = mc.movie_id)", "Filter": "((production_year >= 2006) AND (production_year <= 2007) AND (((title)::text ~~ 'One Piece%'::text) OR ((title)::text ~~ 'Dragon Ball Z%'::text)))"}]}, {"Node Type": "Index Scan", "Parent Relationship": "Inner", "Scan Direction": "Forward", "Index Name": "movie_id_cast_info", "Relation Name": "cast_info", "Alias": "ci", "Startup Cost": 0.0, "Total Cost": 27.88, "Plan Rows": 1, "Plan Width": 12, "Index Cond": "(movie_id = mc.movie_id)", "Filter": "((note)::text = '(voice: English version)'::text)"}]}, {"Node Type": "Index Scan", "Parent Relationship": "Inner", "Scan Direction": "Forward", "Index Name": "person_id_aka_name", "Relation Name": "aka_name", "Alias": "an", "Startup Cost": 0.0, "Total Cost": 0.84, "Plan Rows": 1, "Plan Width": 20, "Index Cond": "(person_id = ci.person_id)"}]}, {"Node Type": "Index Scan", "Parent Relationship": "Inner", "Scan Direction": "Forward", "Index Name": "name_pkey", "Relation Name": "name", "Alias": "n", "Startup Cost": 0.0, "Total Cost": 0.57, "Plan Rows": 1, "Plan Width": 4, "Index Cond": "(id = an.person_id)", "Filter": "(((name)::text ~~ '%Yo%'::text) AND ((name)::text !~~ '%Yu%'::text))"}]}, {"Node Type": "Index Scan", "Parent Relationship": "Inner", "Scan Direction": "Forward", "Index Name": "role_type_pkey", "Relation Name": "role_type", "Alias": "rt", "Startup Cost": 0.0, "Total Cost": 0.27, "Plan Rows": 1, "Plan Width": 4, "Index Cond": "(id = ci.role_id)", "Filter": "((role)::text = 'actress'::text)"}]}]}, "Unique SQL Id": 3956435728, "Planner Runtime": 24}, "explain_analyze_plan": {"Plan": {"Node Type": "Aggregate", "Strategy": "Plain", "Startup Cost": 84111.26, "Total Cost": 84111.27, "Plan Rows": 1, "Plan Width": 97, "Actual Startup Time": 581.73, "Actual Total Time": 581.73, "Actual Rows": 1, "Actual Loops": 1, "Plans": [{"Node Type": "Nested Loop", "Parent Relationship": "Outer", "Join Type": "Inner", "Startup Cost": 0.0, "Total Cost": 84111.26, "Plan Rows": 1, "Plan Width": 33, "Actual Startup Time": 54.321, "Actual Total Time": 581.694, "Actual Rows": 6, "Actual Loops": 1, "Inner Unique": true, "Plans": [{"Node Type": "Nested Loop", "Parent Relationship": "Outer", "Join Type": "Inner", "Startup Cost": 0.0, "Total Cost": 84110.97, "Plan Rows": 1, "Plan Width": 37, "Actual Startup Time": 54.312, "Actual Total Time": 581.658, "Actual Rows": 6, "Actual Loops": 1, "Inner Unique": true, "Plans": [{"Node Type": "Nested Loop", "Parent Relationship": "Outer", "Join Type": "Inner", "Startup Cost": 0.0, "Total Cost": 84110.39, "Plan Rows": 1, "Plan Width": 45, "Actual Startup Time": 53.198, "Actual Total Time": 580.628, "Actual Rows": 171, "Actual Loops": 1, "Inner Unique": false, "Plans": [{"Node Type": "Nested Loop", "Parent Relationship": "Outer", "Join Type": "Inner", "Startup Cost": 0.0, "Total Cost": 84109.54, "Plan Rows": 1, "Plan Width": 25, "Actual Startup Time": 53.177, "Actual Total Time": 579.772, "Actual Rows": 104, "Actual Loops": 1, "Inner Unique": false, "Join Filter": "(t.id = ci.movie_id)", "Rows Removed by Join Filter": 0, "Plans": [{"Node Type": "Nested Loop", "Parent Relationship": "Outer", "Join Type": "Inner", "Startup Cost": 0.0, "Total Cost": 84053.76, "Plan Rows": 2, "Plan Width": 25, "Actual Startup Time": 53.042, "Actual Total Time": 579.227, "Actual Rows": 4, "Actual Loops": 1, "Inner Unique": true, "Plans": [{"Node Type": "Nested Loop", "Parent Relationship": "Outer", "Join Type": "Inner", "Startup Cost": 0.0, "Total Cost": 81991.53, "Plan Rows": 262, "Plan Width": 4, "Actual Startup Time": 0.312, "Actual Total Time": 518.839, "Actual Rows": 8495, "Actual Loops": 1, "Inner Unique": false, "Plans": [{"Node Type": "Index Scan", "Parent Relationship": "Outer", "Scan Direction": "Forward", "Index Name": "company_name_pkey", "Relation Name": "company_name", "Alias": "cn", "Startup Cost": 0.0, "Total Cost": 10501.39, "Plan Rows": 6290, "Plan Width": 4, "Actual Startup Time": 0.264, "Actual Total Time": 291.012, "Actual Rows": 6752, "Actual Loops": 1, "Filter": "((country_code)::text = '[jp]'::text)", "Rows Removed by Filter": 228244}, {"Node Type": "Index Scan", "Parent Relationship": "Inner", "Scan Direction": "Forward", "Index Name": "company_id_movie_companies", "Relation Name": "movie_companies", "Alias": "mc", "Startup Cost": 0.0, "Total Cost": 11.36, "Plan Rows": 1, "Plan Width": 8, "Actual Startup Time": 100.149, "Actual Total Time": 221.814, "Actual Rows": 8495, "Actual Loops": 6752, "Index Cond": "(company_id = cn.id)", "Rows Removed by Index Recheck": 0, "Filter": "(((note)::text ~~ '%(Japan)%'::text) AND ((note)::text !~~ '%(USA)%'::text) AND (((note)::text ~~ '%(2006)%'::text) OR ((note)::text ~~ '%(2007)%'::text)))", "Rows Removed by Filter": 96500}]}, {"Node Type": "Index Scan", "Parent Relationship": "Inner", "Scan Direction": "Forward", "Index Name": "title_pkey", "Relation Name": "title", "Alias": "t", "Startup Cost": 0.0, "Total Cost": 7.86, "Plan Rows": 1, "Plan Width": 21, "Actual Startup Time": 55.844, "Actual Total Time": 55.844, "Actual Rows": 4, "Actual Loops": 8495, "Index Cond": "(id = mc.movie_id)", "Rows Removed by Index Recheck": 0, "Filter": "((production_year >= 2006) AND (production_year <= 2007) AND (((title)::text ~~ 'One Piece%'::text) OR ((title)::text ~~ 'Dragon Ball Z%'::text)))", "Rows Removed by Filter": 8491}]}, {"Node Type": "Index Scan", "Parent Relationship": "Inner", "Scan Direction": "Forward", "Index Name": "movie_id_cast_info", "Relation Name": "cast_info", "Alias": "ci", "Startup Cost": 0.0, "Total Cost": 27.88, "Plan Rows": 1, "Plan Width": 12, "Actual Startup Time": 0.155, "Actual Total Time": 0.487, "Actual Rows": 104, "Actual Loops": 4, "Index Cond": "(movie_id = mc.movie_id)", "Rows Removed by Index Recheck": 0, "Filter": "((note)::text = '(voice: English version)'::text)", "Rows Removed by Filter": 68}]}, {"Node Type": "Index Scan", "Parent Relationship": "Inner", "Scan Direction": "Forward", "Index Name": "person_id_aka_name", "Relation Name": "aka_name", "Alias": "an", "Startup Cost": 0.0, "Total Cost": 0.84, "Plan Rows": 1, "Plan Width": 20, "Actual Startup Time": 0.629, "Actual Total Time": 0.74, "Actual Rows": 171, "Actual Loops": 104, "Index Cond": "(person_id = ci.person_id)", "Rows Removed by Index Recheck": 0}]}, {"Node Type": "Index Scan", "Parent Relationship": "Inner", "Scan Direction": "Forward", "Index Name": "name_pkey", "Relation Name": "name", "Alias": "n", "Startup Cost": 0.0, "Total Cost": 0.57, "Plan Rows": 1, "Plan Width": 4, "Actual Startup Time": 0.94, "Actual Total Time": 0.94, "Actual Rows": 6, "Actual Loops": 171, "Index Cond": "(id = an.person_id)", "Rows Removed by Index Recheck": 0, "Filter": "(((name)::text ~~ '%Yo%'::text) AND ((name)::text !~~ '%Yu%'::text))", "Rows Removed by Filter": 165}]}, {"Node Type": "Index Scan", "Parent Relationship": "Inner", "Scan Direction": "Forward", "Index Name": "role_type_pkey", "Relation Name": "role_type", "Alias": "rt", "Startup Cost": 0.0, "Total Cost": 0.27, "Plan Rows": 1, "Plan Width": 4, "Actual Startup Time": 0.022, "Actual Total Time": 0.022, "Actual Rows": 6, "Actual Loops": 6, "Index Cond": "(id = ci.role_id)", "Rows Removed by Index Recheck": 0, "Filter": "((role)::text = 'actress'::text)", "Rows Removed by Filter": 0}]}]}, "Triggers": [], "Planner Runtime": 25.043, "Total Runtime": 582.138, "Unique SQL Id": 3956435728}}, "(1, '74')": {"explain_plan": {"Plan": {"Node Type": "Aggregate", "Strategy": "Plain", "Startup Cost": 989798.35, "Total Cost": 989798.36, "Plan Rows": 1, "Plan Width": 97, "Plans": [{"Node Type": "Hash Join", "Parent Relationship": "Outer", "Join Type": "Inner", "Startup Cost": 297002.13, "Total Cost": 989798.35, "Plan Rows": 1, "Plan Width": 33, "Inner Unique": false, "Hash Cond": "(ci.movie_id = mc.movie_id)", "Plans": [{"Node Type": "Hash Join", "Parent Relationship": "Outer", "Join Type": "Inner", "Startup Cost": 223099.4, "Total Cost": 915895.27, "Plan Rows": 8, "Plan Width": 41, "Inner Unique": false, "Hash Cond": "(ci.person_id = an.person_id)", "Plans": [{"Node Type": "Hash Join", "Parent Relationship": "Outer", "Join Type": "Inner", "Startup Cost": 85353.92, "Total Cost": 778148.94, "Plan Rows": 43, "Plan Width": 29, "Inner Unique": true, "Hash Cond": "(ci.role_id = rt.id)", "Plans": [{"Node Type": "Hash Join", "Parent Relationship": "Outer", "Join Type": "Inner", "Startup Cost": 85352.76, "Total Cost": 778147.58, "Plan Rows": 43, "Plan Width": 33, "Inner Unique": true, "Hash Cond": "(ci.movie_id = t.id)", "Plans": [{"Node Type": "Seq Scan", "Parent Relationship": "Outer", "Relation Name": "cast_info", "Alias": "ci", "Startup Cost": 0.0, "Total Cost": 692526.68, "Plan Rows": 96692, "Plan Width": 12, "Filter": "((note)::text = '(voice: English version)'::text)"}, {"Node Type": "Hash", "Parent Relationship": "Inner", "Startup Cost": 85352.22, "Total Cost": 85352.22, "Plan Rows": 43, "Plan Width": 21, "Plans": [{"Node Type": "Seq Scan", "Parent Relationship": "Outer", "Relation Name": "title", "Alias": "t", "Startup Cost": 4536.65, "Total Cost": 85352.22, "Plan Rows": 43, "Plan Width": 21, "Filter": "((production_year >= 2006) AND (production_year <= 2007) AND (((title)::text ~~ 'One Piece%'::text) OR ((title)::text ~~ 'Dragon Ball Z%'::text)))"}]}]}, {"Node Type": "Hash", "Parent Relationship": "Inner", "Startup Cost": 1.15, "Total Cost": 1.15, "Plan Rows": 1, "Plan Width": 4, "Plans": [{"Node Type": "Seq Scan", "Parent Relationship": "Outer", "Relation Name": "role_type", "Alias": "rt", "Startup Cost": 0.0, "Total Cost": 1.15, "Plan Rows": 1, "Plan Width": 4, "Filter": "((role)::text = 'actress'::text)"}]}]}, {"Node Type": "Hash", "Parent Relationship": "Inner", "Startup Cost": 137537.65, "Total Cost": 137537.65, "Plan Rows": 16627, "Plan Width": 24, "Plans": [{"Node Type": "Hash Join", "Parent Relationship": "Outer", "Join Type": "Inner", "Startup Cost": 114082.93, "Total Cost": 137537.65, "Plan Rows": 16627, "Plan Width": 24, "Inner Unique": true, "Hash Cond": "(an.person_id = n.id)", "Plans": [{"Node Type": "Seq Scan", "Parent Relationship": "Outer", "Relation Name": "aka_name", "Alias": "an", "Startup Cost": 0.0, "Total Cost": 19908.42, "Plan Rows": 901342, "Plan Width": 20}, {"Node Type": "Hash", "Parent Relationship": "Inner", "Startup Cost": 113909.35, "Total Cost": 113909.35, "Plan Rows": 13886, "Plan Width": 4, "Plans": [{"Node Type": "Seq Scan", "Parent Relationship": "Outer", "Relation Name": "name", "Alias": "n", "Startup Cost": 0.0, "Total Cost": 113909.35, "Plan Rows": 13886, "Plan Width": 4, "Filter": "(((name)::text ~~ '%Yo%'::text) AND ((name)::text !~~ '%Yu%'::text))"}]}]}]}]}, {"Node Type": "Hash", "Parent Relationship": "Inner", "Startup Cost": 73899.45, "Total Cost": 73899.45, "Plan Rows": 262, "Plan Width": 4, "Plans": [{"Node Type": "Hash Join", "Parent Relationship": "Outer", "Join Type": "Inner", "Startup Cost": 5982.08, "Total Cost": 73899.45, "Plan Rows": 262, "Plan Width": 4, "Inner Unique": true, "Hash Cond": "(mc.company_id = cn.id)", "Plans": [{"Node Type": "Seq Scan", "Parent Relationship": "Outer", "Relation Name": "movie_companies", "Alias": "mc", "Startup Cost": 0.0, "Total Cost": 67908.56, "Plan Rows": 1652, "Plan Width": 8, "Filter": "(((note)::text ~~ '%(Japan)%'::text) AND ((note)::text !~~ '%(USA)%'::text) AND (((note)::text ~~ '%(2006)%'::text) OR ((note)::text ~~ '%(2007)%'::text)))"}, {"Node Type": "Hash", "Parent Relationship": "Inner", "Startup Cost": 5903.45, "Total Cost": 5903.45, "Plan Rows": 6290, "Plan Width": 4, "Plans": [{"Node Type": "Seq Scan", "Parent Relationship": "Outer", "Relation Name": "company_name", "Alias": "cn", "Startup Cost": 0.0, "Total Cost": 5903.45, "Plan Rows": 6290, "Plan Width": 4, "Filter": "((country_code)::text = '[jp]'::text)"}]}]}]}]}]}, "Unique SQL Id": 3956435728, "Planner Runtime": 62}, "explain_analyze_plan": null}, "(1, '75')": {"explain_plan": {"Plan": {"Node Type": "Aggregate", "Strategy": "Plain", "Startup Cost": 6721937472732.24, "Total Cost": 6721937472732.25, "Plan Rows": 1, "Plan Width": 97, "Plans": [{"Node Type": "Hash Join", "Parent Relationship": "Outer", "Join Type": "Inner", "Startup Cost": 3040079753570.94, "Total Cost": 6721937472732.24, "Plan Rows": 1, "Plan Width": 33, "Inner Unique": true, "Hash Cond": "(ci.role_id = rt.id)", "Plans": [{"Node Type": "Nested Loop", "Parent Relationship": "Outer", "Join Type": "Inner", "Startup Cost": 2040079752324.93, "Total Cost": 5721937471486.21, "Plan Rows": 1, "Plan Width": 37, "Inner Unique": true, "Plans": [{"Node Type": "Hash Join", "Parent Relationship": "Outer", "Join Type": "Inner", "Startup Cost": 2030079752324.93, "Total Cost": 4721937471048.78, "Plan Rows": 1, "Plan Width": 41, "Inner Unique": false, "Hash Cond": "(ci.movie_id = mc.movie_id)", "Plans": [{"Node Type": "Hash Join", "Parent Relationship": "Outer", "Join Type": "Inner", "Startup Cost": 1030064775826.29, "Total Cost": 3721922494536.56, "Plan Rows": 53, "Plan Width": 45, "Inner Unique": true, "Hash Cond": "(ci.movie_id = t.id)", "Plans": [{"Node Type": "Merge Join", "Parent Relationship": "Outer", "Join Type": "Inner", "Startup Cost": 30051235465.84, "Total Cost": 2721908954128.06, "Plan Rows": 17161, "Plan Width": 24, "Inner Unique": false, "Merge Cond": "(an.person_id = ci.person_id)", "Plans": [{"Node Type": "Merge Join", "Parent Relationship": "Outer", "Join Type": "Inner", "Startup Cost": 20030754356.47, "Total Cost": 2000026606025.89, "Plan Rows": 16627, "Plan Width": 24, "Inner Unique": true, "Merge Cond": "(an.person_id = n.id)", "Plans": [{"Node Type": "Index Scan", "Parent Relationship": "Outer", "Scan Direction": "Forward", "Index Name": "person_id_aka_name", "Relation Name": "aka_name", "Alias": "an", "Startup Cost": 10000000000.0, "Total Cost": 1000006896503.43, "Plan Rows": 901342, "Plan Width": 20}, {"Node Type": "Materialize", "Parent Relationship": "Inner", "Startup Cost": 10000000000.0, "Total Cost": 1000019707054.42, "Plan Rows": 13886, "Plan Width": 4, "Plans": [{"Node Type": "Index Scan", "Parent Relationship": "Outer", "Scan Direction": "Forward", "Index Name": "name_pkey", "Relation Name": "name", "Alias": "n", "Startup Cost": 10000000000.0, "Total Cost": 1000019707019.7, "Plan Rows": 13886, "Plan Width": 4, "Filter": "(((name)::text ~~ '%Yo%'::text) AND ((name)::text !~~ '%Yu%'::text))"}]}]}, {"Node Type": "Index Scan", "Parent Relationship": "Inner", "Scan Direction": "Forward", "Index Name": "person_id_cast_info", "Relation Name": "cast_info", "Alias": "ci", "Startup Cost": 10000000000.0, "Total Cost": 1000179713706.71, "Plan Rows": 96692, "Plan Width": 12, "Filter": "((note)::text = '(voice: English version)'::text)"}]}, {"Node Type": "Hash", "Parent Relationship": "Inner", "Startup Cost": 1000013540359.91, "Total Cost": 1000013540359.91, "Plan Rows": 43, "Plan Width": 21, "Plans": [{"Node Type": "Index Scan", "Parent Relationship": "Outer", "Scan Direction": "Forward", "Index Name": "title_pkey", "Relation Name": "title", "Alias": "t", "Startup Cost": 10000000000.0, "Total Cost": 1000013540359.91, "Plan Rows": 43, "Plan Width": 21, "Filter": "((production_year >= 2006) AND (production_year <= 2007) AND (((title)::text ~~ 'One Piece%'::text) OR ((title)::text ~~ 'Dragon Ball Z%'::text)))"}]}]}, {"Node Type": "Hash", "Parent Relationship": "Inner", "Startup Cost": 1000014976477.98, "Total Cost": 1000014976477.98, "Plan Rows": 1652, "Plan Width": 8, "Plans": [{"Node Type": "Index Scan", "Parent Relationship": "Outer", "Scan Direction": "Forward", "Index Name": "company_id_movie_companies", "Relation Name": "movie_companies", "Alias": "mc", "Startup Cost": 10000000000.0, "Total Cost": 1000014976477.98, "Plan Rows": 1652, "Plan Width": 8, "Filter": "(((note)::text ~~ '%(Japan)%'::text) AND ((note)::text !~~ '%(USA)%'::text) AND (((note)::text ~~ '%(2006)%'::text) OR ((note)::text ~~ '%(2007)%'::text)))"}]}]}, {"Node Type": "Index Scan", "Parent Relationship": "Inner", "Scan Direction": "Forward", "Index Name": "company_name_pkey", "Relation Name": "company_name", "Alias": "cn", "Startup Cost": 10000000000.0, "Total Cost": 1000000000437.42, "Plan Rows": 1, "Plan Width": 4, "Index Cond": "(id = mc.company_id)", "Filter": "((country_code)::text = '[jp]'::text)"}]}, {"Node Type": "Hash", "Parent Relationship": "Inner", "Startup Cost": 1000000001246.0, "Total Cost": 1000000001246.0, "Plan Rows": 1, "Plan Width": 4, "Plans": [{"Node Type": "Index Scan", "Parent Relationship": "Outer", "Scan Direction": "Forward", "Index Name": "role_type_pkey", "Relation Name": "role_type", "Alias": "rt", "Startup Cost": 10000000000.0, "Total Cost": 1000000001246.0, "Plan Rows": 1, "Plan Width": 4, "Filter": "((role)::text = 'actress'::text)"}]}]}]}, "Unique SQL Id": 3956435728, "Planner Runtime": 115}, "explain_analyze_plan": null}, "(1, '76')": {"explain_plan": {"Plan": {"Node Type": "Aggregate", "Strategy": "Plain", "Startup Cost": 76019.18, "Total Cost": 76019.19, "Plan Rows": 1, "Plan Width": 97, "Plans": [{"Node Type": "Nested Loop", "Parent Relationship": "Outer", "Join Type": "Inner", "Startup Cost": 5982.08, "Total Cost": 76019.18, "Plan Rows": 1, "Plan Width": 33, "Inner Unique": true, "Plans": [{"Node Type": "Nested Loop", "Parent Relationship": "Outer", "Join Type": "Inner", "Startup Cost": 5982.08, "Total Cost": 76018.9, "Plan Rows": 1, "Plan Width": 37, "Inner Unique": true, "Plans": [{"Node Type": "Nested Loop", "Parent Relationship": "Outer", "Join Type": "Inner", "Startup Cost": 5982.08, "Total Cost": 76018.31, "Plan Rows": 1, "Plan Width": 45, "Inner Unique": false, "Plans": [{"Node Type": "Nested Loop", "Parent Relationship": "Outer", "Join Type": "Inner", "Startup Cost": 5982.08, "Total Cost": 76017.46, "Plan Rows": 1, "Plan Width": 25, "Inner Unique": false, "Join Filter": "(t.id = ci.movie_id)", "Plans": [{"Node Type": "Nested Loop", "Parent Relationship": "Outer", "Join Type": "Inner", "Startup Cost": 5982.08, "Total Cost": 75961.68, "Plan Rows": 2, "Plan Width": 25, "Inner Unique": true, "Plans": [{"Node Type": "Hash Join", "Parent Relationship": "Outer", "Join Type": "Inner", "Startup Cost": 5982.08, "Total Cost": 73899.45, "Plan Rows": 262, "Plan Width": 4, "Inner Unique": true, "Hash Cond": "(mc.company_id = cn.id)", "Plans": [{"Node Type": "Seq Scan", "Parent Relationship": "Outer", "Relation Name": "movie_companies", "Alias": "mc", "Startup Cost": 0.0, "Total Cost": 67908.56, "Plan Rows": 1652, "Plan Width": 8, "Filter": "(((note)::text ~~ '%(Japan)%'::text) AND ((note)::text !~~ '%(USA)%'::text) AND (((note)::text ~~ '%(2006)%'::text) OR ((note)::text ~~ '%(2007)%'::text)))"}, {"Node Type": "Hash", "Parent Relationship": "Inner", "Startup Cost": 5903.45, "Total Cost": 5903.45, "Plan Rows": 6290, "Plan Width": 4, "Plans": [{"Node Type": "Seq Scan", "Parent Relationship": "Outer", "Relation Name": "company_name", "Alias": "cn", "Startup Cost": 0.0, "Total Cost": 5903.45, "Plan Rows": 6290, "Plan Width": 4, "Filter": "((country_code)::text = '[jp]'::text)"}]}]}, {"Node Type": "Index Scan", "Parent Relationship": "Inner", "Scan Direction": "Forward", "Index Name": "title_pkey", "Relation Name": "title", "Alias": "t", "Startup Cost": 0.0, "Total Cost": 7.86, "Plan Rows": 1, "Plan Width": 21, "Index Cond": "(id = mc.movie_id)", "Filter": "((production_year >= 2006) AND (production_year <= 2007) AND (((title)::text ~~ 'One Piece%'::text) OR ((title)::text ~~ 'Dragon Ball Z%'::text)))"}]}, {"Node Type": "Index Scan", "Parent Relationship": "Inner", "Scan Direction": "Forward", "Index Name": "movie_id_cast_info", "Relation Name": "cast_info", "Alias": "ci", "Startup Cost": 0.0, "Total Cost": 27.88, "Plan Rows": 1, "Plan Width": 12, "Index Cond": "(movie_id = mc.movie_id)", "Filter": "((note)::text = '(voice: English version)'::text)"}]}, {"Node Type": "Index Scan", "Parent Relationship": "Inner", "Scan Direction": "Forward", "Index Name": "person_id_aka_name", "Relation Name": "aka_name", "Alias": "an", "Startup Cost": 0.0, "Total Cost": 0.84, "Plan Rows": 1, "Plan Width": 20, "Index Cond": "(person_id = ci.person_id)"}]}, {"Node Type": "Index Scan", "Parent Relationship": "Inner", "Scan Direction": "Forward", "Index Name": "name_pkey", "Relation Name": "name", "Alias": "n", "Startup Cost": 0.0, "Total Cost": 0.57, "Plan Rows": 1, "Plan Width": 4, "Index Cond": "(id = an.person_id)", "Filter": "(((name)::text ~~ '%Yo%'::text) AND ((name)::text !~~ '%Yu%'::text))"}]}, {"Node Type": "Index Scan", "Parent Relationship": "Inner", "Scan Direction": "Forward", "Index Name": "role_type_pkey", "Relation Name": "role_type", "Alias": "rt", "Startup Cost": 0.0, "Total Cost": 0.27, "Plan Rows": 1, "Plan Width": 4, "Index Cond": "(id = ci.role_id)", "Filter": "((role)::text = 'actress'::text)"}]}]}, "Unique SQL Id": 3956435728, "Planner Runtime": 21}, "explain_analyze_plan": {"Plan": {"Node Type": "Aggregate", "Strategy": "Plain", "Startup Cost": 76019.18, "Total Cost": 76019.19, "Plan Rows": 1, "Plan Width": 97, "Actual Startup Time": 1150.019, "Actual Total Time": 1150.02, "Actual Rows": 1, "Actual Loops": 1, "Plans": [{"Node Type": "Nested Loop", "Parent Relationship": "Outer", "Join Type": "Inner", "Startup Cost": 5982.08, "Total Cost": 76019.18, "Plan Rows": 1, "Plan Width": 33, "Actual Startup Time": 445.745, "Actual Total Time": 1149.979, "Actual Rows": 6, "Actual Loops": 1, "Inner Unique": true, "Plans": [{"Node Type": "Nested Loop", "Parent Relationship": "Outer", "Join Type": "Inner", "Startup Cost": 5982.08, "Total Cost": 76018.9, "Plan Rows": 1, "Plan Width": 37, "Actual Startup Time": 445.724, "Actual Total Time": 1149.932, "Actual Rows": 6, "Actual Loops": 1, "Inner Unique": true, "Plans": [{"Node Type": "Nested Loop", "Parent Relationship": "Outer", "Join Type": "Inner", "Startup Cost": 5982.08, "Total Cost": 76018.31, "Plan Rows": 1, "Plan Width": 45, "Actual Startup Time": 445.108, "Actual Total Time": 1148.889, "Actual Rows": 171, "Actual Loops": 1, "Inner Unique": false, "Plans": [{"Node Type": "Nested Loop", "Parent Relationship": "Outer", "Join Type": "Inner", "Startup Cost": 5982.08, "Total Cost": 76017.46, "Plan Rows": 1, "Plan Width": 25, "Actual Startup Time": 445.082, "Actual Total Time": 1148.012, "Actual Rows": 104, "Actual Loops": 1, "Inner Unique": false, "Join Filter": "(t.id = ci.movie_id)", "Rows Removed by Join Filter": 0, "Plans": [{"Node Type": "Nested Loop", "Parent Relationship": "Outer", "Join Type": "Inner", "Startup Cost": 5982.08, "Total Cost": 75961.68, "Plan Rows": 2, "Plan Width": 25, "Actual Startup Time": 445.02, "Actual Total Time": 1147.431, "Actual Rows": 4, "Actual Loops": 1, "Inner Unique": true, "Plans": [{"Node Type": "Hash Join", "Parent Relationship": "Outer", "Join Type": "Inner", "Startup Cost": 5982.08, "Total Cost": 73899.45, "Plan Rows": 262, "Plan Width": 4, "Actual Startup Time": 89.577, "Actual Total Time": 1092.318, "Actual Rows": 8495, "Actual Loops": 1, "Inner Unique": true, "Hash Cond": "(mc.company_id = cn.id)", "Plans": [{"Node Type": "Seq Scan", "Parent Relationship": "Outer", "Relation Name": "movie_companies", "Alias": "mc", "Startup Cost": 0.0, "Total Cost": 67908.56, "Plan Rows": 1652, "Plan Width": 8, "Actual Startup Time": 0.283, "Actual Total Time": 997.739, "Actual Rows": 8569, "Actual Loops": 1, "Filter": "(((note)::text ~~ '%(Japan)%'::text) AND ((note)::text !~~ '%(USA)%'::text) AND (((note)::text ~~ '%(2006)%'::text) OR ((note)::text ~~ '%(2007)%'::text)))", "Rows Removed by Filter": 2600559}, {"Node Type": "Hash", "Parent Relationship": "Inner", "Startup Cost": 5903.45, "Total Cost": 5903.45, "Plan Rows": 6290, "Plan Width": 4, "Actual Startup Time": 89.227, "Actual Total Time": 89.227, "Actual Rows": 6752, "Actual Loops": 1, "Hash Buckets": 32768, "Hash Batches": 1, "Original Hash Batches": 1, "Peak Memory Usage": 238, "Plans": [{"Node Type": "Seq Scan", "Parent Relationship": "Outer", "Relation Name": "company_name", "Alias": "cn", "Startup Cost": 0.0, "Total Cost": 5903.45, "Plan Rows": 6290, "Plan Width": 4, "Actual Startup Time": 0.03, "Actual Total Time": 86.954, "Actual Rows": 6752, "Actual Loops": 1, "Filter": "((country_code)::text = '[jp]'::text)", "Rows Removed by Filter": 228244}]}]}, {"Node Type": "Index Scan", "Parent Relationship": "Inner", "Scan Direction": "Forward", "Index Name": "title_pkey", "Relation Name": "title", "Alias": "t", "Startup Cost": 0.0, "Total Cost": 7.86, "Plan Rows": 1, "Plan Width": 21, "Actual Startup Time": 50.564, "Actual Total Time": 50.564, "Actual Rows": 4, "Actual Loops": 8495, "Index Cond": "(id = mc.movie_id)", "Rows Removed by Index Recheck": 0, "Filter": "((production_year >= 2006) AND (production_year <= 2007) AND (((title)::text ~~ 'One Piece%'::text) OR ((title)::text ~~ 'Dragon Ball Z%'::text)))", "Rows Removed by Filter": 8491}]}, {"Node Type": "Index Scan", "Parent Relationship": "Inner", "Scan Direction": "Forward", "Index Name": "movie_id_cast_info", "Relation Name": "cast_info", "Alias": "ci", "Startup Cost": 0.0, "Total Cost": 27.88, "Plan Rows": 1, "Plan Width": 12, "Actual Startup Time": 0.171, "Actual Total Time": 0.512, "Actual Rows": 104, "Actual Loops": 4, "Index Cond": "(movie_id = mc.movie_id)", "Rows Removed by Index Recheck": 0, "Filter": "((note)::text = '(voice: English version)'::text)", "Rows Removed by Filter": 68}]}, {"Node Type": "Index Scan", "Parent Relationship": "Inner", "Scan Direction": "Forward", "Index Name": "person_id_aka_name", "Relation Name": "aka_name", "Alias": "an", "Startup Cost": 0.0, "Total Cost": 0.84, "Plan Rows": 1, "Plan Width": 20, "Actual Startup Time": 0.648, "Actual Total Time": 0.763, "Actual Rows": 171, "Actual Loops": 104, "Index Cond": "(person_id = ci.person_id)", "Rows Removed by Index Recheck": 0}]}, {"Node Type": "Index Scan", "Parent Relationship": "Inner", "Scan Direction": "Forward", "Index Name": "name_pkey", "Relation Name": "name", "Alias": "n", "Startup Cost": 0.0, "Total Cost": 0.57, "Plan Rows": 1, "Plan Width": 4, "Actual Startup Time": 0.944, "Actual Total Time": 0.944, "Actual Rows": 6, "Actual Loops": 171, "Index Cond": "(id = an.person_id)", "Rows Removed by Index Recheck": 0, "Filter": "(((name)::text ~~ '%Yo%'::text) AND ((name)::text !~~ '%Yu%'::text))", "Rows Removed by Filter": 165}]}, {"Node Type": "Index Scan", "Parent Relationship": "Inner", "Scan Direction": "Forward", "Index Name": "role_type_pkey", "Relation Name": "role_type", "Alias": "rt", "Startup Cost": 0.0, "Total Cost": 0.27, "Plan Rows": 1, "Plan Width": 4, "Actual Startup Time": 0.031, "Actual Total Time": 0.031, "Actual Rows": 6, "Actual Loops": 6, "Index Cond": "(id = ci.role_id)", "Rows Removed by Index Recheck": 0, "Filter": "((role)::text = 'actress'::text)", "Rows Removed by Filter": 0}]}]}, "Triggers": [], "Planner Runtime": 21.278, "Total Runtime": 1150.324, "Unique SQL Id": 3956435728}}, "(1, '77')": {"explain_plan": {"Plan": {"Node Type": "Aggregate", "Strategy": "Plain", "Startup Cost": 84111.26, "Total Cost": 84111.27, "Plan Rows": 1, "Plan Width": 97, "Plans": [{"Node Type": "Nested Loop", "Parent Relationship": "Outer", "Join Type": "Inner", "Startup Cost": 0.0, "Total Cost": 84111.26, "Plan Rows": 1, "Plan Width": 33, "Inner Unique": true, "Plans": [{"Node Type": "Nested Loop", "Parent Relationship": "Outer", "Join Type": "Inner", "Startup Cost": 0.0, "Total Cost": 84110.97, "Plan Rows": 1, "Plan Width": 37, "Inner Unique": true, "Plans": [{"Node Type": "Nested Loop", "Parent Relationship": "Outer", "Join Type": "Inner", "Startup Cost": 0.0, "Total Cost": 84110.39, "Plan Rows": 1, "Plan Width": 45, "Inner Unique": false, "Plans": [{"Node Type": "Nested Loop", "Parent Relationship": "Outer", "Join Type": "Inner", "Startup Cost": 0.0, "Total Cost": 84109.54, "Plan Rows": 1, "Plan Width": 25, "Inner Unique": false, "Join Filter": "(t.id = ci.movie_id)", "Plans": [{"Node Type": "Nested Loop", "Parent Relationship": "Outer", "Join Type": "Inner", "Startup Cost": 0.0, "Total Cost": 84053.76, "Plan Rows": 2, "Plan Width": 25, "Inner Unique": true, "Plans": [{"Node Type": "Nested Loop", "Parent Relationship": "Outer", "Join Type": "Inner", "Startup Cost": 0.0, "Total Cost": 81991.53, "Plan Rows": 262, "Plan Width": 4, "Inner Unique": false, "Plans": [{"Node Type": "Index Scan", "Parent Relationship": "Outer", "Scan Direction": "Forward", "Index Name": "company_name_pkey", "Relation Name": "company_name", "Alias": "cn", "Startup Cost": 0.0, "Total Cost": 10501.39, "Plan Rows": 6290, "Plan Width": 4, "Filter": "((country_code)::text = '[jp]'::text)"}, {"Node Type": "Index Scan", "Parent Relationship": "Inner", "Scan Direction": "Forward", "Index Name": "company_id_movie_companies", "Relation Name": "movie_companies", "Alias": "mc", "Startup Cost": 0.0, "Total Cost": 11.36, "Plan Rows": 1, "Plan Width": 8, "Index Cond": "(company_id = cn.id)", "Filter": "(((note)::text ~~ '%(Japan)%'::text) AND ((note)::text !~~ '%(USA)%'::text) AND (((note)::text ~~ '%(2006)%'::text) OR ((note)::text ~~ '%(2007)%'::text)))"}]}, {"Node Type": "Index Scan", "Parent Relationship": "Inner", "Scan Direction": "Forward", "Index Name": "title_pkey", "Relation Name": "title", "Alias": "t", "Startup Cost": 0.0, "Total Cost": 7.86, "Plan Rows": 1, "Plan Width": 21, "Index Cond": "(id = mc.movie_id)", "Filter": "((production_year >= 2006) AND (production_year <= 2007) AND (((title)::text ~~ 'One Piece%'::text) OR ((title)::text ~~ 'Dragon Ball Z%'::text)))"}]}, {"Node Type": "Index Scan", "Parent Relationship": "Inner", "Scan Direction": "Forward", "Index Name": "movie_id_cast_info", "Relation Name": "cast_info", "Alias": "ci", "Startup Cost": 0.0, "Total Cost": 27.88, "Plan Rows": 1, "Plan Width": 12, "Index Cond": "(movie_id = mc.movie_id)", "Filter": "((note)::text = '(voice: English version)'::text)"}]}, {"Node Type": "Index Scan", "Parent Relationship": "Inner", "Scan Direction": "Forward", "Index Name": "person_id_aka_name", "Relation Name": "aka_name", "Alias": "an", "Startup Cost": 0.0, "Total Cost": 0.84, "Plan Rows": 1, "Plan Width": 20, "Index Cond": "(person_id = ci.person_id)"}]}, {"Node Type": "Index Scan", "Parent Relationship": "Inner", "Scan Direction": "Forward", "Index Name": "name_pkey", "Relation Name": "name", "Alias": "n", "Startup Cost": 0.0, "Total Cost": 0.57, "Plan Rows": 1, "Plan Width": 4, "Index Cond": "(id = an.person_id)", "Filter": "(((name)::text ~~ '%Yo%'::text) AND ((name)::text !~~ '%Yu%'::text))"}]}, {"Node Type": "Index Scan", "Parent Relationship": "Inner", "Scan Direction": "Forward", "Index Name": "role_type_pkey", "Relation Name": "role_type", "Alias": "rt", "Startup Cost": 0.0, "Total Cost": 0.27, "Plan Rows": 1, "Plan Width": 4, "Index Cond": "(id = ci.role_id)", "Filter": "((role)::text = 'actress'::text)"}]}]}, "Unique SQL Id": 3956435728, "Planner Runtime": 24}, "explain_analyze_plan": {"Plan": {"Node Type": "Aggregate", "Strategy": "Plain", "Startup Cost": 84111.26, "Total Cost": 84111.27, "Plan Rows": 1, "Plan Width": 97, "Actual Startup Time": 581.73, "Actual Total Time": 581.73, "Actual Rows": 1, "Actual Loops": 1, "Plans": [{"Node Type": "Nested Loop", "Parent Relationship": "Outer", "Join Type": "Inner", "Startup Cost": 0.0, "Total Cost": 84111.26, "Plan Rows": 1, "Plan Width": 33, "Actual Startup Time": 54.321, "Actual Total Time": 581.694, "Actual Rows": 6, "Actual Loops": 1, "Inner Unique": true, "Plans": [{"Node Type": "Nested Loop", "Parent Relationship": "Outer", "Join Type": "Inner", "Startup Cost": 0.0, "Total Cost": 84110.97, "Plan Rows": 1, "Plan Width": 37, "Actual Startup Time": 54.312, "Actual Total Time": 581.658, "Actual Rows": 6, "Actual Loops": 1, "Inner Unique": true, "Plans": [{"Node Type": "Nested Loop", "Parent Relationship": "Outer", "Join Type": "Inner", "Startup Cost": 0.0, "Total Cost": 84110.39, "Plan Rows": 1, "Plan Width": 45, "Actual Startup Time": 53.198, "Actual Total Time": 580.628, "Actual Rows": 171, "Actual Loops": 1, "Inner Unique": false, "Plans": [{"Node Type": "Nested Loop", "Parent Relationship": "Outer", "Join Type": "Inner", "Startup Cost": 0.0, "Total Cost": 84109.54, "Plan Rows": 1, "Plan Width": 25, "Actual Startup Time": 53.177, "Actual Total Time": 579.772, "Actual Rows": 104, "Actual Loops": 1, "Inner Unique": false, "Join Filter": "(t.id = ci.movie_id)", "Rows Removed by Join Filter": 0, "Plans": [{"Node Type": "Nested Loop", "Parent Relationship": "Outer", "Join Type": "Inner", "Startup Cost": 0.0, "Total Cost": 84053.76, "Plan Rows": 2, "Plan Width": 25, "Actual Startup Time": 53.042, "Actual Total Time": 579.227, "Actual Rows": 4, "Actual Loops": 1, "Inner Unique": true, "Plans": [{"Node Type": "Nested Loop", "Parent Relationship": "Outer", "Join Type": "Inner", "Startup Cost": 0.0, "Total Cost": 81991.53, "Plan Rows": 262, "Plan Width": 4, "Actual Startup Time": 0.312, "Actual Total Time": 518.839, "Actual Rows": 8495, "Actual Loops": 1, "Inner Unique": false, "Plans": [{"Node Type": "Index Scan", "Parent Relationship": "Outer", "Scan Direction": "Forward", "Index Name": "company_name_pkey", "Relation Name": "company_name", "Alias": "cn", "Startup Cost": 0.0, "Total Cost": 10501.39, "Plan Rows": 6290, "Plan Width": 4, "Actual Startup Time": 0.264, "Actual Total Time": 291.012, "Actual Rows": 6752, "Actual Loops": 1, "Filter": "((country_code)::text = '[jp]'::text)", "Rows Removed by Filter": 228244}, {"Node Type": "Index Scan", "Parent Relationship": "Inner", "Scan Direction": "Forward", "Index Name": "company_id_movie_companies", "Relation Name": "movie_companies", "Alias": "mc", "Startup Cost": 0.0, "Total Cost": 11.36, "Plan Rows": 1, "Plan Width": 8, "Actual Startup Time": 100.149, "Actual Total Time": 221.814, "Actual Rows": 8495, "Actual Loops": 6752, "Index Cond": "(company_id = cn.id)", "Rows Removed by Index Recheck": 0, "Filter": "(((note)::text ~~ '%(Japan)%'::text) AND ((note)::text !~~ '%(USA)%'::text) AND (((note)::text ~~ '%(2006)%'::text) OR ((note)::text ~~ '%(2007)%'::text)))", "Rows Removed by Filter": 96500}]}, {"Node Type": "Index Scan", "Parent Relationship": "Inner", "Scan Direction": "Forward", "Index Name": "title_pkey", "Relation Name": "title", "Alias": "t", "Startup Cost": 0.0, "Total Cost": 7.86, "Plan Rows": 1, "Plan Width": 21, "Actual Startup Time": 55.844, "Actual Total Time": 55.844, "Actual Rows": 4, "Actual Loops": 8495, "Index Cond": "(id = mc.movie_id)", "Rows Removed by Index Recheck": 0, "Filter": "((production_year >= 2006) AND (production_year <= 2007) AND (((title)::text ~~ 'One Piece%'::text) OR ((title)::text ~~ 'Dragon Ball Z%'::text)))", "Rows Removed by Filter": 8491}]}, {"Node Type": "Index Scan", "Parent Relationship": "Inner", "Scan Direction": "Forward", "Index Name": "movie_id_cast_info", "Relation Name": "cast_info", "Alias": "ci", "Startup Cost": 0.0, "Total Cost": 27.88, "Plan Rows": 1, "Plan Width": 12, "Actual Startup Time": 0.155, "Actual Total Time": 0.487, "Actual Rows": 104, "Actual Loops": 4, "Index Cond": "(movie_id = mc.movie_id)", "Rows Removed by Index Recheck": 0, "Filter": "((note)::text = '(voice: English version)'::text)", "Rows Removed by Filter": 68}]}, {"Node Type": "Index Scan", "Parent Relationship": "Inner", "Scan Direction": "Forward", "Index Name": "person_id_aka_name", "Relation Name": "aka_name", "Alias": "an", "Startup Cost": 0.0, "Total Cost": 0.84, "Plan Rows": 1, "Plan Width": 20, "Actual Startup Time": 0.629, "Actual Total Time": 0.74, "Actual Rows": 171, "Actual Loops": 104, "Index Cond": "(person_id = ci.person_id)", "Rows Removed by Index Recheck": 0}]}, {"Node Type": "Index Scan", "Parent Relationship": "Inner", "Scan Direction": "Forward", "Index Name": "name_pkey", "Relation Name": "name", "Alias": "n", "Startup Cost": 0.0, "Total Cost": 0.57, "Plan Rows": 1, "Plan Width": 4, "Actual Startup Time": 0.94, "Actual Total Time": 0.94, "Actual Rows": 6, "Actual Loops": 171, "Index Cond": "(id = an.person_id)", "Rows Removed by Index Recheck": 0, "Filter": "(((name)::text ~~ '%Yo%'::text) AND ((name)::text !~~ '%Yu%'::text))", "Rows Removed by Filter": 165}]}, {"Node Type": "Index Scan", "Parent Relationship": "Inner", "Scan Direction": "Forward", "Index Name": "role_type_pkey", "Relation Name": "role_type", "Alias": "rt", "Startup Cost": 0.0, "Total Cost": 0.27, "Plan Rows": 1, "Plan Width": 4, "Actual Startup Time": 0.022, "Actual Total Time": 0.022, "Actual Rows": 6, "Actual Loops": 6, "Index Cond": "(id = ci.role_id)", "Rows Removed by Index Recheck": 0, "Filter": "((role)::text = 'actress'::text)", "Rows Removed by Filter": 0}]}]}, "Triggers": [], "Planner Runtime": 25.043, "Total Runtime": 582.138, "Unique SQL Id": 3956435728}}, "(1, '78')": {"explain_plan": {"Plan": {"Node Type": "Aggregate", "Strategy": "Plain", "Startup Cost": 989798.35, "Total Cost": 989798.36, "Plan Rows": 1, "Plan Width": 97, "Plans": [{"Node Type": "Hash Join", "Parent Relationship": "Outer", "Join Type": "Inner", "Startup Cost": 297002.13, "Total Cost": 989798.35, "Plan Rows": 1, "Plan Width": 33, "Inner Unique": false, "Hash Cond": "(ci.movie_id = mc.movie_id)", "Plans": [{"Node Type": "Hash Join", "Parent Relationship": "Outer", "Join Type": "Inner", "Startup Cost": 223099.4, "Total Cost": 915895.27, "Plan Rows": 8, "Plan Width": 41, "Inner Unique": false, "Hash Cond": "(ci.person_id = an.person_id)", "Plans": [{"Node Type": "Hash Join", "Parent Relationship": "Outer", "Join Type": "Inner", "Startup Cost": 85353.92, "Total Cost": 778148.94, "Plan Rows": 43, "Plan Width": 29, "Inner Unique": true, "Hash Cond": "(ci.role_id = rt.id)", "Plans": [{"Node Type": "Hash Join", "Parent Relationship": "Outer", "Join Type": "Inner", "Startup Cost": 85352.76, "Total Cost": 778147.58, "Plan Rows": 43, "Plan Width": 33, "Inner Unique": true, "Hash Cond": "(ci.movie_id = t.id)", "Plans": [{"Node Type": "Seq Scan", "Parent Relationship": "Outer", "Relation Name": "cast_info", "Alias": "ci", "Startup Cost": 0.0, "Total Cost": 692526.68, "Plan Rows": 96692, "Plan Width": 12, "Filter": "((note)::text = '(voice: English version)'::text)"}, {"Node Type": "Hash", "Parent Relationship": "Inner", "Startup Cost": 85352.22, "Total Cost": 85352.22, "Plan Rows": 43, "Plan Width": 21, "Plans": [{"Node Type": "Seq Scan", "Parent Relationship": "Outer", "Relation Name": "title", "Alias": "t", "Startup Cost": 4536.65, "Total Cost": 85352.22, "Plan Rows": 43, "Plan Width": 21, "Filter": "((production_year >= 2006) AND (production_year <= 2007) AND (((title)::text ~~ 'One Piece%'::text) OR ((title)::text ~~ 'Dragon Ball Z%'::text)))"}]}]}, {"Node Type": "Hash", "Parent Relationship": "Inner", "Startup Cost": 1.15, "Total Cost": 1.15, "Plan Rows": 1, "Plan Width": 4, "Plans": [{"Node Type": "Seq Scan", "Parent Relationship": "Outer", "Relation Name": "role_type", "Alias": "rt", "Startup Cost": 0.0, "Total Cost": 1.15, "Plan Rows": 1, "Plan Width": 4, "Filter": "((role)::text = 'actress'::text)"}]}]}, {"Node Type": "Hash", "Parent Relationship": "Inner", "Startup Cost": 137537.65, "Total Cost": 137537.65, "Plan Rows": 16627, "Plan Width": 24, "Plans": [{"Node Type": "Hash Join", "Parent Relationship": "Outer", "Join Type": "Inner", "Startup Cost": 114082.93, "Total Cost": 137537.65, "Plan Rows": 16627, "Plan Width": 24, "Inner Unique": true, "Hash Cond": "(an.person_id = n.id)", "Plans": [{"Node Type": "Seq Scan", "Parent Relationship": "Outer", "Relation Name": "aka_name", "Alias": "an", "Startup Cost": 0.0, "Total Cost": 19908.42, "Plan Rows": 901342, "Plan Width": 20}, {"Node Type": "Hash", "Parent Relationship": "Inner", "Startup Cost": 113909.35, "Total Cost": 113909.35, "Plan Rows": 13886, "Plan Width": 4, "Plans": [{"Node Type": "Seq Scan", "Parent Relationship": "Outer", "Relation Name": "name", "Alias": "n", "Startup Cost": 0.0, "Total Cost": 113909.35, "Plan Rows": 13886, "Plan Width": 4, "Filter": "(((name)::text ~~ '%Yo%'::text) AND ((name)::text !~~ '%Yu%'::text))"}]}]}]}]}, {"Node Type": "Hash", "Parent Relationship": "Inner", "Startup Cost": 73899.45, "Total Cost": 73899.45, "Plan Rows": 262, "Plan Width": 4, "Plans": [{"Node Type": "Hash Join", "Parent Relationship": "Outer", "Join Type": "Inner", "Startup Cost": 5982.08, "Total Cost": 73899.45, "Plan Rows": 262, "Plan Width": 4, "Inner Unique": true, "Hash Cond": "(mc.company_id = cn.id)", "Plans": [{"Node Type": "Seq Scan", "Parent Relationship": "Outer", "Relation Name": "movie_companies", "Alias": "mc", "Startup Cost": 0.0, "Total Cost": 67908.56, "Plan Rows": 1652, "Plan Width": 8, "Filter": "(((note)::text ~~ '%(Japan)%'::text) AND ((note)::text !~~ '%(USA)%'::text) AND (((note)::text ~~ '%(2006)%'::text) OR ((note)::text ~~ '%(2007)%'::text)))"}, {"Node Type": "Hash", "Parent Relationship": "Inner", "Startup Cost": 5903.45, "Total Cost": 5903.45, "Plan Rows": 6290, "Plan Width": 4, "Plans": [{"Node Type": "Seq Scan", "Parent Relationship": "Outer", "Relation Name": "company_name", "Alias": "cn", "Startup Cost": 0.0, "Total Cost": 5903.45, "Plan Rows": 6290, "Plan Width": 4, "Filter": "((country_code)::text = '[jp]'::text)"}]}]}]}]}]}, "Unique SQL Id": 3956435728, "Planner Runtime": 62}, "explain_analyze_plan": null}, "(1, '79')": {"explain_plan": {"Plan": {"Node Type": "Aggregate", "Strategy": "Plain", "Startup Cost": 6721937472732.24, "Total Cost": 6721937472732.25, "Plan Rows": 1, "Plan Width": 97, "Plans": [{"Node Type": "Hash Join", "Parent Relationship": "Outer", "Join Type": "Inner", "Startup Cost": 3040079753570.94, "Total Cost": 6721937472732.24, "Plan Rows": 1, "Plan Width": 33, "Inner Unique": true, "Hash Cond": "(ci.role_id = rt.id)", "Plans": [{"Node Type": "Nested Loop", "Parent Relationship": "Outer", "Join Type": "Inner", "Startup Cost": 2040079752324.93, "Total Cost": 5721937471486.21, "Plan Rows": 1, "Plan Width": 37, "Inner Unique": true, "Plans": [{"Node Type": "Hash Join", "Parent Relationship": "Outer", "Join Type": "Inner", "Startup Cost": 2030079752324.93, "Total Cost": 4721937471048.78, "Plan Rows": 1, "Plan Width": 41, "Inner Unique": false, "Hash Cond": "(ci.movie_id = mc.movie_id)", "Plans": [{"Node Type": "Hash Join", "Parent Relationship": "Outer", "Join Type": "Inner", "Startup Cost": 1030064775826.29, "Total Cost": 3721922494536.56, "Plan Rows": 53, "Plan Width": 45, "Inner Unique": true, "Hash Cond": "(ci.movie_id = t.id)", "Plans": [{"Node Type": "Merge Join", "Parent Relationship": "Outer", "Join Type": "Inner", "Startup Cost": 30051235465.84, "Total Cost": 2721908954128.06, "Plan Rows": 17161, "Plan Width": 24, "Inner Unique": false, "Merge Cond": "(an.person_id = ci.person_id)", "Plans": [{"Node Type": "Merge Join", "Parent Relationship": "Outer", "Join Type": "Inner", "Startup Cost": 20030754356.47, "Total Cost": 2000026606025.89, "Plan Rows": 16627, "Plan Width": 24, "Inner Unique": true, "Merge Cond": "(an.person_id = n.id)", "Plans": [{"Node Type": "Index Scan", "Parent Relationship": "Outer", "Scan Direction": "Forward", "Index Name": "person_id_aka_name", "Relation Name": "aka_name", "Alias": "an", "Startup Cost": 10000000000.0, "Total Cost": 1000006896503.43, "Plan Rows": 901342, "Plan Width": 20}, {"Node Type": "Materialize", "Parent Relationship": "Inner", "Startup Cost": 10000000000.0, "Total Cost": 1000019707054.42, "Plan Rows": 13886, "Plan Width": 4, "Plans": [{"Node Type": "Index Scan", "Parent Relationship": "Outer", "Scan Direction": "Forward", "Index Name": "name_pkey", "Relation Name": "name", "Alias": "n", "Startup Cost": 10000000000.0, "Total Cost": 1000019707019.7, "Plan Rows": 13886, "Plan Width": 4, "Filter": "(((name)::text ~~ '%Yo%'::text) AND ((name)::text !~~ '%Yu%'::text))"}]}]}, {"Node Type": "Index Scan", "Parent Relationship": "Inner", "Scan Direction": "Forward", "Index Name": "person_id_cast_info", "Relation Name": "cast_info", "Alias": "ci", "Startup Cost": 10000000000.0, "Total Cost": 1000179713706.71, "Plan Rows": 96692, "Plan Width": 12, "Filter": "((note)::text = '(voice: English version)'::text)"}]}, {"Node Type": "Hash", "Parent Relationship": "Inner", "Startup Cost": 1000013540359.91, "Total Cost": 1000013540359.91, "Plan Rows": 43, "Plan Width": 21, "Plans": [{"Node Type": "Index Scan", "Parent Relationship": "Outer", "Scan Direction": "Forward", "Index Name": "title_pkey", "Relation Name": "title", "Alias": "t", "Startup Cost": 10000000000.0, "Total Cost": 1000013540359.91, "Plan Rows": 43, "Plan Width": 21, "Filter": "((production_year >= 2006) AND (production_year <= 2007) AND (((title)::text ~~ 'One Piece%'::text) OR ((title)::text ~~ 'Dragon Ball Z%'::text)))"}]}]}, {"Node Type": "Hash", "Parent Relationship": "Inner", "Startup Cost": 1000014976477.98, "Total Cost": 1000014976477.98, "Plan Rows": 1652, "Plan Width": 8, "Plans": [{"Node Type": "Index Scan", "Parent Relationship": "Outer", "Scan Direction": "Forward", "Index Name": "company_id_movie_companies", "Relation Name": "movie_companies", "Alias": "mc", "Startup Cost": 10000000000.0, "Total Cost": 1000014976477.98, "Plan Rows": 1652, "Plan Width": 8, "Filter": "(((note)::text ~~ '%(Japan)%'::text) AND ((note)::text !~~ '%(USA)%'::text) AND (((note)::text ~~ '%(2006)%'::text) OR ((note)::text ~~ '%(2007)%'::text)))"}]}]}, {"Node Type": "Index Scan", "Parent Relationship": "Inner", "Scan Direction": "Forward", "Index Name": "company_name_pkey", "Relation Name": "company_name", "Alias": "cn", "Startup Cost": 10000000000.0, "Total Cost": 1000000000437.42, "Plan Rows": 1, "Plan Width": 4, "Index Cond": "(id = mc.company_id)", "Filter": "((country_code)::text = '[jp]'::text)"}]}, {"Node Type": "Hash", "Parent Relationship": "Inner", "Startup Cost": 1000000001246.0, "Total Cost": 1000000001246.0, "Plan Rows": 1, "Plan Width": 4, "Plans": [{"Node Type": "Index Scan", "Parent Relationship": "Outer", "Scan Direction": "Forward", "Index Name": "role_type_pkey", "Relation Name": "role_type", "Alias": "rt", "Startup Cost": 10000000000.0, "Total Cost": 1000000001246.0, "Plan Rows": 1, "Plan Width": 4, "Filter": "((role)::text = 'actress'::text)"}]}]}]}, "Unique SQL Id": 3956435728, "Planner Runtime": 114}, "explain_analyze_plan": null}, "(1, '80')": {"explain_plan": {"Plan": {"Node Type": "Aggregate", "Strategy": "Plain", "Startup Cost": 76459.24, "Total Cost": 76459.25, "Plan Rows": 1, "Plan Width": 97, "Plans": [{"Node Type": "Nested Loop", "Parent Relationship": "Outer", "Join Type": "Inner", "Startup Cost": 74297.39, "Total Cost": 76459.23, "Plan Rows": 1, "Plan Width": 33, "Inner Unique": true, "Plans": [{"Node Type": "Nested Loop", "Parent Relationship": "Outer", "Join Type": "Inner", "Startup Cost": 74297.39, "Total Cost": 76458.95, "Plan Rows": 1, "Plan Width": 37, "Inner Unique": true, "Plans": [{"Node Type": "Nested Loop", "Parent Relationship": "Outer", "Join Type": "Inner", "Startup Cost": 74297.39, "Total Cost": 76458.37, "Plan Rows": 1, "Plan Width": 45, "Inner Unique": false, "Plans": [{"Node Type": "Nested Loop", "Parent Relationship": "Outer", "Join Type": "Inner", "Startup Cost": 74297.39, "Total Cost": 76457.51, "Plan Rows": 1, "Plan Width": 25, "Inner Unique": false, "Join Filter": "(t.id = ci.movie_id)", "Plans": [{"Node Type": "Nested Loop", "Parent Relationship": "Outer", "Join Type": "Inner", "Startup Cost": 74297.39, "Total Cost": 76401.73, "Plan Rows": 2, "Plan Width": 25, "Inner Unique": true, "Plans": [{"Node Type": "Merge Join", "Parent Relationship": "Outer", "Join Type": "Inner", "Startup Cost": 74297.39, "Total Cost": 74339.5, "Plan Rows": 262, "Plan Width": 4, "Inner Unique": false, "Merge Cond": "(cn.id = mc.company_id)", "Plans": [{"Node Type": "Sort", "Parent Relationship": "Outer", "Startup Cost": 6300.31, "Total Cost": 6316.04, "Plan Rows": 6290, "Plan Width": 4, "Sort Key": ["cn.id"], "Plans": [{"Node Type": "Seq Scan", "Parent Relationship": "Outer", "Relation Name": "company_name", "Alias": "cn", "Startup Cost": 0.0, "Total Cost": 5903.45, "Plan Rows": 6290, "Plan Width": 4, "Filter": "((country_code)::text = '[jp]'::text)"}]}, {"Node Type": "Sort", "Parent Relationship": "Inner", "Startup Cost": 67996.86, "Total Cost": 68000.99, "Plan Rows": 1652, "Plan Width": 8, "Sort Key": ["mc.company_id"], "Plans": [{"Node Type": "Seq Scan", "Parent Relationship": "Outer", "Relation Name": "movie_companies", "Alias": "mc", "Startup Cost": 0.0, "Total Cost": 67908.56, "Plan Rows": 1652, "Plan Width": 8, "Filter": "(((note)::text ~~ '%(Japan)%'::text) AND ((note)::text !~~ '%(USA)%'::text) AND (((note)::text ~~ '%(2006)%'::text) OR ((note)::text ~~ '%(2007)%'::text)))"}]}]}, {"Node Type": "Index Scan", "Parent Relationship": "Inner", "Scan Direction": "Forward", "Index Name": "title_pkey", "Relation Name": "title", "Alias": "t", "Startup Cost": 0.0, "Total Cost": 7.86, "Plan Rows": 1, "Plan Width": 21, "Index Cond": "(id = mc.movie_id)", "Filter": "((production_year >= 2006) AND (production_year <= 2007) AND (((title)::text ~~ 'One Piece%'::text) OR ((title)::text ~~ 'Dragon Ball Z%'::text)))"}]}, {"Node Type": "Index Scan", "Parent Relationship": "Inner", "Scan Direction": "Forward", "Index Name": "movie_id_cast_info", "Relation Name": "cast_info", "Alias": "ci", "Startup Cost": 0.0, "Total Cost": 27.88, "Plan Rows": 1, "Plan Width": 12, "Index Cond": "(movie_id = mc.movie_id)", "Filter": "((note)::text = '(voice: English version)'::text)"}]}, {"Node Type": "Index Scan", "Parent Relationship": "Inner", "Scan Direction": "Forward", "Index Name": "person_id_aka_name", "Relation Name": "aka_name", "Alias": "an", "Startup Cost": 0.0, "Total Cost": 0.84, "Plan Rows": 1, "Plan Width": 20, "Index Cond": "(person_id = ci.person_id)"}]}, {"Node Type": "Index Scan", "Parent Relationship": "Inner", "Scan Direction": "Forward", "Index Name": "name_pkey", "Relation Name": "name", "Alias": "n", "Startup Cost": 0.0, "Total Cost": 0.57, "Plan Rows": 1, "Plan Width": 4, "Index Cond": "(id = an.person_id)", "Filter": "(((name)::text ~~ '%Yo%'::text) AND ((name)::text !~~ '%Yu%'::text))"}]}, {"Node Type": "Index Scan", "Parent Relationship": "Inner", "Scan Direction": "Forward", "Index Name": "role_type_pkey", "Relation Name": "role_type", "Alias": "rt", "Startup Cost": 0.0, "Total Cost": 0.27, "Plan Rows": 1, "Plan Width": 4, "Index Cond": "(id = ci.role_id)", "Filter": "((role)::text = 'actress'::text)"}]}]}, "Unique SQL Id": 3956435728, "Planner Runtime": 18}, "explain_analyze_plan": {"Plan": {"Node Type": "Aggregate", "Strategy": "Plain", "Startup Cost": 76459.24, "Total Cost": 76459.25, "Plan Rows": 1, "Plan Width": 97, "Actual Startup Time": 1112.047, "Actual Total Time": 1112.047, "Actual Rows": 1, "Actual Loops": 1, "Plans": [{"Node Type": "Nested Loop", "Parent Relationship": "Outer", "Join Type": "Inner", "Startup Cost": 74297.39, "Total Cost": 76459.23, "Plan Rows": 1, "Plan Width": 33, "Actual Startup Time": 1066.093, "Actual Total Time": 1112.013, "Actual Rows": 6, "Actual Loops": 1, "Inner Unique": true, "Plans": [{"Node Type": "Nested Loop", "Parent Relationship": "Outer", "Join Type": "Inner", "Startup Cost": 74297.39, "Total Cost": 76458.95, "Plan Rows": 1, "Plan Width": 37, "Actual Startup Time": 1066.073, "Actual Total Time": 1111.974, "Actual Rows": 6, "Actual Loops": 1, "Inner Unique": true, "Plans": [{"Node Type": "Nested Loop", "Parent Relationship": "Outer", "Join Type": "Inner", "Startup Cost": 74297.39, "Total Cost": 76458.37, "Plan Rows": 1, "Plan Width": 45, "Actual Startup Time": 1064.938, "Actual Total Time": 1110.992, "Actual Rows": 171, "Actual Loops": 1, "Inner Unique": false, "Plans": [{"Node Type": "Nested Loop", "Parent Relationship": "Outer", "Join Type": "Inner", "Startup Cost": 74297.39, "Total Cost": 76457.51, "Plan Rows": 1, "Plan Width": 25, "Actual Startup Time": 1064.901, "Actual Total Time": 1110.141, "Actual Rows": 104, "Actual Loops": 1, "Inner Unique": false, "Join Filter": "(t.id = ci.movie_id)", "Rows Removed by Join Filter": 0, "Plans": [{"Node Type": "Nested Loop", "Parent Relationship": "Outer", "Join Type": "Inner", "Startup Cost": 74297.39, "Total Cost": 76401.73, "Plan Rows": 2, "Plan Width": 25, "Actual Startup Time": 1064.854, "Actual Total Time": 1109.603, "Actual Rows": 4, "Actual Loops": 1, "Inner Unique": true, "Plans": [{"Node Type": "Merge Join", "Parent Relationship": "Outer", "Join Type": "Inner", "Startup Cost": 74297.39, "Total Cost": 74339.5, "Plan Rows": 262, "Plan Width": 4, "Actual Startup Time": 1050.528, "Actual Total Time": 1055.491, "Actual Rows": 8495, "Actual Loops": 1, "Inner Unique": false, "Merge Cond": "(cn.id = mc.company_id)", "Plans": [{"Node Type": "Sort", "Parent Relationship": "Outer", "Startup Cost": 6300.31, "Total Cost": 6316.04, "Plan Rows": 6290, "Plan Width": 4, "Actual Startup Time": 82.797, "Actual Total Time": 83.299, "Actual Rows": 2408, "Actual Loops": 1, "Sort Key": ["cn.id"], "Sort Method": "quicksort", "Sort Space Used": 615, "Sort Space Type": "Memory", "Plans": [{"Node Type": "Seq Scan", "Parent Relationship": "Outer", "Relation Name": "company_name", "Alias": "cn", "Startup Cost": 0.0, "Total Cost": 5903.45, "Plan Rows": 6290, "Plan Width": 4, "Actual Startup Time": 0.042, "Actual Total Time": 80.364, "Actual Rows": 6752, "Actual Loops": 1, "Filter": "((country_code)::text = '[jp]'::text)", "Rows Removed by Filter": 228244}]}, {"Node Type": "Sort", "Parent Relationship": "Inner", "Startup Cost": 67996.86, "Total Cost": 68000.99, "Plan Rows": 1652, "Plan Width": 8, "Actual Startup Time": 967.716, "Actual Total Time": 969.382, "Actual Rows": 8569, "Actual Loops": 1, "Sort Key": ["mc.company_id"], "Sort Method": "quicksort", "Sort Space Used": 920, "Sort Space Type": "Memory", "Plans": [{"Node Type": "Seq Scan", "Parent Relationship": "Outer", "Relation Name": "movie_companies", "Alias": "mc", "Startup Cost": 0.0, "Total Cost": 67908.56, "Plan Rows": 1652, "Plan Width": 8, "Actual Startup Time": 0.262, "Actual Total Time": 964.571, "Actual Rows": 8569, "Actual Loops": 1, "Filter": "(((note)::text ~~ '%(Japan)%'::text) AND ((note)::text !~~ '%(USA)%'::text) AND (((note)::text ~~ '%(2006)%'::text) OR ((note)::text ~~ '%(2007)%'::text)))", "Rows Removed by Filter": 2600559}]}]}, {"Node Type": "Index Scan", "Parent Relationship": "Inner", "Scan Direction": "Forward", "Index Name": "title_pkey", "Relation Name": "title", "Alias": "t", "Startup Cost": 0.0, "Total Cost": 7.86, "Plan Rows": 1, "Plan Width": 21, "Actual Startup Time": 49.778, "Actual Total Time": 49.778, "Actual Rows": 4, "Actual Loops": 8495, "Index Cond": "(id = mc.movie_id)", "Rows Removed by Index Recheck": 0, "Filter": "((production_year >= 2006) AND (production_year <= 2007) AND (((title)::text ~~ 'One Piece%'::text) OR ((title)::text ~~ 'Dragon Ball Z%'::text)))", "Rows Removed by Filter": 8491}]}, {"Node Type": "Index Scan", "Parent Relationship": "Inner", "Scan Direction": "Forward", "Index Name": "movie_id_cast_info", "Relation Name": "cast_info", "Alias": "ci", "Startup Cost": 0.0, "Total Cost": 27.88, "Plan Rows": 1, "Plan Width": 12, "Actual Startup Time": 0.136, "Actual Total Time": 0.476, "Actual Rows": 104, "Actual Loops": 4, "Index Cond": "(movie_id = mc.movie_id)", "Rows Removed by Index Recheck": 0, "Filter": "((note)::text = '(voice: English version)'::text)", "Rows Removed by Filter": 68}]}, {"Node Type": "Index Scan", "Parent Relationship": "Inner", "Scan Direction": "Forward", "Index Name": "person_id_aka_name", "Relation Name": "aka_name", "Alias": "an", "Startup Cost": 0.0, "Total Cost": 0.84, "Plan Rows": 1, "Plan Width": 20, "Actual Startup Time": 0.624, "Actual Total Time": 0.748, "Actual Rows": 171, "Actual Loops": 104, "Index Cond": "(person_id = ci.person_id)", "Rows Removed by Index Recheck": 0}]}, {"Node Type": "Index Scan", "Parent Relationship": "Inner", "Scan Direction": "Forward", "Index Name": "name_pkey", "Relation Name": "name", "Alias": "n", "Startup Cost": 0.0, "Total Cost": 0.57, "Plan Rows": 1, "Plan Width": 4, "Actual Startup Time": 0.898, "Actual Total Time": 0.898, "Actual Rows": 6, "Actual Loops": 171, "Index Cond": "(id = an.person_id)", "Rows Removed by Index Recheck": 0, "Filter": "(((name)::text ~~ '%Yo%'::text) AND ((name)::text !~~ '%Yu%'::text))", "Rows Removed by Filter": 165}]}, {"Node Type": "Index Scan", "Parent Relationship": "Inner", "Scan Direction": "Forward", "Index Name": "role_type_pkey", "Relation Name": "role_type", "Alias": "rt", "Startup Cost": 0.0, "Total Cost": 0.27, "Plan Rows": 1, "Plan Width": 4, "Actual Startup Time": 0.026, "Actual Total Time": 0.026, "Actual Rows": 6, "Actual Loops": 6, "Index Cond": "(id = ci.role_id)", "Rows Removed by Index Recheck": 0, "Filter": "((role)::text = 'actress'::text)", "Rows Removed by Filter": 0}]}]}, "Triggers": [], "Planner Runtime": 19.2, "Total Runtime": 1112.571, "Unique SQL Id": 3956435728}}, "(1, '81')": {"explain_plan": {"Plan": {"Node Type": "Aggregate", "Strategy": "Plain", "Startup Cost": 84111.26, "Total Cost": 84111.27, "Plan Rows": 1, "Plan Width": 97, "Plans": [{"Node Type": "Nested Loop", "Parent Relationship": "Outer", "Join Type": "Inner", "Startup Cost": 0.0, "Total Cost": 84111.26, "Plan Rows": 1, "Plan Width": 33, "Inner Unique": true, "Plans": [{"Node Type": "Nested Loop", "Parent Relationship": "Outer", "Join Type": "Inner", "Startup Cost": 0.0, "Total Cost": 84110.97, "Plan Rows": 1, "Plan Width": 37, "Inner Unique": true, "Plans": [{"Node Type": "Nested Loop", "Parent Relationship": "Outer", "Join Type": "Inner", "Startup Cost": 0.0, "Total Cost": 84110.39, "Plan Rows": 1, "Plan Width": 45, "Inner Unique": false, "Plans": [{"Node Type": "Nested Loop", "Parent Relationship": "Outer", "Join Type": "Inner", "Startup Cost": 0.0, "Total Cost": 84109.54, "Plan Rows": 1, "Plan Width": 25, "Inner Unique": false, "Join Filter": "(t.id = ci.movie_id)", "Plans": [{"Node Type": "Nested Loop", "Parent Relationship": "Outer", "Join Type": "Inner", "Startup Cost": 0.0, "Total Cost": 84053.76, "Plan Rows": 2, "Plan Width": 25, "Inner Unique": true, "Plans": [{"Node Type": "Nested Loop", "Parent Relationship": "Outer", "Join Type": "Inner", "Startup Cost": 0.0, "Total Cost": 81991.53, "Plan Rows": 262, "Plan Width": 4, "Inner Unique": false, "Plans": [{"Node Type": "Index Scan", "Parent Relationship": "Outer", "Scan Direction": "Forward", "Index Name": "company_name_pkey", "Relation Name": "company_name", "Alias": "cn", "Startup Cost": 0.0, "Total Cost": 10501.39, "Plan Rows": 6290, "Plan Width": 4, "Filter": "((country_code)::text = '[jp]'::text)"}, {"Node Type": "Index Scan", "Parent Relationship": "Inner", "Scan Direction": "Forward", "Index Name": "company_id_movie_companies", "Relation Name": "movie_companies", "Alias": "mc", "Startup Cost": 0.0, "Total Cost": 11.36, "Plan Rows": 1, "Plan Width": 8, "Index Cond": "(company_id = cn.id)", "Filter": "(((note)::text ~~ '%(Japan)%'::text) AND ((note)::text !~~ '%(USA)%'::text) AND (((note)::text ~~ '%(2006)%'::text) OR ((note)::text ~~ '%(2007)%'::text)))"}]}, {"Node Type": "Index Scan", "Parent Relationship": "Inner", "Scan Direction": "Forward", "Index Name": "title_pkey", "Relation Name": "title", "Alias": "t", "Startup Cost": 0.0, "Total Cost": 7.86, "Plan Rows": 1, "Plan Width": 21, "Index Cond": "(id = mc.movie_id)", "Filter": "((production_year >= 2006) AND (production_year <= 2007) AND (((title)::text ~~ 'One Piece%'::text) OR ((title)::text ~~ 'Dragon Ball Z%'::text)))"}]}, {"Node Type": "Index Scan", "Parent Relationship": "Inner", "Scan Direction": "Forward", "Index Name": "movie_id_cast_info", "Relation Name": "cast_info", "Alias": "ci", "Startup Cost": 0.0, "Total Cost": 27.88, "Plan Rows": 1, "Plan Width": 12, "Index Cond": "(movie_id = mc.movie_id)", "Filter": "((note)::text = '(voice: English version)'::text)"}]}, {"Node Type": "Index Scan", "Parent Relationship": "Inner", "Scan Direction": "Forward", "Index Name": "person_id_aka_name", "Relation Name": "aka_name", "Alias": "an", "Startup Cost": 0.0, "Total Cost": 0.84, "Plan Rows": 1, "Plan Width": 20, "Index Cond": "(person_id = ci.person_id)"}]}, {"Node Type": "Index Scan", "Parent Relationship": "Inner", "Scan Direction": "Forward", "Index Name": "name_pkey", "Relation Name": "name", "Alias": "n", "Startup Cost": 0.0, "Total Cost": 0.57, "Plan Rows": 1, "Plan Width": 4, "Index Cond": "(id = an.person_id)", "Filter": "(((name)::text ~~ '%Yo%'::text) AND ((name)::text !~~ '%Yu%'::text))"}]}, {"Node Type": "Index Scan", "Parent Relationship": "Inner", "Scan Direction": "Forward", "Index Name": "role_type_pkey", "Relation Name": "role_type", "Alias": "rt", "Startup Cost": 0.0, "Total Cost": 0.27, "Plan Rows": 1, "Plan Width": 4, "Index Cond": "(id = ci.role_id)", "Filter": "((role)::text = 'actress'::text)"}]}]}, "Unique SQL Id": 3956435728, "Planner Runtime": 23}, "explain_analyze_plan": {"Plan": {"Node Type": "Aggregate", "Strategy": "Plain", "Startup Cost": 84111.26, "Total Cost": 84111.27, "Plan Rows": 1, "Plan Width": 97, "Actual Startup Time": 581.73, "Actual Total Time": 581.73, "Actual Rows": 1, "Actual Loops": 1, "Plans": [{"Node Type": "Nested Loop", "Parent Relationship": "Outer", "Join Type": "Inner", "Startup Cost": 0.0, "Total Cost": 84111.26, "Plan Rows": 1, "Plan Width": 33, "Actual Startup Time": 54.321, "Actual Total Time": 581.694, "Actual Rows": 6, "Actual Loops": 1, "Inner Unique": true, "Plans": [{"Node Type": "Nested Loop", "Parent Relationship": "Outer", "Join Type": "Inner", "Startup Cost": 0.0, "Total Cost": 84110.97, "Plan Rows": 1, "Plan Width": 37, "Actual Startup Time": 54.312, "Actual Total Time": 581.658, "Actual Rows": 6, "Actual Loops": 1, "Inner Unique": true, "Plans": [{"Node Type": "Nested Loop", "Parent Relationship": "Outer", "Join Type": "Inner", "Startup Cost": 0.0, "Total Cost": 84110.39, "Plan Rows": 1, "Plan Width": 45, "Actual Startup Time": 53.198, "Actual Total Time": 580.628, "Actual Rows": 171, "Actual Loops": 1, "Inner Unique": false, "Plans": [{"Node Type": "Nested Loop", "Parent Relationship": "Outer", "Join Type": "Inner", "Startup Cost": 0.0, "Total Cost": 84109.54, "Plan Rows": 1, "Plan Width": 25, "Actual Startup Time": 53.177, "Actual Total Time": 579.772, "Actual Rows": 104, "Actual Loops": 1, "Inner Unique": false, "Join Filter": "(t.id = ci.movie_id)", "Rows Removed by Join Filter": 0, "Plans": [{"Node Type": "Nested Loop", "Parent Relationship": "Outer", "Join Type": "Inner", "Startup Cost": 0.0, "Total Cost": 84053.76, "Plan Rows": 2, "Plan Width": 25, "Actual Startup Time": 53.042, "Actual Total Time": 579.227, "Actual Rows": 4, "Actual Loops": 1, "Inner Unique": true, "Plans": [{"Node Type": "Nested Loop", "Parent Relationship": "Outer", "Join Type": "Inner", "Startup Cost": 0.0, "Total Cost": 81991.53, "Plan Rows": 262, "Plan Width": 4, "Actual Startup Time": 0.312, "Actual Total Time": 518.839, "Actual Rows": 8495, "Actual Loops": 1, "Inner Unique": false, "Plans": [{"Node Type": "Index Scan", "Parent Relationship": "Outer", "Scan Direction": "Forward", "Index Name": "company_name_pkey", "Relation Name": "company_name", "Alias": "cn", "Startup Cost": 0.0, "Total Cost": 10501.39, "Plan Rows": 6290, "Plan Width": 4, "Actual Startup Time": 0.264, "Actual Total Time": 291.012, "Actual Rows": 6752, "Actual Loops": 1, "Filter": "((country_code)::text = '[jp]'::text)", "Rows Removed by Filter": 228244}, {"Node Type": "Index Scan", "Parent Relationship": "Inner", "Scan Direction": "Forward", "Index Name": "company_id_movie_companies", "Relation Name": "movie_companies", "Alias": "mc", "Startup Cost": 0.0, "Total Cost": 11.36, "Plan Rows": 1, "Plan Width": 8, "Actual Startup Time": 100.149, "Actual Total Time": 221.814, "Actual Rows": 8495, "Actual Loops": 6752, "Index Cond": "(company_id = cn.id)", "Rows Removed by Index Recheck": 0, "Filter": "(((note)::text ~~ '%(Japan)%'::text) AND ((note)::text !~~ '%(USA)%'::text) AND (((note)::text ~~ '%(2006)%'::text) OR ((note)::text ~~ '%(2007)%'::text)))", "Rows Removed by Filter": 96500}]}, {"Node Type": "Index Scan", "Parent Relationship": "Inner", "Scan Direction": "Forward", "Index Name": "title_pkey", "Relation Name": "title", "Alias": "t", "Startup Cost": 0.0, "Total Cost": 7.86, "Plan Rows": 1, "Plan Width": 21, "Actual Startup Time": 55.844, "Actual Total Time": 55.844, "Actual Rows": 4, "Actual Loops": 8495, "Index Cond": "(id = mc.movie_id)", "Rows Removed by Index Recheck": 0, "Filter": "((production_year >= 2006) AND (production_year <= 2007) AND (((title)::text ~~ 'One Piece%'::text) OR ((title)::text ~~ 'Dragon Ball Z%'::text)))", "Rows Removed by Filter": 8491}]}, {"Node Type": "Index Scan", "Parent Relationship": "Inner", "Scan Direction": "Forward", "Index Name": "movie_id_cast_info", "Relation Name": "cast_info", "Alias": "ci", "Startup Cost": 0.0, "Total Cost": 27.88, "Plan Rows": 1, "Plan Width": 12, "Actual Startup Time": 0.155, "Actual Total Time": 0.487, "Actual Rows": 104, "Actual Loops": 4, "Index Cond": "(movie_id = mc.movie_id)", "Rows Removed by Index Recheck": 0, "Filter": "((note)::text = '(voice: English version)'::text)", "Rows Removed by Filter": 68}]}, {"Node Type": "Index Scan", "Parent Relationship": "Inner", "Scan Direction": "Forward", "Index Name": "person_id_aka_name", "Relation Name": "aka_name", "Alias": "an", "Startup Cost": 0.0, "Total Cost": 0.84, "Plan Rows": 1, "Plan Width": 20, "Actual Startup Time": 0.629, "Actual Total Time": 0.74, "Actual Rows": 171, "Actual Loops": 104, "Index Cond": "(person_id = ci.person_id)", "Rows Removed by Index Recheck": 0}]}, {"Node Type": "Index Scan", "Parent Relationship": "Inner", "Scan Direction": "Forward", "Index Name": "name_pkey", "Relation Name": "name", "Alias": "n", "Startup Cost": 0.0, "Total Cost": 0.57, "Plan Rows": 1, "Plan Width": 4, "Actual Startup Time": 0.94, "Actual Total Time": 0.94, "Actual Rows": 6, "Actual Loops": 171, "Index Cond": "(id = an.person_id)", "Rows Removed by Index Recheck": 0, "Filter": "(((name)::text ~~ '%Yo%'::text) AND ((name)::text !~~ '%Yu%'::text))", "Rows Removed by Filter": 165}]}, {"Node Type": "Index Scan", "Parent Relationship": "Inner", "Scan Direction": "Forward", "Index Name": "role_type_pkey", "Relation Name": "role_type", "Alias": "rt", "Startup Cost": 0.0, "Total Cost": 0.27, "Plan Rows": 1, "Plan Width": 4, "Actual Startup Time": 0.022, "Actual Total Time": 0.022, "Actual Rows": 6, "Actual Loops": 6, "Index Cond": "(id = ci.role_id)", "Rows Removed by Index Recheck": 0, "Filter": "((role)::text = 'actress'::text)", "Rows Removed by Filter": 0}]}]}, "Triggers": [], "Planner Runtime": 25.043, "Total Runtime": 582.138, "Unique SQL Id": 3956435728}}, "(1, '82')": {"explain_plan": {"Plan": {"Node Type": "Aggregate", "Strategy": "Plain", "Startup Cost": 76492.44, "Total Cost": 76492.45, "Plan Rows": 1, "Plan Width": 97, "Plans": [{"Node Type": "Nested Loop", "Parent Relationship": "Outer", "Join Type": "Inner", "Startup Cost": 76484.36, "Total Cost": 76492.43, "Plan Rows": 1, "Plan Width": 33, "Inner Unique": true, "Plans": [{"Node Type": "Nested Loop", "Parent Relationship": "Outer", "Join Type": "Inner", "Startup Cost": 76484.03, "Total Cost": 76488.08, "Plan Rows": 1, "Plan Width": 41, "Inner Unique": false, "Plans": [{"Node Type": "Merge Join", "Parent Relationship": "Outer", "Join Type": "Inner", "Startup Cost": 76483.65, "Total Cost": 76483.67, "Plan Rows": 1, "Plan Width": 21, "Inner Unique": true, "Merge Cond": "(ci.role_id = rt.id)", "Plans": [{"Node Type": "Sort", "Parent Relationship": "Outer", "Startup Cost": 76482.49, "Total Cost": 76482.49, "Plan Rows": 1, "Plan Width": 25, "Sort Key": ["ci.role_id"], "Plans": [{"Node Type": "Nested Loop", "Parent Relationship": "Outer", "Join Type": "Inner", "Startup Cost": 74305.59, "Total Cost": 76482.48, "Plan Rows": 1, "Plan Width": 25, "Inner Unique": false, "Join Filter": "(t.id = ci.movie_id)", "Plans": [{"Node Type": "Nested Loop", "Parent Relationship": "Outer", "Join Type": "Inner", "Startup Cost": 74301.32, "Total Cost": 76425.91, "Plan Rows": 2, "Plan Width": 25, "Inner Unique": true, "Plans": [{"Node Type": "Merge Join", "Parent Relationship": "Outer", "Join Type": "Inner", "Startup Cost": 74297.39, "Total Cost": 74339.5, "Plan Rows": 262, "Plan Width": 4, "Inner Unique": false, "Merge Cond": "(cn.id = mc.company_id)", "Plans": [{"Node Type": "Sort", "Parent Relationship": "Outer", "Startup Cost": 6300.31, "Total Cost": 6316.04, "Plan Rows": 6290, "Plan Width": 4, "Sort Key": ["cn.id"], "Plans": [{"Node Type": "Seq Scan", "Parent Relationship": "Outer", "Relation Name": "company_name", "Alias": "cn", "Startup Cost": 0.0, "Total Cost": 5903.45, "Plan Rows": 6290, "Plan Width": 4, "Filter": "((country_code)::text = '[jp]'::text)"}]}, {"Node Type": "Sort", "Parent Relationship": "Inner", "Startup Cost": 67996.86, "Total Cost": 68000.99, "Plan Rows": 1652, "Plan Width": 8, "Sort Key": ["mc.company_id"], "Plans": [{"Node Type": "Seq Scan", "Parent Relationship": "Outer", "Relation Name": "movie_companies", "Alias": "mc", "Startup Cost": 0.0, "Total Cost": 67908.56, "Plan Rows": 1652, "Plan Width": 8, "Filter": "(((note)::text ~~ '%(Japan)%'::text) AND ((note)::text !~~ '%(USA)%'::text) AND (((note)::text ~~ '%(2006)%'::text) OR ((note)::text ~~ '%(2007)%'::text)))"}]}]}, {"Node Type": "Bitmap Heap Scan", "Parent Relationship": "Inner", "Relation Name": "title", "Alias": "t", "Startup Cost": 3.93, "Total Cost": 7.95, "Plan Rows": 1, "Plan Width": 21, "Recheck Cond": "(id = mc.movie_id)", "Filter": "((production_year >= 2006) AND (production_year <= 2007) AND (((title)::text ~~ 'One Piece%'::text) OR ((title)::text ~~ 'Dragon Ball Z%'::text)))", "Plans": [{"Node Type": "Bitmap Index Scan", "Parent Relationship": "Outer", "Index Name": "title_pkey", "Startup Cost": 0.0, "Total Cost": 3.93, "Plan Rows": 1, "Plan Width": 0, "Index Cond": "(id = mc.movie_id)"}]}]}, {"Node Type": "Bitmap Heap Scan", "Parent Relationship": "Inner", "Relation Name": "cast_info", "Alias": "ci", "Startup Cost": 4.27, "Total Cost": 28.27, "Plan Rows": 1, "Plan Width": 12, "Recheck Cond": "(movie_id = mc.movie_id)", "Filter": "((note)::text = '(voice: English version)'::text)", "Plans": [{"Node Type": "Bitmap Index Scan", "Parent Relationship": "Outer", "Index Name": "movie_id_cast_info", "Startup Cost": 0.0, "Total Cost": 4.27, "Plan Rows": 6, "Plan Width": 0, "Index Cond": "(movie_id = mc.movie_id)"}]}]}]}, {"Node Type": "Sort", "Parent Relationship": "Inner", "Startup Cost": 1.16, "Total Cost": 1.16, "Plan Rows": 1, "Plan Width": 4, "Sort Key": ["rt.id"], "Plans": [{"Node Type": "Seq Scan", "Parent Relationship": "Outer", "Relation Name": "role_type", "Alias": "rt", "Startup Cost": 0.0, "Total Cost": 1.15, "Plan Rows": 1, "Plan Width": 4, "Filter": "((role)::text = 'actress'::text)"}]}]}, {"Node Type": "Bitmap Heap Scan", "Parent Relationship": "Inner", "Relation Name": "aka_name", "Alias": "an", "Startup Cost": 0.38, "Total Cost": 4.39, "Plan Rows": 1, "Plan Width": 20, "Recheck Cond": "(person_id = ci.person_id)", "Plans": [{"Node Type": "Bitmap Index Scan", "Parent Relationship": "Outer", "Index Name": "person_id_aka_name", "Startup Cost": 0.0, "Total Cost": 0.38, "Plan Rows": 1, "Plan Width": 0, "Index Cond": "(person_id = ci.person_id)"}]}]}, {"Node Type": "Bitmap Heap Scan", "Parent Relationship": "Inner", "Relation Name": "name", "Alias": "n", "Startup Cost": 0.33, "Total Cost": 4.34, "Plan Rows": 1, "Plan Width": 4, "Recheck Cond": "(id = an.person_id)", "Filter": "(((name)::text ~~ '%Yo%'::text) AND ((name)::text !~~ '%Yu%'::text))", "Plans": [{"Node Type": "Bitmap Index Scan", "Parent Relationship": "Outer", "Index Name": "name_pkey", "Startup Cost": 0.0, "Total Cost": 0.33, "Plan Rows": 1, "Plan Width": 0, "Index Cond": "(id = an.person_id)"}]}]}]}, "Unique SQL Id": 3956435728, "Planner Runtime": 21}, "explain_analyze_plan": {"Plan": {"Node Type": "Aggregate", "Strategy": "Plain", "Startup Cost": 76492.44, "Total Cost": 76492.45, "Plan Rows": 1, "Plan Width": 97, "Actual Startup Time": 1117.209, "Actual Total Time": 1117.21, "Actual Rows": 1, "Actual Loops": 1, "Plans": [{"Node Type": "Nested Loop", "Parent Relationship": "Outer", "Join Type": "Inner", "Startup Cost": 76484.36, "Total Cost": 76492.43, "Plan Rows": 1, "Plan Width": 33, "Actual Startup Time": 1116.968, "Actual Total Time": 1117.178, "Actual Rows": 6, "Actual Loops": 1, "Inner Unique": true, "Plans": [{"Node Type": "Nested Loop", "Parent Relationship": "Outer", "Join Type": "Inner", "Startup Cost": 76484.03, "Total Cost": 76488.08, "Plan Rows": 1, "Plan Width": 41, "Actual Startup Time": 1116.692, "Actual Total Time": 1116.94, "Actual Rows": 24, "Actual Loops": 1, "Inner Unique": false, "Plans": [{"Node Type": "Merge Join", "Parent Relationship": "Outer", "Join Type": "Inner", "Startup Cost": 76483.65, "Total Cost": 76483.67, "Plan Rows": 1, "Plan Width": 21, "Actual Startup Time": 1116.656, "Actual Total Time": 1116.673, "Actual Rows": 25, "Actual Loops": 1, "Inner Unique": true, "Merge Cond": "(ci.role_id = rt.id)", "Plans": [{"Node Type": "Sort", "Parent Relationship": "Outer", "Startup Cost": 76482.49, "Total Cost": 76482.49, "Plan Rows": 1, "Plan Width": 25, "Actual Startup Time": 1116.589, "Actual Total Time": 1116.604, "Actual Rows": 104, "Actual Loops": 1, "Sort Key": ["ci.role_id"], "Sort Method": "quicksort", "Sort Space Used": 40, "Sort Space Type": "Memory", "Plans": [{"Node Type": "Nested Loop", "Parent Relationship": "Outer", "Join Type": "Inner", "Startup Cost": 74305.59, "Total Cost": 76482.48, "Plan Rows": 1, "Plan Width": 25, "Actual Startup Time": 1059.751, "Actual Total Time": 1116.541, "Actual Rows": 104, "Actual Loops": 1, "Inner Unique": false, "Join Filter": "(t.id = ci.movie_id)", "Rows Removed by Join Filter": 0, "Plans": [{"Node Type": "Nested Loop", "Parent Relationship": "Outer", "Join Type": "Inner", "Startup Cost": 74301.32, "Total Cost": 76425.91, "Plan Rows": 2, "Plan Width": 25, "Actual Startup Time": 1059.663, "Actual Total Time": 1115.92, "Actual Rows": 4, "Actual Loops": 1, "Inner Unique": true, "Plans": [{"Node Type": "Merge Join", "Parent Relationship": "Outer", "Join Type": "Inner", "Startup Cost": 74297.39, "Total Cost": 74339.5, "Plan Rows": 262, "Plan Width": 4, "Actual Startup Time": 1041.655, "Actual Total Time": 1046.98, "Actual Rows": 8495, "Actual Loops": 1, "Inner Unique": false, "Merge Cond": "(cn.id = mc.company_id)", "Plans": [{"Node Type": "Sort", "Parent Relationship": "Outer", "Startup Cost": 6300.31, "Total Cost": 6316.04, "Plan Rows": 6290, "Plan Width": 4, "Actual Startup Time": 82.23, "Actual Total Time": 82.709, "Actual Rows": 2408, "Actual Loops": 1, "Sort Key": ["cn.id"], "Sort Method": "quicksort", "Sort Space Used": 615, "Sort Space Type": "Memory", "Plans": [{"Node Type": "Seq Scan", "Parent Relationship": "Outer", "Relation Name": "company_name", "Alias": "cn", "Startup Cost": 0.0, "Total Cost": 5903.45, "Plan Rows": 6290, "Plan Width": 4, "Actual Startup Time": 0.045, "Actual Total Time": 79.811, "Actual Rows": 6752, "Actual Loops": 1, "Filter": "((country_code)::text = '[jp]'::text)", "Rows Removed by Filter": 228244}]}, {"Node Type": "Sort", "Parent Relationship": "Inner", "Startup Cost": 67996.86, "Total Cost": 68000.99, "Plan Rows": 1652, "Plan Width": 8, "Actual Startup Time": 959.412, "Actual Total Time": 961.153, "Actual Rows": 8569, "Actual Loops": 1, "Sort Key": ["mc.company_id"], "Sort Method": "quicksort", "Sort Space Used": 920, "Sort Space Type": "Memory", "Plans": [{"Node Type": "Seq Scan", "Parent Relationship": "Outer", "Relation Name": "movie_companies", "Alias": "mc", "Startup Cost": 0.0, "Total Cost": 67908.56, "Plan Rows": 1652, "Plan Width": 8, "Actual Startup Time": 0.266, "Actual Total Time": 956.358, "Actual Rows": 8569, "Actual Loops": 1, "Filter": "(((note)::text ~~ '%(Japan)%'::text) AND ((note)::text !~~ '%(USA)%'::text) AND (((note)::text ~~ '%(2006)%'::text) OR ((note)::text ~~ '%(2007)%'::text)))", "Rows Removed by Filter": 2600559}]}]}, {"Node Type": "Bitmap Heap Scan", "Parent Relationship": "Inner", "Relation Name": "title", "Alias": "t", "Startup Cost": 3.93, "Total Cost": 7.95, "Plan Rows": 1, "Plan Width": 21, "Actual Startup Time": 59.134, "Actual Total Time": 59.134, "Actual Rows": 4, "Actual Loops": 8495, "Recheck Cond": "(id = mc.movie_id)", "Rows Removed by Index Recheck": 0, "Filter": "((production_year >= 2006) AND (production_year <= 2007) AND (((title)::text ~~ 'One Piece%'::text) OR ((title)::text ~~ 'Dragon Ball Z%'::text)))", "Rows Removed by Filter": 8491, "Exact Heap Blocks": 8495, "Lossy Heap Blocks": 8495, "Plans": [{"Node Type": "Bitmap Index Scan", "Parent Relationship": "Outer", "Index Name": "title_pkey", "Startup Cost": 0.0, "Total Cost": 3.93, "Plan Rows": 1, "Plan Width": 0, "Actual Startup Time": 28.94, "Actual Total Time": 28.94, "Actual Rows": 8495, "Actual Loops": 8495, "Index Cond": "(id = mc.movie_id)"}]}]}, {"Node Type": "Bitmap Heap Scan", "Parent Relationship": "Inner", "Relation Name": "cast_info", "Alias": "ci", "Startup Cost": 4.27, "Total Cost": 28.27, "Plan Rows": 1, "Plan Width": 12, "Actual Startup Time": 0.2, "Actual Total Time": 0.541, "Actual Rows": 104, "Actual Loops": 4, "Recheck Cond": "(movie_id = mc.movie_id)", "Rows Removed by Index Recheck": 0, "Filter": "((note)::text = '(voice: English version)'::text)", "Rows Removed by Filter": 68, "Exact Heap Blocks": 133, "Lossy Heap Blocks": 133, "Plans": [{"Node Type": "Bitmap Index Scan", "Parent Relationship": "Outer", "Index Name": "movie_id_cast_info", "Startup Cost": 0.0, "Total Cost": 4.27, "Plan Rows": 6, "Plan Width": 0, "Actual Startup Time": 0.081, "Actual Total Time": 0.081, "Actual Rows": 172, "Actual Loops": 4, "Index Cond": "(movie_id = mc.movie_id)"}]}]}]}, {"Node Type": "Sort", "Parent Relationship": "Inner", "Startup Cost": 1.16, "Total Cost": 1.16, "Plan Rows": 1, "Plan Width": 4, "Actual Startup Time": 0.042, "Actual Total Time": 0.042, "Actual Rows": 1, "Actual Loops": 1, "Sort Key": ["rt.id"], "Sort Method": "quicksort", "Sort Space Used": 25, "Sort Space Type": "Memory", "Plans": [{"Node Type": "Seq Scan", "Parent Relationship": "Outer", "Relation Name": "role_type", "Alias": "rt", "Startup Cost": 0.0, "Total Cost": 1.15, "Plan Rows": 1, "Plan Width": 4, "Actual Startup Time": 0.021, "Actual Total Time": 0.025, "Actual Rows": 1, "Actual Loops": 1, "Filter": "((role)::text = 'actress'::text)", "Rows Removed by Filter": 11}]}]}, {"Node Type": "Bitmap Heap Scan", "Parent Relationship": "Inner", "Relation Name": "aka_name", "Alias": "an", "Startup Cost": 0.38, "Total Cost": 4.39, "Plan Rows": 1, "Plan Width": 20, "Actual Startup Time": 0.206, "Actual Total Time": 0.223, "Actual Rows": 24, "Actual Loops": 25, "Recheck Cond": "(person_id = ci.person_id)", "Rows Removed by Index Recheck": 0, "Exact Heap Blocks": 20, "Lossy Heap Blocks": 20, "Plans": [{"Node Type": "Bitmap Index Scan", "Parent Relationship": "Outer", "Index Name": "person_id_aka_name", "Startup Cost": 0.0, "Total Cost": 0.38, "Plan Rows": 1, "Plan Width": 0, "Actual Startup Time": 0.145, "Actual Total Time": 0.145, "Actual Rows": 24, "Actual Loops": 25, "Index Cond": "(person_id = ci.person_id)"}]}]}, {"Node Type": "Bitmap Heap Scan", "Parent Relationship": "Inner", "Relation Name": "name", "Alias": "n", "Startup Cost": 0.33, "Total Cost": 4.34, "Plan Rows": 1, "Plan Width": 4, "Actual Startup Time": 0.201, "Actual Total Time": 0.201, "Actual Rows": 6, "Actual Loops": 24, "Recheck Cond": "(id = an.person_id)", "Rows Removed by Index Recheck": 0, "Filter": "(((name)::text ~~ '%Yo%'::text) AND ((name)::text !~~ '%Yu%'::text))", "Rows Removed by Filter": 18, "Exact Heap Blocks": 24, "Lossy Heap Blocks": 24, "Plans": [{"Node Type": "Bitmap Index Scan", "Parent Relationship": "Outer", "Index Name": "name_pkey", "Startup Cost": 0.0, "Total Cost": 0.33, "Plan Rows": 1, "Plan Width": 0, "Actual Startup Time": 0.109, "Actual Total Time": 0.109, "Actual Rows": 24, "Actual Loops": 24, "Index Cond": "(id = an.person_id)"}]}]}]}, "Triggers": [], "Planner Runtime": 21.354, "Total Runtime": 1117.637, "Unique SQL Id": 3956435728}}, "(1, '83')": {"explain_plan": {"Plan": {"Node Type": "Aggregate", "Strategy": "Plain", "Startup Cost": 1000012201008.67, "Total Cost": 1000012201008.68, "Plan Rows": 1, "Plan Width": 97, "Plans": [{"Node Type": "Nested Loop", "Parent Relationship": "Outer", "Join Type": "Inner", "Startup Cost": 10000000004.12, "Total Cost": 1000012201008.67, "Plan Rows": 1, "Plan Width": 33, "Inner Unique": true, "Plans": [{"Node Type": "Nested Loop", "Parent Relationship": "Outer", "Join Type": "Inner", "Startup Cost": 10000000003.79, "Total Cost": 1000012201004.31, "Plan Rows": 1, "Plan Width": 41, "Inner Unique": true, "Plans": [{"Node Type": "Nested Loop", "Parent Relationship": "Outer", "Join Type": "Inner", "Startup Cost": 10000000003.54, "Total Cost": 1000012201000.03, "Plan Rows": 1, "Plan Width": 45, "Inner Unique": true, "Plans": [{"Node Type": "Nested Loop", "Parent Relationship": "Outer", "Join Type": "Inner", "Startup Cost": 10000000002.31, "Total Cost": 1000012200994.77, "Plan Rows": 1, "Plan Width": 49, "Inner Unique": false, "Plans": [{"Node Type": "Nested Loop", "Parent Relationship": "Outer", "Join Type": "Inner", "Startup Cost": 10000000001.65, "Total Cost": 1000012200744.81, "Plan Rows": 53, "Plan Width": 53, "Inner Unique": true, "Plans": [{"Node Type": "Nested Loop", "Parent Relationship": "Outer", "Join Type": "Inner", "Startup Cost": 10000000001.0, "Total Cost": 1000011659757.19, "Plan Rows": 115768, "Plan Width": 32, "Inner Unique": false, "Plans": [{"Node Type": "Index Scan", "Parent Relationship": "Outer", "Scan Direction": "Forward", "Index Name": "person_id_aka_name", "Relation Name": "aka_name", "Alias": "an", "Startup Cost": 10000000000.0, "Total Cost": 1000006896503.43, "Plan Rows": 901342, "Plan Width": 20}, {"Node Type": "Bitmap Heap Scan", "Parent Relationship": "Inner", "Relation Name": "cast_info", "Alias": "ci", "Startup Cost": 1.0, "Total Cost": 5.27, "Plan Rows": 1, "Plan Width": 12, "Recheck Cond": "(person_id = an.person_id)", "Filter": "((note)::text = '(voice: English version)'::text)", "Plans": [{"Node Type": "Bitmap Index Scan", "Parent Relationship": "Outer", "Index Name": "person_id_cast_info", "Startup Cost": 0.0, "Total Cost": 1.0, "Plan Rows": 18, "Plan Width": 0, "Index Cond": "(person_id = an.person_id)"}]}]}, {"Node Type": "Bitmap Heap Scan", "Parent Relationship": "Inner", "Relation Name": "title", "Alias": "t", "Startup Cost": 0.64, "Total Cost": 4.66, "Plan Rows": 1, "Plan Width": 21, "Recheck Cond": "(id = ci.movie_id)", "Filter": "((production_year >= 2006) AND (production_year <= 2007) AND (((title)::text ~~ 'One Piece%'::text) OR ((title)::text ~~ 'Dragon Ball Z%'::text)))", "Plans": [{"Node Type": "Bitmap Index Scan", "Parent Relationship": "Outer", "Index Name": "title_pkey", "Startup Cost": 0.0, "Total Cost": 0.64, "Plan Rows": 1, "Plan Width": 0, "Index Cond": "(id = ci.movie_id)"}]}]}, {"Node Type": "Bitmap Heap Scan", "Parent Relationship": "Inner", "Relation Name": "movie_companies", "Alias": "mc", "Startup Cost": 0.66, "Total Cost": 4.71, "Plan Rows": 1, "Plan Width": 8, "Recheck Cond": "(movie_id = ci.movie_id)", "Filter": "(((note)::text ~~ '%(Japan)%'::text) AND ((note)::text !~~ '%(USA)%'::text) AND (((note)::text ~~ '%(2006)%'::text) OR ((note)::text ~~ '%(2007)%'::text)))", "Plans": [{"Node Type": "Bitmap Index Scan", "Parent Relationship": "Outer", "Index Name": "movie_id_movie_companies", "Startup Cost": 0.0, "Total Cost": 0.66, "Plan Rows": 2, "Plan Width": 0, "Index Cond": "(movie_id = ci.movie_id)"}]}]}, {"Node Type": "Bitmap Heap Scan", "Parent Relationship": "Inner", "Relation Name": "company_name", "Alias": "cn", "Startup Cost": 1.23, "Total Cost": 5.24, "Plan Rows": 1, "Plan Width": 4, "Recheck Cond": "(id = mc.company_id)", "Filter": "((country_code)::text = '[jp]'::text)", "Plans": [{"Node Type": "Bitmap Index Scan", "Parent Relationship": "Outer", "Index Name": "company_name_pkey", "Startup Cost": 0.0, "Total Cost": 1.23, "Plan Rows": 1, "Plan Width": 0, "Index Cond": "(id = mc.company_id)"}]}]}, {"Node Type": "Bitmap Heap Scan", "Parent Relationship": "Inner", "Relation Name": "role_type", "Alias": "rt", "Startup Cost": 0.26, "Total Cost": 4.27, "Plan Rows": 1, "Plan Width": 4, "Recheck Cond": "(id = ci.role_id)", "Filter": "((role)::text = 'actress'::text)", "Plans": [{"Node Type": "Bitmap Index Scan", "Parent Relationship": "Outer", "Index Name": "role_type_pkey", "Startup Cost": 0.0, "Total Cost": 0.26, "Plan Rows": 1, "Plan Width": 0, "Index Cond": "(id = ci.role_id)"}]}]}, {"Node Type": "Bitmap Heap Scan", "Parent Relationship": "Inner", "Relation Name": "name", "Alias": "n", "Startup Cost": 0.33, "Total Cost": 4.34, "Plan Rows": 1, "Plan Width": 4, "Recheck Cond": "(id = an.person_id)", "Filter": "(((name)::text ~~ '%Yo%'::text) AND ((name)::text !~~ '%Yu%'::text))", "Plans": [{"Node Type": "Bitmap Index Scan", "Parent Relationship": "Outer", "Index Name": "name_pkey", "Startup Cost": 0.0, "Total Cost": 0.33, "Plan Rows": 1, "Plan Width": 0, "Index Cond": "(id = an.person_id)"}]}]}]}, "Unique SQL Id": 3956435728, "Planner Runtime": 9}, "explain_analyze_plan": null}, "(1, '84')": {"explain_plan": {"Plan": {"Node Type": "Aggregate", "Strategy": "Plain", "Startup Cost": 76459.24, "Total Cost": 76459.25, "Plan Rows": 1, "Plan Width": 97, "Plans": [{"Node Type": "Nested Loop", "Parent Relationship": "Outer", "Join Type": "Inner", "Startup Cost": 74297.39, "Total Cost": 76459.23, "Plan Rows": 1, "Plan Width": 33, "Inner Unique": true, "Plans": [{"Node Type": "Nested Loop", "Parent Relationship": "Outer", "Join Type": "Inner", "Startup Cost": 74297.39, "Total Cost": 76458.95, "Plan Rows": 1, "Plan Width": 37, "Inner Unique": true, "Plans": [{"Node Type": "Nested Loop", "Parent Relationship": "Outer", "Join Type": "Inner", "Startup Cost": 74297.39, "Total Cost": 76458.37, "Plan Rows": 1, "Plan Width": 45, "Inner Unique": false, "Plans": [{"Node Type": "Nested Loop", "Parent Relationship": "Outer", "Join Type": "Inner", "Startup Cost": 74297.39, "Total Cost": 76457.51, "Plan Rows": 1, "Plan Width": 25, "Inner Unique": false, "Join Filter": "(t.id = ci.movie_id)", "Plans": [{"Node Type": "Nested Loop", "Parent Relationship": "Outer", "Join Type": "Inner", "Startup Cost": 74297.39, "Total Cost": 76401.73, "Plan Rows": 2, "Plan Width": 25, "Inner Unique": true, "Plans": [{"Node Type": "Merge Join", "Parent Relationship": "Outer", "Join Type": "Inner", "Startup Cost": 74297.39, "Total Cost": 74339.5, "Plan Rows": 262, "Plan Width": 4, "Inner Unique": false, "Merge Cond": "(cn.id = mc.company_id)", "Plans": [{"Node Type": "Sort", "Parent Relationship": "Outer", "Startup Cost": 6300.31, "Total Cost": 6316.04, "Plan Rows": 6290, "Plan Width": 4, "Sort Key": ["cn.id"], "Plans": [{"Node Type": "Seq Scan", "Parent Relationship": "Outer", "Relation Name": "company_name", "Alias": "cn", "Startup Cost": 0.0, "Total Cost": 5903.45, "Plan Rows": 6290, "Plan Width": 4, "Filter": "((country_code)::text = '[jp]'::text)"}]}, {"Node Type": "Sort", "Parent Relationship": "Inner", "Startup Cost": 67996.86, "Total Cost": 68000.99, "Plan Rows": 1652, "Plan Width": 8, "Sort Key": ["mc.company_id"], "Plans": [{"Node Type": "Seq Scan", "Parent Relationship": "Outer", "Relation Name": "movie_companies", "Alias": "mc", "Startup Cost": 0.0, "Total Cost": 67908.56, "Plan Rows": 1652, "Plan Width": 8, "Filter": "(((note)::text ~~ '%(Japan)%'::text) AND ((note)::text !~~ '%(USA)%'::text) AND (((note)::text ~~ '%(2006)%'::text) OR ((note)::text ~~ '%(2007)%'::text)))"}]}]}, {"Node Type": "Index Scan", "Parent Relationship": "Inner", "Scan Direction": "Forward", "Index Name": "title_pkey", "Relation Name": "title", "Alias": "t", "Startup Cost": 0.0, "Total Cost": 7.86, "Plan Rows": 1, "Plan Width": 21, "Index Cond": "(id = mc.movie_id)", "Filter": "((production_year >= 2006) AND (production_year <= 2007) AND (((title)::text ~~ 'One Piece%'::text) OR ((title)::text ~~ 'Dragon Ball Z%'::text)))"}]}, {"Node Type": "Index Scan", "Parent Relationship": "Inner", "Scan Direction": "Forward", "Index Name": "movie_id_cast_info", "Relation Name": "cast_info", "Alias": "ci", "Startup Cost": 0.0, "Total Cost": 27.88, "Plan Rows": 1, "Plan Width": 12, "Index Cond": "(movie_id = mc.movie_id)", "Filter": "((note)::text = '(voice: English version)'::text)"}]}, {"Node Type": "Index Scan", "Parent Relationship": "Inner", "Scan Direction": "Forward", "Index Name": "person_id_aka_name", "Relation Name": "aka_name", "Alias": "an", "Startup Cost": 0.0, "Total Cost": 0.84, "Plan Rows": 1, "Plan Width": 20, "Index Cond": "(person_id = ci.person_id)"}]}, {"Node Type": "Index Scan", "Parent Relationship": "Inner", "Scan Direction": "Forward", "Index Name": "name_pkey", "Relation Name": "name", "Alias": "n", "Startup Cost": 0.0, "Total Cost": 0.57, "Plan Rows": 1, "Plan Width": 4, "Index Cond": "(id = an.person_id)", "Filter": "(((name)::text ~~ '%Yo%'::text) AND ((name)::text !~~ '%Yu%'::text))"}]}, {"Node Type": "Index Scan", "Parent Relationship": "Inner", "Scan Direction": "Forward", "Index Name": "role_type_pkey", "Relation Name": "role_type", "Alias": "rt", "Startup Cost": 0.0, "Total Cost": 0.27, "Plan Rows": 1, "Plan Width": 4, "Index Cond": "(id = ci.role_id)", "Filter": "((role)::text = 'actress'::text)"}]}]}, "Unique SQL Id": 3956435728, "Planner Runtime": 18}, "explain_analyze_plan": {"Plan": {"Node Type": "Aggregate", "Strategy": "Plain", "Startup Cost": 76459.24, "Total Cost": 76459.25, "Plan Rows": 1, "Plan Width": 97, "Actual Startup Time": 1112.047, "Actual Total Time": 1112.047, "Actual Rows": 1, "Actual Loops": 1, "Plans": [{"Node Type": "Nested Loop", "Parent Relationship": "Outer", "Join Type": "Inner", "Startup Cost": 74297.39, "Total Cost": 76459.23, "Plan Rows": 1, "Plan Width": 33, "Actual Startup Time": 1066.093, "Actual Total Time": 1112.013, "Actual Rows": 6, "Actual Loops": 1, "Inner Unique": true, "Plans": [{"Node Type": "Nested Loop", "Parent Relationship": "Outer", "Join Type": "Inner", "Startup Cost": 74297.39, "Total Cost": 76458.95, "Plan Rows": 1, "Plan Width": 37, "Actual Startup Time": 1066.073, "Actual Total Time": 1111.974, "Actual Rows": 6, "Actual Loops": 1, "Inner Unique": true, "Plans": [{"Node Type": "Nested Loop", "Parent Relationship": "Outer", "Join Type": "Inner", "Startup Cost": 74297.39, "Total Cost": 76458.37, "Plan Rows": 1, "Plan Width": 45, "Actual Startup Time": 1064.938, "Actual Total Time": 1110.992, "Actual Rows": 171, "Actual Loops": 1, "Inner Unique": false, "Plans": [{"Node Type": "Nested Loop", "Parent Relationship": "Outer", "Join Type": "Inner", "Startup Cost": 74297.39, "Total Cost": 76457.51, "Plan Rows": 1, "Plan Width": 25, "Actual Startup Time": 1064.901, "Actual Total Time": 1110.141, "Actual Rows": 104, "Actual Loops": 1, "Inner Unique": false, "Join Filter": "(t.id = ci.movie_id)", "Rows Removed by Join Filter": 0, "Plans": [{"Node Type": "Nested Loop", "Parent Relationship": "Outer", "Join Type": "Inner", "Startup Cost": 74297.39, "Total Cost": 76401.73, "Plan Rows": 2, "Plan Width": 25, "Actual Startup Time": 1064.854, "Actual Total Time": 1109.603, "Actual Rows": 4, "Actual Loops": 1, "Inner Unique": true, "Plans": [{"Node Type": "Merge Join", "Parent Relationship": "Outer", "Join Type": "Inner", "Startup Cost": 74297.39, "Total Cost": 74339.5, "Plan Rows": 262, "Plan Width": 4, "Actual Startup Time": 1050.528, "Actual Total Time": 1055.491, "Actual Rows": 8495, "Actual Loops": 1, "Inner Unique": false, "Merge Cond": "(cn.id = mc.company_id)", "Plans": [{"Node Type": "Sort", "Parent Relationship": "Outer", "Startup Cost": 6300.31, "Total Cost": 6316.04, "Plan Rows": 6290, "Plan Width": 4, "Actual Startup Time": 82.797, "Actual Total Time": 83.299, "Actual Rows": 2408, "Actual Loops": 1, "Sort Key": ["cn.id"], "Sort Method": "quicksort", "Sort Space Used": 615, "Sort Space Type": "Memory", "Plans": [{"Node Type": "Seq Scan", "Parent Relationship": "Outer", "Relation Name": "company_name", "Alias": "cn", "Startup Cost": 0.0, "Total Cost": 5903.45, "Plan Rows": 6290, "Plan Width": 4, "Actual Startup Time": 0.042, "Actual Total Time": 80.364, "Actual Rows": 6752, "Actual Loops": 1, "Filter": "((country_code)::text = '[jp]'::text)", "Rows Removed by Filter": 228244}]}, {"Node Type": "Sort", "Parent Relationship": "Inner", "Startup Cost": 67996.86, "Total Cost": 68000.99, "Plan Rows": 1652, "Plan Width": 8, "Actual Startup Time": 967.716, "Actual Total Time": 969.382, "Actual Rows": 8569, "Actual Loops": 1, "Sort Key": ["mc.company_id"], "Sort Method": "quicksort", "Sort Space Used": 920, "Sort Space Type": "Memory", "Plans": [{"Node Type": "Seq Scan", "Parent Relationship": "Outer", "Relation Name": "movie_companies", "Alias": "mc", "Startup Cost": 0.0, "Total Cost": 67908.56, "Plan Rows": 1652, "Plan Width": 8, "Actual Startup Time": 0.262, "Actual Total Time": 964.571, "Actual Rows": 8569, "Actual Loops": 1, "Filter": "(((note)::text ~~ '%(Japan)%'::text) AND ((note)::text !~~ '%(USA)%'::text) AND (((note)::text ~~ '%(2006)%'::text) OR ((note)::text ~~ '%(2007)%'::text)))", "Rows Removed by Filter": 2600559}]}]}, {"Node Type": "Index Scan", "Parent Relationship": "Inner", "Scan Direction": "Forward", "Index Name": "title_pkey", "Relation Name": "title", "Alias": "t", "Startup Cost": 0.0, "Total Cost": 7.86, "Plan Rows": 1, "Plan Width": 21, "Actual Startup Time": 49.778, "Actual Total Time": 49.778, "Actual Rows": 4, "Actual Loops": 8495, "Index Cond": "(id = mc.movie_id)", "Rows Removed by Index Recheck": 0, "Filter": "((production_year >= 2006) AND (production_year <= 2007) AND (((title)::text ~~ 'One Piece%'::text) OR ((title)::text ~~ 'Dragon Ball Z%'::text)))", "Rows Removed by Filter": 8491}]}, {"Node Type": "Index Scan", "Parent Relationship": "Inner", "Scan Direction": "Forward", "Index Name": "movie_id_cast_info", "Relation Name": "cast_info", "Alias": "ci", "Startup Cost": 0.0, "Total Cost": 27.88, "Plan Rows": 1, "Plan Width": 12, "Actual Startup Time": 0.136, "Actual Total Time": 0.476, "Actual Rows": 104, "Actual Loops": 4, "Index Cond": "(movie_id = mc.movie_id)", "Rows Removed by Index Recheck": 0, "Filter": "((note)::text = '(voice: English version)'::text)", "Rows Removed by Filter": 68}]}, {"Node Type": "Index Scan", "Parent Relationship": "Inner", "Scan Direction": "Forward", "Index Name": "person_id_aka_name", "Relation Name": "aka_name", "Alias": "an", "Startup Cost": 0.0, "Total Cost": 0.84, "Plan Rows": 1, "Plan Width": 20, "Actual Startup Time": 0.624, "Actual Total Time": 0.748, "Actual Rows": 171, "Actual Loops": 104, "Index Cond": "(person_id = ci.person_id)", "Rows Removed by Index Recheck": 0}]}, {"Node Type": "Index Scan", "Parent Relationship": "Inner", "Scan Direction": "Forward", "Index Name": "name_pkey", "Relation Name": "name", "Alias": "n", "Startup Cost": 0.0, "Total Cost": 0.57, "Plan Rows": 1, "Plan Width": 4, "Actual Startup Time": 0.898, "Actual Total Time": 0.898, "Actual Rows": 6, "Actual Loops": 171, "Index Cond": "(id = an.person_id)", "Rows Removed by Index Recheck": 0, "Filter": "(((name)::text ~~ '%Yo%'::text) AND ((name)::text !~~ '%Yu%'::text))", "Rows Removed by Filter": 165}]}, {"Node Type": "Index Scan", "Parent Relationship": "Inner", "Scan Direction": "Forward", "Index Name": "role_type_pkey", "Relation Name": "role_type", "Alias": "rt", "Startup Cost": 0.0, "Total Cost": 0.27, "Plan Rows": 1, "Plan Width": 4, "Actual Startup Time": 0.026, "Actual Total Time": 0.026, "Actual Rows": 6, "Actual Loops": 6, "Index Cond": "(id = ci.role_id)", "Rows Removed by Index Recheck": 0, "Filter": "((role)::text = 'actress'::text)", "Rows Removed by Filter": 0}]}]}, "Triggers": [], "Planner Runtime": 19.2, "Total Runtime": 1112.571, "Unique SQL Id": 3956435728}}, "(1, '85')": {"explain_plan": {"Plan": {"Node Type": "Aggregate", "Strategy": "Plain", "Startup Cost": 84111.26, "Total Cost": 84111.27, "Plan Rows": 1, "Plan Width": 97, "Plans": [{"Node Type": "Nested Loop", "Parent Relationship": "Outer", "Join Type": "Inner", "Startup Cost": 0.0, "Total Cost": 84111.26, "Plan Rows": 1, "Plan Width": 33, "Inner Unique": true, "Plans": [{"Node Type": "Nested Loop", "Parent Relationship": "Outer", "Join Type": "Inner", "Startup Cost": 0.0, "Total Cost": 84110.97, "Plan Rows": 1, "Plan Width": 37, "Inner Unique": true, "Plans": [{"Node Type": "Nested Loop", "Parent Relationship": "Outer", "Join Type": "Inner", "Startup Cost": 0.0, "Total Cost": 84110.39, "Plan Rows": 1, "Plan Width": 45, "Inner Unique": false, "Plans": [{"Node Type": "Nested Loop", "Parent Relationship": "Outer", "Join Type": "Inner", "Startup Cost": 0.0, "Total Cost": 84109.54, "Plan Rows": 1, "Plan Width": 25, "Inner Unique": false, "Join Filter": "(t.id = ci.movie_id)", "Plans": [{"Node Type": "Nested Loop", "Parent Relationship": "Outer", "Join Type": "Inner", "Startup Cost": 0.0, "Total Cost": 84053.76, "Plan Rows": 2, "Plan Width": 25, "Inner Unique": true, "Plans": [{"Node Type": "Nested Loop", "Parent Relationship": "Outer", "Join Type": "Inner", "Startup Cost": 0.0, "Total Cost": 81991.53, "Plan Rows": 262, "Plan Width": 4, "Inner Unique": false, "Plans": [{"Node Type": "Index Scan", "Parent Relationship": "Outer", "Scan Direction": "Forward", "Index Name": "company_name_pkey", "Relation Name": "company_name", "Alias": "cn", "Startup Cost": 0.0, "Total Cost": 10501.39, "Plan Rows": 6290, "Plan Width": 4, "Filter": "((country_code)::text = '[jp]'::text)"}, {"Node Type": "Index Scan", "Parent Relationship": "Inner", "Scan Direction": "Forward", "Index Name": "company_id_movie_companies", "Relation Name": "movie_companies", "Alias": "mc", "Startup Cost": 0.0, "Total Cost": 11.36, "Plan Rows": 1, "Plan Width": 8, "Index Cond": "(company_id = cn.id)", "Filter": "(((note)::text ~~ '%(Japan)%'::text) AND ((note)::text !~~ '%(USA)%'::text) AND (((note)::text ~~ '%(2006)%'::text) OR ((note)::text ~~ '%(2007)%'::text)))"}]}, {"Node Type": "Index Scan", "Parent Relationship": "Inner", "Scan Direction": "Forward", "Index Name": "title_pkey", "Relation Name": "title", "Alias": "t", "Startup Cost": 0.0, "Total Cost": 7.86, "Plan Rows": 1, "Plan Width": 21, "Index Cond": "(id = mc.movie_id)", "Filter": "((production_year >= 2006) AND (production_year <= 2007) AND (((title)::text ~~ 'One Piece%'::text) OR ((title)::text ~~ 'Dragon Ball Z%'::text)))"}]}, {"Node Type": "Index Scan", "Parent Relationship": "Inner", "Scan Direction": "Forward", "Index Name": "movie_id_cast_info", "Relation Name": "cast_info", "Alias": "ci", "Startup Cost": 0.0, "Total Cost": 27.88, "Plan Rows": 1, "Plan Width": 12, "Index Cond": "(movie_id = mc.movie_id)", "Filter": "((note)::text = '(voice: English version)'::text)"}]}, {"Node Type": "Index Scan", "Parent Relationship": "Inner", "Scan Direction": "Forward", "Index Name": "person_id_aka_name", "Relation Name": "aka_name", "Alias": "an", "Startup Cost": 0.0, "Total Cost": 0.84, "Plan Rows": 1, "Plan Width": 20, "Index Cond": "(person_id = ci.person_id)"}]}, {"Node Type": "Index Scan", "Parent Relationship": "Inner", "Scan Direction": "Forward", "Index Name": "name_pkey", "Relation Name": "name", "Alias": "n", "Startup Cost": 0.0, "Total Cost": 0.57, "Plan Rows": 1, "Plan Width": 4, "Index Cond": "(id = an.person_id)", "Filter": "(((name)::text ~~ '%Yo%'::text) AND ((name)::text !~~ '%Yu%'::text))"}]}, {"Node Type": "Index Scan", "Parent Relationship": "Inner", "Scan Direction": "Forward", "Index Name": "role_type_pkey", "Relation Name": "role_type", "Alias": "rt", "Startup Cost": 0.0, "Total Cost": 0.27, "Plan Rows": 1, "Plan Width": 4, "Index Cond": "(id = ci.role_id)", "Filter": "((role)::text = 'actress'::text)"}]}]}, "Unique SQL Id": 3956435728, "Planner Runtime": 22}, "explain_analyze_plan": {"Plan": {"Node Type": "Aggregate", "Strategy": "Plain", "Startup Cost": 84111.26, "Total Cost": 84111.27, "Plan Rows": 1, "Plan Width": 97, "Actual Startup Time": 581.73, "Actual Total Time": 581.73, "Actual Rows": 1, "Actual Loops": 1, "Plans": [{"Node Type": "Nested Loop", "Parent Relationship": "Outer", "Join Type": "Inner", "Startup Cost": 0.0, "Total Cost": 84111.26, "Plan Rows": 1, "Plan Width": 33, "Actual Startup Time": 54.321, "Actual Total Time": 581.694, "Actual Rows": 6, "Actual Loops": 1, "Inner Unique": true, "Plans": [{"Node Type": "Nested Loop", "Parent Relationship": "Outer", "Join Type": "Inner", "Startup Cost": 0.0, "Total Cost": 84110.97, "Plan Rows": 1, "Plan Width": 37, "Actual Startup Time": 54.312, "Actual Total Time": 581.658, "Actual Rows": 6, "Actual Loops": 1, "Inner Unique": true, "Plans": [{"Node Type": "Nested Loop", "Parent Relationship": "Outer", "Join Type": "Inner", "Startup Cost": 0.0, "Total Cost": 84110.39, "Plan Rows": 1, "Plan Width": 45, "Actual Startup Time": 53.198, "Actual Total Time": 580.628, "Actual Rows": 171, "Actual Loops": 1, "Inner Unique": false, "Plans": [{"Node Type": "Nested Loop", "Parent Relationship": "Outer", "Join Type": "Inner", "Startup Cost": 0.0, "Total Cost": 84109.54, "Plan Rows": 1, "Plan Width": 25, "Actual Startup Time": 53.177, "Actual Total Time": 579.772, "Actual Rows": 104, "Actual Loops": 1, "Inner Unique": false, "Join Filter": "(t.id = ci.movie_id)", "Rows Removed by Join Filter": 0, "Plans": [{"Node Type": "Nested Loop", "Parent Relationship": "Outer", "Join Type": "Inner", "Startup Cost": 0.0, "Total Cost": 84053.76, "Plan Rows": 2, "Plan Width": 25, "Actual Startup Time": 53.042, "Actual Total Time": 579.227, "Actual Rows": 4, "Actual Loops": 1, "Inner Unique": true, "Plans": [{"Node Type": "Nested Loop", "Parent Relationship": "Outer", "Join Type": "Inner", "Startup Cost": 0.0, "Total Cost": 81991.53, "Plan Rows": 262, "Plan Width": 4, "Actual Startup Time": 0.312, "Actual Total Time": 518.839, "Actual Rows": 8495, "Actual Loops": 1, "Inner Unique": false, "Plans": [{"Node Type": "Index Scan", "Parent Relationship": "Outer", "Scan Direction": "Forward", "Index Name": "company_name_pkey", "Relation Name": "company_name", "Alias": "cn", "Startup Cost": 0.0, "Total Cost": 10501.39, "Plan Rows": 6290, "Plan Width": 4, "Actual Startup Time": 0.264, "Actual Total Time": 291.012, "Actual Rows": 6752, "Actual Loops": 1, "Filter": "((country_code)::text = '[jp]'::text)", "Rows Removed by Filter": 228244}, {"Node Type": "Index Scan", "Parent Relationship": "Inner", "Scan Direction": "Forward", "Index Name": "company_id_movie_companies", "Relation Name": "movie_companies", "Alias": "mc", "Startup Cost": 0.0, "Total Cost": 11.36, "Plan Rows": 1, "Plan Width": 8, "Actual Startup Time": 100.149, "Actual Total Time": 221.814, "Actual Rows": 8495, "Actual Loops": 6752, "Index Cond": "(company_id = cn.id)", "Rows Removed by Index Recheck": 0, "Filter": "(((note)::text ~~ '%(Japan)%'::text) AND ((note)::text !~~ '%(USA)%'::text) AND (((note)::text ~~ '%(2006)%'::text) OR ((note)::text ~~ '%(2007)%'::text)))", "Rows Removed by Filter": 96500}]}, {"Node Type": "Index Scan", "Parent Relationship": "Inner", "Scan Direction": "Forward", "Index Name": "title_pkey", "Relation Name": "title", "Alias": "t", "Startup Cost": 0.0, "Total Cost": 7.86, "Plan Rows": 1, "Plan Width": 21, "Actual Startup Time": 55.844, "Actual Total Time": 55.844, "Actual Rows": 4, "Actual Loops": 8495, "Index Cond": "(id = mc.movie_id)", "Rows Removed by Index Recheck": 0, "Filter": "((production_year >= 2006) AND (production_year <= 2007) AND (((title)::text ~~ 'One Piece%'::text) OR ((title)::text ~~ 'Dragon Ball Z%'::text)))", "Rows Removed by Filter": 8491}]}, {"Node Type": "Index Scan", "Parent Relationship": "Inner", "Scan Direction": "Forward", "Index Name": "movie_id_cast_info", "Relation Name": "cast_info", "Alias": "ci", "Startup Cost": 0.0, "Total Cost": 27.88, "Plan Rows": 1, "Plan Width": 12, "Actual Startup Time": 0.155, "Actual Total Time": 0.487, "Actual Rows": 104, "Actual Loops": 4, "Index Cond": "(movie_id = mc.movie_id)", "Rows Removed by Index Recheck": 0, "Filter": "((note)::text = '(voice: English version)'::text)", "Rows Removed by Filter": 68}]}, {"Node Type": "Index Scan", "Parent Relationship": "Inner", "Scan Direction": "Forward", "Index Name": "person_id_aka_name", "Relation Name": "aka_name", "Alias": "an", "Startup Cost": 0.0, "Total Cost": 0.84, "Plan Rows": 1, "Plan Width": 20, "Actual Startup Time": 0.629, "Actual Total Time": 0.74, "Actual Rows": 171, "Actual Loops": 104, "Index Cond": "(person_id = ci.person_id)", "Rows Removed by Index Recheck": 0}]}, {"Node Type": "Index Scan", "Parent Relationship": "Inner", "Scan Direction": "Forward", "Index Name": "name_pkey", "Relation Name": "name", "Alias": "n", "Startup Cost": 0.0, "Total Cost": 0.57, "Plan Rows": 1, "Plan Width": 4, "Actual Startup Time": 0.94, "Actual Total Time": 0.94, "Actual Rows": 6, "Actual Loops": 171, "Index Cond": "(id = an.person_id)", "Rows Removed by Index Recheck": 0, "Filter": "(((name)::text ~~ '%Yo%'::text) AND ((name)::text !~~ '%Yu%'::text))", "Rows Removed by Filter": 165}]}, {"Node Type": "Index Scan", "Parent Relationship": "Inner", "Scan Direction": "Forward", "Index Name": "role_type_pkey", "Relation Name": "role_type", "Alias": "rt", "Startup Cost": 0.0, "Total Cost": 0.27, "Plan Rows": 1, "Plan Width": 4, "Actual Startup Time": 0.022, "Actual Total Time": 0.022, "Actual Rows": 6, "Actual Loops": 6, "Index Cond": "(id = ci.role_id)", "Rows Removed by Index Recheck": 0, "Filter": "((role)::text = 'actress'::text)", "Rows Removed by Filter": 0}]}]}, "Triggers": [], "Planner Runtime": 25.043, "Total Runtime": 582.138, "Unique SQL Id": 3956435728}}, "(1, '86')": {"explain_plan": {"Plan": {"Node Type": "Aggregate", "Strategy": "Plain", "Startup Cost": 76492.44, "Total Cost": 76492.45, "Plan Rows": 1, "Plan Width": 97, "Plans": [{"Node Type": "Nested Loop", "Parent Relationship": "Outer", "Join Type": "Inner", "Startup Cost": 76484.36, "Total Cost": 76492.43, "Plan Rows": 1, "Plan Width": 33, "Inner Unique": true, "Plans": [{"Node Type": "Nested Loop", "Parent Relationship": "Outer", "Join Type": "Inner", "Startup Cost": 76484.03, "Total Cost": 76488.08, "Plan Rows": 1, "Plan Width": 41, "Inner Unique": false, "Plans": [{"Node Type": "Merge Join", "Parent Relationship": "Outer", "Join Type": "Inner", "Startup Cost": 76483.65, "Total Cost": 76483.67, "Plan Rows": 1, "Plan Width": 21, "Inner Unique": true, "Merge Cond": "(ci.role_id = rt.id)", "Plans": [{"Node Type": "Sort", "Parent Relationship": "Outer", "Startup Cost": 76482.49, "Total Cost": 76482.49, "Plan Rows": 1, "Plan Width": 25, "Sort Key": ["ci.role_id"], "Plans": [{"Node Type": "Nested Loop", "Parent Relationship": "Outer", "Join Type": "Inner", "Startup Cost": 74305.59, "Total Cost": 76482.48, "Plan Rows": 1, "Plan Width": 25, "Inner Unique": false, "Join Filter": "(t.id = ci.movie_id)", "Plans": [{"Node Type": "Nested Loop", "Parent Relationship": "Outer", "Join Type": "Inner", "Startup Cost": 74301.32, "Total Cost": 76425.91, "Plan Rows": 2, "Plan Width": 25, "Inner Unique": true, "Plans": [{"Node Type": "Merge Join", "Parent Relationship": "Outer", "Join Type": "Inner", "Startup Cost": 74297.39, "Total Cost": 74339.5, "Plan Rows": 262, "Plan Width": 4, "Inner Unique": false, "Merge Cond": "(cn.id = mc.company_id)", "Plans": [{"Node Type": "Sort", "Parent Relationship": "Outer", "Startup Cost": 6300.31, "Total Cost": 6316.04, "Plan Rows": 6290, "Plan Width": 4, "Sort Key": ["cn.id"], "Plans": [{"Node Type": "Seq Scan", "Parent Relationship": "Outer", "Relation Name": "company_name", "Alias": "cn", "Startup Cost": 0.0, "Total Cost": 5903.45, "Plan Rows": 6290, "Plan Width": 4, "Filter": "((country_code)::text = '[jp]'::text)"}]}, {"Node Type": "Sort", "Parent Relationship": "Inner", "Startup Cost": 67996.86, "Total Cost": 68000.99, "Plan Rows": 1652, "Plan Width": 8, "Sort Key": ["mc.company_id"], "Plans": [{"Node Type": "Seq Scan", "Parent Relationship": "Outer", "Relation Name": "movie_companies", "Alias": "mc", "Startup Cost": 0.0, "Total Cost": 67908.56, "Plan Rows": 1652, "Plan Width": 8, "Filter": "(((note)::text ~~ '%(Japan)%'::text) AND ((note)::text !~~ '%(USA)%'::text) AND (((note)::text ~~ '%(2006)%'::text) OR ((note)::text ~~ '%(2007)%'::text)))"}]}]}, {"Node Type": "Bitmap Heap Scan", "Parent Relationship": "Inner", "Relation Name": "title", "Alias": "t", "Startup Cost": 3.93, "Total Cost": 7.95, "Plan Rows": 1, "Plan Width": 21, "Recheck Cond": "(id = mc.movie_id)", "Filter": "((production_year >= 2006) AND (production_year <= 2007) AND (((title)::text ~~ 'One Piece%'::text) OR ((title)::text ~~ 'Dragon Ball Z%'::text)))", "Plans": [{"Node Type": "Bitmap Index Scan", "Parent Relationship": "Outer", "Index Name": "title_pkey", "Startup Cost": 0.0, "Total Cost": 3.93, "Plan Rows": 1, "Plan Width": 0, "Index Cond": "(id = mc.movie_id)"}]}]}, {"Node Type": "Bitmap Heap Scan", "Parent Relationship": "Inner", "Relation Name": "cast_info", "Alias": "ci", "Startup Cost": 4.27, "Total Cost": 28.27, "Plan Rows": 1, "Plan Width": 12, "Recheck Cond": "(movie_id = mc.movie_id)", "Filter": "((note)::text = '(voice: English version)'::text)", "Plans": [{"Node Type": "Bitmap Index Scan", "Parent Relationship": "Outer", "Index Name": "movie_id_cast_info", "Startup Cost": 0.0, "Total Cost": 4.27, "Plan Rows": 6, "Plan Width": 0, "Index Cond": "(movie_id = mc.movie_id)"}]}]}]}, {"Node Type": "Sort", "Parent Relationship": "Inner", "Startup Cost": 1.16, "Total Cost": 1.16, "Plan Rows": 1, "Plan Width": 4, "Sort Key": ["rt.id"], "Plans": [{"Node Type": "Seq Scan", "Parent Relationship": "Outer", "Relation Name": "role_type", "Alias": "rt", "Startup Cost": 0.0, "Total Cost": 1.15, "Plan Rows": 1, "Plan Width": 4, "Filter": "((role)::text = 'actress'::text)"}]}]}, {"Node Type": "Bitmap Heap Scan", "Parent Relationship": "Inner", "Relation Name": "aka_name", "Alias": "an", "Startup Cost": 0.38, "Total Cost": 4.39, "Plan Rows": 1, "Plan Width": 20, "Recheck Cond": "(person_id = ci.person_id)", "Plans": [{"Node Type": "Bitmap Index Scan", "Parent Relationship": "Outer", "Index Name": "person_id_aka_name", "Startup Cost": 0.0, "Total Cost": 0.38, "Plan Rows": 1, "Plan Width": 0, "Index Cond": "(person_id = ci.person_id)"}]}]}, {"Node Type": "Bitmap Heap Scan", "Parent Relationship": "Inner", "Relation Name": "name", "Alias": "n", "Startup Cost": 0.33, "Total Cost": 4.34, "Plan Rows": 1, "Plan Width": 4, "Recheck Cond": "(id = an.person_id)", "Filter": "(((name)::text ~~ '%Yo%'::text) AND ((name)::text !~~ '%Yu%'::text))", "Plans": [{"Node Type": "Bitmap Index Scan", "Parent Relationship": "Outer", "Index Name": "name_pkey", "Startup Cost": 0.0, "Total Cost": 0.33, "Plan Rows": 1, "Plan Width": 0, "Index Cond": "(id = an.person_id)"}]}]}]}, "Unique SQL Id": 3956435728, "Planner Runtime": 21}, "explain_analyze_plan": {"Plan": {"Node Type": "Aggregate", "Strategy": "Plain", "Startup Cost": 76492.44, "Total Cost": 76492.45, "Plan Rows": 1, "Plan Width": 97, "Actual Startup Time": 1117.209, "Actual Total Time": 1117.21, "Actual Rows": 1, "Actual Loops": 1, "Plans": [{"Node Type": "Nested Loop", "Parent Relationship": "Outer", "Join Type": "Inner", "Startup Cost": 76484.36, "Total Cost": 76492.43, "Plan Rows": 1, "Plan Width": 33, "Actual Startup Time": 1116.968, "Actual Total Time": 1117.178, "Actual Rows": 6, "Actual Loops": 1, "Inner Unique": true, "Plans": [{"Node Type": "Nested Loop", "Parent Relationship": "Outer", "Join Type": "Inner", "Startup Cost": 76484.03, "Total Cost": 76488.08, "Plan Rows": 1, "Plan Width": 41, "Actual Startup Time": 1116.692, "Actual Total Time": 1116.94, "Actual Rows": 24, "Actual Loops": 1, "Inner Unique": false, "Plans": [{"Node Type": "Merge Join", "Parent Relationship": "Outer", "Join Type": "Inner", "Startup Cost": 76483.65, "Total Cost": 76483.67, "Plan Rows": 1, "Plan Width": 21, "Actual Startup Time": 1116.656, "Actual Total Time": 1116.673, "Actual Rows": 25, "Actual Loops": 1, "Inner Unique": true, "Merge Cond": "(ci.role_id = rt.id)", "Plans": [{"Node Type": "Sort", "Parent Relationship": "Outer", "Startup Cost": 76482.49, "Total Cost": 76482.49, "Plan Rows": 1, "Plan Width": 25, "Actual Startup Time": 1116.589, "Actual Total Time": 1116.604, "Actual Rows": 104, "Actual Loops": 1, "Sort Key": ["ci.role_id"], "Sort Method": "quicksort", "Sort Space Used": 40, "Sort Space Type": "Memory", "Plans": [{"Node Type": "Nested Loop", "Parent Relationship": "Outer", "Join Type": "Inner", "Startup Cost": 74305.59, "Total Cost": 76482.48, "Plan Rows": 1, "Plan Width": 25, "Actual Startup Time": 1059.751, "Actual Total Time": 1116.541, "Actual Rows": 104, "Actual Loops": 1, "Inner Unique": false, "Join Filter": "(t.id = ci.movie_id)", "Rows Removed by Join Filter": 0, "Plans": [{"Node Type": "Nested Loop", "Parent Relationship": "Outer", "Join Type": "Inner", "Startup Cost": 74301.32, "Total Cost": 76425.91, "Plan Rows": 2, "Plan Width": 25, "Actual Startup Time": 1059.663, "Actual Total Time": 1115.92, "Actual Rows": 4, "Actual Loops": 1, "Inner Unique": true, "Plans": [{"Node Type": "Merge Join", "Parent Relationship": "Outer", "Join Type": "Inner", "Startup Cost": 74297.39, "Total Cost": 74339.5, "Plan Rows": 262, "Plan Width": 4, "Actual Startup Time": 1041.655, "Actual Total Time": 1046.98, "Actual Rows": 8495, "Actual Loops": 1, "Inner Unique": false, "Merge Cond": "(cn.id = mc.company_id)", "Plans": [{"Node Type": "Sort", "Parent Relationship": "Outer", "Startup Cost": 6300.31, "Total Cost": 6316.04, "Plan Rows": 6290, "Plan Width": 4, "Actual Startup Time": 82.23, "Actual Total Time": 82.709, "Actual Rows": 2408, "Actual Loops": 1, "Sort Key": ["cn.id"], "Sort Method": "quicksort", "Sort Space Used": 615, "Sort Space Type": "Memory", "Plans": [{"Node Type": "Seq Scan", "Parent Relationship": "Outer", "Relation Name": "company_name", "Alias": "cn", "Startup Cost": 0.0, "Total Cost": 5903.45, "Plan Rows": 6290, "Plan Width": 4, "Actual Startup Time": 0.045, "Actual Total Time": 79.811, "Actual Rows": 6752, "Actual Loops": 1, "Filter": "((country_code)::text = '[jp]'::text)", "Rows Removed by Filter": 228244}]}, {"Node Type": "Sort", "Parent Relationship": "Inner", "Startup Cost": 67996.86, "Total Cost": 68000.99, "Plan Rows": 1652, "Plan Width": 8, "Actual Startup Time": 959.412, "Actual Total Time": 961.153, "Actual Rows": 8569, "Actual Loops": 1, "Sort Key": ["mc.company_id"], "Sort Method": "quicksort", "Sort Space Used": 920, "Sort Space Type": "Memory", "Plans": [{"Node Type": "Seq Scan", "Parent Relationship": "Outer", "Relation Name": "movie_companies", "Alias": "mc", "Startup Cost": 0.0, "Total Cost": 67908.56, "Plan Rows": 1652, "Plan Width": 8, "Actual Startup Time": 0.266, "Actual Total Time": 956.358, "Actual Rows": 8569, "Actual Loops": 1, "Filter": "(((note)::text ~~ '%(Japan)%'::text) AND ((note)::text !~~ '%(USA)%'::text) AND (((note)::text ~~ '%(2006)%'::text) OR ((note)::text ~~ '%(2007)%'::text)))", "Rows Removed by Filter": 2600559}]}]}, {"Node Type": "Bitmap Heap Scan", "Parent Relationship": "Inner", "Relation Name": "title", "Alias": "t", "Startup Cost": 3.93, "Total Cost": 7.95, "Plan Rows": 1, "Plan Width": 21, "Actual Startup Time": 59.134, "Actual Total Time": 59.134, "Actual Rows": 4, "Actual Loops": 8495, "Recheck Cond": "(id = mc.movie_id)", "Rows Removed by Index Recheck": 0, "Filter": "((production_year >= 2006) AND (production_year <= 2007) AND (((title)::text ~~ 'One Piece%'::text) OR ((title)::text ~~ 'Dragon Ball Z%'::text)))", "Rows Removed by Filter": 8491, "Exact Heap Blocks": 8495, "Lossy Heap Blocks": 8495, "Plans": [{"Node Type": "Bitmap Index Scan", "Parent Relationship": "Outer", "Index Name": "title_pkey", "Startup Cost": 0.0, "Total Cost": 3.93, "Plan Rows": 1, "Plan Width": 0, "Actual Startup Time": 28.94, "Actual Total Time": 28.94, "Actual Rows": 8495, "Actual Loops": 8495, "Index Cond": "(id = mc.movie_id)"}]}]}, {"Node Type": "Bitmap Heap Scan", "Parent Relationship": "Inner", "Relation Name": "cast_info", "Alias": "ci", "Startup Cost": 4.27, "Total Cost": 28.27, "Plan Rows": 1, "Plan Width": 12, "Actual Startup Time": 0.2, "Actual Total Time": 0.541, "Actual Rows": 104, "Actual Loops": 4, "Recheck Cond": "(movie_id = mc.movie_id)", "Rows Removed by Index Recheck": 0, "Filter": "((note)::text = '(voice: English version)'::text)", "Rows Removed by Filter": 68, "Exact Heap Blocks": 133, "Lossy Heap Blocks": 133, "Plans": [{"Node Type": "Bitmap Index Scan", "Parent Relationship": "Outer", "Index Name": "movie_id_cast_info", "Startup Cost": 0.0, "Total Cost": 4.27, "Plan Rows": 6, "Plan Width": 0, "Actual Startup Time": 0.081, "Actual Total Time": 0.081, "Actual Rows": 172, "Actual Loops": 4, "Index Cond": "(movie_id = mc.movie_id)"}]}]}]}, {"Node Type": "Sort", "Parent Relationship": "Inner", "Startup Cost": 1.16, "Total Cost": 1.16, "Plan Rows": 1, "Plan Width": 4, "Actual Startup Time": 0.042, "Actual Total Time": 0.042, "Actual Rows": 1, "Actual Loops": 1, "Sort Key": ["rt.id"], "Sort Method": "quicksort", "Sort Space Used": 25, "Sort Space Type": "Memory", "Plans": [{"Node Type": "Seq Scan", "Parent Relationship": "Outer", "Relation Name": "role_type", "Alias": "rt", "Startup Cost": 0.0, "Total Cost": 1.15, "Plan Rows": 1, "Plan Width": 4, "Actual Startup Time": 0.021, "Actual Total Time": 0.025, "Actual Rows": 1, "Actual Loops": 1, "Filter": "((role)::text = 'actress'::text)", "Rows Removed by Filter": 11}]}]}, {"Node Type": "Bitmap Heap Scan", "Parent Relationship": "Inner", "Relation Name": "aka_name", "Alias": "an", "Startup Cost": 0.38, "Total Cost": 4.39, "Plan Rows": 1, "Plan Width": 20, "Actual Startup Time": 0.206, "Actual Total Time": 0.223, "Actual Rows": 24, "Actual Loops": 25, "Recheck Cond": "(person_id = ci.person_id)", "Rows Removed by Index Recheck": 0, "Exact Heap Blocks": 20, "Lossy Heap Blocks": 20, "Plans": [{"Node Type": "Bitmap Index Scan", "Parent Relationship": "Outer", "Index Name": "person_id_aka_name", "Startup Cost": 0.0, "Total Cost": 0.38, "Plan Rows": 1, "Plan Width": 0, "Actual Startup Time": 0.145, "Actual Total Time": 0.145, "Actual Rows": 24, "Actual Loops": 25, "Index Cond": "(person_id = ci.person_id)"}]}]}, {"Node Type": "Bitmap Heap Scan", "Parent Relationship": "Inner", "Relation Name": "name", "Alias": "n", "Startup Cost": 0.33, "Total Cost": 4.34, "Plan Rows": 1, "Plan Width": 4, "Actual Startup Time": 0.201, "Actual Total Time": 0.201, "Actual Rows": 6, "Actual Loops": 24, "Recheck Cond": "(id = an.person_id)", "Rows Removed by Index Recheck": 0, "Filter": "(((name)::text ~~ '%Yo%'::text) AND ((name)::text !~~ '%Yu%'::text))", "Rows Removed by Filter": 18, "Exact Heap Blocks": 24, "Lossy Heap Blocks": 24, "Plans": [{"Node Type": "Bitmap Index Scan", "Parent Relationship": "Outer", "Index Name": "name_pkey", "Startup Cost": 0.0, "Total Cost": 0.33, "Plan Rows": 1, "Plan Width": 0, "Actual Startup Time": 0.109, "Actual Total Time": 0.109, "Actual Rows": 24, "Actual Loops": 24, "Index Cond": "(id = an.person_id)"}]}]}]}, "Triggers": [], "Planner Runtime": 21.354, "Total Runtime": 1117.637, "Unique SQL Id": 3956435728}}, "(1, '87')": {"explain_plan": {"Plan": {"Node Type": "Aggregate", "Strategy": "Plain", "Startup Cost": 1000012201008.67, "Total Cost": 1000012201008.68, "Plan Rows": 1, "Plan Width": 97, "Plans": [{"Node Type": "Nested Loop", "Parent Relationship": "Outer", "Join Type": "Inner", "Startup Cost": 10000000004.12, "Total Cost": 1000012201008.67, "Plan Rows": 1, "Plan Width": 33, "Inner Unique": true, "Plans": [{"Node Type": "Nested Loop", "Parent Relationship": "Outer", "Join Type": "Inner", "Startup Cost": 10000000003.79, "Total Cost": 1000012201004.31, "Plan Rows": 1, "Plan Width": 41, "Inner Unique": true, "Plans": [{"Node Type": "Nested Loop", "Parent Relationship": "Outer", "Join Type": "Inner", "Startup Cost": 10000000003.54, "Total Cost": 1000012201000.03, "Plan Rows": 1, "Plan Width": 45, "Inner Unique": true, "Plans": [{"Node Type": "Nested Loop", "Parent Relationship": "Outer", "Join Type": "Inner", "Startup Cost": 10000000002.31, "Total Cost": 1000012200994.77, "Plan Rows": 1, "Plan Width": 49, "Inner Unique": false, "Plans": [{"Node Type": "Nested Loop", "Parent Relationship": "Outer", "Join Type": "Inner", "Startup Cost": 10000000001.65, "Total Cost": 1000012200744.81, "Plan Rows": 53, "Plan Width": 53, "Inner Unique": true, "Plans": [{"Node Type": "Nested Loop", "Parent Relationship": "Outer", "Join Type": "Inner", "Startup Cost": 10000000001.0, "Total Cost": 1000011659757.19, "Plan Rows": 115768, "Plan Width": 32, "Inner Unique": false, "Plans": [{"Node Type": "Index Scan", "Parent Relationship": "Outer", "Scan Direction": "Forward", "Index Name": "person_id_aka_name", "Relation Name": "aka_name", "Alias": "an", "Startup Cost": 10000000000.0, "Total Cost": 1000006896503.43, "Plan Rows": 901342, "Plan Width": 20}, {"Node Type": "Bitmap Heap Scan", "Parent Relationship": "Inner", "Relation Name": "cast_info", "Alias": "ci", "Startup Cost": 1.0, "Total Cost": 5.27, "Plan Rows": 1, "Plan Width": 12, "Recheck Cond": "(person_id = an.person_id)", "Filter": "((note)::text = '(voice: English version)'::text)", "Plans": [{"Node Type": "Bitmap Index Scan", "Parent Relationship": "Outer", "Index Name": "person_id_cast_info", "Startup Cost": 0.0, "Total Cost": 1.0, "Plan Rows": 18, "Plan Width": 0, "Index Cond": "(person_id = an.person_id)"}]}]}, {"Node Type": "Bitmap Heap Scan", "Parent Relationship": "Inner", "Relation Name": "title", "Alias": "t", "Startup Cost": 0.64, "Total Cost": 4.66, "Plan Rows": 1, "Plan Width": 21, "Recheck Cond": "(id = ci.movie_id)", "Filter": "((production_year >= 2006) AND (production_year <= 2007) AND (((title)::text ~~ 'One Piece%'::text) OR ((title)::text ~~ 'Dragon Ball Z%'::text)))", "Plans": [{"Node Type": "Bitmap Index Scan", "Parent Relationship": "Outer", "Index Name": "title_pkey", "Startup Cost": 0.0, "Total Cost": 0.64, "Plan Rows": 1, "Plan Width": 0, "Index Cond": "(id = ci.movie_id)"}]}]}, {"Node Type": "Bitmap Heap Scan", "Parent Relationship": "Inner", "Relation Name": "movie_companies", "Alias": "mc", "Startup Cost": 0.66, "Total Cost": 4.71, "Plan Rows": 1, "Plan Width": 8, "Recheck Cond": "(movie_id = ci.movie_id)", "Filter": "(((note)::text ~~ '%(Japan)%'::text) AND ((note)::text !~~ '%(USA)%'::text) AND (((note)::text ~~ '%(2006)%'::text) OR ((note)::text ~~ '%(2007)%'::text)))", "Plans": [{"Node Type": "Bitmap Index Scan", "Parent Relationship": "Outer", "Index Name": "movie_id_movie_companies", "Startup Cost": 0.0, "Total Cost": 0.66, "Plan Rows": 2, "Plan Width": 0, "Index Cond": "(movie_id = ci.movie_id)"}]}]}, {"Node Type": "Bitmap Heap Scan", "Parent Relationship": "Inner", "Relation Name": "company_name", "Alias": "cn", "Startup Cost": 1.23, "Total Cost": 5.24, "Plan Rows": 1, "Plan Width": 4, "Recheck Cond": "(id = mc.company_id)", "Filter": "((country_code)::text = '[jp]'::text)", "Plans": [{"Node Type": "Bitmap Index Scan", "Parent Relationship": "Outer", "Index Name": "company_name_pkey", "Startup Cost": 0.0, "Total Cost": 1.23, "Plan Rows": 1, "Plan Width": 0, "Index Cond": "(id = mc.company_id)"}]}]}, {"Node Type": "Bitmap Heap Scan", "Parent Relationship": "Inner", "Relation Name": "role_type", "Alias": "rt", "Startup Cost": 0.26, "Total Cost": 4.27, "Plan Rows": 1, "Plan Width": 4, "Recheck Cond": "(id = ci.role_id)", "Filter": "((role)::text = 'actress'::text)", "Plans": [{"Node Type": "Bitmap Index Scan", "Parent Relationship": "Outer", "Index Name": "role_type_pkey", "Startup Cost": 0.0, "Total Cost": 0.26, "Plan Rows": 1, "Plan Width": 0, "Index Cond": "(id = ci.role_id)"}]}]}, {"Node Type": "Bitmap Heap Scan", "Parent Relationship": "Inner", "Relation Name": "name", "Alias": "n", "Startup Cost": 0.33, "Total Cost": 4.34, "Plan Rows": 1, "Plan Width": 4, "Recheck Cond": "(id = an.person_id)", "Filter": "(((name)::text ~~ '%Yo%'::text) AND ((name)::text !~~ '%Yu%'::text))", "Plans": [{"Node Type": "Bitmap Index Scan", "Parent Relationship": "Outer", "Index Name": "name_pkey", "Startup Cost": 0.0, "Total Cost": 0.33, "Plan Rows": 1, "Plan Width": 0, "Index Cond": "(id = an.person_id)"}]}]}]}, "Unique SQL Id": 3956435728, "Planner Runtime": 9}, "explain_analyze_plan": null}, "(1, '88')": {"explain_plan": {"Plan": {"Node Type": "Aggregate", "Strategy": "Plain", "Startup Cost": 76459.24, "Total Cost": 76459.25, "Plan Rows": 1, "Plan Width": 97, "Plans": [{"Node Type": "Nested Loop", "Parent Relationship": "Outer", "Join Type": "Inner", "Startup Cost": 74297.39, "Total Cost": 76459.23, "Plan Rows": 1, "Plan Width": 33, "Inner Unique": true, "Plans": [{"Node Type": "Nested Loop", "Parent Relationship": "Outer", "Join Type": "Inner", "Startup Cost": 74297.39, "Total Cost": 76458.95, "Plan Rows": 1, "Plan Width": 37, "Inner Unique": true, "Plans": [{"Node Type": "Nested Loop", "Parent Relationship": "Outer", "Join Type": "Inner", "Startup Cost": 74297.39, "Total Cost": 76458.37, "Plan Rows": 1, "Plan Width": 45, "Inner Unique": false, "Plans": [{"Node Type": "Nested Loop", "Parent Relationship": "Outer", "Join Type": "Inner", "Startup Cost": 74297.39, "Total Cost": 76457.51, "Plan Rows": 1, "Plan Width": 25, "Inner Unique": false, "Join Filter": "(t.id = ci.movie_id)", "Plans": [{"Node Type": "Nested Loop", "Parent Relationship": "Outer", "Join Type": "Inner", "Startup Cost": 74297.39, "Total Cost": 76401.73, "Plan Rows": 2, "Plan Width": 25, "Inner Unique": true, "Plans": [{"Node Type": "Merge Join", "Parent Relationship": "Outer", "Join Type": "Inner", "Startup Cost": 74297.39, "Total Cost": 74339.5, "Plan Rows": 262, "Plan Width": 4, "Inner Unique": false, "Merge Cond": "(cn.id = mc.company_id)", "Plans": [{"Node Type": "Sort", "Parent Relationship": "Outer", "Startup Cost": 6300.31, "Total Cost": 6316.04, "Plan Rows": 6290, "Plan Width": 4, "Sort Key": ["cn.id"], "Plans": [{"Node Type": "Seq Scan", "Parent Relationship": "Outer", "Relation Name": "company_name", "Alias": "cn", "Startup Cost": 0.0, "Total Cost": 5903.45, "Plan Rows": 6290, "Plan Width": 4, "Filter": "((country_code)::text = '[jp]'::text)"}]}, {"Node Type": "Sort", "Parent Relationship": "Inner", "Startup Cost": 67996.86, "Total Cost": 68000.99, "Plan Rows": 1652, "Plan Width": 8, "Sort Key": ["mc.company_id"], "Plans": [{"Node Type": "Seq Scan", "Parent Relationship": "Outer", "Relation Name": "movie_companies", "Alias": "mc", "Startup Cost": 0.0, "Total Cost": 67908.56, "Plan Rows": 1652, "Plan Width": 8, "Filter": "(((note)::text ~~ '%(Japan)%'::text) AND ((note)::text !~~ '%(USA)%'::text) AND (((note)::text ~~ '%(2006)%'::text) OR ((note)::text ~~ '%(2007)%'::text)))"}]}]}, {"Node Type": "Index Scan", "Parent Relationship": "Inner", "Scan Direction": "Forward", "Index Name": "title_pkey", "Relation Name": "title", "Alias": "t", "Startup Cost": 0.0, "Total Cost": 7.86, "Plan Rows": 1, "Plan Width": 21, "Index Cond": "(id = mc.movie_id)", "Filter": "((production_year >= 2006) AND (production_year <= 2007) AND (((title)::text ~~ 'One Piece%'::text) OR ((title)::text ~~ 'Dragon Ball Z%'::text)))"}]}, {"Node Type": "Index Scan", "Parent Relationship": "Inner", "Scan Direction": "Forward", "Index Name": "movie_id_cast_info", "Relation Name": "cast_info", "Alias": "ci", "Startup Cost": 0.0, "Total Cost": 27.88, "Plan Rows": 1, "Plan Width": 12, "Index Cond": "(movie_id = mc.movie_id)", "Filter": "((note)::text = '(voice: English version)'::text)"}]}, {"Node Type": "Index Scan", "Parent Relationship": "Inner", "Scan Direction": "Forward", "Index Name": "person_id_aka_name", "Relation Name": "aka_name", "Alias": "an", "Startup Cost": 0.0, "Total Cost": 0.84, "Plan Rows": 1, "Plan Width": 20, "Index Cond": "(person_id = ci.person_id)"}]}, {"Node Type": "Index Scan", "Parent Relationship": "Inner", "Scan Direction": "Forward", "Index Name": "name_pkey", "Relation Name": "name", "Alias": "n", "Startup Cost": 0.0, "Total Cost": 0.57, "Plan Rows": 1, "Plan Width": 4, "Index Cond": "(id = an.person_id)", "Filter": "(((name)::text ~~ '%Yo%'::text) AND ((name)::text !~~ '%Yu%'::text))"}]}, {"Node Type": "Index Scan", "Parent Relationship": "Inner", "Scan Direction": "Forward", "Index Name": "role_type_pkey", "Relation Name": "role_type", "Alias": "rt", "Startup Cost": 0.0, "Total Cost": 0.27, "Plan Rows": 1, "Plan Width": 4, "Index Cond": "(id = ci.role_id)", "Filter": "((role)::text = 'actress'::text)"}]}]}, "Unique SQL Id": 3956435728, "Planner Runtime": 18}, "explain_analyze_plan": {"Plan": {"Node Type": "Aggregate", "Strategy": "Plain", "Startup Cost": 76459.24, "Total Cost": 76459.25, "Plan Rows": 1, "Plan Width": 97, "Actual Startup Time": 1112.047, "Actual Total Time": 1112.047, "Actual Rows": 1, "Actual Loops": 1, "Plans": [{"Node Type": "Nested Loop", "Parent Relationship": "Outer", "Join Type": "Inner", "Startup Cost": 74297.39, "Total Cost": 76459.23, "Plan Rows": 1, "Plan Width": 33, "Actual Startup Time": 1066.093, "Actual Total Time": 1112.013, "Actual Rows": 6, "Actual Loops": 1, "Inner Unique": true, "Plans": [{"Node Type": "Nested Loop", "Parent Relationship": "Outer", "Join Type": "Inner", "Startup Cost": 74297.39, "Total Cost": 76458.95, "Plan Rows": 1, "Plan Width": 37, "Actual Startup Time": 1066.073, "Actual Total Time": 1111.974, "Actual Rows": 6, "Actual Loops": 1, "Inner Unique": true, "Plans": [{"Node Type": "Nested Loop", "Parent Relationship": "Outer", "Join Type": "Inner", "Startup Cost": 74297.39, "Total Cost": 76458.37, "Plan Rows": 1, "Plan Width": 45, "Actual Startup Time": 1064.938, "Actual Total Time": 1110.992, "Actual Rows": 171, "Actual Loops": 1, "Inner Unique": false, "Plans": [{"Node Type": "Nested Loop", "Parent Relationship": "Outer", "Join Type": "Inner", "Startup Cost": 74297.39, "Total Cost": 76457.51, "Plan Rows": 1, "Plan Width": 25, "Actual Startup Time": 1064.901, "Actual Total Time": 1110.141, "Actual Rows": 104, "Actual Loops": 1, "Inner Unique": false, "Join Filter": "(t.id = ci.movie_id)", "Rows Removed by Join Filter": 0, "Plans": [{"Node Type": "Nested Loop", "Parent Relationship": "Outer", "Join Type": "Inner", "Startup Cost": 74297.39, "Total Cost": 76401.73, "Plan Rows": 2, "Plan Width": 25, "Actual Startup Time": 1064.854, "Actual Total Time": 1109.603, "Actual Rows": 4, "Actual Loops": 1, "Inner Unique": true, "Plans": [{"Node Type": "Merge Join", "Parent Relationship": "Outer", "Join Type": "Inner", "Startup Cost": 74297.39, "Total Cost": 74339.5, "Plan Rows": 262, "Plan Width": 4, "Actual Startup Time": 1050.528, "Actual Total Time": 1055.491, "Actual Rows": 8495, "Actual Loops": 1, "Inner Unique": false, "Merge Cond": "(cn.id = mc.company_id)", "Plans": [{"Node Type": "Sort", "Parent Relationship": "Outer", "Startup Cost": 6300.31, "Total Cost": 6316.04, "Plan Rows": 6290, "Plan Width": 4, "Actual Startup Time": 82.797, "Actual Total Time": 83.299, "Actual Rows": 2408, "Actual Loops": 1, "Sort Key": ["cn.id"], "Sort Method": "quicksort", "Sort Space Used": 615, "Sort Space Type": "Memory", "Plans": [{"Node Type": "Seq Scan", "Parent Relationship": "Outer", "Relation Name": "company_name", "Alias": "cn", "Startup Cost": 0.0, "Total Cost": 5903.45, "Plan Rows": 6290, "Plan Width": 4, "Actual Startup Time": 0.042, "Actual Total Time": 80.364, "Actual Rows": 6752, "Actual Loops": 1, "Filter": "((country_code)::text = '[jp]'::text)", "Rows Removed by Filter": 228244}]}, {"Node Type": "Sort", "Parent Relationship": "Inner", "Startup Cost": 67996.86, "Total Cost": 68000.99, "Plan Rows": 1652, "Plan Width": 8, "Actual Startup Time": 967.716, "Actual Total Time": 969.382, "Actual Rows": 8569, "Actual Loops": 1, "Sort Key": ["mc.company_id"], "Sort Method": "quicksort", "Sort Space Used": 920, "Sort Space Type": "Memory", "Plans": [{"Node Type": "Seq Scan", "Parent Relationship": "Outer", "Relation Name": "movie_companies", "Alias": "mc", "Startup Cost": 0.0, "Total Cost": 67908.56, "Plan Rows": 1652, "Plan Width": 8, "Actual Startup Time": 0.262, "Actual Total Time": 964.571, "Actual Rows": 8569, "Actual Loops": 1, "Filter": "(((note)::text ~~ '%(Japan)%'::text) AND ((note)::text !~~ '%(USA)%'::text) AND (((note)::text ~~ '%(2006)%'::text) OR ((note)::text ~~ '%(2007)%'::text)))", "Rows Removed by Filter": 2600559}]}]}, {"Node Type": "Index Scan", "Parent Relationship": "Inner", "Scan Direction": "Forward", "Index Name": "title_pkey", "Relation Name": "title", "Alias": "t", "Startup Cost": 0.0, "Total Cost": 7.86, "Plan Rows": 1, "Plan Width": 21, "Actual Startup Time": 49.778, "Actual Total Time": 49.778, "Actual Rows": 4, "Actual Loops": 8495, "Index Cond": "(id = mc.movie_id)", "Rows Removed by Index Recheck": 0, "Filter": "((production_year >= 2006) AND (production_year <= 2007) AND (((title)::text ~~ 'One Piece%'::text) OR ((title)::text ~~ 'Dragon Ball Z%'::text)))", "Rows Removed by Filter": 8491}]}, {"Node Type": "Index Scan", "Parent Relationship": "Inner", "Scan Direction": "Forward", "Index Name": "movie_id_cast_info", "Relation Name": "cast_info", "Alias": "ci", "Startup Cost": 0.0, "Total Cost": 27.88, "Plan Rows": 1, "Plan Width": 12, "Actual Startup Time": 0.136, "Actual Total Time": 0.476, "Actual Rows": 104, "Actual Loops": 4, "Index Cond": "(movie_id = mc.movie_id)", "Rows Removed by Index Recheck": 0, "Filter": "((note)::text = '(voice: English version)'::text)", "Rows Removed by Filter": 68}]}, {"Node Type": "Index Scan", "Parent Relationship": "Inner", "Scan Direction": "Forward", "Index Name": "person_id_aka_name", "Relation Name": "aka_name", "Alias": "an", "Startup Cost": 0.0, "Total Cost": 0.84, "Plan Rows": 1, "Plan Width": 20, "Actual Startup Time": 0.624, "Actual Total Time": 0.748, "Actual Rows": 171, "Actual Loops": 104, "Index Cond": "(person_id = ci.person_id)", "Rows Removed by Index Recheck": 0}]}, {"Node Type": "Index Scan", "Parent Relationship": "Inner", "Scan Direction": "Forward", "Index Name": "name_pkey", "Relation Name": "name", "Alias": "n", "Startup Cost": 0.0, "Total Cost": 0.57, "Plan Rows": 1, "Plan Width": 4, "Actual Startup Time": 0.898, "Actual Total Time": 0.898, "Actual Rows": 6, "Actual Loops": 171, "Index Cond": "(id = an.person_id)", "Rows Removed by Index Recheck": 0, "Filter": "(((name)::text ~~ '%Yo%'::text) AND ((name)::text !~~ '%Yu%'::text))", "Rows Removed by Filter": 165}]}, {"Node Type": "Index Scan", "Parent Relationship": "Inner", "Scan Direction": "Forward", "Index Name": "role_type_pkey", "Relation Name": "role_type", "Alias": "rt", "Startup Cost": 0.0, "Total Cost": 0.27, "Plan Rows": 1, "Plan Width": 4, "Actual Startup Time": 0.026, "Actual Total Time": 0.026, "Actual Rows": 6, "Actual Loops": 6, "Index Cond": "(id = ci.role_id)", "Rows Removed by Index Recheck": 0, "Filter": "((role)::text = 'actress'::text)", "Rows Removed by Filter": 0}]}]}, "Triggers": [], "Planner Runtime": 19.2, "Total Runtime": 1112.571, "Unique SQL Id": 3956435728}}, "(1, '89')": {"explain_plan": {"Plan": {"Node Type": "Aggregate", "Strategy": "Plain", "Startup Cost": 84111.26, "Total Cost": 84111.27, "Plan Rows": 1, "Plan Width": 97, "Plans": [{"Node Type": "Nested Loop", "Parent Relationship": "Outer", "Join Type": "Inner", "Startup Cost": 0.0, "Total Cost": 84111.26, "Plan Rows": 1, "Plan Width": 33, "Inner Unique": true, "Plans": [{"Node Type": "Nested Loop", "Parent Relationship": "Outer", "Join Type": "Inner", "Startup Cost": 0.0, "Total Cost": 84110.97, "Plan Rows": 1, "Plan Width": 37, "Inner Unique": true, "Plans": [{"Node Type": "Nested Loop", "Parent Relationship": "Outer", "Join Type": "Inner", "Startup Cost": 0.0, "Total Cost": 84110.39, "Plan Rows": 1, "Plan Width": 45, "Inner Unique": false, "Plans": [{"Node Type": "Nested Loop", "Parent Relationship": "Outer", "Join Type": "Inner", "Startup Cost": 0.0, "Total Cost": 84109.54, "Plan Rows": 1, "Plan Width": 25, "Inner Unique": false, "Join Filter": "(t.id = ci.movie_id)", "Plans": [{"Node Type": "Nested Loop", "Parent Relationship": "Outer", "Join Type": "Inner", "Startup Cost": 0.0, "Total Cost": 84053.76, "Plan Rows": 2, "Plan Width": 25, "Inner Unique": true, "Plans": [{"Node Type": "Nested Loop", "Parent Relationship": "Outer", "Join Type": "Inner", "Startup Cost": 0.0, "Total Cost": 81991.53, "Plan Rows": 262, "Plan Width": 4, "Inner Unique": false, "Plans": [{"Node Type": "Index Scan", "Parent Relationship": "Outer", "Scan Direction": "Forward", "Index Name": "company_name_pkey", "Relation Name": "company_name", "Alias": "cn", "Startup Cost": 0.0, "Total Cost": 10501.39, "Plan Rows": 6290, "Plan Width": 4, "Filter": "((country_code)::text = '[jp]'::text)"}, {"Node Type": "Index Scan", "Parent Relationship": "Inner", "Scan Direction": "Forward", "Index Name": "company_id_movie_companies", "Relation Name": "movie_companies", "Alias": "mc", "Startup Cost": 0.0, "Total Cost": 11.36, "Plan Rows": 1, "Plan Width": 8, "Index Cond": "(company_id = cn.id)", "Filter": "(((note)::text ~~ '%(Japan)%'::text) AND ((note)::text !~~ '%(USA)%'::text) AND (((note)::text ~~ '%(2006)%'::text) OR ((note)::text ~~ '%(2007)%'::text)))"}]}, {"Node Type": "Index Scan", "Parent Relationship": "Inner", "Scan Direction": "Forward", "Index Name": "title_pkey", "Relation Name": "title", "Alias": "t", "Startup Cost": 0.0, "Total Cost": 7.86, "Plan Rows": 1, "Plan Width": 21, "Index Cond": "(id = mc.movie_id)", "Filter": "((production_year >= 2006) AND (production_year <= 2007) AND (((title)::text ~~ 'One Piece%'::text) OR ((title)::text ~~ 'Dragon Ball Z%'::text)))"}]}, {"Node Type": "Index Scan", "Parent Relationship": "Inner", "Scan Direction": "Forward", "Index Name": "movie_id_cast_info", "Relation Name": "cast_info", "Alias": "ci", "Startup Cost": 0.0, "Total Cost": 27.88, "Plan Rows": 1, "Plan Width": 12, "Index Cond": "(movie_id = mc.movie_id)", "Filter": "((note)::text = '(voice: English version)'::text)"}]}, {"Node Type": "Index Scan", "Parent Relationship": "Inner", "Scan Direction": "Forward", "Index Name": "person_id_aka_name", "Relation Name": "aka_name", "Alias": "an", "Startup Cost": 0.0, "Total Cost": 0.84, "Plan Rows": 1, "Plan Width": 20, "Index Cond": "(person_id = ci.person_id)"}]}, {"Node Type": "Index Scan", "Parent Relationship": "Inner", "Scan Direction": "Forward", "Index Name": "name_pkey", "Relation Name": "name", "Alias": "n", "Startup Cost": 0.0, "Total Cost": 0.57, "Plan Rows": 1, "Plan Width": 4, "Index Cond": "(id = an.person_id)", "Filter": "(((name)::text ~~ '%Yo%'::text) AND ((name)::text !~~ '%Yu%'::text))"}]}, {"Node Type": "Index Scan", "Parent Relationship": "Inner", "Scan Direction": "Forward", "Index Name": "role_type_pkey", "Relation Name": "role_type", "Alias": "rt", "Startup Cost": 0.0, "Total Cost": 0.27, "Plan Rows": 1, "Plan Width": 4, "Index Cond": "(id = ci.role_id)", "Filter": "((role)::text = 'actress'::text)"}]}]}, "Unique SQL Id": 3956435728, "Planner Runtime": 22}, "explain_analyze_plan": {"Plan": {"Node Type": "Aggregate", "Strategy": "Plain", "Startup Cost": 84111.26, "Total Cost": 84111.27, "Plan Rows": 1, "Plan Width": 97, "Actual Startup Time": 581.73, "Actual Total Time": 581.73, "Actual Rows": 1, "Actual Loops": 1, "Plans": [{"Node Type": "Nested Loop", "Parent Relationship": "Outer", "Join Type": "Inner", "Startup Cost": 0.0, "Total Cost": 84111.26, "Plan Rows": 1, "Plan Width": 33, "Actual Startup Time": 54.321, "Actual Total Time": 581.694, "Actual Rows": 6, "Actual Loops": 1, "Inner Unique": true, "Plans": [{"Node Type": "Nested Loop", "Parent Relationship": "Outer", "Join Type": "Inner", "Startup Cost": 0.0, "Total Cost": 84110.97, "Plan Rows": 1, "Plan Width": 37, "Actual Startup Time": 54.312, "Actual Total Time": 581.658, "Actual Rows": 6, "Actual Loops": 1, "Inner Unique": true, "Plans": [{"Node Type": "Nested Loop", "Parent Relationship": "Outer", "Join Type": "Inner", "Startup Cost": 0.0, "Total Cost": 84110.39, "Plan Rows": 1, "Plan Width": 45, "Actual Startup Time": 53.198, "Actual Total Time": 580.628, "Actual Rows": 171, "Actual Loops": 1, "Inner Unique": false, "Plans": [{"Node Type": "Nested Loop", "Parent Relationship": "Outer", "Join Type": "Inner", "Startup Cost": 0.0, "Total Cost": 84109.54, "Plan Rows": 1, "Plan Width": 25, "Actual Startup Time": 53.177, "Actual Total Time": 579.772, "Actual Rows": 104, "Actual Loops": 1, "Inner Unique": false, "Join Filter": "(t.id = ci.movie_id)", "Rows Removed by Join Filter": 0, "Plans": [{"Node Type": "Nested Loop", "Parent Relationship": "Outer", "Join Type": "Inner", "Startup Cost": 0.0, "Total Cost": 84053.76, "Plan Rows": 2, "Plan Width": 25, "Actual Startup Time": 53.042, "Actual Total Time": 579.227, "Actual Rows": 4, "Actual Loops": 1, "Inner Unique": true, "Plans": [{"Node Type": "Nested Loop", "Parent Relationship": "Outer", "Join Type": "Inner", "Startup Cost": 0.0, "Total Cost": 81991.53, "Plan Rows": 262, "Plan Width": 4, "Actual Startup Time": 0.312, "Actual Total Time": 518.839, "Actual Rows": 8495, "Actual Loops": 1, "Inner Unique": false, "Plans": [{"Node Type": "Index Scan", "Parent Relationship": "Outer", "Scan Direction": "Forward", "Index Name": "company_name_pkey", "Relation Name": "company_name", "Alias": "cn", "Startup Cost": 0.0, "Total Cost": 10501.39, "Plan Rows": 6290, "Plan Width": 4, "Actual Startup Time": 0.264, "Actual Total Time": 291.012, "Actual Rows": 6752, "Actual Loops": 1, "Filter": "((country_code)::text = '[jp]'::text)", "Rows Removed by Filter": 228244}, {"Node Type": "Index Scan", "Parent Relationship": "Inner", "Scan Direction": "Forward", "Index Name": "company_id_movie_companies", "Relation Name": "movie_companies", "Alias": "mc", "Startup Cost": 0.0, "Total Cost": 11.36, "Plan Rows": 1, "Plan Width": 8, "Actual Startup Time": 100.149, "Actual Total Time": 221.814, "Actual Rows": 8495, "Actual Loops": 6752, "Index Cond": "(company_id = cn.id)", "Rows Removed by Index Recheck": 0, "Filter": "(((note)::text ~~ '%(Japan)%'::text) AND ((note)::text !~~ '%(USA)%'::text) AND (((note)::text ~~ '%(2006)%'::text) OR ((note)::text ~~ '%(2007)%'::text)))", "Rows Removed by Filter": 96500}]}, {"Node Type": "Index Scan", "Parent Relationship": "Inner", "Scan Direction": "Forward", "Index Name": "title_pkey", "Relation Name": "title", "Alias": "t", "Startup Cost": 0.0, "Total Cost": 7.86, "Plan Rows": 1, "Plan Width": 21, "Actual Startup Time": 55.844, "Actual Total Time": 55.844, "Actual Rows": 4, "Actual Loops": 8495, "Index Cond": "(id = mc.movie_id)", "Rows Removed by Index Recheck": 0, "Filter": "((production_year >= 2006) AND (production_year <= 2007) AND (((title)::text ~~ 'One Piece%'::text) OR ((title)::text ~~ 'Dragon Ball Z%'::text)))", "Rows Removed by Filter": 8491}]}, {"Node Type": "Index Scan", "Parent Relationship": "Inner", "Scan Direction": "Forward", "Index Name": "movie_id_cast_info", "Relation Name": "cast_info", "Alias": "ci", "Startup Cost": 0.0, "Total Cost": 27.88, "Plan Rows": 1, "Plan Width": 12, "Actual Startup Time": 0.155, "Actual Total Time": 0.487, "Actual Rows": 104, "Actual Loops": 4, "Index Cond": "(movie_id = mc.movie_id)", "Rows Removed by Index Recheck": 0, "Filter": "((note)::text = '(voice: English version)'::text)", "Rows Removed by Filter": 68}]}, {"Node Type": "Index Scan", "Parent Relationship": "Inner", "Scan Direction": "Forward", "Index Name": "person_id_aka_name", "Relation Name": "aka_name", "Alias": "an", "Startup Cost": 0.0, "Total Cost": 0.84, "Plan Rows": 1, "Plan Width": 20, "Actual Startup Time": 0.629, "Actual Total Time": 0.74, "Actual Rows": 171, "Actual Loops": 104, "Index Cond": "(person_id = ci.person_id)", "Rows Removed by Index Recheck": 0}]}, {"Node Type": "Index Scan", "Parent Relationship": "Inner", "Scan Direction": "Forward", "Index Name": "name_pkey", "Relation Name": "name", "Alias": "n", "Startup Cost": 0.0, "Total Cost": 0.57, "Plan Rows": 1, "Plan Width": 4, "Actual Startup Time": 0.94, "Actual Total Time": 0.94, "Actual Rows": 6, "Actual Loops": 171, "Index Cond": "(id = an.person_id)", "Rows Removed by Index Recheck": 0, "Filter": "(((name)::text ~~ '%Yo%'::text) AND ((name)::text !~~ '%Yu%'::text))", "Rows Removed by Filter": 165}]}, {"Node Type": "Index Scan", "Parent Relationship": "Inner", "Scan Direction": "Forward", "Index Name": "role_type_pkey", "Relation Name": "role_type", "Alias": "rt", "Startup Cost": 0.0, "Total Cost": 0.27, "Plan Rows": 1, "Plan Width": 4, "Actual Startup Time": 0.022, "Actual Total Time": 0.022, "Actual Rows": 6, "Actual Loops": 6, "Index Cond": "(id = ci.role_id)", "Rows Removed by Index Recheck": 0, "Filter": "((role)::text = 'actress'::text)", "Rows Removed by Filter": 0}]}]}, "Triggers": [], "Planner Runtime": 25.043, "Total Runtime": 582.138, "Unique SQL Id": 3956435728}}, "(1, '90')": {"explain_plan": {"Plan": {"Node Type": "Aggregate", "Strategy": "Plain", "Startup Cost": 1088574.91, "Total Cost": 1088574.92, "Plan Rows": 1, "Plan Width": 97, "Plans": [{"Node Type": "Merge Join", "Parent Relationship": "Outer", "Join Type": "Inner", "Startup Cost": 1084632.2, "Total Cost": 1088574.91, "Plan Rows": 1, "Plan Width": 33, "Inner Unique": true, "Merge Cond": "(an.person_id = n.id)", "Plans": [{"Node Type": "Merge Join", "Parent Relationship": "Outer", "Join Type": "Inner", "Startup Cost": 969767.4, "Total Cost": 973640.67, "Plan Rows": 1, "Plan Width": 41, "Inner Unique": false, "Merge Cond": "(ci.person_id = an.person_id)", "Plans": [{"Node Type": "Sort", "Parent Relationship": "Outer", "Startup Cost": 860708.53, "Total Cost": 860708.53, "Plan Rows": 1, "Plan Width": 21, "Sort Key": ["ci.person_id"], "Plans": [{"Node Type": "Merge Join", "Parent Relationship": "Outer", "Join Type": "Inner", "Startup Cost": 860677.05, "Total Cost": 860708.52, "Plan Rows": 1, "Plan Width": 21, "Inner Unique": true, "Merge Cond": "(mc.company_id = cn.id)", "Plans": [{"Node Type": "Sort", "Parent Relationship": "Outer", "Startup Cost": 854376.74, "Total Cost": 854376.74, "Plan Rows": 1, "Plan Width": 25, "Sort Key": ["mc.company_id"], "Plans": [{"Node Type": "Merge Join", "Parent Relationship": "Outer", "Join Type": "Inner", "Startup Cost": 854376.7, "Total Cost": 854376.73, "Plan Rows": 1, "Plan Width": 25, "Inner Unique": true, "Merge Cond": "(ci.role_id = rt.id)", "Plans": [{"Node Type": "Sort", "Parent Relationship": "Outer", "Startup Cost": 854375.54, "Total Cost": 854375.55, "Plan Rows": 1, "Plan Width": 29, "Sort Key": ["ci.role_id"], "Plans": [{"Node Type": "Merge Join", "Parent Relationship": "Outer", "Join Type": "Inner", "Startup Cost": 853883.56, "Total Cost": 854375.53, "Plan Rows": 1, "Plan Width": 29, "Inner Unique": false, "Merge Cond": "(t.id = ci.movie_id)", "Plans": [{"Node Type": "Merge Join", "Parent Relationship": "Outer", "Join Type": "Inner", "Startup Cost": 153350.25, "Total Cost": 153358.74, "Plan Rows": 2, "Plan Width": 29, "Inner Unique": true, "Merge Cond": "(mc.movie_id = t.id)", "Plans": [{"Node Type": "Sort", "Parent Relationship": "Outer", "Startup Cost": 67996.86, "Total Cost": 68000.99, "Plan Rows": 1652, "Plan Width": 8, "Sort Key": ["mc.movie_id"], "Plans": [{"Node Type": "Seq Scan", "Parent Relationship": "Outer", "Relation Name": "movie_companies", "Alias": "mc", "Startup Cost": 0.0, "Total Cost": 67908.56, "Plan Rows": 1652, "Plan Width": 8, "Filter": "(((note)::text ~~ '%(Japan)%'::text) AND ((note)::text !~~ '%(USA)%'::text) AND (((note)::text ~~ '%(2006)%'::text) OR ((note)::text ~~ '%(2007)%'::text)))"}]}, {"Node Type": "Sort", "Parent Relationship": "Inner", "Startup Cost": 85353.39, "Total Cost": 85353.49, "Plan Rows": 43, "Plan Width": 21, "Sort Key": ["t.id"], "Plans": [{"Node Type": "Seq Scan", "Parent Relationship": "Outer", "Relation Name": "title", "Alias": "t", "Startup Cost": 4536.65, "Total Cost": 85352.22, "Plan Rows": 43, "Plan Width": 21, "Filter": "((production_year >= 2006) AND (production_year <= 2007) AND (((title)::text ~~ 'One Piece%'::text) OR ((title)::text ~~ 'Dragon Ball Z%'::text)))"}]}]}, {"Node Type": "Sort", "Parent Relationship": "Inner", "Startup Cost": 700533.31, "Total Cost": 700775.04, "Plan Rows": 96692, "Plan Width": 12, "Sort Key": ["ci.movie_id"], "Plans": [{"Node Type": "Seq Scan", "Parent Relationship": "Outer", "Relation Name": "cast_info", "Alias": "ci", "Startup Cost": 0.0, "Total Cost": 692526.68, "Plan Rows": 96692, "Plan Width": 12, "Filter": "((note)::text = '(voice: English version)'::text)"}]}]}]}, {"Node Type": "Sort", "Parent Relationship": "Inner", "Startup Cost": 1.16, "Total Cost": 1.16, "Plan Rows": 1, "Plan Width": 4, "Sort Key": ["rt.id"], "Plans": [{"Node Type": "Seq Scan", "Parent Relationship": "Outer", "Relation Name": "role_type", "Alias": "rt", "Startup Cost": 0.0, "Total Cost": 1.15, "Plan Rows": 1, "Plan Width": 4, "Filter": "((role)::text = 'actress'::text)"}]}]}]}, {"Node Type": "Sort", "Parent Relationship": "Inner", "Startup Cost": 6300.31, "Total Cost": 6316.04, "Plan Rows": 6290, "Plan Width": 4, "Sort Key": ["cn.id"], "Plans": [{"Node Type": "Seq Scan", "Parent Relationship": "Outer", "Relation Name": "company_name", "Alias": "cn", "Startup Cost": 0.0, "Total Cost": 5903.45, "Plan Rows": 6290, "Plan Width": 4, "Filter": "((country_code)::text = '[jp]'::text)"}]}]}]}, {"Node Type": "Sort", "Parent Relationship": "Inner", "Startup Cost": 109058.87, "Total Cost": 111312.23, "Plan Rows": 901342, "Plan Width": 20, "Sort Key": ["an.person_id"], "Plans": [{"Node Type": "Seq Scan", "Parent Relationship": "Outer", "Relation Name": "aka_name", "Alias": "an", "Startup Cost": 0.0, "Total Cost": 19908.42, "Plan Rows": 901342, "Plan Width": 20}]}]}, {"Node Type": "Sort", "Parent Relationship": "Inner", "Startup Cost": 114864.8, "Total Cost": 114899.52, "Plan Rows": 13886, "Plan Width": 4, "Sort Key": ["n.id"], "Plans": [{"Node Type": "Seq Scan", "Parent Relationship": "Outer", "Relation Name": "name", "Alias": "n", "Startup Cost": 0.0, "Total Cost": 113909.35, "Plan Rows": 13886, "Plan Width": 4, "Filter": "(((name)::text ~~ '%Yo%'::text) AND ((name)::text !~~ '%Yu%'::text))"}]}]}]}, "Unique SQL Id": 3956435728, "Planner Runtime": 35}, "explain_analyze_plan": null}, "(1, '91')": {"explain_plan": {"Plan": {"Node Type": "Aggregate", "Strategy": "Plain", "Startup Cost": 6721773112384.66, "Total Cost": 6721773112384.67, "Plan Rows": 1, "Plan Width": 97, "Plans": [{"Node Type": "Nested Loop", "Parent Relationship": "Outer", "Join Type": "Inner", "Startup Cost": 3751743910500.41, "Total Cost": 6721773112384.65, "Plan Rows": 1, "Plan Width": 33, "Inner Unique": true, "Plans": [{"Node Type": "Merge Join", "Parent Relationship": "Outer", "Join Type": "Inner", "Startup Cost": 3741743910500.41, "Total Cost": 5721773111947.22, "Plan Rows": 1, "Plan Width": 37, "Inner Unique": true, "Merge Cond": "(ci.movie_id = t.id)", "Plans": [{"Node Type": "Merge Join", "Parent Relationship": "Outer", "Join Type": "Inner", "Startup Cost": 3731743910500.41, "Total Cost": 4721759571587.05, "Plan Rows": 58, "Plan Width": 28, "Inner Unique": false, "Merge Cond": "(mc.movie_id = ci.movie_id)", "Plans": [{"Node Type": "Index Scan", "Parent Relationship": "Outer", "Scan Direction": "Forward", "Index Name": "movie_id_movie_companies", "Relation Name": "movie_companies", "Alias": "mc", "Startup Cost": 10000000000.0, "Total Cost": 1000015661074.13, "Plan Rows": 1652, "Plan Width": 8, "Filter": "(((note)::text ~~ '%(Japan)%'::text) AND ((note)::text !~~ '%(USA)%'::text) AND (((note)::text ~~ '%(2006)%'::text) OR ((note)::text ~~ '%(2007)%'::text)))"}, {"Node Type": "Sort", "Parent Relationship": "Inner", "Startup Cost": 3721743910500.41, "Total Cost": 3721743910504.31, "Plan Rows": 1560, "Plan Width": 20, "Sort Key": ["ci.movie_id"], "Plans": [{"Node Type": "Merge Join", "Parent Relationship": "Outer", "Join Type": "Inner", "Startup Cost": 2020045424606.68, "Total Cost": 3721743910417.67, "Plan Rows": 1560, "Plan Width": 20, "Inner Unique": false, "Merge Cond": "(an.person_id = ci.person_id)", "Plans": [{"Node Type": "Merge Join", "Parent Relationship": "Outer", "Join Type": "Inner", "Startup Cost": 20030754356.47, "Total Cost": 2000026606025.89, "Plan Rows": 16627, "Plan Width": 24, "Inner Unique": true, "Merge Cond": "(an.person_id = n.id)", "Plans": [{"Node Type": "Index Scan", "Parent Relationship": "Outer", "Scan Direction": "Forward", "Index Name": "person_id_aka_name", "Relation Name": "aka_name", "Alias": "an", "Startup Cost": 10000000000.0, "Total Cost": 1000006896503.43, "Plan Rows": 901342, "Plan Width": 20}, {"Node Type": "Materialize", "Parent Relationship": "Inner", "Startup Cost": 10000000000.0, "Total Cost": 1000019707054.42, "Plan Rows": 13886, "Plan Width": 4, "Plans": [{"Node Type": "Index Scan", "Parent Relationship": "Outer", "Scan Direction": "Forward", "Index Name": "name_pkey", "Relation Name": "name", "Alias": "n", "Startup Cost": 10000000000.0, "Total Cost": 1000019707019.7, "Plan Rows": 13886, "Plan Width": 4, "Filter": "(((name)::text ~~ '%Yo%'::text) AND ((name)::text !~~ '%Yu%'::text))"}]}]}, {"Node Type": "Sort", "Parent Relationship": "Inner", "Startup Cost": 2000014670250.22, "Total Cost": 2000014670272.19, "Plan Rows": 8790, "Plan Width": 8, "Sort Key": ["ci.person_id"], "Plans": [{"Node Type": "Nested Loop", "Parent Relationship": "Outer", "Join Type": "Inner", "Startup Cost": 20000000000.0, "Total Cost": 2000014669674.4, "Plan Rows": 8790, "Plan Width": 8, "Inner Unique": false, "Plans": [{"Node Type": "Index Scan", "Parent Relationship": "Outer", "Scan Direction": "Forward", "Index Name": "role_type_pkey", "Relation Name": "role_type", "Alias": "rt", "Startup Cost": 10000000000.0, "Total Cost": 1000000001246.0, "Plan Rows": 1, "Plan Width": 4, "Filter": "((role)::text = 'actress'::text)"}, {"Node Type": "Index Scan", "Parent Relationship": "Inner", "Scan Direction": "Forward", "Index Name": "role_id_cast_info", "Relation Name": "cast_info", "Alias": "ci", "Startup Cost": 10000000000.0, "Total Cost": 1000014668340.5, "Plan Rows": 8790, "Plan Width": 12, "Index Cond": "(role_id = rt.id)", "Filter": "((note)::text = '(voice: English version)'::text)"}]}]}]}]}]}, {"Node Type": "Index Scan", "Parent Relationship": "Inner", "Scan Direction": "Forward", "Index Name": "title_pkey", "Relation Name": "title", "Alias": "t", "Startup Cost": 10000000000.0, "Total Cost": 1000013540359.91, "Plan Rows": 43, "Plan Width": 21, "Filter": "((production_year >= 2006) AND (production_year <= 2007) AND (((title)::text ~~ 'One Piece%'::text) OR ((title)::text ~~ 'Dragon Ball Z%'::text)))"}]}, {"Node Type": "Index Scan", "Parent Relationship": "Inner", "Scan Direction": "Forward", "Index Name": "company_name_pkey", "Relation Name": "company_name", "Alias": "cn", "Startup Cost": 10000000000.0, "Total Cost": 1000000000437.42, "Plan Rows": 1, "Plan Width": 4, "Index Cond": "(id = mc.company_id)", "Filter": "((country_code)::text = '[jp]'::text)"}]}]}, "Unique SQL Id": 3956435728, "Planner Runtime": 99}, "explain_analyze_plan": null}, "(1, '92')": {"explain_plan": {"Plan": {"Node Type": "Aggregate", "Strategy": "Plain", "Startup Cost": 76459.24, "Total Cost": 76459.25, "Plan Rows": 1, "Plan Width": 97, "Plans": [{"Node Type": "Nested Loop", "Parent Relationship": "Outer", "Join Type": "Inner", "Startup Cost": 74297.39, "Total Cost": 76459.23, "Plan Rows": 1, "Plan Width": 33, "Inner Unique": true, "Plans": [{"Node Type": "Nested Loop", "Parent Relationship": "Outer", "Join Type": "Inner", "Startup Cost": 74297.39, "Total Cost": 76458.95, "Plan Rows": 1, "Plan Width": 37, "Inner Unique": true, "Plans": [{"Node Type": "Nested Loop", "Parent Relationship": "Outer", "Join Type": "Inner", "Startup Cost": 74297.39, "Total Cost": 76458.37, "Plan Rows": 1, "Plan Width": 45, "Inner Unique": false, "Plans": [{"Node Type": "Nested Loop", "Parent Relationship": "Outer", "Join Type": "Inner", "Startup Cost": 74297.39, "Total Cost": 76457.51, "Plan Rows": 1, "Plan Width": 25, "Inner Unique": false, "Join Filter": "(t.id = ci.movie_id)", "Plans": [{"Node Type": "Nested Loop", "Parent Relationship": "Outer", "Join Type": "Inner", "Startup Cost": 74297.39, "Total Cost": 76401.73, "Plan Rows": 2, "Plan Width": 25, "Inner Unique": true, "Plans": [{"Node Type": "Merge Join", "Parent Relationship": "Outer", "Join Type": "Inner", "Startup Cost": 74297.39, "Total Cost": 74339.5, "Plan Rows": 262, "Plan Width": 4, "Inner Unique": false, "Merge Cond": "(cn.id = mc.company_id)", "Plans": [{"Node Type": "Sort", "Parent Relationship": "Outer", "Startup Cost": 6300.31, "Total Cost": 6316.04, "Plan Rows": 6290, "Plan Width": 4, "Sort Key": ["cn.id"], "Plans": [{"Node Type": "Seq Scan", "Parent Relationship": "Outer", "Relation Name": "company_name", "Alias": "cn", "Startup Cost": 0.0, "Total Cost": 5903.45, "Plan Rows": 6290, "Plan Width": 4, "Filter": "((country_code)::text = '[jp]'::text)"}]}, {"Node Type": "Sort", "Parent Relationship": "Inner", "Startup Cost": 67996.86, "Total Cost": 68000.99, "Plan Rows": 1652, "Plan Width": 8, "Sort Key": ["mc.company_id"], "Plans": [{"Node Type": "Seq Scan", "Parent Relationship": "Outer", "Relation Name": "movie_companies", "Alias": "mc", "Startup Cost": 0.0, "Total Cost": 67908.56, "Plan Rows": 1652, "Plan Width": 8, "Filter": "(((note)::text ~~ '%(Japan)%'::text) AND ((note)::text !~~ '%(USA)%'::text) AND (((note)::text ~~ '%(2006)%'::text) OR ((note)::text ~~ '%(2007)%'::text)))"}]}]}, {"Node Type": "Index Scan", "Parent Relationship": "Inner", "Scan Direction": "Forward", "Index Name": "title_pkey", "Relation Name": "title", "Alias": "t", "Startup Cost": 0.0, "Total Cost": 7.86, "Plan Rows": 1, "Plan Width": 21, "Index Cond": "(id = mc.movie_id)", "Filter": "((production_year >= 2006) AND (production_year <= 2007) AND (((title)::text ~~ 'One Piece%'::text) OR ((title)::text ~~ 'Dragon Ball Z%'::text)))"}]}, {"Node Type": "Index Scan", "Parent Relationship": "Inner", "Scan Direction": "Forward", "Index Name": "movie_id_cast_info", "Relation Name": "cast_info", "Alias": "ci", "Startup Cost": 0.0, "Total Cost": 27.88, "Plan Rows": 1, "Plan Width": 12, "Index Cond": "(movie_id = mc.movie_id)", "Filter": "((note)::text = '(voice: English version)'::text)"}]}, {"Node Type": "Index Scan", "Parent Relationship": "Inner", "Scan Direction": "Forward", "Index Name": "person_id_aka_name", "Relation Name": "aka_name", "Alias": "an", "Startup Cost": 0.0, "Total Cost": 0.84, "Plan Rows": 1, "Plan Width": 20, "Index Cond": "(person_id = ci.person_id)"}]}, {"Node Type": "Index Scan", "Parent Relationship": "Inner", "Scan Direction": "Forward", "Index Name": "name_pkey", "Relation Name": "name", "Alias": "n", "Startup Cost": 0.0, "Total Cost": 0.57, "Plan Rows": 1, "Plan Width": 4, "Index Cond": "(id = an.person_id)", "Filter": "(((name)::text ~~ '%Yo%'::text) AND ((name)::text !~~ '%Yu%'::text))"}]}, {"Node Type": "Index Scan", "Parent Relationship": "Inner", "Scan Direction": "Forward", "Index Name": "role_type_pkey", "Relation Name": "role_type", "Alias": "rt", "Startup Cost": 0.0, "Total Cost": 0.27, "Plan Rows": 1, "Plan Width": 4, "Index Cond": "(id = ci.role_id)", "Filter": "((role)::text = 'actress'::text)"}]}]}, "Unique SQL Id": 3956435728, "Planner Runtime": 19}, "explain_analyze_plan": {"Plan": {"Node Type": "Aggregate", "Strategy": "Plain", "Startup Cost": 76459.24, "Total Cost": 76459.25, "Plan Rows": 1, "Plan Width": 97, "Actual Startup Time": 1112.047, "Actual Total Time": 1112.047, "Actual Rows": 1, "Actual Loops": 1, "Plans": [{"Node Type": "Nested Loop", "Parent Relationship": "Outer", "Join Type": "Inner", "Startup Cost": 74297.39, "Total Cost": 76459.23, "Plan Rows": 1, "Plan Width": 33, "Actual Startup Time": 1066.093, "Actual Total Time": 1112.013, "Actual Rows": 6, "Actual Loops": 1, "Inner Unique": true, "Plans": [{"Node Type": "Nested Loop", "Parent Relationship": "Outer", "Join Type": "Inner", "Startup Cost": 74297.39, "Total Cost": 76458.95, "Plan Rows": 1, "Plan Width": 37, "Actual Startup Time": 1066.073, "Actual Total Time": 1111.974, "Actual Rows": 6, "Actual Loops": 1, "Inner Unique": true, "Plans": [{"Node Type": "Nested Loop", "Parent Relationship": "Outer", "Join Type": "Inner", "Startup Cost": 74297.39, "Total Cost": 76458.37, "Plan Rows": 1, "Plan Width": 45, "Actual Startup Time": 1064.938, "Actual Total Time": 1110.992, "Actual Rows": 171, "Actual Loops": 1, "Inner Unique": false, "Plans": [{"Node Type": "Nested Loop", "Parent Relationship": "Outer", "Join Type": "Inner", "Startup Cost": 74297.39, "Total Cost": 76457.51, "Plan Rows": 1, "Plan Width": 25, "Actual Startup Time": 1064.901, "Actual Total Time": 1110.141, "Actual Rows": 104, "Actual Loops": 1, "Inner Unique": false, "Join Filter": "(t.id = ci.movie_id)", "Rows Removed by Join Filter": 0, "Plans": [{"Node Type": "Nested Loop", "Parent Relationship": "Outer", "Join Type": "Inner", "Startup Cost": 74297.39, "Total Cost": 76401.73, "Plan Rows": 2, "Plan Width": 25, "Actual Startup Time": 1064.854, "Actual Total Time": 1109.603, "Actual Rows": 4, "Actual Loops": 1, "Inner Unique": true, "Plans": [{"Node Type": "Merge Join", "Parent Relationship": "Outer", "Join Type": "Inner", "Startup Cost": 74297.39, "Total Cost": 74339.5, "Plan Rows": 262, "Plan Width": 4, "Actual Startup Time": 1050.528, "Actual Total Time": 1055.491, "Actual Rows": 8495, "Actual Loops": 1, "Inner Unique": false, "Merge Cond": "(cn.id = mc.company_id)", "Plans": [{"Node Type": "Sort", "Parent Relationship": "Outer", "Startup Cost": 6300.31, "Total Cost": 6316.04, "Plan Rows": 6290, "Plan Width": 4, "Actual Startup Time": 82.797, "Actual Total Time": 83.299, "Actual Rows": 2408, "Actual Loops": 1, "Sort Key": ["cn.id"], "Sort Method": "quicksort", "Sort Space Used": 615, "Sort Space Type": "Memory", "Plans": [{"Node Type": "Seq Scan", "Parent Relationship": "Outer", "Relation Name": "company_name", "Alias": "cn", "Startup Cost": 0.0, "Total Cost": 5903.45, "Plan Rows": 6290, "Plan Width": 4, "Actual Startup Time": 0.042, "Actual Total Time": 80.364, "Actual Rows": 6752, "Actual Loops": 1, "Filter": "((country_code)::text = '[jp]'::text)", "Rows Removed by Filter": 228244}]}, {"Node Type": "Sort", "Parent Relationship": "Inner", "Startup Cost": 67996.86, "Total Cost": 68000.99, "Plan Rows": 1652, "Plan Width": 8, "Actual Startup Time": 967.716, "Actual Total Time": 969.382, "Actual Rows": 8569, "Actual Loops": 1, "Sort Key": ["mc.company_id"], "Sort Method": "quicksort", "Sort Space Used": 920, "Sort Space Type": "Memory", "Plans": [{"Node Type": "Seq Scan", "Parent Relationship": "Outer", "Relation Name": "movie_companies", "Alias": "mc", "Startup Cost": 0.0, "Total Cost": 67908.56, "Plan Rows": 1652, "Plan Width": 8, "Actual Startup Time": 0.262, "Actual Total Time": 964.571, "Actual Rows": 8569, "Actual Loops": 1, "Filter": "(((note)::text ~~ '%(Japan)%'::text) AND ((note)::text !~~ '%(USA)%'::text) AND (((note)::text ~~ '%(2006)%'::text) OR ((note)::text ~~ '%(2007)%'::text)))", "Rows Removed by Filter": 2600559}]}]}, {"Node Type": "Index Scan", "Parent Relationship": "Inner", "Scan Direction": "Forward", "Index Name": "title_pkey", "Relation Name": "title", "Alias": "t", "Startup Cost": 0.0, "Total Cost": 7.86, "Plan Rows": 1, "Plan Width": 21, "Actual Startup Time": 49.778, "Actual Total Time": 49.778, "Actual Rows": 4, "Actual Loops": 8495, "Index Cond": "(id = mc.movie_id)", "Rows Removed by Index Recheck": 0, "Filter": "((production_year >= 2006) AND (production_year <= 2007) AND (((title)::text ~~ 'One Piece%'::text) OR ((title)::text ~~ 'Dragon Ball Z%'::text)))", "Rows Removed by Filter": 8491}]}, {"Node Type": "Index Scan", "Parent Relationship": "Inner", "Scan Direction": "Forward", "Index Name": "movie_id_cast_info", "Relation Name": "cast_info", "Alias": "ci", "Startup Cost": 0.0, "Total Cost": 27.88, "Plan Rows": 1, "Plan Width": 12, "Actual Startup Time": 0.136, "Actual Total Time": 0.476, "Actual Rows": 104, "Actual Loops": 4, "Index Cond": "(movie_id = mc.movie_id)", "Rows Removed by Index Recheck": 0, "Filter": "((note)::text = '(voice: English version)'::text)", "Rows Removed by Filter": 68}]}, {"Node Type": "Index Scan", "Parent Relationship": "Inner", "Scan Direction": "Forward", "Index Name": "person_id_aka_name", "Relation Name": "aka_name", "Alias": "an", "Startup Cost": 0.0, "Total Cost": 0.84, "Plan Rows": 1, "Plan Width": 20, "Actual Startup Time": 0.624, "Actual Total Time": 0.748, "Actual Rows": 171, "Actual Loops": 104, "Index Cond": "(person_id = ci.person_id)", "Rows Removed by Index Recheck": 0}]}, {"Node Type": "Index Scan", "Parent Relationship": "Inner", "Scan Direction": "Forward", "Index Name": "name_pkey", "Relation Name": "name", "Alias": "n", "Startup Cost": 0.0, "Total Cost": 0.57, "Plan Rows": 1, "Plan Width": 4, "Actual Startup Time": 0.898, "Actual Total Time": 0.898, "Actual Rows": 6, "Actual Loops": 171, "Index Cond": "(id = an.person_id)", "Rows Removed by Index Recheck": 0, "Filter": "(((name)::text ~~ '%Yo%'::text) AND ((name)::text !~~ '%Yu%'::text))", "Rows Removed by Filter": 165}]}, {"Node Type": "Index Scan", "Parent Relationship": "Inner", "Scan Direction": "Forward", "Index Name": "role_type_pkey", "Relation Name": "role_type", "Alias": "rt", "Startup Cost": 0.0, "Total Cost": 0.27, "Plan Rows": 1, "Plan Width": 4, "Actual Startup Time": 0.026, "Actual Total Time": 0.026, "Actual Rows": 6, "Actual Loops": 6, "Index Cond": "(id = ci.role_id)", "Rows Removed by Index Recheck": 0, "Filter": "((role)::text = 'actress'::text)", "Rows Removed by Filter": 0}]}]}, "Triggers": [], "Planner Runtime": 19.2, "Total Runtime": 1112.571, "Unique SQL Id": 3956435728}}, "(1, '93')": {"explain_plan": {"Plan": {"Node Type": "Aggregate", "Strategy": "Plain", "Startup Cost": 84111.26, "Total Cost": 84111.27, "Plan Rows": 1, "Plan Width": 97, "Plans": [{"Node Type": "Nested Loop", "Parent Relationship": "Outer", "Join Type": "Inner", "Startup Cost": 0.0, "Total Cost": 84111.26, "Plan Rows": 1, "Plan Width": 33, "Inner Unique": true, "Plans": [{"Node Type": "Nested Loop", "Parent Relationship": "Outer", "Join Type": "Inner", "Startup Cost": 0.0, "Total Cost": 84110.97, "Plan Rows": 1, "Plan Width": 37, "Inner Unique": true, "Plans": [{"Node Type": "Nested Loop", "Parent Relationship": "Outer", "Join Type": "Inner", "Startup Cost": 0.0, "Total Cost": 84110.39, "Plan Rows": 1, "Plan Width": 45, "Inner Unique": false, "Plans": [{"Node Type": "Nested Loop", "Parent Relationship": "Outer", "Join Type": "Inner", "Startup Cost": 0.0, "Total Cost": 84109.54, "Plan Rows": 1, "Plan Width": 25, "Inner Unique": false, "Join Filter": "(t.id = ci.movie_id)", "Plans": [{"Node Type": "Nested Loop", "Parent Relationship": "Outer", "Join Type": "Inner", "Startup Cost": 0.0, "Total Cost": 84053.76, "Plan Rows": 2, "Plan Width": 25, "Inner Unique": true, "Plans": [{"Node Type": "Nested Loop", "Parent Relationship": "Outer", "Join Type": "Inner", "Startup Cost": 0.0, "Total Cost": 81991.53, "Plan Rows": 262, "Plan Width": 4, "Inner Unique": false, "Plans": [{"Node Type": "Index Scan", "Parent Relationship": "Outer", "Scan Direction": "Forward", "Index Name": "company_name_pkey", "Relation Name": "company_name", "Alias": "cn", "Startup Cost": 0.0, "Total Cost": 10501.39, "Plan Rows": 6290, "Plan Width": 4, "Filter": "((country_code)::text = '[jp]'::text)"}, {"Node Type": "Index Scan", "Parent Relationship": "Inner", "Scan Direction": "Forward", "Index Name": "company_id_movie_companies", "Relation Name": "movie_companies", "Alias": "mc", "Startup Cost": 0.0, "Total Cost": 11.36, "Plan Rows": 1, "Plan Width": 8, "Index Cond": "(company_id = cn.id)", "Filter": "(((note)::text ~~ '%(Japan)%'::text) AND ((note)::text !~~ '%(USA)%'::text) AND (((note)::text ~~ '%(2006)%'::text) OR ((note)::text ~~ '%(2007)%'::text)))"}]}, {"Node Type": "Index Scan", "Parent Relationship": "Inner", "Scan Direction": "Forward", "Index Name": "title_pkey", "Relation Name": "title", "Alias": "t", "Startup Cost": 0.0, "Total Cost": 7.86, "Plan Rows": 1, "Plan Width": 21, "Index Cond": "(id = mc.movie_id)", "Filter": "((production_year >= 2006) AND (production_year <= 2007) AND (((title)::text ~~ 'One Piece%'::text) OR ((title)::text ~~ 'Dragon Ball Z%'::text)))"}]}, {"Node Type": "Index Scan", "Parent Relationship": "Inner", "Scan Direction": "Forward", "Index Name": "movie_id_cast_info", "Relation Name": "cast_info", "Alias": "ci", "Startup Cost": 0.0, "Total Cost": 27.88, "Plan Rows": 1, "Plan Width": 12, "Index Cond": "(movie_id = mc.movie_id)", "Filter": "((note)::text = '(voice: English version)'::text)"}]}, {"Node Type": "Index Scan", "Parent Relationship": "Inner", "Scan Direction": "Forward", "Index Name": "person_id_aka_name", "Relation Name": "aka_name", "Alias": "an", "Startup Cost": 0.0, "Total Cost": 0.84, "Plan Rows": 1, "Plan Width": 20, "Index Cond": "(person_id = ci.person_id)"}]}, {"Node Type": "Index Scan", "Parent Relationship": "Inner", "Scan Direction": "Forward", "Index Name": "name_pkey", "Relation Name": "name", "Alias": "n", "Startup Cost": 0.0, "Total Cost": 0.57, "Plan Rows": 1, "Plan Width": 4, "Index Cond": "(id = an.person_id)", "Filter": "(((name)::text ~~ '%Yo%'::text) AND ((name)::text !~~ '%Yu%'::text))"}]}, {"Node Type": "Index Scan", "Parent Relationship": "Inner", "Scan Direction": "Forward", "Index Name": "role_type_pkey", "Relation Name": "role_type", "Alias": "rt", "Startup Cost": 0.0, "Total Cost": 0.27, "Plan Rows": 1, "Plan Width": 4, "Index Cond": "(id = ci.role_id)", "Filter": "((role)::text = 'actress'::text)"}]}]}, "Unique SQL Id": 3956435728, "Planner Runtime": 22}, "explain_analyze_plan": {"Plan": {"Node Type": "Aggregate", "Strategy": "Plain", "Startup Cost": 84111.26, "Total Cost": 84111.27, "Plan Rows": 1, "Plan Width": 97, "Actual Startup Time": 581.73, "Actual Total Time": 581.73, "Actual Rows": 1, "Actual Loops": 1, "Plans": [{"Node Type": "Nested Loop", "Parent Relationship": "Outer", "Join Type": "Inner", "Startup Cost": 0.0, "Total Cost": 84111.26, "Plan Rows": 1, "Plan Width": 33, "Actual Startup Time": 54.321, "Actual Total Time": 581.694, "Actual Rows": 6, "Actual Loops": 1, "Inner Unique": true, "Plans": [{"Node Type": "Nested Loop", "Parent Relationship": "Outer", "Join Type": "Inner", "Startup Cost": 0.0, "Total Cost": 84110.97, "Plan Rows": 1, "Plan Width": 37, "Actual Startup Time": 54.312, "Actual Total Time": 581.658, "Actual Rows": 6, "Actual Loops": 1, "Inner Unique": true, "Plans": [{"Node Type": "Nested Loop", "Parent Relationship": "Outer", "Join Type": "Inner", "Startup Cost": 0.0, "Total Cost": 84110.39, "Plan Rows": 1, "Plan Width": 45, "Actual Startup Time": 53.198, "Actual Total Time": 580.628, "Actual Rows": 171, "Actual Loops": 1, "Inner Unique": false, "Plans": [{"Node Type": "Nested Loop", "Parent Relationship": "Outer", "Join Type": "Inner", "Startup Cost": 0.0, "Total Cost": 84109.54, "Plan Rows": 1, "Plan Width": 25, "Actual Startup Time": 53.177, "Actual Total Time": 579.772, "Actual Rows": 104, "Actual Loops": 1, "Inner Unique": false, "Join Filter": "(t.id = ci.movie_id)", "Rows Removed by Join Filter": 0, "Plans": [{"Node Type": "Nested Loop", "Parent Relationship": "Outer", "Join Type": "Inner", "Startup Cost": 0.0, "Total Cost": 84053.76, "Plan Rows": 2, "Plan Width": 25, "Actual Startup Time": 53.042, "Actual Total Time": 579.227, "Actual Rows": 4, "Actual Loops": 1, "Inner Unique": true, "Plans": [{"Node Type": "Nested Loop", "Parent Relationship": "Outer", "Join Type": "Inner", "Startup Cost": 0.0, "Total Cost": 81991.53, "Plan Rows": 262, "Plan Width": 4, "Actual Startup Time": 0.312, "Actual Total Time": 518.839, "Actual Rows": 8495, "Actual Loops": 1, "Inner Unique": false, "Plans": [{"Node Type": "Index Scan", "Parent Relationship": "Outer", "Scan Direction": "Forward", "Index Name": "company_name_pkey", "Relation Name": "company_name", "Alias": "cn", "Startup Cost": 0.0, "Total Cost": 10501.39, "Plan Rows": 6290, "Plan Width": 4, "Actual Startup Time": 0.264, "Actual Total Time": 291.012, "Actual Rows": 6752, "Actual Loops": 1, "Filter": "((country_code)::text = '[jp]'::text)", "Rows Removed by Filter": 228244}, {"Node Type": "Index Scan", "Parent Relationship": "Inner", "Scan Direction": "Forward", "Index Name": "company_id_movie_companies", "Relation Name": "movie_companies", "Alias": "mc", "Startup Cost": 0.0, "Total Cost": 11.36, "Plan Rows": 1, "Plan Width": 8, "Actual Startup Time": 100.149, "Actual Total Time": 221.814, "Actual Rows": 8495, "Actual Loops": 6752, "Index Cond": "(company_id = cn.id)", "Rows Removed by Index Recheck": 0, "Filter": "(((note)::text ~~ '%(Japan)%'::text) AND ((note)::text !~~ '%(USA)%'::text) AND (((note)::text ~~ '%(2006)%'::text) OR ((note)::text ~~ '%(2007)%'::text)))", "Rows Removed by Filter": 96500}]}, {"Node Type": "Index Scan", "Parent Relationship": "Inner", "Scan Direction": "Forward", "Index Name": "title_pkey", "Relation Name": "title", "Alias": "t", "Startup Cost": 0.0, "Total Cost": 7.86, "Plan Rows": 1, "Plan Width": 21, "Actual Startup Time": 55.844, "Actual Total Time": 55.844, "Actual Rows": 4, "Actual Loops": 8495, "Index Cond": "(id = mc.movie_id)", "Rows Removed by Index Recheck": 0, "Filter": "((production_year >= 2006) AND (production_year <= 2007) AND (((title)::text ~~ 'One Piece%'::text) OR ((title)::text ~~ 'Dragon Ball Z%'::text)))", "Rows Removed by Filter": 8491}]}, {"Node Type": "Index Scan", "Parent Relationship": "Inner", "Scan Direction": "Forward", "Index Name": "movie_id_cast_info", "Relation Name": "cast_info", "Alias": "ci", "Startup Cost": 0.0, "Total Cost": 27.88, "Plan Rows": 1, "Plan Width": 12, "Actual Startup Time": 0.155, "Actual Total Time": 0.487, "Actual Rows": 104, "Actual Loops": 4, "Index Cond": "(movie_id = mc.movie_id)", "Rows Removed by Index Recheck": 0, "Filter": "((note)::text = '(voice: English version)'::text)", "Rows Removed by Filter": 68}]}, {"Node Type": "Index Scan", "Parent Relationship": "Inner", "Scan Direction": "Forward", "Index Name": "person_id_aka_name", "Relation Name": "aka_name", "Alias": "an", "Startup Cost": 0.0, "Total Cost": 0.84, "Plan Rows": 1, "Plan Width": 20, "Actual Startup Time": 0.629, "Actual Total Time": 0.74, "Actual Rows": 171, "Actual Loops": 104, "Index Cond": "(person_id = ci.person_id)", "Rows Removed by Index Recheck": 0}]}, {"Node Type": "Index Scan", "Parent Relationship": "Inner", "Scan Direction": "Forward", "Index Name": "name_pkey", "Relation Name": "name", "Alias": "n", "Startup Cost": 0.0, "Total Cost": 0.57, "Plan Rows": 1, "Plan Width": 4, "Actual Startup Time": 0.94, "Actual Total Time": 0.94, "Actual Rows": 6, "Actual Loops": 171, "Index Cond": "(id = an.person_id)", "Rows Removed by Index Recheck": 0, "Filter": "(((name)::text ~~ '%Yo%'::text) AND ((name)::text !~~ '%Yu%'::text))", "Rows Removed by Filter": 165}]}, {"Node Type": "Index Scan", "Parent Relationship": "Inner", "Scan Direction": "Forward", "Index Name": "role_type_pkey", "Relation Name": "role_type", "Alias": "rt", "Startup Cost": 0.0, "Total Cost": 0.27, "Plan Rows": 1, "Plan Width": 4, "Actual Startup Time": 0.022, "Actual Total Time": 0.022, "Actual Rows": 6, "Actual Loops": 6, "Index Cond": "(id = ci.role_id)", "Rows Removed by Index Recheck": 0, "Filter": "((role)::text = 'actress'::text)", "Rows Removed by Filter": 0}]}]}, "Triggers": [], "Planner Runtime": 25.043, "Total Runtime": 582.138, "Unique SQL Id": 3956435728}}, "(1, '94')": {"explain_plan": {"Plan": {"Node Type": "Aggregate", "Strategy": "Plain", "Startup Cost": 1088574.91, "Total Cost": 1088574.92, "Plan Rows": 1, "Plan Width": 97, "Plans": [{"Node Type": "Merge Join", "Parent Relationship": "Outer", "Join Type": "Inner", "Startup Cost": 1084632.2, "Total Cost": 1088574.91, "Plan Rows": 1, "Plan Width": 33, "Inner Unique": true, "Merge Cond": "(an.person_id = n.id)", "Plans": [{"Node Type": "Merge Join", "Parent Relationship": "Outer", "Join Type": "Inner", "Startup Cost": 969767.4, "Total Cost": 973640.67, "Plan Rows": 1, "Plan Width": 41, "Inner Unique": false, "Merge Cond": "(ci.person_id = an.person_id)", "Plans": [{"Node Type": "Sort", "Parent Relationship": "Outer", "Startup Cost": 860708.53, "Total Cost": 860708.53, "Plan Rows": 1, "Plan Width": 21, "Sort Key": ["ci.person_id"], "Plans": [{"Node Type": "Merge Join", "Parent Relationship": "Outer", "Join Type": "Inner", "Startup Cost": 860677.05, "Total Cost": 860708.52, "Plan Rows": 1, "Plan Width": 21, "Inner Unique": true, "Merge Cond": "(mc.company_id = cn.id)", "Plans": [{"Node Type": "Sort", "Parent Relationship": "Outer", "Startup Cost": 854376.74, "Total Cost": 854376.74, "Plan Rows": 1, "Plan Width": 25, "Sort Key": ["mc.company_id"], "Plans": [{"Node Type": "Merge Join", "Parent Relationship": "Outer", "Join Type": "Inner", "Startup Cost": 854376.7, "Total Cost": 854376.73, "Plan Rows": 1, "Plan Width": 25, "Inner Unique": true, "Merge Cond": "(ci.role_id = rt.id)", "Plans": [{"Node Type": "Sort", "Parent Relationship": "Outer", "Startup Cost": 854375.54, "Total Cost": 854375.55, "Plan Rows": 1, "Plan Width": 29, "Sort Key": ["ci.role_id"], "Plans": [{"Node Type": "Merge Join", "Parent Relationship": "Outer", "Join Type": "Inner", "Startup Cost": 853883.56, "Total Cost": 854375.53, "Plan Rows": 1, "Plan Width": 29, "Inner Unique": false, "Merge Cond": "(t.id = ci.movie_id)", "Plans": [{"Node Type": "Merge Join", "Parent Relationship": "Outer", "Join Type": "Inner", "Startup Cost": 153350.25, "Total Cost": 153358.74, "Plan Rows": 2, "Plan Width": 29, "Inner Unique": true, "Merge Cond": "(mc.movie_id = t.id)", "Plans": [{"Node Type": "Sort", "Parent Relationship": "Outer", "Startup Cost": 67996.86, "Total Cost": 68000.99, "Plan Rows": 1652, "Plan Width": 8, "Sort Key": ["mc.movie_id"], "Plans": [{"Node Type": "Seq Scan", "Parent Relationship": "Outer", "Relation Name": "movie_companies", "Alias": "mc", "Startup Cost": 0.0, "Total Cost": 67908.56, "Plan Rows": 1652, "Plan Width": 8, "Filter": "(((note)::text ~~ '%(Japan)%'::text) AND ((note)::text !~~ '%(USA)%'::text) AND (((note)::text ~~ '%(2006)%'::text) OR ((note)::text ~~ '%(2007)%'::text)))"}]}, {"Node Type": "Sort", "Parent Relationship": "Inner", "Startup Cost": 85353.39, "Total Cost": 85353.49, "Plan Rows": 43, "Plan Width": 21, "Sort Key": ["t.id"], "Plans": [{"Node Type": "Seq Scan", "Parent Relationship": "Outer", "Relation Name": "title", "Alias": "t", "Startup Cost": 4536.65, "Total Cost": 85352.22, "Plan Rows": 43, "Plan Width": 21, "Filter": "((production_year >= 2006) AND (production_year <= 2007) AND (((title)::text ~~ 'One Piece%'::text) OR ((title)::text ~~ 'Dragon Ball Z%'::text)))"}]}]}, {"Node Type": "Sort", "Parent Relationship": "Inner", "Startup Cost": 700533.31, "Total Cost": 700775.04, "Plan Rows": 96692, "Plan Width": 12, "Sort Key": ["ci.movie_id"], "Plans": [{"Node Type": "Seq Scan", "Parent Relationship": "Outer", "Relation Name": "cast_info", "Alias": "ci", "Startup Cost": 0.0, "Total Cost": 692526.68, "Plan Rows": 96692, "Plan Width": 12, "Filter": "((note)::text = '(voice: English version)'::text)"}]}]}]}, {"Node Type": "Sort", "Parent Relationship": "Inner", "Startup Cost": 1.16, "Total Cost": 1.16, "Plan Rows": 1, "Plan Width": 4, "Sort Key": ["rt.id"], "Plans": [{"Node Type": "Seq Scan", "Parent Relationship": "Outer", "Relation Name": "role_type", "Alias": "rt", "Startup Cost": 0.0, "Total Cost": 1.15, "Plan Rows": 1, "Plan Width": 4, "Filter": "((role)::text = 'actress'::text)"}]}]}]}, {"Node Type": "Sort", "Parent Relationship": "Inner", "Startup Cost": 6300.31, "Total Cost": 6316.04, "Plan Rows": 6290, "Plan Width": 4, "Sort Key": ["cn.id"], "Plans": [{"Node Type": "Seq Scan", "Parent Relationship": "Outer", "Relation Name": "company_name", "Alias": "cn", "Startup Cost": 0.0, "Total Cost": 5903.45, "Plan Rows": 6290, "Plan Width": 4, "Filter": "((country_code)::text = '[jp]'::text)"}]}]}]}, {"Node Type": "Sort", "Parent Relationship": "Inner", "Startup Cost": 109058.87, "Total Cost": 111312.23, "Plan Rows": 901342, "Plan Width": 20, "Sort Key": ["an.person_id"], "Plans": [{"Node Type": "Seq Scan", "Parent Relationship": "Outer", "Relation Name": "aka_name", "Alias": "an", "Startup Cost": 0.0, "Total Cost": 19908.42, "Plan Rows": 901342, "Plan Width": 20}]}]}, {"Node Type": "Sort", "Parent Relationship": "Inner", "Startup Cost": 114864.8, "Total Cost": 114899.52, "Plan Rows": 13886, "Plan Width": 4, "Sort Key": ["n.id"], "Plans": [{"Node Type": "Seq Scan", "Parent Relationship": "Outer", "Relation Name": "name", "Alias": "n", "Startup Cost": 0.0, "Total Cost": 113909.35, "Plan Rows": 13886, "Plan Width": 4, "Filter": "(((name)::text ~~ '%Yo%'::text) AND ((name)::text !~~ '%Yu%'::text))"}]}]}]}, "Unique SQL Id": 3956435728, "Planner Runtime": 35}, "explain_analyze_plan": null}, "(1, '95')": {"explain_plan": {"Plan": {"Node Type": "Aggregate", "Strategy": "Plain", "Startup Cost": 6721773112384.66, "Total Cost": 6721773112384.67, "Plan Rows": 1, "Plan Width": 97, "Plans": [{"Node Type": "Nested Loop", "Parent Relationship": "Outer", "Join Type": "Inner", "Startup Cost": 3751743910500.41, "Total Cost": 6721773112384.65, "Plan Rows": 1, "Plan Width": 33, "Inner Unique": true, "Plans": [{"Node Type": "Merge Join", "Parent Relationship": "Outer", "Join Type": "Inner", "Startup Cost": 3741743910500.41, "Total Cost": 5721773111947.22, "Plan Rows": 1, "Plan Width": 37, "Inner Unique": true, "Merge Cond": "(ci.movie_id = t.id)", "Plans": [{"Node Type": "Merge Join", "Parent Relationship": "Outer", "Join Type": "Inner", "Startup Cost": 3731743910500.41, "Total Cost": 4721759571587.05, "Plan Rows": 58, "Plan Width": 28, "Inner Unique": false, "Merge Cond": "(mc.movie_id = ci.movie_id)", "Plans": [{"Node Type": "Index Scan", "Parent Relationship": "Outer", "Scan Direction": "Forward", "Index Name": "movie_id_movie_companies", "Relation Name": "movie_companies", "Alias": "mc", "Startup Cost": 10000000000.0, "Total Cost": 1000015661074.13, "Plan Rows": 1652, "Plan Width": 8, "Filter": "(((note)::text ~~ '%(Japan)%'::text) AND ((note)::text !~~ '%(USA)%'::text) AND (((note)::text ~~ '%(2006)%'::text) OR ((note)::text ~~ '%(2007)%'::text)))"}, {"Node Type": "Sort", "Parent Relationship": "Inner", "Startup Cost": 3721743910500.41, "Total Cost": 3721743910504.31, "Plan Rows": 1560, "Plan Width": 20, "Sort Key": ["ci.movie_id"], "Plans": [{"Node Type": "Merge Join", "Parent Relationship": "Outer", "Join Type": "Inner", "Startup Cost": 2020045424606.68, "Total Cost": 3721743910417.67, "Plan Rows": 1560, "Plan Width": 20, "Inner Unique": false, "Merge Cond": "(an.person_id = ci.person_id)", "Plans": [{"Node Type": "Merge Join", "Parent Relationship": "Outer", "Join Type": "Inner", "Startup Cost": 20030754356.47, "Total Cost": 2000026606025.89, "Plan Rows": 16627, "Plan Width": 24, "Inner Unique": true, "Merge Cond": "(an.person_id = n.id)", "Plans": [{"Node Type": "Index Scan", "Parent Relationship": "Outer", "Scan Direction": "Forward", "Index Name": "person_id_aka_name", "Relation Name": "aka_name", "Alias": "an", "Startup Cost": 10000000000.0, "Total Cost": 1000006896503.43, "Plan Rows": 901342, "Plan Width": 20}, {"Node Type": "Materialize", "Parent Relationship": "Inner", "Startup Cost": 10000000000.0, "Total Cost": 1000019707054.42, "Plan Rows": 13886, "Plan Width": 4, "Plans": [{"Node Type": "Index Scan", "Parent Relationship": "Outer", "Scan Direction": "Forward", "Index Name": "name_pkey", "Relation Name": "name", "Alias": "n", "Startup Cost": 10000000000.0, "Total Cost": 1000019707019.7, "Plan Rows": 13886, "Plan Width": 4, "Filter": "(((name)::text ~~ '%Yo%'::text) AND ((name)::text !~~ '%Yu%'::text))"}]}]}, {"Node Type": "Sort", "Parent Relationship": "Inner", "Startup Cost": 2000014670250.22, "Total Cost": 2000014670272.19, "Plan Rows": 8790, "Plan Width": 8, "Sort Key": ["ci.person_id"], "Plans": [{"Node Type": "Nested Loop", "Parent Relationship": "Outer", "Join Type": "Inner", "Startup Cost": 20000000000.0, "Total Cost": 2000014669674.4, "Plan Rows": 8790, "Plan Width": 8, "Inner Unique": false, "Plans": [{"Node Type": "Index Scan", "Parent Relationship": "Outer", "Scan Direction": "Forward", "Index Name": "role_type_pkey", "Relation Name": "role_type", "Alias": "rt", "Startup Cost": 10000000000.0, "Total Cost": 1000000001246.0, "Plan Rows": 1, "Plan Width": 4, "Filter": "((role)::text = 'actress'::text)"}, {"Node Type": "Index Scan", "Parent Relationship": "Inner", "Scan Direction": "Forward", "Index Name": "role_id_cast_info", "Relation Name": "cast_info", "Alias": "ci", "Startup Cost": 10000000000.0, "Total Cost": 1000014668340.5, "Plan Rows": 8790, "Plan Width": 12, "Index Cond": "(role_id = rt.id)", "Filter": "((note)::text = '(voice: English version)'::text)"}]}]}]}]}]}, {"Node Type": "Index Scan", "Parent Relationship": "Inner", "Scan Direction": "Forward", "Index Name": "title_pkey", "Relation Name": "title", "Alias": "t", "Startup Cost": 10000000000.0, "Total Cost": 1000013540359.91, "Plan Rows": 43, "Plan Width": 21, "Filter": "((production_year >= 2006) AND (production_year <= 2007) AND (((title)::text ~~ 'One Piece%'::text) OR ((title)::text ~~ 'Dragon Ball Z%'::text)))"}]}, {"Node Type": "Index Scan", "Parent Relationship": "Inner", "Scan Direction": "Forward", "Index Name": "company_name_pkey", "Relation Name": "company_name", "Alias": "cn", "Startup Cost": 10000000000.0, "Total Cost": 1000000000437.42, "Plan Rows": 1, "Plan Width": 4, "Index Cond": "(id = mc.company_id)", "Filter": "((country_code)::text = '[jp]'::text)"}]}]}, "Unique SQL Id": 3956435728, "Planner Runtime": 98}, "explain_analyze_plan": null}, "(1, '96')": {"explain_plan": {"Plan": {"Node Type": "Aggregate", "Strategy": "Plain", "Startup Cost": 76019.18, "Total Cost": 76019.19, "Plan Rows": 1, "Plan Width": 97, "Plans": [{"Node Type": "Nested Loop", "Parent Relationship": "Outer", "Join Type": "Inner", "Startup Cost": 5982.08, "Total Cost": 76019.18, "Plan Rows": 1, "Plan Width": 33, "Inner Unique": true, "Plans": [{"Node Type": "Nested Loop", "Parent Relationship": "Outer", "Join Type": "Inner", "Startup Cost": 5982.08, "Total Cost": 76018.9, "Plan Rows": 1, "Plan Width": 37, "Inner Unique": true, "Plans": [{"Node Type": "Nested Loop", "Parent Relationship": "Outer", "Join Type": "Inner", "Startup Cost": 5982.08, "Total Cost": 76018.31, "Plan Rows": 1, "Plan Width": 45, "Inner Unique": false, "Plans": [{"Node Type": "Nested Loop", "Parent Relationship": "Outer", "Join Type": "Inner", "Startup Cost": 5982.08, "Total Cost": 76017.46, "Plan Rows": 1, "Plan Width": 25, "Inner Unique": false, "Join Filter": "(t.id = ci.movie_id)", "Plans": [{"Node Type": "Nested Loop", "Parent Relationship": "Outer", "Join Type": "Inner", "Startup Cost": 5982.08, "Total Cost": 75961.68, "Plan Rows": 2, "Plan Width": 25, "Inner Unique": true, "Plans": [{"Node Type": "Hash Join", "Parent Relationship": "Outer", "Join Type": "Inner", "Startup Cost": 5982.08, "Total Cost": 73899.45, "Plan Rows": 262, "Plan Width": 4, "Inner Unique": true, "Hash Cond": "(mc.company_id = cn.id)", "Plans": [{"Node Type": "Seq Scan", "Parent Relationship": "Outer", "Relation Name": "movie_companies", "Alias": "mc", "Startup Cost": 0.0, "Total Cost": 67908.56, "Plan Rows": 1652, "Plan Width": 8, "Filter": "(((note)::text ~~ '%(Japan)%'::text) AND ((note)::text !~~ '%(USA)%'::text) AND (((note)::text ~~ '%(2006)%'::text) OR ((note)::text ~~ '%(2007)%'::text)))"}, {"Node Type": "Hash", "Parent Relationship": "Inner", "Startup Cost": 5903.45, "Total Cost": 5903.45, "Plan Rows": 6290, "Plan Width": 4, "Plans": [{"Node Type": "Seq Scan", "Parent Relationship": "Outer", "Relation Name": "company_name", "Alias": "cn", "Startup Cost": 0.0, "Total Cost": 5903.45, "Plan Rows": 6290, "Plan Width": 4, "Filter": "((country_code)::text = '[jp]'::text)"}]}]}, {"Node Type": "Index Scan", "Parent Relationship": "Inner", "Scan Direction": "Forward", "Index Name": "title_pkey", "Relation Name": "title", "Alias": "t", "Startup Cost": 0.0, "Total Cost": 7.86, "Plan Rows": 1, "Plan Width": 21, "Index Cond": "(id = mc.movie_id)", "Filter": "((production_year >= 2006) AND (production_year <= 2007) AND (((title)::text ~~ 'One Piece%'::text) OR ((title)::text ~~ 'Dragon Ball Z%'::text)))"}]}, {"Node Type": "Index Scan", "Parent Relationship": "Inner", "Scan Direction": "Forward", "Index Name": "movie_id_cast_info", "Relation Name": "cast_info", "Alias": "ci", "Startup Cost": 0.0, "Total Cost": 27.88, "Plan Rows": 1, "Plan Width": 12, "Index Cond": "(movie_id = mc.movie_id)", "Filter": "((note)::text = '(voice: English version)'::text)"}]}, {"Node Type": "Index Scan", "Parent Relationship": "Inner", "Scan Direction": "Forward", "Index Name": "person_id_aka_name", "Relation Name": "aka_name", "Alias": "an", "Startup Cost": 0.0, "Total Cost": 0.84, "Plan Rows": 1, "Plan Width": 20, "Index Cond": "(person_id = ci.person_id)"}]}, {"Node Type": "Index Scan", "Parent Relationship": "Inner", "Scan Direction": "Forward", "Index Name": "name_pkey", "Relation Name": "name", "Alias": "n", "Startup Cost": 0.0, "Total Cost": 0.57, "Plan Rows": 1, "Plan Width": 4, "Index Cond": "(id = an.person_id)", "Filter": "(((name)::text ~~ '%Yo%'::text) AND ((name)::text !~~ '%Yu%'::text))"}]}, {"Node Type": "Index Scan", "Parent Relationship": "Inner", "Scan Direction": "Forward", "Index Name": "role_type_pkey", "Relation Name": "role_type", "Alias": "rt", "Startup Cost": 0.0, "Total Cost": 0.27, "Plan Rows": 1, "Plan Width": 4, "Index Cond": "(id = ci.role_id)", "Filter": "((role)::text = 'actress'::text)"}]}]}, "Unique SQL Id": 3956435728, "Planner Runtime": 8}, "explain_analyze_plan": {"Plan": {"Node Type": "Aggregate", "Strategy": "Plain", "Startup Cost": 76019.18, "Total Cost": 76019.19, "Plan Rows": 1, "Plan Width": 97, "Actual Startup Time": 1150.019, "Actual Total Time": 1150.02, "Actual Rows": 1, "Actual Loops": 1, "Plans": [{"Node Type": "Nested Loop", "Parent Relationship": "Outer", "Join Type": "Inner", "Startup Cost": 5982.08, "Total Cost": 76019.18, "Plan Rows": 1, "Plan Width": 33, "Actual Startup Time": 445.745, "Actual Total Time": 1149.979, "Actual Rows": 6, "Actual Loops": 1, "Inner Unique": true, "Plans": [{"Node Type": "Nested Loop", "Parent Relationship": "Outer", "Join Type": "Inner", "Startup Cost": 5982.08, "Total Cost": 76018.9, "Plan Rows": 1, "Plan Width": 37, "Actual Startup Time": 445.724, "Actual Total Time": 1149.932, "Actual Rows": 6, "Actual Loops": 1, "Inner Unique": true, "Plans": [{"Node Type": "Nested Loop", "Parent Relationship": "Outer", "Join Type": "Inner", "Startup Cost": 5982.08, "Total Cost": 76018.31, "Plan Rows": 1, "Plan Width": 45, "Actual Startup Time": 445.108, "Actual Total Time": 1148.889, "Actual Rows": 171, "Actual Loops": 1, "Inner Unique": false, "Plans": [{"Node Type": "Nested Loop", "Parent Relationship": "Outer", "Join Type": "Inner", "Startup Cost": 5982.08, "Total Cost": 76017.46, "Plan Rows": 1, "Plan Width": 25, "Actual Startup Time": 445.082, "Actual Total Time": 1148.012, "Actual Rows": 104, "Actual Loops": 1, "Inner Unique": false, "Join Filter": "(t.id = ci.movie_id)", "Rows Removed by Join Filter": 0, "Plans": [{"Node Type": "Nested Loop", "Parent Relationship": "Outer", "Join Type": "Inner", "Startup Cost": 5982.08, "Total Cost": 75961.68, "Plan Rows": 2, "Plan Width": 25, "Actual Startup Time": 445.02, "Actual Total Time": 1147.431, "Actual Rows": 4, "Actual Loops": 1, "Inner Unique": true, "Plans": [{"Node Type": "Hash Join", "Parent Relationship": "Outer", "Join Type": "Inner", "Startup Cost": 5982.08, "Total Cost": 73899.45, "Plan Rows": 262, "Plan Width": 4, "Actual Startup Time": 89.577, "Actual Total Time": 1092.318, "Actual Rows": 8495, "Actual Loops": 1, "Inner Unique": true, "Hash Cond": "(mc.company_id = cn.id)", "Plans": [{"Node Type": "Seq Scan", "Parent Relationship": "Outer", "Relation Name": "movie_companies", "Alias": "mc", "Startup Cost": 0.0, "Total Cost": 67908.56, "Plan Rows": 1652, "Plan Width": 8, "Actual Startup Time": 0.283, "Actual Total Time": 997.739, "Actual Rows": 8569, "Actual Loops": 1, "Filter": "(((note)::text ~~ '%(Japan)%'::text) AND ((note)::text !~~ '%(USA)%'::text) AND (((note)::text ~~ '%(2006)%'::text) OR ((note)::text ~~ '%(2007)%'::text)))", "Rows Removed by Filter": 2600559}, {"Node Type": "Hash", "Parent Relationship": "Inner", "Startup Cost": 5903.45, "Total Cost": 5903.45, "Plan Rows": 6290, "Plan Width": 4, "Actual Startup Time": 89.227, "Actual Total Time": 89.227, "Actual Rows": 6752, "Actual Loops": 1, "Hash Buckets": 32768, "Hash Batches": 1, "Original Hash Batches": 1, "Peak Memory Usage": 238, "Plans": [{"Node Type": "Seq Scan", "Parent Relationship": "Outer", "Relation Name": "company_name", "Alias": "cn", "Startup Cost": 0.0, "Total Cost": 5903.45, "Plan Rows": 6290, "Plan Width": 4, "Actual Startup Time": 0.03, "Actual Total Time": 86.954, "Actual Rows": 6752, "Actual Loops": 1, "Filter": "((country_code)::text = '[jp]'::text)", "Rows Removed by Filter": 228244}]}]}, {"Node Type": "Index Scan", "Parent Relationship": "Inner", "Scan Direction": "Forward", "Index Name": "title_pkey", "Relation Name": "title", "Alias": "t", "Startup Cost": 0.0, "Total Cost": 7.86, "Plan Rows": 1, "Plan Width": 21, "Actual Startup Time": 50.564, "Actual Total Time": 50.564, "Actual Rows": 4, "Actual Loops": 8495, "Index Cond": "(id = mc.movie_id)", "Rows Removed by Index Recheck": 0, "Filter": "((production_year >= 2006) AND (production_year <= 2007) AND (((title)::text ~~ 'One Piece%'::text) OR ((title)::text ~~ 'Dragon Ball Z%'::text)))", "Rows Removed by Filter": 8491}]}, {"Node Type": "Index Scan", "Parent Relationship": "Inner", "Scan Direction": "Forward", "Index Name": "movie_id_cast_info", "Relation Name": "cast_info", "Alias": "ci", "Startup Cost": 0.0, "Total Cost": 27.88, "Plan Rows": 1, "Plan Width": 12, "Actual Startup Time": 0.171, "Actual Total Time": 0.512, "Actual Rows": 104, "Actual Loops": 4, "Index Cond": "(movie_id = mc.movie_id)", "Rows Removed by Index Recheck": 0, "Filter": "((note)::text = '(voice: English version)'::text)", "Rows Removed by Filter": 68}]}, {"Node Type": "Index Scan", "Parent Relationship": "Inner", "Scan Direction": "Forward", "Index Name": "person_id_aka_name", "Relation Name": "aka_name", "Alias": "an", "Startup Cost": 0.0, "Total Cost": 0.84, "Plan Rows": 1, "Plan Width": 20, "Actual Startup Time": 0.648, "Actual Total Time": 0.763, "Actual Rows": 171, "Actual Loops": 104, "Index Cond": "(person_id = ci.person_id)", "Rows Removed by Index Recheck": 0}]}, {"Node Type": "Index Scan", "Parent Relationship": "Inner", "Scan Direction": "Forward", "Index Name": "name_pkey", "Relation Name": "name", "Alias": "n", "Startup Cost": 0.0, "Total Cost": 0.57, "Plan Rows": 1, "Plan Width": 4, "Actual Startup Time": 0.944, "Actual Total Time": 0.944, "Actual Rows": 6, "Actual Loops": 171, "Index Cond": "(id = an.person_id)", "Rows Removed by Index Recheck": 0, "Filter": "(((name)::text ~~ '%Yo%'::text) AND ((name)::text !~~ '%Yu%'::text))", "Rows Removed by Filter": 165}]}, {"Node Type": "Index Scan", "Parent Relationship": "Inner", "Scan Direction": "Forward", "Index Name": "role_type_pkey", "Relation Name": "role_type", "Alias": "rt", "Startup Cost": 0.0, "Total Cost": 0.27, "Plan Rows": 1, "Plan Width": 4, "Actual Startup Time": 0.031, "Actual Total Time": 0.031, "Actual Rows": 6, "Actual Loops": 6, "Index Cond": "(id = ci.role_id)", "Rows Removed by Index Recheck": 0, "Filter": "((role)::text = 'actress'::text)", "Rows Removed by Filter": 0}]}]}, "Triggers": [], "Planner Runtime": 21.278, "Total Runtime": 1150.324, "Unique SQL Id": 3956435728}}, "(1, '97')": {"explain_plan": {"Plan": {"Node Type": "Aggregate", "Strategy": "Plain", "Startup Cost": 84111.26, "Total Cost": 84111.27, "Plan Rows": 1, "Plan Width": 97, "Plans": [{"Node Type": "Nested Loop", "Parent Relationship": "Outer", "Join Type": "Inner", "Startup Cost": 0.0, "Total Cost": 84111.26, "Plan Rows": 1, "Plan Width": 33, "Inner Unique": true, "Plans": [{"Node Type": "Nested Loop", "Parent Relationship": "Outer", "Join Type": "Inner", "Startup Cost": 0.0, "Total Cost": 84110.97, "Plan Rows": 1, "Plan Width": 37, "Inner Unique": true, "Plans": [{"Node Type": "Nested Loop", "Parent Relationship": "Outer", "Join Type": "Inner", "Startup Cost": 0.0, "Total Cost": 84110.39, "Plan Rows": 1, "Plan Width": 45, "Inner Unique": false, "Plans": [{"Node Type": "Nested Loop", "Parent Relationship": "Outer", "Join Type": "Inner", "Startup Cost": 0.0, "Total Cost": 84109.54, "Plan Rows": 1, "Plan Width": 25, "Inner Unique": false, "Join Filter": "(t.id = ci.movie_id)", "Plans": [{"Node Type": "Nested Loop", "Parent Relationship": "Outer", "Join Type": "Inner", "Startup Cost": 0.0, "Total Cost": 84053.76, "Plan Rows": 2, "Plan Width": 25, "Inner Unique": true, "Plans": [{"Node Type": "Nested Loop", "Parent Relationship": "Outer", "Join Type": "Inner", "Startup Cost": 0.0, "Total Cost": 81991.53, "Plan Rows": 262, "Plan Width": 4, "Inner Unique": false, "Plans": [{"Node Type": "Index Scan", "Parent Relationship": "Outer", "Scan Direction": "Forward", "Index Name": "company_name_pkey", "Relation Name": "company_name", "Alias": "cn", "Startup Cost": 0.0, "Total Cost": 10501.39, "Plan Rows": 6290, "Plan Width": 4, "Filter": "((country_code)::text = '[jp]'::text)"}, {"Node Type": "Index Scan", "Parent Relationship": "Inner", "Scan Direction": "Forward", "Index Name": "company_id_movie_companies", "Relation Name": "movie_companies", "Alias": "mc", "Startup Cost": 0.0, "Total Cost": 11.36, "Plan Rows": 1, "Plan Width": 8, "Index Cond": "(company_id = cn.id)", "Filter": "(((note)::text ~~ '%(Japan)%'::text) AND ((note)::text !~~ '%(USA)%'::text) AND (((note)::text ~~ '%(2006)%'::text) OR ((note)::text ~~ '%(2007)%'::text)))"}]}, {"Node Type": "Index Scan", "Parent Relationship": "Inner", "Scan Direction": "Forward", "Index Name": "title_pkey", "Relation Name": "title", "Alias": "t", "Startup Cost": 0.0, "Total Cost": 7.86, "Plan Rows": 1, "Plan Width": 21, "Index Cond": "(id = mc.movie_id)", "Filter": "((production_year >= 2006) AND (production_year <= 2007) AND (((title)::text ~~ 'One Piece%'::text) OR ((title)::text ~~ 'Dragon Ball Z%'::text)))"}]}, {"Node Type": "Index Scan", "Parent Relationship": "Inner", "Scan Direction": "Forward", "Index Name": "movie_id_cast_info", "Relation Name": "cast_info", "Alias": "ci", "Startup Cost": 0.0, "Total Cost": 27.88, "Plan Rows": 1, "Plan Width": 12, "Index Cond": "(movie_id = mc.movie_id)", "Filter": "((note)::text = '(voice: English version)'::text)"}]}, {"Node Type": "Index Scan", "Parent Relationship": "Inner", "Scan Direction": "Forward", "Index Name": "person_id_aka_name", "Relation Name": "aka_name", "Alias": "an", "Startup Cost": 0.0, "Total Cost": 0.84, "Plan Rows": 1, "Plan Width": 20, "Index Cond": "(person_id = ci.person_id)"}]}, {"Node Type": "Index Scan", "Parent Relationship": "Inner", "Scan Direction": "Forward", "Index Name": "name_pkey", "Relation Name": "name", "Alias": "n", "Startup Cost": 0.0, "Total Cost": 0.57, "Plan Rows": 1, "Plan Width": 4, "Index Cond": "(id = an.person_id)", "Filter": "(((name)::text ~~ '%Yo%'::text) AND ((name)::text !~~ '%Yu%'::text))"}]}, {"Node Type": "Index Scan", "Parent Relationship": "Inner", "Scan Direction": "Forward", "Index Name": "role_type_pkey", "Relation Name": "role_type", "Alias": "rt", "Startup Cost": 0.0, "Total Cost": 0.27, "Plan Rows": 1, "Plan Width": 4, "Index Cond": "(id = ci.role_id)", "Filter": "((role)::text = 'actress'::text)"}]}]}, "Unique SQL Id": 3956435728, "Planner Runtime": 7}, "explain_analyze_plan": {"Plan": {"Node Type": "Aggregate", "Strategy": "Plain", "Startup Cost": 84111.26, "Total Cost": 84111.27, "Plan Rows": 1, "Plan Width": 97, "Actual Startup Time": 581.73, "Actual Total Time": 581.73, "Actual Rows": 1, "Actual Loops": 1, "Plans": [{"Node Type": "Nested Loop", "Parent Relationship": "Outer", "Join Type": "Inner", "Startup Cost": 0.0, "Total Cost": 84111.26, "Plan Rows": 1, "Plan Width": 33, "Actual Startup Time": 54.321, "Actual Total Time": 581.694, "Actual Rows": 6, "Actual Loops": 1, "Inner Unique": true, "Plans": [{"Node Type": "Nested Loop", "Parent Relationship": "Outer", "Join Type": "Inner", "Startup Cost": 0.0, "Total Cost": 84110.97, "Plan Rows": 1, "Plan Width": 37, "Actual Startup Time": 54.312, "Actual Total Time": 581.658, "Actual Rows": 6, "Actual Loops": 1, "Inner Unique": true, "Plans": [{"Node Type": "Nested Loop", "Parent Relationship": "Outer", "Join Type": "Inner", "Startup Cost": 0.0, "Total Cost": 84110.39, "Plan Rows": 1, "Plan Width": 45, "Actual Startup Time": 53.198, "Actual Total Time": 580.628, "Actual Rows": 171, "Actual Loops": 1, "Inner Unique": false, "Plans": [{"Node Type": "Nested Loop", "Parent Relationship": "Outer", "Join Type": "Inner", "Startup Cost": 0.0, "Total Cost": 84109.54, "Plan Rows": 1, "Plan Width": 25, "Actual Startup Time": 53.177, "Actual Total Time": 579.772, "Actual Rows": 104, "Actual Loops": 1, "Inner Unique": false, "Join Filter": "(t.id = ci.movie_id)", "Rows Removed by Join Filter": 0, "Plans": [{"Node Type": "Nested Loop", "Parent Relationship": "Outer", "Join Type": "Inner", "Startup Cost": 0.0, "Total Cost": 84053.76, "Plan Rows": 2, "Plan Width": 25, "Actual Startup Time": 53.042, "Actual Total Time": 579.227, "Actual Rows": 4, "Actual Loops": 1, "Inner Unique": true, "Plans": [{"Node Type": "Nested Loop", "Parent Relationship": "Outer", "Join Type": "Inner", "Startup Cost": 0.0, "Total Cost": 81991.53, "Plan Rows": 262, "Plan Width": 4, "Actual Startup Time": 0.312, "Actual Total Time": 518.839, "Actual Rows": 8495, "Actual Loops": 1, "Inner Unique": false, "Plans": [{"Node Type": "Index Scan", "Parent Relationship": "Outer", "Scan Direction": "Forward", "Index Name": "company_name_pkey", "Relation Name": "company_name", "Alias": "cn", "Startup Cost": 0.0, "Total Cost": 10501.39, "Plan Rows": 6290, "Plan Width": 4, "Actual Startup Time": 0.264, "Actual Total Time": 291.012, "Actual Rows": 6752, "Actual Loops": 1, "Filter": "((country_code)::text = '[jp]'::text)", "Rows Removed by Filter": 228244}, {"Node Type": "Index Scan", "Parent Relationship": "Inner", "Scan Direction": "Forward", "Index Name": "company_id_movie_companies", "Relation Name": "movie_companies", "Alias": "mc", "Startup Cost": 0.0, "Total Cost": 11.36, "Plan Rows": 1, "Plan Width": 8, "Actual Startup Time": 100.149, "Actual Total Time": 221.814, "Actual Rows": 8495, "Actual Loops": 6752, "Index Cond": "(company_id = cn.id)", "Rows Removed by Index Recheck": 0, "Filter": "(((note)::text ~~ '%(Japan)%'::text) AND ((note)::text !~~ '%(USA)%'::text) AND (((note)::text ~~ '%(2006)%'::text) OR ((note)::text ~~ '%(2007)%'::text)))", "Rows Removed by Filter": 96500}]}, {"Node Type": "Index Scan", "Parent Relationship": "Inner", "Scan Direction": "Forward", "Index Name": "title_pkey", "Relation Name": "title", "Alias": "t", "Startup Cost": 0.0, "Total Cost": 7.86, "Plan Rows": 1, "Plan Width": 21, "Actual Startup Time": 55.844, "Actual Total Time": 55.844, "Actual Rows": 4, "Actual Loops": 8495, "Index Cond": "(id = mc.movie_id)", "Rows Removed by Index Recheck": 0, "Filter": "((production_year >= 2006) AND (production_year <= 2007) AND (((title)::text ~~ 'One Piece%'::text) OR ((title)::text ~~ 'Dragon Ball Z%'::text)))", "Rows Removed by Filter": 8491}]}, {"Node Type": "Index Scan", "Parent Relationship": "Inner", "Scan Direction": "Forward", "Index Name": "movie_id_cast_info", "Relation Name": "cast_info", "Alias": "ci", "Startup Cost": 0.0, "Total Cost": 27.88, "Plan Rows": 1, "Plan Width": 12, "Actual Startup Time": 0.155, "Actual Total Time": 0.487, "Actual Rows": 104, "Actual Loops": 4, "Index Cond": "(movie_id = mc.movie_id)", "Rows Removed by Index Recheck": 0, "Filter": "((note)::text = '(voice: English version)'::text)", "Rows Removed by Filter": 68}]}, {"Node Type": "Index Scan", "Parent Relationship": "Inner", "Scan Direction": "Forward", "Index Name": "person_id_aka_name", "Relation Name": "aka_name", "Alias": "an", "Startup Cost": 0.0, "Total Cost": 0.84, "Plan Rows": 1, "Plan Width": 20, "Actual Startup Time": 0.629, "Actual Total Time": 0.74, "Actual Rows": 171, "Actual Loops": 104, "Index Cond": "(person_id = ci.person_id)", "Rows Removed by Index Recheck": 0}]}, {"Node Type": "Index Scan", "Parent Relationship": "Inner", "Scan Direction": "Forward", "Index Name": "name_pkey", "Relation Name": "name", "Alias": "n", "Startup Cost": 0.0, "Total Cost": 0.57, "Plan Rows": 1, "Plan Width": 4, "Actual Startup Time": 0.94, "Actual Total Time": 0.94, "Actual Rows": 6, "Actual Loops": 171, "Index Cond": "(id = an.person_id)", "Rows Removed by Index Recheck": 0, "Filter": "(((name)::text ~~ '%Yo%'::text) AND ((name)::text !~~ '%Yu%'::text))", "Rows Removed by Filter": 165}]}, {"Node Type": "Index Scan", "Parent Relationship": "Inner", "Scan Direction": "Forward", "Index Name": "role_type_pkey", "Relation Name": "role_type", "Alias": "rt", "Startup Cost": 0.0, "Total Cost": 0.27, "Plan Rows": 1, "Plan Width": 4, "Actual Startup Time": 0.022, "Actual Total Time": 0.022, "Actual Rows": 6, "Actual Loops": 6, "Index Cond": "(id = ci.role_id)", "Rows Removed by Index Recheck": 0, "Filter": "((role)::text = 'actress'::text)", "Rows Removed by Filter": 0}]}]}, "Triggers": [], "Planner Runtime": 25.043, "Total Runtime": 582.138, "Unique SQL Id": 3956435728}}, "(1, '98')": {"explain_plan": {"Plan": {"Node Type": "Aggregate", "Strategy": "Plain", "Startup Cost": 76052.36, "Total Cost": 76052.37, "Plan Rows": 1, "Plan Width": 97, "Plans": [{"Node Type": "Hash Join", "Parent Relationship": "Outer", "Join Type": "Inner", "Startup Cost": 5992.15, "Total Cost": 76052.36, "Plan Rows": 1, "Plan Width": 33, "Inner Unique": true, "Hash Cond": "(ci.role_id = rt.id)", "Plans": [{"Node Type": "Nested Loop", "Parent Relationship": "Outer", "Join Type": "Inner", "Startup Cost": 5990.99, "Total Cost": 76051.18, "Plan Rows": 1, "Plan Width": 37, "Inner Unique": true, "Plans": [{"Node Type": "Nested Loop", "Parent Relationship": "Outer", "Join Type": "Inner", "Startup Cost": 5990.66, "Total Cost": 76046.83, "Plan Rows": 1, "Plan Width": 45, "Inner Unique": false, "Plans": [{"Node Type": "Nested Loop", "Parent Relationship": "Outer", "Join Type": "Inner", "Startup Cost": 5990.28, "Total Cost": 76042.43, "Plan Rows": 1, "Plan Width": 25, "Inner Unique": false, "Join Filter": "(t.id = ci.movie_id)", "Plans": [{"Node Type": "Nested Loop", "Parent Relationship": "Outer", "Join Type": "Inner", "Startup Cost": 5986.01, "Total Cost": 75985.85, "Plan Rows": 2, "Plan Width": 25, "Inner Unique": true, "Plans": [{"Node Type": "Hash Join", "Parent Relationship": "Outer", "Join Type": "Inner", "Startup Cost": 5982.08, "Total Cost": 73899.45, "Plan Rows": 262, "Plan Width": 4, "Inner Unique": true, "Hash Cond": "(mc.company_id = cn.id)", "Plans": [{"Node Type": "Seq Scan", "Parent Relationship": "Outer", "Relation Name": "movie_companies", "Alias": "mc", "Startup Cost": 0.0, "Total Cost": 67908.56, "Plan Rows": 1652, "Plan Width": 8, "Filter": "(((note)::text ~~ '%(Japan)%'::text) AND ((note)::text !~~ '%(USA)%'::text) AND (((note)::text ~~ '%(2006)%'::text) OR ((note)::text ~~ '%(2007)%'::text)))"}, {"Node Type": "Hash", "Parent Relationship": "Inner", "Startup Cost": 5903.45, "Total Cost": 5903.45, "Plan Rows": 6290, "Plan Width": 4, "Plans": [{"Node Type": "Seq Scan", "Parent Relationship": "Outer", "Relation Name": "company_name", "Alias": "cn", "Startup Cost": 0.0, "Total Cost": 5903.45, "Plan Rows": 6290, "Plan Width": 4, "Filter": "((country_code)::text = '[jp]'::text)"}]}]}, {"Node Type": "Bitmap Heap Scan", "Parent Relationship": "Inner", "Relation Name": "title", "Alias": "t", "Startup Cost": 3.93, "Total Cost": 7.95, "Plan Rows": 1, "Plan Width": 21, "Recheck Cond": "(id = mc.movie_id)", "Filter": "((production_year >= 2006) AND (production_year <= 2007) AND (((title)::text ~~ 'One Piece%'::text) OR ((title)::text ~~ 'Dragon Ball Z%'::text)))", "Plans": [{"Node Type": "Bitmap Index Scan", "Parent Relationship": "Outer", "Index Name": "title_pkey", "Startup Cost": 0.0, "Total Cost": 3.93, "Plan Rows": 1, "Plan Width": 0, "Index Cond": "(id = mc.movie_id)"}]}]}, {"Node Type": "Bitmap Heap Scan", "Parent Relationship": "Inner", "Relation Name": "cast_info", "Alias": "ci", "Startup Cost": 4.27, "Total Cost": 28.27, "Plan Rows": 1, "Plan Width": 12, "Recheck Cond": "(movie_id = mc.movie_id)", "Filter": "((note)::text = '(voice: English version)'::text)", "Plans": [{"Node Type": "Bitmap Index Scan", "Parent Relationship": "Outer", "Index Name": "movie_id_cast_info", "Startup Cost": 0.0, "Total Cost": 4.27, "Plan Rows": 6, "Plan Width": 0, "Index Cond": "(movie_id = mc.movie_id)"}]}]}, {"Node Type": "Bitmap Heap Scan", "Parent Relationship": "Inner", "Relation Name": "aka_name", "Alias": "an", "Startup Cost": 0.38, "Total Cost": 4.39, "Plan Rows": 1, "Plan Width": 20, "Recheck Cond": "(person_id = ci.person_id)", "Plans": [{"Node Type": "Bitmap Index Scan", "Parent Relationship": "Outer", "Index Name": "person_id_aka_name", "Startup Cost": 0.0, "Total Cost": 0.38, "Plan Rows": 1, "Plan Width": 0, "Index Cond": "(person_id = ci.person_id)"}]}]}, {"Node Type": "Bitmap Heap Scan", "Parent Relationship": "Inner", "Relation Name": "name", "Alias": "n", "Startup Cost": 0.33, "Total Cost": 4.34, "Plan Rows": 1, "Plan Width": 4, "Recheck Cond": "(id = an.person_id)", "Filter": "(((name)::text ~~ '%Yo%'::text) AND ((name)::text !~~ '%Yu%'::text))", "Plans": [{"Node Type": "Bitmap Index Scan", "Parent Relationship": "Outer", "Index Name": "name_pkey", "Startup Cost": 0.0, "Total Cost": 0.33, "Plan Rows": 1, "Plan Width": 0, "Index Cond": "(id = an.person_id)"}]}]}, {"Node Type": "Hash", "Parent Relationship": "Inner", "Startup Cost": 1.15, "Total Cost": 1.15, "Plan Rows": 1, "Plan Width": 4, "Plans": [{"Node Type": "Seq Scan", "Parent Relationship": "Outer", "Relation Name": "role_type", "Alias": "rt", "Startup Cost": 0.0, "Total Cost": 1.15, "Plan Rows": 1, "Plan Width": 4, "Filter": "((role)::text = 'actress'::text)"}]}]}]}, "Unique SQL Id": 3956435728, "Planner Runtime": 10}, "explain_analyze_plan": {"Plan": {"Node Type": "Aggregate", "Strategy": "Plain", "Startup Cost": 76052.36, "Total Cost": 76052.37, "Plan Rows": 1, "Plan Width": 97, "Actual Startup Time": 1108.479, "Actual Total Time": 1108.48, "Actual Rows": 1, "Actual Loops": 1, "Plans": [{"Node Type": "Hash Join", "Parent Relationship": "Outer", "Join Type": "Inner", "Startup Cost": 5992.15, "Total Cost": 76052.36, "Plan Rows": 1, "Plan Width": 33, "Actual Startup Time": 431.009, "Actual Total Time": 1108.429, "Actual Rows": 6, "Actual Loops": 1, "Inner Unique": true, "Hash Cond": "(ci.role_id = rt.id)", "Plans": [{"Node Type": "Nested Loop", "Parent Relationship": "Outer", "Join Type": "Inner", "Startup Cost": 5990.99, "Total Cost": 76051.18, "Plan Rows": 1, "Plan Width": 37, "Actual Startup Time": 430.918, "Actual Total Time": 1108.327, "Actual Rows": 6, "Actual Loops": 1, "Inner Unique": true, "Plans": [{"Node Type": "Nested Loop", "Parent Relationship": "Outer", "Join Type": "Inner", "Startup Cost": 5990.66, "Total Cost": 76046.83, "Plan Rows": 1, "Plan Width": 45, "Actual Startup Time": 430.355, "Actual Total Time": 1107.106, "Actual Rows": 171, "Actual Loops": 1, "Inner Unique": false, "Plans": [{"Node Type": "Nested Loop", "Parent Relationship": "Outer", "Join Type": "Inner", "Startup Cost": 5990.28, "Total Cost": 76042.43, "Plan Rows": 1, "Plan Width": 25, "Actual Startup Time": 430.329, "Actual Total Time": 1106.077, "Actual Rows": 104, "Actual Loops": 1, "Inner Unique": false, "Join Filter": "(t.id = ci.movie_id)", "Rows Removed by Join Filter": 0, "Plans": [{"Node Type": "Nested Loop", "Parent Relationship": "Outer", "Join Type": "Inner", "Startup Cost": 5986.01, "Total Cost": 75985.85, "Plan Rows": 2, "Plan Width": 25, "Actual Startup Time": 430.27, "Actual Total Time": 1105.429, "Actual Rows": 4, "Actual Loops": 1, "Inner Unique": true, "Plans": [{"Node Type": "Hash Join", "Parent Relationship": "Outer", "Join Type": "Inner", "Startup Cost": 5982.08, "Total Cost": 73899.45, "Plan Rows": 262, "Plan Width": 4, "Actual Startup Time": 83.166, "Actual Total Time": 1046.518, "Actual Rows": 8495, "Actual Loops": 1, "Inner Unique": true, "Hash Cond": "(mc.company_id = cn.id)", "Plans": [{"Node Type": "Seq Scan", "Parent Relationship": "Outer", "Relation Name": "movie_companies", "Alias": "mc", "Startup Cost": 0.0, "Total Cost": 67908.56, "Plan Rows": 1652, "Plan Width": 8, "Actual Startup Time": 0.246, "Actual Total Time": 958.005, "Actual Rows": 8569, "Actual Loops": 1, "Filter": "(((note)::text ~~ '%(Japan)%'::text) AND ((note)::text !~~ '%(USA)%'::text) AND (((note)::text ~~ '%(2006)%'::text) OR ((note)::text ~~ '%(2007)%'::text)))", "Rows Removed by Filter": 2600559}, {"Node Type": "Hash", "Parent Relationship": "Inner", "Startup Cost": 5903.45, "Total Cost": 5903.45, "Plan Rows": 6290, "Plan Width": 4, "Actual Startup Time": 82.868, "Actual Total Time": 82.868, "Actual Rows": 6752, "Actual Loops": 1, "Hash Buckets": 32768, "Hash Batches": 1, "Original Hash Batches": 1, "Peak Memory Usage": 238, "Plans": [{"Node Type": "Seq Scan", "Parent Relationship": "Outer", "Relation Name": "company_name", "Alias": "cn", "Startup Cost": 0.0, "Total Cost": 5903.45, "Plan Rows": 6290, "Plan Width": 4, "Actual Startup Time": 0.026, "Actual Total Time": 80.761, "Actual Rows": 6752, "Actual Loops": 1, "Filter": "((country_code)::text = '[jp]'::text)", "Rows Removed by Filter": 228244}]}]}, {"Node Type": "Bitmap Heap Scan", "Parent Relationship": "Inner", "Relation Name": "title", "Alias": "t", "Startup Cost": 3.93, "Total Cost": 7.95, "Plan Rows": 1, "Plan Width": 21, "Actual Startup Time": 48.551, "Actual Total Time": 48.551, "Actual Rows": 4, "Actual Loops": 8495, "Recheck Cond": "(id = mc.movie_id)", "Rows Removed by Index Recheck": 0, "Filter": "((production_year >= 2006) AND (production_year <= 2007) AND (((title)::text ~~ 'One Piece%'::text) OR ((title)::text ~~ 'Dragon Ball Z%'::text)))", "Rows Removed by Filter": 8491, "Exact Heap Blocks": 8495, "Lossy Heap Blocks": 8495, "Plans": [{"Node Type": "Bitmap Index Scan", "Parent Relationship": "Outer", "Index Name": "title_pkey", "Startup Cost": 0.0, "Total Cost": 3.93, "Plan Rows": 1, "Plan Width": 0, "Actual Startup Time": 25.056, "Actual Total Time": 25.056, "Actual Rows": 8495, "Actual Loops": 8495, "Index Cond": "(id = mc.movie_id)"}]}]}, {"Node Type": "Bitmap Heap Scan", "Parent Relationship": "Inner", "Relation Name": "cast_info", "Alias": "ci", "Startup Cost": 4.27, "Total Cost": 28.27, "Plan Rows": 1, "Plan Width": 12, "Actual Startup Time": 0.251, "Actual Total Time": 0.577, "Actual Rows": 104, "Actual Loops": 4, "Recheck Cond": "(movie_id = mc.movie_id)", "Rows Removed by Index Recheck": 0, "Filter": "((note)::text = '(voice: English version)'::text)", "Rows Removed by Filter": 68, "Exact Heap Blocks": 133, "Lossy Heap Blocks": 133, "Plans": [{"Node Type": "Bitmap Index Scan", "Parent Relationship": "Outer", "Index Name": "movie_id_cast_info", "Startup Cost": 0.0, "Total Cost": 4.27, "Plan Rows": 6, "Plan Width": 0, "Actual Startup Time": 0.077, "Actual Total Time": 0.077, "Actual Rows": 172, "Actual Loops": 4, "Index Cond": "(movie_id = mc.movie_id)"}]}]}, {"Node Type": "Bitmap Heap Scan", "Parent Relationship": "Inner", "Relation Name": "aka_name", "Alias": "an", "Startup Cost": 0.38, "Total Cost": 4.39, "Plan Rows": 1, "Plan Width": 20, "Actual Startup Time": 0.768, "Actual Total Time": 0.849, "Actual Rows": 171, "Actual Loops": 104, "Recheck Cond": "(person_id = ci.person_id)", "Rows Removed by Index Recheck": 0, "Exact Heap Blocks": 105, "Lossy Heap Blocks": 105, "Plans": [{"Node Type": "Bitmap Index Scan", "Parent Relationship": "Outer", "Index Name": "person_id_aka_name", "Startup Cost": 0.0, "Total Cost": 0.38, "Plan Rows": 1, "Plan Width": 0, "Actual Startup Time": 0.514, "Actual Total Time": 0.514, "Actual Rows": 171, "Actual Loops": 104, "Index Cond": "(person_id = ci.person_id)"}]}]}, {"Node Type": "Bitmap Heap Scan", "Parent Relationship": "Inner", "Relation Name": "name", "Alias": "n", "Startup Cost": 0.33, "Total Cost": 4.34, "Plan Rows": 1, "Plan Width": 4, "Actual Startup Time": 1.006, "Actual Total Time": 1.006, "Actual Rows": 6, "Actual Loops": 171, "Recheck Cond": "(id = an.person_id)", "Rows Removed by Index Recheck": 0, "Filter": "(((name)::text ~~ '%Yo%'::text) AND ((name)::text !~~ '%Yu%'::text))", "Rows Removed by Filter": 165, "Exact Heap Blocks": 171, "Lossy Heap Blocks": 171, "Plans": [{"Node Type": "Bitmap Index Scan", "Parent Relationship": "Outer", "Index Name": "name_pkey", "Startup Cost": 0.0, "Total Cost": 0.33, "Plan Rows": 1, "Plan Width": 0, "Actual Startup Time": 0.616, "Actual Total Time": 0.616, "Actual Rows": 171, "Actual Loops": 171, "Index Cond": "(id = an.person_id)"}]}]}, {"Node Type": "Hash", "Parent Relationship": "Inner", "Startup Cost": 1.15, "Total Cost": 1.15, "Plan Rows": 1, "Plan Width": 4, "Actual Startup Time": 0.042, "Actual Total Time": 0.042, "Actual Rows": 1, "Actual Loops": 1, "Hash Buckets": 32768, "Hash Batches": 1, "Original Hash Batches": 1, "Peak Memory Usage": 1, "Plans": [{"Node Type": "Seq Scan", "Parent Relationship": "Outer", "Relation Name": "role_type", "Alias": "rt", "Startup Cost": 0.0, "Total Cost": 1.15, "Plan Rows": 1, "Plan Width": 4, "Actual Startup Time": 0.027, "Actual Total Time": 0.031, "Actual Rows": 1, "Actual Loops": 1, "Filter": "((role)::text = 'actress'::text)", "Rows Removed by Filter": 11}]}]}]}, "Triggers": [], "Planner Runtime": 24.749, "Total Runtime": 1108.773, "Unique SQL Id": 3956435728}}, "(1, '99')": {"explain_plan": {"Plan": {"Node Type": "Aggregate", "Strategy": "Plain", "Startup Cost": 1000012201008.67, "Total Cost": 1000012201008.68, "Plan Rows": 1, "Plan Width": 97, "Plans": [{"Node Type": "Nested Loop", "Parent Relationship": "Outer", "Join Type": "Inner", "Startup Cost": 10000000004.12, "Total Cost": 1000012201008.67, "Plan Rows": 1, "Plan Width": 33, "Inner Unique": true, "Plans": [{"Node Type": "Nested Loop", "Parent Relationship": "Outer", "Join Type": "Inner", "Startup Cost": 10000000003.79, "Total Cost": 1000012201004.31, "Plan Rows": 1, "Plan Width": 41, "Inner Unique": true, "Plans": [{"Node Type": "Nested Loop", "Parent Relationship": "Outer", "Join Type": "Inner", "Startup Cost": 10000000003.54, "Total Cost": 1000012201000.03, "Plan Rows": 1, "Plan Width": 45, "Inner Unique": true, "Plans": [{"Node Type": "Nested Loop", "Parent Relationship": "Outer", "Join Type": "Inner", "Startup Cost": 10000000002.31, "Total Cost": 1000012200994.77, "Plan Rows": 1, "Plan Width": 49, "Inner Unique": false, "Plans": [{"Node Type": "Nested Loop", "Parent Relationship": "Outer", "Join Type": "Inner", "Startup Cost": 10000000001.65, "Total Cost": 1000012200744.81, "Plan Rows": 53, "Plan Width": 53, "Inner Unique": true, "Plans": [{"Node Type": "Nested Loop", "Parent Relationship": "Outer", "Join Type": "Inner", "Startup Cost": 10000000001.0, "Total Cost": 1000011659757.19, "Plan Rows": 115768, "Plan Width": 32, "Inner Unique": false, "Plans": [{"Node Type": "Index Scan", "Parent Relationship": "Outer", "Scan Direction": "Forward", "Index Name": "person_id_aka_name", "Relation Name": "aka_name", "Alias": "an", "Startup Cost": 10000000000.0, "Total Cost": 1000006896503.43, "Plan Rows": 901342, "Plan Width": 20}, {"Node Type": "Bitmap Heap Scan", "Parent Relationship": "Inner", "Relation Name": "cast_info", "Alias": "ci", "Startup Cost": 1.0, "Total Cost": 5.27, "Plan Rows": 1, "Plan Width": 12, "Recheck Cond": "(person_id = an.person_id)", "Filter": "((note)::text = '(voice: English version)'::text)", "Plans": [{"Node Type": "Bitmap Index Scan", "Parent Relationship": "Outer", "Index Name": "person_id_cast_info", "Startup Cost": 0.0, "Total Cost": 1.0, "Plan Rows": 18, "Plan Width": 0, "Index Cond": "(person_id = an.person_id)"}]}]}, {"Node Type": "Bitmap Heap Scan", "Parent Relationship": "Inner", "Relation Name": "title", "Alias": "t", "Startup Cost": 0.64, "Total Cost": 4.66, "Plan Rows": 1, "Plan Width": 21, "Recheck Cond": "(id = ci.movie_id)", "Filter": "((production_year >= 2006) AND (production_year <= 2007) AND (((title)::text ~~ 'One Piece%'::text) OR ((title)::text ~~ 'Dragon Ball Z%'::text)))", "Plans": [{"Node Type": "Bitmap Index Scan", "Parent Relationship": "Outer", "Index Name": "title_pkey", "Startup Cost": 0.0, "Total Cost": 0.64, "Plan Rows": 1, "Plan Width": 0, "Index Cond": "(id = ci.movie_id)"}]}]}, {"Node Type": "Bitmap Heap Scan", "Parent Relationship": "Inner", "Relation Name": "movie_companies", "Alias": "mc", "Startup Cost": 0.66, "Total Cost": 4.71, "Plan Rows": 1, "Plan Width": 8, "Recheck Cond": "(movie_id = ci.movie_id)", "Filter": "(((note)::text ~~ '%(Japan)%'::text) AND ((note)::text !~~ '%(USA)%'::text) AND (((note)::text ~~ '%(2006)%'::text) OR ((note)::text ~~ '%(2007)%'::text)))", "Plans": [{"Node Type": "Bitmap Index Scan", "Parent Relationship": "Outer", "Index Name": "movie_id_movie_companies", "Startup Cost": 0.0, "Total Cost": 0.66, "Plan Rows": 2, "Plan Width": 0, "Index Cond": "(movie_id = ci.movie_id)"}]}]}, {"Node Type": "Bitmap Heap Scan", "Parent Relationship": "Inner", "Relation Name": "company_name", "Alias": "cn", "Startup Cost": 1.23, "Total Cost": 5.24, "Plan Rows": 1, "Plan Width": 4, "Recheck Cond": "(id = mc.company_id)", "Filter": "((country_code)::text = '[jp]'::text)", "Plans": [{"Node Type": "Bitmap Index Scan", "Parent Relationship": "Outer", "Index Name": "company_name_pkey", "Startup Cost": 0.0, "Total Cost": 1.23, "Plan Rows": 1, "Plan Width": 0, "Index Cond": "(id = mc.company_id)"}]}]}, {"Node Type": "Bitmap Heap Scan", "Parent Relationship": "Inner", "Relation Name": "role_type", "Alias": "rt", "Startup Cost": 0.26, "Total Cost": 4.27, "Plan Rows": 1, "Plan Width": 4, "Recheck Cond": "(id = ci.role_id)", "Filter": "((role)::text = 'actress'::text)", "Plans": [{"Node Type": "Bitmap Index Scan", "Parent Relationship": "Outer", "Index Name": "role_type_pkey", "Startup Cost": 0.0, "Total Cost": 0.26, "Plan Rows": 1, "Plan Width": 0, "Index Cond": "(id = ci.role_id)"}]}]}, {"Node Type": "Bitmap Heap Scan", "Parent Relationship": "Inner", "Relation Name": "name", "Alias": "n", "Startup Cost": 0.33, "Total Cost": 4.34, "Plan Rows": 1, "Plan Width": 4, "Recheck Cond": "(id = an.person_id)", "Filter": "(((name)::text ~~ '%Yo%'::text) AND ((name)::text !~~ '%Yu%'::text))", "Plans": [{"Node Type": "Bitmap Index Scan", "Parent Relationship": "Outer", "Index Name": "name_pkey", "Startup Cost": 0.0, "Total Cost": 0.33, "Plan Rows": 1, "Plan Width": 0, "Index Cond": "(id = an.person_id)"}]}]}]}, "Unique SQL Id": 3956435728, "Planner Runtime": 6}, "explain_analyze_plan": null}, "(1, '100')": {"explain_plan": {"Plan": {"Node Type": "Aggregate", "Strategy": "Plain", "Startup Cost": 76019.18, "Total Cost": 76019.19, "Plan Rows": 1, "Plan Width": 97, "Plans": [{"Node Type": "Nested Loop", "Parent Relationship": "Outer", "Join Type": "Inner", "Startup Cost": 5982.08, "Total Cost": 76019.18, "Plan Rows": 1, "Plan Width": 33, "Inner Unique": true, "Plans": [{"Node Type": "Nested Loop", "Parent Relationship": "Outer", "Join Type": "Inner", "Startup Cost": 5982.08, "Total Cost": 76018.9, "Plan Rows": 1, "Plan Width": 37, "Inner Unique": true, "Plans": [{"Node Type": "Nested Loop", "Parent Relationship": "Outer", "Join Type": "Inner", "Startup Cost": 5982.08, "Total Cost": 76018.31, "Plan Rows": 1, "Plan Width": 45, "Inner Unique": false, "Plans": [{"Node Type": "Nested Loop", "Parent Relationship": "Outer", "Join Type": "Inner", "Startup Cost": 5982.08, "Total Cost": 76017.46, "Plan Rows": 1, "Plan Width": 25, "Inner Unique": false, "Join Filter": "(t.id = ci.movie_id)", "Plans": [{"Node Type": "Nested Loop", "Parent Relationship": "Outer", "Join Type": "Inner", "Startup Cost": 5982.08, "Total Cost": 75961.68, "Plan Rows": 2, "Plan Width": 25, "Inner Unique": true, "Plans": [{"Node Type": "Hash Join", "Parent Relationship": "Outer", "Join Type": "Inner", "Startup Cost": 5982.08, "Total Cost": 73899.45, "Plan Rows": 262, "Plan Width": 4, "Inner Unique": true, "Hash Cond": "(mc.company_id = cn.id)", "Plans": [{"Node Type": "Seq Scan", "Parent Relationship": "Outer", "Relation Name": "movie_companies", "Alias": "mc", "Startup Cost": 0.0, "Total Cost": 67908.56, "Plan Rows": 1652, "Plan Width": 8, "Filter": "(((note)::text ~~ '%(Japan)%'::text) AND ((note)::text !~~ '%(USA)%'::text) AND (((note)::text ~~ '%(2006)%'::text) OR ((note)::text ~~ '%(2007)%'::text)))"}, {"Node Type": "Hash", "Parent Relationship": "Inner", "Startup Cost": 5903.45, "Total Cost": 5903.45, "Plan Rows": 6290, "Plan Width": 4, "Plans": [{"Node Type": "Seq Scan", "Parent Relationship": "Outer", "Relation Name": "company_name", "Alias": "cn", "Startup Cost": 0.0, "Total Cost": 5903.45, "Plan Rows": 6290, "Plan Width": 4, "Filter": "((country_code)::text = '[jp]'::text)"}]}]}, {"Node Type": "Index Scan", "Parent Relationship": "Inner", "Scan Direction": "Forward", "Index Name": "title_pkey", "Relation Name": "title", "Alias": "t", "Startup Cost": 0.0, "Total Cost": 7.86, "Plan Rows": 1, "Plan Width": 21, "Index Cond": "(id = mc.movie_id)", "Filter": "((production_year >= 2006) AND (production_year <= 2007) AND (((title)::text ~~ 'One Piece%'::text) OR ((title)::text ~~ 'Dragon Ball Z%'::text)))"}]}, {"Node Type": "Index Scan", "Parent Relationship": "Inner", "Scan Direction": "Forward", "Index Name": "movie_id_cast_info", "Relation Name": "cast_info", "Alias": "ci", "Startup Cost": 0.0, "Total Cost": 27.88, "Plan Rows": 1, "Plan Width": 12, "Index Cond": "(movie_id = mc.movie_id)", "Filter": "((note)::text = '(voice: English version)'::text)"}]}, {"Node Type": "Index Scan", "Parent Relationship": "Inner", "Scan Direction": "Forward", "Index Name": "person_id_aka_name", "Relation Name": "aka_name", "Alias": "an", "Startup Cost": 0.0, "Total Cost": 0.84, "Plan Rows": 1, "Plan Width": 20, "Index Cond": "(person_id = ci.person_id)"}]}, {"Node Type": "Index Scan", "Parent Relationship": "Inner", "Scan Direction": "Forward", "Index Name": "name_pkey", "Relation Name": "name", "Alias": "n", "Startup Cost": 0.0, "Total Cost": 0.57, "Plan Rows": 1, "Plan Width": 4, "Index Cond": "(id = an.person_id)", "Filter": "(((name)::text ~~ '%Yo%'::text) AND ((name)::text !~~ '%Yu%'::text))"}]}, {"Node Type": "Index Scan", "Parent Relationship": "Inner", "Scan Direction": "Forward", "Index Name": "role_type_pkey", "Relation Name": "role_type", "Alias": "rt", "Startup Cost": 0.0, "Total Cost": 0.27, "Plan Rows": 1, "Plan Width": 4, "Index Cond": "(id = ci.role_id)", "Filter": "((role)::text = 'actress'::text)"}]}]}, "Unique SQL Id": 3956435728, "Planner Runtime": 8}, "explain_analyze_plan": {"Plan": {"Node Type": "Aggregate", "Strategy": "Plain", "Startup Cost": 76019.18, "Total Cost": 76019.19, "Plan Rows": 1, "Plan Width": 97, "Actual Startup Time": 1150.019, "Actual Total Time": 1150.02, "Actual Rows": 1, "Actual Loops": 1, "Plans": [{"Node Type": "Nested Loop", "Parent Relationship": "Outer", "Join Type": "Inner", "Startup Cost": 5982.08, "Total Cost": 76019.18, "Plan Rows": 1, "Plan Width": 33, "Actual Startup Time": 445.745, "Actual Total Time": 1149.979, "Actual Rows": 6, "Actual Loops": 1, "Inner Unique": true, "Plans": [{"Node Type": "Nested Loop", "Parent Relationship": "Outer", "Join Type": "Inner", "Startup Cost": 5982.08, "Total Cost": 76018.9, "Plan Rows": 1, "Plan Width": 37, "Actual Startup Time": 445.724, "Actual Total Time": 1149.932, "Actual Rows": 6, "Actual Loops": 1, "Inner Unique": true, "Plans": [{"Node Type": "Nested Loop", "Parent Relationship": "Outer", "Join Type": "Inner", "Startup Cost": 5982.08, "Total Cost": 76018.31, "Plan Rows": 1, "Plan Width": 45, "Actual Startup Time": 445.108, "Actual Total Time": 1148.889, "Actual Rows": 171, "Actual Loops": 1, "Inner Unique": false, "Plans": [{"Node Type": "Nested Loop", "Parent Relationship": "Outer", "Join Type": "Inner", "Startup Cost": 5982.08, "Total Cost": 76017.46, "Plan Rows": 1, "Plan Width": 25, "Actual Startup Time": 445.082, "Actual Total Time": 1148.012, "Actual Rows": 104, "Actual Loops": 1, "Inner Unique": false, "Join Filter": "(t.id = ci.movie_id)", "Rows Removed by Join Filter": 0, "Plans": [{"Node Type": "Nested Loop", "Parent Relationship": "Outer", "Join Type": "Inner", "Startup Cost": 5982.08, "Total Cost": 75961.68, "Plan Rows": 2, "Plan Width": 25, "Actual Startup Time": 445.02, "Actual Total Time": 1147.431, "Actual Rows": 4, "Actual Loops": 1, "Inner Unique": true, "Plans": [{"Node Type": "Hash Join", "Parent Relationship": "Outer", "Join Type": "Inner", "Startup Cost": 5982.08, "Total Cost": 73899.45, "Plan Rows": 262, "Plan Width": 4, "Actual Startup Time": 89.577, "Actual Total Time": 1092.318, "Actual Rows": 8495, "Actual Loops": 1, "Inner Unique": true, "Hash Cond": "(mc.company_id = cn.id)", "Plans": [{"Node Type": "Seq Scan", "Parent Relationship": "Outer", "Relation Name": "movie_companies", "Alias": "mc", "Startup Cost": 0.0, "Total Cost": 67908.56, "Plan Rows": 1652, "Plan Width": 8, "Actual Startup Time": 0.283, "Actual Total Time": 997.739, "Actual Rows": 8569, "Actual Loops": 1, "Filter": "(((note)::text ~~ '%(Japan)%'::text) AND ((note)::text !~~ '%(USA)%'::text) AND (((note)::text ~~ '%(2006)%'::text) OR ((note)::text ~~ '%(2007)%'::text)))", "Rows Removed by Filter": 2600559}, {"Node Type": "Hash", "Parent Relationship": "Inner", "Startup Cost": 5903.45, "Total Cost": 5903.45, "Plan Rows": 6290, "Plan Width": 4, "Actual Startup Time": 89.227, "Actual Total Time": 89.227, "Actual Rows": 6752, "Actual Loops": 1, "Hash Buckets": 32768, "Hash Batches": 1, "Original Hash Batches": 1, "Peak Memory Usage": 238, "Plans": [{"Node Type": "Seq Scan", "Parent Relationship": "Outer", "Relation Name": "company_name", "Alias": "cn", "Startup Cost": 0.0, "Total Cost": 5903.45, "Plan Rows": 6290, "Plan Width": 4, "Actual Startup Time": 0.03, "Actual Total Time": 86.954, "Actual Rows": 6752, "Actual Loops": 1, "Filter": "((country_code)::text = '[jp]'::text)", "Rows Removed by Filter": 228244}]}]}, {"Node Type": "Index Scan", "Parent Relationship": "Inner", "Scan Direction": "Forward", "Index Name": "title_pkey", "Relation Name": "title", "Alias": "t", "Startup Cost": 0.0, "Total Cost": 7.86, "Plan Rows": 1, "Plan Width": 21, "Actual Startup Time": 50.564, "Actual Total Time": 50.564, "Actual Rows": 4, "Actual Loops": 8495, "Index Cond": "(id = mc.movie_id)", "Rows Removed by Index Recheck": 0, "Filter": "((production_year >= 2006) AND (production_year <= 2007) AND (((title)::text ~~ 'One Piece%'::text) OR ((title)::text ~~ 'Dragon Ball Z%'::text)))", "Rows Removed by Filter": 8491}]}, {"Node Type": "Index Scan", "Parent Relationship": "Inner", "Scan Direction": "Forward", "Index Name": "movie_id_cast_info", "Relation Name": "cast_info", "Alias": "ci", "Startup Cost": 0.0, "Total Cost": 27.88, "Plan Rows": 1, "Plan Width": 12, "Actual Startup Time": 0.171, "Actual Total Time": 0.512, "Actual Rows": 104, "Actual Loops": 4, "Index Cond": "(movie_id = mc.movie_id)", "Rows Removed by Index Recheck": 0, "Filter": "((note)::text = '(voice: English version)'::text)", "Rows Removed by Filter": 68}]}, {"Node Type": "Index Scan", "Parent Relationship": "Inner", "Scan Direction": "Forward", "Index Name": "person_id_aka_name", "Relation Name": "aka_name", "Alias": "an", "Startup Cost": 0.0, "Total Cost": 0.84, "Plan Rows": 1, "Plan Width": 20, "Actual Startup Time": 0.648, "Actual Total Time": 0.763, "Actual Rows": 171, "Actual Loops": 104, "Index Cond": "(person_id = ci.person_id)", "Rows Removed by Index Recheck": 0}]}, {"Node Type": "Index Scan", "Parent Relationship": "Inner", "Scan Direction": "Forward", "Index Name": "name_pkey", "Relation Name": "name", "Alias": "n", "Startup Cost": 0.0, "Total Cost": 0.57, "Plan Rows": 1, "Plan Width": 4, "Actual Startup Time": 0.944, "Actual Total Time": 0.944, "Actual Rows": 6, "Actual Loops": 171, "Index Cond": "(id = an.person_id)", "Rows Removed by Index Recheck": 0, "Filter": "(((name)::text ~~ '%Yo%'::text) AND ((name)::text !~~ '%Yu%'::text))", "Rows Removed by Filter": 165}]}, {"Node Type": "Index Scan", "Parent Relationship": "Inner", "Scan Direction": "Forward", "Index Name": "role_type_pkey", "Relation Name": "role_type", "Alias": "rt", "Startup Cost": 0.0, "Total Cost": 0.27, "Plan Rows": 1, "Plan Width": 4, "Actual Startup Time": 0.031, "Actual Total Time": 0.031, "Actual Rows": 6, "Actual Loops": 6, "Index Cond": "(id = ci.role_id)", "Rows Removed by Index Recheck": 0, "Filter": "((role)::text = 'actress'::text)", "Rows Removed by Filter": 0}]}]}, "Triggers": [], "Planner Runtime": 21.278, "Total Runtime": 1150.324, "Unique SQL Id": 3956435728}}, "(1, '101')": {"explain_plan": {"Plan": {"Node Type": "Aggregate", "Strategy": "Plain", "Startup Cost": 84111.26, "Total Cost": 84111.27, "Plan Rows": 1, "Plan Width": 97, "Plans": [{"Node Type": "Nested Loop", "Parent Relationship": "Outer", "Join Type": "Inner", "Startup Cost": 0.0, "Total Cost": 84111.26, "Plan Rows": 1, "Plan Width": 33, "Inner Unique": true, "Plans": [{"Node Type": "Nested Loop", "Parent Relationship": "Outer", "Join Type": "Inner", "Startup Cost": 0.0, "Total Cost": 84110.97, "Plan Rows": 1, "Plan Width": 37, "Inner Unique": true, "Plans": [{"Node Type": "Nested Loop", "Parent Relationship": "Outer", "Join Type": "Inner", "Startup Cost": 0.0, "Total Cost": 84110.39, "Plan Rows": 1, "Plan Width": 45, "Inner Unique": false, "Plans": [{"Node Type": "Nested Loop", "Parent Relationship": "Outer", "Join Type": "Inner", "Startup Cost": 0.0, "Total Cost": 84109.54, "Plan Rows": 1, "Plan Width": 25, "Inner Unique": false, "Join Filter": "(t.id = ci.movie_id)", "Plans": [{"Node Type": "Nested Loop", "Parent Relationship": "Outer", "Join Type": "Inner", "Startup Cost": 0.0, "Total Cost": 84053.76, "Plan Rows": 2, "Plan Width": 25, "Inner Unique": true, "Plans": [{"Node Type": "Nested Loop", "Parent Relationship": "Outer", "Join Type": "Inner", "Startup Cost": 0.0, "Total Cost": 81991.53, "Plan Rows": 262, "Plan Width": 4, "Inner Unique": false, "Plans": [{"Node Type": "Index Scan", "Parent Relationship": "Outer", "Scan Direction": "Forward", "Index Name": "company_name_pkey", "Relation Name": "company_name", "Alias": "cn", "Startup Cost": 0.0, "Total Cost": 10501.39, "Plan Rows": 6290, "Plan Width": 4, "Filter": "((country_code)::text = '[jp]'::text)"}, {"Node Type": "Index Scan", "Parent Relationship": "Inner", "Scan Direction": "Forward", "Index Name": "company_id_movie_companies", "Relation Name": "movie_companies", "Alias": "mc", "Startup Cost": 0.0, "Total Cost": 11.36, "Plan Rows": 1, "Plan Width": 8, "Index Cond": "(company_id = cn.id)", "Filter": "(((note)::text ~~ '%(Japan)%'::text) AND ((note)::text !~~ '%(USA)%'::text) AND (((note)::text ~~ '%(2006)%'::text) OR ((note)::text ~~ '%(2007)%'::text)))"}]}, {"Node Type": "Index Scan", "Parent Relationship": "Inner", "Scan Direction": "Forward", "Index Name": "title_pkey", "Relation Name": "title", "Alias": "t", "Startup Cost": 0.0, "Total Cost": 7.86, "Plan Rows": 1, "Plan Width": 21, "Index Cond": "(id = mc.movie_id)", "Filter": "((production_year >= 2006) AND (production_year <= 2007) AND (((title)::text ~~ 'One Piece%'::text) OR ((title)::text ~~ 'Dragon Ball Z%'::text)))"}]}, {"Node Type": "Index Scan", "Parent Relationship": "Inner", "Scan Direction": "Forward", "Index Name": "movie_id_cast_info", "Relation Name": "cast_info", "Alias": "ci", "Startup Cost": 0.0, "Total Cost": 27.88, "Plan Rows": 1, "Plan Width": 12, "Index Cond": "(movie_id = mc.movie_id)", "Filter": "((note)::text = '(voice: English version)'::text)"}]}, {"Node Type": "Index Scan", "Parent Relationship": "Inner", "Scan Direction": "Forward", "Index Name": "person_id_aka_name", "Relation Name": "aka_name", "Alias": "an", "Startup Cost": 0.0, "Total Cost": 0.84, "Plan Rows": 1, "Plan Width": 20, "Index Cond": "(person_id = ci.person_id)"}]}, {"Node Type": "Index Scan", "Parent Relationship": "Inner", "Scan Direction": "Forward", "Index Name": "name_pkey", "Relation Name": "name", "Alias": "n", "Startup Cost": 0.0, "Total Cost": 0.57, "Plan Rows": 1, "Plan Width": 4, "Index Cond": "(id = an.person_id)", "Filter": "(((name)::text ~~ '%Yo%'::text) AND ((name)::text !~~ '%Yu%'::text))"}]}, {"Node Type": "Index Scan", "Parent Relationship": "Inner", "Scan Direction": "Forward", "Index Name": "role_type_pkey", "Relation Name": "role_type", "Alias": "rt", "Startup Cost": 0.0, "Total Cost": 0.27, "Plan Rows": 1, "Plan Width": 4, "Index Cond": "(id = ci.role_id)", "Filter": "((role)::text = 'actress'::text)"}]}]}, "Unique SQL Id": 3956435728, "Planner Runtime": 7}, "explain_analyze_plan": {"Plan": {"Node Type": "Aggregate", "Strategy": "Plain", "Startup Cost": 84111.26, "Total Cost": 84111.27, "Plan Rows": 1, "Plan Width": 97, "Actual Startup Time": 581.73, "Actual Total Time": 581.73, "Actual Rows": 1, "Actual Loops": 1, "Plans": [{"Node Type": "Nested Loop", "Parent Relationship": "Outer", "Join Type": "Inner", "Startup Cost": 0.0, "Total Cost": 84111.26, "Plan Rows": 1, "Plan Width": 33, "Actual Startup Time": 54.321, "Actual Total Time": 581.694, "Actual Rows": 6, "Actual Loops": 1, "Inner Unique": true, "Plans": [{"Node Type": "Nested Loop", "Parent Relationship": "Outer", "Join Type": "Inner", "Startup Cost": 0.0, "Total Cost": 84110.97, "Plan Rows": 1, "Plan Width": 37, "Actual Startup Time": 54.312, "Actual Total Time": 581.658, "Actual Rows": 6, "Actual Loops": 1, "Inner Unique": true, "Plans": [{"Node Type": "Nested Loop", "Parent Relationship": "Outer", "Join Type": "Inner", "Startup Cost": 0.0, "Total Cost": 84110.39, "Plan Rows": 1, "Plan Width": 45, "Actual Startup Time": 53.198, "Actual Total Time": 580.628, "Actual Rows": 171, "Actual Loops": 1, "Inner Unique": false, "Plans": [{"Node Type": "Nested Loop", "Parent Relationship": "Outer", "Join Type": "Inner", "Startup Cost": 0.0, "Total Cost": 84109.54, "Plan Rows": 1, "Plan Width": 25, "Actual Startup Time": 53.177, "Actual Total Time": 579.772, "Actual Rows": 104, "Actual Loops": 1, "Inner Unique": false, "Join Filter": "(t.id = ci.movie_id)", "Rows Removed by Join Filter": 0, "Plans": [{"Node Type": "Nested Loop", "Parent Relationship": "Outer", "Join Type": "Inner", "Startup Cost": 0.0, "Total Cost": 84053.76, "Plan Rows": 2, "Plan Width": 25, "Actual Startup Time": 53.042, "Actual Total Time": 579.227, "Actual Rows": 4, "Actual Loops": 1, "Inner Unique": true, "Plans": [{"Node Type": "Nested Loop", "Parent Relationship": "Outer", "Join Type": "Inner", "Startup Cost": 0.0, "Total Cost": 81991.53, "Plan Rows": 262, "Plan Width": 4, "Actual Startup Time": 0.312, "Actual Total Time": 518.839, "Actual Rows": 8495, "Actual Loops": 1, "Inner Unique": false, "Plans": [{"Node Type": "Index Scan", "Parent Relationship": "Outer", "Scan Direction": "Forward", "Index Name": "company_name_pkey", "Relation Name": "company_name", "Alias": "cn", "Startup Cost": 0.0, "Total Cost": 10501.39, "Plan Rows": 6290, "Plan Width": 4, "Actual Startup Time": 0.264, "Actual Total Time": 291.012, "Actual Rows": 6752, "Actual Loops": 1, "Filter": "((country_code)::text = '[jp]'::text)", "Rows Removed by Filter": 228244}, {"Node Type": "Index Scan", "Parent Relationship": "Inner", "Scan Direction": "Forward", "Index Name": "company_id_movie_companies", "Relation Name": "movie_companies", "Alias": "mc", "Startup Cost": 0.0, "Total Cost": 11.36, "Plan Rows": 1, "Plan Width": 8, "Actual Startup Time": 100.149, "Actual Total Time": 221.814, "Actual Rows": 8495, "Actual Loops": 6752, "Index Cond": "(company_id = cn.id)", "Rows Removed by Index Recheck": 0, "Filter": "(((note)::text ~~ '%(Japan)%'::text) AND ((note)::text !~~ '%(USA)%'::text) AND (((note)::text ~~ '%(2006)%'::text) OR ((note)::text ~~ '%(2007)%'::text)))", "Rows Removed by Filter": 96500}]}, {"Node Type": "Index Scan", "Parent Relationship": "Inner", "Scan Direction": "Forward", "Index Name": "title_pkey", "Relation Name": "title", "Alias": "t", "Startup Cost": 0.0, "Total Cost": 7.86, "Plan Rows": 1, "Plan Width": 21, "Actual Startup Time": 55.844, "Actual Total Time": 55.844, "Actual Rows": 4, "Actual Loops": 8495, "Index Cond": "(id = mc.movie_id)", "Rows Removed by Index Recheck": 0, "Filter": "((production_year >= 2006) AND (production_year <= 2007) AND (((title)::text ~~ 'One Piece%'::text) OR ((title)::text ~~ 'Dragon Ball Z%'::text)))", "Rows Removed by Filter": 8491}]}, {"Node Type": "Index Scan", "Parent Relationship": "Inner", "Scan Direction": "Forward", "Index Name": "movie_id_cast_info", "Relation Name": "cast_info", "Alias": "ci", "Startup Cost": 0.0, "Total Cost": 27.88, "Plan Rows": 1, "Plan Width": 12, "Actual Startup Time": 0.155, "Actual Total Time": 0.487, "Actual Rows": 104, "Actual Loops": 4, "Index Cond": "(movie_id = mc.movie_id)", "Rows Removed by Index Recheck": 0, "Filter": "((note)::text = '(voice: English version)'::text)", "Rows Removed by Filter": 68}]}, {"Node Type": "Index Scan", "Parent Relationship": "Inner", "Scan Direction": "Forward", "Index Name": "person_id_aka_name", "Relation Name": "aka_name", "Alias": "an", "Startup Cost": 0.0, "Total Cost": 0.84, "Plan Rows": 1, "Plan Width": 20, "Actual Startup Time": 0.629, "Actual Total Time": 0.74, "Actual Rows": 171, "Actual Loops": 104, "Index Cond": "(person_id = ci.person_id)", "Rows Removed by Index Recheck": 0}]}, {"Node Type": "Index Scan", "Parent Relationship": "Inner", "Scan Direction": "Forward", "Index Name": "name_pkey", "Relation Name": "name", "Alias": "n", "Startup Cost": 0.0, "Total Cost": 0.57, "Plan Rows": 1, "Plan Width": 4, "Actual Startup Time": 0.94, "Actual Total Time": 0.94, "Actual Rows": 6, "Actual Loops": 171, "Index Cond": "(id = an.person_id)", "Rows Removed by Index Recheck": 0, "Filter": "(((name)::text ~~ '%Yo%'::text) AND ((name)::text !~~ '%Yu%'::text))", "Rows Removed by Filter": 165}]}, {"Node Type": "Index Scan", "Parent Relationship": "Inner", "Scan Direction": "Forward", "Index Name": "role_type_pkey", "Relation Name": "role_type", "Alias": "rt", "Startup Cost": 0.0, "Total Cost": 0.27, "Plan Rows": 1, "Plan Width": 4, "Actual Startup Time": 0.022, "Actual Total Time": 0.022, "Actual Rows": 6, "Actual Loops": 6, "Index Cond": "(id = ci.role_id)", "Rows Removed by Index Recheck": 0, "Filter": "((role)::text = 'actress'::text)", "Rows Removed by Filter": 0}]}]}, "Triggers": [], "Planner Runtime": 25.043, "Total Runtime": 582.138, "Unique SQL Id": 3956435728}}, "(1, '102')": {"explain_plan": {"Plan": {"Node Type": "Aggregate", "Strategy": "Plain", "Startup Cost": 76052.36, "Total Cost": 76052.37, "Plan Rows": 1, "Plan Width": 97, "Plans": [{"Node Type": "Hash Join", "Parent Relationship": "Outer", "Join Type": "Inner", "Startup Cost": 5992.15, "Total Cost": 76052.36, "Plan Rows": 1, "Plan Width": 33, "Inner Unique": true, "Hash Cond": "(ci.role_id = rt.id)", "Plans": [{"Node Type": "Nested Loop", "Parent Relationship": "Outer", "Join Type": "Inner", "Startup Cost": 5990.99, "Total Cost": 76051.18, "Plan Rows": 1, "Plan Width": 37, "Inner Unique": true, "Plans": [{"Node Type": "Nested Loop", "Parent Relationship": "Outer", "Join Type": "Inner", "Startup Cost": 5990.66, "Total Cost": 76046.83, "Plan Rows": 1, "Plan Width": 45, "Inner Unique": false, "Plans": [{"Node Type": "Nested Loop", "Parent Relationship": "Outer", "Join Type": "Inner", "Startup Cost": 5990.28, "Total Cost": 76042.43, "Plan Rows": 1, "Plan Width": 25, "Inner Unique": false, "Join Filter": "(t.id = ci.movie_id)", "Plans": [{"Node Type": "Nested Loop", "Parent Relationship": "Outer", "Join Type": "Inner", "Startup Cost": 5986.01, "Total Cost": 75985.85, "Plan Rows": 2, "Plan Width": 25, "Inner Unique": true, "Plans": [{"Node Type": "Hash Join", "Parent Relationship": "Outer", "Join Type": "Inner", "Startup Cost": 5982.08, "Total Cost": 73899.45, "Plan Rows": 262, "Plan Width": 4, "Inner Unique": true, "Hash Cond": "(mc.company_id = cn.id)", "Plans": [{"Node Type": "Seq Scan", "Parent Relationship": "Outer", "Relation Name": "movie_companies", "Alias": "mc", "Startup Cost": 0.0, "Total Cost": 67908.56, "Plan Rows": 1652, "Plan Width": 8, "Filter": "(((note)::text ~~ '%(Japan)%'::text) AND ((note)::text !~~ '%(USA)%'::text) AND (((note)::text ~~ '%(2006)%'::text) OR ((note)::text ~~ '%(2007)%'::text)))"}, {"Node Type": "Hash", "Parent Relationship": "Inner", "Startup Cost": 5903.45, "Total Cost": 5903.45, "Plan Rows": 6290, "Plan Width": 4, "Plans": [{"Node Type": "Seq Scan", "Parent Relationship": "Outer", "Relation Name": "company_name", "Alias": "cn", "Startup Cost": 0.0, "Total Cost": 5903.45, "Plan Rows": 6290, "Plan Width": 4, "Filter": "((country_code)::text = '[jp]'::text)"}]}]}, {"Node Type": "Bitmap Heap Scan", "Parent Relationship": "Inner", "Relation Name": "title", "Alias": "t", "Startup Cost": 3.93, "Total Cost": 7.95, "Plan Rows": 1, "Plan Width": 21, "Recheck Cond": "(id = mc.movie_id)", "Filter": "((production_year >= 2006) AND (production_year <= 2007) AND (((title)::text ~~ 'One Piece%'::text) OR ((title)::text ~~ 'Dragon Ball Z%'::text)))", "Plans": [{"Node Type": "Bitmap Index Scan", "Parent Relationship": "Outer", "Index Name": "title_pkey", "Startup Cost": 0.0, "Total Cost": 3.93, "Plan Rows": 1, "Plan Width": 0, "Index Cond": "(id = mc.movie_id)"}]}]}, {"Node Type": "Bitmap Heap Scan", "Parent Relationship": "Inner", "Relation Name": "cast_info", "Alias": "ci", "Startup Cost": 4.27, "Total Cost": 28.27, "Plan Rows": 1, "Plan Width": 12, "Recheck Cond": "(movie_id = mc.movie_id)", "Filter": "((note)::text = '(voice: English version)'::text)", "Plans": [{"Node Type": "Bitmap Index Scan", "Parent Relationship": "Outer", "Index Name": "movie_id_cast_info", "Startup Cost": 0.0, "Total Cost": 4.27, "Plan Rows": 6, "Plan Width": 0, "Index Cond": "(movie_id = mc.movie_id)"}]}]}, {"Node Type": "Bitmap Heap Scan", "Parent Relationship": "Inner", "Relation Name": "aka_name", "Alias": "an", "Startup Cost": 0.38, "Total Cost": 4.39, "Plan Rows": 1, "Plan Width": 20, "Recheck Cond": "(person_id = ci.person_id)", "Plans": [{"Node Type": "Bitmap Index Scan", "Parent Relationship": "Outer", "Index Name": "person_id_aka_name", "Startup Cost": 0.0, "Total Cost": 0.38, "Plan Rows": 1, "Plan Width": 0, "Index Cond": "(person_id = ci.person_id)"}]}]}, {"Node Type": "Bitmap Heap Scan", "Parent Relationship": "Inner", "Relation Name": "name", "Alias": "n", "Startup Cost": 0.33, "Total Cost": 4.34, "Plan Rows": 1, "Plan Width": 4, "Recheck Cond": "(id = an.person_id)", "Filter": "(((name)::text ~~ '%Yo%'::text) AND ((name)::text !~~ '%Yu%'::text))", "Plans": [{"Node Type": "Bitmap Index Scan", "Parent Relationship": "Outer", "Index Name": "name_pkey", "Startup Cost": 0.0, "Total Cost": 0.33, "Plan Rows": 1, "Plan Width": 0, "Index Cond": "(id = an.person_id)"}]}]}, {"Node Type": "Hash", "Parent Relationship": "Inner", "Startup Cost": 1.15, "Total Cost": 1.15, "Plan Rows": 1, "Plan Width": 4, "Plans": [{"Node Type": "Seq Scan", "Parent Relationship": "Outer", "Relation Name": "role_type", "Alias": "rt", "Startup Cost": 0.0, "Total Cost": 1.15, "Plan Rows": 1, "Plan Width": 4, "Filter": "((role)::text = 'actress'::text)"}]}]}]}, "Unique SQL Id": 3956435728, "Planner Runtime": 10}, "explain_analyze_plan": {"Plan": {"Node Type": "Aggregate", "Strategy": "Plain", "Startup Cost": 76052.36, "Total Cost": 76052.37, "Plan Rows": 1, "Plan Width": 97, "Actual Startup Time": 1108.479, "Actual Total Time": 1108.48, "Actual Rows": 1, "Actual Loops": 1, "Plans": [{"Node Type": "Hash Join", "Parent Relationship": "Outer", "Join Type": "Inner", "Startup Cost": 5992.15, "Total Cost": 76052.36, "Plan Rows": 1, "Plan Width": 33, "Actual Startup Time": 431.009, "Actual Total Time": 1108.429, "Actual Rows": 6, "Actual Loops": 1, "Inner Unique": true, "Hash Cond": "(ci.role_id = rt.id)", "Plans": [{"Node Type": "Nested Loop", "Parent Relationship": "Outer", "Join Type": "Inner", "Startup Cost": 5990.99, "Total Cost": 76051.18, "Plan Rows": 1, "Plan Width": 37, "Actual Startup Time": 430.918, "Actual Total Time": 1108.327, "Actual Rows": 6, "Actual Loops": 1, "Inner Unique": true, "Plans": [{"Node Type": "Nested Loop", "Parent Relationship": "Outer", "Join Type": "Inner", "Startup Cost": 5990.66, "Total Cost": 76046.83, "Plan Rows": 1, "Plan Width": 45, "Actual Startup Time": 430.355, "Actual Total Time": 1107.106, "Actual Rows": 171, "Actual Loops": 1, "Inner Unique": false, "Plans": [{"Node Type": "Nested Loop", "Parent Relationship": "Outer", "Join Type": "Inner", "Startup Cost": 5990.28, "Total Cost": 76042.43, "Plan Rows": 1, "Plan Width": 25, "Actual Startup Time": 430.329, "Actual Total Time": 1106.077, "Actual Rows": 104, "Actual Loops": 1, "Inner Unique": false, "Join Filter": "(t.id = ci.movie_id)", "Rows Removed by Join Filter": 0, "Plans": [{"Node Type": "Nested Loop", "Parent Relationship": "Outer", "Join Type": "Inner", "Startup Cost": 5986.01, "Total Cost": 75985.85, "Plan Rows": 2, "Plan Width": 25, "Actual Startup Time": 430.27, "Actual Total Time": 1105.429, "Actual Rows": 4, "Actual Loops": 1, "Inner Unique": true, "Plans": [{"Node Type": "Hash Join", "Parent Relationship": "Outer", "Join Type": "Inner", "Startup Cost": 5982.08, "Total Cost": 73899.45, "Plan Rows": 262, "Plan Width": 4, "Actual Startup Time": 83.166, "Actual Total Time": 1046.518, "Actual Rows": 8495, "Actual Loops": 1, "Inner Unique": true, "Hash Cond": "(mc.company_id = cn.id)", "Plans": [{"Node Type": "Seq Scan", "Parent Relationship": "Outer", "Relation Name": "movie_companies", "Alias": "mc", "Startup Cost": 0.0, "Total Cost": 67908.56, "Plan Rows": 1652, "Plan Width": 8, "Actual Startup Time": 0.246, "Actual Total Time": 958.005, "Actual Rows": 8569, "Actual Loops": 1, "Filter": "(((note)::text ~~ '%(Japan)%'::text) AND ((note)::text !~~ '%(USA)%'::text) AND (((note)::text ~~ '%(2006)%'::text) OR ((note)::text ~~ '%(2007)%'::text)))", "Rows Removed by Filter": 2600559}, {"Node Type": "Hash", "Parent Relationship": "Inner", "Startup Cost": 5903.45, "Total Cost": 5903.45, "Plan Rows": 6290, "Plan Width": 4, "Actual Startup Time": 82.868, "Actual Total Time": 82.868, "Actual Rows": 6752, "Actual Loops": 1, "Hash Buckets": 32768, "Hash Batches": 1, "Original Hash Batches": 1, "Peak Memory Usage": 238, "Plans": [{"Node Type": "Seq Scan", "Parent Relationship": "Outer", "Relation Name": "company_name", "Alias": "cn", "Startup Cost": 0.0, "Total Cost": 5903.45, "Plan Rows": 6290, "Plan Width": 4, "Actual Startup Time": 0.026, "Actual Total Time": 80.761, "Actual Rows": 6752, "Actual Loops": 1, "Filter": "((country_code)::text = '[jp]'::text)", "Rows Removed by Filter": 228244}]}]}, {"Node Type": "Bitmap Heap Scan", "Parent Relationship": "Inner", "Relation Name": "title", "Alias": "t", "Startup Cost": 3.93, "Total Cost": 7.95, "Plan Rows": 1, "Plan Width": 21, "Actual Startup Time": 48.551, "Actual Total Time": 48.551, "Actual Rows": 4, "Actual Loops": 8495, "Recheck Cond": "(id = mc.movie_id)", "Rows Removed by Index Recheck": 0, "Filter": "((production_year >= 2006) AND (production_year <= 2007) AND (((title)::text ~~ 'One Piece%'::text) OR ((title)::text ~~ 'Dragon Ball Z%'::text)))", "Rows Removed by Filter": 8491, "Exact Heap Blocks": 8495, "Lossy Heap Blocks": 8495, "Plans": [{"Node Type": "Bitmap Index Scan", "Parent Relationship": "Outer", "Index Name": "title_pkey", "Startup Cost": 0.0, "Total Cost": 3.93, "Plan Rows": 1, "Plan Width": 0, "Actual Startup Time": 25.056, "Actual Total Time": 25.056, "Actual Rows": 8495, "Actual Loops": 8495, "Index Cond": "(id = mc.movie_id)"}]}]}, {"Node Type": "Bitmap Heap Scan", "Parent Relationship": "Inner", "Relation Name": "cast_info", "Alias": "ci", "Startup Cost": 4.27, "Total Cost": 28.27, "Plan Rows": 1, "Plan Width": 12, "Actual Startup Time": 0.251, "Actual Total Time": 0.577, "Actual Rows": 104, "Actual Loops": 4, "Recheck Cond": "(movie_id = mc.movie_id)", "Rows Removed by Index Recheck": 0, "Filter": "((note)::text = '(voice: English version)'::text)", "Rows Removed by Filter": 68, "Exact Heap Blocks": 133, "Lossy Heap Blocks": 133, "Plans": [{"Node Type": "Bitmap Index Scan", "Parent Relationship": "Outer", "Index Name": "movie_id_cast_info", "Startup Cost": 0.0, "Total Cost": 4.27, "Plan Rows": 6, "Plan Width": 0, "Actual Startup Time": 0.077, "Actual Total Time": 0.077, "Actual Rows": 172, "Actual Loops": 4, "Index Cond": "(movie_id = mc.movie_id)"}]}]}, {"Node Type": "Bitmap Heap Scan", "Parent Relationship": "Inner", "Relation Name": "aka_name", "Alias": "an", "Startup Cost": 0.38, "Total Cost": 4.39, "Plan Rows": 1, "Plan Width": 20, "Actual Startup Time": 0.768, "Actual Total Time": 0.849, "Actual Rows": 171, "Actual Loops": 104, "Recheck Cond": "(person_id = ci.person_id)", "Rows Removed by Index Recheck": 0, "Exact Heap Blocks": 105, "Lossy Heap Blocks": 105, "Plans": [{"Node Type": "Bitmap Index Scan", "Parent Relationship": "Outer", "Index Name": "person_id_aka_name", "Startup Cost": 0.0, "Total Cost": 0.38, "Plan Rows": 1, "Plan Width": 0, "Actual Startup Time": 0.514, "Actual Total Time": 0.514, "Actual Rows": 171, "Actual Loops": 104, "Index Cond": "(person_id = ci.person_id)"}]}]}, {"Node Type": "Bitmap Heap Scan", "Parent Relationship": "Inner", "Relation Name": "name", "Alias": "n", "Startup Cost": 0.33, "Total Cost": 4.34, "Plan Rows": 1, "Plan Width": 4, "Actual Startup Time": 1.006, "Actual Total Time": 1.006, "Actual Rows": 6, "Actual Loops": 171, "Recheck Cond": "(id = an.person_id)", "Rows Removed by Index Recheck": 0, "Filter": "(((name)::text ~~ '%Yo%'::text) AND ((name)::text !~~ '%Yu%'::text))", "Rows Removed by Filter": 165, "Exact Heap Blocks": 171, "Lossy Heap Blocks": 171, "Plans": [{"Node Type": "Bitmap Index Scan", "Parent Relationship": "Outer", "Index Name": "name_pkey", "Startup Cost": 0.0, "Total Cost": 0.33, "Plan Rows": 1, "Plan Width": 0, "Actual Startup Time": 0.616, "Actual Total Time": 0.616, "Actual Rows": 171, "Actual Loops": 171, "Index Cond": "(id = an.person_id)"}]}]}, {"Node Type": "Hash", "Parent Relationship": "Inner", "Startup Cost": 1.15, "Total Cost": 1.15, "Plan Rows": 1, "Plan Width": 4, "Actual Startup Time": 0.042, "Actual Total Time": 0.042, "Actual Rows": 1, "Actual Loops": 1, "Hash Buckets": 32768, "Hash Batches": 1, "Original Hash Batches": 1, "Peak Memory Usage": 1, "Plans": [{"Node Type": "Seq Scan", "Parent Relationship": "Outer", "Relation Name": "role_type", "Alias": "rt", "Startup Cost": 0.0, "Total Cost": 1.15, "Plan Rows": 1, "Plan Width": 4, "Actual Startup Time": 0.027, "Actual Total Time": 0.031, "Actual Rows": 1, "Actual Loops": 1, "Filter": "((role)::text = 'actress'::text)", "Rows Removed by Filter": 11}]}]}]}, "Triggers": [], "Planner Runtime": 24.749, "Total Runtime": 1108.773, "Unique SQL Id": 3956435728}}, "(1, '103')": {"explain_plan": {"Plan": {"Node Type": "Aggregate", "Strategy": "Plain", "Startup Cost": 1000012201008.67, "Total Cost": 1000012201008.68, "Plan Rows": 1, "Plan Width": 97, "Plans": [{"Node Type": "Nested Loop", "Parent Relationship": "Outer", "Join Type": "Inner", "Startup Cost": 10000000004.12, "Total Cost": 1000012201008.67, "Plan Rows": 1, "Plan Width": 33, "Inner Unique": true, "Plans": [{"Node Type": "Nested Loop", "Parent Relationship": "Outer", "Join Type": "Inner", "Startup Cost": 10000000003.79, "Total Cost": 1000012201004.31, "Plan Rows": 1, "Plan Width": 41, "Inner Unique": true, "Plans": [{"Node Type": "Nested Loop", "Parent Relationship": "Outer", "Join Type": "Inner", "Startup Cost": 10000000003.54, "Total Cost": 1000012201000.03, "Plan Rows": 1, "Plan Width": 45, "Inner Unique": true, "Plans": [{"Node Type": "Nested Loop", "Parent Relationship": "Outer", "Join Type": "Inner", "Startup Cost": 10000000002.31, "Total Cost": 1000012200994.77, "Plan Rows": 1, "Plan Width": 49, "Inner Unique": false, "Plans": [{"Node Type": "Nested Loop", "Parent Relationship": "Outer", "Join Type": "Inner", "Startup Cost": 10000000001.65, "Total Cost": 1000012200744.81, "Plan Rows": 53, "Plan Width": 53, "Inner Unique": true, "Plans": [{"Node Type": "Nested Loop", "Parent Relationship": "Outer", "Join Type": "Inner", "Startup Cost": 10000000001.0, "Total Cost": 1000011659757.19, "Plan Rows": 115768, "Plan Width": 32, "Inner Unique": false, "Plans": [{"Node Type": "Index Scan", "Parent Relationship": "Outer", "Scan Direction": "Forward", "Index Name": "person_id_aka_name", "Relation Name": "aka_name", "Alias": "an", "Startup Cost": 10000000000.0, "Total Cost": 1000006896503.43, "Plan Rows": 901342, "Plan Width": 20}, {"Node Type": "Bitmap Heap Scan", "Parent Relationship": "Inner", "Relation Name": "cast_info", "Alias": "ci", "Startup Cost": 1.0, "Total Cost": 5.27, "Plan Rows": 1, "Plan Width": 12, "Recheck Cond": "(person_id = an.person_id)", "Filter": "((note)::text = '(voice: English version)'::text)", "Plans": [{"Node Type": "Bitmap Index Scan", "Parent Relationship": "Outer", "Index Name": "person_id_cast_info", "Startup Cost": 0.0, "Total Cost": 1.0, "Plan Rows": 18, "Plan Width": 0, "Index Cond": "(person_id = an.person_id)"}]}]}, {"Node Type": "Bitmap Heap Scan", "Parent Relationship": "Inner", "Relation Name": "title", "Alias": "t", "Startup Cost": 0.64, "Total Cost": 4.66, "Plan Rows": 1, "Plan Width": 21, "Recheck Cond": "(id = ci.movie_id)", "Filter": "((production_year >= 2006) AND (production_year <= 2007) AND (((title)::text ~~ 'One Piece%'::text) OR ((title)::text ~~ 'Dragon Ball Z%'::text)))", "Plans": [{"Node Type": "Bitmap Index Scan", "Parent Relationship": "Outer", "Index Name": "title_pkey", "Startup Cost": 0.0, "Total Cost": 0.64, "Plan Rows": 1, "Plan Width": 0, "Index Cond": "(id = ci.movie_id)"}]}]}, {"Node Type": "Bitmap Heap Scan", "Parent Relationship": "Inner", "Relation Name": "movie_companies", "Alias": "mc", "Startup Cost": 0.66, "Total Cost": 4.71, "Plan Rows": 1, "Plan Width": 8, "Recheck Cond": "(movie_id = ci.movie_id)", "Filter": "(((note)::text ~~ '%(Japan)%'::text) AND ((note)::text !~~ '%(USA)%'::text) AND (((note)::text ~~ '%(2006)%'::text) OR ((note)::text ~~ '%(2007)%'::text)))", "Plans": [{"Node Type": "Bitmap Index Scan", "Parent Relationship": "Outer", "Index Name": "movie_id_movie_companies", "Startup Cost": 0.0, "Total Cost": 0.66, "Plan Rows": 2, "Plan Width": 0, "Index Cond": "(movie_id = ci.movie_id)"}]}]}, {"Node Type": "Bitmap Heap Scan", "Parent Relationship": "Inner", "Relation Name": "company_name", "Alias": "cn", "Startup Cost": 1.23, "Total Cost": 5.24, "Plan Rows": 1, "Plan Width": 4, "Recheck Cond": "(id = mc.company_id)", "Filter": "((country_code)::text = '[jp]'::text)", "Plans": [{"Node Type": "Bitmap Index Scan", "Parent Relationship": "Outer", "Index Name": "company_name_pkey", "Startup Cost": 0.0, "Total Cost": 1.23, "Plan Rows": 1, "Plan Width": 0, "Index Cond": "(id = mc.company_id)"}]}]}, {"Node Type": "Bitmap Heap Scan", "Parent Relationship": "Inner", "Relation Name": "role_type", "Alias": "rt", "Startup Cost": 0.26, "Total Cost": 4.27, "Plan Rows": 1, "Plan Width": 4, "Recheck Cond": "(id = ci.role_id)", "Filter": "((role)::text = 'actress'::text)", "Plans": [{"Node Type": "Bitmap Index Scan", "Parent Relationship": "Outer", "Index Name": "role_type_pkey", "Startup Cost": 0.0, "Total Cost": 0.26, "Plan Rows": 1, "Plan Width": 0, "Index Cond": "(id = ci.role_id)"}]}]}, {"Node Type": "Bitmap Heap Scan", "Parent Relationship": "Inner", "Relation Name": "name", "Alias": "n", "Startup Cost": 0.33, "Total Cost": 4.34, "Plan Rows": 1, "Plan Width": 4, "Recheck Cond": "(id = an.person_id)", "Filter": "(((name)::text ~~ '%Yo%'::text) AND ((name)::text !~~ '%Yu%'::text))", "Plans": [{"Node Type": "Bitmap Index Scan", "Parent Relationship": "Outer", "Index Name": "name_pkey", "Startup Cost": 0.0, "Total Cost": 0.33, "Plan Rows": 1, "Plan Width": 0, "Index Cond": "(id = an.person_id)"}]}]}]}, "Unique SQL Id": 3956435728, "Planner Runtime": 6}, "explain_analyze_plan": null}, "(1, '104')": {"explain_plan": {"Plan": {"Node Type": "Aggregate", "Strategy": "Plain", "Startup Cost": 76019.18, "Total Cost": 76019.19, "Plan Rows": 1, "Plan Width": 97, "Plans": [{"Node Type": "Nested Loop", "Parent Relationship": "Outer", "Join Type": "Inner", "Startup Cost": 5982.08, "Total Cost": 76019.18, "Plan Rows": 1, "Plan Width": 33, "Inner Unique": true, "Plans": [{"Node Type": "Nested Loop", "Parent Relationship": "Outer", "Join Type": "Inner", "Startup Cost": 5982.08, "Total Cost": 76018.9, "Plan Rows": 1, "Plan Width": 37, "Inner Unique": true, "Plans": [{"Node Type": "Nested Loop", "Parent Relationship": "Outer", "Join Type": "Inner", "Startup Cost": 5982.08, "Total Cost": 76018.31, "Plan Rows": 1, "Plan Width": 45, "Inner Unique": false, "Plans": [{"Node Type": "Nested Loop", "Parent Relationship": "Outer", "Join Type": "Inner", "Startup Cost": 5982.08, "Total Cost": 76017.46, "Plan Rows": 1, "Plan Width": 25, "Inner Unique": false, "Join Filter": "(t.id = ci.movie_id)", "Plans": [{"Node Type": "Nested Loop", "Parent Relationship": "Outer", "Join Type": "Inner", "Startup Cost": 5982.08, "Total Cost": 75961.68, "Plan Rows": 2, "Plan Width": 25, "Inner Unique": true, "Plans": [{"Node Type": "Hash Join", "Parent Relationship": "Outer", "Join Type": "Inner", "Startup Cost": 5982.08, "Total Cost": 73899.45, "Plan Rows": 262, "Plan Width": 4, "Inner Unique": true, "Hash Cond": "(mc.company_id = cn.id)", "Plans": [{"Node Type": "Seq Scan", "Parent Relationship": "Outer", "Relation Name": "movie_companies", "Alias": "mc", "Startup Cost": 0.0, "Total Cost": 67908.56, "Plan Rows": 1652, "Plan Width": 8, "Filter": "(((note)::text ~~ '%(Japan)%'::text) AND ((note)::text !~~ '%(USA)%'::text) AND (((note)::text ~~ '%(2006)%'::text) OR ((note)::text ~~ '%(2007)%'::text)))"}, {"Node Type": "Hash", "Parent Relationship": "Inner", "Startup Cost": 5903.45, "Total Cost": 5903.45, "Plan Rows": 6290, "Plan Width": 4, "Plans": [{"Node Type": "Seq Scan", "Parent Relationship": "Outer", "Relation Name": "company_name", "Alias": "cn", "Startup Cost": 0.0, "Total Cost": 5903.45, "Plan Rows": 6290, "Plan Width": 4, "Filter": "((country_code)::text = '[jp]'::text)"}]}]}, {"Node Type": "Index Scan", "Parent Relationship": "Inner", "Scan Direction": "Forward", "Index Name": "title_pkey", "Relation Name": "title", "Alias": "t", "Startup Cost": 0.0, "Total Cost": 7.86, "Plan Rows": 1, "Plan Width": 21, "Index Cond": "(id = mc.movie_id)", "Filter": "((production_year >= 2006) AND (production_year <= 2007) AND (((title)::text ~~ 'One Piece%'::text) OR ((title)::text ~~ 'Dragon Ball Z%'::text)))"}]}, {"Node Type": "Index Scan", "Parent Relationship": "Inner", "Scan Direction": "Forward", "Index Name": "movie_id_cast_info", "Relation Name": "cast_info", "Alias": "ci", "Startup Cost": 0.0, "Total Cost": 27.88, "Plan Rows": 1, "Plan Width": 12, "Index Cond": "(movie_id = mc.movie_id)", "Filter": "((note)::text = '(voice: English version)'::text)"}]}, {"Node Type": "Index Scan", "Parent Relationship": "Inner", "Scan Direction": "Forward", "Index Name": "person_id_aka_name", "Relation Name": "aka_name", "Alias": "an", "Startup Cost": 0.0, "Total Cost": 0.84, "Plan Rows": 1, "Plan Width": 20, "Index Cond": "(person_id = ci.person_id)"}]}, {"Node Type": "Index Scan", "Parent Relationship": "Inner", "Scan Direction": "Forward", "Index Name": "name_pkey", "Relation Name": "name", "Alias": "n", "Startup Cost": 0.0, "Total Cost": 0.57, "Plan Rows": 1, "Plan Width": 4, "Index Cond": "(id = an.person_id)", "Filter": "(((name)::text ~~ '%Yo%'::text) AND ((name)::text !~~ '%Yu%'::text))"}]}, {"Node Type": "Index Scan", "Parent Relationship": "Inner", "Scan Direction": "Forward", "Index Name": "role_type_pkey", "Relation Name": "role_type", "Alias": "rt", "Startup Cost": 0.0, "Total Cost": 0.27, "Plan Rows": 1, "Plan Width": 4, "Index Cond": "(id = ci.role_id)", "Filter": "((role)::text = 'actress'::text)"}]}]}, "Unique SQL Id": 3956435728, "Planner Runtime": 8}, "explain_analyze_plan": {"Plan": {"Node Type": "Aggregate", "Strategy": "Plain", "Startup Cost": 76019.18, "Total Cost": 76019.19, "Plan Rows": 1, "Plan Width": 97, "Actual Startup Time": 1150.019, "Actual Total Time": 1150.02, "Actual Rows": 1, "Actual Loops": 1, "Plans": [{"Node Type": "Nested Loop", "Parent Relationship": "Outer", "Join Type": "Inner", "Startup Cost": 5982.08, "Total Cost": 76019.18, "Plan Rows": 1, "Plan Width": 33, "Actual Startup Time": 445.745, "Actual Total Time": 1149.979, "Actual Rows": 6, "Actual Loops": 1, "Inner Unique": true, "Plans": [{"Node Type": "Nested Loop", "Parent Relationship": "Outer", "Join Type": "Inner", "Startup Cost": 5982.08, "Total Cost": 76018.9, "Plan Rows": 1, "Plan Width": 37, "Actual Startup Time": 445.724, "Actual Total Time": 1149.932, "Actual Rows": 6, "Actual Loops": 1, "Inner Unique": true, "Plans": [{"Node Type": "Nested Loop", "Parent Relationship": "Outer", "Join Type": "Inner", "Startup Cost": 5982.08, "Total Cost": 76018.31, "Plan Rows": 1, "Plan Width": 45, "Actual Startup Time": 445.108, "Actual Total Time": 1148.889, "Actual Rows": 171, "Actual Loops": 1, "Inner Unique": false, "Plans": [{"Node Type": "Nested Loop", "Parent Relationship": "Outer", "Join Type": "Inner", "Startup Cost": 5982.08, "Total Cost": 76017.46, "Plan Rows": 1, "Plan Width": 25, "Actual Startup Time": 445.082, "Actual Total Time": 1148.012, "Actual Rows": 104, "Actual Loops": 1, "Inner Unique": false, "Join Filter": "(t.id = ci.movie_id)", "Rows Removed by Join Filter": 0, "Plans": [{"Node Type": "Nested Loop", "Parent Relationship": "Outer", "Join Type": "Inner", "Startup Cost": 5982.08, "Total Cost": 75961.68, "Plan Rows": 2, "Plan Width": 25, "Actual Startup Time": 445.02, "Actual Total Time": 1147.431, "Actual Rows": 4, "Actual Loops": 1, "Inner Unique": true, "Plans": [{"Node Type": "Hash Join", "Parent Relationship": "Outer", "Join Type": "Inner", "Startup Cost": 5982.08, "Total Cost": 73899.45, "Plan Rows": 262, "Plan Width": 4, "Actual Startup Time": 89.577, "Actual Total Time": 1092.318, "Actual Rows": 8495, "Actual Loops": 1, "Inner Unique": true, "Hash Cond": "(mc.company_id = cn.id)", "Plans": [{"Node Type": "Seq Scan", "Parent Relationship": "Outer", "Relation Name": "movie_companies", "Alias": "mc", "Startup Cost": 0.0, "Total Cost": 67908.56, "Plan Rows": 1652, "Plan Width": 8, "Actual Startup Time": 0.283, "Actual Total Time": 997.739, "Actual Rows": 8569, "Actual Loops": 1, "Filter": "(((note)::text ~~ '%(Japan)%'::text) AND ((note)::text !~~ '%(USA)%'::text) AND (((note)::text ~~ '%(2006)%'::text) OR ((note)::text ~~ '%(2007)%'::text)))", "Rows Removed by Filter": 2600559}, {"Node Type": "Hash", "Parent Relationship": "Inner", "Startup Cost": 5903.45, "Total Cost": 5903.45, "Plan Rows": 6290, "Plan Width": 4, "Actual Startup Time": 89.227, "Actual Total Time": 89.227, "Actual Rows": 6752, "Actual Loops": 1, "Hash Buckets": 32768, "Hash Batches": 1, "Original Hash Batches": 1, "Peak Memory Usage": 238, "Plans": [{"Node Type": "Seq Scan", "Parent Relationship": "Outer", "Relation Name": "company_name", "Alias": "cn", "Startup Cost": 0.0, "Total Cost": 5903.45, "Plan Rows": 6290, "Plan Width": 4, "Actual Startup Time": 0.03, "Actual Total Time": 86.954, "Actual Rows": 6752, "Actual Loops": 1, "Filter": "((country_code)::text = '[jp]'::text)", "Rows Removed by Filter": 228244}]}]}, {"Node Type": "Index Scan", "Parent Relationship": "Inner", "Scan Direction": "Forward", "Index Name": "title_pkey", "Relation Name": "title", "Alias": "t", "Startup Cost": 0.0, "Total Cost": 7.86, "Plan Rows": 1, "Plan Width": 21, "Actual Startup Time": 50.564, "Actual Total Time": 50.564, "Actual Rows": 4, "Actual Loops": 8495, "Index Cond": "(id = mc.movie_id)", "Rows Removed by Index Recheck": 0, "Filter": "((production_year >= 2006) AND (production_year <= 2007) AND (((title)::text ~~ 'One Piece%'::text) OR ((title)::text ~~ 'Dragon Ball Z%'::text)))", "Rows Removed by Filter": 8491}]}, {"Node Type": "Index Scan", "Parent Relationship": "Inner", "Scan Direction": "Forward", "Index Name": "movie_id_cast_info", "Relation Name": "cast_info", "Alias": "ci", "Startup Cost": 0.0, "Total Cost": 27.88, "Plan Rows": 1, "Plan Width": 12, "Actual Startup Time": 0.171, "Actual Total Time": 0.512, "Actual Rows": 104, "Actual Loops": 4, "Index Cond": "(movie_id = mc.movie_id)", "Rows Removed by Index Recheck": 0, "Filter": "((note)::text = '(voice: English version)'::text)", "Rows Removed by Filter": 68}]}, {"Node Type": "Index Scan", "Parent Relationship": "Inner", "Scan Direction": "Forward", "Index Name": "person_id_aka_name", "Relation Name": "aka_name", "Alias": "an", "Startup Cost": 0.0, "Total Cost": 0.84, "Plan Rows": 1, "Plan Width": 20, "Actual Startup Time": 0.648, "Actual Total Time": 0.763, "Actual Rows": 171, "Actual Loops": 104, "Index Cond": "(person_id = ci.person_id)", "Rows Removed by Index Recheck": 0}]}, {"Node Type": "Index Scan", "Parent Relationship": "Inner", "Scan Direction": "Forward", "Index Name": "name_pkey", "Relation Name": "name", "Alias": "n", "Startup Cost": 0.0, "Total Cost": 0.57, "Plan Rows": 1, "Plan Width": 4, "Actual Startup Time": 0.944, "Actual Total Time": 0.944, "Actual Rows": 6, "Actual Loops": 171, "Index Cond": "(id = an.person_id)", "Rows Removed by Index Recheck": 0, "Filter": "(((name)::text ~~ '%Yo%'::text) AND ((name)::text !~~ '%Yu%'::text))", "Rows Removed by Filter": 165}]}, {"Node Type": "Index Scan", "Parent Relationship": "Inner", "Scan Direction": "Forward", "Index Name": "role_type_pkey", "Relation Name": "role_type", "Alias": "rt", "Startup Cost": 0.0, "Total Cost": 0.27, "Plan Rows": 1, "Plan Width": 4, "Actual Startup Time": 0.031, "Actual Total Time": 0.031, "Actual Rows": 6, "Actual Loops": 6, "Index Cond": "(id = ci.role_id)", "Rows Removed by Index Recheck": 0, "Filter": "((role)::text = 'actress'::text)", "Rows Removed by Filter": 0}]}]}, "Triggers": [], "Planner Runtime": 21.278, "Total Runtime": 1150.324, "Unique SQL Id": 3956435728}}, "(1, '105')": {"explain_plan": {"Plan": {"Node Type": "Aggregate", "Strategy": "Plain", "Startup Cost": 84111.26, "Total Cost": 84111.27, "Plan Rows": 1, "Plan Width": 97, "Plans": [{"Node Type": "Nested Loop", "Parent Relationship": "Outer", "Join Type": "Inner", "Startup Cost": 0.0, "Total Cost": 84111.26, "Plan Rows": 1, "Plan Width": 33, "Inner Unique": true, "Plans": [{"Node Type": "Nested Loop", "Parent Relationship": "Outer", "Join Type": "Inner", "Startup Cost": 0.0, "Total Cost": 84110.97, "Plan Rows": 1, "Plan Width": 37, "Inner Unique": true, "Plans": [{"Node Type": "Nested Loop", "Parent Relationship": "Outer", "Join Type": "Inner", "Startup Cost": 0.0, "Total Cost": 84110.39, "Plan Rows": 1, "Plan Width": 45, "Inner Unique": false, "Plans": [{"Node Type": "Nested Loop", "Parent Relationship": "Outer", "Join Type": "Inner", "Startup Cost": 0.0, "Total Cost": 84109.54, "Plan Rows": 1, "Plan Width": 25, "Inner Unique": false, "Join Filter": "(t.id = ci.movie_id)", "Plans": [{"Node Type": "Nested Loop", "Parent Relationship": "Outer", "Join Type": "Inner", "Startup Cost": 0.0, "Total Cost": 84053.76, "Plan Rows": 2, "Plan Width": 25, "Inner Unique": true, "Plans": [{"Node Type": "Nested Loop", "Parent Relationship": "Outer", "Join Type": "Inner", "Startup Cost": 0.0, "Total Cost": 81991.53, "Plan Rows": 262, "Plan Width": 4, "Inner Unique": false, "Plans": [{"Node Type": "Index Scan", "Parent Relationship": "Outer", "Scan Direction": "Forward", "Index Name": "company_name_pkey", "Relation Name": "company_name", "Alias": "cn", "Startup Cost": 0.0, "Total Cost": 10501.39, "Plan Rows": 6290, "Plan Width": 4, "Filter": "((country_code)::text = '[jp]'::text)"}, {"Node Type": "Index Scan", "Parent Relationship": "Inner", "Scan Direction": "Forward", "Index Name": "company_id_movie_companies", "Relation Name": "movie_companies", "Alias": "mc", "Startup Cost": 0.0, "Total Cost": 11.36, "Plan Rows": 1, "Plan Width": 8, "Index Cond": "(company_id = cn.id)", "Filter": "(((note)::text ~~ '%(Japan)%'::text) AND ((note)::text !~~ '%(USA)%'::text) AND (((note)::text ~~ '%(2006)%'::text) OR ((note)::text ~~ '%(2007)%'::text)))"}]}, {"Node Type": "Index Scan", "Parent Relationship": "Inner", "Scan Direction": "Forward", "Index Name": "title_pkey", "Relation Name": "title", "Alias": "t", "Startup Cost": 0.0, "Total Cost": 7.86, "Plan Rows": 1, "Plan Width": 21, "Index Cond": "(id = mc.movie_id)", "Filter": "((production_year >= 2006) AND (production_year <= 2007) AND (((title)::text ~~ 'One Piece%'::text) OR ((title)::text ~~ 'Dragon Ball Z%'::text)))"}]}, {"Node Type": "Index Scan", "Parent Relationship": "Inner", "Scan Direction": "Forward", "Index Name": "movie_id_cast_info", "Relation Name": "cast_info", "Alias": "ci", "Startup Cost": 0.0, "Total Cost": 27.88, "Plan Rows": 1, "Plan Width": 12, "Index Cond": "(movie_id = mc.movie_id)", "Filter": "((note)::text = '(voice: English version)'::text)"}]}, {"Node Type": "Index Scan", "Parent Relationship": "Inner", "Scan Direction": "Forward", "Index Name": "person_id_aka_name", "Relation Name": "aka_name", "Alias": "an", "Startup Cost": 0.0, "Total Cost": 0.84, "Plan Rows": 1, "Plan Width": 20, "Index Cond": "(person_id = ci.person_id)"}]}, {"Node Type": "Index Scan", "Parent Relationship": "Inner", "Scan Direction": "Forward", "Index Name": "name_pkey", "Relation Name": "name", "Alias": "n", "Startup Cost": 0.0, "Total Cost": 0.57, "Plan Rows": 1, "Plan Width": 4, "Index Cond": "(id = an.person_id)", "Filter": "(((name)::text ~~ '%Yo%'::text) AND ((name)::text !~~ '%Yu%'::text))"}]}, {"Node Type": "Index Scan", "Parent Relationship": "Inner", "Scan Direction": "Forward", "Index Name": "role_type_pkey", "Relation Name": "role_type", "Alias": "rt", "Startup Cost": 0.0, "Total Cost": 0.27, "Plan Rows": 1, "Plan Width": 4, "Index Cond": "(id = ci.role_id)", "Filter": "((role)::text = 'actress'::text)"}]}]}, "Unique SQL Id": 3956435728, "Planner Runtime": 7}, "explain_analyze_plan": {"Plan": {"Node Type": "Aggregate", "Strategy": "Plain", "Startup Cost": 84111.26, "Total Cost": 84111.27, "Plan Rows": 1, "Plan Width": 97, "Actual Startup Time": 581.73, "Actual Total Time": 581.73, "Actual Rows": 1, "Actual Loops": 1, "Plans": [{"Node Type": "Nested Loop", "Parent Relationship": "Outer", "Join Type": "Inner", "Startup Cost": 0.0, "Total Cost": 84111.26, "Plan Rows": 1, "Plan Width": 33, "Actual Startup Time": 54.321, "Actual Total Time": 581.694, "Actual Rows": 6, "Actual Loops": 1, "Inner Unique": true, "Plans": [{"Node Type": "Nested Loop", "Parent Relationship": "Outer", "Join Type": "Inner", "Startup Cost": 0.0, "Total Cost": 84110.97, "Plan Rows": 1, "Plan Width": 37, "Actual Startup Time": 54.312, "Actual Total Time": 581.658, "Actual Rows": 6, "Actual Loops": 1, "Inner Unique": true, "Plans": [{"Node Type": "Nested Loop", "Parent Relationship": "Outer", "Join Type": "Inner", "Startup Cost": 0.0, "Total Cost": 84110.39, "Plan Rows": 1, "Plan Width": 45, "Actual Startup Time": 53.198, "Actual Total Time": 580.628, "Actual Rows": 171, "Actual Loops": 1, "Inner Unique": false, "Plans": [{"Node Type": "Nested Loop", "Parent Relationship": "Outer", "Join Type": "Inner", "Startup Cost": 0.0, "Total Cost": 84109.54, "Plan Rows": 1, "Plan Width": 25, "Actual Startup Time": 53.177, "Actual Total Time": 579.772, "Actual Rows": 104, "Actual Loops": 1, "Inner Unique": false, "Join Filter": "(t.id = ci.movie_id)", "Rows Removed by Join Filter": 0, "Plans": [{"Node Type": "Nested Loop", "Parent Relationship": "Outer", "Join Type": "Inner", "Startup Cost": 0.0, "Total Cost": 84053.76, "Plan Rows": 2, "Plan Width": 25, "Actual Startup Time": 53.042, "Actual Total Time": 579.227, "Actual Rows": 4, "Actual Loops": 1, "Inner Unique": true, "Plans": [{"Node Type": "Nested Loop", "Parent Relationship": "Outer", "Join Type": "Inner", "Startup Cost": 0.0, "Total Cost": 81991.53, "Plan Rows": 262, "Plan Width": 4, "Actual Startup Time": 0.312, "Actual Total Time": 518.839, "Actual Rows": 8495, "Actual Loops": 1, "Inner Unique": false, "Plans": [{"Node Type": "Index Scan", "Parent Relationship": "Outer", "Scan Direction": "Forward", "Index Name": "company_name_pkey", "Relation Name": "company_name", "Alias": "cn", "Startup Cost": 0.0, "Total Cost": 10501.39, "Plan Rows": 6290, "Plan Width": 4, "Actual Startup Time": 0.264, "Actual Total Time": 291.012, "Actual Rows": 6752, "Actual Loops": 1, "Filter": "((country_code)::text = '[jp]'::text)", "Rows Removed by Filter": 228244}, {"Node Type": "Index Scan", "Parent Relationship": "Inner", "Scan Direction": "Forward", "Index Name": "company_id_movie_companies", "Relation Name": "movie_companies", "Alias": "mc", "Startup Cost": 0.0, "Total Cost": 11.36, "Plan Rows": 1, "Plan Width": 8, "Actual Startup Time": 100.149, "Actual Total Time": 221.814, "Actual Rows": 8495, "Actual Loops": 6752, "Index Cond": "(company_id = cn.id)", "Rows Removed by Index Recheck": 0, "Filter": "(((note)::text ~~ '%(Japan)%'::text) AND ((note)::text !~~ '%(USA)%'::text) AND (((note)::text ~~ '%(2006)%'::text) OR ((note)::text ~~ '%(2007)%'::text)))", "Rows Removed by Filter": 96500}]}, {"Node Type": "Index Scan", "Parent Relationship": "Inner", "Scan Direction": "Forward", "Index Name": "title_pkey", "Relation Name": "title", "Alias": "t", "Startup Cost": 0.0, "Total Cost": 7.86, "Plan Rows": 1, "Plan Width": 21, "Actual Startup Time": 55.844, "Actual Total Time": 55.844, "Actual Rows": 4, "Actual Loops": 8495, "Index Cond": "(id = mc.movie_id)", "Rows Removed by Index Recheck": 0, "Filter": "((production_year >= 2006) AND (production_year <= 2007) AND (((title)::text ~~ 'One Piece%'::text) OR ((title)::text ~~ 'Dragon Ball Z%'::text)))", "Rows Removed by Filter": 8491}]}, {"Node Type": "Index Scan", "Parent Relationship": "Inner", "Scan Direction": "Forward", "Index Name": "movie_id_cast_info", "Relation Name": "cast_info", "Alias": "ci", "Startup Cost": 0.0, "Total Cost": 27.88, "Plan Rows": 1, "Plan Width": 12, "Actual Startup Time": 0.155, "Actual Total Time": 0.487, "Actual Rows": 104, "Actual Loops": 4, "Index Cond": "(movie_id = mc.movie_id)", "Rows Removed by Index Recheck": 0, "Filter": "((note)::text = '(voice: English version)'::text)", "Rows Removed by Filter": 68}]}, {"Node Type": "Index Scan", "Parent Relationship": "Inner", "Scan Direction": "Forward", "Index Name": "person_id_aka_name", "Relation Name": "aka_name", "Alias": "an", "Startup Cost": 0.0, "Total Cost": 0.84, "Plan Rows": 1, "Plan Width": 20, "Actual Startup Time": 0.629, "Actual Total Time": 0.74, "Actual Rows": 171, "Actual Loops": 104, "Index Cond": "(person_id = ci.person_id)", "Rows Removed by Index Recheck": 0}]}, {"Node Type": "Index Scan", "Parent Relationship": "Inner", "Scan Direction": "Forward", "Index Name": "name_pkey", "Relation Name": "name", "Alias": "n", "Startup Cost": 0.0, "Total Cost": 0.57, "Plan Rows": 1, "Plan Width": 4, "Actual Startup Time": 0.94, "Actual Total Time": 0.94, "Actual Rows": 6, "Actual Loops": 171, "Index Cond": "(id = an.person_id)", "Rows Removed by Index Recheck": 0, "Filter": "(((name)::text ~~ '%Yo%'::text) AND ((name)::text !~~ '%Yu%'::text))", "Rows Removed by Filter": 165}]}, {"Node Type": "Index Scan", "Parent Relationship": "Inner", "Scan Direction": "Forward", "Index Name": "role_type_pkey", "Relation Name": "role_type", "Alias": "rt", "Startup Cost": 0.0, "Total Cost": 0.27, "Plan Rows": 1, "Plan Width": 4, "Actual Startup Time": 0.022, "Actual Total Time": 0.022, "Actual Rows": 6, "Actual Loops": 6, "Index Cond": "(id = ci.role_id)", "Rows Removed by Index Recheck": 0, "Filter": "((role)::text = 'actress'::text)", "Rows Removed by Filter": 0}]}]}, "Triggers": [], "Planner Runtime": 25.043, "Total Runtime": 582.138, "Unique SQL Id": 3956435728}}, "(1, '106')": {"explain_plan": {"Plan": {"Node Type": "Aggregate", "Strategy": "Plain", "Startup Cost": 989798.35, "Total Cost": 989798.36, "Plan Rows": 1, "Plan Width": 97, "Plans": [{"Node Type": "Hash Join", "Parent Relationship": "Outer", "Join Type": "Inner", "Startup Cost": 297002.13, "Total Cost": 989798.35, "Plan Rows": 1, "Plan Width": 33, "Inner Unique": false, "Hash Cond": "(ci.movie_id = mc.movie_id)", "Plans": [{"Node Type": "Hash Join", "Parent Relationship": "Outer", "Join Type": "Inner", "Startup Cost": 223099.4, "Total Cost": 915895.27, "Plan Rows": 8, "Plan Width": 41, "Inner Unique": false, "Hash Cond": "(ci.person_id = an.person_id)", "Plans": [{"Node Type": "Hash Join", "Parent Relationship": "Outer", "Join Type": "Inner", "Startup Cost": 85353.92, "Total Cost": 778148.94, "Plan Rows": 43, "Plan Width": 29, "Inner Unique": true, "Hash Cond": "(ci.role_id = rt.id)", "Plans": [{"Node Type": "Hash Join", "Parent Relationship": "Outer", "Join Type": "Inner", "Startup Cost": 85352.76, "Total Cost": 778147.58, "Plan Rows": 43, "Plan Width": 33, "Inner Unique": true, "Hash Cond": "(ci.movie_id = t.id)", "Plans": [{"Node Type": "Seq Scan", "Parent Relationship": "Outer", "Relation Name": "cast_info", "Alias": "ci", "Startup Cost": 0.0, "Total Cost": 692526.68, "Plan Rows": 96692, "Plan Width": 12, "Filter": "((note)::text = '(voice: English version)'::text)"}, {"Node Type": "Hash", "Parent Relationship": "Inner", "Startup Cost": 85352.22, "Total Cost": 85352.22, "Plan Rows": 43, "Plan Width": 21, "Plans": [{"Node Type": "Seq Scan", "Parent Relationship": "Outer", "Relation Name": "title", "Alias": "t", "Startup Cost": 4536.65, "Total Cost": 85352.22, "Plan Rows": 43, "Plan Width": 21, "Filter": "((production_year >= 2006) AND (production_year <= 2007) AND (((title)::text ~~ 'One Piece%'::text) OR ((title)::text ~~ 'Dragon Ball Z%'::text)))"}]}]}, {"Node Type": "Hash", "Parent Relationship": "Inner", "Startup Cost": 1.15, "Total Cost": 1.15, "Plan Rows": 1, "Plan Width": 4, "Plans": [{"Node Type": "Seq Scan", "Parent Relationship": "Outer", "Relation Name": "role_type", "Alias": "rt", "Startup Cost": 0.0, "Total Cost": 1.15, "Plan Rows": 1, "Plan Width": 4, "Filter": "((role)::text = 'actress'::text)"}]}]}, {"Node Type": "Hash", "Parent Relationship": "Inner", "Startup Cost": 137537.65, "Total Cost": 137537.65, "Plan Rows": 16627, "Plan Width": 24, "Plans": [{"Node Type": "Hash Join", "Parent Relationship": "Outer", "Join Type": "Inner", "Startup Cost": 114082.93, "Total Cost": 137537.65, "Plan Rows": 16627, "Plan Width": 24, "Inner Unique": true, "Hash Cond": "(an.person_id = n.id)", "Plans": [{"Node Type": "Seq Scan", "Parent Relationship": "Outer", "Relation Name": "aka_name", "Alias": "an", "Startup Cost": 0.0, "Total Cost": 19908.42, "Plan Rows": 901342, "Plan Width": 20}, {"Node Type": "Hash", "Parent Relationship": "Inner", "Startup Cost": 113909.35, "Total Cost": 113909.35, "Plan Rows": 13886, "Plan Width": 4, "Plans": [{"Node Type": "Seq Scan", "Parent Relationship": "Outer", "Relation Name": "name", "Alias": "n", "Startup Cost": 0.0, "Total Cost": 113909.35, "Plan Rows": 13886, "Plan Width": 4, "Filter": "(((name)::text ~~ '%Yo%'::text) AND ((name)::text !~~ '%Yu%'::text))"}]}]}]}]}, {"Node Type": "Hash", "Parent Relationship": "Inner", "Startup Cost": 73899.45, "Total Cost": 73899.45, "Plan Rows": 262, "Plan Width": 4, "Plans": [{"Node Type": "Hash Join", "Parent Relationship": "Outer", "Join Type": "Inner", "Startup Cost": 5982.08, "Total Cost": 73899.45, "Plan Rows": 262, "Plan Width": 4, "Inner Unique": true, "Hash Cond": "(mc.company_id = cn.id)", "Plans": [{"Node Type": "Seq Scan", "Parent Relationship": "Outer", "Relation Name": "movie_companies", "Alias": "mc", "Startup Cost": 0.0, "Total Cost": 67908.56, "Plan Rows": 1652, "Plan Width": 8, "Filter": "(((note)::text ~~ '%(Japan)%'::text) AND ((note)::text !~~ '%(USA)%'::text) AND (((note)::text ~~ '%(2006)%'::text) OR ((note)::text ~~ '%(2007)%'::text)))"}, {"Node Type": "Hash", "Parent Relationship": "Inner", "Startup Cost": 5903.45, "Total Cost": 5903.45, "Plan Rows": 6290, "Plan Width": 4, "Plans": [{"Node Type": "Seq Scan", "Parent Relationship": "Outer", "Relation Name": "company_name", "Alias": "cn", "Startup Cost": 0.0, "Total Cost": 5903.45, "Plan Rows": 6290, "Plan Width": 4, "Filter": "((country_code)::text = '[jp]'::text)"}]}]}]}]}]}, "Unique SQL Id": 3956435728, "Planner Runtime": 38}, "explain_analyze_plan": null}, "(1, '107')": {"explain_plan": {"Plan": {"Node Type": "Aggregate", "Strategy": "Plain", "Startup Cost": 7000043187148.33, "Total Cost": 7000043187148.34, "Plan Rows": 1, "Plan Width": 97, "Plans": [{"Node Type": "Nested Loop", "Parent Relationship": "Outer", "Join Type": "Inner", "Startup Cost": 2050028516859.08, "Total Cost": 7000043187148.33, "Plan Rows": 1, "Plan Width": 33, "Inner Unique": true, "Plans": [{"Node Type": "Nested Loop", "Parent Relationship": "Outer", "Join Type": "Inner", "Startup Cost": 2040028516859.08, "Total Cost": 6000043187091.1, "Plan Rows": 1, "Plan Width": 41, "Inner Unique": true, "Plans": [{"Node Type": "Nested Loop", "Parent Relationship": "Outer", "Join Type": "Inner", "Startup Cost": 2030028516859.08, "Total Cost": 5000043186653.67, "Plan Rows": 1, "Plan Width": 45, "Inner Unique": false, "Plans": [{"Node Type": "Hash Join", "Parent Relationship": "Outer", "Join Type": "Inner", "Startup Cost": 2020028516859.08, "Total Cost": 4000043186569.28, "Plan Rows": 1, "Plan Width": 25, "Inner Unique": false, "Hash Cond": "(ci.movie_id = mc.movie_id)", "Plans": [{"Node Type": "Hash Join", "Parent Relationship": "Outer", "Join Type": "Inner", "Startup Cost": 1020013540360.45, "Total Cost": 3000028210059.62, "Plan Rows": 43, "Plan Width": 29, "Inner Unique": true, "Hash Cond": "(ci.movie_id = t.id)", "Plans": [{"Node Type": "Nested Loop", "Parent Relationship": "Outer", "Join Type": "Inner", "Startup Cost": 20000000000.0, "Total Cost": 2000014669674.4, "Plan Rows": 8790, "Plan Width": 8, "Inner Unique": false, "Plans": [{"Node Type": "Index Scan", "Parent Relationship": "Outer", "Scan Direction": "Forward", "Index Name": "role_type_pkey", "Relation Name": "role_type", "Alias": "rt", "Startup Cost": 10000000000.0, "Total Cost": 1000000001246.0, "Plan Rows": 1, "Plan Width": 4, "Filter": "((role)::text = 'actress'::text)"}, {"Node Type": "Index Scan", "Parent Relationship": "Inner", "Scan Direction": "Forward", "Index Name": "role_id_cast_info", "Relation Name": "cast_info", "Alias": "ci", "Startup Cost": 10000000000.0, "Total Cost": 1000014668340.5, "Plan Rows": 8790, "Plan Width": 12, "Index Cond": "(role_id = rt.id)", "Filter": "((note)::text = '(voice: English version)'::text)"}]}, {"Node Type": "Hash", "Parent Relationship": "Inner", "Startup Cost": 1000013540359.91, "Total Cost": 1000013540359.91, "Plan Rows": 43, "Plan Width": 21, "Plans": [{"Node Type": "Index Scan", "Parent Relationship": "Outer", "Scan Direction": "Forward", "Index Name": "title_pkey", "Relation Name": "title", "Alias": "t", "Startup Cost": 10000000000.0, "Total Cost": 1000013540359.91, "Plan Rows": 43, "Plan Width": 21, "Filter": "((production_year >= 2006) AND (production_year <= 2007) AND (((title)::text ~~ 'One Piece%'::text) OR ((title)::text ~~ 'Dragon Ball Z%'::text)))"}]}]}, {"Node Type": "Hash", "Parent Relationship": "Inner", "Startup Cost": 1000014976477.98, "Total Cost": 1000014976477.98, "Plan Rows": 1652, "Plan Width": 8, "Plans": [{"Node Type": "Index Scan", "Parent Relationship": "Outer", "Scan Direction": "Forward", "Index Name": "company_id_movie_companies", "Relation Name": "movie_companies", "Alias": "mc", "Startup Cost": 10000000000.0, "Total Cost": 1000014976477.98, "Plan Rows": 1652, "Plan Width": 8, "Filter": "(((note)::text ~~ '%(Japan)%'::text) AND ((note)::text !~~ '%(USA)%'::text) AND (((note)::text ~~ '%(2006)%'::text) OR ((note)::text ~~ '%(2007)%'::text)))"}]}]}, {"Node Type": "Index Scan", "Parent Relationship": "Inner", "Scan Direction": "Forward", "Index Name": "person_id_aka_name", "Relation Name": "aka_name", "Alias": "an", "Startup Cost": 10000000000.0, "Total Cost": 1000000000084.38, "Plan Rows": 1, "Plan Width": 20, "Index Cond": "(person_id = ci.person_id)"}]}, {"Node Type": "Index Scan", "Parent Relationship": "Inner", "Scan Direction": "Forward", "Index Name": "company_name_pkey", "Relation Name": "company_name", "Alias": "cn", "Startup Cost": 10000000000.0, "Total Cost": 1000000000437.42, "Plan Rows": 1, "Plan Width": 4, "Index Cond": "(id = mc.company_id)", "Filter": "((country_code)::text = '[jp]'::text)"}]}, {"Node Type": "Index Scan", "Parent Relationship": "Inner", "Scan Direction": "Forward", "Index Name": "name_pkey", "Relation Name": "name", "Alias": "n", "Startup Cost": 10000000000.0, "Total Cost": 1000000000057.22, "Plan Rows": 1, "Plan Width": 4, "Index Cond": "(id = an.person_id)", "Filter": "(((name)::text ~~ '%Yo%'::text) AND ((name)::text !~~ '%Yu%'::text))"}]}]}, "Unique SQL Id": 3956435728, "Planner Runtime": 29}, "explain_analyze_plan": null}, "(1, '108')": {"explain_plan": {"Plan": {"Node Type": "Aggregate", "Strategy": "Plain", "Startup Cost": 76019.18, "Total Cost": 76019.19, "Plan Rows": 1, "Plan Width": 97, "Plans": [{"Node Type": "Nested Loop", "Parent Relationship": "Outer", "Join Type": "Inner", "Startup Cost": 5982.08, "Total Cost": 76019.18, "Plan Rows": 1, "Plan Width": 33, "Inner Unique": true, "Plans": [{"Node Type": "Nested Loop", "Parent Relationship": "Outer", "Join Type": "Inner", "Startup Cost": 5982.08, "Total Cost": 76018.9, "Plan Rows": 1, "Plan Width": 37, "Inner Unique": true, "Plans": [{"Node Type": "Nested Loop", "Parent Relationship": "Outer", "Join Type": "Inner", "Startup Cost": 5982.08, "Total Cost": 76018.31, "Plan Rows": 1, "Plan Width": 45, "Inner Unique": false, "Plans": [{"Node Type": "Nested Loop", "Parent Relationship": "Outer", "Join Type": "Inner", "Startup Cost": 5982.08, "Total Cost": 76017.46, "Plan Rows": 1, "Plan Width": 25, "Inner Unique": false, "Join Filter": "(t.id = ci.movie_id)", "Plans": [{"Node Type": "Nested Loop", "Parent Relationship": "Outer", "Join Type": "Inner", "Startup Cost": 5982.08, "Total Cost": 75961.68, "Plan Rows": 2, "Plan Width": 25, "Inner Unique": true, "Plans": [{"Node Type": "Hash Join", "Parent Relationship": "Outer", "Join Type": "Inner", "Startup Cost": 5982.08, "Total Cost": 73899.45, "Plan Rows": 262, "Plan Width": 4, "Inner Unique": true, "Hash Cond": "(mc.company_id = cn.id)", "Plans": [{"Node Type": "Seq Scan", "Parent Relationship": "Outer", "Relation Name": "movie_companies", "Alias": "mc", "Startup Cost": 0.0, "Total Cost": 67908.56, "Plan Rows": 1652, "Plan Width": 8, "Filter": "(((note)::text ~~ '%(Japan)%'::text) AND ((note)::text !~~ '%(USA)%'::text) AND (((note)::text ~~ '%(2006)%'::text) OR ((note)::text ~~ '%(2007)%'::text)))"}, {"Node Type": "Hash", "Parent Relationship": "Inner", "Startup Cost": 5903.45, "Total Cost": 5903.45, "Plan Rows": 6290, "Plan Width": 4, "Plans": [{"Node Type": "Seq Scan", "Parent Relationship": "Outer", "Relation Name": "company_name", "Alias": "cn", "Startup Cost": 0.0, "Total Cost": 5903.45, "Plan Rows": 6290, "Plan Width": 4, "Filter": "((country_code)::text = '[jp]'::text)"}]}]}, {"Node Type": "Index Scan", "Parent Relationship": "Inner", "Scan Direction": "Forward", "Index Name": "title_pkey", "Relation Name": "title", "Alias": "t", "Startup Cost": 0.0, "Total Cost": 7.86, "Plan Rows": 1, "Plan Width": 21, "Index Cond": "(id = mc.movie_id)", "Filter": "((production_year >= 2006) AND (production_year <= 2007) AND (((title)::text ~~ 'One Piece%'::text) OR ((title)::text ~~ 'Dragon Ball Z%'::text)))"}]}, {"Node Type": "Index Scan", "Parent Relationship": "Inner", "Scan Direction": "Forward", "Index Name": "movie_id_cast_info", "Relation Name": "cast_info", "Alias": "ci", "Startup Cost": 0.0, "Total Cost": 27.88, "Plan Rows": 1, "Plan Width": 12, "Index Cond": "(movie_id = mc.movie_id)", "Filter": "((note)::text = '(voice: English version)'::text)"}]}, {"Node Type": "Index Scan", "Parent Relationship": "Inner", "Scan Direction": "Forward", "Index Name": "person_id_aka_name", "Relation Name": "aka_name", "Alias": "an", "Startup Cost": 0.0, "Total Cost": 0.84, "Plan Rows": 1, "Plan Width": 20, "Index Cond": "(person_id = ci.person_id)"}]}, {"Node Type": "Index Scan", "Parent Relationship": "Inner", "Scan Direction": "Forward", "Index Name": "name_pkey", "Relation Name": "name", "Alias": "n", "Startup Cost": 0.0, "Total Cost": 0.57, "Plan Rows": 1, "Plan Width": 4, "Index Cond": "(id = an.person_id)", "Filter": "(((name)::text ~~ '%Yo%'::text) AND ((name)::text !~~ '%Yu%'::text))"}]}, {"Node Type": "Index Scan", "Parent Relationship": "Inner", "Scan Direction": "Forward", "Index Name": "role_type_pkey", "Relation Name": "role_type", "Alias": "rt", "Startup Cost": 0.0, "Total Cost": 0.27, "Plan Rows": 1, "Plan Width": 4, "Index Cond": "(id = ci.role_id)", "Filter": "((role)::text = 'actress'::text)"}]}]}, "Unique SQL Id": 3956435728, "Planner Runtime": 9}, "explain_analyze_plan": {"Plan": {"Node Type": "Aggregate", "Strategy": "Plain", "Startup Cost": 76019.18, "Total Cost": 76019.19, "Plan Rows": 1, "Plan Width": 97, "Actual Startup Time": 1150.019, "Actual Total Time": 1150.02, "Actual Rows": 1, "Actual Loops": 1, "Plans": [{"Node Type": "Nested Loop", "Parent Relationship": "Outer", "Join Type": "Inner", "Startup Cost": 5982.08, "Total Cost": 76019.18, "Plan Rows": 1, "Plan Width": 33, "Actual Startup Time": 445.745, "Actual Total Time": 1149.979, "Actual Rows": 6, "Actual Loops": 1, "Inner Unique": true, "Plans": [{"Node Type": "Nested Loop", "Parent Relationship": "Outer", "Join Type": "Inner", "Startup Cost": 5982.08, "Total Cost": 76018.9, "Plan Rows": 1, "Plan Width": 37, "Actual Startup Time": 445.724, "Actual Total Time": 1149.932, "Actual Rows": 6, "Actual Loops": 1, "Inner Unique": true, "Plans": [{"Node Type": "Nested Loop", "Parent Relationship": "Outer", "Join Type": "Inner", "Startup Cost": 5982.08, "Total Cost": 76018.31, "Plan Rows": 1, "Plan Width": 45, "Actual Startup Time": 445.108, "Actual Total Time": 1148.889, "Actual Rows": 171, "Actual Loops": 1, "Inner Unique": false, "Plans": [{"Node Type": "Nested Loop", "Parent Relationship": "Outer", "Join Type": "Inner", "Startup Cost": 5982.08, "Total Cost": 76017.46, "Plan Rows": 1, "Plan Width": 25, "Actual Startup Time": 445.082, "Actual Total Time": 1148.012, "Actual Rows": 104, "Actual Loops": 1, "Inner Unique": false, "Join Filter": "(t.id = ci.movie_id)", "Rows Removed by Join Filter": 0, "Plans": [{"Node Type": "Nested Loop", "Parent Relationship": "Outer", "Join Type": "Inner", "Startup Cost": 5982.08, "Total Cost": 75961.68, "Plan Rows": 2, "Plan Width": 25, "Actual Startup Time": 445.02, "Actual Total Time": 1147.431, "Actual Rows": 4, "Actual Loops": 1, "Inner Unique": true, "Plans": [{"Node Type": "Hash Join", "Parent Relationship": "Outer", "Join Type": "Inner", "Startup Cost": 5982.08, "Total Cost": 73899.45, "Plan Rows": 262, "Plan Width": 4, "Actual Startup Time": 89.577, "Actual Total Time": 1092.318, "Actual Rows": 8495, "Actual Loops": 1, "Inner Unique": true, "Hash Cond": "(mc.company_id = cn.id)", "Plans": [{"Node Type": "Seq Scan", "Parent Relationship": "Outer", "Relation Name": "movie_companies", "Alias": "mc", "Startup Cost": 0.0, "Total Cost": 67908.56, "Plan Rows": 1652, "Plan Width": 8, "Actual Startup Time": 0.283, "Actual Total Time": 997.739, "Actual Rows": 8569, "Actual Loops": 1, "Filter": "(((note)::text ~~ '%(Japan)%'::text) AND ((note)::text !~~ '%(USA)%'::text) AND (((note)::text ~~ '%(2006)%'::text) OR ((note)::text ~~ '%(2007)%'::text)))", "Rows Removed by Filter": 2600559}, {"Node Type": "Hash", "Parent Relationship": "Inner", "Startup Cost": 5903.45, "Total Cost": 5903.45, "Plan Rows": 6290, "Plan Width": 4, "Actual Startup Time": 89.227, "Actual Total Time": 89.227, "Actual Rows": 6752, "Actual Loops": 1, "Hash Buckets": 32768, "Hash Batches": 1, "Original Hash Batches": 1, "Peak Memory Usage": 238, "Plans": [{"Node Type": "Seq Scan", "Parent Relationship": "Outer", "Relation Name": "company_name", "Alias": "cn", "Startup Cost": 0.0, "Total Cost": 5903.45, "Plan Rows": 6290, "Plan Width": 4, "Actual Startup Time": 0.03, "Actual Total Time": 86.954, "Actual Rows": 6752, "Actual Loops": 1, "Filter": "((country_code)::text = '[jp]'::text)", "Rows Removed by Filter": 228244}]}]}, {"Node Type": "Index Scan", "Parent Relationship": "Inner", "Scan Direction": "Forward", "Index Name": "title_pkey", "Relation Name": "title", "Alias": "t", "Startup Cost": 0.0, "Total Cost": 7.86, "Plan Rows": 1, "Plan Width": 21, "Actual Startup Time": 50.564, "Actual Total Time": 50.564, "Actual Rows": 4, "Actual Loops": 8495, "Index Cond": "(id = mc.movie_id)", "Rows Removed by Index Recheck": 0, "Filter": "((production_year >= 2006) AND (production_year <= 2007) AND (((title)::text ~~ 'One Piece%'::text) OR ((title)::text ~~ 'Dragon Ball Z%'::text)))", "Rows Removed by Filter": 8491}]}, {"Node Type": "Index Scan", "Parent Relationship": "Inner", "Scan Direction": "Forward", "Index Name": "movie_id_cast_info", "Relation Name": "cast_info", "Alias": "ci", "Startup Cost": 0.0, "Total Cost": 27.88, "Plan Rows": 1, "Plan Width": 12, "Actual Startup Time": 0.171, "Actual Total Time": 0.512, "Actual Rows": 104, "Actual Loops": 4, "Index Cond": "(movie_id = mc.movie_id)", "Rows Removed by Index Recheck": 0, "Filter": "((note)::text = '(voice: English version)'::text)", "Rows Removed by Filter": 68}]}, {"Node Type": "Index Scan", "Parent Relationship": "Inner", "Scan Direction": "Forward", "Index Name": "person_id_aka_name", "Relation Name": "aka_name", "Alias": "an", "Startup Cost": 0.0, "Total Cost": 0.84, "Plan Rows": 1, "Plan Width": 20, "Actual Startup Time": 0.648, "Actual Total Time": 0.763, "Actual Rows": 171, "Actual Loops": 104, "Index Cond": "(person_id = ci.person_id)", "Rows Removed by Index Recheck": 0}]}, {"Node Type": "Index Scan", "Parent Relationship": "Inner", "Scan Direction": "Forward", "Index Name": "name_pkey", "Relation Name": "name", "Alias": "n", "Startup Cost": 0.0, "Total Cost": 0.57, "Plan Rows": 1, "Plan Width": 4, "Actual Startup Time": 0.944, "Actual Total Time": 0.944, "Actual Rows": 6, "Actual Loops": 171, "Index Cond": "(id = an.person_id)", "Rows Removed by Index Recheck": 0, "Filter": "(((name)::text ~~ '%Yo%'::text) AND ((name)::text !~~ '%Yu%'::text))", "Rows Removed by Filter": 165}]}, {"Node Type": "Index Scan", "Parent Relationship": "Inner", "Scan Direction": "Forward", "Index Name": "role_type_pkey", "Relation Name": "role_type", "Alias": "rt", "Startup Cost": 0.0, "Total Cost": 0.27, "Plan Rows": 1, "Plan Width": 4, "Actual Startup Time": 0.031, "Actual Total Time": 0.031, "Actual Rows": 6, "Actual Loops": 6, "Index Cond": "(id = ci.role_id)", "Rows Removed by Index Recheck": 0, "Filter": "((role)::text = 'actress'::text)", "Rows Removed by Filter": 0}]}]}, "Triggers": [], "Planner Runtime": 21.278, "Total Runtime": 1150.324, "Unique SQL Id": 3956435728}}, "(1, '109')": {"explain_plan": {"Plan": {"Node Type": "Aggregate", "Strategy": "Plain", "Startup Cost": 84111.26, "Total Cost": 84111.27, "Plan Rows": 1, "Plan Width": 97, "Plans": [{"Node Type": "Nested Loop", "Parent Relationship": "Outer", "Join Type": "Inner", "Startup Cost": 0.0, "Total Cost": 84111.26, "Plan Rows": 1, "Plan Width": 33, "Inner Unique": true, "Plans": [{"Node Type": "Nested Loop", "Parent Relationship": "Outer", "Join Type": "Inner", "Startup Cost": 0.0, "Total Cost": 84110.97, "Plan Rows": 1, "Plan Width": 37, "Inner Unique": true, "Plans": [{"Node Type": "Nested Loop", "Parent Relationship": "Outer", "Join Type": "Inner", "Startup Cost": 0.0, "Total Cost": 84110.39, "Plan Rows": 1, "Plan Width": 45, "Inner Unique": false, "Plans": [{"Node Type": "Nested Loop", "Parent Relationship": "Outer", "Join Type": "Inner", "Startup Cost": 0.0, "Total Cost": 84109.54, "Plan Rows": 1, "Plan Width": 25, "Inner Unique": false, "Join Filter": "(t.id = ci.movie_id)", "Plans": [{"Node Type": "Nested Loop", "Parent Relationship": "Outer", "Join Type": "Inner", "Startup Cost": 0.0, "Total Cost": 84053.76, "Plan Rows": 2, "Plan Width": 25, "Inner Unique": true, "Plans": [{"Node Type": "Nested Loop", "Parent Relationship": "Outer", "Join Type": "Inner", "Startup Cost": 0.0, "Total Cost": 81991.53, "Plan Rows": 262, "Plan Width": 4, "Inner Unique": false, "Plans": [{"Node Type": "Index Scan", "Parent Relationship": "Outer", "Scan Direction": "Forward", "Index Name": "company_name_pkey", "Relation Name": "company_name", "Alias": "cn", "Startup Cost": 0.0, "Total Cost": 10501.39, "Plan Rows": 6290, "Plan Width": 4, "Filter": "((country_code)::text = '[jp]'::text)"}, {"Node Type": "Index Scan", "Parent Relationship": "Inner", "Scan Direction": "Forward", "Index Name": "company_id_movie_companies", "Relation Name": "movie_companies", "Alias": "mc", "Startup Cost": 0.0, "Total Cost": 11.36, "Plan Rows": 1, "Plan Width": 8, "Index Cond": "(company_id = cn.id)", "Filter": "(((note)::text ~~ '%(Japan)%'::text) AND ((note)::text !~~ '%(USA)%'::text) AND (((note)::text ~~ '%(2006)%'::text) OR ((note)::text ~~ '%(2007)%'::text)))"}]}, {"Node Type": "Index Scan", "Parent Relationship": "Inner", "Scan Direction": "Forward", "Index Name": "title_pkey", "Relation Name": "title", "Alias": "t", "Startup Cost": 0.0, "Total Cost": 7.86, "Plan Rows": 1, "Plan Width": 21, "Index Cond": "(id = mc.movie_id)", "Filter": "((production_year >= 2006) AND (production_year <= 2007) AND (((title)::text ~~ 'One Piece%'::text) OR ((title)::text ~~ 'Dragon Ball Z%'::text)))"}]}, {"Node Type": "Index Scan", "Parent Relationship": "Inner", "Scan Direction": "Forward", "Index Name": "movie_id_cast_info", "Relation Name": "cast_info", "Alias": "ci", "Startup Cost": 0.0, "Total Cost": 27.88, "Plan Rows": 1, "Plan Width": 12, "Index Cond": "(movie_id = mc.movie_id)", "Filter": "((note)::text = '(voice: English version)'::text)"}]}, {"Node Type": "Index Scan", "Parent Relationship": "Inner", "Scan Direction": "Forward", "Index Name": "person_id_aka_name", "Relation Name": "aka_name", "Alias": "an", "Startup Cost": 0.0, "Total Cost": 0.84, "Plan Rows": 1, "Plan Width": 20, "Index Cond": "(person_id = ci.person_id)"}]}, {"Node Type": "Index Scan", "Parent Relationship": "Inner", "Scan Direction": "Forward", "Index Name": "name_pkey", "Relation Name": "name", "Alias": "n", "Startup Cost": 0.0, "Total Cost": 0.57, "Plan Rows": 1, "Plan Width": 4, "Index Cond": "(id = an.person_id)", "Filter": "(((name)::text ~~ '%Yo%'::text) AND ((name)::text !~~ '%Yu%'::text))"}]}, {"Node Type": "Index Scan", "Parent Relationship": "Inner", "Scan Direction": "Forward", "Index Name": "role_type_pkey", "Relation Name": "role_type", "Alias": "rt", "Startup Cost": 0.0, "Total Cost": 0.27, "Plan Rows": 1, "Plan Width": 4, "Index Cond": "(id = ci.role_id)", "Filter": "((role)::text = 'actress'::text)"}]}]}, "Unique SQL Id": 3956435728, "Planner Runtime": 7}, "explain_analyze_plan": {"Plan": {"Node Type": "Aggregate", "Strategy": "Plain", "Startup Cost": 84111.26, "Total Cost": 84111.27, "Plan Rows": 1, "Plan Width": 97, "Actual Startup Time": 581.73, "Actual Total Time": 581.73, "Actual Rows": 1, "Actual Loops": 1, "Plans": [{"Node Type": "Nested Loop", "Parent Relationship": "Outer", "Join Type": "Inner", "Startup Cost": 0.0, "Total Cost": 84111.26, "Plan Rows": 1, "Plan Width": 33, "Actual Startup Time": 54.321, "Actual Total Time": 581.694, "Actual Rows": 6, "Actual Loops": 1, "Inner Unique": true, "Plans": [{"Node Type": "Nested Loop", "Parent Relationship": "Outer", "Join Type": "Inner", "Startup Cost": 0.0, "Total Cost": 84110.97, "Plan Rows": 1, "Plan Width": 37, "Actual Startup Time": 54.312, "Actual Total Time": 581.658, "Actual Rows": 6, "Actual Loops": 1, "Inner Unique": true, "Plans": [{"Node Type": "Nested Loop", "Parent Relationship": "Outer", "Join Type": "Inner", "Startup Cost": 0.0, "Total Cost": 84110.39, "Plan Rows": 1, "Plan Width": 45, "Actual Startup Time": 53.198, "Actual Total Time": 580.628, "Actual Rows": 171, "Actual Loops": 1, "Inner Unique": false, "Plans": [{"Node Type": "Nested Loop", "Parent Relationship": "Outer", "Join Type": "Inner", "Startup Cost": 0.0, "Total Cost": 84109.54, "Plan Rows": 1, "Plan Width": 25, "Actual Startup Time": 53.177, "Actual Total Time": 579.772, "Actual Rows": 104, "Actual Loops": 1, "Inner Unique": false, "Join Filter": "(t.id = ci.movie_id)", "Rows Removed by Join Filter": 0, "Plans": [{"Node Type": "Nested Loop", "Parent Relationship": "Outer", "Join Type": "Inner", "Startup Cost": 0.0, "Total Cost": 84053.76, "Plan Rows": 2, "Plan Width": 25, "Actual Startup Time": 53.042, "Actual Total Time": 579.227, "Actual Rows": 4, "Actual Loops": 1, "Inner Unique": true, "Plans": [{"Node Type": "Nested Loop", "Parent Relationship": "Outer", "Join Type": "Inner", "Startup Cost": 0.0, "Total Cost": 81991.53, "Plan Rows": 262, "Plan Width": 4, "Actual Startup Time": 0.312, "Actual Total Time": 518.839, "Actual Rows": 8495, "Actual Loops": 1, "Inner Unique": false, "Plans": [{"Node Type": "Index Scan", "Parent Relationship": "Outer", "Scan Direction": "Forward", "Index Name": "company_name_pkey", "Relation Name": "company_name", "Alias": "cn", "Startup Cost": 0.0, "Total Cost": 10501.39, "Plan Rows": 6290, "Plan Width": 4, "Actual Startup Time": 0.264, "Actual Total Time": 291.012, "Actual Rows": 6752, "Actual Loops": 1, "Filter": "((country_code)::text = '[jp]'::text)", "Rows Removed by Filter": 228244}, {"Node Type": "Index Scan", "Parent Relationship": "Inner", "Scan Direction": "Forward", "Index Name": "company_id_movie_companies", "Relation Name": "movie_companies", "Alias": "mc", "Startup Cost": 0.0, "Total Cost": 11.36, "Plan Rows": 1, "Plan Width": 8, "Actual Startup Time": 100.149, "Actual Total Time": 221.814, "Actual Rows": 8495, "Actual Loops": 6752, "Index Cond": "(company_id = cn.id)", "Rows Removed by Index Recheck": 0, "Filter": "(((note)::text ~~ '%(Japan)%'::text) AND ((note)::text !~~ '%(USA)%'::text) AND (((note)::text ~~ '%(2006)%'::text) OR ((note)::text ~~ '%(2007)%'::text)))", "Rows Removed by Filter": 96500}]}, {"Node Type": "Index Scan", "Parent Relationship": "Inner", "Scan Direction": "Forward", "Index Name": "title_pkey", "Relation Name": "title", "Alias": "t", "Startup Cost": 0.0, "Total Cost": 7.86, "Plan Rows": 1, "Plan Width": 21, "Actual Startup Time": 55.844, "Actual Total Time": 55.844, "Actual Rows": 4, "Actual Loops": 8495, "Index Cond": "(id = mc.movie_id)", "Rows Removed by Index Recheck": 0, "Filter": "((production_year >= 2006) AND (production_year <= 2007) AND (((title)::text ~~ 'One Piece%'::text) OR ((title)::text ~~ 'Dragon Ball Z%'::text)))", "Rows Removed by Filter": 8491}]}, {"Node Type": "Index Scan", "Parent Relationship": "Inner", "Scan Direction": "Forward", "Index Name": "movie_id_cast_info", "Relation Name": "cast_info", "Alias": "ci", "Startup Cost": 0.0, "Total Cost": 27.88, "Plan Rows": 1, "Plan Width": 12, "Actual Startup Time": 0.155, "Actual Total Time": 0.487, "Actual Rows": 104, "Actual Loops": 4, "Index Cond": "(movie_id = mc.movie_id)", "Rows Removed by Index Recheck": 0, "Filter": "((note)::text = '(voice: English version)'::text)", "Rows Removed by Filter": 68}]}, {"Node Type": "Index Scan", "Parent Relationship": "Inner", "Scan Direction": "Forward", "Index Name": "person_id_aka_name", "Relation Name": "aka_name", "Alias": "an", "Startup Cost": 0.0, "Total Cost": 0.84, "Plan Rows": 1, "Plan Width": 20, "Actual Startup Time": 0.629, "Actual Total Time": 0.74, "Actual Rows": 171, "Actual Loops": 104, "Index Cond": "(person_id = ci.person_id)", "Rows Removed by Index Recheck": 0}]}, {"Node Type": "Index Scan", "Parent Relationship": "Inner", "Scan Direction": "Forward", "Index Name": "name_pkey", "Relation Name": "name", "Alias": "n", "Startup Cost": 0.0, "Total Cost": 0.57, "Plan Rows": 1, "Plan Width": 4, "Actual Startup Time": 0.94, "Actual Total Time": 0.94, "Actual Rows": 6, "Actual Loops": 171, "Index Cond": "(id = an.person_id)", "Rows Removed by Index Recheck": 0, "Filter": "(((name)::text ~~ '%Yo%'::text) AND ((name)::text !~~ '%Yu%'::text))", "Rows Removed by Filter": 165}]}, {"Node Type": "Index Scan", "Parent Relationship": "Inner", "Scan Direction": "Forward", "Index Name": "role_type_pkey", "Relation Name": "role_type", "Alias": "rt", "Startup Cost": 0.0, "Total Cost": 0.27, "Plan Rows": 1, "Plan Width": 4, "Actual Startup Time": 0.022, "Actual Total Time": 0.022, "Actual Rows": 6, "Actual Loops": 6, "Index Cond": "(id = ci.role_id)", "Rows Removed by Index Recheck": 0, "Filter": "((role)::text = 'actress'::text)", "Rows Removed by Filter": 0}]}]}, "Triggers": [], "Planner Runtime": 25.043, "Total Runtime": 582.138, "Unique SQL Id": 3956435728}}, "(1, '110')": {"explain_plan": {"Plan": {"Node Type": "Aggregate", "Strategy": "Plain", "Startup Cost": 989798.35, "Total Cost": 989798.36, "Plan Rows": 1, "Plan Width": 97, "Plans": [{"Node Type": "Hash Join", "Parent Relationship": "Outer", "Join Type": "Inner", "Startup Cost": 297002.13, "Total Cost": 989798.35, "Plan Rows": 1, "Plan Width": 33, "Inner Unique": false, "Hash Cond": "(ci.movie_id = mc.movie_id)", "Plans": [{"Node Type": "Hash Join", "Parent Relationship": "Outer", "Join Type": "Inner", "Startup Cost": 223099.4, "Total Cost": 915895.27, "Plan Rows": 8, "Plan Width": 41, "Inner Unique": false, "Hash Cond": "(ci.person_id = an.person_id)", "Plans": [{"Node Type": "Hash Join", "Parent Relationship": "Outer", "Join Type": "Inner", "Startup Cost": 85353.92, "Total Cost": 778148.94, "Plan Rows": 43, "Plan Width": 29, "Inner Unique": true, "Hash Cond": "(ci.role_id = rt.id)", "Plans": [{"Node Type": "Hash Join", "Parent Relationship": "Outer", "Join Type": "Inner", "Startup Cost": 85352.76, "Total Cost": 778147.58, "Plan Rows": 43, "Plan Width": 33, "Inner Unique": true, "Hash Cond": "(ci.movie_id = t.id)", "Plans": [{"Node Type": "Seq Scan", "Parent Relationship": "Outer", "Relation Name": "cast_info", "Alias": "ci", "Startup Cost": 0.0, "Total Cost": 692526.68, "Plan Rows": 96692, "Plan Width": 12, "Filter": "((note)::text = '(voice: English version)'::text)"}, {"Node Type": "Hash", "Parent Relationship": "Inner", "Startup Cost": 85352.22, "Total Cost": 85352.22, "Plan Rows": 43, "Plan Width": 21, "Plans": [{"Node Type": "Seq Scan", "Parent Relationship": "Outer", "Relation Name": "title", "Alias": "t", "Startup Cost": 4536.65, "Total Cost": 85352.22, "Plan Rows": 43, "Plan Width": 21, "Filter": "((production_year >= 2006) AND (production_year <= 2007) AND (((title)::text ~~ 'One Piece%'::text) OR ((title)::text ~~ 'Dragon Ball Z%'::text)))"}]}]}, {"Node Type": "Hash", "Parent Relationship": "Inner", "Startup Cost": 1.15, "Total Cost": 1.15, "Plan Rows": 1, "Plan Width": 4, "Plans": [{"Node Type": "Seq Scan", "Parent Relationship": "Outer", "Relation Name": "role_type", "Alias": "rt", "Startup Cost": 0.0, "Total Cost": 1.15, "Plan Rows": 1, "Plan Width": 4, "Filter": "((role)::text = 'actress'::text)"}]}]}, {"Node Type": "Hash", "Parent Relationship": "Inner", "Startup Cost": 137537.65, "Total Cost": 137537.65, "Plan Rows": 16627, "Plan Width": 24, "Plans": [{"Node Type": "Hash Join", "Parent Relationship": "Outer", "Join Type": "Inner", "Startup Cost": 114082.93, "Total Cost": 137537.65, "Plan Rows": 16627, "Plan Width": 24, "Inner Unique": true, "Hash Cond": "(an.person_id = n.id)", "Plans": [{"Node Type": "Seq Scan", "Parent Relationship": "Outer", "Relation Name": "aka_name", "Alias": "an", "Startup Cost": 0.0, "Total Cost": 19908.42, "Plan Rows": 901342, "Plan Width": 20}, {"Node Type": "Hash", "Parent Relationship": "Inner", "Startup Cost": 113909.35, "Total Cost": 113909.35, "Plan Rows": 13886, "Plan Width": 4, "Plans": [{"Node Type": "Seq Scan", "Parent Relationship": "Outer", "Relation Name": "name", "Alias": "n", "Startup Cost": 0.0, "Total Cost": 113909.35, "Plan Rows": 13886, "Plan Width": 4, "Filter": "(((name)::text ~~ '%Yo%'::text) AND ((name)::text !~~ '%Yu%'::text))"}]}]}]}]}, {"Node Type": "Hash", "Parent Relationship": "Inner", "Startup Cost": 73899.45, "Total Cost": 73899.45, "Plan Rows": 262, "Plan Width": 4, "Plans": [{"Node Type": "Hash Join", "Parent Relationship": "Outer", "Join Type": "Inner", "Startup Cost": 5982.08, "Total Cost": 73899.45, "Plan Rows": 262, "Plan Width": 4, "Inner Unique": true, "Hash Cond": "(mc.company_id = cn.id)", "Plans": [{"Node Type": "Seq Scan", "Parent Relationship": "Outer", "Relation Name": "movie_companies", "Alias": "mc", "Startup Cost": 0.0, "Total Cost": 67908.56, "Plan Rows": 1652, "Plan Width": 8, "Filter": "(((note)::text ~~ '%(Japan)%'::text) AND ((note)::text !~~ '%(USA)%'::text) AND (((note)::text ~~ '%(2006)%'::text) OR ((note)::text ~~ '%(2007)%'::text)))"}, {"Node Type": "Hash", "Parent Relationship": "Inner", "Startup Cost": 5903.45, "Total Cost": 5903.45, "Plan Rows": 6290, "Plan Width": 4, "Plans": [{"Node Type": "Seq Scan", "Parent Relationship": "Outer", "Relation Name": "company_name", "Alias": "cn", "Startup Cost": 0.0, "Total Cost": 5903.45, "Plan Rows": 6290, "Plan Width": 4, "Filter": "((country_code)::text = '[jp]'::text)"}]}]}]}]}]}, "Unique SQL Id": 3956435728, "Planner Runtime": 38}, "explain_analyze_plan": null}, "(1, '111')": {"explain_plan": {"Plan": {"Node Type": "Aggregate", "Strategy": "Plain", "Startup Cost": 7000043187148.33, "Total Cost": 7000043187148.34, "Plan Rows": 1, "Plan Width": 97, "Plans": [{"Node Type": "Nested Loop", "Parent Relationship": "Outer", "Join Type": "Inner", "Startup Cost": 2050028516859.08, "Total Cost": 7000043187148.33, "Plan Rows": 1, "Plan Width": 33, "Inner Unique": true, "Plans": [{"Node Type": "Nested Loop", "Parent Relationship": "Outer", "Join Type": "Inner", "Startup Cost": 2040028516859.08, "Total Cost": 6000043187091.1, "Plan Rows": 1, "Plan Width": 41, "Inner Unique": true, "Plans": [{"Node Type": "Nested Loop", "Parent Relationship": "Outer", "Join Type": "Inner", "Startup Cost": 2030028516859.08, "Total Cost": 5000043186653.67, "Plan Rows": 1, "Plan Width": 45, "Inner Unique": false, "Plans": [{"Node Type": "Hash Join", "Parent Relationship": "Outer", "Join Type": "Inner", "Startup Cost": 2020028516859.08, "Total Cost": 4000043186569.28, "Plan Rows": 1, "Plan Width": 25, "Inner Unique": false, "Hash Cond": "(ci.movie_id = mc.movie_id)", "Plans": [{"Node Type": "Hash Join", "Parent Relationship": "Outer", "Join Type": "Inner", "Startup Cost": 1020013540360.45, "Total Cost": 3000028210059.62, "Plan Rows": 43, "Plan Width": 29, "Inner Unique": true, "Hash Cond": "(ci.movie_id = t.id)", "Plans": [{"Node Type": "Nested Loop", "Parent Relationship": "Outer", "Join Type": "Inner", "Startup Cost": 20000000000.0, "Total Cost": 2000014669674.4, "Plan Rows": 8790, "Plan Width": 8, "Inner Unique": false, "Plans": [{"Node Type": "Index Scan", "Parent Relationship": "Outer", "Scan Direction": "Forward", "Index Name": "role_type_pkey", "Relation Name": "role_type", "Alias": "rt", "Startup Cost": 10000000000.0, "Total Cost": 1000000001246.0, "Plan Rows": 1, "Plan Width": 4, "Filter": "((role)::text = 'actress'::text)"}, {"Node Type": "Index Scan", "Parent Relationship": "Inner", "Scan Direction": "Forward", "Index Name": "role_id_cast_info", "Relation Name": "cast_info", "Alias": "ci", "Startup Cost": 10000000000.0, "Total Cost": 1000014668340.5, "Plan Rows": 8790, "Plan Width": 12, "Index Cond": "(role_id = rt.id)", "Filter": "((note)::text = '(voice: English version)'::text)"}]}, {"Node Type": "Hash", "Parent Relationship": "Inner", "Startup Cost": 1000013540359.91, "Total Cost": 1000013540359.91, "Plan Rows": 43, "Plan Width": 21, "Plans": [{"Node Type": "Index Scan", "Parent Relationship": "Outer", "Scan Direction": "Forward", "Index Name": "title_pkey", "Relation Name": "title", "Alias": "t", "Startup Cost": 10000000000.0, "Total Cost": 1000013540359.91, "Plan Rows": 43, "Plan Width": 21, "Filter": "((production_year >= 2006) AND (production_year <= 2007) AND (((title)::text ~~ 'One Piece%'::text) OR ((title)::text ~~ 'Dragon Ball Z%'::text)))"}]}]}, {"Node Type": "Hash", "Parent Relationship": "Inner", "Startup Cost": 1000014976477.98, "Total Cost": 1000014976477.98, "Plan Rows": 1652, "Plan Width": 8, "Plans": [{"Node Type": "Index Scan", "Parent Relationship": "Outer", "Scan Direction": "Forward", "Index Name": "company_id_movie_companies", "Relation Name": "movie_companies", "Alias": "mc", "Startup Cost": 10000000000.0, "Total Cost": 1000014976477.98, "Plan Rows": 1652, "Plan Width": 8, "Filter": "(((note)::text ~~ '%(Japan)%'::text) AND ((note)::text !~~ '%(USA)%'::text) AND (((note)::text ~~ '%(2006)%'::text) OR ((note)::text ~~ '%(2007)%'::text)))"}]}]}, {"Node Type": "Index Scan", "Parent Relationship": "Inner", "Scan Direction": "Forward", "Index Name": "person_id_aka_name", "Relation Name": "aka_name", "Alias": "an", "Startup Cost": 10000000000.0, "Total Cost": 1000000000084.38, "Plan Rows": 1, "Plan Width": 20, "Index Cond": "(person_id = ci.person_id)"}]}, {"Node Type": "Index Scan", "Parent Relationship": "Inner", "Scan Direction": "Forward", "Index Name": "company_name_pkey", "Relation Name": "company_name", "Alias": "cn", "Startup Cost": 10000000000.0, "Total Cost": 1000000000437.42, "Plan Rows": 1, "Plan Width": 4, "Index Cond": "(id = mc.company_id)", "Filter": "((country_code)::text = '[jp]'::text)"}]}, {"Node Type": "Index Scan", "Parent Relationship": "Inner", "Scan Direction": "Forward", "Index Name": "name_pkey", "Relation Name": "name", "Alias": "n", "Startup Cost": 10000000000.0, "Total Cost": 1000000000057.22, "Plan Rows": 1, "Plan Width": 4, "Index Cond": "(id = an.person_id)", "Filter": "(((name)::text ~~ '%Yo%'::text) AND ((name)::text !~~ '%Yu%'::text))"}]}]}, "Unique SQL Id": 3956435728, "Planner Runtime": 29}, "explain_analyze_plan": null}, "(1, '112')": {"explain_plan": {"Plan": {"Node Type": "Aggregate", "Strategy": "Plain", "Startup Cost": 77270.98, "Total Cost": 77270.99, "Plan Rows": 1, "Plan Width": 97, "Plans": [{"Node Type": "Nested Loop", "Parent Relationship": "Outer", "Join Type": "Inner", "Startup Cost": 0.0, "Total Cost": 77270.98, "Plan Rows": 1, "Plan Width": 33, "Inner Unique": true, "Plans": [{"Node Type": "Nested Loop", "Parent Relationship": "Outer", "Join Type": "Inner", "Startup Cost": 0.0, "Total Cost": 77270.7, "Plan Rows": 1, "Plan Width": 37, "Inner Unique": true, "Plans": [{"Node Type": "Nested Loop", "Parent Relationship": "Outer", "Join Type": "Inner", "Startup Cost": 0.0, "Total Cost": 77270.11, "Plan Rows": 1, "Plan Width": 45, "Inner Unique": false, "Plans": [{"Node Type": "Nested Loop", "Parent Relationship": "Outer", "Join Type": "Inner", "Startup Cost": 0.0, "Total Cost": 77269.26, "Plan Rows": 1, "Plan Width": 25, "Inner Unique": false, "Join Filter": "(t.id = ci.movie_id)", "Plans": [{"Node Type": "Nested Loop", "Parent Relationship": "Outer", "Join Type": "Inner", "Startup Cost": 0.0, "Total Cost": 77213.48, "Plan Rows": 2, "Plan Width": 25, "Inner Unique": true, "Plans": [{"Node Type": "Nested Loop", "Parent Relationship": "Outer", "Join Type": "Inner", "Startup Cost": 0.0, "Total Cost": 75151.25, "Plan Rows": 262, "Plan Width": 4, "Inner Unique": true, "Plans": [{"Node Type": "Seq Scan", "Parent Relationship": "Outer", "Relation Name": "movie_companies", "Alias": "mc", "Startup Cost": 0.0, "Total Cost": 67908.56, "Plan Rows": 1652, "Plan Width": 8, "Filter": "(((note)::text ~~ '%(Japan)%'::text) AND ((note)::text !~~ '%(USA)%'::text) AND (((note)::text ~~ '%(2006)%'::text) OR ((note)::text ~~ '%(2007)%'::text)))"}, {"Node Type": "Index Scan", "Parent Relationship": "Inner", "Scan Direction": "Forward", "Index Name": "company_name_pkey", "Relation Name": "company_name", "Alias": "cn", "Startup Cost": 0.0, "Total Cost": 4.37, "Plan Rows": 1, "Plan Width": 4, "Index Cond": "(id = mc.company_id)", "Filter": "((country_code)::text = '[jp]'::text)"}]}, {"Node Type": "Index Scan", "Parent Relationship": "Inner", "Scan Direction": "Forward", "Index Name": "title_pkey", "Relation Name": "title", "Alias": "t", "Startup Cost": 0.0, "Total Cost": 7.86, "Plan Rows": 1, "Plan Width": 21, "Index Cond": "(id = mc.movie_id)", "Filter": "((production_year >= 2006) AND (production_year <= 2007) AND (((title)::text ~~ 'One Piece%'::text) OR ((title)::text ~~ 'Dragon Ball Z%'::text)))"}]}, {"Node Type": "Index Scan", "Parent Relationship": "Inner", "Scan Direction": "Forward", "Index Name": "movie_id_cast_info", "Relation Name": "cast_info", "Alias": "ci", "Startup Cost": 0.0, "Total Cost": 27.88, "Plan Rows": 1, "Plan Width": 12, "Index Cond": "(movie_id = mc.movie_id)", "Filter": "((note)::text = '(voice: English version)'::text)"}]}, {"Node Type": "Index Scan", "Parent Relationship": "Inner", "Scan Direction": "Forward", "Index Name": "person_id_aka_name", "Relation Name": "aka_name", "Alias": "an", "Startup Cost": 0.0, "Total Cost": 0.84, "Plan Rows": 1, "Plan Width": 20, "Index Cond": "(person_id = ci.person_id)"}]}, {"Node Type": "Index Scan", "Parent Relationship": "Inner", "Scan Direction": "Forward", "Index Name": "name_pkey", "Relation Name": "name", "Alias": "n", "Startup Cost": 0.0, "Total Cost": 0.57, "Plan Rows": 1, "Plan Width": 4, "Index Cond": "(id = an.person_id)", "Filter": "(((name)::text ~~ '%Yo%'::text) AND ((name)::text !~~ '%Yu%'::text))"}]}, {"Node Type": "Index Scan", "Parent Relationship": "Inner", "Scan Direction": "Forward", "Index Name": "role_type_pkey", "Relation Name": "role_type", "Alias": "rt", "Startup Cost": 0.0, "Total Cost": 0.27, "Plan Rows": 1, "Plan Width": 4, "Index Cond": "(id = ci.role_id)", "Filter": "((role)::text = 'actress'::text)"}]}]}, "Unique SQL Id": 3956435728, "Planner Runtime": 6}, "explain_analyze_plan": {"Plan": {"Node Type": "Aggregate", "Strategy": "Plain", "Startup Cost": 77270.98, "Total Cost": 77270.99, "Plan Rows": 1, "Plan Width": 97, "Actual Startup Time": 1034.996, "Actual Total Time": 1034.997, "Actual Rows": 1, "Actual Loops": 1, "Plans": [{"Node Type": "Nested Loop", "Parent Relationship": "Outer", "Join Type": "Inner", "Startup Cost": 0.0, "Total Cost": 77270.98, "Plan Rows": 1, "Plan Width": 33, "Actual Startup Time": 359.457, "Actual Total Time": 1034.942, "Actual Rows": 6, "Actual Loops": 1, "Inner Unique": true, "Plans": [{"Node Type": "Nested Loop", "Parent Relationship": "Outer", "Join Type": "Inner", "Startup Cost": 0.0, "Total Cost": 77270.7, "Plan Rows": 1, "Plan Width": 37, "Actual Startup Time": 359.446, "Actual Total Time": 1034.911, "Actual Rows": 6, "Actual Loops": 1, "Inner Unique": true, "Plans": [{"Node Type": "Nested Loop", "Parent Relationship": "Outer", "Join Type": "Inner", "Startup Cost": 0.0, "Total Cost": 77270.11, "Plan Rows": 1, "Plan Width": 45, "Actual Startup Time": 358.983, "Actual Total Time": 1034.041, "Actual Rows": 171, "Actual Loops": 1, "Inner Unique": false, "Plans": [{"Node Type": "Nested Loop", "Parent Relationship": "Outer", "Join Type": "Inner", "Startup Cost": 0.0, "Total Cost": 77269.26, "Plan Rows": 1, "Plan Width": 25, "Actual Startup Time": 358.966, "Actual Total Time": 1033.417, "Actual Rows": 104, "Actual Loops": 1, "Inner Unique": false, "Join Filter": "(t.id = ci.movie_id)", "Rows Removed by Join Filter": 0, "Plans": [{"Node Type": "Nested Loop", "Parent Relationship": "Outer", "Join Type": "Inner", "Startup Cost": 0.0, "Total Cost": 77213.48, "Plan Rows": 2, "Plan Width": 25, "Actual Startup Time": 358.923, "Actual Total Time": 1033.02, "Actual Rows": 4, "Actual Loops": 1, "Inner Unique": true, "Plans": [{"Node Type": "Nested Loop", "Parent Relationship": "Outer", "Join Type": "Inner", "Startup Cost": 0.0, "Total Cost": 75151.25, "Plan Rows": 262, "Plan Width": 4, "Actual Startup Time": 0.3, "Actual Total Time": 989.642, "Actual Rows": 8495, "Actual Loops": 1, "Inner Unique": true, "Plans": [{"Node Type": "Seq Scan", "Parent Relationship": "Outer", "Relation Name": "movie_companies", "Alias": "mc", "Startup Cost": 0.0, "Total Cost": 67908.56, "Plan Rows": 1652, "Plan Width": 8, "Actual Startup Time": 0.264, "Actual Total Time": 953.15, "Actual Rows": 8569, "Actual Loops": 1, "Filter": "(((note)::text ~~ '%(Japan)%'::text) AND ((note)::text !~~ '%(USA)%'::text) AND (((note)::text ~~ '%(2006)%'::text) OR ((note)::text ~~ '%(2007)%'::text)))", "Rows Removed by Filter": 2600559}, {"Node Type": "Index Scan", "Parent Relationship": "Inner", "Scan Direction": "Forward", "Index Name": "company_name_pkey", "Relation Name": "company_name", "Alias": "cn", "Startup Cost": 0.0, "Total Cost": 4.37, "Plan Rows": 1, "Plan Width": 4, "Actual Startup Time": 29.873, "Actual Total Time": 29.873, "Actual Rows": 8495, "Actual Loops": 8569, "Index Cond": "(id = mc.company_id)", "Rows Removed by Index Recheck": 0, "Filter": "((country_code)::text = '[jp]'::text)", "Rows Removed by Filter": 74}]}, {"Node Type": "Index Scan", "Parent Relationship": "Inner", "Scan Direction": "Forward", "Index Name": "title_pkey", "Relation Name": "title", "Alias": "t", "Startup Cost": 0.0, "Total Cost": 7.86, "Plan Rows": 1, "Plan Width": 21, "Actual Startup Time": 38.797, "Actual Total Time": 38.797, "Actual Rows": 4, "Actual Loops": 8495, "Index Cond": "(id = mc.movie_id)", "Rows Removed by Index Recheck": 0, "Filter": "((production_year >= 2006) AND (production_year <= 2007) AND (((title)::text ~~ 'One Piece%'::text) OR ((title)::text ~~ 'Dragon Ball Z%'::text)))", "Rows Removed by Filter": 8491}]}, {"Node Type": "Index Scan", "Parent Relationship": "Inner", "Scan Direction": "Forward", "Index Name": "movie_id_cast_info", "Relation Name": "cast_info", "Alias": "ci", "Startup Cost": 0.0, "Total Cost": 27.88, "Plan Rows": 1, "Plan Width": 12, "Actual Startup Time": 0.117, "Actual Total Time": 0.343, "Actual Rows": 104, "Actual Loops": 4, "Index Cond": "(movie_id = mc.movie_id)", "Rows Removed by Index Recheck": 0, "Filter": "((note)::text = '(voice: English version)'::text)", "Rows Removed by Filter": 68}]}, {"Node Type": "Index Scan", "Parent Relationship": "Inner", "Scan Direction": "Forward", "Index Name": "person_id_aka_name", "Relation Name": "aka_name", "Alias": "an", "Startup Cost": 0.0, "Total Cost": 0.84, "Plan Rows": 1, "Plan Width": 20, "Actual Startup Time": 0.434, "Actual Total Time": 0.52, "Actual Rows": 171, "Actual Loops": 104, "Index Cond": "(person_id = ci.person_id)", "Rows Removed by Index Recheck": 0}]}, {"Node Type": "Index Scan", "Parent Relationship": "Inner", "Scan Direction": "Forward", "Index Name": "name_pkey", "Relation Name": "name", "Alias": "n", "Startup Cost": 0.0, "Total Cost": 0.57, "Plan Rows": 1, "Plan Width": 4, "Actual Startup Time": 0.753, "Actual Total Time": 0.753, "Actual Rows": 6, "Actual Loops": 171, "Index Cond": "(id = an.person_id)", "Rows Removed by Index Recheck": 0, "Filter": "(((name)::text ~~ '%Yo%'::text) AND ((name)::text !~~ '%Yu%'::text))", "Rows Removed by Filter": 165}]}, {"Node Type": "Index Scan", "Parent Relationship": "Inner", "Scan Direction": "Forward", "Index Name": "role_type_pkey", "Relation Name": "role_type", "Alias": "rt", "Startup Cost": 0.0, "Total Cost": 0.27, "Plan Rows": 1, "Plan Width": 4, "Actual Startup Time": 0.02, "Actual Total Time": 0.02, "Actual Rows": 6, "Actual Loops": 6, "Index Cond": "(id = ci.role_id)", "Rows Removed by Index Recheck": 0, "Filter": "((role)::text = 'actress'::text)", "Rows Removed by Filter": 0}]}]}, "Triggers": [], "Planner Runtime": 6.295, "Total Runtime": 1035.253, "Unique SQL Id": 3956435728}}, "(1, '113')": {"explain_plan": {"Plan": {"Node Type": "Aggregate", "Strategy": "Plain", "Startup Cost": 84111.26, "Total Cost": 84111.27, "Plan Rows": 1, "Plan Width": 97, "Plans": [{"Node Type": "Nested Loop", "Parent Relationship": "Outer", "Join Type": "Inner", "Startup Cost": 0.0, "Total Cost": 84111.26, "Plan Rows": 1, "Plan Width": 33, "Inner Unique": true, "Plans": [{"Node Type": "Nested Loop", "Parent Relationship": "Outer", "Join Type": "Inner", "Startup Cost": 0.0, "Total Cost": 84110.97, "Plan Rows": 1, "Plan Width": 37, "Inner Unique": true, "Plans": [{"Node Type": "Nested Loop", "Parent Relationship": "Outer", "Join Type": "Inner", "Startup Cost": 0.0, "Total Cost": 84110.39, "Plan Rows": 1, "Plan Width": 45, "Inner Unique": false, "Plans": [{"Node Type": "Nested Loop", "Parent Relationship": "Outer", "Join Type": "Inner", "Startup Cost": 0.0, "Total Cost": 84109.54, "Plan Rows": 1, "Plan Width": 25, "Inner Unique": false, "Join Filter": "(t.id = ci.movie_id)", "Plans": [{"Node Type": "Nested Loop", "Parent Relationship": "Outer", "Join Type": "Inner", "Startup Cost": 0.0, "Total Cost": 84053.76, "Plan Rows": 2, "Plan Width": 25, "Inner Unique": true, "Plans": [{"Node Type": "Nested Loop", "Parent Relationship": "Outer", "Join Type": "Inner", "Startup Cost": 0.0, "Total Cost": 81991.53, "Plan Rows": 262, "Plan Width": 4, "Inner Unique": false, "Plans": [{"Node Type": "Index Scan", "Parent Relationship": "Outer", "Scan Direction": "Forward", "Index Name": "company_name_pkey", "Relation Name": "company_name", "Alias": "cn", "Startup Cost": 0.0, "Total Cost": 10501.39, "Plan Rows": 6290, "Plan Width": 4, "Filter": "((country_code)::text = '[jp]'::text)"}, {"Node Type": "Index Scan", "Parent Relationship": "Inner", "Scan Direction": "Forward", "Index Name": "company_id_movie_companies", "Relation Name": "movie_companies", "Alias": "mc", "Startup Cost": 0.0, "Total Cost": 11.36, "Plan Rows": 1, "Plan Width": 8, "Index Cond": "(company_id = cn.id)", "Filter": "(((note)::text ~~ '%(Japan)%'::text) AND ((note)::text !~~ '%(USA)%'::text) AND (((note)::text ~~ '%(2006)%'::text) OR ((note)::text ~~ '%(2007)%'::text)))"}]}, {"Node Type": "Index Scan", "Parent Relationship": "Inner", "Scan Direction": "Forward", "Index Name": "title_pkey", "Relation Name": "title", "Alias": "t", "Startup Cost": 0.0, "Total Cost": 7.86, "Plan Rows": 1, "Plan Width": 21, "Index Cond": "(id = mc.movie_id)", "Filter": "((production_year >= 2006) AND (production_year <= 2007) AND (((title)::text ~~ 'One Piece%'::text) OR ((title)::text ~~ 'Dragon Ball Z%'::text)))"}]}, {"Node Type": "Index Scan", "Parent Relationship": "Inner", "Scan Direction": "Forward", "Index Name": "movie_id_cast_info", "Relation Name": "cast_info", "Alias": "ci", "Startup Cost": 0.0, "Total Cost": 27.88, "Plan Rows": 1, "Plan Width": 12, "Index Cond": "(movie_id = mc.movie_id)", "Filter": "((note)::text = '(voice: English version)'::text)"}]}, {"Node Type": "Index Scan", "Parent Relationship": "Inner", "Scan Direction": "Forward", "Index Name": "person_id_aka_name", "Relation Name": "aka_name", "Alias": "an", "Startup Cost": 0.0, "Total Cost": 0.84, "Plan Rows": 1, "Plan Width": 20, "Index Cond": "(person_id = ci.person_id)"}]}, {"Node Type": "Index Scan", "Parent Relationship": "Inner", "Scan Direction": "Forward", "Index Name": "name_pkey", "Relation Name": "name", "Alias": "n", "Startup Cost": 0.0, "Total Cost": 0.57, "Plan Rows": 1, "Plan Width": 4, "Index Cond": "(id = an.person_id)", "Filter": "(((name)::text ~~ '%Yo%'::text) AND ((name)::text !~~ '%Yu%'::text))"}]}, {"Node Type": "Index Scan", "Parent Relationship": "Inner", "Scan Direction": "Forward", "Index Name": "role_type_pkey", "Relation Name": "role_type", "Alias": "rt", "Startup Cost": 0.0, "Total Cost": 0.27, "Plan Rows": 1, "Plan Width": 4, "Index Cond": "(id = ci.role_id)", "Filter": "((role)::text = 'actress'::text)"}]}]}, "Unique SQL Id": 3956435728, "Planner Runtime": 6}, "explain_analyze_plan": {"Plan": {"Node Type": "Aggregate", "Strategy": "Plain", "Startup Cost": 84111.26, "Total Cost": 84111.27, "Plan Rows": 1, "Plan Width": 97, "Actual Startup Time": 581.73, "Actual Total Time": 581.73, "Actual Rows": 1, "Actual Loops": 1, "Plans": [{"Node Type": "Nested Loop", "Parent Relationship": "Outer", "Join Type": "Inner", "Startup Cost": 0.0, "Total Cost": 84111.26, "Plan Rows": 1, "Plan Width": 33, "Actual Startup Time": 54.321, "Actual Total Time": 581.694, "Actual Rows": 6, "Actual Loops": 1, "Inner Unique": true, "Plans": [{"Node Type": "Nested Loop", "Parent Relationship": "Outer", "Join Type": "Inner", "Startup Cost": 0.0, "Total Cost": 84110.97, "Plan Rows": 1, "Plan Width": 37, "Actual Startup Time": 54.312, "Actual Total Time": 581.658, "Actual Rows": 6, "Actual Loops": 1, "Inner Unique": true, "Plans": [{"Node Type": "Nested Loop", "Parent Relationship": "Outer", "Join Type": "Inner", "Startup Cost": 0.0, "Total Cost": 84110.39, "Plan Rows": 1, "Plan Width": 45, "Actual Startup Time": 53.198, "Actual Total Time": 580.628, "Actual Rows": 171, "Actual Loops": 1, "Inner Unique": false, "Plans": [{"Node Type": "Nested Loop", "Parent Relationship": "Outer", "Join Type": "Inner", "Startup Cost": 0.0, "Total Cost": 84109.54, "Plan Rows": 1, "Plan Width": 25, "Actual Startup Time": 53.177, "Actual Total Time": 579.772, "Actual Rows": 104, "Actual Loops": 1, "Inner Unique": false, "Join Filter": "(t.id = ci.movie_id)", "Rows Removed by Join Filter": 0, "Plans": [{"Node Type": "Nested Loop", "Parent Relationship": "Outer", "Join Type": "Inner", "Startup Cost": 0.0, "Total Cost": 84053.76, "Plan Rows": 2, "Plan Width": 25, "Actual Startup Time": 53.042, "Actual Total Time": 579.227, "Actual Rows": 4, "Actual Loops": 1, "Inner Unique": true, "Plans": [{"Node Type": "Nested Loop", "Parent Relationship": "Outer", "Join Type": "Inner", "Startup Cost": 0.0, "Total Cost": 81991.53, "Plan Rows": 262, "Plan Width": 4, "Actual Startup Time": 0.312, "Actual Total Time": 518.839, "Actual Rows": 8495, "Actual Loops": 1, "Inner Unique": false, "Plans": [{"Node Type": "Index Scan", "Parent Relationship": "Outer", "Scan Direction": "Forward", "Index Name": "company_name_pkey", "Relation Name": "company_name", "Alias": "cn", "Startup Cost": 0.0, "Total Cost": 10501.39, "Plan Rows": 6290, "Plan Width": 4, "Actual Startup Time": 0.264, "Actual Total Time": 291.012, "Actual Rows": 6752, "Actual Loops": 1, "Filter": "((country_code)::text = '[jp]'::text)", "Rows Removed by Filter": 228244}, {"Node Type": "Index Scan", "Parent Relationship": "Inner", "Scan Direction": "Forward", "Index Name": "company_id_movie_companies", "Relation Name": "movie_companies", "Alias": "mc", "Startup Cost": 0.0, "Total Cost": 11.36, "Plan Rows": 1, "Plan Width": 8, "Actual Startup Time": 100.149, "Actual Total Time": 221.814, "Actual Rows": 8495, "Actual Loops": 6752, "Index Cond": "(company_id = cn.id)", "Rows Removed by Index Recheck": 0, "Filter": "(((note)::text ~~ '%(Japan)%'::text) AND ((note)::text !~~ '%(USA)%'::text) AND (((note)::text ~~ '%(2006)%'::text) OR ((note)::text ~~ '%(2007)%'::text)))", "Rows Removed by Filter": 96500}]}, {"Node Type": "Index Scan", "Parent Relationship": "Inner", "Scan Direction": "Forward", "Index Name": "title_pkey", "Relation Name": "title", "Alias": "t", "Startup Cost": 0.0, "Total Cost": 7.86, "Plan Rows": 1, "Plan Width": 21, "Actual Startup Time": 55.844, "Actual Total Time": 55.844, "Actual Rows": 4, "Actual Loops": 8495, "Index Cond": "(id = mc.movie_id)", "Rows Removed by Index Recheck": 0, "Filter": "((production_year >= 2006) AND (production_year <= 2007) AND (((title)::text ~~ 'One Piece%'::text) OR ((title)::text ~~ 'Dragon Ball Z%'::text)))", "Rows Removed by Filter": 8491}]}, {"Node Type": "Index Scan", "Parent Relationship": "Inner", "Scan Direction": "Forward", "Index Name": "movie_id_cast_info", "Relation Name": "cast_info", "Alias": "ci", "Startup Cost": 0.0, "Total Cost": 27.88, "Plan Rows": 1, "Plan Width": 12, "Actual Startup Time": 0.155, "Actual Total Time": 0.487, "Actual Rows": 104, "Actual Loops": 4, "Index Cond": "(movie_id = mc.movie_id)", "Rows Removed by Index Recheck": 0, "Filter": "((note)::text = '(voice: English version)'::text)", "Rows Removed by Filter": 68}]}, {"Node Type": "Index Scan", "Parent Relationship": "Inner", "Scan Direction": "Forward", "Index Name": "person_id_aka_name", "Relation Name": "aka_name", "Alias": "an", "Startup Cost": 0.0, "Total Cost": 0.84, "Plan Rows": 1, "Plan Width": 20, "Actual Startup Time": 0.629, "Actual Total Time": 0.74, "Actual Rows": 171, "Actual Loops": 104, "Index Cond": "(person_id = ci.person_id)", "Rows Removed by Index Recheck": 0}]}, {"Node Type": "Index Scan", "Parent Relationship": "Inner", "Scan Direction": "Forward", "Index Name": "name_pkey", "Relation Name": "name", "Alias": "n", "Startup Cost": 0.0, "Total Cost": 0.57, "Plan Rows": 1, "Plan Width": 4, "Actual Startup Time": 0.94, "Actual Total Time": 0.94, "Actual Rows": 6, "Actual Loops": 171, "Index Cond": "(id = an.person_id)", "Rows Removed by Index Recheck": 0, "Filter": "(((name)::text ~~ '%Yo%'::text) AND ((name)::text !~~ '%Yu%'::text))", "Rows Removed by Filter": 165}]}, {"Node Type": "Index Scan", "Parent Relationship": "Inner", "Scan Direction": "Forward", "Index Name": "role_type_pkey", "Relation Name": "role_type", "Alias": "rt", "Startup Cost": 0.0, "Total Cost": 0.27, "Plan Rows": 1, "Plan Width": 4, "Actual Startup Time": 0.022, "Actual Total Time": 0.022, "Actual Rows": 6, "Actual Loops": 6, "Index Cond": "(id = ci.role_id)", "Rows Removed by Index Recheck": 0, "Filter": "((role)::text = 'actress'::text)", "Rows Removed by Filter": 0}]}]}, "Triggers": [], "Planner Runtime": 25.043, "Total Runtime": 582.138, "Unique SQL Id": 3956435728}}, "(1, '114')": {"explain_plan": {"Plan": {"Node Type": "Aggregate", "Strategy": "Plain", "Startup Cost": 78740.56, "Total Cost": 78740.57, "Plan Rows": 1, "Plan Width": 97, "Plans": [{"Node Type": "Nested Loop", "Parent Relationship": "Outer", "Join Type": "Inner", "Startup Cost": 10.14, "Total Cost": 78740.56, "Plan Rows": 1, "Plan Width": 33, "Inner Unique": true, "Join Filter": "(ci.role_id = rt.id)", "Plans": [{"Node Type": "Nested Loop", "Parent Relationship": "Outer", "Join Type": "Inner", "Startup Cost": 10.14, "Total Cost": 78739.4, "Plan Rows": 1, "Plan Width": 37, "Inner Unique": true, "Plans": [{"Node Type": "Nested Loop", "Parent Relationship": "Outer", "Join Type": "Inner", "Startup Cost": 9.81, "Total Cost": 78735.04, "Plan Rows": 1, "Plan Width": 45, "Inner Unique": false, "Plans": [{"Node Type": "Nested Loop", "Parent Relationship": "Outer", "Join Type": "Inner", "Startup Cost": 9.43, "Total Cost": 78730.64, "Plan Rows": 1, "Plan Width": 25, "Inner Unique": false, "Join Filter": "(t.id = ci.movie_id)", "Plans": [{"Node Type": "Nested Loop", "Parent Relationship": "Outer", "Join Type": "Inner", "Startup Cost": 5.16, "Total Cost": 78674.07, "Plan Rows": 2, "Plan Width": 25, "Inner Unique": true, "Plans": [{"Node Type": "Nested Loop", "Parent Relationship": "Outer", "Join Type": "Inner", "Startup Cost": 1.23, "Total Cost": 76587.66, "Plan Rows": 262, "Plan Width": 4, "Inner Unique": true, "Plans": [{"Node Type": "Seq Scan", "Parent Relationship": "Outer", "Relation Name": "movie_companies", "Alias": "mc", "Startup Cost": 0.0, "Total Cost": 67908.56, "Plan Rows": 1652, "Plan Width": 8, "Filter": "(((note)::text ~~ '%(Japan)%'::text) AND ((note)::text !~~ '%(USA)%'::text) AND (((note)::text ~~ '%(2006)%'::text) OR ((note)::text ~~ '%(2007)%'::text)))"}, {"Node Type": "Bitmap Heap Scan", "Parent Relationship": "Inner", "Relation Name": "company_name", "Alias": "cn", "Startup Cost": 1.23, "Total Cost": 5.24, "Plan Rows": 1, "Plan Width": 4, "Recheck Cond": "(id = mc.company_id)", "Filter": "((country_code)::text = '[jp]'::text)", "Plans": [{"Node Type": "Bitmap Index Scan", "Parent Relationship": "Outer", "Index Name": "company_name_pkey", "Startup Cost": 0.0, "Total Cost": 1.23, "Plan Rows": 1, "Plan Width": 0, "Index Cond": "(id = mc.company_id)"}]}]}, {"Node Type": "Bitmap Heap Scan", "Parent Relationship": "Inner", "Relation Name": "title", "Alias": "t", "Startup Cost": 3.93, "Total Cost": 7.95, "Plan Rows": 1, "Plan Width": 21, "Recheck Cond": "(id = mc.movie_id)", "Filter": "((production_year >= 2006) AND (production_year <= 2007) AND (((title)::text ~~ 'One Piece%'::text) OR ((title)::text ~~ 'Dragon Ball Z%'::text)))", "Plans": [{"Node Type": "Bitmap Index Scan", "Parent Relationship": "Outer", "Index Name": "title_pkey", "Startup Cost": 0.0, "Total Cost": 3.93, "Plan Rows": 1, "Plan Width": 0, "Index Cond": "(id = mc.movie_id)"}]}]}, {"Node Type": "Bitmap Heap Scan", "Parent Relationship": "Inner", "Relation Name": "cast_info", "Alias": "ci", "Startup Cost": 4.27, "Total Cost": 28.27, "Plan Rows": 1, "Plan Width": 12, "Recheck Cond": "(movie_id = mc.movie_id)", "Filter": "((note)::text = '(voice: English version)'::text)", "Plans": [{"Node Type": "Bitmap Index Scan", "Parent Relationship": "Outer", "Index Name": "movie_id_cast_info", "Startup Cost": 0.0, "Total Cost": 4.27, "Plan Rows": 6, "Plan Width": 0, "Index Cond": "(movie_id = mc.movie_id)"}]}]}, {"Node Type": "Bitmap Heap Scan", "Parent Relationship": "Inner", "Relation Name": "aka_name", "Alias": "an", "Startup Cost": 0.38, "Total Cost": 4.39, "Plan Rows": 1, "Plan Width": 20, "Recheck Cond": "(person_id = ci.person_id)", "Plans": [{"Node Type": "Bitmap Index Scan", "Parent Relationship": "Outer", "Index Name": "person_id_aka_name", "Startup Cost": 0.0, "Total Cost": 0.38, "Plan Rows": 1, "Plan Width": 0, "Index Cond": "(person_id = ci.person_id)"}]}]}, {"Node Type": "Bitmap Heap Scan", "Parent Relationship": "Inner", "Relation Name": "name", "Alias": "n", "Startup Cost": 0.33, "Total Cost": 4.34, "Plan Rows": 1, "Plan Width": 4, "Recheck Cond": "(id = an.person_id)", "Filter": "(((name)::text ~~ '%Yo%'::text) AND ((name)::text !~~ '%Yu%'::text))", "Plans": [{"Node Type": "Bitmap Index Scan", "Parent Relationship": "Outer", "Index Name": "name_pkey", "Startup Cost": 0.0, "Total Cost": 0.33, "Plan Rows": 1, "Plan Width": 0, "Index Cond": "(id = an.person_id)"}]}]}, {"Node Type": "Seq Scan", "Parent Relationship": "Inner", "Relation Name": "role_type", "Alias": "rt", "Startup Cost": 0.0, "Total Cost": 1.15, "Plan Rows": 1, "Plan Width": 4, "Filter": "((role)::text = 'actress'::text)"}]}]}, "Unique SQL Id": 3956435728, "Planner Runtime": 7}, "explain_analyze_plan": {"Plan": {"Node Type": "Aggregate", "Strategy": "Plain", "Startup Cost": 78740.56, "Total Cost": 78740.57, "Plan Rows": 1, "Plan Width": 97, "Actual Startup Time": 1096.682, "Actual Total Time": 1096.682, "Actual Rows": 1, "Actual Loops": 1, "Plans": [{"Node Type": "Nested Loop", "Parent Relationship": "Outer", "Join Type": "Inner", "Startup Cost": 10.14, "Total Cost": 78740.56, "Plan Rows": 1, "Plan Width": 33, "Actual Startup Time": 378.069, "Actual Total Time": 1096.636, "Actual Rows": 6, "Actual Loops": 1, "Inner Unique": true, "Join Filter": "(ci.role_id = rt.id)", "Rows Removed by Join Filter": 0, "Plans": [{"Node Type": "Nested Loop", "Parent Relationship": "Outer", "Join Type": "Inner", "Startup Cost": 10.14, "Total Cost": 78739.4, "Plan Rows": 1, "Plan Width": 37, "Actual Startup Time": 378.051, "Actual Total Time": 1096.576, "Actual Rows": 6, "Actual Loops": 1, "Inner Unique": true, "Plans": [{"Node Type": "Nested Loop", "Parent Relationship": "Outer", "Join Type": "Inner", "Startup Cost": 9.81, "Total Cost": 78735.04, "Plan Rows": 1, "Plan Width": 45, "Actual Startup Time": 377.481, "Actual Total Time": 1095.373, "Actual Rows": 171, "Actual Loops": 1, "Inner Unique": false, "Plans": [{"Node Type": "Nested Loop", "Parent Relationship": "Outer", "Join Type": "Inner", "Startup Cost": 9.43, "Total Cost": 78730.64, "Plan Rows": 1, "Plan Width": 25, "Actual Startup Time": 377.425, "Actual Total Time": 1094.322, "Actual Rows": 104, "Actual Loops": 1, "Inner Unique": false, "Join Filter": "(t.id = ci.movie_id)", "Rows Removed by Join Filter": 0, "Plans": [{"Node Type": "Nested Loop", "Parent Relationship": "Outer", "Join Type": "Inner", "Startup Cost": 5.16, "Total Cost": 78674.07, "Plan Rows": 2, "Plan Width": 25, "Actual Startup Time": 377.356, "Actual Total Time": 1093.675, "Actual Rows": 4, "Actual Loops": 1, "Inner Unique": true, "Plans": [{"Node Type": "Nested Loop", "Parent Relationship": "Outer", "Join Type": "Inner", "Startup Cost": 1.23, "Total Cost": 76587.66, "Plan Rows": 262, "Plan Width": 4, "Actual Startup Time": 0.293, "Actual Total Time": 1032.956, "Actual Rows": 8495, "Actual Loops": 1, "Inner Unique": true, "Plans": [{"Node Type": "Seq Scan", "Parent Relationship": "Outer", "Relation Name": "movie_companies", "Alias": "mc", "Startup Cost": 0.0, "Total Cost": 67908.56, "Plan Rows": 1652, "Plan Width": 8, "Actual Startup Time": 0.249, "Actual Total Time": 980.25, "Actual Rows": 8569, "Actual Loops": 1, "Filter": "(((note)::text ~~ '%(Japan)%'::text) AND ((note)::text !~~ '%(USA)%'::text) AND (((note)::text ~~ '%(2006)%'::text) OR ((note)::text ~~ '%(2007)%'::text)))", "Rows Removed by Filter": 2600559}, {"Node Type": "Bitmap Heap Scan", "Parent Relationship": "Inner", "Relation Name": "company_name", "Alias": "cn", "Startup Cost": 1.23, "Total Cost": 5.24, "Plan Rows": 1, "Plan Width": 4, "Actual Startup Time": 40.664, "Actual Total Time": 40.664, "Actual Rows": 8495, "Actual Loops": 8569, "Recheck Cond": "(id = mc.company_id)", "Rows Removed by Index Recheck": 0, "Filter": "((country_code)::text = '[jp]'::text)", "Rows Removed by Filter": 74, "Exact Heap Blocks": 8569, "Lossy Heap Blocks": 8569, "Plans": [{"Node Type": "Bitmap Index Scan", "Parent Relationship": "Outer", "Index Name": "company_name_pkey", "Startup Cost": 0.0, "Total Cost": 1.23, "Plan Rows": 1, "Plan Width": 0, "Actual Startup Time": 23.087, "Actual Total Time": 23.087, "Actual Rows": 8569, "Actual Loops": 8569, "Index Cond": "(id = mc.company_id)"}]}]}, {"Node Type": "Bitmap Heap Scan", "Parent Relationship": "Inner", "Relation Name": "title", "Alias": "t", "Startup Cost": 3.93, "Total Cost": 7.95, "Plan Rows": 1, "Plan Width": 21, "Actual Startup Time": 50.328, "Actual Total Time": 50.328, "Actual Rows": 4, "Actual Loops": 8495, "Recheck Cond": "(id = mc.movie_id)", "Rows Removed by Index Recheck": 0, "Filter": "((production_year >= 2006) AND (production_year <= 2007) AND (((title)::text ~~ 'One Piece%'::text) OR ((title)::text ~~ 'Dragon Ball Z%'::text)))", "Rows Removed by Filter": 8491, "Exact Heap Blocks": 8495, "Lossy Heap Blocks": 8495, "Plans": [{"Node Type": "Bitmap Index Scan", "Parent Relationship": "Outer", "Index Name": "title_pkey", "Startup Cost": 0.0, "Total Cost": 3.93, "Plan Rows": 1, "Plan Width": 0, "Actual Startup Time": 25.506, "Actual Total Time": 25.506, "Actual Rows": 8495, "Actual Loops": 8495, "Index Cond": "(id = mc.movie_id)"}]}]}, {"Node Type": "Bitmap Heap Scan", "Parent Relationship": "Inner", "Relation Name": "cast_info", "Alias": "ci", "Startup Cost": 4.27, "Total Cost": 28.27, "Plan Rows": 1, "Plan Width": 12, "Actual Startup Time": 0.261, "Actual Total Time": 0.577, "Actual Rows": 104, "Actual Loops": 4, "Recheck Cond": "(movie_id = mc.movie_id)", "Rows Removed by Index Recheck": 0, "Filter": "((note)::text = '(voice: English version)'::text)", "Rows Removed by Filter": 68, "Exact Heap Blocks": 133, "Lossy Heap Blocks": 133, "Plans": [{"Node Type": "Bitmap Index Scan", "Parent Relationship": "Outer", "Index Name": "movie_id_cast_info", "Startup Cost": 0.0, "Total Cost": 4.27, "Plan Rows": 6, "Plan Width": 0, "Actual Startup Time": 0.085, "Actual Total Time": 0.085, "Actual Rows": 172, "Actual Loops": 4, "Index Cond": "(movie_id = mc.movie_id)"}]}]}, {"Node Type": "Bitmap Heap Scan", "Parent Relationship": "Inner", "Relation Name": "aka_name", "Alias": "an", "Startup Cost": 0.38, "Total Cost": 4.39, "Plan Rows": 1, "Plan Width": 20, "Actual Startup Time": 0.772, "Actual Total Time": 0.862, "Actual Rows": 171, "Actual Loops": 104, "Recheck Cond": "(person_id = ci.person_id)", "Rows Removed by Index Recheck": 0, "Exact Heap Blocks": 105, "Lossy Heap Blocks": 105, "Plans": [{"Node Type": "Bitmap Index Scan", "Parent Relationship": "Outer", "Index Name": "person_id_aka_name", "Startup Cost": 0.0, "Total Cost": 0.38, "Plan Rows": 1, "Plan Width": 0, "Actual Startup Time": 0.508, "Actual Total Time": 0.508, "Actual Rows": 171, "Actual Loops": 104, "Index Cond": "(person_id = ci.person_id)"}]}]}, {"Node Type": "Bitmap Heap Scan", "Parent Relationship": "Inner", "Relation Name": "name", "Alias": "n", "Startup Cost": 0.33, "Total Cost": 4.34, "Plan Rows": 1, "Plan Width": 4, "Actual Startup Time": 0.995, "Actual Total Time": 0.995, "Actual Rows": 6, "Actual Loops": 171, "Recheck Cond": "(id = an.person_id)", "Rows Removed by Index Recheck": 0, "Filter": "(((name)::text ~~ '%Yo%'::text) AND ((name)::text !~~ '%Yu%'::text))", "Rows Removed by Filter": 165, "Exact Heap Blocks": 171, "Lossy Heap Blocks": 171, "Plans": [{"Node Type": "Bitmap Index Scan", "Parent Relationship": "Outer", "Index Name": "name_pkey", "Startup Cost": 0.0, "Total Cost": 0.33, "Plan Rows": 1, "Plan Width": 0, "Actual Startup Time": 0.603, "Actual Total Time": 0.603, "Actual Rows": 171, "Actual Loops": 171, "Index Cond": "(id = an.person_id)"}]}]}, {"Node Type": "Seq Scan", "Parent Relationship": "Inner", "Relation Name": "role_type", "Alias": "rt", "Startup Cost": 0.0, "Total Cost": 1.15, "Plan Rows": 1, "Plan Width": 4, "Actual Startup Time": 0.035, "Actual Total Time": 0.035, "Actual Rows": 6, "Actual Loops": 6, "Filter": "((role)::text = 'actress'::text)", "Rows Removed by Filter": 6}]}]}, "Triggers": [], "Planner Runtime": 7.414, "Total Runtime": 1097.032, "Unique SQL Id": 3956435728}}, "(1, '115')": {"explain_plan": {"Plan": {"Node Type": "Aggregate", "Strategy": "Plain", "Startup Cost": 1000012201008.67, "Total Cost": 1000012201008.68, "Plan Rows": 1, "Plan Width": 97, "Plans": [{"Node Type": "Nested Loop", "Parent Relationship": "Outer", "Join Type": "Inner", "Startup Cost": 10000000004.12, "Total Cost": 1000012201008.67, "Plan Rows": 1, "Plan Width": 33, "Inner Unique": true, "Plans": [{"Node Type": "Nested Loop", "Parent Relationship": "Outer", "Join Type": "Inner", "Startup Cost": 10000000003.79, "Total Cost": 1000012201004.31, "Plan Rows": 1, "Plan Width": 41, "Inner Unique": true, "Plans": [{"Node Type": "Nested Loop", "Parent Relationship": "Outer", "Join Type": "Inner", "Startup Cost": 10000000003.54, "Total Cost": 1000012201000.03, "Plan Rows": 1, "Plan Width": 45, "Inner Unique": true, "Plans": [{"Node Type": "Nested Loop", "Parent Relationship": "Outer", "Join Type": "Inner", "Startup Cost": 10000000002.31, "Total Cost": 1000012200994.77, "Plan Rows": 1, "Plan Width": 49, "Inner Unique": false, "Plans": [{"Node Type": "Nested Loop", "Parent Relationship": "Outer", "Join Type": "Inner", "Startup Cost": 10000000001.65, "Total Cost": 1000012200744.81, "Plan Rows": 53, "Plan Width": 53, "Inner Unique": true, "Plans": [{"Node Type": "Nested Loop", "Parent Relationship": "Outer", "Join Type": "Inner", "Startup Cost": 10000000001.0, "Total Cost": 1000011659757.19, "Plan Rows": 115768, "Plan Width": 32, "Inner Unique": false, "Plans": [{"Node Type": "Index Scan", "Parent Relationship": "Outer", "Scan Direction": "Forward", "Index Name": "person_id_aka_name", "Relation Name": "aka_name", "Alias": "an", "Startup Cost": 10000000000.0, "Total Cost": 1000006896503.43, "Plan Rows": 901342, "Plan Width": 20}, {"Node Type": "Bitmap Heap Scan", "Parent Relationship": "Inner", "Relation Name": "cast_info", "Alias": "ci", "Startup Cost": 1.0, "Total Cost": 5.27, "Plan Rows": 1, "Plan Width": 12, "Recheck Cond": "(person_id = an.person_id)", "Filter": "((note)::text = '(voice: English version)'::text)", "Plans": [{"Node Type": "Bitmap Index Scan", "Parent Relationship": "Outer", "Index Name": "person_id_cast_info", "Startup Cost": 0.0, "Total Cost": 1.0, "Plan Rows": 18, "Plan Width": 0, "Index Cond": "(person_id = an.person_id)"}]}]}, {"Node Type": "Bitmap Heap Scan", "Parent Relationship": "Inner", "Relation Name": "title", "Alias": "t", "Startup Cost": 0.64, "Total Cost": 4.66, "Plan Rows": 1, "Plan Width": 21, "Recheck Cond": "(id = ci.movie_id)", "Filter": "((production_year >= 2006) AND (production_year <= 2007) AND (((title)::text ~~ 'One Piece%'::text) OR ((title)::text ~~ 'Dragon Ball Z%'::text)))", "Plans": [{"Node Type": "Bitmap Index Scan", "Parent Relationship": "Outer", "Index Name": "title_pkey", "Startup Cost": 0.0, "Total Cost": 0.64, "Plan Rows": 1, "Plan Width": 0, "Index Cond": "(id = ci.movie_id)"}]}]}, {"Node Type": "Bitmap Heap Scan", "Parent Relationship": "Inner", "Relation Name": "movie_companies", "Alias": "mc", "Startup Cost": 0.66, "Total Cost": 4.71, "Plan Rows": 1, "Plan Width": 8, "Recheck Cond": "(movie_id = ci.movie_id)", "Filter": "(((note)::text ~~ '%(Japan)%'::text) AND ((note)::text !~~ '%(USA)%'::text) AND (((note)::text ~~ '%(2006)%'::text) OR ((note)::text ~~ '%(2007)%'::text)))", "Plans": [{"Node Type": "Bitmap Index Scan", "Parent Relationship": "Outer", "Index Name": "movie_id_movie_companies", "Startup Cost": 0.0, "Total Cost": 0.66, "Plan Rows": 2, "Plan Width": 0, "Index Cond": "(movie_id = ci.movie_id)"}]}]}, {"Node Type": "Bitmap Heap Scan", "Parent Relationship": "Inner", "Relation Name": "company_name", "Alias": "cn", "Startup Cost": 1.23, "Total Cost": 5.24, "Plan Rows": 1, "Plan Width": 4, "Recheck Cond": "(id = mc.company_id)", "Filter": "((country_code)::text = '[jp]'::text)", "Plans": [{"Node Type": "Bitmap Index Scan", "Parent Relationship": "Outer", "Index Name": "company_name_pkey", "Startup Cost": 0.0, "Total Cost": 1.23, "Plan Rows": 1, "Plan Width": 0, "Index Cond": "(id = mc.company_id)"}]}]}, {"Node Type": "Bitmap Heap Scan", "Parent Relationship": "Inner", "Relation Name": "role_type", "Alias": "rt", "Startup Cost": 0.26, "Total Cost": 4.27, "Plan Rows": 1, "Plan Width": 4, "Recheck Cond": "(id = ci.role_id)", "Filter": "((role)::text = 'actress'::text)", "Plans": [{"Node Type": "Bitmap Index Scan", "Parent Relationship": "Outer", "Index Name": "role_type_pkey", "Startup Cost": 0.0, "Total Cost": 0.26, "Plan Rows": 1, "Plan Width": 0, "Index Cond": "(id = ci.role_id)"}]}]}, {"Node Type": "Bitmap Heap Scan", "Parent Relationship": "Inner", "Relation Name": "name", "Alias": "n", "Startup Cost": 0.33, "Total Cost": 4.34, "Plan Rows": 1, "Plan Width": 4, "Recheck Cond": "(id = an.person_id)", "Filter": "(((name)::text ~~ '%Yo%'::text) AND ((name)::text !~~ '%Yu%'::text))", "Plans": [{"Node Type": "Bitmap Index Scan", "Parent Relationship": "Outer", "Index Name": "name_pkey", "Startup Cost": 0.0, "Total Cost": 0.33, "Plan Rows": 1, "Plan Width": 0, "Index Cond": "(id = an.person_id)"}]}]}]}, "Unique SQL Id": 3956435728, "Planner Runtime": 5}, "explain_analyze_plan": null}, "(1, '116')": {"explain_plan": {"Plan": {"Node Type": "Aggregate", "Strategy": "Plain", "Startup Cost": 77270.98, "Total Cost": 77270.99, "Plan Rows": 1, "Plan Width": 97, "Plans": [{"Node Type": "Nested Loop", "Parent Relationship": "Outer", "Join Type": "Inner", "Startup Cost": 0.0, "Total Cost": 77270.98, "Plan Rows": 1, "Plan Width": 33, "Inner Unique": true, "Plans": [{"Node Type": "Nested Loop", "Parent Relationship": "Outer", "Join Type": "Inner", "Startup Cost": 0.0, "Total Cost": 77270.7, "Plan Rows": 1, "Plan Width": 37, "Inner Unique": true, "Plans": [{"Node Type": "Nested Loop", "Parent Relationship": "Outer", "Join Type": "Inner", "Startup Cost": 0.0, "Total Cost": 77270.11, "Plan Rows": 1, "Plan Width": 45, "Inner Unique": false, "Plans": [{"Node Type": "Nested Loop", "Parent Relationship": "Outer", "Join Type": "Inner", "Startup Cost": 0.0, "Total Cost": 77269.26, "Plan Rows": 1, "Plan Width": 25, "Inner Unique": false, "Join Filter": "(t.id = ci.movie_id)", "Plans": [{"Node Type": "Nested Loop", "Parent Relationship": "Outer", "Join Type": "Inner", "Startup Cost": 0.0, "Total Cost": 77213.48, "Plan Rows": 2, "Plan Width": 25, "Inner Unique": true, "Plans": [{"Node Type": "Nested Loop", "Parent Relationship": "Outer", "Join Type": "Inner", "Startup Cost": 0.0, "Total Cost": 75151.25, "Plan Rows": 262, "Plan Width": 4, "Inner Unique": true, "Plans": [{"Node Type": "Seq Scan", "Parent Relationship": "Outer", "Relation Name": "movie_companies", "Alias": "mc", "Startup Cost": 0.0, "Total Cost": 67908.56, "Plan Rows": 1652, "Plan Width": 8, "Filter": "(((note)::text ~~ '%(Japan)%'::text) AND ((note)::text !~~ '%(USA)%'::text) AND (((note)::text ~~ '%(2006)%'::text) OR ((note)::text ~~ '%(2007)%'::text)))"}, {"Node Type": "Index Scan", "Parent Relationship": "Inner", "Scan Direction": "Forward", "Index Name": "company_name_pkey", "Relation Name": "company_name", "Alias": "cn", "Startup Cost": 0.0, "Total Cost": 4.37, "Plan Rows": 1, "Plan Width": 4, "Index Cond": "(id = mc.company_id)", "Filter": "((country_code)::text = '[jp]'::text)"}]}, {"Node Type": "Index Scan", "Parent Relationship": "Inner", "Scan Direction": "Forward", "Index Name": "title_pkey", "Relation Name": "title", "Alias": "t", "Startup Cost": 0.0, "Total Cost": 7.86, "Plan Rows": 1, "Plan Width": 21, "Index Cond": "(id = mc.movie_id)", "Filter": "((production_year >= 2006) AND (production_year <= 2007) AND (((title)::text ~~ 'One Piece%'::text) OR ((title)::text ~~ 'Dragon Ball Z%'::text)))"}]}, {"Node Type": "Index Scan", "Parent Relationship": "Inner", "Scan Direction": "Forward", "Index Name": "movie_id_cast_info", "Relation Name": "cast_info", "Alias": "ci", "Startup Cost": 0.0, "Total Cost": 27.88, "Plan Rows": 1, "Plan Width": 12, "Index Cond": "(movie_id = mc.movie_id)", "Filter": "((note)::text = '(voice: English version)'::text)"}]}, {"Node Type": "Index Scan", "Parent Relationship": "Inner", "Scan Direction": "Forward", "Index Name": "person_id_aka_name", "Relation Name": "aka_name", "Alias": "an", "Startup Cost": 0.0, "Total Cost": 0.84, "Plan Rows": 1, "Plan Width": 20, "Index Cond": "(person_id = ci.person_id)"}]}, {"Node Type": "Index Scan", "Parent Relationship": "Inner", "Scan Direction": "Forward", "Index Name": "name_pkey", "Relation Name": "name", "Alias": "n", "Startup Cost": 0.0, "Total Cost": 0.57, "Plan Rows": 1, "Plan Width": 4, "Index Cond": "(id = an.person_id)", "Filter": "(((name)::text ~~ '%Yo%'::text) AND ((name)::text !~~ '%Yu%'::text))"}]}, {"Node Type": "Index Scan", "Parent Relationship": "Inner", "Scan Direction": "Forward", "Index Name": "role_type_pkey", "Relation Name": "role_type", "Alias": "rt", "Startup Cost": 0.0, "Total Cost": 0.27, "Plan Rows": 1, "Plan Width": 4, "Index Cond": "(id = ci.role_id)", "Filter": "((role)::text = 'actress'::text)"}]}]}, "Unique SQL Id": 3956435728, "Planner Runtime": 6}, "explain_analyze_plan": {"Plan": {"Node Type": "Aggregate", "Strategy": "Plain", "Startup Cost": 77270.98, "Total Cost": 77270.99, "Plan Rows": 1, "Plan Width": 97, "Actual Startup Time": 1034.996, "Actual Total Time": 1034.997, "Actual Rows": 1, "Actual Loops": 1, "Plans": [{"Node Type": "Nested Loop", "Parent Relationship": "Outer", "Join Type": "Inner", "Startup Cost": 0.0, "Total Cost": 77270.98, "Plan Rows": 1, "Plan Width": 33, "Actual Startup Time": 359.457, "Actual Total Time": 1034.942, "Actual Rows": 6, "Actual Loops": 1, "Inner Unique": true, "Plans": [{"Node Type": "Nested Loop", "Parent Relationship": "Outer", "Join Type": "Inner", "Startup Cost": 0.0, "Total Cost": 77270.7, "Plan Rows": 1, "Plan Width": 37, "Actual Startup Time": 359.446, "Actual Total Time": 1034.911, "Actual Rows": 6, "Actual Loops": 1, "Inner Unique": true, "Plans": [{"Node Type": "Nested Loop", "Parent Relationship": "Outer", "Join Type": "Inner", "Startup Cost": 0.0, "Total Cost": 77270.11, "Plan Rows": 1, "Plan Width": 45, "Actual Startup Time": 358.983, "Actual Total Time": 1034.041, "Actual Rows": 171, "Actual Loops": 1, "Inner Unique": false, "Plans": [{"Node Type": "Nested Loop", "Parent Relationship": "Outer", "Join Type": "Inner", "Startup Cost": 0.0, "Total Cost": 77269.26, "Plan Rows": 1, "Plan Width": 25, "Actual Startup Time": 358.966, "Actual Total Time": 1033.417, "Actual Rows": 104, "Actual Loops": 1, "Inner Unique": false, "Join Filter": "(t.id = ci.movie_id)", "Rows Removed by Join Filter": 0, "Plans": [{"Node Type": "Nested Loop", "Parent Relationship": "Outer", "Join Type": "Inner", "Startup Cost": 0.0, "Total Cost": 77213.48, "Plan Rows": 2, "Plan Width": 25, "Actual Startup Time": 358.923, "Actual Total Time": 1033.02, "Actual Rows": 4, "Actual Loops": 1, "Inner Unique": true, "Plans": [{"Node Type": "Nested Loop", "Parent Relationship": "Outer", "Join Type": "Inner", "Startup Cost": 0.0, "Total Cost": 75151.25, "Plan Rows": 262, "Plan Width": 4, "Actual Startup Time": 0.3, "Actual Total Time": 989.642, "Actual Rows": 8495, "Actual Loops": 1, "Inner Unique": true, "Plans": [{"Node Type": "Seq Scan", "Parent Relationship": "Outer", "Relation Name": "movie_companies", "Alias": "mc", "Startup Cost": 0.0, "Total Cost": 67908.56, "Plan Rows": 1652, "Plan Width": 8, "Actual Startup Time": 0.264, "Actual Total Time": 953.15, "Actual Rows": 8569, "Actual Loops": 1, "Filter": "(((note)::text ~~ '%(Japan)%'::text) AND ((note)::text !~~ '%(USA)%'::text) AND (((note)::text ~~ '%(2006)%'::text) OR ((note)::text ~~ '%(2007)%'::text)))", "Rows Removed by Filter": 2600559}, {"Node Type": "Index Scan", "Parent Relationship": "Inner", "Scan Direction": "Forward", "Index Name": "company_name_pkey", "Relation Name": "company_name", "Alias": "cn", "Startup Cost": 0.0, "Total Cost": 4.37, "Plan Rows": 1, "Plan Width": 4, "Actual Startup Time": 29.873, "Actual Total Time": 29.873, "Actual Rows": 8495, "Actual Loops": 8569, "Index Cond": "(id = mc.company_id)", "Rows Removed by Index Recheck": 0, "Filter": "((country_code)::text = '[jp]'::text)", "Rows Removed by Filter": 74}]}, {"Node Type": "Index Scan", "Parent Relationship": "Inner", "Scan Direction": "Forward", "Index Name": "title_pkey", "Relation Name": "title", "Alias": "t", "Startup Cost": 0.0, "Total Cost": 7.86, "Plan Rows": 1, "Plan Width": 21, "Actual Startup Time": 38.797, "Actual Total Time": 38.797, "Actual Rows": 4, "Actual Loops": 8495, "Index Cond": "(id = mc.movie_id)", "Rows Removed by Index Recheck": 0, "Filter": "((production_year >= 2006) AND (production_year <= 2007) AND (((title)::text ~~ 'One Piece%'::text) OR ((title)::text ~~ 'Dragon Ball Z%'::text)))", "Rows Removed by Filter": 8491}]}, {"Node Type": "Index Scan", "Parent Relationship": "Inner", "Scan Direction": "Forward", "Index Name": "movie_id_cast_info", "Relation Name": "cast_info", "Alias": "ci", "Startup Cost": 0.0, "Total Cost": 27.88, "Plan Rows": 1, "Plan Width": 12, "Actual Startup Time": 0.117, "Actual Total Time": 0.343, "Actual Rows": 104, "Actual Loops": 4, "Index Cond": "(movie_id = mc.movie_id)", "Rows Removed by Index Recheck": 0, "Filter": "((note)::text = '(voice: English version)'::text)", "Rows Removed by Filter": 68}]}, {"Node Type": "Index Scan", "Parent Relationship": "Inner", "Scan Direction": "Forward", "Index Name": "person_id_aka_name", "Relation Name": "aka_name", "Alias": "an", "Startup Cost": 0.0, "Total Cost": 0.84, "Plan Rows": 1, "Plan Width": 20, "Actual Startup Time": 0.434, "Actual Total Time": 0.52, "Actual Rows": 171, "Actual Loops": 104, "Index Cond": "(person_id = ci.person_id)", "Rows Removed by Index Recheck": 0}]}, {"Node Type": "Index Scan", "Parent Relationship": "Inner", "Scan Direction": "Forward", "Index Name": "name_pkey", "Relation Name": "name", "Alias": "n", "Startup Cost": 0.0, "Total Cost": 0.57, "Plan Rows": 1, "Plan Width": 4, "Actual Startup Time": 0.753, "Actual Total Time": 0.753, "Actual Rows": 6, "Actual Loops": 171, "Index Cond": "(id = an.person_id)", "Rows Removed by Index Recheck": 0, "Filter": "(((name)::text ~~ '%Yo%'::text) AND ((name)::text !~~ '%Yu%'::text))", "Rows Removed by Filter": 165}]}, {"Node Type": "Index Scan", "Parent Relationship": "Inner", "Scan Direction": "Forward", "Index Name": "role_type_pkey", "Relation Name": "role_type", "Alias": "rt", "Startup Cost": 0.0, "Total Cost": 0.27, "Plan Rows": 1, "Plan Width": 4, "Actual Startup Time": 0.02, "Actual Total Time": 0.02, "Actual Rows": 6, "Actual Loops": 6, "Index Cond": "(id = ci.role_id)", "Rows Removed by Index Recheck": 0, "Filter": "((role)::text = 'actress'::text)", "Rows Removed by Filter": 0}]}]}, "Triggers": [], "Planner Runtime": 6.295, "Total Runtime": 1035.253, "Unique SQL Id": 3956435728}}, "(1, '117')": {"explain_plan": {"Plan": {"Node Type": "Aggregate", "Strategy": "Plain", "Startup Cost": 84111.26, "Total Cost": 84111.27, "Plan Rows": 1, "Plan Width": 97, "Plans": [{"Node Type": "Nested Loop", "Parent Relationship": "Outer", "Join Type": "Inner", "Startup Cost": 0.0, "Total Cost": 84111.26, "Plan Rows": 1, "Plan Width": 33, "Inner Unique": true, "Plans": [{"Node Type": "Nested Loop", "Parent Relationship": "Outer", "Join Type": "Inner", "Startup Cost": 0.0, "Total Cost": 84110.97, "Plan Rows": 1, "Plan Width": 37, "Inner Unique": true, "Plans": [{"Node Type": "Nested Loop", "Parent Relationship": "Outer", "Join Type": "Inner", "Startup Cost": 0.0, "Total Cost": 84110.39, "Plan Rows": 1, "Plan Width": 45, "Inner Unique": false, "Plans": [{"Node Type": "Nested Loop", "Parent Relationship": "Outer", "Join Type": "Inner", "Startup Cost": 0.0, "Total Cost": 84109.54, "Plan Rows": 1, "Plan Width": 25, "Inner Unique": false, "Join Filter": "(t.id = ci.movie_id)", "Plans": [{"Node Type": "Nested Loop", "Parent Relationship": "Outer", "Join Type": "Inner", "Startup Cost": 0.0, "Total Cost": 84053.76, "Plan Rows": 2, "Plan Width": 25, "Inner Unique": true, "Plans": [{"Node Type": "Nested Loop", "Parent Relationship": "Outer", "Join Type": "Inner", "Startup Cost": 0.0, "Total Cost": 81991.53, "Plan Rows": 262, "Plan Width": 4, "Inner Unique": false, "Plans": [{"Node Type": "Index Scan", "Parent Relationship": "Outer", "Scan Direction": "Forward", "Index Name": "company_name_pkey", "Relation Name": "company_name", "Alias": "cn", "Startup Cost": 0.0, "Total Cost": 10501.39, "Plan Rows": 6290, "Plan Width": 4, "Filter": "((country_code)::text = '[jp]'::text)"}, {"Node Type": "Index Scan", "Parent Relationship": "Inner", "Scan Direction": "Forward", "Index Name": "company_id_movie_companies", "Relation Name": "movie_companies", "Alias": "mc", "Startup Cost": 0.0, "Total Cost": 11.36, "Plan Rows": 1, "Plan Width": 8, "Index Cond": "(company_id = cn.id)", "Filter": "(((note)::text ~~ '%(Japan)%'::text) AND ((note)::text !~~ '%(USA)%'::text) AND (((note)::text ~~ '%(2006)%'::text) OR ((note)::text ~~ '%(2007)%'::text)))"}]}, {"Node Type": "Index Scan", "Parent Relationship": "Inner", "Scan Direction": "Forward", "Index Name": "title_pkey", "Relation Name": "title", "Alias": "t", "Startup Cost": 0.0, "Total Cost": 7.86, "Plan Rows": 1, "Plan Width": 21, "Index Cond": "(id = mc.movie_id)", "Filter": "((production_year >= 2006) AND (production_year <= 2007) AND (((title)::text ~~ 'One Piece%'::text) OR ((title)::text ~~ 'Dragon Ball Z%'::text)))"}]}, {"Node Type": "Index Scan", "Parent Relationship": "Inner", "Scan Direction": "Forward", "Index Name": "movie_id_cast_info", "Relation Name": "cast_info", "Alias": "ci", "Startup Cost": 0.0, "Total Cost": 27.88, "Plan Rows": 1, "Plan Width": 12, "Index Cond": "(movie_id = mc.movie_id)", "Filter": "((note)::text = '(voice: English version)'::text)"}]}, {"Node Type": "Index Scan", "Parent Relationship": "Inner", "Scan Direction": "Forward", "Index Name": "person_id_aka_name", "Relation Name": "aka_name", "Alias": "an", "Startup Cost": 0.0, "Total Cost": 0.84, "Plan Rows": 1, "Plan Width": 20, "Index Cond": "(person_id = ci.person_id)"}]}, {"Node Type": "Index Scan", "Parent Relationship": "Inner", "Scan Direction": "Forward", "Index Name": "name_pkey", "Relation Name": "name", "Alias": "n", "Startup Cost": 0.0, "Total Cost": 0.57, "Plan Rows": 1, "Plan Width": 4, "Index Cond": "(id = an.person_id)", "Filter": "(((name)::text ~~ '%Yo%'::text) AND ((name)::text !~~ '%Yu%'::text))"}]}, {"Node Type": "Index Scan", "Parent Relationship": "Inner", "Scan Direction": "Forward", "Index Name": "role_type_pkey", "Relation Name": "role_type", "Alias": "rt", "Startup Cost": 0.0, "Total Cost": 0.27, "Plan Rows": 1, "Plan Width": 4, "Index Cond": "(id = ci.role_id)", "Filter": "((role)::text = 'actress'::text)"}]}]}, "Unique SQL Id": 3956435728, "Planner Runtime": 6}, "explain_analyze_plan": {"Plan": {"Node Type": "Aggregate", "Strategy": "Plain", "Startup Cost": 84111.26, "Total Cost": 84111.27, "Plan Rows": 1, "Plan Width": 97, "Actual Startup Time": 581.73, "Actual Total Time": 581.73, "Actual Rows": 1, "Actual Loops": 1, "Plans": [{"Node Type": "Nested Loop", "Parent Relationship": "Outer", "Join Type": "Inner", "Startup Cost": 0.0, "Total Cost": 84111.26, "Plan Rows": 1, "Plan Width": 33, "Actual Startup Time": 54.321, "Actual Total Time": 581.694, "Actual Rows": 6, "Actual Loops": 1, "Inner Unique": true, "Plans": [{"Node Type": "Nested Loop", "Parent Relationship": "Outer", "Join Type": "Inner", "Startup Cost": 0.0, "Total Cost": 84110.97, "Plan Rows": 1, "Plan Width": 37, "Actual Startup Time": 54.312, "Actual Total Time": 581.658, "Actual Rows": 6, "Actual Loops": 1, "Inner Unique": true, "Plans": [{"Node Type": "Nested Loop", "Parent Relationship": "Outer", "Join Type": "Inner", "Startup Cost": 0.0, "Total Cost": 84110.39, "Plan Rows": 1, "Plan Width": 45, "Actual Startup Time": 53.198, "Actual Total Time": 580.628, "Actual Rows": 171, "Actual Loops": 1, "Inner Unique": false, "Plans": [{"Node Type": "Nested Loop", "Parent Relationship": "Outer", "Join Type": "Inner", "Startup Cost": 0.0, "Total Cost": 84109.54, "Plan Rows": 1, "Plan Width": 25, "Actual Startup Time": 53.177, "Actual Total Time": 579.772, "Actual Rows": 104, "Actual Loops": 1, "Inner Unique": false, "Join Filter": "(t.id = ci.movie_id)", "Rows Removed by Join Filter": 0, "Plans": [{"Node Type": "Nested Loop", "Parent Relationship": "Outer", "Join Type": "Inner", "Startup Cost": 0.0, "Total Cost": 84053.76, "Plan Rows": 2, "Plan Width": 25, "Actual Startup Time": 53.042, "Actual Total Time": 579.227, "Actual Rows": 4, "Actual Loops": 1, "Inner Unique": true, "Plans": [{"Node Type": "Nested Loop", "Parent Relationship": "Outer", "Join Type": "Inner", "Startup Cost": 0.0, "Total Cost": 81991.53, "Plan Rows": 262, "Plan Width": 4, "Actual Startup Time": 0.312, "Actual Total Time": 518.839, "Actual Rows": 8495, "Actual Loops": 1, "Inner Unique": false, "Plans": [{"Node Type": "Index Scan", "Parent Relationship": "Outer", "Scan Direction": "Forward", "Index Name": "company_name_pkey", "Relation Name": "company_name", "Alias": "cn", "Startup Cost": 0.0, "Total Cost": 10501.39, "Plan Rows": 6290, "Plan Width": 4, "Actual Startup Time": 0.264, "Actual Total Time": 291.012, "Actual Rows": 6752, "Actual Loops": 1, "Filter": "((country_code)::text = '[jp]'::text)", "Rows Removed by Filter": 228244}, {"Node Type": "Index Scan", "Parent Relationship": "Inner", "Scan Direction": "Forward", "Index Name": "company_id_movie_companies", "Relation Name": "movie_companies", "Alias": "mc", "Startup Cost": 0.0, "Total Cost": 11.36, "Plan Rows": 1, "Plan Width": 8, "Actual Startup Time": 100.149, "Actual Total Time": 221.814, "Actual Rows": 8495, "Actual Loops": 6752, "Index Cond": "(company_id = cn.id)", "Rows Removed by Index Recheck": 0, "Filter": "(((note)::text ~~ '%(Japan)%'::text) AND ((note)::text !~~ '%(USA)%'::text) AND (((note)::text ~~ '%(2006)%'::text) OR ((note)::text ~~ '%(2007)%'::text)))", "Rows Removed by Filter": 96500}]}, {"Node Type": "Index Scan", "Parent Relationship": "Inner", "Scan Direction": "Forward", "Index Name": "title_pkey", "Relation Name": "title", "Alias": "t", "Startup Cost": 0.0, "Total Cost": 7.86, "Plan Rows": 1, "Plan Width": 21, "Actual Startup Time": 55.844, "Actual Total Time": 55.844, "Actual Rows": 4, "Actual Loops": 8495, "Index Cond": "(id = mc.movie_id)", "Rows Removed by Index Recheck": 0, "Filter": "((production_year >= 2006) AND (production_year <= 2007) AND (((title)::text ~~ 'One Piece%'::text) OR ((title)::text ~~ 'Dragon Ball Z%'::text)))", "Rows Removed by Filter": 8491}]}, {"Node Type": "Index Scan", "Parent Relationship": "Inner", "Scan Direction": "Forward", "Index Name": "movie_id_cast_info", "Relation Name": "cast_info", "Alias": "ci", "Startup Cost": 0.0, "Total Cost": 27.88, "Plan Rows": 1, "Plan Width": 12, "Actual Startup Time": 0.155, "Actual Total Time": 0.487, "Actual Rows": 104, "Actual Loops": 4, "Index Cond": "(movie_id = mc.movie_id)", "Rows Removed by Index Recheck": 0, "Filter": "((note)::text = '(voice: English version)'::text)", "Rows Removed by Filter": 68}]}, {"Node Type": "Index Scan", "Parent Relationship": "Inner", "Scan Direction": "Forward", "Index Name": "person_id_aka_name", "Relation Name": "aka_name", "Alias": "an", "Startup Cost": 0.0, "Total Cost": 0.84, "Plan Rows": 1, "Plan Width": 20, "Actual Startup Time": 0.629, "Actual Total Time": 0.74, "Actual Rows": 171, "Actual Loops": 104, "Index Cond": "(person_id = ci.person_id)", "Rows Removed by Index Recheck": 0}]}, {"Node Type": "Index Scan", "Parent Relationship": "Inner", "Scan Direction": "Forward", "Index Name": "name_pkey", "Relation Name": "name", "Alias": "n", "Startup Cost": 0.0, "Total Cost": 0.57, "Plan Rows": 1, "Plan Width": 4, "Actual Startup Time": 0.94, "Actual Total Time": 0.94, "Actual Rows": 6, "Actual Loops": 171, "Index Cond": "(id = an.person_id)", "Rows Removed by Index Recheck": 0, "Filter": "(((name)::text ~~ '%Yo%'::text) AND ((name)::text !~~ '%Yu%'::text))", "Rows Removed by Filter": 165}]}, {"Node Type": "Index Scan", "Parent Relationship": "Inner", "Scan Direction": "Forward", "Index Name": "role_type_pkey", "Relation Name": "role_type", "Alias": "rt", "Startup Cost": 0.0, "Total Cost": 0.27, "Plan Rows": 1, "Plan Width": 4, "Actual Startup Time": 0.022, "Actual Total Time": 0.022, "Actual Rows": 6, "Actual Loops": 6, "Index Cond": "(id = ci.role_id)", "Rows Removed by Index Recheck": 0, "Filter": "((role)::text = 'actress'::text)", "Rows Removed by Filter": 0}]}]}, "Triggers": [], "Planner Runtime": 25.043, "Total Runtime": 582.138, "Unique SQL Id": 3956435728}}, "(1, '118')": {"explain_plan": {"Plan": {"Node Type": "Aggregate", "Strategy": "Plain", "Startup Cost": 78740.56, "Total Cost": 78740.57, "Plan Rows": 1, "Plan Width": 97, "Plans": [{"Node Type": "Nested Loop", "Parent Relationship": "Outer", "Join Type": "Inner", "Startup Cost": 10.14, "Total Cost": 78740.56, "Plan Rows": 1, "Plan Width": 33, "Inner Unique": true, "Join Filter": "(ci.role_id = rt.id)", "Plans": [{"Node Type": "Nested Loop", "Parent Relationship": "Outer", "Join Type": "Inner", "Startup Cost": 10.14, "Total Cost": 78739.4, "Plan Rows": 1, "Plan Width": 37, "Inner Unique": true, "Plans": [{"Node Type": "Nested Loop", "Parent Relationship": "Outer", "Join Type": "Inner", "Startup Cost": 9.81, "Total Cost": 78735.04, "Plan Rows": 1, "Plan Width": 45, "Inner Unique": false, "Plans": [{"Node Type": "Nested Loop", "Parent Relationship": "Outer", "Join Type": "Inner", "Startup Cost": 9.43, "Total Cost": 78730.64, "Plan Rows": 1, "Plan Width": 25, "Inner Unique": false, "Join Filter": "(t.id = ci.movie_id)", "Plans": [{"Node Type": "Nested Loop", "Parent Relationship": "Outer", "Join Type": "Inner", "Startup Cost": 5.16, "Total Cost": 78674.07, "Plan Rows": 2, "Plan Width": 25, "Inner Unique": true, "Plans": [{"Node Type": "Nested Loop", "Parent Relationship": "Outer", "Join Type": "Inner", "Startup Cost": 1.23, "Total Cost": 76587.66, "Plan Rows": 262, "Plan Width": 4, "Inner Unique": true, "Plans": [{"Node Type": "Seq Scan", "Parent Relationship": "Outer", "Relation Name": "movie_companies", "Alias": "mc", "Startup Cost": 0.0, "Total Cost": 67908.56, "Plan Rows": 1652, "Plan Width": 8, "Filter": "(((note)::text ~~ '%(Japan)%'::text) AND ((note)::text !~~ '%(USA)%'::text) AND (((note)::text ~~ '%(2006)%'::text) OR ((note)::text ~~ '%(2007)%'::text)))"}, {"Node Type": "Bitmap Heap Scan", "Parent Relationship": "Inner", "Relation Name": "company_name", "Alias": "cn", "Startup Cost": 1.23, "Total Cost": 5.24, "Plan Rows": 1, "Plan Width": 4, "Recheck Cond": "(id = mc.company_id)", "Filter": "((country_code)::text = '[jp]'::text)", "Plans": [{"Node Type": "Bitmap Index Scan", "Parent Relationship": "Outer", "Index Name": "company_name_pkey", "Startup Cost": 0.0, "Total Cost": 1.23, "Plan Rows": 1, "Plan Width": 0, "Index Cond": "(id = mc.company_id)"}]}]}, {"Node Type": "Bitmap Heap Scan", "Parent Relationship": "Inner", "Relation Name": "title", "Alias": "t", "Startup Cost": 3.93, "Total Cost": 7.95, "Plan Rows": 1, "Plan Width": 21, "Recheck Cond": "(id = mc.movie_id)", "Filter": "((production_year >= 2006) AND (production_year <= 2007) AND (((title)::text ~~ 'One Piece%'::text) OR ((title)::text ~~ 'Dragon Ball Z%'::text)))", "Plans": [{"Node Type": "Bitmap Index Scan", "Parent Relationship": "Outer", "Index Name": "title_pkey", "Startup Cost": 0.0, "Total Cost": 3.93, "Plan Rows": 1, "Plan Width": 0, "Index Cond": "(id = mc.movie_id)"}]}]}, {"Node Type": "Bitmap Heap Scan", "Parent Relationship": "Inner", "Relation Name": "cast_info", "Alias": "ci", "Startup Cost": 4.27, "Total Cost": 28.27, "Plan Rows": 1, "Plan Width": 12, "Recheck Cond": "(movie_id = mc.movie_id)", "Filter": "((note)::text = '(voice: English version)'::text)", "Plans": [{"Node Type": "Bitmap Index Scan", "Parent Relationship": "Outer", "Index Name": "movie_id_cast_info", "Startup Cost": 0.0, "Total Cost": 4.27, "Plan Rows": 6, "Plan Width": 0, "Index Cond": "(movie_id = mc.movie_id)"}]}]}, {"Node Type": "Bitmap Heap Scan", "Parent Relationship": "Inner", "Relation Name": "aka_name", "Alias": "an", "Startup Cost": 0.38, "Total Cost": 4.39, "Plan Rows": 1, "Plan Width": 20, "Recheck Cond": "(person_id = ci.person_id)", "Plans": [{"Node Type": "Bitmap Index Scan", "Parent Relationship": "Outer", "Index Name": "person_id_aka_name", "Startup Cost": 0.0, "Total Cost": 0.38, "Plan Rows": 1, "Plan Width": 0, "Index Cond": "(person_id = ci.person_id)"}]}]}, {"Node Type": "Bitmap Heap Scan", "Parent Relationship": "Inner", "Relation Name": "name", "Alias": "n", "Startup Cost": 0.33, "Total Cost": 4.34, "Plan Rows": 1, "Plan Width": 4, "Recheck Cond": "(id = an.person_id)", "Filter": "(((name)::text ~~ '%Yo%'::text) AND ((name)::text !~~ '%Yu%'::text))", "Plans": [{"Node Type": "Bitmap Index Scan", "Parent Relationship": "Outer", "Index Name": "name_pkey", "Startup Cost": 0.0, "Total Cost": 0.33, "Plan Rows": 1, "Plan Width": 0, "Index Cond": "(id = an.person_id)"}]}]}, {"Node Type": "Seq Scan", "Parent Relationship": "Inner", "Relation Name": "role_type", "Alias": "rt", "Startup Cost": 0.0, "Total Cost": 1.15, "Plan Rows": 1, "Plan Width": 4, "Filter": "((role)::text = 'actress'::text)"}]}]}, "Unique SQL Id": 3956435728, "Planner Runtime": 7}, "explain_analyze_plan": {"Plan": {"Node Type": "Aggregate", "Strategy": "Plain", "Startup Cost": 78740.56, "Total Cost": 78740.57, "Plan Rows": 1, "Plan Width": 97, "Actual Startup Time": 1096.682, "Actual Total Time": 1096.682, "Actual Rows": 1, "Actual Loops": 1, "Plans": [{"Node Type": "Nested Loop", "Parent Relationship": "Outer", "Join Type": "Inner", "Startup Cost": 10.14, "Total Cost": 78740.56, "Plan Rows": 1, "Plan Width": 33, "Actual Startup Time": 378.069, "Actual Total Time": 1096.636, "Actual Rows": 6, "Actual Loops": 1, "Inner Unique": true, "Join Filter": "(ci.role_id = rt.id)", "Rows Removed by Join Filter": 0, "Plans": [{"Node Type": "Nested Loop", "Parent Relationship": "Outer", "Join Type": "Inner", "Startup Cost": 10.14, "Total Cost": 78739.4, "Plan Rows": 1, "Plan Width": 37, "Actual Startup Time": 378.051, "Actual Total Time": 1096.576, "Actual Rows": 6, "Actual Loops": 1, "Inner Unique": true, "Plans": [{"Node Type": "Nested Loop", "Parent Relationship": "Outer", "Join Type": "Inner", "Startup Cost": 9.81, "Total Cost": 78735.04, "Plan Rows": 1, "Plan Width": 45, "Actual Startup Time": 377.481, "Actual Total Time": 1095.373, "Actual Rows": 171, "Actual Loops": 1, "Inner Unique": false, "Plans": [{"Node Type": "Nested Loop", "Parent Relationship": "Outer", "Join Type": "Inner", "Startup Cost": 9.43, "Total Cost": 78730.64, "Plan Rows": 1, "Plan Width": 25, "Actual Startup Time": 377.425, "Actual Total Time": 1094.322, "Actual Rows": 104, "Actual Loops": 1, "Inner Unique": false, "Join Filter": "(t.id = ci.movie_id)", "Rows Removed by Join Filter": 0, "Plans": [{"Node Type": "Nested Loop", "Parent Relationship": "Outer", "Join Type": "Inner", "Startup Cost": 5.16, "Total Cost": 78674.07, "Plan Rows": 2, "Plan Width": 25, "Actual Startup Time": 377.356, "Actual Total Time": 1093.675, "Actual Rows": 4, "Actual Loops": 1, "Inner Unique": true, "Plans": [{"Node Type": "Nested Loop", "Parent Relationship": "Outer", "Join Type": "Inner", "Startup Cost": 1.23, "Total Cost": 76587.66, "Plan Rows": 262, "Plan Width": 4, "Actual Startup Time": 0.293, "Actual Total Time": 1032.956, "Actual Rows": 8495, "Actual Loops": 1, "Inner Unique": true, "Plans": [{"Node Type": "Seq Scan", "Parent Relationship": "Outer", "Relation Name": "movie_companies", "Alias": "mc", "Startup Cost": 0.0, "Total Cost": 67908.56, "Plan Rows": 1652, "Plan Width": 8, "Actual Startup Time": 0.249, "Actual Total Time": 980.25, "Actual Rows": 8569, "Actual Loops": 1, "Filter": "(((note)::text ~~ '%(Japan)%'::text) AND ((note)::text !~~ '%(USA)%'::text) AND (((note)::text ~~ '%(2006)%'::text) OR ((note)::text ~~ '%(2007)%'::text)))", "Rows Removed by Filter": 2600559}, {"Node Type": "Bitmap Heap Scan", "Parent Relationship": "Inner", "Relation Name": "company_name", "Alias": "cn", "Startup Cost": 1.23, "Total Cost": 5.24, "Plan Rows": 1, "Plan Width": 4, "Actual Startup Time": 40.664, "Actual Total Time": 40.664, "Actual Rows": 8495, "Actual Loops": 8569, "Recheck Cond": "(id = mc.company_id)", "Rows Removed by Index Recheck": 0, "Filter": "((country_code)::text = '[jp]'::text)", "Rows Removed by Filter": 74, "Exact Heap Blocks": 8569, "Lossy Heap Blocks": 8569, "Plans": [{"Node Type": "Bitmap Index Scan", "Parent Relationship": "Outer", "Index Name": "company_name_pkey", "Startup Cost": 0.0, "Total Cost": 1.23, "Plan Rows": 1, "Plan Width": 0, "Actual Startup Time": 23.087, "Actual Total Time": 23.087, "Actual Rows": 8569, "Actual Loops": 8569, "Index Cond": "(id = mc.company_id)"}]}]}, {"Node Type": "Bitmap Heap Scan", "Parent Relationship": "Inner", "Relation Name": "title", "Alias": "t", "Startup Cost": 3.93, "Total Cost": 7.95, "Plan Rows": 1, "Plan Width": 21, "Actual Startup Time": 50.328, "Actual Total Time": 50.328, "Actual Rows": 4, "Actual Loops": 8495, "Recheck Cond": "(id = mc.movie_id)", "Rows Removed by Index Recheck": 0, "Filter": "((production_year >= 2006) AND (production_year <= 2007) AND (((title)::text ~~ 'One Piece%'::text) OR ((title)::text ~~ 'Dragon Ball Z%'::text)))", "Rows Removed by Filter": 8491, "Exact Heap Blocks": 8495, "Lossy Heap Blocks": 8495, "Plans": [{"Node Type": "Bitmap Index Scan", "Parent Relationship": "Outer", "Index Name": "title_pkey", "Startup Cost": 0.0, "Total Cost": 3.93, "Plan Rows": 1, "Plan Width": 0, "Actual Startup Time": 25.506, "Actual Total Time": 25.506, "Actual Rows": 8495, "Actual Loops": 8495, "Index Cond": "(id = mc.movie_id)"}]}]}, {"Node Type": "Bitmap Heap Scan", "Parent Relationship": "Inner", "Relation Name": "cast_info", "Alias": "ci", "Startup Cost": 4.27, "Total Cost": 28.27, "Plan Rows": 1, "Plan Width": 12, "Actual Startup Time": 0.261, "Actual Total Time": 0.577, "Actual Rows": 104, "Actual Loops": 4, "Recheck Cond": "(movie_id = mc.movie_id)", "Rows Removed by Index Recheck": 0, "Filter": "((note)::text = '(voice: English version)'::text)", "Rows Removed by Filter": 68, "Exact Heap Blocks": 133, "Lossy Heap Blocks": 133, "Plans": [{"Node Type": "Bitmap Index Scan", "Parent Relationship": "Outer", "Index Name": "movie_id_cast_info", "Startup Cost": 0.0, "Total Cost": 4.27, "Plan Rows": 6, "Plan Width": 0, "Actual Startup Time": 0.085, "Actual Total Time": 0.085, "Actual Rows": 172, "Actual Loops": 4, "Index Cond": "(movie_id = mc.movie_id)"}]}]}, {"Node Type": "Bitmap Heap Scan", "Parent Relationship": "Inner", "Relation Name": "aka_name", "Alias": "an", "Startup Cost": 0.38, "Total Cost": 4.39, "Plan Rows": 1, "Plan Width": 20, "Actual Startup Time": 0.772, "Actual Total Time": 0.862, "Actual Rows": 171, "Actual Loops": 104, "Recheck Cond": "(person_id = ci.person_id)", "Rows Removed by Index Recheck": 0, "Exact Heap Blocks": 105, "Lossy Heap Blocks": 105, "Plans": [{"Node Type": "Bitmap Index Scan", "Parent Relationship": "Outer", "Index Name": "person_id_aka_name", "Startup Cost": 0.0, "Total Cost": 0.38, "Plan Rows": 1, "Plan Width": 0, "Actual Startup Time": 0.508, "Actual Total Time": 0.508, "Actual Rows": 171, "Actual Loops": 104, "Index Cond": "(person_id = ci.person_id)"}]}]}, {"Node Type": "Bitmap Heap Scan", "Parent Relationship": "Inner", "Relation Name": "name", "Alias": "n", "Startup Cost": 0.33, "Total Cost": 4.34, "Plan Rows": 1, "Plan Width": 4, "Actual Startup Time": 0.995, "Actual Total Time": 0.995, "Actual Rows": 6, "Actual Loops": 171, "Recheck Cond": "(id = an.person_id)", "Rows Removed by Index Recheck": 0, "Filter": "(((name)::text ~~ '%Yo%'::text) AND ((name)::text !~~ '%Yu%'::text))", "Rows Removed by Filter": 165, "Exact Heap Blocks": 171, "Lossy Heap Blocks": 171, "Plans": [{"Node Type": "Bitmap Index Scan", "Parent Relationship": "Outer", "Index Name": "name_pkey", "Startup Cost": 0.0, "Total Cost": 0.33, "Plan Rows": 1, "Plan Width": 0, "Actual Startup Time": 0.603, "Actual Total Time": 0.603, "Actual Rows": 171, "Actual Loops": 171, "Index Cond": "(id = an.person_id)"}]}]}, {"Node Type": "Seq Scan", "Parent Relationship": "Inner", "Relation Name": "role_type", "Alias": "rt", "Startup Cost": 0.0, "Total Cost": 1.15, "Plan Rows": 1, "Plan Width": 4, "Actual Startup Time": 0.035, "Actual Total Time": 0.035, "Actual Rows": 6, "Actual Loops": 6, "Filter": "((role)::text = 'actress'::text)", "Rows Removed by Filter": 6}]}]}, "Triggers": [], "Planner Runtime": 7.414, "Total Runtime": 1097.032, "Unique SQL Id": 3956435728}}, "(1, '119')": {"explain_plan": {"Plan": {"Node Type": "Aggregate", "Strategy": "Plain", "Startup Cost": 1000012201008.67, "Total Cost": 1000012201008.68, "Plan Rows": 1, "Plan Width": 97, "Plans": [{"Node Type": "Nested Loop", "Parent Relationship": "Outer", "Join Type": "Inner", "Startup Cost": 10000000004.12, "Total Cost": 1000012201008.67, "Plan Rows": 1, "Plan Width": 33, "Inner Unique": true, "Plans": [{"Node Type": "Nested Loop", "Parent Relationship": "Outer", "Join Type": "Inner", "Startup Cost": 10000000003.79, "Total Cost": 1000012201004.31, "Plan Rows": 1, "Plan Width": 41, "Inner Unique": true, "Plans": [{"Node Type": "Nested Loop", "Parent Relationship": "Outer", "Join Type": "Inner", "Startup Cost": 10000000003.54, "Total Cost": 1000012201000.03, "Plan Rows": 1, "Plan Width": 45, "Inner Unique": true, "Plans": [{"Node Type": "Nested Loop", "Parent Relationship": "Outer", "Join Type": "Inner", "Startup Cost": 10000000002.31, "Total Cost": 1000012200994.77, "Plan Rows": 1, "Plan Width": 49, "Inner Unique": false, "Plans": [{"Node Type": "Nested Loop", "Parent Relationship": "Outer", "Join Type": "Inner", "Startup Cost": 10000000001.65, "Total Cost": 1000012200744.81, "Plan Rows": 53, "Plan Width": 53, "Inner Unique": true, "Plans": [{"Node Type": "Nested Loop", "Parent Relationship": "Outer", "Join Type": "Inner", "Startup Cost": 10000000001.0, "Total Cost": 1000011659757.19, "Plan Rows": 115768, "Plan Width": 32, "Inner Unique": false, "Plans": [{"Node Type": "Index Scan", "Parent Relationship": "Outer", "Scan Direction": "Forward", "Index Name": "person_id_aka_name", "Relation Name": "aka_name", "Alias": "an", "Startup Cost": 10000000000.0, "Total Cost": 1000006896503.43, "Plan Rows": 901342, "Plan Width": 20}, {"Node Type": "Bitmap Heap Scan", "Parent Relationship": "Inner", "Relation Name": "cast_info", "Alias": "ci", "Startup Cost": 1.0, "Total Cost": 5.27, "Plan Rows": 1, "Plan Width": 12, "Recheck Cond": "(person_id = an.person_id)", "Filter": "((note)::text = '(voice: English version)'::text)", "Plans": [{"Node Type": "Bitmap Index Scan", "Parent Relationship": "Outer", "Index Name": "person_id_cast_info", "Startup Cost": 0.0, "Total Cost": 1.0, "Plan Rows": 18, "Plan Width": 0, "Index Cond": "(person_id = an.person_id)"}]}]}, {"Node Type": "Bitmap Heap Scan", "Parent Relationship": "Inner", "Relation Name": "title", "Alias": "t", "Startup Cost": 0.64, "Total Cost": 4.66, "Plan Rows": 1, "Plan Width": 21, "Recheck Cond": "(id = ci.movie_id)", "Filter": "((production_year >= 2006) AND (production_year <= 2007) AND (((title)::text ~~ 'One Piece%'::text) OR ((title)::text ~~ 'Dragon Ball Z%'::text)))", "Plans": [{"Node Type": "Bitmap Index Scan", "Parent Relationship": "Outer", "Index Name": "title_pkey", "Startup Cost": 0.0, "Total Cost": 0.64, "Plan Rows": 1, "Plan Width": 0, "Index Cond": "(id = ci.movie_id)"}]}]}, {"Node Type": "Bitmap Heap Scan", "Parent Relationship": "Inner", "Relation Name": "movie_companies", "Alias": "mc", "Startup Cost": 0.66, "Total Cost": 4.71, "Plan Rows": 1, "Plan Width": 8, "Recheck Cond": "(movie_id = ci.movie_id)", "Filter": "(((note)::text ~~ '%(Japan)%'::text) AND ((note)::text !~~ '%(USA)%'::text) AND (((note)::text ~~ '%(2006)%'::text) OR ((note)::text ~~ '%(2007)%'::text)))", "Plans": [{"Node Type": "Bitmap Index Scan", "Parent Relationship": "Outer", "Index Name": "movie_id_movie_companies", "Startup Cost": 0.0, "Total Cost": 0.66, "Plan Rows": 2, "Plan Width": 0, "Index Cond": "(movie_id = ci.movie_id)"}]}]}, {"Node Type": "Bitmap Heap Scan", "Parent Relationship": "Inner", "Relation Name": "company_name", "Alias": "cn", "Startup Cost": 1.23, "Total Cost": 5.24, "Plan Rows": 1, "Plan Width": 4, "Recheck Cond": "(id = mc.company_id)", "Filter": "((country_code)::text = '[jp]'::text)", "Plans": [{"Node Type": "Bitmap Index Scan", "Parent Relationship": "Outer", "Index Name": "company_name_pkey", "Startup Cost": 0.0, "Total Cost": 1.23, "Plan Rows": 1, "Plan Width": 0, "Index Cond": "(id = mc.company_id)"}]}]}, {"Node Type": "Bitmap Heap Scan", "Parent Relationship": "Inner", "Relation Name": "role_type", "Alias": "rt", "Startup Cost": 0.26, "Total Cost": 4.27, "Plan Rows": 1, "Plan Width": 4, "Recheck Cond": "(id = ci.role_id)", "Filter": "((role)::text = 'actress'::text)", "Plans": [{"Node Type": "Bitmap Index Scan", "Parent Relationship": "Outer", "Index Name": "role_type_pkey", "Startup Cost": 0.0, "Total Cost": 0.26, "Plan Rows": 1, "Plan Width": 0, "Index Cond": "(id = ci.role_id)"}]}]}, {"Node Type": "Bitmap Heap Scan", "Parent Relationship": "Inner", "Relation Name": "name", "Alias": "n", "Startup Cost": 0.33, "Total Cost": 4.34, "Plan Rows": 1, "Plan Width": 4, "Recheck Cond": "(id = an.person_id)", "Filter": "(((name)::text ~~ '%Yo%'::text) AND ((name)::text !~~ '%Yu%'::text))", "Plans": [{"Node Type": "Bitmap Index Scan", "Parent Relationship": "Outer", "Index Name": "name_pkey", "Startup Cost": 0.0, "Total Cost": 0.33, "Plan Rows": 1, "Plan Width": 0, "Index Cond": "(id = an.person_id)"}]}]}]}, "Unique SQL Id": 3956435728, "Planner Runtime": 5}, "explain_analyze_plan": null}, "(1, '120')": {"explain_plan": {"Plan": {"Node Type": "Aggregate", "Strategy": "Plain", "Startup Cost": 77270.98, "Total Cost": 77270.99, "Plan Rows": 1, "Plan Width": 97, "Plans": [{"Node Type": "Nested Loop", "Parent Relationship": "Outer", "Join Type": "Inner", "Startup Cost": 0.0, "Total Cost": 77270.98, "Plan Rows": 1, "Plan Width": 33, "Inner Unique": true, "Plans": [{"Node Type": "Nested Loop", "Parent Relationship": "Outer", "Join Type": "Inner", "Startup Cost": 0.0, "Total Cost": 77270.7, "Plan Rows": 1, "Plan Width": 37, "Inner Unique": true, "Plans": [{"Node Type": "Nested Loop", "Parent Relationship": "Outer", "Join Type": "Inner", "Startup Cost": 0.0, "Total Cost": 77270.11, "Plan Rows": 1, "Plan Width": 45, "Inner Unique": false, "Plans": [{"Node Type": "Nested Loop", "Parent Relationship": "Outer", "Join Type": "Inner", "Startup Cost": 0.0, "Total Cost": 77269.26, "Plan Rows": 1, "Plan Width": 25, "Inner Unique": false, "Join Filter": "(t.id = ci.movie_id)", "Plans": [{"Node Type": "Nested Loop", "Parent Relationship": "Outer", "Join Type": "Inner", "Startup Cost": 0.0, "Total Cost": 77213.48, "Plan Rows": 2, "Plan Width": 25, "Inner Unique": true, "Plans": [{"Node Type": "Nested Loop", "Parent Relationship": "Outer", "Join Type": "Inner", "Startup Cost": 0.0, "Total Cost": 75151.25, "Plan Rows": 262, "Plan Width": 4, "Inner Unique": true, "Plans": [{"Node Type": "Seq Scan", "Parent Relationship": "Outer", "Relation Name": "movie_companies", "Alias": "mc", "Startup Cost": 0.0, "Total Cost": 67908.56, "Plan Rows": 1652, "Plan Width": 8, "Filter": "(((note)::text ~~ '%(Japan)%'::text) AND ((note)::text !~~ '%(USA)%'::text) AND (((note)::text ~~ '%(2006)%'::text) OR ((note)::text ~~ '%(2007)%'::text)))"}, {"Node Type": "Index Scan", "Parent Relationship": "Inner", "Scan Direction": "Forward", "Index Name": "company_name_pkey", "Relation Name": "company_name", "Alias": "cn", "Startup Cost": 0.0, "Total Cost": 4.37, "Plan Rows": 1, "Plan Width": 4, "Index Cond": "(id = mc.company_id)", "Filter": "((country_code)::text = '[jp]'::text)"}]}, {"Node Type": "Index Scan", "Parent Relationship": "Inner", "Scan Direction": "Forward", "Index Name": "title_pkey", "Relation Name": "title", "Alias": "t", "Startup Cost": 0.0, "Total Cost": 7.86, "Plan Rows": 1, "Plan Width": 21, "Index Cond": "(id = mc.movie_id)", "Filter": "((production_year >= 2006) AND (production_year <= 2007) AND (((title)::text ~~ 'One Piece%'::text) OR ((title)::text ~~ 'Dragon Ball Z%'::text)))"}]}, {"Node Type": "Index Scan", "Parent Relationship": "Inner", "Scan Direction": "Forward", "Index Name": "movie_id_cast_info", "Relation Name": "cast_info", "Alias": "ci", "Startup Cost": 0.0, "Total Cost": 27.88, "Plan Rows": 1, "Plan Width": 12, "Index Cond": "(movie_id = mc.movie_id)", "Filter": "((note)::text = '(voice: English version)'::text)"}]}, {"Node Type": "Index Scan", "Parent Relationship": "Inner", "Scan Direction": "Forward", "Index Name": "person_id_aka_name", "Relation Name": "aka_name", "Alias": "an", "Startup Cost": 0.0, "Total Cost": 0.84, "Plan Rows": 1, "Plan Width": 20, "Index Cond": "(person_id = ci.person_id)"}]}, {"Node Type": "Index Scan", "Parent Relationship": "Inner", "Scan Direction": "Forward", "Index Name": "name_pkey", "Relation Name": "name", "Alias": "n", "Startup Cost": 0.0, "Total Cost": 0.57, "Plan Rows": 1, "Plan Width": 4, "Index Cond": "(id = an.person_id)", "Filter": "(((name)::text ~~ '%Yo%'::text) AND ((name)::text !~~ '%Yu%'::text))"}]}, {"Node Type": "Index Scan", "Parent Relationship": "Inner", "Scan Direction": "Forward", "Index Name": "role_type_pkey", "Relation Name": "role_type", "Alias": "rt", "Startup Cost": 0.0, "Total Cost": 0.27, "Plan Rows": 1, "Plan Width": 4, "Index Cond": "(id = ci.role_id)", "Filter": "((role)::text = 'actress'::text)"}]}]}, "Unique SQL Id": 3956435728, "Planner Runtime": 6}, "explain_analyze_plan": {"Plan": {"Node Type": "Aggregate", "Strategy": "Plain", "Startup Cost": 77270.98, "Total Cost": 77270.99, "Plan Rows": 1, "Plan Width": 97, "Actual Startup Time": 1034.996, "Actual Total Time": 1034.997, "Actual Rows": 1, "Actual Loops": 1, "Plans": [{"Node Type": "Nested Loop", "Parent Relationship": "Outer", "Join Type": "Inner", "Startup Cost": 0.0, "Total Cost": 77270.98, "Plan Rows": 1, "Plan Width": 33, "Actual Startup Time": 359.457, "Actual Total Time": 1034.942, "Actual Rows": 6, "Actual Loops": 1, "Inner Unique": true, "Plans": [{"Node Type": "Nested Loop", "Parent Relationship": "Outer", "Join Type": "Inner", "Startup Cost": 0.0, "Total Cost": 77270.7, "Plan Rows": 1, "Plan Width": 37, "Actual Startup Time": 359.446, "Actual Total Time": 1034.911, "Actual Rows": 6, "Actual Loops": 1, "Inner Unique": true, "Plans": [{"Node Type": "Nested Loop", "Parent Relationship": "Outer", "Join Type": "Inner", "Startup Cost": 0.0, "Total Cost": 77270.11, "Plan Rows": 1, "Plan Width": 45, "Actual Startup Time": 358.983, "Actual Total Time": 1034.041, "Actual Rows": 171, "Actual Loops": 1, "Inner Unique": false, "Plans": [{"Node Type": "Nested Loop", "Parent Relationship": "Outer", "Join Type": "Inner", "Startup Cost": 0.0, "Total Cost": 77269.26, "Plan Rows": 1, "Plan Width": 25, "Actual Startup Time": 358.966, "Actual Total Time": 1033.417, "Actual Rows": 104, "Actual Loops": 1, "Inner Unique": false, "Join Filter": "(t.id = ci.movie_id)", "Rows Removed by Join Filter": 0, "Plans": [{"Node Type": "Nested Loop", "Parent Relationship": "Outer", "Join Type": "Inner", "Startup Cost": 0.0, "Total Cost": 77213.48, "Plan Rows": 2, "Plan Width": 25, "Actual Startup Time": 358.923, "Actual Total Time": 1033.02, "Actual Rows": 4, "Actual Loops": 1, "Inner Unique": true, "Plans": [{"Node Type": "Nested Loop", "Parent Relationship": "Outer", "Join Type": "Inner", "Startup Cost": 0.0, "Total Cost": 75151.25, "Plan Rows": 262, "Plan Width": 4, "Actual Startup Time": 0.3, "Actual Total Time": 989.642, "Actual Rows": 8495, "Actual Loops": 1, "Inner Unique": true, "Plans": [{"Node Type": "Seq Scan", "Parent Relationship": "Outer", "Relation Name": "movie_companies", "Alias": "mc", "Startup Cost": 0.0, "Total Cost": 67908.56, "Plan Rows": 1652, "Plan Width": 8, "Actual Startup Time": 0.264, "Actual Total Time": 953.15, "Actual Rows": 8569, "Actual Loops": 1, "Filter": "(((note)::text ~~ '%(Japan)%'::text) AND ((note)::text !~~ '%(USA)%'::text) AND (((note)::text ~~ '%(2006)%'::text) OR ((note)::text ~~ '%(2007)%'::text)))", "Rows Removed by Filter": 2600559}, {"Node Type": "Index Scan", "Parent Relationship": "Inner", "Scan Direction": "Forward", "Index Name": "company_name_pkey", "Relation Name": "company_name", "Alias": "cn", "Startup Cost": 0.0, "Total Cost": 4.37, "Plan Rows": 1, "Plan Width": 4, "Actual Startup Time": 29.873, "Actual Total Time": 29.873, "Actual Rows": 8495, "Actual Loops": 8569, "Index Cond": "(id = mc.company_id)", "Rows Removed by Index Recheck": 0, "Filter": "((country_code)::text = '[jp]'::text)", "Rows Removed by Filter": 74}]}, {"Node Type": "Index Scan", "Parent Relationship": "Inner", "Scan Direction": "Forward", "Index Name": "title_pkey", "Relation Name": "title", "Alias": "t", "Startup Cost": 0.0, "Total Cost": 7.86, "Plan Rows": 1, "Plan Width": 21, "Actual Startup Time": 38.797, "Actual Total Time": 38.797, "Actual Rows": 4, "Actual Loops": 8495, "Index Cond": "(id = mc.movie_id)", "Rows Removed by Index Recheck": 0, "Filter": "((production_year >= 2006) AND (production_year <= 2007) AND (((title)::text ~~ 'One Piece%'::text) OR ((title)::text ~~ 'Dragon Ball Z%'::text)))", "Rows Removed by Filter": 8491}]}, {"Node Type": "Index Scan", "Parent Relationship": "Inner", "Scan Direction": "Forward", "Index Name": "movie_id_cast_info", "Relation Name": "cast_info", "Alias": "ci", "Startup Cost": 0.0, "Total Cost": 27.88, "Plan Rows": 1, "Plan Width": 12, "Actual Startup Time": 0.117, "Actual Total Time": 0.343, "Actual Rows": 104, "Actual Loops": 4, "Index Cond": "(movie_id = mc.movie_id)", "Rows Removed by Index Recheck": 0, "Filter": "((note)::text = '(voice: English version)'::text)", "Rows Removed by Filter": 68}]}, {"Node Type": "Index Scan", "Parent Relationship": "Inner", "Scan Direction": "Forward", "Index Name": "person_id_aka_name", "Relation Name": "aka_name", "Alias": "an", "Startup Cost": 0.0, "Total Cost": 0.84, "Plan Rows": 1, "Plan Width": 20, "Actual Startup Time": 0.434, "Actual Total Time": 0.52, "Actual Rows": 171, "Actual Loops": 104, "Index Cond": "(person_id = ci.person_id)", "Rows Removed by Index Recheck": 0}]}, {"Node Type": "Index Scan", "Parent Relationship": "Inner", "Scan Direction": "Forward", "Index Name": "name_pkey", "Relation Name": "name", "Alias": "n", "Startup Cost": 0.0, "Total Cost": 0.57, "Plan Rows": 1, "Plan Width": 4, "Actual Startup Time": 0.753, "Actual Total Time": 0.753, "Actual Rows": 6, "Actual Loops": 171, "Index Cond": "(id = an.person_id)", "Rows Removed by Index Recheck": 0, "Filter": "(((name)::text ~~ '%Yo%'::text) AND ((name)::text !~~ '%Yu%'::text))", "Rows Removed by Filter": 165}]}, {"Node Type": "Index Scan", "Parent Relationship": "Inner", "Scan Direction": "Forward", "Index Name": "role_type_pkey", "Relation Name": "role_type", "Alias": "rt", "Startup Cost": 0.0, "Total Cost": 0.27, "Plan Rows": 1, "Plan Width": 4, "Actual Startup Time": 0.02, "Actual Total Time": 0.02, "Actual Rows": 6, "Actual Loops": 6, "Index Cond": "(id = ci.role_id)", "Rows Removed by Index Recheck": 0, "Filter": "((role)::text = 'actress'::text)", "Rows Removed by Filter": 0}]}]}, "Triggers": [], "Planner Runtime": 6.295, "Total Runtime": 1035.253, "Unique SQL Id": 3956435728}}, "(1, '121')": {"explain_plan": {"Plan": {"Node Type": "Aggregate", "Strategy": "Plain", "Startup Cost": 84111.26, "Total Cost": 84111.27, "Plan Rows": 1, "Plan Width": 97, "Plans": [{"Node Type": "Nested Loop", "Parent Relationship": "Outer", "Join Type": "Inner", "Startup Cost": 0.0, "Total Cost": 84111.26, "Plan Rows": 1, "Plan Width": 33, "Inner Unique": true, "Plans": [{"Node Type": "Nested Loop", "Parent Relationship": "Outer", "Join Type": "Inner", "Startup Cost": 0.0, "Total Cost": 84110.97, "Plan Rows": 1, "Plan Width": 37, "Inner Unique": true, "Plans": [{"Node Type": "Nested Loop", "Parent Relationship": "Outer", "Join Type": "Inner", "Startup Cost": 0.0, "Total Cost": 84110.39, "Plan Rows": 1, "Plan Width": 45, "Inner Unique": false, "Plans": [{"Node Type": "Nested Loop", "Parent Relationship": "Outer", "Join Type": "Inner", "Startup Cost": 0.0, "Total Cost": 84109.54, "Plan Rows": 1, "Plan Width": 25, "Inner Unique": false, "Join Filter": "(t.id = ci.movie_id)", "Plans": [{"Node Type": "Nested Loop", "Parent Relationship": "Outer", "Join Type": "Inner", "Startup Cost": 0.0, "Total Cost": 84053.76, "Plan Rows": 2, "Plan Width": 25, "Inner Unique": true, "Plans": [{"Node Type": "Nested Loop", "Parent Relationship": "Outer", "Join Type": "Inner", "Startup Cost": 0.0, "Total Cost": 81991.53, "Plan Rows": 262, "Plan Width": 4, "Inner Unique": false, "Plans": [{"Node Type": "Index Scan", "Parent Relationship": "Outer", "Scan Direction": "Forward", "Index Name": "company_name_pkey", "Relation Name": "company_name", "Alias": "cn", "Startup Cost": 0.0, "Total Cost": 10501.39, "Plan Rows": 6290, "Plan Width": 4, "Filter": "((country_code)::text = '[jp]'::text)"}, {"Node Type": "Index Scan", "Parent Relationship": "Inner", "Scan Direction": "Forward", "Index Name": "company_id_movie_companies", "Relation Name": "movie_companies", "Alias": "mc", "Startup Cost": 0.0, "Total Cost": 11.36, "Plan Rows": 1, "Plan Width": 8, "Index Cond": "(company_id = cn.id)", "Filter": "(((note)::text ~~ '%(Japan)%'::text) AND ((note)::text !~~ '%(USA)%'::text) AND (((note)::text ~~ '%(2006)%'::text) OR ((note)::text ~~ '%(2007)%'::text)))"}]}, {"Node Type": "Index Scan", "Parent Relationship": "Inner", "Scan Direction": "Forward", "Index Name": "title_pkey", "Relation Name": "title", "Alias": "t", "Startup Cost": 0.0, "Total Cost": 7.86, "Plan Rows": 1, "Plan Width": 21, "Index Cond": "(id = mc.movie_id)", "Filter": "((production_year >= 2006) AND (production_year <= 2007) AND (((title)::text ~~ 'One Piece%'::text) OR ((title)::text ~~ 'Dragon Ball Z%'::text)))"}]}, {"Node Type": "Index Scan", "Parent Relationship": "Inner", "Scan Direction": "Forward", "Index Name": "movie_id_cast_info", "Relation Name": "cast_info", "Alias": "ci", "Startup Cost": 0.0, "Total Cost": 27.88, "Plan Rows": 1, "Plan Width": 12, "Index Cond": "(movie_id = mc.movie_id)", "Filter": "((note)::text = '(voice: English version)'::text)"}]}, {"Node Type": "Index Scan", "Parent Relationship": "Inner", "Scan Direction": "Forward", "Index Name": "person_id_aka_name", "Relation Name": "aka_name", "Alias": "an", "Startup Cost": 0.0, "Total Cost": 0.84, "Plan Rows": 1, "Plan Width": 20, "Index Cond": "(person_id = ci.person_id)"}]}, {"Node Type": "Index Scan", "Parent Relationship": "Inner", "Scan Direction": "Forward", "Index Name": "name_pkey", "Relation Name": "name", "Alias": "n", "Startup Cost": 0.0, "Total Cost": 0.57, "Plan Rows": 1, "Plan Width": 4, "Index Cond": "(id = an.person_id)", "Filter": "(((name)::text ~~ '%Yo%'::text) AND ((name)::text !~~ '%Yu%'::text))"}]}, {"Node Type": "Index Scan", "Parent Relationship": "Inner", "Scan Direction": "Forward", "Index Name": "role_type_pkey", "Relation Name": "role_type", "Alias": "rt", "Startup Cost": 0.0, "Total Cost": 0.27, "Plan Rows": 1, "Plan Width": 4, "Index Cond": "(id = ci.role_id)", "Filter": "((role)::text = 'actress'::text)"}]}]}, "Unique SQL Id": 3956435728, "Planner Runtime": 5}, "explain_analyze_plan": {"Plan": {"Node Type": "Aggregate", "Strategy": "Plain", "Startup Cost": 84111.26, "Total Cost": 84111.27, "Plan Rows": 1, "Plan Width": 97, "Actual Startup Time": 581.73, "Actual Total Time": 581.73, "Actual Rows": 1, "Actual Loops": 1, "Plans": [{"Node Type": "Nested Loop", "Parent Relationship": "Outer", "Join Type": "Inner", "Startup Cost": 0.0, "Total Cost": 84111.26, "Plan Rows": 1, "Plan Width": 33, "Actual Startup Time": 54.321, "Actual Total Time": 581.694, "Actual Rows": 6, "Actual Loops": 1, "Inner Unique": true, "Plans": [{"Node Type": "Nested Loop", "Parent Relationship": "Outer", "Join Type": "Inner", "Startup Cost": 0.0, "Total Cost": 84110.97, "Plan Rows": 1, "Plan Width": 37, "Actual Startup Time": 54.312, "Actual Total Time": 581.658, "Actual Rows": 6, "Actual Loops": 1, "Inner Unique": true, "Plans": [{"Node Type": "Nested Loop", "Parent Relationship": "Outer", "Join Type": "Inner", "Startup Cost": 0.0, "Total Cost": 84110.39, "Plan Rows": 1, "Plan Width": 45, "Actual Startup Time": 53.198, "Actual Total Time": 580.628, "Actual Rows": 171, "Actual Loops": 1, "Inner Unique": false, "Plans": [{"Node Type": "Nested Loop", "Parent Relationship": "Outer", "Join Type": "Inner", "Startup Cost": 0.0, "Total Cost": 84109.54, "Plan Rows": 1, "Plan Width": 25, "Actual Startup Time": 53.177, "Actual Total Time": 579.772, "Actual Rows": 104, "Actual Loops": 1, "Inner Unique": false, "Join Filter": "(t.id = ci.movie_id)", "Rows Removed by Join Filter": 0, "Plans": [{"Node Type": "Nested Loop", "Parent Relationship": "Outer", "Join Type": "Inner", "Startup Cost": 0.0, "Total Cost": 84053.76, "Plan Rows": 2, "Plan Width": 25, "Actual Startup Time": 53.042, "Actual Total Time": 579.227, "Actual Rows": 4, "Actual Loops": 1, "Inner Unique": true, "Plans": [{"Node Type": "Nested Loop", "Parent Relationship": "Outer", "Join Type": "Inner", "Startup Cost": 0.0, "Total Cost": 81991.53, "Plan Rows": 262, "Plan Width": 4, "Actual Startup Time": 0.312, "Actual Total Time": 518.839, "Actual Rows": 8495, "Actual Loops": 1, "Inner Unique": false, "Plans": [{"Node Type": "Index Scan", "Parent Relationship": "Outer", "Scan Direction": "Forward", "Index Name": "company_name_pkey", "Relation Name": "company_name", "Alias": "cn", "Startup Cost": 0.0, "Total Cost": 10501.39, "Plan Rows": 6290, "Plan Width": 4, "Actual Startup Time": 0.264, "Actual Total Time": 291.012, "Actual Rows": 6752, "Actual Loops": 1, "Filter": "((country_code)::text = '[jp]'::text)", "Rows Removed by Filter": 228244}, {"Node Type": "Index Scan", "Parent Relationship": "Inner", "Scan Direction": "Forward", "Index Name": "company_id_movie_companies", "Relation Name": "movie_companies", "Alias": "mc", "Startup Cost": 0.0, "Total Cost": 11.36, "Plan Rows": 1, "Plan Width": 8, "Actual Startup Time": 100.149, "Actual Total Time": 221.814, "Actual Rows": 8495, "Actual Loops": 6752, "Index Cond": "(company_id = cn.id)", "Rows Removed by Index Recheck": 0, "Filter": "(((note)::text ~~ '%(Japan)%'::text) AND ((note)::text !~~ '%(USA)%'::text) AND (((note)::text ~~ '%(2006)%'::text) OR ((note)::text ~~ '%(2007)%'::text)))", "Rows Removed by Filter": 96500}]}, {"Node Type": "Index Scan", "Parent Relationship": "Inner", "Scan Direction": "Forward", "Index Name": "title_pkey", "Relation Name": "title", "Alias": "t", "Startup Cost": 0.0, "Total Cost": 7.86, "Plan Rows": 1, "Plan Width": 21, "Actual Startup Time": 55.844, "Actual Total Time": 55.844, "Actual Rows": 4, "Actual Loops": 8495, "Index Cond": "(id = mc.movie_id)", "Rows Removed by Index Recheck": 0, "Filter": "((production_year >= 2006) AND (production_year <= 2007) AND (((title)::text ~~ 'One Piece%'::text) OR ((title)::text ~~ 'Dragon Ball Z%'::text)))", "Rows Removed by Filter": 8491}]}, {"Node Type": "Index Scan", "Parent Relationship": "Inner", "Scan Direction": "Forward", "Index Name": "movie_id_cast_info", "Relation Name": "cast_info", "Alias": "ci", "Startup Cost": 0.0, "Total Cost": 27.88, "Plan Rows": 1, "Plan Width": 12, "Actual Startup Time": 0.155, "Actual Total Time": 0.487, "Actual Rows": 104, "Actual Loops": 4, "Index Cond": "(movie_id = mc.movie_id)", "Rows Removed by Index Recheck": 0, "Filter": "((note)::text = '(voice: English version)'::text)", "Rows Removed by Filter": 68}]}, {"Node Type": "Index Scan", "Parent Relationship": "Inner", "Scan Direction": "Forward", "Index Name": "person_id_aka_name", "Relation Name": "aka_name", "Alias": "an", "Startup Cost": 0.0, "Total Cost": 0.84, "Plan Rows": 1, "Plan Width": 20, "Actual Startup Time": 0.629, "Actual Total Time": 0.74, "Actual Rows": 171, "Actual Loops": 104, "Index Cond": "(person_id = ci.person_id)", "Rows Removed by Index Recheck": 0}]}, {"Node Type": "Index Scan", "Parent Relationship": "Inner", "Scan Direction": "Forward", "Index Name": "name_pkey", "Relation Name": "name", "Alias": "n", "Startup Cost": 0.0, "Total Cost": 0.57, "Plan Rows": 1, "Plan Width": 4, "Actual Startup Time": 0.94, "Actual Total Time": 0.94, "Actual Rows": 6, "Actual Loops": 171, "Index Cond": "(id = an.person_id)", "Rows Removed by Index Recheck": 0, "Filter": "(((name)::text ~~ '%Yo%'::text) AND ((name)::text !~~ '%Yu%'::text))", "Rows Removed by Filter": 165}]}, {"Node Type": "Index Scan", "Parent Relationship": "Inner", "Scan Direction": "Forward", "Index Name": "role_type_pkey", "Relation Name": "role_type", "Alias": "rt", "Startup Cost": 0.0, "Total Cost": 0.27, "Plan Rows": 1, "Plan Width": 4, "Actual Startup Time": 0.022, "Actual Total Time": 0.022, "Actual Rows": 6, "Actual Loops": 6, "Index Cond": "(id = ci.role_id)", "Rows Removed by Index Recheck": 0, "Filter": "((role)::text = 'actress'::text)", "Rows Removed by Filter": 0}]}]}, "Triggers": [], "Planner Runtime": 25.043, "Total Runtime": 582.138, "Unique SQL Id": 3956435728}}, "(1, '122')": {"explain_plan": {"Plan": {"Node Type": "Aggregate", "Strategy": "Plain", "Startup Cost": 999566.81, "Total Cost": 999566.82, "Plan Rows": 1, "Plan Width": 97, "Plans": [{"Node Type": "Nested Loop", "Parent Relationship": "Outer", "Join Type": "Inner", "Startup Cost": 4536.65, "Total Cost": 999566.8, "Plan Rows": 1, "Plan Width": 33, "Inner Unique": true, "Join Filter": "(an.person_id = n.id)", "Plans": [{"Node Type": "Nested Loop", "Parent Relationship": "Outer", "Join Type": "Inner", "Startup Cost": 4536.65, "Total Cost": 885483.88, "Plan Rows": 1, "Plan Width": 41, "Inner Unique": true, "Join Filter": "(mc.company_id = cn.id)", "Plans": [{"Node Type": "Nested Loop", "Parent Relationship": "Outer", "Join Type": "Inner", "Startup Cost": 4536.65, "Total Cost": 879501.8, "Plan Rows": 1, "Plan Width": 45, "Inner Unique": false, "Join Filter": "(ci.person_id = an.person_id)", "Plans": [{"Node Type": "Nested Loop", "Parent Relationship": "Outer", "Join Type": "Inner", "Startup Cost": 4536.65, "Total Cost": 848326.61, "Plan Rows": 1, "Plan Width": 25, "Inner Unique": false, "Join Filter": "(ci.movie_id = t.id)", "Plans": [{"Node Type": "Nested Loop", "Parent Relationship": "Outer", "Join Type": "Inner", "Startup Cost": 0.0, "Total Cost": 693736.48, "Plan Rows": 8790, "Plan Width": 8, "Inner Unique": false, "Join Filter": "(ci.role_id = rt.id)", "Plans": [{"Node Type": "Seq Scan", "Parent Relationship": "Outer", "Relation Name": "role_type", "Alias": "rt", "Startup Cost": 0.0, "Total Cost": 1.15, "Plan Rows": 1, "Plan Width": 4, "Filter": "((role)::text = 'actress'::text)"}, {"Node Type": "Seq Scan", "Parent Relationship": "Inner", "Relation Name": "cast_info", "Alias": "ci", "Startup Cost": 0.0, "Total Cost": 692526.68, "Plan Rows": 96692, "Plan Width": 12, "Filter": "((note)::text = '(voice: English version)'::text)"}]}, {"Node Type": "Materialize", "Parent Relationship": "Inner", "Startup Cost": 4536.65, "Total Cost": 154326.44, "Plan Rows": 2, "Plan Width": 29, "Plans": [{"Node Type": "Nested Loop", "Parent Relationship": "Outer", "Join Type": "Inner", "Startup Cost": 4536.65, "Total Cost": 154326.43, "Plan Rows": 2, "Plan Width": 29, "Inner Unique": true, "Join Filter": "(mc.movie_id = t.id)", "Plans": [{"Node Type": "Seq Scan", "Parent Relationship": "Outer", "Relation Name": "movie_companies", "Alias": "mc", "Startup Cost": 0.0, "Total Cost": 67908.56, "Plan Rows": 1652, "Plan Width": 8, "Filter": "(((note)::text ~~ '%(Japan)%'::text) AND ((note)::text !~~ '%(USA)%'::text) AND (((note)::text ~~ '%(2006)%'::text) OR ((note)::text ~~ '%(2007)%'::text)))"}, {"Node Type": "Materialize", "Parent Relationship": "Inner", "Startup Cost": 4536.65, "Total Cost": 85352.43, "Plan Rows": 43, "Plan Width": 21, "Plans": [{"Node Type": "Seq Scan", "Parent Relationship": "Outer", "Relation Name": "title", "Alias": "t", "Startup Cost": 4536.65, "Total Cost": 85352.22, "Plan Rows": 43, "Plan Width": 21, "Filter": "((production_year >= 2006) AND (production_year <= 2007) AND (((title)::text ~~ 'One Piece%'::text) OR ((title)::text ~~ 'Dragon Ball Z%'::text)))"}]}]}]}]}, {"Node Type": "Seq Scan", "Parent Relationship": "Inner", "Relation Name": "aka_name", "Alias": "an", "Startup Cost": 0.0, "Total Cost": 19908.42, "Plan Rows": 901342, "Plan Width": 20}]}, {"Node Type": "Seq Scan", "Parent Relationship": "Inner", "Relation Name": "company_name", "Alias": "cn", "Startup Cost": 0.0, "Total Cost": 5903.45, "Plan Rows": 6290, "Plan Width": 4, "Filter": "((country_code)::text = '[jp]'::text)"}]}, {"Node Type": "Seq Scan", "Parent Relationship": "Inner", "Relation Name": "name", "Alias": "n", "Startup Cost": 0.0, "Total Cost": 113909.35, "Plan Rows": 13886, "Plan Width": 4, "Filter": "(((name)::text ~~ '%Yo%'::text) AND ((name)::text !~~ '%Yu%'::text))"}]}]}, "Unique SQL Id": 3956435728, "Planner Runtime": 6}, "explain_analyze_plan": null}, "(1, '123')": {"explain_plan": {"Plan": {"Node Type": "Aggregate", "Strategy": "Plain", "Startup Cost": 7000171740968.88, "Total Cost": 7000171740968.89, "Plan Rows": 1, "Plan Width": 97, "Plans": [{"Node Type": "Nested Loop", "Parent Relationship": "Outer", "Join Type": "Inner", "Startup Cost": 70000000000.0, "Total Cost": 7000171740968.87, "Plan Rows": 1, "Plan Width": 33, "Inner Unique": true, "Join Filter": "(ci.role_id = rt.id)", "Plans": [{"Node Type": "Nested Loop", "Parent Relationship": "Outer", "Join Type": "Inner", "Startup Cost": 60000000000.0, "Total Cost": 6000171739722.86, "Plan Rows": 1, "Plan Width": 37, "Inner Unique": true, "Plans": [{"Node Type": "Nested Loop", "Parent Relationship": "Outer", "Join Type": "Inner", "Startup Cost": 50000000000.0, "Total Cost": 5000171739665.63, "Plan Rows": 1, "Plan Width": 45, "Inner Unique": true, "Plans": [{"Node Type": "Nested Loop", "Parent Relationship": "Outer", "Join Type": "Inner", "Startup Cost": 40000000000.0, "Total Cost": 4000171739228.2, "Plan Rows": 1, "Plan Width": 49, "Inner Unique": false, "Plans": [{"Node Type": "Nested Loop", "Parent Relationship": "Outer", "Join Type": "Inner", "Startup Cost": 30000000000.0, "Total Cost": 3000171739143.81, "Plan Rows": 1, "Plan Width": 29, "Inner Unique": false, "Join Filter": "(t.id = ci.movie_id)", "Plans": [{"Node Type": "Index Scan", "Parent Relationship": "Outer", "Scan Direction": "Forward", "Index Name": "role_id_cast_info", "Relation Name": "cast_info", "Alias": "ci", "Startup Cost": 10000000000.0, "Total Cost": 1000143218339.5, "Plan Rows": 96692, "Plan Width": 12, "Filter": "((note)::text = '(voice: English version)'::text)"}, {"Node Type": "Materialize", "Parent Relationship": "Inner", "Startup Cost": 20000000000.0, "Total Cost": 2000028517903.55, "Plan Rows": 2, "Plan Width": 29, "Plans": [{"Node Type": "Nested Loop", "Parent Relationship": "Outer", "Join Type": "Inner", "Startup Cost": 20000000000.0, "Total Cost": 2000028517903.54, "Plan Rows": 2, "Plan Width": 29, "Inner Unique": true, "Join Filter": "(mc.movie_id = t.id)", "Plans": [{"Node Type": "Index Scan", "Parent Relationship": "Outer", "Scan Direction": "Forward", "Index Name": "company_id_movie_companies", "Relation Name": "movie_companies", "Alias": "mc", "Startup Cost": 10000000000.0, "Total Cost": 1000014976477.98, "Plan Rows": 1652, "Plan Width": 8, "Filter": "(((note)::text ~~ '%(Japan)%'::text) AND ((note)::text !~~ '%(USA)%'::text) AND (((note)::text ~~ '%(2006)%'::text) OR ((note)::text ~~ '%(2007)%'::text)))"}, {"Node Type": "Materialize", "Parent Relationship": "Inner", "Startup Cost": 10000000000.0, "Total Cost": 1000013540360.13, "Plan Rows": 43, "Plan Width": 21, "Plans": [{"Node Type": "Index Scan", "Parent Relationship": "Outer", "Scan Direction": "Forward", "Index Name": "title_pkey", "Relation Name": "title", "Alias": "t", "Startup Cost": 10000000000.0, "Total Cost": 1000013540359.91, "Plan Rows": 43, "Plan Width": 21, "Filter": "((production_year >= 2006) AND (production_year <= 2007) AND (((title)::text ~~ 'One Piece%'::text) OR ((title)::text ~~ 'Dragon Ball Z%'::text)))"}]}]}]}]}, {"Node Type": "Index Scan", "Parent Relationship": "Inner", "Scan Direction": "Forward", "Index Name": "person_id_aka_name", "Relation Name": "aka_name", "Alias": "an", "Startup Cost": 10000000000.0, "Total Cost": 1000000000084.38, "Plan Rows": 1, "Plan Width": 20, "Index Cond": "(person_id = ci.person_id)"}]}, {"Node Type": "Index Scan", "Parent Relationship": "Inner", "Scan Direction": "Forward", "Index Name": "company_name_pkey", "Relation Name": "company_name", "Alias": "cn", "Startup Cost": 10000000000.0, "Total Cost": 1000000000437.42, "Plan Rows": 1, "Plan Width": 4, "Index Cond": "(id = mc.company_id)", "Filter": "((country_code)::text = '[jp]'::text)"}]}, {"Node Type": "Index Scan", "Parent Relationship": "Inner", "Scan Direction": "Forward", "Index Name": "name_pkey", "Relation Name": "name", "Alias": "n", "Startup Cost": 10000000000.0, "Total Cost": 1000000000057.22, "Plan Rows": 1, "Plan Width": 4, "Index Cond": "(id = an.person_id)", "Filter": "(((name)::text ~~ '%Yo%'::text) AND ((name)::text !~~ '%Yu%'::text))"}]}, {"Node Type": "Index Scan", "Parent Relationship": "Inner", "Scan Direction": "Forward", "Index Name": "role_type_pkey", "Relation Name": "role_type", "Alias": "rt", "Startup Cost": 10000000000.0, "Total Cost": 1000000001246.0, "Plan Rows": 1, "Plan Width": 4, "Filter": "((role)::text = 'actress'::text)"}]}]}, "Unique SQL Id": 3956435728, "Planner Runtime": 5}, "explain_analyze_plan": null}, "(1, '124')": {"explain_plan": {"Plan": {"Node Type": "Aggregate", "Strategy": "Plain", "Startup Cost": 77270.98, "Total Cost": 77270.99, "Plan Rows": 1, "Plan Width": 97, "Plans": [{"Node Type": "Nested Loop", "Parent Relationship": "Outer", "Join Type": "Inner", "Startup Cost": 0.0, "Total Cost": 77270.98, "Plan Rows": 1, "Plan Width": 33, "Inner Unique": true, "Plans": [{"Node Type": "Nested Loop", "Parent Relationship": "Outer", "Join Type": "Inner", "Startup Cost": 0.0, "Total Cost": 77270.7, "Plan Rows": 1, "Plan Width": 37, "Inner Unique": true, "Plans": [{"Node Type": "Nested Loop", "Parent Relationship": "Outer", "Join Type": "Inner", "Startup Cost": 0.0, "Total Cost": 77270.11, "Plan Rows": 1, "Plan Width": 45, "Inner Unique": false, "Plans": [{"Node Type": "Nested Loop", "Parent Relationship": "Outer", "Join Type": "Inner", "Startup Cost": 0.0, "Total Cost": 77269.26, "Plan Rows": 1, "Plan Width": 25, "Inner Unique": false, "Join Filter": "(t.id = ci.movie_id)", "Plans": [{"Node Type": "Nested Loop", "Parent Relationship": "Outer", "Join Type": "Inner", "Startup Cost": 0.0, "Total Cost": 77213.48, "Plan Rows": 2, "Plan Width": 25, "Inner Unique": true, "Plans": [{"Node Type": "Nested Loop", "Parent Relationship": "Outer", "Join Type": "Inner", "Startup Cost": 0.0, "Total Cost": 75151.25, "Plan Rows": 262, "Plan Width": 4, "Inner Unique": true, "Plans": [{"Node Type": "Seq Scan", "Parent Relationship": "Outer", "Relation Name": "movie_companies", "Alias": "mc", "Startup Cost": 0.0, "Total Cost": 67908.56, "Plan Rows": 1652, "Plan Width": 8, "Filter": "(((note)::text ~~ '%(Japan)%'::text) AND ((note)::text !~~ '%(USA)%'::text) AND (((note)::text ~~ '%(2006)%'::text) OR ((note)::text ~~ '%(2007)%'::text)))"}, {"Node Type": "Index Scan", "Parent Relationship": "Inner", "Scan Direction": "Forward", "Index Name": "company_name_pkey", "Relation Name": "company_name", "Alias": "cn", "Startup Cost": 0.0, "Total Cost": 4.37, "Plan Rows": 1, "Plan Width": 4, "Index Cond": "(id = mc.company_id)", "Filter": "((country_code)::text = '[jp]'::text)"}]}, {"Node Type": "Index Scan", "Parent Relationship": "Inner", "Scan Direction": "Forward", "Index Name": "title_pkey", "Relation Name": "title", "Alias": "t", "Startup Cost": 0.0, "Total Cost": 7.86, "Plan Rows": 1, "Plan Width": 21, "Index Cond": "(id = mc.movie_id)", "Filter": "((production_year >= 2006) AND (production_year <= 2007) AND (((title)::text ~~ 'One Piece%'::text) OR ((title)::text ~~ 'Dragon Ball Z%'::text)))"}]}, {"Node Type": "Index Scan", "Parent Relationship": "Inner", "Scan Direction": "Forward", "Index Name": "movie_id_cast_info", "Relation Name": "cast_info", "Alias": "ci", "Startup Cost": 0.0, "Total Cost": 27.88, "Plan Rows": 1, "Plan Width": 12, "Index Cond": "(movie_id = mc.movie_id)", "Filter": "((note)::text = '(voice: English version)'::text)"}]}, {"Node Type": "Index Scan", "Parent Relationship": "Inner", "Scan Direction": "Forward", "Index Name": "person_id_aka_name", "Relation Name": "aka_name", "Alias": "an", "Startup Cost": 0.0, "Total Cost": 0.84, "Plan Rows": 1, "Plan Width": 20, "Index Cond": "(person_id = ci.person_id)"}]}, {"Node Type": "Index Scan", "Parent Relationship": "Inner", "Scan Direction": "Forward", "Index Name": "name_pkey", "Relation Name": "name", "Alias": "n", "Startup Cost": 0.0, "Total Cost": 0.57, "Plan Rows": 1, "Plan Width": 4, "Index Cond": "(id = an.person_id)", "Filter": "(((name)::text ~~ '%Yo%'::text) AND ((name)::text !~~ '%Yu%'::text))"}]}, {"Node Type": "Index Scan", "Parent Relationship": "Inner", "Scan Direction": "Forward", "Index Name": "role_type_pkey", "Relation Name": "role_type", "Alias": "rt", "Startup Cost": 0.0, "Total Cost": 0.27, "Plan Rows": 1, "Plan Width": 4, "Index Cond": "(id = ci.role_id)", "Filter": "((role)::text = 'actress'::text)"}]}]}, "Unique SQL Id": 3956435728, "Planner Runtime": 6}, "explain_analyze_plan": {"Plan": {"Node Type": "Aggregate", "Strategy": "Plain", "Startup Cost": 77270.98, "Total Cost": 77270.99, "Plan Rows": 1, "Plan Width": 97, "Actual Startup Time": 1034.996, "Actual Total Time": 1034.997, "Actual Rows": 1, "Actual Loops": 1, "Plans": [{"Node Type": "Nested Loop", "Parent Relationship": "Outer", "Join Type": "Inner", "Startup Cost": 0.0, "Total Cost": 77270.98, "Plan Rows": 1, "Plan Width": 33, "Actual Startup Time": 359.457, "Actual Total Time": 1034.942, "Actual Rows": 6, "Actual Loops": 1, "Inner Unique": true, "Plans": [{"Node Type": "Nested Loop", "Parent Relationship": "Outer", "Join Type": "Inner", "Startup Cost": 0.0, "Total Cost": 77270.7, "Plan Rows": 1, "Plan Width": 37, "Actual Startup Time": 359.446, "Actual Total Time": 1034.911, "Actual Rows": 6, "Actual Loops": 1, "Inner Unique": true, "Plans": [{"Node Type": "Nested Loop", "Parent Relationship": "Outer", "Join Type": "Inner", "Startup Cost": 0.0, "Total Cost": 77270.11, "Plan Rows": 1, "Plan Width": 45, "Actual Startup Time": 358.983, "Actual Total Time": 1034.041, "Actual Rows": 171, "Actual Loops": 1, "Inner Unique": false, "Plans": [{"Node Type": "Nested Loop", "Parent Relationship": "Outer", "Join Type": "Inner", "Startup Cost": 0.0, "Total Cost": 77269.26, "Plan Rows": 1, "Plan Width": 25, "Actual Startup Time": 358.966, "Actual Total Time": 1033.417, "Actual Rows": 104, "Actual Loops": 1, "Inner Unique": false, "Join Filter": "(t.id = ci.movie_id)", "Rows Removed by Join Filter": 0, "Plans": [{"Node Type": "Nested Loop", "Parent Relationship": "Outer", "Join Type": "Inner", "Startup Cost": 0.0, "Total Cost": 77213.48, "Plan Rows": 2, "Plan Width": 25, "Actual Startup Time": 358.923, "Actual Total Time": 1033.02, "Actual Rows": 4, "Actual Loops": 1, "Inner Unique": true, "Plans": [{"Node Type": "Nested Loop", "Parent Relationship": "Outer", "Join Type": "Inner", "Startup Cost": 0.0, "Total Cost": 75151.25, "Plan Rows": 262, "Plan Width": 4, "Actual Startup Time": 0.3, "Actual Total Time": 989.642, "Actual Rows": 8495, "Actual Loops": 1, "Inner Unique": true, "Plans": [{"Node Type": "Seq Scan", "Parent Relationship": "Outer", "Relation Name": "movie_companies", "Alias": "mc", "Startup Cost": 0.0, "Total Cost": 67908.56, "Plan Rows": 1652, "Plan Width": 8, "Actual Startup Time": 0.264, "Actual Total Time": 953.15, "Actual Rows": 8569, "Actual Loops": 1, "Filter": "(((note)::text ~~ '%(Japan)%'::text) AND ((note)::text !~~ '%(USA)%'::text) AND (((note)::text ~~ '%(2006)%'::text) OR ((note)::text ~~ '%(2007)%'::text)))", "Rows Removed by Filter": 2600559}, {"Node Type": "Index Scan", "Parent Relationship": "Inner", "Scan Direction": "Forward", "Index Name": "company_name_pkey", "Relation Name": "company_name", "Alias": "cn", "Startup Cost": 0.0, "Total Cost": 4.37, "Plan Rows": 1, "Plan Width": 4, "Actual Startup Time": 29.873, "Actual Total Time": 29.873, "Actual Rows": 8495, "Actual Loops": 8569, "Index Cond": "(id = mc.company_id)", "Rows Removed by Index Recheck": 0, "Filter": "((country_code)::text = '[jp]'::text)", "Rows Removed by Filter": 74}]}, {"Node Type": "Index Scan", "Parent Relationship": "Inner", "Scan Direction": "Forward", "Index Name": "title_pkey", "Relation Name": "title", "Alias": "t", "Startup Cost": 0.0, "Total Cost": 7.86, "Plan Rows": 1, "Plan Width": 21, "Actual Startup Time": 38.797, "Actual Total Time": 38.797, "Actual Rows": 4, "Actual Loops": 8495, "Index Cond": "(id = mc.movie_id)", "Rows Removed by Index Recheck": 0, "Filter": "((production_year >= 2006) AND (production_year <= 2007) AND (((title)::text ~~ 'One Piece%'::text) OR ((title)::text ~~ 'Dragon Ball Z%'::text)))", "Rows Removed by Filter": 8491}]}, {"Node Type": "Index Scan", "Parent Relationship": "Inner", "Scan Direction": "Forward", "Index Name": "movie_id_cast_info", "Relation Name": "cast_info", "Alias": "ci", "Startup Cost": 0.0, "Total Cost": 27.88, "Plan Rows": 1, "Plan Width": 12, "Actual Startup Time": 0.117, "Actual Total Time": 0.343, "Actual Rows": 104, "Actual Loops": 4, "Index Cond": "(movie_id = mc.movie_id)", "Rows Removed by Index Recheck": 0, "Filter": "((note)::text = '(voice: English version)'::text)", "Rows Removed by Filter": 68}]}, {"Node Type": "Index Scan", "Parent Relationship": "Inner", "Scan Direction": "Forward", "Index Name": "person_id_aka_name", "Relation Name": "aka_name", "Alias": "an", "Startup Cost": 0.0, "Total Cost": 0.84, "Plan Rows": 1, "Plan Width": 20, "Actual Startup Time": 0.434, "Actual Total Time": 0.52, "Actual Rows": 171, "Actual Loops": 104, "Index Cond": "(person_id = ci.person_id)", "Rows Removed by Index Recheck": 0}]}, {"Node Type": "Index Scan", "Parent Relationship": "Inner", "Scan Direction": "Forward", "Index Name": "name_pkey", "Relation Name": "name", "Alias": "n", "Startup Cost": 0.0, "Total Cost": 0.57, "Plan Rows": 1, "Plan Width": 4, "Actual Startup Time": 0.753, "Actual Total Time": 0.753, "Actual Rows": 6, "Actual Loops": 171, "Index Cond": "(id = an.person_id)", "Rows Removed by Index Recheck": 0, "Filter": "(((name)::text ~~ '%Yo%'::text) AND ((name)::text !~~ '%Yu%'::text))", "Rows Removed by Filter": 165}]}, {"Node Type": "Index Scan", "Parent Relationship": "Inner", "Scan Direction": "Forward", "Index Name": "role_type_pkey", "Relation Name": "role_type", "Alias": "rt", "Startup Cost": 0.0, "Total Cost": 0.27, "Plan Rows": 1, "Plan Width": 4, "Actual Startup Time": 0.02, "Actual Total Time": 0.02, "Actual Rows": 6, "Actual Loops": 6, "Index Cond": "(id = ci.role_id)", "Rows Removed by Index Recheck": 0, "Filter": "((role)::text = 'actress'::text)", "Rows Removed by Filter": 0}]}]}, "Triggers": [], "Planner Runtime": 6.295, "Total Runtime": 1035.253, "Unique SQL Id": 3956435728}}, "(1, '125')": {"explain_plan": {"Plan": {"Node Type": "Aggregate", "Strategy": "Plain", "Startup Cost": 84111.26, "Total Cost": 84111.27, "Plan Rows": 1, "Plan Width": 97, "Plans": [{"Node Type": "Nested Loop", "Parent Relationship": "Outer", "Join Type": "Inner", "Startup Cost": 0.0, "Total Cost": 84111.26, "Plan Rows": 1, "Plan Width": 33, "Inner Unique": true, "Plans": [{"Node Type": "Nested Loop", "Parent Relationship": "Outer", "Join Type": "Inner", "Startup Cost": 0.0, "Total Cost": 84110.97, "Plan Rows": 1, "Plan Width": 37, "Inner Unique": true, "Plans": [{"Node Type": "Nested Loop", "Parent Relationship": "Outer", "Join Type": "Inner", "Startup Cost": 0.0, "Total Cost": 84110.39, "Plan Rows": 1, "Plan Width": 45, "Inner Unique": false, "Plans": [{"Node Type": "Nested Loop", "Parent Relationship": "Outer", "Join Type": "Inner", "Startup Cost": 0.0, "Total Cost": 84109.54, "Plan Rows": 1, "Plan Width": 25, "Inner Unique": false, "Join Filter": "(t.id = ci.movie_id)", "Plans": [{"Node Type": "Nested Loop", "Parent Relationship": "Outer", "Join Type": "Inner", "Startup Cost": 0.0, "Total Cost": 84053.76, "Plan Rows": 2, "Plan Width": 25, "Inner Unique": true, "Plans": [{"Node Type": "Nested Loop", "Parent Relationship": "Outer", "Join Type": "Inner", "Startup Cost": 0.0, "Total Cost": 81991.53, "Plan Rows": 262, "Plan Width": 4, "Inner Unique": false, "Plans": [{"Node Type": "Index Scan", "Parent Relationship": "Outer", "Scan Direction": "Forward", "Index Name": "company_name_pkey", "Relation Name": "company_name", "Alias": "cn", "Startup Cost": 0.0, "Total Cost": 10501.39, "Plan Rows": 6290, "Plan Width": 4, "Filter": "((country_code)::text = '[jp]'::text)"}, {"Node Type": "Index Scan", "Parent Relationship": "Inner", "Scan Direction": "Forward", "Index Name": "company_id_movie_companies", "Relation Name": "movie_companies", "Alias": "mc", "Startup Cost": 0.0, "Total Cost": 11.36, "Plan Rows": 1, "Plan Width": 8, "Index Cond": "(company_id = cn.id)", "Filter": "(((note)::text ~~ '%(Japan)%'::text) AND ((note)::text !~~ '%(USA)%'::text) AND (((note)::text ~~ '%(2006)%'::text) OR ((note)::text ~~ '%(2007)%'::text)))"}]}, {"Node Type": "Index Scan", "Parent Relationship": "Inner", "Scan Direction": "Forward", "Index Name": "title_pkey", "Relation Name": "title", "Alias": "t", "Startup Cost": 0.0, "Total Cost": 7.86, "Plan Rows": 1, "Plan Width": 21, "Index Cond": "(id = mc.movie_id)", "Filter": "((production_year >= 2006) AND (production_year <= 2007) AND (((title)::text ~~ 'One Piece%'::text) OR ((title)::text ~~ 'Dragon Ball Z%'::text)))"}]}, {"Node Type": "Index Scan", "Parent Relationship": "Inner", "Scan Direction": "Forward", "Index Name": "movie_id_cast_info", "Relation Name": "cast_info", "Alias": "ci", "Startup Cost": 0.0, "Total Cost": 27.88, "Plan Rows": 1, "Plan Width": 12, "Index Cond": "(movie_id = mc.movie_id)", "Filter": "((note)::text = '(voice: English version)'::text)"}]}, {"Node Type": "Index Scan", "Parent Relationship": "Inner", "Scan Direction": "Forward", "Index Name": "person_id_aka_name", "Relation Name": "aka_name", "Alias": "an", "Startup Cost": 0.0, "Total Cost": 0.84, "Plan Rows": 1, "Plan Width": 20, "Index Cond": "(person_id = ci.person_id)"}]}, {"Node Type": "Index Scan", "Parent Relationship": "Inner", "Scan Direction": "Forward", "Index Name": "name_pkey", "Relation Name": "name", "Alias": "n", "Startup Cost": 0.0, "Total Cost": 0.57, "Plan Rows": 1, "Plan Width": 4, "Index Cond": "(id = an.person_id)", "Filter": "(((name)::text ~~ '%Yo%'::text) AND ((name)::text !~~ '%Yu%'::text))"}]}, {"Node Type": "Index Scan", "Parent Relationship": "Inner", "Scan Direction": "Forward", "Index Name": "role_type_pkey", "Relation Name": "role_type", "Alias": "rt", "Startup Cost": 0.0, "Total Cost": 0.27, "Plan Rows": 1, "Plan Width": 4, "Index Cond": "(id = ci.role_id)", "Filter": "((role)::text = 'actress'::text)"}]}]}, "Unique SQL Id": 3956435728, "Planner Runtime": 5}, "explain_analyze_plan": {"Plan": {"Node Type": "Aggregate", "Strategy": "Plain", "Startup Cost": 84111.26, "Total Cost": 84111.27, "Plan Rows": 1, "Plan Width": 97, "Actual Startup Time": 581.73, "Actual Total Time": 581.73, "Actual Rows": 1, "Actual Loops": 1, "Plans": [{"Node Type": "Nested Loop", "Parent Relationship": "Outer", "Join Type": "Inner", "Startup Cost": 0.0, "Total Cost": 84111.26, "Plan Rows": 1, "Plan Width": 33, "Actual Startup Time": 54.321, "Actual Total Time": 581.694, "Actual Rows": 6, "Actual Loops": 1, "Inner Unique": true, "Plans": [{"Node Type": "Nested Loop", "Parent Relationship": "Outer", "Join Type": "Inner", "Startup Cost": 0.0, "Total Cost": 84110.97, "Plan Rows": 1, "Plan Width": 37, "Actual Startup Time": 54.312, "Actual Total Time": 581.658, "Actual Rows": 6, "Actual Loops": 1, "Inner Unique": true, "Plans": [{"Node Type": "Nested Loop", "Parent Relationship": "Outer", "Join Type": "Inner", "Startup Cost": 0.0, "Total Cost": 84110.39, "Plan Rows": 1, "Plan Width": 45, "Actual Startup Time": 53.198, "Actual Total Time": 580.628, "Actual Rows": 171, "Actual Loops": 1, "Inner Unique": false, "Plans": [{"Node Type": "Nested Loop", "Parent Relationship": "Outer", "Join Type": "Inner", "Startup Cost": 0.0, "Total Cost": 84109.54, "Plan Rows": 1, "Plan Width": 25, "Actual Startup Time": 53.177, "Actual Total Time": 579.772, "Actual Rows": 104, "Actual Loops": 1, "Inner Unique": false, "Join Filter": "(t.id = ci.movie_id)", "Rows Removed by Join Filter": 0, "Plans": [{"Node Type": "Nested Loop", "Parent Relationship": "Outer", "Join Type": "Inner", "Startup Cost": 0.0, "Total Cost": 84053.76, "Plan Rows": 2, "Plan Width": 25, "Actual Startup Time": 53.042, "Actual Total Time": 579.227, "Actual Rows": 4, "Actual Loops": 1, "Inner Unique": true, "Plans": [{"Node Type": "Nested Loop", "Parent Relationship": "Outer", "Join Type": "Inner", "Startup Cost": 0.0, "Total Cost": 81991.53, "Plan Rows": 262, "Plan Width": 4, "Actual Startup Time": 0.312, "Actual Total Time": 518.839, "Actual Rows": 8495, "Actual Loops": 1, "Inner Unique": false, "Plans": [{"Node Type": "Index Scan", "Parent Relationship": "Outer", "Scan Direction": "Forward", "Index Name": "company_name_pkey", "Relation Name": "company_name", "Alias": "cn", "Startup Cost": 0.0, "Total Cost": 10501.39, "Plan Rows": 6290, "Plan Width": 4, "Actual Startup Time": 0.264, "Actual Total Time": 291.012, "Actual Rows": 6752, "Actual Loops": 1, "Filter": "((country_code)::text = '[jp]'::text)", "Rows Removed by Filter": 228244}, {"Node Type": "Index Scan", "Parent Relationship": "Inner", "Scan Direction": "Forward", "Index Name": "company_id_movie_companies", "Relation Name": "movie_companies", "Alias": "mc", "Startup Cost": 0.0, "Total Cost": 11.36, "Plan Rows": 1, "Plan Width": 8, "Actual Startup Time": 100.149, "Actual Total Time": 221.814, "Actual Rows": 8495, "Actual Loops": 6752, "Index Cond": "(company_id = cn.id)", "Rows Removed by Index Recheck": 0, "Filter": "(((note)::text ~~ '%(Japan)%'::text) AND ((note)::text !~~ '%(USA)%'::text) AND (((note)::text ~~ '%(2006)%'::text) OR ((note)::text ~~ '%(2007)%'::text)))", "Rows Removed by Filter": 96500}]}, {"Node Type": "Index Scan", "Parent Relationship": "Inner", "Scan Direction": "Forward", "Index Name": "title_pkey", "Relation Name": "title", "Alias": "t", "Startup Cost": 0.0, "Total Cost": 7.86, "Plan Rows": 1, "Plan Width": 21, "Actual Startup Time": 55.844, "Actual Total Time": 55.844, "Actual Rows": 4, "Actual Loops": 8495, "Index Cond": "(id = mc.movie_id)", "Rows Removed by Index Recheck": 0, "Filter": "((production_year >= 2006) AND (production_year <= 2007) AND (((title)::text ~~ 'One Piece%'::text) OR ((title)::text ~~ 'Dragon Ball Z%'::text)))", "Rows Removed by Filter": 8491}]}, {"Node Type": "Index Scan", "Parent Relationship": "Inner", "Scan Direction": "Forward", "Index Name": "movie_id_cast_info", "Relation Name": "cast_info", "Alias": "ci", "Startup Cost": 0.0, "Total Cost": 27.88, "Plan Rows": 1, "Plan Width": 12, "Actual Startup Time": 0.155, "Actual Total Time": 0.487, "Actual Rows": 104, "Actual Loops": 4, "Index Cond": "(movie_id = mc.movie_id)", "Rows Removed by Index Recheck": 0, "Filter": "((note)::text = '(voice: English version)'::text)", "Rows Removed by Filter": 68}]}, {"Node Type": "Index Scan", "Parent Relationship": "Inner", "Scan Direction": "Forward", "Index Name": "person_id_aka_name", "Relation Name": "aka_name", "Alias": "an", "Startup Cost": 0.0, "Total Cost": 0.84, "Plan Rows": 1, "Plan Width": 20, "Actual Startup Time": 0.629, "Actual Total Time": 0.74, "Actual Rows": 171, "Actual Loops": 104, "Index Cond": "(person_id = ci.person_id)", "Rows Removed by Index Recheck": 0}]}, {"Node Type": "Index Scan", "Parent Relationship": "Inner", "Scan Direction": "Forward", "Index Name": "name_pkey", "Relation Name": "name", "Alias": "n", "Startup Cost": 0.0, "Total Cost": 0.57, "Plan Rows": 1, "Plan Width": 4, "Actual Startup Time": 0.94, "Actual Total Time": 0.94, "Actual Rows": 6, "Actual Loops": 171, "Index Cond": "(id = an.person_id)", "Rows Removed by Index Recheck": 0, "Filter": "(((name)::text ~~ '%Yo%'::text) AND ((name)::text !~~ '%Yu%'::text))", "Rows Removed by Filter": 165}]}, {"Node Type": "Index Scan", "Parent Relationship": "Inner", "Scan Direction": "Forward", "Index Name": "role_type_pkey", "Relation Name": "role_type", "Alias": "rt", "Startup Cost": 0.0, "Total Cost": 0.27, "Plan Rows": 1, "Plan Width": 4, "Actual Startup Time": 0.022, "Actual Total Time": 0.022, "Actual Rows": 6, "Actual Loops": 6, "Index Cond": "(id = ci.role_id)", "Rows Removed by Index Recheck": 0, "Filter": "((role)::text = 'actress'::text)", "Rows Removed by Filter": 0}]}]}, "Triggers": [], "Planner Runtime": 25.043, "Total Runtime": 582.138, "Unique SQL Id": 3956435728}}, "(1, '126')": {"explain_plan": {"Plan": {"Node Type": "Aggregate", "Strategy": "Plain", "Startup Cost": 999566.81, "Total Cost": 999566.82, "Plan Rows": 1, "Plan Width": 97, "Plans": [{"Node Type": "Nested Loop", "Parent Relationship": "Outer", "Join Type": "Inner", "Startup Cost": 4536.65, "Total Cost": 999566.8, "Plan Rows": 1, "Plan Width": 33, "Inner Unique": true, "Join Filter": "(an.person_id = n.id)", "Plans": [{"Node Type": "Nested Loop", "Parent Relationship": "Outer", "Join Type": "Inner", "Startup Cost": 4536.65, "Total Cost": 885483.88, "Plan Rows": 1, "Plan Width": 41, "Inner Unique": true, "Join Filter": "(mc.company_id = cn.id)", "Plans": [{"Node Type": "Nested Loop", "Parent Relationship": "Outer", "Join Type": "Inner", "Startup Cost": 4536.65, "Total Cost": 879501.8, "Plan Rows": 1, "Plan Width": 45, "Inner Unique": false, "Join Filter": "(ci.person_id = an.person_id)", "Plans": [{"Node Type": "Nested Loop", "Parent Relationship": "Outer", "Join Type": "Inner", "Startup Cost": 4536.65, "Total Cost": 848326.61, "Plan Rows": 1, "Plan Width": 25, "Inner Unique": false, "Join Filter": "(ci.movie_id = t.id)", "Plans": [{"Node Type": "Nested Loop", "Parent Relationship": "Outer", "Join Type": "Inner", "Startup Cost": 0.0, "Total Cost": 693736.48, "Plan Rows": 8790, "Plan Width": 8, "Inner Unique": false, "Join Filter": "(ci.role_id = rt.id)", "Plans": [{"Node Type": "Seq Scan", "Parent Relationship": "Outer", "Relation Name": "role_type", "Alias": "rt", "Startup Cost": 0.0, "Total Cost": 1.15, "Plan Rows": 1, "Plan Width": 4, "Filter": "((role)::text = 'actress'::text)"}, {"Node Type": "Seq Scan", "Parent Relationship": "Inner", "Relation Name": "cast_info", "Alias": "ci", "Startup Cost": 0.0, "Total Cost": 692526.68, "Plan Rows": 96692, "Plan Width": 12, "Filter": "((note)::text = '(voice: English version)'::text)"}]}, {"Node Type": "Materialize", "Parent Relationship": "Inner", "Startup Cost": 4536.65, "Total Cost": 154326.44, "Plan Rows": 2, "Plan Width": 29, "Plans": [{"Node Type": "Nested Loop", "Parent Relationship": "Outer", "Join Type": "Inner", "Startup Cost": 4536.65, "Total Cost": 154326.43, "Plan Rows": 2, "Plan Width": 29, "Inner Unique": true, "Join Filter": "(mc.movie_id = t.id)", "Plans": [{"Node Type": "Seq Scan", "Parent Relationship": "Outer", "Relation Name": "movie_companies", "Alias": "mc", "Startup Cost": 0.0, "Total Cost": 67908.56, "Plan Rows": 1652, "Plan Width": 8, "Filter": "(((note)::text ~~ '%(Japan)%'::text) AND ((note)::text !~~ '%(USA)%'::text) AND (((note)::text ~~ '%(2006)%'::text) OR ((note)::text ~~ '%(2007)%'::text)))"}, {"Node Type": "Materialize", "Parent Relationship": "Inner", "Startup Cost": 4536.65, "Total Cost": 85352.43, "Plan Rows": 43, "Plan Width": 21, "Plans": [{"Node Type": "Seq Scan", "Parent Relationship": "Outer", "Relation Name": "title", "Alias": "t", "Startup Cost": 4536.65, "Total Cost": 85352.22, "Plan Rows": 43, "Plan Width": 21, "Filter": "((production_year >= 2006) AND (production_year <= 2007) AND (((title)::text ~~ 'One Piece%'::text) OR ((title)::text ~~ 'Dragon Ball Z%'::text)))"}]}]}]}]}, {"Node Type": "Seq Scan", "Parent Relationship": "Inner", "Relation Name": "aka_name", "Alias": "an", "Startup Cost": 0.0, "Total Cost": 19908.42, "Plan Rows": 901342, "Plan Width": 20}]}, {"Node Type": "Seq Scan", "Parent Relationship": "Inner", "Relation Name": "company_name", "Alias": "cn", "Startup Cost": 0.0, "Total Cost": 5903.45, "Plan Rows": 6290, "Plan Width": 4, "Filter": "((country_code)::text = '[jp]'::text)"}]}, {"Node Type": "Seq Scan", "Parent Relationship": "Inner", "Relation Name": "name", "Alias": "n", "Startup Cost": 0.0, "Total Cost": 113909.35, "Plan Rows": 13886, "Plan Width": 4, "Filter": "(((name)::text ~~ '%Yo%'::text) AND ((name)::text !~~ '%Yu%'::text))"}]}]}, "Unique SQL Id": 3956435728, "Planner Runtime": 6}, "explain_analyze_plan": null}, "(1, '127')": {"explain_plan": {"Plan": {"Node Type": "Aggregate", "Strategy": "Plain", "Startup Cost": 7000171740968.88, "Total Cost": 7000171740968.89, "Plan Rows": 1, "Plan Width": 97, "Plans": [{"Node Type": "Nested Loop", "Parent Relationship": "Outer", "Join Type": "Inner", "Startup Cost": 70000000000.0, "Total Cost": 7000171740968.87, "Plan Rows": 1, "Plan Width": 33, "Inner Unique": true, "Join Filter": "(ci.role_id = rt.id)", "Plans": [{"Node Type": "Nested Loop", "Parent Relationship": "Outer", "Join Type": "Inner", "Startup Cost": 60000000000.0, "Total Cost": 6000171739722.86, "Plan Rows": 1, "Plan Width": 37, "Inner Unique": true, "Plans": [{"Node Type": "Nested Loop", "Parent Relationship": "Outer", "Join Type": "Inner", "Startup Cost": 50000000000.0, "Total Cost": 5000171739665.63, "Plan Rows": 1, "Plan Width": 45, "Inner Unique": true, "Plans": [{"Node Type": "Nested Loop", "Parent Relationship": "Outer", "Join Type": "Inner", "Startup Cost": 40000000000.0, "Total Cost": 4000171739228.2, "Plan Rows": 1, "Plan Width": 49, "Inner Unique": false, "Plans": [{"Node Type": "Nested Loop", "Parent Relationship": "Outer", "Join Type": "Inner", "Startup Cost": 30000000000.0, "Total Cost": 3000171739143.81, "Plan Rows": 1, "Plan Width": 29, "Inner Unique": false, "Join Filter": "(t.id = ci.movie_id)", "Plans": [{"Node Type": "Index Scan", "Parent Relationship": "Outer", "Scan Direction": "Forward", "Index Name": "role_id_cast_info", "Relation Name": "cast_info", "Alias": "ci", "Startup Cost": 10000000000.0, "Total Cost": 1000143218339.5, "Plan Rows": 96692, "Plan Width": 12, "Filter": "((note)::text = '(voice: English version)'::text)"}, {"Node Type": "Materialize", "Parent Relationship": "Inner", "Startup Cost": 20000000000.0, "Total Cost": 2000028517903.55, "Plan Rows": 2, "Plan Width": 29, "Plans": [{"Node Type": "Nested Loop", "Parent Relationship": "Outer", "Join Type": "Inner", "Startup Cost": 20000000000.0, "Total Cost": 2000028517903.54, "Plan Rows": 2, "Plan Width": 29, "Inner Unique": true, "Join Filter": "(mc.movie_id = t.id)", "Plans": [{"Node Type": "Index Scan", "Parent Relationship": "Outer", "Scan Direction": "Forward", "Index Name": "company_id_movie_companies", "Relation Name": "movie_companies", "Alias": "mc", "Startup Cost": 10000000000.0, "Total Cost": 1000014976477.98, "Plan Rows": 1652, "Plan Width": 8, "Filter": "(((note)::text ~~ '%(Japan)%'::text) AND ((note)::text !~~ '%(USA)%'::text) AND (((note)::text ~~ '%(2006)%'::text) OR ((note)::text ~~ '%(2007)%'::text)))"}, {"Node Type": "Materialize", "Parent Relationship": "Inner", "Startup Cost": 10000000000.0, "Total Cost": 1000013540360.13, "Plan Rows": 43, "Plan Width": 21, "Plans": [{"Node Type": "Index Scan", "Parent Relationship": "Outer", "Scan Direction": "Forward", "Index Name": "title_pkey", "Relation Name": "title", "Alias": "t", "Startup Cost": 10000000000.0, "Total Cost": 1000013540359.91, "Plan Rows": 43, "Plan Width": 21, "Filter": "((production_year >= 2006) AND (production_year <= 2007) AND (((title)::text ~~ 'One Piece%'::text) OR ((title)::text ~~ 'Dragon Ball Z%'::text)))"}]}]}]}]}, {"Node Type": "Index Scan", "Parent Relationship": "Inner", "Scan Direction": "Forward", "Index Name": "person_id_aka_name", "Relation Name": "aka_name", "Alias": "an", "Startup Cost": 10000000000.0, "Total Cost": 1000000000084.38, "Plan Rows": 1, "Plan Width": 20, "Index Cond": "(person_id = ci.person_id)"}]}, {"Node Type": "Index Scan", "Parent Relationship": "Inner", "Scan Direction": "Forward", "Index Name": "company_name_pkey", "Relation Name": "company_name", "Alias": "cn", "Startup Cost": 10000000000.0, "Total Cost": 1000000000437.42, "Plan Rows": 1, "Plan Width": 4, "Index Cond": "(id = mc.company_id)", "Filter": "((country_code)::text = '[jp]'::text)"}]}, {"Node Type": "Index Scan", "Parent Relationship": "Inner", "Scan Direction": "Forward", "Index Name": "name_pkey", "Relation Name": "name", "Alias": "n", "Startup Cost": 10000000000.0, "Total Cost": 1000000000057.22, "Plan Rows": 1, "Plan Width": 4, "Index Cond": "(id = an.person_id)", "Filter": "(((name)::text ~~ '%Yo%'::text) AND ((name)::text !~~ '%Yu%'::text))"}]}, {"Node Type": "Index Scan", "Parent Relationship": "Inner", "Scan Direction": "Forward", "Index Name": "role_type_pkey", "Relation Name": "role_type", "Alias": "rt", "Startup Cost": 10000000000.0, "Total Cost": 1000000001246.0, "Plan Rows": 1, "Plan Width": 4, "Filter": "((role)::text = 'actress'::text)"}]}]}, "Unique SQL Id": 3956435728, "Planner Runtime": 5}, "explain_analyze_plan": null}, "(16, '0')": {"explain_plan": {"Plan": {"Node Type": "Aggregate", "Strategy": "Plain", "Startup Cost": 20891.31, "Total Cost": 20891.32, "Plan Rows": 1, "Plan Width": 97, "Plans": [{"Node Type": "Nested Loop", "Parent Relationship": "Outer", "Join Type": "Inner", "Startup Cost": 1069.17, "Total Cost": 20891.3, "Plan Rows": 1, "Plan Width": 33, "Inner Unique": true, "Plans": [{"Node Type": "Nested Loop", "Parent Relationship": "Outer", "Join Type": "Inner", "Startup Cost": 1069.17, "Total Cost": 20891.02, "Plan Rows": 1, "Plan Width": 37, "Inner Unique": true, "Plans": [{"Node Type": "Nested Loop", "Parent Relationship": "Outer", "Join Type": "Inner", "Startup Cost": 1069.17, "Total Cost": 20890.44, "Plan Rows": 1, "Plan Width": 45, "Inner Unique": true, "Plans": [{"Node Type": "Nested Loop", "Parent Relationship": "Outer", "Join Type": "Inner", "Startup Cost": 1069.17, "Total Cost": 20886.05, "Plan Rows": 1, "Plan Width": 49, "Inner Unique": false, "Plans": [{"Node Type": "Nested Loop", "Parent Relationship": "Outer", "Join Type": "Inner", "Startup Cost": 1069.17, "Total Cost": 20885.2, "Plan Rows": 1, "Plan Width": 29, "Inner Unique": false, "Join Filter": "(t.id = ci.movie_id)", "Plans": [{"Node Type": "Nested Loop", "Parent Relationship": "Outer", "Join Type": "Inner", "Startup Cost": 1069.17, "Total Cost": 20829.42, "Plan Rows": 2, "Plan Width": 29, "Inner Unique": false, "Plans": [{"Node Type": "Streaming(type: LOCAL GATHER dop: 1/16)", "Parent Relationship": "Outer", "Startup Cost": 1069.17, "Total Cost": 20335.44, "Plan Rows": 43, "Plan Width": 21, "Plans": [{"Node Type": "Seq Scan", "Parent Relationship": "Outer", "Relation Name": "title", "Alias": "t", "Startup Cost": 1069.17, "Total Cost": 20334.51, "Plan Rows": 43, "Plan Width": 21, "Filter": "((production_year >= 2006) AND (production_year <= 2007) AND (((title)::text ~~ 'One Piece%'::text) OR ((title)::text ~~ 'Dragon Ball Z%'::text)))"}]}, {"Node Type": "Index Scan", "Parent Relationship": "Inner", "Scan Direction": "Forward", "Index Name": "movie_id_movie_companies", "Relation Name": "movie_companies", "Alias": "mc", "Startup Cost": 0.0, "Total Cost": 11.48, "Plan Rows": 1, "Plan Width": 8, "Index Cond": "(movie_id = t.id)", "Filter": "(((note)::text ~~ '%(Japan)%'::text) AND ((note)::text !~~ '%(USA)%'::text) AND (((note)::text ~~ '%(2006)%'::text) OR ((note)::text ~~ '%(2007)%'::text)))"}]}, {"Node Type": "Index Scan", "Parent Relationship": "Inner", "Scan Direction": "Forward", "Index Name": "movie_id_cast_info", "Relation Name": "cast_info", "Alias": "ci", "Startup Cost": 0.0, "Total Cost": 27.88, "Plan Rows": 1, "Plan Width": 12, "Index Cond": "(movie_id = mc.movie_id)", "Filter": "((note)::text = '(voice: English version)'::text)"}]}, {"Node Type": "Index Scan", "Parent Relationship": "Inner", "Scan Direction": "Forward", "Index Name": "person_id_aka_name", "Relation Name": "aka_name", "Alias": "an", "Startup Cost": 0.0, "Total Cost": 0.84, "Plan Rows": 1, "Plan Width": 20, "Index Cond": "(person_id = ci.person_id)"}]}, {"Node Type": "Index Scan", "Parent Relationship": "Inner", "Scan Direction": "Forward", "Index Name": "company_name_pkey", "Relation Name": "company_name", "Alias": "cn", "Startup Cost": 0.0, "Total Cost": 4.37, "Plan Rows": 1, "Plan Width": 4, "Index Cond": "(id = mc.company_id)", "Filter": "((country_code)::text = '[jp]'::text)"}]}, {"Node Type": "Index Scan", "Parent Relationship": "Inner", "Scan Direction": "Forward", "Index Name": "name_pkey", "Relation Name": "name", "Alias": "n", "Startup Cost": 0.0, "Total Cost": 0.57, "Plan Rows": 1, "Plan Width": 4, "Index Cond": "(id = an.person_id)", "Filter": "(((name)::text ~~ '%Yo%'::text) AND ((name)::text !~~ '%Yu%'::text))"}]}, {"Node Type": "Index Scan", "Parent Relationship": "Inner", "Scan Direction": "Forward", "Index Name": "role_type_pkey", "Relation Name": "role_type", "Alias": "rt", "Startup Cost": 0.0, "Total Cost": 0.27, "Plan Rows": 1, "Plan Width": 4, "Index Cond": "(id = ci.role_id)", "Filter": "((role)::text = 'actress'::text)"}]}]}, "Unique SQL Id": 3956435728, "Planner Runtime": 30}, "explain_analyze_plan": {"Plan": {"Node Type": "Aggregate", "Strategy": "Plain", "Startup Cost": 20891.31, "Total Cost": 20891.32, "Plan Rows": 1, "Plan Width": 97, "Actual Min Startup Time": 82.24, "Actual Max Startup Time": 82.24, "Actual Min Total Time": 82.24, "Actual Max Total Time": 82.24, "Plans": [{"Node Type": "Nested Loop", "Parent Relationship": "Outer", "Join Type": "Inner", "Startup Cost": 1069.17, "Total Cost": 20891.3, "Plan Rows": 1, "Plan Width": 33, "Actual Min Startup Time": 79.771, "Actual Max Startup Time": 79.771, "Actual Min Total Time": 82.203, "Actual Max Total Time": 82.203, "Inner Unique": true, "Plans": [{"Node Type": "Nested Loop", "Parent Relationship": "Outer", "Join Type": "Inner", "Startup Cost": 1069.17, "Total Cost": 20891.02, "Plan Rows": 1, "Plan Width": 37, "Actual Min Startup Time": 79.76, "Actual Max Startup Time": 79.76, "Actual Min Total Time": 82.178, "Actual Max Total Time": 82.178, "Inner Unique": true, "Plans": [{"Node Type": "Nested Loop", "Parent Relationship": "Outer", "Join Type": "Inner", "Startup Cost": 1069.17, "Total Cost": 20890.44, "Plan Rows": 1, "Plan Width": 45, "Actual Min Startup Time": 78.621, "Actual Max Startup Time": 78.621, "Actual Min Total Time": 81.338, "Actual Max Total Time": 81.338, "Inner Unique": true, "Plans": [{"Node Type": "Nested Loop", "Parent Relationship": "Outer", "Join Type": "Inner", "Startup Cost": 1069.17, "Total Cost": 20886.05, "Plan Rows": 1, "Plan Width": 49, "Actual Min Startup Time": 78.603, "Actual Max Startup Time": 78.603, "Actual Min Total Time": 80.695, "Actual Max Total Time": 80.695, "Inner Unique": false, "Plans": [{"Node Type": "Nested Loop", "Parent Relationship": "Outer", "Join Type": "Inner", "Startup Cost": 1069.17, "Total Cost": 20885.2, "Plan Rows": 1, "Plan Width": 29, "Actual Min Startup Time": 78.587, "Actual Max Startup Time": 78.587, "Actual Min Total Time": 79.943, "Actual Max Total Time": 79.943, "Inner Unique": false, "Join Filter": "(t.id = ci.movie_id)", "Rows Removed by Join Filter": 0, "Plans": [{"Node Type": "Nested Loop", "Parent Relationship": "Outer", "Join Type": "Inner", "Startup Cost": 1069.17, "Total Cost": 20829.42, "Plan Rows": 2, "Plan Width": 29, "Actual Min Startup Time": 78.48, "Actual Max Startup Time": 78.48, "Actual Min Total Time": 79.571, "Actual Max Total Time": 79.571, "Inner Unique": false, "Plans": [{"Node Type": "Streaming(type: LOCAL GATHER dop: 1/16)", "Parent Relationship": "Outer", "Startup Cost": 1069.17, "Total Cost": 20335.44, "Plan Rows": 43, "Plan Width": 21, "Actual Min Startup Time": 78.374, "Actual Max Startup Time": 78.374, "Actual Min Total Time": 79.397, "Actual Max Total Time": 79.397, "Plans": [{"Node Type": "Seq Scan", "Parent Relationship": "Outer", "Relation Name": "title", "Alias": "t", "Startup Cost": 1069.17, "Total Cost": 20334.51, "Plan Rows": 43, "Plan Width": 21, "Actual Min Startup Time": 48.113, "Actual Max Startup Time": 65.731, "Actual Min Total Time": 62.348, "Actual Max Total Time": 65.731, "Filter": "((production_year >= 2006) AND (production_year <= 2007) AND (((title)::text ~~ 'One Piece%'::text) OR ((title)::text ~~ 'Dragon Ball Z%'::text)))", "Rows Removed by Filter": 2528304, "Actual Rows": 7}], "Actual Rows": 7}, {"Node Type": "Index Scan", "Parent Relationship": "Inner", "Scan Direction": "Forward", "Index Name": "movie_id_movie_companies", "Relation Name": "movie_companies", "Alias": "mc", "Startup Cost": 0.0, "Total Cost": 11.48, "Plan Rows": 1, "Plan Width": 8, "Actual Min Startup Time": 0.139, "Actual Max Startup Time": 0.139, "Actual Min Total Time": 0.148, "Actual Max Total Time": 0.148, "Index Cond": "(movie_id = t.id)", "Rows Removed by Index Recheck": 0, "Filter": "(((note)::text ~~ '%(Japan)%'::text) AND ((note)::text !~~ '%(USA)%'::text) AND (((note)::text ~~ '%(2006)%'::text) OR ((note)::text ~~ '%(2007)%'::text)))", "Rows Removed by Filter": 13, "Actual Rows": 4}], "Actual Rows": 4}, {"Node Type": "Index Scan", "Parent Relationship": "Inner", "Scan Direction": "Forward", "Index Name": "movie_id_cast_info", "Relation Name": "cast_info", "Alias": "ci", "Startup Cost": 0.0, "Total Cost": 27.88, "Plan Rows": 1, "Plan Width": 12, "Actual Min Startup Time": 0.106, "Actual Max Startup Time": 0.106, "Actual Min Total Time": 0.331, "Actual Max Total Time": 0.331, "Index Cond": "(movie_id = mc.movie_id)", "Rows Removed by Index Recheck": 0, "Filter": "((note)::text = '(voice: English version)'::text)", "Rows Removed by Filter": 68, "Actual Rows": 104}], "Actual Rows": 104}, {"Node Type": "Index Scan", "Parent Relationship": "Inner", "Scan Direction": "Forward", "Index Name": "person_id_aka_name", "Relation Name": "aka_name", "Alias": "an", "Startup Cost": 0.0, "Total Cost": 0.84, "Plan Rows": 1, "Plan Width": 20, "Actual Min Startup Time": 0.52, "Actual Max Startup Time": 0.52, "Actual Min Total Time": 0.636, "Actual Max Total Time": 0.636, "Index Cond": "(person_id = ci.person_id)", "Rows Removed by Index Recheck": 0, "Actual Rows": 171}], "Actual Rows": 171}, {"Node Type": "Index Scan", "Parent Relationship": "Inner", "Scan Direction": "Forward", "Index Name": "company_name_pkey", "Relation Name": "company_name", "Alias": "cn", "Startup Cost": 0.0, "Total Cost": 4.37, "Plan Rows": 1, "Plan Width": 4, "Actual Min Startup Time": 0.51, "Actual Max Startup Time": 0.51, "Actual Min Total Time": 0.51, "Actual Max Total Time": 0.51, "Index Cond": "(id = mc.company_id)", "Rows Removed by Index Recheck": 0, "Filter": "((country_code)::text = '[jp]'::text)", "Rows Removed by Filter": 0, "Actual Rows": 171}], "Actual Rows": 171}, {"Node Type": "Index Scan", "Parent Relationship": "Inner", "Scan Direction": "Forward", "Index Name": "name_pkey", "Relation Name": "name", "Alias": "n", "Startup Cost": 0.0, "Total Cost": 0.57, "Plan Rows": 1, "Plan Width": 4, "Actual Min Startup Time": 0.745, "Actual Max Startup Time": 0.745, "Actual Min Total Time": 0.745, "Actual Max Total Time": 0.745, "Index Cond": "(id = an.person_id)", "Rows Removed by Index Recheck": 0, "Filter": "(((name)::text ~~ '%Yo%'::text) AND ((name)::text !~~ '%Yu%'::text))", "Rows Removed by Filter": 165, "Actual Rows": 6}], "Actual Rows": 6}, {"Node Type": "Index Scan", "Parent Relationship": "Inner", "Scan Direction": "Forward", "Index Name": "role_type_pkey", "Relation Name": "role_type", "Alias": "rt", "Startup Cost": 0.0, "Total Cost": 0.27, "Plan Rows": 1, "Plan Width": 4, "Actual Min Startup Time": 0.018, "Actual Max Startup Time": 0.018, "Actual Min Total Time": 0.018, "Actual Max Total Time": 0.018, "Index Cond": "(id = ci.role_id)", "Rows Removed by Index Recheck": 0, "Filter": "((role)::text = 'actress'::text)", "Rows Removed by Filter": 0, "Actual Rows": 6}], "Actual Rows": 6}], "Actual Rows": 1}, "Triggers": [], "Planner Runtime": 30.568, "Total Runtime": 84.938, "Unique SQL Id": 3956435728}}, "(16, '1')": {"explain_plan": {"Plan": {"Node Type": "Aggregate", "Strategy": "Plain", "Startup Cost": 82294.12, "Total Cost": 82294.13, "Plan Rows": 1, "Plan Width": 97, "Plans": [{"Node Type": "Nested Loop", "Parent Relationship": "Outer", "Join Type": "Inner", "Startup Cost": 2780.8, "Total Cost": 82294.12, "Plan Rows": 1, "Plan Width": 33, "Inner Unique": true, "Plans": [{"Node Type": "Nested Loop", "Parent Relationship": "Outer", "Join Type": "Inner", "Startup Cost": 2780.8, "Total Cost": 82293.84, "Plan Rows": 1, "Plan Width": 37, "Inner Unique": true, "Plans": [{"Node Type": "Nested Loop", "Parent Relationship": "Outer", "Join Type": "Inner", "Startup Cost": 2780.8, "Total Cost": 82293.26, "Plan Rows": 1, "Plan Width": 45, "Inner Unique": false, "Plans": [{"Node Type": "Nested Loop", "Parent Relationship": "Outer", "Join Type": "Inner", "Startup Cost": 2780.8, "Total Cost": 82292.4, "Plan Rows": 1, "Plan Width": 25, "Inner Unique": false, "Join Filter": "(t.id = ci.movie_id)", "Plans": [{"Node Type": "Nested Loop", "Parent Relationship": "Outer", "Join Type": "Inner", "Startup Cost": 2780.8, "Total Cost": 82236.62, "Plan Rows": 2, "Plan Width": 25, "Inner Unique": true, "Plans": [{"Node Type": "Nested Loop", "Parent Relationship": "Outer", "Join Type": "Inner", "Startup Cost": 2780.8, "Total Cost": 80174.39, "Plan Rows": 262, "Plan Width": 4, "Inner Unique": false, "Plans": [{"Node Type": "Bitmap Heap Scan", "Parent Relationship": "Outer", "Relation Name": "company_name", "Alias": "cn", "Startup Cost": 2780.8, "Total Cost": 8684.25, "Plan Rows": 6290, "Plan Width": 4, "Filter": "((country_code)::text = '[jp]'::text)", "Plans": [{"Node Type": "Bitmap Index Scan", "Parent Relationship": "Outer", "Index Name": "company_name_pkey", "Startup Cost": 0.0, "Total Cost": 2779.23, "Plan Rows": 234996, "Plan Width": 0}]}, {"Node Type": "Index Scan", "Parent Relationship": "Inner", "Scan Direction": "Forward", "Index Name": "company_id_movie_companies", "Relation Name": "movie_companies", "Alias": "mc", "Startup Cost": 0.0, "Total Cost": 11.36, "Plan Rows": 1, "Plan Width": 8, "Index Cond": "(company_id = cn.id)", "Filter": "(((note)::text ~~ '%(Japan)%'::text) AND ((note)::text !~~ '%(USA)%'::text) AND (((note)::text ~~ '%(2006)%'::text) OR ((note)::text ~~ '%(2007)%'::text)))"}]}, {"Node Type": "Index Scan", "Parent Relationship": "Inner", "Scan Direction": "Forward", "Index Name": "title_pkey", "Relation Name": "title", "Alias": "t", "Startup Cost": 0.0, "Total Cost": 7.86, "Plan Rows": 1, "Plan Width": 21, "Index Cond": "(id = mc.movie_id)", "Filter": "((production_year >= 2006) AND (production_year <= 2007) AND (((title)::text ~~ 'One Piece%'::text) OR ((title)::text ~~ 'Dragon Ball Z%'::text)))"}]}, {"Node Type": "Index Scan", "Parent Relationship": "Inner", "Scan Direction": "Forward", "Index Name": "movie_id_cast_info", "Relation Name": "cast_info", "Alias": "ci", "Startup Cost": 0.0, "Total Cost": 27.88, "Plan Rows": 1, "Plan Width": 12, "Index Cond": "(movie_id = mc.movie_id)", "Filter": "((note)::text = '(voice: English version)'::text)"}]}, {"Node Type": "Index Scan", "Parent Relationship": "Inner", "Scan Direction": "Forward", "Index Name": "person_id_aka_name", "Relation Name": "aka_name", "Alias": "an", "Startup Cost": 0.0, "Total Cost": 0.84, "Plan Rows": 1, "Plan Width": 20, "Index Cond": "(person_id = ci.person_id)"}]}, {"Node Type": "Index Scan", "Parent Relationship": "Inner", "Scan Direction": "Forward", "Index Name": "name_pkey", "Relation Name": "name", "Alias": "n", "Startup Cost": 0.0, "Total Cost": 0.57, "Plan Rows": 1, "Plan Width": 4, "Index Cond": "(id = an.person_id)", "Filter": "(((name)::text ~~ '%Yo%'::text) AND ((name)::text !~~ '%Yu%'::text))"}]}, {"Node Type": "Index Scan", "Parent Relationship": "Inner", "Scan Direction": "Forward", "Index Name": "role_type_pkey", "Relation Name": "role_type", "Alias": "rt", "Startup Cost": 0.0, "Total Cost": 0.27, "Plan Rows": 1, "Plan Width": 4, "Index Cond": "(id = ci.role_id)", "Filter": "((role)::text = 'actress'::text)"}]}]}, "Unique SQL Id": 3956435728, "Planner Runtime": 30}, "explain_analyze_plan": null}, "(16, '2')": {"explain_plan": {"Plan": {"Node Type": "Aggregate", "Strategy": "Plain", "Startup Cost": 20934.05, "Total Cost": 20934.06, "Plan Rows": 1, "Plan Width": 97, "Plans": [{"Node Type": "Nested Loop", "Parent Relationship": "Outer", "Join Type": "Inner", "Startup Cost": 1079.65, "Total Cost": 20934.05, "Plan Rows": 1, "Plan Width": 33, "Inner Unique": true, "Join Filter": "(ci.role_id = rt.id)", "Plans": [{"Node Type": "Nested Loop", "Parent Relationship": "Outer", "Join Type": "Inner", "Startup Cost": 1079.65, "Total Cost": 20932.89, "Plan Rows": 1, "Plan Width": 37, "Inner Unique": true, "Plans": [{"Node Type": "Nested Loop", "Parent Relationship": "Outer", "Join Type": "Inner", "Startup Cost": 1079.32, "Total Cost": 20928.53, "Plan Rows": 1, "Plan Width": 45, "Inner Unique": true, "Plans": [{"Node Type": "Nested Loop", "Parent Relationship": "Outer", "Join Type": "Inner", "Startup Cost": 1078.09, "Total Cost": 20923.28, "Plan Rows": 1, "Plan Width": 49, "Inner Unique": false, "Plans": [{"Node Type": "Nested Loop", "Parent Relationship": "Outer", "Join Type": "Inner", "Startup Cost": 1077.71, "Total Cost": 20918.87, "Plan Rows": 1, "Plan Width": 29, "Inner Unique": false, "Join Filter": "(t.id = ci.movie_id)", "Plans": [{"Node Type": "Nested Loop", "Parent Relationship": "Outer", "Join Type": "Inner", "Startup Cost": 1073.44, "Total Cost": 20862.3, "Plan Rows": 2, "Plan Width": 29, "Inner Unique": false, "Plans": [{"Node Type": "Streaming(type: LOCAL GATHER dop: 1/16)", "Parent Relationship": "Outer", "Startup Cost": 1069.17, "Total Cost": 20335.44, "Plan Rows": 43, "Plan Width": 21, "Plans": [{"Node Type": "Seq Scan", "Parent Relationship": "Outer", "Relation Name": "title", "Alias": "t", "Startup Cost": 1069.17, "Total Cost": 20334.51, "Plan Rows": 43, "Plan Width": 21, "Filter": "((production_year >= 2006) AND (production_year <= 2007) AND (((title)::text ~~ 'One Piece%'::text) OR ((title)::text ~~ 'Dragon Ball Z%'::text)))"}]}, {"Node Type": "Bitmap Heap Scan", "Parent Relationship": "Inner", "Relation Name": "movie_companies", "Alias": "mc", "Startup Cost": 4.27, "Total Cost": 12.24, "Plan Rows": 1, "Plan Width": 8, "Recheck Cond": "(movie_id = t.id)", "Filter": "(((note)::text ~~ '%(Japan)%'::text) AND ((note)::text !~~ '%(USA)%'::text) AND (((note)::text ~~ '%(2006)%'::text) OR ((note)::text ~~ '%(2007)%'::text)))", "Plans": [{"Node Type": "Bitmap Index Scan", "Parent Relationship": "Outer", "Index Name": "movie_id_movie_companies", "Startup Cost": 0.0, "Total Cost": 4.26, "Plan Rows": 2, "Plan Width": 0, "Index Cond": "(movie_id = t.id)"}]}]}, {"Node Type": "Bitmap Heap Scan", "Parent Relationship": "Inner", "Relation Name": "cast_info", "Alias": "ci", "Startup Cost": 4.27, "Total Cost": 28.27, "Plan Rows": 1, "Plan Width": 12, "Recheck Cond": "(movie_id = mc.movie_id)", "Filter": "((note)::text = '(voice: English version)'::text)", "Plans": [{"Node Type": "Bitmap Index Scan", "Parent Relationship": "Outer", "Index Name": "movie_id_cast_info", "Startup Cost": 0.0, "Total Cost": 4.27, "Plan Rows": 6, "Plan Width": 0, "Index Cond": "(movie_id = mc.movie_id)"}]}]}, {"Node Type": "Bitmap Heap Scan", "Parent Relationship": "Inner", "Relation Name": "aka_name", "Alias": "an", "Startup Cost": 0.38, "Total Cost": 4.39, "Plan Rows": 1, "Plan Width": 20, "Recheck Cond": "(person_id = ci.person_id)", "Plans": [{"Node Type": "Bitmap Index Scan", "Parent Relationship": "Outer", "Index Name": "person_id_aka_name", "Startup Cost": 0.0, "Total Cost": 0.38, "Plan Rows": 1, "Plan Width": 0, "Index Cond": "(person_id = ci.person_id)"}]}]}, {"Node Type": "Bitmap Heap Scan", "Parent Relationship": "Inner", "Relation Name": "company_name", "Alias": "cn", "Startup Cost": 1.23, "Total Cost": 5.24, "Plan Rows": 1, "Plan Width": 4, "Recheck Cond": "(id = mc.company_id)", "Filter": "((country_code)::text = '[jp]'::text)", "Plans": [{"Node Type": "Bitmap Index Scan", "Parent Relationship": "Outer", "Index Name": "company_name_pkey", "Startup Cost": 0.0, "Total Cost": 1.23, "Plan Rows": 1, "Plan Width": 0, "Index Cond": "(id = mc.company_id)"}]}]}, {"Node Type": "Bitmap Heap Scan", "Parent Relationship": "Inner", "Relation Name": "name", "Alias": "n", "Startup Cost": 0.33, "Total Cost": 4.34, "Plan Rows": 1, "Plan Width": 4, "Recheck Cond": "(id = an.person_id)", "Filter": "(((name)::text ~~ '%Yo%'::text) AND ((name)::text !~~ '%Yu%'::text))", "Plans": [{"Node Type": "Bitmap Index Scan", "Parent Relationship": "Outer", "Index Name": "name_pkey", "Startup Cost": 0.0, "Total Cost": 0.33, "Plan Rows": 1, "Plan Width": 0, "Index Cond": "(id = an.person_id)"}]}]}, {"Node Type": "Seq Scan", "Parent Relationship": "Inner", "Relation Name": "role_type", "Alias": "rt", "Startup Cost": 0.0, "Total Cost": 1.15, "Plan Rows": 1, "Plan Width": 4, "Filter": "((role)::text = 'actress'::text)"}]}]}, "Unique SQL Id": 3956435728, "Planner Runtime": 46}, "explain_analyze_plan": {"Plan": {"Node Type": "Aggregate", "Strategy": "Plain", "Startup Cost": 20934.05, "Total Cost": 20934.06, "Plan Rows": 1, "Plan Width": 97, "Actual Min Startup Time": 84.297, "Actual Max Startup Time": 84.297, "Actual Min Total Time": 84.298, "Actual Max Total Time": 84.298, "Plans": [{"Node Type": "Nested Loop", "Parent Relationship": "Outer", "Join Type": "Inner", "Startup Cost": 1079.65, "Total Cost": 20934.05, "Plan Rows": 1, "Plan Width": 33, "Actual Min Startup Time": 81.444, "Actual Max Startup Time": 81.444, "Actual Min Total Time": 84.256, "Actual Max Total Time": 84.256, "Inner Unique": true, "Join Filter": "(ci.role_id = rt.id)", "Rows Removed by Join Filter": 0, "Plans": [{"Node Type": "Nested Loop", "Parent Relationship": "Outer", "Join Type": "Inner", "Startup Cost": 1079.65, "Total Cost": 20932.89, "Plan Rows": 1, "Plan Width": 37, "Actual Min Startup Time": 81.407, "Actual Max Startup Time": 81.407, "Actual Min Total Time": 84.189, "Actual Max Total Time": 84.189, "Inner Unique": true, "Plans": [{"Node Type": "Nested Loop", "Parent Relationship": "Outer", "Join Type": "Inner", "Startup Cost": 1079.32, "Total Cost": 20928.53, "Plan Rows": 1, "Plan Width": 45, "Actual Min Startup Time": 79.94, "Actual Max Startup Time": 79.94, "Actual Min Total Time": 83.048, "Actual Max Total Time": 83.048, "Inner Unique": true, "Plans": [{"Node Type": "Nested Loop", "Parent Relationship": "Outer", "Join Type": "Inner", "Startup Cost": 1078.09, "Total Cost": 20923.28, "Plan Rows": 1, "Plan Width": 49, "Actual Min Startup Time": 79.918, "Actual Max Startup Time": 79.918, "Actual Min Total Time": 82.123, "Actual Max Total Time": 82.123, "Inner Unique": false, "Plans": [{"Node Type": "Nested Loop", "Parent Relationship": "Outer", "Join Type": "Inner", "Startup Cost": 1077.71, "Total Cost": 20918.87, "Plan Rows": 1, "Plan Width": 29, "Actual Min Startup Time": 79.893, "Actual Max Startup Time": 79.893, "Actual Min Total Time": 81.166, "Actual Max Total Time": 81.166, "Inner Unique": false, "Join Filter": "(t.id = ci.movie_id)", "Rows Removed by Join Filter": 0, "Plans": [{"Node Type": "Nested Loop", "Parent Relationship": "Outer", "Join Type": "Inner", "Startup Cost": 1073.44, "Total Cost": 20862.3, "Plan Rows": 2, "Plan Width": 29, "Actual Min Startup Time": 79.734, "Actual Max Startup Time": 79.734, "Actual Min Total Time": 80.712, "Actual Max Total Time": 80.712, "Inner Unique": false, "Plans": [{"Node Type": "Streaming(type: LOCAL GATHER dop: 1/16)", "Parent Relationship": "Outer", "Startup Cost": 1069.17, "Total Cost": 20335.44, "Plan Rows": 43, "Plan Width": 21, "Actual Min Startup Time": 79.604, "Actual Max Startup Time": 79.604, "Actual Min Total Time": 80.477, "Actual Max Total Time": 80.477, "Plans": [{"Node Type": "Seq Scan", "Parent Relationship": "Outer", "Relation Name": "title", "Alias": "t", "Startup Cost": 1069.17, "Total Cost": 20334.51, "Plan Rows": 43, "Plan Width": 21, "Actual Min Startup Time": 48.136, "Actual Max Startup Time": 65.75, "Actual Min Total Time": 62.49, "Actual Max Total Time": 65.75, "Filter": "((production_year >= 2006) AND (production_year <= 2007) AND (((title)::text ~~ 'One Piece%'::text) OR ((title)::text ~~ 'Dragon Ball Z%'::text)))", "Rows Removed by Filter": 2528304, "Actual Rows": 7}], "Actual Rows": 7}, {"Node Type": "Bitmap Heap Scan", "Parent Relationship": "Inner", "Relation Name": "movie_companies", "Alias": "mc", "Startup Cost": 4.27, "Total Cost": 12.24, "Plan Rows": 1, "Plan Width": 8, "Actual Min Startup Time": 0.18, "Actual Max Startup Time": 0.18, "Actual Min Total Time": 0.19, "Actual Max Total Time": 0.19, "Recheck Cond": "(movie_id = t.id)", "Rows Removed by Index Recheck": 0, "Filter": "(((note)::text ~~ '%(Japan)%'::text) AND ((note)::text !~~ '%(USA)%'::text) AND (((note)::text ~~ '%(2006)%'::text) OR ((note)::text ~~ '%(2007)%'::text)))", "Rows Removed by Filter": 13, "Exact Heap Blocks": 13, "Lossy Heap Blocks": 13, "Plans": [{"Node Type": "Bitmap Index Scan", "Parent Relationship": "Outer", "Index Name": "movie_id_movie_companies", "Startup Cost": 0.0, "Total Cost": 4.26, "Plan Rows": 2, "Plan Width": 0, "Actual Min Startup Time": 0.081, "Actual Max Startup Time": 0.081, "Actual Min Total Time": 0.081, "Actual Max Total Time": 0.081, "Index Cond": "(movie_id = t.id)", "Actual Rows": 17}], "Actual Rows": 4}], "Actual Rows": 4}, {"Node Type": "Bitmap Heap Scan", "Parent Relationship": "Inner", "Relation Name": "cast_info", "Alias": "ci", "Startup Cost": 4.27, "Total Cost": 28.27, "Plan Rows": 1, "Plan Width": 12, "Actual Min Startup Time": 0.163, "Actual Max Startup Time": 0.163, "Actual Min Total Time": 0.401, "Actual Max Total Time": 0.401, "Recheck Cond": "(movie_id = mc.movie_id)", "Rows Removed by Index Recheck": 0, "Filter": "((note)::text = '(voice: English version)'::text)", "Rows Removed by Filter": 68, "Exact Heap Blocks": 133, "Lossy Heap Blocks": 133, "Plans": [{"Node Type": "Bitmap Index Scan", "Parent Relationship": "Outer", "Index Name": "movie_id_cast_info", "Startup Cost": 0.0, "Total Cost": 4.27, "Plan Rows": 6, "Plan Width": 0, "Actual Min Startup Time": 0.057, "Actual Max Startup Time": 0.057, "Actual Min Total Time": 0.057, "Actual Max Total Time": 0.057, "Index Cond": "(movie_id = mc.movie_id)", "Actual Rows": 172}], "Actual Rows": 104}], "Actual Rows": 104}, {"Node Type": "Bitmap Heap Scan", "Parent Relationship": "Inner", "Relation Name": "aka_name", "Alias": "an", "Startup Cost": 0.38, "Total Cost": 4.39, "Plan Rows": 1, "Plan Width": 20, "Actual Min Startup Time": 0.699, "Actual Max Startup Time": 0.699, "Actual Min Total Time": 0.778, "Actual Max Total Time": 0.778, "Recheck Cond": "(person_id = ci.person_id)", "Rows Removed by Index Recheck": 0, "Exact Heap Blocks": 105, "Lossy Heap Blocks": 105, "Plans": [{"Node Type": "Bitmap Index Scan", "Parent Relationship": "Outer", "Index Name": "person_id_aka_name", "Startup Cost": 0.0, "Total Cost": 0.38, "Plan Rows": 1, "Plan Width": 0, "Actual Min Startup Time": 0.49, "Actual Max Startup Time": 0.49, "Actual Min Total Time": 0.49, "Actual Max Total Time": 0.49, "Index Cond": "(person_id = ci.person_id)", "Actual Rows": 171}], "Actual Rows": 171}], "Actual Rows": 171}, {"Node Type": "Bitmap Heap Scan", "Parent Relationship": "Inner", "Relation Name": "company_name", "Alias": "cn", "Startup Cost": 1.23, "Total Cost": 5.24, "Plan Rows": 1, "Plan Width": 4, "Actual Min Startup Time": 0.698, "Actual Max Startup Time": 0.698, "Actual Min Total Time": 0.698, "Actual Max Total Time": 0.698, "Recheck Cond": "(id = mc.company_id)", "Rows Removed by Index Recheck": 0, "Filter": "((country_code)::text = '[jp]'::text)", "Rows Removed by Filter": 0, "Exact Heap Blocks": 171, "Lossy Heap Blocks": 171, "Plans": [{"Node Type": "Bitmap Index Scan", "Parent Relationship": "Outer", "Index Name": "company_name_pkey", "Startup Cost": 0.0, "Total Cost": 1.23, "Plan Rows": 1, "Plan Width": 0, "Actual Min Startup Time": 0.417, "Actual Max Startup Time": 0.417, "Actual Min Total Time": 0.417, "Actual Max Total Time": 0.417, "Index Cond": "(id = mc.company_id)", "Actual Rows": 171}], "Actual Rows": 171}], "Actual Rows": 171}, {"Node Type": "Bitmap Heap Scan", "Parent Relationship": "Inner", "Relation Name": "name", "Alias": "n", "Startup Cost": 0.33, "Total Cost": 4.34, "Plan Rows": 1, "Plan Width": 4, "Actual Min Startup Time": 0.933, "Actual Max Startup Time": 0.933, "Actual Min Total Time": 0.933, "Actual Max Total Time": 0.933, "Recheck Cond": "(id = an.person_id)", "Rows Removed by Index Recheck": 0, "Filter": "(((name)::text ~~ '%Yo%'::text) AND ((name)::text !~~ '%Yu%'::text))", "Rows Removed by Filter": 165, "Exact Heap Blocks": 171, "Lossy Heap Blocks": 171, "Plans": [{"Node Type": "Bitmap Index Scan", "Parent Relationship": "Outer", "Index Name": "name_pkey", "Startup Cost": 0.0, "Total Cost": 0.33, "Plan Rows": 1, "Plan Width": 0, "Actual Min Startup Time": 0.539, "Actual Max Startup Time": 0.539, "Actual Min Total Time": 0.539, "Actual Max Total Time": 0.539, "Index Cond": "(id = an.person_id)", "Actual Rows": 171}], "Actual Rows": 6}], "Actual Rows": 6}, {"Node Type": "Seq Scan", "Parent Relationship": "Inner", "Relation Name": "role_type", "Alias": "rt", "Startup Cost": 0.0, "Total Cost": 1.15, "Plan Rows": 1, "Plan Width": 4, "Actual Min Startup Time": 0.038, "Actual Max Startup Time": 0.038, "Actual Min Total Time": 0.038, "Actual Max Total Time": 0.038, "Filter": "((role)::text = 'actress'::text)", "Rows Removed by Filter": 6, "Actual Rows": 6}], "Actual Rows": 6}], "Actual Rows": 1}, "Triggers": [], "Planner Runtime": 46.031, "Total Runtime": 87.116, "Unique SQL Id": 3956435728}}, "(16, '3')": {"explain_plan": {"Plan": {"Node Type": "Aggregate", "Strategy": "Plain", "Startup Cost": 108949.86, "Total Cost": 108949.87, "Plan Rows": 1, "Plan Width": 97, "Plans": [{"Node Type": "Nested Loop", "Parent Relationship": "Outer", "Join Type": "Inner", "Startup Cost": 2793.35, "Total Cost": 108949.85, "Plan Rows": 1, "Plan Width": 33, "Inner Unique": true, "Plans": [{"Node Type": "Nested Loop", "Parent Relationship": "Outer", "Join Type": "Inner", "Startup Cost": 2793.09, "Total Cost": 108945.57, "Plan Rows": 1, "Plan Width": 37, "Inner Unique": true, "Plans": [{"Node Type": "Nested Loop", "Parent Relationship": "Outer", "Join Type": "Inner", "Startup Cost": 2792.76, "Total Cost": 108941.22, "Plan Rows": 1, "Plan Width": 45, "Inner Unique": false, "Plans": [{"Node Type": "Nested Loop", "Parent Relationship": "Outer", "Join Type": "Inner", "Startup Cost": 2792.38, "Total Cost": 108936.81, "Plan Rows": 1, "Plan Width": 25, "Inner Unique": false, "Join Filter": "(t.id = ci.movie_id)", "Plans": [{"Node Type": "Nested Loop", "Parent Relationship": "Outer", "Join Type": "Inner", "Startup Cost": 2788.11, "Total Cost": 108880.24, "Plan Rows": 2, "Plan Width": 25, "Inner Unique": true, "Plans": [{"Node Type": "Nested Loop", "Parent Relationship": "Outer", "Join Type": "Inner", "Startup Cost": 2784.18, "Total Cost": 106793.84, "Plan Rows": 262, "Plan Width": 4, "Inner Unique": false, "Plans": [{"Node Type": "Bitmap Heap Scan", "Parent Relationship": "Outer", "Relation Name": "company_name", "Alias": "cn", "Startup Cost": 2780.8, "Total Cost": 8684.25, "Plan Rows": 6290, "Plan Width": 4, "Filter": "((country_code)::text = '[jp]'::text)", "Plans": [{"Node Type": "Bitmap Index Scan", "Parent Relationship": "Outer", "Index Name": "company_name_pkey", "Startup Cost": 0.0, "Total Cost": 2779.23, "Plan Rows": 234996, "Plan Width": 0}]}, {"Node Type": "Bitmap Heap Scan", "Parent Relationship": "Inner", "Relation Name": "movie_companies", "Alias": "mc", "Startup Cost": 3.37, "Total Cost": 15.59, "Plan Rows": 1, "Plan Width": 8, "Recheck Cond": "(company_id = cn.id)", "Filter": "(((note)::text ~~ '%(Japan)%'::text) AND ((note)::text !~~ '%(USA)%'::text) AND (((note)::text ~~ '%(2006)%'::text) OR ((note)::text ~~ '%(2007)%'::text)))", "Plans": [{"Node Type": "Bitmap Index Scan", "Parent Relationship": "Outer", "Index Name": "company_id_movie_companies", "Startup Cost": 0.0, "Total Cost": 3.37, "Plan Rows": 15, "Plan Width": 0, "Index Cond": "(company_id = cn.id)"}]}]}, {"Node Type": "Bitmap Heap Scan", "Parent Relationship": "Inner", "Relation Name": "title", "Alias": "t", "Startup Cost": 3.93, "Total Cost": 7.95, "Plan Rows": 1, "Plan Width": 21, "Recheck Cond": "(id = mc.movie_id)", "Filter": "((production_year >= 2006) AND (production_year <= 2007) AND (((title)::text ~~ 'One Piece%'::text) OR ((title)::text ~~ 'Dragon Ball Z%'::text)))", "Plans": [{"Node Type": "Bitmap Index Scan", "Parent Relationship": "Outer", "Index Name": "title_pkey", "Startup Cost": 0.0, "Total Cost": 3.93, "Plan Rows": 1, "Plan Width": 0, "Index Cond": "(id = mc.movie_id)"}]}]}, {"Node Type": "Bitmap Heap Scan", "Parent Relationship": "Inner", "Relation Name": "cast_info", "Alias": "ci", "Startup Cost": 4.27, "Total Cost": 28.27, "Plan Rows": 1, "Plan Width": 12, "Recheck Cond": "(movie_id = mc.movie_id)", "Filter": "((note)::text = '(voice: English version)'::text)", "Plans": [{"Node Type": "Bitmap Index Scan", "Parent Relationship": "Outer", "Index Name": "movie_id_cast_info", "Startup Cost": 0.0, "Total Cost": 4.27, "Plan Rows": 6, "Plan Width": 0, "Index Cond": "(movie_id = mc.movie_id)"}]}]}, {"Node Type": "Bitmap Heap Scan", "Parent Relationship": "Inner", "Relation Name": "aka_name", "Alias": "an", "Startup Cost": 0.38, "Total Cost": 4.39, "Plan Rows": 1, "Plan Width": 20, "Recheck Cond": "(person_id = ci.person_id)", "Plans": [{"Node Type": "Bitmap Index Scan", "Parent Relationship": "Outer", "Index Name": "person_id_aka_name", "Startup Cost": 0.0, "Total Cost": 0.38, "Plan Rows": 1, "Plan Width": 0, "Index Cond": "(person_id = ci.person_id)"}]}]}, {"Node Type": "Bitmap Heap Scan", "Parent Relationship": "Inner", "Relation Name": "name", "Alias": "n", "Startup Cost": 0.33, "Total Cost": 4.34, "Plan Rows": 1, "Plan Width": 4, "Recheck Cond": "(id = an.person_id)", "Filter": "(((name)::text ~~ '%Yo%'::text) AND ((name)::text !~~ '%Yu%'::text))", "Plans": [{"Node Type": "Bitmap Index Scan", "Parent Relationship": "Outer", "Index Name": "name_pkey", "Startup Cost": 0.0, "Total Cost": 0.33, "Plan Rows": 1, "Plan Width": 0, "Index Cond": "(id = an.person_id)"}]}]}, {"Node Type": "Bitmap Heap Scan", "Parent Relationship": "Inner", "Relation Name": "role_type", "Alias": "rt", "Startup Cost": 0.26, "Total Cost": 4.27, "Plan Rows": 1, "Plan Width": 4, "Recheck Cond": "(id = ci.role_id)", "Filter": "((role)::text = 'actress'::text)", "Plans": [{"Node Type": "Bitmap Index Scan", "Parent Relationship": "Outer", "Index Name": "role_type_pkey", "Startup Cost": 0.0, "Total Cost": 0.26, "Plan Rows": 1, "Plan Width": 0, "Index Cond": "(id = ci.role_id)"}]}]}]}, "Unique SQL Id": 3956435728, "Planner Runtime": 31}, "explain_analyze_plan": null}, "(16, '4')": {"explain_plan": {"Plan": {"Node Type": "Aggregate", "Strategy": "Plain", "Startup Cost": 20891.31, "Total Cost": 20891.32, "Plan Rows": 1, "Plan Width": 97, "Plans": [{"Node Type": "Nested Loop", "Parent Relationship": "Outer", "Join Type": "Inner", "Startup Cost": 1069.17, "Total Cost": 20891.3, "Plan Rows": 1, "Plan Width": 33, "Inner Unique": true, "Plans": [{"Node Type": "Nested Loop", "Parent Relationship": "Outer", "Join Type": "Inner", "Startup Cost": 1069.17, "Total Cost": 20891.02, "Plan Rows": 1, "Plan Width": 37, "Inner Unique": true, "Plans": [{"Node Type": "Nested Loop", "Parent Relationship": "Outer", "Join Type": "Inner", "Startup Cost": 1069.17, "Total Cost": 20890.44, "Plan Rows": 1, "Plan Width": 45, "Inner Unique": true, "Plans": [{"Node Type": "Nested Loop", "Parent Relationship": "Outer", "Join Type": "Inner", "Startup Cost": 1069.17, "Total Cost": 20886.05, "Plan Rows": 1, "Plan Width": 49, "Inner Unique": false, "Plans": [{"Node Type": "Nested Loop", "Parent Relationship": "Outer", "Join Type": "Inner", "Startup Cost": 1069.17, "Total Cost": 20885.2, "Plan Rows": 1, "Plan Width": 29, "Inner Unique": false, "Join Filter": "(t.id = ci.movie_id)", "Plans": [{"Node Type": "Nested Loop", "Parent Relationship": "Outer", "Join Type": "Inner", "Startup Cost": 1069.17, "Total Cost": 20829.42, "Plan Rows": 2, "Plan Width": 29, "Inner Unique": false, "Plans": [{"Node Type": "Streaming(type: LOCAL GATHER dop: 1/16)", "Parent Relationship": "Outer", "Startup Cost": 1069.17, "Total Cost": 20335.44, "Plan Rows": 43, "Plan Width": 21, "Plans": [{"Node Type": "Seq Scan", "Parent Relationship": "Outer", "Relation Name": "title", "Alias": "t", "Startup Cost": 1069.17, "Total Cost": 20334.51, "Plan Rows": 43, "Plan Width": 21, "Filter": "((production_year >= 2006) AND (production_year <= 2007) AND (((title)::text ~~ 'One Piece%'::text) OR ((title)::text ~~ 'Dragon Ball Z%'::text)))"}]}, {"Node Type": "Index Scan", "Parent Relationship": "Inner", "Scan Direction": "Forward", "Index Name": "movie_id_movie_companies", "Relation Name": "movie_companies", "Alias": "mc", "Startup Cost": 0.0, "Total Cost": 11.48, "Plan Rows": 1, "Plan Width": 8, "Index Cond": "(movie_id = t.id)", "Filter": "(((note)::text ~~ '%(Japan)%'::text) AND ((note)::text !~~ '%(USA)%'::text) AND (((note)::text ~~ '%(2006)%'::text) OR ((note)::text ~~ '%(2007)%'::text)))"}]}, {"Node Type": "Index Scan", "Parent Relationship": "Inner", "Scan Direction": "Forward", "Index Name": "movie_id_cast_info", "Relation Name": "cast_info", "Alias": "ci", "Startup Cost": 0.0, "Total Cost": 27.88, "Plan Rows": 1, "Plan Width": 12, "Index Cond": "(movie_id = mc.movie_id)", "Filter": "((note)::text = '(voice: English version)'::text)"}]}, {"Node Type": "Index Scan", "Parent Relationship": "Inner", "Scan Direction": "Forward", "Index Name": "person_id_aka_name", "Relation Name": "aka_name", "Alias": "an", "Startup Cost": 0.0, "Total Cost": 0.84, "Plan Rows": 1, "Plan Width": 20, "Index Cond": "(person_id = ci.person_id)"}]}, {"Node Type": "Index Scan", "Parent Relationship": "Inner", "Scan Direction": "Forward", "Index Name": "company_name_pkey", "Relation Name": "company_name", "Alias": "cn", "Startup Cost": 0.0, "Total Cost": 4.37, "Plan Rows": 1, "Plan Width": 4, "Index Cond": "(id = mc.company_id)", "Filter": "((country_code)::text = '[jp]'::text)"}]}, {"Node Type": "Index Scan", "Parent Relationship": "Inner", "Scan Direction": "Forward", "Index Name": "name_pkey", "Relation Name": "name", "Alias": "n", "Startup Cost": 0.0, "Total Cost": 0.57, "Plan Rows": 1, "Plan Width": 4, "Index Cond": "(id = an.person_id)", "Filter": "(((name)::text ~~ '%Yo%'::text) AND ((name)::text !~~ '%Yu%'::text))"}]}, {"Node Type": "Index Scan", "Parent Relationship": "Inner", "Scan Direction": "Forward", "Index Name": "role_type_pkey", "Relation Name": "role_type", "Alias": "rt", "Startup Cost": 0.0, "Total Cost": 0.27, "Plan Rows": 1, "Plan Width": 4, "Index Cond": "(id = ci.role_id)", "Filter": "((role)::text = 'actress'::text)"}]}]}, "Unique SQL Id": 3956435728, "Planner Runtime": 30}, "explain_analyze_plan": {"Plan": {"Node Type": "Aggregate", "Strategy": "Plain", "Startup Cost": 20891.31, "Total Cost": 20891.32, "Plan Rows": 1, "Plan Width": 97, "Actual Min Startup Time": 82.24, "Actual Max Startup Time": 82.24, "Actual Min Total Time": 82.24, "Actual Max Total Time": 82.24, "Plans": [{"Node Type": "Nested Loop", "Parent Relationship": "Outer", "Join Type": "Inner", "Startup Cost": 1069.17, "Total Cost": 20891.3, "Plan Rows": 1, "Plan Width": 33, "Actual Min Startup Time": 79.771, "Actual Max Startup Time": 79.771, "Actual Min Total Time": 82.203, "Actual Max Total Time": 82.203, "Inner Unique": true, "Plans": [{"Node Type": "Nested Loop", "Parent Relationship": "Outer", "Join Type": "Inner", "Startup Cost": 1069.17, "Total Cost": 20891.02, "Plan Rows": 1, "Plan Width": 37, "Actual Min Startup Time": 79.76, "Actual Max Startup Time": 79.76, "Actual Min Total Time": 82.178, "Actual Max Total Time": 82.178, "Inner Unique": true, "Plans": [{"Node Type": "Nested Loop", "Parent Relationship": "Outer", "Join Type": "Inner", "Startup Cost": 1069.17, "Total Cost": 20890.44, "Plan Rows": 1, "Plan Width": 45, "Actual Min Startup Time": 78.621, "Actual Max Startup Time": 78.621, "Actual Min Total Time": 81.338, "Actual Max Total Time": 81.338, "Inner Unique": true, "Plans": [{"Node Type": "Nested Loop", "Parent Relationship": "Outer", "Join Type": "Inner", "Startup Cost": 1069.17, "Total Cost": 20886.05, "Plan Rows": 1, "Plan Width": 49, "Actual Min Startup Time": 78.603, "Actual Max Startup Time": 78.603, "Actual Min Total Time": 80.695, "Actual Max Total Time": 80.695, "Inner Unique": false, "Plans": [{"Node Type": "Nested Loop", "Parent Relationship": "Outer", "Join Type": "Inner", "Startup Cost": 1069.17, "Total Cost": 20885.2, "Plan Rows": 1, "Plan Width": 29, "Actual Min Startup Time": 78.587, "Actual Max Startup Time": 78.587, "Actual Min Total Time": 79.943, "Actual Max Total Time": 79.943, "Inner Unique": false, "Join Filter": "(t.id = ci.movie_id)", "Rows Removed by Join Filter": 0, "Plans": [{"Node Type": "Nested Loop", "Parent Relationship": "Outer", "Join Type": "Inner", "Startup Cost": 1069.17, "Total Cost": 20829.42, "Plan Rows": 2, "Plan Width": 29, "Actual Min Startup Time": 78.48, "Actual Max Startup Time": 78.48, "Actual Min Total Time": 79.571, "Actual Max Total Time": 79.571, "Inner Unique": false, "Plans": [{"Node Type": "Streaming(type: LOCAL GATHER dop: 1/16)", "Parent Relationship": "Outer", "Startup Cost": 1069.17, "Total Cost": 20335.44, "Plan Rows": 43, "Plan Width": 21, "Actual Min Startup Time": 78.374, "Actual Max Startup Time": 78.374, "Actual Min Total Time": 79.397, "Actual Max Total Time": 79.397, "Plans": [{"Node Type": "Seq Scan", "Parent Relationship": "Outer", "Relation Name": "title", "Alias": "t", "Startup Cost": 1069.17, "Total Cost": 20334.51, "Plan Rows": 43, "Plan Width": 21, "Actual Min Startup Time": 48.113, "Actual Max Startup Time": 65.731, "Actual Min Total Time": 62.348, "Actual Max Total Time": 65.731, "Filter": "((production_year >= 2006) AND (production_year <= 2007) AND (((title)::text ~~ 'One Piece%'::text) OR ((title)::text ~~ 'Dragon Ball Z%'::text)))", "Rows Removed by Filter": 2528304, "Actual Rows": 7}], "Actual Rows": 7}, {"Node Type": "Index Scan", "Parent Relationship": "Inner", "Scan Direction": "Forward", "Index Name": "movie_id_movie_companies", "Relation Name": "movie_companies", "Alias": "mc", "Startup Cost": 0.0, "Total Cost": 11.48, "Plan Rows": 1, "Plan Width": 8, "Actual Min Startup Time": 0.139, "Actual Max Startup Time": 0.139, "Actual Min Total Time": 0.148, "Actual Max Total Time": 0.148, "Index Cond": "(movie_id = t.id)", "Rows Removed by Index Recheck": 0, "Filter": "(((note)::text ~~ '%(Japan)%'::text) AND ((note)::text !~~ '%(USA)%'::text) AND (((note)::text ~~ '%(2006)%'::text) OR ((note)::text ~~ '%(2007)%'::text)))", "Rows Removed by Filter": 13, "Actual Rows": 4}], "Actual Rows": 4}, {"Node Type": "Index Scan", "Parent Relationship": "Inner", "Scan Direction": "Forward", "Index Name": "movie_id_cast_info", "Relation Name": "cast_info", "Alias": "ci", "Startup Cost": 0.0, "Total Cost": 27.88, "Plan Rows": 1, "Plan Width": 12, "Actual Min Startup Time": 0.106, "Actual Max Startup Time": 0.106, "Actual Min Total Time": 0.331, "Actual Max Total Time": 0.331, "Index Cond": "(movie_id = mc.movie_id)", "Rows Removed by Index Recheck": 0, "Filter": "((note)::text = '(voice: English version)'::text)", "Rows Removed by Filter": 68, "Actual Rows": 104}], "Actual Rows": 104}, {"Node Type": "Index Scan", "Parent Relationship": "Inner", "Scan Direction": "Forward", "Index Name": "person_id_aka_name", "Relation Name": "aka_name", "Alias": "an", "Startup Cost": 0.0, "Total Cost": 0.84, "Plan Rows": 1, "Plan Width": 20, "Actual Min Startup Time": 0.52, "Actual Max Startup Time": 0.52, "Actual Min Total Time": 0.636, "Actual Max Total Time": 0.636, "Index Cond": "(person_id = ci.person_id)", "Rows Removed by Index Recheck": 0, "Actual Rows": 171}], "Actual Rows": 171}, {"Node Type": "Index Scan", "Parent Relationship": "Inner", "Scan Direction": "Forward", "Index Name": "company_name_pkey", "Relation Name": "company_name", "Alias": "cn", "Startup Cost": 0.0, "Total Cost": 4.37, "Plan Rows": 1, "Plan Width": 4, "Actual Min Startup Time": 0.51, "Actual Max Startup Time": 0.51, "Actual Min Total Time": 0.51, "Actual Max Total Time": 0.51, "Index Cond": "(id = mc.company_id)", "Rows Removed by Index Recheck": 0, "Filter": "((country_code)::text = '[jp]'::text)", "Rows Removed by Filter": 0, "Actual Rows": 171}], "Actual Rows": 171}, {"Node Type": "Index Scan", "Parent Relationship": "Inner", "Scan Direction": "Forward", "Index Name": "name_pkey", "Relation Name": "name", "Alias": "n", "Startup Cost": 0.0, "Total Cost": 0.57, "Plan Rows": 1, "Plan Width": 4, "Actual Min Startup Time": 0.745, "Actual Max Startup Time": 0.745, "Actual Min Total Time": 0.745, "Actual Max Total Time": 0.745, "Index Cond": "(id = an.person_id)", "Rows Removed by Index Recheck": 0, "Filter": "(((name)::text ~~ '%Yo%'::text) AND ((name)::text !~~ '%Yu%'::text))", "Rows Removed by Filter": 165, "Actual Rows": 6}], "Actual Rows": 6}, {"Node Type": "Index Scan", "Parent Relationship": "Inner", "Scan Direction": "Forward", "Index Name": "role_type_pkey", "Relation Name": "role_type", "Alias": "rt", "Startup Cost": 0.0, "Total Cost": 0.27, "Plan Rows": 1, "Plan Width": 4, "Actual Min Startup Time": 0.018, "Actual Max Startup Time": 0.018, "Actual Min Total Time": 0.018, "Actual Max Total Time": 0.018, "Index Cond": "(id = ci.role_id)", "Rows Removed by Index Recheck": 0, "Filter": "((role)::text = 'actress'::text)", "Rows Removed by Filter": 0, "Actual Rows": 6}], "Actual Rows": 6}], "Actual Rows": 1}, "Triggers": [], "Planner Runtime": 30.568, "Total Runtime": 84.938, "Unique SQL Id": 3956435728}}, "(16, '5')": {"explain_plan": {"Plan": {"Node Type": "Aggregate", "Strategy": "Plain", "Startup Cost": 82294.12, "Total Cost": 82294.13, "Plan Rows": 1, "Plan Width": 97, "Plans": [{"Node Type": "Nested Loop", "Parent Relationship": "Outer", "Join Type": "Inner", "Startup Cost": 2780.8, "Total Cost": 82294.12, "Plan Rows": 1, "Plan Width": 33, "Inner Unique": true, "Plans": [{"Node Type": "Nested Loop", "Parent Relationship": "Outer", "Join Type": "Inner", "Startup Cost": 2780.8, "Total Cost": 82293.84, "Plan Rows": 1, "Plan Width": 37, "Inner Unique": true, "Plans": [{"Node Type": "Nested Loop", "Parent Relationship": "Outer", "Join Type": "Inner", "Startup Cost": 2780.8, "Total Cost": 82293.26, "Plan Rows": 1, "Plan Width": 45, "Inner Unique": false, "Plans": [{"Node Type": "Nested Loop", "Parent Relationship": "Outer", "Join Type": "Inner", "Startup Cost": 2780.8, "Total Cost": 82292.4, "Plan Rows": 1, "Plan Width": 25, "Inner Unique": false, "Join Filter": "(t.id = ci.movie_id)", "Plans": [{"Node Type": "Nested Loop", "Parent Relationship": "Outer", "Join Type": "Inner", "Startup Cost": 2780.8, "Total Cost": 82236.62, "Plan Rows": 2, "Plan Width": 25, "Inner Unique": true, "Plans": [{"Node Type": "Nested Loop", "Parent Relationship": "Outer", "Join Type": "Inner", "Startup Cost": 2780.8, "Total Cost": 80174.39, "Plan Rows": 262, "Plan Width": 4, "Inner Unique": false, "Plans": [{"Node Type": "Bitmap Heap Scan", "Parent Relationship": "Outer", "Relation Name": "company_name", "Alias": "cn", "Startup Cost": 2780.8, "Total Cost": 8684.25, "Plan Rows": 6290, "Plan Width": 4, "Filter": "((country_code)::text = '[jp]'::text)", "Plans": [{"Node Type": "Bitmap Index Scan", "Parent Relationship": "Outer", "Index Name": "company_name_pkey", "Startup Cost": 0.0, "Total Cost": 2779.23, "Plan Rows": 234996, "Plan Width": 0}]}, {"Node Type": "Index Scan", "Parent Relationship": "Inner", "Scan Direction": "Forward", "Index Name": "company_id_movie_companies", "Relation Name": "movie_companies", "Alias": "mc", "Startup Cost": 0.0, "Total Cost": 11.36, "Plan Rows": 1, "Plan Width": 8, "Index Cond": "(company_id = cn.id)", "Filter": "(((note)::text ~~ '%(Japan)%'::text) AND ((note)::text !~~ '%(USA)%'::text) AND (((note)::text ~~ '%(2006)%'::text) OR ((note)::text ~~ '%(2007)%'::text)))"}]}, {"Node Type": "Index Scan", "Parent Relationship": "Inner", "Scan Direction": "Forward", "Index Name": "title_pkey", "Relation Name": "title", "Alias": "t", "Startup Cost": 0.0, "Total Cost": 7.86, "Plan Rows": 1, "Plan Width": 21, "Index Cond": "(id = mc.movie_id)", "Filter": "((production_year >= 2006) AND (production_year <= 2007) AND (((title)::text ~~ 'One Piece%'::text) OR ((title)::text ~~ 'Dragon Ball Z%'::text)))"}]}, {"Node Type": "Index Scan", "Parent Relationship": "Inner", "Scan Direction": "Forward", "Index Name": "movie_id_cast_info", "Relation Name": "cast_info", "Alias": "ci", "Startup Cost": 0.0, "Total Cost": 27.88, "Plan Rows": 1, "Plan Width": 12, "Index Cond": "(movie_id = mc.movie_id)", "Filter": "((note)::text = '(voice: English version)'::text)"}]}, {"Node Type": "Index Scan", "Parent Relationship": "Inner", "Scan Direction": "Forward", "Index Name": "person_id_aka_name", "Relation Name": "aka_name", "Alias": "an", "Startup Cost": 0.0, "Total Cost": 0.84, "Plan Rows": 1, "Plan Width": 20, "Index Cond": "(person_id = ci.person_id)"}]}, {"Node Type": "Index Scan", "Parent Relationship": "Inner", "Scan Direction": "Forward", "Index Name": "name_pkey", "Relation Name": "name", "Alias": "n", "Startup Cost": 0.0, "Total Cost": 0.57, "Plan Rows": 1, "Plan Width": 4, "Index Cond": "(id = an.person_id)", "Filter": "(((name)::text ~~ '%Yo%'::text) AND ((name)::text !~~ '%Yu%'::text))"}]}, {"Node Type": "Index Scan", "Parent Relationship": "Inner", "Scan Direction": "Forward", "Index Name": "role_type_pkey", "Relation Name": "role_type", "Alias": "rt", "Startup Cost": 0.0, "Total Cost": 0.27, "Plan Rows": 1, "Plan Width": 4, "Index Cond": "(id = ci.role_id)", "Filter": "((role)::text = 'actress'::text)"}]}]}, "Unique SQL Id": 3956435728, "Planner Runtime": 29}, "explain_analyze_plan": null}, "(16, '6')": {"explain_plan": {"Plan": {"Node Type": "Aggregate", "Strategy": "Plain", "Startup Cost": 20934.05, "Total Cost": 20934.06, "Plan Rows": 1, "Plan Width": 97, "Plans": [{"Node Type": "Nested Loop", "Parent Relationship": "Outer", "Join Type": "Inner", "Startup Cost": 1079.65, "Total Cost": 20934.05, "Plan Rows": 1, "Plan Width": 33, "Inner Unique": true, "Join Filter": "(ci.role_id = rt.id)", "Plans": [{"Node Type": "Nested Loop", "Parent Relationship": "Outer", "Join Type": "Inner", "Startup Cost": 1079.65, "Total Cost": 20932.89, "Plan Rows": 1, "Plan Width": 37, "Inner Unique": true, "Plans": [{"Node Type": "Nested Loop", "Parent Relationship": "Outer", "Join Type": "Inner", "Startup Cost": 1079.32, "Total Cost": 20928.53, "Plan Rows": 1, "Plan Width": 45, "Inner Unique": true, "Plans": [{"Node Type": "Nested Loop", "Parent Relationship": "Outer", "Join Type": "Inner", "Startup Cost": 1078.09, "Total Cost": 20923.28, "Plan Rows": 1, "Plan Width": 49, "Inner Unique": false, "Plans": [{"Node Type": "Nested Loop", "Parent Relationship": "Outer", "Join Type": "Inner", "Startup Cost": 1077.71, "Total Cost": 20918.87, "Plan Rows": 1, "Plan Width": 29, "Inner Unique": false, "Join Filter": "(t.id = ci.movie_id)", "Plans": [{"Node Type": "Nested Loop", "Parent Relationship": "Outer", "Join Type": "Inner", "Startup Cost": 1073.44, "Total Cost": 20862.3, "Plan Rows": 2, "Plan Width": 29, "Inner Unique": false, "Plans": [{"Node Type": "Streaming(type: LOCAL GATHER dop: 1/16)", "Parent Relationship": "Outer", "Startup Cost": 1069.17, "Total Cost": 20335.44, "Plan Rows": 43, "Plan Width": 21, "Plans": [{"Node Type": "Seq Scan", "Parent Relationship": "Outer", "Relation Name": "title", "Alias": "t", "Startup Cost": 1069.17, "Total Cost": 20334.51, "Plan Rows": 43, "Plan Width": 21, "Filter": "((production_year >= 2006) AND (production_year <= 2007) AND (((title)::text ~~ 'One Piece%'::text) OR ((title)::text ~~ 'Dragon Ball Z%'::text)))"}]}, {"Node Type": "Bitmap Heap Scan", "Parent Relationship": "Inner", "Relation Name": "movie_companies", "Alias": "mc", "Startup Cost": 4.27, "Total Cost": 12.24, "Plan Rows": 1, "Plan Width": 8, "Recheck Cond": "(movie_id = t.id)", "Filter": "(((note)::text ~~ '%(Japan)%'::text) AND ((note)::text !~~ '%(USA)%'::text) AND (((note)::text ~~ '%(2006)%'::text) OR ((note)::text ~~ '%(2007)%'::text)))", "Plans": [{"Node Type": "Bitmap Index Scan", "Parent Relationship": "Outer", "Index Name": "movie_id_movie_companies", "Startup Cost": 0.0, "Total Cost": 4.26, "Plan Rows": 2, "Plan Width": 0, "Index Cond": "(movie_id = t.id)"}]}]}, {"Node Type": "Bitmap Heap Scan", "Parent Relationship": "Inner", "Relation Name": "cast_info", "Alias": "ci", "Startup Cost": 4.27, "Total Cost": 28.27, "Plan Rows": 1, "Plan Width": 12, "Recheck Cond": "(movie_id = mc.movie_id)", "Filter": "((note)::text = '(voice: English version)'::text)", "Plans": [{"Node Type": "Bitmap Index Scan", "Parent Relationship": "Outer", "Index Name": "movie_id_cast_info", "Startup Cost": 0.0, "Total Cost": 4.27, "Plan Rows": 6, "Plan Width": 0, "Index Cond": "(movie_id = mc.movie_id)"}]}]}, {"Node Type": "Bitmap Heap Scan", "Parent Relationship": "Inner", "Relation Name": "aka_name", "Alias": "an", "Startup Cost": 0.38, "Total Cost": 4.39, "Plan Rows": 1, "Plan Width": 20, "Recheck Cond": "(person_id = ci.person_id)", "Plans": [{"Node Type": "Bitmap Index Scan", "Parent Relationship": "Outer", "Index Name": "person_id_aka_name", "Startup Cost": 0.0, "Total Cost": 0.38, "Plan Rows": 1, "Plan Width": 0, "Index Cond": "(person_id = ci.person_id)"}]}]}, {"Node Type": "Bitmap Heap Scan", "Parent Relationship": "Inner", "Relation Name": "company_name", "Alias": "cn", "Startup Cost": 1.23, "Total Cost": 5.24, "Plan Rows": 1, "Plan Width": 4, "Recheck Cond": "(id = mc.company_id)", "Filter": "((country_code)::text = '[jp]'::text)", "Plans": [{"Node Type": "Bitmap Index Scan", "Parent Relationship": "Outer", "Index Name": "company_name_pkey", "Startup Cost": 0.0, "Total Cost": 1.23, "Plan Rows": 1, "Plan Width": 0, "Index Cond": "(id = mc.company_id)"}]}]}, {"Node Type": "Bitmap Heap Scan", "Parent Relationship": "Inner", "Relation Name": "name", "Alias": "n", "Startup Cost": 0.33, "Total Cost": 4.34, "Plan Rows": 1, "Plan Width": 4, "Recheck Cond": "(id = an.person_id)", "Filter": "(((name)::text ~~ '%Yo%'::text) AND ((name)::text !~~ '%Yu%'::text))", "Plans": [{"Node Type": "Bitmap Index Scan", "Parent Relationship": "Outer", "Index Name": "name_pkey", "Startup Cost": 0.0, "Total Cost": 0.33, "Plan Rows": 1, "Plan Width": 0, "Index Cond": "(id = an.person_id)"}]}]}, {"Node Type": "Seq Scan", "Parent Relationship": "Inner", "Relation Name": "role_type", "Alias": "rt", "Startup Cost": 0.0, "Total Cost": 1.15, "Plan Rows": 1, "Plan Width": 4, "Filter": "((role)::text = 'actress'::text)"}]}]}, "Unique SQL Id": 3956435728, "Planner Runtime": 45}, "explain_analyze_plan": {"Plan": {"Node Type": "Aggregate", "Strategy": "Plain", "Startup Cost": 20934.05, "Total Cost": 20934.06, "Plan Rows": 1, "Plan Width": 97, "Actual Min Startup Time": 84.297, "Actual Max Startup Time": 84.297, "Actual Min Total Time": 84.298, "Actual Max Total Time": 84.298, "Plans": [{"Node Type": "Nested Loop", "Parent Relationship": "Outer", "Join Type": "Inner", "Startup Cost": 1079.65, "Total Cost": 20934.05, "Plan Rows": 1, "Plan Width": 33, "Actual Min Startup Time": 81.444, "Actual Max Startup Time": 81.444, "Actual Min Total Time": 84.256, "Actual Max Total Time": 84.256, "Inner Unique": true, "Join Filter": "(ci.role_id = rt.id)", "Rows Removed by Join Filter": 0, "Plans": [{"Node Type": "Nested Loop", "Parent Relationship": "Outer", "Join Type": "Inner", "Startup Cost": 1079.65, "Total Cost": 20932.89, "Plan Rows": 1, "Plan Width": 37, "Actual Min Startup Time": 81.407, "Actual Max Startup Time": 81.407, "Actual Min Total Time": 84.189, "Actual Max Total Time": 84.189, "Inner Unique": true, "Plans": [{"Node Type": "Nested Loop", "Parent Relationship": "Outer", "Join Type": "Inner", "Startup Cost": 1079.32, "Total Cost": 20928.53, "Plan Rows": 1, "Plan Width": 45, "Actual Min Startup Time": 79.94, "Actual Max Startup Time": 79.94, "Actual Min Total Time": 83.048, "Actual Max Total Time": 83.048, "Inner Unique": true, "Plans": [{"Node Type": "Nested Loop", "Parent Relationship": "Outer", "Join Type": "Inner", "Startup Cost": 1078.09, "Total Cost": 20923.28, "Plan Rows": 1, "Plan Width": 49, "Actual Min Startup Time": 79.918, "Actual Max Startup Time": 79.918, "Actual Min Total Time": 82.123, "Actual Max Total Time": 82.123, "Inner Unique": false, "Plans": [{"Node Type": "Nested Loop", "Parent Relationship": "Outer", "Join Type": "Inner", "Startup Cost": 1077.71, "Total Cost": 20918.87, "Plan Rows": 1, "Plan Width": 29, "Actual Min Startup Time": 79.893, "Actual Max Startup Time": 79.893, "Actual Min Total Time": 81.166, "Actual Max Total Time": 81.166, "Inner Unique": false, "Join Filter": "(t.id = ci.movie_id)", "Rows Removed by Join Filter": 0, "Plans": [{"Node Type": "Nested Loop", "Parent Relationship": "Outer", "Join Type": "Inner", "Startup Cost": 1073.44, "Total Cost": 20862.3, "Plan Rows": 2, "Plan Width": 29, "Actual Min Startup Time": 79.734, "Actual Max Startup Time": 79.734, "Actual Min Total Time": 80.712, "Actual Max Total Time": 80.712, "Inner Unique": false, "Plans": [{"Node Type": "Streaming(type: LOCAL GATHER dop: 1/16)", "Parent Relationship": "Outer", "Startup Cost": 1069.17, "Total Cost": 20335.44, "Plan Rows": 43, "Plan Width": 21, "Actual Min Startup Time": 79.604, "Actual Max Startup Time": 79.604, "Actual Min Total Time": 80.477, "Actual Max Total Time": 80.477, "Plans": [{"Node Type": "Seq Scan", "Parent Relationship": "Outer", "Relation Name": "title", "Alias": "t", "Startup Cost": 1069.17, "Total Cost": 20334.51, "Plan Rows": 43, "Plan Width": 21, "Actual Min Startup Time": 48.136, "Actual Max Startup Time": 65.75, "Actual Min Total Time": 62.49, "Actual Max Total Time": 65.75, "Filter": "((production_year >= 2006) AND (production_year <= 2007) AND (((title)::text ~~ 'One Piece%'::text) OR ((title)::text ~~ 'Dragon Ball Z%'::text)))", "Rows Removed by Filter": 2528304, "Actual Rows": 7}], "Actual Rows": 7}, {"Node Type": "Bitmap Heap Scan", "Parent Relationship": "Inner", "Relation Name": "movie_companies", "Alias": "mc", "Startup Cost": 4.27, "Total Cost": 12.24, "Plan Rows": 1, "Plan Width": 8, "Actual Min Startup Time": 0.18, "Actual Max Startup Time": 0.18, "Actual Min Total Time": 0.19, "Actual Max Total Time": 0.19, "Recheck Cond": "(movie_id = t.id)", "Rows Removed by Index Recheck": 0, "Filter": "(((note)::text ~~ '%(Japan)%'::text) AND ((note)::text !~~ '%(USA)%'::text) AND (((note)::text ~~ '%(2006)%'::text) OR ((note)::text ~~ '%(2007)%'::text)))", "Rows Removed by Filter": 13, "Exact Heap Blocks": 13, "Lossy Heap Blocks": 13, "Plans": [{"Node Type": "Bitmap Index Scan", "Parent Relationship": "Outer", "Index Name": "movie_id_movie_companies", "Startup Cost": 0.0, "Total Cost": 4.26, "Plan Rows": 2, "Plan Width": 0, "Actual Min Startup Time": 0.081, "Actual Max Startup Time": 0.081, "Actual Min Total Time": 0.081, "Actual Max Total Time": 0.081, "Index Cond": "(movie_id = t.id)", "Actual Rows": 17}], "Actual Rows": 4}], "Actual Rows": 4}, {"Node Type": "Bitmap Heap Scan", "Parent Relationship": "Inner", "Relation Name": "cast_info", "Alias": "ci", "Startup Cost": 4.27, "Total Cost": 28.27, "Plan Rows": 1, "Plan Width": 12, "Actual Min Startup Time": 0.163, "Actual Max Startup Time": 0.163, "Actual Min Total Time": 0.401, "Actual Max Total Time": 0.401, "Recheck Cond": "(movie_id = mc.movie_id)", "Rows Removed by Index Recheck": 0, "Filter": "((note)::text = '(voice: English version)'::text)", "Rows Removed by Filter": 68, "Exact Heap Blocks": 133, "Lossy Heap Blocks": 133, "Plans": [{"Node Type": "Bitmap Index Scan", "Parent Relationship": "Outer", "Index Name": "movie_id_cast_info", "Startup Cost": 0.0, "Total Cost": 4.27, "Plan Rows": 6, "Plan Width": 0, "Actual Min Startup Time": 0.057, "Actual Max Startup Time": 0.057, "Actual Min Total Time": 0.057, "Actual Max Total Time": 0.057, "Index Cond": "(movie_id = mc.movie_id)", "Actual Rows": 172}], "Actual Rows": 104}], "Actual Rows": 104}, {"Node Type": "Bitmap Heap Scan", "Parent Relationship": "Inner", "Relation Name": "aka_name", "Alias": "an", "Startup Cost": 0.38, "Total Cost": 4.39, "Plan Rows": 1, "Plan Width": 20, "Actual Min Startup Time": 0.699, "Actual Max Startup Time": 0.699, "Actual Min Total Time": 0.778, "Actual Max Total Time": 0.778, "Recheck Cond": "(person_id = ci.person_id)", "Rows Removed by Index Recheck": 0, "Exact Heap Blocks": 105, "Lossy Heap Blocks": 105, "Plans": [{"Node Type": "Bitmap Index Scan", "Parent Relationship": "Outer", "Index Name": "person_id_aka_name", "Startup Cost": 0.0, "Total Cost": 0.38, "Plan Rows": 1, "Plan Width": 0, "Actual Min Startup Time": 0.49, "Actual Max Startup Time": 0.49, "Actual Min Total Time": 0.49, "Actual Max Total Time": 0.49, "Index Cond": "(person_id = ci.person_id)", "Actual Rows": 171}], "Actual Rows": 171}], "Actual Rows": 171}, {"Node Type": "Bitmap Heap Scan", "Parent Relationship": "Inner", "Relation Name": "company_name", "Alias": "cn", "Startup Cost": 1.23, "Total Cost": 5.24, "Plan Rows": 1, "Plan Width": 4, "Actual Min Startup Time": 0.698, "Actual Max Startup Time": 0.698, "Actual Min Total Time": 0.698, "Actual Max Total Time": 0.698, "Recheck Cond": "(id = mc.company_id)", "Rows Removed by Index Recheck": 0, "Filter": "((country_code)::text = '[jp]'::text)", "Rows Removed by Filter": 0, "Exact Heap Blocks": 171, "Lossy Heap Blocks": 171, "Plans": [{"Node Type": "Bitmap Index Scan", "Parent Relationship": "Outer", "Index Name": "company_name_pkey", "Startup Cost": 0.0, "Total Cost": 1.23, "Plan Rows": 1, "Plan Width": 0, "Actual Min Startup Time": 0.417, "Actual Max Startup Time": 0.417, "Actual Min Total Time": 0.417, "Actual Max Total Time": 0.417, "Index Cond": "(id = mc.company_id)", "Actual Rows": 171}], "Actual Rows": 171}], "Actual Rows": 171}, {"Node Type": "Bitmap Heap Scan", "Parent Relationship": "Inner", "Relation Name": "name", "Alias": "n", "Startup Cost": 0.33, "Total Cost": 4.34, "Plan Rows": 1, "Plan Width": 4, "Actual Min Startup Time": 0.933, "Actual Max Startup Time": 0.933, "Actual Min Total Time": 0.933, "Actual Max Total Time": 0.933, "Recheck Cond": "(id = an.person_id)", "Rows Removed by Index Recheck": 0, "Filter": "(((name)::text ~~ '%Yo%'::text) AND ((name)::text !~~ '%Yu%'::text))", "Rows Removed by Filter": 165, "Exact Heap Blocks": 171, "Lossy Heap Blocks": 171, "Plans": [{"Node Type": "Bitmap Index Scan", "Parent Relationship": "Outer", "Index Name": "name_pkey", "Startup Cost": 0.0, "Total Cost": 0.33, "Plan Rows": 1, "Plan Width": 0, "Actual Min Startup Time": 0.539, "Actual Max Startup Time": 0.539, "Actual Min Total Time": 0.539, "Actual Max Total Time": 0.539, "Index Cond": "(id = an.person_id)", "Actual Rows": 171}], "Actual Rows": 6}], "Actual Rows": 6}, {"Node Type": "Seq Scan", "Parent Relationship": "Inner", "Relation Name": "role_type", "Alias": "rt", "Startup Cost": 0.0, "Total Cost": 1.15, "Plan Rows": 1, "Plan Width": 4, "Actual Min Startup Time": 0.038, "Actual Max Startup Time": 0.038, "Actual Min Total Time": 0.038, "Actual Max Total Time": 0.038, "Filter": "((role)::text = 'actress'::text)", "Rows Removed by Filter": 6, "Actual Rows": 6}], "Actual Rows": 6}], "Actual Rows": 1}, "Triggers": [], "Planner Runtime": 46.031, "Total Runtime": 87.116, "Unique SQL Id": 3956435728}}, "(16, '7')": {"explain_plan": {"Plan": {"Node Type": "Aggregate", "Strategy": "Plain", "Startup Cost": 108949.86, "Total Cost": 108949.87, "Plan Rows": 1, "Plan Width": 97, "Plans": [{"Node Type": "Nested Loop", "Parent Relationship": "Outer", "Join Type": "Inner", "Startup Cost": 2793.35, "Total Cost": 108949.85, "Plan Rows": 1, "Plan Width": 33, "Inner Unique": true, "Plans": [{"Node Type": "Nested Loop", "Parent Relationship": "Outer", "Join Type": "Inner", "Startup Cost": 2793.09, "Total Cost": 108945.57, "Plan Rows": 1, "Plan Width": 37, "Inner Unique": true, "Plans": [{"Node Type": "Nested Loop", "Parent Relationship": "Outer", "Join Type": "Inner", "Startup Cost": 2792.76, "Total Cost": 108941.22, "Plan Rows": 1, "Plan Width": 45, "Inner Unique": false, "Plans": [{"Node Type": "Nested Loop", "Parent Relationship": "Outer", "Join Type": "Inner", "Startup Cost": 2792.38, "Total Cost": 108936.81, "Plan Rows": 1, "Plan Width": 25, "Inner Unique": false, "Join Filter": "(t.id = ci.movie_id)", "Plans": [{"Node Type": "Nested Loop", "Parent Relationship": "Outer", "Join Type": "Inner", "Startup Cost": 2788.11, "Total Cost": 108880.24, "Plan Rows": 2, "Plan Width": 25, "Inner Unique": true, "Plans": [{"Node Type": "Nested Loop", "Parent Relationship": "Outer", "Join Type": "Inner", "Startup Cost": 2784.18, "Total Cost": 106793.84, "Plan Rows": 262, "Plan Width": 4, "Inner Unique": false, "Plans": [{"Node Type": "Bitmap Heap Scan", "Parent Relationship": "Outer", "Relation Name": "company_name", "Alias": "cn", "Startup Cost": 2780.8, "Total Cost": 8684.25, "Plan Rows": 6290, "Plan Width": 4, "Filter": "((country_code)::text = '[jp]'::text)", "Plans": [{"Node Type": "Bitmap Index Scan", "Parent Relationship": "Outer", "Index Name": "company_name_pkey", "Startup Cost": 0.0, "Total Cost": 2779.23, "Plan Rows": 234996, "Plan Width": 0}]}, {"Node Type": "Bitmap Heap Scan", "Parent Relationship": "Inner", "Relation Name": "movie_companies", "Alias": "mc", "Startup Cost": 3.37, "Total Cost": 15.59, "Plan Rows": 1, "Plan Width": 8, "Recheck Cond": "(company_id = cn.id)", "Filter": "(((note)::text ~~ '%(Japan)%'::text) AND ((note)::text !~~ '%(USA)%'::text) AND (((note)::text ~~ '%(2006)%'::text) OR ((note)::text ~~ '%(2007)%'::text)))", "Plans": [{"Node Type": "Bitmap Index Scan", "Parent Relationship": "Outer", "Index Name": "company_id_movie_companies", "Startup Cost": 0.0, "Total Cost": 3.37, "Plan Rows": 15, "Plan Width": 0, "Index Cond": "(company_id = cn.id)"}]}]}, {"Node Type": "Bitmap Heap Scan", "Parent Relationship": "Inner", "Relation Name": "title", "Alias": "t", "Startup Cost": 3.93, "Total Cost": 7.95, "Plan Rows": 1, "Plan Width": 21, "Recheck Cond": "(id = mc.movie_id)", "Filter": "((production_year >= 2006) AND (production_year <= 2007) AND (((title)::text ~~ 'One Piece%'::text) OR ((title)::text ~~ 'Dragon Ball Z%'::text)))", "Plans": [{"Node Type": "Bitmap Index Scan", "Parent Relationship": "Outer", "Index Name": "title_pkey", "Startup Cost": 0.0, "Total Cost": 3.93, "Plan Rows": 1, "Plan Width": 0, "Index Cond": "(id = mc.movie_id)"}]}]}, {"Node Type": "Bitmap Heap Scan", "Parent Relationship": "Inner", "Relation Name": "cast_info", "Alias": "ci", "Startup Cost": 4.27, "Total Cost": 28.27, "Plan Rows": 1, "Plan Width": 12, "Recheck Cond": "(movie_id = mc.movie_id)", "Filter": "((note)::text = '(voice: English version)'::text)", "Plans": [{"Node Type": "Bitmap Index Scan", "Parent Relationship": "Outer", "Index Name": "movie_id_cast_info", "Startup Cost": 0.0, "Total Cost": 4.27, "Plan Rows": 6, "Plan Width": 0, "Index Cond": "(movie_id = mc.movie_id)"}]}]}, {"Node Type": "Bitmap Heap Scan", "Parent Relationship": "Inner", "Relation Name": "aka_name", "Alias": "an", "Startup Cost": 0.38, "Total Cost": 4.39, "Plan Rows": 1, "Plan Width": 20, "Recheck Cond": "(person_id = ci.person_id)", "Plans": [{"Node Type": "Bitmap Index Scan", "Parent Relationship": "Outer", "Index Name": "person_id_aka_name", "Startup Cost": 0.0, "Total Cost": 0.38, "Plan Rows": 1, "Plan Width": 0, "Index Cond": "(person_id = ci.person_id)"}]}]}, {"Node Type": "Bitmap Heap Scan", "Parent Relationship": "Inner", "Relation Name": "name", "Alias": "n", "Startup Cost": 0.33, "Total Cost": 4.34, "Plan Rows": 1, "Plan Width": 4, "Recheck Cond": "(id = an.person_id)", "Filter": "(((name)::text ~~ '%Yo%'::text) AND ((name)::text !~~ '%Yu%'::text))", "Plans": [{"Node Type": "Bitmap Index Scan", "Parent Relationship": "Outer", "Index Name": "name_pkey", "Startup Cost": 0.0, "Total Cost": 0.33, "Plan Rows": 1, "Plan Width": 0, "Index Cond": "(id = an.person_id)"}]}]}, {"Node Type": "Bitmap Heap Scan", "Parent Relationship": "Inner", "Relation Name": "role_type", "Alias": "rt", "Startup Cost": 0.26, "Total Cost": 4.27, "Plan Rows": 1, "Plan Width": 4, "Recheck Cond": "(id = ci.role_id)", "Filter": "((role)::text = 'actress'::text)", "Plans": [{"Node Type": "Bitmap Index Scan", "Parent Relationship": "Outer", "Index Name": "role_type_pkey", "Startup Cost": 0.0, "Total Cost": 0.26, "Plan Rows": 1, "Plan Width": 0, "Index Cond": "(id = ci.role_id)"}]}]}]}, "Unique SQL Id": 3956435728, "Planner Runtime": 30}, "explain_analyze_plan": null}, "(16, '8')": {"explain_plan": {"Plan": {"Node Type": "Aggregate", "Strategy": "Plain", "Startup Cost": 20891.31, "Total Cost": 20891.32, "Plan Rows": 1, "Plan Width": 97, "Plans": [{"Node Type": "Nested Loop", "Parent Relationship": "Outer", "Join Type": "Inner", "Startup Cost": 1069.17, "Total Cost": 20891.3, "Plan Rows": 1, "Plan Width": 33, "Inner Unique": true, "Plans": [{"Node Type": "Nested Loop", "Parent Relationship": "Outer", "Join Type": "Inner", "Startup Cost": 1069.17, "Total Cost": 20891.02, "Plan Rows": 1, "Plan Width": 37, "Inner Unique": true, "Plans": [{"Node Type": "Nested Loop", "Parent Relationship": "Outer", "Join Type": "Inner", "Startup Cost": 1069.17, "Total Cost": 20890.44, "Plan Rows": 1, "Plan Width": 45, "Inner Unique": true, "Plans": [{"Node Type": "Nested Loop", "Parent Relationship": "Outer", "Join Type": "Inner", "Startup Cost": 1069.17, "Total Cost": 20886.05, "Plan Rows": 1, "Plan Width": 49, "Inner Unique": false, "Plans": [{"Node Type": "Nested Loop", "Parent Relationship": "Outer", "Join Type": "Inner", "Startup Cost": 1069.17, "Total Cost": 20885.2, "Plan Rows": 1, "Plan Width": 29, "Inner Unique": false, "Join Filter": "(t.id = ci.movie_id)", "Plans": [{"Node Type": "Nested Loop", "Parent Relationship": "Outer", "Join Type": "Inner", "Startup Cost": 1069.17, "Total Cost": 20829.42, "Plan Rows": 2, "Plan Width": 29, "Inner Unique": false, "Plans": [{"Node Type": "Streaming(type: LOCAL GATHER dop: 1/16)", "Parent Relationship": "Outer", "Startup Cost": 1069.17, "Total Cost": 20335.44, "Plan Rows": 43, "Plan Width": 21, "Plans": [{"Node Type": "Seq Scan", "Parent Relationship": "Outer", "Relation Name": "title", "Alias": "t", "Startup Cost": 1069.17, "Total Cost": 20334.51, "Plan Rows": 43, "Plan Width": 21, "Filter": "((production_year >= 2006) AND (production_year <= 2007) AND (((title)::text ~~ 'One Piece%'::text) OR ((title)::text ~~ 'Dragon Ball Z%'::text)))"}]}, {"Node Type": "Index Scan", "Parent Relationship": "Inner", "Scan Direction": "Forward", "Index Name": "movie_id_movie_companies", "Relation Name": "movie_companies", "Alias": "mc", "Startup Cost": 0.0, "Total Cost": 11.48, "Plan Rows": 1, "Plan Width": 8, "Index Cond": "(movie_id = t.id)", "Filter": "(((note)::text ~~ '%(Japan)%'::text) AND ((note)::text !~~ '%(USA)%'::text) AND (((note)::text ~~ '%(2006)%'::text) OR ((note)::text ~~ '%(2007)%'::text)))"}]}, {"Node Type": "Index Scan", "Parent Relationship": "Inner", "Scan Direction": "Forward", "Index Name": "movie_id_cast_info", "Relation Name": "cast_info", "Alias": "ci", "Startup Cost": 0.0, "Total Cost": 27.88, "Plan Rows": 1, "Plan Width": 12, "Index Cond": "(movie_id = mc.movie_id)", "Filter": "((note)::text = '(voice: English version)'::text)"}]}, {"Node Type": "Index Scan", "Parent Relationship": "Inner", "Scan Direction": "Forward", "Index Name": "person_id_aka_name", "Relation Name": "aka_name", "Alias": "an", "Startup Cost": 0.0, "Total Cost": 0.84, "Plan Rows": 1, "Plan Width": 20, "Index Cond": "(person_id = ci.person_id)"}]}, {"Node Type": "Index Scan", "Parent Relationship": "Inner", "Scan Direction": "Forward", "Index Name": "company_name_pkey", "Relation Name": "company_name", "Alias": "cn", "Startup Cost": 0.0, "Total Cost": 4.37, "Plan Rows": 1, "Plan Width": 4, "Index Cond": "(id = mc.company_id)", "Filter": "((country_code)::text = '[jp]'::text)"}]}, {"Node Type": "Index Scan", "Parent Relationship": "Inner", "Scan Direction": "Forward", "Index Name": "name_pkey", "Relation Name": "name", "Alias": "n", "Startup Cost": 0.0, "Total Cost": 0.57, "Plan Rows": 1, "Plan Width": 4, "Index Cond": "(id = an.person_id)", "Filter": "(((name)::text ~~ '%Yo%'::text) AND ((name)::text !~~ '%Yu%'::text))"}]}, {"Node Type": "Index Scan", "Parent Relationship": "Inner", "Scan Direction": "Forward", "Index Name": "role_type_pkey", "Relation Name": "role_type", "Alias": "rt", "Startup Cost": 0.0, "Total Cost": 0.27, "Plan Rows": 1, "Plan Width": 4, "Index Cond": "(id = ci.role_id)", "Filter": "((role)::text = 'actress'::text)"}]}]}, "Unique SQL Id": 3956435728, "Planner Runtime": 29}, "explain_analyze_plan": {"Plan": {"Node Type": "Aggregate", "Strategy": "Plain", "Startup Cost": 20891.31, "Total Cost": 20891.32, "Plan Rows": 1, "Plan Width": 97, "Actual Min Startup Time": 82.24, "Actual Max Startup Time": 82.24, "Actual Min Total Time": 82.24, "Actual Max Total Time": 82.24, "Plans": [{"Node Type": "Nested Loop", "Parent Relationship": "Outer", "Join Type": "Inner", "Startup Cost": 1069.17, "Total Cost": 20891.3, "Plan Rows": 1, "Plan Width": 33, "Actual Min Startup Time": 79.771, "Actual Max Startup Time": 79.771, "Actual Min Total Time": 82.203, "Actual Max Total Time": 82.203, "Inner Unique": true, "Plans": [{"Node Type": "Nested Loop", "Parent Relationship": "Outer", "Join Type": "Inner", "Startup Cost": 1069.17, "Total Cost": 20891.02, "Plan Rows": 1, "Plan Width": 37, "Actual Min Startup Time": 79.76, "Actual Max Startup Time": 79.76, "Actual Min Total Time": 82.178, "Actual Max Total Time": 82.178, "Inner Unique": true, "Plans": [{"Node Type": "Nested Loop", "Parent Relationship": "Outer", "Join Type": "Inner", "Startup Cost": 1069.17, "Total Cost": 20890.44, "Plan Rows": 1, "Plan Width": 45, "Actual Min Startup Time": 78.621, "Actual Max Startup Time": 78.621, "Actual Min Total Time": 81.338, "Actual Max Total Time": 81.338, "Inner Unique": true, "Plans": [{"Node Type": "Nested Loop", "Parent Relationship": "Outer", "Join Type": "Inner", "Startup Cost": 1069.17, "Total Cost": 20886.05, "Plan Rows": 1, "Plan Width": 49, "Actual Min Startup Time": 78.603, "Actual Max Startup Time": 78.603, "Actual Min Total Time": 80.695, "Actual Max Total Time": 80.695, "Inner Unique": false, "Plans": [{"Node Type": "Nested Loop", "Parent Relationship": "Outer", "Join Type": "Inner", "Startup Cost": 1069.17, "Total Cost": 20885.2, "Plan Rows": 1, "Plan Width": 29, "Actual Min Startup Time": 78.587, "Actual Max Startup Time": 78.587, "Actual Min Total Time": 79.943, "Actual Max Total Time": 79.943, "Inner Unique": false, "Join Filter": "(t.id = ci.movie_id)", "Rows Removed by Join Filter": 0, "Plans": [{"Node Type": "Nested Loop", "Parent Relationship": "Outer", "Join Type": "Inner", "Startup Cost": 1069.17, "Total Cost": 20829.42, "Plan Rows": 2, "Plan Width": 29, "Actual Min Startup Time": 78.48, "Actual Max Startup Time": 78.48, "Actual Min Total Time": 79.571, "Actual Max Total Time": 79.571, "Inner Unique": false, "Plans": [{"Node Type": "Streaming(type: LOCAL GATHER dop: 1/16)", "Parent Relationship": "Outer", "Startup Cost": 1069.17, "Total Cost": 20335.44, "Plan Rows": 43, "Plan Width": 21, "Actual Min Startup Time": 78.374, "Actual Max Startup Time": 78.374, "Actual Min Total Time": 79.397, "Actual Max Total Time": 79.397, "Plans": [{"Node Type": "Seq Scan", "Parent Relationship": "Outer", "Relation Name": "title", "Alias": "t", "Startup Cost": 1069.17, "Total Cost": 20334.51, "Plan Rows": 43, "Plan Width": 21, "Actual Min Startup Time": 48.113, "Actual Max Startup Time": 65.731, "Actual Min Total Time": 62.348, "Actual Max Total Time": 65.731, "Filter": "((production_year >= 2006) AND (production_year <= 2007) AND (((title)::text ~~ 'One Piece%'::text) OR ((title)::text ~~ 'Dragon Ball Z%'::text)))", "Rows Removed by Filter": 2528304, "Actual Rows": 7}], "Actual Rows": 7}, {"Node Type": "Index Scan", "Parent Relationship": "Inner", "Scan Direction": "Forward", "Index Name": "movie_id_movie_companies", "Relation Name": "movie_companies", "Alias": "mc", "Startup Cost": 0.0, "Total Cost": 11.48, "Plan Rows": 1, "Plan Width": 8, "Actual Min Startup Time": 0.139, "Actual Max Startup Time": 0.139, "Actual Min Total Time": 0.148, "Actual Max Total Time": 0.148, "Index Cond": "(movie_id = t.id)", "Rows Removed by Index Recheck": 0, "Filter": "(((note)::text ~~ '%(Japan)%'::text) AND ((note)::text !~~ '%(USA)%'::text) AND (((note)::text ~~ '%(2006)%'::text) OR ((note)::text ~~ '%(2007)%'::text)))", "Rows Removed by Filter": 13, "Actual Rows": 4}], "Actual Rows": 4}, {"Node Type": "Index Scan", "Parent Relationship": "Inner", "Scan Direction": "Forward", "Index Name": "movie_id_cast_info", "Relation Name": "cast_info", "Alias": "ci", "Startup Cost": 0.0, "Total Cost": 27.88, "Plan Rows": 1, "Plan Width": 12, "Actual Min Startup Time": 0.106, "Actual Max Startup Time": 0.106, "Actual Min Total Time": 0.331, "Actual Max Total Time": 0.331, "Index Cond": "(movie_id = mc.movie_id)", "Rows Removed by Index Recheck": 0, "Filter": "((note)::text = '(voice: English version)'::text)", "Rows Removed by Filter": 68, "Actual Rows": 104}], "Actual Rows": 104}, {"Node Type": "Index Scan", "Parent Relationship": "Inner", "Scan Direction": "Forward", "Index Name": "person_id_aka_name", "Relation Name": "aka_name", "Alias": "an", "Startup Cost": 0.0, "Total Cost": 0.84, "Plan Rows": 1, "Plan Width": 20, "Actual Min Startup Time": 0.52, "Actual Max Startup Time": 0.52, "Actual Min Total Time": 0.636, "Actual Max Total Time": 0.636, "Index Cond": "(person_id = ci.person_id)", "Rows Removed by Index Recheck": 0, "Actual Rows": 171}], "Actual Rows": 171}, {"Node Type": "Index Scan", "Parent Relationship": "Inner", "Scan Direction": "Forward", "Index Name": "company_name_pkey", "Relation Name": "company_name", "Alias": "cn", "Startup Cost": 0.0, "Total Cost": 4.37, "Plan Rows": 1, "Plan Width": 4, "Actual Min Startup Time": 0.51, "Actual Max Startup Time": 0.51, "Actual Min Total Time": 0.51, "Actual Max Total Time": 0.51, "Index Cond": "(id = mc.company_id)", "Rows Removed by Index Recheck": 0, "Filter": "((country_code)::text = '[jp]'::text)", "Rows Removed by Filter": 0, "Actual Rows": 171}], "Actual Rows": 171}, {"Node Type": "Index Scan", "Parent Relationship": "Inner", "Scan Direction": "Forward", "Index Name": "name_pkey", "Relation Name": "name", "Alias": "n", "Startup Cost": 0.0, "Total Cost": 0.57, "Plan Rows": 1, "Plan Width": 4, "Actual Min Startup Time": 0.745, "Actual Max Startup Time": 0.745, "Actual Min Total Time": 0.745, "Actual Max Total Time": 0.745, "Index Cond": "(id = an.person_id)", "Rows Removed by Index Recheck": 0, "Filter": "(((name)::text ~~ '%Yo%'::text) AND ((name)::text !~~ '%Yu%'::text))", "Rows Removed by Filter": 165, "Actual Rows": 6}], "Actual Rows": 6}, {"Node Type": "Index Scan", "Parent Relationship": "Inner", "Scan Direction": "Forward", "Index Name": "role_type_pkey", "Relation Name": "role_type", "Alias": "rt", "Startup Cost": 0.0, "Total Cost": 0.27, "Plan Rows": 1, "Plan Width": 4, "Actual Min Startup Time": 0.018, "Actual Max Startup Time": 0.018, "Actual Min Total Time": 0.018, "Actual Max Total Time": 0.018, "Index Cond": "(id = ci.role_id)", "Rows Removed by Index Recheck": 0, "Filter": "((role)::text = 'actress'::text)", "Rows Removed by Filter": 0, "Actual Rows": 6}], "Actual Rows": 6}], "Actual Rows": 1}, "Triggers": [], "Planner Runtime": 30.568, "Total Runtime": 84.938, "Unique SQL Id": 3956435728}}, "(16, '9')": {"explain_plan": {"Plan": {"Node Type": "Aggregate", "Strategy": "Plain", "Startup Cost": 84111.26, "Total Cost": 84111.27, "Plan Rows": 1, "Plan Width": 97, "Plans": [{"Node Type": "Nested Loop", "Parent Relationship": "Outer", "Join Type": "Inner", "Startup Cost": 0.0, "Total Cost": 84111.26, "Plan Rows": 1, "Plan Width": 33, "Inner Unique": true, "Plans": [{"Node Type": "Nested Loop", "Parent Relationship": "Outer", "Join Type": "Inner", "Startup Cost": 0.0, "Total Cost": 84110.97, "Plan Rows": 1, "Plan Width": 37, "Inner Unique": true, "Plans": [{"Node Type": "Nested Loop", "Parent Relationship": "Outer", "Join Type": "Inner", "Startup Cost": 0.0, "Total Cost": 84110.39, "Plan Rows": 1, "Plan Width": 45, "Inner Unique": false, "Plans": [{"Node Type": "Nested Loop", "Parent Relationship": "Outer", "Join Type": "Inner", "Startup Cost": 0.0, "Total Cost": 84109.54, "Plan Rows": 1, "Plan Width": 25, "Inner Unique": false, "Join Filter": "(t.id = ci.movie_id)", "Plans": [{"Node Type": "Nested Loop", "Parent Relationship": "Outer", "Join Type": "Inner", "Startup Cost": 0.0, "Total Cost": 84053.76, "Plan Rows": 2, "Plan Width": 25, "Inner Unique": true, "Plans": [{"Node Type": "Nested Loop", "Parent Relationship": "Outer", "Join Type": "Inner", "Startup Cost": 0.0, "Total Cost": 81991.53, "Plan Rows": 262, "Plan Width": 4, "Inner Unique": false, "Plans": [{"Node Type": "Index Scan", "Parent Relationship": "Outer", "Scan Direction": "Forward", "Index Name": "company_name_pkey", "Relation Name": "company_name", "Alias": "cn", "Startup Cost": 0.0, "Total Cost": 10501.39, "Plan Rows": 6290, "Plan Width": 4, "Filter": "((country_code)::text = '[jp]'::text)"}, {"Node Type": "Index Scan", "Parent Relationship": "Inner", "Scan Direction": "Forward", "Index Name": "company_id_movie_companies", "Relation Name": "movie_companies", "Alias": "mc", "Startup Cost": 0.0, "Total Cost": 11.36, "Plan Rows": 1, "Plan Width": 8, "Index Cond": "(company_id = cn.id)", "Filter": "(((note)::text ~~ '%(Japan)%'::text) AND ((note)::text !~~ '%(USA)%'::text) AND (((note)::text ~~ '%(2006)%'::text) OR ((note)::text ~~ '%(2007)%'::text)))"}]}, {"Node Type": "Index Scan", "Parent Relationship": "Inner", "Scan Direction": "Forward", "Index Name": "title_pkey", "Relation Name": "title", "Alias": "t", "Startup Cost": 0.0, "Total Cost": 7.86, "Plan Rows": 1, "Plan Width": 21, "Index Cond": "(id = mc.movie_id)", "Filter": "((production_year >= 2006) AND (production_year <= 2007) AND (((title)::text ~~ 'One Piece%'::text) OR ((title)::text ~~ 'Dragon Ball Z%'::text)))"}]}, {"Node Type": "Index Scan", "Parent Relationship": "Inner", "Scan Direction": "Forward", "Index Name": "movie_id_cast_info", "Relation Name": "cast_info", "Alias": "ci", "Startup Cost": 0.0, "Total Cost": 27.88, "Plan Rows": 1, "Plan Width": 12, "Index Cond": "(movie_id = mc.movie_id)", "Filter": "((note)::text = '(voice: English version)'::text)"}]}, {"Node Type": "Index Scan", "Parent Relationship": "Inner", "Scan Direction": "Forward", "Index Name": "person_id_aka_name", "Relation Name": "aka_name", "Alias": "an", "Startup Cost": 0.0, "Total Cost": 0.84, "Plan Rows": 1, "Plan Width": 20, "Index Cond": "(person_id = ci.person_id)"}]}, {"Node Type": "Index Scan", "Parent Relationship": "Inner", "Scan Direction": "Forward", "Index Name": "name_pkey", "Relation Name": "name", "Alias": "n", "Startup Cost": 0.0, "Total Cost": 0.57, "Plan Rows": 1, "Plan Width": 4, "Index Cond": "(id = an.person_id)", "Filter": "(((name)::text ~~ '%Yo%'::text) AND ((name)::text !~~ '%Yu%'::text))"}]}, {"Node Type": "Index Scan", "Parent Relationship": "Inner", "Scan Direction": "Forward", "Index Name": "role_type_pkey", "Relation Name": "role_type", "Alias": "rt", "Startup Cost": 0.0, "Total Cost": 0.27, "Plan Rows": 1, "Plan Width": 4, "Index Cond": "(id = ci.role_id)", "Filter": "((role)::text = 'actress'::text)"}]}]}, "Unique SQL Id": 3956435728, "Planner Runtime": 31}, "explain_analyze_plan": null}, "(16, '10')": {"explain_plan": {"Plan": {"Node Type": "Aggregate", "Strategy": "Plain", "Startup Cost": 147016.9, "Total Cost": 147016.91, "Plan Rows": 1, "Plan Width": 97, "Plans": [{"Node Type": "Nested Loop", "Parent Relationship": "Outer", "Join Type": "Inner", "Startup Cost": 105677.81, "Total Cost": 147016.9, "Plan Rows": 1, "Plan Width": 33, "Inner Unique": true, "Join Filter": "(ci.role_id = rt.id)", "Plans": [{"Node Type": "Nested Loop", "Parent Relationship": "Outer", "Join Type": "Inner", "Startup Cost": 105677.81, "Total Cost": 147015.74, "Plan Rows": 1, "Plan Width": 37, "Inner Unique": true, "Join Filter": "(mc.company_id = cn.id)", "Plans": [{"Node Type": "Hash Join", "Parent Relationship": "Outer", "Join Type": "Inner", "Startup Cost": 105677.81, "Total Cost": 141033.66, "Plan Rows": 1, "Plan Width": 41, "Inner Unique": true, "Hash Cond": "(ci.movie_id = t.id)", "Plans": [{"Node Type": "Streaming(type: LOCAL GATHER dop: 1/16)", "Parent Relationship": "Outer", "Startup Cost": 100593.41, "Total Cost": 135946.84, "Plan Rows": 643, "Plan Width": 32, "Plans": [{"Node Type": "Hash Join", "Parent Relationship": "Outer", "Join Type": "Inner", "Startup Cost": 100593.41, "Total Cost": 135932.96, "Plan Rows": 643, "Plan Width": 32, "Inner Unique": false, "Hash Cond": "(n.id = an.person_id)", "Plans": [{"Node Type": "Streaming(type: BROADCAST dop: 16/1)", "Parent Relationship": "Outer", "Startup Cost": 83644.96, "Total Cost": 118972.95, "Plan Rows": 8416, "Plan Width": 24, "Plans": [{"Node Type": "Hash Join", "Parent Relationship": "Outer", "Join Type": "Inner", "Startup Cost": 83644.96, "Total Cost": 103791.31, "Plan Rows": 526, "Plan Width": 24, "Inner Unique": false, "Hash Cond": "(mc.movie_id = ci.movie_id)", "Plans": [{"Node Type": "Streaming(type: LOCAL GATHER dop: 1/16)", "Parent Relationship": "Outer", "Startup Cost": 0.0, "Total Cost": 19279.94, "Plan Rows": 1652, "Plan Width": 8, "Plans": [{"Node Type": "Seq Scan", "Parent Relationship": "Outer", "Relation Name": "movie_companies", "Alias": "mc", "Startup Cost": 0.0, "Total Cost": 19244.28, "Plan Rows": 1652, "Plan Width": 8, "Filter": "(((note)::text ~~ '%(Japan)%'::text) AND ((note)::text !~~ '%(USA)%'::text) AND (((note)::text ~~ '%(2006)%'::text) OR ((note)::text ~~ '%(2007)%'::text)))"}]}, {"Node Type": "Hash", "Parent Relationship": "Inner", "Startup Cost": 83467.16, "Total Cost": 83467.16, "Plan Rows": 14224, "Plan Width": 16, "Plans": [{"Node Type": "Hash Join", "Parent Relationship": "Outer", "Join Type": "Inner", "Startup Cost": 22592.6, "Total Cost": 83467.16, "Plan Rows": 14224, "Plan Width": 16, "Inner Unique": true, "Hash Cond": "(ci.person_id = n.id)", "Plans": [{"Node Type": "Streaming(type: LOCAL GATHER dop: 1/16)", "Parent Relationship": "Outer", "Startup Cost": 0.0, "Total Cost": 60369.73, "Plan Rows": 96692, "Plan Width": 12, "Plans": [{"Node Type": "Seq Scan", "Parent Relationship": "Outer", "Relation Name": "cast_info", "Alias": "ci", "Startup Cost": 0.0, "Total Cost": 58282.92, "Plan Rows": 96692, "Plan Width": 12, "Filter": "((note)::text = '(voice: English version)'::text)"}]}, {"Node Type": "Hash", "Parent Relationship": "Inner", "Startup Cost": 22419.02, "Total Cost": 22419.02, "Plan Rows": 13886, "Plan Width": 4, "Plans": [{"Node Type": "Streaming(type: LOCAL GATHER dop: 1/16)", "Parent Relationship": "Outer", "Startup Cost": 0.0, "Total Cost": 22419.02, "Plan Rows": 13886, "Plan Width": 4, "Plans": [{"Node Type": "Seq Scan", "Parent Relationship": "Outer", "Relation Name": "name", "Alias": "n", "Startup Cost": 0.0, "Total Cost": 22119.33, "Plan Rows": 13886, "Plan Width": 4, "Filter": "(((name)::text ~~ '%Yo%'::text) AND ((name)::text !~~ '%Yu%'::text))"}]}]}]}]}]}]}, {"Node Type": "Hash", "Parent Relationship": "Inner", "Startup Cost": 16244.28, "Total Cost": 16244.28, "Plan Rows": 901342, "Plan Width": 20, "Plans": [{"Node Type": "Seq Scan", "Parent Relationship": "Outer", "Relation Name": "aka_name", "Alias": "an", "Startup Cost": 0.0, "Total Cost": 16244.28, "Plan Rows": 901342, "Plan Width": 20}]}]}]}, {"Node Type": "Hash", "Parent Relationship": "Inner", "Startup Cost": 20335.44, "Total Cost": 20335.44, "Plan Rows": 43, "Plan Width": 21, "Plans": [{"Node Type": "Streaming(type: LOCAL GATHER dop: 1/16)", "Parent Relationship": "Outer", "Startup Cost": 1069.17, "Total Cost": 20335.44, "Plan Rows": 43, "Plan Width": 21, "Plans": [{"Node Type": "Seq Scan", "Parent Relationship": "Outer", "Relation Name": "title", "Alias": "t", "Startup Cost": 1069.17, "Total Cost": 20334.51, "Plan Rows": 43, "Plan Width": 21, "Filter": "((production_year >= 2006) AND (production_year <= 2007) AND (((title)::text ~~ 'One Piece%'::text) OR ((title)::text ~~ 'Dragon Ball Z%'::text)))"}]}]}]}, {"Node Type": "Seq Scan", "Parent Relationship": "Inner", "Relation Name": "company_name", "Alias": "cn", "Startup Cost": 0.0, "Total Cost": 5903.45, "Plan Rows": 6290, "Plan Width": 4, "Filter": "((country_code)::text = '[jp]'::text)"}]}, {"Node Type": "Seq Scan", "Parent Relationship": "Inner", "Relation Name": "role_type", "Alias": "rt", "Startup Cost": 0.0, "Total Cost": 1.15, "Plan Rows": 1, "Plan Width": 4, "Filter": "((role)::text = 'actress'::text)"}]}]}, "Unique SQL Id": 3956435728, "Planner Runtime": 167}, "explain_analyze_plan": null}, "(16, '11')": {"explain_plan": {"Plan": {"Node Type": "Aggregate", "Strategy": "Plain", "Startup Cost": 6721937474272.79, "Total Cost": 6721937474272.8, "Plan Rows": 1, "Plan Width": 97, "Plans": [{"Node Type": "Nested Loop", "Parent Relationship": "Outer", "Join Type": "Inner", "Startup Cost": 70051235465.84, "Total Cost": 6721937474272.78, "Plan Rows": 1, "Plan Width": 33, "Inner Unique": true, "Join Filter": "(ci.role_id = rt.id)", "Plans": [{"Node Type": "Nested Loop", "Parent Relationship": "Outer", "Join Type": "Inner", "Startup Cost": 60051235465.84, "Total Cost": 5721937473026.77, "Plan Rows": 1, "Plan Width": 37, "Inner Unique": true, "Plans": [{"Node Type": "Nested Loop", "Parent Relationship": "Outer", "Join Type": "Inner", "Startup Cost": 50051235465.84, "Total Cost": 4721937472589.34, "Plan Rows": 1, "Plan Width": 41, "Inner Unique": false, "Join Filter": "(t.id = ci.movie_id)", "Plans": [{"Node Type": "Nested Loop", "Parent Relationship": "Outer", "Join Type": "Inner", "Startup Cost": 20000000000.0, "Total Cost": 2000028517903.54, "Plan Rows": 2, "Plan Width": 29, "Inner Unique": true, "Join Filter": "(mc.movie_id = t.id)", "Plans": [{"Node Type": "Index Scan", "Parent Relationship": "Outer", "Scan Direction": "Forward", "Index Name": "company_id_movie_companies", "Relation Name": "movie_companies", "Alias": "mc", "Startup Cost": 10000000000.0, "Total Cost": 1000014976477.98, "Plan Rows": 1652, "Plan Width": 8, "Filter": "(((note)::text ~~ '%(Japan)%'::text) AND ((note)::text !~~ '%(USA)%'::text) AND (((note)::text ~~ '%(2006)%'::text) OR ((note)::text ~~ '%(2007)%'::text)))"}, {"Node Type": "Materialize", "Parent Relationship": "Inner", "Startup Cost": 10000000000.0, "Total Cost": 1000013540360.13, "Plan Rows": 43, "Plan Width": 21, "Plans": [{"Node Type": "Index Scan", "Parent Relationship": "Outer", "Scan Direction": "Forward", "Index Name": "title_pkey", "Relation Name": "title", "Alias": "t", "Startup Cost": 10000000000.0, "Total Cost": 1000013540359.91, "Plan Rows": 43, "Plan Width": 21, "Filter": "((production_year >= 2006) AND (production_year <= 2007) AND (((title)::text ~~ 'One Piece%'::text) OR ((title)::text ~~ 'Dragon Ball Z%'::text)))"}]}]}, {"Node Type": "Materialize", "Parent Relationship": "Inner", "Startup Cost": 30051235465.84, "Total Cost": 2721908954213.87, "Plan Rows": 17161, "Plan Width": 24, "Plans": [{"Node Type": "Merge Join", "Parent Relationship": "Outer", "Join Type": "Inner", "Startup Cost": 30051235465.84, "Total Cost": 2721908954128.06, "Plan Rows": 17161, "Plan Width": 24, "Inner Unique": false, "Merge Cond": "(an.person_id = ci.person_id)", "Plans": [{"Node Type": "Merge Join", "Parent Relationship": "Outer", "Join Type": "Inner", "Startup Cost": 20030754356.47, "Total Cost": 2000026606025.89, "Plan Rows": 16627, "Plan Width": 24, "Inner Unique": true, "Merge Cond": "(an.person_id = n.id)", "Plans": [{"Node Type": "Index Scan", "Parent Relationship": "Outer", "Scan Direction": "Forward", "Index Name": "person_id_aka_name", "Relation Name": "aka_name", "Alias": "an", "Startup Cost": 10000000000.0, "Total Cost": 1000006896503.43, "Plan Rows": 901342, "Plan Width": 20}, {"Node Type": "Materialize", "Parent Relationship": "Inner", "Startup Cost": 10000000000.0, "Total Cost": 1000019707054.42, "Plan Rows": 13886, "Plan Width": 4, "Plans": [{"Node Type": "Index Scan", "Parent Relationship": "Outer", "Scan Direction": "Forward", "Index Name": "name_pkey", "Relation Name": "name", "Alias": "n", "Startup Cost": 10000000000.0, "Total Cost": 1000019707019.7, "Plan Rows": 13886, "Plan Width": 4, "Filter": "(((name)::text ~~ '%Yo%'::text) AND ((name)::text !~~ '%Yu%'::text))"}]}]}, {"Node Type": "Index Scan", "Parent Relationship": "Inner", "Scan Direction": "Forward", "Index Name": "person_id_cast_info", "Relation Name": "cast_info", "Alias": "ci", "Startup Cost": 10000000000.0, "Total Cost": 1000179713706.71, "Plan Rows": 96692, "Plan Width": 12, "Filter": "((note)::text = '(voice: English version)'::text)"}]}]}]}, {"Node Type": "Index Scan", "Parent Relationship": "Inner", "Scan Direction": "Forward", "Index Name": "company_name_pkey", "Relation Name": "company_name", "Alias": "cn", "Startup Cost": 10000000000.0, "Total Cost": 1000000000437.42, "Plan Rows": 1, "Plan Width": 4, "Index Cond": "(id = mc.company_id)", "Filter": "((country_code)::text = '[jp]'::text)"}]}, {"Node Type": "Index Scan", "Parent Relationship": "Inner", "Scan Direction": "Forward", "Index Name": "role_type_pkey", "Relation Name": "role_type", "Alias": "rt", "Startup Cost": 10000000000.0, "Total Cost": 1000000001246.0, "Plan Rows": 1, "Plan Width": 4, "Filter": "((role)::text = 'actress'::text)"}]}]}, "Unique SQL Id": 3956435728, "Planner Runtime": 124}, "explain_analyze_plan": null}, "(16, '12')": {"explain_plan": {"Plan": {"Node Type": "Aggregate", "Strategy": "Plain", "Startup Cost": 20891.31, "Total Cost": 20891.32, "Plan Rows": 1, "Plan Width": 97, "Plans": [{"Node Type": "Nested Loop", "Parent Relationship": "Outer", "Join Type": "Inner", "Startup Cost": 1069.17, "Total Cost": 20891.3, "Plan Rows": 1, "Plan Width": 33, "Inner Unique": true, "Plans": [{"Node Type": "Nested Loop", "Parent Relationship": "Outer", "Join Type": "Inner", "Startup Cost": 1069.17, "Total Cost": 20891.02, "Plan Rows": 1, "Plan Width": 37, "Inner Unique": true, "Plans": [{"Node Type": "Nested Loop", "Parent Relationship": "Outer", "Join Type": "Inner", "Startup Cost": 1069.17, "Total Cost": 20890.44, "Plan Rows": 1, "Plan Width": 45, "Inner Unique": true, "Plans": [{"Node Type": "Nested Loop", "Parent Relationship": "Outer", "Join Type": "Inner", "Startup Cost": 1069.17, "Total Cost": 20886.05, "Plan Rows": 1, "Plan Width": 49, "Inner Unique": false, "Plans": [{"Node Type": "Nested Loop", "Parent Relationship": "Outer", "Join Type": "Inner", "Startup Cost": 1069.17, "Total Cost": 20885.2, "Plan Rows": 1, "Plan Width": 29, "Inner Unique": false, "Join Filter": "(t.id = ci.movie_id)", "Plans": [{"Node Type": "Nested Loop", "Parent Relationship": "Outer", "Join Type": "Inner", "Startup Cost": 1069.17, "Total Cost": 20829.42, "Plan Rows": 2, "Plan Width": 29, "Inner Unique": false, "Plans": [{"Node Type": "Streaming(type: LOCAL GATHER dop: 1/16)", "Parent Relationship": "Outer", "Startup Cost": 1069.17, "Total Cost": 20335.44, "Plan Rows": 43, "Plan Width": 21, "Plans": [{"Node Type": "Seq Scan", "Parent Relationship": "Outer", "Relation Name": "title", "Alias": "t", "Startup Cost": 1069.17, "Total Cost": 20334.51, "Plan Rows": 43, "Plan Width": 21, "Filter": "((production_year >= 2006) AND (production_year <= 2007) AND (((title)::text ~~ 'One Piece%'::text) OR ((title)::text ~~ 'Dragon Ball Z%'::text)))"}]}, {"Node Type": "Index Scan", "Parent Relationship": "Inner", "Scan Direction": "Forward", "Index Name": "movie_id_movie_companies", "Relation Name": "movie_companies", "Alias": "mc", "Startup Cost": 0.0, "Total Cost": 11.48, "Plan Rows": 1, "Plan Width": 8, "Index Cond": "(movie_id = t.id)", "Filter": "(((note)::text ~~ '%(Japan)%'::text) AND ((note)::text !~~ '%(USA)%'::text) AND (((note)::text ~~ '%(2006)%'::text) OR ((note)::text ~~ '%(2007)%'::text)))"}]}, {"Node Type": "Index Scan", "Parent Relationship": "Inner", "Scan Direction": "Forward", "Index Name": "movie_id_cast_info", "Relation Name": "cast_info", "Alias": "ci", "Startup Cost": 0.0, "Total Cost": 27.88, "Plan Rows": 1, "Plan Width": 12, "Index Cond": "(movie_id = mc.movie_id)", "Filter": "((note)::text = '(voice: English version)'::text)"}]}, {"Node Type": "Index Scan", "Parent Relationship": "Inner", "Scan Direction": "Forward", "Index Name": "person_id_aka_name", "Relation Name": "aka_name", "Alias": "an", "Startup Cost": 0.0, "Total Cost": 0.84, "Plan Rows": 1, "Plan Width": 20, "Index Cond": "(person_id = ci.person_id)"}]}, {"Node Type": "Index Scan", "Parent Relationship": "Inner", "Scan Direction": "Forward", "Index Name": "company_name_pkey", "Relation Name": "company_name", "Alias": "cn", "Startup Cost": 0.0, "Total Cost": 4.37, "Plan Rows": 1, "Plan Width": 4, "Index Cond": "(id = mc.company_id)", "Filter": "((country_code)::text = '[jp]'::text)"}]}, {"Node Type": "Index Scan", "Parent Relationship": "Inner", "Scan Direction": "Forward", "Index Name": "name_pkey", "Relation Name": "name", "Alias": "n", "Startup Cost": 0.0, "Total Cost": 0.57, "Plan Rows": 1, "Plan Width": 4, "Index Cond": "(id = an.person_id)", "Filter": "(((name)::text ~~ '%Yo%'::text) AND ((name)::text !~~ '%Yu%'::text))"}]}, {"Node Type": "Index Scan", "Parent Relationship": "Inner", "Scan Direction": "Forward", "Index Name": "role_type_pkey", "Relation Name": "role_type", "Alias": "rt", "Startup Cost": 0.0, "Total Cost": 0.27, "Plan Rows": 1, "Plan Width": 4, "Index Cond": "(id = ci.role_id)", "Filter": "((role)::text = 'actress'::text)"}]}]}, "Unique SQL Id": 3956435728, "Planner Runtime": 29}, "explain_analyze_plan": {"Plan": {"Node Type": "Aggregate", "Strategy": "Plain", "Startup Cost": 20891.31, "Total Cost": 20891.32, "Plan Rows": 1, "Plan Width": 97, "Actual Min Startup Time": 82.24, "Actual Max Startup Time": 82.24, "Actual Min Total Time": 82.24, "Actual Max Total Time": 82.24, "Plans": [{"Node Type": "Nested Loop", "Parent Relationship": "Outer", "Join Type": "Inner", "Startup Cost": 1069.17, "Total Cost": 20891.3, "Plan Rows": 1, "Plan Width": 33, "Actual Min Startup Time": 79.771, "Actual Max Startup Time": 79.771, "Actual Min Total Time": 82.203, "Actual Max Total Time": 82.203, "Inner Unique": true, "Plans": [{"Node Type": "Nested Loop", "Parent Relationship": "Outer", "Join Type": "Inner", "Startup Cost": 1069.17, "Total Cost": 20891.02, "Plan Rows": 1, "Plan Width": 37, "Actual Min Startup Time": 79.76, "Actual Max Startup Time": 79.76, "Actual Min Total Time": 82.178, "Actual Max Total Time": 82.178, "Inner Unique": true, "Plans": [{"Node Type": "Nested Loop", "Parent Relationship": "Outer", "Join Type": "Inner", "Startup Cost": 1069.17, "Total Cost": 20890.44, "Plan Rows": 1, "Plan Width": 45, "Actual Min Startup Time": 78.621, "Actual Max Startup Time": 78.621, "Actual Min Total Time": 81.338, "Actual Max Total Time": 81.338, "Inner Unique": true, "Plans": [{"Node Type": "Nested Loop", "Parent Relationship": "Outer", "Join Type": "Inner", "Startup Cost": 1069.17, "Total Cost": 20886.05, "Plan Rows": 1, "Plan Width": 49, "Actual Min Startup Time": 78.603, "Actual Max Startup Time": 78.603, "Actual Min Total Time": 80.695, "Actual Max Total Time": 80.695, "Inner Unique": false, "Plans": [{"Node Type": "Nested Loop", "Parent Relationship": "Outer", "Join Type": "Inner", "Startup Cost": 1069.17, "Total Cost": 20885.2, "Plan Rows": 1, "Plan Width": 29, "Actual Min Startup Time": 78.587, "Actual Max Startup Time": 78.587, "Actual Min Total Time": 79.943, "Actual Max Total Time": 79.943, "Inner Unique": false, "Join Filter": "(t.id = ci.movie_id)", "Rows Removed by Join Filter": 0, "Plans": [{"Node Type": "Nested Loop", "Parent Relationship": "Outer", "Join Type": "Inner", "Startup Cost": 1069.17, "Total Cost": 20829.42, "Plan Rows": 2, "Plan Width": 29, "Actual Min Startup Time": 78.48, "Actual Max Startup Time": 78.48, "Actual Min Total Time": 79.571, "Actual Max Total Time": 79.571, "Inner Unique": false, "Plans": [{"Node Type": "Streaming(type: LOCAL GATHER dop: 1/16)", "Parent Relationship": "Outer", "Startup Cost": 1069.17, "Total Cost": 20335.44, "Plan Rows": 43, "Plan Width": 21, "Actual Min Startup Time": 78.374, "Actual Max Startup Time": 78.374, "Actual Min Total Time": 79.397, "Actual Max Total Time": 79.397, "Plans": [{"Node Type": "Seq Scan", "Parent Relationship": "Outer", "Relation Name": "title", "Alias": "t", "Startup Cost": 1069.17, "Total Cost": 20334.51, "Plan Rows": 43, "Plan Width": 21, "Actual Min Startup Time": 48.113, "Actual Max Startup Time": 65.731, "Actual Min Total Time": 62.348, "Actual Max Total Time": 65.731, "Filter": "((production_year >= 2006) AND (production_year <= 2007) AND (((title)::text ~~ 'One Piece%'::text) OR ((title)::text ~~ 'Dragon Ball Z%'::text)))", "Rows Removed by Filter": 2528304, "Actual Rows": 7}], "Actual Rows": 7}, {"Node Type": "Index Scan", "Parent Relationship": "Inner", "Scan Direction": "Forward", "Index Name": "movie_id_movie_companies", "Relation Name": "movie_companies", "Alias": "mc", "Startup Cost": 0.0, "Total Cost": 11.48, "Plan Rows": 1, "Plan Width": 8, "Actual Min Startup Time": 0.139, "Actual Max Startup Time": 0.139, "Actual Min Total Time": 0.148, "Actual Max Total Time": 0.148, "Index Cond": "(movie_id = t.id)", "Rows Removed by Index Recheck": 0, "Filter": "(((note)::text ~~ '%(Japan)%'::text) AND ((note)::text !~~ '%(USA)%'::text) AND (((note)::text ~~ '%(2006)%'::text) OR ((note)::text ~~ '%(2007)%'::text)))", "Rows Removed by Filter": 13, "Actual Rows": 4}], "Actual Rows": 4}, {"Node Type": "Index Scan", "Parent Relationship": "Inner", "Scan Direction": "Forward", "Index Name": "movie_id_cast_info", "Relation Name": "cast_info", "Alias": "ci", "Startup Cost": 0.0, "Total Cost": 27.88, "Plan Rows": 1, "Plan Width": 12, "Actual Min Startup Time": 0.106, "Actual Max Startup Time": 0.106, "Actual Min Total Time": 0.331, "Actual Max Total Time": 0.331, "Index Cond": "(movie_id = mc.movie_id)", "Rows Removed by Index Recheck": 0, "Filter": "((note)::text = '(voice: English version)'::text)", "Rows Removed by Filter": 68, "Actual Rows": 104}], "Actual Rows": 104}, {"Node Type": "Index Scan", "Parent Relationship": "Inner", "Scan Direction": "Forward", "Index Name": "person_id_aka_name", "Relation Name": "aka_name", "Alias": "an", "Startup Cost": 0.0, "Total Cost": 0.84, "Plan Rows": 1, "Plan Width": 20, "Actual Min Startup Time": 0.52, "Actual Max Startup Time": 0.52, "Actual Min Total Time": 0.636, "Actual Max Total Time": 0.636, "Index Cond": "(person_id = ci.person_id)", "Rows Removed by Index Recheck": 0, "Actual Rows": 171}], "Actual Rows": 171}, {"Node Type": "Index Scan", "Parent Relationship": "Inner", "Scan Direction": "Forward", "Index Name": "company_name_pkey", "Relation Name": "company_name", "Alias": "cn", "Startup Cost": 0.0, "Total Cost": 4.37, "Plan Rows": 1, "Plan Width": 4, "Actual Min Startup Time": 0.51, "Actual Max Startup Time": 0.51, "Actual Min Total Time": 0.51, "Actual Max Total Time": 0.51, "Index Cond": "(id = mc.company_id)", "Rows Removed by Index Recheck": 0, "Filter": "((country_code)::text = '[jp]'::text)", "Rows Removed by Filter": 0, "Actual Rows": 171}], "Actual Rows": 171}, {"Node Type": "Index Scan", "Parent Relationship": "Inner", "Scan Direction": "Forward", "Index Name": "name_pkey", "Relation Name": "name", "Alias": "n", "Startup Cost": 0.0, "Total Cost": 0.57, "Plan Rows": 1, "Plan Width": 4, "Actual Min Startup Time": 0.745, "Actual Max Startup Time": 0.745, "Actual Min Total Time": 0.745, "Actual Max Total Time": 0.745, "Index Cond": "(id = an.person_id)", "Rows Removed by Index Recheck": 0, "Filter": "(((name)::text ~~ '%Yo%'::text) AND ((name)::text !~~ '%Yu%'::text))", "Rows Removed by Filter": 165, "Actual Rows": 6}], "Actual Rows": 6}, {"Node Type": "Index Scan", "Parent Relationship": "Inner", "Scan Direction": "Forward", "Index Name": "role_type_pkey", "Relation Name": "role_type", "Alias": "rt", "Startup Cost": 0.0, "Total Cost": 0.27, "Plan Rows": 1, "Plan Width": 4, "Actual Min Startup Time": 0.018, "Actual Max Startup Time": 0.018, "Actual Min Total Time": 0.018, "Actual Max Total Time": 0.018, "Index Cond": "(id = ci.role_id)", "Rows Removed by Index Recheck": 0, "Filter": "((role)::text = 'actress'::text)", "Rows Removed by Filter": 0, "Actual Rows": 6}], "Actual Rows": 6}], "Actual Rows": 1}, "Triggers": [], "Planner Runtime": 30.568, "Total Runtime": 84.938, "Unique SQL Id": 3956435728}}, "(16, '13')": {"explain_plan": {"Plan": {"Node Type": "Aggregate", "Strategy": "Plain", "Startup Cost": 84111.26, "Total Cost": 84111.27, "Plan Rows": 1, "Plan Width": 97, "Plans": [{"Node Type": "Nested Loop", "Parent Relationship": "Outer", "Join Type": "Inner", "Startup Cost": 0.0, "Total Cost": 84111.26, "Plan Rows": 1, "Plan Width": 33, "Inner Unique": true, "Plans": [{"Node Type": "Nested Loop", "Parent Relationship": "Outer", "Join Type": "Inner", "Startup Cost": 0.0, "Total Cost": 84110.97, "Plan Rows": 1, "Plan Width": 37, "Inner Unique": true, "Plans": [{"Node Type": "Nested Loop", "Parent Relationship": "Outer", "Join Type": "Inner", "Startup Cost": 0.0, "Total Cost": 84110.39, "Plan Rows": 1, "Plan Width": 45, "Inner Unique": false, "Plans": [{"Node Type": "Nested Loop", "Parent Relationship": "Outer", "Join Type": "Inner", "Startup Cost": 0.0, "Total Cost": 84109.54, "Plan Rows": 1, "Plan Width": 25, "Inner Unique": false, "Join Filter": "(t.id = ci.movie_id)", "Plans": [{"Node Type": "Nested Loop", "Parent Relationship": "Outer", "Join Type": "Inner", "Startup Cost": 0.0, "Total Cost": 84053.76, "Plan Rows": 2, "Plan Width": 25, "Inner Unique": true, "Plans": [{"Node Type": "Nested Loop", "Parent Relationship": "Outer", "Join Type": "Inner", "Startup Cost": 0.0, "Total Cost": 81991.53, "Plan Rows": 262, "Plan Width": 4, "Inner Unique": false, "Plans": [{"Node Type": "Index Scan", "Parent Relationship": "Outer", "Scan Direction": "Forward", "Index Name": "company_name_pkey", "Relation Name": "company_name", "Alias": "cn", "Startup Cost": 0.0, "Total Cost": 10501.39, "Plan Rows": 6290, "Plan Width": 4, "Filter": "((country_code)::text = '[jp]'::text)"}, {"Node Type": "Index Scan", "Parent Relationship": "Inner", "Scan Direction": "Forward", "Index Name": "company_id_movie_companies", "Relation Name": "movie_companies", "Alias": "mc", "Startup Cost": 0.0, "Total Cost": 11.36, "Plan Rows": 1, "Plan Width": 8, "Index Cond": "(company_id = cn.id)", "Filter": "(((note)::text ~~ '%(Japan)%'::text) AND ((note)::text !~~ '%(USA)%'::text) AND (((note)::text ~~ '%(2006)%'::text) OR ((note)::text ~~ '%(2007)%'::text)))"}]}, {"Node Type": "Index Scan", "Parent Relationship": "Inner", "Scan Direction": "Forward", "Index Name": "title_pkey", "Relation Name": "title", "Alias": "t", "Startup Cost": 0.0, "Total Cost": 7.86, "Plan Rows": 1, "Plan Width": 21, "Index Cond": "(id = mc.movie_id)", "Filter": "((production_year >= 2006) AND (production_year <= 2007) AND (((title)::text ~~ 'One Piece%'::text) OR ((title)::text ~~ 'Dragon Ball Z%'::text)))"}]}, {"Node Type": "Index Scan", "Parent Relationship": "Inner", "Scan Direction": "Forward", "Index Name": "movie_id_cast_info", "Relation Name": "cast_info", "Alias": "ci", "Startup Cost": 0.0, "Total Cost": 27.88, "Plan Rows": 1, "Plan Width": 12, "Index Cond": "(movie_id = mc.movie_id)", "Filter": "((note)::text = '(voice: English version)'::text)"}]}, {"Node Type": "Index Scan", "Parent Relationship": "Inner", "Scan Direction": "Forward", "Index Name": "person_id_aka_name", "Relation Name": "aka_name", "Alias": "an", "Startup Cost": 0.0, "Total Cost": 0.84, "Plan Rows": 1, "Plan Width": 20, "Index Cond": "(person_id = ci.person_id)"}]}, {"Node Type": "Index Scan", "Parent Relationship": "Inner", "Scan Direction": "Forward", "Index Name": "name_pkey", "Relation Name": "name", "Alias": "n", "Startup Cost": 0.0, "Total Cost": 0.57, "Plan Rows": 1, "Plan Width": 4, "Index Cond": "(id = an.person_id)", "Filter": "(((name)::text ~~ '%Yo%'::text) AND ((name)::text !~~ '%Yu%'::text))"}]}, {"Node Type": "Index Scan", "Parent Relationship": "Inner", "Scan Direction": "Forward", "Index Name": "role_type_pkey", "Relation Name": "role_type", "Alias": "rt", "Startup Cost": 0.0, "Total Cost": 0.27, "Plan Rows": 1, "Plan Width": 4, "Index Cond": "(id = ci.role_id)", "Filter": "((role)::text = 'actress'::text)"}]}]}, "Unique SQL Id": 3956435728, "Planner Runtime": 31}, "explain_analyze_plan": null}, "(16, '14')": {"explain_plan": {"Plan": {"Node Type": "Aggregate", "Strategy": "Plain", "Startup Cost": 147016.9, "Total Cost": 147016.91, "Plan Rows": 1, "Plan Width": 97, "Plans": [{"Node Type": "Nested Loop", "Parent Relationship": "Outer", "Join Type": "Inner", "Startup Cost": 105677.81, "Total Cost": 147016.9, "Plan Rows": 1, "Plan Width": 33, "Inner Unique": true, "Join Filter": "(ci.role_id = rt.id)", "Plans": [{"Node Type": "Nested Loop", "Parent Relationship": "Outer", "Join Type": "Inner", "Startup Cost": 105677.81, "Total Cost": 147015.74, "Plan Rows": 1, "Plan Width": 37, "Inner Unique": true, "Join Filter": "(mc.company_id = cn.id)", "Plans": [{"Node Type": "Hash Join", "Parent Relationship": "Outer", "Join Type": "Inner", "Startup Cost": 105677.81, "Total Cost": 141033.66, "Plan Rows": 1, "Plan Width": 41, "Inner Unique": true, "Hash Cond": "(ci.movie_id = t.id)", "Plans": [{"Node Type": "Streaming(type: LOCAL GATHER dop: 1/16)", "Parent Relationship": "Outer", "Startup Cost": 100593.41, "Total Cost": 135946.84, "Plan Rows": 643, "Plan Width": 32, "Plans": [{"Node Type": "Hash Join", "Parent Relationship": "Outer", "Join Type": "Inner", "Startup Cost": 100593.41, "Total Cost": 135932.96, "Plan Rows": 643, "Plan Width": 32, "Inner Unique": false, "Hash Cond": "(n.id = an.person_id)", "Plans": [{"Node Type": "Streaming(type: BROADCAST dop: 16/1)", "Parent Relationship": "Outer", "Startup Cost": 83644.96, "Total Cost": 118972.95, "Plan Rows": 8416, "Plan Width": 24, "Plans": [{"Node Type": "Hash Join", "Parent Relationship": "Outer", "Join Type": "Inner", "Startup Cost": 83644.96, "Total Cost": 103791.31, "Plan Rows": 526, "Plan Width": 24, "Inner Unique": false, "Hash Cond": "(mc.movie_id = ci.movie_id)", "Plans": [{"Node Type": "Streaming(type: LOCAL GATHER dop: 1/16)", "Parent Relationship": "Outer", "Startup Cost": 0.0, "Total Cost": 19279.94, "Plan Rows": 1652, "Plan Width": 8, "Plans": [{"Node Type": "Seq Scan", "Parent Relationship": "Outer", "Relation Name": "movie_companies", "Alias": "mc", "Startup Cost": 0.0, "Total Cost": 19244.28, "Plan Rows": 1652, "Plan Width": 8, "Filter": "(((note)::text ~~ '%(Japan)%'::text) AND ((note)::text !~~ '%(USA)%'::text) AND (((note)::text ~~ '%(2006)%'::text) OR ((note)::text ~~ '%(2007)%'::text)))"}]}, {"Node Type": "Hash", "Parent Relationship": "Inner", "Startup Cost": 83467.16, "Total Cost": 83467.16, "Plan Rows": 14224, "Plan Width": 16, "Plans": [{"Node Type": "Hash Join", "Parent Relationship": "Outer", "Join Type": "Inner", "Startup Cost": 22592.6, "Total Cost": 83467.16, "Plan Rows": 14224, "Plan Width": 16, "Inner Unique": true, "Hash Cond": "(ci.person_id = n.id)", "Plans": [{"Node Type": "Streaming(type: LOCAL GATHER dop: 1/16)", "Parent Relationship": "Outer", "Startup Cost": 0.0, "Total Cost": 60369.73, "Plan Rows": 96692, "Plan Width": 12, "Plans": [{"Node Type": "Seq Scan", "Parent Relationship": "Outer", "Relation Name": "cast_info", "Alias": "ci", "Startup Cost": 0.0, "Total Cost": 58282.92, "Plan Rows": 96692, "Plan Width": 12, "Filter": "((note)::text = '(voice: English version)'::text)"}]}, {"Node Type": "Hash", "Parent Relationship": "Inner", "Startup Cost": 22419.02, "Total Cost": 22419.02, "Plan Rows": 13886, "Plan Width": 4, "Plans": [{"Node Type": "Streaming(type: LOCAL GATHER dop: 1/16)", "Parent Relationship": "Outer", "Startup Cost": 0.0, "Total Cost": 22419.02, "Plan Rows": 13886, "Plan Width": 4, "Plans": [{"Node Type": "Seq Scan", "Parent Relationship": "Outer", "Relation Name": "name", "Alias": "n", "Startup Cost": 0.0, "Total Cost": 22119.33, "Plan Rows": 13886, "Plan Width": 4, "Filter": "(((name)::text ~~ '%Yo%'::text) AND ((name)::text !~~ '%Yu%'::text))"}]}]}]}]}]}]}, {"Node Type": "Hash", "Parent Relationship": "Inner", "Startup Cost": 16244.28, "Total Cost": 16244.28, "Plan Rows": 901342, "Plan Width": 20, "Plans": [{"Node Type": "Seq Scan", "Parent Relationship": "Outer", "Relation Name": "aka_name", "Alias": "an", "Startup Cost": 0.0, "Total Cost": 16244.28, "Plan Rows": 901342, "Plan Width": 20}]}]}]}, {"Node Type": "Hash", "Parent Relationship": "Inner", "Startup Cost": 20335.44, "Total Cost": 20335.44, "Plan Rows": 43, "Plan Width": 21, "Plans": [{"Node Type": "Streaming(type: LOCAL GATHER dop: 1/16)", "Parent Relationship": "Outer", "Startup Cost": 1069.17, "Total Cost": 20335.44, "Plan Rows": 43, "Plan Width": 21, "Plans": [{"Node Type": "Seq Scan", "Parent Relationship": "Outer", "Relation Name": "title", "Alias": "t", "Startup Cost": 1069.17, "Total Cost": 20334.51, "Plan Rows": 43, "Plan Width": 21, "Filter": "((production_year >= 2006) AND (production_year <= 2007) AND (((title)::text ~~ 'One Piece%'::text) OR ((title)::text ~~ 'Dragon Ball Z%'::text)))"}]}]}]}, {"Node Type": "Seq Scan", "Parent Relationship": "Inner", "Relation Name": "company_name", "Alias": "cn", "Startup Cost": 0.0, "Total Cost": 5903.45, "Plan Rows": 6290, "Plan Width": 4, "Filter": "((country_code)::text = '[jp]'::text)"}]}, {"Node Type": "Seq Scan", "Parent Relationship": "Inner", "Relation Name": "role_type", "Alias": "rt", "Startup Cost": 0.0, "Total Cost": 1.15, "Plan Rows": 1, "Plan Width": 4, "Filter": "((role)::text = 'actress'::text)"}]}]}, "Unique SQL Id": 3956435728, "Planner Runtime": 166}, "explain_analyze_plan": null}, "(16, '15')": {"explain_plan": {"Plan": {"Node Type": "Aggregate", "Strategy": "Plain", "Startup Cost": 6721937474272.79, "Total Cost": 6721937474272.8, "Plan Rows": 1, "Plan Width": 97, "Plans": [{"Node Type": "Nested Loop", "Parent Relationship": "Outer", "Join Type": "Inner", "Startup Cost": 70051235465.84, "Total Cost": 6721937474272.78, "Plan Rows": 1, "Plan Width": 33, "Inner Unique": true, "Join Filter": "(ci.role_id = rt.id)", "Plans": [{"Node Type": "Nested Loop", "Parent Relationship": "Outer", "Join Type": "Inner", "Startup Cost": 60051235465.84, "Total Cost": 5721937473026.77, "Plan Rows": 1, "Plan Width": 37, "Inner Unique": true, "Plans": [{"Node Type": "Nested Loop", "Parent Relationship": "Outer", "Join Type": "Inner", "Startup Cost": 50051235465.84, "Total Cost": 4721937472589.34, "Plan Rows": 1, "Plan Width": 41, "Inner Unique": false, "Join Filter": "(t.id = ci.movie_id)", "Plans": [{"Node Type": "Nested Loop", "Parent Relationship": "Outer", "Join Type": "Inner", "Startup Cost": 20000000000.0, "Total Cost": 2000028517903.54, "Plan Rows": 2, "Plan Width": 29, "Inner Unique": true, "Join Filter": "(mc.movie_id = t.id)", "Plans": [{"Node Type": "Index Scan", "Parent Relationship": "Outer", "Scan Direction": "Forward", "Index Name": "company_id_movie_companies", "Relation Name": "movie_companies", "Alias": "mc", "Startup Cost": 10000000000.0, "Total Cost": 1000014976477.98, "Plan Rows": 1652, "Plan Width": 8, "Filter": "(((note)::text ~~ '%(Japan)%'::text) AND ((note)::text !~~ '%(USA)%'::text) AND (((note)::text ~~ '%(2006)%'::text) OR ((note)::text ~~ '%(2007)%'::text)))"}, {"Node Type": "Materialize", "Parent Relationship": "Inner", "Startup Cost": 10000000000.0, "Total Cost": 1000013540360.13, "Plan Rows": 43, "Plan Width": 21, "Plans": [{"Node Type": "Index Scan", "Parent Relationship": "Outer", "Scan Direction": "Forward", "Index Name": "title_pkey", "Relation Name": "title", "Alias": "t", "Startup Cost": 10000000000.0, "Total Cost": 1000013540359.91, "Plan Rows": 43, "Plan Width": 21, "Filter": "((production_year >= 2006) AND (production_year <= 2007) AND (((title)::text ~~ 'One Piece%'::text) OR ((title)::text ~~ 'Dragon Ball Z%'::text)))"}]}]}, {"Node Type": "Materialize", "Parent Relationship": "Inner", "Startup Cost": 30051235465.84, "Total Cost": 2721908954213.87, "Plan Rows": 17161, "Plan Width": 24, "Plans": [{"Node Type": "Merge Join", "Parent Relationship": "Outer", "Join Type": "Inner", "Startup Cost": 30051235465.84, "Total Cost": 2721908954128.06, "Plan Rows": 17161, "Plan Width": 24, "Inner Unique": false, "Merge Cond": "(an.person_id = ci.person_id)", "Plans": [{"Node Type": "Merge Join", "Parent Relationship": "Outer", "Join Type": "Inner", "Startup Cost": 20030754356.47, "Total Cost": 2000026606025.89, "Plan Rows": 16627, "Plan Width": 24, "Inner Unique": true, "Merge Cond": "(an.person_id = n.id)", "Plans": [{"Node Type": "Index Scan", "Parent Relationship": "Outer", "Scan Direction": "Forward", "Index Name": "person_id_aka_name", "Relation Name": "aka_name", "Alias": "an", "Startup Cost": 10000000000.0, "Total Cost": 1000006896503.43, "Plan Rows": 901342, "Plan Width": 20}, {"Node Type": "Materialize", "Parent Relationship": "Inner", "Startup Cost": 10000000000.0, "Total Cost": 1000019707054.42, "Plan Rows": 13886, "Plan Width": 4, "Plans": [{"Node Type": "Index Scan", "Parent Relationship": "Outer", "Scan Direction": "Forward", "Index Name": "name_pkey", "Relation Name": "name", "Alias": "n", "Startup Cost": 10000000000.0, "Total Cost": 1000019707019.7, "Plan Rows": 13886, "Plan Width": 4, "Filter": "(((name)::text ~~ '%Yo%'::text) AND ((name)::text !~~ '%Yu%'::text))"}]}]}, {"Node Type": "Index Scan", "Parent Relationship": "Inner", "Scan Direction": "Forward", "Index Name": "person_id_cast_info", "Relation Name": "cast_info", "Alias": "ci", "Startup Cost": 10000000000.0, "Total Cost": 1000179713706.71, "Plan Rows": 96692, "Plan Width": 12, "Filter": "((note)::text = '(voice: English version)'::text)"}]}]}]}, {"Node Type": "Index Scan", "Parent Relationship": "Inner", "Scan Direction": "Forward", "Index Name": "company_name_pkey", "Relation Name": "company_name", "Alias": "cn", "Startup Cost": 10000000000.0, "Total Cost": 1000000000437.42, "Plan Rows": 1, "Plan Width": 4, "Index Cond": "(id = mc.company_id)", "Filter": "((country_code)::text = '[jp]'::text)"}]}, {"Node Type": "Index Scan", "Parent Relationship": "Inner", "Scan Direction": "Forward", "Index Name": "role_type_pkey", "Relation Name": "role_type", "Alias": "rt", "Startup Cost": 10000000000.0, "Total Cost": 1000000001246.0, "Plan Rows": 1, "Plan Width": 4, "Filter": "((role)::text = 'actress'::text)"}]}]}, "Unique SQL Id": 3956435728, "Planner Runtime": 124}, "explain_analyze_plan": null}, "(16, '16')": {"explain_plan": {"Plan": {"Node Type": "Aggregate", "Strategy": "Plain", "Startup Cost": 20891.31, "Total Cost": 20891.32, "Plan Rows": 1, "Plan Width": 97, "Plans": [{"Node Type": "Nested Loop", "Parent Relationship": "Outer", "Join Type": "Inner", "Startup Cost": 1069.17, "Total Cost": 20891.3, "Plan Rows": 1, "Plan Width": 33, "Inner Unique": true, "Plans": [{"Node Type": "Nested Loop", "Parent Relationship": "Outer", "Join Type": "Inner", "Startup Cost": 1069.17, "Total Cost": 20891.02, "Plan Rows": 1, "Plan Width": 37, "Inner Unique": true, "Plans": [{"Node Type": "Nested Loop", "Parent Relationship": "Outer", "Join Type": "Inner", "Startup Cost": 1069.17, "Total Cost": 20890.44, "Plan Rows": 1, "Plan Width": 45, "Inner Unique": true, "Plans": [{"Node Type": "Nested Loop", "Parent Relationship": "Outer", "Join Type": "Inner", "Startup Cost": 1069.17, "Total Cost": 20886.05, "Plan Rows": 1, "Plan Width": 49, "Inner Unique": false, "Plans": [{"Node Type": "Nested Loop", "Parent Relationship": "Outer", "Join Type": "Inner", "Startup Cost": 1069.17, "Total Cost": 20885.2, "Plan Rows": 1, "Plan Width": 29, "Inner Unique": false, "Join Filter": "(t.id = ci.movie_id)", "Plans": [{"Node Type": "Nested Loop", "Parent Relationship": "Outer", "Join Type": "Inner", "Startup Cost": 1069.17, "Total Cost": 20829.42, "Plan Rows": 2, "Plan Width": 29, "Inner Unique": false, "Plans": [{"Node Type": "Streaming(type: LOCAL GATHER dop: 1/16)", "Parent Relationship": "Outer", "Startup Cost": 1069.17, "Total Cost": 20335.44, "Plan Rows": 43, "Plan Width": 21, "Plans": [{"Node Type": "Seq Scan", "Parent Relationship": "Outer", "Relation Name": "title", "Alias": "t", "Startup Cost": 1069.17, "Total Cost": 20334.51, "Plan Rows": 43, "Plan Width": 21, "Filter": "((production_year >= 2006) AND (production_year <= 2007) AND (((title)::text ~~ 'One Piece%'::text) OR ((title)::text ~~ 'Dragon Ball Z%'::text)))"}]}, {"Node Type": "Index Scan", "Parent Relationship": "Inner", "Scan Direction": "Forward", "Index Name": "movie_id_movie_companies", "Relation Name": "movie_companies", "Alias": "mc", "Startup Cost": 0.0, "Total Cost": 11.48, "Plan Rows": 1, "Plan Width": 8, "Index Cond": "(movie_id = t.id)", "Filter": "(((note)::text ~~ '%(Japan)%'::text) AND ((note)::text !~~ '%(USA)%'::text) AND (((note)::text ~~ '%(2006)%'::text) OR ((note)::text ~~ '%(2007)%'::text)))"}]}, {"Node Type": "Index Scan", "Parent Relationship": "Inner", "Scan Direction": "Forward", "Index Name": "movie_id_cast_info", "Relation Name": "cast_info", "Alias": "ci", "Startup Cost": 0.0, "Total Cost": 27.88, "Plan Rows": 1, "Plan Width": 12, "Index Cond": "(movie_id = mc.movie_id)", "Filter": "((note)::text = '(voice: English version)'::text)"}]}, {"Node Type": "Index Scan", "Parent Relationship": "Inner", "Scan Direction": "Forward", "Index Name": "person_id_aka_name", "Relation Name": "aka_name", "Alias": "an", "Startup Cost": 0.0, "Total Cost": 0.84, "Plan Rows": 1, "Plan Width": 20, "Index Cond": "(person_id = ci.person_id)"}]}, {"Node Type": "Index Scan", "Parent Relationship": "Inner", "Scan Direction": "Forward", "Index Name": "company_name_pkey", "Relation Name": "company_name", "Alias": "cn", "Startup Cost": 0.0, "Total Cost": 4.37, "Plan Rows": 1, "Plan Width": 4, "Index Cond": "(id = mc.company_id)", "Filter": "((country_code)::text = '[jp]'::text)"}]}, {"Node Type": "Index Scan", "Parent Relationship": "Inner", "Scan Direction": "Forward", "Index Name": "name_pkey", "Relation Name": "name", "Alias": "n", "Startup Cost": 0.0, "Total Cost": 0.57, "Plan Rows": 1, "Plan Width": 4, "Index Cond": "(id = an.person_id)", "Filter": "(((name)::text ~~ '%Yo%'::text) AND ((name)::text !~~ '%Yu%'::text))"}]}, {"Node Type": "Index Scan", "Parent Relationship": "Inner", "Scan Direction": "Forward", "Index Name": "role_type_pkey", "Relation Name": "role_type", "Alias": "rt", "Startup Cost": 0.0, "Total Cost": 0.27, "Plan Rows": 1, "Plan Width": 4, "Index Cond": "(id = ci.role_id)", "Filter": "((role)::text = 'actress'::text)"}]}]}, "Unique SQL Id": 3956435728, "Planner Runtime": 23}, "explain_analyze_plan": {"Plan": {"Node Type": "Aggregate", "Strategy": "Plain", "Startup Cost": 20891.31, "Total Cost": 20891.32, "Plan Rows": 1, "Plan Width": 97, "Actual Min Startup Time": 82.24, "Actual Max Startup Time": 82.24, "Actual Min Total Time": 82.24, "Actual Max Total Time": 82.24, "Plans": [{"Node Type": "Nested Loop", "Parent Relationship": "Outer", "Join Type": "Inner", "Startup Cost": 1069.17, "Total Cost": 20891.3, "Plan Rows": 1, "Plan Width": 33, "Actual Min Startup Time": 79.771, "Actual Max Startup Time": 79.771, "Actual Min Total Time": 82.203, "Actual Max Total Time": 82.203, "Inner Unique": true, "Plans": [{"Node Type": "Nested Loop", "Parent Relationship": "Outer", "Join Type": "Inner", "Startup Cost": 1069.17, "Total Cost": 20891.02, "Plan Rows": 1, "Plan Width": 37, "Actual Min Startup Time": 79.76, "Actual Max Startup Time": 79.76, "Actual Min Total Time": 82.178, "Actual Max Total Time": 82.178, "Inner Unique": true, "Plans": [{"Node Type": "Nested Loop", "Parent Relationship": "Outer", "Join Type": "Inner", "Startup Cost": 1069.17, "Total Cost": 20890.44, "Plan Rows": 1, "Plan Width": 45, "Actual Min Startup Time": 78.621, "Actual Max Startup Time": 78.621, "Actual Min Total Time": 81.338, "Actual Max Total Time": 81.338, "Inner Unique": true, "Plans": [{"Node Type": "Nested Loop", "Parent Relationship": "Outer", "Join Type": "Inner", "Startup Cost": 1069.17, "Total Cost": 20886.05, "Plan Rows": 1, "Plan Width": 49, "Actual Min Startup Time": 78.603, "Actual Max Startup Time": 78.603, "Actual Min Total Time": 80.695, "Actual Max Total Time": 80.695, "Inner Unique": false, "Plans": [{"Node Type": "Nested Loop", "Parent Relationship": "Outer", "Join Type": "Inner", "Startup Cost": 1069.17, "Total Cost": 20885.2, "Plan Rows": 1, "Plan Width": 29, "Actual Min Startup Time": 78.587, "Actual Max Startup Time": 78.587, "Actual Min Total Time": 79.943, "Actual Max Total Time": 79.943, "Inner Unique": false, "Join Filter": "(t.id = ci.movie_id)", "Rows Removed by Join Filter": 0, "Plans": [{"Node Type": "Nested Loop", "Parent Relationship": "Outer", "Join Type": "Inner", "Startup Cost": 1069.17, "Total Cost": 20829.42, "Plan Rows": 2, "Plan Width": 29, "Actual Min Startup Time": 78.48, "Actual Max Startup Time": 78.48, "Actual Min Total Time": 79.571, "Actual Max Total Time": 79.571, "Inner Unique": false, "Plans": [{"Node Type": "Streaming(type: LOCAL GATHER dop: 1/16)", "Parent Relationship": "Outer", "Startup Cost": 1069.17, "Total Cost": 20335.44, "Plan Rows": 43, "Plan Width": 21, "Actual Min Startup Time": 78.374, "Actual Max Startup Time": 78.374, "Actual Min Total Time": 79.397, "Actual Max Total Time": 79.397, "Plans": [{"Node Type": "Seq Scan", "Parent Relationship": "Outer", "Relation Name": "title", "Alias": "t", "Startup Cost": 1069.17, "Total Cost": 20334.51, "Plan Rows": 43, "Plan Width": 21, "Actual Min Startup Time": 48.113, "Actual Max Startup Time": 65.731, "Actual Min Total Time": 62.348, "Actual Max Total Time": 65.731, "Filter": "((production_year >= 2006) AND (production_year <= 2007) AND (((title)::text ~~ 'One Piece%'::text) OR ((title)::text ~~ 'Dragon Ball Z%'::text)))", "Rows Removed by Filter": 2528304, "Actual Rows": 7}], "Actual Rows": 7}, {"Node Type": "Index Scan", "Parent Relationship": "Inner", "Scan Direction": "Forward", "Index Name": "movie_id_movie_companies", "Relation Name": "movie_companies", "Alias": "mc", "Startup Cost": 0.0, "Total Cost": 11.48, "Plan Rows": 1, "Plan Width": 8, "Actual Min Startup Time": 0.139, "Actual Max Startup Time": 0.139, "Actual Min Total Time": 0.148, "Actual Max Total Time": 0.148, "Index Cond": "(movie_id = t.id)", "Rows Removed by Index Recheck": 0, "Filter": "(((note)::text ~~ '%(Japan)%'::text) AND ((note)::text !~~ '%(USA)%'::text) AND (((note)::text ~~ '%(2006)%'::text) OR ((note)::text ~~ '%(2007)%'::text)))", "Rows Removed by Filter": 13, "Actual Rows": 4}], "Actual Rows": 4}, {"Node Type": "Index Scan", "Parent Relationship": "Inner", "Scan Direction": "Forward", "Index Name": "movie_id_cast_info", "Relation Name": "cast_info", "Alias": "ci", "Startup Cost": 0.0, "Total Cost": 27.88, "Plan Rows": 1, "Plan Width": 12, "Actual Min Startup Time": 0.106, "Actual Max Startup Time": 0.106, "Actual Min Total Time": 0.331, "Actual Max Total Time": 0.331, "Index Cond": "(movie_id = mc.movie_id)", "Rows Removed by Index Recheck": 0, "Filter": "((note)::text = '(voice: English version)'::text)", "Rows Removed by Filter": 68, "Actual Rows": 104}], "Actual Rows": 104}, {"Node Type": "Index Scan", "Parent Relationship": "Inner", "Scan Direction": "Forward", "Index Name": "person_id_aka_name", "Relation Name": "aka_name", "Alias": "an", "Startup Cost": 0.0, "Total Cost": 0.84, "Plan Rows": 1, "Plan Width": 20, "Actual Min Startup Time": 0.52, "Actual Max Startup Time": 0.52, "Actual Min Total Time": 0.636, "Actual Max Total Time": 0.636, "Index Cond": "(person_id = ci.person_id)", "Rows Removed by Index Recheck": 0, "Actual Rows": 171}], "Actual Rows": 171}, {"Node Type": "Index Scan", "Parent Relationship": "Inner", "Scan Direction": "Forward", "Index Name": "company_name_pkey", "Relation Name": "company_name", "Alias": "cn", "Startup Cost": 0.0, "Total Cost": 4.37, "Plan Rows": 1, "Plan Width": 4, "Actual Min Startup Time": 0.51, "Actual Max Startup Time": 0.51, "Actual Min Total Time": 0.51, "Actual Max Total Time": 0.51, "Index Cond": "(id = mc.company_id)", "Rows Removed by Index Recheck": 0, "Filter": "((country_code)::text = '[jp]'::text)", "Rows Removed by Filter": 0, "Actual Rows": 171}], "Actual Rows": 171}, {"Node Type": "Index Scan", "Parent Relationship": "Inner", "Scan Direction": "Forward", "Index Name": "name_pkey", "Relation Name": "name", "Alias": "n", "Startup Cost": 0.0, "Total Cost": 0.57, "Plan Rows": 1, "Plan Width": 4, "Actual Min Startup Time": 0.745, "Actual Max Startup Time": 0.745, "Actual Min Total Time": 0.745, "Actual Max Total Time": 0.745, "Index Cond": "(id = an.person_id)", "Rows Removed by Index Recheck": 0, "Filter": "(((name)::text ~~ '%Yo%'::text) AND ((name)::text !~~ '%Yu%'::text))", "Rows Removed by Filter": 165, "Actual Rows": 6}], "Actual Rows": 6}, {"Node Type": "Index Scan", "Parent Relationship": "Inner", "Scan Direction": "Forward", "Index Name": "role_type_pkey", "Relation Name": "role_type", "Alias": "rt", "Startup Cost": 0.0, "Total Cost": 0.27, "Plan Rows": 1, "Plan Width": 4, "Actual Min Startup Time": 0.018, "Actual Max Startup Time": 0.018, "Actual Min Total Time": 0.018, "Actual Max Total Time": 0.018, "Index Cond": "(id = ci.role_id)", "Rows Removed by Index Recheck": 0, "Filter": "((role)::text = 'actress'::text)", "Rows Removed by Filter": 0, "Actual Rows": 6}], "Actual Rows": 6}], "Actual Rows": 1}, "Triggers": [], "Planner Runtime": 30.568, "Total Runtime": 84.938, "Unique SQL Id": 3956435728}}, "(16, '17')": {"explain_plan": {"Plan": {"Node Type": "Aggregate", "Strategy": "Plain", "Startup Cost": 82294.12, "Total Cost": 82294.13, "Plan Rows": 1, "Plan Width": 97, "Plans": [{"Node Type": "Nested Loop", "Parent Relationship": "Outer", "Join Type": "Inner", "Startup Cost": 2780.8, "Total Cost": 82294.12, "Plan Rows": 1, "Plan Width": 33, "Inner Unique": true, "Plans": [{"Node Type": "Nested Loop", "Parent Relationship": "Outer", "Join Type": "Inner", "Startup Cost": 2780.8, "Total Cost": 82293.84, "Plan Rows": 1, "Plan Width": 37, "Inner Unique": true, "Plans": [{"Node Type": "Nested Loop", "Parent Relationship": "Outer", "Join Type": "Inner", "Startup Cost": 2780.8, "Total Cost": 82293.26, "Plan Rows": 1, "Plan Width": 45, "Inner Unique": false, "Plans": [{"Node Type": "Nested Loop", "Parent Relationship": "Outer", "Join Type": "Inner", "Startup Cost": 2780.8, "Total Cost": 82292.4, "Plan Rows": 1, "Plan Width": 25, "Inner Unique": false, "Join Filter": "(t.id = ci.movie_id)", "Plans": [{"Node Type": "Nested Loop", "Parent Relationship": "Outer", "Join Type": "Inner", "Startup Cost": 2780.8, "Total Cost": 82236.62, "Plan Rows": 2, "Plan Width": 25, "Inner Unique": true, "Plans": [{"Node Type": "Nested Loop", "Parent Relationship": "Outer", "Join Type": "Inner", "Startup Cost": 2780.8, "Total Cost": 80174.39, "Plan Rows": 262, "Plan Width": 4, "Inner Unique": false, "Plans": [{"Node Type": "Bitmap Heap Scan", "Parent Relationship": "Outer", "Relation Name": "company_name", "Alias": "cn", "Startup Cost": 2780.8, "Total Cost": 8684.25, "Plan Rows": 6290, "Plan Width": 4, "Filter": "((country_code)::text = '[jp]'::text)", "Plans": [{"Node Type": "Bitmap Index Scan", "Parent Relationship": "Outer", "Index Name": "company_name_pkey", "Startup Cost": 0.0, "Total Cost": 2779.23, "Plan Rows": 234996, "Plan Width": 0}]}, {"Node Type": "Index Scan", "Parent Relationship": "Inner", "Scan Direction": "Forward", "Index Name": "company_id_movie_companies", "Relation Name": "movie_companies", "Alias": "mc", "Startup Cost": 0.0, "Total Cost": 11.36, "Plan Rows": 1, "Plan Width": 8, "Index Cond": "(company_id = cn.id)", "Filter": "(((note)::text ~~ '%(Japan)%'::text) AND ((note)::text !~~ '%(USA)%'::text) AND (((note)::text ~~ '%(2006)%'::text) OR ((note)::text ~~ '%(2007)%'::text)))"}]}, {"Node Type": "Index Scan", "Parent Relationship": "Inner", "Scan Direction": "Forward", "Index Name": "title_pkey", "Relation Name": "title", "Alias": "t", "Startup Cost": 0.0, "Total Cost": 7.86, "Plan Rows": 1, "Plan Width": 21, "Index Cond": "(id = mc.movie_id)", "Filter": "((production_year >= 2006) AND (production_year <= 2007) AND (((title)::text ~~ 'One Piece%'::text) OR ((title)::text ~~ 'Dragon Ball Z%'::text)))"}]}, {"Node Type": "Index Scan", "Parent Relationship": "Inner", "Scan Direction": "Forward", "Index Name": "movie_id_cast_info", "Relation Name": "cast_info", "Alias": "ci", "Startup Cost": 0.0, "Total Cost": 27.88, "Plan Rows": 1, "Plan Width": 12, "Index Cond": "(movie_id = mc.movie_id)", "Filter": "((note)::text = '(voice: English version)'::text)"}]}, {"Node Type": "Index Scan", "Parent Relationship": "Inner", "Scan Direction": "Forward", "Index Name": "person_id_aka_name", "Relation Name": "aka_name", "Alias": "an", "Startup Cost": 0.0, "Total Cost": 0.84, "Plan Rows": 1, "Plan Width": 20, "Index Cond": "(person_id = ci.person_id)"}]}, {"Node Type": "Index Scan", "Parent Relationship": "Inner", "Scan Direction": "Forward", "Index Name": "name_pkey", "Relation Name": "name", "Alias": "n", "Startup Cost": 0.0, "Total Cost": 0.57, "Plan Rows": 1, "Plan Width": 4, "Index Cond": "(id = an.person_id)", "Filter": "(((name)::text ~~ '%Yo%'::text) AND ((name)::text !~~ '%Yu%'::text))"}]}, {"Node Type": "Index Scan", "Parent Relationship": "Inner", "Scan Direction": "Forward", "Index Name": "role_type_pkey", "Relation Name": "role_type", "Alias": "rt", "Startup Cost": 0.0, "Total Cost": 0.27, "Plan Rows": 1, "Plan Width": 4, "Index Cond": "(id = ci.role_id)", "Filter": "((role)::text = 'actress'::text)"}]}]}, "Unique SQL Id": 3956435728, "Planner Runtime": 21}, "explain_analyze_plan": null}, "(16, '18')": {"explain_plan": {"Plan": {"Node Type": "Aggregate", "Strategy": "Plain", "Startup Cost": 20934.05, "Total Cost": 20934.06, "Plan Rows": 1, "Plan Width": 97, "Plans": [{"Node Type": "Nested Loop", "Parent Relationship": "Outer", "Join Type": "Inner", "Startup Cost": 1079.65, "Total Cost": 20934.05, "Plan Rows": 1, "Plan Width": 33, "Inner Unique": true, "Join Filter": "(ci.role_id = rt.id)", "Plans": [{"Node Type": "Nested Loop", "Parent Relationship": "Outer", "Join Type": "Inner", "Startup Cost": 1079.65, "Total Cost": 20932.89, "Plan Rows": 1, "Plan Width": 37, "Inner Unique": true, "Plans": [{"Node Type": "Nested Loop", "Parent Relationship": "Outer", "Join Type": "Inner", "Startup Cost": 1079.32, "Total Cost": 20928.53, "Plan Rows": 1, "Plan Width": 45, "Inner Unique": true, "Plans": [{"Node Type": "Nested Loop", "Parent Relationship": "Outer", "Join Type": "Inner", "Startup Cost": 1078.09, "Total Cost": 20923.28, "Plan Rows": 1, "Plan Width": 49, "Inner Unique": false, "Plans": [{"Node Type": "Nested Loop", "Parent Relationship": "Outer", "Join Type": "Inner", "Startup Cost": 1077.71, "Total Cost": 20918.87, "Plan Rows": 1, "Plan Width": 29, "Inner Unique": false, "Join Filter": "(t.id = ci.movie_id)", "Plans": [{"Node Type": "Nested Loop", "Parent Relationship": "Outer", "Join Type": "Inner", "Startup Cost": 1073.44, "Total Cost": 20862.3, "Plan Rows": 2, "Plan Width": 29, "Inner Unique": false, "Plans": [{"Node Type": "Streaming(type: LOCAL GATHER dop: 1/16)", "Parent Relationship": "Outer", "Startup Cost": 1069.17, "Total Cost": 20335.44, "Plan Rows": 43, "Plan Width": 21, "Plans": [{"Node Type": "Seq Scan", "Parent Relationship": "Outer", "Relation Name": "title", "Alias": "t", "Startup Cost": 1069.17, "Total Cost": 20334.51, "Plan Rows": 43, "Plan Width": 21, "Filter": "((production_year >= 2006) AND (production_year <= 2007) AND (((title)::text ~~ 'One Piece%'::text) OR ((title)::text ~~ 'Dragon Ball Z%'::text)))"}]}, {"Node Type": "Bitmap Heap Scan", "Parent Relationship": "Inner", "Relation Name": "movie_companies", "Alias": "mc", "Startup Cost": 4.27, "Total Cost": 12.24, "Plan Rows": 1, "Plan Width": 8, "Recheck Cond": "(movie_id = t.id)", "Filter": "(((note)::text ~~ '%(Japan)%'::text) AND ((note)::text !~~ '%(USA)%'::text) AND (((note)::text ~~ '%(2006)%'::text) OR ((note)::text ~~ '%(2007)%'::text)))", "Plans": [{"Node Type": "Bitmap Index Scan", "Parent Relationship": "Outer", "Index Name": "movie_id_movie_companies", "Startup Cost": 0.0, "Total Cost": 4.26, "Plan Rows": 2, "Plan Width": 0, "Index Cond": "(movie_id = t.id)"}]}]}, {"Node Type": "Bitmap Heap Scan", "Parent Relationship": "Inner", "Relation Name": "cast_info", "Alias": "ci", "Startup Cost": 4.27, "Total Cost": 28.27, "Plan Rows": 1, "Plan Width": 12, "Recheck Cond": "(movie_id = mc.movie_id)", "Filter": "((note)::text = '(voice: English version)'::text)", "Plans": [{"Node Type": "Bitmap Index Scan", "Parent Relationship": "Outer", "Index Name": "movie_id_cast_info", "Startup Cost": 0.0, "Total Cost": 4.27, "Plan Rows": 6, "Plan Width": 0, "Index Cond": "(movie_id = mc.movie_id)"}]}]}, {"Node Type": "Bitmap Heap Scan", "Parent Relationship": "Inner", "Relation Name": "aka_name", "Alias": "an", "Startup Cost": 0.38, "Total Cost": 4.39, "Plan Rows": 1, "Plan Width": 20, "Recheck Cond": "(person_id = ci.person_id)", "Plans": [{"Node Type": "Bitmap Index Scan", "Parent Relationship": "Outer", "Index Name": "person_id_aka_name", "Startup Cost": 0.0, "Total Cost": 0.38, "Plan Rows": 1, "Plan Width": 0, "Index Cond": "(person_id = ci.person_id)"}]}]}, {"Node Type": "Bitmap Heap Scan", "Parent Relationship": "Inner", "Relation Name": "company_name", "Alias": "cn", "Startup Cost": 1.23, "Total Cost": 5.24, "Plan Rows": 1, "Plan Width": 4, "Recheck Cond": "(id = mc.company_id)", "Filter": "((country_code)::text = '[jp]'::text)", "Plans": [{"Node Type": "Bitmap Index Scan", "Parent Relationship": "Outer", "Index Name": "company_name_pkey", "Startup Cost": 0.0, "Total Cost": 1.23, "Plan Rows": 1, "Plan Width": 0, "Index Cond": "(id = mc.company_id)"}]}]}, {"Node Type": "Bitmap Heap Scan", "Parent Relationship": "Inner", "Relation Name": "name", "Alias": "n", "Startup Cost": 0.33, "Total Cost": 4.34, "Plan Rows": 1, "Plan Width": 4, "Recheck Cond": "(id = an.person_id)", "Filter": "(((name)::text ~~ '%Yo%'::text) AND ((name)::text !~~ '%Yu%'::text))", "Plans": [{"Node Type": "Bitmap Index Scan", "Parent Relationship": "Outer", "Index Name": "name_pkey", "Startup Cost": 0.0, "Total Cost": 0.33, "Plan Rows": 1, "Plan Width": 0, "Index Cond": "(id = an.person_id)"}]}]}, {"Node Type": "Seq Scan", "Parent Relationship": "Inner", "Relation Name": "role_type", "Alias": "rt", "Startup Cost": 0.0, "Total Cost": 1.15, "Plan Rows": 1, "Plan Width": 4, "Filter": "((role)::text = 'actress'::text)"}]}]}, "Unique SQL Id": 3956435728, "Planner Runtime": 31}, "explain_analyze_plan": {"Plan": {"Node Type": "Aggregate", "Strategy": "Plain", "Startup Cost": 20934.05, "Total Cost": 20934.06, "Plan Rows": 1, "Plan Width": 97, "Actual Min Startup Time": 84.297, "Actual Max Startup Time": 84.297, "Actual Min Total Time": 84.298, "Actual Max Total Time": 84.298, "Plans": [{"Node Type": "Nested Loop", "Parent Relationship": "Outer", "Join Type": "Inner", "Startup Cost": 1079.65, "Total Cost": 20934.05, "Plan Rows": 1, "Plan Width": 33, "Actual Min Startup Time": 81.444, "Actual Max Startup Time": 81.444, "Actual Min Total Time": 84.256, "Actual Max Total Time": 84.256, "Inner Unique": true, "Join Filter": "(ci.role_id = rt.id)", "Rows Removed by Join Filter": 0, "Plans": [{"Node Type": "Nested Loop", "Parent Relationship": "Outer", "Join Type": "Inner", "Startup Cost": 1079.65, "Total Cost": 20932.89, "Plan Rows": 1, "Plan Width": 37, "Actual Min Startup Time": 81.407, "Actual Max Startup Time": 81.407, "Actual Min Total Time": 84.189, "Actual Max Total Time": 84.189, "Inner Unique": true, "Plans": [{"Node Type": "Nested Loop", "Parent Relationship": "Outer", "Join Type": "Inner", "Startup Cost": 1079.32, "Total Cost": 20928.53, "Plan Rows": 1, "Plan Width": 45, "Actual Min Startup Time": 79.94, "Actual Max Startup Time": 79.94, "Actual Min Total Time": 83.048, "Actual Max Total Time": 83.048, "Inner Unique": true, "Plans": [{"Node Type": "Nested Loop", "Parent Relationship": "Outer", "Join Type": "Inner", "Startup Cost": 1078.09, "Total Cost": 20923.28, "Plan Rows": 1, "Plan Width": 49, "Actual Min Startup Time": 79.918, "Actual Max Startup Time": 79.918, "Actual Min Total Time": 82.123, "Actual Max Total Time": 82.123, "Inner Unique": false, "Plans": [{"Node Type": "Nested Loop", "Parent Relationship": "Outer", "Join Type": "Inner", "Startup Cost": 1077.71, "Total Cost": 20918.87, "Plan Rows": 1, "Plan Width": 29, "Actual Min Startup Time": 79.893, "Actual Max Startup Time": 79.893, "Actual Min Total Time": 81.166, "Actual Max Total Time": 81.166, "Inner Unique": false, "Join Filter": "(t.id = ci.movie_id)", "Rows Removed by Join Filter": 0, "Plans": [{"Node Type": "Nested Loop", "Parent Relationship": "Outer", "Join Type": "Inner", "Startup Cost": 1073.44, "Total Cost": 20862.3, "Plan Rows": 2, "Plan Width": 29, "Actual Min Startup Time": 79.734, "Actual Max Startup Time": 79.734, "Actual Min Total Time": 80.712, "Actual Max Total Time": 80.712, "Inner Unique": false, "Plans": [{"Node Type": "Streaming(type: LOCAL GATHER dop: 1/16)", "Parent Relationship": "Outer", "Startup Cost": 1069.17, "Total Cost": 20335.44, "Plan Rows": 43, "Plan Width": 21, "Actual Min Startup Time": 79.604, "Actual Max Startup Time": 79.604, "Actual Min Total Time": 80.477, "Actual Max Total Time": 80.477, "Plans": [{"Node Type": "Seq Scan", "Parent Relationship": "Outer", "Relation Name": "title", "Alias": "t", "Startup Cost": 1069.17, "Total Cost": 20334.51, "Plan Rows": 43, "Plan Width": 21, "Actual Min Startup Time": 48.136, "Actual Max Startup Time": 65.75, "Actual Min Total Time": 62.49, "Actual Max Total Time": 65.75, "Filter": "((production_year >= 2006) AND (production_year <= 2007) AND (((title)::text ~~ 'One Piece%'::text) OR ((title)::text ~~ 'Dragon Ball Z%'::text)))", "Rows Removed by Filter": 2528304, "Actual Rows": 7}], "Actual Rows": 7}, {"Node Type": "Bitmap Heap Scan", "Parent Relationship": "Inner", "Relation Name": "movie_companies", "Alias": "mc", "Startup Cost": 4.27, "Total Cost": 12.24, "Plan Rows": 1, "Plan Width": 8, "Actual Min Startup Time": 0.18, "Actual Max Startup Time": 0.18, "Actual Min Total Time": 0.19, "Actual Max Total Time": 0.19, "Recheck Cond": "(movie_id = t.id)", "Rows Removed by Index Recheck": 0, "Filter": "(((note)::text ~~ '%(Japan)%'::text) AND ((note)::text !~~ '%(USA)%'::text) AND (((note)::text ~~ '%(2006)%'::text) OR ((note)::text ~~ '%(2007)%'::text)))", "Rows Removed by Filter": 13, "Exact Heap Blocks": 13, "Lossy Heap Blocks": 13, "Plans": [{"Node Type": "Bitmap Index Scan", "Parent Relationship": "Outer", "Index Name": "movie_id_movie_companies", "Startup Cost": 0.0, "Total Cost": 4.26, "Plan Rows": 2, "Plan Width": 0, "Actual Min Startup Time": 0.081, "Actual Max Startup Time": 0.081, "Actual Min Total Time": 0.081, "Actual Max Total Time": 0.081, "Index Cond": "(movie_id = t.id)", "Actual Rows": 17}], "Actual Rows": 4}], "Actual Rows": 4}, {"Node Type": "Bitmap Heap Scan", "Parent Relationship": "Inner", "Relation Name": "cast_info", "Alias": "ci", "Startup Cost": 4.27, "Total Cost": 28.27, "Plan Rows": 1, "Plan Width": 12, "Actual Min Startup Time": 0.163, "Actual Max Startup Time": 0.163, "Actual Min Total Time": 0.401, "Actual Max Total Time": 0.401, "Recheck Cond": "(movie_id = mc.movie_id)", "Rows Removed by Index Recheck": 0, "Filter": "((note)::text = '(voice: English version)'::text)", "Rows Removed by Filter": 68, "Exact Heap Blocks": 133, "Lossy Heap Blocks": 133, "Plans": [{"Node Type": "Bitmap Index Scan", "Parent Relationship": "Outer", "Index Name": "movie_id_cast_info", "Startup Cost": 0.0, "Total Cost": 4.27, "Plan Rows": 6, "Plan Width": 0, "Actual Min Startup Time": 0.057, "Actual Max Startup Time": 0.057, "Actual Min Total Time": 0.057, "Actual Max Total Time": 0.057, "Index Cond": "(movie_id = mc.movie_id)", "Actual Rows": 172}], "Actual Rows": 104}], "Actual Rows": 104}, {"Node Type": "Bitmap Heap Scan", "Parent Relationship": "Inner", "Relation Name": "aka_name", "Alias": "an", "Startup Cost": 0.38, "Total Cost": 4.39, "Plan Rows": 1, "Plan Width": 20, "Actual Min Startup Time": 0.699, "Actual Max Startup Time": 0.699, "Actual Min Total Time": 0.778, "Actual Max Total Time": 0.778, "Recheck Cond": "(person_id = ci.person_id)", "Rows Removed by Index Recheck": 0, "Exact Heap Blocks": 105, "Lossy Heap Blocks": 105, "Plans": [{"Node Type": "Bitmap Index Scan", "Parent Relationship": "Outer", "Index Name": "person_id_aka_name", "Startup Cost": 0.0, "Total Cost": 0.38, "Plan Rows": 1, "Plan Width": 0, "Actual Min Startup Time": 0.49, "Actual Max Startup Time": 0.49, "Actual Min Total Time": 0.49, "Actual Max Total Time": 0.49, "Index Cond": "(person_id = ci.person_id)", "Actual Rows": 171}], "Actual Rows": 171}], "Actual Rows": 171}, {"Node Type": "Bitmap Heap Scan", "Parent Relationship": "Inner", "Relation Name": "company_name", "Alias": "cn", "Startup Cost": 1.23, "Total Cost": 5.24, "Plan Rows": 1, "Plan Width": 4, "Actual Min Startup Time": 0.698, "Actual Max Startup Time": 0.698, "Actual Min Total Time": 0.698, "Actual Max Total Time": 0.698, "Recheck Cond": "(id = mc.company_id)", "Rows Removed by Index Recheck": 0, "Filter": "((country_code)::text = '[jp]'::text)", "Rows Removed by Filter": 0, "Exact Heap Blocks": 171, "Lossy Heap Blocks": 171, "Plans": [{"Node Type": "Bitmap Index Scan", "Parent Relationship": "Outer", "Index Name": "company_name_pkey", "Startup Cost": 0.0, "Total Cost": 1.23, "Plan Rows": 1, "Plan Width": 0, "Actual Min Startup Time": 0.417, "Actual Max Startup Time": 0.417, "Actual Min Total Time": 0.417, "Actual Max Total Time": 0.417, "Index Cond": "(id = mc.company_id)", "Actual Rows": 171}], "Actual Rows": 171}], "Actual Rows": 171}, {"Node Type": "Bitmap Heap Scan", "Parent Relationship": "Inner", "Relation Name": "name", "Alias": "n", "Startup Cost": 0.33, "Total Cost": 4.34, "Plan Rows": 1, "Plan Width": 4, "Actual Min Startup Time": 0.933, "Actual Max Startup Time": 0.933, "Actual Min Total Time": 0.933, "Actual Max Total Time": 0.933, "Recheck Cond": "(id = an.person_id)", "Rows Removed by Index Recheck": 0, "Filter": "(((name)::text ~~ '%Yo%'::text) AND ((name)::text !~~ '%Yu%'::text))", "Rows Removed by Filter": 165, "Exact Heap Blocks": 171, "Lossy Heap Blocks": 171, "Plans": [{"Node Type": "Bitmap Index Scan", "Parent Relationship": "Outer", "Index Name": "name_pkey", "Startup Cost": 0.0, "Total Cost": 0.33, "Plan Rows": 1, "Plan Width": 0, "Actual Min Startup Time": 0.539, "Actual Max Startup Time": 0.539, "Actual Min Total Time": 0.539, "Actual Max Total Time": 0.539, "Index Cond": "(id = an.person_id)", "Actual Rows": 171}], "Actual Rows": 6}], "Actual Rows": 6}, {"Node Type": "Seq Scan", "Parent Relationship": "Inner", "Relation Name": "role_type", "Alias": "rt", "Startup Cost": 0.0, "Total Cost": 1.15, "Plan Rows": 1, "Plan Width": 4, "Actual Min Startup Time": 0.038, "Actual Max Startup Time": 0.038, "Actual Min Total Time": 0.038, "Actual Max Total Time": 0.038, "Filter": "((role)::text = 'actress'::text)", "Rows Removed by Filter": 6, "Actual Rows": 6}], "Actual Rows": 6}], "Actual Rows": 1}, "Triggers": [], "Planner Runtime": 46.031, "Total Runtime": 87.116, "Unique SQL Id": 3956435728}}, "(16, '19')": {"explain_plan": {"Plan": {"Node Type": "Aggregate", "Strategy": "Plain", "Startup Cost": 108949.86, "Total Cost": 108949.87, "Plan Rows": 1, "Plan Width": 97, "Plans": [{"Node Type": "Nested Loop", "Parent Relationship": "Outer", "Join Type": "Inner", "Startup Cost": 2793.35, "Total Cost": 108949.85, "Plan Rows": 1, "Plan Width": 33, "Inner Unique": true, "Plans": [{"Node Type": "Nested Loop", "Parent Relationship": "Outer", "Join Type": "Inner", "Startup Cost": 2793.09, "Total Cost": 108945.57, "Plan Rows": 1, "Plan Width": 37, "Inner Unique": true, "Plans": [{"Node Type": "Nested Loop", "Parent Relationship": "Outer", "Join Type": "Inner", "Startup Cost": 2792.76, "Total Cost": 108941.22, "Plan Rows": 1, "Plan Width": 45, "Inner Unique": false, "Plans": [{"Node Type": "Nested Loop", "Parent Relationship": "Outer", "Join Type": "Inner", "Startup Cost": 2792.38, "Total Cost": 108936.81, "Plan Rows": 1, "Plan Width": 25, "Inner Unique": false, "Join Filter": "(t.id = ci.movie_id)", "Plans": [{"Node Type": "Nested Loop", "Parent Relationship": "Outer", "Join Type": "Inner", "Startup Cost": 2788.11, "Total Cost": 108880.24, "Plan Rows": 2, "Plan Width": 25, "Inner Unique": true, "Plans": [{"Node Type": "Nested Loop", "Parent Relationship": "Outer", "Join Type": "Inner", "Startup Cost": 2784.18, "Total Cost": 106793.84, "Plan Rows": 262, "Plan Width": 4, "Inner Unique": false, "Plans": [{"Node Type": "Bitmap Heap Scan", "Parent Relationship": "Outer", "Relation Name": "company_name", "Alias": "cn", "Startup Cost": 2780.8, "Total Cost": 8684.25, "Plan Rows": 6290, "Plan Width": 4, "Filter": "((country_code)::text = '[jp]'::text)", "Plans": [{"Node Type": "Bitmap Index Scan", "Parent Relationship": "Outer", "Index Name": "company_name_pkey", "Startup Cost": 0.0, "Total Cost": 2779.23, "Plan Rows": 234996, "Plan Width": 0}]}, {"Node Type": "Bitmap Heap Scan", "Parent Relationship": "Inner", "Relation Name": "movie_companies", "Alias": "mc", "Startup Cost": 3.37, "Total Cost": 15.59, "Plan Rows": 1, "Plan Width": 8, "Recheck Cond": "(company_id = cn.id)", "Filter": "(((note)::text ~~ '%(Japan)%'::text) AND ((note)::text !~~ '%(USA)%'::text) AND (((note)::text ~~ '%(2006)%'::text) OR ((note)::text ~~ '%(2007)%'::text)))", "Plans": [{"Node Type": "Bitmap Index Scan", "Parent Relationship": "Outer", "Index Name": "company_id_movie_companies", "Startup Cost": 0.0, "Total Cost": 3.37, "Plan Rows": 15, "Plan Width": 0, "Index Cond": "(company_id = cn.id)"}]}]}, {"Node Type": "Bitmap Heap Scan", "Parent Relationship": "Inner", "Relation Name": "title", "Alias": "t", "Startup Cost": 3.93, "Total Cost": 7.95, "Plan Rows": 1, "Plan Width": 21, "Recheck Cond": "(id = mc.movie_id)", "Filter": "((production_year >= 2006) AND (production_year <= 2007) AND (((title)::text ~~ 'One Piece%'::text) OR ((title)::text ~~ 'Dragon Ball Z%'::text)))", "Plans": [{"Node Type": "Bitmap Index Scan", "Parent Relationship": "Outer", "Index Name": "title_pkey", "Startup Cost": 0.0, "Total Cost": 3.93, "Plan Rows": 1, "Plan Width": 0, "Index Cond": "(id = mc.movie_id)"}]}]}, {"Node Type": "Bitmap Heap Scan", "Parent Relationship": "Inner", "Relation Name": "cast_info", "Alias": "ci", "Startup Cost": 4.27, "Total Cost": 28.27, "Plan Rows": 1, "Plan Width": 12, "Recheck Cond": "(movie_id = mc.movie_id)", "Filter": "((note)::text = '(voice: English version)'::text)", "Plans": [{"Node Type": "Bitmap Index Scan", "Parent Relationship": "Outer", "Index Name": "movie_id_cast_info", "Startup Cost": 0.0, "Total Cost": 4.27, "Plan Rows": 6, "Plan Width": 0, "Index Cond": "(movie_id = mc.movie_id)"}]}]}, {"Node Type": "Bitmap Heap Scan", "Parent Relationship": "Inner", "Relation Name": "aka_name", "Alias": "an", "Startup Cost": 0.38, "Total Cost": 4.39, "Plan Rows": 1, "Plan Width": 20, "Recheck Cond": "(person_id = ci.person_id)", "Plans": [{"Node Type": "Bitmap Index Scan", "Parent Relationship": "Outer", "Index Name": "person_id_aka_name", "Startup Cost": 0.0, "Total Cost": 0.38, "Plan Rows": 1, "Plan Width": 0, "Index Cond": "(person_id = ci.person_id)"}]}]}, {"Node Type": "Bitmap Heap Scan", "Parent Relationship": "Inner", "Relation Name": "name", "Alias": "n", "Startup Cost": 0.33, "Total Cost": 4.34, "Plan Rows": 1, "Plan Width": 4, "Recheck Cond": "(id = an.person_id)", "Filter": "(((name)::text ~~ '%Yo%'::text) AND ((name)::text !~~ '%Yu%'::text))", "Plans": [{"Node Type": "Bitmap Index Scan", "Parent Relationship": "Outer", "Index Name": "name_pkey", "Startup Cost": 0.0, "Total Cost": 0.33, "Plan Rows": 1, "Plan Width": 0, "Index Cond": "(id = an.person_id)"}]}]}, {"Node Type": "Bitmap Heap Scan", "Parent Relationship": "Inner", "Relation Name": "role_type", "Alias": "rt", "Startup Cost": 0.26, "Total Cost": 4.27, "Plan Rows": 1, "Plan Width": 4, "Recheck Cond": "(id = ci.role_id)", "Filter": "((role)::text = 'actress'::text)", "Plans": [{"Node Type": "Bitmap Index Scan", "Parent Relationship": "Outer", "Index Name": "role_type_pkey", "Startup Cost": 0.0, "Total Cost": 0.26, "Plan Rows": 1, "Plan Width": 0, "Index Cond": "(id = ci.role_id)"}]}]}]}, "Unique SQL Id": 3956435728, "Planner Runtime": 27}, "explain_analyze_plan": null}, "(16, '20')": {"explain_plan": {"Plan": {"Node Type": "Aggregate", "Strategy": "Plain", "Startup Cost": 20891.31, "Total Cost": 20891.32, "Plan Rows": 1, "Plan Width": 97, "Plans": [{"Node Type": "Nested Loop", "Parent Relationship": "Outer", "Join Type": "Inner", "Startup Cost": 1069.17, "Total Cost": 20891.3, "Plan Rows": 1, "Plan Width": 33, "Inner Unique": true, "Plans": [{"Node Type": "Nested Loop", "Parent Relationship": "Outer", "Join Type": "Inner", "Startup Cost": 1069.17, "Total Cost": 20891.02, "Plan Rows": 1, "Plan Width": 37, "Inner Unique": true, "Plans": [{"Node Type": "Nested Loop", "Parent Relationship": "Outer", "Join Type": "Inner", "Startup Cost": 1069.17, "Total Cost": 20890.44, "Plan Rows": 1, "Plan Width": 45, "Inner Unique": true, "Plans": [{"Node Type": "Nested Loop", "Parent Relationship": "Outer", "Join Type": "Inner", "Startup Cost": 1069.17, "Total Cost": 20886.05, "Plan Rows": 1, "Plan Width": 49, "Inner Unique": false, "Plans": [{"Node Type": "Nested Loop", "Parent Relationship": "Outer", "Join Type": "Inner", "Startup Cost": 1069.17, "Total Cost": 20885.2, "Plan Rows": 1, "Plan Width": 29, "Inner Unique": false, "Join Filter": "(t.id = ci.movie_id)", "Plans": [{"Node Type": "Nested Loop", "Parent Relationship": "Outer", "Join Type": "Inner", "Startup Cost": 1069.17, "Total Cost": 20829.42, "Plan Rows": 2, "Plan Width": 29, "Inner Unique": false, "Plans": [{"Node Type": "Streaming(type: LOCAL GATHER dop: 1/16)", "Parent Relationship": "Outer", "Startup Cost": 1069.17, "Total Cost": 20335.44, "Plan Rows": 43, "Plan Width": 21, "Plans": [{"Node Type": "Seq Scan", "Parent Relationship": "Outer", "Relation Name": "title", "Alias": "t", "Startup Cost": 1069.17, "Total Cost": 20334.51, "Plan Rows": 43, "Plan Width": 21, "Filter": "((production_year >= 2006) AND (production_year <= 2007) AND (((title)::text ~~ 'One Piece%'::text) OR ((title)::text ~~ 'Dragon Ball Z%'::text)))"}]}, {"Node Type": "Index Scan", "Parent Relationship": "Inner", "Scan Direction": "Forward", "Index Name": "movie_id_movie_companies", "Relation Name": "movie_companies", "Alias": "mc", "Startup Cost": 0.0, "Total Cost": 11.48, "Plan Rows": 1, "Plan Width": 8, "Index Cond": "(movie_id = t.id)", "Filter": "(((note)::text ~~ '%(Japan)%'::text) AND ((note)::text !~~ '%(USA)%'::text) AND (((note)::text ~~ '%(2006)%'::text) OR ((note)::text ~~ '%(2007)%'::text)))"}]}, {"Node Type": "Index Scan", "Parent Relationship": "Inner", "Scan Direction": "Forward", "Index Name": "movie_id_cast_info", "Relation Name": "cast_info", "Alias": "ci", "Startup Cost": 0.0, "Total Cost": 27.88, "Plan Rows": 1, "Plan Width": 12, "Index Cond": "(movie_id = mc.movie_id)", "Filter": "((note)::text = '(voice: English version)'::text)"}]}, {"Node Type": "Index Scan", "Parent Relationship": "Inner", "Scan Direction": "Forward", "Index Name": "person_id_aka_name", "Relation Name": "aka_name", "Alias": "an", "Startup Cost": 0.0, "Total Cost": 0.84, "Plan Rows": 1, "Plan Width": 20, "Index Cond": "(person_id = ci.person_id)"}]}, {"Node Type": "Index Scan", "Parent Relationship": "Inner", "Scan Direction": "Forward", "Index Name": "company_name_pkey", "Relation Name": "company_name", "Alias": "cn", "Startup Cost": 0.0, "Total Cost": 4.37, "Plan Rows": 1, "Plan Width": 4, "Index Cond": "(id = mc.company_id)", "Filter": "((country_code)::text = '[jp]'::text)"}]}, {"Node Type": "Index Scan", "Parent Relationship": "Inner", "Scan Direction": "Forward", "Index Name": "name_pkey", "Relation Name": "name", "Alias": "n", "Startup Cost": 0.0, "Total Cost": 0.57, "Plan Rows": 1, "Plan Width": 4, "Index Cond": "(id = an.person_id)", "Filter": "(((name)::text ~~ '%Yo%'::text) AND ((name)::text !~~ '%Yu%'::text))"}]}, {"Node Type": "Index Scan", "Parent Relationship": "Inner", "Scan Direction": "Forward", "Index Name": "role_type_pkey", "Relation Name": "role_type", "Alias": "rt", "Startup Cost": 0.0, "Total Cost": 0.27, "Plan Rows": 1, "Plan Width": 4, "Index Cond": "(id = ci.role_id)", "Filter": "((role)::text = 'actress'::text)"}]}]}, "Unique SQL Id": 3956435728, "Planner Runtime": 22}, "explain_analyze_plan": {"Plan": {"Node Type": "Aggregate", "Strategy": "Plain", "Startup Cost": 20891.31, "Total Cost": 20891.32, "Plan Rows": 1, "Plan Width": 97, "Actual Min Startup Time": 82.24, "Actual Max Startup Time": 82.24, "Actual Min Total Time": 82.24, "Actual Max Total Time": 82.24, "Plans": [{"Node Type": "Nested Loop", "Parent Relationship": "Outer", "Join Type": "Inner", "Startup Cost": 1069.17, "Total Cost": 20891.3, "Plan Rows": 1, "Plan Width": 33, "Actual Min Startup Time": 79.771, "Actual Max Startup Time": 79.771, "Actual Min Total Time": 82.203, "Actual Max Total Time": 82.203, "Inner Unique": true, "Plans": [{"Node Type": "Nested Loop", "Parent Relationship": "Outer", "Join Type": "Inner", "Startup Cost": 1069.17, "Total Cost": 20891.02, "Plan Rows": 1, "Plan Width": 37, "Actual Min Startup Time": 79.76, "Actual Max Startup Time": 79.76, "Actual Min Total Time": 82.178, "Actual Max Total Time": 82.178, "Inner Unique": true, "Plans": [{"Node Type": "Nested Loop", "Parent Relationship": "Outer", "Join Type": "Inner", "Startup Cost": 1069.17, "Total Cost": 20890.44, "Plan Rows": 1, "Plan Width": 45, "Actual Min Startup Time": 78.621, "Actual Max Startup Time": 78.621, "Actual Min Total Time": 81.338, "Actual Max Total Time": 81.338, "Inner Unique": true, "Plans": [{"Node Type": "Nested Loop", "Parent Relationship": "Outer", "Join Type": "Inner", "Startup Cost": 1069.17, "Total Cost": 20886.05, "Plan Rows": 1, "Plan Width": 49, "Actual Min Startup Time": 78.603, "Actual Max Startup Time": 78.603, "Actual Min Total Time": 80.695, "Actual Max Total Time": 80.695, "Inner Unique": false, "Plans": [{"Node Type": "Nested Loop", "Parent Relationship": "Outer", "Join Type": "Inner", "Startup Cost": 1069.17, "Total Cost": 20885.2, "Plan Rows": 1, "Plan Width": 29, "Actual Min Startup Time": 78.587, "Actual Max Startup Time": 78.587, "Actual Min Total Time": 79.943, "Actual Max Total Time": 79.943, "Inner Unique": false, "Join Filter": "(t.id = ci.movie_id)", "Rows Removed by Join Filter": 0, "Plans": [{"Node Type": "Nested Loop", "Parent Relationship": "Outer", "Join Type": "Inner", "Startup Cost": 1069.17, "Total Cost": 20829.42, "Plan Rows": 2, "Plan Width": 29, "Actual Min Startup Time": 78.48, "Actual Max Startup Time": 78.48, "Actual Min Total Time": 79.571, "Actual Max Total Time": 79.571, "Inner Unique": false, "Plans": [{"Node Type": "Streaming(type: LOCAL GATHER dop: 1/16)", "Parent Relationship": "Outer", "Startup Cost": 1069.17, "Total Cost": 20335.44, "Plan Rows": 43, "Plan Width": 21, "Actual Min Startup Time": 78.374, "Actual Max Startup Time": 78.374, "Actual Min Total Time": 79.397, "Actual Max Total Time": 79.397, "Plans": [{"Node Type": "Seq Scan", "Parent Relationship": "Outer", "Relation Name": "title", "Alias": "t", "Startup Cost": 1069.17, "Total Cost": 20334.51, "Plan Rows": 43, "Plan Width": 21, "Actual Min Startup Time": 48.113, "Actual Max Startup Time": 65.731, "Actual Min Total Time": 62.348, "Actual Max Total Time": 65.731, "Filter": "((production_year >= 2006) AND (production_year <= 2007) AND (((title)::text ~~ 'One Piece%'::text) OR ((title)::text ~~ 'Dragon Ball Z%'::text)))", "Rows Removed by Filter": 2528304, "Actual Rows": 7}], "Actual Rows": 7}, {"Node Type": "Index Scan", "Parent Relationship": "Inner", "Scan Direction": "Forward", "Index Name": "movie_id_movie_companies", "Relation Name": "movie_companies", "Alias": "mc", "Startup Cost": 0.0, "Total Cost": 11.48, "Plan Rows": 1, "Plan Width": 8, "Actual Min Startup Time": 0.139, "Actual Max Startup Time": 0.139, "Actual Min Total Time": 0.148, "Actual Max Total Time": 0.148, "Index Cond": "(movie_id = t.id)", "Rows Removed by Index Recheck": 0, "Filter": "(((note)::text ~~ '%(Japan)%'::text) AND ((note)::text !~~ '%(USA)%'::text) AND (((note)::text ~~ '%(2006)%'::text) OR ((note)::text ~~ '%(2007)%'::text)))", "Rows Removed by Filter": 13, "Actual Rows": 4}], "Actual Rows": 4}, {"Node Type": "Index Scan", "Parent Relationship": "Inner", "Scan Direction": "Forward", "Index Name": "movie_id_cast_info", "Relation Name": "cast_info", "Alias": "ci", "Startup Cost": 0.0, "Total Cost": 27.88, "Plan Rows": 1, "Plan Width": 12, "Actual Min Startup Time": 0.106, "Actual Max Startup Time": 0.106, "Actual Min Total Time": 0.331, "Actual Max Total Time": 0.331, "Index Cond": "(movie_id = mc.movie_id)", "Rows Removed by Index Recheck": 0, "Filter": "((note)::text = '(voice: English version)'::text)", "Rows Removed by Filter": 68, "Actual Rows": 104}], "Actual Rows": 104}, {"Node Type": "Index Scan", "Parent Relationship": "Inner", "Scan Direction": "Forward", "Index Name": "person_id_aka_name", "Relation Name": "aka_name", "Alias": "an", "Startup Cost": 0.0, "Total Cost": 0.84, "Plan Rows": 1, "Plan Width": 20, "Actual Min Startup Time": 0.52, "Actual Max Startup Time": 0.52, "Actual Min Total Time": 0.636, "Actual Max Total Time": 0.636, "Index Cond": "(person_id = ci.person_id)", "Rows Removed by Index Recheck": 0, "Actual Rows": 171}], "Actual Rows": 171}, {"Node Type": "Index Scan", "Parent Relationship": "Inner", "Scan Direction": "Forward", "Index Name": "company_name_pkey", "Relation Name": "company_name", "Alias": "cn", "Startup Cost": 0.0, "Total Cost": 4.37, "Plan Rows": 1, "Plan Width": 4, "Actual Min Startup Time": 0.51, "Actual Max Startup Time": 0.51, "Actual Min Total Time": 0.51, "Actual Max Total Time": 0.51, "Index Cond": "(id = mc.company_id)", "Rows Removed by Index Recheck": 0, "Filter": "((country_code)::text = '[jp]'::text)", "Rows Removed by Filter": 0, "Actual Rows": 171}], "Actual Rows": 171}, {"Node Type": "Index Scan", "Parent Relationship": "Inner", "Scan Direction": "Forward", "Index Name": "name_pkey", "Relation Name": "name", "Alias": "n", "Startup Cost": 0.0, "Total Cost": 0.57, "Plan Rows": 1, "Plan Width": 4, "Actual Min Startup Time": 0.745, "Actual Max Startup Time": 0.745, "Actual Min Total Time": 0.745, "Actual Max Total Time": 0.745, "Index Cond": "(id = an.person_id)", "Rows Removed by Index Recheck": 0, "Filter": "(((name)::text ~~ '%Yo%'::text) AND ((name)::text !~~ '%Yu%'::text))", "Rows Removed by Filter": 165, "Actual Rows": 6}], "Actual Rows": 6}, {"Node Type": "Index Scan", "Parent Relationship": "Inner", "Scan Direction": "Forward", "Index Name": "role_type_pkey", "Relation Name": "role_type", "Alias": "rt", "Startup Cost": 0.0, "Total Cost": 0.27, "Plan Rows": 1, "Plan Width": 4, "Actual Min Startup Time": 0.018, "Actual Max Startup Time": 0.018, "Actual Min Total Time": 0.018, "Actual Max Total Time": 0.018, "Index Cond": "(id = ci.role_id)", "Rows Removed by Index Recheck": 0, "Filter": "((role)::text = 'actress'::text)", "Rows Removed by Filter": 0, "Actual Rows": 6}], "Actual Rows": 6}], "Actual Rows": 1}, "Triggers": [], "Planner Runtime": 30.568, "Total Runtime": 84.938, "Unique SQL Id": 3956435728}}, "(16, '21')": {"explain_plan": {"Plan": {"Node Type": "Aggregate", "Strategy": "Plain", "Startup Cost": 82294.12, "Total Cost": 82294.13, "Plan Rows": 1, "Plan Width": 97, "Plans": [{"Node Type": "Nested Loop", "Parent Relationship": "Outer", "Join Type": "Inner", "Startup Cost": 2780.8, "Total Cost": 82294.12, "Plan Rows": 1, "Plan Width": 33, "Inner Unique": true, "Plans": [{"Node Type": "Nested Loop", "Parent Relationship": "Outer", "Join Type": "Inner", "Startup Cost": 2780.8, "Total Cost": 82293.84, "Plan Rows": 1, "Plan Width": 37, "Inner Unique": true, "Plans": [{"Node Type": "Nested Loop", "Parent Relationship": "Outer", "Join Type": "Inner", "Startup Cost": 2780.8, "Total Cost": 82293.26, "Plan Rows": 1, "Plan Width": 45, "Inner Unique": false, "Plans": [{"Node Type": "Nested Loop", "Parent Relationship": "Outer", "Join Type": "Inner", "Startup Cost": 2780.8, "Total Cost": 82292.4, "Plan Rows": 1, "Plan Width": 25, "Inner Unique": false, "Join Filter": "(t.id = ci.movie_id)", "Plans": [{"Node Type": "Nested Loop", "Parent Relationship": "Outer", "Join Type": "Inner", "Startup Cost": 2780.8, "Total Cost": 82236.62, "Plan Rows": 2, "Plan Width": 25, "Inner Unique": true, "Plans": [{"Node Type": "Nested Loop", "Parent Relationship": "Outer", "Join Type": "Inner", "Startup Cost": 2780.8, "Total Cost": 80174.39, "Plan Rows": 262, "Plan Width": 4, "Inner Unique": false, "Plans": [{"Node Type": "Bitmap Heap Scan", "Parent Relationship": "Outer", "Relation Name": "company_name", "Alias": "cn", "Startup Cost": 2780.8, "Total Cost": 8684.25, "Plan Rows": 6290, "Plan Width": 4, "Filter": "((country_code)::text = '[jp]'::text)", "Plans": [{"Node Type": "Bitmap Index Scan", "Parent Relationship": "Outer", "Index Name": "company_name_pkey", "Startup Cost": 0.0, "Total Cost": 2779.23, "Plan Rows": 234996, "Plan Width": 0}]}, {"Node Type": "Index Scan", "Parent Relationship": "Inner", "Scan Direction": "Forward", "Index Name": "company_id_movie_companies", "Relation Name": "movie_companies", "Alias": "mc", "Startup Cost": 0.0, "Total Cost": 11.36, "Plan Rows": 1, "Plan Width": 8, "Index Cond": "(company_id = cn.id)", "Filter": "(((note)::text ~~ '%(Japan)%'::text) AND ((note)::text !~~ '%(USA)%'::text) AND (((note)::text ~~ '%(2006)%'::text) OR ((note)::text ~~ '%(2007)%'::text)))"}]}, {"Node Type": "Index Scan", "Parent Relationship": "Inner", "Scan Direction": "Forward", "Index Name": "title_pkey", "Relation Name": "title", "Alias": "t", "Startup Cost": 0.0, "Total Cost": 7.86, "Plan Rows": 1, "Plan Width": 21, "Index Cond": "(id = mc.movie_id)", "Filter": "((production_year >= 2006) AND (production_year <= 2007) AND (((title)::text ~~ 'One Piece%'::text) OR ((title)::text ~~ 'Dragon Ball Z%'::text)))"}]}, {"Node Type": "Index Scan", "Parent Relationship": "Inner", "Scan Direction": "Forward", "Index Name": "movie_id_cast_info", "Relation Name": "cast_info", "Alias": "ci", "Startup Cost": 0.0, "Total Cost": 27.88, "Plan Rows": 1, "Plan Width": 12, "Index Cond": "(movie_id = mc.movie_id)", "Filter": "((note)::text = '(voice: English version)'::text)"}]}, {"Node Type": "Index Scan", "Parent Relationship": "Inner", "Scan Direction": "Forward", "Index Name": "person_id_aka_name", "Relation Name": "aka_name", "Alias": "an", "Startup Cost": 0.0, "Total Cost": 0.84, "Plan Rows": 1, "Plan Width": 20, "Index Cond": "(person_id = ci.person_id)"}]}, {"Node Type": "Index Scan", "Parent Relationship": "Inner", "Scan Direction": "Forward", "Index Name": "name_pkey", "Relation Name": "name", "Alias": "n", "Startup Cost": 0.0, "Total Cost": 0.57, "Plan Rows": 1, "Plan Width": 4, "Index Cond": "(id = an.person_id)", "Filter": "(((name)::text ~~ '%Yo%'::text) AND ((name)::text !~~ '%Yu%'::text))"}]}, {"Node Type": "Index Scan", "Parent Relationship": "Inner", "Scan Direction": "Forward", "Index Name": "role_type_pkey", "Relation Name": "role_type", "Alias": "rt", "Startup Cost": 0.0, "Total Cost": 0.27, "Plan Rows": 1, "Plan Width": 4, "Index Cond": "(id = ci.role_id)", "Filter": "((role)::text = 'actress'::text)"}]}]}, "Unique SQL Id": 3956435728, "Planner Runtime": 21}, "explain_analyze_plan": null}, "(16, '22')": {"explain_plan": {"Plan": {"Node Type": "Aggregate", "Strategy": "Plain", "Startup Cost": 20934.05, "Total Cost": 20934.06, "Plan Rows": 1, "Plan Width": 97, "Plans": [{"Node Type": "Nested Loop", "Parent Relationship": "Outer", "Join Type": "Inner", "Startup Cost": 1079.65, "Total Cost": 20934.05, "Plan Rows": 1, "Plan Width": 33, "Inner Unique": true, "Join Filter": "(ci.role_id = rt.id)", "Plans": [{"Node Type": "Nested Loop", "Parent Relationship": "Outer", "Join Type": "Inner", "Startup Cost": 1079.65, "Total Cost": 20932.89, "Plan Rows": 1, "Plan Width": 37, "Inner Unique": true, "Plans": [{"Node Type": "Nested Loop", "Parent Relationship": "Outer", "Join Type": "Inner", "Startup Cost": 1079.32, "Total Cost": 20928.53, "Plan Rows": 1, "Plan Width": 45, "Inner Unique": true, "Plans": [{"Node Type": "Nested Loop", "Parent Relationship": "Outer", "Join Type": "Inner", "Startup Cost": 1078.09, "Total Cost": 20923.28, "Plan Rows": 1, "Plan Width": 49, "Inner Unique": false, "Plans": [{"Node Type": "Nested Loop", "Parent Relationship": "Outer", "Join Type": "Inner", "Startup Cost": 1077.71, "Total Cost": 20918.87, "Plan Rows": 1, "Plan Width": 29, "Inner Unique": false, "Join Filter": "(t.id = ci.movie_id)", "Plans": [{"Node Type": "Nested Loop", "Parent Relationship": "Outer", "Join Type": "Inner", "Startup Cost": 1073.44, "Total Cost": 20862.3, "Plan Rows": 2, "Plan Width": 29, "Inner Unique": false, "Plans": [{"Node Type": "Streaming(type: LOCAL GATHER dop: 1/16)", "Parent Relationship": "Outer", "Startup Cost": 1069.17, "Total Cost": 20335.44, "Plan Rows": 43, "Plan Width": 21, "Plans": [{"Node Type": "Seq Scan", "Parent Relationship": "Outer", "Relation Name": "title", "Alias": "t", "Startup Cost": 1069.17, "Total Cost": 20334.51, "Plan Rows": 43, "Plan Width": 21, "Filter": "((production_year >= 2006) AND (production_year <= 2007) AND (((title)::text ~~ 'One Piece%'::text) OR ((title)::text ~~ 'Dragon Ball Z%'::text)))"}]}, {"Node Type": "Bitmap Heap Scan", "Parent Relationship": "Inner", "Relation Name": "movie_companies", "Alias": "mc", "Startup Cost": 4.27, "Total Cost": 12.24, "Plan Rows": 1, "Plan Width": 8, "Recheck Cond": "(movie_id = t.id)", "Filter": "(((note)::text ~~ '%(Japan)%'::text) AND ((note)::text !~~ '%(USA)%'::text) AND (((note)::text ~~ '%(2006)%'::text) OR ((note)::text ~~ '%(2007)%'::text)))", "Plans": [{"Node Type": "Bitmap Index Scan", "Parent Relationship": "Outer", "Index Name": "movie_id_movie_companies", "Startup Cost": 0.0, "Total Cost": 4.26, "Plan Rows": 2, "Plan Width": 0, "Index Cond": "(movie_id = t.id)"}]}]}, {"Node Type": "Bitmap Heap Scan", "Parent Relationship": "Inner", "Relation Name": "cast_info", "Alias": "ci", "Startup Cost": 4.27, "Total Cost": 28.27, "Plan Rows": 1, "Plan Width": 12, "Recheck Cond": "(movie_id = mc.movie_id)", "Filter": "((note)::text = '(voice: English version)'::text)", "Plans": [{"Node Type": "Bitmap Index Scan", "Parent Relationship": "Outer", "Index Name": "movie_id_cast_info", "Startup Cost": 0.0, "Total Cost": 4.27, "Plan Rows": 6, "Plan Width": 0, "Index Cond": "(movie_id = mc.movie_id)"}]}]}, {"Node Type": "Bitmap Heap Scan", "Parent Relationship": "Inner", "Relation Name": "aka_name", "Alias": "an", "Startup Cost": 0.38, "Total Cost": 4.39, "Plan Rows": 1, "Plan Width": 20, "Recheck Cond": "(person_id = ci.person_id)", "Plans": [{"Node Type": "Bitmap Index Scan", "Parent Relationship": "Outer", "Index Name": "person_id_aka_name", "Startup Cost": 0.0, "Total Cost": 0.38, "Plan Rows": 1, "Plan Width": 0, "Index Cond": "(person_id = ci.person_id)"}]}]}, {"Node Type": "Bitmap Heap Scan", "Parent Relationship": "Inner", "Relation Name": "company_name", "Alias": "cn", "Startup Cost": 1.23, "Total Cost": 5.24, "Plan Rows": 1, "Plan Width": 4, "Recheck Cond": "(id = mc.company_id)", "Filter": "((country_code)::text = '[jp]'::text)", "Plans": [{"Node Type": "Bitmap Index Scan", "Parent Relationship": "Outer", "Index Name": "company_name_pkey", "Startup Cost": 0.0, "Total Cost": 1.23, "Plan Rows": 1, "Plan Width": 0, "Index Cond": "(id = mc.company_id)"}]}]}, {"Node Type": "Bitmap Heap Scan", "Parent Relationship": "Inner", "Relation Name": "name", "Alias": "n", "Startup Cost": 0.33, "Total Cost": 4.34, "Plan Rows": 1, "Plan Width": 4, "Recheck Cond": "(id = an.person_id)", "Filter": "(((name)::text ~~ '%Yo%'::text) AND ((name)::text !~~ '%Yu%'::text))", "Plans": [{"Node Type": "Bitmap Index Scan", "Parent Relationship": "Outer", "Index Name": "name_pkey", "Startup Cost": 0.0, "Total Cost": 0.33, "Plan Rows": 1, "Plan Width": 0, "Index Cond": "(id = an.person_id)"}]}]}, {"Node Type": "Seq Scan", "Parent Relationship": "Inner", "Relation Name": "role_type", "Alias": "rt", "Startup Cost": 0.0, "Total Cost": 1.15, "Plan Rows": 1, "Plan Width": 4, "Filter": "((role)::text = 'actress'::text)"}]}]}, "Unique SQL Id": 3956435728, "Planner Runtime": 31}, "explain_analyze_plan": {"Plan": {"Node Type": "Aggregate", "Strategy": "Plain", "Startup Cost": 20934.05, "Total Cost": 20934.06, "Plan Rows": 1, "Plan Width": 97, "Actual Min Startup Time": 84.297, "Actual Max Startup Time": 84.297, "Actual Min Total Time": 84.298, "Actual Max Total Time": 84.298, "Plans": [{"Node Type": "Nested Loop", "Parent Relationship": "Outer", "Join Type": "Inner", "Startup Cost": 1079.65, "Total Cost": 20934.05, "Plan Rows": 1, "Plan Width": 33, "Actual Min Startup Time": 81.444, "Actual Max Startup Time": 81.444, "Actual Min Total Time": 84.256, "Actual Max Total Time": 84.256, "Inner Unique": true, "Join Filter": "(ci.role_id = rt.id)", "Rows Removed by Join Filter": 0, "Plans": [{"Node Type": "Nested Loop", "Parent Relationship": "Outer", "Join Type": "Inner", "Startup Cost": 1079.65, "Total Cost": 20932.89, "Plan Rows": 1, "Plan Width": 37, "Actual Min Startup Time": 81.407, "Actual Max Startup Time": 81.407, "Actual Min Total Time": 84.189, "Actual Max Total Time": 84.189, "Inner Unique": true, "Plans": [{"Node Type": "Nested Loop", "Parent Relationship": "Outer", "Join Type": "Inner", "Startup Cost": 1079.32, "Total Cost": 20928.53, "Plan Rows": 1, "Plan Width": 45, "Actual Min Startup Time": 79.94, "Actual Max Startup Time": 79.94, "Actual Min Total Time": 83.048, "Actual Max Total Time": 83.048, "Inner Unique": true, "Plans": [{"Node Type": "Nested Loop", "Parent Relationship": "Outer", "Join Type": "Inner", "Startup Cost": 1078.09, "Total Cost": 20923.28, "Plan Rows": 1, "Plan Width": 49, "Actual Min Startup Time": 79.918, "Actual Max Startup Time": 79.918, "Actual Min Total Time": 82.123, "Actual Max Total Time": 82.123, "Inner Unique": false, "Plans": [{"Node Type": "Nested Loop", "Parent Relationship": "Outer", "Join Type": "Inner", "Startup Cost": 1077.71, "Total Cost": 20918.87, "Plan Rows": 1, "Plan Width": 29, "Actual Min Startup Time": 79.893, "Actual Max Startup Time": 79.893, "Actual Min Total Time": 81.166, "Actual Max Total Time": 81.166, "Inner Unique": false, "Join Filter": "(t.id = ci.movie_id)", "Rows Removed by Join Filter": 0, "Plans": [{"Node Type": "Nested Loop", "Parent Relationship": "Outer", "Join Type": "Inner", "Startup Cost": 1073.44, "Total Cost": 20862.3, "Plan Rows": 2, "Plan Width": 29, "Actual Min Startup Time": 79.734, "Actual Max Startup Time": 79.734, "Actual Min Total Time": 80.712, "Actual Max Total Time": 80.712, "Inner Unique": false, "Plans": [{"Node Type": "Streaming(type: LOCAL GATHER dop: 1/16)", "Parent Relationship": "Outer", "Startup Cost": 1069.17, "Total Cost": 20335.44, "Plan Rows": 43, "Plan Width": 21, "Actual Min Startup Time": 79.604, "Actual Max Startup Time": 79.604, "Actual Min Total Time": 80.477, "Actual Max Total Time": 80.477, "Plans": [{"Node Type": "Seq Scan", "Parent Relationship": "Outer", "Relation Name": "title", "Alias": "t", "Startup Cost": 1069.17, "Total Cost": 20334.51, "Plan Rows": 43, "Plan Width": 21, "Actual Min Startup Time": 48.136, "Actual Max Startup Time": 65.75, "Actual Min Total Time": 62.49, "Actual Max Total Time": 65.75, "Filter": "((production_year >= 2006) AND (production_year <= 2007) AND (((title)::text ~~ 'One Piece%'::text) OR ((title)::text ~~ 'Dragon Ball Z%'::text)))", "Rows Removed by Filter": 2528304, "Actual Rows": 7}], "Actual Rows": 7}, {"Node Type": "Bitmap Heap Scan", "Parent Relationship": "Inner", "Relation Name": "movie_companies", "Alias": "mc", "Startup Cost": 4.27, "Total Cost": 12.24, "Plan Rows": 1, "Plan Width": 8, "Actual Min Startup Time": 0.18, "Actual Max Startup Time": 0.18, "Actual Min Total Time": 0.19, "Actual Max Total Time": 0.19, "Recheck Cond": "(movie_id = t.id)", "Rows Removed by Index Recheck": 0, "Filter": "(((note)::text ~~ '%(Japan)%'::text) AND ((note)::text !~~ '%(USA)%'::text) AND (((note)::text ~~ '%(2006)%'::text) OR ((note)::text ~~ '%(2007)%'::text)))", "Rows Removed by Filter": 13, "Exact Heap Blocks": 13, "Lossy Heap Blocks": 13, "Plans": [{"Node Type": "Bitmap Index Scan", "Parent Relationship": "Outer", "Index Name": "movie_id_movie_companies", "Startup Cost": 0.0, "Total Cost": 4.26, "Plan Rows": 2, "Plan Width": 0, "Actual Min Startup Time": 0.081, "Actual Max Startup Time": 0.081, "Actual Min Total Time": 0.081, "Actual Max Total Time": 0.081, "Index Cond": "(movie_id = t.id)", "Actual Rows": 17}], "Actual Rows": 4}], "Actual Rows": 4}, {"Node Type": "Bitmap Heap Scan", "Parent Relationship": "Inner", "Relation Name": "cast_info", "Alias": "ci", "Startup Cost": 4.27, "Total Cost": 28.27, "Plan Rows": 1, "Plan Width": 12, "Actual Min Startup Time": 0.163, "Actual Max Startup Time": 0.163, "Actual Min Total Time": 0.401, "Actual Max Total Time": 0.401, "Recheck Cond": "(movie_id = mc.movie_id)", "Rows Removed by Index Recheck": 0, "Filter": "((note)::text = '(voice: English version)'::text)", "Rows Removed by Filter": 68, "Exact Heap Blocks": 133, "Lossy Heap Blocks": 133, "Plans": [{"Node Type": "Bitmap Index Scan", "Parent Relationship": "Outer", "Index Name": "movie_id_cast_info", "Startup Cost": 0.0, "Total Cost": 4.27, "Plan Rows": 6, "Plan Width": 0, "Actual Min Startup Time": 0.057, "Actual Max Startup Time": 0.057, "Actual Min Total Time": 0.057, "Actual Max Total Time": 0.057, "Index Cond": "(movie_id = mc.movie_id)", "Actual Rows": 172}], "Actual Rows": 104}], "Actual Rows": 104}, {"Node Type": "Bitmap Heap Scan", "Parent Relationship": "Inner", "Relation Name": "aka_name", "Alias": "an", "Startup Cost": 0.38, "Total Cost": 4.39, "Plan Rows": 1, "Plan Width": 20, "Actual Min Startup Time": 0.699, "Actual Max Startup Time": 0.699, "Actual Min Total Time": 0.778, "Actual Max Total Time": 0.778, "Recheck Cond": "(person_id = ci.person_id)", "Rows Removed by Index Recheck": 0, "Exact Heap Blocks": 105, "Lossy Heap Blocks": 105, "Plans": [{"Node Type": "Bitmap Index Scan", "Parent Relationship": "Outer", "Index Name": "person_id_aka_name", "Startup Cost": 0.0, "Total Cost": 0.38, "Plan Rows": 1, "Plan Width": 0, "Actual Min Startup Time": 0.49, "Actual Max Startup Time": 0.49, "Actual Min Total Time": 0.49, "Actual Max Total Time": 0.49, "Index Cond": "(person_id = ci.person_id)", "Actual Rows": 171}], "Actual Rows": 171}], "Actual Rows": 171}, {"Node Type": "Bitmap Heap Scan", "Parent Relationship": "Inner", "Relation Name": "company_name", "Alias": "cn", "Startup Cost": 1.23, "Total Cost": 5.24, "Plan Rows": 1, "Plan Width": 4, "Actual Min Startup Time": 0.698, "Actual Max Startup Time": 0.698, "Actual Min Total Time": 0.698, "Actual Max Total Time": 0.698, "Recheck Cond": "(id = mc.company_id)", "Rows Removed by Index Recheck": 0, "Filter": "((country_code)::text = '[jp]'::text)", "Rows Removed by Filter": 0, "Exact Heap Blocks": 171, "Lossy Heap Blocks": 171, "Plans": [{"Node Type": "Bitmap Index Scan", "Parent Relationship": "Outer", "Index Name": "company_name_pkey", "Startup Cost": 0.0, "Total Cost": 1.23, "Plan Rows": 1, "Plan Width": 0, "Actual Min Startup Time": 0.417, "Actual Max Startup Time": 0.417, "Actual Min Total Time": 0.417, "Actual Max Total Time": 0.417, "Index Cond": "(id = mc.company_id)", "Actual Rows": 171}], "Actual Rows": 171}], "Actual Rows": 171}, {"Node Type": "Bitmap Heap Scan", "Parent Relationship": "Inner", "Relation Name": "name", "Alias": "n", "Startup Cost": 0.33, "Total Cost": 4.34, "Plan Rows": 1, "Plan Width": 4, "Actual Min Startup Time": 0.933, "Actual Max Startup Time": 0.933, "Actual Min Total Time": 0.933, "Actual Max Total Time": 0.933, "Recheck Cond": "(id = an.person_id)", "Rows Removed by Index Recheck": 0, "Filter": "(((name)::text ~~ '%Yo%'::text) AND ((name)::text !~~ '%Yu%'::text))", "Rows Removed by Filter": 165, "Exact Heap Blocks": 171, "Lossy Heap Blocks": 171, "Plans": [{"Node Type": "Bitmap Index Scan", "Parent Relationship": "Outer", "Index Name": "name_pkey", "Startup Cost": 0.0, "Total Cost": 0.33, "Plan Rows": 1, "Plan Width": 0, "Actual Min Startup Time": 0.539, "Actual Max Startup Time": 0.539, "Actual Min Total Time": 0.539, "Actual Max Total Time": 0.539, "Index Cond": "(id = an.person_id)", "Actual Rows": 171}], "Actual Rows": 6}], "Actual Rows": 6}, {"Node Type": "Seq Scan", "Parent Relationship": "Inner", "Relation Name": "role_type", "Alias": "rt", "Startup Cost": 0.0, "Total Cost": 1.15, "Plan Rows": 1, "Plan Width": 4, "Actual Min Startup Time": 0.038, "Actual Max Startup Time": 0.038, "Actual Min Total Time": 0.038, "Actual Max Total Time": 0.038, "Filter": "((role)::text = 'actress'::text)", "Rows Removed by Filter": 6, "Actual Rows": 6}], "Actual Rows": 6}], "Actual Rows": 1}, "Triggers": [], "Planner Runtime": 46.031, "Total Runtime": 87.116, "Unique SQL Id": 3956435728}}, "(16, '23')": {"explain_plan": {"Plan": {"Node Type": "Aggregate", "Strategy": "Plain", "Startup Cost": 108949.86, "Total Cost": 108949.87, "Plan Rows": 1, "Plan Width": 97, "Plans": [{"Node Type": "Nested Loop", "Parent Relationship": "Outer", "Join Type": "Inner", "Startup Cost": 2793.35, "Total Cost": 108949.85, "Plan Rows": 1, "Plan Width": 33, "Inner Unique": true, "Plans": [{"Node Type": "Nested Loop", "Parent Relationship": "Outer", "Join Type": "Inner", "Startup Cost": 2793.09, "Total Cost": 108945.57, "Plan Rows": 1, "Plan Width": 37, "Inner Unique": true, "Plans": [{"Node Type": "Nested Loop", "Parent Relationship": "Outer", "Join Type": "Inner", "Startup Cost": 2792.76, "Total Cost": 108941.22, "Plan Rows": 1, "Plan Width": 45, "Inner Unique": false, "Plans": [{"Node Type": "Nested Loop", "Parent Relationship": "Outer", "Join Type": "Inner", "Startup Cost": 2792.38, "Total Cost": 108936.81, "Plan Rows": 1, "Plan Width": 25, "Inner Unique": false, "Join Filter": "(t.id = ci.movie_id)", "Plans": [{"Node Type": "Nested Loop", "Parent Relationship": "Outer", "Join Type": "Inner", "Startup Cost": 2788.11, "Total Cost": 108880.24, "Plan Rows": 2, "Plan Width": 25, "Inner Unique": true, "Plans": [{"Node Type": "Nested Loop", "Parent Relationship": "Outer", "Join Type": "Inner", "Startup Cost": 2784.18, "Total Cost": 106793.84, "Plan Rows": 262, "Plan Width": 4, "Inner Unique": false, "Plans": [{"Node Type": "Bitmap Heap Scan", "Parent Relationship": "Outer", "Relation Name": "company_name", "Alias": "cn", "Startup Cost": 2780.8, "Total Cost": 8684.25, "Plan Rows": 6290, "Plan Width": 4, "Filter": "((country_code)::text = '[jp]'::text)", "Plans": [{"Node Type": "Bitmap Index Scan", "Parent Relationship": "Outer", "Index Name": "company_name_pkey", "Startup Cost": 0.0, "Total Cost": 2779.23, "Plan Rows": 234996, "Plan Width": 0}]}, {"Node Type": "Bitmap Heap Scan", "Parent Relationship": "Inner", "Relation Name": "movie_companies", "Alias": "mc", "Startup Cost": 3.37, "Total Cost": 15.59, "Plan Rows": 1, "Plan Width": 8, "Recheck Cond": "(company_id = cn.id)", "Filter": "(((note)::text ~~ '%(Japan)%'::text) AND ((note)::text !~~ '%(USA)%'::text) AND (((note)::text ~~ '%(2006)%'::text) OR ((note)::text ~~ '%(2007)%'::text)))", "Plans": [{"Node Type": "Bitmap Index Scan", "Parent Relationship": "Outer", "Index Name": "company_id_movie_companies", "Startup Cost": 0.0, "Total Cost": 3.37, "Plan Rows": 15, "Plan Width": 0, "Index Cond": "(company_id = cn.id)"}]}]}, {"Node Type": "Bitmap Heap Scan", "Parent Relationship": "Inner", "Relation Name": "title", "Alias": "t", "Startup Cost": 3.93, "Total Cost": 7.95, "Plan Rows": 1, "Plan Width": 21, "Recheck Cond": "(id = mc.movie_id)", "Filter": "((production_year >= 2006) AND (production_year <= 2007) AND (((title)::text ~~ 'One Piece%'::text) OR ((title)::text ~~ 'Dragon Ball Z%'::text)))", "Plans": [{"Node Type": "Bitmap Index Scan", "Parent Relationship": "Outer", "Index Name": "title_pkey", "Startup Cost": 0.0, "Total Cost": 3.93, "Plan Rows": 1, "Plan Width": 0, "Index Cond": "(id = mc.movie_id)"}]}]}, {"Node Type": "Bitmap Heap Scan", "Parent Relationship": "Inner", "Relation Name": "cast_info", "Alias": "ci", "Startup Cost": 4.27, "Total Cost": 28.27, "Plan Rows": 1, "Plan Width": 12, "Recheck Cond": "(movie_id = mc.movie_id)", "Filter": "((note)::text = '(voice: English version)'::text)", "Plans": [{"Node Type": "Bitmap Index Scan", "Parent Relationship": "Outer", "Index Name": "movie_id_cast_info", "Startup Cost": 0.0, "Total Cost": 4.27, "Plan Rows": 6, "Plan Width": 0, "Index Cond": "(movie_id = mc.movie_id)"}]}]}, {"Node Type": "Bitmap Heap Scan", "Parent Relationship": "Inner", "Relation Name": "aka_name", "Alias": "an", "Startup Cost": 0.38, "Total Cost": 4.39, "Plan Rows": 1, "Plan Width": 20, "Recheck Cond": "(person_id = ci.person_id)", "Plans": [{"Node Type": "Bitmap Index Scan", "Parent Relationship": "Outer", "Index Name": "person_id_aka_name", "Startup Cost": 0.0, "Total Cost": 0.38, "Plan Rows": 1, "Plan Width": 0, "Index Cond": "(person_id = ci.person_id)"}]}]}, {"Node Type": "Bitmap Heap Scan", "Parent Relationship": "Inner", "Relation Name": "name", "Alias": "n", "Startup Cost": 0.33, "Total Cost": 4.34, "Plan Rows": 1, "Plan Width": 4, "Recheck Cond": "(id = an.person_id)", "Filter": "(((name)::text ~~ '%Yo%'::text) AND ((name)::text !~~ '%Yu%'::text))", "Plans": [{"Node Type": "Bitmap Index Scan", "Parent Relationship": "Outer", "Index Name": "name_pkey", "Startup Cost": 0.0, "Total Cost": 0.33, "Plan Rows": 1, "Plan Width": 0, "Index Cond": "(id = an.person_id)"}]}]}, {"Node Type": "Bitmap Heap Scan", "Parent Relationship": "Inner", "Relation Name": "role_type", "Alias": "rt", "Startup Cost": 0.26, "Total Cost": 4.27, "Plan Rows": 1, "Plan Width": 4, "Recheck Cond": "(id = ci.role_id)", "Filter": "((role)::text = 'actress'::text)", "Plans": [{"Node Type": "Bitmap Index Scan", "Parent Relationship": "Outer", "Index Name": "role_type_pkey", "Startup Cost": 0.0, "Total Cost": 0.26, "Plan Rows": 1, "Plan Width": 0, "Index Cond": "(id = ci.role_id)"}]}]}]}, "Unique SQL Id": 3956435728, "Planner Runtime": 27}, "explain_analyze_plan": null}, "(16, '24')": {"explain_plan": {"Plan": {"Node Type": "Aggregate", "Strategy": "Plain", "Startup Cost": 20891.31, "Total Cost": 20891.32, "Plan Rows": 1, "Plan Width": 97, "Plans": [{"Node Type": "Nested Loop", "Parent Relationship": "Outer", "Join Type": "Inner", "Startup Cost": 1069.17, "Total Cost": 20891.3, "Plan Rows": 1, "Plan Width": 33, "Inner Unique": true, "Plans": [{"Node Type": "Nested Loop", "Parent Relationship": "Outer", "Join Type": "Inner", "Startup Cost": 1069.17, "Total Cost": 20891.02, "Plan Rows": 1, "Plan Width": 37, "Inner Unique": true, "Plans": [{"Node Type": "Nested Loop", "Parent Relationship": "Outer", "Join Type": "Inner", "Startup Cost": 1069.17, "Total Cost": 20890.44, "Plan Rows": 1, "Plan Width": 45, "Inner Unique": true, "Plans": [{"Node Type": "Nested Loop", "Parent Relationship": "Outer", "Join Type": "Inner", "Startup Cost": 1069.17, "Total Cost": 20886.05, "Plan Rows": 1, "Plan Width": 49, "Inner Unique": false, "Plans": [{"Node Type": "Nested Loop", "Parent Relationship": "Outer", "Join Type": "Inner", "Startup Cost": 1069.17, "Total Cost": 20885.2, "Plan Rows": 1, "Plan Width": 29, "Inner Unique": false, "Join Filter": "(t.id = ci.movie_id)", "Plans": [{"Node Type": "Nested Loop", "Parent Relationship": "Outer", "Join Type": "Inner", "Startup Cost": 1069.17, "Total Cost": 20829.42, "Plan Rows": 2, "Plan Width": 29, "Inner Unique": false, "Plans": [{"Node Type": "Streaming(type: LOCAL GATHER dop: 1/16)", "Parent Relationship": "Outer", "Startup Cost": 1069.17, "Total Cost": 20335.44, "Plan Rows": 43, "Plan Width": 21, "Plans": [{"Node Type": "Seq Scan", "Parent Relationship": "Outer", "Relation Name": "title", "Alias": "t", "Startup Cost": 1069.17, "Total Cost": 20334.51, "Plan Rows": 43, "Plan Width": 21, "Filter": "((production_year >= 2006) AND (production_year <= 2007) AND (((title)::text ~~ 'One Piece%'::text) OR ((title)::text ~~ 'Dragon Ball Z%'::text)))"}]}, {"Node Type": "Index Scan", "Parent Relationship": "Inner", "Scan Direction": "Forward", "Index Name": "movie_id_movie_companies", "Relation Name": "movie_companies", "Alias": "mc", "Startup Cost": 0.0, "Total Cost": 11.48, "Plan Rows": 1, "Plan Width": 8, "Index Cond": "(movie_id = t.id)", "Filter": "(((note)::text ~~ '%(Japan)%'::text) AND ((note)::text !~~ '%(USA)%'::text) AND (((note)::text ~~ '%(2006)%'::text) OR ((note)::text ~~ '%(2007)%'::text)))"}]}, {"Node Type": "Index Scan", "Parent Relationship": "Inner", "Scan Direction": "Forward", "Index Name": "movie_id_cast_info", "Relation Name": "cast_info", "Alias": "ci", "Startup Cost": 0.0, "Total Cost": 27.88, "Plan Rows": 1, "Plan Width": 12, "Index Cond": "(movie_id = mc.movie_id)", "Filter": "((note)::text = '(voice: English version)'::text)"}]}, {"Node Type": "Index Scan", "Parent Relationship": "Inner", "Scan Direction": "Forward", "Index Name": "person_id_aka_name", "Relation Name": "aka_name", "Alias": "an", "Startup Cost": 0.0, "Total Cost": 0.84, "Plan Rows": 1, "Plan Width": 20, "Index Cond": "(person_id = ci.person_id)"}]}, {"Node Type": "Index Scan", "Parent Relationship": "Inner", "Scan Direction": "Forward", "Index Name": "company_name_pkey", "Relation Name": "company_name", "Alias": "cn", "Startup Cost": 0.0, "Total Cost": 4.37, "Plan Rows": 1, "Plan Width": 4, "Index Cond": "(id = mc.company_id)", "Filter": "((country_code)::text = '[jp]'::text)"}]}, {"Node Type": "Index Scan", "Parent Relationship": "Inner", "Scan Direction": "Forward", "Index Name": "name_pkey", "Relation Name": "name", "Alias": "n", "Startup Cost": 0.0, "Total Cost": 0.57, "Plan Rows": 1, "Plan Width": 4, "Index Cond": "(id = an.person_id)", "Filter": "(((name)::text ~~ '%Yo%'::text) AND ((name)::text !~~ '%Yu%'::text))"}]}, {"Node Type": "Index Scan", "Parent Relationship": "Inner", "Scan Direction": "Forward", "Index Name": "role_type_pkey", "Relation Name": "role_type", "Alias": "rt", "Startup Cost": 0.0, "Total Cost": 0.27, "Plan Rows": 1, "Plan Width": 4, "Index Cond": "(id = ci.role_id)", "Filter": "((role)::text = 'actress'::text)"}]}]}, "Unique SQL Id": 3956435728, "Planner Runtime": 21}, "explain_analyze_plan": {"Plan": {"Node Type": "Aggregate", "Strategy": "Plain", "Startup Cost": 20891.31, "Total Cost": 20891.32, "Plan Rows": 1, "Plan Width": 97, "Actual Min Startup Time": 82.24, "Actual Max Startup Time": 82.24, "Actual Min Total Time": 82.24, "Actual Max Total Time": 82.24, "Plans": [{"Node Type": "Nested Loop", "Parent Relationship": "Outer", "Join Type": "Inner", "Startup Cost": 1069.17, "Total Cost": 20891.3, "Plan Rows": 1, "Plan Width": 33, "Actual Min Startup Time": 79.771, "Actual Max Startup Time": 79.771, "Actual Min Total Time": 82.203, "Actual Max Total Time": 82.203, "Inner Unique": true, "Plans": [{"Node Type": "Nested Loop", "Parent Relationship": "Outer", "Join Type": "Inner", "Startup Cost": 1069.17, "Total Cost": 20891.02, "Plan Rows": 1, "Plan Width": 37, "Actual Min Startup Time": 79.76, "Actual Max Startup Time": 79.76, "Actual Min Total Time": 82.178, "Actual Max Total Time": 82.178, "Inner Unique": true, "Plans": [{"Node Type": "Nested Loop", "Parent Relationship": "Outer", "Join Type": "Inner", "Startup Cost": 1069.17, "Total Cost": 20890.44, "Plan Rows": 1, "Plan Width": 45, "Actual Min Startup Time": 78.621, "Actual Max Startup Time": 78.621, "Actual Min Total Time": 81.338, "Actual Max Total Time": 81.338, "Inner Unique": true, "Plans": [{"Node Type": "Nested Loop", "Parent Relationship": "Outer", "Join Type": "Inner", "Startup Cost": 1069.17, "Total Cost": 20886.05, "Plan Rows": 1, "Plan Width": 49, "Actual Min Startup Time": 78.603, "Actual Max Startup Time": 78.603, "Actual Min Total Time": 80.695, "Actual Max Total Time": 80.695, "Inner Unique": false, "Plans": [{"Node Type": "Nested Loop", "Parent Relationship": "Outer", "Join Type": "Inner", "Startup Cost": 1069.17, "Total Cost": 20885.2, "Plan Rows": 1, "Plan Width": 29, "Actual Min Startup Time": 78.587, "Actual Max Startup Time": 78.587, "Actual Min Total Time": 79.943, "Actual Max Total Time": 79.943, "Inner Unique": false, "Join Filter": "(t.id = ci.movie_id)", "Rows Removed by Join Filter": 0, "Plans": [{"Node Type": "Nested Loop", "Parent Relationship": "Outer", "Join Type": "Inner", "Startup Cost": 1069.17, "Total Cost": 20829.42, "Plan Rows": 2, "Plan Width": 29, "Actual Min Startup Time": 78.48, "Actual Max Startup Time": 78.48, "Actual Min Total Time": 79.571, "Actual Max Total Time": 79.571, "Inner Unique": false, "Plans": [{"Node Type": "Streaming(type: LOCAL GATHER dop: 1/16)", "Parent Relationship": "Outer", "Startup Cost": 1069.17, "Total Cost": 20335.44, "Plan Rows": 43, "Plan Width": 21, "Actual Min Startup Time": 78.374, "Actual Max Startup Time": 78.374, "Actual Min Total Time": 79.397, "Actual Max Total Time": 79.397, "Plans": [{"Node Type": "Seq Scan", "Parent Relationship": "Outer", "Relation Name": "title", "Alias": "t", "Startup Cost": 1069.17, "Total Cost": 20334.51, "Plan Rows": 43, "Plan Width": 21, "Actual Min Startup Time": 48.113, "Actual Max Startup Time": 65.731, "Actual Min Total Time": 62.348, "Actual Max Total Time": 65.731, "Filter": "((production_year >= 2006) AND (production_year <= 2007) AND (((title)::text ~~ 'One Piece%'::text) OR ((title)::text ~~ 'Dragon Ball Z%'::text)))", "Rows Removed by Filter": 2528304, "Actual Rows": 7}], "Actual Rows": 7}, {"Node Type": "Index Scan", "Parent Relationship": "Inner", "Scan Direction": "Forward", "Index Name": "movie_id_movie_companies", "Relation Name": "movie_companies", "Alias": "mc", "Startup Cost": 0.0, "Total Cost": 11.48, "Plan Rows": 1, "Plan Width": 8, "Actual Min Startup Time": 0.139, "Actual Max Startup Time": 0.139, "Actual Min Total Time": 0.148, "Actual Max Total Time": 0.148, "Index Cond": "(movie_id = t.id)", "Rows Removed by Index Recheck": 0, "Filter": "(((note)::text ~~ '%(Japan)%'::text) AND ((note)::text !~~ '%(USA)%'::text) AND (((note)::text ~~ '%(2006)%'::text) OR ((note)::text ~~ '%(2007)%'::text)))", "Rows Removed by Filter": 13, "Actual Rows": 4}], "Actual Rows": 4}, {"Node Type": "Index Scan", "Parent Relationship": "Inner", "Scan Direction": "Forward", "Index Name": "movie_id_cast_info", "Relation Name": "cast_info", "Alias": "ci", "Startup Cost": 0.0, "Total Cost": 27.88, "Plan Rows": 1, "Plan Width": 12, "Actual Min Startup Time": 0.106, "Actual Max Startup Time": 0.106, "Actual Min Total Time": 0.331, "Actual Max Total Time": 0.331, "Index Cond": "(movie_id = mc.movie_id)", "Rows Removed by Index Recheck": 0, "Filter": "((note)::text = '(voice: English version)'::text)", "Rows Removed by Filter": 68, "Actual Rows": 104}], "Actual Rows": 104}, {"Node Type": "Index Scan", "Parent Relationship": "Inner", "Scan Direction": "Forward", "Index Name": "person_id_aka_name", "Relation Name": "aka_name", "Alias": "an", "Startup Cost": 0.0, "Total Cost": 0.84, "Plan Rows": 1, "Plan Width": 20, "Actual Min Startup Time": 0.52, "Actual Max Startup Time": 0.52, "Actual Min Total Time": 0.636, "Actual Max Total Time": 0.636, "Index Cond": "(person_id = ci.person_id)", "Rows Removed by Index Recheck": 0, "Actual Rows": 171}], "Actual Rows": 171}, {"Node Type": "Index Scan", "Parent Relationship": "Inner", "Scan Direction": "Forward", "Index Name": "company_name_pkey", "Relation Name": "company_name", "Alias": "cn", "Startup Cost": 0.0, "Total Cost": 4.37, "Plan Rows": 1, "Plan Width": 4, "Actual Min Startup Time": 0.51, "Actual Max Startup Time": 0.51, "Actual Min Total Time": 0.51, "Actual Max Total Time": 0.51, "Index Cond": "(id = mc.company_id)", "Rows Removed by Index Recheck": 0, "Filter": "((country_code)::text = '[jp]'::text)", "Rows Removed by Filter": 0, "Actual Rows": 171}], "Actual Rows": 171}, {"Node Type": "Index Scan", "Parent Relationship": "Inner", "Scan Direction": "Forward", "Index Name": "name_pkey", "Relation Name": "name", "Alias": "n", "Startup Cost": 0.0, "Total Cost": 0.57, "Plan Rows": 1, "Plan Width": 4, "Actual Min Startup Time": 0.745, "Actual Max Startup Time": 0.745, "Actual Min Total Time": 0.745, "Actual Max Total Time": 0.745, "Index Cond": "(id = an.person_id)", "Rows Removed by Index Recheck": 0, "Filter": "(((name)::text ~~ '%Yo%'::text) AND ((name)::text !~~ '%Yu%'::text))", "Rows Removed by Filter": 165, "Actual Rows": 6}], "Actual Rows": 6}, {"Node Type": "Index Scan", "Parent Relationship": "Inner", "Scan Direction": "Forward", "Index Name": "role_type_pkey", "Relation Name": "role_type", "Alias": "rt", "Startup Cost": 0.0, "Total Cost": 0.27, "Plan Rows": 1, "Plan Width": 4, "Actual Min Startup Time": 0.018, "Actual Max Startup Time": 0.018, "Actual Min Total Time": 0.018, "Actual Max Total Time": 0.018, "Index Cond": "(id = ci.role_id)", "Rows Removed by Index Recheck": 0, "Filter": "((role)::text = 'actress'::text)", "Rows Removed by Filter": 0, "Actual Rows": 6}], "Actual Rows": 6}], "Actual Rows": 1}, "Triggers": [], "Planner Runtime": 30.568, "Total Runtime": 84.938, "Unique SQL Id": 3956435728}}, "(16, '25')": {"explain_plan": {"Plan": {"Node Type": "Aggregate", "Strategy": "Plain", "Startup Cost": 84111.26, "Total Cost": 84111.27, "Plan Rows": 1, "Plan Width": 97, "Plans": [{"Node Type": "Nested Loop", "Parent Relationship": "Outer", "Join Type": "Inner", "Startup Cost": 0.0, "Total Cost": 84111.26, "Plan Rows": 1, "Plan Width": 33, "Inner Unique": true, "Plans": [{"Node Type": "Nested Loop", "Parent Relationship": "Outer", "Join Type": "Inner", "Startup Cost": 0.0, "Total Cost": 84110.97, "Plan Rows": 1, "Plan Width": 37, "Inner Unique": true, "Plans": [{"Node Type": "Nested Loop", "Parent Relationship": "Outer", "Join Type": "Inner", "Startup Cost": 0.0, "Total Cost": 84110.39, "Plan Rows": 1, "Plan Width": 45, "Inner Unique": false, "Plans": [{"Node Type": "Nested Loop", "Parent Relationship": "Outer", "Join Type": "Inner", "Startup Cost": 0.0, "Total Cost": 84109.54, "Plan Rows": 1, "Plan Width": 25, "Inner Unique": false, "Join Filter": "(t.id = ci.movie_id)", "Plans": [{"Node Type": "Nested Loop", "Parent Relationship": "Outer", "Join Type": "Inner", "Startup Cost": 0.0, "Total Cost": 84053.76, "Plan Rows": 2, "Plan Width": 25, "Inner Unique": true, "Plans": [{"Node Type": "Nested Loop", "Parent Relationship": "Outer", "Join Type": "Inner", "Startup Cost": 0.0, "Total Cost": 81991.53, "Plan Rows": 262, "Plan Width": 4, "Inner Unique": false, "Plans": [{"Node Type": "Index Scan", "Parent Relationship": "Outer", "Scan Direction": "Forward", "Index Name": "company_name_pkey", "Relation Name": "company_name", "Alias": "cn", "Startup Cost": 0.0, "Total Cost": 10501.39, "Plan Rows": 6290, "Plan Width": 4, "Filter": "((country_code)::text = '[jp]'::text)"}, {"Node Type": "Index Scan", "Parent Relationship": "Inner", "Scan Direction": "Forward", "Index Name": "company_id_movie_companies", "Relation Name": "movie_companies", "Alias": "mc", "Startup Cost": 0.0, "Total Cost": 11.36, "Plan Rows": 1, "Plan Width": 8, "Index Cond": "(company_id = cn.id)", "Filter": "(((note)::text ~~ '%(Japan)%'::text) AND ((note)::text !~~ '%(USA)%'::text) AND (((note)::text ~~ '%(2006)%'::text) OR ((note)::text ~~ '%(2007)%'::text)))"}]}, {"Node Type": "Index Scan", "Parent Relationship": "Inner", "Scan Direction": "Forward", "Index Name": "title_pkey", "Relation Name": "title", "Alias": "t", "Startup Cost": 0.0, "Total Cost": 7.86, "Plan Rows": 1, "Plan Width": 21, "Index Cond": "(id = mc.movie_id)", "Filter": "((production_year >= 2006) AND (production_year <= 2007) AND (((title)::text ~~ 'One Piece%'::text) OR ((title)::text ~~ 'Dragon Ball Z%'::text)))"}]}, {"Node Type": "Index Scan", "Parent Relationship": "Inner", "Scan Direction": "Forward", "Index Name": "movie_id_cast_info", "Relation Name": "cast_info", "Alias": "ci", "Startup Cost": 0.0, "Total Cost": 27.88, "Plan Rows": 1, "Plan Width": 12, "Index Cond": "(movie_id = mc.movie_id)", "Filter": "((note)::text = '(voice: English version)'::text)"}]}, {"Node Type": "Index Scan", "Parent Relationship": "Inner", "Scan Direction": "Forward", "Index Name": "person_id_aka_name", "Relation Name": "aka_name", "Alias": "an", "Startup Cost": 0.0, "Total Cost": 0.84, "Plan Rows": 1, "Plan Width": 20, "Index Cond": "(person_id = ci.person_id)"}]}, {"Node Type": "Index Scan", "Parent Relationship": "Inner", "Scan Direction": "Forward", "Index Name": "name_pkey", "Relation Name": "name", "Alias": "n", "Startup Cost": 0.0, "Total Cost": 0.57, "Plan Rows": 1, "Plan Width": 4, "Index Cond": "(id = an.person_id)", "Filter": "(((name)::text ~~ '%Yo%'::text) AND ((name)::text !~~ '%Yu%'::text))"}]}, {"Node Type": "Index Scan", "Parent Relationship": "Inner", "Scan Direction": "Forward", "Index Name": "role_type_pkey", "Relation Name": "role_type", "Alias": "rt", "Startup Cost": 0.0, "Total Cost": 0.27, "Plan Rows": 1, "Plan Width": 4, "Index Cond": "(id = ci.role_id)", "Filter": "((role)::text = 'actress'::text)"}]}]}, "Unique SQL Id": 3956435728, "Planner Runtime": 24}, "explain_analyze_plan": null}, "(16, '26')": {"explain_plan": {"Plan": {"Node Type": "Aggregate", "Strategy": "Plain", "Startup Cost": 163047.73, "Total Cost": 163047.76, "Plan Rows": 1, "Plan Width": 97, "Plans": [{"Node Type": "Streaming(type: LOCAL GATHER dop: 1/16)", "Parent Relationship": "Outer", "Startup Cost": 163047.73, "Total Cost": 163047.76, "Plan Rows": 1, "Plan Width": 97, "Plans": [{"Node Type": "Aggregate", "Strategy": "Plain", "Parent Relationship": "Outer", "Startup Cost": 163047.73, "Total Cost": 163047.74, "Plan Rows": 1, "Plan Width": 97, "Plans": [{"Node Type": "Nested Loop", "Parent Relationship": "Outer", "Join Type": "Inner", "Startup Cost": 1069.17, "Total Cost": 163047.73, "Plan Rows": 1, "Plan Width": 33, "Inner Unique": false, "Join Filter": "(n.id = an.person_id)", "Plans": [{"Node Type": "Streaming(type: BROADCAST dop: 16/1)", "Parent Relationship": "Outer", "Startup Cost": 1069.17, "Total Cost": 146099.28, "Plan Rows": 16, "Plan Width": 25, "Plans": [{"Node Type": "Nested Loop", "Parent Relationship": "Outer", "Join Type": "Inner", "Startup Cost": 1069.17, "Total Cost": 131098.93, "Plan Rows": 1, "Plan Width": 25, "Inner Unique": true, "Join Filter": "(ci.person_id = n.id)", "Plans": [{"Node Type": "Nested Loop", "Parent Relationship": "Outer", "Join Type": "Inner", "Startup Cost": 1069.17, "Total Cost": 108506.33, "Plan Rows": 1, "Plan Width": 21, "Inner Unique": true, "Join Filter": "(mc.company_id = cn.id)", "Plans": [{"Node Type": "Nested Loop", "Parent Relationship": "Outer", "Join Type": "Inner", "Startup Cost": 1069.17, "Total Cost": 102524.26, "Plan Rows": 1, "Plan Width": 25, "Inner Unique": false, "Join Filter": "(ci.movie_id = t.id)", "Plans": [{"Node Type": "Nested Loop", "Parent Relationship": "Outer", "Join Type": "Inner", "Startup Cost": 0.0, "Total Cost": 61579.53, "Plan Rows": 8790, "Plan Width": 8, "Inner Unique": false, "Join Filter": "(ci.role_id = rt.id)", "Plans": [{"Node Type": "Seq Scan", "Parent Relationship": "Outer", "Relation Name": "role_type", "Alias": "rt", "Startup Cost": 0.0, "Total Cost": 1.15, "Plan Rows": 1, "Plan Width": 4, "Filter": "((role)::text = 'actress'::text)"}, {"Node Type": "Materialize", "Parent Relationship": "Inner", "Startup Cost": 0.0, "Total Cost": 60611.46, "Plan Rows": 96692, "Plan Width": 12, "Plans": [{"Node Type": "Streaming(type: LOCAL GATHER dop: 1/16)", "Parent Relationship": "Outer", "Startup Cost": 0.0, "Total Cost": 60369.73, "Plan Rows": 96692, "Plan Width": 12, "Plans": [{"Node Type": "Seq Scan", "Parent Relationship": "Outer", "Relation Name": "cast_info", "Alias": "ci", "Startup Cost": 0.0, "Total Cost": 58282.92, "Plan Rows": 96692, "Plan Width": 12, "Filter": "((note)::text = '(voice: English version)'::text)"}]}]}]}, {"Node Type": "Materialize", "Parent Relationship": "Inner", "Startup Cost": 1069.17, "Total Cost": 40681.04, "Plan Rows": 2, "Plan Width": 29, "Plans": [{"Node Type": "Nested Loop", "Parent Relationship": "Outer", "Join Type": "Inner", "Startup Cost": 1069.17, "Total Cost": 40681.03, "Plan Rows": 2, "Plan Width": 29, "Inner Unique": true, "Join Filter": "(mc.movie_id = t.id)", "Plans": [{"Node Type": "Streaming(type: LOCAL GATHER dop: 1/16)", "Parent Relationship": "Outer", "Startup Cost": 0.0, "Total Cost": 19279.94, "Plan Rows": 1652, "Plan Width": 8, "Plans": [{"Node Type": "Seq Scan", "Parent Relationship": "Outer", "Relation Name": "movie_companies", "Alias": "mc", "Startup Cost": 0.0, "Total Cost": 19244.28, "Plan Rows": 1652, "Plan Width": 8, "Filter": "(((note)::text ~~ '%(Japan)%'::text) AND ((note)::text !~~ '%(USA)%'::text) AND (((note)::text ~~ '%(2006)%'::text) OR ((note)::text ~~ '%(2007)%'::text)))"}]}, {"Node Type": "Materialize", "Parent Relationship": "Inner", "Startup Cost": 1069.17, "Total Cost": 20335.66, "Plan Rows": 43, "Plan Width": 21, "Plans": [{"Node Type": "Streaming(type: LOCAL GATHER dop: 1/16)", "Parent Relationship": "Outer", "Startup Cost": 1069.17, "Total Cost": 20335.44, "Plan Rows": 43, "Plan Width": 21, "Plans": [{"Node Type": "Seq Scan", "Parent Relationship": "Outer", "Relation Name": "title", "Alias": "t", "Startup Cost": 1069.17, "Total Cost": 20334.51, "Plan Rows": 43, "Plan Width": 21, "Filter": "((production_year >= 2006) AND (production_year <= 2007) AND (((title)::text ~~ 'One Piece%'::text) OR ((title)::text ~~ 'Dragon Ball Z%'::text)))"}]}]}]}]}]}, {"Node Type": "Seq Scan", "Parent Relationship": "Inner", "Relation Name": "company_name", "Alias": "cn", "Startup Cost": 0.0, "Total Cost": 5903.45, "Plan Rows": 6290, "Plan Width": 4, "Filter": "((country_code)::text = '[jp]'::text)"}]}, {"Node Type": "Materialize", "Parent Relationship": "Inner", "Startup Cost": 0.0, "Total Cost": 22453.74, "Plan Rows": 13886, "Plan Width": 4, "Plans": [{"Node Type": "Streaming(type: LOCAL GATHER dop: 1/16)", "Parent Relationship": "Outer", "Startup Cost": 0.0, "Total Cost": 22419.02, "Plan Rows": 13886, "Plan Width": 4, "Plans": [{"Node Type": "Seq Scan", "Parent Relationship": "Outer", "Relation Name": "name", "Alias": "n", "Startup Cost": 0.0, "Total Cost": 22119.33, "Plan Rows": 13886, "Plan Width": 4, "Filter": "(((name)::text ~~ '%Yo%'::text) AND ((name)::text !~~ '%Yu%'::text))"}]}]}]}]}, {"Node Type": "Seq Scan", "Parent Relationship": "Inner", "Relation Name": "aka_name", "Alias": "an", "Startup Cost": 0.0, "Total Cost": 16244.28, "Plan Rows": 901342, "Plan Width": 20}]}]}]}]}, "Unique SQL Id": 3956435728, "Planner Runtime": 22}, "explain_analyze_plan": null}, "(16, '27')": {"explain_plan": {"Plan": {"Node Type": "Aggregate", "Strategy": "Plain", "Startup Cost": 6721937474272.79, "Total Cost": 6721937474272.8, "Plan Rows": 1, "Plan Width": 97, "Plans": [{"Node Type": "Nested Loop", "Parent Relationship": "Outer", "Join Type": "Inner", "Startup Cost": 70051235465.84, "Total Cost": 6721937474272.78, "Plan Rows": 1, "Plan Width": 33, "Inner Unique": true, "Join Filter": "(ci.role_id = rt.id)", "Plans": [{"Node Type": "Nested Loop", "Parent Relationship": "Outer", "Join Type": "Inner", "Startup Cost": 60051235465.84, "Total Cost": 5721937473026.77, "Plan Rows": 1, "Plan Width": 37, "Inner Unique": true, "Plans": [{"Node Type": "Nested Loop", "Parent Relationship": "Outer", "Join Type": "Inner", "Startup Cost": 50051235465.84, "Total Cost": 4721937472589.34, "Plan Rows": 1, "Plan Width": 41, "Inner Unique": false, "Join Filter": "(t.id = ci.movie_id)", "Plans": [{"Node Type": "Nested Loop", "Parent Relationship": "Outer", "Join Type": "Inner", "Startup Cost": 20000000000.0, "Total Cost": 2000028517903.54, "Plan Rows": 2, "Plan Width": 29, "Inner Unique": true, "Join Filter": "(mc.movie_id = t.id)", "Plans": [{"Node Type": "Index Scan", "Parent Relationship": "Outer", "Scan Direction": "Forward", "Index Name": "company_id_movie_companies", "Relation Name": "movie_companies", "Alias": "mc", "Startup Cost": 10000000000.0, "Total Cost": 1000014976477.98, "Plan Rows": 1652, "Plan Width": 8, "Filter": "(((note)::text ~~ '%(Japan)%'::text) AND ((note)::text !~~ '%(USA)%'::text) AND (((note)::text ~~ '%(2006)%'::text) OR ((note)::text ~~ '%(2007)%'::text)))"}, {"Node Type": "Materialize", "Parent Relationship": "Inner", "Startup Cost": 10000000000.0, "Total Cost": 1000013540360.13, "Plan Rows": 43, "Plan Width": 21, "Plans": [{"Node Type": "Index Scan", "Parent Relationship": "Outer", "Scan Direction": "Forward", "Index Name": "title_pkey", "Relation Name": "title", "Alias": "t", "Startup Cost": 10000000000.0, "Total Cost": 1000013540359.91, "Plan Rows": 43, "Plan Width": 21, "Filter": "((production_year >= 2006) AND (production_year <= 2007) AND (((title)::text ~~ 'One Piece%'::text) OR ((title)::text ~~ 'Dragon Ball Z%'::text)))"}]}]}, {"Node Type": "Materialize", "Parent Relationship": "Inner", "Startup Cost": 30051235465.84, "Total Cost": 2721908954213.87, "Plan Rows": 17161, "Plan Width": 24, "Plans": [{"Node Type": "Merge Join", "Parent Relationship": "Outer", "Join Type": "Inner", "Startup Cost": 30051235465.84, "Total Cost": 2721908954128.06, "Plan Rows": 17161, "Plan Width": 24, "Inner Unique": false, "Merge Cond": "(an.person_id = ci.person_id)", "Plans": [{"Node Type": "Merge Join", "Parent Relationship": "Outer", "Join Type": "Inner", "Startup Cost": 20030754356.47, "Total Cost": 2000026606025.89, "Plan Rows": 16627, "Plan Width": 24, "Inner Unique": true, "Merge Cond": "(an.person_id = n.id)", "Plans": [{"Node Type": "Index Scan", "Parent Relationship": "Outer", "Scan Direction": "Forward", "Index Name": "person_id_aka_name", "Relation Name": "aka_name", "Alias": "an", "Startup Cost": 10000000000.0, "Total Cost": 1000006896503.43, "Plan Rows": 901342, "Plan Width": 20}, {"Node Type": "Materialize", "Parent Relationship": "Inner", "Startup Cost": 10000000000.0, "Total Cost": 1000019707054.42, "Plan Rows": 13886, "Plan Width": 4, "Plans": [{"Node Type": "Index Scan", "Parent Relationship": "Outer", "Scan Direction": "Forward", "Index Name": "name_pkey", "Relation Name": "name", "Alias": "n", "Startup Cost": 10000000000.0, "Total Cost": 1000019707019.7, "Plan Rows": 13886, "Plan Width": 4, "Filter": "(((name)::text ~~ '%Yo%'::text) AND ((name)::text !~~ '%Yu%'::text))"}]}]}, {"Node Type": "Index Scan", "Parent Relationship": "Inner", "Scan Direction": "Forward", "Index Name": "person_id_cast_info", "Relation Name": "cast_info", "Alias": "ci", "Startup Cost": 10000000000.0, "Total Cost": 1000179713706.71, "Plan Rows": 96692, "Plan Width": 12, "Filter": "((note)::text = '(voice: English version)'::text)"}]}]}]}, {"Node Type": "Index Scan", "Parent Relationship": "Inner", "Scan Direction": "Forward", "Index Name": "company_name_pkey", "Relation Name": "company_name", "Alias": "cn", "Startup Cost": 10000000000.0, "Total Cost": 1000000000437.42, "Plan Rows": 1, "Plan Width": 4, "Index Cond": "(id = mc.company_id)", "Filter": "((country_code)::text = '[jp]'::text)"}]}, {"Node Type": "Index Scan", "Parent Relationship": "Inner", "Scan Direction": "Forward", "Index Name": "role_type_pkey", "Relation Name": "role_type", "Alias": "rt", "Startup Cost": 10000000000.0, "Total Cost": 1000000001246.0, "Plan Rows": 1, "Plan Width": 4, "Filter": "((role)::text = 'actress'::text)"}]}]}, "Unique SQL Id": 3956435728, "Planner Runtime": 101}, "explain_analyze_plan": null}, "(16, '28')": {"explain_plan": {"Plan": {"Node Type": "Aggregate", "Strategy": "Plain", "Startup Cost": 20891.31, "Total Cost": 20891.32, "Plan Rows": 1, "Plan Width": 97, "Plans": [{"Node Type": "Nested Loop", "Parent Relationship": "Outer", "Join Type": "Inner", "Startup Cost": 1069.17, "Total Cost": 20891.3, "Plan Rows": 1, "Plan Width": 33, "Inner Unique": true, "Plans": [{"Node Type": "Nested Loop", "Parent Relationship": "Outer", "Join Type": "Inner", "Startup Cost": 1069.17, "Total Cost": 20891.02, "Plan Rows": 1, "Plan Width": 37, "Inner Unique": true, "Plans": [{"Node Type": "Nested Loop", "Parent Relationship": "Outer", "Join Type": "Inner", "Startup Cost": 1069.17, "Total Cost": 20890.44, "Plan Rows": 1, "Plan Width": 45, "Inner Unique": true, "Plans": [{"Node Type": "Nested Loop", "Parent Relationship": "Outer", "Join Type": "Inner", "Startup Cost": 1069.17, "Total Cost": 20886.05, "Plan Rows": 1, "Plan Width": 49, "Inner Unique": false, "Plans": [{"Node Type": "Nested Loop", "Parent Relationship": "Outer", "Join Type": "Inner", "Startup Cost": 1069.17, "Total Cost": 20885.2, "Plan Rows": 1, "Plan Width": 29, "Inner Unique": false, "Join Filter": "(t.id = ci.movie_id)", "Plans": [{"Node Type": "Nested Loop", "Parent Relationship": "Outer", "Join Type": "Inner", "Startup Cost": 1069.17, "Total Cost": 20829.42, "Plan Rows": 2, "Plan Width": 29, "Inner Unique": false, "Plans": [{"Node Type": "Streaming(type: LOCAL GATHER dop: 1/16)", "Parent Relationship": "Outer", "Startup Cost": 1069.17, "Total Cost": 20335.44, "Plan Rows": 43, "Plan Width": 21, "Plans": [{"Node Type": "Seq Scan", "Parent Relationship": "Outer", "Relation Name": "title", "Alias": "t", "Startup Cost": 1069.17, "Total Cost": 20334.51, "Plan Rows": 43, "Plan Width": 21, "Filter": "((production_year >= 2006) AND (production_year <= 2007) AND (((title)::text ~~ 'One Piece%'::text) OR ((title)::text ~~ 'Dragon Ball Z%'::text)))"}]}, {"Node Type": "Index Scan", "Parent Relationship": "Inner", "Scan Direction": "Forward", "Index Name": "movie_id_movie_companies", "Relation Name": "movie_companies", "Alias": "mc", "Startup Cost": 0.0, "Total Cost": 11.48, "Plan Rows": 1, "Plan Width": 8, "Index Cond": "(movie_id = t.id)", "Filter": "(((note)::text ~~ '%(Japan)%'::text) AND ((note)::text !~~ '%(USA)%'::text) AND (((note)::text ~~ '%(2006)%'::text) OR ((note)::text ~~ '%(2007)%'::text)))"}]}, {"Node Type": "Index Scan", "Parent Relationship": "Inner", "Scan Direction": "Forward", "Index Name": "movie_id_cast_info", "Relation Name": "cast_info", "Alias": "ci", "Startup Cost": 0.0, "Total Cost": 27.88, "Plan Rows": 1, "Plan Width": 12, "Index Cond": "(movie_id = mc.movie_id)", "Filter": "((note)::text = '(voice: English version)'::text)"}]}, {"Node Type": "Index Scan", "Parent Relationship": "Inner", "Scan Direction": "Forward", "Index Name": "person_id_aka_name", "Relation Name": "aka_name", "Alias": "an", "Startup Cost": 0.0, "Total Cost": 0.84, "Plan Rows": 1, "Plan Width": 20, "Index Cond": "(person_id = ci.person_id)"}]}, {"Node Type": "Index Scan", "Parent Relationship": "Inner", "Scan Direction": "Forward", "Index Name": "company_name_pkey", "Relation Name": "company_name", "Alias": "cn", "Startup Cost": 0.0, "Total Cost": 4.37, "Plan Rows": 1, "Plan Width": 4, "Index Cond": "(id = mc.company_id)", "Filter": "((country_code)::text = '[jp]'::text)"}]}, {"Node Type": "Index Scan", "Parent Relationship": "Inner", "Scan Direction": "Forward", "Index Name": "name_pkey", "Relation Name": "name", "Alias": "n", "Startup Cost": 0.0, "Total Cost": 0.57, "Plan Rows": 1, "Plan Width": 4, "Index Cond": "(id = an.person_id)", "Filter": "(((name)::text ~~ '%Yo%'::text) AND ((name)::text !~~ '%Yu%'::text))"}]}, {"Node Type": "Index Scan", "Parent Relationship": "Inner", "Scan Direction": "Forward", "Index Name": "role_type_pkey", "Relation Name": "role_type", "Alias": "rt", "Startup Cost": 0.0, "Total Cost": 0.27, "Plan Rows": 1, "Plan Width": 4, "Index Cond": "(id = ci.role_id)", "Filter": "((role)::text = 'actress'::text)"}]}]}, "Unique SQL Id": 3956435728, "Planner Runtime": 21}, "explain_analyze_plan": {"Plan": {"Node Type": "Aggregate", "Strategy": "Plain", "Startup Cost": 20891.31, "Total Cost": 20891.32, "Plan Rows": 1, "Plan Width": 97, "Actual Min Startup Time": 82.24, "Actual Max Startup Time": 82.24, "Actual Min Total Time": 82.24, "Actual Max Total Time": 82.24, "Plans": [{"Node Type": "Nested Loop", "Parent Relationship": "Outer", "Join Type": "Inner", "Startup Cost": 1069.17, "Total Cost": 20891.3, "Plan Rows": 1, "Plan Width": 33, "Actual Min Startup Time": 79.771, "Actual Max Startup Time": 79.771, "Actual Min Total Time": 82.203, "Actual Max Total Time": 82.203, "Inner Unique": true, "Plans": [{"Node Type": "Nested Loop", "Parent Relationship": "Outer", "Join Type": "Inner", "Startup Cost": 1069.17, "Total Cost": 20891.02, "Plan Rows": 1, "Plan Width": 37, "Actual Min Startup Time": 79.76, "Actual Max Startup Time": 79.76, "Actual Min Total Time": 82.178, "Actual Max Total Time": 82.178, "Inner Unique": true, "Plans": [{"Node Type": "Nested Loop", "Parent Relationship": "Outer", "Join Type": "Inner", "Startup Cost": 1069.17, "Total Cost": 20890.44, "Plan Rows": 1, "Plan Width": 45, "Actual Min Startup Time": 78.621, "Actual Max Startup Time": 78.621, "Actual Min Total Time": 81.338, "Actual Max Total Time": 81.338, "Inner Unique": true, "Plans": [{"Node Type": "Nested Loop", "Parent Relationship": "Outer", "Join Type": "Inner", "Startup Cost": 1069.17, "Total Cost": 20886.05, "Plan Rows": 1, "Plan Width": 49, "Actual Min Startup Time": 78.603, "Actual Max Startup Time": 78.603, "Actual Min Total Time": 80.695, "Actual Max Total Time": 80.695, "Inner Unique": false, "Plans": [{"Node Type": "Nested Loop", "Parent Relationship": "Outer", "Join Type": "Inner", "Startup Cost": 1069.17, "Total Cost": 20885.2, "Plan Rows": 1, "Plan Width": 29, "Actual Min Startup Time": 78.587, "Actual Max Startup Time": 78.587, "Actual Min Total Time": 79.943, "Actual Max Total Time": 79.943, "Inner Unique": false, "Join Filter": "(t.id = ci.movie_id)", "Rows Removed by Join Filter": 0, "Plans": [{"Node Type": "Nested Loop", "Parent Relationship": "Outer", "Join Type": "Inner", "Startup Cost": 1069.17, "Total Cost": 20829.42, "Plan Rows": 2, "Plan Width": 29, "Actual Min Startup Time": 78.48, "Actual Max Startup Time": 78.48, "Actual Min Total Time": 79.571, "Actual Max Total Time": 79.571, "Inner Unique": false, "Plans": [{"Node Type": "Streaming(type: LOCAL GATHER dop: 1/16)", "Parent Relationship": "Outer", "Startup Cost": 1069.17, "Total Cost": 20335.44, "Plan Rows": 43, "Plan Width": 21, "Actual Min Startup Time": 78.374, "Actual Max Startup Time": 78.374, "Actual Min Total Time": 79.397, "Actual Max Total Time": 79.397, "Plans": [{"Node Type": "Seq Scan", "Parent Relationship": "Outer", "Relation Name": "title", "Alias": "t", "Startup Cost": 1069.17, "Total Cost": 20334.51, "Plan Rows": 43, "Plan Width": 21, "Actual Min Startup Time": 48.113, "Actual Max Startup Time": 65.731, "Actual Min Total Time": 62.348, "Actual Max Total Time": 65.731, "Filter": "((production_year >= 2006) AND (production_year <= 2007) AND (((title)::text ~~ 'One Piece%'::text) OR ((title)::text ~~ 'Dragon Ball Z%'::text)))", "Rows Removed by Filter": 2528304, "Actual Rows": 7}], "Actual Rows": 7}, {"Node Type": "Index Scan", "Parent Relationship": "Inner", "Scan Direction": "Forward", "Index Name": "movie_id_movie_companies", "Relation Name": "movie_companies", "Alias": "mc", "Startup Cost": 0.0, "Total Cost": 11.48, "Plan Rows": 1, "Plan Width": 8, "Actual Min Startup Time": 0.139, "Actual Max Startup Time": 0.139, "Actual Min Total Time": 0.148, "Actual Max Total Time": 0.148, "Index Cond": "(movie_id = t.id)", "Rows Removed by Index Recheck": 0, "Filter": "(((note)::text ~~ '%(Japan)%'::text) AND ((note)::text !~~ '%(USA)%'::text) AND (((note)::text ~~ '%(2006)%'::text) OR ((note)::text ~~ '%(2007)%'::text)))", "Rows Removed by Filter": 13, "Actual Rows": 4}], "Actual Rows": 4}, {"Node Type": "Index Scan", "Parent Relationship": "Inner", "Scan Direction": "Forward", "Index Name": "movie_id_cast_info", "Relation Name": "cast_info", "Alias": "ci", "Startup Cost": 0.0, "Total Cost": 27.88, "Plan Rows": 1, "Plan Width": 12, "Actual Min Startup Time": 0.106, "Actual Max Startup Time": 0.106, "Actual Min Total Time": 0.331, "Actual Max Total Time": 0.331, "Index Cond": "(movie_id = mc.movie_id)", "Rows Removed by Index Recheck": 0, "Filter": "((note)::text = '(voice: English version)'::text)", "Rows Removed by Filter": 68, "Actual Rows": 104}], "Actual Rows": 104}, {"Node Type": "Index Scan", "Parent Relationship": "Inner", "Scan Direction": "Forward", "Index Name": "person_id_aka_name", "Relation Name": "aka_name", "Alias": "an", "Startup Cost": 0.0, "Total Cost": 0.84, "Plan Rows": 1, "Plan Width": 20, "Actual Min Startup Time": 0.52, "Actual Max Startup Time": 0.52, "Actual Min Total Time": 0.636, "Actual Max Total Time": 0.636, "Index Cond": "(person_id = ci.person_id)", "Rows Removed by Index Recheck": 0, "Actual Rows": 171}], "Actual Rows": 171}, {"Node Type": "Index Scan", "Parent Relationship": "Inner", "Scan Direction": "Forward", "Index Name": "company_name_pkey", "Relation Name": "company_name", "Alias": "cn", "Startup Cost": 0.0, "Total Cost": 4.37, "Plan Rows": 1, "Plan Width": 4, "Actual Min Startup Time": 0.51, "Actual Max Startup Time": 0.51, "Actual Min Total Time": 0.51, "Actual Max Total Time": 0.51, "Index Cond": "(id = mc.company_id)", "Rows Removed by Index Recheck": 0, "Filter": "((country_code)::text = '[jp]'::text)", "Rows Removed by Filter": 0, "Actual Rows": 171}], "Actual Rows": 171}, {"Node Type": "Index Scan", "Parent Relationship": "Inner", "Scan Direction": "Forward", "Index Name": "name_pkey", "Relation Name": "name", "Alias": "n", "Startup Cost": 0.0, "Total Cost": 0.57, "Plan Rows": 1, "Plan Width": 4, "Actual Min Startup Time": 0.745, "Actual Max Startup Time": 0.745, "Actual Min Total Time": 0.745, "Actual Max Total Time": 0.745, "Index Cond": "(id = an.person_id)", "Rows Removed by Index Recheck": 0, "Filter": "(((name)::text ~~ '%Yo%'::text) AND ((name)::text !~~ '%Yu%'::text))", "Rows Removed by Filter": 165, "Actual Rows": 6}], "Actual Rows": 6}, {"Node Type": "Index Scan", "Parent Relationship": "Inner", "Scan Direction": "Forward", "Index Name": "role_type_pkey", "Relation Name": "role_type", "Alias": "rt", "Startup Cost": 0.0, "Total Cost": 0.27, "Plan Rows": 1, "Plan Width": 4, "Actual Min Startup Time": 0.018, "Actual Max Startup Time": 0.018, "Actual Min Total Time": 0.018, "Actual Max Total Time": 0.018, "Index Cond": "(id = ci.role_id)", "Rows Removed by Index Recheck": 0, "Filter": "((role)::text = 'actress'::text)", "Rows Removed by Filter": 0, "Actual Rows": 6}], "Actual Rows": 6}], "Actual Rows": 1}, "Triggers": [], "Planner Runtime": 30.568, "Total Runtime": 84.938, "Unique SQL Id": 3956435728}}, "(16, '29')": {"explain_plan": {"Plan": {"Node Type": "Aggregate", "Strategy": "Plain", "Startup Cost": 84111.26, "Total Cost": 84111.27, "Plan Rows": 1, "Plan Width": 97, "Plans": [{"Node Type": "Nested Loop", "Parent Relationship": "Outer", "Join Type": "Inner", "Startup Cost": 0.0, "Total Cost": 84111.26, "Plan Rows": 1, "Plan Width": 33, "Inner Unique": true, "Plans": [{"Node Type": "Nested Loop", "Parent Relationship": "Outer", "Join Type": "Inner", "Startup Cost": 0.0, "Total Cost": 84110.97, "Plan Rows": 1, "Plan Width": 37, "Inner Unique": true, "Plans": [{"Node Type": "Nested Loop", "Parent Relationship": "Outer", "Join Type": "Inner", "Startup Cost": 0.0, "Total Cost": 84110.39, "Plan Rows": 1, "Plan Width": 45, "Inner Unique": false, "Plans": [{"Node Type": "Nested Loop", "Parent Relationship": "Outer", "Join Type": "Inner", "Startup Cost": 0.0, "Total Cost": 84109.54, "Plan Rows": 1, "Plan Width": 25, "Inner Unique": false, "Join Filter": "(t.id = ci.movie_id)", "Plans": [{"Node Type": "Nested Loop", "Parent Relationship": "Outer", "Join Type": "Inner", "Startup Cost": 0.0, "Total Cost": 84053.76, "Plan Rows": 2, "Plan Width": 25, "Inner Unique": true, "Plans": [{"Node Type": "Nested Loop", "Parent Relationship": "Outer", "Join Type": "Inner", "Startup Cost": 0.0, "Total Cost": 81991.53, "Plan Rows": 262, "Plan Width": 4, "Inner Unique": false, "Plans": [{"Node Type": "Index Scan", "Parent Relationship": "Outer", "Scan Direction": "Forward", "Index Name": "company_name_pkey", "Relation Name": "company_name", "Alias": "cn", "Startup Cost": 0.0, "Total Cost": 10501.39, "Plan Rows": 6290, "Plan Width": 4, "Filter": "((country_code)::text = '[jp]'::text)"}, {"Node Type": "Index Scan", "Parent Relationship": "Inner", "Scan Direction": "Forward", "Index Name": "company_id_movie_companies", "Relation Name": "movie_companies", "Alias": "mc", "Startup Cost": 0.0, "Total Cost": 11.36, "Plan Rows": 1, "Plan Width": 8, "Index Cond": "(company_id = cn.id)", "Filter": "(((note)::text ~~ '%(Japan)%'::text) AND ((note)::text !~~ '%(USA)%'::text) AND (((note)::text ~~ '%(2006)%'::text) OR ((note)::text ~~ '%(2007)%'::text)))"}]}, {"Node Type": "Index Scan", "Parent Relationship": "Inner", "Scan Direction": "Forward", "Index Name": "title_pkey", "Relation Name": "title", "Alias": "t", "Startup Cost": 0.0, "Total Cost": 7.86, "Plan Rows": 1, "Plan Width": 21, "Index Cond": "(id = mc.movie_id)", "Filter": "((production_year >= 2006) AND (production_year <= 2007) AND (((title)::text ~~ 'One Piece%'::text) OR ((title)::text ~~ 'Dragon Ball Z%'::text)))"}]}, {"Node Type": "Index Scan", "Parent Relationship": "Inner", "Scan Direction": "Forward", "Index Name": "movie_id_cast_info", "Relation Name": "cast_info", "Alias": "ci", "Startup Cost": 0.0, "Total Cost": 27.88, "Plan Rows": 1, "Plan Width": 12, "Index Cond": "(movie_id = mc.movie_id)", "Filter": "((note)::text = '(voice: English version)'::text)"}]}, {"Node Type": "Index Scan", "Parent Relationship": "Inner", "Scan Direction": "Forward", "Index Name": "person_id_aka_name", "Relation Name": "aka_name", "Alias": "an", "Startup Cost": 0.0, "Total Cost": 0.84, "Plan Rows": 1, "Plan Width": 20, "Index Cond": "(person_id = ci.person_id)"}]}, {"Node Type": "Index Scan", "Parent Relationship": "Inner", "Scan Direction": "Forward", "Index Name": "name_pkey", "Relation Name": "name", "Alias": "n", "Startup Cost": 0.0, "Total Cost": 0.57, "Plan Rows": 1, "Plan Width": 4, "Index Cond": "(id = an.person_id)", "Filter": "(((name)::text ~~ '%Yo%'::text) AND ((name)::text !~~ '%Yu%'::text))"}]}, {"Node Type": "Index Scan", "Parent Relationship": "Inner", "Scan Direction": "Forward", "Index Name": "role_type_pkey", "Relation Name": "role_type", "Alias": "rt", "Startup Cost": 0.0, "Total Cost": 0.27, "Plan Rows": 1, "Plan Width": 4, "Index Cond": "(id = ci.role_id)", "Filter": "((role)::text = 'actress'::text)"}]}]}, "Unique SQL Id": 3956435728, "Planner Runtime": 24}, "explain_analyze_plan": null}, "(16, '30')": {"explain_plan": {"Plan": {"Node Type": "Aggregate", "Strategy": "Plain", "Startup Cost": 163047.73, "Total Cost": 163047.76, "Plan Rows": 1, "Plan Width": 97, "Plans": [{"Node Type": "Streaming(type: LOCAL GATHER dop: 1/16)", "Parent Relationship": "Outer", "Startup Cost": 163047.73, "Total Cost": 163047.76, "Plan Rows": 1, "Plan Width": 97, "Plans": [{"Node Type": "Aggregate", "Strategy": "Plain", "Parent Relationship": "Outer", "Startup Cost": 163047.73, "Total Cost": 163047.74, "Plan Rows": 1, "Plan Width": 97, "Plans": [{"Node Type": "Nested Loop", "Parent Relationship": "Outer", "Join Type": "Inner", "Startup Cost": 1069.17, "Total Cost": 163047.73, "Plan Rows": 1, "Plan Width": 33, "Inner Unique": false, "Join Filter": "(n.id = an.person_id)", "Plans": [{"Node Type": "Streaming(type: BROADCAST dop: 16/1)", "Parent Relationship": "Outer", "Startup Cost": 1069.17, "Total Cost": 146099.28, "Plan Rows": 16, "Plan Width": 25, "Plans": [{"Node Type": "Nested Loop", "Parent Relationship": "Outer", "Join Type": "Inner", "Startup Cost": 1069.17, "Total Cost": 131098.93, "Plan Rows": 1, "Plan Width": 25, "Inner Unique": true, "Join Filter": "(ci.person_id = n.id)", "Plans": [{"Node Type": "Nested Loop", "Parent Relationship": "Outer", "Join Type": "Inner", "Startup Cost": 1069.17, "Total Cost": 108506.33, "Plan Rows": 1, "Plan Width": 21, "Inner Unique": true, "Join Filter": "(mc.company_id = cn.id)", "Plans": [{"Node Type": "Nested Loop", "Parent Relationship": "Outer", "Join Type": "Inner", "Startup Cost": 1069.17, "Total Cost": 102524.26, "Plan Rows": 1, "Plan Width": 25, "Inner Unique": false, "Join Filter": "(ci.movie_id = t.id)", "Plans": [{"Node Type": "Nested Loop", "Parent Relationship": "Outer", "Join Type": "Inner", "Startup Cost": 0.0, "Total Cost": 61579.53, "Plan Rows": 8790, "Plan Width": 8, "Inner Unique": false, "Join Filter": "(ci.role_id = rt.id)", "Plans": [{"Node Type": "Seq Scan", "Parent Relationship": "Outer", "Relation Name": "role_type", "Alias": "rt", "Startup Cost": 0.0, "Total Cost": 1.15, "Plan Rows": 1, "Plan Width": 4, "Filter": "((role)::text = 'actress'::text)"}, {"Node Type": "Materialize", "Parent Relationship": "Inner", "Startup Cost": 0.0, "Total Cost": 60611.46, "Plan Rows": 96692, "Plan Width": 12, "Plans": [{"Node Type": "Streaming(type: LOCAL GATHER dop: 1/16)", "Parent Relationship": "Outer", "Startup Cost": 0.0, "Total Cost": 60369.73, "Plan Rows": 96692, "Plan Width": 12, "Plans": [{"Node Type": "Seq Scan", "Parent Relationship": "Outer", "Relation Name": "cast_info", "Alias": "ci", "Startup Cost": 0.0, "Total Cost": 58282.92, "Plan Rows": 96692, "Plan Width": 12, "Filter": "((note)::text = '(voice: English version)'::text)"}]}]}]}, {"Node Type": "Materialize", "Parent Relationship": "Inner", "Startup Cost": 1069.17, "Total Cost": 40681.04, "Plan Rows": 2, "Plan Width": 29, "Plans": [{"Node Type": "Nested Loop", "Parent Relationship": "Outer", "Join Type": "Inner", "Startup Cost": 1069.17, "Total Cost": 40681.03, "Plan Rows": 2, "Plan Width": 29, "Inner Unique": true, "Join Filter": "(mc.movie_id = t.id)", "Plans": [{"Node Type": "Streaming(type: LOCAL GATHER dop: 1/16)", "Parent Relationship": "Outer", "Startup Cost": 0.0, "Total Cost": 19279.94, "Plan Rows": 1652, "Plan Width": 8, "Plans": [{"Node Type": "Seq Scan", "Parent Relationship": "Outer", "Relation Name": "movie_companies", "Alias": "mc", "Startup Cost": 0.0, "Total Cost": 19244.28, "Plan Rows": 1652, "Plan Width": 8, "Filter": "(((note)::text ~~ '%(Japan)%'::text) AND ((note)::text !~~ '%(USA)%'::text) AND (((note)::text ~~ '%(2006)%'::text) OR ((note)::text ~~ '%(2007)%'::text)))"}]}, {"Node Type": "Materialize", "Parent Relationship": "Inner", "Startup Cost": 1069.17, "Total Cost": 20335.66, "Plan Rows": 43, "Plan Width": 21, "Plans": [{"Node Type": "Streaming(type: LOCAL GATHER dop: 1/16)", "Parent Relationship": "Outer", "Startup Cost": 1069.17, "Total Cost": 20335.44, "Plan Rows": 43, "Plan Width": 21, "Plans": [{"Node Type": "Seq Scan", "Parent Relationship": "Outer", "Relation Name": "title", "Alias": "t", "Startup Cost": 1069.17, "Total Cost": 20334.51, "Plan Rows": 43, "Plan Width": 21, "Filter": "((production_year >= 2006) AND (production_year <= 2007) AND (((title)::text ~~ 'One Piece%'::text) OR ((title)::text ~~ 'Dragon Ball Z%'::text)))"}]}]}]}]}]}, {"Node Type": "Seq Scan", "Parent Relationship": "Inner", "Relation Name": "company_name", "Alias": "cn", "Startup Cost": 0.0, "Total Cost": 5903.45, "Plan Rows": 6290, "Plan Width": 4, "Filter": "((country_code)::text = '[jp]'::text)"}]}, {"Node Type": "Materialize", "Parent Relationship": "Inner", "Startup Cost": 0.0, "Total Cost": 22453.74, "Plan Rows": 13886, "Plan Width": 4, "Plans": [{"Node Type": "Streaming(type: LOCAL GATHER dop: 1/16)", "Parent Relationship": "Outer", "Startup Cost": 0.0, "Total Cost": 22419.02, "Plan Rows": 13886, "Plan Width": 4, "Plans": [{"Node Type": "Seq Scan", "Parent Relationship": "Outer", "Relation Name": "name", "Alias": "n", "Startup Cost": 0.0, "Total Cost": 22119.33, "Plan Rows": 13886, "Plan Width": 4, "Filter": "(((name)::text ~~ '%Yo%'::text) AND ((name)::text !~~ '%Yu%'::text))"}]}]}]}]}, {"Node Type": "Seq Scan", "Parent Relationship": "Inner", "Relation Name": "aka_name", "Alias": "an", "Startup Cost": 0.0, "Total Cost": 16244.28, "Plan Rows": 901342, "Plan Width": 20}]}]}]}]}, "Unique SQL Id": 3956435728, "Planner Runtime": 22}, "explain_analyze_plan": null}, "(16, '31')": {"explain_plan": {"Plan": {"Node Type": "Aggregate", "Strategy": "Plain", "Startup Cost": 6721937474272.79, "Total Cost": 6721937474272.8, "Plan Rows": 1, "Plan Width": 97, "Plans": [{"Node Type": "Nested Loop", "Parent Relationship": "Outer", "Join Type": "Inner", "Startup Cost": 70051235465.84, "Total Cost": 6721937474272.78, "Plan Rows": 1, "Plan Width": 33, "Inner Unique": true, "Join Filter": "(ci.role_id = rt.id)", "Plans": [{"Node Type": "Nested Loop", "Parent Relationship": "Outer", "Join Type": "Inner", "Startup Cost": 60051235465.84, "Total Cost": 5721937473026.77, "Plan Rows": 1, "Plan Width": 37, "Inner Unique": true, "Plans": [{"Node Type": "Nested Loop", "Parent Relationship": "Outer", "Join Type": "Inner", "Startup Cost": 50051235465.84, "Total Cost": 4721937472589.34, "Plan Rows": 1, "Plan Width": 41, "Inner Unique": false, "Join Filter": "(t.id = ci.movie_id)", "Plans": [{"Node Type": "Nested Loop", "Parent Relationship": "Outer", "Join Type": "Inner", "Startup Cost": 20000000000.0, "Total Cost": 2000028517903.54, "Plan Rows": 2, "Plan Width": 29, "Inner Unique": true, "Join Filter": "(mc.movie_id = t.id)", "Plans": [{"Node Type": "Index Scan", "Parent Relationship": "Outer", "Scan Direction": "Forward", "Index Name": "company_id_movie_companies", "Relation Name": "movie_companies", "Alias": "mc", "Startup Cost": 10000000000.0, "Total Cost": 1000014976477.98, "Plan Rows": 1652, "Plan Width": 8, "Filter": "(((note)::text ~~ '%(Japan)%'::text) AND ((note)::text !~~ '%(USA)%'::text) AND (((note)::text ~~ '%(2006)%'::text) OR ((note)::text ~~ '%(2007)%'::text)))"}, {"Node Type": "Materialize", "Parent Relationship": "Inner", "Startup Cost": 10000000000.0, "Total Cost": 1000013540360.13, "Plan Rows": 43, "Plan Width": 21, "Plans": [{"Node Type": "Index Scan", "Parent Relationship": "Outer", "Scan Direction": "Forward", "Index Name": "title_pkey", "Relation Name": "title", "Alias": "t", "Startup Cost": 10000000000.0, "Total Cost": 1000013540359.91, "Plan Rows": 43, "Plan Width": 21, "Filter": "((production_year >= 2006) AND (production_year <= 2007) AND (((title)::text ~~ 'One Piece%'::text) OR ((title)::text ~~ 'Dragon Ball Z%'::text)))"}]}]}, {"Node Type": "Materialize", "Parent Relationship": "Inner", "Startup Cost": 30051235465.84, "Total Cost": 2721908954213.87, "Plan Rows": 17161, "Plan Width": 24, "Plans": [{"Node Type": "Merge Join", "Parent Relationship": "Outer", "Join Type": "Inner", "Startup Cost": 30051235465.84, "Total Cost": 2721908954128.06, "Plan Rows": 17161, "Plan Width": 24, "Inner Unique": false, "Merge Cond": "(an.person_id = ci.person_id)", "Plans": [{"Node Type": "Merge Join", "Parent Relationship": "Outer", "Join Type": "Inner", "Startup Cost": 20030754356.47, "Total Cost": 2000026606025.89, "Plan Rows": 16627, "Plan Width": 24, "Inner Unique": true, "Merge Cond": "(an.person_id = n.id)", "Plans": [{"Node Type": "Index Scan", "Parent Relationship": "Outer", "Scan Direction": "Forward", "Index Name": "person_id_aka_name", "Relation Name": "aka_name", "Alias": "an", "Startup Cost": 10000000000.0, "Total Cost": 1000006896503.43, "Plan Rows": 901342, "Plan Width": 20}, {"Node Type": "Materialize", "Parent Relationship": "Inner", "Startup Cost": 10000000000.0, "Total Cost": 1000019707054.42, "Plan Rows": 13886, "Plan Width": 4, "Plans": [{"Node Type": "Index Scan", "Parent Relationship": "Outer", "Scan Direction": "Forward", "Index Name": "name_pkey", "Relation Name": "name", "Alias": "n", "Startup Cost": 10000000000.0, "Total Cost": 1000019707019.7, "Plan Rows": 13886, "Plan Width": 4, "Filter": "(((name)::text ~~ '%Yo%'::text) AND ((name)::text !~~ '%Yu%'::text))"}]}]}, {"Node Type": "Index Scan", "Parent Relationship": "Inner", "Scan Direction": "Forward", "Index Name": "person_id_cast_info", "Relation Name": "cast_info", "Alias": "ci", "Startup Cost": 10000000000.0, "Total Cost": 1000179713706.71, "Plan Rows": 96692, "Plan Width": 12, "Filter": "((note)::text = '(voice: English version)'::text)"}]}]}]}, {"Node Type": "Index Scan", "Parent Relationship": "Inner", "Scan Direction": "Forward", "Index Name": "company_name_pkey", "Relation Name": "company_name", "Alias": "cn", "Startup Cost": 10000000000.0, "Total Cost": 1000000000437.42, "Plan Rows": 1, "Plan Width": 4, "Index Cond": "(id = mc.company_id)", "Filter": "((country_code)::text = '[jp]'::text)"}]}, {"Node Type": "Index Scan", "Parent Relationship": "Inner", "Scan Direction": "Forward", "Index Name": "role_type_pkey", "Relation Name": "role_type", "Alias": "rt", "Startup Cost": 10000000000.0, "Total Cost": 1000000001246.0, "Plan Rows": 1, "Plan Width": 4, "Filter": "((role)::text = 'actress'::text)"}]}]}, "Unique SQL Id": 3956435728, "Planner Runtime": 100}, "explain_analyze_plan": null}, "(16, '32')": {"explain_plan": {"Plan": {"Node Type": "Aggregate", "Strategy": "Plain", "Startup Cost": 20891.31, "Total Cost": 20891.32, "Plan Rows": 1, "Plan Width": 97, "Plans": [{"Node Type": "Nested Loop", "Parent Relationship": "Outer", "Join Type": "Inner", "Startup Cost": 1069.17, "Total Cost": 20891.3, "Plan Rows": 1, "Plan Width": 33, "Inner Unique": true, "Plans": [{"Node Type": "Nested Loop", "Parent Relationship": "Outer", "Join Type": "Inner", "Startup Cost": 1069.17, "Total Cost": 20891.02, "Plan Rows": 1, "Plan Width": 37, "Inner Unique": true, "Plans": [{"Node Type": "Nested Loop", "Parent Relationship": "Outer", "Join Type": "Inner", "Startup Cost": 1069.17, "Total Cost": 20890.44, "Plan Rows": 1, "Plan Width": 45, "Inner Unique": true, "Plans": [{"Node Type": "Nested Loop", "Parent Relationship": "Outer", "Join Type": "Inner", "Startup Cost": 1069.17, "Total Cost": 20886.05, "Plan Rows": 1, "Plan Width": 49, "Inner Unique": false, "Plans": [{"Node Type": "Nested Loop", "Parent Relationship": "Outer", "Join Type": "Inner", "Startup Cost": 1069.17, "Total Cost": 20885.2, "Plan Rows": 1, "Plan Width": 29, "Inner Unique": false, "Join Filter": "(t.id = ci.movie_id)", "Plans": [{"Node Type": "Nested Loop", "Parent Relationship": "Outer", "Join Type": "Inner", "Startup Cost": 1069.17, "Total Cost": 20829.42, "Plan Rows": 2, "Plan Width": 29, "Inner Unique": false, "Plans": [{"Node Type": "Streaming(type: LOCAL GATHER dop: 1/16)", "Parent Relationship": "Outer", "Startup Cost": 1069.17, "Total Cost": 20335.44, "Plan Rows": 43, "Plan Width": 21, "Plans": [{"Node Type": "Seq Scan", "Parent Relationship": "Outer", "Relation Name": "title", "Alias": "t", "Startup Cost": 1069.17, "Total Cost": 20334.51, "Plan Rows": 43, "Plan Width": 21, "Filter": "((production_year >= 2006) AND (production_year <= 2007) AND (((title)::text ~~ 'One Piece%'::text) OR ((title)::text ~~ 'Dragon Ball Z%'::text)))"}]}, {"Node Type": "Index Scan", "Parent Relationship": "Inner", "Scan Direction": "Forward", "Index Name": "movie_id_movie_companies", "Relation Name": "movie_companies", "Alias": "mc", "Startup Cost": 0.0, "Total Cost": 11.48, "Plan Rows": 1, "Plan Width": 8, "Index Cond": "(movie_id = t.id)", "Filter": "(((note)::text ~~ '%(Japan)%'::text) AND ((note)::text !~~ '%(USA)%'::text) AND (((note)::text ~~ '%(2006)%'::text) OR ((note)::text ~~ '%(2007)%'::text)))"}]}, {"Node Type": "Index Scan", "Parent Relationship": "Inner", "Scan Direction": "Forward", "Index Name": "movie_id_cast_info", "Relation Name": "cast_info", "Alias": "ci", "Startup Cost": 0.0, "Total Cost": 27.88, "Plan Rows": 1, "Plan Width": 12, "Index Cond": "(movie_id = mc.movie_id)", "Filter": "((note)::text = '(voice: English version)'::text)"}]}, {"Node Type": "Index Scan", "Parent Relationship": "Inner", "Scan Direction": "Forward", "Index Name": "person_id_aka_name", "Relation Name": "aka_name", "Alias": "an", "Startup Cost": 0.0, "Total Cost": 0.84, "Plan Rows": 1, "Plan Width": 20, "Index Cond": "(person_id = ci.person_id)"}]}, {"Node Type": "Index Scan", "Parent Relationship": "Inner", "Scan Direction": "Forward", "Index Name": "company_name_pkey", "Relation Name": "company_name", "Alias": "cn", "Startup Cost": 0.0, "Total Cost": 4.37, "Plan Rows": 1, "Plan Width": 4, "Index Cond": "(id = mc.company_id)", "Filter": "((country_code)::text = '[jp]'::text)"}]}, {"Node Type": "Index Scan", "Parent Relationship": "Inner", "Scan Direction": "Forward", "Index Name": "name_pkey", "Relation Name": "name", "Alias": "n", "Startup Cost": 0.0, "Total Cost": 0.57, "Plan Rows": 1, "Plan Width": 4, "Index Cond": "(id = an.person_id)", "Filter": "(((name)::text ~~ '%Yo%'::text) AND ((name)::text !~~ '%Yu%'::text))"}]}, {"Node Type": "Index Scan", "Parent Relationship": "Inner", "Scan Direction": "Forward", "Index Name": "role_type_pkey", "Relation Name": "role_type", "Alias": "rt", "Startup Cost": 0.0, "Total Cost": 0.27, "Plan Rows": 1, "Plan Width": 4, "Index Cond": "(id = ci.role_id)", "Filter": "((role)::text = 'actress'::text)"}]}]}, "Unique SQL Id": 3956435728, "Planner Runtime": 20}, "explain_analyze_plan": {"Plan": {"Node Type": "Aggregate", "Strategy": "Plain", "Startup Cost": 20891.31, "Total Cost": 20891.32, "Plan Rows": 1, "Plan Width": 97, "Actual Min Startup Time": 82.24, "Actual Max Startup Time": 82.24, "Actual Min Total Time": 82.24, "Actual Max Total Time": 82.24, "Plans": [{"Node Type": "Nested Loop", "Parent Relationship": "Outer", "Join Type": "Inner", "Startup Cost": 1069.17, "Total Cost": 20891.3, "Plan Rows": 1, "Plan Width": 33, "Actual Min Startup Time": 79.771, "Actual Max Startup Time": 79.771, "Actual Min Total Time": 82.203, "Actual Max Total Time": 82.203, "Inner Unique": true, "Plans": [{"Node Type": "Nested Loop", "Parent Relationship": "Outer", "Join Type": "Inner", "Startup Cost": 1069.17, "Total Cost": 20891.02, "Plan Rows": 1, "Plan Width": 37, "Actual Min Startup Time": 79.76, "Actual Max Startup Time": 79.76, "Actual Min Total Time": 82.178, "Actual Max Total Time": 82.178, "Inner Unique": true, "Plans": [{"Node Type": "Nested Loop", "Parent Relationship": "Outer", "Join Type": "Inner", "Startup Cost": 1069.17, "Total Cost": 20890.44, "Plan Rows": 1, "Plan Width": 45, "Actual Min Startup Time": 78.621, "Actual Max Startup Time": 78.621, "Actual Min Total Time": 81.338, "Actual Max Total Time": 81.338, "Inner Unique": true, "Plans": [{"Node Type": "Nested Loop", "Parent Relationship": "Outer", "Join Type": "Inner", "Startup Cost": 1069.17, "Total Cost": 20886.05, "Plan Rows": 1, "Plan Width": 49, "Actual Min Startup Time": 78.603, "Actual Max Startup Time": 78.603, "Actual Min Total Time": 80.695, "Actual Max Total Time": 80.695, "Inner Unique": false, "Plans": [{"Node Type": "Nested Loop", "Parent Relationship": "Outer", "Join Type": "Inner", "Startup Cost": 1069.17, "Total Cost": 20885.2, "Plan Rows": 1, "Plan Width": 29, "Actual Min Startup Time": 78.587, "Actual Max Startup Time": 78.587, "Actual Min Total Time": 79.943, "Actual Max Total Time": 79.943, "Inner Unique": false, "Join Filter": "(t.id = ci.movie_id)", "Rows Removed by Join Filter": 0, "Plans": [{"Node Type": "Nested Loop", "Parent Relationship": "Outer", "Join Type": "Inner", "Startup Cost": 1069.17, "Total Cost": 20829.42, "Plan Rows": 2, "Plan Width": 29, "Actual Min Startup Time": 78.48, "Actual Max Startup Time": 78.48, "Actual Min Total Time": 79.571, "Actual Max Total Time": 79.571, "Inner Unique": false, "Plans": [{"Node Type": "Streaming(type: LOCAL GATHER dop: 1/16)", "Parent Relationship": "Outer", "Startup Cost": 1069.17, "Total Cost": 20335.44, "Plan Rows": 43, "Plan Width": 21, "Actual Min Startup Time": 78.374, "Actual Max Startup Time": 78.374, "Actual Min Total Time": 79.397, "Actual Max Total Time": 79.397, "Plans": [{"Node Type": "Seq Scan", "Parent Relationship": "Outer", "Relation Name": "title", "Alias": "t", "Startup Cost": 1069.17, "Total Cost": 20334.51, "Plan Rows": 43, "Plan Width": 21, "Actual Min Startup Time": 48.113, "Actual Max Startup Time": 65.731, "Actual Min Total Time": 62.348, "Actual Max Total Time": 65.731, "Filter": "((production_year >= 2006) AND (production_year <= 2007) AND (((title)::text ~~ 'One Piece%'::text) OR ((title)::text ~~ 'Dragon Ball Z%'::text)))", "Rows Removed by Filter": 2528304, "Actual Rows": 7}], "Actual Rows": 7}, {"Node Type": "Index Scan", "Parent Relationship": "Inner", "Scan Direction": "Forward", "Index Name": "movie_id_movie_companies", "Relation Name": "movie_companies", "Alias": "mc", "Startup Cost": 0.0, "Total Cost": 11.48, "Plan Rows": 1, "Plan Width": 8, "Actual Min Startup Time": 0.139, "Actual Max Startup Time": 0.139, "Actual Min Total Time": 0.148, "Actual Max Total Time": 0.148, "Index Cond": "(movie_id = t.id)", "Rows Removed by Index Recheck": 0, "Filter": "(((note)::text ~~ '%(Japan)%'::text) AND ((note)::text !~~ '%(USA)%'::text) AND (((note)::text ~~ '%(2006)%'::text) OR ((note)::text ~~ '%(2007)%'::text)))", "Rows Removed by Filter": 13, "Actual Rows": 4}], "Actual Rows": 4}, {"Node Type": "Index Scan", "Parent Relationship": "Inner", "Scan Direction": "Forward", "Index Name": "movie_id_cast_info", "Relation Name": "cast_info", "Alias": "ci", "Startup Cost": 0.0, "Total Cost": 27.88, "Plan Rows": 1, "Plan Width": 12, "Actual Min Startup Time": 0.106, "Actual Max Startup Time": 0.106, "Actual Min Total Time": 0.331, "Actual Max Total Time": 0.331, "Index Cond": "(movie_id = mc.movie_id)", "Rows Removed by Index Recheck": 0, "Filter": "((note)::text = '(voice: English version)'::text)", "Rows Removed by Filter": 68, "Actual Rows": 104}], "Actual Rows": 104}, {"Node Type": "Index Scan", "Parent Relationship": "Inner", "Scan Direction": "Forward", "Index Name": "person_id_aka_name", "Relation Name": "aka_name", "Alias": "an", "Startup Cost": 0.0, "Total Cost": 0.84, "Plan Rows": 1, "Plan Width": 20, "Actual Min Startup Time": 0.52, "Actual Max Startup Time": 0.52, "Actual Min Total Time": 0.636, "Actual Max Total Time": 0.636, "Index Cond": "(person_id = ci.person_id)", "Rows Removed by Index Recheck": 0, "Actual Rows": 171}], "Actual Rows": 171}, {"Node Type": "Index Scan", "Parent Relationship": "Inner", "Scan Direction": "Forward", "Index Name": "company_name_pkey", "Relation Name": "company_name", "Alias": "cn", "Startup Cost": 0.0, "Total Cost": 4.37, "Plan Rows": 1, "Plan Width": 4, "Actual Min Startup Time": 0.51, "Actual Max Startup Time": 0.51, "Actual Min Total Time": 0.51, "Actual Max Total Time": 0.51, "Index Cond": "(id = mc.company_id)", "Rows Removed by Index Recheck": 0, "Filter": "((country_code)::text = '[jp]'::text)", "Rows Removed by Filter": 0, "Actual Rows": 171}], "Actual Rows": 171}, {"Node Type": "Index Scan", "Parent Relationship": "Inner", "Scan Direction": "Forward", "Index Name": "name_pkey", "Relation Name": "name", "Alias": "n", "Startup Cost": 0.0, "Total Cost": 0.57, "Plan Rows": 1, "Plan Width": 4, "Actual Min Startup Time": 0.745, "Actual Max Startup Time": 0.745, "Actual Min Total Time": 0.745, "Actual Max Total Time": 0.745, "Index Cond": "(id = an.person_id)", "Rows Removed by Index Recheck": 0, "Filter": "(((name)::text ~~ '%Yo%'::text) AND ((name)::text !~~ '%Yu%'::text))", "Rows Removed by Filter": 165, "Actual Rows": 6}], "Actual Rows": 6}, {"Node Type": "Index Scan", "Parent Relationship": "Inner", "Scan Direction": "Forward", "Index Name": "role_type_pkey", "Relation Name": "role_type", "Alias": "rt", "Startup Cost": 0.0, "Total Cost": 0.27, "Plan Rows": 1, "Plan Width": 4, "Actual Min Startup Time": 0.018, "Actual Max Startup Time": 0.018, "Actual Min Total Time": 0.018, "Actual Max Total Time": 0.018, "Index Cond": "(id = ci.role_id)", "Rows Removed by Index Recheck": 0, "Filter": "((role)::text = 'actress'::text)", "Rows Removed by Filter": 0, "Actual Rows": 6}], "Actual Rows": 6}], "Actual Rows": 1}, "Triggers": [], "Planner Runtime": 30.568, "Total Runtime": 84.938, "Unique SQL Id": 3956435728}}, "(16, '33')": {"explain_plan": {"Plan": {"Node Type": "Aggregate", "Strategy": "Plain", "Startup Cost": 82294.12, "Total Cost": 82294.13, "Plan Rows": 1, "Plan Width": 97, "Plans": [{"Node Type": "Nested Loop", "Parent Relationship": "Outer", "Join Type": "Inner", "Startup Cost": 2780.8, "Total Cost": 82294.12, "Plan Rows": 1, "Plan Width": 33, "Inner Unique": true, "Plans": [{"Node Type": "Nested Loop", "Parent Relationship": "Outer", "Join Type": "Inner", "Startup Cost": 2780.8, "Total Cost": 82293.84, "Plan Rows": 1, "Plan Width": 37, "Inner Unique": true, "Plans": [{"Node Type": "Nested Loop", "Parent Relationship": "Outer", "Join Type": "Inner", "Startup Cost": 2780.8, "Total Cost": 82293.26, "Plan Rows": 1, "Plan Width": 45, "Inner Unique": false, "Plans": [{"Node Type": "Nested Loop", "Parent Relationship": "Outer", "Join Type": "Inner", "Startup Cost": 2780.8, "Total Cost": 82292.4, "Plan Rows": 1, "Plan Width": 25, "Inner Unique": false, "Join Filter": "(t.id = ci.movie_id)", "Plans": [{"Node Type": "Nested Loop", "Parent Relationship": "Outer", "Join Type": "Inner", "Startup Cost": 2780.8, "Total Cost": 82236.62, "Plan Rows": 2, "Plan Width": 25, "Inner Unique": true, "Plans": [{"Node Type": "Nested Loop", "Parent Relationship": "Outer", "Join Type": "Inner", "Startup Cost": 2780.8, "Total Cost": 80174.39, "Plan Rows": 262, "Plan Width": 4, "Inner Unique": false, "Plans": [{"Node Type": "Bitmap Heap Scan", "Parent Relationship": "Outer", "Relation Name": "company_name", "Alias": "cn", "Startup Cost": 2780.8, "Total Cost": 8684.25, "Plan Rows": 6290, "Plan Width": 4, "Filter": "((country_code)::text = '[jp]'::text)", "Plans": [{"Node Type": "Bitmap Index Scan", "Parent Relationship": "Outer", "Index Name": "company_name_pkey", "Startup Cost": 0.0, "Total Cost": 2779.23, "Plan Rows": 234996, "Plan Width": 0}]}, {"Node Type": "Index Scan", "Parent Relationship": "Inner", "Scan Direction": "Forward", "Index Name": "company_id_movie_companies", "Relation Name": "movie_companies", "Alias": "mc", "Startup Cost": 0.0, "Total Cost": 11.36, "Plan Rows": 1, "Plan Width": 8, "Index Cond": "(company_id = cn.id)", "Filter": "(((note)::text ~~ '%(Japan)%'::text) AND ((note)::text !~~ '%(USA)%'::text) AND (((note)::text ~~ '%(2006)%'::text) OR ((note)::text ~~ '%(2007)%'::text)))"}]}, {"Node Type": "Index Scan", "Parent Relationship": "Inner", "Scan Direction": "Forward", "Index Name": "title_pkey", "Relation Name": "title", "Alias": "t", "Startup Cost": 0.0, "Total Cost": 7.86, "Plan Rows": 1, "Plan Width": 21, "Index Cond": "(id = mc.movie_id)", "Filter": "((production_year >= 2006) AND (production_year <= 2007) AND (((title)::text ~~ 'One Piece%'::text) OR ((title)::text ~~ 'Dragon Ball Z%'::text)))"}]}, {"Node Type": "Index Scan", "Parent Relationship": "Inner", "Scan Direction": "Forward", "Index Name": "movie_id_cast_info", "Relation Name": "cast_info", "Alias": "ci", "Startup Cost": 0.0, "Total Cost": 27.88, "Plan Rows": 1, "Plan Width": 12, "Index Cond": "(movie_id = mc.movie_id)", "Filter": "((note)::text = '(voice: English version)'::text)"}]}, {"Node Type": "Index Scan", "Parent Relationship": "Inner", "Scan Direction": "Forward", "Index Name": "person_id_aka_name", "Relation Name": "aka_name", "Alias": "an", "Startup Cost": 0.0, "Total Cost": 0.84, "Plan Rows": 1, "Plan Width": 20, "Index Cond": "(person_id = ci.person_id)"}]}, {"Node Type": "Index Scan", "Parent Relationship": "Inner", "Scan Direction": "Forward", "Index Name": "name_pkey", "Relation Name": "name", "Alias": "n", "Startup Cost": 0.0, "Total Cost": 0.57, "Plan Rows": 1, "Plan Width": 4, "Index Cond": "(id = an.person_id)", "Filter": "(((name)::text ~~ '%Yo%'::text) AND ((name)::text !~~ '%Yu%'::text))"}]}, {"Node Type": "Index Scan", "Parent Relationship": "Inner", "Scan Direction": "Forward", "Index Name": "role_type_pkey", "Relation Name": "role_type", "Alias": "rt", "Startup Cost": 0.0, "Total Cost": 0.27, "Plan Rows": 1, "Plan Width": 4, "Index Cond": "(id = ci.role_id)", "Filter": "((role)::text = 'actress'::text)"}]}]}, "Unique SQL Id": 3956435728, "Planner Runtime": 18}, "explain_analyze_plan": null}, "(16, '34')": {"explain_plan": {"Plan": {"Node Type": "Aggregate", "Strategy": "Plain", "Startup Cost": 20934.05, "Total Cost": 20934.06, "Plan Rows": 1, "Plan Width": 97, "Plans": [{"Node Type": "Nested Loop", "Parent Relationship": "Outer", "Join Type": "Inner", "Startup Cost": 1079.65, "Total Cost": 20934.05, "Plan Rows": 1, "Plan Width": 33, "Inner Unique": true, "Join Filter": "(ci.role_id = rt.id)", "Plans": [{"Node Type": "Nested Loop", "Parent Relationship": "Outer", "Join Type": "Inner", "Startup Cost": 1079.65, "Total Cost": 20932.89, "Plan Rows": 1, "Plan Width": 37, "Inner Unique": true, "Plans": [{"Node Type": "Nested Loop", "Parent Relationship": "Outer", "Join Type": "Inner", "Startup Cost": 1079.32, "Total Cost": 20928.53, "Plan Rows": 1, "Plan Width": 45, "Inner Unique": true, "Plans": [{"Node Type": "Nested Loop", "Parent Relationship": "Outer", "Join Type": "Inner", "Startup Cost": 1078.09, "Total Cost": 20923.28, "Plan Rows": 1, "Plan Width": 49, "Inner Unique": false, "Plans": [{"Node Type": "Nested Loop", "Parent Relationship": "Outer", "Join Type": "Inner", "Startup Cost": 1077.71, "Total Cost": 20918.87, "Plan Rows": 1, "Plan Width": 29, "Inner Unique": false, "Join Filter": "(t.id = ci.movie_id)", "Plans": [{"Node Type": "Nested Loop", "Parent Relationship": "Outer", "Join Type": "Inner", "Startup Cost": 1073.44, "Total Cost": 20862.3, "Plan Rows": 2, "Plan Width": 29, "Inner Unique": false, "Plans": [{"Node Type": "Streaming(type: LOCAL GATHER dop: 1/16)", "Parent Relationship": "Outer", "Startup Cost": 1069.17, "Total Cost": 20335.44, "Plan Rows": 43, "Plan Width": 21, "Plans": [{"Node Type": "Seq Scan", "Parent Relationship": "Outer", "Relation Name": "title", "Alias": "t", "Startup Cost": 1069.17, "Total Cost": 20334.51, "Plan Rows": 43, "Plan Width": 21, "Filter": "((production_year >= 2006) AND (production_year <= 2007) AND (((title)::text ~~ 'One Piece%'::text) OR ((title)::text ~~ 'Dragon Ball Z%'::text)))"}]}, {"Node Type": "Bitmap Heap Scan", "Parent Relationship": "Inner", "Relation Name": "movie_companies", "Alias": "mc", "Startup Cost": 4.27, "Total Cost": 12.24, "Plan Rows": 1, "Plan Width": 8, "Recheck Cond": "(movie_id = t.id)", "Filter": "(((note)::text ~~ '%(Japan)%'::text) AND ((note)::text !~~ '%(USA)%'::text) AND (((note)::text ~~ '%(2006)%'::text) OR ((note)::text ~~ '%(2007)%'::text)))", "Plans": [{"Node Type": "Bitmap Index Scan", "Parent Relationship": "Outer", "Index Name": "movie_id_movie_companies", "Startup Cost": 0.0, "Total Cost": 4.26, "Plan Rows": 2, "Plan Width": 0, "Index Cond": "(movie_id = t.id)"}]}]}, {"Node Type": "Bitmap Heap Scan", "Parent Relationship": "Inner", "Relation Name": "cast_info", "Alias": "ci", "Startup Cost": 4.27, "Total Cost": 28.27, "Plan Rows": 1, "Plan Width": 12, "Recheck Cond": "(movie_id = mc.movie_id)", "Filter": "((note)::text = '(voice: English version)'::text)", "Plans": [{"Node Type": "Bitmap Index Scan", "Parent Relationship": "Outer", "Index Name": "movie_id_cast_info", "Startup Cost": 0.0, "Total Cost": 4.27, "Plan Rows": 6, "Plan Width": 0, "Index Cond": "(movie_id = mc.movie_id)"}]}]}, {"Node Type": "Bitmap Heap Scan", "Parent Relationship": "Inner", "Relation Name": "aka_name", "Alias": "an", "Startup Cost": 0.38, "Total Cost": 4.39, "Plan Rows": 1, "Plan Width": 20, "Recheck Cond": "(person_id = ci.person_id)", "Plans": [{"Node Type": "Bitmap Index Scan", "Parent Relationship": "Outer", "Index Name": "person_id_aka_name", "Startup Cost": 0.0, "Total Cost": 0.38, "Plan Rows": 1, "Plan Width": 0, "Index Cond": "(person_id = ci.person_id)"}]}]}, {"Node Type": "Bitmap Heap Scan", "Parent Relationship": "Inner", "Relation Name": "company_name", "Alias": "cn", "Startup Cost": 1.23, "Total Cost": 5.24, "Plan Rows": 1, "Plan Width": 4, "Recheck Cond": "(id = mc.company_id)", "Filter": "((country_code)::text = '[jp]'::text)", "Plans": [{"Node Type": "Bitmap Index Scan", "Parent Relationship": "Outer", "Index Name": "company_name_pkey", "Startup Cost": 0.0, "Total Cost": 1.23, "Plan Rows": 1, "Plan Width": 0, "Index Cond": "(id = mc.company_id)"}]}]}, {"Node Type": "Bitmap Heap Scan", "Parent Relationship": "Inner", "Relation Name": "name", "Alias": "n", "Startup Cost": 0.33, "Total Cost": 4.34, "Plan Rows": 1, "Plan Width": 4, "Recheck Cond": "(id = an.person_id)", "Filter": "(((name)::text ~~ '%Yo%'::text) AND ((name)::text !~~ '%Yu%'::text))", "Plans": [{"Node Type": "Bitmap Index Scan", "Parent Relationship": "Outer", "Index Name": "name_pkey", "Startup Cost": 0.0, "Total Cost": 0.33, "Plan Rows": 1, "Plan Width": 0, "Index Cond": "(id = an.person_id)"}]}]}, {"Node Type": "Seq Scan", "Parent Relationship": "Inner", "Relation Name": "role_type", "Alias": "rt", "Startup Cost": 0.0, "Total Cost": 1.15, "Plan Rows": 1, "Plan Width": 4, "Filter": "((role)::text = 'actress'::text)"}]}]}, "Unique SQL Id": 3956435728, "Planner Runtime": 35}, "explain_analyze_plan": {"Plan": {"Node Type": "Aggregate", "Strategy": "Plain", "Startup Cost": 20934.05, "Total Cost": 20934.06, "Plan Rows": 1, "Plan Width": 97, "Actual Min Startup Time": 84.297, "Actual Max Startup Time": 84.297, "Actual Min Total Time": 84.298, "Actual Max Total Time": 84.298, "Plans": [{"Node Type": "Nested Loop", "Parent Relationship": "Outer", "Join Type": "Inner", "Startup Cost": 1079.65, "Total Cost": 20934.05, "Plan Rows": 1, "Plan Width": 33, "Actual Min Startup Time": 81.444, "Actual Max Startup Time": 81.444, "Actual Min Total Time": 84.256, "Actual Max Total Time": 84.256, "Inner Unique": true, "Join Filter": "(ci.role_id = rt.id)", "Rows Removed by Join Filter": 0, "Plans": [{"Node Type": "Nested Loop", "Parent Relationship": "Outer", "Join Type": "Inner", "Startup Cost": 1079.65, "Total Cost": 20932.89, "Plan Rows": 1, "Plan Width": 37, "Actual Min Startup Time": 81.407, "Actual Max Startup Time": 81.407, "Actual Min Total Time": 84.189, "Actual Max Total Time": 84.189, "Inner Unique": true, "Plans": [{"Node Type": "Nested Loop", "Parent Relationship": "Outer", "Join Type": "Inner", "Startup Cost": 1079.32, "Total Cost": 20928.53, "Plan Rows": 1, "Plan Width": 45, "Actual Min Startup Time": 79.94, "Actual Max Startup Time": 79.94, "Actual Min Total Time": 83.048, "Actual Max Total Time": 83.048, "Inner Unique": true, "Plans": [{"Node Type": "Nested Loop", "Parent Relationship": "Outer", "Join Type": "Inner", "Startup Cost": 1078.09, "Total Cost": 20923.28, "Plan Rows": 1, "Plan Width": 49, "Actual Min Startup Time": 79.918, "Actual Max Startup Time": 79.918, "Actual Min Total Time": 82.123, "Actual Max Total Time": 82.123, "Inner Unique": false, "Plans": [{"Node Type": "Nested Loop", "Parent Relationship": "Outer", "Join Type": "Inner", "Startup Cost": 1077.71, "Total Cost": 20918.87, "Plan Rows": 1, "Plan Width": 29, "Actual Min Startup Time": 79.893, "Actual Max Startup Time": 79.893, "Actual Min Total Time": 81.166, "Actual Max Total Time": 81.166, "Inner Unique": false, "Join Filter": "(t.id = ci.movie_id)", "Rows Removed by Join Filter": 0, "Plans": [{"Node Type": "Nested Loop", "Parent Relationship": "Outer", "Join Type": "Inner", "Startup Cost": 1073.44, "Total Cost": 20862.3, "Plan Rows": 2, "Plan Width": 29, "Actual Min Startup Time": 79.734, "Actual Max Startup Time": 79.734, "Actual Min Total Time": 80.712, "Actual Max Total Time": 80.712, "Inner Unique": false, "Plans": [{"Node Type": "Streaming(type: LOCAL GATHER dop: 1/16)", "Parent Relationship": "Outer", "Startup Cost": 1069.17, "Total Cost": 20335.44, "Plan Rows": 43, "Plan Width": 21, "Actual Min Startup Time": 79.604, "Actual Max Startup Time": 79.604, "Actual Min Total Time": 80.477, "Actual Max Total Time": 80.477, "Plans": [{"Node Type": "Seq Scan", "Parent Relationship": "Outer", "Relation Name": "title", "Alias": "t", "Startup Cost": 1069.17, "Total Cost": 20334.51, "Plan Rows": 43, "Plan Width": 21, "Actual Min Startup Time": 48.136, "Actual Max Startup Time": 65.75, "Actual Min Total Time": 62.49, "Actual Max Total Time": 65.75, "Filter": "((production_year >= 2006) AND (production_year <= 2007) AND (((title)::text ~~ 'One Piece%'::text) OR ((title)::text ~~ 'Dragon Ball Z%'::text)))", "Rows Removed by Filter": 2528304, "Actual Rows": 7}], "Actual Rows": 7}, {"Node Type": "Bitmap Heap Scan", "Parent Relationship": "Inner", "Relation Name": "movie_companies", "Alias": "mc", "Startup Cost": 4.27, "Total Cost": 12.24, "Plan Rows": 1, "Plan Width": 8, "Actual Min Startup Time": 0.18, "Actual Max Startup Time": 0.18, "Actual Min Total Time": 0.19, "Actual Max Total Time": 0.19, "Recheck Cond": "(movie_id = t.id)", "Rows Removed by Index Recheck": 0, "Filter": "(((note)::text ~~ '%(Japan)%'::text) AND ((note)::text !~~ '%(USA)%'::text) AND (((note)::text ~~ '%(2006)%'::text) OR ((note)::text ~~ '%(2007)%'::text)))", "Rows Removed by Filter": 13, "Exact Heap Blocks": 13, "Lossy Heap Blocks": 13, "Plans": [{"Node Type": "Bitmap Index Scan", "Parent Relationship": "Outer", "Index Name": "movie_id_movie_companies", "Startup Cost": 0.0, "Total Cost": 4.26, "Plan Rows": 2, "Plan Width": 0, "Actual Min Startup Time": 0.081, "Actual Max Startup Time": 0.081, "Actual Min Total Time": 0.081, "Actual Max Total Time": 0.081, "Index Cond": "(movie_id = t.id)", "Actual Rows": 17}], "Actual Rows": 4}], "Actual Rows": 4}, {"Node Type": "Bitmap Heap Scan", "Parent Relationship": "Inner", "Relation Name": "cast_info", "Alias": "ci", "Startup Cost": 4.27, "Total Cost": 28.27, "Plan Rows": 1, "Plan Width": 12, "Actual Min Startup Time": 0.163, "Actual Max Startup Time": 0.163, "Actual Min Total Time": 0.401, "Actual Max Total Time": 0.401, "Recheck Cond": "(movie_id = mc.movie_id)", "Rows Removed by Index Recheck": 0, "Filter": "((note)::text = '(voice: English version)'::text)", "Rows Removed by Filter": 68, "Exact Heap Blocks": 133, "Lossy Heap Blocks": 133, "Plans": [{"Node Type": "Bitmap Index Scan", "Parent Relationship": "Outer", "Index Name": "movie_id_cast_info", "Startup Cost": 0.0, "Total Cost": 4.27, "Plan Rows": 6, "Plan Width": 0, "Actual Min Startup Time": 0.057, "Actual Max Startup Time": 0.057, "Actual Min Total Time": 0.057, "Actual Max Total Time": 0.057, "Index Cond": "(movie_id = mc.movie_id)", "Actual Rows": 172}], "Actual Rows": 104}], "Actual Rows": 104}, {"Node Type": "Bitmap Heap Scan", "Parent Relationship": "Inner", "Relation Name": "aka_name", "Alias": "an", "Startup Cost": 0.38, "Total Cost": 4.39, "Plan Rows": 1, "Plan Width": 20, "Actual Min Startup Time": 0.699, "Actual Max Startup Time": 0.699, "Actual Min Total Time": 0.778, "Actual Max Total Time": 0.778, "Recheck Cond": "(person_id = ci.person_id)", "Rows Removed by Index Recheck": 0, "Exact Heap Blocks": 105, "Lossy Heap Blocks": 105, "Plans": [{"Node Type": "Bitmap Index Scan", "Parent Relationship": "Outer", "Index Name": "person_id_aka_name", "Startup Cost": 0.0, "Total Cost": 0.38, "Plan Rows": 1, "Plan Width": 0, "Actual Min Startup Time": 0.49, "Actual Max Startup Time": 0.49, "Actual Min Total Time": 0.49, "Actual Max Total Time": 0.49, "Index Cond": "(person_id = ci.person_id)", "Actual Rows": 171}], "Actual Rows": 171}], "Actual Rows": 171}, {"Node Type": "Bitmap Heap Scan", "Parent Relationship": "Inner", "Relation Name": "company_name", "Alias": "cn", "Startup Cost": 1.23, "Total Cost": 5.24, "Plan Rows": 1, "Plan Width": 4, "Actual Min Startup Time": 0.698, "Actual Max Startup Time": 0.698, "Actual Min Total Time": 0.698, "Actual Max Total Time": 0.698, "Recheck Cond": "(id = mc.company_id)", "Rows Removed by Index Recheck": 0, "Filter": "((country_code)::text = '[jp]'::text)", "Rows Removed by Filter": 0, "Exact Heap Blocks": 171, "Lossy Heap Blocks": 171, "Plans": [{"Node Type": "Bitmap Index Scan", "Parent Relationship": "Outer", "Index Name": "company_name_pkey", "Startup Cost": 0.0, "Total Cost": 1.23, "Plan Rows": 1, "Plan Width": 0, "Actual Min Startup Time": 0.417, "Actual Max Startup Time": 0.417, "Actual Min Total Time": 0.417, "Actual Max Total Time": 0.417, "Index Cond": "(id = mc.company_id)", "Actual Rows": 171}], "Actual Rows": 171}], "Actual Rows": 171}, {"Node Type": "Bitmap Heap Scan", "Parent Relationship": "Inner", "Relation Name": "name", "Alias": "n", "Startup Cost": 0.33, "Total Cost": 4.34, "Plan Rows": 1, "Plan Width": 4, "Actual Min Startup Time": 0.933, "Actual Max Startup Time": 0.933, "Actual Min Total Time": 0.933, "Actual Max Total Time": 0.933, "Recheck Cond": "(id = an.person_id)", "Rows Removed by Index Recheck": 0, "Filter": "(((name)::text ~~ '%Yo%'::text) AND ((name)::text !~~ '%Yu%'::text))", "Rows Removed by Filter": 165, "Exact Heap Blocks": 171, "Lossy Heap Blocks": 171, "Plans": [{"Node Type": "Bitmap Index Scan", "Parent Relationship": "Outer", "Index Name": "name_pkey", "Startup Cost": 0.0, "Total Cost": 0.33, "Plan Rows": 1, "Plan Width": 0, "Actual Min Startup Time": 0.539, "Actual Max Startup Time": 0.539, "Actual Min Total Time": 0.539, "Actual Max Total Time": 0.539, "Index Cond": "(id = an.person_id)", "Actual Rows": 171}], "Actual Rows": 6}], "Actual Rows": 6}, {"Node Type": "Seq Scan", "Parent Relationship": "Inner", "Relation Name": "role_type", "Alias": "rt", "Startup Cost": 0.0, "Total Cost": 1.15, "Plan Rows": 1, "Plan Width": 4, "Actual Min Startup Time": 0.038, "Actual Max Startup Time": 0.038, "Actual Min Total Time": 0.038, "Actual Max Total Time": 0.038, "Filter": "((role)::text = 'actress'::text)", "Rows Removed by Filter": 6, "Actual Rows": 6}], "Actual Rows": 6}], "Actual Rows": 1}, "Triggers": [], "Planner Runtime": 46.031, "Total Runtime": 87.116, "Unique SQL Id": 3956435728}}, "(16, '35')": {"explain_plan": {"Plan": {"Node Type": "Aggregate", "Strategy": "Plain", "Startup Cost": 108949.86, "Total Cost": 108949.87, "Plan Rows": 1, "Plan Width": 97, "Plans": [{"Node Type": "Nested Loop", "Parent Relationship": "Outer", "Join Type": "Inner", "Startup Cost": 2793.35, "Total Cost": 108949.85, "Plan Rows": 1, "Plan Width": 33, "Inner Unique": true, "Plans": [{"Node Type": "Nested Loop", "Parent Relationship": "Outer", "Join Type": "Inner", "Startup Cost": 2793.09, "Total Cost": 108945.57, "Plan Rows": 1, "Plan Width": 37, "Inner Unique": true, "Plans": [{"Node Type": "Nested Loop", "Parent Relationship": "Outer", "Join Type": "Inner", "Startup Cost": 2792.76, "Total Cost": 108941.22, "Plan Rows": 1, "Plan Width": 45, "Inner Unique": false, "Plans": [{"Node Type": "Nested Loop", "Parent Relationship": "Outer", "Join Type": "Inner", "Startup Cost": 2792.38, "Total Cost": 108936.81, "Plan Rows": 1, "Plan Width": 25, "Inner Unique": false, "Join Filter": "(t.id = ci.movie_id)", "Plans": [{"Node Type": "Nested Loop", "Parent Relationship": "Outer", "Join Type": "Inner", "Startup Cost": 2788.11, "Total Cost": 108880.24, "Plan Rows": 2, "Plan Width": 25, "Inner Unique": true, "Plans": [{"Node Type": "Nested Loop", "Parent Relationship": "Outer", "Join Type": "Inner", "Startup Cost": 2784.18, "Total Cost": 106793.84, "Plan Rows": 262, "Plan Width": 4, "Inner Unique": false, "Plans": [{"Node Type": "Bitmap Heap Scan", "Parent Relationship": "Outer", "Relation Name": "company_name", "Alias": "cn", "Startup Cost": 2780.8, "Total Cost": 8684.25, "Plan Rows": 6290, "Plan Width": 4, "Filter": "((country_code)::text = '[jp]'::text)", "Plans": [{"Node Type": "Bitmap Index Scan", "Parent Relationship": "Outer", "Index Name": "company_name_pkey", "Startup Cost": 0.0, "Total Cost": 2779.23, "Plan Rows": 234996, "Plan Width": 0}]}, {"Node Type": "Bitmap Heap Scan", "Parent Relationship": "Inner", "Relation Name": "movie_companies", "Alias": "mc", "Startup Cost": 3.37, "Total Cost": 15.59, "Plan Rows": 1, "Plan Width": 8, "Recheck Cond": "(company_id = cn.id)", "Filter": "(((note)::text ~~ '%(Japan)%'::text) AND ((note)::text !~~ '%(USA)%'::text) AND (((note)::text ~~ '%(2006)%'::text) OR ((note)::text ~~ '%(2007)%'::text)))", "Plans": [{"Node Type": "Bitmap Index Scan", "Parent Relationship": "Outer", "Index Name": "company_id_movie_companies", "Startup Cost": 0.0, "Total Cost": 3.37, "Plan Rows": 15, "Plan Width": 0, "Index Cond": "(company_id = cn.id)"}]}]}, {"Node Type": "Bitmap Heap Scan", "Parent Relationship": "Inner", "Relation Name": "title", "Alias": "t", "Startup Cost": 3.93, "Total Cost": 7.95, "Plan Rows": 1, "Plan Width": 21, "Recheck Cond": "(id = mc.movie_id)", "Filter": "((production_year >= 2006) AND (production_year <= 2007) AND (((title)::text ~~ 'One Piece%'::text) OR ((title)::text ~~ 'Dragon Ball Z%'::text)))", "Plans": [{"Node Type": "Bitmap Index Scan", "Parent Relationship": "Outer", "Index Name": "title_pkey", "Startup Cost": 0.0, "Total Cost": 3.93, "Plan Rows": 1, "Plan Width": 0, "Index Cond": "(id = mc.movie_id)"}]}]}, {"Node Type": "Bitmap Heap Scan", "Parent Relationship": "Inner", "Relation Name": "cast_info", "Alias": "ci", "Startup Cost": 4.27, "Total Cost": 28.27, "Plan Rows": 1, "Plan Width": 12, "Recheck Cond": "(movie_id = mc.movie_id)", "Filter": "((note)::text = '(voice: English version)'::text)", "Plans": [{"Node Type": "Bitmap Index Scan", "Parent Relationship": "Outer", "Index Name": "movie_id_cast_info", "Startup Cost": 0.0, "Total Cost": 4.27, "Plan Rows": 6, "Plan Width": 0, "Index Cond": "(movie_id = mc.movie_id)"}]}]}, {"Node Type": "Bitmap Heap Scan", "Parent Relationship": "Inner", "Relation Name": "aka_name", "Alias": "an", "Startup Cost": 0.38, "Total Cost": 4.39, "Plan Rows": 1, "Plan Width": 20, "Recheck Cond": "(person_id = ci.person_id)", "Plans": [{"Node Type": "Bitmap Index Scan", "Parent Relationship": "Outer", "Index Name": "person_id_aka_name", "Startup Cost": 0.0, "Total Cost": 0.38, "Plan Rows": 1, "Plan Width": 0, "Index Cond": "(person_id = ci.person_id)"}]}]}, {"Node Type": "Bitmap Heap Scan", "Parent Relationship": "Inner", "Relation Name": "name", "Alias": "n", "Startup Cost": 0.33, "Total Cost": 4.34, "Plan Rows": 1, "Plan Width": 4, "Recheck Cond": "(id = an.person_id)", "Filter": "(((name)::text ~~ '%Yo%'::text) AND ((name)::text !~~ '%Yu%'::text))", "Plans": [{"Node Type": "Bitmap Index Scan", "Parent Relationship": "Outer", "Index Name": "name_pkey", "Startup Cost": 0.0, "Total Cost": 0.33, "Plan Rows": 1, "Plan Width": 0, "Index Cond": "(id = an.person_id)"}]}]}, {"Node Type": "Bitmap Heap Scan", "Parent Relationship": "Inner", "Relation Name": "role_type", "Alias": "rt", "Startup Cost": 0.26, "Total Cost": 4.27, "Plan Rows": 1, "Plan Width": 4, "Recheck Cond": "(id = ci.role_id)", "Filter": "((role)::text = 'actress'::text)", "Plans": [{"Node Type": "Bitmap Index Scan", "Parent Relationship": "Outer", "Index Name": "role_type_pkey", "Startup Cost": 0.0, "Total Cost": 0.26, "Plan Rows": 1, "Plan Width": 0, "Index Cond": "(id = ci.role_id)"}]}]}]}, "Unique SQL Id": 3956435728, "Planner Runtime": 12}, "explain_analyze_plan": null}, "(16, '36')": {"explain_plan": {"Plan": {"Node Type": "Aggregate", "Strategy": "Plain", "Startup Cost": 20891.31, "Total Cost": 20891.32, "Plan Rows": 1, "Plan Width": 97, "Plans": [{"Node Type": "Nested Loop", "Parent Relationship": "Outer", "Join Type": "Inner", "Startup Cost": 1069.17, "Total Cost": 20891.3, "Plan Rows": 1, "Plan Width": 33, "Inner Unique": true, "Plans": [{"Node Type": "Nested Loop", "Parent Relationship": "Outer", "Join Type": "Inner", "Startup Cost": 1069.17, "Total Cost": 20891.02, "Plan Rows": 1, "Plan Width": 37, "Inner Unique": true, "Plans": [{"Node Type": "Nested Loop", "Parent Relationship": "Outer", "Join Type": "Inner", "Startup Cost": 1069.17, "Total Cost": 20890.44, "Plan Rows": 1, "Plan Width": 45, "Inner Unique": true, "Plans": [{"Node Type": "Nested Loop", "Parent Relationship": "Outer", "Join Type": "Inner", "Startup Cost": 1069.17, "Total Cost": 20886.05, "Plan Rows": 1, "Plan Width": 49, "Inner Unique": false, "Plans": [{"Node Type": "Nested Loop", "Parent Relationship": "Outer", "Join Type": "Inner", "Startup Cost": 1069.17, "Total Cost": 20885.2, "Plan Rows": 1, "Plan Width": 29, "Inner Unique": false, "Join Filter": "(t.id = ci.movie_id)", "Plans": [{"Node Type": "Nested Loop", "Parent Relationship": "Outer", "Join Type": "Inner", "Startup Cost": 1069.17, "Total Cost": 20829.42, "Plan Rows": 2, "Plan Width": 29, "Inner Unique": false, "Plans": [{"Node Type": "Streaming(type: LOCAL GATHER dop: 1/16)", "Parent Relationship": "Outer", "Startup Cost": 1069.17, "Total Cost": 20335.44, "Plan Rows": 43, "Plan Width": 21, "Plans": [{"Node Type": "Seq Scan", "Parent Relationship": "Outer", "Relation Name": "title", "Alias": "t", "Startup Cost": 1069.17, "Total Cost": 20334.51, "Plan Rows": 43, "Plan Width": 21, "Filter": "((production_year >= 2006) AND (production_year <= 2007) AND (((title)::text ~~ 'One Piece%'::text) OR ((title)::text ~~ 'Dragon Ball Z%'::text)))"}]}, {"Node Type": "Index Scan", "Parent Relationship": "Inner", "Scan Direction": "Forward", "Index Name": "movie_id_movie_companies", "Relation Name": "movie_companies", "Alias": "mc", "Startup Cost": 0.0, "Total Cost": 11.48, "Plan Rows": 1, "Plan Width": 8, "Index Cond": "(movie_id = t.id)", "Filter": "(((note)::text ~~ '%(Japan)%'::text) AND ((note)::text !~~ '%(USA)%'::text) AND (((note)::text ~~ '%(2006)%'::text) OR ((note)::text ~~ '%(2007)%'::text)))"}]}, {"Node Type": "Index Scan", "Parent Relationship": "Inner", "Scan Direction": "Forward", "Index Name": "movie_id_cast_info", "Relation Name": "cast_info", "Alias": "ci", "Startup Cost": 0.0, "Total Cost": 27.88, "Plan Rows": 1, "Plan Width": 12, "Index Cond": "(movie_id = mc.movie_id)", "Filter": "((note)::text = '(voice: English version)'::text)"}]}, {"Node Type": "Index Scan", "Parent Relationship": "Inner", "Scan Direction": "Forward", "Index Name": "person_id_aka_name", "Relation Name": "aka_name", "Alias": "an", "Startup Cost": 0.0, "Total Cost": 0.84, "Plan Rows": 1, "Plan Width": 20, "Index Cond": "(person_id = ci.person_id)"}]}, {"Node Type": "Index Scan", "Parent Relationship": "Inner", "Scan Direction": "Forward", "Index Name": "company_name_pkey", "Relation Name": "company_name", "Alias": "cn", "Startup Cost": 0.0, "Total Cost": 4.37, "Plan Rows": 1, "Plan Width": 4, "Index Cond": "(id = mc.company_id)", "Filter": "((country_code)::text = '[jp]'::text)"}]}, {"Node Type": "Index Scan", "Parent Relationship": "Inner", "Scan Direction": "Forward", "Index Name": "name_pkey", "Relation Name": "name", "Alias": "n", "Startup Cost": 0.0, "Total Cost": 0.57, "Plan Rows": 1, "Plan Width": 4, "Index Cond": "(id = an.person_id)", "Filter": "(((name)::text ~~ '%Yo%'::text) AND ((name)::text !~~ '%Yu%'::text))"}]}, {"Node Type": "Index Scan", "Parent Relationship": "Inner", "Scan Direction": "Forward", "Index Name": "role_type_pkey", "Relation Name": "role_type", "Alias": "rt", "Startup Cost": 0.0, "Total Cost": 0.27, "Plan Rows": 1, "Plan Width": 4, "Index Cond": "(id = ci.role_id)", "Filter": "((role)::text = 'actress'::text)"}]}]}, "Unique SQL Id": 3956435728, "Planner Runtime": 20}, "explain_analyze_plan": {"Plan": {"Node Type": "Aggregate", "Strategy": "Plain", "Startup Cost": 20891.31, "Total Cost": 20891.32, "Plan Rows": 1, "Plan Width": 97, "Actual Min Startup Time": 82.24, "Actual Max Startup Time": 82.24, "Actual Min Total Time": 82.24, "Actual Max Total Time": 82.24, "Plans": [{"Node Type": "Nested Loop", "Parent Relationship": "Outer", "Join Type": "Inner", "Startup Cost": 1069.17, "Total Cost": 20891.3, "Plan Rows": 1, "Plan Width": 33, "Actual Min Startup Time": 79.771, "Actual Max Startup Time": 79.771, "Actual Min Total Time": 82.203, "Actual Max Total Time": 82.203, "Inner Unique": true, "Plans": [{"Node Type": "Nested Loop", "Parent Relationship": "Outer", "Join Type": "Inner", "Startup Cost": 1069.17, "Total Cost": 20891.02, "Plan Rows": 1, "Plan Width": 37, "Actual Min Startup Time": 79.76, "Actual Max Startup Time": 79.76, "Actual Min Total Time": 82.178, "Actual Max Total Time": 82.178, "Inner Unique": true, "Plans": [{"Node Type": "Nested Loop", "Parent Relationship": "Outer", "Join Type": "Inner", "Startup Cost": 1069.17, "Total Cost": 20890.44, "Plan Rows": 1, "Plan Width": 45, "Actual Min Startup Time": 78.621, "Actual Max Startup Time": 78.621, "Actual Min Total Time": 81.338, "Actual Max Total Time": 81.338, "Inner Unique": true, "Plans": [{"Node Type": "Nested Loop", "Parent Relationship": "Outer", "Join Type": "Inner", "Startup Cost": 1069.17, "Total Cost": 20886.05, "Plan Rows": 1, "Plan Width": 49, "Actual Min Startup Time": 78.603, "Actual Max Startup Time": 78.603, "Actual Min Total Time": 80.695, "Actual Max Total Time": 80.695, "Inner Unique": false, "Plans": [{"Node Type": "Nested Loop", "Parent Relationship": "Outer", "Join Type": "Inner", "Startup Cost": 1069.17, "Total Cost": 20885.2, "Plan Rows": 1, "Plan Width": 29, "Actual Min Startup Time": 78.587, "Actual Max Startup Time": 78.587, "Actual Min Total Time": 79.943, "Actual Max Total Time": 79.943, "Inner Unique": false, "Join Filter": "(t.id = ci.movie_id)", "Rows Removed by Join Filter": 0, "Plans": [{"Node Type": "Nested Loop", "Parent Relationship": "Outer", "Join Type": "Inner", "Startup Cost": 1069.17, "Total Cost": 20829.42, "Plan Rows": 2, "Plan Width": 29, "Actual Min Startup Time": 78.48, "Actual Max Startup Time": 78.48, "Actual Min Total Time": 79.571, "Actual Max Total Time": 79.571, "Inner Unique": false, "Plans": [{"Node Type": "Streaming(type: LOCAL GATHER dop: 1/16)", "Parent Relationship": "Outer", "Startup Cost": 1069.17, "Total Cost": 20335.44, "Plan Rows": 43, "Plan Width": 21, "Actual Min Startup Time": 78.374, "Actual Max Startup Time": 78.374, "Actual Min Total Time": 79.397, "Actual Max Total Time": 79.397, "Plans": [{"Node Type": "Seq Scan", "Parent Relationship": "Outer", "Relation Name": "title", "Alias": "t", "Startup Cost": 1069.17, "Total Cost": 20334.51, "Plan Rows": 43, "Plan Width": 21, "Actual Min Startup Time": 48.113, "Actual Max Startup Time": 65.731, "Actual Min Total Time": 62.348, "Actual Max Total Time": 65.731, "Filter": "((production_year >= 2006) AND (production_year <= 2007) AND (((title)::text ~~ 'One Piece%'::text) OR ((title)::text ~~ 'Dragon Ball Z%'::text)))", "Rows Removed by Filter": 2528304, "Actual Rows": 7}], "Actual Rows": 7}, {"Node Type": "Index Scan", "Parent Relationship": "Inner", "Scan Direction": "Forward", "Index Name": "movie_id_movie_companies", "Relation Name": "movie_companies", "Alias": "mc", "Startup Cost": 0.0, "Total Cost": 11.48, "Plan Rows": 1, "Plan Width": 8, "Actual Min Startup Time": 0.139, "Actual Max Startup Time": 0.139, "Actual Min Total Time": 0.148, "Actual Max Total Time": 0.148, "Index Cond": "(movie_id = t.id)", "Rows Removed by Index Recheck": 0, "Filter": "(((note)::text ~~ '%(Japan)%'::text) AND ((note)::text !~~ '%(USA)%'::text) AND (((note)::text ~~ '%(2006)%'::text) OR ((note)::text ~~ '%(2007)%'::text)))", "Rows Removed by Filter": 13, "Actual Rows": 4}], "Actual Rows": 4}, {"Node Type": "Index Scan", "Parent Relationship": "Inner", "Scan Direction": "Forward", "Index Name": "movie_id_cast_info", "Relation Name": "cast_info", "Alias": "ci", "Startup Cost": 0.0, "Total Cost": 27.88, "Plan Rows": 1, "Plan Width": 12, "Actual Min Startup Time": 0.106, "Actual Max Startup Time": 0.106, "Actual Min Total Time": 0.331, "Actual Max Total Time": 0.331, "Index Cond": "(movie_id = mc.movie_id)", "Rows Removed by Index Recheck": 0, "Filter": "((note)::text = '(voice: English version)'::text)", "Rows Removed by Filter": 68, "Actual Rows": 104}], "Actual Rows": 104}, {"Node Type": "Index Scan", "Parent Relationship": "Inner", "Scan Direction": "Forward", "Index Name": "person_id_aka_name", "Relation Name": "aka_name", "Alias": "an", "Startup Cost": 0.0, "Total Cost": 0.84, "Plan Rows": 1, "Plan Width": 20, "Actual Min Startup Time": 0.52, "Actual Max Startup Time": 0.52, "Actual Min Total Time": 0.636, "Actual Max Total Time": 0.636, "Index Cond": "(person_id = ci.person_id)", "Rows Removed by Index Recheck": 0, "Actual Rows": 171}], "Actual Rows": 171}, {"Node Type": "Index Scan", "Parent Relationship": "Inner", "Scan Direction": "Forward", "Index Name": "company_name_pkey", "Relation Name": "company_name", "Alias": "cn", "Startup Cost": 0.0, "Total Cost": 4.37, "Plan Rows": 1, "Plan Width": 4, "Actual Min Startup Time": 0.51, "Actual Max Startup Time": 0.51, "Actual Min Total Time": 0.51, "Actual Max Total Time": 0.51, "Index Cond": "(id = mc.company_id)", "Rows Removed by Index Recheck": 0, "Filter": "((country_code)::text = '[jp]'::text)", "Rows Removed by Filter": 0, "Actual Rows": 171}], "Actual Rows": 171}, {"Node Type": "Index Scan", "Parent Relationship": "Inner", "Scan Direction": "Forward", "Index Name": "name_pkey", "Relation Name": "name", "Alias": "n", "Startup Cost": 0.0, "Total Cost": 0.57, "Plan Rows": 1, "Plan Width": 4, "Actual Min Startup Time": 0.745, "Actual Max Startup Time": 0.745, "Actual Min Total Time": 0.745, "Actual Max Total Time": 0.745, "Index Cond": "(id = an.person_id)", "Rows Removed by Index Recheck": 0, "Filter": "(((name)::text ~~ '%Yo%'::text) AND ((name)::text !~~ '%Yu%'::text))", "Rows Removed by Filter": 165, "Actual Rows": 6}], "Actual Rows": 6}, {"Node Type": "Index Scan", "Parent Relationship": "Inner", "Scan Direction": "Forward", "Index Name": "role_type_pkey", "Relation Name": "role_type", "Alias": "rt", "Startup Cost": 0.0, "Total Cost": 0.27, "Plan Rows": 1, "Plan Width": 4, "Actual Min Startup Time": 0.018, "Actual Max Startup Time": 0.018, "Actual Min Total Time": 0.018, "Actual Max Total Time": 0.018, "Index Cond": "(id = ci.role_id)", "Rows Removed by Index Recheck": 0, "Filter": "((role)::text = 'actress'::text)", "Rows Removed by Filter": 0, "Actual Rows": 6}], "Actual Rows": 6}], "Actual Rows": 1}, "Triggers": [], "Planner Runtime": 30.568, "Total Runtime": 84.938, "Unique SQL Id": 3956435728}}, "(16, '37')": {"explain_plan": {"Plan": {"Node Type": "Aggregate", "Strategy": "Plain", "Startup Cost": 82294.12, "Total Cost": 82294.13, "Plan Rows": 1, "Plan Width": 97, "Plans": [{"Node Type": "Nested Loop", "Parent Relationship": "Outer", "Join Type": "Inner", "Startup Cost": 2780.8, "Total Cost": 82294.12, "Plan Rows": 1, "Plan Width": 33, "Inner Unique": true, "Plans": [{"Node Type": "Nested Loop", "Parent Relationship": "Outer", "Join Type": "Inner", "Startup Cost": 2780.8, "Total Cost": 82293.84, "Plan Rows": 1, "Plan Width": 37, "Inner Unique": true, "Plans": [{"Node Type": "Nested Loop", "Parent Relationship": "Outer", "Join Type": "Inner", "Startup Cost": 2780.8, "Total Cost": 82293.26, "Plan Rows": 1, "Plan Width": 45, "Inner Unique": false, "Plans": [{"Node Type": "Nested Loop", "Parent Relationship": "Outer", "Join Type": "Inner", "Startup Cost": 2780.8, "Total Cost": 82292.4, "Plan Rows": 1, "Plan Width": 25, "Inner Unique": false, "Join Filter": "(t.id = ci.movie_id)", "Plans": [{"Node Type": "Nested Loop", "Parent Relationship": "Outer", "Join Type": "Inner", "Startup Cost": 2780.8, "Total Cost": 82236.62, "Plan Rows": 2, "Plan Width": 25, "Inner Unique": true, "Plans": [{"Node Type": "Nested Loop", "Parent Relationship": "Outer", "Join Type": "Inner", "Startup Cost": 2780.8, "Total Cost": 80174.39, "Plan Rows": 262, "Plan Width": 4, "Inner Unique": false, "Plans": [{"Node Type": "Bitmap Heap Scan", "Parent Relationship": "Outer", "Relation Name": "company_name", "Alias": "cn", "Startup Cost": 2780.8, "Total Cost": 8684.25, "Plan Rows": 6290, "Plan Width": 4, "Filter": "((country_code)::text = '[jp]'::text)", "Plans": [{"Node Type": "Bitmap Index Scan", "Parent Relationship": "Outer", "Index Name": "company_name_pkey", "Startup Cost": 0.0, "Total Cost": 2779.23, "Plan Rows": 234996, "Plan Width": 0}]}, {"Node Type": "Index Scan", "Parent Relationship": "Inner", "Scan Direction": "Forward", "Index Name": "company_id_movie_companies", "Relation Name": "movie_companies", "Alias": "mc", "Startup Cost": 0.0, "Total Cost": 11.36, "Plan Rows": 1, "Plan Width": 8, "Index Cond": "(company_id = cn.id)", "Filter": "(((note)::text ~~ '%(Japan)%'::text) AND ((note)::text !~~ '%(USA)%'::text) AND (((note)::text ~~ '%(2006)%'::text) OR ((note)::text ~~ '%(2007)%'::text)))"}]}, {"Node Type": "Index Scan", "Parent Relationship": "Inner", "Scan Direction": "Forward", "Index Name": "title_pkey", "Relation Name": "title", "Alias": "t", "Startup Cost": 0.0, "Total Cost": 7.86, "Plan Rows": 1, "Plan Width": 21, "Index Cond": "(id = mc.movie_id)", "Filter": "((production_year >= 2006) AND (production_year <= 2007) AND (((title)::text ~~ 'One Piece%'::text) OR ((title)::text ~~ 'Dragon Ball Z%'::text)))"}]}, {"Node Type": "Index Scan", "Parent Relationship": "Inner", "Scan Direction": "Forward", "Index Name": "movie_id_cast_info", "Relation Name": "cast_info", "Alias": "ci", "Startup Cost": 0.0, "Total Cost": 27.88, "Plan Rows": 1, "Plan Width": 12, "Index Cond": "(movie_id = mc.movie_id)", "Filter": "((note)::text = '(voice: English version)'::text)"}]}, {"Node Type": "Index Scan", "Parent Relationship": "Inner", "Scan Direction": "Forward", "Index Name": "person_id_aka_name", "Relation Name": "aka_name", "Alias": "an", "Startup Cost": 0.0, "Total Cost": 0.84, "Plan Rows": 1, "Plan Width": 20, "Index Cond": "(person_id = ci.person_id)"}]}, {"Node Type": "Index Scan", "Parent Relationship": "Inner", "Scan Direction": "Forward", "Index Name": "name_pkey", "Relation Name": "name", "Alias": "n", "Startup Cost": 0.0, "Total Cost": 0.57, "Plan Rows": 1, "Plan Width": 4, "Index Cond": "(id = an.person_id)", "Filter": "(((name)::text ~~ '%Yo%'::text) AND ((name)::text !~~ '%Yu%'::text))"}]}, {"Node Type": "Index Scan", "Parent Relationship": "Inner", "Scan Direction": "Forward", "Index Name": "role_type_pkey", "Relation Name": "role_type", "Alias": "rt", "Startup Cost": 0.0, "Total Cost": 0.27, "Plan Rows": 1, "Plan Width": 4, "Index Cond": "(id = ci.role_id)", "Filter": "((role)::text = 'actress'::text)"}]}]}, "Unique SQL Id": 3956435728, "Planner Runtime": 18}, "explain_analyze_plan": null}, "(16, '38')": {"explain_plan": {"Plan": {"Node Type": "Aggregate", "Strategy": "Plain", "Startup Cost": 20934.05, "Total Cost": 20934.06, "Plan Rows": 1, "Plan Width": 97, "Plans": [{"Node Type": "Nested Loop", "Parent Relationship": "Outer", "Join Type": "Inner", "Startup Cost": 1079.65, "Total Cost": 20934.05, "Plan Rows": 1, "Plan Width": 33, "Inner Unique": true, "Join Filter": "(ci.role_id = rt.id)", "Plans": [{"Node Type": "Nested Loop", "Parent Relationship": "Outer", "Join Type": "Inner", "Startup Cost": 1079.65, "Total Cost": 20932.89, "Plan Rows": 1, "Plan Width": 37, "Inner Unique": true, "Plans": [{"Node Type": "Nested Loop", "Parent Relationship": "Outer", "Join Type": "Inner", "Startup Cost": 1079.32, "Total Cost": 20928.53, "Plan Rows": 1, "Plan Width": 45, "Inner Unique": true, "Plans": [{"Node Type": "Nested Loop", "Parent Relationship": "Outer", "Join Type": "Inner", "Startup Cost": 1078.09, "Total Cost": 20923.28, "Plan Rows": 1, "Plan Width": 49, "Inner Unique": false, "Plans": [{"Node Type": "Nested Loop", "Parent Relationship": "Outer", "Join Type": "Inner", "Startup Cost": 1077.71, "Total Cost": 20918.87, "Plan Rows": 1, "Plan Width": 29, "Inner Unique": false, "Join Filter": "(t.id = ci.movie_id)", "Plans": [{"Node Type": "Nested Loop", "Parent Relationship": "Outer", "Join Type": "Inner", "Startup Cost": 1073.44, "Total Cost": 20862.3, "Plan Rows": 2, "Plan Width": 29, "Inner Unique": false, "Plans": [{"Node Type": "Streaming(type: LOCAL GATHER dop: 1/16)", "Parent Relationship": "Outer", "Startup Cost": 1069.17, "Total Cost": 20335.44, "Plan Rows": 43, "Plan Width": 21, "Plans": [{"Node Type": "Seq Scan", "Parent Relationship": "Outer", "Relation Name": "title", "Alias": "t", "Startup Cost": 1069.17, "Total Cost": 20334.51, "Plan Rows": 43, "Plan Width": 21, "Filter": "((production_year >= 2006) AND (production_year <= 2007) AND (((title)::text ~~ 'One Piece%'::text) OR ((title)::text ~~ 'Dragon Ball Z%'::text)))"}]}, {"Node Type": "Bitmap Heap Scan", "Parent Relationship": "Inner", "Relation Name": "movie_companies", "Alias": "mc", "Startup Cost": 4.27, "Total Cost": 12.24, "Plan Rows": 1, "Plan Width": 8, "Recheck Cond": "(movie_id = t.id)", "Filter": "(((note)::text ~~ '%(Japan)%'::text) AND ((note)::text !~~ '%(USA)%'::text) AND (((note)::text ~~ '%(2006)%'::text) OR ((note)::text ~~ '%(2007)%'::text)))", "Plans": [{"Node Type": "Bitmap Index Scan", "Parent Relationship": "Outer", "Index Name": "movie_id_movie_companies", "Startup Cost": 0.0, "Total Cost": 4.26, "Plan Rows": 2, "Plan Width": 0, "Index Cond": "(movie_id = t.id)"}]}]}, {"Node Type": "Bitmap Heap Scan", "Parent Relationship": "Inner", "Relation Name": "cast_info", "Alias": "ci", "Startup Cost": 4.27, "Total Cost": 28.27, "Plan Rows": 1, "Plan Width": 12, "Recheck Cond": "(movie_id = mc.movie_id)", "Filter": "((note)::text = '(voice: English version)'::text)", "Plans": [{"Node Type": "Bitmap Index Scan", "Parent Relationship": "Outer", "Index Name": "movie_id_cast_info", "Startup Cost": 0.0, "Total Cost": 4.27, "Plan Rows": 6, "Plan Width": 0, "Index Cond": "(movie_id = mc.movie_id)"}]}]}, {"Node Type": "Bitmap Heap Scan", "Parent Relationship": "Inner", "Relation Name": "aka_name", "Alias": "an", "Startup Cost": 0.38, "Total Cost": 4.39, "Plan Rows": 1, "Plan Width": 20, "Recheck Cond": "(person_id = ci.person_id)", "Plans": [{"Node Type": "Bitmap Index Scan", "Parent Relationship": "Outer", "Index Name": "person_id_aka_name", "Startup Cost": 0.0, "Total Cost": 0.38, "Plan Rows": 1, "Plan Width": 0, "Index Cond": "(person_id = ci.person_id)"}]}]}, {"Node Type": "Bitmap Heap Scan", "Parent Relationship": "Inner", "Relation Name": "company_name", "Alias": "cn", "Startup Cost": 1.23, "Total Cost": 5.24, "Plan Rows": 1, "Plan Width": 4, "Recheck Cond": "(id = mc.company_id)", "Filter": "((country_code)::text = '[jp]'::text)", "Plans": [{"Node Type": "Bitmap Index Scan", "Parent Relationship": "Outer", "Index Name": "company_name_pkey", "Startup Cost": 0.0, "Total Cost": 1.23, "Plan Rows": 1, "Plan Width": 0, "Index Cond": "(id = mc.company_id)"}]}]}, {"Node Type": "Bitmap Heap Scan", "Parent Relationship": "Inner", "Relation Name": "name", "Alias": "n", "Startup Cost": 0.33, "Total Cost": 4.34, "Plan Rows": 1, "Plan Width": 4, "Recheck Cond": "(id = an.person_id)", "Filter": "(((name)::text ~~ '%Yo%'::text) AND ((name)::text !~~ '%Yu%'::text))", "Plans": [{"Node Type": "Bitmap Index Scan", "Parent Relationship": "Outer", "Index Name": "name_pkey", "Startup Cost": 0.0, "Total Cost": 0.33, "Plan Rows": 1, "Plan Width": 0, "Index Cond": "(id = an.person_id)"}]}]}, {"Node Type": "Seq Scan", "Parent Relationship": "Inner", "Relation Name": "role_type", "Alias": "rt", "Startup Cost": 0.0, "Total Cost": 1.15, "Plan Rows": 1, "Plan Width": 4, "Filter": "((role)::text = 'actress'::text)"}]}]}, "Unique SQL Id": 3956435728, "Planner Runtime": 36}, "explain_analyze_plan": {"Plan": {"Node Type": "Aggregate", "Strategy": "Plain", "Startup Cost": 20934.05, "Total Cost": 20934.06, "Plan Rows": 1, "Plan Width": 97, "Actual Min Startup Time": 84.297, "Actual Max Startup Time": 84.297, "Actual Min Total Time": 84.298, "Actual Max Total Time": 84.298, "Plans": [{"Node Type": "Nested Loop", "Parent Relationship": "Outer", "Join Type": "Inner", "Startup Cost": 1079.65, "Total Cost": 20934.05, "Plan Rows": 1, "Plan Width": 33, "Actual Min Startup Time": 81.444, "Actual Max Startup Time": 81.444, "Actual Min Total Time": 84.256, "Actual Max Total Time": 84.256, "Inner Unique": true, "Join Filter": "(ci.role_id = rt.id)", "Rows Removed by Join Filter": 0, "Plans": [{"Node Type": "Nested Loop", "Parent Relationship": "Outer", "Join Type": "Inner", "Startup Cost": 1079.65, "Total Cost": 20932.89, "Plan Rows": 1, "Plan Width": 37, "Actual Min Startup Time": 81.407, "Actual Max Startup Time": 81.407, "Actual Min Total Time": 84.189, "Actual Max Total Time": 84.189, "Inner Unique": true, "Plans": [{"Node Type": "Nested Loop", "Parent Relationship": "Outer", "Join Type": "Inner", "Startup Cost": 1079.32, "Total Cost": 20928.53, "Plan Rows": 1, "Plan Width": 45, "Actual Min Startup Time": 79.94, "Actual Max Startup Time": 79.94, "Actual Min Total Time": 83.048, "Actual Max Total Time": 83.048, "Inner Unique": true, "Plans": [{"Node Type": "Nested Loop", "Parent Relationship": "Outer", "Join Type": "Inner", "Startup Cost": 1078.09, "Total Cost": 20923.28, "Plan Rows": 1, "Plan Width": 49, "Actual Min Startup Time": 79.918, "Actual Max Startup Time": 79.918, "Actual Min Total Time": 82.123, "Actual Max Total Time": 82.123, "Inner Unique": false, "Plans": [{"Node Type": "Nested Loop", "Parent Relationship": "Outer", "Join Type": "Inner", "Startup Cost": 1077.71, "Total Cost": 20918.87, "Plan Rows": 1, "Plan Width": 29, "Actual Min Startup Time": 79.893, "Actual Max Startup Time": 79.893, "Actual Min Total Time": 81.166, "Actual Max Total Time": 81.166, "Inner Unique": false, "Join Filter": "(t.id = ci.movie_id)", "Rows Removed by Join Filter": 0, "Plans": [{"Node Type": "Nested Loop", "Parent Relationship": "Outer", "Join Type": "Inner", "Startup Cost": 1073.44, "Total Cost": 20862.3, "Plan Rows": 2, "Plan Width": 29, "Actual Min Startup Time": 79.734, "Actual Max Startup Time": 79.734, "Actual Min Total Time": 80.712, "Actual Max Total Time": 80.712, "Inner Unique": false, "Plans": [{"Node Type": "Streaming(type: LOCAL GATHER dop: 1/16)", "Parent Relationship": "Outer", "Startup Cost": 1069.17, "Total Cost": 20335.44, "Plan Rows": 43, "Plan Width": 21, "Actual Min Startup Time": 79.604, "Actual Max Startup Time": 79.604, "Actual Min Total Time": 80.477, "Actual Max Total Time": 80.477, "Plans": [{"Node Type": "Seq Scan", "Parent Relationship": "Outer", "Relation Name": "title", "Alias": "t", "Startup Cost": 1069.17, "Total Cost": 20334.51, "Plan Rows": 43, "Plan Width": 21, "Actual Min Startup Time": 48.136, "Actual Max Startup Time": 65.75, "Actual Min Total Time": 62.49, "Actual Max Total Time": 65.75, "Filter": "((production_year >= 2006) AND (production_year <= 2007) AND (((title)::text ~~ 'One Piece%'::text) OR ((title)::text ~~ 'Dragon Ball Z%'::text)))", "Rows Removed by Filter": 2528304, "Actual Rows": 7}], "Actual Rows": 7}, {"Node Type": "Bitmap Heap Scan", "Parent Relationship": "Inner", "Relation Name": "movie_companies", "Alias": "mc", "Startup Cost": 4.27, "Total Cost": 12.24, "Plan Rows": 1, "Plan Width": 8, "Actual Min Startup Time": 0.18, "Actual Max Startup Time": 0.18, "Actual Min Total Time": 0.19, "Actual Max Total Time": 0.19, "Recheck Cond": "(movie_id = t.id)", "Rows Removed by Index Recheck": 0, "Filter": "(((note)::text ~~ '%(Japan)%'::text) AND ((note)::text !~~ '%(USA)%'::text) AND (((note)::text ~~ '%(2006)%'::text) OR ((note)::text ~~ '%(2007)%'::text)))", "Rows Removed by Filter": 13, "Exact Heap Blocks": 13, "Lossy Heap Blocks": 13, "Plans": [{"Node Type": "Bitmap Index Scan", "Parent Relationship": "Outer", "Index Name": "movie_id_movie_companies", "Startup Cost": 0.0, "Total Cost": 4.26, "Plan Rows": 2, "Plan Width": 0, "Actual Min Startup Time": 0.081, "Actual Max Startup Time": 0.081, "Actual Min Total Time": 0.081, "Actual Max Total Time": 0.081, "Index Cond": "(movie_id = t.id)", "Actual Rows": 17}], "Actual Rows": 4}], "Actual Rows": 4}, {"Node Type": "Bitmap Heap Scan", "Parent Relationship": "Inner", "Relation Name": "cast_info", "Alias": "ci", "Startup Cost": 4.27, "Total Cost": 28.27, "Plan Rows": 1, "Plan Width": 12, "Actual Min Startup Time": 0.163, "Actual Max Startup Time": 0.163, "Actual Min Total Time": 0.401, "Actual Max Total Time": 0.401, "Recheck Cond": "(movie_id = mc.movie_id)", "Rows Removed by Index Recheck": 0, "Filter": "((note)::text = '(voice: English version)'::text)", "Rows Removed by Filter": 68, "Exact Heap Blocks": 133, "Lossy Heap Blocks": 133, "Plans": [{"Node Type": "Bitmap Index Scan", "Parent Relationship": "Outer", "Index Name": "movie_id_cast_info", "Startup Cost": 0.0, "Total Cost": 4.27, "Plan Rows": 6, "Plan Width": 0, "Actual Min Startup Time": 0.057, "Actual Max Startup Time": 0.057, "Actual Min Total Time": 0.057, "Actual Max Total Time": 0.057, "Index Cond": "(movie_id = mc.movie_id)", "Actual Rows": 172}], "Actual Rows": 104}], "Actual Rows": 104}, {"Node Type": "Bitmap Heap Scan", "Parent Relationship": "Inner", "Relation Name": "aka_name", "Alias": "an", "Startup Cost": 0.38, "Total Cost": 4.39, "Plan Rows": 1, "Plan Width": 20, "Actual Min Startup Time": 0.699, "Actual Max Startup Time": 0.699, "Actual Min Total Time": 0.778, "Actual Max Total Time": 0.778, "Recheck Cond": "(person_id = ci.person_id)", "Rows Removed by Index Recheck": 0, "Exact Heap Blocks": 105, "Lossy Heap Blocks": 105, "Plans": [{"Node Type": "Bitmap Index Scan", "Parent Relationship": "Outer", "Index Name": "person_id_aka_name", "Startup Cost": 0.0, "Total Cost": 0.38, "Plan Rows": 1, "Plan Width": 0, "Actual Min Startup Time": 0.49, "Actual Max Startup Time": 0.49, "Actual Min Total Time": 0.49, "Actual Max Total Time": 0.49, "Index Cond": "(person_id = ci.person_id)", "Actual Rows": 171}], "Actual Rows": 171}], "Actual Rows": 171}, {"Node Type": "Bitmap Heap Scan", "Parent Relationship": "Inner", "Relation Name": "company_name", "Alias": "cn", "Startup Cost": 1.23, "Total Cost": 5.24, "Plan Rows": 1, "Plan Width": 4, "Actual Min Startup Time": 0.698, "Actual Max Startup Time": 0.698, "Actual Min Total Time": 0.698, "Actual Max Total Time": 0.698, "Recheck Cond": "(id = mc.company_id)", "Rows Removed by Index Recheck": 0, "Filter": "((country_code)::text = '[jp]'::text)", "Rows Removed by Filter": 0, "Exact Heap Blocks": 171, "Lossy Heap Blocks": 171, "Plans": [{"Node Type": "Bitmap Index Scan", "Parent Relationship": "Outer", "Index Name": "company_name_pkey", "Startup Cost": 0.0, "Total Cost": 1.23, "Plan Rows": 1, "Plan Width": 0, "Actual Min Startup Time": 0.417, "Actual Max Startup Time": 0.417, "Actual Min Total Time": 0.417, "Actual Max Total Time": 0.417, "Index Cond": "(id = mc.company_id)", "Actual Rows": 171}], "Actual Rows": 171}], "Actual Rows": 171}, {"Node Type": "Bitmap Heap Scan", "Parent Relationship": "Inner", "Relation Name": "name", "Alias": "n", "Startup Cost": 0.33, "Total Cost": 4.34, "Plan Rows": 1, "Plan Width": 4, "Actual Min Startup Time": 0.933, "Actual Max Startup Time": 0.933, "Actual Min Total Time": 0.933, "Actual Max Total Time": 0.933, "Recheck Cond": "(id = an.person_id)", "Rows Removed by Index Recheck": 0, "Filter": "(((name)::text ~~ '%Yo%'::text) AND ((name)::text !~~ '%Yu%'::text))", "Rows Removed by Filter": 165, "Exact Heap Blocks": 171, "Lossy Heap Blocks": 171, "Plans": [{"Node Type": "Bitmap Index Scan", "Parent Relationship": "Outer", "Index Name": "name_pkey", "Startup Cost": 0.0, "Total Cost": 0.33, "Plan Rows": 1, "Plan Width": 0, "Actual Min Startup Time": 0.539, "Actual Max Startup Time": 0.539, "Actual Min Total Time": 0.539, "Actual Max Total Time": 0.539, "Index Cond": "(id = an.person_id)", "Actual Rows": 171}], "Actual Rows": 6}], "Actual Rows": 6}, {"Node Type": "Seq Scan", "Parent Relationship": "Inner", "Relation Name": "role_type", "Alias": "rt", "Startup Cost": 0.0, "Total Cost": 1.15, "Plan Rows": 1, "Plan Width": 4, "Actual Min Startup Time": 0.038, "Actual Max Startup Time": 0.038, "Actual Min Total Time": 0.038, "Actual Max Total Time": 0.038, "Filter": "((role)::text = 'actress'::text)", "Rows Removed by Filter": 6, "Actual Rows": 6}], "Actual Rows": 6}], "Actual Rows": 1}, "Triggers": [], "Planner Runtime": 46.031, "Total Runtime": 87.116, "Unique SQL Id": 3956435728}}, "(16, '39')": {"explain_plan": {"Plan": {"Node Type": "Aggregate", "Strategy": "Plain", "Startup Cost": 108949.86, "Total Cost": 108949.87, "Plan Rows": 1, "Plan Width": 97, "Plans": [{"Node Type": "Nested Loop", "Parent Relationship": "Outer", "Join Type": "Inner", "Startup Cost": 2793.35, "Total Cost": 108949.85, "Plan Rows": 1, "Plan Width": 33, "Inner Unique": true, "Plans": [{"Node Type": "Nested Loop", "Parent Relationship": "Outer", "Join Type": "Inner", "Startup Cost": 2793.09, "Total Cost": 108945.57, "Plan Rows": 1, "Plan Width": 37, "Inner Unique": true, "Plans": [{"Node Type": "Nested Loop", "Parent Relationship": "Outer", "Join Type": "Inner", "Startup Cost": 2792.76, "Total Cost": 108941.22, "Plan Rows": 1, "Plan Width": 45, "Inner Unique": false, "Plans": [{"Node Type": "Nested Loop", "Parent Relationship": "Outer", "Join Type": "Inner", "Startup Cost": 2792.38, "Total Cost": 108936.81, "Plan Rows": 1, "Plan Width": 25, "Inner Unique": false, "Join Filter": "(t.id = ci.movie_id)", "Plans": [{"Node Type": "Nested Loop", "Parent Relationship": "Outer", "Join Type": "Inner", "Startup Cost": 2788.11, "Total Cost": 108880.24, "Plan Rows": 2, "Plan Width": 25, "Inner Unique": true, "Plans": [{"Node Type": "Nested Loop", "Parent Relationship": "Outer", "Join Type": "Inner", "Startup Cost": 2784.18, "Total Cost": 106793.84, "Plan Rows": 262, "Plan Width": 4, "Inner Unique": false, "Plans": [{"Node Type": "Bitmap Heap Scan", "Parent Relationship": "Outer", "Relation Name": "company_name", "Alias": "cn", "Startup Cost": 2780.8, "Total Cost": 8684.25, "Plan Rows": 6290, "Plan Width": 4, "Filter": "((country_code)::text = '[jp]'::text)", "Plans": [{"Node Type": "Bitmap Index Scan", "Parent Relationship": "Outer", "Index Name": "company_name_pkey", "Startup Cost": 0.0, "Total Cost": 2779.23, "Plan Rows": 234996, "Plan Width": 0}]}, {"Node Type": "Bitmap Heap Scan", "Parent Relationship": "Inner", "Relation Name": "movie_companies", "Alias": "mc", "Startup Cost": 3.37, "Total Cost": 15.59, "Plan Rows": 1, "Plan Width": 8, "Recheck Cond": "(company_id = cn.id)", "Filter": "(((note)::text ~~ '%(Japan)%'::text) AND ((note)::text !~~ '%(USA)%'::text) AND (((note)::text ~~ '%(2006)%'::text) OR ((note)::text ~~ '%(2007)%'::text)))", "Plans": [{"Node Type": "Bitmap Index Scan", "Parent Relationship": "Outer", "Index Name": "company_id_movie_companies", "Startup Cost": 0.0, "Total Cost": 3.37, "Plan Rows": 15, "Plan Width": 0, "Index Cond": "(company_id = cn.id)"}]}]}, {"Node Type": "Bitmap Heap Scan", "Parent Relationship": "Inner", "Relation Name": "title", "Alias": "t", "Startup Cost": 3.93, "Total Cost": 7.95, "Plan Rows": 1, "Plan Width": 21, "Recheck Cond": "(id = mc.movie_id)", "Filter": "((production_year >= 2006) AND (production_year <= 2007) AND (((title)::text ~~ 'One Piece%'::text) OR ((title)::text ~~ 'Dragon Ball Z%'::text)))", "Plans": [{"Node Type": "Bitmap Index Scan", "Parent Relationship": "Outer", "Index Name": "title_pkey", "Startup Cost": 0.0, "Total Cost": 3.93, "Plan Rows": 1, "Plan Width": 0, "Index Cond": "(id = mc.movie_id)"}]}]}, {"Node Type": "Bitmap Heap Scan", "Parent Relationship": "Inner", "Relation Name": "cast_info", "Alias": "ci", "Startup Cost": 4.27, "Total Cost": 28.27, "Plan Rows": 1, "Plan Width": 12, "Recheck Cond": "(movie_id = mc.movie_id)", "Filter": "((note)::text = '(voice: English version)'::text)", "Plans": [{"Node Type": "Bitmap Index Scan", "Parent Relationship": "Outer", "Index Name": "movie_id_cast_info", "Startup Cost": 0.0, "Total Cost": 4.27, "Plan Rows": 6, "Plan Width": 0, "Index Cond": "(movie_id = mc.movie_id)"}]}]}, {"Node Type": "Bitmap Heap Scan", "Parent Relationship": "Inner", "Relation Name": "aka_name", "Alias": "an", "Startup Cost": 0.38, "Total Cost": 4.39, "Plan Rows": 1, "Plan Width": 20, "Recheck Cond": "(person_id = ci.person_id)", "Plans": [{"Node Type": "Bitmap Index Scan", "Parent Relationship": "Outer", "Index Name": "person_id_aka_name", "Startup Cost": 0.0, "Total Cost": 0.38, "Plan Rows": 1, "Plan Width": 0, "Index Cond": "(person_id = ci.person_id)"}]}]}, {"Node Type": "Bitmap Heap Scan", "Parent Relationship": "Inner", "Relation Name": "name", "Alias": "n", "Startup Cost": 0.33, "Total Cost": 4.34, "Plan Rows": 1, "Plan Width": 4, "Recheck Cond": "(id = an.person_id)", "Filter": "(((name)::text ~~ '%Yo%'::text) AND ((name)::text !~~ '%Yu%'::text))", "Plans": [{"Node Type": "Bitmap Index Scan", "Parent Relationship": "Outer", "Index Name": "name_pkey", "Startup Cost": 0.0, "Total Cost": 0.33, "Plan Rows": 1, "Plan Width": 0, "Index Cond": "(id = an.person_id)"}]}]}, {"Node Type": "Bitmap Heap Scan", "Parent Relationship": "Inner", "Relation Name": "role_type", "Alias": "rt", "Startup Cost": 0.26, "Total Cost": 4.27, "Plan Rows": 1, "Plan Width": 4, "Recheck Cond": "(id = ci.role_id)", "Filter": "((role)::text = 'actress'::text)", "Plans": [{"Node Type": "Bitmap Index Scan", "Parent Relationship": "Outer", "Index Name": "role_type_pkey", "Startup Cost": 0.0, "Total Cost": 0.26, "Plan Rows": 1, "Plan Width": 0, "Index Cond": "(id = ci.role_id)"}]}]}]}, "Unique SQL Id": 3956435728, "Planner Runtime": 12}, "explain_analyze_plan": null}, "(16, '40')": {"explain_plan": {"Plan": {"Node Type": "Aggregate", "Strategy": "Plain", "Startup Cost": 20891.31, "Total Cost": 20891.32, "Plan Rows": 1, "Plan Width": 97, "Plans": [{"Node Type": "Nested Loop", "Parent Relationship": "Outer", "Join Type": "Inner", "Startup Cost": 1069.17, "Total Cost": 20891.3, "Plan Rows": 1, "Plan Width": 33, "Inner Unique": true, "Plans": [{"Node Type": "Nested Loop", "Parent Relationship": "Outer", "Join Type": "Inner", "Startup Cost": 1069.17, "Total Cost": 20891.02, "Plan Rows": 1, "Plan Width": 37, "Inner Unique": true, "Plans": [{"Node Type": "Nested Loop", "Parent Relationship": "Outer", "Join Type": "Inner", "Startup Cost": 1069.17, "Total Cost": 20890.44, "Plan Rows": 1, "Plan Width": 45, "Inner Unique": true, "Plans": [{"Node Type": "Nested Loop", "Parent Relationship": "Outer", "Join Type": "Inner", "Startup Cost": 1069.17, "Total Cost": 20886.05, "Plan Rows": 1, "Plan Width": 49, "Inner Unique": false, "Plans": [{"Node Type": "Nested Loop", "Parent Relationship": "Outer", "Join Type": "Inner", "Startup Cost": 1069.17, "Total Cost": 20885.2, "Plan Rows": 1, "Plan Width": 29, "Inner Unique": false, "Join Filter": "(t.id = ci.movie_id)", "Plans": [{"Node Type": "Nested Loop", "Parent Relationship": "Outer", "Join Type": "Inner", "Startup Cost": 1069.17, "Total Cost": 20829.42, "Plan Rows": 2, "Plan Width": 29, "Inner Unique": false, "Plans": [{"Node Type": "Streaming(type: LOCAL GATHER dop: 1/16)", "Parent Relationship": "Outer", "Startup Cost": 1069.17, "Total Cost": 20335.44, "Plan Rows": 43, "Plan Width": 21, "Plans": [{"Node Type": "Seq Scan", "Parent Relationship": "Outer", "Relation Name": "title", "Alias": "t", "Startup Cost": 1069.17, "Total Cost": 20334.51, "Plan Rows": 43, "Plan Width": 21, "Filter": "((production_year >= 2006) AND (production_year <= 2007) AND (((title)::text ~~ 'One Piece%'::text) OR ((title)::text ~~ 'Dragon Ball Z%'::text)))"}]}, {"Node Type": "Index Scan", "Parent Relationship": "Inner", "Scan Direction": "Forward", "Index Name": "movie_id_movie_companies", "Relation Name": "movie_companies", "Alias": "mc", "Startup Cost": 0.0, "Total Cost": 11.48, "Plan Rows": 1, "Plan Width": 8, "Index Cond": "(movie_id = t.id)", "Filter": "(((note)::text ~~ '%(Japan)%'::text) AND ((note)::text !~~ '%(USA)%'::text) AND (((note)::text ~~ '%(2006)%'::text) OR ((note)::text ~~ '%(2007)%'::text)))"}]}, {"Node Type": "Index Scan", "Parent Relationship": "Inner", "Scan Direction": "Forward", "Index Name": "movie_id_cast_info", "Relation Name": "cast_info", "Alias": "ci", "Startup Cost": 0.0, "Total Cost": 27.88, "Plan Rows": 1, "Plan Width": 12, "Index Cond": "(movie_id = mc.movie_id)", "Filter": "((note)::text = '(voice: English version)'::text)"}]}, {"Node Type": "Index Scan", "Parent Relationship": "Inner", "Scan Direction": "Forward", "Index Name": "person_id_aka_name", "Relation Name": "aka_name", "Alias": "an", "Startup Cost": 0.0, "Total Cost": 0.84, "Plan Rows": 1, "Plan Width": 20, "Index Cond": "(person_id = ci.person_id)"}]}, {"Node Type": "Index Scan", "Parent Relationship": "Inner", "Scan Direction": "Forward", "Index Name": "company_name_pkey", "Relation Name": "company_name", "Alias": "cn", "Startup Cost": 0.0, "Total Cost": 4.37, "Plan Rows": 1, "Plan Width": 4, "Index Cond": "(id = mc.company_id)", "Filter": "((country_code)::text = '[jp]'::text)"}]}, {"Node Type": "Index Scan", "Parent Relationship": "Inner", "Scan Direction": "Forward", "Index Name": "name_pkey", "Relation Name": "name", "Alias": "n", "Startup Cost": 0.0, "Total Cost": 0.57, "Plan Rows": 1, "Plan Width": 4, "Index Cond": "(id = an.person_id)", "Filter": "(((name)::text ~~ '%Yo%'::text) AND ((name)::text !~~ '%Yu%'::text))"}]}, {"Node Type": "Index Scan", "Parent Relationship": "Inner", "Scan Direction": "Forward", "Index Name": "role_type_pkey", "Relation Name": "role_type", "Alias": "rt", "Startup Cost": 0.0, "Total Cost": 0.27, "Plan Rows": 1, "Plan Width": 4, "Index Cond": "(id = ci.role_id)", "Filter": "((role)::text = 'actress'::text)"}]}]}, "Unique SQL Id": 3956435728, "Planner Runtime": 20}, "explain_analyze_plan": {"Plan": {"Node Type": "Aggregate", "Strategy": "Plain", "Startup Cost": 20891.31, "Total Cost": 20891.32, "Plan Rows": 1, "Plan Width": 97, "Actual Min Startup Time": 82.24, "Actual Max Startup Time": 82.24, "Actual Min Total Time": 82.24, "Actual Max Total Time": 82.24, "Plans": [{"Node Type": "Nested Loop", "Parent Relationship": "Outer", "Join Type": "Inner", "Startup Cost": 1069.17, "Total Cost": 20891.3, "Plan Rows": 1, "Plan Width": 33, "Actual Min Startup Time": 79.771, "Actual Max Startup Time": 79.771, "Actual Min Total Time": 82.203, "Actual Max Total Time": 82.203, "Inner Unique": true, "Plans": [{"Node Type": "Nested Loop", "Parent Relationship": "Outer", "Join Type": "Inner", "Startup Cost": 1069.17, "Total Cost": 20891.02, "Plan Rows": 1, "Plan Width": 37, "Actual Min Startup Time": 79.76, "Actual Max Startup Time": 79.76, "Actual Min Total Time": 82.178, "Actual Max Total Time": 82.178, "Inner Unique": true, "Plans": [{"Node Type": "Nested Loop", "Parent Relationship": "Outer", "Join Type": "Inner", "Startup Cost": 1069.17, "Total Cost": 20890.44, "Plan Rows": 1, "Plan Width": 45, "Actual Min Startup Time": 78.621, "Actual Max Startup Time": 78.621, "Actual Min Total Time": 81.338, "Actual Max Total Time": 81.338, "Inner Unique": true, "Plans": [{"Node Type": "Nested Loop", "Parent Relationship": "Outer", "Join Type": "Inner", "Startup Cost": 1069.17, "Total Cost": 20886.05, "Plan Rows": 1, "Plan Width": 49, "Actual Min Startup Time": 78.603, "Actual Max Startup Time": 78.603, "Actual Min Total Time": 80.695, "Actual Max Total Time": 80.695, "Inner Unique": false, "Plans": [{"Node Type": "Nested Loop", "Parent Relationship": "Outer", "Join Type": "Inner", "Startup Cost": 1069.17, "Total Cost": 20885.2, "Plan Rows": 1, "Plan Width": 29, "Actual Min Startup Time": 78.587, "Actual Max Startup Time": 78.587, "Actual Min Total Time": 79.943, "Actual Max Total Time": 79.943, "Inner Unique": false, "Join Filter": "(t.id = ci.movie_id)", "Rows Removed by Join Filter": 0, "Plans": [{"Node Type": "Nested Loop", "Parent Relationship": "Outer", "Join Type": "Inner", "Startup Cost": 1069.17, "Total Cost": 20829.42, "Plan Rows": 2, "Plan Width": 29, "Actual Min Startup Time": 78.48, "Actual Max Startup Time": 78.48, "Actual Min Total Time": 79.571, "Actual Max Total Time": 79.571, "Inner Unique": false, "Plans": [{"Node Type": "Streaming(type: LOCAL GATHER dop: 1/16)", "Parent Relationship": "Outer", "Startup Cost": 1069.17, "Total Cost": 20335.44, "Plan Rows": 43, "Plan Width": 21, "Actual Min Startup Time": 78.374, "Actual Max Startup Time": 78.374, "Actual Min Total Time": 79.397, "Actual Max Total Time": 79.397, "Plans": [{"Node Type": "Seq Scan", "Parent Relationship": "Outer", "Relation Name": "title", "Alias": "t", "Startup Cost": 1069.17, "Total Cost": 20334.51, "Plan Rows": 43, "Plan Width": 21, "Actual Min Startup Time": 48.113, "Actual Max Startup Time": 65.731, "Actual Min Total Time": 62.348, "Actual Max Total Time": 65.731, "Filter": "((production_year >= 2006) AND (production_year <= 2007) AND (((title)::text ~~ 'One Piece%'::text) OR ((title)::text ~~ 'Dragon Ball Z%'::text)))", "Rows Removed by Filter": 2528304, "Actual Rows": 7}], "Actual Rows": 7}, {"Node Type": "Index Scan", "Parent Relationship": "Inner", "Scan Direction": "Forward", "Index Name": "movie_id_movie_companies", "Relation Name": "movie_companies", "Alias": "mc", "Startup Cost": 0.0, "Total Cost": 11.48, "Plan Rows": 1, "Plan Width": 8, "Actual Min Startup Time": 0.139, "Actual Max Startup Time": 0.139, "Actual Min Total Time": 0.148, "Actual Max Total Time": 0.148, "Index Cond": "(movie_id = t.id)", "Rows Removed by Index Recheck": 0, "Filter": "(((note)::text ~~ '%(Japan)%'::text) AND ((note)::text !~~ '%(USA)%'::text) AND (((note)::text ~~ '%(2006)%'::text) OR ((note)::text ~~ '%(2007)%'::text)))", "Rows Removed by Filter": 13, "Actual Rows": 4}], "Actual Rows": 4}, {"Node Type": "Index Scan", "Parent Relationship": "Inner", "Scan Direction": "Forward", "Index Name": "movie_id_cast_info", "Relation Name": "cast_info", "Alias": "ci", "Startup Cost": 0.0, "Total Cost": 27.88, "Plan Rows": 1, "Plan Width": 12, "Actual Min Startup Time": 0.106, "Actual Max Startup Time": 0.106, "Actual Min Total Time": 0.331, "Actual Max Total Time": 0.331, "Index Cond": "(movie_id = mc.movie_id)", "Rows Removed by Index Recheck": 0, "Filter": "((note)::text = '(voice: English version)'::text)", "Rows Removed by Filter": 68, "Actual Rows": 104}], "Actual Rows": 104}, {"Node Type": "Index Scan", "Parent Relationship": "Inner", "Scan Direction": "Forward", "Index Name": "person_id_aka_name", "Relation Name": "aka_name", "Alias": "an", "Startup Cost": 0.0, "Total Cost": 0.84, "Plan Rows": 1, "Plan Width": 20, "Actual Min Startup Time": 0.52, "Actual Max Startup Time": 0.52, "Actual Min Total Time": 0.636, "Actual Max Total Time": 0.636, "Index Cond": "(person_id = ci.person_id)", "Rows Removed by Index Recheck": 0, "Actual Rows": 171}], "Actual Rows": 171}, {"Node Type": "Index Scan", "Parent Relationship": "Inner", "Scan Direction": "Forward", "Index Name": "company_name_pkey", "Relation Name": "company_name", "Alias": "cn", "Startup Cost": 0.0, "Total Cost": 4.37, "Plan Rows": 1, "Plan Width": 4, "Actual Min Startup Time": 0.51, "Actual Max Startup Time": 0.51, "Actual Min Total Time": 0.51, "Actual Max Total Time": 0.51, "Index Cond": "(id = mc.company_id)", "Rows Removed by Index Recheck": 0, "Filter": "((country_code)::text = '[jp]'::text)", "Rows Removed by Filter": 0, "Actual Rows": 171}], "Actual Rows": 171}, {"Node Type": "Index Scan", "Parent Relationship": "Inner", "Scan Direction": "Forward", "Index Name": "name_pkey", "Relation Name": "name", "Alias": "n", "Startup Cost": 0.0, "Total Cost": 0.57, "Plan Rows": 1, "Plan Width": 4, "Actual Min Startup Time": 0.745, "Actual Max Startup Time": 0.745, "Actual Min Total Time": 0.745, "Actual Max Total Time": 0.745, "Index Cond": "(id = an.person_id)", "Rows Removed by Index Recheck": 0, "Filter": "(((name)::text ~~ '%Yo%'::text) AND ((name)::text !~~ '%Yu%'::text))", "Rows Removed by Filter": 165, "Actual Rows": 6}], "Actual Rows": 6}, {"Node Type": "Index Scan", "Parent Relationship": "Inner", "Scan Direction": "Forward", "Index Name": "role_type_pkey", "Relation Name": "role_type", "Alias": "rt", "Startup Cost": 0.0, "Total Cost": 0.27, "Plan Rows": 1, "Plan Width": 4, "Actual Min Startup Time": 0.018, "Actual Max Startup Time": 0.018, "Actual Min Total Time": 0.018, "Actual Max Total Time": 0.018, "Index Cond": "(id = ci.role_id)", "Rows Removed by Index Recheck": 0, "Filter": "((role)::text = 'actress'::text)", "Rows Removed by Filter": 0, "Actual Rows": 6}], "Actual Rows": 6}], "Actual Rows": 1}, "Triggers": [], "Planner Runtime": 30.568, "Total Runtime": 84.938, "Unique SQL Id": 3956435728}}, "(16, '41')": {"explain_plan": {"Plan": {"Node Type": "Aggregate", "Strategy": "Plain", "Startup Cost": 84111.26, "Total Cost": 84111.27, "Plan Rows": 1, "Plan Width": 97, "Plans": [{"Node Type": "Nested Loop", "Parent Relationship": "Outer", "Join Type": "Inner", "Startup Cost": 0.0, "Total Cost": 84111.26, "Plan Rows": 1, "Plan Width": 33, "Inner Unique": true, "Plans": [{"Node Type": "Nested Loop", "Parent Relationship": "Outer", "Join Type": "Inner", "Startup Cost": 0.0, "Total Cost": 84110.97, "Plan Rows": 1, "Plan Width": 37, "Inner Unique": true, "Plans": [{"Node Type": "Nested Loop", "Parent Relationship": "Outer", "Join Type": "Inner", "Startup Cost": 0.0, "Total Cost": 84110.39, "Plan Rows": 1, "Plan Width": 45, "Inner Unique": false, "Plans": [{"Node Type": "Nested Loop", "Parent Relationship": "Outer", "Join Type": "Inner", "Startup Cost": 0.0, "Total Cost": 84109.54, "Plan Rows": 1, "Plan Width": 25, "Inner Unique": false, "Join Filter": "(t.id = ci.movie_id)", "Plans": [{"Node Type": "Nested Loop", "Parent Relationship": "Outer", "Join Type": "Inner", "Startup Cost": 0.0, "Total Cost": 84053.76, "Plan Rows": 2, "Plan Width": 25, "Inner Unique": true, "Plans": [{"Node Type": "Nested Loop", "Parent Relationship": "Outer", "Join Type": "Inner", "Startup Cost": 0.0, "Total Cost": 81991.53, "Plan Rows": 262, "Plan Width": 4, "Inner Unique": false, "Plans": [{"Node Type": "Index Scan", "Parent Relationship": "Outer", "Scan Direction": "Forward", "Index Name": "company_name_pkey", "Relation Name": "company_name", "Alias": "cn", "Startup Cost": 0.0, "Total Cost": 10501.39, "Plan Rows": 6290, "Plan Width": 4, "Filter": "((country_code)::text = '[jp]'::text)"}, {"Node Type": "Index Scan", "Parent Relationship": "Inner", "Scan Direction": "Forward", "Index Name": "company_id_movie_companies", "Relation Name": "movie_companies", "Alias": "mc", "Startup Cost": 0.0, "Total Cost": 11.36, "Plan Rows": 1, "Plan Width": 8, "Index Cond": "(company_id = cn.id)", "Filter": "(((note)::text ~~ '%(Japan)%'::text) AND ((note)::text !~~ '%(USA)%'::text) AND (((note)::text ~~ '%(2006)%'::text) OR ((note)::text ~~ '%(2007)%'::text)))"}]}, {"Node Type": "Index Scan", "Parent Relationship": "Inner", "Scan Direction": "Forward", "Index Name": "title_pkey", "Relation Name": "title", "Alias": "t", "Startup Cost": 0.0, "Total Cost": 7.86, "Plan Rows": 1, "Plan Width": 21, "Index Cond": "(id = mc.movie_id)", "Filter": "((production_year >= 2006) AND (production_year <= 2007) AND (((title)::text ~~ 'One Piece%'::text) OR ((title)::text ~~ 'Dragon Ball Z%'::text)))"}]}, {"Node Type": "Index Scan", "Parent Relationship": "Inner", "Scan Direction": "Forward", "Index Name": "movie_id_cast_info", "Relation Name": "cast_info", "Alias": "ci", "Startup Cost": 0.0, "Total Cost": 27.88, "Plan Rows": 1, "Plan Width": 12, "Index Cond": "(movie_id = mc.movie_id)", "Filter": "((note)::text = '(voice: English version)'::text)"}]}, {"Node Type": "Index Scan", "Parent Relationship": "Inner", "Scan Direction": "Forward", "Index Name": "person_id_aka_name", "Relation Name": "aka_name", "Alias": "an", "Startup Cost": 0.0, "Total Cost": 0.84, "Plan Rows": 1, "Plan Width": 20, "Index Cond": "(person_id = ci.person_id)"}]}, {"Node Type": "Index Scan", "Parent Relationship": "Inner", "Scan Direction": "Forward", "Index Name": "name_pkey", "Relation Name": "name", "Alias": "n", "Startup Cost": 0.0, "Total Cost": 0.57, "Plan Rows": 1, "Plan Width": 4, "Index Cond": "(id = an.person_id)", "Filter": "(((name)::text ~~ '%Yo%'::text) AND ((name)::text !~~ '%Yu%'::text))"}]}, {"Node Type": "Index Scan", "Parent Relationship": "Inner", "Scan Direction": "Forward", "Index Name": "role_type_pkey", "Relation Name": "role_type", "Alias": "rt", "Startup Cost": 0.0, "Total Cost": 0.27, "Plan Rows": 1, "Plan Width": 4, "Index Cond": "(id = ci.role_id)", "Filter": "((role)::text = 'actress'::text)"}]}]}, "Unique SQL Id": 3956435728, "Planner Runtime": 16}, "explain_analyze_plan": null}, "(16, '42')": {"explain_plan": {"Plan": {"Node Type": "Aggregate", "Strategy": "Plain", "Startup Cost": 147016.9, "Total Cost": 147016.91, "Plan Rows": 1, "Plan Width": 97, "Plans": [{"Node Type": "Nested Loop", "Parent Relationship": "Outer", "Join Type": "Inner", "Startup Cost": 105677.81, "Total Cost": 147016.9, "Plan Rows": 1, "Plan Width": 33, "Inner Unique": true, "Join Filter": "(ci.role_id = rt.id)", "Plans": [{"Node Type": "Nested Loop", "Parent Relationship": "Outer", "Join Type": "Inner", "Startup Cost": 105677.81, "Total Cost": 147015.74, "Plan Rows": 1, "Plan Width": 37, "Inner Unique": true, "Join Filter": "(mc.company_id = cn.id)", "Plans": [{"Node Type": "Hash Join", "Parent Relationship": "Outer", "Join Type": "Inner", "Startup Cost": 105677.81, "Total Cost": 141033.66, "Plan Rows": 1, "Plan Width": 41, "Inner Unique": true, "Hash Cond": "(ci.movie_id = t.id)", "Plans": [{"Node Type": "Streaming(type: LOCAL GATHER dop: 1/16)", "Parent Relationship": "Outer", "Startup Cost": 100593.41, "Total Cost": 135946.84, "Plan Rows": 643, "Plan Width": 32, "Plans": [{"Node Type": "Hash Join", "Parent Relationship": "Outer", "Join Type": "Inner", "Startup Cost": 100593.41, "Total Cost": 135932.96, "Plan Rows": 643, "Plan Width": 32, "Inner Unique": false, "Hash Cond": "(n.id = an.person_id)", "Plans": [{"Node Type": "Streaming(type: BROADCAST dop: 16/1)", "Parent Relationship": "Outer", "Startup Cost": 83644.96, "Total Cost": 118972.95, "Plan Rows": 8416, "Plan Width": 24, "Plans": [{"Node Type": "Hash Join", "Parent Relationship": "Outer", "Join Type": "Inner", "Startup Cost": 83644.96, "Total Cost": 103791.31, "Plan Rows": 526, "Plan Width": 24, "Inner Unique": false, "Hash Cond": "(mc.movie_id = ci.movie_id)", "Plans": [{"Node Type": "Streaming(type: LOCAL GATHER dop: 1/16)", "Parent Relationship": "Outer", "Startup Cost": 0.0, "Total Cost": 19279.94, "Plan Rows": 1652, "Plan Width": 8, "Plans": [{"Node Type": "Seq Scan", "Parent Relationship": "Outer", "Relation Name": "movie_companies", "Alias": "mc", "Startup Cost": 0.0, "Total Cost": 19244.28, "Plan Rows": 1652, "Plan Width": 8, "Filter": "(((note)::text ~~ '%(Japan)%'::text) AND ((note)::text !~~ '%(USA)%'::text) AND (((note)::text ~~ '%(2006)%'::text) OR ((note)::text ~~ '%(2007)%'::text)))"}]}, {"Node Type": "Hash", "Parent Relationship": "Inner", "Startup Cost": 83467.16, "Total Cost": 83467.16, "Plan Rows": 14224, "Plan Width": 16, "Plans": [{"Node Type": "Hash Join", "Parent Relationship": "Outer", "Join Type": "Inner", "Startup Cost": 22592.6, "Total Cost": 83467.16, "Plan Rows": 14224, "Plan Width": 16, "Inner Unique": true, "Hash Cond": "(ci.person_id = n.id)", "Plans": [{"Node Type": "Streaming(type: LOCAL GATHER dop: 1/16)", "Parent Relationship": "Outer", "Startup Cost": 0.0, "Total Cost": 60369.73, "Plan Rows": 96692, "Plan Width": 12, "Plans": [{"Node Type": "Seq Scan", "Parent Relationship": "Outer", "Relation Name": "cast_info", "Alias": "ci", "Startup Cost": 0.0, "Total Cost": 58282.92, "Plan Rows": 96692, "Plan Width": 12, "Filter": "((note)::text = '(voice: English version)'::text)"}]}, {"Node Type": "Hash", "Parent Relationship": "Inner", "Startup Cost": 22419.02, "Total Cost": 22419.02, "Plan Rows": 13886, "Plan Width": 4, "Plans": [{"Node Type": "Streaming(type: LOCAL GATHER dop: 1/16)", "Parent Relationship": "Outer", "Startup Cost": 0.0, "Total Cost": 22419.02, "Plan Rows": 13886, "Plan Width": 4, "Plans": [{"Node Type": "Seq Scan", "Parent Relationship": "Outer", "Relation Name": "name", "Alias": "n", "Startup Cost": 0.0, "Total Cost": 22119.33, "Plan Rows": 13886, "Plan Width": 4, "Filter": "(((name)::text ~~ '%Yo%'::text) AND ((name)::text !~~ '%Yu%'::text))"}]}]}]}]}]}]}, {"Node Type": "Hash", "Parent Relationship": "Inner", "Startup Cost": 16244.28, "Total Cost": 16244.28, "Plan Rows": 901342, "Plan Width": 20, "Plans": [{"Node Type": "Seq Scan", "Parent Relationship": "Outer", "Relation Name": "aka_name", "Alias": "an", "Startup Cost": 0.0, "Total Cost": 16244.28, "Plan Rows": 901342, "Plan Width": 20}]}]}]}, {"Node Type": "Hash", "Parent Relationship": "Inner", "Startup Cost": 20335.44, "Total Cost": 20335.44, "Plan Rows": 43, "Plan Width": 21, "Plans": [{"Node Type": "Streaming(type: LOCAL GATHER dop: 1/16)", "Parent Relationship": "Outer", "Startup Cost": 1069.17, "Total Cost": 20335.44, "Plan Rows": 43, "Plan Width": 21, "Plans": [{"Node Type": "Seq Scan", "Parent Relationship": "Outer", "Relation Name": "title", "Alias": "t", "Startup Cost": 1069.17, "Total Cost": 20334.51, "Plan Rows": 43, "Plan Width": 21, "Filter": "((production_year >= 2006) AND (production_year <= 2007) AND (((title)::text ~~ 'One Piece%'::text) OR ((title)::text ~~ 'Dragon Ball Z%'::text)))"}]}]}]}, {"Node Type": "Seq Scan", "Parent Relationship": "Inner", "Relation Name": "company_name", "Alias": "cn", "Startup Cost": 0.0, "Total Cost": 5903.45, "Plan Rows": 6290, "Plan Width": 4, "Filter": "((country_code)::text = '[jp]'::text)"}]}, {"Node Type": "Seq Scan", "Parent Relationship": "Inner", "Relation Name": "role_type", "Alias": "rt", "Startup Cost": 0.0, "Total Cost": 1.15, "Plan Rows": 1, "Plan Width": 4, "Filter": "((role)::text = 'actress'::text)"}]}]}, "Unique SQL Id": 3956435728, "Planner Runtime": 152}, "explain_analyze_plan": null}, "(16, '43')": {"explain_plan": {"Plan": {"Node Type": "Aggregate", "Strategy": "Plain", "Startup Cost": 7000171740968.88, "Total Cost": 7000171740968.89, "Plan Rows": 1, "Plan Width": 97, "Plans": [{"Node Type": "Nested Loop", "Parent Relationship": "Outer", "Join Type": "Inner", "Startup Cost": 70000000000.0, "Total Cost": 7000171740968.87, "Plan Rows": 1, "Plan Width": 33, "Inner Unique": true, "Join Filter": "(ci.role_id = rt.id)", "Plans": [{"Node Type": "Nested Loop", "Parent Relationship": "Outer", "Join Type": "Inner", "Startup Cost": 60000000000.0, "Total Cost": 6000171739722.86, "Plan Rows": 1, "Plan Width": 37, "Inner Unique": true, "Plans": [{"Node Type": "Nested Loop", "Parent Relationship": "Outer", "Join Type": "Inner", "Startup Cost": 50000000000.0, "Total Cost": 5000171739665.63, "Plan Rows": 1, "Plan Width": 45, "Inner Unique": true, "Plans": [{"Node Type": "Nested Loop", "Parent Relationship": "Outer", "Join Type": "Inner", "Startup Cost": 40000000000.0, "Total Cost": 4000171739228.2, "Plan Rows": 1, "Plan Width": 49, "Inner Unique": false, "Plans": [{"Node Type": "Nested Loop", "Parent Relationship": "Outer", "Join Type": "Inner", "Startup Cost": 30000000000.0, "Total Cost": 3000171739143.81, "Plan Rows": 1, "Plan Width": 29, "Inner Unique": false, "Join Filter": "(t.id = ci.movie_id)", "Plans": [{"Node Type": "Index Scan", "Parent Relationship": "Outer", "Scan Direction": "Forward", "Index Name": "role_id_cast_info", "Relation Name": "cast_info", "Alias": "ci", "Startup Cost": 10000000000.0, "Total Cost": 1000143218339.5, "Plan Rows": 96692, "Plan Width": 12, "Filter": "((note)::text = '(voice: English version)'::text)"}, {"Node Type": "Materialize", "Parent Relationship": "Inner", "Startup Cost": 20000000000.0, "Total Cost": 2000028517903.55, "Plan Rows": 2, "Plan Width": 29, "Plans": [{"Node Type": "Nested Loop", "Parent Relationship": "Outer", "Join Type": "Inner", "Startup Cost": 20000000000.0, "Total Cost": 2000028517903.54, "Plan Rows": 2, "Plan Width": 29, "Inner Unique": true, "Join Filter": "(mc.movie_id = t.id)", "Plans": [{"Node Type": "Index Scan", "Parent Relationship": "Outer", "Scan Direction": "Forward", "Index Name": "company_id_movie_companies", "Relation Name": "movie_companies", "Alias": "mc", "Startup Cost": 10000000000.0, "Total Cost": 1000014976477.98, "Plan Rows": 1652, "Plan Width": 8, "Filter": "(((note)::text ~~ '%(Japan)%'::text) AND ((note)::text !~~ '%(USA)%'::text) AND (((note)::text ~~ '%(2006)%'::text) OR ((note)::text ~~ '%(2007)%'::text)))"}, {"Node Type": "Materialize", "Parent Relationship": "Inner", "Startup Cost": 10000000000.0, "Total Cost": 1000013540360.13, "Plan Rows": 43, "Plan Width": 21, "Plans": [{"Node Type": "Index Scan", "Parent Relationship": "Outer", "Scan Direction": "Forward", "Index Name": "title_pkey", "Relation Name": "title", "Alias": "t", "Startup Cost": 10000000000.0, "Total Cost": 1000013540359.91, "Plan Rows": 43, "Plan Width": 21, "Filter": "((production_year >= 2006) AND (production_year <= 2007) AND (((title)::text ~~ 'One Piece%'::text) OR ((title)::text ~~ 'Dragon Ball Z%'::text)))"}]}]}]}]}, {"Node Type": "Index Scan", "Parent Relationship": "Inner", "Scan Direction": "Forward", "Index Name": "person_id_aka_name", "Relation Name": "aka_name", "Alias": "an", "Startup Cost": 10000000000.0, "Total Cost": 1000000000084.38, "Plan Rows": 1, "Plan Width": 20, "Index Cond": "(person_id = ci.person_id)"}]}, {"Node Type": "Index Scan", "Parent Relationship": "Inner", "Scan Direction": "Forward", "Index Name": "company_name_pkey", "Relation Name": "company_name", "Alias": "cn", "Startup Cost": 10000000000.0, "Total Cost": 1000000000437.42, "Plan Rows": 1, "Plan Width": 4, "Index Cond": "(id = mc.company_id)", "Filter": "((country_code)::text = '[jp]'::text)"}]}, {"Node Type": "Index Scan", "Parent Relationship": "Inner", "Scan Direction": "Forward", "Index Name": "name_pkey", "Relation Name": "name", "Alias": "n", "Startup Cost": 10000000000.0, "Total Cost": 1000000000057.22, "Plan Rows": 1, "Plan Width": 4, "Index Cond": "(id = an.person_id)", "Filter": "(((name)::text ~~ '%Yo%'::text) AND ((name)::text !~~ '%Yu%'::text))"}]}, {"Node Type": "Index Scan", "Parent Relationship": "Inner", "Scan Direction": "Forward", "Index Name": "role_type_pkey", "Relation Name": "role_type", "Alias": "rt", "Startup Cost": 10000000000.0, "Total Cost": 1000000001246.0, "Plan Rows": 1, "Plan Width": 4, "Filter": "((role)::text = 'actress'::text)"}]}]}, "Unique SQL Id": 3956435728, "Planner Runtime": 45}, "explain_analyze_plan": null}, "(16, '44')": {"explain_plan": {"Plan": {"Node Type": "Aggregate", "Strategy": "Plain", "Startup Cost": 20891.31, "Total Cost": 20891.32, "Plan Rows": 1, "Plan Width": 97, "Plans": [{"Node Type": "Nested Loop", "Parent Relationship": "Outer", "Join Type": "Inner", "Startup Cost": 1069.17, "Total Cost": 20891.3, "Plan Rows": 1, "Plan Width": 33, "Inner Unique": true, "Plans": [{"Node Type": "Nested Loop", "Parent Relationship": "Outer", "Join Type": "Inner", "Startup Cost": 1069.17, "Total Cost": 20891.02, "Plan Rows": 1, "Plan Width": 37, "Inner Unique": true, "Plans": [{"Node Type": "Nested Loop", "Parent Relationship": "Outer", "Join Type": "Inner", "Startup Cost": 1069.17, "Total Cost": 20890.44, "Plan Rows": 1, "Plan Width": 45, "Inner Unique": true, "Plans": [{"Node Type": "Nested Loop", "Parent Relationship": "Outer", "Join Type": "Inner", "Startup Cost": 1069.17, "Total Cost": 20886.05, "Plan Rows": 1, "Plan Width": 49, "Inner Unique": false, "Plans": [{"Node Type": "Nested Loop", "Parent Relationship": "Outer", "Join Type": "Inner", "Startup Cost": 1069.17, "Total Cost": 20885.2, "Plan Rows": 1, "Plan Width": 29, "Inner Unique": false, "Join Filter": "(t.id = ci.movie_id)", "Plans": [{"Node Type": "Nested Loop", "Parent Relationship": "Outer", "Join Type": "Inner", "Startup Cost": 1069.17, "Total Cost": 20829.42, "Plan Rows": 2, "Plan Width": 29, "Inner Unique": false, "Plans": [{"Node Type": "Streaming(type: LOCAL GATHER dop: 1/16)", "Parent Relationship": "Outer", "Startup Cost": 1069.17, "Total Cost": 20335.44, "Plan Rows": 43, "Plan Width": 21, "Plans": [{"Node Type": "Seq Scan", "Parent Relationship": "Outer", "Relation Name": "title", "Alias": "t", "Startup Cost": 1069.17, "Total Cost": 20334.51, "Plan Rows": 43, "Plan Width": 21, "Filter": "((production_year >= 2006) AND (production_year <= 2007) AND (((title)::text ~~ 'One Piece%'::text) OR ((title)::text ~~ 'Dragon Ball Z%'::text)))"}]}, {"Node Type": "Index Scan", "Parent Relationship": "Inner", "Scan Direction": "Forward", "Index Name": "movie_id_movie_companies", "Relation Name": "movie_companies", "Alias": "mc", "Startup Cost": 0.0, "Total Cost": 11.48, "Plan Rows": 1, "Plan Width": 8, "Index Cond": "(movie_id = t.id)", "Filter": "(((note)::text ~~ '%(Japan)%'::text) AND ((note)::text !~~ '%(USA)%'::text) AND (((note)::text ~~ '%(2006)%'::text) OR ((note)::text ~~ '%(2007)%'::text)))"}]}, {"Node Type": "Index Scan", "Parent Relationship": "Inner", "Scan Direction": "Forward", "Index Name": "movie_id_cast_info", "Relation Name": "cast_info", "Alias": "ci", "Startup Cost": 0.0, "Total Cost": 27.88, "Plan Rows": 1, "Plan Width": 12, "Index Cond": "(movie_id = mc.movie_id)", "Filter": "((note)::text = '(voice: English version)'::text)"}]}, {"Node Type": "Index Scan", "Parent Relationship": "Inner", "Scan Direction": "Forward", "Index Name": "person_id_aka_name", "Relation Name": "aka_name", "Alias": "an", "Startup Cost": 0.0, "Total Cost": 0.84, "Plan Rows": 1, "Plan Width": 20, "Index Cond": "(person_id = ci.person_id)"}]}, {"Node Type": "Index Scan", "Parent Relationship": "Inner", "Scan Direction": "Forward", "Index Name": "company_name_pkey", "Relation Name": "company_name", "Alias": "cn", "Startup Cost": 0.0, "Total Cost": 4.37, "Plan Rows": 1, "Plan Width": 4, "Index Cond": "(id = mc.company_id)", "Filter": "((country_code)::text = '[jp]'::text)"}]}, {"Node Type": "Index Scan", "Parent Relationship": "Inner", "Scan Direction": "Forward", "Index Name": "name_pkey", "Relation Name": "name", "Alias": "n", "Startup Cost": 0.0, "Total Cost": 0.57, "Plan Rows": 1, "Plan Width": 4, "Index Cond": "(id = an.person_id)", "Filter": "(((name)::text ~~ '%Yo%'::text) AND ((name)::text !~~ '%Yu%'::text))"}]}, {"Node Type": "Index Scan", "Parent Relationship": "Inner", "Scan Direction": "Forward", "Index Name": "role_type_pkey", "Relation Name": "role_type", "Alias": "rt", "Startup Cost": 0.0, "Total Cost": 0.27, "Plan Rows": 1, "Plan Width": 4, "Index Cond": "(id = ci.role_id)", "Filter": "((role)::text = 'actress'::text)"}]}]}, "Unique SQL Id": 3956435728, "Planner Runtime": 20}, "explain_analyze_plan": {"Plan": {"Node Type": "Aggregate", "Strategy": "Plain", "Startup Cost": 20891.31, "Total Cost": 20891.32, "Plan Rows": 1, "Plan Width": 97, "Actual Min Startup Time": 82.24, "Actual Max Startup Time": 82.24, "Actual Min Total Time": 82.24, "Actual Max Total Time": 82.24, "Plans": [{"Node Type": "Nested Loop", "Parent Relationship": "Outer", "Join Type": "Inner", "Startup Cost": 1069.17, "Total Cost": 20891.3, "Plan Rows": 1, "Plan Width": 33, "Actual Min Startup Time": 79.771, "Actual Max Startup Time": 79.771, "Actual Min Total Time": 82.203, "Actual Max Total Time": 82.203, "Inner Unique": true, "Plans": [{"Node Type": "Nested Loop", "Parent Relationship": "Outer", "Join Type": "Inner", "Startup Cost": 1069.17, "Total Cost": 20891.02, "Plan Rows": 1, "Plan Width": 37, "Actual Min Startup Time": 79.76, "Actual Max Startup Time": 79.76, "Actual Min Total Time": 82.178, "Actual Max Total Time": 82.178, "Inner Unique": true, "Plans": [{"Node Type": "Nested Loop", "Parent Relationship": "Outer", "Join Type": "Inner", "Startup Cost": 1069.17, "Total Cost": 20890.44, "Plan Rows": 1, "Plan Width": 45, "Actual Min Startup Time": 78.621, "Actual Max Startup Time": 78.621, "Actual Min Total Time": 81.338, "Actual Max Total Time": 81.338, "Inner Unique": true, "Plans": [{"Node Type": "Nested Loop", "Parent Relationship": "Outer", "Join Type": "Inner", "Startup Cost": 1069.17, "Total Cost": 20886.05, "Plan Rows": 1, "Plan Width": 49, "Actual Min Startup Time": 78.603, "Actual Max Startup Time": 78.603, "Actual Min Total Time": 80.695, "Actual Max Total Time": 80.695, "Inner Unique": false, "Plans": [{"Node Type": "Nested Loop", "Parent Relationship": "Outer", "Join Type": "Inner", "Startup Cost": 1069.17, "Total Cost": 20885.2, "Plan Rows": 1, "Plan Width": 29, "Actual Min Startup Time": 78.587, "Actual Max Startup Time": 78.587, "Actual Min Total Time": 79.943, "Actual Max Total Time": 79.943, "Inner Unique": false, "Join Filter": "(t.id = ci.movie_id)", "Rows Removed by Join Filter": 0, "Plans": [{"Node Type": "Nested Loop", "Parent Relationship": "Outer", "Join Type": "Inner", "Startup Cost": 1069.17, "Total Cost": 20829.42, "Plan Rows": 2, "Plan Width": 29, "Actual Min Startup Time": 78.48, "Actual Max Startup Time": 78.48, "Actual Min Total Time": 79.571, "Actual Max Total Time": 79.571, "Inner Unique": false, "Plans": [{"Node Type": "Streaming(type: LOCAL GATHER dop: 1/16)", "Parent Relationship": "Outer", "Startup Cost": 1069.17, "Total Cost": 20335.44, "Plan Rows": 43, "Plan Width": 21, "Actual Min Startup Time": 78.374, "Actual Max Startup Time": 78.374, "Actual Min Total Time": 79.397, "Actual Max Total Time": 79.397, "Plans": [{"Node Type": "Seq Scan", "Parent Relationship": "Outer", "Relation Name": "title", "Alias": "t", "Startup Cost": 1069.17, "Total Cost": 20334.51, "Plan Rows": 43, "Plan Width": 21, "Actual Min Startup Time": 48.113, "Actual Max Startup Time": 65.731, "Actual Min Total Time": 62.348, "Actual Max Total Time": 65.731, "Filter": "((production_year >= 2006) AND (production_year <= 2007) AND (((title)::text ~~ 'One Piece%'::text) OR ((title)::text ~~ 'Dragon Ball Z%'::text)))", "Rows Removed by Filter": 2528304, "Actual Rows": 7}], "Actual Rows": 7}, {"Node Type": "Index Scan", "Parent Relationship": "Inner", "Scan Direction": "Forward", "Index Name": "movie_id_movie_companies", "Relation Name": "movie_companies", "Alias": "mc", "Startup Cost": 0.0, "Total Cost": 11.48, "Plan Rows": 1, "Plan Width": 8, "Actual Min Startup Time": 0.139, "Actual Max Startup Time": 0.139, "Actual Min Total Time": 0.148, "Actual Max Total Time": 0.148, "Index Cond": "(movie_id = t.id)", "Rows Removed by Index Recheck": 0, "Filter": "(((note)::text ~~ '%(Japan)%'::text) AND ((note)::text !~~ '%(USA)%'::text) AND (((note)::text ~~ '%(2006)%'::text) OR ((note)::text ~~ '%(2007)%'::text)))", "Rows Removed by Filter": 13, "Actual Rows": 4}], "Actual Rows": 4}, {"Node Type": "Index Scan", "Parent Relationship": "Inner", "Scan Direction": "Forward", "Index Name": "movie_id_cast_info", "Relation Name": "cast_info", "Alias": "ci", "Startup Cost": 0.0, "Total Cost": 27.88, "Plan Rows": 1, "Plan Width": 12, "Actual Min Startup Time": 0.106, "Actual Max Startup Time": 0.106, "Actual Min Total Time": 0.331, "Actual Max Total Time": 0.331, "Index Cond": "(movie_id = mc.movie_id)", "Rows Removed by Index Recheck": 0, "Filter": "((note)::text = '(voice: English version)'::text)", "Rows Removed by Filter": 68, "Actual Rows": 104}], "Actual Rows": 104}, {"Node Type": "Index Scan", "Parent Relationship": "Inner", "Scan Direction": "Forward", "Index Name": "person_id_aka_name", "Relation Name": "aka_name", "Alias": "an", "Startup Cost": 0.0, "Total Cost": 0.84, "Plan Rows": 1, "Plan Width": 20, "Actual Min Startup Time": 0.52, "Actual Max Startup Time": 0.52, "Actual Min Total Time": 0.636, "Actual Max Total Time": 0.636, "Index Cond": "(person_id = ci.person_id)", "Rows Removed by Index Recheck": 0, "Actual Rows": 171}], "Actual Rows": 171}, {"Node Type": "Index Scan", "Parent Relationship": "Inner", "Scan Direction": "Forward", "Index Name": "company_name_pkey", "Relation Name": "company_name", "Alias": "cn", "Startup Cost": 0.0, "Total Cost": 4.37, "Plan Rows": 1, "Plan Width": 4, "Actual Min Startup Time": 0.51, "Actual Max Startup Time": 0.51, "Actual Min Total Time": 0.51, "Actual Max Total Time": 0.51, "Index Cond": "(id = mc.company_id)", "Rows Removed by Index Recheck": 0, "Filter": "((country_code)::text = '[jp]'::text)", "Rows Removed by Filter": 0, "Actual Rows": 171}], "Actual Rows": 171}, {"Node Type": "Index Scan", "Parent Relationship": "Inner", "Scan Direction": "Forward", "Index Name": "name_pkey", "Relation Name": "name", "Alias": "n", "Startup Cost": 0.0, "Total Cost": 0.57, "Plan Rows": 1, "Plan Width": 4, "Actual Min Startup Time": 0.745, "Actual Max Startup Time": 0.745, "Actual Min Total Time": 0.745, "Actual Max Total Time": 0.745, "Index Cond": "(id = an.person_id)", "Rows Removed by Index Recheck": 0, "Filter": "(((name)::text ~~ '%Yo%'::text) AND ((name)::text !~~ '%Yu%'::text))", "Rows Removed by Filter": 165, "Actual Rows": 6}], "Actual Rows": 6}, {"Node Type": "Index Scan", "Parent Relationship": "Inner", "Scan Direction": "Forward", "Index Name": "role_type_pkey", "Relation Name": "role_type", "Alias": "rt", "Startup Cost": 0.0, "Total Cost": 0.27, "Plan Rows": 1, "Plan Width": 4, "Actual Min Startup Time": 0.018, "Actual Max Startup Time": 0.018, "Actual Min Total Time": 0.018, "Actual Max Total Time": 0.018, "Index Cond": "(id = ci.role_id)", "Rows Removed by Index Recheck": 0, "Filter": "((role)::text = 'actress'::text)", "Rows Removed by Filter": 0, "Actual Rows": 6}], "Actual Rows": 6}], "Actual Rows": 1}, "Triggers": [], "Planner Runtime": 30.568, "Total Runtime": 84.938, "Unique SQL Id": 3956435728}}, "(16, '45')": {"explain_plan": {"Plan": {"Node Type": "Aggregate", "Strategy": "Plain", "Startup Cost": 84111.26, "Total Cost": 84111.27, "Plan Rows": 1, "Plan Width": 97, "Plans": [{"Node Type": "Nested Loop", "Parent Relationship": "Outer", "Join Type": "Inner", "Startup Cost": 0.0, "Total Cost": 84111.26, "Plan Rows": 1, "Plan Width": 33, "Inner Unique": true, "Plans": [{"Node Type": "Nested Loop", "Parent Relationship": "Outer", "Join Type": "Inner", "Startup Cost": 0.0, "Total Cost": 84110.97, "Plan Rows": 1, "Plan Width": 37, "Inner Unique": true, "Plans": [{"Node Type": "Nested Loop", "Parent Relationship": "Outer", "Join Type": "Inner", "Startup Cost": 0.0, "Total Cost": 84110.39, "Plan Rows": 1, "Plan Width": 45, "Inner Unique": false, "Plans": [{"Node Type": "Nested Loop", "Parent Relationship": "Outer", "Join Type": "Inner", "Startup Cost": 0.0, "Total Cost": 84109.54, "Plan Rows": 1, "Plan Width": 25, "Inner Unique": false, "Join Filter": "(t.id = ci.movie_id)", "Plans": [{"Node Type": "Nested Loop", "Parent Relationship": "Outer", "Join Type": "Inner", "Startup Cost": 0.0, "Total Cost": 84053.76, "Plan Rows": 2, "Plan Width": 25, "Inner Unique": true, "Plans": [{"Node Type": "Nested Loop", "Parent Relationship": "Outer", "Join Type": "Inner", "Startup Cost": 0.0, "Total Cost": 81991.53, "Plan Rows": 262, "Plan Width": 4, "Inner Unique": false, "Plans": [{"Node Type": "Index Scan", "Parent Relationship": "Outer", "Scan Direction": "Forward", "Index Name": "company_name_pkey", "Relation Name": "company_name", "Alias": "cn", "Startup Cost": 0.0, "Total Cost": 10501.39, "Plan Rows": 6290, "Plan Width": 4, "Filter": "((country_code)::text = '[jp]'::text)"}, {"Node Type": "Index Scan", "Parent Relationship": "Inner", "Scan Direction": "Forward", "Index Name": "company_id_movie_companies", "Relation Name": "movie_companies", "Alias": "mc", "Startup Cost": 0.0, "Total Cost": 11.36, "Plan Rows": 1, "Plan Width": 8, "Index Cond": "(company_id = cn.id)", "Filter": "(((note)::text ~~ '%(Japan)%'::text) AND ((note)::text !~~ '%(USA)%'::text) AND (((note)::text ~~ '%(2006)%'::text) OR ((note)::text ~~ '%(2007)%'::text)))"}]}, {"Node Type": "Index Scan", "Parent Relationship": "Inner", "Scan Direction": "Forward", "Index Name": "title_pkey", "Relation Name": "title", "Alias": "t", "Startup Cost": 0.0, "Total Cost": 7.86, "Plan Rows": 1, "Plan Width": 21, "Index Cond": "(id = mc.movie_id)", "Filter": "((production_year >= 2006) AND (production_year <= 2007) AND (((title)::text ~~ 'One Piece%'::text) OR ((title)::text ~~ 'Dragon Ball Z%'::text)))"}]}, {"Node Type": "Index Scan", "Parent Relationship": "Inner", "Scan Direction": "Forward", "Index Name": "movie_id_cast_info", "Relation Name": "cast_info", "Alias": "ci", "Startup Cost": 0.0, "Total Cost": 27.88, "Plan Rows": 1, "Plan Width": 12, "Index Cond": "(movie_id = mc.movie_id)", "Filter": "((note)::text = '(voice: English version)'::text)"}]}, {"Node Type": "Index Scan", "Parent Relationship": "Inner", "Scan Direction": "Forward", "Index Name": "person_id_aka_name", "Relation Name": "aka_name", "Alias": "an", "Startup Cost": 0.0, "Total Cost": 0.84, "Plan Rows": 1, "Plan Width": 20, "Index Cond": "(person_id = ci.person_id)"}]}, {"Node Type": "Index Scan", "Parent Relationship": "Inner", "Scan Direction": "Forward", "Index Name": "name_pkey", "Relation Name": "name", "Alias": "n", "Startup Cost": 0.0, "Total Cost": 0.57, "Plan Rows": 1, "Plan Width": 4, "Index Cond": "(id = an.person_id)", "Filter": "(((name)::text ~~ '%Yo%'::text) AND ((name)::text !~~ '%Yu%'::text))"}]}, {"Node Type": "Index Scan", "Parent Relationship": "Inner", "Scan Direction": "Forward", "Index Name": "role_type_pkey", "Relation Name": "role_type", "Alias": "rt", "Startup Cost": 0.0, "Total Cost": 0.27, "Plan Rows": 1, "Plan Width": 4, "Index Cond": "(id = ci.role_id)", "Filter": "((role)::text = 'actress'::text)"}]}]}, "Unique SQL Id": 3956435728, "Planner Runtime": 16}, "explain_analyze_plan": null}, "(16, '46')": {"explain_plan": {"Plan": {"Node Type": "Aggregate", "Strategy": "Plain", "Startup Cost": 147016.9, "Total Cost": 147016.91, "Plan Rows": 1, "Plan Width": 97, "Plans": [{"Node Type": "Nested Loop", "Parent Relationship": "Outer", "Join Type": "Inner", "Startup Cost": 105677.81, "Total Cost": 147016.9, "Plan Rows": 1, "Plan Width": 33, "Inner Unique": true, "Join Filter": "(ci.role_id = rt.id)", "Plans": [{"Node Type": "Nested Loop", "Parent Relationship": "Outer", "Join Type": "Inner", "Startup Cost": 105677.81, "Total Cost": 147015.74, "Plan Rows": 1, "Plan Width": 37, "Inner Unique": true, "Join Filter": "(mc.company_id = cn.id)", "Plans": [{"Node Type": "Hash Join", "Parent Relationship": "Outer", "Join Type": "Inner", "Startup Cost": 105677.81, "Total Cost": 141033.66, "Plan Rows": 1, "Plan Width": 41, "Inner Unique": true, "Hash Cond": "(ci.movie_id = t.id)", "Plans": [{"Node Type": "Streaming(type: LOCAL GATHER dop: 1/16)", "Parent Relationship": "Outer", "Startup Cost": 100593.41, "Total Cost": 135946.84, "Plan Rows": 643, "Plan Width": 32, "Plans": [{"Node Type": "Hash Join", "Parent Relationship": "Outer", "Join Type": "Inner", "Startup Cost": 100593.41, "Total Cost": 135932.96, "Plan Rows": 643, "Plan Width": 32, "Inner Unique": false, "Hash Cond": "(n.id = an.person_id)", "Plans": [{"Node Type": "Streaming(type: BROADCAST dop: 16/1)", "Parent Relationship": "Outer", "Startup Cost": 83644.96, "Total Cost": 118972.95, "Plan Rows": 8416, "Plan Width": 24, "Plans": [{"Node Type": "Hash Join", "Parent Relationship": "Outer", "Join Type": "Inner", "Startup Cost": 83644.96, "Total Cost": 103791.31, "Plan Rows": 526, "Plan Width": 24, "Inner Unique": false, "Hash Cond": "(mc.movie_id = ci.movie_id)", "Plans": [{"Node Type": "Streaming(type: LOCAL GATHER dop: 1/16)", "Parent Relationship": "Outer", "Startup Cost": 0.0, "Total Cost": 19279.94, "Plan Rows": 1652, "Plan Width": 8, "Plans": [{"Node Type": "Seq Scan", "Parent Relationship": "Outer", "Relation Name": "movie_companies", "Alias": "mc", "Startup Cost": 0.0, "Total Cost": 19244.28, "Plan Rows": 1652, "Plan Width": 8, "Filter": "(((note)::text ~~ '%(Japan)%'::text) AND ((note)::text !~~ '%(USA)%'::text) AND (((note)::text ~~ '%(2006)%'::text) OR ((note)::text ~~ '%(2007)%'::text)))"}]}, {"Node Type": "Hash", "Parent Relationship": "Inner", "Startup Cost": 83467.16, "Total Cost": 83467.16, "Plan Rows": 14224, "Plan Width": 16, "Plans": [{"Node Type": "Hash Join", "Parent Relationship": "Outer", "Join Type": "Inner", "Startup Cost": 22592.6, "Total Cost": 83467.16, "Plan Rows": 14224, "Plan Width": 16, "Inner Unique": true, "Hash Cond": "(ci.person_id = n.id)", "Plans": [{"Node Type": "Streaming(type: LOCAL GATHER dop: 1/16)", "Parent Relationship": "Outer", "Startup Cost": 0.0, "Total Cost": 60369.73, "Plan Rows": 96692, "Plan Width": 12, "Plans": [{"Node Type": "Seq Scan", "Parent Relationship": "Outer", "Relation Name": "cast_info", "Alias": "ci", "Startup Cost": 0.0, "Total Cost": 58282.92, "Plan Rows": 96692, "Plan Width": 12, "Filter": "((note)::text = '(voice: English version)'::text)"}]}, {"Node Type": "Hash", "Parent Relationship": "Inner", "Startup Cost": 22419.02, "Total Cost": 22419.02, "Plan Rows": 13886, "Plan Width": 4, "Plans": [{"Node Type": "Streaming(type: LOCAL GATHER dop: 1/16)", "Parent Relationship": "Outer", "Startup Cost": 0.0, "Total Cost": 22419.02, "Plan Rows": 13886, "Plan Width": 4, "Plans": [{"Node Type": "Seq Scan", "Parent Relationship": "Outer", "Relation Name": "name", "Alias": "n", "Startup Cost": 0.0, "Total Cost": 22119.33, "Plan Rows": 13886, "Plan Width": 4, "Filter": "(((name)::text ~~ '%Yo%'::text) AND ((name)::text !~~ '%Yu%'::text))"}]}]}]}]}]}]}, {"Node Type": "Hash", "Parent Relationship": "Inner", "Startup Cost": 16244.28, "Total Cost": 16244.28, "Plan Rows": 901342, "Plan Width": 20, "Plans": [{"Node Type": "Seq Scan", "Parent Relationship": "Outer", "Relation Name": "aka_name", "Alias": "an", "Startup Cost": 0.0, "Total Cost": 16244.28, "Plan Rows": 901342, "Plan Width": 20}]}]}]}, {"Node Type": "Hash", "Parent Relationship": "Inner", "Startup Cost": 20335.44, "Total Cost": 20335.44, "Plan Rows": 43, "Plan Width": 21, "Plans": [{"Node Type": "Streaming(type: LOCAL GATHER dop: 1/16)", "Parent Relationship": "Outer", "Startup Cost": 1069.17, "Total Cost": 20335.44, "Plan Rows": 43, "Plan Width": 21, "Plans": [{"Node Type": "Seq Scan", "Parent Relationship": "Outer", "Relation Name": "title", "Alias": "t", "Startup Cost": 1069.17, "Total Cost": 20334.51, "Plan Rows": 43, "Plan Width": 21, "Filter": "((production_year >= 2006) AND (production_year <= 2007) AND (((title)::text ~~ 'One Piece%'::text) OR ((title)::text ~~ 'Dragon Ball Z%'::text)))"}]}]}]}, {"Node Type": "Seq Scan", "Parent Relationship": "Inner", "Relation Name": "company_name", "Alias": "cn", "Startup Cost": 0.0, "Total Cost": 5903.45, "Plan Rows": 6290, "Plan Width": 4, "Filter": "((country_code)::text = '[jp]'::text)"}]}, {"Node Type": "Seq Scan", "Parent Relationship": "Inner", "Relation Name": "role_type", "Alias": "rt", "Startup Cost": 0.0, "Total Cost": 1.15, "Plan Rows": 1, "Plan Width": 4, "Filter": "((role)::text = 'actress'::text)"}]}]}, "Unique SQL Id": 3956435728, "Planner Runtime": 152}, "explain_analyze_plan": null}, "(16, '47')": {"explain_plan": {"Plan": {"Node Type": "Aggregate", "Strategy": "Plain", "Startup Cost": 7000171740968.88, "Total Cost": 7000171740968.89, "Plan Rows": 1, "Plan Width": 97, "Plans": [{"Node Type": "Nested Loop", "Parent Relationship": "Outer", "Join Type": "Inner", "Startup Cost": 70000000000.0, "Total Cost": 7000171740968.87, "Plan Rows": 1, "Plan Width": 33, "Inner Unique": true, "Join Filter": "(ci.role_id = rt.id)", "Plans": [{"Node Type": "Nested Loop", "Parent Relationship": "Outer", "Join Type": "Inner", "Startup Cost": 60000000000.0, "Total Cost": 6000171739722.86, "Plan Rows": 1, "Plan Width": 37, "Inner Unique": true, "Plans": [{"Node Type": "Nested Loop", "Parent Relationship": "Outer", "Join Type": "Inner", "Startup Cost": 50000000000.0, "Total Cost": 5000171739665.63, "Plan Rows": 1, "Plan Width": 45, "Inner Unique": true, "Plans": [{"Node Type": "Nested Loop", "Parent Relationship": "Outer", "Join Type": "Inner", "Startup Cost": 40000000000.0, "Total Cost": 4000171739228.2, "Plan Rows": 1, "Plan Width": 49, "Inner Unique": false, "Plans": [{"Node Type": "Nested Loop", "Parent Relationship": "Outer", "Join Type": "Inner", "Startup Cost": 30000000000.0, "Total Cost": 3000171739143.81, "Plan Rows": 1, "Plan Width": 29, "Inner Unique": false, "Join Filter": "(t.id = ci.movie_id)", "Plans": [{"Node Type": "Index Scan", "Parent Relationship": "Outer", "Scan Direction": "Forward", "Index Name": "role_id_cast_info", "Relation Name": "cast_info", "Alias": "ci", "Startup Cost": 10000000000.0, "Total Cost": 1000143218339.5, "Plan Rows": 96692, "Plan Width": 12, "Filter": "((note)::text = '(voice: English version)'::text)"}, {"Node Type": "Materialize", "Parent Relationship": "Inner", "Startup Cost": 20000000000.0, "Total Cost": 2000028517903.55, "Plan Rows": 2, "Plan Width": 29, "Plans": [{"Node Type": "Nested Loop", "Parent Relationship": "Outer", "Join Type": "Inner", "Startup Cost": 20000000000.0, "Total Cost": 2000028517903.54, "Plan Rows": 2, "Plan Width": 29, "Inner Unique": true, "Join Filter": "(mc.movie_id = t.id)", "Plans": [{"Node Type": "Index Scan", "Parent Relationship": "Outer", "Scan Direction": "Forward", "Index Name": "company_id_movie_companies", "Relation Name": "movie_companies", "Alias": "mc", "Startup Cost": 10000000000.0, "Total Cost": 1000014976477.98, "Plan Rows": 1652, "Plan Width": 8, "Filter": "(((note)::text ~~ '%(Japan)%'::text) AND ((note)::text !~~ '%(USA)%'::text) AND (((note)::text ~~ '%(2006)%'::text) OR ((note)::text ~~ '%(2007)%'::text)))"}, {"Node Type": "Materialize", "Parent Relationship": "Inner", "Startup Cost": 10000000000.0, "Total Cost": 1000013540360.13, "Plan Rows": 43, "Plan Width": 21, "Plans": [{"Node Type": "Index Scan", "Parent Relationship": "Outer", "Scan Direction": "Forward", "Index Name": "title_pkey", "Relation Name": "title", "Alias": "t", "Startup Cost": 10000000000.0, "Total Cost": 1000013540359.91, "Plan Rows": 43, "Plan Width": 21, "Filter": "((production_year >= 2006) AND (production_year <= 2007) AND (((title)::text ~~ 'One Piece%'::text) OR ((title)::text ~~ 'Dragon Ball Z%'::text)))"}]}]}]}]}, {"Node Type": "Index Scan", "Parent Relationship": "Inner", "Scan Direction": "Forward", "Index Name": "person_id_aka_name", "Relation Name": "aka_name", "Alias": "an", "Startup Cost": 10000000000.0, "Total Cost": 1000000000084.38, "Plan Rows": 1, "Plan Width": 20, "Index Cond": "(person_id = ci.person_id)"}]}, {"Node Type": "Index Scan", "Parent Relationship": "Inner", "Scan Direction": "Forward", "Index Name": "company_name_pkey", "Relation Name": "company_name", "Alias": "cn", "Startup Cost": 10000000000.0, "Total Cost": 1000000000437.42, "Plan Rows": 1, "Plan Width": 4, "Index Cond": "(id = mc.company_id)", "Filter": "((country_code)::text = '[jp]'::text)"}]}, {"Node Type": "Index Scan", "Parent Relationship": "Inner", "Scan Direction": "Forward", "Index Name": "name_pkey", "Relation Name": "name", "Alias": "n", "Startup Cost": 10000000000.0, "Total Cost": 1000000000057.22, "Plan Rows": 1, "Plan Width": 4, "Index Cond": "(id = an.person_id)", "Filter": "(((name)::text ~~ '%Yo%'::text) AND ((name)::text !~~ '%Yu%'::text))"}]}, {"Node Type": "Index Scan", "Parent Relationship": "Inner", "Scan Direction": "Forward", "Index Name": "role_type_pkey", "Relation Name": "role_type", "Alias": "rt", "Startup Cost": 10000000000.0, "Total Cost": 1000000001246.0, "Plan Rows": 1, "Plan Width": 4, "Filter": "((role)::text = 'actress'::text)"}]}]}, "Unique SQL Id": 3956435728, "Planner Runtime": 45}, "explain_analyze_plan": null}, "(16, '48')": {"explain_plan": {"Plan": {"Node Type": "Aggregate", "Strategy": "Plain", "Startup Cost": 20891.31, "Total Cost": 20891.32, "Plan Rows": 1, "Plan Width": 97, "Plans": [{"Node Type": "Nested Loop", "Parent Relationship": "Outer", "Join Type": "Inner", "Startup Cost": 1069.17, "Total Cost": 20891.3, "Plan Rows": 1, "Plan Width": 33, "Inner Unique": true, "Plans": [{"Node Type": "Nested Loop", "Parent Relationship": "Outer", "Join Type": "Inner", "Startup Cost": 1069.17, "Total Cost": 20891.02, "Plan Rows": 1, "Plan Width": 37, "Inner Unique": true, "Plans": [{"Node Type": "Nested Loop", "Parent Relationship": "Outer", "Join Type": "Inner", "Startup Cost": 1069.17, "Total Cost": 20890.44, "Plan Rows": 1, "Plan Width": 45, "Inner Unique": true, "Plans": [{"Node Type": "Nested Loop", "Parent Relationship": "Outer", "Join Type": "Inner", "Startup Cost": 1069.17, "Total Cost": 20886.05, "Plan Rows": 1, "Plan Width": 49, "Inner Unique": false, "Plans": [{"Node Type": "Nested Loop", "Parent Relationship": "Outer", "Join Type": "Inner", "Startup Cost": 1069.17, "Total Cost": 20885.2, "Plan Rows": 1, "Plan Width": 29, "Inner Unique": false, "Join Filter": "(t.id = ci.movie_id)", "Plans": [{"Node Type": "Nested Loop", "Parent Relationship": "Outer", "Join Type": "Inner", "Startup Cost": 1069.17, "Total Cost": 20829.42, "Plan Rows": 2, "Plan Width": 29, "Inner Unique": false, "Plans": [{"Node Type": "Streaming(type: LOCAL GATHER dop: 1/16)", "Parent Relationship": "Outer", "Startup Cost": 1069.17, "Total Cost": 20335.44, "Plan Rows": 43, "Plan Width": 21, "Plans": [{"Node Type": "Seq Scan", "Parent Relationship": "Outer", "Relation Name": "title", "Alias": "t", "Startup Cost": 1069.17, "Total Cost": 20334.51, "Plan Rows": 43, "Plan Width": 21, "Filter": "((production_year >= 2006) AND (production_year <= 2007) AND (((title)::text ~~ 'One Piece%'::text) OR ((title)::text ~~ 'Dragon Ball Z%'::text)))"}]}, {"Node Type": "Index Scan", "Parent Relationship": "Inner", "Scan Direction": "Forward", "Index Name": "movie_id_movie_companies", "Relation Name": "movie_companies", "Alias": "mc", "Startup Cost": 0.0, "Total Cost": 11.48, "Plan Rows": 1, "Plan Width": 8, "Index Cond": "(movie_id = t.id)", "Filter": "(((note)::text ~~ '%(Japan)%'::text) AND ((note)::text !~~ '%(USA)%'::text) AND (((note)::text ~~ '%(2006)%'::text) OR ((note)::text ~~ '%(2007)%'::text)))"}]}, {"Node Type": "Index Scan", "Parent Relationship": "Inner", "Scan Direction": "Forward", "Index Name": "movie_id_cast_info", "Relation Name": "cast_info", "Alias": "ci", "Startup Cost": 0.0, "Total Cost": 27.88, "Plan Rows": 1, "Plan Width": 12, "Index Cond": "(movie_id = mc.movie_id)", "Filter": "((note)::text = '(voice: English version)'::text)"}]}, {"Node Type": "Index Scan", "Parent Relationship": "Inner", "Scan Direction": "Forward", "Index Name": "person_id_aka_name", "Relation Name": "aka_name", "Alias": "an", "Startup Cost": 0.0, "Total Cost": 0.84, "Plan Rows": 1, "Plan Width": 20, "Index Cond": "(person_id = ci.person_id)"}]}, {"Node Type": "Index Scan", "Parent Relationship": "Inner", "Scan Direction": "Forward", "Index Name": "company_name_pkey", "Relation Name": "company_name", "Alias": "cn", "Startup Cost": 0.0, "Total Cost": 4.37, "Plan Rows": 1, "Plan Width": 4, "Index Cond": "(id = mc.company_id)", "Filter": "((country_code)::text = '[jp]'::text)"}]}, {"Node Type": "Index Scan", "Parent Relationship": "Inner", "Scan Direction": "Forward", "Index Name": "name_pkey", "Relation Name": "name", "Alias": "n", "Startup Cost": 0.0, "Total Cost": 0.57, "Plan Rows": 1, "Plan Width": 4, "Index Cond": "(id = an.person_id)", "Filter": "(((name)::text ~~ '%Yo%'::text) AND ((name)::text !~~ '%Yu%'::text))"}]}, {"Node Type": "Index Scan", "Parent Relationship": "Inner", "Scan Direction": "Forward", "Index Name": "role_type_pkey", "Relation Name": "role_type", "Alias": "rt", "Startup Cost": 0.0, "Total Cost": 0.27, "Plan Rows": 1, "Plan Width": 4, "Index Cond": "(id = ci.role_id)", "Filter": "((role)::text = 'actress'::text)"}]}]}, "Unique SQL Id": 3956435728, "Planner Runtime": 11}, "explain_analyze_plan": {"Plan": {"Node Type": "Aggregate", "Strategy": "Plain", "Startup Cost": 20891.31, "Total Cost": 20891.32, "Plan Rows": 1, "Plan Width": 97, "Actual Min Startup Time": 82.24, "Actual Max Startup Time": 82.24, "Actual Min Total Time": 82.24, "Actual Max Total Time": 82.24, "Plans": [{"Node Type": "Nested Loop", "Parent Relationship": "Outer", "Join Type": "Inner", "Startup Cost": 1069.17, "Total Cost": 20891.3, "Plan Rows": 1, "Plan Width": 33, "Actual Min Startup Time": 79.771, "Actual Max Startup Time": 79.771, "Actual Min Total Time": 82.203, "Actual Max Total Time": 82.203, "Inner Unique": true, "Plans": [{"Node Type": "Nested Loop", "Parent Relationship": "Outer", "Join Type": "Inner", "Startup Cost": 1069.17, "Total Cost": 20891.02, "Plan Rows": 1, "Plan Width": 37, "Actual Min Startup Time": 79.76, "Actual Max Startup Time": 79.76, "Actual Min Total Time": 82.178, "Actual Max Total Time": 82.178, "Inner Unique": true, "Plans": [{"Node Type": "Nested Loop", "Parent Relationship": "Outer", "Join Type": "Inner", "Startup Cost": 1069.17, "Total Cost": 20890.44, "Plan Rows": 1, "Plan Width": 45, "Actual Min Startup Time": 78.621, "Actual Max Startup Time": 78.621, "Actual Min Total Time": 81.338, "Actual Max Total Time": 81.338, "Inner Unique": true, "Plans": [{"Node Type": "Nested Loop", "Parent Relationship": "Outer", "Join Type": "Inner", "Startup Cost": 1069.17, "Total Cost": 20886.05, "Plan Rows": 1, "Plan Width": 49, "Actual Min Startup Time": 78.603, "Actual Max Startup Time": 78.603, "Actual Min Total Time": 80.695, "Actual Max Total Time": 80.695, "Inner Unique": false, "Plans": [{"Node Type": "Nested Loop", "Parent Relationship": "Outer", "Join Type": "Inner", "Startup Cost": 1069.17, "Total Cost": 20885.2, "Plan Rows": 1, "Plan Width": 29, "Actual Min Startup Time": 78.587, "Actual Max Startup Time": 78.587, "Actual Min Total Time": 79.943, "Actual Max Total Time": 79.943, "Inner Unique": false, "Join Filter": "(t.id = ci.movie_id)", "Rows Removed by Join Filter": 0, "Plans": [{"Node Type": "Nested Loop", "Parent Relationship": "Outer", "Join Type": "Inner", "Startup Cost": 1069.17, "Total Cost": 20829.42, "Plan Rows": 2, "Plan Width": 29, "Actual Min Startup Time": 78.48, "Actual Max Startup Time": 78.48, "Actual Min Total Time": 79.571, "Actual Max Total Time": 79.571, "Inner Unique": false, "Plans": [{"Node Type": "Streaming(type: LOCAL GATHER dop: 1/16)", "Parent Relationship": "Outer", "Startup Cost": 1069.17, "Total Cost": 20335.44, "Plan Rows": 43, "Plan Width": 21, "Actual Min Startup Time": 78.374, "Actual Max Startup Time": 78.374, "Actual Min Total Time": 79.397, "Actual Max Total Time": 79.397, "Plans": [{"Node Type": "Seq Scan", "Parent Relationship": "Outer", "Relation Name": "title", "Alias": "t", "Startup Cost": 1069.17, "Total Cost": 20334.51, "Plan Rows": 43, "Plan Width": 21, "Actual Min Startup Time": 48.113, "Actual Max Startup Time": 65.731, "Actual Min Total Time": 62.348, "Actual Max Total Time": 65.731, "Filter": "((production_year >= 2006) AND (production_year <= 2007) AND (((title)::text ~~ 'One Piece%'::text) OR ((title)::text ~~ 'Dragon Ball Z%'::text)))", "Rows Removed by Filter": 2528304, "Actual Rows": 7}], "Actual Rows": 7}, {"Node Type": "Index Scan", "Parent Relationship": "Inner", "Scan Direction": "Forward", "Index Name": "movie_id_movie_companies", "Relation Name": "movie_companies", "Alias": "mc", "Startup Cost": 0.0, "Total Cost": 11.48, "Plan Rows": 1, "Plan Width": 8, "Actual Min Startup Time": 0.139, "Actual Max Startup Time": 0.139, "Actual Min Total Time": 0.148, "Actual Max Total Time": 0.148, "Index Cond": "(movie_id = t.id)", "Rows Removed by Index Recheck": 0, "Filter": "(((note)::text ~~ '%(Japan)%'::text) AND ((note)::text !~~ '%(USA)%'::text) AND (((note)::text ~~ '%(2006)%'::text) OR ((note)::text ~~ '%(2007)%'::text)))", "Rows Removed by Filter": 13, "Actual Rows": 4}], "Actual Rows": 4}, {"Node Type": "Index Scan", "Parent Relationship": "Inner", "Scan Direction": "Forward", "Index Name": "movie_id_cast_info", "Relation Name": "cast_info", "Alias": "ci", "Startup Cost": 0.0, "Total Cost": 27.88, "Plan Rows": 1, "Plan Width": 12, "Actual Min Startup Time": 0.106, "Actual Max Startup Time": 0.106, "Actual Min Total Time": 0.331, "Actual Max Total Time": 0.331, "Index Cond": "(movie_id = mc.movie_id)", "Rows Removed by Index Recheck": 0, "Filter": "((note)::text = '(voice: English version)'::text)", "Rows Removed by Filter": 68, "Actual Rows": 104}], "Actual Rows": 104}, {"Node Type": "Index Scan", "Parent Relationship": "Inner", "Scan Direction": "Forward", "Index Name": "person_id_aka_name", "Relation Name": "aka_name", "Alias": "an", "Startup Cost": 0.0, "Total Cost": 0.84, "Plan Rows": 1, "Plan Width": 20, "Actual Min Startup Time": 0.52, "Actual Max Startup Time": 0.52, "Actual Min Total Time": 0.636, "Actual Max Total Time": 0.636, "Index Cond": "(person_id = ci.person_id)", "Rows Removed by Index Recheck": 0, "Actual Rows": 171}], "Actual Rows": 171}, {"Node Type": "Index Scan", "Parent Relationship": "Inner", "Scan Direction": "Forward", "Index Name": "company_name_pkey", "Relation Name": "company_name", "Alias": "cn", "Startup Cost": 0.0, "Total Cost": 4.37, "Plan Rows": 1, "Plan Width": 4, "Actual Min Startup Time": 0.51, "Actual Max Startup Time": 0.51, "Actual Min Total Time": 0.51, "Actual Max Total Time": 0.51, "Index Cond": "(id = mc.company_id)", "Rows Removed by Index Recheck": 0, "Filter": "((country_code)::text = '[jp]'::text)", "Rows Removed by Filter": 0, "Actual Rows": 171}], "Actual Rows": 171}, {"Node Type": "Index Scan", "Parent Relationship": "Inner", "Scan Direction": "Forward", "Index Name": "name_pkey", "Relation Name": "name", "Alias": "n", "Startup Cost": 0.0, "Total Cost": 0.57, "Plan Rows": 1, "Plan Width": 4, "Actual Min Startup Time": 0.745, "Actual Max Startup Time": 0.745, "Actual Min Total Time": 0.745, "Actual Max Total Time": 0.745, "Index Cond": "(id = an.person_id)", "Rows Removed by Index Recheck": 0, "Filter": "(((name)::text ~~ '%Yo%'::text) AND ((name)::text !~~ '%Yu%'::text))", "Rows Removed by Filter": 165, "Actual Rows": 6}], "Actual Rows": 6}, {"Node Type": "Index Scan", "Parent Relationship": "Inner", "Scan Direction": "Forward", "Index Name": "role_type_pkey", "Relation Name": "role_type", "Alias": "rt", "Startup Cost": 0.0, "Total Cost": 0.27, "Plan Rows": 1, "Plan Width": 4, "Actual Min Startup Time": 0.018, "Actual Max Startup Time": 0.018, "Actual Min Total Time": 0.018, "Actual Max Total Time": 0.018, "Index Cond": "(id = ci.role_id)", "Rows Removed by Index Recheck": 0, "Filter": "((role)::text = 'actress'::text)", "Rows Removed by Filter": 0, "Actual Rows": 6}], "Actual Rows": 6}], "Actual Rows": 1}, "Triggers": [], "Planner Runtime": 30.568, "Total Runtime": 84.938, "Unique SQL Id": 3956435728}}, "(16, '49')": {"explain_plan": {"Plan": {"Node Type": "Aggregate", "Strategy": "Plain", "Startup Cost": 82294.12, "Total Cost": 82294.13, "Plan Rows": 1, "Plan Width": 97, "Plans": [{"Node Type": "Nested Loop", "Parent Relationship": "Outer", "Join Type": "Inner", "Startup Cost": 2780.8, "Total Cost": 82294.12, "Plan Rows": 1, "Plan Width": 33, "Inner Unique": true, "Plans": [{"Node Type": "Nested Loop", "Parent Relationship": "Outer", "Join Type": "Inner", "Startup Cost": 2780.8, "Total Cost": 82293.84, "Plan Rows": 1, "Plan Width": 37, "Inner Unique": true, "Plans": [{"Node Type": "Nested Loop", "Parent Relationship": "Outer", "Join Type": "Inner", "Startup Cost": 2780.8, "Total Cost": 82293.26, "Plan Rows": 1, "Plan Width": 45, "Inner Unique": false, "Plans": [{"Node Type": "Nested Loop", "Parent Relationship": "Outer", "Join Type": "Inner", "Startup Cost": 2780.8, "Total Cost": 82292.4, "Plan Rows": 1, "Plan Width": 25, "Inner Unique": false, "Join Filter": "(t.id = ci.movie_id)", "Plans": [{"Node Type": "Nested Loop", "Parent Relationship": "Outer", "Join Type": "Inner", "Startup Cost": 2780.8, "Total Cost": 82236.62, "Plan Rows": 2, "Plan Width": 25, "Inner Unique": true, "Plans": [{"Node Type": "Nested Loop", "Parent Relationship": "Outer", "Join Type": "Inner", "Startup Cost": 2780.8, "Total Cost": 80174.39, "Plan Rows": 262, "Plan Width": 4, "Inner Unique": false, "Plans": [{"Node Type": "Bitmap Heap Scan", "Parent Relationship": "Outer", "Relation Name": "company_name", "Alias": "cn", "Startup Cost": 2780.8, "Total Cost": 8684.25, "Plan Rows": 6290, "Plan Width": 4, "Filter": "((country_code)::text = '[jp]'::text)", "Plans": [{"Node Type": "Bitmap Index Scan", "Parent Relationship": "Outer", "Index Name": "company_name_pkey", "Startup Cost": 0.0, "Total Cost": 2779.23, "Plan Rows": 234996, "Plan Width": 0}]}, {"Node Type": "Index Scan", "Parent Relationship": "Inner", "Scan Direction": "Forward", "Index Name": "company_id_movie_companies", "Relation Name": "movie_companies", "Alias": "mc", "Startup Cost": 0.0, "Total Cost": 11.36, "Plan Rows": 1, "Plan Width": 8, "Index Cond": "(company_id = cn.id)", "Filter": "(((note)::text ~~ '%(Japan)%'::text) AND ((note)::text !~~ '%(USA)%'::text) AND (((note)::text ~~ '%(2006)%'::text) OR ((note)::text ~~ '%(2007)%'::text)))"}]}, {"Node Type": "Index Scan", "Parent Relationship": "Inner", "Scan Direction": "Forward", "Index Name": "title_pkey", "Relation Name": "title", "Alias": "t", "Startup Cost": 0.0, "Total Cost": 7.86, "Plan Rows": 1, "Plan Width": 21, "Index Cond": "(id = mc.movie_id)", "Filter": "((production_year >= 2006) AND (production_year <= 2007) AND (((title)::text ~~ 'One Piece%'::text) OR ((title)::text ~~ 'Dragon Ball Z%'::text)))"}]}, {"Node Type": "Index Scan", "Parent Relationship": "Inner", "Scan Direction": "Forward", "Index Name": "movie_id_cast_info", "Relation Name": "cast_info", "Alias": "ci", "Startup Cost": 0.0, "Total Cost": 27.88, "Plan Rows": 1, "Plan Width": 12, "Index Cond": "(movie_id = mc.movie_id)", "Filter": "((note)::text = '(voice: English version)'::text)"}]}, {"Node Type": "Index Scan", "Parent Relationship": "Inner", "Scan Direction": "Forward", "Index Name": "person_id_aka_name", "Relation Name": "aka_name", "Alias": "an", "Startup Cost": 0.0, "Total Cost": 0.84, "Plan Rows": 1, "Plan Width": 20, "Index Cond": "(person_id = ci.person_id)"}]}, {"Node Type": "Index Scan", "Parent Relationship": "Inner", "Scan Direction": "Forward", "Index Name": "name_pkey", "Relation Name": "name", "Alias": "n", "Startup Cost": 0.0, "Total Cost": 0.57, "Plan Rows": 1, "Plan Width": 4, "Index Cond": "(id = an.person_id)", "Filter": "(((name)::text ~~ '%Yo%'::text) AND ((name)::text !~~ '%Yu%'::text))"}]}, {"Node Type": "Index Scan", "Parent Relationship": "Inner", "Scan Direction": "Forward", "Index Name": "role_type_pkey", "Relation Name": "role_type", "Alias": "rt", "Startup Cost": 0.0, "Total Cost": 0.27, "Plan Rows": 1, "Plan Width": 4, "Index Cond": "(id = ci.role_id)", "Filter": "((role)::text = 'actress'::text)"}]}]}, "Unique SQL Id": 3956435728, "Planner Runtime": 9}, "explain_analyze_plan": null}, "(16, '50')": {"explain_plan": {"Plan": {"Node Type": "Aggregate", "Strategy": "Plain", "Startup Cost": 20934.05, "Total Cost": 20934.06, "Plan Rows": 1, "Plan Width": 97, "Plans": [{"Node Type": "Nested Loop", "Parent Relationship": "Outer", "Join Type": "Inner", "Startup Cost": 1079.65, "Total Cost": 20934.05, "Plan Rows": 1, "Plan Width": 33, "Inner Unique": true, "Join Filter": "(ci.role_id = rt.id)", "Plans": [{"Node Type": "Nested Loop", "Parent Relationship": "Outer", "Join Type": "Inner", "Startup Cost": 1079.65, "Total Cost": 20932.89, "Plan Rows": 1, "Plan Width": 37, "Inner Unique": true, "Plans": [{"Node Type": "Nested Loop", "Parent Relationship": "Outer", "Join Type": "Inner", "Startup Cost": 1079.32, "Total Cost": 20928.53, "Plan Rows": 1, "Plan Width": 45, "Inner Unique": true, "Plans": [{"Node Type": "Nested Loop", "Parent Relationship": "Outer", "Join Type": "Inner", "Startup Cost": 1078.09, "Total Cost": 20923.28, "Plan Rows": 1, "Plan Width": 49, "Inner Unique": false, "Plans": [{"Node Type": "Nested Loop", "Parent Relationship": "Outer", "Join Type": "Inner", "Startup Cost": 1077.71, "Total Cost": 20918.87, "Plan Rows": 1, "Plan Width": 29, "Inner Unique": false, "Join Filter": "(t.id = ci.movie_id)", "Plans": [{"Node Type": "Nested Loop", "Parent Relationship": "Outer", "Join Type": "Inner", "Startup Cost": 1073.44, "Total Cost": 20862.3, "Plan Rows": 2, "Plan Width": 29, "Inner Unique": false, "Plans": [{"Node Type": "Streaming(type: LOCAL GATHER dop: 1/16)", "Parent Relationship": "Outer", "Startup Cost": 1069.17, "Total Cost": 20335.44, "Plan Rows": 43, "Plan Width": 21, "Plans": [{"Node Type": "Seq Scan", "Parent Relationship": "Outer", "Relation Name": "title", "Alias": "t", "Startup Cost": 1069.17, "Total Cost": 20334.51, "Plan Rows": 43, "Plan Width": 21, "Filter": "((production_year >= 2006) AND (production_year <= 2007) AND (((title)::text ~~ 'One Piece%'::text) OR ((title)::text ~~ 'Dragon Ball Z%'::text)))"}]}, {"Node Type": "Bitmap Heap Scan", "Parent Relationship": "Inner", "Relation Name": "movie_companies", "Alias": "mc", "Startup Cost": 4.27, "Total Cost": 12.24, "Plan Rows": 1, "Plan Width": 8, "Recheck Cond": "(movie_id = t.id)", "Filter": "(((note)::text ~~ '%(Japan)%'::text) AND ((note)::text !~~ '%(USA)%'::text) AND (((note)::text ~~ '%(2006)%'::text) OR ((note)::text ~~ '%(2007)%'::text)))", "Plans": [{"Node Type": "Bitmap Index Scan", "Parent Relationship": "Outer", "Index Name": "movie_id_movie_companies", "Startup Cost": 0.0, "Total Cost": 4.26, "Plan Rows": 2, "Plan Width": 0, "Index Cond": "(movie_id = t.id)"}]}]}, {"Node Type": "Bitmap Heap Scan", "Parent Relationship": "Inner", "Relation Name": "cast_info", "Alias": "ci", "Startup Cost": 4.27, "Total Cost": 28.27, "Plan Rows": 1, "Plan Width": 12, "Recheck Cond": "(movie_id = mc.movie_id)", "Filter": "((note)::text = '(voice: English version)'::text)", "Plans": [{"Node Type": "Bitmap Index Scan", "Parent Relationship": "Outer", "Index Name": "movie_id_cast_info", "Startup Cost": 0.0, "Total Cost": 4.27, "Plan Rows": 6, "Plan Width": 0, "Index Cond": "(movie_id = mc.movie_id)"}]}]}, {"Node Type": "Bitmap Heap Scan", "Parent Relationship": "Inner", "Relation Name": "aka_name", "Alias": "an", "Startup Cost": 0.38, "Total Cost": 4.39, "Plan Rows": 1, "Plan Width": 20, "Recheck Cond": "(person_id = ci.person_id)", "Plans": [{"Node Type": "Bitmap Index Scan", "Parent Relationship": "Outer", "Index Name": "person_id_aka_name", "Startup Cost": 0.0, "Total Cost": 0.38, "Plan Rows": 1, "Plan Width": 0, "Index Cond": "(person_id = ci.person_id)"}]}]}, {"Node Type": "Bitmap Heap Scan", "Parent Relationship": "Inner", "Relation Name": "company_name", "Alias": "cn", "Startup Cost": 1.23, "Total Cost": 5.24, "Plan Rows": 1, "Plan Width": 4, "Recheck Cond": "(id = mc.company_id)", "Filter": "((country_code)::text = '[jp]'::text)", "Plans": [{"Node Type": "Bitmap Index Scan", "Parent Relationship": "Outer", "Index Name": "company_name_pkey", "Startup Cost": 0.0, "Total Cost": 1.23, "Plan Rows": 1, "Plan Width": 0, "Index Cond": "(id = mc.company_id)"}]}]}, {"Node Type": "Bitmap Heap Scan", "Parent Relationship": "Inner", "Relation Name": "name", "Alias": "n", "Startup Cost": 0.33, "Total Cost": 4.34, "Plan Rows": 1, "Plan Width": 4, "Recheck Cond": "(id = an.person_id)", "Filter": "(((name)::text ~~ '%Yo%'::text) AND ((name)::text !~~ '%Yu%'::text))", "Plans": [{"Node Type": "Bitmap Index Scan", "Parent Relationship": "Outer", "Index Name": "name_pkey", "Startup Cost": 0.0, "Total Cost": 0.33, "Plan Rows": 1, "Plan Width": 0, "Index Cond": "(id = an.person_id)"}]}]}, {"Node Type": "Seq Scan", "Parent Relationship": "Inner", "Relation Name": "role_type", "Alias": "rt", "Startup Cost": 0.0, "Total Cost": 1.15, "Plan Rows": 1, "Plan Width": 4, "Filter": "((role)::text = 'actress'::text)"}]}]}, "Unique SQL Id": 3956435728, "Planner Runtime": 20}, "explain_analyze_plan": {"Plan": {"Node Type": "Aggregate", "Strategy": "Plain", "Startup Cost": 20934.05, "Total Cost": 20934.06, "Plan Rows": 1, "Plan Width": 97, "Actual Min Startup Time": 84.297, "Actual Max Startup Time": 84.297, "Actual Min Total Time": 84.298, "Actual Max Total Time": 84.298, "Plans": [{"Node Type": "Nested Loop", "Parent Relationship": "Outer", "Join Type": "Inner", "Startup Cost": 1079.65, "Total Cost": 20934.05, "Plan Rows": 1, "Plan Width": 33, "Actual Min Startup Time": 81.444, "Actual Max Startup Time": 81.444, "Actual Min Total Time": 84.256, "Actual Max Total Time": 84.256, "Inner Unique": true, "Join Filter": "(ci.role_id = rt.id)", "Rows Removed by Join Filter": 0, "Plans": [{"Node Type": "Nested Loop", "Parent Relationship": "Outer", "Join Type": "Inner", "Startup Cost": 1079.65, "Total Cost": 20932.89, "Plan Rows": 1, "Plan Width": 37, "Actual Min Startup Time": 81.407, "Actual Max Startup Time": 81.407, "Actual Min Total Time": 84.189, "Actual Max Total Time": 84.189, "Inner Unique": true, "Plans": [{"Node Type": "Nested Loop", "Parent Relationship": "Outer", "Join Type": "Inner", "Startup Cost": 1079.32, "Total Cost": 20928.53, "Plan Rows": 1, "Plan Width": 45, "Actual Min Startup Time": 79.94, "Actual Max Startup Time": 79.94, "Actual Min Total Time": 83.048, "Actual Max Total Time": 83.048, "Inner Unique": true, "Plans": [{"Node Type": "Nested Loop", "Parent Relationship": "Outer", "Join Type": "Inner", "Startup Cost": 1078.09, "Total Cost": 20923.28, "Plan Rows": 1, "Plan Width": 49, "Actual Min Startup Time": 79.918, "Actual Max Startup Time": 79.918, "Actual Min Total Time": 82.123, "Actual Max Total Time": 82.123, "Inner Unique": false, "Plans": [{"Node Type": "Nested Loop", "Parent Relationship": "Outer", "Join Type": "Inner", "Startup Cost": 1077.71, "Total Cost": 20918.87, "Plan Rows": 1, "Plan Width": 29, "Actual Min Startup Time": 79.893, "Actual Max Startup Time": 79.893, "Actual Min Total Time": 81.166, "Actual Max Total Time": 81.166, "Inner Unique": false, "Join Filter": "(t.id = ci.movie_id)", "Rows Removed by Join Filter": 0, "Plans": [{"Node Type": "Nested Loop", "Parent Relationship": "Outer", "Join Type": "Inner", "Startup Cost": 1073.44, "Total Cost": 20862.3, "Plan Rows": 2, "Plan Width": 29, "Actual Min Startup Time": 79.734, "Actual Max Startup Time": 79.734, "Actual Min Total Time": 80.712, "Actual Max Total Time": 80.712, "Inner Unique": false, "Plans": [{"Node Type": "Streaming(type: LOCAL GATHER dop: 1/16)", "Parent Relationship": "Outer", "Startup Cost": 1069.17, "Total Cost": 20335.44, "Plan Rows": 43, "Plan Width": 21, "Actual Min Startup Time": 79.604, "Actual Max Startup Time": 79.604, "Actual Min Total Time": 80.477, "Actual Max Total Time": 80.477, "Plans": [{"Node Type": "Seq Scan", "Parent Relationship": "Outer", "Relation Name": "title", "Alias": "t", "Startup Cost": 1069.17, "Total Cost": 20334.51, "Plan Rows": 43, "Plan Width": 21, "Actual Min Startup Time": 48.136, "Actual Max Startup Time": 65.75, "Actual Min Total Time": 62.49, "Actual Max Total Time": 65.75, "Filter": "((production_year >= 2006) AND (production_year <= 2007) AND (((title)::text ~~ 'One Piece%'::text) OR ((title)::text ~~ 'Dragon Ball Z%'::text)))", "Rows Removed by Filter": 2528304, "Actual Rows": 7}], "Actual Rows": 7}, {"Node Type": "Bitmap Heap Scan", "Parent Relationship": "Inner", "Relation Name": "movie_companies", "Alias": "mc", "Startup Cost": 4.27, "Total Cost": 12.24, "Plan Rows": 1, "Plan Width": 8, "Actual Min Startup Time": 0.18, "Actual Max Startup Time": 0.18, "Actual Min Total Time": 0.19, "Actual Max Total Time": 0.19, "Recheck Cond": "(movie_id = t.id)", "Rows Removed by Index Recheck": 0, "Filter": "(((note)::text ~~ '%(Japan)%'::text) AND ((note)::text !~~ '%(USA)%'::text) AND (((note)::text ~~ '%(2006)%'::text) OR ((note)::text ~~ '%(2007)%'::text)))", "Rows Removed by Filter": 13, "Exact Heap Blocks": 13, "Lossy Heap Blocks": 13, "Plans": [{"Node Type": "Bitmap Index Scan", "Parent Relationship": "Outer", "Index Name": "movie_id_movie_companies", "Startup Cost": 0.0, "Total Cost": 4.26, "Plan Rows": 2, "Plan Width": 0, "Actual Min Startup Time": 0.081, "Actual Max Startup Time": 0.081, "Actual Min Total Time": 0.081, "Actual Max Total Time": 0.081, "Index Cond": "(movie_id = t.id)", "Actual Rows": 17}], "Actual Rows": 4}], "Actual Rows": 4}, {"Node Type": "Bitmap Heap Scan", "Parent Relationship": "Inner", "Relation Name": "cast_info", "Alias": "ci", "Startup Cost": 4.27, "Total Cost": 28.27, "Plan Rows": 1, "Plan Width": 12, "Actual Min Startup Time": 0.163, "Actual Max Startup Time": 0.163, "Actual Min Total Time": 0.401, "Actual Max Total Time": 0.401, "Recheck Cond": "(movie_id = mc.movie_id)", "Rows Removed by Index Recheck": 0, "Filter": "((note)::text = '(voice: English version)'::text)", "Rows Removed by Filter": 68, "Exact Heap Blocks": 133, "Lossy Heap Blocks": 133, "Plans": [{"Node Type": "Bitmap Index Scan", "Parent Relationship": "Outer", "Index Name": "movie_id_cast_info", "Startup Cost": 0.0, "Total Cost": 4.27, "Plan Rows": 6, "Plan Width": 0, "Actual Min Startup Time": 0.057, "Actual Max Startup Time": 0.057, "Actual Min Total Time": 0.057, "Actual Max Total Time": 0.057, "Index Cond": "(movie_id = mc.movie_id)", "Actual Rows": 172}], "Actual Rows": 104}], "Actual Rows": 104}, {"Node Type": "Bitmap Heap Scan", "Parent Relationship": "Inner", "Relation Name": "aka_name", "Alias": "an", "Startup Cost": 0.38, "Total Cost": 4.39, "Plan Rows": 1, "Plan Width": 20, "Actual Min Startup Time": 0.699, "Actual Max Startup Time": 0.699, "Actual Min Total Time": 0.778, "Actual Max Total Time": 0.778, "Recheck Cond": "(person_id = ci.person_id)", "Rows Removed by Index Recheck": 0, "Exact Heap Blocks": 105, "Lossy Heap Blocks": 105, "Plans": [{"Node Type": "Bitmap Index Scan", "Parent Relationship": "Outer", "Index Name": "person_id_aka_name", "Startup Cost": 0.0, "Total Cost": 0.38, "Plan Rows": 1, "Plan Width": 0, "Actual Min Startup Time": 0.49, "Actual Max Startup Time": 0.49, "Actual Min Total Time": 0.49, "Actual Max Total Time": 0.49, "Index Cond": "(person_id = ci.person_id)", "Actual Rows": 171}], "Actual Rows": 171}], "Actual Rows": 171}, {"Node Type": "Bitmap Heap Scan", "Parent Relationship": "Inner", "Relation Name": "company_name", "Alias": "cn", "Startup Cost": 1.23, "Total Cost": 5.24, "Plan Rows": 1, "Plan Width": 4, "Actual Min Startup Time": 0.698, "Actual Max Startup Time": 0.698, "Actual Min Total Time": 0.698, "Actual Max Total Time": 0.698, "Recheck Cond": "(id = mc.company_id)", "Rows Removed by Index Recheck": 0, "Filter": "((country_code)::text = '[jp]'::text)", "Rows Removed by Filter": 0, "Exact Heap Blocks": 171, "Lossy Heap Blocks": 171, "Plans": [{"Node Type": "Bitmap Index Scan", "Parent Relationship": "Outer", "Index Name": "company_name_pkey", "Startup Cost": 0.0, "Total Cost": 1.23, "Plan Rows": 1, "Plan Width": 0, "Actual Min Startup Time": 0.417, "Actual Max Startup Time": 0.417, "Actual Min Total Time": 0.417, "Actual Max Total Time": 0.417, "Index Cond": "(id = mc.company_id)", "Actual Rows": 171}], "Actual Rows": 171}], "Actual Rows": 171}, {"Node Type": "Bitmap Heap Scan", "Parent Relationship": "Inner", "Relation Name": "name", "Alias": "n", "Startup Cost": 0.33, "Total Cost": 4.34, "Plan Rows": 1, "Plan Width": 4, "Actual Min Startup Time": 0.933, "Actual Max Startup Time": 0.933, "Actual Min Total Time": 0.933, "Actual Max Total Time": 0.933, "Recheck Cond": "(id = an.person_id)", "Rows Removed by Index Recheck": 0, "Filter": "(((name)::text ~~ '%Yo%'::text) AND ((name)::text !~~ '%Yu%'::text))", "Rows Removed by Filter": 165, "Exact Heap Blocks": 171, "Lossy Heap Blocks": 171, "Plans": [{"Node Type": "Bitmap Index Scan", "Parent Relationship": "Outer", "Index Name": "name_pkey", "Startup Cost": 0.0, "Total Cost": 0.33, "Plan Rows": 1, "Plan Width": 0, "Actual Min Startup Time": 0.539, "Actual Max Startup Time": 0.539, "Actual Min Total Time": 0.539, "Actual Max Total Time": 0.539, "Index Cond": "(id = an.person_id)", "Actual Rows": 171}], "Actual Rows": 6}], "Actual Rows": 6}, {"Node Type": "Seq Scan", "Parent Relationship": "Inner", "Relation Name": "role_type", "Alias": "rt", "Startup Cost": 0.0, "Total Cost": 1.15, "Plan Rows": 1, "Plan Width": 4, "Actual Min Startup Time": 0.038, "Actual Max Startup Time": 0.038, "Actual Min Total Time": 0.038, "Actual Max Total Time": 0.038, "Filter": "((role)::text = 'actress'::text)", "Rows Removed by Filter": 6, "Actual Rows": 6}], "Actual Rows": 6}], "Actual Rows": 1}, "Triggers": [], "Planner Runtime": 46.031, "Total Runtime": 87.116, "Unique SQL Id": 3956435728}}, "(16, '51')": {"explain_plan": {"Plan": {"Node Type": "Aggregate", "Strategy": "Plain", "Startup Cost": 108949.86, "Total Cost": 108949.87, "Plan Rows": 1, "Plan Width": 97, "Plans": [{"Node Type": "Nested Loop", "Parent Relationship": "Outer", "Join Type": "Inner", "Startup Cost": 2793.35, "Total Cost": 108949.85, "Plan Rows": 1, "Plan Width": 33, "Inner Unique": true, "Plans": [{"Node Type": "Nested Loop", "Parent Relationship": "Outer", "Join Type": "Inner", "Startup Cost": 2793.09, "Total Cost": 108945.57, "Plan Rows": 1, "Plan Width": 37, "Inner Unique": true, "Plans": [{"Node Type": "Nested Loop", "Parent Relationship": "Outer", "Join Type": "Inner", "Startup Cost": 2792.76, "Total Cost": 108941.22, "Plan Rows": 1, "Plan Width": 45, "Inner Unique": false, "Plans": [{"Node Type": "Nested Loop", "Parent Relationship": "Outer", "Join Type": "Inner", "Startup Cost": 2792.38, "Total Cost": 108936.81, "Plan Rows": 1, "Plan Width": 25, "Inner Unique": false, "Join Filter": "(t.id = ci.movie_id)", "Plans": [{"Node Type": "Nested Loop", "Parent Relationship": "Outer", "Join Type": "Inner", "Startup Cost": 2788.11, "Total Cost": 108880.24, "Plan Rows": 2, "Plan Width": 25, "Inner Unique": true, "Plans": [{"Node Type": "Nested Loop", "Parent Relationship": "Outer", "Join Type": "Inner", "Startup Cost": 2784.18, "Total Cost": 106793.84, "Plan Rows": 262, "Plan Width": 4, "Inner Unique": false, "Plans": [{"Node Type": "Bitmap Heap Scan", "Parent Relationship": "Outer", "Relation Name": "company_name", "Alias": "cn", "Startup Cost": 2780.8, "Total Cost": 8684.25, "Plan Rows": 6290, "Plan Width": 4, "Filter": "((country_code)::text = '[jp]'::text)", "Plans": [{"Node Type": "Bitmap Index Scan", "Parent Relationship": "Outer", "Index Name": "company_name_pkey", "Startup Cost": 0.0, "Total Cost": 2779.23, "Plan Rows": 234996, "Plan Width": 0}]}, {"Node Type": "Bitmap Heap Scan", "Parent Relationship": "Inner", "Relation Name": "movie_companies", "Alias": "mc", "Startup Cost": 3.37, "Total Cost": 15.59, "Plan Rows": 1, "Plan Width": 8, "Recheck Cond": "(company_id = cn.id)", "Filter": "(((note)::text ~~ '%(Japan)%'::text) AND ((note)::text !~~ '%(USA)%'::text) AND (((note)::text ~~ '%(2006)%'::text) OR ((note)::text ~~ '%(2007)%'::text)))", "Plans": [{"Node Type": "Bitmap Index Scan", "Parent Relationship": "Outer", "Index Name": "company_id_movie_companies", "Startup Cost": 0.0, "Total Cost": 3.37, "Plan Rows": 15, "Plan Width": 0, "Index Cond": "(company_id = cn.id)"}]}]}, {"Node Type": "Bitmap Heap Scan", "Parent Relationship": "Inner", "Relation Name": "title", "Alias": "t", "Startup Cost": 3.93, "Total Cost": 7.95, "Plan Rows": 1, "Plan Width": 21, "Recheck Cond": "(id = mc.movie_id)", "Filter": "((production_year >= 2006) AND (production_year <= 2007) AND (((title)::text ~~ 'One Piece%'::text) OR ((title)::text ~~ 'Dragon Ball Z%'::text)))", "Plans": [{"Node Type": "Bitmap Index Scan", "Parent Relationship": "Outer", "Index Name": "title_pkey", "Startup Cost": 0.0, "Total Cost": 3.93, "Plan Rows": 1, "Plan Width": 0, "Index Cond": "(id = mc.movie_id)"}]}]}, {"Node Type": "Bitmap Heap Scan", "Parent Relationship": "Inner", "Relation Name": "cast_info", "Alias": "ci", "Startup Cost": 4.27, "Total Cost": 28.27, "Plan Rows": 1, "Plan Width": 12, "Recheck Cond": "(movie_id = mc.movie_id)", "Filter": "((note)::text = '(voice: English version)'::text)", "Plans": [{"Node Type": "Bitmap Index Scan", "Parent Relationship": "Outer", "Index Name": "movie_id_cast_info", "Startup Cost": 0.0, "Total Cost": 4.27, "Plan Rows": 6, "Plan Width": 0, "Index Cond": "(movie_id = mc.movie_id)"}]}]}, {"Node Type": "Bitmap Heap Scan", "Parent Relationship": "Inner", "Relation Name": "aka_name", "Alias": "an", "Startup Cost": 0.38, "Total Cost": 4.39, "Plan Rows": 1, "Plan Width": 20, "Recheck Cond": "(person_id = ci.person_id)", "Plans": [{"Node Type": "Bitmap Index Scan", "Parent Relationship": "Outer", "Index Name": "person_id_aka_name", "Startup Cost": 0.0, "Total Cost": 0.38, "Plan Rows": 1, "Plan Width": 0, "Index Cond": "(person_id = ci.person_id)"}]}]}, {"Node Type": "Bitmap Heap Scan", "Parent Relationship": "Inner", "Relation Name": "name", "Alias": "n", "Startup Cost": 0.33, "Total Cost": 4.34, "Plan Rows": 1, "Plan Width": 4, "Recheck Cond": "(id = an.person_id)", "Filter": "(((name)::text ~~ '%Yo%'::text) AND ((name)::text !~~ '%Yu%'::text))", "Plans": [{"Node Type": "Bitmap Index Scan", "Parent Relationship": "Outer", "Index Name": "name_pkey", "Startup Cost": 0.0, "Total Cost": 0.33, "Plan Rows": 1, "Plan Width": 0, "Index Cond": "(id = an.person_id)"}]}]}, {"Node Type": "Bitmap Heap Scan", "Parent Relationship": "Inner", "Relation Name": "role_type", "Alias": "rt", "Startup Cost": 0.26, "Total Cost": 4.27, "Plan Rows": 1, "Plan Width": 4, "Recheck Cond": "(id = ci.role_id)", "Filter": "((role)::text = 'actress'::text)", "Plans": [{"Node Type": "Bitmap Index Scan", "Parent Relationship": "Outer", "Index Name": "role_type_pkey", "Startup Cost": 0.0, "Total Cost": 0.26, "Plan Rows": 1, "Plan Width": 0, "Index Cond": "(id = ci.role_id)"}]}]}]}, "Unique SQL Id": 3956435728, "Planner Runtime": 9}, "explain_analyze_plan": null}, "(16, '52')": {"explain_plan": {"Plan": {"Node Type": "Aggregate", "Strategy": "Plain", "Startup Cost": 20891.31, "Total Cost": 20891.32, "Plan Rows": 1, "Plan Width": 97, "Plans": [{"Node Type": "Nested Loop", "Parent Relationship": "Outer", "Join Type": "Inner", "Startup Cost": 1069.17, "Total Cost": 20891.3, "Plan Rows": 1, "Plan Width": 33, "Inner Unique": true, "Plans": [{"Node Type": "Nested Loop", "Parent Relationship": "Outer", "Join Type": "Inner", "Startup Cost": 1069.17, "Total Cost": 20891.02, "Plan Rows": 1, "Plan Width": 37, "Inner Unique": true, "Plans": [{"Node Type": "Nested Loop", "Parent Relationship": "Outer", "Join Type": "Inner", "Startup Cost": 1069.17, "Total Cost": 20890.44, "Plan Rows": 1, "Plan Width": 45, "Inner Unique": true, "Plans": [{"Node Type": "Nested Loop", "Parent Relationship": "Outer", "Join Type": "Inner", "Startup Cost": 1069.17, "Total Cost": 20886.05, "Plan Rows": 1, "Plan Width": 49, "Inner Unique": false, "Plans": [{"Node Type": "Nested Loop", "Parent Relationship": "Outer", "Join Type": "Inner", "Startup Cost": 1069.17, "Total Cost": 20885.2, "Plan Rows": 1, "Plan Width": 29, "Inner Unique": false, "Join Filter": "(t.id = ci.movie_id)", "Plans": [{"Node Type": "Nested Loop", "Parent Relationship": "Outer", "Join Type": "Inner", "Startup Cost": 1069.17, "Total Cost": 20829.42, "Plan Rows": 2, "Plan Width": 29, "Inner Unique": false, "Plans": [{"Node Type": "Streaming(type: LOCAL GATHER dop: 1/16)", "Parent Relationship": "Outer", "Startup Cost": 1069.17, "Total Cost": 20335.44, "Plan Rows": 43, "Plan Width": 21, "Plans": [{"Node Type": "Seq Scan", "Parent Relationship": "Outer", "Relation Name": "title", "Alias": "t", "Startup Cost": 1069.17, "Total Cost": 20334.51, "Plan Rows": 43, "Plan Width": 21, "Filter": "((production_year >= 2006) AND (production_year <= 2007) AND (((title)::text ~~ 'One Piece%'::text) OR ((title)::text ~~ 'Dragon Ball Z%'::text)))"}]}, {"Node Type": "Index Scan", "Parent Relationship": "Inner", "Scan Direction": "Forward", "Index Name": "movie_id_movie_companies", "Relation Name": "movie_companies", "Alias": "mc", "Startup Cost": 0.0, "Total Cost": 11.48, "Plan Rows": 1, "Plan Width": 8, "Index Cond": "(movie_id = t.id)", "Filter": "(((note)::text ~~ '%(Japan)%'::text) AND ((note)::text !~~ '%(USA)%'::text) AND (((note)::text ~~ '%(2006)%'::text) OR ((note)::text ~~ '%(2007)%'::text)))"}]}, {"Node Type": "Index Scan", "Parent Relationship": "Inner", "Scan Direction": "Forward", "Index Name": "movie_id_cast_info", "Relation Name": "cast_info", "Alias": "ci", "Startup Cost": 0.0, "Total Cost": 27.88, "Plan Rows": 1, "Plan Width": 12, "Index Cond": "(movie_id = mc.movie_id)", "Filter": "((note)::text = '(voice: English version)'::text)"}]}, {"Node Type": "Index Scan", "Parent Relationship": "Inner", "Scan Direction": "Forward", "Index Name": "person_id_aka_name", "Relation Name": "aka_name", "Alias": "an", "Startup Cost": 0.0, "Total Cost": 0.84, "Plan Rows": 1, "Plan Width": 20, "Index Cond": "(person_id = ci.person_id)"}]}, {"Node Type": "Index Scan", "Parent Relationship": "Inner", "Scan Direction": "Forward", "Index Name": "company_name_pkey", "Relation Name": "company_name", "Alias": "cn", "Startup Cost": 0.0, "Total Cost": 4.37, "Plan Rows": 1, "Plan Width": 4, "Index Cond": "(id = mc.company_id)", "Filter": "((country_code)::text = '[jp]'::text)"}]}, {"Node Type": "Index Scan", "Parent Relationship": "Inner", "Scan Direction": "Forward", "Index Name": "name_pkey", "Relation Name": "name", "Alias": "n", "Startup Cost": 0.0, "Total Cost": 0.57, "Plan Rows": 1, "Plan Width": 4, "Index Cond": "(id = an.person_id)", "Filter": "(((name)::text ~~ '%Yo%'::text) AND ((name)::text !~~ '%Yu%'::text))"}]}, {"Node Type": "Index Scan", "Parent Relationship": "Inner", "Scan Direction": "Forward", "Index Name": "role_type_pkey", "Relation Name": "role_type", "Alias": "rt", "Startup Cost": 0.0, "Total Cost": 0.27, "Plan Rows": 1, "Plan Width": 4, "Index Cond": "(id = ci.role_id)", "Filter": "((role)::text = 'actress'::text)"}]}]}, "Unique SQL Id": 3956435728, "Planner Runtime": 11}, "explain_analyze_plan": {"Plan": {"Node Type": "Aggregate", "Strategy": "Plain", "Startup Cost": 20891.31, "Total Cost": 20891.32, "Plan Rows": 1, "Plan Width": 97, "Actual Min Startup Time": 82.24, "Actual Max Startup Time": 82.24, "Actual Min Total Time": 82.24, "Actual Max Total Time": 82.24, "Plans": [{"Node Type": "Nested Loop", "Parent Relationship": "Outer", "Join Type": "Inner", "Startup Cost": 1069.17, "Total Cost": 20891.3, "Plan Rows": 1, "Plan Width": 33, "Actual Min Startup Time": 79.771, "Actual Max Startup Time": 79.771, "Actual Min Total Time": 82.203, "Actual Max Total Time": 82.203, "Inner Unique": true, "Plans": [{"Node Type": "Nested Loop", "Parent Relationship": "Outer", "Join Type": "Inner", "Startup Cost": 1069.17, "Total Cost": 20891.02, "Plan Rows": 1, "Plan Width": 37, "Actual Min Startup Time": 79.76, "Actual Max Startup Time": 79.76, "Actual Min Total Time": 82.178, "Actual Max Total Time": 82.178, "Inner Unique": true, "Plans": [{"Node Type": "Nested Loop", "Parent Relationship": "Outer", "Join Type": "Inner", "Startup Cost": 1069.17, "Total Cost": 20890.44, "Plan Rows": 1, "Plan Width": 45, "Actual Min Startup Time": 78.621, "Actual Max Startup Time": 78.621, "Actual Min Total Time": 81.338, "Actual Max Total Time": 81.338, "Inner Unique": true, "Plans": [{"Node Type": "Nested Loop", "Parent Relationship": "Outer", "Join Type": "Inner", "Startup Cost": 1069.17, "Total Cost": 20886.05, "Plan Rows": 1, "Plan Width": 49, "Actual Min Startup Time": 78.603, "Actual Max Startup Time": 78.603, "Actual Min Total Time": 80.695, "Actual Max Total Time": 80.695, "Inner Unique": false, "Plans": [{"Node Type": "Nested Loop", "Parent Relationship": "Outer", "Join Type": "Inner", "Startup Cost": 1069.17, "Total Cost": 20885.2, "Plan Rows": 1, "Plan Width": 29, "Actual Min Startup Time": 78.587, "Actual Max Startup Time": 78.587, "Actual Min Total Time": 79.943, "Actual Max Total Time": 79.943, "Inner Unique": false, "Join Filter": "(t.id = ci.movie_id)", "Rows Removed by Join Filter": 0, "Plans": [{"Node Type": "Nested Loop", "Parent Relationship": "Outer", "Join Type": "Inner", "Startup Cost": 1069.17, "Total Cost": 20829.42, "Plan Rows": 2, "Plan Width": 29, "Actual Min Startup Time": 78.48, "Actual Max Startup Time": 78.48, "Actual Min Total Time": 79.571, "Actual Max Total Time": 79.571, "Inner Unique": false, "Plans": [{"Node Type": "Streaming(type: LOCAL GATHER dop: 1/16)", "Parent Relationship": "Outer", "Startup Cost": 1069.17, "Total Cost": 20335.44, "Plan Rows": 43, "Plan Width": 21, "Actual Min Startup Time": 78.374, "Actual Max Startup Time": 78.374, "Actual Min Total Time": 79.397, "Actual Max Total Time": 79.397, "Plans": [{"Node Type": "Seq Scan", "Parent Relationship": "Outer", "Relation Name": "title", "Alias": "t", "Startup Cost": 1069.17, "Total Cost": 20334.51, "Plan Rows": 43, "Plan Width": 21, "Actual Min Startup Time": 48.113, "Actual Max Startup Time": 65.731, "Actual Min Total Time": 62.348, "Actual Max Total Time": 65.731, "Filter": "((production_year >= 2006) AND (production_year <= 2007) AND (((title)::text ~~ 'One Piece%'::text) OR ((title)::text ~~ 'Dragon Ball Z%'::text)))", "Rows Removed by Filter": 2528304, "Actual Rows": 7}], "Actual Rows": 7}, {"Node Type": "Index Scan", "Parent Relationship": "Inner", "Scan Direction": "Forward", "Index Name": "movie_id_movie_companies", "Relation Name": "movie_companies", "Alias": "mc", "Startup Cost": 0.0, "Total Cost": 11.48, "Plan Rows": 1, "Plan Width": 8, "Actual Min Startup Time": 0.139, "Actual Max Startup Time": 0.139, "Actual Min Total Time": 0.148, "Actual Max Total Time": 0.148, "Index Cond": "(movie_id = t.id)", "Rows Removed by Index Recheck": 0, "Filter": "(((note)::text ~~ '%(Japan)%'::text) AND ((note)::text !~~ '%(USA)%'::text) AND (((note)::text ~~ '%(2006)%'::text) OR ((note)::text ~~ '%(2007)%'::text)))", "Rows Removed by Filter": 13, "Actual Rows": 4}], "Actual Rows": 4}, {"Node Type": "Index Scan", "Parent Relationship": "Inner", "Scan Direction": "Forward", "Index Name": "movie_id_cast_info", "Relation Name": "cast_info", "Alias": "ci", "Startup Cost": 0.0, "Total Cost": 27.88, "Plan Rows": 1, "Plan Width": 12, "Actual Min Startup Time": 0.106, "Actual Max Startup Time": 0.106, "Actual Min Total Time": 0.331, "Actual Max Total Time": 0.331, "Index Cond": "(movie_id = mc.movie_id)", "Rows Removed by Index Recheck": 0, "Filter": "((note)::text = '(voice: English version)'::text)", "Rows Removed by Filter": 68, "Actual Rows": 104}], "Actual Rows": 104}, {"Node Type": "Index Scan", "Parent Relationship": "Inner", "Scan Direction": "Forward", "Index Name": "person_id_aka_name", "Relation Name": "aka_name", "Alias": "an", "Startup Cost": 0.0, "Total Cost": 0.84, "Plan Rows": 1, "Plan Width": 20, "Actual Min Startup Time": 0.52, "Actual Max Startup Time": 0.52, "Actual Min Total Time": 0.636, "Actual Max Total Time": 0.636, "Index Cond": "(person_id = ci.person_id)", "Rows Removed by Index Recheck": 0, "Actual Rows": 171}], "Actual Rows": 171}, {"Node Type": "Index Scan", "Parent Relationship": "Inner", "Scan Direction": "Forward", "Index Name": "company_name_pkey", "Relation Name": "company_name", "Alias": "cn", "Startup Cost": 0.0, "Total Cost": 4.37, "Plan Rows": 1, "Plan Width": 4, "Actual Min Startup Time": 0.51, "Actual Max Startup Time": 0.51, "Actual Min Total Time": 0.51, "Actual Max Total Time": 0.51, "Index Cond": "(id = mc.company_id)", "Rows Removed by Index Recheck": 0, "Filter": "((country_code)::text = '[jp]'::text)", "Rows Removed by Filter": 0, "Actual Rows": 171}], "Actual Rows": 171}, {"Node Type": "Index Scan", "Parent Relationship": "Inner", "Scan Direction": "Forward", "Index Name": "name_pkey", "Relation Name": "name", "Alias": "n", "Startup Cost": 0.0, "Total Cost": 0.57, "Plan Rows": 1, "Plan Width": 4, "Actual Min Startup Time": 0.745, "Actual Max Startup Time": 0.745, "Actual Min Total Time": 0.745, "Actual Max Total Time": 0.745, "Index Cond": "(id = an.person_id)", "Rows Removed by Index Recheck": 0, "Filter": "(((name)::text ~~ '%Yo%'::text) AND ((name)::text !~~ '%Yu%'::text))", "Rows Removed by Filter": 165, "Actual Rows": 6}], "Actual Rows": 6}, {"Node Type": "Index Scan", "Parent Relationship": "Inner", "Scan Direction": "Forward", "Index Name": "role_type_pkey", "Relation Name": "role_type", "Alias": "rt", "Startup Cost": 0.0, "Total Cost": 0.27, "Plan Rows": 1, "Plan Width": 4, "Actual Min Startup Time": 0.018, "Actual Max Startup Time": 0.018, "Actual Min Total Time": 0.018, "Actual Max Total Time": 0.018, "Index Cond": "(id = ci.role_id)", "Rows Removed by Index Recheck": 0, "Filter": "((role)::text = 'actress'::text)", "Rows Removed by Filter": 0, "Actual Rows": 6}], "Actual Rows": 6}], "Actual Rows": 1}, "Triggers": [], "Planner Runtime": 30.568, "Total Runtime": 84.938, "Unique SQL Id": 3956435728}}, "(16, '53')": {"explain_plan": {"Plan": {"Node Type": "Aggregate", "Strategy": "Plain", "Startup Cost": 82294.12, "Total Cost": 82294.13, "Plan Rows": 1, "Plan Width": 97, "Plans": [{"Node Type": "Nested Loop", "Parent Relationship": "Outer", "Join Type": "Inner", "Startup Cost": 2780.8, "Total Cost": 82294.12, "Plan Rows": 1, "Plan Width": 33, "Inner Unique": true, "Plans": [{"Node Type": "Nested Loop", "Parent Relationship": "Outer", "Join Type": "Inner", "Startup Cost": 2780.8, "Total Cost": 82293.84, "Plan Rows": 1, "Plan Width": 37, "Inner Unique": true, "Plans": [{"Node Type": "Nested Loop", "Parent Relationship": "Outer", "Join Type": "Inner", "Startup Cost": 2780.8, "Total Cost": 82293.26, "Plan Rows": 1, "Plan Width": 45, "Inner Unique": false, "Plans": [{"Node Type": "Nested Loop", "Parent Relationship": "Outer", "Join Type": "Inner", "Startup Cost": 2780.8, "Total Cost": 82292.4, "Plan Rows": 1, "Plan Width": 25, "Inner Unique": false, "Join Filter": "(t.id = ci.movie_id)", "Plans": [{"Node Type": "Nested Loop", "Parent Relationship": "Outer", "Join Type": "Inner", "Startup Cost": 2780.8, "Total Cost": 82236.62, "Plan Rows": 2, "Plan Width": 25, "Inner Unique": true, "Plans": [{"Node Type": "Nested Loop", "Parent Relationship": "Outer", "Join Type": "Inner", "Startup Cost": 2780.8, "Total Cost": 80174.39, "Plan Rows": 262, "Plan Width": 4, "Inner Unique": false, "Plans": [{"Node Type": "Bitmap Heap Scan", "Parent Relationship": "Outer", "Relation Name": "company_name", "Alias": "cn", "Startup Cost": 2780.8, "Total Cost": 8684.25, "Plan Rows": 6290, "Plan Width": 4, "Filter": "((country_code)::text = '[jp]'::text)", "Plans": [{"Node Type": "Bitmap Index Scan", "Parent Relationship": "Outer", "Index Name": "company_name_pkey", "Startup Cost": 0.0, "Total Cost": 2779.23, "Plan Rows": 234996, "Plan Width": 0}]}, {"Node Type": "Index Scan", "Parent Relationship": "Inner", "Scan Direction": "Forward", "Index Name": "company_id_movie_companies", "Relation Name": "movie_companies", "Alias": "mc", "Startup Cost": 0.0, "Total Cost": 11.36, "Plan Rows": 1, "Plan Width": 8, "Index Cond": "(company_id = cn.id)", "Filter": "(((note)::text ~~ '%(Japan)%'::text) AND ((note)::text !~~ '%(USA)%'::text) AND (((note)::text ~~ '%(2006)%'::text) OR ((note)::text ~~ '%(2007)%'::text)))"}]}, {"Node Type": "Index Scan", "Parent Relationship": "Inner", "Scan Direction": "Forward", "Index Name": "title_pkey", "Relation Name": "title", "Alias": "t", "Startup Cost": 0.0, "Total Cost": 7.86, "Plan Rows": 1, "Plan Width": 21, "Index Cond": "(id = mc.movie_id)", "Filter": "((production_year >= 2006) AND (production_year <= 2007) AND (((title)::text ~~ 'One Piece%'::text) OR ((title)::text ~~ 'Dragon Ball Z%'::text)))"}]}, {"Node Type": "Index Scan", "Parent Relationship": "Inner", "Scan Direction": "Forward", "Index Name": "movie_id_cast_info", "Relation Name": "cast_info", "Alias": "ci", "Startup Cost": 0.0, "Total Cost": 27.88, "Plan Rows": 1, "Plan Width": 12, "Index Cond": "(movie_id = mc.movie_id)", "Filter": "((note)::text = '(voice: English version)'::text)"}]}, {"Node Type": "Index Scan", "Parent Relationship": "Inner", "Scan Direction": "Forward", "Index Name": "person_id_aka_name", "Relation Name": "aka_name", "Alias": "an", "Startup Cost": 0.0, "Total Cost": 0.84, "Plan Rows": 1, "Plan Width": 20, "Index Cond": "(person_id = ci.person_id)"}]}, {"Node Type": "Index Scan", "Parent Relationship": "Inner", "Scan Direction": "Forward", "Index Name": "name_pkey", "Relation Name": "name", "Alias": "n", "Startup Cost": 0.0, "Total Cost": 0.57, "Plan Rows": 1, "Plan Width": 4, "Index Cond": "(id = an.person_id)", "Filter": "(((name)::text ~~ '%Yo%'::text) AND ((name)::text !~~ '%Yu%'::text))"}]}, {"Node Type": "Index Scan", "Parent Relationship": "Inner", "Scan Direction": "Forward", "Index Name": "role_type_pkey", "Relation Name": "role_type", "Alias": "rt", "Startup Cost": 0.0, "Total Cost": 0.27, "Plan Rows": 1, "Plan Width": 4, "Index Cond": "(id = ci.role_id)", "Filter": "((role)::text = 'actress'::text)"}]}]}, "Unique SQL Id": 3956435728, "Planner Runtime": 9}, "explain_analyze_plan": null}, "(16, '54')": {"explain_plan": {"Plan": {"Node Type": "Aggregate", "Strategy": "Plain", "Startup Cost": 20934.05, "Total Cost": 20934.06, "Plan Rows": 1, "Plan Width": 97, "Plans": [{"Node Type": "Nested Loop", "Parent Relationship": "Outer", "Join Type": "Inner", "Startup Cost": 1079.65, "Total Cost": 20934.05, "Plan Rows": 1, "Plan Width": 33, "Inner Unique": true, "Join Filter": "(ci.role_id = rt.id)", "Plans": [{"Node Type": "Nested Loop", "Parent Relationship": "Outer", "Join Type": "Inner", "Startup Cost": 1079.65, "Total Cost": 20932.89, "Plan Rows": 1, "Plan Width": 37, "Inner Unique": true, "Plans": [{"Node Type": "Nested Loop", "Parent Relationship": "Outer", "Join Type": "Inner", "Startup Cost": 1079.32, "Total Cost": 20928.53, "Plan Rows": 1, "Plan Width": 45, "Inner Unique": true, "Plans": [{"Node Type": "Nested Loop", "Parent Relationship": "Outer", "Join Type": "Inner", "Startup Cost": 1078.09, "Total Cost": 20923.28, "Plan Rows": 1, "Plan Width": 49, "Inner Unique": false, "Plans": [{"Node Type": "Nested Loop", "Parent Relationship": "Outer", "Join Type": "Inner", "Startup Cost": 1077.71, "Total Cost": 20918.87, "Plan Rows": 1, "Plan Width": 29, "Inner Unique": false, "Join Filter": "(t.id = ci.movie_id)", "Plans": [{"Node Type": "Nested Loop", "Parent Relationship": "Outer", "Join Type": "Inner", "Startup Cost": 1073.44, "Total Cost": 20862.3, "Plan Rows": 2, "Plan Width": 29, "Inner Unique": false, "Plans": [{"Node Type": "Streaming(type: LOCAL GATHER dop: 1/16)", "Parent Relationship": "Outer", "Startup Cost": 1069.17, "Total Cost": 20335.44, "Plan Rows": 43, "Plan Width": 21, "Plans": [{"Node Type": "Seq Scan", "Parent Relationship": "Outer", "Relation Name": "title", "Alias": "t", "Startup Cost": 1069.17, "Total Cost": 20334.51, "Plan Rows": 43, "Plan Width": 21, "Filter": "((production_year >= 2006) AND (production_year <= 2007) AND (((title)::text ~~ 'One Piece%'::text) OR ((title)::text ~~ 'Dragon Ball Z%'::text)))"}]}, {"Node Type": "Bitmap Heap Scan", "Parent Relationship": "Inner", "Relation Name": "movie_companies", "Alias": "mc", "Startup Cost": 4.27, "Total Cost": 12.24, "Plan Rows": 1, "Plan Width": 8, "Recheck Cond": "(movie_id = t.id)", "Filter": "(((note)::text ~~ '%(Japan)%'::text) AND ((note)::text !~~ '%(USA)%'::text) AND (((note)::text ~~ '%(2006)%'::text) OR ((note)::text ~~ '%(2007)%'::text)))", "Plans": [{"Node Type": "Bitmap Index Scan", "Parent Relationship": "Outer", "Index Name": "movie_id_movie_companies", "Startup Cost": 0.0, "Total Cost": 4.26, "Plan Rows": 2, "Plan Width": 0, "Index Cond": "(movie_id = t.id)"}]}]}, {"Node Type": "Bitmap Heap Scan", "Parent Relationship": "Inner", "Relation Name": "cast_info", "Alias": "ci", "Startup Cost": 4.27, "Total Cost": 28.27, "Plan Rows": 1, "Plan Width": 12, "Recheck Cond": "(movie_id = mc.movie_id)", "Filter": "((note)::text = '(voice: English version)'::text)", "Plans": [{"Node Type": "Bitmap Index Scan", "Parent Relationship": "Outer", "Index Name": "movie_id_cast_info", "Startup Cost": 0.0, "Total Cost": 4.27, "Plan Rows": 6, "Plan Width": 0, "Index Cond": "(movie_id = mc.movie_id)"}]}]}, {"Node Type": "Bitmap Heap Scan", "Parent Relationship": "Inner", "Relation Name": "aka_name", "Alias": "an", "Startup Cost": 0.38, "Total Cost": 4.39, "Plan Rows": 1, "Plan Width": 20, "Recheck Cond": "(person_id = ci.person_id)", "Plans": [{"Node Type": "Bitmap Index Scan", "Parent Relationship": "Outer", "Index Name": "person_id_aka_name", "Startup Cost": 0.0, "Total Cost": 0.38, "Plan Rows": 1, "Plan Width": 0, "Index Cond": "(person_id = ci.person_id)"}]}]}, {"Node Type": "Bitmap Heap Scan", "Parent Relationship": "Inner", "Relation Name": "company_name", "Alias": "cn", "Startup Cost": 1.23, "Total Cost": 5.24, "Plan Rows": 1, "Plan Width": 4, "Recheck Cond": "(id = mc.company_id)", "Filter": "((country_code)::text = '[jp]'::text)", "Plans": [{"Node Type": "Bitmap Index Scan", "Parent Relationship": "Outer", "Index Name": "company_name_pkey", "Startup Cost": 0.0, "Total Cost": 1.23, "Plan Rows": 1, "Plan Width": 0, "Index Cond": "(id = mc.company_id)"}]}]}, {"Node Type": "Bitmap Heap Scan", "Parent Relationship": "Inner", "Relation Name": "name", "Alias": "n", "Startup Cost": 0.33, "Total Cost": 4.34, "Plan Rows": 1, "Plan Width": 4, "Recheck Cond": "(id = an.person_id)", "Filter": "(((name)::text ~~ '%Yo%'::text) AND ((name)::text !~~ '%Yu%'::text))", "Plans": [{"Node Type": "Bitmap Index Scan", "Parent Relationship": "Outer", "Index Name": "name_pkey", "Startup Cost": 0.0, "Total Cost": 0.33, "Plan Rows": 1, "Plan Width": 0, "Index Cond": "(id = an.person_id)"}]}]}, {"Node Type": "Seq Scan", "Parent Relationship": "Inner", "Relation Name": "role_type", "Alias": "rt", "Startup Cost": 0.0, "Total Cost": 1.15, "Plan Rows": 1, "Plan Width": 4, "Filter": "((role)::text = 'actress'::text)"}]}]}, "Unique SQL Id": 3956435728, "Planner Runtime": 21}, "explain_analyze_plan": {"Plan": {"Node Type": "Aggregate", "Strategy": "Plain", "Startup Cost": 20934.05, "Total Cost": 20934.06, "Plan Rows": 1, "Plan Width": 97, "Actual Min Startup Time": 84.297, "Actual Max Startup Time": 84.297, "Actual Min Total Time": 84.298, "Actual Max Total Time": 84.298, "Plans": [{"Node Type": "Nested Loop", "Parent Relationship": "Outer", "Join Type": "Inner", "Startup Cost": 1079.65, "Total Cost": 20934.05, "Plan Rows": 1, "Plan Width": 33, "Actual Min Startup Time": 81.444, "Actual Max Startup Time": 81.444, "Actual Min Total Time": 84.256, "Actual Max Total Time": 84.256, "Inner Unique": true, "Join Filter": "(ci.role_id = rt.id)", "Rows Removed by Join Filter": 0, "Plans": [{"Node Type": "Nested Loop", "Parent Relationship": "Outer", "Join Type": "Inner", "Startup Cost": 1079.65, "Total Cost": 20932.89, "Plan Rows": 1, "Plan Width": 37, "Actual Min Startup Time": 81.407, "Actual Max Startup Time": 81.407, "Actual Min Total Time": 84.189, "Actual Max Total Time": 84.189, "Inner Unique": true, "Plans": [{"Node Type": "Nested Loop", "Parent Relationship": "Outer", "Join Type": "Inner", "Startup Cost": 1079.32, "Total Cost": 20928.53, "Plan Rows": 1, "Plan Width": 45, "Actual Min Startup Time": 79.94, "Actual Max Startup Time": 79.94, "Actual Min Total Time": 83.048, "Actual Max Total Time": 83.048, "Inner Unique": true, "Plans": [{"Node Type": "Nested Loop", "Parent Relationship": "Outer", "Join Type": "Inner", "Startup Cost": 1078.09, "Total Cost": 20923.28, "Plan Rows": 1, "Plan Width": 49, "Actual Min Startup Time": 79.918, "Actual Max Startup Time": 79.918, "Actual Min Total Time": 82.123, "Actual Max Total Time": 82.123, "Inner Unique": false, "Plans": [{"Node Type": "Nested Loop", "Parent Relationship": "Outer", "Join Type": "Inner", "Startup Cost": 1077.71, "Total Cost": 20918.87, "Plan Rows": 1, "Plan Width": 29, "Actual Min Startup Time": 79.893, "Actual Max Startup Time": 79.893, "Actual Min Total Time": 81.166, "Actual Max Total Time": 81.166, "Inner Unique": false, "Join Filter": "(t.id = ci.movie_id)", "Rows Removed by Join Filter": 0, "Plans": [{"Node Type": "Nested Loop", "Parent Relationship": "Outer", "Join Type": "Inner", "Startup Cost": 1073.44, "Total Cost": 20862.3, "Plan Rows": 2, "Plan Width": 29, "Actual Min Startup Time": 79.734, "Actual Max Startup Time": 79.734, "Actual Min Total Time": 80.712, "Actual Max Total Time": 80.712, "Inner Unique": false, "Plans": [{"Node Type": "Streaming(type: LOCAL GATHER dop: 1/16)", "Parent Relationship": "Outer", "Startup Cost": 1069.17, "Total Cost": 20335.44, "Plan Rows": 43, "Plan Width": 21, "Actual Min Startup Time": 79.604, "Actual Max Startup Time": 79.604, "Actual Min Total Time": 80.477, "Actual Max Total Time": 80.477, "Plans": [{"Node Type": "Seq Scan", "Parent Relationship": "Outer", "Relation Name": "title", "Alias": "t", "Startup Cost": 1069.17, "Total Cost": 20334.51, "Plan Rows": 43, "Plan Width": 21, "Actual Min Startup Time": 48.136, "Actual Max Startup Time": 65.75, "Actual Min Total Time": 62.49, "Actual Max Total Time": 65.75, "Filter": "((production_year >= 2006) AND (production_year <= 2007) AND (((title)::text ~~ 'One Piece%'::text) OR ((title)::text ~~ 'Dragon Ball Z%'::text)))", "Rows Removed by Filter": 2528304, "Actual Rows": 7}], "Actual Rows": 7}, {"Node Type": "Bitmap Heap Scan", "Parent Relationship": "Inner", "Relation Name": "movie_companies", "Alias": "mc", "Startup Cost": 4.27, "Total Cost": 12.24, "Plan Rows": 1, "Plan Width": 8, "Actual Min Startup Time": 0.18, "Actual Max Startup Time": 0.18, "Actual Min Total Time": 0.19, "Actual Max Total Time": 0.19, "Recheck Cond": "(movie_id = t.id)", "Rows Removed by Index Recheck": 0, "Filter": "(((note)::text ~~ '%(Japan)%'::text) AND ((note)::text !~~ '%(USA)%'::text) AND (((note)::text ~~ '%(2006)%'::text) OR ((note)::text ~~ '%(2007)%'::text)))", "Rows Removed by Filter": 13, "Exact Heap Blocks": 13, "Lossy Heap Blocks": 13, "Plans": [{"Node Type": "Bitmap Index Scan", "Parent Relationship": "Outer", "Index Name": "movie_id_movie_companies", "Startup Cost": 0.0, "Total Cost": 4.26, "Plan Rows": 2, "Plan Width": 0, "Actual Min Startup Time": 0.081, "Actual Max Startup Time": 0.081, "Actual Min Total Time": 0.081, "Actual Max Total Time": 0.081, "Index Cond": "(movie_id = t.id)", "Actual Rows": 17}], "Actual Rows": 4}], "Actual Rows": 4}, {"Node Type": "Bitmap Heap Scan", "Parent Relationship": "Inner", "Relation Name": "cast_info", "Alias": "ci", "Startup Cost": 4.27, "Total Cost": 28.27, "Plan Rows": 1, "Plan Width": 12, "Actual Min Startup Time": 0.163, "Actual Max Startup Time": 0.163, "Actual Min Total Time": 0.401, "Actual Max Total Time": 0.401, "Recheck Cond": "(movie_id = mc.movie_id)", "Rows Removed by Index Recheck": 0, "Filter": "((note)::text = '(voice: English version)'::text)", "Rows Removed by Filter": 68, "Exact Heap Blocks": 133, "Lossy Heap Blocks": 133, "Plans": [{"Node Type": "Bitmap Index Scan", "Parent Relationship": "Outer", "Index Name": "movie_id_cast_info", "Startup Cost": 0.0, "Total Cost": 4.27, "Plan Rows": 6, "Plan Width": 0, "Actual Min Startup Time": 0.057, "Actual Max Startup Time": 0.057, "Actual Min Total Time": 0.057, "Actual Max Total Time": 0.057, "Index Cond": "(movie_id = mc.movie_id)", "Actual Rows": 172}], "Actual Rows": 104}], "Actual Rows": 104}, {"Node Type": "Bitmap Heap Scan", "Parent Relationship": "Inner", "Relation Name": "aka_name", "Alias": "an", "Startup Cost": 0.38, "Total Cost": 4.39, "Plan Rows": 1, "Plan Width": 20, "Actual Min Startup Time": 0.699, "Actual Max Startup Time": 0.699, "Actual Min Total Time": 0.778, "Actual Max Total Time": 0.778, "Recheck Cond": "(person_id = ci.person_id)", "Rows Removed by Index Recheck": 0, "Exact Heap Blocks": 105, "Lossy Heap Blocks": 105, "Plans": [{"Node Type": "Bitmap Index Scan", "Parent Relationship": "Outer", "Index Name": "person_id_aka_name", "Startup Cost": 0.0, "Total Cost": 0.38, "Plan Rows": 1, "Plan Width": 0, "Actual Min Startup Time": 0.49, "Actual Max Startup Time": 0.49, "Actual Min Total Time": 0.49, "Actual Max Total Time": 0.49, "Index Cond": "(person_id = ci.person_id)", "Actual Rows": 171}], "Actual Rows": 171}], "Actual Rows": 171}, {"Node Type": "Bitmap Heap Scan", "Parent Relationship": "Inner", "Relation Name": "company_name", "Alias": "cn", "Startup Cost": 1.23, "Total Cost": 5.24, "Plan Rows": 1, "Plan Width": 4, "Actual Min Startup Time": 0.698, "Actual Max Startup Time": 0.698, "Actual Min Total Time": 0.698, "Actual Max Total Time": 0.698, "Recheck Cond": "(id = mc.company_id)", "Rows Removed by Index Recheck": 0, "Filter": "((country_code)::text = '[jp]'::text)", "Rows Removed by Filter": 0, "Exact Heap Blocks": 171, "Lossy Heap Blocks": 171, "Plans": [{"Node Type": "Bitmap Index Scan", "Parent Relationship": "Outer", "Index Name": "company_name_pkey", "Startup Cost": 0.0, "Total Cost": 1.23, "Plan Rows": 1, "Plan Width": 0, "Actual Min Startup Time": 0.417, "Actual Max Startup Time": 0.417, "Actual Min Total Time": 0.417, "Actual Max Total Time": 0.417, "Index Cond": "(id = mc.company_id)", "Actual Rows": 171}], "Actual Rows": 171}], "Actual Rows": 171}, {"Node Type": "Bitmap Heap Scan", "Parent Relationship": "Inner", "Relation Name": "name", "Alias": "n", "Startup Cost": 0.33, "Total Cost": 4.34, "Plan Rows": 1, "Plan Width": 4, "Actual Min Startup Time": 0.933, "Actual Max Startup Time": 0.933, "Actual Min Total Time": 0.933, "Actual Max Total Time": 0.933, "Recheck Cond": "(id = an.person_id)", "Rows Removed by Index Recheck": 0, "Filter": "(((name)::text ~~ '%Yo%'::text) AND ((name)::text !~~ '%Yu%'::text))", "Rows Removed by Filter": 165, "Exact Heap Blocks": 171, "Lossy Heap Blocks": 171, "Plans": [{"Node Type": "Bitmap Index Scan", "Parent Relationship": "Outer", "Index Name": "name_pkey", "Startup Cost": 0.0, "Total Cost": 0.33, "Plan Rows": 1, "Plan Width": 0, "Actual Min Startup Time": 0.539, "Actual Max Startup Time": 0.539, "Actual Min Total Time": 0.539, "Actual Max Total Time": 0.539, "Index Cond": "(id = an.person_id)", "Actual Rows": 171}], "Actual Rows": 6}], "Actual Rows": 6}, {"Node Type": "Seq Scan", "Parent Relationship": "Inner", "Relation Name": "role_type", "Alias": "rt", "Startup Cost": 0.0, "Total Cost": 1.15, "Plan Rows": 1, "Plan Width": 4, "Actual Min Startup Time": 0.038, "Actual Max Startup Time": 0.038, "Actual Min Total Time": 0.038, "Actual Max Total Time": 0.038, "Filter": "((role)::text = 'actress'::text)", "Rows Removed by Filter": 6, "Actual Rows": 6}], "Actual Rows": 6}], "Actual Rows": 1}, "Triggers": [], "Planner Runtime": 46.031, "Total Runtime": 87.116, "Unique SQL Id": 3956435728}}, "(16, '55')": {"explain_plan": {"Plan": {"Node Type": "Aggregate", "Strategy": "Plain", "Startup Cost": 108949.86, "Total Cost": 108949.87, "Plan Rows": 1, "Plan Width": 97, "Plans": [{"Node Type": "Nested Loop", "Parent Relationship": "Outer", "Join Type": "Inner", "Startup Cost": 2793.35, "Total Cost": 108949.85, "Plan Rows": 1, "Plan Width": 33, "Inner Unique": true, "Plans": [{"Node Type": "Nested Loop", "Parent Relationship": "Outer", "Join Type": "Inner", "Startup Cost": 2793.09, "Total Cost": 108945.57, "Plan Rows": 1, "Plan Width": 37, "Inner Unique": true, "Plans": [{"Node Type": "Nested Loop", "Parent Relationship": "Outer", "Join Type": "Inner", "Startup Cost": 2792.76, "Total Cost": 108941.22, "Plan Rows": 1, "Plan Width": 45, "Inner Unique": false, "Plans": [{"Node Type": "Nested Loop", "Parent Relationship": "Outer", "Join Type": "Inner", "Startup Cost": 2792.38, "Total Cost": 108936.81, "Plan Rows": 1, "Plan Width": 25, "Inner Unique": false, "Join Filter": "(t.id = ci.movie_id)", "Plans": [{"Node Type": "Nested Loop", "Parent Relationship": "Outer", "Join Type": "Inner", "Startup Cost": 2788.11, "Total Cost": 108880.24, "Plan Rows": 2, "Plan Width": 25, "Inner Unique": true, "Plans": [{"Node Type": "Nested Loop", "Parent Relationship": "Outer", "Join Type": "Inner", "Startup Cost": 2784.18, "Total Cost": 106793.84, "Plan Rows": 262, "Plan Width": 4, "Inner Unique": false, "Plans": [{"Node Type": "Bitmap Heap Scan", "Parent Relationship": "Outer", "Relation Name": "company_name", "Alias": "cn", "Startup Cost": 2780.8, "Total Cost": 8684.25, "Plan Rows": 6290, "Plan Width": 4, "Filter": "((country_code)::text = '[jp]'::text)", "Plans": [{"Node Type": "Bitmap Index Scan", "Parent Relationship": "Outer", "Index Name": "company_name_pkey", "Startup Cost": 0.0, "Total Cost": 2779.23, "Plan Rows": 234996, "Plan Width": 0}]}, {"Node Type": "Bitmap Heap Scan", "Parent Relationship": "Inner", "Relation Name": "movie_companies", "Alias": "mc", "Startup Cost": 3.37, "Total Cost": 15.59, "Plan Rows": 1, "Plan Width": 8, "Recheck Cond": "(company_id = cn.id)", "Filter": "(((note)::text ~~ '%(Japan)%'::text) AND ((note)::text !~~ '%(USA)%'::text) AND (((note)::text ~~ '%(2006)%'::text) OR ((note)::text ~~ '%(2007)%'::text)))", "Plans": [{"Node Type": "Bitmap Index Scan", "Parent Relationship": "Outer", "Index Name": "company_id_movie_companies", "Startup Cost": 0.0, "Total Cost": 3.37, "Plan Rows": 15, "Plan Width": 0, "Index Cond": "(company_id = cn.id)"}]}]}, {"Node Type": "Bitmap Heap Scan", "Parent Relationship": "Inner", "Relation Name": "title", "Alias": "t", "Startup Cost": 3.93, "Total Cost": 7.95, "Plan Rows": 1, "Plan Width": 21, "Recheck Cond": "(id = mc.movie_id)", "Filter": "((production_year >= 2006) AND (production_year <= 2007) AND (((title)::text ~~ 'One Piece%'::text) OR ((title)::text ~~ 'Dragon Ball Z%'::text)))", "Plans": [{"Node Type": "Bitmap Index Scan", "Parent Relationship": "Outer", "Index Name": "title_pkey", "Startup Cost": 0.0, "Total Cost": 3.93, "Plan Rows": 1, "Plan Width": 0, "Index Cond": "(id = mc.movie_id)"}]}]}, {"Node Type": "Bitmap Heap Scan", "Parent Relationship": "Inner", "Relation Name": "cast_info", "Alias": "ci", "Startup Cost": 4.27, "Total Cost": 28.27, "Plan Rows": 1, "Plan Width": 12, "Recheck Cond": "(movie_id = mc.movie_id)", "Filter": "((note)::text = '(voice: English version)'::text)", "Plans": [{"Node Type": "Bitmap Index Scan", "Parent Relationship": "Outer", "Index Name": "movie_id_cast_info", "Startup Cost": 0.0, "Total Cost": 4.27, "Plan Rows": 6, "Plan Width": 0, "Index Cond": "(movie_id = mc.movie_id)"}]}]}, {"Node Type": "Bitmap Heap Scan", "Parent Relationship": "Inner", "Relation Name": "aka_name", "Alias": "an", "Startup Cost": 0.38, "Total Cost": 4.39, "Plan Rows": 1, "Plan Width": 20, "Recheck Cond": "(person_id = ci.person_id)", "Plans": [{"Node Type": "Bitmap Index Scan", "Parent Relationship": "Outer", "Index Name": "person_id_aka_name", "Startup Cost": 0.0, "Total Cost": 0.38, "Plan Rows": 1, "Plan Width": 0, "Index Cond": "(person_id = ci.person_id)"}]}]}, {"Node Type": "Bitmap Heap Scan", "Parent Relationship": "Inner", "Relation Name": "name", "Alias": "n", "Startup Cost": 0.33, "Total Cost": 4.34, "Plan Rows": 1, "Plan Width": 4, "Recheck Cond": "(id = an.person_id)", "Filter": "(((name)::text ~~ '%Yo%'::text) AND ((name)::text !~~ '%Yu%'::text))", "Plans": [{"Node Type": "Bitmap Index Scan", "Parent Relationship": "Outer", "Index Name": "name_pkey", "Startup Cost": 0.0, "Total Cost": 0.33, "Plan Rows": 1, "Plan Width": 0, "Index Cond": "(id = an.person_id)"}]}]}, {"Node Type": "Bitmap Heap Scan", "Parent Relationship": "Inner", "Relation Name": "role_type", "Alias": "rt", "Startup Cost": 0.26, "Total Cost": 4.27, "Plan Rows": 1, "Plan Width": 4, "Recheck Cond": "(id = ci.role_id)", "Filter": "((role)::text = 'actress'::text)", "Plans": [{"Node Type": "Bitmap Index Scan", "Parent Relationship": "Outer", "Index Name": "role_type_pkey", "Startup Cost": 0.0, "Total Cost": 0.26, "Plan Rows": 1, "Plan Width": 0, "Index Cond": "(id = ci.role_id)"}]}]}]}, "Unique SQL Id": 3956435728, "Planner Runtime": 10}, "explain_analyze_plan": null}, "(16, '56')": {"explain_plan": {"Plan": {"Node Type": "Aggregate", "Strategy": "Plain", "Startup Cost": 20891.31, "Total Cost": 20891.32, "Plan Rows": 1, "Plan Width": 97, "Plans": [{"Node Type": "Nested Loop", "Parent Relationship": "Outer", "Join Type": "Inner", "Startup Cost": 1069.17, "Total Cost": 20891.3, "Plan Rows": 1, "Plan Width": 33, "Inner Unique": true, "Plans": [{"Node Type": "Nested Loop", "Parent Relationship": "Outer", "Join Type": "Inner", "Startup Cost": 1069.17, "Total Cost": 20891.02, "Plan Rows": 1, "Plan Width": 37, "Inner Unique": true, "Plans": [{"Node Type": "Nested Loop", "Parent Relationship": "Outer", "Join Type": "Inner", "Startup Cost": 1069.17, "Total Cost": 20890.44, "Plan Rows": 1, "Plan Width": 45, "Inner Unique": true, "Plans": [{"Node Type": "Nested Loop", "Parent Relationship": "Outer", "Join Type": "Inner", "Startup Cost": 1069.17, "Total Cost": 20886.05, "Plan Rows": 1, "Plan Width": 49, "Inner Unique": false, "Plans": [{"Node Type": "Nested Loop", "Parent Relationship": "Outer", "Join Type": "Inner", "Startup Cost": 1069.17, "Total Cost": 20885.2, "Plan Rows": 1, "Plan Width": 29, "Inner Unique": false, "Join Filter": "(t.id = ci.movie_id)", "Plans": [{"Node Type": "Nested Loop", "Parent Relationship": "Outer", "Join Type": "Inner", "Startup Cost": 1069.17, "Total Cost": 20829.42, "Plan Rows": 2, "Plan Width": 29, "Inner Unique": false, "Plans": [{"Node Type": "Streaming(type: LOCAL GATHER dop: 1/16)", "Parent Relationship": "Outer", "Startup Cost": 1069.17, "Total Cost": 20335.44, "Plan Rows": 43, "Plan Width": 21, "Plans": [{"Node Type": "Seq Scan", "Parent Relationship": "Outer", "Relation Name": "title", "Alias": "t", "Startup Cost": 1069.17, "Total Cost": 20334.51, "Plan Rows": 43, "Plan Width": 21, "Filter": "((production_year >= 2006) AND (production_year <= 2007) AND (((title)::text ~~ 'One Piece%'::text) OR ((title)::text ~~ 'Dragon Ball Z%'::text)))"}]}, {"Node Type": "Index Scan", "Parent Relationship": "Inner", "Scan Direction": "Forward", "Index Name": "movie_id_movie_companies", "Relation Name": "movie_companies", "Alias": "mc", "Startup Cost": 0.0, "Total Cost": 11.48, "Plan Rows": 1, "Plan Width": 8, "Index Cond": "(movie_id = t.id)", "Filter": "(((note)::text ~~ '%(Japan)%'::text) AND ((note)::text !~~ '%(USA)%'::text) AND (((note)::text ~~ '%(2006)%'::text) OR ((note)::text ~~ '%(2007)%'::text)))"}]}, {"Node Type": "Index Scan", "Parent Relationship": "Inner", "Scan Direction": "Forward", "Index Name": "movie_id_cast_info", "Relation Name": "cast_info", "Alias": "ci", "Startup Cost": 0.0, "Total Cost": 27.88, "Plan Rows": 1, "Plan Width": 12, "Index Cond": "(movie_id = mc.movie_id)", "Filter": "((note)::text = '(voice: English version)'::text)"}]}, {"Node Type": "Index Scan", "Parent Relationship": "Inner", "Scan Direction": "Forward", "Index Name": "person_id_aka_name", "Relation Name": "aka_name", "Alias": "an", "Startup Cost": 0.0, "Total Cost": 0.84, "Plan Rows": 1, "Plan Width": 20, "Index Cond": "(person_id = ci.person_id)"}]}, {"Node Type": "Index Scan", "Parent Relationship": "Inner", "Scan Direction": "Forward", "Index Name": "company_name_pkey", "Relation Name": "company_name", "Alias": "cn", "Startup Cost": 0.0, "Total Cost": 4.37, "Plan Rows": 1, "Plan Width": 4, "Index Cond": "(id = mc.company_id)", "Filter": "((country_code)::text = '[jp]'::text)"}]}, {"Node Type": "Index Scan", "Parent Relationship": "Inner", "Scan Direction": "Forward", "Index Name": "name_pkey", "Relation Name": "name", "Alias": "n", "Startup Cost": 0.0, "Total Cost": 0.57, "Plan Rows": 1, "Plan Width": 4, "Index Cond": "(id = an.person_id)", "Filter": "(((name)::text ~~ '%Yo%'::text) AND ((name)::text !~~ '%Yu%'::text))"}]}, {"Node Type": "Index Scan", "Parent Relationship": "Inner", "Scan Direction": "Forward", "Index Name": "role_type_pkey", "Relation Name": "role_type", "Alias": "rt", "Startup Cost": 0.0, "Total Cost": 0.27, "Plan Rows": 1, "Plan Width": 4, "Index Cond": "(id = ci.role_id)", "Filter": "((role)::text = 'actress'::text)"}]}]}, "Unique SQL Id": 3956435728, "Planner Runtime": 11}, "explain_analyze_plan": {"Plan": {"Node Type": "Aggregate", "Strategy": "Plain", "Startup Cost": 20891.31, "Total Cost": 20891.32, "Plan Rows": 1, "Plan Width": 97, "Actual Min Startup Time": 82.24, "Actual Max Startup Time": 82.24, "Actual Min Total Time": 82.24, "Actual Max Total Time": 82.24, "Plans": [{"Node Type": "Nested Loop", "Parent Relationship": "Outer", "Join Type": "Inner", "Startup Cost": 1069.17, "Total Cost": 20891.3, "Plan Rows": 1, "Plan Width": 33, "Actual Min Startup Time": 79.771, "Actual Max Startup Time": 79.771, "Actual Min Total Time": 82.203, "Actual Max Total Time": 82.203, "Inner Unique": true, "Plans": [{"Node Type": "Nested Loop", "Parent Relationship": "Outer", "Join Type": "Inner", "Startup Cost": 1069.17, "Total Cost": 20891.02, "Plan Rows": 1, "Plan Width": 37, "Actual Min Startup Time": 79.76, "Actual Max Startup Time": 79.76, "Actual Min Total Time": 82.178, "Actual Max Total Time": 82.178, "Inner Unique": true, "Plans": [{"Node Type": "Nested Loop", "Parent Relationship": "Outer", "Join Type": "Inner", "Startup Cost": 1069.17, "Total Cost": 20890.44, "Plan Rows": 1, "Plan Width": 45, "Actual Min Startup Time": 78.621, "Actual Max Startup Time": 78.621, "Actual Min Total Time": 81.338, "Actual Max Total Time": 81.338, "Inner Unique": true, "Plans": [{"Node Type": "Nested Loop", "Parent Relationship": "Outer", "Join Type": "Inner", "Startup Cost": 1069.17, "Total Cost": 20886.05, "Plan Rows": 1, "Plan Width": 49, "Actual Min Startup Time": 78.603, "Actual Max Startup Time": 78.603, "Actual Min Total Time": 80.695, "Actual Max Total Time": 80.695, "Inner Unique": false, "Plans": [{"Node Type": "Nested Loop", "Parent Relationship": "Outer", "Join Type": "Inner", "Startup Cost": 1069.17, "Total Cost": 20885.2, "Plan Rows": 1, "Plan Width": 29, "Actual Min Startup Time": 78.587, "Actual Max Startup Time": 78.587, "Actual Min Total Time": 79.943, "Actual Max Total Time": 79.943, "Inner Unique": false, "Join Filter": "(t.id = ci.movie_id)", "Rows Removed by Join Filter": 0, "Plans": [{"Node Type": "Nested Loop", "Parent Relationship": "Outer", "Join Type": "Inner", "Startup Cost": 1069.17, "Total Cost": 20829.42, "Plan Rows": 2, "Plan Width": 29, "Actual Min Startup Time": 78.48, "Actual Max Startup Time": 78.48, "Actual Min Total Time": 79.571, "Actual Max Total Time": 79.571, "Inner Unique": false, "Plans": [{"Node Type": "Streaming(type: LOCAL GATHER dop: 1/16)", "Parent Relationship": "Outer", "Startup Cost": 1069.17, "Total Cost": 20335.44, "Plan Rows": 43, "Plan Width": 21, "Actual Min Startup Time": 78.374, "Actual Max Startup Time": 78.374, "Actual Min Total Time": 79.397, "Actual Max Total Time": 79.397, "Plans": [{"Node Type": "Seq Scan", "Parent Relationship": "Outer", "Relation Name": "title", "Alias": "t", "Startup Cost": 1069.17, "Total Cost": 20334.51, "Plan Rows": 43, "Plan Width": 21, "Actual Min Startup Time": 48.113, "Actual Max Startup Time": 65.731, "Actual Min Total Time": 62.348, "Actual Max Total Time": 65.731, "Filter": "((production_year >= 2006) AND (production_year <= 2007) AND (((title)::text ~~ 'One Piece%'::text) OR ((title)::text ~~ 'Dragon Ball Z%'::text)))", "Rows Removed by Filter": 2528304, "Actual Rows": 7}], "Actual Rows": 7}, {"Node Type": "Index Scan", "Parent Relationship": "Inner", "Scan Direction": "Forward", "Index Name": "movie_id_movie_companies", "Relation Name": "movie_companies", "Alias": "mc", "Startup Cost": 0.0, "Total Cost": 11.48, "Plan Rows": 1, "Plan Width": 8, "Actual Min Startup Time": 0.139, "Actual Max Startup Time": 0.139, "Actual Min Total Time": 0.148, "Actual Max Total Time": 0.148, "Index Cond": "(movie_id = t.id)", "Rows Removed by Index Recheck": 0, "Filter": "(((note)::text ~~ '%(Japan)%'::text) AND ((note)::text !~~ '%(USA)%'::text) AND (((note)::text ~~ '%(2006)%'::text) OR ((note)::text ~~ '%(2007)%'::text)))", "Rows Removed by Filter": 13, "Actual Rows": 4}], "Actual Rows": 4}, {"Node Type": "Index Scan", "Parent Relationship": "Inner", "Scan Direction": "Forward", "Index Name": "movie_id_cast_info", "Relation Name": "cast_info", "Alias": "ci", "Startup Cost": 0.0, "Total Cost": 27.88, "Plan Rows": 1, "Plan Width": 12, "Actual Min Startup Time": 0.106, "Actual Max Startup Time": 0.106, "Actual Min Total Time": 0.331, "Actual Max Total Time": 0.331, "Index Cond": "(movie_id = mc.movie_id)", "Rows Removed by Index Recheck": 0, "Filter": "((note)::text = '(voice: English version)'::text)", "Rows Removed by Filter": 68, "Actual Rows": 104}], "Actual Rows": 104}, {"Node Type": "Index Scan", "Parent Relationship": "Inner", "Scan Direction": "Forward", "Index Name": "person_id_aka_name", "Relation Name": "aka_name", "Alias": "an", "Startup Cost": 0.0, "Total Cost": 0.84, "Plan Rows": 1, "Plan Width": 20, "Actual Min Startup Time": 0.52, "Actual Max Startup Time": 0.52, "Actual Min Total Time": 0.636, "Actual Max Total Time": 0.636, "Index Cond": "(person_id = ci.person_id)", "Rows Removed by Index Recheck": 0, "Actual Rows": 171}], "Actual Rows": 171}, {"Node Type": "Index Scan", "Parent Relationship": "Inner", "Scan Direction": "Forward", "Index Name": "company_name_pkey", "Relation Name": "company_name", "Alias": "cn", "Startup Cost": 0.0, "Total Cost": 4.37, "Plan Rows": 1, "Plan Width": 4, "Actual Min Startup Time": 0.51, "Actual Max Startup Time": 0.51, "Actual Min Total Time": 0.51, "Actual Max Total Time": 0.51, "Index Cond": "(id = mc.company_id)", "Rows Removed by Index Recheck": 0, "Filter": "((country_code)::text = '[jp]'::text)", "Rows Removed by Filter": 0, "Actual Rows": 171}], "Actual Rows": 171}, {"Node Type": "Index Scan", "Parent Relationship": "Inner", "Scan Direction": "Forward", "Index Name": "name_pkey", "Relation Name": "name", "Alias": "n", "Startup Cost": 0.0, "Total Cost": 0.57, "Plan Rows": 1, "Plan Width": 4, "Actual Min Startup Time": 0.745, "Actual Max Startup Time": 0.745, "Actual Min Total Time": 0.745, "Actual Max Total Time": 0.745, "Index Cond": "(id = an.person_id)", "Rows Removed by Index Recheck": 0, "Filter": "(((name)::text ~~ '%Yo%'::text) AND ((name)::text !~~ '%Yu%'::text))", "Rows Removed by Filter": 165, "Actual Rows": 6}], "Actual Rows": 6}, {"Node Type": "Index Scan", "Parent Relationship": "Inner", "Scan Direction": "Forward", "Index Name": "role_type_pkey", "Relation Name": "role_type", "Alias": "rt", "Startup Cost": 0.0, "Total Cost": 0.27, "Plan Rows": 1, "Plan Width": 4, "Actual Min Startup Time": 0.018, "Actual Max Startup Time": 0.018, "Actual Min Total Time": 0.018, "Actual Max Total Time": 0.018, "Index Cond": "(id = ci.role_id)", "Rows Removed by Index Recheck": 0, "Filter": "((role)::text = 'actress'::text)", "Rows Removed by Filter": 0, "Actual Rows": 6}], "Actual Rows": 6}], "Actual Rows": 1}, "Triggers": [], "Planner Runtime": 30.568, "Total Runtime": 84.938, "Unique SQL Id": 3956435728}}, "(16, '57')": {"explain_plan": {"Plan": {"Node Type": "Aggregate", "Strategy": "Plain", "Startup Cost": 84111.26, "Total Cost": 84111.27, "Plan Rows": 1, "Plan Width": 97, "Plans": [{"Node Type": "Nested Loop", "Parent Relationship": "Outer", "Join Type": "Inner", "Startup Cost": 0.0, "Total Cost": 84111.26, "Plan Rows": 1, "Plan Width": 33, "Inner Unique": true, "Plans": [{"Node Type": "Nested Loop", "Parent Relationship": "Outer", "Join Type": "Inner", "Startup Cost": 0.0, "Total Cost": 84110.97, "Plan Rows": 1, "Plan Width": 37, "Inner Unique": true, "Plans": [{"Node Type": "Nested Loop", "Parent Relationship": "Outer", "Join Type": "Inner", "Startup Cost": 0.0, "Total Cost": 84110.39, "Plan Rows": 1, "Plan Width": 45, "Inner Unique": false, "Plans": [{"Node Type": "Nested Loop", "Parent Relationship": "Outer", "Join Type": "Inner", "Startup Cost": 0.0, "Total Cost": 84109.54, "Plan Rows": 1, "Plan Width": 25, "Inner Unique": false, "Join Filter": "(t.id = ci.movie_id)", "Plans": [{"Node Type": "Nested Loop", "Parent Relationship": "Outer", "Join Type": "Inner", "Startup Cost": 0.0, "Total Cost": 84053.76, "Plan Rows": 2, "Plan Width": 25, "Inner Unique": true, "Plans": [{"Node Type": "Nested Loop", "Parent Relationship": "Outer", "Join Type": "Inner", "Startup Cost": 0.0, "Total Cost": 81991.53, "Plan Rows": 262, "Plan Width": 4, "Inner Unique": false, "Plans": [{"Node Type": "Index Scan", "Parent Relationship": "Outer", "Scan Direction": "Forward", "Index Name": "company_name_pkey", "Relation Name": "company_name", "Alias": "cn", "Startup Cost": 0.0, "Total Cost": 10501.39, "Plan Rows": 6290, "Plan Width": 4, "Filter": "((country_code)::text = '[jp]'::text)"}, {"Node Type": "Index Scan", "Parent Relationship": "Inner", "Scan Direction": "Forward", "Index Name": "company_id_movie_companies", "Relation Name": "movie_companies", "Alias": "mc", "Startup Cost": 0.0, "Total Cost": 11.36, "Plan Rows": 1, "Plan Width": 8, "Index Cond": "(company_id = cn.id)", "Filter": "(((note)::text ~~ '%(Japan)%'::text) AND ((note)::text !~~ '%(USA)%'::text) AND (((note)::text ~~ '%(2006)%'::text) OR ((note)::text ~~ '%(2007)%'::text)))"}]}, {"Node Type": "Index Scan", "Parent Relationship": "Inner", "Scan Direction": "Forward", "Index Name": "title_pkey", "Relation Name": "title", "Alias": "t", "Startup Cost": 0.0, "Total Cost": 7.86, "Plan Rows": 1, "Plan Width": 21, "Index Cond": "(id = mc.movie_id)", "Filter": "((production_year >= 2006) AND (production_year <= 2007) AND (((title)::text ~~ 'One Piece%'::text) OR ((title)::text ~~ 'Dragon Ball Z%'::text)))"}]}, {"Node Type": "Index Scan", "Parent Relationship": "Inner", "Scan Direction": "Forward", "Index Name": "movie_id_cast_info", "Relation Name": "cast_info", "Alias": "ci", "Startup Cost": 0.0, "Total Cost": 27.88, "Plan Rows": 1, "Plan Width": 12, "Index Cond": "(movie_id = mc.movie_id)", "Filter": "((note)::text = '(voice: English version)'::text)"}]}, {"Node Type": "Index Scan", "Parent Relationship": "Inner", "Scan Direction": "Forward", "Index Name": "person_id_aka_name", "Relation Name": "aka_name", "Alias": "an", "Startup Cost": 0.0, "Total Cost": 0.84, "Plan Rows": 1, "Plan Width": 20, "Index Cond": "(person_id = ci.person_id)"}]}, {"Node Type": "Index Scan", "Parent Relationship": "Inner", "Scan Direction": "Forward", "Index Name": "name_pkey", "Relation Name": "name", "Alias": "n", "Startup Cost": 0.0, "Total Cost": 0.57, "Plan Rows": 1, "Plan Width": 4, "Index Cond": "(id = an.person_id)", "Filter": "(((name)::text ~~ '%Yo%'::text) AND ((name)::text !~~ '%Yu%'::text))"}]}, {"Node Type": "Index Scan", "Parent Relationship": "Inner", "Scan Direction": "Forward", "Index Name": "role_type_pkey", "Relation Name": "role_type", "Alias": "rt", "Startup Cost": 0.0, "Total Cost": 0.27, "Plan Rows": 1, "Plan Width": 4, "Index Cond": "(id = ci.role_id)", "Filter": "((role)::text = 'actress'::text)"}]}]}, "Unique SQL Id": 3956435728, "Planner Runtime": 9}, "explain_analyze_plan": null}, "(16, '58')": {"explain_plan": {"Plan": {"Node Type": "Aggregate", "Strategy": "Plain", "Startup Cost": 163047.73, "Total Cost": 163047.76, "Plan Rows": 1, "Plan Width": 97, "Plans": [{"Node Type": "Streaming(type: LOCAL GATHER dop: 1/16)", "Parent Relationship": "Outer", "Startup Cost": 163047.73, "Total Cost": 163047.76, "Plan Rows": 1, "Plan Width": 97, "Plans": [{"Node Type": "Aggregate", "Strategy": "Plain", "Parent Relationship": "Outer", "Startup Cost": 163047.73, "Total Cost": 163047.74, "Plan Rows": 1, "Plan Width": 97, "Plans": [{"Node Type": "Nested Loop", "Parent Relationship": "Outer", "Join Type": "Inner", "Startup Cost": 1069.17, "Total Cost": 163047.73, "Plan Rows": 1, "Plan Width": 33, "Inner Unique": false, "Join Filter": "(n.id = an.person_id)", "Plans": [{"Node Type": "Streaming(type: BROADCAST dop: 16/1)", "Parent Relationship": "Outer", "Startup Cost": 1069.17, "Total Cost": 146099.28, "Plan Rows": 16, "Plan Width": 25, "Plans": [{"Node Type": "Nested Loop", "Parent Relationship": "Outer", "Join Type": "Inner", "Startup Cost": 1069.17, "Total Cost": 131098.93, "Plan Rows": 1, "Plan Width": 25, "Inner Unique": true, "Join Filter": "(ci.person_id = n.id)", "Plans": [{"Node Type": "Nested Loop", "Parent Relationship": "Outer", "Join Type": "Inner", "Startup Cost": 1069.17, "Total Cost": 108506.33, "Plan Rows": 1, "Plan Width": 21, "Inner Unique": true, "Join Filter": "(mc.company_id = cn.id)", "Plans": [{"Node Type": "Nested Loop", "Parent Relationship": "Outer", "Join Type": "Inner", "Startup Cost": 1069.17, "Total Cost": 102524.26, "Plan Rows": 1, "Plan Width": 25, "Inner Unique": false, "Join Filter": "(ci.movie_id = t.id)", "Plans": [{"Node Type": "Nested Loop", "Parent Relationship": "Outer", "Join Type": "Inner", "Startup Cost": 0.0, "Total Cost": 61579.53, "Plan Rows": 8790, "Plan Width": 8, "Inner Unique": false, "Join Filter": "(ci.role_id = rt.id)", "Plans": [{"Node Type": "Seq Scan", "Parent Relationship": "Outer", "Relation Name": "role_type", "Alias": "rt", "Startup Cost": 0.0, "Total Cost": 1.15, "Plan Rows": 1, "Plan Width": 4, "Filter": "((role)::text = 'actress'::text)"}, {"Node Type": "Materialize", "Parent Relationship": "Inner", "Startup Cost": 0.0, "Total Cost": 60611.46, "Plan Rows": 96692, "Plan Width": 12, "Plans": [{"Node Type": "Streaming(type: LOCAL GATHER dop: 1/16)", "Parent Relationship": "Outer", "Startup Cost": 0.0, "Total Cost": 60369.73, "Plan Rows": 96692, "Plan Width": 12, "Plans": [{"Node Type": "Seq Scan", "Parent Relationship": "Outer", "Relation Name": "cast_info", "Alias": "ci", "Startup Cost": 0.0, "Total Cost": 58282.92, "Plan Rows": 96692, "Plan Width": 12, "Filter": "((note)::text = '(voice: English version)'::text)"}]}]}]}, {"Node Type": "Materialize", "Parent Relationship": "Inner", "Startup Cost": 1069.17, "Total Cost": 40681.04, "Plan Rows": 2, "Plan Width": 29, "Plans": [{"Node Type": "Nested Loop", "Parent Relationship": "Outer", "Join Type": "Inner", "Startup Cost": 1069.17, "Total Cost": 40681.03, "Plan Rows": 2, "Plan Width": 29, "Inner Unique": true, "Join Filter": "(mc.movie_id = t.id)", "Plans": [{"Node Type": "Streaming(type: LOCAL GATHER dop: 1/16)", "Parent Relationship": "Outer", "Startup Cost": 0.0, "Total Cost": 19279.94, "Plan Rows": 1652, "Plan Width": 8, "Plans": [{"Node Type": "Seq Scan", "Parent Relationship": "Outer", "Relation Name": "movie_companies", "Alias": "mc", "Startup Cost": 0.0, "Total Cost": 19244.28, "Plan Rows": 1652, "Plan Width": 8, "Filter": "(((note)::text ~~ '%(Japan)%'::text) AND ((note)::text !~~ '%(USA)%'::text) AND (((note)::text ~~ '%(2006)%'::text) OR ((note)::text ~~ '%(2007)%'::text)))"}]}, {"Node Type": "Materialize", "Parent Relationship": "Inner", "Startup Cost": 1069.17, "Total Cost": 20335.66, "Plan Rows": 43, "Plan Width": 21, "Plans": [{"Node Type": "Streaming(type: LOCAL GATHER dop: 1/16)", "Parent Relationship": "Outer", "Startup Cost": 1069.17, "Total Cost": 20335.44, "Plan Rows": 43, "Plan Width": 21, "Plans": [{"Node Type": "Seq Scan", "Parent Relationship": "Outer", "Relation Name": "title", "Alias": "t", "Startup Cost": 1069.17, "Total Cost": 20334.51, "Plan Rows": 43, "Plan Width": 21, "Filter": "((production_year >= 2006) AND (production_year <= 2007) AND (((title)::text ~~ 'One Piece%'::text) OR ((title)::text ~~ 'Dragon Ball Z%'::text)))"}]}]}]}]}]}, {"Node Type": "Seq Scan", "Parent Relationship": "Inner", "Relation Name": "company_name", "Alias": "cn", "Startup Cost": 0.0, "Total Cost": 5903.45, "Plan Rows": 6290, "Plan Width": 4, "Filter": "((country_code)::text = '[jp]'::text)"}]}, {"Node Type": "Materialize", "Parent Relationship": "Inner", "Startup Cost": 0.0, "Total Cost": 22453.74, "Plan Rows": 13886, "Plan Width": 4, "Plans": [{"Node Type": "Streaming(type: LOCAL GATHER dop: 1/16)", "Parent Relationship": "Outer", "Startup Cost": 0.0, "Total Cost": 22419.02, "Plan Rows": 13886, "Plan Width": 4, "Plans": [{"Node Type": "Seq Scan", "Parent Relationship": "Outer", "Relation Name": "name", "Alias": "n", "Startup Cost": 0.0, "Total Cost": 22119.33, "Plan Rows": 13886, "Plan Width": 4, "Filter": "(((name)::text ~~ '%Yo%'::text) AND ((name)::text !~~ '%Yu%'::text))"}]}]}]}]}, {"Node Type": "Seq Scan", "Parent Relationship": "Inner", "Relation Name": "aka_name", "Alias": "an", "Startup Cost": 0.0, "Total Cost": 16244.28, "Plan Rows": 901342, "Plan Width": 20}]}]}]}]}, "Unique SQL Id": 3956435728, "Planner Runtime": 17}, "explain_analyze_plan": null}, "(16, '59')": {"explain_plan": {"Plan": {"Node Type": "Aggregate", "Strategy": "Plain", "Startup Cost": 7000171740968.88, "Total Cost": 7000171740968.89, "Plan Rows": 1, "Plan Width": 97, "Plans": [{"Node Type": "Nested Loop", "Parent Relationship": "Outer", "Join Type": "Inner", "Startup Cost": 70000000000.0, "Total Cost": 7000171740968.87, "Plan Rows": 1, "Plan Width": 33, "Inner Unique": true, "Join Filter": "(ci.role_id = rt.id)", "Plans": [{"Node Type": "Nested Loop", "Parent Relationship": "Outer", "Join Type": "Inner", "Startup Cost": 60000000000.0, "Total Cost": 6000171739722.86, "Plan Rows": 1, "Plan Width": 37, "Inner Unique": true, "Plans": [{"Node Type": "Nested Loop", "Parent Relationship": "Outer", "Join Type": "Inner", "Startup Cost": 50000000000.0, "Total Cost": 5000171739665.63, "Plan Rows": 1, "Plan Width": 45, "Inner Unique": true, "Plans": [{"Node Type": "Nested Loop", "Parent Relationship": "Outer", "Join Type": "Inner", "Startup Cost": 40000000000.0, "Total Cost": 4000171739228.2, "Plan Rows": 1, "Plan Width": 49, "Inner Unique": false, "Plans": [{"Node Type": "Nested Loop", "Parent Relationship": "Outer", "Join Type": "Inner", "Startup Cost": 30000000000.0, "Total Cost": 3000171739143.81, "Plan Rows": 1, "Plan Width": 29, "Inner Unique": false, "Join Filter": "(t.id = ci.movie_id)", "Plans": [{"Node Type": "Index Scan", "Parent Relationship": "Outer", "Scan Direction": "Forward", "Index Name": "role_id_cast_info", "Relation Name": "cast_info", "Alias": "ci", "Startup Cost": 10000000000.0, "Total Cost": 1000143218339.5, "Plan Rows": 96692, "Plan Width": 12, "Filter": "((note)::text = '(voice: English version)'::text)"}, {"Node Type": "Materialize", "Parent Relationship": "Inner", "Startup Cost": 20000000000.0, "Total Cost": 2000028517903.55, "Plan Rows": 2, "Plan Width": 29, "Plans": [{"Node Type": "Nested Loop", "Parent Relationship": "Outer", "Join Type": "Inner", "Startup Cost": 20000000000.0, "Total Cost": 2000028517903.54, "Plan Rows": 2, "Plan Width": 29, "Inner Unique": true, "Join Filter": "(mc.movie_id = t.id)", "Plans": [{"Node Type": "Index Scan", "Parent Relationship": "Outer", "Scan Direction": "Forward", "Index Name": "company_id_movie_companies", "Relation Name": "movie_companies", "Alias": "mc", "Startup Cost": 10000000000.0, "Total Cost": 1000014976477.98, "Plan Rows": 1652, "Plan Width": 8, "Filter": "(((note)::text ~~ '%(Japan)%'::text) AND ((note)::text !~~ '%(USA)%'::text) AND (((note)::text ~~ '%(2006)%'::text) OR ((note)::text ~~ '%(2007)%'::text)))"}, {"Node Type": "Materialize", "Parent Relationship": "Inner", "Startup Cost": 10000000000.0, "Total Cost": 1000013540360.13, "Plan Rows": 43, "Plan Width": 21, "Plans": [{"Node Type": "Index Scan", "Parent Relationship": "Outer", "Scan Direction": "Forward", "Index Name": "title_pkey", "Relation Name": "title", "Alias": "t", "Startup Cost": 10000000000.0, "Total Cost": 1000013540359.91, "Plan Rows": 43, "Plan Width": 21, "Filter": "((production_year >= 2006) AND (production_year <= 2007) AND (((title)::text ~~ 'One Piece%'::text) OR ((title)::text ~~ 'Dragon Ball Z%'::text)))"}]}]}]}]}, {"Node Type": "Index Scan", "Parent Relationship": "Inner", "Scan Direction": "Forward", "Index Name": "person_id_aka_name", "Relation Name": "aka_name", "Alias": "an", "Startup Cost": 10000000000.0, "Total Cost": 1000000000084.38, "Plan Rows": 1, "Plan Width": 20, "Index Cond": "(person_id = ci.person_id)"}]}, {"Node Type": "Index Scan", "Parent Relationship": "Inner", "Scan Direction": "Forward", "Index Name": "company_name_pkey", "Relation Name": "company_name", "Alias": "cn", "Startup Cost": 10000000000.0, "Total Cost": 1000000000437.42, "Plan Rows": 1, "Plan Width": 4, "Index Cond": "(id = mc.company_id)", "Filter": "((country_code)::text = '[jp]'::text)"}]}, {"Node Type": "Index Scan", "Parent Relationship": "Inner", "Scan Direction": "Forward", "Index Name": "name_pkey", "Relation Name": "name", "Alias": "n", "Startup Cost": 10000000000.0, "Total Cost": 1000000000057.22, "Plan Rows": 1, "Plan Width": 4, "Index Cond": "(id = an.person_id)", "Filter": "(((name)::text ~~ '%Yo%'::text) AND ((name)::text !~~ '%Yu%'::text))"}]}, {"Node Type": "Index Scan", "Parent Relationship": "Inner", "Scan Direction": "Forward", "Index Name": "role_type_pkey", "Relation Name": "role_type", "Alias": "rt", "Startup Cost": 10000000000.0, "Total Cost": 1000000001246.0, "Plan Rows": 1, "Plan Width": 4, "Filter": "((role)::text = 'actress'::text)"}]}]}, "Unique SQL Id": 3956435728, "Planner Runtime": 8}, "explain_analyze_plan": null}, "(16, '60')": {"explain_plan": {"Plan": {"Node Type": "Aggregate", "Strategy": "Plain", "Startup Cost": 20891.31, "Total Cost": 20891.32, "Plan Rows": 1, "Plan Width": 97, "Plans": [{"Node Type": "Nested Loop", "Parent Relationship": "Outer", "Join Type": "Inner", "Startup Cost": 1069.17, "Total Cost": 20891.3, "Plan Rows": 1, "Plan Width": 33, "Inner Unique": true, "Plans": [{"Node Type": "Nested Loop", "Parent Relationship": "Outer", "Join Type": "Inner", "Startup Cost": 1069.17, "Total Cost": 20891.02, "Plan Rows": 1, "Plan Width": 37, "Inner Unique": true, "Plans": [{"Node Type": "Nested Loop", "Parent Relationship": "Outer", "Join Type": "Inner", "Startup Cost": 1069.17, "Total Cost": 20890.44, "Plan Rows": 1, "Plan Width": 45, "Inner Unique": true, "Plans": [{"Node Type": "Nested Loop", "Parent Relationship": "Outer", "Join Type": "Inner", "Startup Cost": 1069.17, "Total Cost": 20886.05, "Plan Rows": 1, "Plan Width": 49, "Inner Unique": false, "Plans": [{"Node Type": "Nested Loop", "Parent Relationship": "Outer", "Join Type": "Inner", "Startup Cost": 1069.17, "Total Cost": 20885.2, "Plan Rows": 1, "Plan Width": 29, "Inner Unique": false, "Join Filter": "(t.id = ci.movie_id)", "Plans": [{"Node Type": "Nested Loop", "Parent Relationship": "Outer", "Join Type": "Inner", "Startup Cost": 1069.17, "Total Cost": 20829.42, "Plan Rows": 2, "Plan Width": 29, "Inner Unique": false, "Plans": [{"Node Type": "Streaming(type: LOCAL GATHER dop: 1/16)", "Parent Relationship": "Outer", "Startup Cost": 1069.17, "Total Cost": 20335.44, "Plan Rows": 43, "Plan Width": 21, "Plans": [{"Node Type": "Seq Scan", "Parent Relationship": "Outer", "Relation Name": "title", "Alias": "t", "Startup Cost": 1069.17, "Total Cost": 20334.51, "Plan Rows": 43, "Plan Width": 21, "Filter": "((production_year >= 2006) AND (production_year <= 2007) AND (((title)::text ~~ 'One Piece%'::text) OR ((title)::text ~~ 'Dragon Ball Z%'::text)))"}]}, {"Node Type": "Index Scan", "Parent Relationship": "Inner", "Scan Direction": "Forward", "Index Name": "movie_id_movie_companies", "Relation Name": "movie_companies", "Alias": "mc", "Startup Cost": 0.0, "Total Cost": 11.48, "Plan Rows": 1, "Plan Width": 8, "Index Cond": "(movie_id = t.id)", "Filter": "(((note)::text ~~ '%(Japan)%'::text) AND ((note)::text !~~ '%(USA)%'::text) AND (((note)::text ~~ '%(2006)%'::text) OR ((note)::text ~~ '%(2007)%'::text)))"}]}, {"Node Type": "Index Scan", "Parent Relationship": "Inner", "Scan Direction": "Forward", "Index Name": "movie_id_cast_info", "Relation Name": "cast_info", "Alias": "ci", "Startup Cost": 0.0, "Total Cost": 27.88, "Plan Rows": 1, "Plan Width": 12, "Index Cond": "(movie_id = mc.movie_id)", "Filter": "((note)::text = '(voice: English version)'::text)"}]}, {"Node Type": "Index Scan", "Parent Relationship": "Inner", "Scan Direction": "Forward", "Index Name": "person_id_aka_name", "Relation Name": "aka_name", "Alias": "an", "Startup Cost": 0.0, "Total Cost": 0.84, "Plan Rows": 1, "Plan Width": 20, "Index Cond": "(person_id = ci.person_id)"}]}, {"Node Type": "Index Scan", "Parent Relationship": "Inner", "Scan Direction": "Forward", "Index Name": "company_name_pkey", "Relation Name": "company_name", "Alias": "cn", "Startup Cost": 0.0, "Total Cost": 4.37, "Plan Rows": 1, "Plan Width": 4, "Index Cond": "(id = mc.company_id)", "Filter": "((country_code)::text = '[jp]'::text)"}]}, {"Node Type": "Index Scan", "Parent Relationship": "Inner", "Scan Direction": "Forward", "Index Name": "name_pkey", "Relation Name": "name", "Alias": "n", "Startup Cost": 0.0, "Total Cost": 0.57, "Plan Rows": 1, "Plan Width": 4, "Index Cond": "(id = an.person_id)", "Filter": "(((name)::text ~~ '%Yo%'::text) AND ((name)::text !~~ '%Yu%'::text))"}]}, {"Node Type": "Index Scan", "Parent Relationship": "Inner", "Scan Direction": "Forward", "Index Name": "role_type_pkey", "Relation Name": "role_type", "Alias": "rt", "Startup Cost": 0.0, "Total Cost": 0.27, "Plan Rows": 1, "Plan Width": 4, "Index Cond": "(id = ci.role_id)", "Filter": "((role)::text = 'actress'::text)"}]}]}, "Unique SQL Id": 3956435728, "Planner Runtime": 11}, "explain_analyze_plan": {"Plan": {"Node Type": "Aggregate", "Strategy": "Plain", "Startup Cost": 20891.31, "Total Cost": 20891.32, "Plan Rows": 1, "Plan Width": 97, "Actual Min Startup Time": 82.24, "Actual Max Startup Time": 82.24, "Actual Min Total Time": 82.24, "Actual Max Total Time": 82.24, "Plans": [{"Node Type": "Nested Loop", "Parent Relationship": "Outer", "Join Type": "Inner", "Startup Cost": 1069.17, "Total Cost": 20891.3, "Plan Rows": 1, "Plan Width": 33, "Actual Min Startup Time": 79.771, "Actual Max Startup Time": 79.771, "Actual Min Total Time": 82.203, "Actual Max Total Time": 82.203, "Inner Unique": true, "Plans": [{"Node Type": "Nested Loop", "Parent Relationship": "Outer", "Join Type": "Inner", "Startup Cost": 1069.17, "Total Cost": 20891.02, "Plan Rows": 1, "Plan Width": 37, "Actual Min Startup Time": 79.76, "Actual Max Startup Time": 79.76, "Actual Min Total Time": 82.178, "Actual Max Total Time": 82.178, "Inner Unique": true, "Plans": [{"Node Type": "Nested Loop", "Parent Relationship": "Outer", "Join Type": "Inner", "Startup Cost": 1069.17, "Total Cost": 20890.44, "Plan Rows": 1, "Plan Width": 45, "Actual Min Startup Time": 78.621, "Actual Max Startup Time": 78.621, "Actual Min Total Time": 81.338, "Actual Max Total Time": 81.338, "Inner Unique": true, "Plans": [{"Node Type": "Nested Loop", "Parent Relationship": "Outer", "Join Type": "Inner", "Startup Cost": 1069.17, "Total Cost": 20886.05, "Plan Rows": 1, "Plan Width": 49, "Actual Min Startup Time": 78.603, "Actual Max Startup Time": 78.603, "Actual Min Total Time": 80.695, "Actual Max Total Time": 80.695, "Inner Unique": false, "Plans": [{"Node Type": "Nested Loop", "Parent Relationship": "Outer", "Join Type": "Inner", "Startup Cost": 1069.17, "Total Cost": 20885.2, "Plan Rows": 1, "Plan Width": 29, "Actual Min Startup Time": 78.587, "Actual Max Startup Time": 78.587, "Actual Min Total Time": 79.943, "Actual Max Total Time": 79.943, "Inner Unique": false, "Join Filter": "(t.id = ci.movie_id)", "Rows Removed by Join Filter": 0, "Plans": [{"Node Type": "Nested Loop", "Parent Relationship": "Outer", "Join Type": "Inner", "Startup Cost": 1069.17, "Total Cost": 20829.42, "Plan Rows": 2, "Plan Width": 29, "Actual Min Startup Time": 78.48, "Actual Max Startup Time": 78.48, "Actual Min Total Time": 79.571, "Actual Max Total Time": 79.571, "Inner Unique": false, "Plans": [{"Node Type": "Streaming(type: LOCAL GATHER dop: 1/16)", "Parent Relationship": "Outer", "Startup Cost": 1069.17, "Total Cost": 20335.44, "Plan Rows": 43, "Plan Width": 21, "Actual Min Startup Time": 78.374, "Actual Max Startup Time": 78.374, "Actual Min Total Time": 79.397, "Actual Max Total Time": 79.397, "Plans": [{"Node Type": "Seq Scan", "Parent Relationship": "Outer", "Relation Name": "title", "Alias": "t", "Startup Cost": 1069.17, "Total Cost": 20334.51, "Plan Rows": 43, "Plan Width": 21, "Actual Min Startup Time": 48.113, "Actual Max Startup Time": 65.731, "Actual Min Total Time": 62.348, "Actual Max Total Time": 65.731, "Filter": "((production_year >= 2006) AND (production_year <= 2007) AND (((title)::text ~~ 'One Piece%'::text) OR ((title)::text ~~ 'Dragon Ball Z%'::text)))", "Rows Removed by Filter": 2528304, "Actual Rows": 7}], "Actual Rows": 7}, {"Node Type": "Index Scan", "Parent Relationship": "Inner", "Scan Direction": "Forward", "Index Name": "movie_id_movie_companies", "Relation Name": "movie_companies", "Alias": "mc", "Startup Cost": 0.0, "Total Cost": 11.48, "Plan Rows": 1, "Plan Width": 8, "Actual Min Startup Time": 0.139, "Actual Max Startup Time": 0.139, "Actual Min Total Time": 0.148, "Actual Max Total Time": 0.148, "Index Cond": "(movie_id = t.id)", "Rows Removed by Index Recheck": 0, "Filter": "(((note)::text ~~ '%(Japan)%'::text) AND ((note)::text !~~ '%(USA)%'::text) AND (((note)::text ~~ '%(2006)%'::text) OR ((note)::text ~~ '%(2007)%'::text)))", "Rows Removed by Filter": 13, "Actual Rows": 4}], "Actual Rows": 4}, {"Node Type": "Index Scan", "Parent Relationship": "Inner", "Scan Direction": "Forward", "Index Name": "movie_id_cast_info", "Relation Name": "cast_info", "Alias": "ci", "Startup Cost": 0.0, "Total Cost": 27.88, "Plan Rows": 1, "Plan Width": 12, "Actual Min Startup Time": 0.106, "Actual Max Startup Time": 0.106, "Actual Min Total Time": 0.331, "Actual Max Total Time": 0.331, "Index Cond": "(movie_id = mc.movie_id)", "Rows Removed by Index Recheck": 0, "Filter": "((note)::text = '(voice: English version)'::text)", "Rows Removed by Filter": 68, "Actual Rows": 104}], "Actual Rows": 104}, {"Node Type": "Index Scan", "Parent Relationship": "Inner", "Scan Direction": "Forward", "Index Name": "person_id_aka_name", "Relation Name": "aka_name", "Alias": "an", "Startup Cost": 0.0, "Total Cost": 0.84, "Plan Rows": 1, "Plan Width": 20, "Actual Min Startup Time": 0.52, "Actual Max Startup Time": 0.52, "Actual Min Total Time": 0.636, "Actual Max Total Time": 0.636, "Index Cond": "(person_id = ci.person_id)", "Rows Removed by Index Recheck": 0, "Actual Rows": 171}], "Actual Rows": 171}, {"Node Type": "Index Scan", "Parent Relationship": "Inner", "Scan Direction": "Forward", "Index Name": "company_name_pkey", "Relation Name": "company_name", "Alias": "cn", "Startup Cost": 0.0, "Total Cost": 4.37, "Plan Rows": 1, "Plan Width": 4, "Actual Min Startup Time": 0.51, "Actual Max Startup Time": 0.51, "Actual Min Total Time": 0.51, "Actual Max Total Time": 0.51, "Index Cond": "(id = mc.company_id)", "Rows Removed by Index Recheck": 0, "Filter": "((country_code)::text = '[jp]'::text)", "Rows Removed by Filter": 0, "Actual Rows": 171}], "Actual Rows": 171}, {"Node Type": "Index Scan", "Parent Relationship": "Inner", "Scan Direction": "Forward", "Index Name": "name_pkey", "Relation Name": "name", "Alias": "n", "Startup Cost": 0.0, "Total Cost": 0.57, "Plan Rows": 1, "Plan Width": 4, "Actual Min Startup Time": 0.745, "Actual Max Startup Time": 0.745, "Actual Min Total Time": 0.745, "Actual Max Total Time": 0.745, "Index Cond": "(id = an.person_id)", "Rows Removed by Index Recheck": 0, "Filter": "(((name)::text ~~ '%Yo%'::text) AND ((name)::text !~~ '%Yu%'::text))", "Rows Removed by Filter": 165, "Actual Rows": 6}], "Actual Rows": 6}, {"Node Type": "Index Scan", "Parent Relationship": "Inner", "Scan Direction": "Forward", "Index Name": "role_type_pkey", "Relation Name": "role_type", "Alias": "rt", "Startup Cost": 0.0, "Total Cost": 0.27, "Plan Rows": 1, "Plan Width": 4, "Actual Min Startup Time": 0.018, "Actual Max Startup Time": 0.018, "Actual Min Total Time": 0.018, "Actual Max Total Time": 0.018, "Index Cond": "(id = ci.role_id)", "Rows Removed by Index Recheck": 0, "Filter": "((role)::text = 'actress'::text)", "Rows Removed by Filter": 0, "Actual Rows": 6}], "Actual Rows": 6}], "Actual Rows": 1}, "Triggers": [], "Planner Runtime": 30.568, "Total Runtime": 84.938, "Unique SQL Id": 3956435728}}, "(16, '61')": {"explain_plan": {"Plan": {"Node Type": "Aggregate", "Strategy": "Plain", "Startup Cost": 84111.26, "Total Cost": 84111.27, "Plan Rows": 1, "Plan Width": 97, "Plans": [{"Node Type": "Nested Loop", "Parent Relationship": "Outer", "Join Type": "Inner", "Startup Cost": 0.0, "Total Cost": 84111.26, "Plan Rows": 1, "Plan Width": 33, "Inner Unique": true, "Plans": [{"Node Type": "Nested Loop", "Parent Relationship": "Outer", "Join Type": "Inner", "Startup Cost": 0.0, "Total Cost": 84110.97, "Plan Rows": 1, "Plan Width": 37, "Inner Unique": true, "Plans": [{"Node Type": "Nested Loop", "Parent Relationship": "Outer", "Join Type": "Inner", "Startup Cost": 0.0, "Total Cost": 84110.39, "Plan Rows": 1, "Plan Width": 45, "Inner Unique": false, "Plans": [{"Node Type": "Nested Loop", "Parent Relationship": "Outer", "Join Type": "Inner", "Startup Cost": 0.0, "Total Cost": 84109.54, "Plan Rows": 1, "Plan Width": 25, "Inner Unique": false, "Join Filter": "(t.id = ci.movie_id)", "Plans": [{"Node Type": "Nested Loop", "Parent Relationship": "Outer", "Join Type": "Inner", "Startup Cost": 0.0, "Total Cost": 84053.76, "Plan Rows": 2, "Plan Width": 25, "Inner Unique": true, "Plans": [{"Node Type": "Nested Loop", "Parent Relationship": "Outer", "Join Type": "Inner", "Startup Cost": 0.0, "Total Cost": 81991.53, "Plan Rows": 262, "Plan Width": 4, "Inner Unique": false, "Plans": [{"Node Type": "Index Scan", "Parent Relationship": "Outer", "Scan Direction": "Forward", "Index Name": "company_name_pkey", "Relation Name": "company_name", "Alias": "cn", "Startup Cost": 0.0, "Total Cost": 10501.39, "Plan Rows": 6290, "Plan Width": 4, "Filter": "((country_code)::text = '[jp]'::text)"}, {"Node Type": "Index Scan", "Parent Relationship": "Inner", "Scan Direction": "Forward", "Index Name": "company_id_movie_companies", "Relation Name": "movie_companies", "Alias": "mc", "Startup Cost": 0.0, "Total Cost": 11.36, "Plan Rows": 1, "Plan Width": 8, "Index Cond": "(company_id = cn.id)", "Filter": "(((note)::text ~~ '%(Japan)%'::text) AND ((note)::text !~~ '%(USA)%'::text) AND (((note)::text ~~ '%(2006)%'::text) OR ((note)::text ~~ '%(2007)%'::text)))"}]}, {"Node Type": "Index Scan", "Parent Relationship": "Inner", "Scan Direction": "Forward", "Index Name": "title_pkey", "Relation Name": "title", "Alias": "t", "Startup Cost": 0.0, "Total Cost": 7.86, "Plan Rows": 1, "Plan Width": 21, "Index Cond": "(id = mc.movie_id)", "Filter": "((production_year >= 2006) AND (production_year <= 2007) AND (((title)::text ~~ 'One Piece%'::text) OR ((title)::text ~~ 'Dragon Ball Z%'::text)))"}]}, {"Node Type": "Index Scan", "Parent Relationship": "Inner", "Scan Direction": "Forward", "Index Name": "movie_id_cast_info", "Relation Name": "cast_info", "Alias": "ci", "Startup Cost": 0.0, "Total Cost": 27.88, "Plan Rows": 1, "Plan Width": 12, "Index Cond": "(movie_id = mc.movie_id)", "Filter": "((note)::text = '(voice: English version)'::text)"}]}, {"Node Type": "Index Scan", "Parent Relationship": "Inner", "Scan Direction": "Forward", "Index Name": "person_id_aka_name", "Relation Name": "aka_name", "Alias": "an", "Startup Cost": 0.0, "Total Cost": 0.84, "Plan Rows": 1, "Plan Width": 20, "Index Cond": "(person_id = ci.person_id)"}]}, {"Node Type": "Index Scan", "Parent Relationship": "Inner", "Scan Direction": "Forward", "Index Name": "name_pkey", "Relation Name": "name", "Alias": "n", "Startup Cost": 0.0, "Total Cost": 0.57, "Plan Rows": 1, "Plan Width": 4, "Index Cond": "(id = an.person_id)", "Filter": "(((name)::text ~~ '%Yo%'::text) AND ((name)::text !~~ '%Yu%'::text))"}]}, {"Node Type": "Index Scan", "Parent Relationship": "Inner", "Scan Direction": "Forward", "Index Name": "role_type_pkey", "Relation Name": "role_type", "Alias": "rt", "Startup Cost": 0.0, "Total Cost": 0.27, "Plan Rows": 1, "Plan Width": 4, "Index Cond": "(id = ci.role_id)", "Filter": "((role)::text = 'actress'::text)"}]}]}, "Unique SQL Id": 3956435728, "Planner Runtime": 9}, "explain_analyze_plan": null}, "(16, '62')": {"explain_plan": {"Plan": {"Node Type": "Aggregate", "Strategy": "Plain", "Startup Cost": 163047.73, "Total Cost": 163047.76, "Plan Rows": 1, "Plan Width": 97, "Plans": [{"Node Type": "Streaming(type: LOCAL GATHER dop: 1/16)", "Parent Relationship": "Outer", "Startup Cost": 163047.73, "Total Cost": 163047.76, "Plan Rows": 1, "Plan Width": 97, "Plans": [{"Node Type": "Aggregate", "Strategy": "Plain", "Parent Relationship": "Outer", "Startup Cost": 163047.73, "Total Cost": 163047.74, "Plan Rows": 1, "Plan Width": 97, "Plans": [{"Node Type": "Nested Loop", "Parent Relationship": "Outer", "Join Type": "Inner", "Startup Cost": 1069.17, "Total Cost": 163047.73, "Plan Rows": 1, "Plan Width": 33, "Inner Unique": false, "Join Filter": "(n.id = an.person_id)", "Plans": [{"Node Type": "Streaming(type: BROADCAST dop: 16/1)", "Parent Relationship": "Outer", "Startup Cost": 1069.17, "Total Cost": 146099.28, "Plan Rows": 16, "Plan Width": 25, "Plans": [{"Node Type": "Nested Loop", "Parent Relationship": "Outer", "Join Type": "Inner", "Startup Cost": 1069.17, "Total Cost": 131098.93, "Plan Rows": 1, "Plan Width": 25, "Inner Unique": true, "Join Filter": "(ci.person_id = n.id)", "Plans": [{"Node Type": "Nested Loop", "Parent Relationship": "Outer", "Join Type": "Inner", "Startup Cost": 1069.17, "Total Cost": 108506.33, "Plan Rows": 1, "Plan Width": 21, "Inner Unique": true, "Join Filter": "(mc.company_id = cn.id)", "Plans": [{"Node Type": "Nested Loop", "Parent Relationship": "Outer", "Join Type": "Inner", "Startup Cost": 1069.17, "Total Cost": 102524.26, "Plan Rows": 1, "Plan Width": 25, "Inner Unique": false, "Join Filter": "(ci.movie_id = t.id)", "Plans": [{"Node Type": "Nested Loop", "Parent Relationship": "Outer", "Join Type": "Inner", "Startup Cost": 0.0, "Total Cost": 61579.53, "Plan Rows": 8790, "Plan Width": 8, "Inner Unique": false, "Join Filter": "(ci.role_id = rt.id)", "Plans": [{"Node Type": "Seq Scan", "Parent Relationship": "Outer", "Relation Name": "role_type", "Alias": "rt", "Startup Cost": 0.0, "Total Cost": 1.15, "Plan Rows": 1, "Plan Width": 4, "Filter": "((role)::text = 'actress'::text)"}, {"Node Type": "Materialize", "Parent Relationship": "Inner", "Startup Cost": 0.0, "Total Cost": 60611.46, "Plan Rows": 96692, "Plan Width": 12, "Plans": [{"Node Type": "Streaming(type: LOCAL GATHER dop: 1/16)", "Parent Relationship": "Outer", "Startup Cost": 0.0, "Total Cost": 60369.73, "Plan Rows": 96692, "Plan Width": 12, "Plans": [{"Node Type": "Seq Scan", "Parent Relationship": "Outer", "Relation Name": "cast_info", "Alias": "ci", "Startup Cost": 0.0, "Total Cost": 58282.92, "Plan Rows": 96692, "Plan Width": 12, "Filter": "((note)::text = '(voice: English version)'::text)"}]}]}]}, {"Node Type": "Materialize", "Parent Relationship": "Inner", "Startup Cost": 1069.17, "Total Cost": 40681.04, "Plan Rows": 2, "Plan Width": 29, "Plans": [{"Node Type": "Nested Loop", "Parent Relationship": "Outer", "Join Type": "Inner", "Startup Cost": 1069.17, "Total Cost": 40681.03, "Plan Rows": 2, "Plan Width": 29, "Inner Unique": true, "Join Filter": "(mc.movie_id = t.id)", "Plans": [{"Node Type": "Streaming(type: LOCAL GATHER dop: 1/16)", "Parent Relationship": "Outer", "Startup Cost": 0.0, "Total Cost": 19279.94, "Plan Rows": 1652, "Plan Width": 8, "Plans": [{"Node Type": "Seq Scan", "Parent Relationship": "Outer", "Relation Name": "movie_companies", "Alias": "mc", "Startup Cost": 0.0, "Total Cost": 19244.28, "Plan Rows": 1652, "Plan Width": 8, "Filter": "(((note)::text ~~ '%(Japan)%'::text) AND ((note)::text !~~ '%(USA)%'::text) AND (((note)::text ~~ '%(2006)%'::text) OR ((note)::text ~~ '%(2007)%'::text)))"}]}, {"Node Type": "Materialize", "Parent Relationship": "Inner", "Startup Cost": 1069.17, "Total Cost": 20335.66, "Plan Rows": 43, "Plan Width": 21, "Plans": [{"Node Type": "Streaming(type: LOCAL GATHER dop: 1/16)", "Parent Relationship": "Outer", "Startup Cost": 1069.17, "Total Cost": 20335.44, "Plan Rows": 43, "Plan Width": 21, "Plans": [{"Node Type": "Seq Scan", "Parent Relationship": "Outer", "Relation Name": "title", "Alias": "t", "Startup Cost": 1069.17, "Total Cost": 20334.51, "Plan Rows": 43, "Plan Width": 21, "Filter": "((production_year >= 2006) AND (production_year <= 2007) AND (((title)::text ~~ 'One Piece%'::text) OR ((title)::text ~~ 'Dragon Ball Z%'::text)))"}]}]}]}]}]}, {"Node Type": "Seq Scan", "Parent Relationship": "Inner", "Relation Name": "company_name", "Alias": "cn", "Startup Cost": 0.0, "Total Cost": 5903.45, "Plan Rows": 6290, "Plan Width": 4, "Filter": "((country_code)::text = '[jp]'::text)"}]}, {"Node Type": "Materialize", "Parent Relationship": "Inner", "Startup Cost": 0.0, "Total Cost": 22453.74, "Plan Rows": 13886, "Plan Width": 4, "Plans": [{"Node Type": "Streaming(type: LOCAL GATHER dop: 1/16)", "Parent Relationship": "Outer", "Startup Cost": 0.0, "Total Cost": 22419.02, "Plan Rows": 13886, "Plan Width": 4, "Plans": [{"Node Type": "Seq Scan", "Parent Relationship": "Outer", "Relation Name": "name", "Alias": "n", "Startup Cost": 0.0, "Total Cost": 22119.33, "Plan Rows": 13886, "Plan Width": 4, "Filter": "(((name)::text ~~ '%Yo%'::text) AND ((name)::text !~~ '%Yu%'::text))"}]}]}]}]}, {"Node Type": "Seq Scan", "Parent Relationship": "Inner", "Relation Name": "aka_name", "Alias": "an", "Startup Cost": 0.0, "Total Cost": 16244.28, "Plan Rows": 901342, "Plan Width": 20}]}]}]}]}, "Unique SQL Id": 3956435728, "Planner Runtime": 17}, "explain_analyze_plan": null}, "(16, '63')": {"explain_plan": {"Plan": {"Node Type": "Aggregate", "Strategy": "Plain", "Startup Cost": 7000171740968.88, "Total Cost": 7000171740968.89, "Plan Rows": 1, "Plan Width": 97, "Plans": [{"Node Type": "Nested Loop", "Parent Relationship": "Outer", "Join Type": "Inner", "Startup Cost": 70000000000.0, "Total Cost": 7000171740968.87, "Plan Rows": 1, "Plan Width": 33, "Inner Unique": true, "Join Filter": "(ci.role_id = rt.id)", "Plans": [{"Node Type": "Nested Loop", "Parent Relationship": "Outer", "Join Type": "Inner", "Startup Cost": 60000000000.0, "Total Cost": 6000171739722.86, "Plan Rows": 1, "Plan Width": 37, "Inner Unique": true, "Plans": [{"Node Type": "Nested Loop", "Parent Relationship": "Outer", "Join Type": "Inner", "Startup Cost": 50000000000.0, "Total Cost": 5000171739665.63, "Plan Rows": 1, "Plan Width": 45, "Inner Unique": true, "Plans": [{"Node Type": "Nested Loop", "Parent Relationship": "Outer", "Join Type": "Inner", "Startup Cost": 40000000000.0, "Total Cost": 4000171739228.2, "Plan Rows": 1, "Plan Width": 49, "Inner Unique": false, "Plans": [{"Node Type": "Nested Loop", "Parent Relationship": "Outer", "Join Type": "Inner", "Startup Cost": 30000000000.0, "Total Cost": 3000171739143.81, "Plan Rows": 1, "Plan Width": 29, "Inner Unique": false, "Join Filter": "(t.id = ci.movie_id)", "Plans": [{"Node Type": "Index Scan", "Parent Relationship": "Outer", "Scan Direction": "Forward", "Index Name": "role_id_cast_info", "Relation Name": "cast_info", "Alias": "ci", "Startup Cost": 10000000000.0, "Total Cost": 1000143218339.5, "Plan Rows": 96692, "Plan Width": 12, "Filter": "((note)::text = '(voice: English version)'::text)"}, {"Node Type": "Materialize", "Parent Relationship": "Inner", "Startup Cost": 20000000000.0, "Total Cost": 2000028517903.55, "Plan Rows": 2, "Plan Width": 29, "Plans": [{"Node Type": "Nested Loop", "Parent Relationship": "Outer", "Join Type": "Inner", "Startup Cost": 20000000000.0, "Total Cost": 2000028517903.54, "Plan Rows": 2, "Plan Width": 29, "Inner Unique": true, "Join Filter": "(mc.movie_id = t.id)", "Plans": [{"Node Type": "Index Scan", "Parent Relationship": "Outer", "Scan Direction": "Forward", "Index Name": "company_id_movie_companies", "Relation Name": "movie_companies", "Alias": "mc", "Startup Cost": 10000000000.0, "Total Cost": 1000014976477.98, "Plan Rows": 1652, "Plan Width": 8, "Filter": "(((note)::text ~~ '%(Japan)%'::text) AND ((note)::text !~~ '%(USA)%'::text) AND (((note)::text ~~ '%(2006)%'::text) OR ((note)::text ~~ '%(2007)%'::text)))"}, {"Node Type": "Materialize", "Parent Relationship": "Inner", "Startup Cost": 10000000000.0, "Total Cost": 1000013540360.13, "Plan Rows": 43, "Plan Width": 21, "Plans": [{"Node Type": "Index Scan", "Parent Relationship": "Outer", "Scan Direction": "Forward", "Index Name": "title_pkey", "Relation Name": "title", "Alias": "t", "Startup Cost": 10000000000.0, "Total Cost": 1000013540359.91, "Plan Rows": 43, "Plan Width": 21, "Filter": "((production_year >= 2006) AND (production_year <= 2007) AND (((title)::text ~~ 'One Piece%'::text) OR ((title)::text ~~ 'Dragon Ball Z%'::text)))"}]}]}]}]}, {"Node Type": "Index Scan", "Parent Relationship": "Inner", "Scan Direction": "Forward", "Index Name": "person_id_aka_name", "Relation Name": "aka_name", "Alias": "an", "Startup Cost": 10000000000.0, "Total Cost": 1000000000084.38, "Plan Rows": 1, "Plan Width": 20, "Index Cond": "(person_id = ci.person_id)"}]}, {"Node Type": "Index Scan", "Parent Relationship": "Inner", "Scan Direction": "Forward", "Index Name": "company_name_pkey", "Relation Name": "company_name", "Alias": "cn", "Startup Cost": 10000000000.0, "Total Cost": 1000000000437.42, "Plan Rows": 1, "Plan Width": 4, "Index Cond": "(id = mc.company_id)", "Filter": "((country_code)::text = '[jp]'::text)"}]}, {"Node Type": "Index Scan", "Parent Relationship": "Inner", "Scan Direction": "Forward", "Index Name": "name_pkey", "Relation Name": "name", "Alias": "n", "Startup Cost": 10000000000.0, "Total Cost": 1000000000057.22, "Plan Rows": 1, "Plan Width": 4, "Index Cond": "(id = an.person_id)", "Filter": "(((name)::text ~~ '%Yo%'::text) AND ((name)::text !~~ '%Yu%'::text))"}]}, {"Node Type": "Index Scan", "Parent Relationship": "Inner", "Scan Direction": "Forward", "Index Name": "role_type_pkey", "Relation Name": "role_type", "Alias": "rt", "Startup Cost": 10000000000.0, "Total Cost": 1000000001246.0, "Plan Rows": 1, "Plan Width": 4, "Filter": "((role)::text = 'actress'::text)"}]}]}, "Unique SQL Id": 3956435728, "Planner Runtime": 8}, "explain_analyze_plan": null}, "(16, '64')": {"explain_plan": {"Plan": {"Node Type": "Aggregate", "Strategy": "Plain", "Startup Cost": 20891.31, "Total Cost": 20891.32, "Plan Rows": 1, "Plan Width": 97, "Plans": [{"Node Type": "Nested Loop", "Parent Relationship": "Outer", "Join Type": "Inner", "Startup Cost": 1069.17, "Total Cost": 20891.3, "Plan Rows": 1, "Plan Width": 33, "Inner Unique": true, "Plans": [{"Node Type": "Nested Loop", "Parent Relationship": "Outer", "Join Type": "Inner", "Startup Cost": 1069.17, "Total Cost": 20891.02, "Plan Rows": 1, "Plan Width": 37, "Inner Unique": true, "Plans": [{"Node Type": "Nested Loop", "Parent Relationship": "Outer", "Join Type": "Inner", "Startup Cost": 1069.17, "Total Cost": 20890.44, "Plan Rows": 1, "Plan Width": 45, "Inner Unique": true, "Plans": [{"Node Type": "Nested Loop", "Parent Relationship": "Outer", "Join Type": "Inner", "Startup Cost": 1069.17, "Total Cost": 20886.05, "Plan Rows": 1, "Plan Width": 49, "Inner Unique": false, "Plans": [{"Node Type": "Nested Loop", "Parent Relationship": "Outer", "Join Type": "Inner", "Startup Cost": 1069.17, "Total Cost": 20885.2, "Plan Rows": 1, "Plan Width": 29, "Inner Unique": false, "Join Filter": "(t.id = ci.movie_id)", "Plans": [{"Node Type": "Nested Loop", "Parent Relationship": "Outer", "Join Type": "Inner", "Startup Cost": 1069.17, "Total Cost": 20829.42, "Plan Rows": 2, "Plan Width": 29, "Inner Unique": false, "Plans": [{"Node Type": "Streaming(type: LOCAL GATHER dop: 1/16)", "Parent Relationship": "Outer", "Startup Cost": 1069.17, "Total Cost": 20335.44, "Plan Rows": 43, "Plan Width": 21, "Plans": [{"Node Type": "Seq Scan", "Parent Relationship": "Outer", "Relation Name": "title", "Alias": "t", "Startup Cost": 1069.17, "Total Cost": 20334.51, "Plan Rows": 43, "Plan Width": 21, "Filter": "((production_year >= 2006) AND (production_year <= 2007) AND (((title)::text ~~ 'One Piece%'::text) OR ((title)::text ~~ 'Dragon Ball Z%'::text)))"}]}, {"Node Type": "Index Scan", "Parent Relationship": "Inner", "Scan Direction": "Forward", "Index Name": "movie_id_movie_companies", "Relation Name": "movie_companies", "Alias": "mc", "Startup Cost": 0.0, "Total Cost": 11.48, "Plan Rows": 1, "Plan Width": 8, "Index Cond": "(movie_id = t.id)", "Filter": "(((note)::text ~~ '%(Japan)%'::text) AND ((note)::text !~~ '%(USA)%'::text) AND (((note)::text ~~ '%(2006)%'::text) OR ((note)::text ~~ '%(2007)%'::text)))"}]}, {"Node Type": "Index Scan", "Parent Relationship": "Inner", "Scan Direction": "Forward", "Index Name": "movie_id_cast_info", "Relation Name": "cast_info", "Alias": "ci", "Startup Cost": 0.0, "Total Cost": 27.88, "Plan Rows": 1, "Plan Width": 12, "Index Cond": "(movie_id = mc.movie_id)", "Filter": "((note)::text = '(voice: English version)'::text)"}]}, {"Node Type": "Index Scan", "Parent Relationship": "Inner", "Scan Direction": "Forward", "Index Name": "person_id_aka_name", "Relation Name": "aka_name", "Alias": "an", "Startup Cost": 0.0, "Total Cost": 0.84, "Plan Rows": 1, "Plan Width": 20, "Index Cond": "(person_id = ci.person_id)"}]}, {"Node Type": "Index Scan", "Parent Relationship": "Inner", "Scan Direction": "Forward", "Index Name": "company_name_pkey", "Relation Name": "company_name", "Alias": "cn", "Startup Cost": 0.0, "Total Cost": 4.37, "Plan Rows": 1, "Plan Width": 4, "Index Cond": "(id = mc.company_id)", "Filter": "((country_code)::text = '[jp]'::text)"}]}, {"Node Type": "Index Scan", "Parent Relationship": "Inner", "Scan Direction": "Forward", "Index Name": "name_pkey", "Relation Name": "name", "Alias": "n", "Startup Cost": 0.0, "Total Cost": 0.57, "Plan Rows": 1, "Plan Width": 4, "Index Cond": "(id = an.person_id)", "Filter": "(((name)::text ~~ '%Yo%'::text) AND ((name)::text !~~ '%Yu%'::text))"}]}, {"Node Type": "Index Scan", "Parent Relationship": "Inner", "Scan Direction": "Forward", "Index Name": "role_type_pkey", "Relation Name": "role_type", "Alias": "rt", "Startup Cost": 0.0, "Total Cost": 0.27, "Plan Rows": 1, "Plan Width": 4, "Index Cond": "(id = ci.role_id)", "Filter": "((role)::text = 'actress'::text)"}]}]}, "Unique SQL Id": 3956435728, "Planner Runtime": 30}, "explain_analyze_plan": {"Plan": {"Node Type": "Aggregate", "Strategy": "Plain", "Startup Cost": 20891.31, "Total Cost": 20891.32, "Plan Rows": 1, "Plan Width": 97, "Actual Min Startup Time": 82.24, "Actual Max Startup Time": 82.24, "Actual Min Total Time": 82.24, "Actual Max Total Time": 82.24, "Plans": [{"Node Type": "Nested Loop", "Parent Relationship": "Outer", "Join Type": "Inner", "Startup Cost": 1069.17, "Total Cost": 20891.3, "Plan Rows": 1, "Plan Width": 33, "Actual Min Startup Time": 79.771, "Actual Max Startup Time": 79.771, "Actual Min Total Time": 82.203, "Actual Max Total Time": 82.203, "Inner Unique": true, "Plans": [{"Node Type": "Nested Loop", "Parent Relationship": "Outer", "Join Type": "Inner", "Startup Cost": 1069.17, "Total Cost": 20891.02, "Plan Rows": 1, "Plan Width": 37, "Actual Min Startup Time": 79.76, "Actual Max Startup Time": 79.76, "Actual Min Total Time": 82.178, "Actual Max Total Time": 82.178, "Inner Unique": true, "Plans": [{"Node Type": "Nested Loop", "Parent Relationship": "Outer", "Join Type": "Inner", "Startup Cost": 1069.17, "Total Cost": 20890.44, "Plan Rows": 1, "Plan Width": 45, "Actual Min Startup Time": 78.621, "Actual Max Startup Time": 78.621, "Actual Min Total Time": 81.338, "Actual Max Total Time": 81.338, "Inner Unique": true, "Plans": [{"Node Type": "Nested Loop", "Parent Relationship": "Outer", "Join Type": "Inner", "Startup Cost": 1069.17, "Total Cost": 20886.05, "Plan Rows": 1, "Plan Width": 49, "Actual Min Startup Time": 78.603, "Actual Max Startup Time": 78.603, "Actual Min Total Time": 80.695, "Actual Max Total Time": 80.695, "Inner Unique": false, "Plans": [{"Node Type": "Nested Loop", "Parent Relationship": "Outer", "Join Type": "Inner", "Startup Cost": 1069.17, "Total Cost": 20885.2, "Plan Rows": 1, "Plan Width": 29, "Actual Min Startup Time": 78.587, "Actual Max Startup Time": 78.587, "Actual Min Total Time": 79.943, "Actual Max Total Time": 79.943, "Inner Unique": false, "Join Filter": "(t.id = ci.movie_id)", "Rows Removed by Join Filter": 0, "Plans": [{"Node Type": "Nested Loop", "Parent Relationship": "Outer", "Join Type": "Inner", "Startup Cost": 1069.17, "Total Cost": 20829.42, "Plan Rows": 2, "Plan Width": 29, "Actual Min Startup Time": 78.48, "Actual Max Startup Time": 78.48, "Actual Min Total Time": 79.571, "Actual Max Total Time": 79.571, "Inner Unique": false, "Plans": [{"Node Type": "Streaming(type: LOCAL GATHER dop: 1/16)", "Parent Relationship": "Outer", "Startup Cost": 1069.17, "Total Cost": 20335.44, "Plan Rows": 43, "Plan Width": 21, "Actual Min Startup Time": 78.374, "Actual Max Startup Time": 78.374, "Actual Min Total Time": 79.397, "Actual Max Total Time": 79.397, "Plans": [{"Node Type": "Seq Scan", "Parent Relationship": "Outer", "Relation Name": "title", "Alias": "t", "Startup Cost": 1069.17, "Total Cost": 20334.51, "Plan Rows": 43, "Plan Width": 21, "Actual Min Startup Time": 48.113, "Actual Max Startup Time": 65.731, "Actual Min Total Time": 62.348, "Actual Max Total Time": 65.731, "Filter": "((production_year >= 2006) AND (production_year <= 2007) AND (((title)::text ~~ 'One Piece%'::text) OR ((title)::text ~~ 'Dragon Ball Z%'::text)))", "Rows Removed by Filter": 2528304, "Actual Rows": 7}], "Actual Rows": 7}, {"Node Type": "Index Scan", "Parent Relationship": "Inner", "Scan Direction": "Forward", "Index Name": "movie_id_movie_companies", "Relation Name": "movie_companies", "Alias": "mc", "Startup Cost": 0.0, "Total Cost": 11.48, "Plan Rows": 1, "Plan Width": 8, "Actual Min Startup Time": 0.139, "Actual Max Startup Time": 0.139, "Actual Min Total Time": 0.148, "Actual Max Total Time": 0.148, "Index Cond": "(movie_id = t.id)", "Rows Removed by Index Recheck": 0, "Filter": "(((note)::text ~~ '%(Japan)%'::text) AND ((note)::text !~~ '%(USA)%'::text) AND (((note)::text ~~ '%(2006)%'::text) OR ((note)::text ~~ '%(2007)%'::text)))", "Rows Removed by Filter": 13, "Actual Rows": 4}], "Actual Rows": 4}, {"Node Type": "Index Scan", "Parent Relationship": "Inner", "Scan Direction": "Forward", "Index Name": "movie_id_cast_info", "Relation Name": "cast_info", "Alias": "ci", "Startup Cost": 0.0, "Total Cost": 27.88, "Plan Rows": 1, "Plan Width": 12, "Actual Min Startup Time": 0.106, "Actual Max Startup Time": 0.106, "Actual Min Total Time": 0.331, "Actual Max Total Time": 0.331, "Index Cond": "(movie_id = mc.movie_id)", "Rows Removed by Index Recheck": 0, "Filter": "((note)::text = '(voice: English version)'::text)", "Rows Removed by Filter": 68, "Actual Rows": 104}], "Actual Rows": 104}, {"Node Type": "Index Scan", "Parent Relationship": "Inner", "Scan Direction": "Forward", "Index Name": "person_id_aka_name", "Relation Name": "aka_name", "Alias": "an", "Startup Cost": 0.0, "Total Cost": 0.84, "Plan Rows": 1, "Plan Width": 20, "Actual Min Startup Time": 0.52, "Actual Max Startup Time": 0.52, "Actual Min Total Time": 0.636, "Actual Max Total Time": 0.636, "Index Cond": "(person_id = ci.person_id)", "Rows Removed by Index Recheck": 0, "Actual Rows": 171}], "Actual Rows": 171}, {"Node Type": "Index Scan", "Parent Relationship": "Inner", "Scan Direction": "Forward", "Index Name": "company_name_pkey", "Relation Name": "company_name", "Alias": "cn", "Startup Cost": 0.0, "Total Cost": 4.37, "Plan Rows": 1, "Plan Width": 4, "Actual Min Startup Time": 0.51, "Actual Max Startup Time": 0.51, "Actual Min Total Time": 0.51, "Actual Max Total Time": 0.51, "Index Cond": "(id = mc.company_id)", "Rows Removed by Index Recheck": 0, "Filter": "((country_code)::text = '[jp]'::text)", "Rows Removed by Filter": 0, "Actual Rows": 171}], "Actual Rows": 171}, {"Node Type": "Index Scan", "Parent Relationship": "Inner", "Scan Direction": "Forward", "Index Name": "name_pkey", "Relation Name": "name", "Alias": "n", "Startup Cost": 0.0, "Total Cost": 0.57, "Plan Rows": 1, "Plan Width": 4, "Actual Min Startup Time": 0.745, "Actual Max Startup Time": 0.745, "Actual Min Total Time": 0.745, "Actual Max Total Time": 0.745, "Index Cond": "(id = an.person_id)", "Rows Removed by Index Recheck": 0, "Filter": "(((name)::text ~~ '%Yo%'::text) AND ((name)::text !~~ '%Yu%'::text))", "Rows Removed by Filter": 165, "Actual Rows": 6}], "Actual Rows": 6}, {"Node Type": "Index Scan", "Parent Relationship": "Inner", "Scan Direction": "Forward", "Index Name": "role_type_pkey", "Relation Name": "role_type", "Alias": "rt", "Startup Cost": 0.0, "Total Cost": 0.27, "Plan Rows": 1, "Plan Width": 4, "Actual Min Startup Time": 0.018, "Actual Max Startup Time": 0.018, "Actual Min Total Time": 0.018, "Actual Max Total Time": 0.018, "Index Cond": "(id = ci.role_id)", "Rows Removed by Index Recheck": 0, "Filter": "((role)::text = 'actress'::text)", "Rows Removed by Filter": 0, "Actual Rows": 6}], "Actual Rows": 6}], "Actual Rows": 1}, "Triggers": [], "Planner Runtime": 30.568, "Total Runtime": 84.938, "Unique SQL Id": 3956435728}}, "(16, '65')": {"explain_plan": {"Plan": {"Node Type": "Aggregate", "Strategy": "Plain", "Startup Cost": 82294.12, "Total Cost": 82294.13, "Plan Rows": 1, "Plan Width": 97, "Plans": [{"Node Type": "Nested Loop", "Parent Relationship": "Outer", "Join Type": "Inner", "Startup Cost": 2780.8, "Total Cost": 82294.12, "Plan Rows": 1, "Plan Width": 33, "Inner Unique": true, "Plans": [{"Node Type": "Nested Loop", "Parent Relationship": "Outer", "Join Type": "Inner", "Startup Cost": 2780.8, "Total Cost": 82293.84, "Plan Rows": 1, "Plan Width": 37, "Inner Unique": true, "Plans": [{"Node Type": "Nested Loop", "Parent Relationship": "Outer", "Join Type": "Inner", "Startup Cost": 2780.8, "Total Cost": 82293.26, "Plan Rows": 1, "Plan Width": 45, "Inner Unique": false, "Plans": [{"Node Type": "Nested Loop", "Parent Relationship": "Outer", "Join Type": "Inner", "Startup Cost": 2780.8, "Total Cost": 82292.4, "Plan Rows": 1, "Plan Width": 25, "Inner Unique": false, "Join Filter": "(t.id = ci.movie_id)", "Plans": [{"Node Type": "Nested Loop", "Parent Relationship": "Outer", "Join Type": "Inner", "Startup Cost": 2780.8, "Total Cost": 82236.62, "Plan Rows": 2, "Plan Width": 25, "Inner Unique": true, "Plans": [{"Node Type": "Nested Loop", "Parent Relationship": "Outer", "Join Type": "Inner", "Startup Cost": 2780.8, "Total Cost": 80174.39, "Plan Rows": 262, "Plan Width": 4, "Inner Unique": false, "Plans": [{"Node Type": "Bitmap Heap Scan", "Parent Relationship": "Outer", "Relation Name": "company_name", "Alias": "cn", "Startup Cost": 2780.8, "Total Cost": 8684.25, "Plan Rows": 6290, "Plan Width": 4, "Filter": "((country_code)::text = '[jp]'::text)", "Plans": [{"Node Type": "Bitmap Index Scan", "Parent Relationship": "Outer", "Index Name": "company_name_pkey", "Startup Cost": 0.0, "Total Cost": 2779.23, "Plan Rows": 234996, "Plan Width": 0}]}, {"Node Type": "Index Scan", "Parent Relationship": "Inner", "Scan Direction": "Forward", "Index Name": "company_id_movie_companies", "Relation Name": "movie_companies", "Alias": "mc", "Startup Cost": 0.0, "Total Cost": 11.36, "Plan Rows": 1, "Plan Width": 8, "Index Cond": "(company_id = cn.id)", "Filter": "(((note)::text ~~ '%(Japan)%'::text) AND ((note)::text !~~ '%(USA)%'::text) AND (((note)::text ~~ '%(2006)%'::text) OR ((note)::text ~~ '%(2007)%'::text)))"}]}, {"Node Type": "Index Scan", "Parent Relationship": "Inner", "Scan Direction": "Forward", "Index Name": "title_pkey", "Relation Name": "title", "Alias": "t", "Startup Cost": 0.0, "Total Cost": 7.86, "Plan Rows": 1, "Plan Width": 21, "Index Cond": "(id = mc.movie_id)", "Filter": "((production_year >= 2006) AND (production_year <= 2007) AND (((title)::text ~~ 'One Piece%'::text) OR ((title)::text ~~ 'Dragon Ball Z%'::text)))"}]}, {"Node Type": "Index Scan", "Parent Relationship": "Inner", "Scan Direction": "Forward", "Index Name": "movie_id_cast_info", "Relation Name": "cast_info", "Alias": "ci", "Startup Cost": 0.0, "Total Cost": 27.88, "Plan Rows": 1, "Plan Width": 12, "Index Cond": "(movie_id = mc.movie_id)", "Filter": "((note)::text = '(voice: English version)'::text)"}]}, {"Node Type": "Index Scan", "Parent Relationship": "Inner", "Scan Direction": "Forward", "Index Name": "person_id_aka_name", "Relation Name": "aka_name", "Alias": "an", "Startup Cost": 0.0, "Total Cost": 0.84, "Plan Rows": 1, "Plan Width": 20, "Index Cond": "(person_id = ci.person_id)"}]}, {"Node Type": "Index Scan", "Parent Relationship": "Inner", "Scan Direction": "Forward", "Index Name": "name_pkey", "Relation Name": "name", "Alias": "n", "Startup Cost": 0.0, "Total Cost": 0.57, "Plan Rows": 1, "Plan Width": 4, "Index Cond": "(id = an.person_id)", "Filter": "(((name)::text ~~ '%Yo%'::text) AND ((name)::text !~~ '%Yu%'::text))"}]}, {"Node Type": "Index Scan", "Parent Relationship": "Inner", "Scan Direction": "Forward", "Index Name": "role_type_pkey", "Relation Name": "role_type", "Alias": "rt", "Startup Cost": 0.0, "Total Cost": 0.27, "Plan Rows": 1, "Plan Width": 4, "Index Cond": "(id = ci.role_id)", "Filter": "((role)::text = 'actress'::text)"}]}]}, "Unique SQL Id": 3956435728, "Planner Runtime": 30}, "explain_analyze_plan": null}, "(16, '66')": {"explain_plan": {"Plan": {"Node Type": "Aggregate", "Strategy": "Plain", "Startup Cost": 20934.07, "Total Cost": 20934.08, "Plan Rows": 1, "Plan Width": 97, "Plans": [{"Node Type": "Hash Join", "Parent Relationship": "Outer", "Join Type": "Inner", "Startup Cost": 1080.81, "Total Cost": 20934.06, "Plan Rows": 1, "Plan Width": 33, "Inner Unique": true, "Hash Cond": "(ci.role_id = rt.id)", "Plans": [{"Node Type": "Nested Loop", "Parent Relationship": "Outer", "Join Type": "Inner", "Startup Cost": 1079.65, "Total Cost": 20932.89, "Plan Rows": 1, "Plan Width": 37, "Inner Unique": true, "Plans": [{"Node Type": "Nested Loop", "Parent Relationship": "Outer", "Join Type": "Inner", "Startup Cost": 1079.32, "Total Cost": 20928.53, "Plan Rows": 1, "Plan Width": 45, "Inner Unique": true, "Plans": [{"Node Type": "Nested Loop", "Parent Relationship": "Outer", "Join Type": "Inner", "Startup Cost": 1078.09, "Total Cost": 20923.28, "Plan Rows": 1, "Plan Width": 49, "Inner Unique": false, "Plans": [{"Node Type": "Nested Loop", "Parent Relationship": "Outer", "Join Type": "Inner", "Startup Cost": 1077.71, "Total Cost": 20918.87, "Plan Rows": 1, "Plan Width": 29, "Inner Unique": false, "Join Filter": "(t.id = ci.movie_id)", "Plans": [{"Node Type": "Nested Loop", "Parent Relationship": "Outer", "Join Type": "Inner", "Startup Cost": 1073.44, "Total Cost": 20862.3, "Plan Rows": 2, "Plan Width": 29, "Inner Unique": false, "Plans": [{"Node Type": "Streaming(type: LOCAL GATHER dop: 1/16)", "Parent Relationship": "Outer", "Startup Cost": 1069.17, "Total Cost": 20335.44, "Plan Rows": 43, "Plan Width": 21, "Plans": [{"Node Type": "Seq Scan", "Parent Relationship": "Outer", "Relation Name": "title", "Alias": "t", "Startup Cost": 1069.17, "Total Cost": 20334.51, "Plan Rows": 43, "Plan Width": 21, "Filter": "((production_year >= 2006) AND (production_year <= 2007) AND (((title)::text ~~ 'One Piece%'::text) OR ((title)::text ~~ 'Dragon Ball Z%'::text)))"}]}, {"Node Type": "Bitmap Heap Scan", "Parent Relationship": "Inner", "Relation Name": "movie_companies", "Alias": "mc", "Startup Cost": 4.27, "Total Cost": 12.24, "Plan Rows": 1, "Plan Width": 8, "Recheck Cond": "(movie_id = t.id)", "Filter": "(((note)::text ~~ '%(Japan)%'::text) AND ((note)::text !~~ '%(USA)%'::text) AND (((note)::text ~~ '%(2006)%'::text) OR ((note)::text ~~ '%(2007)%'::text)))", "Plans": [{"Node Type": "Bitmap Index Scan", "Parent Relationship": "Outer", "Index Name": "movie_id_movie_companies", "Startup Cost": 0.0, "Total Cost": 4.26, "Plan Rows": 2, "Plan Width": 0, "Index Cond": "(movie_id = t.id)"}]}]}, {"Node Type": "Bitmap Heap Scan", "Parent Relationship": "Inner", "Relation Name": "cast_info", "Alias": "ci", "Startup Cost": 4.27, "Total Cost": 28.27, "Plan Rows": 1, "Plan Width": 12, "Recheck Cond": "(movie_id = mc.movie_id)", "Filter": "((note)::text = '(voice: English version)'::text)", "Plans": [{"Node Type": "Bitmap Index Scan", "Parent Relationship": "Outer", "Index Name": "movie_id_cast_info", "Startup Cost": 0.0, "Total Cost": 4.27, "Plan Rows": 6, "Plan Width": 0, "Index Cond": "(movie_id = mc.movie_id)"}]}]}, {"Node Type": "Bitmap Heap Scan", "Parent Relationship": "Inner", "Relation Name": "aka_name", "Alias": "an", "Startup Cost": 0.38, "Total Cost": 4.39, "Plan Rows": 1, "Plan Width": 20, "Recheck Cond": "(person_id = ci.person_id)", "Plans": [{"Node Type": "Bitmap Index Scan", "Parent Relationship": "Outer", "Index Name": "person_id_aka_name", "Startup Cost": 0.0, "Total Cost": 0.38, "Plan Rows": 1, "Plan Width": 0, "Index Cond": "(person_id = ci.person_id)"}]}]}, {"Node Type": "Bitmap Heap Scan", "Parent Relationship": "Inner", "Relation Name": "company_name", "Alias": "cn", "Startup Cost": 1.23, "Total Cost": 5.24, "Plan Rows": 1, "Plan Width": 4, "Recheck Cond": "(id = mc.company_id)", "Filter": "((country_code)::text = '[jp]'::text)", "Plans": [{"Node Type": "Bitmap Index Scan", "Parent Relationship": "Outer", "Index Name": "company_name_pkey", "Startup Cost": 0.0, "Total Cost": 1.23, "Plan Rows": 1, "Plan Width": 0, "Index Cond": "(id = mc.company_id)"}]}]}, {"Node Type": "Bitmap Heap Scan", "Parent Relationship": "Inner", "Relation Name": "name", "Alias": "n", "Startup Cost": 0.33, "Total Cost": 4.34, "Plan Rows": 1, "Plan Width": 4, "Recheck Cond": "(id = an.person_id)", "Filter": "(((name)::text ~~ '%Yo%'::text) AND ((name)::text !~~ '%Yu%'::text))", "Plans": [{"Node Type": "Bitmap Index Scan", "Parent Relationship": "Outer", "Index Name": "name_pkey", "Startup Cost": 0.0, "Total Cost": 0.33, "Plan Rows": 1, "Plan Width": 0, "Index Cond": "(id = an.person_id)"}]}]}, {"Node Type": "Hash", "Parent Relationship": "Inner", "Startup Cost": 1.15, "Total Cost": 1.15, "Plan Rows": 1, "Plan Width": 4, "Plans": [{"Node Type": "Seq Scan", "Parent Relationship": "Outer", "Relation Name": "role_type", "Alias": "rt", "Startup Cost": 0.0, "Total Cost": 1.15, "Plan Rows": 1, "Plan Width": 4, "Filter": "((role)::text = 'actress'::text)"}]}]}]}, "Unique SQL Id": 3956435728, "Planner Runtime": 42}, "explain_analyze_plan": {"Plan": {"Node Type": "Aggregate", "Strategy": "Plain", "Startup Cost": 20934.07, "Total Cost": 20934.08, "Plan Rows": 1, "Plan Width": 97, "Actual Min Startup Time": 84.086, "Actual Max Startup Time": 84.086, "Actual Min Total Time": 84.086, "Actual Max Total Time": 84.086, "Plans": [{"Node Type": "Hash Join", "Parent Relationship": "Outer", "Join Type": "Inner", "Startup Cost": 1080.81, "Total Cost": 20934.06, "Plan Rows": 1, "Plan Width": 33, "Actual Min Startup Time": 81.311, "Actual Max Startup Time": 81.311, "Actual Min Total Time": 84.05, "Actual Max Total Time": 84.05, "Inner Unique": true, "Hash Cond": "(ci.role_id = rt.id)", "Plans": [{"Node Type": "Nested Loop", "Parent Relationship": "Outer", "Join Type": "Inner", "Startup Cost": 1079.65, "Total Cost": 20932.89, "Plan Rows": 1, "Plan Width": 37, "Actual Min Startup Time": 81.207, "Actual Max Startup Time": 81.207, "Actual Min Total Time": 83.938, "Actual Max Total Time": 83.938, "Inner Unique": true, "Plans": [{"Node Type": "Nested Loop", "Parent Relationship": "Outer", "Join Type": "Inner", "Startup Cost": 1079.32, "Total Cost": 20928.53, "Plan Rows": 1, "Plan Width": 45, "Actual Min Startup Time": 79.719, "Actual Max Startup Time": 79.719, "Actual Min Total Time": 82.818, "Actual Max Total Time": 82.818, "Inner Unique": true, "Plans": [{"Node Type": "Nested Loop", "Parent Relationship": "Outer", "Join Type": "Inner", "Startup Cost": 1078.09, "Total Cost": 20923.28, "Plan Rows": 1, "Plan Width": 49, "Actual Min Startup Time": 79.689, "Actual Max Startup Time": 79.689, "Actual Min Total Time": 81.868, "Actual Max Total Time": 81.868, "Inner Unique": false, "Plans": [{"Node Type": "Nested Loop", "Parent Relationship": "Outer", "Join Type": "Inner", "Startup Cost": 1077.71, "Total Cost": 20918.87, "Plan Rows": 1, "Plan Width": 29, "Actual Min Startup Time": 79.663, "Actual Max Startup Time": 79.663, "Actual Min Total Time": 80.914, "Actual Max Total Time": 80.914, "Inner Unique": false, "Join Filter": "(t.id = ci.movie_id)", "Rows Removed by Join Filter": 0, "Plans": [{"Node Type": "Nested Loop", "Parent Relationship": "Outer", "Join Type": "Inner", "Startup Cost": 1073.44, "Total Cost": 20862.3, "Plan Rows": 2, "Plan Width": 29, "Actual Min Startup Time": 79.491, "Actual Max Startup Time": 79.491, "Actual Min Total Time": 80.415, "Actual Max Total Time": 80.415, "Inner Unique": false, "Plans": [{"Node Type": "Streaming(type: LOCAL GATHER dop: 1/16)", "Parent Relationship": "Outer", "Startup Cost": 1069.17, "Total Cost": 20335.44, "Plan Rows": 43, "Plan Width": 21, "Actual Min Startup Time": 79.379, "Actual Max Startup Time": 79.379, "Actual Min Total Time": 80.201, "Actual Max Total Time": 80.201, "Plans": [{"Node Type": "Seq Scan", "Parent Relationship": "Outer", "Relation Name": "title", "Alias": "t", "Startup Cost": 1069.17, "Total Cost": 20334.51, "Plan Rows": 43, "Plan Width": 21, "Actual Min Startup Time": 48.174, "Actual Max Startup Time": 65.987, "Actual Min Total Time": 62.248, "Actual Max Total Time": 65.987, "Filter": "((production_year >= 2006) AND (production_year <= 2007) AND (((title)::text ~~ 'One Piece%'::text) OR ((title)::text ~~ 'Dragon Ball Z%'::text)))", "Rows Removed by Filter": 2528304, "Actual Rows": 7}], "Actual Rows": 7}, {"Node Type": "Bitmap Heap Scan", "Parent Relationship": "Inner", "Relation Name": "movie_companies", "Alias": "mc", "Startup Cost": 4.27, "Total Cost": 12.24, "Plan Rows": 1, "Plan Width": 8, "Actual Min Startup Time": 0.169, "Actual Max Startup Time": 0.169, "Actual Min Total Time": 0.179, "Actual Max Total Time": 0.179, "Recheck Cond": "(movie_id = t.id)", "Rows Removed by Index Recheck": 0, "Filter": "(((note)::text ~~ '%(Japan)%'::text) AND ((note)::text !~~ '%(USA)%'::text) AND (((note)::text ~~ '%(2006)%'::text) OR ((note)::text ~~ '%(2007)%'::text)))", "Rows Removed by Filter": 13, "Exact Heap Blocks": 13, "Lossy Heap Blocks": 13, "Plans": [{"Node Type": "Bitmap Index Scan", "Parent Relationship": "Outer", "Index Name": "movie_id_movie_companies", "Startup Cost": 0.0, "Total Cost": 4.26, "Plan Rows": 2, "Plan Width": 0, "Actual Min Startup Time": 0.076, "Actual Max Startup Time": 0.076, "Actual Min Total Time": 0.076, "Actual Max Total Time": 0.076, "Index Cond": "(movie_id = t.id)", "Actual Rows": 17}], "Actual Rows": 4}], "Actual Rows": 4}, {"Node Type": "Bitmap Heap Scan", "Parent Relationship": "Inner", "Relation Name": "cast_info", "Alias": "ci", "Startup Cost": 4.27, "Total Cost": 28.27, "Plan Rows": 1, "Plan Width": 12, "Actual Min Startup Time": 0.173, "Actual Max Startup Time": 0.173, "Actual Min Total Time": 0.423, "Actual Max Total Time": 0.423, "Recheck Cond": "(movie_id = mc.movie_id)", "Rows Removed by Index Recheck": 0, "Filter": "((note)::text = '(voice: English version)'::text)", "Rows Removed by Filter": 68, "Exact Heap Blocks": 133, "Lossy Heap Blocks": 133, "Plans": [{"Node Type": "Bitmap Index Scan", "Parent Relationship": "Outer", "Index Name": "movie_id_cast_info", "Startup Cost": 0.0, "Total Cost": 4.27, "Plan Rows": 6, "Plan Width": 0, "Actual Min Startup Time": 0.062, "Actual Max Startup Time": 0.062, "Actual Min Total Time": 0.062, "Actual Max Total Time": 0.062, "Index Cond": "(movie_id = mc.movie_id)", "Actual Rows": 172}], "Actual Rows": 104}], "Actual Rows": 104}, {"Node Type": "Bitmap Heap Scan", "Parent Relationship": "Inner", "Relation Name": "aka_name", "Alias": "an", "Startup Cost": 0.38, "Total Cost": 4.39, "Plan Rows": 1, "Plan Width": 20, "Actual Min Startup Time": 0.703, "Actual Max Startup Time": 0.703, "Actual Min Total Time": 0.786, "Actual Max Total Time": 0.786, "Recheck Cond": "(person_id = ci.person_id)", "Rows Removed by Index Recheck": 0, "Exact Heap Blocks": 105, "Lossy Heap Blocks": 105, "Plans": [{"Node Type": "Bitmap Index Scan", "Parent Relationship": "Outer", "Index Name": "person_id_aka_name", "Startup Cost": 0.0, "Total Cost": 0.38, "Plan Rows": 1, "Plan Width": 0, "Actual Min Startup Time": 0.487, "Actual Max Startup Time": 0.487, "Actual Min Total Time": 0.487, "Actual Max Total Time": 0.487, "Index Cond": "(person_id = ci.person_id)", "Actual Rows": 171}], "Actual Rows": 171}], "Actual Rows": 171}, {"Node Type": "Bitmap Heap Scan", "Parent Relationship": "Inner", "Relation Name": "company_name", "Alias": "cn", "Startup Cost": 1.23, "Total Cost": 5.24, "Plan Rows": 1, "Plan Width": 4, "Actual Min Startup Time": 0.725, "Actual Max Startup Time": 0.725, "Actual Min Total Time": 0.725, "Actual Max Total Time": 0.725, "Recheck Cond": "(id = mc.company_id)", "Rows Removed by Index Recheck": 0, "Filter": "((country_code)::text = '[jp]'::text)", "Rows Removed by Filter": 0, "Exact Heap Blocks": 171, "Lossy Heap Blocks": 171, "Plans": [{"Node Type": "Bitmap Index Scan", "Parent Relationship": "Outer", "Index Name": "company_name_pkey", "Startup Cost": 0.0, "Total Cost": 1.23, "Plan Rows": 1, "Plan Width": 0, "Actual Min Startup Time": 0.427, "Actual Max Startup Time": 0.427, "Actual Min Total Time": 0.427, "Actual Max Total Time": 0.427, "Index Cond": "(id = mc.company_id)", "Actual Rows": 171}], "Actual Rows": 171}], "Actual Rows": 171}, {"Node Type": "Bitmap Heap Scan", "Parent Relationship": "Inner", "Relation Name": "name", "Alias": "n", "Startup Cost": 0.33, "Total Cost": 4.34, "Plan Rows": 1, "Plan Width": 4, "Actual Min Startup Time": 0.924, "Actual Max Startup Time": 0.924, "Actual Min Total Time": 0.924, "Actual Max Total Time": 0.924, "Recheck Cond": "(id = an.person_id)", "Rows Removed by Index Recheck": 0, "Filter": "(((name)::text ~~ '%Yo%'::text) AND ((name)::text !~~ '%Yu%'::text))", "Rows Removed by Filter": 165, "Exact Heap Blocks": 171, "Lossy Heap Blocks": 171, "Plans": [{"Node Type": "Bitmap Index Scan", "Parent Relationship": "Outer", "Index Name": "name_pkey", "Startup Cost": 0.0, "Total Cost": 0.33, "Plan Rows": 1, "Plan Width": 0, "Actual Min Startup Time": 0.538, "Actual Max Startup Time": 0.538, "Actual Min Total Time": 0.538, "Actual Max Total Time": 0.538, "Index Cond": "(id = an.person_id)", "Actual Rows": 171}], "Actual Rows": 6}], "Actual Rows": 6}, {"Node Type": "Hash", "Parent Relationship": "Inner", "Startup Cost": 1.15, "Total Cost": 1.15, "Plan Rows": 1, "Plan Width": 4, "Actual Min Startup Time": 0.05, "Actual Max Startup Time": 0.05, "Actual Min Total Time": 0.05, "Actual Max Total Time": 0.05, "Max Hash Buckets": 32768, "Min Hash Buckets": 32768, "Max Hash Batches": 1, "Min Hash Batches": 1, "Max Original Hash Batches": 1, "Min Original Hash Batches": 1, "Max Peak Memory Usage": 1, "min Peak Memory Usage": 1, "Plans": [{"Node Type": "Seq Scan", "Parent Relationship": "Outer", "Relation Name": "role_type", "Alias": "rt", "Startup Cost": 0.0, "Total Cost": 1.15, "Plan Rows": 1, "Plan Width": 4, "Actual Min Startup Time": 0.037, "Actual Max Startup Time": 0.037, "Actual Min Total Time": 0.041, "Actual Max Total Time": 0.041, "Filter": "((role)::text = 'actress'::text)", "Rows Removed by Filter": 11, "Actual Rows": 1}], "Actual Rows": 1}], "Actual Rows": 6}], "Actual Rows": 1}, "Triggers": [], "Planner Runtime": 42.084, "Total Runtime": 87.11, "Unique SQL Id": 3956435728}}, "(16, '67')": {"explain_plan": {"Plan": {"Node Type": "Aggregate", "Strategy": "Plain", "Startup Cost": 108949.86, "Total Cost": 108949.87, "Plan Rows": 1, "Plan Width": 97, "Plans": [{"Node Type": "Nested Loop", "Parent Relationship": "Outer", "Join Type": "Inner", "Startup Cost": 2793.35, "Total Cost": 108949.85, "Plan Rows": 1, "Plan Width": 33, "Inner Unique": true, "Plans": [{"Node Type": "Nested Loop", "Parent Relationship": "Outer", "Join Type": "Inner", "Startup Cost": 2793.09, "Total Cost": 108945.57, "Plan Rows": 1, "Plan Width": 37, "Inner Unique": true, "Plans": [{"Node Type": "Nested Loop", "Parent Relationship": "Outer", "Join Type": "Inner", "Startup Cost": 2792.76, "Total Cost": 108941.22, "Plan Rows": 1, "Plan Width": 45, "Inner Unique": false, "Plans": [{"Node Type": "Nested Loop", "Parent Relationship": "Outer", "Join Type": "Inner", "Startup Cost": 2792.38, "Total Cost": 108936.81, "Plan Rows": 1, "Plan Width": 25, "Inner Unique": false, "Join Filter": "(t.id = ci.movie_id)", "Plans": [{"Node Type": "Nested Loop", "Parent Relationship": "Outer", "Join Type": "Inner", "Startup Cost": 2788.11, "Total Cost": 108880.24, "Plan Rows": 2, "Plan Width": 25, "Inner Unique": true, "Plans": [{"Node Type": "Nested Loop", "Parent Relationship": "Outer", "Join Type": "Inner", "Startup Cost": 2784.18, "Total Cost": 106793.84, "Plan Rows": 262, "Plan Width": 4, "Inner Unique": false, "Plans": [{"Node Type": "Bitmap Heap Scan", "Parent Relationship": "Outer", "Relation Name": "company_name", "Alias": "cn", "Startup Cost": 2780.8, "Total Cost": 8684.25, "Plan Rows": 6290, "Plan Width": 4, "Filter": "((country_code)::text = '[jp]'::text)", "Plans": [{"Node Type": "Bitmap Index Scan", "Parent Relationship": "Outer", "Index Name": "company_name_pkey", "Startup Cost": 0.0, "Total Cost": 2779.23, "Plan Rows": 234996, "Plan Width": 0}]}, {"Node Type": "Bitmap Heap Scan", "Parent Relationship": "Inner", "Relation Name": "movie_companies", "Alias": "mc", "Startup Cost": 3.37, "Total Cost": 15.59, "Plan Rows": 1, "Plan Width": 8, "Recheck Cond": "(company_id = cn.id)", "Filter": "(((note)::text ~~ '%(Japan)%'::text) AND ((note)::text !~~ '%(USA)%'::text) AND (((note)::text ~~ '%(2006)%'::text) OR ((note)::text ~~ '%(2007)%'::text)))", "Plans": [{"Node Type": "Bitmap Index Scan", "Parent Relationship": "Outer", "Index Name": "company_id_movie_companies", "Startup Cost": 0.0, "Total Cost": 3.37, "Plan Rows": 15, "Plan Width": 0, "Index Cond": "(company_id = cn.id)"}]}]}, {"Node Type": "Bitmap Heap Scan", "Parent Relationship": "Inner", "Relation Name": "title", "Alias": "t", "Startup Cost": 3.93, "Total Cost": 7.95, "Plan Rows": 1, "Plan Width": 21, "Recheck Cond": "(id = mc.movie_id)", "Filter": "((production_year >= 2006) AND (production_year <= 2007) AND (((title)::text ~~ 'One Piece%'::text) OR ((title)::text ~~ 'Dragon Ball Z%'::text)))", "Plans": [{"Node Type": "Bitmap Index Scan", "Parent Relationship": "Outer", "Index Name": "title_pkey", "Startup Cost": 0.0, "Total Cost": 3.93, "Plan Rows": 1, "Plan Width": 0, "Index Cond": "(id = mc.movie_id)"}]}]}, {"Node Type": "Bitmap Heap Scan", "Parent Relationship": "Inner", "Relation Name": "cast_info", "Alias": "ci", "Startup Cost": 4.27, "Total Cost": 28.27, "Plan Rows": 1, "Plan Width": 12, "Recheck Cond": "(movie_id = mc.movie_id)", "Filter": "((note)::text = '(voice: English version)'::text)", "Plans": [{"Node Type": "Bitmap Index Scan", "Parent Relationship": "Outer", "Index Name": "movie_id_cast_info", "Startup Cost": 0.0, "Total Cost": 4.27, "Plan Rows": 6, "Plan Width": 0, "Index Cond": "(movie_id = mc.movie_id)"}]}]}, {"Node Type": "Bitmap Heap Scan", "Parent Relationship": "Inner", "Relation Name": "aka_name", "Alias": "an", "Startup Cost": 0.38, "Total Cost": 4.39, "Plan Rows": 1, "Plan Width": 20, "Recheck Cond": "(person_id = ci.person_id)", "Plans": [{"Node Type": "Bitmap Index Scan", "Parent Relationship": "Outer", "Index Name": "person_id_aka_name", "Startup Cost": 0.0, "Total Cost": 0.38, "Plan Rows": 1, "Plan Width": 0, "Index Cond": "(person_id = ci.person_id)"}]}]}, {"Node Type": "Bitmap Heap Scan", "Parent Relationship": "Inner", "Relation Name": "name", "Alias": "n", "Startup Cost": 0.33, "Total Cost": 4.34, "Plan Rows": 1, "Plan Width": 4, "Recheck Cond": "(id = an.person_id)", "Filter": "(((name)::text ~~ '%Yo%'::text) AND ((name)::text !~~ '%Yu%'::text))", "Plans": [{"Node Type": "Bitmap Index Scan", "Parent Relationship": "Outer", "Index Name": "name_pkey", "Startup Cost": 0.0, "Total Cost": 0.33, "Plan Rows": 1, "Plan Width": 0, "Index Cond": "(id = an.person_id)"}]}]}, {"Node Type": "Bitmap Heap Scan", "Parent Relationship": "Inner", "Relation Name": "role_type", "Alias": "rt", "Startup Cost": 0.26, "Total Cost": 4.27, "Plan Rows": 1, "Plan Width": 4, "Recheck Cond": "(id = ci.role_id)", "Filter": "((role)::text = 'actress'::text)", "Plans": [{"Node Type": "Bitmap Index Scan", "Parent Relationship": "Outer", "Index Name": "role_type_pkey", "Startup Cost": 0.0, "Total Cost": 0.26, "Plan Rows": 1, "Plan Width": 0, "Index Cond": "(id = ci.role_id)"}]}]}]}, "Unique SQL Id": 3956435728, "Planner Runtime": 31}, "explain_analyze_plan": null}, "(16, '68')": {"explain_plan": {"Plan": {"Node Type": "Aggregate", "Strategy": "Plain", "Startup Cost": 20891.31, "Total Cost": 20891.32, "Plan Rows": 1, "Plan Width": 97, "Plans": [{"Node Type": "Nested Loop", "Parent Relationship": "Outer", "Join Type": "Inner", "Startup Cost": 1069.17, "Total Cost": 20891.3, "Plan Rows": 1, "Plan Width": 33, "Inner Unique": true, "Plans": [{"Node Type": "Nested Loop", "Parent Relationship": "Outer", "Join Type": "Inner", "Startup Cost": 1069.17, "Total Cost": 20891.02, "Plan Rows": 1, "Plan Width": 37, "Inner Unique": true, "Plans": [{"Node Type": "Nested Loop", "Parent Relationship": "Outer", "Join Type": "Inner", "Startup Cost": 1069.17, "Total Cost": 20890.44, "Plan Rows": 1, "Plan Width": 45, "Inner Unique": true, "Plans": [{"Node Type": "Nested Loop", "Parent Relationship": "Outer", "Join Type": "Inner", "Startup Cost": 1069.17, "Total Cost": 20886.05, "Plan Rows": 1, "Plan Width": 49, "Inner Unique": false, "Plans": [{"Node Type": "Nested Loop", "Parent Relationship": "Outer", "Join Type": "Inner", "Startup Cost": 1069.17, "Total Cost": 20885.2, "Plan Rows": 1, "Plan Width": 29, "Inner Unique": false, "Join Filter": "(t.id = ci.movie_id)", "Plans": [{"Node Type": "Nested Loop", "Parent Relationship": "Outer", "Join Type": "Inner", "Startup Cost": 1069.17, "Total Cost": 20829.42, "Plan Rows": 2, "Plan Width": 29, "Inner Unique": false, "Plans": [{"Node Type": "Streaming(type: LOCAL GATHER dop: 1/16)", "Parent Relationship": "Outer", "Startup Cost": 1069.17, "Total Cost": 20335.44, "Plan Rows": 43, "Plan Width": 21, "Plans": [{"Node Type": "Seq Scan", "Parent Relationship": "Outer", "Relation Name": "title", "Alias": "t", "Startup Cost": 1069.17, "Total Cost": 20334.51, "Plan Rows": 43, "Plan Width": 21, "Filter": "((production_year >= 2006) AND (production_year <= 2007) AND (((title)::text ~~ 'One Piece%'::text) OR ((title)::text ~~ 'Dragon Ball Z%'::text)))"}]}, {"Node Type": "Index Scan", "Parent Relationship": "Inner", "Scan Direction": "Forward", "Index Name": "movie_id_movie_companies", "Relation Name": "movie_companies", "Alias": "mc", "Startup Cost": 0.0, "Total Cost": 11.48, "Plan Rows": 1, "Plan Width": 8, "Index Cond": "(movie_id = t.id)", "Filter": "(((note)::text ~~ '%(Japan)%'::text) AND ((note)::text !~~ '%(USA)%'::text) AND (((note)::text ~~ '%(2006)%'::text) OR ((note)::text ~~ '%(2007)%'::text)))"}]}, {"Node Type": "Index Scan", "Parent Relationship": "Inner", "Scan Direction": "Forward", "Index Name": "movie_id_cast_info", "Relation Name": "cast_info", "Alias": "ci", "Startup Cost": 0.0, "Total Cost": 27.88, "Plan Rows": 1, "Plan Width": 12, "Index Cond": "(movie_id = mc.movie_id)", "Filter": "((note)::text = '(voice: English version)'::text)"}]}, {"Node Type": "Index Scan", "Parent Relationship": "Inner", "Scan Direction": "Forward", "Index Name": "person_id_aka_name", "Relation Name": "aka_name", "Alias": "an", "Startup Cost": 0.0, "Total Cost": 0.84, "Plan Rows": 1, "Plan Width": 20, "Index Cond": "(person_id = ci.person_id)"}]}, {"Node Type": "Index Scan", "Parent Relationship": "Inner", "Scan Direction": "Forward", "Index Name": "company_name_pkey", "Relation Name": "company_name", "Alias": "cn", "Startup Cost": 0.0, "Total Cost": 4.37, "Plan Rows": 1, "Plan Width": 4, "Index Cond": "(id = mc.company_id)", "Filter": "((country_code)::text = '[jp]'::text)"}]}, {"Node Type": "Index Scan", "Parent Relationship": "Inner", "Scan Direction": "Forward", "Index Name": "name_pkey", "Relation Name": "name", "Alias": "n", "Startup Cost": 0.0, "Total Cost": 0.57, "Plan Rows": 1, "Plan Width": 4, "Index Cond": "(id = an.person_id)", "Filter": "(((name)::text ~~ '%Yo%'::text) AND ((name)::text !~~ '%Yu%'::text))"}]}, {"Node Type": "Index Scan", "Parent Relationship": "Inner", "Scan Direction": "Forward", "Index Name": "role_type_pkey", "Relation Name": "role_type", "Alias": "rt", "Startup Cost": 0.0, "Total Cost": 0.27, "Plan Rows": 1, "Plan Width": 4, "Index Cond": "(id = ci.role_id)", "Filter": "((role)::text = 'actress'::text)"}]}]}, "Unique SQL Id": 3956435728, "Planner Runtime": 30}, "explain_analyze_plan": {"Plan": {"Node Type": "Aggregate", "Strategy": "Plain", "Startup Cost": 20891.31, "Total Cost": 20891.32, "Plan Rows": 1, "Plan Width": 97, "Actual Min Startup Time": 82.24, "Actual Max Startup Time": 82.24, "Actual Min Total Time": 82.24, "Actual Max Total Time": 82.24, "Plans": [{"Node Type": "Nested Loop", "Parent Relationship": "Outer", "Join Type": "Inner", "Startup Cost": 1069.17, "Total Cost": 20891.3, "Plan Rows": 1, "Plan Width": 33, "Actual Min Startup Time": 79.771, "Actual Max Startup Time": 79.771, "Actual Min Total Time": 82.203, "Actual Max Total Time": 82.203, "Inner Unique": true, "Plans": [{"Node Type": "Nested Loop", "Parent Relationship": "Outer", "Join Type": "Inner", "Startup Cost": 1069.17, "Total Cost": 20891.02, "Plan Rows": 1, "Plan Width": 37, "Actual Min Startup Time": 79.76, "Actual Max Startup Time": 79.76, "Actual Min Total Time": 82.178, "Actual Max Total Time": 82.178, "Inner Unique": true, "Plans": [{"Node Type": "Nested Loop", "Parent Relationship": "Outer", "Join Type": "Inner", "Startup Cost": 1069.17, "Total Cost": 20890.44, "Plan Rows": 1, "Plan Width": 45, "Actual Min Startup Time": 78.621, "Actual Max Startup Time": 78.621, "Actual Min Total Time": 81.338, "Actual Max Total Time": 81.338, "Inner Unique": true, "Plans": [{"Node Type": "Nested Loop", "Parent Relationship": "Outer", "Join Type": "Inner", "Startup Cost": 1069.17, "Total Cost": 20886.05, "Plan Rows": 1, "Plan Width": 49, "Actual Min Startup Time": 78.603, "Actual Max Startup Time": 78.603, "Actual Min Total Time": 80.695, "Actual Max Total Time": 80.695, "Inner Unique": false, "Plans": [{"Node Type": "Nested Loop", "Parent Relationship": "Outer", "Join Type": "Inner", "Startup Cost": 1069.17, "Total Cost": 20885.2, "Plan Rows": 1, "Plan Width": 29, "Actual Min Startup Time": 78.587, "Actual Max Startup Time": 78.587, "Actual Min Total Time": 79.943, "Actual Max Total Time": 79.943, "Inner Unique": false, "Join Filter": "(t.id = ci.movie_id)", "Rows Removed by Join Filter": 0, "Plans": [{"Node Type": "Nested Loop", "Parent Relationship": "Outer", "Join Type": "Inner", "Startup Cost": 1069.17, "Total Cost": 20829.42, "Plan Rows": 2, "Plan Width": 29, "Actual Min Startup Time": 78.48, "Actual Max Startup Time": 78.48, "Actual Min Total Time": 79.571, "Actual Max Total Time": 79.571, "Inner Unique": false, "Plans": [{"Node Type": "Streaming(type: LOCAL GATHER dop: 1/16)", "Parent Relationship": "Outer", "Startup Cost": 1069.17, "Total Cost": 20335.44, "Plan Rows": 43, "Plan Width": 21, "Actual Min Startup Time": 78.374, "Actual Max Startup Time": 78.374, "Actual Min Total Time": 79.397, "Actual Max Total Time": 79.397, "Plans": [{"Node Type": "Seq Scan", "Parent Relationship": "Outer", "Relation Name": "title", "Alias": "t", "Startup Cost": 1069.17, "Total Cost": 20334.51, "Plan Rows": 43, "Plan Width": 21, "Actual Min Startup Time": 48.113, "Actual Max Startup Time": 65.731, "Actual Min Total Time": 62.348, "Actual Max Total Time": 65.731, "Filter": "((production_year >= 2006) AND (production_year <= 2007) AND (((title)::text ~~ 'One Piece%'::text) OR ((title)::text ~~ 'Dragon Ball Z%'::text)))", "Rows Removed by Filter": 2528304, "Actual Rows": 7}], "Actual Rows": 7}, {"Node Type": "Index Scan", "Parent Relationship": "Inner", "Scan Direction": "Forward", "Index Name": "movie_id_movie_companies", "Relation Name": "movie_companies", "Alias": "mc", "Startup Cost": 0.0, "Total Cost": 11.48, "Plan Rows": 1, "Plan Width": 8, "Actual Min Startup Time": 0.139, "Actual Max Startup Time": 0.139, "Actual Min Total Time": 0.148, "Actual Max Total Time": 0.148, "Index Cond": "(movie_id = t.id)", "Rows Removed by Index Recheck": 0, "Filter": "(((note)::text ~~ '%(Japan)%'::text) AND ((note)::text !~~ '%(USA)%'::text) AND (((note)::text ~~ '%(2006)%'::text) OR ((note)::text ~~ '%(2007)%'::text)))", "Rows Removed by Filter": 13, "Actual Rows": 4}], "Actual Rows": 4}, {"Node Type": "Index Scan", "Parent Relationship": "Inner", "Scan Direction": "Forward", "Index Name": "movie_id_cast_info", "Relation Name": "cast_info", "Alias": "ci", "Startup Cost": 0.0, "Total Cost": 27.88, "Plan Rows": 1, "Plan Width": 12, "Actual Min Startup Time": 0.106, "Actual Max Startup Time": 0.106, "Actual Min Total Time": 0.331, "Actual Max Total Time": 0.331, "Index Cond": "(movie_id = mc.movie_id)", "Rows Removed by Index Recheck": 0, "Filter": "((note)::text = '(voice: English version)'::text)", "Rows Removed by Filter": 68, "Actual Rows": 104}], "Actual Rows": 104}, {"Node Type": "Index Scan", "Parent Relationship": "Inner", "Scan Direction": "Forward", "Index Name": "person_id_aka_name", "Relation Name": "aka_name", "Alias": "an", "Startup Cost": 0.0, "Total Cost": 0.84, "Plan Rows": 1, "Plan Width": 20, "Actual Min Startup Time": 0.52, "Actual Max Startup Time": 0.52, "Actual Min Total Time": 0.636, "Actual Max Total Time": 0.636, "Index Cond": "(person_id = ci.person_id)", "Rows Removed by Index Recheck": 0, "Actual Rows": 171}], "Actual Rows": 171}, {"Node Type": "Index Scan", "Parent Relationship": "Inner", "Scan Direction": "Forward", "Index Name": "company_name_pkey", "Relation Name": "company_name", "Alias": "cn", "Startup Cost": 0.0, "Total Cost": 4.37, "Plan Rows": 1, "Plan Width": 4, "Actual Min Startup Time": 0.51, "Actual Max Startup Time": 0.51, "Actual Min Total Time": 0.51, "Actual Max Total Time": 0.51, "Index Cond": "(id = mc.company_id)", "Rows Removed by Index Recheck": 0, "Filter": "((country_code)::text = '[jp]'::text)", "Rows Removed by Filter": 0, "Actual Rows": 171}], "Actual Rows": 171}, {"Node Type": "Index Scan", "Parent Relationship": "Inner", "Scan Direction": "Forward", "Index Name": "name_pkey", "Relation Name": "name", "Alias": "n", "Startup Cost": 0.0, "Total Cost": 0.57, "Plan Rows": 1, "Plan Width": 4, "Actual Min Startup Time": 0.745, "Actual Max Startup Time": 0.745, "Actual Min Total Time": 0.745, "Actual Max Total Time": 0.745, "Index Cond": "(id = an.person_id)", "Rows Removed by Index Recheck": 0, "Filter": "(((name)::text ~~ '%Yo%'::text) AND ((name)::text !~~ '%Yu%'::text))", "Rows Removed by Filter": 165, "Actual Rows": 6}], "Actual Rows": 6}, {"Node Type": "Index Scan", "Parent Relationship": "Inner", "Scan Direction": "Forward", "Index Name": "role_type_pkey", "Relation Name": "role_type", "Alias": "rt", "Startup Cost": 0.0, "Total Cost": 0.27, "Plan Rows": 1, "Plan Width": 4, "Actual Min Startup Time": 0.018, "Actual Max Startup Time": 0.018, "Actual Min Total Time": 0.018, "Actual Max Total Time": 0.018, "Index Cond": "(id = ci.role_id)", "Rows Removed by Index Recheck": 0, "Filter": "((role)::text = 'actress'::text)", "Rows Removed by Filter": 0, "Actual Rows": 6}], "Actual Rows": 6}], "Actual Rows": 1}, "Triggers": [], "Planner Runtime": 30.568, "Total Runtime": 84.938, "Unique SQL Id": 3956435728}}, "(16, '69')": {"explain_plan": {"Plan": {"Node Type": "Aggregate", "Strategy": "Plain", "Startup Cost": 82294.12, "Total Cost": 82294.13, "Plan Rows": 1, "Plan Width": 97, "Plans": [{"Node Type": "Nested Loop", "Parent Relationship": "Outer", "Join Type": "Inner", "Startup Cost": 2780.8, "Total Cost": 82294.12, "Plan Rows": 1, "Plan Width": 33, "Inner Unique": true, "Plans": [{"Node Type": "Nested Loop", "Parent Relationship": "Outer", "Join Type": "Inner", "Startup Cost": 2780.8, "Total Cost": 82293.84, "Plan Rows": 1, "Plan Width": 37, "Inner Unique": true, "Plans": [{"Node Type": "Nested Loop", "Parent Relationship": "Outer", "Join Type": "Inner", "Startup Cost": 2780.8, "Total Cost": 82293.26, "Plan Rows": 1, "Plan Width": 45, "Inner Unique": false, "Plans": [{"Node Type": "Nested Loop", "Parent Relationship": "Outer", "Join Type": "Inner", "Startup Cost": 2780.8, "Total Cost": 82292.4, "Plan Rows": 1, "Plan Width": 25, "Inner Unique": false, "Join Filter": "(t.id = ci.movie_id)", "Plans": [{"Node Type": "Nested Loop", "Parent Relationship": "Outer", "Join Type": "Inner", "Startup Cost": 2780.8, "Total Cost": 82236.62, "Plan Rows": 2, "Plan Width": 25, "Inner Unique": true, "Plans": [{"Node Type": "Nested Loop", "Parent Relationship": "Outer", "Join Type": "Inner", "Startup Cost": 2780.8, "Total Cost": 80174.39, "Plan Rows": 262, "Plan Width": 4, "Inner Unique": false, "Plans": [{"Node Type": "Bitmap Heap Scan", "Parent Relationship": "Outer", "Relation Name": "company_name", "Alias": "cn", "Startup Cost": 2780.8, "Total Cost": 8684.25, "Plan Rows": 6290, "Plan Width": 4, "Filter": "((country_code)::text = '[jp]'::text)", "Plans": [{"Node Type": "Bitmap Index Scan", "Parent Relationship": "Outer", "Index Name": "company_name_pkey", "Startup Cost": 0.0, "Total Cost": 2779.23, "Plan Rows": 234996, "Plan Width": 0}]}, {"Node Type": "Index Scan", "Parent Relationship": "Inner", "Scan Direction": "Forward", "Index Name": "company_id_movie_companies", "Relation Name": "movie_companies", "Alias": "mc", "Startup Cost": 0.0, "Total Cost": 11.36, "Plan Rows": 1, "Plan Width": 8, "Index Cond": "(company_id = cn.id)", "Filter": "(((note)::text ~~ '%(Japan)%'::text) AND ((note)::text !~~ '%(USA)%'::text) AND (((note)::text ~~ '%(2006)%'::text) OR ((note)::text ~~ '%(2007)%'::text)))"}]}, {"Node Type": "Index Scan", "Parent Relationship": "Inner", "Scan Direction": "Forward", "Index Name": "title_pkey", "Relation Name": "title", "Alias": "t", "Startup Cost": 0.0, "Total Cost": 7.86, "Plan Rows": 1, "Plan Width": 21, "Index Cond": "(id = mc.movie_id)", "Filter": "((production_year >= 2006) AND (production_year <= 2007) AND (((title)::text ~~ 'One Piece%'::text) OR ((title)::text ~~ 'Dragon Ball Z%'::text)))"}]}, {"Node Type": "Index Scan", "Parent Relationship": "Inner", "Scan Direction": "Forward", "Index Name": "movie_id_cast_info", "Relation Name": "cast_info", "Alias": "ci", "Startup Cost": 0.0, "Total Cost": 27.88, "Plan Rows": 1, "Plan Width": 12, "Index Cond": "(movie_id = mc.movie_id)", "Filter": "((note)::text = '(voice: English version)'::text)"}]}, {"Node Type": "Index Scan", "Parent Relationship": "Inner", "Scan Direction": "Forward", "Index Name": "person_id_aka_name", "Relation Name": "aka_name", "Alias": "an", "Startup Cost": 0.0, "Total Cost": 0.84, "Plan Rows": 1, "Plan Width": 20, "Index Cond": "(person_id = ci.person_id)"}]}, {"Node Type": "Index Scan", "Parent Relationship": "Inner", "Scan Direction": "Forward", "Index Name": "name_pkey", "Relation Name": "name", "Alias": "n", "Startup Cost": 0.0, "Total Cost": 0.57, "Plan Rows": 1, "Plan Width": 4, "Index Cond": "(id = an.person_id)", "Filter": "(((name)::text ~~ '%Yo%'::text) AND ((name)::text !~~ '%Yu%'::text))"}]}, {"Node Type": "Index Scan", "Parent Relationship": "Inner", "Scan Direction": "Forward", "Index Name": "role_type_pkey", "Relation Name": "role_type", "Alias": "rt", "Startup Cost": 0.0, "Total Cost": 0.27, "Plan Rows": 1, "Plan Width": 4, "Index Cond": "(id = ci.role_id)", "Filter": "((role)::text = 'actress'::text)"}]}]}, "Unique SQL Id": 3956435728, "Planner Runtime": 29}, "explain_analyze_plan": null}, "(16, '70')": {"explain_plan": {"Plan": {"Node Type": "Aggregate", "Strategy": "Plain", "Startup Cost": 20934.07, "Total Cost": 20934.08, "Plan Rows": 1, "Plan Width": 97, "Plans": [{"Node Type": "Hash Join", "Parent Relationship": "Outer", "Join Type": "Inner", "Startup Cost": 1080.81, "Total Cost": 20934.06, "Plan Rows": 1, "Plan Width": 33, "Inner Unique": true, "Hash Cond": "(ci.role_id = rt.id)", "Plans": [{"Node Type": "Nested Loop", "Parent Relationship": "Outer", "Join Type": "Inner", "Startup Cost": 1079.65, "Total Cost": 20932.89, "Plan Rows": 1, "Plan Width": 37, "Inner Unique": true, "Plans": [{"Node Type": "Nested Loop", "Parent Relationship": "Outer", "Join Type": "Inner", "Startup Cost": 1079.32, "Total Cost": 20928.53, "Plan Rows": 1, "Plan Width": 45, "Inner Unique": true, "Plans": [{"Node Type": "Nested Loop", "Parent Relationship": "Outer", "Join Type": "Inner", "Startup Cost": 1078.09, "Total Cost": 20923.28, "Plan Rows": 1, "Plan Width": 49, "Inner Unique": false, "Plans": [{"Node Type": "Nested Loop", "Parent Relationship": "Outer", "Join Type": "Inner", "Startup Cost": 1077.71, "Total Cost": 20918.87, "Plan Rows": 1, "Plan Width": 29, "Inner Unique": false, "Join Filter": "(t.id = ci.movie_id)", "Plans": [{"Node Type": "Nested Loop", "Parent Relationship": "Outer", "Join Type": "Inner", "Startup Cost": 1073.44, "Total Cost": 20862.3, "Plan Rows": 2, "Plan Width": 29, "Inner Unique": false, "Plans": [{"Node Type": "Streaming(type: LOCAL GATHER dop: 1/16)", "Parent Relationship": "Outer", "Startup Cost": 1069.17, "Total Cost": 20335.44, "Plan Rows": 43, "Plan Width": 21, "Plans": [{"Node Type": "Seq Scan", "Parent Relationship": "Outer", "Relation Name": "title", "Alias": "t", "Startup Cost": 1069.17, "Total Cost": 20334.51, "Plan Rows": 43, "Plan Width": 21, "Filter": "((production_year >= 2006) AND (production_year <= 2007) AND (((title)::text ~~ 'One Piece%'::text) OR ((title)::text ~~ 'Dragon Ball Z%'::text)))"}]}, {"Node Type": "Bitmap Heap Scan", "Parent Relationship": "Inner", "Relation Name": "movie_companies", "Alias": "mc", "Startup Cost": 4.27, "Total Cost": 12.24, "Plan Rows": 1, "Plan Width": 8, "Recheck Cond": "(movie_id = t.id)", "Filter": "(((note)::text ~~ '%(Japan)%'::text) AND ((note)::text !~~ '%(USA)%'::text) AND (((note)::text ~~ '%(2006)%'::text) OR ((note)::text ~~ '%(2007)%'::text)))", "Plans": [{"Node Type": "Bitmap Index Scan", "Parent Relationship": "Outer", "Index Name": "movie_id_movie_companies", "Startup Cost": 0.0, "Total Cost": 4.26, "Plan Rows": 2, "Plan Width": 0, "Index Cond": "(movie_id = t.id)"}]}]}, {"Node Type": "Bitmap Heap Scan", "Parent Relationship": "Inner", "Relation Name": "cast_info", "Alias": "ci", "Startup Cost": 4.27, "Total Cost": 28.27, "Plan Rows": 1, "Plan Width": 12, "Recheck Cond": "(movie_id = mc.movie_id)", "Filter": "((note)::text = '(voice: English version)'::text)", "Plans": [{"Node Type": "Bitmap Index Scan", "Parent Relationship": "Outer", "Index Name": "movie_id_cast_info", "Startup Cost": 0.0, "Total Cost": 4.27, "Plan Rows": 6, "Plan Width": 0, "Index Cond": "(movie_id = mc.movie_id)"}]}]}, {"Node Type": "Bitmap Heap Scan", "Parent Relationship": "Inner", "Relation Name": "aka_name", "Alias": "an", "Startup Cost": 0.38, "Total Cost": 4.39, "Plan Rows": 1, "Plan Width": 20, "Recheck Cond": "(person_id = ci.person_id)", "Plans": [{"Node Type": "Bitmap Index Scan", "Parent Relationship": "Outer", "Index Name": "person_id_aka_name", "Startup Cost": 0.0, "Total Cost": 0.38, "Plan Rows": 1, "Plan Width": 0, "Index Cond": "(person_id = ci.person_id)"}]}]}, {"Node Type": "Bitmap Heap Scan", "Parent Relationship": "Inner", "Relation Name": "company_name", "Alias": "cn", "Startup Cost": 1.23, "Total Cost": 5.24, "Plan Rows": 1, "Plan Width": 4, "Recheck Cond": "(id = mc.company_id)", "Filter": "((country_code)::text = '[jp]'::text)", "Plans": [{"Node Type": "Bitmap Index Scan", "Parent Relationship": "Outer", "Index Name": "company_name_pkey", "Startup Cost": 0.0, "Total Cost": 1.23, "Plan Rows": 1, "Plan Width": 0, "Index Cond": "(id = mc.company_id)"}]}]}, {"Node Type": "Bitmap Heap Scan", "Parent Relationship": "Inner", "Relation Name": "name", "Alias": "n", "Startup Cost": 0.33, "Total Cost": 4.34, "Plan Rows": 1, "Plan Width": 4, "Recheck Cond": "(id = an.person_id)", "Filter": "(((name)::text ~~ '%Yo%'::text) AND ((name)::text !~~ '%Yu%'::text))", "Plans": [{"Node Type": "Bitmap Index Scan", "Parent Relationship": "Outer", "Index Name": "name_pkey", "Startup Cost": 0.0, "Total Cost": 0.33, "Plan Rows": 1, "Plan Width": 0, "Index Cond": "(id = an.person_id)"}]}]}, {"Node Type": "Hash", "Parent Relationship": "Inner", "Startup Cost": 1.15, "Total Cost": 1.15, "Plan Rows": 1, "Plan Width": 4, "Plans": [{"Node Type": "Seq Scan", "Parent Relationship": "Outer", "Relation Name": "role_type", "Alias": "rt", "Startup Cost": 0.0, "Total Cost": 1.15, "Plan Rows": 1, "Plan Width": 4, "Filter": "((role)::text = 'actress'::text)"}]}]}]}, "Unique SQL Id": 3956435728, "Planner Runtime": 41}, "explain_analyze_plan": {"Plan": {"Node Type": "Aggregate", "Strategy": "Plain", "Startup Cost": 20934.07, "Total Cost": 20934.08, "Plan Rows": 1, "Plan Width": 97, "Actual Min Startup Time": 84.086, "Actual Max Startup Time": 84.086, "Actual Min Total Time": 84.086, "Actual Max Total Time": 84.086, "Plans": [{"Node Type": "Hash Join", "Parent Relationship": "Outer", "Join Type": "Inner", "Startup Cost": 1080.81, "Total Cost": 20934.06, "Plan Rows": 1, "Plan Width": 33, "Actual Min Startup Time": 81.311, "Actual Max Startup Time": 81.311, "Actual Min Total Time": 84.05, "Actual Max Total Time": 84.05, "Inner Unique": true, "Hash Cond": "(ci.role_id = rt.id)", "Plans": [{"Node Type": "Nested Loop", "Parent Relationship": "Outer", "Join Type": "Inner", "Startup Cost": 1079.65, "Total Cost": 20932.89, "Plan Rows": 1, "Plan Width": 37, "Actual Min Startup Time": 81.207, "Actual Max Startup Time": 81.207, "Actual Min Total Time": 83.938, "Actual Max Total Time": 83.938, "Inner Unique": true, "Plans": [{"Node Type": "Nested Loop", "Parent Relationship": "Outer", "Join Type": "Inner", "Startup Cost": 1079.32, "Total Cost": 20928.53, "Plan Rows": 1, "Plan Width": 45, "Actual Min Startup Time": 79.719, "Actual Max Startup Time": 79.719, "Actual Min Total Time": 82.818, "Actual Max Total Time": 82.818, "Inner Unique": true, "Plans": [{"Node Type": "Nested Loop", "Parent Relationship": "Outer", "Join Type": "Inner", "Startup Cost": 1078.09, "Total Cost": 20923.28, "Plan Rows": 1, "Plan Width": 49, "Actual Min Startup Time": 79.689, "Actual Max Startup Time": 79.689, "Actual Min Total Time": 81.868, "Actual Max Total Time": 81.868, "Inner Unique": false, "Plans": [{"Node Type": "Nested Loop", "Parent Relationship": "Outer", "Join Type": "Inner", "Startup Cost": 1077.71, "Total Cost": 20918.87, "Plan Rows": 1, "Plan Width": 29, "Actual Min Startup Time": 79.663, "Actual Max Startup Time": 79.663, "Actual Min Total Time": 80.914, "Actual Max Total Time": 80.914, "Inner Unique": false, "Join Filter": "(t.id = ci.movie_id)", "Rows Removed by Join Filter": 0, "Plans": [{"Node Type": "Nested Loop", "Parent Relationship": "Outer", "Join Type": "Inner", "Startup Cost": 1073.44, "Total Cost": 20862.3, "Plan Rows": 2, "Plan Width": 29, "Actual Min Startup Time": 79.491, "Actual Max Startup Time": 79.491, "Actual Min Total Time": 80.415, "Actual Max Total Time": 80.415, "Inner Unique": false, "Plans": [{"Node Type": "Streaming(type: LOCAL GATHER dop: 1/16)", "Parent Relationship": "Outer", "Startup Cost": 1069.17, "Total Cost": 20335.44, "Plan Rows": 43, "Plan Width": 21, "Actual Min Startup Time": 79.379, "Actual Max Startup Time": 79.379, "Actual Min Total Time": 80.201, "Actual Max Total Time": 80.201, "Plans": [{"Node Type": "Seq Scan", "Parent Relationship": "Outer", "Relation Name": "title", "Alias": "t", "Startup Cost": 1069.17, "Total Cost": 20334.51, "Plan Rows": 43, "Plan Width": 21, "Actual Min Startup Time": 48.174, "Actual Max Startup Time": 65.987, "Actual Min Total Time": 62.248, "Actual Max Total Time": 65.987, "Filter": "((production_year >= 2006) AND (production_year <= 2007) AND (((title)::text ~~ 'One Piece%'::text) OR ((title)::text ~~ 'Dragon Ball Z%'::text)))", "Rows Removed by Filter": 2528304, "Actual Rows": 7}], "Actual Rows": 7}, {"Node Type": "Bitmap Heap Scan", "Parent Relationship": "Inner", "Relation Name": "movie_companies", "Alias": "mc", "Startup Cost": 4.27, "Total Cost": 12.24, "Plan Rows": 1, "Plan Width": 8, "Actual Min Startup Time": 0.169, "Actual Max Startup Time": 0.169, "Actual Min Total Time": 0.179, "Actual Max Total Time": 0.179, "Recheck Cond": "(movie_id = t.id)", "Rows Removed by Index Recheck": 0, "Filter": "(((note)::text ~~ '%(Japan)%'::text) AND ((note)::text !~~ '%(USA)%'::text) AND (((note)::text ~~ '%(2006)%'::text) OR ((note)::text ~~ '%(2007)%'::text)))", "Rows Removed by Filter": 13, "Exact Heap Blocks": 13, "Lossy Heap Blocks": 13, "Plans": [{"Node Type": "Bitmap Index Scan", "Parent Relationship": "Outer", "Index Name": "movie_id_movie_companies", "Startup Cost": 0.0, "Total Cost": 4.26, "Plan Rows": 2, "Plan Width": 0, "Actual Min Startup Time": 0.076, "Actual Max Startup Time": 0.076, "Actual Min Total Time": 0.076, "Actual Max Total Time": 0.076, "Index Cond": "(movie_id = t.id)", "Actual Rows": 17}], "Actual Rows": 4}], "Actual Rows": 4}, {"Node Type": "Bitmap Heap Scan", "Parent Relationship": "Inner", "Relation Name": "cast_info", "Alias": "ci", "Startup Cost": 4.27, "Total Cost": 28.27, "Plan Rows": 1, "Plan Width": 12, "Actual Min Startup Time": 0.173, "Actual Max Startup Time": 0.173, "Actual Min Total Time": 0.423, "Actual Max Total Time": 0.423, "Recheck Cond": "(movie_id = mc.movie_id)", "Rows Removed by Index Recheck": 0, "Filter": "((note)::text = '(voice: English version)'::text)", "Rows Removed by Filter": 68, "Exact Heap Blocks": 133, "Lossy Heap Blocks": 133, "Plans": [{"Node Type": "Bitmap Index Scan", "Parent Relationship": "Outer", "Index Name": "movie_id_cast_info", "Startup Cost": 0.0, "Total Cost": 4.27, "Plan Rows": 6, "Plan Width": 0, "Actual Min Startup Time": 0.062, "Actual Max Startup Time": 0.062, "Actual Min Total Time": 0.062, "Actual Max Total Time": 0.062, "Index Cond": "(movie_id = mc.movie_id)", "Actual Rows": 172}], "Actual Rows": 104}], "Actual Rows": 104}, {"Node Type": "Bitmap Heap Scan", "Parent Relationship": "Inner", "Relation Name": "aka_name", "Alias": "an", "Startup Cost": 0.38, "Total Cost": 4.39, "Plan Rows": 1, "Plan Width": 20, "Actual Min Startup Time": 0.703, "Actual Max Startup Time": 0.703, "Actual Min Total Time": 0.786, "Actual Max Total Time": 0.786, "Recheck Cond": "(person_id = ci.person_id)", "Rows Removed by Index Recheck": 0, "Exact Heap Blocks": 105, "Lossy Heap Blocks": 105, "Plans": [{"Node Type": "Bitmap Index Scan", "Parent Relationship": "Outer", "Index Name": "person_id_aka_name", "Startup Cost": 0.0, "Total Cost": 0.38, "Plan Rows": 1, "Plan Width": 0, "Actual Min Startup Time": 0.487, "Actual Max Startup Time": 0.487, "Actual Min Total Time": 0.487, "Actual Max Total Time": 0.487, "Index Cond": "(person_id = ci.person_id)", "Actual Rows": 171}], "Actual Rows": 171}], "Actual Rows": 171}, {"Node Type": "Bitmap Heap Scan", "Parent Relationship": "Inner", "Relation Name": "company_name", "Alias": "cn", "Startup Cost": 1.23, "Total Cost": 5.24, "Plan Rows": 1, "Plan Width": 4, "Actual Min Startup Time": 0.725, "Actual Max Startup Time": 0.725, "Actual Min Total Time": 0.725, "Actual Max Total Time": 0.725, "Recheck Cond": "(id = mc.company_id)", "Rows Removed by Index Recheck": 0, "Filter": "((country_code)::text = '[jp]'::text)", "Rows Removed by Filter": 0, "Exact Heap Blocks": 171, "Lossy Heap Blocks": 171, "Plans": [{"Node Type": "Bitmap Index Scan", "Parent Relationship": "Outer", "Index Name": "company_name_pkey", "Startup Cost": 0.0, "Total Cost": 1.23, "Plan Rows": 1, "Plan Width": 0, "Actual Min Startup Time": 0.427, "Actual Max Startup Time": 0.427, "Actual Min Total Time": 0.427, "Actual Max Total Time": 0.427, "Index Cond": "(id = mc.company_id)", "Actual Rows": 171}], "Actual Rows": 171}], "Actual Rows": 171}, {"Node Type": "Bitmap Heap Scan", "Parent Relationship": "Inner", "Relation Name": "name", "Alias": "n", "Startup Cost": 0.33, "Total Cost": 4.34, "Plan Rows": 1, "Plan Width": 4, "Actual Min Startup Time": 0.924, "Actual Max Startup Time": 0.924, "Actual Min Total Time": 0.924, "Actual Max Total Time": 0.924, "Recheck Cond": "(id = an.person_id)", "Rows Removed by Index Recheck": 0, "Filter": "(((name)::text ~~ '%Yo%'::text) AND ((name)::text !~~ '%Yu%'::text))", "Rows Removed by Filter": 165, "Exact Heap Blocks": 171, "Lossy Heap Blocks": 171, "Plans": [{"Node Type": "Bitmap Index Scan", "Parent Relationship": "Outer", "Index Name": "name_pkey", "Startup Cost": 0.0, "Total Cost": 0.33, "Plan Rows": 1, "Plan Width": 0, "Actual Min Startup Time": 0.538, "Actual Max Startup Time": 0.538, "Actual Min Total Time": 0.538, "Actual Max Total Time": 0.538, "Index Cond": "(id = an.person_id)", "Actual Rows": 171}], "Actual Rows": 6}], "Actual Rows": 6}, {"Node Type": "Hash", "Parent Relationship": "Inner", "Startup Cost": 1.15, "Total Cost": 1.15, "Plan Rows": 1, "Plan Width": 4, "Actual Min Startup Time": 0.05, "Actual Max Startup Time": 0.05, "Actual Min Total Time": 0.05, "Actual Max Total Time": 0.05, "Max Hash Buckets": 32768, "Min Hash Buckets": 32768, "Max Hash Batches": 1, "Min Hash Batches": 1, "Max Original Hash Batches": 1, "Min Original Hash Batches": 1, "Max Peak Memory Usage": 1, "min Peak Memory Usage": 1, "Plans": [{"Node Type": "Seq Scan", "Parent Relationship": "Outer", "Relation Name": "role_type", "Alias": "rt", "Startup Cost": 0.0, "Total Cost": 1.15, "Plan Rows": 1, "Plan Width": 4, "Actual Min Startup Time": 0.037, "Actual Max Startup Time": 0.037, "Actual Min Total Time": 0.041, "Actual Max Total Time": 0.041, "Filter": "((role)::text = 'actress'::text)", "Rows Removed by Filter": 11, "Actual Rows": 1}], "Actual Rows": 1}], "Actual Rows": 6}], "Actual Rows": 1}, "Triggers": [], "Planner Runtime": 42.084, "Total Runtime": 87.11, "Unique SQL Id": 3956435728}}, "(16, '71')": {"explain_plan": {"Plan": {"Node Type": "Aggregate", "Strategy": "Plain", "Startup Cost": 108949.86, "Total Cost": 108949.87, "Plan Rows": 1, "Plan Width": 97, "Plans": [{"Node Type": "Nested Loop", "Parent Relationship": "Outer", "Join Type": "Inner", "Startup Cost": 2793.35, "Total Cost": 108949.85, "Plan Rows": 1, "Plan Width": 33, "Inner Unique": true, "Plans": [{"Node Type": "Nested Loop", "Parent Relationship": "Outer", "Join Type": "Inner", "Startup Cost": 2793.09, "Total Cost": 108945.57, "Plan Rows": 1, "Plan Width": 37, "Inner Unique": true, "Plans": [{"Node Type": "Nested Loop", "Parent Relationship": "Outer", "Join Type": "Inner", "Startup Cost": 2792.76, "Total Cost": 108941.22, "Plan Rows": 1, "Plan Width": 45, "Inner Unique": false, "Plans": [{"Node Type": "Nested Loop", "Parent Relationship": "Outer", "Join Type": "Inner", "Startup Cost": 2792.38, "Total Cost": 108936.81, "Plan Rows": 1, "Plan Width": 25, "Inner Unique": false, "Join Filter": "(t.id = ci.movie_id)", "Plans": [{"Node Type": "Nested Loop", "Parent Relationship": "Outer", "Join Type": "Inner", "Startup Cost": 2788.11, "Total Cost": 108880.24, "Plan Rows": 2, "Plan Width": 25, "Inner Unique": true, "Plans": [{"Node Type": "Nested Loop", "Parent Relationship": "Outer", "Join Type": "Inner", "Startup Cost": 2784.18, "Total Cost": 106793.84, "Plan Rows": 262, "Plan Width": 4, "Inner Unique": false, "Plans": [{"Node Type": "Bitmap Heap Scan", "Parent Relationship": "Outer", "Relation Name": "company_name", "Alias": "cn", "Startup Cost": 2780.8, "Total Cost": 8684.25, "Plan Rows": 6290, "Plan Width": 4, "Filter": "((country_code)::text = '[jp]'::text)", "Plans": [{"Node Type": "Bitmap Index Scan", "Parent Relationship": "Outer", "Index Name": "company_name_pkey", "Startup Cost": 0.0, "Total Cost": 2779.23, "Plan Rows": 234996, "Plan Width": 0}]}, {"Node Type": "Bitmap Heap Scan", "Parent Relationship": "Inner", "Relation Name": "movie_companies", "Alias": "mc", "Startup Cost": 3.37, "Total Cost": 15.59, "Plan Rows": 1, "Plan Width": 8, "Recheck Cond": "(company_id = cn.id)", "Filter": "(((note)::text ~~ '%(Japan)%'::text) AND ((note)::text !~~ '%(USA)%'::text) AND (((note)::text ~~ '%(2006)%'::text) OR ((note)::text ~~ '%(2007)%'::text)))", "Plans": [{"Node Type": "Bitmap Index Scan", "Parent Relationship": "Outer", "Index Name": "company_id_movie_companies", "Startup Cost": 0.0, "Total Cost": 3.37, "Plan Rows": 15, "Plan Width": 0, "Index Cond": "(company_id = cn.id)"}]}]}, {"Node Type": "Bitmap Heap Scan", "Parent Relationship": "Inner", "Relation Name": "title", "Alias": "t", "Startup Cost": 3.93, "Total Cost": 7.95, "Plan Rows": 1, "Plan Width": 21, "Recheck Cond": "(id = mc.movie_id)", "Filter": "((production_year >= 2006) AND (production_year <= 2007) AND (((title)::text ~~ 'One Piece%'::text) OR ((title)::text ~~ 'Dragon Ball Z%'::text)))", "Plans": [{"Node Type": "Bitmap Index Scan", "Parent Relationship": "Outer", "Index Name": "title_pkey", "Startup Cost": 0.0, "Total Cost": 3.93, "Plan Rows": 1, "Plan Width": 0, "Index Cond": "(id = mc.movie_id)"}]}]}, {"Node Type": "Bitmap Heap Scan", "Parent Relationship": "Inner", "Relation Name": "cast_info", "Alias": "ci", "Startup Cost": 4.27, "Total Cost": 28.27, "Plan Rows": 1, "Plan Width": 12, "Recheck Cond": "(movie_id = mc.movie_id)", "Filter": "((note)::text = '(voice: English version)'::text)", "Plans": [{"Node Type": "Bitmap Index Scan", "Parent Relationship": "Outer", "Index Name": "movie_id_cast_info", "Startup Cost": 0.0, "Total Cost": 4.27, "Plan Rows": 6, "Plan Width": 0, "Index Cond": "(movie_id = mc.movie_id)"}]}]}, {"Node Type": "Bitmap Heap Scan", "Parent Relationship": "Inner", "Relation Name": "aka_name", "Alias": "an", "Startup Cost": 0.38, "Total Cost": 4.39, "Plan Rows": 1, "Plan Width": 20, "Recheck Cond": "(person_id = ci.person_id)", "Plans": [{"Node Type": "Bitmap Index Scan", "Parent Relationship": "Outer", "Index Name": "person_id_aka_name", "Startup Cost": 0.0, "Total Cost": 0.38, "Plan Rows": 1, "Plan Width": 0, "Index Cond": "(person_id = ci.person_id)"}]}]}, {"Node Type": "Bitmap Heap Scan", "Parent Relationship": "Inner", "Relation Name": "name", "Alias": "n", "Startup Cost": 0.33, "Total Cost": 4.34, "Plan Rows": 1, "Plan Width": 4, "Recheck Cond": "(id = an.person_id)", "Filter": "(((name)::text ~~ '%Yo%'::text) AND ((name)::text !~~ '%Yu%'::text))", "Plans": [{"Node Type": "Bitmap Index Scan", "Parent Relationship": "Outer", "Index Name": "name_pkey", "Startup Cost": 0.0, "Total Cost": 0.33, "Plan Rows": 1, "Plan Width": 0, "Index Cond": "(id = an.person_id)"}]}]}, {"Node Type": "Bitmap Heap Scan", "Parent Relationship": "Inner", "Relation Name": "role_type", "Alias": "rt", "Startup Cost": 0.26, "Total Cost": 4.27, "Plan Rows": 1, "Plan Width": 4, "Recheck Cond": "(id = ci.role_id)", "Filter": "((role)::text = 'actress'::text)", "Plans": [{"Node Type": "Bitmap Index Scan", "Parent Relationship": "Outer", "Index Name": "role_type_pkey", "Startup Cost": 0.0, "Total Cost": 0.26, "Plan Rows": 1, "Plan Width": 0, "Index Cond": "(id = ci.role_id)"}]}]}]}, "Unique SQL Id": 3956435728, "Planner Runtime": 30}, "explain_analyze_plan": null}, "(16, '72')": {"explain_plan": {"Plan": {"Node Type": "Aggregate", "Strategy": "Plain", "Startup Cost": 20891.31, "Total Cost": 20891.32, "Plan Rows": 1, "Plan Width": 97, "Plans": [{"Node Type": "Nested Loop", "Parent Relationship": "Outer", "Join Type": "Inner", "Startup Cost": 1069.17, "Total Cost": 20891.3, "Plan Rows": 1, "Plan Width": 33, "Inner Unique": true, "Plans": [{"Node Type": "Nested Loop", "Parent Relationship": "Outer", "Join Type": "Inner", "Startup Cost": 1069.17, "Total Cost": 20891.02, "Plan Rows": 1, "Plan Width": 37, "Inner Unique": true, "Plans": [{"Node Type": "Nested Loop", "Parent Relationship": "Outer", "Join Type": "Inner", "Startup Cost": 1069.17, "Total Cost": 20890.44, "Plan Rows": 1, "Plan Width": 45, "Inner Unique": true, "Plans": [{"Node Type": "Nested Loop", "Parent Relationship": "Outer", "Join Type": "Inner", "Startup Cost": 1069.17, "Total Cost": 20886.05, "Plan Rows": 1, "Plan Width": 49, "Inner Unique": false, "Plans": [{"Node Type": "Nested Loop", "Parent Relationship": "Outer", "Join Type": "Inner", "Startup Cost": 1069.17, "Total Cost": 20885.2, "Plan Rows": 1, "Plan Width": 29, "Inner Unique": false, "Join Filter": "(t.id = ci.movie_id)", "Plans": [{"Node Type": "Nested Loop", "Parent Relationship": "Outer", "Join Type": "Inner", "Startup Cost": 1069.17, "Total Cost": 20829.42, "Plan Rows": 2, "Plan Width": 29, "Inner Unique": false, "Plans": [{"Node Type": "Streaming(type: LOCAL GATHER dop: 1/16)", "Parent Relationship": "Outer", "Startup Cost": 1069.17, "Total Cost": 20335.44, "Plan Rows": 43, "Plan Width": 21, "Plans": [{"Node Type": "Seq Scan", "Parent Relationship": "Outer", "Relation Name": "title", "Alias": "t", "Startup Cost": 1069.17, "Total Cost": 20334.51, "Plan Rows": 43, "Plan Width": 21, "Filter": "((production_year >= 2006) AND (production_year <= 2007) AND (((title)::text ~~ 'One Piece%'::text) OR ((title)::text ~~ 'Dragon Ball Z%'::text)))"}]}, {"Node Type": "Index Scan", "Parent Relationship": "Inner", "Scan Direction": "Forward", "Index Name": "movie_id_movie_companies", "Relation Name": "movie_companies", "Alias": "mc", "Startup Cost": 0.0, "Total Cost": 11.48, "Plan Rows": 1, "Plan Width": 8, "Index Cond": "(movie_id = t.id)", "Filter": "(((note)::text ~~ '%(Japan)%'::text) AND ((note)::text !~~ '%(USA)%'::text) AND (((note)::text ~~ '%(2006)%'::text) OR ((note)::text ~~ '%(2007)%'::text)))"}]}, {"Node Type": "Index Scan", "Parent Relationship": "Inner", "Scan Direction": "Forward", "Index Name": "movie_id_cast_info", "Relation Name": "cast_info", "Alias": "ci", "Startup Cost": 0.0, "Total Cost": 27.88, "Plan Rows": 1, "Plan Width": 12, "Index Cond": "(movie_id = mc.movie_id)", "Filter": "((note)::text = '(voice: English version)'::text)"}]}, {"Node Type": "Index Scan", "Parent Relationship": "Inner", "Scan Direction": "Forward", "Index Name": "person_id_aka_name", "Relation Name": "aka_name", "Alias": "an", "Startup Cost": 0.0, "Total Cost": 0.84, "Plan Rows": 1, "Plan Width": 20, "Index Cond": "(person_id = ci.person_id)"}]}, {"Node Type": "Index Scan", "Parent Relationship": "Inner", "Scan Direction": "Forward", "Index Name": "company_name_pkey", "Relation Name": "company_name", "Alias": "cn", "Startup Cost": 0.0, "Total Cost": 4.37, "Plan Rows": 1, "Plan Width": 4, "Index Cond": "(id = mc.company_id)", "Filter": "((country_code)::text = '[jp]'::text)"}]}, {"Node Type": "Index Scan", "Parent Relationship": "Inner", "Scan Direction": "Forward", "Index Name": "name_pkey", "Relation Name": "name", "Alias": "n", "Startup Cost": 0.0, "Total Cost": 0.57, "Plan Rows": 1, "Plan Width": 4, "Index Cond": "(id = an.person_id)", "Filter": "(((name)::text ~~ '%Yo%'::text) AND ((name)::text !~~ '%Yu%'::text))"}]}, {"Node Type": "Index Scan", "Parent Relationship": "Inner", "Scan Direction": "Forward", "Index Name": "role_type_pkey", "Relation Name": "role_type", "Alias": "rt", "Startup Cost": 0.0, "Total Cost": 0.27, "Plan Rows": 1, "Plan Width": 4, "Index Cond": "(id = ci.role_id)", "Filter": "((role)::text = 'actress'::text)"}]}]}, "Unique SQL Id": 3956435728, "Planner Runtime": 30}, "explain_analyze_plan": {"Plan": {"Node Type": "Aggregate", "Strategy": "Plain", "Startup Cost": 20891.31, "Total Cost": 20891.32, "Plan Rows": 1, "Plan Width": 97, "Actual Min Startup Time": 82.24, "Actual Max Startup Time": 82.24, "Actual Min Total Time": 82.24, "Actual Max Total Time": 82.24, "Plans": [{"Node Type": "Nested Loop", "Parent Relationship": "Outer", "Join Type": "Inner", "Startup Cost": 1069.17, "Total Cost": 20891.3, "Plan Rows": 1, "Plan Width": 33, "Actual Min Startup Time": 79.771, "Actual Max Startup Time": 79.771, "Actual Min Total Time": 82.203, "Actual Max Total Time": 82.203, "Inner Unique": true, "Plans": [{"Node Type": "Nested Loop", "Parent Relationship": "Outer", "Join Type": "Inner", "Startup Cost": 1069.17, "Total Cost": 20891.02, "Plan Rows": 1, "Plan Width": 37, "Actual Min Startup Time": 79.76, "Actual Max Startup Time": 79.76, "Actual Min Total Time": 82.178, "Actual Max Total Time": 82.178, "Inner Unique": true, "Plans": [{"Node Type": "Nested Loop", "Parent Relationship": "Outer", "Join Type": "Inner", "Startup Cost": 1069.17, "Total Cost": 20890.44, "Plan Rows": 1, "Plan Width": 45, "Actual Min Startup Time": 78.621, "Actual Max Startup Time": 78.621, "Actual Min Total Time": 81.338, "Actual Max Total Time": 81.338, "Inner Unique": true, "Plans": [{"Node Type": "Nested Loop", "Parent Relationship": "Outer", "Join Type": "Inner", "Startup Cost": 1069.17, "Total Cost": 20886.05, "Plan Rows": 1, "Plan Width": 49, "Actual Min Startup Time": 78.603, "Actual Max Startup Time": 78.603, "Actual Min Total Time": 80.695, "Actual Max Total Time": 80.695, "Inner Unique": false, "Plans": [{"Node Type": "Nested Loop", "Parent Relationship": "Outer", "Join Type": "Inner", "Startup Cost": 1069.17, "Total Cost": 20885.2, "Plan Rows": 1, "Plan Width": 29, "Actual Min Startup Time": 78.587, "Actual Max Startup Time": 78.587, "Actual Min Total Time": 79.943, "Actual Max Total Time": 79.943, "Inner Unique": false, "Join Filter": "(t.id = ci.movie_id)", "Rows Removed by Join Filter": 0, "Plans": [{"Node Type": "Nested Loop", "Parent Relationship": "Outer", "Join Type": "Inner", "Startup Cost": 1069.17, "Total Cost": 20829.42, "Plan Rows": 2, "Plan Width": 29, "Actual Min Startup Time": 78.48, "Actual Max Startup Time": 78.48, "Actual Min Total Time": 79.571, "Actual Max Total Time": 79.571, "Inner Unique": false, "Plans": [{"Node Type": "Streaming(type: LOCAL GATHER dop: 1/16)", "Parent Relationship": "Outer", "Startup Cost": 1069.17, "Total Cost": 20335.44, "Plan Rows": 43, "Plan Width": 21, "Actual Min Startup Time": 78.374, "Actual Max Startup Time": 78.374, "Actual Min Total Time": 79.397, "Actual Max Total Time": 79.397, "Plans": [{"Node Type": "Seq Scan", "Parent Relationship": "Outer", "Relation Name": "title", "Alias": "t", "Startup Cost": 1069.17, "Total Cost": 20334.51, "Plan Rows": 43, "Plan Width": 21, "Actual Min Startup Time": 48.113, "Actual Max Startup Time": 65.731, "Actual Min Total Time": 62.348, "Actual Max Total Time": 65.731, "Filter": "((production_year >= 2006) AND (production_year <= 2007) AND (((title)::text ~~ 'One Piece%'::text) OR ((title)::text ~~ 'Dragon Ball Z%'::text)))", "Rows Removed by Filter": 2528304, "Actual Rows": 7}], "Actual Rows": 7}, {"Node Type": "Index Scan", "Parent Relationship": "Inner", "Scan Direction": "Forward", "Index Name": "movie_id_movie_companies", "Relation Name": "movie_companies", "Alias": "mc", "Startup Cost": 0.0, "Total Cost": 11.48, "Plan Rows": 1, "Plan Width": 8, "Actual Min Startup Time": 0.139, "Actual Max Startup Time": 0.139, "Actual Min Total Time": 0.148, "Actual Max Total Time": 0.148, "Index Cond": "(movie_id = t.id)", "Rows Removed by Index Recheck": 0, "Filter": "(((note)::text ~~ '%(Japan)%'::text) AND ((note)::text !~~ '%(USA)%'::text) AND (((note)::text ~~ '%(2006)%'::text) OR ((note)::text ~~ '%(2007)%'::text)))", "Rows Removed by Filter": 13, "Actual Rows": 4}], "Actual Rows": 4}, {"Node Type": "Index Scan", "Parent Relationship": "Inner", "Scan Direction": "Forward", "Index Name": "movie_id_cast_info", "Relation Name": "cast_info", "Alias": "ci", "Startup Cost": 0.0, "Total Cost": 27.88, "Plan Rows": 1, "Plan Width": 12, "Actual Min Startup Time": 0.106, "Actual Max Startup Time": 0.106, "Actual Min Total Time": 0.331, "Actual Max Total Time": 0.331, "Index Cond": "(movie_id = mc.movie_id)", "Rows Removed by Index Recheck": 0, "Filter": "((note)::text = '(voice: English version)'::text)", "Rows Removed by Filter": 68, "Actual Rows": 104}], "Actual Rows": 104}, {"Node Type": "Index Scan", "Parent Relationship": "Inner", "Scan Direction": "Forward", "Index Name": "person_id_aka_name", "Relation Name": "aka_name", "Alias": "an", "Startup Cost": 0.0, "Total Cost": 0.84, "Plan Rows": 1, "Plan Width": 20, "Actual Min Startup Time": 0.52, "Actual Max Startup Time": 0.52, "Actual Min Total Time": 0.636, "Actual Max Total Time": 0.636, "Index Cond": "(person_id = ci.person_id)", "Rows Removed by Index Recheck": 0, "Actual Rows": 171}], "Actual Rows": 171}, {"Node Type": "Index Scan", "Parent Relationship": "Inner", "Scan Direction": "Forward", "Index Name": "company_name_pkey", "Relation Name": "company_name", "Alias": "cn", "Startup Cost": 0.0, "Total Cost": 4.37, "Plan Rows": 1, "Plan Width": 4, "Actual Min Startup Time": 0.51, "Actual Max Startup Time": 0.51, "Actual Min Total Time": 0.51, "Actual Max Total Time": 0.51, "Index Cond": "(id = mc.company_id)", "Rows Removed by Index Recheck": 0, "Filter": "((country_code)::text = '[jp]'::text)", "Rows Removed by Filter": 0, "Actual Rows": 171}], "Actual Rows": 171}, {"Node Type": "Index Scan", "Parent Relationship": "Inner", "Scan Direction": "Forward", "Index Name": "name_pkey", "Relation Name": "name", "Alias": "n", "Startup Cost": 0.0, "Total Cost": 0.57, "Plan Rows": 1, "Plan Width": 4, "Actual Min Startup Time": 0.745, "Actual Max Startup Time": 0.745, "Actual Min Total Time": 0.745, "Actual Max Total Time": 0.745, "Index Cond": "(id = an.person_id)", "Rows Removed by Index Recheck": 0, "Filter": "(((name)::text ~~ '%Yo%'::text) AND ((name)::text !~~ '%Yu%'::text))", "Rows Removed by Filter": 165, "Actual Rows": 6}], "Actual Rows": 6}, {"Node Type": "Index Scan", "Parent Relationship": "Inner", "Scan Direction": "Forward", "Index Name": "role_type_pkey", "Relation Name": "role_type", "Alias": "rt", "Startup Cost": 0.0, "Total Cost": 0.27, "Plan Rows": 1, "Plan Width": 4, "Actual Min Startup Time": 0.018, "Actual Max Startup Time": 0.018, "Actual Min Total Time": 0.018, "Actual Max Total Time": 0.018, "Index Cond": "(id = ci.role_id)", "Rows Removed by Index Recheck": 0, "Filter": "((role)::text = 'actress'::text)", "Rows Removed by Filter": 0, "Actual Rows": 6}], "Actual Rows": 6}], "Actual Rows": 1}, "Triggers": [], "Planner Runtime": 30.568, "Total Runtime": 84.938, "Unique SQL Id": 3956435728}}, "(16, '73')": {"explain_plan": {"Plan": {"Node Type": "Aggregate", "Strategy": "Plain", "Startup Cost": 84111.26, "Total Cost": 84111.27, "Plan Rows": 1, "Plan Width": 97, "Plans": [{"Node Type": "Nested Loop", "Parent Relationship": "Outer", "Join Type": "Inner", "Startup Cost": 0.0, "Total Cost": 84111.26, "Plan Rows": 1, "Plan Width": 33, "Inner Unique": true, "Plans": [{"Node Type": "Nested Loop", "Parent Relationship": "Outer", "Join Type": "Inner", "Startup Cost": 0.0, "Total Cost": 84110.97, "Plan Rows": 1, "Plan Width": 37, "Inner Unique": true, "Plans": [{"Node Type": "Nested Loop", "Parent Relationship": "Outer", "Join Type": "Inner", "Startup Cost": 0.0, "Total Cost": 84110.39, "Plan Rows": 1, "Plan Width": 45, "Inner Unique": false, "Plans": [{"Node Type": "Nested Loop", "Parent Relationship": "Outer", "Join Type": "Inner", "Startup Cost": 0.0, "Total Cost": 84109.54, "Plan Rows": 1, "Plan Width": 25, "Inner Unique": false, "Join Filter": "(t.id = ci.movie_id)", "Plans": [{"Node Type": "Nested Loop", "Parent Relationship": "Outer", "Join Type": "Inner", "Startup Cost": 0.0, "Total Cost": 84053.76, "Plan Rows": 2, "Plan Width": 25, "Inner Unique": true, "Plans": [{"Node Type": "Nested Loop", "Parent Relationship": "Outer", "Join Type": "Inner", "Startup Cost": 0.0, "Total Cost": 81991.53, "Plan Rows": 262, "Plan Width": 4, "Inner Unique": false, "Plans": [{"Node Type": "Index Scan", "Parent Relationship": "Outer", "Scan Direction": "Forward", "Index Name": "company_name_pkey", "Relation Name": "company_name", "Alias": "cn", "Startup Cost": 0.0, "Total Cost": 10501.39, "Plan Rows": 6290, "Plan Width": 4, "Filter": "((country_code)::text = '[jp]'::text)"}, {"Node Type": "Index Scan", "Parent Relationship": "Inner", "Scan Direction": "Forward", "Index Name": "company_id_movie_companies", "Relation Name": "movie_companies", "Alias": "mc", "Startup Cost": 0.0, "Total Cost": 11.36, "Plan Rows": 1, "Plan Width": 8, "Index Cond": "(company_id = cn.id)", "Filter": "(((note)::text ~~ '%(Japan)%'::text) AND ((note)::text !~~ '%(USA)%'::text) AND (((note)::text ~~ '%(2006)%'::text) OR ((note)::text ~~ '%(2007)%'::text)))"}]}, {"Node Type": "Index Scan", "Parent Relationship": "Inner", "Scan Direction": "Forward", "Index Name": "title_pkey", "Relation Name": "title", "Alias": "t", "Startup Cost": 0.0, "Total Cost": 7.86, "Plan Rows": 1, "Plan Width": 21, "Index Cond": "(id = mc.movie_id)", "Filter": "((production_year >= 2006) AND (production_year <= 2007) AND (((title)::text ~~ 'One Piece%'::text) OR ((title)::text ~~ 'Dragon Ball Z%'::text)))"}]}, {"Node Type": "Index Scan", "Parent Relationship": "Inner", "Scan Direction": "Forward", "Index Name": "movie_id_cast_info", "Relation Name": "cast_info", "Alias": "ci", "Startup Cost": 0.0, "Total Cost": 27.88, "Plan Rows": 1, "Plan Width": 12, "Index Cond": "(movie_id = mc.movie_id)", "Filter": "((note)::text = '(voice: English version)'::text)"}]}, {"Node Type": "Index Scan", "Parent Relationship": "Inner", "Scan Direction": "Forward", "Index Name": "person_id_aka_name", "Relation Name": "aka_name", "Alias": "an", "Startup Cost": 0.0, "Total Cost": 0.84, "Plan Rows": 1, "Plan Width": 20, "Index Cond": "(person_id = ci.person_id)"}]}, {"Node Type": "Index Scan", "Parent Relationship": "Inner", "Scan Direction": "Forward", "Index Name": "name_pkey", "Relation Name": "name", "Alias": "n", "Startup Cost": 0.0, "Total Cost": 0.57, "Plan Rows": 1, "Plan Width": 4, "Index Cond": "(id = an.person_id)", "Filter": "(((name)::text ~~ '%Yo%'::text) AND ((name)::text !~~ '%Yu%'::text))"}]}, {"Node Type": "Index Scan", "Parent Relationship": "Inner", "Scan Direction": "Forward", "Index Name": "role_type_pkey", "Relation Name": "role_type", "Alias": "rt", "Startup Cost": 0.0, "Total Cost": 0.27, "Plan Rows": 1, "Plan Width": 4, "Index Cond": "(id = ci.role_id)", "Filter": "((role)::text = 'actress'::text)"}]}]}, "Unique SQL Id": 3956435728, "Planner Runtime": 31}, "explain_analyze_plan": null}, "(16, '74')": {"explain_plan": {"Plan": {"Node Type": "Aggregate", "Strategy": "Plain", "Startup Cost": 147016.93, "Total Cost": 147016.94, "Plan Rows": 1, "Plan Width": 97, "Plans": [{"Node Type": "Hash Join", "Parent Relationship": "Outer", "Join Type": "Inner", "Startup Cost": 111661.04, "Total Cost": 147016.93, "Plan Rows": 1, "Plan Width": 33, "Inner Unique": true, "Hash Cond": "(ci.role_id = rt.id)", "Plans": [{"Node Type": "Hash Join", "Parent Relationship": "Outer", "Join Type": "Inner", "Startup Cost": 111659.88, "Total Cost": 147015.75, "Plan Rows": 1, "Plan Width": 37, "Inner Unique": true, "Hash Cond": "(mc.company_id = cn.id)", "Plans": [{"Node Type": "Hash Join", "Parent Relationship": "Outer", "Join Type": "Inner", "Startup Cost": 105677.81, "Total Cost": 141033.66, "Plan Rows": 1, "Plan Width": 41, "Inner Unique": true, "Hash Cond": "(ci.movie_id = t.id)", "Plans": [{"Node Type": "Streaming(type: LOCAL GATHER dop: 1/16)", "Parent Relationship": "Outer", "Startup Cost": 100593.41, "Total Cost": 135946.84, "Plan Rows": 643, "Plan Width": 32, "Plans": [{"Node Type": "Hash Join", "Parent Relationship": "Outer", "Join Type": "Inner", "Startup Cost": 100593.41, "Total Cost": 135932.96, "Plan Rows": 643, "Plan Width": 32, "Inner Unique": false, "Hash Cond": "(n.id = an.person_id)", "Plans": [{"Node Type": "Streaming(type: BROADCAST dop: 16/1)", "Parent Relationship": "Outer", "Startup Cost": 83644.96, "Total Cost": 118972.95, "Plan Rows": 8416, "Plan Width": 24, "Plans": [{"Node Type": "Hash Join", "Parent Relationship": "Outer", "Join Type": "Inner", "Startup Cost": 83644.96, "Total Cost": 103791.31, "Plan Rows": 526, "Plan Width": 24, "Inner Unique": false, "Hash Cond": "(mc.movie_id = ci.movie_id)", "Plans": [{"Node Type": "Streaming(type: LOCAL GATHER dop: 1/16)", "Parent Relationship": "Outer", "Startup Cost": 0.0, "Total Cost": 19279.94, "Plan Rows": 1652, "Plan Width": 8, "Plans": [{"Node Type": "Seq Scan", "Parent Relationship": "Outer", "Relation Name": "movie_companies", "Alias": "mc", "Startup Cost": 0.0, "Total Cost": 19244.28, "Plan Rows": 1652, "Plan Width": 8, "Filter": "(((note)::text ~~ '%(Japan)%'::text) AND ((note)::text !~~ '%(USA)%'::text) AND (((note)::text ~~ '%(2006)%'::text) OR ((note)::text ~~ '%(2007)%'::text)))"}]}, {"Node Type": "Hash", "Parent Relationship": "Inner", "Startup Cost": 83467.16, "Total Cost": 83467.16, "Plan Rows": 14224, "Plan Width": 16, "Plans": [{"Node Type": "Hash Join", "Parent Relationship": "Outer", "Join Type": "Inner", "Startup Cost": 22592.6, "Total Cost": 83467.16, "Plan Rows": 14224, "Plan Width": 16, "Inner Unique": true, "Hash Cond": "(ci.person_id = n.id)", "Plans": [{"Node Type": "Streaming(type: LOCAL GATHER dop: 1/16)", "Parent Relationship": "Outer", "Startup Cost": 0.0, "Total Cost": 60369.73, "Plan Rows": 96692, "Plan Width": 12, "Plans": [{"Node Type": "Seq Scan", "Parent Relationship": "Outer", "Relation Name": "cast_info", "Alias": "ci", "Startup Cost": 0.0, "Total Cost": 58282.92, "Plan Rows": 96692, "Plan Width": 12, "Filter": "((note)::text = '(voice: English version)'::text)"}]}, {"Node Type": "Hash", "Parent Relationship": "Inner", "Startup Cost": 22419.02, "Total Cost": 22419.02, "Plan Rows": 13886, "Plan Width": 4, "Plans": [{"Node Type": "Streaming(type: LOCAL GATHER dop: 1/16)", "Parent Relationship": "Outer", "Startup Cost": 0.0, "Total Cost": 22419.02, "Plan Rows": 13886, "Plan Width": 4, "Plans": [{"Node Type": "Seq Scan", "Parent Relationship": "Outer", "Relation Name": "name", "Alias": "n", "Startup Cost": 0.0, "Total Cost": 22119.33, "Plan Rows": 13886, "Plan Width": 4, "Filter": "(((name)::text ~~ '%Yo%'::text) AND ((name)::text !~~ '%Yu%'::text))"}]}]}]}]}]}]}, {"Node Type": "Hash", "Parent Relationship": "Inner", "Startup Cost": 16244.28, "Total Cost": 16244.28, "Plan Rows": 901342, "Plan Width": 20, "Plans": [{"Node Type": "Seq Scan", "Parent Relationship": "Outer", "Relation Name": "aka_name", "Alias": "an", "Startup Cost": 0.0, "Total Cost": 16244.28, "Plan Rows": 901342, "Plan Width": 20}]}]}]}, {"Node Type": "Hash", "Parent Relationship": "Inner", "Startup Cost": 20335.44, "Total Cost": 20335.44, "Plan Rows": 43, "Plan Width": 21, "Plans": [{"Node Type": "Streaming(type: LOCAL GATHER dop: 1/16)", "Parent Relationship": "Outer", "Startup Cost": 1069.17, "Total Cost": 20335.44, "Plan Rows": 43, "Plan Width": 21, "Plans": [{"Node Type": "Seq Scan", "Parent Relationship": "Outer", "Relation Name": "title", "Alias": "t", "Startup Cost": 1069.17, "Total Cost": 20334.51, "Plan Rows": 43, "Plan Width": 21, "Filter": "((production_year >= 2006) AND (production_year <= 2007) AND (((title)::text ~~ 'One Piece%'::text) OR ((title)::text ~~ 'Dragon Ball Z%'::text)))"}]}]}]}, {"Node Type": "Hash", "Parent Relationship": "Inner", "Startup Cost": 5903.45, "Total Cost": 5903.45, "Plan Rows": 6290, "Plan Width": 4, "Plans": [{"Node Type": "Seq Scan", "Parent Relationship": "Outer", "Relation Name": "company_name", "Alias": "cn", "Startup Cost": 0.0, "Total Cost": 5903.45, "Plan Rows": 6290, "Plan Width": 4, "Filter": "((country_code)::text = '[jp]'::text)"}]}]}, {"Node Type": "Hash", "Parent Relationship": "Inner", "Startup Cost": 1.15, "Total Cost": 1.15, "Plan Rows": 1, "Plan Width": 4, "Plans": [{"Node Type": "Seq Scan", "Parent Relationship": "Outer", "Relation Name": "role_type", "Alias": "rt", "Startup Cost": 0.0, "Total Cost": 1.15, "Plan Rows": 1, "Plan Width": 4, "Filter": "((role)::text = 'actress'::text)"}]}]}]}, "Unique SQL Id": 3956435728, "Planner Runtime": 180}, "explain_analyze_plan": null}, "(16, '75')": {"explain_plan": {"Plan": {"Node Type": "Aggregate", "Strategy": "Plain", "Startup Cost": 6721937472732.24, "Total Cost": 6721937472732.25, "Plan Rows": 1, "Plan Width": 97, "Plans": [{"Node Type": "Hash Join", "Parent Relationship": "Outer", "Join Type": "Inner", "Startup Cost": 3040079753570.94, "Total Cost": 6721937472732.24, "Plan Rows": 1, "Plan Width": 33, "Inner Unique": true, "Hash Cond": "(ci.role_id = rt.id)", "Plans": [{"Node Type": "Nested Loop", "Parent Relationship": "Outer", "Join Type": "Inner", "Startup Cost": 2040079752324.93, "Total Cost": 5721937471486.21, "Plan Rows": 1, "Plan Width": 37, "Inner Unique": true, "Plans": [{"Node Type": "Hash Join", "Parent Relationship": "Outer", "Join Type": "Inner", "Startup Cost": 2030079752324.93, "Total Cost": 4721937471048.78, "Plan Rows": 1, "Plan Width": 41, "Inner Unique": false, "Hash Cond": "(ci.movie_id = mc.movie_id)", "Plans": [{"Node Type": "Hash Join", "Parent Relationship": "Outer", "Join Type": "Inner", "Startup Cost": 1030064775826.29, "Total Cost": 3721922494536.56, "Plan Rows": 53, "Plan Width": 45, "Inner Unique": true, "Hash Cond": "(ci.movie_id = t.id)", "Plans": [{"Node Type": "Merge Join", "Parent Relationship": "Outer", "Join Type": "Inner", "Startup Cost": 30051235465.84, "Total Cost": 2721908954128.06, "Plan Rows": 17161, "Plan Width": 24, "Inner Unique": false, "Merge Cond": "(an.person_id = ci.person_id)", "Plans": [{"Node Type": "Merge Join", "Parent Relationship": "Outer", "Join Type": "Inner", "Startup Cost": 20030754356.47, "Total Cost": 2000026606025.89, "Plan Rows": 16627, "Plan Width": 24, "Inner Unique": true, "Merge Cond": "(an.person_id = n.id)", "Plans": [{"Node Type": "Index Scan", "Parent Relationship": "Outer", "Scan Direction": "Forward", "Index Name": "person_id_aka_name", "Relation Name": "aka_name", "Alias": "an", "Startup Cost": 10000000000.0, "Total Cost": 1000006896503.43, "Plan Rows": 901342, "Plan Width": 20}, {"Node Type": "Materialize", "Parent Relationship": "Inner", "Startup Cost": 10000000000.0, "Total Cost": 1000019707054.42, "Plan Rows": 13886, "Plan Width": 4, "Plans": [{"Node Type": "Index Scan", "Parent Relationship": "Outer", "Scan Direction": "Forward", "Index Name": "name_pkey", "Relation Name": "name", "Alias": "n", "Startup Cost": 10000000000.0, "Total Cost": 1000019707019.7, "Plan Rows": 13886, "Plan Width": 4, "Filter": "(((name)::text ~~ '%Yo%'::text) AND ((name)::text !~~ '%Yu%'::text))"}]}]}, {"Node Type": "Index Scan", "Parent Relationship": "Inner", "Scan Direction": "Forward", "Index Name": "person_id_cast_info", "Relation Name": "cast_info", "Alias": "ci", "Startup Cost": 10000000000.0, "Total Cost": 1000179713706.71, "Plan Rows": 96692, "Plan Width": 12, "Filter": "((note)::text = '(voice: English version)'::text)"}]}, {"Node Type": "Hash", "Parent Relationship": "Inner", "Startup Cost": 1000013540359.91, "Total Cost": 1000013540359.91, "Plan Rows": 43, "Plan Width": 21, "Plans": [{"Node Type": "Index Scan", "Parent Relationship": "Outer", "Scan Direction": "Forward", "Index Name": "title_pkey", "Relation Name": "title", "Alias": "t", "Startup Cost": 10000000000.0, "Total Cost": 1000013540359.91, "Plan Rows": 43, "Plan Width": 21, "Filter": "((production_year >= 2006) AND (production_year <= 2007) AND (((title)::text ~~ 'One Piece%'::text) OR ((title)::text ~~ 'Dragon Ball Z%'::text)))"}]}]}, {"Node Type": "Hash", "Parent Relationship": "Inner", "Startup Cost": 1000014976477.98, "Total Cost": 1000014976477.98, "Plan Rows": 1652, "Plan Width": 8, "Plans": [{"Node Type": "Index Scan", "Parent Relationship": "Outer", "Scan Direction": "Forward", "Index Name": "company_id_movie_companies", "Relation Name": "movie_companies", "Alias": "mc", "Startup Cost": 10000000000.0, "Total Cost": 1000014976477.98, "Plan Rows": 1652, "Plan Width": 8, "Filter": "(((note)::text ~~ '%(Japan)%'::text) AND ((note)::text !~~ '%(USA)%'::text) AND (((note)::text ~~ '%(2006)%'::text) OR ((note)::text ~~ '%(2007)%'::text)))"}]}]}, {"Node Type": "Index Scan", "Parent Relationship": "Inner", "Scan Direction": "Forward", "Index Name": "company_name_pkey", "Relation Name": "company_name", "Alias": "cn", "Startup Cost": 10000000000.0, "Total Cost": 1000000000437.42, "Plan Rows": 1, "Plan Width": 4, "Index Cond": "(id = mc.company_id)", "Filter": "((country_code)::text = '[jp]'::text)"}]}, {"Node Type": "Hash", "Parent Relationship": "Inner", "Startup Cost": 1000000001246.0, "Total Cost": 1000000001246.0, "Plan Rows": 1, "Plan Width": 4, "Plans": [{"Node Type": "Index Scan", "Parent Relationship": "Outer", "Scan Direction": "Forward", "Index Name": "role_type_pkey", "Relation Name": "role_type", "Alias": "rt", "Startup Cost": 10000000000.0, "Total Cost": 1000000001246.0, "Plan Rows": 1, "Plan Width": 4, "Filter": "((role)::text = 'actress'::text)"}]}]}]}, "Unique SQL Id": 3956435728, "Planner Runtime": 146}, "explain_analyze_plan": null}, "(16, '76')": {"explain_plan": {"Plan": {"Node Type": "Aggregate", "Strategy": "Plain", "Startup Cost": 20891.31, "Total Cost": 20891.32, "Plan Rows": 1, "Plan Width": 97, "Plans": [{"Node Type": "Nested Loop", "Parent Relationship": "Outer", "Join Type": "Inner", "Startup Cost": 1069.17, "Total Cost": 20891.3, "Plan Rows": 1, "Plan Width": 33, "Inner Unique": true, "Plans": [{"Node Type": "Nested Loop", "Parent Relationship": "Outer", "Join Type": "Inner", "Startup Cost": 1069.17, "Total Cost": 20891.02, "Plan Rows": 1, "Plan Width": 37, "Inner Unique": true, "Plans": [{"Node Type": "Nested Loop", "Parent Relationship": "Outer", "Join Type": "Inner", "Startup Cost": 1069.17, "Total Cost": 20890.44, "Plan Rows": 1, "Plan Width": 45, "Inner Unique": true, "Plans": [{"Node Type": "Nested Loop", "Parent Relationship": "Outer", "Join Type": "Inner", "Startup Cost": 1069.17, "Total Cost": 20886.05, "Plan Rows": 1, "Plan Width": 49, "Inner Unique": false, "Plans": [{"Node Type": "Nested Loop", "Parent Relationship": "Outer", "Join Type": "Inner", "Startup Cost": 1069.17, "Total Cost": 20885.2, "Plan Rows": 1, "Plan Width": 29, "Inner Unique": false, "Join Filter": "(t.id = ci.movie_id)", "Plans": [{"Node Type": "Nested Loop", "Parent Relationship": "Outer", "Join Type": "Inner", "Startup Cost": 1069.17, "Total Cost": 20829.42, "Plan Rows": 2, "Plan Width": 29, "Inner Unique": false, "Plans": [{"Node Type": "Streaming(type: LOCAL GATHER dop: 1/16)", "Parent Relationship": "Outer", "Startup Cost": 1069.17, "Total Cost": 20335.44, "Plan Rows": 43, "Plan Width": 21, "Plans": [{"Node Type": "Seq Scan", "Parent Relationship": "Outer", "Relation Name": "title", "Alias": "t", "Startup Cost": 1069.17, "Total Cost": 20334.51, "Plan Rows": 43, "Plan Width": 21, "Filter": "((production_year >= 2006) AND (production_year <= 2007) AND (((title)::text ~~ 'One Piece%'::text) OR ((title)::text ~~ 'Dragon Ball Z%'::text)))"}]}, {"Node Type": "Index Scan", "Parent Relationship": "Inner", "Scan Direction": "Forward", "Index Name": "movie_id_movie_companies", "Relation Name": "movie_companies", "Alias": "mc", "Startup Cost": 0.0, "Total Cost": 11.48, "Plan Rows": 1, "Plan Width": 8, "Index Cond": "(movie_id = t.id)", "Filter": "(((note)::text ~~ '%(Japan)%'::text) AND ((note)::text !~~ '%(USA)%'::text) AND (((note)::text ~~ '%(2006)%'::text) OR ((note)::text ~~ '%(2007)%'::text)))"}]}, {"Node Type": "Index Scan", "Parent Relationship": "Inner", "Scan Direction": "Forward", "Index Name": "movie_id_cast_info", "Relation Name": "cast_info", "Alias": "ci", "Startup Cost": 0.0, "Total Cost": 27.88, "Plan Rows": 1, "Plan Width": 12, "Index Cond": "(movie_id = mc.movie_id)", "Filter": "((note)::text = '(voice: English version)'::text)"}]}, {"Node Type": "Index Scan", "Parent Relationship": "Inner", "Scan Direction": "Forward", "Index Name": "person_id_aka_name", "Relation Name": "aka_name", "Alias": "an", "Startup Cost": 0.0, "Total Cost": 0.84, "Plan Rows": 1, "Plan Width": 20, "Index Cond": "(person_id = ci.person_id)"}]}, {"Node Type": "Index Scan", "Parent Relationship": "Inner", "Scan Direction": "Forward", "Index Name": "company_name_pkey", "Relation Name": "company_name", "Alias": "cn", "Startup Cost": 0.0, "Total Cost": 4.37, "Plan Rows": 1, "Plan Width": 4, "Index Cond": "(id = mc.company_id)", "Filter": "((country_code)::text = '[jp]'::text)"}]}, {"Node Type": "Index Scan", "Parent Relationship": "Inner", "Scan Direction": "Forward", "Index Name": "name_pkey", "Relation Name": "name", "Alias": "n", "Startup Cost": 0.0, "Total Cost": 0.57, "Plan Rows": 1, "Plan Width": 4, "Index Cond": "(id = an.person_id)", "Filter": "(((name)::text ~~ '%Yo%'::text) AND ((name)::text !~~ '%Yu%'::text))"}]}, {"Node Type": "Index Scan", "Parent Relationship": "Inner", "Scan Direction": "Forward", "Index Name": "role_type_pkey", "Relation Name": "role_type", "Alias": "rt", "Startup Cost": 0.0, "Total Cost": 0.27, "Plan Rows": 1, "Plan Width": 4, "Index Cond": "(id = ci.role_id)", "Filter": "((role)::text = 'actress'::text)"}]}]}, "Unique SQL Id": 3956435728, "Planner Runtime": 31}, "explain_analyze_plan": {"Plan": {"Node Type": "Aggregate", "Strategy": "Plain", "Startup Cost": 20891.31, "Total Cost": 20891.32, "Plan Rows": 1, "Plan Width": 97, "Actual Min Startup Time": 82.24, "Actual Max Startup Time": 82.24, "Actual Min Total Time": 82.24, "Actual Max Total Time": 82.24, "Plans": [{"Node Type": "Nested Loop", "Parent Relationship": "Outer", "Join Type": "Inner", "Startup Cost": 1069.17, "Total Cost": 20891.3, "Plan Rows": 1, "Plan Width": 33, "Actual Min Startup Time": 79.771, "Actual Max Startup Time": 79.771, "Actual Min Total Time": 82.203, "Actual Max Total Time": 82.203, "Inner Unique": true, "Plans": [{"Node Type": "Nested Loop", "Parent Relationship": "Outer", "Join Type": "Inner", "Startup Cost": 1069.17, "Total Cost": 20891.02, "Plan Rows": 1, "Plan Width": 37, "Actual Min Startup Time": 79.76, "Actual Max Startup Time": 79.76, "Actual Min Total Time": 82.178, "Actual Max Total Time": 82.178, "Inner Unique": true, "Plans": [{"Node Type": "Nested Loop", "Parent Relationship": "Outer", "Join Type": "Inner", "Startup Cost": 1069.17, "Total Cost": 20890.44, "Plan Rows": 1, "Plan Width": 45, "Actual Min Startup Time": 78.621, "Actual Max Startup Time": 78.621, "Actual Min Total Time": 81.338, "Actual Max Total Time": 81.338, "Inner Unique": true, "Plans": [{"Node Type": "Nested Loop", "Parent Relationship": "Outer", "Join Type": "Inner", "Startup Cost": 1069.17, "Total Cost": 20886.05, "Plan Rows": 1, "Plan Width": 49, "Actual Min Startup Time": 78.603, "Actual Max Startup Time": 78.603, "Actual Min Total Time": 80.695, "Actual Max Total Time": 80.695, "Inner Unique": false, "Plans": [{"Node Type": "Nested Loop", "Parent Relationship": "Outer", "Join Type": "Inner", "Startup Cost": 1069.17, "Total Cost": 20885.2, "Plan Rows": 1, "Plan Width": 29, "Actual Min Startup Time": 78.587, "Actual Max Startup Time": 78.587, "Actual Min Total Time": 79.943, "Actual Max Total Time": 79.943, "Inner Unique": false, "Join Filter": "(t.id = ci.movie_id)", "Rows Removed by Join Filter": 0, "Plans": [{"Node Type": "Nested Loop", "Parent Relationship": "Outer", "Join Type": "Inner", "Startup Cost": 1069.17, "Total Cost": 20829.42, "Plan Rows": 2, "Plan Width": 29, "Actual Min Startup Time": 78.48, "Actual Max Startup Time": 78.48, "Actual Min Total Time": 79.571, "Actual Max Total Time": 79.571, "Inner Unique": false, "Plans": [{"Node Type": "Streaming(type: LOCAL GATHER dop: 1/16)", "Parent Relationship": "Outer", "Startup Cost": 1069.17, "Total Cost": 20335.44, "Plan Rows": 43, "Plan Width": 21, "Actual Min Startup Time": 78.374, "Actual Max Startup Time": 78.374, "Actual Min Total Time": 79.397, "Actual Max Total Time": 79.397, "Plans": [{"Node Type": "Seq Scan", "Parent Relationship": "Outer", "Relation Name": "title", "Alias": "t", "Startup Cost": 1069.17, "Total Cost": 20334.51, "Plan Rows": 43, "Plan Width": 21, "Actual Min Startup Time": 48.113, "Actual Max Startup Time": 65.731, "Actual Min Total Time": 62.348, "Actual Max Total Time": 65.731, "Filter": "((production_year >= 2006) AND (production_year <= 2007) AND (((title)::text ~~ 'One Piece%'::text) OR ((title)::text ~~ 'Dragon Ball Z%'::text)))", "Rows Removed by Filter": 2528304, "Actual Rows": 7}], "Actual Rows": 7}, {"Node Type": "Index Scan", "Parent Relationship": "Inner", "Scan Direction": "Forward", "Index Name": "movie_id_movie_companies", "Relation Name": "movie_companies", "Alias": "mc", "Startup Cost": 0.0, "Total Cost": 11.48, "Plan Rows": 1, "Plan Width": 8, "Actual Min Startup Time": 0.139, "Actual Max Startup Time": 0.139, "Actual Min Total Time": 0.148, "Actual Max Total Time": 0.148, "Index Cond": "(movie_id = t.id)", "Rows Removed by Index Recheck": 0, "Filter": "(((note)::text ~~ '%(Japan)%'::text) AND ((note)::text !~~ '%(USA)%'::text) AND (((note)::text ~~ '%(2006)%'::text) OR ((note)::text ~~ '%(2007)%'::text)))", "Rows Removed by Filter": 13, "Actual Rows": 4}], "Actual Rows": 4}, {"Node Type": "Index Scan", "Parent Relationship": "Inner", "Scan Direction": "Forward", "Index Name": "movie_id_cast_info", "Relation Name": "cast_info", "Alias": "ci", "Startup Cost": 0.0, "Total Cost": 27.88, "Plan Rows": 1, "Plan Width": 12, "Actual Min Startup Time": 0.106, "Actual Max Startup Time": 0.106, "Actual Min Total Time": 0.331, "Actual Max Total Time": 0.331, "Index Cond": "(movie_id = mc.movie_id)", "Rows Removed by Index Recheck": 0, "Filter": "((note)::text = '(voice: English version)'::text)", "Rows Removed by Filter": 68, "Actual Rows": 104}], "Actual Rows": 104}, {"Node Type": "Index Scan", "Parent Relationship": "Inner", "Scan Direction": "Forward", "Index Name": "person_id_aka_name", "Relation Name": "aka_name", "Alias": "an", "Startup Cost": 0.0, "Total Cost": 0.84, "Plan Rows": 1, "Plan Width": 20, "Actual Min Startup Time": 0.52, "Actual Max Startup Time": 0.52, "Actual Min Total Time": 0.636, "Actual Max Total Time": 0.636, "Index Cond": "(person_id = ci.person_id)", "Rows Removed by Index Recheck": 0, "Actual Rows": 171}], "Actual Rows": 171}, {"Node Type": "Index Scan", "Parent Relationship": "Inner", "Scan Direction": "Forward", "Index Name": "company_name_pkey", "Relation Name": "company_name", "Alias": "cn", "Startup Cost": 0.0, "Total Cost": 4.37, "Plan Rows": 1, "Plan Width": 4, "Actual Min Startup Time": 0.51, "Actual Max Startup Time": 0.51, "Actual Min Total Time": 0.51, "Actual Max Total Time": 0.51, "Index Cond": "(id = mc.company_id)", "Rows Removed by Index Recheck": 0, "Filter": "((country_code)::text = '[jp]'::text)", "Rows Removed by Filter": 0, "Actual Rows": 171}], "Actual Rows": 171}, {"Node Type": "Index Scan", "Parent Relationship": "Inner", "Scan Direction": "Forward", "Index Name": "name_pkey", "Relation Name": "name", "Alias": "n", "Startup Cost": 0.0, "Total Cost": 0.57, "Plan Rows": 1, "Plan Width": 4, "Actual Min Startup Time": 0.745, "Actual Max Startup Time": 0.745, "Actual Min Total Time": 0.745, "Actual Max Total Time": 0.745, "Index Cond": "(id = an.person_id)", "Rows Removed by Index Recheck": 0, "Filter": "(((name)::text ~~ '%Yo%'::text) AND ((name)::text !~~ '%Yu%'::text))", "Rows Removed by Filter": 165, "Actual Rows": 6}], "Actual Rows": 6}, {"Node Type": "Index Scan", "Parent Relationship": "Inner", "Scan Direction": "Forward", "Index Name": "role_type_pkey", "Relation Name": "role_type", "Alias": "rt", "Startup Cost": 0.0, "Total Cost": 0.27, "Plan Rows": 1, "Plan Width": 4, "Actual Min Startup Time": 0.018, "Actual Max Startup Time": 0.018, "Actual Min Total Time": 0.018, "Actual Max Total Time": 0.018, "Index Cond": "(id = ci.role_id)", "Rows Removed by Index Recheck": 0, "Filter": "((role)::text = 'actress'::text)", "Rows Removed by Filter": 0, "Actual Rows": 6}], "Actual Rows": 6}], "Actual Rows": 1}, "Triggers": [], "Planner Runtime": 30.568, "Total Runtime": 84.938, "Unique SQL Id": 3956435728}}, "(16, '77')": {"explain_plan": {"Plan": {"Node Type": "Aggregate", "Strategy": "Plain", "Startup Cost": 84111.26, "Total Cost": 84111.27, "Plan Rows": 1, "Plan Width": 97, "Plans": [{"Node Type": "Nested Loop", "Parent Relationship": "Outer", "Join Type": "Inner", "Startup Cost": 0.0, "Total Cost": 84111.26, "Plan Rows": 1, "Plan Width": 33, "Inner Unique": true, "Plans": [{"Node Type": "Nested Loop", "Parent Relationship": "Outer", "Join Type": "Inner", "Startup Cost": 0.0, "Total Cost": 84110.97, "Plan Rows": 1, "Plan Width": 37, "Inner Unique": true, "Plans": [{"Node Type": "Nested Loop", "Parent Relationship": "Outer", "Join Type": "Inner", "Startup Cost": 0.0, "Total Cost": 84110.39, "Plan Rows": 1, "Plan Width": 45, "Inner Unique": false, "Plans": [{"Node Type": "Nested Loop", "Parent Relationship": "Outer", "Join Type": "Inner", "Startup Cost": 0.0, "Total Cost": 84109.54, "Plan Rows": 1, "Plan Width": 25, "Inner Unique": false, "Join Filter": "(t.id = ci.movie_id)", "Plans": [{"Node Type": "Nested Loop", "Parent Relationship": "Outer", "Join Type": "Inner", "Startup Cost": 0.0, "Total Cost": 84053.76, "Plan Rows": 2, "Plan Width": 25, "Inner Unique": true, "Plans": [{"Node Type": "Nested Loop", "Parent Relationship": "Outer", "Join Type": "Inner", "Startup Cost": 0.0, "Total Cost": 81991.53, "Plan Rows": 262, "Plan Width": 4, "Inner Unique": false, "Plans": [{"Node Type": "Index Scan", "Parent Relationship": "Outer", "Scan Direction": "Forward", "Index Name": "company_name_pkey", "Relation Name": "company_name", "Alias": "cn", "Startup Cost": 0.0, "Total Cost": 10501.39, "Plan Rows": 6290, "Plan Width": 4, "Filter": "((country_code)::text = '[jp]'::text)"}, {"Node Type": "Index Scan", "Parent Relationship": "Inner", "Scan Direction": "Forward", "Index Name": "company_id_movie_companies", "Relation Name": "movie_companies", "Alias": "mc", "Startup Cost": 0.0, "Total Cost": 11.36, "Plan Rows": 1, "Plan Width": 8, "Index Cond": "(company_id = cn.id)", "Filter": "(((note)::text ~~ '%(Japan)%'::text) AND ((note)::text !~~ '%(USA)%'::text) AND (((note)::text ~~ '%(2006)%'::text) OR ((note)::text ~~ '%(2007)%'::text)))"}]}, {"Node Type": "Index Scan", "Parent Relationship": "Inner", "Scan Direction": "Forward", "Index Name": "title_pkey", "Relation Name": "title", "Alias": "t", "Startup Cost": 0.0, "Total Cost": 7.86, "Plan Rows": 1, "Plan Width": 21, "Index Cond": "(id = mc.movie_id)", "Filter": "((production_year >= 2006) AND (production_year <= 2007) AND (((title)::text ~~ 'One Piece%'::text) OR ((title)::text ~~ 'Dragon Ball Z%'::text)))"}]}, {"Node Type": "Index Scan", "Parent Relationship": "Inner", "Scan Direction": "Forward", "Index Name": "movie_id_cast_info", "Relation Name": "cast_info", "Alias": "ci", "Startup Cost": 0.0, "Total Cost": 27.88, "Plan Rows": 1, "Plan Width": 12, "Index Cond": "(movie_id = mc.movie_id)", "Filter": "((note)::text = '(voice: English version)'::text)"}]}, {"Node Type": "Index Scan", "Parent Relationship": "Inner", "Scan Direction": "Forward", "Index Name": "person_id_aka_name", "Relation Name": "aka_name", "Alias": "an", "Startup Cost": 0.0, "Total Cost": 0.84, "Plan Rows": 1, "Plan Width": 20, "Index Cond": "(person_id = ci.person_id)"}]}, {"Node Type": "Index Scan", "Parent Relationship": "Inner", "Scan Direction": "Forward", "Index Name": "name_pkey", "Relation Name": "name", "Alias": "n", "Startup Cost": 0.0, "Total Cost": 0.57, "Plan Rows": 1, "Plan Width": 4, "Index Cond": "(id = an.person_id)", "Filter": "(((name)::text ~~ '%Yo%'::text) AND ((name)::text !~~ '%Yu%'::text))"}]}, {"Node Type": "Index Scan", "Parent Relationship": "Inner", "Scan Direction": "Forward", "Index Name": "role_type_pkey", "Relation Name": "role_type", "Alias": "rt", "Startup Cost": 0.0, "Total Cost": 0.27, "Plan Rows": 1, "Plan Width": 4, "Index Cond": "(id = ci.role_id)", "Filter": "((role)::text = 'actress'::text)"}]}]}, "Unique SQL Id": 3956435728, "Planner Runtime": 31}, "explain_analyze_plan": null}, "(16, '78')": {"explain_plan": {"Plan": {"Node Type": "Aggregate", "Strategy": "Plain", "Startup Cost": 147016.93, "Total Cost": 147016.94, "Plan Rows": 1, "Plan Width": 97, "Plans": [{"Node Type": "Hash Join", "Parent Relationship": "Outer", "Join Type": "Inner", "Startup Cost": 111661.04, "Total Cost": 147016.93, "Plan Rows": 1, "Plan Width": 33, "Inner Unique": true, "Hash Cond": "(ci.role_id = rt.id)", "Plans": [{"Node Type": "Hash Join", "Parent Relationship": "Outer", "Join Type": "Inner", "Startup Cost": 111659.88, "Total Cost": 147015.75, "Plan Rows": 1, "Plan Width": 37, "Inner Unique": true, "Hash Cond": "(mc.company_id = cn.id)", "Plans": [{"Node Type": "Hash Join", "Parent Relationship": "Outer", "Join Type": "Inner", "Startup Cost": 105677.81, "Total Cost": 141033.66, "Plan Rows": 1, "Plan Width": 41, "Inner Unique": true, "Hash Cond": "(ci.movie_id = t.id)", "Plans": [{"Node Type": "Streaming(type: LOCAL GATHER dop: 1/16)", "Parent Relationship": "Outer", "Startup Cost": 100593.41, "Total Cost": 135946.84, "Plan Rows": 643, "Plan Width": 32, "Plans": [{"Node Type": "Hash Join", "Parent Relationship": "Outer", "Join Type": "Inner", "Startup Cost": 100593.41, "Total Cost": 135932.96, "Plan Rows": 643, "Plan Width": 32, "Inner Unique": false, "Hash Cond": "(n.id = an.person_id)", "Plans": [{"Node Type": "Streaming(type: BROADCAST dop: 16/1)", "Parent Relationship": "Outer", "Startup Cost": 83644.96, "Total Cost": 118972.95, "Plan Rows": 8416, "Plan Width": 24, "Plans": [{"Node Type": "Hash Join", "Parent Relationship": "Outer", "Join Type": "Inner", "Startup Cost": 83644.96, "Total Cost": 103791.31, "Plan Rows": 526, "Plan Width": 24, "Inner Unique": false, "Hash Cond": "(mc.movie_id = ci.movie_id)", "Plans": [{"Node Type": "Streaming(type: LOCAL GATHER dop: 1/16)", "Parent Relationship": "Outer", "Startup Cost": 0.0, "Total Cost": 19279.94, "Plan Rows": 1652, "Plan Width": 8, "Plans": [{"Node Type": "Seq Scan", "Parent Relationship": "Outer", "Relation Name": "movie_companies", "Alias": "mc", "Startup Cost": 0.0, "Total Cost": 19244.28, "Plan Rows": 1652, "Plan Width": 8, "Filter": "(((note)::text ~~ '%(Japan)%'::text) AND ((note)::text !~~ '%(USA)%'::text) AND (((note)::text ~~ '%(2006)%'::text) OR ((note)::text ~~ '%(2007)%'::text)))"}]}, {"Node Type": "Hash", "Parent Relationship": "Inner", "Startup Cost": 83467.16, "Total Cost": 83467.16, "Plan Rows": 14224, "Plan Width": 16, "Plans": [{"Node Type": "Hash Join", "Parent Relationship": "Outer", "Join Type": "Inner", "Startup Cost": 22592.6, "Total Cost": 83467.16, "Plan Rows": 14224, "Plan Width": 16, "Inner Unique": true, "Hash Cond": "(ci.person_id = n.id)", "Plans": [{"Node Type": "Streaming(type: LOCAL GATHER dop: 1/16)", "Parent Relationship": "Outer", "Startup Cost": 0.0, "Total Cost": 60369.73, "Plan Rows": 96692, "Plan Width": 12, "Plans": [{"Node Type": "Seq Scan", "Parent Relationship": "Outer", "Relation Name": "cast_info", "Alias": "ci", "Startup Cost": 0.0, "Total Cost": 58282.92, "Plan Rows": 96692, "Plan Width": 12, "Filter": "((note)::text = '(voice: English version)'::text)"}]}, {"Node Type": "Hash", "Parent Relationship": "Inner", "Startup Cost": 22419.02, "Total Cost": 22419.02, "Plan Rows": 13886, "Plan Width": 4, "Plans": [{"Node Type": "Streaming(type: LOCAL GATHER dop: 1/16)", "Parent Relationship": "Outer", "Startup Cost": 0.0, "Total Cost": 22419.02, "Plan Rows": 13886, "Plan Width": 4, "Plans": [{"Node Type": "Seq Scan", "Parent Relationship": "Outer", "Relation Name": "name", "Alias": "n", "Startup Cost": 0.0, "Total Cost": 22119.33, "Plan Rows": 13886, "Plan Width": 4, "Filter": "(((name)::text ~~ '%Yo%'::text) AND ((name)::text !~~ '%Yu%'::text))"}]}]}]}]}]}]}, {"Node Type": "Hash", "Parent Relationship": "Inner", "Startup Cost": 16244.28, "Total Cost": 16244.28, "Plan Rows": 901342, "Plan Width": 20, "Plans": [{"Node Type": "Seq Scan", "Parent Relationship": "Outer", "Relation Name": "aka_name", "Alias": "an", "Startup Cost": 0.0, "Total Cost": 16244.28, "Plan Rows": 901342, "Plan Width": 20}]}]}]}, {"Node Type": "Hash", "Parent Relationship": "Inner", "Startup Cost": 20335.44, "Total Cost": 20335.44, "Plan Rows": 43, "Plan Width": 21, "Plans": [{"Node Type": "Streaming(type: LOCAL GATHER dop: 1/16)", "Parent Relationship": "Outer", "Startup Cost": 1069.17, "Total Cost": 20335.44, "Plan Rows": 43, "Plan Width": 21, "Plans": [{"Node Type": "Seq Scan", "Parent Relationship": "Outer", "Relation Name": "title", "Alias": "t", "Startup Cost": 1069.17, "Total Cost": 20334.51, "Plan Rows": 43, "Plan Width": 21, "Filter": "((production_year >= 2006) AND (production_year <= 2007) AND (((title)::text ~~ 'One Piece%'::text) OR ((title)::text ~~ 'Dragon Ball Z%'::text)))"}]}]}]}, {"Node Type": "Hash", "Parent Relationship": "Inner", "Startup Cost": 5903.45, "Total Cost": 5903.45, "Plan Rows": 6290, "Plan Width": 4, "Plans": [{"Node Type": "Seq Scan", "Parent Relationship": "Outer", "Relation Name": "company_name", "Alias": "cn", "Startup Cost": 0.0, "Total Cost": 5903.45, "Plan Rows": 6290, "Plan Width": 4, "Filter": "((country_code)::text = '[jp]'::text)"}]}]}, {"Node Type": "Hash", "Parent Relationship": "Inner", "Startup Cost": 1.15, "Total Cost": 1.15, "Plan Rows": 1, "Plan Width": 4, "Plans": [{"Node Type": "Seq Scan", "Parent Relationship": "Outer", "Relation Name": "role_type", "Alias": "rt", "Startup Cost": 0.0, "Total Cost": 1.15, "Plan Rows": 1, "Plan Width": 4, "Filter": "((role)::text = 'actress'::text)"}]}]}]}, "Unique SQL Id": 3956435728, "Planner Runtime": 181}, "explain_analyze_plan": null}, "(16, '79')": {"explain_plan": {"Plan": {"Node Type": "Aggregate", "Strategy": "Plain", "Startup Cost": 6721937472732.24, "Total Cost": 6721937472732.25, "Plan Rows": 1, "Plan Width": 97, "Plans": [{"Node Type": "Hash Join", "Parent Relationship": "Outer", "Join Type": "Inner", "Startup Cost": 3040079753570.94, "Total Cost": 6721937472732.24, "Plan Rows": 1, "Plan Width": 33, "Inner Unique": true, "Hash Cond": "(ci.role_id = rt.id)", "Plans": [{"Node Type": "Nested Loop", "Parent Relationship": "Outer", "Join Type": "Inner", "Startup Cost": 2040079752324.93, "Total Cost": 5721937471486.21, "Plan Rows": 1, "Plan Width": 37, "Inner Unique": true, "Plans": [{"Node Type": "Hash Join", "Parent Relationship": "Outer", "Join Type": "Inner", "Startup Cost": 2030079752324.93, "Total Cost": 4721937471048.78, "Plan Rows": 1, "Plan Width": 41, "Inner Unique": false, "Hash Cond": "(ci.movie_id = mc.movie_id)", "Plans": [{"Node Type": "Hash Join", "Parent Relationship": "Outer", "Join Type": "Inner", "Startup Cost": 1030064775826.29, "Total Cost": 3721922494536.56, "Plan Rows": 53, "Plan Width": 45, "Inner Unique": true, "Hash Cond": "(ci.movie_id = t.id)", "Plans": [{"Node Type": "Merge Join", "Parent Relationship": "Outer", "Join Type": "Inner", "Startup Cost": 30051235465.84, "Total Cost": 2721908954128.06, "Plan Rows": 17161, "Plan Width": 24, "Inner Unique": false, "Merge Cond": "(an.person_id = ci.person_id)", "Plans": [{"Node Type": "Merge Join", "Parent Relationship": "Outer", "Join Type": "Inner", "Startup Cost": 20030754356.47, "Total Cost": 2000026606025.89, "Plan Rows": 16627, "Plan Width": 24, "Inner Unique": true, "Merge Cond": "(an.person_id = n.id)", "Plans": [{"Node Type": "Index Scan", "Parent Relationship": "Outer", "Scan Direction": "Forward", "Index Name": "person_id_aka_name", "Relation Name": "aka_name", "Alias": "an", "Startup Cost": 10000000000.0, "Total Cost": 1000006896503.43, "Plan Rows": 901342, "Plan Width": 20}, {"Node Type": "Materialize", "Parent Relationship": "Inner", "Startup Cost": 10000000000.0, "Total Cost": 1000019707054.42, "Plan Rows": 13886, "Plan Width": 4, "Plans": [{"Node Type": "Index Scan", "Parent Relationship": "Outer", "Scan Direction": "Forward", "Index Name": "name_pkey", "Relation Name": "name", "Alias": "n", "Startup Cost": 10000000000.0, "Total Cost": 1000019707019.7, "Plan Rows": 13886, "Plan Width": 4, "Filter": "(((name)::text ~~ '%Yo%'::text) AND ((name)::text !~~ '%Yu%'::text))"}]}]}, {"Node Type": "Index Scan", "Parent Relationship": "Inner", "Scan Direction": "Forward", "Index Name": "person_id_cast_info", "Relation Name": "cast_info", "Alias": "ci", "Startup Cost": 10000000000.0, "Total Cost": 1000179713706.71, "Plan Rows": 96692, "Plan Width": 12, "Filter": "((note)::text = '(voice: English version)'::text)"}]}, {"Node Type": "Hash", "Parent Relationship": "Inner", "Startup Cost": 1000013540359.91, "Total Cost": 1000013540359.91, "Plan Rows": 43, "Plan Width": 21, "Plans": [{"Node Type": "Index Scan", "Parent Relationship": "Outer", "Scan Direction": "Forward", "Index Name": "title_pkey", "Relation Name": "title", "Alias": "t", "Startup Cost": 10000000000.0, "Total Cost": 1000013540359.91, "Plan Rows": 43, "Plan Width": 21, "Filter": "((production_year >= 2006) AND (production_year <= 2007) AND (((title)::text ~~ 'One Piece%'::text) OR ((title)::text ~~ 'Dragon Ball Z%'::text)))"}]}]}, {"Node Type": "Hash", "Parent Relationship": "Inner", "Startup Cost": 1000014976477.98, "Total Cost": 1000014976477.98, "Plan Rows": 1652, "Plan Width": 8, "Plans": [{"Node Type": "Index Scan", "Parent Relationship": "Outer", "Scan Direction": "Forward", "Index Name": "company_id_movie_companies", "Relation Name": "movie_companies", "Alias": "mc", "Startup Cost": 10000000000.0, "Total Cost": 1000014976477.98, "Plan Rows": 1652, "Plan Width": 8, "Filter": "(((note)::text ~~ '%(Japan)%'::text) AND ((note)::text !~~ '%(USA)%'::text) AND (((note)::text ~~ '%(2006)%'::text) OR ((note)::text ~~ '%(2007)%'::text)))"}]}]}, {"Node Type": "Index Scan", "Parent Relationship": "Inner", "Scan Direction": "Forward", "Index Name": "company_name_pkey", "Relation Name": "company_name", "Alias": "cn", "Startup Cost": 10000000000.0, "Total Cost": 1000000000437.42, "Plan Rows": 1, "Plan Width": 4, "Index Cond": "(id = mc.company_id)", "Filter": "((country_code)::text = '[jp]'::text)"}]}, {"Node Type": "Hash", "Parent Relationship": "Inner", "Startup Cost": 1000000001246.0, "Total Cost": 1000000001246.0, "Plan Rows": 1, "Plan Width": 4, "Plans": [{"Node Type": "Index Scan", "Parent Relationship": "Outer", "Scan Direction": "Forward", "Index Name": "role_type_pkey", "Relation Name": "role_type", "Alias": "rt", "Startup Cost": 10000000000.0, "Total Cost": 1000000001246.0, "Plan Rows": 1, "Plan Width": 4, "Filter": "((role)::text = 'actress'::text)"}]}]}]}, "Unique SQL Id": 3956435728, "Planner Runtime": 146}, "explain_analyze_plan": null}, "(16, '80')": {"explain_plan": {"Plan": {"Node Type": "Aggregate", "Strategy": "Plain", "Startup Cost": 20891.31, "Total Cost": 20891.32, "Plan Rows": 1, "Plan Width": 97, "Plans": [{"Node Type": "Nested Loop", "Parent Relationship": "Outer", "Join Type": "Inner", "Startup Cost": 1069.17, "Total Cost": 20891.3, "Plan Rows": 1, "Plan Width": 33, "Inner Unique": true, "Plans": [{"Node Type": "Nested Loop", "Parent Relationship": "Outer", "Join Type": "Inner", "Startup Cost": 1069.17, "Total Cost": 20891.02, "Plan Rows": 1, "Plan Width": 37, "Inner Unique": true, "Plans": [{"Node Type": "Nested Loop", "Parent Relationship": "Outer", "Join Type": "Inner", "Startup Cost": 1069.17, "Total Cost": 20890.44, "Plan Rows": 1, "Plan Width": 45, "Inner Unique": true, "Plans": [{"Node Type": "Nested Loop", "Parent Relationship": "Outer", "Join Type": "Inner", "Startup Cost": 1069.17, "Total Cost": 20886.05, "Plan Rows": 1, "Plan Width": 49, "Inner Unique": false, "Plans": [{"Node Type": "Nested Loop", "Parent Relationship": "Outer", "Join Type": "Inner", "Startup Cost": 1069.17, "Total Cost": 20885.2, "Plan Rows": 1, "Plan Width": 29, "Inner Unique": false, "Join Filter": "(t.id = ci.movie_id)", "Plans": [{"Node Type": "Nested Loop", "Parent Relationship": "Outer", "Join Type": "Inner", "Startup Cost": 1069.17, "Total Cost": 20829.42, "Plan Rows": 2, "Plan Width": 29, "Inner Unique": false, "Plans": [{"Node Type": "Streaming(type: LOCAL GATHER dop: 1/16)", "Parent Relationship": "Outer", "Startup Cost": 1069.17, "Total Cost": 20335.44, "Plan Rows": 43, "Plan Width": 21, "Plans": [{"Node Type": "Seq Scan", "Parent Relationship": "Outer", "Relation Name": "title", "Alias": "t", "Startup Cost": 1069.17, "Total Cost": 20334.51, "Plan Rows": 43, "Plan Width": 21, "Filter": "((production_year >= 2006) AND (production_year <= 2007) AND (((title)::text ~~ 'One Piece%'::text) OR ((title)::text ~~ 'Dragon Ball Z%'::text)))"}]}, {"Node Type": "Index Scan", "Parent Relationship": "Inner", "Scan Direction": "Forward", "Index Name": "movie_id_movie_companies", "Relation Name": "movie_companies", "Alias": "mc", "Startup Cost": 0.0, "Total Cost": 11.48, "Plan Rows": 1, "Plan Width": 8, "Index Cond": "(movie_id = t.id)", "Filter": "(((note)::text ~~ '%(Japan)%'::text) AND ((note)::text !~~ '%(USA)%'::text) AND (((note)::text ~~ '%(2006)%'::text) OR ((note)::text ~~ '%(2007)%'::text)))"}]}, {"Node Type": "Index Scan", "Parent Relationship": "Inner", "Scan Direction": "Forward", "Index Name": "movie_id_cast_info", "Relation Name": "cast_info", "Alias": "ci", "Startup Cost": 0.0, "Total Cost": 27.88, "Plan Rows": 1, "Plan Width": 12, "Index Cond": "(movie_id = mc.movie_id)", "Filter": "((note)::text = '(voice: English version)'::text)"}]}, {"Node Type": "Index Scan", "Parent Relationship": "Inner", "Scan Direction": "Forward", "Index Name": "person_id_aka_name", "Relation Name": "aka_name", "Alias": "an", "Startup Cost": 0.0, "Total Cost": 0.84, "Plan Rows": 1, "Plan Width": 20, "Index Cond": "(person_id = ci.person_id)"}]}, {"Node Type": "Index Scan", "Parent Relationship": "Inner", "Scan Direction": "Forward", "Index Name": "company_name_pkey", "Relation Name": "company_name", "Alias": "cn", "Startup Cost": 0.0, "Total Cost": 4.37, "Plan Rows": 1, "Plan Width": 4, "Index Cond": "(id = mc.company_id)", "Filter": "((country_code)::text = '[jp]'::text)"}]}, {"Node Type": "Index Scan", "Parent Relationship": "Inner", "Scan Direction": "Forward", "Index Name": "name_pkey", "Relation Name": "name", "Alias": "n", "Startup Cost": 0.0, "Total Cost": 0.57, "Plan Rows": 1, "Plan Width": 4, "Index Cond": "(id = an.person_id)", "Filter": "(((name)::text ~~ '%Yo%'::text) AND ((name)::text !~~ '%Yu%'::text))"}]}, {"Node Type": "Index Scan", "Parent Relationship": "Inner", "Scan Direction": "Forward", "Index Name": "role_type_pkey", "Relation Name": "role_type", "Alias": "rt", "Startup Cost": 0.0, "Total Cost": 0.27, "Plan Rows": 1, "Plan Width": 4, "Index Cond": "(id = ci.role_id)", "Filter": "((role)::text = 'actress'::text)"}]}]}, "Unique SQL Id": 3956435728, "Planner Runtime": 21}, "explain_analyze_plan": {"Plan": {"Node Type": "Aggregate", "Strategy": "Plain", "Startup Cost": 20891.31, "Total Cost": 20891.32, "Plan Rows": 1, "Plan Width": 97, "Actual Min Startup Time": 82.24, "Actual Max Startup Time": 82.24, "Actual Min Total Time": 82.24, "Actual Max Total Time": 82.24, "Plans": [{"Node Type": "Nested Loop", "Parent Relationship": "Outer", "Join Type": "Inner", "Startup Cost": 1069.17, "Total Cost": 20891.3, "Plan Rows": 1, "Plan Width": 33, "Actual Min Startup Time": 79.771, "Actual Max Startup Time": 79.771, "Actual Min Total Time": 82.203, "Actual Max Total Time": 82.203, "Inner Unique": true, "Plans": [{"Node Type": "Nested Loop", "Parent Relationship": "Outer", "Join Type": "Inner", "Startup Cost": 1069.17, "Total Cost": 20891.02, "Plan Rows": 1, "Plan Width": 37, "Actual Min Startup Time": 79.76, "Actual Max Startup Time": 79.76, "Actual Min Total Time": 82.178, "Actual Max Total Time": 82.178, "Inner Unique": true, "Plans": [{"Node Type": "Nested Loop", "Parent Relationship": "Outer", "Join Type": "Inner", "Startup Cost": 1069.17, "Total Cost": 20890.44, "Plan Rows": 1, "Plan Width": 45, "Actual Min Startup Time": 78.621, "Actual Max Startup Time": 78.621, "Actual Min Total Time": 81.338, "Actual Max Total Time": 81.338, "Inner Unique": true, "Plans": [{"Node Type": "Nested Loop", "Parent Relationship": "Outer", "Join Type": "Inner", "Startup Cost": 1069.17, "Total Cost": 20886.05, "Plan Rows": 1, "Plan Width": 49, "Actual Min Startup Time": 78.603, "Actual Max Startup Time": 78.603, "Actual Min Total Time": 80.695, "Actual Max Total Time": 80.695, "Inner Unique": false, "Plans": [{"Node Type": "Nested Loop", "Parent Relationship": "Outer", "Join Type": "Inner", "Startup Cost": 1069.17, "Total Cost": 20885.2, "Plan Rows": 1, "Plan Width": 29, "Actual Min Startup Time": 78.587, "Actual Max Startup Time": 78.587, "Actual Min Total Time": 79.943, "Actual Max Total Time": 79.943, "Inner Unique": false, "Join Filter": "(t.id = ci.movie_id)", "Rows Removed by Join Filter": 0, "Plans": [{"Node Type": "Nested Loop", "Parent Relationship": "Outer", "Join Type": "Inner", "Startup Cost": 1069.17, "Total Cost": 20829.42, "Plan Rows": 2, "Plan Width": 29, "Actual Min Startup Time": 78.48, "Actual Max Startup Time": 78.48, "Actual Min Total Time": 79.571, "Actual Max Total Time": 79.571, "Inner Unique": false, "Plans": [{"Node Type": "Streaming(type: LOCAL GATHER dop: 1/16)", "Parent Relationship": "Outer", "Startup Cost": 1069.17, "Total Cost": 20335.44, "Plan Rows": 43, "Plan Width": 21, "Actual Min Startup Time": 78.374, "Actual Max Startup Time": 78.374, "Actual Min Total Time": 79.397, "Actual Max Total Time": 79.397, "Plans": [{"Node Type": "Seq Scan", "Parent Relationship": "Outer", "Relation Name": "title", "Alias": "t", "Startup Cost": 1069.17, "Total Cost": 20334.51, "Plan Rows": 43, "Plan Width": 21, "Actual Min Startup Time": 48.113, "Actual Max Startup Time": 65.731, "Actual Min Total Time": 62.348, "Actual Max Total Time": 65.731, "Filter": "((production_year >= 2006) AND (production_year <= 2007) AND (((title)::text ~~ 'One Piece%'::text) OR ((title)::text ~~ 'Dragon Ball Z%'::text)))", "Rows Removed by Filter": 2528304, "Actual Rows": 7}], "Actual Rows": 7}, {"Node Type": "Index Scan", "Parent Relationship": "Inner", "Scan Direction": "Forward", "Index Name": "movie_id_movie_companies", "Relation Name": "movie_companies", "Alias": "mc", "Startup Cost": 0.0, "Total Cost": 11.48, "Plan Rows": 1, "Plan Width": 8, "Actual Min Startup Time": 0.139, "Actual Max Startup Time": 0.139, "Actual Min Total Time": 0.148, "Actual Max Total Time": 0.148, "Index Cond": "(movie_id = t.id)", "Rows Removed by Index Recheck": 0, "Filter": "(((note)::text ~~ '%(Japan)%'::text) AND ((note)::text !~~ '%(USA)%'::text) AND (((note)::text ~~ '%(2006)%'::text) OR ((note)::text ~~ '%(2007)%'::text)))", "Rows Removed by Filter": 13, "Actual Rows": 4}], "Actual Rows": 4}, {"Node Type": "Index Scan", "Parent Relationship": "Inner", "Scan Direction": "Forward", "Index Name": "movie_id_cast_info", "Relation Name": "cast_info", "Alias": "ci", "Startup Cost": 0.0, "Total Cost": 27.88, "Plan Rows": 1, "Plan Width": 12, "Actual Min Startup Time": 0.106, "Actual Max Startup Time": 0.106, "Actual Min Total Time": 0.331, "Actual Max Total Time": 0.331, "Index Cond": "(movie_id = mc.movie_id)", "Rows Removed by Index Recheck": 0, "Filter": "((note)::text = '(voice: English version)'::text)", "Rows Removed by Filter": 68, "Actual Rows": 104}], "Actual Rows": 104}, {"Node Type": "Index Scan", "Parent Relationship": "Inner", "Scan Direction": "Forward", "Index Name": "person_id_aka_name", "Relation Name": "aka_name", "Alias": "an", "Startup Cost": 0.0, "Total Cost": 0.84, "Plan Rows": 1, "Plan Width": 20, "Actual Min Startup Time": 0.52, "Actual Max Startup Time": 0.52, "Actual Min Total Time": 0.636, "Actual Max Total Time": 0.636, "Index Cond": "(person_id = ci.person_id)", "Rows Removed by Index Recheck": 0, "Actual Rows": 171}], "Actual Rows": 171}, {"Node Type": "Index Scan", "Parent Relationship": "Inner", "Scan Direction": "Forward", "Index Name": "company_name_pkey", "Relation Name": "company_name", "Alias": "cn", "Startup Cost": 0.0, "Total Cost": 4.37, "Plan Rows": 1, "Plan Width": 4, "Actual Min Startup Time": 0.51, "Actual Max Startup Time": 0.51, "Actual Min Total Time": 0.51, "Actual Max Total Time": 0.51, "Index Cond": "(id = mc.company_id)", "Rows Removed by Index Recheck": 0, "Filter": "((country_code)::text = '[jp]'::text)", "Rows Removed by Filter": 0, "Actual Rows": 171}], "Actual Rows": 171}, {"Node Type": "Index Scan", "Parent Relationship": "Inner", "Scan Direction": "Forward", "Index Name": "name_pkey", "Relation Name": "name", "Alias": "n", "Startup Cost": 0.0, "Total Cost": 0.57, "Plan Rows": 1, "Plan Width": 4, "Actual Min Startup Time": 0.745, "Actual Max Startup Time": 0.745, "Actual Min Total Time": 0.745, "Actual Max Total Time": 0.745, "Index Cond": "(id = an.person_id)", "Rows Removed by Index Recheck": 0, "Filter": "(((name)::text ~~ '%Yo%'::text) AND ((name)::text !~~ '%Yu%'::text))", "Rows Removed by Filter": 165, "Actual Rows": 6}], "Actual Rows": 6}, {"Node Type": "Index Scan", "Parent Relationship": "Inner", "Scan Direction": "Forward", "Index Name": "role_type_pkey", "Relation Name": "role_type", "Alias": "rt", "Startup Cost": 0.0, "Total Cost": 0.27, "Plan Rows": 1, "Plan Width": 4, "Actual Min Startup Time": 0.018, "Actual Max Startup Time": 0.018, "Actual Min Total Time": 0.018, "Actual Max Total Time": 0.018, "Index Cond": "(id = ci.role_id)", "Rows Removed by Index Recheck": 0, "Filter": "((role)::text = 'actress'::text)", "Rows Removed by Filter": 0, "Actual Rows": 6}], "Actual Rows": 6}], "Actual Rows": 1}, "Triggers": [], "Planner Runtime": 30.568, "Total Runtime": 84.938, "Unique SQL Id": 3956435728}}, "(16, '81')": {"explain_plan": {"Plan": {"Node Type": "Aggregate", "Strategy": "Plain", "Startup Cost": 82294.12, "Total Cost": 82294.13, "Plan Rows": 1, "Plan Width": 97, "Plans": [{"Node Type": "Nested Loop", "Parent Relationship": "Outer", "Join Type": "Inner", "Startup Cost": 2780.8, "Total Cost": 82294.12, "Plan Rows": 1, "Plan Width": 33, "Inner Unique": true, "Plans": [{"Node Type": "Nested Loop", "Parent Relationship": "Outer", "Join Type": "Inner", "Startup Cost": 2780.8, "Total Cost": 82293.84, "Plan Rows": 1, "Plan Width": 37, "Inner Unique": true, "Plans": [{"Node Type": "Nested Loop", "Parent Relationship": "Outer", "Join Type": "Inner", "Startup Cost": 2780.8, "Total Cost": 82293.26, "Plan Rows": 1, "Plan Width": 45, "Inner Unique": false, "Plans": [{"Node Type": "Nested Loop", "Parent Relationship": "Outer", "Join Type": "Inner", "Startup Cost": 2780.8, "Total Cost": 82292.4, "Plan Rows": 1, "Plan Width": 25, "Inner Unique": false, "Join Filter": "(t.id = ci.movie_id)", "Plans": [{"Node Type": "Nested Loop", "Parent Relationship": "Outer", "Join Type": "Inner", "Startup Cost": 2780.8, "Total Cost": 82236.62, "Plan Rows": 2, "Plan Width": 25, "Inner Unique": true, "Plans": [{"Node Type": "Nested Loop", "Parent Relationship": "Outer", "Join Type": "Inner", "Startup Cost": 2780.8, "Total Cost": 80174.39, "Plan Rows": 262, "Plan Width": 4, "Inner Unique": false, "Plans": [{"Node Type": "Bitmap Heap Scan", "Parent Relationship": "Outer", "Relation Name": "company_name", "Alias": "cn", "Startup Cost": 2780.8, "Total Cost": 8684.25, "Plan Rows": 6290, "Plan Width": 4, "Filter": "((country_code)::text = '[jp]'::text)", "Plans": [{"Node Type": "Bitmap Index Scan", "Parent Relationship": "Outer", "Index Name": "company_name_pkey", "Startup Cost": 0.0, "Total Cost": 2779.23, "Plan Rows": 234996, "Plan Width": 0}]}, {"Node Type": "Index Scan", "Parent Relationship": "Inner", "Scan Direction": "Forward", "Index Name": "company_id_movie_companies", "Relation Name": "movie_companies", "Alias": "mc", "Startup Cost": 0.0, "Total Cost": 11.36, "Plan Rows": 1, "Plan Width": 8, "Index Cond": "(company_id = cn.id)", "Filter": "(((note)::text ~~ '%(Japan)%'::text) AND ((note)::text !~~ '%(USA)%'::text) AND (((note)::text ~~ '%(2006)%'::text) OR ((note)::text ~~ '%(2007)%'::text)))"}]}, {"Node Type": "Index Scan", "Parent Relationship": "Inner", "Scan Direction": "Forward", "Index Name": "title_pkey", "Relation Name": "title", "Alias": "t", "Startup Cost": 0.0, "Total Cost": 7.86, "Plan Rows": 1, "Plan Width": 21, "Index Cond": "(id = mc.movie_id)", "Filter": "((production_year >= 2006) AND (production_year <= 2007) AND (((title)::text ~~ 'One Piece%'::text) OR ((title)::text ~~ 'Dragon Ball Z%'::text)))"}]}, {"Node Type": "Index Scan", "Parent Relationship": "Inner", "Scan Direction": "Forward", "Index Name": "movie_id_cast_info", "Relation Name": "cast_info", "Alias": "ci", "Startup Cost": 0.0, "Total Cost": 27.88, "Plan Rows": 1, "Plan Width": 12, "Index Cond": "(movie_id = mc.movie_id)", "Filter": "((note)::text = '(voice: English version)'::text)"}]}, {"Node Type": "Index Scan", "Parent Relationship": "Inner", "Scan Direction": "Forward", "Index Name": "person_id_aka_name", "Relation Name": "aka_name", "Alias": "an", "Startup Cost": 0.0, "Total Cost": 0.84, "Plan Rows": 1, "Plan Width": 20, "Index Cond": "(person_id = ci.person_id)"}]}, {"Node Type": "Index Scan", "Parent Relationship": "Inner", "Scan Direction": "Forward", "Index Name": "name_pkey", "Relation Name": "name", "Alias": "n", "Startup Cost": 0.0, "Total Cost": 0.57, "Plan Rows": 1, "Plan Width": 4, "Index Cond": "(id = an.person_id)", "Filter": "(((name)::text ~~ '%Yo%'::text) AND ((name)::text !~~ '%Yu%'::text))"}]}, {"Node Type": "Index Scan", "Parent Relationship": "Inner", "Scan Direction": "Forward", "Index Name": "role_type_pkey", "Relation Name": "role_type", "Alias": "rt", "Startup Cost": 0.0, "Total Cost": 0.27, "Plan Rows": 1, "Plan Width": 4, "Index Cond": "(id = ci.role_id)", "Filter": "((role)::text = 'actress'::text)"}]}]}, "Unique SQL Id": 3956435728, "Planner Runtime": 20}, "explain_analyze_plan": null}, "(16, '82')": {"explain_plan": {"Plan": {"Node Type": "Aggregate", "Strategy": "Plain", "Startup Cost": 20934.09, "Total Cost": 20934.1, "Plan Rows": 1, "Plan Width": 97, "Plans": [{"Node Type": "Nested Loop", "Parent Relationship": "Outer", "Join Type": "Inner", "Startup Cost": 20921.98, "Total Cost": 20934.08, "Plan Rows": 1, "Plan Width": 33, "Inner Unique": true, "Plans": [{"Node Type": "Nested Loop", "Parent Relationship": "Outer", "Join Type": "Inner", "Startup Cost": 20921.65, "Total Cost": 20929.73, "Plan Rows": 1, "Plan Width": 41, "Inner Unique": true, "Plans": [{"Node Type": "Nested Loop", "Parent Relationship": "Outer", "Join Type": "Inner", "Startup Cost": 20920.43, "Total Cost": 20924.47, "Plan Rows": 1, "Plan Width": 45, "Inner Unique": false, "Plans": [{"Node Type": "Merge Join", "Parent Relationship": "Outer", "Join Type": "Inner", "Startup Cost": 20920.04, "Total Cost": 20920.07, "Plan Rows": 1, "Plan Width": 25, "Inner Unique": true, "Merge Cond": "(ci.role_id = rt.id)", "Plans": [{"Node Type": "Sort", "Parent Relationship": "Outer", "Startup Cost": 20918.88, "Total Cost": 20918.89, "Plan Rows": 1, "Plan Width": 29, "Sort Key": ["ci.role_id"], "Plans": [{"Node Type": "Nested Loop", "Parent Relationship": "Outer", "Join Type": "Inner", "Startup Cost": 1077.71, "Total Cost": 20918.87, "Plan Rows": 1, "Plan Width": 29, "Inner Unique": false, "Join Filter": "(t.id = ci.movie_id)", "Plans": [{"Node Type": "Nested Loop", "Parent Relationship": "Outer", "Join Type": "Inner", "Startup Cost": 1073.44, "Total Cost": 20862.3, "Plan Rows": 2, "Plan Width": 29, "Inner Unique": false, "Plans": [{"Node Type": "Streaming(type: LOCAL GATHER dop: 1/16)", "Parent Relationship": "Outer", "Startup Cost": 1069.17, "Total Cost": 20335.44, "Plan Rows": 43, "Plan Width": 21, "Plans": [{"Node Type": "Seq Scan", "Parent Relationship": "Outer", "Relation Name": "title", "Alias": "t", "Startup Cost": 1069.17, "Total Cost": 20334.51, "Plan Rows": 43, "Plan Width": 21, "Filter": "((production_year >= 2006) AND (production_year <= 2007) AND (((title)::text ~~ 'One Piece%'::text) OR ((title)::text ~~ 'Dragon Ball Z%'::text)))"}]}, {"Node Type": "Bitmap Heap Scan", "Parent Relationship": "Inner", "Relation Name": "movie_companies", "Alias": "mc", "Startup Cost": 4.27, "Total Cost": 12.24, "Plan Rows": 1, "Plan Width": 8, "Recheck Cond": "(movie_id = t.id)", "Filter": "(((note)::text ~~ '%(Japan)%'::text) AND ((note)::text !~~ '%(USA)%'::text) AND (((note)::text ~~ '%(2006)%'::text) OR ((note)::text ~~ '%(2007)%'::text)))", "Plans": [{"Node Type": "Bitmap Index Scan", "Parent Relationship": "Outer", "Index Name": "movie_id_movie_companies", "Startup Cost": 0.0, "Total Cost": 4.26, "Plan Rows": 2, "Plan Width": 0, "Index Cond": "(movie_id = t.id)"}]}]}, {"Node Type": "Bitmap Heap Scan", "Parent Relationship": "Inner", "Relation Name": "cast_info", "Alias": "ci", "Startup Cost": 4.27, "Total Cost": 28.27, "Plan Rows": 1, "Plan Width": 12, "Recheck Cond": "(movie_id = mc.movie_id)", "Filter": "((note)::text = '(voice: English version)'::text)", "Plans": [{"Node Type": "Bitmap Index Scan", "Parent Relationship": "Outer", "Index Name": "movie_id_cast_info", "Startup Cost": 0.0, "Total Cost": 4.27, "Plan Rows": 6, "Plan Width": 0, "Index Cond": "(movie_id = mc.movie_id)"}]}]}]}, {"Node Type": "Sort", "Parent Relationship": "Inner", "Startup Cost": 1.16, "Total Cost": 1.16, "Plan Rows": 1, "Plan Width": 4, "Sort Key": ["rt.id"], "Plans": [{"Node Type": "Seq Scan", "Parent Relationship": "Outer", "Relation Name": "role_type", "Alias": "rt", "Startup Cost": 0.0, "Total Cost": 1.15, "Plan Rows": 1, "Plan Width": 4, "Filter": "((role)::text = 'actress'::text)"}]}]}, {"Node Type": "Bitmap Heap Scan", "Parent Relationship": "Inner", "Relation Name": "aka_name", "Alias": "an", "Startup Cost": 0.38, "Total Cost": 4.39, "Plan Rows": 1, "Plan Width": 20, "Recheck Cond": "(person_id = ci.person_id)", "Plans": [{"Node Type": "Bitmap Index Scan", "Parent Relationship": "Outer", "Index Name": "person_id_aka_name", "Startup Cost": 0.0, "Total Cost": 0.38, "Plan Rows": 1, "Plan Width": 0, "Index Cond": "(person_id = ci.person_id)"}]}]}, {"Node Type": "Bitmap Heap Scan", "Parent Relationship": "Inner", "Relation Name": "company_name", "Alias": "cn", "Startup Cost": 1.23, "Total Cost": 5.24, "Plan Rows": 1, "Plan Width": 4, "Recheck Cond": "(id = mc.company_id)", "Filter": "((country_code)::text = '[jp]'::text)", "Plans": [{"Node Type": "Bitmap Index Scan", "Parent Relationship": "Outer", "Index Name": "company_name_pkey", "Startup Cost": 0.0, "Total Cost": 1.23, "Plan Rows": 1, "Plan Width": 0, "Index Cond": "(id = mc.company_id)"}]}]}, {"Node Type": "Bitmap Heap Scan", "Parent Relationship": "Inner", "Relation Name": "name", "Alias": "n", "Startup Cost": 0.33, "Total Cost": 4.34, "Plan Rows": 1, "Plan Width": 4, "Recheck Cond": "(id = an.person_id)", "Filter": "(((name)::text ~~ '%Yo%'::text) AND ((name)::text !~~ '%Yu%'::text))", "Plans": [{"Node Type": "Bitmap Index Scan", "Parent Relationship": "Outer", "Index Name": "name_pkey", "Startup Cost": 0.0, "Total Cost": 0.33, "Plan Rows": 1, "Plan Width": 0, "Index Cond": "(id = an.person_id)"}]}]}]}, "Unique SQL Id": 3956435728, "Planner Runtime": 27}, "explain_analyze_plan": {"Plan": {"Node Type": "Aggregate", "Strategy": "Plain", "Startup Cost": 20934.09, "Total Cost": 20934.1, "Plan Rows": 1, "Plan Width": 97, "Actual Min Startup Time": 84.416, "Actual Max Startup Time": 84.416, "Actual Min Total Time": 84.417, "Actual Max Total Time": 84.417, "Plans": [{"Node Type": "Nested Loop", "Parent Relationship": "Outer", "Join Type": "Inner", "Startup Cost": 20921.98, "Total Cost": 20934.08, "Plan Rows": 1, "Plan Width": 33, "Actual Min Startup Time": 84.124, "Actual Max Startup Time": 84.124, "Actual Min Total Time": 84.384, "Actual Max Total Time": 84.384, "Inner Unique": true, "Plans": [{"Node Type": "Nested Loop", "Parent Relationship": "Outer", "Join Type": "Inner", "Startup Cost": 20921.65, "Total Cost": 20929.73, "Plan Rows": 1, "Plan Width": 41, "Actual Min Startup Time": 83.821, "Actual Max Startup Time": 83.821, "Actual Min Total Time": 84.189, "Actual Max Total Time": 84.189, "Inner Unique": true, "Plans": [{"Node Type": "Nested Loop", "Parent Relationship": "Outer", "Join Type": "Inner", "Startup Cost": 20920.43, "Total Cost": 20924.47, "Plan Rows": 1, "Plan Width": 45, "Actual Min Startup Time": 83.799, "Actual Max Startup Time": 83.799, "Actual Min Total Time": 84.033, "Actual Max Total Time": 84.033, "Inner Unique": false, "Plans": [{"Node Type": "Merge Join", "Parent Relationship": "Outer", "Join Type": "Inner", "Startup Cost": 20920.04, "Total Cost": 20920.07, "Plan Rows": 1, "Plan Width": 25, "Actual Min Startup Time": 83.778, "Actual Max Startup Time": 83.778, "Actual Min Total Time": 83.797, "Actual Max Total Time": 83.797, "Inner Unique": true, "Merge Cond": "(ci.role_id = rt.id)", "Plans": [{"Node Type": "Sort", "Parent Relationship": "Outer", "Startup Cost": 20918.88, "Total Cost": 20918.89, "Plan Rows": 1, "Plan Width": 29, "Actual Min Startup Time": 83.698, "Actual Max Startup Time": 83.698, "Actual Min Total Time": 83.708, "Actual Max Total Time": 83.708, "Sort Key": ["ci.role_id"], "Sort Method": "quicksort", "Sort Space Min Used": 40, "Sort Space Max Used": 40, "Sort Space Type": "Memory", "Plans": [{"Node Type": "Nested Loop", "Parent Relationship": "Outer", "Join Type": "Inner", "Startup Cost": 1077.71, "Total Cost": 20918.87, "Plan Rows": 1, "Plan Width": 29, "Actual Min Startup Time": 80.888, "Actual Max Startup Time": 80.888, "Actual Min Total Time": 83.627, "Actual Max Total Time": 83.627, "Inner Unique": false, "Join Filter": "(t.id = ci.movie_id)", "Rows Removed by Join Filter": 0, "Plans": [{"Node Type": "Nested Loop", "Parent Relationship": "Outer", "Join Type": "Inner", "Startup Cost": 1073.44, "Total Cost": 20862.3, "Plan Rows": 2, "Plan Width": 29, "Actual Min Startup Time": 80.718, "Actual Max Startup Time": 80.718, "Actual Min Total Time": 83.206, "Actual Max Total Time": 83.206, "Inner Unique": false, "Plans": [{"Node Type": "Streaming(type: LOCAL GATHER dop: 1/16)", "Parent Relationship": "Outer", "Startup Cost": 1069.17, "Total Cost": 20335.44, "Plan Rows": 43, "Plan Width": 21, "Actual Min Startup Time": 80.581, "Actual Max Startup Time": 80.581, "Actual Min Total Time": 82.967, "Actual Max Total Time": 82.967, "Plans": [{"Node Type": "Seq Scan", "Parent Relationship": "Outer", "Relation Name": "title", "Alias": "t", "Startup Cost": 1069.17, "Total Cost": 20334.51, "Plan Rows": 43, "Plan Width": 21, "Actual Min Startup Time": 48.026, "Actual Max Startup Time": 65.753, "Actual Min Total Time": 62.416, "Actual Max Total Time": 65.753, "Filter": "((production_year >= 2006) AND (production_year <= 2007) AND (((title)::text ~~ 'One Piece%'::text) OR ((title)::text ~~ 'Dragon Ball Z%'::text)))", "Rows Removed by Filter": 2528304, "Actual Rows": 7}], "Actual Rows": 7}, {"Node Type": "Bitmap Heap Scan", "Parent Relationship": "Inner", "Relation Name": "movie_companies", "Alias": "mc", "Startup Cost": 4.27, "Total Cost": 12.24, "Plan Rows": 1, "Plan Width": 8, "Actual Min Startup Time": 0.19, "Actual Max Startup Time": 0.19, "Actual Min Total Time": 0.198, "Actual Max Total Time": 0.198, "Recheck Cond": "(movie_id = t.id)", "Rows Removed by Index Recheck": 0, "Filter": "(((note)::text ~~ '%(Japan)%'::text) AND ((note)::text !~~ '%(USA)%'::text) AND (((note)::text ~~ '%(2006)%'::text) OR ((note)::text ~~ '%(2007)%'::text)))", "Rows Removed by Filter": 13, "Exact Heap Blocks": 13, "Lossy Heap Blocks": 13, "Plans": [{"Node Type": "Bitmap Index Scan", "Parent Relationship": "Outer", "Index Name": "movie_id_movie_companies", "Startup Cost": 0.0, "Total Cost": 4.26, "Plan Rows": 2, "Plan Width": 0, "Actual Min Startup Time": 0.085, "Actual Max Startup Time": 0.085, "Actual Min Total Time": 0.085, "Actual Max Total Time": 0.085, "Index Cond": "(movie_id = t.id)", "Actual Rows": 17}], "Actual Rows": 4}], "Actual Rows": 4}, {"Node Type": "Bitmap Heap Scan", "Parent Relationship": "Inner", "Relation Name": "cast_info", "Alias": "ci", "Startup Cost": 4.27, "Total Cost": 28.27, "Plan Rows": 1, "Plan Width": 12, "Actual Min Startup Time": 0.167, "Actual Max Startup Time": 0.167, "Actual Min Total Time": 0.377, "Actual Max Total Time": 0.377, "Recheck Cond": "(movie_id = mc.movie_id)", "Rows Removed by Index Recheck": 0, "Filter": "((note)::text = '(voice: English version)'::text)", "Rows Removed by Filter": 68, "Exact Heap Blocks": 133, "Lossy Heap Blocks": 133, "Plans": [{"Node Type": "Bitmap Index Scan", "Parent Relationship": "Outer", "Index Name": "movie_id_cast_info", "Startup Cost": 0.0, "Total Cost": 4.27, "Plan Rows": 6, "Plan Width": 0, "Actual Min Startup Time": 0.055, "Actual Max Startup Time": 0.055, "Actual Min Total Time": 0.055, "Actual Max Total Time": 0.055, "Index Cond": "(movie_id = mc.movie_id)", "Actual Rows": 172}], "Actual Rows": 104}], "Actual Rows": 104}], "Actual Rows": 104}, {"Node Type": "Sort", "Parent Relationship": "Inner", "Startup Cost": 1.16, "Total Cost": 1.16, "Plan Rows": 1, "Plan Width": 4, "Actual Min Startup Time": 0.056, "Actual Max Startup Time": 0.056, "Actual Min Total Time": 0.056, "Actual Max Total Time": 0.056, "Sort Key": ["rt.id"], "Sort Method": "quicksort", "Sort Space Min Used": 25, "Sort Space Max Used": 25, "Sort Space Type": "Memory", "Plans": [{"Node Type": "Seq Scan", "Parent Relationship": "Outer", "Relation Name": "role_type", "Alias": "rt", "Startup Cost": 0.0, "Total Cost": 1.15, "Plan Rows": 1, "Plan Width": 4, "Actual Min Startup Time": 0.018, "Actual Max Startup Time": 0.018, "Actual Min Total Time": 0.022, "Actual Max Total Time": 0.022, "Filter": "((role)::text = 'actress'::text)", "Rows Removed by Filter": 11, "Actual Rows": 1}], "Actual Rows": 1}], "Actual Rows": 25}, {"Node Type": "Bitmap Heap Scan", "Parent Relationship": "Inner", "Relation Name": "aka_name", "Alias": "an", "Startup Cost": 0.38, "Total Cost": 4.39, "Plan Rows": 1, "Plan Width": 20, "Actual Min Startup Time": 0.181, "Actual Max Startup Time": 0.181, "Actual Min Total Time": 0.192, "Actual Max Total Time": 0.192, "Recheck Cond": "(person_id = ci.person_id)", "Rows Removed by Index Recheck": 0, "Exact Heap Blocks": 20, "Lossy Heap Blocks": 20, "Plans": [{"Node Type": "Bitmap Index Scan", "Parent Relationship": "Outer", "Index Name": "person_id_aka_name", "Startup Cost": 0.0, "Total Cost": 0.38, "Plan Rows": 1, "Plan Width": 0, "Actual Min Startup Time": 0.136, "Actual Max Startup Time": 0.136, "Actual Min Total Time": 0.136, "Actual Max Total Time": 0.136, "Index Cond": "(person_id = ci.person_id)", "Actual Rows": 24}], "Actual Rows": 24}], "Actual Rows": 24}, {"Node Type": "Bitmap Heap Scan", "Parent Relationship": "Inner", "Relation Name": "company_name", "Alias": "cn", "Startup Cost": 1.23, "Total Cost": 5.24, "Plan Rows": 1, "Plan Width": 4, "Actual Min Startup Time": 0.117, "Actual Max Startup Time": 0.117, "Actual Min Total Time": 0.117, "Actual Max Total Time": 0.117, "Recheck Cond": "(id = mc.company_id)", "Rows Removed by Index Recheck": 0, "Filter": "((country_code)::text = '[jp]'::text)", "Rows Removed by Filter": 0, "Exact Heap Blocks": 24, "Lossy Heap Blocks": 24, "Plans": [{"Node Type": "Bitmap Index Scan", "Parent Relationship": "Outer", "Index Name": "company_name_pkey", "Startup Cost": 0.0, "Total Cost": 1.23, "Plan Rows": 1, "Plan Width": 0, "Actual Min Startup Time": 0.064, "Actual Max Startup Time": 0.064, "Actual Min Total Time": 0.064, "Actual Max Total Time": 0.064, "Index Cond": "(id = mc.company_id)", "Actual Rows": 24}], "Actual Rows": 24}], "Actual Rows": 24}, {"Node Type": "Bitmap Heap Scan", "Parent Relationship": "Inner", "Relation Name": "name", "Alias": "n", "Startup Cost": 0.33, "Total Cost": 4.34, "Plan Rows": 1, "Plan Width": 4, "Actual Min Startup Time": 0.161, "Actual Max Startup Time": 0.161, "Actual Min Total Time": 0.161, "Actual Max Total Time": 0.161, "Recheck Cond": "(id = an.person_id)", "Rows Removed by Index Recheck": 0, "Filter": "(((name)::text ~~ '%Yo%'::text) AND ((name)::text !~~ '%Yu%'::text))", "Rows Removed by Filter": 18, "Exact Heap Blocks": 24, "Lossy Heap Blocks": 24, "Plans": [{"Node Type": "Bitmap Index Scan", "Parent Relationship": "Outer", "Index Name": "name_pkey", "Startup Cost": 0.0, "Total Cost": 0.33, "Plan Rows": 1, "Plan Width": 0, "Actual Min Startup Time": 0.085, "Actual Max Startup Time": 0.085, "Actual Min Total Time": 0.085, "Actual Max Total Time": 0.085, "Index Cond": "(id = an.person_id)", "Actual Rows": 24}], "Actual Rows": 6}], "Actual Rows": 6}], "Actual Rows": 1}, "Triggers": [], "Planner Runtime": 27.526, "Total Runtime": 87.182, "Unique SQL Id": 3956435728}}, "(16, '83')": {"explain_plan": {"Plan": {"Node Type": "Aggregate", "Strategy": "Plain", "Startup Cost": 108949.86, "Total Cost": 108949.87, "Plan Rows": 1, "Plan Width": 97, "Plans": [{"Node Type": "Nested Loop", "Parent Relationship": "Outer", "Join Type": "Inner", "Startup Cost": 2793.35, "Total Cost": 108949.85, "Plan Rows": 1, "Plan Width": 33, "Inner Unique": true, "Plans": [{"Node Type": "Nested Loop", "Parent Relationship": "Outer", "Join Type": "Inner", "Startup Cost": 2793.09, "Total Cost": 108945.57, "Plan Rows": 1, "Plan Width": 37, "Inner Unique": true, "Plans": [{"Node Type": "Nested Loop", "Parent Relationship": "Outer", "Join Type": "Inner", "Startup Cost": 2792.76, "Total Cost": 108941.22, "Plan Rows": 1, "Plan Width": 45, "Inner Unique": false, "Plans": [{"Node Type": "Nested Loop", "Parent Relationship": "Outer", "Join Type": "Inner", "Startup Cost": 2792.38, "Total Cost": 108936.81, "Plan Rows": 1, "Plan Width": 25, "Inner Unique": false, "Join Filter": "(t.id = ci.movie_id)", "Plans": [{"Node Type": "Nested Loop", "Parent Relationship": "Outer", "Join Type": "Inner", "Startup Cost": 2788.11, "Total Cost": 108880.24, "Plan Rows": 2, "Plan Width": 25, "Inner Unique": true, "Plans": [{"Node Type": "Nested Loop", "Parent Relationship": "Outer", "Join Type": "Inner", "Startup Cost": 2784.18, "Total Cost": 106793.84, "Plan Rows": 262, "Plan Width": 4, "Inner Unique": false, "Plans": [{"Node Type": "Bitmap Heap Scan", "Parent Relationship": "Outer", "Relation Name": "company_name", "Alias": "cn", "Startup Cost": 2780.8, "Total Cost": 8684.25, "Plan Rows": 6290, "Plan Width": 4, "Filter": "((country_code)::text = '[jp]'::text)", "Plans": [{"Node Type": "Bitmap Index Scan", "Parent Relationship": "Outer", "Index Name": "company_name_pkey", "Startup Cost": 0.0, "Total Cost": 2779.23, "Plan Rows": 234996, "Plan Width": 0}]}, {"Node Type": "Bitmap Heap Scan", "Parent Relationship": "Inner", "Relation Name": "movie_companies", "Alias": "mc", "Startup Cost": 3.37, "Total Cost": 15.59, "Plan Rows": 1, "Plan Width": 8, "Recheck Cond": "(company_id = cn.id)", "Filter": "(((note)::text ~~ '%(Japan)%'::text) AND ((note)::text !~~ '%(USA)%'::text) AND (((note)::text ~~ '%(2006)%'::text) OR ((note)::text ~~ '%(2007)%'::text)))", "Plans": [{"Node Type": "Bitmap Index Scan", "Parent Relationship": "Outer", "Index Name": "company_id_movie_companies", "Startup Cost": 0.0, "Total Cost": 3.37, "Plan Rows": 15, "Plan Width": 0, "Index Cond": "(company_id = cn.id)"}]}]}, {"Node Type": "Bitmap Heap Scan", "Parent Relationship": "Inner", "Relation Name": "title", "Alias": "t", "Startup Cost": 3.93, "Total Cost": 7.95, "Plan Rows": 1, "Plan Width": 21, "Recheck Cond": "(id = mc.movie_id)", "Filter": "((production_year >= 2006) AND (production_year <= 2007) AND (((title)::text ~~ 'One Piece%'::text) OR ((title)::text ~~ 'Dragon Ball Z%'::text)))", "Plans": [{"Node Type": "Bitmap Index Scan", "Parent Relationship": "Outer", "Index Name": "title_pkey", "Startup Cost": 0.0, "Total Cost": 3.93, "Plan Rows": 1, "Plan Width": 0, "Index Cond": "(id = mc.movie_id)"}]}]}, {"Node Type": "Bitmap Heap Scan", "Parent Relationship": "Inner", "Relation Name": "cast_info", "Alias": "ci", "Startup Cost": 4.27, "Total Cost": 28.27, "Plan Rows": 1, "Plan Width": 12, "Recheck Cond": "(movie_id = mc.movie_id)", "Filter": "((note)::text = '(voice: English version)'::text)", "Plans": [{"Node Type": "Bitmap Index Scan", "Parent Relationship": "Outer", "Index Name": "movie_id_cast_info", "Startup Cost": 0.0, "Total Cost": 4.27, "Plan Rows": 6, "Plan Width": 0, "Index Cond": "(movie_id = mc.movie_id)"}]}]}, {"Node Type": "Bitmap Heap Scan", "Parent Relationship": "Inner", "Relation Name": "aka_name", "Alias": "an", "Startup Cost": 0.38, "Total Cost": 4.39, "Plan Rows": 1, "Plan Width": 20, "Recheck Cond": "(person_id = ci.person_id)", "Plans": [{"Node Type": "Bitmap Index Scan", "Parent Relationship": "Outer", "Index Name": "person_id_aka_name", "Startup Cost": 0.0, "Total Cost": 0.38, "Plan Rows": 1, "Plan Width": 0, "Index Cond": "(person_id = ci.person_id)"}]}]}, {"Node Type": "Bitmap Heap Scan", "Parent Relationship": "Inner", "Relation Name": "name", "Alias": "n", "Startup Cost": 0.33, "Total Cost": 4.34, "Plan Rows": 1, "Plan Width": 4, "Recheck Cond": "(id = an.person_id)", "Filter": "(((name)::text ~~ '%Yo%'::text) AND ((name)::text !~~ '%Yu%'::text))", "Plans": [{"Node Type": "Bitmap Index Scan", "Parent Relationship": "Outer", "Index Name": "name_pkey", "Startup Cost": 0.0, "Total Cost": 0.33, "Plan Rows": 1, "Plan Width": 0, "Index Cond": "(id = an.person_id)"}]}]}, {"Node Type": "Bitmap Heap Scan", "Parent Relationship": "Inner", "Relation Name": "role_type", "Alias": "rt", "Startup Cost": 0.26, "Total Cost": 4.27, "Plan Rows": 1, "Plan Width": 4, "Recheck Cond": "(id = ci.role_id)", "Filter": "((role)::text = 'actress'::text)", "Plans": [{"Node Type": "Bitmap Index Scan", "Parent Relationship": "Outer", "Index Name": "role_type_pkey", "Startup Cost": 0.0, "Total Cost": 0.26, "Plan Rows": 1, "Plan Width": 0, "Index Cond": "(id = ci.role_id)"}]}]}]}, "Unique SQL Id": 3956435728, "Planner Runtime": 27}, "explain_analyze_plan": null}, "(16, '84')": {"explain_plan": {"Plan": {"Node Type": "Aggregate", "Strategy": "Plain", "Startup Cost": 20891.31, "Total Cost": 20891.32, "Plan Rows": 1, "Plan Width": 97, "Plans": [{"Node Type": "Nested Loop", "Parent Relationship": "Outer", "Join Type": "Inner", "Startup Cost": 1069.17, "Total Cost": 20891.3, "Plan Rows": 1, "Plan Width": 33, "Inner Unique": true, "Plans": [{"Node Type": "Nested Loop", "Parent Relationship": "Outer", "Join Type": "Inner", "Startup Cost": 1069.17, "Total Cost": 20891.02, "Plan Rows": 1, "Plan Width": 37, "Inner Unique": true, "Plans": [{"Node Type": "Nested Loop", "Parent Relationship": "Outer", "Join Type": "Inner", "Startup Cost": 1069.17, "Total Cost": 20890.44, "Plan Rows": 1, "Plan Width": 45, "Inner Unique": true, "Plans": [{"Node Type": "Nested Loop", "Parent Relationship": "Outer", "Join Type": "Inner", "Startup Cost": 1069.17, "Total Cost": 20886.05, "Plan Rows": 1, "Plan Width": 49, "Inner Unique": false, "Plans": [{"Node Type": "Nested Loop", "Parent Relationship": "Outer", "Join Type": "Inner", "Startup Cost": 1069.17, "Total Cost": 20885.2, "Plan Rows": 1, "Plan Width": 29, "Inner Unique": false, "Join Filter": "(t.id = ci.movie_id)", "Plans": [{"Node Type": "Nested Loop", "Parent Relationship": "Outer", "Join Type": "Inner", "Startup Cost": 1069.17, "Total Cost": 20829.42, "Plan Rows": 2, "Plan Width": 29, "Inner Unique": false, "Plans": [{"Node Type": "Streaming(type: LOCAL GATHER dop: 1/16)", "Parent Relationship": "Outer", "Startup Cost": 1069.17, "Total Cost": 20335.44, "Plan Rows": 43, "Plan Width": 21, "Plans": [{"Node Type": "Seq Scan", "Parent Relationship": "Outer", "Relation Name": "title", "Alias": "t", "Startup Cost": 1069.17, "Total Cost": 20334.51, "Plan Rows": 43, "Plan Width": 21, "Filter": "((production_year >= 2006) AND (production_year <= 2007) AND (((title)::text ~~ 'One Piece%'::text) OR ((title)::text ~~ 'Dragon Ball Z%'::text)))"}]}, {"Node Type": "Index Scan", "Parent Relationship": "Inner", "Scan Direction": "Forward", "Index Name": "movie_id_movie_companies", "Relation Name": "movie_companies", "Alias": "mc", "Startup Cost": 0.0, "Total Cost": 11.48, "Plan Rows": 1, "Plan Width": 8, "Index Cond": "(movie_id = t.id)", "Filter": "(((note)::text ~~ '%(Japan)%'::text) AND ((note)::text !~~ '%(USA)%'::text) AND (((note)::text ~~ '%(2006)%'::text) OR ((note)::text ~~ '%(2007)%'::text)))"}]}, {"Node Type": "Index Scan", "Parent Relationship": "Inner", "Scan Direction": "Forward", "Index Name": "movie_id_cast_info", "Relation Name": "cast_info", "Alias": "ci", "Startup Cost": 0.0, "Total Cost": 27.88, "Plan Rows": 1, "Plan Width": 12, "Index Cond": "(movie_id = mc.movie_id)", "Filter": "((note)::text = '(voice: English version)'::text)"}]}, {"Node Type": "Index Scan", "Parent Relationship": "Inner", "Scan Direction": "Forward", "Index Name": "person_id_aka_name", "Relation Name": "aka_name", "Alias": "an", "Startup Cost": 0.0, "Total Cost": 0.84, "Plan Rows": 1, "Plan Width": 20, "Index Cond": "(person_id = ci.person_id)"}]}, {"Node Type": "Index Scan", "Parent Relationship": "Inner", "Scan Direction": "Forward", "Index Name": "company_name_pkey", "Relation Name": "company_name", "Alias": "cn", "Startup Cost": 0.0, "Total Cost": 4.37, "Plan Rows": 1, "Plan Width": 4, "Index Cond": "(id = mc.company_id)", "Filter": "((country_code)::text = '[jp]'::text)"}]}, {"Node Type": "Index Scan", "Parent Relationship": "Inner", "Scan Direction": "Forward", "Index Name": "name_pkey", "Relation Name": "name", "Alias": "n", "Startup Cost": 0.0, "Total Cost": 0.57, "Plan Rows": 1, "Plan Width": 4, "Index Cond": "(id = an.person_id)", "Filter": "(((name)::text ~~ '%Yo%'::text) AND ((name)::text !~~ '%Yu%'::text))"}]}, {"Node Type": "Index Scan", "Parent Relationship": "Inner", "Scan Direction": "Forward", "Index Name": "role_type_pkey", "Relation Name": "role_type", "Alias": "rt", "Startup Cost": 0.0, "Total Cost": 0.27, "Plan Rows": 1, "Plan Width": 4, "Index Cond": "(id = ci.role_id)", "Filter": "((role)::text = 'actress'::text)"}]}]}, "Unique SQL Id": 3956435728, "Planner Runtime": 20}, "explain_analyze_plan": {"Plan": {"Node Type": "Aggregate", "Strategy": "Plain", "Startup Cost": 20891.31, "Total Cost": 20891.32, "Plan Rows": 1, "Plan Width": 97, "Actual Min Startup Time": 82.24, "Actual Max Startup Time": 82.24, "Actual Min Total Time": 82.24, "Actual Max Total Time": 82.24, "Plans": [{"Node Type": "Nested Loop", "Parent Relationship": "Outer", "Join Type": "Inner", "Startup Cost": 1069.17, "Total Cost": 20891.3, "Plan Rows": 1, "Plan Width": 33, "Actual Min Startup Time": 79.771, "Actual Max Startup Time": 79.771, "Actual Min Total Time": 82.203, "Actual Max Total Time": 82.203, "Inner Unique": true, "Plans": [{"Node Type": "Nested Loop", "Parent Relationship": "Outer", "Join Type": "Inner", "Startup Cost": 1069.17, "Total Cost": 20891.02, "Plan Rows": 1, "Plan Width": 37, "Actual Min Startup Time": 79.76, "Actual Max Startup Time": 79.76, "Actual Min Total Time": 82.178, "Actual Max Total Time": 82.178, "Inner Unique": true, "Plans": [{"Node Type": "Nested Loop", "Parent Relationship": "Outer", "Join Type": "Inner", "Startup Cost": 1069.17, "Total Cost": 20890.44, "Plan Rows": 1, "Plan Width": 45, "Actual Min Startup Time": 78.621, "Actual Max Startup Time": 78.621, "Actual Min Total Time": 81.338, "Actual Max Total Time": 81.338, "Inner Unique": true, "Plans": [{"Node Type": "Nested Loop", "Parent Relationship": "Outer", "Join Type": "Inner", "Startup Cost": 1069.17, "Total Cost": 20886.05, "Plan Rows": 1, "Plan Width": 49, "Actual Min Startup Time": 78.603, "Actual Max Startup Time": 78.603, "Actual Min Total Time": 80.695, "Actual Max Total Time": 80.695, "Inner Unique": false, "Plans": [{"Node Type": "Nested Loop", "Parent Relationship": "Outer", "Join Type": "Inner", "Startup Cost": 1069.17, "Total Cost": 20885.2, "Plan Rows": 1, "Plan Width": 29, "Actual Min Startup Time": 78.587, "Actual Max Startup Time": 78.587, "Actual Min Total Time": 79.943, "Actual Max Total Time": 79.943, "Inner Unique": false, "Join Filter": "(t.id = ci.movie_id)", "Rows Removed by Join Filter": 0, "Plans": [{"Node Type": "Nested Loop", "Parent Relationship": "Outer", "Join Type": "Inner", "Startup Cost": 1069.17, "Total Cost": 20829.42, "Plan Rows": 2, "Plan Width": 29, "Actual Min Startup Time": 78.48, "Actual Max Startup Time": 78.48, "Actual Min Total Time": 79.571, "Actual Max Total Time": 79.571, "Inner Unique": false, "Plans": [{"Node Type": "Streaming(type: LOCAL GATHER dop: 1/16)", "Parent Relationship": "Outer", "Startup Cost": 1069.17, "Total Cost": 20335.44, "Plan Rows": 43, "Plan Width": 21, "Actual Min Startup Time": 78.374, "Actual Max Startup Time": 78.374, "Actual Min Total Time": 79.397, "Actual Max Total Time": 79.397, "Plans": [{"Node Type": "Seq Scan", "Parent Relationship": "Outer", "Relation Name": "title", "Alias": "t", "Startup Cost": 1069.17, "Total Cost": 20334.51, "Plan Rows": 43, "Plan Width": 21, "Actual Min Startup Time": 48.113, "Actual Max Startup Time": 65.731, "Actual Min Total Time": 62.348, "Actual Max Total Time": 65.731, "Filter": "((production_year >= 2006) AND (production_year <= 2007) AND (((title)::text ~~ 'One Piece%'::text) OR ((title)::text ~~ 'Dragon Ball Z%'::text)))", "Rows Removed by Filter": 2528304, "Actual Rows": 7}], "Actual Rows": 7}, {"Node Type": "Index Scan", "Parent Relationship": "Inner", "Scan Direction": "Forward", "Index Name": "movie_id_movie_companies", "Relation Name": "movie_companies", "Alias": "mc", "Startup Cost": 0.0, "Total Cost": 11.48, "Plan Rows": 1, "Plan Width": 8, "Actual Min Startup Time": 0.139, "Actual Max Startup Time": 0.139, "Actual Min Total Time": 0.148, "Actual Max Total Time": 0.148, "Index Cond": "(movie_id = t.id)", "Rows Removed by Index Recheck": 0, "Filter": "(((note)::text ~~ '%(Japan)%'::text) AND ((note)::text !~~ '%(USA)%'::text) AND (((note)::text ~~ '%(2006)%'::text) OR ((note)::text ~~ '%(2007)%'::text)))", "Rows Removed by Filter": 13, "Actual Rows": 4}], "Actual Rows": 4}, {"Node Type": "Index Scan", "Parent Relationship": "Inner", "Scan Direction": "Forward", "Index Name": "movie_id_cast_info", "Relation Name": "cast_info", "Alias": "ci", "Startup Cost": 0.0, "Total Cost": 27.88, "Plan Rows": 1, "Plan Width": 12, "Actual Min Startup Time": 0.106, "Actual Max Startup Time": 0.106, "Actual Min Total Time": 0.331, "Actual Max Total Time": 0.331, "Index Cond": "(movie_id = mc.movie_id)", "Rows Removed by Index Recheck": 0, "Filter": "((note)::text = '(voice: English version)'::text)", "Rows Removed by Filter": 68, "Actual Rows": 104}], "Actual Rows": 104}, {"Node Type": "Index Scan", "Parent Relationship": "Inner", "Scan Direction": "Forward", "Index Name": "person_id_aka_name", "Relation Name": "aka_name", "Alias": "an", "Startup Cost": 0.0, "Total Cost": 0.84, "Plan Rows": 1, "Plan Width": 20, "Actual Min Startup Time": 0.52, "Actual Max Startup Time": 0.52, "Actual Min Total Time": 0.636, "Actual Max Total Time": 0.636, "Index Cond": "(person_id = ci.person_id)", "Rows Removed by Index Recheck": 0, "Actual Rows": 171}], "Actual Rows": 171}, {"Node Type": "Index Scan", "Parent Relationship": "Inner", "Scan Direction": "Forward", "Index Name": "company_name_pkey", "Relation Name": "company_name", "Alias": "cn", "Startup Cost": 0.0, "Total Cost": 4.37, "Plan Rows": 1, "Plan Width": 4, "Actual Min Startup Time": 0.51, "Actual Max Startup Time": 0.51, "Actual Min Total Time": 0.51, "Actual Max Total Time": 0.51, "Index Cond": "(id = mc.company_id)", "Rows Removed by Index Recheck": 0, "Filter": "((country_code)::text = '[jp]'::text)", "Rows Removed by Filter": 0, "Actual Rows": 171}], "Actual Rows": 171}, {"Node Type": "Index Scan", "Parent Relationship": "Inner", "Scan Direction": "Forward", "Index Name": "name_pkey", "Relation Name": "name", "Alias": "n", "Startup Cost": 0.0, "Total Cost": 0.57, "Plan Rows": 1, "Plan Width": 4, "Actual Min Startup Time": 0.745, "Actual Max Startup Time": 0.745, "Actual Min Total Time": 0.745, "Actual Max Total Time": 0.745, "Index Cond": "(id = an.person_id)", "Rows Removed by Index Recheck": 0, "Filter": "(((name)::text ~~ '%Yo%'::text) AND ((name)::text !~~ '%Yu%'::text))", "Rows Removed by Filter": 165, "Actual Rows": 6}], "Actual Rows": 6}, {"Node Type": "Index Scan", "Parent Relationship": "Inner", "Scan Direction": "Forward", "Index Name": "role_type_pkey", "Relation Name": "role_type", "Alias": "rt", "Startup Cost": 0.0, "Total Cost": 0.27, "Plan Rows": 1, "Plan Width": 4, "Actual Min Startup Time": 0.018, "Actual Max Startup Time": 0.018, "Actual Min Total Time": 0.018, "Actual Max Total Time": 0.018, "Index Cond": "(id = ci.role_id)", "Rows Removed by Index Recheck": 0, "Filter": "((role)::text = 'actress'::text)", "Rows Removed by Filter": 0, "Actual Rows": 6}], "Actual Rows": 6}], "Actual Rows": 1}, "Triggers": [], "Planner Runtime": 30.568, "Total Runtime": 84.938, "Unique SQL Id": 3956435728}}, "(16, '85')": {"explain_plan": {"Plan": {"Node Type": "Aggregate", "Strategy": "Plain", "Startup Cost": 82294.12, "Total Cost": 82294.13, "Plan Rows": 1, "Plan Width": 97, "Plans": [{"Node Type": "Nested Loop", "Parent Relationship": "Outer", "Join Type": "Inner", "Startup Cost": 2780.8, "Total Cost": 82294.12, "Plan Rows": 1, "Plan Width": 33, "Inner Unique": true, "Plans": [{"Node Type": "Nested Loop", "Parent Relationship": "Outer", "Join Type": "Inner", "Startup Cost": 2780.8, "Total Cost": 82293.84, "Plan Rows": 1, "Plan Width": 37, "Inner Unique": true, "Plans": [{"Node Type": "Nested Loop", "Parent Relationship": "Outer", "Join Type": "Inner", "Startup Cost": 2780.8, "Total Cost": 82293.26, "Plan Rows": 1, "Plan Width": 45, "Inner Unique": false, "Plans": [{"Node Type": "Nested Loop", "Parent Relationship": "Outer", "Join Type": "Inner", "Startup Cost": 2780.8, "Total Cost": 82292.4, "Plan Rows": 1, "Plan Width": 25, "Inner Unique": false, "Join Filter": "(t.id = ci.movie_id)", "Plans": [{"Node Type": "Nested Loop", "Parent Relationship": "Outer", "Join Type": "Inner", "Startup Cost": 2780.8, "Total Cost": 82236.62, "Plan Rows": 2, "Plan Width": 25, "Inner Unique": true, "Plans": [{"Node Type": "Nested Loop", "Parent Relationship": "Outer", "Join Type": "Inner", "Startup Cost": 2780.8, "Total Cost": 80174.39, "Plan Rows": 262, "Plan Width": 4, "Inner Unique": false, "Plans": [{"Node Type": "Bitmap Heap Scan", "Parent Relationship": "Outer", "Relation Name": "company_name", "Alias": "cn", "Startup Cost": 2780.8, "Total Cost": 8684.25, "Plan Rows": 6290, "Plan Width": 4, "Filter": "((country_code)::text = '[jp]'::text)", "Plans": [{"Node Type": "Bitmap Index Scan", "Parent Relationship": "Outer", "Index Name": "company_name_pkey", "Startup Cost": 0.0, "Total Cost": 2779.23, "Plan Rows": 234996, "Plan Width": 0}]}, {"Node Type": "Index Scan", "Parent Relationship": "Inner", "Scan Direction": "Forward", "Index Name": "company_id_movie_companies", "Relation Name": "movie_companies", "Alias": "mc", "Startup Cost": 0.0, "Total Cost": 11.36, "Plan Rows": 1, "Plan Width": 8, "Index Cond": "(company_id = cn.id)", "Filter": "(((note)::text ~~ '%(Japan)%'::text) AND ((note)::text !~~ '%(USA)%'::text) AND (((note)::text ~~ '%(2006)%'::text) OR ((note)::text ~~ '%(2007)%'::text)))"}]}, {"Node Type": "Index Scan", "Parent Relationship": "Inner", "Scan Direction": "Forward", "Index Name": "title_pkey", "Relation Name": "title", "Alias": "t", "Startup Cost": 0.0, "Total Cost": 7.86, "Plan Rows": 1, "Plan Width": 21, "Index Cond": "(id = mc.movie_id)", "Filter": "((production_year >= 2006) AND (production_year <= 2007) AND (((title)::text ~~ 'One Piece%'::text) OR ((title)::text ~~ 'Dragon Ball Z%'::text)))"}]}, {"Node Type": "Index Scan", "Parent Relationship": "Inner", "Scan Direction": "Forward", "Index Name": "movie_id_cast_info", "Relation Name": "cast_info", "Alias": "ci", "Startup Cost": 0.0, "Total Cost": 27.88, "Plan Rows": 1, "Plan Width": 12, "Index Cond": "(movie_id = mc.movie_id)", "Filter": "((note)::text = '(voice: English version)'::text)"}]}, {"Node Type": "Index Scan", "Parent Relationship": "Inner", "Scan Direction": "Forward", "Index Name": "person_id_aka_name", "Relation Name": "aka_name", "Alias": "an", "Startup Cost": 0.0, "Total Cost": 0.84, "Plan Rows": 1, "Plan Width": 20, "Index Cond": "(person_id = ci.person_id)"}]}, {"Node Type": "Index Scan", "Parent Relationship": "Inner", "Scan Direction": "Forward", "Index Name": "name_pkey", "Relation Name": "name", "Alias": "n", "Startup Cost": 0.0, "Total Cost": 0.57, "Plan Rows": 1, "Plan Width": 4, "Index Cond": "(id = an.person_id)", "Filter": "(((name)::text ~~ '%Yo%'::text) AND ((name)::text !~~ '%Yu%'::text))"}]}, {"Node Type": "Index Scan", "Parent Relationship": "Inner", "Scan Direction": "Forward", "Index Name": "role_type_pkey", "Relation Name": "role_type", "Alias": "rt", "Startup Cost": 0.0, "Total Cost": 0.27, "Plan Rows": 1, "Plan Width": 4, "Index Cond": "(id = ci.role_id)", "Filter": "((role)::text = 'actress'::text)"}]}]}, "Unique SQL Id": 3956435728, "Planner Runtime": 20}, "explain_analyze_plan": null}, "(16, '86')": {"explain_plan": {"Plan": {"Node Type": "Aggregate", "Strategy": "Plain", "Startup Cost": 20934.09, "Total Cost": 20934.1, "Plan Rows": 1, "Plan Width": 97, "Plans": [{"Node Type": "Nested Loop", "Parent Relationship": "Outer", "Join Type": "Inner", "Startup Cost": 20921.98, "Total Cost": 20934.08, "Plan Rows": 1, "Plan Width": 33, "Inner Unique": true, "Plans": [{"Node Type": "Nested Loop", "Parent Relationship": "Outer", "Join Type": "Inner", "Startup Cost": 20921.65, "Total Cost": 20929.73, "Plan Rows": 1, "Plan Width": 41, "Inner Unique": true, "Plans": [{"Node Type": "Nested Loop", "Parent Relationship": "Outer", "Join Type": "Inner", "Startup Cost": 20920.43, "Total Cost": 20924.47, "Plan Rows": 1, "Plan Width": 45, "Inner Unique": false, "Plans": [{"Node Type": "Merge Join", "Parent Relationship": "Outer", "Join Type": "Inner", "Startup Cost": 20920.04, "Total Cost": 20920.07, "Plan Rows": 1, "Plan Width": 25, "Inner Unique": true, "Merge Cond": "(ci.role_id = rt.id)", "Plans": [{"Node Type": "Sort", "Parent Relationship": "Outer", "Startup Cost": 20918.88, "Total Cost": 20918.89, "Plan Rows": 1, "Plan Width": 29, "Sort Key": ["ci.role_id"], "Plans": [{"Node Type": "Nested Loop", "Parent Relationship": "Outer", "Join Type": "Inner", "Startup Cost": 1077.71, "Total Cost": 20918.87, "Plan Rows": 1, "Plan Width": 29, "Inner Unique": false, "Join Filter": "(t.id = ci.movie_id)", "Plans": [{"Node Type": "Nested Loop", "Parent Relationship": "Outer", "Join Type": "Inner", "Startup Cost": 1073.44, "Total Cost": 20862.3, "Plan Rows": 2, "Plan Width": 29, "Inner Unique": false, "Plans": [{"Node Type": "Streaming(type: LOCAL GATHER dop: 1/16)", "Parent Relationship": "Outer", "Startup Cost": 1069.17, "Total Cost": 20335.44, "Plan Rows": 43, "Plan Width": 21, "Plans": [{"Node Type": "Seq Scan", "Parent Relationship": "Outer", "Relation Name": "title", "Alias": "t", "Startup Cost": 1069.17, "Total Cost": 20334.51, "Plan Rows": 43, "Plan Width": 21, "Filter": "((production_year >= 2006) AND (production_year <= 2007) AND (((title)::text ~~ 'One Piece%'::text) OR ((title)::text ~~ 'Dragon Ball Z%'::text)))"}]}, {"Node Type": "Bitmap Heap Scan", "Parent Relationship": "Inner", "Relation Name": "movie_companies", "Alias": "mc", "Startup Cost": 4.27, "Total Cost": 12.24, "Plan Rows": 1, "Plan Width": 8, "Recheck Cond": "(movie_id = t.id)", "Filter": "(((note)::text ~~ '%(Japan)%'::text) AND ((note)::text !~~ '%(USA)%'::text) AND (((note)::text ~~ '%(2006)%'::text) OR ((note)::text ~~ '%(2007)%'::text)))", "Plans": [{"Node Type": "Bitmap Index Scan", "Parent Relationship": "Outer", "Index Name": "movie_id_movie_companies", "Startup Cost": 0.0, "Total Cost": 4.26, "Plan Rows": 2, "Plan Width": 0, "Index Cond": "(movie_id = t.id)"}]}]}, {"Node Type": "Bitmap Heap Scan", "Parent Relationship": "Inner", "Relation Name": "cast_info", "Alias": "ci", "Startup Cost": 4.27, "Total Cost": 28.27, "Plan Rows": 1, "Plan Width": 12, "Recheck Cond": "(movie_id = mc.movie_id)", "Filter": "((note)::text = '(voice: English version)'::text)", "Plans": [{"Node Type": "Bitmap Index Scan", "Parent Relationship": "Outer", "Index Name": "movie_id_cast_info", "Startup Cost": 0.0, "Total Cost": 4.27, "Plan Rows": 6, "Plan Width": 0, "Index Cond": "(movie_id = mc.movie_id)"}]}]}]}, {"Node Type": "Sort", "Parent Relationship": "Inner", "Startup Cost": 1.16, "Total Cost": 1.16, "Plan Rows": 1, "Plan Width": 4, "Sort Key": ["rt.id"], "Plans": [{"Node Type": "Seq Scan", "Parent Relationship": "Outer", "Relation Name": "role_type", "Alias": "rt", "Startup Cost": 0.0, "Total Cost": 1.15, "Plan Rows": 1, "Plan Width": 4, "Filter": "((role)::text = 'actress'::text)"}]}]}, {"Node Type": "Bitmap Heap Scan", "Parent Relationship": "Inner", "Relation Name": "aka_name", "Alias": "an", "Startup Cost": 0.38, "Total Cost": 4.39, "Plan Rows": 1, "Plan Width": 20, "Recheck Cond": "(person_id = ci.person_id)", "Plans": [{"Node Type": "Bitmap Index Scan", "Parent Relationship": "Outer", "Index Name": "person_id_aka_name", "Startup Cost": 0.0, "Total Cost": 0.38, "Plan Rows": 1, "Plan Width": 0, "Index Cond": "(person_id = ci.person_id)"}]}]}, {"Node Type": "Bitmap Heap Scan", "Parent Relationship": "Inner", "Relation Name": "company_name", "Alias": "cn", "Startup Cost": 1.23, "Total Cost": 5.24, "Plan Rows": 1, "Plan Width": 4, "Recheck Cond": "(id = mc.company_id)", "Filter": "((country_code)::text = '[jp]'::text)", "Plans": [{"Node Type": "Bitmap Index Scan", "Parent Relationship": "Outer", "Index Name": "company_name_pkey", "Startup Cost": 0.0, "Total Cost": 1.23, "Plan Rows": 1, "Plan Width": 0, "Index Cond": "(id = mc.company_id)"}]}]}, {"Node Type": "Bitmap Heap Scan", "Parent Relationship": "Inner", "Relation Name": "name", "Alias": "n", "Startup Cost": 0.33, "Total Cost": 4.34, "Plan Rows": 1, "Plan Width": 4, "Recheck Cond": "(id = an.person_id)", "Filter": "(((name)::text ~~ '%Yo%'::text) AND ((name)::text !~~ '%Yu%'::text))", "Plans": [{"Node Type": "Bitmap Index Scan", "Parent Relationship": "Outer", "Index Name": "name_pkey", "Startup Cost": 0.0, "Total Cost": 0.33, "Plan Rows": 1, "Plan Width": 0, "Index Cond": "(id = an.person_id)"}]}]}]}, "Unique SQL Id": 3956435728, "Planner Runtime": 27}, "explain_analyze_plan": {"Plan": {"Node Type": "Aggregate", "Strategy": "Plain", "Startup Cost": 20934.09, "Total Cost": 20934.1, "Plan Rows": 1, "Plan Width": 97, "Actual Min Startup Time": 84.416, "Actual Max Startup Time": 84.416, "Actual Min Total Time": 84.417, "Actual Max Total Time": 84.417, "Plans": [{"Node Type": "Nested Loop", "Parent Relationship": "Outer", "Join Type": "Inner", "Startup Cost": 20921.98, "Total Cost": 20934.08, "Plan Rows": 1, "Plan Width": 33, "Actual Min Startup Time": 84.124, "Actual Max Startup Time": 84.124, "Actual Min Total Time": 84.384, "Actual Max Total Time": 84.384, "Inner Unique": true, "Plans": [{"Node Type": "Nested Loop", "Parent Relationship": "Outer", "Join Type": "Inner", "Startup Cost": 20921.65, "Total Cost": 20929.73, "Plan Rows": 1, "Plan Width": 41, "Actual Min Startup Time": 83.821, "Actual Max Startup Time": 83.821, "Actual Min Total Time": 84.189, "Actual Max Total Time": 84.189, "Inner Unique": true, "Plans": [{"Node Type": "Nested Loop", "Parent Relationship": "Outer", "Join Type": "Inner", "Startup Cost": 20920.43, "Total Cost": 20924.47, "Plan Rows": 1, "Plan Width": 45, "Actual Min Startup Time": 83.799, "Actual Max Startup Time": 83.799, "Actual Min Total Time": 84.033, "Actual Max Total Time": 84.033, "Inner Unique": false, "Plans": [{"Node Type": "Merge Join", "Parent Relationship": "Outer", "Join Type": "Inner", "Startup Cost": 20920.04, "Total Cost": 20920.07, "Plan Rows": 1, "Plan Width": 25, "Actual Min Startup Time": 83.778, "Actual Max Startup Time": 83.778, "Actual Min Total Time": 83.797, "Actual Max Total Time": 83.797, "Inner Unique": true, "Merge Cond": "(ci.role_id = rt.id)", "Plans": [{"Node Type": "Sort", "Parent Relationship": "Outer", "Startup Cost": 20918.88, "Total Cost": 20918.89, "Plan Rows": 1, "Plan Width": 29, "Actual Min Startup Time": 83.698, "Actual Max Startup Time": 83.698, "Actual Min Total Time": 83.708, "Actual Max Total Time": 83.708, "Sort Key": ["ci.role_id"], "Sort Method": "quicksort", "Sort Space Min Used": 40, "Sort Space Max Used": 40, "Sort Space Type": "Memory", "Plans": [{"Node Type": "Nested Loop", "Parent Relationship": "Outer", "Join Type": "Inner", "Startup Cost": 1077.71, "Total Cost": 20918.87, "Plan Rows": 1, "Plan Width": 29, "Actual Min Startup Time": 80.888, "Actual Max Startup Time": 80.888, "Actual Min Total Time": 83.627, "Actual Max Total Time": 83.627, "Inner Unique": false, "Join Filter": "(t.id = ci.movie_id)", "Rows Removed by Join Filter": 0, "Plans": [{"Node Type": "Nested Loop", "Parent Relationship": "Outer", "Join Type": "Inner", "Startup Cost": 1073.44, "Total Cost": 20862.3, "Plan Rows": 2, "Plan Width": 29, "Actual Min Startup Time": 80.718, "Actual Max Startup Time": 80.718, "Actual Min Total Time": 83.206, "Actual Max Total Time": 83.206, "Inner Unique": false, "Plans": [{"Node Type": "Streaming(type: LOCAL GATHER dop: 1/16)", "Parent Relationship": "Outer", "Startup Cost": 1069.17, "Total Cost": 20335.44, "Plan Rows": 43, "Plan Width": 21, "Actual Min Startup Time": 80.581, "Actual Max Startup Time": 80.581, "Actual Min Total Time": 82.967, "Actual Max Total Time": 82.967, "Plans": [{"Node Type": "Seq Scan", "Parent Relationship": "Outer", "Relation Name": "title", "Alias": "t", "Startup Cost": 1069.17, "Total Cost": 20334.51, "Plan Rows": 43, "Plan Width": 21, "Actual Min Startup Time": 48.026, "Actual Max Startup Time": 65.753, "Actual Min Total Time": 62.416, "Actual Max Total Time": 65.753, "Filter": "((production_year >= 2006) AND (production_year <= 2007) AND (((title)::text ~~ 'One Piece%'::text) OR ((title)::text ~~ 'Dragon Ball Z%'::text)))", "Rows Removed by Filter": 2528304, "Actual Rows": 7}], "Actual Rows": 7}, {"Node Type": "Bitmap Heap Scan", "Parent Relationship": "Inner", "Relation Name": "movie_companies", "Alias": "mc", "Startup Cost": 4.27, "Total Cost": 12.24, "Plan Rows": 1, "Plan Width": 8, "Actual Min Startup Time": 0.19, "Actual Max Startup Time": 0.19, "Actual Min Total Time": 0.198, "Actual Max Total Time": 0.198, "Recheck Cond": "(movie_id = t.id)", "Rows Removed by Index Recheck": 0, "Filter": "(((note)::text ~~ '%(Japan)%'::text) AND ((note)::text !~~ '%(USA)%'::text) AND (((note)::text ~~ '%(2006)%'::text) OR ((note)::text ~~ '%(2007)%'::text)))", "Rows Removed by Filter": 13, "Exact Heap Blocks": 13, "Lossy Heap Blocks": 13, "Plans": [{"Node Type": "Bitmap Index Scan", "Parent Relationship": "Outer", "Index Name": "movie_id_movie_companies", "Startup Cost": 0.0, "Total Cost": 4.26, "Plan Rows": 2, "Plan Width": 0, "Actual Min Startup Time": 0.085, "Actual Max Startup Time": 0.085, "Actual Min Total Time": 0.085, "Actual Max Total Time": 0.085, "Index Cond": "(movie_id = t.id)", "Actual Rows": 17}], "Actual Rows": 4}], "Actual Rows": 4}, {"Node Type": "Bitmap Heap Scan", "Parent Relationship": "Inner", "Relation Name": "cast_info", "Alias": "ci", "Startup Cost": 4.27, "Total Cost": 28.27, "Plan Rows": 1, "Plan Width": 12, "Actual Min Startup Time": 0.167, "Actual Max Startup Time": 0.167, "Actual Min Total Time": 0.377, "Actual Max Total Time": 0.377, "Recheck Cond": "(movie_id = mc.movie_id)", "Rows Removed by Index Recheck": 0, "Filter": "((note)::text = '(voice: English version)'::text)", "Rows Removed by Filter": 68, "Exact Heap Blocks": 133, "Lossy Heap Blocks": 133, "Plans": [{"Node Type": "Bitmap Index Scan", "Parent Relationship": "Outer", "Index Name": "movie_id_cast_info", "Startup Cost": 0.0, "Total Cost": 4.27, "Plan Rows": 6, "Plan Width": 0, "Actual Min Startup Time": 0.055, "Actual Max Startup Time": 0.055, "Actual Min Total Time": 0.055, "Actual Max Total Time": 0.055, "Index Cond": "(movie_id = mc.movie_id)", "Actual Rows": 172}], "Actual Rows": 104}], "Actual Rows": 104}], "Actual Rows": 104}, {"Node Type": "Sort", "Parent Relationship": "Inner", "Startup Cost": 1.16, "Total Cost": 1.16, "Plan Rows": 1, "Plan Width": 4, "Actual Min Startup Time": 0.056, "Actual Max Startup Time": 0.056, "Actual Min Total Time": 0.056, "Actual Max Total Time": 0.056, "Sort Key": ["rt.id"], "Sort Method": "quicksort", "Sort Space Min Used": 25, "Sort Space Max Used": 25, "Sort Space Type": "Memory", "Plans": [{"Node Type": "Seq Scan", "Parent Relationship": "Outer", "Relation Name": "role_type", "Alias": "rt", "Startup Cost": 0.0, "Total Cost": 1.15, "Plan Rows": 1, "Plan Width": 4, "Actual Min Startup Time": 0.018, "Actual Max Startup Time": 0.018, "Actual Min Total Time": 0.022, "Actual Max Total Time": 0.022, "Filter": "((role)::text = 'actress'::text)", "Rows Removed by Filter": 11, "Actual Rows": 1}], "Actual Rows": 1}], "Actual Rows": 25}, {"Node Type": "Bitmap Heap Scan", "Parent Relationship": "Inner", "Relation Name": "aka_name", "Alias": "an", "Startup Cost": 0.38, "Total Cost": 4.39, "Plan Rows": 1, "Plan Width": 20, "Actual Min Startup Time": 0.181, "Actual Max Startup Time": 0.181, "Actual Min Total Time": 0.192, "Actual Max Total Time": 0.192, "Recheck Cond": "(person_id = ci.person_id)", "Rows Removed by Index Recheck": 0, "Exact Heap Blocks": 20, "Lossy Heap Blocks": 20, "Plans": [{"Node Type": "Bitmap Index Scan", "Parent Relationship": "Outer", "Index Name": "person_id_aka_name", "Startup Cost": 0.0, "Total Cost": 0.38, "Plan Rows": 1, "Plan Width": 0, "Actual Min Startup Time": 0.136, "Actual Max Startup Time": 0.136, "Actual Min Total Time": 0.136, "Actual Max Total Time": 0.136, "Index Cond": "(person_id = ci.person_id)", "Actual Rows": 24}], "Actual Rows": 24}], "Actual Rows": 24}, {"Node Type": "Bitmap Heap Scan", "Parent Relationship": "Inner", "Relation Name": "company_name", "Alias": "cn", "Startup Cost": 1.23, "Total Cost": 5.24, "Plan Rows": 1, "Plan Width": 4, "Actual Min Startup Time": 0.117, "Actual Max Startup Time": 0.117, "Actual Min Total Time": 0.117, "Actual Max Total Time": 0.117, "Recheck Cond": "(id = mc.company_id)", "Rows Removed by Index Recheck": 0, "Filter": "((country_code)::text = '[jp]'::text)", "Rows Removed by Filter": 0, "Exact Heap Blocks": 24, "Lossy Heap Blocks": 24, "Plans": [{"Node Type": "Bitmap Index Scan", "Parent Relationship": "Outer", "Index Name": "company_name_pkey", "Startup Cost": 0.0, "Total Cost": 1.23, "Plan Rows": 1, "Plan Width": 0, "Actual Min Startup Time": 0.064, "Actual Max Startup Time": 0.064, "Actual Min Total Time": 0.064, "Actual Max Total Time": 0.064, "Index Cond": "(id = mc.company_id)", "Actual Rows": 24}], "Actual Rows": 24}], "Actual Rows": 24}, {"Node Type": "Bitmap Heap Scan", "Parent Relationship": "Inner", "Relation Name": "name", "Alias": "n", "Startup Cost": 0.33, "Total Cost": 4.34, "Plan Rows": 1, "Plan Width": 4, "Actual Min Startup Time": 0.161, "Actual Max Startup Time": 0.161, "Actual Min Total Time": 0.161, "Actual Max Total Time": 0.161, "Recheck Cond": "(id = an.person_id)", "Rows Removed by Index Recheck": 0, "Filter": "(((name)::text ~~ '%Yo%'::text) AND ((name)::text !~~ '%Yu%'::text))", "Rows Removed by Filter": 18, "Exact Heap Blocks": 24, "Lossy Heap Blocks": 24, "Plans": [{"Node Type": "Bitmap Index Scan", "Parent Relationship": "Outer", "Index Name": "name_pkey", "Startup Cost": 0.0, "Total Cost": 0.33, "Plan Rows": 1, "Plan Width": 0, "Actual Min Startup Time": 0.085, "Actual Max Startup Time": 0.085, "Actual Min Total Time": 0.085, "Actual Max Total Time": 0.085, "Index Cond": "(id = an.person_id)", "Actual Rows": 24}], "Actual Rows": 6}], "Actual Rows": 6}], "Actual Rows": 1}, "Triggers": [], "Planner Runtime": 27.526, "Total Runtime": 87.182, "Unique SQL Id": 3956435728}}, "(16, '87')": {"explain_plan": {"Plan": {"Node Type": "Aggregate", "Strategy": "Plain", "Startup Cost": 108949.86, "Total Cost": 108949.87, "Plan Rows": 1, "Plan Width": 97, "Plans": [{"Node Type": "Nested Loop", "Parent Relationship": "Outer", "Join Type": "Inner", "Startup Cost": 2793.35, "Total Cost": 108949.85, "Plan Rows": 1, "Plan Width": 33, "Inner Unique": true, "Plans": [{"Node Type": "Nested Loop", "Parent Relationship": "Outer", "Join Type": "Inner", "Startup Cost": 2793.09, "Total Cost": 108945.57, "Plan Rows": 1, "Plan Width": 37, "Inner Unique": true, "Plans": [{"Node Type": "Nested Loop", "Parent Relationship": "Outer", "Join Type": "Inner", "Startup Cost": 2792.76, "Total Cost": 108941.22, "Plan Rows": 1, "Plan Width": 45, "Inner Unique": false, "Plans": [{"Node Type": "Nested Loop", "Parent Relationship": "Outer", "Join Type": "Inner", "Startup Cost": 2792.38, "Total Cost": 108936.81, "Plan Rows": 1, "Plan Width": 25, "Inner Unique": false, "Join Filter": "(t.id = ci.movie_id)", "Plans": [{"Node Type": "Nested Loop", "Parent Relationship": "Outer", "Join Type": "Inner", "Startup Cost": 2788.11, "Total Cost": 108880.24, "Plan Rows": 2, "Plan Width": 25, "Inner Unique": true, "Plans": [{"Node Type": "Nested Loop", "Parent Relationship": "Outer", "Join Type": "Inner", "Startup Cost": 2784.18, "Total Cost": 106793.84, "Plan Rows": 262, "Plan Width": 4, "Inner Unique": false, "Plans": [{"Node Type": "Bitmap Heap Scan", "Parent Relationship": "Outer", "Relation Name": "company_name", "Alias": "cn", "Startup Cost": 2780.8, "Total Cost": 8684.25, "Plan Rows": 6290, "Plan Width": 4, "Filter": "((country_code)::text = '[jp]'::text)", "Plans": [{"Node Type": "Bitmap Index Scan", "Parent Relationship": "Outer", "Index Name": "company_name_pkey", "Startup Cost": 0.0, "Total Cost": 2779.23, "Plan Rows": 234996, "Plan Width": 0}]}, {"Node Type": "Bitmap Heap Scan", "Parent Relationship": "Inner", "Relation Name": "movie_companies", "Alias": "mc", "Startup Cost": 3.37, "Total Cost": 15.59, "Plan Rows": 1, "Plan Width": 8, "Recheck Cond": "(company_id = cn.id)", "Filter": "(((note)::text ~~ '%(Japan)%'::text) AND ((note)::text !~~ '%(USA)%'::text) AND (((note)::text ~~ '%(2006)%'::text) OR ((note)::text ~~ '%(2007)%'::text)))", "Plans": [{"Node Type": "Bitmap Index Scan", "Parent Relationship": "Outer", "Index Name": "company_id_movie_companies", "Startup Cost": 0.0, "Total Cost": 3.37, "Plan Rows": 15, "Plan Width": 0, "Index Cond": "(company_id = cn.id)"}]}]}, {"Node Type": "Bitmap Heap Scan", "Parent Relationship": "Inner", "Relation Name": "title", "Alias": "t", "Startup Cost": 3.93, "Total Cost": 7.95, "Plan Rows": 1, "Plan Width": 21, "Recheck Cond": "(id = mc.movie_id)", "Filter": "((production_year >= 2006) AND (production_year <= 2007) AND (((title)::text ~~ 'One Piece%'::text) OR ((title)::text ~~ 'Dragon Ball Z%'::text)))", "Plans": [{"Node Type": "Bitmap Index Scan", "Parent Relationship": "Outer", "Index Name": "title_pkey", "Startup Cost": 0.0, "Total Cost": 3.93, "Plan Rows": 1, "Plan Width": 0, "Index Cond": "(id = mc.movie_id)"}]}]}, {"Node Type": "Bitmap Heap Scan", "Parent Relationship": "Inner", "Relation Name": "cast_info", "Alias": "ci", "Startup Cost": 4.27, "Total Cost": 28.27, "Plan Rows": 1, "Plan Width": 12, "Recheck Cond": "(movie_id = mc.movie_id)", "Filter": "((note)::text = '(voice: English version)'::text)", "Plans": [{"Node Type": "Bitmap Index Scan", "Parent Relationship": "Outer", "Index Name": "movie_id_cast_info", "Startup Cost": 0.0, "Total Cost": 4.27, "Plan Rows": 6, "Plan Width": 0, "Index Cond": "(movie_id = mc.movie_id)"}]}]}, {"Node Type": "Bitmap Heap Scan", "Parent Relationship": "Inner", "Relation Name": "aka_name", "Alias": "an", "Startup Cost": 0.38, "Total Cost": 4.39, "Plan Rows": 1, "Plan Width": 20, "Recheck Cond": "(person_id = ci.person_id)", "Plans": [{"Node Type": "Bitmap Index Scan", "Parent Relationship": "Outer", "Index Name": "person_id_aka_name", "Startup Cost": 0.0, "Total Cost": 0.38, "Plan Rows": 1, "Plan Width": 0, "Index Cond": "(person_id = ci.person_id)"}]}]}, {"Node Type": "Bitmap Heap Scan", "Parent Relationship": "Inner", "Relation Name": "name", "Alias": "n", "Startup Cost": 0.33, "Total Cost": 4.34, "Plan Rows": 1, "Plan Width": 4, "Recheck Cond": "(id = an.person_id)", "Filter": "(((name)::text ~~ '%Yo%'::text) AND ((name)::text !~~ '%Yu%'::text))", "Plans": [{"Node Type": "Bitmap Index Scan", "Parent Relationship": "Outer", "Index Name": "name_pkey", "Startup Cost": 0.0, "Total Cost": 0.33, "Plan Rows": 1, "Plan Width": 0, "Index Cond": "(id = an.person_id)"}]}]}, {"Node Type": "Bitmap Heap Scan", "Parent Relationship": "Inner", "Relation Name": "role_type", "Alias": "rt", "Startup Cost": 0.26, "Total Cost": 4.27, "Plan Rows": 1, "Plan Width": 4, "Recheck Cond": "(id = ci.role_id)", "Filter": "((role)::text = 'actress'::text)", "Plans": [{"Node Type": "Bitmap Index Scan", "Parent Relationship": "Outer", "Index Name": "role_type_pkey", "Startup Cost": 0.0, "Total Cost": 0.26, "Plan Rows": 1, "Plan Width": 0, "Index Cond": "(id = ci.role_id)"}]}]}]}, "Unique SQL Id": 3956435728, "Planner Runtime": 27}, "explain_analyze_plan": null}, "(16, '88')": {"explain_plan": {"Plan": {"Node Type": "Aggregate", "Strategy": "Plain", "Startup Cost": 20891.31, "Total Cost": 20891.32, "Plan Rows": 1, "Plan Width": 97, "Plans": [{"Node Type": "Nested Loop", "Parent Relationship": "Outer", "Join Type": "Inner", "Startup Cost": 1069.17, "Total Cost": 20891.3, "Plan Rows": 1, "Plan Width": 33, "Inner Unique": true, "Plans": [{"Node Type": "Nested Loop", "Parent Relationship": "Outer", "Join Type": "Inner", "Startup Cost": 1069.17, "Total Cost": 20891.02, "Plan Rows": 1, "Plan Width": 37, "Inner Unique": true, "Plans": [{"Node Type": "Nested Loop", "Parent Relationship": "Outer", "Join Type": "Inner", "Startup Cost": 1069.17, "Total Cost": 20890.44, "Plan Rows": 1, "Plan Width": 45, "Inner Unique": true, "Plans": [{"Node Type": "Nested Loop", "Parent Relationship": "Outer", "Join Type": "Inner", "Startup Cost": 1069.17, "Total Cost": 20886.05, "Plan Rows": 1, "Plan Width": 49, "Inner Unique": false, "Plans": [{"Node Type": "Nested Loop", "Parent Relationship": "Outer", "Join Type": "Inner", "Startup Cost": 1069.17, "Total Cost": 20885.2, "Plan Rows": 1, "Plan Width": 29, "Inner Unique": false, "Join Filter": "(t.id = ci.movie_id)", "Plans": [{"Node Type": "Nested Loop", "Parent Relationship": "Outer", "Join Type": "Inner", "Startup Cost": 1069.17, "Total Cost": 20829.42, "Plan Rows": 2, "Plan Width": 29, "Inner Unique": false, "Plans": [{"Node Type": "Streaming(type: LOCAL GATHER dop: 1/16)", "Parent Relationship": "Outer", "Startup Cost": 1069.17, "Total Cost": 20335.44, "Plan Rows": 43, "Plan Width": 21, "Plans": [{"Node Type": "Seq Scan", "Parent Relationship": "Outer", "Relation Name": "title", "Alias": "t", "Startup Cost": 1069.17, "Total Cost": 20334.51, "Plan Rows": 43, "Plan Width": 21, "Filter": "((production_year >= 2006) AND (production_year <= 2007) AND (((title)::text ~~ 'One Piece%'::text) OR ((title)::text ~~ 'Dragon Ball Z%'::text)))"}]}, {"Node Type": "Index Scan", "Parent Relationship": "Inner", "Scan Direction": "Forward", "Index Name": "movie_id_movie_companies", "Relation Name": "movie_companies", "Alias": "mc", "Startup Cost": 0.0, "Total Cost": 11.48, "Plan Rows": 1, "Plan Width": 8, "Index Cond": "(movie_id = t.id)", "Filter": "(((note)::text ~~ '%(Japan)%'::text) AND ((note)::text !~~ '%(USA)%'::text) AND (((note)::text ~~ '%(2006)%'::text) OR ((note)::text ~~ '%(2007)%'::text)))"}]}, {"Node Type": "Index Scan", "Parent Relationship": "Inner", "Scan Direction": "Forward", "Index Name": "movie_id_cast_info", "Relation Name": "cast_info", "Alias": "ci", "Startup Cost": 0.0, "Total Cost": 27.88, "Plan Rows": 1, "Plan Width": 12, "Index Cond": "(movie_id = mc.movie_id)", "Filter": "((note)::text = '(voice: English version)'::text)"}]}, {"Node Type": "Index Scan", "Parent Relationship": "Inner", "Scan Direction": "Forward", "Index Name": "person_id_aka_name", "Relation Name": "aka_name", "Alias": "an", "Startup Cost": 0.0, "Total Cost": 0.84, "Plan Rows": 1, "Plan Width": 20, "Index Cond": "(person_id = ci.person_id)"}]}, {"Node Type": "Index Scan", "Parent Relationship": "Inner", "Scan Direction": "Forward", "Index Name": "company_name_pkey", "Relation Name": "company_name", "Alias": "cn", "Startup Cost": 0.0, "Total Cost": 4.37, "Plan Rows": 1, "Plan Width": 4, "Index Cond": "(id = mc.company_id)", "Filter": "((country_code)::text = '[jp]'::text)"}]}, {"Node Type": "Index Scan", "Parent Relationship": "Inner", "Scan Direction": "Forward", "Index Name": "name_pkey", "Relation Name": "name", "Alias": "n", "Startup Cost": 0.0, "Total Cost": 0.57, "Plan Rows": 1, "Plan Width": 4, "Index Cond": "(id = an.person_id)", "Filter": "(((name)::text ~~ '%Yo%'::text) AND ((name)::text !~~ '%Yu%'::text))"}]}, {"Node Type": "Index Scan", "Parent Relationship": "Inner", "Scan Direction": "Forward", "Index Name": "role_type_pkey", "Relation Name": "role_type", "Alias": "rt", "Startup Cost": 0.0, "Total Cost": 0.27, "Plan Rows": 1, "Plan Width": 4, "Index Cond": "(id = ci.role_id)", "Filter": "((role)::text = 'actress'::text)"}]}]}, "Unique SQL Id": 3956435728, "Planner Runtime": 20}, "explain_analyze_plan": {"Plan": {"Node Type": "Aggregate", "Strategy": "Plain", "Startup Cost": 20891.31, "Total Cost": 20891.32, "Plan Rows": 1, "Plan Width": 97, "Actual Min Startup Time": 82.24, "Actual Max Startup Time": 82.24, "Actual Min Total Time": 82.24, "Actual Max Total Time": 82.24, "Plans": [{"Node Type": "Nested Loop", "Parent Relationship": "Outer", "Join Type": "Inner", "Startup Cost": 1069.17, "Total Cost": 20891.3, "Plan Rows": 1, "Plan Width": 33, "Actual Min Startup Time": 79.771, "Actual Max Startup Time": 79.771, "Actual Min Total Time": 82.203, "Actual Max Total Time": 82.203, "Inner Unique": true, "Plans": [{"Node Type": "Nested Loop", "Parent Relationship": "Outer", "Join Type": "Inner", "Startup Cost": 1069.17, "Total Cost": 20891.02, "Plan Rows": 1, "Plan Width": 37, "Actual Min Startup Time": 79.76, "Actual Max Startup Time": 79.76, "Actual Min Total Time": 82.178, "Actual Max Total Time": 82.178, "Inner Unique": true, "Plans": [{"Node Type": "Nested Loop", "Parent Relationship": "Outer", "Join Type": "Inner", "Startup Cost": 1069.17, "Total Cost": 20890.44, "Plan Rows": 1, "Plan Width": 45, "Actual Min Startup Time": 78.621, "Actual Max Startup Time": 78.621, "Actual Min Total Time": 81.338, "Actual Max Total Time": 81.338, "Inner Unique": true, "Plans": [{"Node Type": "Nested Loop", "Parent Relationship": "Outer", "Join Type": "Inner", "Startup Cost": 1069.17, "Total Cost": 20886.05, "Plan Rows": 1, "Plan Width": 49, "Actual Min Startup Time": 78.603, "Actual Max Startup Time": 78.603, "Actual Min Total Time": 80.695, "Actual Max Total Time": 80.695, "Inner Unique": false, "Plans": [{"Node Type": "Nested Loop", "Parent Relationship": "Outer", "Join Type": "Inner", "Startup Cost": 1069.17, "Total Cost": 20885.2, "Plan Rows": 1, "Plan Width": 29, "Actual Min Startup Time": 78.587, "Actual Max Startup Time": 78.587, "Actual Min Total Time": 79.943, "Actual Max Total Time": 79.943, "Inner Unique": false, "Join Filter": "(t.id = ci.movie_id)", "Rows Removed by Join Filter": 0, "Plans": [{"Node Type": "Nested Loop", "Parent Relationship": "Outer", "Join Type": "Inner", "Startup Cost": 1069.17, "Total Cost": 20829.42, "Plan Rows": 2, "Plan Width": 29, "Actual Min Startup Time": 78.48, "Actual Max Startup Time": 78.48, "Actual Min Total Time": 79.571, "Actual Max Total Time": 79.571, "Inner Unique": false, "Plans": [{"Node Type": "Streaming(type: LOCAL GATHER dop: 1/16)", "Parent Relationship": "Outer", "Startup Cost": 1069.17, "Total Cost": 20335.44, "Plan Rows": 43, "Plan Width": 21, "Actual Min Startup Time": 78.374, "Actual Max Startup Time": 78.374, "Actual Min Total Time": 79.397, "Actual Max Total Time": 79.397, "Plans": [{"Node Type": "Seq Scan", "Parent Relationship": "Outer", "Relation Name": "title", "Alias": "t", "Startup Cost": 1069.17, "Total Cost": 20334.51, "Plan Rows": 43, "Plan Width": 21, "Actual Min Startup Time": 48.113, "Actual Max Startup Time": 65.731, "Actual Min Total Time": 62.348, "Actual Max Total Time": 65.731, "Filter": "((production_year >= 2006) AND (production_year <= 2007) AND (((title)::text ~~ 'One Piece%'::text) OR ((title)::text ~~ 'Dragon Ball Z%'::text)))", "Rows Removed by Filter": 2528304, "Actual Rows": 7}], "Actual Rows": 7}, {"Node Type": "Index Scan", "Parent Relationship": "Inner", "Scan Direction": "Forward", "Index Name": "movie_id_movie_companies", "Relation Name": "movie_companies", "Alias": "mc", "Startup Cost": 0.0, "Total Cost": 11.48, "Plan Rows": 1, "Plan Width": 8, "Actual Min Startup Time": 0.139, "Actual Max Startup Time": 0.139, "Actual Min Total Time": 0.148, "Actual Max Total Time": 0.148, "Index Cond": "(movie_id = t.id)", "Rows Removed by Index Recheck": 0, "Filter": "(((note)::text ~~ '%(Japan)%'::text) AND ((note)::text !~~ '%(USA)%'::text) AND (((note)::text ~~ '%(2006)%'::text) OR ((note)::text ~~ '%(2007)%'::text)))", "Rows Removed by Filter": 13, "Actual Rows": 4}], "Actual Rows": 4}, {"Node Type": "Index Scan", "Parent Relationship": "Inner", "Scan Direction": "Forward", "Index Name": "movie_id_cast_info", "Relation Name": "cast_info", "Alias": "ci", "Startup Cost": 0.0, "Total Cost": 27.88, "Plan Rows": 1, "Plan Width": 12, "Actual Min Startup Time": 0.106, "Actual Max Startup Time": 0.106, "Actual Min Total Time": 0.331, "Actual Max Total Time": 0.331, "Index Cond": "(movie_id = mc.movie_id)", "Rows Removed by Index Recheck": 0, "Filter": "((note)::text = '(voice: English version)'::text)", "Rows Removed by Filter": 68, "Actual Rows": 104}], "Actual Rows": 104}, {"Node Type": "Index Scan", "Parent Relationship": "Inner", "Scan Direction": "Forward", "Index Name": "person_id_aka_name", "Relation Name": "aka_name", "Alias": "an", "Startup Cost": 0.0, "Total Cost": 0.84, "Plan Rows": 1, "Plan Width": 20, "Actual Min Startup Time": 0.52, "Actual Max Startup Time": 0.52, "Actual Min Total Time": 0.636, "Actual Max Total Time": 0.636, "Index Cond": "(person_id = ci.person_id)", "Rows Removed by Index Recheck": 0, "Actual Rows": 171}], "Actual Rows": 171}, {"Node Type": "Index Scan", "Parent Relationship": "Inner", "Scan Direction": "Forward", "Index Name": "company_name_pkey", "Relation Name": "company_name", "Alias": "cn", "Startup Cost": 0.0, "Total Cost": 4.37, "Plan Rows": 1, "Plan Width": 4, "Actual Min Startup Time": 0.51, "Actual Max Startup Time": 0.51, "Actual Min Total Time": 0.51, "Actual Max Total Time": 0.51, "Index Cond": "(id = mc.company_id)", "Rows Removed by Index Recheck": 0, "Filter": "((country_code)::text = '[jp]'::text)", "Rows Removed by Filter": 0, "Actual Rows": 171}], "Actual Rows": 171}, {"Node Type": "Index Scan", "Parent Relationship": "Inner", "Scan Direction": "Forward", "Index Name": "name_pkey", "Relation Name": "name", "Alias": "n", "Startup Cost": 0.0, "Total Cost": 0.57, "Plan Rows": 1, "Plan Width": 4, "Actual Min Startup Time": 0.745, "Actual Max Startup Time": 0.745, "Actual Min Total Time": 0.745, "Actual Max Total Time": 0.745, "Index Cond": "(id = an.person_id)", "Rows Removed by Index Recheck": 0, "Filter": "(((name)::text ~~ '%Yo%'::text) AND ((name)::text !~~ '%Yu%'::text))", "Rows Removed by Filter": 165, "Actual Rows": 6}], "Actual Rows": 6}, {"Node Type": "Index Scan", "Parent Relationship": "Inner", "Scan Direction": "Forward", "Index Name": "role_type_pkey", "Relation Name": "role_type", "Alias": "rt", "Startup Cost": 0.0, "Total Cost": 0.27, "Plan Rows": 1, "Plan Width": 4, "Actual Min Startup Time": 0.018, "Actual Max Startup Time": 0.018, "Actual Min Total Time": 0.018, "Actual Max Total Time": 0.018, "Index Cond": "(id = ci.role_id)", "Rows Removed by Index Recheck": 0, "Filter": "((role)::text = 'actress'::text)", "Rows Removed by Filter": 0, "Actual Rows": 6}], "Actual Rows": 6}], "Actual Rows": 1}, "Triggers": [], "Planner Runtime": 30.568, "Total Runtime": 84.938, "Unique SQL Id": 3956435728}}, "(16, '89')": {"explain_plan": {"Plan": {"Node Type": "Aggregate", "Strategy": "Plain", "Startup Cost": 84111.26, "Total Cost": 84111.27, "Plan Rows": 1, "Plan Width": 97, "Plans": [{"Node Type": "Nested Loop", "Parent Relationship": "Outer", "Join Type": "Inner", "Startup Cost": 0.0, "Total Cost": 84111.26, "Plan Rows": 1, "Plan Width": 33, "Inner Unique": true, "Plans": [{"Node Type": "Nested Loop", "Parent Relationship": "Outer", "Join Type": "Inner", "Startup Cost": 0.0, "Total Cost": 84110.97, "Plan Rows": 1, "Plan Width": 37, "Inner Unique": true, "Plans": [{"Node Type": "Nested Loop", "Parent Relationship": "Outer", "Join Type": "Inner", "Startup Cost": 0.0, "Total Cost": 84110.39, "Plan Rows": 1, "Plan Width": 45, "Inner Unique": false, "Plans": [{"Node Type": "Nested Loop", "Parent Relationship": "Outer", "Join Type": "Inner", "Startup Cost": 0.0, "Total Cost": 84109.54, "Plan Rows": 1, "Plan Width": 25, "Inner Unique": false, "Join Filter": "(t.id = ci.movie_id)", "Plans": [{"Node Type": "Nested Loop", "Parent Relationship": "Outer", "Join Type": "Inner", "Startup Cost": 0.0, "Total Cost": 84053.76, "Plan Rows": 2, "Plan Width": 25, "Inner Unique": true, "Plans": [{"Node Type": "Nested Loop", "Parent Relationship": "Outer", "Join Type": "Inner", "Startup Cost": 0.0, "Total Cost": 81991.53, "Plan Rows": 262, "Plan Width": 4, "Inner Unique": false, "Plans": [{"Node Type": "Index Scan", "Parent Relationship": "Outer", "Scan Direction": "Forward", "Index Name": "company_name_pkey", "Relation Name": "company_name", "Alias": "cn", "Startup Cost": 0.0, "Total Cost": 10501.39, "Plan Rows": 6290, "Plan Width": 4, "Filter": "((country_code)::text = '[jp]'::text)"}, {"Node Type": "Index Scan", "Parent Relationship": "Inner", "Scan Direction": "Forward", "Index Name": "company_id_movie_companies", "Relation Name": "movie_companies", "Alias": "mc", "Startup Cost": 0.0, "Total Cost": 11.36, "Plan Rows": 1, "Plan Width": 8, "Index Cond": "(company_id = cn.id)", "Filter": "(((note)::text ~~ '%(Japan)%'::text) AND ((note)::text !~~ '%(USA)%'::text) AND (((note)::text ~~ '%(2006)%'::text) OR ((note)::text ~~ '%(2007)%'::text)))"}]}, {"Node Type": "Index Scan", "Parent Relationship": "Inner", "Scan Direction": "Forward", "Index Name": "title_pkey", "Relation Name": "title", "Alias": "t", "Startup Cost": 0.0, "Total Cost": 7.86, "Plan Rows": 1, "Plan Width": 21, "Index Cond": "(id = mc.movie_id)", "Filter": "((production_year >= 2006) AND (production_year <= 2007) AND (((title)::text ~~ 'One Piece%'::text) OR ((title)::text ~~ 'Dragon Ball Z%'::text)))"}]}, {"Node Type": "Index Scan", "Parent Relationship": "Inner", "Scan Direction": "Forward", "Index Name": "movie_id_cast_info", "Relation Name": "cast_info", "Alias": "ci", "Startup Cost": 0.0, "Total Cost": 27.88, "Plan Rows": 1, "Plan Width": 12, "Index Cond": "(movie_id = mc.movie_id)", "Filter": "((note)::text = '(voice: English version)'::text)"}]}, {"Node Type": "Index Scan", "Parent Relationship": "Inner", "Scan Direction": "Forward", "Index Name": "person_id_aka_name", "Relation Name": "aka_name", "Alias": "an", "Startup Cost": 0.0, "Total Cost": 0.84, "Plan Rows": 1, "Plan Width": 20, "Index Cond": "(person_id = ci.person_id)"}]}, {"Node Type": "Index Scan", "Parent Relationship": "Inner", "Scan Direction": "Forward", "Index Name": "name_pkey", "Relation Name": "name", "Alias": "n", "Startup Cost": 0.0, "Total Cost": 0.57, "Plan Rows": 1, "Plan Width": 4, "Index Cond": "(id = an.person_id)", "Filter": "(((name)::text ~~ '%Yo%'::text) AND ((name)::text !~~ '%Yu%'::text))"}]}, {"Node Type": "Index Scan", "Parent Relationship": "Inner", "Scan Direction": "Forward", "Index Name": "role_type_pkey", "Relation Name": "role_type", "Alias": "rt", "Startup Cost": 0.0, "Total Cost": 0.27, "Plan Rows": 1, "Plan Width": 4, "Index Cond": "(id = ci.role_id)", "Filter": "((role)::text = 'actress'::text)"}]}]}, "Unique SQL Id": 3956435728, "Planner Runtime": 24}, "explain_analyze_plan": null}, "(16, '90')": {"explain_plan": {"Plan": {"Node Type": "Aggregate", "Strategy": "Plain", "Startup Cost": 1921730269566.5, "Total Cost": 1921730269566.51, "Plan Rows": 1, "Plan Width": 97, "Plans": [{"Node Type": "Merge Join", "Parent Relationship": "Outer", "Join Type": "Inner", "Startup Cost": 220031783913.62, "Total Cost": 1921730269566.5, "Plan Rows": 1, "Plan Width": 33, "Inner Unique": false, "Merge Cond": "(an.person_id = ci.person_id)", "Plans": [{"Node Type": "Merge Join", "Parent Relationship": "Outer", "Join Type": "Inner", "Startup Cost": 20030754356.47, "Total Cost": 2000026606025.89, "Plan Rows": 16627, "Plan Width": 24, "Inner Unique": true, "Merge Cond": "(an.person_id = n.id)", "Plans": [{"Node Type": "Index Scan", "Parent Relationship": "Outer", "Scan Direction": "Forward", "Index Name": "person_id_aka_name", "Relation Name": "aka_name", "Alias": "an", "Startup Cost": 10000000000.0, "Total Cost": 1000006896503.43, "Plan Rows": 901342, "Plan Width": 20}, {"Node Type": "Materialize", "Parent Relationship": "Inner", "Startup Cost": 10000000000.0, "Total Cost": 1000019707054.42, "Plan Rows": 13886, "Plan Width": 4, "Plans": [{"Node Type": "Index Scan", "Parent Relationship": "Outer", "Scan Direction": "Forward", "Index Name": "name_pkey", "Relation Name": "name", "Alias": "n", "Startup Cost": 10000000000.0, "Total Cost": 1000019707019.7, "Plan Rows": 13886, "Plan Width": 4, "Filter": "(((name)::text ~~ '%Yo%'::text) AND ((name)::text !~~ '%Yu%'::text))"}]}]}, {"Node Type": "Sort", "Parent Relationship": "Inner", "Startup Cost": 200001029557.16, "Total Cost": 200001029557.16, "Plan Rows": 1, "Plan Width": 21, "Sort Key": ["ci.person_id"], "Plans": [{"Node Type": "Merge Join", "Parent Relationship": "Outer", "Join Type": "Inner", "Startup Cost": 200001029525.68, "Total Cost": 200001029557.15, "Plan Rows": 1, "Plan Width": 21, "Inner Unique": true, "Merge Cond": "(mc.company_id = cn.id)", "Plans": [{"Node Type": "Sort", "Parent Relationship": "Outer", "Startup Cost": 200001023225.36, "Total Cost": 200001023225.37, "Plan Rows": 1, "Plan Width": 25, "Sort Key": ["mc.company_id"], "Plans": [{"Node Type": "Merge Join", "Parent Relationship": "Outer", "Join Type": "Inner", "Startup Cost": 200001023181.37, "Total Cost": 200001023225.35, "Plan Rows": 1, "Plan Width": 25, "Inner Unique": false, "Merge Cond": "(ci.movie_id = t.id)", "Plans": [{"Node Type": "Sort", "Parent Relationship": "Outer", "Startup Cost": 100000616371.09, "Total Cost": 100000616393.06, "Plan Rows": 8790, "Plan Width": 8, "Sort Key": ["ci.movie_id"], "Plans": [{"Node Type": "Nested Loop", "Parent Relationship": "Outer", "Join Type": "Inner", "Startup Cost": 10000000000.0, "Total Cost": 100000615795.27, "Plan Rows": 8790, "Plan Width": 8, "Inner Unique": false, "Join Filter": "(ci.role_id = rt.id)", "Plans": [{"Node Type": "Seq Scan", "Parent Relationship": "Outer", "Relation Name": "role_type", "Alias": "rt", "Startup Cost": 0.0, "Total Cost": 1.15, "Plan Rows": 1, "Plan Width": 4, "Filter": "((role)::text = 'actress'::text)"}, {"Node Type": "Materialize", "Parent Relationship": "Inner", "Startup Cost": 0.0, "Total Cost": 60611.46, "Plan Rows": 96692, "Plan Width": 12, "Plans": [{"Node Type": "Streaming(type: LOCAL GATHER dop: 1/16)", "Parent Relationship": "Outer", "Startup Cost": 0.0, "Total Cost": 60369.73, "Plan Rows": 96692, "Plan Width": 12, "Plans": [{"Node Type": "Seq Scan", "Parent Relationship": "Outer", "Relation Name": "cast_info", "Alias": "ci", "Startup Cost": 0.0, "Total Cost": 58282.92, "Plan Rows": 96692, "Plan Width": 12, "Filter": "((note)::text = '(voice: English version)'::text)"}]}]}]}]}, {"Node Type": "Sort", "Parent Relationship": "Inner", "Startup Cost": 100000406810.29, "Total Cost": 100000406810.29, "Plan Rows": 2, "Plan Width": 29, "Sort Key": ["mc.movie_id"], "Plans": [{"Node Type": "Nested Loop", "Parent Relationship": "Outer", "Join Type": "Inner", "Startup Cost": 10000001069.17, "Total Cost": 100000406810.28, "Plan Rows": 2, "Plan Width": 29, "Inner Unique": true, "Join Filter": "(mc.movie_id = t.id)", "Plans": [{"Node Type": "Streaming(type: LOCAL GATHER dop: 1/16)", "Parent Relationship": "Outer", "Startup Cost": 0.0, "Total Cost": 19279.94, "Plan Rows": 1652, "Plan Width": 8, "Plans": [{"Node Type": "Seq Scan", "Parent Relationship": "Outer", "Relation Name": "movie_companies", "Alias": "mc", "Startup Cost": 0.0, "Total Cost": 19244.28, "Plan Rows": 1652, "Plan Width": 8, "Filter": "(((note)::text ~~ '%(Japan)%'::text) AND ((note)::text !~~ '%(USA)%'::text) AND (((note)::text ~~ '%(2006)%'::text) OR ((note)::text ~~ '%(2007)%'::text)))"}]}, {"Node Type": "Materialize", "Parent Relationship": "Inner", "Startup Cost": 1069.17, "Total Cost": 20335.66, "Plan Rows": 43, "Plan Width": 21, "Plans": [{"Node Type": "Streaming(type: LOCAL GATHER dop: 1/16)", "Parent Relationship": "Outer", "Startup Cost": 1069.17, "Total Cost": 20335.44, "Plan Rows": 43, "Plan Width": 21, "Plans": [{"Node Type": "Seq Scan", "Parent Relationship": "Outer", "Relation Name": "title", "Alias": "t", "Startup Cost": 1069.17, "Total Cost": 20334.51, "Plan Rows": 43, "Plan Width": 21, "Filter": "((production_year >= 2006) AND (production_year <= 2007) AND (((title)::text ~~ 'One Piece%'::text) OR ((title)::text ~~ 'Dragon Ball Z%'::text)))"}]}]}]}]}]}]}, {"Node Type": "Sort", "Parent Relationship": "Inner", "Startup Cost": 6300.31, "Total Cost": 6316.04, "Plan Rows": 6290, "Plan Width": 4, "Sort Key": ["cn.id"], "Plans": [{"Node Type": "Seq Scan", "Parent Relationship": "Outer", "Relation Name": "company_name", "Alias": "cn", "Startup Cost": 0.0, "Total Cost": 5903.45, "Plan Rows": 6290, "Plan Width": 4, "Filter": "((country_code)::text = '[jp]'::text)"}]}]}]}]}]}, "Unique SQL Id": 3956435728, "Planner Runtime": 62}, "explain_analyze_plan": null}, "(16, '91')": {"explain_plan": {"Plan": {"Node Type": "Aggregate", "Strategy": "Plain", "Startup Cost": 6721901662669.34, "Total Cost": 6721901662669.35, "Plan Rows": 1, "Plan Width": 97, "Plans": [{"Node Type": "Nested Loop", "Parent Relationship": "Outer", "Join Type": "Inner", "Startup Cost": 3751872460785.09, "Total Cost": 6721901662669.33, "Plan Rows": 1, "Plan Width": 33, "Inner Unique": true, "Plans": [{"Node Type": "Merge Join", "Parent Relationship": "Outer", "Join Type": "Inner", "Startup Cost": 3741872460785.09, "Total Cost": 5721901662231.9, "Plan Rows": 1, "Plan Width": 37, "Inner Unique": true, "Merge Cond": "(ci.movie_id = t.id)", "Plans": [{"Node Type": "Merge Join", "Parent Relationship": "Outer", "Join Type": "Inner", "Startup Cost": 3731872460785.09, "Total Cost": 4721888121871.73, "Plan Rows": 58, "Plan Width": 28, "Inner Unique": false, "Merge Cond": "(mc.movie_id = ci.movie_id)", "Plans": [{"Node Type": "Index Scan", "Parent Relationship": "Outer", "Scan Direction": "Forward", "Index Name": "movie_id_movie_companies", "Relation Name": "movie_companies", "Alias": "mc", "Startup Cost": 10000000000.0, "Total Cost": 1000015661074.13, "Plan Rows": 1652, "Plan Width": 8, "Filter": "(((note)::text ~~ '%(Japan)%'::text) AND ((note)::text !~~ '%(USA)%'::text) AND (((note)::text ~~ '%(2006)%'::text) OR ((note)::text ~~ '%(2007)%'::text)))"}, {"Node Type": "Sort", "Parent Relationship": "Inner", "Startup Cost": 3721872460785.09, "Total Cost": 3721872460788.99, "Plan Rows": 1560, "Plan Width": 20, "Sort Key": ["ci.movie_id"], "Plans": [{"Node Type": "Merge Join", "Parent Relationship": "Outer", "Join Type": "Inner", "Startup Cost": 2020173974891.36, "Total Cost": 3721872460702.35, "Plan Rows": 1560, "Plan Width": 20, "Inner Unique": false, "Merge Cond": "(an.person_id = ci.person_id)", "Plans": [{"Node Type": "Merge Join", "Parent Relationship": "Outer", "Join Type": "Inner", "Startup Cost": 20030754356.47, "Total Cost": 2000026606025.89, "Plan Rows": 16627, "Plan Width": 24, "Inner Unique": true, "Merge Cond": "(an.person_id = n.id)", "Plans": [{"Node Type": "Index Scan", "Parent Relationship": "Outer", "Scan Direction": "Forward", "Index Name": "person_id_aka_name", "Relation Name": "aka_name", "Alias": "an", "Startup Cost": 10000000000.0, "Total Cost": 1000006896503.43, "Plan Rows": 901342, "Plan Width": 20}, {"Node Type": "Materialize", "Parent Relationship": "Inner", "Startup Cost": 10000000000.0, "Total Cost": 1000019707054.42, "Plan Rows": 13886, "Plan Width": 4, "Plans": [{"Node Type": "Index Scan", "Parent Relationship": "Outer", "Scan Direction": "Forward", "Index Name": "name_pkey", "Relation Name": "name", "Alias": "n", "Startup Cost": 10000000000.0, "Total Cost": 1000019707019.7, "Plan Rows": 13886, "Plan Width": 4, "Filter": "(((name)::text ~~ '%Yo%'::text) AND ((name)::text !~~ '%Yu%'::text))"}]}]}, {"Node Type": "Sort", "Parent Relationship": "Inner", "Startup Cost": 2000143220534.9, "Total Cost": 2000143220556.87, "Plan Rows": 8790, "Plan Width": 8, "Sort Key": ["ci.person_id"], "Plans": [{"Node Type": "Merge Join", "Parent Relationship": "Outer", "Join Type": "Inner", "Startup Cost": 20000000000.0, "Total Cost": 2000143219959.08, "Plan Rows": 8790, "Plan Width": 8, "Inner Unique": true, "Merge Cond": "(ci.role_id = rt.id)", "Plans": [{"Node Type": "Index Scan", "Parent Relationship": "Outer", "Scan Direction": "Forward", "Index Name": "role_id_cast_info", "Relation Name": "cast_info", "Alias": "ci", "Startup Cost": 10000000000.0, "Total Cost": 1000143218339.5, "Plan Rows": 96692, "Plan Width": 12, "Filter": "((note)::text = '(voice: English version)'::text)"}, {"Node Type": "Materialize", "Parent Relationship": "Inner", "Startup Cost": 10000000000.0, "Total Cost": 1000000001246.0, "Plan Rows": 1, "Plan Width": 4, "Plans": [{"Node Type": "Index Scan", "Parent Relationship": "Outer", "Scan Direction": "Forward", "Index Name": "role_type_pkey", "Relation Name": "role_type", "Alias": "rt", "Startup Cost": 10000000000.0, "Total Cost": 1000000001246.0, "Plan Rows": 1, "Plan Width": 4, "Filter": "((role)::text = 'actress'::text)"}]}]}]}]}]}]}, {"Node Type": "Index Scan", "Parent Relationship": "Inner", "Scan Direction": "Forward", "Index Name": "title_pkey", "Relation Name": "title", "Alias": "t", "Startup Cost": 10000000000.0, "Total Cost": 1000013540359.91, "Plan Rows": 43, "Plan Width": 21, "Filter": "((production_year >= 2006) AND (production_year <= 2007) AND (((title)::text ~~ 'One Piece%'::text) OR ((title)::text ~~ 'Dragon Ball Z%'::text)))"}]}, {"Node Type": "Index Scan", "Parent Relationship": "Inner", "Scan Direction": "Forward", "Index Name": "company_name_pkey", "Relation Name": "company_name", "Alias": "cn", "Startup Cost": 10000000000.0, "Total Cost": 1000000000437.42, "Plan Rows": 1, "Plan Width": 4, "Index Cond": "(id = mc.company_id)", "Filter": "((country_code)::text = '[jp]'::text)"}]}]}, "Unique SQL Id": 3956435728, "Planner Runtime": 119}, "explain_analyze_plan": null}, "(16, '92')": {"explain_plan": {"Plan": {"Node Type": "Aggregate", "Strategy": "Plain", "Startup Cost": 20891.31, "Total Cost": 20891.32, "Plan Rows": 1, "Plan Width": 97, "Plans": [{"Node Type": "Nested Loop", "Parent Relationship": "Outer", "Join Type": "Inner", "Startup Cost": 1069.17, "Total Cost": 20891.3, "Plan Rows": 1, "Plan Width": 33, "Inner Unique": true, "Plans": [{"Node Type": "Nested Loop", "Parent Relationship": "Outer", "Join Type": "Inner", "Startup Cost": 1069.17, "Total Cost": 20891.02, "Plan Rows": 1, "Plan Width": 37, "Inner Unique": true, "Plans": [{"Node Type": "Nested Loop", "Parent Relationship": "Outer", "Join Type": "Inner", "Startup Cost": 1069.17, "Total Cost": 20890.44, "Plan Rows": 1, "Plan Width": 45, "Inner Unique": true, "Plans": [{"Node Type": "Nested Loop", "Parent Relationship": "Outer", "Join Type": "Inner", "Startup Cost": 1069.17, "Total Cost": 20886.05, "Plan Rows": 1, "Plan Width": 49, "Inner Unique": false, "Plans": [{"Node Type": "Nested Loop", "Parent Relationship": "Outer", "Join Type": "Inner", "Startup Cost": 1069.17, "Total Cost": 20885.2, "Plan Rows": 1, "Plan Width": 29, "Inner Unique": false, "Join Filter": "(t.id = ci.movie_id)", "Plans": [{"Node Type": "Nested Loop", "Parent Relationship": "Outer", "Join Type": "Inner", "Startup Cost": 1069.17, "Total Cost": 20829.42, "Plan Rows": 2, "Plan Width": 29, "Inner Unique": false, "Plans": [{"Node Type": "Streaming(type: LOCAL GATHER dop: 1/16)", "Parent Relationship": "Outer", "Startup Cost": 1069.17, "Total Cost": 20335.44, "Plan Rows": 43, "Plan Width": 21, "Plans": [{"Node Type": "Seq Scan", "Parent Relationship": "Outer", "Relation Name": "title", "Alias": "t", "Startup Cost": 1069.17, "Total Cost": 20334.51, "Plan Rows": 43, "Plan Width": 21, "Filter": "((production_year >= 2006) AND (production_year <= 2007) AND (((title)::text ~~ 'One Piece%'::text) OR ((title)::text ~~ 'Dragon Ball Z%'::text)))"}]}, {"Node Type": "Index Scan", "Parent Relationship": "Inner", "Scan Direction": "Forward", "Index Name": "movie_id_movie_companies", "Relation Name": "movie_companies", "Alias": "mc", "Startup Cost": 0.0, "Total Cost": 11.48, "Plan Rows": 1, "Plan Width": 8, "Index Cond": "(movie_id = t.id)", "Filter": "(((note)::text ~~ '%(Japan)%'::text) AND ((note)::text !~~ '%(USA)%'::text) AND (((note)::text ~~ '%(2006)%'::text) OR ((note)::text ~~ '%(2007)%'::text)))"}]}, {"Node Type": "Index Scan", "Parent Relationship": "Inner", "Scan Direction": "Forward", "Index Name": "movie_id_cast_info", "Relation Name": "cast_info", "Alias": "ci", "Startup Cost": 0.0, "Total Cost": 27.88, "Plan Rows": 1, "Plan Width": 12, "Index Cond": "(movie_id = mc.movie_id)", "Filter": "((note)::text = '(voice: English version)'::text)"}]}, {"Node Type": "Index Scan", "Parent Relationship": "Inner", "Scan Direction": "Forward", "Index Name": "person_id_aka_name", "Relation Name": "aka_name", "Alias": "an", "Startup Cost": 0.0, "Total Cost": 0.84, "Plan Rows": 1, "Plan Width": 20, "Index Cond": "(person_id = ci.person_id)"}]}, {"Node Type": "Index Scan", "Parent Relationship": "Inner", "Scan Direction": "Forward", "Index Name": "company_name_pkey", "Relation Name": "company_name", "Alias": "cn", "Startup Cost": 0.0, "Total Cost": 4.37, "Plan Rows": 1, "Plan Width": 4, "Index Cond": "(id = mc.company_id)", "Filter": "((country_code)::text = '[jp]'::text)"}]}, {"Node Type": "Index Scan", "Parent Relationship": "Inner", "Scan Direction": "Forward", "Index Name": "name_pkey", "Relation Name": "name", "Alias": "n", "Startup Cost": 0.0, "Total Cost": 0.57, "Plan Rows": 1, "Plan Width": 4, "Index Cond": "(id = an.person_id)", "Filter": "(((name)::text ~~ '%Yo%'::text) AND ((name)::text !~~ '%Yu%'::text))"}]}, {"Node Type": "Index Scan", "Parent Relationship": "Inner", "Scan Direction": "Forward", "Index Name": "role_type_pkey", "Relation Name": "role_type", "Alias": "rt", "Startup Cost": 0.0, "Total Cost": 0.27, "Plan Rows": 1, "Plan Width": 4, "Index Cond": "(id = ci.role_id)", "Filter": "((role)::text = 'actress'::text)"}]}]}, "Unique SQL Id": 3956435728, "Planner Runtime": 22}, "explain_analyze_plan": {"Plan": {"Node Type": "Aggregate", "Strategy": "Plain", "Startup Cost": 20891.31, "Total Cost": 20891.32, "Plan Rows": 1, "Plan Width": 97, "Actual Min Startup Time": 82.24, "Actual Max Startup Time": 82.24, "Actual Min Total Time": 82.24, "Actual Max Total Time": 82.24, "Plans": [{"Node Type": "Nested Loop", "Parent Relationship": "Outer", "Join Type": "Inner", "Startup Cost": 1069.17, "Total Cost": 20891.3, "Plan Rows": 1, "Plan Width": 33, "Actual Min Startup Time": 79.771, "Actual Max Startup Time": 79.771, "Actual Min Total Time": 82.203, "Actual Max Total Time": 82.203, "Inner Unique": true, "Plans": [{"Node Type": "Nested Loop", "Parent Relationship": "Outer", "Join Type": "Inner", "Startup Cost": 1069.17, "Total Cost": 20891.02, "Plan Rows": 1, "Plan Width": 37, "Actual Min Startup Time": 79.76, "Actual Max Startup Time": 79.76, "Actual Min Total Time": 82.178, "Actual Max Total Time": 82.178, "Inner Unique": true, "Plans": [{"Node Type": "Nested Loop", "Parent Relationship": "Outer", "Join Type": "Inner", "Startup Cost": 1069.17, "Total Cost": 20890.44, "Plan Rows": 1, "Plan Width": 45, "Actual Min Startup Time": 78.621, "Actual Max Startup Time": 78.621, "Actual Min Total Time": 81.338, "Actual Max Total Time": 81.338, "Inner Unique": true, "Plans": [{"Node Type": "Nested Loop", "Parent Relationship": "Outer", "Join Type": "Inner", "Startup Cost": 1069.17, "Total Cost": 20886.05, "Plan Rows": 1, "Plan Width": 49, "Actual Min Startup Time": 78.603, "Actual Max Startup Time": 78.603, "Actual Min Total Time": 80.695, "Actual Max Total Time": 80.695, "Inner Unique": false, "Plans": [{"Node Type": "Nested Loop", "Parent Relationship": "Outer", "Join Type": "Inner", "Startup Cost": 1069.17, "Total Cost": 20885.2, "Plan Rows": 1, "Plan Width": 29, "Actual Min Startup Time": 78.587, "Actual Max Startup Time": 78.587, "Actual Min Total Time": 79.943, "Actual Max Total Time": 79.943, "Inner Unique": false, "Join Filter": "(t.id = ci.movie_id)", "Rows Removed by Join Filter": 0, "Plans": [{"Node Type": "Nested Loop", "Parent Relationship": "Outer", "Join Type": "Inner", "Startup Cost": 1069.17, "Total Cost": 20829.42, "Plan Rows": 2, "Plan Width": 29, "Actual Min Startup Time": 78.48, "Actual Max Startup Time": 78.48, "Actual Min Total Time": 79.571, "Actual Max Total Time": 79.571, "Inner Unique": false, "Plans": [{"Node Type": "Streaming(type: LOCAL GATHER dop: 1/16)", "Parent Relationship": "Outer", "Startup Cost": 1069.17, "Total Cost": 20335.44, "Plan Rows": 43, "Plan Width": 21, "Actual Min Startup Time": 78.374, "Actual Max Startup Time": 78.374, "Actual Min Total Time": 79.397, "Actual Max Total Time": 79.397, "Plans": [{"Node Type": "Seq Scan", "Parent Relationship": "Outer", "Relation Name": "title", "Alias": "t", "Startup Cost": 1069.17, "Total Cost": 20334.51, "Plan Rows": 43, "Plan Width": 21, "Actual Min Startup Time": 48.113, "Actual Max Startup Time": 65.731, "Actual Min Total Time": 62.348, "Actual Max Total Time": 65.731, "Filter": "((production_year >= 2006) AND (production_year <= 2007) AND (((title)::text ~~ 'One Piece%'::text) OR ((title)::text ~~ 'Dragon Ball Z%'::text)))", "Rows Removed by Filter": 2528304, "Actual Rows": 7}], "Actual Rows": 7}, {"Node Type": "Index Scan", "Parent Relationship": "Inner", "Scan Direction": "Forward", "Index Name": "movie_id_movie_companies", "Relation Name": "movie_companies", "Alias": "mc", "Startup Cost": 0.0, "Total Cost": 11.48, "Plan Rows": 1, "Plan Width": 8, "Actual Min Startup Time": 0.139, "Actual Max Startup Time": 0.139, "Actual Min Total Time": 0.148, "Actual Max Total Time": 0.148, "Index Cond": "(movie_id = t.id)", "Rows Removed by Index Recheck": 0, "Filter": "(((note)::text ~~ '%(Japan)%'::text) AND ((note)::text !~~ '%(USA)%'::text) AND (((note)::text ~~ '%(2006)%'::text) OR ((note)::text ~~ '%(2007)%'::text)))", "Rows Removed by Filter": 13, "Actual Rows": 4}], "Actual Rows": 4}, {"Node Type": "Index Scan", "Parent Relationship": "Inner", "Scan Direction": "Forward", "Index Name": "movie_id_cast_info", "Relation Name": "cast_info", "Alias": "ci", "Startup Cost": 0.0, "Total Cost": 27.88, "Plan Rows": 1, "Plan Width": 12, "Actual Min Startup Time": 0.106, "Actual Max Startup Time": 0.106, "Actual Min Total Time": 0.331, "Actual Max Total Time": 0.331, "Index Cond": "(movie_id = mc.movie_id)", "Rows Removed by Index Recheck": 0, "Filter": "((note)::text = '(voice: English version)'::text)", "Rows Removed by Filter": 68, "Actual Rows": 104}], "Actual Rows": 104}, {"Node Type": "Index Scan", "Parent Relationship": "Inner", "Scan Direction": "Forward", "Index Name": "person_id_aka_name", "Relation Name": "aka_name", "Alias": "an", "Startup Cost": 0.0, "Total Cost": 0.84, "Plan Rows": 1, "Plan Width": 20, "Actual Min Startup Time": 0.52, "Actual Max Startup Time": 0.52, "Actual Min Total Time": 0.636, "Actual Max Total Time": 0.636, "Index Cond": "(person_id = ci.person_id)", "Rows Removed by Index Recheck": 0, "Actual Rows": 171}], "Actual Rows": 171}, {"Node Type": "Index Scan", "Parent Relationship": "Inner", "Scan Direction": "Forward", "Index Name": "company_name_pkey", "Relation Name": "company_name", "Alias": "cn", "Startup Cost": 0.0, "Total Cost": 4.37, "Plan Rows": 1, "Plan Width": 4, "Actual Min Startup Time": 0.51, "Actual Max Startup Time": 0.51, "Actual Min Total Time": 0.51, "Actual Max Total Time": 0.51, "Index Cond": "(id = mc.company_id)", "Rows Removed by Index Recheck": 0, "Filter": "((country_code)::text = '[jp]'::text)", "Rows Removed by Filter": 0, "Actual Rows": 171}], "Actual Rows": 171}, {"Node Type": "Index Scan", "Parent Relationship": "Inner", "Scan Direction": "Forward", "Index Name": "name_pkey", "Relation Name": "name", "Alias": "n", "Startup Cost": 0.0, "Total Cost": 0.57, "Plan Rows": 1, "Plan Width": 4, "Actual Min Startup Time": 0.745, "Actual Max Startup Time": 0.745, "Actual Min Total Time": 0.745, "Actual Max Total Time": 0.745, "Index Cond": "(id = an.person_id)", "Rows Removed by Index Recheck": 0, "Filter": "(((name)::text ~~ '%Yo%'::text) AND ((name)::text !~~ '%Yu%'::text))", "Rows Removed by Filter": 165, "Actual Rows": 6}], "Actual Rows": 6}, {"Node Type": "Index Scan", "Parent Relationship": "Inner", "Scan Direction": "Forward", "Index Name": "role_type_pkey", "Relation Name": "role_type", "Alias": "rt", "Startup Cost": 0.0, "Total Cost": 0.27, "Plan Rows": 1, "Plan Width": 4, "Actual Min Startup Time": 0.018, "Actual Max Startup Time": 0.018, "Actual Min Total Time": 0.018, "Actual Max Total Time": 0.018, "Index Cond": "(id = ci.role_id)", "Rows Removed by Index Recheck": 0, "Filter": "((role)::text = 'actress'::text)", "Rows Removed by Filter": 0, "Actual Rows": 6}], "Actual Rows": 6}], "Actual Rows": 1}, "Triggers": [], "Planner Runtime": 30.568, "Total Runtime": 84.938, "Unique SQL Id": 3956435728}}, "(16, '93')": {"explain_plan": {"Plan": {"Node Type": "Aggregate", "Strategy": "Plain", "Startup Cost": 84111.26, "Total Cost": 84111.27, "Plan Rows": 1, "Plan Width": 97, "Plans": [{"Node Type": "Nested Loop", "Parent Relationship": "Outer", "Join Type": "Inner", "Startup Cost": 0.0, "Total Cost": 84111.26, "Plan Rows": 1, "Plan Width": 33, "Inner Unique": true, "Plans": [{"Node Type": "Nested Loop", "Parent Relationship": "Outer", "Join Type": "Inner", "Startup Cost": 0.0, "Total Cost": 84110.97, "Plan Rows": 1, "Plan Width": 37, "Inner Unique": true, "Plans": [{"Node Type": "Nested Loop", "Parent Relationship": "Outer", "Join Type": "Inner", "Startup Cost": 0.0, "Total Cost": 84110.39, "Plan Rows": 1, "Plan Width": 45, "Inner Unique": false, "Plans": [{"Node Type": "Nested Loop", "Parent Relationship": "Outer", "Join Type": "Inner", "Startup Cost": 0.0, "Total Cost": 84109.54, "Plan Rows": 1, "Plan Width": 25, "Inner Unique": false, "Join Filter": "(t.id = ci.movie_id)", "Plans": [{"Node Type": "Nested Loop", "Parent Relationship": "Outer", "Join Type": "Inner", "Startup Cost": 0.0, "Total Cost": 84053.76, "Plan Rows": 2, "Plan Width": 25, "Inner Unique": true, "Plans": [{"Node Type": "Nested Loop", "Parent Relationship": "Outer", "Join Type": "Inner", "Startup Cost": 0.0, "Total Cost": 81991.53, "Plan Rows": 262, "Plan Width": 4, "Inner Unique": false, "Plans": [{"Node Type": "Index Scan", "Parent Relationship": "Outer", "Scan Direction": "Forward", "Index Name": "company_name_pkey", "Relation Name": "company_name", "Alias": "cn", "Startup Cost": 0.0, "Total Cost": 10501.39, "Plan Rows": 6290, "Plan Width": 4, "Filter": "((country_code)::text = '[jp]'::text)"}, {"Node Type": "Index Scan", "Parent Relationship": "Inner", "Scan Direction": "Forward", "Index Name": "company_id_movie_companies", "Relation Name": "movie_companies", "Alias": "mc", "Startup Cost": 0.0, "Total Cost": 11.36, "Plan Rows": 1, "Plan Width": 8, "Index Cond": "(company_id = cn.id)", "Filter": "(((note)::text ~~ '%(Japan)%'::text) AND ((note)::text !~~ '%(USA)%'::text) AND (((note)::text ~~ '%(2006)%'::text) OR ((note)::text ~~ '%(2007)%'::text)))"}]}, {"Node Type": "Index Scan", "Parent Relationship": "Inner", "Scan Direction": "Forward", "Index Name": "title_pkey", "Relation Name": "title", "Alias": "t", "Startup Cost": 0.0, "Total Cost": 7.86, "Plan Rows": 1, "Plan Width": 21, "Index Cond": "(id = mc.movie_id)", "Filter": "((production_year >= 2006) AND (production_year <= 2007) AND (((title)::text ~~ 'One Piece%'::text) OR ((title)::text ~~ 'Dragon Ball Z%'::text)))"}]}, {"Node Type": "Index Scan", "Parent Relationship": "Inner", "Scan Direction": "Forward", "Index Name": "movie_id_cast_info", "Relation Name": "cast_info", "Alias": "ci", "Startup Cost": 0.0, "Total Cost": 27.88, "Plan Rows": 1, "Plan Width": 12, "Index Cond": "(movie_id = mc.movie_id)", "Filter": "((note)::text = '(voice: English version)'::text)"}]}, {"Node Type": "Index Scan", "Parent Relationship": "Inner", "Scan Direction": "Forward", "Index Name": "person_id_aka_name", "Relation Name": "aka_name", "Alias": "an", "Startup Cost": 0.0, "Total Cost": 0.84, "Plan Rows": 1, "Plan Width": 20, "Index Cond": "(person_id = ci.person_id)"}]}, {"Node Type": "Index Scan", "Parent Relationship": "Inner", "Scan Direction": "Forward", "Index Name": "name_pkey", "Relation Name": "name", "Alias": "n", "Startup Cost": 0.0, "Total Cost": 0.57, "Plan Rows": 1, "Plan Width": 4, "Index Cond": "(id = an.person_id)", "Filter": "(((name)::text ~~ '%Yo%'::text) AND ((name)::text !~~ '%Yu%'::text))"}]}, {"Node Type": "Index Scan", "Parent Relationship": "Inner", "Scan Direction": "Forward", "Index Name": "role_type_pkey", "Relation Name": "role_type", "Alias": "rt", "Startup Cost": 0.0, "Total Cost": 0.27, "Plan Rows": 1, "Plan Width": 4, "Index Cond": "(id = ci.role_id)", "Filter": "((role)::text = 'actress'::text)"}]}]}, "Unique SQL Id": 3956435728, "Planner Runtime": 24}, "explain_analyze_plan": null}, "(16, '94')": {"explain_plan": {"Plan": {"Node Type": "Aggregate", "Strategy": "Plain", "Startup Cost": 1921730269566.5, "Total Cost": 1921730269566.51, "Plan Rows": 1, "Plan Width": 97, "Plans": [{"Node Type": "Merge Join", "Parent Relationship": "Outer", "Join Type": "Inner", "Startup Cost": 220031783913.62, "Total Cost": 1921730269566.5, "Plan Rows": 1, "Plan Width": 33, "Inner Unique": false, "Merge Cond": "(an.person_id = ci.person_id)", "Plans": [{"Node Type": "Merge Join", "Parent Relationship": "Outer", "Join Type": "Inner", "Startup Cost": 20030754356.47, "Total Cost": 2000026606025.89, "Plan Rows": 16627, "Plan Width": 24, "Inner Unique": true, "Merge Cond": "(an.person_id = n.id)", "Plans": [{"Node Type": "Index Scan", "Parent Relationship": "Outer", "Scan Direction": "Forward", "Index Name": "person_id_aka_name", "Relation Name": "aka_name", "Alias": "an", "Startup Cost": 10000000000.0, "Total Cost": 1000006896503.43, "Plan Rows": 901342, "Plan Width": 20}, {"Node Type": "Materialize", "Parent Relationship": "Inner", "Startup Cost": 10000000000.0, "Total Cost": 1000019707054.42, "Plan Rows": 13886, "Plan Width": 4, "Plans": [{"Node Type": "Index Scan", "Parent Relationship": "Outer", "Scan Direction": "Forward", "Index Name": "name_pkey", "Relation Name": "name", "Alias": "n", "Startup Cost": 10000000000.0, "Total Cost": 1000019707019.7, "Plan Rows": 13886, "Plan Width": 4, "Filter": "(((name)::text ~~ '%Yo%'::text) AND ((name)::text !~~ '%Yu%'::text))"}]}]}, {"Node Type": "Sort", "Parent Relationship": "Inner", "Startup Cost": 200001029557.16, "Total Cost": 200001029557.16, "Plan Rows": 1, "Plan Width": 21, "Sort Key": ["ci.person_id"], "Plans": [{"Node Type": "Merge Join", "Parent Relationship": "Outer", "Join Type": "Inner", "Startup Cost": 200001029525.68, "Total Cost": 200001029557.15, "Plan Rows": 1, "Plan Width": 21, "Inner Unique": true, "Merge Cond": "(mc.company_id = cn.id)", "Plans": [{"Node Type": "Sort", "Parent Relationship": "Outer", "Startup Cost": 200001023225.36, "Total Cost": 200001023225.37, "Plan Rows": 1, "Plan Width": 25, "Sort Key": ["mc.company_id"], "Plans": [{"Node Type": "Merge Join", "Parent Relationship": "Outer", "Join Type": "Inner", "Startup Cost": 200001023181.37, "Total Cost": 200001023225.35, "Plan Rows": 1, "Plan Width": 25, "Inner Unique": false, "Merge Cond": "(ci.movie_id = t.id)", "Plans": [{"Node Type": "Sort", "Parent Relationship": "Outer", "Startup Cost": 100000616371.09, "Total Cost": 100000616393.06, "Plan Rows": 8790, "Plan Width": 8, "Sort Key": ["ci.movie_id"], "Plans": [{"Node Type": "Nested Loop", "Parent Relationship": "Outer", "Join Type": "Inner", "Startup Cost": 10000000000.0, "Total Cost": 100000615795.27, "Plan Rows": 8790, "Plan Width": 8, "Inner Unique": false, "Join Filter": "(ci.role_id = rt.id)", "Plans": [{"Node Type": "Seq Scan", "Parent Relationship": "Outer", "Relation Name": "role_type", "Alias": "rt", "Startup Cost": 0.0, "Total Cost": 1.15, "Plan Rows": 1, "Plan Width": 4, "Filter": "((role)::text = 'actress'::text)"}, {"Node Type": "Materialize", "Parent Relationship": "Inner", "Startup Cost": 0.0, "Total Cost": 60611.46, "Plan Rows": 96692, "Plan Width": 12, "Plans": [{"Node Type": "Streaming(type: LOCAL GATHER dop: 1/16)", "Parent Relationship": "Outer", "Startup Cost": 0.0, "Total Cost": 60369.73, "Plan Rows": 96692, "Plan Width": 12, "Plans": [{"Node Type": "Seq Scan", "Parent Relationship": "Outer", "Relation Name": "cast_info", "Alias": "ci", "Startup Cost": 0.0, "Total Cost": 58282.92, "Plan Rows": 96692, "Plan Width": 12, "Filter": "((note)::text = '(voice: English version)'::text)"}]}]}]}]}, {"Node Type": "Sort", "Parent Relationship": "Inner", "Startup Cost": 100000406810.29, "Total Cost": 100000406810.29, "Plan Rows": 2, "Plan Width": 29, "Sort Key": ["mc.movie_id"], "Plans": [{"Node Type": "Nested Loop", "Parent Relationship": "Outer", "Join Type": "Inner", "Startup Cost": 10000001069.17, "Total Cost": 100000406810.28, "Plan Rows": 2, "Plan Width": 29, "Inner Unique": true, "Join Filter": "(mc.movie_id = t.id)", "Plans": [{"Node Type": "Streaming(type: LOCAL GATHER dop: 1/16)", "Parent Relationship": "Outer", "Startup Cost": 0.0, "Total Cost": 19279.94, "Plan Rows": 1652, "Plan Width": 8, "Plans": [{"Node Type": "Seq Scan", "Parent Relationship": "Outer", "Relation Name": "movie_companies", "Alias": "mc", "Startup Cost": 0.0, "Total Cost": 19244.28, "Plan Rows": 1652, "Plan Width": 8, "Filter": "(((note)::text ~~ '%(Japan)%'::text) AND ((note)::text !~~ '%(USA)%'::text) AND (((note)::text ~~ '%(2006)%'::text) OR ((note)::text ~~ '%(2007)%'::text)))"}]}, {"Node Type": "Materialize", "Parent Relationship": "Inner", "Startup Cost": 1069.17, "Total Cost": 20335.66, "Plan Rows": 43, "Plan Width": 21, "Plans": [{"Node Type": "Streaming(type: LOCAL GATHER dop: 1/16)", "Parent Relationship": "Outer", "Startup Cost": 1069.17, "Total Cost": 20335.44, "Plan Rows": 43, "Plan Width": 21, "Plans": [{"Node Type": "Seq Scan", "Parent Relationship": "Outer", "Relation Name": "title", "Alias": "t", "Startup Cost": 1069.17, "Total Cost": 20334.51, "Plan Rows": 43, "Plan Width": 21, "Filter": "((production_year >= 2006) AND (production_year <= 2007) AND (((title)::text ~~ 'One Piece%'::text) OR ((title)::text ~~ 'Dragon Ball Z%'::text)))"}]}]}]}]}]}]}, {"Node Type": "Sort", "Parent Relationship": "Inner", "Startup Cost": 6300.31, "Total Cost": 6316.04, "Plan Rows": 6290, "Plan Width": 4, "Sort Key": ["cn.id"], "Plans": [{"Node Type": "Seq Scan", "Parent Relationship": "Outer", "Relation Name": "company_name", "Alias": "cn", "Startup Cost": 0.0, "Total Cost": 5903.45, "Plan Rows": 6290, "Plan Width": 4, "Filter": "((country_code)::text = '[jp]'::text)"}]}]}]}]}]}, "Unique SQL Id": 3956435728, "Planner Runtime": 61}, "explain_analyze_plan": null}, "(16, '95')": {"explain_plan": {"Plan": {"Node Type": "Aggregate", "Strategy": "Plain", "Startup Cost": 6721901662669.34, "Total Cost": 6721901662669.35, "Plan Rows": 1, "Plan Width": 97, "Plans": [{"Node Type": "Nested Loop", "Parent Relationship": "Outer", "Join Type": "Inner", "Startup Cost": 3751872460785.09, "Total Cost": 6721901662669.33, "Plan Rows": 1, "Plan Width": 33, "Inner Unique": true, "Plans": [{"Node Type": "Merge Join", "Parent Relationship": "Outer", "Join Type": "Inner", "Startup Cost": 3741872460785.09, "Total Cost": 5721901662231.9, "Plan Rows": 1, "Plan Width": 37, "Inner Unique": true, "Merge Cond": "(ci.movie_id = t.id)", "Plans": [{"Node Type": "Merge Join", "Parent Relationship": "Outer", "Join Type": "Inner", "Startup Cost": 3731872460785.09, "Total Cost": 4721888121871.73, "Plan Rows": 58, "Plan Width": 28, "Inner Unique": false, "Merge Cond": "(mc.movie_id = ci.movie_id)", "Plans": [{"Node Type": "Index Scan", "Parent Relationship": "Outer", "Scan Direction": "Forward", "Index Name": "movie_id_movie_companies", "Relation Name": "movie_companies", "Alias": "mc", "Startup Cost": 10000000000.0, "Total Cost": 1000015661074.13, "Plan Rows": 1652, "Plan Width": 8, "Filter": "(((note)::text ~~ '%(Japan)%'::text) AND ((note)::text !~~ '%(USA)%'::text) AND (((note)::text ~~ '%(2006)%'::text) OR ((note)::text ~~ '%(2007)%'::text)))"}, {"Node Type": "Sort", "Parent Relationship": "Inner", "Startup Cost": 3721872460785.09, "Total Cost": 3721872460788.99, "Plan Rows": 1560, "Plan Width": 20, "Sort Key": ["ci.movie_id"], "Plans": [{"Node Type": "Merge Join", "Parent Relationship": "Outer", "Join Type": "Inner", "Startup Cost": 2020173974891.36, "Total Cost": 3721872460702.35, "Plan Rows": 1560, "Plan Width": 20, "Inner Unique": false, "Merge Cond": "(an.person_id = ci.person_id)", "Plans": [{"Node Type": "Merge Join", "Parent Relationship": "Outer", "Join Type": "Inner", "Startup Cost": 20030754356.47, "Total Cost": 2000026606025.89, "Plan Rows": 16627, "Plan Width": 24, "Inner Unique": true, "Merge Cond": "(an.person_id = n.id)", "Plans": [{"Node Type": "Index Scan", "Parent Relationship": "Outer", "Scan Direction": "Forward", "Index Name": "person_id_aka_name", "Relation Name": "aka_name", "Alias": "an", "Startup Cost": 10000000000.0, "Total Cost": 1000006896503.43, "Plan Rows": 901342, "Plan Width": 20}, {"Node Type": "Materialize", "Parent Relationship": "Inner", "Startup Cost": 10000000000.0, "Total Cost": 1000019707054.42, "Plan Rows": 13886, "Plan Width": 4, "Plans": [{"Node Type": "Index Scan", "Parent Relationship": "Outer", "Scan Direction": "Forward", "Index Name": "name_pkey", "Relation Name": "name", "Alias": "n", "Startup Cost": 10000000000.0, "Total Cost": 1000019707019.7, "Plan Rows": 13886, "Plan Width": 4, "Filter": "(((name)::text ~~ '%Yo%'::text) AND ((name)::text !~~ '%Yu%'::text))"}]}]}, {"Node Type": "Sort", "Parent Relationship": "Inner", "Startup Cost": 2000143220534.9, "Total Cost": 2000143220556.87, "Plan Rows": 8790, "Plan Width": 8, "Sort Key": ["ci.person_id"], "Plans": [{"Node Type": "Merge Join", "Parent Relationship": "Outer", "Join Type": "Inner", "Startup Cost": 20000000000.0, "Total Cost": 2000143219959.08, "Plan Rows": 8790, "Plan Width": 8, "Inner Unique": true, "Merge Cond": "(ci.role_id = rt.id)", "Plans": [{"Node Type": "Index Scan", "Parent Relationship": "Outer", "Scan Direction": "Forward", "Index Name": "role_id_cast_info", "Relation Name": "cast_info", "Alias": "ci", "Startup Cost": 10000000000.0, "Total Cost": 1000143218339.5, "Plan Rows": 96692, "Plan Width": 12, "Filter": "((note)::text = '(voice: English version)'::text)"}, {"Node Type": "Materialize", "Parent Relationship": "Inner", "Startup Cost": 10000000000.0, "Total Cost": 1000000001246.0, "Plan Rows": 1, "Plan Width": 4, "Plans": [{"Node Type": "Index Scan", "Parent Relationship": "Outer", "Scan Direction": "Forward", "Index Name": "role_type_pkey", "Relation Name": "role_type", "Alias": "rt", "Startup Cost": 10000000000.0, "Total Cost": 1000000001246.0, "Plan Rows": 1, "Plan Width": 4, "Filter": "((role)::text = 'actress'::text)"}]}]}]}]}]}]}, {"Node Type": "Index Scan", "Parent Relationship": "Inner", "Scan Direction": "Forward", "Index Name": "title_pkey", "Relation Name": "title", "Alias": "t", "Startup Cost": 10000000000.0, "Total Cost": 1000013540359.91, "Plan Rows": 43, "Plan Width": 21, "Filter": "((production_year >= 2006) AND (production_year <= 2007) AND (((title)::text ~~ 'One Piece%'::text) OR ((title)::text ~~ 'Dragon Ball Z%'::text)))"}]}, {"Node Type": "Index Scan", "Parent Relationship": "Inner", "Scan Direction": "Forward", "Index Name": "company_name_pkey", "Relation Name": "company_name", "Alias": "cn", "Startup Cost": 10000000000.0, "Total Cost": 1000000000437.42, "Plan Rows": 1, "Plan Width": 4, "Index Cond": "(id = mc.company_id)", "Filter": "((country_code)::text = '[jp]'::text)"}]}]}, "Unique SQL Id": 3956435728, "Planner Runtime": 120}, "explain_analyze_plan": null}, "(16, '96')": {"explain_plan": {"Plan": {"Node Type": "Aggregate", "Strategy": "Plain", "Startup Cost": 20891.31, "Total Cost": 20891.32, "Plan Rows": 1, "Plan Width": 97, "Plans": [{"Node Type": "Nested Loop", "Parent Relationship": "Outer", "Join Type": "Inner", "Startup Cost": 1069.17, "Total Cost": 20891.3, "Plan Rows": 1, "Plan Width": 33, "Inner Unique": true, "Plans": [{"Node Type": "Nested Loop", "Parent Relationship": "Outer", "Join Type": "Inner", "Startup Cost": 1069.17, "Total Cost": 20891.02, "Plan Rows": 1, "Plan Width": 37, "Inner Unique": true, "Plans": [{"Node Type": "Nested Loop", "Parent Relationship": "Outer", "Join Type": "Inner", "Startup Cost": 1069.17, "Total Cost": 20890.44, "Plan Rows": 1, "Plan Width": 45, "Inner Unique": true, "Plans": [{"Node Type": "Nested Loop", "Parent Relationship": "Outer", "Join Type": "Inner", "Startup Cost": 1069.17, "Total Cost": 20886.05, "Plan Rows": 1, "Plan Width": 49, "Inner Unique": false, "Plans": [{"Node Type": "Nested Loop", "Parent Relationship": "Outer", "Join Type": "Inner", "Startup Cost": 1069.17, "Total Cost": 20885.2, "Plan Rows": 1, "Plan Width": 29, "Inner Unique": false, "Join Filter": "(t.id = ci.movie_id)", "Plans": [{"Node Type": "Nested Loop", "Parent Relationship": "Outer", "Join Type": "Inner", "Startup Cost": 1069.17, "Total Cost": 20829.42, "Plan Rows": 2, "Plan Width": 29, "Inner Unique": false, "Plans": [{"Node Type": "Streaming(type: LOCAL GATHER dop: 1/16)", "Parent Relationship": "Outer", "Startup Cost": 1069.17, "Total Cost": 20335.44, "Plan Rows": 43, "Plan Width": 21, "Plans": [{"Node Type": "Seq Scan", "Parent Relationship": "Outer", "Relation Name": "title", "Alias": "t", "Startup Cost": 1069.17, "Total Cost": 20334.51, "Plan Rows": 43, "Plan Width": 21, "Filter": "((production_year >= 2006) AND (production_year <= 2007) AND (((title)::text ~~ 'One Piece%'::text) OR ((title)::text ~~ 'Dragon Ball Z%'::text)))"}]}, {"Node Type": "Index Scan", "Parent Relationship": "Inner", "Scan Direction": "Forward", "Index Name": "movie_id_movie_companies", "Relation Name": "movie_companies", "Alias": "mc", "Startup Cost": 0.0, "Total Cost": 11.48, "Plan Rows": 1, "Plan Width": 8, "Index Cond": "(movie_id = t.id)", "Filter": "(((note)::text ~~ '%(Japan)%'::text) AND ((note)::text !~~ '%(USA)%'::text) AND (((note)::text ~~ '%(2006)%'::text) OR ((note)::text ~~ '%(2007)%'::text)))"}]}, {"Node Type": "Index Scan", "Parent Relationship": "Inner", "Scan Direction": "Forward", "Index Name": "movie_id_cast_info", "Relation Name": "cast_info", "Alias": "ci", "Startup Cost": 0.0, "Total Cost": 27.88, "Plan Rows": 1, "Plan Width": 12, "Index Cond": "(movie_id = mc.movie_id)", "Filter": "((note)::text = '(voice: English version)'::text)"}]}, {"Node Type": "Index Scan", "Parent Relationship": "Inner", "Scan Direction": "Forward", "Index Name": "person_id_aka_name", "Relation Name": "aka_name", "Alias": "an", "Startup Cost": 0.0, "Total Cost": 0.84, "Plan Rows": 1, "Plan Width": 20, "Index Cond": "(person_id = ci.person_id)"}]}, {"Node Type": "Index Scan", "Parent Relationship": "Inner", "Scan Direction": "Forward", "Index Name": "company_name_pkey", "Relation Name": "company_name", "Alias": "cn", "Startup Cost": 0.0, "Total Cost": 4.37, "Plan Rows": 1, "Plan Width": 4, "Index Cond": "(id = mc.company_id)", "Filter": "((country_code)::text = '[jp]'::text)"}]}, {"Node Type": "Index Scan", "Parent Relationship": "Inner", "Scan Direction": "Forward", "Index Name": "name_pkey", "Relation Name": "name", "Alias": "n", "Startup Cost": 0.0, "Total Cost": 0.57, "Plan Rows": 1, "Plan Width": 4, "Index Cond": "(id = an.person_id)", "Filter": "(((name)::text ~~ '%Yo%'::text) AND ((name)::text !~~ '%Yu%'::text))"}]}, {"Node Type": "Index Scan", "Parent Relationship": "Inner", "Scan Direction": "Forward", "Index Name": "role_type_pkey", "Relation Name": "role_type", "Alias": "rt", "Startup Cost": 0.0, "Total Cost": 0.27, "Plan Rows": 1, "Plan Width": 4, "Index Cond": "(id = ci.role_id)", "Filter": "((role)::text = 'actress'::text)"}]}]}, "Unique SQL Id": 3956435728, "Planner Runtime": 20}, "explain_analyze_plan": {"Plan": {"Node Type": "Aggregate", "Strategy": "Plain", "Startup Cost": 20891.31, "Total Cost": 20891.32, "Plan Rows": 1, "Plan Width": 97, "Actual Min Startup Time": 82.24, "Actual Max Startup Time": 82.24, "Actual Min Total Time": 82.24, "Actual Max Total Time": 82.24, "Plans": [{"Node Type": "Nested Loop", "Parent Relationship": "Outer", "Join Type": "Inner", "Startup Cost": 1069.17, "Total Cost": 20891.3, "Plan Rows": 1, "Plan Width": 33, "Actual Min Startup Time": 79.771, "Actual Max Startup Time": 79.771, "Actual Min Total Time": 82.203, "Actual Max Total Time": 82.203, "Inner Unique": true, "Plans": [{"Node Type": "Nested Loop", "Parent Relationship": "Outer", "Join Type": "Inner", "Startup Cost": 1069.17, "Total Cost": 20891.02, "Plan Rows": 1, "Plan Width": 37, "Actual Min Startup Time": 79.76, "Actual Max Startup Time": 79.76, "Actual Min Total Time": 82.178, "Actual Max Total Time": 82.178, "Inner Unique": true, "Plans": [{"Node Type": "Nested Loop", "Parent Relationship": "Outer", "Join Type": "Inner", "Startup Cost": 1069.17, "Total Cost": 20890.44, "Plan Rows": 1, "Plan Width": 45, "Actual Min Startup Time": 78.621, "Actual Max Startup Time": 78.621, "Actual Min Total Time": 81.338, "Actual Max Total Time": 81.338, "Inner Unique": true, "Plans": [{"Node Type": "Nested Loop", "Parent Relationship": "Outer", "Join Type": "Inner", "Startup Cost": 1069.17, "Total Cost": 20886.05, "Plan Rows": 1, "Plan Width": 49, "Actual Min Startup Time": 78.603, "Actual Max Startup Time": 78.603, "Actual Min Total Time": 80.695, "Actual Max Total Time": 80.695, "Inner Unique": false, "Plans": [{"Node Type": "Nested Loop", "Parent Relationship": "Outer", "Join Type": "Inner", "Startup Cost": 1069.17, "Total Cost": 20885.2, "Plan Rows": 1, "Plan Width": 29, "Actual Min Startup Time": 78.587, "Actual Max Startup Time": 78.587, "Actual Min Total Time": 79.943, "Actual Max Total Time": 79.943, "Inner Unique": false, "Join Filter": "(t.id = ci.movie_id)", "Rows Removed by Join Filter": 0, "Plans": [{"Node Type": "Nested Loop", "Parent Relationship": "Outer", "Join Type": "Inner", "Startup Cost": 1069.17, "Total Cost": 20829.42, "Plan Rows": 2, "Plan Width": 29, "Actual Min Startup Time": 78.48, "Actual Max Startup Time": 78.48, "Actual Min Total Time": 79.571, "Actual Max Total Time": 79.571, "Inner Unique": false, "Plans": [{"Node Type": "Streaming(type: LOCAL GATHER dop: 1/16)", "Parent Relationship": "Outer", "Startup Cost": 1069.17, "Total Cost": 20335.44, "Plan Rows": 43, "Plan Width": 21, "Actual Min Startup Time": 78.374, "Actual Max Startup Time": 78.374, "Actual Min Total Time": 79.397, "Actual Max Total Time": 79.397, "Plans": [{"Node Type": "Seq Scan", "Parent Relationship": "Outer", "Relation Name": "title", "Alias": "t", "Startup Cost": 1069.17, "Total Cost": 20334.51, "Plan Rows": 43, "Plan Width": 21, "Actual Min Startup Time": 48.113, "Actual Max Startup Time": 65.731, "Actual Min Total Time": 62.348, "Actual Max Total Time": 65.731, "Filter": "((production_year >= 2006) AND (production_year <= 2007) AND (((title)::text ~~ 'One Piece%'::text) OR ((title)::text ~~ 'Dragon Ball Z%'::text)))", "Rows Removed by Filter": 2528304, "Actual Rows": 7}], "Actual Rows": 7}, {"Node Type": "Index Scan", "Parent Relationship": "Inner", "Scan Direction": "Forward", "Index Name": "movie_id_movie_companies", "Relation Name": "movie_companies", "Alias": "mc", "Startup Cost": 0.0, "Total Cost": 11.48, "Plan Rows": 1, "Plan Width": 8, "Actual Min Startup Time": 0.139, "Actual Max Startup Time": 0.139, "Actual Min Total Time": 0.148, "Actual Max Total Time": 0.148, "Index Cond": "(movie_id = t.id)", "Rows Removed by Index Recheck": 0, "Filter": "(((note)::text ~~ '%(Japan)%'::text) AND ((note)::text !~~ '%(USA)%'::text) AND (((note)::text ~~ '%(2006)%'::text) OR ((note)::text ~~ '%(2007)%'::text)))", "Rows Removed by Filter": 13, "Actual Rows": 4}], "Actual Rows": 4}, {"Node Type": "Index Scan", "Parent Relationship": "Inner", "Scan Direction": "Forward", "Index Name": "movie_id_cast_info", "Relation Name": "cast_info", "Alias": "ci", "Startup Cost": 0.0, "Total Cost": 27.88, "Plan Rows": 1, "Plan Width": 12, "Actual Min Startup Time": 0.106, "Actual Max Startup Time": 0.106, "Actual Min Total Time": 0.331, "Actual Max Total Time": 0.331, "Index Cond": "(movie_id = mc.movie_id)", "Rows Removed by Index Recheck": 0, "Filter": "((note)::text = '(voice: English version)'::text)", "Rows Removed by Filter": 68, "Actual Rows": 104}], "Actual Rows": 104}, {"Node Type": "Index Scan", "Parent Relationship": "Inner", "Scan Direction": "Forward", "Index Name": "person_id_aka_name", "Relation Name": "aka_name", "Alias": "an", "Startup Cost": 0.0, "Total Cost": 0.84, "Plan Rows": 1, "Plan Width": 20, "Actual Min Startup Time": 0.52, "Actual Max Startup Time": 0.52, "Actual Min Total Time": 0.636, "Actual Max Total Time": 0.636, "Index Cond": "(person_id = ci.person_id)", "Rows Removed by Index Recheck": 0, "Actual Rows": 171}], "Actual Rows": 171}, {"Node Type": "Index Scan", "Parent Relationship": "Inner", "Scan Direction": "Forward", "Index Name": "company_name_pkey", "Relation Name": "company_name", "Alias": "cn", "Startup Cost": 0.0, "Total Cost": 4.37, "Plan Rows": 1, "Plan Width": 4, "Actual Min Startup Time": 0.51, "Actual Max Startup Time": 0.51, "Actual Min Total Time": 0.51, "Actual Max Total Time": 0.51, "Index Cond": "(id = mc.company_id)", "Rows Removed by Index Recheck": 0, "Filter": "((country_code)::text = '[jp]'::text)", "Rows Removed by Filter": 0, "Actual Rows": 171}], "Actual Rows": 171}, {"Node Type": "Index Scan", "Parent Relationship": "Inner", "Scan Direction": "Forward", "Index Name": "name_pkey", "Relation Name": "name", "Alias": "n", "Startup Cost": 0.0, "Total Cost": 0.57, "Plan Rows": 1, "Plan Width": 4, "Actual Min Startup Time": 0.745, "Actual Max Startup Time": 0.745, "Actual Min Total Time": 0.745, "Actual Max Total Time": 0.745, "Index Cond": "(id = an.person_id)", "Rows Removed by Index Recheck": 0, "Filter": "(((name)::text ~~ '%Yo%'::text) AND ((name)::text !~~ '%Yu%'::text))", "Rows Removed by Filter": 165, "Actual Rows": 6}], "Actual Rows": 6}, {"Node Type": "Index Scan", "Parent Relationship": "Inner", "Scan Direction": "Forward", "Index Name": "role_type_pkey", "Relation Name": "role_type", "Alias": "rt", "Startup Cost": 0.0, "Total Cost": 0.27, "Plan Rows": 1, "Plan Width": 4, "Actual Min Startup Time": 0.018, "Actual Max Startup Time": 0.018, "Actual Min Total Time": 0.018, "Actual Max Total Time": 0.018, "Index Cond": "(id = ci.role_id)", "Rows Removed by Index Recheck": 0, "Filter": "((role)::text = 'actress'::text)", "Rows Removed by Filter": 0, "Actual Rows": 6}], "Actual Rows": 6}], "Actual Rows": 1}, "Triggers": [], "Planner Runtime": 30.568, "Total Runtime": 84.938, "Unique SQL Id": 3956435728}}, "(16, '97')": {"explain_plan": {"Plan": {"Node Type": "Aggregate", "Strategy": "Plain", "Startup Cost": 82294.12, "Total Cost": 82294.13, "Plan Rows": 1, "Plan Width": 97, "Plans": [{"Node Type": "Nested Loop", "Parent Relationship": "Outer", "Join Type": "Inner", "Startup Cost": 2780.8, "Total Cost": 82294.12, "Plan Rows": 1, "Plan Width": 33, "Inner Unique": true, "Plans": [{"Node Type": "Nested Loop", "Parent Relationship": "Outer", "Join Type": "Inner", "Startup Cost": 2780.8, "Total Cost": 82293.84, "Plan Rows": 1, "Plan Width": 37, "Inner Unique": true, "Plans": [{"Node Type": "Nested Loop", "Parent Relationship": "Outer", "Join Type": "Inner", "Startup Cost": 2780.8, "Total Cost": 82293.26, "Plan Rows": 1, "Plan Width": 45, "Inner Unique": false, "Plans": [{"Node Type": "Nested Loop", "Parent Relationship": "Outer", "Join Type": "Inner", "Startup Cost": 2780.8, "Total Cost": 82292.4, "Plan Rows": 1, "Plan Width": 25, "Inner Unique": false, "Join Filter": "(t.id = ci.movie_id)", "Plans": [{"Node Type": "Nested Loop", "Parent Relationship": "Outer", "Join Type": "Inner", "Startup Cost": 2780.8, "Total Cost": 82236.62, "Plan Rows": 2, "Plan Width": 25, "Inner Unique": true, "Plans": [{"Node Type": "Nested Loop", "Parent Relationship": "Outer", "Join Type": "Inner", "Startup Cost": 2780.8, "Total Cost": 80174.39, "Plan Rows": 262, "Plan Width": 4, "Inner Unique": false, "Plans": [{"Node Type": "Bitmap Heap Scan", "Parent Relationship": "Outer", "Relation Name": "company_name", "Alias": "cn", "Startup Cost": 2780.8, "Total Cost": 8684.25, "Plan Rows": 6290, "Plan Width": 4, "Filter": "((country_code)::text = '[jp]'::text)", "Plans": [{"Node Type": "Bitmap Index Scan", "Parent Relationship": "Outer", "Index Name": "company_name_pkey", "Startup Cost": 0.0, "Total Cost": 2779.23, "Plan Rows": 234996, "Plan Width": 0}]}, {"Node Type": "Index Scan", "Parent Relationship": "Inner", "Scan Direction": "Forward", "Index Name": "company_id_movie_companies", "Relation Name": "movie_companies", "Alias": "mc", "Startup Cost": 0.0, "Total Cost": 11.36, "Plan Rows": 1, "Plan Width": 8, "Index Cond": "(company_id = cn.id)", "Filter": "(((note)::text ~~ '%(Japan)%'::text) AND ((note)::text !~~ '%(USA)%'::text) AND (((note)::text ~~ '%(2006)%'::text) OR ((note)::text ~~ '%(2007)%'::text)))"}]}, {"Node Type": "Index Scan", "Parent Relationship": "Inner", "Scan Direction": "Forward", "Index Name": "title_pkey", "Relation Name": "title", "Alias": "t", "Startup Cost": 0.0, "Total Cost": 7.86, "Plan Rows": 1, "Plan Width": 21, "Index Cond": "(id = mc.movie_id)", "Filter": "((production_year >= 2006) AND (production_year <= 2007) AND (((title)::text ~~ 'One Piece%'::text) OR ((title)::text ~~ 'Dragon Ball Z%'::text)))"}]}, {"Node Type": "Index Scan", "Parent Relationship": "Inner", "Scan Direction": "Forward", "Index Name": "movie_id_cast_info", "Relation Name": "cast_info", "Alias": "ci", "Startup Cost": 0.0, "Total Cost": 27.88, "Plan Rows": 1, "Plan Width": 12, "Index Cond": "(movie_id = mc.movie_id)", "Filter": "((note)::text = '(voice: English version)'::text)"}]}, {"Node Type": "Index Scan", "Parent Relationship": "Inner", "Scan Direction": "Forward", "Index Name": "person_id_aka_name", "Relation Name": "aka_name", "Alias": "an", "Startup Cost": 0.0, "Total Cost": 0.84, "Plan Rows": 1, "Plan Width": 20, "Index Cond": "(person_id = ci.person_id)"}]}, {"Node Type": "Index Scan", "Parent Relationship": "Inner", "Scan Direction": "Forward", "Index Name": "name_pkey", "Relation Name": "name", "Alias": "n", "Startup Cost": 0.0, "Total Cost": 0.57, "Plan Rows": 1, "Plan Width": 4, "Index Cond": "(id = an.person_id)", "Filter": "(((name)::text ~~ '%Yo%'::text) AND ((name)::text !~~ '%Yu%'::text))"}]}, {"Node Type": "Index Scan", "Parent Relationship": "Inner", "Scan Direction": "Forward", "Index Name": "role_type_pkey", "Relation Name": "role_type", "Alias": "rt", "Startup Cost": 0.0, "Total Cost": 0.27, "Plan Rows": 1, "Plan Width": 4, "Index Cond": "(id = ci.role_id)", "Filter": "((role)::text = 'actress'::text)"}]}]}, "Unique SQL Id": 3956435728, "Planner Runtime": 18}, "explain_analyze_plan": null}, "(16, '98')": {"explain_plan": {"Plan": {"Node Type": "Aggregate", "Strategy": "Plain", "Startup Cost": 20934.07, "Total Cost": 20934.08, "Plan Rows": 1, "Plan Width": 97, "Plans": [{"Node Type": "Hash Join", "Parent Relationship": "Outer", "Join Type": "Inner", "Startup Cost": 1080.81, "Total Cost": 20934.06, "Plan Rows": 1, "Plan Width": 33, "Inner Unique": true, "Hash Cond": "(ci.role_id = rt.id)", "Plans": [{"Node Type": "Nested Loop", "Parent Relationship": "Outer", "Join Type": "Inner", "Startup Cost": 1079.65, "Total Cost": 20932.89, "Plan Rows": 1, "Plan Width": 37, "Inner Unique": true, "Plans": [{"Node Type": "Nested Loop", "Parent Relationship": "Outer", "Join Type": "Inner", "Startup Cost": 1079.32, "Total Cost": 20928.53, "Plan Rows": 1, "Plan Width": 45, "Inner Unique": true, "Plans": [{"Node Type": "Nested Loop", "Parent Relationship": "Outer", "Join Type": "Inner", "Startup Cost": 1078.09, "Total Cost": 20923.28, "Plan Rows": 1, "Plan Width": 49, "Inner Unique": false, "Plans": [{"Node Type": "Nested Loop", "Parent Relationship": "Outer", "Join Type": "Inner", "Startup Cost": 1077.71, "Total Cost": 20918.87, "Plan Rows": 1, "Plan Width": 29, "Inner Unique": false, "Join Filter": "(t.id = ci.movie_id)", "Plans": [{"Node Type": "Nested Loop", "Parent Relationship": "Outer", "Join Type": "Inner", "Startup Cost": 1073.44, "Total Cost": 20862.3, "Plan Rows": 2, "Plan Width": 29, "Inner Unique": false, "Plans": [{"Node Type": "Streaming(type: LOCAL GATHER dop: 1/16)", "Parent Relationship": "Outer", "Startup Cost": 1069.17, "Total Cost": 20335.44, "Plan Rows": 43, "Plan Width": 21, "Plans": [{"Node Type": "Seq Scan", "Parent Relationship": "Outer", "Relation Name": "title", "Alias": "t", "Startup Cost": 1069.17, "Total Cost": 20334.51, "Plan Rows": 43, "Plan Width": 21, "Filter": "((production_year >= 2006) AND (production_year <= 2007) AND (((title)::text ~~ 'One Piece%'::text) OR ((title)::text ~~ 'Dragon Ball Z%'::text)))"}]}, {"Node Type": "Bitmap Heap Scan", "Parent Relationship": "Inner", "Relation Name": "movie_companies", "Alias": "mc", "Startup Cost": 4.27, "Total Cost": 12.24, "Plan Rows": 1, "Plan Width": 8, "Recheck Cond": "(movie_id = t.id)", "Filter": "(((note)::text ~~ '%(Japan)%'::text) AND ((note)::text !~~ '%(USA)%'::text) AND (((note)::text ~~ '%(2006)%'::text) OR ((note)::text ~~ '%(2007)%'::text)))", "Plans": [{"Node Type": "Bitmap Index Scan", "Parent Relationship": "Outer", "Index Name": "movie_id_movie_companies", "Startup Cost": 0.0, "Total Cost": 4.26, "Plan Rows": 2, "Plan Width": 0, "Index Cond": "(movie_id = t.id)"}]}]}, {"Node Type": "Bitmap Heap Scan", "Parent Relationship": "Inner", "Relation Name": "cast_info", "Alias": "ci", "Startup Cost": 4.27, "Total Cost": 28.27, "Plan Rows": 1, "Plan Width": 12, "Recheck Cond": "(movie_id = mc.movie_id)", "Filter": "((note)::text = '(voice: English version)'::text)", "Plans": [{"Node Type": "Bitmap Index Scan", "Parent Relationship": "Outer", "Index Name": "movie_id_cast_info", "Startup Cost": 0.0, "Total Cost": 4.27, "Plan Rows": 6, "Plan Width": 0, "Index Cond": "(movie_id = mc.movie_id)"}]}]}, {"Node Type": "Bitmap Heap Scan", "Parent Relationship": "Inner", "Relation Name": "aka_name", "Alias": "an", "Startup Cost": 0.38, "Total Cost": 4.39, "Plan Rows": 1, "Plan Width": 20, "Recheck Cond": "(person_id = ci.person_id)", "Plans": [{"Node Type": "Bitmap Index Scan", "Parent Relationship": "Outer", "Index Name": "person_id_aka_name", "Startup Cost": 0.0, "Total Cost": 0.38, "Plan Rows": 1, "Plan Width": 0, "Index Cond": "(person_id = ci.person_id)"}]}]}, {"Node Type": "Bitmap Heap Scan", "Parent Relationship": "Inner", "Relation Name": "company_name", "Alias": "cn", "Startup Cost": 1.23, "Total Cost": 5.24, "Plan Rows": 1, "Plan Width": 4, "Recheck Cond": "(id = mc.company_id)", "Filter": "((country_code)::text = '[jp]'::text)", "Plans": [{"Node Type": "Bitmap Index Scan", "Parent Relationship": "Outer", "Index Name": "company_name_pkey", "Startup Cost": 0.0, "Total Cost": 1.23, "Plan Rows": 1, "Plan Width": 0, "Index Cond": "(id = mc.company_id)"}]}]}, {"Node Type": "Bitmap Heap Scan", "Parent Relationship": "Inner", "Relation Name": "name", "Alias": "n", "Startup Cost": 0.33, "Total Cost": 4.34, "Plan Rows": 1, "Plan Width": 4, "Recheck Cond": "(id = an.person_id)", "Filter": "(((name)::text ~~ '%Yo%'::text) AND ((name)::text !~~ '%Yu%'::text))", "Plans": [{"Node Type": "Bitmap Index Scan", "Parent Relationship": "Outer", "Index Name": "name_pkey", "Startup Cost": 0.0, "Total Cost": 0.33, "Plan Rows": 1, "Plan Width": 0, "Index Cond": "(id = an.person_id)"}]}]}, {"Node Type": "Hash", "Parent Relationship": "Inner", "Startup Cost": 1.15, "Total Cost": 1.15, "Plan Rows": 1, "Plan Width": 4, "Plans": [{"Node Type": "Seq Scan", "Parent Relationship": "Outer", "Relation Name": "role_type", "Alias": "rt", "Startup Cost": 0.0, "Total Cost": 1.15, "Plan Rows": 1, "Plan Width": 4, "Filter": "((role)::text = 'actress'::text)"}]}]}]}, "Unique SQL Id": 3956435728, "Planner Runtime": 32}, "explain_analyze_plan": {"Plan": {"Node Type": "Aggregate", "Strategy": "Plain", "Startup Cost": 20934.07, "Total Cost": 20934.08, "Plan Rows": 1, "Plan Width": 97, "Actual Min Startup Time": 84.086, "Actual Max Startup Time": 84.086, "Actual Min Total Time": 84.086, "Actual Max Total Time": 84.086, "Plans": [{"Node Type": "Hash Join", "Parent Relationship": "Outer", "Join Type": "Inner", "Startup Cost": 1080.81, "Total Cost": 20934.06, "Plan Rows": 1, "Plan Width": 33, "Actual Min Startup Time": 81.311, "Actual Max Startup Time": 81.311, "Actual Min Total Time": 84.05, "Actual Max Total Time": 84.05, "Inner Unique": true, "Hash Cond": "(ci.role_id = rt.id)", "Plans": [{"Node Type": "Nested Loop", "Parent Relationship": "Outer", "Join Type": "Inner", "Startup Cost": 1079.65, "Total Cost": 20932.89, "Plan Rows": 1, "Plan Width": 37, "Actual Min Startup Time": 81.207, "Actual Max Startup Time": 81.207, "Actual Min Total Time": 83.938, "Actual Max Total Time": 83.938, "Inner Unique": true, "Plans": [{"Node Type": "Nested Loop", "Parent Relationship": "Outer", "Join Type": "Inner", "Startup Cost": 1079.32, "Total Cost": 20928.53, "Plan Rows": 1, "Plan Width": 45, "Actual Min Startup Time": 79.719, "Actual Max Startup Time": 79.719, "Actual Min Total Time": 82.818, "Actual Max Total Time": 82.818, "Inner Unique": true, "Plans": [{"Node Type": "Nested Loop", "Parent Relationship": "Outer", "Join Type": "Inner", "Startup Cost": 1078.09, "Total Cost": 20923.28, "Plan Rows": 1, "Plan Width": 49, "Actual Min Startup Time": 79.689, "Actual Max Startup Time": 79.689, "Actual Min Total Time": 81.868, "Actual Max Total Time": 81.868, "Inner Unique": false, "Plans": [{"Node Type": "Nested Loop", "Parent Relationship": "Outer", "Join Type": "Inner", "Startup Cost": 1077.71, "Total Cost": 20918.87, "Plan Rows": 1, "Plan Width": 29, "Actual Min Startup Time": 79.663, "Actual Max Startup Time": 79.663, "Actual Min Total Time": 80.914, "Actual Max Total Time": 80.914, "Inner Unique": false, "Join Filter": "(t.id = ci.movie_id)", "Rows Removed by Join Filter": 0, "Plans": [{"Node Type": "Nested Loop", "Parent Relationship": "Outer", "Join Type": "Inner", "Startup Cost": 1073.44, "Total Cost": 20862.3, "Plan Rows": 2, "Plan Width": 29, "Actual Min Startup Time": 79.491, "Actual Max Startup Time": 79.491, "Actual Min Total Time": 80.415, "Actual Max Total Time": 80.415, "Inner Unique": false, "Plans": [{"Node Type": "Streaming(type: LOCAL GATHER dop: 1/16)", "Parent Relationship": "Outer", "Startup Cost": 1069.17, "Total Cost": 20335.44, "Plan Rows": 43, "Plan Width": 21, "Actual Min Startup Time": 79.379, "Actual Max Startup Time": 79.379, "Actual Min Total Time": 80.201, "Actual Max Total Time": 80.201, "Plans": [{"Node Type": "Seq Scan", "Parent Relationship": "Outer", "Relation Name": "title", "Alias": "t", "Startup Cost": 1069.17, "Total Cost": 20334.51, "Plan Rows": 43, "Plan Width": 21, "Actual Min Startup Time": 48.174, "Actual Max Startup Time": 65.987, "Actual Min Total Time": 62.248, "Actual Max Total Time": 65.987, "Filter": "((production_year >= 2006) AND (production_year <= 2007) AND (((title)::text ~~ 'One Piece%'::text) OR ((title)::text ~~ 'Dragon Ball Z%'::text)))", "Rows Removed by Filter": 2528304, "Actual Rows": 7}], "Actual Rows": 7}, {"Node Type": "Bitmap Heap Scan", "Parent Relationship": "Inner", "Relation Name": "movie_companies", "Alias": "mc", "Startup Cost": 4.27, "Total Cost": 12.24, "Plan Rows": 1, "Plan Width": 8, "Actual Min Startup Time": 0.169, "Actual Max Startup Time": 0.169, "Actual Min Total Time": 0.179, "Actual Max Total Time": 0.179, "Recheck Cond": "(movie_id = t.id)", "Rows Removed by Index Recheck": 0, "Filter": "(((note)::text ~~ '%(Japan)%'::text) AND ((note)::text !~~ '%(USA)%'::text) AND (((note)::text ~~ '%(2006)%'::text) OR ((note)::text ~~ '%(2007)%'::text)))", "Rows Removed by Filter": 13, "Exact Heap Blocks": 13, "Lossy Heap Blocks": 13, "Plans": [{"Node Type": "Bitmap Index Scan", "Parent Relationship": "Outer", "Index Name": "movie_id_movie_companies", "Startup Cost": 0.0, "Total Cost": 4.26, "Plan Rows": 2, "Plan Width": 0, "Actual Min Startup Time": 0.076, "Actual Max Startup Time": 0.076, "Actual Min Total Time": 0.076, "Actual Max Total Time": 0.076, "Index Cond": "(movie_id = t.id)", "Actual Rows": 17}], "Actual Rows": 4}], "Actual Rows": 4}, {"Node Type": "Bitmap Heap Scan", "Parent Relationship": "Inner", "Relation Name": "cast_info", "Alias": "ci", "Startup Cost": 4.27, "Total Cost": 28.27, "Plan Rows": 1, "Plan Width": 12, "Actual Min Startup Time": 0.173, "Actual Max Startup Time": 0.173, "Actual Min Total Time": 0.423, "Actual Max Total Time": 0.423, "Recheck Cond": "(movie_id = mc.movie_id)", "Rows Removed by Index Recheck": 0, "Filter": "((note)::text = '(voice: English version)'::text)", "Rows Removed by Filter": 68, "Exact Heap Blocks": 133, "Lossy Heap Blocks": 133, "Plans": [{"Node Type": "Bitmap Index Scan", "Parent Relationship": "Outer", "Index Name": "movie_id_cast_info", "Startup Cost": 0.0, "Total Cost": 4.27, "Plan Rows": 6, "Plan Width": 0, "Actual Min Startup Time": 0.062, "Actual Max Startup Time": 0.062, "Actual Min Total Time": 0.062, "Actual Max Total Time": 0.062, "Index Cond": "(movie_id = mc.movie_id)", "Actual Rows": 172}], "Actual Rows": 104}], "Actual Rows": 104}, {"Node Type": "Bitmap Heap Scan", "Parent Relationship": "Inner", "Relation Name": "aka_name", "Alias": "an", "Startup Cost": 0.38, "Total Cost": 4.39, "Plan Rows": 1, "Plan Width": 20, "Actual Min Startup Time": 0.703, "Actual Max Startup Time": 0.703, "Actual Min Total Time": 0.786, "Actual Max Total Time": 0.786, "Recheck Cond": "(person_id = ci.person_id)", "Rows Removed by Index Recheck": 0, "Exact Heap Blocks": 105, "Lossy Heap Blocks": 105, "Plans": [{"Node Type": "Bitmap Index Scan", "Parent Relationship": "Outer", "Index Name": "person_id_aka_name", "Startup Cost": 0.0, "Total Cost": 0.38, "Plan Rows": 1, "Plan Width": 0, "Actual Min Startup Time": 0.487, "Actual Max Startup Time": 0.487, "Actual Min Total Time": 0.487, "Actual Max Total Time": 0.487, "Index Cond": "(person_id = ci.person_id)", "Actual Rows": 171}], "Actual Rows": 171}], "Actual Rows": 171}, {"Node Type": "Bitmap Heap Scan", "Parent Relationship": "Inner", "Relation Name": "company_name", "Alias": "cn", "Startup Cost": 1.23, "Total Cost": 5.24, "Plan Rows": 1, "Plan Width": 4, "Actual Min Startup Time": 0.725, "Actual Max Startup Time": 0.725, "Actual Min Total Time": 0.725, "Actual Max Total Time": 0.725, "Recheck Cond": "(id = mc.company_id)", "Rows Removed by Index Recheck": 0, "Filter": "((country_code)::text = '[jp]'::text)", "Rows Removed by Filter": 0, "Exact Heap Blocks": 171, "Lossy Heap Blocks": 171, "Plans": [{"Node Type": "Bitmap Index Scan", "Parent Relationship": "Outer", "Index Name": "company_name_pkey", "Startup Cost": 0.0, "Total Cost": 1.23, "Plan Rows": 1, "Plan Width": 0, "Actual Min Startup Time": 0.427, "Actual Max Startup Time": 0.427, "Actual Min Total Time": 0.427, "Actual Max Total Time": 0.427, "Index Cond": "(id = mc.company_id)", "Actual Rows": 171}], "Actual Rows": 171}], "Actual Rows": 171}, {"Node Type": "Bitmap Heap Scan", "Parent Relationship": "Inner", "Relation Name": "name", "Alias": "n", "Startup Cost": 0.33, "Total Cost": 4.34, "Plan Rows": 1, "Plan Width": 4, "Actual Min Startup Time": 0.924, "Actual Max Startup Time": 0.924, "Actual Min Total Time": 0.924, "Actual Max Total Time": 0.924, "Recheck Cond": "(id = an.person_id)", "Rows Removed by Index Recheck": 0, "Filter": "(((name)::text ~~ '%Yo%'::text) AND ((name)::text !~~ '%Yu%'::text))", "Rows Removed by Filter": 165, "Exact Heap Blocks": 171, "Lossy Heap Blocks": 171, "Plans": [{"Node Type": "Bitmap Index Scan", "Parent Relationship": "Outer", "Index Name": "name_pkey", "Startup Cost": 0.0, "Total Cost": 0.33, "Plan Rows": 1, "Plan Width": 0, "Actual Min Startup Time": 0.538, "Actual Max Startup Time": 0.538, "Actual Min Total Time": 0.538, "Actual Max Total Time": 0.538, "Index Cond": "(id = an.person_id)", "Actual Rows": 171}], "Actual Rows": 6}], "Actual Rows": 6}, {"Node Type": "Hash", "Parent Relationship": "Inner", "Startup Cost": 1.15, "Total Cost": 1.15, "Plan Rows": 1, "Plan Width": 4, "Actual Min Startup Time": 0.05, "Actual Max Startup Time": 0.05, "Actual Min Total Time": 0.05, "Actual Max Total Time": 0.05, "Max Hash Buckets": 32768, "Min Hash Buckets": 32768, "Max Hash Batches": 1, "Min Hash Batches": 1, "Max Original Hash Batches": 1, "Min Original Hash Batches": 1, "Max Peak Memory Usage": 1, "min Peak Memory Usage": 1, "Plans": [{"Node Type": "Seq Scan", "Parent Relationship": "Outer", "Relation Name": "role_type", "Alias": "rt", "Startup Cost": 0.0, "Total Cost": 1.15, "Plan Rows": 1, "Plan Width": 4, "Actual Min Startup Time": 0.037, "Actual Max Startup Time": 0.037, "Actual Min Total Time": 0.041, "Actual Max Total Time": 0.041, "Filter": "((role)::text = 'actress'::text)", "Rows Removed by Filter": 11, "Actual Rows": 1}], "Actual Rows": 1}], "Actual Rows": 6}], "Actual Rows": 1}, "Triggers": [], "Planner Runtime": 42.084, "Total Runtime": 87.11, "Unique SQL Id": 3956435728}}, "(16, '99')": {"explain_plan": {"Plan": {"Node Type": "Aggregate", "Strategy": "Plain", "Startup Cost": 108949.86, "Total Cost": 108949.87, "Plan Rows": 1, "Plan Width": 97, "Plans": [{"Node Type": "Nested Loop", "Parent Relationship": "Outer", "Join Type": "Inner", "Startup Cost": 2793.35, "Total Cost": 108949.85, "Plan Rows": 1, "Plan Width": 33, "Inner Unique": true, "Plans": [{"Node Type": "Nested Loop", "Parent Relationship": "Outer", "Join Type": "Inner", "Startup Cost": 2793.09, "Total Cost": 108945.57, "Plan Rows": 1, "Plan Width": 37, "Inner Unique": true, "Plans": [{"Node Type": "Nested Loop", "Parent Relationship": "Outer", "Join Type": "Inner", "Startup Cost": 2792.76, "Total Cost": 108941.22, "Plan Rows": 1, "Plan Width": 45, "Inner Unique": false, "Plans": [{"Node Type": "Nested Loop", "Parent Relationship": "Outer", "Join Type": "Inner", "Startup Cost": 2792.38, "Total Cost": 108936.81, "Plan Rows": 1, "Plan Width": 25, "Inner Unique": false, "Join Filter": "(t.id = ci.movie_id)", "Plans": [{"Node Type": "Nested Loop", "Parent Relationship": "Outer", "Join Type": "Inner", "Startup Cost": 2788.11, "Total Cost": 108880.24, "Plan Rows": 2, "Plan Width": 25, "Inner Unique": true, "Plans": [{"Node Type": "Nested Loop", "Parent Relationship": "Outer", "Join Type": "Inner", "Startup Cost": 2784.18, "Total Cost": 106793.84, "Plan Rows": 262, "Plan Width": 4, "Inner Unique": false, "Plans": [{"Node Type": "Bitmap Heap Scan", "Parent Relationship": "Outer", "Relation Name": "company_name", "Alias": "cn", "Startup Cost": 2780.8, "Total Cost": 8684.25, "Plan Rows": 6290, "Plan Width": 4, "Filter": "((country_code)::text = '[jp]'::text)", "Plans": [{"Node Type": "Bitmap Index Scan", "Parent Relationship": "Outer", "Index Name": "company_name_pkey", "Startup Cost": 0.0, "Total Cost": 2779.23, "Plan Rows": 234996, "Plan Width": 0}]}, {"Node Type": "Bitmap Heap Scan", "Parent Relationship": "Inner", "Relation Name": "movie_companies", "Alias": "mc", "Startup Cost": 3.37, "Total Cost": 15.59, "Plan Rows": 1, "Plan Width": 8, "Recheck Cond": "(company_id = cn.id)", "Filter": "(((note)::text ~~ '%(Japan)%'::text) AND ((note)::text !~~ '%(USA)%'::text) AND (((note)::text ~~ '%(2006)%'::text) OR ((note)::text ~~ '%(2007)%'::text)))", "Plans": [{"Node Type": "Bitmap Index Scan", "Parent Relationship": "Outer", "Index Name": "company_id_movie_companies", "Startup Cost": 0.0, "Total Cost": 3.37, "Plan Rows": 15, "Plan Width": 0, "Index Cond": "(company_id = cn.id)"}]}]}, {"Node Type": "Bitmap Heap Scan", "Parent Relationship": "Inner", "Relation Name": "title", "Alias": "t", "Startup Cost": 3.93, "Total Cost": 7.95, "Plan Rows": 1, "Plan Width": 21, "Recheck Cond": "(id = mc.movie_id)", "Filter": "((production_year >= 2006) AND (production_year <= 2007) AND (((title)::text ~~ 'One Piece%'::text) OR ((title)::text ~~ 'Dragon Ball Z%'::text)))", "Plans": [{"Node Type": "Bitmap Index Scan", "Parent Relationship": "Outer", "Index Name": "title_pkey", "Startup Cost": 0.0, "Total Cost": 3.93, "Plan Rows": 1, "Plan Width": 0, "Index Cond": "(id = mc.movie_id)"}]}]}, {"Node Type": "Bitmap Heap Scan", "Parent Relationship": "Inner", "Relation Name": "cast_info", "Alias": "ci", "Startup Cost": 4.27, "Total Cost": 28.27, "Plan Rows": 1, "Plan Width": 12, "Recheck Cond": "(movie_id = mc.movie_id)", "Filter": "((note)::text = '(voice: English version)'::text)", "Plans": [{"Node Type": "Bitmap Index Scan", "Parent Relationship": "Outer", "Index Name": "movie_id_cast_info", "Startup Cost": 0.0, "Total Cost": 4.27, "Plan Rows": 6, "Plan Width": 0, "Index Cond": "(movie_id = mc.movie_id)"}]}]}, {"Node Type": "Bitmap Heap Scan", "Parent Relationship": "Inner", "Relation Name": "aka_name", "Alias": "an", "Startup Cost": 0.38, "Total Cost": 4.39, "Plan Rows": 1, "Plan Width": 20, "Recheck Cond": "(person_id = ci.person_id)", "Plans": [{"Node Type": "Bitmap Index Scan", "Parent Relationship": "Outer", "Index Name": "person_id_aka_name", "Startup Cost": 0.0, "Total Cost": 0.38, "Plan Rows": 1, "Plan Width": 0, "Index Cond": "(person_id = ci.person_id)"}]}]}, {"Node Type": "Bitmap Heap Scan", "Parent Relationship": "Inner", "Relation Name": "name", "Alias": "n", "Startup Cost": 0.33, "Total Cost": 4.34, "Plan Rows": 1, "Plan Width": 4, "Recheck Cond": "(id = an.person_id)", "Filter": "(((name)::text ~~ '%Yo%'::text) AND ((name)::text !~~ '%Yu%'::text))", "Plans": [{"Node Type": "Bitmap Index Scan", "Parent Relationship": "Outer", "Index Name": "name_pkey", "Startup Cost": 0.0, "Total Cost": 0.33, "Plan Rows": 1, "Plan Width": 0, "Index Cond": "(id = an.person_id)"}]}]}, {"Node Type": "Bitmap Heap Scan", "Parent Relationship": "Inner", "Relation Name": "role_type", "Alias": "rt", "Startup Cost": 0.26, "Total Cost": 4.27, "Plan Rows": 1, "Plan Width": 4, "Recheck Cond": "(id = ci.role_id)", "Filter": "((role)::text = 'actress'::text)", "Plans": [{"Node Type": "Bitmap Index Scan", "Parent Relationship": "Outer", "Index Name": "role_type_pkey", "Startup Cost": 0.0, "Total Cost": 0.26, "Plan Rows": 1, "Plan Width": 0, "Index Cond": "(id = ci.role_id)"}]}]}]}, "Unique SQL Id": 3956435728, "Planner Runtime": 12}, "explain_analyze_plan": null}, "(16, '100')": {"explain_plan": {"Plan": {"Node Type": "Aggregate", "Strategy": "Plain", "Startup Cost": 20891.31, "Total Cost": 20891.32, "Plan Rows": 1, "Plan Width": 97, "Plans": [{"Node Type": "Nested Loop", "Parent Relationship": "Outer", "Join Type": "Inner", "Startup Cost": 1069.17, "Total Cost": 20891.3, "Plan Rows": 1, "Plan Width": 33, "Inner Unique": true, "Plans": [{"Node Type": "Nested Loop", "Parent Relationship": "Outer", "Join Type": "Inner", "Startup Cost": 1069.17, "Total Cost": 20891.02, "Plan Rows": 1, "Plan Width": 37, "Inner Unique": true, "Plans": [{"Node Type": "Nested Loop", "Parent Relationship": "Outer", "Join Type": "Inner", "Startup Cost": 1069.17, "Total Cost": 20890.44, "Plan Rows": 1, "Plan Width": 45, "Inner Unique": true, "Plans": [{"Node Type": "Nested Loop", "Parent Relationship": "Outer", "Join Type": "Inner", "Startup Cost": 1069.17, "Total Cost": 20886.05, "Plan Rows": 1, "Plan Width": 49, "Inner Unique": false, "Plans": [{"Node Type": "Nested Loop", "Parent Relationship": "Outer", "Join Type": "Inner", "Startup Cost": 1069.17, "Total Cost": 20885.2, "Plan Rows": 1, "Plan Width": 29, "Inner Unique": false, "Join Filter": "(t.id = ci.movie_id)", "Plans": [{"Node Type": "Nested Loop", "Parent Relationship": "Outer", "Join Type": "Inner", "Startup Cost": 1069.17, "Total Cost": 20829.42, "Plan Rows": 2, "Plan Width": 29, "Inner Unique": false, "Plans": [{"Node Type": "Streaming(type: LOCAL GATHER dop: 1/16)", "Parent Relationship": "Outer", "Startup Cost": 1069.17, "Total Cost": 20335.44, "Plan Rows": 43, "Plan Width": 21, "Plans": [{"Node Type": "Seq Scan", "Parent Relationship": "Outer", "Relation Name": "title", "Alias": "t", "Startup Cost": 1069.17, "Total Cost": 20334.51, "Plan Rows": 43, "Plan Width": 21, "Filter": "((production_year >= 2006) AND (production_year <= 2007) AND (((title)::text ~~ 'One Piece%'::text) OR ((title)::text ~~ 'Dragon Ball Z%'::text)))"}]}, {"Node Type": "Index Scan", "Parent Relationship": "Inner", "Scan Direction": "Forward", "Index Name": "movie_id_movie_companies", "Relation Name": "movie_companies", "Alias": "mc", "Startup Cost": 0.0, "Total Cost": 11.48, "Plan Rows": 1, "Plan Width": 8, "Index Cond": "(movie_id = t.id)", "Filter": "(((note)::text ~~ '%(Japan)%'::text) AND ((note)::text !~~ '%(USA)%'::text) AND (((note)::text ~~ '%(2006)%'::text) OR ((note)::text ~~ '%(2007)%'::text)))"}]}, {"Node Type": "Index Scan", "Parent Relationship": "Inner", "Scan Direction": "Forward", "Index Name": "movie_id_cast_info", "Relation Name": "cast_info", "Alias": "ci", "Startup Cost": 0.0, "Total Cost": 27.88, "Plan Rows": 1, "Plan Width": 12, "Index Cond": "(movie_id = mc.movie_id)", "Filter": "((note)::text = '(voice: English version)'::text)"}]}, {"Node Type": "Index Scan", "Parent Relationship": "Inner", "Scan Direction": "Forward", "Index Name": "person_id_aka_name", "Relation Name": "aka_name", "Alias": "an", "Startup Cost": 0.0, "Total Cost": 0.84, "Plan Rows": 1, "Plan Width": 20, "Index Cond": "(person_id = ci.person_id)"}]}, {"Node Type": "Index Scan", "Parent Relationship": "Inner", "Scan Direction": "Forward", "Index Name": "company_name_pkey", "Relation Name": "company_name", "Alias": "cn", "Startup Cost": 0.0, "Total Cost": 4.37, "Plan Rows": 1, "Plan Width": 4, "Index Cond": "(id = mc.company_id)", "Filter": "((country_code)::text = '[jp]'::text)"}]}, {"Node Type": "Index Scan", "Parent Relationship": "Inner", "Scan Direction": "Forward", "Index Name": "name_pkey", "Relation Name": "name", "Alias": "n", "Startup Cost": 0.0, "Total Cost": 0.57, "Plan Rows": 1, "Plan Width": 4, "Index Cond": "(id = an.person_id)", "Filter": "(((name)::text ~~ '%Yo%'::text) AND ((name)::text !~~ '%Yu%'::text))"}]}, {"Node Type": "Index Scan", "Parent Relationship": "Inner", "Scan Direction": "Forward", "Index Name": "role_type_pkey", "Relation Name": "role_type", "Alias": "rt", "Startup Cost": 0.0, "Total Cost": 0.27, "Plan Rows": 1, "Plan Width": 4, "Index Cond": "(id = ci.role_id)", "Filter": "((role)::text = 'actress'::text)"}]}]}, "Unique SQL Id": 3956435728, "Planner Runtime": 20}, "explain_analyze_plan": {"Plan": {"Node Type": "Aggregate", "Strategy": "Plain", "Startup Cost": 20891.31, "Total Cost": 20891.32, "Plan Rows": 1, "Plan Width": 97, "Actual Min Startup Time": 82.24, "Actual Max Startup Time": 82.24, "Actual Min Total Time": 82.24, "Actual Max Total Time": 82.24, "Plans": [{"Node Type": "Nested Loop", "Parent Relationship": "Outer", "Join Type": "Inner", "Startup Cost": 1069.17, "Total Cost": 20891.3, "Plan Rows": 1, "Plan Width": 33, "Actual Min Startup Time": 79.771, "Actual Max Startup Time": 79.771, "Actual Min Total Time": 82.203, "Actual Max Total Time": 82.203, "Inner Unique": true, "Plans": [{"Node Type": "Nested Loop", "Parent Relationship": "Outer", "Join Type": "Inner", "Startup Cost": 1069.17, "Total Cost": 20891.02, "Plan Rows": 1, "Plan Width": 37, "Actual Min Startup Time": 79.76, "Actual Max Startup Time": 79.76, "Actual Min Total Time": 82.178, "Actual Max Total Time": 82.178, "Inner Unique": true, "Plans": [{"Node Type": "Nested Loop", "Parent Relationship": "Outer", "Join Type": "Inner", "Startup Cost": 1069.17, "Total Cost": 20890.44, "Plan Rows": 1, "Plan Width": 45, "Actual Min Startup Time": 78.621, "Actual Max Startup Time": 78.621, "Actual Min Total Time": 81.338, "Actual Max Total Time": 81.338, "Inner Unique": true, "Plans": [{"Node Type": "Nested Loop", "Parent Relationship": "Outer", "Join Type": "Inner", "Startup Cost": 1069.17, "Total Cost": 20886.05, "Plan Rows": 1, "Plan Width": 49, "Actual Min Startup Time": 78.603, "Actual Max Startup Time": 78.603, "Actual Min Total Time": 80.695, "Actual Max Total Time": 80.695, "Inner Unique": false, "Plans": [{"Node Type": "Nested Loop", "Parent Relationship": "Outer", "Join Type": "Inner", "Startup Cost": 1069.17, "Total Cost": 20885.2, "Plan Rows": 1, "Plan Width": 29, "Actual Min Startup Time": 78.587, "Actual Max Startup Time": 78.587, "Actual Min Total Time": 79.943, "Actual Max Total Time": 79.943, "Inner Unique": false, "Join Filter": "(t.id = ci.movie_id)", "Rows Removed by Join Filter": 0, "Plans": [{"Node Type": "Nested Loop", "Parent Relationship": "Outer", "Join Type": "Inner", "Startup Cost": 1069.17, "Total Cost": 20829.42, "Plan Rows": 2, "Plan Width": 29, "Actual Min Startup Time": 78.48, "Actual Max Startup Time": 78.48, "Actual Min Total Time": 79.571, "Actual Max Total Time": 79.571, "Inner Unique": false, "Plans": [{"Node Type": "Streaming(type: LOCAL GATHER dop: 1/16)", "Parent Relationship": "Outer", "Startup Cost": 1069.17, "Total Cost": 20335.44, "Plan Rows": 43, "Plan Width": 21, "Actual Min Startup Time": 78.374, "Actual Max Startup Time": 78.374, "Actual Min Total Time": 79.397, "Actual Max Total Time": 79.397, "Plans": [{"Node Type": "Seq Scan", "Parent Relationship": "Outer", "Relation Name": "title", "Alias": "t", "Startup Cost": 1069.17, "Total Cost": 20334.51, "Plan Rows": 43, "Plan Width": 21, "Actual Min Startup Time": 48.113, "Actual Max Startup Time": 65.731, "Actual Min Total Time": 62.348, "Actual Max Total Time": 65.731, "Filter": "((production_year >= 2006) AND (production_year <= 2007) AND (((title)::text ~~ 'One Piece%'::text) OR ((title)::text ~~ 'Dragon Ball Z%'::text)))", "Rows Removed by Filter": 2528304, "Actual Rows": 7}], "Actual Rows": 7}, {"Node Type": "Index Scan", "Parent Relationship": "Inner", "Scan Direction": "Forward", "Index Name": "movie_id_movie_companies", "Relation Name": "movie_companies", "Alias": "mc", "Startup Cost": 0.0, "Total Cost": 11.48, "Plan Rows": 1, "Plan Width": 8, "Actual Min Startup Time": 0.139, "Actual Max Startup Time": 0.139, "Actual Min Total Time": 0.148, "Actual Max Total Time": 0.148, "Index Cond": "(movie_id = t.id)", "Rows Removed by Index Recheck": 0, "Filter": "(((note)::text ~~ '%(Japan)%'::text) AND ((note)::text !~~ '%(USA)%'::text) AND (((note)::text ~~ '%(2006)%'::text) OR ((note)::text ~~ '%(2007)%'::text)))", "Rows Removed by Filter": 13, "Actual Rows": 4}], "Actual Rows": 4}, {"Node Type": "Index Scan", "Parent Relationship": "Inner", "Scan Direction": "Forward", "Index Name": "movie_id_cast_info", "Relation Name": "cast_info", "Alias": "ci", "Startup Cost": 0.0, "Total Cost": 27.88, "Plan Rows": 1, "Plan Width": 12, "Actual Min Startup Time": 0.106, "Actual Max Startup Time": 0.106, "Actual Min Total Time": 0.331, "Actual Max Total Time": 0.331, "Index Cond": "(movie_id = mc.movie_id)", "Rows Removed by Index Recheck": 0, "Filter": "((note)::text = '(voice: English version)'::text)", "Rows Removed by Filter": 68, "Actual Rows": 104}], "Actual Rows": 104}, {"Node Type": "Index Scan", "Parent Relationship": "Inner", "Scan Direction": "Forward", "Index Name": "person_id_aka_name", "Relation Name": "aka_name", "Alias": "an", "Startup Cost": 0.0, "Total Cost": 0.84, "Plan Rows": 1, "Plan Width": 20, "Actual Min Startup Time": 0.52, "Actual Max Startup Time": 0.52, "Actual Min Total Time": 0.636, "Actual Max Total Time": 0.636, "Index Cond": "(person_id = ci.person_id)", "Rows Removed by Index Recheck": 0, "Actual Rows": 171}], "Actual Rows": 171}, {"Node Type": "Index Scan", "Parent Relationship": "Inner", "Scan Direction": "Forward", "Index Name": "company_name_pkey", "Relation Name": "company_name", "Alias": "cn", "Startup Cost": 0.0, "Total Cost": 4.37, "Plan Rows": 1, "Plan Width": 4, "Actual Min Startup Time": 0.51, "Actual Max Startup Time": 0.51, "Actual Min Total Time": 0.51, "Actual Max Total Time": 0.51, "Index Cond": "(id = mc.company_id)", "Rows Removed by Index Recheck": 0, "Filter": "((country_code)::text = '[jp]'::text)", "Rows Removed by Filter": 0, "Actual Rows": 171}], "Actual Rows": 171}, {"Node Type": "Index Scan", "Parent Relationship": "Inner", "Scan Direction": "Forward", "Index Name": "name_pkey", "Relation Name": "name", "Alias": "n", "Startup Cost": 0.0, "Total Cost": 0.57, "Plan Rows": 1, "Plan Width": 4, "Actual Min Startup Time": 0.745, "Actual Max Startup Time": 0.745, "Actual Min Total Time": 0.745, "Actual Max Total Time": 0.745, "Index Cond": "(id = an.person_id)", "Rows Removed by Index Recheck": 0, "Filter": "(((name)::text ~~ '%Yo%'::text) AND ((name)::text !~~ '%Yu%'::text))", "Rows Removed by Filter": 165, "Actual Rows": 6}], "Actual Rows": 6}, {"Node Type": "Index Scan", "Parent Relationship": "Inner", "Scan Direction": "Forward", "Index Name": "role_type_pkey", "Relation Name": "role_type", "Alias": "rt", "Startup Cost": 0.0, "Total Cost": 0.27, "Plan Rows": 1, "Plan Width": 4, "Actual Min Startup Time": 0.018, "Actual Max Startup Time": 0.018, "Actual Min Total Time": 0.018, "Actual Max Total Time": 0.018, "Index Cond": "(id = ci.role_id)", "Rows Removed by Index Recheck": 0, "Filter": "((role)::text = 'actress'::text)", "Rows Removed by Filter": 0, "Actual Rows": 6}], "Actual Rows": 6}], "Actual Rows": 1}, "Triggers": [], "Planner Runtime": 30.568, "Total Runtime": 84.938, "Unique SQL Id": 3956435728}}, "(16, '101')": {"explain_plan": {"Plan": {"Node Type": "Aggregate", "Strategy": "Plain", "Startup Cost": 82294.12, "Total Cost": 82294.13, "Plan Rows": 1, "Plan Width": 97, "Plans": [{"Node Type": "Nested Loop", "Parent Relationship": "Outer", "Join Type": "Inner", "Startup Cost": 2780.8, "Total Cost": 82294.12, "Plan Rows": 1, "Plan Width": 33, "Inner Unique": true, "Plans": [{"Node Type": "Nested Loop", "Parent Relationship": "Outer", "Join Type": "Inner", "Startup Cost": 2780.8, "Total Cost": 82293.84, "Plan Rows": 1, "Plan Width": 37, "Inner Unique": true, "Plans": [{"Node Type": "Nested Loop", "Parent Relationship": "Outer", "Join Type": "Inner", "Startup Cost": 2780.8, "Total Cost": 82293.26, "Plan Rows": 1, "Plan Width": 45, "Inner Unique": false, "Plans": [{"Node Type": "Nested Loop", "Parent Relationship": "Outer", "Join Type": "Inner", "Startup Cost": 2780.8, "Total Cost": 82292.4, "Plan Rows": 1, "Plan Width": 25, "Inner Unique": false, "Join Filter": "(t.id = ci.movie_id)", "Plans": [{"Node Type": "Nested Loop", "Parent Relationship": "Outer", "Join Type": "Inner", "Startup Cost": 2780.8, "Total Cost": 82236.62, "Plan Rows": 2, "Plan Width": 25, "Inner Unique": true, "Plans": [{"Node Type": "Nested Loop", "Parent Relationship": "Outer", "Join Type": "Inner", "Startup Cost": 2780.8, "Total Cost": 80174.39, "Plan Rows": 262, "Plan Width": 4, "Inner Unique": false, "Plans": [{"Node Type": "Bitmap Heap Scan", "Parent Relationship": "Outer", "Relation Name": "company_name", "Alias": "cn", "Startup Cost": 2780.8, "Total Cost": 8684.25, "Plan Rows": 6290, "Plan Width": 4, "Filter": "((country_code)::text = '[jp]'::text)", "Plans": [{"Node Type": "Bitmap Index Scan", "Parent Relationship": "Outer", "Index Name": "company_name_pkey", "Startup Cost": 0.0, "Total Cost": 2779.23, "Plan Rows": 234996, "Plan Width": 0}]}, {"Node Type": "Index Scan", "Parent Relationship": "Inner", "Scan Direction": "Forward", "Index Name": "company_id_movie_companies", "Relation Name": "movie_companies", "Alias": "mc", "Startup Cost": 0.0, "Total Cost": 11.36, "Plan Rows": 1, "Plan Width": 8, "Index Cond": "(company_id = cn.id)", "Filter": "(((note)::text ~~ '%(Japan)%'::text) AND ((note)::text !~~ '%(USA)%'::text) AND (((note)::text ~~ '%(2006)%'::text) OR ((note)::text ~~ '%(2007)%'::text)))"}]}, {"Node Type": "Index Scan", "Parent Relationship": "Inner", "Scan Direction": "Forward", "Index Name": "title_pkey", "Relation Name": "title", "Alias": "t", "Startup Cost": 0.0, "Total Cost": 7.86, "Plan Rows": 1, "Plan Width": 21, "Index Cond": "(id = mc.movie_id)", "Filter": "((production_year >= 2006) AND (production_year <= 2007) AND (((title)::text ~~ 'One Piece%'::text) OR ((title)::text ~~ 'Dragon Ball Z%'::text)))"}]}, {"Node Type": "Index Scan", "Parent Relationship": "Inner", "Scan Direction": "Forward", "Index Name": "movie_id_cast_info", "Relation Name": "cast_info", "Alias": "ci", "Startup Cost": 0.0, "Total Cost": 27.88, "Plan Rows": 1, "Plan Width": 12, "Index Cond": "(movie_id = mc.movie_id)", "Filter": "((note)::text = '(voice: English version)'::text)"}]}, {"Node Type": "Index Scan", "Parent Relationship": "Inner", "Scan Direction": "Forward", "Index Name": "person_id_aka_name", "Relation Name": "aka_name", "Alias": "an", "Startup Cost": 0.0, "Total Cost": 0.84, "Plan Rows": 1, "Plan Width": 20, "Index Cond": "(person_id = ci.person_id)"}]}, {"Node Type": "Index Scan", "Parent Relationship": "Inner", "Scan Direction": "Forward", "Index Name": "name_pkey", "Relation Name": "name", "Alias": "n", "Startup Cost": 0.0, "Total Cost": 0.57, "Plan Rows": 1, "Plan Width": 4, "Index Cond": "(id = an.person_id)", "Filter": "(((name)::text ~~ '%Yo%'::text) AND ((name)::text !~~ '%Yu%'::text))"}]}, {"Node Type": "Index Scan", "Parent Relationship": "Inner", "Scan Direction": "Forward", "Index Name": "role_type_pkey", "Relation Name": "role_type", "Alias": "rt", "Startup Cost": 0.0, "Total Cost": 0.27, "Plan Rows": 1, "Plan Width": 4, "Index Cond": "(id = ci.role_id)", "Filter": "((role)::text = 'actress'::text)"}]}]}, "Unique SQL Id": 3956435728, "Planner Runtime": 18}, "explain_analyze_plan": null}, "(16, '102')": {"explain_plan": {"Plan": {"Node Type": "Aggregate", "Strategy": "Plain", "Startup Cost": 20934.07, "Total Cost": 20934.08, "Plan Rows": 1, "Plan Width": 97, "Plans": [{"Node Type": "Hash Join", "Parent Relationship": "Outer", "Join Type": "Inner", "Startup Cost": 1080.81, "Total Cost": 20934.06, "Plan Rows": 1, "Plan Width": 33, "Inner Unique": true, "Hash Cond": "(ci.role_id = rt.id)", "Plans": [{"Node Type": "Nested Loop", "Parent Relationship": "Outer", "Join Type": "Inner", "Startup Cost": 1079.65, "Total Cost": 20932.89, "Plan Rows": 1, "Plan Width": 37, "Inner Unique": true, "Plans": [{"Node Type": "Nested Loop", "Parent Relationship": "Outer", "Join Type": "Inner", "Startup Cost": 1079.32, "Total Cost": 20928.53, "Plan Rows": 1, "Plan Width": 45, "Inner Unique": true, "Plans": [{"Node Type": "Nested Loop", "Parent Relationship": "Outer", "Join Type": "Inner", "Startup Cost": 1078.09, "Total Cost": 20923.28, "Plan Rows": 1, "Plan Width": 49, "Inner Unique": false, "Plans": [{"Node Type": "Nested Loop", "Parent Relationship": "Outer", "Join Type": "Inner", "Startup Cost": 1077.71, "Total Cost": 20918.87, "Plan Rows": 1, "Plan Width": 29, "Inner Unique": false, "Join Filter": "(t.id = ci.movie_id)", "Plans": [{"Node Type": "Nested Loop", "Parent Relationship": "Outer", "Join Type": "Inner", "Startup Cost": 1073.44, "Total Cost": 20862.3, "Plan Rows": 2, "Plan Width": 29, "Inner Unique": false, "Plans": [{"Node Type": "Streaming(type: LOCAL GATHER dop: 1/16)", "Parent Relationship": "Outer", "Startup Cost": 1069.17, "Total Cost": 20335.44, "Plan Rows": 43, "Plan Width": 21, "Plans": [{"Node Type": "Seq Scan", "Parent Relationship": "Outer", "Relation Name": "title", "Alias": "t", "Startup Cost": 1069.17, "Total Cost": 20334.51, "Plan Rows": 43, "Plan Width": 21, "Filter": "((production_year >= 2006) AND (production_year <= 2007) AND (((title)::text ~~ 'One Piece%'::text) OR ((title)::text ~~ 'Dragon Ball Z%'::text)))"}]}, {"Node Type": "Bitmap Heap Scan", "Parent Relationship": "Inner", "Relation Name": "movie_companies", "Alias": "mc", "Startup Cost": 4.27, "Total Cost": 12.24, "Plan Rows": 1, "Plan Width": 8, "Recheck Cond": "(movie_id = t.id)", "Filter": "(((note)::text ~~ '%(Japan)%'::text) AND ((note)::text !~~ '%(USA)%'::text) AND (((note)::text ~~ '%(2006)%'::text) OR ((note)::text ~~ '%(2007)%'::text)))", "Plans": [{"Node Type": "Bitmap Index Scan", "Parent Relationship": "Outer", "Index Name": "movie_id_movie_companies", "Startup Cost": 0.0, "Total Cost": 4.26, "Plan Rows": 2, "Plan Width": 0, "Index Cond": "(movie_id = t.id)"}]}]}, {"Node Type": "Bitmap Heap Scan", "Parent Relationship": "Inner", "Relation Name": "cast_info", "Alias": "ci", "Startup Cost": 4.27, "Total Cost": 28.27, "Plan Rows": 1, "Plan Width": 12, "Recheck Cond": "(movie_id = mc.movie_id)", "Filter": "((note)::text = '(voice: English version)'::text)", "Plans": [{"Node Type": "Bitmap Index Scan", "Parent Relationship": "Outer", "Index Name": "movie_id_cast_info", "Startup Cost": 0.0, "Total Cost": 4.27, "Plan Rows": 6, "Plan Width": 0, "Index Cond": "(movie_id = mc.movie_id)"}]}]}, {"Node Type": "Bitmap Heap Scan", "Parent Relationship": "Inner", "Relation Name": "aka_name", "Alias": "an", "Startup Cost": 0.38, "Total Cost": 4.39, "Plan Rows": 1, "Plan Width": 20, "Recheck Cond": "(person_id = ci.person_id)", "Plans": [{"Node Type": "Bitmap Index Scan", "Parent Relationship": "Outer", "Index Name": "person_id_aka_name", "Startup Cost": 0.0, "Total Cost": 0.38, "Plan Rows": 1, "Plan Width": 0, "Index Cond": "(person_id = ci.person_id)"}]}]}, {"Node Type": "Bitmap Heap Scan", "Parent Relationship": "Inner", "Relation Name": "company_name", "Alias": "cn", "Startup Cost": 1.23, "Total Cost": 5.24, "Plan Rows": 1, "Plan Width": 4, "Recheck Cond": "(id = mc.company_id)", "Filter": "((country_code)::text = '[jp]'::text)", "Plans": [{"Node Type": "Bitmap Index Scan", "Parent Relationship": "Outer", "Index Name": "company_name_pkey", "Startup Cost": 0.0, "Total Cost": 1.23, "Plan Rows": 1, "Plan Width": 0, "Index Cond": "(id = mc.company_id)"}]}]}, {"Node Type": "Bitmap Heap Scan", "Parent Relationship": "Inner", "Relation Name": "name", "Alias": "n", "Startup Cost": 0.33, "Total Cost": 4.34, "Plan Rows": 1, "Plan Width": 4, "Recheck Cond": "(id = an.person_id)", "Filter": "(((name)::text ~~ '%Yo%'::text) AND ((name)::text !~~ '%Yu%'::text))", "Plans": [{"Node Type": "Bitmap Index Scan", "Parent Relationship": "Outer", "Index Name": "name_pkey", "Startup Cost": 0.0, "Total Cost": 0.33, "Plan Rows": 1, "Plan Width": 0, "Index Cond": "(id = an.person_id)"}]}]}, {"Node Type": "Hash", "Parent Relationship": "Inner", "Startup Cost": 1.15, "Total Cost": 1.15, "Plan Rows": 1, "Plan Width": 4, "Plans": [{"Node Type": "Seq Scan", "Parent Relationship": "Outer", "Relation Name": "role_type", "Alias": "rt", "Startup Cost": 0.0, "Total Cost": 1.15, "Plan Rows": 1, "Plan Width": 4, "Filter": "((role)::text = 'actress'::text)"}]}]}]}, "Unique SQL Id": 3956435728, "Planner Runtime": 32}, "explain_analyze_plan": {"Plan": {"Node Type": "Aggregate", "Strategy": "Plain", "Startup Cost": 20934.07, "Total Cost": 20934.08, "Plan Rows": 1, "Plan Width": 97, "Actual Min Startup Time": 84.086, "Actual Max Startup Time": 84.086, "Actual Min Total Time": 84.086, "Actual Max Total Time": 84.086, "Plans": [{"Node Type": "Hash Join", "Parent Relationship": "Outer", "Join Type": "Inner", "Startup Cost": 1080.81, "Total Cost": 20934.06, "Plan Rows": 1, "Plan Width": 33, "Actual Min Startup Time": 81.311, "Actual Max Startup Time": 81.311, "Actual Min Total Time": 84.05, "Actual Max Total Time": 84.05, "Inner Unique": true, "Hash Cond": "(ci.role_id = rt.id)", "Plans": [{"Node Type": "Nested Loop", "Parent Relationship": "Outer", "Join Type": "Inner", "Startup Cost": 1079.65, "Total Cost": 20932.89, "Plan Rows": 1, "Plan Width": 37, "Actual Min Startup Time": 81.207, "Actual Max Startup Time": 81.207, "Actual Min Total Time": 83.938, "Actual Max Total Time": 83.938, "Inner Unique": true, "Plans": [{"Node Type": "Nested Loop", "Parent Relationship": "Outer", "Join Type": "Inner", "Startup Cost": 1079.32, "Total Cost": 20928.53, "Plan Rows": 1, "Plan Width": 45, "Actual Min Startup Time": 79.719, "Actual Max Startup Time": 79.719, "Actual Min Total Time": 82.818, "Actual Max Total Time": 82.818, "Inner Unique": true, "Plans": [{"Node Type": "Nested Loop", "Parent Relationship": "Outer", "Join Type": "Inner", "Startup Cost": 1078.09, "Total Cost": 20923.28, "Plan Rows": 1, "Plan Width": 49, "Actual Min Startup Time": 79.689, "Actual Max Startup Time": 79.689, "Actual Min Total Time": 81.868, "Actual Max Total Time": 81.868, "Inner Unique": false, "Plans": [{"Node Type": "Nested Loop", "Parent Relationship": "Outer", "Join Type": "Inner", "Startup Cost": 1077.71, "Total Cost": 20918.87, "Plan Rows": 1, "Plan Width": 29, "Actual Min Startup Time": 79.663, "Actual Max Startup Time": 79.663, "Actual Min Total Time": 80.914, "Actual Max Total Time": 80.914, "Inner Unique": false, "Join Filter": "(t.id = ci.movie_id)", "Rows Removed by Join Filter": 0, "Plans": [{"Node Type": "Nested Loop", "Parent Relationship": "Outer", "Join Type": "Inner", "Startup Cost": 1073.44, "Total Cost": 20862.3, "Plan Rows": 2, "Plan Width": 29, "Actual Min Startup Time": 79.491, "Actual Max Startup Time": 79.491, "Actual Min Total Time": 80.415, "Actual Max Total Time": 80.415, "Inner Unique": false, "Plans": [{"Node Type": "Streaming(type: LOCAL GATHER dop: 1/16)", "Parent Relationship": "Outer", "Startup Cost": 1069.17, "Total Cost": 20335.44, "Plan Rows": 43, "Plan Width": 21, "Actual Min Startup Time": 79.379, "Actual Max Startup Time": 79.379, "Actual Min Total Time": 80.201, "Actual Max Total Time": 80.201, "Plans": [{"Node Type": "Seq Scan", "Parent Relationship": "Outer", "Relation Name": "title", "Alias": "t", "Startup Cost": 1069.17, "Total Cost": 20334.51, "Plan Rows": 43, "Plan Width": 21, "Actual Min Startup Time": 48.174, "Actual Max Startup Time": 65.987, "Actual Min Total Time": 62.248, "Actual Max Total Time": 65.987, "Filter": "((production_year >= 2006) AND (production_year <= 2007) AND (((title)::text ~~ 'One Piece%'::text) OR ((title)::text ~~ 'Dragon Ball Z%'::text)))", "Rows Removed by Filter": 2528304, "Actual Rows": 7}], "Actual Rows": 7}, {"Node Type": "Bitmap Heap Scan", "Parent Relationship": "Inner", "Relation Name": "movie_companies", "Alias": "mc", "Startup Cost": 4.27, "Total Cost": 12.24, "Plan Rows": 1, "Plan Width": 8, "Actual Min Startup Time": 0.169, "Actual Max Startup Time": 0.169, "Actual Min Total Time": 0.179, "Actual Max Total Time": 0.179, "Recheck Cond": "(movie_id = t.id)", "Rows Removed by Index Recheck": 0, "Filter": "(((note)::text ~~ '%(Japan)%'::text) AND ((note)::text !~~ '%(USA)%'::text) AND (((note)::text ~~ '%(2006)%'::text) OR ((note)::text ~~ '%(2007)%'::text)))", "Rows Removed by Filter": 13, "Exact Heap Blocks": 13, "Lossy Heap Blocks": 13, "Plans": [{"Node Type": "Bitmap Index Scan", "Parent Relationship": "Outer", "Index Name": "movie_id_movie_companies", "Startup Cost": 0.0, "Total Cost": 4.26, "Plan Rows": 2, "Plan Width": 0, "Actual Min Startup Time": 0.076, "Actual Max Startup Time": 0.076, "Actual Min Total Time": 0.076, "Actual Max Total Time": 0.076, "Index Cond": "(movie_id = t.id)", "Actual Rows": 17}], "Actual Rows": 4}], "Actual Rows": 4}, {"Node Type": "Bitmap Heap Scan", "Parent Relationship": "Inner", "Relation Name": "cast_info", "Alias": "ci", "Startup Cost": 4.27, "Total Cost": 28.27, "Plan Rows": 1, "Plan Width": 12, "Actual Min Startup Time": 0.173, "Actual Max Startup Time": 0.173, "Actual Min Total Time": 0.423, "Actual Max Total Time": 0.423, "Recheck Cond": "(movie_id = mc.movie_id)", "Rows Removed by Index Recheck": 0, "Filter": "((note)::text = '(voice: English version)'::text)", "Rows Removed by Filter": 68, "Exact Heap Blocks": 133, "Lossy Heap Blocks": 133, "Plans": [{"Node Type": "Bitmap Index Scan", "Parent Relationship": "Outer", "Index Name": "movie_id_cast_info", "Startup Cost": 0.0, "Total Cost": 4.27, "Plan Rows": 6, "Plan Width": 0, "Actual Min Startup Time": 0.062, "Actual Max Startup Time": 0.062, "Actual Min Total Time": 0.062, "Actual Max Total Time": 0.062, "Index Cond": "(movie_id = mc.movie_id)", "Actual Rows": 172}], "Actual Rows": 104}], "Actual Rows": 104}, {"Node Type": "Bitmap Heap Scan", "Parent Relationship": "Inner", "Relation Name": "aka_name", "Alias": "an", "Startup Cost": 0.38, "Total Cost": 4.39, "Plan Rows": 1, "Plan Width": 20, "Actual Min Startup Time": 0.703, "Actual Max Startup Time": 0.703, "Actual Min Total Time": 0.786, "Actual Max Total Time": 0.786, "Recheck Cond": "(person_id = ci.person_id)", "Rows Removed by Index Recheck": 0, "Exact Heap Blocks": 105, "Lossy Heap Blocks": 105, "Plans": [{"Node Type": "Bitmap Index Scan", "Parent Relationship": "Outer", "Index Name": "person_id_aka_name", "Startup Cost": 0.0, "Total Cost": 0.38, "Plan Rows": 1, "Plan Width": 0, "Actual Min Startup Time": 0.487, "Actual Max Startup Time": 0.487, "Actual Min Total Time": 0.487, "Actual Max Total Time": 0.487, "Index Cond": "(person_id = ci.person_id)", "Actual Rows": 171}], "Actual Rows": 171}], "Actual Rows": 171}, {"Node Type": "Bitmap Heap Scan", "Parent Relationship": "Inner", "Relation Name": "company_name", "Alias": "cn", "Startup Cost": 1.23, "Total Cost": 5.24, "Plan Rows": 1, "Plan Width": 4, "Actual Min Startup Time": 0.725, "Actual Max Startup Time": 0.725, "Actual Min Total Time": 0.725, "Actual Max Total Time": 0.725, "Recheck Cond": "(id = mc.company_id)", "Rows Removed by Index Recheck": 0, "Filter": "((country_code)::text = '[jp]'::text)", "Rows Removed by Filter": 0, "Exact Heap Blocks": 171, "Lossy Heap Blocks": 171, "Plans": [{"Node Type": "Bitmap Index Scan", "Parent Relationship": "Outer", "Index Name": "company_name_pkey", "Startup Cost": 0.0, "Total Cost": 1.23, "Plan Rows": 1, "Plan Width": 0, "Actual Min Startup Time": 0.427, "Actual Max Startup Time": 0.427, "Actual Min Total Time": 0.427, "Actual Max Total Time": 0.427, "Index Cond": "(id = mc.company_id)", "Actual Rows": 171}], "Actual Rows": 171}], "Actual Rows": 171}, {"Node Type": "Bitmap Heap Scan", "Parent Relationship": "Inner", "Relation Name": "name", "Alias": "n", "Startup Cost": 0.33, "Total Cost": 4.34, "Plan Rows": 1, "Plan Width": 4, "Actual Min Startup Time": 0.924, "Actual Max Startup Time": 0.924, "Actual Min Total Time": 0.924, "Actual Max Total Time": 0.924, "Recheck Cond": "(id = an.person_id)", "Rows Removed by Index Recheck": 0, "Filter": "(((name)::text ~~ '%Yo%'::text) AND ((name)::text !~~ '%Yu%'::text))", "Rows Removed by Filter": 165, "Exact Heap Blocks": 171, "Lossy Heap Blocks": 171, "Plans": [{"Node Type": "Bitmap Index Scan", "Parent Relationship": "Outer", "Index Name": "name_pkey", "Startup Cost": 0.0, "Total Cost": 0.33, "Plan Rows": 1, "Plan Width": 0, "Actual Min Startup Time": 0.538, "Actual Max Startup Time": 0.538, "Actual Min Total Time": 0.538, "Actual Max Total Time": 0.538, "Index Cond": "(id = an.person_id)", "Actual Rows": 171}], "Actual Rows": 6}], "Actual Rows": 6}, {"Node Type": "Hash", "Parent Relationship": "Inner", "Startup Cost": 1.15, "Total Cost": 1.15, "Plan Rows": 1, "Plan Width": 4, "Actual Min Startup Time": 0.05, "Actual Max Startup Time": 0.05, "Actual Min Total Time": 0.05, "Actual Max Total Time": 0.05, "Max Hash Buckets": 32768, "Min Hash Buckets": 32768, "Max Hash Batches": 1, "Min Hash Batches": 1, "Max Original Hash Batches": 1, "Min Original Hash Batches": 1, "Max Peak Memory Usage": 1, "min Peak Memory Usage": 1, "Plans": [{"Node Type": "Seq Scan", "Parent Relationship": "Outer", "Relation Name": "role_type", "Alias": "rt", "Startup Cost": 0.0, "Total Cost": 1.15, "Plan Rows": 1, "Plan Width": 4, "Actual Min Startup Time": 0.037, "Actual Max Startup Time": 0.037, "Actual Min Total Time": 0.041, "Actual Max Total Time": 0.041, "Filter": "((role)::text = 'actress'::text)", "Rows Removed by Filter": 11, "Actual Rows": 1}], "Actual Rows": 1}], "Actual Rows": 6}], "Actual Rows": 1}, "Triggers": [], "Planner Runtime": 42.084, "Total Runtime": 87.11, "Unique SQL Id": 3956435728}}, "(16, '103')": {"explain_plan": {"Plan": {"Node Type": "Aggregate", "Strategy": "Plain", "Startup Cost": 108949.86, "Total Cost": 108949.87, "Plan Rows": 1, "Plan Width": 97, "Plans": [{"Node Type": "Nested Loop", "Parent Relationship": "Outer", "Join Type": "Inner", "Startup Cost": 2793.35, "Total Cost": 108949.85, "Plan Rows": 1, "Plan Width": 33, "Inner Unique": true, "Plans": [{"Node Type": "Nested Loop", "Parent Relationship": "Outer", "Join Type": "Inner", "Startup Cost": 2793.09, "Total Cost": 108945.57, "Plan Rows": 1, "Plan Width": 37, "Inner Unique": true, "Plans": [{"Node Type": "Nested Loop", "Parent Relationship": "Outer", "Join Type": "Inner", "Startup Cost": 2792.76, "Total Cost": 108941.22, "Plan Rows": 1, "Plan Width": 45, "Inner Unique": false, "Plans": [{"Node Type": "Nested Loop", "Parent Relationship": "Outer", "Join Type": "Inner", "Startup Cost": 2792.38, "Total Cost": 108936.81, "Plan Rows": 1, "Plan Width": 25, "Inner Unique": false, "Join Filter": "(t.id = ci.movie_id)", "Plans": [{"Node Type": "Nested Loop", "Parent Relationship": "Outer", "Join Type": "Inner", "Startup Cost": 2788.11, "Total Cost": 108880.24, "Plan Rows": 2, "Plan Width": 25, "Inner Unique": true, "Plans": [{"Node Type": "Nested Loop", "Parent Relationship": "Outer", "Join Type": "Inner", "Startup Cost": 2784.18, "Total Cost": 106793.84, "Plan Rows": 262, "Plan Width": 4, "Inner Unique": false, "Plans": [{"Node Type": "Bitmap Heap Scan", "Parent Relationship": "Outer", "Relation Name": "company_name", "Alias": "cn", "Startup Cost": 2780.8, "Total Cost": 8684.25, "Plan Rows": 6290, "Plan Width": 4, "Filter": "((country_code)::text = '[jp]'::text)", "Plans": [{"Node Type": "Bitmap Index Scan", "Parent Relationship": "Outer", "Index Name": "company_name_pkey", "Startup Cost": 0.0, "Total Cost": 2779.23, "Plan Rows": 234996, "Plan Width": 0}]}, {"Node Type": "Bitmap Heap Scan", "Parent Relationship": "Inner", "Relation Name": "movie_companies", "Alias": "mc", "Startup Cost": 3.37, "Total Cost": 15.59, "Plan Rows": 1, "Plan Width": 8, "Recheck Cond": "(company_id = cn.id)", "Filter": "(((note)::text ~~ '%(Japan)%'::text) AND ((note)::text !~~ '%(USA)%'::text) AND (((note)::text ~~ '%(2006)%'::text) OR ((note)::text ~~ '%(2007)%'::text)))", "Plans": [{"Node Type": "Bitmap Index Scan", "Parent Relationship": "Outer", "Index Name": "company_id_movie_companies", "Startup Cost": 0.0, "Total Cost": 3.37, "Plan Rows": 15, "Plan Width": 0, "Index Cond": "(company_id = cn.id)"}]}]}, {"Node Type": "Bitmap Heap Scan", "Parent Relationship": "Inner", "Relation Name": "title", "Alias": "t", "Startup Cost": 3.93, "Total Cost": 7.95, "Plan Rows": 1, "Plan Width": 21, "Recheck Cond": "(id = mc.movie_id)", "Filter": "((production_year >= 2006) AND (production_year <= 2007) AND (((title)::text ~~ 'One Piece%'::text) OR ((title)::text ~~ 'Dragon Ball Z%'::text)))", "Plans": [{"Node Type": "Bitmap Index Scan", "Parent Relationship": "Outer", "Index Name": "title_pkey", "Startup Cost": 0.0, "Total Cost": 3.93, "Plan Rows": 1, "Plan Width": 0, "Index Cond": "(id = mc.movie_id)"}]}]}, {"Node Type": "Bitmap Heap Scan", "Parent Relationship": "Inner", "Relation Name": "cast_info", "Alias": "ci", "Startup Cost": 4.27, "Total Cost": 28.27, "Plan Rows": 1, "Plan Width": 12, "Recheck Cond": "(movie_id = mc.movie_id)", "Filter": "((note)::text = '(voice: English version)'::text)", "Plans": [{"Node Type": "Bitmap Index Scan", "Parent Relationship": "Outer", "Index Name": "movie_id_cast_info", "Startup Cost": 0.0, "Total Cost": 4.27, "Plan Rows": 6, "Plan Width": 0, "Index Cond": "(movie_id = mc.movie_id)"}]}]}, {"Node Type": "Bitmap Heap Scan", "Parent Relationship": "Inner", "Relation Name": "aka_name", "Alias": "an", "Startup Cost": 0.38, "Total Cost": 4.39, "Plan Rows": 1, "Plan Width": 20, "Recheck Cond": "(person_id = ci.person_id)", "Plans": [{"Node Type": "Bitmap Index Scan", "Parent Relationship": "Outer", "Index Name": "person_id_aka_name", "Startup Cost": 0.0, "Total Cost": 0.38, "Plan Rows": 1, "Plan Width": 0, "Index Cond": "(person_id = ci.person_id)"}]}]}, {"Node Type": "Bitmap Heap Scan", "Parent Relationship": "Inner", "Relation Name": "name", "Alias": "n", "Startup Cost": 0.33, "Total Cost": 4.34, "Plan Rows": 1, "Plan Width": 4, "Recheck Cond": "(id = an.person_id)", "Filter": "(((name)::text ~~ '%Yo%'::text) AND ((name)::text !~~ '%Yu%'::text))", "Plans": [{"Node Type": "Bitmap Index Scan", "Parent Relationship": "Outer", "Index Name": "name_pkey", "Startup Cost": 0.0, "Total Cost": 0.33, "Plan Rows": 1, "Plan Width": 0, "Index Cond": "(id = an.person_id)"}]}]}, {"Node Type": "Bitmap Heap Scan", "Parent Relationship": "Inner", "Relation Name": "role_type", "Alias": "rt", "Startup Cost": 0.26, "Total Cost": 4.27, "Plan Rows": 1, "Plan Width": 4, "Recheck Cond": "(id = ci.role_id)", "Filter": "((role)::text = 'actress'::text)", "Plans": [{"Node Type": "Bitmap Index Scan", "Parent Relationship": "Outer", "Index Name": "role_type_pkey", "Startup Cost": 0.0, "Total Cost": 0.26, "Plan Rows": 1, "Plan Width": 0, "Index Cond": "(id = ci.role_id)"}]}]}]}, "Unique SQL Id": 3956435728, "Planner Runtime": 12}, "explain_analyze_plan": null}, "(16, '104')": {"explain_plan": {"Plan": {"Node Type": "Aggregate", "Strategy": "Plain", "Startup Cost": 20891.31, "Total Cost": 20891.32, "Plan Rows": 1, "Plan Width": 97, "Plans": [{"Node Type": "Nested Loop", "Parent Relationship": "Outer", "Join Type": "Inner", "Startup Cost": 1069.17, "Total Cost": 20891.3, "Plan Rows": 1, "Plan Width": 33, "Inner Unique": true, "Plans": [{"Node Type": "Nested Loop", "Parent Relationship": "Outer", "Join Type": "Inner", "Startup Cost": 1069.17, "Total Cost": 20891.02, "Plan Rows": 1, "Plan Width": 37, "Inner Unique": true, "Plans": [{"Node Type": "Nested Loop", "Parent Relationship": "Outer", "Join Type": "Inner", "Startup Cost": 1069.17, "Total Cost": 20890.44, "Plan Rows": 1, "Plan Width": 45, "Inner Unique": true, "Plans": [{"Node Type": "Nested Loop", "Parent Relationship": "Outer", "Join Type": "Inner", "Startup Cost": 1069.17, "Total Cost": 20886.05, "Plan Rows": 1, "Plan Width": 49, "Inner Unique": false, "Plans": [{"Node Type": "Nested Loop", "Parent Relationship": "Outer", "Join Type": "Inner", "Startup Cost": 1069.17, "Total Cost": 20885.2, "Plan Rows": 1, "Plan Width": 29, "Inner Unique": false, "Join Filter": "(t.id = ci.movie_id)", "Plans": [{"Node Type": "Nested Loop", "Parent Relationship": "Outer", "Join Type": "Inner", "Startup Cost": 1069.17, "Total Cost": 20829.42, "Plan Rows": 2, "Plan Width": 29, "Inner Unique": false, "Plans": [{"Node Type": "Streaming(type: LOCAL GATHER dop: 1/16)", "Parent Relationship": "Outer", "Startup Cost": 1069.17, "Total Cost": 20335.44, "Plan Rows": 43, "Plan Width": 21, "Plans": [{"Node Type": "Seq Scan", "Parent Relationship": "Outer", "Relation Name": "title", "Alias": "t", "Startup Cost": 1069.17, "Total Cost": 20334.51, "Plan Rows": 43, "Plan Width": 21, "Filter": "((production_year >= 2006) AND (production_year <= 2007) AND (((title)::text ~~ 'One Piece%'::text) OR ((title)::text ~~ 'Dragon Ball Z%'::text)))"}]}, {"Node Type": "Index Scan", "Parent Relationship": "Inner", "Scan Direction": "Forward", "Index Name": "movie_id_movie_companies", "Relation Name": "movie_companies", "Alias": "mc", "Startup Cost": 0.0, "Total Cost": 11.48, "Plan Rows": 1, "Plan Width": 8, "Index Cond": "(movie_id = t.id)", "Filter": "(((note)::text ~~ '%(Japan)%'::text) AND ((note)::text !~~ '%(USA)%'::text) AND (((note)::text ~~ '%(2006)%'::text) OR ((note)::text ~~ '%(2007)%'::text)))"}]}, {"Node Type": "Index Scan", "Parent Relationship": "Inner", "Scan Direction": "Forward", "Index Name": "movie_id_cast_info", "Relation Name": "cast_info", "Alias": "ci", "Startup Cost": 0.0, "Total Cost": 27.88, "Plan Rows": 1, "Plan Width": 12, "Index Cond": "(movie_id = mc.movie_id)", "Filter": "((note)::text = '(voice: English version)'::text)"}]}, {"Node Type": "Index Scan", "Parent Relationship": "Inner", "Scan Direction": "Forward", "Index Name": "person_id_aka_name", "Relation Name": "aka_name", "Alias": "an", "Startup Cost": 0.0, "Total Cost": 0.84, "Plan Rows": 1, "Plan Width": 20, "Index Cond": "(person_id = ci.person_id)"}]}, {"Node Type": "Index Scan", "Parent Relationship": "Inner", "Scan Direction": "Forward", "Index Name": "company_name_pkey", "Relation Name": "company_name", "Alias": "cn", "Startup Cost": 0.0, "Total Cost": 4.37, "Plan Rows": 1, "Plan Width": 4, "Index Cond": "(id = mc.company_id)", "Filter": "((country_code)::text = '[jp]'::text)"}]}, {"Node Type": "Index Scan", "Parent Relationship": "Inner", "Scan Direction": "Forward", "Index Name": "name_pkey", "Relation Name": "name", "Alias": "n", "Startup Cost": 0.0, "Total Cost": 0.57, "Plan Rows": 1, "Plan Width": 4, "Index Cond": "(id = an.person_id)", "Filter": "(((name)::text ~~ '%Yo%'::text) AND ((name)::text !~~ '%Yu%'::text))"}]}, {"Node Type": "Index Scan", "Parent Relationship": "Inner", "Scan Direction": "Forward", "Index Name": "role_type_pkey", "Relation Name": "role_type", "Alias": "rt", "Startup Cost": 0.0, "Total Cost": 0.27, "Plan Rows": 1, "Plan Width": 4, "Index Cond": "(id = ci.role_id)", "Filter": "((role)::text = 'actress'::text)"}]}]}, "Unique SQL Id": 3956435728, "Planner Runtime": 20}, "explain_analyze_plan": {"Plan": {"Node Type": "Aggregate", "Strategy": "Plain", "Startup Cost": 20891.31, "Total Cost": 20891.32, "Plan Rows": 1, "Plan Width": 97, "Actual Min Startup Time": 82.24, "Actual Max Startup Time": 82.24, "Actual Min Total Time": 82.24, "Actual Max Total Time": 82.24, "Plans": [{"Node Type": "Nested Loop", "Parent Relationship": "Outer", "Join Type": "Inner", "Startup Cost": 1069.17, "Total Cost": 20891.3, "Plan Rows": 1, "Plan Width": 33, "Actual Min Startup Time": 79.771, "Actual Max Startup Time": 79.771, "Actual Min Total Time": 82.203, "Actual Max Total Time": 82.203, "Inner Unique": true, "Plans": [{"Node Type": "Nested Loop", "Parent Relationship": "Outer", "Join Type": "Inner", "Startup Cost": 1069.17, "Total Cost": 20891.02, "Plan Rows": 1, "Plan Width": 37, "Actual Min Startup Time": 79.76, "Actual Max Startup Time": 79.76, "Actual Min Total Time": 82.178, "Actual Max Total Time": 82.178, "Inner Unique": true, "Plans": [{"Node Type": "Nested Loop", "Parent Relationship": "Outer", "Join Type": "Inner", "Startup Cost": 1069.17, "Total Cost": 20890.44, "Plan Rows": 1, "Plan Width": 45, "Actual Min Startup Time": 78.621, "Actual Max Startup Time": 78.621, "Actual Min Total Time": 81.338, "Actual Max Total Time": 81.338, "Inner Unique": true, "Plans": [{"Node Type": "Nested Loop", "Parent Relationship": "Outer", "Join Type": "Inner", "Startup Cost": 1069.17, "Total Cost": 20886.05, "Plan Rows": 1, "Plan Width": 49, "Actual Min Startup Time": 78.603, "Actual Max Startup Time": 78.603, "Actual Min Total Time": 80.695, "Actual Max Total Time": 80.695, "Inner Unique": false, "Plans": [{"Node Type": "Nested Loop", "Parent Relationship": "Outer", "Join Type": "Inner", "Startup Cost": 1069.17, "Total Cost": 20885.2, "Plan Rows": 1, "Plan Width": 29, "Actual Min Startup Time": 78.587, "Actual Max Startup Time": 78.587, "Actual Min Total Time": 79.943, "Actual Max Total Time": 79.943, "Inner Unique": false, "Join Filter": "(t.id = ci.movie_id)", "Rows Removed by Join Filter": 0, "Plans": [{"Node Type": "Nested Loop", "Parent Relationship": "Outer", "Join Type": "Inner", "Startup Cost": 1069.17, "Total Cost": 20829.42, "Plan Rows": 2, "Plan Width": 29, "Actual Min Startup Time": 78.48, "Actual Max Startup Time": 78.48, "Actual Min Total Time": 79.571, "Actual Max Total Time": 79.571, "Inner Unique": false, "Plans": [{"Node Type": "Streaming(type: LOCAL GATHER dop: 1/16)", "Parent Relationship": "Outer", "Startup Cost": 1069.17, "Total Cost": 20335.44, "Plan Rows": 43, "Plan Width": 21, "Actual Min Startup Time": 78.374, "Actual Max Startup Time": 78.374, "Actual Min Total Time": 79.397, "Actual Max Total Time": 79.397, "Plans": [{"Node Type": "Seq Scan", "Parent Relationship": "Outer", "Relation Name": "title", "Alias": "t", "Startup Cost": 1069.17, "Total Cost": 20334.51, "Plan Rows": 43, "Plan Width": 21, "Actual Min Startup Time": 48.113, "Actual Max Startup Time": 65.731, "Actual Min Total Time": 62.348, "Actual Max Total Time": 65.731, "Filter": "((production_year >= 2006) AND (production_year <= 2007) AND (((title)::text ~~ 'One Piece%'::text) OR ((title)::text ~~ 'Dragon Ball Z%'::text)))", "Rows Removed by Filter": 2528304, "Actual Rows": 7}], "Actual Rows": 7}, {"Node Type": "Index Scan", "Parent Relationship": "Inner", "Scan Direction": "Forward", "Index Name": "movie_id_movie_companies", "Relation Name": "movie_companies", "Alias": "mc", "Startup Cost": 0.0, "Total Cost": 11.48, "Plan Rows": 1, "Plan Width": 8, "Actual Min Startup Time": 0.139, "Actual Max Startup Time": 0.139, "Actual Min Total Time": 0.148, "Actual Max Total Time": 0.148, "Index Cond": "(movie_id = t.id)", "Rows Removed by Index Recheck": 0, "Filter": "(((note)::text ~~ '%(Japan)%'::text) AND ((note)::text !~~ '%(USA)%'::text) AND (((note)::text ~~ '%(2006)%'::text) OR ((note)::text ~~ '%(2007)%'::text)))", "Rows Removed by Filter": 13, "Actual Rows": 4}], "Actual Rows": 4}, {"Node Type": "Index Scan", "Parent Relationship": "Inner", "Scan Direction": "Forward", "Index Name": "movie_id_cast_info", "Relation Name": "cast_info", "Alias": "ci", "Startup Cost": 0.0, "Total Cost": 27.88, "Plan Rows": 1, "Plan Width": 12, "Actual Min Startup Time": 0.106, "Actual Max Startup Time": 0.106, "Actual Min Total Time": 0.331, "Actual Max Total Time": 0.331, "Index Cond": "(movie_id = mc.movie_id)", "Rows Removed by Index Recheck": 0, "Filter": "((note)::text = '(voice: English version)'::text)", "Rows Removed by Filter": 68, "Actual Rows": 104}], "Actual Rows": 104}, {"Node Type": "Index Scan", "Parent Relationship": "Inner", "Scan Direction": "Forward", "Index Name": "person_id_aka_name", "Relation Name": "aka_name", "Alias": "an", "Startup Cost": 0.0, "Total Cost": 0.84, "Plan Rows": 1, "Plan Width": 20, "Actual Min Startup Time": 0.52, "Actual Max Startup Time": 0.52, "Actual Min Total Time": 0.636, "Actual Max Total Time": 0.636, "Index Cond": "(person_id = ci.person_id)", "Rows Removed by Index Recheck": 0, "Actual Rows": 171}], "Actual Rows": 171}, {"Node Type": "Index Scan", "Parent Relationship": "Inner", "Scan Direction": "Forward", "Index Name": "company_name_pkey", "Relation Name": "company_name", "Alias": "cn", "Startup Cost": 0.0, "Total Cost": 4.37, "Plan Rows": 1, "Plan Width": 4, "Actual Min Startup Time": 0.51, "Actual Max Startup Time": 0.51, "Actual Min Total Time": 0.51, "Actual Max Total Time": 0.51, "Index Cond": "(id = mc.company_id)", "Rows Removed by Index Recheck": 0, "Filter": "((country_code)::text = '[jp]'::text)", "Rows Removed by Filter": 0, "Actual Rows": 171}], "Actual Rows": 171}, {"Node Type": "Index Scan", "Parent Relationship": "Inner", "Scan Direction": "Forward", "Index Name": "name_pkey", "Relation Name": "name", "Alias": "n", "Startup Cost": 0.0, "Total Cost": 0.57, "Plan Rows": 1, "Plan Width": 4, "Actual Min Startup Time": 0.745, "Actual Max Startup Time": 0.745, "Actual Min Total Time": 0.745, "Actual Max Total Time": 0.745, "Index Cond": "(id = an.person_id)", "Rows Removed by Index Recheck": 0, "Filter": "(((name)::text ~~ '%Yo%'::text) AND ((name)::text !~~ '%Yu%'::text))", "Rows Removed by Filter": 165, "Actual Rows": 6}], "Actual Rows": 6}, {"Node Type": "Index Scan", "Parent Relationship": "Inner", "Scan Direction": "Forward", "Index Name": "role_type_pkey", "Relation Name": "role_type", "Alias": "rt", "Startup Cost": 0.0, "Total Cost": 0.27, "Plan Rows": 1, "Plan Width": 4, "Actual Min Startup Time": 0.018, "Actual Max Startup Time": 0.018, "Actual Min Total Time": 0.018, "Actual Max Total Time": 0.018, "Index Cond": "(id = ci.role_id)", "Rows Removed by Index Recheck": 0, "Filter": "((role)::text = 'actress'::text)", "Rows Removed by Filter": 0, "Actual Rows": 6}], "Actual Rows": 6}], "Actual Rows": 1}, "Triggers": [], "Planner Runtime": 30.568, "Total Runtime": 84.938, "Unique SQL Id": 3956435728}}, "(16, '105')": {"explain_plan": {"Plan": {"Node Type": "Aggregate", "Strategy": "Plain", "Startup Cost": 84111.26, "Total Cost": 84111.27, "Plan Rows": 1, "Plan Width": 97, "Plans": [{"Node Type": "Nested Loop", "Parent Relationship": "Outer", "Join Type": "Inner", "Startup Cost": 0.0, "Total Cost": 84111.26, "Plan Rows": 1, "Plan Width": 33, "Inner Unique": true, "Plans": [{"Node Type": "Nested Loop", "Parent Relationship": "Outer", "Join Type": "Inner", "Startup Cost": 0.0, "Total Cost": 84110.97, "Plan Rows": 1, "Plan Width": 37, "Inner Unique": true, "Plans": [{"Node Type": "Nested Loop", "Parent Relationship": "Outer", "Join Type": "Inner", "Startup Cost": 0.0, "Total Cost": 84110.39, "Plan Rows": 1, "Plan Width": 45, "Inner Unique": false, "Plans": [{"Node Type": "Nested Loop", "Parent Relationship": "Outer", "Join Type": "Inner", "Startup Cost": 0.0, "Total Cost": 84109.54, "Plan Rows": 1, "Plan Width": 25, "Inner Unique": false, "Join Filter": "(t.id = ci.movie_id)", "Plans": [{"Node Type": "Nested Loop", "Parent Relationship": "Outer", "Join Type": "Inner", "Startup Cost": 0.0, "Total Cost": 84053.76, "Plan Rows": 2, "Plan Width": 25, "Inner Unique": true, "Plans": [{"Node Type": "Nested Loop", "Parent Relationship": "Outer", "Join Type": "Inner", "Startup Cost": 0.0, "Total Cost": 81991.53, "Plan Rows": 262, "Plan Width": 4, "Inner Unique": false, "Plans": [{"Node Type": "Index Scan", "Parent Relationship": "Outer", "Scan Direction": "Forward", "Index Name": "company_name_pkey", "Relation Name": "company_name", "Alias": "cn", "Startup Cost": 0.0, "Total Cost": 10501.39, "Plan Rows": 6290, "Plan Width": 4, "Filter": "((country_code)::text = '[jp]'::text)"}, {"Node Type": "Index Scan", "Parent Relationship": "Inner", "Scan Direction": "Forward", "Index Name": "company_id_movie_companies", "Relation Name": "movie_companies", "Alias": "mc", "Startup Cost": 0.0, "Total Cost": 11.36, "Plan Rows": 1, "Plan Width": 8, "Index Cond": "(company_id = cn.id)", "Filter": "(((note)::text ~~ '%(Japan)%'::text) AND ((note)::text !~~ '%(USA)%'::text) AND (((note)::text ~~ '%(2006)%'::text) OR ((note)::text ~~ '%(2007)%'::text)))"}]}, {"Node Type": "Index Scan", "Parent Relationship": "Inner", "Scan Direction": "Forward", "Index Name": "title_pkey", "Relation Name": "title", "Alias": "t", "Startup Cost": 0.0, "Total Cost": 7.86, "Plan Rows": 1, "Plan Width": 21, "Index Cond": "(id = mc.movie_id)", "Filter": "((production_year >= 2006) AND (production_year <= 2007) AND (((title)::text ~~ 'One Piece%'::text) OR ((title)::text ~~ 'Dragon Ball Z%'::text)))"}]}, {"Node Type": "Index Scan", "Parent Relationship": "Inner", "Scan Direction": "Forward", "Index Name": "movie_id_cast_info", "Relation Name": "cast_info", "Alias": "ci", "Startup Cost": 0.0, "Total Cost": 27.88, "Plan Rows": 1, "Plan Width": 12, "Index Cond": "(movie_id = mc.movie_id)", "Filter": "((note)::text = '(voice: English version)'::text)"}]}, {"Node Type": "Index Scan", "Parent Relationship": "Inner", "Scan Direction": "Forward", "Index Name": "person_id_aka_name", "Relation Name": "aka_name", "Alias": "an", "Startup Cost": 0.0, "Total Cost": 0.84, "Plan Rows": 1, "Plan Width": 20, "Index Cond": "(person_id = ci.person_id)"}]}, {"Node Type": "Index Scan", "Parent Relationship": "Inner", "Scan Direction": "Forward", "Index Name": "name_pkey", "Relation Name": "name", "Alias": "n", "Startup Cost": 0.0, "Total Cost": 0.57, "Plan Rows": 1, "Plan Width": 4, "Index Cond": "(id = an.person_id)", "Filter": "(((name)::text ~~ '%Yo%'::text) AND ((name)::text !~~ '%Yu%'::text))"}]}, {"Node Type": "Index Scan", "Parent Relationship": "Inner", "Scan Direction": "Forward", "Index Name": "role_type_pkey", "Relation Name": "role_type", "Alias": "rt", "Startup Cost": 0.0, "Total Cost": 0.27, "Plan Rows": 1, "Plan Width": 4, "Index Cond": "(id = ci.role_id)", "Filter": "((role)::text = 'actress'::text)"}]}]}, "Unique SQL Id": 3956435728, "Planner Runtime": 16}, "explain_analyze_plan": null}, "(16, '106')": {"explain_plan": {"Plan": {"Node Type": "Aggregate", "Strategy": "Plain", "Startup Cost": 147016.93, "Total Cost": 147016.94, "Plan Rows": 1, "Plan Width": 97, "Plans": [{"Node Type": "Hash Join", "Parent Relationship": "Outer", "Join Type": "Inner", "Startup Cost": 111661.04, "Total Cost": 147016.93, "Plan Rows": 1, "Plan Width": 33, "Inner Unique": true, "Hash Cond": "(ci.role_id = rt.id)", "Plans": [{"Node Type": "Hash Join", "Parent Relationship": "Outer", "Join Type": "Inner", "Startup Cost": 111659.88, "Total Cost": 147015.75, "Plan Rows": 1, "Plan Width": 37, "Inner Unique": true, "Hash Cond": "(mc.company_id = cn.id)", "Plans": [{"Node Type": "Hash Join", "Parent Relationship": "Outer", "Join Type": "Inner", "Startup Cost": 105677.81, "Total Cost": 141033.66, "Plan Rows": 1, "Plan Width": 41, "Inner Unique": true, "Hash Cond": "(ci.movie_id = t.id)", "Plans": [{"Node Type": "Streaming(type: LOCAL GATHER dop: 1/16)", "Parent Relationship": "Outer", "Startup Cost": 100593.41, "Total Cost": 135946.84, "Plan Rows": 643, "Plan Width": 32, "Plans": [{"Node Type": "Hash Join", "Parent Relationship": "Outer", "Join Type": "Inner", "Startup Cost": 100593.41, "Total Cost": 135932.96, "Plan Rows": 643, "Plan Width": 32, "Inner Unique": false, "Hash Cond": "(n.id = an.person_id)", "Plans": [{"Node Type": "Streaming(type: BROADCAST dop: 16/1)", "Parent Relationship": "Outer", "Startup Cost": 83644.96, "Total Cost": 118972.95, "Plan Rows": 8416, "Plan Width": 24, "Plans": [{"Node Type": "Hash Join", "Parent Relationship": "Outer", "Join Type": "Inner", "Startup Cost": 83644.96, "Total Cost": 103791.31, "Plan Rows": 526, "Plan Width": 24, "Inner Unique": false, "Hash Cond": "(mc.movie_id = ci.movie_id)", "Plans": [{"Node Type": "Streaming(type: LOCAL GATHER dop: 1/16)", "Parent Relationship": "Outer", "Startup Cost": 0.0, "Total Cost": 19279.94, "Plan Rows": 1652, "Plan Width": 8, "Plans": [{"Node Type": "Seq Scan", "Parent Relationship": "Outer", "Relation Name": "movie_companies", "Alias": "mc", "Startup Cost": 0.0, "Total Cost": 19244.28, "Plan Rows": 1652, "Plan Width": 8, "Filter": "(((note)::text ~~ '%(Japan)%'::text) AND ((note)::text !~~ '%(USA)%'::text) AND (((note)::text ~~ '%(2006)%'::text) OR ((note)::text ~~ '%(2007)%'::text)))"}]}, {"Node Type": "Hash", "Parent Relationship": "Inner", "Startup Cost": 83467.16, "Total Cost": 83467.16, "Plan Rows": 14224, "Plan Width": 16, "Plans": [{"Node Type": "Hash Join", "Parent Relationship": "Outer", "Join Type": "Inner", "Startup Cost": 22592.6, "Total Cost": 83467.16, "Plan Rows": 14224, "Plan Width": 16, "Inner Unique": true, "Hash Cond": "(ci.person_id = n.id)", "Plans": [{"Node Type": "Streaming(type: LOCAL GATHER dop: 1/16)", "Parent Relationship": "Outer", "Startup Cost": 0.0, "Total Cost": 60369.73, "Plan Rows": 96692, "Plan Width": 12, "Plans": [{"Node Type": "Seq Scan", "Parent Relationship": "Outer", "Relation Name": "cast_info", "Alias": "ci", "Startup Cost": 0.0, "Total Cost": 58282.92, "Plan Rows": 96692, "Plan Width": 12, "Filter": "((note)::text = '(voice: English version)'::text)"}]}, {"Node Type": "Hash", "Parent Relationship": "Inner", "Startup Cost": 22419.02, "Total Cost": 22419.02, "Plan Rows": 13886, "Plan Width": 4, "Plans": [{"Node Type": "Streaming(type: LOCAL GATHER dop: 1/16)", "Parent Relationship": "Outer", "Startup Cost": 0.0, "Total Cost": 22419.02, "Plan Rows": 13886, "Plan Width": 4, "Plans": [{"Node Type": "Seq Scan", "Parent Relationship": "Outer", "Relation Name": "name", "Alias": "n", "Startup Cost": 0.0, "Total Cost": 22119.33, "Plan Rows": 13886, "Plan Width": 4, "Filter": "(((name)::text ~~ '%Yo%'::text) AND ((name)::text !~~ '%Yu%'::text))"}]}]}]}]}]}]}, {"Node Type": "Hash", "Parent Relationship": "Inner", "Startup Cost": 16244.28, "Total Cost": 16244.28, "Plan Rows": 901342, "Plan Width": 20, "Plans": [{"Node Type": "Seq Scan", "Parent Relationship": "Outer", "Relation Name": "aka_name", "Alias": "an", "Startup Cost": 0.0, "Total Cost": 16244.28, "Plan Rows": 901342, "Plan Width": 20}]}]}]}, {"Node Type": "Hash", "Parent Relationship": "Inner", "Startup Cost": 20335.44, "Total Cost": 20335.44, "Plan Rows": 43, "Plan Width": 21, "Plans": [{"Node Type": "Streaming(type: LOCAL GATHER dop: 1/16)", "Parent Relationship": "Outer", "Startup Cost": 1069.17, "Total Cost": 20335.44, "Plan Rows": 43, "Plan Width": 21, "Plans": [{"Node Type": "Seq Scan", "Parent Relationship": "Outer", "Relation Name": "title", "Alias": "t", "Startup Cost": 1069.17, "Total Cost": 20334.51, "Plan Rows": 43, "Plan Width": 21, "Filter": "((production_year >= 2006) AND (production_year <= 2007) AND (((title)::text ~~ 'One Piece%'::text) OR ((title)::text ~~ 'Dragon Ball Z%'::text)))"}]}]}]}, {"Node Type": "Hash", "Parent Relationship": "Inner", "Startup Cost": 5903.45, "Total Cost": 5903.45, "Plan Rows": 6290, "Plan Width": 4, "Plans": [{"Node Type": "Seq Scan", "Parent Relationship": "Outer", "Relation Name": "company_name", "Alias": "cn", "Startup Cost": 0.0, "Total Cost": 5903.45, "Plan Rows": 6290, "Plan Width": 4, "Filter": "((country_code)::text = '[jp]'::text)"}]}]}, {"Node Type": "Hash", "Parent Relationship": "Inner", "Startup Cost": 1.15, "Total Cost": 1.15, "Plan Rows": 1, "Plan Width": 4, "Plans": [{"Node Type": "Seq Scan", "Parent Relationship": "Outer", "Relation Name": "role_type", "Alias": "rt", "Startup Cost": 0.0, "Total Cost": 1.15, "Plan Rows": 1, "Plan Width": 4, "Filter": "((role)::text = 'actress'::text)"}]}]}]}, "Unique SQL Id": 3956435728, "Planner Runtime": 163}, "explain_analyze_plan": null}, "(16, '107')": {"explain_plan": {"Plan": {"Node Type": "Aggregate", "Strategy": "Plain", "Startup Cost": 7000171737302.84, "Total Cost": 7000171737302.85, "Plan Rows": 1, "Plan Width": 97, "Plans": [{"Node Type": "Hash Join", "Parent Relationship": "Outer", "Join Type": "Inner", "Startup Cost": 3040028518105.1, "Total Cost": 7000171737302.83, "Plan Rows": 1, "Plan Width": 33, "Inner Unique": true, "Hash Cond": "(ci.role_id = rt.id)", "Plans": [{"Node Type": "Nested Loop", "Parent Relationship": "Outer", "Join Type": "Inner", "Startup Cost": 2040028516859.08, "Total Cost": 6000171736056.81, "Plan Rows": 1, "Plan Width": 37, "Inner Unique": true, "Plans": [{"Node Type": "Nested Loop", "Parent Relationship": "Outer", "Join Type": "Inner", "Startup Cost": 2030028516859.08, "Total Cost": 5000171735999.58, "Plan Rows": 1, "Plan Width": 45, "Inner Unique": true, "Plans": [{"Node Type": "Nested Loop", "Parent Relationship": "Outer", "Join Type": "Inner", "Startup Cost": 2020028516859.08, "Total Cost": 4000171735562.15, "Plan Rows": 1, "Plan Width": 49, "Inner Unique": false, "Plans": [{"Node Type": "Hash Join", "Parent Relationship": "Outer", "Join Type": "Inner", "Startup Cost": 2010028516859.08, "Total Cost": 3000171735477.76, "Plan Rows": 1, "Plan Width": 29, "Inner Unique": false, "Hash Cond": "(ci.movie_id = mc.movie_id)", "Plans": [{"Node Type": "Hash Join", "Parent Relationship": "Outer", "Join Type": "Inner", "Startup Cost": 1010013540360.45, "Total Cost": 2000156758968.1, "Plan Rows": 43, "Plan Width": 33, "Inner Unique": true, "Hash Cond": "(ci.movie_id = t.id)", "Plans": [{"Node Type": "Index Scan", "Parent Relationship": "Outer", "Scan Direction": "Forward", "Index Name": "role_id_cast_info", "Relation Name": "cast_info", "Alias": "ci", "Startup Cost": 10000000000.0, "Total Cost": 1000143218339.5, "Plan Rows": 96692, "Plan Width": 12, "Filter": "((note)::text = '(voice: English version)'::text)"}, {"Node Type": "Hash", "Parent Relationship": "Inner", "Startup Cost": 1000013540359.91, "Total Cost": 1000013540359.91, "Plan Rows": 43, "Plan Width": 21, "Plans": [{"Node Type": "Index Scan", "Parent Relationship": "Outer", "Scan Direction": "Forward", "Index Name": "title_pkey", "Relation Name": "title", "Alias": "t", "Startup Cost": 10000000000.0, "Total Cost": 1000013540359.91, "Plan Rows": 43, "Plan Width": 21, "Filter": "((production_year >= 2006) AND (production_year <= 2007) AND (((title)::text ~~ 'One Piece%'::text) OR ((title)::text ~~ 'Dragon Ball Z%'::text)))"}]}]}, {"Node Type": "Hash", "Parent Relationship": "Inner", "Startup Cost": 1000014976477.98, "Total Cost": 1000014976477.98, "Plan Rows": 1652, "Plan Width": 8, "Plans": [{"Node Type": "Index Scan", "Parent Relationship": "Outer", "Scan Direction": "Forward", "Index Name": "company_id_movie_companies", "Relation Name": "movie_companies", "Alias": "mc", "Startup Cost": 10000000000.0, "Total Cost": 1000014976477.98, "Plan Rows": 1652, "Plan Width": 8, "Filter": "(((note)::text ~~ '%(Japan)%'::text) AND ((note)::text !~~ '%(USA)%'::text) AND (((note)::text ~~ '%(2006)%'::text) OR ((note)::text ~~ '%(2007)%'::text)))"}]}]}, {"Node Type": "Index Scan", "Parent Relationship": "Inner", "Scan Direction": "Forward", "Index Name": "person_id_aka_name", "Relation Name": "aka_name", "Alias": "an", "Startup Cost": 10000000000.0, "Total Cost": 1000000000084.38, "Plan Rows": 1, "Plan Width": 20, "Index Cond": "(person_id = ci.person_id)"}]}, {"Node Type": "Index Scan", "Parent Relationship": "Inner", "Scan Direction": "Forward", "Index Name": "company_name_pkey", "Relation Name": "company_name", "Alias": "cn", "Startup Cost": 10000000000.0, "Total Cost": 1000000000437.42, "Plan Rows": 1, "Plan Width": 4, "Index Cond": "(id = mc.company_id)", "Filter": "((country_code)::text = '[jp]'::text)"}]}, {"Node Type": "Index Scan", "Parent Relationship": "Inner", "Scan Direction": "Forward", "Index Name": "name_pkey", "Relation Name": "name", "Alias": "n", "Startup Cost": 10000000000.0, "Total Cost": 1000000000057.22, "Plan Rows": 1, "Plan Width": 4, "Index Cond": "(id = an.person_id)", "Filter": "(((name)::text ~~ '%Yo%'::text) AND ((name)::text !~~ '%Yu%'::text))"}]}, {"Node Type": "Hash", "Parent Relationship": "Inner", "Startup Cost": 1000000001246.0, "Total Cost": 1000000001246.0, "Plan Rows": 1, "Plan Width": 4, "Plans": [{"Node Type": "Index Scan", "Parent Relationship": "Outer", "Scan Direction": "Forward", "Index Name": "role_type_pkey", "Relation Name": "role_type", "Alias": "rt", "Startup Cost": 10000000000.0, "Total Cost": 1000000001246.0, "Plan Rows": 1, "Plan Width": 4, "Filter": "((role)::text = 'actress'::text)"}]}]}]}, "Unique SQL Id": 3956435728, "Planner Runtime": 56}, "explain_analyze_plan": null}, "(16, '108')": {"explain_plan": {"Plan": {"Node Type": "Aggregate", "Strategy": "Plain", "Startup Cost": 20891.31, "Total Cost": 20891.32, "Plan Rows": 1, "Plan Width": 97, "Plans": [{"Node Type": "Nested Loop", "Parent Relationship": "Outer", "Join Type": "Inner", "Startup Cost": 1069.17, "Total Cost": 20891.3, "Plan Rows": 1, "Plan Width": 33, "Inner Unique": true, "Plans": [{"Node Type": "Nested Loop", "Parent Relationship": "Outer", "Join Type": "Inner", "Startup Cost": 1069.17, "Total Cost": 20891.02, "Plan Rows": 1, "Plan Width": 37, "Inner Unique": true, "Plans": [{"Node Type": "Nested Loop", "Parent Relationship": "Outer", "Join Type": "Inner", "Startup Cost": 1069.17, "Total Cost": 20890.44, "Plan Rows": 1, "Plan Width": 45, "Inner Unique": true, "Plans": [{"Node Type": "Nested Loop", "Parent Relationship": "Outer", "Join Type": "Inner", "Startup Cost": 1069.17, "Total Cost": 20886.05, "Plan Rows": 1, "Plan Width": 49, "Inner Unique": false, "Plans": [{"Node Type": "Nested Loop", "Parent Relationship": "Outer", "Join Type": "Inner", "Startup Cost": 1069.17, "Total Cost": 20885.2, "Plan Rows": 1, "Plan Width": 29, "Inner Unique": false, "Join Filter": "(t.id = ci.movie_id)", "Plans": [{"Node Type": "Nested Loop", "Parent Relationship": "Outer", "Join Type": "Inner", "Startup Cost": 1069.17, "Total Cost": 20829.42, "Plan Rows": 2, "Plan Width": 29, "Inner Unique": false, "Plans": [{"Node Type": "Streaming(type: LOCAL GATHER dop: 1/16)", "Parent Relationship": "Outer", "Startup Cost": 1069.17, "Total Cost": 20335.44, "Plan Rows": 43, "Plan Width": 21, "Plans": [{"Node Type": "Seq Scan", "Parent Relationship": "Outer", "Relation Name": "title", "Alias": "t", "Startup Cost": 1069.17, "Total Cost": 20334.51, "Plan Rows": 43, "Plan Width": 21, "Filter": "((production_year >= 2006) AND (production_year <= 2007) AND (((title)::text ~~ 'One Piece%'::text) OR ((title)::text ~~ 'Dragon Ball Z%'::text)))"}]}, {"Node Type": "Index Scan", "Parent Relationship": "Inner", "Scan Direction": "Forward", "Index Name": "movie_id_movie_companies", "Relation Name": "movie_companies", "Alias": "mc", "Startup Cost": 0.0, "Total Cost": 11.48, "Plan Rows": 1, "Plan Width": 8, "Index Cond": "(movie_id = t.id)", "Filter": "(((note)::text ~~ '%(Japan)%'::text) AND ((note)::text !~~ '%(USA)%'::text) AND (((note)::text ~~ '%(2006)%'::text) OR ((note)::text ~~ '%(2007)%'::text)))"}]}, {"Node Type": "Index Scan", "Parent Relationship": "Inner", "Scan Direction": "Forward", "Index Name": "movie_id_cast_info", "Relation Name": "cast_info", "Alias": "ci", "Startup Cost": 0.0, "Total Cost": 27.88, "Plan Rows": 1, "Plan Width": 12, "Index Cond": "(movie_id = mc.movie_id)", "Filter": "((note)::text = '(voice: English version)'::text)"}]}, {"Node Type": "Index Scan", "Parent Relationship": "Inner", "Scan Direction": "Forward", "Index Name": "person_id_aka_name", "Relation Name": "aka_name", "Alias": "an", "Startup Cost": 0.0, "Total Cost": 0.84, "Plan Rows": 1, "Plan Width": 20, "Index Cond": "(person_id = ci.person_id)"}]}, {"Node Type": "Index Scan", "Parent Relationship": "Inner", "Scan Direction": "Forward", "Index Name": "company_name_pkey", "Relation Name": "company_name", "Alias": "cn", "Startup Cost": 0.0, "Total Cost": 4.37, "Plan Rows": 1, "Plan Width": 4, "Index Cond": "(id = mc.company_id)", "Filter": "((country_code)::text = '[jp]'::text)"}]}, {"Node Type": "Index Scan", "Parent Relationship": "Inner", "Scan Direction": "Forward", "Index Name": "name_pkey", "Relation Name": "name", "Alias": "n", "Startup Cost": 0.0, "Total Cost": 0.57, "Plan Rows": 1, "Plan Width": 4, "Index Cond": "(id = an.person_id)", "Filter": "(((name)::text ~~ '%Yo%'::text) AND ((name)::text !~~ '%Yu%'::text))"}]}, {"Node Type": "Index Scan", "Parent Relationship": "Inner", "Scan Direction": "Forward", "Index Name": "role_type_pkey", "Relation Name": "role_type", "Alias": "rt", "Startup Cost": 0.0, "Total Cost": 0.27, "Plan Rows": 1, "Plan Width": 4, "Index Cond": "(id = ci.role_id)", "Filter": "((role)::text = 'actress'::text)"}]}]}, "Unique SQL Id": 3956435728, "Planner Runtime": 20}, "explain_analyze_plan": {"Plan": {"Node Type": "Aggregate", "Strategy": "Plain", "Startup Cost": 20891.31, "Total Cost": 20891.32, "Plan Rows": 1, "Plan Width": 97, "Actual Min Startup Time": 82.24, "Actual Max Startup Time": 82.24, "Actual Min Total Time": 82.24, "Actual Max Total Time": 82.24, "Plans": [{"Node Type": "Nested Loop", "Parent Relationship": "Outer", "Join Type": "Inner", "Startup Cost": 1069.17, "Total Cost": 20891.3, "Plan Rows": 1, "Plan Width": 33, "Actual Min Startup Time": 79.771, "Actual Max Startup Time": 79.771, "Actual Min Total Time": 82.203, "Actual Max Total Time": 82.203, "Inner Unique": true, "Plans": [{"Node Type": "Nested Loop", "Parent Relationship": "Outer", "Join Type": "Inner", "Startup Cost": 1069.17, "Total Cost": 20891.02, "Plan Rows": 1, "Plan Width": 37, "Actual Min Startup Time": 79.76, "Actual Max Startup Time": 79.76, "Actual Min Total Time": 82.178, "Actual Max Total Time": 82.178, "Inner Unique": true, "Plans": [{"Node Type": "Nested Loop", "Parent Relationship": "Outer", "Join Type": "Inner", "Startup Cost": 1069.17, "Total Cost": 20890.44, "Plan Rows": 1, "Plan Width": 45, "Actual Min Startup Time": 78.621, "Actual Max Startup Time": 78.621, "Actual Min Total Time": 81.338, "Actual Max Total Time": 81.338, "Inner Unique": true, "Plans": [{"Node Type": "Nested Loop", "Parent Relationship": "Outer", "Join Type": "Inner", "Startup Cost": 1069.17, "Total Cost": 20886.05, "Plan Rows": 1, "Plan Width": 49, "Actual Min Startup Time": 78.603, "Actual Max Startup Time": 78.603, "Actual Min Total Time": 80.695, "Actual Max Total Time": 80.695, "Inner Unique": false, "Plans": [{"Node Type": "Nested Loop", "Parent Relationship": "Outer", "Join Type": "Inner", "Startup Cost": 1069.17, "Total Cost": 20885.2, "Plan Rows": 1, "Plan Width": 29, "Actual Min Startup Time": 78.587, "Actual Max Startup Time": 78.587, "Actual Min Total Time": 79.943, "Actual Max Total Time": 79.943, "Inner Unique": false, "Join Filter": "(t.id = ci.movie_id)", "Rows Removed by Join Filter": 0, "Plans": [{"Node Type": "Nested Loop", "Parent Relationship": "Outer", "Join Type": "Inner", "Startup Cost": 1069.17, "Total Cost": 20829.42, "Plan Rows": 2, "Plan Width": 29, "Actual Min Startup Time": 78.48, "Actual Max Startup Time": 78.48, "Actual Min Total Time": 79.571, "Actual Max Total Time": 79.571, "Inner Unique": false, "Plans": [{"Node Type": "Streaming(type: LOCAL GATHER dop: 1/16)", "Parent Relationship": "Outer", "Startup Cost": 1069.17, "Total Cost": 20335.44, "Plan Rows": 43, "Plan Width": 21, "Actual Min Startup Time": 78.374, "Actual Max Startup Time": 78.374, "Actual Min Total Time": 79.397, "Actual Max Total Time": 79.397, "Plans": [{"Node Type": "Seq Scan", "Parent Relationship": "Outer", "Relation Name": "title", "Alias": "t", "Startup Cost": 1069.17, "Total Cost": 20334.51, "Plan Rows": 43, "Plan Width": 21, "Actual Min Startup Time": 48.113, "Actual Max Startup Time": 65.731, "Actual Min Total Time": 62.348, "Actual Max Total Time": 65.731, "Filter": "((production_year >= 2006) AND (production_year <= 2007) AND (((title)::text ~~ 'One Piece%'::text) OR ((title)::text ~~ 'Dragon Ball Z%'::text)))", "Rows Removed by Filter": 2528304, "Actual Rows": 7}], "Actual Rows": 7}, {"Node Type": "Index Scan", "Parent Relationship": "Inner", "Scan Direction": "Forward", "Index Name": "movie_id_movie_companies", "Relation Name": "movie_companies", "Alias": "mc", "Startup Cost": 0.0, "Total Cost": 11.48, "Plan Rows": 1, "Plan Width": 8, "Actual Min Startup Time": 0.139, "Actual Max Startup Time": 0.139, "Actual Min Total Time": 0.148, "Actual Max Total Time": 0.148, "Index Cond": "(movie_id = t.id)", "Rows Removed by Index Recheck": 0, "Filter": "(((note)::text ~~ '%(Japan)%'::text) AND ((note)::text !~~ '%(USA)%'::text) AND (((note)::text ~~ '%(2006)%'::text) OR ((note)::text ~~ '%(2007)%'::text)))", "Rows Removed by Filter": 13, "Actual Rows": 4}], "Actual Rows": 4}, {"Node Type": "Index Scan", "Parent Relationship": "Inner", "Scan Direction": "Forward", "Index Name": "movie_id_cast_info", "Relation Name": "cast_info", "Alias": "ci", "Startup Cost": 0.0, "Total Cost": 27.88, "Plan Rows": 1, "Plan Width": 12, "Actual Min Startup Time": 0.106, "Actual Max Startup Time": 0.106, "Actual Min Total Time": 0.331, "Actual Max Total Time": 0.331, "Index Cond": "(movie_id = mc.movie_id)", "Rows Removed by Index Recheck": 0, "Filter": "((note)::text = '(voice: English version)'::text)", "Rows Removed by Filter": 68, "Actual Rows": 104}], "Actual Rows": 104}, {"Node Type": "Index Scan", "Parent Relationship": "Inner", "Scan Direction": "Forward", "Index Name": "person_id_aka_name", "Relation Name": "aka_name", "Alias": "an", "Startup Cost": 0.0, "Total Cost": 0.84, "Plan Rows": 1, "Plan Width": 20, "Actual Min Startup Time": 0.52, "Actual Max Startup Time": 0.52, "Actual Min Total Time": 0.636, "Actual Max Total Time": 0.636, "Index Cond": "(person_id = ci.person_id)", "Rows Removed by Index Recheck": 0, "Actual Rows": 171}], "Actual Rows": 171}, {"Node Type": "Index Scan", "Parent Relationship": "Inner", "Scan Direction": "Forward", "Index Name": "company_name_pkey", "Relation Name": "company_name", "Alias": "cn", "Startup Cost": 0.0, "Total Cost": 4.37, "Plan Rows": 1, "Plan Width": 4, "Actual Min Startup Time": 0.51, "Actual Max Startup Time": 0.51, "Actual Min Total Time": 0.51, "Actual Max Total Time": 0.51, "Index Cond": "(id = mc.company_id)", "Rows Removed by Index Recheck": 0, "Filter": "((country_code)::text = '[jp]'::text)", "Rows Removed by Filter": 0, "Actual Rows": 171}], "Actual Rows": 171}, {"Node Type": "Index Scan", "Parent Relationship": "Inner", "Scan Direction": "Forward", "Index Name": "name_pkey", "Relation Name": "name", "Alias": "n", "Startup Cost": 0.0, "Total Cost": 0.57, "Plan Rows": 1, "Plan Width": 4, "Actual Min Startup Time": 0.745, "Actual Max Startup Time": 0.745, "Actual Min Total Time": 0.745, "Actual Max Total Time": 0.745, "Index Cond": "(id = an.person_id)", "Rows Removed by Index Recheck": 0, "Filter": "(((name)::text ~~ '%Yo%'::text) AND ((name)::text !~~ '%Yu%'::text))", "Rows Removed by Filter": 165, "Actual Rows": 6}], "Actual Rows": 6}, {"Node Type": "Index Scan", "Parent Relationship": "Inner", "Scan Direction": "Forward", "Index Name": "role_type_pkey", "Relation Name": "role_type", "Alias": "rt", "Startup Cost": 0.0, "Total Cost": 0.27, "Plan Rows": 1, "Plan Width": 4, "Actual Min Startup Time": 0.018, "Actual Max Startup Time": 0.018, "Actual Min Total Time": 0.018, "Actual Max Total Time": 0.018, "Index Cond": "(id = ci.role_id)", "Rows Removed by Index Recheck": 0, "Filter": "((role)::text = 'actress'::text)", "Rows Removed by Filter": 0, "Actual Rows": 6}], "Actual Rows": 6}], "Actual Rows": 1}, "Triggers": [], "Planner Runtime": 30.568, "Total Runtime": 84.938, "Unique SQL Id": 3956435728}}, "(16, '109')": {"explain_plan": {"Plan": {"Node Type": "Aggregate", "Strategy": "Plain", "Startup Cost": 84111.26, "Total Cost": 84111.27, "Plan Rows": 1, "Plan Width": 97, "Plans": [{"Node Type": "Nested Loop", "Parent Relationship": "Outer", "Join Type": "Inner", "Startup Cost": 0.0, "Total Cost": 84111.26, "Plan Rows": 1, "Plan Width": 33, "Inner Unique": true, "Plans": [{"Node Type": "Nested Loop", "Parent Relationship": "Outer", "Join Type": "Inner", "Startup Cost": 0.0, "Total Cost": 84110.97, "Plan Rows": 1, "Plan Width": 37, "Inner Unique": true, "Plans": [{"Node Type": "Nested Loop", "Parent Relationship": "Outer", "Join Type": "Inner", "Startup Cost": 0.0, "Total Cost": 84110.39, "Plan Rows": 1, "Plan Width": 45, "Inner Unique": false, "Plans": [{"Node Type": "Nested Loop", "Parent Relationship": "Outer", "Join Type": "Inner", "Startup Cost": 0.0, "Total Cost": 84109.54, "Plan Rows": 1, "Plan Width": 25, "Inner Unique": false, "Join Filter": "(t.id = ci.movie_id)", "Plans": [{"Node Type": "Nested Loop", "Parent Relationship": "Outer", "Join Type": "Inner", "Startup Cost": 0.0, "Total Cost": 84053.76, "Plan Rows": 2, "Plan Width": 25, "Inner Unique": true, "Plans": [{"Node Type": "Nested Loop", "Parent Relationship": "Outer", "Join Type": "Inner", "Startup Cost": 0.0, "Total Cost": 81991.53, "Plan Rows": 262, "Plan Width": 4, "Inner Unique": false, "Plans": [{"Node Type": "Index Scan", "Parent Relationship": "Outer", "Scan Direction": "Forward", "Index Name": "company_name_pkey", "Relation Name": "company_name", "Alias": "cn", "Startup Cost": 0.0, "Total Cost": 10501.39, "Plan Rows": 6290, "Plan Width": 4, "Filter": "((country_code)::text = '[jp]'::text)"}, {"Node Type": "Index Scan", "Parent Relationship": "Inner", "Scan Direction": "Forward", "Index Name": "company_id_movie_companies", "Relation Name": "movie_companies", "Alias": "mc", "Startup Cost": 0.0, "Total Cost": 11.36, "Plan Rows": 1, "Plan Width": 8, "Index Cond": "(company_id = cn.id)", "Filter": "(((note)::text ~~ '%(Japan)%'::text) AND ((note)::text !~~ '%(USA)%'::text) AND (((note)::text ~~ '%(2006)%'::text) OR ((note)::text ~~ '%(2007)%'::text)))"}]}, {"Node Type": "Index Scan", "Parent Relationship": "Inner", "Scan Direction": "Forward", "Index Name": "title_pkey", "Relation Name": "title", "Alias": "t", "Startup Cost": 0.0, "Total Cost": 7.86, "Plan Rows": 1, "Plan Width": 21, "Index Cond": "(id = mc.movie_id)", "Filter": "((production_year >= 2006) AND (production_year <= 2007) AND (((title)::text ~~ 'One Piece%'::text) OR ((title)::text ~~ 'Dragon Ball Z%'::text)))"}]}, {"Node Type": "Index Scan", "Parent Relationship": "Inner", "Scan Direction": "Forward", "Index Name": "movie_id_cast_info", "Relation Name": "cast_info", "Alias": "ci", "Startup Cost": 0.0, "Total Cost": 27.88, "Plan Rows": 1, "Plan Width": 12, "Index Cond": "(movie_id = mc.movie_id)", "Filter": "((note)::text = '(voice: English version)'::text)"}]}, {"Node Type": "Index Scan", "Parent Relationship": "Inner", "Scan Direction": "Forward", "Index Name": "person_id_aka_name", "Relation Name": "aka_name", "Alias": "an", "Startup Cost": 0.0, "Total Cost": 0.84, "Plan Rows": 1, "Plan Width": 20, "Index Cond": "(person_id = ci.person_id)"}]}, {"Node Type": "Index Scan", "Parent Relationship": "Inner", "Scan Direction": "Forward", "Index Name": "name_pkey", "Relation Name": "name", "Alias": "n", "Startup Cost": 0.0, "Total Cost": 0.57, "Plan Rows": 1, "Plan Width": 4, "Index Cond": "(id = an.person_id)", "Filter": "(((name)::text ~~ '%Yo%'::text) AND ((name)::text !~~ '%Yu%'::text))"}]}, {"Node Type": "Index Scan", "Parent Relationship": "Inner", "Scan Direction": "Forward", "Index Name": "role_type_pkey", "Relation Name": "role_type", "Alias": "rt", "Startup Cost": 0.0, "Total Cost": 0.27, "Plan Rows": 1, "Plan Width": 4, "Index Cond": "(id = ci.role_id)", "Filter": "((role)::text = 'actress'::text)"}]}]}, "Unique SQL Id": 3956435728, "Planner Runtime": 16}, "explain_analyze_plan": null}, "(16, '110')": {"explain_plan": {"Plan": {"Node Type": "Aggregate", "Strategy": "Plain", "Startup Cost": 147016.93, "Total Cost": 147016.94, "Plan Rows": 1, "Plan Width": 97, "Plans": [{"Node Type": "Hash Join", "Parent Relationship": "Outer", "Join Type": "Inner", "Startup Cost": 111661.04, "Total Cost": 147016.93, "Plan Rows": 1, "Plan Width": 33, "Inner Unique": true, "Hash Cond": "(ci.role_id = rt.id)", "Plans": [{"Node Type": "Hash Join", "Parent Relationship": "Outer", "Join Type": "Inner", "Startup Cost": 111659.88, "Total Cost": 147015.75, "Plan Rows": 1, "Plan Width": 37, "Inner Unique": true, "Hash Cond": "(mc.company_id = cn.id)", "Plans": [{"Node Type": "Hash Join", "Parent Relationship": "Outer", "Join Type": "Inner", "Startup Cost": 105677.81, "Total Cost": 141033.66, "Plan Rows": 1, "Plan Width": 41, "Inner Unique": true, "Hash Cond": "(ci.movie_id = t.id)", "Plans": [{"Node Type": "Streaming(type: LOCAL GATHER dop: 1/16)", "Parent Relationship": "Outer", "Startup Cost": 100593.41, "Total Cost": 135946.84, "Plan Rows": 643, "Plan Width": 32, "Plans": [{"Node Type": "Hash Join", "Parent Relationship": "Outer", "Join Type": "Inner", "Startup Cost": 100593.41, "Total Cost": 135932.96, "Plan Rows": 643, "Plan Width": 32, "Inner Unique": false, "Hash Cond": "(n.id = an.person_id)", "Plans": [{"Node Type": "Streaming(type: BROADCAST dop: 16/1)", "Parent Relationship": "Outer", "Startup Cost": 83644.96, "Total Cost": 118972.95, "Plan Rows": 8416, "Plan Width": 24, "Plans": [{"Node Type": "Hash Join", "Parent Relationship": "Outer", "Join Type": "Inner", "Startup Cost": 83644.96, "Total Cost": 103791.31, "Plan Rows": 526, "Plan Width": 24, "Inner Unique": false, "Hash Cond": "(mc.movie_id = ci.movie_id)", "Plans": [{"Node Type": "Streaming(type: LOCAL GATHER dop: 1/16)", "Parent Relationship": "Outer", "Startup Cost": 0.0, "Total Cost": 19279.94, "Plan Rows": 1652, "Plan Width": 8, "Plans": [{"Node Type": "Seq Scan", "Parent Relationship": "Outer", "Relation Name": "movie_companies", "Alias": "mc", "Startup Cost": 0.0, "Total Cost": 19244.28, "Plan Rows": 1652, "Plan Width": 8, "Filter": "(((note)::text ~~ '%(Japan)%'::text) AND ((note)::text !~~ '%(USA)%'::text) AND (((note)::text ~~ '%(2006)%'::text) OR ((note)::text ~~ '%(2007)%'::text)))"}]}, {"Node Type": "Hash", "Parent Relationship": "Inner", "Startup Cost": 83467.16, "Total Cost": 83467.16, "Plan Rows": 14224, "Plan Width": 16, "Plans": [{"Node Type": "Hash Join", "Parent Relationship": "Outer", "Join Type": "Inner", "Startup Cost": 22592.6, "Total Cost": 83467.16, "Plan Rows": 14224, "Plan Width": 16, "Inner Unique": true, "Hash Cond": "(ci.person_id = n.id)", "Plans": [{"Node Type": "Streaming(type: LOCAL GATHER dop: 1/16)", "Parent Relationship": "Outer", "Startup Cost": 0.0, "Total Cost": 60369.73, "Plan Rows": 96692, "Plan Width": 12, "Plans": [{"Node Type": "Seq Scan", "Parent Relationship": "Outer", "Relation Name": "cast_info", "Alias": "ci", "Startup Cost": 0.0, "Total Cost": 58282.92, "Plan Rows": 96692, "Plan Width": 12, "Filter": "((note)::text = '(voice: English version)'::text)"}]}, {"Node Type": "Hash", "Parent Relationship": "Inner", "Startup Cost": 22419.02, "Total Cost": 22419.02, "Plan Rows": 13886, "Plan Width": 4, "Plans": [{"Node Type": "Streaming(type: LOCAL GATHER dop: 1/16)", "Parent Relationship": "Outer", "Startup Cost": 0.0, "Total Cost": 22419.02, "Plan Rows": 13886, "Plan Width": 4, "Plans": [{"Node Type": "Seq Scan", "Parent Relationship": "Outer", "Relation Name": "name", "Alias": "n", "Startup Cost": 0.0, "Total Cost": 22119.33, "Plan Rows": 13886, "Plan Width": 4, "Filter": "(((name)::text ~~ '%Yo%'::text) AND ((name)::text !~~ '%Yu%'::text))"}]}]}]}]}]}]}, {"Node Type": "Hash", "Parent Relationship": "Inner", "Startup Cost": 16244.28, "Total Cost": 16244.28, "Plan Rows": 901342, "Plan Width": 20, "Plans": [{"Node Type": "Seq Scan", "Parent Relationship": "Outer", "Relation Name": "aka_name", "Alias": "an", "Startup Cost": 0.0, "Total Cost": 16244.28, "Plan Rows": 901342, "Plan Width": 20}]}]}]}, {"Node Type": "Hash", "Parent Relationship": "Inner", "Startup Cost": 20335.44, "Total Cost": 20335.44, "Plan Rows": 43, "Plan Width": 21, "Plans": [{"Node Type": "Streaming(type: LOCAL GATHER dop: 1/16)", "Parent Relationship": "Outer", "Startup Cost": 1069.17, "Total Cost": 20335.44, "Plan Rows": 43, "Plan Width": 21, "Plans": [{"Node Type": "Seq Scan", "Parent Relationship": "Outer", "Relation Name": "title", "Alias": "t", "Startup Cost": 1069.17, "Total Cost": 20334.51, "Plan Rows": 43, "Plan Width": 21, "Filter": "((production_year >= 2006) AND (production_year <= 2007) AND (((title)::text ~~ 'One Piece%'::text) OR ((title)::text ~~ 'Dragon Ball Z%'::text)))"}]}]}]}, {"Node Type": "Hash", "Parent Relationship": "Inner", "Startup Cost": 5903.45, "Total Cost": 5903.45, "Plan Rows": 6290, "Plan Width": 4, "Plans": [{"Node Type": "Seq Scan", "Parent Relationship": "Outer", "Relation Name": "company_name", "Alias": "cn", "Startup Cost": 0.0, "Total Cost": 5903.45, "Plan Rows": 6290, "Plan Width": 4, "Filter": "((country_code)::text = '[jp]'::text)"}]}]}, {"Node Type": "Hash", "Parent Relationship": "Inner", "Startup Cost": 1.15, "Total Cost": 1.15, "Plan Rows": 1, "Plan Width": 4, "Plans": [{"Node Type": "Seq Scan", "Parent Relationship": "Outer", "Relation Name": "role_type", "Alias": "rt", "Startup Cost": 0.0, "Total Cost": 1.15, "Plan Rows": 1, "Plan Width": 4, "Filter": "((role)::text = 'actress'::text)"}]}]}]}, "Unique SQL Id": 3956435728, "Planner Runtime": 164}, "explain_analyze_plan": null}, "(16, '111')": {"explain_plan": {"Plan": {"Node Type": "Aggregate", "Strategy": "Plain", "Startup Cost": 7000171737302.84, "Total Cost": 7000171737302.85, "Plan Rows": 1, "Plan Width": 97, "Plans": [{"Node Type": "Hash Join", "Parent Relationship": "Outer", "Join Type": "Inner", "Startup Cost": 3040028518105.1, "Total Cost": 7000171737302.83, "Plan Rows": 1, "Plan Width": 33, "Inner Unique": true, "Hash Cond": "(ci.role_id = rt.id)", "Plans": [{"Node Type": "Nested Loop", "Parent Relationship": "Outer", "Join Type": "Inner", "Startup Cost": 2040028516859.08, "Total Cost": 6000171736056.81, "Plan Rows": 1, "Plan Width": 37, "Inner Unique": true, "Plans": [{"Node Type": "Nested Loop", "Parent Relationship": "Outer", "Join Type": "Inner", "Startup Cost": 2030028516859.08, "Total Cost": 5000171735999.58, "Plan Rows": 1, "Plan Width": 45, "Inner Unique": true, "Plans": [{"Node Type": "Nested Loop", "Parent Relationship": "Outer", "Join Type": "Inner", "Startup Cost": 2020028516859.08, "Total Cost": 4000171735562.15, "Plan Rows": 1, "Plan Width": 49, "Inner Unique": false, "Plans": [{"Node Type": "Hash Join", "Parent Relationship": "Outer", "Join Type": "Inner", "Startup Cost": 2010028516859.08, "Total Cost": 3000171735477.76, "Plan Rows": 1, "Plan Width": 29, "Inner Unique": false, "Hash Cond": "(ci.movie_id = mc.movie_id)", "Plans": [{"Node Type": "Hash Join", "Parent Relationship": "Outer", "Join Type": "Inner", "Startup Cost": 1010013540360.45, "Total Cost": 2000156758968.1, "Plan Rows": 43, "Plan Width": 33, "Inner Unique": true, "Hash Cond": "(ci.movie_id = t.id)", "Plans": [{"Node Type": "Index Scan", "Parent Relationship": "Outer", "Scan Direction": "Forward", "Index Name": "role_id_cast_info", "Relation Name": "cast_info", "Alias": "ci", "Startup Cost": 10000000000.0, "Total Cost": 1000143218339.5, "Plan Rows": 96692, "Plan Width": 12, "Filter": "((note)::text = '(voice: English version)'::text)"}, {"Node Type": "Hash", "Parent Relationship": "Inner", "Startup Cost": 1000013540359.91, "Total Cost": 1000013540359.91, "Plan Rows": 43, "Plan Width": 21, "Plans": [{"Node Type": "Index Scan", "Parent Relationship": "Outer", "Scan Direction": "Forward", "Index Name": "title_pkey", "Relation Name": "title", "Alias": "t", "Startup Cost": 10000000000.0, "Total Cost": 1000013540359.91, "Plan Rows": 43, "Plan Width": 21, "Filter": "((production_year >= 2006) AND (production_year <= 2007) AND (((title)::text ~~ 'One Piece%'::text) OR ((title)::text ~~ 'Dragon Ball Z%'::text)))"}]}]}, {"Node Type": "Hash", "Parent Relationship": "Inner", "Startup Cost": 1000014976477.98, "Total Cost": 1000014976477.98, "Plan Rows": 1652, "Plan Width": 8, "Plans": [{"Node Type": "Index Scan", "Parent Relationship": "Outer", "Scan Direction": "Forward", "Index Name": "company_id_movie_companies", "Relation Name": "movie_companies", "Alias": "mc", "Startup Cost": 10000000000.0, "Total Cost": 1000014976477.98, "Plan Rows": 1652, "Plan Width": 8, "Filter": "(((note)::text ~~ '%(Japan)%'::text) AND ((note)::text !~~ '%(USA)%'::text) AND (((note)::text ~~ '%(2006)%'::text) OR ((note)::text ~~ '%(2007)%'::text)))"}]}]}, {"Node Type": "Index Scan", "Parent Relationship": "Inner", "Scan Direction": "Forward", "Index Name": "person_id_aka_name", "Relation Name": "aka_name", "Alias": "an", "Startup Cost": 10000000000.0, "Total Cost": 1000000000084.38, "Plan Rows": 1, "Plan Width": 20, "Index Cond": "(person_id = ci.person_id)"}]}, {"Node Type": "Index Scan", "Parent Relationship": "Inner", "Scan Direction": "Forward", "Index Name": "company_name_pkey", "Relation Name": "company_name", "Alias": "cn", "Startup Cost": 10000000000.0, "Total Cost": 1000000000437.42, "Plan Rows": 1, "Plan Width": 4, "Index Cond": "(id = mc.company_id)", "Filter": "((country_code)::text = '[jp]'::text)"}]}, {"Node Type": "Index Scan", "Parent Relationship": "Inner", "Scan Direction": "Forward", "Index Name": "name_pkey", "Relation Name": "name", "Alias": "n", "Startup Cost": 10000000000.0, "Total Cost": 1000000000057.22, "Plan Rows": 1, "Plan Width": 4, "Index Cond": "(id = an.person_id)", "Filter": "(((name)::text ~~ '%Yo%'::text) AND ((name)::text !~~ '%Yu%'::text))"}]}, {"Node Type": "Hash", "Parent Relationship": "Inner", "Startup Cost": 1000000001246.0, "Total Cost": 1000000001246.0, "Plan Rows": 1, "Plan Width": 4, "Plans": [{"Node Type": "Index Scan", "Parent Relationship": "Outer", "Scan Direction": "Forward", "Index Name": "role_type_pkey", "Relation Name": "role_type", "Alias": "rt", "Startup Cost": 10000000000.0, "Total Cost": 1000000001246.0, "Plan Rows": 1, "Plan Width": 4, "Filter": "((role)::text = 'actress'::text)"}]}]}]}, "Unique SQL Id": 3956435728, "Planner Runtime": 56}, "explain_analyze_plan": null}, "(16, '112')": {"explain_plan": {"Plan": {"Node Type": "Aggregate", "Strategy": "Plain", "Startup Cost": 20891.31, "Total Cost": 20891.32, "Plan Rows": 1, "Plan Width": 97, "Plans": [{"Node Type": "Nested Loop", "Parent Relationship": "Outer", "Join Type": "Inner", "Startup Cost": 1069.17, "Total Cost": 20891.3, "Plan Rows": 1, "Plan Width": 33, "Inner Unique": true, "Plans": [{"Node Type": "Nested Loop", "Parent Relationship": "Outer", "Join Type": "Inner", "Startup Cost": 1069.17, "Total Cost": 20891.02, "Plan Rows": 1, "Plan Width": 37, "Inner Unique": true, "Plans": [{"Node Type": "Nested Loop", "Parent Relationship": "Outer", "Join Type": "Inner", "Startup Cost": 1069.17, "Total Cost": 20890.44, "Plan Rows": 1, "Plan Width": 45, "Inner Unique": true, "Plans": [{"Node Type": "Nested Loop", "Parent Relationship": "Outer", "Join Type": "Inner", "Startup Cost": 1069.17, "Total Cost": 20886.05, "Plan Rows": 1, "Plan Width": 49, "Inner Unique": false, "Plans": [{"Node Type": "Nested Loop", "Parent Relationship": "Outer", "Join Type": "Inner", "Startup Cost": 1069.17, "Total Cost": 20885.2, "Plan Rows": 1, "Plan Width": 29, "Inner Unique": false, "Join Filter": "(t.id = ci.movie_id)", "Plans": [{"Node Type": "Nested Loop", "Parent Relationship": "Outer", "Join Type": "Inner", "Startup Cost": 1069.17, "Total Cost": 20829.42, "Plan Rows": 2, "Plan Width": 29, "Inner Unique": false, "Plans": [{"Node Type": "Streaming(type: LOCAL GATHER dop: 1/16)", "Parent Relationship": "Outer", "Startup Cost": 1069.17, "Total Cost": 20335.44, "Plan Rows": 43, "Plan Width": 21, "Plans": [{"Node Type": "Seq Scan", "Parent Relationship": "Outer", "Relation Name": "title", "Alias": "t", "Startup Cost": 1069.17, "Total Cost": 20334.51, "Plan Rows": 43, "Plan Width": 21, "Filter": "((production_year >= 2006) AND (production_year <= 2007) AND (((title)::text ~~ 'One Piece%'::text) OR ((title)::text ~~ 'Dragon Ball Z%'::text)))"}]}, {"Node Type": "Index Scan", "Parent Relationship": "Inner", "Scan Direction": "Forward", "Index Name": "movie_id_movie_companies", "Relation Name": "movie_companies", "Alias": "mc", "Startup Cost": 0.0, "Total Cost": 11.48, "Plan Rows": 1, "Plan Width": 8, "Index Cond": "(movie_id = t.id)", "Filter": "(((note)::text ~~ '%(Japan)%'::text) AND ((note)::text !~~ '%(USA)%'::text) AND (((note)::text ~~ '%(2006)%'::text) OR ((note)::text ~~ '%(2007)%'::text)))"}]}, {"Node Type": "Index Scan", "Parent Relationship": "Inner", "Scan Direction": "Forward", "Index Name": "movie_id_cast_info", "Relation Name": "cast_info", "Alias": "ci", "Startup Cost": 0.0, "Total Cost": 27.88, "Plan Rows": 1, "Plan Width": 12, "Index Cond": "(movie_id = mc.movie_id)", "Filter": "((note)::text = '(voice: English version)'::text)"}]}, {"Node Type": "Index Scan", "Parent Relationship": "Inner", "Scan Direction": "Forward", "Index Name": "person_id_aka_name", "Relation Name": "aka_name", "Alias": "an", "Startup Cost": 0.0, "Total Cost": 0.84, "Plan Rows": 1, "Plan Width": 20, "Index Cond": "(person_id = ci.person_id)"}]}, {"Node Type": "Index Scan", "Parent Relationship": "Inner", "Scan Direction": "Forward", "Index Name": "company_name_pkey", "Relation Name": "company_name", "Alias": "cn", "Startup Cost": 0.0, "Total Cost": 4.37, "Plan Rows": 1, "Plan Width": 4, "Index Cond": "(id = mc.company_id)", "Filter": "((country_code)::text = '[jp]'::text)"}]}, {"Node Type": "Index Scan", "Parent Relationship": "Inner", "Scan Direction": "Forward", "Index Name": "name_pkey", "Relation Name": "name", "Alias": "n", "Startup Cost": 0.0, "Total Cost": 0.57, "Plan Rows": 1, "Plan Width": 4, "Index Cond": "(id = an.person_id)", "Filter": "(((name)::text ~~ '%Yo%'::text) AND ((name)::text !~~ '%Yu%'::text))"}]}, {"Node Type": "Index Scan", "Parent Relationship": "Inner", "Scan Direction": "Forward", "Index Name": "role_type_pkey", "Relation Name": "role_type", "Alias": "rt", "Startup Cost": 0.0, "Total Cost": 0.27, "Plan Rows": 1, "Plan Width": 4, "Index Cond": "(id = ci.role_id)", "Filter": "((role)::text = 'actress'::text)"}]}]}, "Unique SQL Id": 3956435728, "Planner Runtime": 11}, "explain_analyze_plan": {"Plan": {"Node Type": "Aggregate", "Strategy": "Plain", "Startup Cost": 20891.31, "Total Cost": 20891.32, "Plan Rows": 1, "Plan Width": 97, "Actual Min Startup Time": 82.24, "Actual Max Startup Time": 82.24, "Actual Min Total Time": 82.24, "Actual Max Total Time": 82.24, "Plans": [{"Node Type": "Nested Loop", "Parent Relationship": "Outer", "Join Type": "Inner", "Startup Cost": 1069.17, "Total Cost": 20891.3, "Plan Rows": 1, "Plan Width": 33, "Actual Min Startup Time": 79.771, "Actual Max Startup Time": 79.771, "Actual Min Total Time": 82.203, "Actual Max Total Time": 82.203, "Inner Unique": true, "Plans": [{"Node Type": "Nested Loop", "Parent Relationship": "Outer", "Join Type": "Inner", "Startup Cost": 1069.17, "Total Cost": 20891.02, "Plan Rows": 1, "Plan Width": 37, "Actual Min Startup Time": 79.76, "Actual Max Startup Time": 79.76, "Actual Min Total Time": 82.178, "Actual Max Total Time": 82.178, "Inner Unique": true, "Plans": [{"Node Type": "Nested Loop", "Parent Relationship": "Outer", "Join Type": "Inner", "Startup Cost": 1069.17, "Total Cost": 20890.44, "Plan Rows": 1, "Plan Width": 45, "Actual Min Startup Time": 78.621, "Actual Max Startup Time": 78.621, "Actual Min Total Time": 81.338, "Actual Max Total Time": 81.338, "Inner Unique": true, "Plans": [{"Node Type": "Nested Loop", "Parent Relationship": "Outer", "Join Type": "Inner", "Startup Cost": 1069.17, "Total Cost": 20886.05, "Plan Rows": 1, "Plan Width": 49, "Actual Min Startup Time": 78.603, "Actual Max Startup Time": 78.603, "Actual Min Total Time": 80.695, "Actual Max Total Time": 80.695, "Inner Unique": false, "Plans": [{"Node Type": "Nested Loop", "Parent Relationship": "Outer", "Join Type": "Inner", "Startup Cost": 1069.17, "Total Cost": 20885.2, "Plan Rows": 1, "Plan Width": 29, "Actual Min Startup Time": 78.587, "Actual Max Startup Time": 78.587, "Actual Min Total Time": 79.943, "Actual Max Total Time": 79.943, "Inner Unique": false, "Join Filter": "(t.id = ci.movie_id)", "Rows Removed by Join Filter": 0, "Plans": [{"Node Type": "Nested Loop", "Parent Relationship": "Outer", "Join Type": "Inner", "Startup Cost": 1069.17, "Total Cost": 20829.42, "Plan Rows": 2, "Plan Width": 29, "Actual Min Startup Time": 78.48, "Actual Max Startup Time": 78.48, "Actual Min Total Time": 79.571, "Actual Max Total Time": 79.571, "Inner Unique": false, "Plans": [{"Node Type": "Streaming(type: LOCAL GATHER dop: 1/16)", "Parent Relationship": "Outer", "Startup Cost": 1069.17, "Total Cost": 20335.44, "Plan Rows": 43, "Plan Width": 21, "Actual Min Startup Time": 78.374, "Actual Max Startup Time": 78.374, "Actual Min Total Time": 79.397, "Actual Max Total Time": 79.397, "Plans": [{"Node Type": "Seq Scan", "Parent Relationship": "Outer", "Relation Name": "title", "Alias": "t", "Startup Cost": 1069.17, "Total Cost": 20334.51, "Plan Rows": 43, "Plan Width": 21, "Actual Min Startup Time": 48.113, "Actual Max Startup Time": 65.731, "Actual Min Total Time": 62.348, "Actual Max Total Time": 65.731, "Filter": "((production_year >= 2006) AND (production_year <= 2007) AND (((title)::text ~~ 'One Piece%'::text) OR ((title)::text ~~ 'Dragon Ball Z%'::text)))", "Rows Removed by Filter": 2528304, "Actual Rows": 7}], "Actual Rows": 7}, {"Node Type": "Index Scan", "Parent Relationship": "Inner", "Scan Direction": "Forward", "Index Name": "movie_id_movie_companies", "Relation Name": "movie_companies", "Alias": "mc", "Startup Cost": 0.0, "Total Cost": 11.48, "Plan Rows": 1, "Plan Width": 8, "Actual Min Startup Time": 0.139, "Actual Max Startup Time": 0.139, "Actual Min Total Time": 0.148, "Actual Max Total Time": 0.148, "Index Cond": "(movie_id = t.id)", "Rows Removed by Index Recheck": 0, "Filter": "(((note)::text ~~ '%(Japan)%'::text) AND ((note)::text !~~ '%(USA)%'::text) AND (((note)::text ~~ '%(2006)%'::text) OR ((note)::text ~~ '%(2007)%'::text)))", "Rows Removed by Filter": 13, "Actual Rows": 4}], "Actual Rows": 4}, {"Node Type": "Index Scan", "Parent Relationship": "Inner", "Scan Direction": "Forward", "Index Name": "movie_id_cast_info", "Relation Name": "cast_info", "Alias": "ci", "Startup Cost": 0.0, "Total Cost": 27.88, "Plan Rows": 1, "Plan Width": 12, "Actual Min Startup Time": 0.106, "Actual Max Startup Time": 0.106, "Actual Min Total Time": 0.331, "Actual Max Total Time": 0.331, "Index Cond": "(movie_id = mc.movie_id)", "Rows Removed by Index Recheck": 0, "Filter": "((note)::text = '(voice: English version)'::text)", "Rows Removed by Filter": 68, "Actual Rows": 104}], "Actual Rows": 104}, {"Node Type": "Index Scan", "Parent Relationship": "Inner", "Scan Direction": "Forward", "Index Name": "person_id_aka_name", "Relation Name": "aka_name", "Alias": "an", "Startup Cost": 0.0, "Total Cost": 0.84, "Plan Rows": 1, "Plan Width": 20, "Actual Min Startup Time": 0.52, "Actual Max Startup Time": 0.52, "Actual Min Total Time": 0.636, "Actual Max Total Time": 0.636, "Index Cond": "(person_id = ci.person_id)", "Rows Removed by Index Recheck": 0, "Actual Rows": 171}], "Actual Rows": 171}, {"Node Type": "Index Scan", "Parent Relationship": "Inner", "Scan Direction": "Forward", "Index Name": "company_name_pkey", "Relation Name": "company_name", "Alias": "cn", "Startup Cost": 0.0, "Total Cost": 4.37, "Plan Rows": 1, "Plan Width": 4, "Actual Min Startup Time": 0.51, "Actual Max Startup Time": 0.51, "Actual Min Total Time": 0.51, "Actual Max Total Time": 0.51, "Index Cond": "(id = mc.company_id)", "Rows Removed by Index Recheck": 0, "Filter": "((country_code)::text = '[jp]'::text)", "Rows Removed by Filter": 0, "Actual Rows": 171}], "Actual Rows": 171}, {"Node Type": "Index Scan", "Parent Relationship": "Inner", "Scan Direction": "Forward", "Index Name": "name_pkey", "Relation Name": "name", "Alias": "n", "Startup Cost": 0.0, "Total Cost": 0.57, "Plan Rows": 1, "Plan Width": 4, "Actual Min Startup Time": 0.745, "Actual Max Startup Time": 0.745, "Actual Min Total Time": 0.745, "Actual Max Total Time": 0.745, "Index Cond": "(id = an.person_id)", "Rows Removed by Index Recheck": 0, "Filter": "(((name)::text ~~ '%Yo%'::text) AND ((name)::text !~~ '%Yu%'::text))", "Rows Removed by Filter": 165, "Actual Rows": 6}], "Actual Rows": 6}, {"Node Type": "Index Scan", "Parent Relationship": "Inner", "Scan Direction": "Forward", "Index Name": "role_type_pkey", "Relation Name": "role_type", "Alias": "rt", "Startup Cost": 0.0, "Total Cost": 0.27, "Plan Rows": 1, "Plan Width": 4, "Actual Min Startup Time": 0.018, "Actual Max Startup Time": 0.018, "Actual Min Total Time": 0.018, "Actual Max Total Time": 0.018, "Index Cond": "(id = ci.role_id)", "Rows Removed by Index Recheck": 0, "Filter": "((role)::text = 'actress'::text)", "Rows Removed by Filter": 0, "Actual Rows": 6}], "Actual Rows": 6}], "Actual Rows": 1}, "Triggers": [], "Planner Runtime": 30.568, "Total Runtime": 84.938, "Unique SQL Id": 3956435728}}, "(16, '113')": {"explain_plan": {"Plan": {"Node Type": "Aggregate", "Strategy": "Plain", "Startup Cost": 82294.12, "Total Cost": 82294.13, "Plan Rows": 1, "Plan Width": 97, "Plans": [{"Node Type": "Nested Loop", "Parent Relationship": "Outer", "Join Type": "Inner", "Startup Cost": 2780.8, "Total Cost": 82294.12, "Plan Rows": 1, "Plan Width": 33, "Inner Unique": true, "Plans": [{"Node Type": "Nested Loop", "Parent Relationship": "Outer", "Join Type": "Inner", "Startup Cost": 2780.8, "Total Cost": 82293.84, "Plan Rows": 1, "Plan Width": 37, "Inner Unique": true, "Plans": [{"Node Type": "Nested Loop", "Parent Relationship": "Outer", "Join Type": "Inner", "Startup Cost": 2780.8, "Total Cost": 82293.26, "Plan Rows": 1, "Plan Width": 45, "Inner Unique": false, "Plans": [{"Node Type": "Nested Loop", "Parent Relationship": "Outer", "Join Type": "Inner", "Startup Cost": 2780.8, "Total Cost": 82292.4, "Plan Rows": 1, "Plan Width": 25, "Inner Unique": false, "Join Filter": "(t.id = ci.movie_id)", "Plans": [{"Node Type": "Nested Loop", "Parent Relationship": "Outer", "Join Type": "Inner", "Startup Cost": 2780.8, "Total Cost": 82236.62, "Plan Rows": 2, "Plan Width": 25, "Inner Unique": true, "Plans": [{"Node Type": "Nested Loop", "Parent Relationship": "Outer", "Join Type": "Inner", "Startup Cost": 2780.8, "Total Cost": 80174.39, "Plan Rows": 262, "Plan Width": 4, "Inner Unique": false, "Plans": [{"Node Type": "Bitmap Heap Scan", "Parent Relationship": "Outer", "Relation Name": "company_name", "Alias": "cn", "Startup Cost": 2780.8, "Total Cost": 8684.25, "Plan Rows": 6290, "Plan Width": 4, "Filter": "((country_code)::text = '[jp]'::text)", "Plans": [{"Node Type": "Bitmap Index Scan", "Parent Relationship": "Outer", "Index Name": "company_name_pkey", "Startup Cost": 0.0, "Total Cost": 2779.23, "Plan Rows": 234996, "Plan Width": 0}]}, {"Node Type": "Index Scan", "Parent Relationship": "Inner", "Scan Direction": "Forward", "Index Name": "company_id_movie_companies", "Relation Name": "movie_companies", "Alias": "mc", "Startup Cost": 0.0, "Total Cost": 11.36, "Plan Rows": 1, "Plan Width": 8, "Index Cond": "(company_id = cn.id)", "Filter": "(((note)::text ~~ '%(Japan)%'::text) AND ((note)::text !~~ '%(USA)%'::text) AND (((note)::text ~~ '%(2006)%'::text) OR ((note)::text ~~ '%(2007)%'::text)))"}]}, {"Node Type": "Index Scan", "Parent Relationship": "Inner", "Scan Direction": "Forward", "Index Name": "title_pkey", "Relation Name": "title", "Alias": "t", "Startup Cost": 0.0, "Total Cost": 7.86, "Plan Rows": 1, "Plan Width": 21, "Index Cond": "(id = mc.movie_id)", "Filter": "((production_year >= 2006) AND (production_year <= 2007) AND (((title)::text ~~ 'One Piece%'::text) OR ((title)::text ~~ 'Dragon Ball Z%'::text)))"}]}, {"Node Type": "Index Scan", "Parent Relationship": "Inner", "Scan Direction": "Forward", "Index Name": "movie_id_cast_info", "Relation Name": "cast_info", "Alias": "ci", "Startup Cost": 0.0, "Total Cost": 27.88, "Plan Rows": 1, "Plan Width": 12, "Index Cond": "(movie_id = mc.movie_id)", "Filter": "((note)::text = '(voice: English version)'::text)"}]}, {"Node Type": "Index Scan", "Parent Relationship": "Inner", "Scan Direction": "Forward", "Index Name": "person_id_aka_name", "Relation Name": "aka_name", "Alias": "an", "Startup Cost": 0.0, "Total Cost": 0.84, "Plan Rows": 1, "Plan Width": 20, "Index Cond": "(person_id = ci.person_id)"}]}, {"Node Type": "Index Scan", "Parent Relationship": "Inner", "Scan Direction": "Forward", "Index Name": "name_pkey", "Relation Name": "name", "Alias": "n", "Startup Cost": 0.0, "Total Cost": 0.57, "Plan Rows": 1, "Plan Width": 4, "Index Cond": "(id = an.person_id)", "Filter": "(((name)::text ~~ '%Yo%'::text) AND ((name)::text !~~ '%Yu%'::text))"}]}, {"Node Type": "Index Scan", "Parent Relationship": "Inner", "Scan Direction": "Forward", "Index Name": "role_type_pkey", "Relation Name": "role_type", "Alias": "rt", "Startup Cost": 0.0, "Total Cost": 0.27, "Plan Rows": 1, "Plan Width": 4, "Index Cond": "(id = ci.role_id)", "Filter": "((role)::text = 'actress'::text)"}]}]}, "Unique SQL Id": 3956435728, "Planner Runtime": 10}, "explain_analyze_plan": null}, "(16, '114')": {"explain_plan": {"Plan": {"Node Type": "Aggregate", "Strategy": "Plain", "Startup Cost": 20934.05, "Total Cost": 20934.06, "Plan Rows": 1, "Plan Width": 97, "Plans": [{"Node Type": "Nested Loop", "Parent Relationship": "Outer", "Join Type": "Inner", "Startup Cost": 1079.65, "Total Cost": 20934.05, "Plan Rows": 1, "Plan Width": 33, "Inner Unique": true, "Join Filter": "(ci.role_id = rt.id)", "Plans": [{"Node Type": "Nested Loop", "Parent Relationship": "Outer", "Join Type": "Inner", "Startup Cost": 1079.65, "Total Cost": 20932.89, "Plan Rows": 1, "Plan Width": 37, "Inner Unique": true, "Plans": [{"Node Type": "Nested Loop", "Parent Relationship": "Outer", "Join Type": "Inner", "Startup Cost": 1079.32, "Total Cost": 20928.53, "Plan Rows": 1, "Plan Width": 45, "Inner Unique": true, "Plans": [{"Node Type": "Nested Loop", "Parent Relationship": "Outer", "Join Type": "Inner", "Startup Cost": 1078.09, "Total Cost": 20923.28, "Plan Rows": 1, "Plan Width": 49, "Inner Unique": false, "Plans": [{"Node Type": "Nested Loop", "Parent Relationship": "Outer", "Join Type": "Inner", "Startup Cost": 1077.71, "Total Cost": 20918.87, "Plan Rows": 1, "Plan Width": 29, "Inner Unique": false, "Join Filter": "(t.id = ci.movie_id)", "Plans": [{"Node Type": "Nested Loop", "Parent Relationship": "Outer", "Join Type": "Inner", "Startup Cost": 1073.44, "Total Cost": 20862.3, "Plan Rows": 2, "Plan Width": 29, "Inner Unique": false, "Plans": [{"Node Type": "Streaming(type: LOCAL GATHER dop: 1/16)", "Parent Relationship": "Outer", "Startup Cost": 1069.17, "Total Cost": 20335.44, "Plan Rows": 43, "Plan Width": 21, "Plans": [{"Node Type": "Seq Scan", "Parent Relationship": "Outer", "Relation Name": "title", "Alias": "t", "Startup Cost": 1069.17, "Total Cost": 20334.51, "Plan Rows": 43, "Plan Width": 21, "Filter": "((production_year >= 2006) AND (production_year <= 2007) AND (((title)::text ~~ 'One Piece%'::text) OR ((title)::text ~~ 'Dragon Ball Z%'::text)))"}]}, {"Node Type": "Bitmap Heap Scan", "Parent Relationship": "Inner", "Relation Name": "movie_companies", "Alias": "mc", "Startup Cost": 4.27, "Total Cost": 12.24, "Plan Rows": 1, "Plan Width": 8, "Recheck Cond": "(movie_id = t.id)", "Filter": "(((note)::text ~~ '%(Japan)%'::text) AND ((note)::text !~~ '%(USA)%'::text) AND (((note)::text ~~ '%(2006)%'::text) OR ((note)::text ~~ '%(2007)%'::text)))", "Plans": [{"Node Type": "Bitmap Index Scan", "Parent Relationship": "Outer", "Index Name": "movie_id_movie_companies", "Startup Cost": 0.0, "Total Cost": 4.26, "Plan Rows": 2, "Plan Width": 0, "Index Cond": "(movie_id = t.id)"}]}]}, {"Node Type": "Bitmap Heap Scan", "Parent Relationship": "Inner", "Relation Name": "cast_info", "Alias": "ci", "Startup Cost": 4.27, "Total Cost": 28.27, "Plan Rows": 1, "Plan Width": 12, "Recheck Cond": "(movie_id = mc.movie_id)", "Filter": "((note)::text = '(voice: English version)'::text)", "Plans": [{"Node Type": "Bitmap Index Scan", "Parent Relationship": "Outer", "Index Name": "movie_id_cast_info", "Startup Cost": 0.0, "Total Cost": 4.27, "Plan Rows": 6, "Plan Width": 0, "Index Cond": "(movie_id = mc.movie_id)"}]}]}, {"Node Type": "Bitmap Heap Scan", "Parent Relationship": "Inner", "Relation Name": "aka_name", "Alias": "an", "Startup Cost": 0.38, "Total Cost": 4.39, "Plan Rows": 1, "Plan Width": 20, "Recheck Cond": "(person_id = ci.person_id)", "Plans": [{"Node Type": "Bitmap Index Scan", "Parent Relationship": "Outer", "Index Name": "person_id_aka_name", "Startup Cost": 0.0, "Total Cost": 0.38, "Plan Rows": 1, "Plan Width": 0, "Index Cond": "(person_id = ci.person_id)"}]}]}, {"Node Type": "Bitmap Heap Scan", "Parent Relationship": "Inner", "Relation Name": "company_name", "Alias": "cn", "Startup Cost": 1.23, "Total Cost": 5.24, "Plan Rows": 1, "Plan Width": 4, "Recheck Cond": "(id = mc.company_id)", "Filter": "((country_code)::text = '[jp]'::text)", "Plans": [{"Node Type": "Bitmap Index Scan", "Parent Relationship": "Outer", "Index Name": "company_name_pkey", "Startup Cost": 0.0, "Total Cost": 1.23, "Plan Rows": 1, "Plan Width": 0, "Index Cond": "(id = mc.company_id)"}]}]}, {"Node Type": "Bitmap Heap Scan", "Parent Relationship": "Inner", "Relation Name": "name", "Alias": "n", "Startup Cost": 0.33, "Total Cost": 4.34, "Plan Rows": 1, "Plan Width": 4, "Recheck Cond": "(id = an.person_id)", "Filter": "(((name)::text ~~ '%Yo%'::text) AND ((name)::text !~~ '%Yu%'::text))", "Plans": [{"Node Type": "Bitmap Index Scan", "Parent Relationship": "Outer", "Index Name": "name_pkey", "Startup Cost": 0.0, "Total Cost": 0.33, "Plan Rows": 1, "Plan Width": 0, "Index Cond": "(id = an.person_id)"}]}]}, {"Node Type": "Seq Scan", "Parent Relationship": "Inner", "Relation Name": "role_type", "Alias": "rt", "Startup Cost": 0.0, "Total Cost": 1.15, "Plan Rows": 1, "Plan Width": 4, "Filter": "((role)::text = 'actress'::text)"}]}]}, "Unique SQL Id": 3956435728, "Planner Runtime": 20}, "explain_analyze_plan": {"Plan": {"Node Type": "Aggregate", "Strategy": "Plain", "Startup Cost": 20934.05, "Total Cost": 20934.06, "Plan Rows": 1, "Plan Width": 97, "Actual Min Startup Time": 84.297, "Actual Max Startup Time": 84.297, "Actual Min Total Time": 84.298, "Actual Max Total Time": 84.298, "Plans": [{"Node Type": "Nested Loop", "Parent Relationship": "Outer", "Join Type": "Inner", "Startup Cost": 1079.65, "Total Cost": 20934.05, "Plan Rows": 1, "Plan Width": 33, "Actual Min Startup Time": 81.444, "Actual Max Startup Time": 81.444, "Actual Min Total Time": 84.256, "Actual Max Total Time": 84.256, "Inner Unique": true, "Join Filter": "(ci.role_id = rt.id)", "Rows Removed by Join Filter": 0, "Plans": [{"Node Type": "Nested Loop", "Parent Relationship": "Outer", "Join Type": "Inner", "Startup Cost": 1079.65, "Total Cost": 20932.89, "Plan Rows": 1, "Plan Width": 37, "Actual Min Startup Time": 81.407, "Actual Max Startup Time": 81.407, "Actual Min Total Time": 84.189, "Actual Max Total Time": 84.189, "Inner Unique": true, "Plans": [{"Node Type": "Nested Loop", "Parent Relationship": "Outer", "Join Type": "Inner", "Startup Cost": 1079.32, "Total Cost": 20928.53, "Plan Rows": 1, "Plan Width": 45, "Actual Min Startup Time": 79.94, "Actual Max Startup Time": 79.94, "Actual Min Total Time": 83.048, "Actual Max Total Time": 83.048, "Inner Unique": true, "Plans": [{"Node Type": "Nested Loop", "Parent Relationship": "Outer", "Join Type": "Inner", "Startup Cost": 1078.09, "Total Cost": 20923.28, "Plan Rows": 1, "Plan Width": 49, "Actual Min Startup Time": 79.918, "Actual Max Startup Time": 79.918, "Actual Min Total Time": 82.123, "Actual Max Total Time": 82.123, "Inner Unique": false, "Plans": [{"Node Type": "Nested Loop", "Parent Relationship": "Outer", "Join Type": "Inner", "Startup Cost": 1077.71, "Total Cost": 20918.87, "Plan Rows": 1, "Plan Width": 29, "Actual Min Startup Time": 79.893, "Actual Max Startup Time": 79.893, "Actual Min Total Time": 81.166, "Actual Max Total Time": 81.166, "Inner Unique": false, "Join Filter": "(t.id = ci.movie_id)", "Rows Removed by Join Filter": 0, "Plans": [{"Node Type": "Nested Loop", "Parent Relationship": "Outer", "Join Type": "Inner", "Startup Cost": 1073.44, "Total Cost": 20862.3, "Plan Rows": 2, "Plan Width": 29, "Actual Min Startup Time": 79.734, "Actual Max Startup Time": 79.734, "Actual Min Total Time": 80.712, "Actual Max Total Time": 80.712, "Inner Unique": false, "Plans": [{"Node Type": "Streaming(type: LOCAL GATHER dop: 1/16)", "Parent Relationship": "Outer", "Startup Cost": 1069.17, "Total Cost": 20335.44, "Plan Rows": 43, "Plan Width": 21, "Actual Min Startup Time": 79.604, "Actual Max Startup Time": 79.604, "Actual Min Total Time": 80.477, "Actual Max Total Time": 80.477, "Plans": [{"Node Type": "Seq Scan", "Parent Relationship": "Outer", "Relation Name": "title", "Alias": "t", "Startup Cost": 1069.17, "Total Cost": 20334.51, "Plan Rows": 43, "Plan Width": 21, "Actual Min Startup Time": 48.136, "Actual Max Startup Time": 65.75, "Actual Min Total Time": 62.49, "Actual Max Total Time": 65.75, "Filter": "((production_year >= 2006) AND (production_year <= 2007) AND (((title)::text ~~ 'One Piece%'::text) OR ((title)::text ~~ 'Dragon Ball Z%'::text)))", "Rows Removed by Filter": 2528304, "Actual Rows": 7}], "Actual Rows": 7}, {"Node Type": "Bitmap Heap Scan", "Parent Relationship": "Inner", "Relation Name": "movie_companies", "Alias": "mc", "Startup Cost": 4.27, "Total Cost": 12.24, "Plan Rows": 1, "Plan Width": 8, "Actual Min Startup Time": 0.18, "Actual Max Startup Time": 0.18, "Actual Min Total Time": 0.19, "Actual Max Total Time": 0.19, "Recheck Cond": "(movie_id = t.id)", "Rows Removed by Index Recheck": 0, "Filter": "(((note)::text ~~ '%(Japan)%'::text) AND ((note)::text !~~ '%(USA)%'::text) AND (((note)::text ~~ '%(2006)%'::text) OR ((note)::text ~~ '%(2007)%'::text)))", "Rows Removed by Filter": 13, "Exact Heap Blocks": 13, "Lossy Heap Blocks": 13, "Plans": [{"Node Type": "Bitmap Index Scan", "Parent Relationship": "Outer", "Index Name": "movie_id_movie_companies", "Startup Cost": 0.0, "Total Cost": 4.26, "Plan Rows": 2, "Plan Width": 0, "Actual Min Startup Time": 0.081, "Actual Max Startup Time": 0.081, "Actual Min Total Time": 0.081, "Actual Max Total Time": 0.081, "Index Cond": "(movie_id = t.id)", "Actual Rows": 17}], "Actual Rows": 4}], "Actual Rows": 4}, {"Node Type": "Bitmap Heap Scan", "Parent Relationship": "Inner", "Relation Name": "cast_info", "Alias": "ci", "Startup Cost": 4.27, "Total Cost": 28.27, "Plan Rows": 1, "Plan Width": 12, "Actual Min Startup Time": 0.163, "Actual Max Startup Time": 0.163, "Actual Min Total Time": 0.401, "Actual Max Total Time": 0.401, "Recheck Cond": "(movie_id = mc.movie_id)", "Rows Removed by Index Recheck": 0, "Filter": "((note)::text = '(voice: English version)'::text)", "Rows Removed by Filter": 68, "Exact Heap Blocks": 133, "Lossy Heap Blocks": 133, "Plans": [{"Node Type": "Bitmap Index Scan", "Parent Relationship": "Outer", "Index Name": "movie_id_cast_info", "Startup Cost": 0.0, "Total Cost": 4.27, "Plan Rows": 6, "Plan Width": 0, "Actual Min Startup Time": 0.057, "Actual Max Startup Time": 0.057, "Actual Min Total Time": 0.057, "Actual Max Total Time": 0.057, "Index Cond": "(movie_id = mc.movie_id)", "Actual Rows": 172}], "Actual Rows": 104}], "Actual Rows": 104}, {"Node Type": "Bitmap Heap Scan", "Parent Relationship": "Inner", "Relation Name": "aka_name", "Alias": "an", "Startup Cost": 0.38, "Total Cost": 4.39, "Plan Rows": 1, "Plan Width": 20, "Actual Min Startup Time": 0.699, "Actual Max Startup Time": 0.699, "Actual Min Total Time": 0.778, "Actual Max Total Time": 0.778, "Recheck Cond": "(person_id = ci.person_id)", "Rows Removed by Index Recheck": 0, "Exact Heap Blocks": 105, "Lossy Heap Blocks": 105, "Plans": [{"Node Type": "Bitmap Index Scan", "Parent Relationship": "Outer", "Index Name": "person_id_aka_name", "Startup Cost": 0.0, "Total Cost": 0.38, "Plan Rows": 1, "Plan Width": 0, "Actual Min Startup Time": 0.49, "Actual Max Startup Time": 0.49, "Actual Min Total Time": 0.49, "Actual Max Total Time": 0.49, "Index Cond": "(person_id = ci.person_id)", "Actual Rows": 171}], "Actual Rows": 171}], "Actual Rows": 171}, {"Node Type": "Bitmap Heap Scan", "Parent Relationship": "Inner", "Relation Name": "company_name", "Alias": "cn", "Startup Cost": 1.23, "Total Cost": 5.24, "Plan Rows": 1, "Plan Width": 4, "Actual Min Startup Time": 0.698, "Actual Max Startup Time": 0.698, "Actual Min Total Time": 0.698, "Actual Max Total Time": 0.698, "Recheck Cond": "(id = mc.company_id)", "Rows Removed by Index Recheck": 0, "Filter": "((country_code)::text = '[jp]'::text)", "Rows Removed by Filter": 0, "Exact Heap Blocks": 171, "Lossy Heap Blocks": 171, "Plans": [{"Node Type": "Bitmap Index Scan", "Parent Relationship": "Outer", "Index Name": "company_name_pkey", "Startup Cost": 0.0, "Total Cost": 1.23, "Plan Rows": 1, "Plan Width": 0, "Actual Min Startup Time": 0.417, "Actual Max Startup Time": 0.417, "Actual Min Total Time": 0.417, "Actual Max Total Time": 0.417, "Index Cond": "(id = mc.company_id)", "Actual Rows": 171}], "Actual Rows": 171}], "Actual Rows": 171}, {"Node Type": "Bitmap Heap Scan", "Parent Relationship": "Inner", "Relation Name": "name", "Alias": "n", "Startup Cost": 0.33, "Total Cost": 4.34, "Plan Rows": 1, "Plan Width": 4, "Actual Min Startup Time": 0.933, "Actual Max Startup Time": 0.933, "Actual Min Total Time": 0.933, "Actual Max Total Time": 0.933, "Recheck Cond": "(id = an.person_id)", "Rows Removed by Index Recheck": 0, "Filter": "(((name)::text ~~ '%Yo%'::text) AND ((name)::text !~~ '%Yu%'::text))", "Rows Removed by Filter": 165, "Exact Heap Blocks": 171, "Lossy Heap Blocks": 171, "Plans": [{"Node Type": "Bitmap Index Scan", "Parent Relationship": "Outer", "Index Name": "name_pkey", "Startup Cost": 0.0, "Total Cost": 0.33, "Plan Rows": 1, "Plan Width": 0, "Actual Min Startup Time": 0.539, "Actual Max Startup Time": 0.539, "Actual Min Total Time": 0.539, "Actual Max Total Time": 0.539, "Index Cond": "(id = an.person_id)", "Actual Rows": 171}], "Actual Rows": 6}], "Actual Rows": 6}, {"Node Type": "Seq Scan", "Parent Relationship": "Inner", "Relation Name": "role_type", "Alias": "rt", "Startup Cost": 0.0, "Total Cost": 1.15, "Plan Rows": 1, "Plan Width": 4, "Actual Min Startup Time": 0.038, "Actual Max Startup Time": 0.038, "Actual Min Total Time": 0.038, "Actual Max Total Time": 0.038, "Filter": "((role)::text = 'actress'::text)", "Rows Removed by Filter": 6, "Actual Rows": 6}], "Actual Rows": 6}], "Actual Rows": 1}, "Triggers": [], "Planner Runtime": 46.031, "Total Runtime": 87.116, "Unique SQL Id": 3956435728}}, "(16, '115')": {"explain_plan": {"Plan": {"Node Type": "Aggregate", "Strategy": "Plain", "Startup Cost": 108949.86, "Total Cost": 108949.87, "Plan Rows": 1, "Plan Width": 97, "Plans": [{"Node Type": "Nested Loop", "Parent Relationship": "Outer", "Join Type": "Inner", "Startup Cost": 2793.35, "Total Cost": 108949.85, "Plan Rows": 1, "Plan Width": 33, "Inner Unique": true, "Plans": [{"Node Type": "Nested Loop", "Parent Relationship": "Outer", "Join Type": "Inner", "Startup Cost": 2793.09, "Total Cost": 108945.57, "Plan Rows": 1, "Plan Width": 37, "Inner Unique": true, "Plans": [{"Node Type": "Nested Loop", "Parent Relationship": "Outer", "Join Type": "Inner", "Startup Cost": 2792.76, "Total Cost": 108941.22, "Plan Rows": 1, "Plan Width": 45, "Inner Unique": false, "Plans": [{"Node Type": "Nested Loop", "Parent Relationship": "Outer", "Join Type": "Inner", "Startup Cost": 2792.38, "Total Cost": 108936.81, "Plan Rows": 1, "Plan Width": 25, "Inner Unique": false, "Join Filter": "(t.id = ci.movie_id)", "Plans": [{"Node Type": "Nested Loop", "Parent Relationship": "Outer", "Join Type": "Inner", "Startup Cost": 2788.11, "Total Cost": 108880.24, "Plan Rows": 2, "Plan Width": 25, "Inner Unique": true, "Plans": [{"Node Type": "Nested Loop", "Parent Relationship": "Outer", "Join Type": "Inner", "Startup Cost": 2784.18, "Total Cost": 106793.84, "Plan Rows": 262, "Plan Width": 4, "Inner Unique": false, "Plans": [{"Node Type": "Bitmap Heap Scan", "Parent Relationship": "Outer", "Relation Name": "company_name", "Alias": "cn", "Startup Cost": 2780.8, "Total Cost": 8684.25, "Plan Rows": 6290, "Plan Width": 4, "Filter": "((country_code)::text = '[jp]'::text)", "Plans": [{"Node Type": "Bitmap Index Scan", "Parent Relationship": "Outer", "Index Name": "company_name_pkey", "Startup Cost": 0.0, "Total Cost": 2779.23, "Plan Rows": 234996, "Plan Width": 0}]}, {"Node Type": "Bitmap Heap Scan", "Parent Relationship": "Inner", "Relation Name": "movie_companies", "Alias": "mc", "Startup Cost": 3.37, "Total Cost": 15.59, "Plan Rows": 1, "Plan Width": 8, "Recheck Cond": "(company_id = cn.id)", "Filter": "(((note)::text ~~ '%(Japan)%'::text) AND ((note)::text !~~ '%(USA)%'::text) AND (((note)::text ~~ '%(2006)%'::text) OR ((note)::text ~~ '%(2007)%'::text)))", "Plans": [{"Node Type": "Bitmap Index Scan", "Parent Relationship": "Outer", "Index Name": "company_id_movie_companies", "Startup Cost": 0.0, "Total Cost": 3.37, "Plan Rows": 15, "Plan Width": 0, "Index Cond": "(company_id = cn.id)"}]}]}, {"Node Type": "Bitmap Heap Scan", "Parent Relationship": "Inner", "Relation Name": "title", "Alias": "t", "Startup Cost": 3.93, "Total Cost": 7.95, "Plan Rows": 1, "Plan Width": 21, "Recheck Cond": "(id = mc.movie_id)", "Filter": "((production_year >= 2006) AND (production_year <= 2007) AND (((title)::text ~~ 'One Piece%'::text) OR ((title)::text ~~ 'Dragon Ball Z%'::text)))", "Plans": [{"Node Type": "Bitmap Index Scan", "Parent Relationship": "Outer", "Index Name": "title_pkey", "Startup Cost": 0.0, "Total Cost": 3.93, "Plan Rows": 1, "Plan Width": 0, "Index Cond": "(id = mc.movie_id)"}]}]}, {"Node Type": "Bitmap Heap Scan", "Parent Relationship": "Inner", "Relation Name": "cast_info", "Alias": "ci", "Startup Cost": 4.27, "Total Cost": 28.27, "Plan Rows": 1, "Plan Width": 12, "Recheck Cond": "(movie_id = mc.movie_id)", "Filter": "((note)::text = '(voice: English version)'::text)", "Plans": [{"Node Type": "Bitmap Index Scan", "Parent Relationship": "Outer", "Index Name": "movie_id_cast_info", "Startup Cost": 0.0, "Total Cost": 4.27, "Plan Rows": 6, "Plan Width": 0, "Index Cond": "(movie_id = mc.movie_id)"}]}]}, {"Node Type": "Bitmap Heap Scan", "Parent Relationship": "Inner", "Relation Name": "aka_name", "Alias": "an", "Startup Cost": 0.38, "Total Cost": 4.39, "Plan Rows": 1, "Plan Width": 20, "Recheck Cond": "(person_id = ci.person_id)", "Plans": [{"Node Type": "Bitmap Index Scan", "Parent Relationship": "Outer", "Index Name": "person_id_aka_name", "Startup Cost": 0.0, "Total Cost": 0.38, "Plan Rows": 1, "Plan Width": 0, "Index Cond": "(person_id = ci.person_id)"}]}]}, {"Node Type": "Bitmap Heap Scan", "Parent Relationship": "Inner", "Relation Name": "name", "Alias": "n", "Startup Cost": 0.33, "Total Cost": 4.34, "Plan Rows": 1, "Plan Width": 4, "Recheck Cond": "(id = an.person_id)", "Filter": "(((name)::text ~~ '%Yo%'::text) AND ((name)::text !~~ '%Yu%'::text))", "Plans": [{"Node Type": "Bitmap Index Scan", "Parent Relationship": "Outer", "Index Name": "name_pkey", "Startup Cost": 0.0, "Total Cost": 0.33, "Plan Rows": 1, "Plan Width": 0, "Index Cond": "(id = an.person_id)"}]}]}, {"Node Type": "Bitmap Heap Scan", "Parent Relationship": "Inner", "Relation Name": "role_type", "Alias": "rt", "Startup Cost": 0.26, "Total Cost": 4.27, "Plan Rows": 1, "Plan Width": 4, "Recheck Cond": "(id = ci.role_id)", "Filter": "((role)::text = 'actress'::text)", "Plans": [{"Node Type": "Bitmap Index Scan", "Parent Relationship": "Outer", "Index Name": "role_type_pkey", "Startup Cost": 0.0, "Total Cost": 0.26, "Plan Rows": 1, "Plan Width": 0, "Index Cond": "(id = ci.role_id)"}]}]}]}, "Unique SQL Id": 3956435728, "Planner Runtime": 9}, "explain_analyze_plan": null}, "(16, '116')": {"explain_plan": {"Plan": {"Node Type": "Aggregate", "Strategy": "Plain", "Startup Cost": 20891.31, "Total Cost": 20891.32, "Plan Rows": 1, "Plan Width": 97, "Plans": [{"Node Type": "Nested Loop", "Parent Relationship": "Outer", "Join Type": "Inner", "Startup Cost": 1069.17, "Total Cost": 20891.3, "Plan Rows": 1, "Plan Width": 33, "Inner Unique": true, "Plans": [{"Node Type": "Nested Loop", "Parent Relationship": "Outer", "Join Type": "Inner", "Startup Cost": 1069.17, "Total Cost": 20891.02, "Plan Rows": 1, "Plan Width": 37, "Inner Unique": true, "Plans": [{"Node Type": "Nested Loop", "Parent Relationship": "Outer", "Join Type": "Inner", "Startup Cost": 1069.17, "Total Cost": 20890.44, "Plan Rows": 1, "Plan Width": 45, "Inner Unique": true, "Plans": [{"Node Type": "Nested Loop", "Parent Relationship": "Outer", "Join Type": "Inner", "Startup Cost": 1069.17, "Total Cost": 20886.05, "Plan Rows": 1, "Plan Width": 49, "Inner Unique": false, "Plans": [{"Node Type": "Nested Loop", "Parent Relationship": "Outer", "Join Type": "Inner", "Startup Cost": 1069.17, "Total Cost": 20885.2, "Plan Rows": 1, "Plan Width": 29, "Inner Unique": false, "Join Filter": "(t.id = ci.movie_id)", "Plans": [{"Node Type": "Nested Loop", "Parent Relationship": "Outer", "Join Type": "Inner", "Startup Cost": 1069.17, "Total Cost": 20829.42, "Plan Rows": 2, "Plan Width": 29, "Inner Unique": false, "Plans": [{"Node Type": "Streaming(type: LOCAL GATHER dop: 1/16)", "Parent Relationship": "Outer", "Startup Cost": 1069.17, "Total Cost": 20335.44, "Plan Rows": 43, "Plan Width": 21, "Plans": [{"Node Type": "Seq Scan", "Parent Relationship": "Outer", "Relation Name": "title", "Alias": "t", "Startup Cost": 1069.17, "Total Cost": 20334.51, "Plan Rows": 43, "Plan Width": 21, "Filter": "((production_year >= 2006) AND (production_year <= 2007) AND (((title)::text ~~ 'One Piece%'::text) OR ((title)::text ~~ 'Dragon Ball Z%'::text)))"}]}, {"Node Type": "Index Scan", "Parent Relationship": "Inner", "Scan Direction": "Forward", "Index Name": "movie_id_movie_companies", "Relation Name": "movie_companies", "Alias": "mc", "Startup Cost": 0.0, "Total Cost": 11.48, "Plan Rows": 1, "Plan Width": 8, "Index Cond": "(movie_id = t.id)", "Filter": "(((note)::text ~~ '%(Japan)%'::text) AND ((note)::text !~~ '%(USA)%'::text) AND (((note)::text ~~ '%(2006)%'::text) OR ((note)::text ~~ '%(2007)%'::text)))"}]}, {"Node Type": "Index Scan", "Parent Relationship": "Inner", "Scan Direction": "Forward", "Index Name": "movie_id_cast_info", "Relation Name": "cast_info", "Alias": "ci", "Startup Cost": 0.0, "Total Cost": 27.88, "Plan Rows": 1, "Plan Width": 12, "Index Cond": "(movie_id = mc.movie_id)", "Filter": "((note)::text = '(voice: English version)'::text)"}]}, {"Node Type": "Index Scan", "Parent Relationship": "Inner", "Scan Direction": "Forward", "Index Name": "person_id_aka_name", "Relation Name": "aka_name", "Alias": "an", "Startup Cost": 0.0, "Total Cost": 0.84, "Plan Rows": 1, "Plan Width": 20, "Index Cond": "(person_id = ci.person_id)"}]}, {"Node Type": "Index Scan", "Parent Relationship": "Inner", "Scan Direction": "Forward", "Index Name": "company_name_pkey", "Relation Name": "company_name", "Alias": "cn", "Startup Cost": 0.0, "Total Cost": 4.37, "Plan Rows": 1, "Plan Width": 4, "Index Cond": "(id = mc.company_id)", "Filter": "((country_code)::text = '[jp]'::text)"}]}, {"Node Type": "Index Scan", "Parent Relationship": "Inner", "Scan Direction": "Forward", "Index Name": "name_pkey", "Relation Name": "name", "Alias": "n", "Startup Cost": 0.0, "Total Cost": 0.57, "Plan Rows": 1, "Plan Width": 4, "Index Cond": "(id = an.person_id)", "Filter": "(((name)::text ~~ '%Yo%'::text) AND ((name)::text !~~ '%Yu%'::text))"}]}, {"Node Type": "Index Scan", "Parent Relationship": "Inner", "Scan Direction": "Forward", "Index Name": "role_type_pkey", "Relation Name": "role_type", "Alias": "rt", "Startup Cost": 0.0, "Total Cost": 0.27, "Plan Rows": 1, "Plan Width": 4, "Index Cond": "(id = ci.role_id)", "Filter": "((role)::text = 'actress'::text)"}]}]}, "Unique SQL Id": 3956435728, "Planner Runtime": 11}, "explain_analyze_plan": {"Plan": {"Node Type": "Aggregate", "Strategy": "Plain", "Startup Cost": 20891.31, "Total Cost": 20891.32, "Plan Rows": 1, "Plan Width": 97, "Actual Min Startup Time": 82.24, "Actual Max Startup Time": 82.24, "Actual Min Total Time": 82.24, "Actual Max Total Time": 82.24, "Plans": [{"Node Type": "Nested Loop", "Parent Relationship": "Outer", "Join Type": "Inner", "Startup Cost": 1069.17, "Total Cost": 20891.3, "Plan Rows": 1, "Plan Width": 33, "Actual Min Startup Time": 79.771, "Actual Max Startup Time": 79.771, "Actual Min Total Time": 82.203, "Actual Max Total Time": 82.203, "Inner Unique": true, "Plans": [{"Node Type": "Nested Loop", "Parent Relationship": "Outer", "Join Type": "Inner", "Startup Cost": 1069.17, "Total Cost": 20891.02, "Plan Rows": 1, "Plan Width": 37, "Actual Min Startup Time": 79.76, "Actual Max Startup Time": 79.76, "Actual Min Total Time": 82.178, "Actual Max Total Time": 82.178, "Inner Unique": true, "Plans": [{"Node Type": "Nested Loop", "Parent Relationship": "Outer", "Join Type": "Inner", "Startup Cost": 1069.17, "Total Cost": 20890.44, "Plan Rows": 1, "Plan Width": 45, "Actual Min Startup Time": 78.621, "Actual Max Startup Time": 78.621, "Actual Min Total Time": 81.338, "Actual Max Total Time": 81.338, "Inner Unique": true, "Plans": [{"Node Type": "Nested Loop", "Parent Relationship": "Outer", "Join Type": "Inner", "Startup Cost": 1069.17, "Total Cost": 20886.05, "Plan Rows": 1, "Plan Width": 49, "Actual Min Startup Time": 78.603, "Actual Max Startup Time": 78.603, "Actual Min Total Time": 80.695, "Actual Max Total Time": 80.695, "Inner Unique": false, "Plans": [{"Node Type": "Nested Loop", "Parent Relationship": "Outer", "Join Type": "Inner", "Startup Cost": 1069.17, "Total Cost": 20885.2, "Plan Rows": 1, "Plan Width": 29, "Actual Min Startup Time": 78.587, "Actual Max Startup Time": 78.587, "Actual Min Total Time": 79.943, "Actual Max Total Time": 79.943, "Inner Unique": false, "Join Filter": "(t.id = ci.movie_id)", "Rows Removed by Join Filter": 0, "Plans": [{"Node Type": "Nested Loop", "Parent Relationship": "Outer", "Join Type": "Inner", "Startup Cost": 1069.17, "Total Cost": 20829.42, "Plan Rows": 2, "Plan Width": 29, "Actual Min Startup Time": 78.48, "Actual Max Startup Time": 78.48, "Actual Min Total Time": 79.571, "Actual Max Total Time": 79.571, "Inner Unique": false, "Plans": [{"Node Type": "Streaming(type: LOCAL GATHER dop: 1/16)", "Parent Relationship": "Outer", "Startup Cost": 1069.17, "Total Cost": 20335.44, "Plan Rows": 43, "Plan Width": 21, "Actual Min Startup Time": 78.374, "Actual Max Startup Time": 78.374, "Actual Min Total Time": 79.397, "Actual Max Total Time": 79.397, "Plans": [{"Node Type": "Seq Scan", "Parent Relationship": "Outer", "Relation Name": "title", "Alias": "t", "Startup Cost": 1069.17, "Total Cost": 20334.51, "Plan Rows": 43, "Plan Width": 21, "Actual Min Startup Time": 48.113, "Actual Max Startup Time": 65.731, "Actual Min Total Time": 62.348, "Actual Max Total Time": 65.731, "Filter": "((production_year >= 2006) AND (production_year <= 2007) AND (((title)::text ~~ 'One Piece%'::text) OR ((title)::text ~~ 'Dragon Ball Z%'::text)))", "Rows Removed by Filter": 2528304, "Actual Rows": 7}], "Actual Rows": 7}, {"Node Type": "Index Scan", "Parent Relationship": "Inner", "Scan Direction": "Forward", "Index Name": "movie_id_movie_companies", "Relation Name": "movie_companies", "Alias": "mc", "Startup Cost": 0.0, "Total Cost": 11.48, "Plan Rows": 1, "Plan Width": 8, "Actual Min Startup Time": 0.139, "Actual Max Startup Time": 0.139, "Actual Min Total Time": 0.148, "Actual Max Total Time": 0.148, "Index Cond": "(movie_id = t.id)", "Rows Removed by Index Recheck": 0, "Filter": "(((note)::text ~~ '%(Japan)%'::text) AND ((note)::text !~~ '%(USA)%'::text) AND (((note)::text ~~ '%(2006)%'::text) OR ((note)::text ~~ '%(2007)%'::text)))", "Rows Removed by Filter": 13, "Actual Rows": 4}], "Actual Rows": 4}, {"Node Type": "Index Scan", "Parent Relationship": "Inner", "Scan Direction": "Forward", "Index Name": "movie_id_cast_info", "Relation Name": "cast_info", "Alias": "ci", "Startup Cost": 0.0, "Total Cost": 27.88, "Plan Rows": 1, "Plan Width": 12, "Actual Min Startup Time": 0.106, "Actual Max Startup Time": 0.106, "Actual Min Total Time": 0.331, "Actual Max Total Time": 0.331, "Index Cond": "(movie_id = mc.movie_id)", "Rows Removed by Index Recheck": 0, "Filter": "((note)::text = '(voice: English version)'::text)", "Rows Removed by Filter": 68, "Actual Rows": 104}], "Actual Rows": 104}, {"Node Type": "Index Scan", "Parent Relationship": "Inner", "Scan Direction": "Forward", "Index Name": "person_id_aka_name", "Relation Name": "aka_name", "Alias": "an", "Startup Cost": 0.0, "Total Cost": 0.84, "Plan Rows": 1, "Plan Width": 20, "Actual Min Startup Time": 0.52, "Actual Max Startup Time": 0.52, "Actual Min Total Time": 0.636, "Actual Max Total Time": 0.636, "Index Cond": "(person_id = ci.person_id)", "Rows Removed by Index Recheck": 0, "Actual Rows": 171}], "Actual Rows": 171}, {"Node Type": "Index Scan", "Parent Relationship": "Inner", "Scan Direction": "Forward", "Index Name": "company_name_pkey", "Relation Name": "company_name", "Alias": "cn", "Startup Cost": 0.0, "Total Cost": 4.37, "Plan Rows": 1, "Plan Width": 4, "Actual Min Startup Time": 0.51, "Actual Max Startup Time": 0.51, "Actual Min Total Time": 0.51, "Actual Max Total Time": 0.51, "Index Cond": "(id = mc.company_id)", "Rows Removed by Index Recheck": 0, "Filter": "((country_code)::text = '[jp]'::text)", "Rows Removed by Filter": 0, "Actual Rows": 171}], "Actual Rows": 171}, {"Node Type": "Index Scan", "Parent Relationship": "Inner", "Scan Direction": "Forward", "Index Name": "name_pkey", "Relation Name": "name", "Alias": "n", "Startup Cost": 0.0, "Total Cost": 0.57, "Plan Rows": 1, "Plan Width": 4, "Actual Min Startup Time": 0.745, "Actual Max Startup Time": 0.745, "Actual Min Total Time": 0.745, "Actual Max Total Time": 0.745, "Index Cond": "(id = an.person_id)", "Rows Removed by Index Recheck": 0, "Filter": "(((name)::text ~~ '%Yo%'::text) AND ((name)::text !~~ '%Yu%'::text))", "Rows Removed by Filter": 165, "Actual Rows": 6}], "Actual Rows": 6}, {"Node Type": "Index Scan", "Parent Relationship": "Inner", "Scan Direction": "Forward", "Index Name": "role_type_pkey", "Relation Name": "role_type", "Alias": "rt", "Startup Cost": 0.0, "Total Cost": 0.27, "Plan Rows": 1, "Plan Width": 4, "Actual Min Startup Time": 0.018, "Actual Max Startup Time": 0.018, "Actual Min Total Time": 0.018, "Actual Max Total Time": 0.018, "Index Cond": "(id = ci.role_id)", "Rows Removed by Index Recheck": 0, "Filter": "((role)::text = 'actress'::text)", "Rows Removed by Filter": 0, "Actual Rows": 6}], "Actual Rows": 6}], "Actual Rows": 1}, "Triggers": [], "Planner Runtime": 30.568, "Total Runtime": 84.938, "Unique SQL Id": 3956435728}}, "(16, '117')": {"explain_plan": {"Plan": {"Node Type": "Aggregate", "Strategy": "Plain", "Startup Cost": 82294.12, "Total Cost": 82294.13, "Plan Rows": 1, "Plan Width": 97, "Plans": [{"Node Type": "Nested Loop", "Parent Relationship": "Outer", "Join Type": "Inner", "Startup Cost": 2780.8, "Total Cost": 82294.12, "Plan Rows": 1, "Plan Width": 33, "Inner Unique": true, "Plans": [{"Node Type": "Nested Loop", "Parent Relationship": "Outer", "Join Type": "Inner", "Startup Cost": 2780.8, "Total Cost": 82293.84, "Plan Rows": 1, "Plan Width": 37, "Inner Unique": true, "Plans": [{"Node Type": "Nested Loop", "Parent Relationship": "Outer", "Join Type": "Inner", "Startup Cost": 2780.8, "Total Cost": 82293.26, "Plan Rows": 1, "Plan Width": 45, "Inner Unique": false, "Plans": [{"Node Type": "Nested Loop", "Parent Relationship": "Outer", "Join Type": "Inner", "Startup Cost": 2780.8, "Total Cost": 82292.4, "Plan Rows": 1, "Plan Width": 25, "Inner Unique": false, "Join Filter": "(t.id = ci.movie_id)", "Plans": [{"Node Type": "Nested Loop", "Parent Relationship": "Outer", "Join Type": "Inner", "Startup Cost": 2780.8, "Total Cost": 82236.62, "Plan Rows": 2, "Plan Width": 25, "Inner Unique": true, "Plans": [{"Node Type": "Nested Loop", "Parent Relationship": "Outer", "Join Type": "Inner", "Startup Cost": 2780.8, "Total Cost": 80174.39, "Plan Rows": 262, "Plan Width": 4, "Inner Unique": false, "Plans": [{"Node Type": "Bitmap Heap Scan", "Parent Relationship": "Outer", "Relation Name": "company_name", "Alias": "cn", "Startup Cost": 2780.8, "Total Cost": 8684.25, "Plan Rows": 6290, "Plan Width": 4, "Filter": "((country_code)::text = '[jp]'::text)", "Plans": [{"Node Type": "Bitmap Index Scan", "Parent Relationship": "Outer", "Index Name": "company_name_pkey", "Startup Cost": 0.0, "Total Cost": 2779.23, "Plan Rows": 234996, "Plan Width": 0}]}, {"Node Type": "Index Scan", "Parent Relationship": "Inner", "Scan Direction": "Forward", "Index Name": "company_id_movie_companies", "Relation Name": "movie_companies", "Alias": "mc", "Startup Cost": 0.0, "Total Cost": 11.36, "Plan Rows": 1, "Plan Width": 8, "Index Cond": "(company_id = cn.id)", "Filter": "(((note)::text ~~ '%(Japan)%'::text) AND ((note)::text !~~ '%(USA)%'::text) AND (((note)::text ~~ '%(2006)%'::text) OR ((note)::text ~~ '%(2007)%'::text)))"}]}, {"Node Type": "Index Scan", "Parent Relationship": "Inner", "Scan Direction": "Forward", "Index Name": "title_pkey", "Relation Name": "title", "Alias": "t", "Startup Cost": 0.0, "Total Cost": 7.86, "Plan Rows": 1, "Plan Width": 21, "Index Cond": "(id = mc.movie_id)", "Filter": "((production_year >= 2006) AND (production_year <= 2007) AND (((title)::text ~~ 'One Piece%'::text) OR ((title)::text ~~ 'Dragon Ball Z%'::text)))"}]}, {"Node Type": "Index Scan", "Parent Relationship": "Inner", "Scan Direction": "Forward", "Index Name": "movie_id_cast_info", "Relation Name": "cast_info", "Alias": "ci", "Startup Cost": 0.0, "Total Cost": 27.88, "Plan Rows": 1, "Plan Width": 12, "Index Cond": "(movie_id = mc.movie_id)", "Filter": "((note)::text = '(voice: English version)'::text)"}]}, {"Node Type": "Index Scan", "Parent Relationship": "Inner", "Scan Direction": "Forward", "Index Name": "person_id_aka_name", "Relation Name": "aka_name", "Alias": "an", "Startup Cost": 0.0, "Total Cost": 0.84, "Plan Rows": 1, "Plan Width": 20, "Index Cond": "(person_id = ci.person_id)"}]}, {"Node Type": "Index Scan", "Parent Relationship": "Inner", "Scan Direction": "Forward", "Index Name": "name_pkey", "Relation Name": "name", "Alias": "n", "Startup Cost": 0.0, "Total Cost": 0.57, "Plan Rows": 1, "Plan Width": 4, "Index Cond": "(id = an.person_id)", "Filter": "(((name)::text ~~ '%Yo%'::text) AND ((name)::text !~~ '%Yu%'::text))"}]}, {"Node Type": "Index Scan", "Parent Relationship": "Inner", "Scan Direction": "Forward", "Index Name": "role_type_pkey", "Relation Name": "role_type", "Alias": "rt", "Startup Cost": 0.0, "Total Cost": 0.27, "Plan Rows": 1, "Plan Width": 4, "Index Cond": "(id = ci.role_id)", "Filter": "((role)::text = 'actress'::text)"}]}]}, "Unique SQL Id": 3956435728, "Planner Runtime": 9}, "explain_analyze_plan": null}, "(16, '118')": {"explain_plan": {"Plan": {"Node Type": "Aggregate", "Strategy": "Plain", "Startup Cost": 20934.05, "Total Cost": 20934.06, "Plan Rows": 1, "Plan Width": 97, "Plans": [{"Node Type": "Nested Loop", "Parent Relationship": "Outer", "Join Type": "Inner", "Startup Cost": 1079.65, "Total Cost": 20934.05, "Plan Rows": 1, "Plan Width": 33, "Inner Unique": true, "Join Filter": "(ci.role_id = rt.id)", "Plans": [{"Node Type": "Nested Loop", "Parent Relationship": "Outer", "Join Type": "Inner", "Startup Cost": 1079.65, "Total Cost": 20932.89, "Plan Rows": 1, "Plan Width": 37, "Inner Unique": true, "Plans": [{"Node Type": "Nested Loop", "Parent Relationship": "Outer", "Join Type": "Inner", "Startup Cost": 1079.32, "Total Cost": 20928.53, "Plan Rows": 1, "Plan Width": 45, "Inner Unique": true, "Plans": [{"Node Type": "Nested Loop", "Parent Relationship": "Outer", "Join Type": "Inner", "Startup Cost": 1078.09, "Total Cost": 20923.28, "Plan Rows": 1, "Plan Width": 49, "Inner Unique": false, "Plans": [{"Node Type": "Nested Loop", "Parent Relationship": "Outer", "Join Type": "Inner", "Startup Cost": 1077.71, "Total Cost": 20918.87, "Plan Rows": 1, "Plan Width": 29, "Inner Unique": false, "Join Filter": "(t.id = ci.movie_id)", "Plans": [{"Node Type": "Nested Loop", "Parent Relationship": "Outer", "Join Type": "Inner", "Startup Cost": 1073.44, "Total Cost": 20862.3, "Plan Rows": 2, "Plan Width": 29, "Inner Unique": false, "Plans": [{"Node Type": "Streaming(type: LOCAL GATHER dop: 1/16)", "Parent Relationship": "Outer", "Startup Cost": 1069.17, "Total Cost": 20335.44, "Plan Rows": 43, "Plan Width": 21, "Plans": [{"Node Type": "Seq Scan", "Parent Relationship": "Outer", "Relation Name": "title", "Alias": "t", "Startup Cost": 1069.17, "Total Cost": 20334.51, "Plan Rows": 43, "Plan Width": 21, "Filter": "((production_year >= 2006) AND (production_year <= 2007) AND (((title)::text ~~ 'One Piece%'::text) OR ((title)::text ~~ 'Dragon Ball Z%'::text)))"}]}, {"Node Type": "Bitmap Heap Scan", "Parent Relationship": "Inner", "Relation Name": "movie_companies", "Alias": "mc", "Startup Cost": 4.27, "Total Cost": 12.24, "Plan Rows": 1, "Plan Width": 8, "Recheck Cond": "(movie_id = t.id)", "Filter": "(((note)::text ~~ '%(Japan)%'::text) AND ((note)::text !~~ '%(USA)%'::text) AND (((note)::text ~~ '%(2006)%'::text) OR ((note)::text ~~ '%(2007)%'::text)))", "Plans": [{"Node Type": "Bitmap Index Scan", "Parent Relationship": "Outer", "Index Name": "movie_id_movie_companies", "Startup Cost": 0.0, "Total Cost": 4.26, "Plan Rows": 2, "Plan Width": 0, "Index Cond": "(movie_id = t.id)"}]}]}, {"Node Type": "Bitmap Heap Scan", "Parent Relationship": "Inner", "Relation Name": "cast_info", "Alias": "ci", "Startup Cost": 4.27, "Total Cost": 28.27, "Plan Rows": 1, "Plan Width": 12, "Recheck Cond": "(movie_id = mc.movie_id)", "Filter": "((note)::text = '(voice: English version)'::text)", "Plans": [{"Node Type": "Bitmap Index Scan", "Parent Relationship": "Outer", "Index Name": "movie_id_cast_info", "Startup Cost": 0.0, "Total Cost": 4.27, "Plan Rows": 6, "Plan Width": 0, "Index Cond": "(movie_id = mc.movie_id)"}]}]}, {"Node Type": "Bitmap Heap Scan", "Parent Relationship": "Inner", "Relation Name": "aka_name", "Alias": "an", "Startup Cost": 0.38, "Total Cost": 4.39, "Plan Rows": 1, "Plan Width": 20, "Recheck Cond": "(person_id = ci.person_id)", "Plans": [{"Node Type": "Bitmap Index Scan", "Parent Relationship": "Outer", "Index Name": "person_id_aka_name", "Startup Cost": 0.0, "Total Cost": 0.38, "Plan Rows": 1, "Plan Width": 0, "Index Cond": "(person_id = ci.person_id)"}]}]}, {"Node Type": "Bitmap Heap Scan", "Parent Relationship": "Inner", "Relation Name": "company_name", "Alias": "cn", "Startup Cost": 1.23, "Total Cost": 5.24, "Plan Rows": 1, "Plan Width": 4, "Recheck Cond": "(id = mc.company_id)", "Filter": "((country_code)::text = '[jp]'::text)", "Plans": [{"Node Type": "Bitmap Index Scan", "Parent Relationship": "Outer", "Index Name": "company_name_pkey", "Startup Cost": 0.0, "Total Cost": 1.23, "Plan Rows": 1, "Plan Width": 0, "Index Cond": "(id = mc.company_id)"}]}]}, {"Node Type": "Bitmap Heap Scan", "Parent Relationship": "Inner", "Relation Name": "name", "Alias": "n", "Startup Cost": 0.33, "Total Cost": 4.34, "Plan Rows": 1, "Plan Width": 4, "Recheck Cond": "(id = an.person_id)", "Filter": "(((name)::text ~~ '%Yo%'::text) AND ((name)::text !~~ '%Yu%'::text))", "Plans": [{"Node Type": "Bitmap Index Scan", "Parent Relationship": "Outer", "Index Name": "name_pkey", "Startup Cost": 0.0, "Total Cost": 0.33, "Plan Rows": 1, "Plan Width": 0, "Index Cond": "(id = an.person_id)"}]}]}, {"Node Type": "Seq Scan", "Parent Relationship": "Inner", "Relation Name": "role_type", "Alias": "rt", "Startup Cost": 0.0, "Total Cost": 1.15, "Plan Rows": 1, "Plan Width": 4, "Filter": "((role)::text = 'actress'::text)"}]}]}, "Unique SQL Id": 3956435728, "Planner Runtime": 20}, "explain_analyze_plan": {"Plan": {"Node Type": "Aggregate", "Strategy": "Plain", "Startup Cost": 20934.05, "Total Cost": 20934.06, "Plan Rows": 1, "Plan Width": 97, "Actual Min Startup Time": 84.297, "Actual Max Startup Time": 84.297, "Actual Min Total Time": 84.298, "Actual Max Total Time": 84.298, "Plans": [{"Node Type": "Nested Loop", "Parent Relationship": "Outer", "Join Type": "Inner", "Startup Cost": 1079.65, "Total Cost": 20934.05, "Plan Rows": 1, "Plan Width": 33, "Actual Min Startup Time": 81.444, "Actual Max Startup Time": 81.444, "Actual Min Total Time": 84.256, "Actual Max Total Time": 84.256, "Inner Unique": true, "Join Filter": "(ci.role_id = rt.id)", "Rows Removed by Join Filter": 0, "Plans": [{"Node Type": "Nested Loop", "Parent Relationship": "Outer", "Join Type": "Inner", "Startup Cost": 1079.65, "Total Cost": 20932.89, "Plan Rows": 1, "Plan Width": 37, "Actual Min Startup Time": 81.407, "Actual Max Startup Time": 81.407, "Actual Min Total Time": 84.189, "Actual Max Total Time": 84.189, "Inner Unique": true, "Plans": [{"Node Type": "Nested Loop", "Parent Relationship": "Outer", "Join Type": "Inner", "Startup Cost": 1079.32, "Total Cost": 20928.53, "Plan Rows": 1, "Plan Width": 45, "Actual Min Startup Time": 79.94, "Actual Max Startup Time": 79.94, "Actual Min Total Time": 83.048, "Actual Max Total Time": 83.048, "Inner Unique": true, "Plans": [{"Node Type": "Nested Loop", "Parent Relationship": "Outer", "Join Type": "Inner", "Startup Cost": 1078.09, "Total Cost": 20923.28, "Plan Rows": 1, "Plan Width": 49, "Actual Min Startup Time": 79.918, "Actual Max Startup Time": 79.918, "Actual Min Total Time": 82.123, "Actual Max Total Time": 82.123, "Inner Unique": false, "Plans": [{"Node Type": "Nested Loop", "Parent Relationship": "Outer", "Join Type": "Inner", "Startup Cost": 1077.71, "Total Cost": 20918.87, "Plan Rows": 1, "Plan Width": 29, "Actual Min Startup Time": 79.893, "Actual Max Startup Time": 79.893, "Actual Min Total Time": 81.166, "Actual Max Total Time": 81.166, "Inner Unique": false, "Join Filter": "(t.id = ci.movie_id)", "Rows Removed by Join Filter": 0, "Plans": [{"Node Type": "Nested Loop", "Parent Relationship": "Outer", "Join Type": "Inner", "Startup Cost": 1073.44, "Total Cost": 20862.3, "Plan Rows": 2, "Plan Width": 29, "Actual Min Startup Time": 79.734, "Actual Max Startup Time": 79.734, "Actual Min Total Time": 80.712, "Actual Max Total Time": 80.712, "Inner Unique": false, "Plans": [{"Node Type": "Streaming(type: LOCAL GATHER dop: 1/16)", "Parent Relationship": "Outer", "Startup Cost": 1069.17, "Total Cost": 20335.44, "Plan Rows": 43, "Plan Width": 21, "Actual Min Startup Time": 79.604, "Actual Max Startup Time": 79.604, "Actual Min Total Time": 80.477, "Actual Max Total Time": 80.477, "Plans": [{"Node Type": "Seq Scan", "Parent Relationship": "Outer", "Relation Name": "title", "Alias": "t", "Startup Cost": 1069.17, "Total Cost": 20334.51, "Plan Rows": 43, "Plan Width": 21, "Actual Min Startup Time": 48.136, "Actual Max Startup Time": 65.75, "Actual Min Total Time": 62.49, "Actual Max Total Time": 65.75, "Filter": "((production_year >= 2006) AND (production_year <= 2007) AND (((title)::text ~~ 'One Piece%'::text) OR ((title)::text ~~ 'Dragon Ball Z%'::text)))", "Rows Removed by Filter": 2528304, "Actual Rows": 7}], "Actual Rows": 7}, {"Node Type": "Bitmap Heap Scan", "Parent Relationship": "Inner", "Relation Name": "movie_companies", "Alias": "mc", "Startup Cost": 4.27, "Total Cost": 12.24, "Plan Rows": 1, "Plan Width": 8, "Actual Min Startup Time": 0.18, "Actual Max Startup Time": 0.18, "Actual Min Total Time": 0.19, "Actual Max Total Time": 0.19, "Recheck Cond": "(movie_id = t.id)", "Rows Removed by Index Recheck": 0, "Filter": "(((note)::text ~~ '%(Japan)%'::text) AND ((note)::text !~~ '%(USA)%'::text) AND (((note)::text ~~ '%(2006)%'::text) OR ((note)::text ~~ '%(2007)%'::text)))", "Rows Removed by Filter": 13, "Exact Heap Blocks": 13, "Lossy Heap Blocks": 13, "Plans": [{"Node Type": "Bitmap Index Scan", "Parent Relationship": "Outer", "Index Name": "movie_id_movie_companies", "Startup Cost": 0.0, "Total Cost": 4.26, "Plan Rows": 2, "Plan Width": 0, "Actual Min Startup Time": 0.081, "Actual Max Startup Time": 0.081, "Actual Min Total Time": 0.081, "Actual Max Total Time": 0.081, "Index Cond": "(movie_id = t.id)", "Actual Rows": 17}], "Actual Rows": 4}], "Actual Rows": 4}, {"Node Type": "Bitmap Heap Scan", "Parent Relationship": "Inner", "Relation Name": "cast_info", "Alias": "ci", "Startup Cost": 4.27, "Total Cost": 28.27, "Plan Rows": 1, "Plan Width": 12, "Actual Min Startup Time": 0.163, "Actual Max Startup Time": 0.163, "Actual Min Total Time": 0.401, "Actual Max Total Time": 0.401, "Recheck Cond": "(movie_id = mc.movie_id)", "Rows Removed by Index Recheck": 0, "Filter": "((note)::text = '(voice: English version)'::text)", "Rows Removed by Filter": 68, "Exact Heap Blocks": 133, "Lossy Heap Blocks": 133, "Plans": [{"Node Type": "Bitmap Index Scan", "Parent Relationship": "Outer", "Index Name": "movie_id_cast_info", "Startup Cost": 0.0, "Total Cost": 4.27, "Plan Rows": 6, "Plan Width": 0, "Actual Min Startup Time": 0.057, "Actual Max Startup Time": 0.057, "Actual Min Total Time": 0.057, "Actual Max Total Time": 0.057, "Index Cond": "(movie_id = mc.movie_id)", "Actual Rows": 172}], "Actual Rows": 104}], "Actual Rows": 104}, {"Node Type": "Bitmap Heap Scan", "Parent Relationship": "Inner", "Relation Name": "aka_name", "Alias": "an", "Startup Cost": 0.38, "Total Cost": 4.39, "Plan Rows": 1, "Plan Width": 20, "Actual Min Startup Time": 0.699, "Actual Max Startup Time": 0.699, "Actual Min Total Time": 0.778, "Actual Max Total Time": 0.778, "Recheck Cond": "(person_id = ci.person_id)", "Rows Removed by Index Recheck": 0, "Exact Heap Blocks": 105, "Lossy Heap Blocks": 105, "Plans": [{"Node Type": "Bitmap Index Scan", "Parent Relationship": "Outer", "Index Name": "person_id_aka_name", "Startup Cost": 0.0, "Total Cost": 0.38, "Plan Rows": 1, "Plan Width": 0, "Actual Min Startup Time": 0.49, "Actual Max Startup Time": 0.49, "Actual Min Total Time": 0.49, "Actual Max Total Time": 0.49, "Index Cond": "(person_id = ci.person_id)", "Actual Rows": 171}], "Actual Rows": 171}], "Actual Rows": 171}, {"Node Type": "Bitmap Heap Scan", "Parent Relationship": "Inner", "Relation Name": "company_name", "Alias": "cn", "Startup Cost": 1.23, "Total Cost": 5.24, "Plan Rows": 1, "Plan Width": 4, "Actual Min Startup Time": 0.698, "Actual Max Startup Time": 0.698, "Actual Min Total Time": 0.698, "Actual Max Total Time": 0.698, "Recheck Cond": "(id = mc.company_id)", "Rows Removed by Index Recheck": 0, "Filter": "((country_code)::text = '[jp]'::text)", "Rows Removed by Filter": 0, "Exact Heap Blocks": 171, "Lossy Heap Blocks": 171, "Plans": [{"Node Type": "Bitmap Index Scan", "Parent Relationship": "Outer", "Index Name": "company_name_pkey", "Startup Cost": 0.0, "Total Cost": 1.23, "Plan Rows": 1, "Plan Width": 0, "Actual Min Startup Time": 0.417, "Actual Max Startup Time": 0.417, "Actual Min Total Time": 0.417, "Actual Max Total Time": 0.417, "Index Cond": "(id = mc.company_id)", "Actual Rows": 171}], "Actual Rows": 171}], "Actual Rows": 171}, {"Node Type": "Bitmap Heap Scan", "Parent Relationship": "Inner", "Relation Name": "name", "Alias": "n", "Startup Cost": 0.33, "Total Cost": 4.34, "Plan Rows": 1, "Plan Width": 4, "Actual Min Startup Time": 0.933, "Actual Max Startup Time": 0.933, "Actual Min Total Time": 0.933, "Actual Max Total Time": 0.933, "Recheck Cond": "(id = an.person_id)", "Rows Removed by Index Recheck": 0, "Filter": "(((name)::text ~~ '%Yo%'::text) AND ((name)::text !~~ '%Yu%'::text))", "Rows Removed by Filter": 165, "Exact Heap Blocks": 171, "Lossy Heap Blocks": 171, "Plans": [{"Node Type": "Bitmap Index Scan", "Parent Relationship": "Outer", "Index Name": "name_pkey", "Startup Cost": 0.0, "Total Cost": 0.33, "Plan Rows": 1, "Plan Width": 0, "Actual Min Startup Time": 0.539, "Actual Max Startup Time": 0.539, "Actual Min Total Time": 0.539, "Actual Max Total Time": 0.539, "Index Cond": "(id = an.person_id)", "Actual Rows": 171}], "Actual Rows": 6}], "Actual Rows": 6}, {"Node Type": "Seq Scan", "Parent Relationship": "Inner", "Relation Name": "role_type", "Alias": "rt", "Startup Cost": 0.0, "Total Cost": 1.15, "Plan Rows": 1, "Plan Width": 4, "Actual Min Startup Time": 0.038, "Actual Max Startup Time": 0.038, "Actual Min Total Time": 0.038, "Actual Max Total Time": 0.038, "Filter": "((role)::text = 'actress'::text)", "Rows Removed by Filter": 6, "Actual Rows": 6}], "Actual Rows": 6}], "Actual Rows": 1}, "Triggers": [], "Planner Runtime": 46.031, "Total Runtime": 87.116, "Unique SQL Id": 3956435728}}, "(16, '119')": {"explain_plan": {"Plan": {"Node Type": "Aggregate", "Strategy": "Plain", "Startup Cost": 108949.86, "Total Cost": 108949.87, "Plan Rows": 1, "Plan Width": 97, "Plans": [{"Node Type": "Nested Loop", "Parent Relationship": "Outer", "Join Type": "Inner", "Startup Cost": 2793.35, "Total Cost": 108949.85, "Plan Rows": 1, "Plan Width": 33, "Inner Unique": true, "Plans": [{"Node Type": "Nested Loop", "Parent Relationship": "Outer", "Join Type": "Inner", "Startup Cost": 2793.09, "Total Cost": 108945.57, "Plan Rows": 1, "Plan Width": 37, "Inner Unique": true, "Plans": [{"Node Type": "Nested Loop", "Parent Relationship": "Outer", "Join Type": "Inner", "Startup Cost": 2792.76, "Total Cost": 108941.22, "Plan Rows": 1, "Plan Width": 45, "Inner Unique": false, "Plans": [{"Node Type": "Nested Loop", "Parent Relationship": "Outer", "Join Type": "Inner", "Startup Cost": 2792.38, "Total Cost": 108936.81, "Plan Rows": 1, "Plan Width": 25, "Inner Unique": false, "Join Filter": "(t.id = ci.movie_id)", "Plans": [{"Node Type": "Nested Loop", "Parent Relationship": "Outer", "Join Type": "Inner", "Startup Cost": 2788.11, "Total Cost": 108880.24, "Plan Rows": 2, "Plan Width": 25, "Inner Unique": true, "Plans": [{"Node Type": "Nested Loop", "Parent Relationship": "Outer", "Join Type": "Inner", "Startup Cost": 2784.18, "Total Cost": 106793.84, "Plan Rows": 262, "Plan Width": 4, "Inner Unique": false, "Plans": [{"Node Type": "Bitmap Heap Scan", "Parent Relationship": "Outer", "Relation Name": "company_name", "Alias": "cn", "Startup Cost": 2780.8, "Total Cost": 8684.25, "Plan Rows": 6290, "Plan Width": 4, "Filter": "((country_code)::text = '[jp]'::text)", "Plans": [{"Node Type": "Bitmap Index Scan", "Parent Relationship": "Outer", "Index Name": "company_name_pkey", "Startup Cost": 0.0, "Total Cost": 2779.23, "Plan Rows": 234996, "Plan Width": 0}]}, {"Node Type": "Bitmap Heap Scan", "Parent Relationship": "Inner", "Relation Name": "movie_companies", "Alias": "mc", "Startup Cost": 3.37, "Total Cost": 15.59, "Plan Rows": 1, "Plan Width": 8, "Recheck Cond": "(company_id = cn.id)", "Filter": "(((note)::text ~~ '%(Japan)%'::text) AND ((note)::text !~~ '%(USA)%'::text) AND (((note)::text ~~ '%(2006)%'::text) OR ((note)::text ~~ '%(2007)%'::text)))", "Plans": [{"Node Type": "Bitmap Index Scan", "Parent Relationship": "Outer", "Index Name": "company_id_movie_companies", "Startup Cost": 0.0, "Total Cost": 3.37, "Plan Rows": 15, "Plan Width": 0, "Index Cond": "(company_id = cn.id)"}]}]}, {"Node Type": "Bitmap Heap Scan", "Parent Relationship": "Inner", "Relation Name": "title", "Alias": "t", "Startup Cost": 3.93, "Total Cost": 7.95, "Plan Rows": 1, "Plan Width": 21, "Recheck Cond": "(id = mc.movie_id)", "Filter": "((production_year >= 2006) AND (production_year <= 2007) AND (((title)::text ~~ 'One Piece%'::text) OR ((title)::text ~~ 'Dragon Ball Z%'::text)))", "Plans": [{"Node Type": "Bitmap Index Scan", "Parent Relationship": "Outer", "Index Name": "title_pkey", "Startup Cost": 0.0, "Total Cost": 3.93, "Plan Rows": 1, "Plan Width": 0, "Index Cond": "(id = mc.movie_id)"}]}]}, {"Node Type": "Bitmap Heap Scan", "Parent Relationship": "Inner", "Relation Name": "cast_info", "Alias": "ci", "Startup Cost": 4.27, "Total Cost": 28.27, "Plan Rows": 1, "Plan Width": 12, "Recheck Cond": "(movie_id = mc.movie_id)", "Filter": "((note)::text = '(voice: English version)'::text)", "Plans": [{"Node Type": "Bitmap Index Scan", "Parent Relationship": "Outer", "Index Name": "movie_id_cast_info", "Startup Cost": 0.0, "Total Cost": 4.27, "Plan Rows": 6, "Plan Width": 0, "Index Cond": "(movie_id = mc.movie_id)"}]}]}, {"Node Type": "Bitmap Heap Scan", "Parent Relationship": "Inner", "Relation Name": "aka_name", "Alias": "an", "Startup Cost": 0.38, "Total Cost": 4.39, "Plan Rows": 1, "Plan Width": 20, "Recheck Cond": "(person_id = ci.person_id)", "Plans": [{"Node Type": "Bitmap Index Scan", "Parent Relationship": "Outer", "Index Name": "person_id_aka_name", "Startup Cost": 0.0, "Total Cost": 0.38, "Plan Rows": 1, "Plan Width": 0, "Index Cond": "(person_id = ci.person_id)"}]}]}, {"Node Type": "Bitmap Heap Scan", "Parent Relationship": "Inner", "Relation Name": "name", "Alias": "n", "Startup Cost": 0.33, "Total Cost": 4.34, "Plan Rows": 1, "Plan Width": 4, "Recheck Cond": "(id = an.person_id)", "Filter": "(((name)::text ~~ '%Yo%'::text) AND ((name)::text !~~ '%Yu%'::text))", "Plans": [{"Node Type": "Bitmap Index Scan", "Parent Relationship": "Outer", "Index Name": "name_pkey", "Startup Cost": 0.0, "Total Cost": 0.33, "Plan Rows": 1, "Plan Width": 0, "Index Cond": "(id = an.person_id)"}]}]}, {"Node Type": "Bitmap Heap Scan", "Parent Relationship": "Inner", "Relation Name": "role_type", "Alias": "rt", "Startup Cost": 0.26, "Total Cost": 4.27, "Plan Rows": 1, "Plan Width": 4, "Recheck Cond": "(id = ci.role_id)", "Filter": "((role)::text = 'actress'::text)", "Plans": [{"Node Type": "Bitmap Index Scan", "Parent Relationship": "Outer", "Index Name": "role_type_pkey", "Startup Cost": 0.0, "Total Cost": 0.26, "Plan Rows": 1, "Plan Width": 0, "Index Cond": "(id = ci.role_id)"}]}]}]}, "Unique SQL Id": 3956435728, "Planner Runtime": 9}, "explain_analyze_plan": null}, "(16, '120')": {"explain_plan": {"Plan": {"Node Type": "Aggregate", "Strategy": "Plain", "Startup Cost": 20891.31, "Total Cost": 20891.32, "Plan Rows": 1, "Plan Width": 97, "Plans": [{"Node Type": "Nested Loop", "Parent Relationship": "Outer", "Join Type": "Inner", "Startup Cost": 1069.17, "Total Cost": 20891.3, "Plan Rows": 1, "Plan Width": 33, "Inner Unique": true, "Plans": [{"Node Type": "Nested Loop", "Parent Relationship": "Outer", "Join Type": "Inner", "Startup Cost": 1069.17, "Total Cost": 20891.02, "Plan Rows": 1, "Plan Width": 37, "Inner Unique": true, "Plans": [{"Node Type": "Nested Loop", "Parent Relationship": "Outer", "Join Type": "Inner", "Startup Cost": 1069.17, "Total Cost": 20890.44, "Plan Rows": 1, "Plan Width": 45, "Inner Unique": true, "Plans": [{"Node Type": "Nested Loop", "Parent Relationship": "Outer", "Join Type": "Inner", "Startup Cost": 1069.17, "Total Cost": 20886.05, "Plan Rows": 1, "Plan Width": 49, "Inner Unique": false, "Plans": [{"Node Type": "Nested Loop", "Parent Relationship": "Outer", "Join Type": "Inner", "Startup Cost": 1069.17, "Total Cost": 20885.2, "Plan Rows": 1, "Plan Width": 29, "Inner Unique": false, "Join Filter": "(t.id = ci.movie_id)", "Plans": [{"Node Type": "Nested Loop", "Parent Relationship": "Outer", "Join Type": "Inner", "Startup Cost": 1069.17, "Total Cost": 20829.42, "Plan Rows": 2, "Plan Width": 29, "Inner Unique": false, "Plans": [{"Node Type": "Streaming(type: LOCAL GATHER dop: 1/16)", "Parent Relationship": "Outer", "Startup Cost": 1069.17, "Total Cost": 20335.44, "Plan Rows": 43, "Plan Width": 21, "Plans": [{"Node Type": "Seq Scan", "Parent Relationship": "Outer", "Relation Name": "title", "Alias": "t", "Startup Cost": 1069.17, "Total Cost": 20334.51, "Plan Rows": 43, "Plan Width": 21, "Filter": "((production_year >= 2006) AND (production_year <= 2007) AND (((title)::text ~~ 'One Piece%'::text) OR ((title)::text ~~ 'Dragon Ball Z%'::text)))"}]}, {"Node Type": "Index Scan", "Parent Relationship": "Inner", "Scan Direction": "Forward", "Index Name": "movie_id_movie_companies", "Relation Name": "movie_companies", "Alias": "mc", "Startup Cost": 0.0, "Total Cost": 11.48, "Plan Rows": 1, "Plan Width": 8, "Index Cond": "(movie_id = t.id)", "Filter": "(((note)::text ~~ '%(Japan)%'::text) AND ((note)::text !~~ '%(USA)%'::text) AND (((note)::text ~~ '%(2006)%'::text) OR ((note)::text ~~ '%(2007)%'::text)))"}]}, {"Node Type": "Index Scan", "Parent Relationship": "Inner", "Scan Direction": "Forward", "Index Name": "movie_id_cast_info", "Relation Name": "cast_info", "Alias": "ci", "Startup Cost": 0.0, "Total Cost": 27.88, "Plan Rows": 1, "Plan Width": 12, "Index Cond": "(movie_id = mc.movie_id)", "Filter": "((note)::text = '(voice: English version)'::text)"}]}, {"Node Type": "Index Scan", "Parent Relationship": "Inner", "Scan Direction": "Forward", "Index Name": "person_id_aka_name", "Relation Name": "aka_name", "Alias": "an", "Startup Cost": 0.0, "Total Cost": 0.84, "Plan Rows": 1, "Plan Width": 20, "Index Cond": "(person_id = ci.person_id)"}]}, {"Node Type": "Index Scan", "Parent Relationship": "Inner", "Scan Direction": "Forward", "Index Name": "company_name_pkey", "Relation Name": "company_name", "Alias": "cn", "Startup Cost": 0.0, "Total Cost": 4.37, "Plan Rows": 1, "Plan Width": 4, "Index Cond": "(id = mc.company_id)", "Filter": "((country_code)::text = '[jp]'::text)"}]}, {"Node Type": "Index Scan", "Parent Relationship": "Inner", "Scan Direction": "Forward", "Index Name": "name_pkey", "Relation Name": "name", "Alias": "n", "Startup Cost": 0.0, "Total Cost": 0.57, "Plan Rows": 1, "Plan Width": 4, "Index Cond": "(id = an.person_id)", "Filter": "(((name)::text ~~ '%Yo%'::text) AND ((name)::text !~~ '%Yu%'::text))"}]}, {"Node Type": "Index Scan", "Parent Relationship": "Inner", "Scan Direction": "Forward", "Index Name": "role_type_pkey", "Relation Name": "role_type", "Alias": "rt", "Startup Cost": 0.0, "Total Cost": 0.27, "Plan Rows": 1, "Plan Width": 4, "Index Cond": "(id = ci.role_id)", "Filter": "((role)::text = 'actress'::text)"}]}]}, "Unique SQL Id": 3956435728, "Planner Runtime": 11}, "explain_analyze_plan": {"Plan": {"Node Type": "Aggregate", "Strategy": "Plain", "Startup Cost": 20891.31, "Total Cost": 20891.32, "Plan Rows": 1, "Plan Width": 97, "Actual Min Startup Time": 82.24, "Actual Max Startup Time": 82.24, "Actual Min Total Time": 82.24, "Actual Max Total Time": 82.24, "Plans": [{"Node Type": "Nested Loop", "Parent Relationship": "Outer", "Join Type": "Inner", "Startup Cost": 1069.17, "Total Cost": 20891.3, "Plan Rows": 1, "Plan Width": 33, "Actual Min Startup Time": 79.771, "Actual Max Startup Time": 79.771, "Actual Min Total Time": 82.203, "Actual Max Total Time": 82.203, "Inner Unique": true, "Plans": [{"Node Type": "Nested Loop", "Parent Relationship": "Outer", "Join Type": "Inner", "Startup Cost": 1069.17, "Total Cost": 20891.02, "Plan Rows": 1, "Plan Width": 37, "Actual Min Startup Time": 79.76, "Actual Max Startup Time": 79.76, "Actual Min Total Time": 82.178, "Actual Max Total Time": 82.178, "Inner Unique": true, "Plans": [{"Node Type": "Nested Loop", "Parent Relationship": "Outer", "Join Type": "Inner", "Startup Cost": 1069.17, "Total Cost": 20890.44, "Plan Rows": 1, "Plan Width": 45, "Actual Min Startup Time": 78.621, "Actual Max Startup Time": 78.621, "Actual Min Total Time": 81.338, "Actual Max Total Time": 81.338, "Inner Unique": true, "Plans": [{"Node Type": "Nested Loop", "Parent Relationship": "Outer", "Join Type": "Inner", "Startup Cost": 1069.17, "Total Cost": 20886.05, "Plan Rows": 1, "Plan Width": 49, "Actual Min Startup Time": 78.603, "Actual Max Startup Time": 78.603, "Actual Min Total Time": 80.695, "Actual Max Total Time": 80.695, "Inner Unique": false, "Plans": [{"Node Type": "Nested Loop", "Parent Relationship": "Outer", "Join Type": "Inner", "Startup Cost": 1069.17, "Total Cost": 20885.2, "Plan Rows": 1, "Plan Width": 29, "Actual Min Startup Time": 78.587, "Actual Max Startup Time": 78.587, "Actual Min Total Time": 79.943, "Actual Max Total Time": 79.943, "Inner Unique": false, "Join Filter": "(t.id = ci.movie_id)", "Rows Removed by Join Filter": 0, "Plans": [{"Node Type": "Nested Loop", "Parent Relationship": "Outer", "Join Type": "Inner", "Startup Cost": 1069.17, "Total Cost": 20829.42, "Plan Rows": 2, "Plan Width": 29, "Actual Min Startup Time": 78.48, "Actual Max Startup Time": 78.48, "Actual Min Total Time": 79.571, "Actual Max Total Time": 79.571, "Inner Unique": false, "Plans": [{"Node Type": "Streaming(type: LOCAL GATHER dop: 1/16)", "Parent Relationship": "Outer", "Startup Cost": 1069.17, "Total Cost": 20335.44, "Plan Rows": 43, "Plan Width": 21, "Actual Min Startup Time": 78.374, "Actual Max Startup Time": 78.374, "Actual Min Total Time": 79.397, "Actual Max Total Time": 79.397, "Plans": [{"Node Type": "Seq Scan", "Parent Relationship": "Outer", "Relation Name": "title", "Alias": "t", "Startup Cost": 1069.17, "Total Cost": 20334.51, "Plan Rows": 43, "Plan Width": 21, "Actual Min Startup Time": 48.113, "Actual Max Startup Time": 65.731, "Actual Min Total Time": 62.348, "Actual Max Total Time": 65.731, "Filter": "((production_year >= 2006) AND (production_year <= 2007) AND (((title)::text ~~ 'One Piece%'::text) OR ((title)::text ~~ 'Dragon Ball Z%'::text)))", "Rows Removed by Filter": 2528304, "Actual Rows": 7}], "Actual Rows": 7}, {"Node Type": "Index Scan", "Parent Relationship": "Inner", "Scan Direction": "Forward", "Index Name": "movie_id_movie_companies", "Relation Name": "movie_companies", "Alias": "mc", "Startup Cost": 0.0, "Total Cost": 11.48, "Plan Rows": 1, "Plan Width": 8, "Actual Min Startup Time": 0.139, "Actual Max Startup Time": 0.139, "Actual Min Total Time": 0.148, "Actual Max Total Time": 0.148, "Index Cond": "(movie_id = t.id)", "Rows Removed by Index Recheck": 0, "Filter": "(((note)::text ~~ '%(Japan)%'::text) AND ((note)::text !~~ '%(USA)%'::text) AND (((note)::text ~~ '%(2006)%'::text) OR ((note)::text ~~ '%(2007)%'::text)))", "Rows Removed by Filter": 13, "Actual Rows": 4}], "Actual Rows": 4}, {"Node Type": "Index Scan", "Parent Relationship": "Inner", "Scan Direction": "Forward", "Index Name": "movie_id_cast_info", "Relation Name": "cast_info", "Alias": "ci", "Startup Cost": 0.0, "Total Cost": 27.88, "Plan Rows": 1, "Plan Width": 12, "Actual Min Startup Time": 0.106, "Actual Max Startup Time": 0.106, "Actual Min Total Time": 0.331, "Actual Max Total Time": 0.331, "Index Cond": "(movie_id = mc.movie_id)", "Rows Removed by Index Recheck": 0, "Filter": "((note)::text = '(voice: English version)'::text)", "Rows Removed by Filter": 68, "Actual Rows": 104}], "Actual Rows": 104}, {"Node Type": "Index Scan", "Parent Relationship": "Inner", "Scan Direction": "Forward", "Index Name": "person_id_aka_name", "Relation Name": "aka_name", "Alias": "an", "Startup Cost": 0.0, "Total Cost": 0.84, "Plan Rows": 1, "Plan Width": 20, "Actual Min Startup Time": 0.52, "Actual Max Startup Time": 0.52, "Actual Min Total Time": 0.636, "Actual Max Total Time": 0.636, "Index Cond": "(person_id = ci.person_id)", "Rows Removed by Index Recheck": 0, "Actual Rows": 171}], "Actual Rows": 171}, {"Node Type": "Index Scan", "Parent Relationship": "Inner", "Scan Direction": "Forward", "Index Name": "company_name_pkey", "Relation Name": "company_name", "Alias": "cn", "Startup Cost": 0.0, "Total Cost": 4.37, "Plan Rows": 1, "Plan Width": 4, "Actual Min Startup Time": 0.51, "Actual Max Startup Time": 0.51, "Actual Min Total Time": 0.51, "Actual Max Total Time": 0.51, "Index Cond": "(id = mc.company_id)", "Rows Removed by Index Recheck": 0, "Filter": "((country_code)::text = '[jp]'::text)", "Rows Removed by Filter": 0, "Actual Rows": 171}], "Actual Rows": 171}, {"Node Type": "Index Scan", "Parent Relationship": "Inner", "Scan Direction": "Forward", "Index Name": "name_pkey", "Relation Name": "name", "Alias": "n", "Startup Cost": 0.0, "Total Cost": 0.57, "Plan Rows": 1, "Plan Width": 4, "Actual Min Startup Time": 0.745, "Actual Max Startup Time": 0.745, "Actual Min Total Time": 0.745, "Actual Max Total Time": 0.745, "Index Cond": "(id = an.person_id)", "Rows Removed by Index Recheck": 0, "Filter": "(((name)::text ~~ '%Yo%'::text) AND ((name)::text !~~ '%Yu%'::text))", "Rows Removed by Filter": 165, "Actual Rows": 6}], "Actual Rows": 6}, {"Node Type": "Index Scan", "Parent Relationship": "Inner", "Scan Direction": "Forward", "Index Name": "role_type_pkey", "Relation Name": "role_type", "Alias": "rt", "Startup Cost": 0.0, "Total Cost": 0.27, "Plan Rows": 1, "Plan Width": 4, "Actual Min Startup Time": 0.018, "Actual Max Startup Time": 0.018, "Actual Min Total Time": 0.018, "Actual Max Total Time": 0.018, "Index Cond": "(id = ci.role_id)", "Rows Removed by Index Recheck": 0, "Filter": "((role)::text = 'actress'::text)", "Rows Removed by Filter": 0, "Actual Rows": 6}], "Actual Rows": 6}], "Actual Rows": 1}, "Triggers": [], "Planner Runtime": 30.568, "Total Runtime": 84.938, "Unique SQL Id": 3956435728}}, "(16, '121')": {"explain_plan": {"Plan": {"Node Type": "Aggregate", "Strategy": "Plain", "Startup Cost": 84111.26, "Total Cost": 84111.27, "Plan Rows": 1, "Plan Width": 97, "Plans": [{"Node Type": "Nested Loop", "Parent Relationship": "Outer", "Join Type": "Inner", "Startup Cost": 0.0, "Total Cost": 84111.26, "Plan Rows": 1, "Plan Width": 33, "Inner Unique": true, "Plans": [{"Node Type": "Nested Loop", "Parent Relationship": "Outer", "Join Type": "Inner", "Startup Cost": 0.0, "Total Cost": 84110.97, "Plan Rows": 1, "Plan Width": 37, "Inner Unique": true, "Plans": [{"Node Type": "Nested Loop", "Parent Relationship": "Outer", "Join Type": "Inner", "Startup Cost": 0.0, "Total Cost": 84110.39, "Plan Rows": 1, "Plan Width": 45, "Inner Unique": false, "Plans": [{"Node Type": "Nested Loop", "Parent Relationship": "Outer", "Join Type": "Inner", "Startup Cost": 0.0, "Total Cost": 84109.54, "Plan Rows": 1, "Plan Width": 25, "Inner Unique": false, "Join Filter": "(t.id = ci.movie_id)", "Plans": [{"Node Type": "Nested Loop", "Parent Relationship": "Outer", "Join Type": "Inner", "Startup Cost": 0.0, "Total Cost": 84053.76, "Plan Rows": 2, "Plan Width": 25, "Inner Unique": true, "Plans": [{"Node Type": "Nested Loop", "Parent Relationship": "Outer", "Join Type": "Inner", "Startup Cost": 0.0, "Total Cost": 81991.53, "Plan Rows": 262, "Plan Width": 4, "Inner Unique": false, "Plans": [{"Node Type": "Index Scan", "Parent Relationship": "Outer", "Scan Direction": "Forward", "Index Name": "company_name_pkey", "Relation Name": "company_name", "Alias": "cn", "Startup Cost": 0.0, "Total Cost": 10501.39, "Plan Rows": 6290, "Plan Width": 4, "Filter": "((country_code)::text = '[jp]'::text)"}, {"Node Type": "Index Scan", "Parent Relationship": "Inner", "Scan Direction": "Forward", "Index Name": "company_id_movie_companies", "Relation Name": "movie_companies", "Alias": "mc", "Startup Cost": 0.0, "Total Cost": 11.36, "Plan Rows": 1, "Plan Width": 8, "Index Cond": "(company_id = cn.id)", "Filter": "(((note)::text ~~ '%(Japan)%'::text) AND ((note)::text !~~ '%(USA)%'::text) AND (((note)::text ~~ '%(2006)%'::text) OR ((note)::text ~~ '%(2007)%'::text)))"}]}, {"Node Type": "Index Scan", "Parent Relationship": "Inner", "Scan Direction": "Forward", "Index Name": "title_pkey", "Relation Name": "title", "Alias": "t", "Startup Cost": 0.0, "Total Cost": 7.86, "Plan Rows": 1, "Plan Width": 21, "Index Cond": "(id = mc.movie_id)", "Filter": "((production_year >= 2006) AND (production_year <= 2007) AND (((title)::text ~~ 'One Piece%'::text) OR ((title)::text ~~ 'Dragon Ball Z%'::text)))"}]}, {"Node Type": "Index Scan", "Parent Relationship": "Inner", "Scan Direction": "Forward", "Index Name": "movie_id_cast_info", "Relation Name": "cast_info", "Alias": "ci", "Startup Cost": 0.0, "Total Cost": 27.88, "Plan Rows": 1, "Plan Width": 12, "Index Cond": "(movie_id = mc.movie_id)", "Filter": "((note)::text = '(voice: English version)'::text)"}]}, {"Node Type": "Index Scan", "Parent Relationship": "Inner", "Scan Direction": "Forward", "Index Name": "person_id_aka_name", "Relation Name": "aka_name", "Alias": "an", "Startup Cost": 0.0, "Total Cost": 0.84, "Plan Rows": 1, "Plan Width": 20, "Index Cond": "(person_id = ci.person_id)"}]}, {"Node Type": "Index Scan", "Parent Relationship": "Inner", "Scan Direction": "Forward", "Index Name": "name_pkey", "Relation Name": "name", "Alias": "n", "Startup Cost": 0.0, "Total Cost": 0.57, "Plan Rows": 1, "Plan Width": 4, "Index Cond": "(id = an.person_id)", "Filter": "(((name)::text ~~ '%Yo%'::text) AND ((name)::text !~~ '%Yu%'::text))"}]}, {"Node Type": "Index Scan", "Parent Relationship": "Inner", "Scan Direction": "Forward", "Index Name": "role_type_pkey", "Relation Name": "role_type", "Alias": "rt", "Startup Cost": 0.0, "Total Cost": 0.27, "Plan Rows": 1, "Plan Width": 4, "Index Cond": "(id = ci.role_id)", "Filter": "((role)::text = 'actress'::text)"}]}]}, "Unique SQL Id": 3956435728, "Planner Runtime": 9}, "explain_analyze_plan": null}, "(16, '122')": {"explain_plan": {"Plan": {"Node Type": "Aggregate", "Strategy": "Plain", "Startup Cost": 163047.73, "Total Cost": 163047.76, "Plan Rows": 1, "Plan Width": 97, "Plans": [{"Node Type": "Streaming(type: LOCAL GATHER dop: 1/16)", "Parent Relationship": "Outer", "Startup Cost": 163047.73, "Total Cost": 163047.76, "Plan Rows": 1, "Plan Width": 97, "Plans": [{"Node Type": "Aggregate", "Strategy": "Plain", "Parent Relationship": "Outer", "Startup Cost": 163047.73, "Total Cost": 163047.74, "Plan Rows": 1, "Plan Width": 97, "Plans": [{"Node Type": "Nested Loop", "Parent Relationship": "Outer", "Join Type": "Inner", "Startup Cost": 1069.17, "Total Cost": 163047.73, "Plan Rows": 1, "Plan Width": 33, "Inner Unique": false, "Join Filter": "(n.id = an.person_id)", "Plans": [{"Node Type": "Streaming(type: BROADCAST dop: 16/1)", "Parent Relationship": "Outer", "Startup Cost": 1069.17, "Total Cost": 146099.28, "Plan Rows": 16, "Plan Width": 25, "Plans": [{"Node Type": "Nested Loop", "Parent Relationship": "Outer", "Join Type": "Inner", "Startup Cost": 1069.17, "Total Cost": 131098.93, "Plan Rows": 1, "Plan Width": 25, "Inner Unique": true, "Join Filter": "(ci.person_id = n.id)", "Plans": [{"Node Type": "Nested Loop", "Parent Relationship": "Outer", "Join Type": "Inner", "Startup Cost": 1069.17, "Total Cost": 108506.33, "Plan Rows": 1, "Plan Width": 21, "Inner Unique": true, "Join Filter": "(mc.company_id = cn.id)", "Plans": [{"Node Type": "Nested Loop", "Parent Relationship": "Outer", "Join Type": "Inner", "Startup Cost": 1069.17, "Total Cost": 102524.26, "Plan Rows": 1, "Plan Width": 25, "Inner Unique": false, "Join Filter": "(ci.movie_id = t.id)", "Plans": [{"Node Type": "Nested Loop", "Parent Relationship": "Outer", "Join Type": "Inner", "Startup Cost": 0.0, "Total Cost": 61579.53, "Plan Rows": 8790, "Plan Width": 8, "Inner Unique": false, "Join Filter": "(ci.role_id = rt.id)", "Plans": [{"Node Type": "Seq Scan", "Parent Relationship": "Outer", "Relation Name": "role_type", "Alias": "rt", "Startup Cost": 0.0, "Total Cost": 1.15, "Plan Rows": 1, "Plan Width": 4, "Filter": "((role)::text = 'actress'::text)"}, {"Node Type": "Materialize", "Parent Relationship": "Inner", "Startup Cost": 0.0, "Total Cost": 60611.46, "Plan Rows": 96692, "Plan Width": 12, "Plans": [{"Node Type": "Streaming(type: LOCAL GATHER dop: 1/16)", "Parent Relationship": "Outer", "Startup Cost": 0.0, "Total Cost": 60369.73, "Plan Rows": 96692, "Plan Width": 12, "Plans": [{"Node Type": "Seq Scan", "Parent Relationship": "Outer", "Relation Name": "cast_info", "Alias": "ci", "Startup Cost": 0.0, "Total Cost": 58282.92, "Plan Rows": 96692, "Plan Width": 12, "Filter": "((note)::text = '(voice: English version)'::text)"}]}]}]}, {"Node Type": "Materialize", "Parent Relationship": "Inner", "Startup Cost": 1069.17, "Total Cost": 40681.04, "Plan Rows": 2, "Plan Width": 29, "Plans": [{"Node Type": "Nested Loop", "Parent Relationship": "Outer", "Join Type": "Inner", "Startup Cost": 1069.17, "Total Cost": 40681.03, "Plan Rows": 2, "Plan Width": 29, "Inner Unique": true, "Join Filter": "(mc.movie_id = t.id)", "Plans": [{"Node Type": "Streaming(type: LOCAL GATHER dop: 1/16)", "Parent Relationship": "Outer", "Startup Cost": 0.0, "Total Cost": 19279.94, "Plan Rows": 1652, "Plan Width": 8, "Plans": [{"Node Type": "Seq Scan", "Parent Relationship": "Outer", "Relation Name": "movie_companies", "Alias": "mc", "Startup Cost": 0.0, "Total Cost": 19244.28, "Plan Rows": 1652, "Plan Width": 8, "Filter": "(((note)::text ~~ '%(Japan)%'::text) AND ((note)::text !~~ '%(USA)%'::text) AND (((note)::text ~~ '%(2006)%'::text) OR ((note)::text ~~ '%(2007)%'::text)))"}]}, {"Node Type": "Materialize", "Parent Relationship": "Inner", "Startup Cost": 1069.17, "Total Cost": 20335.66, "Plan Rows": 43, "Plan Width": 21, "Plans": [{"Node Type": "Streaming(type: LOCAL GATHER dop: 1/16)", "Parent Relationship": "Outer", "Startup Cost": 1069.17, "Total Cost": 20335.44, "Plan Rows": 43, "Plan Width": 21, "Plans": [{"Node Type": "Seq Scan", "Parent Relationship": "Outer", "Relation Name": "title", "Alias": "t", "Startup Cost": 1069.17, "Total Cost": 20334.51, "Plan Rows": 43, "Plan Width": 21, "Filter": "((production_year >= 2006) AND (production_year <= 2007) AND (((title)::text ~~ 'One Piece%'::text) OR ((title)::text ~~ 'Dragon Ball Z%'::text)))"}]}]}]}]}]}, {"Node Type": "Seq Scan", "Parent Relationship": "Inner", "Relation Name": "company_name", "Alias": "cn", "Startup Cost": 0.0, "Total Cost": 5903.45, "Plan Rows": 6290, "Plan Width": 4, "Filter": "((country_code)::text = '[jp]'::text)"}]}, {"Node Type": "Materialize", "Parent Relationship": "Inner", "Startup Cost": 0.0, "Total Cost": 22453.74, "Plan Rows": 13886, "Plan Width": 4, "Plans": [{"Node Type": "Streaming(type: LOCAL GATHER dop: 1/16)", "Parent Relationship": "Outer", "Startup Cost": 0.0, "Total Cost": 22419.02, "Plan Rows": 13886, "Plan Width": 4, "Plans": [{"Node Type": "Seq Scan", "Parent Relationship": "Outer", "Relation Name": "name", "Alias": "n", "Startup Cost": 0.0, "Total Cost": 22119.33, "Plan Rows": 13886, "Plan Width": 4, "Filter": "(((name)::text ~~ '%Yo%'::text) AND ((name)::text !~~ '%Yu%'::text))"}]}]}]}]}, {"Node Type": "Seq Scan", "Parent Relationship": "Inner", "Relation Name": "aka_name", "Alias": "an", "Startup Cost": 0.0, "Total Cost": 16244.28, "Plan Rows": 901342, "Plan Width": 20}]}]}]}]}, "Unique SQL Id": 3956435728, "Planner Runtime": 17}, "explain_analyze_plan": null}, "(16, '123')": {"explain_plan": {"Plan": {"Node Type": "Aggregate", "Strategy": "Plain", "Startup Cost": 7000171740968.88, "Total Cost": 7000171740968.89, "Plan Rows": 1, "Plan Width": 97, "Plans": [{"Node Type": "Nested Loop", "Parent Relationship": "Outer", "Join Type": "Inner", "Startup Cost": 70000000000.0, "Total Cost": 7000171740968.87, "Plan Rows": 1, "Plan Width": 33, "Inner Unique": true, "Join Filter": "(ci.role_id = rt.id)", "Plans": [{"Node Type": "Nested Loop", "Parent Relationship": "Outer", "Join Type": "Inner", "Startup Cost": 60000000000.0, "Total Cost": 6000171739722.86, "Plan Rows": 1, "Plan Width": 37, "Inner Unique": true, "Plans": [{"Node Type": "Nested Loop", "Parent Relationship": "Outer", "Join Type": "Inner", "Startup Cost": 50000000000.0, "Total Cost": 5000171739665.63, "Plan Rows": 1, "Plan Width": 45, "Inner Unique": true, "Plans": [{"Node Type": "Nested Loop", "Parent Relationship": "Outer", "Join Type": "Inner", "Startup Cost": 40000000000.0, "Total Cost": 4000171739228.2, "Plan Rows": 1, "Plan Width": 49, "Inner Unique": false, "Plans": [{"Node Type": "Nested Loop", "Parent Relationship": "Outer", "Join Type": "Inner", "Startup Cost": 30000000000.0, "Total Cost": 3000171739143.81, "Plan Rows": 1, "Plan Width": 29, "Inner Unique": false, "Join Filter": "(t.id = ci.movie_id)", "Plans": [{"Node Type": "Index Scan", "Parent Relationship": "Outer", "Scan Direction": "Forward", "Index Name": "role_id_cast_info", "Relation Name": "cast_info", "Alias": "ci", "Startup Cost": 10000000000.0, "Total Cost": 1000143218339.5, "Plan Rows": 96692, "Plan Width": 12, "Filter": "((note)::text = '(voice: English version)'::text)"}, {"Node Type": "Materialize", "Parent Relationship": "Inner", "Startup Cost": 20000000000.0, "Total Cost": 2000028517903.55, "Plan Rows": 2, "Plan Width": 29, "Plans": [{"Node Type": "Nested Loop", "Parent Relationship": "Outer", "Join Type": "Inner", "Startup Cost": 20000000000.0, "Total Cost": 2000028517903.54, "Plan Rows": 2, "Plan Width": 29, "Inner Unique": true, "Join Filter": "(mc.movie_id = t.id)", "Plans": [{"Node Type": "Index Scan", "Parent Relationship": "Outer", "Scan Direction": "Forward", "Index Name": "company_id_movie_companies", "Relation Name": "movie_companies", "Alias": "mc", "Startup Cost": 10000000000.0, "Total Cost": 1000014976477.98, "Plan Rows": 1652, "Plan Width": 8, "Filter": "(((note)::text ~~ '%(Japan)%'::text) AND ((note)::text !~~ '%(USA)%'::text) AND (((note)::text ~~ '%(2006)%'::text) OR ((note)::text ~~ '%(2007)%'::text)))"}, {"Node Type": "Materialize", "Parent Relationship": "Inner", "Startup Cost": 10000000000.0, "Total Cost": 1000013540360.13, "Plan Rows": 43, "Plan Width": 21, "Plans": [{"Node Type": "Index Scan", "Parent Relationship": "Outer", "Scan Direction": "Forward", "Index Name": "title_pkey", "Relation Name": "title", "Alias": "t", "Startup Cost": 10000000000.0, "Total Cost": 1000013540359.91, "Plan Rows": 43, "Plan Width": 21, "Filter": "((production_year >= 2006) AND (production_year <= 2007) AND (((title)::text ~~ 'One Piece%'::text) OR ((title)::text ~~ 'Dragon Ball Z%'::text)))"}]}]}]}]}, {"Node Type": "Index Scan", "Parent Relationship": "Inner", "Scan Direction": "Forward", "Index Name": "person_id_aka_name", "Relation Name": "aka_name", "Alias": "an", "Startup Cost": 10000000000.0, "Total Cost": 1000000000084.38, "Plan Rows": 1, "Plan Width": 20, "Index Cond": "(person_id = ci.person_id)"}]}, {"Node Type": "Index Scan", "Parent Relationship": "Inner", "Scan Direction": "Forward", "Index Name": "company_name_pkey", "Relation Name": "company_name", "Alias": "cn", "Startup Cost": 10000000000.0, "Total Cost": 1000000000437.42, "Plan Rows": 1, "Plan Width": 4, "Index Cond": "(id = mc.company_id)", "Filter": "((country_code)::text = '[jp]'::text)"}]}, {"Node Type": "Index Scan", "Parent Relationship": "Inner", "Scan Direction": "Forward", "Index Name": "name_pkey", "Relation Name": "name", "Alias": "n", "Startup Cost": 10000000000.0, "Total Cost": 1000000000057.22, "Plan Rows": 1, "Plan Width": 4, "Index Cond": "(id = an.person_id)", "Filter": "(((name)::text ~~ '%Yo%'::text) AND ((name)::text !~~ '%Yu%'::text))"}]}, {"Node Type": "Index Scan", "Parent Relationship": "Inner", "Scan Direction": "Forward", "Index Name": "role_type_pkey", "Relation Name": "role_type", "Alias": "rt", "Startup Cost": 10000000000.0, "Total Cost": 1000000001246.0, "Plan Rows": 1, "Plan Width": 4, "Filter": "((role)::text = 'actress'::text)"}]}]}, "Unique SQL Id": 3956435728, "Planner Runtime": 8}, "explain_analyze_plan": null}, "(16, '124')": {"explain_plan": {"Plan": {"Node Type": "Aggregate", "Strategy": "Plain", "Startup Cost": 20891.31, "Total Cost": 20891.32, "Plan Rows": 1, "Plan Width": 97, "Plans": [{"Node Type": "Nested Loop", "Parent Relationship": "Outer", "Join Type": "Inner", "Startup Cost": 1069.17, "Total Cost": 20891.3, "Plan Rows": 1, "Plan Width": 33, "Inner Unique": true, "Plans": [{"Node Type": "Nested Loop", "Parent Relationship": "Outer", "Join Type": "Inner", "Startup Cost": 1069.17, "Total Cost": 20891.02, "Plan Rows": 1, "Plan Width": 37, "Inner Unique": true, "Plans": [{"Node Type": "Nested Loop", "Parent Relationship": "Outer", "Join Type": "Inner", "Startup Cost": 1069.17, "Total Cost": 20890.44, "Plan Rows": 1, "Plan Width": 45, "Inner Unique": true, "Plans": [{"Node Type": "Nested Loop", "Parent Relationship": "Outer", "Join Type": "Inner", "Startup Cost": 1069.17, "Total Cost": 20886.05, "Plan Rows": 1, "Plan Width": 49, "Inner Unique": false, "Plans": [{"Node Type": "Nested Loop", "Parent Relationship": "Outer", "Join Type": "Inner", "Startup Cost": 1069.17, "Total Cost": 20885.2, "Plan Rows": 1, "Plan Width": 29, "Inner Unique": false, "Join Filter": "(t.id = ci.movie_id)", "Plans": [{"Node Type": "Nested Loop", "Parent Relationship": "Outer", "Join Type": "Inner", "Startup Cost": 1069.17, "Total Cost": 20829.42, "Plan Rows": 2, "Plan Width": 29, "Inner Unique": false, "Plans": [{"Node Type": "Streaming(type: LOCAL GATHER dop: 1/16)", "Parent Relationship": "Outer", "Startup Cost": 1069.17, "Total Cost": 20335.44, "Plan Rows": 43, "Plan Width": 21, "Plans": [{"Node Type": "Seq Scan", "Parent Relationship": "Outer", "Relation Name": "title", "Alias": "t", "Startup Cost": 1069.17, "Total Cost": 20334.51, "Plan Rows": 43, "Plan Width": 21, "Filter": "((production_year >= 2006) AND (production_year <= 2007) AND (((title)::text ~~ 'One Piece%'::text) OR ((title)::text ~~ 'Dragon Ball Z%'::text)))"}]}, {"Node Type": "Index Scan", "Parent Relationship": "Inner", "Scan Direction": "Forward", "Index Name": "movie_id_movie_companies", "Relation Name": "movie_companies", "Alias": "mc", "Startup Cost": 0.0, "Total Cost": 11.48, "Plan Rows": 1, "Plan Width": 8, "Index Cond": "(movie_id = t.id)", "Filter": "(((note)::text ~~ '%(Japan)%'::text) AND ((note)::text !~~ '%(USA)%'::text) AND (((note)::text ~~ '%(2006)%'::text) OR ((note)::text ~~ '%(2007)%'::text)))"}]}, {"Node Type": "Index Scan", "Parent Relationship": "Inner", "Scan Direction": "Forward", "Index Name": "movie_id_cast_info", "Relation Name": "cast_info", "Alias": "ci", "Startup Cost": 0.0, "Total Cost": 27.88, "Plan Rows": 1, "Plan Width": 12, "Index Cond": "(movie_id = mc.movie_id)", "Filter": "((note)::text = '(voice: English version)'::text)"}]}, {"Node Type": "Index Scan", "Parent Relationship": "Inner", "Scan Direction": "Forward", "Index Name": "person_id_aka_name", "Relation Name": "aka_name", "Alias": "an", "Startup Cost": 0.0, "Total Cost": 0.84, "Plan Rows": 1, "Plan Width": 20, "Index Cond": "(person_id = ci.person_id)"}]}, {"Node Type": "Index Scan", "Parent Relationship": "Inner", "Scan Direction": "Forward", "Index Name": "company_name_pkey", "Relation Name": "company_name", "Alias": "cn", "Startup Cost": 0.0, "Total Cost": 4.37, "Plan Rows": 1, "Plan Width": 4, "Index Cond": "(id = mc.company_id)", "Filter": "((country_code)::text = '[jp]'::text)"}]}, {"Node Type": "Index Scan", "Parent Relationship": "Inner", "Scan Direction": "Forward", "Index Name": "name_pkey", "Relation Name": "name", "Alias": "n", "Startup Cost": 0.0, "Total Cost": 0.57, "Plan Rows": 1, "Plan Width": 4, "Index Cond": "(id = an.person_id)", "Filter": "(((name)::text ~~ '%Yo%'::text) AND ((name)::text !~~ '%Yu%'::text))"}]}, {"Node Type": "Index Scan", "Parent Relationship": "Inner", "Scan Direction": "Forward", "Index Name": "role_type_pkey", "Relation Name": "role_type", "Alias": "rt", "Startup Cost": 0.0, "Total Cost": 0.27, "Plan Rows": 1, "Plan Width": 4, "Index Cond": "(id = ci.role_id)", "Filter": "((role)::text = 'actress'::text)"}]}]}, "Unique SQL Id": 3956435728, "Planner Runtime": 11}, "explain_analyze_plan": {"Plan": {"Node Type": "Aggregate", "Strategy": "Plain", "Startup Cost": 20891.31, "Total Cost": 20891.32, "Plan Rows": 1, "Plan Width": 97, "Actual Min Startup Time": 82.24, "Actual Max Startup Time": 82.24, "Actual Min Total Time": 82.24, "Actual Max Total Time": 82.24, "Plans": [{"Node Type": "Nested Loop", "Parent Relationship": "Outer", "Join Type": "Inner", "Startup Cost": 1069.17, "Total Cost": 20891.3, "Plan Rows": 1, "Plan Width": 33, "Actual Min Startup Time": 79.771, "Actual Max Startup Time": 79.771, "Actual Min Total Time": 82.203, "Actual Max Total Time": 82.203, "Inner Unique": true, "Plans": [{"Node Type": "Nested Loop", "Parent Relationship": "Outer", "Join Type": "Inner", "Startup Cost": 1069.17, "Total Cost": 20891.02, "Plan Rows": 1, "Plan Width": 37, "Actual Min Startup Time": 79.76, "Actual Max Startup Time": 79.76, "Actual Min Total Time": 82.178, "Actual Max Total Time": 82.178, "Inner Unique": true, "Plans": [{"Node Type": "Nested Loop", "Parent Relationship": "Outer", "Join Type": "Inner", "Startup Cost": 1069.17, "Total Cost": 20890.44, "Plan Rows": 1, "Plan Width": 45, "Actual Min Startup Time": 78.621, "Actual Max Startup Time": 78.621, "Actual Min Total Time": 81.338, "Actual Max Total Time": 81.338, "Inner Unique": true, "Plans": [{"Node Type": "Nested Loop", "Parent Relationship": "Outer", "Join Type": "Inner", "Startup Cost": 1069.17, "Total Cost": 20886.05, "Plan Rows": 1, "Plan Width": 49, "Actual Min Startup Time": 78.603, "Actual Max Startup Time": 78.603, "Actual Min Total Time": 80.695, "Actual Max Total Time": 80.695, "Inner Unique": false, "Plans": [{"Node Type": "Nested Loop", "Parent Relationship": "Outer", "Join Type": "Inner", "Startup Cost": 1069.17, "Total Cost": 20885.2, "Plan Rows": 1, "Plan Width": 29, "Actual Min Startup Time": 78.587, "Actual Max Startup Time": 78.587, "Actual Min Total Time": 79.943, "Actual Max Total Time": 79.943, "Inner Unique": false, "Join Filter": "(t.id = ci.movie_id)", "Rows Removed by Join Filter": 0, "Plans": [{"Node Type": "Nested Loop", "Parent Relationship": "Outer", "Join Type": "Inner", "Startup Cost": 1069.17, "Total Cost": 20829.42, "Plan Rows": 2, "Plan Width": 29, "Actual Min Startup Time": 78.48, "Actual Max Startup Time": 78.48, "Actual Min Total Time": 79.571, "Actual Max Total Time": 79.571, "Inner Unique": false, "Plans": [{"Node Type": "Streaming(type: LOCAL GATHER dop: 1/16)", "Parent Relationship": "Outer", "Startup Cost": 1069.17, "Total Cost": 20335.44, "Plan Rows": 43, "Plan Width": 21, "Actual Min Startup Time": 78.374, "Actual Max Startup Time": 78.374, "Actual Min Total Time": 79.397, "Actual Max Total Time": 79.397, "Plans": [{"Node Type": "Seq Scan", "Parent Relationship": "Outer", "Relation Name": "title", "Alias": "t", "Startup Cost": 1069.17, "Total Cost": 20334.51, "Plan Rows": 43, "Plan Width": 21, "Actual Min Startup Time": 48.113, "Actual Max Startup Time": 65.731, "Actual Min Total Time": 62.348, "Actual Max Total Time": 65.731, "Filter": "((production_year >= 2006) AND (production_year <= 2007) AND (((title)::text ~~ 'One Piece%'::text) OR ((title)::text ~~ 'Dragon Ball Z%'::text)))", "Rows Removed by Filter": 2528304, "Actual Rows": 7}], "Actual Rows": 7}, {"Node Type": "Index Scan", "Parent Relationship": "Inner", "Scan Direction": "Forward", "Index Name": "movie_id_movie_companies", "Relation Name": "movie_companies", "Alias": "mc", "Startup Cost": 0.0, "Total Cost": 11.48, "Plan Rows": 1, "Plan Width": 8, "Actual Min Startup Time": 0.139, "Actual Max Startup Time": 0.139, "Actual Min Total Time": 0.148, "Actual Max Total Time": 0.148, "Index Cond": "(movie_id = t.id)", "Rows Removed by Index Recheck": 0, "Filter": "(((note)::text ~~ '%(Japan)%'::text) AND ((note)::text !~~ '%(USA)%'::text) AND (((note)::text ~~ '%(2006)%'::text) OR ((note)::text ~~ '%(2007)%'::text)))", "Rows Removed by Filter": 13, "Actual Rows": 4}], "Actual Rows": 4}, {"Node Type": "Index Scan", "Parent Relationship": "Inner", "Scan Direction": "Forward", "Index Name": "movie_id_cast_info", "Relation Name": "cast_info", "Alias": "ci", "Startup Cost": 0.0, "Total Cost": 27.88, "Plan Rows": 1, "Plan Width": 12, "Actual Min Startup Time": 0.106, "Actual Max Startup Time": 0.106, "Actual Min Total Time": 0.331, "Actual Max Total Time": 0.331, "Index Cond": "(movie_id = mc.movie_id)", "Rows Removed by Index Recheck": 0, "Filter": "((note)::text = '(voice: English version)'::text)", "Rows Removed by Filter": 68, "Actual Rows": 104}], "Actual Rows": 104}, {"Node Type": "Index Scan", "Parent Relationship": "Inner", "Scan Direction": "Forward", "Index Name": "person_id_aka_name", "Relation Name": "aka_name", "Alias": "an", "Startup Cost": 0.0, "Total Cost": 0.84, "Plan Rows": 1, "Plan Width": 20, "Actual Min Startup Time": 0.52, "Actual Max Startup Time": 0.52, "Actual Min Total Time": 0.636, "Actual Max Total Time": 0.636, "Index Cond": "(person_id = ci.person_id)", "Rows Removed by Index Recheck": 0, "Actual Rows": 171}], "Actual Rows": 171}, {"Node Type": "Index Scan", "Parent Relationship": "Inner", "Scan Direction": "Forward", "Index Name": "company_name_pkey", "Relation Name": "company_name", "Alias": "cn", "Startup Cost": 0.0, "Total Cost": 4.37, "Plan Rows": 1, "Plan Width": 4, "Actual Min Startup Time": 0.51, "Actual Max Startup Time": 0.51, "Actual Min Total Time": 0.51, "Actual Max Total Time": 0.51, "Index Cond": "(id = mc.company_id)", "Rows Removed by Index Recheck": 0, "Filter": "((country_code)::text = '[jp]'::text)", "Rows Removed by Filter": 0, "Actual Rows": 171}], "Actual Rows": 171}, {"Node Type": "Index Scan", "Parent Relationship": "Inner", "Scan Direction": "Forward", "Index Name": "name_pkey", "Relation Name": "name", "Alias": "n", "Startup Cost": 0.0, "Total Cost": 0.57, "Plan Rows": 1, "Plan Width": 4, "Actual Min Startup Time": 0.745, "Actual Max Startup Time": 0.745, "Actual Min Total Time": 0.745, "Actual Max Total Time": 0.745, "Index Cond": "(id = an.person_id)", "Rows Removed by Index Recheck": 0, "Filter": "(((name)::text ~~ '%Yo%'::text) AND ((name)::text !~~ '%Yu%'::text))", "Rows Removed by Filter": 165, "Actual Rows": 6}], "Actual Rows": 6}, {"Node Type": "Index Scan", "Parent Relationship": "Inner", "Scan Direction": "Forward", "Index Name": "role_type_pkey", "Relation Name": "role_type", "Alias": "rt", "Startup Cost": 0.0, "Total Cost": 0.27, "Plan Rows": 1, "Plan Width": 4, "Actual Min Startup Time": 0.018, "Actual Max Startup Time": 0.018, "Actual Min Total Time": 0.018, "Actual Max Total Time": 0.018, "Index Cond": "(id = ci.role_id)", "Rows Removed by Index Recheck": 0, "Filter": "((role)::text = 'actress'::text)", "Rows Removed by Filter": 0, "Actual Rows": 6}], "Actual Rows": 6}], "Actual Rows": 1}, "Triggers": [], "Planner Runtime": 30.568, "Total Runtime": 84.938, "Unique SQL Id": 3956435728}}, "(16, '125')": {"explain_plan": {"Plan": {"Node Type": "Aggregate", "Strategy": "Plain", "Startup Cost": 84111.26, "Total Cost": 84111.27, "Plan Rows": 1, "Plan Width": 97, "Plans": [{"Node Type": "Nested Loop", "Parent Relationship": "Outer", "Join Type": "Inner", "Startup Cost": 0.0, "Total Cost": 84111.26, "Plan Rows": 1, "Plan Width": 33, "Inner Unique": true, "Plans": [{"Node Type": "Nested Loop", "Parent Relationship": "Outer", "Join Type": "Inner", "Startup Cost": 0.0, "Total Cost": 84110.97, "Plan Rows": 1, "Plan Width": 37, "Inner Unique": true, "Plans": [{"Node Type": "Nested Loop", "Parent Relationship": "Outer", "Join Type": "Inner", "Startup Cost": 0.0, "Total Cost": 84110.39, "Plan Rows": 1, "Plan Width": 45, "Inner Unique": false, "Plans": [{"Node Type": "Nested Loop", "Parent Relationship": "Outer", "Join Type": "Inner", "Startup Cost": 0.0, "Total Cost": 84109.54, "Plan Rows": 1, "Plan Width": 25, "Inner Unique": false, "Join Filter": "(t.id = ci.movie_id)", "Plans": [{"Node Type": "Nested Loop", "Parent Relationship": "Outer", "Join Type": "Inner", "Startup Cost": 0.0, "Total Cost": 84053.76, "Plan Rows": 2, "Plan Width": 25, "Inner Unique": true, "Plans": [{"Node Type": "Nested Loop", "Parent Relationship": "Outer", "Join Type": "Inner", "Startup Cost": 0.0, "Total Cost": 81991.53, "Plan Rows": 262, "Plan Width": 4, "Inner Unique": false, "Plans": [{"Node Type": "Index Scan", "Parent Relationship": "Outer", "Scan Direction": "Forward", "Index Name": "company_name_pkey", "Relation Name": "company_name", "Alias": "cn", "Startup Cost": 0.0, "Total Cost": 10501.39, "Plan Rows": 6290, "Plan Width": 4, "Filter": "((country_code)::text = '[jp]'::text)"}, {"Node Type": "Index Scan", "Parent Relationship": "Inner", "Scan Direction": "Forward", "Index Name": "company_id_movie_companies", "Relation Name": "movie_companies", "Alias": "mc", "Startup Cost": 0.0, "Total Cost": 11.36, "Plan Rows": 1, "Plan Width": 8, "Index Cond": "(company_id = cn.id)", "Filter": "(((note)::text ~~ '%(Japan)%'::text) AND ((note)::text !~~ '%(USA)%'::text) AND (((note)::text ~~ '%(2006)%'::text) OR ((note)::text ~~ '%(2007)%'::text)))"}]}, {"Node Type": "Index Scan", "Parent Relationship": "Inner", "Scan Direction": "Forward", "Index Name": "title_pkey", "Relation Name": "title", "Alias": "t", "Startup Cost": 0.0, "Total Cost": 7.86, "Plan Rows": 1, "Plan Width": 21, "Index Cond": "(id = mc.movie_id)", "Filter": "((production_year >= 2006) AND (production_year <= 2007) AND (((title)::text ~~ 'One Piece%'::text) OR ((title)::text ~~ 'Dragon Ball Z%'::text)))"}]}, {"Node Type": "Index Scan", "Parent Relationship": "Inner", "Scan Direction": "Forward", "Index Name": "movie_id_cast_info", "Relation Name": "cast_info", "Alias": "ci", "Startup Cost": 0.0, "Total Cost": 27.88, "Plan Rows": 1, "Plan Width": 12, "Index Cond": "(movie_id = mc.movie_id)", "Filter": "((note)::text = '(voice: English version)'::text)"}]}, {"Node Type": "Index Scan", "Parent Relationship": "Inner", "Scan Direction": "Forward", "Index Name": "person_id_aka_name", "Relation Name": "aka_name", "Alias": "an", "Startup Cost": 0.0, "Total Cost": 0.84, "Plan Rows": 1, "Plan Width": 20, "Index Cond": "(person_id = ci.person_id)"}]}, {"Node Type": "Index Scan", "Parent Relationship": "Inner", "Scan Direction": "Forward", "Index Name": "name_pkey", "Relation Name": "name", "Alias": "n", "Startup Cost": 0.0, "Total Cost": 0.57, "Plan Rows": 1, "Plan Width": 4, "Index Cond": "(id = an.person_id)", "Filter": "(((name)::text ~~ '%Yo%'::text) AND ((name)::text !~~ '%Yu%'::text))"}]}, {"Node Type": "Index Scan", "Parent Relationship": "Inner", "Scan Direction": "Forward", "Index Name": "role_type_pkey", "Relation Name": "role_type", "Alias": "rt", "Startup Cost": 0.0, "Total Cost": 0.27, "Plan Rows": 1, "Plan Width": 4, "Index Cond": "(id = ci.role_id)", "Filter": "((role)::text = 'actress'::text)"}]}]}, "Unique SQL Id": 3956435728, "Planner Runtime": 9}, "explain_analyze_plan": null}, "(16, '126')": {"explain_plan": {"Plan": {"Node Type": "Aggregate", "Strategy": "Plain", "Startup Cost": 163047.73, "Total Cost": 163047.76, "Plan Rows": 1, "Plan Width": 97, "Plans": [{"Node Type": "Streaming(type: LOCAL GATHER dop: 1/16)", "Parent Relationship": "Outer", "Startup Cost": 163047.73, "Total Cost": 163047.76, "Plan Rows": 1, "Plan Width": 97, "Plans": [{"Node Type": "Aggregate", "Strategy": "Plain", "Parent Relationship": "Outer", "Startup Cost": 163047.73, "Total Cost": 163047.74, "Plan Rows": 1, "Plan Width": 97, "Plans": [{"Node Type": "Nested Loop", "Parent Relationship": "Outer", "Join Type": "Inner", "Startup Cost": 1069.17, "Total Cost": 163047.73, "Plan Rows": 1, "Plan Width": 33, "Inner Unique": false, "Join Filter": "(n.id = an.person_id)", "Plans": [{"Node Type": "Streaming(type: BROADCAST dop: 16/1)", "Parent Relationship": "Outer", "Startup Cost": 1069.17, "Total Cost": 146099.28, "Plan Rows": 16, "Plan Width": 25, "Plans": [{"Node Type": "Nested Loop", "Parent Relationship": "Outer", "Join Type": "Inner", "Startup Cost": 1069.17, "Total Cost": 131098.93, "Plan Rows": 1, "Plan Width": 25, "Inner Unique": true, "Join Filter": "(ci.person_id = n.id)", "Plans": [{"Node Type": "Nested Loop", "Parent Relationship": "Outer", "Join Type": "Inner", "Startup Cost": 1069.17, "Total Cost": 108506.33, "Plan Rows": 1, "Plan Width": 21, "Inner Unique": true, "Join Filter": "(mc.company_id = cn.id)", "Plans": [{"Node Type": "Nested Loop", "Parent Relationship": "Outer", "Join Type": "Inner", "Startup Cost": 1069.17, "Total Cost": 102524.26, "Plan Rows": 1, "Plan Width": 25, "Inner Unique": false, "Join Filter": "(ci.movie_id = t.id)", "Plans": [{"Node Type": "Nested Loop", "Parent Relationship": "Outer", "Join Type": "Inner", "Startup Cost": 0.0, "Total Cost": 61579.53, "Plan Rows": 8790, "Plan Width": 8, "Inner Unique": false, "Join Filter": "(ci.role_id = rt.id)", "Plans": [{"Node Type": "Seq Scan", "Parent Relationship": "Outer", "Relation Name": "role_type", "Alias": "rt", "Startup Cost": 0.0, "Total Cost": 1.15, "Plan Rows": 1, "Plan Width": 4, "Filter": "((role)::text = 'actress'::text)"}, {"Node Type": "Materialize", "Parent Relationship": "Inner", "Startup Cost": 0.0, "Total Cost": 60611.46, "Plan Rows": 96692, "Plan Width": 12, "Plans": [{"Node Type": "Streaming(type: LOCAL GATHER dop: 1/16)", "Parent Relationship": "Outer", "Startup Cost": 0.0, "Total Cost": 60369.73, "Plan Rows": 96692, "Plan Width": 12, "Plans": [{"Node Type": "Seq Scan", "Parent Relationship": "Outer", "Relation Name": "cast_info", "Alias": "ci", "Startup Cost": 0.0, "Total Cost": 58282.92, "Plan Rows": 96692, "Plan Width": 12, "Filter": "((note)::text = '(voice: English version)'::text)"}]}]}]}, {"Node Type": "Materialize", "Parent Relationship": "Inner", "Startup Cost": 1069.17, "Total Cost": 40681.04, "Plan Rows": 2, "Plan Width": 29, "Plans": [{"Node Type": "Nested Loop", "Parent Relationship": "Outer", "Join Type": "Inner", "Startup Cost": 1069.17, "Total Cost": 40681.03, "Plan Rows": 2, "Plan Width": 29, "Inner Unique": true, "Join Filter": "(mc.movie_id = t.id)", "Plans": [{"Node Type": "Streaming(type: LOCAL GATHER dop: 1/16)", "Parent Relationship": "Outer", "Startup Cost": 0.0, "Total Cost": 19279.94, "Plan Rows": 1652, "Plan Width": 8, "Plans": [{"Node Type": "Seq Scan", "Parent Relationship": "Outer", "Relation Name": "movie_companies", "Alias": "mc", "Startup Cost": 0.0, "Total Cost": 19244.28, "Plan Rows": 1652, "Plan Width": 8, "Filter": "(((note)::text ~~ '%(Japan)%'::text) AND ((note)::text !~~ '%(USA)%'::text) AND (((note)::text ~~ '%(2006)%'::text) OR ((note)::text ~~ '%(2007)%'::text)))"}]}, {"Node Type": "Materialize", "Parent Relationship": "Inner", "Startup Cost": 1069.17, "Total Cost": 20335.66, "Plan Rows": 43, "Plan Width": 21, "Plans": [{"Node Type": "Streaming(type: LOCAL GATHER dop: 1/16)", "Parent Relationship": "Outer", "Startup Cost": 1069.17, "Total Cost": 20335.44, "Plan Rows": 43, "Plan Width": 21, "Plans": [{"Node Type": "Seq Scan", "Parent Relationship": "Outer", "Relation Name": "title", "Alias": "t", "Startup Cost": 1069.17, "Total Cost": 20334.51, "Plan Rows": 43, "Plan Width": 21, "Filter": "((production_year >= 2006) AND (production_year <= 2007) AND (((title)::text ~~ 'One Piece%'::text) OR ((title)::text ~~ 'Dragon Ball Z%'::text)))"}]}]}]}]}]}, {"Node Type": "Seq Scan", "Parent Relationship": "Inner", "Relation Name": "company_name", "Alias": "cn", "Startup Cost": 0.0, "Total Cost": 5903.45, "Plan Rows": 6290, "Plan Width": 4, "Filter": "((country_code)::text = '[jp]'::text)"}]}, {"Node Type": "Materialize", "Parent Relationship": "Inner", "Startup Cost": 0.0, "Total Cost": 22453.74, "Plan Rows": 13886, "Plan Width": 4, "Plans": [{"Node Type": "Streaming(type: LOCAL GATHER dop: 1/16)", "Parent Relationship": "Outer", "Startup Cost": 0.0, "Total Cost": 22419.02, "Plan Rows": 13886, "Plan Width": 4, "Plans": [{"Node Type": "Seq Scan", "Parent Relationship": "Outer", "Relation Name": "name", "Alias": "n", "Startup Cost": 0.0, "Total Cost": 22119.33, "Plan Rows": 13886, "Plan Width": 4, "Filter": "(((name)::text ~~ '%Yo%'::text) AND ((name)::text !~~ '%Yu%'::text))"}]}]}]}]}, {"Node Type": "Seq Scan", "Parent Relationship": "Inner", "Relation Name": "aka_name", "Alias": "an", "Startup Cost": 0.0, "Total Cost": 16244.28, "Plan Rows": 901342, "Plan Width": 20}]}]}]}]}, "Unique SQL Id": 3956435728, "Planner Runtime": 17}, "explain_analyze_plan": null}, "(16, '127')": {"explain_plan": {"Plan": {"Node Type": "Aggregate", "Strategy": "Plain", "Startup Cost": 7000171740968.88, "Total Cost": 7000171740968.89, "Plan Rows": 1, "Plan Width": 97, "Plans": [{"Node Type": "Nested Loop", "Parent Relationship": "Outer", "Join Type": "Inner", "Startup Cost": 70000000000.0, "Total Cost": 7000171740968.87, "Plan Rows": 1, "Plan Width": 33, "Inner Unique": true, "Join Filter": "(ci.role_id = rt.id)", "Plans": [{"Node Type": "Nested Loop", "Parent Relationship": "Outer", "Join Type": "Inner", "Startup Cost": 60000000000.0, "Total Cost": 6000171739722.86, "Plan Rows": 1, "Plan Width": 37, "Inner Unique": true, "Plans": [{"Node Type": "Nested Loop", "Parent Relationship": "Outer", "Join Type": "Inner", "Startup Cost": 50000000000.0, "Total Cost": 5000171739665.63, "Plan Rows": 1, "Plan Width": 45, "Inner Unique": true, "Plans": [{"Node Type": "Nested Loop", "Parent Relationship": "Outer", "Join Type": "Inner", "Startup Cost": 40000000000.0, "Total Cost": 4000171739228.2, "Plan Rows": 1, "Plan Width": 49, "Inner Unique": false, "Plans": [{"Node Type": "Nested Loop", "Parent Relationship": "Outer", "Join Type": "Inner", "Startup Cost": 30000000000.0, "Total Cost": 3000171739143.81, "Plan Rows": 1, "Plan Width": 29, "Inner Unique": false, "Join Filter": "(t.id = ci.movie_id)", "Plans": [{"Node Type": "Index Scan", "Parent Relationship": "Outer", "Scan Direction": "Forward", "Index Name": "role_id_cast_info", "Relation Name": "cast_info", "Alias": "ci", "Startup Cost": 10000000000.0, "Total Cost": 1000143218339.5, "Plan Rows": 96692, "Plan Width": 12, "Filter": "((note)::text = '(voice: English version)'::text)"}, {"Node Type": "Materialize", "Parent Relationship": "Inner", "Startup Cost": 20000000000.0, "Total Cost": 2000028517903.55, "Plan Rows": 2, "Plan Width": 29, "Plans": [{"Node Type": "Nested Loop", "Parent Relationship": "Outer", "Join Type": "Inner", "Startup Cost": 20000000000.0, "Total Cost": 2000028517903.54, "Plan Rows": 2, "Plan Width": 29, "Inner Unique": true, "Join Filter": "(mc.movie_id = t.id)", "Plans": [{"Node Type": "Index Scan", "Parent Relationship": "Outer", "Scan Direction": "Forward", "Index Name": "company_id_movie_companies", "Relation Name": "movie_companies", "Alias": "mc", "Startup Cost": 10000000000.0, "Total Cost": 1000014976477.98, "Plan Rows": 1652, "Plan Width": 8, "Filter": "(((note)::text ~~ '%(Japan)%'::text) AND ((note)::text !~~ '%(USA)%'::text) AND (((note)::text ~~ '%(2006)%'::text) OR ((note)::text ~~ '%(2007)%'::text)))"}, {"Node Type": "Materialize", "Parent Relationship": "Inner", "Startup Cost": 10000000000.0, "Total Cost": 1000013540360.13, "Plan Rows": 43, "Plan Width": 21, "Plans": [{"Node Type": "Index Scan", "Parent Relationship": "Outer", "Scan Direction": "Forward", "Index Name": "title_pkey", "Relation Name": "title", "Alias": "t", "Startup Cost": 10000000000.0, "Total Cost": 1000013540359.91, "Plan Rows": 43, "Plan Width": 21, "Filter": "((production_year >= 2006) AND (production_year <= 2007) AND (((title)::text ~~ 'One Piece%'::text) OR ((title)::text ~~ 'Dragon Ball Z%'::text)))"}]}]}]}]}, {"Node Type": "Index Scan", "Parent Relationship": "Inner", "Scan Direction": "Forward", "Index Name": "person_id_aka_name", "Relation Name": "aka_name", "Alias": "an", "Startup Cost": 10000000000.0, "Total Cost": 1000000000084.38, "Plan Rows": 1, "Plan Width": 20, "Index Cond": "(person_id = ci.person_id)"}]}, {"Node Type": "Index Scan", "Parent Relationship": "Inner", "Scan Direction": "Forward", "Index Name": "company_name_pkey", "Relation Name": "company_name", "Alias": "cn", "Startup Cost": 10000000000.0, "Total Cost": 1000000000437.42, "Plan Rows": 1, "Plan Width": 4, "Index Cond": "(id = mc.company_id)", "Filter": "((country_code)::text = '[jp]'::text)"}]}, {"Node Type": "Index Scan", "Parent Relationship": "Inner", "Scan Direction": "Forward", "Index Name": "name_pkey", "Relation Name": "name", "Alias": "n", "Startup Cost": 10000000000.0, "Total Cost": 1000000000057.22, "Plan Rows": 1, "Plan Width": 4, "Index Cond": "(id = an.person_id)", "Filter": "(((name)::text ~~ '%Yo%'::text) AND ((name)::text !~~ '%Yu%'::text))"}]}, {"Node Type": "Index Scan", "Parent Relationship": "Inner", "Scan Direction": "Forward", "Index Name": "role_type_pkey", "Relation Name": "role_type", "Alias": "rt", "Startup Cost": 10000000000.0, "Total Cost": 1000000001246.0, "Plan Rows": 1, "Plan Width": 4, "Filter": "((role)::text = 'actress'::text)"}]}]}, "Unique SQL Id": 3956435728, "Planner Runtime": 8}, "explain_analyze_plan": null}, "(64, '0')": {"explain_plan": {"Plan": {"Node Type": "Aggregate", "Strategy": "Plain", "Startup Cost": 64890.38, "Total Cost": 64890.39, "Plan Rows": 1, "Plan Width": 97, "Plans": [{"Node Type": "Nested Loop", "Parent Relationship": "Outer", "Join Type": "Inner", "Startup Cost": 3369.54, "Total Cost": 64890.38, "Plan Rows": 1, "Plan Width": 33, "Inner Unique": true, "Plans": [{"Node Type": "Nested Loop", "Parent Relationship": "Outer", "Join Type": "Inner", "Startup Cost": 3369.54, "Total Cost": 64890.09, "Plan Rows": 1, "Plan Width": 37, "Inner Unique": true, "Plans": [{"Node Type": "Nested Loop", "Parent Relationship": "Outer", "Join Type": "Inner", "Startup Cost": 3369.54, "Total Cost": 64889.51, "Plan Rows": 1, "Plan Width": 45, "Inner Unique": true, "Plans": [{"Node Type": "Nested Loop", "Parent Relationship": "Outer", "Join Type": "Inner", "Startup Cost": 3369.54, "Total Cost": 64885.13, "Plan Rows": 1, "Plan Width": 49, "Inner Unique": false, "Plans": [{"Node Type": "Nested Loop", "Parent Relationship": "Outer", "Join Type": "Inner", "Startup Cost": 3369.54, "Total Cost": 64884.27, "Plan Rows": 1, "Plan Width": 29, "Inner Unique": false, "Join Filter": "(t.id = ci.movie_id)", "Plans": [{"Node Type": "Nested Loop", "Parent Relationship": "Outer", "Join Type": "Inner", "Startup Cost": 3369.54, "Total Cost": 64828.49, "Plan Rows": 2, "Plan Width": 29, "Inner Unique": false, "Plans": [{"Node Type": "Streaming(type: LOCAL GATHER dop: 1/64)", "Parent Relationship": "Outer", "Startup Cost": 3369.54, "Total Cost": 64334.52, "Plan Rows": 43, "Plan Width": 21, "Plans": [{"Node Type": "Seq Scan", "Parent Relationship": "Outer", "Relation Name": "title", "Alias": "t", "Startup Cost": 3369.54, "Total Cost": 64333.63, "Plan Rows": 43, "Plan Width": 21, "Filter": "((production_year >= 2006) AND (production_year <= 2007) AND (((title)::text ~~ 'One Piece%'::text) OR ((title)::text ~~ 'Dragon Ball Z%'::text)))"}]}, {"Node Type": "Index Scan", "Parent Relationship": "Inner", "Scan Direction": "Forward", "Index Name": "movie_id_movie_companies", "Relation Name": "movie_companies", "Alias": "mc", "Startup Cost": 0.0, "Total Cost": 11.48, "Plan Rows": 1, "Plan Width": 8, "Index Cond": "(movie_id = t.id)", "Filter": "(((note)::text ~~ '%(Japan)%'::text) AND ((note)::text !~~ '%(USA)%'::text) AND (((note)::text ~~ '%(2006)%'::text) OR ((note)::text ~~ '%(2007)%'::text)))"}]}, {"Node Type": "Index Scan", "Parent Relationship": "Inner", "Scan Direction": "Forward", "Index Name": "movie_id_cast_info", "Relation Name": "cast_info", "Alias": "ci", "Startup Cost": 0.0, "Total Cost": 27.88, "Plan Rows": 1, "Plan Width": 12, "Index Cond": "(movie_id = mc.movie_id)", "Filter": "((note)::text = '(voice: English version)'::text)"}]}, {"Node Type": "Index Scan", "Parent Relationship": "Inner", "Scan Direction": "Forward", "Index Name": "person_id_aka_name", "Relation Name": "aka_name", "Alias": "an", "Startup Cost": 0.0, "Total Cost": 0.84, "Plan Rows": 1, "Plan Width": 20, "Index Cond": "(person_id = ci.person_id)"}]}, {"Node Type": "Index Scan", "Parent Relationship": "Inner", "Scan Direction": "Forward", "Index Name": "company_name_pkey", "Relation Name": "company_name", "Alias": "cn", "Startup Cost": 0.0, "Total Cost": 4.37, "Plan Rows": 1, "Plan Width": 4, "Index Cond": "(id = mc.company_id)", "Filter": "((country_code)::text = '[jp]'::text)"}]}, {"Node Type": "Index Scan", "Parent Relationship": "Inner", "Scan Direction": "Forward", "Index Name": "name_pkey", "Relation Name": "name", "Alias": "n", "Startup Cost": 0.0, "Total Cost": 0.57, "Plan Rows": 1, "Plan Width": 4, "Index Cond": "(id = an.person_id)", "Filter": "(((name)::text ~~ '%Yo%'::text) AND ((name)::text !~~ '%Yu%'::text))"}]}, {"Node Type": "Index Scan", "Parent Relationship": "Inner", "Scan Direction": "Forward", "Index Name": "role_type_pkey", "Relation Name": "role_type", "Alias": "rt", "Startup Cost": 0.0, "Total Cost": 0.27, "Plan Rows": 1, "Plan Width": 4, "Index Cond": "(id = ci.role_id)", "Filter": "((role)::text = 'actress'::text)"}]}]}, "Unique SQL Id": 3956435728, "Planner Runtime": 32}, "explain_analyze_plan": {"Plan": {"Node Type": "Aggregate", "Strategy": "Plain", "Startup Cost": 64890.38, "Total Cost": 64890.39, "Plan Rows": 1, "Plan Width": 97, "Actual Min Startup Time": 129.95, "Actual Max Startup Time": 129.95, "Actual Min Total Time": 129.951, "Actual Max Total Time": 129.951, "Plans": [{"Node Type": "Nested Loop", "Parent Relationship": "Outer", "Join Type": "Inner", "Startup Cost": 3369.54, "Total Cost": 64890.38, "Plan Rows": 1, "Plan Width": 33, "Actual Min Startup Time": 82.756, "Actual Max Startup Time": 82.756, "Actual Min Total Time": 129.873, "Actual Max Total Time": 129.873, "Inner Unique": true, "Plans": [{"Node Type": "Nested Loop", "Parent Relationship": "Outer", "Join Type": "Inner", "Startup Cost": 3369.54, "Total Cost": 64890.09, "Plan Rows": 1, "Plan Width": 37, "Actual Min Startup Time": 82.738, "Actual Max Startup Time": 82.738, "Actual Min Total Time": 129.822, "Actual Max Total Time": 129.822, "Inner Unique": true, "Plans": [{"Node Type": "Nested Loop", "Parent Relationship": "Outer", "Join Type": "Inner", "Startup Cost": 3369.54, "Total Cost": 64889.51, "Plan Rows": 1, "Plan Width": 45, "Actual Min Startup Time": 81.529, "Actual Max Startup Time": 81.529, "Actual Min Total Time": 128.829, "Actual Max Total Time": 128.829, "Inner Unique": true, "Plans": [{"Node Type": "Nested Loop", "Parent Relationship": "Outer", "Join Type": "Inner", "Startup Cost": 3369.54, "Total Cost": 64885.13, "Plan Rows": 1, "Plan Width": 49, "Actual Min Startup Time": 81.496, "Actual Max Startup Time": 81.496, "Actual Min Total Time": 128.07, "Actual Max Total Time": 128.07, "Inner Unique": false, "Plans": [{"Node Type": "Nested Loop", "Parent Relationship": "Outer", "Join Type": "Inner", "Startup Cost": 3369.54, "Total Cost": 64884.27, "Plan Rows": 1, "Plan Width": 29, "Actual Min Startup Time": 81.476, "Actual Max Startup Time": 81.476, "Actual Min Total Time": 127.263, "Actual Max Total Time": 127.263, "Inner Unique": false, "Join Filter": "(t.id = ci.movie_id)", "Rows Removed by Join Filter": 0, "Plans": [{"Node Type": "Nested Loop", "Parent Relationship": "Outer", "Join Type": "Inner", "Startup Cost": 3369.54, "Total Cost": 64828.49, "Plan Rows": 2, "Plan Width": 29, "Actual Min Startup Time": 81.441, "Actual Max Startup Time": 81.441, "Actual Min Total Time": 126.75, "Actual Max Total Time": 126.75, "Inner Unique": false, "Plans": [{"Node Type": "Streaming(type: LOCAL GATHER dop: 1/64)", "Parent Relationship": "Outer", "Startup Cost": 3369.54, "Total Cost": 64334.52, "Plan Rows": 43, "Plan Width": 21, "Actual Min Startup Time": 81.336, "Actual Max Startup Time": 81.336, "Actual Min Total Time": 126.394, "Actual Max Total Time": 126.394, "Plans": [{"Node Type": "Seq Scan", "Parent Relationship": "Outer", "Relation Name": "title", "Alias": "t", "Startup Cost": 3369.54, "Total Cost": 64333.63, "Plan Rows": 43, "Plan Width": 21, "Actual Min Startup Time": 11.827, "Actual Max Startup Time": 38.588, "Actual Min Total Time": 14.967, "Actual Max Total Time": 38.588, "Filter": "((production_year >= 2006) AND (production_year <= 2007) AND (((title)::text ~~ 'One Piece%'::text) OR ((title)::text ~~ 'Dragon Ball Z%'::text)))", "Rows Removed by Filter": 2528304, "Actual Rows": 7}], "Actual Rows": 7}, {"Node Type": "Index Scan", "Parent Relationship": "Inner", "Scan Direction": "Forward", "Index Name": "movie_id_movie_companies", "Relation Name": "movie_companies", "Alias": "mc", "Startup Cost": 0.0, "Total Cost": 11.48, "Plan Rows": 1, "Plan Width": 8, "Actual Min Startup Time": 0.272, "Actual Max Startup Time": 0.272, "Actual Min Total Time": 0.284, "Actual Max Total Time": 0.284, "Index Cond": "(movie_id = t.id)", "Rows Removed by Index Recheck": 0, "Filter": "(((note)::text ~~ '%(Japan)%'::text) AND ((note)::text !~~ '%(USA)%'::text) AND (((note)::text ~~ '%(2006)%'::text) OR ((note)::text ~~ '%(2007)%'::text)))", "Rows Removed by Filter": 13, "Actual Rows": 4}], "Actual Rows": 4}, {"Node Type": "Index Scan", "Parent Relationship": "Inner", "Scan Direction": "Forward", "Index Name": "movie_id_cast_info", "Relation Name": "cast_info", "Alias": "ci", "Startup Cost": 0.0, "Total Cost": 27.88, "Plan Rows": 1, "Plan Width": 12, "Actual Min Startup Time": 0.149, "Actual Max Startup Time": 0.149, "Actual Min Total Time": 0.418, "Actual Max Total Time": 0.418, "Index Cond": "(movie_id = mc.movie_id)", "Rows Removed by Index Recheck": 0, "Filter": "((note)::text = '(voice: English version)'::text)", "Rows Removed by Filter": 68, "Actual Rows": 104}], "Actual Rows": 104}, {"Node Type": "Index Scan", "Parent Relationship": "Inner", "Scan Direction": "Forward", "Index Name": "person_id_aka_name", "Relation Name": "aka_name", "Alias": "an", "Startup Cost": 0.0, "Total Cost": 0.84, "Plan Rows": 1, "Plan Width": 20, "Actual Min Startup Time": 0.573, "Actual Max Startup Time": 0.573, "Actual Min Total Time": 0.686, "Actual Max Total Time": 0.686, "Index Cond": "(person_id = ci.person_id)", "Rows Removed by Index Recheck": 0, "Actual Rows": 171}], "Actual Rows": 171}, {"Node Type": "Index Scan", "Parent Relationship": "Inner", "Scan Direction": "Forward", "Index Name": "company_name_pkey", "Relation Name": "company_name", "Alias": "cn", "Startup Cost": 0.0, "Total Cost": 4.37, "Plan Rows": 1, "Plan Width": 4, "Actual Min Startup Time": 0.589, "Actual Max Startup Time": 0.589, "Actual Min Total Time": 0.589, "Actual Max Total Time": 0.589, "Index Cond": "(id = mc.company_id)", "Rows Removed by Index Recheck": 0, "Filter": "((country_code)::text = '[jp]'::text)", "Rows Removed by Filter": 0, "Actual Rows": 171}], "Actual Rows": 171}, {"Node Type": "Index Scan", "Parent Relationship": "Inner", "Scan Direction": "Forward", "Index Name": "name_pkey", "Relation Name": "name", "Alias": "n", "Startup Cost": 0.0, "Total Cost": 0.57, "Plan Rows": 1, "Plan Width": 4, "Actual Min Startup Time": 0.882, "Actual Max Startup Time": 0.882, "Actual Min Total Time": 0.882, "Actual Max Total Time": 0.882, "Index Cond": "(id = an.person_id)", "Rows Removed by Index Recheck": 0, "Filter": "(((name)::text ~~ '%Yo%'::text) AND ((name)::text !~~ '%Yu%'::text))", "Rows Removed by Filter": 165, "Actual Rows": 6}], "Actual Rows": 6}, {"Node Type": "Index Scan", "Parent Relationship": "Inner", "Scan Direction": "Forward", "Index Name": "role_type_pkey", "Relation Name": "role_type", "Alias": "rt", "Startup Cost": 0.0, "Total Cost": 0.27, "Plan Rows": 1, "Plan Width": 4, "Actual Min Startup Time": 0.03, "Actual Max Startup Time": 0.03, "Actual Min Total Time": 0.03, "Actual Max Total Time": 0.03, "Index Cond": "(id = ci.role_id)", "Rows Removed by Index Recheck": 0, "Filter": "((role)::text = 'actress'::text)", "Rows Removed by Filter": 0, "Actual Rows": 6}], "Actual Rows": 6}], "Actual Rows": 1}, "Triggers": [], "Planner Runtime": 31.722, "Total Runtime": 142.327, "Unique SQL Id": 3956435728}}, "(64, '1')": {"explain_plan": {"Plan": {"Node Type": "Aggregate", "Strategy": "Plain", "Startup Cost": 82294.12, "Total Cost": 82294.13, "Plan Rows": 1, "Plan Width": 97, "Plans": [{"Node Type": "Nested Loop", "Parent Relationship": "Outer", "Join Type": "Inner", "Startup Cost": 2780.8, "Total Cost": 82294.12, "Plan Rows": 1, "Plan Width": 33, "Inner Unique": true, "Plans": [{"Node Type": "Nested Loop", "Parent Relationship": "Outer", "Join Type": "Inner", "Startup Cost": 2780.8, "Total Cost": 82293.84, "Plan Rows": 1, "Plan Width": 37, "Inner Unique": true, "Plans": [{"Node Type": "Nested Loop", "Parent Relationship": "Outer", "Join Type": "Inner", "Startup Cost": 2780.8, "Total Cost": 82293.26, "Plan Rows": 1, "Plan Width": 45, "Inner Unique": false, "Plans": [{"Node Type": "Nested Loop", "Parent Relationship": "Outer", "Join Type": "Inner", "Startup Cost": 2780.8, "Total Cost": 82292.4, "Plan Rows": 1, "Plan Width": 25, "Inner Unique": false, "Join Filter": "(t.id = ci.movie_id)", "Plans": [{"Node Type": "Nested Loop", "Parent Relationship": "Outer", "Join Type": "Inner", "Startup Cost": 2780.8, "Total Cost": 82236.62, "Plan Rows": 2, "Plan Width": 25, "Inner Unique": true, "Plans": [{"Node Type": "Nested Loop", "Parent Relationship": "Outer", "Join Type": "Inner", "Startup Cost": 2780.8, "Total Cost": 80174.39, "Plan Rows": 262, "Plan Width": 4, "Inner Unique": false, "Plans": [{"Node Type": "Bitmap Heap Scan", "Parent Relationship": "Outer", "Relation Name": "company_name", "Alias": "cn", "Startup Cost": 2780.8, "Total Cost": 8684.25, "Plan Rows": 6290, "Plan Width": 4, "Filter": "((country_code)::text = '[jp]'::text)", "Plans": [{"Node Type": "Bitmap Index Scan", "Parent Relationship": "Outer", "Index Name": "company_name_pkey", "Startup Cost": 0.0, "Total Cost": 2779.23, "Plan Rows": 234996, "Plan Width": 0}]}, {"Node Type": "Index Scan", "Parent Relationship": "Inner", "Scan Direction": "Forward", "Index Name": "company_id_movie_companies", "Relation Name": "movie_companies", "Alias": "mc", "Startup Cost": 0.0, "Total Cost": 11.36, "Plan Rows": 1, "Plan Width": 8, "Index Cond": "(company_id = cn.id)", "Filter": "(((note)::text ~~ '%(Japan)%'::text) AND ((note)::text !~~ '%(USA)%'::text) AND (((note)::text ~~ '%(2006)%'::text) OR ((note)::text ~~ '%(2007)%'::text)))"}]}, {"Node Type": "Index Scan", "Parent Relationship": "Inner", "Scan Direction": "Forward", "Index Name": "title_pkey", "Relation Name": "title", "Alias": "t", "Startup Cost": 0.0, "Total Cost": 7.86, "Plan Rows": 1, "Plan Width": 21, "Index Cond": "(id = mc.movie_id)", "Filter": "((production_year >= 2006) AND (production_year <= 2007) AND (((title)::text ~~ 'One Piece%'::text) OR ((title)::text ~~ 'Dragon Ball Z%'::text)))"}]}, {"Node Type": "Index Scan", "Parent Relationship": "Inner", "Scan Direction": "Forward", "Index Name": "movie_id_cast_info", "Relation Name": "cast_info", "Alias": "ci", "Startup Cost": 0.0, "Total Cost": 27.88, "Plan Rows": 1, "Plan Width": 12, "Index Cond": "(movie_id = mc.movie_id)", "Filter": "((note)::text = '(voice: English version)'::text)"}]}, {"Node Type": "Index Scan", "Parent Relationship": "Inner", "Scan Direction": "Forward", "Index Name": "person_id_aka_name", "Relation Name": "aka_name", "Alias": "an", "Startup Cost": 0.0, "Total Cost": 0.84, "Plan Rows": 1, "Plan Width": 20, "Index Cond": "(person_id = ci.person_id)"}]}, {"Node Type": "Index Scan", "Parent Relationship": "Inner", "Scan Direction": "Forward", "Index Name": "name_pkey", "Relation Name": "name", "Alias": "n", "Startup Cost": 0.0, "Total Cost": 0.57, "Plan Rows": 1, "Plan Width": 4, "Index Cond": "(id = an.person_id)", "Filter": "(((name)::text ~~ '%Yo%'::text) AND ((name)::text !~~ '%Yu%'::text))"}]}, {"Node Type": "Index Scan", "Parent Relationship": "Inner", "Scan Direction": "Forward", "Index Name": "role_type_pkey", "Relation Name": "role_type", "Alias": "rt", "Startup Cost": 0.0, "Total Cost": 0.27, "Plan Rows": 1, "Plan Width": 4, "Index Cond": "(id = ci.role_id)", "Filter": "((role)::text = 'actress'::text)"}]}]}, "Unique SQL Id": 3956435728, "Planner Runtime": 28}, "explain_analyze_plan": null}, "(64, '2')": {"explain_plan": {"Plan": {"Node Type": "Aggregate", "Strategy": "Plain", "Startup Cost": 64933.13, "Total Cost": 64933.14, "Plan Rows": 1, "Plan Width": 97, "Plans": [{"Node Type": "Nested Loop", "Parent Relationship": "Outer", "Join Type": "Inner", "Startup Cost": 3380.01, "Total Cost": 64933.12, "Plan Rows": 1, "Plan Width": 33, "Inner Unique": true, "Join Filter": "(ci.role_id = rt.id)", "Plans": [{"Node Type": "Nested Loop", "Parent Relationship": "Outer", "Join Type": "Inner", "Startup Cost": 3380.01, "Total Cost": 64931.96, "Plan Rows": 1, "Plan Width": 37, "Inner Unique": true, "Plans": [{"Node Type": "Nested Loop", "Parent Relationship": "Outer", "Join Type": "Inner", "Startup Cost": 3379.69, "Total Cost": 64927.61, "Plan Rows": 1, "Plan Width": 45, "Inner Unique": true, "Plans": [{"Node Type": "Nested Loop", "Parent Relationship": "Outer", "Join Type": "Inner", "Startup Cost": 3378.46, "Total Cost": 64922.35, "Plan Rows": 1, "Plan Width": 49, "Inner Unique": false, "Plans": [{"Node Type": "Nested Loop", "Parent Relationship": "Outer", "Join Type": "Inner", "Startup Cost": 3378.08, "Total Cost": 64917.95, "Plan Rows": 1, "Plan Width": 29, "Inner Unique": false, "Join Filter": "(t.id = ci.movie_id)", "Plans": [{"Node Type": "Nested Loop", "Parent Relationship": "Outer", "Join Type": "Inner", "Startup Cost": 3373.8, "Total Cost": 64861.38, "Plan Rows": 2, "Plan Width": 29, "Inner Unique": false, "Plans": [{"Node Type": "Streaming(type: LOCAL GATHER dop: 1/64)", "Parent Relationship": "Outer", "Startup Cost": 3369.54, "Total Cost": 64334.52, "Plan Rows": 43, "Plan Width": 21, "Plans": [{"Node Type": "Seq Scan", "Parent Relationship": "Outer", "Relation Name": "title", "Alias": "t", "Startup Cost": 3369.54, "Total Cost": 64333.63, "Plan Rows": 43, "Plan Width": 21, "Filter": "((production_year >= 2006) AND (production_year <= 2007) AND (((title)::text ~~ 'One Piece%'::text) OR ((title)::text ~~ 'Dragon Ball Z%'::text)))"}]}, {"Node Type": "Bitmap Heap Scan", "Parent Relationship": "Inner", "Relation Name": "movie_companies", "Alias": "mc", "Startup Cost": 4.27, "Total Cost": 12.24, "Plan Rows": 1, "Plan Width": 8, "Recheck Cond": "(movie_id = t.id)", "Filter": "(((note)::text ~~ '%(Japan)%'::text) AND ((note)::text !~~ '%(USA)%'::text) AND (((note)::text ~~ '%(2006)%'::text) OR ((note)::text ~~ '%(2007)%'::text)))", "Plans": [{"Node Type": "Bitmap Index Scan", "Parent Relationship": "Outer", "Index Name": "movie_id_movie_companies", "Startup Cost": 0.0, "Total Cost": 4.26, "Plan Rows": 2, "Plan Width": 0, "Index Cond": "(movie_id = t.id)"}]}]}, {"Node Type": "Bitmap Heap Scan", "Parent Relationship": "Inner", "Relation Name": "cast_info", "Alias": "ci", "Startup Cost": 4.27, "Total Cost": 28.27, "Plan Rows": 1, "Plan Width": 12, "Recheck Cond": "(movie_id = mc.movie_id)", "Filter": "((note)::text = '(voice: English version)'::text)", "Plans": [{"Node Type": "Bitmap Index Scan", "Parent Relationship": "Outer", "Index Name": "movie_id_cast_info", "Startup Cost": 0.0, "Total Cost": 4.27, "Plan Rows": 6, "Plan Width": 0, "Index Cond": "(movie_id = mc.movie_id)"}]}]}, {"Node Type": "Bitmap Heap Scan", "Parent Relationship": "Inner", "Relation Name": "aka_name", "Alias": "an", "Startup Cost": 0.38, "Total Cost": 4.39, "Plan Rows": 1, "Plan Width": 20, "Recheck Cond": "(person_id = ci.person_id)", "Plans": [{"Node Type": "Bitmap Index Scan", "Parent Relationship": "Outer", "Index Name": "person_id_aka_name", "Startup Cost": 0.0, "Total Cost": 0.38, "Plan Rows": 1, "Plan Width": 0, "Index Cond": "(person_id = ci.person_id)"}]}]}, {"Node Type": "Bitmap Heap Scan", "Parent Relationship": "Inner", "Relation Name": "company_name", "Alias": "cn", "Startup Cost": 1.23, "Total Cost": 5.24, "Plan Rows": 1, "Plan Width": 4, "Recheck Cond": "(id = mc.company_id)", "Filter": "((country_code)::text = '[jp]'::text)", "Plans": [{"Node Type": "Bitmap Index Scan", "Parent Relationship": "Outer", "Index Name": "company_name_pkey", "Startup Cost": 0.0, "Total Cost": 1.23, "Plan Rows": 1, "Plan Width": 0, "Index Cond": "(id = mc.company_id)"}]}]}, {"Node Type": "Bitmap Heap Scan", "Parent Relationship": "Inner", "Relation Name": "name", "Alias": "n", "Startup Cost": 0.33, "Total Cost": 4.34, "Plan Rows": 1, "Plan Width": 4, "Recheck Cond": "(id = an.person_id)", "Filter": "(((name)::text ~~ '%Yo%'::text) AND ((name)::text !~~ '%Yu%'::text))", "Plans": [{"Node Type": "Bitmap Index Scan", "Parent Relationship": "Outer", "Index Name": "name_pkey", "Startup Cost": 0.0, "Total Cost": 0.33, "Plan Rows": 1, "Plan Width": 0, "Index Cond": "(id = an.person_id)"}]}]}, {"Node Type": "Seq Scan", "Parent Relationship": "Inner", "Relation Name": "role_type", "Alias": "rt", "Startup Cost": 0.0, "Total Cost": 1.15, "Plan Rows": 1, "Plan Width": 4, "Filter": "((role)::text = 'actress'::text)"}]}]}, "Unique SQL Id": 3956435728, "Planner Runtime": 45}, "explain_analyze_plan": {"Plan": {"Node Type": "Aggregate", "Strategy": "Plain", "Startup Cost": 64933.13, "Total Cost": 64933.14, "Plan Rows": 1, "Plan Width": 97, "Actual Min Startup Time": 156.871, "Actual Max Startup Time": 156.871, "Actual Min Total Time": 156.872, "Actual Max Total Time": 156.872, "Plans": [{"Node Type": "Nested Loop", "Parent Relationship": "Outer", "Join Type": "Inner", "Startup Cost": 3380.01, "Total Cost": 64933.12, "Plan Rows": 1, "Plan Width": 33, "Actual Min Startup Time": 132.628, "Actual Max Startup Time": 132.628, "Actual Min Total Time": 156.809, "Actual Max Total Time": 156.809, "Inner Unique": true, "Join Filter": "(ci.role_id = rt.id)", "Rows Removed by Join Filter": 0, "Plans": [{"Node Type": "Nested Loop", "Parent Relationship": "Outer", "Join Type": "Inner", "Startup Cost": 3380.01, "Total Cost": 64931.96, "Plan Rows": 1, "Plan Width": 37, "Actual Min Startup Time": 132.608, "Actual Max Startup Time": 132.608, "Actual Min Total Time": 156.755, "Actual Max Total Time": 156.755, "Inner Unique": true, "Plans": [{"Node Type": "Nested Loop", "Parent Relationship": "Outer", "Join Type": "Inner", "Startup Cost": 3379.69, "Total Cost": 64927.61, "Plan Rows": 1, "Plan Width": 45, "Actual Min Startup Time": 131.505, "Actual Max Startup Time": 131.505, "Actual Min Total Time": 155.6, "Actual Max Total Time": 155.6, "Inner Unique": true, "Plans": [{"Node Type": "Nested Loop", "Parent Relationship": "Outer", "Join Type": "Inner", "Startup Cost": 3378.46, "Total Cost": 64922.35, "Plan Rows": 1, "Plan Width": 49, "Actual Min Startup Time": 131.484, "Actual Max Startup Time": 131.484, "Actual Min Total Time": 154.653, "Actual Max Total Time": 154.653, "Inner Unique": false, "Plans": [{"Node Type": "Nested Loop", "Parent Relationship": "Outer", "Join Type": "Inner", "Startup Cost": 3378.08, "Total Cost": 64917.95, "Plan Rows": 1, "Plan Width": 29, "Actual Min Startup Time": 131.456, "Actual Max Startup Time": 131.456, "Actual Min Total Time": 153.642, "Actual Max Total Time": 153.642, "Inner Unique": false, "Join Filter": "(t.id = ci.movie_id)", "Rows Removed by Join Filter": 0, "Plans": [{"Node Type": "Nested Loop", "Parent Relationship": "Outer", "Join Type": "Inner", "Startup Cost": 3373.8, "Total Cost": 64861.38, "Plan Rows": 2, "Plan Width": 29, "Actual Min Startup Time": 130.603, "Actual Max Startup Time": 130.603, "Actual Min Total Time": 153.108, "Actual Max Total Time": 153.108, "Inner Unique": false, "Plans": [{"Node Type": "Streaming(type: LOCAL GATHER dop: 1/64)", "Parent Relationship": "Outer", "Startup Cost": 3369.54, "Total Cost": 64334.52, "Plan Rows": 43, "Plan Width": 21, "Actual Min Startup Time": 123.928, "Actual Max Startup Time": 123.928, "Actual Min Total Time": 152.691, "Actual Max Total Time": 152.691, "Plans": [{"Node Type": "Seq Scan", "Parent Relationship": "Outer", "Relation Name": "title", "Alias": "t", "Startup Cost": 3369.54, "Total Cost": 64333.63, "Plan Rows": 43, "Plan Width": 21, "Actual Min Startup Time": 11.76, "Actual Max Startup Time": 34.023, "Actual Min Total Time": 14.755, "Actual Max Total Time": 34.023, "Filter": "((production_year >= 2006) AND (production_year <= 2007) AND (((title)::text ~~ 'One Piece%'::text) OR ((title)::text ~~ 'Dragon Ball Z%'::text)))", "Rows Removed by Filter": 2528304, "Actual Rows": 7}], "Actual Rows": 7}, {"Node Type": "Bitmap Heap Scan", "Parent Relationship": "Inner", "Relation Name": "movie_companies", "Alias": "mc", "Startup Cost": 4.27, "Total Cost": 12.24, "Plan Rows": 1, "Plan Width": 8, "Actual Min Startup Time": 0.327, "Actual Max Startup Time": 0.327, "Actual Min Total Time": 0.337, "Actual Max Total Time": 0.337, "Recheck Cond": "(movie_id = t.id)", "Rows Removed by Index Recheck": 0, "Filter": "(((note)::text ~~ '%(Japan)%'::text) AND ((note)::text !~~ '%(USA)%'::text) AND (((note)::text ~~ '%(2006)%'::text) OR ((note)::text ~~ '%(2007)%'::text)))", "Rows Removed by Filter": 13, "Exact Heap Blocks": 13, "Lossy Heap Blocks": 13, "Plans": [{"Node Type": "Bitmap Index Scan", "Parent Relationship": "Outer", "Index Name": "movie_id_movie_companies", "Startup Cost": 0.0, "Total Cost": 4.26, "Plan Rows": 2, "Plan Width": 0, "Actual Min Startup Time": 0.16, "Actual Max Startup Time": 0.16, "Actual Min Total Time": 0.16, "Actual Max Total Time": 0.16, "Index Cond": "(movie_id = t.id)", "Actual Rows": 17}], "Actual Rows": 4}], "Actual Rows": 4}, {"Node Type": "Bitmap Heap Scan", "Parent Relationship": "Inner", "Relation Name": "cast_info", "Alias": "ci", "Startup Cost": 4.27, "Total Cost": 28.27, "Plan Rows": 1, "Plan Width": 12, "Actual Min Startup Time": 0.196, "Actual Max Startup Time": 0.196, "Actual Min Total Time": 0.463, "Actual Max Total Time": 0.463, "Recheck Cond": "(movie_id = mc.movie_id)", "Rows Removed by Index Recheck": 0, "Filter": "((note)::text = '(voice: English version)'::text)", "Rows Removed by Filter": 68, "Exact Heap Blocks": 133, "Lossy Heap Blocks": 133, "Plans": [{"Node Type": "Bitmap Index Scan", "Parent Relationship": "Outer", "Index Name": "movie_id_cast_info", "Startup Cost": 0.0, "Total Cost": 4.27, "Plan Rows": 6, "Plan Width": 0, "Actual Min Startup Time": 0.075, "Actual Max Startup Time": 0.075, "Actual Min Total Time": 0.075, "Actual Max Total Time": 0.075, "Index Cond": "(movie_id = mc.movie_id)", "Actual Rows": 172}], "Actual Rows": 104}], "Actual Rows": 104}, {"Node Type": "Bitmap Heap Scan", "Parent Relationship": "Inner", "Relation Name": "aka_name", "Alias": "an", "Startup Cost": 0.38, "Total Cost": 4.39, "Plan Rows": 1, "Plan Width": 20, "Actual Min Startup Time": 0.752, "Actual Max Startup Time": 0.752, "Actual Min Total Time": 0.827, "Actual Max Total Time": 0.827, "Recheck Cond": "(person_id = ci.person_id)", "Rows Removed by Index Recheck": 0, "Exact Heap Blocks": 105, "Lossy Heap Blocks": 105, "Plans": [{"Node Type": "Bitmap Index Scan", "Parent Relationship": "Outer", "Index Name": "person_id_aka_name", "Startup Cost": 0.0, "Total Cost": 0.38, "Plan Rows": 1, "Plan Width": 0, "Actual Min Startup Time": 0.529, "Actual Max Startup Time": 0.529, "Actual Min Total Time": 0.529, "Actual Max Total Time": 0.529, "Index Cond": "(person_id = ci.person_id)", "Actual Rows": 171}], "Actual Rows": 171}], "Actual Rows": 171}, {"Node Type": "Bitmap Heap Scan", "Parent Relationship": "Inner", "Relation Name": "company_name", "Alias": "cn", "Startup Cost": 1.23, "Total Cost": 5.24, "Plan Rows": 1, "Plan Width": 4, "Actual Min Startup Time": 0.704, "Actual Max Startup Time": 0.704, "Actual Min Total Time": 0.704, "Actual Max Total Time": 0.704, "Recheck Cond": "(id = mc.company_id)", "Rows Removed by Index Recheck": 0, "Filter": "((country_code)::text = '[jp]'::text)", "Rows Removed by Filter": 0, "Exact Heap Blocks": 171, "Lossy Heap Blocks": 171, "Plans": [{"Node Type": "Bitmap Index Scan", "Parent Relationship": "Outer", "Index Name": "company_name_pkey", "Startup Cost": 0.0, "Total Cost": 1.23, "Plan Rows": 1, "Plan Width": 0, "Actual Min Startup Time": 0.421, "Actual Max Startup Time": 0.421, "Actual Min Total Time": 0.421, "Actual Max Total Time": 0.421, "Index Cond": "(id = mc.company_id)", "Actual Rows": 171}], "Actual Rows": 171}], "Actual Rows": 171}, {"Node Type": "Bitmap Heap Scan", "Parent Relationship": "Inner", "Relation Name": "name", "Alias": "n", "Startup Cost": 0.33, "Total Cost": 4.34, "Plan Rows": 1, "Plan Width": 4, "Actual Min Startup Time": 0.954, "Actual Max Startup Time": 0.954, "Actual Min Total Time": 0.954, "Actual Max Total Time": 0.954, "Recheck Cond": "(id = an.person_id)", "Rows Removed by Index Recheck": 0, "Filter": "(((name)::text ~~ '%Yo%'::text) AND ((name)::text !~~ '%Yu%'::text))", "Rows Removed by Filter": 165, "Exact Heap Blocks": 171, "Lossy Heap Blocks": 171, "Plans": [{"Node Type": "Bitmap Index Scan", "Parent Relationship": "Outer", "Index Name": "name_pkey", "Startup Cost": 0.0, "Total Cost": 0.33, "Plan Rows": 1, "Plan Width": 0, "Actual Min Startup Time": 0.601, "Actual Max Startup Time": 0.601, "Actual Min Total Time": 0.601, "Actual Max Total Time": 0.601, "Index Cond": "(id = an.person_id)", "Actual Rows": 171}], "Actual Rows": 6}], "Actual Rows": 6}, {"Node Type": "Seq Scan", "Parent Relationship": "Inner", "Relation Name": "role_type", "Alias": "rt", "Startup Cost": 0.0, "Total Cost": 1.15, "Plan Rows": 1, "Plan Width": 4, "Actual Min Startup Time": 0.03, "Actual Max Startup Time": 0.03, "Actual Min Total Time": 0.03, "Actual Max Total Time": 0.03, "Filter": "((role)::text = 'actress'::text)", "Rows Removed by Filter": 6, "Actual Rows": 6}], "Actual Rows": 6}], "Actual Rows": 1}, "Triggers": [], "Planner Runtime": 43.476, "Total Runtime": 170.805, "Unique SQL Id": 3956435728}}, "(64, '3')": {"explain_plan": {"Plan": {"Node Type": "Aggregate", "Strategy": "Plain", "Startup Cost": 108949.86, "Total Cost": 108949.87, "Plan Rows": 1, "Plan Width": 97, "Plans": [{"Node Type": "Nested Loop", "Parent Relationship": "Outer", "Join Type": "Inner", "Startup Cost": 2793.35, "Total Cost": 108949.85, "Plan Rows": 1, "Plan Width": 33, "Inner Unique": true, "Plans": [{"Node Type": "Nested Loop", "Parent Relationship": "Outer", "Join Type": "Inner", "Startup Cost": 2793.09, "Total Cost": 108945.57, "Plan Rows": 1, "Plan Width": 37, "Inner Unique": true, "Plans": [{"Node Type": "Nested Loop", "Parent Relationship": "Outer", "Join Type": "Inner", "Startup Cost": 2792.76, "Total Cost": 108941.22, "Plan Rows": 1, "Plan Width": 45, "Inner Unique": false, "Plans": [{"Node Type": "Nested Loop", "Parent Relationship": "Outer", "Join Type": "Inner", "Startup Cost": 2792.38, "Total Cost": 108936.81, "Plan Rows": 1, "Plan Width": 25, "Inner Unique": false, "Join Filter": "(t.id = ci.movie_id)", "Plans": [{"Node Type": "Nested Loop", "Parent Relationship": "Outer", "Join Type": "Inner", "Startup Cost": 2788.11, "Total Cost": 108880.24, "Plan Rows": 2, "Plan Width": 25, "Inner Unique": true, "Plans": [{"Node Type": "Nested Loop", "Parent Relationship": "Outer", "Join Type": "Inner", "Startup Cost": 2784.18, "Total Cost": 106793.84, "Plan Rows": 262, "Plan Width": 4, "Inner Unique": false, "Plans": [{"Node Type": "Bitmap Heap Scan", "Parent Relationship": "Outer", "Relation Name": "company_name", "Alias": "cn", "Startup Cost": 2780.8, "Total Cost": 8684.25, "Plan Rows": 6290, "Plan Width": 4, "Filter": "((country_code)::text = '[jp]'::text)", "Plans": [{"Node Type": "Bitmap Index Scan", "Parent Relationship": "Outer", "Index Name": "company_name_pkey", "Startup Cost": 0.0, "Total Cost": 2779.23, "Plan Rows": 234996, "Plan Width": 0}]}, {"Node Type": "Bitmap Heap Scan", "Parent Relationship": "Inner", "Relation Name": "movie_companies", "Alias": "mc", "Startup Cost": 3.37, "Total Cost": 15.59, "Plan Rows": 1, "Plan Width": 8, "Recheck Cond": "(company_id = cn.id)", "Filter": "(((note)::text ~~ '%(Japan)%'::text) AND ((note)::text !~~ '%(USA)%'::text) AND (((note)::text ~~ '%(2006)%'::text) OR ((note)::text ~~ '%(2007)%'::text)))", "Plans": [{"Node Type": "Bitmap Index Scan", "Parent Relationship": "Outer", "Index Name": "company_id_movie_companies", "Startup Cost": 0.0, "Total Cost": 3.37, "Plan Rows": 15, "Plan Width": 0, "Index Cond": "(company_id = cn.id)"}]}]}, {"Node Type": "Bitmap Heap Scan", "Parent Relationship": "Inner", "Relation Name": "title", "Alias": "t", "Startup Cost": 3.93, "Total Cost": 7.95, "Plan Rows": 1, "Plan Width": 21, "Recheck Cond": "(id = mc.movie_id)", "Filter": "((production_year >= 2006) AND (production_year <= 2007) AND (((title)::text ~~ 'One Piece%'::text) OR ((title)::text ~~ 'Dragon Ball Z%'::text)))", "Plans": [{"Node Type": "Bitmap Index Scan", "Parent Relationship": "Outer", "Index Name": "title_pkey", "Startup Cost": 0.0, "Total Cost": 3.93, "Plan Rows": 1, "Plan Width": 0, "Index Cond": "(id = mc.movie_id)"}]}]}, {"Node Type": "Bitmap Heap Scan", "Parent Relationship": "Inner", "Relation Name": "cast_info", "Alias": "ci", "Startup Cost": 4.27, "Total Cost": 28.27, "Plan Rows": 1, "Plan Width": 12, "Recheck Cond": "(movie_id = mc.movie_id)", "Filter": "((note)::text = '(voice: English version)'::text)", "Plans": [{"Node Type": "Bitmap Index Scan", "Parent Relationship": "Outer", "Index Name": "movie_id_cast_info", "Startup Cost": 0.0, "Total Cost": 4.27, "Plan Rows": 6, "Plan Width": 0, "Index Cond": "(movie_id = mc.movie_id)"}]}]}, {"Node Type": "Bitmap Heap Scan", "Parent Relationship": "Inner", "Relation Name": "aka_name", "Alias": "an", "Startup Cost": 0.38, "Total Cost": 4.39, "Plan Rows": 1, "Plan Width": 20, "Recheck Cond": "(person_id = ci.person_id)", "Plans": [{"Node Type": "Bitmap Index Scan", "Parent Relationship": "Outer", "Index Name": "person_id_aka_name", "Startup Cost": 0.0, "Total Cost": 0.38, "Plan Rows": 1, "Plan Width": 0, "Index Cond": "(person_id = ci.person_id)"}]}]}, {"Node Type": "Bitmap Heap Scan", "Parent Relationship": "Inner", "Relation Name": "name", "Alias": "n", "Startup Cost": 0.33, "Total Cost": 4.34, "Plan Rows": 1, "Plan Width": 4, "Recheck Cond": "(id = an.person_id)", "Filter": "(((name)::text ~~ '%Yo%'::text) AND ((name)::text !~~ '%Yu%'::text))", "Plans": [{"Node Type": "Bitmap Index Scan", "Parent Relationship": "Outer", "Index Name": "name_pkey", "Startup Cost": 0.0, "Total Cost": 0.33, "Plan Rows": 1, "Plan Width": 0, "Index Cond": "(id = an.person_id)"}]}]}, {"Node Type": "Bitmap Heap Scan", "Parent Relationship": "Inner", "Relation Name": "role_type", "Alias": "rt", "Startup Cost": 0.26, "Total Cost": 4.27, "Plan Rows": 1, "Plan Width": 4, "Recheck Cond": "(id = ci.role_id)", "Filter": "((role)::text = 'actress'::text)", "Plans": [{"Node Type": "Bitmap Index Scan", "Parent Relationship": "Outer", "Index Name": "role_type_pkey", "Startup Cost": 0.0, "Total Cost": 0.26, "Plan Rows": 1, "Plan Width": 0, "Index Cond": "(id = ci.role_id)"}]}]}]}, "Unique SQL Id": 3956435728, "Planner Runtime": 31}, "explain_analyze_plan": {"Plan": {"Node Type": "Aggregate", "Strategy": "Plain", "Startup Cost": 108949.86, "Total Cost": 108949.87, "Plan Rows": 1, "Plan Width": 97, "Actual Startup Time": 454.404, "Actual Total Time": 454.405, "Actual Rows": 1, "Actual Loops": 1, "Plans": [{"Node Type": "Nested Loop", "Parent Relationship": "Outer", "Join Type": "Inner", "Startup Cost": 2793.35, "Total Cost": 108949.85, "Plan Rows": 1, "Plan Width": 33, "Actual Startup Time": 126.355, "Actual Total Time": 454.354, "Actual Rows": 6, "Actual Loops": 1, "Inner Unique": true, "Plans": [{"Node Type": "Nested Loop", "Parent Relationship": "Outer", "Join Type": "Inner", "Startup Cost": 2793.09, "Total Cost": 108945.57, "Plan Rows": 1, "Plan Width": 37, "Actual Startup Time": 126.34, "Actual Total Time": 454.31, "Actual Rows": 6, "Actual Loops": 1, "Inner Unique": true, "Plans": [{"Node Type": "Nested Loop", "Parent Relationship": "Outer", "Join Type": "Inner", "Startup Cost": 2792.76, "Total Cost": 108941.22, "Plan Rows": 1, "Plan Width": 45, "Actual Startup Time": 125.755, "Actual Total Time": 453.226, "Actual Rows": 171, "Actual Loops": 1, "Inner Unique": false, "Plans": [{"Node Type": "Nested Loop", "Parent Relationship": "Outer", "Join Type": "Inner", "Startup Cost": 2792.38, "Total Cost": 108936.81, "Plan Rows": 1, "Plan Width": 25, "Actual Startup Time": 125.731, "Actual Total Time": 452.322, "Actual Rows": 104, "Actual Loops": 1, "Inner Unique": false, "Join Filter": "(t.id = ci.movie_id)", "Rows Removed by Join Filter": 0, "Plans": [{"Node Type": "Nested Loop", "Parent Relationship": "Outer", "Join Type": "Inner", "Startup Cost": 2788.11, "Total Cost": 108880.24, "Plan Rows": 2, "Plan Width": 25, "Actual Startup Time": 125.673, "Actual Total Time": 451.843, "Actual Rows": 4, "Actual Loops": 1, "Inner Unique": true, "Plans": [{"Node Type": "Nested Loop", "Parent Relationship": "Outer", "Join Type": "Inner", "Startup Cost": 2784.18, "Total Cost": 106793.84, "Plan Rows": 262, "Plan Width": 4, "Actual Startup Time": 21.615, "Actual Total Time": 389.321, "Actual Rows": 8495, "Actual Loops": 1, "Inner Unique": false, "Plans": [{"Node Type": "Bitmap Heap Scan", "Parent Relationship": "Outer", "Relation Name": "company_name", "Alias": "cn", "Startup Cost": 2780.8, "Total Cost": 8684.25, "Plan Rows": 6290, "Plan Width": 4, "Actual Startup Time": 21.545, "Actual Total Time": 139.197, "Actual Rows": 6752, "Actual Loops": 1, "Filter": "((country_code)::text = '[jp]'::text)", "Rows Removed by Filter": 228244, "Exact Heap Blocks": 2966, "Lossy Heap Blocks": 2966, "Plans": [{"Node Type": "Bitmap Index Scan", "Parent Relationship": "Outer", "Index Name": "company_name_pkey", "Startup Cost": 0.0, "Total Cost": 2779.23, "Plan Rows": 234996, "Plan Width": 0, "Actual Startup Time": 21.066, "Actual Total Time": 21.066, "Actual Rows": 234996, "Actual Loops": 1}]}, {"Node Type": "Bitmap Heap Scan", "Parent Relationship": "Inner", "Relation Name": "movie_companies", "Alias": "mc", "Startup Cost": 3.37, "Total Cost": 15.59, "Plan Rows": 1, "Plan Width": 8, "Actual Startup Time": 134.789, "Actual Total Time": 238.582, "Actual Rows": 8495, "Actual Loops": 6752, "Recheck Cond": "(company_id = cn.id)", "Rows Removed by Index Recheck": 0, "Filter": "(((note)::text ~~ '%(Japan)%'::text) AND ((note)::text !~~ '%(USA)%'::text) AND (((note)::text ~~ '%(2006)%'::text) OR ((note)::text ~~ '%(2007)%'::text)))", "Rows Removed by Filter": 96500, "Exact Heap Blocks": 61861, "Lossy Heap Blocks": 61861, "Plans": [{"Node Type": "Bitmap Index Scan", "Parent Relationship": "Outer", "Index Name": "company_id_movie_companies", "Startup Cost": 0.0, "Total Cost": 3.37, "Plan Rows": 15, "Plan Width": 0, "Actual Startup Time": 52.102, "Actual Total Time": 52.102, "Actual Rows": 104995, "Actual Loops": 6752, "Index Cond": "(company_id = cn.id)"}]}]}, {"Node Type": "Bitmap Heap Scan", "Parent Relationship": "Inner", "Relation Name": "title", "Alias": "t", "Startup Cost": 3.93, "Total Cost": 7.95, "Plan Rows": 1, "Plan Width": 21, "Actual Startup Time": 52.556, "Actual Total Time": 52.556, "Actual Rows": 4, "Actual Loops": 8495, "Recheck Cond": "(id = mc.movie_id)", "Rows Removed by Index Recheck": 0, "Filter": "((production_year >= 2006) AND (production_year <= 2007) AND (((title)::text ~~ 'One Piece%'::text) OR ((title)::text ~~ 'Dragon Ball Z%'::text)))", "Rows Removed by Filter": 8491, "Exact Heap Blocks": 8495, "Lossy Heap Blocks": 8495, "Plans": [{"Node Type": "Bitmap Index Scan", "Parent Relationship": "Outer", "Index Name": "title_pkey", "Startup Cost": 0.0, "Total Cost": 3.93, "Plan Rows": 1, "Plan Width": 0, "Actual Startup Time": 25.939, "Actual Total Time": 25.939, "Actual Rows": 8495, "Actual Loops": 8495, "Index Cond": "(id = mc.movie_id)"}]}]}, {"Node Type": "Bitmap Heap Scan", "Parent Relationship": "Inner", "Relation Name": "cast_info", "Alias": "ci", "Startup Cost": 4.27, "Total Cost": 28.27, "Plan Rows": 1, "Plan Width": 12, "Actual Startup Time": 0.182, "Actual Total Time": 0.41, "Actual Rows": 104, "Actual Loops": 4, "Recheck Cond": "(movie_id = mc.movie_id)", "Rows Removed by Index Recheck": 0, "Filter": "((note)::text = '(voice: English version)'::text)", "Rows Removed by Filter": 68, "Exact Heap Blocks": 133, "Lossy Heap Blocks": 133, "Plans": [{"Node Type": "Bitmap Index Scan", "Parent Relationship": "Outer", "Index Name": "movie_id_cast_info", "Startup Cost": 0.0, "Total Cost": 4.27, "Plan Rows": 6, "Plan Width": 0, "Actual Startup Time": 0.058, "Actual Total Time": 0.058, "Actual Rows": 172, "Actual Loops": 4, "Index Cond": "(movie_id = mc.movie_id)"}]}]}, {"Node Type": "Bitmap Heap Scan", "Parent Relationship": "Inner", "Relation Name": "aka_name", "Alias": "an", "Startup Cost": 0.38, "Total Cost": 4.39, "Plan Rows": 1, "Plan Width": 20, "Actual Startup Time": 0.631, "Actual Total Time": 0.711, "Actual Rows": 171, "Actual Loops": 104, "Recheck Cond": "(person_id = ci.person_id)", "Rows Removed by Index Recheck": 0, "Exact Heap Blocks": 105, "Lossy Heap Blocks": 105, "Plans": [{"Node Type": "Bitmap Index Scan", "Parent Relationship": "Outer", "Index Name": "person_id_aka_name", "Startup Cost": 0.0, "Total Cost": 0.38, "Plan Rows": 1, "Plan Width": 0, "Actual Startup Time": 0.442, "Actual Total Time": 0.442, "Actual Rows": 171, "Actual Loops": 104, "Index Cond": "(person_id = ci.person_id)"}]}]}, {"Node Type": "Bitmap Heap Scan", "Parent Relationship": "Inner", "Relation Name": "name", "Alias": "n", "Startup Cost": 0.33, "Total Cost": 4.34, "Plan Rows": 1, "Plan Width": 4, "Actual Startup Time": 0.885, "Actual Total Time": 0.885, "Actual Rows": 6, "Actual Loops": 171, "Recheck Cond": "(id = an.person_id)", "Rows Removed by Index Recheck": 0, "Filter": "(((name)::text ~~ '%Yo%'::text) AND ((name)::text !~~ '%Yu%'::text))", "Rows Removed by Filter": 165, "Exact Heap Blocks": 171, "Lossy Heap Blocks": 171, "Plans": [{"Node Type": "Bitmap Index Scan", "Parent Relationship": "Outer", "Index Name": "name_pkey", "Startup Cost": 0.0, "Total Cost": 0.33, "Plan Rows": 1, "Plan Width": 0, "Actual Startup Time": 0.549, "Actual Total Time": 0.549, "Actual Rows": 171, "Actual Loops": 171, "Index Cond": "(id = an.person_id)"}]}]}, {"Node Type": "Bitmap Heap Scan", "Parent Relationship": "Inner", "Relation Name": "role_type", "Alias": "rt", "Startup Cost": 0.26, "Total Cost": 4.27, "Plan Rows": 1, "Plan Width": 4, "Actual Startup Time": 0.029, "Actual Total Time": 0.029, "Actual Rows": 6, "Actual Loops": 6, "Recheck Cond": "(id = ci.role_id)", "Rows Removed by Index Recheck": 0, "Filter": "((role)::text = 'actress'::text)", "Rows Removed by Filter": 0, "Exact Heap Blocks": 6, "Lossy Heap Blocks": 6, "Plans": [{"Node Type": "Bitmap Index Scan", "Parent Relationship": "Outer", "Index Name": "role_type_pkey", "Startup Cost": 0.0, "Total Cost": 0.26, "Plan Rows": 1, "Plan Width": 0, "Actual Startup Time": 0.01, "Actual Total Time": 0.01, "Actual Rows": 6, "Actual Loops": 6, "Index Cond": "(id = ci.role_id)"}]}]}]}, "Triggers": [], "Planner Runtime": 30.658, "Total Runtime": 454.866, "Unique SQL Id": 3956435728}}, "(64, '4')": {"explain_plan": {"Plan": {"Node Type": "Aggregate", "Strategy": "Plain", "Startup Cost": 64890.38, "Total Cost": 64890.39, "Plan Rows": 1, "Plan Width": 97, "Plans": [{"Node Type": "Nested Loop", "Parent Relationship": "Outer", "Join Type": "Inner", "Startup Cost": 3369.54, "Total Cost": 64890.38, "Plan Rows": 1, "Plan Width": 33, "Inner Unique": true, "Plans": [{"Node Type": "Nested Loop", "Parent Relationship": "Outer", "Join Type": "Inner", "Startup Cost": 3369.54, "Total Cost": 64890.09, "Plan Rows": 1, "Plan Width": 37, "Inner Unique": true, "Plans": [{"Node Type": "Nested Loop", "Parent Relationship": "Outer", "Join Type": "Inner", "Startup Cost": 3369.54, "Total Cost": 64889.51, "Plan Rows": 1, "Plan Width": 45, "Inner Unique": true, "Plans": [{"Node Type": "Nested Loop", "Parent Relationship": "Outer", "Join Type": "Inner", "Startup Cost": 3369.54, "Total Cost": 64885.13, "Plan Rows": 1, "Plan Width": 49, "Inner Unique": false, "Plans": [{"Node Type": "Nested Loop", "Parent Relationship": "Outer", "Join Type": "Inner", "Startup Cost": 3369.54, "Total Cost": 64884.27, "Plan Rows": 1, "Plan Width": 29, "Inner Unique": false, "Join Filter": "(t.id = ci.movie_id)", "Plans": [{"Node Type": "Nested Loop", "Parent Relationship": "Outer", "Join Type": "Inner", "Startup Cost": 3369.54, "Total Cost": 64828.49, "Plan Rows": 2, "Plan Width": 29, "Inner Unique": false, "Plans": [{"Node Type": "Streaming(type: LOCAL GATHER dop: 1/64)", "Parent Relationship": "Outer", "Startup Cost": 3369.54, "Total Cost": 64334.52, "Plan Rows": 43, "Plan Width": 21, "Plans": [{"Node Type": "Seq Scan", "Parent Relationship": "Outer", "Relation Name": "title", "Alias": "t", "Startup Cost": 3369.54, "Total Cost": 64333.63, "Plan Rows": 43, "Plan Width": 21, "Filter": "((production_year >= 2006) AND (production_year <= 2007) AND (((title)::text ~~ 'One Piece%'::text) OR ((title)::text ~~ 'Dragon Ball Z%'::text)))"}]}, {"Node Type": "Index Scan", "Parent Relationship": "Inner", "Scan Direction": "Forward", "Index Name": "movie_id_movie_companies", "Relation Name": "movie_companies", "Alias": "mc", "Startup Cost": 0.0, "Total Cost": 11.48, "Plan Rows": 1, "Plan Width": 8, "Index Cond": "(movie_id = t.id)", "Filter": "(((note)::text ~~ '%(Japan)%'::text) AND ((note)::text !~~ '%(USA)%'::text) AND (((note)::text ~~ '%(2006)%'::text) OR ((note)::text ~~ '%(2007)%'::text)))"}]}, {"Node Type": "Index Scan", "Parent Relationship": "Inner", "Scan Direction": "Forward", "Index Name": "movie_id_cast_info", "Relation Name": "cast_info", "Alias": "ci", "Startup Cost": 0.0, "Total Cost": 27.88, "Plan Rows": 1, "Plan Width": 12, "Index Cond": "(movie_id = mc.movie_id)", "Filter": "((note)::text = '(voice: English version)'::text)"}]}, {"Node Type": "Index Scan", "Parent Relationship": "Inner", "Scan Direction": "Forward", "Index Name": "person_id_aka_name", "Relation Name": "aka_name", "Alias": "an", "Startup Cost": 0.0, "Total Cost": 0.84, "Plan Rows": 1, "Plan Width": 20, "Index Cond": "(person_id = ci.person_id)"}]}, {"Node Type": "Index Scan", "Parent Relationship": "Inner", "Scan Direction": "Forward", "Index Name": "company_name_pkey", "Relation Name": "company_name", "Alias": "cn", "Startup Cost": 0.0, "Total Cost": 4.37, "Plan Rows": 1, "Plan Width": 4, "Index Cond": "(id = mc.company_id)", "Filter": "((country_code)::text = '[jp]'::text)"}]}, {"Node Type": "Index Scan", "Parent Relationship": "Inner", "Scan Direction": "Forward", "Index Name": "name_pkey", "Relation Name": "name", "Alias": "n", "Startup Cost": 0.0, "Total Cost": 0.57, "Plan Rows": 1, "Plan Width": 4, "Index Cond": "(id = an.person_id)", "Filter": "(((name)::text ~~ '%Yo%'::text) AND ((name)::text !~~ '%Yu%'::text))"}]}, {"Node Type": "Index Scan", "Parent Relationship": "Inner", "Scan Direction": "Forward", "Index Name": "role_type_pkey", "Relation Name": "role_type", "Alias": "rt", "Startup Cost": 0.0, "Total Cost": 0.27, "Plan Rows": 1, "Plan Width": 4, "Index Cond": "(id = ci.role_id)", "Filter": "((role)::text = 'actress'::text)"}]}]}, "Unique SQL Id": 3956435728, "Planner Runtime": 31}, "explain_analyze_plan": {"Plan": {"Node Type": "Aggregate", "Strategy": "Plain", "Startup Cost": 64890.38, "Total Cost": 64890.39, "Plan Rows": 1, "Plan Width": 97, "Actual Min Startup Time": 129.95, "Actual Max Startup Time": 129.95, "Actual Min Total Time": 129.951, "Actual Max Total Time": 129.951, "Plans": [{"Node Type": "Nested Loop", "Parent Relationship": "Outer", "Join Type": "Inner", "Startup Cost": 3369.54, "Total Cost": 64890.38, "Plan Rows": 1, "Plan Width": 33, "Actual Min Startup Time": 82.756, "Actual Max Startup Time": 82.756, "Actual Min Total Time": 129.873, "Actual Max Total Time": 129.873, "Inner Unique": true, "Plans": [{"Node Type": "Nested Loop", "Parent Relationship": "Outer", "Join Type": "Inner", "Startup Cost": 3369.54, "Total Cost": 64890.09, "Plan Rows": 1, "Plan Width": 37, "Actual Min Startup Time": 82.738, "Actual Max Startup Time": 82.738, "Actual Min Total Time": 129.822, "Actual Max Total Time": 129.822, "Inner Unique": true, "Plans": [{"Node Type": "Nested Loop", "Parent Relationship": "Outer", "Join Type": "Inner", "Startup Cost": 3369.54, "Total Cost": 64889.51, "Plan Rows": 1, "Plan Width": 45, "Actual Min Startup Time": 81.529, "Actual Max Startup Time": 81.529, "Actual Min Total Time": 128.829, "Actual Max Total Time": 128.829, "Inner Unique": true, "Plans": [{"Node Type": "Nested Loop", "Parent Relationship": "Outer", "Join Type": "Inner", "Startup Cost": 3369.54, "Total Cost": 64885.13, "Plan Rows": 1, "Plan Width": 49, "Actual Min Startup Time": 81.496, "Actual Max Startup Time": 81.496, "Actual Min Total Time": 128.07, "Actual Max Total Time": 128.07, "Inner Unique": false, "Plans": [{"Node Type": "Nested Loop", "Parent Relationship": "Outer", "Join Type": "Inner", "Startup Cost": 3369.54, "Total Cost": 64884.27, "Plan Rows": 1, "Plan Width": 29, "Actual Min Startup Time": 81.476, "Actual Max Startup Time": 81.476, "Actual Min Total Time": 127.263, "Actual Max Total Time": 127.263, "Inner Unique": false, "Join Filter": "(t.id = ci.movie_id)", "Rows Removed by Join Filter": 0, "Plans": [{"Node Type": "Nested Loop", "Parent Relationship": "Outer", "Join Type": "Inner", "Startup Cost": 3369.54, "Total Cost": 64828.49, "Plan Rows": 2, "Plan Width": 29, "Actual Min Startup Time": 81.441, "Actual Max Startup Time": 81.441, "Actual Min Total Time": 126.75, "Actual Max Total Time": 126.75, "Inner Unique": false, "Plans": [{"Node Type": "Streaming(type: LOCAL GATHER dop: 1/64)", "Parent Relationship": "Outer", "Startup Cost": 3369.54, "Total Cost": 64334.52, "Plan Rows": 43, "Plan Width": 21, "Actual Min Startup Time": 81.336, "Actual Max Startup Time": 81.336, "Actual Min Total Time": 126.394, "Actual Max Total Time": 126.394, "Plans": [{"Node Type": "Seq Scan", "Parent Relationship": "Outer", "Relation Name": "title", "Alias": "t", "Startup Cost": 3369.54, "Total Cost": 64333.63, "Plan Rows": 43, "Plan Width": 21, "Actual Min Startup Time": 11.827, "Actual Max Startup Time": 38.588, "Actual Min Total Time": 14.967, "Actual Max Total Time": 38.588, "Filter": "((production_year >= 2006) AND (production_year <= 2007) AND (((title)::text ~~ 'One Piece%'::text) OR ((title)::text ~~ 'Dragon Ball Z%'::text)))", "Rows Removed by Filter": 2528304, "Actual Rows": 7}], "Actual Rows": 7}, {"Node Type": "Index Scan", "Parent Relationship": "Inner", "Scan Direction": "Forward", "Index Name": "movie_id_movie_companies", "Relation Name": "movie_companies", "Alias": "mc", "Startup Cost": 0.0, "Total Cost": 11.48, "Plan Rows": 1, "Plan Width": 8, "Actual Min Startup Time": 0.272, "Actual Max Startup Time": 0.272, "Actual Min Total Time": 0.284, "Actual Max Total Time": 0.284, "Index Cond": "(movie_id = t.id)", "Rows Removed by Index Recheck": 0, "Filter": "(((note)::text ~~ '%(Japan)%'::text) AND ((note)::text !~~ '%(USA)%'::text) AND (((note)::text ~~ '%(2006)%'::text) OR ((note)::text ~~ '%(2007)%'::text)))", "Rows Removed by Filter": 13, "Actual Rows": 4}], "Actual Rows": 4}, {"Node Type": "Index Scan", "Parent Relationship": "Inner", "Scan Direction": "Forward", "Index Name": "movie_id_cast_info", "Relation Name": "cast_info", "Alias": "ci", "Startup Cost": 0.0, "Total Cost": 27.88, "Plan Rows": 1, "Plan Width": 12, "Actual Min Startup Time": 0.149, "Actual Max Startup Time": 0.149, "Actual Min Total Time": 0.418, "Actual Max Total Time": 0.418, "Index Cond": "(movie_id = mc.movie_id)", "Rows Removed by Index Recheck": 0, "Filter": "((note)::text = '(voice: English version)'::text)", "Rows Removed by Filter": 68, "Actual Rows": 104}], "Actual Rows": 104}, {"Node Type": "Index Scan", "Parent Relationship": "Inner", "Scan Direction": "Forward", "Index Name": "person_id_aka_name", "Relation Name": "aka_name", "Alias": "an", "Startup Cost": 0.0, "Total Cost": 0.84, "Plan Rows": 1, "Plan Width": 20, "Actual Min Startup Time": 0.573, "Actual Max Startup Time": 0.573, "Actual Min Total Time": 0.686, "Actual Max Total Time": 0.686, "Index Cond": "(person_id = ci.person_id)", "Rows Removed by Index Recheck": 0, "Actual Rows": 171}], "Actual Rows": 171}, {"Node Type": "Index Scan", "Parent Relationship": "Inner", "Scan Direction": "Forward", "Index Name": "company_name_pkey", "Relation Name": "company_name", "Alias": "cn", "Startup Cost": 0.0, "Total Cost": 4.37, "Plan Rows": 1, "Plan Width": 4, "Actual Min Startup Time": 0.589, "Actual Max Startup Time": 0.589, "Actual Min Total Time": 0.589, "Actual Max Total Time": 0.589, "Index Cond": "(id = mc.company_id)", "Rows Removed by Index Recheck": 0, "Filter": "((country_code)::text = '[jp]'::text)", "Rows Removed by Filter": 0, "Actual Rows": 171}], "Actual Rows": 171}, {"Node Type": "Index Scan", "Parent Relationship": "Inner", "Scan Direction": "Forward", "Index Name": "name_pkey", "Relation Name": "name", "Alias": "n", "Startup Cost": 0.0, "Total Cost": 0.57, "Plan Rows": 1, "Plan Width": 4, "Actual Min Startup Time": 0.882, "Actual Max Startup Time": 0.882, "Actual Min Total Time": 0.882, "Actual Max Total Time": 0.882, "Index Cond": "(id = an.person_id)", "Rows Removed by Index Recheck": 0, "Filter": "(((name)::text ~~ '%Yo%'::text) AND ((name)::text !~~ '%Yu%'::text))", "Rows Removed by Filter": 165, "Actual Rows": 6}], "Actual Rows": 6}, {"Node Type": "Index Scan", "Parent Relationship": "Inner", "Scan Direction": "Forward", "Index Name": "role_type_pkey", "Relation Name": "role_type", "Alias": "rt", "Startup Cost": 0.0, "Total Cost": 0.27, "Plan Rows": 1, "Plan Width": 4, "Actual Min Startup Time": 0.03, "Actual Max Startup Time": 0.03, "Actual Min Total Time": 0.03, "Actual Max Total Time": 0.03, "Index Cond": "(id = ci.role_id)", "Rows Removed by Index Recheck": 0, "Filter": "((role)::text = 'actress'::text)", "Rows Removed by Filter": 0, "Actual Rows": 6}], "Actual Rows": 6}], "Actual Rows": 1}, "Triggers": [], "Planner Runtime": 31.722, "Total Runtime": 142.327, "Unique SQL Id": 3956435728}}, "(64, '5')": {"explain_plan": {"Plan": {"Node Type": "Aggregate", "Strategy": "Plain", "Startup Cost": 82294.12, "Total Cost": 82294.13, "Plan Rows": 1, "Plan Width": 97, "Plans": [{"Node Type": "Nested Loop", "Parent Relationship": "Outer", "Join Type": "Inner", "Startup Cost": 2780.8, "Total Cost": 82294.12, "Plan Rows": 1, "Plan Width": 33, "Inner Unique": true, "Plans": [{"Node Type": "Nested Loop", "Parent Relationship": "Outer", "Join Type": "Inner", "Startup Cost": 2780.8, "Total Cost": 82293.84, "Plan Rows": 1, "Plan Width": 37, "Inner Unique": true, "Plans": [{"Node Type": "Nested Loop", "Parent Relationship": "Outer", "Join Type": "Inner", "Startup Cost": 2780.8, "Total Cost": 82293.26, "Plan Rows": 1, "Plan Width": 45, "Inner Unique": false, "Plans": [{"Node Type": "Nested Loop", "Parent Relationship": "Outer", "Join Type": "Inner", "Startup Cost": 2780.8, "Total Cost": 82292.4, "Plan Rows": 1, "Plan Width": 25, "Inner Unique": false, "Join Filter": "(t.id = ci.movie_id)", "Plans": [{"Node Type": "Nested Loop", "Parent Relationship": "Outer", "Join Type": "Inner", "Startup Cost": 2780.8, "Total Cost": 82236.62, "Plan Rows": 2, "Plan Width": 25, "Inner Unique": true, "Plans": [{"Node Type": "Nested Loop", "Parent Relationship": "Outer", "Join Type": "Inner", "Startup Cost": 2780.8, "Total Cost": 80174.39, "Plan Rows": 262, "Plan Width": 4, "Inner Unique": false, "Plans": [{"Node Type": "Bitmap Heap Scan", "Parent Relationship": "Outer", "Relation Name": "company_name", "Alias": "cn", "Startup Cost": 2780.8, "Total Cost": 8684.25, "Plan Rows": 6290, "Plan Width": 4, "Filter": "((country_code)::text = '[jp]'::text)", "Plans": [{"Node Type": "Bitmap Index Scan", "Parent Relationship": "Outer", "Index Name": "company_name_pkey", "Startup Cost": 0.0, "Total Cost": 2779.23, "Plan Rows": 234996, "Plan Width": 0}]}, {"Node Type": "Index Scan", "Parent Relationship": "Inner", "Scan Direction": "Forward", "Index Name": "company_id_movie_companies", "Relation Name": "movie_companies", "Alias": "mc", "Startup Cost": 0.0, "Total Cost": 11.36, "Plan Rows": 1, "Plan Width": 8, "Index Cond": "(company_id = cn.id)", "Filter": "(((note)::text ~~ '%(Japan)%'::text) AND ((note)::text !~~ '%(USA)%'::text) AND (((note)::text ~~ '%(2006)%'::text) OR ((note)::text ~~ '%(2007)%'::text)))"}]}, {"Node Type": "Index Scan", "Parent Relationship": "Inner", "Scan Direction": "Forward", "Index Name": "title_pkey", "Relation Name": "title", "Alias": "t", "Startup Cost": 0.0, "Total Cost": 7.86, "Plan Rows": 1, "Plan Width": 21, "Index Cond": "(id = mc.movie_id)", "Filter": "((production_year >= 2006) AND (production_year <= 2007) AND (((title)::text ~~ 'One Piece%'::text) OR ((title)::text ~~ 'Dragon Ball Z%'::text)))"}]}, {"Node Type": "Index Scan", "Parent Relationship": "Inner", "Scan Direction": "Forward", "Index Name": "movie_id_cast_info", "Relation Name": "cast_info", "Alias": "ci", "Startup Cost": 0.0, "Total Cost": 27.88, "Plan Rows": 1, "Plan Width": 12, "Index Cond": "(movie_id = mc.movie_id)", "Filter": "((note)::text = '(voice: English version)'::text)"}]}, {"Node Type": "Index Scan", "Parent Relationship": "Inner", "Scan Direction": "Forward", "Index Name": "person_id_aka_name", "Relation Name": "aka_name", "Alias": "an", "Startup Cost": 0.0, "Total Cost": 0.84, "Plan Rows": 1, "Plan Width": 20, "Index Cond": "(person_id = ci.person_id)"}]}, {"Node Type": "Index Scan", "Parent Relationship": "Inner", "Scan Direction": "Forward", "Index Name": "name_pkey", "Relation Name": "name", "Alias": "n", "Startup Cost": 0.0, "Total Cost": 0.57, "Plan Rows": 1, "Plan Width": 4, "Index Cond": "(id = an.person_id)", "Filter": "(((name)::text ~~ '%Yo%'::text) AND ((name)::text !~~ '%Yu%'::text))"}]}, {"Node Type": "Index Scan", "Parent Relationship": "Inner", "Scan Direction": "Forward", "Index Name": "role_type_pkey", "Relation Name": "role_type", "Alias": "rt", "Startup Cost": 0.0, "Total Cost": 0.27, "Plan Rows": 1, "Plan Width": 4, "Index Cond": "(id = ci.role_id)", "Filter": "((role)::text = 'actress'::text)"}]}]}, "Unique SQL Id": 3956435728, "Planner Runtime": 28}, "explain_analyze_plan": null}, "(64, '6')": {"explain_plan": {"Plan": {"Node Type": "Aggregate", "Strategy": "Plain", "Startup Cost": 64933.13, "Total Cost": 64933.14, "Plan Rows": 1, "Plan Width": 97, "Plans": [{"Node Type": "Nested Loop", "Parent Relationship": "Outer", "Join Type": "Inner", "Startup Cost": 3380.01, "Total Cost": 64933.12, "Plan Rows": 1, "Plan Width": 33, "Inner Unique": true, "Join Filter": "(ci.role_id = rt.id)", "Plans": [{"Node Type": "Nested Loop", "Parent Relationship": "Outer", "Join Type": "Inner", "Startup Cost": 3380.01, "Total Cost": 64931.96, "Plan Rows": 1, "Plan Width": 37, "Inner Unique": true, "Plans": [{"Node Type": "Nested Loop", "Parent Relationship": "Outer", "Join Type": "Inner", "Startup Cost": 3379.69, "Total Cost": 64927.61, "Plan Rows": 1, "Plan Width": 45, "Inner Unique": true, "Plans": [{"Node Type": "Nested Loop", "Parent Relationship": "Outer", "Join Type": "Inner", "Startup Cost": 3378.46, "Total Cost": 64922.35, "Plan Rows": 1, "Plan Width": 49, "Inner Unique": false, "Plans": [{"Node Type": "Nested Loop", "Parent Relationship": "Outer", "Join Type": "Inner", "Startup Cost": 3378.08, "Total Cost": 64917.95, "Plan Rows": 1, "Plan Width": 29, "Inner Unique": false, "Join Filter": "(t.id = ci.movie_id)", "Plans": [{"Node Type": "Nested Loop", "Parent Relationship": "Outer", "Join Type": "Inner", "Startup Cost": 3373.8, "Total Cost": 64861.38, "Plan Rows": 2, "Plan Width": 29, "Inner Unique": false, "Plans": [{"Node Type": "Streaming(type: LOCAL GATHER dop: 1/64)", "Parent Relationship": "Outer", "Startup Cost": 3369.54, "Total Cost": 64334.52, "Plan Rows": 43, "Plan Width": 21, "Plans": [{"Node Type": "Seq Scan", "Parent Relationship": "Outer", "Relation Name": "title", "Alias": "t", "Startup Cost": 3369.54, "Total Cost": 64333.63, "Plan Rows": 43, "Plan Width": 21, "Filter": "((production_year >= 2006) AND (production_year <= 2007) AND (((title)::text ~~ 'One Piece%'::text) OR ((title)::text ~~ 'Dragon Ball Z%'::text)))"}]}, {"Node Type": "Bitmap Heap Scan", "Parent Relationship": "Inner", "Relation Name": "movie_companies", "Alias": "mc", "Startup Cost": 4.27, "Total Cost": 12.24, "Plan Rows": 1, "Plan Width": 8, "Recheck Cond": "(movie_id = t.id)", "Filter": "(((note)::text ~~ '%(Japan)%'::text) AND ((note)::text !~~ '%(USA)%'::text) AND (((note)::text ~~ '%(2006)%'::text) OR ((note)::text ~~ '%(2007)%'::text)))", "Plans": [{"Node Type": "Bitmap Index Scan", "Parent Relationship": "Outer", "Index Name": "movie_id_movie_companies", "Startup Cost": 0.0, "Total Cost": 4.26, "Plan Rows": 2, "Plan Width": 0, "Index Cond": "(movie_id = t.id)"}]}]}, {"Node Type": "Bitmap Heap Scan", "Parent Relationship": "Inner", "Relation Name": "cast_info", "Alias": "ci", "Startup Cost": 4.27, "Total Cost": 28.27, "Plan Rows": 1, "Plan Width": 12, "Recheck Cond": "(movie_id = mc.movie_id)", "Filter": "((note)::text = '(voice: English version)'::text)", "Plans": [{"Node Type": "Bitmap Index Scan", "Parent Relationship": "Outer", "Index Name": "movie_id_cast_info", "Startup Cost": 0.0, "Total Cost": 4.27, "Plan Rows": 6, "Plan Width": 0, "Index Cond": "(movie_id = mc.movie_id)"}]}]}, {"Node Type": "Bitmap Heap Scan", "Parent Relationship": "Inner", "Relation Name": "aka_name", "Alias": "an", "Startup Cost": 0.38, "Total Cost": 4.39, "Plan Rows": 1, "Plan Width": 20, "Recheck Cond": "(person_id = ci.person_id)", "Plans": [{"Node Type": "Bitmap Index Scan", "Parent Relationship": "Outer", "Index Name": "person_id_aka_name", "Startup Cost": 0.0, "Total Cost": 0.38, "Plan Rows": 1, "Plan Width": 0, "Index Cond": "(person_id = ci.person_id)"}]}]}, {"Node Type": "Bitmap Heap Scan", "Parent Relationship": "Inner", "Relation Name": "company_name", "Alias": "cn", "Startup Cost": 1.23, "Total Cost": 5.24, "Plan Rows": 1, "Plan Width": 4, "Recheck Cond": "(id = mc.company_id)", "Filter": "((country_code)::text = '[jp]'::text)", "Plans": [{"Node Type": "Bitmap Index Scan", "Parent Relationship": "Outer", "Index Name": "company_name_pkey", "Startup Cost": 0.0, "Total Cost": 1.23, "Plan Rows": 1, "Plan Width": 0, "Index Cond": "(id = mc.company_id)"}]}]}, {"Node Type": "Bitmap Heap Scan", "Parent Relationship": "Inner", "Relation Name": "name", "Alias": "n", "Startup Cost": 0.33, "Total Cost": 4.34, "Plan Rows": 1, "Plan Width": 4, "Recheck Cond": "(id = an.person_id)", "Filter": "(((name)::text ~~ '%Yo%'::text) AND ((name)::text !~~ '%Yu%'::text))", "Plans": [{"Node Type": "Bitmap Index Scan", "Parent Relationship": "Outer", "Index Name": "name_pkey", "Startup Cost": 0.0, "Total Cost": 0.33, "Plan Rows": 1, "Plan Width": 0, "Index Cond": "(id = an.person_id)"}]}]}, {"Node Type": "Seq Scan", "Parent Relationship": "Inner", "Relation Name": "role_type", "Alias": "rt", "Startup Cost": 0.0, "Total Cost": 1.15, "Plan Rows": 1, "Plan Width": 4, "Filter": "((role)::text = 'actress'::text)"}]}]}, "Unique SQL Id": 3956435728, "Planner Runtime": 43}, "explain_analyze_plan": {"Plan": {"Node Type": "Aggregate", "Strategy": "Plain", "Startup Cost": 64933.13, "Total Cost": 64933.14, "Plan Rows": 1, "Plan Width": 97, "Actual Min Startup Time": 156.871, "Actual Max Startup Time": 156.871, "Actual Min Total Time": 156.872, "Actual Max Total Time": 156.872, "Plans": [{"Node Type": "Nested Loop", "Parent Relationship": "Outer", "Join Type": "Inner", "Startup Cost": 3380.01, "Total Cost": 64933.12, "Plan Rows": 1, "Plan Width": 33, "Actual Min Startup Time": 132.628, "Actual Max Startup Time": 132.628, "Actual Min Total Time": 156.809, "Actual Max Total Time": 156.809, "Inner Unique": true, "Join Filter": "(ci.role_id = rt.id)", "Rows Removed by Join Filter": 0, "Plans": [{"Node Type": "Nested Loop", "Parent Relationship": "Outer", "Join Type": "Inner", "Startup Cost": 3380.01, "Total Cost": 64931.96, "Plan Rows": 1, "Plan Width": 37, "Actual Min Startup Time": 132.608, "Actual Max Startup Time": 132.608, "Actual Min Total Time": 156.755, "Actual Max Total Time": 156.755, "Inner Unique": true, "Plans": [{"Node Type": "Nested Loop", "Parent Relationship": "Outer", "Join Type": "Inner", "Startup Cost": 3379.69, "Total Cost": 64927.61, "Plan Rows": 1, "Plan Width": 45, "Actual Min Startup Time": 131.505, "Actual Max Startup Time": 131.505, "Actual Min Total Time": 155.6, "Actual Max Total Time": 155.6, "Inner Unique": true, "Plans": [{"Node Type": "Nested Loop", "Parent Relationship": "Outer", "Join Type": "Inner", "Startup Cost": 3378.46, "Total Cost": 64922.35, "Plan Rows": 1, "Plan Width": 49, "Actual Min Startup Time": 131.484, "Actual Max Startup Time": 131.484, "Actual Min Total Time": 154.653, "Actual Max Total Time": 154.653, "Inner Unique": false, "Plans": [{"Node Type": "Nested Loop", "Parent Relationship": "Outer", "Join Type": "Inner", "Startup Cost": 3378.08, "Total Cost": 64917.95, "Plan Rows": 1, "Plan Width": 29, "Actual Min Startup Time": 131.456, "Actual Max Startup Time": 131.456, "Actual Min Total Time": 153.642, "Actual Max Total Time": 153.642, "Inner Unique": false, "Join Filter": "(t.id = ci.movie_id)", "Rows Removed by Join Filter": 0, "Plans": [{"Node Type": "Nested Loop", "Parent Relationship": "Outer", "Join Type": "Inner", "Startup Cost": 3373.8, "Total Cost": 64861.38, "Plan Rows": 2, "Plan Width": 29, "Actual Min Startup Time": 130.603, "Actual Max Startup Time": 130.603, "Actual Min Total Time": 153.108, "Actual Max Total Time": 153.108, "Inner Unique": false, "Plans": [{"Node Type": "Streaming(type: LOCAL GATHER dop: 1/64)", "Parent Relationship": "Outer", "Startup Cost": 3369.54, "Total Cost": 64334.52, "Plan Rows": 43, "Plan Width": 21, "Actual Min Startup Time": 123.928, "Actual Max Startup Time": 123.928, "Actual Min Total Time": 152.691, "Actual Max Total Time": 152.691, "Plans": [{"Node Type": "Seq Scan", "Parent Relationship": "Outer", "Relation Name": "title", "Alias": "t", "Startup Cost": 3369.54, "Total Cost": 64333.63, "Plan Rows": 43, "Plan Width": 21, "Actual Min Startup Time": 11.76, "Actual Max Startup Time": 34.023, "Actual Min Total Time": 14.755, "Actual Max Total Time": 34.023, "Filter": "((production_year >= 2006) AND (production_year <= 2007) AND (((title)::text ~~ 'One Piece%'::text) OR ((title)::text ~~ 'Dragon Ball Z%'::text)))", "Rows Removed by Filter": 2528304, "Actual Rows": 7}], "Actual Rows": 7}, {"Node Type": "Bitmap Heap Scan", "Parent Relationship": "Inner", "Relation Name": "movie_companies", "Alias": "mc", "Startup Cost": 4.27, "Total Cost": 12.24, "Plan Rows": 1, "Plan Width": 8, "Actual Min Startup Time": 0.327, "Actual Max Startup Time": 0.327, "Actual Min Total Time": 0.337, "Actual Max Total Time": 0.337, "Recheck Cond": "(movie_id = t.id)", "Rows Removed by Index Recheck": 0, "Filter": "(((note)::text ~~ '%(Japan)%'::text) AND ((note)::text !~~ '%(USA)%'::text) AND (((note)::text ~~ '%(2006)%'::text) OR ((note)::text ~~ '%(2007)%'::text)))", "Rows Removed by Filter": 13, "Exact Heap Blocks": 13, "Lossy Heap Blocks": 13, "Plans": [{"Node Type": "Bitmap Index Scan", "Parent Relationship": "Outer", "Index Name": "movie_id_movie_companies", "Startup Cost": 0.0, "Total Cost": 4.26, "Plan Rows": 2, "Plan Width": 0, "Actual Min Startup Time": 0.16, "Actual Max Startup Time": 0.16, "Actual Min Total Time": 0.16, "Actual Max Total Time": 0.16, "Index Cond": "(movie_id = t.id)", "Actual Rows": 17}], "Actual Rows": 4}], "Actual Rows": 4}, {"Node Type": "Bitmap Heap Scan", "Parent Relationship": "Inner", "Relation Name": "cast_info", "Alias": "ci", "Startup Cost": 4.27, "Total Cost": 28.27, "Plan Rows": 1, "Plan Width": 12, "Actual Min Startup Time": 0.196, "Actual Max Startup Time": 0.196, "Actual Min Total Time": 0.463, "Actual Max Total Time": 0.463, "Recheck Cond": "(movie_id = mc.movie_id)", "Rows Removed by Index Recheck": 0, "Filter": "((note)::text = '(voice: English version)'::text)", "Rows Removed by Filter": 68, "Exact Heap Blocks": 133, "Lossy Heap Blocks": 133, "Plans": [{"Node Type": "Bitmap Index Scan", "Parent Relationship": "Outer", "Index Name": "movie_id_cast_info", "Startup Cost": 0.0, "Total Cost": 4.27, "Plan Rows": 6, "Plan Width": 0, "Actual Min Startup Time": 0.075, "Actual Max Startup Time": 0.075, "Actual Min Total Time": 0.075, "Actual Max Total Time": 0.075, "Index Cond": "(movie_id = mc.movie_id)", "Actual Rows": 172}], "Actual Rows": 104}], "Actual Rows": 104}, {"Node Type": "Bitmap Heap Scan", "Parent Relationship": "Inner", "Relation Name": "aka_name", "Alias": "an", "Startup Cost": 0.38, "Total Cost": 4.39, "Plan Rows": 1, "Plan Width": 20, "Actual Min Startup Time": 0.752, "Actual Max Startup Time": 0.752, "Actual Min Total Time": 0.827, "Actual Max Total Time": 0.827, "Recheck Cond": "(person_id = ci.person_id)", "Rows Removed by Index Recheck": 0, "Exact Heap Blocks": 105, "Lossy Heap Blocks": 105, "Plans": [{"Node Type": "Bitmap Index Scan", "Parent Relationship": "Outer", "Index Name": "person_id_aka_name", "Startup Cost": 0.0, "Total Cost": 0.38, "Plan Rows": 1, "Plan Width": 0, "Actual Min Startup Time": 0.529, "Actual Max Startup Time": 0.529, "Actual Min Total Time": 0.529, "Actual Max Total Time": 0.529, "Index Cond": "(person_id = ci.person_id)", "Actual Rows": 171}], "Actual Rows": 171}], "Actual Rows": 171}, {"Node Type": "Bitmap Heap Scan", "Parent Relationship": "Inner", "Relation Name": "company_name", "Alias": "cn", "Startup Cost": 1.23, "Total Cost": 5.24, "Plan Rows": 1, "Plan Width": 4, "Actual Min Startup Time": 0.704, "Actual Max Startup Time": 0.704, "Actual Min Total Time": 0.704, "Actual Max Total Time": 0.704, "Recheck Cond": "(id = mc.company_id)", "Rows Removed by Index Recheck": 0, "Filter": "((country_code)::text = '[jp]'::text)", "Rows Removed by Filter": 0, "Exact Heap Blocks": 171, "Lossy Heap Blocks": 171, "Plans": [{"Node Type": "Bitmap Index Scan", "Parent Relationship": "Outer", "Index Name": "company_name_pkey", "Startup Cost": 0.0, "Total Cost": 1.23, "Plan Rows": 1, "Plan Width": 0, "Actual Min Startup Time": 0.421, "Actual Max Startup Time": 0.421, "Actual Min Total Time": 0.421, "Actual Max Total Time": 0.421, "Index Cond": "(id = mc.company_id)", "Actual Rows": 171}], "Actual Rows": 171}], "Actual Rows": 171}, {"Node Type": "Bitmap Heap Scan", "Parent Relationship": "Inner", "Relation Name": "name", "Alias": "n", "Startup Cost": 0.33, "Total Cost": 4.34, "Plan Rows": 1, "Plan Width": 4, "Actual Min Startup Time": 0.954, "Actual Max Startup Time": 0.954, "Actual Min Total Time": 0.954, "Actual Max Total Time": 0.954, "Recheck Cond": "(id = an.person_id)", "Rows Removed by Index Recheck": 0, "Filter": "(((name)::text ~~ '%Yo%'::text) AND ((name)::text !~~ '%Yu%'::text))", "Rows Removed by Filter": 165, "Exact Heap Blocks": 171, "Lossy Heap Blocks": 171, "Plans": [{"Node Type": "Bitmap Index Scan", "Parent Relationship": "Outer", "Index Name": "name_pkey", "Startup Cost": 0.0, "Total Cost": 0.33, "Plan Rows": 1, "Plan Width": 0, "Actual Min Startup Time": 0.601, "Actual Max Startup Time": 0.601, "Actual Min Total Time": 0.601, "Actual Max Total Time": 0.601, "Index Cond": "(id = an.person_id)", "Actual Rows": 171}], "Actual Rows": 6}], "Actual Rows": 6}, {"Node Type": "Seq Scan", "Parent Relationship": "Inner", "Relation Name": "role_type", "Alias": "rt", "Startup Cost": 0.0, "Total Cost": 1.15, "Plan Rows": 1, "Plan Width": 4, "Actual Min Startup Time": 0.03, "Actual Max Startup Time": 0.03, "Actual Min Total Time": 0.03, "Actual Max Total Time": 0.03, "Filter": "((role)::text = 'actress'::text)", "Rows Removed by Filter": 6, "Actual Rows": 6}], "Actual Rows": 6}], "Actual Rows": 1}, "Triggers": [], "Planner Runtime": 43.476, "Total Runtime": 170.805, "Unique SQL Id": 3956435728}}, "(64, '7')": {"explain_plan": {"Plan": {"Node Type": "Aggregate", "Strategy": "Plain", "Startup Cost": 108949.86, "Total Cost": 108949.87, "Plan Rows": 1, "Plan Width": 97, "Plans": [{"Node Type": "Nested Loop", "Parent Relationship": "Outer", "Join Type": "Inner", "Startup Cost": 2793.35, "Total Cost": 108949.85, "Plan Rows": 1, "Plan Width": 33, "Inner Unique": true, "Plans": [{"Node Type": "Nested Loop", "Parent Relationship": "Outer", "Join Type": "Inner", "Startup Cost": 2793.09, "Total Cost": 108945.57, "Plan Rows": 1, "Plan Width": 37, "Inner Unique": true, "Plans": [{"Node Type": "Nested Loop", "Parent Relationship": "Outer", "Join Type": "Inner", "Startup Cost": 2792.76, "Total Cost": 108941.22, "Plan Rows": 1, "Plan Width": 45, "Inner Unique": false, "Plans": [{"Node Type": "Nested Loop", "Parent Relationship": "Outer", "Join Type": "Inner", "Startup Cost": 2792.38, "Total Cost": 108936.81, "Plan Rows": 1, "Plan Width": 25, "Inner Unique": false, "Join Filter": "(t.id = ci.movie_id)", "Plans": [{"Node Type": "Nested Loop", "Parent Relationship": "Outer", "Join Type": "Inner", "Startup Cost": 2788.11, "Total Cost": 108880.24, "Plan Rows": 2, "Plan Width": 25, "Inner Unique": true, "Plans": [{"Node Type": "Nested Loop", "Parent Relationship": "Outer", "Join Type": "Inner", "Startup Cost": 2784.18, "Total Cost": 106793.84, "Plan Rows": 262, "Plan Width": 4, "Inner Unique": false, "Plans": [{"Node Type": "Bitmap Heap Scan", "Parent Relationship": "Outer", "Relation Name": "company_name", "Alias": "cn", "Startup Cost": 2780.8, "Total Cost": 8684.25, "Plan Rows": 6290, "Plan Width": 4, "Filter": "((country_code)::text = '[jp]'::text)", "Plans": [{"Node Type": "Bitmap Index Scan", "Parent Relationship": "Outer", "Index Name": "company_name_pkey", "Startup Cost": 0.0, "Total Cost": 2779.23, "Plan Rows": 234996, "Plan Width": 0}]}, {"Node Type": "Bitmap Heap Scan", "Parent Relationship": "Inner", "Relation Name": "movie_companies", "Alias": "mc", "Startup Cost": 3.37, "Total Cost": 15.59, "Plan Rows": 1, "Plan Width": 8, "Recheck Cond": "(company_id = cn.id)", "Filter": "(((note)::text ~~ '%(Japan)%'::text) AND ((note)::text !~~ '%(USA)%'::text) AND (((note)::text ~~ '%(2006)%'::text) OR ((note)::text ~~ '%(2007)%'::text)))", "Plans": [{"Node Type": "Bitmap Index Scan", "Parent Relationship": "Outer", "Index Name": "company_id_movie_companies", "Startup Cost": 0.0, "Total Cost": 3.37, "Plan Rows": 15, "Plan Width": 0, "Index Cond": "(company_id = cn.id)"}]}]}, {"Node Type": "Bitmap Heap Scan", "Parent Relationship": "Inner", "Relation Name": "title", "Alias": "t", "Startup Cost": 3.93, "Total Cost": 7.95, "Plan Rows": 1, "Plan Width": 21, "Recheck Cond": "(id = mc.movie_id)", "Filter": "((production_year >= 2006) AND (production_year <= 2007) AND (((title)::text ~~ 'One Piece%'::text) OR ((title)::text ~~ 'Dragon Ball Z%'::text)))", "Plans": [{"Node Type": "Bitmap Index Scan", "Parent Relationship": "Outer", "Index Name": "title_pkey", "Startup Cost": 0.0, "Total Cost": 3.93, "Plan Rows": 1, "Plan Width": 0, "Index Cond": "(id = mc.movie_id)"}]}]}, {"Node Type": "Bitmap Heap Scan", "Parent Relationship": "Inner", "Relation Name": "cast_info", "Alias": "ci", "Startup Cost": 4.27, "Total Cost": 28.27, "Plan Rows": 1, "Plan Width": 12, "Recheck Cond": "(movie_id = mc.movie_id)", "Filter": "((note)::text = '(voice: English version)'::text)", "Plans": [{"Node Type": "Bitmap Index Scan", "Parent Relationship": "Outer", "Index Name": "movie_id_cast_info", "Startup Cost": 0.0, "Total Cost": 4.27, "Plan Rows": 6, "Plan Width": 0, "Index Cond": "(movie_id = mc.movie_id)"}]}]}, {"Node Type": "Bitmap Heap Scan", "Parent Relationship": "Inner", "Relation Name": "aka_name", "Alias": "an", "Startup Cost": 0.38, "Total Cost": 4.39, "Plan Rows": 1, "Plan Width": 20, "Recheck Cond": "(person_id = ci.person_id)", "Plans": [{"Node Type": "Bitmap Index Scan", "Parent Relationship": "Outer", "Index Name": "person_id_aka_name", "Startup Cost": 0.0, "Total Cost": 0.38, "Plan Rows": 1, "Plan Width": 0, "Index Cond": "(person_id = ci.person_id)"}]}]}, {"Node Type": "Bitmap Heap Scan", "Parent Relationship": "Inner", "Relation Name": "name", "Alias": "n", "Startup Cost": 0.33, "Total Cost": 4.34, "Plan Rows": 1, "Plan Width": 4, "Recheck Cond": "(id = an.person_id)", "Filter": "(((name)::text ~~ '%Yo%'::text) AND ((name)::text !~~ '%Yu%'::text))", "Plans": [{"Node Type": "Bitmap Index Scan", "Parent Relationship": "Outer", "Index Name": "name_pkey", "Startup Cost": 0.0, "Total Cost": 0.33, "Plan Rows": 1, "Plan Width": 0, "Index Cond": "(id = an.person_id)"}]}]}, {"Node Type": "Bitmap Heap Scan", "Parent Relationship": "Inner", "Relation Name": "role_type", "Alias": "rt", "Startup Cost": 0.26, "Total Cost": 4.27, "Plan Rows": 1, "Plan Width": 4, "Recheck Cond": "(id = ci.role_id)", "Filter": "((role)::text = 'actress'::text)", "Plans": [{"Node Type": "Bitmap Index Scan", "Parent Relationship": "Outer", "Index Name": "role_type_pkey", "Startup Cost": 0.0, "Total Cost": 0.26, "Plan Rows": 1, "Plan Width": 0, "Index Cond": "(id = ci.role_id)"}]}]}]}, "Unique SQL Id": 3956435728, "Planner Runtime": 30}, "explain_analyze_plan": {"Plan": {"Node Type": "Aggregate", "Strategy": "Plain", "Startup Cost": 108949.86, "Total Cost": 108949.87, "Plan Rows": 1, "Plan Width": 97, "Actual Startup Time": 454.404, "Actual Total Time": 454.405, "Actual Rows": 1, "Actual Loops": 1, "Plans": [{"Node Type": "Nested Loop", "Parent Relationship": "Outer", "Join Type": "Inner", "Startup Cost": 2793.35, "Total Cost": 108949.85, "Plan Rows": 1, "Plan Width": 33, "Actual Startup Time": 126.355, "Actual Total Time": 454.354, "Actual Rows": 6, "Actual Loops": 1, "Inner Unique": true, "Plans": [{"Node Type": "Nested Loop", "Parent Relationship": "Outer", "Join Type": "Inner", "Startup Cost": 2793.09, "Total Cost": 108945.57, "Plan Rows": 1, "Plan Width": 37, "Actual Startup Time": 126.34, "Actual Total Time": 454.31, "Actual Rows": 6, "Actual Loops": 1, "Inner Unique": true, "Plans": [{"Node Type": "Nested Loop", "Parent Relationship": "Outer", "Join Type": "Inner", "Startup Cost": 2792.76, "Total Cost": 108941.22, "Plan Rows": 1, "Plan Width": 45, "Actual Startup Time": 125.755, "Actual Total Time": 453.226, "Actual Rows": 171, "Actual Loops": 1, "Inner Unique": false, "Plans": [{"Node Type": "Nested Loop", "Parent Relationship": "Outer", "Join Type": "Inner", "Startup Cost": 2792.38, "Total Cost": 108936.81, "Plan Rows": 1, "Plan Width": 25, "Actual Startup Time": 125.731, "Actual Total Time": 452.322, "Actual Rows": 104, "Actual Loops": 1, "Inner Unique": false, "Join Filter": "(t.id = ci.movie_id)", "Rows Removed by Join Filter": 0, "Plans": [{"Node Type": "Nested Loop", "Parent Relationship": "Outer", "Join Type": "Inner", "Startup Cost": 2788.11, "Total Cost": 108880.24, "Plan Rows": 2, "Plan Width": 25, "Actual Startup Time": 125.673, "Actual Total Time": 451.843, "Actual Rows": 4, "Actual Loops": 1, "Inner Unique": true, "Plans": [{"Node Type": "Nested Loop", "Parent Relationship": "Outer", "Join Type": "Inner", "Startup Cost": 2784.18, "Total Cost": 106793.84, "Plan Rows": 262, "Plan Width": 4, "Actual Startup Time": 21.615, "Actual Total Time": 389.321, "Actual Rows": 8495, "Actual Loops": 1, "Inner Unique": false, "Plans": [{"Node Type": "Bitmap Heap Scan", "Parent Relationship": "Outer", "Relation Name": "company_name", "Alias": "cn", "Startup Cost": 2780.8, "Total Cost": 8684.25, "Plan Rows": 6290, "Plan Width": 4, "Actual Startup Time": 21.545, "Actual Total Time": 139.197, "Actual Rows": 6752, "Actual Loops": 1, "Filter": "((country_code)::text = '[jp]'::text)", "Rows Removed by Filter": 228244, "Exact Heap Blocks": 2966, "Lossy Heap Blocks": 2966, "Plans": [{"Node Type": "Bitmap Index Scan", "Parent Relationship": "Outer", "Index Name": "company_name_pkey", "Startup Cost": 0.0, "Total Cost": 2779.23, "Plan Rows": 234996, "Plan Width": 0, "Actual Startup Time": 21.066, "Actual Total Time": 21.066, "Actual Rows": 234996, "Actual Loops": 1}]}, {"Node Type": "Bitmap Heap Scan", "Parent Relationship": "Inner", "Relation Name": "movie_companies", "Alias": "mc", "Startup Cost": 3.37, "Total Cost": 15.59, "Plan Rows": 1, "Plan Width": 8, "Actual Startup Time": 134.789, "Actual Total Time": 238.582, "Actual Rows": 8495, "Actual Loops": 6752, "Recheck Cond": "(company_id = cn.id)", "Rows Removed by Index Recheck": 0, "Filter": "(((note)::text ~~ '%(Japan)%'::text) AND ((note)::text !~~ '%(USA)%'::text) AND (((note)::text ~~ '%(2006)%'::text) OR ((note)::text ~~ '%(2007)%'::text)))", "Rows Removed by Filter": 96500, "Exact Heap Blocks": 61861, "Lossy Heap Blocks": 61861, "Plans": [{"Node Type": "Bitmap Index Scan", "Parent Relationship": "Outer", "Index Name": "company_id_movie_companies", "Startup Cost": 0.0, "Total Cost": 3.37, "Plan Rows": 15, "Plan Width": 0, "Actual Startup Time": 52.102, "Actual Total Time": 52.102, "Actual Rows": 104995, "Actual Loops": 6752, "Index Cond": "(company_id = cn.id)"}]}]}, {"Node Type": "Bitmap Heap Scan", "Parent Relationship": "Inner", "Relation Name": "title", "Alias": "t", "Startup Cost": 3.93, "Total Cost": 7.95, "Plan Rows": 1, "Plan Width": 21, "Actual Startup Time": 52.556, "Actual Total Time": 52.556, "Actual Rows": 4, "Actual Loops": 8495, "Recheck Cond": "(id = mc.movie_id)", "Rows Removed by Index Recheck": 0, "Filter": "((production_year >= 2006) AND (production_year <= 2007) AND (((title)::text ~~ 'One Piece%'::text) OR ((title)::text ~~ 'Dragon Ball Z%'::text)))", "Rows Removed by Filter": 8491, "Exact Heap Blocks": 8495, "Lossy Heap Blocks": 8495, "Plans": [{"Node Type": "Bitmap Index Scan", "Parent Relationship": "Outer", "Index Name": "title_pkey", "Startup Cost": 0.0, "Total Cost": 3.93, "Plan Rows": 1, "Plan Width": 0, "Actual Startup Time": 25.939, "Actual Total Time": 25.939, "Actual Rows": 8495, "Actual Loops": 8495, "Index Cond": "(id = mc.movie_id)"}]}]}, {"Node Type": "Bitmap Heap Scan", "Parent Relationship": "Inner", "Relation Name": "cast_info", "Alias": "ci", "Startup Cost": 4.27, "Total Cost": 28.27, "Plan Rows": 1, "Plan Width": 12, "Actual Startup Time": 0.182, "Actual Total Time": 0.41, "Actual Rows": 104, "Actual Loops": 4, "Recheck Cond": "(movie_id = mc.movie_id)", "Rows Removed by Index Recheck": 0, "Filter": "((note)::text = '(voice: English version)'::text)", "Rows Removed by Filter": 68, "Exact Heap Blocks": 133, "Lossy Heap Blocks": 133, "Plans": [{"Node Type": "Bitmap Index Scan", "Parent Relationship": "Outer", "Index Name": "movie_id_cast_info", "Startup Cost": 0.0, "Total Cost": 4.27, "Plan Rows": 6, "Plan Width": 0, "Actual Startup Time": 0.058, "Actual Total Time": 0.058, "Actual Rows": 172, "Actual Loops": 4, "Index Cond": "(movie_id = mc.movie_id)"}]}]}, {"Node Type": "Bitmap Heap Scan", "Parent Relationship": "Inner", "Relation Name": "aka_name", "Alias": "an", "Startup Cost": 0.38, "Total Cost": 4.39, "Plan Rows": 1, "Plan Width": 20, "Actual Startup Time": 0.631, "Actual Total Time": 0.711, "Actual Rows": 171, "Actual Loops": 104, "Recheck Cond": "(person_id = ci.person_id)", "Rows Removed by Index Recheck": 0, "Exact Heap Blocks": 105, "Lossy Heap Blocks": 105, "Plans": [{"Node Type": "Bitmap Index Scan", "Parent Relationship": "Outer", "Index Name": "person_id_aka_name", "Startup Cost": 0.0, "Total Cost": 0.38, "Plan Rows": 1, "Plan Width": 0, "Actual Startup Time": 0.442, "Actual Total Time": 0.442, "Actual Rows": 171, "Actual Loops": 104, "Index Cond": "(person_id = ci.person_id)"}]}]}, {"Node Type": "Bitmap Heap Scan", "Parent Relationship": "Inner", "Relation Name": "name", "Alias": "n", "Startup Cost": 0.33, "Total Cost": 4.34, "Plan Rows": 1, "Plan Width": 4, "Actual Startup Time": 0.885, "Actual Total Time": 0.885, "Actual Rows": 6, "Actual Loops": 171, "Recheck Cond": "(id = an.person_id)", "Rows Removed by Index Recheck": 0, "Filter": "(((name)::text ~~ '%Yo%'::text) AND ((name)::text !~~ '%Yu%'::text))", "Rows Removed by Filter": 165, "Exact Heap Blocks": 171, "Lossy Heap Blocks": 171, "Plans": [{"Node Type": "Bitmap Index Scan", "Parent Relationship": "Outer", "Index Name": "name_pkey", "Startup Cost": 0.0, "Total Cost": 0.33, "Plan Rows": 1, "Plan Width": 0, "Actual Startup Time": 0.549, "Actual Total Time": 0.549, "Actual Rows": 171, "Actual Loops": 171, "Index Cond": "(id = an.person_id)"}]}]}, {"Node Type": "Bitmap Heap Scan", "Parent Relationship": "Inner", "Relation Name": "role_type", "Alias": "rt", "Startup Cost": 0.26, "Total Cost": 4.27, "Plan Rows": 1, "Plan Width": 4, "Actual Startup Time": 0.029, "Actual Total Time": 0.029, "Actual Rows": 6, "Actual Loops": 6, "Recheck Cond": "(id = ci.role_id)", "Rows Removed by Index Recheck": 0, "Filter": "((role)::text = 'actress'::text)", "Rows Removed by Filter": 0, "Exact Heap Blocks": 6, "Lossy Heap Blocks": 6, "Plans": [{"Node Type": "Bitmap Index Scan", "Parent Relationship": "Outer", "Index Name": "role_type_pkey", "Startup Cost": 0.0, "Total Cost": 0.26, "Plan Rows": 1, "Plan Width": 0, "Actual Startup Time": 0.01, "Actual Total Time": 0.01, "Actual Rows": 6, "Actual Loops": 6, "Index Cond": "(id = ci.role_id)"}]}]}]}, "Triggers": [], "Planner Runtime": 30.658, "Total Runtime": 454.866, "Unique SQL Id": 3956435728}}, "(64, '8')": {"explain_plan": {"Plan": {"Node Type": "Aggregate", "Strategy": "Plain", "Startup Cost": 64890.38, "Total Cost": 64890.39, "Plan Rows": 1, "Plan Width": 97, "Plans": [{"Node Type": "Nested Loop", "Parent Relationship": "Outer", "Join Type": "Inner", "Startup Cost": 3369.54, "Total Cost": 64890.38, "Plan Rows": 1, "Plan Width": 33, "Inner Unique": true, "Plans": [{"Node Type": "Nested Loop", "Parent Relationship": "Outer", "Join Type": "Inner", "Startup Cost": 3369.54, "Total Cost": 64890.09, "Plan Rows": 1, "Plan Width": 37, "Inner Unique": true, "Plans": [{"Node Type": "Nested Loop", "Parent Relationship": "Outer", "Join Type": "Inner", "Startup Cost": 3369.54, "Total Cost": 64889.51, "Plan Rows": 1, "Plan Width": 45, "Inner Unique": true, "Plans": [{"Node Type": "Nested Loop", "Parent Relationship": "Outer", "Join Type": "Inner", "Startup Cost": 3369.54, "Total Cost": 64885.13, "Plan Rows": 1, "Plan Width": 49, "Inner Unique": false, "Plans": [{"Node Type": "Nested Loop", "Parent Relationship": "Outer", "Join Type": "Inner", "Startup Cost": 3369.54, "Total Cost": 64884.27, "Plan Rows": 1, "Plan Width": 29, "Inner Unique": false, "Join Filter": "(t.id = ci.movie_id)", "Plans": [{"Node Type": "Nested Loop", "Parent Relationship": "Outer", "Join Type": "Inner", "Startup Cost": 3369.54, "Total Cost": 64828.49, "Plan Rows": 2, "Plan Width": 29, "Inner Unique": false, "Plans": [{"Node Type": "Streaming(type: LOCAL GATHER dop: 1/64)", "Parent Relationship": "Outer", "Startup Cost": 3369.54, "Total Cost": 64334.52, "Plan Rows": 43, "Plan Width": 21, "Plans": [{"Node Type": "Seq Scan", "Parent Relationship": "Outer", "Relation Name": "title", "Alias": "t", "Startup Cost": 3369.54, "Total Cost": 64333.63, "Plan Rows": 43, "Plan Width": 21, "Filter": "((production_year >= 2006) AND (production_year <= 2007) AND (((title)::text ~~ 'One Piece%'::text) OR ((title)::text ~~ 'Dragon Ball Z%'::text)))"}]}, {"Node Type": "Index Scan", "Parent Relationship": "Inner", "Scan Direction": "Forward", "Index Name": "movie_id_movie_companies", "Relation Name": "movie_companies", "Alias": "mc", "Startup Cost": 0.0, "Total Cost": 11.48, "Plan Rows": 1, "Plan Width": 8, "Index Cond": "(movie_id = t.id)", "Filter": "(((note)::text ~~ '%(Japan)%'::text) AND ((note)::text !~~ '%(USA)%'::text) AND (((note)::text ~~ '%(2006)%'::text) OR ((note)::text ~~ '%(2007)%'::text)))"}]}, {"Node Type": "Index Scan", "Parent Relationship": "Inner", "Scan Direction": "Forward", "Index Name": "movie_id_cast_info", "Relation Name": "cast_info", "Alias": "ci", "Startup Cost": 0.0, "Total Cost": 27.88, "Plan Rows": 1, "Plan Width": 12, "Index Cond": "(movie_id = mc.movie_id)", "Filter": "((note)::text = '(voice: English version)'::text)"}]}, {"Node Type": "Index Scan", "Parent Relationship": "Inner", "Scan Direction": "Forward", "Index Name": "person_id_aka_name", "Relation Name": "aka_name", "Alias": "an", "Startup Cost": 0.0, "Total Cost": 0.84, "Plan Rows": 1, "Plan Width": 20, "Index Cond": "(person_id = ci.person_id)"}]}, {"Node Type": "Index Scan", "Parent Relationship": "Inner", "Scan Direction": "Forward", "Index Name": "company_name_pkey", "Relation Name": "company_name", "Alias": "cn", "Startup Cost": 0.0, "Total Cost": 4.37, "Plan Rows": 1, "Plan Width": 4, "Index Cond": "(id = mc.company_id)", "Filter": "((country_code)::text = '[jp]'::text)"}]}, {"Node Type": "Index Scan", "Parent Relationship": "Inner", "Scan Direction": "Forward", "Index Name": "name_pkey", "Relation Name": "name", "Alias": "n", "Startup Cost": 0.0, "Total Cost": 0.57, "Plan Rows": 1, "Plan Width": 4, "Index Cond": "(id = an.person_id)", "Filter": "(((name)::text ~~ '%Yo%'::text) AND ((name)::text !~~ '%Yu%'::text))"}]}, {"Node Type": "Index Scan", "Parent Relationship": "Inner", "Scan Direction": "Forward", "Index Name": "role_type_pkey", "Relation Name": "role_type", "Alias": "rt", "Startup Cost": 0.0, "Total Cost": 0.27, "Plan Rows": 1, "Plan Width": 4, "Index Cond": "(id = ci.role_id)", "Filter": "((role)::text = 'actress'::text)"}]}]}, "Unique SQL Id": 3956435728, "Planner Runtime": 30}, "explain_analyze_plan": {"Plan": {"Node Type": "Aggregate", "Strategy": "Plain", "Startup Cost": 64890.38, "Total Cost": 64890.39, "Plan Rows": 1, "Plan Width": 97, "Actual Min Startup Time": 129.95, "Actual Max Startup Time": 129.95, "Actual Min Total Time": 129.951, "Actual Max Total Time": 129.951, "Plans": [{"Node Type": "Nested Loop", "Parent Relationship": "Outer", "Join Type": "Inner", "Startup Cost": 3369.54, "Total Cost": 64890.38, "Plan Rows": 1, "Plan Width": 33, "Actual Min Startup Time": 82.756, "Actual Max Startup Time": 82.756, "Actual Min Total Time": 129.873, "Actual Max Total Time": 129.873, "Inner Unique": true, "Plans": [{"Node Type": "Nested Loop", "Parent Relationship": "Outer", "Join Type": "Inner", "Startup Cost": 3369.54, "Total Cost": 64890.09, "Plan Rows": 1, "Plan Width": 37, "Actual Min Startup Time": 82.738, "Actual Max Startup Time": 82.738, "Actual Min Total Time": 129.822, "Actual Max Total Time": 129.822, "Inner Unique": true, "Plans": [{"Node Type": "Nested Loop", "Parent Relationship": "Outer", "Join Type": "Inner", "Startup Cost": 3369.54, "Total Cost": 64889.51, "Plan Rows": 1, "Plan Width": 45, "Actual Min Startup Time": 81.529, "Actual Max Startup Time": 81.529, "Actual Min Total Time": 128.829, "Actual Max Total Time": 128.829, "Inner Unique": true, "Plans": [{"Node Type": "Nested Loop", "Parent Relationship": "Outer", "Join Type": "Inner", "Startup Cost": 3369.54, "Total Cost": 64885.13, "Plan Rows": 1, "Plan Width": 49, "Actual Min Startup Time": 81.496, "Actual Max Startup Time": 81.496, "Actual Min Total Time": 128.07, "Actual Max Total Time": 128.07, "Inner Unique": false, "Plans": [{"Node Type": "Nested Loop", "Parent Relationship": "Outer", "Join Type": "Inner", "Startup Cost": 3369.54, "Total Cost": 64884.27, "Plan Rows": 1, "Plan Width": 29, "Actual Min Startup Time": 81.476, "Actual Max Startup Time": 81.476, "Actual Min Total Time": 127.263, "Actual Max Total Time": 127.263, "Inner Unique": false, "Join Filter": "(t.id = ci.movie_id)", "Rows Removed by Join Filter": 0, "Plans": [{"Node Type": "Nested Loop", "Parent Relationship": "Outer", "Join Type": "Inner", "Startup Cost": 3369.54, "Total Cost": 64828.49, "Plan Rows": 2, "Plan Width": 29, "Actual Min Startup Time": 81.441, "Actual Max Startup Time": 81.441, "Actual Min Total Time": 126.75, "Actual Max Total Time": 126.75, "Inner Unique": false, "Plans": [{"Node Type": "Streaming(type: LOCAL GATHER dop: 1/64)", "Parent Relationship": "Outer", "Startup Cost": 3369.54, "Total Cost": 64334.52, "Plan Rows": 43, "Plan Width": 21, "Actual Min Startup Time": 81.336, "Actual Max Startup Time": 81.336, "Actual Min Total Time": 126.394, "Actual Max Total Time": 126.394, "Plans": [{"Node Type": "Seq Scan", "Parent Relationship": "Outer", "Relation Name": "title", "Alias": "t", "Startup Cost": 3369.54, "Total Cost": 64333.63, "Plan Rows": 43, "Plan Width": 21, "Actual Min Startup Time": 11.827, "Actual Max Startup Time": 38.588, "Actual Min Total Time": 14.967, "Actual Max Total Time": 38.588, "Filter": "((production_year >= 2006) AND (production_year <= 2007) AND (((title)::text ~~ 'One Piece%'::text) OR ((title)::text ~~ 'Dragon Ball Z%'::text)))", "Rows Removed by Filter": 2528304, "Actual Rows": 7}], "Actual Rows": 7}, {"Node Type": "Index Scan", "Parent Relationship": "Inner", "Scan Direction": "Forward", "Index Name": "movie_id_movie_companies", "Relation Name": "movie_companies", "Alias": "mc", "Startup Cost": 0.0, "Total Cost": 11.48, "Plan Rows": 1, "Plan Width": 8, "Actual Min Startup Time": 0.272, "Actual Max Startup Time": 0.272, "Actual Min Total Time": 0.284, "Actual Max Total Time": 0.284, "Index Cond": "(movie_id = t.id)", "Rows Removed by Index Recheck": 0, "Filter": "(((note)::text ~~ '%(Japan)%'::text) AND ((note)::text !~~ '%(USA)%'::text) AND (((note)::text ~~ '%(2006)%'::text) OR ((note)::text ~~ '%(2007)%'::text)))", "Rows Removed by Filter": 13, "Actual Rows": 4}], "Actual Rows": 4}, {"Node Type": "Index Scan", "Parent Relationship": "Inner", "Scan Direction": "Forward", "Index Name": "movie_id_cast_info", "Relation Name": "cast_info", "Alias": "ci", "Startup Cost": 0.0, "Total Cost": 27.88, "Plan Rows": 1, "Plan Width": 12, "Actual Min Startup Time": 0.149, "Actual Max Startup Time": 0.149, "Actual Min Total Time": 0.418, "Actual Max Total Time": 0.418, "Index Cond": "(movie_id = mc.movie_id)", "Rows Removed by Index Recheck": 0, "Filter": "((note)::text = '(voice: English version)'::text)", "Rows Removed by Filter": 68, "Actual Rows": 104}], "Actual Rows": 104}, {"Node Type": "Index Scan", "Parent Relationship": "Inner", "Scan Direction": "Forward", "Index Name": "person_id_aka_name", "Relation Name": "aka_name", "Alias": "an", "Startup Cost": 0.0, "Total Cost": 0.84, "Plan Rows": 1, "Plan Width": 20, "Actual Min Startup Time": 0.573, "Actual Max Startup Time": 0.573, "Actual Min Total Time": 0.686, "Actual Max Total Time": 0.686, "Index Cond": "(person_id = ci.person_id)", "Rows Removed by Index Recheck": 0, "Actual Rows": 171}], "Actual Rows": 171}, {"Node Type": "Index Scan", "Parent Relationship": "Inner", "Scan Direction": "Forward", "Index Name": "company_name_pkey", "Relation Name": "company_name", "Alias": "cn", "Startup Cost": 0.0, "Total Cost": 4.37, "Plan Rows": 1, "Plan Width": 4, "Actual Min Startup Time": 0.589, "Actual Max Startup Time": 0.589, "Actual Min Total Time": 0.589, "Actual Max Total Time": 0.589, "Index Cond": "(id = mc.company_id)", "Rows Removed by Index Recheck": 0, "Filter": "((country_code)::text = '[jp]'::text)", "Rows Removed by Filter": 0, "Actual Rows": 171}], "Actual Rows": 171}, {"Node Type": "Index Scan", "Parent Relationship": "Inner", "Scan Direction": "Forward", "Index Name": "name_pkey", "Relation Name": "name", "Alias": "n", "Startup Cost": 0.0, "Total Cost": 0.57, "Plan Rows": 1, "Plan Width": 4, "Actual Min Startup Time": 0.882, "Actual Max Startup Time": 0.882, "Actual Min Total Time": 0.882, "Actual Max Total Time": 0.882, "Index Cond": "(id = an.person_id)", "Rows Removed by Index Recheck": 0, "Filter": "(((name)::text ~~ '%Yo%'::text) AND ((name)::text !~~ '%Yu%'::text))", "Rows Removed by Filter": 165, "Actual Rows": 6}], "Actual Rows": 6}, {"Node Type": "Index Scan", "Parent Relationship": "Inner", "Scan Direction": "Forward", "Index Name": "role_type_pkey", "Relation Name": "role_type", "Alias": "rt", "Startup Cost": 0.0, "Total Cost": 0.27, "Plan Rows": 1, "Plan Width": 4, "Actual Min Startup Time": 0.03, "Actual Max Startup Time": 0.03, "Actual Min Total Time": 0.03, "Actual Max Total Time": 0.03, "Index Cond": "(id = ci.role_id)", "Rows Removed by Index Recheck": 0, "Filter": "((role)::text = 'actress'::text)", "Rows Removed by Filter": 0, "Actual Rows": 6}], "Actual Rows": 6}], "Actual Rows": 1}, "Triggers": [], "Planner Runtime": 31.722, "Total Runtime": 142.327, "Unique SQL Id": 3956435728}}, "(64, '9')": {"explain_plan": {"Plan": {"Node Type": "Aggregate", "Strategy": "Plain", "Startup Cost": 84111.26, "Total Cost": 84111.27, "Plan Rows": 1, "Plan Width": 97, "Plans": [{"Node Type": "Nested Loop", "Parent Relationship": "Outer", "Join Type": "Inner", "Startup Cost": 0.0, "Total Cost": 84111.26, "Plan Rows": 1, "Plan Width": 33, "Inner Unique": true, "Plans": [{"Node Type": "Nested Loop", "Parent Relationship": "Outer", "Join Type": "Inner", "Startup Cost": 0.0, "Total Cost": 84110.97, "Plan Rows": 1, "Plan Width": 37, "Inner Unique": true, "Plans": [{"Node Type": "Nested Loop", "Parent Relationship": "Outer", "Join Type": "Inner", "Startup Cost": 0.0, "Total Cost": 84110.39, "Plan Rows": 1, "Plan Width": 45, "Inner Unique": false, "Plans": [{"Node Type": "Nested Loop", "Parent Relationship": "Outer", "Join Type": "Inner", "Startup Cost": 0.0, "Total Cost": 84109.54, "Plan Rows": 1, "Plan Width": 25, "Inner Unique": false, "Join Filter": "(t.id = ci.movie_id)", "Plans": [{"Node Type": "Nested Loop", "Parent Relationship": "Outer", "Join Type": "Inner", "Startup Cost": 0.0, "Total Cost": 84053.76, "Plan Rows": 2, "Plan Width": 25, "Inner Unique": true, "Plans": [{"Node Type": "Nested Loop", "Parent Relationship": "Outer", "Join Type": "Inner", "Startup Cost": 0.0, "Total Cost": 81991.53, "Plan Rows": 262, "Plan Width": 4, "Inner Unique": false, "Plans": [{"Node Type": "Index Scan", "Parent Relationship": "Outer", "Scan Direction": "Forward", "Index Name": "company_name_pkey", "Relation Name": "company_name", "Alias": "cn", "Startup Cost": 0.0, "Total Cost": 10501.39, "Plan Rows": 6290, "Plan Width": 4, "Filter": "((country_code)::text = '[jp]'::text)"}, {"Node Type": "Index Scan", "Parent Relationship": "Inner", "Scan Direction": "Forward", "Index Name": "company_id_movie_companies", "Relation Name": "movie_companies", "Alias": "mc", "Startup Cost": 0.0, "Total Cost": 11.36, "Plan Rows": 1, "Plan Width": 8, "Index Cond": "(company_id = cn.id)", "Filter": "(((note)::text ~~ '%(Japan)%'::text) AND ((note)::text !~~ '%(USA)%'::text) AND (((note)::text ~~ '%(2006)%'::text) OR ((note)::text ~~ '%(2007)%'::text)))"}]}, {"Node Type": "Index Scan", "Parent Relationship": "Inner", "Scan Direction": "Forward", "Index Name": "title_pkey", "Relation Name": "title", "Alias": "t", "Startup Cost": 0.0, "Total Cost": 7.86, "Plan Rows": 1, "Plan Width": 21, "Index Cond": "(id = mc.movie_id)", "Filter": "((production_year >= 2006) AND (production_year <= 2007) AND (((title)::text ~~ 'One Piece%'::text) OR ((title)::text ~~ 'Dragon Ball Z%'::text)))"}]}, {"Node Type": "Index Scan", "Parent Relationship": "Inner", "Scan Direction": "Forward", "Index Name": "movie_id_cast_info", "Relation Name": "cast_info", "Alias": "ci", "Startup Cost": 0.0, "Total Cost": 27.88, "Plan Rows": 1, "Plan Width": 12, "Index Cond": "(movie_id = mc.movie_id)", "Filter": "((note)::text = '(voice: English version)'::text)"}]}, {"Node Type": "Index Scan", "Parent Relationship": "Inner", "Scan Direction": "Forward", "Index Name": "person_id_aka_name", "Relation Name": "aka_name", "Alias": "an", "Startup Cost": 0.0, "Total Cost": 0.84, "Plan Rows": 1, "Plan Width": 20, "Index Cond": "(person_id = ci.person_id)"}]}, {"Node Type": "Index Scan", "Parent Relationship": "Inner", "Scan Direction": "Forward", "Index Name": "name_pkey", "Relation Name": "name", "Alias": "n", "Startup Cost": 0.0, "Total Cost": 0.57, "Plan Rows": 1, "Plan Width": 4, "Index Cond": "(id = an.person_id)", "Filter": "(((name)::text ~~ '%Yo%'::text) AND ((name)::text !~~ '%Yu%'::text))"}]}, {"Node Type": "Index Scan", "Parent Relationship": "Inner", "Scan Direction": "Forward", "Index Name": "role_type_pkey", "Relation Name": "role_type", "Alias": "rt", "Startup Cost": 0.0, "Total Cost": 0.27, "Plan Rows": 1, "Plan Width": 4, "Index Cond": "(id = ci.role_id)", "Filter": "((role)::text = 'actress'::text)"}]}]}, "Unique SQL Id": 3956435728, "Planner Runtime": 28}, "explain_analyze_plan": {"Plan": {"Node Type": "Aggregate", "Strategy": "Plain", "Startup Cost": 84111.26, "Total Cost": 84111.27, "Plan Rows": 1, "Plan Width": 97, "Actual Startup Time": 508.933, "Actual Total Time": 508.933, "Actual Rows": 1, "Actual Loops": 1, "Plans": [{"Node Type": "Nested Loop", "Parent Relationship": "Outer", "Join Type": "Inner", "Startup Cost": 0.0, "Total Cost": 84111.26, "Plan Rows": 1, "Plan Width": 33, "Actual Startup Time": 43.321, "Actual Total Time": 508.871, "Actual Rows": 6, "Actual Loops": 1, "Inner Unique": true, "Plans": [{"Node Type": "Nested Loop", "Parent Relationship": "Outer", "Join Type": "Inner", "Startup Cost": 0.0, "Total Cost": 84110.97, "Plan Rows": 1, "Plan Width": 37, "Actual Startup Time": 43.31, "Actual Total Time": 508.838, "Actual Rows": 6, "Actual Loops": 1, "Inner Unique": true, "Plans": [{"Node Type": "Nested Loop", "Parent Relationship": "Outer", "Join Type": "Inner", "Startup Cost": 0.0, "Total Cost": 84110.39, "Plan Rows": 1, "Plan Width": 45, "Actual Startup Time": 42.486, "Actual Total Time": 507.995, "Actual Rows": 171, "Actual Loops": 1, "Inner Unique": false, "Plans": [{"Node Type": "Nested Loop", "Parent Relationship": "Outer", "Join Type": "Inner", "Startup Cost": 0.0, "Total Cost": 84109.54, "Plan Rows": 1, "Plan Width": 25, "Actual Startup Time": 42.471, "Actual Total Time": 507.321, "Actual Rows": 104, "Actual Loops": 1, "Inner Unique": false, "Join Filter": "(t.id = ci.movie_id)", "Rows Removed by Join Filter": 0, "Plans": [{"Node Type": "Nested Loop", "Parent Relationship": "Outer", "Join Type": "Inner", "Startup Cost": 0.0, "Total Cost": 84053.76, "Plan Rows": 2, "Plan Width": 25, "Actual Startup Time": 42.377, "Actual Total Time": 506.931, "Actual Rows": 4, "Actual Loops": 1, "Inner Unique": true, "Plans": [{"Node Type": "Nested Loop", "Parent Relationship": "Outer", "Join Type": "Inner", "Startup Cost": 0.0, "Total Cost": 81991.53, "Plan Rows": 262, "Plan Width": 4, "Actual Startup Time": 0.202, "Actual Total Time": 458.712, "Actual Rows": 8495, "Actual Loops": 1, "Inner Unique": false, "Plans": [{"Node Type": "Index Scan", "Parent Relationship": "Outer", "Scan Direction": "Forward", "Index Name": "company_name_pkey", "Relation Name": "company_name", "Alias": "cn", "Startup Cost": 0.0, "Total Cost": 10501.39, "Plan Rows": 6290, "Plan Width": 4, "Actual Startup Time": 0.167, "Actual Total Time": 270.605, "Actual Rows": 6752, "Actual Loops": 1, "Filter": "((country_code)::text = '[jp]'::text)", "Rows Removed by Filter": 228244}, {"Node Type": "Index Scan", "Parent Relationship": "Inner", "Scan Direction": "Forward", "Index Name": "company_id_movie_companies", "Relation Name": "movie_companies", "Alias": "mc", "Startup Cost": 0.0, "Total Cost": 11.36, "Plan Rows": 1, "Plan Width": 8, "Actual Startup Time": 82.862, "Actual Total Time": 182.042, "Actual Rows": 8495, "Actual Loops": 6752, "Index Cond": "(company_id = cn.id)", "Rows Removed by Index Recheck": 0, "Filter": "(((note)::text ~~ '%(Japan)%'::text) AND ((note)::text !~~ '%(USA)%'::text) AND (((note)::text ~~ '%(2006)%'::text) OR ((note)::text ~~ '%(2007)%'::text)))", "Rows Removed by Filter": 96500}]}, {"Node Type": "Index Scan", "Parent Relationship": "Inner", "Scan Direction": "Forward", "Index Name": "title_pkey", "Relation Name": "title", "Alias": "t", "Startup Cost": 0.0, "Total Cost": 7.86, "Plan Rows": 1, "Plan Width": 21, "Actual Startup Time": 43.82, "Actual Total Time": 43.82, "Actual Rows": 4, "Actual Loops": 8495, "Index Cond": "(id = mc.movie_id)", "Rows Removed by Index Recheck": 0, "Filter": "((production_year >= 2006) AND (production_year <= 2007) AND (((title)::text ~~ 'One Piece%'::text) OR ((title)::text ~~ 'Dragon Ball Z%'::text)))", "Rows Removed by Filter": 8491}]}, {"Node Type": "Index Scan", "Parent Relationship": "Inner", "Scan Direction": "Forward", "Index Name": "movie_id_cast_info", "Relation Name": "cast_info", "Alias": "ci", "Startup Cost": 0.0, "Total Cost": 27.88, "Plan Rows": 1, "Plan Width": 12, "Actual Startup Time": 0.107, "Actual Total Time": 0.315, "Actual Rows": 104, "Actual Loops": 4, "Index Cond": "(movie_id = mc.movie_id)", "Rows Removed by Index Recheck": 0, "Filter": "((note)::text = '(voice: English version)'::text)", "Rows Removed by Filter": 68}]}, {"Node Type": "Index Scan", "Parent Relationship": "Inner", "Scan Direction": "Forward", "Index Name": "person_id_aka_name", "Relation Name": "aka_name", "Alias": "an", "Startup Cost": 0.0, "Total Cost": 0.84, "Plan Rows": 1, "Plan Width": 20, "Actual Startup Time": 0.474, "Actual Total Time": 0.579, "Actual Rows": 171, "Actual Loops": 104, "Index Cond": "(person_id = ci.person_id)", "Rows Removed by Index Recheck": 0}]}, {"Node Type": "Index Scan", "Parent Relationship": "Inner", "Scan Direction": "Forward", "Index Name": "name_pkey", "Relation Name": "name", "Alias": "n", "Startup Cost": 0.0, "Total Cost": 0.57, "Plan Rows": 1, "Plan Width": 4, "Actual Startup Time": 0.754, "Actual Total Time": 0.754, "Actual Rows": 6, "Actual Loops": 171, "Index Cond": "(id = an.person_id)", "Rows Removed by Index Recheck": 0, "Filter": "(((name)::text ~~ '%Yo%'::text) AND ((name)::text !~~ '%Yu%'::text))", "Rows Removed by Filter": 165}]}, {"Node Type": "Index Scan", "Parent Relationship": "Inner", "Scan Direction": "Forward", "Index Name": "role_type_pkey", "Relation Name": "role_type", "Alias": "rt", "Startup Cost": 0.0, "Total Cost": 0.27, "Plan Rows": 1, "Plan Width": 4, "Actual Startup Time": 0.021, "Actual Total Time": 0.021, "Actual Rows": 6, "Actual Loops": 6, "Index Cond": "(id = ci.role_id)", "Rows Removed by Index Recheck": 0, "Filter": "((role)::text = 'actress'::text)", "Rows Removed by Filter": 0}]}]}, "Triggers": [], "Planner Runtime": 28.465, "Total Runtime": 509.196, "Unique SQL Id": 3956435728}}, "(64, '10')": {"explain_plan": {"Plan": {"Node Type": "Aggregate", "Strategy": "Plain", "Startup Cost": 301668.81, "Total Cost": 301668.82, "Plan Rows": 1, "Plan Width": 97, "Plans": [{"Node Type": "Nested Loop", "Parent Relationship": "Outer", "Join Type": "Inner", "Startup Cost": 68609.41, "Total Cost": 301668.8, "Plan Rows": 1, "Plan Width": 33, "Inner Unique": true, "Join Filter": "(mc.company_id = cn.id)", "Plans": [{"Node Type": "Nested Loop", "Parent Relationship": "Outer", "Join Type": "Inner", "Startup Cost": 68609.41, "Total Cost": 295686.73, "Plan Rows": 1, "Plan Width": 37, "Inner Unique": false, "Join Filter": "(an.person_id = ci.person_id)", "Plans": [{"Node Type": "Nested Loop", "Parent Relationship": "Outer", "Join Type": "Inner", "Startup Cost": 3369.54, "Total Cost": 206784.29, "Plan Rows": 1, "Plan Width": 25, "Inner Unique": false, "Join Filter": "(ci.movie_id = t.id)", "Plans": [{"Node Type": "Nested Loop", "Parent Relationship": "Outer", "Join Type": "Inner", "Startup Cost": 0.0, "Total Cost": 77025.27, "Plan Rows": 8790, "Plan Width": 8, "Inner Unique": false, "Join Filter": "(ci.role_id = rt.id)", "Plans": [{"Node Type": "Seq Scan", "Parent Relationship": "Outer", "Relation Name": "role_type", "Alias": "rt", "Startup Cost": 0.0, "Total Cost": 1.15, "Plan Rows": 1, "Plan Width": 4, "Filter": "((role)::text = 'actress'::text)"}, {"Node Type": "Materialize", "Parent Relationship": "Inner", "Startup Cost": 0.0, "Total Cost": 76057.2, "Plan Rows": 96692, "Plan Width": 12, "Plans": [{"Node Type": "Streaming(type: LOCAL GATHER dop: 1/64)", "Parent Relationship": "Outer", "Startup Cost": 0.0, "Total Cost": 75815.47, "Plan Rows": 96692, "Plan Width": 12, "Plans": [{"Node Type": "Seq Scan", "Parent Relationship": "Outer", "Relation Name": "cast_info", "Alias": "ci", "Startup Cost": 0.0, "Total Cost": 73820.73, "Plan Rows": 96692, "Plan Width": 12, "Filter": "((note)::text = '(voice: English version)'::text)"}]}]}]}, {"Node Type": "Materialize", "Parent Relationship": "Inner", "Startup Cost": 3369.54, "Total Cost": 129495.32, "Plan Rows": 2, "Plan Width": 29, "Plans": [{"Node Type": "Nested Loop", "Parent Relationship": "Outer", "Join Type": "Inner", "Startup Cost": 3369.54, "Total Cost": 129495.31, "Plan Rows": 2, "Plan Width": 29, "Inner Unique": true, "Join Filter": "(mc.movie_id = t.id)", "Plans": [{"Node Type": "Streaming(type: LOCAL GATHER dop: 1/64)", "Parent Relationship": "Outer", "Startup Cost": 0.0, "Total Cost": 64095.15, "Plan Rows": 1652, "Plan Width": 8, "Plans": [{"Node Type": "Seq Scan", "Parent Relationship": "Outer", "Relation Name": "movie_companies", "Alias": "mc", "Startup Cost": 0.0, "Total Cost": 64061.07, "Plan Rows": 1652, "Plan Width": 8, "Filter": "(((note)::text ~~ '%(Japan)%'::text) AND ((note)::text !~~ '%(USA)%'::text) AND (((note)::text ~~ '%(2006)%'::text) OR ((note)::text ~~ '%(2007)%'::text)))"}]}, {"Node Type": "Materialize", "Parent Relationship": "Inner", "Startup Cost": 3369.54, "Total Cost": 64334.73, "Plan Rows": 43, "Plan Width": 21, "Plans": [{"Node Type": "Streaming(type: LOCAL GATHER dop: 1/64)", "Parent Relationship": "Outer", "Startup Cost": 3369.54, "Total Cost": 64334.52, "Plan Rows": 43, "Plan Width": 21, "Plans": [{"Node Type": "Seq Scan", "Parent Relationship": "Outer", "Relation Name": "title", "Alias": "t", "Startup Cost": 3369.54, "Total Cost": 64333.63, "Plan Rows": 43, "Plan Width": 21, "Filter": "((production_year >= 2006) AND (production_year <= 2007) AND (((title)::text ~~ 'One Piece%'::text) OR ((title)::text ~~ 'Dragon Ball Z%'::text)))"}]}]}]}]}]}, {"Node Type": "Materialize", "Parent Relationship": "Inner", "Startup Cost": 65239.88, "Total Cost": 88736.17, "Plan Rows": 16627, "Plan Width": 24, "Plans": [{"Node Type": "Hash Join", "Parent Relationship": "Outer", "Join Type": "Inner", "Startup Cost": 65239.88, "Total Cost": 88694.6, "Plan Rows": 16627, "Plan Width": 24, "Inner Unique": true, "Hash Cond": "(an.person_id = n.id)", "Plans": [{"Node Type": "Seq Scan", "Parent Relationship": "Outer", "Relation Name": "aka_name", "Alias": "an", "Startup Cost": 0.0, "Total Cost": 19908.42, "Plan Rows": 901342, "Plan Width": 20}, {"Node Type": "Hash", "Parent Relationship": "Inner", "Startup Cost": 65066.3, "Total Cost": 65066.3, "Plan Rows": 13886, "Plan Width": 4, "Plans": [{"Node Type": "Streaming(type: LOCAL GATHER dop: 1/64)", "Parent Relationship": "Outer", "Startup Cost": 0.0, "Total Cost": 65066.3, "Plan Rows": 13886, "Plan Width": 4, "Plans": [{"Node Type": "Seq Scan", "Parent Relationship": "Outer", "Relation Name": "name", "Alias": "n", "Startup Cost": 0.0, "Total Cost": 64779.83, "Plan Rows": 13886, "Plan Width": 4, "Filter": "(((name)::text ~~ '%Yo%'::text) AND ((name)::text !~~ '%Yu%'::text))"}]}]}]}]}]}, {"Node Type": "Seq Scan", "Parent Relationship": "Inner", "Relation Name": "company_name", "Alias": "cn", "Startup Cost": 0.0, "Total Cost": 5903.45, "Plan Rows": 6290, "Plan Width": 4, "Filter": "((country_code)::text = '[jp]'::text)"}]}]}, "Unique SQL Id": 3956435728, "Planner Runtime": 138}, "explain_analyze_plan": null}, "(64, '11')": {"explain_plan": {"Plan": {"Node Type": "Aggregate", "Strategy": "Plain", "Startup Cost": 6721937474272.79, "Total Cost": 6721937474272.8, "Plan Rows": 1, "Plan Width": 97, "Plans": [{"Node Type": "Nested Loop", "Parent Relationship": "Outer", "Join Type": "Inner", "Startup Cost": 70051235465.84, "Total Cost": 6721937474272.78, "Plan Rows": 1, "Plan Width": 33, "Inner Unique": true, "Join Filter": "(ci.role_id = rt.id)", "Plans": [{"Node Type": "Nested Loop", "Parent Relationship": "Outer", "Join Type": "Inner", "Startup Cost": 60051235465.84, "Total Cost": 5721937473026.77, "Plan Rows": 1, "Plan Width": 37, "Inner Unique": true, "Plans": [{"Node Type": "Nested Loop", "Parent Relationship": "Outer", "Join Type": "Inner", "Startup Cost": 50051235465.84, "Total Cost": 4721937472589.34, "Plan Rows": 1, "Plan Width": 41, "Inner Unique": false, "Join Filter": "(t.id = ci.movie_id)", "Plans": [{"Node Type": "Nested Loop", "Parent Relationship": "Outer", "Join Type": "Inner", "Startup Cost": 20000000000.0, "Total Cost": 2000028517903.54, "Plan Rows": 2, "Plan Width": 29, "Inner Unique": true, "Join Filter": "(mc.movie_id = t.id)", "Plans": [{"Node Type": "Index Scan", "Parent Relationship": "Outer", "Scan Direction": "Forward", "Index Name": "company_id_movie_companies", "Relation Name": "movie_companies", "Alias": "mc", "Startup Cost": 10000000000.0, "Total Cost": 1000014976477.98, "Plan Rows": 1652, "Plan Width": 8, "Filter": "(((note)::text ~~ '%(Japan)%'::text) AND ((note)::text !~~ '%(USA)%'::text) AND (((note)::text ~~ '%(2006)%'::text) OR ((note)::text ~~ '%(2007)%'::text)))"}, {"Node Type": "Materialize", "Parent Relationship": "Inner", "Startup Cost": 10000000000.0, "Total Cost": 1000013540360.13, "Plan Rows": 43, "Plan Width": 21, "Plans": [{"Node Type": "Index Scan", "Parent Relationship": "Outer", "Scan Direction": "Forward", "Index Name": "title_pkey", "Relation Name": "title", "Alias": "t", "Startup Cost": 10000000000.0, "Total Cost": 1000013540359.91, "Plan Rows": 43, "Plan Width": 21, "Filter": "((production_year >= 2006) AND (production_year <= 2007) AND (((title)::text ~~ 'One Piece%'::text) OR ((title)::text ~~ 'Dragon Ball Z%'::text)))"}]}]}, {"Node Type": "Materialize", "Parent Relationship": "Inner", "Startup Cost": 30051235465.84, "Total Cost": 2721908954213.87, "Plan Rows": 17161, "Plan Width": 24, "Plans": [{"Node Type": "Merge Join", "Parent Relationship": "Outer", "Join Type": "Inner", "Startup Cost": 30051235465.84, "Total Cost": 2721908954128.06, "Plan Rows": 17161, "Plan Width": 24, "Inner Unique": false, "Merge Cond": "(an.person_id = ci.person_id)", "Plans": [{"Node Type": "Merge Join", "Parent Relationship": "Outer", "Join Type": "Inner", "Startup Cost": 20030754356.47, "Total Cost": 2000026606025.89, "Plan Rows": 16627, "Plan Width": 24, "Inner Unique": true, "Merge Cond": "(an.person_id = n.id)", "Plans": [{"Node Type": "Index Scan", "Parent Relationship": "Outer", "Scan Direction": "Forward", "Index Name": "person_id_aka_name", "Relation Name": "aka_name", "Alias": "an", "Startup Cost": 10000000000.0, "Total Cost": 1000006896503.43, "Plan Rows": 901342, "Plan Width": 20}, {"Node Type": "Materialize", "Parent Relationship": "Inner", "Startup Cost": 10000000000.0, "Total Cost": 1000019707054.42, "Plan Rows": 13886, "Plan Width": 4, "Plans": [{"Node Type": "Index Scan", "Parent Relationship": "Outer", "Scan Direction": "Forward", "Index Name": "name_pkey", "Relation Name": "name", "Alias": "n", "Startup Cost": 10000000000.0, "Total Cost": 1000019707019.7, "Plan Rows": 13886, "Plan Width": 4, "Filter": "(((name)::text ~~ '%Yo%'::text) AND ((name)::text !~~ '%Yu%'::text))"}]}]}, {"Node Type": "Index Scan", "Parent Relationship": "Inner", "Scan Direction": "Forward", "Index Name": "person_id_cast_info", "Relation Name": "cast_info", "Alias": "ci", "Startup Cost": 10000000000.0, "Total Cost": 1000179713706.71, "Plan Rows": 96692, "Plan Width": 12, "Filter": "((note)::text = '(voice: English version)'::text)"}]}]}]}, {"Node Type": "Index Scan", "Parent Relationship": "Inner", "Scan Direction": "Forward", "Index Name": "company_name_pkey", "Relation Name": "company_name", "Alias": "cn", "Startup Cost": 10000000000.0, "Total Cost": 1000000000437.42, "Plan Rows": 1, "Plan Width": 4, "Index Cond": "(id = mc.company_id)", "Filter": "((country_code)::text = '[jp]'::text)"}]}, {"Node Type": "Index Scan", "Parent Relationship": "Inner", "Scan Direction": "Forward", "Index Name": "role_type_pkey", "Relation Name": "role_type", "Alias": "rt", "Startup Cost": 10000000000.0, "Total Cost": 1000000001246.0, "Plan Rows": 1, "Plan Width": 4, "Filter": "((role)::text = 'actress'::text)"}]}]}, "Unique SQL Id": 3956435728, "Planner Runtime": 128}, "explain_analyze_plan": null}, "(64, '12')": {"explain_plan": {"Plan": {"Node Type": "Aggregate", "Strategy": "Plain", "Startup Cost": 64890.38, "Total Cost": 64890.39, "Plan Rows": 1, "Plan Width": 97, "Plans": [{"Node Type": "Nested Loop", "Parent Relationship": "Outer", "Join Type": "Inner", "Startup Cost": 3369.54, "Total Cost": 64890.38, "Plan Rows": 1, "Plan Width": 33, "Inner Unique": true, "Plans": [{"Node Type": "Nested Loop", "Parent Relationship": "Outer", "Join Type": "Inner", "Startup Cost": 3369.54, "Total Cost": 64890.09, "Plan Rows": 1, "Plan Width": 37, "Inner Unique": true, "Plans": [{"Node Type": "Nested Loop", "Parent Relationship": "Outer", "Join Type": "Inner", "Startup Cost": 3369.54, "Total Cost": 64889.51, "Plan Rows": 1, "Plan Width": 45, "Inner Unique": true, "Plans": [{"Node Type": "Nested Loop", "Parent Relationship": "Outer", "Join Type": "Inner", "Startup Cost": 3369.54, "Total Cost": 64885.13, "Plan Rows": 1, "Plan Width": 49, "Inner Unique": false, "Plans": [{"Node Type": "Nested Loop", "Parent Relationship": "Outer", "Join Type": "Inner", "Startup Cost": 3369.54, "Total Cost": 64884.27, "Plan Rows": 1, "Plan Width": 29, "Inner Unique": false, "Join Filter": "(t.id = ci.movie_id)", "Plans": [{"Node Type": "Nested Loop", "Parent Relationship": "Outer", "Join Type": "Inner", "Startup Cost": 3369.54, "Total Cost": 64828.49, "Plan Rows": 2, "Plan Width": 29, "Inner Unique": false, "Plans": [{"Node Type": "Streaming(type: LOCAL GATHER dop: 1/64)", "Parent Relationship": "Outer", "Startup Cost": 3369.54, "Total Cost": 64334.52, "Plan Rows": 43, "Plan Width": 21, "Plans": [{"Node Type": "Seq Scan", "Parent Relationship": "Outer", "Relation Name": "title", "Alias": "t", "Startup Cost": 3369.54, "Total Cost": 64333.63, "Plan Rows": 43, "Plan Width": 21, "Filter": "((production_year >= 2006) AND (production_year <= 2007) AND (((title)::text ~~ 'One Piece%'::text) OR ((title)::text ~~ 'Dragon Ball Z%'::text)))"}]}, {"Node Type": "Index Scan", "Parent Relationship": "Inner", "Scan Direction": "Forward", "Index Name": "movie_id_movie_companies", "Relation Name": "movie_companies", "Alias": "mc", "Startup Cost": 0.0, "Total Cost": 11.48, "Plan Rows": 1, "Plan Width": 8, "Index Cond": "(movie_id = t.id)", "Filter": "(((note)::text ~~ '%(Japan)%'::text) AND ((note)::text !~~ '%(USA)%'::text) AND (((note)::text ~~ '%(2006)%'::text) OR ((note)::text ~~ '%(2007)%'::text)))"}]}, {"Node Type": "Index Scan", "Parent Relationship": "Inner", "Scan Direction": "Forward", "Index Name": "movie_id_cast_info", "Relation Name": "cast_info", "Alias": "ci", "Startup Cost": 0.0, "Total Cost": 27.88, "Plan Rows": 1, "Plan Width": 12, "Index Cond": "(movie_id = mc.movie_id)", "Filter": "((note)::text = '(voice: English version)'::text)"}]}, {"Node Type": "Index Scan", "Parent Relationship": "Inner", "Scan Direction": "Forward", "Index Name": "person_id_aka_name", "Relation Name": "aka_name", "Alias": "an", "Startup Cost": 0.0, "Total Cost": 0.84, "Plan Rows": 1, "Plan Width": 20, "Index Cond": "(person_id = ci.person_id)"}]}, {"Node Type": "Index Scan", "Parent Relationship": "Inner", "Scan Direction": "Forward", "Index Name": "company_name_pkey", "Relation Name": "company_name", "Alias": "cn", "Startup Cost": 0.0, "Total Cost": 4.37, "Plan Rows": 1, "Plan Width": 4, "Index Cond": "(id = mc.company_id)", "Filter": "((country_code)::text = '[jp]'::text)"}]}, {"Node Type": "Index Scan", "Parent Relationship": "Inner", "Scan Direction": "Forward", "Index Name": "name_pkey", "Relation Name": "name", "Alias": "n", "Startup Cost": 0.0, "Total Cost": 0.57, "Plan Rows": 1, "Plan Width": 4, "Index Cond": "(id = an.person_id)", "Filter": "(((name)::text ~~ '%Yo%'::text) AND ((name)::text !~~ '%Yu%'::text))"}]}, {"Node Type": "Index Scan", "Parent Relationship": "Inner", "Scan Direction": "Forward", "Index Name": "role_type_pkey", "Relation Name": "role_type", "Alias": "rt", "Startup Cost": 0.0, "Total Cost": 0.27, "Plan Rows": 1, "Plan Width": 4, "Index Cond": "(id = ci.role_id)", "Filter": "((role)::text = 'actress'::text)"}]}]}, "Unique SQL Id": 3956435728, "Planner Runtime": 31}, "explain_analyze_plan": {"Plan": {"Node Type": "Aggregate", "Strategy": "Plain", "Startup Cost": 64890.38, "Total Cost": 64890.39, "Plan Rows": 1, "Plan Width": 97, "Actual Min Startup Time": 129.95, "Actual Max Startup Time": 129.95, "Actual Min Total Time": 129.951, "Actual Max Total Time": 129.951, "Plans": [{"Node Type": "Nested Loop", "Parent Relationship": "Outer", "Join Type": "Inner", "Startup Cost": 3369.54, "Total Cost": 64890.38, "Plan Rows": 1, "Plan Width": 33, "Actual Min Startup Time": 82.756, "Actual Max Startup Time": 82.756, "Actual Min Total Time": 129.873, "Actual Max Total Time": 129.873, "Inner Unique": true, "Plans": [{"Node Type": "Nested Loop", "Parent Relationship": "Outer", "Join Type": "Inner", "Startup Cost": 3369.54, "Total Cost": 64890.09, "Plan Rows": 1, "Plan Width": 37, "Actual Min Startup Time": 82.738, "Actual Max Startup Time": 82.738, "Actual Min Total Time": 129.822, "Actual Max Total Time": 129.822, "Inner Unique": true, "Plans": [{"Node Type": "Nested Loop", "Parent Relationship": "Outer", "Join Type": "Inner", "Startup Cost": 3369.54, "Total Cost": 64889.51, "Plan Rows": 1, "Plan Width": 45, "Actual Min Startup Time": 81.529, "Actual Max Startup Time": 81.529, "Actual Min Total Time": 128.829, "Actual Max Total Time": 128.829, "Inner Unique": true, "Plans": [{"Node Type": "Nested Loop", "Parent Relationship": "Outer", "Join Type": "Inner", "Startup Cost": 3369.54, "Total Cost": 64885.13, "Plan Rows": 1, "Plan Width": 49, "Actual Min Startup Time": 81.496, "Actual Max Startup Time": 81.496, "Actual Min Total Time": 128.07, "Actual Max Total Time": 128.07, "Inner Unique": false, "Plans": [{"Node Type": "Nested Loop", "Parent Relationship": "Outer", "Join Type": "Inner", "Startup Cost": 3369.54, "Total Cost": 64884.27, "Plan Rows": 1, "Plan Width": 29, "Actual Min Startup Time": 81.476, "Actual Max Startup Time": 81.476, "Actual Min Total Time": 127.263, "Actual Max Total Time": 127.263, "Inner Unique": false, "Join Filter": "(t.id = ci.movie_id)", "Rows Removed by Join Filter": 0, "Plans": [{"Node Type": "Nested Loop", "Parent Relationship": "Outer", "Join Type": "Inner", "Startup Cost": 3369.54, "Total Cost": 64828.49, "Plan Rows": 2, "Plan Width": 29, "Actual Min Startup Time": 81.441, "Actual Max Startup Time": 81.441, "Actual Min Total Time": 126.75, "Actual Max Total Time": 126.75, "Inner Unique": false, "Plans": [{"Node Type": "Streaming(type: LOCAL GATHER dop: 1/64)", "Parent Relationship": "Outer", "Startup Cost": 3369.54, "Total Cost": 64334.52, "Plan Rows": 43, "Plan Width": 21, "Actual Min Startup Time": 81.336, "Actual Max Startup Time": 81.336, "Actual Min Total Time": 126.394, "Actual Max Total Time": 126.394, "Plans": [{"Node Type": "Seq Scan", "Parent Relationship": "Outer", "Relation Name": "title", "Alias": "t", "Startup Cost": 3369.54, "Total Cost": 64333.63, "Plan Rows": 43, "Plan Width": 21, "Actual Min Startup Time": 11.827, "Actual Max Startup Time": 38.588, "Actual Min Total Time": 14.967, "Actual Max Total Time": 38.588, "Filter": "((production_year >= 2006) AND (production_year <= 2007) AND (((title)::text ~~ 'One Piece%'::text) OR ((title)::text ~~ 'Dragon Ball Z%'::text)))", "Rows Removed by Filter": 2528304, "Actual Rows": 7}], "Actual Rows": 7}, {"Node Type": "Index Scan", "Parent Relationship": "Inner", "Scan Direction": "Forward", "Index Name": "movie_id_movie_companies", "Relation Name": "movie_companies", "Alias": "mc", "Startup Cost": 0.0, "Total Cost": 11.48, "Plan Rows": 1, "Plan Width": 8, "Actual Min Startup Time": 0.272, "Actual Max Startup Time": 0.272, "Actual Min Total Time": 0.284, "Actual Max Total Time": 0.284, "Index Cond": "(movie_id = t.id)", "Rows Removed by Index Recheck": 0, "Filter": "(((note)::text ~~ '%(Japan)%'::text) AND ((note)::text !~~ '%(USA)%'::text) AND (((note)::text ~~ '%(2006)%'::text) OR ((note)::text ~~ '%(2007)%'::text)))", "Rows Removed by Filter": 13, "Actual Rows": 4}], "Actual Rows": 4}, {"Node Type": "Index Scan", "Parent Relationship": "Inner", "Scan Direction": "Forward", "Index Name": "movie_id_cast_info", "Relation Name": "cast_info", "Alias": "ci", "Startup Cost": 0.0, "Total Cost": 27.88, "Plan Rows": 1, "Plan Width": 12, "Actual Min Startup Time": 0.149, "Actual Max Startup Time": 0.149, "Actual Min Total Time": 0.418, "Actual Max Total Time": 0.418, "Index Cond": "(movie_id = mc.movie_id)", "Rows Removed by Index Recheck": 0, "Filter": "((note)::text = '(voice: English version)'::text)", "Rows Removed by Filter": 68, "Actual Rows": 104}], "Actual Rows": 104}, {"Node Type": "Index Scan", "Parent Relationship": "Inner", "Scan Direction": "Forward", "Index Name": "person_id_aka_name", "Relation Name": "aka_name", "Alias": "an", "Startup Cost": 0.0, "Total Cost": 0.84, "Plan Rows": 1, "Plan Width": 20, "Actual Min Startup Time": 0.573, "Actual Max Startup Time": 0.573, "Actual Min Total Time": 0.686, "Actual Max Total Time": 0.686, "Index Cond": "(person_id = ci.person_id)", "Rows Removed by Index Recheck": 0, "Actual Rows": 171}], "Actual Rows": 171}, {"Node Type": "Index Scan", "Parent Relationship": "Inner", "Scan Direction": "Forward", "Index Name": "company_name_pkey", "Relation Name": "company_name", "Alias": "cn", "Startup Cost": 0.0, "Total Cost": 4.37, "Plan Rows": 1, "Plan Width": 4, "Actual Min Startup Time": 0.589, "Actual Max Startup Time": 0.589, "Actual Min Total Time": 0.589, "Actual Max Total Time": 0.589, "Index Cond": "(id = mc.company_id)", "Rows Removed by Index Recheck": 0, "Filter": "((country_code)::text = '[jp]'::text)", "Rows Removed by Filter": 0, "Actual Rows": 171}], "Actual Rows": 171}, {"Node Type": "Index Scan", "Parent Relationship": "Inner", "Scan Direction": "Forward", "Index Name": "name_pkey", "Relation Name": "name", "Alias": "n", "Startup Cost": 0.0, "Total Cost": 0.57, "Plan Rows": 1, "Plan Width": 4, "Actual Min Startup Time": 0.882, "Actual Max Startup Time": 0.882, "Actual Min Total Time": 0.882, "Actual Max Total Time": 0.882, "Index Cond": "(id = an.person_id)", "Rows Removed by Index Recheck": 0, "Filter": "(((name)::text ~~ '%Yo%'::text) AND ((name)::text !~~ '%Yu%'::text))", "Rows Removed by Filter": 165, "Actual Rows": 6}], "Actual Rows": 6}, {"Node Type": "Index Scan", "Parent Relationship": "Inner", "Scan Direction": "Forward", "Index Name": "role_type_pkey", "Relation Name": "role_type", "Alias": "rt", "Startup Cost": 0.0, "Total Cost": 0.27, "Plan Rows": 1, "Plan Width": 4, "Actual Min Startup Time": 0.03, "Actual Max Startup Time": 0.03, "Actual Min Total Time": 0.03, "Actual Max Total Time": 0.03, "Index Cond": "(id = ci.role_id)", "Rows Removed by Index Recheck": 0, "Filter": "((role)::text = 'actress'::text)", "Rows Removed by Filter": 0, "Actual Rows": 6}], "Actual Rows": 6}], "Actual Rows": 1}, "Triggers": [], "Planner Runtime": 31.722, "Total Runtime": 142.327, "Unique SQL Id": 3956435728}}, "(64, '13')": {"explain_plan": {"Plan": {"Node Type": "Aggregate", "Strategy": "Plain", "Startup Cost": 84111.26, "Total Cost": 84111.27, "Plan Rows": 1, "Plan Width": 97, "Plans": [{"Node Type": "Nested Loop", "Parent Relationship": "Outer", "Join Type": "Inner", "Startup Cost": 0.0, "Total Cost": 84111.26, "Plan Rows": 1, "Plan Width": 33, "Inner Unique": true, "Plans": [{"Node Type": "Nested Loop", "Parent Relationship": "Outer", "Join Type": "Inner", "Startup Cost": 0.0, "Total Cost": 84110.97, "Plan Rows": 1, "Plan Width": 37, "Inner Unique": true, "Plans": [{"Node Type": "Nested Loop", "Parent Relationship": "Outer", "Join Type": "Inner", "Startup Cost": 0.0, "Total Cost": 84110.39, "Plan Rows": 1, "Plan Width": 45, "Inner Unique": false, "Plans": [{"Node Type": "Nested Loop", "Parent Relationship": "Outer", "Join Type": "Inner", "Startup Cost": 0.0, "Total Cost": 84109.54, "Plan Rows": 1, "Plan Width": 25, "Inner Unique": false, "Join Filter": "(t.id = ci.movie_id)", "Plans": [{"Node Type": "Nested Loop", "Parent Relationship": "Outer", "Join Type": "Inner", "Startup Cost": 0.0, "Total Cost": 84053.76, "Plan Rows": 2, "Plan Width": 25, "Inner Unique": true, "Plans": [{"Node Type": "Nested Loop", "Parent Relationship": "Outer", "Join Type": "Inner", "Startup Cost": 0.0, "Total Cost": 81991.53, "Plan Rows": 262, "Plan Width": 4, "Inner Unique": false, "Plans": [{"Node Type": "Index Scan", "Parent Relationship": "Outer", "Scan Direction": "Forward", "Index Name": "company_name_pkey", "Relation Name": "company_name", "Alias": "cn", "Startup Cost": 0.0, "Total Cost": 10501.39, "Plan Rows": 6290, "Plan Width": 4, "Filter": "((country_code)::text = '[jp]'::text)"}, {"Node Type": "Index Scan", "Parent Relationship": "Inner", "Scan Direction": "Forward", "Index Name": "company_id_movie_companies", "Relation Name": "movie_companies", "Alias": "mc", "Startup Cost": 0.0, "Total Cost": 11.36, "Plan Rows": 1, "Plan Width": 8, "Index Cond": "(company_id = cn.id)", "Filter": "(((note)::text ~~ '%(Japan)%'::text) AND ((note)::text !~~ '%(USA)%'::text) AND (((note)::text ~~ '%(2006)%'::text) OR ((note)::text ~~ '%(2007)%'::text)))"}]}, {"Node Type": "Index Scan", "Parent Relationship": "Inner", "Scan Direction": "Forward", "Index Name": "title_pkey", "Relation Name": "title", "Alias": "t", "Startup Cost": 0.0, "Total Cost": 7.86, "Plan Rows": 1, "Plan Width": 21, "Index Cond": "(id = mc.movie_id)", "Filter": "((production_year >= 2006) AND (production_year <= 2007) AND (((title)::text ~~ 'One Piece%'::text) OR ((title)::text ~~ 'Dragon Ball Z%'::text)))"}]}, {"Node Type": "Index Scan", "Parent Relationship": "Inner", "Scan Direction": "Forward", "Index Name": "movie_id_cast_info", "Relation Name": "cast_info", "Alias": "ci", "Startup Cost": 0.0, "Total Cost": 27.88, "Plan Rows": 1, "Plan Width": 12, "Index Cond": "(movie_id = mc.movie_id)", "Filter": "((note)::text = '(voice: English version)'::text)"}]}, {"Node Type": "Index Scan", "Parent Relationship": "Inner", "Scan Direction": "Forward", "Index Name": "person_id_aka_name", "Relation Name": "aka_name", "Alias": "an", "Startup Cost": 0.0, "Total Cost": 0.84, "Plan Rows": 1, "Plan Width": 20, "Index Cond": "(person_id = ci.person_id)"}]}, {"Node Type": "Index Scan", "Parent Relationship": "Inner", "Scan Direction": "Forward", "Index Name": "name_pkey", "Relation Name": "name", "Alias": "n", "Startup Cost": 0.0, "Total Cost": 0.57, "Plan Rows": 1, "Plan Width": 4, "Index Cond": "(id = an.person_id)", "Filter": "(((name)::text ~~ '%Yo%'::text) AND ((name)::text !~~ '%Yu%'::text))"}]}, {"Node Type": "Index Scan", "Parent Relationship": "Inner", "Scan Direction": "Forward", "Index Name": "role_type_pkey", "Relation Name": "role_type", "Alias": "rt", "Startup Cost": 0.0, "Total Cost": 0.27, "Plan Rows": 1, "Plan Width": 4, "Index Cond": "(id = ci.role_id)", "Filter": "((role)::text = 'actress'::text)"}]}]}, "Unique SQL Id": 3956435728, "Planner Runtime": 28}, "explain_analyze_plan": {"Plan": {"Node Type": "Aggregate", "Strategy": "Plain", "Startup Cost": 84111.26, "Total Cost": 84111.27, "Plan Rows": 1, "Plan Width": 97, "Actual Startup Time": 508.933, "Actual Total Time": 508.933, "Actual Rows": 1, "Actual Loops": 1, "Plans": [{"Node Type": "Nested Loop", "Parent Relationship": "Outer", "Join Type": "Inner", "Startup Cost": 0.0, "Total Cost": 84111.26, "Plan Rows": 1, "Plan Width": 33, "Actual Startup Time": 43.321, "Actual Total Time": 508.871, "Actual Rows": 6, "Actual Loops": 1, "Inner Unique": true, "Plans": [{"Node Type": "Nested Loop", "Parent Relationship": "Outer", "Join Type": "Inner", "Startup Cost": 0.0, "Total Cost": 84110.97, "Plan Rows": 1, "Plan Width": 37, "Actual Startup Time": 43.31, "Actual Total Time": 508.838, "Actual Rows": 6, "Actual Loops": 1, "Inner Unique": true, "Plans": [{"Node Type": "Nested Loop", "Parent Relationship": "Outer", "Join Type": "Inner", "Startup Cost": 0.0, "Total Cost": 84110.39, "Plan Rows": 1, "Plan Width": 45, "Actual Startup Time": 42.486, "Actual Total Time": 507.995, "Actual Rows": 171, "Actual Loops": 1, "Inner Unique": false, "Plans": [{"Node Type": "Nested Loop", "Parent Relationship": "Outer", "Join Type": "Inner", "Startup Cost": 0.0, "Total Cost": 84109.54, "Plan Rows": 1, "Plan Width": 25, "Actual Startup Time": 42.471, "Actual Total Time": 507.321, "Actual Rows": 104, "Actual Loops": 1, "Inner Unique": false, "Join Filter": "(t.id = ci.movie_id)", "Rows Removed by Join Filter": 0, "Plans": [{"Node Type": "Nested Loop", "Parent Relationship": "Outer", "Join Type": "Inner", "Startup Cost": 0.0, "Total Cost": 84053.76, "Plan Rows": 2, "Plan Width": 25, "Actual Startup Time": 42.377, "Actual Total Time": 506.931, "Actual Rows": 4, "Actual Loops": 1, "Inner Unique": true, "Plans": [{"Node Type": "Nested Loop", "Parent Relationship": "Outer", "Join Type": "Inner", "Startup Cost": 0.0, "Total Cost": 81991.53, "Plan Rows": 262, "Plan Width": 4, "Actual Startup Time": 0.202, "Actual Total Time": 458.712, "Actual Rows": 8495, "Actual Loops": 1, "Inner Unique": false, "Plans": [{"Node Type": "Index Scan", "Parent Relationship": "Outer", "Scan Direction": "Forward", "Index Name": "company_name_pkey", "Relation Name": "company_name", "Alias": "cn", "Startup Cost": 0.0, "Total Cost": 10501.39, "Plan Rows": 6290, "Plan Width": 4, "Actual Startup Time": 0.167, "Actual Total Time": 270.605, "Actual Rows": 6752, "Actual Loops": 1, "Filter": "((country_code)::text = '[jp]'::text)", "Rows Removed by Filter": 228244}, {"Node Type": "Index Scan", "Parent Relationship": "Inner", "Scan Direction": "Forward", "Index Name": "company_id_movie_companies", "Relation Name": "movie_companies", "Alias": "mc", "Startup Cost": 0.0, "Total Cost": 11.36, "Plan Rows": 1, "Plan Width": 8, "Actual Startup Time": 82.862, "Actual Total Time": 182.042, "Actual Rows": 8495, "Actual Loops": 6752, "Index Cond": "(company_id = cn.id)", "Rows Removed by Index Recheck": 0, "Filter": "(((note)::text ~~ '%(Japan)%'::text) AND ((note)::text !~~ '%(USA)%'::text) AND (((note)::text ~~ '%(2006)%'::text) OR ((note)::text ~~ '%(2007)%'::text)))", "Rows Removed by Filter": 96500}]}, {"Node Type": "Index Scan", "Parent Relationship": "Inner", "Scan Direction": "Forward", "Index Name": "title_pkey", "Relation Name": "title", "Alias": "t", "Startup Cost": 0.0, "Total Cost": 7.86, "Plan Rows": 1, "Plan Width": 21, "Actual Startup Time": 43.82, "Actual Total Time": 43.82, "Actual Rows": 4, "Actual Loops": 8495, "Index Cond": "(id = mc.movie_id)", "Rows Removed by Index Recheck": 0, "Filter": "((production_year >= 2006) AND (production_year <= 2007) AND (((title)::text ~~ 'One Piece%'::text) OR ((title)::text ~~ 'Dragon Ball Z%'::text)))", "Rows Removed by Filter": 8491}]}, {"Node Type": "Index Scan", "Parent Relationship": "Inner", "Scan Direction": "Forward", "Index Name": "movie_id_cast_info", "Relation Name": "cast_info", "Alias": "ci", "Startup Cost": 0.0, "Total Cost": 27.88, "Plan Rows": 1, "Plan Width": 12, "Actual Startup Time": 0.107, "Actual Total Time": 0.315, "Actual Rows": 104, "Actual Loops": 4, "Index Cond": "(movie_id = mc.movie_id)", "Rows Removed by Index Recheck": 0, "Filter": "((note)::text = '(voice: English version)'::text)", "Rows Removed by Filter": 68}]}, {"Node Type": "Index Scan", "Parent Relationship": "Inner", "Scan Direction": "Forward", "Index Name": "person_id_aka_name", "Relation Name": "aka_name", "Alias": "an", "Startup Cost": 0.0, "Total Cost": 0.84, "Plan Rows": 1, "Plan Width": 20, "Actual Startup Time": 0.474, "Actual Total Time": 0.579, "Actual Rows": 171, "Actual Loops": 104, "Index Cond": "(person_id = ci.person_id)", "Rows Removed by Index Recheck": 0}]}, {"Node Type": "Index Scan", "Parent Relationship": "Inner", "Scan Direction": "Forward", "Index Name": "name_pkey", "Relation Name": "name", "Alias": "n", "Startup Cost": 0.0, "Total Cost": 0.57, "Plan Rows": 1, "Plan Width": 4, "Actual Startup Time": 0.754, "Actual Total Time": 0.754, "Actual Rows": 6, "Actual Loops": 171, "Index Cond": "(id = an.person_id)", "Rows Removed by Index Recheck": 0, "Filter": "(((name)::text ~~ '%Yo%'::text) AND ((name)::text !~~ '%Yu%'::text))", "Rows Removed by Filter": 165}]}, {"Node Type": "Index Scan", "Parent Relationship": "Inner", "Scan Direction": "Forward", "Index Name": "role_type_pkey", "Relation Name": "role_type", "Alias": "rt", "Startup Cost": 0.0, "Total Cost": 0.27, "Plan Rows": 1, "Plan Width": 4, "Actual Startup Time": 0.021, "Actual Total Time": 0.021, "Actual Rows": 6, "Actual Loops": 6, "Index Cond": "(id = ci.role_id)", "Rows Removed by Index Recheck": 0, "Filter": "((role)::text = 'actress'::text)", "Rows Removed by Filter": 0}]}]}, "Triggers": [], "Planner Runtime": 28.465, "Total Runtime": 509.196, "Unique SQL Id": 3956435728}}, "(64, '14')": {"explain_plan": {"Plan": {"Node Type": "Aggregate", "Strategy": "Plain", "Startup Cost": 301668.81, "Total Cost": 301668.82, "Plan Rows": 1, "Plan Width": 97, "Plans": [{"Node Type": "Nested Loop", "Parent Relationship": "Outer", "Join Type": "Inner", "Startup Cost": 68609.41, "Total Cost": 301668.8, "Plan Rows": 1, "Plan Width": 33, "Inner Unique": true, "Join Filter": "(mc.company_id = cn.id)", "Plans": [{"Node Type": "Nested Loop", "Parent Relationship": "Outer", "Join Type": "Inner", "Startup Cost": 68609.41, "Total Cost": 295686.73, "Plan Rows": 1, "Plan Width": 37, "Inner Unique": false, "Join Filter": "(an.person_id = ci.person_id)", "Plans": [{"Node Type": "Nested Loop", "Parent Relationship": "Outer", "Join Type": "Inner", "Startup Cost": 3369.54, "Total Cost": 206784.29, "Plan Rows": 1, "Plan Width": 25, "Inner Unique": false, "Join Filter": "(ci.movie_id = t.id)", "Plans": [{"Node Type": "Nested Loop", "Parent Relationship": "Outer", "Join Type": "Inner", "Startup Cost": 0.0, "Total Cost": 77025.27, "Plan Rows": 8790, "Plan Width": 8, "Inner Unique": false, "Join Filter": "(ci.role_id = rt.id)", "Plans": [{"Node Type": "Seq Scan", "Parent Relationship": "Outer", "Relation Name": "role_type", "Alias": "rt", "Startup Cost": 0.0, "Total Cost": 1.15, "Plan Rows": 1, "Plan Width": 4, "Filter": "((role)::text = 'actress'::text)"}, {"Node Type": "Materialize", "Parent Relationship": "Inner", "Startup Cost": 0.0, "Total Cost": 76057.2, "Plan Rows": 96692, "Plan Width": 12, "Plans": [{"Node Type": "Streaming(type: LOCAL GATHER dop: 1/64)", "Parent Relationship": "Outer", "Startup Cost": 0.0, "Total Cost": 75815.47, "Plan Rows": 96692, "Plan Width": 12, "Plans": [{"Node Type": "Seq Scan", "Parent Relationship": "Outer", "Relation Name": "cast_info", "Alias": "ci", "Startup Cost": 0.0, "Total Cost": 73820.73, "Plan Rows": 96692, "Plan Width": 12, "Filter": "((note)::text = '(voice: English version)'::text)"}]}]}]}, {"Node Type": "Materialize", "Parent Relationship": "Inner", "Startup Cost": 3369.54, "Total Cost": 129495.32, "Plan Rows": 2, "Plan Width": 29, "Plans": [{"Node Type": "Nested Loop", "Parent Relationship": "Outer", "Join Type": "Inner", "Startup Cost": 3369.54, "Total Cost": 129495.31, "Plan Rows": 2, "Plan Width": 29, "Inner Unique": true, "Join Filter": "(mc.movie_id = t.id)", "Plans": [{"Node Type": "Streaming(type: LOCAL GATHER dop: 1/64)", "Parent Relationship": "Outer", "Startup Cost": 0.0, "Total Cost": 64095.15, "Plan Rows": 1652, "Plan Width": 8, "Plans": [{"Node Type": "Seq Scan", "Parent Relationship": "Outer", "Relation Name": "movie_companies", "Alias": "mc", "Startup Cost": 0.0, "Total Cost": 64061.07, "Plan Rows": 1652, "Plan Width": 8, "Filter": "(((note)::text ~~ '%(Japan)%'::text) AND ((note)::text !~~ '%(USA)%'::text) AND (((note)::text ~~ '%(2006)%'::text) OR ((note)::text ~~ '%(2007)%'::text)))"}]}, {"Node Type": "Materialize", "Parent Relationship": "Inner", "Startup Cost": 3369.54, "Total Cost": 64334.73, "Plan Rows": 43, "Plan Width": 21, "Plans": [{"Node Type": "Streaming(type: LOCAL GATHER dop: 1/64)", "Parent Relationship": "Outer", "Startup Cost": 3369.54, "Total Cost": 64334.52, "Plan Rows": 43, "Plan Width": 21, "Plans": [{"Node Type": "Seq Scan", "Parent Relationship": "Outer", "Relation Name": "title", "Alias": "t", "Startup Cost": 3369.54, "Total Cost": 64333.63, "Plan Rows": 43, "Plan Width": 21, "Filter": "((production_year >= 2006) AND (production_year <= 2007) AND (((title)::text ~~ 'One Piece%'::text) OR ((title)::text ~~ 'Dragon Ball Z%'::text)))"}]}]}]}]}]}, {"Node Type": "Materialize", "Parent Relationship": "Inner", "Startup Cost": 65239.88, "Total Cost": 88736.17, "Plan Rows": 16627, "Plan Width": 24, "Plans": [{"Node Type": "Hash Join", "Parent Relationship": "Outer", "Join Type": "Inner", "Startup Cost": 65239.88, "Total Cost": 88694.6, "Plan Rows": 16627, "Plan Width": 24, "Inner Unique": true, "Hash Cond": "(an.person_id = n.id)", "Plans": [{"Node Type": "Seq Scan", "Parent Relationship": "Outer", "Relation Name": "aka_name", "Alias": "an", "Startup Cost": 0.0, "Total Cost": 19908.42, "Plan Rows": 901342, "Plan Width": 20}, {"Node Type": "Hash", "Parent Relationship": "Inner", "Startup Cost": 65066.3, "Total Cost": 65066.3, "Plan Rows": 13886, "Plan Width": 4, "Plans": [{"Node Type": "Streaming(type: LOCAL GATHER dop: 1/64)", "Parent Relationship": "Outer", "Startup Cost": 0.0, "Total Cost": 65066.3, "Plan Rows": 13886, "Plan Width": 4, "Plans": [{"Node Type": "Seq Scan", "Parent Relationship": "Outer", "Relation Name": "name", "Alias": "n", "Startup Cost": 0.0, "Total Cost": 64779.83, "Plan Rows": 13886, "Plan Width": 4, "Filter": "(((name)::text ~~ '%Yo%'::text) AND ((name)::text !~~ '%Yu%'::text))"}]}]}]}]}]}, {"Node Type": "Seq Scan", "Parent Relationship": "Inner", "Relation Name": "company_name", "Alias": "cn", "Startup Cost": 0.0, "Total Cost": 5903.45, "Plan Rows": 6290, "Plan Width": 4, "Filter": "((country_code)::text = '[jp]'::text)"}]}]}, "Unique SQL Id": 3956435728, "Planner Runtime": 140}, "explain_analyze_plan": null}, "(64, '15')": {"explain_plan": {"Plan": {"Node Type": "Aggregate", "Strategy": "Plain", "Startup Cost": 6721937474272.79, "Total Cost": 6721937474272.8, "Plan Rows": 1, "Plan Width": 97, "Plans": [{"Node Type": "Nested Loop", "Parent Relationship": "Outer", "Join Type": "Inner", "Startup Cost": 70051235465.84, "Total Cost": 6721937474272.78, "Plan Rows": 1, "Plan Width": 33, "Inner Unique": true, "Join Filter": "(ci.role_id = rt.id)", "Plans": [{"Node Type": "Nested Loop", "Parent Relationship": "Outer", "Join Type": "Inner", "Startup Cost": 60051235465.84, "Total Cost": 5721937473026.77, "Plan Rows": 1, "Plan Width": 37, "Inner Unique": true, "Plans": [{"Node Type": "Nested Loop", "Parent Relationship": "Outer", "Join Type": "Inner", "Startup Cost": 50051235465.84, "Total Cost": 4721937472589.34, "Plan Rows": 1, "Plan Width": 41, "Inner Unique": false, "Join Filter": "(t.id = ci.movie_id)", "Plans": [{"Node Type": "Nested Loop", "Parent Relationship": "Outer", "Join Type": "Inner", "Startup Cost": 20000000000.0, "Total Cost": 2000028517903.54, "Plan Rows": 2, "Plan Width": 29, "Inner Unique": true, "Join Filter": "(mc.movie_id = t.id)", "Plans": [{"Node Type": "Index Scan", "Parent Relationship": "Outer", "Scan Direction": "Forward", "Index Name": "company_id_movie_companies", "Relation Name": "movie_companies", "Alias": "mc", "Startup Cost": 10000000000.0, "Total Cost": 1000014976477.98, "Plan Rows": 1652, "Plan Width": 8, "Filter": "(((note)::text ~~ '%(Japan)%'::text) AND ((note)::text !~~ '%(USA)%'::text) AND (((note)::text ~~ '%(2006)%'::text) OR ((note)::text ~~ '%(2007)%'::text)))"}, {"Node Type": "Materialize", "Parent Relationship": "Inner", "Startup Cost": 10000000000.0, "Total Cost": 1000013540360.13, "Plan Rows": 43, "Plan Width": 21, "Plans": [{"Node Type": "Index Scan", "Parent Relationship": "Outer", "Scan Direction": "Forward", "Index Name": "title_pkey", "Relation Name": "title", "Alias": "t", "Startup Cost": 10000000000.0, "Total Cost": 1000013540359.91, "Plan Rows": 43, "Plan Width": 21, "Filter": "((production_year >= 2006) AND (production_year <= 2007) AND (((title)::text ~~ 'One Piece%'::text) OR ((title)::text ~~ 'Dragon Ball Z%'::text)))"}]}]}, {"Node Type": "Materialize", "Parent Relationship": "Inner", "Startup Cost": 30051235465.84, "Total Cost": 2721908954213.87, "Plan Rows": 17161, "Plan Width": 24, "Plans": [{"Node Type": "Merge Join", "Parent Relationship": "Outer", "Join Type": "Inner", "Startup Cost": 30051235465.84, "Total Cost": 2721908954128.06, "Plan Rows": 17161, "Plan Width": 24, "Inner Unique": false, "Merge Cond": "(an.person_id = ci.person_id)", "Plans": [{"Node Type": "Merge Join", "Parent Relationship": "Outer", "Join Type": "Inner", "Startup Cost": 20030754356.47, "Total Cost": 2000026606025.89, "Plan Rows": 16627, "Plan Width": 24, "Inner Unique": true, "Merge Cond": "(an.person_id = n.id)", "Plans": [{"Node Type": "Index Scan", "Parent Relationship": "Outer", "Scan Direction": "Forward", "Index Name": "person_id_aka_name", "Relation Name": "aka_name", "Alias": "an", "Startup Cost": 10000000000.0, "Total Cost": 1000006896503.43, "Plan Rows": 901342, "Plan Width": 20}, {"Node Type": "Materialize", "Parent Relationship": "Inner", "Startup Cost": 10000000000.0, "Total Cost": 1000019707054.42, "Plan Rows": 13886, "Plan Width": 4, "Plans": [{"Node Type": "Index Scan", "Parent Relationship": "Outer", "Scan Direction": "Forward", "Index Name": "name_pkey", "Relation Name": "name", "Alias": "n", "Startup Cost": 10000000000.0, "Total Cost": 1000019707019.7, "Plan Rows": 13886, "Plan Width": 4, "Filter": "(((name)::text ~~ '%Yo%'::text) AND ((name)::text !~~ '%Yu%'::text))"}]}]}, {"Node Type": "Index Scan", "Parent Relationship": "Inner", "Scan Direction": "Forward", "Index Name": "person_id_cast_info", "Relation Name": "cast_info", "Alias": "ci", "Startup Cost": 10000000000.0, "Total Cost": 1000179713706.71, "Plan Rows": 96692, "Plan Width": 12, "Filter": "((note)::text = '(voice: English version)'::text)"}]}]}]}, {"Node Type": "Index Scan", "Parent Relationship": "Inner", "Scan Direction": "Forward", "Index Name": "company_name_pkey", "Relation Name": "company_name", "Alias": "cn", "Startup Cost": 10000000000.0, "Total Cost": 1000000000437.42, "Plan Rows": 1, "Plan Width": 4, "Index Cond": "(id = mc.company_id)", "Filter": "((country_code)::text = '[jp]'::text)"}]}, {"Node Type": "Index Scan", "Parent Relationship": "Inner", "Scan Direction": "Forward", "Index Name": "role_type_pkey", "Relation Name": "role_type", "Alias": "rt", "Startup Cost": 10000000000.0, "Total Cost": 1000000001246.0, "Plan Rows": 1, "Plan Width": 4, "Filter": "((role)::text = 'actress'::text)"}]}]}, "Unique SQL Id": 3956435728, "Planner Runtime": 126}, "explain_analyze_plan": null}, "(64, '16')": {"explain_plan": {"Plan": {"Node Type": "Aggregate", "Strategy": "Plain", "Startup Cost": 64890.38, "Total Cost": 64890.39, "Plan Rows": 1, "Plan Width": 97, "Plans": [{"Node Type": "Nested Loop", "Parent Relationship": "Outer", "Join Type": "Inner", "Startup Cost": 3369.54, "Total Cost": 64890.38, "Plan Rows": 1, "Plan Width": 33, "Inner Unique": true, "Plans": [{"Node Type": "Nested Loop", "Parent Relationship": "Outer", "Join Type": "Inner", "Startup Cost": 3369.54, "Total Cost": 64890.09, "Plan Rows": 1, "Plan Width": 37, "Inner Unique": true, "Plans": [{"Node Type": "Nested Loop", "Parent Relationship": "Outer", "Join Type": "Inner", "Startup Cost": 3369.54, "Total Cost": 64889.51, "Plan Rows": 1, "Plan Width": 45, "Inner Unique": true, "Plans": [{"Node Type": "Nested Loop", "Parent Relationship": "Outer", "Join Type": "Inner", "Startup Cost": 3369.54, "Total Cost": 64885.13, "Plan Rows": 1, "Plan Width": 49, "Inner Unique": false, "Plans": [{"Node Type": "Nested Loop", "Parent Relationship": "Outer", "Join Type": "Inner", "Startup Cost": 3369.54, "Total Cost": 64884.27, "Plan Rows": 1, "Plan Width": 29, "Inner Unique": false, "Join Filter": "(t.id = ci.movie_id)", "Plans": [{"Node Type": "Nested Loop", "Parent Relationship": "Outer", "Join Type": "Inner", "Startup Cost": 3369.54, "Total Cost": 64828.49, "Plan Rows": 2, "Plan Width": 29, "Inner Unique": false, "Plans": [{"Node Type": "Streaming(type: LOCAL GATHER dop: 1/64)", "Parent Relationship": "Outer", "Startup Cost": 3369.54, "Total Cost": 64334.52, "Plan Rows": 43, "Plan Width": 21, "Plans": [{"Node Type": "Seq Scan", "Parent Relationship": "Outer", "Relation Name": "title", "Alias": "t", "Startup Cost": 3369.54, "Total Cost": 64333.63, "Plan Rows": 43, "Plan Width": 21, "Filter": "((production_year >= 2006) AND (production_year <= 2007) AND (((title)::text ~~ 'One Piece%'::text) OR ((title)::text ~~ 'Dragon Ball Z%'::text)))"}]}, {"Node Type": "Index Scan", "Parent Relationship": "Inner", "Scan Direction": "Forward", "Index Name": "movie_id_movie_companies", "Relation Name": "movie_companies", "Alias": "mc", "Startup Cost": 0.0, "Total Cost": 11.48, "Plan Rows": 1, "Plan Width": 8, "Index Cond": "(movie_id = t.id)", "Filter": "(((note)::text ~~ '%(Japan)%'::text) AND ((note)::text !~~ '%(USA)%'::text) AND (((note)::text ~~ '%(2006)%'::text) OR ((note)::text ~~ '%(2007)%'::text)))"}]}, {"Node Type": "Index Scan", "Parent Relationship": "Inner", "Scan Direction": "Forward", "Index Name": "movie_id_cast_info", "Relation Name": "cast_info", "Alias": "ci", "Startup Cost": 0.0, "Total Cost": 27.88, "Plan Rows": 1, "Plan Width": 12, "Index Cond": "(movie_id = mc.movie_id)", "Filter": "((note)::text = '(voice: English version)'::text)"}]}, {"Node Type": "Index Scan", "Parent Relationship": "Inner", "Scan Direction": "Forward", "Index Name": "person_id_aka_name", "Relation Name": "aka_name", "Alias": "an", "Startup Cost": 0.0, "Total Cost": 0.84, "Plan Rows": 1, "Plan Width": 20, "Index Cond": "(person_id = ci.person_id)"}]}, {"Node Type": "Index Scan", "Parent Relationship": "Inner", "Scan Direction": "Forward", "Index Name": "company_name_pkey", "Relation Name": "company_name", "Alias": "cn", "Startup Cost": 0.0, "Total Cost": 4.37, "Plan Rows": 1, "Plan Width": 4, "Index Cond": "(id = mc.company_id)", "Filter": "((country_code)::text = '[jp]'::text)"}]}, {"Node Type": "Index Scan", "Parent Relationship": "Inner", "Scan Direction": "Forward", "Index Name": "name_pkey", "Relation Name": "name", "Alias": "n", "Startup Cost": 0.0, "Total Cost": 0.57, "Plan Rows": 1, "Plan Width": 4, "Index Cond": "(id = an.person_id)", "Filter": "(((name)::text ~~ '%Yo%'::text) AND ((name)::text !~~ '%Yu%'::text))"}]}, {"Node Type": "Index Scan", "Parent Relationship": "Inner", "Scan Direction": "Forward", "Index Name": "role_type_pkey", "Relation Name": "role_type", "Alias": "rt", "Startup Cost": 0.0, "Total Cost": 0.27, "Plan Rows": 1, "Plan Width": 4, "Index Cond": "(id = ci.role_id)", "Filter": "((role)::text = 'actress'::text)"}]}]}, "Unique SQL Id": 3956435728, "Planner Runtime": 23}, "explain_analyze_plan": {"Plan": {"Node Type": "Aggregate", "Strategy": "Plain", "Startup Cost": 64890.38, "Total Cost": 64890.39, "Plan Rows": 1, "Plan Width": 97, "Actual Min Startup Time": 129.95, "Actual Max Startup Time": 129.95, "Actual Min Total Time": 129.951, "Actual Max Total Time": 129.951, "Plans": [{"Node Type": "Nested Loop", "Parent Relationship": "Outer", "Join Type": "Inner", "Startup Cost": 3369.54, "Total Cost": 64890.38, "Plan Rows": 1, "Plan Width": 33, "Actual Min Startup Time": 82.756, "Actual Max Startup Time": 82.756, "Actual Min Total Time": 129.873, "Actual Max Total Time": 129.873, "Inner Unique": true, "Plans": [{"Node Type": "Nested Loop", "Parent Relationship": "Outer", "Join Type": "Inner", "Startup Cost": 3369.54, "Total Cost": 64890.09, "Plan Rows": 1, "Plan Width": 37, "Actual Min Startup Time": 82.738, "Actual Max Startup Time": 82.738, "Actual Min Total Time": 129.822, "Actual Max Total Time": 129.822, "Inner Unique": true, "Plans": [{"Node Type": "Nested Loop", "Parent Relationship": "Outer", "Join Type": "Inner", "Startup Cost": 3369.54, "Total Cost": 64889.51, "Plan Rows": 1, "Plan Width": 45, "Actual Min Startup Time": 81.529, "Actual Max Startup Time": 81.529, "Actual Min Total Time": 128.829, "Actual Max Total Time": 128.829, "Inner Unique": true, "Plans": [{"Node Type": "Nested Loop", "Parent Relationship": "Outer", "Join Type": "Inner", "Startup Cost": 3369.54, "Total Cost": 64885.13, "Plan Rows": 1, "Plan Width": 49, "Actual Min Startup Time": 81.496, "Actual Max Startup Time": 81.496, "Actual Min Total Time": 128.07, "Actual Max Total Time": 128.07, "Inner Unique": false, "Plans": [{"Node Type": "Nested Loop", "Parent Relationship": "Outer", "Join Type": "Inner", "Startup Cost": 3369.54, "Total Cost": 64884.27, "Plan Rows": 1, "Plan Width": 29, "Actual Min Startup Time": 81.476, "Actual Max Startup Time": 81.476, "Actual Min Total Time": 127.263, "Actual Max Total Time": 127.263, "Inner Unique": false, "Join Filter": "(t.id = ci.movie_id)", "Rows Removed by Join Filter": 0, "Plans": [{"Node Type": "Nested Loop", "Parent Relationship": "Outer", "Join Type": "Inner", "Startup Cost": 3369.54, "Total Cost": 64828.49, "Plan Rows": 2, "Plan Width": 29, "Actual Min Startup Time": 81.441, "Actual Max Startup Time": 81.441, "Actual Min Total Time": 126.75, "Actual Max Total Time": 126.75, "Inner Unique": false, "Plans": [{"Node Type": "Streaming(type: LOCAL GATHER dop: 1/64)", "Parent Relationship": "Outer", "Startup Cost": 3369.54, "Total Cost": 64334.52, "Plan Rows": 43, "Plan Width": 21, "Actual Min Startup Time": 81.336, "Actual Max Startup Time": 81.336, "Actual Min Total Time": 126.394, "Actual Max Total Time": 126.394, "Plans": [{"Node Type": "Seq Scan", "Parent Relationship": "Outer", "Relation Name": "title", "Alias": "t", "Startup Cost": 3369.54, "Total Cost": 64333.63, "Plan Rows": 43, "Plan Width": 21, "Actual Min Startup Time": 11.827, "Actual Max Startup Time": 38.588, "Actual Min Total Time": 14.967, "Actual Max Total Time": 38.588, "Filter": "((production_year >= 2006) AND (production_year <= 2007) AND (((title)::text ~~ 'One Piece%'::text) OR ((title)::text ~~ 'Dragon Ball Z%'::text)))", "Rows Removed by Filter": 2528304, "Actual Rows": 7}], "Actual Rows": 7}, {"Node Type": "Index Scan", "Parent Relationship": "Inner", "Scan Direction": "Forward", "Index Name": "movie_id_movie_companies", "Relation Name": "movie_companies", "Alias": "mc", "Startup Cost": 0.0, "Total Cost": 11.48, "Plan Rows": 1, "Plan Width": 8, "Actual Min Startup Time": 0.272, "Actual Max Startup Time": 0.272, "Actual Min Total Time": 0.284, "Actual Max Total Time": 0.284, "Index Cond": "(movie_id = t.id)", "Rows Removed by Index Recheck": 0, "Filter": "(((note)::text ~~ '%(Japan)%'::text) AND ((note)::text !~~ '%(USA)%'::text) AND (((note)::text ~~ '%(2006)%'::text) OR ((note)::text ~~ '%(2007)%'::text)))", "Rows Removed by Filter": 13, "Actual Rows": 4}], "Actual Rows": 4}, {"Node Type": "Index Scan", "Parent Relationship": "Inner", "Scan Direction": "Forward", "Index Name": "movie_id_cast_info", "Relation Name": "cast_info", "Alias": "ci", "Startup Cost": 0.0, "Total Cost": 27.88, "Plan Rows": 1, "Plan Width": 12, "Actual Min Startup Time": 0.149, "Actual Max Startup Time": 0.149, "Actual Min Total Time": 0.418, "Actual Max Total Time": 0.418, "Index Cond": "(movie_id = mc.movie_id)", "Rows Removed by Index Recheck": 0, "Filter": "((note)::text = '(voice: English version)'::text)", "Rows Removed by Filter": 68, "Actual Rows": 104}], "Actual Rows": 104}, {"Node Type": "Index Scan", "Parent Relationship": "Inner", "Scan Direction": "Forward", "Index Name": "person_id_aka_name", "Relation Name": "aka_name", "Alias": "an", "Startup Cost": 0.0, "Total Cost": 0.84, "Plan Rows": 1, "Plan Width": 20, "Actual Min Startup Time": 0.573, "Actual Max Startup Time": 0.573, "Actual Min Total Time": 0.686, "Actual Max Total Time": 0.686, "Index Cond": "(person_id = ci.person_id)", "Rows Removed by Index Recheck": 0, "Actual Rows": 171}], "Actual Rows": 171}, {"Node Type": "Index Scan", "Parent Relationship": "Inner", "Scan Direction": "Forward", "Index Name": "company_name_pkey", "Relation Name": "company_name", "Alias": "cn", "Startup Cost": 0.0, "Total Cost": 4.37, "Plan Rows": 1, "Plan Width": 4, "Actual Min Startup Time": 0.589, "Actual Max Startup Time": 0.589, "Actual Min Total Time": 0.589, "Actual Max Total Time": 0.589, "Index Cond": "(id = mc.company_id)", "Rows Removed by Index Recheck": 0, "Filter": "((country_code)::text = '[jp]'::text)", "Rows Removed by Filter": 0, "Actual Rows": 171}], "Actual Rows": 171}, {"Node Type": "Index Scan", "Parent Relationship": "Inner", "Scan Direction": "Forward", "Index Name": "name_pkey", "Relation Name": "name", "Alias": "n", "Startup Cost": 0.0, "Total Cost": 0.57, "Plan Rows": 1, "Plan Width": 4, "Actual Min Startup Time": 0.882, "Actual Max Startup Time": 0.882, "Actual Min Total Time": 0.882, "Actual Max Total Time": 0.882, "Index Cond": "(id = an.person_id)", "Rows Removed by Index Recheck": 0, "Filter": "(((name)::text ~~ '%Yo%'::text) AND ((name)::text !~~ '%Yu%'::text))", "Rows Removed by Filter": 165, "Actual Rows": 6}], "Actual Rows": 6}, {"Node Type": "Index Scan", "Parent Relationship": "Inner", "Scan Direction": "Forward", "Index Name": "role_type_pkey", "Relation Name": "role_type", "Alias": "rt", "Startup Cost": 0.0, "Total Cost": 0.27, "Plan Rows": 1, "Plan Width": 4, "Actual Min Startup Time": 0.03, "Actual Max Startup Time": 0.03, "Actual Min Total Time": 0.03, "Actual Max Total Time": 0.03, "Index Cond": "(id = ci.role_id)", "Rows Removed by Index Recheck": 0, "Filter": "((role)::text = 'actress'::text)", "Rows Removed by Filter": 0, "Actual Rows": 6}], "Actual Rows": 6}], "Actual Rows": 1}, "Triggers": [], "Planner Runtime": 31.722, "Total Runtime": 142.327, "Unique SQL Id": 3956435728}}, "(64, '17')": {"explain_plan": {"Plan": {"Node Type": "Aggregate", "Strategy": "Plain", "Startup Cost": 82294.12, "Total Cost": 82294.13, "Plan Rows": 1, "Plan Width": 97, "Plans": [{"Node Type": "Nested Loop", "Parent Relationship": "Outer", "Join Type": "Inner", "Startup Cost": 2780.8, "Total Cost": 82294.12, "Plan Rows": 1, "Plan Width": 33, "Inner Unique": true, "Plans": [{"Node Type": "Nested Loop", "Parent Relationship": "Outer", "Join Type": "Inner", "Startup Cost": 2780.8, "Total Cost": 82293.84, "Plan Rows": 1, "Plan Width": 37, "Inner Unique": true, "Plans": [{"Node Type": "Nested Loop", "Parent Relationship": "Outer", "Join Type": "Inner", "Startup Cost": 2780.8, "Total Cost": 82293.26, "Plan Rows": 1, "Plan Width": 45, "Inner Unique": false, "Plans": [{"Node Type": "Nested Loop", "Parent Relationship": "Outer", "Join Type": "Inner", "Startup Cost": 2780.8, "Total Cost": 82292.4, "Plan Rows": 1, "Plan Width": 25, "Inner Unique": false, "Join Filter": "(t.id = ci.movie_id)", "Plans": [{"Node Type": "Nested Loop", "Parent Relationship": "Outer", "Join Type": "Inner", "Startup Cost": 2780.8, "Total Cost": 82236.62, "Plan Rows": 2, "Plan Width": 25, "Inner Unique": true, "Plans": [{"Node Type": "Nested Loop", "Parent Relationship": "Outer", "Join Type": "Inner", "Startup Cost": 2780.8, "Total Cost": 80174.39, "Plan Rows": 262, "Plan Width": 4, "Inner Unique": false, "Plans": [{"Node Type": "Bitmap Heap Scan", "Parent Relationship": "Outer", "Relation Name": "company_name", "Alias": "cn", "Startup Cost": 2780.8, "Total Cost": 8684.25, "Plan Rows": 6290, "Plan Width": 4, "Filter": "((country_code)::text = '[jp]'::text)", "Plans": [{"Node Type": "Bitmap Index Scan", "Parent Relationship": "Outer", "Index Name": "company_name_pkey", "Startup Cost": 0.0, "Total Cost": 2779.23, "Plan Rows": 234996, "Plan Width": 0}]}, {"Node Type": "Index Scan", "Parent Relationship": "Inner", "Scan Direction": "Forward", "Index Name": "company_id_movie_companies", "Relation Name": "movie_companies", "Alias": "mc", "Startup Cost": 0.0, "Total Cost": 11.36, "Plan Rows": 1, "Plan Width": 8, "Index Cond": "(company_id = cn.id)", "Filter": "(((note)::text ~~ '%(Japan)%'::text) AND ((note)::text !~~ '%(USA)%'::text) AND (((note)::text ~~ '%(2006)%'::text) OR ((note)::text ~~ '%(2007)%'::text)))"}]}, {"Node Type": "Index Scan", "Parent Relationship": "Inner", "Scan Direction": "Forward", "Index Name": "title_pkey", "Relation Name": "title", "Alias": "t", "Startup Cost": 0.0, "Total Cost": 7.86, "Plan Rows": 1, "Plan Width": 21, "Index Cond": "(id = mc.movie_id)", "Filter": "((production_year >= 2006) AND (production_year <= 2007) AND (((title)::text ~~ 'One Piece%'::text) OR ((title)::text ~~ 'Dragon Ball Z%'::text)))"}]}, {"Node Type": "Index Scan", "Parent Relationship": "Inner", "Scan Direction": "Forward", "Index Name": "movie_id_cast_info", "Relation Name": "cast_info", "Alias": "ci", "Startup Cost": 0.0, "Total Cost": 27.88, "Plan Rows": 1, "Plan Width": 12, "Index Cond": "(movie_id = mc.movie_id)", "Filter": "((note)::text = '(voice: English version)'::text)"}]}, {"Node Type": "Index Scan", "Parent Relationship": "Inner", "Scan Direction": "Forward", "Index Name": "person_id_aka_name", "Relation Name": "aka_name", "Alias": "an", "Startup Cost": 0.0, "Total Cost": 0.84, "Plan Rows": 1, "Plan Width": 20, "Index Cond": "(person_id = ci.person_id)"}]}, {"Node Type": "Index Scan", "Parent Relationship": "Inner", "Scan Direction": "Forward", "Index Name": "name_pkey", "Relation Name": "name", "Alias": "n", "Startup Cost": 0.0, "Total Cost": 0.57, "Plan Rows": 1, "Plan Width": 4, "Index Cond": "(id = an.person_id)", "Filter": "(((name)::text ~~ '%Yo%'::text) AND ((name)::text !~~ '%Yu%'::text))"}]}, {"Node Type": "Index Scan", "Parent Relationship": "Inner", "Scan Direction": "Forward", "Index Name": "role_type_pkey", "Relation Name": "role_type", "Alias": "rt", "Startup Cost": 0.0, "Total Cost": 0.27, "Plan Rows": 1, "Plan Width": 4, "Index Cond": "(id = ci.role_id)", "Filter": "((role)::text = 'actress'::text)"}]}]}, "Unique SQL Id": 3956435728, "Planner Runtime": 21}, "explain_analyze_plan": null}, "(64, '18')": {"explain_plan": {"Plan": {"Node Type": "Aggregate", "Strategy": "Plain", "Startup Cost": 64933.13, "Total Cost": 64933.14, "Plan Rows": 1, "Plan Width": 97, "Plans": [{"Node Type": "Nested Loop", "Parent Relationship": "Outer", "Join Type": "Inner", "Startup Cost": 3380.01, "Total Cost": 64933.12, "Plan Rows": 1, "Plan Width": 33, "Inner Unique": true, "Join Filter": "(ci.role_id = rt.id)", "Plans": [{"Node Type": "Nested Loop", "Parent Relationship": "Outer", "Join Type": "Inner", "Startup Cost": 3380.01, "Total Cost": 64931.96, "Plan Rows": 1, "Plan Width": 37, "Inner Unique": true, "Plans": [{"Node Type": "Nested Loop", "Parent Relationship": "Outer", "Join Type": "Inner", "Startup Cost": 3379.69, "Total Cost": 64927.61, "Plan Rows": 1, "Plan Width": 45, "Inner Unique": true, "Plans": [{"Node Type": "Nested Loop", "Parent Relationship": "Outer", "Join Type": "Inner", "Startup Cost": 3378.46, "Total Cost": 64922.35, "Plan Rows": 1, "Plan Width": 49, "Inner Unique": false, "Plans": [{"Node Type": "Nested Loop", "Parent Relationship": "Outer", "Join Type": "Inner", "Startup Cost": 3378.08, "Total Cost": 64917.95, "Plan Rows": 1, "Plan Width": 29, "Inner Unique": false, "Join Filter": "(t.id = ci.movie_id)", "Plans": [{"Node Type": "Nested Loop", "Parent Relationship": "Outer", "Join Type": "Inner", "Startup Cost": 3373.8, "Total Cost": 64861.38, "Plan Rows": 2, "Plan Width": 29, "Inner Unique": false, "Plans": [{"Node Type": "Streaming(type: LOCAL GATHER dop: 1/64)", "Parent Relationship": "Outer", "Startup Cost": 3369.54, "Total Cost": 64334.52, "Plan Rows": 43, "Plan Width": 21, "Plans": [{"Node Type": "Seq Scan", "Parent Relationship": "Outer", "Relation Name": "title", "Alias": "t", "Startup Cost": 3369.54, "Total Cost": 64333.63, "Plan Rows": 43, "Plan Width": 21, "Filter": "((production_year >= 2006) AND (production_year <= 2007) AND (((title)::text ~~ 'One Piece%'::text) OR ((title)::text ~~ 'Dragon Ball Z%'::text)))"}]}, {"Node Type": "Bitmap Heap Scan", "Parent Relationship": "Inner", "Relation Name": "movie_companies", "Alias": "mc", "Startup Cost": 4.27, "Total Cost": 12.24, "Plan Rows": 1, "Plan Width": 8, "Recheck Cond": "(movie_id = t.id)", "Filter": "(((note)::text ~~ '%(Japan)%'::text) AND ((note)::text !~~ '%(USA)%'::text) AND (((note)::text ~~ '%(2006)%'::text) OR ((note)::text ~~ '%(2007)%'::text)))", "Plans": [{"Node Type": "Bitmap Index Scan", "Parent Relationship": "Outer", "Index Name": "movie_id_movie_companies", "Startup Cost": 0.0, "Total Cost": 4.26, "Plan Rows": 2, "Plan Width": 0, "Index Cond": "(movie_id = t.id)"}]}]}, {"Node Type": "Bitmap Heap Scan", "Parent Relationship": "Inner", "Relation Name": "cast_info", "Alias": "ci", "Startup Cost": 4.27, "Total Cost": 28.27, "Plan Rows": 1, "Plan Width": 12, "Recheck Cond": "(movie_id = mc.movie_id)", "Filter": "((note)::text = '(voice: English version)'::text)", "Plans": [{"Node Type": "Bitmap Index Scan", "Parent Relationship": "Outer", "Index Name": "movie_id_cast_info", "Startup Cost": 0.0, "Total Cost": 4.27, "Plan Rows": 6, "Plan Width": 0, "Index Cond": "(movie_id = mc.movie_id)"}]}]}, {"Node Type": "Bitmap Heap Scan", "Parent Relationship": "Inner", "Relation Name": "aka_name", "Alias": "an", "Startup Cost": 0.38, "Total Cost": 4.39, "Plan Rows": 1, "Plan Width": 20, "Recheck Cond": "(person_id = ci.person_id)", "Plans": [{"Node Type": "Bitmap Index Scan", "Parent Relationship": "Outer", "Index Name": "person_id_aka_name", "Startup Cost": 0.0, "Total Cost": 0.38, "Plan Rows": 1, "Plan Width": 0, "Index Cond": "(person_id = ci.person_id)"}]}]}, {"Node Type": "Bitmap Heap Scan", "Parent Relationship": "Inner", "Relation Name": "company_name", "Alias": "cn", "Startup Cost": 1.23, "Total Cost": 5.24, "Plan Rows": 1, "Plan Width": 4, "Recheck Cond": "(id = mc.company_id)", "Filter": "((country_code)::text = '[jp]'::text)", "Plans": [{"Node Type": "Bitmap Index Scan", "Parent Relationship": "Outer", "Index Name": "company_name_pkey", "Startup Cost": 0.0, "Total Cost": 1.23, "Plan Rows": 1, "Plan Width": 0, "Index Cond": "(id = mc.company_id)"}]}]}, {"Node Type": "Bitmap Heap Scan", "Parent Relationship": "Inner", "Relation Name": "name", "Alias": "n", "Startup Cost": 0.33, "Total Cost": 4.34, "Plan Rows": 1, "Plan Width": 4, "Recheck Cond": "(id = an.person_id)", "Filter": "(((name)::text ~~ '%Yo%'::text) AND ((name)::text !~~ '%Yu%'::text))", "Plans": [{"Node Type": "Bitmap Index Scan", "Parent Relationship": "Outer", "Index Name": "name_pkey", "Startup Cost": 0.0, "Total Cost": 0.33, "Plan Rows": 1, "Plan Width": 0, "Index Cond": "(id = an.person_id)"}]}]}, {"Node Type": "Seq Scan", "Parent Relationship": "Inner", "Relation Name": "role_type", "Alias": "rt", "Startup Cost": 0.0, "Total Cost": 1.15, "Plan Rows": 1, "Plan Width": 4, "Filter": "((role)::text = 'actress'::text)"}]}]}, "Unique SQL Id": 3956435728, "Planner Runtime": 32}, "explain_analyze_plan": {"Plan": {"Node Type": "Aggregate", "Strategy": "Plain", "Startup Cost": 64933.13, "Total Cost": 64933.14, "Plan Rows": 1, "Plan Width": 97, "Actual Min Startup Time": 156.871, "Actual Max Startup Time": 156.871, "Actual Min Total Time": 156.872, "Actual Max Total Time": 156.872, "Plans": [{"Node Type": "Nested Loop", "Parent Relationship": "Outer", "Join Type": "Inner", "Startup Cost": 3380.01, "Total Cost": 64933.12, "Plan Rows": 1, "Plan Width": 33, "Actual Min Startup Time": 132.628, "Actual Max Startup Time": 132.628, "Actual Min Total Time": 156.809, "Actual Max Total Time": 156.809, "Inner Unique": true, "Join Filter": "(ci.role_id = rt.id)", "Rows Removed by Join Filter": 0, "Plans": [{"Node Type": "Nested Loop", "Parent Relationship": "Outer", "Join Type": "Inner", "Startup Cost": 3380.01, "Total Cost": 64931.96, "Plan Rows": 1, "Plan Width": 37, "Actual Min Startup Time": 132.608, "Actual Max Startup Time": 132.608, "Actual Min Total Time": 156.755, "Actual Max Total Time": 156.755, "Inner Unique": true, "Plans": [{"Node Type": "Nested Loop", "Parent Relationship": "Outer", "Join Type": "Inner", "Startup Cost": 3379.69, "Total Cost": 64927.61, "Plan Rows": 1, "Plan Width": 45, "Actual Min Startup Time": 131.505, "Actual Max Startup Time": 131.505, "Actual Min Total Time": 155.6, "Actual Max Total Time": 155.6, "Inner Unique": true, "Plans": [{"Node Type": "Nested Loop", "Parent Relationship": "Outer", "Join Type": "Inner", "Startup Cost": 3378.46, "Total Cost": 64922.35, "Plan Rows": 1, "Plan Width": 49, "Actual Min Startup Time": 131.484, "Actual Max Startup Time": 131.484, "Actual Min Total Time": 154.653, "Actual Max Total Time": 154.653, "Inner Unique": false, "Plans": [{"Node Type": "Nested Loop", "Parent Relationship": "Outer", "Join Type": "Inner", "Startup Cost": 3378.08, "Total Cost": 64917.95, "Plan Rows": 1, "Plan Width": 29, "Actual Min Startup Time": 131.456, "Actual Max Startup Time": 131.456, "Actual Min Total Time": 153.642, "Actual Max Total Time": 153.642, "Inner Unique": false, "Join Filter": "(t.id = ci.movie_id)", "Rows Removed by Join Filter": 0, "Plans": [{"Node Type": "Nested Loop", "Parent Relationship": "Outer", "Join Type": "Inner", "Startup Cost": 3373.8, "Total Cost": 64861.38, "Plan Rows": 2, "Plan Width": 29, "Actual Min Startup Time": 130.603, "Actual Max Startup Time": 130.603, "Actual Min Total Time": 153.108, "Actual Max Total Time": 153.108, "Inner Unique": false, "Plans": [{"Node Type": "Streaming(type: LOCAL GATHER dop: 1/64)", "Parent Relationship": "Outer", "Startup Cost": 3369.54, "Total Cost": 64334.52, "Plan Rows": 43, "Plan Width": 21, "Actual Min Startup Time": 123.928, "Actual Max Startup Time": 123.928, "Actual Min Total Time": 152.691, "Actual Max Total Time": 152.691, "Plans": [{"Node Type": "Seq Scan", "Parent Relationship": "Outer", "Relation Name": "title", "Alias": "t", "Startup Cost": 3369.54, "Total Cost": 64333.63, "Plan Rows": 43, "Plan Width": 21, "Actual Min Startup Time": 11.76, "Actual Max Startup Time": 34.023, "Actual Min Total Time": 14.755, "Actual Max Total Time": 34.023, "Filter": "((production_year >= 2006) AND (production_year <= 2007) AND (((title)::text ~~ 'One Piece%'::text) OR ((title)::text ~~ 'Dragon Ball Z%'::text)))", "Rows Removed by Filter": 2528304, "Actual Rows": 7}], "Actual Rows": 7}, {"Node Type": "Bitmap Heap Scan", "Parent Relationship": "Inner", "Relation Name": "movie_companies", "Alias": "mc", "Startup Cost": 4.27, "Total Cost": 12.24, "Plan Rows": 1, "Plan Width": 8, "Actual Min Startup Time": 0.327, "Actual Max Startup Time": 0.327, "Actual Min Total Time": 0.337, "Actual Max Total Time": 0.337, "Recheck Cond": "(movie_id = t.id)", "Rows Removed by Index Recheck": 0, "Filter": "(((note)::text ~~ '%(Japan)%'::text) AND ((note)::text !~~ '%(USA)%'::text) AND (((note)::text ~~ '%(2006)%'::text) OR ((note)::text ~~ '%(2007)%'::text)))", "Rows Removed by Filter": 13, "Exact Heap Blocks": 13, "Lossy Heap Blocks": 13, "Plans": [{"Node Type": "Bitmap Index Scan", "Parent Relationship": "Outer", "Index Name": "movie_id_movie_companies", "Startup Cost": 0.0, "Total Cost": 4.26, "Plan Rows": 2, "Plan Width": 0, "Actual Min Startup Time": 0.16, "Actual Max Startup Time": 0.16, "Actual Min Total Time": 0.16, "Actual Max Total Time": 0.16, "Index Cond": "(movie_id = t.id)", "Actual Rows": 17}], "Actual Rows": 4}], "Actual Rows": 4}, {"Node Type": "Bitmap Heap Scan", "Parent Relationship": "Inner", "Relation Name": "cast_info", "Alias": "ci", "Startup Cost": 4.27, "Total Cost": 28.27, "Plan Rows": 1, "Plan Width": 12, "Actual Min Startup Time": 0.196, "Actual Max Startup Time": 0.196, "Actual Min Total Time": 0.463, "Actual Max Total Time": 0.463, "Recheck Cond": "(movie_id = mc.movie_id)", "Rows Removed by Index Recheck": 0, "Filter": "((note)::text = '(voice: English version)'::text)", "Rows Removed by Filter": 68, "Exact Heap Blocks": 133, "Lossy Heap Blocks": 133, "Plans": [{"Node Type": "Bitmap Index Scan", "Parent Relationship": "Outer", "Index Name": "movie_id_cast_info", "Startup Cost": 0.0, "Total Cost": 4.27, "Plan Rows": 6, "Plan Width": 0, "Actual Min Startup Time": 0.075, "Actual Max Startup Time": 0.075, "Actual Min Total Time": 0.075, "Actual Max Total Time": 0.075, "Index Cond": "(movie_id = mc.movie_id)", "Actual Rows": 172}], "Actual Rows": 104}], "Actual Rows": 104}, {"Node Type": "Bitmap Heap Scan", "Parent Relationship": "Inner", "Relation Name": "aka_name", "Alias": "an", "Startup Cost": 0.38, "Total Cost": 4.39, "Plan Rows": 1, "Plan Width": 20, "Actual Min Startup Time": 0.752, "Actual Max Startup Time": 0.752, "Actual Min Total Time": 0.827, "Actual Max Total Time": 0.827, "Recheck Cond": "(person_id = ci.person_id)", "Rows Removed by Index Recheck": 0, "Exact Heap Blocks": 105, "Lossy Heap Blocks": 105, "Plans": [{"Node Type": "Bitmap Index Scan", "Parent Relationship": "Outer", "Index Name": "person_id_aka_name", "Startup Cost": 0.0, "Total Cost": 0.38, "Plan Rows": 1, "Plan Width": 0, "Actual Min Startup Time": 0.529, "Actual Max Startup Time": 0.529, "Actual Min Total Time": 0.529, "Actual Max Total Time": 0.529, "Index Cond": "(person_id = ci.person_id)", "Actual Rows": 171}], "Actual Rows": 171}], "Actual Rows": 171}, {"Node Type": "Bitmap Heap Scan", "Parent Relationship": "Inner", "Relation Name": "company_name", "Alias": "cn", "Startup Cost": 1.23, "Total Cost": 5.24, "Plan Rows": 1, "Plan Width": 4, "Actual Min Startup Time": 0.704, "Actual Max Startup Time": 0.704, "Actual Min Total Time": 0.704, "Actual Max Total Time": 0.704, "Recheck Cond": "(id = mc.company_id)", "Rows Removed by Index Recheck": 0, "Filter": "((country_code)::text = '[jp]'::text)", "Rows Removed by Filter": 0, "Exact Heap Blocks": 171, "Lossy Heap Blocks": 171, "Plans": [{"Node Type": "Bitmap Index Scan", "Parent Relationship": "Outer", "Index Name": "company_name_pkey", "Startup Cost": 0.0, "Total Cost": 1.23, "Plan Rows": 1, "Plan Width": 0, "Actual Min Startup Time": 0.421, "Actual Max Startup Time": 0.421, "Actual Min Total Time": 0.421, "Actual Max Total Time": 0.421, "Index Cond": "(id = mc.company_id)", "Actual Rows": 171}], "Actual Rows": 171}], "Actual Rows": 171}, {"Node Type": "Bitmap Heap Scan", "Parent Relationship": "Inner", "Relation Name": "name", "Alias": "n", "Startup Cost": 0.33, "Total Cost": 4.34, "Plan Rows": 1, "Plan Width": 4, "Actual Min Startup Time": 0.954, "Actual Max Startup Time": 0.954, "Actual Min Total Time": 0.954, "Actual Max Total Time": 0.954, "Recheck Cond": "(id = an.person_id)", "Rows Removed by Index Recheck": 0, "Filter": "(((name)::text ~~ '%Yo%'::text) AND ((name)::text !~~ '%Yu%'::text))", "Rows Removed by Filter": 165, "Exact Heap Blocks": 171, "Lossy Heap Blocks": 171, "Plans": [{"Node Type": "Bitmap Index Scan", "Parent Relationship": "Outer", "Index Name": "name_pkey", "Startup Cost": 0.0, "Total Cost": 0.33, "Plan Rows": 1, "Plan Width": 0, "Actual Min Startup Time": 0.601, "Actual Max Startup Time": 0.601, "Actual Min Total Time": 0.601, "Actual Max Total Time": 0.601, "Index Cond": "(id = an.person_id)", "Actual Rows": 171}], "Actual Rows": 6}], "Actual Rows": 6}, {"Node Type": "Seq Scan", "Parent Relationship": "Inner", "Relation Name": "role_type", "Alias": "rt", "Startup Cost": 0.0, "Total Cost": 1.15, "Plan Rows": 1, "Plan Width": 4, "Actual Min Startup Time": 0.03, "Actual Max Startup Time": 0.03, "Actual Min Total Time": 0.03, "Actual Max Total Time": 0.03, "Filter": "((role)::text = 'actress'::text)", "Rows Removed by Filter": 6, "Actual Rows": 6}], "Actual Rows": 6}], "Actual Rows": 1}, "Triggers": [], "Planner Runtime": 43.476, "Total Runtime": 170.805, "Unique SQL Id": 3956435728}}, "(64, '19')": {"explain_plan": {"Plan": {"Node Type": "Aggregate", "Strategy": "Plain", "Startup Cost": 108949.86, "Total Cost": 108949.87, "Plan Rows": 1, "Plan Width": 97, "Plans": [{"Node Type": "Nested Loop", "Parent Relationship": "Outer", "Join Type": "Inner", "Startup Cost": 2793.35, "Total Cost": 108949.85, "Plan Rows": 1, "Plan Width": 33, "Inner Unique": true, "Plans": [{"Node Type": "Nested Loop", "Parent Relationship": "Outer", "Join Type": "Inner", "Startup Cost": 2793.09, "Total Cost": 108945.57, "Plan Rows": 1, "Plan Width": 37, "Inner Unique": true, "Plans": [{"Node Type": "Nested Loop", "Parent Relationship": "Outer", "Join Type": "Inner", "Startup Cost": 2792.76, "Total Cost": 108941.22, "Plan Rows": 1, "Plan Width": 45, "Inner Unique": false, "Plans": [{"Node Type": "Nested Loop", "Parent Relationship": "Outer", "Join Type": "Inner", "Startup Cost": 2792.38, "Total Cost": 108936.81, "Plan Rows": 1, "Plan Width": 25, "Inner Unique": false, "Join Filter": "(t.id = ci.movie_id)", "Plans": [{"Node Type": "Nested Loop", "Parent Relationship": "Outer", "Join Type": "Inner", "Startup Cost": 2788.11, "Total Cost": 108880.24, "Plan Rows": 2, "Plan Width": 25, "Inner Unique": true, "Plans": [{"Node Type": "Nested Loop", "Parent Relationship": "Outer", "Join Type": "Inner", "Startup Cost": 2784.18, "Total Cost": 106793.84, "Plan Rows": 262, "Plan Width": 4, "Inner Unique": false, "Plans": [{"Node Type": "Bitmap Heap Scan", "Parent Relationship": "Outer", "Relation Name": "company_name", "Alias": "cn", "Startup Cost": 2780.8, "Total Cost": 8684.25, "Plan Rows": 6290, "Plan Width": 4, "Filter": "((country_code)::text = '[jp]'::text)", "Plans": [{"Node Type": "Bitmap Index Scan", "Parent Relationship": "Outer", "Index Name": "company_name_pkey", "Startup Cost": 0.0, "Total Cost": 2779.23, "Plan Rows": 234996, "Plan Width": 0}]}, {"Node Type": "Bitmap Heap Scan", "Parent Relationship": "Inner", "Relation Name": "movie_companies", "Alias": "mc", "Startup Cost": 3.37, "Total Cost": 15.59, "Plan Rows": 1, "Plan Width": 8, "Recheck Cond": "(company_id = cn.id)", "Filter": "(((note)::text ~~ '%(Japan)%'::text) AND ((note)::text !~~ '%(USA)%'::text) AND (((note)::text ~~ '%(2006)%'::text) OR ((note)::text ~~ '%(2007)%'::text)))", "Plans": [{"Node Type": "Bitmap Index Scan", "Parent Relationship": "Outer", "Index Name": "company_id_movie_companies", "Startup Cost": 0.0, "Total Cost": 3.37, "Plan Rows": 15, "Plan Width": 0, "Index Cond": "(company_id = cn.id)"}]}]}, {"Node Type": "Bitmap Heap Scan", "Parent Relationship": "Inner", "Relation Name": "title", "Alias": "t", "Startup Cost": 3.93, "Total Cost": 7.95, "Plan Rows": 1, "Plan Width": 21, "Recheck Cond": "(id = mc.movie_id)", "Filter": "((production_year >= 2006) AND (production_year <= 2007) AND (((title)::text ~~ 'One Piece%'::text) OR ((title)::text ~~ 'Dragon Ball Z%'::text)))", "Plans": [{"Node Type": "Bitmap Index Scan", "Parent Relationship": "Outer", "Index Name": "title_pkey", "Startup Cost": 0.0, "Total Cost": 3.93, "Plan Rows": 1, "Plan Width": 0, "Index Cond": "(id = mc.movie_id)"}]}]}, {"Node Type": "Bitmap Heap Scan", "Parent Relationship": "Inner", "Relation Name": "cast_info", "Alias": "ci", "Startup Cost": 4.27, "Total Cost": 28.27, "Plan Rows": 1, "Plan Width": 12, "Recheck Cond": "(movie_id = mc.movie_id)", "Filter": "((note)::text = '(voice: English version)'::text)", "Plans": [{"Node Type": "Bitmap Index Scan", "Parent Relationship": "Outer", "Index Name": "movie_id_cast_info", "Startup Cost": 0.0, "Total Cost": 4.27, "Plan Rows": 6, "Plan Width": 0, "Index Cond": "(movie_id = mc.movie_id)"}]}]}, {"Node Type": "Bitmap Heap Scan", "Parent Relationship": "Inner", "Relation Name": "aka_name", "Alias": "an", "Startup Cost": 0.38, "Total Cost": 4.39, "Plan Rows": 1, "Plan Width": 20, "Recheck Cond": "(person_id = ci.person_id)", "Plans": [{"Node Type": "Bitmap Index Scan", "Parent Relationship": "Outer", "Index Name": "person_id_aka_name", "Startup Cost": 0.0, "Total Cost": 0.38, "Plan Rows": 1, "Plan Width": 0, "Index Cond": "(person_id = ci.person_id)"}]}]}, {"Node Type": "Bitmap Heap Scan", "Parent Relationship": "Inner", "Relation Name": "name", "Alias": "n", "Startup Cost": 0.33, "Total Cost": 4.34, "Plan Rows": 1, "Plan Width": 4, "Recheck Cond": "(id = an.person_id)", "Filter": "(((name)::text ~~ '%Yo%'::text) AND ((name)::text !~~ '%Yu%'::text))", "Plans": [{"Node Type": "Bitmap Index Scan", "Parent Relationship": "Outer", "Index Name": "name_pkey", "Startup Cost": 0.0, "Total Cost": 0.33, "Plan Rows": 1, "Plan Width": 0, "Index Cond": "(id = an.person_id)"}]}]}, {"Node Type": "Bitmap Heap Scan", "Parent Relationship": "Inner", "Relation Name": "role_type", "Alias": "rt", "Startup Cost": 0.26, "Total Cost": 4.27, "Plan Rows": 1, "Plan Width": 4, "Recheck Cond": "(id = ci.role_id)", "Filter": "((role)::text = 'actress'::text)", "Plans": [{"Node Type": "Bitmap Index Scan", "Parent Relationship": "Outer", "Index Name": "role_type_pkey", "Startup Cost": 0.0, "Total Cost": 0.26, "Plan Rows": 1, "Plan Width": 0, "Index Cond": "(id = ci.role_id)"}]}]}]}, "Unique SQL Id": 3956435728, "Planner Runtime": 27}, "explain_analyze_plan": {"Plan": {"Node Type": "Aggregate", "Strategy": "Plain", "Startup Cost": 108949.86, "Total Cost": 108949.87, "Plan Rows": 1, "Plan Width": 97, "Actual Startup Time": 454.404, "Actual Total Time": 454.405, "Actual Rows": 1, "Actual Loops": 1, "Plans": [{"Node Type": "Nested Loop", "Parent Relationship": "Outer", "Join Type": "Inner", "Startup Cost": 2793.35, "Total Cost": 108949.85, "Plan Rows": 1, "Plan Width": 33, "Actual Startup Time": 126.355, "Actual Total Time": 454.354, "Actual Rows": 6, "Actual Loops": 1, "Inner Unique": true, "Plans": [{"Node Type": "Nested Loop", "Parent Relationship": "Outer", "Join Type": "Inner", "Startup Cost": 2793.09, "Total Cost": 108945.57, "Plan Rows": 1, "Plan Width": 37, "Actual Startup Time": 126.34, "Actual Total Time": 454.31, "Actual Rows": 6, "Actual Loops": 1, "Inner Unique": true, "Plans": [{"Node Type": "Nested Loop", "Parent Relationship": "Outer", "Join Type": "Inner", "Startup Cost": 2792.76, "Total Cost": 108941.22, "Plan Rows": 1, "Plan Width": 45, "Actual Startup Time": 125.755, "Actual Total Time": 453.226, "Actual Rows": 171, "Actual Loops": 1, "Inner Unique": false, "Plans": [{"Node Type": "Nested Loop", "Parent Relationship": "Outer", "Join Type": "Inner", "Startup Cost": 2792.38, "Total Cost": 108936.81, "Plan Rows": 1, "Plan Width": 25, "Actual Startup Time": 125.731, "Actual Total Time": 452.322, "Actual Rows": 104, "Actual Loops": 1, "Inner Unique": false, "Join Filter": "(t.id = ci.movie_id)", "Rows Removed by Join Filter": 0, "Plans": [{"Node Type": "Nested Loop", "Parent Relationship": "Outer", "Join Type": "Inner", "Startup Cost": 2788.11, "Total Cost": 108880.24, "Plan Rows": 2, "Plan Width": 25, "Actual Startup Time": 125.673, "Actual Total Time": 451.843, "Actual Rows": 4, "Actual Loops": 1, "Inner Unique": true, "Plans": [{"Node Type": "Nested Loop", "Parent Relationship": "Outer", "Join Type": "Inner", "Startup Cost": 2784.18, "Total Cost": 106793.84, "Plan Rows": 262, "Plan Width": 4, "Actual Startup Time": 21.615, "Actual Total Time": 389.321, "Actual Rows": 8495, "Actual Loops": 1, "Inner Unique": false, "Plans": [{"Node Type": "Bitmap Heap Scan", "Parent Relationship": "Outer", "Relation Name": "company_name", "Alias": "cn", "Startup Cost": 2780.8, "Total Cost": 8684.25, "Plan Rows": 6290, "Plan Width": 4, "Actual Startup Time": 21.545, "Actual Total Time": 139.197, "Actual Rows": 6752, "Actual Loops": 1, "Filter": "((country_code)::text = '[jp]'::text)", "Rows Removed by Filter": 228244, "Exact Heap Blocks": 2966, "Lossy Heap Blocks": 2966, "Plans": [{"Node Type": "Bitmap Index Scan", "Parent Relationship": "Outer", "Index Name": "company_name_pkey", "Startup Cost": 0.0, "Total Cost": 2779.23, "Plan Rows": 234996, "Plan Width": 0, "Actual Startup Time": 21.066, "Actual Total Time": 21.066, "Actual Rows": 234996, "Actual Loops": 1}]}, {"Node Type": "Bitmap Heap Scan", "Parent Relationship": "Inner", "Relation Name": "movie_companies", "Alias": "mc", "Startup Cost": 3.37, "Total Cost": 15.59, "Plan Rows": 1, "Plan Width": 8, "Actual Startup Time": 134.789, "Actual Total Time": 238.582, "Actual Rows": 8495, "Actual Loops": 6752, "Recheck Cond": "(company_id = cn.id)", "Rows Removed by Index Recheck": 0, "Filter": "(((note)::text ~~ '%(Japan)%'::text) AND ((note)::text !~~ '%(USA)%'::text) AND (((note)::text ~~ '%(2006)%'::text) OR ((note)::text ~~ '%(2007)%'::text)))", "Rows Removed by Filter": 96500, "Exact Heap Blocks": 61861, "Lossy Heap Blocks": 61861, "Plans": [{"Node Type": "Bitmap Index Scan", "Parent Relationship": "Outer", "Index Name": "company_id_movie_companies", "Startup Cost": 0.0, "Total Cost": 3.37, "Plan Rows": 15, "Plan Width": 0, "Actual Startup Time": 52.102, "Actual Total Time": 52.102, "Actual Rows": 104995, "Actual Loops": 6752, "Index Cond": "(company_id = cn.id)"}]}]}, {"Node Type": "Bitmap Heap Scan", "Parent Relationship": "Inner", "Relation Name": "title", "Alias": "t", "Startup Cost": 3.93, "Total Cost": 7.95, "Plan Rows": 1, "Plan Width": 21, "Actual Startup Time": 52.556, "Actual Total Time": 52.556, "Actual Rows": 4, "Actual Loops": 8495, "Recheck Cond": "(id = mc.movie_id)", "Rows Removed by Index Recheck": 0, "Filter": "((production_year >= 2006) AND (production_year <= 2007) AND (((title)::text ~~ 'One Piece%'::text) OR ((title)::text ~~ 'Dragon Ball Z%'::text)))", "Rows Removed by Filter": 8491, "Exact Heap Blocks": 8495, "Lossy Heap Blocks": 8495, "Plans": [{"Node Type": "Bitmap Index Scan", "Parent Relationship": "Outer", "Index Name": "title_pkey", "Startup Cost": 0.0, "Total Cost": 3.93, "Plan Rows": 1, "Plan Width": 0, "Actual Startup Time": 25.939, "Actual Total Time": 25.939, "Actual Rows": 8495, "Actual Loops": 8495, "Index Cond": "(id = mc.movie_id)"}]}]}, {"Node Type": "Bitmap Heap Scan", "Parent Relationship": "Inner", "Relation Name": "cast_info", "Alias": "ci", "Startup Cost": 4.27, "Total Cost": 28.27, "Plan Rows": 1, "Plan Width": 12, "Actual Startup Time": 0.182, "Actual Total Time": 0.41, "Actual Rows": 104, "Actual Loops": 4, "Recheck Cond": "(movie_id = mc.movie_id)", "Rows Removed by Index Recheck": 0, "Filter": "((note)::text = '(voice: English version)'::text)", "Rows Removed by Filter": 68, "Exact Heap Blocks": 133, "Lossy Heap Blocks": 133, "Plans": [{"Node Type": "Bitmap Index Scan", "Parent Relationship": "Outer", "Index Name": "movie_id_cast_info", "Startup Cost": 0.0, "Total Cost": 4.27, "Plan Rows": 6, "Plan Width": 0, "Actual Startup Time": 0.058, "Actual Total Time": 0.058, "Actual Rows": 172, "Actual Loops": 4, "Index Cond": "(movie_id = mc.movie_id)"}]}]}, {"Node Type": "Bitmap Heap Scan", "Parent Relationship": "Inner", "Relation Name": "aka_name", "Alias": "an", "Startup Cost": 0.38, "Total Cost": 4.39, "Plan Rows": 1, "Plan Width": 20, "Actual Startup Time": 0.631, "Actual Total Time": 0.711, "Actual Rows": 171, "Actual Loops": 104, "Recheck Cond": "(person_id = ci.person_id)", "Rows Removed by Index Recheck": 0, "Exact Heap Blocks": 105, "Lossy Heap Blocks": 105, "Plans": [{"Node Type": "Bitmap Index Scan", "Parent Relationship": "Outer", "Index Name": "person_id_aka_name", "Startup Cost": 0.0, "Total Cost": 0.38, "Plan Rows": 1, "Plan Width": 0, "Actual Startup Time": 0.442, "Actual Total Time": 0.442, "Actual Rows": 171, "Actual Loops": 104, "Index Cond": "(person_id = ci.person_id)"}]}]}, {"Node Type": "Bitmap Heap Scan", "Parent Relationship": "Inner", "Relation Name": "name", "Alias": "n", "Startup Cost": 0.33, "Total Cost": 4.34, "Plan Rows": 1, "Plan Width": 4, "Actual Startup Time": 0.885, "Actual Total Time": 0.885, "Actual Rows": 6, "Actual Loops": 171, "Recheck Cond": "(id = an.person_id)", "Rows Removed by Index Recheck": 0, "Filter": "(((name)::text ~~ '%Yo%'::text) AND ((name)::text !~~ '%Yu%'::text))", "Rows Removed by Filter": 165, "Exact Heap Blocks": 171, "Lossy Heap Blocks": 171, "Plans": [{"Node Type": "Bitmap Index Scan", "Parent Relationship": "Outer", "Index Name": "name_pkey", "Startup Cost": 0.0, "Total Cost": 0.33, "Plan Rows": 1, "Plan Width": 0, "Actual Startup Time": 0.549, "Actual Total Time": 0.549, "Actual Rows": 171, "Actual Loops": 171, "Index Cond": "(id = an.person_id)"}]}]}, {"Node Type": "Bitmap Heap Scan", "Parent Relationship": "Inner", "Relation Name": "role_type", "Alias": "rt", "Startup Cost": 0.26, "Total Cost": 4.27, "Plan Rows": 1, "Plan Width": 4, "Actual Startup Time": 0.029, "Actual Total Time": 0.029, "Actual Rows": 6, "Actual Loops": 6, "Recheck Cond": "(id = ci.role_id)", "Rows Removed by Index Recheck": 0, "Filter": "((role)::text = 'actress'::text)", "Rows Removed by Filter": 0, "Exact Heap Blocks": 6, "Lossy Heap Blocks": 6, "Plans": [{"Node Type": "Bitmap Index Scan", "Parent Relationship": "Outer", "Index Name": "role_type_pkey", "Startup Cost": 0.0, "Total Cost": 0.26, "Plan Rows": 1, "Plan Width": 0, "Actual Startup Time": 0.01, "Actual Total Time": 0.01, "Actual Rows": 6, "Actual Loops": 6, "Index Cond": "(id = ci.role_id)"}]}]}]}, "Triggers": [], "Planner Runtime": 30.658, "Total Runtime": 454.866, "Unique SQL Id": 3956435728}}, "(64, '20')": {"explain_plan": {"Plan": {"Node Type": "Aggregate", "Strategy": "Plain", "Startup Cost": 64890.38, "Total Cost": 64890.39, "Plan Rows": 1, "Plan Width": 97, "Plans": [{"Node Type": "Nested Loop", "Parent Relationship": "Outer", "Join Type": "Inner", "Startup Cost": 3369.54, "Total Cost": 64890.38, "Plan Rows": 1, "Plan Width": 33, "Inner Unique": true, "Plans": [{"Node Type": "Nested Loop", "Parent Relationship": "Outer", "Join Type": "Inner", "Startup Cost": 3369.54, "Total Cost": 64890.09, "Plan Rows": 1, "Plan Width": 37, "Inner Unique": true, "Plans": [{"Node Type": "Nested Loop", "Parent Relationship": "Outer", "Join Type": "Inner", "Startup Cost": 3369.54, "Total Cost": 64889.51, "Plan Rows": 1, "Plan Width": 45, "Inner Unique": true, "Plans": [{"Node Type": "Nested Loop", "Parent Relationship": "Outer", "Join Type": "Inner", "Startup Cost": 3369.54, "Total Cost": 64885.13, "Plan Rows": 1, "Plan Width": 49, "Inner Unique": false, "Plans": [{"Node Type": "Nested Loop", "Parent Relationship": "Outer", "Join Type": "Inner", "Startup Cost": 3369.54, "Total Cost": 64884.27, "Plan Rows": 1, "Plan Width": 29, "Inner Unique": false, "Join Filter": "(t.id = ci.movie_id)", "Plans": [{"Node Type": "Nested Loop", "Parent Relationship": "Outer", "Join Type": "Inner", "Startup Cost": 3369.54, "Total Cost": 64828.49, "Plan Rows": 2, "Plan Width": 29, "Inner Unique": false, "Plans": [{"Node Type": "Streaming(type: LOCAL GATHER dop: 1/64)", "Parent Relationship": "Outer", "Startup Cost": 3369.54, "Total Cost": 64334.52, "Plan Rows": 43, "Plan Width": 21, "Plans": [{"Node Type": "Seq Scan", "Parent Relationship": "Outer", "Relation Name": "title", "Alias": "t", "Startup Cost": 3369.54, "Total Cost": 64333.63, "Plan Rows": 43, "Plan Width": 21, "Filter": "((production_year >= 2006) AND (production_year <= 2007) AND (((title)::text ~~ 'One Piece%'::text) OR ((title)::text ~~ 'Dragon Ball Z%'::text)))"}]}, {"Node Type": "Index Scan", "Parent Relationship": "Inner", "Scan Direction": "Forward", "Index Name": "movie_id_movie_companies", "Relation Name": "movie_companies", "Alias": "mc", "Startup Cost": 0.0, "Total Cost": 11.48, "Plan Rows": 1, "Plan Width": 8, "Index Cond": "(movie_id = t.id)", "Filter": "(((note)::text ~~ '%(Japan)%'::text) AND ((note)::text !~~ '%(USA)%'::text) AND (((note)::text ~~ '%(2006)%'::text) OR ((note)::text ~~ '%(2007)%'::text)))"}]}, {"Node Type": "Index Scan", "Parent Relationship": "Inner", "Scan Direction": "Forward", "Index Name": "movie_id_cast_info", "Relation Name": "cast_info", "Alias": "ci", "Startup Cost": 0.0, "Total Cost": 27.88, "Plan Rows": 1, "Plan Width": 12, "Index Cond": "(movie_id = mc.movie_id)", "Filter": "((note)::text = '(voice: English version)'::text)"}]}, {"Node Type": "Index Scan", "Parent Relationship": "Inner", "Scan Direction": "Forward", "Index Name": "person_id_aka_name", "Relation Name": "aka_name", "Alias": "an", "Startup Cost": 0.0, "Total Cost": 0.84, "Plan Rows": 1, "Plan Width": 20, "Index Cond": "(person_id = ci.person_id)"}]}, {"Node Type": "Index Scan", "Parent Relationship": "Inner", "Scan Direction": "Forward", "Index Name": "company_name_pkey", "Relation Name": "company_name", "Alias": "cn", "Startup Cost": 0.0, "Total Cost": 4.37, "Plan Rows": 1, "Plan Width": 4, "Index Cond": "(id = mc.company_id)", "Filter": "((country_code)::text = '[jp]'::text)"}]}, {"Node Type": "Index Scan", "Parent Relationship": "Inner", "Scan Direction": "Forward", "Index Name": "name_pkey", "Relation Name": "name", "Alias": "n", "Startup Cost": 0.0, "Total Cost": 0.57, "Plan Rows": 1, "Plan Width": 4, "Index Cond": "(id = an.person_id)", "Filter": "(((name)::text ~~ '%Yo%'::text) AND ((name)::text !~~ '%Yu%'::text))"}]}, {"Node Type": "Index Scan", "Parent Relationship": "Inner", "Scan Direction": "Forward", "Index Name": "role_type_pkey", "Relation Name": "role_type", "Alias": "rt", "Startup Cost": 0.0, "Total Cost": 0.27, "Plan Rows": 1, "Plan Width": 4, "Index Cond": "(id = ci.role_id)", "Filter": "((role)::text = 'actress'::text)"}]}]}, "Unique SQL Id": 3956435728, "Planner Runtime": 22}, "explain_analyze_plan": {"Plan": {"Node Type": "Aggregate", "Strategy": "Plain", "Startup Cost": 64890.38, "Total Cost": 64890.39, "Plan Rows": 1, "Plan Width": 97, "Actual Min Startup Time": 129.95, "Actual Max Startup Time": 129.95, "Actual Min Total Time": 129.951, "Actual Max Total Time": 129.951, "Plans": [{"Node Type": "Nested Loop", "Parent Relationship": "Outer", "Join Type": "Inner", "Startup Cost": 3369.54, "Total Cost": 64890.38, "Plan Rows": 1, "Plan Width": 33, "Actual Min Startup Time": 82.756, "Actual Max Startup Time": 82.756, "Actual Min Total Time": 129.873, "Actual Max Total Time": 129.873, "Inner Unique": true, "Plans": [{"Node Type": "Nested Loop", "Parent Relationship": "Outer", "Join Type": "Inner", "Startup Cost": 3369.54, "Total Cost": 64890.09, "Plan Rows": 1, "Plan Width": 37, "Actual Min Startup Time": 82.738, "Actual Max Startup Time": 82.738, "Actual Min Total Time": 129.822, "Actual Max Total Time": 129.822, "Inner Unique": true, "Plans": [{"Node Type": "Nested Loop", "Parent Relationship": "Outer", "Join Type": "Inner", "Startup Cost": 3369.54, "Total Cost": 64889.51, "Plan Rows": 1, "Plan Width": 45, "Actual Min Startup Time": 81.529, "Actual Max Startup Time": 81.529, "Actual Min Total Time": 128.829, "Actual Max Total Time": 128.829, "Inner Unique": true, "Plans": [{"Node Type": "Nested Loop", "Parent Relationship": "Outer", "Join Type": "Inner", "Startup Cost": 3369.54, "Total Cost": 64885.13, "Plan Rows": 1, "Plan Width": 49, "Actual Min Startup Time": 81.496, "Actual Max Startup Time": 81.496, "Actual Min Total Time": 128.07, "Actual Max Total Time": 128.07, "Inner Unique": false, "Plans": [{"Node Type": "Nested Loop", "Parent Relationship": "Outer", "Join Type": "Inner", "Startup Cost": 3369.54, "Total Cost": 64884.27, "Plan Rows": 1, "Plan Width": 29, "Actual Min Startup Time": 81.476, "Actual Max Startup Time": 81.476, "Actual Min Total Time": 127.263, "Actual Max Total Time": 127.263, "Inner Unique": false, "Join Filter": "(t.id = ci.movie_id)", "Rows Removed by Join Filter": 0, "Plans": [{"Node Type": "Nested Loop", "Parent Relationship": "Outer", "Join Type": "Inner", "Startup Cost": 3369.54, "Total Cost": 64828.49, "Plan Rows": 2, "Plan Width": 29, "Actual Min Startup Time": 81.441, "Actual Max Startup Time": 81.441, "Actual Min Total Time": 126.75, "Actual Max Total Time": 126.75, "Inner Unique": false, "Plans": [{"Node Type": "Streaming(type: LOCAL GATHER dop: 1/64)", "Parent Relationship": "Outer", "Startup Cost": 3369.54, "Total Cost": 64334.52, "Plan Rows": 43, "Plan Width": 21, "Actual Min Startup Time": 81.336, "Actual Max Startup Time": 81.336, "Actual Min Total Time": 126.394, "Actual Max Total Time": 126.394, "Plans": [{"Node Type": "Seq Scan", "Parent Relationship": "Outer", "Relation Name": "title", "Alias": "t", "Startup Cost": 3369.54, "Total Cost": 64333.63, "Plan Rows": 43, "Plan Width": 21, "Actual Min Startup Time": 11.827, "Actual Max Startup Time": 38.588, "Actual Min Total Time": 14.967, "Actual Max Total Time": 38.588, "Filter": "((production_year >= 2006) AND (production_year <= 2007) AND (((title)::text ~~ 'One Piece%'::text) OR ((title)::text ~~ 'Dragon Ball Z%'::text)))", "Rows Removed by Filter": 2528304, "Actual Rows": 7}], "Actual Rows": 7}, {"Node Type": "Index Scan", "Parent Relationship": "Inner", "Scan Direction": "Forward", "Index Name": "movie_id_movie_companies", "Relation Name": "movie_companies", "Alias": "mc", "Startup Cost": 0.0, "Total Cost": 11.48, "Plan Rows": 1, "Plan Width": 8, "Actual Min Startup Time": 0.272, "Actual Max Startup Time": 0.272, "Actual Min Total Time": 0.284, "Actual Max Total Time": 0.284, "Index Cond": "(movie_id = t.id)", "Rows Removed by Index Recheck": 0, "Filter": "(((note)::text ~~ '%(Japan)%'::text) AND ((note)::text !~~ '%(USA)%'::text) AND (((note)::text ~~ '%(2006)%'::text) OR ((note)::text ~~ '%(2007)%'::text)))", "Rows Removed by Filter": 13, "Actual Rows": 4}], "Actual Rows": 4}, {"Node Type": "Index Scan", "Parent Relationship": "Inner", "Scan Direction": "Forward", "Index Name": "movie_id_cast_info", "Relation Name": "cast_info", "Alias": "ci", "Startup Cost": 0.0, "Total Cost": 27.88, "Plan Rows": 1, "Plan Width": 12, "Actual Min Startup Time": 0.149, "Actual Max Startup Time": 0.149, "Actual Min Total Time": 0.418, "Actual Max Total Time": 0.418, "Index Cond": "(movie_id = mc.movie_id)", "Rows Removed by Index Recheck": 0, "Filter": "((note)::text = '(voice: English version)'::text)", "Rows Removed by Filter": 68, "Actual Rows": 104}], "Actual Rows": 104}, {"Node Type": "Index Scan", "Parent Relationship": "Inner", "Scan Direction": "Forward", "Index Name": "person_id_aka_name", "Relation Name": "aka_name", "Alias": "an", "Startup Cost": 0.0, "Total Cost": 0.84, "Plan Rows": 1, "Plan Width": 20, "Actual Min Startup Time": 0.573, "Actual Max Startup Time": 0.573, "Actual Min Total Time": 0.686, "Actual Max Total Time": 0.686, "Index Cond": "(person_id = ci.person_id)", "Rows Removed by Index Recheck": 0, "Actual Rows": 171}], "Actual Rows": 171}, {"Node Type": "Index Scan", "Parent Relationship": "Inner", "Scan Direction": "Forward", "Index Name": "company_name_pkey", "Relation Name": "company_name", "Alias": "cn", "Startup Cost": 0.0, "Total Cost": 4.37, "Plan Rows": 1, "Plan Width": 4, "Actual Min Startup Time": 0.589, "Actual Max Startup Time": 0.589, "Actual Min Total Time": 0.589, "Actual Max Total Time": 0.589, "Index Cond": "(id = mc.company_id)", "Rows Removed by Index Recheck": 0, "Filter": "((country_code)::text = '[jp]'::text)", "Rows Removed by Filter": 0, "Actual Rows": 171}], "Actual Rows": 171}, {"Node Type": "Index Scan", "Parent Relationship": "Inner", "Scan Direction": "Forward", "Index Name": "name_pkey", "Relation Name": "name", "Alias": "n", "Startup Cost": 0.0, "Total Cost": 0.57, "Plan Rows": 1, "Plan Width": 4, "Actual Min Startup Time": 0.882, "Actual Max Startup Time": 0.882, "Actual Min Total Time": 0.882, "Actual Max Total Time": 0.882, "Index Cond": "(id = an.person_id)", "Rows Removed by Index Recheck": 0, "Filter": "(((name)::text ~~ '%Yo%'::text) AND ((name)::text !~~ '%Yu%'::text))", "Rows Removed by Filter": 165, "Actual Rows": 6}], "Actual Rows": 6}, {"Node Type": "Index Scan", "Parent Relationship": "Inner", "Scan Direction": "Forward", "Index Name": "role_type_pkey", "Relation Name": "role_type", "Alias": "rt", "Startup Cost": 0.0, "Total Cost": 0.27, "Plan Rows": 1, "Plan Width": 4, "Actual Min Startup Time": 0.03, "Actual Max Startup Time": 0.03, "Actual Min Total Time": 0.03, "Actual Max Total Time": 0.03, "Index Cond": "(id = ci.role_id)", "Rows Removed by Index Recheck": 0, "Filter": "((role)::text = 'actress'::text)", "Rows Removed by Filter": 0, "Actual Rows": 6}], "Actual Rows": 6}], "Actual Rows": 1}, "Triggers": [], "Planner Runtime": 31.722, "Total Runtime": 142.327, "Unique SQL Id": 3956435728}}, "(64, '21')": {"explain_plan": {"Plan": {"Node Type": "Aggregate", "Strategy": "Plain", "Startup Cost": 82294.12, "Total Cost": 82294.13, "Plan Rows": 1, "Plan Width": 97, "Plans": [{"Node Type": "Nested Loop", "Parent Relationship": "Outer", "Join Type": "Inner", "Startup Cost": 2780.8, "Total Cost": 82294.12, "Plan Rows": 1, "Plan Width": 33, "Inner Unique": true, "Plans": [{"Node Type": "Nested Loop", "Parent Relationship": "Outer", "Join Type": "Inner", "Startup Cost": 2780.8, "Total Cost": 82293.84, "Plan Rows": 1, "Plan Width": 37, "Inner Unique": true, "Plans": [{"Node Type": "Nested Loop", "Parent Relationship": "Outer", "Join Type": "Inner", "Startup Cost": 2780.8, "Total Cost": 82293.26, "Plan Rows": 1, "Plan Width": 45, "Inner Unique": false, "Plans": [{"Node Type": "Nested Loop", "Parent Relationship": "Outer", "Join Type": "Inner", "Startup Cost": 2780.8, "Total Cost": 82292.4, "Plan Rows": 1, "Plan Width": 25, "Inner Unique": false, "Join Filter": "(t.id = ci.movie_id)", "Plans": [{"Node Type": "Nested Loop", "Parent Relationship": "Outer", "Join Type": "Inner", "Startup Cost": 2780.8, "Total Cost": 82236.62, "Plan Rows": 2, "Plan Width": 25, "Inner Unique": true, "Plans": [{"Node Type": "Nested Loop", "Parent Relationship": "Outer", "Join Type": "Inner", "Startup Cost": 2780.8, "Total Cost": 80174.39, "Plan Rows": 262, "Plan Width": 4, "Inner Unique": false, "Plans": [{"Node Type": "Bitmap Heap Scan", "Parent Relationship": "Outer", "Relation Name": "company_name", "Alias": "cn", "Startup Cost": 2780.8, "Total Cost": 8684.25, "Plan Rows": 6290, "Plan Width": 4, "Filter": "((country_code)::text = '[jp]'::text)", "Plans": [{"Node Type": "Bitmap Index Scan", "Parent Relationship": "Outer", "Index Name": "company_name_pkey", "Startup Cost": 0.0, "Total Cost": 2779.23, "Plan Rows": 234996, "Plan Width": 0}]}, {"Node Type": "Index Scan", "Parent Relationship": "Inner", "Scan Direction": "Forward", "Index Name": "company_id_movie_companies", "Relation Name": "movie_companies", "Alias": "mc", "Startup Cost": 0.0, "Total Cost": 11.36, "Plan Rows": 1, "Plan Width": 8, "Index Cond": "(company_id = cn.id)", "Filter": "(((note)::text ~~ '%(Japan)%'::text) AND ((note)::text !~~ '%(USA)%'::text) AND (((note)::text ~~ '%(2006)%'::text) OR ((note)::text ~~ '%(2007)%'::text)))"}]}, {"Node Type": "Index Scan", "Parent Relationship": "Inner", "Scan Direction": "Forward", "Index Name": "title_pkey", "Relation Name": "title", "Alias": "t", "Startup Cost": 0.0, "Total Cost": 7.86, "Plan Rows": 1, "Plan Width": 21, "Index Cond": "(id = mc.movie_id)", "Filter": "((production_year >= 2006) AND (production_year <= 2007) AND (((title)::text ~~ 'One Piece%'::text) OR ((title)::text ~~ 'Dragon Ball Z%'::text)))"}]}, {"Node Type": "Index Scan", "Parent Relationship": "Inner", "Scan Direction": "Forward", "Index Name": "movie_id_cast_info", "Relation Name": "cast_info", "Alias": "ci", "Startup Cost": 0.0, "Total Cost": 27.88, "Plan Rows": 1, "Plan Width": 12, "Index Cond": "(movie_id = mc.movie_id)", "Filter": "((note)::text = '(voice: English version)'::text)"}]}, {"Node Type": "Index Scan", "Parent Relationship": "Inner", "Scan Direction": "Forward", "Index Name": "person_id_aka_name", "Relation Name": "aka_name", "Alias": "an", "Startup Cost": 0.0, "Total Cost": 0.84, "Plan Rows": 1, "Plan Width": 20, "Index Cond": "(person_id = ci.person_id)"}]}, {"Node Type": "Index Scan", "Parent Relationship": "Inner", "Scan Direction": "Forward", "Index Name": "name_pkey", "Relation Name": "name", "Alias": "n", "Startup Cost": 0.0, "Total Cost": 0.57, "Plan Rows": 1, "Plan Width": 4, "Index Cond": "(id = an.person_id)", "Filter": "(((name)::text ~~ '%Yo%'::text) AND ((name)::text !~~ '%Yu%'::text))"}]}, {"Node Type": "Index Scan", "Parent Relationship": "Inner", "Scan Direction": "Forward", "Index Name": "role_type_pkey", "Relation Name": "role_type", "Alias": "rt", "Startup Cost": 0.0, "Total Cost": 0.27, "Plan Rows": 1, "Plan Width": 4, "Index Cond": "(id = ci.role_id)", "Filter": "((role)::text = 'actress'::text)"}]}]}, "Unique SQL Id": 3956435728, "Planner Runtime": 21}, "explain_analyze_plan": null}, "(64, '22')": {"explain_plan": {"Plan": {"Node Type": "Aggregate", "Strategy": "Plain", "Startup Cost": 64933.13, "Total Cost": 64933.14, "Plan Rows": 1, "Plan Width": 97, "Plans": [{"Node Type": "Nested Loop", "Parent Relationship": "Outer", "Join Type": "Inner", "Startup Cost": 3380.01, "Total Cost": 64933.12, "Plan Rows": 1, "Plan Width": 33, "Inner Unique": true, "Join Filter": "(ci.role_id = rt.id)", "Plans": [{"Node Type": "Nested Loop", "Parent Relationship": "Outer", "Join Type": "Inner", "Startup Cost": 3380.01, "Total Cost": 64931.96, "Plan Rows": 1, "Plan Width": 37, "Inner Unique": true, "Plans": [{"Node Type": "Nested Loop", "Parent Relationship": "Outer", "Join Type": "Inner", "Startup Cost": 3379.69, "Total Cost": 64927.61, "Plan Rows": 1, "Plan Width": 45, "Inner Unique": true, "Plans": [{"Node Type": "Nested Loop", "Parent Relationship": "Outer", "Join Type": "Inner", "Startup Cost": 3378.46, "Total Cost": 64922.35, "Plan Rows": 1, "Plan Width": 49, "Inner Unique": false, "Plans": [{"Node Type": "Nested Loop", "Parent Relationship": "Outer", "Join Type": "Inner", "Startup Cost": 3378.08, "Total Cost": 64917.95, "Plan Rows": 1, "Plan Width": 29, "Inner Unique": false, "Join Filter": "(t.id = ci.movie_id)", "Plans": [{"Node Type": "Nested Loop", "Parent Relationship": "Outer", "Join Type": "Inner", "Startup Cost": 3373.8, "Total Cost": 64861.38, "Plan Rows": 2, "Plan Width": 29, "Inner Unique": false, "Plans": [{"Node Type": "Streaming(type: LOCAL GATHER dop: 1/64)", "Parent Relationship": "Outer", "Startup Cost": 3369.54, "Total Cost": 64334.52, "Plan Rows": 43, "Plan Width": 21, "Plans": [{"Node Type": "Seq Scan", "Parent Relationship": "Outer", "Relation Name": "title", "Alias": "t", "Startup Cost": 3369.54, "Total Cost": 64333.63, "Plan Rows": 43, "Plan Width": 21, "Filter": "((production_year >= 2006) AND (production_year <= 2007) AND (((title)::text ~~ 'One Piece%'::text) OR ((title)::text ~~ 'Dragon Ball Z%'::text)))"}]}, {"Node Type": "Bitmap Heap Scan", "Parent Relationship": "Inner", "Relation Name": "movie_companies", "Alias": "mc", "Startup Cost": 4.27, "Total Cost": 12.24, "Plan Rows": 1, "Plan Width": 8, "Recheck Cond": "(movie_id = t.id)", "Filter": "(((note)::text ~~ '%(Japan)%'::text) AND ((note)::text !~~ '%(USA)%'::text) AND (((note)::text ~~ '%(2006)%'::text) OR ((note)::text ~~ '%(2007)%'::text)))", "Plans": [{"Node Type": "Bitmap Index Scan", "Parent Relationship": "Outer", "Index Name": "movie_id_movie_companies", "Startup Cost": 0.0, "Total Cost": 4.26, "Plan Rows": 2, "Plan Width": 0, "Index Cond": "(movie_id = t.id)"}]}]}, {"Node Type": "Bitmap Heap Scan", "Parent Relationship": "Inner", "Relation Name": "cast_info", "Alias": "ci", "Startup Cost": 4.27, "Total Cost": 28.27, "Plan Rows": 1, "Plan Width": 12, "Recheck Cond": "(movie_id = mc.movie_id)", "Filter": "((note)::text = '(voice: English version)'::text)", "Plans": [{"Node Type": "Bitmap Index Scan", "Parent Relationship": "Outer", "Index Name": "movie_id_cast_info", "Startup Cost": 0.0, "Total Cost": 4.27, "Plan Rows": 6, "Plan Width": 0, "Index Cond": "(movie_id = mc.movie_id)"}]}]}, {"Node Type": "Bitmap Heap Scan", "Parent Relationship": "Inner", "Relation Name": "aka_name", "Alias": "an", "Startup Cost": 0.38, "Total Cost": 4.39, "Plan Rows": 1, "Plan Width": 20, "Recheck Cond": "(person_id = ci.person_id)", "Plans": [{"Node Type": "Bitmap Index Scan", "Parent Relationship": "Outer", "Index Name": "person_id_aka_name", "Startup Cost": 0.0, "Total Cost": 0.38, "Plan Rows": 1, "Plan Width": 0, "Index Cond": "(person_id = ci.person_id)"}]}]}, {"Node Type": "Bitmap Heap Scan", "Parent Relationship": "Inner", "Relation Name": "company_name", "Alias": "cn", "Startup Cost": 1.23, "Total Cost": 5.24, "Plan Rows": 1, "Plan Width": 4, "Recheck Cond": "(id = mc.company_id)", "Filter": "((country_code)::text = '[jp]'::text)", "Plans": [{"Node Type": "Bitmap Index Scan", "Parent Relationship": "Outer", "Index Name": "company_name_pkey", "Startup Cost": 0.0, "Total Cost": 1.23, "Plan Rows": 1, "Plan Width": 0, "Index Cond": "(id = mc.company_id)"}]}]}, {"Node Type": "Bitmap Heap Scan", "Parent Relationship": "Inner", "Relation Name": "name", "Alias": "n", "Startup Cost": 0.33, "Total Cost": 4.34, "Plan Rows": 1, "Plan Width": 4, "Recheck Cond": "(id = an.person_id)", "Filter": "(((name)::text ~~ '%Yo%'::text) AND ((name)::text !~~ '%Yu%'::text))", "Plans": [{"Node Type": "Bitmap Index Scan", "Parent Relationship": "Outer", "Index Name": "name_pkey", "Startup Cost": 0.0, "Total Cost": 0.33, "Plan Rows": 1, "Plan Width": 0, "Index Cond": "(id = an.person_id)"}]}]}, {"Node Type": "Seq Scan", "Parent Relationship": "Inner", "Relation Name": "role_type", "Alias": "rt", "Startup Cost": 0.0, "Total Cost": 1.15, "Plan Rows": 1, "Plan Width": 4, "Filter": "((role)::text = 'actress'::text)"}]}]}, "Unique SQL Id": 3956435728, "Planner Runtime": 32}, "explain_analyze_plan": {"Plan": {"Node Type": "Aggregate", "Strategy": "Plain", "Startup Cost": 64933.13, "Total Cost": 64933.14, "Plan Rows": 1, "Plan Width": 97, "Actual Min Startup Time": 156.871, "Actual Max Startup Time": 156.871, "Actual Min Total Time": 156.872, "Actual Max Total Time": 156.872, "Plans": [{"Node Type": "Nested Loop", "Parent Relationship": "Outer", "Join Type": "Inner", "Startup Cost": 3380.01, "Total Cost": 64933.12, "Plan Rows": 1, "Plan Width": 33, "Actual Min Startup Time": 132.628, "Actual Max Startup Time": 132.628, "Actual Min Total Time": 156.809, "Actual Max Total Time": 156.809, "Inner Unique": true, "Join Filter": "(ci.role_id = rt.id)", "Rows Removed by Join Filter": 0, "Plans": [{"Node Type": "Nested Loop", "Parent Relationship": "Outer", "Join Type": "Inner", "Startup Cost": 3380.01, "Total Cost": 64931.96, "Plan Rows": 1, "Plan Width": 37, "Actual Min Startup Time": 132.608, "Actual Max Startup Time": 132.608, "Actual Min Total Time": 156.755, "Actual Max Total Time": 156.755, "Inner Unique": true, "Plans": [{"Node Type": "Nested Loop", "Parent Relationship": "Outer", "Join Type": "Inner", "Startup Cost": 3379.69, "Total Cost": 64927.61, "Plan Rows": 1, "Plan Width": 45, "Actual Min Startup Time": 131.505, "Actual Max Startup Time": 131.505, "Actual Min Total Time": 155.6, "Actual Max Total Time": 155.6, "Inner Unique": true, "Plans": [{"Node Type": "Nested Loop", "Parent Relationship": "Outer", "Join Type": "Inner", "Startup Cost": 3378.46, "Total Cost": 64922.35, "Plan Rows": 1, "Plan Width": 49, "Actual Min Startup Time": 131.484, "Actual Max Startup Time": 131.484, "Actual Min Total Time": 154.653, "Actual Max Total Time": 154.653, "Inner Unique": false, "Plans": [{"Node Type": "Nested Loop", "Parent Relationship": "Outer", "Join Type": "Inner", "Startup Cost": 3378.08, "Total Cost": 64917.95, "Plan Rows": 1, "Plan Width": 29, "Actual Min Startup Time": 131.456, "Actual Max Startup Time": 131.456, "Actual Min Total Time": 153.642, "Actual Max Total Time": 153.642, "Inner Unique": false, "Join Filter": "(t.id = ci.movie_id)", "Rows Removed by Join Filter": 0, "Plans": [{"Node Type": "Nested Loop", "Parent Relationship": "Outer", "Join Type": "Inner", "Startup Cost": 3373.8, "Total Cost": 64861.38, "Plan Rows": 2, "Plan Width": 29, "Actual Min Startup Time": 130.603, "Actual Max Startup Time": 130.603, "Actual Min Total Time": 153.108, "Actual Max Total Time": 153.108, "Inner Unique": false, "Plans": [{"Node Type": "Streaming(type: LOCAL GATHER dop: 1/64)", "Parent Relationship": "Outer", "Startup Cost": 3369.54, "Total Cost": 64334.52, "Plan Rows": 43, "Plan Width": 21, "Actual Min Startup Time": 123.928, "Actual Max Startup Time": 123.928, "Actual Min Total Time": 152.691, "Actual Max Total Time": 152.691, "Plans": [{"Node Type": "Seq Scan", "Parent Relationship": "Outer", "Relation Name": "title", "Alias": "t", "Startup Cost": 3369.54, "Total Cost": 64333.63, "Plan Rows": 43, "Plan Width": 21, "Actual Min Startup Time": 11.76, "Actual Max Startup Time": 34.023, "Actual Min Total Time": 14.755, "Actual Max Total Time": 34.023, "Filter": "((production_year >= 2006) AND (production_year <= 2007) AND (((title)::text ~~ 'One Piece%'::text) OR ((title)::text ~~ 'Dragon Ball Z%'::text)))", "Rows Removed by Filter": 2528304, "Actual Rows": 7}], "Actual Rows": 7}, {"Node Type": "Bitmap Heap Scan", "Parent Relationship": "Inner", "Relation Name": "movie_companies", "Alias": "mc", "Startup Cost": 4.27, "Total Cost": 12.24, "Plan Rows": 1, "Plan Width": 8, "Actual Min Startup Time": 0.327, "Actual Max Startup Time": 0.327, "Actual Min Total Time": 0.337, "Actual Max Total Time": 0.337, "Recheck Cond": "(movie_id = t.id)", "Rows Removed by Index Recheck": 0, "Filter": "(((note)::text ~~ '%(Japan)%'::text) AND ((note)::text !~~ '%(USA)%'::text) AND (((note)::text ~~ '%(2006)%'::text) OR ((note)::text ~~ '%(2007)%'::text)))", "Rows Removed by Filter": 13, "Exact Heap Blocks": 13, "Lossy Heap Blocks": 13, "Plans": [{"Node Type": "Bitmap Index Scan", "Parent Relationship": "Outer", "Index Name": "movie_id_movie_companies", "Startup Cost": 0.0, "Total Cost": 4.26, "Plan Rows": 2, "Plan Width": 0, "Actual Min Startup Time": 0.16, "Actual Max Startup Time": 0.16, "Actual Min Total Time": 0.16, "Actual Max Total Time": 0.16, "Index Cond": "(movie_id = t.id)", "Actual Rows": 17}], "Actual Rows": 4}], "Actual Rows": 4}, {"Node Type": "Bitmap Heap Scan", "Parent Relationship": "Inner", "Relation Name": "cast_info", "Alias": "ci", "Startup Cost": 4.27, "Total Cost": 28.27, "Plan Rows": 1, "Plan Width": 12, "Actual Min Startup Time": 0.196, "Actual Max Startup Time": 0.196, "Actual Min Total Time": 0.463, "Actual Max Total Time": 0.463, "Recheck Cond": "(movie_id = mc.movie_id)", "Rows Removed by Index Recheck": 0, "Filter": "((note)::text = '(voice: English version)'::text)", "Rows Removed by Filter": 68, "Exact Heap Blocks": 133, "Lossy Heap Blocks": 133, "Plans": [{"Node Type": "Bitmap Index Scan", "Parent Relationship": "Outer", "Index Name": "movie_id_cast_info", "Startup Cost": 0.0, "Total Cost": 4.27, "Plan Rows": 6, "Plan Width": 0, "Actual Min Startup Time": 0.075, "Actual Max Startup Time": 0.075, "Actual Min Total Time": 0.075, "Actual Max Total Time": 0.075, "Index Cond": "(movie_id = mc.movie_id)", "Actual Rows": 172}], "Actual Rows": 104}], "Actual Rows": 104}, {"Node Type": "Bitmap Heap Scan", "Parent Relationship": "Inner", "Relation Name": "aka_name", "Alias": "an", "Startup Cost": 0.38, "Total Cost": 4.39, "Plan Rows": 1, "Plan Width": 20, "Actual Min Startup Time": 0.752, "Actual Max Startup Time": 0.752, "Actual Min Total Time": 0.827, "Actual Max Total Time": 0.827, "Recheck Cond": "(person_id = ci.person_id)", "Rows Removed by Index Recheck": 0, "Exact Heap Blocks": 105, "Lossy Heap Blocks": 105, "Plans": [{"Node Type": "Bitmap Index Scan", "Parent Relationship": "Outer", "Index Name": "person_id_aka_name", "Startup Cost": 0.0, "Total Cost": 0.38, "Plan Rows": 1, "Plan Width": 0, "Actual Min Startup Time": 0.529, "Actual Max Startup Time": 0.529, "Actual Min Total Time": 0.529, "Actual Max Total Time": 0.529, "Index Cond": "(person_id = ci.person_id)", "Actual Rows": 171}], "Actual Rows": 171}], "Actual Rows": 171}, {"Node Type": "Bitmap Heap Scan", "Parent Relationship": "Inner", "Relation Name": "company_name", "Alias": "cn", "Startup Cost": 1.23, "Total Cost": 5.24, "Plan Rows": 1, "Plan Width": 4, "Actual Min Startup Time": 0.704, "Actual Max Startup Time": 0.704, "Actual Min Total Time": 0.704, "Actual Max Total Time": 0.704, "Recheck Cond": "(id = mc.company_id)", "Rows Removed by Index Recheck": 0, "Filter": "((country_code)::text = '[jp]'::text)", "Rows Removed by Filter": 0, "Exact Heap Blocks": 171, "Lossy Heap Blocks": 171, "Plans": [{"Node Type": "Bitmap Index Scan", "Parent Relationship": "Outer", "Index Name": "company_name_pkey", "Startup Cost": 0.0, "Total Cost": 1.23, "Plan Rows": 1, "Plan Width": 0, "Actual Min Startup Time": 0.421, "Actual Max Startup Time": 0.421, "Actual Min Total Time": 0.421, "Actual Max Total Time": 0.421, "Index Cond": "(id = mc.company_id)", "Actual Rows": 171}], "Actual Rows": 171}], "Actual Rows": 171}, {"Node Type": "Bitmap Heap Scan", "Parent Relationship": "Inner", "Relation Name": "name", "Alias": "n", "Startup Cost": 0.33, "Total Cost": 4.34, "Plan Rows": 1, "Plan Width": 4, "Actual Min Startup Time": 0.954, "Actual Max Startup Time": 0.954, "Actual Min Total Time": 0.954, "Actual Max Total Time": 0.954, "Recheck Cond": "(id = an.person_id)", "Rows Removed by Index Recheck": 0, "Filter": "(((name)::text ~~ '%Yo%'::text) AND ((name)::text !~~ '%Yu%'::text))", "Rows Removed by Filter": 165, "Exact Heap Blocks": 171, "Lossy Heap Blocks": 171, "Plans": [{"Node Type": "Bitmap Index Scan", "Parent Relationship": "Outer", "Index Name": "name_pkey", "Startup Cost": 0.0, "Total Cost": 0.33, "Plan Rows": 1, "Plan Width": 0, "Actual Min Startup Time": 0.601, "Actual Max Startup Time": 0.601, "Actual Min Total Time": 0.601, "Actual Max Total Time": 0.601, "Index Cond": "(id = an.person_id)", "Actual Rows": 171}], "Actual Rows": 6}], "Actual Rows": 6}, {"Node Type": "Seq Scan", "Parent Relationship": "Inner", "Relation Name": "role_type", "Alias": "rt", "Startup Cost": 0.0, "Total Cost": 1.15, "Plan Rows": 1, "Plan Width": 4, "Actual Min Startup Time": 0.03, "Actual Max Startup Time": 0.03, "Actual Min Total Time": 0.03, "Actual Max Total Time": 0.03, "Filter": "((role)::text = 'actress'::text)", "Rows Removed by Filter": 6, "Actual Rows": 6}], "Actual Rows": 6}], "Actual Rows": 1}, "Triggers": [], "Planner Runtime": 43.476, "Total Runtime": 170.805, "Unique SQL Id": 3956435728}}, "(64, '23')": {"explain_plan": {"Plan": {"Node Type": "Aggregate", "Strategy": "Plain", "Startup Cost": 108949.86, "Total Cost": 108949.87, "Plan Rows": 1, "Plan Width": 97, "Plans": [{"Node Type": "Nested Loop", "Parent Relationship": "Outer", "Join Type": "Inner", "Startup Cost": 2793.35, "Total Cost": 108949.85, "Plan Rows": 1, "Plan Width": 33, "Inner Unique": true, "Plans": [{"Node Type": "Nested Loop", "Parent Relationship": "Outer", "Join Type": "Inner", "Startup Cost": 2793.09, "Total Cost": 108945.57, "Plan Rows": 1, "Plan Width": 37, "Inner Unique": true, "Plans": [{"Node Type": "Nested Loop", "Parent Relationship": "Outer", "Join Type": "Inner", "Startup Cost": 2792.76, "Total Cost": 108941.22, "Plan Rows": 1, "Plan Width": 45, "Inner Unique": false, "Plans": [{"Node Type": "Nested Loop", "Parent Relationship": "Outer", "Join Type": "Inner", "Startup Cost": 2792.38, "Total Cost": 108936.81, "Plan Rows": 1, "Plan Width": 25, "Inner Unique": false, "Join Filter": "(t.id = ci.movie_id)", "Plans": [{"Node Type": "Nested Loop", "Parent Relationship": "Outer", "Join Type": "Inner", "Startup Cost": 2788.11, "Total Cost": 108880.24, "Plan Rows": 2, "Plan Width": 25, "Inner Unique": true, "Plans": [{"Node Type": "Nested Loop", "Parent Relationship": "Outer", "Join Type": "Inner", "Startup Cost": 2784.18, "Total Cost": 106793.84, "Plan Rows": 262, "Plan Width": 4, "Inner Unique": false, "Plans": [{"Node Type": "Bitmap Heap Scan", "Parent Relationship": "Outer", "Relation Name": "company_name", "Alias": "cn", "Startup Cost": 2780.8, "Total Cost": 8684.25, "Plan Rows": 6290, "Plan Width": 4, "Filter": "((country_code)::text = '[jp]'::text)", "Plans": [{"Node Type": "Bitmap Index Scan", "Parent Relationship": "Outer", "Index Name": "company_name_pkey", "Startup Cost": 0.0, "Total Cost": 2779.23, "Plan Rows": 234996, "Plan Width": 0}]}, {"Node Type": "Bitmap Heap Scan", "Parent Relationship": "Inner", "Relation Name": "movie_companies", "Alias": "mc", "Startup Cost": 3.37, "Total Cost": 15.59, "Plan Rows": 1, "Plan Width": 8, "Recheck Cond": "(company_id = cn.id)", "Filter": "(((note)::text ~~ '%(Japan)%'::text) AND ((note)::text !~~ '%(USA)%'::text) AND (((note)::text ~~ '%(2006)%'::text) OR ((note)::text ~~ '%(2007)%'::text)))", "Plans": [{"Node Type": "Bitmap Index Scan", "Parent Relationship": "Outer", "Index Name": "company_id_movie_companies", "Startup Cost": 0.0, "Total Cost": 3.37, "Plan Rows": 15, "Plan Width": 0, "Index Cond": "(company_id = cn.id)"}]}]}, {"Node Type": "Bitmap Heap Scan", "Parent Relationship": "Inner", "Relation Name": "title", "Alias": "t", "Startup Cost": 3.93, "Total Cost": 7.95, "Plan Rows": 1, "Plan Width": 21, "Recheck Cond": "(id = mc.movie_id)", "Filter": "((production_year >= 2006) AND (production_year <= 2007) AND (((title)::text ~~ 'One Piece%'::text) OR ((title)::text ~~ 'Dragon Ball Z%'::text)))", "Plans": [{"Node Type": "Bitmap Index Scan", "Parent Relationship": "Outer", "Index Name": "title_pkey", "Startup Cost": 0.0, "Total Cost": 3.93, "Plan Rows": 1, "Plan Width": 0, "Index Cond": "(id = mc.movie_id)"}]}]}, {"Node Type": "Bitmap Heap Scan", "Parent Relationship": "Inner", "Relation Name": "cast_info", "Alias": "ci", "Startup Cost": 4.27, "Total Cost": 28.27, "Plan Rows": 1, "Plan Width": 12, "Recheck Cond": "(movie_id = mc.movie_id)", "Filter": "((note)::text = '(voice: English version)'::text)", "Plans": [{"Node Type": "Bitmap Index Scan", "Parent Relationship": "Outer", "Index Name": "movie_id_cast_info", "Startup Cost": 0.0, "Total Cost": 4.27, "Plan Rows": 6, "Plan Width": 0, "Index Cond": "(movie_id = mc.movie_id)"}]}]}, {"Node Type": "Bitmap Heap Scan", "Parent Relationship": "Inner", "Relation Name": "aka_name", "Alias": "an", "Startup Cost": 0.38, "Total Cost": 4.39, "Plan Rows": 1, "Plan Width": 20, "Recheck Cond": "(person_id = ci.person_id)", "Plans": [{"Node Type": "Bitmap Index Scan", "Parent Relationship": "Outer", "Index Name": "person_id_aka_name", "Startup Cost": 0.0, "Total Cost": 0.38, "Plan Rows": 1, "Plan Width": 0, "Index Cond": "(person_id = ci.person_id)"}]}]}, {"Node Type": "Bitmap Heap Scan", "Parent Relationship": "Inner", "Relation Name": "name", "Alias": "n", "Startup Cost": 0.33, "Total Cost": 4.34, "Plan Rows": 1, "Plan Width": 4, "Recheck Cond": "(id = an.person_id)", "Filter": "(((name)::text ~~ '%Yo%'::text) AND ((name)::text !~~ '%Yu%'::text))", "Plans": [{"Node Type": "Bitmap Index Scan", "Parent Relationship": "Outer", "Index Name": "name_pkey", "Startup Cost": 0.0, "Total Cost": 0.33, "Plan Rows": 1, "Plan Width": 0, "Index Cond": "(id = an.person_id)"}]}]}, {"Node Type": "Bitmap Heap Scan", "Parent Relationship": "Inner", "Relation Name": "role_type", "Alias": "rt", "Startup Cost": 0.26, "Total Cost": 4.27, "Plan Rows": 1, "Plan Width": 4, "Recheck Cond": "(id = ci.role_id)", "Filter": "((role)::text = 'actress'::text)", "Plans": [{"Node Type": "Bitmap Index Scan", "Parent Relationship": "Outer", "Index Name": "role_type_pkey", "Startup Cost": 0.0, "Total Cost": 0.26, "Plan Rows": 1, "Plan Width": 0, "Index Cond": "(id = ci.role_id)"}]}]}]}, "Unique SQL Id": 3956435728, "Planner Runtime": 27}, "explain_analyze_plan": {"Plan": {"Node Type": "Aggregate", "Strategy": "Plain", "Startup Cost": 108949.86, "Total Cost": 108949.87, "Plan Rows": 1, "Plan Width": 97, "Actual Startup Time": 454.404, "Actual Total Time": 454.405, "Actual Rows": 1, "Actual Loops": 1, "Plans": [{"Node Type": "Nested Loop", "Parent Relationship": "Outer", "Join Type": "Inner", "Startup Cost": 2793.35, "Total Cost": 108949.85, "Plan Rows": 1, "Plan Width": 33, "Actual Startup Time": 126.355, "Actual Total Time": 454.354, "Actual Rows": 6, "Actual Loops": 1, "Inner Unique": true, "Plans": [{"Node Type": "Nested Loop", "Parent Relationship": "Outer", "Join Type": "Inner", "Startup Cost": 2793.09, "Total Cost": 108945.57, "Plan Rows": 1, "Plan Width": 37, "Actual Startup Time": 126.34, "Actual Total Time": 454.31, "Actual Rows": 6, "Actual Loops": 1, "Inner Unique": true, "Plans": [{"Node Type": "Nested Loop", "Parent Relationship": "Outer", "Join Type": "Inner", "Startup Cost": 2792.76, "Total Cost": 108941.22, "Plan Rows": 1, "Plan Width": 45, "Actual Startup Time": 125.755, "Actual Total Time": 453.226, "Actual Rows": 171, "Actual Loops": 1, "Inner Unique": false, "Plans": [{"Node Type": "Nested Loop", "Parent Relationship": "Outer", "Join Type": "Inner", "Startup Cost": 2792.38, "Total Cost": 108936.81, "Plan Rows": 1, "Plan Width": 25, "Actual Startup Time": 125.731, "Actual Total Time": 452.322, "Actual Rows": 104, "Actual Loops": 1, "Inner Unique": false, "Join Filter": "(t.id = ci.movie_id)", "Rows Removed by Join Filter": 0, "Plans": [{"Node Type": "Nested Loop", "Parent Relationship": "Outer", "Join Type": "Inner", "Startup Cost": 2788.11, "Total Cost": 108880.24, "Plan Rows": 2, "Plan Width": 25, "Actual Startup Time": 125.673, "Actual Total Time": 451.843, "Actual Rows": 4, "Actual Loops": 1, "Inner Unique": true, "Plans": [{"Node Type": "Nested Loop", "Parent Relationship": "Outer", "Join Type": "Inner", "Startup Cost": 2784.18, "Total Cost": 106793.84, "Plan Rows": 262, "Plan Width": 4, "Actual Startup Time": 21.615, "Actual Total Time": 389.321, "Actual Rows": 8495, "Actual Loops": 1, "Inner Unique": false, "Plans": [{"Node Type": "Bitmap Heap Scan", "Parent Relationship": "Outer", "Relation Name": "company_name", "Alias": "cn", "Startup Cost": 2780.8, "Total Cost": 8684.25, "Plan Rows": 6290, "Plan Width": 4, "Actual Startup Time": 21.545, "Actual Total Time": 139.197, "Actual Rows": 6752, "Actual Loops": 1, "Filter": "((country_code)::text = '[jp]'::text)", "Rows Removed by Filter": 228244, "Exact Heap Blocks": 2966, "Lossy Heap Blocks": 2966, "Plans": [{"Node Type": "Bitmap Index Scan", "Parent Relationship": "Outer", "Index Name": "company_name_pkey", "Startup Cost": 0.0, "Total Cost": 2779.23, "Plan Rows": 234996, "Plan Width": 0, "Actual Startup Time": 21.066, "Actual Total Time": 21.066, "Actual Rows": 234996, "Actual Loops": 1}]}, {"Node Type": "Bitmap Heap Scan", "Parent Relationship": "Inner", "Relation Name": "movie_companies", "Alias": "mc", "Startup Cost": 3.37, "Total Cost": 15.59, "Plan Rows": 1, "Plan Width": 8, "Actual Startup Time": 134.789, "Actual Total Time": 238.582, "Actual Rows": 8495, "Actual Loops": 6752, "Recheck Cond": "(company_id = cn.id)", "Rows Removed by Index Recheck": 0, "Filter": "(((note)::text ~~ '%(Japan)%'::text) AND ((note)::text !~~ '%(USA)%'::text) AND (((note)::text ~~ '%(2006)%'::text) OR ((note)::text ~~ '%(2007)%'::text)))", "Rows Removed by Filter": 96500, "Exact Heap Blocks": 61861, "Lossy Heap Blocks": 61861, "Plans": [{"Node Type": "Bitmap Index Scan", "Parent Relationship": "Outer", "Index Name": "company_id_movie_companies", "Startup Cost": 0.0, "Total Cost": 3.37, "Plan Rows": 15, "Plan Width": 0, "Actual Startup Time": 52.102, "Actual Total Time": 52.102, "Actual Rows": 104995, "Actual Loops": 6752, "Index Cond": "(company_id = cn.id)"}]}]}, {"Node Type": "Bitmap Heap Scan", "Parent Relationship": "Inner", "Relation Name": "title", "Alias": "t", "Startup Cost": 3.93, "Total Cost": 7.95, "Plan Rows": 1, "Plan Width": 21, "Actual Startup Time": 52.556, "Actual Total Time": 52.556, "Actual Rows": 4, "Actual Loops": 8495, "Recheck Cond": "(id = mc.movie_id)", "Rows Removed by Index Recheck": 0, "Filter": "((production_year >= 2006) AND (production_year <= 2007) AND (((title)::text ~~ 'One Piece%'::text) OR ((title)::text ~~ 'Dragon Ball Z%'::text)))", "Rows Removed by Filter": 8491, "Exact Heap Blocks": 8495, "Lossy Heap Blocks": 8495, "Plans": [{"Node Type": "Bitmap Index Scan", "Parent Relationship": "Outer", "Index Name": "title_pkey", "Startup Cost": 0.0, "Total Cost": 3.93, "Plan Rows": 1, "Plan Width": 0, "Actual Startup Time": 25.939, "Actual Total Time": 25.939, "Actual Rows": 8495, "Actual Loops": 8495, "Index Cond": "(id = mc.movie_id)"}]}]}, {"Node Type": "Bitmap Heap Scan", "Parent Relationship": "Inner", "Relation Name": "cast_info", "Alias": "ci", "Startup Cost": 4.27, "Total Cost": 28.27, "Plan Rows": 1, "Plan Width": 12, "Actual Startup Time": 0.182, "Actual Total Time": 0.41, "Actual Rows": 104, "Actual Loops": 4, "Recheck Cond": "(movie_id = mc.movie_id)", "Rows Removed by Index Recheck": 0, "Filter": "((note)::text = '(voice: English version)'::text)", "Rows Removed by Filter": 68, "Exact Heap Blocks": 133, "Lossy Heap Blocks": 133, "Plans": [{"Node Type": "Bitmap Index Scan", "Parent Relationship": "Outer", "Index Name": "movie_id_cast_info", "Startup Cost": 0.0, "Total Cost": 4.27, "Plan Rows": 6, "Plan Width": 0, "Actual Startup Time": 0.058, "Actual Total Time": 0.058, "Actual Rows": 172, "Actual Loops": 4, "Index Cond": "(movie_id = mc.movie_id)"}]}]}, {"Node Type": "Bitmap Heap Scan", "Parent Relationship": "Inner", "Relation Name": "aka_name", "Alias": "an", "Startup Cost": 0.38, "Total Cost": 4.39, "Plan Rows": 1, "Plan Width": 20, "Actual Startup Time": 0.631, "Actual Total Time": 0.711, "Actual Rows": 171, "Actual Loops": 104, "Recheck Cond": "(person_id = ci.person_id)", "Rows Removed by Index Recheck": 0, "Exact Heap Blocks": 105, "Lossy Heap Blocks": 105, "Plans": [{"Node Type": "Bitmap Index Scan", "Parent Relationship": "Outer", "Index Name": "person_id_aka_name", "Startup Cost": 0.0, "Total Cost": 0.38, "Plan Rows": 1, "Plan Width": 0, "Actual Startup Time": 0.442, "Actual Total Time": 0.442, "Actual Rows": 171, "Actual Loops": 104, "Index Cond": "(person_id = ci.person_id)"}]}]}, {"Node Type": "Bitmap Heap Scan", "Parent Relationship": "Inner", "Relation Name": "name", "Alias": "n", "Startup Cost": 0.33, "Total Cost": 4.34, "Plan Rows": 1, "Plan Width": 4, "Actual Startup Time": 0.885, "Actual Total Time": 0.885, "Actual Rows": 6, "Actual Loops": 171, "Recheck Cond": "(id = an.person_id)", "Rows Removed by Index Recheck": 0, "Filter": "(((name)::text ~~ '%Yo%'::text) AND ((name)::text !~~ '%Yu%'::text))", "Rows Removed by Filter": 165, "Exact Heap Blocks": 171, "Lossy Heap Blocks": 171, "Plans": [{"Node Type": "Bitmap Index Scan", "Parent Relationship": "Outer", "Index Name": "name_pkey", "Startup Cost": 0.0, "Total Cost": 0.33, "Plan Rows": 1, "Plan Width": 0, "Actual Startup Time": 0.549, "Actual Total Time": 0.549, "Actual Rows": 171, "Actual Loops": 171, "Index Cond": "(id = an.person_id)"}]}]}, {"Node Type": "Bitmap Heap Scan", "Parent Relationship": "Inner", "Relation Name": "role_type", "Alias": "rt", "Startup Cost": 0.26, "Total Cost": 4.27, "Plan Rows": 1, "Plan Width": 4, "Actual Startup Time": 0.029, "Actual Total Time": 0.029, "Actual Rows": 6, "Actual Loops": 6, "Recheck Cond": "(id = ci.role_id)", "Rows Removed by Index Recheck": 0, "Filter": "((role)::text = 'actress'::text)", "Rows Removed by Filter": 0, "Exact Heap Blocks": 6, "Lossy Heap Blocks": 6, "Plans": [{"Node Type": "Bitmap Index Scan", "Parent Relationship": "Outer", "Index Name": "role_type_pkey", "Startup Cost": 0.0, "Total Cost": 0.26, "Plan Rows": 1, "Plan Width": 0, "Actual Startup Time": 0.01, "Actual Total Time": 0.01, "Actual Rows": 6, "Actual Loops": 6, "Index Cond": "(id = ci.role_id)"}]}]}]}, "Triggers": [], "Planner Runtime": 30.658, "Total Runtime": 454.866, "Unique SQL Id": 3956435728}}, "(64, '24')": {"explain_plan": {"Plan": {"Node Type": "Aggregate", "Strategy": "Plain", "Startup Cost": 64890.38, "Total Cost": 64890.39, "Plan Rows": 1, "Plan Width": 97, "Plans": [{"Node Type": "Nested Loop", "Parent Relationship": "Outer", "Join Type": "Inner", "Startup Cost": 3369.54, "Total Cost": 64890.38, "Plan Rows": 1, "Plan Width": 33, "Inner Unique": true, "Plans": [{"Node Type": "Nested Loop", "Parent Relationship": "Outer", "Join Type": "Inner", "Startup Cost": 3369.54, "Total Cost": 64890.09, "Plan Rows": 1, "Plan Width": 37, "Inner Unique": true, "Plans": [{"Node Type": "Nested Loop", "Parent Relationship": "Outer", "Join Type": "Inner", "Startup Cost": 3369.54, "Total Cost": 64889.51, "Plan Rows": 1, "Plan Width": 45, "Inner Unique": true, "Plans": [{"Node Type": "Nested Loop", "Parent Relationship": "Outer", "Join Type": "Inner", "Startup Cost": 3369.54, "Total Cost": 64885.13, "Plan Rows": 1, "Plan Width": 49, "Inner Unique": false, "Plans": [{"Node Type": "Nested Loop", "Parent Relationship": "Outer", "Join Type": "Inner", "Startup Cost": 3369.54, "Total Cost": 64884.27, "Plan Rows": 1, "Plan Width": 29, "Inner Unique": false, "Join Filter": "(t.id = ci.movie_id)", "Plans": [{"Node Type": "Nested Loop", "Parent Relationship": "Outer", "Join Type": "Inner", "Startup Cost": 3369.54, "Total Cost": 64828.49, "Plan Rows": 2, "Plan Width": 29, "Inner Unique": false, "Plans": [{"Node Type": "Streaming(type: LOCAL GATHER dop: 1/64)", "Parent Relationship": "Outer", "Startup Cost": 3369.54, "Total Cost": 64334.52, "Plan Rows": 43, "Plan Width": 21, "Plans": [{"Node Type": "Seq Scan", "Parent Relationship": "Outer", "Relation Name": "title", "Alias": "t", "Startup Cost": 3369.54, "Total Cost": 64333.63, "Plan Rows": 43, "Plan Width": 21, "Filter": "((production_year >= 2006) AND (production_year <= 2007) AND (((title)::text ~~ 'One Piece%'::text) OR ((title)::text ~~ 'Dragon Ball Z%'::text)))"}]}, {"Node Type": "Index Scan", "Parent Relationship": "Inner", "Scan Direction": "Forward", "Index Name": "movie_id_movie_companies", "Relation Name": "movie_companies", "Alias": "mc", "Startup Cost": 0.0, "Total Cost": 11.48, "Plan Rows": 1, "Plan Width": 8, "Index Cond": "(movie_id = t.id)", "Filter": "(((note)::text ~~ '%(Japan)%'::text) AND ((note)::text !~~ '%(USA)%'::text) AND (((note)::text ~~ '%(2006)%'::text) OR ((note)::text ~~ '%(2007)%'::text)))"}]}, {"Node Type": "Index Scan", "Parent Relationship": "Inner", "Scan Direction": "Forward", "Index Name": "movie_id_cast_info", "Relation Name": "cast_info", "Alias": "ci", "Startup Cost": 0.0, "Total Cost": 27.88, "Plan Rows": 1, "Plan Width": 12, "Index Cond": "(movie_id = mc.movie_id)", "Filter": "((note)::text = '(voice: English version)'::text)"}]}, {"Node Type": "Index Scan", "Parent Relationship": "Inner", "Scan Direction": "Forward", "Index Name": "person_id_aka_name", "Relation Name": "aka_name", "Alias": "an", "Startup Cost": 0.0, "Total Cost": 0.84, "Plan Rows": 1, "Plan Width": 20, "Index Cond": "(person_id = ci.person_id)"}]}, {"Node Type": "Index Scan", "Parent Relationship": "Inner", "Scan Direction": "Forward", "Index Name": "company_name_pkey", "Relation Name": "company_name", "Alias": "cn", "Startup Cost": 0.0, "Total Cost": 4.37, "Plan Rows": 1, "Plan Width": 4, "Index Cond": "(id = mc.company_id)", "Filter": "((country_code)::text = '[jp]'::text)"}]}, {"Node Type": "Index Scan", "Parent Relationship": "Inner", "Scan Direction": "Forward", "Index Name": "name_pkey", "Relation Name": "name", "Alias": "n", "Startup Cost": 0.0, "Total Cost": 0.57, "Plan Rows": 1, "Plan Width": 4, "Index Cond": "(id = an.person_id)", "Filter": "(((name)::text ~~ '%Yo%'::text) AND ((name)::text !~~ '%Yu%'::text))"}]}, {"Node Type": "Index Scan", "Parent Relationship": "Inner", "Scan Direction": "Forward", "Index Name": "role_type_pkey", "Relation Name": "role_type", "Alias": "rt", "Startup Cost": 0.0, "Total Cost": 0.27, "Plan Rows": 1, "Plan Width": 4, "Index Cond": "(id = ci.role_id)", "Filter": "((role)::text = 'actress'::text)"}]}]}, "Unique SQL Id": 3956435728, "Planner Runtime": 21}, "explain_analyze_plan": {"Plan": {"Node Type": "Aggregate", "Strategy": "Plain", "Startup Cost": 64890.38, "Total Cost": 64890.39, "Plan Rows": 1, "Plan Width": 97, "Actual Min Startup Time": 129.95, "Actual Max Startup Time": 129.95, "Actual Min Total Time": 129.951, "Actual Max Total Time": 129.951, "Plans": [{"Node Type": "Nested Loop", "Parent Relationship": "Outer", "Join Type": "Inner", "Startup Cost": 3369.54, "Total Cost": 64890.38, "Plan Rows": 1, "Plan Width": 33, "Actual Min Startup Time": 82.756, "Actual Max Startup Time": 82.756, "Actual Min Total Time": 129.873, "Actual Max Total Time": 129.873, "Inner Unique": true, "Plans": [{"Node Type": "Nested Loop", "Parent Relationship": "Outer", "Join Type": "Inner", "Startup Cost": 3369.54, "Total Cost": 64890.09, "Plan Rows": 1, "Plan Width": 37, "Actual Min Startup Time": 82.738, "Actual Max Startup Time": 82.738, "Actual Min Total Time": 129.822, "Actual Max Total Time": 129.822, "Inner Unique": true, "Plans": [{"Node Type": "Nested Loop", "Parent Relationship": "Outer", "Join Type": "Inner", "Startup Cost": 3369.54, "Total Cost": 64889.51, "Plan Rows": 1, "Plan Width": 45, "Actual Min Startup Time": 81.529, "Actual Max Startup Time": 81.529, "Actual Min Total Time": 128.829, "Actual Max Total Time": 128.829, "Inner Unique": true, "Plans": [{"Node Type": "Nested Loop", "Parent Relationship": "Outer", "Join Type": "Inner", "Startup Cost": 3369.54, "Total Cost": 64885.13, "Plan Rows": 1, "Plan Width": 49, "Actual Min Startup Time": 81.496, "Actual Max Startup Time": 81.496, "Actual Min Total Time": 128.07, "Actual Max Total Time": 128.07, "Inner Unique": false, "Plans": [{"Node Type": "Nested Loop", "Parent Relationship": "Outer", "Join Type": "Inner", "Startup Cost": 3369.54, "Total Cost": 64884.27, "Plan Rows": 1, "Plan Width": 29, "Actual Min Startup Time": 81.476, "Actual Max Startup Time": 81.476, "Actual Min Total Time": 127.263, "Actual Max Total Time": 127.263, "Inner Unique": false, "Join Filter": "(t.id = ci.movie_id)", "Rows Removed by Join Filter": 0, "Plans": [{"Node Type": "Nested Loop", "Parent Relationship": "Outer", "Join Type": "Inner", "Startup Cost": 3369.54, "Total Cost": 64828.49, "Plan Rows": 2, "Plan Width": 29, "Actual Min Startup Time": 81.441, "Actual Max Startup Time": 81.441, "Actual Min Total Time": 126.75, "Actual Max Total Time": 126.75, "Inner Unique": false, "Plans": [{"Node Type": "Streaming(type: LOCAL GATHER dop: 1/64)", "Parent Relationship": "Outer", "Startup Cost": 3369.54, "Total Cost": 64334.52, "Plan Rows": 43, "Plan Width": 21, "Actual Min Startup Time": 81.336, "Actual Max Startup Time": 81.336, "Actual Min Total Time": 126.394, "Actual Max Total Time": 126.394, "Plans": [{"Node Type": "Seq Scan", "Parent Relationship": "Outer", "Relation Name": "title", "Alias": "t", "Startup Cost": 3369.54, "Total Cost": 64333.63, "Plan Rows": 43, "Plan Width": 21, "Actual Min Startup Time": 11.827, "Actual Max Startup Time": 38.588, "Actual Min Total Time": 14.967, "Actual Max Total Time": 38.588, "Filter": "((production_year >= 2006) AND (production_year <= 2007) AND (((title)::text ~~ 'One Piece%'::text) OR ((title)::text ~~ 'Dragon Ball Z%'::text)))", "Rows Removed by Filter": 2528304, "Actual Rows": 7}], "Actual Rows": 7}, {"Node Type": "Index Scan", "Parent Relationship": "Inner", "Scan Direction": "Forward", "Index Name": "movie_id_movie_companies", "Relation Name": "movie_companies", "Alias": "mc", "Startup Cost": 0.0, "Total Cost": 11.48, "Plan Rows": 1, "Plan Width": 8, "Actual Min Startup Time": 0.272, "Actual Max Startup Time": 0.272, "Actual Min Total Time": 0.284, "Actual Max Total Time": 0.284, "Index Cond": "(movie_id = t.id)", "Rows Removed by Index Recheck": 0, "Filter": "(((note)::text ~~ '%(Japan)%'::text) AND ((note)::text !~~ '%(USA)%'::text) AND (((note)::text ~~ '%(2006)%'::text) OR ((note)::text ~~ '%(2007)%'::text)))", "Rows Removed by Filter": 13, "Actual Rows": 4}], "Actual Rows": 4}, {"Node Type": "Index Scan", "Parent Relationship": "Inner", "Scan Direction": "Forward", "Index Name": "movie_id_cast_info", "Relation Name": "cast_info", "Alias": "ci", "Startup Cost": 0.0, "Total Cost": 27.88, "Plan Rows": 1, "Plan Width": 12, "Actual Min Startup Time": 0.149, "Actual Max Startup Time": 0.149, "Actual Min Total Time": 0.418, "Actual Max Total Time": 0.418, "Index Cond": "(movie_id = mc.movie_id)", "Rows Removed by Index Recheck": 0, "Filter": "((note)::text = '(voice: English version)'::text)", "Rows Removed by Filter": 68, "Actual Rows": 104}], "Actual Rows": 104}, {"Node Type": "Index Scan", "Parent Relationship": "Inner", "Scan Direction": "Forward", "Index Name": "person_id_aka_name", "Relation Name": "aka_name", "Alias": "an", "Startup Cost": 0.0, "Total Cost": 0.84, "Plan Rows": 1, "Plan Width": 20, "Actual Min Startup Time": 0.573, "Actual Max Startup Time": 0.573, "Actual Min Total Time": 0.686, "Actual Max Total Time": 0.686, "Index Cond": "(person_id = ci.person_id)", "Rows Removed by Index Recheck": 0, "Actual Rows": 171}], "Actual Rows": 171}, {"Node Type": "Index Scan", "Parent Relationship": "Inner", "Scan Direction": "Forward", "Index Name": "company_name_pkey", "Relation Name": "company_name", "Alias": "cn", "Startup Cost": 0.0, "Total Cost": 4.37, "Plan Rows": 1, "Plan Width": 4, "Actual Min Startup Time": 0.589, "Actual Max Startup Time": 0.589, "Actual Min Total Time": 0.589, "Actual Max Total Time": 0.589, "Index Cond": "(id = mc.company_id)", "Rows Removed by Index Recheck": 0, "Filter": "((country_code)::text = '[jp]'::text)", "Rows Removed by Filter": 0, "Actual Rows": 171}], "Actual Rows": 171}, {"Node Type": "Index Scan", "Parent Relationship": "Inner", "Scan Direction": "Forward", "Index Name": "name_pkey", "Relation Name": "name", "Alias": "n", "Startup Cost": 0.0, "Total Cost": 0.57, "Plan Rows": 1, "Plan Width": 4, "Actual Min Startup Time": 0.882, "Actual Max Startup Time": 0.882, "Actual Min Total Time": 0.882, "Actual Max Total Time": 0.882, "Index Cond": "(id = an.person_id)", "Rows Removed by Index Recheck": 0, "Filter": "(((name)::text ~~ '%Yo%'::text) AND ((name)::text !~~ '%Yu%'::text))", "Rows Removed by Filter": 165, "Actual Rows": 6}], "Actual Rows": 6}, {"Node Type": "Index Scan", "Parent Relationship": "Inner", "Scan Direction": "Forward", "Index Name": "role_type_pkey", "Relation Name": "role_type", "Alias": "rt", "Startup Cost": 0.0, "Total Cost": 0.27, "Plan Rows": 1, "Plan Width": 4, "Actual Min Startup Time": 0.03, "Actual Max Startup Time": 0.03, "Actual Min Total Time": 0.03, "Actual Max Total Time": 0.03, "Index Cond": "(id = ci.role_id)", "Rows Removed by Index Recheck": 0, "Filter": "((role)::text = 'actress'::text)", "Rows Removed by Filter": 0, "Actual Rows": 6}], "Actual Rows": 6}], "Actual Rows": 1}, "Triggers": [], "Planner Runtime": 31.722, "Total Runtime": 142.327, "Unique SQL Id": 3956435728}}, "(64, '25')": {"explain_plan": {"Plan": {"Node Type": "Aggregate", "Strategy": "Plain", "Startup Cost": 84111.26, "Total Cost": 84111.27, "Plan Rows": 1, "Plan Width": 97, "Plans": [{"Node Type": "Nested Loop", "Parent Relationship": "Outer", "Join Type": "Inner", "Startup Cost": 0.0, "Total Cost": 84111.26, "Plan Rows": 1, "Plan Width": 33, "Inner Unique": true, "Plans": [{"Node Type": "Nested Loop", "Parent Relationship": "Outer", "Join Type": "Inner", "Startup Cost": 0.0, "Total Cost": 84110.97, "Plan Rows": 1, "Plan Width": 37, "Inner Unique": true, "Plans": [{"Node Type": "Nested Loop", "Parent Relationship": "Outer", "Join Type": "Inner", "Startup Cost": 0.0, "Total Cost": 84110.39, "Plan Rows": 1, "Plan Width": 45, "Inner Unique": false, "Plans": [{"Node Type": "Nested Loop", "Parent Relationship": "Outer", "Join Type": "Inner", "Startup Cost": 0.0, "Total Cost": 84109.54, "Plan Rows": 1, "Plan Width": 25, "Inner Unique": false, "Join Filter": "(t.id = ci.movie_id)", "Plans": [{"Node Type": "Nested Loop", "Parent Relationship": "Outer", "Join Type": "Inner", "Startup Cost": 0.0, "Total Cost": 84053.76, "Plan Rows": 2, "Plan Width": 25, "Inner Unique": true, "Plans": [{"Node Type": "Nested Loop", "Parent Relationship": "Outer", "Join Type": "Inner", "Startup Cost": 0.0, "Total Cost": 81991.53, "Plan Rows": 262, "Plan Width": 4, "Inner Unique": false, "Plans": [{"Node Type": "Index Scan", "Parent Relationship": "Outer", "Scan Direction": "Forward", "Index Name": "company_name_pkey", "Relation Name": "company_name", "Alias": "cn", "Startup Cost": 0.0, "Total Cost": 10501.39, "Plan Rows": 6290, "Plan Width": 4, "Filter": "((country_code)::text = '[jp]'::text)"}, {"Node Type": "Index Scan", "Parent Relationship": "Inner", "Scan Direction": "Forward", "Index Name": "company_id_movie_companies", "Relation Name": "movie_companies", "Alias": "mc", "Startup Cost": 0.0, "Total Cost": 11.36, "Plan Rows": 1, "Plan Width": 8, "Index Cond": "(company_id = cn.id)", "Filter": "(((note)::text ~~ '%(Japan)%'::text) AND ((note)::text !~~ '%(USA)%'::text) AND (((note)::text ~~ '%(2006)%'::text) OR ((note)::text ~~ '%(2007)%'::text)))"}]}, {"Node Type": "Index Scan", "Parent Relationship": "Inner", "Scan Direction": "Forward", "Index Name": "title_pkey", "Relation Name": "title", "Alias": "t", "Startup Cost": 0.0, "Total Cost": 7.86, "Plan Rows": 1, "Plan Width": 21, "Index Cond": "(id = mc.movie_id)", "Filter": "((production_year >= 2006) AND (production_year <= 2007) AND (((title)::text ~~ 'One Piece%'::text) OR ((title)::text ~~ 'Dragon Ball Z%'::text)))"}]}, {"Node Type": "Index Scan", "Parent Relationship": "Inner", "Scan Direction": "Forward", "Index Name": "movie_id_cast_info", "Relation Name": "cast_info", "Alias": "ci", "Startup Cost": 0.0, "Total Cost": 27.88, "Plan Rows": 1, "Plan Width": 12, "Index Cond": "(movie_id = mc.movie_id)", "Filter": "((note)::text = '(voice: English version)'::text)"}]}, {"Node Type": "Index Scan", "Parent Relationship": "Inner", "Scan Direction": "Forward", "Index Name": "person_id_aka_name", "Relation Name": "aka_name", "Alias": "an", "Startup Cost": 0.0, "Total Cost": 0.84, "Plan Rows": 1, "Plan Width": 20, "Index Cond": "(person_id = ci.person_id)"}]}, {"Node Type": "Index Scan", "Parent Relationship": "Inner", "Scan Direction": "Forward", "Index Name": "name_pkey", "Relation Name": "name", "Alias": "n", "Startup Cost": 0.0, "Total Cost": 0.57, "Plan Rows": 1, "Plan Width": 4, "Index Cond": "(id = an.person_id)", "Filter": "(((name)::text ~~ '%Yo%'::text) AND ((name)::text !~~ '%Yu%'::text))"}]}, {"Node Type": "Index Scan", "Parent Relationship": "Inner", "Scan Direction": "Forward", "Index Name": "role_type_pkey", "Relation Name": "role_type", "Alias": "rt", "Startup Cost": 0.0, "Total Cost": 0.27, "Plan Rows": 1, "Plan Width": 4, "Index Cond": "(id = ci.role_id)", "Filter": "((role)::text = 'actress'::text)"}]}]}, "Unique SQL Id": 3956435728, "Planner Runtime": 24}, "explain_analyze_plan": {"Plan": {"Node Type": "Aggregate", "Strategy": "Plain", "Startup Cost": 84111.26, "Total Cost": 84111.27, "Plan Rows": 1, "Plan Width": 97, "Actual Startup Time": 508.933, "Actual Total Time": 508.933, "Actual Rows": 1, "Actual Loops": 1, "Plans": [{"Node Type": "Nested Loop", "Parent Relationship": "Outer", "Join Type": "Inner", "Startup Cost": 0.0, "Total Cost": 84111.26, "Plan Rows": 1, "Plan Width": 33, "Actual Startup Time": 43.321, "Actual Total Time": 508.871, "Actual Rows": 6, "Actual Loops": 1, "Inner Unique": true, "Plans": [{"Node Type": "Nested Loop", "Parent Relationship": "Outer", "Join Type": "Inner", "Startup Cost": 0.0, "Total Cost": 84110.97, "Plan Rows": 1, "Plan Width": 37, "Actual Startup Time": 43.31, "Actual Total Time": 508.838, "Actual Rows": 6, "Actual Loops": 1, "Inner Unique": true, "Plans": [{"Node Type": "Nested Loop", "Parent Relationship": "Outer", "Join Type": "Inner", "Startup Cost": 0.0, "Total Cost": 84110.39, "Plan Rows": 1, "Plan Width": 45, "Actual Startup Time": 42.486, "Actual Total Time": 507.995, "Actual Rows": 171, "Actual Loops": 1, "Inner Unique": false, "Plans": [{"Node Type": "Nested Loop", "Parent Relationship": "Outer", "Join Type": "Inner", "Startup Cost": 0.0, "Total Cost": 84109.54, "Plan Rows": 1, "Plan Width": 25, "Actual Startup Time": 42.471, "Actual Total Time": 507.321, "Actual Rows": 104, "Actual Loops": 1, "Inner Unique": false, "Join Filter": "(t.id = ci.movie_id)", "Rows Removed by Join Filter": 0, "Plans": [{"Node Type": "Nested Loop", "Parent Relationship": "Outer", "Join Type": "Inner", "Startup Cost": 0.0, "Total Cost": 84053.76, "Plan Rows": 2, "Plan Width": 25, "Actual Startup Time": 42.377, "Actual Total Time": 506.931, "Actual Rows": 4, "Actual Loops": 1, "Inner Unique": true, "Plans": [{"Node Type": "Nested Loop", "Parent Relationship": "Outer", "Join Type": "Inner", "Startup Cost": 0.0, "Total Cost": 81991.53, "Plan Rows": 262, "Plan Width": 4, "Actual Startup Time": 0.202, "Actual Total Time": 458.712, "Actual Rows": 8495, "Actual Loops": 1, "Inner Unique": false, "Plans": [{"Node Type": "Index Scan", "Parent Relationship": "Outer", "Scan Direction": "Forward", "Index Name": "company_name_pkey", "Relation Name": "company_name", "Alias": "cn", "Startup Cost": 0.0, "Total Cost": 10501.39, "Plan Rows": 6290, "Plan Width": 4, "Actual Startup Time": 0.167, "Actual Total Time": 270.605, "Actual Rows": 6752, "Actual Loops": 1, "Filter": "((country_code)::text = '[jp]'::text)", "Rows Removed by Filter": 228244}, {"Node Type": "Index Scan", "Parent Relationship": "Inner", "Scan Direction": "Forward", "Index Name": "company_id_movie_companies", "Relation Name": "movie_companies", "Alias": "mc", "Startup Cost": 0.0, "Total Cost": 11.36, "Plan Rows": 1, "Plan Width": 8, "Actual Startup Time": 82.862, "Actual Total Time": 182.042, "Actual Rows": 8495, "Actual Loops": 6752, "Index Cond": "(company_id = cn.id)", "Rows Removed by Index Recheck": 0, "Filter": "(((note)::text ~~ '%(Japan)%'::text) AND ((note)::text !~~ '%(USA)%'::text) AND (((note)::text ~~ '%(2006)%'::text) OR ((note)::text ~~ '%(2007)%'::text)))", "Rows Removed by Filter": 96500}]}, {"Node Type": "Index Scan", "Parent Relationship": "Inner", "Scan Direction": "Forward", "Index Name": "title_pkey", "Relation Name": "title", "Alias": "t", "Startup Cost": 0.0, "Total Cost": 7.86, "Plan Rows": 1, "Plan Width": 21, "Actual Startup Time": 43.82, "Actual Total Time": 43.82, "Actual Rows": 4, "Actual Loops": 8495, "Index Cond": "(id = mc.movie_id)", "Rows Removed by Index Recheck": 0, "Filter": "((production_year >= 2006) AND (production_year <= 2007) AND (((title)::text ~~ 'One Piece%'::text) OR ((title)::text ~~ 'Dragon Ball Z%'::text)))", "Rows Removed by Filter": 8491}]}, {"Node Type": "Index Scan", "Parent Relationship": "Inner", "Scan Direction": "Forward", "Index Name": "movie_id_cast_info", "Relation Name": "cast_info", "Alias": "ci", "Startup Cost": 0.0, "Total Cost": 27.88, "Plan Rows": 1, "Plan Width": 12, "Actual Startup Time": 0.107, "Actual Total Time": 0.315, "Actual Rows": 104, "Actual Loops": 4, "Index Cond": "(movie_id = mc.movie_id)", "Rows Removed by Index Recheck": 0, "Filter": "((note)::text = '(voice: English version)'::text)", "Rows Removed by Filter": 68}]}, {"Node Type": "Index Scan", "Parent Relationship": "Inner", "Scan Direction": "Forward", "Index Name": "person_id_aka_name", "Relation Name": "aka_name", "Alias": "an", "Startup Cost": 0.0, "Total Cost": 0.84, "Plan Rows": 1, "Plan Width": 20, "Actual Startup Time": 0.474, "Actual Total Time": 0.579, "Actual Rows": 171, "Actual Loops": 104, "Index Cond": "(person_id = ci.person_id)", "Rows Removed by Index Recheck": 0}]}, {"Node Type": "Index Scan", "Parent Relationship": "Inner", "Scan Direction": "Forward", "Index Name": "name_pkey", "Relation Name": "name", "Alias": "n", "Startup Cost": 0.0, "Total Cost": 0.57, "Plan Rows": 1, "Plan Width": 4, "Actual Startup Time": 0.754, "Actual Total Time": 0.754, "Actual Rows": 6, "Actual Loops": 171, "Index Cond": "(id = an.person_id)", "Rows Removed by Index Recheck": 0, "Filter": "(((name)::text ~~ '%Yo%'::text) AND ((name)::text !~~ '%Yu%'::text))", "Rows Removed by Filter": 165}]}, {"Node Type": "Index Scan", "Parent Relationship": "Inner", "Scan Direction": "Forward", "Index Name": "role_type_pkey", "Relation Name": "role_type", "Alias": "rt", "Startup Cost": 0.0, "Total Cost": 0.27, "Plan Rows": 1, "Plan Width": 4, "Actual Startup Time": 0.021, "Actual Total Time": 0.021, "Actual Rows": 6, "Actual Loops": 6, "Index Cond": "(id = ci.role_id)", "Rows Removed by Index Recheck": 0, "Filter": "((role)::text = 'actress'::text)", "Rows Removed by Filter": 0}]}]}, "Triggers": [], "Planner Runtime": 28.465, "Total Runtime": 509.196, "Unique SQL Id": 3956435728}}, "(64, '26')": {"explain_plan": {"Plan": {"Node Type": "Aggregate", "Strategy": "Plain", "Startup Cost": 309181.44, "Total Cost": 309181.45, "Plan Rows": 1, "Plan Width": 97, "Plans": [{"Node Type": "Nested Loop", "Parent Relationship": "Outer", "Join Type": "Inner", "Startup Cost": 3369.54, "Total Cost": 309181.44, "Plan Rows": 1, "Plan Width": 33, "Inner Unique": true, "Join Filter": "(an.person_id = n.id)", "Plans": [{"Node Type": "Nested Loop", "Parent Relationship": "Outer", "Join Type": "Inner", "Startup Cost": 3369.54, "Total Cost": 243941.56, "Plan Rows": 1, "Plan Width": 41, "Inner Unique": true, "Join Filter": "(mc.company_id = cn.id)", "Plans": [{"Node Type": "Nested Loop", "Parent Relationship": "Outer", "Join Type": "Inner", "Startup Cost": 3369.54, "Total Cost": 237959.49, "Plan Rows": 1, "Plan Width": 45, "Inner Unique": false, "Join Filter": "(ci.person_id = an.person_id)", "Plans": [{"Node Type": "Nested Loop", "Parent Relationship": "Outer", "Join Type": "Inner", "Startup Cost": 3369.54, "Total Cost": 206784.29, "Plan Rows": 1, "Plan Width": 25, "Inner Unique": false, "Join Filter": "(ci.movie_id = t.id)", "Plans": [{"Node Type": "Nested Loop", "Parent Relationship": "Outer", "Join Type": "Inner", "Startup Cost": 0.0, "Total Cost": 77025.27, "Plan Rows": 8790, "Plan Width": 8, "Inner Unique": false, "Join Filter": "(ci.role_id = rt.id)", "Plans": [{"Node Type": "Seq Scan", "Parent Relationship": "Outer", "Relation Name": "role_type", "Alias": "rt", "Startup Cost": 0.0, "Total Cost": 1.15, "Plan Rows": 1, "Plan Width": 4, "Filter": "((role)::text = 'actress'::text)"}, {"Node Type": "Materialize", "Parent Relationship": "Inner", "Startup Cost": 0.0, "Total Cost": 76057.2, "Plan Rows": 96692, "Plan Width": 12, "Plans": [{"Node Type": "Streaming(type: LOCAL GATHER dop: 1/64)", "Parent Relationship": "Outer", "Startup Cost": 0.0, "Total Cost": 75815.47, "Plan Rows": 96692, "Plan Width": 12, "Plans": [{"Node Type": "Seq Scan", "Parent Relationship": "Outer", "Relation Name": "cast_info", "Alias": "ci", "Startup Cost": 0.0, "Total Cost": 73820.73, "Plan Rows": 96692, "Plan Width": 12, "Filter": "((note)::text = '(voice: English version)'::text)"}]}]}]}, {"Node Type": "Materialize", "Parent Relationship": "Inner", "Startup Cost": 3369.54, "Total Cost": 129495.32, "Plan Rows": 2, "Plan Width": 29, "Plans": [{"Node Type": "Nested Loop", "Parent Relationship": "Outer", "Join Type": "Inner", "Startup Cost": 3369.54, "Total Cost": 129495.31, "Plan Rows": 2, "Plan Width": 29, "Inner Unique": true, "Join Filter": "(mc.movie_id = t.id)", "Plans": [{"Node Type": "Streaming(type: LOCAL GATHER dop: 1/64)", "Parent Relationship": "Outer", "Startup Cost": 0.0, "Total Cost": 64095.15, "Plan Rows": 1652, "Plan Width": 8, "Plans": [{"Node Type": "Seq Scan", "Parent Relationship": "Outer", "Relation Name": "movie_companies", "Alias": "mc", "Startup Cost": 0.0, "Total Cost": 64061.07, "Plan Rows": 1652, "Plan Width": 8, "Filter": "(((note)::text ~~ '%(Japan)%'::text) AND ((note)::text !~~ '%(USA)%'::text) AND (((note)::text ~~ '%(2006)%'::text) OR ((note)::text ~~ '%(2007)%'::text)))"}]}, {"Node Type": "Materialize", "Parent Relationship": "Inner", "Startup Cost": 3369.54, "Total Cost": 64334.73, "Plan Rows": 43, "Plan Width": 21, "Plans": [{"Node Type": "Streaming(type: LOCAL GATHER dop: 1/64)", "Parent Relationship": "Outer", "Startup Cost": 3369.54, "Total Cost": 64334.52, "Plan Rows": 43, "Plan Width": 21, "Plans": [{"Node Type": "Seq Scan", "Parent Relationship": "Outer", "Relation Name": "title", "Alias": "t", "Startup Cost": 3369.54, "Total Cost": 64333.63, "Plan Rows": 43, "Plan Width": 21, "Filter": "((production_year >= 2006) AND (production_year <= 2007) AND (((title)::text ~~ 'One Piece%'::text) OR ((title)::text ~~ 'Dragon Ball Z%'::text)))"}]}]}]}]}]}, {"Node Type": "Seq Scan", "Parent Relationship": "Inner", "Relation Name": "aka_name", "Alias": "an", "Startup Cost": 0.0, "Total Cost": 19908.42, "Plan Rows": 901342, "Plan Width": 20}]}, {"Node Type": "Seq Scan", "Parent Relationship": "Inner", "Relation Name": "company_name", "Alias": "cn", "Startup Cost": 0.0, "Total Cost": 5903.45, "Plan Rows": 6290, "Plan Width": 4, "Filter": "((country_code)::text = '[jp]'::text)"}]}, {"Node Type": "Materialize", "Parent Relationship": "Inner", "Startup Cost": 0.0, "Total Cost": 65101.02, "Plan Rows": 13886, "Plan Width": 4, "Plans": [{"Node Type": "Streaming(type: LOCAL GATHER dop: 1/64)", "Parent Relationship": "Outer", "Startup Cost": 0.0, "Total Cost": 65066.3, "Plan Rows": 13886, "Plan Width": 4, "Plans": [{"Node Type": "Seq Scan", "Parent Relationship": "Outer", "Relation Name": "name", "Alias": "n", "Startup Cost": 0.0, "Total Cost": 64779.83, "Plan Rows": 13886, "Plan Width": 4, "Filter": "(((name)::text ~~ '%Yo%'::text) AND ((name)::text !~~ '%Yu%'::text))"}]}]}]}]}, "Unique SQL Id": 3956435728, "Planner Runtime": 25}, "explain_analyze_plan": null}, "(64, '27')": {"explain_plan": {"Plan": {"Node Type": "Aggregate", "Strategy": "Plain", "Startup Cost": 6721937474272.79, "Total Cost": 6721937474272.8, "Plan Rows": 1, "Plan Width": 97, "Plans": [{"Node Type": "Nested Loop", "Parent Relationship": "Outer", "Join Type": "Inner", "Startup Cost": 70051235465.84, "Total Cost": 6721937474272.78, "Plan Rows": 1, "Plan Width": 33, "Inner Unique": true, "Join Filter": "(ci.role_id = rt.id)", "Plans": [{"Node Type": "Nested Loop", "Parent Relationship": "Outer", "Join Type": "Inner", "Startup Cost": 60051235465.84, "Total Cost": 5721937473026.77, "Plan Rows": 1, "Plan Width": 37, "Inner Unique": true, "Plans": [{"Node Type": "Nested Loop", "Parent Relationship": "Outer", "Join Type": "Inner", "Startup Cost": 50051235465.84, "Total Cost": 4721937472589.34, "Plan Rows": 1, "Plan Width": 41, "Inner Unique": false, "Join Filter": "(t.id = ci.movie_id)", "Plans": [{"Node Type": "Nested Loop", "Parent Relationship": "Outer", "Join Type": "Inner", "Startup Cost": 20000000000.0, "Total Cost": 2000028517903.54, "Plan Rows": 2, "Plan Width": 29, "Inner Unique": true, "Join Filter": "(mc.movie_id = t.id)", "Plans": [{"Node Type": "Index Scan", "Parent Relationship": "Outer", "Scan Direction": "Forward", "Index Name": "company_id_movie_companies", "Relation Name": "movie_companies", "Alias": "mc", "Startup Cost": 10000000000.0, "Total Cost": 1000014976477.98, "Plan Rows": 1652, "Plan Width": 8, "Filter": "(((note)::text ~~ '%(Japan)%'::text) AND ((note)::text !~~ '%(USA)%'::text) AND (((note)::text ~~ '%(2006)%'::text) OR ((note)::text ~~ '%(2007)%'::text)))"}, {"Node Type": "Materialize", "Parent Relationship": "Inner", "Startup Cost": 10000000000.0, "Total Cost": 1000013540360.13, "Plan Rows": 43, "Plan Width": 21, "Plans": [{"Node Type": "Index Scan", "Parent Relationship": "Outer", "Scan Direction": "Forward", "Index Name": "title_pkey", "Relation Name": "title", "Alias": "t", "Startup Cost": 10000000000.0, "Total Cost": 1000013540359.91, "Plan Rows": 43, "Plan Width": 21, "Filter": "((production_year >= 2006) AND (production_year <= 2007) AND (((title)::text ~~ 'One Piece%'::text) OR ((title)::text ~~ 'Dragon Ball Z%'::text)))"}]}]}, {"Node Type": "Materialize", "Parent Relationship": "Inner", "Startup Cost": 30051235465.84, "Total Cost": 2721908954213.87, "Plan Rows": 17161, "Plan Width": 24, "Plans": [{"Node Type": "Merge Join", "Parent Relationship": "Outer", "Join Type": "Inner", "Startup Cost": 30051235465.84, "Total Cost": 2721908954128.06, "Plan Rows": 17161, "Plan Width": 24, "Inner Unique": false, "Merge Cond": "(an.person_id = ci.person_id)", "Plans": [{"Node Type": "Merge Join", "Parent Relationship": "Outer", "Join Type": "Inner", "Startup Cost": 20030754356.47, "Total Cost": 2000026606025.89, "Plan Rows": 16627, "Plan Width": 24, "Inner Unique": true, "Merge Cond": "(an.person_id = n.id)", "Plans": [{"Node Type": "Index Scan", "Parent Relationship": "Outer", "Scan Direction": "Forward", "Index Name": "person_id_aka_name", "Relation Name": "aka_name", "Alias": "an", "Startup Cost": 10000000000.0, "Total Cost": 1000006896503.43, "Plan Rows": 901342, "Plan Width": 20}, {"Node Type": "Materialize", "Parent Relationship": "Inner", "Startup Cost": 10000000000.0, "Total Cost": 1000019707054.42, "Plan Rows": 13886, "Plan Width": 4, "Plans": [{"Node Type": "Index Scan", "Parent Relationship": "Outer", "Scan Direction": "Forward", "Index Name": "name_pkey", "Relation Name": "name", "Alias": "n", "Startup Cost": 10000000000.0, "Total Cost": 1000019707019.7, "Plan Rows": 13886, "Plan Width": 4, "Filter": "(((name)::text ~~ '%Yo%'::text) AND ((name)::text !~~ '%Yu%'::text))"}]}]}, {"Node Type": "Index Scan", "Parent Relationship": "Inner", "Scan Direction": "Forward", "Index Name": "person_id_cast_info", "Relation Name": "cast_info", "Alias": "ci", "Startup Cost": 10000000000.0, "Total Cost": 1000179713706.71, "Plan Rows": 96692, "Plan Width": 12, "Filter": "((note)::text = '(voice: English version)'::text)"}]}]}]}, {"Node Type": "Index Scan", "Parent Relationship": "Inner", "Scan Direction": "Forward", "Index Name": "company_name_pkey", "Relation Name": "company_name", "Alias": "cn", "Startup Cost": 10000000000.0, "Total Cost": 1000000000437.42, "Plan Rows": 1, "Plan Width": 4, "Index Cond": "(id = mc.company_id)", "Filter": "((country_code)::text = '[jp]'::text)"}]}, {"Node Type": "Index Scan", "Parent Relationship": "Inner", "Scan Direction": "Forward", "Index Name": "role_type_pkey", "Relation Name": "role_type", "Alias": "rt", "Startup Cost": 10000000000.0, "Total Cost": 1000000001246.0, "Plan Rows": 1, "Plan Width": 4, "Filter": "((role)::text = 'actress'::text)"}]}]}, "Unique SQL Id": 3956435728, "Planner Runtime": 104}, "explain_analyze_plan": null}, "(64, '28')": {"explain_plan": {"Plan": {"Node Type": "Aggregate", "Strategy": "Plain", "Startup Cost": 64890.38, "Total Cost": 64890.39, "Plan Rows": 1, "Plan Width": 97, "Plans": [{"Node Type": "Nested Loop", "Parent Relationship": "Outer", "Join Type": "Inner", "Startup Cost": 3369.54, "Total Cost": 64890.38, "Plan Rows": 1, "Plan Width": 33, "Inner Unique": true, "Plans": [{"Node Type": "Nested Loop", "Parent Relationship": "Outer", "Join Type": "Inner", "Startup Cost": 3369.54, "Total Cost": 64890.09, "Plan Rows": 1, "Plan Width": 37, "Inner Unique": true, "Plans": [{"Node Type": "Nested Loop", "Parent Relationship": "Outer", "Join Type": "Inner", "Startup Cost": 3369.54, "Total Cost": 64889.51, "Plan Rows": 1, "Plan Width": 45, "Inner Unique": true, "Plans": [{"Node Type": "Nested Loop", "Parent Relationship": "Outer", "Join Type": "Inner", "Startup Cost": 3369.54, "Total Cost": 64885.13, "Plan Rows": 1, "Plan Width": 49, "Inner Unique": false, "Plans": [{"Node Type": "Nested Loop", "Parent Relationship": "Outer", "Join Type": "Inner", "Startup Cost": 3369.54, "Total Cost": 64884.27, "Plan Rows": 1, "Plan Width": 29, "Inner Unique": false, "Join Filter": "(t.id = ci.movie_id)", "Plans": [{"Node Type": "Nested Loop", "Parent Relationship": "Outer", "Join Type": "Inner", "Startup Cost": 3369.54, "Total Cost": 64828.49, "Plan Rows": 2, "Plan Width": 29, "Inner Unique": false, "Plans": [{"Node Type": "Streaming(type: LOCAL GATHER dop: 1/64)", "Parent Relationship": "Outer", "Startup Cost": 3369.54, "Total Cost": 64334.52, "Plan Rows": 43, "Plan Width": 21, "Plans": [{"Node Type": "Seq Scan", "Parent Relationship": "Outer", "Relation Name": "title", "Alias": "t", "Startup Cost": 3369.54, "Total Cost": 64333.63, "Plan Rows": 43, "Plan Width": 21, "Filter": "((production_year >= 2006) AND (production_year <= 2007) AND (((title)::text ~~ 'One Piece%'::text) OR ((title)::text ~~ 'Dragon Ball Z%'::text)))"}]}, {"Node Type": "Index Scan", "Parent Relationship": "Inner", "Scan Direction": "Forward", "Index Name": "movie_id_movie_companies", "Relation Name": "movie_companies", "Alias": "mc", "Startup Cost": 0.0, "Total Cost": 11.48, "Plan Rows": 1, "Plan Width": 8, "Index Cond": "(movie_id = t.id)", "Filter": "(((note)::text ~~ '%(Japan)%'::text) AND ((note)::text !~~ '%(USA)%'::text) AND (((note)::text ~~ '%(2006)%'::text) OR ((note)::text ~~ '%(2007)%'::text)))"}]}, {"Node Type": "Index Scan", "Parent Relationship": "Inner", "Scan Direction": "Forward", "Index Name": "movie_id_cast_info", "Relation Name": "cast_info", "Alias": "ci", "Startup Cost": 0.0, "Total Cost": 27.88, "Plan Rows": 1, "Plan Width": 12, "Index Cond": "(movie_id = mc.movie_id)", "Filter": "((note)::text = '(voice: English version)'::text)"}]}, {"Node Type": "Index Scan", "Parent Relationship": "Inner", "Scan Direction": "Forward", "Index Name": "person_id_aka_name", "Relation Name": "aka_name", "Alias": "an", "Startup Cost": 0.0, "Total Cost": 0.84, "Plan Rows": 1, "Plan Width": 20, "Index Cond": "(person_id = ci.person_id)"}]}, {"Node Type": "Index Scan", "Parent Relationship": "Inner", "Scan Direction": "Forward", "Index Name": "company_name_pkey", "Relation Name": "company_name", "Alias": "cn", "Startup Cost": 0.0, "Total Cost": 4.37, "Plan Rows": 1, "Plan Width": 4, "Index Cond": "(id = mc.company_id)", "Filter": "((country_code)::text = '[jp]'::text)"}]}, {"Node Type": "Index Scan", "Parent Relationship": "Inner", "Scan Direction": "Forward", "Index Name": "name_pkey", "Relation Name": "name", "Alias": "n", "Startup Cost": 0.0, "Total Cost": 0.57, "Plan Rows": 1, "Plan Width": 4, "Index Cond": "(id = an.person_id)", "Filter": "(((name)::text ~~ '%Yo%'::text) AND ((name)::text !~~ '%Yu%'::text))"}]}, {"Node Type": "Index Scan", "Parent Relationship": "Inner", "Scan Direction": "Forward", "Index Name": "role_type_pkey", "Relation Name": "role_type", "Alias": "rt", "Startup Cost": 0.0, "Total Cost": 0.27, "Plan Rows": 1, "Plan Width": 4, "Index Cond": "(id = ci.role_id)", "Filter": "((role)::text = 'actress'::text)"}]}]}, "Unique SQL Id": 3956435728, "Planner Runtime": 21}, "explain_analyze_plan": {"Plan": {"Node Type": "Aggregate", "Strategy": "Plain", "Startup Cost": 64890.38, "Total Cost": 64890.39, "Plan Rows": 1, "Plan Width": 97, "Actual Min Startup Time": 129.95, "Actual Max Startup Time": 129.95, "Actual Min Total Time": 129.951, "Actual Max Total Time": 129.951, "Plans": [{"Node Type": "Nested Loop", "Parent Relationship": "Outer", "Join Type": "Inner", "Startup Cost": 3369.54, "Total Cost": 64890.38, "Plan Rows": 1, "Plan Width": 33, "Actual Min Startup Time": 82.756, "Actual Max Startup Time": 82.756, "Actual Min Total Time": 129.873, "Actual Max Total Time": 129.873, "Inner Unique": true, "Plans": [{"Node Type": "Nested Loop", "Parent Relationship": "Outer", "Join Type": "Inner", "Startup Cost": 3369.54, "Total Cost": 64890.09, "Plan Rows": 1, "Plan Width": 37, "Actual Min Startup Time": 82.738, "Actual Max Startup Time": 82.738, "Actual Min Total Time": 129.822, "Actual Max Total Time": 129.822, "Inner Unique": true, "Plans": [{"Node Type": "Nested Loop", "Parent Relationship": "Outer", "Join Type": "Inner", "Startup Cost": 3369.54, "Total Cost": 64889.51, "Plan Rows": 1, "Plan Width": 45, "Actual Min Startup Time": 81.529, "Actual Max Startup Time": 81.529, "Actual Min Total Time": 128.829, "Actual Max Total Time": 128.829, "Inner Unique": true, "Plans": [{"Node Type": "Nested Loop", "Parent Relationship": "Outer", "Join Type": "Inner", "Startup Cost": 3369.54, "Total Cost": 64885.13, "Plan Rows": 1, "Plan Width": 49, "Actual Min Startup Time": 81.496, "Actual Max Startup Time": 81.496, "Actual Min Total Time": 128.07, "Actual Max Total Time": 128.07, "Inner Unique": false, "Plans": [{"Node Type": "Nested Loop", "Parent Relationship": "Outer", "Join Type": "Inner", "Startup Cost": 3369.54, "Total Cost": 64884.27, "Plan Rows": 1, "Plan Width": 29, "Actual Min Startup Time": 81.476, "Actual Max Startup Time": 81.476, "Actual Min Total Time": 127.263, "Actual Max Total Time": 127.263, "Inner Unique": false, "Join Filter": "(t.id = ci.movie_id)", "Rows Removed by Join Filter": 0, "Plans": [{"Node Type": "Nested Loop", "Parent Relationship": "Outer", "Join Type": "Inner", "Startup Cost": 3369.54, "Total Cost": 64828.49, "Plan Rows": 2, "Plan Width": 29, "Actual Min Startup Time": 81.441, "Actual Max Startup Time": 81.441, "Actual Min Total Time": 126.75, "Actual Max Total Time": 126.75, "Inner Unique": false, "Plans": [{"Node Type": "Streaming(type: LOCAL GATHER dop: 1/64)", "Parent Relationship": "Outer", "Startup Cost": 3369.54, "Total Cost": 64334.52, "Plan Rows": 43, "Plan Width": 21, "Actual Min Startup Time": 81.336, "Actual Max Startup Time": 81.336, "Actual Min Total Time": 126.394, "Actual Max Total Time": 126.394, "Plans": [{"Node Type": "Seq Scan", "Parent Relationship": "Outer", "Relation Name": "title", "Alias": "t", "Startup Cost": 3369.54, "Total Cost": 64333.63, "Plan Rows": 43, "Plan Width": 21, "Actual Min Startup Time": 11.827, "Actual Max Startup Time": 38.588, "Actual Min Total Time": 14.967, "Actual Max Total Time": 38.588, "Filter": "((production_year >= 2006) AND (production_year <= 2007) AND (((title)::text ~~ 'One Piece%'::text) OR ((title)::text ~~ 'Dragon Ball Z%'::text)))", "Rows Removed by Filter": 2528304, "Actual Rows": 7}], "Actual Rows": 7}, {"Node Type": "Index Scan", "Parent Relationship": "Inner", "Scan Direction": "Forward", "Index Name": "movie_id_movie_companies", "Relation Name": "movie_companies", "Alias": "mc", "Startup Cost": 0.0, "Total Cost": 11.48, "Plan Rows": 1, "Plan Width": 8, "Actual Min Startup Time": 0.272, "Actual Max Startup Time": 0.272, "Actual Min Total Time": 0.284, "Actual Max Total Time": 0.284, "Index Cond": "(movie_id = t.id)", "Rows Removed by Index Recheck": 0, "Filter": "(((note)::text ~~ '%(Japan)%'::text) AND ((note)::text !~~ '%(USA)%'::text) AND (((note)::text ~~ '%(2006)%'::text) OR ((note)::text ~~ '%(2007)%'::text)))", "Rows Removed by Filter": 13, "Actual Rows": 4}], "Actual Rows": 4}, {"Node Type": "Index Scan", "Parent Relationship": "Inner", "Scan Direction": "Forward", "Index Name": "movie_id_cast_info", "Relation Name": "cast_info", "Alias": "ci", "Startup Cost": 0.0, "Total Cost": 27.88, "Plan Rows": 1, "Plan Width": 12, "Actual Min Startup Time": 0.149, "Actual Max Startup Time": 0.149, "Actual Min Total Time": 0.418, "Actual Max Total Time": 0.418, "Index Cond": "(movie_id = mc.movie_id)", "Rows Removed by Index Recheck": 0, "Filter": "((note)::text = '(voice: English version)'::text)", "Rows Removed by Filter": 68, "Actual Rows": 104}], "Actual Rows": 104}, {"Node Type": "Index Scan", "Parent Relationship": "Inner", "Scan Direction": "Forward", "Index Name": "person_id_aka_name", "Relation Name": "aka_name", "Alias": "an", "Startup Cost": 0.0, "Total Cost": 0.84, "Plan Rows": 1, "Plan Width": 20, "Actual Min Startup Time": 0.573, "Actual Max Startup Time": 0.573, "Actual Min Total Time": 0.686, "Actual Max Total Time": 0.686, "Index Cond": "(person_id = ci.person_id)", "Rows Removed by Index Recheck": 0, "Actual Rows": 171}], "Actual Rows": 171}, {"Node Type": "Index Scan", "Parent Relationship": "Inner", "Scan Direction": "Forward", "Index Name": "company_name_pkey", "Relation Name": "company_name", "Alias": "cn", "Startup Cost": 0.0, "Total Cost": 4.37, "Plan Rows": 1, "Plan Width": 4, "Actual Min Startup Time": 0.589, "Actual Max Startup Time": 0.589, "Actual Min Total Time": 0.589, "Actual Max Total Time": 0.589, "Index Cond": "(id = mc.company_id)", "Rows Removed by Index Recheck": 0, "Filter": "((country_code)::text = '[jp]'::text)", "Rows Removed by Filter": 0, "Actual Rows": 171}], "Actual Rows": 171}, {"Node Type": "Index Scan", "Parent Relationship": "Inner", "Scan Direction": "Forward", "Index Name": "name_pkey", "Relation Name": "name", "Alias": "n", "Startup Cost": 0.0, "Total Cost": 0.57, "Plan Rows": 1, "Plan Width": 4, "Actual Min Startup Time": 0.882, "Actual Max Startup Time": 0.882, "Actual Min Total Time": 0.882, "Actual Max Total Time": 0.882, "Index Cond": "(id = an.person_id)", "Rows Removed by Index Recheck": 0, "Filter": "(((name)::text ~~ '%Yo%'::text) AND ((name)::text !~~ '%Yu%'::text))", "Rows Removed by Filter": 165, "Actual Rows": 6}], "Actual Rows": 6}, {"Node Type": "Index Scan", "Parent Relationship": "Inner", "Scan Direction": "Forward", "Index Name": "role_type_pkey", "Relation Name": "role_type", "Alias": "rt", "Startup Cost": 0.0, "Total Cost": 0.27, "Plan Rows": 1, "Plan Width": 4, "Actual Min Startup Time": 0.03, "Actual Max Startup Time": 0.03, "Actual Min Total Time": 0.03, "Actual Max Total Time": 0.03, "Index Cond": "(id = ci.role_id)", "Rows Removed by Index Recheck": 0, "Filter": "((role)::text = 'actress'::text)", "Rows Removed by Filter": 0, "Actual Rows": 6}], "Actual Rows": 6}], "Actual Rows": 1}, "Triggers": [], "Planner Runtime": 31.722, "Total Runtime": 142.327, "Unique SQL Id": 3956435728}}, "(64, '29')": {"explain_plan": {"Plan": {"Node Type": "Aggregate", "Strategy": "Plain", "Startup Cost": 84111.26, "Total Cost": 84111.27, "Plan Rows": 1, "Plan Width": 97, "Plans": [{"Node Type": "Nested Loop", "Parent Relationship": "Outer", "Join Type": "Inner", "Startup Cost": 0.0, "Total Cost": 84111.26, "Plan Rows": 1, "Plan Width": 33, "Inner Unique": true, "Plans": [{"Node Type": "Nested Loop", "Parent Relationship": "Outer", "Join Type": "Inner", "Startup Cost": 0.0, "Total Cost": 84110.97, "Plan Rows": 1, "Plan Width": 37, "Inner Unique": true, "Plans": [{"Node Type": "Nested Loop", "Parent Relationship": "Outer", "Join Type": "Inner", "Startup Cost": 0.0, "Total Cost": 84110.39, "Plan Rows": 1, "Plan Width": 45, "Inner Unique": false, "Plans": [{"Node Type": "Nested Loop", "Parent Relationship": "Outer", "Join Type": "Inner", "Startup Cost": 0.0, "Total Cost": 84109.54, "Plan Rows": 1, "Plan Width": 25, "Inner Unique": false, "Join Filter": "(t.id = ci.movie_id)", "Plans": [{"Node Type": "Nested Loop", "Parent Relationship": "Outer", "Join Type": "Inner", "Startup Cost": 0.0, "Total Cost": 84053.76, "Plan Rows": 2, "Plan Width": 25, "Inner Unique": true, "Plans": [{"Node Type": "Nested Loop", "Parent Relationship": "Outer", "Join Type": "Inner", "Startup Cost": 0.0, "Total Cost": 81991.53, "Plan Rows": 262, "Plan Width": 4, "Inner Unique": false, "Plans": [{"Node Type": "Index Scan", "Parent Relationship": "Outer", "Scan Direction": "Forward", "Index Name": "company_name_pkey", "Relation Name": "company_name", "Alias": "cn", "Startup Cost": 0.0, "Total Cost": 10501.39, "Plan Rows": 6290, "Plan Width": 4, "Filter": "((country_code)::text = '[jp]'::text)"}, {"Node Type": "Index Scan", "Parent Relationship": "Inner", "Scan Direction": "Forward", "Index Name": "company_id_movie_companies", "Relation Name": "movie_companies", "Alias": "mc", "Startup Cost": 0.0, "Total Cost": 11.36, "Plan Rows": 1, "Plan Width": 8, "Index Cond": "(company_id = cn.id)", "Filter": "(((note)::text ~~ '%(Japan)%'::text) AND ((note)::text !~~ '%(USA)%'::text) AND (((note)::text ~~ '%(2006)%'::text) OR ((note)::text ~~ '%(2007)%'::text)))"}]}, {"Node Type": "Index Scan", "Parent Relationship": "Inner", "Scan Direction": "Forward", "Index Name": "title_pkey", "Relation Name": "title", "Alias": "t", "Startup Cost": 0.0, "Total Cost": 7.86, "Plan Rows": 1, "Plan Width": 21, "Index Cond": "(id = mc.movie_id)", "Filter": "((production_year >= 2006) AND (production_year <= 2007) AND (((title)::text ~~ 'One Piece%'::text) OR ((title)::text ~~ 'Dragon Ball Z%'::text)))"}]}, {"Node Type": "Index Scan", "Parent Relationship": "Inner", "Scan Direction": "Forward", "Index Name": "movie_id_cast_info", "Relation Name": "cast_info", "Alias": "ci", "Startup Cost": 0.0, "Total Cost": 27.88, "Plan Rows": 1, "Plan Width": 12, "Index Cond": "(movie_id = mc.movie_id)", "Filter": "((note)::text = '(voice: English version)'::text)"}]}, {"Node Type": "Index Scan", "Parent Relationship": "Inner", "Scan Direction": "Forward", "Index Name": "person_id_aka_name", "Relation Name": "aka_name", "Alias": "an", "Startup Cost": 0.0, "Total Cost": 0.84, "Plan Rows": 1, "Plan Width": 20, "Index Cond": "(person_id = ci.person_id)"}]}, {"Node Type": "Index Scan", "Parent Relationship": "Inner", "Scan Direction": "Forward", "Index Name": "name_pkey", "Relation Name": "name", "Alias": "n", "Startup Cost": 0.0, "Total Cost": 0.57, "Plan Rows": 1, "Plan Width": 4, "Index Cond": "(id = an.person_id)", "Filter": "(((name)::text ~~ '%Yo%'::text) AND ((name)::text !~~ '%Yu%'::text))"}]}, {"Node Type": "Index Scan", "Parent Relationship": "Inner", "Scan Direction": "Forward", "Index Name": "role_type_pkey", "Relation Name": "role_type", "Alias": "rt", "Startup Cost": 0.0, "Total Cost": 0.27, "Plan Rows": 1, "Plan Width": 4, "Index Cond": "(id = ci.role_id)", "Filter": "((role)::text = 'actress'::text)"}]}]}, "Unique SQL Id": 3956435728, "Planner Runtime": 24}, "explain_analyze_plan": {"Plan": {"Node Type": "Aggregate", "Strategy": "Plain", "Startup Cost": 84111.26, "Total Cost": 84111.27, "Plan Rows": 1, "Plan Width": 97, "Actual Startup Time": 508.933, "Actual Total Time": 508.933, "Actual Rows": 1, "Actual Loops": 1, "Plans": [{"Node Type": "Nested Loop", "Parent Relationship": "Outer", "Join Type": "Inner", "Startup Cost": 0.0, "Total Cost": 84111.26, "Plan Rows": 1, "Plan Width": 33, "Actual Startup Time": 43.321, "Actual Total Time": 508.871, "Actual Rows": 6, "Actual Loops": 1, "Inner Unique": true, "Plans": [{"Node Type": "Nested Loop", "Parent Relationship": "Outer", "Join Type": "Inner", "Startup Cost": 0.0, "Total Cost": 84110.97, "Plan Rows": 1, "Plan Width": 37, "Actual Startup Time": 43.31, "Actual Total Time": 508.838, "Actual Rows": 6, "Actual Loops": 1, "Inner Unique": true, "Plans": [{"Node Type": "Nested Loop", "Parent Relationship": "Outer", "Join Type": "Inner", "Startup Cost": 0.0, "Total Cost": 84110.39, "Plan Rows": 1, "Plan Width": 45, "Actual Startup Time": 42.486, "Actual Total Time": 507.995, "Actual Rows": 171, "Actual Loops": 1, "Inner Unique": false, "Plans": [{"Node Type": "Nested Loop", "Parent Relationship": "Outer", "Join Type": "Inner", "Startup Cost": 0.0, "Total Cost": 84109.54, "Plan Rows": 1, "Plan Width": 25, "Actual Startup Time": 42.471, "Actual Total Time": 507.321, "Actual Rows": 104, "Actual Loops": 1, "Inner Unique": false, "Join Filter": "(t.id = ci.movie_id)", "Rows Removed by Join Filter": 0, "Plans": [{"Node Type": "Nested Loop", "Parent Relationship": "Outer", "Join Type": "Inner", "Startup Cost": 0.0, "Total Cost": 84053.76, "Plan Rows": 2, "Plan Width": 25, "Actual Startup Time": 42.377, "Actual Total Time": 506.931, "Actual Rows": 4, "Actual Loops": 1, "Inner Unique": true, "Plans": [{"Node Type": "Nested Loop", "Parent Relationship": "Outer", "Join Type": "Inner", "Startup Cost": 0.0, "Total Cost": 81991.53, "Plan Rows": 262, "Plan Width": 4, "Actual Startup Time": 0.202, "Actual Total Time": 458.712, "Actual Rows": 8495, "Actual Loops": 1, "Inner Unique": false, "Plans": [{"Node Type": "Index Scan", "Parent Relationship": "Outer", "Scan Direction": "Forward", "Index Name": "company_name_pkey", "Relation Name": "company_name", "Alias": "cn", "Startup Cost": 0.0, "Total Cost": 10501.39, "Plan Rows": 6290, "Plan Width": 4, "Actual Startup Time": 0.167, "Actual Total Time": 270.605, "Actual Rows": 6752, "Actual Loops": 1, "Filter": "((country_code)::text = '[jp]'::text)", "Rows Removed by Filter": 228244}, {"Node Type": "Index Scan", "Parent Relationship": "Inner", "Scan Direction": "Forward", "Index Name": "company_id_movie_companies", "Relation Name": "movie_companies", "Alias": "mc", "Startup Cost": 0.0, "Total Cost": 11.36, "Plan Rows": 1, "Plan Width": 8, "Actual Startup Time": 82.862, "Actual Total Time": 182.042, "Actual Rows": 8495, "Actual Loops": 6752, "Index Cond": "(company_id = cn.id)", "Rows Removed by Index Recheck": 0, "Filter": "(((note)::text ~~ '%(Japan)%'::text) AND ((note)::text !~~ '%(USA)%'::text) AND (((note)::text ~~ '%(2006)%'::text) OR ((note)::text ~~ '%(2007)%'::text)))", "Rows Removed by Filter": 96500}]}, {"Node Type": "Index Scan", "Parent Relationship": "Inner", "Scan Direction": "Forward", "Index Name": "title_pkey", "Relation Name": "title", "Alias": "t", "Startup Cost": 0.0, "Total Cost": 7.86, "Plan Rows": 1, "Plan Width": 21, "Actual Startup Time": 43.82, "Actual Total Time": 43.82, "Actual Rows": 4, "Actual Loops": 8495, "Index Cond": "(id = mc.movie_id)", "Rows Removed by Index Recheck": 0, "Filter": "((production_year >= 2006) AND (production_year <= 2007) AND (((title)::text ~~ 'One Piece%'::text) OR ((title)::text ~~ 'Dragon Ball Z%'::text)))", "Rows Removed by Filter": 8491}]}, {"Node Type": "Index Scan", "Parent Relationship": "Inner", "Scan Direction": "Forward", "Index Name": "movie_id_cast_info", "Relation Name": "cast_info", "Alias": "ci", "Startup Cost": 0.0, "Total Cost": 27.88, "Plan Rows": 1, "Plan Width": 12, "Actual Startup Time": 0.107, "Actual Total Time": 0.315, "Actual Rows": 104, "Actual Loops": 4, "Index Cond": "(movie_id = mc.movie_id)", "Rows Removed by Index Recheck": 0, "Filter": "((note)::text = '(voice: English version)'::text)", "Rows Removed by Filter": 68}]}, {"Node Type": "Index Scan", "Parent Relationship": "Inner", "Scan Direction": "Forward", "Index Name": "person_id_aka_name", "Relation Name": "aka_name", "Alias": "an", "Startup Cost": 0.0, "Total Cost": 0.84, "Plan Rows": 1, "Plan Width": 20, "Actual Startup Time": 0.474, "Actual Total Time": 0.579, "Actual Rows": 171, "Actual Loops": 104, "Index Cond": "(person_id = ci.person_id)", "Rows Removed by Index Recheck": 0}]}, {"Node Type": "Index Scan", "Parent Relationship": "Inner", "Scan Direction": "Forward", "Index Name": "name_pkey", "Relation Name": "name", "Alias": "n", "Startup Cost": 0.0, "Total Cost": 0.57, "Plan Rows": 1, "Plan Width": 4, "Actual Startup Time": 0.754, "Actual Total Time": 0.754, "Actual Rows": 6, "Actual Loops": 171, "Index Cond": "(id = an.person_id)", "Rows Removed by Index Recheck": 0, "Filter": "(((name)::text ~~ '%Yo%'::text) AND ((name)::text !~~ '%Yu%'::text))", "Rows Removed by Filter": 165}]}, {"Node Type": "Index Scan", "Parent Relationship": "Inner", "Scan Direction": "Forward", "Index Name": "role_type_pkey", "Relation Name": "role_type", "Alias": "rt", "Startup Cost": 0.0, "Total Cost": 0.27, "Plan Rows": 1, "Plan Width": 4, "Actual Startup Time": 0.021, "Actual Total Time": 0.021, "Actual Rows": 6, "Actual Loops": 6, "Index Cond": "(id = ci.role_id)", "Rows Removed by Index Recheck": 0, "Filter": "((role)::text = 'actress'::text)", "Rows Removed by Filter": 0}]}]}, "Triggers": [], "Planner Runtime": 28.465, "Total Runtime": 509.196, "Unique SQL Id": 3956435728}}, "(64, '30')": {"explain_plan": {"Plan": {"Node Type": "Aggregate", "Strategy": "Plain", "Startup Cost": 309181.44, "Total Cost": 309181.45, "Plan Rows": 1, "Plan Width": 97, "Plans": [{"Node Type": "Nested Loop", "Parent Relationship": "Outer", "Join Type": "Inner", "Startup Cost": 3369.54, "Total Cost": 309181.44, "Plan Rows": 1, "Plan Width": 33, "Inner Unique": true, "Join Filter": "(an.person_id = n.id)", "Plans": [{"Node Type": "Nested Loop", "Parent Relationship": "Outer", "Join Type": "Inner", "Startup Cost": 3369.54, "Total Cost": 243941.56, "Plan Rows": 1, "Plan Width": 41, "Inner Unique": true, "Join Filter": "(mc.company_id = cn.id)", "Plans": [{"Node Type": "Nested Loop", "Parent Relationship": "Outer", "Join Type": "Inner", "Startup Cost": 3369.54, "Total Cost": 237959.49, "Plan Rows": 1, "Plan Width": 45, "Inner Unique": false, "Join Filter": "(ci.person_id = an.person_id)", "Plans": [{"Node Type": "Nested Loop", "Parent Relationship": "Outer", "Join Type": "Inner", "Startup Cost": 3369.54, "Total Cost": 206784.29, "Plan Rows": 1, "Plan Width": 25, "Inner Unique": false, "Join Filter": "(ci.movie_id = t.id)", "Plans": [{"Node Type": "Nested Loop", "Parent Relationship": "Outer", "Join Type": "Inner", "Startup Cost": 0.0, "Total Cost": 77025.27, "Plan Rows": 8790, "Plan Width": 8, "Inner Unique": false, "Join Filter": "(ci.role_id = rt.id)", "Plans": [{"Node Type": "Seq Scan", "Parent Relationship": "Outer", "Relation Name": "role_type", "Alias": "rt", "Startup Cost": 0.0, "Total Cost": 1.15, "Plan Rows": 1, "Plan Width": 4, "Filter": "((role)::text = 'actress'::text)"}, {"Node Type": "Materialize", "Parent Relationship": "Inner", "Startup Cost": 0.0, "Total Cost": 76057.2, "Plan Rows": 96692, "Plan Width": 12, "Plans": [{"Node Type": "Streaming(type: LOCAL GATHER dop: 1/64)", "Parent Relationship": "Outer", "Startup Cost": 0.0, "Total Cost": 75815.47, "Plan Rows": 96692, "Plan Width": 12, "Plans": [{"Node Type": "Seq Scan", "Parent Relationship": "Outer", "Relation Name": "cast_info", "Alias": "ci", "Startup Cost": 0.0, "Total Cost": 73820.73, "Plan Rows": 96692, "Plan Width": 12, "Filter": "((note)::text = '(voice: English version)'::text)"}]}]}]}, {"Node Type": "Materialize", "Parent Relationship": "Inner", "Startup Cost": 3369.54, "Total Cost": 129495.32, "Plan Rows": 2, "Plan Width": 29, "Plans": [{"Node Type": "Nested Loop", "Parent Relationship": "Outer", "Join Type": "Inner", "Startup Cost": 3369.54, "Total Cost": 129495.31, "Plan Rows": 2, "Plan Width": 29, "Inner Unique": true, "Join Filter": "(mc.movie_id = t.id)", "Plans": [{"Node Type": "Streaming(type: LOCAL GATHER dop: 1/64)", "Parent Relationship": "Outer", "Startup Cost": 0.0, "Total Cost": 64095.15, "Plan Rows": 1652, "Plan Width": 8, "Plans": [{"Node Type": "Seq Scan", "Parent Relationship": "Outer", "Relation Name": "movie_companies", "Alias": "mc", "Startup Cost": 0.0, "Total Cost": 64061.07, "Plan Rows": 1652, "Plan Width": 8, "Filter": "(((note)::text ~~ '%(Japan)%'::text) AND ((note)::text !~~ '%(USA)%'::text) AND (((note)::text ~~ '%(2006)%'::text) OR ((note)::text ~~ '%(2007)%'::text)))"}]}, {"Node Type": "Materialize", "Parent Relationship": "Inner", "Startup Cost": 3369.54, "Total Cost": 64334.73, "Plan Rows": 43, "Plan Width": 21, "Plans": [{"Node Type": "Streaming(type: LOCAL GATHER dop: 1/64)", "Parent Relationship": "Outer", "Startup Cost": 3369.54, "Total Cost": 64334.52, "Plan Rows": 43, "Plan Width": 21, "Plans": [{"Node Type": "Seq Scan", "Parent Relationship": "Outer", "Relation Name": "title", "Alias": "t", "Startup Cost": 3369.54, "Total Cost": 64333.63, "Plan Rows": 43, "Plan Width": 21, "Filter": "((production_year >= 2006) AND (production_year <= 2007) AND (((title)::text ~~ 'One Piece%'::text) OR ((title)::text ~~ 'Dragon Ball Z%'::text)))"}]}]}]}]}]}, {"Node Type": "Seq Scan", "Parent Relationship": "Inner", "Relation Name": "aka_name", "Alias": "an", "Startup Cost": 0.0, "Total Cost": 19908.42, "Plan Rows": 901342, "Plan Width": 20}]}, {"Node Type": "Seq Scan", "Parent Relationship": "Inner", "Relation Name": "company_name", "Alias": "cn", "Startup Cost": 0.0, "Total Cost": 5903.45, "Plan Rows": 6290, "Plan Width": 4, "Filter": "((country_code)::text = '[jp]'::text)"}]}, {"Node Type": "Materialize", "Parent Relationship": "Inner", "Startup Cost": 0.0, "Total Cost": 65101.02, "Plan Rows": 13886, "Plan Width": 4, "Plans": [{"Node Type": "Streaming(type: LOCAL GATHER dop: 1/64)", "Parent Relationship": "Outer", "Startup Cost": 0.0, "Total Cost": 65066.3, "Plan Rows": 13886, "Plan Width": 4, "Plans": [{"Node Type": "Seq Scan", "Parent Relationship": "Outer", "Relation Name": "name", "Alias": "n", "Startup Cost": 0.0, "Total Cost": 64779.83, "Plan Rows": 13886, "Plan Width": 4, "Filter": "(((name)::text ~~ '%Yo%'::text) AND ((name)::text !~~ '%Yu%'::text))"}]}]}]}]}, "Unique SQL Id": 3956435728, "Planner Runtime": 26}, "explain_analyze_plan": null}, "(64, '31')": {"explain_plan": {"Plan": {"Node Type": "Aggregate", "Strategy": "Plain", "Startup Cost": 6721937474272.79, "Total Cost": 6721937474272.8, "Plan Rows": 1, "Plan Width": 97, "Plans": [{"Node Type": "Nested Loop", "Parent Relationship": "Outer", "Join Type": "Inner", "Startup Cost": 70051235465.84, "Total Cost": 6721937474272.78, "Plan Rows": 1, "Plan Width": 33, "Inner Unique": true, "Join Filter": "(ci.role_id = rt.id)", "Plans": [{"Node Type": "Nested Loop", "Parent Relationship": "Outer", "Join Type": "Inner", "Startup Cost": 60051235465.84, "Total Cost": 5721937473026.77, "Plan Rows": 1, "Plan Width": 37, "Inner Unique": true, "Plans": [{"Node Type": "Nested Loop", "Parent Relationship": "Outer", "Join Type": "Inner", "Startup Cost": 50051235465.84, "Total Cost": 4721937472589.34, "Plan Rows": 1, "Plan Width": 41, "Inner Unique": false, "Join Filter": "(t.id = ci.movie_id)", "Plans": [{"Node Type": "Nested Loop", "Parent Relationship": "Outer", "Join Type": "Inner", "Startup Cost": 20000000000.0, "Total Cost": 2000028517903.54, "Plan Rows": 2, "Plan Width": 29, "Inner Unique": true, "Join Filter": "(mc.movie_id = t.id)", "Plans": [{"Node Type": "Index Scan", "Parent Relationship": "Outer", "Scan Direction": "Forward", "Index Name": "company_id_movie_companies", "Relation Name": "movie_companies", "Alias": "mc", "Startup Cost": 10000000000.0, "Total Cost": 1000014976477.98, "Plan Rows": 1652, "Plan Width": 8, "Filter": "(((note)::text ~~ '%(Japan)%'::text) AND ((note)::text !~~ '%(USA)%'::text) AND (((note)::text ~~ '%(2006)%'::text) OR ((note)::text ~~ '%(2007)%'::text)))"}, {"Node Type": "Materialize", "Parent Relationship": "Inner", "Startup Cost": 10000000000.0, "Total Cost": 1000013540360.13, "Plan Rows": 43, "Plan Width": 21, "Plans": [{"Node Type": "Index Scan", "Parent Relationship": "Outer", "Scan Direction": "Forward", "Index Name": "title_pkey", "Relation Name": "title", "Alias": "t", "Startup Cost": 10000000000.0, "Total Cost": 1000013540359.91, "Plan Rows": 43, "Plan Width": 21, "Filter": "((production_year >= 2006) AND (production_year <= 2007) AND (((title)::text ~~ 'One Piece%'::text) OR ((title)::text ~~ 'Dragon Ball Z%'::text)))"}]}]}, {"Node Type": "Materialize", "Parent Relationship": "Inner", "Startup Cost": 30051235465.84, "Total Cost": 2721908954213.87, "Plan Rows": 17161, "Plan Width": 24, "Plans": [{"Node Type": "Merge Join", "Parent Relationship": "Outer", "Join Type": "Inner", "Startup Cost": 30051235465.84, "Total Cost": 2721908954128.06, "Plan Rows": 17161, "Plan Width": 24, "Inner Unique": false, "Merge Cond": "(an.person_id = ci.person_id)", "Plans": [{"Node Type": "Merge Join", "Parent Relationship": "Outer", "Join Type": "Inner", "Startup Cost": 20030754356.47, "Total Cost": 2000026606025.89, "Plan Rows": 16627, "Plan Width": 24, "Inner Unique": true, "Merge Cond": "(an.person_id = n.id)", "Plans": [{"Node Type": "Index Scan", "Parent Relationship": "Outer", "Scan Direction": "Forward", "Index Name": "person_id_aka_name", "Relation Name": "aka_name", "Alias": "an", "Startup Cost": 10000000000.0, "Total Cost": 1000006896503.43, "Plan Rows": 901342, "Plan Width": 20}, {"Node Type": "Materialize", "Parent Relationship": "Inner", "Startup Cost": 10000000000.0, "Total Cost": 1000019707054.42, "Plan Rows": 13886, "Plan Width": 4, "Plans": [{"Node Type": "Index Scan", "Parent Relationship": "Outer", "Scan Direction": "Forward", "Index Name": "name_pkey", "Relation Name": "name", "Alias": "n", "Startup Cost": 10000000000.0, "Total Cost": 1000019707019.7, "Plan Rows": 13886, "Plan Width": 4, "Filter": "(((name)::text ~~ '%Yo%'::text) AND ((name)::text !~~ '%Yu%'::text))"}]}]}, {"Node Type": "Index Scan", "Parent Relationship": "Inner", "Scan Direction": "Forward", "Index Name": "person_id_cast_info", "Relation Name": "cast_info", "Alias": "ci", "Startup Cost": 10000000000.0, "Total Cost": 1000179713706.71, "Plan Rows": 96692, "Plan Width": 12, "Filter": "((note)::text = '(voice: English version)'::text)"}]}]}]}, {"Node Type": "Index Scan", "Parent Relationship": "Inner", "Scan Direction": "Forward", "Index Name": "company_name_pkey", "Relation Name": "company_name", "Alias": "cn", "Startup Cost": 10000000000.0, "Total Cost": 1000000000437.42, "Plan Rows": 1, "Plan Width": 4, "Index Cond": "(id = mc.company_id)", "Filter": "((country_code)::text = '[jp]'::text)"}]}, {"Node Type": "Index Scan", "Parent Relationship": "Inner", "Scan Direction": "Forward", "Index Name": "role_type_pkey", "Relation Name": "role_type", "Alias": "rt", "Startup Cost": 10000000000.0, "Total Cost": 1000000001246.0, "Plan Rows": 1, "Plan Width": 4, "Filter": "((role)::text = 'actress'::text)"}]}]}, "Unique SQL Id": 3956435728, "Planner Runtime": 101}, "explain_analyze_plan": null}, "(64, '32')": {"explain_plan": {"Plan": {"Node Type": "Aggregate", "Strategy": "Plain", "Startup Cost": 64890.38, "Total Cost": 64890.39, "Plan Rows": 1, "Plan Width": 97, "Plans": [{"Node Type": "Nested Loop", "Parent Relationship": "Outer", "Join Type": "Inner", "Startup Cost": 3369.54, "Total Cost": 64890.38, "Plan Rows": 1, "Plan Width": 33, "Inner Unique": true, "Plans": [{"Node Type": "Nested Loop", "Parent Relationship": "Outer", "Join Type": "Inner", "Startup Cost": 3369.54, "Total Cost": 64890.09, "Plan Rows": 1, "Plan Width": 37, "Inner Unique": true, "Plans": [{"Node Type": "Nested Loop", "Parent Relationship": "Outer", "Join Type": "Inner", "Startup Cost": 3369.54, "Total Cost": 64889.51, "Plan Rows": 1, "Plan Width": 45, "Inner Unique": true, "Plans": [{"Node Type": "Nested Loop", "Parent Relationship": "Outer", "Join Type": "Inner", "Startup Cost": 3369.54, "Total Cost": 64885.13, "Plan Rows": 1, "Plan Width": 49, "Inner Unique": false, "Plans": [{"Node Type": "Nested Loop", "Parent Relationship": "Outer", "Join Type": "Inner", "Startup Cost": 3369.54, "Total Cost": 64884.27, "Plan Rows": 1, "Plan Width": 29, "Inner Unique": false, "Join Filter": "(t.id = ci.movie_id)", "Plans": [{"Node Type": "Nested Loop", "Parent Relationship": "Outer", "Join Type": "Inner", "Startup Cost": 3369.54, "Total Cost": 64828.49, "Plan Rows": 2, "Plan Width": 29, "Inner Unique": false, "Plans": [{"Node Type": "Streaming(type: LOCAL GATHER dop: 1/64)", "Parent Relationship": "Outer", "Startup Cost": 3369.54, "Total Cost": 64334.52, "Plan Rows": 43, "Plan Width": 21, "Plans": [{"Node Type": "Seq Scan", "Parent Relationship": "Outer", "Relation Name": "title", "Alias": "t", "Startup Cost": 3369.54, "Total Cost": 64333.63, "Plan Rows": 43, "Plan Width": 21, "Filter": "((production_year >= 2006) AND (production_year <= 2007) AND (((title)::text ~~ 'One Piece%'::text) OR ((title)::text ~~ 'Dragon Ball Z%'::text)))"}]}, {"Node Type": "Index Scan", "Parent Relationship": "Inner", "Scan Direction": "Forward", "Index Name": "movie_id_movie_companies", "Relation Name": "movie_companies", "Alias": "mc", "Startup Cost": 0.0, "Total Cost": 11.48, "Plan Rows": 1, "Plan Width": 8, "Index Cond": "(movie_id = t.id)", "Filter": "(((note)::text ~~ '%(Japan)%'::text) AND ((note)::text !~~ '%(USA)%'::text) AND (((note)::text ~~ '%(2006)%'::text) OR ((note)::text ~~ '%(2007)%'::text)))"}]}, {"Node Type": "Index Scan", "Parent Relationship": "Inner", "Scan Direction": "Forward", "Index Name": "movie_id_cast_info", "Relation Name": "cast_info", "Alias": "ci", "Startup Cost": 0.0, "Total Cost": 27.88, "Plan Rows": 1, "Plan Width": 12, "Index Cond": "(movie_id = mc.movie_id)", "Filter": "((note)::text = '(voice: English version)'::text)"}]}, {"Node Type": "Index Scan", "Parent Relationship": "Inner", "Scan Direction": "Forward", "Index Name": "person_id_aka_name", "Relation Name": "aka_name", "Alias": "an", "Startup Cost": 0.0, "Total Cost": 0.84, "Plan Rows": 1, "Plan Width": 20, "Index Cond": "(person_id = ci.person_id)"}]}, {"Node Type": "Index Scan", "Parent Relationship": "Inner", "Scan Direction": "Forward", "Index Name": "company_name_pkey", "Relation Name": "company_name", "Alias": "cn", "Startup Cost": 0.0, "Total Cost": 4.37, "Plan Rows": 1, "Plan Width": 4, "Index Cond": "(id = mc.company_id)", "Filter": "((country_code)::text = '[jp]'::text)"}]}, {"Node Type": "Index Scan", "Parent Relationship": "Inner", "Scan Direction": "Forward", "Index Name": "name_pkey", "Relation Name": "name", "Alias": "n", "Startup Cost": 0.0, "Total Cost": 0.57, "Plan Rows": 1, "Plan Width": 4, "Index Cond": "(id = an.person_id)", "Filter": "(((name)::text ~~ '%Yo%'::text) AND ((name)::text !~~ '%Yu%'::text))"}]}, {"Node Type": "Index Scan", "Parent Relationship": "Inner", "Scan Direction": "Forward", "Index Name": "role_type_pkey", "Relation Name": "role_type", "Alias": "rt", "Startup Cost": 0.0, "Total Cost": 0.27, "Plan Rows": 1, "Plan Width": 4, "Index Cond": "(id = ci.role_id)", "Filter": "((role)::text = 'actress'::text)"}]}]}, "Unique SQL Id": 3956435728, "Planner Runtime": 19}, "explain_analyze_plan": {"Plan": {"Node Type": "Aggregate", "Strategy": "Plain", "Startup Cost": 64890.38, "Total Cost": 64890.39, "Plan Rows": 1, "Plan Width": 97, "Actual Min Startup Time": 129.95, "Actual Max Startup Time": 129.95, "Actual Min Total Time": 129.951, "Actual Max Total Time": 129.951, "Plans": [{"Node Type": "Nested Loop", "Parent Relationship": "Outer", "Join Type": "Inner", "Startup Cost": 3369.54, "Total Cost": 64890.38, "Plan Rows": 1, "Plan Width": 33, "Actual Min Startup Time": 82.756, "Actual Max Startup Time": 82.756, "Actual Min Total Time": 129.873, "Actual Max Total Time": 129.873, "Inner Unique": true, "Plans": [{"Node Type": "Nested Loop", "Parent Relationship": "Outer", "Join Type": "Inner", "Startup Cost": 3369.54, "Total Cost": 64890.09, "Plan Rows": 1, "Plan Width": 37, "Actual Min Startup Time": 82.738, "Actual Max Startup Time": 82.738, "Actual Min Total Time": 129.822, "Actual Max Total Time": 129.822, "Inner Unique": true, "Plans": [{"Node Type": "Nested Loop", "Parent Relationship": "Outer", "Join Type": "Inner", "Startup Cost": 3369.54, "Total Cost": 64889.51, "Plan Rows": 1, "Plan Width": 45, "Actual Min Startup Time": 81.529, "Actual Max Startup Time": 81.529, "Actual Min Total Time": 128.829, "Actual Max Total Time": 128.829, "Inner Unique": true, "Plans": [{"Node Type": "Nested Loop", "Parent Relationship": "Outer", "Join Type": "Inner", "Startup Cost": 3369.54, "Total Cost": 64885.13, "Plan Rows": 1, "Plan Width": 49, "Actual Min Startup Time": 81.496, "Actual Max Startup Time": 81.496, "Actual Min Total Time": 128.07, "Actual Max Total Time": 128.07, "Inner Unique": false, "Plans": [{"Node Type": "Nested Loop", "Parent Relationship": "Outer", "Join Type": "Inner", "Startup Cost": 3369.54, "Total Cost": 64884.27, "Plan Rows": 1, "Plan Width": 29, "Actual Min Startup Time": 81.476, "Actual Max Startup Time": 81.476, "Actual Min Total Time": 127.263, "Actual Max Total Time": 127.263, "Inner Unique": false, "Join Filter": "(t.id = ci.movie_id)", "Rows Removed by Join Filter": 0, "Plans": [{"Node Type": "Nested Loop", "Parent Relationship": "Outer", "Join Type": "Inner", "Startup Cost": 3369.54, "Total Cost": 64828.49, "Plan Rows": 2, "Plan Width": 29, "Actual Min Startup Time": 81.441, "Actual Max Startup Time": 81.441, "Actual Min Total Time": 126.75, "Actual Max Total Time": 126.75, "Inner Unique": false, "Plans": [{"Node Type": "Streaming(type: LOCAL GATHER dop: 1/64)", "Parent Relationship": "Outer", "Startup Cost": 3369.54, "Total Cost": 64334.52, "Plan Rows": 43, "Plan Width": 21, "Actual Min Startup Time": 81.336, "Actual Max Startup Time": 81.336, "Actual Min Total Time": 126.394, "Actual Max Total Time": 126.394, "Plans": [{"Node Type": "Seq Scan", "Parent Relationship": "Outer", "Relation Name": "title", "Alias": "t", "Startup Cost": 3369.54, "Total Cost": 64333.63, "Plan Rows": 43, "Plan Width": 21, "Actual Min Startup Time": 11.827, "Actual Max Startup Time": 38.588, "Actual Min Total Time": 14.967, "Actual Max Total Time": 38.588, "Filter": "((production_year >= 2006) AND (production_year <= 2007) AND (((title)::text ~~ 'One Piece%'::text) OR ((title)::text ~~ 'Dragon Ball Z%'::text)))", "Rows Removed by Filter": 2528304, "Actual Rows": 7}], "Actual Rows": 7}, {"Node Type": "Index Scan", "Parent Relationship": "Inner", "Scan Direction": "Forward", "Index Name": "movie_id_movie_companies", "Relation Name": "movie_companies", "Alias": "mc", "Startup Cost": 0.0, "Total Cost": 11.48, "Plan Rows": 1, "Plan Width": 8, "Actual Min Startup Time": 0.272, "Actual Max Startup Time": 0.272, "Actual Min Total Time": 0.284, "Actual Max Total Time": 0.284, "Index Cond": "(movie_id = t.id)", "Rows Removed by Index Recheck": 0, "Filter": "(((note)::text ~~ '%(Japan)%'::text) AND ((note)::text !~~ '%(USA)%'::text) AND (((note)::text ~~ '%(2006)%'::text) OR ((note)::text ~~ '%(2007)%'::text)))", "Rows Removed by Filter": 13, "Actual Rows": 4}], "Actual Rows": 4}, {"Node Type": "Index Scan", "Parent Relationship": "Inner", "Scan Direction": "Forward", "Index Name": "movie_id_cast_info", "Relation Name": "cast_info", "Alias": "ci", "Startup Cost": 0.0, "Total Cost": 27.88, "Plan Rows": 1, "Plan Width": 12, "Actual Min Startup Time": 0.149, "Actual Max Startup Time": 0.149, "Actual Min Total Time": 0.418, "Actual Max Total Time": 0.418, "Index Cond": "(movie_id = mc.movie_id)", "Rows Removed by Index Recheck": 0, "Filter": "((note)::text = '(voice: English version)'::text)", "Rows Removed by Filter": 68, "Actual Rows": 104}], "Actual Rows": 104}, {"Node Type": "Index Scan", "Parent Relationship": "Inner", "Scan Direction": "Forward", "Index Name": "person_id_aka_name", "Relation Name": "aka_name", "Alias": "an", "Startup Cost": 0.0, "Total Cost": 0.84, "Plan Rows": 1, "Plan Width": 20, "Actual Min Startup Time": 0.573, "Actual Max Startup Time": 0.573, "Actual Min Total Time": 0.686, "Actual Max Total Time": 0.686, "Index Cond": "(person_id = ci.person_id)", "Rows Removed by Index Recheck": 0, "Actual Rows": 171}], "Actual Rows": 171}, {"Node Type": "Index Scan", "Parent Relationship": "Inner", "Scan Direction": "Forward", "Index Name": "company_name_pkey", "Relation Name": "company_name", "Alias": "cn", "Startup Cost": 0.0, "Total Cost": 4.37, "Plan Rows": 1, "Plan Width": 4, "Actual Min Startup Time": 0.589, "Actual Max Startup Time": 0.589, "Actual Min Total Time": 0.589, "Actual Max Total Time": 0.589, "Index Cond": "(id = mc.company_id)", "Rows Removed by Index Recheck": 0, "Filter": "((country_code)::text = '[jp]'::text)", "Rows Removed by Filter": 0, "Actual Rows": 171}], "Actual Rows": 171}, {"Node Type": "Index Scan", "Parent Relationship": "Inner", "Scan Direction": "Forward", "Index Name": "name_pkey", "Relation Name": "name", "Alias": "n", "Startup Cost": 0.0, "Total Cost": 0.57, "Plan Rows": 1, "Plan Width": 4, "Actual Min Startup Time": 0.882, "Actual Max Startup Time": 0.882, "Actual Min Total Time": 0.882, "Actual Max Total Time": 0.882, "Index Cond": "(id = an.person_id)", "Rows Removed by Index Recheck": 0, "Filter": "(((name)::text ~~ '%Yo%'::text) AND ((name)::text !~~ '%Yu%'::text))", "Rows Removed by Filter": 165, "Actual Rows": 6}], "Actual Rows": 6}, {"Node Type": "Index Scan", "Parent Relationship": "Inner", "Scan Direction": "Forward", "Index Name": "role_type_pkey", "Relation Name": "role_type", "Alias": "rt", "Startup Cost": 0.0, "Total Cost": 0.27, "Plan Rows": 1, "Plan Width": 4, "Actual Min Startup Time": 0.03, "Actual Max Startup Time": 0.03, "Actual Min Total Time": 0.03, "Actual Max Total Time": 0.03, "Index Cond": "(id = ci.role_id)", "Rows Removed by Index Recheck": 0, "Filter": "((role)::text = 'actress'::text)", "Rows Removed by Filter": 0, "Actual Rows": 6}], "Actual Rows": 6}], "Actual Rows": 1}, "Triggers": [], "Planner Runtime": 31.722, "Total Runtime": 142.327, "Unique SQL Id": 3956435728}}, "(64, '33')": {"explain_plan": {"Plan": {"Node Type": "Aggregate", "Strategy": "Plain", "Startup Cost": 82294.12, "Total Cost": 82294.13, "Plan Rows": 1, "Plan Width": 97, "Plans": [{"Node Type": "Nested Loop", "Parent Relationship": "Outer", "Join Type": "Inner", "Startup Cost": 2780.8, "Total Cost": 82294.12, "Plan Rows": 1, "Plan Width": 33, "Inner Unique": true, "Plans": [{"Node Type": "Nested Loop", "Parent Relationship": "Outer", "Join Type": "Inner", "Startup Cost": 2780.8, "Total Cost": 82293.84, "Plan Rows": 1, "Plan Width": 37, "Inner Unique": true, "Plans": [{"Node Type": "Nested Loop", "Parent Relationship": "Outer", "Join Type": "Inner", "Startup Cost": 2780.8, "Total Cost": 82293.26, "Plan Rows": 1, "Plan Width": 45, "Inner Unique": false, "Plans": [{"Node Type": "Nested Loop", "Parent Relationship": "Outer", "Join Type": "Inner", "Startup Cost": 2780.8, "Total Cost": 82292.4, "Plan Rows": 1, "Plan Width": 25, "Inner Unique": false, "Join Filter": "(t.id = ci.movie_id)", "Plans": [{"Node Type": "Nested Loop", "Parent Relationship": "Outer", "Join Type": "Inner", "Startup Cost": 2780.8, "Total Cost": 82236.62, "Plan Rows": 2, "Plan Width": 25, "Inner Unique": true, "Plans": [{"Node Type": "Nested Loop", "Parent Relationship": "Outer", "Join Type": "Inner", "Startup Cost": 2780.8, "Total Cost": 80174.39, "Plan Rows": 262, "Plan Width": 4, "Inner Unique": false, "Plans": [{"Node Type": "Bitmap Heap Scan", "Parent Relationship": "Outer", "Relation Name": "company_name", "Alias": "cn", "Startup Cost": 2780.8, "Total Cost": 8684.25, "Plan Rows": 6290, "Plan Width": 4, "Filter": "((country_code)::text = '[jp]'::text)", "Plans": [{"Node Type": "Bitmap Index Scan", "Parent Relationship": "Outer", "Index Name": "company_name_pkey", "Startup Cost": 0.0, "Total Cost": 2779.23, "Plan Rows": 234996, "Plan Width": 0}]}, {"Node Type": "Index Scan", "Parent Relationship": "Inner", "Scan Direction": "Forward", "Index Name": "company_id_movie_companies", "Relation Name": "movie_companies", "Alias": "mc", "Startup Cost": 0.0, "Total Cost": 11.36, "Plan Rows": 1, "Plan Width": 8, "Index Cond": "(company_id = cn.id)", "Filter": "(((note)::text ~~ '%(Japan)%'::text) AND ((note)::text !~~ '%(USA)%'::text) AND (((note)::text ~~ '%(2006)%'::text) OR ((note)::text ~~ '%(2007)%'::text)))"}]}, {"Node Type": "Index Scan", "Parent Relationship": "Inner", "Scan Direction": "Forward", "Index Name": "title_pkey", "Relation Name": "title", "Alias": "t", "Startup Cost": 0.0, "Total Cost": 7.86, "Plan Rows": 1, "Plan Width": 21, "Index Cond": "(id = mc.movie_id)", "Filter": "((production_year >= 2006) AND (production_year <= 2007) AND (((title)::text ~~ 'One Piece%'::text) OR ((title)::text ~~ 'Dragon Ball Z%'::text)))"}]}, {"Node Type": "Index Scan", "Parent Relationship": "Inner", "Scan Direction": "Forward", "Index Name": "movie_id_cast_info", "Relation Name": "cast_info", "Alias": "ci", "Startup Cost": 0.0, "Total Cost": 27.88, "Plan Rows": 1, "Plan Width": 12, "Index Cond": "(movie_id = mc.movie_id)", "Filter": "((note)::text = '(voice: English version)'::text)"}]}, {"Node Type": "Index Scan", "Parent Relationship": "Inner", "Scan Direction": "Forward", "Index Name": "person_id_aka_name", "Relation Name": "aka_name", "Alias": "an", "Startup Cost": 0.0, "Total Cost": 0.84, "Plan Rows": 1, "Plan Width": 20, "Index Cond": "(person_id = ci.person_id)"}]}, {"Node Type": "Index Scan", "Parent Relationship": "Inner", "Scan Direction": "Forward", "Index Name": "name_pkey", "Relation Name": "name", "Alias": "n", "Startup Cost": 0.0, "Total Cost": 0.57, "Plan Rows": 1, "Plan Width": 4, "Index Cond": "(id = an.person_id)", "Filter": "(((name)::text ~~ '%Yo%'::text) AND ((name)::text !~~ '%Yu%'::text))"}]}, {"Node Type": "Index Scan", "Parent Relationship": "Inner", "Scan Direction": "Forward", "Index Name": "role_type_pkey", "Relation Name": "role_type", "Alias": "rt", "Startup Cost": 0.0, "Total Cost": 0.27, "Plan Rows": 1, "Plan Width": 4, "Index Cond": "(id = ci.role_id)", "Filter": "((role)::text = 'actress'::text)"}]}]}, "Unique SQL Id": 3956435728, "Planner Runtime": 15}, "explain_analyze_plan": null}, "(64, '34')": {"explain_plan": {"Plan": {"Node Type": "Aggregate", "Strategy": "Plain", "Startup Cost": 64933.13, "Total Cost": 64933.14, "Plan Rows": 1, "Plan Width": 97, "Plans": [{"Node Type": "Nested Loop", "Parent Relationship": "Outer", "Join Type": "Inner", "Startup Cost": 3380.01, "Total Cost": 64933.12, "Plan Rows": 1, "Plan Width": 33, "Inner Unique": true, "Join Filter": "(ci.role_id = rt.id)", "Plans": [{"Node Type": "Nested Loop", "Parent Relationship": "Outer", "Join Type": "Inner", "Startup Cost": 3380.01, "Total Cost": 64931.96, "Plan Rows": 1, "Plan Width": 37, "Inner Unique": true, "Plans": [{"Node Type": "Nested Loop", "Parent Relationship": "Outer", "Join Type": "Inner", "Startup Cost": 3379.69, "Total Cost": 64927.61, "Plan Rows": 1, "Plan Width": 45, "Inner Unique": true, "Plans": [{"Node Type": "Nested Loop", "Parent Relationship": "Outer", "Join Type": "Inner", "Startup Cost": 3378.46, "Total Cost": 64922.35, "Plan Rows": 1, "Plan Width": 49, "Inner Unique": false, "Plans": [{"Node Type": "Nested Loop", "Parent Relationship": "Outer", "Join Type": "Inner", "Startup Cost": 3378.08, "Total Cost": 64917.95, "Plan Rows": 1, "Plan Width": 29, "Inner Unique": false, "Join Filter": "(t.id = ci.movie_id)", "Plans": [{"Node Type": "Nested Loop", "Parent Relationship": "Outer", "Join Type": "Inner", "Startup Cost": 3373.8, "Total Cost": 64861.38, "Plan Rows": 2, "Plan Width": 29, "Inner Unique": false, "Plans": [{"Node Type": "Streaming(type: LOCAL GATHER dop: 1/64)", "Parent Relationship": "Outer", "Startup Cost": 3369.54, "Total Cost": 64334.52, "Plan Rows": 43, "Plan Width": 21, "Plans": [{"Node Type": "Seq Scan", "Parent Relationship": "Outer", "Relation Name": "title", "Alias": "t", "Startup Cost": 3369.54, "Total Cost": 64333.63, "Plan Rows": 43, "Plan Width": 21, "Filter": "((production_year >= 2006) AND (production_year <= 2007) AND (((title)::text ~~ 'One Piece%'::text) OR ((title)::text ~~ 'Dragon Ball Z%'::text)))"}]}, {"Node Type": "Bitmap Heap Scan", "Parent Relationship": "Inner", "Relation Name": "movie_companies", "Alias": "mc", "Startup Cost": 4.27, "Total Cost": 12.24, "Plan Rows": 1, "Plan Width": 8, "Recheck Cond": "(movie_id = t.id)", "Filter": "(((note)::text ~~ '%(Japan)%'::text) AND ((note)::text !~~ '%(USA)%'::text) AND (((note)::text ~~ '%(2006)%'::text) OR ((note)::text ~~ '%(2007)%'::text)))", "Plans": [{"Node Type": "Bitmap Index Scan", "Parent Relationship": "Outer", "Index Name": "movie_id_movie_companies", "Startup Cost": 0.0, "Total Cost": 4.26, "Plan Rows": 2, "Plan Width": 0, "Index Cond": "(movie_id = t.id)"}]}]}, {"Node Type": "Bitmap Heap Scan", "Parent Relationship": "Inner", "Relation Name": "cast_info", "Alias": "ci", "Startup Cost": 4.27, "Total Cost": 28.27, "Plan Rows": 1, "Plan Width": 12, "Recheck Cond": "(movie_id = mc.movie_id)", "Filter": "((note)::text = '(voice: English version)'::text)", "Plans": [{"Node Type": "Bitmap Index Scan", "Parent Relationship": "Outer", "Index Name": "movie_id_cast_info", "Startup Cost": 0.0, "Total Cost": 4.27, "Plan Rows": 6, "Plan Width": 0, "Index Cond": "(movie_id = mc.movie_id)"}]}]}, {"Node Type": "Bitmap Heap Scan", "Parent Relationship": "Inner", "Relation Name": "aka_name", "Alias": "an", "Startup Cost": 0.38, "Total Cost": 4.39, "Plan Rows": 1, "Plan Width": 20, "Recheck Cond": "(person_id = ci.person_id)", "Plans": [{"Node Type": "Bitmap Index Scan", "Parent Relationship": "Outer", "Index Name": "person_id_aka_name", "Startup Cost": 0.0, "Total Cost": 0.38, "Plan Rows": 1, "Plan Width": 0, "Index Cond": "(person_id = ci.person_id)"}]}]}, {"Node Type": "Bitmap Heap Scan", "Parent Relationship": "Inner", "Relation Name": "company_name", "Alias": "cn", "Startup Cost": 1.23, "Total Cost": 5.24, "Plan Rows": 1, "Plan Width": 4, "Recheck Cond": "(id = mc.company_id)", "Filter": "((country_code)::text = '[jp]'::text)", "Plans": [{"Node Type": "Bitmap Index Scan", "Parent Relationship": "Outer", "Index Name": "company_name_pkey", "Startup Cost": 0.0, "Total Cost": 1.23, "Plan Rows": 1, "Plan Width": 0, "Index Cond": "(id = mc.company_id)"}]}]}, {"Node Type": "Bitmap Heap Scan", "Parent Relationship": "Inner", "Relation Name": "name", "Alias": "n", "Startup Cost": 0.33, "Total Cost": 4.34, "Plan Rows": 1, "Plan Width": 4, "Recheck Cond": "(id = an.person_id)", "Filter": "(((name)::text ~~ '%Yo%'::text) AND ((name)::text !~~ '%Yu%'::text))", "Plans": [{"Node Type": "Bitmap Index Scan", "Parent Relationship": "Outer", "Index Name": "name_pkey", "Startup Cost": 0.0, "Total Cost": 0.33, "Plan Rows": 1, "Plan Width": 0, "Index Cond": "(id = an.person_id)"}]}]}, {"Node Type": "Seq Scan", "Parent Relationship": "Inner", "Relation Name": "role_type", "Alias": "rt", "Startup Cost": 0.0, "Total Cost": 1.15, "Plan Rows": 1, "Plan Width": 4, "Filter": "((role)::text = 'actress'::text)"}]}]}, "Unique SQL Id": 3956435728, "Planner Runtime": 28}, "explain_analyze_plan": {"Plan": {"Node Type": "Aggregate", "Strategy": "Plain", "Startup Cost": 64933.13, "Total Cost": 64933.14, "Plan Rows": 1, "Plan Width": 97, "Actual Min Startup Time": 156.871, "Actual Max Startup Time": 156.871, "Actual Min Total Time": 156.872, "Actual Max Total Time": 156.872, "Plans": [{"Node Type": "Nested Loop", "Parent Relationship": "Outer", "Join Type": "Inner", "Startup Cost": 3380.01, "Total Cost": 64933.12, "Plan Rows": 1, "Plan Width": 33, "Actual Min Startup Time": 132.628, "Actual Max Startup Time": 132.628, "Actual Min Total Time": 156.809, "Actual Max Total Time": 156.809, "Inner Unique": true, "Join Filter": "(ci.role_id = rt.id)", "Rows Removed by Join Filter": 0, "Plans": [{"Node Type": "Nested Loop", "Parent Relationship": "Outer", "Join Type": "Inner", "Startup Cost": 3380.01, "Total Cost": 64931.96, "Plan Rows": 1, "Plan Width": 37, "Actual Min Startup Time": 132.608, "Actual Max Startup Time": 132.608, "Actual Min Total Time": 156.755, "Actual Max Total Time": 156.755, "Inner Unique": true, "Plans": [{"Node Type": "Nested Loop", "Parent Relationship": "Outer", "Join Type": "Inner", "Startup Cost": 3379.69, "Total Cost": 64927.61, "Plan Rows": 1, "Plan Width": 45, "Actual Min Startup Time": 131.505, "Actual Max Startup Time": 131.505, "Actual Min Total Time": 155.6, "Actual Max Total Time": 155.6, "Inner Unique": true, "Plans": [{"Node Type": "Nested Loop", "Parent Relationship": "Outer", "Join Type": "Inner", "Startup Cost": 3378.46, "Total Cost": 64922.35, "Plan Rows": 1, "Plan Width": 49, "Actual Min Startup Time": 131.484, "Actual Max Startup Time": 131.484, "Actual Min Total Time": 154.653, "Actual Max Total Time": 154.653, "Inner Unique": false, "Plans": [{"Node Type": "Nested Loop", "Parent Relationship": "Outer", "Join Type": "Inner", "Startup Cost": 3378.08, "Total Cost": 64917.95, "Plan Rows": 1, "Plan Width": 29, "Actual Min Startup Time": 131.456, "Actual Max Startup Time": 131.456, "Actual Min Total Time": 153.642, "Actual Max Total Time": 153.642, "Inner Unique": false, "Join Filter": "(t.id = ci.movie_id)", "Rows Removed by Join Filter": 0, "Plans": [{"Node Type": "Nested Loop", "Parent Relationship": "Outer", "Join Type": "Inner", "Startup Cost": 3373.8, "Total Cost": 64861.38, "Plan Rows": 2, "Plan Width": 29, "Actual Min Startup Time": 130.603, "Actual Max Startup Time": 130.603, "Actual Min Total Time": 153.108, "Actual Max Total Time": 153.108, "Inner Unique": false, "Plans": [{"Node Type": "Streaming(type: LOCAL GATHER dop: 1/64)", "Parent Relationship": "Outer", "Startup Cost": 3369.54, "Total Cost": 64334.52, "Plan Rows": 43, "Plan Width": 21, "Actual Min Startup Time": 123.928, "Actual Max Startup Time": 123.928, "Actual Min Total Time": 152.691, "Actual Max Total Time": 152.691, "Plans": [{"Node Type": "Seq Scan", "Parent Relationship": "Outer", "Relation Name": "title", "Alias": "t", "Startup Cost": 3369.54, "Total Cost": 64333.63, "Plan Rows": 43, "Plan Width": 21, "Actual Min Startup Time": 11.76, "Actual Max Startup Time": 34.023, "Actual Min Total Time": 14.755, "Actual Max Total Time": 34.023, "Filter": "((production_year >= 2006) AND (production_year <= 2007) AND (((title)::text ~~ 'One Piece%'::text) OR ((title)::text ~~ 'Dragon Ball Z%'::text)))", "Rows Removed by Filter": 2528304, "Actual Rows": 7}], "Actual Rows": 7}, {"Node Type": "Bitmap Heap Scan", "Parent Relationship": "Inner", "Relation Name": "movie_companies", "Alias": "mc", "Startup Cost": 4.27, "Total Cost": 12.24, "Plan Rows": 1, "Plan Width": 8, "Actual Min Startup Time": 0.327, "Actual Max Startup Time": 0.327, "Actual Min Total Time": 0.337, "Actual Max Total Time": 0.337, "Recheck Cond": "(movie_id = t.id)", "Rows Removed by Index Recheck": 0, "Filter": "(((note)::text ~~ '%(Japan)%'::text) AND ((note)::text !~~ '%(USA)%'::text) AND (((note)::text ~~ '%(2006)%'::text) OR ((note)::text ~~ '%(2007)%'::text)))", "Rows Removed by Filter": 13, "Exact Heap Blocks": 13, "Lossy Heap Blocks": 13, "Plans": [{"Node Type": "Bitmap Index Scan", "Parent Relationship": "Outer", "Index Name": "movie_id_movie_companies", "Startup Cost": 0.0, "Total Cost": 4.26, "Plan Rows": 2, "Plan Width": 0, "Actual Min Startup Time": 0.16, "Actual Max Startup Time": 0.16, "Actual Min Total Time": 0.16, "Actual Max Total Time": 0.16, "Index Cond": "(movie_id = t.id)", "Actual Rows": 17}], "Actual Rows": 4}], "Actual Rows": 4}, {"Node Type": "Bitmap Heap Scan", "Parent Relationship": "Inner", "Relation Name": "cast_info", "Alias": "ci", "Startup Cost": 4.27, "Total Cost": 28.27, "Plan Rows": 1, "Plan Width": 12, "Actual Min Startup Time": 0.196, "Actual Max Startup Time": 0.196, "Actual Min Total Time": 0.463, "Actual Max Total Time": 0.463, "Recheck Cond": "(movie_id = mc.movie_id)", "Rows Removed by Index Recheck": 0, "Filter": "((note)::text = '(voice: English version)'::text)", "Rows Removed by Filter": 68, "Exact Heap Blocks": 133, "Lossy Heap Blocks": 133, "Plans": [{"Node Type": "Bitmap Index Scan", "Parent Relationship": "Outer", "Index Name": "movie_id_cast_info", "Startup Cost": 0.0, "Total Cost": 4.27, "Plan Rows": 6, "Plan Width": 0, "Actual Min Startup Time": 0.075, "Actual Max Startup Time": 0.075, "Actual Min Total Time": 0.075, "Actual Max Total Time": 0.075, "Index Cond": "(movie_id = mc.movie_id)", "Actual Rows": 172}], "Actual Rows": 104}], "Actual Rows": 104}, {"Node Type": "Bitmap Heap Scan", "Parent Relationship": "Inner", "Relation Name": "aka_name", "Alias": "an", "Startup Cost": 0.38, "Total Cost": 4.39, "Plan Rows": 1, "Plan Width": 20, "Actual Min Startup Time": 0.752, "Actual Max Startup Time": 0.752, "Actual Min Total Time": 0.827, "Actual Max Total Time": 0.827, "Recheck Cond": "(person_id = ci.person_id)", "Rows Removed by Index Recheck": 0, "Exact Heap Blocks": 105, "Lossy Heap Blocks": 105, "Plans": [{"Node Type": "Bitmap Index Scan", "Parent Relationship": "Outer", "Index Name": "person_id_aka_name", "Startup Cost": 0.0, "Total Cost": 0.38, "Plan Rows": 1, "Plan Width": 0, "Actual Min Startup Time": 0.529, "Actual Max Startup Time": 0.529, "Actual Min Total Time": 0.529, "Actual Max Total Time": 0.529, "Index Cond": "(person_id = ci.person_id)", "Actual Rows": 171}], "Actual Rows": 171}], "Actual Rows": 171}, {"Node Type": "Bitmap Heap Scan", "Parent Relationship": "Inner", "Relation Name": "company_name", "Alias": "cn", "Startup Cost": 1.23, "Total Cost": 5.24, "Plan Rows": 1, "Plan Width": 4, "Actual Min Startup Time": 0.704, "Actual Max Startup Time": 0.704, "Actual Min Total Time": 0.704, "Actual Max Total Time": 0.704, "Recheck Cond": "(id = mc.company_id)", "Rows Removed by Index Recheck": 0, "Filter": "((country_code)::text = '[jp]'::text)", "Rows Removed by Filter": 0, "Exact Heap Blocks": 171, "Lossy Heap Blocks": 171, "Plans": [{"Node Type": "Bitmap Index Scan", "Parent Relationship": "Outer", "Index Name": "company_name_pkey", "Startup Cost": 0.0, "Total Cost": 1.23, "Plan Rows": 1, "Plan Width": 0, "Actual Min Startup Time": 0.421, "Actual Max Startup Time": 0.421, "Actual Min Total Time": 0.421, "Actual Max Total Time": 0.421, "Index Cond": "(id = mc.company_id)", "Actual Rows": 171}], "Actual Rows": 171}], "Actual Rows": 171}, {"Node Type": "Bitmap Heap Scan", "Parent Relationship": "Inner", "Relation Name": "name", "Alias": "n", "Startup Cost": 0.33, "Total Cost": 4.34, "Plan Rows": 1, "Plan Width": 4, "Actual Min Startup Time": 0.954, "Actual Max Startup Time": 0.954, "Actual Min Total Time": 0.954, "Actual Max Total Time": 0.954, "Recheck Cond": "(id = an.person_id)", "Rows Removed by Index Recheck": 0, "Filter": "(((name)::text ~~ '%Yo%'::text) AND ((name)::text !~~ '%Yu%'::text))", "Rows Removed by Filter": 165, "Exact Heap Blocks": 171, "Lossy Heap Blocks": 171, "Plans": [{"Node Type": "Bitmap Index Scan", "Parent Relationship": "Outer", "Index Name": "name_pkey", "Startup Cost": 0.0, "Total Cost": 0.33, "Plan Rows": 1, "Plan Width": 0, "Actual Min Startup Time": 0.601, "Actual Max Startup Time": 0.601, "Actual Min Total Time": 0.601, "Actual Max Total Time": 0.601, "Index Cond": "(id = an.person_id)", "Actual Rows": 171}], "Actual Rows": 6}], "Actual Rows": 6}, {"Node Type": "Seq Scan", "Parent Relationship": "Inner", "Relation Name": "role_type", "Alias": "rt", "Startup Cost": 0.0, "Total Cost": 1.15, "Plan Rows": 1, "Plan Width": 4, "Actual Min Startup Time": 0.03, "Actual Max Startup Time": 0.03, "Actual Min Total Time": 0.03, "Actual Max Total Time": 0.03, "Filter": "((role)::text = 'actress'::text)", "Rows Removed by Filter": 6, "Actual Rows": 6}], "Actual Rows": 6}], "Actual Rows": 1}, "Triggers": [], "Planner Runtime": 43.476, "Total Runtime": 170.805, "Unique SQL Id": 3956435728}}, "(64, '35')": {"explain_plan": {"Plan": {"Node Type": "Aggregate", "Strategy": "Plain", "Startup Cost": 108949.86, "Total Cost": 108949.87, "Plan Rows": 1, "Plan Width": 97, "Plans": [{"Node Type": "Nested Loop", "Parent Relationship": "Outer", "Join Type": "Inner", "Startup Cost": 2793.35, "Total Cost": 108949.85, "Plan Rows": 1, "Plan Width": 33, "Inner Unique": true, "Plans": [{"Node Type": "Nested Loop", "Parent Relationship": "Outer", "Join Type": "Inner", "Startup Cost": 2793.09, "Total Cost": 108945.57, "Plan Rows": 1, "Plan Width": 37, "Inner Unique": true, "Plans": [{"Node Type": "Nested Loop", "Parent Relationship": "Outer", "Join Type": "Inner", "Startup Cost": 2792.76, "Total Cost": 108941.22, "Plan Rows": 1, "Plan Width": 45, "Inner Unique": false, "Plans": [{"Node Type": "Nested Loop", "Parent Relationship": "Outer", "Join Type": "Inner", "Startup Cost": 2792.38, "Total Cost": 108936.81, "Plan Rows": 1, "Plan Width": 25, "Inner Unique": false, "Join Filter": "(t.id = ci.movie_id)", "Plans": [{"Node Type": "Nested Loop", "Parent Relationship": "Outer", "Join Type": "Inner", "Startup Cost": 2788.11, "Total Cost": 108880.24, "Plan Rows": 2, "Plan Width": 25, "Inner Unique": true, "Plans": [{"Node Type": "Nested Loop", "Parent Relationship": "Outer", "Join Type": "Inner", "Startup Cost": 2784.18, "Total Cost": 106793.84, "Plan Rows": 262, "Plan Width": 4, "Inner Unique": false, "Plans": [{"Node Type": "Bitmap Heap Scan", "Parent Relationship": "Outer", "Relation Name": "company_name", "Alias": "cn", "Startup Cost": 2780.8, "Total Cost": 8684.25, "Plan Rows": 6290, "Plan Width": 4, "Filter": "((country_code)::text = '[jp]'::text)", "Plans": [{"Node Type": "Bitmap Index Scan", "Parent Relationship": "Outer", "Index Name": "company_name_pkey", "Startup Cost": 0.0, "Total Cost": 2779.23, "Plan Rows": 234996, "Plan Width": 0}]}, {"Node Type": "Bitmap Heap Scan", "Parent Relationship": "Inner", "Relation Name": "movie_companies", "Alias": "mc", "Startup Cost": 3.37, "Total Cost": 15.59, "Plan Rows": 1, "Plan Width": 8, "Recheck Cond": "(company_id = cn.id)", "Filter": "(((note)::text ~~ '%(Japan)%'::text) AND ((note)::text !~~ '%(USA)%'::text) AND (((note)::text ~~ '%(2006)%'::text) OR ((note)::text ~~ '%(2007)%'::text)))", "Plans": [{"Node Type": "Bitmap Index Scan", "Parent Relationship": "Outer", "Index Name": "company_id_movie_companies", "Startup Cost": 0.0, "Total Cost": 3.37, "Plan Rows": 15, "Plan Width": 0, "Index Cond": "(company_id = cn.id)"}]}]}, {"Node Type": "Bitmap Heap Scan", "Parent Relationship": "Inner", "Relation Name": "title", "Alias": "t", "Startup Cost": 3.93, "Total Cost": 7.95, "Plan Rows": 1, "Plan Width": 21, "Recheck Cond": "(id = mc.movie_id)", "Filter": "((production_year >= 2006) AND (production_year <= 2007) AND (((title)::text ~~ 'One Piece%'::text) OR ((title)::text ~~ 'Dragon Ball Z%'::text)))", "Plans": [{"Node Type": "Bitmap Index Scan", "Parent Relationship": "Outer", "Index Name": "title_pkey", "Startup Cost": 0.0, "Total Cost": 3.93, "Plan Rows": 1, "Plan Width": 0, "Index Cond": "(id = mc.movie_id)"}]}]}, {"Node Type": "Bitmap Heap Scan", "Parent Relationship": "Inner", "Relation Name": "cast_info", "Alias": "ci", "Startup Cost": 4.27, "Total Cost": 28.27, "Plan Rows": 1, "Plan Width": 12, "Recheck Cond": "(movie_id = mc.movie_id)", "Filter": "((note)::text = '(voice: English version)'::text)", "Plans": [{"Node Type": "Bitmap Index Scan", "Parent Relationship": "Outer", "Index Name": "movie_id_cast_info", "Startup Cost": 0.0, "Total Cost": 4.27, "Plan Rows": 6, "Plan Width": 0, "Index Cond": "(movie_id = mc.movie_id)"}]}]}, {"Node Type": "Bitmap Heap Scan", "Parent Relationship": "Inner", "Relation Name": "aka_name", "Alias": "an", "Startup Cost": 0.38, "Total Cost": 4.39, "Plan Rows": 1, "Plan Width": 20, "Recheck Cond": "(person_id = ci.person_id)", "Plans": [{"Node Type": "Bitmap Index Scan", "Parent Relationship": "Outer", "Index Name": "person_id_aka_name", "Startup Cost": 0.0, "Total Cost": 0.38, "Plan Rows": 1, "Plan Width": 0, "Index Cond": "(person_id = ci.person_id)"}]}]}, {"Node Type": "Bitmap Heap Scan", "Parent Relationship": "Inner", "Relation Name": "name", "Alias": "n", "Startup Cost": 0.33, "Total Cost": 4.34, "Plan Rows": 1, "Plan Width": 4, "Recheck Cond": "(id = an.person_id)", "Filter": "(((name)::text ~~ '%Yo%'::text) AND ((name)::text !~~ '%Yu%'::text))", "Plans": [{"Node Type": "Bitmap Index Scan", "Parent Relationship": "Outer", "Index Name": "name_pkey", "Startup Cost": 0.0, "Total Cost": 0.33, "Plan Rows": 1, "Plan Width": 0, "Index Cond": "(id = an.person_id)"}]}]}, {"Node Type": "Bitmap Heap Scan", "Parent Relationship": "Inner", "Relation Name": "role_type", "Alias": "rt", "Startup Cost": 0.26, "Total Cost": 4.27, "Plan Rows": 1, "Plan Width": 4, "Recheck Cond": "(id = ci.role_id)", "Filter": "((role)::text = 'actress'::text)", "Plans": [{"Node Type": "Bitmap Index Scan", "Parent Relationship": "Outer", "Index Name": "role_type_pkey", "Startup Cost": 0.0, "Total Cost": 0.26, "Plan Rows": 1, "Plan Width": 0, "Index Cond": "(id = ci.role_id)"}]}]}]}, "Unique SQL Id": 3956435728, "Planner Runtime": 12}, "explain_analyze_plan": {"Plan": {"Node Type": "Aggregate", "Strategy": "Plain", "Startup Cost": 108949.86, "Total Cost": 108949.87, "Plan Rows": 1, "Plan Width": 97, "Actual Startup Time": 454.404, "Actual Total Time": 454.405, "Actual Rows": 1, "Actual Loops": 1, "Plans": [{"Node Type": "Nested Loop", "Parent Relationship": "Outer", "Join Type": "Inner", "Startup Cost": 2793.35, "Total Cost": 108949.85, "Plan Rows": 1, "Plan Width": 33, "Actual Startup Time": 126.355, "Actual Total Time": 454.354, "Actual Rows": 6, "Actual Loops": 1, "Inner Unique": true, "Plans": [{"Node Type": "Nested Loop", "Parent Relationship": "Outer", "Join Type": "Inner", "Startup Cost": 2793.09, "Total Cost": 108945.57, "Plan Rows": 1, "Plan Width": 37, "Actual Startup Time": 126.34, "Actual Total Time": 454.31, "Actual Rows": 6, "Actual Loops": 1, "Inner Unique": true, "Plans": [{"Node Type": "Nested Loop", "Parent Relationship": "Outer", "Join Type": "Inner", "Startup Cost": 2792.76, "Total Cost": 108941.22, "Plan Rows": 1, "Plan Width": 45, "Actual Startup Time": 125.755, "Actual Total Time": 453.226, "Actual Rows": 171, "Actual Loops": 1, "Inner Unique": false, "Plans": [{"Node Type": "Nested Loop", "Parent Relationship": "Outer", "Join Type": "Inner", "Startup Cost": 2792.38, "Total Cost": 108936.81, "Plan Rows": 1, "Plan Width": 25, "Actual Startup Time": 125.731, "Actual Total Time": 452.322, "Actual Rows": 104, "Actual Loops": 1, "Inner Unique": false, "Join Filter": "(t.id = ci.movie_id)", "Rows Removed by Join Filter": 0, "Plans": [{"Node Type": "Nested Loop", "Parent Relationship": "Outer", "Join Type": "Inner", "Startup Cost": 2788.11, "Total Cost": 108880.24, "Plan Rows": 2, "Plan Width": 25, "Actual Startup Time": 125.673, "Actual Total Time": 451.843, "Actual Rows": 4, "Actual Loops": 1, "Inner Unique": true, "Plans": [{"Node Type": "Nested Loop", "Parent Relationship": "Outer", "Join Type": "Inner", "Startup Cost": 2784.18, "Total Cost": 106793.84, "Plan Rows": 262, "Plan Width": 4, "Actual Startup Time": 21.615, "Actual Total Time": 389.321, "Actual Rows": 8495, "Actual Loops": 1, "Inner Unique": false, "Plans": [{"Node Type": "Bitmap Heap Scan", "Parent Relationship": "Outer", "Relation Name": "company_name", "Alias": "cn", "Startup Cost": 2780.8, "Total Cost": 8684.25, "Plan Rows": 6290, "Plan Width": 4, "Actual Startup Time": 21.545, "Actual Total Time": 139.197, "Actual Rows": 6752, "Actual Loops": 1, "Filter": "((country_code)::text = '[jp]'::text)", "Rows Removed by Filter": 228244, "Exact Heap Blocks": 2966, "Lossy Heap Blocks": 2966, "Plans": [{"Node Type": "Bitmap Index Scan", "Parent Relationship": "Outer", "Index Name": "company_name_pkey", "Startup Cost": 0.0, "Total Cost": 2779.23, "Plan Rows": 234996, "Plan Width": 0, "Actual Startup Time": 21.066, "Actual Total Time": 21.066, "Actual Rows": 234996, "Actual Loops": 1}]}, {"Node Type": "Bitmap Heap Scan", "Parent Relationship": "Inner", "Relation Name": "movie_companies", "Alias": "mc", "Startup Cost": 3.37, "Total Cost": 15.59, "Plan Rows": 1, "Plan Width": 8, "Actual Startup Time": 134.789, "Actual Total Time": 238.582, "Actual Rows": 8495, "Actual Loops": 6752, "Recheck Cond": "(company_id = cn.id)", "Rows Removed by Index Recheck": 0, "Filter": "(((note)::text ~~ '%(Japan)%'::text) AND ((note)::text !~~ '%(USA)%'::text) AND (((note)::text ~~ '%(2006)%'::text) OR ((note)::text ~~ '%(2007)%'::text)))", "Rows Removed by Filter": 96500, "Exact Heap Blocks": 61861, "Lossy Heap Blocks": 61861, "Plans": [{"Node Type": "Bitmap Index Scan", "Parent Relationship": "Outer", "Index Name": "company_id_movie_companies", "Startup Cost": 0.0, "Total Cost": 3.37, "Plan Rows": 15, "Plan Width": 0, "Actual Startup Time": 52.102, "Actual Total Time": 52.102, "Actual Rows": 104995, "Actual Loops": 6752, "Index Cond": "(company_id = cn.id)"}]}]}, {"Node Type": "Bitmap Heap Scan", "Parent Relationship": "Inner", "Relation Name": "title", "Alias": "t", "Startup Cost": 3.93, "Total Cost": 7.95, "Plan Rows": 1, "Plan Width": 21, "Actual Startup Time": 52.556, "Actual Total Time": 52.556, "Actual Rows": 4, "Actual Loops": 8495, "Recheck Cond": "(id = mc.movie_id)", "Rows Removed by Index Recheck": 0, "Filter": "((production_year >= 2006) AND (production_year <= 2007) AND (((title)::text ~~ 'One Piece%'::text) OR ((title)::text ~~ 'Dragon Ball Z%'::text)))", "Rows Removed by Filter": 8491, "Exact Heap Blocks": 8495, "Lossy Heap Blocks": 8495, "Plans": [{"Node Type": "Bitmap Index Scan", "Parent Relationship": "Outer", "Index Name": "title_pkey", "Startup Cost": 0.0, "Total Cost": 3.93, "Plan Rows": 1, "Plan Width": 0, "Actual Startup Time": 25.939, "Actual Total Time": 25.939, "Actual Rows": 8495, "Actual Loops": 8495, "Index Cond": "(id = mc.movie_id)"}]}]}, {"Node Type": "Bitmap Heap Scan", "Parent Relationship": "Inner", "Relation Name": "cast_info", "Alias": "ci", "Startup Cost": 4.27, "Total Cost": 28.27, "Plan Rows": 1, "Plan Width": 12, "Actual Startup Time": 0.182, "Actual Total Time": 0.41, "Actual Rows": 104, "Actual Loops": 4, "Recheck Cond": "(movie_id = mc.movie_id)", "Rows Removed by Index Recheck": 0, "Filter": "((note)::text = '(voice: English version)'::text)", "Rows Removed by Filter": 68, "Exact Heap Blocks": 133, "Lossy Heap Blocks": 133, "Plans": [{"Node Type": "Bitmap Index Scan", "Parent Relationship": "Outer", "Index Name": "movie_id_cast_info", "Startup Cost": 0.0, "Total Cost": 4.27, "Plan Rows": 6, "Plan Width": 0, "Actual Startup Time": 0.058, "Actual Total Time": 0.058, "Actual Rows": 172, "Actual Loops": 4, "Index Cond": "(movie_id = mc.movie_id)"}]}]}, {"Node Type": "Bitmap Heap Scan", "Parent Relationship": "Inner", "Relation Name": "aka_name", "Alias": "an", "Startup Cost": 0.38, "Total Cost": 4.39, "Plan Rows": 1, "Plan Width": 20, "Actual Startup Time": 0.631, "Actual Total Time": 0.711, "Actual Rows": 171, "Actual Loops": 104, "Recheck Cond": "(person_id = ci.person_id)", "Rows Removed by Index Recheck": 0, "Exact Heap Blocks": 105, "Lossy Heap Blocks": 105, "Plans": [{"Node Type": "Bitmap Index Scan", "Parent Relationship": "Outer", "Index Name": "person_id_aka_name", "Startup Cost": 0.0, "Total Cost": 0.38, "Plan Rows": 1, "Plan Width": 0, "Actual Startup Time": 0.442, "Actual Total Time": 0.442, "Actual Rows": 171, "Actual Loops": 104, "Index Cond": "(person_id = ci.person_id)"}]}]}, {"Node Type": "Bitmap Heap Scan", "Parent Relationship": "Inner", "Relation Name": "name", "Alias": "n", "Startup Cost": 0.33, "Total Cost": 4.34, "Plan Rows": 1, "Plan Width": 4, "Actual Startup Time": 0.885, "Actual Total Time": 0.885, "Actual Rows": 6, "Actual Loops": 171, "Recheck Cond": "(id = an.person_id)", "Rows Removed by Index Recheck": 0, "Filter": "(((name)::text ~~ '%Yo%'::text) AND ((name)::text !~~ '%Yu%'::text))", "Rows Removed by Filter": 165, "Exact Heap Blocks": 171, "Lossy Heap Blocks": 171, "Plans": [{"Node Type": "Bitmap Index Scan", "Parent Relationship": "Outer", "Index Name": "name_pkey", "Startup Cost": 0.0, "Total Cost": 0.33, "Plan Rows": 1, "Plan Width": 0, "Actual Startup Time": 0.549, "Actual Total Time": 0.549, "Actual Rows": 171, "Actual Loops": 171, "Index Cond": "(id = an.person_id)"}]}]}, {"Node Type": "Bitmap Heap Scan", "Parent Relationship": "Inner", "Relation Name": "role_type", "Alias": "rt", "Startup Cost": 0.26, "Total Cost": 4.27, "Plan Rows": 1, "Plan Width": 4, "Actual Startup Time": 0.029, "Actual Total Time": 0.029, "Actual Rows": 6, "Actual Loops": 6, "Recheck Cond": "(id = ci.role_id)", "Rows Removed by Index Recheck": 0, "Filter": "((role)::text = 'actress'::text)", "Rows Removed by Filter": 0, "Exact Heap Blocks": 6, "Lossy Heap Blocks": 6, "Plans": [{"Node Type": "Bitmap Index Scan", "Parent Relationship": "Outer", "Index Name": "role_type_pkey", "Startup Cost": 0.0, "Total Cost": 0.26, "Plan Rows": 1, "Plan Width": 0, "Actual Startup Time": 0.01, "Actual Total Time": 0.01, "Actual Rows": 6, "Actual Loops": 6, "Index Cond": "(id = ci.role_id)"}]}]}]}, "Triggers": [], "Planner Runtime": 30.658, "Total Runtime": 454.866, "Unique SQL Id": 3956435728}}, "(64, '36')": {"explain_plan": {"Plan": {"Node Type": "Aggregate", "Strategy": "Plain", "Startup Cost": 64890.38, "Total Cost": 64890.39, "Plan Rows": 1, "Plan Width": 97, "Plans": [{"Node Type": "Nested Loop", "Parent Relationship": "Outer", "Join Type": "Inner", "Startup Cost": 3369.54, "Total Cost": 64890.38, "Plan Rows": 1, "Plan Width": 33, "Inner Unique": true, "Plans": [{"Node Type": "Nested Loop", "Parent Relationship": "Outer", "Join Type": "Inner", "Startup Cost": 3369.54, "Total Cost": 64890.09, "Plan Rows": 1, "Plan Width": 37, "Inner Unique": true, "Plans": [{"Node Type": "Nested Loop", "Parent Relationship": "Outer", "Join Type": "Inner", "Startup Cost": 3369.54, "Total Cost": 64889.51, "Plan Rows": 1, "Plan Width": 45, "Inner Unique": true, "Plans": [{"Node Type": "Nested Loop", "Parent Relationship": "Outer", "Join Type": "Inner", "Startup Cost": 3369.54, "Total Cost": 64885.13, "Plan Rows": 1, "Plan Width": 49, "Inner Unique": false, "Plans": [{"Node Type": "Nested Loop", "Parent Relationship": "Outer", "Join Type": "Inner", "Startup Cost": 3369.54, "Total Cost": 64884.27, "Plan Rows": 1, "Plan Width": 29, "Inner Unique": false, "Join Filter": "(t.id = ci.movie_id)", "Plans": [{"Node Type": "Nested Loop", "Parent Relationship": "Outer", "Join Type": "Inner", "Startup Cost": 3369.54, "Total Cost": 64828.49, "Plan Rows": 2, "Plan Width": 29, "Inner Unique": false, "Plans": [{"Node Type": "Streaming(type: LOCAL GATHER dop: 1/64)", "Parent Relationship": "Outer", "Startup Cost": 3369.54, "Total Cost": 64334.52, "Plan Rows": 43, "Plan Width": 21, "Plans": [{"Node Type": "Seq Scan", "Parent Relationship": "Outer", "Relation Name": "title", "Alias": "t", "Startup Cost": 3369.54, "Total Cost": 64333.63, "Plan Rows": 43, "Plan Width": 21, "Filter": "((production_year >= 2006) AND (production_year <= 2007) AND (((title)::text ~~ 'One Piece%'::text) OR ((title)::text ~~ 'Dragon Ball Z%'::text)))"}]}, {"Node Type": "Index Scan", "Parent Relationship": "Inner", "Scan Direction": "Forward", "Index Name": "movie_id_movie_companies", "Relation Name": "movie_companies", "Alias": "mc", "Startup Cost": 0.0, "Total Cost": 11.48, "Plan Rows": 1, "Plan Width": 8, "Index Cond": "(movie_id = t.id)", "Filter": "(((note)::text ~~ '%(Japan)%'::text) AND ((note)::text !~~ '%(USA)%'::text) AND (((note)::text ~~ '%(2006)%'::text) OR ((note)::text ~~ '%(2007)%'::text)))"}]}, {"Node Type": "Index Scan", "Parent Relationship": "Inner", "Scan Direction": "Forward", "Index Name": "movie_id_cast_info", "Relation Name": "cast_info", "Alias": "ci", "Startup Cost": 0.0, "Total Cost": 27.88, "Plan Rows": 1, "Plan Width": 12, "Index Cond": "(movie_id = mc.movie_id)", "Filter": "((note)::text = '(voice: English version)'::text)"}]}, {"Node Type": "Index Scan", "Parent Relationship": "Inner", "Scan Direction": "Forward", "Index Name": "person_id_aka_name", "Relation Name": "aka_name", "Alias": "an", "Startup Cost": 0.0, "Total Cost": 0.84, "Plan Rows": 1, "Plan Width": 20, "Index Cond": "(person_id = ci.person_id)"}]}, {"Node Type": "Index Scan", "Parent Relationship": "Inner", "Scan Direction": "Forward", "Index Name": "company_name_pkey", "Relation Name": "company_name", "Alias": "cn", "Startup Cost": 0.0, "Total Cost": 4.37, "Plan Rows": 1, "Plan Width": 4, "Index Cond": "(id = mc.company_id)", "Filter": "((country_code)::text = '[jp]'::text)"}]}, {"Node Type": "Index Scan", "Parent Relationship": "Inner", "Scan Direction": "Forward", "Index Name": "name_pkey", "Relation Name": "name", "Alias": "n", "Startup Cost": 0.0, "Total Cost": 0.57, "Plan Rows": 1, "Plan Width": 4, "Index Cond": "(id = an.person_id)", "Filter": "(((name)::text ~~ '%Yo%'::text) AND ((name)::text !~~ '%Yu%'::text))"}]}, {"Node Type": "Index Scan", "Parent Relationship": "Inner", "Scan Direction": "Forward", "Index Name": "role_type_pkey", "Relation Name": "role_type", "Alias": "rt", "Startup Cost": 0.0, "Total Cost": 0.27, "Plan Rows": 1, "Plan Width": 4, "Index Cond": "(id = ci.role_id)", "Filter": "((role)::text = 'actress'::text)"}]}]}, "Unique SQL Id": 3956435728, "Planner Runtime": 20}, "explain_analyze_plan": {"Plan": {"Node Type": "Aggregate", "Strategy": "Plain", "Startup Cost": 64890.38, "Total Cost": 64890.39, "Plan Rows": 1, "Plan Width": 97, "Actual Min Startup Time": 129.95, "Actual Max Startup Time": 129.95, "Actual Min Total Time": 129.951, "Actual Max Total Time": 129.951, "Plans": [{"Node Type": "Nested Loop", "Parent Relationship": "Outer", "Join Type": "Inner", "Startup Cost": 3369.54, "Total Cost": 64890.38, "Plan Rows": 1, "Plan Width": 33, "Actual Min Startup Time": 82.756, "Actual Max Startup Time": 82.756, "Actual Min Total Time": 129.873, "Actual Max Total Time": 129.873, "Inner Unique": true, "Plans": [{"Node Type": "Nested Loop", "Parent Relationship": "Outer", "Join Type": "Inner", "Startup Cost": 3369.54, "Total Cost": 64890.09, "Plan Rows": 1, "Plan Width": 37, "Actual Min Startup Time": 82.738, "Actual Max Startup Time": 82.738, "Actual Min Total Time": 129.822, "Actual Max Total Time": 129.822, "Inner Unique": true, "Plans": [{"Node Type": "Nested Loop", "Parent Relationship": "Outer", "Join Type": "Inner", "Startup Cost": 3369.54, "Total Cost": 64889.51, "Plan Rows": 1, "Plan Width": 45, "Actual Min Startup Time": 81.529, "Actual Max Startup Time": 81.529, "Actual Min Total Time": 128.829, "Actual Max Total Time": 128.829, "Inner Unique": true, "Plans": [{"Node Type": "Nested Loop", "Parent Relationship": "Outer", "Join Type": "Inner", "Startup Cost": 3369.54, "Total Cost": 64885.13, "Plan Rows": 1, "Plan Width": 49, "Actual Min Startup Time": 81.496, "Actual Max Startup Time": 81.496, "Actual Min Total Time": 128.07, "Actual Max Total Time": 128.07, "Inner Unique": false, "Plans": [{"Node Type": "Nested Loop", "Parent Relationship": "Outer", "Join Type": "Inner", "Startup Cost": 3369.54, "Total Cost": 64884.27, "Plan Rows": 1, "Plan Width": 29, "Actual Min Startup Time": 81.476, "Actual Max Startup Time": 81.476, "Actual Min Total Time": 127.263, "Actual Max Total Time": 127.263, "Inner Unique": false, "Join Filter": "(t.id = ci.movie_id)", "Rows Removed by Join Filter": 0, "Plans": [{"Node Type": "Nested Loop", "Parent Relationship": "Outer", "Join Type": "Inner", "Startup Cost": 3369.54, "Total Cost": 64828.49, "Plan Rows": 2, "Plan Width": 29, "Actual Min Startup Time": 81.441, "Actual Max Startup Time": 81.441, "Actual Min Total Time": 126.75, "Actual Max Total Time": 126.75, "Inner Unique": false, "Plans": [{"Node Type": "Streaming(type: LOCAL GATHER dop: 1/64)", "Parent Relationship": "Outer", "Startup Cost": 3369.54, "Total Cost": 64334.52, "Plan Rows": 43, "Plan Width": 21, "Actual Min Startup Time": 81.336, "Actual Max Startup Time": 81.336, "Actual Min Total Time": 126.394, "Actual Max Total Time": 126.394, "Plans": [{"Node Type": "Seq Scan", "Parent Relationship": "Outer", "Relation Name": "title", "Alias": "t", "Startup Cost": 3369.54, "Total Cost": 64333.63, "Plan Rows": 43, "Plan Width": 21, "Actual Min Startup Time": 11.827, "Actual Max Startup Time": 38.588, "Actual Min Total Time": 14.967, "Actual Max Total Time": 38.588, "Filter": "((production_year >= 2006) AND (production_year <= 2007) AND (((title)::text ~~ 'One Piece%'::text) OR ((title)::text ~~ 'Dragon Ball Z%'::text)))", "Rows Removed by Filter": 2528304, "Actual Rows": 7}], "Actual Rows": 7}, {"Node Type": "Index Scan", "Parent Relationship": "Inner", "Scan Direction": "Forward", "Index Name": "movie_id_movie_companies", "Relation Name": "movie_companies", "Alias": "mc", "Startup Cost": 0.0, "Total Cost": 11.48, "Plan Rows": 1, "Plan Width": 8, "Actual Min Startup Time": 0.272, "Actual Max Startup Time": 0.272, "Actual Min Total Time": 0.284, "Actual Max Total Time": 0.284, "Index Cond": "(movie_id = t.id)", "Rows Removed by Index Recheck": 0, "Filter": "(((note)::text ~~ '%(Japan)%'::text) AND ((note)::text !~~ '%(USA)%'::text) AND (((note)::text ~~ '%(2006)%'::text) OR ((note)::text ~~ '%(2007)%'::text)))", "Rows Removed by Filter": 13, "Actual Rows": 4}], "Actual Rows": 4}, {"Node Type": "Index Scan", "Parent Relationship": "Inner", "Scan Direction": "Forward", "Index Name": "movie_id_cast_info", "Relation Name": "cast_info", "Alias": "ci", "Startup Cost": 0.0, "Total Cost": 27.88, "Plan Rows": 1, "Plan Width": 12, "Actual Min Startup Time": 0.149, "Actual Max Startup Time": 0.149, "Actual Min Total Time": 0.418, "Actual Max Total Time": 0.418, "Index Cond": "(movie_id = mc.movie_id)", "Rows Removed by Index Recheck": 0, "Filter": "((note)::text = '(voice: English version)'::text)", "Rows Removed by Filter": 68, "Actual Rows": 104}], "Actual Rows": 104}, {"Node Type": "Index Scan", "Parent Relationship": "Inner", "Scan Direction": "Forward", "Index Name": "person_id_aka_name", "Relation Name": "aka_name", "Alias": "an", "Startup Cost": 0.0, "Total Cost": 0.84, "Plan Rows": 1, "Plan Width": 20, "Actual Min Startup Time": 0.573, "Actual Max Startup Time": 0.573, "Actual Min Total Time": 0.686, "Actual Max Total Time": 0.686, "Index Cond": "(person_id = ci.person_id)", "Rows Removed by Index Recheck": 0, "Actual Rows": 171}], "Actual Rows": 171}, {"Node Type": "Index Scan", "Parent Relationship": "Inner", "Scan Direction": "Forward", "Index Name": "company_name_pkey", "Relation Name": "company_name", "Alias": "cn", "Startup Cost": 0.0, "Total Cost": 4.37, "Plan Rows": 1, "Plan Width": 4, "Actual Min Startup Time": 0.589, "Actual Max Startup Time": 0.589, "Actual Min Total Time": 0.589, "Actual Max Total Time": 0.589, "Index Cond": "(id = mc.company_id)", "Rows Removed by Index Recheck": 0, "Filter": "((country_code)::text = '[jp]'::text)", "Rows Removed by Filter": 0, "Actual Rows": 171}], "Actual Rows": 171}, {"Node Type": "Index Scan", "Parent Relationship": "Inner", "Scan Direction": "Forward", "Index Name": "name_pkey", "Relation Name": "name", "Alias": "n", "Startup Cost": 0.0, "Total Cost": 0.57, "Plan Rows": 1, "Plan Width": 4, "Actual Min Startup Time": 0.882, "Actual Max Startup Time": 0.882, "Actual Min Total Time": 0.882, "Actual Max Total Time": 0.882, "Index Cond": "(id = an.person_id)", "Rows Removed by Index Recheck": 0, "Filter": "(((name)::text ~~ '%Yo%'::text) AND ((name)::text !~~ '%Yu%'::text))", "Rows Removed by Filter": 165, "Actual Rows": 6}], "Actual Rows": 6}, {"Node Type": "Index Scan", "Parent Relationship": "Inner", "Scan Direction": "Forward", "Index Name": "role_type_pkey", "Relation Name": "role_type", "Alias": "rt", "Startup Cost": 0.0, "Total Cost": 0.27, "Plan Rows": 1, "Plan Width": 4, "Actual Min Startup Time": 0.03, "Actual Max Startup Time": 0.03, "Actual Min Total Time": 0.03, "Actual Max Total Time": 0.03, "Index Cond": "(id = ci.role_id)", "Rows Removed by Index Recheck": 0, "Filter": "((role)::text = 'actress'::text)", "Rows Removed by Filter": 0, "Actual Rows": 6}], "Actual Rows": 6}], "Actual Rows": 1}, "Triggers": [], "Planner Runtime": 31.722, "Total Runtime": 142.327, "Unique SQL Id": 3956435728}}, "(64, '37')": {"explain_plan": {"Plan": {"Node Type": "Aggregate", "Strategy": "Plain", "Startup Cost": 82294.12, "Total Cost": 82294.13, "Plan Rows": 1, "Plan Width": 97, "Plans": [{"Node Type": "Nested Loop", "Parent Relationship": "Outer", "Join Type": "Inner", "Startup Cost": 2780.8, "Total Cost": 82294.12, "Plan Rows": 1, "Plan Width": 33, "Inner Unique": true, "Plans": [{"Node Type": "Nested Loop", "Parent Relationship": "Outer", "Join Type": "Inner", "Startup Cost": 2780.8, "Total Cost": 82293.84, "Plan Rows": 1, "Plan Width": 37, "Inner Unique": true, "Plans": [{"Node Type": "Nested Loop", "Parent Relationship": "Outer", "Join Type": "Inner", "Startup Cost": 2780.8, "Total Cost": 82293.26, "Plan Rows": 1, "Plan Width": 45, "Inner Unique": false, "Plans": [{"Node Type": "Nested Loop", "Parent Relationship": "Outer", "Join Type": "Inner", "Startup Cost": 2780.8, "Total Cost": 82292.4, "Plan Rows": 1, "Plan Width": 25, "Inner Unique": false, "Join Filter": "(t.id = ci.movie_id)", "Plans": [{"Node Type": "Nested Loop", "Parent Relationship": "Outer", "Join Type": "Inner", "Startup Cost": 2780.8, "Total Cost": 82236.62, "Plan Rows": 2, "Plan Width": 25, "Inner Unique": true, "Plans": [{"Node Type": "Nested Loop", "Parent Relationship": "Outer", "Join Type": "Inner", "Startup Cost": 2780.8, "Total Cost": 80174.39, "Plan Rows": 262, "Plan Width": 4, "Inner Unique": false, "Plans": [{"Node Type": "Bitmap Heap Scan", "Parent Relationship": "Outer", "Relation Name": "company_name", "Alias": "cn", "Startup Cost": 2780.8, "Total Cost": 8684.25, "Plan Rows": 6290, "Plan Width": 4, "Filter": "((country_code)::text = '[jp]'::text)", "Plans": [{"Node Type": "Bitmap Index Scan", "Parent Relationship": "Outer", "Index Name": "company_name_pkey", "Startup Cost": 0.0, "Total Cost": 2779.23, "Plan Rows": 234996, "Plan Width": 0}]}, {"Node Type": "Index Scan", "Parent Relationship": "Inner", "Scan Direction": "Forward", "Index Name": "company_id_movie_companies", "Relation Name": "movie_companies", "Alias": "mc", "Startup Cost": 0.0, "Total Cost": 11.36, "Plan Rows": 1, "Plan Width": 8, "Index Cond": "(company_id = cn.id)", "Filter": "(((note)::text ~~ '%(Japan)%'::text) AND ((note)::text !~~ '%(USA)%'::text) AND (((note)::text ~~ '%(2006)%'::text) OR ((note)::text ~~ '%(2007)%'::text)))"}]}, {"Node Type": "Index Scan", "Parent Relationship": "Inner", "Scan Direction": "Forward", "Index Name": "title_pkey", "Relation Name": "title", "Alias": "t", "Startup Cost": 0.0, "Total Cost": 7.86, "Plan Rows": 1, "Plan Width": 21, "Index Cond": "(id = mc.movie_id)", "Filter": "((production_year >= 2006) AND (production_year <= 2007) AND (((title)::text ~~ 'One Piece%'::text) OR ((title)::text ~~ 'Dragon Ball Z%'::text)))"}]}, {"Node Type": "Index Scan", "Parent Relationship": "Inner", "Scan Direction": "Forward", "Index Name": "movie_id_cast_info", "Relation Name": "cast_info", "Alias": "ci", "Startup Cost": 0.0, "Total Cost": 27.88, "Plan Rows": 1, "Plan Width": 12, "Index Cond": "(movie_id = mc.movie_id)", "Filter": "((note)::text = '(voice: English version)'::text)"}]}, {"Node Type": "Index Scan", "Parent Relationship": "Inner", "Scan Direction": "Forward", "Index Name": "person_id_aka_name", "Relation Name": "aka_name", "Alias": "an", "Startup Cost": 0.0, "Total Cost": 0.84, "Plan Rows": 1, "Plan Width": 20, "Index Cond": "(person_id = ci.person_id)"}]}, {"Node Type": "Index Scan", "Parent Relationship": "Inner", "Scan Direction": "Forward", "Index Name": "name_pkey", "Relation Name": "name", "Alias": "n", "Startup Cost": 0.0, "Total Cost": 0.57, "Plan Rows": 1, "Plan Width": 4, "Index Cond": "(id = an.person_id)", "Filter": "(((name)::text ~~ '%Yo%'::text) AND ((name)::text !~~ '%Yu%'::text))"}]}, {"Node Type": "Index Scan", "Parent Relationship": "Inner", "Scan Direction": "Forward", "Index Name": "role_type_pkey", "Relation Name": "role_type", "Alias": "rt", "Startup Cost": 0.0, "Total Cost": 0.27, "Plan Rows": 1, "Plan Width": 4, "Index Cond": "(id = ci.role_id)", "Filter": "((role)::text = 'actress'::text)"}]}]}, "Unique SQL Id": 3956435728, "Planner Runtime": 15}, "explain_analyze_plan": null}, "(64, '38')": {"explain_plan": {"Plan": {"Node Type": "Aggregate", "Strategy": "Plain", "Startup Cost": 64933.13, "Total Cost": 64933.14, "Plan Rows": 1, "Plan Width": 97, "Plans": [{"Node Type": "Nested Loop", "Parent Relationship": "Outer", "Join Type": "Inner", "Startup Cost": 3380.01, "Total Cost": 64933.12, "Plan Rows": 1, "Plan Width": 33, "Inner Unique": true, "Join Filter": "(ci.role_id = rt.id)", "Plans": [{"Node Type": "Nested Loop", "Parent Relationship": "Outer", "Join Type": "Inner", "Startup Cost": 3380.01, "Total Cost": 64931.96, "Plan Rows": 1, "Plan Width": 37, "Inner Unique": true, "Plans": [{"Node Type": "Nested Loop", "Parent Relationship": "Outer", "Join Type": "Inner", "Startup Cost": 3379.69, "Total Cost": 64927.61, "Plan Rows": 1, "Plan Width": 45, "Inner Unique": true, "Plans": [{"Node Type": "Nested Loop", "Parent Relationship": "Outer", "Join Type": "Inner", "Startup Cost": 3378.46, "Total Cost": 64922.35, "Plan Rows": 1, "Plan Width": 49, "Inner Unique": false, "Plans": [{"Node Type": "Nested Loop", "Parent Relationship": "Outer", "Join Type": "Inner", "Startup Cost": 3378.08, "Total Cost": 64917.95, "Plan Rows": 1, "Plan Width": 29, "Inner Unique": false, "Join Filter": "(t.id = ci.movie_id)", "Plans": [{"Node Type": "Nested Loop", "Parent Relationship": "Outer", "Join Type": "Inner", "Startup Cost": 3373.8, "Total Cost": 64861.38, "Plan Rows": 2, "Plan Width": 29, "Inner Unique": false, "Plans": [{"Node Type": "Streaming(type: LOCAL GATHER dop: 1/64)", "Parent Relationship": "Outer", "Startup Cost": 3369.54, "Total Cost": 64334.52, "Plan Rows": 43, "Plan Width": 21, "Plans": [{"Node Type": "Seq Scan", "Parent Relationship": "Outer", "Relation Name": "title", "Alias": "t", "Startup Cost": 3369.54, "Total Cost": 64333.63, "Plan Rows": 43, "Plan Width": 21, "Filter": "((production_year >= 2006) AND (production_year <= 2007) AND (((title)::text ~~ 'One Piece%'::text) OR ((title)::text ~~ 'Dragon Ball Z%'::text)))"}]}, {"Node Type": "Bitmap Heap Scan", "Parent Relationship": "Inner", "Relation Name": "movie_companies", "Alias": "mc", "Startup Cost": 4.27, "Total Cost": 12.24, "Plan Rows": 1, "Plan Width": 8, "Recheck Cond": "(movie_id = t.id)", "Filter": "(((note)::text ~~ '%(Japan)%'::text) AND ((note)::text !~~ '%(USA)%'::text) AND (((note)::text ~~ '%(2006)%'::text) OR ((note)::text ~~ '%(2007)%'::text)))", "Plans": [{"Node Type": "Bitmap Index Scan", "Parent Relationship": "Outer", "Index Name": "movie_id_movie_companies", "Startup Cost": 0.0, "Total Cost": 4.26, "Plan Rows": 2, "Plan Width": 0, "Index Cond": "(movie_id = t.id)"}]}]}, {"Node Type": "Bitmap Heap Scan", "Parent Relationship": "Inner", "Relation Name": "cast_info", "Alias": "ci", "Startup Cost": 4.27, "Total Cost": 28.27, "Plan Rows": 1, "Plan Width": 12, "Recheck Cond": "(movie_id = mc.movie_id)", "Filter": "((note)::text = '(voice: English version)'::text)", "Plans": [{"Node Type": "Bitmap Index Scan", "Parent Relationship": "Outer", "Index Name": "movie_id_cast_info", "Startup Cost": 0.0, "Total Cost": 4.27, "Plan Rows": 6, "Plan Width": 0, "Index Cond": "(movie_id = mc.movie_id)"}]}]}, {"Node Type": "Bitmap Heap Scan", "Parent Relationship": "Inner", "Relation Name": "aka_name", "Alias": "an", "Startup Cost": 0.38, "Total Cost": 4.39, "Plan Rows": 1, "Plan Width": 20, "Recheck Cond": "(person_id = ci.person_id)", "Plans": [{"Node Type": "Bitmap Index Scan", "Parent Relationship": "Outer", "Index Name": "person_id_aka_name", "Startup Cost": 0.0, "Total Cost": 0.38, "Plan Rows": 1, "Plan Width": 0, "Index Cond": "(person_id = ci.person_id)"}]}]}, {"Node Type": "Bitmap Heap Scan", "Parent Relationship": "Inner", "Relation Name": "company_name", "Alias": "cn", "Startup Cost": 1.23, "Total Cost": 5.24, "Plan Rows": 1, "Plan Width": 4, "Recheck Cond": "(id = mc.company_id)", "Filter": "((country_code)::text = '[jp]'::text)", "Plans": [{"Node Type": "Bitmap Index Scan", "Parent Relationship": "Outer", "Index Name": "company_name_pkey", "Startup Cost": 0.0, "Total Cost": 1.23, "Plan Rows": 1, "Plan Width": 0, "Index Cond": "(id = mc.company_id)"}]}]}, {"Node Type": "Bitmap Heap Scan", "Parent Relationship": "Inner", "Relation Name": "name", "Alias": "n", "Startup Cost": 0.33, "Total Cost": 4.34, "Plan Rows": 1, "Plan Width": 4, "Recheck Cond": "(id = an.person_id)", "Filter": "(((name)::text ~~ '%Yo%'::text) AND ((name)::text !~~ '%Yu%'::text))", "Plans": [{"Node Type": "Bitmap Index Scan", "Parent Relationship": "Outer", "Index Name": "name_pkey", "Startup Cost": 0.0, "Total Cost": 0.33, "Plan Rows": 1, "Plan Width": 0, "Index Cond": "(id = an.person_id)"}]}]}, {"Node Type": "Seq Scan", "Parent Relationship": "Inner", "Relation Name": "role_type", "Alias": "rt", "Startup Cost": 0.0, "Total Cost": 1.15, "Plan Rows": 1, "Plan Width": 4, "Filter": "((role)::text = 'actress'::text)"}]}]}, "Unique SQL Id": 3956435728, "Planner Runtime": 28}, "explain_analyze_plan": {"Plan": {"Node Type": "Aggregate", "Strategy": "Plain", "Startup Cost": 64933.13, "Total Cost": 64933.14, "Plan Rows": 1, "Plan Width": 97, "Actual Min Startup Time": 156.871, "Actual Max Startup Time": 156.871, "Actual Min Total Time": 156.872, "Actual Max Total Time": 156.872, "Plans": [{"Node Type": "Nested Loop", "Parent Relationship": "Outer", "Join Type": "Inner", "Startup Cost": 3380.01, "Total Cost": 64933.12, "Plan Rows": 1, "Plan Width": 33, "Actual Min Startup Time": 132.628, "Actual Max Startup Time": 132.628, "Actual Min Total Time": 156.809, "Actual Max Total Time": 156.809, "Inner Unique": true, "Join Filter": "(ci.role_id = rt.id)", "Rows Removed by Join Filter": 0, "Plans": [{"Node Type": "Nested Loop", "Parent Relationship": "Outer", "Join Type": "Inner", "Startup Cost": 3380.01, "Total Cost": 64931.96, "Plan Rows": 1, "Plan Width": 37, "Actual Min Startup Time": 132.608, "Actual Max Startup Time": 132.608, "Actual Min Total Time": 156.755, "Actual Max Total Time": 156.755, "Inner Unique": true, "Plans": [{"Node Type": "Nested Loop", "Parent Relationship": "Outer", "Join Type": "Inner", "Startup Cost": 3379.69, "Total Cost": 64927.61, "Plan Rows": 1, "Plan Width": 45, "Actual Min Startup Time": 131.505, "Actual Max Startup Time": 131.505, "Actual Min Total Time": 155.6, "Actual Max Total Time": 155.6, "Inner Unique": true, "Plans": [{"Node Type": "Nested Loop", "Parent Relationship": "Outer", "Join Type": "Inner", "Startup Cost": 3378.46, "Total Cost": 64922.35, "Plan Rows": 1, "Plan Width": 49, "Actual Min Startup Time": 131.484, "Actual Max Startup Time": 131.484, "Actual Min Total Time": 154.653, "Actual Max Total Time": 154.653, "Inner Unique": false, "Plans": [{"Node Type": "Nested Loop", "Parent Relationship": "Outer", "Join Type": "Inner", "Startup Cost": 3378.08, "Total Cost": 64917.95, "Plan Rows": 1, "Plan Width": 29, "Actual Min Startup Time": 131.456, "Actual Max Startup Time": 131.456, "Actual Min Total Time": 153.642, "Actual Max Total Time": 153.642, "Inner Unique": false, "Join Filter": "(t.id = ci.movie_id)", "Rows Removed by Join Filter": 0, "Plans": [{"Node Type": "Nested Loop", "Parent Relationship": "Outer", "Join Type": "Inner", "Startup Cost": 3373.8, "Total Cost": 64861.38, "Plan Rows": 2, "Plan Width": 29, "Actual Min Startup Time": 130.603, "Actual Max Startup Time": 130.603, "Actual Min Total Time": 153.108, "Actual Max Total Time": 153.108, "Inner Unique": false, "Plans": [{"Node Type": "Streaming(type: LOCAL GATHER dop: 1/64)", "Parent Relationship": "Outer", "Startup Cost": 3369.54, "Total Cost": 64334.52, "Plan Rows": 43, "Plan Width": 21, "Actual Min Startup Time": 123.928, "Actual Max Startup Time": 123.928, "Actual Min Total Time": 152.691, "Actual Max Total Time": 152.691, "Plans": [{"Node Type": "Seq Scan", "Parent Relationship": "Outer", "Relation Name": "title", "Alias": "t", "Startup Cost": 3369.54, "Total Cost": 64333.63, "Plan Rows": 43, "Plan Width": 21, "Actual Min Startup Time": 11.76, "Actual Max Startup Time": 34.023, "Actual Min Total Time": 14.755, "Actual Max Total Time": 34.023, "Filter": "((production_year >= 2006) AND (production_year <= 2007) AND (((title)::text ~~ 'One Piece%'::text) OR ((title)::text ~~ 'Dragon Ball Z%'::text)))", "Rows Removed by Filter": 2528304, "Actual Rows": 7}], "Actual Rows": 7}, {"Node Type": "Bitmap Heap Scan", "Parent Relationship": "Inner", "Relation Name": "movie_companies", "Alias": "mc", "Startup Cost": 4.27, "Total Cost": 12.24, "Plan Rows": 1, "Plan Width": 8, "Actual Min Startup Time": 0.327, "Actual Max Startup Time": 0.327, "Actual Min Total Time": 0.337, "Actual Max Total Time": 0.337, "Recheck Cond": "(movie_id = t.id)", "Rows Removed by Index Recheck": 0, "Filter": "(((note)::text ~~ '%(Japan)%'::text) AND ((note)::text !~~ '%(USA)%'::text) AND (((note)::text ~~ '%(2006)%'::text) OR ((note)::text ~~ '%(2007)%'::text)))", "Rows Removed by Filter": 13, "Exact Heap Blocks": 13, "Lossy Heap Blocks": 13, "Plans": [{"Node Type": "Bitmap Index Scan", "Parent Relationship": "Outer", "Index Name": "movie_id_movie_companies", "Startup Cost": 0.0, "Total Cost": 4.26, "Plan Rows": 2, "Plan Width": 0, "Actual Min Startup Time": 0.16, "Actual Max Startup Time": 0.16, "Actual Min Total Time": 0.16, "Actual Max Total Time": 0.16, "Index Cond": "(movie_id = t.id)", "Actual Rows": 17}], "Actual Rows": 4}], "Actual Rows": 4}, {"Node Type": "Bitmap Heap Scan", "Parent Relationship": "Inner", "Relation Name": "cast_info", "Alias": "ci", "Startup Cost": 4.27, "Total Cost": 28.27, "Plan Rows": 1, "Plan Width": 12, "Actual Min Startup Time": 0.196, "Actual Max Startup Time": 0.196, "Actual Min Total Time": 0.463, "Actual Max Total Time": 0.463, "Recheck Cond": "(movie_id = mc.movie_id)", "Rows Removed by Index Recheck": 0, "Filter": "((note)::text = '(voice: English version)'::text)", "Rows Removed by Filter": 68, "Exact Heap Blocks": 133, "Lossy Heap Blocks": 133, "Plans": [{"Node Type": "Bitmap Index Scan", "Parent Relationship": "Outer", "Index Name": "movie_id_cast_info", "Startup Cost": 0.0, "Total Cost": 4.27, "Plan Rows": 6, "Plan Width": 0, "Actual Min Startup Time": 0.075, "Actual Max Startup Time": 0.075, "Actual Min Total Time": 0.075, "Actual Max Total Time": 0.075, "Index Cond": "(movie_id = mc.movie_id)", "Actual Rows": 172}], "Actual Rows": 104}], "Actual Rows": 104}, {"Node Type": "Bitmap Heap Scan", "Parent Relationship": "Inner", "Relation Name": "aka_name", "Alias": "an", "Startup Cost": 0.38, "Total Cost": 4.39, "Plan Rows": 1, "Plan Width": 20, "Actual Min Startup Time": 0.752, "Actual Max Startup Time": 0.752, "Actual Min Total Time": 0.827, "Actual Max Total Time": 0.827, "Recheck Cond": "(person_id = ci.person_id)", "Rows Removed by Index Recheck": 0, "Exact Heap Blocks": 105, "Lossy Heap Blocks": 105, "Plans": [{"Node Type": "Bitmap Index Scan", "Parent Relationship": "Outer", "Index Name": "person_id_aka_name", "Startup Cost": 0.0, "Total Cost": 0.38, "Plan Rows": 1, "Plan Width": 0, "Actual Min Startup Time": 0.529, "Actual Max Startup Time": 0.529, "Actual Min Total Time": 0.529, "Actual Max Total Time": 0.529, "Index Cond": "(person_id = ci.person_id)", "Actual Rows": 171}], "Actual Rows": 171}], "Actual Rows": 171}, {"Node Type": "Bitmap Heap Scan", "Parent Relationship": "Inner", "Relation Name": "company_name", "Alias": "cn", "Startup Cost": 1.23, "Total Cost": 5.24, "Plan Rows": 1, "Plan Width": 4, "Actual Min Startup Time": 0.704, "Actual Max Startup Time": 0.704, "Actual Min Total Time": 0.704, "Actual Max Total Time": 0.704, "Recheck Cond": "(id = mc.company_id)", "Rows Removed by Index Recheck": 0, "Filter": "((country_code)::text = '[jp]'::text)", "Rows Removed by Filter": 0, "Exact Heap Blocks": 171, "Lossy Heap Blocks": 171, "Plans": [{"Node Type": "Bitmap Index Scan", "Parent Relationship": "Outer", "Index Name": "company_name_pkey", "Startup Cost": 0.0, "Total Cost": 1.23, "Plan Rows": 1, "Plan Width": 0, "Actual Min Startup Time": 0.421, "Actual Max Startup Time": 0.421, "Actual Min Total Time": 0.421, "Actual Max Total Time": 0.421, "Index Cond": "(id = mc.company_id)", "Actual Rows": 171}], "Actual Rows": 171}], "Actual Rows": 171}, {"Node Type": "Bitmap Heap Scan", "Parent Relationship": "Inner", "Relation Name": "name", "Alias": "n", "Startup Cost": 0.33, "Total Cost": 4.34, "Plan Rows": 1, "Plan Width": 4, "Actual Min Startup Time": 0.954, "Actual Max Startup Time": 0.954, "Actual Min Total Time": 0.954, "Actual Max Total Time": 0.954, "Recheck Cond": "(id = an.person_id)", "Rows Removed by Index Recheck": 0, "Filter": "(((name)::text ~~ '%Yo%'::text) AND ((name)::text !~~ '%Yu%'::text))", "Rows Removed by Filter": 165, "Exact Heap Blocks": 171, "Lossy Heap Blocks": 171, "Plans": [{"Node Type": "Bitmap Index Scan", "Parent Relationship": "Outer", "Index Name": "name_pkey", "Startup Cost": 0.0, "Total Cost": 0.33, "Plan Rows": 1, "Plan Width": 0, "Actual Min Startup Time": 0.601, "Actual Max Startup Time": 0.601, "Actual Min Total Time": 0.601, "Actual Max Total Time": 0.601, "Index Cond": "(id = an.person_id)", "Actual Rows": 171}], "Actual Rows": 6}], "Actual Rows": 6}, {"Node Type": "Seq Scan", "Parent Relationship": "Inner", "Relation Name": "role_type", "Alias": "rt", "Startup Cost": 0.0, "Total Cost": 1.15, "Plan Rows": 1, "Plan Width": 4, "Actual Min Startup Time": 0.03, "Actual Max Startup Time": 0.03, "Actual Min Total Time": 0.03, "Actual Max Total Time": 0.03, "Filter": "((role)::text = 'actress'::text)", "Rows Removed by Filter": 6, "Actual Rows": 6}], "Actual Rows": 6}], "Actual Rows": 1}, "Triggers": [], "Planner Runtime": 43.476, "Total Runtime": 170.805, "Unique SQL Id": 3956435728}}, "(64, '39')": {"explain_plan": {"Plan": {"Node Type": "Aggregate", "Strategy": "Plain", "Startup Cost": 108949.86, "Total Cost": 108949.87, "Plan Rows": 1, "Plan Width": 97, "Plans": [{"Node Type": "Nested Loop", "Parent Relationship": "Outer", "Join Type": "Inner", "Startup Cost": 2793.35, "Total Cost": 108949.85, "Plan Rows": 1, "Plan Width": 33, "Inner Unique": true, "Plans": [{"Node Type": "Nested Loop", "Parent Relationship": "Outer", "Join Type": "Inner", "Startup Cost": 2793.09, "Total Cost": 108945.57, "Plan Rows": 1, "Plan Width": 37, "Inner Unique": true, "Plans": [{"Node Type": "Nested Loop", "Parent Relationship": "Outer", "Join Type": "Inner", "Startup Cost": 2792.76, "Total Cost": 108941.22, "Plan Rows": 1, "Plan Width": 45, "Inner Unique": false, "Plans": [{"Node Type": "Nested Loop", "Parent Relationship": "Outer", "Join Type": "Inner", "Startup Cost": 2792.38, "Total Cost": 108936.81, "Plan Rows": 1, "Plan Width": 25, "Inner Unique": false, "Join Filter": "(t.id = ci.movie_id)", "Plans": [{"Node Type": "Nested Loop", "Parent Relationship": "Outer", "Join Type": "Inner", "Startup Cost": 2788.11, "Total Cost": 108880.24, "Plan Rows": 2, "Plan Width": 25, "Inner Unique": true, "Plans": [{"Node Type": "Nested Loop", "Parent Relationship": "Outer", "Join Type": "Inner", "Startup Cost": 2784.18, "Total Cost": 106793.84, "Plan Rows": 262, "Plan Width": 4, "Inner Unique": false, "Plans": [{"Node Type": "Bitmap Heap Scan", "Parent Relationship": "Outer", "Relation Name": "company_name", "Alias": "cn", "Startup Cost": 2780.8, "Total Cost": 8684.25, "Plan Rows": 6290, "Plan Width": 4, "Filter": "((country_code)::text = '[jp]'::text)", "Plans": [{"Node Type": "Bitmap Index Scan", "Parent Relationship": "Outer", "Index Name": "company_name_pkey", "Startup Cost": 0.0, "Total Cost": 2779.23, "Plan Rows": 234996, "Plan Width": 0}]}, {"Node Type": "Bitmap Heap Scan", "Parent Relationship": "Inner", "Relation Name": "movie_companies", "Alias": "mc", "Startup Cost": 3.37, "Total Cost": 15.59, "Plan Rows": 1, "Plan Width": 8, "Recheck Cond": "(company_id = cn.id)", "Filter": "(((note)::text ~~ '%(Japan)%'::text) AND ((note)::text !~~ '%(USA)%'::text) AND (((note)::text ~~ '%(2006)%'::text) OR ((note)::text ~~ '%(2007)%'::text)))", "Plans": [{"Node Type": "Bitmap Index Scan", "Parent Relationship": "Outer", "Index Name": "company_id_movie_companies", "Startup Cost": 0.0, "Total Cost": 3.37, "Plan Rows": 15, "Plan Width": 0, "Index Cond": "(company_id = cn.id)"}]}]}, {"Node Type": "Bitmap Heap Scan", "Parent Relationship": "Inner", "Relation Name": "title", "Alias": "t", "Startup Cost": 3.93, "Total Cost": 7.95, "Plan Rows": 1, "Plan Width": 21, "Recheck Cond": "(id = mc.movie_id)", "Filter": "((production_year >= 2006) AND (production_year <= 2007) AND (((title)::text ~~ 'One Piece%'::text) OR ((title)::text ~~ 'Dragon Ball Z%'::text)))", "Plans": [{"Node Type": "Bitmap Index Scan", "Parent Relationship": "Outer", "Index Name": "title_pkey", "Startup Cost": 0.0, "Total Cost": 3.93, "Plan Rows": 1, "Plan Width": 0, "Index Cond": "(id = mc.movie_id)"}]}]}, {"Node Type": "Bitmap Heap Scan", "Parent Relationship": "Inner", "Relation Name": "cast_info", "Alias": "ci", "Startup Cost": 4.27, "Total Cost": 28.27, "Plan Rows": 1, "Plan Width": 12, "Recheck Cond": "(movie_id = mc.movie_id)", "Filter": "((note)::text = '(voice: English version)'::text)", "Plans": [{"Node Type": "Bitmap Index Scan", "Parent Relationship": "Outer", "Index Name": "movie_id_cast_info", "Startup Cost": 0.0, "Total Cost": 4.27, "Plan Rows": 6, "Plan Width": 0, "Index Cond": "(movie_id = mc.movie_id)"}]}]}, {"Node Type": "Bitmap Heap Scan", "Parent Relationship": "Inner", "Relation Name": "aka_name", "Alias": "an", "Startup Cost": 0.38, "Total Cost": 4.39, "Plan Rows": 1, "Plan Width": 20, "Recheck Cond": "(person_id = ci.person_id)", "Plans": [{"Node Type": "Bitmap Index Scan", "Parent Relationship": "Outer", "Index Name": "person_id_aka_name", "Startup Cost": 0.0, "Total Cost": 0.38, "Plan Rows": 1, "Plan Width": 0, "Index Cond": "(person_id = ci.person_id)"}]}]}, {"Node Type": "Bitmap Heap Scan", "Parent Relationship": "Inner", "Relation Name": "name", "Alias": "n", "Startup Cost": 0.33, "Total Cost": 4.34, "Plan Rows": 1, "Plan Width": 4, "Recheck Cond": "(id = an.person_id)", "Filter": "(((name)::text ~~ '%Yo%'::text) AND ((name)::text !~~ '%Yu%'::text))", "Plans": [{"Node Type": "Bitmap Index Scan", "Parent Relationship": "Outer", "Index Name": "name_pkey", "Startup Cost": 0.0, "Total Cost": 0.33, "Plan Rows": 1, "Plan Width": 0, "Index Cond": "(id = an.person_id)"}]}]}, {"Node Type": "Bitmap Heap Scan", "Parent Relationship": "Inner", "Relation Name": "role_type", "Alias": "rt", "Startup Cost": 0.26, "Total Cost": 4.27, "Plan Rows": 1, "Plan Width": 4, "Recheck Cond": "(id = ci.role_id)", "Filter": "((role)::text = 'actress'::text)", "Plans": [{"Node Type": "Bitmap Index Scan", "Parent Relationship": "Outer", "Index Name": "role_type_pkey", "Startup Cost": 0.0, "Total Cost": 0.26, "Plan Rows": 1, "Plan Width": 0, "Index Cond": "(id = ci.role_id)"}]}]}]}, "Unique SQL Id": 3956435728, "Planner Runtime": 13}, "explain_analyze_plan": {"Plan": {"Node Type": "Aggregate", "Strategy": "Plain", "Startup Cost": 108949.86, "Total Cost": 108949.87, "Plan Rows": 1, "Plan Width": 97, "Actual Startup Time": 454.404, "Actual Total Time": 454.405, "Actual Rows": 1, "Actual Loops": 1, "Plans": [{"Node Type": "Nested Loop", "Parent Relationship": "Outer", "Join Type": "Inner", "Startup Cost": 2793.35, "Total Cost": 108949.85, "Plan Rows": 1, "Plan Width": 33, "Actual Startup Time": 126.355, "Actual Total Time": 454.354, "Actual Rows": 6, "Actual Loops": 1, "Inner Unique": true, "Plans": [{"Node Type": "Nested Loop", "Parent Relationship": "Outer", "Join Type": "Inner", "Startup Cost": 2793.09, "Total Cost": 108945.57, "Plan Rows": 1, "Plan Width": 37, "Actual Startup Time": 126.34, "Actual Total Time": 454.31, "Actual Rows": 6, "Actual Loops": 1, "Inner Unique": true, "Plans": [{"Node Type": "Nested Loop", "Parent Relationship": "Outer", "Join Type": "Inner", "Startup Cost": 2792.76, "Total Cost": 108941.22, "Plan Rows": 1, "Plan Width": 45, "Actual Startup Time": 125.755, "Actual Total Time": 453.226, "Actual Rows": 171, "Actual Loops": 1, "Inner Unique": false, "Plans": [{"Node Type": "Nested Loop", "Parent Relationship": "Outer", "Join Type": "Inner", "Startup Cost": 2792.38, "Total Cost": 108936.81, "Plan Rows": 1, "Plan Width": 25, "Actual Startup Time": 125.731, "Actual Total Time": 452.322, "Actual Rows": 104, "Actual Loops": 1, "Inner Unique": false, "Join Filter": "(t.id = ci.movie_id)", "Rows Removed by Join Filter": 0, "Plans": [{"Node Type": "Nested Loop", "Parent Relationship": "Outer", "Join Type": "Inner", "Startup Cost": 2788.11, "Total Cost": 108880.24, "Plan Rows": 2, "Plan Width": 25, "Actual Startup Time": 125.673, "Actual Total Time": 451.843, "Actual Rows": 4, "Actual Loops": 1, "Inner Unique": true, "Plans": [{"Node Type": "Nested Loop", "Parent Relationship": "Outer", "Join Type": "Inner", "Startup Cost": 2784.18, "Total Cost": 106793.84, "Plan Rows": 262, "Plan Width": 4, "Actual Startup Time": 21.615, "Actual Total Time": 389.321, "Actual Rows": 8495, "Actual Loops": 1, "Inner Unique": false, "Plans": [{"Node Type": "Bitmap Heap Scan", "Parent Relationship": "Outer", "Relation Name": "company_name", "Alias": "cn", "Startup Cost": 2780.8, "Total Cost": 8684.25, "Plan Rows": 6290, "Plan Width": 4, "Actual Startup Time": 21.545, "Actual Total Time": 139.197, "Actual Rows": 6752, "Actual Loops": 1, "Filter": "((country_code)::text = '[jp]'::text)", "Rows Removed by Filter": 228244, "Exact Heap Blocks": 2966, "Lossy Heap Blocks": 2966, "Plans": [{"Node Type": "Bitmap Index Scan", "Parent Relationship": "Outer", "Index Name": "company_name_pkey", "Startup Cost": 0.0, "Total Cost": 2779.23, "Plan Rows": 234996, "Plan Width": 0, "Actual Startup Time": 21.066, "Actual Total Time": 21.066, "Actual Rows": 234996, "Actual Loops": 1}]}, {"Node Type": "Bitmap Heap Scan", "Parent Relationship": "Inner", "Relation Name": "movie_companies", "Alias": "mc", "Startup Cost": 3.37, "Total Cost": 15.59, "Plan Rows": 1, "Plan Width": 8, "Actual Startup Time": 134.789, "Actual Total Time": 238.582, "Actual Rows": 8495, "Actual Loops": 6752, "Recheck Cond": "(company_id = cn.id)", "Rows Removed by Index Recheck": 0, "Filter": "(((note)::text ~~ '%(Japan)%'::text) AND ((note)::text !~~ '%(USA)%'::text) AND (((note)::text ~~ '%(2006)%'::text) OR ((note)::text ~~ '%(2007)%'::text)))", "Rows Removed by Filter": 96500, "Exact Heap Blocks": 61861, "Lossy Heap Blocks": 61861, "Plans": [{"Node Type": "Bitmap Index Scan", "Parent Relationship": "Outer", "Index Name": "company_id_movie_companies", "Startup Cost": 0.0, "Total Cost": 3.37, "Plan Rows": 15, "Plan Width": 0, "Actual Startup Time": 52.102, "Actual Total Time": 52.102, "Actual Rows": 104995, "Actual Loops": 6752, "Index Cond": "(company_id = cn.id)"}]}]}, {"Node Type": "Bitmap Heap Scan", "Parent Relationship": "Inner", "Relation Name": "title", "Alias": "t", "Startup Cost": 3.93, "Total Cost": 7.95, "Plan Rows": 1, "Plan Width": 21, "Actual Startup Time": 52.556, "Actual Total Time": 52.556, "Actual Rows": 4, "Actual Loops": 8495, "Recheck Cond": "(id = mc.movie_id)", "Rows Removed by Index Recheck": 0, "Filter": "((production_year >= 2006) AND (production_year <= 2007) AND (((title)::text ~~ 'One Piece%'::text) OR ((title)::text ~~ 'Dragon Ball Z%'::text)))", "Rows Removed by Filter": 8491, "Exact Heap Blocks": 8495, "Lossy Heap Blocks": 8495, "Plans": [{"Node Type": "Bitmap Index Scan", "Parent Relationship": "Outer", "Index Name": "title_pkey", "Startup Cost": 0.0, "Total Cost": 3.93, "Plan Rows": 1, "Plan Width": 0, "Actual Startup Time": 25.939, "Actual Total Time": 25.939, "Actual Rows": 8495, "Actual Loops": 8495, "Index Cond": "(id = mc.movie_id)"}]}]}, {"Node Type": "Bitmap Heap Scan", "Parent Relationship": "Inner", "Relation Name": "cast_info", "Alias": "ci", "Startup Cost": 4.27, "Total Cost": 28.27, "Plan Rows": 1, "Plan Width": 12, "Actual Startup Time": 0.182, "Actual Total Time": 0.41, "Actual Rows": 104, "Actual Loops": 4, "Recheck Cond": "(movie_id = mc.movie_id)", "Rows Removed by Index Recheck": 0, "Filter": "((note)::text = '(voice: English version)'::text)", "Rows Removed by Filter": 68, "Exact Heap Blocks": 133, "Lossy Heap Blocks": 133, "Plans": [{"Node Type": "Bitmap Index Scan", "Parent Relationship": "Outer", "Index Name": "movie_id_cast_info", "Startup Cost": 0.0, "Total Cost": 4.27, "Plan Rows": 6, "Plan Width": 0, "Actual Startup Time": 0.058, "Actual Total Time": 0.058, "Actual Rows": 172, "Actual Loops": 4, "Index Cond": "(movie_id = mc.movie_id)"}]}]}, {"Node Type": "Bitmap Heap Scan", "Parent Relationship": "Inner", "Relation Name": "aka_name", "Alias": "an", "Startup Cost": 0.38, "Total Cost": 4.39, "Plan Rows": 1, "Plan Width": 20, "Actual Startup Time": 0.631, "Actual Total Time": 0.711, "Actual Rows": 171, "Actual Loops": 104, "Recheck Cond": "(person_id = ci.person_id)", "Rows Removed by Index Recheck": 0, "Exact Heap Blocks": 105, "Lossy Heap Blocks": 105, "Plans": [{"Node Type": "Bitmap Index Scan", "Parent Relationship": "Outer", "Index Name": "person_id_aka_name", "Startup Cost": 0.0, "Total Cost": 0.38, "Plan Rows": 1, "Plan Width": 0, "Actual Startup Time": 0.442, "Actual Total Time": 0.442, "Actual Rows": 171, "Actual Loops": 104, "Index Cond": "(person_id = ci.person_id)"}]}]}, {"Node Type": "Bitmap Heap Scan", "Parent Relationship": "Inner", "Relation Name": "name", "Alias": "n", "Startup Cost": 0.33, "Total Cost": 4.34, "Plan Rows": 1, "Plan Width": 4, "Actual Startup Time": 0.885, "Actual Total Time": 0.885, "Actual Rows": 6, "Actual Loops": 171, "Recheck Cond": "(id = an.person_id)", "Rows Removed by Index Recheck": 0, "Filter": "(((name)::text ~~ '%Yo%'::text) AND ((name)::text !~~ '%Yu%'::text))", "Rows Removed by Filter": 165, "Exact Heap Blocks": 171, "Lossy Heap Blocks": 171, "Plans": [{"Node Type": "Bitmap Index Scan", "Parent Relationship": "Outer", "Index Name": "name_pkey", "Startup Cost": 0.0, "Total Cost": 0.33, "Plan Rows": 1, "Plan Width": 0, "Actual Startup Time": 0.549, "Actual Total Time": 0.549, "Actual Rows": 171, "Actual Loops": 171, "Index Cond": "(id = an.person_id)"}]}]}, {"Node Type": "Bitmap Heap Scan", "Parent Relationship": "Inner", "Relation Name": "role_type", "Alias": "rt", "Startup Cost": 0.26, "Total Cost": 4.27, "Plan Rows": 1, "Plan Width": 4, "Actual Startup Time": 0.029, "Actual Total Time": 0.029, "Actual Rows": 6, "Actual Loops": 6, "Recheck Cond": "(id = ci.role_id)", "Rows Removed by Index Recheck": 0, "Filter": "((role)::text = 'actress'::text)", "Rows Removed by Filter": 0, "Exact Heap Blocks": 6, "Lossy Heap Blocks": 6, "Plans": [{"Node Type": "Bitmap Index Scan", "Parent Relationship": "Outer", "Index Name": "role_type_pkey", "Startup Cost": 0.0, "Total Cost": 0.26, "Plan Rows": 1, "Plan Width": 0, "Actual Startup Time": 0.01, "Actual Total Time": 0.01, "Actual Rows": 6, "Actual Loops": 6, "Index Cond": "(id = ci.role_id)"}]}]}]}, "Triggers": [], "Planner Runtime": 30.658, "Total Runtime": 454.866, "Unique SQL Id": 3956435728}}, "(64, '40')": {"explain_plan": {"Plan": {"Node Type": "Aggregate", "Strategy": "Plain", "Startup Cost": 64890.38, "Total Cost": 64890.39, "Plan Rows": 1, "Plan Width": 97, "Plans": [{"Node Type": "Nested Loop", "Parent Relationship": "Outer", "Join Type": "Inner", "Startup Cost": 3369.54, "Total Cost": 64890.38, "Plan Rows": 1, "Plan Width": 33, "Inner Unique": true, "Plans": [{"Node Type": "Nested Loop", "Parent Relationship": "Outer", "Join Type": "Inner", "Startup Cost": 3369.54, "Total Cost": 64890.09, "Plan Rows": 1, "Plan Width": 37, "Inner Unique": true, "Plans": [{"Node Type": "Nested Loop", "Parent Relationship": "Outer", "Join Type": "Inner", "Startup Cost": 3369.54, "Total Cost": 64889.51, "Plan Rows": 1, "Plan Width": 45, "Inner Unique": true, "Plans": [{"Node Type": "Nested Loop", "Parent Relationship": "Outer", "Join Type": "Inner", "Startup Cost": 3369.54, "Total Cost": 64885.13, "Plan Rows": 1, "Plan Width": 49, "Inner Unique": false, "Plans": [{"Node Type": "Nested Loop", "Parent Relationship": "Outer", "Join Type": "Inner", "Startup Cost": 3369.54, "Total Cost": 64884.27, "Plan Rows": 1, "Plan Width": 29, "Inner Unique": false, "Join Filter": "(t.id = ci.movie_id)", "Plans": [{"Node Type": "Nested Loop", "Parent Relationship": "Outer", "Join Type": "Inner", "Startup Cost": 3369.54, "Total Cost": 64828.49, "Plan Rows": 2, "Plan Width": 29, "Inner Unique": false, "Plans": [{"Node Type": "Streaming(type: LOCAL GATHER dop: 1/64)", "Parent Relationship": "Outer", "Startup Cost": 3369.54, "Total Cost": 64334.52, "Plan Rows": 43, "Plan Width": 21, "Plans": [{"Node Type": "Seq Scan", "Parent Relationship": "Outer", "Relation Name": "title", "Alias": "t", "Startup Cost": 3369.54, "Total Cost": 64333.63, "Plan Rows": 43, "Plan Width": 21, "Filter": "((production_year >= 2006) AND (production_year <= 2007) AND (((title)::text ~~ 'One Piece%'::text) OR ((title)::text ~~ 'Dragon Ball Z%'::text)))"}]}, {"Node Type": "Index Scan", "Parent Relationship": "Inner", "Scan Direction": "Forward", "Index Name": "movie_id_movie_companies", "Relation Name": "movie_companies", "Alias": "mc", "Startup Cost": 0.0, "Total Cost": 11.48, "Plan Rows": 1, "Plan Width": 8, "Index Cond": "(movie_id = t.id)", "Filter": "(((note)::text ~~ '%(Japan)%'::text) AND ((note)::text !~~ '%(USA)%'::text) AND (((note)::text ~~ '%(2006)%'::text) OR ((note)::text ~~ '%(2007)%'::text)))"}]}, {"Node Type": "Index Scan", "Parent Relationship": "Inner", "Scan Direction": "Forward", "Index Name": "movie_id_cast_info", "Relation Name": "cast_info", "Alias": "ci", "Startup Cost": 0.0, "Total Cost": 27.88, "Plan Rows": 1, "Plan Width": 12, "Index Cond": "(movie_id = mc.movie_id)", "Filter": "((note)::text = '(voice: English version)'::text)"}]}, {"Node Type": "Index Scan", "Parent Relationship": "Inner", "Scan Direction": "Forward", "Index Name": "person_id_aka_name", "Relation Name": "aka_name", "Alias": "an", "Startup Cost": 0.0, "Total Cost": 0.84, "Plan Rows": 1, "Plan Width": 20, "Index Cond": "(person_id = ci.person_id)"}]}, {"Node Type": "Index Scan", "Parent Relationship": "Inner", "Scan Direction": "Forward", "Index Name": "company_name_pkey", "Relation Name": "company_name", "Alias": "cn", "Startup Cost": 0.0, "Total Cost": 4.37, "Plan Rows": 1, "Plan Width": 4, "Index Cond": "(id = mc.company_id)", "Filter": "((country_code)::text = '[jp]'::text)"}]}, {"Node Type": "Index Scan", "Parent Relationship": "Inner", "Scan Direction": "Forward", "Index Name": "name_pkey", "Relation Name": "name", "Alias": "n", "Startup Cost": 0.0, "Total Cost": 0.57, "Plan Rows": 1, "Plan Width": 4, "Index Cond": "(id = an.person_id)", "Filter": "(((name)::text ~~ '%Yo%'::text) AND ((name)::text !~~ '%Yu%'::text))"}]}, {"Node Type": "Index Scan", "Parent Relationship": "Inner", "Scan Direction": "Forward", "Index Name": "role_type_pkey", "Relation Name": "role_type", "Alias": "rt", "Startup Cost": 0.0, "Total Cost": 0.27, "Plan Rows": 1, "Plan Width": 4, "Index Cond": "(id = ci.role_id)", "Filter": "((role)::text = 'actress'::text)"}]}]}, "Unique SQL Id": 3956435728, "Planner Runtime": 19}, "explain_analyze_plan": {"Plan": {"Node Type": "Aggregate", "Strategy": "Plain", "Startup Cost": 64890.38, "Total Cost": 64890.39, "Plan Rows": 1, "Plan Width": 97, "Actual Min Startup Time": 129.95, "Actual Max Startup Time": 129.95, "Actual Min Total Time": 129.951, "Actual Max Total Time": 129.951, "Plans": [{"Node Type": "Nested Loop", "Parent Relationship": "Outer", "Join Type": "Inner", "Startup Cost": 3369.54, "Total Cost": 64890.38, "Plan Rows": 1, "Plan Width": 33, "Actual Min Startup Time": 82.756, "Actual Max Startup Time": 82.756, "Actual Min Total Time": 129.873, "Actual Max Total Time": 129.873, "Inner Unique": true, "Plans": [{"Node Type": "Nested Loop", "Parent Relationship": "Outer", "Join Type": "Inner", "Startup Cost": 3369.54, "Total Cost": 64890.09, "Plan Rows": 1, "Plan Width": 37, "Actual Min Startup Time": 82.738, "Actual Max Startup Time": 82.738, "Actual Min Total Time": 129.822, "Actual Max Total Time": 129.822, "Inner Unique": true, "Plans": [{"Node Type": "Nested Loop", "Parent Relationship": "Outer", "Join Type": "Inner", "Startup Cost": 3369.54, "Total Cost": 64889.51, "Plan Rows": 1, "Plan Width": 45, "Actual Min Startup Time": 81.529, "Actual Max Startup Time": 81.529, "Actual Min Total Time": 128.829, "Actual Max Total Time": 128.829, "Inner Unique": true, "Plans": [{"Node Type": "Nested Loop", "Parent Relationship": "Outer", "Join Type": "Inner", "Startup Cost": 3369.54, "Total Cost": 64885.13, "Plan Rows": 1, "Plan Width": 49, "Actual Min Startup Time": 81.496, "Actual Max Startup Time": 81.496, "Actual Min Total Time": 128.07, "Actual Max Total Time": 128.07, "Inner Unique": false, "Plans": [{"Node Type": "Nested Loop", "Parent Relationship": "Outer", "Join Type": "Inner", "Startup Cost": 3369.54, "Total Cost": 64884.27, "Plan Rows": 1, "Plan Width": 29, "Actual Min Startup Time": 81.476, "Actual Max Startup Time": 81.476, "Actual Min Total Time": 127.263, "Actual Max Total Time": 127.263, "Inner Unique": false, "Join Filter": "(t.id = ci.movie_id)", "Rows Removed by Join Filter": 0, "Plans": [{"Node Type": "Nested Loop", "Parent Relationship": "Outer", "Join Type": "Inner", "Startup Cost": 3369.54, "Total Cost": 64828.49, "Plan Rows": 2, "Plan Width": 29, "Actual Min Startup Time": 81.441, "Actual Max Startup Time": 81.441, "Actual Min Total Time": 126.75, "Actual Max Total Time": 126.75, "Inner Unique": false, "Plans": [{"Node Type": "Streaming(type: LOCAL GATHER dop: 1/64)", "Parent Relationship": "Outer", "Startup Cost": 3369.54, "Total Cost": 64334.52, "Plan Rows": 43, "Plan Width": 21, "Actual Min Startup Time": 81.336, "Actual Max Startup Time": 81.336, "Actual Min Total Time": 126.394, "Actual Max Total Time": 126.394, "Plans": [{"Node Type": "Seq Scan", "Parent Relationship": "Outer", "Relation Name": "title", "Alias": "t", "Startup Cost": 3369.54, "Total Cost": 64333.63, "Plan Rows": 43, "Plan Width": 21, "Actual Min Startup Time": 11.827, "Actual Max Startup Time": 38.588, "Actual Min Total Time": 14.967, "Actual Max Total Time": 38.588, "Filter": "((production_year >= 2006) AND (production_year <= 2007) AND (((title)::text ~~ 'One Piece%'::text) OR ((title)::text ~~ 'Dragon Ball Z%'::text)))", "Rows Removed by Filter": 2528304, "Actual Rows": 7}], "Actual Rows": 7}, {"Node Type": "Index Scan", "Parent Relationship": "Inner", "Scan Direction": "Forward", "Index Name": "movie_id_movie_companies", "Relation Name": "movie_companies", "Alias": "mc", "Startup Cost": 0.0, "Total Cost": 11.48, "Plan Rows": 1, "Plan Width": 8, "Actual Min Startup Time": 0.272, "Actual Max Startup Time": 0.272, "Actual Min Total Time": 0.284, "Actual Max Total Time": 0.284, "Index Cond": "(movie_id = t.id)", "Rows Removed by Index Recheck": 0, "Filter": "(((note)::text ~~ '%(Japan)%'::text) AND ((note)::text !~~ '%(USA)%'::text) AND (((note)::text ~~ '%(2006)%'::text) OR ((note)::text ~~ '%(2007)%'::text)))", "Rows Removed by Filter": 13, "Actual Rows": 4}], "Actual Rows": 4}, {"Node Type": "Index Scan", "Parent Relationship": "Inner", "Scan Direction": "Forward", "Index Name": "movie_id_cast_info", "Relation Name": "cast_info", "Alias": "ci", "Startup Cost": 0.0, "Total Cost": 27.88, "Plan Rows": 1, "Plan Width": 12, "Actual Min Startup Time": 0.149, "Actual Max Startup Time": 0.149, "Actual Min Total Time": 0.418, "Actual Max Total Time": 0.418, "Index Cond": "(movie_id = mc.movie_id)", "Rows Removed by Index Recheck": 0, "Filter": "((note)::text = '(voice: English version)'::text)", "Rows Removed by Filter": 68, "Actual Rows": 104}], "Actual Rows": 104}, {"Node Type": "Index Scan", "Parent Relationship": "Inner", "Scan Direction": "Forward", "Index Name": "person_id_aka_name", "Relation Name": "aka_name", "Alias": "an", "Startup Cost": 0.0, "Total Cost": 0.84, "Plan Rows": 1, "Plan Width": 20, "Actual Min Startup Time": 0.573, "Actual Max Startup Time": 0.573, "Actual Min Total Time": 0.686, "Actual Max Total Time": 0.686, "Index Cond": "(person_id = ci.person_id)", "Rows Removed by Index Recheck": 0, "Actual Rows": 171}], "Actual Rows": 171}, {"Node Type": "Index Scan", "Parent Relationship": "Inner", "Scan Direction": "Forward", "Index Name": "company_name_pkey", "Relation Name": "company_name", "Alias": "cn", "Startup Cost": 0.0, "Total Cost": 4.37, "Plan Rows": 1, "Plan Width": 4, "Actual Min Startup Time": 0.589, "Actual Max Startup Time": 0.589, "Actual Min Total Time": 0.589, "Actual Max Total Time": 0.589, "Index Cond": "(id = mc.company_id)", "Rows Removed by Index Recheck": 0, "Filter": "((country_code)::text = '[jp]'::text)", "Rows Removed by Filter": 0, "Actual Rows": 171}], "Actual Rows": 171}, {"Node Type": "Index Scan", "Parent Relationship": "Inner", "Scan Direction": "Forward", "Index Name": "name_pkey", "Relation Name": "name", "Alias": "n", "Startup Cost": 0.0, "Total Cost": 0.57, "Plan Rows": 1, "Plan Width": 4, "Actual Min Startup Time": 0.882, "Actual Max Startup Time": 0.882, "Actual Min Total Time": 0.882, "Actual Max Total Time": 0.882, "Index Cond": "(id = an.person_id)", "Rows Removed by Index Recheck": 0, "Filter": "(((name)::text ~~ '%Yo%'::text) AND ((name)::text !~~ '%Yu%'::text))", "Rows Removed by Filter": 165, "Actual Rows": 6}], "Actual Rows": 6}, {"Node Type": "Index Scan", "Parent Relationship": "Inner", "Scan Direction": "Forward", "Index Name": "role_type_pkey", "Relation Name": "role_type", "Alias": "rt", "Startup Cost": 0.0, "Total Cost": 0.27, "Plan Rows": 1, "Plan Width": 4, "Actual Min Startup Time": 0.03, "Actual Max Startup Time": 0.03, "Actual Min Total Time": 0.03, "Actual Max Total Time": 0.03, "Index Cond": "(id = ci.role_id)", "Rows Removed by Index Recheck": 0, "Filter": "((role)::text = 'actress'::text)", "Rows Removed by Filter": 0, "Actual Rows": 6}], "Actual Rows": 6}], "Actual Rows": 1}, "Triggers": [], "Planner Runtime": 31.722, "Total Runtime": 142.327, "Unique SQL Id": 3956435728}}, "(64, '41')": {"explain_plan": {"Plan": {"Node Type": "Aggregate", "Strategy": "Plain", "Startup Cost": 84111.26, "Total Cost": 84111.27, "Plan Rows": 1, "Plan Width": 97, "Plans": [{"Node Type": "Nested Loop", "Parent Relationship": "Outer", "Join Type": "Inner", "Startup Cost": 0.0, "Total Cost": 84111.26, "Plan Rows": 1, "Plan Width": 33, "Inner Unique": true, "Plans": [{"Node Type": "Nested Loop", "Parent Relationship": "Outer", "Join Type": "Inner", "Startup Cost": 0.0, "Total Cost": 84110.97, "Plan Rows": 1, "Plan Width": 37, "Inner Unique": true, "Plans": [{"Node Type": "Nested Loop", "Parent Relationship": "Outer", "Join Type": "Inner", "Startup Cost": 0.0, "Total Cost": 84110.39, "Plan Rows": 1, "Plan Width": 45, "Inner Unique": false, "Plans": [{"Node Type": "Nested Loop", "Parent Relationship": "Outer", "Join Type": "Inner", "Startup Cost": 0.0, "Total Cost": 84109.54, "Plan Rows": 1, "Plan Width": 25, "Inner Unique": false, "Join Filter": "(t.id = ci.movie_id)", "Plans": [{"Node Type": "Nested Loop", "Parent Relationship": "Outer", "Join Type": "Inner", "Startup Cost": 0.0, "Total Cost": 84053.76, "Plan Rows": 2, "Plan Width": 25, "Inner Unique": true, "Plans": [{"Node Type": "Nested Loop", "Parent Relationship": "Outer", "Join Type": "Inner", "Startup Cost": 0.0, "Total Cost": 81991.53, "Plan Rows": 262, "Plan Width": 4, "Inner Unique": false, "Plans": [{"Node Type": "Index Scan", "Parent Relationship": "Outer", "Scan Direction": "Forward", "Index Name": "company_name_pkey", "Relation Name": "company_name", "Alias": "cn", "Startup Cost": 0.0, "Total Cost": 10501.39, "Plan Rows": 6290, "Plan Width": 4, "Filter": "((country_code)::text = '[jp]'::text)"}, {"Node Type": "Index Scan", "Parent Relationship": "Inner", "Scan Direction": "Forward", "Index Name": "company_id_movie_companies", "Relation Name": "movie_companies", "Alias": "mc", "Startup Cost": 0.0, "Total Cost": 11.36, "Plan Rows": 1, "Plan Width": 8, "Index Cond": "(company_id = cn.id)", "Filter": "(((note)::text ~~ '%(Japan)%'::text) AND ((note)::text !~~ '%(USA)%'::text) AND (((note)::text ~~ '%(2006)%'::text) OR ((note)::text ~~ '%(2007)%'::text)))"}]}, {"Node Type": "Index Scan", "Parent Relationship": "Inner", "Scan Direction": "Forward", "Index Name": "title_pkey", "Relation Name": "title", "Alias": "t", "Startup Cost": 0.0, "Total Cost": 7.86, "Plan Rows": 1, "Plan Width": 21, "Index Cond": "(id = mc.movie_id)", "Filter": "((production_year >= 2006) AND (production_year <= 2007) AND (((title)::text ~~ 'One Piece%'::text) OR ((title)::text ~~ 'Dragon Ball Z%'::text)))"}]}, {"Node Type": "Index Scan", "Parent Relationship": "Inner", "Scan Direction": "Forward", "Index Name": "movie_id_cast_info", "Relation Name": "cast_info", "Alias": "ci", "Startup Cost": 0.0, "Total Cost": 27.88, "Plan Rows": 1, "Plan Width": 12, "Index Cond": "(movie_id = mc.movie_id)", "Filter": "((note)::text = '(voice: English version)'::text)"}]}, {"Node Type": "Index Scan", "Parent Relationship": "Inner", "Scan Direction": "Forward", "Index Name": "person_id_aka_name", "Relation Name": "aka_name", "Alias": "an", "Startup Cost": 0.0, "Total Cost": 0.84, "Plan Rows": 1, "Plan Width": 20, "Index Cond": "(person_id = ci.person_id)"}]}, {"Node Type": "Index Scan", "Parent Relationship": "Inner", "Scan Direction": "Forward", "Index Name": "name_pkey", "Relation Name": "name", "Alias": "n", "Startup Cost": 0.0, "Total Cost": 0.57, "Plan Rows": 1, "Plan Width": 4, "Index Cond": "(id = an.person_id)", "Filter": "(((name)::text ~~ '%Yo%'::text) AND ((name)::text !~~ '%Yu%'::text))"}]}, {"Node Type": "Index Scan", "Parent Relationship": "Inner", "Scan Direction": "Forward", "Index Name": "role_type_pkey", "Relation Name": "role_type", "Alias": "rt", "Startup Cost": 0.0, "Total Cost": 0.27, "Plan Rows": 1, "Plan Width": 4, "Index Cond": "(id = ci.role_id)", "Filter": "((role)::text = 'actress'::text)"}]}]}, "Unique SQL Id": 3956435728, "Planner Runtime": 12}, "explain_analyze_plan": {"Plan": {"Node Type": "Aggregate", "Strategy": "Plain", "Startup Cost": 84111.26, "Total Cost": 84111.27, "Plan Rows": 1, "Plan Width": 97, "Actual Startup Time": 508.933, "Actual Total Time": 508.933, "Actual Rows": 1, "Actual Loops": 1, "Plans": [{"Node Type": "Nested Loop", "Parent Relationship": "Outer", "Join Type": "Inner", "Startup Cost": 0.0, "Total Cost": 84111.26, "Plan Rows": 1, "Plan Width": 33, "Actual Startup Time": 43.321, "Actual Total Time": 508.871, "Actual Rows": 6, "Actual Loops": 1, "Inner Unique": true, "Plans": [{"Node Type": "Nested Loop", "Parent Relationship": "Outer", "Join Type": "Inner", "Startup Cost": 0.0, "Total Cost": 84110.97, "Plan Rows": 1, "Plan Width": 37, "Actual Startup Time": 43.31, "Actual Total Time": 508.838, "Actual Rows": 6, "Actual Loops": 1, "Inner Unique": true, "Plans": [{"Node Type": "Nested Loop", "Parent Relationship": "Outer", "Join Type": "Inner", "Startup Cost": 0.0, "Total Cost": 84110.39, "Plan Rows": 1, "Plan Width": 45, "Actual Startup Time": 42.486, "Actual Total Time": 507.995, "Actual Rows": 171, "Actual Loops": 1, "Inner Unique": false, "Plans": [{"Node Type": "Nested Loop", "Parent Relationship": "Outer", "Join Type": "Inner", "Startup Cost": 0.0, "Total Cost": 84109.54, "Plan Rows": 1, "Plan Width": 25, "Actual Startup Time": 42.471, "Actual Total Time": 507.321, "Actual Rows": 104, "Actual Loops": 1, "Inner Unique": false, "Join Filter": "(t.id = ci.movie_id)", "Rows Removed by Join Filter": 0, "Plans": [{"Node Type": "Nested Loop", "Parent Relationship": "Outer", "Join Type": "Inner", "Startup Cost": 0.0, "Total Cost": 84053.76, "Plan Rows": 2, "Plan Width": 25, "Actual Startup Time": 42.377, "Actual Total Time": 506.931, "Actual Rows": 4, "Actual Loops": 1, "Inner Unique": true, "Plans": [{"Node Type": "Nested Loop", "Parent Relationship": "Outer", "Join Type": "Inner", "Startup Cost": 0.0, "Total Cost": 81991.53, "Plan Rows": 262, "Plan Width": 4, "Actual Startup Time": 0.202, "Actual Total Time": 458.712, "Actual Rows": 8495, "Actual Loops": 1, "Inner Unique": false, "Plans": [{"Node Type": "Index Scan", "Parent Relationship": "Outer", "Scan Direction": "Forward", "Index Name": "company_name_pkey", "Relation Name": "company_name", "Alias": "cn", "Startup Cost": 0.0, "Total Cost": 10501.39, "Plan Rows": 6290, "Plan Width": 4, "Actual Startup Time": 0.167, "Actual Total Time": 270.605, "Actual Rows": 6752, "Actual Loops": 1, "Filter": "((country_code)::text = '[jp]'::text)", "Rows Removed by Filter": 228244}, {"Node Type": "Index Scan", "Parent Relationship": "Inner", "Scan Direction": "Forward", "Index Name": "company_id_movie_companies", "Relation Name": "movie_companies", "Alias": "mc", "Startup Cost": 0.0, "Total Cost": 11.36, "Plan Rows": 1, "Plan Width": 8, "Actual Startup Time": 82.862, "Actual Total Time": 182.042, "Actual Rows": 8495, "Actual Loops": 6752, "Index Cond": "(company_id = cn.id)", "Rows Removed by Index Recheck": 0, "Filter": "(((note)::text ~~ '%(Japan)%'::text) AND ((note)::text !~~ '%(USA)%'::text) AND (((note)::text ~~ '%(2006)%'::text) OR ((note)::text ~~ '%(2007)%'::text)))", "Rows Removed by Filter": 96500}]}, {"Node Type": "Index Scan", "Parent Relationship": "Inner", "Scan Direction": "Forward", "Index Name": "title_pkey", "Relation Name": "title", "Alias": "t", "Startup Cost": 0.0, "Total Cost": 7.86, "Plan Rows": 1, "Plan Width": 21, "Actual Startup Time": 43.82, "Actual Total Time": 43.82, "Actual Rows": 4, "Actual Loops": 8495, "Index Cond": "(id = mc.movie_id)", "Rows Removed by Index Recheck": 0, "Filter": "((production_year >= 2006) AND (production_year <= 2007) AND (((title)::text ~~ 'One Piece%'::text) OR ((title)::text ~~ 'Dragon Ball Z%'::text)))", "Rows Removed by Filter": 8491}]}, {"Node Type": "Index Scan", "Parent Relationship": "Inner", "Scan Direction": "Forward", "Index Name": "movie_id_cast_info", "Relation Name": "cast_info", "Alias": "ci", "Startup Cost": 0.0, "Total Cost": 27.88, "Plan Rows": 1, "Plan Width": 12, "Actual Startup Time": 0.107, "Actual Total Time": 0.315, "Actual Rows": 104, "Actual Loops": 4, "Index Cond": "(movie_id = mc.movie_id)", "Rows Removed by Index Recheck": 0, "Filter": "((note)::text = '(voice: English version)'::text)", "Rows Removed by Filter": 68}]}, {"Node Type": "Index Scan", "Parent Relationship": "Inner", "Scan Direction": "Forward", "Index Name": "person_id_aka_name", "Relation Name": "aka_name", "Alias": "an", "Startup Cost": 0.0, "Total Cost": 0.84, "Plan Rows": 1, "Plan Width": 20, "Actual Startup Time": 0.474, "Actual Total Time": 0.579, "Actual Rows": 171, "Actual Loops": 104, "Index Cond": "(person_id = ci.person_id)", "Rows Removed by Index Recheck": 0}]}, {"Node Type": "Index Scan", "Parent Relationship": "Inner", "Scan Direction": "Forward", "Index Name": "name_pkey", "Relation Name": "name", "Alias": "n", "Startup Cost": 0.0, "Total Cost": 0.57, "Plan Rows": 1, "Plan Width": 4, "Actual Startup Time": 0.754, "Actual Total Time": 0.754, "Actual Rows": 6, "Actual Loops": 171, "Index Cond": "(id = an.person_id)", "Rows Removed by Index Recheck": 0, "Filter": "(((name)::text ~~ '%Yo%'::text) AND ((name)::text !~~ '%Yu%'::text))", "Rows Removed by Filter": 165}]}, {"Node Type": "Index Scan", "Parent Relationship": "Inner", "Scan Direction": "Forward", "Index Name": "role_type_pkey", "Relation Name": "role_type", "Alias": "rt", "Startup Cost": 0.0, "Total Cost": 0.27, "Plan Rows": 1, "Plan Width": 4, "Actual Startup Time": 0.021, "Actual Total Time": 0.021, "Actual Rows": 6, "Actual Loops": 6, "Index Cond": "(id = ci.role_id)", "Rows Removed by Index Recheck": 0, "Filter": "((role)::text = 'actress'::text)", "Rows Removed by Filter": 0}]}]}, "Triggers": [], "Planner Runtime": 28.465, "Total Runtime": 509.196, "Unique SQL Id": 3956435728}}, "(64, '42')": {"explain_plan": {"Plan": {"Node Type": "Aggregate", "Strategy": "Plain", "Startup Cost": 301668.81, "Total Cost": 301668.82, "Plan Rows": 1, "Plan Width": 97, "Plans": [{"Node Type": "Nested Loop", "Parent Relationship": "Outer", "Join Type": "Inner", "Startup Cost": 68609.41, "Total Cost": 301668.8, "Plan Rows": 1, "Plan Width": 33, "Inner Unique": true, "Join Filter": "(mc.company_id = cn.id)", "Plans": [{"Node Type": "Nested Loop", "Parent Relationship": "Outer", "Join Type": "Inner", "Startup Cost": 68609.41, "Total Cost": 295686.73, "Plan Rows": 1, "Plan Width": 37, "Inner Unique": false, "Join Filter": "(an.person_id = ci.person_id)", "Plans": [{"Node Type": "Nested Loop", "Parent Relationship": "Outer", "Join Type": "Inner", "Startup Cost": 3369.54, "Total Cost": 206784.29, "Plan Rows": 1, "Plan Width": 25, "Inner Unique": false, "Join Filter": "(ci.movie_id = t.id)", "Plans": [{"Node Type": "Nested Loop", "Parent Relationship": "Outer", "Join Type": "Inner", "Startup Cost": 0.0, "Total Cost": 77025.27, "Plan Rows": 8790, "Plan Width": 8, "Inner Unique": false, "Join Filter": "(ci.role_id = rt.id)", "Plans": [{"Node Type": "Seq Scan", "Parent Relationship": "Outer", "Relation Name": "role_type", "Alias": "rt", "Startup Cost": 0.0, "Total Cost": 1.15, "Plan Rows": 1, "Plan Width": 4, "Filter": "((role)::text = 'actress'::text)"}, {"Node Type": "Materialize", "Parent Relationship": "Inner", "Startup Cost": 0.0, "Total Cost": 76057.2, "Plan Rows": 96692, "Plan Width": 12, "Plans": [{"Node Type": "Streaming(type: LOCAL GATHER dop: 1/64)", "Parent Relationship": "Outer", "Startup Cost": 0.0, "Total Cost": 75815.47, "Plan Rows": 96692, "Plan Width": 12, "Plans": [{"Node Type": "Seq Scan", "Parent Relationship": "Outer", "Relation Name": "cast_info", "Alias": "ci", "Startup Cost": 0.0, "Total Cost": 73820.73, "Plan Rows": 96692, "Plan Width": 12, "Filter": "((note)::text = '(voice: English version)'::text)"}]}]}]}, {"Node Type": "Materialize", "Parent Relationship": "Inner", "Startup Cost": 3369.54, "Total Cost": 129495.32, "Plan Rows": 2, "Plan Width": 29, "Plans": [{"Node Type": "Nested Loop", "Parent Relationship": "Outer", "Join Type": "Inner", "Startup Cost": 3369.54, "Total Cost": 129495.31, "Plan Rows": 2, "Plan Width": 29, "Inner Unique": true, "Join Filter": "(mc.movie_id = t.id)", "Plans": [{"Node Type": "Streaming(type: LOCAL GATHER dop: 1/64)", "Parent Relationship": "Outer", "Startup Cost": 0.0, "Total Cost": 64095.15, "Plan Rows": 1652, "Plan Width": 8, "Plans": [{"Node Type": "Seq Scan", "Parent Relationship": "Outer", "Relation Name": "movie_companies", "Alias": "mc", "Startup Cost": 0.0, "Total Cost": 64061.07, "Plan Rows": 1652, "Plan Width": 8, "Filter": "(((note)::text ~~ '%(Japan)%'::text) AND ((note)::text !~~ '%(USA)%'::text) AND (((note)::text ~~ '%(2006)%'::text) OR ((note)::text ~~ '%(2007)%'::text)))"}]}, {"Node Type": "Materialize", "Parent Relationship": "Inner", "Startup Cost": 3369.54, "Total Cost": 64334.73, "Plan Rows": 43, "Plan Width": 21, "Plans": [{"Node Type": "Streaming(type: LOCAL GATHER dop: 1/64)", "Parent Relationship": "Outer", "Startup Cost": 3369.54, "Total Cost": 64334.52, "Plan Rows": 43, "Plan Width": 21, "Plans": [{"Node Type": "Seq Scan", "Parent Relationship": "Outer", "Relation Name": "title", "Alias": "t", "Startup Cost": 3369.54, "Total Cost": 64333.63, "Plan Rows": 43, "Plan Width": 21, "Filter": "((production_year >= 2006) AND (production_year <= 2007) AND (((title)::text ~~ 'One Piece%'::text) OR ((title)::text ~~ 'Dragon Ball Z%'::text)))"}]}]}]}]}]}, {"Node Type": "Materialize", "Parent Relationship": "Inner", "Startup Cost": 65239.88, "Total Cost": 88736.17, "Plan Rows": 16627, "Plan Width": 24, "Plans": [{"Node Type": "Hash Join", "Parent Relationship": "Outer", "Join Type": "Inner", "Startup Cost": 65239.88, "Total Cost": 88694.6, "Plan Rows": 16627, "Plan Width": 24, "Inner Unique": true, "Hash Cond": "(an.person_id = n.id)", "Plans": [{"Node Type": "Seq Scan", "Parent Relationship": "Outer", "Relation Name": "aka_name", "Alias": "an", "Startup Cost": 0.0, "Total Cost": 19908.42, "Plan Rows": 901342, "Plan Width": 20}, {"Node Type": "Hash", "Parent Relationship": "Inner", "Startup Cost": 65066.3, "Total Cost": 65066.3, "Plan Rows": 13886, "Plan Width": 4, "Plans": [{"Node Type": "Streaming(type: LOCAL GATHER dop: 1/64)", "Parent Relationship": "Outer", "Startup Cost": 0.0, "Total Cost": 65066.3, "Plan Rows": 13886, "Plan Width": 4, "Plans": [{"Node Type": "Seq Scan", "Parent Relationship": "Outer", "Relation Name": "name", "Alias": "n", "Startup Cost": 0.0, "Total Cost": 64779.83, "Plan Rows": 13886, "Plan Width": 4, "Filter": "(((name)::text ~~ '%Yo%'::text) AND ((name)::text !~~ '%Yu%'::text))"}]}]}]}]}]}, {"Node Type": "Seq Scan", "Parent Relationship": "Inner", "Relation Name": "company_name", "Alias": "cn", "Startup Cost": 0.0, "Total Cost": 5903.45, "Plan Rows": 6290, "Plan Width": 4, "Filter": "((country_code)::text = '[jp]'::text)"}]}]}, "Unique SQL Id": 3956435728, "Planner Runtime": 110}, "explain_analyze_plan": null}, "(64, '43')": {"explain_plan": {"Plan": {"Node Type": "Aggregate", "Strategy": "Plain", "Startup Cost": 7000171740968.88, "Total Cost": 7000171740968.89, "Plan Rows": 1, "Plan Width": 97, "Plans": [{"Node Type": "Nested Loop", "Parent Relationship": "Outer", "Join Type": "Inner", "Startup Cost": 70000000000.0, "Total Cost": 7000171740968.87, "Plan Rows": 1, "Plan Width": 33, "Inner Unique": true, "Join Filter": "(ci.role_id = rt.id)", "Plans": [{"Node Type": "Nested Loop", "Parent Relationship": "Outer", "Join Type": "Inner", "Startup Cost": 60000000000.0, "Total Cost": 6000171739722.86, "Plan Rows": 1, "Plan Width": 37, "Inner Unique": true, "Plans": [{"Node Type": "Nested Loop", "Parent Relationship": "Outer", "Join Type": "Inner", "Startup Cost": 50000000000.0, "Total Cost": 5000171739665.63, "Plan Rows": 1, "Plan Width": 45, "Inner Unique": true, "Plans": [{"Node Type": "Nested Loop", "Parent Relationship": "Outer", "Join Type": "Inner", "Startup Cost": 40000000000.0, "Total Cost": 4000171739228.2, "Plan Rows": 1, "Plan Width": 49, "Inner Unique": false, "Plans": [{"Node Type": "Nested Loop", "Parent Relationship": "Outer", "Join Type": "Inner", "Startup Cost": 30000000000.0, "Total Cost": 3000171739143.81, "Plan Rows": 1, "Plan Width": 29, "Inner Unique": false, "Join Filter": "(t.id = ci.movie_id)", "Plans": [{"Node Type": "Index Scan", "Parent Relationship": "Outer", "Scan Direction": "Forward", "Index Name": "role_id_cast_info", "Relation Name": "cast_info", "Alias": "ci", "Startup Cost": 10000000000.0, "Total Cost": 1000143218339.5, "Plan Rows": 96692, "Plan Width": 12, "Filter": "((note)::text = '(voice: English version)'::text)"}, {"Node Type": "Materialize", "Parent Relationship": "Inner", "Startup Cost": 20000000000.0, "Total Cost": 2000028517903.55, "Plan Rows": 2, "Plan Width": 29, "Plans": [{"Node Type": "Nested Loop", "Parent Relationship": "Outer", "Join Type": "Inner", "Startup Cost": 20000000000.0, "Total Cost": 2000028517903.54, "Plan Rows": 2, "Plan Width": 29, "Inner Unique": true, "Join Filter": "(mc.movie_id = t.id)", "Plans": [{"Node Type": "Index Scan", "Parent Relationship": "Outer", "Scan Direction": "Forward", "Index Name": "company_id_movie_companies", "Relation Name": "movie_companies", "Alias": "mc", "Startup Cost": 10000000000.0, "Total Cost": 1000014976477.98, "Plan Rows": 1652, "Plan Width": 8, "Filter": "(((note)::text ~~ '%(Japan)%'::text) AND ((note)::text !~~ '%(USA)%'::text) AND (((note)::text ~~ '%(2006)%'::text) OR ((note)::text ~~ '%(2007)%'::text)))"}, {"Node Type": "Materialize", "Parent Relationship": "Inner", "Startup Cost": 10000000000.0, "Total Cost": 1000013540360.13, "Plan Rows": 43, "Plan Width": 21, "Plans": [{"Node Type": "Index Scan", "Parent Relationship": "Outer", "Scan Direction": "Forward", "Index Name": "title_pkey", "Relation Name": "title", "Alias": "t", "Startup Cost": 10000000000.0, "Total Cost": 1000013540359.91, "Plan Rows": 43, "Plan Width": 21, "Filter": "((production_year >= 2006) AND (production_year <= 2007) AND (((title)::text ~~ 'One Piece%'::text) OR ((title)::text ~~ 'Dragon Ball Z%'::text)))"}]}]}]}]}, {"Node Type": "Index Scan", "Parent Relationship": "Inner", "Scan Direction": "Forward", "Index Name": "person_id_aka_name", "Relation Name": "aka_name", "Alias": "an", "Startup Cost": 10000000000.0, "Total Cost": 1000000000084.38, "Plan Rows": 1, "Plan Width": 20, "Index Cond": "(person_id = ci.person_id)"}]}, {"Node Type": "Index Scan", "Parent Relationship": "Inner", "Scan Direction": "Forward", "Index Name": "company_name_pkey", "Relation Name": "company_name", "Alias": "cn", "Startup Cost": 10000000000.0, "Total Cost": 1000000000437.42, "Plan Rows": 1, "Plan Width": 4, "Index Cond": "(id = mc.company_id)", "Filter": "((country_code)::text = '[jp]'::text)"}]}, {"Node Type": "Index Scan", "Parent Relationship": "Inner", "Scan Direction": "Forward", "Index Name": "name_pkey", "Relation Name": "name", "Alias": "n", "Startup Cost": 10000000000.0, "Total Cost": 1000000000057.22, "Plan Rows": 1, "Plan Width": 4, "Index Cond": "(id = an.person_id)", "Filter": "(((name)::text ~~ '%Yo%'::text) AND ((name)::text !~~ '%Yu%'::text))"}]}, {"Node Type": "Index Scan", "Parent Relationship": "Inner", "Scan Direction": "Forward", "Index Name": "role_type_pkey", "Relation Name": "role_type", "Alias": "rt", "Startup Cost": 10000000000.0, "Total Cost": 1000000001246.0, "Plan Rows": 1, "Plan Width": 4, "Filter": "((role)::text = 'actress'::text)"}]}]}, "Unique SQL Id": 3956435728, "Planner Runtime": 45}, "explain_analyze_plan": null}, "(64, '44')": {"explain_plan": {"Plan": {"Node Type": "Aggregate", "Strategy": "Plain", "Startup Cost": 64890.38, "Total Cost": 64890.39, "Plan Rows": 1, "Plan Width": 97, "Plans": [{"Node Type": "Nested Loop", "Parent Relationship": "Outer", "Join Type": "Inner", "Startup Cost": 3369.54, "Total Cost": 64890.38, "Plan Rows": 1, "Plan Width": 33, "Inner Unique": true, "Plans": [{"Node Type": "Nested Loop", "Parent Relationship": "Outer", "Join Type": "Inner", "Startup Cost": 3369.54, "Total Cost": 64890.09, "Plan Rows": 1, "Plan Width": 37, "Inner Unique": true, "Plans": [{"Node Type": "Nested Loop", "Parent Relationship": "Outer", "Join Type": "Inner", "Startup Cost": 3369.54, "Total Cost": 64889.51, "Plan Rows": 1, "Plan Width": 45, "Inner Unique": true, "Plans": [{"Node Type": "Nested Loop", "Parent Relationship": "Outer", "Join Type": "Inner", "Startup Cost": 3369.54, "Total Cost": 64885.13, "Plan Rows": 1, "Plan Width": 49, "Inner Unique": false, "Plans": [{"Node Type": "Nested Loop", "Parent Relationship": "Outer", "Join Type": "Inner", "Startup Cost": 3369.54, "Total Cost": 64884.27, "Plan Rows": 1, "Plan Width": 29, "Inner Unique": false, "Join Filter": "(t.id = ci.movie_id)", "Plans": [{"Node Type": "Nested Loop", "Parent Relationship": "Outer", "Join Type": "Inner", "Startup Cost": 3369.54, "Total Cost": 64828.49, "Plan Rows": 2, "Plan Width": 29, "Inner Unique": false, "Plans": [{"Node Type": "Streaming(type: LOCAL GATHER dop: 1/64)", "Parent Relationship": "Outer", "Startup Cost": 3369.54, "Total Cost": 64334.52, "Plan Rows": 43, "Plan Width": 21, "Plans": [{"Node Type": "Seq Scan", "Parent Relationship": "Outer", "Relation Name": "title", "Alias": "t", "Startup Cost": 3369.54, "Total Cost": 64333.63, "Plan Rows": 43, "Plan Width": 21, "Filter": "((production_year >= 2006) AND (production_year <= 2007) AND (((title)::text ~~ 'One Piece%'::text) OR ((title)::text ~~ 'Dragon Ball Z%'::text)))"}]}, {"Node Type": "Index Scan", "Parent Relationship": "Inner", "Scan Direction": "Forward", "Index Name": "movie_id_movie_companies", "Relation Name": "movie_companies", "Alias": "mc", "Startup Cost": 0.0, "Total Cost": 11.48, "Plan Rows": 1, "Plan Width": 8, "Index Cond": "(movie_id = t.id)", "Filter": "(((note)::text ~~ '%(Japan)%'::text) AND ((note)::text !~~ '%(USA)%'::text) AND (((note)::text ~~ '%(2006)%'::text) OR ((note)::text ~~ '%(2007)%'::text)))"}]}, {"Node Type": "Index Scan", "Parent Relationship": "Inner", "Scan Direction": "Forward", "Index Name": "movie_id_cast_info", "Relation Name": "cast_info", "Alias": "ci", "Startup Cost": 0.0, "Total Cost": 27.88, "Plan Rows": 1, "Plan Width": 12, "Index Cond": "(movie_id = mc.movie_id)", "Filter": "((note)::text = '(voice: English version)'::text)"}]}, {"Node Type": "Index Scan", "Parent Relationship": "Inner", "Scan Direction": "Forward", "Index Name": "person_id_aka_name", "Relation Name": "aka_name", "Alias": "an", "Startup Cost": 0.0, "Total Cost": 0.84, "Plan Rows": 1, "Plan Width": 20, "Index Cond": "(person_id = ci.person_id)"}]}, {"Node Type": "Index Scan", "Parent Relationship": "Inner", "Scan Direction": "Forward", "Index Name": "company_name_pkey", "Relation Name": "company_name", "Alias": "cn", "Startup Cost": 0.0, "Total Cost": 4.37, "Plan Rows": 1, "Plan Width": 4, "Index Cond": "(id = mc.company_id)", "Filter": "((country_code)::text = '[jp]'::text)"}]}, {"Node Type": "Index Scan", "Parent Relationship": "Inner", "Scan Direction": "Forward", "Index Name": "name_pkey", "Relation Name": "name", "Alias": "n", "Startup Cost": 0.0, "Total Cost": 0.57, "Plan Rows": 1, "Plan Width": 4, "Index Cond": "(id = an.person_id)", "Filter": "(((name)::text ~~ '%Yo%'::text) AND ((name)::text !~~ '%Yu%'::text))"}]}, {"Node Type": "Index Scan", "Parent Relationship": "Inner", "Scan Direction": "Forward", "Index Name": "role_type_pkey", "Relation Name": "role_type", "Alias": "rt", "Startup Cost": 0.0, "Total Cost": 0.27, "Plan Rows": 1, "Plan Width": 4, "Index Cond": "(id = ci.role_id)", "Filter": "((role)::text = 'actress'::text)"}]}]}, "Unique SQL Id": 3956435728, "Planner Runtime": 19}, "explain_analyze_plan": {"Plan": {"Node Type": "Aggregate", "Strategy": "Plain", "Startup Cost": 64890.38, "Total Cost": 64890.39, "Plan Rows": 1, "Plan Width": 97, "Actual Min Startup Time": 129.95, "Actual Max Startup Time": 129.95, "Actual Min Total Time": 129.951, "Actual Max Total Time": 129.951, "Plans": [{"Node Type": "Nested Loop", "Parent Relationship": "Outer", "Join Type": "Inner", "Startup Cost": 3369.54, "Total Cost": 64890.38, "Plan Rows": 1, "Plan Width": 33, "Actual Min Startup Time": 82.756, "Actual Max Startup Time": 82.756, "Actual Min Total Time": 129.873, "Actual Max Total Time": 129.873, "Inner Unique": true, "Plans": [{"Node Type": "Nested Loop", "Parent Relationship": "Outer", "Join Type": "Inner", "Startup Cost": 3369.54, "Total Cost": 64890.09, "Plan Rows": 1, "Plan Width": 37, "Actual Min Startup Time": 82.738, "Actual Max Startup Time": 82.738, "Actual Min Total Time": 129.822, "Actual Max Total Time": 129.822, "Inner Unique": true, "Plans": [{"Node Type": "Nested Loop", "Parent Relationship": "Outer", "Join Type": "Inner", "Startup Cost": 3369.54, "Total Cost": 64889.51, "Plan Rows": 1, "Plan Width": 45, "Actual Min Startup Time": 81.529, "Actual Max Startup Time": 81.529, "Actual Min Total Time": 128.829, "Actual Max Total Time": 128.829, "Inner Unique": true, "Plans": [{"Node Type": "Nested Loop", "Parent Relationship": "Outer", "Join Type": "Inner", "Startup Cost": 3369.54, "Total Cost": 64885.13, "Plan Rows": 1, "Plan Width": 49, "Actual Min Startup Time": 81.496, "Actual Max Startup Time": 81.496, "Actual Min Total Time": 128.07, "Actual Max Total Time": 128.07, "Inner Unique": false, "Plans": [{"Node Type": "Nested Loop", "Parent Relationship": "Outer", "Join Type": "Inner", "Startup Cost": 3369.54, "Total Cost": 64884.27, "Plan Rows": 1, "Plan Width": 29, "Actual Min Startup Time": 81.476, "Actual Max Startup Time": 81.476, "Actual Min Total Time": 127.263, "Actual Max Total Time": 127.263, "Inner Unique": false, "Join Filter": "(t.id = ci.movie_id)", "Rows Removed by Join Filter": 0, "Plans": [{"Node Type": "Nested Loop", "Parent Relationship": "Outer", "Join Type": "Inner", "Startup Cost": 3369.54, "Total Cost": 64828.49, "Plan Rows": 2, "Plan Width": 29, "Actual Min Startup Time": 81.441, "Actual Max Startup Time": 81.441, "Actual Min Total Time": 126.75, "Actual Max Total Time": 126.75, "Inner Unique": false, "Plans": [{"Node Type": "Streaming(type: LOCAL GATHER dop: 1/64)", "Parent Relationship": "Outer", "Startup Cost": 3369.54, "Total Cost": 64334.52, "Plan Rows": 43, "Plan Width": 21, "Actual Min Startup Time": 81.336, "Actual Max Startup Time": 81.336, "Actual Min Total Time": 126.394, "Actual Max Total Time": 126.394, "Plans": [{"Node Type": "Seq Scan", "Parent Relationship": "Outer", "Relation Name": "title", "Alias": "t", "Startup Cost": 3369.54, "Total Cost": 64333.63, "Plan Rows": 43, "Plan Width": 21, "Actual Min Startup Time": 11.827, "Actual Max Startup Time": 38.588, "Actual Min Total Time": 14.967, "Actual Max Total Time": 38.588, "Filter": "((production_year >= 2006) AND (production_year <= 2007) AND (((title)::text ~~ 'One Piece%'::text) OR ((title)::text ~~ 'Dragon Ball Z%'::text)))", "Rows Removed by Filter": 2528304, "Actual Rows": 7}], "Actual Rows": 7}, {"Node Type": "Index Scan", "Parent Relationship": "Inner", "Scan Direction": "Forward", "Index Name": "movie_id_movie_companies", "Relation Name": "movie_companies", "Alias": "mc", "Startup Cost": 0.0, "Total Cost": 11.48, "Plan Rows": 1, "Plan Width": 8, "Actual Min Startup Time": 0.272, "Actual Max Startup Time": 0.272, "Actual Min Total Time": 0.284, "Actual Max Total Time": 0.284, "Index Cond": "(movie_id = t.id)", "Rows Removed by Index Recheck": 0, "Filter": "(((note)::text ~~ '%(Japan)%'::text) AND ((note)::text !~~ '%(USA)%'::text) AND (((note)::text ~~ '%(2006)%'::text) OR ((note)::text ~~ '%(2007)%'::text)))", "Rows Removed by Filter": 13, "Actual Rows": 4}], "Actual Rows": 4}, {"Node Type": "Index Scan", "Parent Relationship": "Inner", "Scan Direction": "Forward", "Index Name": "movie_id_cast_info", "Relation Name": "cast_info", "Alias": "ci", "Startup Cost": 0.0, "Total Cost": 27.88, "Plan Rows": 1, "Plan Width": 12, "Actual Min Startup Time": 0.149, "Actual Max Startup Time": 0.149, "Actual Min Total Time": 0.418, "Actual Max Total Time": 0.418, "Index Cond": "(movie_id = mc.movie_id)", "Rows Removed by Index Recheck": 0, "Filter": "((note)::text = '(voice: English version)'::text)", "Rows Removed by Filter": 68, "Actual Rows": 104}], "Actual Rows": 104}, {"Node Type": "Index Scan", "Parent Relationship": "Inner", "Scan Direction": "Forward", "Index Name": "person_id_aka_name", "Relation Name": "aka_name", "Alias": "an", "Startup Cost": 0.0, "Total Cost": 0.84, "Plan Rows": 1, "Plan Width": 20, "Actual Min Startup Time": 0.573, "Actual Max Startup Time": 0.573, "Actual Min Total Time": 0.686, "Actual Max Total Time": 0.686, "Index Cond": "(person_id = ci.person_id)", "Rows Removed by Index Recheck": 0, "Actual Rows": 171}], "Actual Rows": 171}, {"Node Type": "Index Scan", "Parent Relationship": "Inner", "Scan Direction": "Forward", "Index Name": "company_name_pkey", "Relation Name": "company_name", "Alias": "cn", "Startup Cost": 0.0, "Total Cost": 4.37, "Plan Rows": 1, "Plan Width": 4, "Actual Min Startup Time": 0.589, "Actual Max Startup Time": 0.589, "Actual Min Total Time": 0.589, "Actual Max Total Time": 0.589, "Index Cond": "(id = mc.company_id)", "Rows Removed by Index Recheck": 0, "Filter": "((country_code)::text = '[jp]'::text)", "Rows Removed by Filter": 0, "Actual Rows": 171}], "Actual Rows": 171}, {"Node Type": "Index Scan", "Parent Relationship": "Inner", "Scan Direction": "Forward", "Index Name": "name_pkey", "Relation Name": "name", "Alias": "n", "Startup Cost": 0.0, "Total Cost": 0.57, "Plan Rows": 1, "Plan Width": 4, "Actual Min Startup Time": 0.882, "Actual Max Startup Time": 0.882, "Actual Min Total Time": 0.882, "Actual Max Total Time": 0.882, "Index Cond": "(id = an.person_id)", "Rows Removed by Index Recheck": 0, "Filter": "(((name)::text ~~ '%Yo%'::text) AND ((name)::text !~~ '%Yu%'::text))", "Rows Removed by Filter": 165, "Actual Rows": 6}], "Actual Rows": 6}, {"Node Type": "Index Scan", "Parent Relationship": "Inner", "Scan Direction": "Forward", "Index Name": "role_type_pkey", "Relation Name": "role_type", "Alias": "rt", "Startup Cost": 0.0, "Total Cost": 0.27, "Plan Rows": 1, "Plan Width": 4, "Actual Min Startup Time": 0.03, "Actual Max Startup Time": 0.03, "Actual Min Total Time": 0.03, "Actual Max Total Time": 0.03, "Index Cond": "(id = ci.role_id)", "Rows Removed by Index Recheck": 0, "Filter": "((role)::text = 'actress'::text)", "Rows Removed by Filter": 0, "Actual Rows": 6}], "Actual Rows": 6}], "Actual Rows": 1}, "Triggers": [], "Planner Runtime": 31.722, "Total Runtime": 142.327, "Unique SQL Id": 3956435728}}, "(64, '45')": {"explain_plan": {"Plan": {"Node Type": "Aggregate", "Strategy": "Plain", "Startup Cost": 84111.26, "Total Cost": 84111.27, "Plan Rows": 1, "Plan Width": 97, "Plans": [{"Node Type": "Nested Loop", "Parent Relationship": "Outer", "Join Type": "Inner", "Startup Cost": 0.0, "Total Cost": 84111.26, "Plan Rows": 1, "Plan Width": 33, "Inner Unique": true, "Plans": [{"Node Type": "Nested Loop", "Parent Relationship": "Outer", "Join Type": "Inner", "Startup Cost": 0.0, "Total Cost": 84110.97, "Plan Rows": 1, "Plan Width": 37, "Inner Unique": true, "Plans": [{"Node Type": "Nested Loop", "Parent Relationship": "Outer", "Join Type": "Inner", "Startup Cost": 0.0, "Total Cost": 84110.39, "Plan Rows": 1, "Plan Width": 45, "Inner Unique": false, "Plans": [{"Node Type": "Nested Loop", "Parent Relationship": "Outer", "Join Type": "Inner", "Startup Cost": 0.0, "Total Cost": 84109.54, "Plan Rows": 1, "Plan Width": 25, "Inner Unique": false, "Join Filter": "(t.id = ci.movie_id)", "Plans": [{"Node Type": "Nested Loop", "Parent Relationship": "Outer", "Join Type": "Inner", "Startup Cost": 0.0, "Total Cost": 84053.76, "Plan Rows": 2, "Plan Width": 25, "Inner Unique": true, "Plans": [{"Node Type": "Nested Loop", "Parent Relationship": "Outer", "Join Type": "Inner", "Startup Cost": 0.0, "Total Cost": 81991.53, "Plan Rows": 262, "Plan Width": 4, "Inner Unique": false, "Plans": [{"Node Type": "Index Scan", "Parent Relationship": "Outer", "Scan Direction": "Forward", "Index Name": "company_name_pkey", "Relation Name": "company_name", "Alias": "cn", "Startup Cost": 0.0, "Total Cost": 10501.39, "Plan Rows": 6290, "Plan Width": 4, "Filter": "((country_code)::text = '[jp]'::text)"}, {"Node Type": "Index Scan", "Parent Relationship": "Inner", "Scan Direction": "Forward", "Index Name": "company_id_movie_companies", "Relation Name": "movie_companies", "Alias": "mc", "Startup Cost": 0.0, "Total Cost": 11.36, "Plan Rows": 1, "Plan Width": 8, "Index Cond": "(company_id = cn.id)", "Filter": "(((note)::text ~~ '%(Japan)%'::text) AND ((note)::text !~~ '%(USA)%'::text) AND (((note)::text ~~ '%(2006)%'::text) OR ((note)::text ~~ '%(2007)%'::text)))"}]}, {"Node Type": "Index Scan", "Parent Relationship": "Inner", "Scan Direction": "Forward", "Index Name": "title_pkey", "Relation Name": "title", "Alias": "t", "Startup Cost": 0.0, "Total Cost": 7.86, "Plan Rows": 1, "Plan Width": 21, "Index Cond": "(id = mc.movie_id)", "Filter": "((production_year >= 2006) AND (production_year <= 2007) AND (((title)::text ~~ 'One Piece%'::text) OR ((title)::text ~~ 'Dragon Ball Z%'::text)))"}]}, {"Node Type": "Index Scan", "Parent Relationship": "Inner", "Scan Direction": "Forward", "Index Name": "movie_id_cast_info", "Relation Name": "cast_info", "Alias": "ci", "Startup Cost": 0.0, "Total Cost": 27.88, "Plan Rows": 1, "Plan Width": 12, "Index Cond": "(movie_id = mc.movie_id)", "Filter": "((note)::text = '(voice: English version)'::text)"}]}, {"Node Type": "Index Scan", "Parent Relationship": "Inner", "Scan Direction": "Forward", "Index Name": "person_id_aka_name", "Relation Name": "aka_name", "Alias": "an", "Startup Cost": 0.0, "Total Cost": 0.84, "Plan Rows": 1, "Plan Width": 20, "Index Cond": "(person_id = ci.person_id)"}]}, {"Node Type": "Index Scan", "Parent Relationship": "Inner", "Scan Direction": "Forward", "Index Name": "name_pkey", "Relation Name": "name", "Alias": "n", "Startup Cost": 0.0, "Total Cost": 0.57, "Plan Rows": 1, "Plan Width": 4, "Index Cond": "(id = an.person_id)", "Filter": "(((name)::text ~~ '%Yo%'::text) AND ((name)::text !~~ '%Yu%'::text))"}]}, {"Node Type": "Index Scan", "Parent Relationship": "Inner", "Scan Direction": "Forward", "Index Name": "role_type_pkey", "Relation Name": "role_type", "Alias": "rt", "Startup Cost": 0.0, "Total Cost": 0.27, "Plan Rows": 1, "Plan Width": 4, "Index Cond": "(id = ci.role_id)", "Filter": "((role)::text = 'actress'::text)"}]}]}, "Unique SQL Id": 3956435728, "Planner Runtime": 11}, "explain_analyze_plan": {"Plan": {"Node Type": "Aggregate", "Strategy": "Plain", "Startup Cost": 84111.26, "Total Cost": 84111.27, "Plan Rows": 1, "Plan Width": 97, "Actual Startup Time": 508.933, "Actual Total Time": 508.933, "Actual Rows": 1, "Actual Loops": 1, "Plans": [{"Node Type": "Nested Loop", "Parent Relationship": "Outer", "Join Type": "Inner", "Startup Cost": 0.0, "Total Cost": 84111.26, "Plan Rows": 1, "Plan Width": 33, "Actual Startup Time": 43.321, "Actual Total Time": 508.871, "Actual Rows": 6, "Actual Loops": 1, "Inner Unique": true, "Plans": [{"Node Type": "Nested Loop", "Parent Relationship": "Outer", "Join Type": "Inner", "Startup Cost": 0.0, "Total Cost": 84110.97, "Plan Rows": 1, "Plan Width": 37, "Actual Startup Time": 43.31, "Actual Total Time": 508.838, "Actual Rows": 6, "Actual Loops": 1, "Inner Unique": true, "Plans": [{"Node Type": "Nested Loop", "Parent Relationship": "Outer", "Join Type": "Inner", "Startup Cost": 0.0, "Total Cost": 84110.39, "Plan Rows": 1, "Plan Width": 45, "Actual Startup Time": 42.486, "Actual Total Time": 507.995, "Actual Rows": 171, "Actual Loops": 1, "Inner Unique": false, "Plans": [{"Node Type": "Nested Loop", "Parent Relationship": "Outer", "Join Type": "Inner", "Startup Cost": 0.0, "Total Cost": 84109.54, "Plan Rows": 1, "Plan Width": 25, "Actual Startup Time": 42.471, "Actual Total Time": 507.321, "Actual Rows": 104, "Actual Loops": 1, "Inner Unique": false, "Join Filter": "(t.id = ci.movie_id)", "Rows Removed by Join Filter": 0, "Plans": [{"Node Type": "Nested Loop", "Parent Relationship": "Outer", "Join Type": "Inner", "Startup Cost": 0.0, "Total Cost": 84053.76, "Plan Rows": 2, "Plan Width": 25, "Actual Startup Time": 42.377, "Actual Total Time": 506.931, "Actual Rows": 4, "Actual Loops": 1, "Inner Unique": true, "Plans": [{"Node Type": "Nested Loop", "Parent Relationship": "Outer", "Join Type": "Inner", "Startup Cost": 0.0, "Total Cost": 81991.53, "Plan Rows": 262, "Plan Width": 4, "Actual Startup Time": 0.202, "Actual Total Time": 458.712, "Actual Rows": 8495, "Actual Loops": 1, "Inner Unique": false, "Plans": [{"Node Type": "Index Scan", "Parent Relationship": "Outer", "Scan Direction": "Forward", "Index Name": "company_name_pkey", "Relation Name": "company_name", "Alias": "cn", "Startup Cost": 0.0, "Total Cost": 10501.39, "Plan Rows": 6290, "Plan Width": 4, "Actual Startup Time": 0.167, "Actual Total Time": 270.605, "Actual Rows": 6752, "Actual Loops": 1, "Filter": "((country_code)::text = '[jp]'::text)", "Rows Removed by Filter": 228244}, {"Node Type": "Index Scan", "Parent Relationship": "Inner", "Scan Direction": "Forward", "Index Name": "company_id_movie_companies", "Relation Name": "movie_companies", "Alias": "mc", "Startup Cost": 0.0, "Total Cost": 11.36, "Plan Rows": 1, "Plan Width": 8, "Actual Startup Time": 82.862, "Actual Total Time": 182.042, "Actual Rows": 8495, "Actual Loops": 6752, "Index Cond": "(company_id = cn.id)", "Rows Removed by Index Recheck": 0, "Filter": "(((note)::text ~~ '%(Japan)%'::text) AND ((note)::text !~~ '%(USA)%'::text) AND (((note)::text ~~ '%(2006)%'::text) OR ((note)::text ~~ '%(2007)%'::text)))", "Rows Removed by Filter": 96500}]}, {"Node Type": "Index Scan", "Parent Relationship": "Inner", "Scan Direction": "Forward", "Index Name": "title_pkey", "Relation Name": "title", "Alias": "t", "Startup Cost": 0.0, "Total Cost": 7.86, "Plan Rows": 1, "Plan Width": 21, "Actual Startup Time": 43.82, "Actual Total Time": 43.82, "Actual Rows": 4, "Actual Loops": 8495, "Index Cond": "(id = mc.movie_id)", "Rows Removed by Index Recheck": 0, "Filter": "((production_year >= 2006) AND (production_year <= 2007) AND (((title)::text ~~ 'One Piece%'::text) OR ((title)::text ~~ 'Dragon Ball Z%'::text)))", "Rows Removed by Filter": 8491}]}, {"Node Type": "Index Scan", "Parent Relationship": "Inner", "Scan Direction": "Forward", "Index Name": "movie_id_cast_info", "Relation Name": "cast_info", "Alias": "ci", "Startup Cost": 0.0, "Total Cost": 27.88, "Plan Rows": 1, "Plan Width": 12, "Actual Startup Time": 0.107, "Actual Total Time": 0.315, "Actual Rows": 104, "Actual Loops": 4, "Index Cond": "(movie_id = mc.movie_id)", "Rows Removed by Index Recheck": 0, "Filter": "((note)::text = '(voice: English version)'::text)", "Rows Removed by Filter": 68}]}, {"Node Type": "Index Scan", "Parent Relationship": "Inner", "Scan Direction": "Forward", "Index Name": "person_id_aka_name", "Relation Name": "aka_name", "Alias": "an", "Startup Cost": 0.0, "Total Cost": 0.84, "Plan Rows": 1, "Plan Width": 20, "Actual Startup Time": 0.474, "Actual Total Time": 0.579, "Actual Rows": 171, "Actual Loops": 104, "Index Cond": "(person_id = ci.person_id)", "Rows Removed by Index Recheck": 0}]}, {"Node Type": "Index Scan", "Parent Relationship": "Inner", "Scan Direction": "Forward", "Index Name": "name_pkey", "Relation Name": "name", "Alias": "n", "Startup Cost": 0.0, "Total Cost": 0.57, "Plan Rows": 1, "Plan Width": 4, "Actual Startup Time": 0.754, "Actual Total Time": 0.754, "Actual Rows": 6, "Actual Loops": 171, "Index Cond": "(id = an.person_id)", "Rows Removed by Index Recheck": 0, "Filter": "(((name)::text ~~ '%Yo%'::text) AND ((name)::text !~~ '%Yu%'::text))", "Rows Removed by Filter": 165}]}, {"Node Type": "Index Scan", "Parent Relationship": "Inner", "Scan Direction": "Forward", "Index Name": "role_type_pkey", "Relation Name": "role_type", "Alias": "rt", "Startup Cost": 0.0, "Total Cost": 0.27, "Plan Rows": 1, "Plan Width": 4, "Actual Startup Time": 0.021, "Actual Total Time": 0.021, "Actual Rows": 6, "Actual Loops": 6, "Index Cond": "(id = ci.role_id)", "Rows Removed by Index Recheck": 0, "Filter": "((role)::text = 'actress'::text)", "Rows Removed by Filter": 0}]}]}, "Triggers": [], "Planner Runtime": 28.465, "Total Runtime": 509.196, "Unique SQL Id": 3956435728}}, "(64, '46')": {"explain_plan": {"Plan": {"Node Type": "Aggregate", "Strategy": "Plain", "Startup Cost": 301668.81, "Total Cost": 301668.82, "Plan Rows": 1, "Plan Width": 97, "Plans": [{"Node Type": "Nested Loop", "Parent Relationship": "Outer", "Join Type": "Inner", "Startup Cost": 68609.41, "Total Cost": 301668.8, "Plan Rows": 1, "Plan Width": 33, "Inner Unique": true, "Join Filter": "(mc.company_id = cn.id)", "Plans": [{"Node Type": "Nested Loop", "Parent Relationship": "Outer", "Join Type": "Inner", "Startup Cost": 68609.41, "Total Cost": 295686.73, "Plan Rows": 1, "Plan Width": 37, "Inner Unique": false, "Join Filter": "(an.person_id = ci.person_id)", "Plans": [{"Node Type": "Nested Loop", "Parent Relationship": "Outer", "Join Type": "Inner", "Startup Cost": 3369.54, "Total Cost": 206784.29, "Plan Rows": 1, "Plan Width": 25, "Inner Unique": false, "Join Filter": "(ci.movie_id = t.id)", "Plans": [{"Node Type": "Nested Loop", "Parent Relationship": "Outer", "Join Type": "Inner", "Startup Cost": 0.0, "Total Cost": 77025.27, "Plan Rows": 8790, "Plan Width": 8, "Inner Unique": false, "Join Filter": "(ci.role_id = rt.id)", "Plans": [{"Node Type": "Seq Scan", "Parent Relationship": "Outer", "Relation Name": "role_type", "Alias": "rt", "Startup Cost": 0.0, "Total Cost": 1.15, "Plan Rows": 1, "Plan Width": 4, "Filter": "((role)::text = 'actress'::text)"}, {"Node Type": "Materialize", "Parent Relationship": "Inner", "Startup Cost": 0.0, "Total Cost": 76057.2, "Plan Rows": 96692, "Plan Width": 12, "Plans": [{"Node Type": "Streaming(type: LOCAL GATHER dop: 1/64)", "Parent Relationship": "Outer", "Startup Cost": 0.0, "Total Cost": 75815.47, "Plan Rows": 96692, "Plan Width": 12, "Plans": [{"Node Type": "Seq Scan", "Parent Relationship": "Outer", "Relation Name": "cast_info", "Alias": "ci", "Startup Cost": 0.0, "Total Cost": 73820.73, "Plan Rows": 96692, "Plan Width": 12, "Filter": "((note)::text = '(voice: English version)'::text)"}]}]}]}, {"Node Type": "Materialize", "Parent Relationship": "Inner", "Startup Cost": 3369.54, "Total Cost": 129495.32, "Plan Rows": 2, "Plan Width": 29, "Plans": [{"Node Type": "Nested Loop", "Parent Relationship": "Outer", "Join Type": "Inner", "Startup Cost": 3369.54, "Total Cost": 129495.31, "Plan Rows": 2, "Plan Width": 29, "Inner Unique": true, "Join Filter": "(mc.movie_id = t.id)", "Plans": [{"Node Type": "Streaming(type: LOCAL GATHER dop: 1/64)", "Parent Relationship": "Outer", "Startup Cost": 0.0, "Total Cost": 64095.15, "Plan Rows": 1652, "Plan Width": 8, "Plans": [{"Node Type": "Seq Scan", "Parent Relationship": "Outer", "Relation Name": "movie_companies", "Alias": "mc", "Startup Cost": 0.0, "Total Cost": 64061.07, "Plan Rows": 1652, "Plan Width": 8, "Filter": "(((note)::text ~~ '%(Japan)%'::text) AND ((note)::text !~~ '%(USA)%'::text) AND (((note)::text ~~ '%(2006)%'::text) OR ((note)::text ~~ '%(2007)%'::text)))"}]}, {"Node Type": "Materialize", "Parent Relationship": "Inner", "Startup Cost": 3369.54, "Total Cost": 64334.73, "Plan Rows": 43, "Plan Width": 21, "Plans": [{"Node Type": "Streaming(type: LOCAL GATHER dop: 1/64)", "Parent Relationship": "Outer", "Startup Cost": 3369.54, "Total Cost": 64334.52, "Plan Rows": 43, "Plan Width": 21, "Plans": [{"Node Type": "Seq Scan", "Parent Relationship": "Outer", "Relation Name": "title", "Alias": "t", "Startup Cost": 3369.54, "Total Cost": 64333.63, "Plan Rows": 43, "Plan Width": 21, "Filter": "((production_year >= 2006) AND (production_year <= 2007) AND (((title)::text ~~ 'One Piece%'::text) OR ((title)::text ~~ 'Dragon Ball Z%'::text)))"}]}]}]}]}]}, {"Node Type": "Materialize", "Parent Relationship": "Inner", "Startup Cost": 65239.88, "Total Cost": 88736.17, "Plan Rows": 16627, "Plan Width": 24, "Plans": [{"Node Type": "Hash Join", "Parent Relationship": "Outer", "Join Type": "Inner", "Startup Cost": 65239.88, "Total Cost": 88694.6, "Plan Rows": 16627, "Plan Width": 24, "Inner Unique": true, "Hash Cond": "(an.person_id = n.id)", "Plans": [{"Node Type": "Seq Scan", "Parent Relationship": "Outer", "Relation Name": "aka_name", "Alias": "an", "Startup Cost": 0.0, "Total Cost": 19908.42, "Plan Rows": 901342, "Plan Width": 20}, {"Node Type": "Hash", "Parent Relationship": "Inner", "Startup Cost": 65066.3, "Total Cost": 65066.3, "Plan Rows": 13886, "Plan Width": 4, "Plans": [{"Node Type": "Streaming(type: LOCAL GATHER dop: 1/64)", "Parent Relationship": "Outer", "Startup Cost": 0.0, "Total Cost": 65066.3, "Plan Rows": 13886, "Plan Width": 4, "Plans": [{"Node Type": "Seq Scan", "Parent Relationship": "Outer", "Relation Name": "name", "Alias": "n", "Startup Cost": 0.0, "Total Cost": 64779.83, "Plan Rows": 13886, "Plan Width": 4, "Filter": "(((name)::text ~~ '%Yo%'::text) AND ((name)::text !~~ '%Yu%'::text))"}]}]}]}]}]}, {"Node Type": "Seq Scan", "Parent Relationship": "Inner", "Relation Name": "company_name", "Alias": "cn", "Startup Cost": 0.0, "Total Cost": 5903.45, "Plan Rows": 6290, "Plan Width": 4, "Filter": "((country_code)::text = '[jp]'::text)"}]}]}, "Unique SQL Id": 3956435728, "Planner Runtime": 110}, "explain_analyze_plan": null}, "(64, '47')": {"explain_plan": {"Plan": {"Node Type": "Aggregate", "Strategy": "Plain", "Startup Cost": 7000171740968.88, "Total Cost": 7000171740968.89, "Plan Rows": 1, "Plan Width": 97, "Plans": [{"Node Type": "Nested Loop", "Parent Relationship": "Outer", "Join Type": "Inner", "Startup Cost": 70000000000.0, "Total Cost": 7000171740968.87, "Plan Rows": 1, "Plan Width": 33, "Inner Unique": true, "Join Filter": "(ci.role_id = rt.id)", "Plans": [{"Node Type": "Nested Loop", "Parent Relationship": "Outer", "Join Type": "Inner", "Startup Cost": 60000000000.0, "Total Cost": 6000171739722.86, "Plan Rows": 1, "Plan Width": 37, "Inner Unique": true, "Plans": [{"Node Type": "Nested Loop", "Parent Relationship": "Outer", "Join Type": "Inner", "Startup Cost": 50000000000.0, "Total Cost": 5000171739665.63, "Plan Rows": 1, "Plan Width": 45, "Inner Unique": true, "Plans": [{"Node Type": "Nested Loop", "Parent Relationship": "Outer", "Join Type": "Inner", "Startup Cost": 40000000000.0, "Total Cost": 4000171739228.2, "Plan Rows": 1, "Plan Width": 49, "Inner Unique": false, "Plans": [{"Node Type": "Nested Loop", "Parent Relationship": "Outer", "Join Type": "Inner", "Startup Cost": 30000000000.0, "Total Cost": 3000171739143.81, "Plan Rows": 1, "Plan Width": 29, "Inner Unique": false, "Join Filter": "(t.id = ci.movie_id)", "Plans": [{"Node Type": "Index Scan", "Parent Relationship": "Outer", "Scan Direction": "Forward", "Index Name": "role_id_cast_info", "Relation Name": "cast_info", "Alias": "ci", "Startup Cost": 10000000000.0, "Total Cost": 1000143218339.5, "Plan Rows": 96692, "Plan Width": 12, "Filter": "((note)::text = '(voice: English version)'::text)"}, {"Node Type": "Materialize", "Parent Relationship": "Inner", "Startup Cost": 20000000000.0, "Total Cost": 2000028517903.55, "Plan Rows": 2, "Plan Width": 29, "Plans": [{"Node Type": "Nested Loop", "Parent Relationship": "Outer", "Join Type": "Inner", "Startup Cost": 20000000000.0, "Total Cost": 2000028517903.54, "Plan Rows": 2, "Plan Width": 29, "Inner Unique": true, "Join Filter": "(mc.movie_id = t.id)", "Plans": [{"Node Type": "Index Scan", "Parent Relationship": "Outer", "Scan Direction": "Forward", "Index Name": "company_id_movie_companies", "Relation Name": "movie_companies", "Alias": "mc", "Startup Cost": 10000000000.0, "Total Cost": 1000014976477.98, "Plan Rows": 1652, "Plan Width": 8, "Filter": "(((note)::text ~~ '%(Japan)%'::text) AND ((note)::text !~~ '%(USA)%'::text) AND (((note)::text ~~ '%(2006)%'::text) OR ((note)::text ~~ '%(2007)%'::text)))"}, {"Node Type": "Materialize", "Parent Relationship": "Inner", "Startup Cost": 10000000000.0, "Total Cost": 1000013540360.13, "Plan Rows": 43, "Plan Width": 21, "Plans": [{"Node Type": "Index Scan", "Parent Relationship": "Outer", "Scan Direction": "Forward", "Index Name": "title_pkey", "Relation Name": "title", "Alias": "t", "Startup Cost": 10000000000.0, "Total Cost": 1000013540359.91, "Plan Rows": 43, "Plan Width": 21, "Filter": "((production_year >= 2006) AND (production_year <= 2007) AND (((title)::text ~~ 'One Piece%'::text) OR ((title)::text ~~ 'Dragon Ball Z%'::text)))"}]}]}]}]}, {"Node Type": "Index Scan", "Parent Relationship": "Inner", "Scan Direction": "Forward", "Index Name": "person_id_aka_name", "Relation Name": "aka_name", "Alias": "an", "Startup Cost": 10000000000.0, "Total Cost": 1000000000084.38, "Plan Rows": 1, "Plan Width": 20, "Index Cond": "(person_id = ci.person_id)"}]}, {"Node Type": "Index Scan", "Parent Relationship": "Inner", "Scan Direction": "Forward", "Index Name": "company_name_pkey", "Relation Name": "company_name", "Alias": "cn", "Startup Cost": 10000000000.0, "Total Cost": 1000000000437.42, "Plan Rows": 1, "Plan Width": 4, "Index Cond": "(id = mc.company_id)", "Filter": "((country_code)::text = '[jp]'::text)"}]}, {"Node Type": "Index Scan", "Parent Relationship": "Inner", "Scan Direction": "Forward", "Index Name": "name_pkey", "Relation Name": "name", "Alias": "n", "Startup Cost": 10000000000.0, "Total Cost": 1000000000057.22, "Plan Rows": 1, "Plan Width": 4, "Index Cond": "(id = an.person_id)", "Filter": "(((name)::text ~~ '%Yo%'::text) AND ((name)::text !~~ '%Yu%'::text))"}]}, {"Node Type": "Index Scan", "Parent Relationship": "Inner", "Scan Direction": "Forward", "Index Name": "role_type_pkey", "Relation Name": "role_type", "Alias": "rt", "Startup Cost": 10000000000.0, "Total Cost": 1000000001246.0, "Plan Rows": 1, "Plan Width": 4, "Filter": "((role)::text = 'actress'::text)"}]}]}, "Unique SQL Id": 3956435728, "Planner Runtime": 45}, "explain_analyze_plan": null}, "(64, '48')": {"explain_plan": {"Plan": {"Node Type": "Aggregate", "Strategy": "Plain", "Startup Cost": 64890.38, "Total Cost": 64890.39, "Plan Rows": 1, "Plan Width": 97, "Plans": [{"Node Type": "Nested Loop", "Parent Relationship": "Outer", "Join Type": "Inner", "Startup Cost": 3369.54, "Total Cost": 64890.38, "Plan Rows": 1, "Plan Width": 33, "Inner Unique": true, "Plans": [{"Node Type": "Nested Loop", "Parent Relationship": "Outer", "Join Type": "Inner", "Startup Cost": 3369.54, "Total Cost": 64890.09, "Plan Rows": 1, "Plan Width": 37, "Inner Unique": true, "Plans": [{"Node Type": "Nested Loop", "Parent Relationship": "Outer", "Join Type": "Inner", "Startup Cost": 3369.54, "Total Cost": 64889.51, "Plan Rows": 1, "Plan Width": 45, "Inner Unique": true, "Plans": [{"Node Type": "Nested Loop", "Parent Relationship": "Outer", "Join Type": "Inner", "Startup Cost": 3369.54, "Total Cost": 64885.13, "Plan Rows": 1, "Plan Width": 49, "Inner Unique": false, "Plans": [{"Node Type": "Nested Loop", "Parent Relationship": "Outer", "Join Type": "Inner", "Startup Cost": 3369.54, "Total Cost": 64884.27, "Plan Rows": 1, "Plan Width": 29, "Inner Unique": false, "Join Filter": "(t.id = ci.movie_id)", "Plans": [{"Node Type": "Nested Loop", "Parent Relationship": "Outer", "Join Type": "Inner", "Startup Cost": 3369.54, "Total Cost": 64828.49, "Plan Rows": 2, "Plan Width": 29, "Inner Unique": false, "Plans": [{"Node Type": "Streaming(type: LOCAL GATHER dop: 1/64)", "Parent Relationship": "Outer", "Startup Cost": 3369.54, "Total Cost": 64334.52, "Plan Rows": 43, "Plan Width": 21, "Plans": [{"Node Type": "Seq Scan", "Parent Relationship": "Outer", "Relation Name": "title", "Alias": "t", "Startup Cost": 3369.54, "Total Cost": 64333.63, "Plan Rows": 43, "Plan Width": 21, "Filter": "((production_year >= 2006) AND (production_year <= 2007) AND (((title)::text ~~ 'One Piece%'::text) OR ((title)::text ~~ 'Dragon Ball Z%'::text)))"}]}, {"Node Type": "Index Scan", "Parent Relationship": "Inner", "Scan Direction": "Forward", "Index Name": "movie_id_movie_companies", "Relation Name": "movie_companies", "Alias": "mc", "Startup Cost": 0.0, "Total Cost": 11.48, "Plan Rows": 1, "Plan Width": 8, "Index Cond": "(movie_id = t.id)", "Filter": "(((note)::text ~~ '%(Japan)%'::text) AND ((note)::text !~~ '%(USA)%'::text) AND (((note)::text ~~ '%(2006)%'::text) OR ((note)::text ~~ '%(2007)%'::text)))"}]}, {"Node Type": "Index Scan", "Parent Relationship": "Inner", "Scan Direction": "Forward", "Index Name": "movie_id_cast_info", "Relation Name": "cast_info", "Alias": "ci", "Startup Cost": 0.0, "Total Cost": 27.88, "Plan Rows": 1, "Plan Width": 12, "Index Cond": "(movie_id = mc.movie_id)", "Filter": "((note)::text = '(voice: English version)'::text)"}]}, {"Node Type": "Index Scan", "Parent Relationship": "Inner", "Scan Direction": "Forward", "Index Name": "person_id_aka_name", "Relation Name": "aka_name", "Alias": "an", "Startup Cost": 0.0, "Total Cost": 0.84, "Plan Rows": 1, "Plan Width": 20, "Index Cond": "(person_id = ci.person_id)"}]}, {"Node Type": "Index Scan", "Parent Relationship": "Inner", "Scan Direction": "Forward", "Index Name": "company_name_pkey", "Relation Name": "company_name", "Alias": "cn", "Startup Cost": 0.0, "Total Cost": 4.37, "Plan Rows": 1, "Plan Width": 4, "Index Cond": "(id = mc.company_id)", "Filter": "((country_code)::text = '[jp]'::text)"}]}, {"Node Type": "Index Scan", "Parent Relationship": "Inner", "Scan Direction": "Forward", "Index Name": "name_pkey", "Relation Name": "name", "Alias": "n", "Startup Cost": 0.0, "Total Cost": 0.57, "Plan Rows": 1, "Plan Width": 4, "Index Cond": "(id = an.person_id)", "Filter": "(((name)::text ~~ '%Yo%'::text) AND ((name)::text !~~ '%Yu%'::text))"}]}, {"Node Type": "Index Scan", "Parent Relationship": "Inner", "Scan Direction": "Forward", "Index Name": "role_type_pkey", "Relation Name": "role_type", "Alias": "rt", "Startup Cost": 0.0, "Total Cost": 0.27, "Plan Rows": 1, "Plan Width": 4, "Index Cond": "(id = ci.role_id)", "Filter": "((role)::text = 'actress'::text)"}]}]}, "Unique SQL Id": 3956435728, "Planner Runtime": 10}, "explain_analyze_plan": {"Plan": {"Node Type": "Aggregate", "Strategy": "Plain", "Startup Cost": 64890.38, "Total Cost": 64890.39, "Plan Rows": 1, "Plan Width": 97, "Actual Min Startup Time": 129.95, "Actual Max Startup Time": 129.95, "Actual Min Total Time": 129.951, "Actual Max Total Time": 129.951, "Plans": [{"Node Type": "Nested Loop", "Parent Relationship": "Outer", "Join Type": "Inner", "Startup Cost": 3369.54, "Total Cost": 64890.38, "Plan Rows": 1, "Plan Width": 33, "Actual Min Startup Time": 82.756, "Actual Max Startup Time": 82.756, "Actual Min Total Time": 129.873, "Actual Max Total Time": 129.873, "Inner Unique": true, "Plans": [{"Node Type": "Nested Loop", "Parent Relationship": "Outer", "Join Type": "Inner", "Startup Cost": 3369.54, "Total Cost": 64890.09, "Plan Rows": 1, "Plan Width": 37, "Actual Min Startup Time": 82.738, "Actual Max Startup Time": 82.738, "Actual Min Total Time": 129.822, "Actual Max Total Time": 129.822, "Inner Unique": true, "Plans": [{"Node Type": "Nested Loop", "Parent Relationship": "Outer", "Join Type": "Inner", "Startup Cost": 3369.54, "Total Cost": 64889.51, "Plan Rows": 1, "Plan Width": 45, "Actual Min Startup Time": 81.529, "Actual Max Startup Time": 81.529, "Actual Min Total Time": 128.829, "Actual Max Total Time": 128.829, "Inner Unique": true, "Plans": [{"Node Type": "Nested Loop", "Parent Relationship": "Outer", "Join Type": "Inner", "Startup Cost": 3369.54, "Total Cost": 64885.13, "Plan Rows": 1, "Plan Width": 49, "Actual Min Startup Time": 81.496, "Actual Max Startup Time": 81.496, "Actual Min Total Time": 128.07, "Actual Max Total Time": 128.07, "Inner Unique": false, "Plans": [{"Node Type": "Nested Loop", "Parent Relationship": "Outer", "Join Type": "Inner", "Startup Cost": 3369.54, "Total Cost": 64884.27, "Plan Rows": 1, "Plan Width": 29, "Actual Min Startup Time": 81.476, "Actual Max Startup Time": 81.476, "Actual Min Total Time": 127.263, "Actual Max Total Time": 127.263, "Inner Unique": false, "Join Filter": "(t.id = ci.movie_id)", "Rows Removed by Join Filter": 0, "Plans": [{"Node Type": "Nested Loop", "Parent Relationship": "Outer", "Join Type": "Inner", "Startup Cost": 3369.54, "Total Cost": 64828.49, "Plan Rows": 2, "Plan Width": 29, "Actual Min Startup Time": 81.441, "Actual Max Startup Time": 81.441, "Actual Min Total Time": 126.75, "Actual Max Total Time": 126.75, "Inner Unique": false, "Plans": [{"Node Type": "Streaming(type: LOCAL GATHER dop: 1/64)", "Parent Relationship": "Outer", "Startup Cost": 3369.54, "Total Cost": 64334.52, "Plan Rows": 43, "Plan Width": 21, "Actual Min Startup Time": 81.336, "Actual Max Startup Time": 81.336, "Actual Min Total Time": 126.394, "Actual Max Total Time": 126.394, "Plans": [{"Node Type": "Seq Scan", "Parent Relationship": "Outer", "Relation Name": "title", "Alias": "t", "Startup Cost": 3369.54, "Total Cost": 64333.63, "Plan Rows": 43, "Plan Width": 21, "Actual Min Startup Time": 11.827, "Actual Max Startup Time": 38.588, "Actual Min Total Time": 14.967, "Actual Max Total Time": 38.588, "Filter": "((production_year >= 2006) AND (production_year <= 2007) AND (((title)::text ~~ 'One Piece%'::text) OR ((title)::text ~~ 'Dragon Ball Z%'::text)))", "Rows Removed by Filter": 2528304, "Actual Rows": 7}], "Actual Rows": 7}, {"Node Type": "Index Scan", "Parent Relationship": "Inner", "Scan Direction": "Forward", "Index Name": "movie_id_movie_companies", "Relation Name": "movie_companies", "Alias": "mc", "Startup Cost": 0.0, "Total Cost": 11.48, "Plan Rows": 1, "Plan Width": 8, "Actual Min Startup Time": 0.272, "Actual Max Startup Time": 0.272, "Actual Min Total Time": 0.284, "Actual Max Total Time": 0.284, "Index Cond": "(movie_id = t.id)", "Rows Removed by Index Recheck": 0, "Filter": "(((note)::text ~~ '%(Japan)%'::text) AND ((note)::text !~~ '%(USA)%'::text) AND (((note)::text ~~ '%(2006)%'::text) OR ((note)::text ~~ '%(2007)%'::text)))", "Rows Removed by Filter": 13, "Actual Rows": 4}], "Actual Rows": 4}, {"Node Type": "Index Scan", "Parent Relationship": "Inner", "Scan Direction": "Forward", "Index Name": "movie_id_cast_info", "Relation Name": "cast_info", "Alias": "ci", "Startup Cost": 0.0, "Total Cost": 27.88, "Plan Rows": 1, "Plan Width": 12, "Actual Min Startup Time": 0.149, "Actual Max Startup Time": 0.149, "Actual Min Total Time": 0.418, "Actual Max Total Time": 0.418, "Index Cond": "(movie_id = mc.movie_id)", "Rows Removed by Index Recheck": 0, "Filter": "((note)::text = '(voice: English version)'::text)", "Rows Removed by Filter": 68, "Actual Rows": 104}], "Actual Rows": 104}, {"Node Type": "Index Scan", "Parent Relationship": "Inner", "Scan Direction": "Forward", "Index Name": "person_id_aka_name", "Relation Name": "aka_name", "Alias": "an", "Startup Cost": 0.0, "Total Cost": 0.84, "Plan Rows": 1, "Plan Width": 20, "Actual Min Startup Time": 0.573, "Actual Max Startup Time": 0.573, "Actual Min Total Time": 0.686, "Actual Max Total Time": 0.686, "Index Cond": "(person_id = ci.person_id)", "Rows Removed by Index Recheck": 0, "Actual Rows": 171}], "Actual Rows": 171}, {"Node Type": "Index Scan", "Parent Relationship": "Inner", "Scan Direction": "Forward", "Index Name": "company_name_pkey", "Relation Name": "company_name", "Alias": "cn", "Startup Cost": 0.0, "Total Cost": 4.37, "Plan Rows": 1, "Plan Width": 4, "Actual Min Startup Time": 0.589, "Actual Max Startup Time": 0.589, "Actual Min Total Time": 0.589, "Actual Max Total Time": 0.589, "Index Cond": "(id = mc.company_id)", "Rows Removed by Index Recheck": 0, "Filter": "((country_code)::text = '[jp]'::text)", "Rows Removed by Filter": 0, "Actual Rows": 171}], "Actual Rows": 171}, {"Node Type": "Index Scan", "Parent Relationship": "Inner", "Scan Direction": "Forward", "Index Name": "name_pkey", "Relation Name": "name", "Alias": "n", "Startup Cost": 0.0, "Total Cost": 0.57, "Plan Rows": 1, "Plan Width": 4, "Actual Min Startup Time": 0.882, "Actual Max Startup Time": 0.882, "Actual Min Total Time": 0.882, "Actual Max Total Time": 0.882, "Index Cond": "(id = an.person_id)", "Rows Removed by Index Recheck": 0, "Filter": "(((name)::text ~~ '%Yo%'::text) AND ((name)::text !~~ '%Yu%'::text))", "Rows Removed by Filter": 165, "Actual Rows": 6}], "Actual Rows": 6}, {"Node Type": "Index Scan", "Parent Relationship": "Inner", "Scan Direction": "Forward", "Index Name": "role_type_pkey", "Relation Name": "role_type", "Alias": "rt", "Startup Cost": 0.0, "Total Cost": 0.27, "Plan Rows": 1, "Plan Width": 4, "Actual Min Startup Time": 0.03, "Actual Max Startup Time": 0.03, "Actual Min Total Time": 0.03, "Actual Max Total Time": 0.03, "Index Cond": "(id = ci.role_id)", "Rows Removed by Index Recheck": 0, "Filter": "((role)::text = 'actress'::text)", "Rows Removed by Filter": 0, "Actual Rows": 6}], "Actual Rows": 6}], "Actual Rows": 1}, "Triggers": [], "Planner Runtime": 31.722, "Total Runtime": 142.327, "Unique SQL Id": 3956435728}}, "(64, '49')": {"explain_plan": {"Plan": {"Node Type": "Aggregate", "Strategy": "Plain", "Startup Cost": 82294.12, "Total Cost": 82294.13, "Plan Rows": 1, "Plan Width": 97, "Plans": [{"Node Type": "Nested Loop", "Parent Relationship": "Outer", "Join Type": "Inner", "Startup Cost": 2780.8, "Total Cost": 82294.12, "Plan Rows": 1, "Plan Width": 33, "Inner Unique": true, "Plans": [{"Node Type": "Nested Loop", "Parent Relationship": "Outer", "Join Type": "Inner", "Startup Cost": 2780.8, "Total Cost": 82293.84, "Plan Rows": 1, "Plan Width": 37, "Inner Unique": true, "Plans": [{"Node Type": "Nested Loop", "Parent Relationship": "Outer", "Join Type": "Inner", "Startup Cost": 2780.8, "Total Cost": 82293.26, "Plan Rows": 1, "Plan Width": 45, "Inner Unique": false, "Plans": [{"Node Type": "Nested Loop", "Parent Relationship": "Outer", "Join Type": "Inner", "Startup Cost": 2780.8, "Total Cost": 82292.4, "Plan Rows": 1, "Plan Width": 25, "Inner Unique": false, "Join Filter": "(t.id = ci.movie_id)", "Plans": [{"Node Type": "Nested Loop", "Parent Relationship": "Outer", "Join Type": "Inner", "Startup Cost": 2780.8, "Total Cost": 82236.62, "Plan Rows": 2, "Plan Width": 25, "Inner Unique": true, "Plans": [{"Node Type": "Nested Loop", "Parent Relationship": "Outer", "Join Type": "Inner", "Startup Cost": 2780.8, "Total Cost": 80174.39, "Plan Rows": 262, "Plan Width": 4, "Inner Unique": false, "Plans": [{"Node Type": "Bitmap Heap Scan", "Parent Relationship": "Outer", "Relation Name": "company_name", "Alias": "cn", "Startup Cost": 2780.8, "Total Cost": 8684.25, "Plan Rows": 6290, "Plan Width": 4, "Filter": "((country_code)::text = '[jp]'::text)", "Plans": [{"Node Type": "Bitmap Index Scan", "Parent Relationship": "Outer", "Index Name": "company_name_pkey", "Startup Cost": 0.0, "Total Cost": 2779.23, "Plan Rows": 234996, "Plan Width": 0}]}, {"Node Type": "Index Scan", "Parent Relationship": "Inner", "Scan Direction": "Forward", "Index Name": "company_id_movie_companies", "Relation Name": "movie_companies", "Alias": "mc", "Startup Cost": 0.0, "Total Cost": 11.36, "Plan Rows": 1, "Plan Width": 8, "Index Cond": "(company_id = cn.id)", "Filter": "(((note)::text ~~ '%(Japan)%'::text) AND ((note)::text !~~ '%(USA)%'::text) AND (((note)::text ~~ '%(2006)%'::text) OR ((note)::text ~~ '%(2007)%'::text)))"}]}, {"Node Type": "Index Scan", "Parent Relationship": "Inner", "Scan Direction": "Forward", "Index Name": "title_pkey", "Relation Name": "title", "Alias": "t", "Startup Cost": 0.0, "Total Cost": 7.86, "Plan Rows": 1, "Plan Width": 21, "Index Cond": "(id = mc.movie_id)", "Filter": "((production_year >= 2006) AND (production_year <= 2007) AND (((title)::text ~~ 'One Piece%'::text) OR ((title)::text ~~ 'Dragon Ball Z%'::text)))"}]}, {"Node Type": "Index Scan", "Parent Relationship": "Inner", "Scan Direction": "Forward", "Index Name": "movie_id_cast_info", "Relation Name": "cast_info", "Alias": "ci", "Startup Cost": 0.0, "Total Cost": 27.88, "Plan Rows": 1, "Plan Width": 12, "Index Cond": "(movie_id = mc.movie_id)", "Filter": "((note)::text = '(voice: English version)'::text)"}]}, {"Node Type": "Index Scan", "Parent Relationship": "Inner", "Scan Direction": "Forward", "Index Name": "person_id_aka_name", "Relation Name": "aka_name", "Alias": "an", "Startup Cost": 0.0, "Total Cost": 0.84, "Plan Rows": 1, "Plan Width": 20, "Index Cond": "(person_id = ci.person_id)"}]}, {"Node Type": "Index Scan", "Parent Relationship": "Inner", "Scan Direction": "Forward", "Index Name": "name_pkey", "Relation Name": "name", "Alias": "n", "Startup Cost": 0.0, "Total Cost": 0.57, "Plan Rows": 1, "Plan Width": 4, "Index Cond": "(id = an.person_id)", "Filter": "(((name)::text ~~ '%Yo%'::text) AND ((name)::text !~~ '%Yu%'::text))"}]}, {"Node Type": "Index Scan", "Parent Relationship": "Inner", "Scan Direction": "Forward", "Index Name": "role_type_pkey", "Relation Name": "role_type", "Alias": "rt", "Startup Cost": 0.0, "Total Cost": 0.27, "Plan Rows": 1, "Plan Width": 4, "Index Cond": "(id = ci.role_id)", "Filter": "((role)::text = 'actress'::text)"}]}]}, "Unique SQL Id": 3956435728, "Planner Runtime": 8}, "explain_analyze_plan": null}, "(64, '50')": {"explain_plan": {"Plan": {"Node Type": "Aggregate", "Strategy": "Plain", "Startup Cost": 64933.13, "Total Cost": 64933.14, "Plan Rows": 1, "Plan Width": 97, "Plans": [{"Node Type": "Nested Loop", "Parent Relationship": "Outer", "Join Type": "Inner", "Startup Cost": 3380.01, "Total Cost": 64933.12, "Plan Rows": 1, "Plan Width": 33, "Inner Unique": true, "Join Filter": "(ci.role_id = rt.id)", "Plans": [{"Node Type": "Nested Loop", "Parent Relationship": "Outer", "Join Type": "Inner", "Startup Cost": 3380.01, "Total Cost": 64931.96, "Plan Rows": 1, "Plan Width": 37, "Inner Unique": true, "Plans": [{"Node Type": "Nested Loop", "Parent Relationship": "Outer", "Join Type": "Inner", "Startup Cost": 3379.69, "Total Cost": 64927.61, "Plan Rows": 1, "Plan Width": 45, "Inner Unique": true, "Plans": [{"Node Type": "Nested Loop", "Parent Relationship": "Outer", "Join Type": "Inner", "Startup Cost": 3378.46, "Total Cost": 64922.35, "Plan Rows": 1, "Plan Width": 49, "Inner Unique": false, "Plans": [{"Node Type": "Nested Loop", "Parent Relationship": "Outer", "Join Type": "Inner", "Startup Cost": 3378.08, "Total Cost": 64917.95, "Plan Rows": 1, "Plan Width": 29, "Inner Unique": false, "Join Filter": "(t.id = ci.movie_id)", "Plans": [{"Node Type": "Nested Loop", "Parent Relationship": "Outer", "Join Type": "Inner", "Startup Cost": 3373.8, "Total Cost": 64861.38, "Plan Rows": 2, "Plan Width": 29, "Inner Unique": false, "Plans": [{"Node Type": "Streaming(type: LOCAL GATHER dop: 1/64)", "Parent Relationship": "Outer", "Startup Cost": 3369.54, "Total Cost": 64334.52, "Plan Rows": 43, "Plan Width": 21, "Plans": [{"Node Type": "Seq Scan", "Parent Relationship": "Outer", "Relation Name": "title", "Alias": "t", "Startup Cost": 3369.54, "Total Cost": 64333.63, "Plan Rows": 43, "Plan Width": 21, "Filter": "((production_year >= 2006) AND (production_year <= 2007) AND (((title)::text ~~ 'One Piece%'::text) OR ((title)::text ~~ 'Dragon Ball Z%'::text)))"}]}, {"Node Type": "Bitmap Heap Scan", "Parent Relationship": "Inner", "Relation Name": "movie_companies", "Alias": "mc", "Startup Cost": 4.27, "Total Cost": 12.24, "Plan Rows": 1, "Plan Width": 8, "Recheck Cond": "(movie_id = t.id)", "Filter": "(((note)::text ~~ '%(Japan)%'::text) AND ((note)::text !~~ '%(USA)%'::text) AND (((note)::text ~~ '%(2006)%'::text) OR ((note)::text ~~ '%(2007)%'::text)))", "Plans": [{"Node Type": "Bitmap Index Scan", "Parent Relationship": "Outer", "Index Name": "movie_id_movie_companies", "Startup Cost": 0.0, "Total Cost": 4.26, "Plan Rows": 2, "Plan Width": 0, "Index Cond": "(movie_id = t.id)"}]}]}, {"Node Type": "Bitmap Heap Scan", "Parent Relationship": "Inner", "Relation Name": "cast_info", "Alias": "ci", "Startup Cost": 4.27, "Total Cost": 28.27, "Plan Rows": 1, "Plan Width": 12, "Recheck Cond": "(movie_id = mc.movie_id)", "Filter": "((note)::text = '(voice: English version)'::text)", "Plans": [{"Node Type": "Bitmap Index Scan", "Parent Relationship": "Outer", "Index Name": "movie_id_cast_info", "Startup Cost": 0.0, "Total Cost": 4.27, "Plan Rows": 6, "Plan Width": 0, "Index Cond": "(movie_id = mc.movie_id)"}]}]}, {"Node Type": "Bitmap Heap Scan", "Parent Relationship": "Inner", "Relation Name": "aka_name", "Alias": "an", "Startup Cost": 0.38, "Total Cost": 4.39, "Plan Rows": 1, "Plan Width": 20, "Recheck Cond": "(person_id = ci.person_id)", "Plans": [{"Node Type": "Bitmap Index Scan", "Parent Relationship": "Outer", "Index Name": "person_id_aka_name", "Startup Cost": 0.0, "Total Cost": 0.38, "Plan Rows": 1, "Plan Width": 0, "Index Cond": "(person_id = ci.person_id)"}]}]}, {"Node Type": "Bitmap Heap Scan", "Parent Relationship": "Inner", "Relation Name": "company_name", "Alias": "cn", "Startup Cost": 1.23, "Total Cost": 5.24, "Plan Rows": 1, "Plan Width": 4, "Recheck Cond": "(id = mc.company_id)", "Filter": "((country_code)::text = '[jp]'::text)", "Plans": [{"Node Type": "Bitmap Index Scan", "Parent Relationship": "Outer", "Index Name": "company_name_pkey", "Startup Cost": 0.0, "Total Cost": 1.23, "Plan Rows": 1, "Plan Width": 0, "Index Cond": "(id = mc.company_id)"}]}]}, {"Node Type": "Bitmap Heap Scan", "Parent Relationship": "Inner", "Relation Name": "name", "Alias": "n", "Startup Cost": 0.33, "Total Cost": 4.34, "Plan Rows": 1, "Plan Width": 4, "Recheck Cond": "(id = an.person_id)", "Filter": "(((name)::text ~~ '%Yo%'::text) AND ((name)::text !~~ '%Yu%'::text))", "Plans": [{"Node Type": "Bitmap Index Scan", "Parent Relationship": "Outer", "Index Name": "name_pkey", "Startup Cost": 0.0, "Total Cost": 0.33, "Plan Rows": 1, "Plan Width": 0, "Index Cond": "(id = an.person_id)"}]}]}, {"Node Type": "Seq Scan", "Parent Relationship": "Inner", "Relation Name": "role_type", "Alias": "rt", "Startup Cost": 0.0, "Total Cost": 1.15, "Plan Rows": 1, "Plan Width": 4, "Filter": "((role)::text = 'actress'::text)"}]}]}, "Unique SQL Id": 3956435728, "Planner Runtime": 17}, "explain_analyze_plan": {"Plan": {"Node Type": "Aggregate", "Strategy": "Plain", "Startup Cost": 64933.13, "Total Cost": 64933.14, "Plan Rows": 1, "Plan Width": 97, "Actual Min Startup Time": 156.871, "Actual Max Startup Time": 156.871, "Actual Min Total Time": 156.872, "Actual Max Total Time": 156.872, "Plans": [{"Node Type": "Nested Loop", "Parent Relationship": "Outer", "Join Type": "Inner", "Startup Cost": 3380.01, "Total Cost": 64933.12, "Plan Rows": 1, "Plan Width": 33, "Actual Min Startup Time": 132.628, "Actual Max Startup Time": 132.628, "Actual Min Total Time": 156.809, "Actual Max Total Time": 156.809, "Inner Unique": true, "Join Filter": "(ci.role_id = rt.id)", "Rows Removed by Join Filter": 0, "Plans": [{"Node Type": "Nested Loop", "Parent Relationship": "Outer", "Join Type": "Inner", "Startup Cost": 3380.01, "Total Cost": 64931.96, "Plan Rows": 1, "Plan Width": 37, "Actual Min Startup Time": 132.608, "Actual Max Startup Time": 132.608, "Actual Min Total Time": 156.755, "Actual Max Total Time": 156.755, "Inner Unique": true, "Plans": [{"Node Type": "Nested Loop", "Parent Relationship": "Outer", "Join Type": "Inner", "Startup Cost": 3379.69, "Total Cost": 64927.61, "Plan Rows": 1, "Plan Width": 45, "Actual Min Startup Time": 131.505, "Actual Max Startup Time": 131.505, "Actual Min Total Time": 155.6, "Actual Max Total Time": 155.6, "Inner Unique": true, "Plans": [{"Node Type": "Nested Loop", "Parent Relationship": "Outer", "Join Type": "Inner", "Startup Cost": 3378.46, "Total Cost": 64922.35, "Plan Rows": 1, "Plan Width": 49, "Actual Min Startup Time": 131.484, "Actual Max Startup Time": 131.484, "Actual Min Total Time": 154.653, "Actual Max Total Time": 154.653, "Inner Unique": false, "Plans": [{"Node Type": "Nested Loop", "Parent Relationship": "Outer", "Join Type": "Inner", "Startup Cost": 3378.08, "Total Cost": 64917.95, "Plan Rows": 1, "Plan Width": 29, "Actual Min Startup Time": 131.456, "Actual Max Startup Time": 131.456, "Actual Min Total Time": 153.642, "Actual Max Total Time": 153.642, "Inner Unique": false, "Join Filter": "(t.id = ci.movie_id)", "Rows Removed by Join Filter": 0, "Plans": [{"Node Type": "Nested Loop", "Parent Relationship": "Outer", "Join Type": "Inner", "Startup Cost": 3373.8, "Total Cost": 64861.38, "Plan Rows": 2, "Plan Width": 29, "Actual Min Startup Time": 130.603, "Actual Max Startup Time": 130.603, "Actual Min Total Time": 153.108, "Actual Max Total Time": 153.108, "Inner Unique": false, "Plans": [{"Node Type": "Streaming(type: LOCAL GATHER dop: 1/64)", "Parent Relationship": "Outer", "Startup Cost": 3369.54, "Total Cost": 64334.52, "Plan Rows": 43, "Plan Width": 21, "Actual Min Startup Time": 123.928, "Actual Max Startup Time": 123.928, "Actual Min Total Time": 152.691, "Actual Max Total Time": 152.691, "Plans": [{"Node Type": "Seq Scan", "Parent Relationship": "Outer", "Relation Name": "title", "Alias": "t", "Startup Cost": 3369.54, "Total Cost": 64333.63, "Plan Rows": 43, "Plan Width": 21, "Actual Min Startup Time": 11.76, "Actual Max Startup Time": 34.023, "Actual Min Total Time": 14.755, "Actual Max Total Time": 34.023, "Filter": "((production_year >= 2006) AND (production_year <= 2007) AND (((title)::text ~~ 'One Piece%'::text) OR ((title)::text ~~ 'Dragon Ball Z%'::text)))", "Rows Removed by Filter": 2528304, "Actual Rows": 7}], "Actual Rows": 7}, {"Node Type": "Bitmap Heap Scan", "Parent Relationship": "Inner", "Relation Name": "movie_companies", "Alias": "mc", "Startup Cost": 4.27, "Total Cost": 12.24, "Plan Rows": 1, "Plan Width": 8, "Actual Min Startup Time": 0.327, "Actual Max Startup Time": 0.327, "Actual Min Total Time": 0.337, "Actual Max Total Time": 0.337, "Recheck Cond": "(movie_id = t.id)", "Rows Removed by Index Recheck": 0, "Filter": "(((note)::text ~~ '%(Japan)%'::text) AND ((note)::text !~~ '%(USA)%'::text) AND (((note)::text ~~ '%(2006)%'::text) OR ((note)::text ~~ '%(2007)%'::text)))", "Rows Removed by Filter": 13, "Exact Heap Blocks": 13, "Lossy Heap Blocks": 13, "Plans": [{"Node Type": "Bitmap Index Scan", "Parent Relationship": "Outer", "Index Name": "movie_id_movie_companies", "Startup Cost": 0.0, "Total Cost": 4.26, "Plan Rows": 2, "Plan Width": 0, "Actual Min Startup Time": 0.16, "Actual Max Startup Time": 0.16, "Actual Min Total Time": 0.16, "Actual Max Total Time": 0.16, "Index Cond": "(movie_id = t.id)", "Actual Rows": 17}], "Actual Rows": 4}], "Actual Rows": 4}, {"Node Type": "Bitmap Heap Scan", "Parent Relationship": "Inner", "Relation Name": "cast_info", "Alias": "ci", "Startup Cost": 4.27, "Total Cost": 28.27, "Plan Rows": 1, "Plan Width": 12, "Actual Min Startup Time": 0.196, "Actual Max Startup Time": 0.196, "Actual Min Total Time": 0.463, "Actual Max Total Time": 0.463, "Recheck Cond": "(movie_id = mc.movie_id)", "Rows Removed by Index Recheck": 0, "Filter": "((note)::text = '(voice: English version)'::text)", "Rows Removed by Filter": 68, "Exact Heap Blocks": 133, "Lossy Heap Blocks": 133, "Plans": [{"Node Type": "Bitmap Index Scan", "Parent Relationship": "Outer", "Index Name": "movie_id_cast_info", "Startup Cost": 0.0, "Total Cost": 4.27, "Plan Rows": 6, "Plan Width": 0, "Actual Min Startup Time": 0.075, "Actual Max Startup Time": 0.075, "Actual Min Total Time": 0.075, "Actual Max Total Time": 0.075, "Index Cond": "(movie_id = mc.movie_id)", "Actual Rows": 172}], "Actual Rows": 104}], "Actual Rows": 104}, {"Node Type": "Bitmap Heap Scan", "Parent Relationship": "Inner", "Relation Name": "aka_name", "Alias": "an", "Startup Cost": 0.38, "Total Cost": 4.39, "Plan Rows": 1, "Plan Width": 20, "Actual Min Startup Time": 0.752, "Actual Max Startup Time": 0.752, "Actual Min Total Time": 0.827, "Actual Max Total Time": 0.827, "Recheck Cond": "(person_id = ci.person_id)", "Rows Removed by Index Recheck": 0, "Exact Heap Blocks": 105, "Lossy Heap Blocks": 105, "Plans": [{"Node Type": "Bitmap Index Scan", "Parent Relationship": "Outer", "Index Name": "person_id_aka_name", "Startup Cost": 0.0, "Total Cost": 0.38, "Plan Rows": 1, "Plan Width": 0, "Actual Min Startup Time": 0.529, "Actual Max Startup Time": 0.529, "Actual Min Total Time": 0.529, "Actual Max Total Time": 0.529, "Index Cond": "(person_id = ci.person_id)", "Actual Rows": 171}], "Actual Rows": 171}], "Actual Rows": 171}, {"Node Type": "Bitmap Heap Scan", "Parent Relationship": "Inner", "Relation Name": "company_name", "Alias": "cn", "Startup Cost": 1.23, "Total Cost": 5.24, "Plan Rows": 1, "Plan Width": 4, "Actual Min Startup Time": 0.704, "Actual Max Startup Time": 0.704, "Actual Min Total Time": 0.704, "Actual Max Total Time": 0.704, "Recheck Cond": "(id = mc.company_id)", "Rows Removed by Index Recheck": 0, "Filter": "((country_code)::text = '[jp]'::text)", "Rows Removed by Filter": 0, "Exact Heap Blocks": 171, "Lossy Heap Blocks": 171, "Plans": [{"Node Type": "Bitmap Index Scan", "Parent Relationship": "Outer", "Index Name": "company_name_pkey", "Startup Cost": 0.0, "Total Cost": 1.23, "Plan Rows": 1, "Plan Width": 0, "Actual Min Startup Time": 0.421, "Actual Max Startup Time": 0.421, "Actual Min Total Time": 0.421, "Actual Max Total Time": 0.421, "Index Cond": "(id = mc.company_id)", "Actual Rows": 171}], "Actual Rows": 171}], "Actual Rows": 171}, {"Node Type": "Bitmap Heap Scan", "Parent Relationship": "Inner", "Relation Name": "name", "Alias": "n", "Startup Cost": 0.33, "Total Cost": 4.34, "Plan Rows": 1, "Plan Width": 4, "Actual Min Startup Time": 0.954, "Actual Max Startup Time": 0.954, "Actual Min Total Time": 0.954, "Actual Max Total Time": 0.954, "Recheck Cond": "(id = an.person_id)", "Rows Removed by Index Recheck": 0, "Filter": "(((name)::text ~~ '%Yo%'::text) AND ((name)::text !~~ '%Yu%'::text))", "Rows Removed by Filter": 165, "Exact Heap Blocks": 171, "Lossy Heap Blocks": 171, "Plans": [{"Node Type": "Bitmap Index Scan", "Parent Relationship": "Outer", "Index Name": "name_pkey", "Startup Cost": 0.0, "Total Cost": 0.33, "Plan Rows": 1, "Plan Width": 0, "Actual Min Startup Time": 0.601, "Actual Max Startup Time": 0.601, "Actual Min Total Time": 0.601, "Actual Max Total Time": 0.601, "Index Cond": "(id = an.person_id)", "Actual Rows": 171}], "Actual Rows": 6}], "Actual Rows": 6}, {"Node Type": "Seq Scan", "Parent Relationship": "Inner", "Relation Name": "role_type", "Alias": "rt", "Startup Cost": 0.0, "Total Cost": 1.15, "Plan Rows": 1, "Plan Width": 4, "Actual Min Startup Time": 0.03, "Actual Max Startup Time": 0.03, "Actual Min Total Time": 0.03, "Actual Max Total Time": 0.03, "Filter": "((role)::text = 'actress'::text)", "Rows Removed by Filter": 6, "Actual Rows": 6}], "Actual Rows": 6}], "Actual Rows": 1}, "Triggers": [], "Planner Runtime": 43.476, "Total Runtime": 170.805, "Unique SQL Id": 3956435728}}, "(64, '51')": {"explain_plan": {"Plan": {"Node Type": "Aggregate", "Strategy": "Plain", "Startup Cost": 108949.86, "Total Cost": 108949.87, "Plan Rows": 1, "Plan Width": 97, "Plans": [{"Node Type": "Nested Loop", "Parent Relationship": "Outer", "Join Type": "Inner", "Startup Cost": 2793.35, "Total Cost": 108949.85, "Plan Rows": 1, "Plan Width": 33, "Inner Unique": true, "Plans": [{"Node Type": "Nested Loop", "Parent Relationship": "Outer", "Join Type": "Inner", "Startup Cost": 2793.09, "Total Cost": 108945.57, "Plan Rows": 1, "Plan Width": 37, "Inner Unique": true, "Plans": [{"Node Type": "Nested Loop", "Parent Relationship": "Outer", "Join Type": "Inner", "Startup Cost": 2792.76, "Total Cost": 108941.22, "Plan Rows": 1, "Plan Width": 45, "Inner Unique": false, "Plans": [{"Node Type": "Nested Loop", "Parent Relationship": "Outer", "Join Type": "Inner", "Startup Cost": 2792.38, "Total Cost": 108936.81, "Plan Rows": 1, "Plan Width": 25, "Inner Unique": false, "Join Filter": "(t.id = ci.movie_id)", "Plans": [{"Node Type": "Nested Loop", "Parent Relationship": "Outer", "Join Type": "Inner", "Startup Cost": 2788.11, "Total Cost": 108880.24, "Plan Rows": 2, "Plan Width": 25, "Inner Unique": true, "Plans": [{"Node Type": "Nested Loop", "Parent Relationship": "Outer", "Join Type": "Inner", "Startup Cost": 2784.18, "Total Cost": 106793.84, "Plan Rows": 262, "Plan Width": 4, "Inner Unique": false, "Plans": [{"Node Type": "Bitmap Heap Scan", "Parent Relationship": "Outer", "Relation Name": "company_name", "Alias": "cn", "Startup Cost": 2780.8, "Total Cost": 8684.25, "Plan Rows": 6290, "Plan Width": 4, "Filter": "((country_code)::text = '[jp]'::text)", "Plans": [{"Node Type": "Bitmap Index Scan", "Parent Relationship": "Outer", "Index Name": "company_name_pkey", "Startup Cost": 0.0, "Total Cost": 2779.23, "Plan Rows": 234996, "Plan Width": 0}]}, {"Node Type": "Bitmap Heap Scan", "Parent Relationship": "Inner", "Relation Name": "movie_companies", "Alias": "mc", "Startup Cost": 3.37, "Total Cost": 15.59, "Plan Rows": 1, "Plan Width": 8, "Recheck Cond": "(company_id = cn.id)", "Filter": "(((note)::text ~~ '%(Japan)%'::text) AND ((note)::text !~~ '%(USA)%'::text) AND (((note)::text ~~ '%(2006)%'::text) OR ((note)::text ~~ '%(2007)%'::text)))", "Plans": [{"Node Type": "Bitmap Index Scan", "Parent Relationship": "Outer", "Index Name": "company_id_movie_companies", "Startup Cost": 0.0, "Total Cost": 3.37, "Plan Rows": 15, "Plan Width": 0, "Index Cond": "(company_id = cn.id)"}]}]}, {"Node Type": "Bitmap Heap Scan", "Parent Relationship": "Inner", "Relation Name": "title", "Alias": "t", "Startup Cost": 3.93, "Total Cost": 7.95, "Plan Rows": 1, "Plan Width": 21, "Recheck Cond": "(id = mc.movie_id)", "Filter": "((production_year >= 2006) AND (production_year <= 2007) AND (((title)::text ~~ 'One Piece%'::text) OR ((title)::text ~~ 'Dragon Ball Z%'::text)))", "Plans": [{"Node Type": "Bitmap Index Scan", "Parent Relationship": "Outer", "Index Name": "title_pkey", "Startup Cost": 0.0, "Total Cost": 3.93, "Plan Rows": 1, "Plan Width": 0, "Index Cond": "(id = mc.movie_id)"}]}]}, {"Node Type": "Bitmap Heap Scan", "Parent Relationship": "Inner", "Relation Name": "cast_info", "Alias": "ci", "Startup Cost": 4.27, "Total Cost": 28.27, "Plan Rows": 1, "Plan Width": 12, "Recheck Cond": "(movie_id = mc.movie_id)", "Filter": "((note)::text = '(voice: English version)'::text)", "Plans": [{"Node Type": "Bitmap Index Scan", "Parent Relationship": "Outer", "Index Name": "movie_id_cast_info", "Startup Cost": 0.0, "Total Cost": 4.27, "Plan Rows": 6, "Plan Width": 0, "Index Cond": "(movie_id = mc.movie_id)"}]}]}, {"Node Type": "Bitmap Heap Scan", "Parent Relationship": "Inner", "Relation Name": "aka_name", "Alias": "an", "Startup Cost": 0.38, "Total Cost": 4.39, "Plan Rows": 1, "Plan Width": 20, "Recheck Cond": "(person_id = ci.person_id)", "Plans": [{"Node Type": "Bitmap Index Scan", "Parent Relationship": "Outer", "Index Name": "person_id_aka_name", "Startup Cost": 0.0, "Total Cost": 0.38, "Plan Rows": 1, "Plan Width": 0, "Index Cond": "(person_id = ci.person_id)"}]}]}, {"Node Type": "Bitmap Heap Scan", "Parent Relationship": "Inner", "Relation Name": "name", "Alias": "n", "Startup Cost": 0.33, "Total Cost": 4.34, "Plan Rows": 1, "Plan Width": 4, "Recheck Cond": "(id = an.person_id)", "Filter": "(((name)::text ~~ '%Yo%'::text) AND ((name)::text !~~ '%Yu%'::text))", "Plans": [{"Node Type": "Bitmap Index Scan", "Parent Relationship": "Outer", "Index Name": "name_pkey", "Startup Cost": 0.0, "Total Cost": 0.33, "Plan Rows": 1, "Plan Width": 0, "Index Cond": "(id = an.person_id)"}]}]}, {"Node Type": "Bitmap Heap Scan", "Parent Relationship": "Inner", "Relation Name": "role_type", "Alias": "rt", "Startup Cost": 0.26, "Total Cost": 4.27, "Plan Rows": 1, "Plan Width": 4, "Recheck Cond": "(id = ci.role_id)", "Filter": "((role)::text = 'actress'::text)", "Plans": [{"Node Type": "Bitmap Index Scan", "Parent Relationship": "Outer", "Index Name": "role_type_pkey", "Startup Cost": 0.0, "Total Cost": 0.26, "Plan Rows": 1, "Plan Width": 0, "Index Cond": "(id = ci.role_id)"}]}]}]}, "Unique SQL Id": 3956435728, "Planner Runtime": 9}, "explain_analyze_plan": {"Plan": {"Node Type": "Aggregate", "Strategy": "Plain", "Startup Cost": 108949.86, "Total Cost": 108949.87, "Plan Rows": 1, "Plan Width": 97, "Actual Startup Time": 454.404, "Actual Total Time": 454.405, "Actual Rows": 1, "Actual Loops": 1, "Plans": [{"Node Type": "Nested Loop", "Parent Relationship": "Outer", "Join Type": "Inner", "Startup Cost": 2793.35, "Total Cost": 108949.85, "Plan Rows": 1, "Plan Width": 33, "Actual Startup Time": 126.355, "Actual Total Time": 454.354, "Actual Rows": 6, "Actual Loops": 1, "Inner Unique": true, "Plans": [{"Node Type": "Nested Loop", "Parent Relationship": "Outer", "Join Type": "Inner", "Startup Cost": 2793.09, "Total Cost": 108945.57, "Plan Rows": 1, "Plan Width": 37, "Actual Startup Time": 126.34, "Actual Total Time": 454.31, "Actual Rows": 6, "Actual Loops": 1, "Inner Unique": true, "Plans": [{"Node Type": "Nested Loop", "Parent Relationship": "Outer", "Join Type": "Inner", "Startup Cost": 2792.76, "Total Cost": 108941.22, "Plan Rows": 1, "Plan Width": 45, "Actual Startup Time": 125.755, "Actual Total Time": 453.226, "Actual Rows": 171, "Actual Loops": 1, "Inner Unique": false, "Plans": [{"Node Type": "Nested Loop", "Parent Relationship": "Outer", "Join Type": "Inner", "Startup Cost": 2792.38, "Total Cost": 108936.81, "Plan Rows": 1, "Plan Width": 25, "Actual Startup Time": 125.731, "Actual Total Time": 452.322, "Actual Rows": 104, "Actual Loops": 1, "Inner Unique": false, "Join Filter": "(t.id = ci.movie_id)", "Rows Removed by Join Filter": 0, "Plans": [{"Node Type": "Nested Loop", "Parent Relationship": "Outer", "Join Type": "Inner", "Startup Cost": 2788.11, "Total Cost": 108880.24, "Plan Rows": 2, "Plan Width": 25, "Actual Startup Time": 125.673, "Actual Total Time": 451.843, "Actual Rows": 4, "Actual Loops": 1, "Inner Unique": true, "Plans": [{"Node Type": "Nested Loop", "Parent Relationship": "Outer", "Join Type": "Inner", "Startup Cost": 2784.18, "Total Cost": 106793.84, "Plan Rows": 262, "Plan Width": 4, "Actual Startup Time": 21.615, "Actual Total Time": 389.321, "Actual Rows": 8495, "Actual Loops": 1, "Inner Unique": false, "Plans": [{"Node Type": "Bitmap Heap Scan", "Parent Relationship": "Outer", "Relation Name": "company_name", "Alias": "cn", "Startup Cost": 2780.8, "Total Cost": 8684.25, "Plan Rows": 6290, "Plan Width": 4, "Actual Startup Time": 21.545, "Actual Total Time": 139.197, "Actual Rows": 6752, "Actual Loops": 1, "Filter": "((country_code)::text = '[jp]'::text)", "Rows Removed by Filter": 228244, "Exact Heap Blocks": 2966, "Lossy Heap Blocks": 2966, "Plans": [{"Node Type": "Bitmap Index Scan", "Parent Relationship": "Outer", "Index Name": "company_name_pkey", "Startup Cost": 0.0, "Total Cost": 2779.23, "Plan Rows": 234996, "Plan Width": 0, "Actual Startup Time": 21.066, "Actual Total Time": 21.066, "Actual Rows": 234996, "Actual Loops": 1}]}, {"Node Type": "Bitmap Heap Scan", "Parent Relationship": "Inner", "Relation Name": "movie_companies", "Alias": "mc", "Startup Cost": 3.37, "Total Cost": 15.59, "Plan Rows": 1, "Plan Width": 8, "Actual Startup Time": 134.789, "Actual Total Time": 238.582, "Actual Rows": 8495, "Actual Loops": 6752, "Recheck Cond": "(company_id = cn.id)", "Rows Removed by Index Recheck": 0, "Filter": "(((note)::text ~~ '%(Japan)%'::text) AND ((note)::text !~~ '%(USA)%'::text) AND (((note)::text ~~ '%(2006)%'::text) OR ((note)::text ~~ '%(2007)%'::text)))", "Rows Removed by Filter": 96500, "Exact Heap Blocks": 61861, "Lossy Heap Blocks": 61861, "Plans": [{"Node Type": "Bitmap Index Scan", "Parent Relationship": "Outer", "Index Name": "company_id_movie_companies", "Startup Cost": 0.0, "Total Cost": 3.37, "Plan Rows": 15, "Plan Width": 0, "Actual Startup Time": 52.102, "Actual Total Time": 52.102, "Actual Rows": 104995, "Actual Loops": 6752, "Index Cond": "(company_id = cn.id)"}]}]}, {"Node Type": "Bitmap Heap Scan", "Parent Relationship": "Inner", "Relation Name": "title", "Alias": "t", "Startup Cost": 3.93, "Total Cost": 7.95, "Plan Rows": 1, "Plan Width": 21, "Actual Startup Time": 52.556, "Actual Total Time": 52.556, "Actual Rows": 4, "Actual Loops": 8495, "Recheck Cond": "(id = mc.movie_id)", "Rows Removed by Index Recheck": 0, "Filter": "((production_year >= 2006) AND (production_year <= 2007) AND (((title)::text ~~ 'One Piece%'::text) OR ((title)::text ~~ 'Dragon Ball Z%'::text)))", "Rows Removed by Filter": 8491, "Exact Heap Blocks": 8495, "Lossy Heap Blocks": 8495, "Plans": [{"Node Type": "Bitmap Index Scan", "Parent Relationship": "Outer", "Index Name": "title_pkey", "Startup Cost": 0.0, "Total Cost": 3.93, "Plan Rows": 1, "Plan Width": 0, "Actual Startup Time": 25.939, "Actual Total Time": 25.939, "Actual Rows": 8495, "Actual Loops": 8495, "Index Cond": "(id = mc.movie_id)"}]}]}, {"Node Type": "Bitmap Heap Scan", "Parent Relationship": "Inner", "Relation Name": "cast_info", "Alias": "ci", "Startup Cost": 4.27, "Total Cost": 28.27, "Plan Rows": 1, "Plan Width": 12, "Actual Startup Time": 0.182, "Actual Total Time": 0.41, "Actual Rows": 104, "Actual Loops": 4, "Recheck Cond": "(movie_id = mc.movie_id)", "Rows Removed by Index Recheck": 0, "Filter": "((note)::text = '(voice: English version)'::text)", "Rows Removed by Filter": 68, "Exact Heap Blocks": 133, "Lossy Heap Blocks": 133, "Plans": [{"Node Type": "Bitmap Index Scan", "Parent Relationship": "Outer", "Index Name": "movie_id_cast_info", "Startup Cost": 0.0, "Total Cost": 4.27, "Plan Rows": 6, "Plan Width": 0, "Actual Startup Time": 0.058, "Actual Total Time": 0.058, "Actual Rows": 172, "Actual Loops": 4, "Index Cond": "(movie_id = mc.movie_id)"}]}]}, {"Node Type": "Bitmap Heap Scan", "Parent Relationship": "Inner", "Relation Name": "aka_name", "Alias": "an", "Startup Cost": 0.38, "Total Cost": 4.39, "Plan Rows": 1, "Plan Width": 20, "Actual Startup Time": 0.631, "Actual Total Time": 0.711, "Actual Rows": 171, "Actual Loops": 104, "Recheck Cond": "(person_id = ci.person_id)", "Rows Removed by Index Recheck": 0, "Exact Heap Blocks": 105, "Lossy Heap Blocks": 105, "Plans": [{"Node Type": "Bitmap Index Scan", "Parent Relationship": "Outer", "Index Name": "person_id_aka_name", "Startup Cost": 0.0, "Total Cost": 0.38, "Plan Rows": 1, "Plan Width": 0, "Actual Startup Time": 0.442, "Actual Total Time": 0.442, "Actual Rows": 171, "Actual Loops": 104, "Index Cond": "(person_id = ci.person_id)"}]}]}, {"Node Type": "Bitmap Heap Scan", "Parent Relationship": "Inner", "Relation Name": "name", "Alias": "n", "Startup Cost": 0.33, "Total Cost": 4.34, "Plan Rows": 1, "Plan Width": 4, "Actual Startup Time": 0.885, "Actual Total Time": 0.885, "Actual Rows": 6, "Actual Loops": 171, "Recheck Cond": "(id = an.person_id)", "Rows Removed by Index Recheck": 0, "Filter": "(((name)::text ~~ '%Yo%'::text) AND ((name)::text !~~ '%Yu%'::text))", "Rows Removed by Filter": 165, "Exact Heap Blocks": 171, "Lossy Heap Blocks": 171, "Plans": [{"Node Type": "Bitmap Index Scan", "Parent Relationship": "Outer", "Index Name": "name_pkey", "Startup Cost": 0.0, "Total Cost": 0.33, "Plan Rows": 1, "Plan Width": 0, "Actual Startup Time": 0.549, "Actual Total Time": 0.549, "Actual Rows": 171, "Actual Loops": 171, "Index Cond": "(id = an.person_id)"}]}]}, {"Node Type": "Bitmap Heap Scan", "Parent Relationship": "Inner", "Relation Name": "role_type", "Alias": "rt", "Startup Cost": 0.26, "Total Cost": 4.27, "Plan Rows": 1, "Plan Width": 4, "Actual Startup Time": 0.029, "Actual Total Time": 0.029, "Actual Rows": 6, "Actual Loops": 6, "Recheck Cond": "(id = ci.role_id)", "Rows Removed by Index Recheck": 0, "Filter": "((role)::text = 'actress'::text)", "Rows Removed by Filter": 0, "Exact Heap Blocks": 6, "Lossy Heap Blocks": 6, "Plans": [{"Node Type": "Bitmap Index Scan", "Parent Relationship": "Outer", "Index Name": "role_type_pkey", "Startup Cost": 0.0, "Total Cost": 0.26, "Plan Rows": 1, "Plan Width": 0, "Actual Startup Time": 0.01, "Actual Total Time": 0.01, "Actual Rows": 6, "Actual Loops": 6, "Index Cond": "(id = ci.role_id)"}]}]}]}, "Triggers": [], "Planner Runtime": 30.658, "Total Runtime": 454.866, "Unique SQL Id": 3956435728}}, "(64, '52')": {"explain_plan": {"Plan": {"Node Type": "Aggregate", "Strategy": "Plain", "Startup Cost": 64890.38, "Total Cost": 64890.39, "Plan Rows": 1, "Plan Width": 97, "Plans": [{"Node Type": "Nested Loop", "Parent Relationship": "Outer", "Join Type": "Inner", "Startup Cost": 3369.54, "Total Cost": 64890.38, "Plan Rows": 1, "Plan Width": 33, "Inner Unique": true, "Plans": [{"Node Type": "Nested Loop", "Parent Relationship": "Outer", "Join Type": "Inner", "Startup Cost": 3369.54, "Total Cost": 64890.09, "Plan Rows": 1, "Plan Width": 37, "Inner Unique": true, "Plans": [{"Node Type": "Nested Loop", "Parent Relationship": "Outer", "Join Type": "Inner", "Startup Cost": 3369.54, "Total Cost": 64889.51, "Plan Rows": 1, "Plan Width": 45, "Inner Unique": true, "Plans": [{"Node Type": "Nested Loop", "Parent Relationship": "Outer", "Join Type": "Inner", "Startup Cost": 3369.54, "Total Cost": 64885.13, "Plan Rows": 1, "Plan Width": 49, "Inner Unique": false, "Plans": [{"Node Type": "Nested Loop", "Parent Relationship": "Outer", "Join Type": "Inner", "Startup Cost": 3369.54, "Total Cost": 64884.27, "Plan Rows": 1, "Plan Width": 29, "Inner Unique": false, "Join Filter": "(t.id = ci.movie_id)", "Plans": [{"Node Type": "Nested Loop", "Parent Relationship": "Outer", "Join Type": "Inner", "Startup Cost": 3369.54, "Total Cost": 64828.49, "Plan Rows": 2, "Plan Width": 29, "Inner Unique": false, "Plans": [{"Node Type": "Streaming(type: LOCAL GATHER dop: 1/64)", "Parent Relationship": "Outer", "Startup Cost": 3369.54, "Total Cost": 64334.52, "Plan Rows": 43, "Plan Width": 21, "Plans": [{"Node Type": "Seq Scan", "Parent Relationship": "Outer", "Relation Name": "title", "Alias": "t", "Startup Cost": 3369.54, "Total Cost": 64333.63, "Plan Rows": 43, "Plan Width": 21, "Filter": "((production_year >= 2006) AND (production_year <= 2007) AND (((title)::text ~~ 'One Piece%'::text) OR ((title)::text ~~ 'Dragon Ball Z%'::text)))"}]}, {"Node Type": "Index Scan", "Parent Relationship": "Inner", "Scan Direction": "Forward", "Index Name": "movie_id_movie_companies", "Relation Name": "movie_companies", "Alias": "mc", "Startup Cost": 0.0, "Total Cost": 11.48, "Plan Rows": 1, "Plan Width": 8, "Index Cond": "(movie_id = t.id)", "Filter": "(((note)::text ~~ '%(Japan)%'::text) AND ((note)::text !~~ '%(USA)%'::text) AND (((note)::text ~~ '%(2006)%'::text) OR ((note)::text ~~ '%(2007)%'::text)))"}]}, {"Node Type": "Index Scan", "Parent Relationship": "Inner", "Scan Direction": "Forward", "Index Name": "movie_id_cast_info", "Relation Name": "cast_info", "Alias": "ci", "Startup Cost": 0.0, "Total Cost": 27.88, "Plan Rows": 1, "Plan Width": 12, "Index Cond": "(movie_id = mc.movie_id)", "Filter": "((note)::text = '(voice: English version)'::text)"}]}, {"Node Type": "Index Scan", "Parent Relationship": "Inner", "Scan Direction": "Forward", "Index Name": "person_id_aka_name", "Relation Name": "aka_name", "Alias": "an", "Startup Cost": 0.0, "Total Cost": 0.84, "Plan Rows": 1, "Plan Width": 20, "Index Cond": "(person_id = ci.person_id)"}]}, {"Node Type": "Index Scan", "Parent Relationship": "Inner", "Scan Direction": "Forward", "Index Name": "company_name_pkey", "Relation Name": "company_name", "Alias": "cn", "Startup Cost": 0.0, "Total Cost": 4.37, "Plan Rows": 1, "Plan Width": 4, "Index Cond": "(id = mc.company_id)", "Filter": "((country_code)::text = '[jp]'::text)"}]}, {"Node Type": "Index Scan", "Parent Relationship": "Inner", "Scan Direction": "Forward", "Index Name": "name_pkey", "Relation Name": "name", "Alias": "n", "Startup Cost": 0.0, "Total Cost": 0.57, "Plan Rows": 1, "Plan Width": 4, "Index Cond": "(id = an.person_id)", "Filter": "(((name)::text ~~ '%Yo%'::text) AND ((name)::text !~~ '%Yu%'::text))"}]}, {"Node Type": "Index Scan", "Parent Relationship": "Inner", "Scan Direction": "Forward", "Index Name": "role_type_pkey", "Relation Name": "role_type", "Alias": "rt", "Startup Cost": 0.0, "Total Cost": 0.27, "Plan Rows": 1, "Plan Width": 4, "Index Cond": "(id = ci.role_id)", "Filter": "((role)::text = 'actress'::text)"}]}]}, "Unique SQL Id": 3956435728, "Planner Runtime": 10}, "explain_analyze_plan": {"Plan": {"Node Type": "Aggregate", "Strategy": "Plain", "Startup Cost": 64890.38, "Total Cost": 64890.39, "Plan Rows": 1, "Plan Width": 97, "Actual Min Startup Time": 129.95, "Actual Max Startup Time": 129.95, "Actual Min Total Time": 129.951, "Actual Max Total Time": 129.951, "Plans": [{"Node Type": "Nested Loop", "Parent Relationship": "Outer", "Join Type": "Inner", "Startup Cost": 3369.54, "Total Cost": 64890.38, "Plan Rows": 1, "Plan Width": 33, "Actual Min Startup Time": 82.756, "Actual Max Startup Time": 82.756, "Actual Min Total Time": 129.873, "Actual Max Total Time": 129.873, "Inner Unique": true, "Plans": [{"Node Type": "Nested Loop", "Parent Relationship": "Outer", "Join Type": "Inner", "Startup Cost": 3369.54, "Total Cost": 64890.09, "Plan Rows": 1, "Plan Width": 37, "Actual Min Startup Time": 82.738, "Actual Max Startup Time": 82.738, "Actual Min Total Time": 129.822, "Actual Max Total Time": 129.822, "Inner Unique": true, "Plans": [{"Node Type": "Nested Loop", "Parent Relationship": "Outer", "Join Type": "Inner", "Startup Cost": 3369.54, "Total Cost": 64889.51, "Plan Rows": 1, "Plan Width": 45, "Actual Min Startup Time": 81.529, "Actual Max Startup Time": 81.529, "Actual Min Total Time": 128.829, "Actual Max Total Time": 128.829, "Inner Unique": true, "Plans": [{"Node Type": "Nested Loop", "Parent Relationship": "Outer", "Join Type": "Inner", "Startup Cost": 3369.54, "Total Cost": 64885.13, "Plan Rows": 1, "Plan Width": 49, "Actual Min Startup Time": 81.496, "Actual Max Startup Time": 81.496, "Actual Min Total Time": 128.07, "Actual Max Total Time": 128.07, "Inner Unique": false, "Plans": [{"Node Type": "Nested Loop", "Parent Relationship": "Outer", "Join Type": "Inner", "Startup Cost": 3369.54, "Total Cost": 64884.27, "Plan Rows": 1, "Plan Width": 29, "Actual Min Startup Time": 81.476, "Actual Max Startup Time": 81.476, "Actual Min Total Time": 127.263, "Actual Max Total Time": 127.263, "Inner Unique": false, "Join Filter": "(t.id = ci.movie_id)", "Rows Removed by Join Filter": 0, "Plans": [{"Node Type": "Nested Loop", "Parent Relationship": "Outer", "Join Type": "Inner", "Startup Cost": 3369.54, "Total Cost": 64828.49, "Plan Rows": 2, "Plan Width": 29, "Actual Min Startup Time": 81.441, "Actual Max Startup Time": 81.441, "Actual Min Total Time": 126.75, "Actual Max Total Time": 126.75, "Inner Unique": false, "Plans": [{"Node Type": "Streaming(type: LOCAL GATHER dop: 1/64)", "Parent Relationship": "Outer", "Startup Cost": 3369.54, "Total Cost": 64334.52, "Plan Rows": 43, "Plan Width": 21, "Actual Min Startup Time": 81.336, "Actual Max Startup Time": 81.336, "Actual Min Total Time": 126.394, "Actual Max Total Time": 126.394, "Plans": [{"Node Type": "Seq Scan", "Parent Relationship": "Outer", "Relation Name": "title", "Alias": "t", "Startup Cost": 3369.54, "Total Cost": 64333.63, "Plan Rows": 43, "Plan Width": 21, "Actual Min Startup Time": 11.827, "Actual Max Startup Time": 38.588, "Actual Min Total Time": 14.967, "Actual Max Total Time": 38.588, "Filter": "((production_year >= 2006) AND (production_year <= 2007) AND (((title)::text ~~ 'One Piece%'::text) OR ((title)::text ~~ 'Dragon Ball Z%'::text)))", "Rows Removed by Filter": 2528304, "Actual Rows": 7}], "Actual Rows": 7}, {"Node Type": "Index Scan", "Parent Relationship": "Inner", "Scan Direction": "Forward", "Index Name": "movie_id_movie_companies", "Relation Name": "movie_companies", "Alias": "mc", "Startup Cost": 0.0, "Total Cost": 11.48, "Plan Rows": 1, "Plan Width": 8, "Actual Min Startup Time": 0.272, "Actual Max Startup Time": 0.272, "Actual Min Total Time": 0.284, "Actual Max Total Time": 0.284, "Index Cond": "(movie_id = t.id)", "Rows Removed by Index Recheck": 0, "Filter": "(((note)::text ~~ '%(Japan)%'::text) AND ((note)::text !~~ '%(USA)%'::text) AND (((note)::text ~~ '%(2006)%'::text) OR ((note)::text ~~ '%(2007)%'::text)))", "Rows Removed by Filter": 13, "Actual Rows": 4}], "Actual Rows": 4}, {"Node Type": "Index Scan", "Parent Relationship": "Inner", "Scan Direction": "Forward", "Index Name": "movie_id_cast_info", "Relation Name": "cast_info", "Alias": "ci", "Startup Cost": 0.0, "Total Cost": 27.88, "Plan Rows": 1, "Plan Width": 12, "Actual Min Startup Time": 0.149, "Actual Max Startup Time": 0.149, "Actual Min Total Time": 0.418, "Actual Max Total Time": 0.418, "Index Cond": "(movie_id = mc.movie_id)", "Rows Removed by Index Recheck": 0, "Filter": "((note)::text = '(voice: English version)'::text)", "Rows Removed by Filter": 68, "Actual Rows": 104}], "Actual Rows": 104}, {"Node Type": "Index Scan", "Parent Relationship": "Inner", "Scan Direction": "Forward", "Index Name": "person_id_aka_name", "Relation Name": "aka_name", "Alias": "an", "Startup Cost": 0.0, "Total Cost": 0.84, "Plan Rows": 1, "Plan Width": 20, "Actual Min Startup Time": 0.573, "Actual Max Startup Time": 0.573, "Actual Min Total Time": 0.686, "Actual Max Total Time": 0.686, "Index Cond": "(person_id = ci.person_id)", "Rows Removed by Index Recheck": 0, "Actual Rows": 171}], "Actual Rows": 171}, {"Node Type": "Index Scan", "Parent Relationship": "Inner", "Scan Direction": "Forward", "Index Name": "company_name_pkey", "Relation Name": "company_name", "Alias": "cn", "Startup Cost": 0.0, "Total Cost": 4.37, "Plan Rows": 1, "Plan Width": 4, "Actual Min Startup Time": 0.589, "Actual Max Startup Time": 0.589, "Actual Min Total Time": 0.589, "Actual Max Total Time": 0.589, "Index Cond": "(id = mc.company_id)", "Rows Removed by Index Recheck": 0, "Filter": "((country_code)::text = '[jp]'::text)", "Rows Removed by Filter": 0, "Actual Rows": 171}], "Actual Rows": 171}, {"Node Type": "Index Scan", "Parent Relationship": "Inner", "Scan Direction": "Forward", "Index Name": "name_pkey", "Relation Name": "name", "Alias": "n", "Startup Cost": 0.0, "Total Cost": 0.57, "Plan Rows": 1, "Plan Width": 4, "Actual Min Startup Time": 0.882, "Actual Max Startup Time": 0.882, "Actual Min Total Time": 0.882, "Actual Max Total Time": 0.882, "Index Cond": "(id = an.person_id)", "Rows Removed by Index Recheck": 0, "Filter": "(((name)::text ~~ '%Yo%'::text) AND ((name)::text !~~ '%Yu%'::text))", "Rows Removed by Filter": 165, "Actual Rows": 6}], "Actual Rows": 6}, {"Node Type": "Index Scan", "Parent Relationship": "Inner", "Scan Direction": "Forward", "Index Name": "role_type_pkey", "Relation Name": "role_type", "Alias": "rt", "Startup Cost": 0.0, "Total Cost": 0.27, "Plan Rows": 1, "Plan Width": 4, "Actual Min Startup Time": 0.03, "Actual Max Startup Time": 0.03, "Actual Min Total Time": 0.03, "Actual Max Total Time": 0.03, "Index Cond": "(id = ci.role_id)", "Rows Removed by Index Recheck": 0, "Filter": "((role)::text = 'actress'::text)", "Rows Removed by Filter": 0, "Actual Rows": 6}], "Actual Rows": 6}], "Actual Rows": 1}, "Triggers": [], "Planner Runtime": 31.722, "Total Runtime": 142.327, "Unique SQL Id": 3956435728}}, "(64, '53')": {"explain_plan": {"Plan": {"Node Type": "Aggregate", "Strategy": "Plain", "Startup Cost": 82294.12, "Total Cost": 82294.13, "Plan Rows": 1, "Plan Width": 97, "Plans": [{"Node Type": "Nested Loop", "Parent Relationship": "Outer", "Join Type": "Inner", "Startup Cost": 2780.8, "Total Cost": 82294.12, "Plan Rows": 1, "Plan Width": 33, "Inner Unique": true, "Plans": [{"Node Type": "Nested Loop", "Parent Relationship": "Outer", "Join Type": "Inner", "Startup Cost": 2780.8, "Total Cost": 82293.84, "Plan Rows": 1, "Plan Width": 37, "Inner Unique": true, "Plans": [{"Node Type": "Nested Loop", "Parent Relationship": "Outer", "Join Type": "Inner", "Startup Cost": 2780.8, "Total Cost": 82293.26, "Plan Rows": 1, "Plan Width": 45, "Inner Unique": false, "Plans": [{"Node Type": "Nested Loop", "Parent Relationship": "Outer", "Join Type": "Inner", "Startup Cost": 2780.8, "Total Cost": 82292.4, "Plan Rows": 1, "Plan Width": 25, "Inner Unique": false, "Join Filter": "(t.id = ci.movie_id)", "Plans": [{"Node Type": "Nested Loop", "Parent Relationship": "Outer", "Join Type": "Inner", "Startup Cost": 2780.8, "Total Cost": 82236.62, "Plan Rows": 2, "Plan Width": 25, "Inner Unique": true, "Plans": [{"Node Type": "Nested Loop", "Parent Relationship": "Outer", "Join Type": "Inner", "Startup Cost": 2780.8, "Total Cost": 80174.39, "Plan Rows": 262, "Plan Width": 4, "Inner Unique": false, "Plans": [{"Node Type": "Bitmap Heap Scan", "Parent Relationship": "Outer", "Relation Name": "company_name", "Alias": "cn", "Startup Cost": 2780.8, "Total Cost": 8684.25, "Plan Rows": 6290, "Plan Width": 4, "Filter": "((country_code)::text = '[jp]'::text)", "Plans": [{"Node Type": "Bitmap Index Scan", "Parent Relationship": "Outer", "Index Name": "company_name_pkey", "Startup Cost": 0.0, "Total Cost": 2779.23, "Plan Rows": 234996, "Plan Width": 0}]}, {"Node Type": "Index Scan", "Parent Relationship": "Inner", "Scan Direction": "Forward", "Index Name": "company_id_movie_companies", "Relation Name": "movie_companies", "Alias": "mc", "Startup Cost": 0.0, "Total Cost": 11.36, "Plan Rows": 1, "Plan Width": 8, "Index Cond": "(company_id = cn.id)", "Filter": "(((note)::text ~~ '%(Japan)%'::text) AND ((note)::text !~~ '%(USA)%'::text) AND (((note)::text ~~ '%(2006)%'::text) OR ((note)::text ~~ '%(2007)%'::text)))"}]}, {"Node Type": "Index Scan", "Parent Relationship": "Inner", "Scan Direction": "Forward", "Index Name": "title_pkey", "Relation Name": "title", "Alias": "t", "Startup Cost": 0.0, "Total Cost": 7.86, "Plan Rows": 1, "Plan Width": 21, "Index Cond": "(id = mc.movie_id)", "Filter": "((production_year >= 2006) AND (production_year <= 2007) AND (((title)::text ~~ 'One Piece%'::text) OR ((title)::text ~~ 'Dragon Ball Z%'::text)))"}]}, {"Node Type": "Index Scan", "Parent Relationship": "Inner", "Scan Direction": "Forward", "Index Name": "movie_id_cast_info", "Relation Name": "cast_info", "Alias": "ci", "Startup Cost": 0.0, "Total Cost": 27.88, "Plan Rows": 1, "Plan Width": 12, "Index Cond": "(movie_id = mc.movie_id)", "Filter": "((note)::text = '(voice: English version)'::text)"}]}, {"Node Type": "Index Scan", "Parent Relationship": "Inner", "Scan Direction": "Forward", "Index Name": "person_id_aka_name", "Relation Name": "aka_name", "Alias": "an", "Startup Cost": 0.0, "Total Cost": 0.84, "Plan Rows": 1, "Plan Width": 20, "Index Cond": "(person_id = ci.person_id)"}]}, {"Node Type": "Index Scan", "Parent Relationship": "Inner", "Scan Direction": "Forward", "Index Name": "name_pkey", "Relation Name": "name", "Alias": "n", "Startup Cost": 0.0, "Total Cost": 0.57, "Plan Rows": 1, "Plan Width": 4, "Index Cond": "(id = an.person_id)", "Filter": "(((name)::text ~~ '%Yo%'::text) AND ((name)::text !~~ '%Yu%'::text))"}]}, {"Node Type": "Index Scan", "Parent Relationship": "Inner", "Scan Direction": "Forward", "Index Name": "role_type_pkey", "Relation Name": "role_type", "Alias": "rt", "Startup Cost": 0.0, "Total Cost": 0.27, "Plan Rows": 1, "Plan Width": 4, "Index Cond": "(id = ci.role_id)", "Filter": "((role)::text = 'actress'::text)"}]}]}, "Unique SQL Id": 3956435728, "Planner Runtime": 8}, "explain_analyze_plan": null}, "(64, '54')": {"explain_plan": {"Plan": {"Node Type": "Aggregate", "Strategy": "Plain", "Startup Cost": 64933.13, "Total Cost": 64933.14, "Plan Rows": 1, "Plan Width": 97, "Plans": [{"Node Type": "Nested Loop", "Parent Relationship": "Outer", "Join Type": "Inner", "Startup Cost": 3380.01, "Total Cost": 64933.12, "Plan Rows": 1, "Plan Width": 33, "Inner Unique": true, "Join Filter": "(ci.role_id = rt.id)", "Plans": [{"Node Type": "Nested Loop", "Parent Relationship": "Outer", "Join Type": "Inner", "Startup Cost": 3380.01, "Total Cost": 64931.96, "Plan Rows": 1, "Plan Width": 37, "Inner Unique": true, "Plans": [{"Node Type": "Nested Loop", "Parent Relationship": "Outer", "Join Type": "Inner", "Startup Cost": 3379.69, "Total Cost": 64927.61, "Plan Rows": 1, "Plan Width": 45, "Inner Unique": true, "Plans": [{"Node Type": "Nested Loop", "Parent Relationship": "Outer", "Join Type": "Inner", "Startup Cost": 3378.46, "Total Cost": 64922.35, "Plan Rows": 1, "Plan Width": 49, "Inner Unique": false, "Plans": [{"Node Type": "Nested Loop", "Parent Relationship": "Outer", "Join Type": "Inner", "Startup Cost": 3378.08, "Total Cost": 64917.95, "Plan Rows": 1, "Plan Width": 29, "Inner Unique": false, "Join Filter": "(t.id = ci.movie_id)", "Plans": [{"Node Type": "Nested Loop", "Parent Relationship": "Outer", "Join Type": "Inner", "Startup Cost": 3373.8, "Total Cost": 64861.38, "Plan Rows": 2, "Plan Width": 29, "Inner Unique": false, "Plans": [{"Node Type": "Streaming(type: LOCAL GATHER dop: 1/64)", "Parent Relationship": "Outer", "Startup Cost": 3369.54, "Total Cost": 64334.52, "Plan Rows": 43, "Plan Width": 21, "Plans": [{"Node Type": "Seq Scan", "Parent Relationship": "Outer", "Relation Name": "title", "Alias": "t", "Startup Cost": 3369.54, "Total Cost": 64333.63, "Plan Rows": 43, "Plan Width": 21, "Filter": "((production_year >= 2006) AND (production_year <= 2007) AND (((title)::text ~~ 'One Piece%'::text) OR ((title)::text ~~ 'Dragon Ball Z%'::text)))"}]}, {"Node Type": "Bitmap Heap Scan", "Parent Relationship": "Inner", "Relation Name": "movie_companies", "Alias": "mc", "Startup Cost": 4.27, "Total Cost": 12.24, "Plan Rows": 1, "Plan Width": 8, "Recheck Cond": "(movie_id = t.id)", "Filter": "(((note)::text ~~ '%(Japan)%'::text) AND ((note)::text !~~ '%(USA)%'::text) AND (((note)::text ~~ '%(2006)%'::text) OR ((note)::text ~~ '%(2007)%'::text)))", "Plans": [{"Node Type": "Bitmap Index Scan", "Parent Relationship": "Outer", "Index Name": "movie_id_movie_companies", "Startup Cost": 0.0, "Total Cost": 4.26, "Plan Rows": 2, "Plan Width": 0, "Index Cond": "(movie_id = t.id)"}]}]}, {"Node Type": "Bitmap Heap Scan", "Parent Relationship": "Inner", "Relation Name": "cast_info", "Alias": "ci", "Startup Cost": 4.27, "Total Cost": 28.27, "Plan Rows": 1, "Plan Width": 12, "Recheck Cond": "(movie_id = mc.movie_id)", "Filter": "((note)::text = '(voice: English version)'::text)", "Plans": [{"Node Type": "Bitmap Index Scan", "Parent Relationship": "Outer", "Index Name": "movie_id_cast_info", "Startup Cost": 0.0, "Total Cost": 4.27, "Plan Rows": 6, "Plan Width": 0, "Index Cond": "(movie_id = mc.movie_id)"}]}]}, {"Node Type": "Bitmap Heap Scan", "Parent Relationship": "Inner", "Relation Name": "aka_name", "Alias": "an", "Startup Cost": 0.38, "Total Cost": 4.39, "Plan Rows": 1, "Plan Width": 20, "Recheck Cond": "(person_id = ci.person_id)", "Plans": [{"Node Type": "Bitmap Index Scan", "Parent Relationship": "Outer", "Index Name": "person_id_aka_name", "Startup Cost": 0.0, "Total Cost": 0.38, "Plan Rows": 1, "Plan Width": 0, "Index Cond": "(person_id = ci.person_id)"}]}]}, {"Node Type": "Bitmap Heap Scan", "Parent Relationship": "Inner", "Relation Name": "company_name", "Alias": "cn", "Startup Cost": 1.23, "Total Cost": 5.24, "Plan Rows": 1, "Plan Width": 4, "Recheck Cond": "(id = mc.company_id)", "Filter": "((country_code)::text = '[jp]'::text)", "Plans": [{"Node Type": "Bitmap Index Scan", "Parent Relationship": "Outer", "Index Name": "company_name_pkey", "Startup Cost": 0.0, "Total Cost": 1.23, "Plan Rows": 1, "Plan Width": 0, "Index Cond": "(id = mc.company_id)"}]}]}, {"Node Type": "Bitmap Heap Scan", "Parent Relationship": "Inner", "Relation Name": "name", "Alias": "n", "Startup Cost": 0.33, "Total Cost": 4.34, "Plan Rows": 1, "Plan Width": 4, "Recheck Cond": "(id = an.person_id)", "Filter": "(((name)::text ~~ '%Yo%'::text) AND ((name)::text !~~ '%Yu%'::text))", "Plans": [{"Node Type": "Bitmap Index Scan", "Parent Relationship": "Outer", "Index Name": "name_pkey", "Startup Cost": 0.0, "Total Cost": 0.33, "Plan Rows": 1, "Plan Width": 0, "Index Cond": "(id = an.person_id)"}]}]}, {"Node Type": "Seq Scan", "Parent Relationship": "Inner", "Relation Name": "role_type", "Alias": "rt", "Startup Cost": 0.0, "Total Cost": 1.15, "Plan Rows": 1, "Plan Width": 4, "Filter": "((role)::text = 'actress'::text)"}]}]}, "Unique SQL Id": 3956435728, "Planner Runtime": 17}, "explain_analyze_plan": {"Plan": {"Node Type": "Aggregate", "Strategy": "Plain", "Startup Cost": 64933.13, "Total Cost": 64933.14, "Plan Rows": 1, "Plan Width": 97, "Actual Min Startup Time": 156.871, "Actual Max Startup Time": 156.871, "Actual Min Total Time": 156.872, "Actual Max Total Time": 156.872, "Plans": [{"Node Type": "Nested Loop", "Parent Relationship": "Outer", "Join Type": "Inner", "Startup Cost": 3380.01, "Total Cost": 64933.12, "Plan Rows": 1, "Plan Width": 33, "Actual Min Startup Time": 132.628, "Actual Max Startup Time": 132.628, "Actual Min Total Time": 156.809, "Actual Max Total Time": 156.809, "Inner Unique": true, "Join Filter": "(ci.role_id = rt.id)", "Rows Removed by Join Filter": 0, "Plans": [{"Node Type": "Nested Loop", "Parent Relationship": "Outer", "Join Type": "Inner", "Startup Cost": 3380.01, "Total Cost": 64931.96, "Plan Rows": 1, "Plan Width": 37, "Actual Min Startup Time": 132.608, "Actual Max Startup Time": 132.608, "Actual Min Total Time": 156.755, "Actual Max Total Time": 156.755, "Inner Unique": true, "Plans": [{"Node Type": "Nested Loop", "Parent Relationship": "Outer", "Join Type": "Inner", "Startup Cost": 3379.69, "Total Cost": 64927.61, "Plan Rows": 1, "Plan Width": 45, "Actual Min Startup Time": 131.505, "Actual Max Startup Time": 131.505, "Actual Min Total Time": 155.6, "Actual Max Total Time": 155.6, "Inner Unique": true, "Plans": [{"Node Type": "Nested Loop", "Parent Relationship": "Outer", "Join Type": "Inner", "Startup Cost": 3378.46, "Total Cost": 64922.35, "Plan Rows": 1, "Plan Width": 49, "Actual Min Startup Time": 131.484, "Actual Max Startup Time": 131.484, "Actual Min Total Time": 154.653, "Actual Max Total Time": 154.653, "Inner Unique": false, "Plans": [{"Node Type": "Nested Loop", "Parent Relationship": "Outer", "Join Type": "Inner", "Startup Cost": 3378.08, "Total Cost": 64917.95, "Plan Rows": 1, "Plan Width": 29, "Actual Min Startup Time": 131.456, "Actual Max Startup Time": 131.456, "Actual Min Total Time": 153.642, "Actual Max Total Time": 153.642, "Inner Unique": false, "Join Filter": "(t.id = ci.movie_id)", "Rows Removed by Join Filter": 0, "Plans": [{"Node Type": "Nested Loop", "Parent Relationship": "Outer", "Join Type": "Inner", "Startup Cost": 3373.8, "Total Cost": 64861.38, "Plan Rows": 2, "Plan Width": 29, "Actual Min Startup Time": 130.603, "Actual Max Startup Time": 130.603, "Actual Min Total Time": 153.108, "Actual Max Total Time": 153.108, "Inner Unique": false, "Plans": [{"Node Type": "Streaming(type: LOCAL GATHER dop: 1/64)", "Parent Relationship": "Outer", "Startup Cost": 3369.54, "Total Cost": 64334.52, "Plan Rows": 43, "Plan Width": 21, "Actual Min Startup Time": 123.928, "Actual Max Startup Time": 123.928, "Actual Min Total Time": 152.691, "Actual Max Total Time": 152.691, "Plans": [{"Node Type": "Seq Scan", "Parent Relationship": "Outer", "Relation Name": "title", "Alias": "t", "Startup Cost": 3369.54, "Total Cost": 64333.63, "Plan Rows": 43, "Plan Width": 21, "Actual Min Startup Time": 11.76, "Actual Max Startup Time": 34.023, "Actual Min Total Time": 14.755, "Actual Max Total Time": 34.023, "Filter": "((production_year >= 2006) AND (production_year <= 2007) AND (((title)::text ~~ 'One Piece%'::text) OR ((title)::text ~~ 'Dragon Ball Z%'::text)))", "Rows Removed by Filter": 2528304, "Actual Rows": 7}], "Actual Rows": 7}, {"Node Type": "Bitmap Heap Scan", "Parent Relationship": "Inner", "Relation Name": "movie_companies", "Alias": "mc", "Startup Cost": 4.27, "Total Cost": 12.24, "Plan Rows": 1, "Plan Width": 8, "Actual Min Startup Time": 0.327, "Actual Max Startup Time": 0.327, "Actual Min Total Time": 0.337, "Actual Max Total Time": 0.337, "Recheck Cond": "(movie_id = t.id)", "Rows Removed by Index Recheck": 0, "Filter": "(((note)::text ~~ '%(Japan)%'::text) AND ((note)::text !~~ '%(USA)%'::text) AND (((note)::text ~~ '%(2006)%'::text) OR ((note)::text ~~ '%(2007)%'::text)))", "Rows Removed by Filter": 13, "Exact Heap Blocks": 13, "Lossy Heap Blocks": 13, "Plans": [{"Node Type": "Bitmap Index Scan", "Parent Relationship": "Outer", "Index Name": "movie_id_movie_companies", "Startup Cost": 0.0, "Total Cost": 4.26, "Plan Rows": 2, "Plan Width": 0, "Actual Min Startup Time": 0.16, "Actual Max Startup Time": 0.16, "Actual Min Total Time": 0.16, "Actual Max Total Time": 0.16, "Index Cond": "(movie_id = t.id)", "Actual Rows": 17}], "Actual Rows": 4}], "Actual Rows": 4}, {"Node Type": "Bitmap Heap Scan", "Parent Relationship": "Inner", "Relation Name": "cast_info", "Alias": "ci", "Startup Cost": 4.27, "Total Cost": 28.27, "Plan Rows": 1, "Plan Width": 12, "Actual Min Startup Time": 0.196, "Actual Max Startup Time": 0.196, "Actual Min Total Time": 0.463, "Actual Max Total Time": 0.463, "Recheck Cond": "(movie_id = mc.movie_id)", "Rows Removed by Index Recheck": 0, "Filter": "((note)::text = '(voice: English version)'::text)", "Rows Removed by Filter": 68, "Exact Heap Blocks": 133, "Lossy Heap Blocks": 133, "Plans": [{"Node Type": "Bitmap Index Scan", "Parent Relationship": "Outer", "Index Name": "movie_id_cast_info", "Startup Cost": 0.0, "Total Cost": 4.27, "Plan Rows": 6, "Plan Width": 0, "Actual Min Startup Time": 0.075, "Actual Max Startup Time": 0.075, "Actual Min Total Time": 0.075, "Actual Max Total Time": 0.075, "Index Cond": "(movie_id = mc.movie_id)", "Actual Rows": 172}], "Actual Rows": 104}], "Actual Rows": 104}, {"Node Type": "Bitmap Heap Scan", "Parent Relationship": "Inner", "Relation Name": "aka_name", "Alias": "an", "Startup Cost": 0.38, "Total Cost": 4.39, "Plan Rows": 1, "Plan Width": 20, "Actual Min Startup Time": 0.752, "Actual Max Startup Time": 0.752, "Actual Min Total Time": 0.827, "Actual Max Total Time": 0.827, "Recheck Cond": "(person_id = ci.person_id)", "Rows Removed by Index Recheck": 0, "Exact Heap Blocks": 105, "Lossy Heap Blocks": 105, "Plans": [{"Node Type": "Bitmap Index Scan", "Parent Relationship": "Outer", "Index Name": "person_id_aka_name", "Startup Cost": 0.0, "Total Cost": 0.38, "Plan Rows": 1, "Plan Width": 0, "Actual Min Startup Time": 0.529, "Actual Max Startup Time": 0.529, "Actual Min Total Time": 0.529, "Actual Max Total Time": 0.529, "Index Cond": "(person_id = ci.person_id)", "Actual Rows": 171}], "Actual Rows": 171}], "Actual Rows": 171}, {"Node Type": "Bitmap Heap Scan", "Parent Relationship": "Inner", "Relation Name": "company_name", "Alias": "cn", "Startup Cost": 1.23, "Total Cost": 5.24, "Plan Rows": 1, "Plan Width": 4, "Actual Min Startup Time": 0.704, "Actual Max Startup Time": 0.704, "Actual Min Total Time": 0.704, "Actual Max Total Time": 0.704, "Recheck Cond": "(id = mc.company_id)", "Rows Removed by Index Recheck": 0, "Filter": "((country_code)::text = '[jp]'::text)", "Rows Removed by Filter": 0, "Exact Heap Blocks": 171, "Lossy Heap Blocks": 171, "Plans": [{"Node Type": "Bitmap Index Scan", "Parent Relationship": "Outer", "Index Name": "company_name_pkey", "Startup Cost": 0.0, "Total Cost": 1.23, "Plan Rows": 1, "Plan Width": 0, "Actual Min Startup Time": 0.421, "Actual Max Startup Time": 0.421, "Actual Min Total Time": 0.421, "Actual Max Total Time": 0.421, "Index Cond": "(id = mc.company_id)", "Actual Rows": 171}], "Actual Rows": 171}], "Actual Rows": 171}, {"Node Type": "Bitmap Heap Scan", "Parent Relationship": "Inner", "Relation Name": "name", "Alias": "n", "Startup Cost": 0.33, "Total Cost": 4.34, "Plan Rows": 1, "Plan Width": 4, "Actual Min Startup Time": 0.954, "Actual Max Startup Time": 0.954, "Actual Min Total Time": 0.954, "Actual Max Total Time": 0.954, "Recheck Cond": "(id = an.person_id)", "Rows Removed by Index Recheck": 0, "Filter": "(((name)::text ~~ '%Yo%'::text) AND ((name)::text !~~ '%Yu%'::text))", "Rows Removed by Filter": 165, "Exact Heap Blocks": 171, "Lossy Heap Blocks": 171, "Plans": [{"Node Type": "Bitmap Index Scan", "Parent Relationship": "Outer", "Index Name": "name_pkey", "Startup Cost": 0.0, "Total Cost": 0.33, "Plan Rows": 1, "Plan Width": 0, "Actual Min Startup Time": 0.601, "Actual Max Startup Time": 0.601, "Actual Min Total Time": 0.601, "Actual Max Total Time": 0.601, "Index Cond": "(id = an.person_id)", "Actual Rows": 171}], "Actual Rows": 6}], "Actual Rows": 6}, {"Node Type": "Seq Scan", "Parent Relationship": "Inner", "Relation Name": "role_type", "Alias": "rt", "Startup Cost": 0.0, "Total Cost": 1.15, "Plan Rows": 1, "Plan Width": 4, "Actual Min Startup Time": 0.03, "Actual Max Startup Time": 0.03, "Actual Min Total Time": 0.03, "Actual Max Total Time": 0.03, "Filter": "((role)::text = 'actress'::text)", "Rows Removed by Filter": 6, "Actual Rows": 6}], "Actual Rows": 6}], "Actual Rows": 1}, "Triggers": [], "Planner Runtime": 43.476, "Total Runtime": 170.805, "Unique SQL Id": 3956435728}}, "(64, '55')": {"explain_plan": {"Plan": {"Node Type": "Aggregate", "Strategy": "Plain", "Startup Cost": 108949.86, "Total Cost": 108949.87, "Plan Rows": 1, "Plan Width": 97, "Plans": [{"Node Type": "Nested Loop", "Parent Relationship": "Outer", "Join Type": "Inner", "Startup Cost": 2793.35, "Total Cost": 108949.85, "Plan Rows": 1, "Plan Width": 33, "Inner Unique": true, "Plans": [{"Node Type": "Nested Loop", "Parent Relationship": "Outer", "Join Type": "Inner", "Startup Cost": 2793.09, "Total Cost": 108945.57, "Plan Rows": 1, "Plan Width": 37, "Inner Unique": true, "Plans": [{"Node Type": "Nested Loop", "Parent Relationship": "Outer", "Join Type": "Inner", "Startup Cost": 2792.76, "Total Cost": 108941.22, "Plan Rows": 1, "Plan Width": 45, "Inner Unique": false, "Plans": [{"Node Type": "Nested Loop", "Parent Relationship": "Outer", "Join Type": "Inner", "Startup Cost": 2792.38, "Total Cost": 108936.81, "Plan Rows": 1, "Plan Width": 25, "Inner Unique": false, "Join Filter": "(t.id = ci.movie_id)", "Plans": [{"Node Type": "Nested Loop", "Parent Relationship": "Outer", "Join Type": "Inner", "Startup Cost": 2788.11, "Total Cost": 108880.24, "Plan Rows": 2, "Plan Width": 25, "Inner Unique": true, "Plans": [{"Node Type": "Nested Loop", "Parent Relationship": "Outer", "Join Type": "Inner", "Startup Cost": 2784.18, "Total Cost": 106793.84, "Plan Rows": 262, "Plan Width": 4, "Inner Unique": false, "Plans": [{"Node Type": "Bitmap Heap Scan", "Parent Relationship": "Outer", "Relation Name": "company_name", "Alias": "cn", "Startup Cost": 2780.8, "Total Cost": 8684.25, "Plan Rows": 6290, "Plan Width": 4, "Filter": "((country_code)::text = '[jp]'::text)", "Plans": [{"Node Type": "Bitmap Index Scan", "Parent Relationship": "Outer", "Index Name": "company_name_pkey", "Startup Cost": 0.0, "Total Cost": 2779.23, "Plan Rows": 234996, "Plan Width": 0}]}, {"Node Type": "Bitmap Heap Scan", "Parent Relationship": "Inner", "Relation Name": "movie_companies", "Alias": "mc", "Startup Cost": 3.37, "Total Cost": 15.59, "Plan Rows": 1, "Plan Width": 8, "Recheck Cond": "(company_id = cn.id)", "Filter": "(((note)::text ~~ '%(Japan)%'::text) AND ((note)::text !~~ '%(USA)%'::text) AND (((note)::text ~~ '%(2006)%'::text) OR ((note)::text ~~ '%(2007)%'::text)))", "Plans": [{"Node Type": "Bitmap Index Scan", "Parent Relationship": "Outer", "Index Name": "company_id_movie_companies", "Startup Cost": 0.0, "Total Cost": 3.37, "Plan Rows": 15, "Plan Width": 0, "Index Cond": "(company_id = cn.id)"}]}]}, {"Node Type": "Bitmap Heap Scan", "Parent Relationship": "Inner", "Relation Name": "title", "Alias": "t", "Startup Cost": 3.93, "Total Cost": 7.95, "Plan Rows": 1, "Plan Width": 21, "Recheck Cond": "(id = mc.movie_id)", "Filter": "((production_year >= 2006) AND (production_year <= 2007) AND (((title)::text ~~ 'One Piece%'::text) OR ((title)::text ~~ 'Dragon Ball Z%'::text)))", "Plans": [{"Node Type": "Bitmap Index Scan", "Parent Relationship": "Outer", "Index Name": "title_pkey", "Startup Cost": 0.0, "Total Cost": 3.93, "Plan Rows": 1, "Plan Width": 0, "Index Cond": "(id = mc.movie_id)"}]}]}, {"Node Type": "Bitmap Heap Scan", "Parent Relationship": "Inner", "Relation Name": "cast_info", "Alias": "ci", "Startup Cost": 4.27, "Total Cost": 28.27, "Plan Rows": 1, "Plan Width": 12, "Recheck Cond": "(movie_id = mc.movie_id)", "Filter": "((note)::text = '(voice: English version)'::text)", "Plans": [{"Node Type": "Bitmap Index Scan", "Parent Relationship": "Outer", "Index Name": "movie_id_cast_info", "Startup Cost": 0.0, "Total Cost": 4.27, "Plan Rows": 6, "Plan Width": 0, "Index Cond": "(movie_id = mc.movie_id)"}]}]}, {"Node Type": "Bitmap Heap Scan", "Parent Relationship": "Inner", "Relation Name": "aka_name", "Alias": "an", "Startup Cost": 0.38, "Total Cost": 4.39, "Plan Rows": 1, "Plan Width": 20, "Recheck Cond": "(person_id = ci.person_id)", "Plans": [{"Node Type": "Bitmap Index Scan", "Parent Relationship": "Outer", "Index Name": "person_id_aka_name", "Startup Cost": 0.0, "Total Cost": 0.38, "Plan Rows": 1, "Plan Width": 0, "Index Cond": "(person_id = ci.person_id)"}]}]}, {"Node Type": "Bitmap Heap Scan", "Parent Relationship": "Inner", "Relation Name": "name", "Alias": "n", "Startup Cost": 0.33, "Total Cost": 4.34, "Plan Rows": 1, "Plan Width": 4, "Recheck Cond": "(id = an.person_id)", "Filter": "(((name)::text ~~ '%Yo%'::text) AND ((name)::text !~~ '%Yu%'::text))", "Plans": [{"Node Type": "Bitmap Index Scan", "Parent Relationship": "Outer", "Index Name": "name_pkey", "Startup Cost": 0.0, "Total Cost": 0.33, "Plan Rows": 1, "Plan Width": 0, "Index Cond": "(id = an.person_id)"}]}]}, {"Node Type": "Bitmap Heap Scan", "Parent Relationship": "Inner", "Relation Name": "role_type", "Alias": "rt", "Startup Cost": 0.26, "Total Cost": 4.27, "Plan Rows": 1, "Plan Width": 4, "Recheck Cond": "(id = ci.role_id)", "Filter": "((role)::text = 'actress'::text)", "Plans": [{"Node Type": "Bitmap Index Scan", "Parent Relationship": "Outer", "Index Name": "role_type_pkey", "Startup Cost": 0.0, "Total Cost": 0.26, "Plan Rows": 1, "Plan Width": 0, "Index Cond": "(id = ci.role_id)"}]}]}]}, "Unique SQL Id": 3956435728, "Planner Runtime": 9}, "explain_analyze_plan": {"Plan": {"Node Type": "Aggregate", "Strategy": "Plain", "Startup Cost": 108949.86, "Total Cost": 108949.87, "Plan Rows": 1, "Plan Width": 97, "Actual Startup Time": 454.404, "Actual Total Time": 454.405, "Actual Rows": 1, "Actual Loops": 1, "Plans": [{"Node Type": "Nested Loop", "Parent Relationship": "Outer", "Join Type": "Inner", "Startup Cost": 2793.35, "Total Cost": 108949.85, "Plan Rows": 1, "Plan Width": 33, "Actual Startup Time": 126.355, "Actual Total Time": 454.354, "Actual Rows": 6, "Actual Loops": 1, "Inner Unique": true, "Plans": [{"Node Type": "Nested Loop", "Parent Relationship": "Outer", "Join Type": "Inner", "Startup Cost": 2793.09, "Total Cost": 108945.57, "Plan Rows": 1, "Plan Width": 37, "Actual Startup Time": 126.34, "Actual Total Time": 454.31, "Actual Rows": 6, "Actual Loops": 1, "Inner Unique": true, "Plans": [{"Node Type": "Nested Loop", "Parent Relationship": "Outer", "Join Type": "Inner", "Startup Cost": 2792.76, "Total Cost": 108941.22, "Plan Rows": 1, "Plan Width": 45, "Actual Startup Time": 125.755, "Actual Total Time": 453.226, "Actual Rows": 171, "Actual Loops": 1, "Inner Unique": false, "Plans": [{"Node Type": "Nested Loop", "Parent Relationship": "Outer", "Join Type": "Inner", "Startup Cost": 2792.38, "Total Cost": 108936.81, "Plan Rows": 1, "Plan Width": 25, "Actual Startup Time": 125.731, "Actual Total Time": 452.322, "Actual Rows": 104, "Actual Loops": 1, "Inner Unique": false, "Join Filter": "(t.id = ci.movie_id)", "Rows Removed by Join Filter": 0, "Plans": [{"Node Type": "Nested Loop", "Parent Relationship": "Outer", "Join Type": "Inner", "Startup Cost": 2788.11, "Total Cost": 108880.24, "Plan Rows": 2, "Plan Width": 25, "Actual Startup Time": 125.673, "Actual Total Time": 451.843, "Actual Rows": 4, "Actual Loops": 1, "Inner Unique": true, "Plans": [{"Node Type": "Nested Loop", "Parent Relationship": "Outer", "Join Type": "Inner", "Startup Cost": 2784.18, "Total Cost": 106793.84, "Plan Rows": 262, "Plan Width": 4, "Actual Startup Time": 21.615, "Actual Total Time": 389.321, "Actual Rows": 8495, "Actual Loops": 1, "Inner Unique": false, "Plans": [{"Node Type": "Bitmap Heap Scan", "Parent Relationship": "Outer", "Relation Name": "company_name", "Alias": "cn", "Startup Cost": 2780.8, "Total Cost": 8684.25, "Plan Rows": 6290, "Plan Width": 4, "Actual Startup Time": 21.545, "Actual Total Time": 139.197, "Actual Rows": 6752, "Actual Loops": 1, "Filter": "((country_code)::text = '[jp]'::text)", "Rows Removed by Filter": 228244, "Exact Heap Blocks": 2966, "Lossy Heap Blocks": 2966, "Plans": [{"Node Type": "Bitmap Index Scan", "Parent Relationship": "Outer", "Index Name": "company_name_pkey", "Startup Cost": 0.0, "Total Cost": 2779.23, "Plan Rows": 234996, "Plan Width": 0, "Actual Startup Time": 21.066, "Actual Total Time": 21.066, "Actual Rows": 234996, "Actual Loops": 1}]}, {"Node Type": "Bitmap Heap Scan", "Parent Relationship": "Inner", "Relation Name": "movie_companies", "Alias": "mc", "Startup Cost": 3.37, "Total Cost": 15.59, "Plan Rows": 1, "Plan Width": 8, "Actual Startup Time": 134.789, "Actual Total Time": 238.582, "Actual Rows": 8495, "Actual Loops": 6752, "Recheck Cond": "(company_id = cn.id)", "Rows Removed by Index Recheck": 0, "Filter": "(((note)::text ~~ '%(Japan)%'::text) AND ((note)::text !~~ '%(USA)%'::text) AND (((note)::text ~~ '%(2006)%'::text) OR ((note)::text ~~ '%(2007)%'::text)))", "Rows Removed by Filter": 96500, "Exact Heap Blocks": 61861, "Lossy Heap Blocks": 61861, "Plans": [{"Node Type": "Bitmap Index Scan", "Parent Relationship": "Outer", "Index Name": "company_id_movie_companies", "Startup Cost": 0.0, "Total Cost": 3.37, "Plan Rows": 15, "Plan Width": 0, "Actual Startup Time": 52.102, "Actual Total Time": 52.102, "Actual Rows": 104995, "Actual Loops": 6752, "Index Cond": "(company_id = cn.id)"}]}]}, {"Node Type": "Bitmap Heap Scan", "Parent Relationship": "Inner", "Relation Name": "title", "Alias": "t", "Startup Cost": 3.93, "Total Cost": 7.95, "Plan Rows": 1, "Plan Width": 21, "Actual Startup Time": 52.556, "Actual Total Time": 52.556, "Actual Rows": 4, "Actual Loops": 8495, "Recheck Cond": "(id = mc.movie_id)", "Rows Removed by Index Recheck": 0, "Filter": "((production_year >= 2006) AND (production_year <= 2007) AND (((title)::text ~~ 'One Piece%'::text) OR ((title)::text ~~ 'Dragon Ball Z%'::text)))", "Rows Removed by Filter": 8491, "Exact Heap Blocks": 8495, "Lossy Heap Blocks": 8495, "Plans": [{"Node Type": "Bitmap Index Scan", "Parent Relationship": "Outer", "Index Name": "title_pkey", "Startup Cost": 0.0, "Total Cost": 3.93, "Plan Rows": 1, "Plan Width": 0, "Actual Startup Time": 25.939, "Actual Total Time": 25.939, "Actual Rows": 8495, "Actual Loops": 8495, "Index Cond": "(id = mc.movie_id)"}]}]}, {"Node Type": "Bitmap Heap Scan", "Parent Relationship": "Inner", "Relation Name": "cast_info", "Alias": "ci", "Startup Cost": 4.27, "Total Cost": 28.27, "Plan Rows": 1, "Plan Width": 12, "Actual Startup Time": 0.182, "Actual Total Time": 0.41, "Actual Rows": 104, "Actual Loops": 4, "Recheck Cond": "(movie_id = mc.movie_id)", "Rows Removed by Index Recheck": 0, "Filter": "((note)::text = '(voice: English version)'::text)", "Rows Removed by Filter": 68, "Exact Heap Blocks": 133, "Lossy Heap Blocks": 133, "Plans": [{"Node Type": "Bitmap Index Scan", "Parent Relationship": "Outer", "Index Name": "movie_id_cast_info", "Startup Cost": 0.0, "Total Cost": 4.27, "Plan Rows": 6, "Plan Width": 0, "Actual Startup Time": 0.058, "Actual Total Time": 0.058, "Actual Rows": 172, "Actual Loops": 4, "Index Cond": "(movie_id = mc.movie_id)"}]}]}, {"Node Type": "Bitmap Heap Scan", "Parent Relationship": "Inner", "Relation Name": "aka_name", "Alias": "an", "Startup Cost": 0.38, "Total Cost": 4.39, "Plan Rows": 1, "Plan Width": 20, "Actual Startup Time": 0.631, "Actual Total Time": 0.711, "Actual Rows": 171, "Actual Loops": 104, "Recheck Cond": "(person_id = ci.person_id)", "Rows Removed by Index Recheck": 0, "Exact Heap Blocks": 105, "Lossy Heap Blocks": 105, "Plans": [{"Node Type": "Bitmap Index Scan", "Parent Relationship": "Outer", "Index Name": "person_id_aka_name", "Startup Cost": 0.0, "Total Cost": 0.38, "Plan Rows": 1, "Plan Width": 0, "Actual Startup Time": 0.442, "Actual Total Time": 0.442, "Actual Rows": 171, "Actual Loops": 104, "Index Cond": "(person_id = ci.person_id)"}]}]}, {"Node Type": "Bitmap Heap Scan", "Parent Relationship": "Inner", "Relation Name": "name", "Alias": "n", "Startup Cost": 0.33, "Total Cost": 4.34, "Plan Rows": 1, "Plan Width": 4, "Actual Startup Time": 0.885, "Actual Total Time": 0.885, "Actual Rows": 6, "Actual Loops": 171, "Recheck Cond": "(id = an.person_id)", "Rows Removed by Index Recheck": 0, "Filter": "(((name)::text ~~ '%Yo%'::text) AND ((name)::text !~~ '%Yu%'::text))", "Rows Removed by Filter": 165, "Exact Heap Blocks": 171, "Lossy Heap Blocks": 171, "Plans": [{"Node Type": "Bitmap Index Scan", "Parent Relationship": "Outer", "Index Name": "name_pkey", "Startup Cost": 0.0, "Total Cost": 0.33, "Plan Rows": 1, "Plan Width": 0, "Actual Startup Time": 0.549, "Actual Total Time": 0.549, "Actual Rows": 171, "Actual Loops": 171, "Index Cond": "(id = an.person_id)"}]}]}, {"Node Type": "Bitmap Heap Scan", "Parent Relationship": "Inner", "Relation Name": "role_type", "Alias": "rt", "Startup Cost": 0.26, "Total Cost": 4.27, "Plan Rows": 1, "Plan Width": 4, "Actual Startup Time": 0.029, "Actual Total Time": 0.029, "Actual Rows": 6, "Actual Loops": 6, "Recheck Cond": "(id = ci.role_id)", "Rows Removed by Index Recheck": 0, "Filter": "((role)::text = 'actress'::text)", "Rows Removed by Filter": 0, "Exact Heap Blocks": 6, "Lossy Heap Blocks": 6, "Plans": [{"Node Type": "Bitmap Index Scan", "Parent Relationship": "Outer", "Index Name": "role_type_pkey", "Startup Cost": 0.0, "Total Cost": 0.26, "Plan Rows": 1, "Plan Width": 0, "Actual Startup Time": 0.01, "Actual Total Time": 0.01, "Actual Rows": 6, "Actual Loops": 6, "Index Cond": "(id = ci.role_id)"}]}]}]}, "Triggers": [], "Planner Runtime": 30.658, "Total Runtime": 454.866, "Unique SQL Id": 3956435728}}, "(64, '56')": {"explain_plan": {"Plan": {"Node Type": "Aggregate", "Strategy": "Plain", "Startup Cost": 64890.38, "Total Cost": 64890.39, "Plan Rows": 1, "Plan Width": 97, "Plans": [{"Node Type": "Nested Loop", "Parent Relationship": "Outer", "Join Type": "Inner", "Startup Cost": 3369.54, "Total Cost": 64890.38, "Plan Rows": 1, "Plan Width": 33, "Inner Unique": true, "Plans": [{"Node Type": "Nested Loop", "Parent Relationship": "Outer", "Join Type": "Inner", "Startup Cost": 3369.54, "Total Cost": 64890.09, "Plan Rows": 1, "Plan Width": 37, "Inner Unique": true, "Plans": [{"Node Type": "Nested Loop", "Parent Relationship": "Outer", "Join Type": "Inner", "Startup Cost": 3369.54, "Total Cost": 64889.51, "Plan Rows": 1, "Plan Width": 45, "Inner Unique": true, "Plans": [{"Node Type": "Nested Loop", "Parent Relationship": "Outer", "Join Type": "Inner", "Startup Cost": 3369.54, "Total Cost": 64885.13, "Plan Rows": 1, "Plan Width": 49, "Inner Unique": false, "Plans": [{"Node Type": "Nested Loop", "Parent Relationship": "Outer", "Join Type": "Inner", "Startup Cost": 3369.54, "Total Cost": 64884.27, "Plan Rows": 1, "Plan Width": 29, "Inner Unique": false, "Join Filter": "(t.id = ci.movie_id)", "Plans": [{"Node Type": "Nested Loop", "Parent Relationship": "Outer", "Join Type": "Inner", "Startup Cost": 3369.54, "Total Cost": 64828.49, "Plan Rows": 2, "Plan Width": 29, "Inner Unique": false, "Plans": [{"Node Type": "Streaming(type: LOCAL GATHER dop: 1/64)", "Parent Relationship": "Outer", "Startup Cost": 3369.54, "Total Cost": 64334.52, "Plan Rows": 43, "Plan Width": 21, "Plans": [{"Node Type": "Seq Scan", "Parent Relationship": "Outer", "Relation Name": "title", "Alias": "t", "Startup Cost": 3369.54, "Total Cost": 64333.63, "Plan Rows": 43, "Plan Width": 21, "Filter": "((production_year >= 2006) AND (production_year <= 2007) AND (((title)::text ~~ 'One Piece%'::text) OR ((title)::text ~~ 'Dragon Ball Z%'::text)))"}]}, {"Node Type": "Index Scan", "Parent Relationship": "Inner", "Scan Direction": "Forward", "Index Name": "movie_id_movie_companies", "Relation Name": "movie_companies", "Alias": "mc", "Startup Cost": 0.0, "Total Cost": 11.48, "Plan Rows": 1, "Plan Width": 8, "Index Cond": "(movie_id = t.id)", "Filter": "(((note)::text ~~ '%(Japan)%'::text) AND ((note)::text !~~ '%(USA)%'::text) AND (((note)::text ~~ '%(2006)%'::text) OR ((note)::text ~~ '%(2007)%'::text)))"}]}, {"Node Type": "Index Scan", "Parent Relationship": "Inner", "Scan Direction": "Forward", "Index Name": "movie_id_cast_info", "Relation Name": "cast_info", "Alias": "ci", "Startup Cost": 0.0, "Total Cost": 27.88, "Plan Rows": 1, "Plan Width": 12, "Index Cond": "(movie_id = mc.movie_id)", "Filter": "((note)::text = '(voice: English version)'::text)"}]}, {"Node Type": "Index Scan", "Parent Relationship": "Inner", "Scan Direction": "Forward", "Index Name": "person_id_aka_name", "Relation Name": "aka_name", "Alias": "an", "Startup Cost": 0.0, "Total Cost": 0.84, "Plan Rows": 1, "Plan Width": 20, "Index Cond": "(person_id = ci.person_id)"}]}, {"Node Type": "Index Scan", "Parent Relationship": "Inner", "Scan Direction": "Forward", "Index Name": "company_name_pkey", "Relation Name": "company_name", "Alias": "cn", "Startup Cost": 0.0, "Total Cost": 4.37, "Plan Rows": 1, "Plan Width": 4, "Index Cond": "(id = mc.company_id)", "Filter": "((country_code)::text = '[jp]'::text)"}]}, {"Node Type": "Index Scan", "Parent Relationship": "Inner", "Scan Direction": "Forward", "Index Name": "name_pkey", "Relation Name": "name", "Alias": "n", "Startup Cost": 0.0, "Total Cost": 0.57, "Plan Rows": 1, "Plan Width": 4, "Index Cond": "(id = an.person_id)", "Filter": "(((name)::text ~~ '%Yo%'::text) AND ((name)::text !~~ '%Yu%'::text))"}]}, {"Node Type": "Index Scan", "Parent Relationship": "Inner", "Scan Direction": "Forward", "Index Name": "role_type_pkey", "Relation Name": "role_type", "Alias": "rt", "Startup Cost": 0.0, "Total Cost": 0.27, "Plan Rows": 1, "Plan Width": 4, "Index Cond": "(id = ci.role_id)", "Filter": "((role)::text = 'actress'::text)"}]}]}, "Unique SQL Id": 3956435728, "Planner Runtime": 10}, "explain_analyze_plan": {"Plan": {"Node Type": "Aggregate", "Strategy": "Plain", "Startup Cost": 64890.38, "Total Cost": 64890.39, "Plan Rows": 1, "Plan Width": 97, "Actual Min Startup Time": 129.95, "Actual Max Startup Time": 129.95, "Actual Min Total Time": 129.951, "Actual Max Total Time": 129.951, "Plans": [{"Node Type": "Nested Loop", "Parent Relationship": "Outer", "Join Type": "Inner", "Startup Cost": 3369.54, "Total Cost": 64890.38, "Plan Rows": 1, "Plan Width": 33, "Actual Min Startup Time": 82.756, "Actual Max Startup Time": 82.756, "Actual Min Total Time": 129.873, "Actual Max Total Time": 129.873, "Inner Unique": true, "Plans": [{"Node Type": "Nested Loop", "Parent Relationship": "Outer", "Join Type": "Inner", "Startup Cost": 3369.54, "Total Cost": 64890.09, "Plan Rows": 1, "Plan Width": 37, "Actual Min Startup Time": 82.738, "Actual Max Startup Time": 82.738, "Actual Min Total Time": 129.822, "Actual Max Total Time": 129.822, "Inner Unique": true, "Plans": [{"Node Type": "Nested Loop", "Parent Relationship": "Outer", "Join Type": "Inner", "Startup Cost": 3369.54, "Total Cost": 64889.51, "Plan Rows": 1, "Plan Width": 45, "Actual Min Startup Time": 81.529, "Actual Max Startup Time": 81.529, "Actual Min Total Time": 128.829, "Actual Max Total Time": 128.829, "Inner Unique": true, "Plans": [{"Node Type": "Nested Loop", "Parent Relationship": "Outer", "Join Type": "Inner", "Startup Cost": 3369.54, "Total Cost": 64885.13, "Plan Rows": 1, "Plan Width": 49, "Actual Min Startup Time": 81.496, "Actual Max Startup Time": 81.496, "Actual Min Total Time": 128.07, "Actual Max Total Time": 128.07, "Inner Unique": false, "Plans": [{"Node Type": "Nested Loop", "Parent Relationship": "Outer", "Join Type": "Inner", "Startup Cost": 3369.54, "Total Cost": 64884.27, "Plan Rows": 1, "Plan Width": 29, "Actual Min Startup Time": 81.476, "Actual Max Startup Time": 81.476, "Actual Min Total Time": 127.263, "Actual Max Total Time": 127.263, "Inner Unique": false, "Join Filter": "(t.id = ci.movie_id)", "Rows Removed by Join Filter": 0, "Plans": [{"Node Type": "Nested Loop", "Parent Relationship": "Outer", "Join Type": "Inner", "Startup Cost": 3369.54, "Total Cost": 64828.49, "Plan Rows": 2, "Plan Width": 29, "Actual Min Startup Time": 81.441, "Actual Max Startup Time": 81.441, "Actual Min Total Time": 126.75, "Actual Max Total Time": 126.75, "Inner Unique": false, "Plans": [{"Node Type": "Streaming(type: LOCAL GATHER dop: 1/64)", "Parent Relationship": "Outer", "Startup Cost": 3369.54, "Total Cost": 64334.52, "Plan Rows": 43, "Plan Width": 21, "Actual Min Startup Time": 81.336, "Actual Max Startup Time": 81.336, "Actual Min Total Time": 126.394, "Actual Max Total Time": 126.394, "Plans": [{"Node Type": "Seq Scan", "Parent Relationship": "Outer", "Relation Name": "title", "Alias": "t", "Startup Cost": 3369.54, "Total Cost": 64333.63, "Plan Rows": 43, "Plan Width": 21, "Actual Min Startup Time": 11.827, "Actual Max Startup Time": 38.588, "Actual Min Total Time": 14.967, "Actual Max Total Time": 38.588, "Filter": "((production_year >= 2006) AND (production_year <= 2007) AND (((title)::text ~~ 'One Piece%'::text) OR ((title)::text ~~ 'Dragon Ball Z%'::text)))", "Rows Removed by Filter": 2528304, "Actual Rows": 7}], "Actual Rows": 7}, {"Node Type": "Index Scan", "Parent Relationship": "Inner", "Scan Direction": "Forward", "Index Name": "movie_id_movie_companies", "Relation Name": "movie_companies", "Alias": "mc", "Startup Cost": 0.0, "Total Cost": 11.48, "Plan Rows": 1, "Plan Width": 8, "Actual Min Startup Time": 0.272, "Actual Max Startup Time": 0.272, "Actual Min Total Time": 0.284, "Actual Max Total Time": 0.284, "Index Cond": "(movie_id = t.id)", "Rows Removed by Index Recheck": 0, "Filter": "(((note)::text ~~ '%(Japan)%'::text) AND ((note)::text !~~ '%(USA)%'::text) AND (((note)::text ~~ '%(2006)%'::text) OR ((note)::text ~~ '%(2007)%'::text)))", "Rows Removed by Filter": 13, "Actual Rows": 4}], "Actual Rows": 4}, {"Node Type": "Index Scan", "Parent Relationship": "Inner", "Scan Direction": "Forward", "Index Name": "movie_id_cast_info", "Relation Name": "cast_info", "Alias": "ci", "Startup Cost": 0.0, "Total Cost": 27.88, "Plan Rows": 1, "Plan Width": 12, "Actual Min Startup Time": 0.149, "Actual Max Startup Time": 0.149, "Actual Min Total Time": 0.418, "Actual Max Total Time": 0.418, "Index Cond": "(movie_id = mc.movie_id)", "Rows Removed by Index Recheck": 0, "Filter": "((note)::text = '(voice: English version)'::text)", "Rows Removed by Filter": 68, "Actual Rows": 104}], "Actual Rows": 104}, {"Node Type": "Index Scan", "Parent Relationship": "Inner", "Scan Direction": "Forward", "Index Name": "person_id_aka_name", "Relation Name": "aka_name", "Alias": "an", "Startup Cost": 0.0, "Total Cost": 0.84, "Plan Rows": 1, "Plan Width": 20, "Actual Min Startup Time": 0.573, "Actual Max Startup Time": 0.573, "Actual Min Total Time": 0.686, "Actual Max Total Time": 0.686, "Index Cond": "(person_id = ci.person_id)", "Rows Removed by Index Recheck": 0, "Actual Rows": 171}], "Actual Rows": 171}, {"Node Type": "Index Scan", "Parent Relationship": "Inner", "Scan Direction": "Forward", "Index Name": "company_name_pkey", "Relation Name": "company_name", "Alias": "cn", "Startup Cost": 0.0, "Total Cost": 4.37, "Plan Rows": 1, "Plan Width": 4, "Actual Min Startup Time": 0.589, "Actual Max Startup Time": 0.589, "Actual Min Total Time": 0.589, "Actual Max Total Time": 0.589, "Index Cond": "(id = mc.company_id)", "Rows Removed by Index Recheck": 0, "Filter": "((country_code)::text = '[jp]'::text)", "Rows Removed by Filter": 0, "Actual Rows": 171}], "Actual Rows": 171}, {"Node Type": "Index Scan", "Parent Relationship": "Inner", "Scan Direction": "Forward", "Index Name": "name_pkey", "Relation Name": "name", "Alias": "n", "Startup Cost": 0.0, "Total Cost": 0.57, "Plan Rows": 1, "Plan Width": 4, "Actual Min Startup Time": 0.882, "Actual Max Startup Time": 0.882, "Actual Min Total Time": 0.882, "Actual Max Total Time": 0.882, "Index Cond": "(id = an.person_id)", "Rows Removed by Index Recheck": 0, "Filter": "(((name)::text ~~ '%Yo%'::text) AND ((name)::text !~~ '%Yu%'::text))", "Rows Removed by Filter": 165, "Actual Rows": 6}], "Actual Rows": 6}, {"Node Type": "Index Scan", "Parent Relationship": "Inner", "Scan Direction": "Forward", "Index Name": "role_type_pkey", "Relation Name": "role_type", "Alias": "rt", "Startup Cost": 0.0, "Total Cost": 0.27, "Plan Rows": 1, "Plan Width": 4, "Actual Min Startup Time": 0.03, "Actual Max Startup Time": 0.03, "Actual Min Total Time": 0.03, "Actual Max Total Time": 0.03, "Index Cond": "(id = ci.role_id)", "Rows Removed by Index Recheck": 0, "Filter": "((role)::text = 'actress'::text)", "Rows Removed by Filter": 0, "Actual Rows": 6}], "Actual Rows": 6}], "Actual Rows": 1}, "Triggers": [], "Planner Runtime": 31.722, "Total Runtime": 142.327, "Unique SQL Id": 3956435728}}, "(64, '57')": {"explain_plan": {"Plan": {"Node Type": "Aggregate", "Strategy": "Plain", "Startup Cost": 84111.26, "Total Cost": 84111.27, "Plan Rows": 1, "Plan Width": 97, "Plans": [{"Node Type": "Nested Loop", "Parent Relationship": "Outer", "Join Type": "Inner", "Startup Cost": 0.0, "Total Cost": 84111.26, "Plan Rows": 1, "Plan Width": 33, "Inner Unique": true, "Plans": [{"Node Type": "Nested Loop", "Parent Relationship": "Outer", "Join Type": "Inner", "Startup Cost": 0.0, "Total Cost": 84110.97, "Plan Rows": 1, "Plan Width": 37, "Inner Unique": true, "Plans": [{"Node Type": "Nested Loop", "Parent Relationship": "Outer", "Join Type": "Inner", "Startup Cost": 0.0, "Total Cost": 84110.39, "Plan Rows": 1, "Plan Width": 45, "Inner Unique": false, "Plans": [{"Node Type": "Nested Loop", "Parent Relationship": "Outer", "Join Type": "Inner", "Startup Cost": 0.0, "Total Cost": 84109.54, "Plan Rows": 1, "Plan Width": 25, "Inner Unique": false, "Join Filter": "(t.id = ci.movie_id)", "Plans": [{"Node Type": "Nested Loop", "Parent Relationship": "Outer", "Join Type": "Inner", "Startup Cost": 0.0, "Total Cost": 84053.76, "Plan Rows": 2, "Plan Width": 25, "Inner Unique": true, "Plans": [{"Node Type": "Nested Loop", "Parent Relationship": "Outer", "Join Type": "Inner", "Startup Cost": 0.0, "Total Cost": 81991.53, "Plan Rows": 262, "Plan Width": 4, "Inner Unique": false, "Plans": [{"Node Type": "Index Scan", "Parent Relationship": "Outer", "Scan Direction": "Forward", "Index Name": "company_name_pkey", "Relation Name": "company_name", "Alias": "cn", "Startup Cost": 0.0, "Total Cost": 10501.39, "Plan Rows": 6290, "Plan Width": 4, "Filter": "((country_code)::text = '[jp]'::text)"}, {"Node Type": "Index Scan", "Parent Relationship": "Inner", "Scan Direction": "Forward", "Index Name": "company_id_movie_companies", "Relation Name": "movie_companies", "Alias": "mc", "Startup Cost": 0.0, "Total Cost": 11.36, "Plan Rows": 1, "Plan Width": 8, "Index Cond": "(company_id = cn.id)", "Filter": "(((note)::text ~~ '%(Japan)%'::text) AND ((note)::text !~~ '%(USA)%'::text) AND (((note)::text ~~ '%(2006)%'::text) OR ((note)::text ~~ '%(2007)%'::text)))"}]}, {"Node Type": "Index Scan", "Parent Relationship": "Inner", "Scan Direction": "Forward", "Index Name": "title_pkey", "Relation Name": "title", "Alias": "t", "Startup Cost": 0.0, "Total Cost": 7.86, "Plan Rows": 1, "Plan Width": 21, "Index Cond": "(id = mc.movie_id)", "Filter": "((production_year >= 2006) AND (production_year <= 2007) AND (((title)::text ~~ 'One Piece%'::text) OR ((title)::text ~~ 'Dragon Ball Z%'::text)))"}]}, {"Node Type": "Index Scan", "Parent Relationship": "Inner", "Scan Direction": "Forward", "Index Name": "movie_id_cast_info", "Relation Name": "cast_info", "Alias": "ci", "Startup Cost": 0.0, "Total Cost": 27.88, "Plan Rows": 1, "Plan Width": 12, "Index Cond": "(movie_id = mc.movie_id)", "Filter": "((note)::text = '(voice: English version)'::text)"}]}, {"Node Type": "Index Scan", "Parent Relationship": "Inner", "Scan Direction": "Forward", "Index Name": "person_id_aka_name", "Relation Name": "aka_name", "Alias": "an", "Startup Cost": 0.0, "Total Cost": 0.84, "Plan Rows": 1, "Plan Width": 20, "Index Cond": "(person_id = ci.person_id)"}]}, {"Node Type": "Index Scan", "Parent Relationship": "Inner", "Scan Direction": "Forward", "Index Name": "name_pkey", "Relation Name": "name", "Alias": "n", "Startup Cost": 0.0, "Total Cost": 0.57, "Plan Rows": 1, "Plan Width": 4, "Index Cond": "(id = an.person_id)", "Filter": "(((name)::text ~~ '%Yo%'::text) AND ((name)::text !~~ '%Yu%'::text))"}]}, {"Node Type": "Index Scan", "Parent Relationship": "Inner", "Scan Direction": "Forward", "Index Name": "role_type_pkey", "Relation Name": "role_type", "Alias": "rt", "Startup Cost": 0.0, "Total Cost": 0.27, "Plan Rows": 1, "Plan Width": 4, "Index Cond": "(id = ci.role_id)", "Filter": "((role)::text = 'actress'::text)"}]}]}, "Unique SQL Id": 3956435728, "Planner Runtime": 7}, "explain_analyze_plan": {"Plan": {"Node Type": "Aggregate", "Strategy": "Plain", "Startup Cost": 84111.26, "Total Cost": 84111.27, "Plan Rows": 1, "Plan Width": 97, "Actual Startup Time": 508.933, "Actual Total Time": 508.933, "Actual Rows": 1, "Actual Loops": 1, "Plans": [{"Node Type": "Nested Loop", "Parent Relationship": "Outer", "Join Type": "Inner", "Startup Cost": 0.0, "Total Cost": 84111.26, "Plan Rows": 1, "Plan Width": 33, "Actual Startup Time": 43.321, "Actual Total Time": 508.871, "Actual Rows": 6, "Actual Loops": 1, "Inner Unique": true, "Plans": [{"Node Type": "Nested Loop", "Parent Relationship": "Outer", "Join Type": "Inner", "Startup Cost": 0.0, "Total Cost": 84110.97, "Plan Rows": 1, "Plan Width": 37, "Actual Startup Time": 43.31, "Actual Total Time": 508.838, "Actual Rows": 6, "Actual Loops": 1, "Inner Unique": true, "Plans": [{"Node Type": "Nested Loop", "Parent Relationship": "Outer", "Join Type": "Inner", "Startup Cost": 0.0, "Total Cost": 84110.39, "Plan Rows": 1, "Plan Width": 45, "Actual Startup Time": 42.486, "Actual Total Time": 507.995, "Actual Rows": 171, "Actual Loops": 1, "Inner Unique": false, "Plans": [{"Node Type": "Nested Loop", "Parent Relationship": "Outer", "Join Type": "Inner", "Startup Cost": 0.0, "Total Cost": 84109.54, "Plan Rows": 1, "Plan Width": 25, "Actual Startup Time": 42.471, "Actual Total Time": 507.321, "Actual Rows": 104, "Actual Loops": 1, "Inner Unique": false, "Join Filter": "(t.id = ci.movie_id)", "Rows Removed by Join Filter": 0, "Plans": [{"Node Type": "Nested Loop", "Parent Relationship": "Outer", "Join Type": "Inner", "Startup Cost": 0.0, "Total Cost": 84053.76, "Plan Rows": 2, "Plan Width": 25, "Actual Startup Time": 42.377, "Actual Total Time": 506.931, "Actual Rows": 4, "Actual Loops": 1, "Inner Unique": true, "Plans": [{"Node Type": "Nested Loop", "Parent Relationship": "Outer", "Join Type": "Inner", "Startup Cost": 0.0, "Total Cost": 81991.53, "Plan Rows": 262, "Plan Width": 4, "Actual Startup Time": 0.202, "Actual Total Time": 458.712, "Actual Rows": 8495, "Actual Loops": 1, "Inner Unique": false, "Plans": [{"Node Type": "Index Scan", "Parent Relationship": "Outer", "Scan Direction": "Forward", "Index Name": "company_name_pkey", "Relation Name": "company_name", "Alias": "cn", "Startup Cost": 0.0, "Total Cost": 10501.39, "Plan Rows": 6290, "Plan Width": 4, "Actual Startup Time": 0.167, "Actual Total Time": 270.605, "Actual Rows": 6752, "Actual Loops": 1, "Filter": "((country_code)::text = '[jp]'::text)", "Rows Removed by Filter": 228244}, {"Node Type": "Index Scan", "Parent Relationship": "Inner", "Scan Direction": "Forward", "Index Name": "company_id_movie_companies", "Relation Name": "movie_companies", "Alias": "mc", "Startup Cost": 0.0, "Total Cost": 11.36, "Plan Rows": 1, "Plan Width": 8, "Actual Startup Time": 82.862, "Actual Total Time": 182.042, "Actual Rows": 8495, "Actual Loops": 6752, "Index Cond": "(company_id = cn.id)", "Rows Removed by Index Recheck": 0, "Filter": "(((note)::text ~~ '%(Japan)%'::text) AND ((note)::text !~~ '%(USA)%'::text) AND (((note)::text ~~ '%(2006)%'::text) OR ((note)::text ~~ '%(2007)%'::text)))", "Rows Removed by Filter": 96500}]}, {"Node Type": "Index Scan", "Parent Relationship": "Inner", "Scan Direction": "Forward", "Index Name": "title_pkey", "Relation Name": "title", "Alias": "t", "Startup Cost": 0.0, "Total Cost": 7.86, "Plan Rows": 1, "Plan Width": 21, "Actual Startup Time": 43.82, "Actual Total Time": 43.82, "Actual Rows": 4, "Actual Loops": 8495, "Index Cond": "(id = mc.movie_id)", "Rows Removed by Index Recheck": 0, "Filter": "((production_year >= 2006) AND (production_year <= 2007) AND (((title)::text ~~ 'One Piece%'::text) OR ((title)::text ~~ 'Dragon Ball Z%'::text)))", "Rows Removed by Filter": 8491}]}, {"Node Type": "Index Scan", "Parent Relationship": "Inner", "Scan Direction": "Forward", "Index Name": "movie_id_cast_info", "Relation Name": "cast_info", "Alias": "ci", "Startup Cost": 0.0, "Total Cost": 27.88, "Plan Rows": 1, "Plan Width": 12, "Actual Startup Time": 0.107, "Actual Total Time": 0.315, "Actual Rows": 104, "Actual Loops": 4, "Index Cond": "(movie_id = mc.movie_id)", "Rows Removed by Index Recheck": 0, "Filter": "((note)::text = '(voice: English version)'::text)", "Rows Removed by Filter": 68}]}, {"Node Type": "Index Scan", "Parent Relationship": "Inner", "Scan Direction": "Forward", "Index Name": "person_id_aka_name", "Relation Name": "aka_name", "Alias": "an", "Startup Cost": 0.0, "Total Cost": 0.84, "Plan Rows": 1, "Plan Width": 20, "Actual Startup Time": 0.474, "Actual Total Time": 0.579, "Actual Rows": 171, "Actual Loops": 104, "Index Cond": "(person_id = ci.person_id)", "Rows Removed by Index Recheck": 0}]}, {"Node Type": "Index Scan", "Parent Relationship": "Inner", "Scan Direction": "Forward", "Index Name": "name_pkey", "Relation Name": "name", "Alias": "n", "Startup Cost": 0.0, "Total Cost": 0.57, "Plan Rows": 1, "Plan Width": 4, "Actual Startup Time": 0.754, "Actual Total Time": 0.754, "Actual Rows": 6, "Actual Loops": 171, "Index Cond": "(id = an.person_id)", "Rows Removed by Index Recheck": 0, "Filter": "(((name)::text ~~ '%Yo%'::text) AND ((name)::text !~~ '%Yu%'::text))", "Rows Removed by Filter": 165}]}, {"Node Type": "Index Scan", "Parent Relationship": "Inner", "Scan Direction": "Forward", "Index Name": "role_type_pkey", "Relation Name": "role_type", "Alias": "rt", "Startup Cost": 0.0, "Total Cost": 0.27, "Plan Rows": 1, "Plan Width": 4, "Actual Startup Time": 0.021, "Actual Total Time": 0.021, "Actual Rows": 6, "Actual Loops": 6, "Index Cond": "(id = ci.role_id)", "Rows Removed by Index Recheck": 0, "Filter": "((role)::text = 'actress'::text)", "Rows Removed by Filter": 0}]}]}, "Triggers": [], "Planner Runtime": 28.465, "Total Runtime": 509.196, "Unique SQL Id": 3956435728}}, "(64, '58')": {"explain_plan": {"Plan": {"Node Type": "Aggregate", "Strategy": "Plain", "Startup Cost": 309181.44, "Total Cost": 309181.45, "Plan Rows": 1, "Plan Width": 97, "Plans": [{"Node Type": "Nested Loop", "Parent Relationship": "Outer", "Join Type": "Inner", "Startup Cost": 3369.54, "Total Cost": 309181.44, "Plan Rows": 1, "Plan Width": 33, "Inner Unique": true, "Join Filter": "(an.person_id = n.id)", "Plans": [{"Node Type": "Nested Loop", "Parent Relationship": "Outer", "Join Type": "Inner", "Startup Cost": 3369.54, "Total Cost": 243941.56, "Plan Rows": 1, "Plan Width": 41, "Inner Unique": true, "Join Filter": "(mc.company_id = cn.id)", "Plans": [{"Node Type": "Nested Loop", "Parent Relationship": "Outer", "Join Type": "Inner", "Startup Cost": 3369.54, "Total Cost": 237959.49, "Plan Rows": 1, "Plan Width": 45, "Inner Unique": false, "Join Filter": "(ci.person_id = an.person_id)", "Plans": [{"Node Type": "Nested Loop", "Parent Relationship": "Outer", "Join Type": "Inner", "Startup Cost": 3369.54, "Total Cost": 206784.29, "Plan Rows": 1, "Plan Width": 25, "Inner Unique": false, "Join Filter": "(ci.movie_id = t.id)", "Plans": [{"Node Type": "Nested Loop", "Parent Relationship": "Outer", "Join Type": "Inner", "Startup Cost": 0.0, "Total Cost": 77025.27, "Plan Rows": 8790, "Plan Width": 8, "Inner Unique": false, "Join Filter": "(ci.role_id = rt.id)", "Plans": [{"Node Type": "Seq Scan", "Parent Relationship": "Outer", "Relation Name": "role_type", "Alias": "rt", "Startup Cost": 0.0, "Total Cost": 1.15, "Plan Rows": 1, "Plan Width": 4, "Filter": "((role)::text = 'actress'::text)"}, {"Node Type": "Materialize", "Parent Relationship": "Inner", "Startup Cost": 0.0, "Total Cost": 76057.2, "Plan Rows": 96692, "Plan Width": 12, "Plans": [{"Node Type": "Streaming(type: LOCAL GATHER dop: 1/64)", "Parent Relationship": "Outer", "Startup Cost": 0.0, "Total Cost": 75815.47, "Plan Rows": 96692, "Plan Width": 12, "Plans": [{"Node Type": "Seq Scan", "Parent Relationship": "Outer", "Relation Name": "cast_info", "Alias": "ci", "Startup Cost": 0.0, "Total Cost": 73820.73, "Plan Rows": 96692, "Plan Width": 12, "Filter": "((note)::text = '(voice: English version)'::text)"}]}]}]}, {"Node Type": "Materialize", "Parent Relationship": "Inner", "Startup Cost": 3369.54, "Total Cost": 129495.32, "Plan Rows": 2, "Plan Width": 29, "Plans": [{"Node Type": "Nested Loop", "Parent Relationship": "Outer", "Join Type": "Inner", "Startup Cost": 3369.54, "Total Cost": 129495.31, "Plan Rows": 2, "Plan Width": 29, "Inner Unique": true, "Join Filter": "(mc.movie_id = t.id)", "Plans": [{"Node Type": "Streaming(type: LOCAL GATHER dop: 1/64)", "Parent Relationship": "Outer", "Startup Cost": 0.0, "Total Cost": 64095.15, "Plan Rows": 1652, "Plan Width": 8, "Plans": [{"Node Type": "Seq Scan", "Parent Relationship": "Outer", "Relation Name": "movie_companies", "Alias": "mc", "Startup Cost": 0.0, "Total Cost": 64061.07, "Plan Rows": 1652, "Plan Width": 8, "Filter": "(((note)::text ~~ '%(Japan)%'::text) AND ((note)::text !~~ '%(USA)%'::text) AND (((note)::text ~~ '%(2006)%'::text) OR ((note)::text ~~ '%(2007)%'::text)))"}]}, {"Node Type": "Materialize", "Parent Relationship": "Inner", "Startup Cost": 3369.54, "Total Cost": 64334.73, "Plan Rows": 43, "Plan Width": 21, "Plans": [{"Node Type": "Streaming(type: LOCAL GATHER dop: 1/64)", "Parent Relationship": "Outer", "Startup Cost": 3369.54, "Total Cost": 64334.52, "Plan Rows": 43, "Plan Width": 21, "Plans": [{"Node Type": "Seq Scan", "Parent Relationship": "Outer", "Relation Name": "title", "Alias": "t", "Startup Cost": 3369.54, "Total Cost": 64333.63, "Plan Rows": 43, "Plan Width": 21, "Filter": "((production_year >= 2006) AND (production_year <= 2007) AND (((title)::text ~~ 'One Piece%'::text) OR ((title)::text ~~ 'Dragon Ball Z%'::text)))"}]}]}]}]}]}, {"Node Type": "Seq Scan", "Parent Relationship": "Inner", "Relation Name": "aka_name", "Alias": "an", "Startup Cost": 0.0, "Total Cost": 19908.42, "Plan Rows": 901342, "Plan Width": 20}]}, {"Node Type": "Seq Scan", "Parent Relationship": "Inner", "Relation Name": "company_name", "Alias": "cn", "Startup Cost": 0.0, "Total Cost": 5903.45, "Plan Rows": 6290, "Plan Width": 4, "Filter": "((country_code)::text = '[jp]'::text)"}]}, {"Node Type": "Materialize", "Parent Relationship": "Inner", "Startup Cost": 0.0, "Total Cost": 65101.02, "Plan Rows": 13886, "Plan Width": 4, "Plans": [{"Node Type": "Streaming(type: LOCAL GATHER dop: 1/64)", "Parent Relationship": "Outer", "Startup Cost": 0.0, "Total Cost": 65066.3, "Plan Rows": 13886, "Plan Width": 4, "Plans": [{"Node Type": "Seq Scan", "Parent Relationship": "Outer", "Relation Name": "name", "Alias": "n", "Startup Cost": 0.0, "Total Cost": 64779.83, "Plan Rows": 13886, "Plan Width": 4, "Filter": "(((name)::text ~~ '%Yo%'::text) AND ((name)::text !~~ '%Yu%'::text))"}]}]}]}]}, "Unique SQL Id": 3956435728, "Planner Runtime": 15}, "explain_analyze_plan": null}, "(64, '59')": {"explain_plan": {"Plan": {"Node Type": "Aggregate", "Strategy": "Plain", "Startup Cost": 7000171740968.88, "Total Cost": 7000171740968.89, "Plan Rows": 1, "Plan Width": 97, "Plans": [{"Node Type": "Nested Loop", "Parent Relationship": "Outer", "Join Type": "Inner", "Startup Cost": 70000000000.0, "Total Cost": 7000171740968.87, "Plan Rows": 1, "Plan Width": 33, "Inner Unique": true, "Join Filter": "(ci.role_id = rt.id)", "Plans": [{"Node Type": "Nested Loop", "Parent Relationship": "Outer", "Join Type": "Inner", "Startup Cost": 60000000000.0, "Total Cost": 6000171739722.86, "Plan Rows": 1, "Plan Width": 37, "Inner Unique": true, "Plans": [{"Node Type": "Nested Loop", "Parent Relationship": "Outer", "Join Type": "Inner", "Startup Cost": 50000000000.0, "Total Cost": 5000171739665.63, "Plan Rows": 1, "Plan Width": 45, "Inner Unique": true, "Plans": [{"Node Type": "Nested Loop", "Parent Relationship": "Outer", "Join Type": "Inner", "Startup Cost": 40000000000.0, "Total Cost": 4000171739228.2, "Plan Rows": 1, "Plan Width": 49, "Inner Unique": false, "Plans": [{"Node Type": "Nested Loop", "Parent Relationship": "Outer", "Join Type": "Inner", "Startup Cost": 30000000000.0, "Total Cost": 3000171739143.81, "Plan Rows": 1, "Plan Width": 29, "Inner Unique": false, "Join Filter": "(t.id = ci.movie_id)", "Plans": [{"Node Type": "Index Scan", "Parent Relationship": "Outer", "Scan Direction": "Forward", "Index Name": "role_id_cast_info", "Relation Name": "cast_info", "Alias": "ci", "Startup Cost": 10000000000.0, "Total Cost": 1000143218339.5, "Plan Rows": 96692, "Plan Width": 12, "Filter": "((note)::text = '(voice: English version)'::text)"}, {"Node Type": "Materialize", "Parent Relationship": "Inner", "Startup Cost": 20000000000.0, "Total Cost": 2000028517903.55, "Plan Rows": 2, "Plan Width": 29, "Plans": [{"Node Type": "Nested Loop", "Parent Relationship": "Outer", "Join Type": "Inner", "Startup Cost": 20000000000.0, "Total Cost": 2000028517903.54, "Plan Rows": 2, "Plan Width": 29, "Inner Unique": true, "Join Filter": "(mc.movie_id = t.id)", "Plans": [{"Node Type": "Index Scan", "Parent Relationship": "Outer", "Scan Direction": "Forward", "Index Name": "company_id_movie_companies", "Relation Name": "movie_companies", "Alias": "mc", "Startup Cost": 10000000000.0, "Total Cost": 1000014976477.98, "Plan Rows": 1652, "Plan Width": 8, "Filter": "(((note)::text ~~ '%(Japan)%'::text) AND ((note)::text !~~ '%(USA)%'::text) AND (((note)::text ~~ '%(2006)%'::text) OR ((note)::text ~~ '%(2007)%'::text)))"}, {"Node Type": "Materialize", "Parent Relationship": "Inner", "Startup Cost": 10000000000.0, "Total Cost": 1000013540360.13, "Plan Rows": 43, "Plan Width": 21, "Plans": [{"Node Type": "Index Scan", "Parent Relationship": "Outer", "Scan Direction": "Forward", "Index Name": "title_pkey", "Relation Name": "title", "Alias": "t", "Startup Cost": 10000000000.0, "Total Cost": 1000013540359.91, "Plan Rows": 43, "Plan Width": 21, "Filter": "((production_year >= 2006) AND (production_year <= 2007) AND (((title)::text ~~ 'One Piece%'::text) OR ((title)::text ~~ 'Dragon Ball Z%'::text)))"}]}]}]}]}, {"Node Type": "Index Scan", "Parent Relationship": "Inner", "Scan Direction": "Forward", "Index Name": "person_id_aka_name", "Relation Name": "aka_name", "Alias": "an", "Startup Cost": 10000000000.0, "Total Cost": 1000000000084.38, "Plan Rows": 1, "Plan Width": 20, "Index Cond": "(person_id = ci.person_id)"}]}, {"Node Type": "Index Scan", "Parent Relationship": "Inner", "Scan Direction": "Forward", "Index Name": "company_name_pkey", "Relation Name": "company_name", "Alias": "cn", "Startup Cost": 10000000000.0, "Total Cost": 1000000000437.42, "Plan Rows": 1, "Plan Width": 4, "Index Cond": "(id = mc.company_id)", "Filter": "((country_code)::text = '[jp]'::text)"}]}, {"Node Type": "Index Scan", "Parent Relationship": "Inner", "Scan Direction": "Forward", "Index Name": "name_pkey", "Relation Name": "name", "Alias": "n", "Startup Cost": 10000000000.0, "Total Cost": 1000000000057.22, "Plan Rows": 1, "Plan Width": 4, "Index Cond": "(id = an.person_id)", "Filter": "(((name)::text ~~ '%Yo%'::text) AND ((name)::text !~~ '%Yu%'::text))"}]}, {"Node Type": "Index Scan", "Parent Relationship": "Inner", "Scan Direction": "Forward", "Index Name": "role_type_pkey", "Relation Name": "role_type", "Alias": "rt", "Startup Cost": 10000000000.0, "Total Cost": 1000000001246.0, "Plan Rows": 1, "Plan Width": 4, "Filter": "((role)::text = 'actress'::text)"}]}]}, "Unique SQL Id": 3956435728, "Planner Runtime": 8}, "explain_analyze_plan": null}, "(64, '60')": {"explain_plan": {"Plan": {"Node Type": "Aggregate", "Strategy": "Plain", "Startup Cost": 64890.38, "Total Cost": 64890.39, "Plan Rows": 1, "Plan Width": 97, "Plans": [{"Node Type": "Nested Loop", "Parent Relationship": "Outer", "Join Type": "Inner", "Startup Cost": 3369.54, "Total Cost": 64890.38, "Plan Rows": 1, "Plan Width": 33, "Inner Unique": true, "Plans": [{"Node Type": "Nested Loop", "Parent Relationship": "Outer", "Join Type": "Inner", "Startup Cost": 3369.54, "Total Cost": 64890.09, "Plan Rows": 1, "Plan Width": 37, "Inner Unique": true, "Plans": [{"Node Type": "Nested Loop", "Parent Relationship": "Outer", "Join Type": "Inner", "Startup Cost": 3369.54, "Total Cost": 64889.51, "Plan Rows": 1, "Plan Width": 45, "Inner Unique": true, "Plans": [{"Node Type": "Nested Loop", "Parent Relationship": "Outer", "Join Type": "Inner", "Startup Cost": 3369.54, "Total Cost": 64885.13, "Plan Rows": 1, "Plan Width": 49, "Inner Unique": false, "Plans": [{"Node Type": "Nested Loop", "Parent Relationship": "Outer", "Join Type": "Inner", "Startup Cost": 3369.54, "Total Cost": 64884.27, "Plan Rows": 1, "Plan Width": 29, "Inner Unique": false, "Join Filter": "(t.id = ci.movie_id)", "Plans": [{"Node Type": "Nested Loop", "Parent Relationship": "Outer", "Join Type": "Inner", "Startup Cost": 3369.54, "Total Cost": 64828.49, "Plan Rows": 2, "Plan Width": 29, "Inner Unique": false, "Plans": [{"Node Type": "Streaming(type: LOCAL GATHER dop: 1/64)", "Parent Relationship": "Outer", "Startup Cost": 3369.54, "Total Cost": 64334.52, "Plan Rows": 43, "Plan Width": 21, "Plans": [{"Node Type": "Seq Scan", "Parent Relationship": "Outer", "Relation Name": "title", "Alias": "t", "Startup Cost": 3369.54, "Total Cost": 64333.63, "Plan Rows": 43, "Plan Width": 21, "Filter": "((production_year >= 2006) AND (production_year <= 2007) AND (((title)::text ~~ 'One Piece%'::text) OR ((title)::text ~~ 'Dragon Ball Z%'::text)))"}]}, {"Node Type": "Index Scan", "Parent Relationship": "Inner", "Scan Direction": "Forward", "Index Name": "movie_id_movie_companies", "Relation Name": "movie_companies", "Alias": "mc", "Startup Cost": 0.0, "Total Cost": 11.48, "Plan Rows": 1, "Plan Width": 8, "Index Cond": "(movie_id = t.id)", "Filter": "(((note)::text ~~ '%(Japan)%'::text) AND ((note)::text !~~ '%(USA)%'::text) AND (((note)::text ~~ '%(2006)%'::text) OR ((note)::text ~~ '%(2007)%'::text)))"}]}, {"Node Type": "Index Scan", "Parent Relationship": "Inner", "Scan Direction": "Forward", "Index Name": "movie_id_cast_info", "Relation Name": "cast_info", "Alias": "ci", "Startup Cost": 0.0, "Total Cost": 27.88, "Plan Rows": 1, "Plan Width": 12, "Index Cond": "(movie_id = mc.movie_id)", "Filter": "((note)::text = '(voice: English version)'::text)"}]}, {"Node Type": "Index Scan", "Parent Relationship": "Inner", "Scan Direction": "Forward", "Index Name": "person_id_aka_name", "Relation Name": "aka_name", "Alias": "an", "Startup Cost": 0.0, "Total Cost": 0.84, "Plan Rows": 1, "Plan Width": 20, "Index Cond": "(person_id = ci.person_id)"}]}, {"Node Type": "Index Scan", "Parent Relationship": "Inner", "Scan Direction": "Forward", "Index Name": "company_name_pkey", "Relation Name": "company_name", "Alias": "cn", "Startup Cost": 0.0, "Total Cost": 4.37, "Plan Rows": 1, "Plan Width": 4, "Index Cond": "(id = mc.company_id)", "Filter": "((country_code)::text = '[jp]'::text)"}]}, {"Node Type": "Index Scan", "Parent Relationship": "Inner", "Scan Direction": "Forward", "Index Name": "name_pkey", "Relation Name": "name", "Alias": "n", "Startup Cost": 0.0, "Total Cost": 0.57, "Plan Rows": 1, "Plan Width": 4, "Index Cond": "(id = an.person_id)", "Filter": "(((name)::text ~~ '%Yo%'::text) AND ((name)::text !~~ '%Yu%'::text))"}]}, {"Node Type": "Index Scan", "Parent Relationship": "Inner", "Scan Direction": "Forward", "Index Name": "role_type_pkey", "Relation Name": "role_type", "Alias": "rt", "Startup Cost": 0.0, "Total Cost": 0.27, "Plan Rows": 1, "Plan Width": 4, "Index Cond": "(id = ci.role_id)", "Filter": "((role)::text = 'actress'::text)"}]}]}, "Unique SQL Id": 3956435728, "Planner Runtime": 10}, "explain_analyze_plan": {"Plan": {"Node Type": "Aggregate", "Strategy": "Plain", "Startup Cost": 64890.38, "Total Cost": 64890.39, "Plan Rows": 1, "Plan Width": 97, "Actual Min Startup Time": 129.95, "Actual Max Startup Time": 129.95, "Actual Min Total Time": 129.951, "Actual Max Total Time": 129.951, "Plans": [{"Node Type": "Nested Loop", "Parent Relationship": "Outer", "Join Type": "Inner", "Startup Cost": 3369.54, "Total Cost": 64890.38, "Plan Rows": 1, "Plan Width": 33, "Actual Min Startup Time": 82.756, "Actual Max Startup Time": 82.756, "Actual Min Total Time": 129.873, "Actual Max Total Time": 129.873, "Inner Unique": true, "Plans": [{"Node Type": "Nested Loop", "Parent Relationship": "Outer", "Join Type": "Inner", "Startup Cost": 3369.54, "Total Cost": 64890.09, "Plan Rows": 1, "Plan Width": 37, "Actual Min Startup Time": 82.738, "Actual Max Startup Time": 82.738, "Actual Min Total Time": 129.822, "Actual Max Total Time": 129.822, "Inner Unique": true, "Plans": [{"Node Type": "Nested Loop", "Parent Relationship": "Outer", "Join Type": "Inner", "Startup Cost": 3369.54, "Total Cost": 64889.51, "Plan Rows": 1, "Plan Width": 45, "Actual Min Startup Time": 81.529, "Actual Max Startup Time": 81.529, "Actual Min Total Time": 128.829, "Actual Max Total Time": 128.829, "Inner Unique": true, "Plans": [{"Node Type": "Nested Loop", "Parent Relationship": "Outer", "Join Type": "Inner", "Startup Cost": 3369.54, "Total Cost": 64885.13, "Plan Rows": 1, "Plan Width": 49, "Actual Min Startup Time": 81.496, "Actual Max Startup Time": 81.496, "Actual Min Total Time": 128.07, "Actual Max Total Time": 128.07, "Inner Unique": false, "Plans": [{"Node Type": "Nested Loop", "Parent Relationship": "Outer", "Join Type": "Inner", "Startup Cost": 3369.54, "Total Cost": 64884.27, "Plan Rows": 1, "Plan Width": 29, "Actual Min Startup Time": 81.476, "Actual Max Startup Time": 81.476, "Actual Min Total Time": 127.263, "Actual Max Total Time": 127.263, "Inner Unique": false, "Join Filter": "(t.id = ci.movie_id)", "Rows Removed by Join Filter": 0, "Plans": [{"Node Type": "Nested Loop", "Parent Relationship": "Outer", "Join Type": "Inner", "Startup Cost": 3369.54, "Total Cost": 64828.49, "Plan Rows": 2, "Plan Width": 29, "Actual Min Startup Time": 81.441, "Actual Max Startup Time": 81.441, "Actual Min Total Time": 126.75, "Actual Max Total Time": 126.75, "Inner Unique": false, "Plans": [{"Node Type": "Streaming(type: LOCAL GATHER dop: 1/64)", "Parent Relationship": "Outer", "Startup Cost": 3369.54, "Total Cost": 64334.52, "Plan Rows": 43, "Plan Width": 21, "Actual Min Startup Time": 81.336, "Actual Max Startup Time": 81.336, "Actual Min Total Time": 126.394, "Actual Max Total Time": 126.394, "Plans": [{"Node Type": "Seq Scan", "Parent Relationship": "Outer", "Relation Name": "title", "Alias": "t", "Startup Cost": 3369.54, "Total Cost": 64333.63, "Plan Rows": 43, "Plan Width": 21, "Actual Min Startup Time": 11.827, "Actual Max Startup Time": 38.588, "Actual Min Total Time": 14.967, "Actual Max Total Time": 38.588, "Filter": "((production_year >= 2006) AND (production_year <= 2007) AND (((title)::text ~~ 'One Piece%'::text) OR ((title)::text ~~ 'Dragon Ball Z%'::text)))", "Rows Removed by Filter": 2528304, "Actual Rows": 7}], "Actual Rows": 7}, {"Node Type": "Index Scan", "Parent Relationship": "Inner", "Scan Direction": "Forward", "Index Name": "movie_id_movie_companies", "Relation Name": "movie_companies", "Alias": "mc", "Startup Cost": 0.0, "Total Cost": 11.48, "Plan Rows": 1, "Plan Width": 8, "Actual Min Startup Time": 0.272, "Actual Max Startup Time": 0.272, "Actual Min Total Time": 0.284, "Actual Max Total Time": 0.284, "Index Cond": "(movie_id = t.id)", "Rows Removed by Index Recheck": 0, "Filter": "(((note)::text ~~ '%(Japan)%'::text) AND ((note)::text !~~ '%(USA)%'::text) AND (((note)::text ~~ '%(2006)%'::text) OR ((note)::text ~~ '%(2007)%'::text)))", "Rows Removed by Filter": 13, "Actual Rows": 4}], "Actual Rows": 4}, {"Node Type": "Index Scan", "Parent Relationship": "Inner", "Scan Direction": "Forward", "Index Name": "movie_id_cast_info", "Relation Name": "cast_info", "Alias": "ci", "Startup Cost": 0.0, "Total Cost": 27.88, "Plan Rows": 1, "Plan Width": 12, "Actual Min Startup Time": 0.149, "Actual Max Startup Time": 0.149, "Actual Min Total Time": 0.418, "Actual Max Total Time": 0.418, "Index Cond": "(movie_id = mc.movie_id)", "Rows Removed by Index Recheck": 0, "Filter": "((note)::text = '(voice: English version)'::text)", "Rows Removed by Filter": 68, "Actual Rows": 104}], "Actual Rows": 104}, {"Node Type": "Index Scan", "Parent Relationship": "Inner", "Scan Direction": "Forward", "Index Name": "person_id_aka_name", "Relation Name": "aka_name", "Alias": "an", "Startup Cost": 0.0, "Total Cost": 0.84, "Plan Rows": 1, "Plan Width": 20, "Actual Min Startup Time": 0.573, "Actual Max Startup Time": 0.573, "Actual Min Total Time": 0.686, "Actual Max Total Time": 0.686, "Index Cond": "(person_id = ci.person_id)", "Rows Removed by Index Recheck": 0, "Actual Rows": 171}], "Actual Rows": 171}, {"Node Type": "Index Scan", "Parent Relationship": "Inner", "Scan Direction": "Forward", "Index Name": "company_name_pkey", "Relation Name": "company_name", "Alias": "cn", "Startup Cost": 0.0, "Total Cost": 4.37, "Plan Rows": 1, "Plan Width": 4, "Actual Min Startup Time": 0.589, "Actual Max Startup Time": 0.589, "Actual Min Total Time": 0.589, "Actual Max Total Time": 0.589, "Index Cond": "(id = mc.company_id)", "Rows Removed by Index Recheck": 0, "Filter": "((country_code)::text = '[jp]'::text)", "Rows Removed by Filter": 0, "Actual Rows": 171}], "Actual Rows": 171}, {"Node Type": "Index Scan", "Parent Relationship": "Inner", "Scan Direction": "Forward", "Index Name": "name_pkey", "Relation Name": "name", "Alias": "n", "Startup Cost": 0.0, "Total Cost": 0.57, "Plan Rows": 1, "Plan Width": 4, "Actual Min Startup Time": 0.882, "Actual Max Startup Time": 0.882, "Actual Min Total Time": 0.882, "Actual Max Total Time": 0.882, "Index Cond": "(id = an.person_id)", "Rows Removed by Index Recheck": 0, "Filter": "(((name)::text ~~ '%Yo%'::text) AND ((name)::text !~~ '%Yu%'::text))", "Rows Removed by Filter": 165, "Actual Rows": 6}], "Actual Rows": 6}, {"Node Type": "Index Scan", "Parent Relationship": "Inner", "Scan Direction": "Forward", "Index Name": "role_type_pkey", "Relation Name": "role_type", "Alias": "rt", "Startup Cost": 0.0, "Total Cost": 0.27, "Plan Rows": 1, "Plan Width": 4, "Actual Min Startup Time": 0.03, "Actual Max Startup Time": 0.03, "Actual Min Total Time": 0.03, "Actual Max Total Time": 0.03, "Index Cond": "(id = ci.role_id)", "Rows Removed by Index Recheck": 0, "Filter": "((role)::text = 'actress'::text)", "Rows Removed by Filter": 0, "Actual Rows": 6}], "Actual Rows": 6}], "Actual Rows": 1}, "Triggers": [], "Planner Runtime": 31.722, "Total Runtime": 142.327, "Unique SQL Id": 3956435728}}, "(64, '61')": {"explain_plan": {"Plan": {"Node Type": "Aggregate", "Strategy": "Plain", "Startup Cost": 84111.26, "Total Cost": 84111.27, "Plan Rows": 1, "Plan Width": 97, "Plans": [{"Node Type": "Nested Loop", "Parent Relationship": "Outer", "Join Type": "Inner", "Startup Cost": 0.0, "Total Cost": 84111.26, "Plan Rows": 1, "Plan Width": 33, "Inner Unique": true, "Plans": [{"Node Type": "Nested Loop", "Parent Relationship": "Outer", "Join Type": "Inner", "Startup Cost": 0.0, "Total Cost": 84110.97, "Plan Rows": 1, "Plan Width": 37, "Inner Unique": true, "Plans": [{"Node Type": "Nested Loop", "Parent Relationship": "Outer", "Join Type": "Inner", "Startup Cost": 0.0, "Total Cost": 84110.39, "Plan Rows": 1, "Plan Width": 45, "Inner Unique": false, "Plans": [{"Node Type": "Nested Loop", "Parent Relationship": "Outer", "Join Type": "Inner", "Startup Cost": 0.0, "Total Cost": 84109.54, "Plan Rows": 1, "Plan Width": 25, "Inner Unique": false, "Join Filter": "(t.id = ci.movie_id)", "Plans": [{"Node Type": "Nested Loop", "Parent Relationship": "Outer", "Join Type": "Inner", "Startup Cost": 0.0, "Total Cost": 84053.76, "Plan Rows": 2, "Plan Width": 25, "Inner Unique": true, "Plans": [{"Node Type": "Nested Loop", "Parent Relationship": "Outer", "Join Type": "Inner", "Startup Cost": 0.0, "Total Cost": 81991.53, "Plan Rows": 262, "Plan Width": 4, "Inner Unique": false, "Plans": [{"Node Type": "Index Scan", "Parent Relationship": "Outer", "Scan Direction": "Forward", "Index Name": "company_name_pkey", "Relation Name": "company_name", "Alias": "cn", "Startup Cost": 0.0, "Total Cost": 10501.39, "Plan Rows": 6290, "Plan Width": 4, "Filter": "((country_code)::text = '[jp]'::text)"}, {"Node Type": "Index Scan", "Parent Relationship": "Inner", "Scan Direction": "Forward", "Index Name": "company_id_movie_companies", "Relation Name": "movie_companies", "Alias": "mc", "Startup Cost": 0.0, "Total Cost": 11.36, "Plan Rows": 1, "Plan Width": 8, "Index Cond": "(company_id = cn.id)", "Filter": "(((note)::text ~~ '%(Japan)%'::text) AND ((note)::text !~~ '%(USA)%'::text) AND (((note)::text ~~ '%(2006)%'::text) OR ((note)::text ~~ '%(2007)%'::text)))"}]}, {"Node Type": "Index Scan", "Parent Relationship": "Inner", "Scan Direction": "Forward", "Index Name": "title_pkey", "Relation Name": "title", "Alias": "t", "Startup Cost": 0.0, "Total Cost": 7.86, "Plan Rows": 1, "Plan Width": 21, "Index Cond": "(id = mc.movie_id)", "Filter": "((production_year >= 2006) AND (production_year <= 2007) AND (((title)::text ~~ 'One Piece%'::text) OR ((title)::text ~~ 'Dragon Ball Z%'::text)))"}]}, {"Node Type": "Index Scan", "Parent Relationship": "Inner", "Scan Direction": "Forward", "Index Name": "movie_id_cast_info", "Relation Name": "cast_info", "Alias": "ci", "Startup Cost": 0.0, "Total Cost": 27.88, "Plan Rows": 1, "Plan Width": 12, "Index Cond": "(movie_id = mc.movie_id)", "Filter": "((note)::text = '(voice: English version)'::text)"}]}, {"Node Type": "Index Scan", "Parent Relationship": "Inner", "Scan Direction": "Forward", "Index Name": "person_id_aka_name", "Relation Name": "aka_name", "Alias": "an", "Startup Cost": 0.0, "Total Cost": 0.84, "Plan Rows": 1, "Plan Width": 20, "Index Cond": "(person_id = ci.person_id)"}]}, {"Node Type": "Index Scan", "Parent Relationship": "Inner", "Scan Direction": "Forward", "Index Name": "name_pkey", "Relation Name": "name", "Alias": "n", "Startup Cost": 0.0, "Total Cost": 0.57, "Plan Rows": 1, "Plan Width": 4, "Index Cond": "(id = an.person_id)", "Filter": "(((name)::text ~~ '%Yo%'::text) AND ((name)::text !~~ '%Yu%'::text))"}]}, {"Node Type": "Index Scan", "Parent Relationship": "Inner", "Scan Direction": "Forward", "Index Name": "role_type_pkey", "Relation Name": "role_type", "Alias": "rt", "Startup Cost": 0.0, "Total Cost": 0.27, "Plan Rows": 1, "Plan Width": 4, "Index Cond": "(id = ci.role_id)", "Filter": "((role)::text = 'actress'::text)"}]}]}, "Unique SQL Id": 3956435728, "Planner Runtime": 7}, "explain_analyze_plan": {"Plan": {"Node Type": "Aggregate", "Strategy": "Plain", "Startup Cost": 84111.26, "Total Cost": 84111.27, "Plan Rows": 1, "Plan Width": 97, "Actual Startup Time": 508.933, "Actual Total Time": 508.933, "Actual Rows": 1, "Actual Loops": 1, "Plans": [{"Node Type": "Nested Loop", "Parent Relationship": "Outer", "Join Type": "Inner", "Startup Cost": 0.0, "Total Cost": 84111.26, "Plan Rows": 1, "Plan Width": 33, "Actual Startup Time": 43.321, "Actual Total Time": 508.871, "Actual Rows": 6, "Actual Loops": 1, "Inner Unique": true, "Plans": [{"Node Type": "Nested Loop", "Parent Relationship": "Outer", "Join Type": "Inner", "Startup Cost": 0.0, "Total Cost": 84110.97, "Plan Rows": 1, "Plan Width": 37, "Actual Startup Time": 43.31, "Actual Total Time": 508.838, "Actual Rows": 6, "Actual Loops": 1, "Inner Unique": true, "Plans": [{"Node Type": "Nested Loop", "Parent Relationship": "Outer", "Join Type": "Inner", "Startup Cost": 0.0, "Total Cost": 84110.39, "Plan Rows": 1, "Plan Width": 45, "Actual Startup Time": 42.486, "Actual Total Time": 507.995, "Actual Rows": 171, "Actual Loops": 1, "Inner Unique": false, "Plans": [{"Node Type": "Nested Loop", "Parent Relationship": "Outer", "Join Type": "Inner", "Startup Cost": 0.0, "Total Cost": 84109.54, "Plan Rows": 1, "Plan Width": 25, "Actual Startup Time": 42.471, "Actual Total Time": 507.321, "Actual Rows": 104, "Actual Loops": 1, "Inner Unique": false, "Join Filter": "(t.id = ci.movie_id)", "Rows Removed by Join Filter": 0, "Plans": [{"Node Type": "Nested Loop", "Parent Relationship": "Outer", "Join Type": "Inner", "Startup Cost": 0.0, "Total Cost": 84053.76, "Plan Rows": 2, "Plan Width": 25, "Actual Startup Time": 42.377, "Actual Total Time": 506.931, "Actual Rows": 4, "Actual Loops": 1, "Inner Unique": true, "Plans": [{"Node Type": "Nested Loop", "Parent Relationship": "Outer", "Join Type": "Inner", "Startup Cost": 0.0, "Total Cost": 81991.53, "Plan Rows": 262, "Plan Width": 4, "Actual Startup Time": 0.202, "Actual Total Time": 458.712, "Actual Rows": 8495, "Actual Loops": 1, "Inner Unique": false, "Plans": [{"Node Type": "Index Scan", "Parent Relationship": "Outer", "Scan Direction": "Forward", "Index Name": "company_name_pkey", "Relation Name": "company_name", "Alias": "cn", "Startup Cost": 0.0, "Total Cost": 10501.39, "Plan Rows": 6290, "Plan Width": 4, "Actual Startup Time": 0.167, "Actual Total Time": 270.605, "Actual Rows": 6752, "Actual Loops": 1, "Filter": "((country_code)::text = '[jp]'::text)", "Rows Removed by Filter": 228244}, {"Node Type": "Index Scan", "Parent Relationship": "Inner", "Scan Direction": "Forward", "Index Name": "company_id_movie_companies", "Relation Name": "movie_companies", "Alias": "mc", "Startup Cost": 0.0, "Total Cost": 11.36, "Plan Rows": 1, "Plan Width": 8, "Actual Startup Time": 82.862, "Actual Total Time": 182.042, "Actual Rows": 8495, "Actual Loops": 6752, "Index Cond": "(company_id = cn.id)", "Rows Removed by Index Recheck": 0, "Filter": "(((note)::text ~~ '%(Japan)%'::text) AND ((note)::text !~~ '%(USA)%'::text) AND (((note)::text ~~ '%(2006)%'::text) OR ((note)::text ~~ '%(2007)%'::text)))", "Rows Removed by Filter": 96500}]}, {"Node Type": "Index Scan", "Parent Relationship": "Inner", "Scan Direction": "Forward", "Index Name": "title_pkey", "Relation Name": "title", "Alias": "t", "Startup Cost": 0.0, "Total Cost": 7.86, "Plan Rows": 1, "Plan Width": 21, "Actual Startup Time": 43.82, "Actual Total Time": 43.82, "Actual Rows": 4, "Actual Loops": 8495, "Index Cond": "(id = mc.movie_id)", "Rows Removed by Index Recheck": 0, "Filter": "((production_year >= 2006) AND (production_year <= 2007) AND (((title)::text ~~ 'One Piece%'::text) OR ((title)::text ~~ 'Dragon Ball Z%'::text)))", "Rows Removed by Filter": 8491}]}, {"Node Type": "Index Scan", "Parent Relationship": "Inner", "Scan Direction": "Forward", "Index Name": "movie_id_cast_info", "Relation Name": "cast_info", "Alias": "ci", "Startup Cost": 0.0, "Total Cost": 27.88, "Plan Rows": 1, "Plan Width": 12, "Actual Startup Time": 0.107, "Actual Total Time": 0.315, "Actual Rows": 104, "Actual Loops": 4, "Index Cond": "(movie_id = mc.movie_id)", "Rows Removed by Index Recheck": 0, "Filter": "((note)::text = '(voice: English version)'::text)", "Rows Removed by Filter": 68}]}, {"Node Type": "Index Scan", "Parent Relationship": "Inner", "Scan Direction": "Forward", "Index Name": "person_id_aka_name", "Relation Name": "aka_name", "Alias": "an", "Startup Cost": 0.0, "Total Cost": 0.84, "Plan Rows": 1, "Plan Width": 20, "Actual Startup Time": 0.474, "Actual Total Time": 0.579, "Actual Rows": 171, "Actual Loops": 104, "Index Cond": "(person_id = ci.person_id)", "Rows Removed by Index Recheck": 0}]}, {"Node Type": "Index Scan", "Parent Relationship": "Inner", "Scan Direction": "Forward", "Index Name": "name_pkey", "Relation Name": "name", "Alias": "n", "Startup Cost": 0.0, "Total Cost": 0.57, "Plan Rows": 1, "Plan Width": 4, "Actual Startup Time": 0.754, "Actual Total Time": 0.754, "Actual Rows": 6, "Actual Loops": 171, "Index Cond": "(id = an.person_id)", "Rows Removed by Index Recheck": 0, "Filter": "(((name)::text ~~ '%Yo%'::text) AND ((name)::text !~~ '%Yu%'::text))", "Rows Removed by Filter": 165}]}, {"Node Type": "Index Scan", "Parent Relationship": "Inner", "Scan Direction": "Forward", "Index Name": "role_type_pkey", "Relation Name": "role_type", "Alias": "rt", "Startup Cost": 0.0, "Total Cost": 0.27, "Plan Rows": 1, "Plan Width": 4, "Actual Startup Time": 0.021, "Actual Total Time": 0.021, "Actual Rows": 6, "Actual Loops": 6, "Index Cond": "(id = ci.role_id)", "Rows Removed by Index Recheck": 0, "Filter": "((role)::text = 'actress'::text)", "Rows Removed by Filter": 0}]}]}, "Triggers": [], "Planner Runtime": 28.465, "Total Runtime": 509.196, "Unique SQL Id": 3956435728}}, "(64, '62')": {"explain_plan": {"Plan": {"Node Type": "Aggregate", "Strategy": "Plain", "Startup Cost": 309181.44, "Total Cost": 309181.45, "Plan Rows": 1, "Plan Width": 97, "Plans": [{"Node Type": "Nested Loop", "Parent Relationship": "Outer", "Join Type": "Inner", "Startup Cost": 3369.54, "Total Cost": 309181.44, "Plan Rows": 1, "Plan Width": 33, "Inner Unique": true, "Join Filter": "(an.person_id = n.id)", "Plans": [{"Node Type": "Nested Loop", "Parent Relationship": "Outer", "Join Type": "Inner", "Startup Cost": 3369.54, "Total Cost": 243941.56, "Plan Rows": 1, "Plan Width": 41, "Inner Unique": true, "Join Filter": "(mc.company_id = cn.id)", "Plans": [{"Node Type": "Nested Loop", "Parent Relationship": "Outer", "Join Type": "Inner", "Startup Cost": 3369.54, "Total Cost": 237959.49, "Plan Rows": 1, "Plan Width": 45, "Inner Unique": false, "Join Filter": "(ci.person_id = an.person_id)", "Plans": [{"Node Type": "Nested Loop", "Parent Relationship": "Outer", "Join Type": "Inner", "Startup Cost": 3369.54, "Total Cost": 206784.29, "Plan Rows": 1, "Plan Width": 25, "Inner Unique": false, "Join Filter": "(ci.movie_id = t.id)", "Plans": [{"Node Type": "Nested Loop", "Parent Relationship": "Outer", "Join Type": "Inner", "Startup Cost": 0.0, "Total Cost": 77025.27, "Plan Rows": 8790, "Plan Width": 8, "Inner Unique": false, "Join Filter": "(ci.role_id = rt.id)", "Plans": [{"Node Type": "Seq Scan", "Parent Relationship": "Outer", "Relation Name": "role_type", "Alias": "rt", "Startup Cost": 0.0, "Total Cost": 1.15, "Plan Rows": 1, "Plan Width": 4, "Filter": "((role)::text = 'actress'::text)"}, {"Node Type": "Materialize", "Parent Relationship": "Inner", "Startup Cost": 0.0, "Total Cost": 76057.2, "Plan Rows": 96692, "Plan Width": 12, "Plans": [{"Node Type": "Streaming(type: LOCAL GATHER dop: 1/64)", "Parent Relationship": "Outer", "Startup Cost": 0.0, "Total Cost": 75815.47, "Plan Rows": 96692, "Plan Width": 12, "Plans": [{"Node Type": "Seq Scan", "Parent Relationship": "Outer", "Relation Name": "cast_info", "Alias": "ci", "Startup Cost": 0.0, "Total Cost": 73820.73, "Plan Rows": 96692, "Plan Width": 12, "Filter": "((note)::text = '(voice: English version)'::text)"}]}]}]}, {"Node Type": "Materialize", "Parent Relationship": "Inner", "Startup Cost": 3369.54, "Total Cost": 129495.32, "Plan Rows": 2, "Plan Width": 29, "Plans": [{"Node Type": "Nested Loop", "Parent Relationship": "Outer", "Join Type": "Inner", "Startup Cost": 3369.54, "Total Cost": 129495.31, "Plan Rows": 2, "Plan Width": 29, "Inner Unique": true, "Join Filter": "(mc.movie_id = t.id)", "Plans": [{"Node Type": "Streaming(type: LOCAL GATHER dop: 1/64)", "Parent Relationship": "Outer", "Startup Cost": 0.0, "Total Cost": 64095.15, "Plan Rows": 1652, "Plan Width": 8, "Plans": [{"Node Type": "Seq Scan", "Parent Relationship": "Outer", "Relation Name": "movie_companies", "Alias": "mc", "Startup Cost": 0.0, "Total Cost": 64061.07, "Plan Rows": 1652, "Plan Width": 8, "Filter": "(((note)::text ~~ '%(Japan)%'::text) AND ((note)::text !~~ '%(USA)%'::text) AND (((note)::text ~~ '%(2006)%'::text) OR ((note)::text ~~ '%(2007)%'::text)))"}]}, {"Node Type": "Materialize", "Parent Relationship": "Inner", "Startup Cost": 3369.54, "Total Cost": 64334.73, "Plan Rows": 43, "Plan Width": 21, "Plans": [{"Node Type": "Streaming(type: LOCAL GATHER dop: 1/64)", "Parent Relationship": "Outer", "Startup Cost": 3369.54, "Total Cost": 64334.52, "Plan Rows": 43, "Plan Width": 21, "Plans": [{"Node Type": "Seq Scan", "Parent Relationship": "Outer", "Relation Name": "title", "Alias": "t", "Startup Cost": 3369.54, "Total Cost": 64333.63, "Plan Rows": 43, "Plan Width": 21, "Filter": "((production_year >= 2006) AND (production_year <= 2007) AND (((title)::text ~~ 'One Piece%'::text) OR ((title)::text ~~ 'Dragon Ball Z%'::text)))"}]}]}]}]}]}, {"Node Type": "Seq Scan", "Parent Relationship": "Inner", "Relation Name": "aka_name", "Alias": "an", "Startup Cost": 0.0, "Total Cost": 19908.42, "Plan Rows": 901342, "Plan Width": 20}]}, {"Node Type": "Seq Scan", "Parent Relationship": "Inner", "Relation Name": "company_name", "Alias": "cn", "Startup Cost": 0.0, "Total Cost": 5903.45, "Plan Rows": 6290, "Plan Width": 4, "Filter": "((country_code)::text = '[jp]'::text)"}]}, {"Node Type": "Materialize", "Parent Relationship": "Inner", "Startup Cost": 0.0, "Total Cost": 65101.02, "Plan Rows": 13886, "Plan Width": 4, "Plans": [{"Node Type": "Streaming(type: LOCAL GATHER dop: 1/64)", "Parent Relationship": "Outer", "Startup Cost": 0.0, "Total Cost": 65066.3, "Plan Rows": 13886, "Plan Width": 4, "Plans": [{"Node Type": "Seq Scan", "Parent Relationship": "Outer", "Relation Name": "name", "Alias": "n", "Startup Cost": 0.0, "Total Cost": 64779.83, "Plan Rows": 13886, "Plan Width": 4, "Filter": "(((name)::text ~~ '%Yo%'::text) AND ((name)::text !~~ '%Yu%'::text))"}]}]}]}]}, "Unique SQL Id": 3956435728, "Planner Runtime": 15}, "explain_analyze_plan": null}, "(64, '63')": {"explain_plan": {"Plan": {"Node Type": "Aggregate", "Strategy": "Plain", "Startup Cost": 7000171740968.88, "Total Cost": 7000171740968.89, "Plan Rows": 1, "Plan Width": 97, "Plans": [{"Node Type": "Nested Loop", "Parent Relationship": "Outer", "Join Type": "Inner", "Startup Cost": 70000000000.0, "Total Cost": 7000171740968.87, "Plan Rows": 1, "Plan Width": 33, "Inner Unique": true, "Join Filter": "(ci.role_id = rt.id)", "Plans": [{"Node Type": "Nested Loop", "Parent Relationship": "Outer", "Join Type": "Inner", "Startup Cost": 60000000000.0, "Total Cost": 6000171739722.86, "Plan Rows": 1, "Plan Width": 37, "Inner Unique": true, "Plans": [{"Node Type": "Nested Loop", "Parent Relationship": "Outer", "Join Type": "Inner", "Startup Cost": 50000000000.0, "Total Cost": 5000171739665.63, "Plan Rows": 1, "Plan Width": 45, "Inner Unique": true, "Plans": [{"Node Type": "Nested Loop", "Parent Relationship": "Outer", "Join Type": "Inner", "Startup Cost": 40000000000.0, "Total Cost": 4000171739228.2, "Plan Rows": 1, "Plan Width": 49, "Inner Unique": false, "Plans": [{"Node Type": "Nested Loop", "Parent Relationship": "Outer", "Join Type": "Inner", "Startup Cost": 30000000000.0, "Total Cost": 3000171739143.81, "Plan Rows": 1, "Plan Width": 29, "Inner Unique": false, "Join Filter": "(t.id = ci.movie_id)", "Plans": [{"Node Type": "Index Scan", "Parent Relationship": "Outer", "Scan Direction": "Forward", "Index Name": "role_id_cast_info", "Relation Name": "cast_info", "Alias": "ci", "Startup Cost": 10000000000.0, "Total Cost": 1000143218339.5, "Plan Rows": 96692, "Plan Width": 12, "Filter": "((note)::text = '(voice: English version)'::text)"}, {"Node Type": "Materialize", "Parent Relationship": "Inner", "Startup Cost": 20000000000.0, "Total Cost": 2000028517903.55, "Plan Rows": 2, "Plan Width": 29, "Plans": [{"Node Type": "Nested Loop", "Parent Relationship": "Outer", "Join Type": "Inner", "Startup Cost": 20000000000.0, "Total Cost": 2000028517903.54, "Plan Rows": 2, "Plan Width": 29, "Inner Unique": true, "Join Filter": "(mc.movie_id = t.id)", "Plans": [{"Node Type": "Index Scan", "Parent Relationship": "Outer", "Scan Direction": "Forward", "Index Name": "company_id_movie_companies", "Relation Name": "movie_companies", "Alias": "mc", "Startup Cost": 10000000000.0, "Total Cost": 1000014976477.98, "Plan Rows": 1652, "Plan Width": 8, "Filter": "(((note)::text ~~ '%(Japan)%'::text) AND ((note)::text !~~ '%(USA)%'::text) AND (((note)::text ~~ '%(2006)%'::text) OR ((note)::text ~~ '%(2007)%'::text)))"}, {"Node Type": "Materialize", "Parent Relationship": "Inner", "Startup Cost": 10000000000.0, "Total Cost": 1000013540360.13, "Plan Rows": 43, "Plan Width": 21, "Plans": [{"Node Type": "Index Scan", "Parent Relationship": "Outer", "Scan Direction": "Forward", "Index Name": "title_pkey", "Relation Name": "title", "Alias": "t", "Startup Cost": 10000000000.0, "Total Cost": 1000013540359.91, "Plan Rows": 43, "Plan Width": 21, "Filter": "((production_year >= 2006) AND (production_year <= 2007) AND (((title)::text ~~ 'One Piece%'::text) OR ((title)::text ~~ 'Dragon Ball Z%'::text)))"}]}]}]}]}, {"Node Type": "Index Scan", "Parent Relationship": "Inner", "Scan Direction": "Forward", "Index Name": "person_id_aka_name", "Relation Name": "aka_name", "Alias": "an", "Startup Cost": 10000000000.0, "Total Cost": 1000000000084.38, "Plan Rows": 1, "Plan Width": 20, "Index Cond": "(person_id = ci.person_id)"}]}, {"Node Type": "Index Scan", "Parent Relationship": "Inner", "Scan Direction": "Forward", "Index Name": "company_name_pkey", "Relation Name": "company_name", "Alias": "cn", "Startup Cost": 10000000000.0, "Total Cost": 1000000000437.42, "Plan Rows": 1, "Plan Width": 4, "Index Cond": "(id = mc.company_id)", "Filter": "((country_code)::text = '[jp]'::text)"}]}, {"Node Type": "Index Scan", "Parent Relationship": "Inner", "Scan Direction": "Forward", "Index Name": "name_pkey", "Relation Name": "name", "Alias": "n", "Startup Cost": 10000000000.0, "Total Cost": 1000000000057.22, "Plan Rows": 1, "Plan Width": 4, "Index Cond": "(id = an.person_id)", "Filter": "(((name)::text ~~ '%Yo%'::text) AND ((name)::text !~~ '%Yu%'::text))"}]}, {"Node Type": "Index Scan", "Parent Relationship": "Inner", "Scan Direction": "Forward", "Index Name": "role_type_pkey", "Relation Name": "role_type", "Alias": "rt", "Startup Cost": 10000000000.0, "Total Cost": 1000000001246.0, "Plan Rows": 1, "Plan Width": 4, "Filter": "((role)::text = 'actress'::text)"}]}]}, "Unique SQL Id": 3956435728, "Planner Runtime": 8}, "explain_analyze_plan": null}, "(64, '64')": {"explain_plan": {"Plan": {"Node Type": "Aggregate", "Strategy": "Plain", "Startup Cost": 64890.38, "Total Cost": 64890.39, "Plan Rows": 1, "Plan Width": 97, "Plans": [{"Node Type": "Nested Loop", "Parent Relationship": "Outer", "Join Type": "Inner", "Startup Cost": 3369.54, "Total Cost": 64890.38, "Plan Rows": 1, "Plan Width": 33, "Inner Unique": true, "Plans": [{"Node Type": "Nested Loop", "Parent Relationship": "Outer", "Join Type": "Inner", "Startup Cost": 3369.54, "Total Cost": 64890.09, "Plan Rows": 1, "Plan Width": 37, "Inner Unique": true, "Plans": [{"Node Type": "Nested Loop", "Parent Relationship": "Outer", "Join Type": "Inner", "Startup Cost": 3369.54, "Total Cost": 64889.51, "Plan Rows": 1, "Plan Width": 45, "Inner Unique": true, "Plans": [{"Node Type": "Nested Loop", "Parent Relationship": "Outer", "Join Type": "Inner", "Startup Cost": 3369.54, "Total Cost": 64885.13, "Plan Rows": 1, "Plan Width": 49, "Inner Unique": false, "Plans": [{"Node Type": "Nested Loop", "Parent Relationship": "Outer", "Join Type": "Inner", "Startup Cost": 3369.54, "Total Cost": 64884.27, "Plan Rows": 1, "Plan Width": 29, "Inner Unique": false, "Join Filter": "(t.id = ci.movie_id)", "Plans": [{"Node Type": "Nested Loop", "Parent Relationship": "Outer", "Join Type": "Inner", "Startup Cost": 3369.54, "Total Cost": 64828.49, "Plan Rows": 2, "Plan Width": 29, "Inner Unique": false, "Plans": [{"Node Type": "Streaming(type: LOCAL GATHER dop: 1/64)", "Parent Relationship": "Outer", "Startup Cost": 3369.54, "Total Cost": 64334.52, "Plan Rows": 43, "Plan Width": 21, "Plans": [{"Node Type": "Seq Scan", "Parent Relationship": "Outer", "Relation Name": "title", "Alias": "t", "Startup Cost": 3369.54, "Total Cost": 64333.63, "Plan Rows": 43, "Plan Width": 21, "Filter": "((production_year >= 2006) AND (production_year <= 2007) AND (((title)::text ~~ 'One Piece%'::text) OR ((title)::text ~~ 'Dragon Ball Z%'::text)))"}]}, {"Node Type": "Index Scan", "Parent Relationship": "Inner", "Scan Direction": "Forward", "Index Name": "movie_id_movie_companies", "Relation Name": "movie_companies", "Alias": "mc", "Startup Cost": 0.0, "Total Cost": 11.48, "Plan Rows": 1, "Plan Width": 8, "Index Cond": "(movie_id = t.id)", "Filter": "(((note)::text ~~ '%(Japan)%'::text) AND ((note)::text !~~ '%(USA)%'::text) AND (((note)::text ~~ '%(2006)%'::text) OR ((note)::text ~~ '%(2007)%'::text)))"}]}, {"Node Type": "Index Scan", "Parent Relationship": "Inner", "Scan Direction": "Forward", "Index Name": "movie_id_cast_info", "Relation Name": "cast_info", "Alias": "ci", "Startup Cost": 0.0, "Total Cost": 27.88, "Plan Rows": 1, "Plan Width": 12, "Index Cond": "(movie_id = mc.movie_id)", "Filter": "((note)::text = '(voice: English version)'::text)"}]}, {"Node Type": "Index Scan", "Parent Relationship": "Inner", "Scan Direction": "Forward", "Index Name": "person_id_aka_name", "Relation Name": "aka_name", "Alias": "an", "Startup Cost": 0.0, "Total Cost": 0.84, "Plan Rows": 1, "Plan Width": 20, "Index Cond": "(person_id = ci.person_id)"}]}, {"Node Type": "Index Scan", "Parent Relationship": "Inner", "Scan Direction": "Forward", "Index Name": "company_name_pkey", "Relation Name": "company_name", "Alias": "cn", "Startup Cost": 0.0, "Total Cost": 4.37, "Plan Rows": 1, "Plan Width": 4, "Index Cond": "(id = mc.company_id)", "Filter": "((country_code)::text = '[jp]'::text)"}]}, {"Node Type": "Index Scan", "Parent Relationship": "Inner", "Scan Direction": "Forward", "Index Name": "name_pkey", "Relation Name": "name", "Alias": "n", "Startup Cost": 0.0, "Total Cost": 0.57, "Plan Rows": 1, "Plan Width": 4, "Index Cond": "(id = an.person_id)", "Filter": "(((name)::text ~~ '%Yo%'::text) AND ((name)::text !~~ '%Yu%'::text))"}]}, {"Node Type": "Index Scan", "Parent Relationship": "Inner", "Scan Direction": "Forward", "Index Name": "role_type_pkey", "Relation Name": "role_type", "Alias": "rt", "Startup Cost": 0.0, "Total Cost": 0.27, "Plan Rows": 1, "Plan Width": 4, "Index Cond": "(id = ci.role_id)", "Filter": "((role)::text = 'actress'::text)"}]}]}, "Unique SQL Id": 3956435728, "Planner Runtime": 30}, "explain_analyze_plan": {"Plan": {"Node Type": "Aggregate", "Strategy": "Plain", "Startup Cost": 64890.38, "Total Cost": 64890.39, "Plan Rows": 1, "Plan Width": 97, "Actual Min Startup Time": 129.95, "Actual Max Startup Time": 129.95, "Actual Min Total Time": 129.951, "Actual Max Total Time": 129.951, "Plans": [{"Node Type": "Nested Loop", "Parent Relationship": "Outer", "Join Type": "Inner", "Startup Cost": 3369.54, "Total Cost": 64890.38, "Plan Rows": 1, "Plan Width": 33, "Actual Min Startup Time": 82.756, "Actual Max Startup Time": 82.756, "Actual Min Total Time": 129.873, "Actual Max Total Time": 129.873, "Inner Unique": true, "Plans": [{"Node Type": "Nested Loop", "Parent Relationship": "Outer", "Join Type": "Inner", "Startup Cost": 3369.54, "Total Cost": 64890.09, "Plan Rows": 1, "Plan Width": 37, "Actual Min Startup Time": 82.738, "Actual Max Startup Time": 82.738, "Actual Min Total Time": 129.822, "Actual Max Total Time": 129.822, "Inner Unique": true, "Plans": [{"Node Type": "Nested Loop", "Parent Relationship": "Outer", "Join Type": "Inner", "Startup Cost": 3369.54, "Total Cost": 64889.51, "Plan Rows": 1, "Plan Width": 45, "Actual Min Startup Time": 81.529, "Actual Max Startup Time": 81.529, "Actual Min Total Time": 128.829, "Actual Max Total Time": 128.829, "Inner Unique": true, "Plans": [{"Node Type": "Nested Loop", "Parent Relationship": "Outer", "Join Type": "Inner", "Startup Cost": 3369.54, "Total Cost": 64885.13, "Plan Rows": 1, "Plan Width": 49, "Actual Min Startup Time": 81.496, "Actual Max Startup Time": 81.496, "Actual Min Total Time": 128.07, "Actual Max Total Time": 128.07, "Inner Unique": false, "Plans": [{"Node Type": "Nested Loop", "Parent Relationship": "Outer", "Join Type": "Inner", "Startup Cost": 3369.54, "Total Cost": 64884.27, "Plan Rows": 1, "Plan Width": 29, "Actual Min Startup Time": 81.476, "Actual Max Startup Time": 81.476, "Actual Min Total Time": 127.263, "Actual Max Total Time": 127.263, "Inner Unique": false, "Join Filter": "(t.id = ci.movie_id)", "Rows Removed by Join Filter": 0, "Plans": [{"Node Type": "Nested Loop", "Parent Relationship": "Outer", "Join Type": "Inner", "Startup Cost": 3369.54, "Total Cost": 64828.49, "Plan Rows": 2, "Plan Width": 29, "Actual Min Startup Time": 81.441, "Actual Max Startup Time": 81.441, "Actual Min Total Time": 126.75, "Actual Max Total Time": 126.75, "Inner Unique": false, "Plans": [{"Node Type": "Streaming(type: LOCAL GATHER dop: 1/64)", "Parent Relationship": "Outer", "Startup Cost": 3369.54, "Total Cost": 64334.52, "Plan Rows": 43, "Plan Width": 21, "Actual Min Startup Time": 81.336, "Actual Max Startup Time": 81.336, "Actual Min Total Time": 126.394, "Actual Max Total Time": 126.394, "Plans": [{"Node Type": "Seq Scan", "Parent Relationship": "Outer", "Relation Name": "title", "Alias": "t", "Startup Cost": 3369.54, "Total Cost": 64333.63, "Plan Rows": 43, "Plan Width": 21, "Actual Min Startup Time": 11.827, "Actual Max Startup Time": 38.588, "Actual Min Total Time": 14.967, "Actual Max Total Time": 38.588, "Filter": "((production_year >= 2006) AND (production_year <= 2007) AND (((title)::text ~~ 'One Piece%'::text) OR ((title)::text ~~ 'Dragon Ball Z%'::text)))", "Rows Removed by Filter": 2528304, "Actual Rows": 7}], "Actual Rows": 7}, {"Node Type": "Index Scan", "Parent Relationship": "Inner", "Scan Direction": "Forward", "Index Name": "movie_id_movie_companies", "Relation Name": "movie_companies", "Alias": "mc", "Startup Cost": 0.0, "Total Cost": 11.48, "Plan Rows": 1, "Plan Width": 8, "Actual Min Startup Time": 0.272, "Actual Max Startup Time": 0.272, "Actual Min Total Time": 0.284, "Actual Max Total Time": 0.284, "Index Cond": "(movie_id = t.id)", "Rows Removed by Index Recheck": 0, "Filter": "(((note)::text ~~ '%(Japan)%'::text) AND ((note)::text !~~ '%(USA)%'::text) AND (((note)::text ~~ '%(2006)%'::text) OR ((note)::text ~~ '%(2007)%'::text)))", "Rows Removed by Filter": 13, "Actual Rows": 4}], "Actual Rows": 4}, {"Node Type": "Index Scan", "Parent Relationship": "Inner", "Scan Direction": "Forward", "Index Name": "movie_id_cast_info", "Relation Name": "cast_info", "Alias": "ci", "Startup Cost": 0.0, "Total Cost": 27.88, "Plan Rows": 1, "Plan Width": 12, "Actual Min Startup Time": 0.149, "Actual Max Startup Time": 0.149, "Actual Min Total Time": 0.418, "Actual Max Total Time": 0.418, "Index Cond": "(movie_id = mc.movie_id)", "Rows Removed by Index Recheck": 0, "Filter": "((note)::text = '(voice: English version)'::text)", "Rows Removed by Filter": 68, "Actual Rows": 104}], "Actual Rows": 104}, {"Node Type": "Index Scan", "Parent Relationship": "Inner", "Scan Direction": "Forward", "Index Name": "person_id_aka_name", "Relation Name": "aka_name", "Alias": "an", "Startup Cost": 0.0, "Total Cost": 0.84, "Plan Rows": 1, "Plan Width": 20, "Actual Min Startup Time": 0.573, "Actual Max Startup Time": 0.573, "Actual Min Total Time": 0.686, "Actual Max Total Time": 0.686, "Index Cond": "(person_id = ci.person_id)", "Rows Removed by Index Recheck": 0, "Actual Rows": 171}], "Actual Rows": 171}, {"Node Type": "Index Scan", "Parent Relationship": "Inner", "Scan Direction": "Forward", "Index Name": "company_name_pkey", "Relation Name": "company_name", "Alias": "cn", "Startup Cost": 0.0, "Total Cost": 4.37, "Plan Rows": 1, "Plan Width": 4, "Actual Min Startup Time": 0.589, "Actual Max Startup Time": 0.589, "Actual Min Total Time": 0.589, "Actual Max Total Time": 0.589, "Index Cond": "(id = mc.company_id)", "Rows Removed by Index Recheck": 0, "Filter": "((country_code)::text = '[jp]'::text)", "Rows Removed by Filter": 0, "Actual Rows": 171}], "Actual Rows": 171}, {"Node Type": "Index Scan", "Parent Relationship": "Inner", "Scan Direction": "Forward", "Index Name": "name_pkey", "Relation Name": "name", "Alias": "n", "Startup Cost": 0.0, "Total Cost": 0.57, "Plan Rows": 1, "Plan Width": 4, "Actual Min Startup Time": 0.882, "Actual Max Startup Time": 0.882, "Actual Min Total Time": 0.882, "Actual Max Total Time": 0.882, "Index Cond": "(id = an.person_id)", "Rows Removed by Index Recheck": 0, "Filter": "(((name)::text ~~ '%Yo%'::text) AND ((name)::text !~~ '%Yu%'::text))", "Rows Removed by Filter": 165, "Actual Rows": 6}], "Actual Rows": 6}, {"Node Type": "Index Scan", "Parent Relationship": "Inner", "Scan Direction": "Forward", "Index Name": "role_type_pkey", "Relation Name": "role_type", "Alias": "rt", "Startup Cost": 0.0, "Total Cost": 0.27, "Plan Rows": 1, "Plan Width": 4, "Actual Min Startup Time": 0.03, "Actual Max Startup Time": 0.03, "Actual Min Total Time": 0.03, "Actual Max Total Time": 0.03, "Index Cond": "(id = ci.role_id)", "Rows Removed by Index Recheck": 0, "Filter": "((role)::text = 'actress'::text)", "Rows Removed by Filter": 0, "Actual Rows": 6}], "Actual Rows": 6}], "Actual Rows": 1}, "Triggers": [], "Planner Runtime": 31.722, "Total Runtime": 142.327, "Unique SQL Id": 3956435728}}, "(64, '65')": {"explain_plan": {"Plan": {"Node Type": "Aggregate", "Strategy": "Plain", "Startup Cost": 82294.12, "Total Cost": 82294.13, "Plan Rows": 1, "Plan Width": 97, "Plans": [{"Node Type": "Nested Loop", "Parent Relationship": "Outer", "Join Type": "Inner", "Startup Cost": 2780.8, "Total Cost": 82294.12, "Plan Rows": 1, "Plan Width": 33, "Inner Unique": true, "Plans": [{"Node Type": "Nested Loop", "Parent Relationship": "Outer", "Join Type": "Inner", "Startup Cost": 2780.8, "Total Cost": 82293.84, "Plan Rows": 1, "Plan Width": 37, "Inner Unique": true, "Plans": [{"Node Type": "Nested Loop", "Parent Relationship": "Outer", "Join Type": "Inner", "Startup Cost": 2780.8, "Total Cost": 82293.26, "Plan Rows": 1, "Plan Width": 45, "Inner Unique": false, "Plans": [{"Node Type": "Nested Loop", "Parent Relationship": "Outer", "Join Type": "Inner", "Startup Cost": 2780.8, "Total Cost": 82292.4, "Plan Rows": 1, "Plan Width": 25, "Inner Unique": false, "Join Filter": "(t.id = ci.movie_id)", "Plans": [{"Node Type": "Nested Loop", "Parent Relationship": "Outer", "Join Type": "Inner", "Startup Cost": 2780.8, "Total Cost": 82236.62, "Plan Rows": 2, "Plan Width": 25, "Inner Unique": true, "Plans": [{"Node Type": "Nested Loop", "Parent Relationship": "Outer", "Join Type": "Inner", "Startup Cost": 2780.8, "Total Cost": 80174.39, "Plan Rows": 262, "Plan Width": 4, "Inner Unique": false, "Plans": [{"Node Type": "Bitmap Heap Scan", "Parent Relationship": "Outer", "Relation Name": "company_name", "Alias": "cn", "Startup Cost": 2780.8, "Total Cost": 8684.25, "Plan Rows": 6290, "Plan Width": 4, "Filter": "((country_code)::text = '[jp]'::text)", "Plans": [{"Node Type": "Bitmap Index Scan", "Parent Relationship": "Outer", "Index Name": "company_name_pkey", "Startup Cost": 0.0, "Total Cost": 2779.23, "Plan Rows": 234996, "Plan Width": 0}]}, {"Node Type": "Index Scan", "Parent Relationship": "Inner", "Scan Direction": "Forward", "Index Name": "company_id_movie_companies", "Relation Name": "movie_companies", "Alias": "mc", "Startup Cost": 0.0, "Total Cost": 11.36, "Plan Rows": 1, "Plan Width": 8, "Index Cond": "(company_id = cn.id)", "Filter": "(((note)::text ~~ '%(Japan)%'::text) AND ((note)::text !~~ '%(USA)%'::text) AND (((note)::text ~~ '%(2006)%'::text) OR ((note)::text ~~ '%(2007)%'::text)))"}]}, {"Node Type": "Index Scan", "Parent Relationship": "Inner", "Scan Direction": "Forward", "Index Name": "title_pkey", "Relation Name": "title", "Alias": "t", "Startup Cost": 0.0, "Total Cost": 7.86, "Plan Rows": 1, "Plan Width": 21, "Index Cond": "(id = mc.movie_id)", "Filter": "((production_year >= 2006) AND (production_year <= 2007) AND (((title)::text ~~ 'One Piece%'::text) OR ((title)::text ~~ 'Dragon Ball Z%'::text)))"}]}, {"Node Type": "Index Scan", "Parent Relationship": "Inner", "Scan Direction": "Forward", "Index Name": "movie_id_cast_info", "Relation Name": "cast_info", "Alias": "ci", "Startup Cost": 0.0, "Total Cost": 27.88, "Plan Rows": 1, "Plan Width": 12, "Index Cond": "(movie_id = mc.movie_id)", "Filter": "((note)::text = '(voice: English version)'::text)"}]}, {"Node Type": "Index Scan", "Parent Relationship": "Inner", "Scan Direction": "Forward", "Index Name": "person_id_aka_name", "Relation Name": "aka_name", "Alias": "an", "Startup Cost": 0.0, "Total Cost": 0.84, "Plan Rows": 1, "Plan Width": 20, "Index Cond": "(person_id = ci.person_id)"}]}, {"Node Type": "Index Scan", "Parent Relationship": "Inner", "Scan Direction": "Forward", "Index Name": "name_pkey", "Relation Name": "name", "Alias": "n", "Startup Cost": 0.0, "Total Cost": 0.57, "Plan Rows": 1, "Plan Width": 4, "Index Cond": "(id = an.person_id)", "Filter": "(((name)::text ~~ '%Yo%'::text) AND ((name)::text !~~ '%Yu%'::text))"}]}, {"Node Type": "Index Scan", "Parent Relationship": "Inner", "Scan Direction": "Forward", "Index Name": "role_type_pkey", "Relation Name": "role_type", "Alias": "rt", "Startup Cost": 0.0, "Total Cost": 0.27, "Plan Rows": 1, "Plan Width": 4, "Index Cond": "(id = ci.role_id)", "Filter": "((role)::text = 'actress'::text)"}]}]}, "Unique SQL Id": 3956435728, "Planner Runtime": 28}, "explain_analyze_plan": null}, "(64, '66')": {"explain_plan": {"Plan": {"Node Type": "Aggregate", "Strategy": "Plain", "Startup Cost": 64933.14, "Total Cost": 64933.15, "Plan Rows": 1, "Plan Width": 97, "Plans": [{"Node Type": "Hash Join", "Parent Relationship": "Outer", "Join Type": "Inner", "Startup Cost": 3381.18, "Total Cost": 64933.14, "Plan Rows": 1, "Plan Width": 33, "Inner Unique": true, "Hash Cond": "(ci.role_id = rt.id)", "Plans": [{"Node Type": "Nested Loop", "Parent Relationship": "Outer", "Join Type": "Inner", "Startup Cost": 3380.01, "Total Cost": 64931.96, "Plan Rows": 1, "Plan Width": 37, "Inner Unique": true, "Plans": [{"Node Type": "Nested Loop", "Parent Relationship": "Outer", "Join Type": "Inner", "Startup Cost": 3379.69, "Total Cost": 64927.61, "Plan Rows": 1, "Plan Width": 45, "Inner Unique": true, "Plans": [{"Node Type": "Nested Loop", "Parent Relationship": "Outer", "Join Type": "Inner", "Startup Cost": 3378.46, "Total Cost": 64922.35, "Plan Rows": 1, "Plan Width": 49, "Inner Unique": false, "Plans": [{"Node Type": "Nested Loop", "Parent Relationship": "Outer", "Join Type": "Inner", "Startup Cost": 3378.08, "Total Cost": 64917.95, "Plan Rows": 1, "Plan Width": 29, "Inner Unique": false, "Join Filter": "(t.id = ci.movie_id)", "Plans": [{"Node Type": "Nested Loop", "Parent Relationship": "Outer", "Join Type": "Inner", "Startup Cost": 3373.8, "Total Cost": 64861.38, "Plan Rows": 2, "Plan Width": 29, "Inner Unique": false, "Plans": [{"Node Type": "Streaming(type: LOCAL GATHER dop: 1/64)", "Parent Relationship": "Outer", "Startup Cost": 3369.54, "Total Cost": 64334.52, "Plan Rows": 43, "Plan Width": 21, "Plans": [{"Node Type": "Seq Scan", "Parent Relationship": "Outer", "Relation Name": "title", "Alias": "t", "Startup Cost": 3369.54, "Total Cost": 64333.63, "Plan Rows": 43, "Plan Width": 21, "Filter": "((production_year >= 2006) AND (production_year <= 2007) AND (((title)::text ~~ 'One Piece%'::text) OR ((title)::text ~~ 'Dragon Ball Z%'::text)))"}]}, {"Node Type": "Bitmap Heap Scan", "Parent Relationship": "Inner", "Relation Name": "movie_companies", "Alias": "mc", "Startup Cost": 4.27, "Total Cost": 12.24, "Plan Rows": 1, "Plan Width": 8, "Recheck Cond": "(movie_id = t.id)", "Filter": "(((note)::text ~~ '%(Japan)%'::text) AND ((note)::text !~~ '%(USA)%'::text) AND (((note)::text ~~ '%(2006)%'::text) OR ((note)::text ~~ '%(2007)%'::text)))", "Plans": [{"Node Type": "Bitmap Index Scan", "Parent Relationship": "Outer", "Index Name": "movie_id_movie_companies", "Startup Cost": 0.0, "Total Cost": 4.26, "Plan Rows": 2, "Plan Width": 0, "Index Cond": "(movie_id = t.id)"}]}]}, {"Node Type": "Bitmap Heap Scan", "Parent Relationship": "Inner", "Relation Name": "cast_info", "Alias": "ci", "Startup Cost": 4.27, "Total Cost": 28.27, "Plan Rows": 1, "Plan Width": 12, "Recheck Cond": "(movie_id = mc.movie_id)", "Filter": "((note)::text = '(voice: English version)'::text)", "Plans": [{"Node Type": "Bitmap Index Scan", "Parent Relationship": "Outer", "Index Name": "movie_id_cast_info", "Startup Cost": 0.0, "Total Cost": 4.27, "Plan Rows": 6, "Plan Width": 0, "Index Cond": "(movie_id = mc.movie_id)"}]}]}, {"Node Type": "Bitmap Heap Scan", "Parent Relationship": "Inner", "Relation Name": "aka_name", "Alias": "an", "Startup Cost": 0.38, "Total Cost": 4.39, "Plan Rows": 1, "Plan Width": 20, "Recheck Cond": "(person_id = ci.person_id)", "Plans": [{"Node Type": "Bitmap Index Scan", "Parent Relationship": "Outer", "Index Name": "person_id_aka_name", "Startup Cost": 0.0, "Total Cost": 0.38, "Plan Rows": 1, "Plan Width": 0, "Index Cond": "(person_id = ci.person_id)"}]}]}, {"Node Type": "Bitmap Heap Scan", "Parent Relationship": "Inner", "Relation Name": "company_name", "Alias": "cn", "Startup Cost": 1.23, "Total Cost": 5.24, "Plan Rows": 1, "Plan Width": 4, "Recheck Cond": "(id = mc.company_id)", "Filter": "((country_code)::text = '[jp]'::text)", "Plans": [{"Node Type": "Bitmap Index Scan", "Parent Relationship": "Outer", "Index Name": "company_name_pkey", "Startup Cost": 0.0, "Total Cost": 1.23, "Plan Rows": 1, "Plan Width": 0, "Index Cond": "(id = mc.company_id)"}]}]}, {"Node Type": "Bitmap Heap Scan", "Parent Relationship": "Inner", "Relation Name": "name", "Alias": "n", "Startup Cost": 0.33, "Total Cost": 4.34, "Plan Rows": 1, "Plan Width": 4, "Recheck Cond": "(id = an.person_id)", "Filter": "(((name)::text ~~ '%Yo%'::text) AND ((name)::text !~~ '%Yu%'::text))", "Plans": [{"Node Type": "Bitmap Index Scan", "Parent Relationship": "Outer", "Index Name": "name_pkey", "Startup Cost": 0.0, "Total Cost": 0.33, "Plan Rows": 1, "Plan Width": 0, "Index Cond": "(id = an.person_id)"}]}]}, {"Node Type": "Hash", "Parent Relationship": "Inner", "Startup Cost": 1.15, "Total Cost": 1.15, "Plan Rows": 1, "Plan Width": 4, "Plans": [{"Node Type": "Seq Scan", "Parent Relationship": "Outer", "Relation Name": "role_type", "Alias": "rt", "Startup Cost": 0.0, "Total Cost": 1.15, "Plan Rows": 1, "Plan Width": 4, "Filter": "((role)::text = 'actress'::text)"}]}]}]}, "Unique SQL Id": 3956435728, "Planner Runtime": 42}, "explain_analyze_plan": {"Plan": {"Node Type": "Aggregate", "Strategy": "Plain", "Startup Cost": 64933.14, "Total Cost": 64933.15, "Plan Rows": 1, "Plan Width": 97, "Actual Min Startup Time": 129.576, "Actual Max Startup Time": 129.576, "Actual Min Total Time": 129.576, "Actual Max Total Time": 129.576, "Plans": [{"Node Type": "Hash Join", "Parent Relationship": "Outer", "Join Type": "Inner", "Startup Cost": 3381.18, "Total Cost": 64933.14, "Plan Rows": 1, "Plan Width": 33, "Actual Min Startup Time": 87.415, "Actual Max Startup Time": 87.415, "Actual Min Total Time": 129.501, "Actual Max Total Time": 129.501, "Inner Unique": true, "Hash Cond": "(ci.role_id = rt.id)", "Plans": [{"Node Type": "Nested Loop", "Parent Relationship": "Outer", "Join Type": "Inner", "Startup Cost": 3380.01, "Total Cost": 64931.96, "Plan Rows": 1, "Plan Width": 37, "Actual Min Startup Time": 87.262, "Actual Max Startup Time": 87.262, "Actual Min Total Time": 129.33, "Actual Max Total Time": 129.33, "Inner Unique": true, "Plans": [{"Node Type": "Nested Loop", "Parent Relationship": "Outer", "Join Type": "Inner", "Startup Cost": 3379.69, "Total Cost": 64927.61, "Plan Rows": 1, "Plan Width": 45, "Actual Min Startup Time": 85.524, "Actual Max Startup Time": 85.524, "Actual Min Total Time": 128.065, "Actual Max Total Time": 128.065, "Inner Unique": true, "Plans": [{"Node Type": "Nested Loop", "Parent Relationship": "Outer", "Join Type": "Inner", "Startup Cost": 3378.46, "Total Cost": 64922.35, "Plan Rows": 1, "Plan Width": 49, "Actual Min Startup Time": 85.496, "Actual Max Startup Time": 85.496, "Actual Min Total Time": 127.007, "Actual Max Total Time": 127.007, "Inner Unique": false, "Plans": [{"Node Type": "Nested Loop", "Parent Relationship": "Outer", "Join Type": "Inner", "Startup Cost": 3378.08, "Total Cost": 64917.95, "Plan Rows": 1, "Plan Width": 29, "Actual Min Startup Time": 85.465, "Actual Max Startup Time": 85.465, "Actual Min Total Time": 125.862, "Actual Max Total Time": 125.862, "Inner Unique": false, "Join Filter": "(t.id = ci.movie_id)", "Rows Removed by Join Filter": 0, "Plans": [{"Node Type": "Nested Loop", "Parent Relationship": "Outer", "Join Type": "Inner", "Startup Cost": 3373.8, "Total Cost": 64861.38, "Plan Rows": 2, "Plan Width": 29, "Actual Min Startup Time": 85.383, "Actual Max Startup Time": 85.383, "Actual Min Total Time": 125.278, "Actual Max Total Time": 125.278, "Inner Unique": false, "Plans": [{"Node Type": "Streaming(type: LOCAL GATHER dop: 1/64)", "Parent Relationship": "Outer", "Startup Cost": 3369.54, "Total Cost": 64334.52, "Plan Rows": 43, "Plan Width": 21, "Actual Min Startup Time": 85.256, "Actual Max Startup Time": 85.256, "Actual Min Total Time": 124.89, "Actual Max Total Time": 124.89, "Plans": [{"Node Type": "Seq Scan", "Parent Relationship": "Outer", "Relation Name": "title", "Alias": "t", "Startup Cost": 3369.54, "Total Cost": 64333.63, "Plan Rows": 43, "Plan Width": 21, "Actual Min Startup Time": 11.642, "Actual Max Startup Time": 19.47, "Actual Min Total Time": 14.915, "Actual Max Total Time": 19.47, "Filter": "((production_year >= 2006) AND (production_year <= 2007) AND (((title)::text ~~ 'One Piece%'::text) OR ((title)::text ~~ 'Dragon Ball Z%'::text)))", "Rows Removed by Filter": 2528304, "Actual Rows": 7}], "Actual Rows": 7}, {"Node Type": "Bitmap Heap Scan", "Parent Relationship": "Inner", "Relation Name": "movie_companies", "Alias": "mc", "Startup Cost": 4.27, "Total Cost": 12.24, "Plan Rows": 1, "Plan Width": 8, "Actual Min Startup Time": 0.291, "Actual Max Startup Time": 0.291, "Actual Min Total Time": 0.303, "Actual Max Total Time": 0.303, "Recheck Cond": "(movie_id = t.id)", "Rows Removed by Index Recheck": 0, "Filter": "(((note)::text ~~ '%(Japan)%'::text) AND ((note)::text !~~ '%(USA)%'::text) AND (((note)::text ~~ '%(2006)%'::text) OR ((note)::text ~~ '%(2007)%'::text)))", "Rows Removed by Filter": 13, "Exact Heap Blocks": 13, "Lossy Heap Blocks": 13, "Plans": [{"Node Type": "Bitmap Index Scan", "Parent Relationship": "Outer", "Index Name": "movie_id_movie_companies", "Startup Cost": 0.0, "Total Cost": 4.26, "Plan Rows": 2, "Plan Width": 0, "Actual Min Startup Time": 0.146, "Actual Max Startup Time": 0.146, "Actual Min Total Time": 0.146, "Actual Max Total Time": 0.146, "Index Cond": "(movie_id = t.id)", "Actual Rows": 17}], "Actual Rows": 4}], "Actual Rows": 4}, {"Node Type": "Bitmap Heap Scan", "Parent Relationship": "Inner", "Relation Name": "cast_info", "Alias": "ci", "Startup Cost": 4.27, "Total Cost": 28.27, "Plan Rows": 1, "Plan Width": 12, "Actual Min Startup Time": 0.205, "Actual Max Startup Time": 0.205, "Actual Min Total Time": 0.511, "Actual Max Total Time": 0.511, "Recheck Cond": "(movie_id = mc.movie_id)", "Rows Removed by Index Recheck": 0, "Filter": "((note)::text = '(voice: English version)'::text)", "Rows Removed by Filter": 68, "Exact Heap Blocks": 133, "Lossy Heap Blocks": 133, "Plans": [{"Node Type": "Bitmap Index Scan", "Parent Relationship": "Outer", "Index Name": "movie_id_cast_info", "Startup Cost": 0.0, "Total Cost": 4.27, "Plan Rows": 6, "Plan Width": 0, "Actual Min Startup Time": 0.077, "Actual Max Startup Time": 0.077, "Actual Min Total Time": 0.077, "Actual Max Total Time": 0.077, "Index Cond": "(movie_id = mc.movie_id)", "Actual Rows": 172}], "Actual Rows": 104}], "Actual Rows": 104}, {"Node Type": "Bitmap Heap Scan", "Parent Relationship": "Inner", "Relation Name": "aka_name", "Alias": "an", "Startup Cost": 0.38, "Total Cost": 4.39, "Plan Rows": 1, "Plan Width": 20, "Actual Min Startup Time": 0.85, "Actual Max Startup Time": 0.85, "Actual Min Total Time": 0.933, "Actual Max Total Time": 0.933, "Recheck Cond": "(person_id = ci.person_id)", "Rows Removed by Index Recheck": 0, "Exact Heap Blocks": 105, "Lossy Heap Blocks": 105, "Plans": [{"Node Type": "Bitmap Index Scan", "Parent Relationship": "Outer", "Index Name": "person_id_aka_name", "Startup Cost": 0.0, "Total Cost": 0.38, "Plan Rows": 1, "Plan Width": 0, "Actual Min Startup Time": 0.583, "Actual Max Startup Time": 0.583, "Actual Min Total Time": 0.583, "Actual Max Total Time": 0.583, "Index Cond": "(person_id = ci.person_id)", "Actual Rows": 171}], "Actual Rows": 171}], "Actual Rows": 171}, {"Node Type": "Bitmap Heap Scan", "Parent Relationship": "Inner", "Relation Name": "company_name", "Alias": "cn", "Startup Cost": 1.23, "Total Cost": 5.24, "Plan Rows": 1, "Plan Width": 4, "Actual Min Startup Time": 0.802, "Actual Max Startup Time": 0.802, "Actual Min Total Time": 0.802, "Actual Max Total Time": 0.802, "Recheck Cond": "(id = mc.company_id)", "Rows Removed by Index Recheck": 0, "Filter": "((country_code)::text = '[jp]'::text)", "Rows Removed by Filter": 0, "Exact Heap Blocks": 171, "Lossy Heap Blocks": 171, "Plans": [{"Node Type": "Bitmap Index Scan", "Parent Relationship": "Outer", "Index Name": "company_name_pkey", "Startup Cost": 0.0, "Total Cost": 1.23, "Plan Rows": 1, "Plan Width": 0, "Actual Min Startup Time": 0.464, "Actual Max Startup Time": 0.464, "Actual Min Total Time": 0.464, "Actual Max Total Time": 0.464, "Index Cond": "(id = mc.company_id)", "Actual Rows": 171}], "Actual Rows": 171}], "Actual Rows": 171}, {"Node Type": "Bitmap Heap Scan", "Parent Relationship": "Inner", "Relation Name": "name", "Alias": "n", "Startup Cost": 0.33, "Total Cost": 4.34, "Plan Rows": 1, "Plan Width": 4, "Actual Min Startup Time": 1.043, "Actual Max Startup Time": 1.043, "Actual Min Total Time": 1.043, "Actual Max Total Time": 1.043, "Recheck Cond": "(id = an.person_id)", "Rows Removed by Index Recheck": 0, "Filter": "(((name)::text ~~ '%Yo%'::text) AND ((name)::text !~~ '%Yu%'::text))", "Rows Removed by Filter": 165, "Exact Heap Blocks": 171, "Lossy Heap Blocks": 171, "Plans": [{"Node Type": "Bitmap Index Scan", "Parent Relationship": "Outer", "Index Name": "name_pkey", "Startup Cost": 0.0, "Total Cost": 0.33, "Plan Rows": 1, "Plan Width": 0, "Actual Min Startup Time": 0.645, "Actual Max Startup Time": 0.645, "Actual Min Total Time": 0.645, "Actual Max Total Time": 0.645, "Index Cond": "(id = an.person_id)", "Actual Rows": 171}], "Actual Rows": 6}], "Actual Rows": 6}, {"Node Type": "Hash", "Parent Relationship": "Inner", "Startup Cost": 1.15, "Total Cost": 1.15, "Plan Rows": 1, "Plan Width": 4, "Actual Min Startup Time": 0.076, "Actual Max Startup Time": 0.076, "Actual Min Total Time": 0.076, "Actual Max Total Time": 0.076, "Max Hash Buckets": 32768, "Min Hash Buckets": 32768, "Max Hash Batches": 1, "Min Hash Batches": 1, "Max Original Hash Batches": 1, "Min Original Hash Batches": 1, "Max Peak Memory Usage": 1, "min Peak Memory Usage": 1, "Plans": [{"Node Type": "Seq Scan", "Parent Relationship": "Outer", "Relation Name": "role_type", "Alias": "rt", "Startup Cost": 0.0, "Total Cost": 1.15, "Plan Rows": 1, "Plan Width": 4, "Actual Min Startup Time": 0.053, "Actual Max Startup Time": 0.053, "Actual Min Total Time": 0.058, "Actual Max Total Time": 0.058, "Filter": "((role)::text = 'actress'::text)", "Rows Removed by Filter": 11, "Actual Rows": 1}], "Actual Rows": 1}], "Actual Rows": 6}], "Actual Rows": 1}, "Triggers": [], "Planner Runtime": 42.051, "Total Runtime": 141.601, "Unique SQL Id": 3956435728}}, "(64, '67')": {"explain_plan": {"Plan": {"Node Type": "Aggregate", "Strategy": "Plain", "Startup Cost": 108949.86, "Total Cost": 108949.87, "Plan Rows": 1, "Plan Width": 97, "Plans": [{"Node Type": "Nested Loop", "Parent Relationship": "Outer", "Join Type": "Inner", "Startup Cost": 2793.35, "Total Cost": 108949.85, "Plan Rows": 1, "Plan Width": 33, "Inner Unique": true, "Plans": [{"Node Type": "Nested Loop", "Parent Relationship": "Outer", "Join Type": "Inner", "Startup Cost": 2793.09, "Total Cost": 108945.57, "Plan Rows": 1, "Plan Width": 37, "Inner Unique": true, "Plans": [{"Node Type": "Nested Loop", "Parent Relationship": "Outer", "Join Type": "Inner", "Startup Cost": 2792.76, "Total Cost": 108941.22, "Plan Rows": 1, "Plan Width": 45, "Inner Unique": false, "Plans": [{"Node Type": "Nested Loop", "Parent Relationship": "Outer", "Join Type": "Inner", "Startup Cost": 2792.38, "Total Cost": 108936.81, "Plan Rows": 1, "Plan Width": 25, "Inner Unique": false, "Join Filter": "(t.id = ci.movie_id)", "Plans": [{"Node Type": "Nested Loop", "Parent Relationship": "Outer", "Join Type": "Inner", "Startup Cost": 2788.11, "Total Cost": 108880.24, "Plan Rows": 2, "Plan Width": 25, "Inner Unique": true, "Plans": [{"Node Type": "Nested Loop", "Parent Relationship": "Outer", "Join Type": "Inner", "Startup Cost": 2784.18, "Total Cost": 106793.84, "Plan Rows": 262, "Plan Width": 4, "Inner Unique": false, "Plans": [{"Node Type": "Bitmap Heap Scan", "Parent Relationship": "Outer", "Relation Name": "company_name", "Alias": "cn", "Startup Cost": 2780.8, "Total Cost": 8684.25, "Plan Rows": 6290, "Plan Width": 4, "Filter": "((country_code)::text = '[jp]'::text)", "Plans": [{"Node Type": "Bitmap Index Scan", "Parent Relationship": "Outer", "Index Name": "company_name_pkey", "Startup Cost": 0.0, "Total Cost": 2779.23, "Plan Rows": 234996, "Plan Width": 0}]}, {"Node Type": "Bitmap Heap Scan", "Parent Relationship": "Inner", "Relation Name": "movie_companies", "Alias": "mc", "Startup Cost": 3.37, "Total Cost": 15.59, "Plan Rows": 1, "Plan Width": 8, "Recheck Cond": "(company_id = cn.id)", "Filter": "(((note)::text ~~ '%(Japan)%'::text) AND ((note)::text !~~ '%(USA)%'::text) AND (((note)::text ~~ '%(2006)%'::text) OR ((note)::text ~~ '%(2007)%'::text)))", "Plans": [{"Node Type": "Bitmap Index Scan", "Parent Relationship": "Outer", "Index Name": "company_id_movie_companies", "Startup Cost": 0.0, "Total Cost": 3.37, "Plan Rows": 15, "Plan Width": 0, "Index Cond": "(company_id = cn.id)"}]}]}, {"Node Type": "Bitmap Heap Scan", "Parent Relationship": "Inner", "Relation Name": "title", "Alias": "t", "Startup Cost": 3.93, "Total Cost": 7.95, "Plan Rows": 1, "Plan Width": 21, "Recheck Cond": "(id = mc.movie_id)", "Filter": "((production_year >= 2006) AND (production_year <= 2007) AND (((title)::text ~~ 'One Piece%'::text) OR ((title)::text ~~ 'Dragon Ball Z%'::text)))", "Plans": [{"Node Type": "Bitmap Index Scan", "Parent Relationship": "Outer", "Index Name": "title_pkey", "Startup Cost": 0.0, "Total Cost": 3.93, "Plan Rows": 1, "Plan Width": 0, "Index Cond": "(id = mc.movie_id)"}]}]}, {"Node Type": "Bitmap Heap Scan", "Parent Relationship": "Inner", "Relation Name": "cast_info", "Alias": "ci", "Startup Cost": 4.27, "Total Cost": 28.27, "Plan Rows": 1, "Plan Width": 12, "Recheck Cond": "(movie_id = mc.movie_id)", "Filter": "((note)::text = '(voice: English version)'::text)", "Plans": [{"Node Type": "Bitmap Index Scan", "Parent Relationship": "Outer", "Index Name": "movie_id_cast_info", "Startup Cost": 0.0, "Total Cost": 4.27, "Plan Rows": 6, "Plan Width": 0, "Index Cond": "(movie_id = mc.movie_id)"}]}]}, {"Node Type": "Bitmap Heap Scan", "Parent Relationship": "Inner", "Relation Name": "aka_name", "Alias": "an", "Startup Cost": 0.38, "Total Cost": 4.39, "Plan Rows": 1, "Plan Width": 20, "Recheck Cond": "(person_id = ci.person_id)", "Plans": [{"Node Type": "Bitmap Index Scan", "Parent Relationship": "Outer", "Index Name": "person_id_aka_name", "Startup Cost": 0.0, "Total Cost": 0.38, "Plan Rows": 1, "Plan Width": 0, "Index Cond": "(person_id = ci.person_id)"}]}]}, {"Node Type": "Bitmap Heap Scan", "Parent Relationship": "Inner", "Relation Name": "name", "Alias": "n", "Startup Cost": 0.33, "Total Cost": 4.34, "Plan Rows": 1, "Plan Width": 4, "Recheck Cond": "(id = an.person_id)", "Filter": "(((name)::text ~~ '%Yo%'::text) AND ((name)::text !~~ '%Yu%'::text))", "Plans": [{"Node Type": "Bitmap Index Scan", "Parent Relationship": "Outer", "Index Name": "name_pkey", "Startup Cost": 0.0, "Total Cost": 0.33, "Plan Rows": 1, "Plan Width": 0, "Index Cond": "(id = an.person_id)"}]}]}, {"Node Type": "Bitmap Heap Scan", "Parent Relationship": "Inner", "Relation Name": "role_type", "Alias": "rt", "Startup Cost": 0.26, "Total Cost": 4.27, "Plan Rows": 1, "Plan Width": 4, "Recheck Cond": "(id = ci.role_id)", "Filter": "((role)::text = 'actress'::text)", "Plans": [{"Node Type": "Bitmap Index Scan", "Parent Relationship": "Outer", "Index Name": "role_type_pkey", "Startup Cost": 0.0, "Total Cost": 0.26, "Plan Rows": 1, "Plan Width": 0, "Index Cond": "(id = ci.role_id)"}]}]}]}, "Unique SQL Id": 3956435728, "Planner Runtime": 31}, "explain_analyze_plan": {"Plan": {"Node Type": "Aggregate", "Strategy": "Plain", "Startup Cost": 108949.86, "Total Cost": 108949.87, "Plan Rows": 1, "Plan Width": 97, "Actual Startup Time": 454.404, "Actual Total Time": 454.405, "Actual Rows": 1, "Actual Loops": 1, "Plans": [{"Node Type": "Nested Loop", "Parent Relationship": "Outer", "Join Type": "Inner", "Startup Cost": 2793.35, "Total Cost": 108949.85, "Plan Rows": 1, "Plan Width": 33, "Actual Startup Time": 126.355, "Actual Total Time": 454.354, "Actual Rows": 6, "Actual Loops": 1, "Inner Unique": true, "Plans": [{"Node Type": "Nested Loop", "Parent Relationship": "Outer", "Join Type": "Inner", "Startup Cost": 2793.09, "Total Cost": 108945.57, "Plan Rows": 1, "Plan Width": 37, "Actual Startup Time": 126.34, "Actual Total Time": 454.31, "Actual Rows": 6, "Actual Loops": 1, "Inner Unique": true, "Plans": [{"Node Type": "Nested Loop", "Parent Relationship": "Outer", "Join Type": "Inner", "Startup Cost": 2792.76, "Total Cost": 108941.22, "Plan Rows": 1, "Plan Width": 45, "Actual Startup Time": 125.755, "Actual Total Time": 453.226, "Actual Rows": 171, "Actual Loops": 1, "Inner Unique": false, "Plans": [{"Node Type": "Nested Loop", "Parent Relationship": "Outer", "Join Type": "Inner", "Startup Cost": 2792.38, "Total Cost": 108936.81, "Plan Rows": 1, "Plan Width": 25, "Actual Startup Time": 125.731, "Actual Total Time": 452.322, "Actual Rows": 104, "Actual Loops": 1, "Inner Unique": false, "Join Filter": "(t.id = ci.movie_id)", "Rows Removed by Join Filter": 0, "Plans": [{"Node Type": "Nested Loop", "Parent Relationship": "Outer", "Join Type": "Inner", "Startup Cost": 2788.11, "Total Cost": 108880.24, "Plan Rows": 2, "Plan Width": 25, "Actual Startup Time": 125.673, "Actual Total Time": 451.843, "Actual Rows": 4, "Actual Loops": 1, "Inner Unique": true, "Plans": [{"Node Type": "Nested Loop", "Parent Relationship": "Outer", "Join Type": "Inner", "Startup Cost": 2784.18, "Total Cost": 106793.84, "Plan Rows": 262, "Plan Width": 4, "Actual Startup Time": 21.615, "Actual Total Time": 389.321, "Actual Rows": 8495, "Actual Loops": 1, "Inner Unique": false, "Plans": [{"Node Type": "Bitmap Heap Scan", "Parent Relationship": "Outer", "Relation Name": "company_name", "Alias": "cn", "Startup Cost": 2780.8, "Total Cost": 8684.25, "Plan Rows": 6290, "Plan Width": 4, "Actual Startup Time": 21.545, "Actual Total Time": 139.197, "Actual Rows": 6752, "Actual Loops": 1, "Filter": "((country_code)::text = '[jp]'::text)", "Rows Removed by Filter": 228244, "Exact Heap Blocks": 2966, "Lossy Heap Blocks": 2966, "Plans": [{"Node Type": "Bitmap Index Scan", "Parent Relationship": "Outer", "Index Name": "company_name_pkey", "Startup Cost": 0.0, "Total Cost": 2779.23, "Plan Rows": 234996, "Plan Width": 0, "Actual Startup Time": 21.066, "Actual Total Time": 21.066, "Actual Rows": 234996, "Actual Loops": 1}]}, {"Node Type": "Bitmap Heap Scan", "Parent Relationship": "Inner", "Relation Name": "movie_companies", "Alias": "mc", "Startup Cost": 3.37, "Total Cost": 15.59, "Plan Rows": 1, "Plan Width": 8, "Actual Startup Time": 134.789, "Actual Total Time": 238.582, "Actual Rows": 8495, "Actual Loops": 6752, "Recheck Cond": "(company_id = cn.id)", "Rows Removed by Index Recheck": 0, "Filter": "(((note)::text ~~ '%(Japan)%'::text) AND ((note)::text !~~ '%(USA)%'::text) AND (((note)::text ~~ '%(2006)%'::text) OR ((note)::text ~~ '%(2007)%'::text)))", "Rows Removed by Filter": 96500, "Exact Heap Blocks": 61861, "Lossy Heap Blocks": 61861, "Plans": [{"Node Type": "Bitmap Index Scan", "Parent Relationship": "Outer", "Index Name": "company_id_movie_companies", "Startup Cost": 0.0, "Total Cost": 3.37, "Plan Rows": 15, "Plan Width": 0, "Actual Startup Time": 52.102, "Actual Total Time": 52.102, "Actual Rows": 104995, "Actual Loops": 6752, "Index Cond": "(company_id = cn.id)"}]}]}, {"Node Type": "Bitmap Heap Scan", "Parent Relationship": "Inner", "Relation Name": "title", "Alias": "t", "Startup Cost": 3.93, "Total Cost": 7.95, "Plan Rows": 1, "Plan Width": 21, "Actual Startup Time": 52.556, "Actual Total Time": 52.556, "Actual Rows": 4, "Actual Loops": 8495, "Recheck Cond": "(id = mc.movie_id)", "Rows Removed by Index Recheck": 0, "Filter": "((production_year >= 2006) AND (production_year <= 2007) AND (((title)::text ~~ 'One Piece%'::text) OR ((title)::text ~~ 'Dragon Ball Z%'::text)))", "Rows Removed by Filter": 8491, "Exact Heap Blocks": 8495, "Lossy Heap Blocks": 8495, "Plans": [{"Node Type": "Bitmap Index Scan", "Parent Relationship": "Outer", "Index Name": "title_pkey", "Startup Cost": 0.0, "Total Cost": 3.93, "Plan Rows": 1, "Plan Width": 0, "Actual Startup Time": 25.939, "Actual Total Time": 25.939, "Actual Rows": 8495, "Actual Loops": 8495, "Index Cond": "(id = mc.movie_id)"}]}]}, {"Node Type": "Bitmap Heap Scan", "Parent Relationship": "Inner", "Relation Name": "cast_info", "Alias": "ci", "Startup Cost": 4.27, "Total Cost": 28.27, "Plan Rows": 1, "Plan Width": 12, "Actual Startup Time": 0.182, "Actual Total Time": 0.41, "Actual Rows": 104, "Actual Loops": 4, "Recheck Cond": "(movie_id = mc.movie_id)", "Rows Removed by Index Recheck": 0, "Filter": "((note)::text = '(voice: English version)'::text)", "Rows Removed by Filter": 68, "Exact Heap Blocks": 133, "Lossy Heap Blocks": 133, "Plans": [{"Node Type": "Bitmap Index Scan", "Parent Relationship": "Outer", "Index Name": "movie_id_cast_info", "Startup Cost": 0.0, "Total Cost": 4.27, "Plan Rows": 6, "Plan Width": 0, "Actual Startup Time": 0.058, "Actual Total Time": 0.058, "Actual Rows": 172, "Actual Loops": 4, "Index Cond": "(movie_id = mc.movie_id)"}]}]}, {"Node Type": "Bitmap Heap Scan", "Parent Relationship": "Inner", "Relation Name": "aka_name", "Alias": "an", "Startup Cost": 0.38, "Total Cost": 4.39, "Plan Rows": 1, "Plan Width": 20, "Actual Startup Time": 0.631, "Actual Total Time": 0.711, "Actual Rows": 171, "Actual Loops": 104, "Recheck Cond": "(person_id = ci.person_id)", "Rows Removed by Index Recheck": 0, "Exact Heap Blocks": 105, "Lossy Heap Blocks": 105, "Plans": [{"Node Type": "Bitmap Index Scan", "Parent Relationship": "Outer", "Index Name": "person_id_aka_name", "Startup Cost": 0.0, "Total Cost": 0.38, "Plan Rows": 1, "Plan Width": 0, "Actual Startup Time": 0.442, "Actual Total Time": 0.442, "Actual Rows": 171, "Actual Loops": 104, "Index Cond": "(person_id = ci.person_id)"}]}]}, {"Node Type": "Bitmap Heap Scan", "Parent Relationship": "Inner", "Relation Name": "name", "Alias": "n", "Startup Cost": 0.33, "Total Cost": 4.34, "Plan Rows": 1, "Plan Width": 4, "Actual Startup Time": 0.885, "Actual Total Time": 0.885, "Actual Rows": 6, "Actual Loops": 171, "Recheck Cond": "(id = an.person_id)", "Rows Removed by Index Recheck": 0, "Filter": "(((name)::text ~~ '%Yo%'::text) AND ((name)::text !~~ '%Yu%'::text))", "Rows Removed by Filter": 165, "Exact Heap Blocks": 171, "Lossy Heap Blocks": 171, "Plans": [{"Node Type": "Bitmap Index Scan", "Parent Relationship": "Outer", "Index Name": "name_pkey", "Startup Cost": 0.0, "Total Cost": 0.33, "Plan Rows": 1, "Plan Width": 0, "Actual Startup Time": 0.549, "Actual Total Time": 0.549, "Actual Rows": 171, "Actual Loops": 171, "Index Cond": "(id = an.person_id)"}]}]}, {"Node Type": "Bitmap Heap Scan", "Parent Relationship": "Inner", "Relation Name": "role_type", "Alias": "rt", "Startup Cost": 0.26, "Total Cost": 4.27, "Plan Rows": 1, "Plan Width": 4, "Actual Startup Time": 0.029, "Actual Total Time": 0.029, "Actual Rows": 6, "Actual Loops": 6, "Recheck Cond": "(id = ci.role_id)", "Rows Removed by Index Recheck": 0, "Filter": "((role)::text = 'actress'::text)", "Rows Removed by Filter": 0, "Exact Heap Blocks": 6, "Lossy Heap Blocks": 6, "Plans": [{"Node Type": "Bitmap Index Scan", "Parent Relationship": "Outer", "Index Name": "role_type_pkey", "Startup Cost": 0.0, "Total Cost": 0.26, "Plan Rows": 1, "Plan Width": 0, "Actual Startup Time": 0.01, "Actual Total Time": 0.01, "Actual Rows": 6, "Actual Loops": 6, "Index Cond": "(id = ci.role_id)"}]}]}]}, "Triggers": [], "Planner Runtime": 30.658, "Total Runtime": 454.866, "Unique SQL Id": 3956435728}}, "(64, '68')": {"explain_plan": {"Plan": {"Node Type": "Aggregate", "Strategy": "Plain", "Startup Cost": 64890.38, "Total Cost": 64890.39, "Plan Rows": 1, "Plan Width": 97, "Plans": [{"Node Type": "Nested Loop", "Parent Relationship": "Outer", "Join Type": "Inner", "Startup Cost": 3369.54, "Total Cost": 64890.38, "Plan Rows": 1, "Plan Width": 33, "Inner Unique": true, "Plans": [{"Node Type": "Nested Loop", "Parent Relationship": "Outer", "Join Type": "Inner", "Startup Cost": 3369.54, "Total Cost": 64890.09, "Plan Rows": 1, "Plan Width": 37, "Inner Unique": true, "Plans": [{"Node Type": "Nested Loop", "Parent Relationship": "Outer", "Join Type": "Inner", "Startup Cost": 3369.54, "Total Cost": 64889.51, "Plan Rows": 1, "Plan Width": 45, "Inner Unique": true, "Plans": [{"Node Type": "Nested Loop", "Parent Relationship": "Outer", "Join Type": "Inner", "Startup Cost": 3369.54, "Total Cost": 64885.13, "Plan Rows": 1, "Plan Width": 49, "Inner Unique": false, "Plans": [{"Node Type": "Nested Loop", "Parent Relationship": "Outer", "Join Type": "Inner", "Startup Cost": 3369.54, "Total Cost": 64884.27, "Plan Rows": 1, "Plan Width": 29, "Inner Unique": false, "Join Filter": "(t.id = ci.movie_id)", "Plans": [{"Node Type": "Nested Loop", "Parent Relationship": "Outer", "Join Type": "Inner", "Startup Cost": 3369.54, "Total Cost": 64828.49, "Plan Rows": 2, "Plan Width": 29, "Inner Unique": false, "Plans": [{"Node Type": "Streaming(type: LOCAL GATHER dop: 1/64)", "Parent Relationship": "Outer", "Startup Cost": 3369.54, "Total Cost": 64334.52, "Plan Rows": 43, "Plan Width": 21, "Plans": [{"Node Type": "Seq Scan", "Parent Relationship": "Outer", "Relation Name": "title", "Alias": "t", "Startup Cost": 3369.54, "Total Cost": 64333.63, "Plan Rows": 43, "Plan Width": 21, "Filter": "((production_year >= 2006) AND (production_year <= 2007) AND (((title)::text ~~ 'One Piece%'::text) OR ((title)::text ~~ 'Dragon Ball Z%'::text)))"}]}, {"Node Type": "Index Scan", "Parent Relationship": "Inner", "Scan Direction": "Forward", "Index Name": "movie_id_movie_companies", "Relation Name": "movie_companies", "Alias": "mc", "Startup Cost": 0.0, "Total Cost": 11.48, "Plan Rows": 1, "Plan Width": 8, "Index Cond": "(movie_id = t.id)", "Filter": "(((note)::text ~~ '%(Japan)%'::text) AND ((note)::text !~~ '%(USA)%'::text) AND (((note)::text ~~ '%(2006)%'::text) OR ((note)::text ~~ '%(2007)%'::text)))"}]}, {"Node Type": "Index Scan", "Parent Relationship": "Inner", "Scan Direction": "Forward", "Index Name": "movie_id_cast_info", "Relation Name": "cast_info", "Alias": "ci", "Startup Cost": 0.0, "Total Cost": 27.88, "Plan Rows": 1, "Plan Width": 12, "Index Cond": "(movie_id = mc.movie_id)", "Filter": "((note)::text = '(voice: English version)'::text)"}]}, {"Node Type": "Index Scan", "Parent Relationship": "Inner", "Scan Direction": "Forward", "Index Name": "person_id_aka_name", "Relation Name": "aka_name", "Alias": "an", "Startup Cost": 0.0, "Total Cost": 0.84, "Plan Rows": 1, "Plan Width": 20, "Index Cond": "(person_id = ci.person_id)"}]}, {"Node Type": "Index Scan", "Parent Relationship": "Inner", "Scan Direction": "Forward", "Index Name": "company_name_pkey", "Relation Name": "company_name", "Alias": "cn", "Startup Cost": 0.0, "Total Cost": 4.37, "Plan Rows": 1, "Plan Width": 4, "Index Cond": "(id = mc.company_id)", "Filter": "((country_code)::text = '[jp]'::text)"}]}, {"Node Type": "Index Scan", "Parent Relationship": "Inner", "Scan Direction": "Forward", "Index Name": "name_pkey", "Relation Name": "name", "Alias": "n", "Startup Cost": 0.0, "Total Cost": 0.57, "Plan Rows": 1, "Plan Width": 4, "Index Cond": "(id = an.person_id)", "Filter": "(((name)::text ~~ '%Yo%'::text) AND ((name)::text !~~ '%Yu%'::text))"}]}, {"Node Type": "Index Scan", "Parent Relationship": "Inner", "Scan Direction": "Forward", "Index Name": "role_type_pkey", "Relation Name": "role_type", "Alias": "rt", "Startup Cost": 0.0, "Total Cost": 0.27, "Plan Rows": 1, "Plan Width": 4, "Index Cond": "(id = ci.role_id)", "Filter": "((role)::text = 'actress'::text)"}]}]}, "Unique SQL Id": 3956435728, "Planner Runtime": 30}, "explain_analyze_plan": {"Plan": {"Node Type": "Aggregate", "Strategy": "Plain", "Startup Cost": 64890.38, "Total Cost": 64890.39, "Plan Rows": 1, "Plan Width": 97, "Actual Min Startup Time": 129.95, "Actual Max Startup Time": 129.95, "Actual Min Total Time": 129.951, "Actual Max Total Time": 129.951, "Plans": [{"Node Type": "Nested Loop", "Parent Relationship": "Outer", "Join Type": "Inner", "Startup Cost": 3369.54, "Total Cost": 64890.38, "Plan Rows": 1, "Plan Width": 33, "Actual Min Startup Time": 82.756, "Actual Max Startup Time": 82.756, "Actual Min Total Time": 129.873, "Actual Max Total Time": 129.873, "Inner Unique": true, "Plans": [{"Node Type": "Nested Loop", "Parent Relationship": "Outer", "Join Type": "Inner", "Startup Cost": 3369.54, "Total Cost": 64890.09, "Plan Rows": 1, "Plan Width": 37, "Actual Min Startup Time": 82.738, "Actual Max Startup Time": 82.738, "Actual Min Total Time": 129.822, "Actual Max Total Time": 129.822, "Inner Unique": true, "Plans": [{"Node Type": "Nested Loop", "Parent Relationship": "Outer", "Join Type": "Inner", "Startup Cost": 3369.54, "Total Cost": 64889.51, "Plan Rows": 1, "Plan Width": 45, "Actual Min Startup Time": 81.529, "Actual Max Startup Time": 81.529, "Actual Min Total Time": 128.829, "Actual Max Total Time": 128.829, "Inner Unique": true, "Plans": [{"Node Type": "Nested Loop", "Parent Relationship": "Outer", "Join Type": "Inner", "Startup Cost": 3369.54, "Total Cost": 64885.13, "Plan Rows": 1, "Plan Width": 49, "Actual Min Startup Time": 81.496, "Actual Max Startup Time": 81.496, "Actual Min Total Time": 128.07, "Actual Max Total Time": 128.07, "Inner Unique": false, "Plans": [{"Node Type": "Nested Loop", "Parent Relationship": "Outer", "Join Type": "Inner", "Startup Cost": 3369.54, "Total Cost": 64884.27, "Plan Rows": 1, "Plan Width": 29, "Actual Min Startup Time": 81.476, "Actual Max Startup Time": 81.476, "Actual Min Total Time": 127.263, "Actual Max Total Time": 127.263, "Inner Unique": false, "Join Filter": "(t.id = ci.movie_id)", "Rows Removed by Join Filter": 0, "Plans": [{"Node Type": "Nested Loop", "Parent Relationship": "Outer", "Join Type": "Inner", "Startup Cost": 3369.54, "Total Cost": 64828.49, "Plan Rows": 2, "Plan Width": 29, "Actual Min Startup Time": 81.441, "Actual Max Startup Time": 81.441, "Actual Min Total Time": 126.75, "Actual Max Total Time": 126.75, "Inner Unique": false, "Plans": [{"Node Type": "Streaming(type: LOCAL GATHER dop: 1/64)", "Parent Relationship": "Outer", "Startup Cost": 3369.54, "Total Cost": 64334.52, "Plan Rows": 43, "Plan Width": 21, "Actual Min Startup Time": 81.336, "Actual Max Startup Time": 81.336, "Actual Min Total Time": 126.394, "Actual Max Total Time": 126.394, "Plans": [{"Node Type": "Seq Scan", "Parent Relationship": "Outer", "Relation Name": "title", "Alias": "t", "Startup Cost": 3369.54, "Total Cost": 64333.63, "Plan Rows": 43, "Plan Width": 21, "Actual Min Startup Time": 11.827, "Actual Max Startup Time": 38.588, "Actual Min Total Time": 14.967, "Actual Max Total Time": 38.588, "Filter": "((production_year >= 2006) AND (production_year <= 2007) AND (((title)::text ~~ 'One Piece%'::text) OR ((title)::text ~~ 'Dragon Ball Z%'::text)))", "Rows Removed by Filter": 2528304, "Actual Rows": 7}], "Actual Rows": 7}, {"Node Type": "Index Scan", "Parent Relationship": "Inner", "Scan Direction": "Forward", "Index Name": "movie_id_movie_companies", "Relation Name": "movie_companies", "Alias": "mc", "Startup Cost": 0.0, "Total Cost": 11.48, "Plan Rows": 1, "Plan Width": 8, "Actual Min Startup Time": 0.272, "Actual Max Startup Time": 0.272, "Actual Min Total Time": 0.284, "Actual Max Total Time": 0.284, "Index Cond": "(movie_id = t.id)", "Rows Removed by Index Recheck": 0, "Filter": "(((note)::text ~~ '%(Japan)%'::text) AND ((note)::text !~~ '%(USA)%'::text) AND (((note)::text ~~ '%(2006)%'::text) OR ((note)::text ~~ '%(2007)%'::text)))", "Rows Removed by Filter": 13, "Actual Rows": 4}], "Actual Rows": 4}, {"Node Type": "Index Scan", "Parent Relationship": "Inner", "Scan Direction": "Forward", "Index Name": "movie_id_cast_info", "Relation Name": "cast_info", "Alias": "ci", "Startup Cost": 0.0, "Total Cost": 27.88, "Plan Rows": 1, "Plan Width": 12, "Actual Min Startup Time": 0.149, "Actual Max Startup Time": 0.149, "Actual Min Total Time": 0.418, "Actual Max Total Time": 0.418, "Index Cond": "(movie_id = mc.movie_id)", "Rows Removed by Index Recheck": 0, "Filter": "((note)::text = '(voice: English version)'::text)", "Rows Removed by Filter": 68, "Actual Rows": 104}], "Actual Rows": 104}, {"Node Type": "Index Scan", "Parent Relationship": "Inner", "Scan Direction": "Forward", "Index Name": "person_id_aka_name", "Relation Name": "aka_name", "Alias": "an", "Startup Cost": 0.0, "Total Cost": 0.84, "Plan Rows": 1, "Plan Width": 20, "Actual Min Startup Time": 0.573, "Actual Max Startup Time": 0.573, "Actual Min Total Time": 0.686, "Actual Max Total Time": 0.686, "Index Cond": "(person_id = ci.person_id)", "Rows Removed by Index Recheck": 0, "Actual Rows": 171}], "Actual Rows": 171}, {"Node Type": "Index Scan", "Parent Relationship": "Inner", "Scan Direction": "Forward", "Index Name": "company_name_pkey", "Relation Name": "company_name", "Alias": "cn", "Startup Cost": 0.0, "Total Cost": 4.37, "Plan Rows": 1, "Plan Width": 4, "Actual Min Startup Time": 0.589, "Actual Max Startup Time": 0.589, "Actual Min Total Time": 0.589, "Actual Max Total Time": 0.589, "Index Cond": "(id = mc.company_id)", "Rows Removed by Index Recheck": 0, "Filter": "((country_code)::text = '[jp]'::text)", "Rows Removed by Filter": 0, "Actual Rows": 171}], "Actual Rows": 171}, {"Node Type": "Index Scan", "Parent Relationship": "Inner", "Scan Direction": "Forward", "Index Name": "name_pkey", "Relation Name": "name", "Alias": "n", "Startup Cost": 0.0, "Total Cost": 0.57, "Plan Rows": 1, "Plan Width": 4, "Actual Min Startup Time": 0.882, "Actual Max Startup Time": 0.882, "Actual Min Total Time": 0.882, "Actual Max Total Time": 0.882, "Index Cond": "(id = an.person_id)", "Rows Removed by Index Recheck": 0, "Filter": "(((name)::text ~~ '%Yo%'::text) AND ((name)::text !~~ '%Yu%'::text))", "Rows Removed by Filter": 165, "Actual Rows": 6}], "Actual Rows": 6}, {"Node Type": "Index Scan", "Parent Relationship": "Inner", "Scan Direction": "Forward", "Index Name": "role_type_pkey", "Relation Name": "role_type", "Alias": "rt", "Startup Cost": 0.0, "Total Cost": 0.27, "Plan Rows": 1, "Plan Width": 4, "Actual Min Startup Time": 0.03, "Actual Max Startup Time": 0.03, "Actual Min Total Time": 0.03, "Actual Max Total Time": 0.03, "Index Cond": "(id = ci.role_id)", "Rows Removed by Index Recheck": 0, "Filter": "((role)::text = 'actress'::text)", "Rows Removed by Filter": 0, "Actual Rows": 6}], "Actual Rows": 6}], "Actual Rows": 1}, "Triggers": [], "Planner Runtime": 31.722, "Total Runtime": 142.327, "Unique SQL Id": 3956435728}}, "(64, '69')": {"explain_plan": {"Plan": {"Node Type": "Aggregate", "Strategy": "Plain", "Startup Cost": 82294.12, "Total Cost": 82294.13, "Plan Rows": 1, "Plan Width": 97, "Plans": [{"Node Type": "Nested Loop", "Parent Relationship": "Outer", "Join Type": "Inner", "Startup Cost": 2780.8, "Total Cost": 82294.12, "Plan Rows": 1, "Plan Width": 33, "Inner Unique": true, "Plans": [{"Node Type": "Nested Loop", "Parent Relationship": "Outer", "Join Type": "Inner", "Startup Cost": 2780.8, "Total Cost": 82293.84, "Plan Rows": 1, "Plan Width": 37, "Inner Unique": true, "Plans": [{"Node Type": "Nested Loop", "Parent Relationship": "Outer", "Join Type": "Inner", "Startup Cost": 2780.8, "Total Cost": 82293.26, "Plan Rows": 1, "Plan Width": 45, "Inner Unique": false, "Plans": [{"Node Type": "Nested Loop", "Parent Relationship": "Outer", "Join Type": "Inner", "Startup Cost": 2780.8, "Total Cost": 82292.4, "Plan Rows": 1, "Plan Width": 25, "Inner Unique": false, "Join Filter": "(t.id = ci.movie_id)", "Plans": [{"Node Type": "Nested Loop", "Parent Relationship": "Outer", "Join Type": "Inner", "Startup Cost": 2780.8, "Total Cost": 82236.62, "Plan Rows": 2, "Plan Width": 25, "Inner Unique": true, "Plans": [{"Node Type": "Nested Loop", "Parent Relationship": "Outer", "Join Type": "Inner", "Startup Cost": 2780.8, "Total Cost": 80174.39, "Plan Rows": 262, "Plan Width": 4, "Inner Unique": false, "Plans": [{"Node Type": "Bitmap Heap Scan", "Parent Relationship": "Outer", "Relation Name": "company_name", "Alias": "cn", "Startup Cost": 2780.8, "Total Cost": 8684.25, "Plan Rows": 6290, "Plan Width": 4, "Filter": "((country_code)::text = '[jp]'::text)", "Plans": [{"Node Type": "Bitmap Index Scan", "Parent Relationship": "Outer", "Index Name": "company_name_pkey", "Startup Cost": 0.0, "Total Cost": 2779.23, "Plan Rows": 234996, "Plan Width": 0}]}, {"Node Type": "Index Scan", "Parent Relationship": "Inner", "Scan Direction": "Forward", "Index Name": "company_id_movie_companies", "Relation Name": "movie_companies", "Alias": "mc", "Startup Cost": 0.0, "Total Cost": 11.36, "Plan Rows": 1, "Plan Width": 8, "Index Cond": "(company_id = cn.id)", "Filter": "(((note)::text ~~ '%(Japan)%'::text) AND ((note)::text !~~ '%(USA)%'::text) AND (((note)::text ~~ '%(2006)%'::text) OR ((note)::text ~~ '%(2007)%'::text)))"}]}, {"Node Type": "Index Scan", "Parent Relationship": "Inner", "Scan Direction": "Forward", "Index Name": "title_pkey", "Relation Name": "title", "Alias": "t", "Startup Cost": 0.0, "Total Cost": 7.86, "Plan Rows": 1, "Plan Width": 21, "Index Cond": "(id = mc.movie_id)", "Filter": "((production_year >= 2006) AND (production_year <= 2007) AND (((title)::text ~~ 'One Piece%'::text) OR ((title)::text ~~ 'Dragon Ball Z%'::text)))"}]}, {"Node Type": "Index Scan", "Parent Relationship": "Inner", "Scan Direction": "Forward", "Index Name": "movie_id_cast_info", "Relation Name": "cast_info", "Alias": "ci", "Startup Cost": 0.0, "Total Cost": 27.88, "Plan Rows": 1, "Plan Width": 12, "Index Cond": "(movie_id = mc.movie_id)", "Filter": "((note)::text = '(voice: English version)'::text)"}]}, {"Node Type": "Index Scan", "Parent Relationship": "Inner", "Scan Direction": "Forward", "Index Name": "person_id_aka_name", "Relation Name": "aka_name", "Alias": "an", "Startup Cost": 0.0, "Total Cost": 0.84, "Plan Rows": 1, "Plan Width": 20, "Index Cond": "(person_id = ci.person_id)"}]}, {"Node Type": "Index Scan", "Parent Relationship": "Inner", "Scan Direction": "Forward", "Index Name": "name_pkey", "Relation Name": "name", "Alias": "n", "Startup Cost": 0.0, "Total Cost": 0.57, "Plan Rows": 1, "Plan Width": 4, "Index Cond": "(id = an.person_id)", "Filter": "(((name)::text ~~ '%Yo%'::text) AND ((name)::text !~~ '%Yu%'::text))"}]}, {"Node Type": "Index Scan", "Parent Relationship": "Inner", "Scan Direction": "Forward", "Index Name": "role_type_pkey", "Relation Name": "role_type", "Alias": "rt", "Startup Cost": 0.0, "Total Cost": 0.27, "Plan Rows": 1, "Plan Width": 4, "Index Cond": "(id = ci.role_id)", "Filter": "((role)::text = 'actress'::text)"}]}]}, "Unique SQL Id": 3956435728, "Planner Runtime": 27}, "explain_analyze_plan": null}, "(64, '70')": {"explain_plan": {"Plan": {"Node Type": "Aggregate", "Strategy": "Plain", "Startup Cost": 64933.14, "Total Cost": 64933.15, "Plan Rows": 1, "Plan Width": 97, "Plans": [{"Node Type": "Hash Join", "Parent Relationship": "Outer", "Join Type": "Inner", "Startup Cost": 3381.18, "Total Cost": 64933.14, "Plan Rows": 1, "Plan Width": 33, "Inner Unique": true, "Hash Cond": "(ci.role_id = rt.id)", "Plans": [{"Node Type": "Nested Loop", "Parent Relationship": "Outer", "Join Type": "Inner", "Startup Cost": 3380.01, "Total Cost": 64931.96, "Plan Rows": 1, "Plan Width": 37, "Inner Unique": true, "Plans": [{"Node Type": "Nested Loop", "Parent Relationship": "Outer", "Join Type": "Inner", "Startup Cost": 3379.69, "Total Cost": 64927.61, "Plan Rows": 1, "Plan Width": 45, "Inner Unique": true, "Plans": [{"Node Type": "Nested Loop", "Parent Relationship": "Outer", "Join Type": "Inner", "Startup Cost": 3378.46, "Total Cost": 64922.35, "Plan Rows": 1, "Plan Width": 49, "Inner Unique": false, "Plans": [{"Node Type": "Nested Loop", "Parent Relationship": "Outer", "Join Type": "Inner", "Startup Cost": 3378.08, "Total Cost": 64917.95, "Plan Rows": 1, "Plan Width": 29, "Inner Unique": false, "Join Filter": "(t.id = ci.movie_id)", "Plans": [{"Node Type": "Nested Loop", "Parent Relationship": "Outer", "Join Type": "Inner", "Startup Cost": 3373.8, "Total Cost": 64861.38, "Plan Rows": 2, "Plan Width": 29, "Inner Unique": false, "Plans": [{"Node Type": "Streaming(type: LOCAL GATHER dop: 1/64)", "Parent Relationship": "Outer", "Startup Cost": 3369.54, "Total Cost": 64334.52, "Plan Rows": 43, "Plan Width": 21, "Plans": [{"Node Type": "Seq Scan", "Parent Relationship": "Outer", "Relation Name": "title", "Alias": "t", "Startup Cost": 3369.54, "Total Cost": 64333.63, "Plan Rows": 43, "Plan Width": 21, "Filter": "((production_year >= 2006) AND (production_year <= 2007) AND (((title)::text ~~ 'One Piece%'::text) OR ((title)::text ~~ 'Dragon Ball Z%'::text)))"}]}, {"Node Type": "Bitmap Heap Scan", "Parent Relationship": "Inner", "Relation Name": "movie_companies", "Alias": "mc", "Startup Cost": 4.27, "Total Cost": 12.24, "Plan Rows": 1, "Plan Width": 8, "Recheck Cond": "(movie_id = t.id)", "Filter": "(((note)::text ~~ '%(Japan)%'::text) AND ((note)::text !~~ '%(USA)%'::text) AND (((note)::text ~~ '%(2006)%'::text) OR ((note)::text ~~ '%(2007)%'::text)))", "Plans": [{"Node Type": "Bitmap Index Scan", "Parent Relationship": "Outer", "Index Name": "movie_id_movie_companies", "Startup Cost": 0.0, "Total Cost": 4.26, "Plan Rows": 2, "Plan Width": 0, "Index Cond": "(movie_id = t.id)"}]}]}, {"Node Type": "Bitmap Heap Scan", "Parent Relationship": "Inner", "Relation Name": "cast_info", "Alias": "ci", "Startup Cost": 4.27, "Total Cost": 28.27, "Plan Rows": 1, "Plan Width": 12, "Recheck Cond": "(movie_id = mc.movie_id)", "Filter": "((note)::text = '(voice: English version)'::text)", "Plans": [{"Node Type": "Bitmap Index Scan", "Parent Relationship": "Outer", "Index Name": "movie_id_cast_info", "Startup Cost": 0.0, "Total Cost": 4.27, "Plan Rows": 6, "Plan Width": 0, "Index Cond": "(movie_id = mc.movie_id)"}]}]}, {"Node Type": "Bitmap Heap Scan", "Parent Relationship": "Inner", "Relation Name": "aka_name", "Alias": "an", "Startup Cost": 0.38, "Total Cost": 4.39, "Plan Rows": 1, "Plan Width": 20, "Recheck Cond": "(person_id = ci.person_id)", "Plans": [{"Node Type": "Bitmap Index Scan", "Parent Relationship": "Outer", "Index Name": "person_id_aka_name", "Startup Cost": 0.0, "Total Cost": 0.38, "Plan Rows": 1, "Plan Width": 0, "Index Cond": "(person_id = ci.person_id)"}]}]}, {"Node Type": "Bitmap Heap Scan", "Parent Relationship": "Inner", "Relation Name": "company_name", "Alias": "cn", "Startup Cost": 1.23, "Total Cost": 5.24, "Plan Rows": 1, "Plan Width": 4, "Recheck Cond": "(id = mc.company_id)", "Filter": "((country_code)::text = '[jp]'::text)", "Plans": [{"Node Type": "Bitmap Index Scan", "Parent Relationship": "Outer", "Index Name": "company_name_pkey", "Startup Cost": 0.0, "Total Cost": 1.23, "Plan Rows": 1, "Plan Width": 0, "Index Cond": "(id = mc.company_id)"}]}]}, {"Node Type": "Bitmap Heap Scan", "Parent Relationship": "Inner", "Relation Name": "name", "Alias": "n", "Startup Cost": 0.33, "Total Cost": 4.34, "Plan Rows": 1, "Plan Width": 4, "Recheck Cond": "(id = an.person_id)", "Filter": "(((name)::text ~~ '%Yo%'::text) AND ((name)::text !~~ '%Yu%'::text))", "Plans": [{"Node Type": "Bitmap Index Scan", "Parent Relationship": "Outer", "Index Name": "name_pkey", "Startup Cost": 0.0, "Total Cost": 0.33, "Plan Rows": 1, "Plan Width": 0, "Index Cond": "(id = an.person_id)"}]}]}, {"Node Type": "Hash", "Parent Relationship": "Inner", "Startup Cost": 1.15, "Total Cost": 1.15, "Plan Rows": 1, "Plan Width": 4, "Plans": [{"Node Type": "Seq Scan", "Parent Relationship": "Outer", "Relation Name": "role_type", "Alias": "rt", "Startup Cost": 0.0, "Total Cost": 1.15, "Plan Rows": 1, "Plan Width": 4, "Filter": "((role)::text = 'actress'::text)"}]}]}]}, "Unique SQL Id": 3956435728, "Planner Runtime": 41}, "explain_analyze_plan": {"Plan": {"Node Type": "Aggregate", "Strategy": "Plain", "Startup Cost": 64933.14, "Total Cost": 64933.15, "Plan Rows": 1, "Plan Width": 97, "Actual Min Startup Time": 129.576, "Actual Max Startup Time": 129.576, "Actual Min Total Time": 129.576, "Actual Max Total Time": 129.576, "Plans": [{"Node Type": "Hash Join", "Parent Relationship": "Outer", "Join Type": "Inner", "Startup Cost": 3381.18, "Total Cost": 64933.14, "Plan Rows": 1, "Plan Width": 33, "Actual Min Startup Time": 87.415, "Actual Max Startup Time": 87.415, "Actual Min Total Time": 129.501, "Actual Max Total Time": 129.501, "Inner Unique": true, "Hash Cond": "(ci.role_id = rt.id)", "Plans": [{"Node Type": "Nested Loop", "Parent Relationship": "Outer", "Join Type": "Inner", "Startup Cost": 3380.01, "Total Cost": 64931.96, "Plan Rows": 1, "Plan Width": 37, "Actual Min Startup Time": 87.262, "Actual Max Startup Time": 87.262, "Actual Min Total Time": 129.33, "Actual Max Total Time": 129.33, "Inner Unique": true, "Plans": [{"Node Type": "Nested Loop", "Parent Relationship": "Outer", "Join Type": "Inner", "Startup Cost": 3379.69, "Total Cost": 64927.61, "Plan Rows": 1, "Plan Width": 45, "Actual Min Startup Time": 85.524, "Actual Max Startup Time": 85.524, "Actual Min Total Time": 128.065, "Actual Max Total Time": 128.065, "Inner Unique": true, "Plans": [{"Node Type": "Nested Loop", "Parent Relationship": "Outer", "Join Type": "Inner", "Startup Cost": 3378.46, "Total Cost": 64922.35, "Plan Rows": 1, "Plan Width": 49, "Actual Min Startup Time": 85.496, "Actual Max Startup Time": 85.496, "Actual Min Total Time": 127.007, "Actual Max Total Time": 127.007, "Inner Unique": false, "Plans": [{"Node Type": "Nested Loop", "Parent Relationship": "Outer", "Join Type": "Inner", "Startup Cost": 3378.08, "Total Cost": 64917.95, "Plan Rows": 1, "Plan Width": 29, "Actual Min Startup Time": 85.465, "Actual Max Startup Time": 85.465, "Actual Min Total Time": 125.862, "Actual Max Total Time": 125.862, "Inner Unique": false, "Join Filter": "(t.id = ci.movie_id)", "Rows Removed by Join Filter": 0, "Plans": [{"Node Type": "Nested Loop", "Parent Relationship": "Outer", "Join Type": "Inner", "Startup Cost": 3373.8, "Total Cost": 64861.38, "Plan Rows": 2, "Plan Width": 29, "Actual Min Startup Time": 85.383, "Actual Max Startup Time": 85.383, "Actual Min Total Time": 125.278, "Actual Max Total Time": 125.278, "Inner Unique": false, "Plans": [{"Node Type": "Streaming(type: LOCAL GATHER dop: 1/64)", "Parent Relationship": "Outer", "Startup Cost": 3369.54, "Total Cost": 64334.52, "Plan Rows": 43, "Plan Width": 21, "Actual Min Startup Time": 85.256, "Actual Max Startup Time": 85.256, "Actual Min Total Time": 124.89, "Actual Max Total Time": 124.89, "Plans": [{"Node Type": "Seq Scan", "Parent Relationship": "Outer", "Relation Name": "title", "Alias": "t", "Startup Cost": 3369.54, "Total Cost": 64333.63, "Plan Rows": 43, "Plan Width": 21, "Actual Min Startup Time": 11.642, "Actual Max Startup Time": 19.47, "Actual Min Total Time": 14.915, "Actual Max Total Time": 19.47, "Filter": "((production_year >= 2006) AND (production_year <= 2007) AND (((title)::text ~~ 'One Piece%'::text) OR ((title)::text ~~ 'Dragon Ball Z%'::text)))", "Rows Removed by Filter": 2528304, "Actual Rows": 7}], "Actual Rows": 7}, {"Node Type": "Bitmap Heap Scan", "Parent Relationship": "Inner", "Relation Name": "movie_companies", "Alias": "mc", "Startup Cost": 4.27, "Total Cost": 12.24, "Plan Rows": 1, "Plan Width": 8, "Actual Min Startup Time": 0.291, "Actual Max Startup Time": 0.291, "Actual Min Total Time": 0.303, "Actual Max Total Time": 0.303, "Recheck Cond": "(movie_id = t.id)", "Rows Removed by Index Recheck": 0, "Filter": "(((note)::text ~~ '%(Japan)%'::text) AND ((note)::text !~~ '%(USA)%'::text) AND (((note)::text ~~ '%(2006)%'::text) OR ((note)::text ~~ '%(2007)%'::text)))", "Rows Removed by Filter": 13, "Exact Heap Blocks": 13, "Lossy Heap Blocks": 13, "Plans": [{"Node Type": "Bitmap Index Scan", "Parent Relationship": "Outer", "Index Name": "movie_id_movie_companies", "Startup Cost": 0.0, "Total Cost": 4.26, "Plan Rows": 2, "Plan Width": 0, "Actual Min Startup Time": 0.146, "Actual Max Startup Time": 0.146, "Actual Min Total Time": 0.146, "Actual Max Total Time": 0.146, "Index Cond": "(movie_id = t.id)", "Actual Rows": 17}], "Actual Rows": 4}], "Actual Rows": 4}, {"Node Type": "Bitmap Heap Scan", "Parent Relationship": "Inner", "Relation Name": "cast_info", "Alias": "ci", "Startup Cost": 4.27, "Total Cost": 28.27, "Plan Rows": 1, "Plan Width": 12, "Actual Min Startup Time": 0.205, "Actual Max Startup Time": 0.205, "Actual Min Total Time": 0.511, "Actual Max Total Time": 0.511, "Recheck Cond": "(movie_id = mc.movie_id)", "Rows Removed by Index Recheck": 0, "Filter": "((note)::text = '(voice: English version)'::text)", "Rows Removed by Filter": 68, "Exact Heap Blocks": 133, "Lossy Heap Blocks": 133, "Plans": [{"Node Type": "Bitmap Index Scan", "Parent Relationship": "Outer", "Index Name": "movie_id_cast_info", "Startup Cost": 0.0, "Total Cost": 4.27, "Plan Rows": 6, "Plan Width": 0, "Actual Min Startup Time": 0.077, "Actual Max Startup Time": 0.077, "Actual Min Total Time": 0.077, "Actual Max Total Time": 0.077, "Index Cond": "(movie_id = mc.movie_id)", "Actual Rows": 172}], "Actual Rows": 104}], "Actual Rows": 104}, {"Node Type": "Bitmap Heap Scan", "Parent Relationship": "Inner", "Relation Name": "aka_name", "Alias": "an", "Startup Cost": 0.38, "Total Cost": 4.39, "Plan Rows": 1, "Plan Width": 20, "Actual Min Startup Time": 0.85, "Actual Max Startup Time": 0.85, "Actual Min Total Time": 0.933, "Actual Max Total Time": 0.933, "Recheck Cond": "(person_id = ci.person_id)", "Rows Removed by Index Recheck": 0, "Exact Heap Blocks": 105, "Lossy Heap Blocks": 105, "Plans": [{"Node Type": "Bitmap Index Scan", "Parent Relationship": "Outer", "Index Name": "person_id_aka_name", "Startup Cost": 0.0, "Total Cost": 0.38, "Plan Rows": 1, "Plan Width": 0, "Actual Min Startup Time": 0.583, "Actual Max Startup Time": 0.583, "Actual Min Total Time": 0.583, "Actual Max Total Time": 0.583, "Index Cond": "(person_id = ci.person_id)", "Actual Rows": 171}], "Actual Rows": 171}], "Actual Rows": 171}, {"Node Type": "Bitmap Heap Scan", "Parent Relationship": "Inner", "Relation Name": "company_name", "Alias": "cn", "Startup Cost": 1.23, "Total Cost": 5.24, "Plan Rows": 1, "Plan Width": 4, "Actual Min Startup Time": 0.802, "Actual Max Startup Time": 0.802, "Actual Min Total Time": 0.802, "Actual Max Total Time": 0.802, "Recheck Cond": "(id = mc.company_id)", "Rows Removed by Index Recheck": 0, "Filter": "((country_code)::text = '[jp]'::text)", "Rows Removed by Filter": 0, "Exact Heap Blocks": 171, "Lossy Heap Blocks": 171, "Plans": [{"Node Type": "Bitmap Index Scan", "Parent Relationship": "Outer", "Index Name": "company_name_pkey", "Startup Cost": 0.0, "Total Cost": 1.23, "Plan Rows": 1, "Plan Width": 0, "Actual Min Startup Time": 0.464, "Actual Max Startup Time": 0.464, "Actual Min Total Time": 0.464, "Actual Max Total Time": 0.464, "Index Cond": "(id = mc.company_id)", "Actual Rows": 171}], "Actual Rows": 171}], "Actual Rows": 171}, {"Node Type": "Bitmap Heap Scan", "Parent Relationship": "Inner", "Relation Name": "name", "Alias": "n", "Startup Cost": 0.33, "Total Cost": 4.34, "Plan Rows": 1, "Plan Width": 4, "Actual Min Startup Time": 1.043, "Actual Max Startup Time": 1.043, "Actual Min Total Time": 1.043, "Actual Max Total Time": 1.043, "Recheck Cond": "(id = an.person_id)", "Rows Removed by Index Recheck": 0, "Filter": "(((name)::text ~~ '%Yo%'::text) AND ((name)::text !~~ '%Yu%'::text))", "Rows Removed by Filter": 165, "Exact Heap Blocks": 171, "Lossy Heap Blocks": 171, "Plans": [{"Node Type": "Bitmap Index Scan", "Parent Relationship": "Outer", "Index Name": "name_pkey", "Startup Cost": 0.0, "Total Cost": 0.33, "Plan Rows": 1, "Plan Width": 0, "Actual Min Startup Time": 0.645, "Actual Max Startup Time": 0.645, "Actual Min Total Time": 0.645, "Actual Max Total Time": 0.645, "Index Cond": "(id = an.person_id)", "Actual Rows": 171}], "Actual Rows": 6}], "Actual Rows": 6}, {"Node Type": "Hash", "Parent Relationship": "Inner", "Startup Cost": 1.15, "Total Cost": 1.15, "Plan Rows": 1, "Plan Width": 4, "Actual Min Startup Time": 0.076, "Actual Max Startup Time": 0.076, "Actual Min Total Time": 0.076, "Actual Max Total Time": 0.076, "Max Hash Buckets": 32768, "Min Hash Buckets": 32768, "Max Hash Batches": 1, "Min Hash Batches": 1, "Max Original Hash Batches": 1, "Min Original Hash Batches": 1, "Max Peak Memory Usage": 1, "min Peak Memory Usage": 1, "Plans": [{"Node Type": "Seq Scan", "Parent Relationship": "Outer", "Relation Name": "role_type", "Alias": "rt", "Startup Cost": 0.0, "Total Cost": 1.15, "Plan Rows": 1, "Plan Width": 4, "Actual Min Startup Time": 0.053, "Actual Max Startup Time": 0.053, "Actual Min Total Time": 0.058, "Actual Max Total Time": 0.058, "Filter": "((role)::text = 'actress'::text)", "Rows Removed by Filter": 11, "Actual Rows": 1}], "Actual Rows": 1}], "Actual Rows": 6}], "Actual Rows": 1}, "Triggers": [], "Planner Runtime": 42.051, "Total Runtime": 141.601, "Unique SQL Id": 3956435728}}, "(64, '71')": {"explain_plan": {"Plan": {"Node Type": "Aggregate", "Strategy": "Plain", "Startup Cost": 108949.86, "Total Cost": 108949.87, "Plan Rows": 1, "Plan Width": 97, "Plans": [{"Node Type": "Nested Loop", "Parent Relationship": "Outer", "Join Type": "Inner", "Startup Cost": 2793.35, "Total Cost": 108949.85, "Plan Rows": 1, "Plan Width": 33, "Inner Unique": true, "Plans": [{"Node Type": "Nested Loop", "Parent Relationship": "Outer", "Join Type": "Inner", "Startup Cost": 2793.09, "Total Cost": 108945.57, "Plan Rows": 1, "Plan Width": 37, "Inner Unique": true, "Plans": [{"Node Type": "Nested Loop", "Parent Relationship": "Outer", "Join Type": "Inner", "Startup Cost": 2792.76, "Total Cost": 108941.22, "Plan Rows": 1, "Plan Width": 45, "Inner Unique": false, "Plans": [{"Node Type": "Nested Loop", "Parent Relationship": "Outer", "Join Type": "Inner", "Startup Cost": 2792.38, "Total Cost": 108936.81, "Plan Rows": 1, "Plan Width": 25, "Inner Unique": false, "Join Filter": "(t.id = ci.movie_id)", "Plans": [{"Node Type": "Nested Loop", "Parent Relationship": "Outer", "Join Type": "Inner", "Startup Cost": 2788.11, "Total Cost": 108880.24, "Plan Rows": 2, "Plan Width": 25, "Inner Unique": true, "Plans": [{"Node Type": "Nested Loop", "Parent Relationship": "Outer", "Join Type": "Inner", "Startup Cost": 2784.18, "Total Cost": 106793.84, "Plan Rows": 262, "Plan Width": 4, "Inner Unique": false, "Plans": [{"Node Type": "Bitmap Heap Scan", "Parent Relationship": "Outer", "Relation Name": "company_name", "Alias": "cn", "Startup Cost": 2780.8, "Total Cost": 8684.25, "Plan Rows": 6290, "Plan Width": 4, "Filter": "((country_code)::text = '[jp]'::text)", "Plans": [{"Node Type": "Bitmap Index Scan", "Parent Relationship": "Outer", "Index Name": "company_name_pkey", "Startup Cost": 0.0, "Total Cost": 2779.23, "Plan Rows": 234996, "Plan Width": 0}]}, {"Node Type": "Bitmap Heap Scan", "Parent Relationship": "Inner", "Relation Name": "movie_companies", "Alias": "mc", "Startup Cost": 3.37, "Total Cost": 15.59, "Plan Rows": 1, "Plan Width": 8, "Recheck Cond": "(company_id = cn.id)", "Filter": "(((note)::text ~~ '%(Japan)%'::text) AND ((note)::text !~~ '%(USA)%'::text) AND (((note)::text ~~ '%(2006)%'::text) OR ((note)::text ~~ '%(2007)%'::text)))", "Plans": [{"Node Type": "Bitmap Index Scan", "Parent Relationship": "Outer", "Index Name": "company_id_movie_companies", "Startup Cost": 0.0, "Total Cost": 3.37, "Plan Rows": 15, "Plan Width": 0, "Index Cond": "(company_id = cn.id)"}]}]}, {"Node Type": "Bitmap Heap Scan", "Parent Relationship": "Inner", "Relation Name": "title", "Alias": "t", "Startup Cost": 3.93, "Total Cost": 7.95, "Plan Rows": 1, "Plan Width": 21, "Recheck Cond": "(id = mc.movie_id)", "Filter": "((production_year >= 2006) AND (production_year <= 2007) AND (((title)::text ~~ 'One Piece%'::text) OR ((title)::text ~~ 'Dragon Ball Z%'::text)))", "Plans": [{"Node Type": "Bitmap Index Scan", "Parent Relationship": "Outer", "Index Name": "title_pkey", "Startup Cost": 0.0, "Total Cost": 3.93, "Plan Rows": 1, "Plan Width": 0, "Index Cond": "(id = mc.movie_id)"}]}]}, {"Node Type": "Bitmap Heap Scan", "Parent Relationship": "Inner", "Relation Name": "cast_info", "Alias": "ci", "Startup Cost": 4.27, "Total Cost": 28.27, "Plan Rows": 1, "Plan Width": 12, "Recheck Cond": "(movie_id = mc.movie_id)", "Filter": "((note)::text = '(voice: English version)'::text)", "Plans": [{"Node Type": "Bitmap Index Scan", "Parent Relationship": "Outer", "Index Name": "movie_id_cast_info", "Startup Cost": 0.0, "Total Cost": 4.27, "Plan Rows": 6, "Plan Width": 0, "Index Cond": "(movie_id = mc.movie_id)"}]}]}, {"Node Type": "Bitmap Heap Scan", "Parent Relationship": "Inner", "Relation Name": "aka_name", "Alias": "an", "Startup Cost": 0.38, "Total Cost": 4.39, "Plan Rows": 1, "Plan Width": 20, "Recheck Cond": "(person_id = ci.person_id)", "Plans": [{"Node Type": "Bitmap Index Scan", "Parent Relationship": "Outer", "Index Name": "person_id_aka_name", "Startup Cost": 0.0, "Total Cost": 0.38, "Plan Rows": 1, "Plan Width": 0, "Index Cond": "(person_id = ci.person_id)"}]}]}, {"Node Type": "Bitmap Heap Scan", "Parent Relationship": "Inner", "Relation Name": "name", "Alias": "n", "Startup Cost": 0.33, "Total Cost": 4.34, "Plan Rows": 1, "Plan Width": 4, "Recheck Cond": "(id = an.person_id)", "Filter": "(((name)::text ~~ '%Yo%'::text) AND ((name)::text !~~ '%Yu%'::text))", "Plans": [{"Node Type": "Bitmap Index Scan", "Parent Relationship": "Outer", "Index Name": "name_pkey", "Startup Cost": 0.0, "Total Cost": 0.33, "Plan Rows": 1, "Plan Width": 0, "Index Cond": "(id = an.person_id)"}]}]}, {"Node Type": "Bitmap Heap Scan", "Parent Relationship": "Inner", "Relation Name": "role_type", "Alias": "rt", "Startup Cost": 0.26, "Total Cost": 4.27, "Plan Rows": 1, "Plan Width": 4, "Recheck Cond": "(id = ci.role_id)", "Filter": "((role)::text = 'actress'::text)", "Plans": [{"Node Type": "Bitmap Index Scan", "Parent Relationship": "Outer", "Index Name": "role_type_pkey", "Startup Cost": 0.0, "Total Cost": 0.26, "Plan Rows": 1, "Plan Width": 0, "Index Cond": "(id = ci.role_id)"}]}]}]}, "Unique SQL Id": 3956435728, "Planner Runtime": 30}, "explain_analyze_plan": {"Plan": {"Node Type": "Aggregate", "Strategy": "Plain", "Startup Cost": 108949.86, "Total Cost": 108949.87, "Plan Rows": 1, "Plan Width": 97, "Actual Startup Time": 454.404, "Actual Total Time": 454.405, "Actual Rows": 1, "Actual Loops": 1, "Plans": [{"Node Type": "Nested Loop", "Parent Relationship": "Outer", "Join Type": "Inner", "Startup Cost": 2793.35, "Total Cost": 108949.85, "Plan Rows": 1, "Plan Width": 33, "Actual Startup Time": 126.355, "Actual Total Time": 454.354, "Actual Rows": 6, "Actual Loops": 1, "Inner Unique": true, "Plans": [{"Node Type": "Nested Loop", "Parent Relationship": "Outer", "Join Type": "Inner", "Startup Cost": 2793.09, "Total Cost": 108945.57, "Plan Rows": 1, "Plan Width": 37, "Actual Startup Time": 126.34, "Actual Total Time": 454.31, "Actual Rows": 6, "Actual Loops": 1, "Inner Unique": true, "Plans": [{"Node Type": "Nested Loop", "Parent Relationship": "Outer", "Join Type": "Inner", "Startup Cost": 2792.76, "Total Cost": 108941.22, "Plan Rows": 1, "Plan Width": 45, "Actual Startup Time": 125.755, "Actual Total Time": 453.226, "Actual Rows": 171, "Actual Loops": 1, "Inner Unique": false, "Plans": [{"Node Type": "Nested Loop", "Parent Relationship": "Outer", "Join Type": "Inner", "Startup Cost": 2792.38, "Total Cost": 108936.81, "Plan Rows": 1, "Plan Width": 25, "Actual Startup Time": 125.731, "Actual Total Time": 452.322, "Actual Rows": 104, "Actual Loops": 1, "Inner Unique": false, "Join Filter": "(t.id = ci.movie_id)", "Rows Removed by Join Filter": 0, "Plans": [{"Node Type": "Nested Loop", "Parent Relationship": "Outer", "Join Type": "Inner", "Startup Cost": 2788.11, "Total Cost": 108880.24, "Plan Rows": 2, "Plan Width": 25, "Actual Startup Time": 125.673, "Actual Total Time": 451.843, "Actual Rows": 4, "Actual Loops": 1, "Inner Unique": true, "Plans": [{"Node Type": "Nested Loop", "Parent Relationship": "Outer", "Join Type": "Inner", "Startup Cost": 2784.18, "Total Cost": 106793.84, "Plan Rows": 262, "Plan Width": 4, "Actual Startup Time": 21.615, "Actual Total Time": 389.321, "Actual Rows": 8495, "Actual Loops": 1, "Inner Unique": false, "Plans": [{"Node Type": "Bitmap Heap Scan", "Parent Relationship": "Outer", "Relation Name": "company_name", "Alias": "cn", "Startup Cost": 2780.8, "Total Cost": 8684.25, "Plan Rows": 6290, "Plan Width": 4, "Actual Startup Time": 21.545, "Actual Total Time": 139.197, "Actual Rows": 6752, "Actual Loops": 1, "Filter": "((country_code)::text = '[jp]'::text)", "Rows Removed by Filter": 228244, "Exact Heap Blocks": 2966, "Lossy Heap Blocks": 2966, "Plans": [{"Node Type": "Bitmap Index Scan", "Parent Relationship": "Outer", "Index Name": "company_name_pkey", "Startup Cost": 0.0, "Total Cost": 2779.23, "Plan Rows": 234996, "Plan Width": 0, "Actual Startup Time": 21.066, "Actual Total Time": 21.066, "Actual Rows": 234996, "Actual Loops": 1}]}, {"Node Type": "Bitmap Heap Scan", "Parent Relationship": "Inner", "Relation Name": "movie_companies", "Alias": "mc", "Startup Cost": 3.37, "Total Cost": 15.59, "Plan Rows": 1, "Plan Width": 8, "Actual Startup Time": 134.789, "Actual Total Time": 238.582, "Actual Rows": 8495, "Actual Loops": 6752, "Recheck Cond": "(company_id = cn.id)", "Rows Removed by Index Recheck": 0, "Filter": "(((note)::text ~~ '%(Japan)%'::text) AND ((note)::text !~~ '%(USA)%'::text) AND (((note)::text ~~ '%(2006)%'::text) OR ((note)::text ~~ '%(2007)%'::text)))", "Rows Removed by Filter": 96500, "Exact Heap Blocks": 61861, "Lossy Heap Blocks": 61861, "Plans": [{"Node Type": "Bitmap Index Scan", "Parent Relationship": "Outer", "Index Name": "company_id_movie_companies", "Startup Cost": 0.0, "Total Cost": 3.37, "Plan Rows": 15, "Plan Width": 0, "Actual Startup Time": 52.102, "Actual Total Time": 52.102, "Actual Rows": 104995, "Actual Loops": 6752, "Index Cond": "(company_id = cn.id)"}]}]}, {"Node Type": "Bitmap Heap Scan", "Parent Relationship": "Inner", "Relation Name": "title", "Alias": "t", "Startup Cost": 3.93, "Total Cost": 7.95, "Plan Rows": 1, "Plan Width": 21, "Actual Startup Time": 52.556, "Actual Total Time": 52.556, "Actual Rows": 4, "Actual Loops": 8495, "Recheck Cond": "(id = mc.movie_id)", "Rows Removed by Index Recheck": 0, "Filter": "((production_year >= 2006) AND (production_year <= 2007) AND (((title)::text ~~ 'One Piece%'::text) OR ((title)::text ~~ 'Dragon Ball Z%'::text)))", "Rows Removed by Filter": 8491, "Exact Heap Blocks": 8495, "Lossy Heap Blocks": 8495, "Plans": [{"Node Type": "Bitmap Index Scan", "Parent Relationship": "Outer", "Index Name": "title_pkey", "Startup Cost": 0.0, "Total Cost": 3.93, "Plan Rows": 1, "Plan Width": 0, "Actual Startup Time": 25.939, "Actual Total Time": 25.939, "Actual Rows": 8495, "Actual Loops": 8495, "Index Cond": "(id = mc.movie_id)"}]}]}, {"Node Type": "Bitmap Heap Scan", "Parent Relationship": "Inner", "Relation Name": "cast_info", "Alias": "ci", "Startup Cost": 4.27, "Total Cost": 28.27, "Plan Rows": 1, "Plan Width": 12, "Actual Startup Time": 0.182, "Actual Total Time": 0.41, "Actual Rows": 104, "Actual Loops": 4, "Recheck Cond": "(movie_id = mc.movie_id)", "Rows Removed by Index Recheck": 0, "Filter": "((note)::text = '(voice: English version)'::text)", "Rows Removed by Filter": 68, "Exact Heap Blocks": 133, "Lossy Heap Blocks": 133, "Plans": [{"Node Type": "Bitmap Index Scan", "Parent Relationship": "Outer", "Index Name": "movie_id_cast_info", "Startup Cost": 0.0, "Total Cost": 4.27, "Plan Rows": 6, "Plan Width": 0, "Actual Startup Time": 0.058, "Actual Total Time": 0.058, "Actual Rows": 172, "Actual Loops": 4, "Index Cond": "(movie_id = mc.movie_id)"}]}]}, {"Node Type": "Bitmap Heap Scan", "Parent Relationship": "Inner", "Relation Name": "aka_name", "Alias": "an", "Startup Cost": 0.38, "Total Cost": 4.39, "Plan Rows": 1, "Plan Width": 20, "Actual Startup Time": 0.631, "Actual Total Time": 0.711, "Actual Rows": 171, "Actual Loops": 104, "Recheck Cond": "(person_id = ci.person_id)", "Rows Removed by Index Recheck": 0, "Exact Heap Blocks": 105, "Lossy Heap Blocks": 105, "Plans": [{"Node Type": "Bitmap Index Scan", "Parent Relationship": "Outer", "Index Name": "person_id_aka_name", "Startup Cost": 0.0, "Total Cost": 0.38, "Plan Rows": 1, "Plan Width": 0, "Actual Startup Time": 0.442, "Actual Total Time": 0.442, "Actual Rows": 171, "Actual Loops": 104, "Index Cond": "(person_id = ci.person_id)"}]}]}, {"Node Type": "Bitmap Heap Scan", "Parent Relationship": "Inner", "Relation Name": "name", "Alias": "n", "Startup Cost": 0.33, "Total Cost": 4.34, "Plan Rows": 1, "Plan Width": 4, "Actual Startup Time": 0.885, "Actual Total Time": 0.885, "Actual Rows": 6, "Actual Loops": 171, "Recheck Cond": "(id = an.person_id)", "Rows Removed by Index Recheck": 0, "Filter": "(((name)::text ~~ '%Yo%'::text) AND ((name)::text !~~ '%Yu%'::text))", "Rows Removed by Filter": 165, "Exact Heap Blocks": 171, "Lossy Heap Blocks": 171, "Plans": [{"Node Type": "Bitmap Index Scan", "Parent Relationship": "Outer", "Index Name": "name_pkey", "Startup Cost": 0.0, "Total Cost": 0.33, "Plan Rows": 1, "Plan Width": 0, "Actual Startup Time": 0.549, "Actual Total Time": 0.549, "Actual Rows": 171, "Actual Loops": 171, "Index Cond": "(id = an.person_id)"}]}]}, {"Node Type": "Bitmap Heap Scan", "Parent Relationship": "Inner", "Relation Name": "role_type", "Alias": "rt", "Startup Cost": 0.26, "Total Cost": 4.27, "Plan Rows": 1, "Plan Width": 4, "Actual Startup Time": 0.029, "Actual Total Time": 0.029, "Actual Rows": 6, "Actual Loops": 6, "Recheck Cond": "(id = ci.role_id)", "Rows Removed by Index Recheck": 0, "Filter": "((role)::text = 'actress'::text)", "Rows Removed by Filter": 0, "Exact Heap Blocks": 6, "Lossy Heap Blocks": 6, "Plans": [{"Node Type": "Bitmap Index Scan", "Parent Relationship": "Outer", "Index Name": "role_type_pkey", "Startup Cost": 0.0, "Total Cost": 0.26, "Plan Rows": 1, "Plan Width": 0, "Actual Startup Time": 0.01, "Actual Total Time": 0.01, "Actual Rows": 6, "Actual Loops": 6, "Index Cond": "(id = ci.role_id)"}]}]}]}, "Triggers": [], "Planner Runtime": 30.658, "Total Runtime": 454.866, "Unique SQL Id": 3956435728}}, "(64, '72')": {"explain_plan": {"Plan": {"Node Type": "Aggregate", "Strategy": "Plain", "Startup Cost": 64890.38, "Total Cost": 64890.39, "Plan Rows": 1, "Plan Width": 97, "Plans": [{"Node Type": "Nested Loop", "Parent Relationship": "Outer", "Join Type": "Inner", "Startup Cost": 3369.54, "Total Cost": 64890.38, "Plan Rows": 1, "Plan Width": 33, "Inner Unique": true, "Plans": [{"Node Type": "Nested Loop", "Parent Relationship": "Outer", "Join Type": "Inner", "Startup Cost": 3369.54, "Total Cost": 64890.09, "Plan Rows": 1, "Plan Width": 37, "Inner Unique": true, "Plans": [{"Node Type": "Nested Loop", "Parent Relationship": "Outer", "Join Type": "Inner", "Startup Cost": 3369.54, "Total Cost": 64889.51, "Plan Rows": 1, "Plan Width": 45, "Inner Unique": true, "Plans": [{"Node Type": "Nested Loop", "Parent Relationship": "Outer", "Join Type": "Inner", "Startup Cost": 3369.54, "Total Cost": 64885.13, "Plan Rows": 1, "Plan Width": 49, "Inner Unique": false, "Plans": [{"Node Type": "Nested Loop", "Parent Relationship": "Outer", "Join Type": "Inner", "Startup Cost": 3369.54, "Total Cost": 64884.27, "Plan Rows": 1, "Plan Width": 29, "Inner Unique": false, "Join Filter": "(t.id = ci.movie_id)", "Plans": [{"Node Type": "Nested Loop", "Parent Relationship": "Outer", "Join Type": "Inner", "Startup Cost": 3369.54, "Total Cost": 64828.49, "Plan Rows": 2, "Plan Width": 29, "Inner Unique": false, "Plans": [{"Node Type": "Streaming(type: LOCAL GATHER dop: 1/64)", "Parent Relationship": "Outer", "Startup Cost": 3369.54, "Total Cost": 64334.52, "Plan Rows": 43, "Plan Width": 21, "Plans": [{"Node Type": "Seq Scan", "Parent Relationship": "Outer", "Relation Name": "title", "Alias": "t", "Startup Cost": 3369.54, "Total Cost": 64333.63, "Plan Rows": 43, "Plan Width": 21, "Filter": "((production_year >= 2006) AND (production_year <= 2007) AND (((title)::text ~~ 'One Piece%'::text) OR ((title)::text ~~ 'Dragon Ball Z%'::text)))"}]}, {"Node Type": "Index Scan", "Parent Relationship": "Inner", "Scan Direction": "Forward", "Index Name": "movie_id_movie_companies", "Relation Name": "movie_companies", "Alias": "mc", "Startup Cost": 0.0, "Total Cost": 11.48, "Plan Rows": 1, "Plan Width": 8, "Index Cond": "(movie_id = t.id)", "Filter": "(((note)::text ~~ '%(Japan)%'::text) AND ((note)::text !~~ '%(USA)%'::text) AND (((note)::text ~~ '%(2006)%'::text) OR ((note)::text ~~ '%(2007)%'::text)))"}]}, {"Node Type": "Index Scan", "Parent Relationship": "Inner", "Scan Direction": "Forward", "Index Name": "movie_id_cast_info", "Relation Name": "cast_info", "Alias": "ci", "Startup Cost": 0.0, "Total Cost": 27.88, "Plan Rows": 1, "Plan Width": 12, "Index Cond": "(movie_id = mc.movie_id)", "Filter": "((note)::text = '(voice: English version)'::text)"}]}, {"Node Type": "Index Scan", "Parent Relationship": "Inner", "Scan Direction": "Forward", "Index Name": "person_id_aka_name", "Relation Name": "aka_name", "Alias": "an", "Startup Cost": 0.0, "Total Cost": 0.84, "Plan Rows": 1, "Plan Width": 20, "Index Cond": "(person_id = ci.person_id)"}]}, {"Node Type": "Index Scan", "Parent Relationship": "Inner", "Scan Direction": "Forward", "Index Name": "company_name_pkey", "Relation Name": "company_name", "Alias": "cn", "Startup Cost": 0.0, "Total Cost": 4.37, "Plan Rows": 1, "Plan Width": 4, "Index Cond": "(id = mc.company_id)", "Filter": "((country_code)::text = '[jp]'::text)"}]}, {"Node Type": "Index Scan", "Parent Relationship": "Inner", "Scan Direction": "Forward", "Index Name": "name_pkey", "Relation Name": "name", "Alias": "n", "Startup Cost": 0.0, "Total Cost": 0.57, "Plan Rows": 1, "Plan Width": 4, "Index Cond": "(id = an.person_id)", "Filter": "(((name)::text ~~ '%Yo%'::text) AND ((name)::text !~~ '%Yu%'::text))"}]}, {"Node Type": "Index Scan", "Parent Relationship": "Inner", "Scan Direction": "Forward", "Index Name": "role_type_pkey", "Relation Name": "role_type", "Alias": "rt", "Startup Cost": 0.0, "Total Cost": 0.27, "Plan Rows": 1, "Plan Width": 4, "Index Cond": "(id = ci.role_id)", "Filter": "((role)::text = 'actress'::text)"}]}]}, "Unique SQL Id": 3956435728, "Planner Runtime": 30}, "explain_analyze_plan": {"Plan": {"Node Type": "Aggregate", "Strategy": "Plain", "Startup Cost": 64890.38, "Total Cost": 64890.39, "Plan Rows": 1, "Plan Width": 97, "Actual Min Startup Time": 129.95, "Actual Max Startup Time": 129.95, "Actual Min Total Time": 129.951, "Actual Max Total Time": 129.951, "Plans": [{"Node Type": "Nested Loop", "Parent Relationship": "Outer", "Join Type": "Inner", "Startup Cost": 3369.54, "Total Cost": 64890.38, "Plan Rows": 1, "Plan Width": 33, "Actual Min Startup Time": 82.756, "Actual Max Startup Time": 82.756, "Actual Min Total Time": 129.873, "Actual Max Total Time": 129.873, "Inner Unique": true, "Plans": [{"Node Type": "Nested Loop", "Parent Relationship": "Outer", "Join Type": "Inner", "Startup Cost": 3369.54, "Total Cost": 64890.09, "Plan Rows": 1, "Plan Width": 37, "Actual Min Startup Time": 82.738, "Actual Max Startup Time": 82.738, "Actual Min Total Time": 129.822, "Actual Max Total Time": 129.822, "Inner Unique": true, "Plans": [{"Node Type": "Nested Loop", "Parent Relationship": "Outer", "Join Type": "Inner", "Startup Cost": 3369.54, "Total Cost": 64889.51, "Plan Rows": 1, "Plan Width": 45, "Actual Min Startup Time": 81.529, "Actual Max Startup Time": 81.529, "Actual Min Total Time": 128.829, "Actual Max Total Time": 128.829, "Inner Unique": true, "Plans": [{"Node Type": "Nested Loop", "Parent Relationship": "Outer", "Join Type": "Inner", "Startup Cost": 3369.54, "Total Cost": 64885.13, "Plan Rows": 1, "Plan Width": 49, "Actual Min Startup Time": 81.496, "Actual Max Startup Time": 81.496, "Actual Min Total Time": 128.07, "Actual Max Total Time": 128.07, "Inner Unique": false, "Plans": [{"Node Type": "Nested Loop", "Parent Relationship": "Outer", "Join Type": "Inner", "Startup Cost": 3369.54, "Total Cost": 64884.27, "Plan Rows": 1, "Plan Width": 29, "Actual Min Startup Time": 81.476, "Actual Max Startup Time": 81.476, "Actual Min Total Time": 127.263, "Actual Max Total Time": 127.263, "Inner Unique": false, "Join Filter": "(t.id = ci.movie_id)", "Rows Removed by Join Filter": 0, "Plans": [{"Node Type": "Nested Loop", "Parent Relationship": "Outer", "Join Type": "Inner", "Startup Cost": 3369.54, "Total Cost": 64828.49, "Plan Rows": 2, "Plan Width": 29, "Actual Min Startup Time": 81.441, "Actual Max Startup Time": 81.441, "Actual Min Total Time": 126.75, "Actual Max Total Time": 126.75, "Inner Unique": false, "Plans": [{"Node Type": "Streaming(type: LOCAL GATHER dop: 1/64)", "Parent Relationship": "Outer", "Startup Cost": 3369.54, "Total Cost": 64334.52, "Plan Rows": 43, "Plan Width": 21, "Actual Min Startup Time": 81.336, "Actual Max Startup Time": 81.336, "Actual Min Total Time": 126.394, "Actual Max Total Time": 126.394, "Plans": [{"Node Type": "Seq Scan", "Parent Relationship": "Outer", "Relation Name": "title", "Alias": "t", "Startup Cost": 3369.54, "Total Cost": 64333.63, "Plan Rows": 43, "Plan Width": 21, "Actual Min Startup Time": 11.827, "Actual Max Startup Time": 38.588, "Actual Min Total Time": 14.967, "Actual Max Total Time": 38.588, "Filter": "((production_year >= 2006) AND (production_year <= 2007) AND (((title)::text ~~ 'One Piece%'::text) OR ((title)::text ~~ 'Dragon Ball Z%'::text)))", "Rows Removed by Filter": 2528304, "Actual Rows": 7}], "Actual Rows": 7}, {"Node Type": "Index Scan", "Parent Relationship": "Inner", "Scan Direction": "Forward", "Index Name": "movie_id_movie_companies", "Relation Name": "movie_companies", "Alias": "mc", "Startup Cost": 0.0, "Total Cost": 11.48, "Plan Rows": 1, "Plan Width": 8, "Actual Min Startup Time": 0.272, "Actual Max Startup Time": 0.272, "Actual Min Total Time": 0.284, "Actual Max Total Time": 0.284, "Index Cond": "(movie_id = t.id)", "Rows Removed by Index Recheck": 0, "Filter": "(((note)::text ~~ '%(Japan)%'::text) AND ((note)::text !~~ '%(USA)%'::text) AND (((note)::text ~~ '%(2006)%'::text) OR ((note)::text ~~ '%(2007)%'::text)))", "Rows Removed by Filter": 13, "Actual Rows": 4}], "Actual Rows": 4}, {"Node Type": "Index Scan", "Parent Relationship": "Inner", "Scan Direction": "Forward", "Index Name": "movie_id_cast_info", "Relation Name": "cast_info", "Alias": "ci", "Startup Cost": 0.0, "Total Cost": 27.88, "Plan Rows": 1, "Plan Width": 12, "Actual Min Startup Time": 0.149, "Actual Max Startup Time": 0.149, "Actual Min Total Time": 0.418, "Actual Max Total Time": 0.418, "Index Cond": "(movie_id = mc.movie_id)", "Rows Removed by Index Recheck": 0, "Filter": "((note)::text = '(voice: English version)'::text)", "Rows Removed by Filter": 68, "Actual Rows": 104}], "Actual Rows": 104}, {"Node Type": "Index Scan", "Parent Relationship": "Inner", "Scan Direction": "Forward", "Index Name": "person_id_aka_name", "Relation Name": "aka_name", "Alias": "an", "Startup Cost": 0.0, "Total Cost": 0.84, "Plan Rows": 1, "Plan Width": 20, "Actual Min Startup Time": 0.573, "Actual Max Startup Time": 0.573, "Actual Min Total Time": 0.686, "Actual Max Total Time": 0.686, "Index Cond": "(person_id = ci.person_id)", "Rows Removed by Index Recheck": 0, "Actual Rows": 171}], "Actual Rows": 171}, {"Node Type": "Index Scan", "Parent Relationship": "Inner", "Scan Direction": "Forward", "Index Name": "company_name_pkey", "Relation Name": "company_name", "Alias": "cn", "Startup Cost": 0.0, "Total Cost": 4.37, "Plan Rows": 1, "Plan Width": 4, "Actual Min Startup Time": 0.589, "Actual Max Startup Time": 0.589, "Actual Min Total Time": 0.589, "Actual Max Total Time": 0.589, "Index Cond": "(id = mc.company_id)", "Rows Removed by Index Recheck": 0, "Filter": "((country_code)::text = '[jp]'::text)", "Rows Removed by Filter": 0, "Actual Rows": 171}], "Actual Rows": 171}, {"Node Type": "Index Scan", "Parent Relationship": "Inner", "Scan Direction": "Forward", "Index Name": "name_pkey", "Relation Name": "name", "Alias": "n", "Startup Cost": 0.0, "Total Cost": 0.57, "Plan Rows": 1, "Plan Width": 4, "Actual Min Startup Time": 0.882, "Actual Max Startup Time": 0.882, "Actual Min Total Time": 0.882, "Actual Max Total Time": 0.882, "Index Cond": "(id = an.person_id)", "Rows Removed by Index Recheck": 0, "Filter": "(((name)::text ~~ '%Yo%'::text) AND ((name)::text !~~ '%Yu%'::text))", "Rows Removed by Filter": 165, "Actual Rows": 6}], "Actual Rows": 6}, {"Node Type": "Index Scan", "Parent Relationship": "Inner", "Scan Direction": "Forward", "Index Name": "role_type_pkey", "Relation Name": "role_type", "Alias": "rt", "Startup Cost": 0.0, "Total Cost": 0.27, "Plan Rows": 1, "Plan Width": 4, "Actual Min Startup Time": 0.03, "Actual Max Startup Time": 0.03, "Actual Min Total Time": 0.03, "Actual Max Total Time": 0.03, "Index Cond": "(id = ci.role_id)", "Rows Removed by Index Recheck": 0, "Filter": "((role)::text = 'actress'::text)", "Rows Removed by Filter": 0, "Actual Rows": 6}], "Actual Rows": 6}], "Actual Rows": 1}, "Triggers": [], "Planner Runtime": 31.722, "Total Runtime": 142.327, "Unique SQL Id": 3956435728}}, "(64, '73')": {"explain_plan": {"Plan": {"Node Type": "Aggregate", "Strategy": "Plain", "Startup Cost": 84111.26, "Total Cost": 84111.27, "Plan Rows": 1, "Plan Width": 97, "Plans": [{"Node Type": "Nested Loop", "Parent Relationship": "Outer", "Join Type": "Inner", "Startup Cost": 0.0, "Total Cost": 84111.26, "Plan Rows": 1, "Plan Width": 33, "Inner Unique": true, "Plans": [{"Node Type": "Nested Loop", "Parent Relationship": "Outer", "Join Type": "Inner", "Startup Cost": 0.0, "Total Cost": 84110.97, "Plan Rows": 1, "Plan Width": 37, "Inner Unique": true, "Plans": [{"Node Type": "Nested Loop", "Parent Relationship": "Outer", "Join Type": "Inner", "Startup Cost": 0.0, "Total Cost": 84110.39, "Plan Rows": 1, "Plan Width": 45, "Inner Unique": false, "Plans": [{"Node Type": "Nested Loop", "Parent Relationship": "Outer", "Join Type": "Inner", "Startup Cost": 0.0, "Total Cost": 84109.54, "Plan Rows": 1, "Plan Width": 25, "Inner Unique": false, "Join Filter": "(t.id = ci.movie_id)", "Plans": [{"Node Type": "Nested Loop", "Parent Relationship": "Outer", "Join Type": "Inner", "Startup Cost": 0.0, "Total Cost": 84053.76, "Plan Rows": 2, "Plan Width": 25, "Inner Unique": true, "Plans": [{"Node Type": "Nested Loop", "Parent Relationship": "Outer", "Join Type": "Inner", "Startup Cost": 0.0, "Total Cost": 81991.53, "Plan Rows": 262, "Plan Width": 4, "Inner Unique": false, "Plans": [{"Node Type": "Index Scan", "Parent Relationship": "Outer", "Scan Direction": "Forward", "Index Name": "company_name_pkey", "Relation Name": "company_name", "Alias": "cn", "Startup Cost": 0.0, "Total Cost": 10501.39, "Plan Rows": 6290, "Plan Width": 4, "Filter": "((country_code)::text = '[jp]'::text)"}, {"Node Type": "Index Scan", "Parent Relationship": "Inner", "Scan Direction": "Forward", "Index Name": "company_id_movie_companies", "Relation Name": "movie_companies", "Alias": "mc", "Startup Cost": 0.0, "Total Cost": 11.36, "Plan Rows": 1, "Plan Width": 8, "Index Cond": "(company_id = cn.id)", "Filter": "(((note)::text ~~ '%(Japan)%'::text) AND ((note)::text !~~ '%(USA)%'::text) AND (((note)::text ~~ '%(2006)%'::text) OR ((note)::text ~~ '%(2007)%'::text)))"}]}, {"Node Type": "Index Scan", "Parent Relationship": "Inner", "Scan Direction": "Forward", "Index Name": "title_pkey", "Relation Name": "title", "Alias": "t", "Startup Cost": 0.0, "Total Cost": 7.86, "Plan Rows": 1, "Plan Width": 21, "Index Cond": "(id = mc.movie_id)", "Filter": "((production_year >= 2006) AND (production_year <= 2007) AND (((title)::text ~~ 'One Piece%'::text) OR ((title)::text ~~ 'Dragon Ball Z%'::text)))"}]}, {"Node Type": "Index Scan", "Parent Relationship": "Inner", "Scan Direction": "Forward", "Index Name": "movie_id_cast_info", "Relation Name": "cast_info", "Alias": "ci", "Startup Cost": 0.0, "Total Cost": 27.88, "Plan Rows": 1, "Plan Width": 12, "Index Cond": "(movie_id = mc.movie_id)", "Filter": "((note)::text = '(voice: English version)'::text)"}]}, {"Node Type": "Index Scan", "Parent Relationship": "Inner", "Scan Direction": "Forward", "Index Name": "person_id_aka_name", "Relation Name": "aka_name", "Alias": "an", "Startup Cost": 0.0, "Total Cost": 0.84, "Plan Rows": 1, "Plan Width": 20, "Index Cond": "(person_id = ci.person_id)"}]}, {"Node Type": "Index Scan", "Parent Relationship": "Inner", "Scan Direction": "Forward", "Index Name": "name_pkey", "Relation Name": "name", "Alias": "n", "Startup Cost": 0.0, "Total Cost": 0.57, "Plan Rows": 1, "Plan Width": 4, "Index Cond": "(id = an.person_id)", "Filter": "(((name)::text ~~ '%Yo%'::text) AND ((name)::text !~~ '%Yu%'::text))"}]}, {"Node Type": "Index Scan", "Parent Relationship": "Inner", "Scan Direction": "Forward", "Index Name": "role_type_pkey", "Relation Name": "role_type", "Alias": "rt", "Startup Cost": 0.0, "Total Cost": 0.27, "Plan Rows": 1, "Plan Width": 4, "Index Cond": "(id = ci.role_id)", "Filter": "((role)::text = 'actress'::text)"}]}]}, "Unique SQL Id": 3956435728, "Planner Runtime": 28}, "explain_analyze_plan": {"Plan": {"Node Type": "Aggregate", "Strategy": "Plain", "Startup Cost": 84111.26, "Total Cost": 84111.27, "Plan Rows": 1, "Plan Width": 97, "Actual Startup Time": 508.933, "Actual Total Time": 508.933, "Actual Rows": 1, "Actual Loops": 1, "Plans": [{"Node Type": "Nested Loop", "Parent Relationship": "Outer", "Join Type": "Inner", "Startup Cost": 0.0, "Total Cost": 84111.26, "Plan Rows": 1, "Plan Width": 33, "Actual Startup Time": 43.321, "Actual Total Time": 508.871, "Actual Rows": 6, "Actual Loops": 1, "Inner Unique": true, "Plans": [{"Node Type": "Nested Loop", "Parent Relationship": "Outer", "Join Type": "Inner", "Startup Cost": 0.0, "Total Cost": 84110.97, "Plan Rows": 1, "Plan Width": 37, "Actual Startup Time": 43.31, "Actual Total Time": 508.838, "Actual Rows": 6, "Actual Loops": 1, "Inner Unique": true, "Plans": [{"Node Type": "Nested Loop", "Parent Relationship": "Outer", "Join Type": "Inner", "Startup Cost": 0.0, "Total Cost": 84110.39, "Plan Rows": 1, "Plan Width": 45, "Actual Startup Time": 42.486, "Actual Total Time": 507.995, "Actual Rows": 171, "Actual Loops": 1, "Inner Unique": false, "Plans": [{"Node Type": "Nested Loop", "Parent Relationship": "Outer", "Join Type": "Inner", "Startup Cost": 0.0, "Total Cost": 84109.54, "Plan Rows": 1, "Plan Width": 25, "Actual Startup Time": 42.471, "Actual Total Time": 507.321, "Actual Rows": 104, "Actual Loops": 1, "Inner Unique": false, "Join Filter": "(t.id = ci.movie_id)", "Rows Removed by Join Filter": 0, "Plans": [{"Node Type": "Nested Loop", "Parent Relationship": "Outer", "Join Type": "Inner", "Startup Cost": 0.0, "Total Cost": 84053.76, "Plan Rows": 2, "Plan Width": 25, "Actual Startup Time": 42.377, "Actual Total Time": 506.931, "Actual Rows": 4, "Actual Loops": 1, "Inner Unique": true, "Plans": [{"Node Type": "Nested Loop", "Parent Relationship": "Outer", "Join Type": "Inner", "Startup Cost": 0.0, "Total Cost": 81991.53, "Plan Rows": 262, "Plan Width": 4, "Actual Startup Time": 0.202, "Actual Total Time": 458.712, "Actual Rows": 8495, "Actual Loops": 1, "Inner Unique": false, "Plans": [{"Node Type": "Index Scan", "Parent Relationship": "Outer", "Scan Direction": "Forward", "Index Name": "company_name_pkey", "Relation Name": "company_name", "Alias": "cn", "Startup Cost": 0.0, "Total Cost": 10501.39, "Plan Rows": 6290, "Plan Width": 4, "Actual Startup Time": 0.167, "Actual Total Time": 270.605, "Actual Rows": 6752, "Actual Loops": 1, "Filter": "((country_code)::text = '[jp]'::text)", "Rows Removed by Filter": 228244}, {"Node Type": "Index Scan", "Parent Relationship": "Inner", "Scan Direction": "Forward", "Index Name": "company_id_movie_companies", "Relation Name": "movie_companies", "Alias": "mc", "Startup Cost": 0.0, "Total Cost": 11.36, "Plan Rows": 1, "Plan Width": 8, "Actual Startup Time": 82.862, "Actual Total Time": 182.042, "Actual Rows": 8495, "Actual Loops": 6752, "Index Cond": "(company_id = cn.id)", "Rows Removed by Index Recheck": 0, "Filter": "(((note)::text ~~ '%(Japan)%'::text) AND ((note)::text !~~ '%(USA)%'::text) AND (((note)::text ~~ '%(2006)%'::text) OR ((note)::text ~~ '%(2007)%'::text)))", "Rows Removed by Filter": 96500}]}, {"Node Type": "Index Scan", "Parent Relationship": "Inner", "Scan Direction": "Forward", "Index Name": "title_pkey", "Relation Name": "title", "Alias": "t", "Startup Cost": 0.0, "Total Cost": 7.86, "Plan Rows": 1, "Plan Width": 21, "Actual Startup Time": 43.82, "Actual Total Time": 43.82, "Actual Rows": 4, "Actual Loops": 8495, "Index Cond": "(id = mc.movie_id)", "Rows Removed by Index Recheck": 0, "Filter": "((production_year >= 2006) AND (production_year <= 2007) AND (((title)::text ~~ 'One Piece%'::text) OR ((title)::text ~~ 'Dragon Ball Z%'::text)))", "Rows Removed by Filter": 8491}]}, {"Node Type": "Index Scan", "Parent Relationship": "Inner", "Scan Direction": "Forward", "Index Name": "movie_id_cast_info", "Relation Name": "cast_info", "Alias": "ci", "Startup Cost": 0.0, "Total Cost": 27.88, "Plan Rows": 1, "Plan Width": 12, "Actual Startup Time": 0.107, "Actual Total Time": 0.315, "Actual Rows": 104, "Actual Loops": 4, "Index Cond": "(movie_id = mc.movie_id)", "Rows Removed by Index Recheck": 0, "Filter": "((note)::text = '(voice: English version)'::text)", "Rows Removed by Filter": 68}]}, {"Node Type": "Index Scan", "Parent Relationship": "Inner", "Scan Direction": "Forward", "Index Name": "person_id_aka_name", "Relation Name": "aka_name", "Alias": "an", "Startup Cost": 0.0, "Total Cost": 0.84, "Plan Rows": 1, "Plan Width": 20, "Actual Startup Time": 0.474, "Actual Total Time": 0.579, "Actual Rows": 171, "Actual Loops": 104, "Index Cond": "(person_id = ci.person_id)", "Rows Removed by Index Recheck": 0}]}, {"Node Type": "Index Scan", "Parent Relationship": "Inner", "Scan Direction": "Forward", "Index Name": "name_pkey", "Relation Name": "name", "Alias": "n", "Startup Cost": 0.0, "Total Cost": 0.57, "Plan Rows": 1, "Plan Width": 4, "Actual Startup Time": 0.754, "Actual Total Time": 0.754, "Actual Rows": 6, "Actual Loops": 171, "Index Cond": "(id = an.person_id)", "Rows Removed by Index Recheck": 0, "Filter": "(((name)::text ~~ '%Yo%'::text) AND ((name)::text !~~ '%Yu%'::text))", "Rows Removed by Filter": 165}]}, {"Node Type": "Index Scan", "Parent Relationship": "Inner", "Scan Direction": "Forward", "Index Name": "role_type_pkey", "Relation Name": "role_type", "Alias": "rt", "Startup Cost": 0.0, "Total Cost": 0.27, "Plan Rows": 1, "Plan Width": 4, "Actual Startup Time": 0.021, "Actual Total Time": 0.021, "Actual Rows": 6, "Actual Loops": 6, "Index Cond": "(id = ci.role_id)", "Rows Removed by Index Recheck": 0, "Filter": "((role)::text = 'actress'::text)", "Rows Removed by Filter": 0}]}]}, "Triggers": [], "Planner Runtime": 28.465, "Total Runtime": 509.196, "Unique SQL Id": 3956435728}}, "(64, '74')": {"explain_plan": {"Plan": {"Node Type": "Aggregate", "Strategy": "Plain", "Startup Cost": 299500.26, "Total Cost": 299500.27, "Plan Rows": 1, "Plan Width": 97, "Plans": [{"Node Type": "Hash Join", "Parent Relationship": "Outer", "Join Type": "Inner", "Startup Cost": 223322.12, "Total Cost": 299500.25, "Plan Rows": 1, "Plan Width": 33, "Inner Unique": true, "Hash Cond": "(ci.role_id = rt.id)", "Plans": [{"Node Type": "Hash Join", "Parent Relationship": "Outer", "Join Type": "Inner", "Startup Cost": 223320.95, "Total Cost": 299499.08, "Plan Rows": 1, "Plan Width": 37, "Inner Unique": true, "Hash Cond": "(mc.company_id = cn.id)", "Plans": [{"Node Type": "Hash Join", "Parent Relationship": "Outer", "Join Type": "Inner", "Startup Cost": 217338.88, "Total Cost": 293516.99, "Plan Rows": 1, "Plan Width": 41, "Inner Unique": false, "Hash Cond": "(ci.person_id = an.person_id)", "Plans": [{"Node Type": "Hash Join", "Parent Relationship": "Outer", "Join Type": "Inner", "Startup Cost": 128436.44, "Total Cost": 204614.53, "Plan Rows": 1, "Plan Width": 29, "Inner Unique": false, "Hash Cond": "(ci.movie_id = t.id)", "Plans": [{"Node Type": "Streaming(type: LOCAL GATHER dop: 1/64)", "Parent Relationship": "Outer", "Startup Cost": 0.0, "Total Cost": 75815.47, "Plan Rows": 96692, "Plan Width": 12, "Plans": [{"Node Type": "Seq Scan", "Parent Relationship": "Outer", "Relation Name": "cast_info", "Alias": "ci", "Startup Cost": 0.0, "Total Cost": 73820.73, "Plan Rows": 96692, "Plan Width": 12, "Filter": "((note)::text = '(voice: English version)'::text)"}]}, {"Node Type": "Hash", "Parent Relationship": "Inner", "Startup Cost": 128436.42, "Total Cost": 128436.42, "Plan Rows": 2, "Plan Width": 29, "Plans": [{"Node Type": "Hash Join", "Parent Relationship": "Outer", "Join Type": "Inner", "Startup Cost": 64335.05, "Total Cost": 128436.42, "Plan Rows": 2, "Plan Width": 29, "Inner Unique": true, "Hash Cond": "(mc.movie_id = t.id)", "Plans": [{"Node Type": "Streaming(type: LOCAL GATHER dop: 1/64)", "Parent Relationship": "Outer", "Startup Cost": 0.0, "Total Cost": 64095.15, "Plan Rows": 1652, "Plan Width": 8, "Plans": [{"Node Type": "Seq Scan", "Parent Relationship": "Outer", "Relation Name": "movie_companies", "Alias": "mc", "Startup Cost": 0.0, "Total Cost": 64061.07, "Plan Rows": 1652, "Plan Width": 8, "Filter": "(((note)::text ~~ '%(Japan)%'::text) AND ((note)::text !~~ '%(USA)%'::text) AND (((note)::text ~~ '%(2006)%'::text) OR ((note)::text ~~ '%(2007)%'::text)))"}]}, {"Node Type": "Hash", "Parent Relationship": "Inner", "Startup Cost": 64334.52, "Total Cost": 64334.52, "Plan Rows": 43, "Plan Width": 21, "Plans": [{"Node Type": "Streaming(type: LOCAL GATHER dop: 1/64)", "Parent Relationship": "Outer", "Startup Cost": 3369.54, "Total Cost": 64334.52, "Plan Rows": 43, "Plan Width": 21, "Plans": [{"Node Type": "Seq Scan", "Parent Relationship": "Outer", "Relation Name": "title", "Alias": "t", "Startup Cost": 3369.54, "Total Cost": 64333.63, "Plan Rows": 43, "Plan Width": 21, "Filter": "((production_year >= 2006) AND (production_year <= 2007) AND (((title)::text ~~ 'One Piece%'::text) OR ((title)::text ~~ 'Dragon Ball Z%'::text)))"}]}]}]}]}]}, {"Node Type": "Hash", "Parent Relationship": "Inner", "Startup Cost": 88694.6, "Total Cost": 88694.6, "Plan Rows": 16627, "Plan Width": 24, "Plans": [{"Node Type": "Hash Join", "Parent Relationship": "Outer", "Join Type": "Inner", "Startup Cost": 65239.88, "Total Cost": 88694.6, "Plan Rows": 16627, "Plan Width": 24, "Inner Unique": true, "Hash Cond": "(an.person_id = n.id)", "Plans": [{"Node Type": "Seq Scan", "Parent Relationship": "Outer", "Relation Name": "aka_name", "Alias": "an", "Startup Cost": 0.0, "Total Cost": 19908.42, "Plan Rows": 901342, "Plan Width": 20}, {"Node Type": "Hash", "Parent Relationship": "Inner", "Startup Cost": 65066.3, "Total Cost": 65066.3, "Plan Rows": 13886, "Plan Width": 4, "Plans": [{"Node Type": "Streaming(type: LOCAL GATHER dop: 1/64)", "Parent Relationship": "Outer", "Startup Cost": 0.0, "Total Cost": 65066.3, "Plan Rows": 13886, "Plan Width": 4, "Plans": [{"Node Type": "Seq Scan", "Parent Relationship": "Outer", "Relation Name": "name", "Alias": "n", "Startup Cost": 0.0, "Total Cost": 64779.83, "Plan Rows": 13886, "Plan Width": 4, "Filter": "(((name)::text ~~ '%Yo%'::text) AND ((name)::text !~~ '%Yu%'::text))"}]}]}]}]}]}, {"Node Type": "Hash", "Parent Relationship": "Inner", "Startup Cost": 5903.45, "Total Cost": 5903.45, "Plan Rows": 6290, "Plan Width": 4, "Plans": [{"Node Type": "Seq Scan", "Parent Relationship": "Outer", "Relation Name": "company_name", "Alias": "cn", "Startup Cost": 0.0, "Total Cost": 5903.45, "Plan Rows": 6290, "Plan Width": 4, "Filter": "((country_code)::text = '[jp]'::text)"}]}]}, {"Node Type": "Hash", "Parent Relationship": "Inner", "Startup Cost": 1.15, "Total Cost": 1.15, "Plan Rows": 1, "Plan Width": 4, "Plans": [{"Node Type": "Seq Scan", "Parent Relationship": "Outer", "Relation Name": "role_type", "Alias": "rt", "Startup Cost": 0.0, "Total Cost": 1.15, "Plan Rows": 1, "Plan Width": 4, "Filter": "((role)::text = 'actress'::text)"}]}]}]}, "Unique SQL Id": 3956435728, "Planner Runtime": 129}, "explain_analyze_plan": null}, "(64, '75')": {"explain_plan": {"Plan": {"Node Type": "Aggregate", "Strategy": "Plain", "Startup Cost": 6721937472732.24, "Total Cost": 6721937472732.25, "Plan Rows": 1, "Plan Width": 97, "Plans": [{"Node Type": "Hash Join", "Parent Relationship": "Outer", "Join Type": "Inner", "Startup Cost": 3040079753570.94, "Total Cost": 6721937472732.24, "Plan Rows": 1, "Plan Width": 33, "Inner Unique": true, "Hash Cond": "(ci.role_id = rt.id)", "Plans": [{"Node Type": "Nested Loop", "Parent Relationship": "Outer", "Join Type": "Inner", "Startup Cost": 2040079752324.93, "Total Cost": 5721937471486.21, "Plan Rows": 1, "Plan Width": 37, "Inner Unique": true, "Plans": [{"Node Type": "Hash Join", "Parent Relationship": "Outer", "Join Type": "Inner", "Startup Cost": 2030079752324.93, "Total Cost": 4721937471048.78, "Plan Rows": 1, "Plan Width": 41, "Inner Unique": false, "Hash Cond": "(ci.movie_id = mc.movie_id)", "Plans": [{"Node Type": "Hash Join", "Parent Relationship": "Outer", "Join Type": "Inner", "Startup Cost": 1030064775826.29, "Total Cost": 3721922494536.56, "Plan Rows": 53, "Plan Width": 45, "Inner Unique": true, "Hash Cond": "(ci.movie_id = t.id)", "Plans": [{"Node Type": "Merge Join", "Parent Relationship": "Outer", "Join Type": "Inner", "Startup Cost": 30051235465.84, "Total Cost": 2721908954128.06, "Plan Rows": 17161, "Plan Width": 24, "Inner Unique": false, "Merge Cond": "(an.person_id = ci.person_id)", "Plans": [{"Node Type": "Merge Join", "Parent Relationship": "Outer", "Join Type": "Inner", "Startup Cost": 20030754356.47, "Total Cost": 2000026606025.89, "Plan Rows": 16627, "Plan Width": 24, "Inner Unique": true, "Merge Cond": "(an.person_id = n.id)", "Plans": [{"Node Type": "Index Scan", "Parent Relationship": "Outer", "Scan Direction": "Forward", "Index Name": "person_id_aka_name", "Relation Name": "aka_name", "Alias": "an", "Startup Cost": 10000000000.0, "Total Cost": 1000006896503.43, "Plan Rows": 901342, "Plan Width": 20}, {"Node Type": "Materialize", "Parent Relationship": "Inner", "Startup Cost": 10000000000.0, "Total Cost": 1000019707054.42, "Plan Rows": 13886, "Plan Width": 4, "Plans": [{"Node Type": "Index Scan", "Parent Relationship": "Outer", "Scan Direction": "Forward", "Index Name": "name_pkey", "Relation Name": "name", "Alias": "n", "Startup Cost": 10000000000.0, "Total Cost": 1000019707019.7, "Plan Rows": 13886, "Plan Width": 4, "Filter": "(((name)::text ~~ '%Yo%'::text) AND ((name)::text !~~ '%Yu%'::text))"}]}]}, {"Node Type": "Index Scan", "Parent Relationship": "Inner", "Scan Direction": "Forward", "Index Name": "person_id_cast_info", "Relation Name": "cast_info", "Alias": "ci", "Startup Cost": 10000000000.0, "Total Cost": 1000179713706.71, "Plan Rows": 96692, "Plan Width": 12, "Filter": "((note)::text = '(voice: English version)'::text)"}]}, {"Node Type": "Hash", "Parent Relationship": "Inner", "Startup Cost": 1000013540359.91, "Total Cost": 1000013540359.91, "Plan Rows": 43, "Plan Width": 21, "Plans": [{"Node Type": "Index Scan", "Parent Relationship": "Outer", "Scan Direction": "Forward", "Index Name": "title_pkey", "Relation Name": "title", "Alias": "t", "Startup Cost": 10000000000.0, "Total Cost": 1000013540359.91, "Plan Rows": 43, "Plan Width": 21, "Filter": "((production_year >= 2006) AND (production_year <= 2007) AND (((title)::text ~~ 'One Piece%'::text) OR ((title)::text ~~ 'Dragon Ball Z%'::text)))"}]}]}, {"Node Type": "Hash", "Parent Relationship": "Inner", "Startup Cost": 1000014976477.98, "Total Cost": 1000014976477.98, "Plan Rows": 1652, "Plan Width": 8, "Plans": [{"Node Type": "Index Scan", "Parent Relationship": "Outer", "Scan Direction": "Forward", "Index Name": "company_id_movie_companies", "Relation Name": "movie_companies", "Alias": "mc", "Startup Cost": 10000000000.0, "Total Cost": 1000014976477.98, "Plan Rows": 1652, "Plan Width": 8, "Filter": "(((note)::text ~~ '%(Japan)%'::text) AND ((note)::text !~~ '%(USA)%'::text) AND (((note)::text ~~ '%(2006)%'::text) OR ((note)::text ~~ '%(2007)%'::text)))"}]}]}, {"Node Type": "Index Scan", "Parent Relationship": "Inner", "Scan Direction": "Forward", "Index Name": "company_name_pkey", "Relation Name": "company_name", "Alias": "cn", "Startup Cost": 10000000000.0, "Total Cost": 1000000000437.42, "Plan Rows": 1, "Plan Width": 4, "Index Cond": "(id = mc.company_id)", "Filter": "((country_code)::text = '[jp]'::text)"}]}, {"Node Type": "Hash", "Parent Relationship": "Inner", "Startup Cost": 1000000001246.0, "Total Cost": 1000000001246.0, "Plan Rows": 1, "Plan Width": 4, "Plans": [{"Node Type": "Index Scan", "Parent Relationship": "Outer", "Scan Direction": "Forward", "Index Name": "role_type_pkey", "Relation Name": "role_type", "Alias": "rt", "Startup Cost": 10000000000.0, "Total Cost": 1000000001246.0, "Plan Rows": 1, "Plan Width": 4, "Filter": "((role)::text = 'actress'::text)"}]}]}]}, "Unique SQL Id": 3956435728, "Planner Runtime": 149}, "explain_analyze_plan": null}, "(64, '76')": {"explain_plan": {"Plan": {"Node Type": "Aggregate", "Strategy": "Plain", "Startup Cost": 64890.38, "Total Cost": 64890.39, "Plan Rows": 1, "Plan Width": 97, "Plans": [{"Node Type": "Nested Loop", "Parent Relationship": "Outer", "Join Type": "Inner", "Startup Cost": 3369.54, "Total Cost": 64890.38, "Plan Rows": 1, "Plan Width": 33, "Inner Unique": true, "Plans": [{"Node Type": "Nested Loop", "Parent Relationship": "Outer", "Join Type": "Inner", "Startup Cost": 3369.54, "Total Cost": 64890.09, "Plan Rows": 1, "Plan Width": 37, "Inner Unique": true, "Plans": [{"Node Type": "Nested Loop", "Parent Relationship": "Outer", "Join Type": "Inner", "Startup Cost": 3369.54, "Total Cost": 64889.51, "Plan Rows": 1, "Plan Width": 45, "Inner Unique": true, "Plans": [{"Node Type": "Nested Loop", "Parent Relationship": "Outer", "Join Type": "Inner", "Startup Cost": 3369.54, "Total Cost": 64885.13, "Plan Rows": 1, "Plan Width": 49, "Inner Unique": false, "Plans": [{"Node Type": "Nested Loop", "Parent Relationship": "Outer", "Join Type": "Inner", "Startup Cost": 3369.54, "Total Cost": 64884.27, "Plan Rows": 1, "Plan Width": 29, "Inner Unique": false, "Join Filter": "(t.id = ci.movie_id)", "Plans": [{"Node Type": "Nested Loop", "Parent Relationship": "Outer", "Join Type": "Inner", "Startup Cost": 3369.54, "Total Cost": 64828.49, "Plan Rows": 2, "Plan Width": 29, "Inner Unique": false, "Plans": [{"Node Type": "Streaming(type: LOCAL GATHER dop: 1/64)", "Parent Relationship": "Outer", "Startup Cost": 3369.54, "Total Cost": 64334.52, "Plan Rows": 43, "Plan Width": 21, "Plans": [{"Node Type": "Seq Scan", "Parent Relationship": "Outer", "Relation Name": "title", "Alias": "t", "Startup Cost": 3369.54, "Total Cost": 64333.63, "Plan Rows": 43, "Plan Width": 21, "Filter": "((production_year >= 2006) AND (production_year <= 2007) AND (((title)::text ~~ 'One Piece%'::text) OR ((title)::text ~~ 'Dragon Ball Z%'::text)))"}]}, {"Node Type": "Index Scan", "Parent Relationship": "Inner", "Scan Direction": "Forward", "Index Name": "movie_id_movie_companies", "Relation Name": "movie_companies", "Alias": "mc", "Startup Cost": 0.0, "Total Cost": 11.48, "Plan Rows": 1, "Plan Width": 8, "Index Cond": "(movie_id = t.id)", "Filter": "(((note)::text ~~ '%(Japan)%'::text) AND ((note)::text !~~ '%(USA)%'::text) AND (((note)::text ~~ '%(2006)%'::text) OR ((note)::text ~~ '%(2007)%'::text)))"}]}, {"Node Type": "Index Scan", "Parent Relationship": "Inner", "Scan Direction": "Forward", "Index Name": "movie_id_cast_info", "Relation Name": "cast_info", "Alias": "ci", "Startup Cost": 0.0, "Total Cost": 27.88, "Plan Rows": 1, "Plan Width": 12, "Index Cond": "(movie_id = mc.movie_id)", "Filter": "((note)::text = '(voice: English version)'::text)"}]}, {"Node Type": "Index Scan", "Parent Relationship": "Inner", "Scan Direction": "Forward", "Index Name": "person_id_aka_name", "Relation Name": "aka_name", "Alias": "an", "Startup Cost": 0.0, "Total Cost": 0.84, "Plan Rows": 1, "Plan Width": 20, "Index Cond": "(person_id = ci.person_id)"}]}, {"Node Type": "Index Scan", "Parent Relationship": "Inner", "Scan Direction": "Forward", "Index Name": "company_name_pkey", "Relation Name": "company_name", "Alias": "cn", "Startup Cost": 0.0, "Total Cost": 4.37, "Plan Rows": 1, "Plan Width": 4, "Index Cond": "(id = mc.company_id)", "Filter": "((country_code)::text = '[jp]'::text)"}]}, {"Node Type": "Index Scan", "Parent Relationship": "Inner", "Scan Direction": "Forward", "Index Name": "name_pkey", "Relation Name": "name", "Alias": "n", "Startup Cost": 0.0, "Total Cost": 0.57, "Plan Rows": 1, "Plan Width": 4, "Index Cond": "(id = an.person_id)", "Filter": "(((name)::text ~~ '%Yo%'::text) AND ((name)::text !~~ '%Yu%'::text))"}]}, {"Node Type": "Index Scan", "Parent Relationship": "Inner", "Scan Direction": "Forward", "Index Name": "role_type_pkey", "Relation Name": "role_type", "Alias": "rt", "Startup Cost": 0.0, "Total Cost": 0.27, "Plan Rows": 1, "Plan Width": 4, "Index Cond": "(id = ci.role_id)", "Filter": "((role)::text = 'actress'::text)"}]}]}, "Unique SQL Id": 3956435728, "Planner Runtime": 30}, "explain_analyze_plan": {"Plan": {"Node Type": "Aggregate", "Strategy": "Plain", "Startup Cost": 64890.38, "Total Cost": 64890.39, "Plan Rows": 1, "Plan Width": 97, "Actual Min Startup Time": 129.95, "Actual Max Startup Time": 129.95, "Actual Min Total Time": 129.951, "Actual Max Total Time": 129.951, "Plans": [{"Node Type": "Nested Loop", "Parent Relationship": "Outer", "Join Type": "Inner", "Startup Cost": 3369.54, "Total Cost": 64890.38, "Plan Rows": 1, "Plan Width": 33, "Actual Min Startup Time": 82.756, "Actual Max Startup Time": 82.756, "Actual Min Total Time": 129.873, "Actual Max Total Time": 129.873, "Inner Unique": true, "Plans": [{"Node Type": "Nested Loop", "Parent Relationship": "Outer", "Join Type": "Inner", "Startup Cost": 3369.54, "Total Cost": 64890.09, "Plan Rows": 1, "Plan Width": 37, "Actual Min Startup Time": 82.738, "Actual Max Startup Time": 82.738, "Actual Min Total Time": 129.822, "Actual Max Total Time": 129.822, "Inner Unique": true, "Plans": [{"Node Type": "Nested Loop", "Parent Relationship": "Outer", "Join Type": "Inner", "Startup Cost": 3369.54, "Total Cost": 64889.51, "Plan Rows": 1, "Plan Width": 45, "Actual Min Startup Time": 81.529, "Actual Max Startup Time": 81.529, "Actual Min Total Time": 128.829, "Actual Max Total Time": 128.829, "Inner Unique": true, "Plans": [{"Node Type": "Nested Loop", "Parent Relationship": "Outer", "Join Type": "Inner", "Startup Cost": 3369.54, "Total Cost": 64885.13, "Plan Rows": 1, "Plan Width": 49, "Actual Min Startup Time": 81.496, "Actual Max Startup Time": 81.496, "Actual Min Total Time": 128.07, "Actual Max Total Time": 128.07, "Inner Unique": false, "Plans": [{"Node Type": "Nested Loop", "Parent Relationship": "Outer", "Join Type": "Inner", "Startup Cost": 3369.54, "Total Cost": 64884.27, "Plan Rows": 1, "Plan Width": 29, "Actual Min Startup Time": 81.476, "Actual Max Startup Time": 81.476, "Actual Min Total Time": 127.263, "Actual Max Total Time": 127.263, "Inner Unique": false, "Join Filter": "(t.id = ci.movie_id)", "Rows Removed by Join Filter": 0, "Plans": [{"Node Type": "Nested Loop", "Parent Relationship": "Outer", "Join Type": "Inner", "Startup Cost": 3369.54, "Total Cost": 64828.49, "Plan Rows": 2, "Plan Width": 29, "Actual Min Startup Time": 81.441, "Actual Max Startup Time": 81.441, "Actual Min Total Time": 126.75, "Actual Max Total Time": 126.75, "Inner Unique": false, "Plans": [{"Node Type": "Streaming(type: LOCAL GATHER dop: 1/64)", "Parent Relationship": "Outer", "Startup Cost": 3369.54, "Total Cost": 64334.52, "Plan Rows": 43, "Plan Width": 21, "Actual Min Startup Time": 81.336, "Actual Max Startup Time": 81.336, "Actual Min Total Time": 126.394, "Actual Max Total Time": 126.394, "Plans": [{"Node Type": "Seq Scan", "Parent Relationship": "Outer", "Relation Name": "title", "Alias": "t", "Startup Cost": 3369.54, "Total Cost": 64333.63, "Plan Rows": 43, "Plan Width": 21, "Actual Min Startup Time": 11.827, "Actual Max Startup Time": 38.588, "Actual Min Total Time": 14.967, "Actual Max Total Time": 38.588, "Filter": "((production_year >= 2006) AND (production_year <= 2007) AND (((title)::text ~~ 'One Piece%'::text) OR ((title)::text ~~ 'Dragon Ball Z%'::text)))", "Rows Removed by Filter": 2528304, "Actual Rows": 7}], "Actual Rows": 7}, {"Node Type": "Index Scan", "Parent Relationship": "Inner", "Scan Direction": "Forward", "Index Name": "movie_id_movie_companies", "Relation Name": "movie_companies", "Alias": "mc", "Startup Cost": 0.0, "Total Cost": 11.48, "Plan Rows": 1, "Plan Width": 8, "Actual Min Startup Time": 0.272, "Actual Max Startup Time": 0.272, "Actual Min Total Time": 0.284, "Actual Max Total Time": 0.284, "Index Cond": "(movie_id = t.id)", "Rows Removed by Index Recheck": 0, "Filter": "(((note)::text ~~ '%(Japan)%'::text) AND ((note)::text !~~ '%(USA)%'::text) AND (((note)::text ~~ '%(2006)%'::text) OR ((note)::text ~~ '%(2007)%'::text)))", "Rows Removed by Filter": 13, "Actual Rows": 4}], "Actual Rows": 4}, {"Node Type": "Index Scan", "Parent Relationship": "Inner", "Scan Direction": "Forward", "Index Name": "movie_id_cast_info", "Relation Name": "cast_info", "Alias": "ci", "Startup Cost": 0.0, "Total Cost": 27.88, "Plan Rows": 1, "Plan Width": 12, "Actual Min Startup Time": 0.149, "Actual Max Startup Time": 0.149, "Actual Min Total Time": 0.418, "Actual Max Total Time": 0.418, "Index Cond": "(movie_id = mc.movie_id)", "Rows Removed by Index Recheck": 0, "Filter": "((note)::text = '(voice: English version)'::text)", "Rows Removed by Filter": 68, "Actual Rows": 104}], "Actual Rows": 104}, {"Node Type": "Index Scan", "Parent Relationship": "Inner", "Scan Direction": "Forward", "Index Name": "person_id_aka_name", "Relation Name": "aka_name", "Alias": "an", "Startup Cost": 0.0, "Total Cost": 0.84, "Plan Rows": 1, "Plan Width": 20, "Actual Min Startup Time": 0.573, "Actual Max Startup Time": 0.573, "Actual Min Total Time": 0.686, "Actual Max Total Time": 0.686, "Index Cond": "(person_id = ci.person_id)", "Rows Removed by Index Recheck": 0, "Actual Rows": 171}], "Actual Rows": 171}, {"Node Type": "Index Scan", "Parent Relationship": "Inner", "Scan Direction": "Forward", "Index Name": "company_name_pkey", "Relation Name": "company_name", "Alias": "cn", "Startup Cost": 0.0, "Total Cost": 4.37, "Plan Rows": 1, "Plan Width": 4, "Actual Min Startup Time": 0.589, "Actual Max Startup Time": 0.589, "Actual Min Total Time": 0.589, "Actual Max Total Time": 0.589, "Index Cond": "(id = mc.company_id)", "Rows Removed by Index Recheck": 0, "Filter": "((country_code)::text = '[jp]'::text)", "Rows Removed by Filter": 0, "Actual Rows": 171}], "Actual Rows": 171}, {"Node Type": "Index Scan", "Parent Relationship": "Inner", "Scan Direction": "Forward", "Index Name": "name_pkey", "Relation Name": "name", "Alias": "n", "Startup Cost": 0.0, "Total Cost": 0.57, "Plan Rows": 1, "Plan Width": 4, "Actual Min Startup Time": 0.882, "Actual Max Startup Time": 0.882, "Actual Min Total Time": 0.882, "Actual Max Total Time": 0.882, "Index Cond": "(id = an.person_id)", "Rows Removed by Index Recheck": 0, "Filter": "(((name)::text ~~ '%Yo%'::text) AND ((name)::text !~~ '%Yu%'::text))", "Rows Removed by Filter": 165, "Actual Rows": 6}], "Actual Rows": 6}, {"Node Type": "Index Scan", "Parent Relationship": "Inner", "Scan Direction": "Forward", "Index Name": "role_type_pkey", "Relation Name": "role_type", "Alias": "rt", "Startup Cost": 0.0, "Total Cost": 0.27, "Plan Rows": 1, "Plan Width": 4, "Actual Min Startup Time": 0.03, "Actual Max Startup Time": 0.03, "Actual Min Total Time": 0.03, "Actual Max Total Time": 0.03, "Index Cond": "(id = ci.role_id)", "Rows Removed by Index Recheck": 0, "Filter": "((role)::text = 'actress'::text)", "Rows Removed by Filter": 0, "Actual Rows": 6}], "Actual Rows": 6}], "Actual Rows": 1}, "Triggers": [], "Planner Runtime": 31.722, "Total Runtime": 142.327, "Unique SQL Id": 3956435728}}, "(64, '77')": {"explain_plan": {"Plan": {"Node Type": "Aggregate", "Strategy": "Plain", "Startup Cost": 84111.26, "Total Cost": 84111.27, "Plan Rows": 1, "Plan Width": 97, "Plans": [{"Node Type": "Nested Loop", "Parent Relationship": "Outer", "Join Type": "Inner", "Startup Cost": 0.0, "Total Cost": 84111.26, "Plan Rows": 1, "Plan Width": 33, "Inner Unique": true, "Plans": [{"Node Type": "Nested Loop", "Parent Relationship": "Outer", "Join Type": "Inner", "Startup Cost": 0.0, "Total Cost": 84110.97, "Plan Rows": 1, "Plan Width": 37, "Inner Unique": true, "Plans": [{"Node Type": "Nested Loop", "Parent Relationship": "Outer", "Join Type": "Inner", "Startup Cost": 0.0, "Total Cost": 84110.39, "Plan Rows": 1, "Plan Width": 45, "Inner Unique": false, "Plans": [{"Node Type": "Nested Loop", "Parent Relationship": "Outer", "Join Type": "Inner", "Startup Cost": 0.0, "Total Cost": 84109.54, "Plan Rows": 1, "Plan Width": 25, "Inner Unique": false, "Join Filter": "(t.id = ci.movie_id)", "Plans": [{"Node Type": "Nested Loop", "Parent Relationship": "Outer", "Join Type": "Inner", "Startup Cost": 0.0, "Total Cost": 84053.76, "Plan Rows": 2, "Plan Width": 25, "Inner Unique": true, "Plans": [{"Node Type": "Nested Loop", "Parent Relationship": "Outer", "Join Type": "Inner", "Startup Cost": 0.0, "Total Cost": 81991.53, "Plan Rows": 262, "Plan Width": 4, "Inner Unique": false, "Plans": [{"Node Type": "Index Scan", "Parent Relationship": "Outer", "Scan Direction": "Forward", "Index Name": "company_name_pkey", "Relation Name": "company_name", "Alias": "cn", "Startup Cost": 0.0, "Total Cost": 10501.39, "Plan Rows": 6290, "Plan Width": 4, "Filter": "((country_code)::text = '[jp]'::text)"}, {"Node Type": "Index Scan", "Parent Relationship": "Inner", "Scan Direction": "Forward", "Index Name": "company_id_movie_companies", "Relation Name": "movie_companies", "Alias": "mc", "Startup Cost": 0.0, "Total Cost": 11.36, "Plan Rows": 1, "Plan Width": 8, "Index Cond": "(company_id = cn.id)", "Filter": "(((note)::text ~~ '%(Japan)%'::text) AND ((note)::text !~~ '%(USA)%'::text) AND (((note)::text ~~ '%(2006)%'::text) OR ((note)::text ~~ '%(2007)%'::text)))"}]}, {"Node Type": "Index Scan", "Parent Relationship": "Inner", "Scan Direction": "Forward", "Index Name": "title_pkey", "Relation Name": "title", "Alias": "t", "Startup Cost": 0.0, "Total Cost": 7.86, "Plan Rows": 1, "Plan Width": 21, "Index Cond": "(id = mc.movie_id)", "Filter": "((production_year >= 2006) AND (production_year <= 2007) AND (((title)::text ~~ 'One Piece%'::text) OR ((title)::text ~~ 'Dragon Ball Z%'::text)))"}]}, {"Node Type": "Index Scan", "Parent Relationship": "Inner", "Scan Direction": "Forward", "Index Name": "movie_id_cast_info", "Relation Name": "cast_info", "Alias": "ci", "Startup Cost": 0.0, "Total Cost": 27.88, "Plan Rows": 1, "Plan Width": 12, "Index Cond": "(movie_id = mc.movie_id)", "Filter": "((note)::text = '(voice: English version)'::text)"}]}, {"Node Type": "Index Scan", "Parent Relationship": "Inner", "Scan Direction": "Forward", "Index Name": "person_id_aka_name", "Relation Name": "aka_name", "Alias": "an", "Startup Cost": 0.0, "Total Cost": 0.84, "Plan Rows": 1, "Plan Width": 20, "Index Cond": "(person_id = ci.person_id)"}]}, {"Node Type": "Index Scan", "Parent Relationship": "Inner", "Scan Direction": "Forward", "Index Name": "name_pkey", "Relation Name": "name", "Alias": "n", "Startup Cost": 0.0, "Total Cost": 0.57, "Plan Rows": 1, "Plan Width": 4, "Index Cond": "(id = an.person_id)", "Filter": "(((name)::text ~~ '%Yo%'::text) AND ((name)::text !~~ '%Yu%'::text))"}]}, {"Node Type": "Index Scan", "Parent Relationship": "Inner", "Scan Direction": "Forward", "Index Name": "role_type_pkey", "Relation Name": "role_type", "Alias": "rt", "Startup Cost": 0.0, "Total Cost": 0.27, "Plan Rows": 1, "Plan Width": 4, "Index Cond": "(id = ci.role_id)", "Filter": "((role)::text = 'actress'::text)"}]}]}, "Unique SQL Id": 3956435728, "Planner Runtime": 28}, "explain_analyze_plan": {"Plan": {"Node Type": "Aggregate", "Strategy": "Plain", "Startup Cost": 84111.26, "Total Cost": 84111.27, "Plan Rows": 1, "Plan Width": 97, "Actual Startup Time": 508.933, "Actual Total Time": 508.933, "Actual Rows": 1, "Actual Loops": 1, "Plans": [{"Node Type": "Nested Loop", "Parent Relationship": "Outer", "Join Type": "Inner", "Startup Cost": 0.0, "Total Cost": 84111.26, "Plan Rows": 1, "Plan Width": 33, "Actual Startup Time": 43.321, "Actual Total Time": 508.871, "Actual Rows": 6, "Actual Loops": 1, "Inner Unique": true, "Plans": [{"Node Type": "Nested Loop", "Parent Relationship": "Outer", "Join Type": "Inner", "Startup Cost": 0.0, "Total Cost": 84110.97, "Plan Rows": 1, "Plan Width": 37, "Actual Startup Time": 43.31, "Actual Total Time": 508.838, "Actual Rows": 6, "Actual Loops": 1, "Inner Unique": true, "Plans": [{"Node Type": "Nested Loop", "Parent Relationship": "Outer", "Join Type": "Inner", "Startup Cost": 0.0, "Total Cost": 84110.39, "Plan Rows": 1, "Plan Width": 45, "Actual Startup Time": 42.486, "Actual Total Time": 507.995, "Actual Rows": 171, "Actual Loops": 1, "Inner Unique": false, "Plans": [{"Node Type": "Nested Loop", "Parent Relationship": "Outer", "Join Type": "Inner", "Startup Cost": 0.0, "Total Cost": 84109.54, "Plan Rows": 1, "Plan Width": 25, "Actual Startup Time": 42.471, "Actual Total Time": 507.321, "Actual Rows": 104, "Actual Loops": 1, "Inner Unique": false, "Join Filter": "(t.id = ci.movie_id)", "Rows Removed by Join Filter": 0, "Plans": [{"Node Type": "Nested Loop", "Parent Relationship": "Outer", "Join Type": "Inner", "Startup Cost": 0.0, "Total Cost": 84053.76, "Plan Rows": 2, "Plan Width": 25, "Actual Startup Time": 42.377, "Actual Total Time": 506.931, "Actual Rows": 4, "Actual Loops": 1, "Inner Unique": true, "Plans": [{"Node Type": "Nested Loop", "Parent Relationship": "Outer", "Join Type": "Inner", "Startup Cost": 0.0, "Total Cost": 81991.53, "Plan Rows": 262, "Plan Width": 4, "Actual Startup Time": 0.202, "Actual Total Time": 458.712, "Actual Rows": 8495, "Actual Loops": 1, "Inner Unique": false, "Plans": [{"Node Type": "Index Scan", "Parent Relationship": "Outer", "Scan Direction": "Forward", "Index Name": "company_name_pkey", "Relation Name": "company_name", "Alias": "cn", "Startup Cost": 0.0, "Total Cost": 10501.39, "Plan Rows": 6290, "Plan Width": 4, "Actual Startup Time": 0.167, "Actual Total Time": 270.605, "Actual Rows": 6752, "Actual Loops": 1, "Filter": "((country_code)::text = '[jp]'::text)", "Rows Removed by Filter": 228244}, {"Node Type": "Index Scan", "Parent Relationship": "Inner", "Scan Direction": "Forward", "Index Name": "company_id_movie_companies", "Relation Name": "movie_companies", "Alias": "mc", "Startup Cost": 0.0, "Total Cost": 11.36, "Plan Rows": 1, "Plan Width": 8, "Actual Startup Time": 82.862, "Actual Total Time": 182.042, "Actual Rows": 8495, "Actual Loops": 6752, "Index Cond": "(company_id = cn.id)", "Rows Removed by Index Recheck": 0, "Filter": "(((note)::text ~~ '%(Japan)%'::text) AND ((note)::text !~~ '%(USA)%'::text) AND (((note)::text ~~ '%(2006)%'::text) OR ((note)::text ~~ '%(2007)%'::text)))", "Rows Removed by Filter": 96500}]}, {"Node Type": "Index Scan", "Parent Relationship": "Inner", "Scan Direction": "Forward", "Index Name": "title_pkey", "Relation Name": "title", "Alias": "t", "Startup Cost": 0.0, "Total Cost": 7.86, "Plan Rows": 1, "Plan Width": 21, "Actual Startup Time": 43.82, "Actual Total Time": 43.82, "Actual Rows": 4, "Actual Loops": 8495, "Index Cond": "(id = mc.movie_id)", "Rows Removed by Index Recheck": 0, "Filter": "((production_year >= 2006) AND (production_year <= 2007) AND (((title)::text ~~ 'One Piece%'::text) OR ((title)::text ~~ 'Dragon Ball Z%'::text)))", "Rows Removed by Filter": 8491}]}, {"Node Type": "Index Scan", "Parent Relationship": "Inner", "Scan Direction": "Forward", "Index Name": "movie_id_cast_info", "Relation Name": "cast_info", "Alias": "ci", "Startup Cost": 0.0, "Total Cost": 27.88, "Plan Rows": 1, "Plan Width": 12, "Actual Startup Time": 0.107, "Actual Total Time": 0.315, "Actual Rows": 104, "Actual Loops": 4, "Index Cond": "(movie_id = mc.movie_id)", "Rows Removed by Index Recheck": 0, "Filter": "((note)::text = '(voice: English version)'::text)", "Rows Removed by Filter": 68}]}, {"Node Type": "Index Scan", "Parent Relationship": "Inner", "Scan Direction": "Forward", "Index Name": "person_id_aka_name", "Relation Name": "aka_name", "Alias": "an", "Startup Cost": 0.0, "Total Cost": 0.84, "Plan Rows": 1, "Plan Width": 20, "Actual Startup Time": 0.474, "Actual Total Time": 0.579, "Actual Rows": 171, "Actual Loops": 104, "Index Cond": "(person_id = ci.person_id)", "Rows Removed by Index Recheck": 0}]}, {"Node Type": "Index Scan", "Parent Relationship": "Inner", "Scan Direction": "Forward", "Index Name": "name_pkey", "Relation Name": "name", "Alias": "n", "Startup Cost": 0.0, "Total Cost": 0.57, "Plan Rows": 1, "Plan Width": 4, "Actual Startup Time": 0.754, "Actual Total Time": 0.754, "Actual Rows": 6, "Actual Loops": 171, "Index Cond": "(id = an.person_id)", "Rows Removed by Index Recheck": 0, "Filter": "(((name)::text ~~ '%Yo%'::text) AND ((name)::text !~~ '%Yu%'::text))", "Rows Removed by Filter": 165}]}, {"Node Type": "Index Scan", "Parent Relationship": "Inner", "Scan Direction": "Forward", "Index Name": "role_type_pkey", "Relation Name": "role_type", "Alias": "rt", "Startup Cost": 0.0, "Total Cost": 0.27, "Plan Rows": 1, "Plan Width": 4, "Actual Startup Time": 0.021, "Actual Total Time": 0.021, "Actual Rows": 6, "Actual Loops": 6, "Index Cond": "(id = ci.role_id)", "Rows Removed by Index Recheck": 0, "Filter": "((role)::text = 'actress'::text)", "Rows Removed by Filter": 0}]}]}, "Triggers": [], "Planner Runtime": 28.465, "Total Runtime": 509.196, "Unique SQL Id": 3956435728}}, "(64, '78')": {"explain_plan": {"Plan": {"Node Type": "Aggregate", "Strategy": "Plain", "Startup Cost": 299500.26, "Total Cost": 299500.27, "Plan Rows": 1, "Plan Width": 97, "Plans": [{"Node Type": "Hash Join", "Parent Relationship": "Outer", "Join Type": "Inner", "Startup Cost": 223322.12, "Total Cost": 299500.25, "Plan Rows": 1, "Plan Width": 33, "Inner Unique": true, "Hash Cond": "(ci.role_id = rt.id)", "Plans": [{"Node Type": "Hash Join", "Parent Relationship": "Outer", "Join Type": "Inner", "Startup Cost": 223320.95, "Total Cost": 299499.08, "Plan Rows": 1, "Plan Width": 37, "Inner Unique": true, "Hash Cond": "(mc.company_id = cn.id)", "Plans": [{"Node Type": "Hash Join", "Parent Relationship": "Outer", "Join Type": "Inner", "Startup Cost": 217338.88, "Total Cost": 293516.99, "Plan Rows": 1, "Plan Width": 41, "Inner Unique": false, "Hash Cond": "(ci.person_id = an.person_id)", "Plans": [{"Node Type": "Hash Join", "Parent Relationship": "Outer", "Join Type": "Inner", "Startup Cost": 128436.44, "Total Cost": 204614.53, "Plan Rows": 1, "Plan Width": 29, "Inner Unique": false, "Hash Cond": "(ci.movie_id = t.id)", "Plans": [{"Node Type": "Streaming(type: LOCAL GATHER dop: 1/64)", "Parent Relationship": "Outer", "Startup Cost": 0.0, "Total Cost": 75815.47, "Plan Rows": 96692, "Plan Width": 12, "Plans": [{"Node Type": "Seq Scan", "Parent Relationship": "Outer", "Relation Name": "cast_info", "Alias": "ci", "Startup Cost": 0.0, "Total Cost": 73820.73, "Plan Rows": 96692, "Plan Width": 12, "Filter": "((note)::text = '(voice: English version)'::text)"}]}, {"Node Type": "Hash", "Parent Relationship": "Inner", "Startup Cost": 128436.42, "Total Cost": 128436.42, "Plan Rows": 2, "Plan Width": 29, "Plans": [{"Node Type": "Hash Join", "Parent Relationship": "Outer", "Join Type": "Inner", "Startup Cost": 64335.05, "Total Cost": 128436.42, "Plan Rows": 2, "Plan Width": 29, "Inner Unique": true, "Hash Cond": "(mc.movie_id = t.id)", "Plans": [{"Node Type": "Streaming(type: LOCAL GATHER dop: 1/64)", "Parent Relationship": "Outer", "Startup Cost": 0.0, "Total Cost": 64095.15, "Plan Rows": 1652, "Plan Width": 8, "Plans": [{"Node Type": "Seq Scan", "Parent Relationship": "Outer", "Relation Name": "movie_companies", "Alias": "mc", "Startup Cost": 0.0, "Total Cost": 64061.07, "Plan Rows": 1652, "Plan Width": 8, "Filter": "(((note)::text ~~ '%(Japan)%'::text) AND ((note)::text !~~ '%(USA)%'::text) AND (((note)::text ~~ '%(2006)%'::text) OR ((note)::text ~~ '%(2007)%'::text)))"}]}, {"Node Type": "Hash", "Parent Relationship": "Inner", "Startup Cost": 64334.52, "Total Cost": 64334.52, "Plan Rows": 43, "Plan Width": 21, "Plans": [{"Node Type": "Streaming(type: LOCAL GATHER dop: 1/64)", "Parent Relationship": "Outer", "Startup Cost": 3369.54, "Total Cost": 64334.52, "Plan Rows": 43, "Plan Width": 21, "Plans": [{"Node Type": "Seq Scan", "Parent Relationship": "Outer", "Relation Name": "title", "Alias": "t", "Startup Cost": 3369.54, "Total Cost": 64333.63, "Plan Rows": 43, "Plan Width": 21, "Filter": "((production_year >= 2006) AND (production_year <= 2007) AND (((title)::text ~~ 'One Piece%'::text) OR ((title)::text ~~ 'Dragon Ball Z%'::text)))"}]}]}]}]}]}, {"Node Type": "Hash", "Parent Relationship": "Inner", "Startup Cost": 88694.6, "Total Cost": 88694.6, "Plan Rows": 16627, "Plan Width": 24, "Plans": [{"Node Type": "Hash Join", "Parent Relationship": "Outer", "Join Type": "Inner", "Startup Cost": 65239.88, "Total Cost": 88694.6, "Plan Rows": 16627, "Plan Width": 24, "Inner Unique": true, "Hash Cond": "(an.person_id = n.id)", "Plans": [{"Node Type": "Seq Scan", "Parent Relationship": "Outer", "Relation Name": "aka_name", "Alias": "an", "Startup Cost": 0.0, "Total Cost": 19908.42, "Plan Rows": 901342, "Plan Width": 20}, {"Node Type": "Hash", "Parent Relationship": "Inner", "Startup Cost": 65066.3, "Total Cost": 65066.3, "Plan Rows": 13886, "Plan Width": 4, "Plans": [{"Node Type": "Streaming(type: LOCAL GATHER dop: 1/64)", "Parent Relationship": "Outer", "Startup Cost": 0.0, "Total Cost": 65066.3, "Plan Rows": 13886, "Plan Width": 4, "Plans": [{"Node Type": "Seq Scan", "Parent Relationship": "Outer", "Relation Name": "name", "Alias": "n", "Startup Cost": 0.0, "Total Cost": 64779.83, "Plan Rows": 13886, "Plan Width": 4, "Filter": "(((name)::text ~~ '%Yo%'::text) AND ((name)::text !~~ '%Yu%'::text))"}]}]}]}]}]}, {"Node Type": "Hash", "Parent Relationship": "Inner", "Startup Cost": 5903.45, "Total Cost": 5903.45, "Plan Rows": 6290, "Plan Width": 4, "Plans": [{"Node Type": "Seq Scan", "Parent Relationship": "Outer", "Relation Name": "company_name", "Alias": "cn", "Startup Cost": 0.0, "Total Cost": 5903.45, "Plan Rows": 6290, "Plan Width": 4, "Filter": "((country_code)::text = '[jp]'::text)"}]}]}, {"Node Type": "Hash", "Parent Relationship": "Inner", "Startup Cost": 1.15, "Total Cost": 1.15, "Plan Rows": 1, "Plan Width": 4, "Plans": [{"Node Type": "Seq Scan", "Parent Relationship": "Outer", "Relation Name": "role_type", "Alias": "rt", "Startup Cost": 0.0, "Total Cost": 1.15, "Plan Rows": 1, "Plan Width": 4, "Filter": "((role)::text = 'actress'::text)"}]}]}]}, "Unique SQL Id": 3956435728, "Planner Runtime": 130}, "explain_analyze_plan": null}, "(64, '79')": {"explain_plan": {"Plan": {"Node Type": "Aggregate", "Strategy": "Plain", "Startup Cost": 6721937472732.24, "Total Cost": 6721937472732.25, "Plan Rows": 1, "Plan Width": 97, "Plans": [{"Node Type": "Hash Join", "Parent Relationship": "Outer", "Join Type": "Inner", "Startup Cost": 3040079753570.94, "Total Cost": 6721937472732.24, "Plan Rows": 1, "Plan Width": 33, "Inner Unique": true, "Hash Cond": "(ci.role_id = rt.id)", "Plans": [{"Node Type": "Nested Loop", "Parent Relationship": "Outer", "Join Type": "Inner", "Startup Cost": 2040079752324.93, "Total Cost": 5721937471486.21, "Plan Rows": 1, "Plan Width": 37, "Inner Unique": true, "Plans": [{"Node Type": "Hash Join", "Parent Relationship": "Outer", "Join Type": "Inner", "Startup Cost": 2030079752324.93, "Total Cost": 4721937471048.78, "Plan Rows": 1, "Plan Width": 41, "Inner Unique": false, "Hash Cond": "(ci.movie_id = mc.movie_id)", "Plans": [{"Node Type": "Hash Join", "Parent Relationship": "Outer", "Join Type": "Inner", "Startup Cost": 1030064775826.29, "Total Cost": 3721922494536.56, "Plan Rows": 53, "Plan Width": 45, "Inner Unique": true, "Hash Cond": "(ci.movie_id = t.id)", "Plans": [{"Node Type": "Merge Join", "Parent Relationship": "Outer", "Join Type": "Inner", "Startup Cost": 30051235465.84, "Total Cost": 2721908954128.06, "Plan Rows": 17161, "Plan Width": 24, "Inner Unique": false, "Merge Cond": "(an.person_id = ci.person_id)", "Plans": [{"Node Type": "Merge Join", "Parent Relationship": "Outer", "Join Type": "Inner", "Startup Cost": 20030754356.47, "Total Cost": 2000026606025.89, "Plan Rows": 16627, "Plan Width": 24, "Inner Unique": true, "Merge Cond": "(an.person_id = n.id)", "Plans": [{"Node Type": "Index Scan", "Parent Relationship": "Outer", "Scan Direction": "Forward", "Index Name": "person_id_aka_name", "Relation Name": "aka_name", "Alias": "an", "Startup Cost": 10000000000.0, "Total Cost": 1000006896503.43, "Plan Rows": 901342, "Plan Width": 20}, {"Node Type": "Materialize", "Parent Relationship": "Inner", "Startup Cost": 10000000000.0, "Total Cost": 1000019707054.42, "Plan Rows": 13886, "Plan Width": 4, "Plans": [{"Node Type": "Index Scan", "Parent Relationship": "Outer", "Scan Direction": "Forward", "Index Name": "name_pkey", "Relation Name": "name", "Alias": "n", "Startup Cost": 10000000000.0, "Total Cost": 1000019707019.7, "Plan Rows": 13886, "Plan Width": 4, "Filter": "(((name)::text ~~ '%Yo%'::text) AND ((name)::text !~~ '%Yu%'::text))"}]}]}, {"Node Type": "Index Scan", "Parent Relationship": "Inner", "Scan Direction": "Forward", "Index Name": "person_id_cast_info", "Relation Name": "cast_info", "Alias": "ci", "Startup Cost": 10000000000.0, "Total Cost": 1000179713706.71, "Plan Rows": 96692, "Plan Width": 12, "Filter": "((note)::text = '(voice: English version)'::text)"}]}, {"Node Type": "Hash", "Parent Relationship": "Inner", "Startup Cost": 1000013540359.91, "Total Cost": 1000013540359.91, "Plan Rows": 43, "Plan Width": 21, "Plans": [{"Node Type": "Index Scan", "Parent Relationship": "Outer", "Scan Direction": "Forward", "Index Name": "title_pkey", "Relation Name": "title", "Alias": "t", "Startup Cost": 10000000000.0, "Total Cost": 1000013540359.91, "Plan Rows": 43, "Plan Width": 21, "Filter": "((production_year >= 2006) AND (production_year <= 2007) AND (((title)::text ~~ 'One Piece%'::text) OR ((title)::text ~~ 'Dragon Ball Z%'::text)))"}]}]}, {"Node Type": "Hash", "Parent Relationship": "Inner", "Startup Cost": 1000014976477.98, "Total Cost": 1000014976477.98, "Plan Rows": 1652, "Plan Width": 8, "Plans": [{"Node Type": "Index Scan", "Parent Relationship": "Outer", "Scan Direction": "Forward", "Index Name": "company_id_movie_companies", "Relation Name": "movie_companies", "Alias": "mc", "Startup Cost": 10000000000.0, "Total Cost": 1000014976477.98, "Plan Rows": 1652, "Plan Width": 8, "Filter": "(((note)::text ~~ '%(Japan)%'::text) AND ((note)::text !~~ '%(USA)%'::text) AND (((note)::text ~~ '%(2006)%'::text) OR ((note)::text ~~ '%(2007)%'::text)))"}]}]}, {"Node Type": "Index Scan", "Parent Relationship": "Inner", "Scan Direction": "Forward", "Index Name": "company_name_pkey", "Relation Name": "company_name", "Alias": "cn", "Startup Cost": 10000000000.0, "Total Cost": 1000000000437.42, "Plan Rows": 1, "Plan Width": 4, "Index Cond": "(id = mc.company_id)", "Filter": "((country_code)::text = '[jp]'::text)"}]}, {"Node Type": "Hash", "Parent Relationship": "Inner", "Startup Cost": 1000000001246.0, "Total Cost": 1000000001246.0, "Plan Rows": 1, "Plan Width": 4, "Plans": [{"Node Type": "Index Scan", "Parent Relationship": "Outer", "Scan Direction": "Forward", "Index Name": "role_type_pkey", "Relation Name": "role_type", "Alias": "rt", "Startup Cost": 10000000000.0, "Total Cost": 1000000001246.0, "Plan Rows": 1, "Plan Width": 4, "Filter": "((role)::text = 'actress'::text)"}]}]}]}, "Unique SQL Id": 3956435728, "Planner Runtime": 146}, "explain_analyze_plan": null}, "(64, '80')": {"explain_plan": {"Plan": {"Node Type": "Aggregate", "Strategy": "Plain", "Startup Cost": 64890.38, "Total Cost": 64890.39, "Plan Rows": 1, "Plan Width": 97, "Plans": [{"Node Type": "Nested Loop", "Parent Relationship": "Outer", "Join Type": "Inner", "Startup Cost": 3369.54, "Total Cost": 64890.38, "Plan Rows": 1, "Plan Width": 33, "Inner Unique": true, "Plans": [{"Node Type": "Nested Loop", "Parent Relationship": "Outer", "Join Type": "Inner", "Startup Cost": 3369.54, "Total Cost": 64890.09, "Plan Rows": 1, "Plan Width": 37, "Inner Unique": true, "Plans": [{"Node Type": "Nested Loop", "Parent Relationship": "Outer", "Join Type": "Inner", "Startup Cost": 3369.54, "Total Cost": 64889.51, "Plan Rows": 1, "Plan Width": 45, "Inner Unique": true, "Plans": [{"Node Type": "Nested Loop", "Parent Relationship": "Outer", "Join Type": "Inner", "Startup Cost": 3369.54, "Total Cost": 64885.13, "Plan Rows": 1, "Plan Width": 49, "Inner Unique": false, "Plans": [{"Node Type": "Nested Loop", "Parent Relationship": "Outer", "Join Type": "Inner", "Startup Cost": 3369.54, "Total Cost": 64884.27, "Plan Rows": 1, "Plan Width": 29, "Inner Unique": false, "Join Filter": "(t.id = ci.movie_id)", "Plans": [{"Node Type": "Nested Loop", "Parent Relationship": "Outer", "Join Type": "Inner", "Startup Cost": 3369.54, "Total Cost": 64828.49, "Plan Rows": 2, "Plan Width": 29, "Inner Unique": false, "Plans": [{"Node Type": "Streaming(type: LOCAL GATHER dop: 1/64)", "Parent Relationship": "Outer", "Startup Cost": 3369.54, "Total Cost": 64334.52, "Plan Rows": 43, "Plan Width": 21, "Plans": [{"Node Type": "Seq Scan", "Parent Relationship": "Outer", "Relation Name": "title", "Alias": "t", "Startup Cost": 3369.54, "Total Cost": 64333.63, "Plan Rows": 43, "Plan Width": 21, "Filter": "((production_year >= 2006) AND (production_year <= 2007) AND (((title)::text ~~ 'One Piece%'::text) OR ((title)::text ~~ 'Dragon Ball Z%'::text)))"}]}, {"Node Type": "Index Scan", "Parent Relationship": "Inner", "Scan Direction": "Forward", "Index Name": "movie_id_movie_companies", "Relation Name": "movie_companies", "Alias": "mc", "Startup Cost": 0.0, "Total Cost": 11.48, "Plan Rows": 1, "Plan Width": 8, "Index Cond": "(movie_id = t.id)", "Filter": "(((note)::text ~~ '%(Japan)%'::text) AND ((note)::text !~~ '%(USA)%'::text) AND (((note)::text ~~ '%(2006)%'::text) OR ((note)::text ~~ '%(2007)%'::text)))"}]}, {"Node Type": "Index Scan", "Parent Relationship": "Inner", "Scan Direction": "Forward", "Index Name": "movie_id_cast_info", "Relation Name": "cast_info", "Alias": "ci", "Startup Cost": 0.0, "Total Cost": 27.88, "Plan Rows": 1, "Plan Width": 12, "Index Cond": "(movie_id = mc.movie_id)", "Filter": "((note)::text = '(voice: English version)'::text)"}]}, {"Node Type": "Index Scan", "Parent Relationship": "Inner", "Scan Direction": "Forward", "Index Name": "person_id_aka_name", "Relation Name": "aka_name", "Alias": "an", "Startup Cost": 0.0, "Total Cost": 0.84, "Plan Rows": 1, "Plan Width": 20, "Index Cond": "(person_id = ci.person_id)"}]}, {"Node Type": "Index Scan", "Parent Relationship": "Inner", "Scan Direction": "Forward", "Index Name": "company_name_pkey", "Relation Name": "company_name", "Alias": "cn", "Startup Cost": 0.0, "Total Cost": 4.37, "Plan Rows": 1, "Plan Width": 4, "Index Cond": "(id = mc.company_id)", "Filter": "((country_code)::text = '[jp]'::text)"}]}, {"Node Type": "Index Scan", "Parent Relationship": "Inner", "Scan Direction": "Forward", "Index Name": "name_pkey", "Relation Name": "name", "Alias": "n", "Startup Cost": 0.0, "Total Cost": 0.57, "Plan Rows": 1, "Plan Width": 4, "Index Cond": "(id = an.person_id)", "Filter": "(((name)::text ~~ '%Yo%'::text) AND ((name)::text !~~ '%Yu%'::text))"}]}, {"Node Type": "Index Scan", "Parent Relationship": "Inner", "Scan Direction": "Forward", "Index Name": "role_type_pkey", "Relation Name": "role_type", "Alias": "rt", "Startup Cost": 0.0, "Total Cost": 0.27, "Plan Rows": 1, "Plan Width": 4, "Index Cond": "(id = ci.role_id)", "Filter": "((role)::text = 'actress'::text)"}]}]}, "Unique SQL Id": 3956435728, "Planner Runtime": 20}, "explain_analyze_plan": {"Plan": {"Node Type": "Aggregate", "Strategy": "Plain", "Startup Cost": 64890.38, "Total Cost": 64890.39, "Plan Rows": 1, "Plan Width": 97, "Actual Min Startup Time": 129.95, "Actual Max Startup Time": 129.95, "Actual Min Total Time": 129.951, "Actual Max Total Time": 129.951, "Plans": [{"Node Type": "Nested Loop", "Parent Relationship": "Outer", "Join Type": "Inner", "Startup Cost": 3369.54, "Total Cost": 64890.38, "Plan Rows": 1, "Plan Width": 33, "Actual Min Startup Time": 82.756, "Actual Max Startup Time": 82.756, "Actual Min Total Time": 129.873, "Actual Max Total Time": 129.873, "Inner Unique": true, "Plans": [{"Node Type": "Nested Loop", "Parent Relationship": "Outer", "Join Type": "Inner", "Startup Cost": 3369.54, "Total Cost": 64890.09, "Plan Rows": 1, "Plan Width": 37, "Actual Min Startup Time": 82.738, "Actual Max Startup Time": 82.738, "Actual Min Total Time": 129.822, "Actual Max Total Time": 129.822, "Inner Unique": true, "Plans": [{"Node Type": "Nested Loop", "Parent Relationship": "Outer", "Join Type": "Inner", "Startup Cost": 3369.54, "Total Cost": 64889.51, "Plan Rows": 1, "Plan Width": 45, "Actual Min Startup Time": 81.529, "Actual Max Startup Time": 81.529, "Actual Min Total Time": 128.829, "Actual Max Total Time": 128.829, "Inner Unique": true, "Plans": [{"Node Type": "Nested Loop", "Parent Relationship": "Outer", "Join Type": "Inner", "Startup Cost": 3369.54, "Total Cost": 64885.13, "Plan Rows": 1, "Plan Width": 49, "Actual Min Startup Time": 81.496, "Actual Max Startup Time": 81.496, "Actual Min Total Time": 128.07, "Actual Max Total Time": 128.07, "Inner Unique": false, "Plans": [{"Node Type": "Nested Loop", "Parent Relationship": "Outer", "Join Type": "Inner", "Startup Cost": 3369.54, "Total Cost": 64884.27, "Plan Rows": 1, "Plan Width": 29, "Actual Min Startup Time": 81.476, "Actual Max Startup Time": 81.476, "Actual Min Total Time": 127.263, "Actual Max Total Time": 127.263, "Inner Unique": false, "Join Filter": "(t.id = ci.movie_id)", "Rows Removed by Join Filter": 0, "Plans": [{"Node Type": "Nested Loop", "Parent Relationship": "Outer", "Join Type": "Inner", "Startup Cost": 3369.54, "Total Cost": 64828.49, "Plan Rows": 2, "Plan Width": 29, "Actual Min Startup Time": 81.441, "Actual Max Startup Time": 81.441, "Actual Min Total Time": 126.75, "Actual Max Total Time": 126.75, "Inner Unique": false, "Plans": [{"Node Type": "Streaming(type: LOCAL GATHER dop: 1/64)", "Parent Relationship": "Outer", "Startup Cost": 3369.54, "Total Cost": 64334.52, "Plan Rows": 43, "Plan Width": 21, "Actual Min Startup Time": 81.336, "Actual Max Startup Time": 81.336, "Actual Min Total Time": 126.394, "Actual Max Total Time": 126.394, "Plans": [{"Node Type": "Seq Scan", "Parent Relationship": "Outer", "Relation Name": "title", "Alias": "t", "Startup Cost": 3369.54, "Total Cost": 64333.63, "Plan Rows": 43, "Plan Width": 21, "Actual Min Startup Time": 11.827, "Actual Max Startup Time": 38.588, "Actual Min Total Time": 14.967, "Actual Max Total Time": 38.588, "Filter": "((production_year >= 2006) AND (production_year <= 2007) AND (((title)::text ~~ 'One Piece%'::text) OR ((title)::text ~~ 'Dragon Ball Z%'::text)))", "Rows Removed by Filter": 2528304, "Actual Rows": 7}], "Actual Rows": 7}, {"Node Type": "Index Scan", "Parent Relationship": "Inner", "Scan Direction": "Forward", "Index Name": "movie_id_movie_companies", "Relation Name": "movie_companies", "Alias": "mc", "Startup Cost": 0.0, "Total Cost": 11.48, "Plan Rows": 1, "Plan Width": 8, "Actual Min Startup Time": 0.272, "Actual Max Startup Time": 0.272, "Actual Min Total Time": 0.284, "Actual Max Total Time": 0.284, "Index Cond": "(movie_id = t.id)", "Rows Removed by Index Recheck": 0, "Filter": "(((note)::text ~~ '%(Japan)%'::text) AND ((note)::text !~~ '%(USA)%'::text) AND (((note)::text ~~ '%(2006)%'::text) OR ((note)::text ~~ '%(2007)%'::text)))", "Rows Removed by Filter": 13, "Actual Rows": 4}], "Actual Rows": 4}, {"Node Type": "Index Scan", "Parent Relationship": "Inner", "Scan Direction": "Forward", "Index Name": "movie_id_cast_info", "Relation Name": "cast_info", "Alias": "ci", "Startup Cost": 0.0, "Total Cost": 27.88, "Plan Rows": 1, "Plan Width": 12, "Actual Min Startup Time": 0.149, "Actual Max Startup Time": 0.149, "Actual Min Total Time": 0.418, "Actual Max Total Time": 0.418, "Index Cond": "(movie_id = mc.movie_id)", "Rows Removed by Index Recheck": 0, "Filter": "((note)::text = '(voice: English version)'::text)", "Rows Removed by Filter": 68, "Actual Rows": 104}], "Actual Rows": 104}, {"Node Type": "Index Scan", "Parent Relationship": "Inner", "Scan Direction": "Forward", "Index Name": "person_id_aka_name", "Relation Name": "aka_name", "Alias": "an", "Startup Cost": 0.0, "Total Cost": 0.84, "Plan Rows": 1, "Plan Width": 20, "Actual Min Startup Time": 0.573, "Actual Max Startup Time": 0.573, "Actual Min Total Time": 0.686, "Actual Max Total Time": 0.686, "Index Cond": "(person_id = ci.person_id)", "Rows Removed by Index Recheck": 0, "Actual Rows": 171}], "Actual Rows": 171}, {"Node Type": "Index Scan", "Parent Relationship": "Inner", "Scan Direction": "Forward", "Index Name": "company_name_pkey", "Relation Name": "company_name", "Alias": "cn", "Startup Cost": 0.0, "Total Cost": 4.37, "Plan Rows": 1, "Plan Width": 4, "Actual Min Startup Time": 0.589, "Actual Max Startup Time": 0.589, "Actual Min Total Time": 0.589, "Actual Max Total Time": 0.589, "Index Cond": "(id = mc.company_id)", "Rows Removed by Index Recheck": 0, "Filter": "((country_code)::text = '[jp]'::text)", "Rows Removed by Filter": 0, "Actual Rows": 171}], "Actual Rows": 171}, {"Node Type": "Index Scan", "Parent Relationship": "Inner", "Scan Direction": "Forward", "Index Name": "name_pkey", "Relation Name": "name", "Alias": "n", "Startup Cost": 0.0, "Total Cost": 0.57, "Plan Rows": 1, "Plan Width": 4, "Actual Min Startup Time": 0.882, "Actual Max Startup Time": 0.882, "Actual Min Total Time": 0.882, "Actual Max Total Time": 0.882, "Index Cond": "(id = an.person_id)", "Rows Removed by Index Recheck": 0, "Filter": "(((name)::text ~~ '%Yo%'::text) AND ((name)::text !~~ '%Yu%'::text))", "Rows Removed by Filter": 165, "Actual Rows": 6}], "Actual Rows": 6}, {"Node Type": "Index Scan", "Parent Relationship": "Inner", "Scan Direction": "Forward", "Index Name": "role_type_pkey", "Relation Name": "role_type", "Alias": "rt", "Startup Cost": 0.0, "Total Cost": 0.27, "Plan Rows": 1, "Plan Width": 4, "Actual Min Startup Time": 0.03, "Actual Max Startup Time": 0.03, "Actual Min Total Time": 0.03, "Actual Max Total Time": 0.03, "Index Cond": "(id = ci.role_id)", "Rows Removed by Index Recheck": 0, "Filter": "((role)::text = 'actress'::text)", "Rows Removed by Filter": 0, "Actual Rows": 6}], "Actual Rows": 6}], "Actual Rows": 1}, "Triggers": [], "Planner Runtime": 31.722, "Total Runtime": 142.327, "Unique SQL Id": 3956435728}}, "(64, '81')": {"explain_plan": {"Plan": {"Node Type": "Aggregate", "Strategy": "Plain", "Startup Cost": 82294.12, "Total Cost": 82294.13, "Plan Rows": 1, "Plan Width": 97, "Plans": [{"Node Type": "Nested Loop", "Parent Relationship": "Outer", "Join Type": "Inner", "Startup Cost": 2780.8, "Total Cost": 82294.12, "Plan Rows": 1, "Plan Width": 33, "Inner Unique": true, "Plans": [{"Node Type": "Nested Loop", "Parent Relationship": "Outer", "Join Type": "Inner", "Startup Cost": 2780.8, "Total Cost": 82293.84, "Plan Rows": 1, "Plan Width": 37, "Inner Unique": true, "Plans": [{"Node Type": "Nested Loop", "Parent Relationship": "Outer", "Join Type": "Inner", "Startup Cost": 2780.8, "Total Cost": 82293.26, "Plan Rows": 1, "Plan Width": 45, "Inner Unique": false, "Plans": [{"Node Type": "Nested Loop", "Parent Relationship": "Outer", "Join Type": "Inner", "Startup Cost": 2780.8, "Total Cost": 82292.4, "Plan Rows": 1, "Plan Width": 25, "Inner Unique": false, "Join Filter": "(t.id = ci.movie_id)", "Plans": [{"Node Type": "Nested Loop", "Parent Relationship": "Outer", "Join Type": "Inner", "Startup Cost": 2780.8, "Total Cost": 82236.62, "Plan Rows": 2, "Plan Width": 25, "Inner Unique": true, "Plans": [{"Node Type": "Nested Loop", "Parent Relationship": "Outer", "Join Type": "Inner", "Startup Cost": 2780.8, "Total Cost": 80174.39, "Plan Rows": 262, "Plan Width": 4, "Inner Unique": false, "Plans": [{"Node Type": "Bitmap Heap Scan", "Parent Relationship": "Outer", "Relation Name": "company_name", "Alias": "cn", "Startup Cost": 2780.8, "Total Cost": 8684.25, "Plan Rows": 6290, "Plan Width": 4, "Filter": "((country_code)::text = '[jp]'::text)", "Plans": [{"Node Type": "Bitmap Index Scan", "Parent Relationship": "Outer", "Index Name": "company_name_pkey", "Startup Cost": 0.0, "Total Cost": 2779.23, "Plan Rows": 234996, "Plan Width": 0}]}, {"Node Type": "Index Scan", "Parent Relationship": "Inner", "Scan Direction": "Forward", "Index Name": "company_id_movie_companies", "Relation Name": "movie_companies", "Alias": "mc", "Startup Cost": 0.0, "Total Cost": 11.36, "Plan Rows": 1, "Plan Width": 8, "Index Cond": "(company_id = cn.id)", "Filter": "(((note)::text ~~ '%(Japan)%'::text) AND ((note)::text !~~ '%(USA)%'::text) AND (((note)::text ~~ '%(2006)%'::text) OR ((note)::text ~~ '%(2007)%'::text)))"}]}, {"Node Type": "Index Scan", "Parent Relationship": "Inner", "Scan Direction": "Forward", "Index Name": "title_pkey", "Relation Name": "title", "Alias": "t", "Startup Cost": 0.0, "Total Cost": 7.86, "Plan Rows": 1, "Plan Width": 21, "Index Cond": "(id = mc.movie_id)", "Filter": "((production_year >= 2006) AND (production_year <= 2007) AND (((title)::text ~~ 'One Piece%'::text) OR ((title)::text ~~ 'Dragon Ball Z%'::text)))"}]}, {"Node Type": "Index Scan", "Parent Relationship": "Inner", "Scan Direction": "Forward", "Index Name": "movie_id_cast_info", "Relation Name": "cast_info", "Alias": "ci", "Startup Cost": 0.0, "Total Cost": 27.88, "Plan Rows": 1, "Plan Width": 12, "Index Cond": "(movie_id = mc.movie_id)", "Filter": "((note)::text = '(voice: English version)'::text)"}]}, {"Node Type": "Index Scan", "Parent Relationship": "Inner", "Scan Direction": "Forward", "Index Name": "person_id_aka_name", "Relation Name": "aka_name", "Alias": "an", "Startup Cost": 0.0, "Total Cost": 0.84, "Plan Rows": 1, "Plan Width": 20, "Index Cond": "(person_id = ci.person_id)"}]}, {"Node Type": "Index Scan", "Parent Relationship": "Inner", "Scan Direction": "Forward", "Index Name": "name_pkey", "Relation Name": "name", "Alias": "n", "Startup Cost": 0.0, "Total Cost": 0.57, "Plan Rows": 1, "Plan Width": 4, "Index Cond": "(id = an.person_id)", "Filter": "(((name)::text ~~ '%Yo%'::text) AND ((name)::text !~~ '%Yu%'::text))"}]}, {"Node Type": "Index Scan", "Parent Relationship": "Inner", "Scan Direction": "Forward", "Index Name": "role_type_pkey", "Relation Name": "role_type", "Alias": "rt", "Startup Cost": 0.0, "Total Cost": 0.27, "Plan Rows": 1, "Plan Width": 4, "Index Cond": "(id = ci.role_id)", "Filter": "((role)::text = 'actress'::text)"}]}]}, "Unique SQL Id": 3956435728, "Planner Runtime": 21}, "explain_analyze_plan": null}, "(64, '82')": {"explain_plan": {"Plan": {"Node Type": "Aggregate", "Strategy": "Plain", "Startup Cost": 64933.16, "Total Cost": 64933.17, "Plan Rows": 1, "Plan Width": 97, "Plans": [{"Node Type": "Nested Loop", "Parent Relationship": "Outer", "Join Type": "Inner", "Startup Cost": 64921.05, "Total Cost": 64933.15, "Plan Rows": 1, "Plan Width": 33, "Inner Unique": true, "Plans": [{"Node Type": "Nested Loop", "Parent Relationship": "Outer", "Join Type": "Inner", "Startup Cost": 64920.73, "Total Cost": 64928.8, "Plan Rows": 1, "Plan Width": 41, "Inner Unique": true, "Plans": [{"Node Type": "Nested Loop", "Parent Relationship": "Outer", "Join Type": "Inner", "Startup Cost": 64919.5, "Total Cost": 64923.55, "Plan Rows": 1, "Plan Width": 45, "Inner Unique": false, "Plans": [{"Node Type": "Merge Join", "Parent Relationship": "Outer", "Join Type": "Inner", "Startup Cost": 64919.12, "Total Cost": 64919.14, "Plan Rows": 1, "Plan Width": 25, "Inner Unique": true, "Merge Cond": "(ci.role_id = rt.id)", "Plans": [{"Node Type": "Sort", "Parent Relationship": "Outer", "Startup Cost": 64917.96, "Total Cost": 64917.96, "Plan Rows": 1, "Plan Width": 29, "Sort Key": ["ci.role_id"], "Plans": [{"Node Type": "Nested Loop", "Parent Relationship": "Outer", "Join Type": "Inner", "Startup Cost": 3378.08, "Total Cost": 64917.95, "Plan Rows": 1, "Plan Width": 29, "Inner Unique": false, "Join Filter": "(t.id = ci.movie_id)", "Plans": [{"Node Type": "Nested Loop", "Parent Relationship": "Outer", "Join Type": "Inner", "Startup Cost": 3373.8, "Total Cost": 64861.38, "Plan Rows": 2, "Plan Width": 29, "Inner Unique": false, "Plans": [{"Node Type": "Streaming(type: LOCAL GATHER dop: 1/64)", "Parent Relationship": "Outer", "Startup Cost": 3369.54, "Total Cost": 64334.52, "Plan Rows": 43, "Plan Width": 21, "Plans": [{"Node Type": "Seq Scan", "Parent Relationship": "Outer", "Relation Name": "title", "Alias": "t", "Startup Cost": 3369.54, "Total Cost": 64333.63, "Plan Rows": 43, "Plan Width": 21, "Filter": "((production_year >= 2006) AND (production_year <= 2007) AND (((title)::text ~~ 'One Piece%'::text) OR ((title)::text ~~ 'Dragon Ball Z%'::text)))"}]}, {"Node Type": "Bitmap Heap Scan", "Parent Relationship": "Inner", "Relation Name": "movie_companies", "Alias": "mc", "Startup Cost": 4.27, "Total Cost": 12.24, "Plan Rows": 1, "Plan Width": 8, "Recheck Cond": "(movie_id = t.id)", "Filter": "(((note)::text ~~ '%(Japan)%'::text) AND ((note)::text !~~ '%(USA)%'::text) AND (((note)::text ~~ '%(2006)%'::text) OR ((note)::text ~~ '%(2007)%'::text)))", "Plans": [{"Node Type": "Bitmap Index Scan", "Parent Relationship": "Outer", "Index Name": "movie_id_movie_companies", "Startup Cost": 0.0, "Total Cost": 4.26, "Plan Rows": 2, "Plan Width": 0, "Index Cond": "(movie_id = t.id)"}]}]}, {"Node Type": "Bitmap Heap Scan", "Parent Relationship": "Inner", "Relation Name": "cast_info", "Alias": "ci", "Startup Cost": 4.27, "Total Cost": 28.27, "Plan Rows": 1, "Plan Width": 12, "Recheck Cond": "(movie_id = mc.movie_id)", "Filter": "((note)::text = '(voice: English version)'::text)", "Plans": [{"Node Type": "Bitmap Index Scan", "Parent Relationship": "Outer", "Index Name": "movie_id_cast_info", "Startup Cost": 0.0, "Total Cost": 4.27, "Plan Rows": 6, "Plan Width": 0, "Index Cond": "(movie_id = mc.movie_id)"}]}]}]}, {"Node Type": "Sort", "Parent Relationship": "Inner", "Startup Cost": 1.16, "Total Cost": 1.16, "Plan Rows": 1, "Plan Width": 4, "Sort Key": ["rt.id"], "Plans": [{"Node Type": "Seq Scan", "Parent Relationship": "Outer", "Relation Name": "role_type", "Alias": "rt", "Startup Cost": 0.0, "Total Cost": 1.15, "Plan Rows": 1, "Plan Width": 4, "Filter": "((role)::text = 'actress'::text)"}]}]}, {"Node Type": "Bitmap Heap Scan", "Parent Relationship": "Inner", "Relation Name": "aka_name", "Alias": "an", "Startup Cost": 0.38, "Total Cost": 4.39, "Plan Rows": 1, "Plan Width": 20, "Recheck Cond": "(person_id = ci.person_id)", "Plans": [{"Node Type": "Bitmap Index Scan", "Parent Relationship": "Outer", "Index Name": "person_id_aka_name", "Startup Cost": 0.0, "Total Cost": 0.38, "Plan Rows": 1, "Plan Width": 0, "Index Cond": "(person_id = ci.person_id)"}]}]}, {"Node Type": "Bitmap Heap Scan", "Parent Relationship": "Inner", "Relation Name": "company_name", "Alias": "cn", "Startup Cost": 1.23, "Total Cost": 5.24, "Plan Rows": 1, "Plan Width": 4, "Recheck Cond": "(id = mc.company_id)", "Filter": "((country_code)::text = '[jp]'::text)", "Plans": [{"Node Type": "Bitmap Index Scan", "Parent Relationship": "Outer", "Index Name": "company_name_pkey", "Startup Cost": 0.0, "Total Cost": 1.23, "Plan Rows": 1, "Plan Width": 0, "Index Cond": "(id = mc.company_id)"}]}]}, {"Node Type": "Bitmap Heap Scan", "Parent Relationship": "Inner", "Relation Name": "name", "Alias": "n", "Startup Cost": 0.33, "Total Cost": 4.34, "Plan Rows": 1, "Plan Width": 4, "Recheck Cond": "(id = an.person_id)", "Filter": "(((name)::text ~~ '%Yo%'::text) AND ((name)::text !~~ '%Yu%'::text))", "Plans": [{"Node Type": "Bitmap Index Scan", "Parent Relationship": "Outer", "Index Name": "name_pkey", "Startup Cost": 0.0, "Total Cost": 0.33, "Plan Rows": 1, "Plan Width": 0, "Index Cond": "(id = an.person_id)"}]}]}]}, "Unique SQL Id": 3956435728, "Planner Runtime": 31}, "explain_analyze_plan": {"Plan": {"Node Type": "Aggregate", "Strategy": "Plain", "Startup Cost": 64933.16, "Total Cost": 64933.17, "Plan Rows": 1, "Plan Width": 97, "Actual Min Startup Time": 129.236, "Actual Max Startup Time": 129.236, "Actual Min Total Time": 129.236, "Actual Max Total Time": 129.236, "Plans": [{"Node Type": "Nested Loop", "Parent Relationship": "Outer", "Join Type": "Inner", "Startup Cost": 64921.05, "Total Cost": 64933.15, "Plan Rows": 1, "Plan Width": 33, "Actual Min Startup Time": 128.939, "Actual Max Startup Time": 128.939, "Actual Min Total Time": 129.203, "Actual Max Total Time": 129.203, "Inner Unique": true, "Plans": [{"Node Type": "Nested Loop", "Parent Relationship": "Outer", "Join Type": "Inner", "Startup Cost": 64920.73, "Total Cost": 64928.8, "Plan Rows": 1, "Plan Width": 41, "Actual Min Startup Time": 128.603, "Actual Max Startup Time": 128.603, "Actual Min Total Time": 129.013, "Actual Max Total Time": 129.013, "Inner Unique": true, "Plans": [{"Node Type": "Nested Loop", "Parent Relationship": "Outer", "Join Type": "Inner", "Startup Cost": 64919.5, "Total Cost": 64923.55, "Plan Rows": 1, "Plan Width": 45, "Actual Min Startup Time": 128.579, "Actual Max Startup Time": 128.579, "Actual Min Total Time": 128.849, "Actual Max Total Time": 128.849, "Inner Unique": false, "Plans": [{"Node Type": "Merge Join", "Parent Relationship": "Outer", "Join Type": "Inner", "Startup Cost": 64919.12, "Total Cost": 64919.14, "Plan Rows": 1, "Plan Width": 25, "Actual Min Startup Time": 128.556, "Actual Max Startup Time": 128.556, "Actual Min Total Time": 128.574, "Actual Max Total Time": 128.574, "Inner Unique": true, "Merge Cond": "(ci.role_id = rt.id)", "Plans": [{"Node Type": "Sort", "Parent Relationship": "Outer", "Startup Cost": 64917.96, "Total Cost": 64917.96, "Plan Rows": 1, "Plan Width": 29, "Actual Min Startup Time": 128.44, "Actual Max Startup Time": 128.44, "Actual Min Total Time": 128.455, "Actual Max Total Time": 128.455, "Sort Key": ["ci.role_id"], "Sort Method": "quicksort", "Sort Space Min Used": 40, "Sort Space Max Used": 40, "Sort Space Type": "Memory", "Plans": [{"Node Type": "Nested Loop", "Parent Relationship": "Outer", "Join Type": "Inner", "Startup Cost": 3378.08, "Total Cost": 64917.95, "Plan Rows": 1, "Plan Width": 29, "Actual Min Startup Time": 102.748, "Actual Max Startup Time": 102.748, "Actual Min Total Time": 128.214, "Actual Max Total Time": 128.214, "Inner Unique": false, "Join Filter": "(t.id = ci.movie_id)", "Rows Removed by Join Filter": 0, "Plans": [{"Node Type": "Nested Loop", "Parent Relationship": "Outer", "Join Type": "Inner", "Startup Cost": 3373.8, "Total Cost": 64861.38, "Plan Rows": 2, "Plan Width": 29, "Actual Min Startup Time": 102.679, "Actual Max Startup Time": 102.679, "Actual Min Total Time": 127.692, "Actual Max Total Time": 127.692, "Inner Unique": false, "Plans": [{"Node Type": "Streaming(type: LOCAL GATHER dop: 1/64)", "Parent Relationship": "Outer", "Startup Cost": 3369.54, "Total Cost": 64334.52, "Plan Rows": 43, "Plan Width": 21, "Actual Min Startup Time": 102.578, "Actual Max Startup Time": 102.578, "Actual Min Total Time": 127.364, "Actual Max Total Time": 127.364, "Plans": [{"Node Type": "Seq Scan", "Parent Relationship": "Outer", "Relation Name": "title", "Alias": "t", "Startup Cost": 3369.54, "Total Cost": 64333.63, "Plan Rows": 43, "Plan Width": 21, "Actual Min Startup Time": 11.772, "Actual Max Startup Time": 19.854, "Actual Min Total Time": 14.893, "Actual Max Total Time": 19.854, "Filter": "((production_year >= 2006) AND (production_year <= 2007) AND (((title)::text ~~ 'One Piece%'::text) OR ((title)::text ~~ 'Dragon Ball Z%'::text)))", "Rows Removed by Filter": 2528304, "Actual Rows": 7}], "Actual Rows": 7}, {"Node Type": "Bitmap Heap Scan", "Parent Relationship": "Inner", "Relation Name": "movie_companies", "Alias": "mc", "Startup Cost": 4.27, "Total Cost": 12.24, "Plan Rows": 1, "Plan Width": 8, "Actual Min Startup Time": 0.258, "Actual Max Startup Time": 0.258, "Actual Min Total Time": 0.267, "Actual Max Total Time": 0.267, "Recheck Cond": "(movie_id = t.id)", "Rows Removed by Index Recheck": 0, "Filter": "(((note)::text ~~ '%(Japan)%'::text) AND ((note)::text !~~ '%(USA)%'::text) AND (((note)::text ~~ '%(2006)%'::text) OR ((note)::text ~~ '%(2007)%'::text)))", "Rows Removed by Filter": 13, "Exact Heap Blocks": 13, "Lossy Heap Blocks": 13, "Plans": [{"Node Type": "Bitmap Index Scan", "Parent Relationship": "Outer", "Index Name": "movie_id_movie_companies", "Startup Cost": 0.0, "Total Cost": 4.26, "Plan Rows": 2, "Plan Width": 0, "Actual Min Startup Time": 0.137, "Actual Max Startup Time": 0.137, "Actual Min Total Time": 0.137, "Actual Max Total Time": 0.137, "Index Cond": "(movie_id = t.id)", "Actual Rows": 17}], "Actual Rows": 4}], "Actual Rows": 4}, {"Node Type": "Bitmap Heap Scan", "Parent Relationship": "Inner", "Relation Name": "cast_info", "Alias": "ci", "Startup Cost": 4.27, "Total Cost": 28.27, "Plan Rows": 1, "Plan Width": 12, "Actual Min Startup Time": 0.197, "Actual Max Startup Time": 0.197, "Actual Min Total Time": 0.459, "Actual Max Total Time": 0.459, "Recheck Cond": "(movie_id = mc.movie_id)", "Rows Removed by Index Recheck": 0, "Filter": "((note)::text = '(voice: English version)'::text)", "Rows Removed by Filter": 68, "Exact Heap Blocks": 133, "Lossy Heap Blocks": 133, "Plans": [{"Node Type": "Bitmap Index Scan", "Parent Relationship": "Outer", "Index Name": "movie_id_cast_info", "Startup Cost": 0.0, "Total Cost": 4.27, "Plan Rows": 6, "Plan Width": 0, "Actual Min Startup Time": 0.076, "Actual Max Startup Time": 0.076, "Actual Min Total Time": 0.076, "Actual Max Total Time": 0.076, "Index Cond": "(movie_id = mc.movie_id)", "Actual Rows": 172}], "Actual Rows": 104}], "Actual Rows": 104}], "Actual Rows": 104}, {"Node Type": "Sort", "Parent Relationship": "Inner", "Startup Cost": 1.16, "Total Cost": 1.16, "Plan Rows": 1, "Plan Width": 4, "Actual Min Startup Time": 0.087, "Actual Max Startup Time": 0.087, "Actual Min Total Time": 0.087, "Actual Max Total Time": 0.087, "Sort Key": ["rt.id"], "Sort Method": "quicksort", "Sort Space Min Used": 25, "Sort Space Max Used": 25, "Sort Space Type": "Memory", "Plans": [{"Node Type": "Seq Scan", "Parent Relationship": "Outer", "Relation Name": "role_type", "Alias": "rt", "Startup Cost": 0.0, "Total Cost": 1.15, "Plan Rows": 1, "Plan Width": 4, "Actual Min Startup Time": 0.046, "Actual Max Startup Time": 0.046, "Actual Min Total Time": 0.049, "Actual Max Total Time": 0.049, "Filter": "((role)::text = 'actress'::text)", "Rows Removed by Filter": 11, "Actual Rows": 1}], "Actual Rows": 1}], "Actual Rows": 25}, {"Node Type": "Bitmap Heap Scan", "Parent Relationship": "Inner", "Relation Name": "aka_name", "Alias": "an", "Startup Cost": 0.38, "Total Cost": 4.39, "Plan Rows": 1, "Plan Width": 20, "Actual Min Startup Time": 0.213, "Actual Max Startup Time": 0.213, "Actual Min Total Time": 0.228, "Actual Max Total Time": 0.228, "Recheck Cond": "(person_id = ci.person_id)", "Rows Removed by Index Recheck": 0, "Exact Heap Blocks": 20, "Lossy Heap Blocks": 20, "Plans": [{"Node Type": "Bitmap Index Scan", "Parent Relationship": "Outer", "Index Name": "person_id_aka_name", "Startup Cost": 0.0, "Total Cost": 0.38, "Plan Rows": 1, "Plan Width": 0, "Actual Min Startup Time": 0.168, "Actual Max Startup Time": 0.168, "Actual Min Total Time": 0.168, "Actual Max Total Time": 0.168, "Index Cond": "(person_id = ci.person_id)", "Actual Rows": 24}], "Actual Rows": 24}], "Actual Rows": 24}, {"Node Type": "Bitmap Heap Scan", "Parent Relationship": "Inner", "Relation Name": "company_name", "Alias": "cn", "Startup Cost": 1.23, "Total Cost": 5.24, "Plan Rows": 1, "Plan Width": 4, "Actual Min Startup Time": 0.123, "Actual Max Startup Time": 0.123, "Actual Min Total Time": 0.123, "Actual Max Total Time": 0.123, "Recheck Cond": "(id = mc.company_id)", "Rows Removed by Index Recheck": 0, "Filter": "((country_code)::text = '[jp]'::text)", "Rows Removed by Filter": 0, "Exact Heap Blocks": 24, "Lossy Heap Blocks": 24, "Plans": [{"Node Type": "Bitmap Index Scan", "Parent Relationship": "Outer", "Index Name": "company_name_pkey", "Startup Cost": 0.0, "Total Cost": 1.23, "Plan Rows": 1, "Plan Width": 0, "Actual Min Startup Time": 0.068, "Actual Max Startup Time": 0.068, "Actual Min Total Time": 0.068, "Actual Max Total Time": 0.068, "Index Cond": "(id = mc.company_id)", "Actual Rows": 24}], "Actual Rows": 24}], "Actual Rows": 24}, {"Node Type": "Bitmap Heap Scan", "Parent Relationship": "Inner", "Relation Name": "name", "Alias": "n", "Startup Cost": 0.33, "Total Cost": 4.34, "Plan Rows": 1, "Plan Width": 4, "Actual Min Startup Time": 0.157, "Actual Max Startup Time": 0.157, "Actual Min Total Time": 0.157, "Actual Max Total Time": 0.157, "Recheck Cond": "(id = an.person_id)", "Rows Removed by Index Recheck": 0, "Filter": "(((name)::text ~~ '%Yo%'::text) AND ((name)::text !~~ '%Yu%'::text))", "Rows Removed by Filter": 18, "Exact Heap Blocks": 24, "Lossy Heap Blocks": 24, "Plans": [{"Node Type": "Bitmap Index Scan", "Parent Relationship": "Outer", "Index Name": "name_pkey", "Startup Cost": 0.0, "Total Cost": 0.33, "Plan Rows": 1, "Plan Width": 0, "Actual Min Startup Time": 0.091, "Actual Max Startup Time": 0.091, "Actual Min Total Time": 0.091, "Actual Max Total Time": 0.091, "Index Cond": "(id = an.person_id)", "Actual Rows": 24}], "Actual Rows": 6}], "Actual Rows": 6}], "Actual Rows": 1}, "Triggers": [], "Planner Runtime": 30.329, "Total Runtime": 141.945, "Unique SQL Id": 3956435728}}, "(64, '83')": {"explain_plan": {"Plan": {"Node Type": "Aggregate", "Strategy": "Plain", "Startup Cost": 108949.86, "Total Cost": 108949.87, "Plan Rows": 1, "Plan Width": 97, "Plans": [{"Node Type": "Nested Loop", "Parent Relationship": "Outer", "Join Type": "Inner", "Startup Cost": 2793.35, "Total Cost": 108949.85, "Plan Rows": 1, "Plan Width": 33, "Inner Unique": true, "Plans": [{"Node Type": "Nested Loop", "Parent Relationship": "Outer", "Join Type": "Inner", "Startup Cost": 2793.09, "Total Cost": 108945.57, "Plan Rows": 1, "Plan Width": 37, "Inner Unique": true, "Plans": [{"Node Type": "Nested Loop", "Parent Relationship": "Outer", "Join Type": "Inner", "Startup Cost": 2792.76, "Total Cost": 108941.22, "Plan Rows": 1, "Plan Width": 45, "Inner Unique": false, "Plans": [{"Node Type": "Nested Loop", "Parent Relationship": "Outer", "Join Type": "Inner", "Startup Cost": 2792.38, "Total Cost": 108936.81, "Plan Rows": 1, "Plan Width": 25, "Inner Unique": false, "Join Filter": "(t.id = ci.movie_id)", "Plans": [{"Node Type": "Nested Loop", "Parent Relationship": "Outer", "Join Type": "Inner", "Startup Cost": 2788.11, "Total Cost": 108880.24, "Plan Rows": 2, "Plan Width": 25, "Inner Unique": true, "Plans": [{"Node Type": "Nested Loop", "Parent Relationship": "Outer", "Join Type": "Inner", "Startup Cost": 2784.18, "Total Cost": 106793.84, "Plan Rows": 262, "Plan Width": 4, "Inner Unique": false, "Plans": [{"Node Type": "Bitmap Heap Scan", "Parent Relationship": "Outer", "Relation Name": "company_name", "Alias": "cn", "Startup Cost": 2780.8, "Total Cost": 8684.25, "Plan Rows": 6290, "Plan Width": 4, "Filter": "((country_code)::text = '[jp]'::text)", "Plans": [{"Node Type": "Bitmap Index Scan", "Parent Relationship": "Outer", "Index Name": "company_name_pkey", "Startup Cost": 0.0, "Total Cost": 2779.23, "Plan Rows": 234996, "Plan Width": 0}]}, {"Node Type": "Bitmap Heap Scan", "Parent Relationship": "Inner", "Relation Name": "movie_companies", "Alias": "mc", "Startup Cost": 3.37, "Total Cost": 15.59, "Plan Rows": 1, "Plan Width": 8, "Recheck Cond": "(company_id = cn.id)", "Filter": "(((note)::text ~~ '%(Japan)%'::text) AND ((note)::text !~~ '%(USA)%'::text) AND (((note)::text ~~ '%(2006)%'::text) OR ((note)::text ~~ '%(2007)%'::text)))", "Plans": [{"Node Type": "Bitmap Index Scan", "Parent Relationship": "Outer", "Index Name": "company_id_movie_companies", "Startup Cost": 0.0, "Total Cost": 3.37, "Plan Rows": 15, "Plan Width": 0, "Index Cond": "(company_id = cn.id)"}]}]}, {"Node Type": "Bitmap Heap Scan", "Parent Relationship": "Inner", "Relation Name": "title", "Alias": "t", "Startup Cost": 3.93, "Total Cost": 7.95, "Plan Rows": 1, "Plan Width": 21, "Recheck Cond": "(id = mc.movie_id)", "Filter": "((production_year >= 2006) AND (production_year <= 2007) AND (((title)::text ~~ 'One Piece%'::text) OR ((title)::text ~~ 'Dragon Ball Z%'::text)))", "Plans": [{"Node Type": "Bitmap Index Scan", "Parent Relationship": "Outer", "Index Name": "title_pkey", "Startup Cost": 0.0, "Total Cost": 3.93, "Plan Rows": 1, "Plan Width": 0, "Index Cond": "(id = mc.movie_id)"}]}]}, {"Node Type": "Bitmap Heap Scan", "Parent Relationship": "Inner", "Relation Name": "cast_info", "Alias": "ci", "Startup Cost": 4.27, "Total Cost": 28.27, "Plan Rows": 1, "Plan Width": 12, "Recheck Cond": "(movie_id = mc.movie_id)", "Filter": "((note)::text = '(voice: English version)'::text)", "Plans": [{"Node Type": "Bitmap Index Scan", "Parent Relationship": "Outer", "Index Name": "movie_id_cast_info", "Startup Cost": 0.0, "Total Cost": 4.27, "Plan Rows": 6, "Plan Width": 0, "Index Cond": "(movie_id = mc.movie_id)"}]}]}, {"Node Type": "Bitmap Heap Scan", "Parent Relationship": "Inner", "Relation Name": "aka_name", "Alias": "an", "Startup Cost": 0.38, "Total Cost": 4.39, "Plan Rows": 1, "Plan Width": 20, "Recheck Cond": "(person_id = ci.person_id)", "Plans": [{"Node Type": "Bitmap Index Scan", "Parent Relationship": "Outer", "Index Name": "person_id_aka_name", "Startup Cost": 0.0, "Total Cost": 0.38, "Plan Rows": 1, "Plan Width": 0, "Index Cond": "(person_id = ci.person_id)"}]}]}, {"Node Type": "Bitmap Heap Scan", "Parent Relationship": "Inner", "Relation Name": "name", "Alias": "n", "Startup Cost": 0.33, "Total Cost": 4.34, "Plan Rows": 1, "Plan Width": 4, "Recheck Cond": "(id = an.person_id)", "Filter": "(((name)::text ~~ '%Yo%'::text) AND ((name)::text !~~ '%Yu%'::text))", "Plans": [{"Node Type": "Bitmap Index Scan", "Parent Relationship": "Outer", "Index Name": "name_pkey", "Startup Cost": 0.0, "Total Cost": 0.33, "Plan Rows": 1, "Plan Width": 0, "Index Cond": "(id = an.person_id)"}]}]}, {"Node Type": "Bitmap Heap Scan", "Parent Relationship": "Inner", "Relation Name": "role_type", "Alias": "rt", "Startup Cost": 0.26, "Total Cost": 4.27, "Plan Rows": 1, "Plan Width": 4, "Recheck Cond": "(id = ci.role_id)", "Filter": "((role)::text = 'actress'::text)", "Plans": [{"Node Type": "Bitmap Index Scan", "Parent Relationship": "Outer", "Index Name": "role_type_pkey", "Startup Cost": 0.0, "Total Cost": 0.26, "Plan Rows": 1, "Plan Width": 0, "Index Cond": "(id = ci.role_id)"}]}]}]}, "Unique SQL Id": 3956435728, "Planner Runtime": 27}, "explain_analyze_plan": {"Plan": {"Node Type": "Aggregate", "Strategy": "Plain", "Startup Cost": 108949.86, "Total Cost": 108949.87, "Plan Rows": 1, "Plan Width": 97, "Actual Startup Time": 454.404, "Actual Total Time": 454.405, "Actual Rows": 1, "Actual Loops": 1, "Plans": [{"Node Type": "Nested Loop", "Parent Relationship": "Outer", "Join Type": "Inner", "Startup Cost": 2793.35, "Total Cost": 108949.85, "Plan Rows": 1, "Plan Width": 33, "Actual Startup Time": 126.355, "Actual Total Time": 454.354, "Actual Rows": 6, "Actual Loops": 1, "Inner Unique": true, "Plans": [{"Node Type": "Nested Loop", "Parent Relationship": "Outer", "Join Type": "Inner", "Startup Cost": 2793.09, "Total Cost": 108945.57, "Plan Rows": 1, "Plan Width": 37, "Actual Startup Time": 126.34, "Actual Total Time": 454.31, "Actual Rows": 6, "Actual Loops": 1, "Inner Unique": true, "Plans": [{"Node Type": "Nested Loop", "Parent Relationship": "Outer", "Join Type": "Inner", "Startup Cost": 2792.76, "Total Cost": 108941.22, "Plan Rows": 1, "Plan Width": 45, "Actual Startup Time": 125.755, "Actual Total Time": 453.226, "Actual Rows": 171, "Actual Loops": 1, "Inner Unique": false, "Plans": [{"Node Type": "Nested Loop", "Parent Relationship": "Outer", "Join Type": "Inner", "Startup Cost": 2792.38, "Total Cost": 108936.81, "Plan Rows": 1, "Plan Width": 25, "Actual Startup Time": 125.731, "Actual Total Time": 452.322, "Actual Rows": 104, "Actual Loops": 1, "Inner Unique": false, "Join Filter": "(t.id = ci.movie_id)", "Rows Removed by Join Filter": 0, "Plans": [{"Node Type": "Nested Loop", "Parent Relationship": "Outer", "Join Type": "Inner", "Startup Cost": 2788.11, "Total Cost": 108880.24, "Plan Rows": 2, "Plan Width": 25, "Actual Startup Time": 125.673, "Actual Total Time": 451.843, "Actual Rows": 4, "Actual Loops": 1, "Inner Unique": true, "Plans": [{"Node Type": "Nested Loop", "Parent Relationship": "Outer", "Join Type": "Inner", "Startup Cost": 2784.18, "Total Cost": 106793.84, "Plan Rows": 262, "Plan Width": 4, "Actual Startup Time": 21.615, "Actual Total Time": 389.321, "Actual Rows": 8495, "Actual Loops": 1, "Inner Unique": false, "Plans": [{"Node Type": "Bitmap Heap Scan", "Parent Relationship": "Outer", "Relation Name": "company_name", "Alias": "cn", "Startup Cost": 2780.8, "Total Cost": 8684.25, "Plan Rows": 6290, "Plan Width": 4, "Actual Startup Time": 21.545, "Actual Total Time": 139.197, "Actual Rows": 6752, "Actual Loops": 1, "Filter": "((country_code)::text = '[jp]'::text)", "Rows Removed by Filter": 228244, "Exact Heap Blocks": 2966, "Lossy Heap Blocks": 2966, "Plans": [{"Node Type": "Bitmap Index Scan", "Parent Relationship": "Outer", "Index Name": "company_name_pkey", "Startup Cost": 0.0, "Total Cost": 2779.23, "Plan Rows": 234996, "Plan Width": 0, "Actual Startup Time": 21.066, "Actual Total Time": 21.066, "Actual Rows": 234996, "Actual Loops": 1}]}, {"Node Type": "Bitmap Heap Scan", "Parent Relationship": "Inner", "Relation Name": "movie_companies", "Alias": "mc", "Startup Cost": 3.37, "Total Cost": 15.59, "Plan Rows": 1, "Plan Width": 8, "Actual Startup Time": 134.789, "Actual Total Time": 238.582, "Actual Rows": 8495, "Actual Loops": 6752, "Recheck Cond": "(company_id = cn.id)", "Rows Removed by Index Recheck": 0, "Filter": "(((note)::text ~~ '%(Japan)%'::text) AND ((note)::text !~~ '%(USA)%'::text) AND (((note)::text ~~ '%(2006)%'::text) OR ((note)::text ~~ '%(2007)%'::text)))", "Rows Removed by Filter": 96500, "Exact Heap Blocks": 61861, "Lossy Heap Blocks": 61861, "Plans": [{"Node Type": "Bitmap Index Scan", "Parent Relationship": "Outer", "Index Name": "company_id_movie_companies", "Startup Cost": 0.0, "Total Cost": 3.37, "Plan Rows": 15, "Plan Width": 0, "Actual Startup Time": 52.102, "Actual Total Time": 52.102, "Actual Rows": 104995, "Actual Loops": 6752, "Index Cond": "(company_id = cn.id)"}]}]}, {"Node Type": "Bitmap Heap Scan", "Parent Relationship": "Inner", "Relation Name": "title", "Alias": "t", "Startup Cost": 3.93, "Total Cost": 7.95, "Plan Rows": 1, "Plan Width": 21, "Actual Startup Time": 52.556, "Actual Total Time": 52.556, "Actual Rows": 4, "Actual Loops": 8495, "Recheck Cond": "(id = mc.movie_id)", "Rows Removed by Index Recheck": 0, "Filter": "((production_year >= 2006) AND (production_year <= 2007) AND (((title)::text ~~ 'One Piece%'::text) OR ((title)::text ~~ 'Dragon Ball Z%'::text)))", "Rows Removed by Filter": 8491, "Exact Heap Blocks": 8495, "Lossy Heap Blocks": 8495, "Plans": [{"Node Type": "Bitmap Index Scan", "Parent Relationship": "Outer", "Index Name": "title_pkey", "Startup Cost": 0.0, "Total Cost": 3.93, "Plan Rows": 1, "Plan Width": 0, "Actual Startup Time": 25.939, "Actual Total Time": 25.939, "Actual Rows": 8495, "Actual Loops": 8495, "Index Cond": "(id = mc.movie_id)"}]}]}, {"Node Type": "Bitmap Heap Scan", "Parent Relationship": "Inner", "Relation Name": "cast_info", "Alias": "ci", "Startup Cost": 4.27, "Total Cost": 28.27, "Plan Rows": 1, "Plan Width": 12, "Actual Startup Time": 0.182, "Actual Total Time": 0.41, "Actual Rows": 104, "Actual Loops": 4, "Recheck Cond": "(movie_id = mc.movie_id)", "Rows Removed by Index Recheck": 0, "Filter": "((note)::text = '(voice: English version)'::text)", "Rows Removed by Filter": 68, "Exact Heap Blocks": 133, "Lossy Heap Blocks": 133, "Plans": [{"Node Type": "Bitmap Index Scan", "Parent Relationship": "Outer", "Index Name": "movie_id_cast_info", "Startup Cost": 0.0, "Total Cost": 4.27, "Plan Rows": 6, "Plan Width": 0, "Actual Startup Time": 0.058, "Actual Total Time": 0.058, "Actual Rows": 172, "Actual Loops": 4, "Index Cond": "(movie_id = mc.movie_id)"}]}]}, {"Node Type": "Bitmap Heap Scan", "Parent Relationship": "Inner", "Relation Name": "aka_name", "Alias": "an", "Startup Cost": 0.38, "Total Cost": 4.39, "Plan Rows": 1, "Plan Width": 20, "Actual Startup Time": 0.631, "Actual Total Time": 0.711, "Actual Rows": 171, "Actual Loops": 104, "Recheck Cond": "(person_id = ci.person_id)", "Rows Removed by Index Recheck": 0, "Exact Heap Blocks": 105, "Lossy Heap Blocks": 105, "Plans": [{"Node Type": "Bitmap Index Scan", "Parent Relationship": "Outer", "Index Name": "person_id_aka_name", "Startup Cost": 0.0, "Total Cost": 0.38, "Plan Rows": 1, "Plan Width": 0, "Actual Startup Time": 0.442, "Actual Total Time": 0.442, "Actual Rows": 171, "Actual Loops": 104, "Index Cond": "(person_id = ci.person_id)"}]}]}, {"Node Type": "Bitmap Heap Scan", "Parent Relationship": "Inner", "Relation Name": "name", "Alias": "n", "Startup Cost": 0.33, "Total Cost": 4.34, "Plan Rows": 1, "Plan Width": 4, "Actual Startup Time": 0.885, "Actual Total Time": 0.885, "Actual Rows": 6, "Actual Loops": 171, "Recheck Cond": "(id = an.person_id)", "Rows Removed by Index Recheck": 0, "Filter": "(((name)::text ~~ '%Yo%'::text) AND ((name)::text !~~ '%Yu%'::text))", "Rows Removed by Filter": 165, "Exact Heap Blocks": 171, "Lossy Heap Blocks": 171, "Plans": [{"Node Type": "Bitmap Index Scan", "Parent Relationship": "Outer", "Index Name": "name_pkey", "Startup Cost": 0.0, "Total Cost": 0.33, "Plan Rows": 1, "Plan Width": 0, "Actual Startup Time": 0.549, "Actual Total Time": 0.549, "Actual Rows": 171, "Actual Loops": 171, "Index Cond": "(id = an.person_id)"}]}]}, {"Node Type": "Bitmap Heap Scan", "Parent Relationship": "Inner", "Relation Name": "role_type", "Alias": "rt", "Startup Cost": 0.26, "Total Cost": 4.27, "Plan Rows": 1, "Plan Width": 4, "Actual Startup Time": 0.029, "Actual Total Time": 0.029, "Actual Rows": 6, "Actual Loops": 6, "Recheck Cond": "(id = ci.role_id)", "Rows Removed by Index Recheck": 0, "Filter": "((role)::text = 'actress'::text)", "Rows Removed by Filter": 0, "Exact Heap Blocks": 6, "Lossy Heap Blocks": 6, "Plans": [{"Node Type": "Bitmap Index Scan", "Parent Relationship": "Outer", "Index Name": "role_type_pkey", "Startup Cost": 0.0, "Total Cost": 0.26, "Plan Rows": 1, "Plan Width": 0, "Actual Startup Time": 0.01, "Actual Total Time": 0.01, "Actual Rows": 6, "Actual Loops": 6, "Index Cond": "(id = ci.role_id)"}]}]}]}, "Triggers": [], "Planner Runtime": 30.658, "Total Runtime": 454.866, "Unique SQL Id": 3956435728}}, "(64, '84')": {"explain_plan": {"Plan": {"Node Type": "Aggregate", "Strategy": "Plain", "Startup Cost": 64890.38, "Total Cost": 64890.39, "Plan Rows": 1, "Plan Width": 97, "Plans": [{"Node Type": "Nested Loop", "Parent Relationship": "Outer", "Join Type": "Inner", "Startup Cost": 3369.54, "Total Cost": 64890.38, "Plan Rows": 1, "Plan Width": 33, "Inner Unique": true, "Plans": [{"Node Type": "Nested Loop", "Parent Relationship": "Outer", "Join Type": "Inner", "Startup Cost": 3369.54, "Total Cost": 64890.09, "Plan Rows": 1, "Plan Width": 37, "Inner Unique": true, "Plans": [{"Node Type": "Nested Loop", "Parent Relationship": "Outer", "Join Type": "Inner", "Startup Cost": 3369.54, "Total Cost": 64889.51, "Plan Rows": 1, "Plan Width": 45, "Inner Unique": true, "Plans": [{"Node Type": "Nested Loop", "Parent Relationship": "Outer", "Join Type": "Inner", "Startup Cost": 3369.54, "Total Cost": 64885.13, "Plan Rows": 1, "Plan Width": 49, "Inner Unique": false, "Plans": [{"Node Type": "Nested Loop", "Parent Relationship": "Outer", "Join Type": "Inner", "Startup Cost": 3369.54, "Total Cost": 64884.27, "Plan Rows": 1, "Plan Width": 29, "Inner Unique": false, "Join Filter": "(t.id = ci.movie_id)", "Plans": [{"Node Type": "Nested Loop", "Parent Relationship": "Outer", "Join Type": "Inner", "Startup Cost": 3369.54, "Total Cost": 64828.49, "Plan Rows": 2, "Plan Width": 29, "Inner Unique": false, "Plans": [{"Node Type": "Streaming(type: LOCAL GATHER dop: 1/64)", "Parent Relationship": "Outer", "Startup Cost": 3369.54, "Total Cost": 64334.52, "Plan Rows": 43, "Plan Width": 21, "Plans": [{"Node Type": "Seq Scan", "Parent Relationship": "Outer", "Relation Name": "title", "Alias": "t", "Startup Cost": 3369.54, "Total Cost": 64333.63, "Plan Rows": 43, "Plan Width": 21, "Filter": "((production_year >= 2006) AND (production_year <= 2007) AND (((title)::text ~~ 'One Piece%'::text) OR ((title)::text ~~ 'Dragon Ball Z%'::text)))"}]}, {"Node Type": "Index Scan", "Parent Relationship": "Inner", "Scan Direction": "Forward", "Index Name": "movie_id_movie_companies", "Relation Name": "movie_companies", "Alias": "mc", "Startup Cost": 0.0, "Total Cost": 11.48, "Plan Rows": 1, "Plan Width": 8, "Index Cond": "(movie_id = t.id)", "Filter": "(((note)::text ~~ '%(Japan)%'::text) AND ((note)::text !~~ '%(USA)%'::text) AND (((note)::text ~~ '%(2006)%'::text) OR ((note)::text ~~ '%(2007)%'::text)))"}]}, {"Node Type": "Index Scan", "Parent Relationship": "Inner", "Scan Direction": "Forward", "Index Name": "movie_id_cast_info", "Relation Name": "cast_info", "Alias": "ci", "Startup Cost": 0.0, "Total Cost": 27.88, "Plan Rows": 1, "Plan Width": 12, "Index Cond": "(movie_id = mc.movie_id)", "Filter": "((note)::text = '(voice: English version)'::text)"}]}, {"Node Type": "Index Scan", "Parent Relationship": "Inner", "Scan Direction": "Forward", "Index Name": "person_id_aka_name", "Relation Name": "aka_name", "Alias": "an", "Startup Cost": 0.0, "Total Cost": 0.84, "Plan Rows": 1, "Plan Width": 20, "Index Cond": "(person_id = ci.person_id)"}]}, {"Node Type": "Index Scan", "Parent Relationship": "Inner", "Scan Direction": "Forward", "Index Name": "company_name_pkey", "Relation Name": "company_name", "Alias": "cn", "Startup Cost": 0.0, "Total Cost": 4.37, "Plan Rows": 1, "Plan Width": 4, "Index Cond": "(id = mc.company_id)", "Filter": "((country_code)::text = '[jp]'::text)"}]}, {"Node Type": "Index Scan", "Parent Relationship": "Inner", "Scan Direction": "Forward", "Index Name": "name_pkey", "Relation Name": "name", "Alias": "n", "Startup Cost": 0.0, "Total Cost": 0.57, "Plan Rows": 1, "Plan Width": 4, "Index Cond": "(id = an.person_id)", "Filter": "(((name)::text ~~ '%Yo%'::text) AND ((name)::text !~~ '%Yu%'::text))"}]}, {"Node Type": "Index Scan", "Parent Relationship": "Inner", "Scan Direction": "Forward", "Index Name": "role_type_pkey", "Relation Name": "role_type", "Alias": "rt", "Startup Cost": 0.0, "Total Cost": 0.27, "Plan Rows": 1, "Plan Width": 4, "Index Cond": "(id = ci.role_id)", "Filter": "((role)::text = 'actress'::text)"}]}]}, "Unique SQL Id": 3956435728, "Planner Runtime": 21}, "explain_analyze_plan": {"Plan": {"Node Type": "Aggregate", "Strategy": "Plain", "Startup Cost": 64890.38, "Total Cost": 64890.39, "Plan Rows": 1, "Plan Width": 97, "Actual Min Startup Time": 129.95, "Actual Max Startup Time": 129.95, "Actual Min Total Time": 129.951, "Actual Max Total Time": 129.951, "Plans": [{"Node Type": "Nested Loop", "Parent Relationship": "Outer", "Join Type": "Inner", "Startup Cost": 3369.54, "Total Cost": 64890.38, "Plan Rows": 1, "Plan Width": 33, "Actual Min Startup Time": 82.756, "Actual Max Startup Time": 82.756, "Actual Min Total Time": 129.873, "Actual Max Total Time": 129.873, "Inner Unique": true, "Plans": [{"Node Type": "Nested Loop", "Parent Relationship": "Outer", "Join Type": "Inner", "Startup Cost": 3369.54, "Total Cost": 64890.09, "Plan Rows": 1, "Plan Width": 37, "Actual Min Startup Time": 82.738, "Actual Max Startup Time": 82.738, "Actual Min Total Time": 129.822, "Actual Max Total Time": 129.822, "Inner Unique": true, "Plans": [{"Node Type": "Nested Loop", "Parent Relationship": "Outer", "Join Type": "Inner", "Startup Cost": 3369.54, "Total Cost": 64889.51, "Plan Rows": 1, "Plan Width": 45, "Actual Min Startup Time": 81.529, "Actual Max Startup Time": 81.529, "Actual Min Total Time": 128.829, "Actual Max Total Time": 128.829, "Inner Unique": true, "Plans": [{"Node Type": "Nested Loop", "Parent Relationship": "Outer", "Join Type": "Inner", "Startup Cost": 3369.54, "Total Cost": 64885.13, "Plan Rows": 1, "Plan Width": 49, "Actual Min Startup Time": 81.496, "Actual Max Startup Time": 81.496, "Actual Min Total Time": 128.07, "Actual Max Total Time": 128.07, "Inner Unique": false, "Plans": [{"Node Type": "Nested Loop", "Parent Relationship": "Outer", "Join Type": "Inner", "Startup Cost": 3369.54, "Total Cost": 64884.27, "Plan Rows": 1, "Plan Width": 29, "Actual Min Startup Time": 81.476, "Actual Max Startup Time": 81.476, "Actual Min Total Time": 127.263, "Actual Max Total Time": 127.263, "Inner Unique": false, "Join Filter": "(t.id = ci.movie_id)", "Rows Removed by Join Filter": 0, "Plans": [{"Node Type": "Nested Loop", "Parent Relationship": "Outer", "Join Type": "Inner", "Startup Cost": 3369.54, "Total Cost": 64828.49, "Plan Rows": 2, "Plan Width": 29, "Actual Min Startup Time": 81.441, "Actual Max Startup Time": 81.441, "Actual Min Total Time": 126.75, "Actual Max Total Time": 126.75, "Inner Unique": false, "Plans": [{"Node Type": "Streaming(type: LOCAL GATHER dop: 1/64)", "Parent Relationship": "Outer", "Startup Cost": 3369.54, "Total Cost": 64334.52, "Plan Rows": 43, "Plan Width": 21, "Actual Min Startup Time": 81.336, "Actual Max Startup Time": 81.336, "Actual Min Total Time": 126.394, "Actual Max Total Time": 126.394, "Plans": [{"Node Type": "Seq Scan", "Parent Relationship": "Outer", "Relation Name": "title", "Alias": "t", "Startup Cost": 3369.54, "Total Cost": 64333.63, "Plan Rows": 43, "Plan Width": 21, "Actual Min Startup Time": 11.827, "Actual Max Startup Time": 38.588, "Actual Min Total Time": 14.967, "Actual Max Total Time": 38.588, "Filter": "((production_year >= 2006) AND (production_year <= 2007) AND (((title)::text ~~ 'One Piece%'::text) OR ((title)::text ~~ 'Dragon Ball Z%'::text)))", "Rows Removed by Filter": 2528304, "Actual Rows": 7}], "Actual Rows": 7}, {"Node Type": "Index Scan", "Parent Relationship": "Inner", "Scan Direction": "Forward", "Index Name": "movie_id_movie_companies", "Relation Name": "movie_companies", "Alias": "mc", "Startup Cost": 0.0, "Total Cost": 11.48, "Plan Rows": 1, "Plan Width": 8, "Actual Min Startup Time": 0.272, "Actual Max Startup Time": 0.272, "Actual Min Total Time": 0.284, "Actual Max Total Time": 0.284, "Index Cond": "(movie_id = t.id)", "Rows Removed by Index Recheck": 0, "Filter": "(((note)::text ~~ '%(Japan)%'::text) AND ((note)::text !~~ '%(USA)%'::text) AND (((note)::text ~~ '%(2006)%'::text) OR ((note)::text ~~ '%(2007)%'::text)))", "Rows Removed by Filter": 13, "Actual Rows": 4}], "Actual Rows": 4}, {"Node Type": "Index Scan", "Parent Relationship": "Inner", "Scan Direction": "Forward", "Index Name": "movie_id_cast_info", "Relation Name": "cast_info", "Alias": "ci", "Startup Cost": 0.0, "Total Cost": 27.88, "Plan Rows": 1, "Plan Width": 12, "Actual Min Startup Time": 0.149, "Actual Max Startup Time": 0.149, "Actual Min Total Time": 0.418, "Actual Max Total Time": 0.418, "Index Cond": "(movie_id = mc.movie_id)", "Rows Removed by Index Recheck": 0, "Filter": "((note)::text = '(voice: English version)'::text)", "Rows Removed by Filter": 68, "Actual Rows": 104}], "Actual Rows": 104}, {"Node Type": "Index Scan", "Parent Relationship": "Inner", "Scan Direction": "Forward", "Index Name": "person_id_aka_name", "Relation Name": "aka_name", "Alias": "an", "Startup Cost": 0.0, "Total Cost": 0.84, "Plan Rows": 1, "Plan Width": 20, "Actual Min Startup Time": 0.573, "Actual Max Startup Time": 0.573, "Actual Min Total Time": 0.686, "Actual Max Total Time": 0.686, "Index Cond": "(person_id = ci.person_id)", "Rows Removed by Index Recheck": 0, "Actual Rows": 171}], "Actual Rows": 171}, {"Node Type": "Index Scan", "Parent Relationship": "Inner", "Scan Direction": "Forward", "Index Name": "company_name_pkey", "Relation Name": "company_name", "Alias": "cn", "Startup Cost": 0.0, "Total Cost": 4.37, "Plan Rows": 1, "Plan Width": 4, "Actual Min Startup Time": 0.589, "Actual Max Startup Time": 0.589, "Actual Min Total Time": 0.589, "Actual Max Total Time": 0.589, "Index Cond": "(id = mc.company_id)", "Rows Removed by Index Recheck": 0, "Filter": "((country_code)::text = '[jp]'::text)", "Rows Removed by Filter": 0, "Actual Rows": 171}], "Actual Rows": 171}, {"Node Type": "Index Scan", "Parent Relationship": "Inner", "Scan Direction": "Forward", "Index Name": "name_pkey", "Relation Name": "name", "Alias": "n", "Startup Cost": 0.0, "Total Cost": 0.57, "Plan Rows": 1, "Plan Width": 4, "Actual Min Startup Time": 0.882, "Actual Max Startup Time": 0.882, "Actual Min Total Time": 0.882, "Actual Max Total Time": 0.882, "Index Cond": "(id = an.person_id)", "Rows Removed by Index Recheck": 0, "Filter": "(((name)::text ~~ '%Yo%'::text) AND ((name)::text !~~ '%Yu%'::text))", "Rows Removed by Filter": 165, "Actual Rows": 6}], "Actual Rows": 6}, {"Node Type": "Index Scan", "Parent Relationship": "Inner", "Scan Direction": "Forward", "Index Name": "role_type_pkey", "Relation Name": "role_type", "Alias": "rt", "Startup Cost": 0.0, "Total Cost": 0.27, "Plan Rows": 1, "Plan Width": 4, "Actual Min Startup Time": 0.03, "Actual Max Startup Time": 0.03, "Actual Min Total Time": 0.03, "Actual Max Total Time": 0.03, "Index Cond": "(id = ci.role_id)", "Rows Removed by Index Recheck": 0, "Filter": "((role)::text = 'actress'::text)", "Rows Removed by Filter": 0, "Actual Rows": 6}], "Actual Rows": 6}], "Actual Rows": 1}, "Triggers": [], "Planner Runtime": 31.722, "Total Runtime": 142.327, "Unique SQL Id": 3956435728}}, "(64, '85')": {"explain_plan": {"Plan": {"Node Type": "Aggregate", "Strategy": "Plain", "Startup Cost": 82294.12, "Total Cost": 82294.13, "Plan Rows": 1, "Plan Width": 97, "Plans": [{"Node Type": "Nested Loop", "Parent Relationship": "Outer", "Join Type": "Inner", "Startup Cost": 2780.8, "Total Cost": 82294.12, "Plan Rows": 1, "Plan Width": 33, "Inner Unique": true, "Plans": [{"Node Type": "Nested Loop", "Parent Relationship": "Outer", "Join Type": "Inner", "Startup Cost": 2780.8, "Total Cost": 82293.84, "Plan Rows": 1, "Plan Width": 37, "Inner Unique": true, "Plans": [{"Node Type": "Nested Loop", "Parent Relationship": "Outer", "Join Type": "Inner", "Startup Cost": 2780.8, "Total Cost": 82293.26, "Plan Rows": 1, "Plan Width": 45, "Inner Unique": false, "Plans": [{"Node Type": "Nested Loop", "Parent Relationship": "Outer", "Join Type": "Inner", "Startup Cost": 2780.8, "Total Cost": 82292.4, "Plan Rows": 1, "Plan Width": 25, "Inner Unique": false, "Join Filter": "(t.id = ci.movie_id)", "Plans": [{"Node Type": "Nested Loop", "Parent Relationship": "Outer", "Join Type": "Inner", "Startup Cost": 2780.8, "Total Cost": 82236.62, "Plan Rows": 2, "Plan Width": 25, "Inner Unique": true, "Plans": [{"Node Type": "Nested Loop", "Parent Relationship": "Outer", "Join Type": "Inner", "Startup Cost": 2780.8, "Total Cost": 80174.39, "Plan Rows": 262, "Plan Width": 4, "Inner Unique": false, "Plans": [{"Node Type": "Bitmap Heap Scan", "Parent Relationship": "Outer", "Relation Name": "company_name", "Alias": "cn", "Startup Cost": 2780.8, "Total Cost": 8684.25, "Plan Rows": 6290, "Plan Width": 4, "Filter": "((country_code)::text = '[jp]'::text)", "Plans": [{"Node Type": "Bitmap Index Scan", "Parent Relationship": "Outer", "Index Name": "company_name_pkey", "Startup Cost": 0.0, "Total Cost": 2779.23, "Plan Rows": 234996, "Plan Width": 0}]}, {"Node Type": "Index Scan", "Parent Relationship": "Inner", "Scan Direction": "Forward", "Index Name": "company_id_movie_companies", "Relation Name": "movie_companies", "Alias": "mc", "Startup Cost": 0.0, "Total Cost": 11.36, "Plan Rows": 1, "Plan Width": 8, "Index Cond": "(company_id = cn.id)", "Filter": "(((note)::text ~~ '%(Japan)%'::text) AND ((note)::text !~~ '%(USA)%'::text) AND (((note)::text ~~ '%(2006)%'::text) OR ((note)::text ~~ '%(2007)%'::text)))"}]}, {"Node Type": "Index Scan", "Parent Relationship": "Inner", "Scan Direction": "Forward", "Index Name": "title_pkey", "Relation Name": "title", "Alias": "t", "Startup Cost": 0.0, "Total Cost": 7.86, "Plan Rows": 1, "Plan Width": 21, "Index Cond": "(id = mc.movie_id)", "Filter": "((production_year >= 2006) AND (production_year <= 2007) AND (((title)::text ~~ 'One Piece%'::text) OR ((title)::text ~~ 'Dragon Ball Z%'::text)))"}]}, {"Node Type": "Index Scan", "Parent Relationship": "Inner", "Scan Direction": "Forward", "Index Name": "movie_id_cast_info", "Relation Name": "cast_info", "Alias": "ci", "Startup Cost": 0.0, "Total Cost": 27.88, "Plan Rows": 1, "Plan Width": 12, "Index Cond": "(movie_id = mc.movie_id)", "Filter": "((note)::text = '(voice: English version)'::text)"}]}, {"Node Type": "Index Scan", "Parent Relationship": "Inner", "Scan Direction": "Forward", "Index Name": "person_id_aka_name", "Relation Name": "aka_name", "Alias": "an", "Startup Cost": 0.0, "Total Cost": 0.84, "Plan Rows": 1, "Plan Width": 20, "Index Cond": "(person_id = ci.person_id)"}]}, {"Node Type": "Index Scan", "Parent Relationship": "Inner", "Scan Direction": "Forward", "Index Name": "name_pkey", "Relation Name": "name", "Alias": "n", "Startup Cost": 0.0, "Total Cost": 0.57, "Plan Rows": 1, "Plan Width": 4, "Index Cond": "(id = an.person_id)", "Filter": "(((name)::text ~~ '%Yo%'::text) AND ((name)::text !~~ '%Yu%'::text))"}]}, {"Node Type": "Index Scan", "Parent Relationship": "Inner", "Scan Direction": "Forward", "Index Name": "role_type_pkey", "Relation Name": "role_type", "Alias": "rt", "Startup Cost": 0.0, "Total Cost": 0.27, "Plan Rows": 1, "Plan Width": 4, "Index Cond": "(id = ci.role_id)", "Filter": "((role)::text = 'actress'::text)"}]}]}, "Unique SQL Id": 3956435728, "Planner Runtime": 20}, "explain_analyze_plan": null}, "(64, '86')": {"explain_plan": {"Plan": {"Node Type": "Aggregate", "Strategy": "Plain", "Startup Cost": 64933.16, "Total Cost": 64933.17, "Plan Rows": 1, "Plan Width": 97, "Plans": [{"Node Type": "Nested Loop", "Parent Relationship": "Outer", "Join Type": "Inner", "Startup Cost": 64921.05, "Total Cost": 64933.15, "Plan Rows": 1, "Plan Width": 33, "Inner Unique": true, "Plans": [{"Node Type": "Nested Loop", "Parent Relationship": "Outer", "Join Type": "Inner", "Startup Cost": 64920.73, "Total Cost": 64928.8, "Plan Rows": 1, "Plan Width": 41, "Inner Unique": true, "Plans": [{"Node Type": "Nested Loop", "Parent Relationship": "Outer", "Join Type": "Inner", "Startup Cost": 64919.5, "Total Cost": 64923.55, "Plan Rows": 1, "Plan Width": 45, "Inner Unique": false, "Plans": [{"Node Type": "Merge Join", "Parent Relationship": "Outer", "Join Type": "Inner", "Startup Cost": 64919.12, "Total Cost": 64919.14, "Plan Rows": 1, "Plan Width": 25, "Inner Unique": true, "Merge Cond": "(ci.role_id = rt.id)", "Plans": [{"Node Type": "Sort", "Parent Relationship": "Outer", "Startup Cost": 64917.96, "Total Cost": 64917.96, "Plan Rows": 1, "Plan Width": 29, "Sort Key": ["ci.role_id"], "Plans": [{"Node Type": "Nested Loop", "Parent Relationship": "Outer", "Join Type": "Inner", "Startup Cost": 3378.08, "Total Cost": 64917.95, "Plan Rows": 1, "Plan Width": 29, "Inner Unique": false, "Join Filter": "(t.id = ci.movie_id)", "Plans": [{"Node Type": "Nested Loop", "Parent Relationship": "Outer", "Join Type": "Inner", "Startup Cost": 3373.8, "Total Cost": 64861.38, "Plan Rows": 2, "Plan Width": 29, "Inner Unique": false, "Plans": [{"Node Type": "Streaming(type: LOCAL GATHER dop: 1/64)", "Parent Relationship": "Outer", "Startup Cost": 3369.54, "Total Cost": 64334.52, "Plan Rows": 43, "Plan Width": 21, "Plans": [{"Node Type": "Seq Scan", "Parent Relationship": "Outer", "Relation Name": "title", "Alias": "t", "Startup Cost": 3369.54, "Total Cost": 64333.63, "Plan Rows": 43, "Plan Width": 21, "Filter": "((production_year >= 2006) AND (production_year <= 2007) AND (((title)::text ~~ 'One Piece%'::text) OR ((title)::text ~~ 'Dragon Ball Z%'::text)))"}]}, {"Node Type": "Bitmap Heap Scan", "Parent Relationship": "Inner", "Relation Name": "movie_companies", "Alias": "mc", "Startup Cost": 4.27, "Total Cost": 12.24, "Plan Rows": 1, "Plan Width": 8, "Recheck Cond": "(movie_id = t.id)", "Filter": "(((note)::text ~~ '%(Japan)%'::text) AND ((note)::text !~~ '%(USA)%'::text) AND (((note)::text ~~ '%(2006)%'::text) OR ((note)::text ~~ '%(2007)%'::text)))", "Plans": [{"Node Type": "Bitmap Index Scan", "Parent Relationship": "Outer", "Index Name": "movie_id_movie_companies", "Startup Cost": 0.0, "Total Cost": 4.26, "Plan Rows": 2, "Plan Width": 0, "Index Cond": "(movie_id = t.id)"}]}]}, {"Node Type": "Bitmap Heap Scan", "Parent Relationship": "Inner", "Relation Name": "cast_info", "Alias": "ci", "Startup Cost": 4.27, "Total Cost": 28.27, "Plan Rows": 1, "Plan Width": 12, "Recheck Cond": "(movie_id = mc.movie_id)", "Filter": "((note)::text = '(voice: English version)'::text)", "Plans": [{"Node Type": "Bitmap Index Scan", "Parent Relationship": "Outer", "Index Name": "movie_id_cast_info", "Startup Cost": 0.0, "Total Cost": 4.27, "Plan Rows": 6, "Plan Width": 0, "Index Cond": "(movie_id = mc.movie_id)"}]}]}]}, {"Node Type": "Sort", "Parent Relationship": "Inner", "Startup Cost": 1.16, "Total Cost": 1.16, "Plan Rows": 1, "Plan Width": 4, "Sort Key": ["rt.id"], "Plans": [{"Node Type": "Seq Scan", "Parent Relationship": "Outer", "Relation Name": "role_type", "Alias": "rt", "Startup Cost": 0.0, "Total Cost": 1.15, "Plan Rows": 1, "Plan Width": 4, "Filter": "((role)::text = 'actress'::text)"}]}]}, {"Node Type": "Bitmap Heap Scan", "Parent Relationship": "Inner", "Relation Name": "aka_name", "Alias": "an", "Startup Cost": 0.38, "Total Cost": 4.39, "Plan Rows": 1, "Plan Width": 20, "Recheck Cond": "(person_id = ci.person_id)", "Plans": [{"Node Type": "Bitmap Index Scan", "Parent Relationship": "Outer", "Index Name": "person_id_aka_name", "Startup Cost": 0.0, "Total Cost": 0.38, "Plan Rows": 1, "Plan Width": 0, "Index Cond": "(person_id = ci.person_id)"}]}]}, {"Node Type": "Bitmap Heap Scan", "Parent Relationship": "Inner", "Relation Name": "company_name", "Alias": "cn", "Startup Cost": 1.23, "Total Cost": 5.24, "Plan Rows": 1, "Plan Width": 4, "Recheck Cond": "(id = mc.company_id)", "Filter": "((country_code)::text = '[jp]'::text)", "Plans": [{"Node Type": "Bitmap Index Scan", "Parent Relationship": "Outer", "Index Name": "company_name_pkey", "Startup Cost": 0.0, "Total Cost": 1.23, "Plan Rows": 1, "Plan Width": 0, "Index Cond": "(id = mc.company_id)"}]}]}, {"Node Type": "Bitmap Heap Scan", "Parent Relationship": "Inner", "Relation Name": "name", "Alias": "n", "Startup Cost": 0.33, "Total Cost": 4.34, "Plan Rows": 1, "Plan Width": 4, "Recheck Cond": "(id = an.person_id)", "Filter": "(((name)::text ~~ '%Yo%'::text) AND ((name)::text !~~ '%Yu%'::text))", "Plans": [{"Node Type": "Bitmap Index Scan", "Parent Relationship": "Outer", "Index Name": "name_pkey", "Startup Cost": 0.0, "Total Cost": 0.33, "Plan Rows": 1, "Plan Width": 0, "Index Cond": "(id = an.person_id)"}]}]}]}, "Unique SQL Id": 3956435728, "Planner Runtime": 30}, "explain_analyze_plan": {"Plan": {"Node Type": "Aggregate", "Strategy": "Plain", "Startup Cost": 64933.16, "Total Cost": 64933.17, "Plan Rows": 1, "Plan Width": 97, "Actual Min Startup Time": 129.236, "Actual Max Startup Time": 129.236, "Actual Min Total Time": 129.236, "Actual Max Total Time": 129.236, "Plans": [{"Node Type": "Nested Loop", "Parent Relationship": "Outer", "Join Type": "Inner", "Startup Cost": 64921.05, "Total Cost": 64933.15, "Plan Rows": 1, "Plan Width": 33, "Actual Min Startup Time": 128.939, "Actual Max Startup Time": 128.939, "Actual Min Total Time": 129.203, "Actual Max Total Time": 129.203, "Inner Unique": true, "Plans": [{"Node Type": "Nested Loop", "Parent Relationship": "Outer", "Join Type": "Inner", "Startup Cost": 64920.73, "Total Cost": 64928.8, "Plan Rows": 1, "Plan Width": 41, "Actual Min Startup Time": 128.603, "Actual Max Startup Time": 128.603, "Actual Min Total Time": 129.013, "Actual Max Total Time": 129.013, "Inner Unique": true, "Plans": [{"Node Type": "Nested Loop", "Parent Relationship": "Outer", "Join Type": "Inner", "Startup Cost": 64919.5, "Total Cost": 64923.55, "Plan Rows": 1, "Plan Width": 45, "Actual Min Startup Time": 128.579, "Actual Max Startup Time": 128.579, "Actual Min Total Time": 128.849, "Actual Max Total Time": 128.849, "Inner Unique": false, "Plans": [{"Node Type": "Merge Join", "Parent Relationship": "Outer", "Join Type": "Inner", "Startup Cost": 64919.12, "Total Cost": 64919.14, "Plan Rows": 1, "Plan Width": 25, "Actual Min Startup Time": 128.556, "Actual Max Startup Time": 128.556, "Actual Min Total Time": 128.574, "Actual Max Total Time": 128.574, "Inner Unique": true, "Merge Cond": "(ci.role_id = rt.id)", "Plans": [{"Node Type": "Sort", "Parent Relationship": "Outer", "Startup Cost": 64917.96, "Total Cost": 64917.96, "Plan Rows": 1, "Plan Width": 29, "Actual Min Startup Time": 128.44, "Actual Max Startup Time": 128.44, "Actual Min Total Time": 128.455, "Actual Max Total Time": 128.455, "Sort Key": ["ci.role_id"], "Sort Method": "quicksort", "Sort Space Min Used": 40, "Sort Space Max Used": 40, "Sort Space Type": "Memory", "Plans": [{"Node Type": "Nested Loop", "Parent Relationship": "Outer", "Join Type": "Inner", "Startup Cost": 3378.08, "Total Cost": 64917.95, "Plan Rows": 1, "Plan Width": 29, "Actual Min Startup Time": 102.748, "Actual Max Startup Time": 102.748, "Actual Min Total Time": 128.214, "Actual Max Total Time": 128.214, "Inner Unique": false, "Join Filter": "(t.id = ci.movie_id)", "Rows Removed by Join Filter": 0, "Plans": [{"Node Type": "Nested Loop", "Parent Relationship": "Outer", "Join Type": "Inner", "Startup Cost": 3373.8, "Total Cost": 64861.38, "Plan Rows": 2, "Plan Width": 29, "Actual Min Startup Time": 102.679, "Actual Max Startup Time": 102.679, "Actual Min Total Time": 127.692, "Actual Max Total Time": 127.692, "Inner Unique": false, "Plans": [{"Node Type": "Streaming(type: LOCAL GATHER dop: 1/64)", "Parent Relationship": "Outer", "Startup Cost": 3369.54, "Total Cost": 64334.52, "Plan Rows": 43, "Plan Width": 21, "Actual Min Startup Time": 102.578, "Actual Max Startup Time": 102.578, "Actual Min Total Time": 127.364, "Actual Max Total Time": 127.364, "Plans": [{"Node Type": "Seq Scan", "Parent Relationship": "Outer", "Relation Name": "title", "Alias": "t", "Startup Cost": 3369.54, "Total Cost": 64333.63, "Plan Rows": 43, "Plan Width": 21, "Actual Min Startup Time": 11.772, "Actual Max Startup Time": 19.854, "Actual Min Total Time": 14.893, "Actual Max Total Time": 19.854, "Filter": "((production_year >= 2006) AND (production_year <= 2007) AND (((title)::text ~~ 'One Piece%'::text) OR ((title)::text ~~ 'Dragon Ball Z%'::text)))", "Rows Removed by Filter": 2528304, "Actual Rows": 7}], "Actual Rows": 7}, {"Node Type": "Bitmap Heap Scan", "Parent Relationship": "Inner", "Relation Name": "movie_companies", "Alias": "mc", "Startup Cost": 4.27, "Total Cost": 12.24, "Plan Rows": 1, "Plan Width": 8, "Actual Min Startup Time": 0.258, "Actual Max Startup Time": 0.258, "Actual Min Total Time": 0.267, "Actual Max Total Time": 0.267, "Recheck Cond": "(movie_id = t.id)", "Rows Removed by Index Recheck": 0, "Filter": "(((note)::text ~~ '%(Japan)%'::text) AND ((note)::text !~~ '%(USA)%'::text) AND (((note)::text ~~ '%(2006)%'::text) OR ((note)::text ~~ '%(2007)%'::text)))", "Rows Removed by Filter": 13, "Exact Heap Blocks": 13, "Lossy Heap Blocks": 13, "Plans": [{"Node Type": "Bitmap Index Scan", "Parent Relationship": "Outer", "Index Name": "movie_id_movie_companies", "Startup Cost": 0.0, "Total Cost": 4.26, "Plan Rows": 2, "Plan Width": 0, "Actual Min Startup Time": 0.137, "Actual Max Startup Time": 0.137, "Actual Min Total Time": 0.137, "Actual Max Total Time": 0.137, "Index Cond": "(movie_id = t.id)", "Actual Rows": 17}], "Actual Rows": 4}], "Actual Rows": 4}, {"Node Type": "Bitmap Heap Scan", "Parent Relationship": "Inner", "Relation Name": "cast_info", "Alias": "ci", "Startup Cost": 4.27, "Total Cost": 28.27, "Plan Rows": 1, "Plan Width": 12, "Actual Min Startup Time": 0.197, "Actual Max Startup Time": 0.197, "Actual Min Total Time": 0.459, "Actual Max Total Time": 0.459, "Recheck Cond": "(movie_id = mc.movie_id)", "Rows Removed by Index Recheck": 0, "Filter": "((note)::text = '(voice: English version)'::text)", "Rows Removed by Filter": 68, "Exact Heap Blocks": 133, "Lossy Heap Blocks": 133, "Plans": [{"Node Type": "Bitmap Index Scan", "Parent Relationship": "Outer", "Index Name": "movie_id_cast_info", "Startup Cost": 0.0, "Total Cost": 4.27, "Plan Rows": 6, "Plan Width": 0, "Actual Min Startup Time": 0.076, "Actual Max Startup Time": 0.076, "Actual Min Total Time": 0.076, "Actual Max Total Time": 0.076, "Index Cond": "(movie_id = mc.movie_id)", "Actual Rows": 172}], "Actual Rows": 104}], "Actual Rows": 104}], "Actual Rows": 104}, {"Node Type": "Sort", "Parent Relationship": "Inner", "Startup Cost": 1.16, "Total Cost": 1.16, "Plan Rows": 1, "Plan Width": 4, "Actual Min Startup Time": 0.087, "Actual Max Startup Time": 0.087, "Actual Min Total Time": 0.087, "Actual Max Total Time": 0.087, "Sort Key": ["rt.id"], "Sort Method": "quicksort", "Sort Space Min Used": 25, "Sort Space Max Used": 25, "Sort Space Type": "Memory", "Plans": [{"Node Type": "Seq Scan", "Parent Relationship": "Outer", "Relation Name": "role_type", "Alias": "rt", "Startup Cost": 0.0, "Total Cost": 1.15, "Plan Rows": 1, "Plan Width": 4, "Actual Min Startup Time": 0.046, "Actual Max Startup Time": 0.046, "Actual Min Total Time": 0.049, "Actual Max Total Time": 0.049, "Filter": "((role)::text = 'actress'::text)", "Rows Removed by Filter": 11, "Actual Rows": 1}], "Actual Rows": 1}], "Actual Rows": 25}, {"Node Type": "Bitmap Heap Scan", "Parent Relationship": "Inner", "Relation Name": "aka_name", "Alias": "an", "Startup Cost": 0.38, "Total Cost": 4.39, "Plan Rows": 1, "Plan Width": 20, "Actual Min Startup Time": 0.213, "Actual Max Startup Time": 0.213, "Actual Min Total Time": 0.228, "Actual Max Total Time": 0.228, "Recheck Cond": "(person_id = ci.person_id)", "Rows Removed by Index Recheck": 0, "Exact Heap Blocks": 20, "Lossy Heap Blocks": 20, "Plans": [{"Node Type": "Bitmap Index Scan", "Parent Relationship": "Outer", "Index Name": "person_id_aka_name", "Startup Cost": 0.0, "Total Cost": 0.38, "Plan Rows": 1, "Plan Width": 0, "Actual Min Startup Time": 0.168, "Actual Max Startup Time": 0.168, "Actual Min Total Time": 0.168, "Actual Max Total Time": 0.168, "Index Cond": "(person_id = ci.person_id)", "Actual Rows": 24}], "Actual Rows": 24}], "Actual Rows": 24}, {"Node Type": "Bitmap Heap Scan", "Parent Relationship": "Inner", "Relation Name": "company_name", "Alias": "cn", "Startup Cost": 1.23, "Total Cost": 5.24, "Plan Rows": 1, "Plan Width": 4, "Actual Min Startup Time": 0.123, "Actual Max Startup Time": 0.123, "Actual Min Total Time": 0.123, "Actual Max Total Time": 0.123, "Recheck Cond": "(id = mc.company_id)", "Rows Removed by Index Recheck": 0, "Filter": "((country_code)::text = '[jp]'::text)", "Rows Removed by Filter": 0, "Exact Heap Blocks": 24, "Lossy Heap Blocks": 24, "Plans": [{"Node Type": "Bitmap Index Scan", "Parent Relationship": "Outer", "Index Name": "company_name_pkey", "Startup Cost": 0.0, "Total Cost": 1.23, "Plan Rows": 1, "Plan Width": 0, "Actual Min Startup Time": 0.068, "Actual Max Startup Time": 0.068, "Actual Min Total Time": 0.068, "Actual Max Total Time": 0.068, "Index Cond": "(id = mc.company_id)", "Actual Rows": 24}], "Actual Rows": 24}], "Actual Rows": 24}, {"Node Type": "Bitmap Heap Scan", "Parent Relationship": "Inner", "Relation Name": "name", "Alias": "n", "Startup Cost": 0.33, "Total Cost": 4.34, "Plan Rows": 1, "Plan Width": 4, "Actual Min Startup Time": 0.157, "Actual Max Startup Time": 0.157, "Actual Min Total Time": 0.157, "Actual Max Total Time": 0.157, "Recheck Cond": "(id = an.person_id)", "Rows Removed by Index Recheck": 0, "Filter": "(((name)::text ~~ '%Yo%'::text) AND ((name)::text !~~ '%Yu%'::text))", "Rows Removed by Filter": 18, "Exact Heap Blocks": 24, "Lossy Heap Blocks": 24, "Plans": [{"Node Type": "Bitmap Index Scan", "Parent Relationship": "Outer", "Index Name": "name_pkey", "Startup Cost": 0.0, "Total Cost": 0.33, "Plan Rows": 1, "Plan Width": 0, "Actual Min Startup Time": 0.091, "Actual Max Startup Time": 0.091, "Actual Min Total Time": 0.091, "Actual Max Total Time": 0.091, "Index Cond": "(id = an.person_id)", "Actual Rows": 24}], "Actual Rows": 6}], "Actual Rows": 6}], "Actual Rows": 1}, "Triggers": [], "Planner Runtime": 30.329, "Total Runtime": 141.945, "Unique SQL Id": 3956435728}}, "(64, '87')": {"explain_plan": {"Plan": {"Node Type": "Aggregate", "Strategy": "Plain", "Startup Cost": 108949.86, "Total Cost": 108949.87, "Plan Rows": 1, "Plan Width": 97, "Plans": [{"Node Type": "Nested Loop", "Parent Relationship": "Outer", "Join Type": "Inner", "Startup Cost": 2793.35, "Total Cost": 108949.85, "Plan Rows": 1, "Plan Width": 33, "Inner Unique": true, "Plans": [{"Node Type": "Nested Loop", "Parent Relationship": "Outer", "Join Type": "Inner", "Startup Cost": 2793.09, "Total Cost": 108945.57, "Plan Rows": 1, "Plan Width": 37, "Inner Unique": true, "Plans": [{"Node Type": "Nested Loop", "Parent Relationship": "Outer", "Join Type": "Inner", "Startup Cost": 2792.76, "Total Cost": 108941.22, "Plan Rows": 1, "Plan Width": 45, "Inner Unique": false, "Plans": [{"Node Type": "Nested Loop", "Parent Relationship": "Outer", "Join Type": "Inner", "Startup Cost": 2792.38, "Total Cost": 108936.81, "Plan Rows": 1, "Plan Width": 25, "Inner Unique": false, "Join Filter": "(t.id = ci.movie_id)", "Plans": [{"Node Type": "Nested Loop", "Parent Relationship": "Outer", "Join Type": "Inner", "Startup Cost": 2788.11, "Total Cost": 108880.24, "Plan Rows": 2, "Plan Width": 25, "Inner Unique": true, "Plans": [{"Node Type": "Nested Loop", "Parent Relationship": "Outer", "Join Type": "Inner", "Startup Cost": 2784.18, "Total Cost": 106793.84, "Plan Rows": 262, "Plan Width": 4, "Inner Unique": false, "Plans": [{"Node Type": "Bitmap Heap Scan", "Parent Relationship": "Outer", "Relation Name": "company_name", "Alias": "cn", "Startup Cost": 2780.8, "Total Cost": 8684.25, "Plan Rows": 6290, "Plan Width": 4, "Filter": "((country_code)::text = '[jp]'::text)", "Plans": [{"Node Type": "Bitmap Index Scan", "Parent Relationship": "Outer", "Index Name": "company_name_pkey", "Startup Cost": 0.0, "Total Cost": 2779.23, "Plan Rows": 234996, "Plan Width": 0}]}, {"Node Type": "Bitmap Heap Scan", "Parent Relationship": "Inner", "Relation Name": "movie_companies", "Alias": "mc", "Startup Cost": 3.37, "Total Cost": 15.59, "Plan Rows": 1, "Plan Width": 8, "Recheck Cond": "(company_id = cn.id)", "Filter": "(((note)::text ~~ '%(Japan)%'::text) AND ((note)::text !~~ '%(USA)%'::text) AND (((note)::text ~~ '%(2006)%'::text) OR ((note)::text ~~ '%(2007)%'::text)))", "Plans": [{"Node Type": "Bitmap Index Scan", "Parent Relationship": "Outer", "Index Name": "company_id_movie_companies", "Startup Cost": 0.0, "Total Cost": 3.37, "Plan Rows": 15, "Plan Width": 0, "Index Cond": "(company_id = cn.id)"}]}]}, {"Node Type": "Bitmap Heap Scan", "Parent Relationship": "Inner", "Relation Name": "title", "Alias": "t", "Startup Cost": 3.93, "Total Cost": 7.95, "Plan Rows": 1, "Plan Width": 21, "Recheck Cond": "(id = mc.movie_id)", "Filter": "((production_year >= 2006) AND (production_year <= 2007) AND (((title)::text ~~ 'One Piece%'::text) OR ((title)::text ~~ 'Dragon Ball Z%'::text)))", "Plans": [{"Node Type": "Bitmap Index Scan", "Parent Relationship": "Outer", "Index Name": "title_pkey", "Startup Cost": 0.0, "Total Cost": 3.93, "Plan Rows": 1, "Plan Width": 0, "Index Cond": "(id = mc.movie_id)"}]}]}, {"Node Type": "Bitmap Heap Scan", "Parent Relationship": "Inner", "Relation Name": "cast_info", "Alias": "ci", "Startup Cost": 4.27, "Total Cost": 28.27, "Plan Rows": 1, "Plan Width": 12, "Recheck Cond": "(movie_id = mc.movie_id)", "Filter": "((note)::text = '(voice: English version)'::text)", "Plans": [{"Node Type": "Bitmap Index Scan", "Parent Relationship": "Outer", "Index Name": "movie_id_cast_info", "Startup Cost": 0.0, "Total Cost": 4.27, "Plan Rows": 6, "Plan Width": 0, "Index Cond": "(movie_id = mc.movie_id)"}]}]}, {"Node Type": "Bitmap Heap Scan", "Parent Relationship": "Inner", "Relation Name": "aka_name", "Alias": "an", "Startup Cost": 0.38, "Total Cost": 4.39, "Plan Rows": 1, "Plan Width": 20, "Recheck Cond": "(person_id = ci.person_id)", "Plans": [{"Node Type": "Bitmap Index Scan", "Parent Relationship": "Outer", "Index Name": "person_id_aka_name", "Startup Cost": 0.0, "Total Cost": 0.38, "Plan Rows": 1, "Plan Width": 0, "Index Cond": "(person_id = ci.person_id)"}]}]}, {"Node Type": "Bitmap Heap Scan", "Parent Relationship": "Inner", "Relation Name": "name", "Alias": "n", "Startup Cost": 0.33, "Total Cost": 4.34, "Plan Rows": 1, "Plan Width": 4, "Recheck Cond": "(id = an.person_id)", "Filter": "(((name)::text ~~ '%Yo%'::text) AND ((name)::text !~~ '%Yu%'::text))", "Plans": [{"Node Type": "Bitmap Index Scan", "Parent Relationship": "Outer", "Index Name": "name_pkey", "Startup Cost": 0.0, "Total Cost": 0.33, "Plan Rows": 1, "Plan Width": 0, "Index Cond": "(id = an.person_id)"}]}]}, {"Node Type": "Bitmap Heap Scan", "Parent Relationship": "Inner", "Relation Name": "role_type", "Alias": "rt", "Startup Cost": 0.26, "Total Cost": 4.27, "Plan Rows": 1, "Plan Width": 4, "Recheck Cond": "(id = ci.role_id)", "Filter": "((role)::text = 'actress'::text)", "Plans": [{"Node Type": "Bitmap Index Scan", "Parent Relationship": "Outer", "Index Name": "role_type_pkey", "Startup Cost": 0.0, "Total Cost": 0.26, "Plan Rows": 1, "Plan Width": 0, "Index Cond": "(id = ci.role_id)"}]}]}]}, "Unique SQL Id": 3956435728, "Planner Runtime": 27}, "explain_analyze_plan": {"Plan": {"Node Type": "Aggregate", "Strategy": "Plain", "Startup Cost": 108949.86, "Total Cost": 108949.87, "Plan Rows": 1, "Plan Width": 97, "Actual Startup Time": 454.404, "Actual Total Time": 454.405, "Actual Rows": 1, "Actual Loops": 1, "Plans": [{"Node Type": "Nested Loop", "Parent Relationship": "Outer", "Join Type": "Inner", "Startup Cost": 2793.35, "Total Cost": 108949.85, "Plan Rows": 1, "Plan Width": 33, "Actual Startup Time": 126.355, "Actual Total Time": 454.354, "Actual Rows": 6, "Actual Loops": 1, "Inner Unique": true, "Plans": [{"Node Type": "Nested Loop", "Parent Relationship": "Outer", "Join Type": "Inner", "Startup Cost": 2793.09, "Total Cost": 108945.57, "Plan Rows": 1, "Plan Width": 37, "Actual Startup Time": 126.34, "Actual Total Time": 454.31, "Actual Rows": 6, "Actual Loops": 1, "Inner Unique": true, "Plans": [{"Node Type": "Nested Loop", "Parent Relationship": "Outer", "Join Type": "Inner", "Startup Cost": 2792.76, "Total Cost": 108941.22, "Plan Rows": 1, "Plan Width": 45, "Actual Startup Time": 125.755, "Actual Total Time": 453.226, "Actual Rows": 171, "Actual Loops": 1, "Inner Unique": false, "Plans": [{"Node Type": "Nested Loop", "Parent Relationship": "Outer", "Join Type": "Inner", "Startup Cost": 2792.38, "Total Cost": 108936.81, "Plan Rows": 1, "Plan Width": 25, "Actual Startup Time": 125.731, "Actual Total Time": 452.322, "Actual Rows": 104, "Actual Loops": 1, "Inner Unique": false, "Join Filter": "(t.id = ci.movie_id)", "Rows Removed by Join Filter": 0, "Plans": [{"Node Type": "Nested Loop", "Parent Relationship": "Outer", "Join Type": "Inner", "Startup Cost": 2788.11, "Total Cost": 108880.24, "Plan Rows": 2, "Plan Width": 25, "Actual Startup Time": 125.673, "Actual Total Time": 451.843, "Actual Rows": 4, "Actual Loops": 1, "Inner Unique": true, "Plans": [{"Node Type": "Nested Loop", "Parent Relationship": "Outer", "Join Type": "Inner", "Startup Cost": 2784.18, "Total Cost": 106793.84, "Plan Rows": 262, "Plan Width": 4, "Actual Startup Time": 21.615, "Actual Total Time": 389.321, "Actual Rows": 8495, "Actual Loops": 1, "Inner Unique": false, "Plans": [{"Node Type": "Bitmap Heap Scan", "Parent Relationship": "Outer", "Relation Name": "company_name", "Alias": "cn", "Startup Cost": 2780.8, "Total Cost": 8684.25, "Plan Rows": 6290, "Plan Width": 4, "Actual Startup Time": 21.545, "Actual Total Time": 139.197, "Actual Rows": 6752, "Actual Loops": 1, "Filter": "((country_code)::text = '[jp]'::text)", "Rows Removed by Filter": 228244, "Exact Heap Blocks": 2966, "Lossy Heap Blocks": 2966, "Plans": [{"Node Type": "Bitmap Index Scan", "Parent Relationship": "Outer", "Index Name": "company_name_pkey", "Startup Cost": 0.0, "Total Cost": 2779.23, "Plan Rows": 234996, "Plan Width": 0, "Actual Startup Time": 21.066, "Actual Total Time": 21.066, "Actual Rows": 234996, "Actual Loops": 1}]}, {"Node Type": "Bitmap Heap Scan", "Parent Relationship": "Inner", "Relation Name": "movie_companies", "Alias": "mc", "Startup Cost": 3.37, "Total Cost": 15.59, "Plan Rows": 1, "Plan Width": 8, "Actual Startup Time": 134.789, "Actual Total Time": 238.582, "Actual Rows": 8495, "Actual Loops": 6752, "Recheck Cond": "(company_id = cn.id)", "Rows Removed by Index Recheck": 0, "Filter": "(((note)::text ~~ '%(Japan)%'::text) AND ((note)::text !~~ '%(USA)%'::text) AND (((note)::text ~~ '%(2006)%'::text) OR ((note)::text ~~ '%(2007)%'::text)))", "Rows Removed by Filter": 96500, "Exact Heap Blocks": 61861, "Lossy Heap Blocks": 61861, "Plans": [{"Node Type": "Bitmap Index Scan", "Parent Relationship": "Outer", "Index Name": "company_id_movie_companies", "Startup Cost": 0.0, "Total Cost": 3.37, "Plan Rows": 15, "Plan Width": 0, "Actual Startup Time": 52.102, "Actual Total Time": 52.102, "Actual Rows": 104995, "Actual Loops": 6752, "Index Cond": "(company_id = cn.id)"}]}]}, {"Node Type": "Bitmap Heap Scan", "Parent Relationship": "Inner", "Relation Name": "title", "Alias": "t", "Startup Cost": 3.93, "Total Cost": 7.95, "Plan Rows": 1, "Plan Width": 21, "Actual Startup Time": 52.556, "Actual Total Time": 52.556, "Actual Rows": 4, "Actual Loops": 8495, "Recheck Cond": "(id = mc.movie_id)", "Rows Removed by Index Recheck": 0, "Filter": "((production_year >= 2006) AND (production_year <= 2007) AND (((title)::text ~~ 'One Piece%'::text) OR ((title)::text ~~ 'Dragon Ball Z%'::text)))", "Rows Removed by Filter": 8491, "Exact Heap Blocks": 8495, "Lossy Heap Blocks": 8495, "Plans": [{"Node Type": "Bitmap Index Scan", "Parent Relationship": "Outer", "Index Name": "title_pkey", "Startup Cost": 0.0, "Total Cost": 3.93, "Plan Rows": 1, "Plan Width": 0, "Actual Startup Time": 25.939, "Actual Total Time": 25.939, "Actual Rows": 8495, "Actual Loops": 8495, "Index Cond": "(id = mc.movie_id)"}]}]}, {"Node Type": "Bitmap Heap Scan", "Parent Relationship": "Inner", "Relation Name": "cast_info", "Alias": "ci", "Startup Cost": 4.27, "Total Cost": 28.27, "Plan Rows": 1, "Plan Width": 12, "Actual Startup Time": 0.182, "Actual Total Time": 0.41, "Actual Rows": 104, "Actual Loops": 4, "Recheck Cond": "(movie_id = mc.movie_id)", "Rows Removed by Index Recheck": 0, "Filter": "((note)::text = '(voice: English version)'::text)", "Rows Removed by Filter": 68, "Exact Heap Blocks": 133, "Lossy Heap Blocks": 133, "Plans": [{"Node Type": "Bitmap Index Scan", "Parent Relationship": "Outer", "Index Name": "movie_id_cast_info", "Startup Cost": 0.0, "Total Cost": 4.27, "Plan Rows": 6, "Plan Width": 0, "Actual Startup Time": 0.058, "Actual Total Time": 0.058, "Actual Rows": 172, "Actual Loops": 4, "Index Cond": "(movie_id = mc.movie_id)"}]}]}, {"Node Type": "Bitmap Heap Scan", "Parent Relationship": "Inner", "Relation Name": "aka_name", "Alias": "an", "Startup Cost": 0.38, "Total Cost": 4.39, "Plan Rows": 1, "Plan Width": 20, "Actual Startup Time": 0.631, "Actual Total Time": 0.711, "Actual Rows": 171, "Actual Loops": 104, "Recheck Cond": "(person_id = ci.person_id)", "Rows Removed by Index Recheck": 0, "Exact Heap Blocks": 105, "Lossy Heap Blocks": 105, "Plans": [{"Node Type": "Bitmap Index Scan", "Parent Relationship": "Outer", "Index Name": "person_id_aka_name", "Startup Cost": 0.0, "Total Cost": 0.38, "Plan Rows": 1, "Plan Width": 0, "Actual Startup Time": 0.442, "Actual Total Time": 0.442, "Actual Rows": 171, "Actual Loops": 104, "Index Cond": "(person_id = ci.person_id)"}]}]}, {"Node Type": "Bitmap Heap Scan", "Parent Relationship": "Inner", "Relation Name": "name", "Alias": "n", "Startup Cost": 0.33, "Total Cost": 4.34, "Plan Rows": 1, "Plan Width": 4, "Actual Startup Time": 0.885, "Actual Total Time": 0.885, "Actual Rows": 6, "Actual Loops": 171, "Recheck Cond": "(id = an.person_id)", "Rows Removed by Index Recheck": 0, "Filter": "(((name)::text ~~ '%Yo%'::text) AND ((name)::text !~~ '%Yu%'::text))", "Rows Removed by Filter": 165, "Exact Heap Blocks": 171, "Lossy Heap Blocks": 171, "Plans": [{"Node Type": "Bitmap Index Scan", "Parent Relationship": "Outer", "Index Name": "name_pkey", "Startup Cost": 0.0, "Total Cost": 0.33, "Plan Rows": 1, "Plan Width": 0, "Actual Startup Time": 0.549, "Actual Total Time": 0.549, "Actual Rows": 171, "Actual Loops": 171, "Index Cond": "(id = an.person_id)"}]}]}, {"Node Type": "Bitmap Heap Scan", "Parent Relationship": "Inner", "Relation Name": "role_type", "Alias": "rt", "Startup Cost": 0.26, "Total Cost": 4.27, "Plan Rows": 1, "Plan Width": 4, "Actual Startup Time": 0.029, "Actual Total Time": 0.029, "Actual Rows": 6, "Actual Loops": 6, "Recheck Cond": "(id = ci.role_id)", "Rows Removed by Index Recheck": 0, "Filter": "((role)::text = 'actress'::text)", "Rows Removed by Filter": 0, "Exact Heap Blocks": 6, "Lossy Heap Blocks": 6, "Plans": [{"Node Type": "Bitmap Index Scan", "Parent Relationship": "Outer", "Index Name": "role_type_pkey", "Startup Cost": 0.0, "Total Cost": 0.26, "Plan Rows": 1, "Plan Width": 0, "Actual Startup Time": 0.01, "Actual Total Time": 0.01, "Actual Rows": 6, "Actual Loops": 6, "Index Cond": "(id = ci.role_id)"}]}]}]}, "Triggers": [], "Planner Runtime": 30.658, "Total Runtime": 454.866, "Unique SQL Id": 3956435728}}, "(64, '88')": {"explain_plan": {"Plan": {"Node Type": "Aggregate", "Strategy": "Plain", "Startup Cost": 64890.38, "Total Cost": 64890.39, "Plan Rows": 1, "Plan Width": 97, "Plans": [{"Node Type": "Nested Loop", "Parent Relationship": "Outer", "Join Type": "Inner", "Startup Cost": 3369.54, "Total Cost": 64890.38, "Plan Rows": 1, "Plan Width": 33, "Inner Unique": true, "Plans": [{"Node Type": "Nested Loop", "Parent Relationship": "Outer", "Join Type": "Inner", "Startup Cost": 3369.54, "Total Cost": 64890.09, "Plan Rows": 1, "Plan Width": 37, "Inner Unique": true, "Plans": [{"Node Type": "Nested Loop", "Parent Relationship": "Outer", "Join Type": "Inner", "Startup Cost": 3369.54, "Total Cost": 64889.51, "Plan Rows": 1, "Plan Width": 45, "Inner Unique": true, "Plans": [{"Node Type": "Nested Loop", "Parent Relationship": "Outer", "Join Type": "Inner", "Startup Cost": 3369.54, "Total Cost": 64885.13, "Plan Rows": 1, "Plan Width": 49, "Inner Unique": false, "Plans": [{"Node Type": "Nested Loop", "Parent Relationship": "Outer", "Join Type": "Inner", "Startup Cost": 3369.54, "Total Cost": 64884.27, "Plan Rows": 1, "Plan Width": 29, "Inner Unique": false, "Join Filter": "(t.id = ci.movie_id)", "Plans": [{"Node Type": "Nested Loop", "Parent Relationship": "Outer", "Join Type": "Inner", "Startup Cost": 3369.54, "Total Cost": 64828.49, "Plan Rows": 2, "Plan Width": 29, "Inner Unique": false, "Plans": [{"Node Type": "Streaming(type: LOCAL GATHER dop: 1/64)", "Parent Relationship": "Outer", "Startup Cost": 3369.54, "Total Cost": 64334.52, "Plan Rows": 43, "Plan Width": 21, "Plans": [{"Node Type": "Seq Scan", "Parent Relationship": "Outer", "Relation Name": "title", "Alias": "t", "Startup Cost": 3369.54, "Total Cost": 64333.63, "Plan Rows": 43, "Plan Width": 21, "Filter": "((production_year >= 2006) AND (production_year <= 2007) AND (((title)::text ~~ 'One Piece%'::text) OR ((title)::text ~~ 'Dragon Ball Z%'::text)))"}]}, {"Node Type": "Index Scan", "Parent Relationship": "Inner", "Scan Direction": "Forward", "Index Name": "movie_id_movie_companies", "Relation Name": "movie_companies", "Alias": "mc", "Startup Cost": 0.0, "Total Cost": 11.48, "Plan Rows": 1, "Plan Width": 8, "Index Cond": "(movie_id = t.id)", "Filter": "(((note)::text ~~ '%(Japan)%'::text) AND ((note)::text !~~ '%(USA)%'::text) AND (((note)::text ~~ '%(2006)%'::text) OR ((note)::text ~~ '%(2007)%'::text)))"}]}, {"Node Type": "Index Scan", "Parent Relationship": "Inner", "Scan Direction": "Forward", "Index Name": "movie_id_cast_info", "Relation Name": "cast_info", "Alias": "ci", "Startup Cost": 0.0, "Total Cost": 27.88, "Plan Rows": 1, "Plan Width": 12, "Index Cond": "(movie_id = mc.movie_id)", "Filter": "((note)::text = '(voice: English version)'::text)"}]}, {"Node Type": "Index Scan", "Parent Relationship": "Inner", "Scan Direction": "Forward", "Index Name": "person_id_aka_name", "Relation Name": "aka_name", "Alias": "an", "Startup Cost": 0.0, "Total Cost": 0.84, "Plan Rows": 1, "Plan Width": 20, "Index Cond": "(person_id = ci.person_id)"}]}, {"Node Type": "Index Scan", "Parent Relationship": "Inner", "Scan Direction": "Forward", "Index Name": "company_name_pkey", "Relation Name": "company_name", "Alias": "cn", "Startup Cost": 0.0, "Total Cost": 4.37, "Plan Rows": 1, "Plan Width": 4, "Index Cond": "(id = mc.company_id)", "Filter": "((country_code)::text = '[jp]'::text)"}]}, {"Node Type": "Index Scan", "Parent Relationship": "Inner", "Scan Direction": "Forward", "Index Name": "name_pkey", "Relation Name": "name", "Alias": "n", "Startup Cost": 0.0, "Total Cost": 0.57, "Plan Rows": 1, "Plan Width": 4, "Index Cond": "(id = an.person_id)", "Filter": "(((name)::text ~~ '%Yo%'::text) AND ((name)::text !~~ '%Yu%'::text))"}]}, {"Node Type": "Index Scan", "Parent Relationship": "Inner", "Scan Direction": "Forward", "Index Name": "role_type_pkey", "Relation Name": "role_type", "Alias": "rt", "Startup Cost": 0.0, "Total Cost": 0.27, "Plan Rows": 1, "Plan Width": 4, "Index Cond": "(id = ci.role_id)", "Filter": "((role)::text = 'actress'::text)"}]}]}, "Unique SQL Id": 3956435728, "Planner Runtime": 20}, "explain_analyze_plan": {"Plan": {"Node Type": "Aggregate", "Strategy": "Plain", "Startup Cost": 64890.38, "Total Cost": 64890.39, "Plan Rows": 1, "Plan Width": 97, "Actual Min Startup Time": 129.95, "Actual Max Startup Time": 129.95, "Actual Min Total Time": 129.951, "Actual Max Total Time": 129.951, "Plans": [{"Node Type": "Nested Loop", "Parent Relationship": "Outer", "Join Type": "Inner", "Startup Cost": 3369.54, "Total Cost": 64890.38, "Plan Rows": 1, "Plan Width": 33, "Actual Min Startup Time": 82.756, "Actual Max Startup Time": 82.756, "Actual Min Total Time": 129.873, "Actual Max Total Time": 129.873, "Inner Unique": true, "Plans": [{"Node Type": "Nested Loop", "Parent Relationship": "Outer", "Join Type": "Inner", "Startup Cost": 3369.54, "Total Cost": 64890.09, "Plan Rows": 1, "Plan Width": 37, "Actual Min Startup Time": 82.738, "Actual Max Startup Time": 82.738, "Actual Min Total Time": 129.822, "Actual Max Total Time": 129.822, "Inner Unique": true, "Plans": [{"Node Type": "Nested Loop", "Parent Relationship": "Outer", "Join Type": "Inner", "Startup Cost": 3369.54, "Total Cost": 64889.51, "Plan Rows": 1, "Plan Width": 45, "Actual Min Startup Time": 81.529, "Actual Max Startup Time": 81.529, "Actual Min Total Time": 128.829, "Actual Max Total Time": 128.829, "Inner Unique": true, "Plans": [{"Node Type": "Nested Loop", "Parent Relationship": "Outer", "Join Type": "Inner", "Startup Cost": 3369.54, "Total Cost": 64885.13, "Plan Rows": 1, "Plan Width": 49, "Actual Min Startup Time": 81.496, "Actual Max Startup Time": 81.496, "Actual Min Total Time": 128.07, "Actual Max Total Time": 128.07, "Inner Unique": false, "Plans": [{"Node Type": "Nested Loop", "Parent Relationship": "Outer", "Join Type": "Inner", "Startup Cost": 3369.54, "Total Cost": 64884.27, "Plan Rows": 1, "Plan Width": 29, "Actual Min Startup Time": 81.476, "Actual Max Startup Time": 81.476, "Actual Min Total Time": 127.263, "Actual Max Total Time": 127.263, "Inner Unique": false, "Join Filter": "(t.id = ci.movie_id)", "Rows Removed by Join Filter": 0, "Plans": [{"Node Type": "Nested Loop", "Parent Relationship": "Outer", "Join Type": "Inner", "Startup Cost": 3369.54, "Total Cost": 64828.49, "Plan Rows": 2, "Plan Width": 29, "Actual Min Startup Time": 81.441, "Actual Max Startup Time": 81.441, "Actual Min Total Time": 126.75, "Actual Max Total Time": 126.75, "Inner Unique": false, "Plans": [{"Node Type": "Streaming(type: LOCAL GATHER dop: 1/64)", "Parent Relationship": "Outer", "Startup Cost": 3369.54, "Total Cost": 64334.52, "Plan Rows": 43, "Plan Width": 21, "Actual Min Startup Time": 81.336, "Actual Max Startup Time": 81.336, "Actual Min Total Time": 126.394, "Actual Max Total Time": 126.394, "Plans": [{"Node Type": "Seq Scan", "Parent Relationship": "Outer", "Relation Name": "title", "Alias": "t", "Startup Cost": 3369.54, "Total Cost": 64333.63, "Plan Rows": 43, "Plan Width": 21, "Actual Min Startup Time": 11.827, "Actual Max Startup Time": 38.588, "Actual Min Total Time": 14.967, "Actual Max Total Time": 38.588, "Filter": "((production_year >= 2006) AND (production_year <= 2007) AND (((title)::text ~~ 'One Piece%'::text) OR ((title)::text ~~ 'Dragon Ball Z%'::text)))", "Rows Removed by Filter": 2528304, "Actual Rows": 7}], "Actual Rows": 7}, {"Node Type": "Index Scan", "Parent Relationship": "Inner", "Scan Direction": "Forward", "Index Name": "movie_id_movie_companies", "Relation Name": "movie_companies", "Alias": "mc", "Startup Cost": 0.0, "Total Cost": 11.48, "Plan Rows": 1, "Plan Width": 8, "Actual Min Startup Time": 0.272, "Actual Max Startup Time": 0.272, "Actual Min Total Time": 0.284, "Actual Max Total Time": 0.284, "Index Cond": "(movie_id = t.id)", "Rows Removed by Index Recheck": 0, "Filter": "(((note)::text ~~ '%(Japan)%'::text) AND ((note)::text !~~ '%(USA)%'::text) AND (((note)::text ~~ '%(2006)%'::text) OR ((note)::text ~~ '%(2007)%'::text)))", "Rows Removed by Filter": 13, "Actual Rows": 4}], "Actual Rows": 4}, {"Node Type": "Index Scan", "Parent Relationship": "Inner", "Scan Direction": "Forward", "Index Name": "movie_id_cast_info", "Relation Name": "cast_info", "Alias": "ci", "Startup Cost": 0.0, "Total Cost": 27.88, "Plan Rows": 1, "Plan Width": 12, "Actual Min Startup Time": 0.149, "Actual Max Startup Time": 0.149, "Actual Min Total Time": 0.418, "Actual Max Total Time": 0.418, "Index Cond": "(movie_id = mc.movie_id)", "Rows Removed by Index Recheck": 0, "Filter": "((note)::text = '(voice: English version)'::text)", "Rows Removed by Filter": 68, "Actual Rows": 104}], "Actual Rows": 104}, {"Node Type": "Index Scan", "Parent Relationship": "Inner", "Scan Direction": "Forward", "Index Name": "person_id_aka_name", "Relation Name": "aka_name", "Alias": "an", "Startup Cost": 0.0, "Total Cost": 0.84, "Plan Rows": 1, "Plan Width": 20, "Actual Min Startup Time": 0.573, "Actual Max Startup Time": 0.573, "Actual Min Total Time": 0.686, "Actual Max Total Time": 0.686, "Index Cond": "(person_id = ci.person_id)", "Rows Removed by Index Recheck": 0, "Actual Rows": 171}], "Actual Rows": 171}, {"Node Type": "Index Scan", "Parent Relationship": "Inner", "Scan Direction": "Forward", "Index Name": "company_name_pkey", "Relation Name": "company_name", "Alias": "cn", "Startup Cost": 0.0, "Total Cost": 4.37, "Plan Rows": 1, "Plan Width": 4, "Actual Min Startup Time": 0.589, "Actual Max Startup Time": 0.589, "Actual Min Total Time": 0.589, "Actual Max Total Time": 0.589, "Index Cond": "(id = mc.company_id)", "Rows Removed by Index Recheck": 0, "Filter": "((country_code)::text = '[jp]'::text)", "Rows Removed by Filter": 0, "Actual Rows": 171}], "Actual Rows": 171}, {"Node Type": "Index Scan", "Parent Relationship": "Inner", "Scan Direction": "Forward", "Index Name": "name_pkey", "Relation Name": "name", "Alias": "n", "Startup Cost": 0.0, "Total Cost": 0.57, "Plan Rows": 1, "Plan Width": 4, "Actual Min Startup Time": 0.882, "Actual Max Startup Time": 0.882, "Actual Min Total Time": 0.882, "Actual Max Total Time": 0.882, "Index Cond": "(id = an.person_id)", "Rows Removed by Index Recheck": 0, "Filter": "(((name)::text ~~ '%Yo%'::text) AND ((name)::text !~~ '%Yu%'::text))", "Rows Removed by Filter": 165, "Actual Rows": 6}], "Actual Rows": 6}, {"Node Type": "Index Scan", "Parent Relationship": "Inner", "Scan Direction": "Forward", "Index Name": "role_type_pkey", "Relation Name": "role_type", "Alias": "rt", "Startup Cost": 0.0, "Total Cost": 0.27, "Plan Rows": 1, "Plan Width": 4, "Actual Min Startup Time": 0.03, "Actual Max Startup Time": 0.03, "Actual Min Total Time": 0.03, "Actual Max Total Time": 0.03, "Index Cond": "(id = ci.role_id)", "Rows Removed by Index Recheck": 0, "Filter": "((role)::text = 'actress'::text)", "Rows Removed by Filter": 0, "Actual Rows": 6}], "Actual Rows": 6}], "Actual Rows": 1}, "Triggers": [], "Planner Runtime": 31.722, "Total Runtime": 142.327, "Unique SQL Id": 3956435728}}, "(64, '89')": {"explain_plan": {"Plan": {"Node Type": "Aggregate", "Strategy": "Plain", "Startup Cost": 84111.26, "Total Cost": 84111.27, "Plan Rows": 1, "Plan Width": 97, "Plans": [{"Node Type": "Nested Loop", "Parent Relationship": "Outer", "Join Type": "Inner", "Startup Cost": 0.0, "Total Cost": 84111.26, "Plan Rows": 1, "Plan Width": 33, "Inner Unique": true, "Plans": [{"Node Type": "Nested Loop", "Parent Relationship": "Outer", "Join Type": "Inner", "Startup Cost": 0.0, "Total Cost": 84110.97, "Plan Rows": 1, "Plan Width": 37, "Inner Unique": true, "Plans": [{"Node Type": "Nested Loop", "Parent Relationship": "Outer", "Join Type": "Inner", "Startup Cost": 0.0, "Total Cost": 84110.39, "Plan Rows": 1, "Plan Width": 45, "Inner Unique": false, "Plans": [{"Node Type": "Nested Loop", "Parent Relationship": "Outer", "Join Type": "Inner", "Startup Cost": 0.0, "Total Cost": 84109.54, "Plan Rows": 1, "Plan Width": 25, "Inner Unique": false, "Join Filter": "(t.id = ci.movie_id)", "Plans": [{"Node Type": "Nested Loop", "Parent Relationship": "Outer", "Join Type": "Inner", "Startup Cost": 0.0, "Total Cost": 84053.76, "Plan Rows": 2, "Plan Width": 25, "Inner Unique": true, "Plans": [{"Node Type": "Nested Loop", "Parent Relationship": "Outer", "Join Type": "Inner", "Startup Cost": 0.0, "Total Cost": 81991.53, "Plan Rows": 262, "Plan Width": 4, "Inner Unique": false, "Plans": [{"Node Type": "Index Scan", "Parent Relationship": "Outer", "Scan Direction": "Forward", "Index Name": "company_name_pkey", "Relation Name": "company_name", "Alias": "cn", "Startup Cost": 0.0, "Total Cost": 10501.39, "Plan Rows": 6290, "Plan Width": 4, "Filter": "((country_code)::text = '[jp]'::text)"}, {"Node Type": "Index Scan", "Parent Relationship": "Inner", "Scan Direction": "Forward", "Index Name": "company_id_movie_companies", "Relation Name": "movie_companies", "Alias": "mc", "Startup Cost": 0.0, "Total Cost": 11.36, "Plan Rows": 1, "Plan Width": 8, "Index Cond": "(company_id = cn.id)", "Filter": "(((note)::text ~~ '%(Japan)%'::text) AND ((note)::text !~~ '%(USA)%'::text) AND (((note)::text ~~ '%(2006)%'::text) OR ((note)::text ~~ '%(2007)%'::text)))"}]}, {"Node Type": "Index Scan", "Parent Relationship": "Inner", "Scan Direction": "Forward", "Index Name": "title_pkey", "Relation Name": "title", "Alias": "t", "Startup Cost": 0.0, "Total Cost": 7.86, "Plan Rows": 1, "Plan Width": 21, "Index Cond": "(id = mc.movie_id)", "Filter": "((production_year >= 2006) AND (production_year <= 2007) AND (((title)::text ~~ 'One Piece%'::text) OR ((title)::text ~~ 'Dragon Ball Z%'::text)))"}]}, {"Node Type": "Index Scan", "Parent Relationship": "Inner", "Scan Direction": "Forward", "Index Name": "movie_id_cast_info", "Relation Name": "cast_info", "Alias": "ci", "Startup Cost": 0.0, "Total Cost": 27.88, "Plan Rows": 1, "Plan Width": 12, "Index Cond": "(movie_id = mc.movie_id)", "Filter": "((note)::text = '(voice: English version)'::text)"}]}, {"Node Type": "Index Scan", "Parent Relationship": "Inner", "Scan Direction": "Forward", "Index Name": "person_id_aka_name", "Relation Name": "aka_name", "Alias": "an", "Startup Cost": 0.0, "Total Cost": 0.84, "Plan Rows": 1, "Plan Width": 20, "Index Cond": "(person_id = ci.person_id)"}]}, {"Node Type": "Index Scan", "Parent Relationship": "Inner", "Scan Direction": "Forward", "Index Name": "name_pkey", "Relation Name": "name", "Alias": "n", "Startup Cost": 0.0, "Total Cost": 0.57, "Plan Rows": 1, "Plan Width": 4, "Index Cond": "(id = an.person_id)", "Filter": "(((name)::text ~~ '%Yo%'::text) AND ((name)::text !~~ '%Yu%'::text))"}]}, {"Node Type": "Index Scan", "Parent Relationship": "Inner", "Scan Direction": "Forward", "Index Name": "role_type_pkey", "Relation Name": "role_type", "Alias": "rt", "Startup Cost": 0.0, "Total Cost": 0.27, "Plan Rows": 1, "Plan Width": 4, "Index Cond": "(id = ci.role_id)", "Filter": "((role)::text = 'actress'::text)"}]}]}, "Unique SQL Id": 3956435728, "Planner Runtime": 24}, "explain_analyze_plan": {"Plan": {"Node Type": "Aggregate", "Strategy": "Plain", "Startup Cost": 84111.26, "Total Cost": 84111.27, "Plan Rows": 1, "Plan Width": 97, "Actual Startup Time": 508.933, "Actual Total Time": 508.933, "Actual Rows": 1, "Actual Loops": 1, "Plans": [{"Node Type": "Nested Loop", "Parent Relationship": "Outer", "Join Type": "Inner", "Startup Cost": 0.0, "Total Cost": 84111.26, "Plan Rows": 1, "Plan Width": 33, "Actual Startup Time": 43.321, "Actual Total Time": 508.871, "Actual Rows": 6, "Actual Loops": 1, "Inner Unique": true, "Plans": [{"Node Type": "Nested Loop", "Parent Relationship": "Outer", "Join Type": "Inner", "Startup Cost": 0.0, "Total Cost": 84110.97, "Plan Rows": 1, "Plan Width": 37, "Actual Startup Time": 43.31, "Actual Total Time": 508.838, "Actual Rows": 6, "Actual Loops": 1, "Inner Unique": true, "Plans": [{"Node Type": "Nested Loop", "Parent Relationship": "Outer", "Join Type": "Inner", "Startup Cost": 0.0, "Total Cost": 84110.39, "Plan Rows": 1, "Plan Width": 45, "Actual Startup Time": 42.486, "Actual Total Time": 507.995, "Actual Rows": 171, "Actual Loops": 1, "Inner Unique": false, "Plans": [{"Node Type": "Nested Loop", "Parent Relationship": "Outer", "Join Type": "Inner", "Startup Cost": 0.0, "Total Cost": 84109.54, "Plan Rows": 1, "Plan Width": 25, "Actual Startup Time": 42.471, "Actual Total Time": 507.321, "Actual Rows": 104, "Actual Loops": 1, "Inner Unique": false, "Join Filter": "(t.id = ci.movie_id)", "Rows Removed by Join Filter": 0, "Plans": [{"Node Type": "Nested Loop", "Parent Relationship": "Outer", "Join Type": "Inner", "Startup Cost": 0.0, "Total Cost": 84053.76, "Plan Rows": 2, "Plan Width": 25, "Actual Startup Time": 42.377, "Actual Total Time": 506.931, "Actual Rows": 4, "Actual Loops": 1, "Inner Unique": true, "Plans": [{"Node Type": "Nested Loop", "Parent Relationship": "Outer", "Join Type": "Inner", "Startup Cost": 0.0, "Total Cost": 81991.53, "Plan Rows": 262, "Plan Width": 4, "Actual Startup Time": 0.202, "Actual Total Time": 458.712, "Actual Rows": 8495, "Actual Loops": 1, "Inner Unique": false, "Plans": [{"Node Type": "Index Scan", "Parent Relationship": "Outer", "Scan Direction": "Forward", "Index Name": "company_name_pkey", "Relation Name": "company_name", "Alias": "cn", "Startup Cost": 0.0, "Total Cost": 10501.39, "Plan Rows": 6290, "Plan Width": 4, "Actual Startup Time": 0.167, "Actual Total Time": 270.605, "Actual Rows": 6752, "Actual Loops": 1, "Filter": "((country_code)::text = '[jp]'::text)", "Rows Removed by Filter": 228244}, {"Node Type": "Index Scan", "Parent Relationship": "Inner", "Scan Direction": "Forward", "Index Name": "company_id_movie_companies", "Relation Name": "movie_companies", "Alias": "mc", "Startup Cost": 0.0, "Total Cost": 11.36, "Plan Rows": 1, "Plan Width": 8, "Actual Startup Time": 82.862, "Actual Total Time": 182.042, "Actual Rows": 8495, "Actual Loops": 6752, "Index Cond": "(company_id = cn.id)", "Rows Removed by Index Recheck": 0, "Filter": "(((note)::text ~~ '%(Japan)%'::text) AND ((note)::text !~~ '%(USA)%'::text) AND (((note)::text ~~ '%(2006)%'::text) OR ((note)::text ~~ '%(2007)%'::text)))", "Rows Removed by Filter": 96500}]}, {"Node Type": "Index Scan", "Parent Relationship": "Inner", "Scan Direction": "Forward", "Index Name": "title_pkey", "Relation Name": "title", "Alias": "t", "Startup Cost": 0.0, "Total Cost": 7.86, "Plan Rows": 1, "Plan Width": 21, "Actual Startup Time": 43.82, "Actual Total Time": 43.82, "Actual Rows": 4, "Actual Loops": 8495, "Index Cond": "(id = mc.movie_id)", "Rows Removed by Index Recheck": 0, "Filter": "((production_year >= 2006) AND (production_year <= 2007) AND (((title)::text ~~ 'One Piece%'::text) OR ((title)::text ~~ 'Dragon Ball Z%'::text)))", "Rows Removed by Filter": 8491}]}, {"Node Type": "Index Scan", "Parent Relationship": "Inner", "Scan Direction": "Forward", "Index Name": "movie_id_cast_info", "Relation Name": "cast_info", "Alias": "ci", "Startup Cost": 0.0, "Total Cost": 27.88, "Plan Rows": 1, "Plan Width": 12, "Actual Startup Time": 0.107, "Actual Total Time": 0.315, "Actual Rows": 104, "Actual Loops": 4, "Index Cond": "(movie_id = mc.movie_id)", "Rows Removed by Index Recheck": 0, "Filter": "((note)::text = '(voice: English version)'::text)", "Rows Removed by Filter": 68}]}, {"Node Type": "Index Scan", "Parent Relationship": "Inner", "Scan Direction": "Forward", "Index Name": "person_id_aka_name", "Relation Name": "aka_name", "Alias": "an", "Startup Cost": 0.0, "Total Cost": 0.84, "Plan Rows": 1, "Plan Width": 20, "Actual Startup Time": 0.474, "Actual Total Time": 0.579, "Actual Rows": 171, "Actual Loops": 104, "Index Cond": "(person_id = ci.person_id)", "Rows Removed by Index Recheck": 0}]}, {"Node Type": "Index Scan", "Parent Relationship": "Inner", "Scan Direction": "Forward", "Index Name": "name_pkey", "Relation Name": "name", "Alias": "n", "Startup Cost": 0.0, "Total Cost": 0.57, "Plan Rows": 1, "Plan Width": 4, "Actual Startup Time": 0.754, "Actual Total Time": 0.754, "Actual Rows": 6, "Actual Loops": 171, "Index Cond": "(id = an.person_id)", "Rows Removed by Index Recheck": 0, "Filter": "(((name)::text ~~ '%Yo%'::text) AND ((name)::text !~~ '%Yu%'::text))", "Rows Removed by Filter": 165}]}, {"Node Type": "Index Scan", "Parent Relationship": "Inner", "Scan Direction": "Forward", "Index Name": "role_type_pkey", "Relation Name": "role_type", "Alias": "rt", "Startup Cost": 0.0, "Total Cost": 0.27, "Plan Rows": 1, "Plan Width": 4, "Actual Startup Time": 0.021, "Actual Total Time": 0.021, "Actual Rows": 6, "Actual Loops": 6, "Index Cond": "(id = ci.role_id)", "Rows Removed by Index Recheck": 0, "Filter": "((role)::text = 'actress'::text)", "Rows Removed by Filter": 0}]}]}, "Triggers": [], "Planner Runtime": 28.465, "Total Runtime": 509.196, "Unique SQL Id": 3956435728}}, "(64, '90')": {"explain_plan": {"Plan": {"Node Type": "Aggregate", "Strategy": "Plain", "Startup Cost": 1060870147847.71, "Total Cost": 1060870147847.72, "Plan Rows": 1, "Plan Width": 97, "Plans": [{"Node Type": "Merge Join", "Parent Relationship": "Outer", "Join Type": "Inner", "Startup Cost": 210002181216.51, "Total Cost": 1060870147847.7, "Plan Rows": 1, "Plan Width": 33, "Inner Unique": false, "Merge Cond": "(an.person_id = ci.person_id)", "Plans": [{"Node Type": "Merge Join", "Parent Relationship": "Outer", "Join Type": "Inner", "Startup Cost": 10000109059.01, "Total Cost": 1000019820786.27, "Plan Rows": 16627, "Plan Width": 24, "Inner Unique": false, "Merge Cond": "(n.id = an.person_id)", "Plans": [{"Node Type": "Index Scan", "Parent Relationship": "Outer", "Scan Direction": "Forward", "Index Name": "name_pkey", "Relation Name": "name", "Alias": "n", "Startup Cost": 10000000000.0, "Total Cost": 1000019707019.7, "Plan Rows": 13886, "Plan Width": 4, "Filter": "(((name)::text ~~ '%Yo%'::text) AND ((name)::text !~~ '%Yu%'::text))"}, {"Node Type": "Sort", "Parent Relationship": "Inner", "Startup Cost": 109058.87, "Total Cost": 111312.23, "Plan Rows": 901342, "Plan Width": 20, "Sort Key": ["an.person_id"], "Plans": [{"Node Type": "Seq Scan", "Parent Relationship": "Outer", "Relation Name": "aka_name", "Alias": "an", "Startup Cost": 0.0, "Total Cost": 19908.42, "Plan Rows": 901342, "Plan Width": 20}]}]}, {"Node Type": "Sort", "Parent Relationship": "Inner", "Startup Cost": 200002072157.5, "Total Cost": 200002072157.5, "Plan Rows": 1, "Plan Width": 21, "Sort Key": ["ci.person_id"], "Plans": [{"Node Type": "Merge Join", "Parent Relationship": "Outer", "Join Type": "Inner", "Startup Cost": 200002072126.02, "Total Cost": 200002072157.49, "Plan Rows": 1, "Plan Width": 21, "Inner Unique": true, "Merge Cond": "(mc.company_id = cn.id)", "Plans": [{"Node Type": "Sort", "Parent Relationship": "Outer", "Startup Cost": 200002065825.71, "Total Cost": 200002065825.71, "Plan Rows": 1, "Plan Width": 25, "Sort Key": ["mc.company_id"], "Plans": [{"Node Type": "Merge Join", "Parent Relationship": "Outer", "Join Type": "Inner", "Startup Cost": 200002065781.72, "Total Cost": 200002065825.7, "Plan Rows": 1, "Plan Width": 25, "Inner Unique": false, "Merge Cond": "(ci.movie_id = t.id)", "Plans": [{"Node Type": "Sort", "Parent Relationship": "Outer", "Startup Cost": 100000770828.56, "Total Cost": 100000770850.53, "Plan Rows": 8790, "Plan Width": 8, "Sort Key": ["ci.movie_id"], "Plans": [{"Node Type": "Nested Loop", "Parent Relationship": "Outer", "Join Type": "Inner", "Startup Cost": 10000000000.0, "Total Cost": 100000770252.74, "Plan Rows": 8790, "Plan Width": 8, "Inner Unique": false, "Join Filter": "(ci.role_id = rt.id)", "Plans": [{"Node Type": "Seq Scan", "Parent Relationship": "Outer", "Relation Name": "role_type", "Alias": "rt", "Startup Cost": 0.0, "Total Cost": 1.15, "Plan Rows": 1, "Plan Width": 4, "Filter": "((role)::text = 'actress'::text)"}, {"Node Type": "Materialize", "Parent Relationship": "Inner", "Startup Cost": 0.0, "Total Cost": 76057.2, "Plan Rows": 96692, "Plan Width": 12, "Plans": [{"Node Type": "Streaming(type: LOCAL GATHER dop: 1/64)", "Parent Relationship": "Outer", "Startup Cost": 0.0, "Total Cost": 75815.47, "Plan Rows": 96692, "Plan Width": 12, "Plans": [{"Node Type": "Seq Scan", "Parent Relationship": "Outer", "Relation Name": "cast_info", "Alias": "ci", "Startup Cost": 0.0, "Total Cost": 73820.73, "Plan Rows": 96692, "Plan Width": 12, "Filter": "((note)::text = '(voice: English version)'::text)"}]}]}]}]}, {"Node Type": "Sort", "Parent Relationship": "Inner", "Startup Cost": 100001294953.16, "Total Cost": 100001294953.16, "Plan Rows": 2, "Plan Width": 29, "Sort Key": ["mc.movie_id"], "Plans": [{"Node Type": "Nested Loop", "Parent Relationship": "Outer", "Join Type": "Inner", "Startup Cost": 10000003369.54, "Total Cost": 100001294953.15, "Plan Rows": 2, "Plan Width": 29, "Inner Unique": true, "Join Filter": "(mc.movie_id = t.id)", "Plans": [{"Node Type": "Streaming(type: LOCAL GATHER dop: 1/64)", "Parent Relationship": "Outer", "Startup Cost": 0.0, "Total Cost": 64095.15, "Plan Rows": 1652, "Plan Width": 8, "Plans": [{"Node Type": "Seq Scan", "Parent Relationship": "Outer", "Relation Name": "movie_companies", "Alias": "mc", "Startup Cost": 0.0, "Total Cost": 64061.07, "Plan Rows": 1652, "Plan Width": 8, "Filter": "(((note)::text ~~ '%(Japan)%'::text) AND ((note)::text !~~ '%(USA)%'::text) AND (((note)::text ~~ '%(2006)%'::text) OR ((note)::text ~~ '%(2007)%'::text)))"}]}, {"Node Type": "Materialize", "Parent Relationship": "Inner", "Startup Cost": 3369.54, "Total Cost": 64334.73, "Plan Rows": 43, "Plan Width": 21, "Plans": [{"Node Type": "Streaming(type: LOCAL GATHER dop: 1/64)", "Parent Relationship": "Outer", "Startup Cost": 3369.54, "Total Cost": 64334.52, "Plan Rows": 43, "Plan Width": 21, "Plans": [{"Node Type": "Seq Scan", "Parent Relationship": "Outer", "Relation Name": "title", "Alias": "t", "Startup Cost": 3369.54, "Total Cost": 64333.63, "Plan Rows": 43, "Plan Width": 21, "Filter": "((production_year >= 2006) AND (production_year <= 2007) AND (((title)::text ~~ 'One Piece%'::text) OR ((title)::text ~~ 'Dragon Ball Z%'::text)))"}]}]}]}]}]}]}, {"Node Type": "Sort", "Parent Relationship": "Inner", "Startup Cost": 6300.31, "Total Cost": 6316.04, "Plan Rows": 6290, "Plan Width": 4, "Sort Key": ["cn.id"], "Plans": [{"Node Type": "Seq Scan", "Parent Relationship": "Outer", "Relation Name": "company_name", "Alias": "cn", "Startup Cost": 0.0, "Total Cost": 5903.45, "Plan Rows": 6290, "Plan Width": 4, "Filter": "((country_code)::text = '[jp]'::text)"}]}]}]}]}]}, "Unique SQL Id": 3956435728, "Planner Runtime": 63}, "explain_analyze_plan": null}, "(64, '91')": {"explain_plan": {"Plan": {"Node Type": "Aggregate", "Strategy": "Plain", "Startup Cost": 6721773112384.66, "Total Cost": 6721773112384.67, "Plan Rows": 1, "Plan Width": 97, "Plans": [{"Node Type": "Nested Loop", "Parent Relationship": "Outer", "Join Type": "Inner", "Startup Cost": 3751743910500.41, "Total Cost": 6721773112384.65, "Plan Rows": 1, "Plan Width": 33, "Inner Unique": true, "Plans": [{"Node Type": "Merge Join", "Parent Relationship": "Outer", "Join Type": "Inner", "Startup Cost": 3741743910500.41, "Total Cost": 5721773111947.22, "Plan Rows": 1, "Plan Width": 37, "Inner Unique": true, "Merge Cond": "(ci.movie_id = t.id)", "Plans": [{"Node Type": "Merge Join", "Parent Relationship": "Outer", "Join Type": "Inner", "Startup Cost": 3731743910500.41, "Total Cost": 4721759571587.05, "Plan Rows": 58, "Plan Width": 28, "Inner Unique": false, "Merge Cond": "(mc.movie_id = ci.movie_id)", "Plans": [{"Node Type": "Index Scan", "Parent Relationship": "Outer", "Scan Direction": "Forward", "Index Name": "movie_id_movie_companies", "Relation Name": "movie_companies", "Alias": "mc", "Startup Cost": 10000000000.0, "Total Cost": 1000015661074.13, "Plan Rows": 1652, "Plan Width": 8, "Filter": "(((note)::text ~~ '%(Japan)%'::text) AND ((note)::text !~~ '%(USA)%'::text) AND (((note)::text ~~ '%(2006)%'::text) OR ((note)::text ~~ '%(2007)%'::text)))"}, {"Node Type": "Sort", "Parent Relationship": "Inner", "Startup Cost": 3721743910500.41, "Total Cost": 3721743910504.31, "Plan Rows": 1560, "Plan Width": 20, "Sort Key": ["ci.movie_id"], "Plans": [{"Node Type": "Merge Join", "Parent Relationship": "Outer", "Join Type": "Inner", "Startup Cost": 2020045424606.68, "Total Cost": 3721743910417.67, "Plan Rows": 1560, "Plan Width": 20, "Inner Unique": false, "Merge Cond": "(an.person_id = ci.person_id)", "Plans": [{"Node Type": "Merge Join", "Parent Relationship": "Outer", "Join Type": "Inner", "Startup Cost": 20030754356.47, "Total Cost": 2000026606025.89, "Plan Rows": 16627, "Plan Width": 24, "Inner Unique": true, "Merge Cond": "(an.person_id = n.id)", "Plans": [{"Node Type": "Index Scan", "Parent Relationship": "Outer", "Scan Direction": "Forward", "Index Name": "person_id_aka_name", "Relation Name": "aka_name", "Alias": "an", "Startup Cost": 10000000000.0, "Total Cost": 1000006896503.43, "Plan Rows": 901342, "Plan Width": 20}, {"Node Type": "Materialize", "Parent Relationship": "Inner", "Startup Cost": 10000000000.0, "Total Cost": 1000019707054.42, "Plan Rows": 13886, "Plan Width": 4, "Plans": [{"Node Type": "Index Scan", "Parent Relationship": "Outer", "Scan Direction": "Forward", "Index Name": "name_pkey", "Relation Name": "name", "Alias": "n", "Startup Cost": 10000000000.0, "Total Cost": 1000019707019.7, "Plan Rows": 13886, "Plan Width": 4, "Filter": "(((name)::text ~~ '%Yo%'::text) AND ((name)::text !~~ '%Yu%'::text))"}]}]}, {"Node Type": "Sort", "Parent Relationship": "Inner", "Startup Cost": 2000014670250.22, "Total Cost": 2000014670272.19, "Plan Rows": 8790, "Plan Width": 8, "Sort Key": ["ci.person_id"], "Plans": [{"Node Type": "Nested Loop", "Parent Relationship": "Outer", "Join Type": "Inner", "Startup Cost": 20000000000.0, "Total Cost": 2000014669674.4, "Plan Rows": 8790, "Plan Width": 8, "Inner Unique": false, "Plans": [{"Node Type": "Index Scan", "Parent Relationship": "Outer", "Scan Direction": "Forward", "Index Name": "role_type_pkey", "Relation Name": "role_type", "Alias": "rt", "Startup Cost": 10000000000.0, "Total Cost": 1000000001246.0, "Plan Rows": 1, "Plan Width": 4, "Filter": "((role)::text = 'actress'::text)"}, {"Node Type": "Index Scan", "Parent Relationship": "Inner", "Scan Direction": "Forward", "Index Name": "role_id_cast_info", "Relation Name": "cast_info", "Alias": "ci", "Startup Cost": 10000000000.0, "Total Cost": 1000014668340.5, "Plan Rows": 8790, "Plan Width": 12, "Index Cond": "(role_id = rt.id)", "Filter": "((note)::text = '(voice: English version)'::text)"}]}]}]}]}]}, {"Node Type": "Index Scan", "Parent Relationship": "Inner", "Scan Direction": "Forward", "Index Name": "title_pkey", "Relation Name": "title", "Alias": "t", "Startup Cost": 10000000000.0, "Total Cost": 1000013540359.91, "Plan Rows": 43, "Plan Width": 21, "Filter": "((production_year >= 2006) AND (production_year <= 2007) AND (((title)::text ~~ 'One Piece%'::text) OR ((title)::text ~~ 'Dragon Ball Z%'::text)))"}]}, {"Node Type": "Index Scan", "Parent Relationship": "Inner", "Scan Direction": "Forward", "Index Name": "company_name_pkey", "Relation Name": "company_name", "Alias": "cn", "Startup Cost": 10000000000.0, "Total Cost": 1000000000437.42, "Plan Rows": 1, "Plan Width": 4, "Index Cond": "(id = mc.company_id)", "Filter": "((country_code)::text = '[jp]'::text)"}]}]}, "Unique SQL Id": 3956435728, "Planner Runtime": 121}, "explain_analyze_plan": null}, "(64, '92')": {"explain_plan": {"Plan": {"Node Type": "Aggregate", "Strategy": "Plain", "Startup Cost": 64890.38, "Total Cost": 64890.39, "Plan Rows": 1, "Plan Width": 97, "Plans": [{"Node Type": "Nested Loop", "Parent Relationship": "Outer", "Join Type": "Inner", "Startup Cost": 3369.54, "Total Cost": 64890.38, "Plan Rows": 1, "Plan Width": 33, "Inner Unique": true, "Plans": [{"Node Type": "Nested Loop", "Parent Relationship": "Outer", "Join Type": "Inner", "Startup Cost": 3369.54, "Total Cost": 64890.09, "Plan Rows": 1, "Plan Width": 37, "Inner Unique": true, "Plans": [{"Node Type": "Nested Loop", "Parent Relationship": "Outer", "Join Type": "Inner", "Startup Cost": 3369.54, "Total Cost": 64889.51, "Plan Rows": 1, "Plan Width": 45, "Inner Unique": true, "Plans": [{"Node Type": "Nested Loop", "Parent Relationship": "Outer", "Join Type": "Inner", "Startup Cost": 3369.54, "Total Cost": 64885.13, "Plan Rows": 1, "Plan Width": 49, "Inner Unique": false, "Plans": [{"Node Type": "Nested Loop", "Parent Relationship": "Outer", "Join Type": "Inner", "Startup Cost": 3369.54, "Total Cost": 64884.27, "Plan Rows": 1, "Plan Width": 29, "Inner Unique": false, "Join Filter": "(t.id = ci.movie_id)", "Plans": [{"Node Type": "Nested Loop", "Parent Relationship": "Outer", "Join Type": "Inner", "Startup Cost": 3369.54, "Total Cost": 64828.49, "Plan Rows": 2, "Plan Width": 29, "Inner Unique": false, "Plans": [{"Node Type": "Streaming(type: LOCAL GATHER dop: 1/64)", "Parent Relationship": "Outer", "Startup Cost": 3369.54, "Total Cost": 64334.52, "Plan Rows": 43, "Plan Width": 21, "Plans": [{"Node Type": "Seq Scan", "Parent Relationship": "Outer", "Relation Name": "title", "Alias": "t", "Startup Cost": 3369.54, "Total Cost": 64333.63, "Plan Rows": 43, "Plan Width": 21, "Filter": "((production_year >= 2006) AND (production_year <= 2007) AND (((title)::text ~~ 'One Piece%'::text) OR ((title)::text ~~ 'Dragon Ball Z%'::text)))"}]}, {"Node Type": "Index Scan", "Parent Relationship": "Inner", "Scan Direction": "Forward", "Index Name": "movie_id_movie_companies", "Relation Name": "movie_companies", "Alias": "mc", "Startup Cost": 0.0, "Total Cost": 11.48, "Plan Rows": 1, "Plan Width": 8, "Index Cond": "(movie_id = t.id)", "Filter": "(((note)::text ~~ '%(Japan)%'::text) AND ((note)::text !~~ '%(USA)%'::text) AND (((note)::text ~~ '%(2006)%'::text) OR ((note)::text ~~ '%(2007)%'::text)))"}]}, {"Node Type": "Index Scan", "Parent Relationship": "Inner", "Scan Direction": "Forward", "Index Name": "movie_id_cast_info", "Relation Name": "cast_info", "Alias": "ci", "Startup Cost": 0.0, "Total Cost": 27.88, "Plan Rows": 1, "Plan Width": 12, "Index Cond": "(movie_id = mc.movie_id)", "Filter": "((note)::text = '(voice: English version)'::text)"}]}, {"Node Type": "Index Scan", "Parent Relationship": "Inner", "Scan Direction": "Forward", "Index Name": "person_id_aka_name", "Relation Name": "aka_name", "Alias": "an", "Startup Cost": 0.0, "Total Cost": 0.84, "Plan Rows": 1, "Plan Width": 20, "Index Cond": "(person_id = ci.person_id)"}]}, {"Node Type": "Index Scan", "Parent Relationship": "Inner", "Scan Direction": "Forward", "Index Name": "company_name_pkey", "Relation Name": "company_name", "Alias": "cn", "Startup Cost": 0.0, "Total Cost": 4.37, "Plan Rows": 1, "Plan Width": 4, "Index Cond": "(id = mc.company_id)", "Filter": "((country_code)::text = '[jp]'::text)"}]}, {"Node Type": "Index Scan", "Parent Relationship": "Inner", "Scan Direction": "Forward", "Index Name": "name_pkey", "Relation Name": "name", "Alias": "n", "Startup Cost": 0.0, "Total Cost": 0.57, "Plan Rows": 1, "Plan Width": 4, "Index Cond": "(id = an.person_id)", "Filter": "(((name)::text ~~ '%Yo%'::text) AND ((name)::text !~~ '%Yu%'::text))"}]}, {"Node Type": "Index Scan", "Parent Relationship": "Inner", "Scan Direction": "Forward", "Index Name": "role_type_pkey", "Relation Name": "role_type", "Alias": "rt", "Startup Cost": 0.0, "Total Cost": 0.27, "Plan Rows": 1, "Plan Width": 4, "Index Cond": "(id = ci.role_id)", "Filter": "((role)::text = 'actress'::text)"}]}]}, "Unique SQL Id": 3956435728, "Planner Runtime": 20}, "explain_analyze_plan": {"Plan": {"Node Type": "Aggregate", "Strategy": "Plain", "Startup Cost": 64890.38, "Total Cost": 64890.39, "Plan Rows": 1, "Plan Width": 97, "Actual Min Startup Time": 129.95, "Actual Max Startup Time": 129.95, "Actual Min Total Time": 129.951, "Actual Max Total Time": 129.951, "Plans": [{"Node Type": "Nested Loop", "Parent Relationship": "Outer", "Join Type": "Inner", "Startup Cost": 3369.54, "Total Cost": 64890.38, "Plan Rows": 1, "Plan Width": 33, "Actual Min Startup Time": 82.756, "Actual Max Startup Time": 82.756, "Actual Min Total Time": 129.873, "Actual Max Total Time": 129.873, "Inner Unique": true, "Plans": [{"Node Type": "Nested Loop", "Parent Relationship": "Outer", "Join Type": "Inner", "Startup Cost": 3369.54, "Total Cost": 64890.09, "Plan Rows": 1, "Plan Width": 37, "Actual Min Startup Time": 82.738, "Actual Max Startup Time": 82.738, "Actual Min Total Time": 129.822, "Actual Max Total Time": 129.822, "Inner Unique": true, "Plans": [{"Node Type": "Nested Loop", "Parent Relationship": "Outer", "Join Type": "Inner", "Startup Cost": 3369.54, "Total Cost": 64889.51, "Plan Rows": 1, "Plan Width": 45, "Actual Min Startup Time": 81.529, "Actual Max Startup Time": 81.529, "Actual Min Total Time": 128.829, "Actual Max Total Time": 128.829, "Inner Unique": true, "Plans": [{"Node Type": "Nested Loop", "Parent Relationship": "Outer", "Join Type": "Inner", "Startup Cost": 3369.54, "Total Cost": 64885.13, "Plan Rows": 1, "Plan Width": 49, "Actual Min Startup Time": 81.496, "Actual Max Startup Time": 81.496, "Actual Min Total Time": 128.07, "Actual Max Total Time": 128.07, "Inner Unique": false, "Plans": [{"Node Type": "Nested Loop", "Parent Relationship": "Outer", "Join Type": "Inner", "Startup Cost": 3369.54, "Total Cost": 64884.27, "Plan Rows": 1, "Plan Width": 29, "Actual Min Startup Time": 81.476, "Actual Max Startup Time": 81.476, "Actual Min Total Time": 127.263, "Actual Max Total Time": 127.263, "Inner Unique": false, "Join Filter": "(t.id = ci.movie_id)", "Rows Removed by Join Filter": 0, "Plans": [{"Node Type": "Nested Loop", "Parent Relationship": "Outer", "Join Type": "Inner", "Startup Cost": 3369.54, "Total Cost": 64828.49, "Plan Rows": 2, "Plan Width": 29, "Actual Min Startup Time": 81.441, "Actual Max Startup Time": 81.441, "Actual Min Total Time": 126.75, "Actual Max Total Time": 126.75, "Inner Unique": false, "Plans": [{"Node Type": "Streaming(type: LOCAL GATHER dop: 1/64)", "Parent Relationship": "Outer", "Startup Cost": 3369.54, "Total Cost": 64334.52, "Plan Rows": 43, "Plan Width": 21, "Actual Min Startup Time": 81.336, "Actual Max Startup Time": 81.336, "Actual Min Total Time": 126.394, "Actual Max Total Time": 126.394, "Plans": [{"Node Type": "Seq Scan", "Parent Relationship": "Outer", "Relation Name": "title", "Alias": "t", "Startup Cost": 3369.54, "Total Cost": 64333.63, "Plan Rows": 43, "Plan Width": 21, "Actual Min Startup Time": 11.827, "Actual Max Startup Time": 38.588, "Actual Min Total Time": 14.967, "Actual Max Total Time": 38.588, "Filter": "((production_year >= 2006) AND (production_year <= 2007) AND (((title)::text ~~ 'One Piece%'::text) OR ((title)::text ~~ 'Dragon Ball Z%'::text)))", "Rows Removed by Filter": 2528304, "Actual Rows": 7}], "Actual Rows": 7}, {"Node Type": "Index Scan", "Parent Relationship": "Inner", "Scan Direction": "Forward", "Index Name": "movie_id_movie_companies", "Relation Name": "movie_companies", "Alias": "mc", "Startup Cost": 0.0, "Total Cost": 11.48, "Plan Rows": 1, "Plan Width": 8, "Actual Min Startup Time": 0.272, "Actual Max Startup Time": 0.272, "Actual Min Total Time": 0.284, "Actual Max Total Time": 0.284, "Index Cond": "(movie_id = t.id)", "Rows Removed by Index Recheck": 0, "Filter": "(((note)::text ~~ '%(Japan)%'::text) AND ((note)::text !~~ '%(USA)%'::text) AND (((note)::text ~~ '%(2006)%'::text) OR ((note)::text ~~ '%(2007)%'::text)))", "Rows Removed by Filter": 13, "Actual Rows": 4}], "Actual Rows": 4}, {"Node Type": "Index Scan", "Parent Relationship": "Inner", "Scan Direction": "Forward", "Index Name": "movie_id_cast_info", "Relation Name": "cast_info", "Alias": "ci", "Startup Cost": 0.0, "Total Cost": 27.88, "Plan Rows": 1, "Plan Width": 12, "Actual Min Startup Time": 0.149, "Actual Max Startup Time": 0.149, "Actual Min Total Time": 0.418, "Actual Max Total Time": 0.418, "Index Cond": "(movie_id = mc.movie_id)", "Rows Removed by Index Recheck": 0, "Filter": "((note)::text = '(voice: English version)'::text)", "Rows Removed by Filter": 68, "Actual Rows": 104}], "Actual Rows": 104}, {"Node Type": "Index Scan", "Parent Relationship": "Inner", "Scan Direction": "Forward", "Index Name": "person_id_aka_name", "Relation Name": "aka_name", "Alias": "an", "Startup Cost": 0.0, "Total Cost": 0.84, "Plan Rows": 1, "Plan Width": 20, "Actual Min Startup Time": 0.573, "Actual Max Startup Time": 0.573, "Actual Min Total Time": 0.686, "Actual Max Total Time": 0.686, "Index Cond": "(person_id = ci.person_id)", "Rows Removed by Index Recheck": 0, "Actual Rows": 171}], "Actual Rows": 171}, {"Node Type": "Index Scan", "Parent Relationship": "Inner", "Scan Direction": "Forward", "Index Name": "company_name_pkey", "Relation Name": "company_name", "Alias": "cn", "Startup Cost": 0.0, "Total Cost": 4.37, "Plan Rows": 1, "Plan Width": 4, "Actual Min Startup Time": 0.589, "Actual Max Startup Time": 0.589, "Actual Min Total Time": 0.589, "Actual Max Total Time": 0.589, "Index Cond": "(id = mc.company_id)", "Rows Removed by Index Recheck": 0, "Filter": "((country_code)::text = '[jp]'::text)", "Rows Removed by Filter": 0, "Actual Rows": 171}], "Actual Rows": 171}, {"Node Type": "Index Scan", "Parent Relationship": "Inner", "Scan Direction": "Forward", "Index Name": "name_pkey", "Relation Name": "name", "Alias": "n", "Startup Cost": 0.0, "Total Cost": 0.57, "Plan Rows": 1, "Plan Width": 4, "Actual Min Startup Time": 0.882, "Actual Max Startup Time": 0.882, "Actual Min Total Time": 0.882, "Actual Max Total Time": 0.882, "Index Cond": "(id = an.person_id)", "Rows Removed by Index Recheck": 0, "Filter": "(((name)::text ~~ '%Yo%'::text) AND ((name)::text !~~ '%Yu%'::text))", "Rows Removed by Filter": 165, "Actual Rows": 6}], "Actual Rows": 6}, {"Node Type": "Index Scan", "Parent Relationship": "Inner", "Scan Direction": "Forward", "Index Name": "role_type_pkey", "Relation Name": "role_type", "Alias": "rt", "Startup Cost": 0.0, "Total Cost": 0.27, "Plan Rows": 1, "Plan Width": 4, "Actual Min Startup Time": 0.03, "Actual Max Startup Time": 0.03, "Actual Min Total Time": 0.03, "Actual Max Total Time": 0.03, "Index Cond": "(id = ci.role_id)", "Rows Removed by Index Recheck": 0, "Filter": "((role)::text = 'actress'::text)", "Rows Removed by Filter": 0, "Actual Rows": 6}], "Actual Rows": 6}], "Actual Rows": 1}, "Triggers": [], "Planner Runtime": 31.722, "Total Runtime": 142.327, "Unique SQL Id": 3956435728}}, "(64, '93')": {"explain_plan": {"Plan": {"Node Type": "Aggregate", "Strategy": "Plain", "Startup Cost": 84111.26, "Total Cost": 84111.27, "Plan Rows": 1, "Plan Width": 97, "Plans": [{"Node Type": "Nested Loop", "Parent Relationship": "Outer", "Join Type": "Inner", "Startup Cost": 0.0, "Total Cost": 84111.26, "Plan Rows": 1, "Plan Width": 33, "Inner Unique": true, "Plans": [{"Node Type": "Nested Loop", "Parent Relationship": "Outer", "Join Type": "Inner", "Startup Cost": 0.0, "Total Cost": 84110.97, "Plan Rows": 1, "Plan Width": 37, "Inner Unique": true, "Plans": [{"Node Type": "Nested Loop", "Parent Relationship": "Outer", "Join Type": "Inner", "Startup Cost": 0.0, "Total Cost": 84110.39, "Plan Rows": 1, "Plan Width": 45, "Inner Unique": false, "Plans": [{"Node Type": "Nested Loop", "Parent Relationship": "Outer", "Join Type": "Inner", "Startup Cost": 0.0, "Total Cost": 84109.54, "Plan Rows": 1, "Plan Width": 25, "Inner Unique": false, "Join Filter": "(t.id = ci.movie_id)", "Plans": [{"Node Type": "Nested Loop", "Parent Relationship": "Outer", "Join Type": "Inner", "Startup Cost": 0.0, "Total Cost": 84053.76, "Plan Rows": 2, "Plan Width": 25, "Inner Unique": true, "Plans": [{"Node Type": "Nested Loop", "Parent Relationship": "Outer", "Join Type": "Inner", "Startup Cost": 0.0, "Total Cost": 81991.53, "Plan Rows": 262, "Plan Width": 4, "Inner Unique": false, "Plans": [{"Node Type": "Index Scan", "Parent Relationship": "Outer", "Scan Direction": "Forward", "Index Name": "company_name_pkey", "Relation Name": "company_name", "Alias": "cn", "Startup Cost": 0.0, "Total Cost": 10501.39, "Plan Rows": 6290, "Plan Width": 4, "Filter": "((country_code)::text = '[jp]'::text)"}, {"Node Type": "Index Scan", "Parent Relationship": "Inner", "Scan Direction": "Forward", "Index Name": "company_id_movie_companies", "Relation Name": "movie_companies", "Alias": "mc", "Startup Cost": 0.0, "Total Cost": 11.36, "Plan Rows": 1, "Plan Width": 8, "Index Cond": "(company_id = cn.id)", "Filter": "(((note)::text ~~ '%(Japan)%'::text) AND ((note)::text !~~ '%(USA)%'::text) AND (((note)::text ~~ '%(2006)%'::text) OR ((note)::text ~~ '%(2007)%'::text)))"}]}, {"Node Type": "Index Scan", "Parent Relationship": "Inner", "Scan Direction": "Forward", "Index Name": "title_pkey", "Relation Name": "title", "Alias": "t", "Startup Cost": 0.0, "Total Cost": 7.86, "Plan Rows": 1, "Plan Width": 21, "Index Cond": "(id = mc.movie_id)", "Filter": "((production_year >= 2006) AND (production_year <= 2007) AND (((title)::text ~~ 'One Piece%'::text) OR ((title)::text ~~ 'Dragon Ball Z%'::text)))"}]}, {"Node Type": "Index Scan", "Parent Relationship": "Inner", "Scan Direction": "Forward", "Index Name": "movie_id_cast_info", "Relation Name": "cast_info", "Alias": "ci", "Startup Cost": 0.0, "Total Cost": 27.88, "Plan Rows": 1, "Plan Width": 12, "Index Cond": "(movie_id = mc.movie_id)", "Filter": "((note)::text = '(voice: English version)'::text)"}]}, {"Node Type": "Index Scan", "Parent Relationship": "Inner", "Scan Direction": "Forward", "Index Name": "person_id_aka_name", "Relation Name": "aka_name", "Alias": "an", "Startup Cost": 0.0, "Total Cost": 0.84, "Plan Rows": 1, "Plan Width": 20, "Index Cond": "(person_id = ci.person_id)"}]}, {"Node Type": "Index Scan", "Parent Relationship": "Inner", "Scan Direction": "Forward", "Index Name": "name_pkey", "Relation Name": "name", "Alias": "n", "Startup Cost": 0.0, "Total Cost": 0.57, "Plan Rows": 1, "Plan Width": 4, "Index Cond": "(id = an.person_id)", "Filter": "(((name)::text ~~ '%Yo%'::text) AND ((name)::text !~~ '%Yu%'::text))"}]}, {"Node Type": "Index Scan", "Parent Relationship": "Inner", "Scan Direction": "Forward", "Index Name": "role_type_pkey", "Relation Name": "role_type", "Alias": "rt", "Startup Cost": 0.0, "Total Cost": 0.27, "Plan Rows": 1, "Plan Width": 4, "Index Cond": "(id = ci.role_id)", "Filter": "((role)::text = 'actress'::text)"}]}]}, "Unique SQL Id": 3956435728, "Planner Runtime": 24}, "explain_analyze_plan": {"Plan": {"Node Type": "Aggregate", "Strategy": "Plain", "Startup Cost": 84111.26, "Total Cost": 84111.27, "Plan Rows": 1, "Plan Width": 97, "Actual Startup Time": 508.933, "Actual Total Time": 508.933, "Actual Rows": 1, "Actual Loops": 1, "Plans": [{"Node Type": "Nested Loop", "Parent Relationship": "Outer", "Join Type": "Inner", "Startup Cost": 0.0, "Total Cost": 84111.26, "Plan Rows": 1, "Plan Width": 33, "Actual Startup Time": 43.321, "Actual Total Time": 508.871, "Actual Rows": 6, "Actual Loops": 1, "Inner Unique": true, "Plans": [{"Node Type": "Nested Loop", "Parent Relationship": "Outer", "Join Type": "Inner", "Startup Cost": 0.0, "Total Cost": 84110.97, "Plan Rows": 1, "Plan Width": 37, "Actual Startup Time": 43.31, "Actual Total Time": 508.838, "Actual Rows": 6, "Actual Loops": 1, "Inner Unique": true, "Plans": [{"Node Type": "Nested Loop", "Parent Relationship": "Outer", "Join Type": "Inner", "Startup Cost": 0.0, "Total Cost": 84110.39, "Plan Rows": 1, "Plan Width": 45, "Actual Startup Time": 42.486, "Actual Total Time": 507.995, "Actual Rows": 171, "Actual Loops": 1, "Inner Unique": false, "Plans": [{"Node Type": "Nested Loop", "Parent Relationship": "Outer", "Join Type": "Inner", "Startup Cost": 0.0, "Total Cost": 84109.54, "Plan Rows": 1, "Plan Width": 25, "Actual Startup Time": 42.471, "Actual Total Time": 507.321, "Actual Rows": 104, "Actual Loops": 1, "Inner Unique": false, "Join Filter": "(t.id = ci.movie_id)", "Rows Removed by Join Filter": 0, "Plans": [{"Node Type": "Nested Loop", "Parent Relationship": "Outer", "Join Type": "Inner", "Startup Cost": 0.0, "Total Cost": 84053.76, "Plan Rows": 2, "Plan Width": 25, "Actual Startup Time": 42.377, "Actual Total Time": 506.931, "Actual Rows": 4, "Actual Loops": 1, "Inner Unique": true, "Plans": [{"Node Type": "Nested Loop", "Parent Relationship": "Outer", "Join Type": "Inner", "Startup Cost": 0.0, "Total Cost": 81991.53, "Plan Rows": 262, "Plan Width": 4, "Actual Startup Time": 0.202, "Actual Total Time": 458.712, "Actual Rows": 8495, "Actual Loops": 1, "Inner Unique": false, "Plans": [{"Node Type": "Index Scan", "Parent Relationship": "Outer", "Scan Direction": "Forward", "Index Name": "company_name_pkey", "Relation Name": "company_name", "Alias": "cn", "Startup Cost": 0.0, "Total Cost": 10501.39, "Plan Rows": 6290, "Plan Width": 4, "Actual Startup Time": 0.167, "Actual Total Time": 270.605, "Actual Rows": 6752, "Actual Loops": 1, "Filter": "((country_code)::text = '[jp]'::text)", "Rows Removed by Filter": 228244}, {"Node Type": "Index Scan", "Parent Relationship": "Inner", "Scan Direction": "Forward", "Index Name": "company_id_movie_companies", "Relation Name": "movie_companies", "Alias": "mc", "Startup Cost": 0.0, "Total Cost": 11.36, "Plan Rows": 1, "Plan Width": 8, "Actual Startup Time": 82.862, "Actual Total Time": 182.042, "Actual Rows": 8495, "Actual Loops": 6752, "Index Cond": "(company_id = cn.id)", "Rows Removed by Index Recheck": 0, "Filter": "(((note)::text ~~ '%(Japan)%'::text) AND ((note)::text !~~ '%(USA)%'::text) AND (((note)::text ~~ '%(2006)%'::text) OR ((note)::text ~~ '%(2007)%'::text)))", "Rows Removed by Filter": 96500}]}, {"Node Type": "Index Scan", "Parent Relationship": "Inner", "Scan Direction": "Forward", "Index Name": "title_pkey", "Relation Name": "title", "Alias": "t", "Startup Cost": 0.0, "Total Cost": 7.86, "Plan Rows": 1, "Plan Width": 21, "Actual Startup Time": 43.82, "Actual Total Time": 43.82, "Actual Rows": 4, "Actual Loops": 8495, "Index Cond": "(id = mc.movie_id)", "Rows Removed by Index Recheck": 0, "Filter": "((production_year >= 2006) AND (production_year <= 2007) AND (((title)::text ~~ 'One Piece%'::text) OR ((title)::text ~~ 'Dragon Ball Z%'::text)))", "Rows Removed by Filter": 8491}]}, {"Node Type": "Index Scan", "Parent Relationship": "Inner", "Scan Direction": "Forward", "Index Name": "movie_id_cast_info", "Relation Name": "cast_info", "Alias": "ci", "Startup Cost": 0.0, "Total Cost": 27.88, "Plan Rows": 1, "Plan Width": 12, "Actual Startup Time": 0.107, "Actual Total Time": 0.315, "Actual Rows": 104, "Actual Loops": 4, "Index Cond": "(movie_id = mc.movie_id)", "Rows Removed by Index Recheck": 0, "Filter": "((note)::text = '(voice: English version)'::text)", "Rows Removed by Filter": 68}]}, {"Node Type": "Index Scan", "Parent Relationship": "Inner", "Scan Direction": "Forward", "Index Name": "person_id_aka_name", "Relation Name": "aka_name", "Alias": "an", "Startup Cost": 0.0, "Total Cost": 0.84, "Plan Rows": 1, "Plan Width": 20, "Actual Startup Time": 0.474, "Actual Total Time": 0.579, "Actual Rows": 171, "Actual Loops": 104, "Index Cond": "(person_id = ci.person_id)", "Rows Removed by Index Recheck": 0}]}, {"Node Type": "Index Scan", "Parent Relationship": "Inner", "Scan Direction": "Forward", "Index Name": "name_pkey", "Relation Name": "name", "Alias": "n", "Startup Cost": 0.0, "Total Cost": 0.57, "Plan Rows": 1, "Plan Width": 4, "Actual Startup Time": 0.754, "Actual Total Time": 0.754, "Actual Rows": 6, "Actual Loops": 171, "Index Cond": "(id = an.person_id)", "Rows Removed by Index Recheck": 0, "Filter": "(((name)::text ~~ '%Yo%'::text) AND ((name)::text !~~ '%Yu%'::text))", "Rows Removed by Filter": 165}]}, {"Node Type": "Index Scan", "Parent Relationship": "Inner", "Scan Direction": "Forward", "Index Name": "role_type_pkey", "Relation Name": "role_type", "Alias": "rt", "Startup Cost": 0.0, "Total Cost": 0.27, "Plan Rows": 1, "Plan Width": 4, "Actual Startup Time": 0.021, "Actual Total Time": 0.021, "Actual Rows": 6, "Actual Loops": 6, "Index Cond": "(id = ci.role_id)", "Rows Removed by Index Recheck": 0, "Filter": "((role)::text = 'actress'::text)", "Rows Removed by Filter": 0}]}]}, "Triggers": [], "Planner Runtime": 28.465, "Total Runtime": 509.196, "Unique SQL Id": 3956435728}}, "(64, '94')": {"explain_plan": {"Plan": {"Node Type": "Aggregate", "Strategy": "Plain", "Startup Cost": 1060870147847.71, "Total Cost": 1060870147847.72, "Plan Rows": 1, "Plan Width": 97, "Plans": [{"Node Type": "Merge Join", "Parent Relationship": "Outer", "Join Type": "Inner", "Startup Cost": 210002181216.51, "Total Cost": 1060870147847.7, "Plan Rows": 1, "Plan Width": 33, "Inner Unique": false, "Merge Cond": "(an.person_id = ci.person_id)", "Plans": [{"Node Type": "Merge Join", "Parent Relationship": "Outer", "Join Type": "Inner", "Startup Cost": 10000109059.01, "Total Cost": 1000019820786.27, "Plan Rows": 16627, "Plan Width": 24, "Inner Unique": false, "Merge Cond": "(n.id = an.person_id)", "Plans": [{"Node Type": "Index Scan", "Parent Relationship": "Outer", "Scan Direction": "Forward", "Index Name": "name_pkey", "Relation Name": "name", "Alias": "n", "Startup Cost": 10000000000.0, "Total Cost": 1000019707019.7, "Plan Rows": 13886, "Plan Width": 4, "Filter": "(((name)::text ~~ '%Yo%'::text) AND ((name)::text !~~ '%Yu%'::text))"}, {"Node Type": "Sort", "Parent Relationship": "Inner", "Startup Cost": 109058.87, "Total Cost": 111312.23, "Plan Rows": 901342, "Plan Width": 20, "Sort Key": ["an.person_id"], "Plans": [{"Node Type": "Seq Scan", "Parent Relationship": "Outer", "Relation Name": "aka_name", "Alias": "an", "Startup Cost": 0.0, "Total Cost": 19908.42, "Plan Rows": 901342, "Plan Width": 20}]}]}, {"Node Type": "Sort", "Parent Relationship": "Inner", "Startup Cost": 200002072157.5, "Total Cost": 200002072157.5, "Plan Rows": 1, "Plan Width": 21, "Sort Key": ["ci.person_id"], "Plans": [{"Node Type": "Merge Join", "Parent Relationship": "Outer", "Join Type": "Inner", "Startup Cost": 200002072126.02, "Total Cost": 200002072157.49, "Plan Rows": 1, "Plan Width": 21, "Inner Unique": true, "Merge Cond": "(mc.company_id = cn.id)", "Plans": [{"Node Type": "Sort", "Parent Relationship": "Outer", "Startup Cost": 200002065825.71, "Total Cost": 200002065825.71, "Plan Rows": 1, "Plan Width": 25, "Sort Key": ["mc.company_id"], "Plans": [{"Node Type": "Merge Join", "Parent Relationship": "Outer", "Join Type": "Inner", "Startup Cost": 200002065781.72, "Total Cost": 200002065825.7, "Plan Rows": 1, "Plan Width": 25, "Inner Unique": false, "Merge Cond": "(ci.movie_id = t.id)", "Plans": [{"Node Type": "Sort", "Parent Relationship": "Outer", "Startup Cost": 100000770828.56, "Total Cost": 100000770850.53, "Plan Rows": 8790, "Plan Width": 8, "Sort Key": ["ci.movie_id"], "Plans": [{"Node Type": "Nested Loop", "Parent Relationship": "Outer", "Join Type": "Inner", "Startup Cost": 10000000000.0, "Total Cost": 100000770252.74, "Plan Rows": 8790, "Plan Width": 8, "Inner Unique": false, "Join Filter": "(ci.role_id = rt.id)", "Plans": [{"Node Type": "Seq Scan", "Parent Relationship": "Outer", "Relation Name": "role_type", "Alias": "rt", "Startup Cost": 0.0, "Total Cost": 1.15, "Plan Rows": 1, "Plan Width": 4, "Filter": "((role)::text = 'actress'::text)"}, {"Node Type": "Materialize", "Parent Relationship": "Inner", "Startup Cost": 0.0, "Total Cost": 76057.2, "Plan Rows": 96692, "Plan Width": 12, "Plans": [{"Node Type": "Streaming(type: LOCAL GATHER dop: 1/64)", "Parent Relationship": "Outer", "Startup Cost": 0.0, "Total Cost": 75815.47, "Plan Rows": 96692, "Plan Width": 12, "Plans": [{"Node Type": "Seq Scan", "Parent Relationship": "Outer", "Relation Name": "cast_info", "Alias": "ci", "Startup Cost": 0.0, "Total Cost": 73820.73, "Plan Rows": 96692, "Plan Width": 12, "Filter": "((note)::text = '(voice: English version)'::text)"}]}]}]}]}, {"Node Type": "Sort", "Parent Relationship": "Inner", "Startup Cost": 100001294953.16, "Total Cost": 100001294953.16, "Plan Rows": 2, "Plan Width": 29, "Sort Key": ["mc.movie_id"], "Plans": [{"Node Type": "Nested Loop", "Parent Relationship": "Outer", "Join Type": "Inner", "Startup Cost": 10000003369.54, "Total Cost": 100001294953.15, "Plan Rows": 2, "Plan Width": 29, "Inner Unique": true, "Join Filter": "(mc.movie_id = t.id)", "Plans": [{"Node Type": "Streaming(type: LOCAL GATHER dop: 1/64)", "Parent Relationship": "Outer", "Startup Cost": 0.0, "Total Cost": 64095.15, "Plan Rows": 1652, "Plan Width": 8, "Plans": [{"Node Type": "Seq Scan", "Parent Relationship": "Outer", "Relation Name": "movie_companies", "Alias": "mc", "Startup Cost": 0.0, "Total Cost": 64061.07, "Plan Rows": 1652, "Plan Width": 8, "Filter": "(((note)::text ~~ '%(Japan)%'::text) AND ((note)::text !~~ '%(USA)%'::text) AND (((note)::text ~~ '%(2006)%'::text) OR ((note)::text ~~ '%(2007)%'::text)))"}]}, {"Node Type": "Materialize", "Parent Relationship": "Inner", "Startup Cost": 3369.54, "Total Cost": 64334.73, "Plan Rows": 43, "Plan Width": 21, "Plans": [{"Node Type": "Streaming(type: LOCAL GATHER dop: 1/64)", "Parent Relationship": "Outer", "Startup Cost": 3369.54, "Total Cost": 64334.52, "Plan Rows": 43, "Plan Width": 21, "Plans": [{"Node Type": "Seq Scan", "Parent Relationship": "Outer", "Relation Name": "title", "Alias": "t", "Startup Cost": 3369.54, "Total Cost": 64333.63, "Plan Rows": 43, "Plan Width": 21, "Filter": "((production_year >= 2006) AND (production_year <= 2007) AND (((title)::text ~~ 'One Piece%'::text) OR ((title)::text ~~ 'Dragon Ball Z%'::text)))"}]}]}]}]}]}]}, {"Node Type": "Sort", "Parent Relationship": "Inner", "Startup Cost": 6300.31, "Total Cost": 6316.04, "Plan Rows": 6290, "Plan Width": 4, "Sort Key": ["cn.id"], "Plans": [{"Node Type": "Seq Scan", "Parent Relationship": "Outer", "Relation Name": "company_name", "Alias": "cn", "Startup Cost": 0.0, "Total Cost": 5903.45, "Plan Rows": 6290, "Plan Width": 4, "Filter": "((country_code)::text = '[jp]'::text)"}]}]}]}]}]}, "Unique SQL Id": 3956435728, "Planner Runtime": 63}, "explain_analyze_plan": null}, "(64, '95')": {"explain_plan": {"Plan": {"Node Type": "Aggregate", "Strategy": "Plain", "Startup Cost": 6721773112384.66, "Total Cost": 6721773112384.67, "Plan Rows": 1, "Plan Width": 97, "Plans": [{"Node Type": "Nested Loop", "Parent Relationship": "Outer", "Join Type": "Inner", "Startup Cost": 3751743910500.41, "Total Cost": 6721773112384.65, "Plan Rows": 1, "Plan Width": 33, "Inner Unique": true, "Plans": [{"Node Type": "Merge Join", "Parent Relationship": "Outer", "Join Type": "Inner", "Startup Cost": 3741743910500.41, "Total Cost": 5721773111947.22, "Plan Rows": 1, "Plan Width": 37, "Inner Unique": true, "Merge Cond": "(ci.movie_id = t.id)", "Plans": [{"Node Type": "Merge Join", "Parent Relationship": "Outer", "Join Type": "Inner", "Startup Cost": 3731743910500.41, "Total Cost": 4721759571587.05, "Plan Rows": 58, "Plan Width": 28, "Inner Unique": false, "Merge Cond": "(mc.movie_id = ci.movie_id)", "Plans": [{"Node Type": "Index Scan", "Parent Relationship": "Outer", "Scan Direction": "Forward", "Index Name": "movie_id_movie_companies", "Relation Name": "movie_companies", "Alias": "mc", "Startup Cost": 10000000000.0, "Total Cost": 1000015661074.13, "Plan Rows": 1652, "Plan Width": 8, "Filter": "(((note)::text ~~ '%(Japan)%'::text) AND ((note)::text !~~ '%(USA)%'::text) AND (((note)::text ~~ '%(2006)%'::text) OR ((note)::text ~~ '%(2007)%'::text)))"}, {"Node Type": "Sort", "Parent Relationship": "Inner", "Startup Cost": 3721743910500.41, "Total Cost": 3721743910504.31, "Plan Rows": 1560, "Plan Width": 20, "Sort Key": ["ci.movie_id"], "Plans": [{"Node Type": "Merge Join", "Parent Relationship": "Outer", "Join Type": "Inner", "Startup Cost": 2020045424606.68, "Total Cost": 3721743910417.67, "Plan Rows": 1560, "Plan Width": 20, "Inner Unique": false, "Merge Cond": "(an.person_id = ci.person_id)", "Plans": [{"Node Type": "Merge Join", "Parent Relationship": "Outer", "Join Type": "Inner", "Startup Cost": 20030754356.47, "Total Cost": 2000026606025.89, "Plan Rows": 16627, "Plan Width": 24, "Inner Unique": true, "Merge Cond": "(an.person_id = n.id)", "Plans": [{"Node Type": "Index Scan", "Parent Relationship": "Outer", "Scan Direction": "Forward", "Index Name": "person_id_aka_name", "Relation Name": "aka_name", "Alias": "an", "Startup Cost": 10000000000.0, "Total Cost": 1000006896503.43, "Plan Rows": 901342, "Plan Width": 20}, {"Node Type": "Materialize", "Parent Relationship": "Inner", "Startup Cost": 10000000000.0, "Total Cost": 1000019707054.42, "Plan Rows": 13886, "Plan Width": 4, "Plans": [{"Node Type": "Index Scan", "Parent Relationship": "Outer", "Scan Direction": "Forward", "Index Name": "name_pkey", "Relation Name": "name", "Alias": "n", "Startup Cost": 10000000000.0, "Total Cost": 1000019707019.7, "Plan Rows": 13886, "Plan Width": 4, "Filter": "(((name)::text ~~ '%Yo%'::text) AND ((name)::text !~~ '%Yu%'::text))"}]}]}, {"Node Type": "Sort", "Parent Relationship": "Inner", "Startup Cost": 2000014670250.22, "Total Cost": 2000014670272.19, "Plan Rows": 8790, "Plan Width": 8, "Sort Key": ["ci.person_id"], "Plans": [{"Node Type": "Nested Loop", "Parent Relationship": "Outer", "Join Type": "Inner", "Startup Cost": 20000000000.0, "Total Cost": 2000014669674.4, "Plan Rows": 8790, "Plan Width": 8, "Inner Unique": false, "Plans": [{"Node Type": "Index Scan", "Parent Relationship": "Outer", "Scan Direction": "Forward", "Index Name": "role_type_pkey", "Relation Name": "role_type", "Alias": "rt", "Startup Cost": 10000000000.0, "Total Cost": 1000000001246.0, "Plan Rows": 1, "Plan Width": 4, "Filter": "((role)::text = 'actress'::text)"}, {"Node Type": "Index Scan", "Parent Relationship": "Inner", "Scan Direction": "Forward", "Index Name": "role_id_cast_info", "Relation Name": "cast_info", "Alias": "ci", "Startup Cost": 10000000000.0, "Total Cost": 1000014668340.5, "Plan Rows": 8790, "Plan Width": 12, "Index Cond": "(role_id = rt.id)", "Filter": "((note)::text = '(voice: English version)'::text)"}]}]}]}]}]}, {"Node Type": "Index Scan", "Parent Relationship": "Inner", "Scan Direction": "Forward", "Index Name": "title_pkey", "Relation Name": "title", "Alias": "t", "Startup Cost": 10000000000.0, "Total Cost": 1000013540359.91, "Plan Rows": 43, "Plan Width": 21, "Filter": "((production_year >= 2006) AND (production_year <= 2007) AND (((title)::text ~~ 'One Piece%'::text) OR ((title)::text ~~ 'Dragon Ball Z%'::text)))"}]}, {"Node Type": "Index Scan", "Parent Relationship": "Inner", "Scan Direction": "Forward", "Index Name": "company_name_pkey", "Relation Name": "company_name", "Alias": "cn", "Startup Cost": 10000000000.0, "Total Cost": 1000000000437.42, "Plan Rows": 1, "Plan Width": 4, "Index Cond": "(id = mc.company_id)", "Filter": "((country_code)::text = '[jp]'::text)"}]}]}, "Unique SQL Id": 3956435728, "Planner Runtime": 119}, "explain_analyze_plan": null}, "(64, '96')": {"explain_plan": {"Plan": {"Node Type": "Aggregate", "Strategy": "Plain", "Startup Cost": 64890.38, "Total Cost": 64890.39, "Plan Rows": 1, "Plan Width": 97, "Plans": [{"Node Type": "Nested Loop", "Parent Relationship": "Outer", "Join Type": "Inner", "Startup Cost": 3369.54, "Total Cost": 64890.38, "Plan Rows": 1, "Plan Width": 33, "Inner Unique": true, "Plans": [{"Node Type": "Nested Loop", "Parent Relationship": "Outer", "Join Type": "Inner", "Startup Cost": 3369.54, "Total Cost": 64890.09, "Plan Rows": 1, "Plan Width": 37, "Inner Unique": true, "Plans": [{"Node Type": "Nested Loop", "Parent Relationship": "Outer", "Join Type": "Inner", "Startup Cost": 3369.54, "Total Cost": 64889.51, "Plan Rows": 1, "Plan Width": 45, "Inner Unique": true, "Plans": [{"Node Type": "Nested Loop", "Parent Relationship": "Outer", "Join Type": "Inner", "Startup Cost": 3369.54, "Total Cost": 64885.13, "Plan Rows": 1, "Plan Width": 49, "Inner Unique": false, "Plans": [{"Node Type": "Nested Loop", "Parent Relationship": "Outer", "Join Type": "Inner", "Startup Cost": 3369.54, "Total Cost": 64884.27, "Plan Rows": 1, "Plan Width": 29, "Inner Unique": false, "Join Filter": "(t.id = ci.movie_id)", "Plans": [{"Node Type": "Nested Loop", "Parent Relationship": "Outer", "Join Type": "Inner", "Startup Cost": 3369.54, "Total Cost": 64828.49, "Plan Rows": 2, "Plan Width": 29, "Inner Unique": false, "Plans": [{"Node Type": "Streaming(type: LOCAL GATHER dop: 1/64)", "Parent Relationship": "Outer", "Startup Cost": 3369.54, "Total Cost": 64334.52, "Plan Rows": 43, "Plan Width": 21, "Plans": [{"Node Type": "Seq Scan", "Parent Relationship": "Outer", "Relation Name": "title", "Alias": "t", "Startup Cost": 3369.54, "Total Cost": 64333.63, "Plan Rows": 43, "Plan Width": 21, "Filter": "((production_year >= 2006) AND (production_year <= 2007) AND (((title)::text ~~ 'One Piece%'::text) OR ((title)::text ~~ 'Dragon Ball Z%'::text)))"}]}, {"Node Type": "Index Scan", "Parent Relationship": "Inner", "Scan Direction": "Forward", "Index Name": "movie_id_movie_companies", "Relation Name": "movie_companies", "Alias": "mc", "Startup Cost": 0.0, "Total Cost": 11.48, "Plan Rows": 1, "Plan Width": 8, "Index Cond": "(movie_id = t.id)", "Filter": "(((note)::text ~~ '%(Japan)%'::text) AND ((note)::text !~~ '%(USA)%'::text) AND (((note)::text ~~ '%(2006)%'::text) OR ((note)::text ~~ '%(2007)%'::text)))"}]}, {"Node Type": "Index Scan", "Parent Relationship": "Inner", "Scan Direction": "Forward", "Index Name": "movie_id_cast_info", "Relation Name": "cast_info", "Alias": "ci", "Startup Cost": 0.0, "Total Cost": 27.88, "Plan Rows": 1, "Plan Width": 12, "Index Cond": "(movie_id = mc.movie_id)", "Filter": "((note)::text = '(voice: English version)'::text)"}]}, {"Node Type": "Index Scan", "Parent Relationship": "Inner", "Scan Direction": "Forward", "Index Name": "person_id_aka_name", "Relation Name": "aka_name", "Alias": "an", "Startup Cost": 0.0, "Total Cost": 0.84, "Plan Rows": 1, "Plan Width": 20, "Index Cond": "(person_id = ci.person_id)"}]}, {"Node Type": "Index Scan", "Parent Relationship": "Inner", "Scan Direction": "Forward", "Index Name": "company_name_pkey", "Relation Name": "company_name", "Alias": "cn", "Startup Cost": 0.0, "Total Cost": 4.37, "Plan Rows": 1, "Plan Width": 4, "Index Cond": "(id = mc.company_id)", "Filter": "((country_code)::text = '[jp]'::text)"}]}, {"Node Type": "Index Scan", "Parent Relationship": "Inner", "Scan Direction": "Forward", "Index Name": "name_pkey", "Relation Name": "name", "Alias": "n", "Startup Cost": 0.0, "Total Cost": 0.57, "Plan Rows": 1, "Plan Width": 4, "Index Cond": "(id = an.person_id)", "Filter": "(((name)::text ~~ '%Yo%'::text) AND ((name)::text !~~ '%Yu%'::text))"}]}, {"Node Type": "Index Scan", "Parent Relationship": "Inner", "Scan Direction": "Forward", "Index Name": "role_type_pkey", "Relation Name": "role_type", "Alias": "rt", "Startup Cost": 0.0, "Total Cost": 0.27, "Plan Rows": 1, "Plan Width": 4, "Index Cond": "(id = ci.role_id)", "Filter": "((role)::text = 'actress'::text)"}]}]}, "Unique SQL Id": 3956435728, "Planner Runtime": 19}, "explain_analyze_plan": {"Plan": {"Node Type": "Aggregate", "Strategy": "Plain", "Startup Cost": 64890.38, "Total Cost": 64890.39, "Plan Rows": 1, "Plan Width": 97, "Actual Min Startup Time": 129.95, "Actual Max Startup Time": 129.95, "Actual Min Total Time": 129.951, "Actual Max Total Time": 129.951, "Plans": [{"Node Type": "Nested Loop", "Parent Relationship": "Outer", "Join Type": "Inner", "Startup Cost": 3369.54, "Total Cost": 64890.38, "Plan Rows": 1, "Plan Width": 33, "Actual Min Startup Time": 82.756, "Actual Max Startup Time": 82.756, "Actual Min Total Time": 129.873, "Actual Max Total Time": 129.873, "Inner Unique": true, "Plans": [{"Node Type": "Nested Loop", "Parent Relationship": "Outer", "Join Type": "Inner", "Startup Cost": 3369.54, "Total Cost": 64890.09, "Plan Rows": 1, "Plan Width": 37, "Actual Min Startup Time": 82.738, "Actual Max Startup Time": 82.738, "Actual Min Total Time": 129.822, "Actual Max Total Time": 129.822, "Inner Unique": true, "Plans": [{"Node Type": "Nested Loop", "Parent Relationship": "Outer", "Join Type": "Inner", "Startup Cost": 3369.54, "Total Cost": 64889.51, "Plan Rows": 1, "Plan Width": 45, "Actual Min Startup Time": 81.529, "Actual Max Startup Time": 81.529, "Actual Min Total Time": 128.829, "Actual Max Total Time": 128.829, "Inner Unique": true, "Plans": [{"Node Type": "Nested Loop", "Parent Relationship": "Outer", "Join Type": "Inner", "Startup Cost": 3369.54, "Total Cost": 64885.13, "Plan Rows": 1, "Plan Width": 49, "Actual Min Startup Time": 81.496, "Actual Max Startup Time": 81.496, "Actual Min Total Time": 128.07, "Actual Max Total Time": 128.07, "Inner Unique": false, "Plans": [{"Node Type": "Nested Loop", "Parent Relationship": "Outer", "Join Type": "Inner", "Startup Cost": 3369.54, "Total Cost": 64884.27, "Plan Rows": 1, "Plan Width": 29, "Actual Min Startup Time": 81.476, "Actual Max Startup Time": 81.476, "Actual Min Total Time": 127.263, "Actual Max Total Time": 127.263, "Inner Unique": false, "Join Filter": "(t.id = ci.movie_id)", "Rows Removed by Join Filter": 0, "Plans": [{"Node Type": "Nested Loop", "Parent Relationship": "Outer", "Join Type": "Inner", "Startup Cost": 3369.54, "Total Cost": 64828.49, "Plan Rows": 2, "Plan Width": 29, "Actual Min Startup Time": 81.441, "Actual Max Startup Time": 81.441, "Actual Min Total Time": 126.75, "Actual Max Total Time": 126.75, "Inner Unique": false, "Plans": [{"Node Type": "Streaming(type: LOCAL GATHER dop: 1/64)", "Parent Relationship": "Outer", "Startup Cost": 3369.54, "Total Cost": 64334.52, "Plan Rows": 43, "Plan Width": 21, "Actual Min Startup Time": 81.336, "Actual Max Startup Time": 81.336, "Actual Min Total Time": 126.394, "Actual Max Total Time": 126.394, "Plans": [{"Node Type": "Seq Scan", "Parent Relationship": "Outer", "Relation Name": "title", "Alias": "t", "Startup Cost": 3369.54, "Total Cost": 64333.63, "Plan Rows": 43, "Plan Width": 21, "Actual Min Startup Time": 11.827, "Actual Max Startup Time": 38.588, "Actual Min Total Time": 14.967, "Actual Max Total Time": 38.588, "Filter": "((production_year >= 2006) AND (production_year <= 2007) AND (((title)::text ~~ 'One Piece%'::text) OR ((title)::text ~~ 'Dragon Ball Z%'::text)))", "Rows Removed by Filter": 2528304, "Actual Rows": 7}], "Actual Rows": 7}, {"Node Type": "Index Scan", "Parent Relationship": "Inner", "Scan Direction": "Forward", "Index Name": "movie_id_movie_companies", "Relation Name": "movie_companies", "Alias": "mc", "Startup Cost": 0.0, "Total Cost": 11.48, "Plan Rows": 1, "Plan Width": 8, "Actual Min Startup Time": 0.272, "Actual Max Startup Time": 0.272, "Actual Min Total Time": 0.284, "Actual Max Total Time": 0.284, "Index Cond": "(movie_id = t.id)", "Rows Removed by Index Recheck": 0, "Filter": "(((note)::text ~~ '%(Japan)%'::text) AND ((note)::text !~~ '%(USA)%'::text) AND (((note)::text ~~ '%(2006)%'::text) OR ((note)::text ~~ '%(2007)%'::text)))", "Rows Removed by Filter": 13, "Actual Rows": 4}], "Actual Rows": 4}, {"Node Type": "Index Scan", "Parent Relationship": "Inner", "Scan Direction": "Forward", "Index Name": "movie_id_cast_info", "Relation Name": "cast_info", "Alias": "ci", "Startup Cost": 0.0, "Total Cost": 27.88, "Plan Rows": 1, "Plan Width": 12, "Actual Min Startup Time": 0.149, "Actual Max Startup Time": 0.149, "Actual Min Total Time": 0.418, "Actual Max Total Time": 0.418, "Index Cond": "(movie_id = mc.movie_id)", "Rows Removed by Index Recheck": 0, "Filter": "((note)::text = '(voice: English version)'::text)", "Rows Removed by Filter": 68, "Actual Rows": 104}], "Actual Rows": 104}, {"Node Type": "Index Scan", "Parent Relationship": "Inner", "Scan Direction": "Forward", "Index Name": "person_id_aka_name", "Relation Name": "aka_name", "Alias": "an", "Startup Cost": 0.0, "Total Cost": 0.84, "Plan Rows": 1, "Plan Width": 20, "Actual Min Startup Time": 0.573, "Actual Max Startup Time": 0.573, "Actual Min Total Time": 0.686, "Actual Max Total Time": 0.686, "Index Cond": "(person_id = ci.person_id)", "Rows Removed by Index Recheck": 0, "Actual Rows": 171}], "Actual Rows": 171}, {"Node Type": "Index Scan", "Parent Relationship": "Inner", "Scan Direction": "Forward", "Index Name": "company_name_pkey", "Relation Name": "company_name", "Alias": "cn", "Startup Cost": 0.0, "Total Cost": 4.37, "Plan Rows": 1, "Plan Width": 4, "Actual Min Startup Time": 0.589, "Actual Max Startup Time": 0.589, "Actual Min Total Time": 0.589, "Actual Max Total Time": 0.589, "Index Cond": "(id = mc.company_id)", "Rows Removed by Index Recheck": 0, "Filter": "((country_code)::text = '[jp]'::text)", "Rows Removed by Filter": 0, "Actual Rows": 171}], "Actual Rows": 171}, {"Node Type": "Index Scan", "Parent Relationship": "Inner", "Scan Direction": "Forward", "Index Name": "name_pkey", "Relation Name": "name", "Alias": "n", "Startup Cost": 0.0, "Total Cost": 0.57, "Plan Rows": 1, "Plan Width": 4, "Actual Min Startup Time": 0.882, "Actual Max Startup Time": 0.882, "Actual Min Total Time": 0.882, "Actual Max Total Time": 0.882, "Index Cond": "(id = an.person_id)", "Rows Removed by Index Recheck": 0, "Filter": "(((name)::text ~~ '%Yo%'::text) AND ((name)::text !~~ '%Yu%'::text))", "Rows Removed by Filter": 165, "Actual Rows": 6}], "Actual Rows": 6}, {"Node Type": "Index Scan", "Parent Relationship": "Inner", "Scan Direction": "Forward", "Index Name": "role_type_pkey", "Relation Name": "role_type", "Alias": "rt", "Startup Cost": 0.0, "Total Cost": 0.27, "Plan Rows": 1, "Plan Width": 4, "Actual Min Startup Time": 0.03, "Actual Max Startup Time": 0.03, "Actual Min Total Time": 0.03, "Actual Max Total Time": 0.03, "Index Cond": "(id = ci.role_id)", "Rows Removed by Index Recheck": 0, "Filter": "((role)::text = 'actress'::text)", "Rows Removed by Filter": 0, "Actual Rows": 6}], "Actual Rows": 6}], "Actual Rows": 1}, "Triggers": [], "Planner Runtime": 31.722, "Total Runtime": 142.327, "Unique SQL Id": 3956435728}}, "(64, '97')": {"explain_plan": {"Plan": {"Node Type": "Aggregate", "Strategy": "Plain", "Startup Cost": 82294.12, "Total Cost": 82294.13, "Plan Rows": 1, "Plan Width": 97, "Plans": [{"Node Type": "Nested Loop", "Parent Relationship": "Outer", "Join Type": "Inner", "Startup Cost": 2780.8, "Total Cost": 82294.12, "Plan Rows": 1, "Plan Width": 33, "Inner Unique": true, "Plans": [{"Node Type": "Nested Loop", "Parent Relationship": "Outer", "Join Type": "Inner", "Startup Cost": 2780.8, "Total Cost": 82293.84, "Plan Rows": 1, "Plan Width": 37, "Inner Unique": true, "Plans": [{"Node Type": "Nested Loop", "Parent Relationship": "Outer", "Join Type": "Inner", "Startup Cost": 2780.8, "Total Cost": 82293.26, "Plan Rows": 1, "Plan Width": 45, "Inner Unique": false, "Plans": [{"Node Type": "Nested Loop", "Parent Relationship": "Outer", "Join Type": "Inner", "Startup Cost": 2780.8, "Total Cost": 82292.4, "Plan Rows": 1, "Plan Width": 25, "Inner Unique": false, "Join Filter": "(t.id = ci.movie_id)", "Plans": [{"Node Type": "Nested Loop", "Parent Relationship": "Outer", "Join Type": "Inner", "Startup Cost": 2780.8, "Total Cost": 82236.62, "Plan Rows": 2, "Plan Width": 25, "Inner Unique": true, "Plans": [{"Node Type": "Nested Loop", "Parent Relationship": "Outer", "Join Type": "Inner", "Startup Cost": 2780.8, "Total Cost": 80174.39, "Plan Rows": 262, "Plan Width": 4, "Inner Unique": false, "Plans": [{"Node Type": "Bitmap Heap Scan", "Parent Relationship": "Outer", "Relation Name": "company_name", "Alias": "cn", "Startup Cost": 2780.8, "Total Cost": 8684.25, "Plan Rows": 6290, "Plan Width": 4, "Filter": "((country_code)::text = '[jp]'::text)", "Plans": [{"Node Type": "Bitmap Index Scan", "Parent Relationship": "Outer", "Index Name": "company_name_pkey", "Startup Cost": 0.0, "Total Cost": 2779.23, "Plan Rows": 234996, "Plan Width": 0}]}, {"Node Type": "Index Scan", "Parent Relationship": "Inner", "Scan Direction": "Forward", "Index Name": "company_id_movie_companies", "Relation Name": "movie_companies", "Alias": "mc", "Startup Cost": 0.0, "Total Cost": 11.36, "Plan Rows": 1, "Plan Width": 8, "Index Cond": "(company_id = cn.id)", "Filter": "(((note)::text ~~ '%(Japan)%'::text) AND ((note)::text !~~ '%(USA)%'::text) AND (((note)::text ~~ '%(2006)%'::text) OR ((note)::text ~~ '%(2007)%'::text)))"}]}, {"Node Type": "Index Scan", "Parent Relationship": "Inner", "Scan Direction": "Forward", "Index Name": "title_pkey", "Relation Name": "title", "Alias": "t", "Startup Cost": 0.0, "Total Cost": 7.86, "Plan Rows": 1, "Plan Width": 21, "Index Cond": "(id = mc.movie_id)", "Filter": "((production_year >= 2006) AND (production_year <= 2007) AND (((title)::text ~~ 'One Piece%'::text) OR ((title)::text ~~ 'Dragon Ball Z%'::text)))"}]}, {"Node Type": "Index Scan", "Parent Relationship": "Inner", "Scan Direction": "Forward", "Index Name": "movie_id_cast_info", "Relation Name": "cast_info", "Alias": "ci", "Startup Cost": 0.0, "Total Cost": 27.88, "Plan Rows": 1, "Plan Width": 12, "Index Cond": "(movie_id = mc.movie_id)", "Filter": "((note)::text = '(voice: English version)'::text)"}]}, {"Node Type": "Index Scan", "Parent Relationship": "Inner", "Scan Direction": "Forward", "Index Name": "person_id_aka_name", "Relation Name": "aka_name", "Alias": "an", "Startup Cost": 0.0, "Total Cost": 0.84, "Plan Rows": 1, "Plan Width": 20, "Index Cond": "(person_id = ci.person_id)"}]}, {"Node Type": "Index Scan", "Parent Relationship": "Inner", "Scan Direction": "Forward", "Index Name": "name_pkey", "Relation Name": "name", "Alias": "n", "Startup Cost": 0.0, "Total Cost": 0.57, "Plan Rows": 1, "Plan Width": 4, "Index Cond": "(id = an.person_id)", "Filter": "(((name)::text ~~ '%Yo%'::text) AND ((name)::text !~~ '%Yu%'::text))"}]}, {"Node Type": "Index Scan", "Parent Relationship": "Inner", "Scan Direction": "Forward", "Index Name": "role_type_pkey", "Relation Name": "role_type", "Alias": "rt", "Startup Cost": 0.0, "Total Cost": 0.27, "Plan Rows": 1, "Plan Width": 4, "Index Cond": "(id = ci.role_id)", "Filter": "((role)::text = 'actress'::text)"}]}]}, "Unique SQL Id": 3956435728, "Planner Runtime": 15}, "explain_analyze_plan": null}, "(64, '98')": {"explain_plan": {"Plan": {"Node Type": "Aggregate", "Strategy": "Plain", "Startup Cost": 64933.14, "Total Cost": 64933.15, "Plan Rows": 1, "Plan Width": 97, "Plans": [{"Node Type": "Hash Join", "Parent Relationship": "Outer", "Join Type": "Inner", "Startup Cost": 3381.18, "Total Cost": 64933.14, "Plan Rows": 1, "Plan Width": 33, "Inner Unique": true, "Hash Cond": "(ci.role_id = rt.id)", "Plans": [{"Node Type": "Nested Loop", "Parent Relationship": "Outer", "Join Type": "Inner", "Startup Cost": 3380.01, "Total Cost": 64931.96, "Plan Rows": 1, "Plan Width": 37, "Inner Unique": true, "Plans": [{"Node Type": "Nested Loop", "Parent Relationship": "Outer", "Join Type": "Inner", "Startup Cost": 3379.69, "Total Cost": 64927.61, "Plan Rows": 1, "Plan Width": 45, "Inner Unique": true, "Plans": [{"Node Type": "Nested Loop", "Parent Relationship": "Outer", "Join Type": "Inner", "Startup Cost": 3378.46, "Total Cost": 64922.35, "Plan Rows": 1, "Plan Width": 49, "Inner Unique": false, "Plans": [{"Node Type": "Nested Loop", "Parent Relationship": "Outer", "Join Type": "Inner", "Startup Cost": 3378.08, "Total Cost": 64917.95, "Plan Rows": 1, "Plan Width": 29, "Inner Unique": false, "Join Filter": "(t.id = ci.movie_id)", "Plans": [{"Node Type": "Nested Loop", "Parent Relationship": "Outer", "Join Type": "Inner", "Startup Cost": 3373.8, "Total Cost": 64861.38, "Plan Rows": 2, "Plan Width": 29, "Inner Unique": false, "Plans": [{"Node Type": "Streaming(type: LOCAL GATHER dop: 1/64)", "Parent Relationship": "Outer", "Startup Cost": 3369.54, "Total Cost": 64334.52, "Plan Rows": 43, "Plan Width": 21, "Plans": [{"Node Type": "Seq Scan", "Parent Relationship": "Outer", "Relation Name": "title", "Alias": "t", "Startup Cost": 3369.54, "Total Cost": 64333.63, "Plan Rows": 43, "Plan Width": 21, "Filter": "((production_year >= 2006) AND (production_year <= 2007) AND (((title)::text ~~ 'One Piece%'::text) OR ((title)::text ~~ 'Dragon Ball Z%'::text)))"}]}, {"Node Type": "Bitmap Heap Scan", "Parent Relationship": "Inner", "Relation Name": "movie_companies", "Alias": "mc", "Startup Cost": 4.27, "Total Cost": 12.24, "Plan Rows": 1, "Plan Width": 8, "Recheck Cond": "(movie_id = t.id)", "Filter": "(((note)::text ~~ '%(Japan)%'::text) AND ((note)::text !~~ '%(USA)%'::text) AND (((note)::text ~~ '%(2006)%'::text) OR ((note)::text ~~ '%(2007)%'::text)))", "Plans": [{"Node Type": "Bitmap Index Scan", "Parent Relationship": "Outer", "Index Name": "movie_id_movie_companies", "Startup Cost": 0.0, "Total Cost": 4.26, "Plan Rows": 2, "Plan Width": 0, "Index Cond": "(movie_id = t.id)"}]}]}, {"Node Type": "Bitmap Heap Scan", "Parent Relationship": "Inner", "Relation Name": "cast_info", "Alias": "ci", "Startup Cost": 4.27, "Total Cost": 28.27, "Plan Rows": 1, "Plan Width": 12, "Recheck Cond": "(movie_id = mc.movie_id)", "Filter": "((note)::text = '(voice: English version)'::text)", "Plans": [{"Node Type": "Bitmap Index Scan", "Parent Relationship": "Outer", "Index Name": "movie_id_cast_info", "Startup Cost": 0.0, "Total Cost": 4.27, "Plan Rows": 6, "Plan Width": 0, "Index Cond": "(movie_id = mc.movie_id)"}]}]}, {"Node Type": "Bitmap Heap Scan", "Parent Relationship": "Inner", "Relation Name": "aka_name", "Alias": "an", "Startup Cost": 0.38, "Total Cost": 4.39, "Plan Rows": 1, "Plan Width": 20, "Recheck Cond": "(person_id = ci.person_id)", "Plans": [{"Node Type": "Bitmap Index Scan", "Parent Relationship": "Outer", "Index Name": "person_id_aka_name", "Startup Cost": 0.0, "Total Cost": 0.38, "Plan Rows": 1, "Plan Width": 0, "Index Cond": "(person_id = ci.person_id)"}]}]}, {"Node Type": "Bitmap Heap Scan", "Parent Relationship": "Inner", "Relation Name": "company_name", "Alias": "cn", "Startup Cost": 1.23, "Total Cost": 5.24, "Plan Rows": 1, "Plan Width": 4, "Recheck Cond": "(id = mc.company_id)", "Filter": "((country_code)::text = '[jp]'::text)", "Plans": [{"Node Type": "Bitmap Index Scan", "Parent Relationship": "Outer", "Index Name": "company_name_pkey", "Startup Cost": 0.0, "Total Cost": 1.23, "Plan Rows": 1, "Plan Width": 0, "Index Cond": "(id = mc.company_id)"}]}]}, {"Node Type": "Bitmap Heap Scan", "Parent Relationship": "Inner", "Relation Name": "name", "Alias": "n", "Startup Cost": 0.33, "Total Cost": 4.34, "Plan Rows": 1, "Plan Width": 4, "Recheck Cond": "(id = an.person_id)", "Filter": "(((name)::text ~~ '%Yo%'::text) AND ((name)::text !~~ '%Yu%'::text))", "Plans": [{"Node Type": "Bitmap Index Scan", "Parent Relationship": "Outer", "Index Name": "name_pkey", "Startup Cost": 0.0, "Total Cost": 0.33, "Plan Rows": 1, "Plan Width": 0, "Index Cond": "(id = an.person_id)"}]}]}, {"Node Type": "Hash", "Parent Relationship": "Inner", "Startup Cost": 1.15, "Total Cost": 1.15, "Plan Rows": 1, "Plan Width": 4, "Plans": [{"Node Type": "Seq Scan", "Parent Relationship": "Outer", "Relation Name": "role_type", "Alias": "rt", "Startup Cost": 0.0, "Total Cost": 1.15, "Plan Rows": 1, "Plan Width": 4, "Filter": "((role)::text = 'actress'::text)"}]}]}]}, "Unique SQL Id": 3956435728, "Planner Runtime": 27}, "explain_analyze_plan": {"Plan": {"Node Type": "Aggregate", "Strategy": "Plain", "Startup Cost": 64933.14, "Total Cost": 64933.15, "Plan Rows": 1, "Plan Width": 97, "Actual Min Startup Time": 129.576, "Actual Max Startup Time": 129.576, "Actual Min Total Time": 129.576, "Actual Max Total Time": 129.576, "Plans": [{"Node Type": "Hash Join", "Parent Relationship": "Outer", "Join Type": "Inner", "Startup Cost": 3381.18, "Total Cost": 64933.14, "Plan Rows": 1, "Plan Width": 33, "Actual Min Startup Time": 87.415, "Actual Max Startup Time": 87.415, "Actual Min Total Time": 129.501, "Actual Max Total Time": 129.501, "Inner Unique": true, "Hash Cond": "(ci.role_id = rt.id)", "Plans": [{"Node Type": "Nested Loop", "Parent Relationship": "Outer", "Join Type": "Inner", "Startup Cost": 3380.01, "Total Cost": 64931.96, "Plan Rows": 1, "Plan Width": 37, "Actual Min Startup Time": 87.262, "Actual Max Startup Time": 87.262, "Actual Min Total Time": 129.33, "Actual Max Total Time": 129.33, "Inner Unique": true, "Plans": [{"Node Type": "Nested Loop", "Parent Relationship": "Outer", "Join Type": "Inner", "Startup Cost": 3379.69, "Total Cost": 64927.61, "Plan Rows": 1, "Plan Width": 45, "Actual Min Startup Time": 85.524, "Actual Max Startup Time": 85.524, "Actual Min Total Time": 128.065, "Actual Max Total Time": 128.065, "Inner Unique": true, "Plans": [{"Node Type": "Nested Loop", "Parent Relationship": "Outer", "Join Type": "Inner", "Startup Cost": 3378.46, "Total Cost": 64922.35, "Plan Rows": 1, "Plan Width": 49, "Actual Min Startup Time": 85.496, "Actual Max Startup Time": 85.496, "Actual Min Total Time": 127.007, "Actual Max Total Time": 127.007, "Inner Unique": false, "Plans": [{"Node Type": "Nested Loop", "Parent Relationship": "Outer", "Join Type": "Inner", "Startup Cost": 3378.08, "Total Cost": 64917.95, "Plan Rows": 1, "Plan Width": 29, "Actual Min Startup Time": 85.465, "Actual Max Startup Time": 85.465, "Actual Min Total Time": 125.862, "Actual Max Total Time": 125.862, "Inner Unique": false, "Join Filter": "(t.id = ci.movie_id)", "Rows Removed by Join Filter": 0, "Plans": [{"Node Type": "Nested Loop", "Parent Relationship": "Outer", "Join Type": "Inner", "Startup Cost": 3373.8, "Total Cost": 64861.38, "Plan Rows": 2, "Plan Width": 29, "Actual Min Startup Time": 85.383, "Actual Max Startup Time": 85.383, "Actual Min Total Time": 125.278, "Actual Max Total Time": 125.278, "Inner Unique": false, "Plans": [{"Node Type": "Streaming(type: LOCAL GATHER dop: 1/64)", "Parent Relationship": "Outer", "Startup Cost": 3369.54, "Total Cost": 64334.52, "Plan Rows": 43, "Plan Width": 21, "Actual Min Startup Time": 85.256, "Actual Max Startup Time": 85.256, "Actual Min Total Time": 124.89, "Actual Max Total Time": 124.89, "Plans": [{"Node Type": "Seq Scan", "Parent Relationship": "Outer", "Relation Name": "title", "Alias": "t", "Startup Cost": 3369.54, "Total Cost": 64333.63, "Plan Rows": 43, "Plan Width": 21, "Actual Min Startup Time": 11.642, "Actual Max Startup Time": 19.47, "Actual Min Total Time": 14.915, "Actual Max Total Time": 19.47, "Filter": "((production_year >= 2006) AND (production_year <= 2007) AND (((title)::text ~~ 'One Piece%'::text) OR ((title)::text ~~ 'Dragon Ball Z%'::text)))", "Rows Removed by Filter": 2528304, "Actual Rows": 7}], "Actual Rows": 7}, {"Node Type": "Bitmap Heap Scan", "Parent Relationship": "Inner", "Relation Name": "movie_companies", "Alias": "mc", "Startup Cost": 4.27, "Total Cost": 12.24, "Plan Rows": 1, "Plan Width": 8, "Actual Min Startup Time": 0.291, "Actual Max Startup Time": 0.291, "Actual Min Total Time": 0.303, "Actual Max Total Time": 0.303, "Recheck Cond": "(movie_id = t.id)", "Rows Removed by Index Recheck": 0, "Filter": "(((note)::text ~~ '%(Japan)%'::text) AND ((note)::text !~~ '%(USA)%'::text) AND (((note)::text ~~ '%(2006)%'::text) OR ((note)::text ~~ '%(2007)%'::text)))", "Rows Removed by Filter": 13, "Exact Heap Blocks": 13, "Lossy Heap Blocks": 13, "Plans": [{"Node Type": "Bitmap Index Scan", "Parent Relationship": "Outer", "Index Name": "movie_id_movie_companies", "Startup Cost": 0.0, "Total Cost": 4.26, "Plan Rows": 2, "Plan Width": 0, "Actual Min Startup Time": 0.146, "Actual Max Startup Time": 0.146, "Actual Min Total Time": 0.146, "Actual Max Total Time": 0.146, "Index Cond": "(movie_id = t.id)", "Actual Rows": 17}], "Actual Rows": 4}], "Actual Rows": 4}, {"Node Type": "Bitmap Heap Scan", "Parent Relationship": "Inner", "Relation Name": "cast_info", "Alias": "ci", "Startup Cost": 4.27, "Total Cost": 28.27, "Plan Rows": 1, "Plan Width": 12, "Actual Min Startup Time": 0.205, "Actual Max Startup Time": 0.205, "Actual Min Total Time": 0.511, "Actual Max Total Time": 0.511, "Recheck Cond": "(movie_id = mc.movie_id)", "Rows Removed by Index Recheck": 0, "Filter": "((note)::text = '(voice: English version)'::text)", "Rows Removed by Filter": 68, "Exact Heap Blocks": 133, "Lossy Heap Blocks": 133, "Plans": [{"Node Type": "Bitmap Index Scan", "Parent Relationship": "Outer", "Index Name": "movie_id_cast_info", "Startup Cost": 0.0, "Total Cost": 4.27, "Plan Rows": 6, "Plan Width": 0, "Actual Min Startup Time": 0.077, "Actual Max Startup Time": 0.077, "Actual Min Total Time": 0.077, "Actual Max Total Time": 0.077, "Index Cond": "(movie_id = mc.movie_id)", "Actual Rows": 172}], "Actual Rows": 104}], "Actual Rows": 104}, {"Node Type": "Bitmap Heap Scan", "Parent Relationship": "Inner", "Relation Name": "aka_name", "Alias": "an", "Startup Cost": 0.38, "Total Cost": 4.39, "Plan Rows": 1, "Plan Width": 20, "Actual Min Startup Time": 0.85, "Actual Max Startup Time": 0.85, "Actual Min Total Time": 0.933, "Actual Max Total Time": 0.933, "Recheck Cond": "(person_id = ci.person_id)", "Rows Removed by Index Recheck": 0, "Exact Heap Blocks": 105, "Lossy Heap Blocks": 105, "Plans": [{"Node Type": "Bitmap Index Scan", "Parent Relationship": "Outer", "Index Name": "person_id_aka_name", "Startup Cost": 0.0, "Total Cost": 0.38, "Plan Rows": 1, "Plan Width": 0, "Actual Min Startup Time": 0.583, "Actual Max Startup Time": 0.583, "Actual Min Total Time": 0.583, "Actual Max Total Time": 0.583, "Index Cond": "(person_id = ci.person_id)", "Actual Rows": 171}], "Actual Rows": 171}], "Actual Rows": 171}, {"Node Type": "Bitmap Heap Scan", "Parent Relationship": "Inner", "Relation Name": "company_name", "Alias": "cn", "Startup Cost": 1.23, "Total Cost": 5.24, "Plan Rows": 1, "Plan Width": 4, "Actual Min Startup Time": 0.802, "Actual Max Startup Time": 0.802, "Actual Min Total Time": 0.802, "Actual Max Total Time": 0.802, "Recheck Cond": "(id = mc.company_id)", "Rows Removed by Index Recheck": 0, "Filter": "((country_code)::text = '[jp]'::text)", "Rows Removed by Filter": 0, "Exact Heap Blocks": 171, "Lossy Heap Blocks": 171, "Plans": [{"Node Type": "Bitmap Index Scan", "Parent Relationship": "Outer", "Index Name": "company_name_pkey", "Startup Cost": 0.0, "Total Cost": 1.23, "Plan Rows": 1, "Plan Width": 0, "Actual Min Startup Time": 0.464, "Actual Max Startup Time": 0.464, "Actual Min Total Time": 0.464, "Actual Max Total Time": 0.464, "Index Cond": "(id = mc.company_id)", "Actual Rows": 171}], "Actual Rows": 171}], "Actual Rows": 171}, {"Node Type": "Bitmap Heap Scan", "Parent Relationship": "Inner", "Relation Name": "name", "Alias": "n", "Startup Cost": 0.33, "Total Cost": 4.34, "Plan Rows": 1, "Plan Width": 4, "Actual Min Startup Time": 1.043, "Actual Max Startup Time": 1.043, "Actual Min Total Time": 1.043, "Actual Max Total Time": 1.043, "Recheck Cond": "(id = an.person_id)", "Rows Removed by Index Recheck": 0, "Filter": "(((name)::text ~~ '%Yo%'::text) AND ((name)::text !~~ '%Yu%'::text))", "Rows Removed by Filter": 165, "Exact Heap Blocks": 171, "Lossy Heap Blocks": 171, "Plans": [{"Node Type": "Bitmap Index Scan", "Parent Relationship": "Outer", "Index Name": "name_pkey", "Startup Cost": 0.0, "Total Cost": 0.33, "Plan Rows": 1, "Plan Width": 0, "Actual Min Startup Time": 0.645, "Actual Max Startup Time": 0.645, "Actual Min Total Time": 0.645, "Actual Max Total Time": 0.645, "Index Cond": "(id = an.person_id)", "Actual Rows": 171}], "Actual Rows": 6}], "Actual Rows": 6}, {"Node Type": "Hash", "Parent Relationship": "Inner", "Startup Cost": 1.15, "Total Cost": 1.15, "Plan Rows": 1, "Plan Width": 4, "Actual Min Startup Time": 0.076, "Actual Max Startup Time": 0.076, "Actual Min Total Time": 0.076, "Actual Max Total Time": 0.076, "Max Hash Buckets": 32768, "Min Hash Buckets": 32768, "Max Hash Batches": 1, "Min Hash Batches": 1, "Max Original Hash Batches": 1, "Min Original Hash Batches": 1, "Max Peak Memory Usage": 1, "min Peak Memory Usage": 1, "Plans": [{"Node Type": "Seq Scan", "Parent Relationship": "Outer", "Relation Name": "role_type", "Alias": "rt", "Startup Cost": 0.0, "Total Cost": 1.15, "Plan Rows": 1, "Plan Width": 4, "Actual Min Startup Time": 0.053, "Actual Max Startup Time": 0.053, "Actual Min Total Time": 0.058, "Actual Max Total Time": 0.058, "Filter": "((role)::text = 'actress'::text)", "Rows Removed by Filter": 11, "Actual Rows": 1}], "Actual Rows": 1}], "Actual Rows": 6}], "Actual Rows": 1}, "Triggers": [], "Planner Runtime": 42.051, "Total Runtime": 141.601, "Unique SQL Id": 3956435728}}, "(64, '99')": {"explain_plan": {"Plan": {"Node Type": "Aggregate", "Strategy": "Plain", "Startup Cost": 108949.86, "Total Cost": 108949.87, "Plan Rows": 1, "Plan Width": 97, "Plans": [{"Node Type": "Nested Loop", "Parent Relationship": "Outer", "Join Type": "Inner", "Startup Cost": 2793.35, "Total Cost": 108949.85, "Plan Rows": 1, "Plan Width": 33, "Inner Unique": true, "Plans": [{"Node Type": "Nested Loop", "Parent Relationship": "Outer", "Join Type": "Inner", "Startup Cost": 2793.09, "Total Cost": 108945.57, "Plan Rows": 1, "Plan Width": 37, "Inner Unique": true, "Plans": [{"Node Type": "Nested Loop", "Parent Relationship": "Outer", "Join Type": "Inner", "Startup Cost": 2792.76, "Total Cost": 108941.22, "Plan Rows": 1, "Plan Width": 45, "Inner Unique": false, "Plans": [{"Node Type": "Nested Loop", "Parent Relationship": "Outer", "Join Type": "Inner", "Startup Cost": 2792.38, "Total Cost": 108936.81, "Plan Rows": 1, "Plan Width": 25, "Inner Unique": false, "Join Filter": "(t.id = ci.movie_id)", "Plans": [{"Node Type": "Nested Loop", "Parent Relationship": "Outer", "Join Type": "Inner", "Startup Cost": 2788.11, "Total Cost": 108880.24, "Plan Rows": 2, "Plan Width": 25, "Inner Unique": true, "Plans": [{"Node Type": "Nested Loop", "Parent Relationship": "Outer", "Join Type": "Inner", "Startup Cost": 2784.18, "Total Cost": 106793.84, "Plan Rows": 262, "Plan Width": 4, "Inner Unique": false, "Plans": [{"Node Type": "Bitmap Heap Scan", "Parent Relationship": "Outer", "Relation Name": "company_name", "Alias": "cn", "Startup Cost": 2780.8, "Total Cost": 8684.25, "Plan Rows": 6290, "Plan Width": 4, "Filter": "((country_code)::text = '[jp]'::text)", "Plans": [{"Node Type": "Bitmap Index Scan", "Parent Relationship": "Outer", "Index Name": "company_name_pkey", "Startup Cost": 0.0, "Total Cost": 2779.23, "Plan Rows": 234996, "Plan Width": 0}]}, {"Node Type": "Bitmap Heap Scan", "Parent Relationship": "Inner", "Relation Name": "movie_companies", "Alias": "mc", "Startup Cost": 3.37, "Total Cost": 15.59, "Plan Rows": 1, "Plan Width": 8, "Recheck Cond": "(company_id = cn.id)", "Filter": "(((note)::text ~~ '%(Japan)%'::text) AND ((note)::text !~~ '%(USA)%'::text) AND (((note)::text ~~ '%(2006)%'::text) OR ((note)::text ~~ '%(2007)%'::text)))", "Plans": [{"Node Type": "Bitmap Index Scan", "Parent Relationship": "Outer", "Index Name": "company_id_movie_companies", "Startup Cost": 0.0, "Total Cost": 3.37, "Plan Rows": 15, "Plan Width": 0, "Index Cond": "(company_id = cn.id)"}]}]}, {"Node Type": "Bitmap Heap Scan", "Parent Relationship": "Inner", "Relation Name": "title", "Alias": "t", "Startup Cost": 3.93, "Total Cost": 7.95, "Plan Rows": 1, "Plan Width": 21, "Recheck Cond": "(id = mc.movie_id)", "Filter": "((production_year >= 2006) AND (production_year <= 2007) AND (((title)::text ~~ 'One Piece%'::text) OR ((title)::text ~~ 'Dragon Ball Z%'::text)))", "Plans": [{"Node Type": "Bitmap Index Scan", "Parent Relationship": "Outer", "Index Name": "title_pkey", "Startup Cost": 0.0, "Total Cost": 3.93, "Plan Rows": 1, "Plan Width": 0, "Index Cond": "(id = mc.movie_id)"}]}]}, {"Node Type": "Bitmap Heap Scan", "Parent Relationship": "Inner", "Relation Name": "cast_info", "Alias": "ci", "Startup Cost": 4.27, "Total Cost": 28.27, "Plan Rows": 1, "Plan Width": 12, "Recheck Cond": "(movie_id = mc.movie_id)", "Filter": "((note)::text = '(voice: English version)'::text)", "Plans": [{"Node Type": "Bitmap Index Scan", "Parent Relationship": "Outer", "Index Name": "movie_id_cast_info", "Startup Cost": 0.0, "Total Cost": 4.27, "Plan Rows": 6, "Plan Width": 0, "Index Cond": "(movie_id = mc.movie_id)"}]}]}, {"Node Type": "Bitmap Heap Scan", "Parent Relationship": "Inner", "Relation Name": "aka_name", "Alias": "an", "Startup Cost": 0.38, "Total Cost": 4.39, "Plan Rows": 1, "Plan Width": 20, "Recheck Cond": "(person_id = ci.person_id)", "Plans": [{"Node Type": "Bitmap Index Scan", "Parent Relationship": "Outer", "Index Name": "person_id_aka_name", "Startup Cost": 0.0, "Total Cost": 0.38, "Plan Rows": 1, "Plan Width": 0, "Index Cond": "(person_id = ci.person_id)"}]}]}, {"Node Type": "Bitmap Heap Scan", "Parent Relationship": "Inner", "Relation Name": "name", "Alias": "n", "Startup Cost": 0.33, "Total Cost": 4.34, "Plan Rows": 1, "Plan Width": 4, "Recheck Cond": "(id = an.person_id)", "Filter": "(((name)::text ~~ '%Yo%'::text) AND ((name)::text !~~ '%Yu%'::text))", "Plans": [{"Node Type": "Bitmap Index Scan", "Parent Relationship": "Outer", "Index Name": "name_pkey", "Startup Cost": 0.0, "Total Cost": 0.33, "Plan Rows": 1, "Plan Width": 0, "Index Cond": "(id = an.person_id)"}]}]}, {"Node Type": "Bitmap Heap Scan", "Parent Relationship": "Inner", "Relation Name": "role_type", "Alias": "rt", "Startup Cost": 0.26, "Total Cost": 4.27, "Plan Rows": 1, "Plan Width": 4, "Recheck Cond": "(id = ci.role_id)", "Filter": "((role)::text = 'actress'::text)", "Plans": [{"Node Type": "Bitmap Index Scan", "Parent Relationship": "Outer", "Index Name": "role_type_pkey", "Startup Cost": 0.0, "Total Cost": 0.26, "Plan Rows": 1, "Plan Width": 0, "Index Cond": "(id = ci.role_id)"}]}]}]}, "Unique SQL Id": 3956435728, "Planner Runtime": 13}, "explain_analyze_plan": {"Plan": {"Node Type": "Aggregate", "Strategy": "Plain", "Startup Cost": 108949.86, "Total Cost": 108949.87, "Plan Rows": 1, "Plan Width": 97, "Actual Startup Time": 454.404, "Actual Total Time": 454.405, "Actual Rows": 1, "Actual Loops": 1, "Plans": [{"Node Type": "Nested Loop", "Parent Relationship": "Outer", "Join Type": "Inner", "Startup Cost": 2793.35, "Total Cost": 108949.85, "Plan Rows": 1, "Plan Width": 33, "Actual Startup Time": 126.355, "Actual Total Time": 454.354, "Actual Rows": 6, "Actual Loops": 1, "Inner Unique": true, "Plans": [{"Node Type": "Nested Loop", "Parent Relationship": "Outer", "Join Type": "Inner", "Startup Cost": 2793.09, "Total Cost": 108945.57, "Plan Rows": 1, "Plan Width": 37, "Actual Startup Time": 126.34, "Actual Total Time": 454.31, "Actual Rows": 6, "Actual Loops": 1, "Inner Unique": true, "Plans": [{"Node Type": "Nested Loop", "Parent Relationship": "Outer", "Join Type": "Inner", "Startup Cost": 2792.76, "Total Cost": 108941.22, "Plan Rows": 1, "Plan Width": 45, "Actual Startup Time": 125.755, "Actual Total Time": 453.226, "Actual Rows": 171, "Actual Loops": 1, "Inner Unique": false, "Plans": [{"Node Type": "Nested Loop", "Parent Relationship": "Outer", "Join Type": "Inner", "Startup Cost": 2792.38, "Total Cost": 108936.81, "Plan Rows": 1, "Plan Width": 25, "Actual Startup Time": 125.731, "Actual Total Time": 452.322, "Actual Rows": 104, "Actual Loops": 1, "Inner Unique": false, "Join Filter": "(t.id = ci.movie_id)", "Rows Removed by Join Filter": 0, "Plans": [{"Node Type": "Nested Loop", "Parent Relationship": "Outer", "Join Type": "Inner", "Startup Cost": 2788.11, "Total Cost": 108880.24, "Plan Rows": 2, "Plan Width": 25, "Actual Startup Time": 125.673, "Actual Total Time": 451.843, "Actual Rows": 4, "Actual Loops": 1, "Inner Unique": true, "Plans": [{"Node Type": "Nested Loop", "Parent Relationship": "Outer", "Join Type": "Inner", "Startup Cost": 2784.18, "Total Cost": 106793.84, "Plan Rows": 262, "Plan Width": 4, "Actual Startup Time": 21.615, "Actual Total Time": 389.321, "Actual Rows": 8495, "Actual Loops": 1, "Inner Unique": false, "Plans": [{"Node Type": "Bitmap Heap Scan", "Parent Relationship": "Outer", "Relation Name": "company_name", "Alias": "cn", "Startup Cost": 2780.8, "Total Cost": 8684.25, "Plan Rows": 6290, "Plan Width": 4, "Actual Startup Time": 21.545, "Actual Total Time": 139.197, "Actual Rows": 6752, "Actual Loops": 1, "Filter": "((country_code)::text = '[jp]'::text)", "Rows Removed by Filter": 228244, "Exact Heap Blocks": 2966, "Lossy Heap Blocks": 2966, "Plans": [{"Node Type": "Bitmap Index Scan", "Parent Relationship": "Outer", "Index Name": "company_name_pkey", "Startup Cost": 0.0, "Total Cost": 2779.23, "Plan Rows": 234996, "Plan Width": 0, "Actual Startup Time": 21.066, "Actual Total Time": 21.066, "Actual Rows": 234996, "Actual Loops": 1}]}, {"Node Type": "Bitmap Heap Scan", "Parent Relationship": "Inner", "Relation Name": "movie_companies", "Alias": "mc", "Startup Cost": 3.37, "Total Cost": 15.59, "Plan Rows": 1, "Plan Width": 8, "Actual Startup Time": 134.789, "Actual Total Time": 238.582, "Actual Rows": 8495, "Actual Loops": 6752, "Recheck Cond": "(company_id = cn.id)", "Rows Removed by Index Recheck": 0, "Filter": "(((note)::text ~~ '%(Japan)%'::text) AND ((note)::text !~~ '%(USA)%'::text) AND (((note)::text ~~ '%(2006)%'::text) OR ((note)::text ~~ '%(2007)%'::text)))", "Rows Removed by Filter": 96500, "Exact Heap Blocks": 61861, "Lossy Heap Blocks": 61861, "Plans": [{"Node Type": "Bitmap Index Scan", "Parent Relationship": "Outer", "Index Name": "company_id_movie_companies", "Startup Cost": 0.0, "Total Cost": 3.37, "Plan Rows": 15, "Plan Width": 0, "Actual Startup Time": 52.102, "Actual Total Time": 52.102, "Actual Rows": 104995, "Actual Loops": 6752, "Index Cond": "(company_id = cn.id)"}]}]}, {"Node Type": "Bitmap Heap Scan", "Parent Relationship": "Inner", "Relation Name": "title", "Alias": "t", "Startup Cost": 3.93, "Total Cost": 7.95, "Plan Rows": 1, "Plan Width": 21, "Actual Startup Time": 52.556, "Actual Total Time": 52.556, "Actual Rows": 4, "Actual Loops": 8495, "Recheck Cond": "(id = mc.movie_id)", "Rows Removed by Index Recheck": 0, "Filter": "((production_year >= 2006) AND (production_year <= 2007) AND (((title)::text ~~ 'One Piece%'::text) OR ((title)::text ~~ 'Dragon Ball Z%'::text)))", "Rows Removed by Filter": 8491, "Exact Heap Blocks": 8495, "Lossy Heap Blocks": 8495, "Plans": [{"Node Type": "Bitmap Index Scan", "Parent Relationship": "Outer", "Index Name": "title_pkey", "Startup Cost": 0.0, "Total Cost": 3.93, "Plan Rows": 1, "Plan Width": 0, "Actual Startup Time": 25.939, "Actual Total Time": 25.939, "Actual Rows": 8495, "Actual Loops": 8495, "Index Cond": "(id = mc.movie_id)"}]}]}, {"Node Type": "Bitmap Heap Scan", "Parent Relationship": "Inner", "Relation Name": "cast_info", "Alias": "ci", "Startup Cost": 4.27, "Total Cost": 28.27, "Plan Rows": 1, "Plan Width": 12, "Actual Startup Time": 0.182, "Actual Total Time": 0.41, "Actual Rows": 104, "Actual Loops": 4, "Recheck Cond": "(movie_id = mc.movie_id)", "Rows Removed by Index Recheck": 0, "Filter": "((note)::text = '(voice: English version)'::text)", "Rows Removed by Filter": 68, "Exact Heap Blocks": 133, "Lossy Heap Blocks": 133, "Plans": [{"Node Type": "Bitmap Index Scan", "Parent Relationship": "Outer", "Index Name": "movie_id_cast_info", "Startup Cost": 0.0, "Total Cost": 4.27, "Plan Rows": 6, "Plan Width": 0, "Actual Startup Time": 0.058, "Actual Total Time": 0.058, "Actual Rows": 172, "Actual Loops": 4, "Index Cond": "(movie_id = mc.movie_id)"}]}]}, {"Node Type": "Bitmap Heap Scan", "Parent Relationship": "Inner", "Relation Name": "aka_name", "Alias": "an", "Startup Cost": 0.38, "Total Cost": 4.39, "Plan Rows": 1, "Plan Width": 20, "Actual Startup Time": 0.631, "Actual Total Time": 0.711, "Actual Rows": 171, "Actual Loops": 104, "Recheck Cond": "(person_id = ci.person_id)", "Rows Removed by Index Recheck": 0, "Exact Heap Blocks": 105, "Lossy Heap Blocks": 105, "Plans": [{"Node Type": "Bitmap Index Scan", "Parent Relationship": "Outer", "Index Name": "person_id_aka_name", "Startup Cost": 0.0, "Total Cost": 0.38, "Plan Rows": 1, "Plan Width": 0, "Actual Startup Time": 0.442, "Actual Total Time": 0.442, "Actual Rows": 171, "Actual Loops": 104, "Index Cond": "(person_id = ci.person_id)"}]}]}, {"Node Type": "Bitmap Heap Scan", "Parent Relationship": "Inner", "Relation Name": "name", "Alias": "n", "Startup Cost": 0.33, "Total Cost": 4.34, "Plan Rows": 1, "Plan Width": 4, "Actual Startup Time": 0.885, "Actual Total Time": 0.885, "Actual Rows": 6, "Actual Loops": 171, "Recheck Cond": "(id = an.person_id)", "Rows Removed by Index Recheck": 0, "Filter": "(((name)::text ~~ '%Yo%'::text) AND ((name)::text !~~ '%Yu%'::text))", "Rows Removed by Filter": 165, "Exact Heap Blocks": 171, "Lossy Heap Blocks": 171, "Plans": [{"Node Type": "Bitmap Index Scan", "Parent Relationship": "Outer", "Index Name": "name_pkey", "Startup Cost": 0.0, "Total Cost": 0.33, "Plan Rows": 1, "Plan Width": 0, "Actual Startup Time": 0.549, "Actual Total Time": 0.549, "Actual Rows": 171, "Actual Loops": 171, "Index Cond": "(id = an.person_id)"}]}]}, {"Node Type": "Bitmap Heap Scan", "Parent Relationship": "Inner", "Relation Name": "role_type", "Alias": "rt", "Startup Cost": 0.26, "Total Cost": 4.27, "Plan Rows": 1, "Plan Width": 4, "Actual Startup Time": 0.029, "Actual Total Time": 0.029, "Actual Rows": 6, "Actual Loops": 6, "Recheck Cond": "(id = ci.role_id)", "Rows Removed by Index Recheck": 0, "Filter": "((role)::text = 'actress'::text)", "Rows Removed by Filter": 0, "Exact Heap Blocks": 6, "Lossy Heap Blocks": 6, "Plans": [{"Node Type": "Bitmap Index Scan", "Parent Relationship": "Outer", "Index Name": "role_type_pkey", "Startup Cost": 0.0, "Total Cost": 0.26, "Plan Rows": 1, "Plan Width": 0, "Actual Startup Time": 0.01, "Actual Total Time": 0.01, "Actual Rows": 6, "Actual Loops": 6, "Index Cond": "(id = ci.role_id)"}]}]}]}, "Triggers": [], "Planner Runtime": 30.658, "Total Runtime": 454.866, "Unique SQL Id": 3956435728}}, "(64, '100')": {"explain_plan": {"Plan": {"Node Type": "Aggregate", "Strategy": "Plain", "Startup Cost": 64890.38, "Total Cost": 64890.39, "Plan Rows": 1, "Plan Width": 97, "Plans": [{"Node Type": "Nested Loop", "Parent Relationship": "Outer", "Join Type": "Inner", "Startup Cost": 3369.54, "Total Cost": 64890.38, "Plan Rows": 1, "Plan Width": 33, "Inner Unique": true, "Plans": [{"Node Type": "Nested Loop", "Parent Relationship": "Outer", "Join Type": "Inner", "Startup Cost": 3369.54, "Total Cost": 64890.09, "Plan Rows": 1, "Plan Width": 37, "Inner Unique": true, "Plans": [{"Node Type": "Nested Loop", "Parent Relationship": "Outer", "Join Type": "Inner", "Startup Cost": 3369.54, "Total Cost": 64889.51, "Plan Rows": 1, "Plan Width": 45, "Inner Unique": true, "Plans": [{"Node Type": "Nested Loop", "Parent Relationship": "Outer", "Join Type": "Inner", "Startup Cost": 3369.54, "Total Cost": 64885.13, "Plan Rows": 1, "Plan Width": 49, "Inner Unique": false, "Plans": [{"Node Type": "Nested Loop", "Parent Relationship": "Outer", "Join Type": "Inner", "Startup Cost": 3369.54, "Total Cost": 64884.27, "Plan Rows": 1, "Plan Width": 29, "Inner Unique": false, "Join Filter": "(t.id = ci.movie_id)", "Plans": [{"Node Type": "Nested Loop", "Parent Relationship": "Outer", "Join Type": "Inner", "Startup Cost": 3369.54, "Total Cost": 64828.49, "Plan Rows": 2, "Plan Width": 29, "Inner Unique": false, "Plans": [{"Node Type": "Streaming(type: LOCAL GATHER dop: 1/64)", "Parent Relationship": "Outer", "Startup Cost": 3369.54, "Total Cost": 64334.52, "Plan Rows": 43, "Plan Width": 21, "Plans": [{"Node Type": "Seq Scan", "Parent Relationship": "Outer", "Relation Name": "title", "Alias": "t", "Startup Cost": 3369.54, "Total Cost": 64333.63, "Plan Rows": 43, "Plan Width": 21, "Filter": "((production_year >= 2006) AND (production_year <= 2007) AND (((title)::text ~~ 'One Piece%'::text) OR ((title)::text ~~ 'Dragon Ball Z%'::text)))"}]}, {"Node Type": "Index Scan", "Parent Relationship": "Inner", "Scan Direction": "Forward", "Index Name": "movie_id_movie_companies", "Relation Name": "movie_companies", "Alias": "mc", "Startup Cost": 0.0, "Total Cost": 11.48, "Plan Rows": 1, "Plan Width": 8, "Index Cond": "(movie_id = t.id)", "Filter": "(((note)::text ~~ '%(Japan)%'::text) AND ((note)::text !~~ '%(USA)%'::text) AND (((note)::text ~~ '%(2006)%'::text) OR ((note)::text ~~ '%(2007)%'::text)))"}]}, {"Node Type": "Index Scan", "Parent Relationship": "Inner", "Scan Direction": "Forward", "Index Name": "movie_id_cast_info", "Relation Name": "cast_info", "Alias": "ci", "Startup Cost": 0.0, "Total Cost": 27.88, "Plan Rows": 1, "Plan Width": 12, "Index Cond": "(movie_id = mc.movie_id)", "Filter": "((note)::text = '(voice: English version)'::text)"}]}, {"Node Type": "Index Scan", "Parent Relationship": "Inner", "Scan Direction": "Forward", "Index Name": "person_id_aka_name", "Relation Name": "aka_name", "Alias": "an", "Startup Cost": 0.0, "Total Cost": 0.84, "Plan Rows": 1, "Plan Width": 20, "Index Cond": "(person_id = ci.person_id)"}]}, {"Node Type": "Index Scan", "Parent Relationship": "Inner", "Scan Direction": "Forward", "Index Name": "company_name_pkey", "Relation Name": "company_name", "Alias": "cn", "Startup Cost": 0.0, "Total Cost": 4.37, "Plan Rows": 1, "Plan Width": 4, "Index Cond": "(id = mc.company_id)", "Filter": "((country_code)::text = '[jp]'::text)"}]}, {"Node Type": "Index Scan", "Parent Relationship": "Inner", "Scan Direction": "Forward", "Index Name": "name_pkey", "Relation Name": "name", "Alias": "n", "Startup Cost": 0.0, "Total Cost": 0.57, "Plan Rows": 1, "Plan Width": 4, "Index Cond": "(id = an.person_id)", "Filter": "(((name)::text ~~ '%Yo%'::text) AND ((name)::text !~~ '%Yu%'::text))"}]}, {"Node Type": "Index Scan", "Parent Relationship": "Inner", "Scan Direction": "Forward", "Index Name": "role_type_pkey", "Relation Name": "role_type", "Alias": "rt", "Startup Cost": 0.0, "Total Cost": 0.27, "Plan Rows": 1, "Plan Width": 4, "Index Cond": "(id = ci.role_id)", "Filter": "((role)::text = 'actress'::text)"}]}]}, "Unique SQL Id": 3956435728, "Planner Runtime": 19}, "explain_analyze_plan": {"Plan": {"Node Type": "Aggregate", "Strategy": "Plain", "Startup Cost": 64890.38, "Total Cost": 64890.39, "Plan Rows": 1, "Plan Width": 97, "Actual Min Startup Time": 129.95, "Actual Max Startup Time": 129.95, "Actual Min Total Time": 129.951, "Actual Max Total Time": 129.951, "Plans": [{"Node Type": "Nested Loop", "Parent Relationship": "Outer", "Join Type": "Inner", "Startup Cost": 3369.54, "Total Cost": 64890.38, "Plan Rows": 1, "Plan Width": 33, "Actual Min Startup Time": 82.756, "Actual Max Startup Time": 82.756, "Actual Min Total Time": 129.873, "Actual Max Total Time": 129.873, "Inner Unique": true, "Plans": [{"Node Type": "Nested Loop", "Parent Relationship": "Outer", "Join Type": "Inner", "Startup Cost": 3369.54, "Total Cost": 64890.09, "Plan Rows": 1, "Plan Width": 37, "Actual Min Startup Time": 82.738, "Actual Max Startup Time": 82.738, "Actual Min Total Time": 129.822, "Actual Max Total Time": 129.822, "Inner Unique": true, "Plans": [{"Node Type": "Nested Loop", "Parent Relationship": "Outer", "Join Type": "Inner", "Startup Cost": 3369.54, "Total Cost": 64889.51, "Plan Rows": 1, "Plan Width": 45, "Actual Min Startup Time": 81.529, "Actual Max Startup Time": 81.529, "Actual Min Total Time": 128.829, "Actual Max Total Time": 128.829, "Inner Unique": true, "Plans": [{"Node Type": "Nested Loop", "Parent Relationship": "Outer", "Join Type": "Inner", "Startup Cost": 3369.54, "Total Cost": 64885.13, "Plan Rows": 1, "Plan Width": 49, "Actual Min Startup Time": 81.496, "Actual Max Startup Time": 81.496, "Actual Min Total Time": 128.07, "Actual Max Total Time": 128.07, "Inner Unique": false, "Plans": [{"Node Type": "Nested Loop", "Parent Relationship": "Outer", "Join Type": "Inner", "Startup Cost": 3369.54, "Total Cost": 64884.27, "Plan Rows": 1, "Plan Width": 29, "Actual Min Startup Time": 81.476, "Actual Max Startup Time": 81.476, "Actual Min Total Time": 127.263, "Actual Max Total Time": 127.263, "Inner Unique": false, "Join Filter": "(t.id = ci.movie_id)", "Rows Removed by Join Filter": 0, "Plans": [{"Node Type": "Nested Loop", "Parent Relationship": "Outer", "Join Type": "Inner", "Startup Cost": 3369.54, "Total Cost": 64828.49, "Plan Rows": 2, "Plan Width": 29, "Actual Min Startup Time": 81.441, "Actual Max Startup Time": 81.441, "Actual Min Total Time": 126.75, "Actual Max Total Time": 126.75, "Inner Unique": false, "Plans": [{"Node Type": "Streaming(type: LOCAL GATHER dop: 1/64)", "Parent Relationship": "Outer", "Startup Cost": 3369.54, "Total Cost": 64334.52, "Plan Rows": 43, "Plan Width": 21, "Actual Min Startup Time": 81.336, "Actual Max Startup Time": 81.336, "Actual Min Total Time": 126.394, "Actual Max Total Time": 126.394, "Plans": [{"Node Type": "Seq Scan", "Parent Relationship": "Outer", "Relation Name": "title", "Alias": "t", "Startup Cost": 3369.54, "Total Cost": 64333.63, "Plan Rows": 43, "Plan Width": 21, "Actual Min Startup Time": 11.827, "Actual Max Startup Time": 38.588, "Actual Min Total Time": 14.967, "Actual Max Total Time": 38.588, "Filter": "((production_year >= 2006) AND (production_year <= 2007) AND (((title)::text ~~ 'One Piece%'::text) OR ((title)::text ~~ 'Dragon Ball Z%'::text)))", "Rows Removed by Filter": 2528304, "Actual Rows": 7}], "Actual Rows": 7}, {"Node Type": "Index Scan", "Parent Relationship": "Inner", "Scan Direction": "Forward", "Index Name": "movie_id_movie_companies", "Relation Name": "movie_companies", "Alias": "mc", "Startup Cost": 0.0, "Total Cost": 11.48, "Plan Rows": 1, "Plan Width": 8, "Actual Min Startup Time": 0.272, "Actual Max Startup Time": 0.272, "Actual Min Total Time": 0.284, "Actual Max Total Time": 0.284, "Index Cond": "(movie_id = t.id)", "Rows Removed by Index Recheck": 0, "Filter": "(((note)::text ~~ '%(Japan)%'::text) AND ((note)::text !~~ '%(USA)%'::text) AND (((note)::text ~~ '%(2006)%'::text) OR ((note)::text ~~ '%(2007)%'::text)))", "Rows Removed by Filter": 13, "Actual Rows": 4}], "Actual Rows": 4}, {"Node Type": "Index Scan", "Parent Relationship": "Inner", "Scan Direction": "Forward", "Index Name": "movie_id_cast_info", "Relation Name": "cast_info", "Alias": "ci", "Startup Cost": 0.0, "Total Cost": 27.88, "Plan Rows": 1, "Plan Width": 12, "Actual Min Startup Time": 0.149, "Actual Max Startup Time": 0.149, "Actual Min Total Time": 0.418, "Actual Max Total Time": 0.418, "Index Cond": "(movie_id = mc.movie_id)", "Rows Removed by Index Recheck": 0, "Filter": "((note)::text = '(voice: English version)'::text)", "Rows Removed by Filter": 68, "Actual Rows": 104}], "Actual Rows": 104}, {"Node Type": "Index Scan", "Parent Relationship": "Inner", "Scan Direction": "Forward", "Index Name": "person_id_aka_name", "Relation Name": "aka_name", "Alias": "an", "Startup Cost": 0.0, "Total Cost": 0.84, "Plan Rows": 1, "Plan Width": 20, "Actual Min Startup Time": 0.573, "Actual Max Startup Time": 0.573, "Actual Min Total Time": 0.686, "Actual Max Total Time": 0.686, "Index Cond": "(person_id = ci.person_id)", "Rows Removed by Index Recheck": 0, "Actual Rows": 171}], "Actual Rows": 171}, {"Node Type": "Index Scan", "Parent Relationship": "Inner", "Scan Direction": "Forward", "Index Name": "company_name_pkey", "Relation Name": "company_name", "Alias": "cn", "Startup Cost": 0.0, "Total Cost": 4.37, "Plan Rows": 1, "Plan Width": 4, "Actual Min Startup Time": 0.589, "Actual Max Startup Time": 0.589, "Actual Min Total Time": 0.589, "Actual Max Total Time": 0.589, "Index Cond": "(id = mc.company_id)", "Rows Removed by Index Recheck": 0, "Filter": "((country_code)::text = '[jp]'::text)", "Rows Removed by Filter": 0, "Actual Rows": 171}], "Actual Rows": 171}, {"Node Type": "Index Scan", "Parent Relationship": "Inner", "Scan Direction": "Forward", "Index Name": "name_pkey", "Relation Name": "name", "Alias": "n", "Startup Cost": 0.0, "Total Cost": 0.57, "Plan Rows": 1, "Plan Width": 4, "Actual Min Startup Time": 0.882, "Actual Max Startup Time": 0.882, "Actual Min Total Time": 0.882, "Actual Max Total Time": 0.882, "Index Cond": "(id = an.person_id)", "Rows Removed by Index Recheck": 0, "Filter": "(((name)::text ~~ '%Yo%'::text) AND ((name)::text !~~ '%Yu%'::text))", "Rows Removed by Filter": 165, "Actual Rows": 6}], "Actual Rows": 6}, {"Node Type": "Index Scan", "Parent Relationship": "Inner", "Scan Direction": "Forward", "Index Name": "role_type_pkey", "Relation Name": "role_type", "Alias": "rt", "Startup Cost": 0.0, "Total Cost": 0.27, "Plan Rows": 1, "Plan Width": 4, "Actual Min Startup Time": 0.03, "Actual Max Startup Time": 0.03, "Actual Min Total Time": 0.03, "Actual Max Total Time": 0.03, "Index Cond": "(id = ci.role_id)", "Rows Removed by Index Recheck": 0, "Filter": "((role)::text = 'actress'::text)", "Rows Removed by Filter": 0, "Actual Rows": 6}], "Actual Rows": 6}], "Actual Rows": 1}, "Triggers": [], "Planner Runtime": 31.722, "Total Runtime": 142.327, "Unique SQL Id": 3956435728}}, "(64, '101')": {"explain_plan": {"Plan": {"Node Type": "Aggregate", "Strategy": "Plain", "Startup Cost": 82294.12, "Total Cost": 82294.13, "Plan Rows": 1, "Plan Width": 97, "Plans": [{"Node Type": "Nested Loop", "Parent Relationship": "Outer", "Join Type": "Inner", "Startup Cost": 2780.8, "Total Cost": 82294.12, "Plan Rows": 1, "Plan Width": 33, "Inner Unique": true, "Plans": [{"Node Type": "Nested Loop", "Parent Relationship": "Outer", "Join Type": "Inner", "Startup Cost": 2780.8, "Total Cost": 82293.84, "Plan Rows": 1, "Plan Width": 37, "Inner Unique": true, "Plans": [{"Node Type": "Nested Loop", "Parent Relationship": "Outer", "Join Type": "Inner", "Startup Cost": 2780.8, "Total Cost": 82293.26, "Plan Rows": 1, "Plan Width": 45, "Inner Unique": false, "Plans": [{"Node Type": "Nested Loop", "Parent Relationship": "Outer", "Join Type": "Inner", "Startup Cost": 2780.8, "Total Cost": 82292.4, "Plan Rows": 1, "Plan Width": 25, "Inner Unique": false, "Join Filter": "(t.id = ci.movie_id)", "Plans": [{"Node Type": "Nested Loop", "Parent Relationship": "Outer", "Join Type": "Inner", "Startup Cost": 2780.8, "Total Cost": 82236.62, "Plan Rows": 2, "Plan Width": 25, "Inner Unique": true, "Plans": [{"Node Type": "Nested Loop", "Parent Relationship": "Outer", "Join Type": "Inner", "Startup Cost": 2780.8, "Total Cost": 80174.39, "Plan Rows": 262, "Plan Width": 4, "Inner Unique": false, "Plans": [{"Node Type": "Bitmap Heap Scan", "Parent Relationship": "Outer", "Relation Name": "company_name", "Alias": "cn", "Startup Cost": 2780.8, "Total Cost": 8684.25, "Plan Rows": 6290, "Plan Width": 4, "Filter": "((country_code)::text = '[jp]'::text)", "Plans": [{"Node Type": "Bitmap Index Scan", "Parent Relationship": "Outer", "Index Name": "company_name_pkey", "Startup Cost": 0.0, "Total Cost": 2779.23, "Plan Rows": 234996, "Plan Width": 0}]}, {"Node Type": "Index Scan", "Parent Relationship": "Inner", "Scan Direction": "Forward", "Index Name": "company_id_movie_companies", "Relation Name": "movie_companies", "Alias": "mc", "Startup Cost": 0.0, "Total Cost": 11.36, "Plan Rows": 1, "Plan Width": 8, "Index Cond": "(company_id = cn.id)", "Filter": "(((note)::text ~~ '%(Japan)%'::text) AND ((note)::text !~~ '%(USA)%'::text) AND (((note)::text ~~ '%(2006)%'::text) OR ((note)::text ~~ '%(2007)%'::text)))"}]}, {"Node Type": "Index Scan", "Parent Relationship": "Inner", "Scan Direction": "Forward", "Index Name": "title_pkey", "Relation Name": "title", "Alias": "t", "Startup Cost": 0.0, "Total Cost": 7.86, "Plan Rows": 1, "Plan Width": 21, "Index Cond": "(id = mc.movie_id)", "Filter": "((production_year >= 2006) AND (production_year <= 2007) AND (((title)::text ~~ 'One Piece%'::text) OR ((title)::text ~~ 'Dragon Ball Z%'::text)))"}]}, {"Node Type": "Index Scan", "Parent Relationship": "Inner", "Scan Direction": "Forward", "Index Name": "movie_id_cast_info", "Relation Name": "cast_info", "Alias": "ci", "Startup Cost": 0.0, "Total Cost": 27.88, "Plan Rows": 1, "Plan Width": 12, "Index Cond": "(movie_id = mc.movie_id)", "Filter": "((note)::text = '(voice: English version)'::text)"}]}, {"Node Type": "Index Scan", "Parent Relationship": "Inner", "Scan Direction": "Forward", "Index Name": "person_id_aka_name", "Relation Name": "aka_name", "Alias": "an", "Startup Cost": 0.0, "Total Cost": 0.84, "Plan Rows": 1, "Plan Width": 20, "Index Cond": "(person_id = ci.person_id)"}]}, {"Node Type": "Index Scan", "Parent Relationship": "Inner", "Scan Direction": "Forward", "Index Name": "name_pkey", "Relation Name": "name", "Alias": "n", "Startup Cost": 0.0, "Total Cost": 0.57, "Plan Rows": 1, "Plan Width": 4, "Index Cond": "(id = an.person_id)", "Filter": "(((name)::text ~~ '%Yo%'::text) AND ((name)::text !~~ '%Yu%'::text))"}]}, {"Node Type": "Index Scan", "Parent Relationship": "Inner", "Scan Direction": "Forward", "Index Name": "role_type_pkey", "Relation Name": "role_type", "Alias": "rt", "Startup Cost": 0.0, "Total Cost": 0.27, "Plan Rows": 1, "Plan Width": 4, "Index Cond": "(id = ci.role_id)", "Filter": "((role)::text = 'actress'::text)"}]}]}, "Unique SQL Id": 3956435728, "Planner Runtime": 15}, "explain_analyze_plan": null}, "(64, '102')": {"explain_plan": {"Plan": {"Node Type": "Aggregate", "Strategy": "Plain", "Startup Cost": 64933.14, "Total Cost": 64933.15, "Plan Rows": 1, "Plan Width": 97, "Plans": [{"Node Type": "Hash Join", "Parent Relationship": "Outer", "Join Type": "Inner", "Startup Cost": 3381.18, "Total Cost": 64933.14, "Plan Rows": 1, "Plan Width": 33, "Inner Unique": true, "Hash Cond": "(ci.role_id = rt.id)", "Plans": [{"Node Type": "Nested Loop", "Parent Relationship": "Outer", "Join Type": "Inner", "Startup Cost": 3380.01, "Total Cost": 64931.96, "Plan Rows": 1, "Plan Width": 37, "Inner Unique": true, "Plans": [{"Node Type": "Nested Loop", "Parent Relationship": "Outer", "Join Type": "Inner", "Startup Cost": 3379.69, "Total Cost": 64927.61, "Plan Rows": 1, "Plan Width": 45, "Inner Unique": true, "Plans": [{"Node Type": "Nested Loop", "Parent Relationship": "Outer", "Join Type": "Inner", "Startup Cost": 3378.46, "Total Cost": 64922.35, "Plan Rows": 1, "Plan Width": 49, "Inner Unique": false, "Plans": [{"Node Type": "Nested Loop", "Parent Relationship": "Outer", "Join Type": "Inner", "Startup Cost": 3378.08, "Total Cost": 64917.95, "Plan Rows": 1, "Plan Width": 29, "Inner Unique": false, "Join Filter": "(t.id = ci.movie_id)", "Plans": [{"Node Type": "Nested Loop", "Parent Relationship": "Outer", "Join Type": "Inner", "Startup Cost": 3373.8, "Total Cost": 64861.38, "Plan Rows": 2, "Plan Width": 29, "Inner Unique": false, "Plans": [{"Node Type": "Streaming(type: LOCAL GATHER dop: 1/64)", "Parent Relationship": "Outer", "Startup Cost": 3369.54, "Total Cost": 64334.52, "Plan Rows": 43, "Plan Width": 21, "Plans": [{"Node Type": "Seq Scan", "Parent Relationship": "Outer", "Relation Name": "title", "Alias": "t", "Startup Cost": 3369.54, "Total Cost": 64333.63, "Plan Rows": 43, "Plan Width": 21, "Filter": "((production_year >= 2006) AND (production_year <= 2007) AND (((title)::text ~~ 'One Piece%'::text) OR ((title)::text ~~ 'Dragon Ball Z%'::text)))"}]}, {"Node Type": "Bitmap Heap Scan", "Parent Relationship": "Inner", "Relation Name": "movie_companies", "Alias": "mc", "Startup Cost": 4.27, "Total Cost": 12.24, "Plan Rows": 1, "Plan Width": 8, "Recheck Cond": "(movie_id = t.id)", "Filter": "(((note)::text ~~ '%(Japan)%'::text) AND ((note)::text !~~ '%(USA)%'::text) AND (((note)::text ~~ '%(2006)%'::text) OR ((note)::text ~~ '%(2007)%'::text)))", "Plans": [{"Node Type": "Bitmap Index Scan", "Parent Relationship": "Outer", "Index Name": "movie_id_movie_companies", "Startup Cost": 0.0, "Total Cost": 4.26, "Plan Rows": 2, "Plan Width": 0, "Index Cond": "(movie_id = t.id)"}]}]}, {"Node Type": "Bitmap Heap Scan", "Parent Relationship": "Inner", "Relation Name": "cast_info", "Alias": "ci", "Startup Cost": 4.27, "Total Cost": 28.27, "Plan Rows": 1, "Plan Width": 12, "Recheck Cond": "(movie_id = mc.movie_id)", "Filter": "((note)::text = '(voice: English version)'::text)", "Plans": [{"Node Type": "Bitmap Index Scan", "Parent Relationship": "Outer", "Index Name": "movie_id_cast_info", "Startup Cost": 0.0, "Total Cost": 4.27, "Plan Rows": 6, "Plan Width": 0, "Index Cond": "(movie_id = mc.movie_id)"}]}]}, {"Node Type": "Bitmap Heap Scan", "Parent Relationship": "Inner", "Relation Name": "aka_name", "Alias": "an", "Startup Cost": 0.38, "Total Cost": 4.39, "Plan Rows": 1, "Plan Width": 20, "Recheck Cond": "(person_id = ci.person_id)", "Plans": [{"Node Type": "Bitmap Index Scan", "Parent Relationship": "Outer", "Index Name": "person_id_aka_name", "Startup Cost": 0.0, "Total Cost": 0.38, "Plan Rows": 1, "Plan Width": 0, "Index Cond": "(person_id = ci.person_id)"}]}]}, {"Node Type": "Bitmap Heap Scan", "Parent Relationship": "Inner", "Relation Name": "company_name", "Alias": "cn", "Startup Cost": 1.23, "Total Cost": 5.24, "Plan Rows": 1, "Plan Width": 4, "Recheck Cond": "(id = mc.company_id)", "Filter": "((country_code)::text = '[jp]'::text)", "Plans": [{"Node Type": "Bitmap Index Scan", "Parent Relationship": "Outer", "Index Name": "company_name_pkey", "Startup Cost": 0.0, "Total Cost": 1.23, "Plan Rows": 1, "Plan Width": 0, "Index Cond": "(id = mc.company_id)"}]}]}, {"Node Type": "Bitmap Heap Scan", "Parent Relationship": "Inner", "Relation Name": "name", "Alias": "n", "Startup Cost": 0.33, "Total Cost": 4.34, "Plan Rows": 1, "Plan Width": 4, "Recheck Cond": "(id = an.person_id)", "Filter": "(((name)::text ~~ '%Yo%'::text) AND ((name)::text !~~ '%Yu%'::text))", "Plans": [{"Node Type": "Bitmap Index Scan", "Parent Relationship": "Outer", "Index Name": "name_pkey", "Startup Cost": 0.0, "Total Cost": 0.33, "Plan Rows": 1, "Plan Width": 0, "Index Cond": "(id = an.person_id)"}]}]}, {"Node Type": "Hash", "Parent Relationship": "Inner", "Startup Cost": 1.15, "Total Cost": 1.15, "Plan Rows": 1, "Plan Width": 4, "Plans": [{"Node Type": "Seq Scan", "Parent Relationship": "Outer", "Relation Name": "role_type", "Alias": "rt", "Startup Cost": 0.0, "Total Cost": 1.15, "Plan Rows": 1, "Plan Width": 4, "Filter": "((role)::text = 'actress'::text)"}]}]}]}, "Unique SQL Id": 3956435728, "Planner Runtime": 27}, "explain_analyze_plan": {"Plan": {"Node Type": "Aggregate", "Strategy": "Plain", "Startup Cost": 64933.14, "Total Cost": 64933.15, "Plan Rows": 1, "Plan Width": 97, "Actual Min Startup Time": 129.576, "Actual Max Startup Time": 129.576, "Actual Min Total Time": 129.576, "Actual Max Total Time": 129.576, "Plans": [{"Node Type": "Hash Join", "Parent Relationship": "Outer", "Join Type": "Inner", "Startup Cost": 3381.18, "Total Cost": 64933.14, "Plan Rows": 1, "Plan Width": 33, "Actual Min Startup Time": 87.415, "Actual Max Startup Time": 87.415, "Actual Min Total Time": 129.501, "Actual Max Total Time": 129.501, "Inner Unique": true, "Hash Cond": "(ci.role_id = rt.id)", "Plans": [{"Node Type": "Nested Loop", "Parent Relationship": "Outer", "Join Type": "Inner", "Startup Cost": 3380.01, "Total Cost": 64931.96, "Plan Rows": 1, "Plan Width": 37, "Actual Min Startup Time": 87.262, "Actual Max Startup Time": 87.262, "Actual Min Total Time": 129.33, "Actual Max Total Time": 129.33, "Inner Unique": true, "Plans": [{"Node Type": "Nested Loop", "Parent Relationship": "Outer", "Join Type": "Inner", "Startup Cost": 3379.69, "Total Cost": 64927.61, "Plan Rows": 1, "Plan Width": 45, "Actual Min Startup Time": 85.524, "Actual Max Startup Time": 85.524, "Actual Min Total Time": 128.065, "Actual Max Total Time": 128.065, "Inner Unique": true, "Plans": [{"Node Type": "Nested Loop", "Parent Relationship": "Outer", "Join Type": "Inner", "Startup Cost": 3378.46, "Total Cost": 64922.35, "Plan Rows": 1, "Plan Width": 49, "Actual Min Startup Time": 85.496, "Actual Max Startup Time": 85.496, "Actual Min Total Time": 127.007, "Actual Max Total Time": 127.007, "Inner Unique": false, "Plans": [{"Node Type": "Nested Loop", "Parent Relationship": "Outer", "Join Type": "Inner", "Startup Cost": 3378.08, "Total Cost": 64917.95, "Plan Rows": 1, "Plan Width": 29, "Actual Min Startup Time": 85.465, "Actual Max Startup Time": 85.465, "Actual Min Total Time": 125.862, "Actual Max Total Time": 125.862, "Inner Unique": false, "Join Filter": "(t.id = ci.movie_id)", "Rows Removed by Join Filter": 0, "Plans": [{"Node Type": "Nested Loop", "Parent Relationship": "Outer", "Join Type": "Inner", "Startup Cost": 3373.8, "Total Cost": 64861.38, "Plan Rows": 2, "Plan Width": 29, "Actual Min Startup Time": 85.383, "Actual Max Startup Time": 85.383, "Actual Min Total Time": 125.278, "Actual Max Total Time": 125.278, "Inner Unique": false, "Plans": [{"Node Type": "Streaming(type: LOCAL GATHER dop: 1/64)", "Parent Relationship": "Outer", "Startup Cost": 3369.54, "Total Cost": 64334.52, "Plan Rows": 43, "Plan Width": 21, "Actual Min Startup Time": 85.256, "Actual Max Startup Time": 85.256, "Actual Min Total Time": 124.89, "Actual Max Total Time": 124.89, "Plans": [{"Node Type": "Seq Scan", "Parent Relationship": "Outer", "Relation Name": "title", "Alias": "t", "Startup Cost": 3369.54, "Total Cost": 64333.63, "Plan Rows": 43, "Plan Width": 21, "Actual Min Startup Time": 11.642, "Actual Max Startup Time": 19.47, "Actual Min Total Time": 14.915, "Actual Max Total Time": 19.47, "Filter": "((production_year >= 2006) AND (production_year <= 2007) AND (((title)::text ~~ 'One Piece%'::text) OR ((title)::text ~~ 'Dragon Ball Z%'::text)))", "Rows Removed by Filter": 2528304, "Actual Rows": 7}], "Actual Rows": 7}, {"Node Type": "Bitmap Heap Scan", "Parent Relationship": "Inner", "Relation Name": "movie_companies", "Alias": "mc", "Startup Cost": 4.27, "Total Cost": 12.24, "Plan Rows": 1, "Plan Width": 8, "Actual Min Startup Time": 0.291, "Actual Max Startup Time": 0.291, "Actual Min Total Time": 0.303, "Actual Max Total Time": 0.303, "Recheck Cond": "(movie_id = t.id)", "Rows Removed by Index Recheck": 0, "Filter": "(((note)::text ~~ '%(Japan)%'::text) AND ((note)::text !~~ '%(USA)%'::text) AND (((note)::text ~~ '%(2006)%'::text) OR ((note)::text ~~ '%(2007)%'::text)))", "Rows Removed by Filter": 13, "Exact Heap Blocks": 13, "Lossy Heap Blocks": 13, "Plans": [{"Node Type": "Bitmap Index Scan", "Parent Relationship": "Outer", "Index Name": "movie_id_movie_companies", "Startup Cost": 0.0, "Total Cost": 4.26, "Plan Rows": 2, "Plan Width": 0, "Actual Min Startup Time": 0.146, "Actual Max Startup Time": 0.146, "Actual Min Total Time": 0.146, "Actual Max Total Time": 0.146, "Index Cond": "(movie_id = t.id)", "Actual Rows": 17}], "Actual Rows": 4}], "Actual Rows": 4}, {"Node Type": "Bitmap Heap Scan", "Parent Relationship": "Inner", "Relation Name": "cast_info", "Alias": "ci", "Startup Cost": 4.27, "Total Cost": 28.27, "Plan Rows": 1, "Plan Width": 12, "Actual Min Startup Time": 0.205, "Actual Max Startup Time": 0.205, "Actual Min Total Time": 0.511, "Actual Max Total Time": 0.511, "Recheck Cond": "(movie_id = mc.movie_id)", "Rows Removed by Index Recheck": 0, "Filter": "((note)::text = '(voice: English version)'::text)", "Rows Removed by Filter": 68, "Exact Heap Blocks": 133, "Lossy Heap Blocks": 133, "Plans": [{"Node Type": "Bitmap Index Scan", "Parent Relationship": "Outer", "Index Name": "movie_id_cast_info", "Startup Cost": 0.0, "Total Cost": 4.27, "Plan Rows": 6, "Plan Width": 0, "Actual Min Startup Time": 0.077, "Actual Max Startup Time": 0.077, "Actual Min Total Time": 0.077, "Actual Max Total Time": 0.077, "Index Cond": "(movie_id = mc.movie_id)", "Actual Rows": 172}], "Actual Rows": 104}], "Actual Rows": 104}, {"Node Type": "Bitmap Heap Scan", "Parent Relationship": "Inner", "Relation Name": "aka_name", "Alias": "an", "Startup Cost": 0.38, "Total Cost": 4.39, "Plan Rows": 1, "Plan Width": 20, "Actual Min Startup Time": 0.85, "Actual Max Startup Time": 0.85, "Actual Min Total Time": 0.933, "Actual Max Total Time": 0.933, "Recheck Cond": "(person_id = ci.person_id)", "Rows Removed by Index Recheck": 0, "Exact Heap Blocks": 105, "Lossy Heap Blocks": 105, "Plans": [{"Node Type": "Bitmap Index Scan", "Parent Relationship": "Outer", "Index Name": "person_id_aka_name", "Startup Cost": 0.0, "Total Cost": 0.38, "Plan Rows": 1, "Plan Width": 0, "Actual Min Startup Time": 0.583, "Actual Max Startup Time": 0.583, "Actual Min Total Time": 0.583, "Actual Max Total Time": 0.583, "Index Cond": "(person_id = ci.person_id)", "Actual Rows": 171}], "Actual Rows": 171}], "Actual Rows": 171}, {"Node Type": "Bitmap Heap Scan", "Parent Relationship": "Inner", "Relation Name": "company_name", "Alias": "cn", "Startup Cost": 1.23, "Total Cost": 5.24, "Plan Rows": 1, "Plan Width": 4, "Actual Min Startup Time": 0.802, "Actual Max Startup Time": 0.802, "Actual Min Total Time": 0.802, "Actual Max Total Time": 0.802, "Recheck Cond": "(id = mc.company_id)", "Rows Removed by Index Recheck": 0, "Filter": "((country_code)::text = '[jp]'::text)", "Rows Removed by Filter": 0, "Exact Heap Blocks": 171, "Lossy Heap Blocks": 171, "Plans": [{"Node Type": "Bitmap Index Scan", "Parent Relationship": "Outer", "Index Name": "company_name_pkey", "Startup Cost": 0.0, "Total Cost": 1.23, "Plan Rows": 1, "Plan Width": 0, "Actual Min Startup Time": 0.464, "Actual Max Startup Time": 0.464, "Actual Min Total Time": 0.464, "Actual Max Total Time": 0.464, "Index Cond": "(id = mc.company_id)", "Actual Rows": 171}], "Actual Rows": 171}], "Actual Rows": 171}, {"Node Type": "Bitmap Heap Scan", "Parent Relationship": "Inner", "Relation Name": "name", "Alias": "n", "Startup Cost": 0.33, "Total Cost": 4.34, "Plan Rows": 1, "Plan Width": 4, "Actual Min Startup Time": 1.043, "Actual Max Startup Time": 1.043, "Actual Min Total Time": 1.043, "Actual Max Total Time": 1.043, "Recheck Cond": "(id = an.person_id)", "Rows Removed by Index Recheck": 0, "Filter": "(((name)::text ~~ '%Yo%'::text) AND ((name)::text !~~ '%Yu%'::text))", "Rows Removed by Filter": 165, "Exact Heap Blocks": 171, "Lossy Heap Blocks": 171, "Plans": [{"Node Type": "Bitmap Index Scan", "Parent Relationship": "Outer", "Index Name": "name_pkey", "Startup Cost": 0.0, "Total Cost": 0.33, "Plan Rows": 1, "Plan Width": 0, "Actual Min Startup Time": 0.645, "Actual Max Startup Time": 0.645, "Actual Min Total Time": 0.645, "Actual Max Total Time": 0.645, "Index Cond": "(id = an.person_id)", "Actual Rows": 171}], "Actual Rows": 6}], "Actual Rows": 6}, {"Node Type": "Hash", "Parent Relationship": "Inner", "Startup Cost": 1.15, "Total Cost": 1.15, "Plan Rows": 1, "Plan Width": 4, "Actual Min Startup Time": 0.076, "Actual Max Startup Time": 0.076, "Actual Min Total Time": 0.076, "Actual Max Total Time": 0.076, "Max Hash Buckets": 32768, "Min Hash Buckets": 32768, "Max Hash Batches": 1, "Min Hash Batches": 1, "Max Original Hash Batches": 1, "Min Original Hash Batches": 1, "Max Peak Memory Usage": 1, "min Peak Memory Usage": 1, "Plans": [{"Node Type": "Seq Scan", "Parent Relationship": "Outer", "Relation Name": "role_type", "Alias": "rt", "Startup Cost": 0.0, "Total Cost": 1.15, "Plan Rows": 1, "Plan Width": 4, "Actual Min Startup Time": 0.053, "Actual Max Startup Time": 0.053, "Actual Min Total Time": 0.058, "Actual Max Total Time": 0.058, "Filter": "((role)::text = 'actress'::text)", "Rows Removed by Filter": 11, "Actual Rows": 1}], "Actual Rows": 1}], "Actual Rows": 6}], "Actual Rows": 1}, "Triggers": [], "Planner Runtime": 42.051, "Total Runtime": 141.601, "Unique SQL Id": 3956435728}}, "(64, '103')": {"explain_plan": {"Plan": {"Node Type": "Aggregate", "Strategy": "Plain", "Startup Cost": 108949.86, "Total Cost": 108949.87, "Plan Rows": 1, "Plan Width": 97, "Plans": [{"Node Type": "Nested Loop", "Parent Relationship": "Outer", "Join Type": "Inner", "Startup Cost": 2793.35, "Total Cost": 108949.85, "Plan Rows": 1, "Plan Width": 33, "Inner Unique": true, "Plans": [{"Node Type": "Nested Loop", "Parent Relationship": "Outer", "Join Type": "Inner", "Startup Cost": 2793.09, "Total Cost": 108945.57, "Plan Rows": 1, "Plan Width": 37, "Inner Unique": true, "Plans": [{"Node Type": "Nested Loop", "Parent Relationship": "Outer", "Join Type": "Inner", "Startup Cost": 2792.76, "Total Cost": 108941.22, "Plan Rows": 1, "Plan Width": 45, "Inner Unique": false, "Plans": [{"Node Type": "Nested Loop", "Parent Relationship": "Outer", "Join Type": "Inner", "Startup Cost": 2792.38, "Total Cost": 108936.81, "Plan Rows": 1, "Plan Width": 25, "Inner Unique": false, "Join Filter": "(t.id = ci.movie_id)", "Plans": [{"Node Type": "Nested Loop", "Parent Relationship": "Outer", "Join Type": "Inner", "Startup Cost": 2788.11, "Total Cost": 108880.24, "Plan Rows": 2, "Plan Width": 25, "Inner Unique": true, "Plans": [{"Node Type": "Nested Loop", "Parent Relationship": "Outer", "Join Type": "Inner", "Startup Cost": 2784.18, "Total Cost": 106793.84, "Plan Rows": 262, "Plan Width": 4, "Inner Unique": false, "Plans": [{"Node Type": "Bitmap Heap Scan", "Parent Relationship": "Outer", "Relation Name": "company_name", "Alias": "cn", "Startup Cost": 2780.8, "Total Cost": 8684.25, "Plan Rows": 6290, "Plan Width": 4, "Filter": "((country_code)::text = '[jp]'::text)", "Plans": [{"Node Type": "Bitmap Index Scan", "Parent Relationship": "Outer", "Index Name": "company_name_pkey", "Startup Cost": 0.0, "Total Cost": 2779.23, "Plan Rows": 234996, "Plan Width": 0}]}, {"Node Type": "Bitmap Heap Scan", "Parent Relationship": "Inner", "Relation Name": "movie_companies", "Alias": "mc", "Startup Cost": 3.37, "Total Cost": 15.59, "Plan Rows": 1, "Plan Width": 8, "Recheck Cond": "(company_id = cn.id)", "Filter": "(((note)::text ~~ '%(Japan)%'::text) AND ((note)::text !~~ '%(USA)%'::text) AND (((note)::text ~~ '%(2006)%'::text) OR ((note)::text ~~ '%(2007)%'::text)))", "Plans": [{"Node Type": "Bitmap Index Scan", "Parent Relationship": "Outer", "Index Name": "company_id_movie_companies", "Startup Cost": 0.0, "Total Cost": 3.37, "Plan Rows": 15, "Plan Width": 0, "Index Cond": "(company_id = cn.id)"}]}]}, {"Node Type": "Bitmap Heap Scan", "Parent Relationship": "Inner", "Relation Name": "title", "Alias": "t", "Startup Cost": 3.93, "Total Cost": 7.95, "Plan Rows": 1, "Plan Width": 21, "Recheck Cond": "(id = mc.movie_id)", "Filter": "((production_year >= 2006) AND (production_year <= 2007) AND (((title)::text ~~ 'One Piece%'::text) OR ((title)::text ~~ 'Dragon Ball Z%'::text)))", "Plans": [{"Node Type": "Bitmap Index Scan", "Parent Relationship": "Outer", "Index Name": "title_pkey", "Startup Cost": 0.0, "Total Cost": 3.93, "Plan Rows": 1, "Plan Width": 0, "Index Cond": "(id = mc.movie_id)"}]}]}, {"Node Type": "Bitmap Heap Scan", "Parent Relationship": "Inner", "Relation Name": "cast_info", "Alias": "ci", "Startup Cost": 4.27, "Total Cost": 28.27, "Plan Rows": 1, "Plan Width": 12, "Recheck Cond": "(movie_id = mc.movie_id)", "Filter": "((note)::text = '(voice: English version)'::text)", "Plans": [{"Node Type": "Bitmap Index Scan", "Parent Relationship": "Outer", "Index Name": "movie_id_cast_info", "Startup Cost": 0.0, "Total Cost": 4.27, "Plan Rows": 6, "Plan Width": 0, "Index Cond": "(movie_id = mc.movie_id)"}]}]}, {"Node Type": "Bitmap Heap Scan", "Parent Relationship": "Inner", "Relation Name": "aka_name", "Alias": "an", "Startup Cost": 0.38, "Total Cost": 4.39, "Plan Rows": 1, "Plan Width": 20, "Recheck Cond": "(person_id = ci.person_id)", "Plans": [{"Node Type": "Bitmap Index Scan", "Parent Relationship": "Outer", "Index Name": "person_id_aka_name", "Startup Cost": 0.0, "Total Cost": 0.38, "Plan Rows": 1, "Plan Width": 0, "Index Cond": "(person_id = ci.person_id)"}]}]}, {"Node Type": "Bitmap Heap Scan", "Parent Relationship": "Inner", "Relation Name": "name", "Alias": "n", "Startup Cost": 0.33, "Total Cost": 4.34, "Plan Rows": 1, "Plan Width": 4, "Recheck Cond": "(id = an.person_id)", "Filter": "(((name)::text ~~ '%Yo%'::text) AND ((name)::text !~~ '%Yu%'::text))", "Plans": [{"Node Type": "Bitmap Index Scan", "Parent Relationship": "Outer", "Index Name": "name_pkey", "Startup Cost": 0.0, "Total Cost": 0.33, "Plan Rows": 1, "Plan Width": 0, "Index Cond": "(id = an.person_id)"}]}]}, {"Node Type": "Bitmap Heap Scan", "Parent Relationship": "Inner", "Relation Name": "role_type", "Alias": "rt", "Startup Cost": 0.26, "Total Cost": 4.27, "Plan Rows": 1, "Plan Width": 4, "Recheck Cond": "(id = ci.role_id)", "Filter": "((role)::text = 'actress'::text)", "Plans": [{"Node Type": "Bitmap Index Scan", "Parent Relationship": "Outer", "Index Name": "role_type_pkey", "Startup Cost": 0.0, "Total Cost": 0.26, "Plan Rows": 1, "Plan Width": 0, "Index Cond": "(id = ci.role_id)"}]}]}]}, "Unique SQL Id": 3956435728, "Planner Runtime": 12}, "explain_analyze_plan": {"Plan": {"Node Type": "Aggregate", "Strategy": "Plain", "Startup Cost": 108949.86, "Total Cost": 108949.87, "Plan Rows": 1, "Plan Width": 97, "Actual Startup Time": 454.404, "Actual Total Time": 454.405, "Actual Rows": 1, "Actual Loops": 1, "Plans": [{"Node Type": "Nested Loop", "Parent Relationship": "Outer", "Join Type": "Inner", "Startup Cost": 2793.35, "Total Cost": 108949.85, "Plan Rows": 1, "Plan Width": 33, "Actual Startup Time": 126.355, "Actual Total Time": 454.354, "Actual Rows": 6, "Actual Loops": 1, "Inner Unique": true, "Plans": [{"Node Type": "Nested Loop", "Parent Relationship": "Outer", "Join Type": "Inner", "Startup Cost": 2793.09, "Total Cost": 108945.57, "Plan Rows": 1, "Plan Width": 37, "Actual Startup Time": 126.34, "Actual Total Time": 454.31, "Actual Rows": 6, "Actual Loops": 1, "Inner Unique": true, "Plans": [{"Node Type": "Nested Loop", "Parent Relationship": "Outer", "Join Type": "Inner", "Startup Cost": 2792.76, "Total Cost": 108941.22, "Plan Rows": 1, "Plan Width": 45, "Actual Startup Time": 125.755, "Actual Total Time": 453.226, "Actual Rows": 171, "Actual Loops": 1, "Inner Unique": false, "Plans": [{"Node Type": "Nested Loop", "Parent Relationship": "Outer", "Join Type": "Inner", "Startup Cost": 2792.38, "Total Cost": 108936.81, "Plan Rows": 1, "Plan Width": 25, "Actual Startup Time": 125.731, "Actual Total Time": 452.322, "Actual Rows": 104, "Actual Loops": 1, "Inner Unique": false, "Join Filter": "(t.id = ci.movie_id)", "Rows Removed by Join Filter": 0, "Plans": [{"Node Type": "Nested Loop", "Parent Relationship": "Outer", "Join Type": "Inner", "Startup Cost": 2788.11, "Total Cost": 108880.24, "Plan Rows": 2, "Plan Width": 25, "Actual Startup Time": 125.673, "Actual Total Time": 451.843, "Actual Rows": 4, "Actual Loops": 1, "Inner Unique": true, "Plans": [{"Node Type": "Nested Loop", "Parent Relationship": "Outer", "Join Type": "Inner", "Startup Cost": 2784.18, "Total Cost": 106793.84, "Plan Rows": 262, "Plan Width": 4, "Actual Startup Time": 21.615, "Actual Total Time": 389.321, "Actual Rows": 8495, "Actual Loops": 1, "Inner Unique": false, "Plans": [{"Node Type": "Bitmap Heap Scan", "Parent Relationship": "Outer", "Relation Name": "company_name", "Alias": "cn", "Startup Cost": 2780.8, "Total Cost": 8684.25, "Plan Rows": 6290, "Plan Width": 4, "Actual Startup Time": 21.545, "Actual Total Time": 139.197, "Actual Rows": 6752, "Actual Loops": 1, "Filter": "((country_code)::text = '[jp]'::text)", "Rows Removed by Filter": 228244, "Exact Heap Blocks": 2966, "Lossy Heap Blocks": 2966, "Plans": [{"Node Type": "Bitmap Index Scan", "Parent Relationship": "Outer", "Index Name": "company_name_pkey", "Startup Cost": 0.0, "Total Cost": 2779.23, "Plan Rows": 234996, "Plan Width": 0, "Actual Startup Time": 21.066, "Actual Total Time": 21.066, "Actual Rows": 234996, "Actual Loops": 1}]}, {"Node Type": "Bitmap Heap Scan", "Parent Relationship": "Inner", "Relation Name": "movie_companies", "Alias": "mc", "Startup Cost": 3.37, "Total Cost": 15.59, "Plan Rows": 1, "Plan Width": 8, "Actual Startup Time": 134.789, "Actual Total Time": 238.582, "Actual Rows": 8495, "Actual Loops": 6752, "Recheck Cond": "(company_id = cn.id)", "Rows Removed by Index Recheck": 0, "Filter": "(((note)::text ~~ '%(Japan)%'::text) AND ((note)::text !~~ '%(USA)%'::text) AND (((note)::text ~~ '%(2006)%'::text) OR ((note)::text ~~ '%(2007)%'::text)))", "Rows Removed by Filter": 96500, "Exact Heap Blocks": 61861, "Lossy Heap Blocks": 61861, "Plans": [{"Node Type": "Bitmap Index Scan", "Parent Relationship": "Outer", "Index Name": "company_id_movie_companies", "Startup Cost": 0.0, "Total Cost": 3.37, "Plan Rows": 15, "Plan Width": 0, "Actual Startup Time": 52.102, "Actual Total Time": 52.102, "Actual Rows": 104995, "Actual Loops": 6752, "Index Cond": "(company_id = cn.id)"}]}]}, {"Node Type": "Bitmap Heap Scan", "Parent Relationship": "Inner", "Relation Name": "title", "Alias": "t", "Startup Cost": 3.93, "Total Cost": 7.95, "Plan Rows": 1, "Plan Width": 21, "Actual Startup Time": 52.556, "Actual Total Time": 52.556, "Actual Rows": 4, "Actual Loops": 8495, "Recheck Cond": "(id = mc.movie_id)", "Rows Removed by Index Recheck": 0, "Filter": "((production_year >= 2006) AND (production_year <= 2007) AND (((title)::text ~~ 'One Piece%'::text) OR ((title)::text ~~ 'Dragon Ball Z%'::text)))", "Rows Removed by Filter": 8491, "Exact Heap Blocks": 8495, "Lossy Heap Blocks": 8495, "Plans": [{"Node Type": "Bitmap Index Scan", "Parent Relationship": "Outer", "Index Name": "title_pkey", "Startup Cost": 0.0, "Total Cost": 3.93, "Plan Rows": 1, "Plan Width": 0, "Actual Startup Time": 25.939, "Actual Total Time": 25.939, "Actual Rows": 8495, "Actual Loops": 8495, "Index Cond": "(id = mc.movie_id)"}]}]}, {"Node Type": "Bitmap Heap Scan", "Parent Relationship": "Inner", "Relation Name": "cast_info", "Alias": "ci", "Startup Cost": 4.27, "Total Cost": 28.27, "Plan Rows": 1, "Plan Width": 12, "Actual Startup Time": 0.182, "Actual Total Time": 0.41, "Actual Rows": 104, "Actual Loops": 4, "Recheck Cond": "(movie_id = mc.movie_id)", "Rows Removed by Index Recheck": 0, "Filter": "((note)::text = '(voice: English version)'::text)", "Rows Removed by Filter": 68, "Exact Heap Blocks": 133, "Lossy Heap Blocks": 133, "Plans": [{"Node Type": "Bitmap Index Scan", "Parent Relationship": "Outer", "Index Name": "movie_id_cast_info", "Startup Cost": 0.0, "Total Cost": 4.27, "Plan Rows": 6, "Plan Width": 0, "Actual Startup Time": 0.058, "Actual Total Time": 0.058, "Actual Rows": 172, "Actual Loops": 4, "Index Cond": "(movie_id = mc.movie_id)"}]}]}, {"Node Type": "Bitmap Heap Scan", "Parent Relationship": "Inner", "Relation Name": "aka_name", "Alias": "an", "Startup Cost": 0.38, "Total Cost": 4.39, "Plan Rows": 1, "Plan Width": 20, "Actual Startup Time": 0.631, "Actual Total Time": 0.711, "Actual Rows": 171, "Actual Loops": 104, "Recheck Cond": "(person_id = ci.person_id)", "Rows Removed by Index Recheck": 0, "Exact Heap Blocks": 105, "Lossy Heap Blocks": 105, "Plans": [{"Node Type": "Bitmap Index Scan", "Parent Relationship": "Outer", "Index Name": "person_id_aka_name", "Startup Cost": 0.0, "Total Cost": 0.38, "Plan Rows": 1, "Plan Width": 0, "Actual Startup Time": 0.442, "Actual Total Time": 0.442, "Actual Rows": 171, "Actual Loops": 104, "Index Cond": "(person_id = ci.person_id)"}]}]}, {"Node Type": "Bitmap Heap Scan", "Parent Relationship": "Inner", "Relation Name": "name", "Alias": "n", "Startup Cost": 0.33, "Total Cost": 4.34, "Plan Rows": 1, "Plan Width": 4, "Actual Startup Time": 0.885, "Actual Total Time": 0.885, "Actual Rows": 6, "Actual Loops": 171, "Recheck Cond": "(id = an.person_id)", "Rows Removed by Index Recheck": 0, "Filter": "(((name)::text ~~ '%Yo%'::text) AND ((name)::text !~~ '%Yu%'::text))", "Rows Removed by Filter": 165, "Exact Heap Blocks": 171, "Lossy Heap Blocks": 171, "Plans": [{"Node Type": "Bitmap Index Scan", "Parent Relationship": "Outer", "Index Name": "name_pkey", "Startup Cost": 0.0, "Total Cost": 0.33, "Plan Rows": 1, "Plan Width": 0, "Actual Startup Time": 0.549, "Actual Total Time": 0.549, "Actual Rows": 171, "Actual Loops": 171, "Index Cond": "(id = an.person_id)"}]}]}, {"Node Type": "Bitmap Heap Scan", "Parent Relationship": "Inner", "Relation Name": "role_type", "Alias": "rt", "Startup Cost": 0.26, "Total Cost": 4.27, "Plan Rows": 1, "Plan Width": 4, "Actual Startup Time": 0.029, "Actual Total Time": 0.029, "Actual Rows": 6, "Actual Loops": 6, "Recheck Cond": "(id = ci.role_id)", "Rows Removed by Index Recheck": 0, "Filter": "((role)::text = 'actress'::text)", "Rows Removed by Filter": 0, "Exact Heap Blocks": 6, "Lossy Heap Blocks": 6, "Plans": [{"Node Type": "Bitmap Index Scan", "Parent Relationship": "Outer", "Index Name": "role_type_pkey", "Startup Cost": 0.0, "Total Cost": 0.26, "Plan Rows": 1, "Plan Width": 0, "Actual Startup Time": 0.01, "Actual Total Time": 0.01, "Actual Rows": 6, "Actual Loops": 6, "Index Cond": "(id = ci.role_id)"}]}]}]}, "Triggers": [], "Planner Runtime": 30.658, "Total Runtime": 454.866, "Unique SQL Id": 3956435728}}, "(64, '104')": {"explain_plan": {"Plan": {"Node Type": "Aggregate", "Strategy": "Plain", "Startup Cost": 64890.38, "Total Cost": 64890.39, "Plan Rows": 1, "Plan Width": 97, "Plans": [{"Node Type": "Nested Loop", "Parent Relationship": "Outer", "Join Type": "Inner", "Startup Cost": 3369.54, "Total Cost": 64890.38, "Plan Rows": 1, "Plan Width": 33, "Inner Unique": true, "Plans": [{"Node Type": "Nested Loop", "Parent Relationship": "Outer", "Join Type": "Inner", "Startup Cost": 3369.54, "Total Cost": 64890.09, "Plan Rows": 1, "Plan Width": 37, "Inner Unique": true, "Plans": [{"Node Type": "Nested Loop", "Parent Relationship": "Outer", "Join Type": "Inner", "Startup Cost": 3369.54, "Total Cost": 64889.51, "Plan Rows": 1, "Plan Width": 45, "Inner Unique": true, "Plans": [{"Node Type": "Nested Loop", "Parent Relationship": "Outer", "Join Type": "Inner", "Startup Cost": 3369.54, "Total Cost": 64885.13, "Plan Rows": 1, "Plan Width": 49, "Inner Unique": false, "Plans": [{"Node Type": "Nested Loop", "Parent Relationship": "Outer", "Join Type": "Inner", "Startup Cost": 3369.54, "Total Cost": 64884.27, "Plan Rows": 1, "Plan Width": 29, "Inner Unique": false, "Join Filter": "(t.id = ci.movie_id)", "Plans": [{"Node Type": "Nested Loop", "Parent Relationship": "Outer", "Join Type": "Inner", "Startup Cost": 3369.54, "Total Cost": 64828.49, "Plan Rows": 2, "Plan Width": 29, "Inner Unique": false, "Plans": [{"Node Type": "Streaming(type: LOCAL GATHER dop: 1/64)", "Parent Relationship": "Outer", "Startup Cost": 3369.54, "Total Cost": 64334.52, "Plan Rows": 43, "Plan Width": 21, "Plans": [{"Node Type": "Seq Scan", "Parent Relationship": "Outer", "Relation Name": "title", "Alias": "t", "Startup Cost": 3369.54, "Total Cost": 64333.63, "Plan Rows": 43, "Plan Width": 21, "Filter": "((production_year >= 2006) AND (production_year <= 2007) AND (((title)::text ~~ 'One Piece%'::text) OR ((title)::text ~~ 'Dragon Ball Z%'::text)))"}]}, {"Node Type": "Index Scan", "Parent Relationship": "Inner", "Scan Direction": "Forward", "Index Name": "movie_id_movie_companies", "Relation Name": "movie_companies", "Alias": "mc", "Startup Cost": 0.0, "Total Cost": 11.48, "Plan Rows": 1, "Plan Width": 8, "Index Cond": "(movie_id = t.id)", "Filter": "(((note)::text ~~ '%(Japan)%'::text) AND ((note)::text !~~ '%(USA)%'::text) AND (((note)::text ~~ '%(2006)%'::text) OR ((note)::text ~~ '%(2007)%'::text)))"}]}, {"Node Type": "Index Scan", "Parent Relationship": "Inner", "Scan Direction": "Forward", "Index Name": "movie_id_cast_info", "Relation Name": "cast_info", "Alias": "ci", "Startup Cost": 0.0, "Total Cost": 27.88, "Plan Rows": 1, "Plan Width": 12, "Index Cond": "(movie_id = mc.movie_id)", "Filter": "((note)::text = '(voice: English version)'::text)"}]}, {"Node Type": "Index Scan", "Parent Relationship": "Inner", "Scan Direction": "Forward", "Index Name": "person_id_aka_name", "Relation Name": "aka_name", "Alias": "an", "Startup Cost": 0.0, "Total Cost": 0.84, "Plan Rows": 1, "Plan Width": 20, "Index Cond": "(person_id = ci.person_id)"}]}, {"Node Type": "Index Scan", "Parent Relationship": "Inner", "Scan Direction": "Forward", "Index Name": "company_name_pkey", "Relation Name": "company_name", "Alias": "cn", "Startup Cost": 0.0, "Total Cost": 4.37, "Plan Rows": 1, "Plan Width": 4, "Index Cond": "(id = mc.company_id)", "Filter": "((country_code)::text = '[jp]'::text)"}]}, {"Node Type": "Index Scan", "Parent Relationship": "Inner", "Scan Direction": "Forward", "Index Name": "name_pkey", "Relation Name": "name", "Alias": "n", "Startup Cost": 0.0, "Total Cost": 0.57, "Plan Rows": 1, "Plan Width": 4, "Index Cond": "(id = an.person_id)", "Filter": "(((name)::text ~~ '%Yo%'::text) AND ((name)::text !~~ '%Yu%'::text))"}]}, {"Node Type": "Index Scan", "Parent Relationship": "Inner", "Scan Direction": "Forward", "Index Name": "role_type_pkey", "Relation Name": "role_type", "Alias": "rt", "Startup Cost": 0.0, "Total Cost": 0.27, "Plan Rows": 1, "Plan Width": 4, "Index Cond": "(id = ci.role_id)", "Filter": "((role)::text = 'actress'::text)"}]}]}, "Unique SQL Id": 3956435728, "Planner Runtime": 19}, "explain_analyze_plan": {"Plan": {"Node Type": "Aggregate", "Strategy": "Plain", "Startup Cost": 64890.38, "Total Cost": 64890.39, "Plan Rows": 1, "Plan Width": 97, "Actual Min Startup Time": 129.95, "Actual Max Startup Time": 129.95, "Actual Min Total Time": 129.951, "Actual Max Total Time": 129.951, "Plans": [{"Node Type": "Nested Loop", "Parent Relationship": "Outer", "Join Type": "Inner", "Startup Cost": 3369.54, "Total Cost": 64890.38, "Plan Rows": 1, "Plan Width": 33, "Actual Min Startup Time": 82.756, "Actual Max Startup Time": 82.756, "Actual Min Total Time": 129.873, "Actual Max Total Time": 129.873, "Inner Unique": true, "Plans": [{"Node Type": "Nested Loop", "Parent Relationship": "Outer", "Join Type": "Inner", "Startup Cost": 3369.54, "Total Cost": 64890.09, "Plan Rows": 1, "Plan Width": 37, "Actual Min Startup Time": 82.738, "Actual Max Startup Time": 82.738, "Actual Min Total Time": 129.822, "Actual Max Total Time": 129.822, "Inner Unique": true, "Plans": [{"Node Type": "Nested Loop", "Parent Relationship": "Outer", "Join Type": "Inner", "Startup Cost": 3369.54, "Total Cost": 64889.51, "Plan Rows": 1, "Plan Width": 45, "Actual Min Startup Time": 81.529, "Actual Max Startup Time": 81.529, "Actual Min Total Time": 128.829, "Actual Max Total Time": 128.829, "Inner Unique": true, "Plans": [{"Node Type": "Nested Loop", "Parent Relationship": "Outer", "Join Type": "Inner", "Startup Cost": 3369.54, "Total Cost": 64885.13, "Plan Rows": 1, "Plan Width": 49, "Actual Min Startup Time": 81.496, "Actual Max Startup Time": 81.496, "Actual Min Total Time": 128.07, "Actual Max Total Time": 128.07, "Inner Unique": false, "Plans": [{"Node Type": "Nested Loop", "Parent Relationship": "Outer", "Join Type": "Inner", "Startup Cost": 3369.54, "Total Cost": 64884.27, "Plan Rows": 1, "Plan Width": 29, "Actual Min Startup Time": 81.476, "Actual Max Startup Time": 81.476, "Actual Min Total Time": 127.263, "Actual Max Total Time": 127.263, "Inner Unique": false, "Join Filter": "(t.id = ci.movie_id)", "Rows Removed by Join Filter": 0, "Plans": [{"Node Type": "Nested Loop", "Parent Relationship": "Outer", "Join Type": "Inner", "Startup Cost": 3369.54, "Total Cost": 64828.49, "Plan Rows": 2, "Plan Width": 29, "Actual Min Startup Time": 81.441, "Actual Max Startup Time": 81.441, "Actual Min Total Time": 126.75, "Actual Max Total Time": 126.75, "Inner Unique": false, "Plans": [{"Node Type": "Streaming(type: LOCAL GATHER dop: 1/64)", "Parent Relationship": "Outer", "Startup Cost": 3369.54, "Total Cost": 64334.52, "Plan Rows": 43, "Plan Width": 21, "Actual Min Startup Time": 81.336, "Actual Max Startup Time": 81.336, "Actual Min Total Time": 126.394, "Actual Max Total Time": 126.394, "Plans": [{"Node Type": "Seq Scan", "Parent Relationship": "Outer", "Relation Name": "title", "Alias": "t", "Startup Cost": 3369.54, "Total Cost": 64333.63, "Plan Rows": 43, "Plan Width": 21, "Actual Min Startup Time": 11.827, "Actual Max Startup Time": 38.588, "Actual Min Total Time": 14.967, "Actual Max Total Time": 38.588, "Filter": "((production_year >= 2006) AND (production_year <= 2007) AND (((title)::text ~~ 'One Piece%'::text) OR ((title)::text ~~ 'Dragon Ball Z%'::text)))", "Rows Removed by Filter": 2528304, "Actual Rows": 7}], "Actual Rows": 7}, {"Node Type": "Index Scan", "Parent Relationship": "Inner", "Scan Direction": "Forward", "Index Name": "movie_id_movie_companies", "Relation Name": "movie_companies", "Alias": "mc", "Startup Cost": 0.0, "Total Cost": 11.48, "Plan Rows": 1, "Plan Width": 8, "Actual Min Startup Time": 0.272, "Actual Max Startup Time": 0.272, "Actual Min Total Time": 0.284, "Actual Max Total Time": 0.284, "Index Cond": "(movie_id = t.id)", "Rows Removed by Index Recheck": 0, "Filter": "(((note)::text ~~ '%(Japan)%'::text) AND ((note)::text !~~ '%(USA)%'::text) AND (((note)::text ~~ '%(2006)%'::text) OR ((note)::text ~~ '%(2007)%'::text)))", "Rows Removed by Filter": 13, "Actual Rows": 4}], "Actual Rows": 4}, {"Node Type": "Index Scan", "Parent Relationship": "Inner", "Scan Direction": "Forward", "Index Name": "movie_id_cast_info", "Relation Name": "cast_info", "Alias": "ci", "Startup Cost": 0.0, "Total Cost": 27.88, "Plan Rows": 1, "Plan Width": 12, "Actual Min Startup Time": 0.149, "Actual Max Startup Time": 0.149, "Actual Min Total Time": 0.418, "Actual Max Total Time": 0.418, "Index Cond": "(movie_id = mc.movie_id)", "Rows Removed by Index Recheck": 0, "Filter": "((note)::text = '(voice: English version)'::text)", "Rows Removed by Filter": 68, "Actual Rows": 104}], "Actual Rows": 104}, {"Node Type": "Index Scan", "Parent Relationship": "Inner", "Scan Direction": "Forward", "Index Name": "person_id_aka_name", "Relation Name": "aka_name", "Alias": "an", "Startup Cost": 0.0, "Total Cost": 0.84, "Plan Rows": 1, "Plan Width": 20, "Actual Min Startup Time": 0.573, "Actual Max Startup Time": 0.573, "Actual Min Total Time": 0.686, "Actual Max Total Time": 0.686, "Index Cond": "(person_id = ci.person_id)", "Rows Removed by Index Recheck": 0, "Actual Rows": 171}], "Actual Rows": 171}, {"Node Type": "Index Scan", "Parent Relationship": "Inner", "Scan Direction": "Forward", "Index Name": "company_name_pkey", "Relation Name": "company_name", "Alias": "cn", "Startup Cost": 0.0, "Total Cost": 4.37, "Plan Rows": 1, "Plan Width": 4, "Actual Min Startup Time": 0.589, "Actual Max Startup Time": 0.589, "Actual Min Total Time": 0.589, "Actual Max Total Time": 0.589, "Index Cond": "(id = mc.company_id)", "Rows Removed by Index Recheck": 0, "Filter": "((country_code)::text = '[jp]'::text)", "Rows Removed by Filter": 0, "Actual Rows": 171}], "Actual Rows": 171}, {"Node Type": "Index Scan", "Parent Relationship": "Inner", "Scan Direction": "Forward", "Index Name": "name_pkey", "Relation Name": "name", "Alias": "n", "Startup Cost": 0.0, "Total Cost": 0.57, "Plan Rows": 1, "Plan Width": 4, "Actual Min Startup Time": 0.882, "Actual Max Startup Time": 0.882, "Actual Min Total Time": 0.882, "Actual Max Total Time": 0.882, "Index Cond": "(id = an.person_id)", "Rows Removed by Index Recheck": 0, "Filter": "(((name)::text ~~ '%Yo%'::text) AND ((name)::text !~~ '%Yu%'::text))", "Rows Removed by Filter": 165, "Actual Rows": 6}], "Actual Rows": 6}, {"Node Type": "Index Scan", "Parent Relationship": "Inner", "Scan Direction": "Forward", "Index Name": "role_type_pkey", "Relation Name": "role_type", "Alias": "rt", "Startup Cost": 0.0, "Total Cost": 0.27, "Plan Rows": 1, "Plan Width": 4, "Actual Min Startup Time": 0.03, "Actual Max Startup Time": 0.03, "Actual Min Total Time": 0.03, "Actual Max Total Time": 0.03, "Index Cond": "(id = ci.role_id)", "Rows Removed by Index Recheck": 0, "Filter": "((role)::text = 'actress'::text)", "Rows Removed by Filter": 0, "Actual Rows": 6}], "Actual Rows": 6}], "Actual Rows": 1}, "Triggers": [], "Planner Runtime": 31.722, "Total Runtime": 142.327, "Unique SQL Id": 3956435728}}, "(64, '105')": {"explain_plan": {"Plan": {"Node Type": "Aggregate", "Strategy": "Plain", "Startup Cost": 84111.26, "Total Cost": 84111.27, "Plan Rows": 1, "Plan Width": 97, "Plans": [{"Node Type": "Nested Loop", "Parent Relationship": "Outer", "Join Type": "Inner", "Startup Cost": 0.0, "Total Cost": 84111.26, "Plan Rows": 1, "Plan Width": 33, "Inner Unique": true, "Plans": [{"Node Type": "Nested Loop", "Parent Relationship": "Outer", "Join Type": "Inner", "Startup Cost": 0.0, "Total Cost": 84110.97, "Plan Rows": 1, "Plan Width": 37, "Inner Unique": true, "Plans": [{"Node Type": "Nested Loop", "Parent Relationship": "Outer", "Join Type": "Inner", "Startup Cost": 0.0, "Total Cost": 84110.39, "Plan Rows": 1, "Plan Width": 45, "Inner Unique": false, "Plans": [{"Node Type": "Nested Loop", "Parent Relationship": "Outer", "Join Type": "Inner", "Startup Cost": 0.0, "Total Cost": 84109.54, "Plan Rows": 1, "Plan Width": 25, "Inner Unique": false, "Join Filter": "(t.id = ci.movie_id)", "Plans": [{"Node Type": "Nested Loop", "Parent Relationship": "Outer", "Join Type": "Inner", "Startup Cost": 0.0, "Total Cost": 84053.76, "Plan Rows": 2, "Plan Width": 25, "Inner Unique": true, "Plans": [{"Node Type": "Nested Loop", "Parent Relationship": "Outer", "Join Type": "Inner", "Startup Cost": 0.0, "Total Cost": 81991.53, "Plan Rows": 262, "Plan Width": 4, "Inner Unique": false, "Plans": [{"Node Type": "Index Scan", "Parent Relationship": "Outer", "Scan Direction": "Forward", "Index Name": "company_name_pkey", "Relation Name": "company_name", "Alias": "cn", "Startup Cost": 0.0, "Total Cost": 10501.39, "Plan Rows": 6290, "Plan Width": 4, "Filter": "((country_code)::text = '[jp]'::text)"}, {"Node Type": "Index Scan", "Parent Relationship": "Inner", "Scan Direction": "Forward", "Index Name": "company_id_movie_companies", "Relation Name": "movie_companies", "Alias": "mc", "Startup Cost": 0.0, "Total Cost": 11.36, "Plan Rows": 1, "Plan Width": 8, "Index Cond": "(company_id = cn.id)", "Filter": "(((note)::text ~~ '%(Japan)%'::text) AND ((note)::text !~~ '%(USA)%'::text) AND (((note)::text ~~ '%(2006)%'::text) OR ((note)::text ~~ '%(2007)%'::text)))"}]}, {"Node Type": "Index Scan", "Parent Relationship": "Inner", "Scan Direction": "Forward", "Index Name": "title_pkey", "Relation Name": "title", "Alias": "t", "Startup Cost": 0.0, "Total Cost": 7.86, "Plan Rows": 1, "Plan Width": 21, "Index Cond": "(id = mc.movie_id)", "Filter": "((production_year >= 2006) AND (production_year <= 2007) AND (((title)::text ~~ 'One Piece%'::text) OR ((title)::text ~~ 'Dragon Ball Z%'::text)))"}]}, {"Node Type": "Index Scan", "Parent Relationship": "Inner", "Scan Direction": "Forward", "Index Name": "movie_id_cast_info", "Relation Name": "cast_info", "Alias": "ci", "Startup Cost": 0.0, "Total Cost": 27.88, "Plan Rows": 1, "Plan Width": 12, "Index Cond": "(movie_id = mc.movie_id)", "Filter": "((note)::text = '(voice: English version)'::text)"}]}, {"Node Type": "Index Scan", "Parent Relationship": "Inner", "Scan Direction": "Forward", "Index Name": "person_id_aka_name", "Relation Name": "aka_name", "Alias": "an", "Startup Cost": 0.0, "Total Cost": 0.84, "Plan Rows": 1, "Plan Width": 20, "Index Cond": "(person_id = ci.person_id)"}]}, {"Node Type": "Index Scan", "Parent Relationship": "Inner", "Scan Direction": "Forward", "Index Name": "name_pkey", "Relation Name": "name", "Alias": "n", "Startup Cost": 0.0, "Total Cost": 0.57, "Plan Rows": 1, "Plan Width": 4, "Index Cond": "(id = an.person_id)", "Filter": "(((name)::text ~~ '%Yo%'::text) AND ((name)::text !~~ '%Yu%'::text))"}]}, {"Node Type": "Index Scan", "Parent Relationship": "Inner", "Scan Direction": "Forward", "Index Name": "role_type_pkey", "Relation Name": "role_type", "Alias": "rt", "Startup Cost": 0.0, "Total Cost": 0.27, "Plan Rows": 1, "Plan Width": 4, "Index Cond": "(id = ci.role_id)", "Filter": "((role)::text = 'actress'::text)"}]}]}, "Unique SQL Id": 3956435728, "Planner Runtime": 11}, "explain_analyze_plan": {"Plan": {"Node Type": "Aggregate", "Strategy": "Plain", "Startup Cost": 84111.26, "Total Cost": 84111.27, "Plan Rows": 1, "Plan Width": 97, "Actual Startup Time": 508.933, "Actual Total Time": 508.933, "Actual Rows": 1, "Actual Loops": 1, "Plans": [{"Node Type": "Nested Loop", "Parent Relationship": "Outer", "Join Type": "Inner", "Startup Cost": 0.0, "Total Cost": 84111.26, "Plan Rows": 1, "Plan Width": 33, "Actual Startup Time": 43.321, "Actual Total Time": 508.871, "Actual Rows": 6, "Actual Loops": 1, "Inner Unique": true, "Plans": [{"Node Type": "Nested Loop", "Parent Relationship": "Outer", "Join Type": "Inner", "Startup Cost": 0.0, "Total Cost": 84110.97, "Plan Rows": 1, "Plan Width": 37, "Actual Startup Time": 43.31, "Actual Total Time": 508.838, "Actual Rows": 6, "Actual Loops": 1, "Inner Unique": true, "Plans": [{"Node Type": "Nested Loop", "Parent Relationship": "Outer", "Join Type": "Inner", "Startup Cost": 0.0, "Total Cost": 84110.39, "Plan Rows": 1, "Plan Width": 45, "Actual Startup Time": 42.486, "Actual Total Time": 507.995, "Actual Rows": 171, "Actual Loops": 1, "Inner Unique": false, "Plans": [{"Node Type": "Nested Loop", "Parent Relationship": "Outer", "Join Type": "Inner", "Startup Cost": 0.0, "Total Cost": 84109.54, "Plan Rows": 1, "Plan Width": 25, "Actual Startup Time": 42.471, "Actual Total Time": 507.321, "Actual Rows": 104, "Actual Loops": 1, "Inner Unique": false, "Join Filter": "(t.id = ci.movie_id)", "Rows Removed by Join Filter": 0, "Plans": [{"Node Type": "Nested Loop", "Parent Relationship": "Outer", "Join Type": "Inner", "Startup Cost": 0.0, "Total Cost": 84053.76, "Plan Rows": 2, "Plan Width": 25, "Actual Startup Time": 42.377, "Actual Total Time": 506.931, "Actual Rows": 4, "Actual Loops": 1, "Inner Unique": true, "Plans": [{"Node Type": "Nested Loop", "Parent Relationship": "Outer", "Join Type": "Inner", "Startup Cost": 0.0, "Total Cost": 81991.53, "Plan Rows": 262, "Plan Width": 4, "Actual Startup Time": 0.202, "Actual Total Time": 458.712, "Actual Rows": 8495, "Actual Loops": 1, "Inner Unique": false, "Plans": [{"Node Type": "Index Scan", "Parent Relationship": "Outer", "Scan Direction": "Forward", "Index Name": "company_name_pkey", "Relation Name": "company_name", "Alias": "cn", "Startup Cost": 0.0, "Total Cost": 10501.39, "Plan Rows": 6290, "Plan Width": 4, "Actual Startup Time": 0.167, "Actual Total Time": 270.605, "Actual Rows": 6752, "Actual Loops": 1, "Filter": "((country_code)::text = '[jp]'::text)", "Rows Removed by Filter": 228244}, {"Node Type": "Index Scan", "Parent Relationship": "Inner", "Scan Direction": "Forward", "Index Name": "company_id_movie_companies", "Relation Name": "movie_companies", "Alias": "mc", "Startup Cost": 0.0, "Total Cost": 11.36, "Plan Rows": 1, "Plan Width": 8, "Actual Startup Time": 82.862, "Actual Total Time": 182.042, "Actual Rows": 8495, "Actual Loops": 6752, "Index Cond": "(company_id = cn.id)", "Rows Removed by Index Recheck": 0, "Filter": "(((note)::text ~~ '%(Japan)%'::text) AND ((note)::text !~~ '%(USA)%'::text) AND (((note)::text ~~ '%(2006)%'::text) OR ((note)::text ~~ '%(2007)%'::text)))", "Rows Removed by Filter": 96500}]}, {"Node Type": "Index Scan", "Parent Relationship": "Inner", "Scan Direction": "Forward", "Index Name": "title_pkey", "Relation Name": "title", "Alias": "t", "Startup Cost": 0.0, "Total Cost": 7.86, "Plan Rows": 1, "Plan Width": 21, "Actual Startup Time": 43.82, "Actual Total Time": 43.82, "Actual Rows": 4, "Actual Loops": 8495, "Index Cond": "(id = mc.movie_id)", "Rows Removed by Index Recheck": 0, "Filter": "((production_year >= 2006) AND (production_year <= 2007) AND (((title)::text ~~ 'One Piece%'::text) OR ((title)::text ~~ 'Dragon Ball Z%'::text)))", "Rows Removed by Filter": 8491}]}, {"Node Type": "Index Scan", "Parent Relationship": "Inner", "Scan Direction": "Forward", "Index Name": "movie_id_cast_info", "Relation Name": "cast_info", "Alias": "ci", "Startup Cost": 0.0, "Total Cost": 27.88, "Plan Rows": 1, "Plan Width": 12, "Actual Startup Time": 0.107, "Actual Total Time": 0.315, "Actual Rows": 104, "Actual Loops": 4, "Index Cond": "(movie_id = mc.movie_id)", "Rows Removed by Index Recheck": 0, "Filter": "((note)::text = '(voice: English version)'::text)", "Rows Removed by Filter": 68}]}, {"Node Type": "Index Scan", "Parent Relationship": "Inner", "Scan Direction": "Forward", "Index Name": "person_id_aka_name", "Relation Name": "aka_name", "Alias": "an", "Startup Cost": 0.0, "Total Cost": 0.84, "Plan Rows": 1, "Plan Width": 20, "Actual Startup Time": 0.474, "Actual Total Time": 0.579, "Actual Rows": 171, "Actual Loops": 104, "Index Cond": "(person_id = ci.person_id)", "Rows Removed by Index Recheck": 0}]}, {"Node Type": "Index Scan", "Parent Relationship": "Inner", "Scan Direction": "Forward", "Index Name": "name_pkey", "Relation Name": "name", "Alias": "n", "Startup Cost": 0.0, "Total Cost": 0.57, "Plan Rows": 1, "Plan Width": 4, "Actual Startup Time": 0.754, "Actual Total Time": 0.754, "Actual Rows": 6, "Actual Loops": 171, "Index Cond": "(id = an.person_id)", "Rows Removed by Index Recheck": 0, "Filter": "(((name)::text ~~ '%Yo%'::text) AND ((name)::text !~~ '%Yu%'::text))", "Rows Removed by Filter": 165}]}, {"Node Type": "Index Scan", "Parent Relationship": "Inner", "Scan Direction": "Forward", "Index Name": "role_type_pkey", "Relation Name": "role_type", "Alias": "rt", "Startup Cost": 0.0, "Total Cost": 0.27, "Plan Rows": 1, "Plan Width": 4, "Actual Startup Time": 0.021, "Actual Total Time": 0.021, "Actual Rows": 6, "Actual Loops": 6, "Index Cond": "(id = ci.role_id)", "Rows Removed by Index Recheck": 0, "Filter": "((role)::text = 'actress'::text)", "Rows Removed by Filter": 0}]}]}, "Triggers": [], "Planner Runtime": 28.465, "Total Runtime": 509.196, "Unique SQL Id": 3956435728}}, "(64, '106')": {"explain_plan": {"Plan": {"Node Type": "Aggregate", "Strategy": "Plain", "Startup Cost": 299500.26, "Total Cost": 299500.27, "Plan Rows": 1, "Plan Width": 97, "Plans": [{"Node Type": "Hash Join", "Parent Relationship": "Outer", "Join Type": "Inner", "Startup Cost": 223322.12, "Total Cost": 299500.25, "Plan Rows": 1, "Plan Width": 33, "Inner Unique": true, "Hash Cond": "(ci.role_id = rt.id)", "Plans": [{"Node Type": "Hash Join", "Parent Relationship": "Outer", "Join Type": "Inner", "Startup Cost": 223320.95, "Total Cost": 299499.08, "Plan Rows": 1, "Plan Width": 37, "Inner Unique": true, "Hash Cond": "(mc.company_id = cn.id)", "Plans": [{"Node Type": "Hash Join", "Parent Relationship": "Outer", "Join Type": "Inner", "Startup Cost": 217338.88, "Total Cost": 293516.99, "Plan Rows": 1, "Plan Width": 41, "Inner Unique": false, "Hash Cond": "(ci.person_id = an.person_id)", "Plans": [{"Node Type": "Hash Join", "Parent Relationship": "Outer", "Join Type": "Inner", "Startup Cost": 128436.44, "Total Cost": 204614.53, "Plan Rows": 1, "Plan Width": 29, "Inner Unique": false, "Hash Cond": "(ci.movie_id = t.id)", "Plans": [{"Node Type": "Streaming(type: LOCAL GATHER dop: 1/64)", "Parent Relationship": "Outer", "Startup Cost": 0.0, "Total Cost": 75815.47, "Plan Rows": 96692, "Plan Width": 12, "Plans": [{"Node Type": "Seq Scan", "Parent Relationship": "Outer", "Relation Name": "cast_info", "Alias": "ci", "Startup Cost": 0.0, "Total Cost": 73820.73, "Plan Rows": 96692, "Plan Width": 12, "Filter": "((note)::text = '(voice: English version)'::text)"}]}, {"Node Type": "Hash", "Parent Relationship": "Inner", "Startup Cost": 128436.42, "Total Cost": 128436.42, "Plan Rows": 2, "Plan Width": 29, "Plans": [{"Node Type": "Hash Join", "Parent Relationship": "Outer", "Join Type": "Inner", "Startup Cost": 64335.05, "Total Cost": 128436.42, "Plan Rows": 2, "Plan Width": 29, "Inner Unique": true, "Hash Cond": "(mc.movie_id = t.id)", "Plans": [{"Node Type": "Streaming(type: LOCAL GATHER dop: 1/64)", "Parent Relationship": "Outer", "Startup Cost": 0.0, "Total Cost": 64095.15, "Plan Rows": 1652, "Plan Width": 8, "Plans": [{"Node Type": "Seq Scan", "Parent Relationship": "Outer", "Relation Name": "movie_companies", "Alias": "mc", "Startup Cost": 0.0, "Total Cost": 64061.07, "Plan Rows": 1652, "Plan Width": 8, "Filter": "(((note)::text ~~ '%(Japan)%'::text) AND ((note)::text !~~ '%(USA)%'::text) AND (((note)::text ~~ '%(2006)%'::text) OR ((note)::text ~~ '%(2007)%'::text)))"}]}, {"Node Type": "Hash", "Parent Relationship": "Inner", "Startup Cost": 64334.52, "Total Cost": 64334.52, "Plan Rows": 43, "Plan Width": 21, "Plans": [{"Node Type": "Streaming(type: LOCAL GATHER dop: 1/64)", "Parent Relationship": "Outer", "Startup Cost": 3369.54, "Total Cost": 64334.52, "Plan Rows": 43, "Plan Width": 21, "Plans": [{"Node Type": "Seq Scan", "Parent Relationship": "Outer", "Relation Name": "title", "Alias": "t", "Startup Cost": 3369.54, "Total Cost": 64333.63, "Plan Rows": 43, "Plan Width": 21, "Filter": "((production_year >= 2006) AND (production_year <= 2007) AND (((title)::text ~~ 'One Piece%'::text) OR ((title)::text ~~ 'Dragon Ball Z%'::text)))"}]}]}]}]}]}, {"Node Type": "Hash", "Parent Relationship": "Inner", "Startup Cost": 88694.6, "Total Cost": 88694.6, "Plan Rows": 16627, "Plan Width": 24, "Plans": [{"Node Type": "Hash Join", "Parent Relationship": "Outer", "Join Type": "Inner", "Startup Cost": 65239.88, "Total Cost": 88694.6, "Plan Rows": 16627, "Plan Width": 24, "Inner Unique": true, "Hash Cond": "(an.person_id = n.id)", "Plans": [{"Node Type": "Seq Scan", "Parent Relationship": "Outer", "Relation Name": "aka_name", "Alias": "an", "Startup Cost": 0.0, "Total Cost": 19908.42, "Plan Rows": 901342, "Plan Width": 20}, {"Node Type": "Hash", "Parent Relationship": "Inner", "Startup Cost": 65066.3, "Total Cost": 65066.3, "Plan Rows": 13886, "Plan Width": 4, "Plans": [{"Node Type": "Streaming(type: LOCAL GATHER dop: 1/64)", "Parent Relationship": "Outer", "Startup Cost": 0.0, "Total Cost": 65066.3, "Plan Rows": 13886, "Plan Width": 4, "Plans": [{"Node Type": "Seq Scan", "Parent Relationship": "Outer", "Relation Name": "name", "Alias": "n", "Startup Cost": 0.0, "Total Cost": 64779.83, "Plan Rows": 13886, "Plan Width": 4, "Filter": "(((name)::text ~~ '%Yo%'::text) AND ((name)::text !~~ '%Yu%'::text))"}]}]}]}]}]}, {"Node Type": "Hash", "Parent Relationship": "Inner", "Startup Cost": 5903.45, "Total Cost": 5903.45, "Plan Rows": 6290, "Plan Width": 4, "Plans": [{"Node Type": "Seq Scan", "Parent Relationship": "Outer", "Relation Name": "company_name", "Alias": "cn", "Startup Cost": 0.0, "Total Cost": 5903.45, "Plan Rows": 6290, "Plan Width": 4, "Filter": "((country_code)::text = '[jp]'::text)"}]}]}, {"Node Type": "Hash", "Parent Relationship": "Inner", "Startup Cost": 1.15, "Total Cost": 1.15, "Plan Rows": 1, "Plan Width": 4, "Plans": [{"Node Type": "Seq Scan", "Parent Relationship": "Outer", "Relation Name": "role_type", "Alias": "rt", "Startup Cost": 0.0, "Total Cost": 1.15, "Plan Rows": 1, "Plan Width": 4, "Filter": "((role)::text = 'actress'::text)"}]}]}]}, "Unique SQL Id": 3956435728, "Planner Runtime": 100}, "explain_analyze_plan": null}, "(64, '107')": {"explain_plan": {"Plan": {"Node Type": "Aggregate", "Strategy": "Plain", "Startup Cost": 7000043187148.34, "Total Cost": 7000043187148.35, "Plan Rows": 1, "Plan Width": 97, "Plans": [{"Node Type": "Nested Loop", "Parent Relationship": "Outer", "Join Type": "Inner", "Startup Cost": 2050028516859.08, "Total Cost": 7000043187148.34, "Plan Rows": 1, "Plan Width": 33, "Inner Unique": true, "Plans": [{"Node Type": "Nested Loop", "Parent Relationship": "Outer", "Join Type": "Inner", "Startup Cost": 2040028516859.08, "Total Cost": 6000043187091.11, "Plan Rows": 1, "Plan Width": 41, "Inner Unique": true, "Plans": [{"Node Type": "Nested Loop", "Parent Relationship": "Outer", "Join Type": "Inner", "Startup Cost": 2030028516859.08, "Total Cost": 5000043186653.68, "Plan Rows": 1, "Plan Width": 45, "Inner Unique": false, "Plans": [{"Node Type": "Hash Join", "Parent Relationship": "Outer", "Join Type": "Inner", "Startup Cost": 2020028516859.08, "Total Cost": 4000043186569.29, "Plan Rows": 1, "Plan Width": 25, "Inner Unique": false, "Hash Cond": "(ci.movie_id = mc.movie_id)", "Plans": [{"Node Type": "Hash Join", "Parent Relationship": "Outer", "Join Type": "Inner", "Startup Cost": 1020013540360.45, "Total Cost": 3000028210059.62, "Plan Rows": 43, "Plan Width": 29, "Inner Unique": true, "Hash Cond": "(ci.movie_id = t.id)", "Plans": [{"Node Type": "Nested Loop", "Parent Relationship": "Outer", "Join Type": "Inner", "Startup Cost": 20000000000.0, "Total Cost": 2000014669674.4, "Plan Rows": 8790, "Plan Width": 8, "Inner Unique": false, "Plans": [{"Node Type": "Index Scan", "Parent Relationship": "Outer", "Scan Direction": "Forward", "Index Name": "role_type_pkey", "Relation Name": "role_type", "Alias": "rt", "Startup Cost": 10000000000.0, "Total Cost": 1000000001246.0, "Plan Rows": 1, "Plan Width": 4, "Filter": "((role)::text = 'actress'::text)"}, {"Node Type": "Index Scan", "Parent Relationship": "Inner", "Scan Direction": "Forward", "Index Name": "role_id_cast_info", "Relation Name": "cast_info", "Alias": "ci", "Startup Cost": 10000000000.0, "Total Cost": 1000014668340.5, "Plan Rows": 8790, "Plan Width": 12, "Index Cond": "(role_id = rt.id)", "Filter": "((note)::text = '(voice: English version)'::text)"}]}, {"Node Type": "Hash", "Parent Relationship": "Inner", "Startup Cost": 1000013540359.91, "Total Cost": 1000013540359.91, "Plan Rows": 43, "Plan Width": 21, "Plans": [{"Node Type": "Index Scan", "Parent Relationship": "Outer", "Scan Direction": "Forward", "Index Name": "title_pkey", "Relation Name": "title", "Alias": "t", "Startup Cost": 10000000000.0, "Total Cost": 1000013540359.91, "Plan Rows": 43, "Plan Width": 21, "Filter": "((production_year >= 2006) AND (production_year <= 2007) AND (((title)::text ~~ 'One Piece%'::text) OR ((title)::text ~~ 'Dragon Ball Z%'::text)))"}]}]}, {"Node Type": "Hash", "Parent Relationship": "Inner", "Startup Cost": 1000014976477.98, "Total Cost": 1000014976477.98, "Plan Rows": 1652, "Plan Width": 8, "Plans": [{"Node Type": "Index Scan", "Parent Relationship": "Outer", "Scan Direction": "Forward", "Index Name": "company_id_movie_companies", "Relation Name": "movie_companies", "Alias": "mc", "Startup Cost": 10000000000.0, "Total Cost": 1000014976477.98, "Plan Rows": 1652, "Plan Width": 8, "Filter": "(((note)::text ~~ '%(Japan)%'::text) AND ((note)::text !~~ '%(USA)%'::text) AND (((note)::text ~~ '%(2006)%'::text) OR ((note)::text ~~ '%(2007)%'::text)))"}]}]}, {"Node Type": "Index Scan", "Parent Relationship": "Inner", "Scan Direction": "Forward", "Index Name": "person_id_aka_name", "Relation Name": "aka_name", "Alias": "an", "Startup Cost": 10000000000.0, "Total Cost": 1000000000084.38, "Plan Rows": 1, "Plan Width": 20, "Index Cond": "(person_id = ci.person_id)"}]}, {"Node Type": "Index Scan", "Parent Relationship": "Inner", "Scan Direction": "Forward", "Index Name": "company_name_pkey", "Relation Name": "company_name", "Alias": "cn", "Startup Cost": 10000000000.0, "Total Cost": 1000000000437.42, "Plan Rows": 1, "Plan Width": 4, "Index Cond": "(id = mc.company_id)", "Filter": "((country_code)::text = '[jp]'::text)"}]}, {"Node Type": "Index Scan", "Parent Relationship": "Inner", "Scan Direction": "Forward", "Index Name": "name_pkey", "Relation Name": "name", "Alias": "n", "Startup Cost": 10000000000.0, "Total Cost": 1000000000057.22, "Plan Rows": 1, "Plan Width": 4, "Index Cond": "(id = an.person_id)", "Filter": "(((name)::text ~~ '%Yo%'::text) AND ((name)::text !~~ '%Yu%'::text))"}]}]}, "Unique SQL Id": 3956435728, "Planner Runtime": 53}, "explain_analyze_plan": null}, "(64, '108')": {"explain_plan": {"Plan": {"Node Type": "Aggregate", "Strategy": "Plain", "Startup Cost": 64890.38, "Total Cost": 64890.39, "Plan Rows": 1, "Plan Width": 97, "Plans": [{"Node Type": "Nested Loop", "Parent Relationship": "Outer", "Join Type": "Inner", "Startup Cost": 3369.54, "Total Cost": 64890.38, "Plan Rows": 1, "Plan Width": 33, "Inner Unique": true, "Plans": [{"Node Type": "Nested Loop", "Parent Relationship": "Outer", "Join Type": "Inner", "Startup Cost": 3369.54, "Total Cost": 64890.09, "Plan Rows": 1, "Plan Width": 37, "Inner Unique": true, "Plans": [{"Node Type": "Nested Loop", "Parent Relationship": "Outer", "Join Type": "Inner", "Startup Cost": 3369.54, "Total Cost": 64889.51, "Plan Rows": 1, "Plan Width": 45, "Inner Unique": true, "Plans": [{"Node Type": "Nested Loop", "Parent Relationship": "Outer", "Join Type": "Inner", "Startup Cost": 3369.54, "Total Cost": 64885.13, "Plan Rows": 1, "Plan Width": 49, "Inner Unique": false, "Plans": [{"Node Type": "Nested Loop", "Parent Relationship": "Outer", "Join Type": "Inner", "Startup Cost": 3369.54, "Total Cost": 64884.27, "Plan Rows": 1, "Plan Width": 29, "Inner Unique": false, "Join Filter": "(t.id = ci.movie_id)", "Plans": [{"Node Type": "Nested Loop", "Parent Relationship": "Outer", "Join Type": "Inner", "Startup Cost": 3369.54, "Total Cost": 64828.49, "Plan Rows": 2, "Plan Width": 29, "Inner Unique": false, "Plans": [{"Node Type": "Streaming(type: LOCAL GATHER dop: 1/64)", "Parent Relationship": "Outer", "Startup Cost": 3369.54, "Total Cost": 64334.52, "Plan Rows": 43, "Plan Width": 21, "Plans": [{"Node Type": "Seq Scan", "Parent Relationship": "Outer", "Relation Name": "title", "Alias": "t", "Startup Cost": 3369.54, "Total Cost": 64333.63, "Plan Rows": 43, "Plan Width": 21, "Filter": "((production_year >= 2006) AND (production_year <= 2007) AND (((title)::text ~~ 'One Piece%'::text) OR ((title)::text ~~ 'Dragon Ball Z%'::text)))"}]}, {"Node Type": "Index Scan", "Parent Relationship": "Inner", "Scan Direction": "Forward", "Index Name": "movie_id_movie_companies", "Relation Name": "movie_companies", "Alias": "mc", "Startup Cost": 0.0, "Total Cost": 11.48, "Plan Rows": 1, "Plan Width": 8, "Index Cond": "(movie_id = t.id)", "Filter": "(((note)::text ~~ '%(Japan)%'::text) AND ((note)::text !~~ '%(USA)%'::text) AND (((note)::text ~~ '%(2006)%'::text) OR ((note)::text ~~ '%(2007)%'::text)))"}]}, {"Node Type": "Index Scan", "Parent Relationship": "Inner", "Scan Direction": "Forward", "Index Name": "movie_id_cast_info", "Relation Name": "cast_info", "Alias": "ci", "Startup Cost": 0.0, "Total Cost": 27.88, "Plan Rows": 1, "Plan Width": 12, "Index Cond": "(movie_id = mc.movie_id)", "Filter": "((note)::text = '(voice: English version)'::text)"}]}, {"Node Type": "Index Scan", "Parent Relationship": "Inner", "Scan Direction": "Forward", "Index Name": "person_id_aka_name", "Relation Name": "aka_name", "Alias": "an", "Startup Cost": 0.0, "Total Cost": 0.84, "Plan Rows": 1, "Plan Width": 20, "Index Cond": "(person_id = ci.person_id)"}]}, {"Node Type": "Index Scan", "Parent Relationship": "Inner", "Scan Direction": "Forward", "Index Name": "company_name_pkey", "Relation Name": "company_name", "Alias": "cn", "Startup Cost": 0.0, "Total Cost": 4.37, "Plan Rows": 1, "Plan Width": 4, "Index Cond": "(id = mc.company_id)", "Filter": "((country_code)::text = '[jp]'::text)"}]}, {"Node Type": "Index Scan", "Parent Relationship": "Inner", "Scan Direction": "Forward", "Index Name": "name_pkey", "Relation Name": "name", "Alias": "n", "Startup Cost": 0.0, "Total Cost": 0.57, "Plan Rows": 1, "Plan Width": 4, "Index Cond": "(id = an.person_id)", "Filter": "(((name)::text ~~ '%Yo%'::text) AND ((name)::text !~~ '%Yu%'::text))"}]}, {"Node Type": "Index Scan", "Parent Relationship": "Inner", "Scan Direction": "Forward", "Index Name": "role_type_pkey", "Relation Name": "role_type", "Alias": "rt", "Startup Cost": 0.0, "Total Cost": 0.27, "Plan Rows": 1, "Plan Width": 4, "Index Cond": "(id = ci.role_id)", "Filter": "((role)::text = 'actress'::text)"}]}]}, "Unique SQL Id": 3956435728, "Planner Runtime": 19}, "explain_analyze_plan": {"Plan": {"Node Type": "Aggregate", "Strategy": "Plain", "Startup Cost": 64890.38, "Total Cost": 64890.39, "Plan Rows": 1, "Plan Width": 97, "Actual Min Startup Time": 129.95, "Actual Max Startup Time": 129.95, "Actual Min Total Time": 129.951, "Actual Max Total Time": 129.951, "Plans": [{"Node Type": "Nested Loop", "Parent Relationship": "Outer", "Join Type": "Inner", "Startup Cost": 3369.54, "Total Cost": 64890.38, "Plan Rows": 1, "Plan Width": 33, "Actual Min Startup Time": 82.756, "Actual Max Startup Time": 82.756, "Actual Min Total Time": 129.873, "Actual Max Total Time": 129.873, "Inner Unique": true, "Plans": [{"Node Type": "Nested Loop", "Parent Relationship": "Outer", "Join Type": "Inner", "Startup Cost": 3369.54, "Total Cost": 64890.09, "Plan Rows": 1, "Plan Width": 37, "Actual Min Startup Time": 82.738, "Actual Max Startup Time": 82.738, "Actual Min Total Time": 129.822, "Actual Max Total Time": 129.822, "Inner Unique": true, "Plans": [{"Node Type": "Nested Loop", "Parent Relationship": "Outer", "Join Type": "Inner", "Startup Cost": 3369.54, "Total Cost": 64889.51, "Plan Rows": 1, "Plan Width": 45, "Actual Min Startup Time": 81.529, "Actual Max Startup Time": 81.529, "Actual Min Total Time": 128.829, "Actual Max Total Time": 128.829, "Inner Unique": true, "Plans": [{"Node Type": "Nested Loop", "Parent Relationship": "Outer", "Join Type": "Inner", "Startup Cost": 3369.54, "Total Cost": 64885.13, "Plan Rows": 1, "Plan Width": 49, "Actual Min Startup Time": 81.496, "Actual Max Startup Time": 81.496, "Actual Min Total Time": 128.07, "Actual Max Total Time": 128.07, "Inner Unique": false, "Plans": [{"Node Type": "Nested Loop", "Parent Relationship": "Outer", "Join Type": "Inner", "Startup Cost": 3369.54, "Total Cost": 64884.27, "Plan Rows": 1, "Plan Width": 29, "Actual Min Startup Time": 81.476, "Actual Max Startup Time": 81.476, "Actual Min Total Time": 127.263, "Actual Max Total Time": 127.263, "Inner Unique": false, "Join Filter": "(t.id = ci.movie_id)", "Rows Removed by Join Filter": 0, "Plans": [{"Node Type": "Nested Loop", "Parent Relationship": "Outer", "Join Type": "Inner", "Startup Cost": 3369.54, "Total Cost": 64828.49, "Plan Rows": 2, "Plan Width": 29, "Actual Min Startup Time": 81.441, "Actual Max Startup Time": 81.441, "Actual Min Total Time": 126.75, "Actual Max Total Time": 126.75, "Inner Unique": false, "Plans": [{"Node Type": "Streaming(type: LOCAL GATHER dop: 1/64)", "Parent Relationship": "Outer", "Startup Cost": 3369.54, "Total Cost": 64334.52, "Plan Rows": 43, "Plan Width": 21, "Actual Min Startup Time": 81.336, "Actual Max Startup Time": 81.336, "Actual Min Total Time": 126.394, "Actual Max Total Time": 126.394, "Plans": [{"Node Type": "Seq Scan", "Parent Relationship": "Outer", "Relation Name": "title", "Alias": "t", "Startup Cost": 3369.54, "Total Cost": 64333.63, "Plan Rows": 43, "Plan Width": 21, "Actual Min Startup Time": 11.827, "Actual Max Startup Time": 38.588, "Actual Min Total Time": 14.967, "Actual Max Total Time": 38.588, "Filter": "((production_year >= 2006) AND (production_year <= 2007) AND (((title)::text ~~ 'One Piece%'::text) OR ((title)::text ~~ 'Dragon Ball Z%'::text)))", "Rows Removed by Filter": 2528304, "Actual Rows": 7}], "Actual Rows": 7}, {"Node Type": "Index Scan", "Parent Relationship": "Inner", "Scan Direction": "Forward", "Index Name": "movie_id_movie_companies", "Relation Name": "movie_companies", "Alias": "mc", "Startup Cost": 0.0, "Total Cost": 11.48, "Plan Rows": 1, "Plan Width": 8, "Actual Min Startup Time": 0.272, "Actual Max Startup Time": 0.272, "Actual Min Total Time": 0.284, "Actual Max Total Time": 0.284, "Index Cond": "(movie_id = t.id)", "Rows Removed by Index Recheck": 0, "Filter": "(((note)::text ~~ '%(Japan)%'::text) AND ((note)::text !~~ '%(USA)%'::text) AND (((note)::text ~~ '%(2006)%'::text) OR ((note)::text ~~ '%(2007)%'::text)))", "Rows Removed by Filter": 13, "Actual Rows": 4}], "Actual Rows": 4}, {"Node Type": "Index Scan", "Parent Relationship": "Inner", "Scan Direction": "Forward", "Index Name": "movie_id_cast_info", "Relation Name": "cast_info", "Alias": "ci", "Startup Cost": 0.0, "Total Cost": 27.88, "Plan Rows": 1, "Plan Width": 12, "Actual Min Startup Time": 0.149, "Actual Max Startup Time": 0.149, "Actual Min Total Time": 0.418, "Actual Max Total Time": 0.418, "Index Cond": "(movie_id = mc.movie_id)", "Rows Removed by Index Recheck": 0, "Filter": "((note)::text = '(voice: English version)'::text)", "Rows Removed by Filter": 68, "Actual Rows": 104}], "Actual Rows": 104}, {"Node Type": "Index Scan", "Parent Relationship": "Inner", "Scan Direction": "Forward", "Index Name": "person_id_aka_name", "Relation Name": "aka_name", "Alias": "an", "Startup Cost": 0.0, "Total Cost": 0.84, "Plan Rows": 1, "Plan Width": 20, "Actual Min Startup Time": 0.573, "Actual Max Startup Time": 0.573, "Actual Min Total Time": 0.686, "Actual Max Total Time": 0.686, "Index Cond": "(person_id = ci.person_id)", "Rows Removed by Index Recheck": 0, "Actual Rows": 171}], "Actual Rows": 171}, {"Node Type": "Index Scan", "Parent Relationship": "Inner", "Scan Direction": "Forward", "Index Name": "company_name_pkey", "Relation Name": "company_name", "Alias": "cn", "Startup Cost": 0.0, "Total Cost": 4.37, "Plan Rows": 1, "Plan Width": 4, "Actual Min Startup Time": 0.589, "Actual Max Startup Time": 0.589, "Actual Min Total Time": 0.589, "Actual Max Total Time": 0.589, "Index Cond": "(id = mc.company_id)", "Rows Removed by Index Recheck": 0, "Filter": "((country_code)::text = '[jp]'::text)", "Rows Removed by Filter": 0, "Actual Rows": 171}], "Actual Rows": 171}, {"Node Type": "Index Scan", "Parent Relationship": "Inner", "Scan Direction": "Forward", "Index Name": "name_pkey", "Relation Name": "name", "Alias": "n", "Startup Cost": 0.0, "Total Cost": 0.57, "Plan Rows": 1, "Plan Width": 4, "Actual Min Startup Time": 0.882, "Actual Max Startup Time": 0.882, "Actual Min Total Time": 0.882, "Actual Max Total Time": 0.882, "Index Cond": "(id = an.person_id)", "Rows Removed by Index Recheck": 0, "Filter": "(((name)::text ~~ '%Yo%'::text) AND ((name)::text !~~ '%Yu%'::text))", "Rows Removed by Filter": 165, "Actual Rows": 6}], "Actual Rows": 6}, {"Node Type": "Index Scan", "Parent Relationship": "Inner", "Scan Direction": "Forward", "Index Name": "role_type_pkey", "Relation Name": "role_type", "Alias": "rt", "Startup Cost": 0.0, "Total Cost": 0.27, "Plan Rows": 1, "Plan Width": 4, "Actual Min Startup Time": 0.03, "Actual Max Startup Time": 0.03, "Actual Min Total Time": 0.03, "Actual Max Total Time": 0.03, "Index Cond": "(id = ci.role_id)", "Rows Removed by Index Recheck": 0, "Filter": "((role)::text = 'actress'::text)", "Rows Removed by Filter": 0, "Actual Rows": 6}], "Actual Rows": 6}], "Actual Rows": 1}, "Triggers": [], "Planner Runtime": 31.722, "Total Runtime": 142.327, "Unique SQL Id": 3956435728}}, "(64, '109')": {"explain_plan": {"Plan": {"Node Type": "Aggregate", "Strategy": "Plain", "Startup Cost": 84111.26, "Total Cost": 84111.27, "Plan Rows": 1, "Plan Width": 97, "Plans": [{"Node Type": "Nested Loop", "Parent Relationship": "Outer", "Join Type": "Inner", "Startup Cost": 0.0, "Total Cost": 84111.26, "Plan Rows": 1, "Plan Width": 33, "Inner Unique": true, "Plans": [{"Node Type": "Nested Loop", "Parent Relationship": "Outer", "Join Type": "Inner", "Startup Cost": 0.0, "Total Cost": 84110.97, "Plan Rows": 1, "Plan Width": 37, "Inner Unique": true, "Plans": [{"Node Type": "Nested Loop", "Parent Relationship": "Outer", "Join Type": "Inner", "Startup Cost": 0.0, "Total Cost": 84110.39, "Plan Rows": 1, "Plan Width": 45, "Inner Unique": false, "Plans": [{"Node Type": "Nested Loop", "Parent Relationship": "Outer", "Join Type": "Inner", "Startup Cost": 0.0, "Total Cost": 84109.54, "Plan Rows": 1, "Plan Width": 25, "Inner Unique": false, "Join Filter": "(t.id = ci.movie_id)", "Plans": [{"Node Type": "Nested Loop", "Parent Relationship": "Outer", "Join Type": "Inner", "Startup Cost": 0.0, "Total Cost": 84053.76, "Plan Rows": 2, "Plan Width": 25, "Inner Unique": true, "Plans": [{"Node Type": "Nested Loop", "Parent Relationship": "Outer", "Join Type": "Inner", "Startup Cost": 0.0, "Total Cost": 81991.53, "Plan Rows": 262, "Plan Width": 4, "Inner Unique": false, "Plans": [{"Node Type": "Index Scan", "Parent Relationship": "Outer", "Scan Direction": "Forward", "Index Name": "company_name_pkey", "Relation Name": "company_name", "Alias": "cn", "Startup Cost": 0.0, "Total Cost": 10501.39, "Plan Rows": 6290, "Plan Width": 4, "Filter": "((country_code)::text = '[jp]'::text)"}, {"Node Type": "Index Scan", "Parent Relationship": "Inner", "Scan Direction": "Forward", "Index Name": "company_id_movie_companies", "Relation Name": "movie_companies", "Alias": "mc", "Startup Cost": 0.0, "Total Cost": 11.36, "Plan Rows": 1, "Plan Width": 8, "Index Cond": "(company_id = cn.id)", "Filter": "(((note)::text ~~ '%(Japan)%'::text) AND ((note)::text !~~ '%(USA)%'::text) AND (((note)::text ~~ '%(2006)%'::text) OR ((note)::text ~~ '%(2007)%'::text)))"}]}, {"Node Type": "Index Scan", "Parent Relationship": "Inner", "Scan Direction": "Forward", "Index Name": "title_pkey", "Relation Name": "title", "Alias": "t", "Startup Cost": 0.0, "Total Cost": 7.86, "Plan Rows": 1, "Plan Width": 21, "Index Cond": "(id = mc.movie_id)", "Filter": "((production_year >= 2006) AND (production_year <= 2007) AND (((title)::text ~~ 'One Piece%'::text) OR ((title)::text ~~ 'Dragon Ball Z%'::text)))"}]}, {"Node Type": "Index Scan", "Parent Relationship": "Inner", "Scan Direction": "Forward", "Index Name": "movie_id_cast_info", "Relation Name": "cast_info", "Alias": "ci", "Startup Cost": 0.0, "Total Cost": 27.88, "Plan Rows": 1, "Plan Width": 12, "Index Cond": "(movie_id = mc.movie_id)", "Filter": "((note)::text = '(voice: English version)'::text)"}]}, {"Node Type": "Index Scan", "Parent Relationship": "Inner", "Scan Direction": "Forward", "Index Name": "person_id_aka_name", "Relation Name": "aka_name", "Alias": "an", "Startup Cost": 0.0, "Total Cost": 0.84, "Plan Rows": 1, "Plan Width": 20, "Index Cond": "(person_id = ci.person_id)"}]}, {"Node Type": "Index Scan", "Parent Relationship": "Inner", "Scan Direction": "Forward", "Index Name": "name_pkey", "Relation Name": "name", "Alias": "n", "Startup Cost": 0.0, "Total Cost": 0.57, "Plan Rows": 1, "Plan Width": 4, "Index Cond": "(id = an.person_id)", "Filter": "(((name)::text ~~ '%Yo%'::text) AND ((name)::text !~~ '%Yu%'::text))"}]}, {"Node Type": "Index Scan", "Parent Relationship": "Inner", "Scan Direction": "Forward", "Index Name": "role_type_pkey", "Relation Name": "role_type", "Alias": "rt", "Startup Cost": 0.0, "Total Cost": 0.27, "Plan Rows": 1, "Plan Width": 4, "Index Cond": "(id = ci.role_id)", "Filter": "((role)::text = 'actress'::text)"}]}]}, "Unique SQL Id": 3956435728, "Planner Runtime": 12}, "explain_analyze_plan": {"Plan": {"Node Type": "Aggregate", "Strategy": "Plain", "Startup Cost": 84111.26, "Total Cost": 84111.27, "Plan Rows": 1, "Plan Width": 97, "Actual Startup Time": 508.933, "Actual Total Time": 508.933, "Actual Rows": 1, "Actual Loops": 1, "Plans": [{"Node Type": "Nested Loop", "Parent Relationship": "Outer", "Join Type": "Inner", "Startup Cost": 0.0, "Total Cost": 84111.26, "Plan Rows": 1, "Plan Width": 33, "Actual Startup Time": 43.321, "Actual Total Time": 508.871, "Actual Rows": 6, "Actual Loops": 1, "Inner Unique": true, "Plans": [{"Node Type": "Nested Loop", "Parent Relationship": "Outer", "Join Type": "Inner", "Startup Cost": 0.0, "Total Cost": 84110.97, "Plan Rows": 1, "Plan Width": 37, "Actual Startup Time": 43.31, "Actual Total Time": 508.838, "Actual Rows": 6, "Actual Loops": 1, "Inner Unique": true, "Plans": [{"Node Type": "Nested Loop", "Parent Relationship": "Outer", "Join Type": "Inner", "Startup Cost": 0.0, "Total Cost": 84110.39, "Plan Rows": 1, "Plan Width": 45, "Actual Startup Time": 42.486, "Actual Total Time": 507.995, "Actual Rows": 171, "Actual Loops": 1, "Inner Unique": false, "Plans": [{"Node Type": "Nested Loop", "Parent Relationship": "Outer", "Join Type": "Inner", "Startup Cost": 0.0, "Total Cost": 84109.54, "Plan Rows": 1, "Plan Width": 25, "Actual Startup Time": 42.471, "Actual Total Time": 507.321, "Actual Rows": 104, "Actual Loops": 1, "Inner Unique": false, "Join Filter": "(t.id = ci.movie_id)", "Rows Removed by Join Filter": 0, "Plans": [{"Node Type": "Nested Loop", "Parent Relationship": "Outer", "Join Type": "Inner", "Startup Cost": 0.0, "Total Cost": 84053.76, "Plan Rows": 2, "Plan Width": 25, "Actual Startup Time": 42.377, "Actual Total Time": 506.931, "Actual Rows": 4, "Actual Loops": 1, "Inner Unique": true, "Plans": [{"Node Type": "Nested Loop", "Parent Relationship": "Outer", "Join Type": "Inner", "Startup Cost": 0.0, "Total Cost": 81991.53, "Plan Rows": 262, "Plan Width": 4, "Actual Startup Time": 0.202, "Actual Total Time": 458.712, "Actual Rows": 8495, "Actual Loops": 1, "Inner Unique": false, "Plans": [{"Node Type": "Index Scan", "Parent Relationship": "Outer", "Scan Direction": "Forward", "Index Name": "company_name_pkey", "Relation Name": "company_name", "Alias": "cn", "Startup Cost": 0.0, "Total Cost": 10501.39, "Plan Rows": 6290, "Plan Width": 4, "Actual Startup Time": 0.167, "Actual Total Time": 270.605, "Actual Rows": 6752, "Actual Loops": 1, "Filter": "((country_code)::text = '[jp]'::text)", "Rows Removed by Filter": 228244}, {"Node Type": "Index Scan", "Parent Relationship": "Inner", "Scan Direction": "Forward", "Index Name": "company_id_movie_companies", "Relation Name": "movie_companies", "Alias": "mc", "Startup Cost": 0.0, "Total Cost": 11.36, "Plan Rows": 1, "Plan Width": 8, "Actual Startup Time": 82.862, "Actual Total Time": 182.042, "Actual Rows": 8495, "Actual Loops": 6752, "Index Cond": "(company_id = cn.id)", "Rows Removed by Index Recheck": 0, "Filter": "(((note)::text ~~ '%(Japan)%'::text) AND ((note)::text !~~ '%(USA)%'::text) AND (((note)::text ~~ '%(2006)%'::text) OR ((note)::text ~~ '%(2007)%'::text)))", "Rows Removed by Filter": 96500}]}, {"Node Type": "Index Scan", "Parent Relationship": "Inner", "Scan Direction": "Forward", "Index Name": "title_pkey", "Relation Name": "title", "Alias": "t", "Startup Cost": 0.0, "Total Cost": 7.86, "Plan Rows": 1, "Plan Width": 21, "Actual Startup Time": 43.82, "Actual Total Time": 43.82, "Actual Rows": 4, "Actual Loops": 8495, "Index Cond": "(id = mc.movie_id)", "Rows Removed by Index Recheck": 0, "Filter": "((production_year >= 2006) AND (production_year <= 2007) AND (((title)::text ~~ 'One Piece%'::text) OR ((title)::text ~~ 'Dragon Ball Z%'::text)))", "Rows Removed by Filter": 8491}]}, {"Node Type": "Index Scan", "Parent Relationship": "Inner", "Scan Direction": "Forward", "Index Name": "movie_id_cast_info", "Relation Name": "cast_info", "Alias": "ci", "Startup Cost": 0.0, "Total Cost": 27.88, "Plan Rows": 1, "Plan Width": 12, "Actual Startup Time": 0.107, "Actual Total Time": 0.315, "Actual Rows": 104, "Actual Loops": 4, "Index Cond": "(movie_id = mc.movie_id)", "Rows Removed by Index Recheck": 0, "Filter": "((note)::text = '(voice: English version)'::text)", "Rows Removed by Filter": 68}]}, {"Node Type": "Index Scan", "Parent Relationship": "Inner", "Scan Direction": "Forward", "Index Name": "person_id_aka_name", "Relation Name": "aka_name", "Alias": "an", "Startup Cost": 0.0, "Total Cost": 0.84, "Plan Rows": 1, "Plan Width": 20, "Actual Startup Time": 0.474, "Actual Total Time": 0.579, "Actual Rows": 171, "Actual Loops": 104, "Index Cond": "(person_id = ci.person_id)", "Rows Removed by Index Recheck": 0}]}, {"Node Type": "Index Scan", "Parent Relationship": "Inner", "Scan Direction": "Forward", "Index Name": "name_pkey", "Relation Name": "name", "Alias": "n", "Startup Cost": 0.0, "Total Cost": 0.57, "Plan Rows": 1, "Plan Width": 4, "Actual Startup Time": 0.754, "Actual Total Time": 0.754, "Actual Rows": 6, "Actual Loops": 171, "Index Cond": "(id = an.person_id)", "Rows Removed by Index Recheck": 0, "Filter": "(((name)::text ~~ '%Yo%'::text) AND ((name)::text !~~ '%Yu%'::text))", "Rows Removed by Filter": 165}]}, {"Node Type": "Index Scan", "Parent Relationship": "Inner", "Scan Direction": "Forward", "Index Name": "role_type_pkey", "Relation Name": "role_type", "Alias": "rt", "Startup Cost": 0.0, "Total Cost": 0.27, "Plan Rows": 1, "Plan Width": 4, "Actual Startup Time": 0.021, "Actual Total Time": 0.021, "Actual Rows": 6, "Actual Loops": 6, "Index Cond": "(id = ci.role_id)", "Rows Removed by Index Recheck": 0, "Filter": "((role)::text = 'actress'::text)", "Rows Removed by Filter": 0}]}]}, "Triggers": [], "Planner Runtime": 28.465, "Total Runtime": 509.196, "Unique SQL Id": 3956435728}}, "(64, '110')": {"explain_plan": {"Plan": {"Node Type": "Aggregate", "Strategy": "Plain", "Startup Cost": 299500.26, "Total Cost": 299500.27, "Plan Rows": 1, "Plan Width": 97, "Plans": [{"Node Type": "Hash Join", "Parent Relationship": "Outer", "Join Type": "Inner", "Startup Cost": 223322.12, "Total Cost": 299500.25, "Plan Rows": 1, "Plan Width": 33, "Inner Unique": true, "Hash Cond": "(ci.role_id = rt.id)", "Plans": [{"Node Type": "Hash Join", "Parent Relationship": "Outer", "Join Type": "Inner", "Startup Cost": 223320.95, "Total Cost": 299499.08, "Plan Rows": 1, "Plan Width": 37, "Inner Unique": true, "Hash Cond": "(mc.company_id = cn.id)", "Plans": [{"Node Type": "Hash Join", "Parent Relationship": "Outer", "Join Type": "Inner", "Startup Cost": 217338.88, "Total Cost": 293516.99, "Plan Rows": 1, "Plan Width": 41, "Inner Unique": false, "Hash Cond": "(ci.person_id = an.person_id)", "Plans": [{"Node Type": "Hash Join", "Parent Relationship": "Outer", "Join Type": "Inner", "Startup Cost": 128436.44, "Total Cost": 204614.53, "Plan Rows": 1, "Plan Width": 29, "Inner Unique": false, "Hash Cond": "(ci.movie_id = t.id)", "Plans": [{"Node Type": "Streaming(type: LOCAL GATHER dop: 1/64)", "Parent Relationship": "Outer", "Startup Cost": 0.0, "Total Cost": 75815.47, "Plan Rows": 96692, "Plan Width": 12, "Plans": [{"Node Type": "Seq Scan", "Parent Relationship": "Outer", "Relation Name": "cast_info", "Alias": "ci", "Startup Cost": 0.0, "Total Cost": 73820.73, "Plan Rows": 96692, "Plan Width": 12, "Filter": "((note)::text = '(voice: English version)'::text)"}]}, {"Node Type": "Hash", "Parent Relationship": "Inner", "Startup Cost": 128436.42, "Total Cost": 128436.42, "Plan Rows": 2, "Plan Width": 29, "Plans": [{"Node Type": "Hash Join", "Parent Relationship": "Outer", "Join Type": "Inner", "Startup Cost": 64335.05, "Total Cost": 128436.42, "Plan Rows": 2, "Plan Width": 29, "Inner Unique": true, "Hash Cond": "(mc.movie_id = t.id)", "Plans": [{"Node Type": "Streaming(type: LOCAL GATHER dop: 1/64)", "Parent Relationship": "Outer", "Startup Cost": 0.0, "Total Cost": 64095.15, "Plan Rows": 1652, "Plan Width": 8, "Plans": [{"Node Type": "Seq Scan", "Parent Relationship": "Outer", "Relation Name": "movie_companies", "Alias": "mc", "Startup Cost": 0.0, "Total Cost": 64061.07, "Plan Rows": 1652, "Plan Width": 8, "Filter": "(((note)::text ~~ '%(Japan)%'::text) AND ((note)::text !~~ '%(USA)%'::text) AND (((note)::text ~~ '%(2006)%'::text) OR ((note)::text ~~ '%(2007)%'::text)))"}]}, {"Node Type": "Hash", "Parent Relationship": "Inner", "Startup Cost": 64334.52, "Total Cost": 64334.52, "Plan Rows": 43, "Plan Width": 21, "Plans": [{"Node Type": "Streaming(type: LOCAL GATHER dop: 1/64)", "Parent Relationship": "Outer", "Startup Cost": 3369.54, "Total Cost": 64334.52, "Plan Rows": 43, "Plan Width": 21, "Plans": [{"Node Type": "Seq Scan", "Parent Relationship": "Outer", "Relation Name": "title", "Alias": "t", "Startup Cost": 3369.54, "Total Cost": 64333.63, "Plan Rows": 43, "Plan Width": 21, "Filter": "((production_year >= 2006) AND (production_year <= 2007) AND (((title)::text ~~ 'One Piece%'::text) OR ((title)::text ~~ 'Dragon Ball Z%'::text)))"}]}]}]}]}]}, {"Node Type": "Hash", "Parent Relationship": "Inner", "Startup Cost": 88694.6, "Total Cost": 88694.6, "Plan Rows": 16627, "Plan Width": 24, "Plans": [{"Node Type": "Hash Join", "Parent Relationship": "Outer", "Join Type": "Inner", "Startup Cost": 65239.88, "Total Cost": 88694.6, "Plan Rows": 16627, "Plan Width": 24, "Inner Unique": true, "Hash Cond": "(an.person_id = n.id)", "Plans": [{"Node Type": "Seq Scan", "Parent Relationship": "Outer", "Relation Name": "aka_name", "Alias": "an", "Startup Cost": 0.0, "Total Cost": 19908.42, "Plan Rows": 901342, "Plan Width": 20}, {"Node Type": "Hash", "Parent Relationship": "Inner", "Startup Cost": 65066.3, "Total Cost": 65066.3, "Plan Rows": 13886, "Plan Width": 4, "Plans": [{"Node Type": "Streaming(type: LOCAL GATHER dop: 1/64)", "Parent Relationship": "Outer", "Startup Cost": 0.0, "Total Cost": 65066.3, "Plan Rows": 13886, "Plan Width": 4, "Plans": [{"Node Type": "Seq Scan", "Parent Relationship": "Outer", "Relation Name": "name", "Alias": "n", "Startup Cost": 0.0, "Total Cost": 64779.83, "Plan Rows": 13886, "Plan Width": 4, "Filter": "(((name)::text ~~ '%Yo%'::text) AND ((name)::text !~~ '%Yu%'::text))"}]}]}]}]}]}, {"Node Type": "Hash", "Parent Relationship": "Inner", "Startup Cost": 5903.45, "Total Cost": 5903.45, "Plan Rows": 6290, "Plan Width": 4, "Plans": [{"Node Type": "Seq Scan", "Parent Relationship": "Outer", "Relation Name": "company_name", "Alias": "cn", "Startup Cost": 0.0, "Total Cost": 5903.45, "Plan Rows": 6290, "Plan Width": 4, "Filter": "((country_code)::text = '[jp]'::text)"}]}]}, {"Node Type": "Hash", "Parent Relationship": "Inner", "Startup Cost": 1.15, "Total Cost": 1.15, "Plan Rows": 1, "Plan Width": 4, "Plans": [{"Node Type": "Seq Scan", "Parent Relationship": "Outer", "Relation Name": "role_type", "Alias": "rt", "Startup Cost": 0.0, "Total Cost": 1.15, "Plan Rows": 1, "Plan Width": 4, "Filter": "((role)::text = 'actress'::text)"}]}]}]}, "Unique SQL Id": 3956435728, "Planner Runtime": 99}, "explain_analyze_plan": null}, "(64, '111')": {"explain_plan": {"Plan": {"Node Type": "Aggregate", "Strategy": "Plain", "Startup Cost": 7000043187148.34, "Total Cost": 7000043187148.35, "Plan Rows": 1, "Plan Width": 97, "Plans": [{"Node Type": "Nested Loop", "Parent Relationship": "Outer", "Join Type": "Inner", "Startup Cost": 2050028516859.08, "Total Cost": 7000043187148.34, "Plan Rows": 1, "Plan Width": 33, "Inner Unique": true, "Plans": [{"Node Type": "Nested Loop", "Parent Relationship": "Outer", "Join Type": "Inner", "Startup Cost": 2040028516859.08, "Total Cost": 6000043187091.11, "Plan Rows": 1, "Plan Width": 41, "Inner Unique": true, "Plans": [{"Node Type": "Nested Loop", "Parent Relationship": "Outer", "Join Type": "Inner", "Startup Cost": 2030028516859.08, "Total Cost": 5000043186653.68, "Plan Rows": 1, "Plan Width": 45, "Inner Unique": false, "Plans": [{"Node Type": "Hash Join", "Parent Relationship": "Outer", "Join Type": "Inner", "Startup Cost": 2020028516859.08, "Total Cost": 4000043186569.29, "Plan Rows": 1, "Plan Width": 25, "Inner Unique": false, "Hash Cond": "(ci.movie_id = mc.movie_id)", "Plans": [{"Node Type": "Hash Join", "Parent Relationship": "Outer", "Join Type": "Inner", "Startup Cost": 1020013540360.45, "Total Cost": 3000028210059.62, "Plan Rows": 43, "Plan Width": 29, "Inner Unique": true, "Hash Cond": "(ci.movie_id = t.id)", "Plans": [{"Node Type": "Nested Loop", "Parent Relationship": "Outer", "Join Type": "Inner", "Startup Cost": 20000000000.0, "Total Cost": 2000014669674.4, "Plan Rows": 8790, "Plan Width": 8, "Inner Unique": false, "Plans": [{"Node Type": "Index Scan", "Parent Relationship": "Outer", "Scan Direction": "Forward", "Index Name": "role_type_pkey", "Relation Name": "role_type", "Alias": "rt", "Startup Cost": 10000000000.0, "Total Cost": 1000000001246.0, "Plan Rows": 1, "Plan Width": 4, "Filter": "((role)::text = 'actress'::text)"}, {"Node Type": "Index Scan", "Parent Relationship": "Inner", "Scan Direction": "Forward", "Index Name": "role_id_cast_info", "Relation Name": "cast_info", "Alias": "ci", "Startup Cost": 10000000000.0, "Total Cost": 1000014668340.5, "Plan Rows": 8790, "Plan Width": 12, "Index Cond": "(role_id = rt.id)", "Filter": "((note)::text = '(voice: English version)'::text)"}]}, {"Node Type": "Hash", "Parent Relationship": "Inner", "Startup Cost": 1000013540359.91, "Total Cost": 1000013540359.91, "Plan Rows": 43, "Plan Width": 21, "Plans": [{"Node Type": "Index Scan", "Parent Relationship": "Outer", "Scan Direction": "Forward", "Index Name": "title_pkey", "Relation Name": "title", "Alias": "t", "Startup Cost": 10000000000.0, "Total Cost": 1000013540359.91, "Plan Rows": 43, "Plan Width": 21, "Filter": "((production_year >= 2006) AND (production_year <= 2007) AND (((title)::text ~~ 'One Piece%'::text) OR ((title)::text ~~ 'Dragon Ball Z%'::text)))"}]}]}, {"Node Type": "Hash", "Parent Relationship": "Inner", "Startup Cost": 1000014976477.98, "Total Cost": 1000014976477.98, "Plan Rows": 1652, "Plan Width": 8, "Plans": [{"Node Type": "Index Scan", "Parent Relationship": "Outer", "Scan Direction": "Forward", "Index Name": "company_id_movie_companies", "Relation Name": "movie_companies", "Alias": "mc", "Startup Cost": 10000000000.0, "Total Cost": 1000014976477.98, "Plan Rows": 1652, "Plan Width": 8, "Filter": "(((note)::text ~~ '%(Japan)%'::text) AND ((note)::text !~~ '%(USA)%'::text) AND (((note)::text ~~ '%(2006)%'::text) OR ((note)::text ~~ '%(2007)%'::text)))"}]}]}, {"Node Type": "Index Scan", "Parent Relationship": "Inner", "Scan Direction": "Forward", "Index Name": "person_id_aka_name", "Relation Name": "aka_name", "Alias": "an", "Startup Cost": 10000000000.0, "Total Cost": 1000000000084.38, "Plan Rows": 1, "Plan Width": 20, "Index Cond": "(person_id = ci.person_id)"}]}, {"Node Type": "Index Scan", "Parent Relationship": "Inner", "Scan Direction": "Forward", "Index Name": "company_name_pkey", "Relation Name": "company_name", "Alias": "cn", "Startup Cost": 10000000000.0, "Total Cost": 1000000000437.42, "Plan Rows": 1, "Plan Width": 4, "Index Cond": "(id = mc.company_id)", "Filter": "((country_code)::text = '[jp]'::text)"}]}, {"Node Type": "Index Scan", "Parent Relationship": "Inner", "Scan Direction": "Forward", "Index Name": "name_pkey", "Relation Name": "name", "Alias": "n", "Startup Cost": 10000000000.0, "Total Cost": 1000000000057.22, "Plan Rows": 1, "Plan Width": 4, "Index Cond": "(id = an.person_id)", "Filter": "(((name)::text ~~ '%Yo%'::text) AND ((name)::text !~~ '%Yu%'::text))"}]}]}, "Unique SQL Id": 3956435728, "Planner Runtime": 53}, "explain_analyze_plan": null}, "(64, '112')": {"explain_plan": {"Plan": {"Node Type": "Aggregate", "Strategy": "Plain", "Startup Cost": 64890.38, "Total Cost": 64890.39, "Plan Rows": 1, "Plan Width": 97, "Plans": [{"Node Type": "Nested Loop", "Parent Relationship": "Outer", "Join Type": "Inner", "Startup Cost": 3369.54, "Total Cost": 64890.38, "Plan Rows": 1, "Plan Width": 33, "Inner Unique": true, "Plans": [{"Node Type": "Nested Loop", "Parent Relationship": "Outer", "Join Type": "Inner", "Startup Cost": 3369.54, "Total Cost": 64890.09, "Plan Rows": 1, "Plan Width": 37, "Inner Unique": true, "Plans": [{"Node Type": "Nested Loop", "Parent Relationship": "Outer", "Join Type": "Inner", "Startup Cost": 3369.54, "Total Cost": 64889.51, "Plan Rows": 1, "Plan Width": 45, "Inner Unique": true, "Plans": [{"Node Type": "Nested Loop", "Parent Relationship": "Outer", "Join Type": "Inner", "Startup Cost": 3369.54, "Total Cost": 64885.13, "Plan Rows": 1, "Plan Width": 49, "Inner Unique": false, "Plans": [{"Node Type": "Nested Loop", "Parent Relationship": "Outer", "Join Type": "Inner", "Startup Cost": 3369.54, "Total Cost": 64884.27, "Plan Rows": 1, "Plan Width": 29, "Inner Unique": false, "Join Filter": "(t.id = ci.movie_id)", "Plans": [{"Node Type": "Nested Loop", "Parent Relationship": "Outer", "Join Type": "Inner", "Startup Cost": 3369.54, "Total Cost": 64828.49, "Plan Rows": 2, "Plan Width": 29, "Inner Unique": false, "Plans": [{"Node Type": "Streaming(type: LOCAL GATHER dop: 1/64)", "Parent Relationship": "Outer", "Startup Cost": 3369.54, "Total Cost": 64334.52, "Plan Rows": 43, "Plan Width": 21, "Plans": [{"Node Type": "Seq Scan", "Parent Relationship": "Outer", "Relation Name": "title", "Alias": "t", "Startup Cost": 3369.54, "Total Cost": 64333.63, "Plan Rows": 43, "Plan Width": 21, "Filter": "((production_year >= 2006) AND (production_year <= 2007) AND (((title)::text ~~ 'One Piece%'::text) OR ((title)::text ~~ 'Dragon Ball Z%'::text)))"}]}, {"Node Type": "Index Scan", "Parent Relationship": "Inner", "Scan Direction": "Forward", "Index Name": "movie_id_movie_companies", "Relation Name": "movie_companies", "Alias": "mc", "Startup Cost": 0.0, "Total Cost": 11.48, "Plan Rows": 1, "Plan Width": 8, "Index Cond": "(movie_id = t.id)", "Filter": "(((note)::text ~~ '%(Japan)%'::text) AND ((note)::text !~~ '%(USA)%'::text) AND (((note)::text ~~ '%(2006)%'::text) OR ((note)::text ~~ '%(2007)%'::text)))"}]}, {"Node Type": "Index Scan", "Parent Relationship": "Inner", "Scan Direction": "Forward", "Index Name": "movie_id_cast_info", "Relation Name": "cast_info", "Alias": "ci", "Startup Cost": 0.0, "Total Cost": 27.88, "Plan Rows": 1, "Plan Width": 12, "Index Cond": "(movie_id = mc.movie_id)", "Filter": "((note)::text = '(voice: English version)'::text)"}]}, {"Node Type": "Index Scan", "Parent Relationship": "Inner", "Scan Direction": "Forward", "Index Name": "person_id_aka_name", "Relation Name": "aka_name", "Alias": "an", "Startup Cost": 0.0, "Total Cost": 0.84, "Plan Rows": 1, "Plan Width": 20, "Index Cond": "(person_id = ci.person_id)"}]}, {"Node Type": "Index Scan", "Parent Relationship": "Inner", "Scan Direction": "Forward", "Index Name": "company_name_pkey", "Relation Name": "company_name", "Alias": "cn", "Startup Cost": 0.0, "Total Cost": 4.37, "Plan Rows": 1, "Plan Width": 4, "Index Cond": "(id = mc.company_id)", "Filter": "((country_code)::text = '[jp]'::text)"}]}, {"Node Type": "Index Scan", "Parent Relationship": "Inner", "Scan Direction": "Forward", "Index Name": "name_pkey", "Relation Name": "name", "Alias": "n", "Startup Cost": 0.0, "Total Cost": 0.57, "Plan Rows": 1, "Plan Width": 4, "Index Cond": "(id = an.person_id)", "Filter": "(((name)::text ~~ '%Yo%'::text) AND ((name)::text !~~ '%Yu%'::text))"}]}, {"Node Type": "Index Scan", "Parent Relationship": "Inner", "Scan Direction": "Forward", "Index Name": "role_type_pkey", "Relation Name": "role_type", "Alias": "rt", "Startup Cost": 0.0, "Total Cost": 0.27, "Plan Rows": 1, "Plan Width": 4, "Index Cond": "(id = ci.role_id)", "Filter": "((role)::text = 'actress'::text)"}]}]}, "Unique SQL Id": 3956435728, "Planner Runtime": 10}, "explain_analyze_plan": {"Plan": {"Node Type": "Aggregate", "Strategy": "Plain", "Startup Cost": 64890.38, "Total Cost": 64890.39, "Plan Rows": 1, "Plan Width": 97, "Actual Min Startup Time": 129.95, "Actual Max Startup Time": 129.95, "Actual Min Total Time": 129.951, "Actual Max Total Time": 129.951, "Plans": [{"Node Type": "Nested Loop", "Parent Relationship": "Outer", "Join Type": "Inner", "Startup Cost": 3369.54, "Total Cost": 64890.38, "Plan Rows": 1, "Plan Width": 33, "Actual Min Startup Time": 82.756, "Actual Max Startup Time": 82.756, "Actual Min Total Time": 129.873, "Actual Max Total Time": 129.873, "Inner Unique": true, "Plans": [{"Node Type": "Nested Loop", "Parent Relationship": "Outer", "Join Type": "Inner", "Startup Cost": 3369.54, "Total Cost": 64890.09, "Plan Rows": 1, "Plan Width": 37, "Actual Min Startup Time": 82.738, "Actual Max Startup Time": 82.738, "Actual Min Total Time": 129.822, "Actual Max Total Time": 129.822, "Inner Unique": true, "Plans": [{"Node Type": "Nested Loop", "Parent Relationship": "Outer", "Join Type": "Inner", "Startup Cost": 3369.54, "Total Cost": 64889.51, "Plan Rows": 1, "Plan Width": 45, "Actual Min Startup Time": 81.529, "Actual Max Startup Time": 81.529, "Actual Min Total Time": 128.829, "Actual Max Total Time": 128.829, "Inner Unique": true, "Plans": [{"Node Type": "Nested Loop", "Parent Relationship": "Outer", "Join Type": "Inner", "Startup Cost": 3369.54, "Total Cost": 64885.13, "Plan Rows": 1, "Plan Width": 49, "Actual Min Startup Time": 81.496, "Actual Max Startup Time": 81.496, "Actual Min Total Time": 128.07, "Actual Max Total Time": 128.07, "Inner Unique": false, "Plans": [{"Node Type": "Nested Loop", "Parent Relationship": "Outer", "Join Type": "Inner", "Startup Cost": 3369.54, "Total Cost": 64884.27, "Plan Rows": 1, "Plan Width": 29, "Actual Min Startup Time": 81.476, "Actual Max Startup Time": 81.476, "Actual Min Total Time": 127.263, "Actual Max Total Time": 127.263, "Inner Unique": false, "Join Filter": "(t.id = ci.movie_id)", "Rows Removed by Join Filter": 0, "Plans": [{"Node Type": "Nested Loop", "Parent Relationship": "Outer", "Join Type": "Inner", "Startup Cost": 3369.54, "Total Cost": 64828.49, "Plan Rows": 2, "Plan Width": 29, "Actual Min Startup Time": 81.441, "Actual Max Startup Time": 81.441, "Actual Min Total Time": 126.75, "Actual Max Total Time": 126.75, "Inner Unique": false, "Plans": [{"Node Type": "Streaming(type: LOCAL GATHER dop: 1/64)", "Parent Relationship": "Outer", "Startup Cost": 3369.54, "Total Cost": 64334.52, "Plan Rows": 43, "Plan Width": 21, "Actual Min Startup Time": 81.336, "Actual Max Startup Time": 81.336, "Actual Min Total Time": 126.394, "Actual Max Total Time": 126.394, "Plans": [{"Node Type": "Seq Scan", "Parent Relationship": "Outer", "Relation Name": "title", "Alias": "t", "Startup Cost": 3369.54, "Total Cost": 64333.63, "Plan Rows": 43, "Plan Width": 21, "Actual Min Startup Time": 11.827, "Actual Max Startup Time": 38.588, "Actual Min Total Time": 14.967, "Actual Max Total Time": 38.588, "Filter": "((production_year >= 2006) AND (production_year <= 2007) AND (((title)::text ~~ 'One Piece%'::text) OR ((title)::text ~~ 'Dragon Ball Z%'::text)))", "Rows Removed by Filter": 2528304, "Actual Rows": 7}], "Actual Rows": 7}, {"Node Type": "Index Scan", "Parent Relationship": "Inner", "Scan Direction": "Forward", "Index Name": "movie_id_movie_companies", "Relation Name": "movie_companies", "Alias": "mc", "Startup Cost": 0.0, "Total Cost": 11.48, "Plan Rows": 1, "Plan Width": 8, "Actual Min Startup Time": 0.272, "Actual Max Startup Time": 0.272, "Actual Min Total Time": 0.284, "Actual Max Total Time": 0.284, "Index Cond": "(movie_id = t.id)", "Rows Removed by Index Recheck": 0, "Filter": "(((note)::text ~~ '%(Japan)%'::text) AND ((note)::text !~~ '%(USA)%'::text) AND (((note)::text ~~ '%(2006)%'::text) OR ((note)::text ~~ '%(2007)%'::text)))", "Rows Removed by Filter": 13, "Actual Rows": 4}], "Actual Rows": 4}, {"Node Type": "Index Scan", "Parent Relationship": "Inner", "Scan Direction": "Forward", "Index Name": "movie_id_cast_info", "Relation Name": "cast_info", "Alias": "ci", "Startup Cost": 0.0, "Total Cost": 27.88, "Plan Rows": 1, "Plan Width": 12, "Actual Min Startup Time": 0.149, "Actual Max Startup Time": 0.149, "Actual Min Total Time": 0.418, "Actual Max Total Time": 0.418, "Index Cond": "(movie_id = mc.movie_id)", "Rows Removed by Index Recheck": 0, "Filter": "((note)::text = '(voice: English version)'::text)", "Rows Removed by Filter": 68, "Actual Rows": 104}], "Actual Rows": 104}, {"Node Type": "Index Scan", "Parent Relationship": "Inner", "Scan Direction": "Forward", "Index Name": "person_id_aka_name", "Relation Name": "aka_name", "Alias": "an", "Startup Cost": 0.0, "Total Cost": 0.84, "Plan Rows": 1, "Plan Width": 20, "Actual Min Startup Time": 0.573, "Actual Max Startup Time": 0.573, "Actual Min Total Time": 0.686, "Actual Max Total Time": 0.686, "Index Cond": "(person_id = ci.person_id)", "Rows Removed by Index Recheck": 0, "Actual Rows": 171}], "Actual Rows": 171}, {"Node Type": "Index Scan", "Parent Relationship": "Inner", "Scan Direction": "Forward", "Index Name": "company_name_pkey", "Relation Name": "company_name", "Alias": "cn", "Startup Cost": 0.0, "Total Cost": 4.37, "Plan Rows": 1, "Plan Width": 4, "Actual Min Startup Time": 0.589, "Actual Max Startup Time": 0.589, "Actual Min Total Time": 0.589, "Actual Max Total Time": 0.589, "Index Cond": "(id = mc.company_id)", "Rows Removed by Index Recheck": 0, "Filter": "((country_code)::text = '[jp]'::text)", "Rows Removed by Filter": 0, "Actual Rows": 171}], "Actual Rows": 171}, {"Node Type": "Index Scan", "Parent Relationship": "Inner", "Scan Direction": "Forward", "Index Name": "name_pkey", "Relation Name": "name", "Alias": "n", "Startup Cost": 0.0, "Total Cost": 0.57, "Plan Rows": 1, "Plan Width": 4, "Actual Min Startup Time": 0.882, "Actual Max Startup Time": 0.882, "Actual Min Total Time": 0.882, "Actual Max Total Time": 0.882, "Index Cond": "(id = an.person_id)", "Rows Removed by Index Recheck": 0, "Filter": "(((name)::text ~~ '%Yo%'::text) AND ((name)::text !~~ '%Yu%'::text))", "Rows Removed by Filter": 165, "Actual Rows": 6}], "Actual Rows": 6}, {"Node Type": "Index Scan", "Parent Relationship": "Inner", "Scan Direction": "Forward", "Index Name": "role_type_pkey", "Relation Name": "role_type", "Alias": "rt", "Startup Cost": 0.0, "Total Cost": 0.27, "Plan Rows": 1, "Plan Width": 4, "Actual Min Startup Time": 0.03, "Actual Max Startup Time": 0.03, "Actual Min Total Time": 0.03, "Actual Max Total Time": 0.03, "Index Cond": "(id = ci.role_id)", "Rows Removed by Index Recheck": 0, "Filter": "((role)::text = 'actress'::text)", "Rows Removed by Filter": 0, "Actual Rows": 6}], "Actual Rows": 6}], "Actual Rows": 1}, "Triggers": [], "Planner Runtime": 31.722, "Total Runtime": 142.327, "Unique SQL Id": 3956435728}}, "(64, '113')": {"explain_plan": {"Plan": {"Node Type": "Aggregate", "Strategy": "Plain", "Startup Cost": 82294.12, "Total Cost": 82294.13, "Plan Rows": 1, "Plan Width": 97, "Plans": [{"Node Type": "Nested Loop", "Parent Relationship": "Outer", "Join Type": "Inner", "Startup Cost": 2780.8, "Total Cost": 82294.12, "Plan Rows": 1, "Plan Width": 33, "Inner Unique": true, "Plans": [{"Node Type": "Nested Loop", "Parent Relationship": "Outer", "Join Type": "Inner", "Startup Cost": 2780.8, "Total Cost": 82293.84, "Plan Rows": 1, "Plan Width": 37, "Inner Unique": true, "Plans": [{"Node Type": "Nested Loop", "Parent Relationship": "Outer", "Join Type": "Inner", "Startup Cost": 2780.8, "Total Cost": 82293.26, "Plan Rows": 1, "Plan Width": 45, "Inner Unique": false, "Plans": [{"Node Type": "Nested Loop", "Parent Relationship": "Outer", "Join Type": "Inner", "Startup Cost": 2780.8, "Total Cost": 82292.4, "Plan Rows": 1, "Plan Width": 25, "Inner Unique": false, "Join Filter": "(t.id = ci.movie_id)", "Plans": [{"Node Type": "Nested Loop", "Parent Relationship": "Outer", "Join Type": "Inner", "Startup Cost": 2780.8, "Total Cost": 82236.62, "Plan Rows": 2, "Plan Width": 25, "Inner Unique": true, "Plans": [{"Node Type": "Nested Loop", "Parent Relationship": "Outer", "Join Type": "Inner", "Startup Cost": 2780.8, "Total Cost": 80174.39, "Plan Rows": 262, "Plan Width": 4, "Inner Unique": false, "Plans": [{"Node Type": "Bitmap Heap Scan", "Parent Relationship": "Outer", "Relation Name": "company_name", "Alias": "cn", "Startup Cost": 2780.8, "Total Cost": 8684.25, "Plan Rows": 6290, "Plan Width": 4, "Filter": "((country_code)::text = '[jp]'::text)", "Plans": [{"Node Type": "Bitmap Index Scan", "Parent Relationship": "Outer", "Index Name": "company_name_pkey", "Startup Cost": 0.0, "Total Cost": 2779.23, "Plan Rows": 234996, "Plan Width": 0}]}, {"Node Type": "Index Scan", "Parent Relationship": "Inner", "Scan Direction": "Forward", "Index Name": "company_id_movie_companies", "Relation Name": "movie_companies", "Alias": "mc", "Startup Cost": 0.0, "Total Cost": 11.36, "Plan Rows": 1, "Plan Width": 8, "Index Cond": "(company_id = cn.id)", "Filter": "(((note)::text ~~ '%(Japan)%'::text) AND ((note)::text !~~ '%(USA)%'::text) AND (((note)::text ~~ '%(2006)%'::text) OR ((note)::text ~~ '%(2007)%'::text)))"}]}, {"Node Type": "Index Scan", "Parent Relationship": "Inner", "Scan Direction": "Forward", "Index Name": "title_pkey", "Relation Name": "title", "Alias": "t", "Startup Cost": 0.0, "Total Cost": 7.86, "Plan Rows": 1, "Plan Width": 21, "Index Cond": "(id = mc.movie_id)", "Filter": "((production_year >= 2006) AND (production_year <= 2007) AND (((title)::text ~~ 'One Piece%'::text) OR ((title)::text ~~ 'Dragon Ball Z%'::text)))"}]}, {"Node Type": "Index Scan", "Parent Relationship": "Inner", "Scan Direction": "Forward", "Index Name": "movie_id_cast_info", "Relation Name": "cast_info", "Alias": "ci", "Startup Cost": 0.0, "Total Cost": 27.88, "Plan Rows": 1, "Plan Width": 12, "Index Cond": "(movie_id = mc.movie_id)", "Filter": "((note)::text = '(voice: English version)'::text)"}]}, {"Node Type": "Index Scan", "Parent Relationship": "Inner", "Scan Direction": "Forward", "Index Name": "person_id_aka_name", "Relation Name": "aka_name", "Alias": "an", "Startup Cost": 0.0, "Total Cost": 0.84, "Plan Rows": 1, "Plan Width": 20, "Index Cond": "(person_id = ci.person_id)"}]}, {"Node Type": "Index Scan", "Parent Relationship": "Inner", "Scan Direction": "Forward", "Index Name": "name_pkey", "Relation Name": "name", "Alias": "n", "Startup Cost": 0.0, "Total Cost": 0.57, "Plan Rows": 1, "Plan Width": 4, "Index Cond": "(id = an.person_id)", "Filter": "(((name)::text ~~ '%Yo%'::text) AND ((name)::text !~~ '%Yu%'::text))"}]}, {"Node Type": "Index Scan", "Parent Relationship": "Inner", "Scan Direction": "Forward", "Index Name": "role_type_pkey", "Relation Name": "role_type", "Alias": "rt", "Startup Cost": 0.0, "Total Cost": 0.27, "Plan Rows": 1, "Plan Width": 4, "Index Cond": "(id = ci.role_id)", "Filter": "((role)::text = 'actress'::text)"}]}]}, "Unique SQL Id": 3956435728, "Planner Runtime": 8}, "explain_analyze_plan": null}, "(64, '114')": {"explain_plan": {"Plan": {"Node Type": "Aggregate", "Strategy": "Plain", "Startup Cost": 64933.13, "Total Cost": 64933.14, "Plan Rows": 1, "Plan Width": 97, "Plans": [{"Node Type": "Nested Loop", "Parent Relationship": "Outer", "Join Type": "Inner", "Startup Cost": 3380.01, "Total Cost": 64933.12, "Plan Rows": 1, "Plan Width": 33, "Inner Unique": true, "Join Filter": "(ci.role_id = rt.id)", "Plans": [{"Node Type": "Nested Loop", "Parent Relationship": "Outer", "Join Type": "Inner", "Startup Cost": 3380.01, "Total Cost": 64931.96, "Plan Rows": 1, "Plan Width": 37, "Inner Unique": true, "Plans": [{"Node Type": "Nested Loop", "Parent Relationship": "Outer", "Join Type": "Inner", "Startup Cost": 3379.69, "Total Cost": 64927.61, "Plan Rows": 1, "Plan Width": 45, "Inner Unique": true, "Plans": [{"Node Type": "Nested Loop", "Parent Relationship": "Outer", "Join Type": "Inner", "Startup Cost": 3378.46, "Total Cost": 64922.35, "Plan Rows": 1, "Plan Width": 49, "Inner Unique": false, "Plans": [{"Node Type": "Nested Loop", "Parent Relationship": "Outer", "Join Type": "Inner", "Startup Cost": 3378.08, "Total Cost": 64917.95, "Plan Rows": 1, "Plan Width": 29, "Inner Unique": false, "Join Filter": "(t.id = ci.movie_id)", "Plans": [{"Node Type": "Nested Loop", "Parent Relationship": "Outer", "Join Type": "Inner", "Startup Cost": 3373.8, "Total Cost": 64861.38, "Plan Rows": 2, "Plan Width": 29, "Inner Unique": false, "Plans": [{"Node Type": "Streaming(type: LOCAL GATHER dop: 1/64)", "Parent Relationship": "Outer", "Startup Cost": 3369.54, "Total Cost": 64334.52, "Plan Rows": 43, "Plan Width": 21, "Plans": [{"Node Type": "Seq Scan", "Parent Relationship": "Outer", "Relation Name": "title", "Alias": "t", "Startup Cost": 3369.54, "Total Cost": 64333.63, "Plan Rows": 43, "Plan Width": 21, "Filter": "((production_year >= 2006) AND (production_year <= 2007) AND (((title)::text ~~ 'One Piece%'::text) OR ((title)::text ~~ 'Dragon Ball Z%'::text)))"}]}, {"Node Type": "Bitmap Heap Scan", "Parent Relationship": "Inner", "Relation Name": "movie_companies", "Alias": "mc", "Startup Cost": 4.27, "Total Cost": 12.24, "Plan Rows": 1, "Plan Width": 8, "Recheck Cond": "(movie_id = t.id)", "Filter": "(((note)::text ~~ '%(Japan)%'::text) AND ((note)::text !~~ '%(USA)%'::text) AND (((note)::text ~~ '%(2006)%'::text) OR ((note)::text ~~ '%(2007)%'::text)))", "Plans": [{"Node Type": "Bitmap Index Scan", "Parent Relationship": "Outer", "Index Name": "movie_id_movie_companies", "Startup Cost": 0.0, "Total Cost": 4.26, "Plan Rows": 2, "Plan Width": 0, "Index Cond": "(movie_id = t.id)"}]}]}, {"Node Type": "Bitmap Heap Scan", "Parent Relationship": "Inner", "Relation Name": "cast_info", "Alias": "ci", "Startup Cost": 4.27, "Total Cost": 28.27, "Plan Rows": 1, "Plan Width": 12, "Recheck Cond": "(movie_id = mc.movie_id)", "Filter": "((note)::text = '(voice: English version)'::text)", "Plans": [{"Node Type": "Bitmap Index Scan", "Parent Relationship": "Outer", "Index Name": "movie_id_cast_info", "Startup Cost": 0.0, "Total Cost": 4.27, "Plan Rows": 6, "Plan Width": 0, "Index Cond": "(movie_id = mc.movie_id)"}]}]}, {"Node Type": "Bitmap Heap Scan", "Parent Relationship": "Inner", "Relation Name": "aka_name", "Alias": "an", "Startup Cost": 0.38, "Total Cost": 4.39, "Plan Rows": 1, "Plan Width": 20, "Recheck Cond": "(person_id = ci.person_id)", "Plans": [{"Node Type": "Bitmap Index Scan", "Parent Relationship": "Outer", "Index Name": "person_id_aka_name", "Startup Cost": 0.0, "Total Cost": 0.38, "Plan Rows": 1, "Plan Width": 0, "Index Cond": "(person_id = ci.person_id)"}]}]}, {"Node Type": "Bitmap Heap Scan", "Parent Relationship": "Inner", "Relation Name": "company_name", "Alias": "cn", "Startup Cost": 1.23, "Total Cost": 5.24, "Plan Rows": 1, "Plan Width": 4, "Recheck Cond": "(id = mc.company_id)", "Filter": "((country_code)::text = '[jp]'::text)", "Plans": [{"Node Type": "Bitmap Index Scan", "Parent Relationship": "Outer", "Index Name": "company_name_pkey", "Startup Cost": 0.0, "Total Cost": 1.23, "Plan Rows": 1, "Plan Width": 0, "Index Cond": "(id = mc.company_id)"}]}]}, {"Node Type": "Bitmap Heap Scan", "Parent Relationship": "Inner", "Relation Name": "name", "Alias": "n", "Startup Cost": 0.33, "Total Cost": 4.34, "Plan Rows": 1, "Plan Width": 4, "Recheck Cond": "(id = an.person_id)", "Filter": "(((name)::text ~~ '%Yo%'::text) AND ((name)::text !~~ '%Yu%'::text))", "Plans": [{"Node Type": "Bitmap Index Scan", "Parent Relationship": "Outer", "Index Name": "name_pkey", "Startup Cost": 0.0, "Total Cost": 0.33, "Plan Rows": 1, "Plan Width": 0, "Index Cond": "(id = an.person_id)"}]}]}, {"Node Type": "Seq Scan", "Parent Relationship": "Inner", "Relation Name": "role_type", "Alias": "rt", "Startup Cost": 0.0, "Total Cost": 1.15, "Plan Rows": 1, "Plan Width": 4, "Filter": "((role)::text = 'actress'::text)"}]}]}, "Unique SQL Id": 3956435728, "Planner Runtime": 17}, "explain_analyze_plan": {"Plan": {"Node Type": "Aggregate", "Strategy": "Plain", "Startup Cost": 64933.13, "Total Cost": 64933.14, "Plan Rows": 1, "Plan Width": 97, "Actual Min Startup Time": 156.871, "Actual Max Startup Time": 156.871, "Actual Min Total Time": 156.872, "Actual Max Total Time": 156.872, "Plans": [{"Node Type": "Nested Loop", "Parent Relationship": "Outer", "Join Type": "Inner", "Startup Cost": 3380.01, "Total Cost": 64933.12, "Plan Rows": 1, "Plan Width": 33, "Actual Min Startup Time": 132.628, "Actual Max Startup Time": 132.628, "Actual Min Total Time": 156.809, "Actual Max Total Time": 156.809, "Inner Unique": true, "Join Filter": "(ci.role_id = rt.id)", "Rows Removed by Join Filter": 0, "Plans": [{"Node Type": "Nested Loop", "Parent Relationship": "Outer", "Join Type": "Inner", "Startup Cost": 3380.01, "Total Cost": 64931.96, "Plan Rows": 1, "Plan Width": 37, "Actual Min Startup Time": 132.608, "Actual Max Startup Time": 132.608, "Actual Min Total Time": 156.755, "Actual Max Total Time": 156.755, "Inner Unique": true, "Plans": [{"Node Type": "Nested Loop", "Parent Relationship": "Outer", "Join Type": "Inner", "Startup Cost": 3379.69, "Total Cost": 64927.61, "Plan Rows": 1, "Plan Width": 45, "Actual Min Startup Time": 131.505, "Actual Max Startup Time": 131.505, "Actual Min Total Time": 155.6, "Actual Max Total Time": 155.6, "Inner Unique": true, "Plans": [{"Node Type": "Nested Loop", "Parent Relationship": "Outer", "Join Type": "Inner", "Startup Cost": 3378.46, "Total Cost": 64922.35, "Plan Rows": 1, "Plan Width": 49, "Actual Min Startup Time": 131.484, "Actual Max Startup Time": 131.484, "Actual Min Total Time": 154.653, "Actual Max Total Time": 154.653, "Inner Unique": false, "Plans": [{"Node Type": "Nested Loop", "Parent Relationship": "Outer", "Join Type": "Inner", "Startup Cost": 3378.08, "Total Cost": 64917.95, "Plan Rows": 1, "Plan Width": 29, "Actual Min Startup Time": 131.456, "Actual Max Startup Time": 131.456, "Actual Min Total Time": 153.642, "Actual Max Total Time": 153.642, "Inner Unique": false, "Join Filter": "(t.id = ci.movie_id)", "Rows Removed by Join Filter": 0, "Plans": [{"Node Type": "Nested Loop", "Parent Relationship": "Outer", "Join Type": "Inner", "Startup Cost": 3373.8, "Total Cost": 64861.38, "Plan Rows": 2, "Plan Width": 29, "Actual Min Startup Time": 130.603, "Actual Max Startup Time": 130.603, "Actual Min Total Time": 153.108, "Actual Max Total Time": 153.108, "Inner Unique": false, "Plans": [{"Node Type": "Streaming(type: LOCAL GATHER dop: 1/64)", "Parent Relationship": "Outer", "Startup Cost": 3369.54, "Total Cost": 64334.52, "Plan Rows": 43, "Plan Width": 21, "Actual Min Startup Time": 123.928, "Actual Max Startup Time": 123.928, "Actual Min Total Time": 152.691, "Actual Max Total Time": 152.691, "Plans": [{"Node Type": "Seq Scan", "Parent Relationship": "Outer", "Relation Name": "title", "Alias": "t", "Startup Cost": 3369.54, "Total Cost": 64333.63, "Plan Rows": 43, "Plan Width": 21, "Actual Min Startup Time": 11.76, "Actual Max Startup Time": 34.023, "Actual Min Total Time": 14.755, "Actual Max Total Time": 34.023, "Filter": "((production_year >= 2006) AND (production_year <= 2007) AND (((title)::text ~~ 'One Piece%'::text) OR ((title)::text ~~ 'Dragon Ball Z%'::text)))", "Rows Removed by Filter": 2528304, "Actual Rows": 7}], "Actual Rows": 7}, {"Node Type": "Bitmap Heap Scan", "Parent Relationship": "Inner", "Relation Name": "movie_companies", "Alias": "mc", "Startup Cost": 4.27, "Total Cost": 12.24, "Plan Rows": 1, "Plan Width": 8, "Actual Min Startup Time": 0.327, "Actual Max Startup Time": 0.327, "Actual Min Total Time": 0.337, "Actual Max Total Time": 0.337, "Recheck Cond": "(movie_id = t.id)", "Rows Removed by Index Recheck": 0, "Filter": "(((note)::text ~~ '%(Japan)%'::text) AND ((note)::text !~~ '%(USA)%'::text) AND (((note)::text ~~ '%(2006)%'::text) OR ((note)::text ~~ '%(2007)%'::text)))", "Rows Removed by Filter": 13, "Exact Heap Blocks": 13, "Lossy Heap Blocks": 13, "Plans": [{"Node Type": "Bitmap Index Scan", "Parent Relationship": "Outer", "Index Name": "movie_id_movie_companies", "Startup Cost": 0.0, "Total Cost": 4.26, "Plan Rows": 2, "Plan Width": 0, "Actual Min Startup Time": 0.16, "Actual Max Startup Time": 0.16, "Actual Min Total Time": 0.16, "Actual Max Total Time": 0.16, "Index Cond": "(movie_id = t.id)", "Actual Rows": 17}], "Actual Rows": 4}], "Actual Rows": 4}, {"Node Type": "Bitmap Heap Scan", "Parent Relationship": "Inner", "Relation Name": "cast_info", "Alias": "ci", "Startup Cost": 4.27, "Total Cost": 28.27, "Plan Rows": 1, "Plan Width": 12, "Actual Min Startup Time": 0.196, "Actual Max Startup Time": 0.196, "Actual Min Total Time": 0.463, "Actual Max Total Time": 0.463, "Recheck Cond": "(movie_id = mc.movie_id)", "Rows Removed by Index Recheck": 0, "Filter": "((note)::text = '(voice: English version)'::text)", "Rows Removed by Filter": 68, "Exact Heap Blocks": 133, "Lossy Heap Blocks": 133, "Plans": [{"Node Type": "Bitmap Index Scan", "Parent Relationship": "Outer", "Index Name": "movie_id_cast_info", "Startup Cost": 0.0, "Total Cost": 4.27, "Plan Rows": 6, "Plan Width": 0, "Actual Min Startup Time": 0.075, "Actual Max Startup Time": 0.075, "Actual Min Total Time": 0.075, "Actual Max Total Time": 0.075, "Index Cond": "(movie_id = mc.movie_id)", "Actual Rows": 172}], "Actual Rows": 104}], "Actual Rows": 104}, {"Node Type": "Bitmap Heap Scan", "Parent Relationship": "Inner", "Relation Name": "aka_name", "Alias": "an", "Startup Cost": 0.38, "Total Cost": 4.39, "Plan Rows": 1, "Plan Width": 20, "Actual Min Startup Time": 0.752, "Actual Max Startup Time": 0.752, "Actual Min Total Time": 0.827, "Actual Max Total Time": 0.827, "Recheck Cond": "(person_id = ci.person_id)", "Rows Removed by Index Recheck": 0, "Exact Heap Blocks": 105, "Lossy Heap Blocks": 105, "Plans": [{"Node Type": "Bitmap Index Scan", "Parent Relationship": "Outer", "Index Name": "person_id_aka_name", "Startup Cost": 0.0, "Total Cost": 0.38, "Plan Rows": 1, "Plan Width": 0, "Actual Min Startup Time": 0.529, "Actual Max Startup Time": 0.529, "Actual Min Total Time": 0.529, "Actual Max Total Time": 0.529, "Index Cond": "(person_id = ci.person_id)", "Actual Rows": 171}], "Actual Rows": 171}], "Actual Rows": 171}, {"Node Type": "Bitmap Heap Scan", "Parent Relationship": "Inner", "Relation Name": "company_name", "Alias": "cn", "Startup Cost": 1.23, "Total Cost": 5.24, "Plan Rows": 1, "Plan Width": 4, "Actual Min Startup Time": 0.704, "Actual Max Startup Time": 0.704, "Actual Min Total Time": 0.704, "Actual Max Total Time": 0.704, "Recheck Cond": "(id = mc.company_id)", "Rows Removed by Index Recheck": 0, "Filter": "((country_code)::text = '[jp]'::text)", "Rows Removed by Filter": 0, "Exact Heap Blocks": 171, "Lossy Heap Blocks": 171, "Plans": [{"Node Type": "Bitmap Index Scan", "Parent Relationship": "Outer", "Index Name": "company_name_pkey", "Startup Cost": 0.0, "Total Cost": 1.23, "Plan Rows": 1, "Plan Width": 0, "Actual Min Startup Time": 0.421, "Actual Max Startup Time": 0.421, "Actual Min Total Time": 0.421, "Actual Max Total Time": 0.421, "Index Cond": "(id = mc.company_id)", "Actual Rows": 171}], "Actual Rows": 171}], "Actual Rows": 171}, {"Node Type": "Bitmap Heap Scan", "Parent Relationship": "Inner", "Relation Name": "name", "Alias": "n", "Startup Cost": 0.33, "Total Cost": 4.34, "Plan Rows": 1, "Plan Width": 4, "Actual Min Startup Time": 0.954, "Actual Max Startup Time": 0.954, "Actual Min Total Time": 0.954, "Actual Max Total Time": 0.954, "Recheck Cond": "(id = an.person_id)", "Rows Removed by Index Recheck": 0, "Filter": "(((name)::text ~~ '%Yo%'::text) AND ((name)::text !~~ '%Yu%'::text))", "Rows Removed by Filter": 165, "Exact Heap Blocks": 171, "Lossy Heap Blocks": 171, "Plans": [{"Node Type": "Bitmap Index Scan", "Parent Relationship": "Outer", "Index Name": "name_pkey", "Startup Cost": 0.0, "Total Cost": 0.33, "Plan Rows": 1, "Plan Width": 0, "Actual Min Startup Time": 0.601, "Actual Max Startup Time": 0.601, "Actual Min Total Time": 0.601, "Actual Max Total Time": 0.601, "Index Cond": "(id = an.person_id)", "Actual Rows": 171}], "Actual Rows": 6}], "Actual Rows": 6}, {"Node Type": "Seq Scan", "Parent Relationship": "Inner", "Relation Name": "role_type", "Alias": "rt", "Startup Cost": 0.0, "Total Cost": 1.15, "Plan Rows": 1, "Plan Width": 4, "Actual Min Startup Time": 0.03, "Actual Max Startup Time": 0.03, "Actual Min Total Time": 0.03, "Actual Max Total Time": 0.03, "Filter": "((role)::text = 'actress'::text)", "Rows Removed by Filter": 6, "Actual Rows": 6}], "Actual Rows": 6}], "Actual Rows": 1}, "Triggers": [], "Planner Runtime": 43.476, "Total Runtime": 170.805, "Unique SQL Id": 3956435728}}, "(64, '115')": {"explain_plan": {"Plan": {"Node Type": "Aggregate", "Strategy": "Plain", "Startup Cost": 108949.86, "Total Cost": 108949.87, "Plan Rows": 1, "Plan Width": 97, "Plans": [{"Node Type": "Nested Loop", "Parent Relationship": "Outer", "Join Type": "Inner", "Startup Cost": 2793.35, "Total Cost": 108949.85, "Plan Rows": 1, "Plan Width": 33, "Inner Unique": true, "Plans": [{"Node Type": "Nested Loop", "Parent Relationship": "Outer", "Join Type": "Inner", "Startup Cost": 2793.09, "Total Cost": 108945.57, "Plan Rows": 1, "Plan Width": 37, "Inner Unique": true, "Plans": [{"Node Type": "Nested Loop", "Parent Relationship": "Outer", "Join Type": "Inner", "Startup Cost": 2792.76, "Total Cost": 108941.22, "Plan Rows": 1, "Plan Width": 45, "Inner Unique": false, "Plans": [{"Node Type": "Nested Loop", "Parent Relationship": "Outer", "Join Type": "Inner", "Startup Cost": 2792.38, "Total Cost": 108936.81, "Plan Rows": 1, "Plan Width": 25, "Inner Unique": false, "Join Filter": "(t.id = ci.movie_id)", "Plans": [{"Node Type": "Nested Loop", "Parent Relationship": "Outer", "Join Type": "Inner", "Startup Cost": 2788.11, "Total Cost": 108880.24, "Plan Rows": 2, "Plan Width": 25, "Inner Unique": true, "Plans": [{"Node Type": "Nested Loop", "Parent Relationship": "Outer", "Join Type": "Inner", "Startup Cost": 2784.18, "Total Cost": 106793.84, "Plan Rows": 262, "Plan Width": 4, "Inner Unique": false, "Plans": [{"Node Type": "Bitmap Heap Scan", "Parent Relationship": "Outer", "Relation Name": "company_name", "Alias": "cn", "Startup Cost": 2780.8, "Total Cost": 8684.25, "Plan Rows": 6290, "Plan Width": 4, "Filter": "((country_code)::text = '[jp]'::text)", "Plans": [{"Node Type": "Bitmap Index Scan", "Parent Relationship": "Outer", "Index Name": "company_name_pkey", "Startup Cost": 0.0, "Total Cost": 2779.23, "Plan Rows": 234996, "Plan Width": 0}]}, {"Node Type": "Bitmap Heap Scan", "Parent Relationship": "Inner", "Relation Name": "movie_companies", "Alias": "mc", "Startup Cost": 3.37, "Total Cost": 15.59, "Plan Rows": 1, "Plan Width": 8, "Recheck Cond": "(company_id = cn.id)", "Filter": "(((note)::text ~~ '%(Japan)%'::text) AND ((note)::text !~~ '%(USA)%'::text) AND (((note)::text ~~ '%(2006)%'::text) OR ((note)::text ~~ '%(2007)%'::text)))", "Plans": [{"Node Type": "Bitmap Index Scan", "Parent Relationship": "Outer", "Index Name": "company_id_movie_companies", "Startup Cost": 0.0, "Total Cost": 3.37, "Plan Rows": 15, "Plan Width": 0, "Index Cond": "(company_id = cn.id)"}]}]}, {"Node Type": "Bitmap Heap Scan", "Parent Relationship": "Inner", "Relation Name": "title", "Alias": "t", "Startup Cost": 3.93, "Total Cost": 7.95, "Plan Rows": 1, "Plan Width": 21, "Recheck Cond": "(id = mc.movie_id)", "Filter": "((production_year >= 2006) AND (production_year <= 2007) AND (((title)::text ~~ 'One Piece%'::text) OR ((title)::text ~~ 'Dragon Ball Z%'::text)))", "Plans": [{"Node Type": "Bitmap Index Scan", "Parent Relationship": "Outer", "Index Name": "title_pkey", "Startup Cost": 0.0, "Total Cost": 3.93, "Plan Rows": 1, "Plan Width": 0, "Index Cond": "(id = mc.movie_id)"}]}]}, {"Node Type": "Bitmap Heap Scan", "Parent Relationship": "Inner", "Relation Name": "cast_info", "Alias": "ci", "Startup Cost": 4.27, "Total Cost": 28.27, "Plan Rows": 1, "Plan Width": 12, "Recheck Cond": "(movie_id = mc.movie_id)", "Filter": "((note)::text = '(voice: English version)'::text)", "Plans": [{"Node Type": "Bitmap Index Scan", "Parent Relationship": "Outer", "Index Name": "movie_id_cast_info", "Startup Cost": 0.0, "Total Cost": 4.27, "Plan Rows": 6, "Plan Width": 0, "Index Cond": "(movie_id = mc.movie_id)"}]}]}, {"Node Type": "Bitmap Heap Scan", "Parent Relationship": "Inner", "Relation Name": "aka_name", "Alias": "an", "Startup Cost": 0.38, "Total Cost": 4.39, "Plan Rows": 1, "Plan Width": 20, "Recheck Cond": "(person_id = ci.person_id)", "Plans": [{"Node Type": "Bitmap Index Scan", "Parent Relationship": "Outer", "Index Name": "person_id_aka_name", "Startup Cost": 0.0, "Total Cost": 0.38, "Plan Rows": 1, "Plan Width": 0, "Index Cond": "(person_id = ci.person_id)"}]}]}, {"Node Type": "Bitmap Heap Scan", "Parent Relationship": "Inner", "Relation Name": "name", "Alias": "n", "Startup Cost": 0.33, "Total Cost": 4.34, "Plan Rows": 1, "Plan Width": 4, "Recheck Cond": "(id = an.person_id)", "Filter": "(((name)::text ~~ '%Yo%'::text) AND ((name)::text !~~ '%Yu%'::text))", "Plans": [{"Node Type": "Bitmap Index Scan", "Parent Relationship": "Outer", "Index Name": "name_pkey", "Startup Cost": 0.0, "Total Cost": 0.33, "Plan Rows": 1, "Plan Width": 0, "Index Cond": "(id = an.person_id)"}]}]}, {"Node Type": "Bitmap Heap Scan", "Parent Relationship": "Inner", "Relation Name": "role_type", "Alias": "rt", "Startup Cost": 0.26, "Total Cost": 4.27, "Plan Rows": 1, "Plan Width": 4, "Recheck Cond": "(id = ci.role_id)", "Filter": "((role)::text = 'actress'::text)", "Plans": [{"Node Type": "Bitmap Index Scan", "Parent Relationship": "Outer", "Index Name": "role_type_pkey", "Startup Cost": 0.0, "Total Cost": 0.26, "Plan Rows": 1, "Plan Width": 0, "Index Cond": "(id = ci.role_id)"}]}]}]}, "Unique SQL Id": 3956435728, "Planner Runtime": 10}, "explain_analyze_plan": {"Plan": {"Node Type": "Aggregate", "Strategy": "Plain", "Startup Cost": 108949.86, "Total Cost": 108949.87, "Plan Rows": 1, "Plan Width": 97, "Actual Startup Time": 454.404, "Actual Total Time": 454.405, "Actual Rows": 1, "Actual Loops": 1, "Plans": [{"Node Type": "Nested Loop", "Parent Relationship": "Outer", "Join Type": "Inner", "Startup Cost": 2793.35, "Total Cost": 108949.85, "Plan Rows": 1, "Plan Width": 33, "Actual Startup Time": 126.355, "Actual Total Time": 454.354, "Actual Rows": 6, "Actual Loops": 1, "Inner Unique": true, "Plans": [{"Node Type": "Nested Loop", "Parent Relationship": "Outer", "Join Type": "Inner", "Startup Cost": 2793.09, "Total Cost": 108945.57, "Plan Rows": 1, "Plan Width": 37, "Actual Startup Time": 126.34, "Actual Total Time": 454.31, "Actual Rows": 6, "Actual Loops": 1, "Inner Unique": true, "Plans": [{"Node Type": "Nested Loop", "Parent Relationship": "Outer", "Join Type": "Inner", "Startup Cost": 2792.76, "Total Cost": 108941.22, "Plan Rows": 1, "Plan Width": 45, "Actual Startup Time": 125.755, "Actual Total Time": 453.226, "Actual Rows": 171, "Actual Loops": 1, "Inner Unique": false, "Plans": [{"Node Type": "Nested Loop", "Parent Relationship": "Outer", "Join Type": "Inner", "Startup Cost": 2792.38, "Total Cost": 108936.81, "Plan Rows": 1, "Plan Width": 25, "Actual Startup Time": 125.731, "Actual Total Time": 452.322, "Actual Rows": 104, "Actual Loops": 1, "Inner Unique": false, "Join Filter": "(t.id = ci.movie_id)", "Rows Removed by Join Filter": 0, "Plans": [{"Node Type": "Nested Loop", "Parent Relationship": "Outer", "Join Type": "Inner", "Startup Cost": 2788.11, "Total Cost": 108880.24, "Plan Rows": 2, "Plan Width": 25, "Actual Startup Time": 125.673, "Actual Total Time": 451.843, "Actual Rows": 4, "Actual Loops": 1, "Inner Unique": true, "Plans": [{"Node Type": "Nested Loop", "Parent Relationship": "Outer", "Join Type": "Inner", "Startup Cost": 2784.18, "Total Cost": 106793.84, "Plan Rows": 262, "Plan Width": 4, "Actual Startup Time": 21.615, "Actual Total Time": 389.321, "Actual Rows": 8495, "Actual Loops": 1, "Inner Unique": false, "Plans": [{"Node Type": "Bitmap Heap Scan", "Parent Relationship": "Outer", "Relation Name": "company_name", "Alias": "cn", "Startup Cost": 2780.8, "Total Cost": 8684.25, "Plan Rows": 6290, "Plan Width": 4, "Actual Startup Time": 21.545, "Actual Total Time": 139.197, "Actual Rows": 6752, "Actual Loops": 1, "Filter": "((country_code)::text = '[jp]'::text)", "Rows Removed by Filter": 228244, "Exact Heap Blocks": 2966, "Lossy Heap Blocks": 2966, "Plans": [{"Node Type": "Bitmap Index Scan", "Parent Relationship": "Outer", "Index Name": "company_name_pkey", "Startup Cost": 0.0, "Total Cost": 2779.23, "Plan Rows": 234996, "Plan Width": 0, "Actual Startup Time": 21.066, "Actual Total Time": 21.066, "Actual Rows": 234996, "Actual Loops": 1}]}, {"Node Type": "Bitmap Heap Scan", "Parent Relationship": "Inner", "Relation Name": "movie_companies", "Alias": "mc", "Startup Cost": 3.37, "Total Cost": 15.59, "Plan Rows": 1, "Plan Width": 8, "Actual Startup Time": 134.789, "Actual Total Time": 238.582, "Actual Rows": 8495, "Actual Loops": 6752, "Recheck Cond": "(company_id = cn.id)", "Rows Removed by Index Recheck": 0, "Filter": "(((note)::text ~~ '%(Japan)%'::text) AND ((note)::text !~~ '%(USA)%'::text) AND (((note)::text ~~ '%(2006)%'::text) OR ((note)::text ~~ '%(2007)%'::text)))", "Rows Removed by Filter": 96500, "Exact Heap Blocks": 61861, "Lossy Heap Blocks": 61861, "Plans": [{"Node Type": "Bitmap Index Scan", "Parent Relationship": "Outer", "Index Name": "company_id_movie_companies", "Startup Cost": 0.0, "Total Cost": 3.37, "Plan Rows": 15, "Plan Width": 0, "Actual Startup Time": 52.102, "Actual Total Time": 52.102, "Actual Rows": 104995, "Actual Loops": 6752, "Index Cond": "(company_id = cn.id)"}]}]}, {"Node Type": "Bitmap Heap Scan", "Parent Relationship": "Inner", "Relation Name": "title", "Alias": "t", "Startup Cost": 3.93, "Total Cost": 7.95, "Plan Rows": 1, "Plan Width": 21, "Actual Startup Time": 52.556, "Actual Total Time": 52.556, "Actual Rows": 4, "Actual Loops": 8495, "Recheck Cond": "(id = mc.movie_id)", "Rows Removed by Index Recheck": 0, "Filter": "((production_year >= 2006) AND (production_year <= 2007) AND (((title)::text ~~ 'One Piece%'::text) OR ((title)::text ~~ 'Dragon Ball Z%'::text)))", "Rows Removed by Filter": 8491, "Exact Heap Blocks": 8495, "Lossy Heap Blocks": 8495, "Plans": [{"Node Type": "Bitmap Index Scan", "Parent Relationship": "Outer", "Index Name": "title_pkey", "Startup Cost": 0.0, "Total Cost": 3.93, "Plan Rows": 1, "Plan Width": 0, "Actual Startup Time": 25.939, "Actual Total Time": 25.939, "Actual Rows": 8495, "Actual Loops": 8495, "Index Cond": "(id = mc.movie_id)"}]}]}, {"Node Type": "Bitmap Heap Scan", "Parent Relationship": "Inner", "Relation Name": "cast_info", "Alias": "ci", "Startup Cost": 4.27, "Total Cost": 28.27, "Plan Rows": 1, "Plan Width": 12, "Actual Startup Time": 0.182, "Actual Total Time": 0.41, "Actual Rows": 104, "Actual Loops": 4, "Recheck Cond": "(movie_id = mc.movie_id)", "Rows Removed by Index Recheck": 0, "Filter": "((note)::text = '(voice: English version)'::text)", "Rows Removed by Filter": 68, "Exact Heap Blocks": 133, "Lossy Heap Blocks": 133, "Plans": [{"Node Type": "Bitmap Index Scan", "Parent Relationship": "Outer", "Index Name": "movie_id_cast_info", "Startup Cost": 0.0, "Total Cost": 4.27, "Plan Rows": 6, "Plan Width": 0, "Actual Startup Time": 0.058, "Actual Total Time": 0.058, "Actual Rows": 172, "Actual Loops": 4, "Index Cond": "(movie_id = mc.movie_id)"}]}]}, {"Node Type": "Bitmap Heap Scan", "Parent Relationship": "Inner", "Relation Name": "aka_name", "Alias": "an", "Startup Cost": 0.38, "Total Cost": 4.39, "Plan Rows": 1, "Plan Width": 20, "Actual Startup Time": 0.631, "Actual Total Time": 0.711, "Actual Rows": 171, "Actual Loops": 104, "Recheck Cond": "(person_id = ci.person_id)", "Rows Removed by Index Recheck": 0, "Exact Heap Blocks": 105, "Lossy Heap Blocks": 105, "Plans": [{"Node Type": "Bitmap Index Scan", "Parent Relationship": "Outer", "Index Name": "person_id_aka_name", "Startup Cost": 0.0, "Total Cost": 0.38, "Plan Rows": 1, "Plan Width": 0, "Actual Startup Time": 0.442, "Actual Total Time": 0.442, "Actual Rows": 171, "Actual Loops": 104, "Index Cond": "(person_id = ci.person_id)"}]}]}, {"Node Type": "Bitmap Heap Scan", "Parent Relationship": "Inner", "Relation Name": "name", "Alias": "n", "Startup Cost": 0.33, "Total Cost": 4.34, "Plan Rows": 1, "Plan Width": 4, "Actual Startup Time": 0.885, "Actual Total Time": 0.885, "Actual Rows": 6, "Actual Loops": 171, "Recheck Cond": "(id = an.person_id)", "Rows Removed by Index Recheck": 0, "Filter": "(((name)::text ~~ '%Yo%'::text) AND ((name)::text !~~ '%Yu%'::text))", "Rows Removed by Filter": 165, "Exact Heap Blocks": 171, "Lossy Heap Blocks": 171, "Plans": [{"Node Type": "Bitmap Index Scan", "Parent Relationship": "Outer", "Index Name": "name_pkey", "Startup Cost": 0.0, "Total Cost": 0.33, "Plan Rows": 1, "Plan Width": 0, "Actual Startup Time": 0.549, "Actual Total Time": 0.549, "Actual Rows": 171, "Actual Loops": 171, "Index Cond": "(id = an.person_id)"}]}]}, {"Node Type": "Bitmap Heap Scan", "Parent Relationship": "Inner", "Relation Name": "role_type", "Alias": "rt", "Startup Cost": 0.26, "Total Cost": 4.27, "Plan Rows": 1, "Plan Width": 4, "Actual Startup Time": 0.029, "Actual Total Time": 0.029, "Actual Rows": 6, "Actual Loops": 6, "Recheck Cond": "(id = ci.role_id)", "Rows Removed by Index Recheck": 0, "Filter": "((role)::text = 'actress'::text)", "Rows Removed by Filter": 0, "Exact Heap Blocks": 6, "Lossy Heap Blocks": 6, "Plans": [{"Node Type": "Bitmap Index Scan", "Parent Relationship": "Outer", "Index Name": "role_type_pkey", "Startup Cost": 0.0, "Total Cost": 0.26, "Plan Rows": 1, "Plan Width": 0, "Actual Startup Time": 0.01, "Actual Total Time": 0.01, "Actual Rows": 6, "Actual Loops": 6, "Index Cond": "(id = ci.role_id)"}]}]}]}, "Triggers": [], "Planner Runtime": 30.658, "Total Runtime": 454.866, "Unique SQL Id": 3956435728}}, "(64, '116')": {"explain_plan": {"Plan": {"Node Type": "Aggregate", "Strategy": "Plain", "Startup Cost": 64890.38, "Total Cost": 64890.39, "Plan Rows": 1, "Plan Width": 97, "Plans": [{"Node Type": "Nested Loop", "Parent Relationship": "Outer", "Join Type": "Inner", "Startup Cost": 3369.54, "Total Cost": 64890.38, "Plan Rows": 1, "Plan Width": 33, "Inner Unique": true, "Plans": [{"Node Type": "Nested Loop", "Parent Relationship": "Outer", "Join Type": "Inner", "Startup Cost": 3369.54, "Total Cost": 64890.09, "Plan Rows": 1, "Plan Width": 37, "Inner Unique": true, "Plans": [{"Node Type": "Nested Loop", "Parent Relationship": "Outer", "Join Type": "Inner", "Startup Cost": 3369.54, "Total Cost": 64889.51, "Plan Rows": 1, "Plan Width": 45, "Inner Unique": true, "Plans": [{"Node Type": "Nested Loop", "Parent Relationship": "Outer", "Join Type": "Inner", "Startup Cost": 3369.54, "Total Cost": 64885.13, "Plan Rows": 1, "Plan Width": 49, "Inner Unique": false, "Plans": [{"Node Type": "Nested Loop", "Parent Relationship": "Outer", "Join Type": "Inner", "Startup Cost": 3369.54, "Total Cost": 64884.27, "Plan Rows": 1, "Plan Width": 29, "Inner Unique": false, "Join Filter": "(t.id = ci.movie_id)", "Plans": [{"Node Type": "Nested Loop", "Parent Relationship": "Outer", "Join Type": "Inner", "Startup Cost": 3369.54, "Total Cost": 64828.49, "Plan Rows": 2, "Plan Width": 29, "Inner Unique": false, "Plans": [{"Node Type": "Streaming(type: LOCAL GATHER dop: 1/64)", "Parent Relationship": "Outer", "Startup Cost": 3369.54, "Total Cost": 64334.52, "Plan Rows": 43, "Plan Width": 21, "Plans": [{"Node Type": "Seq Scan", "Parent Relationship": "Outer", "Relation Name": "title", "Alias": "t", "Startup Cost": 3369.54, "Total Cost": 64333.63, "Plan Rows": 43, "Plan Width": 21, "Filter": "((production_year >= 2006) AND (production_year <= 2007) AND (((title)::text ~~ 'One Piece%'::text) OR ((title)::text ~~ 'Dragon Ball Z%'::text)))"}]}, {"Node Type": "Index Scan", "Parent Relationship": "Inner", "Scan Direction": "Forward", "Index Name": "movie_id_movie_companies", "Relation Name": "movie_companies", "Alias": "mc", "Startup Cost": 0.0, "Total Cost": 11.48, "Plan Rows": 1, "Plan Width": 8, "Index Cond": "(movie_id = t.id)", "Filter": "(((note)::text ~~ '%(Japan)%'::text) AND ((note)::text !~~ '%(USA)%'::text) AND (((note)::text ~~ '%(2006)%'::text) OR ((note)::text ~~ '%(2007)%'::text)))"}]}, {"Node Type": "Index Scan", "Parent Relationship": "Inner", "Scan Direction": "Forward", "Index Name": "movie_id_cast_info", "Relation Name": "cast_info", "Alias": "ci", "Startup Cost": 0.0, "Total Cost": 27.88, "Plan Rows": 1, "Plan Width": 12, "Index Cond": "(movie_id = mc.movie_id)", "Filter": "((note)::text = '(voice: English version)'::text)"}]}, {"Node Type": "Index Scan", "Parent Relationship": "Inner", "Scan Direction": "Forward", "Index Name": "person_id_aka_name", "Relation Name": "aka_name", "Alias": "an", "Startup Cost": 0.0, "Total Cost": 0.84, "Plan Rows": 1, "Plan Width": 20, "Index Cond": "(person_id = ci.person_id)"}]}, {"Node Type": "Index Scan", "Parent Relationship": "Inner", "Scan Direction": "Forward", "Index Name": "company_name_pkey", "Relation Name": "company_name", "Alias": "cn", "Startup Cost": 0.0, "Total Cost": 4.37, "Plan Rows": 1, "Plan Width": 4, "Index Cond": "(id = mc.company_id)", "Filter": "((country_code)::text = '[jp]'::text)"}]}, {"Node Type": "Index Scan", "Parent Relationship": "Inner", "Scan Direction": "Forward", "Index Name": "name_pkey", "Relation Name": "name", "Alias": "n", "Startup Cost": 0.0, "Total Cost": 0.57, "Plan Rows": 1, "Plan Width": 4, "Index Cond": "(id = an.person_id)", "Filter": "(((name)::text ~~ '%Yo%'::text) AND ((name)::text !~~ '%Yu%'::text))"}]}, {"Node Type": "Index Scan", "Parent Relationship": "Inner", "Scan Direction": "Forward", "Index Name": "role_type_pkey", "Relation Name": "role_type", "Alias": "rt", "Startup Cost": 0.0, "Total Cost": 0.27, "Plan Rows": 1, "Plan Width": 4, "Index Cond": "(id = ci.role_id)", "Filter": "((role)::text = 'actress'::text)"}]}]}, "Unique SQL Id": 3956435728, "Planner Runtime": 10}, "explain_analyze_plan": {"Plan": {"Node Type": "Aggregate", "Strategy": "Plain", "Startup Cost": 64890.38, "Total Cost": 64890.39, "Plan Rows": 1, "Plan Width": 97, "Actual Min Startup Time": 129.95, "Actual Max Startup Time": 129.95, "Actual Min Total Time": 129.951, "Actual Max Total Time": 129.951, "Plans": [{"Node Type": "Nested Loop", "Parent Relationship": "Outer", "Join Type": "Inner", "Startup Cost": 3369.54, "Total Cost": 64890.38, "Plan Rows": 1, "Plan Width": 33, "Actual Min Startup Time": 82.756, "Actual Max Startup Time": 82.756, "Actual Min Total Time": 129.873, "Actual Max Total Time": 129.873, "Inner Unique": true, "Plans": [{"Node Type": "Nested Loop", "Parent Relationship": "Outer", "Join Type": "Inner", "Startup Cost": 3369.54, "Total Cost": 64890.09, "Plan Rows": 1, "Plan Width": 37, "Actual Min Startup Time": 82.738, "Actual Max Startup Time": 82.738, "Actual Min Total Time": 129.822, "Actual Max Total Time": 129.822, "Inner Unique": true, "Plans": [{"Node Type": "Nested Loop", "Parent Relationship": "Outer", "Join Type": "Inner", "Startup Cost": 3369.54, "Total Cost": 64889.51, "Plan Rows": 1, "Plan Width": 45, "Actual Min Startup Time": 81.529, "Actual Max Startup Time": 81.529, "Actual Min Total Time": 128.829, "Actual Max Total Time": 128.829, "Inner Unique": true, "Plans": [{"Node Type": "Nested Loop", "Parent Relationship": "Outer", "Join Type": "Inner", "Startup Cost": 3369.54, "Total Cost": 64885.13, "Plan Rows": 1, "Plan Width": 49, "Actual Min Startup Time": 81.496, "Actual Max Startup Time": 81.496, "Actual Min Total Time": 128.07, "Actual Max Total Time": 128.07, "Inner Unique": false, "Plans": [{"Node Type": "Nested Loop", "Parent Relationship": "Outer", "Join Type": "Inner", "Startup Cost": 3369.54, "Total Cost": 64884.27, "Plan Rows": 1, "Plan Width": 29, "Actual Min Startup Time": 81.476, "Actual Max Startup Time": 81.476, "Actual Min Total Time": 127.263, "Actual Max Total Time": 127.263, "Inner Unique": false, "Join Filter": "(t.id = ci.movie_id)", "Rows Removed by Join Filter": 0, "Plans": [{"Node Type": "Nested Loop", "Parent Relationship": "Outer", "Join Type": "Inner", "Startup Cost": 3369.54, "Total Cost": 64828.49, "Plan Rows": 2, "Plan Width": 29, "Actual Min Startup Time": 81.441, "Actual Max Startup Time": 81.441, "Actual Min Total Time": 126.75, "Actual Max Total Time": 126.75, "Inner Unique": false, "Plans": [{"Node Type": "Streaming(type: LOCAL GATHER dop: 1/64)", "Parent Relationship": "Outer", "Startup Cost": 3369.54, "Total Cost": 64334.52, "Plan Rows": 43, "Plan Width": 21, "Actual Min Startup Time": 81.336, "Actual Max Startup Time": 81.336, "Actual Min Total Time": 126.394, "Actual Max Total Time": 126.394, "Plans": [{"Node Type": "Seq Scan", "Parent Relationship": "Outer", "Relation Name": "title", "Alias": "t", "Startup Cost": 3369.54, "Total Cost": 64333.63, "Plan Rows": 43, "Plan Width": 21, "Actual Min Startup Time": 11.827, "Actual Max Startup Time": 38.588, "Actual Min Total Time": 14.967, "Actual Max Total Time": 38.588, "Filter": "((production_year >= 2006) AND (production_year <= 2007) AND (((title)::text ~~ 'One Piece%'::text) OR ((title)::text ~~ 'Dragon Ball Z%'::text)))", "Rows Removed by Filter": 2528304, "Actual Rows": 7}], "Actual Rows": 7}, {"Node Type": "Index Scan", "Parent Relationship": "Inner", "Scan Direction": "Forward", "Index Name": "movie_id_movie_companies", "Relation Name": "movie_companies", "Alias": "mc", "Startup Cost": 0.0, "Total Cost": 11.48, "Plan Rows": 1, "Plan Width": 8, "Actual Min Startup Time": 0.272, "Actual Max Startup Time": 0.272, "Actual Min Total Time": 0.284, "Actual Max Total Time": 0.284, "Index Cond": "(movie_id = t.id)", "Rows Removed by Index Recheck": 0, "Filter": "(((note)::text ~~ '%(Japan)%'::text) AND ((note)::text !~~ '%(USA)%'::text) AND (((note)::text ~~ '%(2006)%'::text) OR ((note)::text ~~ '%(2007)%'::text)))", "Rows Removed by Filter": 13, "Actual Rows": 4}], "Actual Rows": 4}, {"Node Type": "Index Scan", "Parent Relationship": "Inner", "Scan Direction": "Forward", "Index Name": "movie_id_cast_info", "Relation Name": "cast_info", "Alias": "ci", "Startup Cost": 0.0, "Total Cost": 27.88, "Plan Rows": 1, "Plan Width": 12, "Actual Min Startup Time": 0.149, "Actual Max Startup Time": 0.149, "Actual Min Total Time": 0.418, "Actual Max Total Time": 0.418, "Index Cond": "(movie_id = mc.movie_id)", "Rows Removed by Index Recheck": 0, "Filter": "((note)::text = '(voice: English version)'::text)", "Rows Removed by Filter": 68, "Actual Rows": 104}], "Actual Rows": 104}, {"Node Type": "Index Scan", "Parent Relationship": "Inner", "Scan Direction": "Forward", "Index Name": "person_id_aka_name", "Relation Name": "aka_name", "Alias": "an", "Startup Cost": 0.0, "Total Cost": 0.84, "Plan Rows": 1, "Plan Width": 20, "Actual Min Startup Time": 0.573, "Actual Max Startup Time": 0.573, "Actual Min Total Time": 0.686, "Actual Max Total Time": 0.686, "Index Cond": "(person_id = ci.person_id)", "Rows Removed by Index Recheck": 0, "Actual Rows": 171}], "Actual Rows": 171}, {"Node Type": "Index Scan", "Parent Relationship": "Inner", "Scan Direction": "Forward", "Index Name": "company_name_pkey", "Relation Name": "company_name", "Alias": "cn", "Startup Cost": 0.0, "Total Cost": 4.37, "Plan Rows": 1, "Plan Width": 4, "Actual Min Startup Time": 0.589, "Actual Max Startup Time": 0.589, "Actual Min Total Time": 0.589, "Actual Max Total Time": 0.589, "Index Cond": "(id = mc.company_id)", "Rows Removed by Index Recheck": 0, "Filter": "((country_code)::text = '[jp]'::text)", "Rows Removed by Filter": 0, "Actual Rows": 171}], "Actual Rows": 171}, {"Node Type": "Index Scan", "Parent Relationship": "Inner", "Scan Direction": "Forward", "Index Name": "name_pkey", "Relation Name": "name", "Alias": "n", "Startup Cost": 0.0, "Total Cost": 0.57, "Plan Rows": 1, "Plan Width": 4, "Actual Min Startup Time": 0.882, "Actual Max Startup Time": 0.882, "Actual Min Total Time": 0.882, "Actual Max Total Time": 0.882, "Index Cond": "(id = an.person_id)", "Rows Removed by Index Recheck": 0, "Filter": "(((name)::text ~~ '%Yo%'::text) AND ((name)::text !~~ '%Yu%'::text))", "Rows Removed by Filter": 165, "Actual Rows": 6}], "Actual Rows": 6}, {"Node Type": "Index Scan", "Parent Relationship": "Inner", "Scan Direction": "Forward", "Index Name": "role_type_pkey", "Relation Name": "role_type", "Alias": "rt", "Startup Cost": 0.0, "Total Cost": 0.27, "Plan Rows": 1, "Plan Width": 4, "Actual Min Startup Time": 0.03, "Actual Max Startup Time": 0.03, "Actual Min Total Time": 0.03, "Actual Max Total Time": 0.03, "Index Cond": "(id = ci.role_id)", "Rows Removed by Index Recheck": 0, "Filter": "((role)::text = 'actress'::text)", "Rows Removed by Filter": 0, "Actual Rows": 6}], "Actual Rows": 6}], "Actual Rows": 1}, "Triggers": [], "Planner Runtime": 31.722, "Total Runtime": 142.327, "Unique SQL Id": 3956435728}}, "(64, '117')": {"explain_plan": {"Plan": {"Node Type": "Aggregate", "Strategy": "Plain", "Startup Cost": 82294.12, "Total Cost": 82294.13, "Plan Rows": 1, "Plan Width": 97, "Plans": [{"Node Type": "Nested Loop", "Parent Relationship": "Outer", "Join Type": "Inner", "Startup Cost": 2780.8, "Total Cost": 82294.12, "Plan Rows": 1, "Plan Width": 33, "Inner Unique": true, "Plans": [{"Node Type": "Nested Loop", "Parent Relationship": "Outer", "Join Type": "Inner", "Startup Cost": 2780.8, "Total Cost": 82293.84, "Plan Rows": 1, "Plan Width": 37, "Inner Unique": true, "Plans": [{"Node Type": "Nested Loop", "Parent Relationship": "Outer", "Join Type": "Inner", "Startup Cost": 2780.8, "Total Cost": 82293.26, "Plan Rows": 1, "Plan Width": 45, "Inner Unique": false, "Plans": [{"Node Type": "Nested Loop", "Parent Relationship": "Outer", "Join Type": "Inner", "Startup Cost": 2780.8, "Total Cost": 82292.4, "Plan Rows": 1, "Plan Width": 25, "Inner Unique": false, "Join Filter": "(t.id = ci.movie_id)", "Plans": [{"Node Type": "Nested Loop", "Parent Relationship": "Outer", "Join Type": "Inner", "Startup Cost": 2780.8, "Total Cost": 82236.62, "Plan Rows": 2, "Plan Width": 25, "Inner Unique": true, "Plans": [{"Node Type": "Nested Loop", "Parent Relationship": "Outer", "Join Type": "Inner", "Startup Cost": 2780.8, "Total Cost": 80174.39, "Plan Rows": 262, "Plan Width": 4, "Inner Unique": false, "Plans": [{"Node Type": "Bitmap Heap Scan", "Parent Relationship": "Outer", "Relation Name": "company_name", "Alias": "cn", "Startup Cost": 2780.8, "Total Cost": 8684.25, "Plan Rows": 6290, "Plan Width": 4, "Filter": "((country_code)::text = '[jp]'::text)", "Plans": [{"Node Type": "Bitmap Index Scan", "Parent Relationship": "Outer", "Index Name": "company_name_pkey", "Startup Cost": 0.0, "Total Cost": 2779.23, "Plan Rows": 234996, "Plan Width": 0}]}, {"Node Type": "Index Scan", "Parent Relationship": "Inner", "Scan Direction": "Forward", "Index Name": "company_id_movie_companies", "Relation Name": "movie_companies", "Alias": "mc", "Startup Cost": 0.0, "Total Cost": 11.36, "Plan Rows": 1, "Plan Width": 8, "Index Cond": "(company_id = cn.id)", "Filter": "(((note)::text ~~ '%(Japan)%'::text) AND ((note)::text !~~ '%(USA)%'::text) AND (((note)::text ~~ '%(2006)%'::text) OR ((note)::text ~~ '%(2007)%'::text)))"}]}, {"Node Type": "Index Scan", "Parent Relationship": "Inner", "Scan Direction": "Forward", "Index Name": "title_pkey", "Relation Name": "title", "Alias": "t", "Startup Cost": 0.0, "Total Cost": 7.86, "Plan Rows": 1, "Plan Width": 21, "Index Cond": "(id = mc.movie_id)", "Filter": "((production_year >= 2006) AND (production_year <= 2007) AND (((title)::text ~~ 'One Piece%'::text) OR ((title)::text ~~ 'Dragon Ball Z%'::text)))"}]}, {"Node Type": "Index Scan", "Parent Relationship": "Inner", "Scan Direction": "Forward", "Index Name": "movie_id_cast_info", "Relation Name": "cast_info", "Alias": "ci", "Startup Cost": 0.0, "Total Cost": 27.88, "Plan Rows": 1, "Plan Width": 12, "Index Cond": "(movie_id = mc.movie_id)", "Filter": "((note)::text = '(voice: English version)'::text)"}]}, {"Node Type": "Index Scan", "Parent Relationship": "Inner", "Scan Direction": "Forward", "Index Name": "person_id_aka_name", "Relation Name": "aka_name", "Alias": "an", "Startup Cost": 0.0, "Total Cost": 0.84, "Plan Rows": 1, "Plan Width": 20, "Index Cond": "(person_id = ci.person_id)"}]}, {"Node Type": "Index Scan", "Parent Relationship": "Inner", "Scan Direction": "Forward", "Index Name": "name_pkey", "Relation Name": "name", "Alias": "n", "Startup Cost": 0.0, "Total Cost": 0.57, "Plan Rows": 1, "Plan Width": 4, "Index Cond": "(id = an.person_id)", "Filter": "(((name)::text ~~ '%Yo%'::text) AND ((name)::text !~~ '%Yu%'::text))"}]}, {"Node Type": "Index Scan", "Parent Relationship": "Inner", "Scan Direction": "Forward", "Index Name": "role_type_pkey", "Relation Name": "role_type", "Alias": "rt", "Startup Cost": 0.0, "Total Cost": 0.27, "Plan Rows": 1, "Plan Width": 4, "Index Cond": "(id = ci.role_id)", "Filter": "((role)::text = 'actress'::text)"}]}]}, "Unique SQL Id": 3956435728, "Planner Runtime": 8}, "explain_analyze_plan": null}, "(64, '118')": {"explain_plan": {"Plan": {"Node Type": "Aggregate", "Strategy": "Plain", "Startup Cost": 64933.13, "Total Cost": 64933.14, "Plan Rows": 1, "Plan Width": 97, "Plans": [{"Node Type": "Nested Loop", "Parent Relationship": "Outer", "Join Type": "Inner", "Startup Cost": 3380.01, "Total Cost": 64933.12, "Plan Rows": 1, "Plan Width": 33, "Inner Unique": true, "Join Filter": "(ci.role_id = rt.id)", "Plans": [{"Node Type": "Nested Loop", "Parent Relationship": "Outer", "Join Type": "Inner", "Startup Cost": 3380.01, "Total Cost": 64931.96, "Plan Rows": 1, "Plan Width": 37, "Inner Unique": true, "Plans": [{"Node Type": "Nested Loop", "Parent Relationship": "Outer", "Join Type": "Inner", "Startup Cost": 3379.69, "Total Cost": 64927.61, "Plan Rows": 1, "Plan Width": 45, "Inner Unique": true, "Plans": [{"Node Type": "Nested Loop", "Parent Relationship": "Outer", "Join Type": "Inner", "Startup Cost": 3378.46, "Total Cost": 64922.35, "Plan Rows": 1, "Plan Width": 49, "Inner Unique": false, "Plans": [{"Node Type": "Nested Loop", "Parent Relationship": "Outer", "Join Type": "Inner", "Startup Cost": 3378.08, "Total Cost": 64917.95, "Plan Rows": 1, "Plan Width": 29, "Inner Unique": false, "Join Filter": "(t.id = ci.movie_id)", "Plans": [{"Node Type": "Nested Loop", "Parent Relationship": "Outer", "Join Type": "Inner", "Startup Cost": 3373.8, "Total Cost": 64861.38, "Plan Rows": 2, "Plan Width": 29, "Inner Unique": false, "Plans": [{"Node Type": "Streaming(type: LOCAL GATHER dop: 1/64)", "Parent Relationship": "Outer", "Startup Cost": 3369.54, "Total Cost": 64334.52, "Plan Rows": 43, "Plan Width": 21, "Plans": [{"Node Type": "Seq Scan", "Parent Relationship": "Outer", "Relation Name": "title", "Alias": "t", "Startup Cost": 3369.54, "Total Cost": 64333.63, "Plan Rows": 43, "Plan Width": 21, "Filter": "((production_year >= 2006) AND (production_year <= 2007) AND (((title)::text ~~ 'One Piece%'::text) OR ((title)::text ~~ 'Dragon Ball Z%'::text)))"}]}, {"Node Type": "Bitmap Heap Scan", "Parent Relationship": "Inner", "Relation Name": "movie_companies", "Alias": "mc", "Startup Cost": 4.27, "Total Cost": 12.24, "Plan Rows": 1, "Plan Width": 8, "Recheck Cond": "(movie_id = t.id)", "Filter": "(((note)::text ~~ '%(Japan)%'::text) AND ((note)::text !~~ '%(USA)%'::text) AND (((note)::text ~~ '%(2006)%'::text) OR ((note)::text ~~ '%(2007)%'::text)))", "Plans": [{"Node Type": "Bitmap Index Scan", "Parent Relationship": "Outer", "Index Name": "movie_id_movie_companies", "Startup Cost": 0.0, "Total Cost": 4.26, "Plan Rows": 2, "Plan Width": 0, "Index Cond": "(movie_id = t.id)"}]}]}, {"Node Type": "Bitmap Heap Scan", "Parent Relationship": "Inner", "Relation Name": "cast_info", "Alias": "ci", "Startup Cost": 4.27, "Total Cost": 28.27, "Plan Rows": 1, "Plan Width": 12, "Recheck Cond": "(movie_id = mc.movie_id)", "Filter": "((note)::text = '(voice: English version)'::text)", "Plans": [{"Node Type": "Bitmap Index Scan", "Parent Relationship": "Outer", "Index Name": "movie_id_cast_info", "Startup Cost": 0.0, "Total Cost": 4.27, "Plan Rows": 6, "Plan Width": 0, "Index Cond": "(movie_id = mc.movie_id)"}]}]}, {"Node Type": "Bitmap Heap Scan", "Parent Relationship": "Inner", "Relation Name": "aka_name", "Alias": "an", "Startup Cost": 0.38, "Total Cost": 4.39, "Plan Rows": 1, "Plan Width": 20, "Recheck Cond": "(person_id = ci.person_id)", "Plans": [{"Node Type": "Bitmap Index Scan", "Parent Relationship": "Outer", "Index Name": "person_id_aka_name", "Startup Cost": 0.0, "Total Cost": 0.38, "Plan Rows": 1, "Plan Width": 0, "Index Cond": "(person_id = ci.person_id)"}]}]}, {"Node Type": "Bitmap Heap Scan", "Parent Relationship": "Inner", "Relation Name": "company_name", "Alias": "cn", "Startup Cost": 1.23, "Total Cost": 5.24, "Plan Rows": 1, "Plan Width": 4, "Recheck Cond": "(id = mc.company_id)", "Filter": "((country_code)::text = '[jp]'::text)", "Plans": [{"Node Type": "Bitmap Index Scan", "Parent Relationship": "Outer", "Index Name": "company_name_pkey", "Startup Cost": 0.0, "Total Cost": 1.23, "Plan Rows": 1, "Plan Width": 0, "Index Cond": "(id = mc.company_id)"}]}]}, {"Node Type": "Bitmap Heap Scan", "Parent Relationship": "Inner", "Relation Name": "name", "Alias": "n", "Startup Cost": 0.33, "Total Cost": 4.34, "Plan Rows": 1, "Plan Width": 4, "Recheck Cond": "(id = an.person_id)", "Filter": "(((name)::text ~~ '%Yo%'::text) AND ((name)::text !~~ '%Yu%'::text))", "Plans": [{"Node Type": "Bitmap Index Scan", "Parent Relationship": "Outer", "Index Name": "name_pkey", "Startup Cost": 0.0, "Total Cost": 0.33, "Plan Rows": 1, "Plan Width": 0, "Index Cond": "(id = an.person_id)"}]}]}, {"Node Type": "Seq Scan", "Parent Relationship": "Inner", "Relation Name": "role_type", "Alias": "rt", "Startup Cost": 0.0, "Total Cost": 1.15, "Plan Rows": 1, "Plan Width": 4, "Filter": "((role)::text = 'actress'::text)"}]}]}, "Unique SQL Id": 3956435728, "Planner Runtime": 17}, "explain_analyze_plan": {"Plan": {"Node Type": "Aggregate", "Strategy": "Plain", "Startup Cost": 64933.13, "Total Cost": 64933.14, "Plan Rows": 1, "Plan Width": 97, "Actual Min Startup Time": 156.871, "Actual Max Startup Time": 156.871, "Actual Min Total Time": 156.872, "Actual Max Total Time": 156.872, "Plans": [{"Node Type": "Nested Loop", "Parent Relationship": "Outer", "Join Type": "Inner", "Startup Cost": 3380.01, "Total Cost": 64933.12, "Plan Rows": 1, "Plan Width": 33, "Actual Min Startup Time": 132.628, "Actual Max Startup Time": 132.628, "Actual Min Total Time": 156.809, "Actual Max Total Time": 156.809, "Inner Unique": true, "Join Filter": "(ci.role_id = rt.id)", "Rows Removed by Join Filter": 0, "Plans": [{"Node Type": "Nested Loop", "Parent Relationship": "Outer", "Join Type": "Inner", "Startup Cost": 3380.01, "Total Cost": 64931.96, "Plan Rows": 1, "Plan Width": 37, "Actual Min Startup Time": 132.608, "Actual Max Startup Time": 132.608, "Actual Min Total Time": 156.755, "Actual Max Total Time": 156.755, "Inner Unique": true, "Plans": [{"Node Type": "Nested Loop", "Parent Relationship": "Outer", "Join Type": "Inner", "Startup Cost": 3379.69, "Total Cost": 64927.61, "Plan Rows": 1, "Plan Width": 45, "Actual Min Startup Time": 131.505, "Actual Max Startup Time": 131.505, "Actual Min Total Time": 155.6, "Actual Max Total Time": 155.6, "Inner Unique": true, "Plans": [{"Node Type": "Nested Loop", "Parent Relationship": "Outer", "Join Type": "Inner", "Startup Cost": 3378.46, "Total Cost": 64922.35, "Plan Rows": 1, "Plan Width": 49, "Actual Min Startup Time": 131.484, "Actual Max Startup Time": 131.484, "Actual Min Total Time": 154.653, "Actual Max Total Time": 154.653, "Inner Unique": false, "Plans": [{"Node Type": "Nested Loop", "Parent Relationship": "Outer", "Join Type": "Inner", "Startup Cost": 3378.08, "Total Cost": 64917.95, "Plan Rows": 1, "Plan Width": 29, "Actual Min Startup Time": 131.456, "Actual Max Startup Time": 131.456, "Actual Min Total Time": 153.642, "Actual Max Total Time": 153.642, "Inner Unique": false, "Join Filter": "(t.id = ci.movie_id)", "Rows Removed by Join Filter": 0, "Plans": [{"Node Type": "Nested Loop", "Parent Relationship": "Outer", "Join Type": "Inner", "Startup Cost": 3373.8, "Total Cost": 64861.38, "Plan Rows": 2, "Plan Width": 29, "Actual Min Startup Time": 130.603, "Actual Max Startup Time": 130.603, "Actual Min Total Time": 153.108, "Actual Max Total Time": 153.108, "Inner Unique": false, "Plans": [{"Node Type": "Streaming(type: LOCAL GATHER dop: 1/64)", "Parent Relationship": "Outer", "Startup Cost": 3369.54, "Total Cost": 64334.52, "Plan Rows": 43, "Plan Width": 21, "Actual Min Startup Time": 123.928, "Actual Max Startup Time": 123.928, "Actual Min Total Time": 152.691, "Actual Max Total Time": 152.691, "Plans": [{"Node Type": "Seq Scan", "Parent Relationship": "Outer", "Relation Name": "title", "Alias": "t", "Startup Cost": 3369.54, "Total Cost": 64333.63, "Plan Rows": 43, "Plan Width": 21, "Actual Min Startup Time": 11.76, "Actual Max Startup Time": 34.023, "Actual Min Total Time": 14.755, "Actual Max Total Time": 34.023, "Filter": "((production_year >= 2006) AND (production_year <= 2007) AND (((title)::text ~~ 'One Piece%'::text) OR ((title)::text ~~ 'Dragon Ball Z%'::text)))", "Rows Removed by Filter": 2528304, "Actual Rows": 7}], "Actual Rows": 7}, {"Node Type": "Bitmap Heap Scan", "Parent Relationship": "Inner", "Relation Name": "movie_companies", "Alias": "mc", "Startup Cost": 4.27, "Total Cost": 12.24, "Plan Rows": 1, "Plan Width": 8, "Actual Min Startup Time": 0.327, "Actual Max Startup Time": 0.327, "Actual Min Total Time": 0.337, "Actual Max Total Time": 0.337, "Recheck Cond": "(movie_id = t.id)", "Rows Removed by Index Recheck": 0, "Filter": "(((note)::text ~~ '%(Japan)%'::text) AND ((note)::text !~~ '%(USA)%'::text) AND (((note)::text ~~ '%(2006)%'::text) OR ((note)::text ~~ '%(2007)%'::text)))", "Rows Removed by Filter": 13, "Exact Heap Blocks": 13, "Lossy Heap Blocks": 13, "Plans": [{"Node Type": "Bitmap Index Scan", "Parent Relationship": "Outer", "Index Name": "movie_id_movie_companies", "Startup Cost": 0.0, "Total Cost": 4.26, "Plan Rows": 2, "Plan Width": 0, "Actual Min Startup Time": 0.16, "Actual Max Startup Time": 0.16, "Actual Min Total Time": 0.16, "Actual Max Total Time": 0.16, "Index Cond": "(movie_id = t.id)", "Actual Rows": 17}], "Actual Rows": 4}], "Actual Rows": 4}, {"Node Type": "Bitmap Heap Scan", "Parent Relationship": "Inner", "Relation Name": "cast_info", "Alias": "ci", "Startup Cost": 4.27, "Total Cost": 28.27, "Plan Rows": 1, "Plan Width": 12, "Actual Min Startup Time": 0.196, "Actual Max Startup Time": 0.196, "Actual Min Total Time": 0.463, "Actual Max Total Time": 0.463, "Recheck Cond": "(movie_id = mc.movie_id)", "Rows Removed by Index Recheck": 0, "Filter": "((note)::text = '(voice: English version)'::text)", "Rows Removed by Filter": 68, "Exact Heap Blocks": 133, "Lossy Heap Blocks": 133, "Plans": [{"Node Type": "Bitmap Index Scan", "Parent Relationship": "Outer", "Index Name": "movie_id_cast_info", "Startup Cost": 0.0, "Total Cost": 4.27, "Plan Rows": 6, "Plan Width": 0, "Actual Min Startup Time": 0.075, "Actual Max Startup Time": 0.075, "Actual Min Total Time": 0.075, "Actual Max Total Time": 0.075, "Index Cond": "(movie_id = mc.movie_id)", "Actual Rows": 172}], "Actual Rows": 104}], "Actual Rows": 104}, {"Node Type": "Bitmap Heap Scan", "Parent Relationship": "Inner", "Relation Name": "aka_name", "Alias": "an", "Startup Cost": 0.38, "Total Cost": 4.39, "Plan Rows": 1, "Plan Width": 20, "Actual Min Startup Time": 0.752, "Actual Max Startup Time": 0.752, "Actual Min Total Time": 0.827, "Actual Max Total Time": 0.827, "Recheck Cond": "(person_id = ci.person_id)", "Rows Removed by Index Recheck": 0, "Exact Heap Blocks": 105, "Lossy Heap Blocks": 105, "Plans": [{"Node Type": "Bitmap Index Scan", "Parent Relationship": "Outer", "Index Name": "person_id_aka_name", "Startup Cost": 0.0, "Total Cost": 0.38, "Plan Rows": 1, "Plan Width": 0, "Actual Min Startup Time": 0.529, "Actual Max Startup Time": 0.529, "Actual Min Total Time": 0.529, "Actual Max Total Time": 0.529, "Index Cond": "(person_id = ci.person_id)", "Actual Rows": 171}], "Actual Rows": 171}], "Actual Rows": 171}, {"Node Type": "Bitmap Heap Scan", "Parent Relationship": "Inner", "Relation Name": "company_name", "Alias": "cn", "Startup Cost": 1.23, "Total Cost": 5.24, "Plan Rows": 1, "Plan Width": 4, "Actual Min Startup Time": 0.704, "Actual Max Startup Time": 0.704, "Actual Min Total Time": 0.704, "Actual Max Total Time": 0.704, "Recheck Cond": "(id = mc.company_id)", "Rows Removed by Index Recheck": 0, "Filter": "((country_code)::text = '[jp]'::text)", "Rows Removed by Filter": 0, "Exact Heap Blocks": 171, "Lossy Heap Blocks": 171, "Plans": [{"Node Type": "Bitmap Index Scan", "Parent Relationship": "Outer", "Index Name": "company_name_pkey", "Startup Cost": 0.0, "Total Cost": 1.23, "Plan Rows": 1, "Plan Width": 0, "Actual Min Startup Time": 0.421, "Actual Max Startup Time": 0.421, "Actual Min Total Time": 0.421, "Actual Max Total Time": 0.421, "Index Cond": "(id = mc.company_id)", "Actual Rows": 171}], "Actual Rows": 171}], "Actual Rows": 171}, {"Node Type": "Bitmap Heap Scan", "Parent Relationship": "Inner", "Relation Name": "name", "Alias": "n", "Startup Cost": 0.33, "Total Cost": 4.34, "Plan Rows": 1, "Plan Width": 4, "Actual Min Startup Time": 0.954, "Actual Max Startup Time": 0.954, "Actual Min Total Time": 0.954, "Actual Max Total Time": 0.954, "Recheck Cond": "(id = an.person_id)", "Rows Removed by Index Recheck": 0, "Filter": "(((name)::text ~~ '%Yo%'::text) AND ((name)::text !~~ '%Yu%'::text))", "Rows Removed by Filter": 165, "Exact Heap Blocks": 171, "Lossy Heap Blocks": 171, "Plans": [{"Node Type": "Bitmap Index Scan", "Parent Relationship": "Outer", "Index Name": "name_pkey", "Startup Cost": 0.0, "Total Cost": 0.33, "Plan Rows": 1, "Plan Width": 0, "Actual Min Startup Time": 0.601, "Actual Max Startup Time": 0.601, "Actual Min Total Time": 0.601, "Actual Max Total Time": 0.601, "Index Cond": "(id = an.person_id)", "Actual Rows": 171}], "Actual Rows": 6}], "Actual Rows": 6}, {"Node Type": "Seq Scan", "Parent Relationship": "Inner", "Relation Name": "role_type", "Alias": "rt", "Startup Cost": 0.0, "Total Cost": 1.15, "Plan Rows": 1, "Plan Width": 4, "Actual Min Startup Time": 0.03, "Actual Max Startup Time": 0.03, "Actual Min Total Time": 0.03, "Actual Max Total Time": 0.03, "Filter": "((role)::text = 'actress'::text)", "Rows Removed by Filter": 6, "Actual Rows": 6}], "Actual Rows": 6}], "Actual Rows": 1}, "Triggers": [], "Planner Runtime": 43.476, "Total Runtime": 170.805, "Unique SQL Id": 3956435728}}, "(64, '119')": {"explain_plan": {"Plan": {"Node Type": "Aggregate", "Strategy": "Plain", "Startup Cost": 108949.86, "Total Cost": 108949.87, "Plan Rows": 1, "Plan Width": 97, "Plans": [{"Node Type": "Nested Loop", "Parent Relationship": "Outer", "Join Type": "Inner", "Startup Cost": 2793.35, "Total Cost": 108949.85, "Plan Rows": 1, "Plan Width": 33, "Inner Unique": true, "Plans": [{"Node Type": "Nested Loop", "Parent Relationship": "Outer", "Join Type": "Inner", "Startup Cost": 2793.09, "Total Cost": 108945.57, "Plan Rows": 1, "Plan Width": 37, "Inner Unique": true, "Plans": [{"Node Type": "Nested Loop", "Parent Relationship": "Outer", "Join Type": "Inner", "Startup Cost": 2792.76, "Total Cost": 108941.22, "Plan Rows": 1, "Plan Width": 45, "Inner Unique": false, "Plans": [{"Node Type": "Nested Loop", "Parent Relationship": "Outer", "Join Type": "Inner", "Startup Cost": 2792.38, "Total Cost": 108936.81, "Plan Rows": 1, "Plan Width": 25, "Inner Unique": false, "Join Filter": "(t.id = ci.movie_id)", "Plans": [{"Node Type": "Nested Loop", "Parent Relationship": "Outer", "Join Type": "Inner", "Startup Cost": 2788.11, "Total Cost": 108880.24, "Plan Rows": 2, "Plan Width": 25, "Inner Unique": true, "Plans": [{"Node Type": "Nested Loop", "Parent Relationship": "Outer", "Join Type": "Inner", "Startup Cost": 2784.18, "Total Cost": 106793.84, "Plan Rows": 262, "Plan Width": 4, "Inner Unique": false, "Plans": [{"Node Type": "Bitmap Heap Scan", "Parent Relationship": "Outer", "Relation Name": "company_name", "Alias": "cn", "Startup Cost": 2780.8, "Total Cost": 8684.25, "Plan Rows": 6290, "Plan Width": 4, "Filter": "((country_code)::text = '[jp]'::text)", "Plans": [{"Node Type": "Bitmap Index Scan", "Parent Relationship": "Outer", "Index Name": "company_name_pkey", "Startup Cost": 0.0, "Total Cost": 2779.23, "Plan Rows": 234996, "Plan Width": 0}]}, {"Node Type": "Bitmap Heap Scan", "Parent Relationship": "Inner", "Relation Name": "movie_companies", "Alias": "mc", "Startup Cost": 3.37, "Total Cost": 15.59, "Plan Rows": 1, "Plan Width": 8, "Recheck Cond": "(company_id = cn.id)", "Filter": "(((note)::text ~~ '%(Japan)%'::text) AND ((note)::text !~~ '%(USA)%'::text) AND (((note)::text ~~ '%(2006)%'::text) OR ((note)::text ~~ '%(2007)%'::text)))", "Plans": [{"Node Type": "Bitmap Index Scan", "Parent Relationship": "Outer", "Index Name": "company_id_movie_companies", "Startup Cost": 0.0, "Total Cost": 3.37, "Plan Rows": 15, "Plan Width": 0, "Index Cond": "(company_id = cn.id)"}]}]}, {"Node Type": "Bitmap Heap Scan", "Parent Relationship": "Inner", "Relation Name": "title", "Alias": "t", "Startup Cost": 3.93, "Total Cost": 7.95, "Plan Rows": 1, "Plan Width": 21, "Recheck Cond": "(id = mc.movie_id)", "Filter": "((production_year >= 2006) AND (production_year <= 2007) AND (((title)::text ~~ 'One Piece%'::text) OR ((title)::text ~~ 'Dragon Ball Z%'::text)))", "Plans": [{"Node Type": "Bitmap Index Scan", "Parent Relationship": "Outer", "Index Name": "title_pkey", "Startup Cost": 0.0, "Total Cost": 3.93, "Plan Rows": 1, "Plan Width": 0, "Index Cond": "(id = mc.movie_id)"}]}]}, {"Node Type": "Bitmap Heap Scan", "Parent Relationship": "Inner", "Relation Name": "cast_info", "Alias": "ci", "Startup Cost": 4.27, "Total Cost": 28.27, "Plan Rows": 1, "Plan Width": 12, "Recheck Cond": "(movie_id = mc.movie_id)", "Filter": "((note)::text = '(voice: English version)'::text)", "Plans": [{"Node Type": "Bitmap Index Scan", "Parent Relationship": "Outer", "Index Name": "movie_id_cast_info", "Startup Cost": 0.0, "Total Cost": 4.27, "Plan Rows": 6, "Plan Width": 0, "Index Cond": "(movie_id = mc.movie_id)"}]}]}, {"Node Type": "Bitmap Heap Scan", "Parent Relationship": "Inner", "Relation Name": "aka_name", "Alias": "an", "Startup Cost": 0.38, "Total Cost": 4.39, "Plan Rows": 1, "Plan Width": 20, "Recheck Cond": "(person_id = ci.person_id)", "Plans": [{"Node Type": "Bitmap Index Scan", "Parent Relationship": "Outer", "Index Name": "person_id_aka_name", "Startup Cost": 0.0, "Total Cost": 0.38, "Plan Rows": 1, "Plan Width": 0, "Index Cond": "(person_id = ci.person_id)"}]}]}, {"Node Type": "Bitmap Heap Scan", "Parent Relationship": "Inner", "Relation Name": "name", "Alias": "n", "Startup Cost": 0.33, "Total Cost": 4.34, "Plan Rows": 1, "Plan Width": 4, "Recheck Cond": "(id = an.person_id)", "Filter": "(((name)::text ~~ '%Yo%'::text) AND ((name)::text !~~ '%Yu%'::text))", "Plans": [{"Node Type": "Bitmap Index Scan", "Parent Relationship": "Outer", "Index Name": "name_pkey", "Startup Cost": 0.0, "Total Cost": 0.33, "Plan Rows": 1, "Plan Width": 0, "Index Cond": "(id = an.person_id)"}]}]}, {"Node Type": "Bitmap Heap Scan", "Parent Relationship": "Inner", "Relation Name": "role_type", "Alias": "rt", "Startup Cost": 0.26, "Total Cost": 4.27, "Plan Rows": 1, "Plan Width": 4, "Recheck Cond": "(id = ci.role_id)", "Filter": "((role)::text = 'actress'::text)", "Plans": [{"Node Type": "Bitmap Index Scan", "Parent Relationship": "Outer", "Index Name": "role_type_pkey", "Startup Cost": 0.0, "Total Cost": 0.26, "Plan Rows": 1, "Plan Width": 0, "Index Cond": "(id = ci.role_id)"}]}]}]}, "Unique SQL Id": 3956435728, "Planner Runtime": 9}, "explain_analyze_plan": {"Plan": {"Node Type": "Aggregate", "Strategy": "Plain", "Startup Cost": 108949.86, "Total Cost": 108949.87, "Plan Rows": 1, "Plan Width": 97, "Actual Startup Time": 454.404, "Actual Total Time": 454.405, "Actual Rows": 1, "Actual Loops": 1, "Plans": [{"Node Type": "Nested Loop", "Parent Relationship": "Outer", "Join Type": "Inner", "Startup Cost": 2793.35, "Total Cost": 108949.85, "Plan Rows": 1, "Plan Width": 33, "Actual Startup Time": 126.355, "Actual Total Time": 454.354, "Actual Rows": 6, "Actual Loops": 1, "Inner Unique": true, "Plans": [{"Node Type": "Nested Loop", "Parent Relationship": "Outer", "Join Type": "Inner", "Startup Cost": 2793.09, "Total Cost": 108945.57, "Plan Rows": 1, "Plan Width": 37, "Actual Startup Time": 126.34, "Actual Total Time": 454.31, "Actual Rows": 6, "Actual Loops": 1, "Inner Unique": true, "Plans": [{"Node Type": "Nested Loop", "Parent Relationship": "Outer", "Join Type": "Inner", "Startup Cost": 2792.76, "Total Cost": 108941.22, "Plan Rows": 1, "Plan Width": 45, "Actual Startup Time": 125.755, "Actual Total Time": 453.226, "Actual Rows": 171, "Actual Loops": 1, "Inner Unique": false, "Plans": [{"Node Type": "Nested Loop", "Parent Relationship": "Outer", "Join Type": "Inner", "Startup Cost": 2792.38, "Total Cost": 108936.81, "Plan Rows": 1, "Plan Width": 25, "Actual Startup Time": 125.731, "Actual Total Time": 452.322, "Actual Rows": 104, "Actual Loops": 1, "Inner Unique": false, "Join Filter": "(t.id = ci.movie_id)", "Rows Removed by Join Filter": 0, "Plans": [{"Node Type": "Nested Loop", "Parent Relationship": "Outer", "Join Type": "Inner", "Startup Cost": 2788.11, "Total Cost": 108880.24, "Plan Rows": 2, "Plan Width": 25, "Actual Startup Time": 125.673, "Actual Total Time": 451.843, "Actual Rows": 4, "Actual Loops": 1, "Inner Unique": true, "Plans": [{"Node Type": "Nested Loop", "Parent Relationship": "Outer", "Join Type": "Inner", "Startup Cost": 2784.18, "Total Cost": 106793.84, "Plan Rows": 262, "Plan Width": 4, "Actual Startup Time": 21.615, "Actual Total Time": 389.321, "Actual Rows": 8495, "Actual Loops": 1, "Inner Unique": false, "Plans": [{"Node Type": "Bitmap Heap Scan", "Parent Relationship": "Outer", "Relation Name": "company_name", "Alias": "cn", "Startup Cost": 2780.8, "Total Cost": 8684.25, "Plan Rows": 6290, "Plan Width": 4, "Actual Startup Time": 21.545, "Actual Total Time": 139.197, "Actual Rows": 6752, "Actual Loops": 1, "Filter": "((country_code)::text = '[jp]'::text)", "Rows Removed by Filter": 228244, "Exact Heap Blocks": 2966, "Lossy Heap Blocks": 2966, "Plans": [{"Node Type": "Bitmap Index Scan", "Parent Relationship": "Outer", "Index Name": "company_name_pkey", "Startup Cost": 0.0, "Total Cost": 2779.23, "Plan Rows": 234996, "Plan Width": 0, "Actual Startup Time": 21.066, "Actual Total Time": 21.066, "Actual Rows": 234996, "Actual Loops": 1}]}, {"Node Type": "Bitmap Heap Scan", "Parent Relationship": "Inner", "Relation Name": "movie_companies", "Alias": "mc", "Startup Cost": 3.37, "Total Cost": 15.59, "Plan Rows": 1, "Plan Width": 8, "Actual Startup Time": 134.789, "Actual Total Time": 238.582, "Actual Rows": 8495, "Actual Loops": 6752, "Recheck Cond": "(company_id = cn.id)", "Rows Removed by Index Recheck": 0, "Filter": "(((note)::text ~~ '%(Japan)%'::text) AND ((note)::text !~~ '%(USA)%'::text) AND (((note)::text ~~ '%(2006)%'::text) OR ((note)::text ~~ '%(2007)%'::text)))", "Rows Removed by Filter": 96500, "Exact Heap Blocks": 61861, "Lossy Heap Blocks": 61861, "Plans": [{"Node Type": "Bitmap Index Scan", "Parent Relationship": "Outer", "Index Name": "company_id_movie_companies", "Startup Cost": 0.0, "Total Cost": 3.37, "Plan Rows": 15, "Plan Width": 0, "Actual Startup Time": 52.102, "Actual Total Time": 52.102, "Actual Rows": 104995, "Actual Loops": 6752, "Index Cond": "(company_id = cn.id)"}]}]}, {"Node Type": "Bitmap Heap Scan", "Parent Relationship": "Inner", "Relation Name": "title", "Alias": "t", "Startup Cost": 3.93, "Total Cost": 7.95, "Plan Rows": 1, "Plan Width": 21, "Actual Startup Time": 52.556, "Actual Total Time": 52.556, "Actual Rows": 4, "Actual Loops": 8495, "Recheck Cond": "(id = mc.movie_id)", "Rows Removed by Index Recheck": 0, "Filter": "((production_year >= 2006) AND (production_year <= 2007) AND (((title)::text ~~ 'One Piece%'::text) OR ((title)::text ~~ 'Dragon Ball Z%'::text)))", "Rows Removed by Filter": 8491, "Exact Heap Blocks": 8495, "Lossy Heap Blocks": 8495, "Plans": [{"Node Type": "Bitmap Index Scan", "Parent Relationship": "Outer", "Index Name": "title_pkey", "Startup Cost": 0.0, "Total Cost": 3.93, "Plan Rows": 1, "Plan Width": 0, "Actual Startup Time": 25.939, "Actual Total Time": 25.939, "Actual Rows": 8495, "Actual Loops": 8495, "Index Cond": "(id = mc.movie_id)"}]}]}, {"Node Type": "Bitmap Heap Scan", "Parent Relationship": "Inner", "Relation Name": "cast_info", "Alias": "ci", "Startup Cost": 4.27, "Total Cost": 28.27, "Plan Rows": 1, "Plan Width": 12, "Actual Startup Time": 0.182, "Actual Total Time": 0.41, "Actual Rows": 104, "Actual Loops": 4, "Recheck Cond": "(movie_id = mc.movie_id)", "Rows Removed by Index Recheck": 0, "Filter": "((note)::text = '(voice: English version)'::text)", "Rows Removed by Filter": 68, "Exact Heap Blocks": 133, "Lossy Heap Blocks": 133, "Plans": [{"Node Type": "Bitmap Index Scan", "Parent Relationship": "Outer", "Index Name": "movie_id_cast_info", "Startup Cost": 0.0, "Total Cost": 4.27, "Plan Rows": 6, "Plan Width": 0, "Actual Startup Time": 0.058, "Actual Total Time": 0.058, "Actual Rows": 172, "Actual Loops": 4, "Index Cond": "(movie_id = mc.movie_id)"}]}]}, {"Node Type": "Bitmap Heap Scan", "Parent Relationship": "Inner", "Relation Name": "aka_name", "Alias": "an", "Startup Cost": 0.38, "Total Cost": 4.39, "Plan Rows": 1, "Plan Width": 20, "Actual Startup Time": 0.631, "Actual Total Time": 0.711, "Actual Rows": 171, "Actual Loops": 104, "Recheck Cond": "(person_id = ci.person_id)", "Rows Removed by Index Recheck": 0, "Exact Heap Blocks": 105, "Lossy Heap Blocks": 105, "Plans": [{"Node Type": "Bitmap Index Scan", "Parent Relationship": "Outer", "Index Name": "person_id_aka_name", "Startup Cost": 0.0, "Total Cost": 0.38, "Plan Rows": 1, "Plan Width": 0, "Actual Startup Time": 0.442, "Actual Total Time": 0.442, "Actual Rows": 171, "Actual Loops": 104, "Index Cond": "(person_id = ci.person_id)"}]}]}, {"Node Type": "Bitmap Heap Scan", "Parent Relationship": "Inner", "Relation Name": "name", "Alias": "n", "Startup Cost": 0.33, "Total Cost": 4.34, "Plan Rows": 1, "Plan Width": 4, "Actual Startup Time": 0.885, "Actual Total Time": 0.885, "Actual Rows": 6, "Actual Loops": 171, "Recheck Cond": "(id = an.person_id)", "Rows Removed by Index Recheck": 0, "Filter": "(((name)::text ~~ '%Yo%'::text) AND ((name)::text !~~ '%Yu%'::text))", "Rows Removed by Filter": 165, "Exact Heap Blocks": 171, "Lossy Heap Blocks": 171, "Plans": [{"Node Type": "Bitmap Index Scan", "Parent Relationship": "Outer", "Index Name": "name_pkey", "Startup Cost": 0.0, "Total Cost": 0.33, "Plan Rows": 1, "Plan Width": 0, "Actual Startup Time": 0.549, "Actual Total Time": 0.549, "Actual Rows": 171, "Actual Loops": 171, "Index Cond": "(id = an.person_id)"}]}]}, {"Node Type": "Bitmap Heap Scan", "Parent Relationship": "Inner", "Relation Name": "role_type", "Alias": "rt", "Startup Cost": 0.26, "Total Cost": 4.27, "Plan Rows": 1, "Plan Width": 4, "Actual Startup Time": 0.029, "Actual Total Time": 0.029, "Actual Rows": 6, "Actual Loops": 6, "Recheck Cond": "(id = ci.role_id)", "Rows Removed by Index Recheck": 0, "Filter": "((role)::text = 'actress'::text)", "Rows Removed by Filter": 0, "Exact Heap Blocks": 6, "Lossy Heap Blocks": 6, "Plans": [{"Node Type": "Bitmap Index Scan", "Parent Relationship": "Outer", "Index Name": "role_type_pkey", "Startup Cost": 0.0, "Total Cost": 0.26, "Plan Rows": 1, "Plan Width": 0, "Actual Startup Time": 0.01, "Actual Total Time": 0.01, "Actual Rows": 6, "Actual Loops": 6, "Index Cond": "(id = ci.role_id)"}]}]}]}, "Triggers": [], "Planner Runtime": 30.658, "Total Runtime": 454.866, "Unique SQL Id": 3956435728}}, "(64, '120')": {"explain_plan": {"Plan": {"Node Type": "Aggregate", "Strategy": "Plain", "Startup Cost": 64890.38, "Total Cost": 64890.39, "Plan Rows": 1, "Plan Width": 97, "Plans": [{"Node Type": "Nested Loop", "Parent Relationship": "Outer", "Join Type": "Inner", "Startup Cost": 3369.54, "Total Cost": 64890.38, "Plan Rows": 1, "Plan Width": 33, "Inner Unique": true, "Plans": [{"Node Type": "Nested Loop", "Parent Relationship": "Outer", "Join Type": "Inner", "Startup Cost": 3369.54, "Total Cost": 64890.09, "Plan Rows": 1, "Plan Width": 37, "Inner Unique": true, "Plans": [{"Node Type": "Nested Loop", "Parent Relationship": "Outer", "Join Type": "Inner", "Startup Cost": 3369.54, "Total Cost": 64889.51, "Plan Rows": 1, "Plan Width": 45, "Inner Unique": true, "Plans": [{"Node Type": "Nested Loop", "Parent Relationship": "Outer", "Join Type": "Inner", "Startup Cost": 3369.54, "Total Cost": 64885.13, "Plan Rows": 1, "Plan Width": 49, "Inner Unique": false, "Plans": [{"Node Type": "Nested Loop", "Parent Relationship": "Outer", "Join Type": "Inner", "Startup Cost": 3369.54, "Total Cost": 64884.27, "Plan Rows": 1, "Plan Width": 29, "Inner Unique": false, "Join Filter": "(t.id = ci.movie_id)", "Plans": [{"Node Type": "Nested Loop", "Parent Relationship": "Outer", "Join Type": "Inner", "Startup Cost": 3369.54, "Total Cost": 64828.49, "Plan Rows": 2, "Plan Width": 29, "Inner Unique": false, "Plans": [{"Node Type": "Streaming(type: LOCAL GATHER dop: 1/64)", "Parent Relationship": "Outer", "Startup Cost": 3369.54, "Total Cost": 64334.52, "Plan Rows": 43, "Plan Width": 21, "Plans": [{"Node Type": "Seq Scan", "Parent Relationship": "Outer", "Relation Name": "title", "Alias": "t", "Startup Cost": 3369.54, "Total Cost": 64333.63, "Plan Rows": 43, "Plan Width": 21, "Filter": "((production_year >= 2006) AND (production_year <= 2007) AND (((title)::text ~~ 'One Piece%'::text) OR ((title)::text ~~ 'Dragon Ball Z%'::text)))"}]}, {"Node Type": "Index Scan", "Parent Relationship": "Inner", "Scan Direction": "Forward", "Index Name": "movie_id_movie_companies", "Relation Name": "movie_companies", "Alias": "mc", "Startup Cost": 0.0, "Total Cost": 11.48, "Plan Rows": 1, "Plan Width": 8, "Index Cond": "(movie_id = t.id)", "Filter": "(((note)::text ~~ '%(Japan)%'::text) AND ((note)::text !~~ '%(USA)%'::text) AND (((note)::text ~~ '%(2006)%'::text) OR ((note)::text ~~ '%(2007)%'::text)))"}]}, {"Node Type": "Index Scan", "Parent Relationship": "Inner", "Scan Direction": "Forward", "Index Name": "movie_id_cast_info", "Relation Name": "cast_info", "Alias": "ci", "Startup Cost": 0.0, "Total Cost": 27.88, "Plan Rows": 1, "Plan Width": 12, "Index Cond": "(movie_id = mc.movie_id)", "Filter": "((note)::text = '(voice: English version)'::text)"}]}, {"Node Type": "Index Scan", "Parent Relationship": "Inner", "Scan Direction": "Forward", "Index Name": "person_id_aka_name", "Relation Name": "aka_name", "Alias": "an", "Startup Cost": 0.0, "Total Cost": 0.84, "Plan Rows": 1, "Plan Width": 20, "Index Cond": "(person_id = ci.person_id)"}]}, {"Node Type": "Index Scan", "Parent Relationship": "Inner", "Scan Direction": "Forward", "Index Name": "company_name_pkey", "Relation Name": "company_name", "Alias": "cn", "Startup Cost": 0.0, "Total Cost": 4.37, "Plan Rows": 1, "Plan Width": 4, "Index Cond": "(id = mc.company_id)", "Filter": "((country_code)::text = '[jp]'::text)"}]}, {"Node Type": "Index Scan", "Parent Relationship": "Inner", "Scan Direction": "Forward", "Index Name": "name_pkey", "Relation Name": "name", "Alias": "n", "Startup Cost": 0.0, "Total Cost": 0.57, "Plan Rows": 1, "Plan Width": 4, "Index Cond": "(id = an.person_id)", "Filter": "(((name)::text ~~ '%Yo%'::text) AND ((name)::text !~~ '%Yu%'::text))"}]}, {"Node Type": "Index Scan", "Parent Relationship": "Inner", "Scan Direction": "Forward", "Index Name": "role_type_pkey", "Relation Name": "role_type", "Alias": "rt", "Startup Cost": 0.0, "Total Cost": 0.27, "Plan Rows": 1, "Plan Width": 4, "Index Cond": "(id = ci.role_id)", "Filter": "((role)::text = 'actress'::text)"}]}]}, "Unique SQL Id": 3956435728, "Planner Runtime": 10}, "explain_analyze_plan": {"Plan": {"Node Type": "Aggregate", "Strategy": "Plain", "Startup Cost": 64890.38, "Total Cost": 64890.39, "Plan Rows": 1, "Plan Width": 97, "Actual Min Startup Time": 129.95, "Actual Max Startup Time": 129.95, "Actual Min Total Time": 129.951, "Actual Max Total Time": 129.951, "Plans": [{"Node Type": "Nested Loop", "Parent Relationship": "Outer", "Join Type": "Inner", "Startup Cost": 3369.54, "Total Cost": 64890.38, "Plan Rows": 1, "Plan Width": 33, "Actual Min Startup Time": 82.756, "Actual Max Startup Time": 82.756, "Actual Min Total Time": 129.873, "Actual Max Total Time": 129.873, "Inner Unique": true, "Plans": [{"Node Type": "Nested Loop", "Parent Relationship": "Outer", "Join Type": "Inner", "Startup Cost": 3369.54, "Total Cost": 64890.09, "Plan Rows": 1, "Plan Width": 37, "Actual Min Startup Time": 82.738, "Actual Max Startup Time": 82.738, "Actual Min Total Time": 129.822, "Actual Max Total Time": 129.822, "Inner Unique": true, "Plans": [{"Node Type": "Nested Loop", "Parent Relationship": "Outer", "Join Type": "Inner", "Startup Cost": 3369.54, "Total Cost": 64889.51, "Plan Rows": 1, "Plan Width": 45, "Actual Min Startup Time": 81.529, "Actual Max Startup Time": 81.529, "Actual Min Total Time": 128.829, "Actual Max Total Time": 128.829, "Inner Unique": true, "Plans": [{"Node Type": "Nested Loop", "Parent Relationship": "Outer", "Join Type": "Inner", "Startup Cost": 3369.54, "Total Cost": 64885.13, "Plan Rows": 1, "Plan Width": 49, "Actual Min Startup Time": 81.496, "Actual Max Startup Time": 81.496, "Actual Min Total Time": 128.07, "Actual Max Total Time": 128.07, "Inner Unique": false, "Plans": [{"Node Type": "Nested Loop", "Parent Relationship": "Outer", "Join Type": "Inner", "Startup Cost": 3369.54, "Total Cost": 64884.27, "Plan Rows": 1, "Plan Width": 29, "Actual Min Startup Time": 81.476, "Actual Max Startup Time": 81.476, "Actual Min Total Time": 127.263, "Actual Max Total Time": 127.263, "Inner Unique": false, "Join Filter": "(t.id = ci.movie_id)", "Rows Removed by Join Filter": 0, "Plans": [{"Node Type": "Nested Loop", "Parent Relationship": "Outer", "Join Type": "Inner", "Startup Cost": 3369.54, "Total Cost": 64828.49, "Plan Rows": 2, "Plan Width": 29, "Actual Min Startup Time": 81.441, "Actual Max Startup Time": 81.441, "Actual Min Total Time": 126.75, "Actual Max Total Time": 126.75, "Inner Unique": false, "Plans": [{"Node Type": "Streaming(type: LOCAL GATHER dop: 1/64)", "Parent Relationship": "Outer", "Startup Cost": 3369.54, "Total Cost": 64334.52, "Plan Rows": 43, "Plan Width": 21, "Actual Min Startup Time": 81.336, "Actual Max Startup Time": 81.336, "Actual Min Total Time": 126.394, "Actual Max Total Time": 126.394, "Plans": [{"Node Type": "Seq Scan", "Parent Relationship": "Outer", "Relation Name": "title", "Alias": "t", "Startup Cost": 3369.54, "Total Cost": 64333.63, "Plan Rows": 43, "Plan Width": 21, "Actual Min Startup Time": 11.827, "Actual Max Startup Time": 38.588, "Actual Min Total Time": 14.967, "Actual Max Total Time": 38.588, "Filter": "((production_year >= 2006) AND (production_year <= 2007) AND (((title)::text ~~ 'One Piece%'::text) OR ((title)::text ~~ 'Dragon Ball Z%'::text)))", "Rows Removed by Filter": 2528304, "Actual Rows": 7}], "Actual Rows": 7}, {"Node Type": "Index Scan", "Parent Relationship": "Inner", "Scan Direction": "Forward", "Index Name": "movie_id_movie_companies", "Relation Name": "movie_companies", "Alias": "mc", "Startup Cost": 0.0, "Total Cost": 11.48, "Plan Rows": 1, "Plan Width": 8, "Actual Min Startup Time": 0.272, "Actual Max Startup Time": 0.272, "Actual Min Total Time": 0.284, "Actual Max Total Time": 0.284, "Index Cond": "(movie_id = t.id)", "Rows Removed by Index Recheck": 0, "Filter": "(((note)::text ~~ '%(Japan)%'::text) AND ((note)::text !~~ '%(USA)%'::text) AND (((note)::text ~~ '%(2006)%'::text) OR ((note)::text ~~ '%(2007)%'::text)))", "Rows Removed by Filter": 13, "Actual Rows": 4}], "Actual Rows": 4}, {"Node Type": "Index Scan", "Parent Relationship": "Inner", "Scan Direction": "Forward", "Index Name": "movie_id_cast_info", "Relation Name": "cast_info", "Alias": "ci", "Startup Cost": 0.0, "Total Cost": 27.88, "Plan Rows": 1, "Plan Width": 12, "Actual Min Startup Time": 0.149, "Actual Max Startup Time": 0.149, "Actual Min Total Time": 0.418, "Actual Max Total Time": 0.418, "Index Cond": "(movie_id = mc.movie_id)", "Rows Removed by Index Recheck": 0, "Filter": "((note)::text = '(voice: English version)'::text)", "Rows Removed by Filter": 68, "Actual Rows": 104}], "Actual Rows": 104}, {"Node Type": "Index Scan", "Parent Relationship": "Inner", "Scan Direction": "Forward", "Index Name": "person_id_aka_name", "Relation Name": "aka_name", "Alias": "an", "Startup Cost": 0.0, "Total Cost": 0.84, "Plan Rows": 1, "Plan Width": 20, "Actual Min Startup Time": 0.573, "Actual Max Startup Time": 0.573, "Actual Min Total Time": 0.686, "Actual Max Total Time": 0.686, "Index Cond": "(person_id = ci.person_id)", "Rows Removed by Index Recheck": 0, "Actual Rows": 171}], "Actual Rows": 171}, {"Node Type": "Index Scan", "Parent Relationship": "Inner", "Scan Direction": "Forward", "Index Name": "company_name_pkey", "Relation Name": "company_name", "Alias": "cn", "Startup Cost": 0.0, "Total Cost": 4.37, "Plan Rows": 1, "Plan Width": 4, "Actual Min Startup Time": 0.589, "Actual Max Startup Time": 0.589, "Actual Min Total Time": 0.589, "Actual Max Total Time": 0.589, "Index Cond": "(id = mc.company_id)", "Rows Removed by Index Recheck": 0, "Filter": "((country_code)::text = '[jp]'::text)", "Rows Removed by Filter": 0, "Actual Rows": 171}], "Actual Rows": 171}, {"Node Type": "Index Scan", "Parent Relationship": "Inner", "Scan Direction": "Forward", "Index Name": "name_pkey", "Relation Name": "name", "Alias": "n", "Startup Cost": 0.0, "Total Cost": 0.57, "Plan Rows": 1, "Plan Width": 4, "Actual Min Startup Time": 0.882, "Actual Max Startup Time": 0.882, "Actual Min Total Time": 0.882, "Actual Max Total Time": 0.882, "Index Cond": "(id = an.person_id)", "Rows Removed by Index Recheck": 0, "Filter": "(((name)::text ~~ '%Yo%'::text) AND ((name)::text !~~ '%Yu%'::text))", "Rows Removed by Filter": 165, "Actual Rows": 6}], "Actual Rows": 6}, {"Node Type": "Index Scan", "Parent Relationship": "Inner", "Scan Direction": "Forward", "Index Name": "role_type_pkey", "Relation Name": "role_type", "Alias": "rt", "Startup Cost": 0.0, "Total Cost": 0.27, "Plan Rows": 1, "Plan Width": 4, "Actual Min Startup Time": 0.03, "Actual Max Startup Time": 0.03, "Actual Min Total Time": 0.03, "Actual Max Total Time": 0.03, "Index Cond": "(id = ci.role_id)", "Rows Removed by Index Recheck": 0, "Filter": "((role)::text = 'actress'::text)", "Rows Removed by Filter": 0, "Actual Rows": 6}], "Actual Rows": 6}], "Actual Rows": 1}, "Triggers": [], "Planner Runtime": 31.722, "Total Runtime": 142.327, "Unique SQL Id": 3956435728}}, "(64, '121')": {"explain_plan": {"Plan": {"Node Type": "Aggregate", "Strategy": "Plain", "Startup Cost": 84111.26, "Total Cost": 84111.27, "Plan Rows": 1, "Plan Width": 97, "Plans": [{"Node Type": "Nested Loop", "Parent Relationship": "Outer", "Join Type": "Inner", "Startup Cost": 0.0, "Total Cost": 84111.26, "Plan Rows": 1, "Plan Width": 33, "Inner Unique": true, "Plans": [{"Node Type": "Nested Loop", "Parent Relationship": "Outer", "Join Type": "Inner", "Startup Cost": 0.0, "Total Cost": 84110.97, "Plan Rows": 1, "Plan Width": 37, "Inner Unique": true, "Plans": [{"Node Type": "Nested Loop", "Parent Relationship": "Outer", "Join Type": "Inner", "Startup Cost": 0.0, "Total Cost": 84110.39, "Plan Rows": 1, "Plan Width": 45, "Inner Unique": false, "Plans": [{"Node Type": "Nested Loop", "Parent Relationship": "Outer", "Join Type": "Inner", "Startup Cost": 0.0, "Total Cost": 84109.54, "Plan Rows": 1, "Plan Width": 25, "Inner Unique": false, "Join Filter": "(t.id = ci.movie_id)", "Plans": [{"Node Type": "Nested Loop", "Parent Relationship": "Outer", "Join Type": "Inner", "Startup Cost": 0.0, "Total Cost": 84053.76, "Plan Rows": 2, "Plan Width": 25, "Inner Unique": true, "Plans": [{"Node Type": "Nested Loop", "Parent Relationship": "Outer", "Join Type": "Inner", "Startup Cost": 0.0, "Total Cost": 81991.53, "Plan Rows": 262, "Plan Width": 4, "Inner Unique": false, "Plans": [{"Node Type": "Index Scan", "Parent Relationship": "Outer", "Scan Direction": "Forward", "Index Name": "company_name_pkey", "Relation Name": "company_name", "Alias": "cn", "Startup Cost": 0.0, "Total Cost": 10501.39, "Plan Rows": 6290, "Plan Width": 4, "Filter": "((country_code)::text = '[jp]'::text)"}, {"Node Type": "Index Scan", "Parent Relationship": "Inner", "Scan Direction": "Forward", "Index Name": "company_id_movie_companies", "Relation Name": "movie_companies", "Alias": "mc", "Startup Cost": 0.0, "Total Cost": 11.36, "Plan Rows": 1, "Plan Width": 8, "Index Cond": "(company_id = cn.id)", "Filter": "(((note)::text ~~ '%(Japan)%'::text) AND ((note)::text !~~ '%(USA)%'::text) AND (((note)::text ~~ '%(2006)%'::text) OR ((note)::text ~~ '%(2007)%'::text)))"}]}, {"Node Type": "Index Scan", "Parent Relationship": "Inner", "Scan Direction": "Forward", "Index Name": "title_pkey", "Relation Name": "title", "Alias": "t", "Startup Cost": 0.0, "Total Cost": 7.86, "Plan Rows": 1, "Plan Width": 21, "Index Cond": "(id = mc.movie_id)", "Filter": "((production_year >= 2006) AND (production_year <= 2007) AND (((title)::text ~~ 'One Piece%'::text) OR ((title)::text ~~ 'Dragon Ball Z%'::text)))"}]}, {"Node Type": "Index Scan", "Parent Relationship": "Inner", "Scan Direction": "Forward", "Index Name": "movie_id_cast_info", "Relation Name": "cast_info", "Alias": "ci", "Startup Cost": 0.0, "Total Cost": 27.88, "Plan Rows": 1, "Plan Width": 12, "Index Cond": "(movie_id = mc.movie_id)", "Filter": "((note)::text = '(voice: English version)'::text)"}]}, {"Node Type": "Index Scan", "Parent Relationship": "Inner", "Scan Direction": "Forward", "Index Name": "person_id_aka_name", "Relation Name": "aka_name", "Alias": "an", "Startup Cost": 0.0, "Total Cost": 0.84, "Plan Rows": 1, "Plan Width": 20, "Index Cond": "(person_id = ci.person_id)"}]}, {"Node Type": "Index Scan", "Parent Relationship": "Inner", "Scan Direction": "Forward", "Index Name": "name_pkey", "Relation Name": "name", "Alias": "n", "Startup Cost": 0.0, "Total Cost": 0.57, "Plan Rows": 1, "Plan Width": 4, "Index Cond": "(id = an.person_id)", "Filter": "(((name)::text ~~ '%Yo%'::text) AND ((name)::text !~~ '%Yu%'::text))"}]}, {"Node Type": "Index Scan", "Parent Relationship": "Inner", "Scan Direction": "Forward", "Index Name": "role_type_pkey", "Relation Name": "role_type", "Alias": "rt", "Startup Cost": 0.0, "Total Cost": 0.27, "Plan Rows": 1, "Plan Width": 4, "Index Cond": "(id = ci.role_id)", "Filter": "((role)::text = 'actress'::text)"}]}]}, "Unique SQL Id": 3956435728, "Planner Runtime": 7}, "explain_analyze_plan": {"Plan": {"Node Type": "Aggregate", "Strategy": "Plain", "Startup Cost": 84111.26, "Total Cost": 84111.27, "Plan Rows": 1, "Plan Width": 97, "Actual Startup Time": 508.933, "Actual Total Time": 508.933, "Actual Rows": 1, "Actual Loops": 1, "Plans": [{"Node Type": "Nested Loop", "Parent Relationship": "Outer", "Join Type": "Inner", "Startup Cost": 0.0, "Total Cost": 84111.26, "Plan Rows": 1, "Plan Width": 33, "Actual Startup Time": 43.321, "Actual Total Time": 508.871, "Actual Rows": 6, "Actual Loops": 1, "Inner Unique": true, "Plans": [{"Node Type": "Nested Loop", "Parent Relationship": "Outer", "Join Type": "Inner", "Startup Cost": 0.0, "Total Cost": 84110.97, "Plan Rows": 1, "Plan Width": 37, "Actual Startup Time": 43.31, "Actual Total Time": 508.838, "Actual Rows": 6, "Actual Loops": 1, "Inner Unique": true, "Plans": [{"Node Type": "Nested Loop", "Parent Relationship": "Outer", "Join Type": "Inner", "Startup Cost": 0.0, "Total Cost": 84110.39, "Plan Rows": 1, "Plan Width": 45, "Actual Startup Time": 42.486, "Actual Total Time": 507.995, "Actual Rows": 171, "Actual Loops": 1, "Inner Unique": false, "Plans": [{"Node Type": "Nested Loop", "Parent Relationship": "Outer", "Join Type": "Inner", "Startup Cost": 0.0, "Total Cost": 84109.54, "Plan Rows": 1, "Plan Width": 25, "Actual Startup Time": 42.471, "Actual Total Time": 507.321, "Actual Rows": 104, "Actual Loops": 1, "Inner Unique": false, "Join Filter": "(t.id = ci.movie_id)", "Rows Removed by Join Filter": 0, "Plans": [{"Node Type": "Nested Loop", "Parent Relationship": "Outer", "Join Type": "Inner", "Startup Cost": 0.0, "Total Cost": 84053.76, "Plan Rows": 2, "Plan Width": 25, "Actual Startup Time": 42.377, "Actual Total Time": 506.931, "Actual Rows": 4, "Actual Loops": 1, "Inner Unique": true, "Plans": [{"Node Type": "Nested Loop", "Parent Relationship": "Outer", "Join Type": "Inner", "Startup Cost": 0.0, "Total Cost": 81991.53, "Plan Rows": 262, "Plan Width": 4, "Actual Startup Time": 0.202, "Actual Total Time": 458.712, "Actual Rows": 8495, "Actual Loops": 1, "Inner Unique": false, "Plans": [{"Node Type": "Index Scan", "Parent Relationship": "Outer", "Scan Direction": "Forward", "Index Name": "company_name_pkey", "Relation Name": "company_name", "Alias": "cn", "Startup Cost": 0.0, "Total Cost": 10501.39, "Plan Rows": 6290, "Plan Width": 4, "Actual Startup Time": 0.167, "Actual Total Time": 270.605, "Actual Rows": 6752, "Actual Loops": 1, "Filter": "((country_code)::text = '[jp]'::text)", "Rows Removed by Filter": 228244}, {"Node Type": "Index Scan", "Parent Relationship": "Inner", "Scan Direction": "Forward", "Index Name": "company_id_movie_companies", "Relation Name": "movie_companies", "Alias": "mc", "Startup Cost": 0.0, "Total Cost": 11.36, "Plan Rows": 1, "Plan Width": 8, "Actual Startup Time": 82.862, "Actual Total Time": 182.042, "Actual Rows": 8495, "Actual Loops": 6752, "Index Cond": "(company_id = cn.id)", "Rows Removed by Index Recheck": 0, "Filter": "(((note)::text ~~ '%(Japan)%'::text) AND ((note)::text !~~ '%(USA)%'::text) AND (((note)::text ~~ '%(2006)%'::text) OR ((note)::text ~~ '%(2007)%'::text)))", "Rows Removed by Filter": 96500}]}, {"Node Type": "Index Scan", "Parent Relationship": "Inner", "Scan Direction": "Forward", "Index Name": "title_pkey", "Relation Name": "title", "Alias": "t", "Startup Cost": 0.0, "Total Cost": 7.86, "Plan Rows": 1, "Plan Width": 21, "Actual Startup Time": 43.82, "Actual Total Time": 43.82, "Actual Rows": 4, "Actual Loops": 8495, "Index Cond": "(id = mc.movie_id)", "Rows Removed by Index Recheck": 0, "Filter": "((production_year >= 2006) AND (production_year <= 2007) AND (((title)::text ~~ 'One Piece%'::text) OR ((title)::text ~~ 'Dragon Ball Z%'::text)))", "Rows Removed by Filter": 8491}]}, {"Node Type": "Index Scan", "Parent Relationship": "Inner", "Scan Direction": "Forward", "Index Name": "movie_id_cast_info", "Relation Name": "cast_info", "Alias": "ci", "Startup Cost": 0.0, "Total Cost": 27.88, "Plan Rows": 1, "Plan Width": 12, "Actual Startup Time": 0.107, "Actual Total Time": 0.315, "Actual Rows": 104, "Actual Loops": 4, "Index Cond": "(movie_id = mc.movie_id)", "Rows Removed by Index Recheck": 0, "Filter": "((note)::text = '(voice: English version)'::text)", "Rows Removed by Filter": 68}]}, {"Node Type": "Index Scan", "Parent Relationship": "Inner", "Scan Direction": "Forward", "Index Name": "person_id_aka_name", "Relation Name": "aka_name", "Alias": "an", "Startup Cost": 0.0, "Total Cost": 0.84, "Plan Rows": 1, "Plan Width": 20, "Actual Startup Time": 0.474, "Actual Total Time": 0.579, "Actual Rows": 171, "Actual Loops": 104, "Index Cond": "(person_id = ci.person_id)", "Rows Removed by Index Recheck": 0}]}, {"Node Type": "Index Scan", "Parent Relationship": "Inner", "Scan Direction": "Forward", "Index Name": "name_pkey", "Relation Name": "name", "Alias": "n", "Startup Cost": 0.0, "Total Cost": 0.57, "Plan Rows": 1, "Plan Width": 4, "Actual Startup Time": 0.754, "Actual Total Time": 0.754, "Actual Rows": 6, "Actual Loops": 171, "Index Cond": "(id = an.person_id)", "Rows Removed by Index Recheck": 0, "Filter": "(((name)::text ~~ '%Yo%'::text) AND ((name)::text !~~ '%Yu%'::text))", "Rows Removed by Filter": 165}]}, {"Node Type": "Index Scan", "Parent Relationship": "Inner", "Scan Direction": "Forward", "Index Name": "role_type_pkey", "Relation Name": "role_type", "Alias": "rt", "Startup Cost": 0.0, "Total Cost": 0.27, "Plan Rows": 1, "Plan Width": 4, "Actual Startup Time": 0.021, "Actual Total Time": 0.021, "Actual Rows": 6, "Actual Loops": 6, "Index Cond": "(id = ci.role_id)", "Rows Removed by Index Recheck": 0, "Filter": "((role)::text = 'actress'::text)", "Rows Removed by Filter": 0}]}]}, "Triggers": [], "Planner Runtime": 28.465, "Total Runtime": 509.196, "Unique SQL Id": 3956435728}}, "(64, '122')": {"explain_plan": {"Plan": {"Node Type": "Aggregate", "Strategy": "Plain", "Startup Cost": 309181.44, "Total Cost": 309181.45, "Plan Rows": 1, "Plan Width": 97, "Plans": [{"Node Type": "Nested Loop", "Parent Relationship": "Outer", "Join Type": "Inner", "Startup Cost": 3369.54, "Total Cost": 309181.44, "Plan Rows": 1, "Plan Width": 33, "Inner Unique": true, "Join Filter": "(an.person_id = n.id)", "Plans": [{"Node Type": "Nested Loop", "Parent Relationship": "Outer", "Join Type": "Inner", "Startup Cost": 3369.54, "Total Cost": 243941.56, "Plan Rows": 1, "Plan Width": 41, "Inner Unique": true, "Join Filter": "(mc.company_id = cn.id)", "Plans": [{"Node Type": "Nested Loop", "Parent Relationship": "Outer", "Join Type": "Inner", "Startup Cost": 3369.54, "Total Cost": 237959.49, "Plan Rows": 1, "Plan Width": 45, "Inner Unique": false, "Join Filter": "(ci.person_id = an.person_id)", "Plans": [{"Node Type": "Nested Loop", "Parent Relationship": "Outer", "Join Type": "Inner", "Startup Cost": 3369.54, "Total Cost": 206784.29, "Plan Rows": 1, "Plan Width": 25, "Inner Unique": false, "Join Filter": "(ci.movie_id = t.id)", "Plans": [{"Node Type": "Nested Loop", "Parent Relationship": "Outer", "Join Type": "Inner", "Startup Cost": 0.0, "Total Cost": 77025.27, "Plan Rows": 8790, "Plan Width": 8, "Inner Unique": false, "Join Filter": "(ci.role_id = rt.id)", "Plans": [{"Node Type": "Seq Scan", "Parent Relationship": "Outer", "Relation Name": "role_type", "Alias": "rt", "Startup Cost": 0.0, "Total Cost": 1.15, "Plan Rows": 1, "Plan Width": 4, "Filter": "((role)::text = 'actress'::text)"}, {"Node Type": "Materialize", "Parent Relationship": "Inner", "Startup Cost": 0.0, "Total Cost": 76057.2, "Plan Rows": 96692, "Plan Width": 12, "Plans": [{"Node Type": "Streaming(type: LOCAL GATHER dop: 1/64)", "Parent Relationship": "Outer", "Startup Cost": 0.0, "Total Cost": 75815.47, "Plan Rows": 96692, "Plan Width": 12, "Plans": [{"Node Type": "Seq Scan", "Parent Relationship": "Outer", "Relation Name": "cast_info", "Alias": "ci", "Startup Cost": 0.0, "Total Cost": 73820.73, "Plan Rows": 96692, "Plan Width": 12, "Filter": "((note)::text = '(voice: English version)'::text)"}]}]}]}, {"Node Type": "Materialize", "Parent Relationship": "Inner", "Startup Cost": 3369.54, "Total Cost": 129495.32, "Plan Rows": 2, "Plan Width": 29, "Plans": [{"Node Type": "Nested Loop", "Parent Relationship": "Outer", "Join Type": "Inner", "Startup Cost": 3369.54, "Total Cost": 129495.31, "Plan Rows": 2, "Plan Width": 29, "Inner Unique": true, "Join Filter": "(mc.movie_id = t.id)", "Plans": [{"Node Type": "Streaming(type: LOCAL GATHER dop: 1/64)", "Parent Relationship": "Outer", "Startup Cost": 0.0, "Total Cost": 64095.15, "Plan Rows": 1652, "Plan Width": 8, "Plans": [{"Node Type": "Seq Scan", "Parent Relationship": "Outer", "Relation Name": "movie_companies", "Alias": "mc", "Startup Cost": 0.0, "Total Cost": 64061.07, "Plan Rows": 1652, "Plan Width": 8, "Filter": "(((note)::text ~~ '%(Japan)%'::text) AND ((note)::text !~~ '%(USA)%'::text) AND (((note)::text ~~ '%(2006)%'::text) OR ((note)::text ~~ '%(2007)%'::text)))"}]}, {"Node Type": "Materialize", "Parent Relationship": "Inner", "Startup Cost": 3369.54, "Total Cost": 64334.73, "Plan Rows": 43, "Plan Width": 21, "Plans": [{"Node Type": "Streaming(type: LOCAL GATHER dop: 1/64)", "Parent Relationship": "Outer", "Startup Cost": 3369.54, "Total Cost": 64334.52, "Plan Rows": 43, "Plan Width": 21, "Plans": [{"Node Type": "Seq Scan", "Parent Relationship": "Outer", "Relation Name": "title", "Alias": "t", "Startup Cost": 3369.54, "Total Cost": 64333.63, "Plan Rows": 43, "Plan Width": 21, "Filter": "((production_year >= 2006) AND (production_year <= 2007) AND (((title)::text ~~ 'One Piece%'::text) OR ((title)::text ~~ 'Dragon Ball Z%'::text)))"}]}]}]}]}]}, {"Node Type": "Seq Scan", "Parent Relationship": "Inner", "Relation Name": "aka_name", "Alias": "an", "Startup Cost": 0.0, "Total Cost": 19908.42, "Plan Rows": 901342, "Plan Width": 20}]}, {"Node Type": "Seq Scan", "Parent Relationship": "Inner", "Relation Name": "company_name", "Alias": "cn", "Startup Cost": 0.0, "Total Cost": 5903.45, "Plan Rows": 6290, "Plan Width": 4, "Filter": "((country_code)::text = '[jp]'::text)"}]}, {"Node Type": "Materialize", "Parent Relationship": "Inner", "Startup Cost": 0.0, "Total Cost": 65101.02, "Plan Rows": 13886, "Plan Width": 4, "Plans": [{"Node Type": "Streaming(type: LOCAL GATHER dop: 1/64)", "Parent Relationship": "Outer", "Startup Cost": 0.0, "Total Cost": 65066.3, "Plan Rows": 13886, "Plan Width": 4, "Plans": [{"Node Type": "Seq Scan", "Parent Relationship": "Outer", "Relation Name": "name", "Alias": "n", "Startup Cost": 0.0, "Total Cost": 64779.83, "Plan Rows": 13886, "Plan Width": 4, "Filter": "(((name)::text ~~ '%Yo%'::text) AND ((name)::text !~~ '%Yu%'::text))"}]}]}]}]}, "Unique SQL Id": 3956435728, "Planner Runtime": 15}, "explain_analyze_plan": null}, "(64, '123')": {"explain_plan": {"Plan": {"Node Type": "Aggregate", "Strategy": "Plain", "Startup Cost": 7000171740968.88, "Total Cost": 7000171740968.89, "Plan Rows": 1, "Plan Width": 97, "Plans": [{"Node Type": "Nested Loop", "Parent Relationship": "Outer", "Join Type": "Inner", "Startup Cost": 70000000000.0, "Total Cost": 7000171740968.87, "Plan Rows": 1, "Plan Width": 33, "Inner Unique": true, "Join Filter": "(ci.role_id = rt.id)", "Plans": [{"Node Type": "Nested Loop", "Parent Relationship": "Outer", "Join Type": "Inner", "Startup Cost": 60000000000.0, "Total Cost": 6000171739722.86, "Plan Rows": 1, "Plan Width": 37, "Inner Unique": true, "Plans": [{"Node Type": "Nested Loop", "Parent Relationship": "Outer", "Join Type": "Inner", "Startup Cost": 50000000000.0, "Total Cost": 5000171739665.63, "Plan Rows": 1, "Plan Width": 45, "Inner Unique": true, "Plans": [{"Node Type": "Nested Loop", "Parent Relationship": "Outer", "Join Type": "Inner", "Startup Cost": 40000000000.0, "Total Cost": 4000171739228.2, "Plan Rows": 1, "Plan Width": 49, "Inner Unique": false, "Plans": [{"Node Type": "Nested Loop", "Parent Relationship": "Outer", "Join Type": "Inner", "Startup Cost": 30000000000.0, "Total Cost": 3000171739143.81, "Plan Rows": 1, "Plan Width": 29, "Inner Unique": false, "Join Filter": "(t.id = ci.movie_id)", "Plans": [{"Node Type": "Index Scan", "Parent Relationship": "Outer", "Scan Direction": "Forward", "Index Name": "role_id_cast_info", "Relation Name": "cast_info", "Alias": "ci", "Startup Cost": 10000000000.0, "Total Cost": 1000143218339.5, "Plan Rows": 96692, "Plan Width": 12, "Filter": "((note)::text = '(voice: English version)'::text)"}, {"Node Type": "Materialize", "Parent Relationship": "Inner", "Startup Cost": 20000000000.0, "Total Cost": 2000028517903.55, "Plan Rows": 2, "Plan Width": 29, "Plans": [{"Node Type": "Nested Loop", "Parent Relationship": "Outer", "Join Type": "Inner", "Startup Cost": 20000000000.0, "Total Cost": 2000028517903.54, "Plan Rows": 2, "Plan Width": 29, "Inner Unique": true, "Join Filter": "(mc.movie_id = t.id)", "Plans": [{"Node Type": "Index Scan", "Parent Relationship": "Outer", "Scan Direction": "Forward", "Index Name": "company_id_movie_companies", "Relation Name": "movie_companies", "Alias": "mc", "Startup Cost": 10000000000.0, "Total Cost": 1000014976477.98, "Plan Rows": 1652, "Plan Width": 8, "Filter": "(((note)::text ~~ '%(Japan)%'::text) AND ((note)::text !~~ '%(USA)%'::text) AND (((note)::text ~~ '%(2006)%'::text) OR ((note)::text ~~ '%(2007)%'::text)))"}, {"Node Type": "Materialize", "Parent Relationship": "Inner", "Startup Cost": 10000000000.0, "Total Cost": 1000013540360.13, "Plan Rows": 43, "Plan Width": 21, "Plans": [{"Node Type": "Index Scan", "Parent Relationship": "Outer", "Scan Direction": "Forward", "Index Name": "title_pkey", "Relation Name": "title", "Alias": "t", "Startup Cost": 10000000000.0, "Total Cost": 1000013540359.91, "Plan Rows": 43, "Plan Width": 21, "Filter": "((production_year >= 2006) AND (production_year <= 2007) AND (((title)::text ~~ 'One Piece%'::text) OR ((title)::text ~~ 'Dragon Ball Z%'::text)))"}]}]}]}]}, {"Node Type": "Index Scan", "Parent Relationship": "Inner", "Scan Direction": "Forward", "Index Name": "person_id_aka_name", "Relation Name": "aka_name", "Alias": "an", "Startup Cost": 10000000000.0, "Total Cost": 1000000000084.38, "Plan Rows": 1, "Plan Width": 20, "Index Cond": "(person_id = ci.person_id)"}]}, {"Node Type": "Index Scan", "Parent Relationship": "Inner", "Scan Direction": "Forward", "Index Name": "company_name_pkey", "Relation Name": "company_name", "Alias": "cn", "Startup Cost": 10000000000.0, "Total Cost": 1000000000437.42, "Plan Rows": 1, "Plan Width": 4, "Index Cond": "(id = mc.company_id)", "Filter": "((country_code)::text = '[jp]'::text)"}]}, {"Node Type": "Index Scan", "Parent Relationship": "Inner", "Scan Direction": "Forward", "Index Name": "name_pkey", "Relation Name": "name", "Alias": "n", "Startup Cost": 10000000000.0, "Total Cost": 1000000000057.22, "Plan Rows": 1, "Plan Width": 4, "Index Cond": "(id = an.person_id)", "Filter": "(((name)::text ~~ '%Yo%'::text) AND ((name)::text !~~ '%Yu%'::text))"}]}, {"Node Type": "Index Scan", "Parent Relationship": "Inner", "Scan Direction": "Forward", "Index Name": "role_type_pkey", "Relation Name": "role_type", "Alias": "rt", "Startup Cost": 10000000000.0, "Total Cost": 1000000001246.0, "Plan Rows": 1, "Plan Width": 4, "Filter": "((role)::text = 'actress'::text)"}]}]}, "Unique SQL Id": 3956435728, "Planner Runtime": 8}, "explain_analyze_plan": null}, "(64, '124')": {"explain_plan": {"Plan": {"Node Type": "Aggregate", "Strategy": "Plain", "Startup Cost": 64890.38, "Total Cost": 64890.39, "Plan Rows": 1, "Plan Width": 97, "Plans": [{"Node Type": "Nested Loop", "Parent Relationship": "Outer", "Join Type": "Inner", "Startup Cost": 3369.54, "Total Cost": 64890.38, "Plan Rows": 1, "Plan Width": 33, "Inner Unique": true, "Plans": [{"Node Type": "Nested Loop", "Parent Relationship": "Outer", "Join Type": "Inner", "Startup Cost": 3369.54, "Total Cost": 64890.09, "Plan Rows": 1, "Plan Width": 37, "Inner Unique": true, "Plans": [{"Node Type": "Nested Loop", "Parent Relationship": "Outer", "Join Type": "Inner", "Startup Cost": 3369.54, "Total Cost": 64889.51, "Plan Rows": 1, "Plan Width": 45, "Inner Unique": true, "Plans": [{"Node Type": "Nested Loop", "Parent Relationship": "Outer", "Join Type": "Inner", "Startup Cost": 3369.54, "Total Cost": 64885.13, "Plan Rows": 1, "Plan Width": 49, "Inner Unique": false, "Plans": [{"Node Type": "Nested Loop", "Parent Relationship": "Outer", "Join Type": "Inner", "Startup Cost": 3369.54, "Total Cost": 64884.27, "Plan Rows": 1, "Plan Width": 29, "Inner Unique": false, "Join Filter": "(t.id = ci.movie_id)", "Plans": [{"Node Type": "Nested Loop", "Parent Relationship": "Outer", "Join Type": "Inner", "Startup Cost": 3369.54, "Total Cost": 64828.49, "Plan Rows": 2, "Plan Width": 29, "Inner Unique": false, "Plans": [{"Node Type": "Streaming(type: LOCAL GATHER dop: 1/64)", "Parent Relationship": "Outer", "Startup Cost": 3369.54, "Total Cost": 64334.52, "Plan Rows": 43, "Plan Width": 21, "Plans": [{"Node Type": "Seq Scan", "Parent Relationship": "Outer", "Relation Name": "title", "Alias": "t", "Startup Cost": 3369.54, "Total Cost": 64333.63, "Plan Rows": 43, "Plan Width": 21, "Filter": "((production_year >= 2006) AND (production_year <= 2007) AND (((title)::text ~~ 'One Piece%'::text) OR ((title)::text ~~ 'Dragon Ball Z%'::text)))"}]}, {"Node Type": "Index Scan", "Parent Relationship": "Inner", "Scan Direction": "Forward", "Index Name": "movie_id_movie_companies", "Relation Name": "movie_companies", "Alias": "mc", "Startup Cost": 0.0, "Total Cost": 11.48, "Plan Rows": 1, "Plan Width": 8, "Index Cond": "(movie_id = t.id)", "Filter": "(((note)::text ~~ '%(Japan)%'::text) AND ((note)::text !~~ '%(USA)%'::text) AND (((note)::text ~~ '%(2006)%'::text) OR ((note)::text ~~ '%(2007)%'::text)))"}]}, {"Node Type": "Index Scan", "Parent Relationship": "Inner", "Scan Direction": "Forward", "Index Name": "movie_id_cast_info", "Relation Name": "cast_info", "Alias": "ci", "Startup Cost": 0.0, "Total Cost": 27.88, "Plan Rows": 1, "Plan Width": 12, "Index Cond": "(movie_id = mc.movie_id)", "Filter": "((note)::text = '(voice: English version)'::text)"}]}, {"Node Type": "Index Scan", "Parent Relationship": "Inner", "Scan Direction": "Forward", "Index Name": "person_id_aka_name", "Relation Name": "aka_name", "Alias": "an", "Startup Cost": 0.0, "Total Cost": 0.84, "Plan Rows": 1, "Plan Width": 20, "Index Cond": "(person_id = ci.person_id)"}]}, {"Node Type": "Index Scan", "Parent Relationship": "Inner", "Scan Direction": "Forward", "Index Name": "company_name_pkey", "Relation Name": "company_name", "Alias": "cn", "Startup Cost": 0.0, "Total Cost": 4.37, "Plan Rows": 1, "Plan Width": 4, "Index Cond": "(id = mc.company_id)", "Filter": "((country_code)::text = '[jp]'::text)"}]}, {"Node Type": "Index Scan", "Parent Relationship": "Inner", "Scan Direction": "Forward", "Index Name": "name_pkey", "Relation Name": "name", "Alias": "n", "Startup Cost": 0.0, "Total Cost": 0.57, "Plan Rows": 1, "Plan Width": 4, "Index Cond": "(id = an.person_id)", "Filter": "(((name)::text ~~ '%Yo%'::text) AND ((name)::text !~~ '%Yu%'::text))"}]}, {"Node Type": "Index Scan", "Parent Relationship": "Inner", "Scan Direction": "Forward", "Index Name": "role_type_pkey", "Relation Name": "role_type", "Alias": "rt", "Startup Cost": 0.0, "Total Cost": 0.27, "Plan Rows": 1, "Plan Width": 4, "Index Cond": "(id = ci.role_id)", "Filter": "((role)::text = 'actress'::text)"}]}]}, "Unique SQL Id": 3956435728, "Planner Runtime": 11}, "explain_analyze_plan": {"Plan": {"Node Type": "Aggregate", "Strategy": "Plain", "Startup Cost": 64890.38, "Total Cost": 64890.39, "Plan Rows": 1, "Plan Width": 97, "Actual Min Startup Time": 129.95, "Actual Max Startup Time": 129.95, "Actual Min Total Time": 129.951, "Actual Max Total Time": 129.951, "Plans": [{"Node Type": "Nested Loop", "Parent Relationship": "Outer", "Join Type": "Inner", "Startup Cost": 3369.54, "Total Cost": 64890.38, "Plan Rows": 1, "Plan Width": 33, "Actual Min Startup Time": 82.756, "Actual Max Startup Time": 82.756, "Actual Min Total Time": 129.873, "Actual Max Total Time": 129.873, "Inner Unique": true, "Plans": [{"Node Type": "Nested Loop", "Parent Relationship": "Outer", "Join Type": "Inner", "Startup Cost": 3369.54, "Total Cost": 64890.09, "Plan Rows": 1, "Plan Width": 37, "Actual Min Startup Time": 82.738, "Actual Max Startup Time": 82.738, "Actual Min Total Time": 129.822, "Actual Max Total Time": 129.822, "Inner Unique": true, "Plans": [{"Node Type": "Nested Loop", "Parent Relationship": "Outer", "Join Type": "Inner", "Startup Cost": 3369.54, "Total Cost": 64889.51, "Plan Rows": 1, "Plan Width": 45, "Actual Min Startup Time": 81.529, "Actual Max Startup Time": 81.529, "Actual Min Total Time": 128.829, "Actual Max Total Time": 128.829, "Inner Unique": true, "Plans": [{"Node Type": "Nested Loop", "Parent Relationship": "Outer", "Join Type": "Inner", "Startup Cost": 3369.54, "Total Cost": 64885.13, "Plan Rows": 1, "Plan Width": 49, "Actual Min Startup Time": 81.496, "Actual Max Startup Time": 81.496, "Actual Min Total Time": 128.07, "Actual Max Total Time": 128.07, "Inner Unique": false, "Plans": [{"Node Type": "Nested Loop", "Parent Relationship": "Outer", "Join Type": "Inner", "Startup Cost": 3369.54, "Total Cost": 64884.27, "Plan Rows": 1, "Plan Width": 29, "Actual Min Startup Time": 81.476, "Actual Max Startup Time": 81.476, "Actual Min Total Time": 127.263, "Actual Max Total Time": 127.263, "Inner Unique": false, "Join Filter": "(t.id = ci.movie_id)", "Rows Removed by Join Filter": 0, "Plans": [{"Node Type": "Nested Loop", "Parent Relationship": "Outer", "Join Type": "Inner", "Startup Cost": 3369.54, "Total Cost": 64828.49, "Plan Rows": 2, "Plan Width": 29, "Actual Min Startup Time": 81.441, "Actual Max Startup Time": 81.441, "Actual Min Total Time": 126.75, "Actual Max Total Time": 126.75, "Inner Unique": false, "Plans": [{"Node Type": "Streaming(type: LOCAL GATHER dop: 1/64)", "Parent Relationship": "Outer", "Startup Cost": 3369.54, "Total Cost": 64334.52, "Plan Rows": 43, "Plan Width": 21, "Actual Min Startup Time": 81.336, "Actual Max Startup Time": 81.336, "Actual Min Total Time": 126.394, "Actual Max Total Time": 126.394, "Plans": [{"Node Type": "Seq Scan", "Parent Relationship": "Outer", "Relation Name": "title", "Alias": "t", "Startup Cost": 3369.54, "Total Cost": 64333.63, "Plan Rows": 43, "Plan Width": 21, "Actual Min Startup Time": 11.827, "Actual Max Startup Time": 38.588, "Actual Min Total Time": 14.967, "Actual Max Total Time": 38.588, "Filter": "((production_year >= 2006) AND (production_year <= 2007) AND (((title)::text ~~ 'One Piece%'::text) OR ((title)::text ~~ 'Dragon Ball Z%'::text)))", "Rows Removed by Filter": 2528304, "Actual Rows": 7}], "Actual Rows": 7}, {"Node Type": "Index Scan", "Parent Relationship": "Inner", "Scan Direction": "Forward", "Index Name": "movie_id_movie_companies", "Relation Name": "movie_companies", "Alias": "mc", "Startup Cost": 0.0, "Total Cost": 11.48, "Plan Rows": 1, "Plan Width": 8, "Actual Min Startup Time": 0.272, "Actual Max Startup Time": 0.272, "Actual Min Total Time": 0.284, "Actual Max Total Time": 0.284, "Index Cond": "(movie_id = t.id)", "Rows Removed by Index Recheck": 0, "Filter": "(((note)::text ~~ '%(Japan)%'::text) AND ((note)::text !~~ '%(USA)%'::text) AND (((note)::text ~~ '%(2006)%'::text) OR ((note)::text ~~ '%(2007)%'::text)))", "Rows Removed by Filter": 13, "Actual Rows": 4}], "Actual Rows": 4}, {"Node Type": "Index Scan", "Parent Relationship": "Inner", "Scan Direction": "Forward", "Index Name": "movie_id_cast_info", "Relation Name": "cast_info", "Alias": "ci", "Startup Cost": 0.0, "Total Cost": 27.88, "Plan Rows": 1, "Plan Width": 12, "Actual Min Startup Time": 0.149, "Actual Max Startup Time": 0.149, "Actual Min Total Time": 0.418, "Actual Max Total Time": 0.418, "Index Cond": "(movie_id = mc.movie_id)", "Rows Removed by Index Recheck": 0, "Filter": "((note)::text = '(voice: English version)'::text)", "Rows Removed by Filter": 68, "Actual Rows": 104}], "Actual Rows": 104}, {"Node Type": "Index Scan", "Parent Relationship": "Inner", "Scan Direction": "Forward", "Index Name": "person_id_aka_name", "Relation Name": "aka_name", "Alias": "an", "Startup Cost": 0.0, "Total Cost": 0.84, "Plan Rows": 1, "Plan Width": 20, "Actual Min Startup Time": 0.573, "Actual Max Startup Time": 0.573, "Actual Min Total Time": 0.686, "Actual Max Total Time": 0.686, "Index Cond": "(person_id = ci.person_id)", "Rows Removed by Index Recheck": 0, "Actual Rows": 171}], "Actual Rows": 171}, {"Node Type": "Index Scan", "Parent Relationship": "Inner", "Scan Direction": "Forward", "Index Name": "company_name_pkey", "Relation Name": "company_name", "Alias": "cn", "Startup Cost": 0.0, "Total Cost": 4.37, "Plan Rows": 1, "Plan Width": 4, "Actual Min Startup Time": 0.589, "Actual Max Startup Time": 0.589, "Actual Min Total Time": 0.589, "Actual Max Total Time": 0.589, "Index Cond": "(id = mc.company_id)", "Rows Removed by Index Recheck": 0, "Filter": "((country_code)::text = '[jp]'::text)", "Rows Removed by Filter": 0, "Actual Rows": 171}], "Actual Rows": 171}, {"Node Type": "Index Scan", "Parent Relationship": "Inner", "Scan Direction": "Forward", "Index Name": "name_pkey", "Relation Name": "name", "Alias": "n", "Startup Cost": 0.0, "Total Cost": 0.57, "Plan Rows": 1, "Plan Width": 4, "Actual Min Startup Time": 0.882, "Actual Max Startup Time": 0.882, "Actual Min Total Time": 0.882, "Actual Max Total Time": 0.882, "Index Cond": "(id = an.person_id)", "Rows Removed by Index Recheck": 0, "Filter": "(((name)::text ~~ '%Yo%'::text) AND ((name)::text !~~ '%Yu%'::text))", "Rows Removed by Filter": 165, "Actual Rows": 6}], "Actual Rows": 6}, {"Node Type": "Index Scan", "Parent Relationship": "Inner", "Scan Direction": "Forward", "Index Name": "role_type_pkey", "Relation Name": "role_type", "Alias": "rt", "Startup Cost": 0.0, "Total Cost": 0.27, "Plan Rows": 1, "Plan Width": 4, "Actual Min Startup Time": 0.03, "Actual Max Startup Time": 0.03, "Actual Min Total Time": 0.03, "Actual Max Total Time": 0.03, "Index Cond": "(id = ci.role_id)", "Rows Removed by Index Recheck": 0, "Filter": "((role)::text = 'actress'::text)", "Rows Removed by Filter": 0, "Actual Rows": 6}], "Actual Rows": 6}], "Actual Rows": 1}, "Triggers": [], "Planner Runtime": 31.722, "Total Runtime": 142.327, "Unique SQL Id": 3956435728}}, "(64, '125')": {"explain_plan": {"Plan": {"Node Type": "Aggregate", "Strategy": "Plain", "Startup Cost": 84111.26, "Total Cost": 84111.27, "Plan Rows": 1, "Plan Width": 97, "Plans": [{"Node Type": "Nested Loop", "Parent Relationship": "Outer", "Join Type": "Inner", "Startup Cost": 0.0, "Total Cost": 84111.26, "Plan Rows": 1, "Plan Width": 33, "Inner Unique": true, "Plans": [{"Node Type": "Nested Loop", "Parent Relationship": "Outer", "Join Type": "Inner", "Startup Cost": 0.0, "Total Cost": 84110.97, "Plan Rows": 1, "Plan Width": 37, "Inner Unique": true, "Plans": [{"Node Type": "Nested Loop", "Parent Relationship": "Outer", "Join Type": "Inner", "Startup Cost": 0.0, "Total Cost": 84110.39, "Plan Rows": 1, "Plan Width": 45, "Inner Unique": false, "Plans": [{"Node Type": "Nested Loop", "Parent Relationship": "Outer", "Join Type": "Inner", "Startup Cost": 0.0, "Total Cost": 84109.54, "Plan Rows": 1, "Plan Width": 25, "Inner Unique": false, "Join Filter": "(t.id = ci.movie_id)", "Plans": [{"Node Type": "Nested Loop", "Parent Relationship": "Outer", "Join Type": "Inner", "Startup Cost": 0.0, "Total Cost": 84053.76, "Plan Rows": 2, "Plan Width": 25, "Inner Unique": true, "Plans": [{"Node Type": "Nested Loop", "Parent Relationship": "Outer", "Join Type": "Inner", "Startup Cost": 0.0, "Total Cost": 81991.53, "Plan Rows": 262, "Plan Width": 4, "Inner Unique": false, "Plans": [{"Node Type": "Index Scan", "Parent Relationship": "Outer", "Scan Direction": "Forward", "Index Name": "company_name_pkey", "Relation Name": "company_name", "Alias": "cn", "Startup Cost": 0.0, "Total Cost": 10501.39, "Plan Rows": 6290, "Plan Width": 4, "Filter": "((country_code)::text = '[jp]'::text)"}, {"Node Type": "Index Scan", "Parent Relationship": "Inner", "Scan Direction": "Forward", "Index Name": "company_id_movie_companies", "Relation Name": "movie_companies", "Alias": "mc", "Startup Cost": 0.0, "Total Cost": 11.36, "Plan Rows": 1, "Plan Width": 8, "Index Cond": "(company_id = cn.id)", "Filter": "(((note)::text ~~ '%(Japan)%'::text) AND ((note)::text !~~ '%(USA)%'::text) AND (((note)::text ~~ '%(2006)%'::text) OR ((note)::text ~~ '%(2007)%'::text)))"}]}, {"Node Type": "Index Scan", "Parent Relationship": "Inner", "Scan Direction": "Forward", "Index Name": "title_pkey", "Relation Name": "title", "Alias": "t", "Startup Cost": 0.0, "Total Cost": 7.86, "Plan Rows": 1, "Plan Width": 21, "Index Cond": "(id = mc.movie_id)", "Filter": "((production_year >= 2006) AND (production_year <= 2007) AND (((title)::text ~~ 'One Piece%'::text) OR ((title)::text ~~ 'Dragon Ball Z%'::text)))"}]}, {"Node Type": "Index Scan", "Parent Relationship": "Inner", "Scan Direction": "Forward", "Index Name": "movie_id_cast_info", "Relation Name": "cast_info", "Alias": "ci", "Startup Cost": 0.0, "Total Cost": 27.88, "Plan Rows": 1, "Plan Width": 12, "Index Cond": "(movie_id = mc.movie_id)", "Filter": "((note)::text = '(voice: English version)'::text)"}]}, {"Node Type": "Index Scan", "Parent Relationship": "Inner", "Scan Direction": "Forward", "Index Name": "person_id_aka_name", "Relation Name": "aka_name", "Alias": "an", "Startup Cost": 0.0, "Total Cost": 0.84, "Plan Rows": 1, "Plan Width": 20, "Index Cond": "(person_id = ci.person_id)"}]}, {"Node Type": "Index Scan", "Parent Relationship": "Inner", "Scan Direction": "Forward", "Index Name": "name_pkey", "Relation Name": "name", "Alias": "n", "Startup Cost": 0.0, "Total Cost": 0.57, "Plan Rows": 1, "Plan Width": 4, "Index Cond": "(id = an.person_id)", "Filter": "(((name)::text ~~ '%Yo%'::text) AND ((name)::text !~~ '%Yu%'::text))"}]}, {"Node Type": "Index Scan", "Parent Relationship": "Inner", "Scan Direction": "Forward", "Index Name": "role_type_pkey", "Relation Name": "role_type", "Alias": "rt", "Startup Cost": 0.0, "Total Cost": 0.27, "Plan Rows": 1, "Plan Width": 4, "Index Cond": "(id = ci.role_id)", "Filter": "((role)::text = 'actress'::text)"}]}]}, "Unique SQL Id": 3956435728, "Planner Runtime": 8}, "explain_analyze_plan": {"Plan": {"Node Type": "Aggregate", "Strategy": "Plain", "Startup Cost": 84111.26, "Total Cost": 84111.27, "Plan Rows": 1, "Plan Width": 97, "Actual Startup Time": 508.933, "Actual Total Time": 508.933, "Actual Rows": 1, "Actual Loops": 1, "Plans": [{"Node Type": "Nested Loop", "Parent Relationship": "Outer", "Join Type": "Inner", "Startup Cost": 0.0, "Total Cost": 84111.26, "Plan Rows": 1, "Plan Width": 33, "Actual Startup Time": 43.321, "Actual Total Time": 508.871, "Actual Rows": 6, "Actual Loops": 1, "Inner Unique": true, "Plans": [{"Node Type": "Nested Loop", "Parent Relationship": "Outer", "Join Type": "Inner", "Startup Cost": 0.0, "Total Cost": 84110.97, "Plan Rows": 1, "Plan Width": 37, "Actual Startup Time": 43.31, "Actual Total Time": 508.838, "Actual Rows": 6, "Actual Loops": 1, "Inner Unique": true, "Plans": [{"Node Type": "Nested Loop", "Parent Relationship": "Outer", "Join Type": "Inner", "Startup Cost": 0.0, "Total Cost": 84110.39, "Plan Rows": 1, "Plan Width": 45, "Actual Startup Time": 42.486, "Actual Total Time": 507.995, "Actual Rows": 171, "Actual Loops": 1, "Inner Unique": false, "Plans": [{"Node Type": "Nested Loop", "Parent Relationship": "Outer", "Join Type": "Inner", "Startup Cost": 0.0, "Total Cost": 84109.54, "Plan Rows": 1, "Plan Width": 25, "Actual Startup Time": 42.471, "Actual Total Time": 507.321, "Actual Rows": 104, "Actual Loops": 1, "Inner Unique": false, "Join Filter": "(t.id = ci.movie_id)", "Rows Removed by Join Filter": 0, "Plans": [{"Node Type": "Nested Loop", "Parent Relationship": "Outer", "Join Type": "Inner", "Startup Cost": 0.0, "Total Cost": 84053.76, "Plan Rows": 2, "Plan Width": 25, "Actual Startup Time": 42.377, "Actual Total Time": 506.931, "Actual Rows": 4, "Actual Loops": 1, "Inner Unique": true, "Plans": [{"Node Type": "Nested Loop", "Parent Relationship": "Outer", "Join Type": "Inner", "Startup Cost": 0.0, "Total Cost": 81991.53, "Plan Rows": 262, "Plan Width": 4, "Actual Startup Time": 0.202, "Actual Total Time": 458.712, "Actual Rows": 8495, "Actual Loops": 1, "Inner Unique": false, "Plans": [{"Node Type": "Index Scan", "Parent Relationship": "Outer", "Scan Direction": "Forward", "Index Name": "company_name_pkey", "Relation Name": "company_name", "Alias": "cn", "Startup Cost": 0.0, "Total Cost": 10501.39, "Plan Rows": 6290, "Plan Width": 4, "Actual Startup Time": 0.167, "Actual Total Time": 270.605, "Actual Rows": 6752, "Actual Loops": 1, "Filter": "((country_code)::text = '[jp]'::text)", "Rows Removed by Filter": 228244}, {"Node Type": "Index Scan", "Parent Relationship": "Inner", "Scan Direction": "Forward", "Index Name": "company_id_movie_companies", "Relation Name": "movie_companies", "Alias": "mc", "Startup Cost": 0.0, "Total Cost": 11.36, "Plan Rows": 1, "Plan Width": 8, "Actual Startup Time": 82.862, "Actual Total Time": 182.042, "Actual Rows": 8495, "Actual Loops": 6752, "Index Cond": "(company_id = cn.id)", "Rows Removed by Index Recheck": 0, "Filter": "(((note)::text ~~ '%(Japan)%'::text) AND ((note)::text !~~ '%(USA)%'::text) AND (((note)::text ~~ '%(2006)%'::text) OR ((note)::text ~~ '%(2007)%'::text)))", "Rows Removed by Filter": 96500}]}, {"Node Type": "Index Scan", "Parent Relationship": "Inner", "Scan Direction": "Forward", "Index Name": "title_pkey", "Relation Name": "title", "Alias": "t", "Startup Cost": 0.0, "Total Cost": 7.86, "Plan Rows": 1, "Plan Width": 21, "Actual Startup Time": 43.82, "Actual Total Time": 43.82, "Actual Rows": 4, "Actual Loops": 8495, "Index Cond": "(id = mc.movie_id)", "Rows Removed by Index Recheck": 0, "Filter": "((production_year >= 2006) AND (production_year <= 2007) AND (((title)::text ~~ 'One Piece%'::text) OR ((title)::text ~~ 'Dragon Ball Z%'::text)))", "Rows Removed by Filter": 8491}]}, {"Node Type": "Index Scan", "Parent Relationship": "Inner", "Scan Direction": "Forward", "Index Name": "movie_id_cast_info", "Relation Name": "cast_info", "Alias": "ci", "Startup Cost": 0.0, "Total Cost": 27.88, "Plan Rows": 1, "Plan Width": 12, "Actual Startup Time": 0.107, "Actual Total Time": 0.315, "Actual Rows": 104, "Actual Loops": 4, "Index Cond": "(movie_id = mc.movie_id)", "Rows Removed by Index Recheck": 0, "Filter": "((note)::text = '(voice: English version)'::text)", "Rows Removed by Filter": 68}]}, {"Node Type": "Index Scan", "Parent Relationship": "Inner", "Scan Direction": "Forward", "Index Name": "person_id_aka_name", "Relation Name": "aka_name", "Alias": "an", "Startup Cost": 0.0, "Total Cost": 0.84, "Plan Rows": 1, "Plan Width": 20, "Actual Startup Time": 0.474, "Actual Total Time": 0.579, "Actual Rows": 171, "Actual Loops": 104, "Index Cond": "(person_id = ci.person_id)", "Rows Removed by Index Recheck": 0}]}, {"Node Type": "Index Scan", "Parent Relationship": "Inner", "Scan Direction": "Forward", "Index Name": "name_pkey", "Relation Name": "name", "Alias": "n", "Startup Cost": 0.0, "Total Cost": 0.57, "Plan Rows": 1, "Plan Width": 4, "Actual Startup Time": 0.754, "Actual Total Time": 0.754, "Actual Rows": 6, "Actual Loops": 171, "Index Cond": "(id = an.person_id)", "Rows Removed by Index Recheck": 0, "Filter": "(((name)::text ~~ '%Yo%'::text) AND ((name)::text !~~ '%Yu%'::text))", "Rows Removed by Filter": 165}]}, {"Node Type": "Index Scan", "Parent Relationship": "Inner", "Scan Direction": "Forward", "Index Name": "role_type_pkey", "Relation Name": "role_type", "Alias": "rt", "Startup Cost": 0.0, "Total Cost": 0.27, "Plan Rows": 1, "Plan Width": 4, "Actual Startup Time": 0.021, "Actual Total Time": 0.021, "Actual Rows": 6, "Actual Loops": 6, "Index Cond": "(id = ci.role_id)", "Rows Removed by Index Recheck": 0, "Filter": "((role)::text = 'actress'::text)", "Rows Removed by Filter": 0}]}]}, "Triggers": [], "Planner Runtime": 28.465, "Total Runtime": 509.196, "Unique SQL Id": 3956435728}}, "(64, '126')": {"explain_plan": {"Plan": {"Node Type": "Aggregate", "Strategy": "Plain", "Startup Cost": 309181.44, "Total Cost": 309181.45, "Plan Rows": 1, "Plan Width": 97, "Plans": [{"Node Type": "Nested Loop", "Parent Relationship": "Outer", "Join Type": "Inner", "Startup Cost": 3369.54, "Total Cost": 309181.44, "Plan Rows": 1, "Plan Width": 33, "Inner Unique": true, "Join Filter": "(an.person_id = n.id)", "Plans": [{"Node Type": "Nested Loop", "Parent Relationship": "Outer", "Join Type": "Inner", "Startup Cost": 3369.54, "Total Cost": 243941.56, "Plan Rows": 1, "Plan Width": 41, "Inner Unique": true, "Join Filter": "(mc.company_id = cn.id)", "Plans": [{"Node Type": "Nested Loop", "Parent Relationship": "Outer", "Join Type": "Inner", "Startup Cost": 3369.54, "Total Cost": 237959.49, "Plan Rows": 1, "Plan Width": 45, "Inner Unique": false, "Join Filter": "(ci.person_id = an.person_id)", "Plans": [{"Node Type": "Nested Loop", "Parent Relationship": "Outer", "Join Type": "Inner", "Startup Cost": 3369.54, "Total Cost": 206784.29, "Plan Rows": 1, "Plan Width": 25, "Inner Unique": false, "Join Filter": "(ci.movie_id = t.id)", "Plans": [{"Node Type": "Nested Loop", "Parent Relationship": "Outer", "Join Type": "Inner", "Startup Cost": 0.0, "Total Cost": 77025.27, "Plan Rows": 8790, "Plan Width": 8, "Inner Unique": false, "Join Filter": "(ci.role_id = rt.id)", "Plans": [{"Node Type": "Seq Scan", "Parent Relationship": "Outer", "Relation Name": "role_type", "Alias": "rt", "Startup Cost": 0.0, "Total Cost": 1.15, "Plan Rows": 1, "Plan Width": 4, "Filter": "((role)::text = 'actress'::text)"}, {"Node Type": "Materialize", "Parent Relationship": "Inner", "Startup Cost": 0.0, "Total Cost": 76057.2, "Plan Rows": 96692, "Plan Width": 12, "Plans": [{"Node Type": "Streaming(type: LOCAL GATHER dop: 1/64)", "Parent Relationship": "Outer", "Startup Cost": 0.0, "Total Cost": 75815.47, "Plan Rows": 96692, "Plan Width": 12, "Plans": [{"Node Type": "Seq Scan", "Parent Relationship": "Outer", "Relation Name": "cast_info", "Alias": "ci", "Startup Cost": 0.0, "Total Cost": 73820.73, "Plan Rows": 96692, "Plan Width": 12, "Filter": "((note)::text = '(voice: English version)'::text)"}]}]}]}, {"Node Type": "Materialize", "Parent Relationship": "Inner", "Startup Cost": 3369.54, "Total Cost": 129495.32, "Plan Rows": 2, "Plan Width": 29, "Plans": [{"Node Type": "Nested Loop", "Parent Relationship": "Outer", "Join Type": "Inner", "Startup Cost": 3369.54, "Total Cost": 129495.31, "Plan Rows": 2, "Plan Width": 29, "Inner Unique": true, "Join Filter": "(mc.movie_id = t.id)", "Plans": [{"Node Type": "Streaming(type: LOCAL GATHER dop: 1/64)", "Parent Relationship": "Outer", "Startup Cost": 0.0, "Total Cost": 64095.15, "Plan Rows": 1652, "Plan Width": 8, "Plans": [{"Node Type": "Seq Scan", "Parent Relationship": "Outer", "Relation Name": "movie_companies", "Alias": "mc", "Startup Cost": 0.0, "Total Cost": 64061.07, "Plan Rows": 1652, "Plan Width": 8, "Filter": "(((note)::text ~~ '%(Japan)%'::text) AND ((note)::text !~~ '%(USA)%'::text) AND (((note)::text ~~ '%(2006)%'::text) OR ((note)::text ~~ '%(2007)%'::text)))"}]}, {"Node Type": "Materialize", "Parent Relationship": "Inner", "Startup Cost": 3369.54, "Total Cost": 64334.73, "Plan Rows": 43, "Plan Width": 21, "Plans": [{"Node Type": "Streaming(type: LOCAL GATHER dop: 1/64)", "Parent Relationship": "Outer", "Startup Cost": 3369.54, "Total Cost": 64334.52, "Plan Rows": 43, "Plan Width": 21, "Plans": [{"Node Type": "Seq Scan", "Parent Relationship": "Outer", "Relation Name": "title", "Alias": "t", "Startup Cost": 3369.54, "Total Cost": 64333.63, "Plan Rows": 43, "Plan Width": 21, "Filter": "((production_year >= 2006) AND (production_year <= 2007) AND (((title)::text ~~ 'One Piece%'::text) OR ((title)::text ~~ 'Dragon Ball Z%'::text)))"}]}]}]}]}]}, {"Node Type": "Seq Scan", "Parent Relationship": "Inner", "Relation Name": "aka_name", "Alias": "an", "Startup Cost": 0.0, "Total Cost": 19908.42, "Plan Rows": 901342, "Plan Width": 20}]}, {"Node Type": "Seq Scan", "Parent Relationship": "Inner", "Relation Name": "company_name", "Alias": "cn", "Startup Cost": 0.0, "Total Cost": 5903.45, "Plan Rows": 6290, "Plan Width": 4, "Filter": "((country_code)::text = '[jp]'::text)"}]}, {"Node Type": "Materialize", "Parent Relationship": "Inner", "Startup Cost": 0.0, "Total Cost": 65101.02, "Plan Rows": 13886, "Plan Width": 4, "Plans": [{"Node Type": "Streaming(type: LOCAL GATHER dop: 1/64)", "Parent Relationship": "Outer", "Startup Cost": 0.0, "Total Cost": 65066.3, "Plan Rows": 13886, "Plan Width": 4, "Plans": [{"Node Type": "Seq Scan", "Parent Relationship": "Outer", "Relation Name": "name", "Alias": "n", "Startup Cost": 0.0, "Total Cost": 64779.83, "Plan Rows": 13886, "Plan Width": 4, "Filter": "(((name)::text ~~ '%Yo%'::text) AND ((name)::text !~~ '%Yu%'::text))"}]}]}]}]}, "Unique SQL Id": 3956435728, "Planner Runtime": 15}, "explain_analyze_plan": null}, "(64, '127')": {"explain_plan": {"Plan": {"Node Type": "Aggregate", "Strategy": "Plain", "Startup Cost": 7000171740968.88, "Total Cost": 7000171740968.89, "Plan Rows": 1, "Plan Width": 97, "Plans": [{"Node Type": "Nested Loop", "Parent Relationship": "Outer", "Join Type": "Inner", "Startup Cost": 70000000000.0, "Total Cost": 7000171740968.87, "Plan Rows": 1, "Plan Width": 33, "Inner Unique": true, "Join Filter": "(ci.role_id = rt.id)", "Plans": [{"Node Type": "Nested Loop", "Parent Relationship": "Outer", "Join Type": "Inner", "Startup Cost": 60000000000.0, "Total Cost": 6000171739722.86, "Plan Rows": 1, "Plan Width": 37, "Inner Unique": true, "Plans": [{"Node Type": "Nested Loop", "Parent Relationship": "Outer", "Join Type": "Inner", "Startup Cost": 50000000000.0, "Total Cost": 5000171739665.63, "Plan Rows": 1, "Plan Width": 45, "Inner Unique": true, "Plans": [{"Node Type": "Nested Loop", "Parent Relationship": "Outer", "Join Type": "Inner", "Startup Cost": 40000000000.0, "Total Cost": 4000171739228.2, "Plan Rows": 1, "Plan Width": 49, "Inner Unique": false, "Plans": [{"Node Type": "Nested Loop", "Parent Relationship": "Outer", "Join Type": "Inner", "Startup Cost": 30000000000.0, "Total Cost": 3000171739143.81, "Plan Rows": 1, "Plan Width": 29, "Inner Unique": false, "Join Filter": "(t.id = ci.movie_id)", "Plans": [{"Node Type": "Index Scan", "Parent Relationship": "Outer", "Scan Direction": "Forward", "Index Name": "role_id_cast_info", "Relation Name": "cast_info", "Alias": "ci", "Startup Cost": 10000000000.0, "Total Cost": 1000143218339.5, "Plan Rows": 96692, "Plan Width": 12, "Filter": "((note)::text = '(voice: English version)'::text)"}, {"Node Type": "Materialize", "Parent Relationship": "Inner", "Startup Cost": 20000000000.0, "Total Cost": 2000028517903.55, "Plan Rows": 2, "Plan Width": 29, "Plans": [{"Node Type": "Nested Loop", "Parent Relationship": "Outer", "Join Type": "Inner", "Startup Cost": 20000000000.0, "Total Cost": 2000028517903.54, "Plan Rows": 2, "Plan Width": 29, "Inner Unique": true, "Join Filter": "(mc.movie_id = t.id)", "Plans": [{"Node Type": "Index Scan", "Parent Relationship": "Outer", "Scan Direction": "Forward", "Index Name": "company_id_movie_companies", "Relation Name": "movie_companies", "Alias": "mc", "Startup Cost": 10000000000.0, "Total Cost": 1000014976477.98, "Plan Rows": 1652, "Plan Width": 8, "Filter": "(((note)::text ~~ '%(Japan)%'::text) AND ((note)::text !~~ '%(USA)%'::text) AND (((note)::text ~~ '%(2006)%'::text) OR ((note)::text ~~ '%(2007)%'::text)))"}, {"Node Type": "Materialize", "Parent Relationship": "Inner", "Startup Cost": 10000000000.0, "Total Cost": 1000013540360.13, "Plan Rows": 43, "Plan Width": 21, "Plans": [{"Node Type": "Index Scan", "Parent Relationship": "Outer", "Scan Direction": "Forward", "Index Name": "title_pkey", "Relation Name": "title", "Alias": "t", "Startup Cost": 10000000000.0, "Total Cost": 1000013540359.91, "Plan Rows": 43, "Plan Width": 21, "Filter": "((production_year >= 2006) AND (production_year <= 2007) AND (((title)::text ~~ 'One Piece%'::text) OR ((title)::text ~~ 'Dragon Ball Z%'::text)))"}]}]}]}]}, {"Node Type": "Index Scan", "Parent Relationship": "Inner", "Scan Direction": "Forward", "Index Name": "person_id_aka_name", "Relation Name": "aka_name", "Alias": "an", "Startup Cost": 10000000000.0, "Total Cost": 1000000000084.38, "Plan Rows": 1, "Plan Width": 20, "Index Cond": "(person_id = ci.person_id)"}]}, {"Node Type": "Index Scan", "Parent Relationship": "Inner", "Scan Direction": "Forward", "Index Name": "company_name_pkey", "Relation Name": "company_name", "Alias": "cn", "Startup Cost": 10000000000.0, "Total Cost": 1000000000437.42, "Plan Rows": 1, "Plan Width": 4, "Index Cond": "(id = mc.company_id)", "Filter": "((country_code)::text = '[jp]'::text)"}]}, {"Node Type": "Index Scan", "Parent Relationship": "Inner", "Scan Direction": "Forward", "Index Name": "name_pkey", "Relation Name": "name", "Alias": "n", "Startup Cost": 10000000000.0, "Total Cost": 1000000000057.22, "Plan Rows": 1, "Plan Width": 4, "Index Cond": "(id = an.person_id)", "Filter": "(((name)::text ~~ '%Yo%'::text) AND ((name)::text !~~ '%Yu%'::text))"}]}, {"Node Type": "Index Scan", "Parent Relationship": "Inner", "Scan Direction": "Forward", "Index Name": "role_type_pkey", "Relation Name": "role_type", "Alias": "rt", "Startup Cost": 10000000000.0, "Total Cost": 1000000001246.0, "Plan Rows": 1, "Plan Width": 4, "Filter": "((role)::text = 'actress'::text)"}]}]}, "Unique SQL Id": 3956435728, "Planner Runtime": 8}, "explain_analyze_plan": null}}